TRXV5
3
4
4
9
string Extension=J
integer IsArchMeasurement=1
integer IsSpherical=1
string Generator=SPM
string GeneratorVersion=1.3.1 Dev
double ArchRadius=0.449999988079071
integer FrequencyAxisIndex=0
integer AzimuthAxisIndex=1
integer ElevationAxisIndex=2
Frequency
5 136 690000000 960000000 LIN
Azimuth
7 8 0 2.74889357189107 LIN
Elevation
7 15 -2.74889357189107 2.74889357189107 LIN
Polar H Real Part
13
Polar H Imaginary Part
14
Polar V Real Part
13
Polar V Imaginary Part
14
Polar H Magnitude (dB)
12 0xC0000002 0 1
Polar H Phase
7 0xC0000003 0 1
Polar V Magnitude (dB)
12 0xC0000002 2 3
Polar V Phase
7 0xC0000003 2 3
0.00680541992187501 0.0953598022460938 0.128067016601563 -0.0347518920898438
0.0819320678710938 0.0483322143554687 0.0802154541015625 0.0200119018554688
0.0649147033691406 -0.034088134765625 0.0925979614257812 0.0288925170898437
0.0195808410644531 -0.0566520690917969 0.129814147949219 -0.008148193359375
-0.0124549865722656 -0.0501174926757813 0.124282836914063 -0.0634841918945313
-0.0416603088378906 -0.0461578369140625 0.08734130859375 -0.110877990722656
-0.0427322387695313 -0.0347480773925781 0.0581207275390625 -0.106597900390625
-0.0333518981933594 -0.0381965637207031 0.0408248901367188 -0.0707855224609375
-0.0252342224121094 -0.059783935546875 0.0235137939453125 -0.0278167724609375
0.0175399780273437 -0.0586166381835938 -0.00838375091552734 -0.00649356842041016
0.0559158325195313 -0.02764892578125 -0.0586509704589844 -0.0287818908691406
0.0603561401367188 0.01220703125 -0.059478759765625 -0.0928878784179688
0.0281753540039062 0.0646514892578125 0.0167083740234375 -0.177764892578125
-0.0158538818359375 0.0896835327148438 0.0743865966796875 -0.175048828125
-0.0551376342773438 0.082244873046875 0.042327880859375 -0.111549377441406
-0.026336669921875 0.121627807617188 0.124870300292969 0.00475311279296876
0.0618743896484375 0.0924606323242188 0.0791549682617188 0.0571670532226563
0.073944091796875 0.006317138671875 0.100143432617188 0.0576629638671875
0.0488052368164063 -0.0312271118164063 0.144210815429688 0.0179901123046875
0.0228080749511719 -0.0449028015136719 0.141555786132813 -0.0417022705078125
-0.003631591796875 -0.0616607666015625 0.109580993652344 -0.097686767578125
-0.0129203796386719 -0.0577850341796875 0.0752639770507813 -0.0936737060546875
-0.00538253784179688 -0.0548362731933594 0.0512123107910156 -0.0557746887207031
0.00652313232421875 -0.0736083984375 0.0290031433105469 -0.00686454772949219
0.0484657287597656 -0.0606460571289063 -0.0102977752685547 0.0179977416992187
0.080108642578125 -0.015289306640625 -0.0698699951171875 -0.00239562988281251
0.0776824951171875 0.0356063842773438 -0.0831680297851563 -0.0676651000976563
0.026702880859375 0.0936355590820313 -0.0234527587890625 -0.16119384765625
-0.034088134765625 0.118133544921875 0.0327301025390625 -0.152236938476563
-0.079254150390625 0.108230590820313 0.00732421875 -0.0834884643554688
-0.06219482421875 0.129829406738281 0.102806091308594 0.0533447265625
0.0237960815429688 0.126861572265625 0.0628280639648437 0.106002807617188
0.0675544738769531 0.054718017578125 0.101654052734375 0.0977249145507813
0.0718460083007813 0.00862884521484375 0.1514892578125 0.052215576171875
0.0596084594726563 -0.0254440307617187 0.150741577148438 -0.013824462890625
0.0411453247070313 -0.0649070739746094 0.123023986816406 -0.074493408203125
0.022003173828125 -0.0718307495117187 0.0815963745117188 -0.07098388671875
0.0223579406738281 -0.062286376953125 0.0525398254394531 -0.0312652587890625
0.0341567993164063 -0.0779647827148438 0.0267848968505859 0.0188884735107422
0.0683822631835938 -0.0597419738769531 -0.0152740478515625 0.0449981689453125
0.09100341796875 -0.0100860595703125 -0.0791168212890625 0.0287322998046875
0.0880203247070313 0.0410690307617188 -0.104057312011719 -0.0341949462890625
0.0367660522460937 0.103408813476563 -0.06353759765625 -0.131416320800781
-0.03326416015625 0.130767822265625 -0.0104522705078125 -0.11492919921875
-0.0867996215820313 0.119720458984375 -0.03204345703125 -0.0458641052246094
-0.0902481079101563 0.115814208984375 0.0625991821289062 0.100723266601563
-0.0217437744140625 0.138381958007813 0.02838134765625 0.155685424804688
0.0431137084960937 0.0954437255859375 0.0880584716796875 0.140609741210938
0.0783767700195313 0.0533447265625 0.14459228515625 0.087890625
0.0853347778320313 0.00397491455078125 0.143997192382813 0.0168304443359375
0.0795745849609375 -0.0535125732421875 0.122032165527344 -0.0443038940429688
0.0532989501953125 -0.0729446411132812 0.0753021240234375 -0.0402145385742188
0.0455665588378906 -0.0612602233886719 0.0445137023925781 -0.00303268432617188
0.054290771484375 -0.0726470947265625 0.0195198059082031 0.04534912109375
0.0791015625 -0.0537033081054687 -0.020751953125 0.0711898803710937
0.0909652709960937 -0.0066986083984375 -0.0807876586914062 0.0587081909179688
0.0860061645507812 0.0394363403320313 -0.111663818359375 0.000732421875000024
0.0417098999023438 0.0969085693359375 -0.0878753662109375 -0.0908203125
-0.0257568359375 0.124755859375 -0.0395622253417969 -0.0673561096191406
-0.0843429565429688 0.114593505859375 -0.0660133361816406 -0.00266647338867187
-0.0978927612304687 0.0813064575195313 0.0133132934570313 0.136093139648438
-0.05853271484375 0.118606567382813 -0.020233154296875 0.193222045898438
0.00855255126953126 0.109596252441406 0.0595855712890625 0.174362182617187
0.061126708984375 0.0860061645507813 0.120697021484375 0.116241455078125
0.0882415771484375 0.0342941284179688 0.12225341796875 0.0407180786132813
0.100143432617187 -0.0289840698242188 0.103111267089844 -0.014251708984375
0.0753250122070313 -0.0601882934570313 0.0564079284667969 -0.00791549682617188
0.0610237121582031 -0.0507736206054688 0.0283946990966797 0.0261039733886719
0.0680770874023438 -0.0593223571777344 0.00897216796875001 0.07000732421875
0.0830078125 -0.0403060913085938 -0.0270767211914062 0.0919418334960937
0.08465576171875 0.0013580322265625 -0.078887939453125 0.0800857543945313
0.074920654296875 0.0402679443359375 -0.107749938964844 0.0271148681640625
0.0329208374023438 0.0850982666015625 -0.0933685302734375 -0.0523147583007813
-0.0272750854492188 0.102378845214844 -0.053070068359375 -0.0209083557128906
-0.080810546875 0.0886459350585938 -0.0931625366210938 0.035919189453125
-0.0800247192382813 0.0337600708007812 -0.031982421875 0.153762817382813
-0.0706024169921875 0.0732498168945313 -0.0668487548828125 0.209197998046875
-0.0219802856445313 0.0892257690429688 0.0263519287109375 0.190673828125
0.0269393920898438 0.0887527465820312 0.0888671875 0.127700805664063
0.0658226013183594 0.0533905029296875 0.0909576416015625 0.0512619018554688
0.0947341918945312 0.00128173828125 0.0721969604492188 0.00872039794921875
0.0820846557617188 -0.0349273681640625 0.0294761657714844 0.0190296173095703
0.0666007995605469 -0.0327339172363281 0.0073394775390625 0.0510520935058594
0.0726776123046875 -0.0393524169921875 -0.0068359375 0.0891571044921875
0.0825271606445313 -0.0206985473632813 -0.0376129150390625 0.105216979980469
0.074981689453125 0.015289306640625 -0.078948974609375 0.0896377563476563
0.0563468933105469 0.0485382080078125 -0.101425170898438 0.0386581420898437
0.00991821289062499 0.0743942260742188 -0.08917236328125 -0.0259170532226563
-0.0407485961914063 0.0705490112304688 -0.0580978393554687 0.011383056640625
-0.0781631469726563 0.046844482421875 -0.113449096679688 0.0634536743164062
-0.0424232482910156 -0.0154609680175781 -0.059783935546875 0.153793334960937
-0.0541839599609375 0.0160140991210938 -0.0949249267578125 0.205230712890625
-0.0347938537597656 0.0416603088378906 0.00106811523437501 0.189239501953125
-0.00912094116210937 0.0606498718261719 0.06304931640625 0.124046325683594
0.0260238647460938 0.0533065795898438 0.0644035339355469 0.0482711791992187
0.066375732421875 0.0275115966796875 0.0403480529785156 0.018157958984375
0.0722427368164063 -0.004425048828125 0.00195312500000001 0.0358123779296875
0.0613632202148437 -0.01019287109375 -0.0149269104003906 0.0694656372070312
0.069061279296875 -0.0163917541503906 -0.0252761840820312 0.103042602539063
0.0750961303710938 0.00179290771484375 -0.053741455078125 0.111701965332031
0.06195068359375 0.0317420959472656 -0.0855178833007813 0.0895843505859375
0.0361671447753906 0.0589752197265625 -0.0995941162109375 0.03887939453125
-0.0190391540527344 0.0662879943847656 -0.0853118896484375 -0.0142745971679687
-0.0597190856933594 0.034820556640625 -0.0638961791992188 0.0247879028320313
-0.07489013671875 -0.00395202636718751 -0.1304931640625 0.07080078125
0.00289535522460938 -0.0599632263183594 -0.06219482421875 0.140640258789062
-0.0208015441894531 -0.0391693115234375 -0.096099853515625 0.189910888671875
-0.0293827056884766 -0.0136814117431641 -0.00390625000000001 0.179595947265625
-0.0363922119140625 0.0153541564941406 0.0553512573242188 0.110519409179688
-0.0159454345703125 0.0375938415527344 0.0526275634765625 0.03533935546875
0.0255851745605469 0.0456466674804688 0.0164432525634766 0.0140199661254883
0.0495376586914063 0.026824951171875 -0.0213851928710937 0.0391769409179688
0.0460777282714844 0.0142745971679688 -0.03582763671875 0.0778732299804687
0.0553436279296875 0.00856399536132812 -0.0461883544921875 0.109970092773438
0.0591583251953125 0.0249404907226563 -0.0749130249023438 0.11175537109375
0.0435104370117188 0.0440483093261719 -0.10028076171875 0.0836563110351563
0.0129241943359375 0.0638618469238281 -0.106735229492188 0.0310745239257813
-0.045440673828125 0.0526275634765625 -0.08807373046875 -0.0173187255859375
-0.0733489990234375 -0.00305938720703124 -0.0754470825195313 0.02032470703125
-0.0647125244140625 -0.0556297302246094 -0.1451416015625 0.060455322265625
0.02593994140625 0.104774475097656 0.146392822265625 -0.0502166748046875
0.102134704589844 0.0390472412109375 0.0953903198242188 0.0086669921875
0.0678749084472656 -0.0513687133789063 0.0994110107421875 0.017913818359375
0.0110626220703125 -0.0695266723632813 0.135231018066406 -0.0210723876953125
-0.0256538391113281 -0.055511474609375 0.126174926757813 -0.0779037475585938
-0.0592842102050781 -0.0435905456542969 0.0838623046875 -0.124412536621094
-0.0564994812011719 -0.0297317504882812 0.056610107421875 -0.121345520019531
-0.0463218688964844 -0.0348548889160156 0.0424652099609375 -0.0814285278320313
-0.0431365966796875 -0.06085205078125 0.0312423706054688 -0.0329437255859375
0.00576400756835937 -0.0694503784179688 -0.000948905944824218 -0.00363731384277344
0.0575599670410156 -0.0442466735839844 -0.0607147216796875 -0.017913818359375
0.07208251953125 0.00054931640625 -0.0727157592773437 -0.0857925415039063
0.0464401245117188 0.0696792602539063 -0.0045013427734375 -0.189712524414063
-0.000854492187500005 0.108863830566406 0.0641326904296875 -0.197128295898437
-0.0458450317382812 0.106956481933594 0.04412841796875 -0.123008728027344
-0.01220703125 0.136192321777344 0.148391723632813 -0.00393676757812499
0.081207275390625 0.0901565551757813 0.0998611450195313 0.0493316650390625
0.0797576904296875 -0.006744384765625 0.113189697265625 0.0481414794921875
0.0448112487792969 -0.0423965454101563 0.154998779296875 0.0055999755859375
0.0144119262695312 -0.0510787963867188 0.148818969726563 -0.0576171875
-0.0172691345214844 -0.0634498596191406 0.111083984375 -0.114639282226562
-0.0240592956542969 -0.0575065612792969 0.0775222778320313 -0.110214233398438
-0.0157585144042969 -0.0559310913085938 0.0580024719238281 -0.0680656433105469
-0.00699615478515626 -0.0788192749023437 0.0407638549804688 -0.0122489929199219
0.0416946411132812 -0.0729293823242188 0.00261306762695313 0.0228614807128906
0.0848922729492188 -0.0295791625976563 -0.0674934387207031 0.011871337890625
0.0914306640625 0.0265884399414063 -0.0944061279296875 -0.05511474609375
0.0439453125 0.102516174316406 -0.0443267822265625 -0.16583251953125
-0.022735595703125 0.14068603515625 0.0225677490234375 -0.165725708007812
-0.074615478515625 0.135025024414063 0.00914001464843749 -0.0857467651367187
-0.056488037109375 0.147354125976563 0.130844116210937 0.0522003173828125
0.03857421875 0.132148742675781 0.08868408203125 0.104934692382813
0.0756301879882813 0.049163818359375 0.119880676269531 0.0907516479492188
0.0743789672851563 0.00193023681640625 0.167770385742187 0.0410003662109375
0.0575294494628906 -0.0323562622070313 0.16326904296875 -0.028839111328125
0.0330657958984375 -0.0719528198242187 0.129875183105469 -0.0931015014648438
0.0148162841796875 -0.077056884765625 0.0876617431640625 -0.0872344970703125
0.0174064636230469 -0.0669364929199219 0.0623931884765625 -0.0433540344238281
0.0261001586914063 -0.0858383178710938 0.0422096252441406 0.0141944885253906
0.066741943359375 -0.0719528198242188 0.00121307373046875 0.0509185791015625
0.0974502563476563 -0.02105712890625 -0.0719070434570313 0.0446548461914062
0.101448059082031 0.0361099243164063 -0.109962463378906 -0.0168228149414062
0.0502853393554688 0.112091064453125 -0.08233642578125 -0.127418518066406
-0.025238037109375 0.152145385742188 -0.01812744140625 -0.118850708007812
-0.08648681640625 0.145782470703125 -0.0301437377929688 -0.03936767578125
-0.0931854248046875 0.132354736328125 0.0904769897460938 0.109230041503906
-0.0156707763671875 0.150115966796875 0.0557098388671875 0.16448974609375
0.0504150390625 0.0985107421875 0.111495971679688 0.139076232910156
0.0862350463867188 0.05291748046875 0.165328979492188 0.080047607421875
0.090362548828125 -0.00092315673828125 0.1600341796875 0.0030975341796875
0.080291748046875 -0.0628128051757813 0.130989074707031 -0.0617523193359375
0.0526123046875 -0.0824508666992188 0.083343505859375 -0.0539932250976563
0.0459403991699219 -0.0685195922851563 0.0558624267578125 -0.0120315551757813
0.0540771484375 -0.0821151733398438 0.0368080139160156 0.0429306030273437
0.0821380615234375 -0.0642166137695313 -0.00209045410156249 0.07763671875
0.099609375 -0.0135345458984375 -0.0702362060546875 0.0746688842773437
0.0987319946289062 0.0384063720703125 -0.112930297851563 0.0199356079101562
0.0518569946289062 0.105766296386719 -0.101776123046875 -0.0810928344726563
-0.022796630859375 0.142669677734375 -0.0446510314941406 -0.0631446838378906
-0.0891342163085937 0.136787414550781 -0.0642242431640625 0.011077880859375
-0.108840942382813 0.091522216796875 0.0361785888671875 0.154129028320313
-0.0623321533203125 0.132369995117188 0.00692749023437502 0.212478637695312
0.0105819702148437 0.119796752929688 0.08551025390625 0.179519653320313
0.0705413818359375 0.0933990478515625 0.143417358398438 0.111495971679688
0.0989837646484375 0.0347442626953125 0.138282775878906 0.0304718017578125
0.108879089355469 -0.0377578735351563 0.113525390625 -0.0279464721679688
0.0804977416992188 -0.0714111328125 0.0651283264160156 -0.0174751281738281
0.0669441223144531 -0.0600395202636719 0.03887939453125 0.0208053588867187
0.0735702514648438 -0.0695419311523438 0.0247268676757813 0.0689201354980469
0.091644287109375 -0.0491790771484375 -0.00893402099609374 0.0984573364257812
0.0953292846679688 -0.00159454345703125 -0.0660018920898437 0.0940780639648438
0.0855255126953125 0.0440673828125 -0.105552673339844 0.0453414916992188
0.0382919311523438 0.09521484375 -0.101417541503906 -0.0395736694335937
-0.02960205078125 0.117347717285156 -0.0544090270996094 -0.0113487243652344
-0.0906524658203125 0.105659484863281 -0.091888427734375 0.0552902221679687
-0.0968017578125 0.0359878540039062 -0.016632080078125 0.177398681640625
-0.0835647583007813 0.0818023681640625 -0.045013427734375 0.235763549804688
-0.0270004272460937 0.101531982421875 0.0512847900390625 0.201614379882813
0.0326919555664062 0.101829528808594 0.10992431640625 0.126655578613281
0.0777053833007813 0.060211181640625 0.104141235351563 0.0438385009765625
0.109542846679687 -0.00357818603515625 0.0809783935546875 -0.0011138916015625
0.0928115844726563 -0.0470046997070313 0.0360794067382813 0.0144119262695312
0.076324462890625 -0.0416946411132813 0.0169830322265625 0.0513114929199219
0.0838394165039062 -0.0491104125976563 0.00730133056640625 0.0915374755859375
0.0951690673828125 -0.0280075073242188 -0.0216217041015625 0.112411499023438
0.0879898071289062 0.0156021118164062 -0.0675888061523437 0.10247802734375
0.0675277709960938 0.0564346313476563 -0.0969619750976563 0.0544281005859375
0.0115814208984375 0.0882492065429688 -0.0926055908203125 -0.012969970703125
-0.0505752563476563 0.0838851928710938 -0.0578384399414062 0.023956298828125
-0.0948715209960938 0.0576705932617188 -0.114822387695313 0.0838775634765625
-0.05950927734375 -0.0235214233398438 -0.050872802734375 0.179168701171875
-0.0723800659179688 0.0162582397460938 -0.080322265625 0.234649658203125
-0.0461692810058594 0.049957275390625 0.0238037109375 0.202682495117188
-0.0106201171875 0.0763320922851563 0.0811920166015625 0.123344421386719
0.0350837707519531 0.0651817321777344 0.0730819702148438 0.0422744750976563
0.084136962890625 0.028656005859375 0.0439300537109375 0.0130615234375
0.087982177734375 -0.0126953125 0.00517272949218751 0.0370407104492188
0.074737548828125 -0.0177154541015625 -0.00810241699218749 0.0738906860351562
0.0832366943359375 -0.0251541137695312 -0.015167236328125 0.108856201171875
0.0919647216796875 -0.00342559814453125 -0.041839599609375 0.120445251464844
0.0772552490234375 0.0335464477539063 -0.0772628784179688 0.101936340332031
0.0485916137695312 0.0691909790039063 -0.0966720581054688 0.0528106689453125
-0.0198898315429688 0.0821914672851562 -0.0882034301757812 -0.00194549560546875
-0.0745162963867188 0.0472412109375 -0.0654983520507813 0.03936767578125
-0.09649658203125 0.000465393066406251 -0.137725830078125 0.0925979614257812
-0.011260986328125 -0.0767364501953125 -0.059661865234375 0.161056518554687
-0.0391464233398437 -0.0487403869628906 -0.085784912109375 0.217147827148438
-0.0444297790527344 -0.0125694274902344 0.018402099609375 0.191329956054688
-0.0450897216796875 0.0287208557128906 0.0706558227539063 0.107620239257813
-0.0121498107910156 0.0528907775878906 0.0557518005371094 0.0274200439453125
0.0413894653320313 0.0529441833496094 0.0144872665405273 0.0102996826171875
0.0669097900390625 0.0230216979980469 -0.0240859985351563 0.0446014404296875
0.0606193542480469 0.00909423828125 -0.032928466796875 0.0862655639648438
0.0708465576171875 0.0030364990234375 -0.0399398803710937 0.120384216308594
0.0762252807617188 0.0205917358398438 -0.0672073364257812 0.123245239257813
0.0582122802734375 0.0482330322265625 -0.0965118408203125 0.0968856811523438
0.024627685546875 0.0752487182617188 -0.106063842773438 0.043212890625
-0.0486259460449219 0.069580078125 -0.0920257568359375 -0.00492095947265626
-0.0911178588867188 0.00650024414062501 -0.0819473266601562 0.0350189208984375
-0.0889892578125 -0.0572662353515625 -0.15814208984375 0.0795745849609375
0.048797607421875 0.106269836425781 0.157928466796875 -0.0707550048828125
0.117691040039062 0.0221481323242187 0.104385375976563 -0.00824737548828125
0.0631332397460938 -0.0685386657714844 0.101364135742188 0.00602722167968749
-0.00172424316406249 -0.0773468017578125 0.134468078613281 -0.0329055786132813
-0.0399398803710937 -0.0551185607910156 0.123222351074219 -0.0907135009765625
-0.0744094848632813 -0.0340194702148438 0.0773849487304688 -0.133842468261719
-0.0672836303710938 -0.0190963745117187 0.050689697265625 -0.131950378417969
-0.0574455261230469 -0.0261497497558594 0.042205810546875 -0.0916900634765625
-0.0609321594238281 -0.0546722412109375 0.0366477966308594 -0.0408096313476562
-0.0102005004882813 -0.0759506225585938 0.00868749618530273 -0.00449180603027344
0.0514030456542969 -0.0601768493652344 -0.0559196472167969 -0.00748443603515625
0.0780868530273438 -0.0145950317382813 -0.0804367065429688 -0.0742263793945313
0.0651283264160156 0.0677375793457031 -0.0259857177734375 -0.1907958984375
0.0220489501953125 0.120933532714844 0.0484466552734375 -0.212753295898438
-0.0274658203125 0.1258544921875 0.0435256958007813 -0.132850646972656
0.00564575195312501 0.143341064453125 0.16827392578125 -0.0220794677734375
0.09759521484375 0.0798797607421875 0.115814208984375 0.0334014892578125
0.0789337158203125 -0.0202255249023438 0.119392395019531 0.0348358154296875
0.0369949340820313 -0.0499229431152344 0.158645629882813 -0.0077056884765625
0.00363540649414063 -0.053955078125 0.150253295898438 -0.0720062255859375
-0.0306930541992187 -0.0597572326660156 0.10797119140625 -0.129188537597656
-0.0343055725097656 -0.0526618957519531 0.07501220703125 -0.1260986328125
-0.0249824523925781 -0.0521316528320313 0.0600051879882813 -0.08203125
-0.0216445922851563 -0.0773544311523438 0.0514678955078125 -0.0228004455566406
0.029998779296875 -0.0818099975585938 0.0172691345214844 0.0207099914550781
0.0834197998046875 -0.0447616577148438 -0.0574378967285156 0.0234336853027344
0.100555419921875 0.014068603515625 -0.0967330932617188 -0.0388565063476563
0.06280517578125 0.103691101074219 -0.0637664794921875 -0.159835815429688
-0.003021240234375 0.156906127929688 0.0114898681640625 -0.173416137695313
-0.060577392578125 0.158676147460938 0.01300048828125 -0.0876617431640625
-0.0455322265625 0.159378051757813 0.156631469726563 0.0408935546875
0.0524826049804688 0.131027221679688 0.112174987792969 0.09332275390625
0.0791015625 0.0415802001953125 0.132537841796875 0.0778732299804688
0.0732345581054688 -0.0045013427734375 0.176849365234375 0.026336669921875
0.0530014038085938 -0.0375328063964844 0.168563842773438 -0.0461578369140625
0.0239486694335938 -0.0736846923828125 0.128593444824219 -0.111038208007813
0.00701141357421875 -0.078399658203125 0.0879974365234375 -0.104324340820313
0.0113563537597656 -0.0691566467285156 0.0676651000976562 -0.0587310791015625
0.0169830322265625 -0.0891876220703125 0.0555305480957031 0.00315093994140624
0.060333251953125 -0.081146240234375 0.0199928283691406 0.0484619140625
0.100135803222656 -0.0329360961914063 -0.0577125549316406 0.0564994812011719
0.111602783203125 0.0269088745117187 -0.106849670410156 0.00167083740234377
0.066131591796875 0.115493774414063 -0.096038818359375 -0.115623474121094
-0.010833740234375 0.168716430664062 -0.0253219604492187 -0.119003295898438
-0.07781982421875 0.169082641601562 -0.0234546661376953 -0.0335159301757812
-0.092132568359375 0.147079467773438 0.119796752929688 0.106285095214844
-0.00782775878906251 0.158279418945313 0.08477783203125 0.1602783203125
0.05694580078125 0.0998611450195312 0.130439758300781 0.128150939941406
0.0924301147460938 0.05157470703125 0.178848266601562 0.0656280517578125
0.093597412109375 -0.00621795654296875 0.168533325195313 -0.0138092041015625
0.0775985717773438 -0.0707855224609375 0.133148193359375 -0.0799636840820312
0.0490570068359375 -0.0903244018554687 0.0872955322265625 -0.06903076171875
0.0447235107421875 -0.0757598876953125 0.0625343322753906 -0.0258064270019531
0.0508956909179688 -0.0895919799804688 0.0513763427734375 0.0316314697265625
0.0819854736328125 -0.0745010375976563 0.018310546875 0.073638916015625
0.105461120605469 -0.0220184326171875 -0.052642822265625 0.0838546752929688
0.10931396484375 0.03326416015625 -0.104606628417969 0.0373153686523438
0.063385009765625 0.110343933105469 -0.108062744140625 -0.0663299560546875
-0.01470947265625 0.158279418945313 -0.0451011657714844 -0.057220458984375
-0.0862274169921875 0.1575927734375 -0.0550880432128906 0.0224342346191406
-0.117393493652344 0.105758666992187 0.064727783203125 0.16058349609375
-0.0633544921875 0.146286010742187 0.03790283203125 0.218048095703125
0.0151748657226562 0.128791809082031 0.109634399414063 0.1729736328125
0.0811843872070312 0.0978469848632812 0.159225463867188 0.09954833984375
0.109375 0.031890869140625 0.14715576171875 0.0152587890625
0.1148681640625 -0.0481491088867188 0.117713928222656 -0.0439453125
0.0820388793945313 -0.0835723876953125 0.0694999694824219 -0.0292167663574219
0.0696868896484375 -0.0700645446777344 0.0475959777832031 0.0111885070800781
0.0761642456054688 -0.0804443359375 0.0387077331542969 0.0606193542480469
0.0965652465820312 -0.0598907470703125 0.0106048583984375 0.0947647094726563
0.105369567871094 -0.00743865966796875 -0.0488052368164063 0.10137939453125
0.0975418090820312 0.0438995361328125 -0.0935821533203125 0.0588531494140625
0.045623779296875 0.102973937988281 -0.102180480957031 -0.0255203247070312
-0.0289993286132813 0.132026672363281 -0.05029296875 -0.00194931030273436
-0.0952529907226563 0.124130249023437 -0.0830001831054688 0.0715255737304688
-0.113227844238281 0.044036865234375 0.00726318359375 0.192306518554688
-0.0948028564453125 0.0953369140625 -0.0171966552734375 0.249984741210938
-0.02789306640625 0.115058898925781 0.076080322265625 0.19964599609375
0.0421371459960938 0.1134033203125 0.1260986328125 0.117584228515625
0.09130859375 0.0629501342773438 0.112136840820313 0.0326156616210938
0.12255859375 -0.0134811401367188 0.0844879150390625 -0.0118484497070313
0.100555419921875 -0.0602645874023438 0.0407676696777344 0.00911331176757812
0.083526611328125 -0.05413818359375 0.0255241394042969 0.0465240478515625
0.0904998779296875 -0.0625381469726563 0.0202484130859375 0.0871124267578125
0.106208801269531 -0.0397186279296875 -0.00459289550781249 0.110336303710938
0.101791381835938 0.0121307373046875 -0.051971435546875 0.108161926269531
0.08160400390625 0.0600662231445312 -0.0863494873046875 0.0658493041992187
0.016937255859375 0.100074768066406 -0.0891036987304688 -0.000419616699218746
-0.0556793212890625 0.100357055664063 -0.0510406494140625 0.0350990295410156
-0.107673645019531 0.0738372802734375 -0.108200073242188 0.103477478027344
-0.0803985595703125 -0.0248489379882812 -0.035003662109375 0.196563720703125
-0.0909042358398438 0.0232467651367187 -0.0558013916015625 0.254425048828125
-0.054779052734375 0.0624122619628906 0.0485382080078125 0.20367431640625
-0.00656890869140625 0.092010498046875 0.09619140625 0.116401672363281
0.0487518310546875 0.073944091796875 0.0768890380859375 0.0334243774414063
0.101951599121094 0.0234527587890625 0.0451583862304688 0.00685501098632813
0.099853515625 -0.025604248046875 0.00696182250976563 0.0367012023925781
0.0846633911132813 -0.0298919677734375 -0.0014190673828125 0.0755767822265625
0.0937652587890625 -0.0381851196289062 -0.00377655029296875 0.109550476074219
0.10540771484375 -0.014984130859375 -0.0282363891601562 0.121688842773438
0.0924530029296875 0.0305099487304688 -0.0651702880859375 0.1083984375
0.0636215209960938 0.0751953125 -0.0879898071289063 0.0622024536132812
-0.0157241821289063 0.0982131958007813 -0.0835952758789063 0.0093841552734375
-0.0857009887695312 0.064300537109375 -0.0611495971679688 0.0527191162109375
-0.116020202636719 0.0128402709960938 -0.135658264160156 0.113365173339844
-0.0327606201171875 -0.0865097045898438 -0.0514678955078125 0.177810668945313
-0.0609321594238281 -0.0497360229492187 -0.0670166015625 0.236434936523438
-0.0601158142089844 -0.00618362426757811 0.041290283203125 0.192550659179688
-0.0490760803222656 0.0451850891113281 0.0816192626953125 0.09808349609375
-0.00300979614257813 0.0655403137207031 0.0546989440917969 0.0189361572265625
0.0600929260253906 0.0530052185058594 0.00954055786132813 0.00963115692138672
0.0820999145507813 0.0127105712890625 -0.0253181457519531 0.0499839782714844
0.0718841552734375 -0.001312255859375 -0.0281219482421875 0.093841552734375
0.082977294921875 -0.0088653564453125 -0.0315093994140625 0.126724243164063
0.09210205078125 0.010223388671875 -0.05792236328125 0.129310607910156
0.0742874145507813 0.0463104248046875 -0.08837890625 0.105575561523438
0.0403900146484375 0.0830764770507812 -0.101242065429688 0.0537567138671875
-0.0447311401367188 0.0866928100585938 -0.0894393920898438 0.00762176513671876
-0.105033874511719 0.022857666015625 -0.0810623168945313 0.0509872436523438
-0.112777709960938 -0.0497665405273438 -0.164093017578125 0.1009521484375
0.0669708251953125 0.101036071777344 0.1646728515625 -0.090484619140625
0.125801086425781 0.0032958984375 0.1064453125 -0.0253524780273437
0.0545730590820313 -0.081634521484375 0.098297119140625 -0.00319671630859376
-0.014923095703125 -0.08111572265625 0.131103515625 -0.039794921875
-0.0516548156738281 -0.0501327514648438 0.119148254394531 -0.09686279296875
-0.0840988159179688 -0.0210800170898437 0.0721664428710937 -0.139396667480469
-0.0729827880859375 -0.00695800781250001 0.04541015625 -0.140289306640625
-0.0642929077148438 -0.0155601501464844 0.040008544921875 -0.101783752441406
-0.0733795166015625 -0.043548583984375 0.0412216186523437 -0.0507125854492188
-0.0259017944335938 -0.0756301879882813 0.0174722671508789 -0.00907611846923829
0.0414199829101563 -0.071990966796875 -0.047637939453125 -0.00104141235351563
0.0784835815429688 -0.0297393798828125 -0.0803451538085938 -0.0624008178710937
0.0817642211914063 0.0598068237304688 -0.0410614013671875 -0.183914184570312
0.0451126098632813 0.124969482421875 0.0348663330078125 -0.2205810546875
-0.00682830810546874 0.136817932128906 0.043182373046875 -0.142242431640625
0.0211334228515625 0.144744873046875 0.182098388671875 -0.04193115234375
0.107437133789062 0.0671844482421875 0.124107360839844 0.0153656005859375
0.0738906860351563 -0.0307083129882813 0.120414733886719 0.024139404296875
0.028106689453125 -0.0539321899414062 0.158905029296875 -0.01727294921875
-0.00545883178710938 -0.0515174865722656 0.148757934570313 -0.0829315185546875
-0.0400047302246094 -0.0508575439453125 0.103668212890625 -0.138969421386719
-0.0400123596191406 -0.045196533203125 0.071258544921875 -0.138954162597656
-0.0302734375 -0.0458450317382813 0.060302734375 -0.0952911376953125
-0.0321044921875 -0.0717849731445313 0.0583343505859375 -0.0360107421875
0.018157958984375 -0.08502197265625 0.0315570831298828 0.0136451721191406
0.0779266357421875 -0.0559616088867188 -0.0440940856933594 0.0293159484863281
0.104713439941406 0.001434326171875 -0.09112548828125 -0.0255661010742188
0.0781784057617188 0.100090026855469 -0.07464599609375 -0.1495361328125
0.0171051025390625 0.165496826171875 0.00227355957031249 -0.176513671875
-0.0425872802734375 0.173721313476563 0.0187759399414062 -0.0911712646484375
-0.034942626953125 0.166961669921875 0.176345825195313 0.0242462158203125
0.0622711181640625 0.12750244140625 0.127296447753906 0.0767288208007813
0.0787353515625 0.0355377197265625 0.138259887695313 0.064727783203125
0.070831298828125 -0.00766754150390625 0.180694580078125 0.0148773193359375
0.0490608215332031 -0.0383033752441406 0.169586181640625 -0.059478759765625
0.0169830322265625 -0.072174072265625 0.126319885253906 -0.124732971191406
0.00168609619140625 -0.0777130126953125 0.0863418579101563 -0.119857788085938
0.0074310302734375 -0.0687522888183594 0.0688552856445313 -0.0737838745117187
0.00997161865234376 -0.0889511108398438 0.063995361328125 -0.011932373046875
0.0538558959960937 -0.086669921875 0.0359764099121094 0.0393104553222656
0.099884033203125 -0.0424270629882813 -0.0409507751464844 0.0601081848144531
0.117546081542969 0.01776123046875 -0.0967864990234375 0.0147705078125
0.0792236328125 0.114898681640625 -0.100982666015625 -0.102729797363281
0.0041961669921875 0.179779052734375 -0.0283584594726563 -0.117324829101562
-0.0656280517578125 0.186752319335937 -0.0134830474853516 -0.0321521759033203
-0.0900115966796875 0.15972900390625 0.143890380859375 0.096893310546875
-0.000518798828124998 0.163864135742188 0.107101440429688 0.148605346679688
0.0599441528320313 0.100540161132812 0.141326904296875 0.114974975585938
0.0966415405273438 0.0504913330078125 0.1864013671875 0.0524749755859375
0.0958404541015625 -0.00949859619140625 0.172225952148438 -0.028228759765625
0.0755081176757813 -0.0757293701171875 0.132484436035156 -0.0957717895507813
0.0457839965820313 -0.09521484375 0.0869522094726563 -0.0842361450195313
0.04345703125 -0.0807342529296875 0.0655975341796875 -0.0404930114746094
0.048004150390625 -0.0954818725585938 0.0605506896972656 0.0177421569824219
0.0815582275390625 -0.0820770263671875 0.0343551635742188 0.0639801025390625
0.110160827636719 -0.0290069580078125 -0.03533935546875 0.0847015380859375
0.117996215820313 0.0288009643554688 -0.0905609130859375 0.0477447509765625
0.0728302001953125 0.113594055175781 -0.107192993164063 -0.0535812377929687
-0.006378173828125 0.170944213867188 -0.0410995483398437 -0.0529899597167969
-0.0805206298828125 0.17547607421875 -0.0428314208984375 0.02886962890625
-0.124565124511719 0.120071411132812 0.0906219482421875 0.1593017578125
-0.0637664794921875 0.158981323242188 0.063690185546875 0.213592529296875
0.0189895629882812 0.13677978515625 0.124465942382813 0.161407470703125
0.090545654296875 0.101806640625 0.169525146484375 0.0872650146484375
0.117469787597656 0.0291900634765625 0.151702880859375 0.0028533935546875
0.118446350097656 -0.057861328125 0.117683410644531 -0.0581817626953125
0.0831985473632813 -0.0948562622070312 0.0712203979492188 -0.0407791137695313
0.0713424682617188 -0.079620361328125 0.0512504577636719 -0.000953674316406255
0.0776596069335938 -0.0912933349609375 0.0482864379882813 0.0490264892578125
0.101043701171875 -0.0702590942382813 0.0253372192382813 0.0859298706054687
0.113395690917969 -0.012939453125 -0.0318145751953125 0.0999679565429688
0.108970642089844 0.04327392578125 -0.0800628662109375 0.0659332275390625
0.0531005859375 0.11053466796875 -0.0956268310546875 -0.015228271484375
-0.026641845703125 0.14764404296875 -0.0416221618652344 0.00348281860351563
-0.0971527099609375 0.14227294921875 -0.0695953369140625 0.08099365234375
-0.128318786621094 0.055328369140625 0.029388427734375 0.1988525390625
-0.10369873046875 0.110260009765625 0.00862121582031252 0.25341796875
-0.0286712646484375 0.127708435058594 0.0937042236328125 0.191513061523438
0.0522384643554688 0.123207092285156 0.13604736328125 0.106903076171875
0.104461669921875 0.0628738403320313 0.115219116210938 0.022674560546875
0.132888793945313 -0.0238800048828125 0.084716796875 -0.021636962890625
0.104660034179687 -0.0749969482421875 0.0434226989746094 0.00246429443359375
0.0875473022460938 -0.0665817260742188 0.0300407409667969 0.039764404296875
0.0959243774414062 -0.076202392578125 0.0283660888671875 0.0796737670898437
0.114303588867188 -0.05267333984375 0.00724792480468752 0.103439331054688
0.113113403320313 0.00641632080078125 -0.0379562377929687 0.106277465820313
0.0958328247070313 0.0609130859375 -0.0738525390625 0.0701751708984375
0.0236740112304688 0.111793518066406 -0.0812606811523438 0.0066680908203125
-0.058441162109375 0.117500305175781 -0.0414161682128906 0.0425453186035156
-0.116485595703125 0.0911178588867187 -0.0973358154296875 0.115882873535156
-0.101181030273438 -0.0192413330078125 -0.0191650390625 0.2086181640625
-0.106887817382812 0.0352859497070312 -0.0337677001953125 0.263565063476563
-0.061553955078125 0.076385498046875 0.0669097900390625 0.198684692382812
0.000350952148437503 0.106132507324219 0.103614807128906 0.106758117675781
0.062744140625 0.0789566040039063 0.0768356323242188 0.0261459350585938
0.117111206054688 0.01470947265625 0.0434074401855469 0.00173187255859375
0.10772705078125 -0.0412216186523438 0.00926971435546876 0.0367927551269531
0.0903549194335938 -0.0436630249023437 0.00447845458984376 0.0741653442382813
0.101066589355469 -0.0535049438476563 0.00307464599609375 0.107208251953125
0.115676879882813 -0.0291061401367188 -0.01873779296875 0.118415832519531
0.106414794921875 0.0250167846679688 -0.055572509765625 0.108360290527344
0.079498291015625 0.0777130126953125 -0.0784759521484375 0.06561279296875
-0.007720947265625 0.111862182617188 -0.076263427734375 0.015625
-0.0921707153320313 0.0837631225585938 -0.05169677734375 0.0620651245117187
-0.131256103515625 0.0300674438476563 -0.129631042480469 0.129615783691406
-0.0545501708984375 -0.0893325805664063 -0.0424652099609375 0.189987182617188
-0.0814437866210938 -0.0452957153320313 -0.04901123046875 0.247634887695313
-0.0718154907226563 0.00499725341796874 0.057525634765625 0.1866455078125
-0.0471229553222656 0.0611572265625 0.0856857299804688 0.0888824462890625
0.009552001953125 0.0744857788085938 0.04986572265625 0.0137252807617188
0.077301025390625 0.0477294921875 0.00568485260009766 0.00968170166015625
0.0927810668945312 -0.0011444091796875 -0.0252761840820312 0.0563888549804688
0.079498291015625 -0.014007568359375 -0.0232620239257813 0.0992813110351563
0.0904769897460938 -0.0228652954101563 -0.0240097045898437 0.130035400390625
0.102745056152344 -0.00341796875 -0.0502853393554687 0.130813598632813
0.0885467529296875 0.0406951904296875 -0.0806961059570313 0.108268737792969
0.0564193725585937 0.0853195190429687 -0.094085693359375 0.0583572387695313
-0.03778076171875 0.101348876953125 -0.0841217041015625 0.013824462890625
-0.113822937011719 0.0416641235351563 -0.0753707885742188 0.065185546875
-0.13104248046875 -0.0354537963867188 -0.164306640625 0.119384765625
0.0813446044921875 0.0941238403320313 0.16961669921875 -0.108963012695313
0.129432678222656 -0.013641357421875 0.105506896972656 -0.0403671264648437
0.0457382202148437 -0.09088134765625 0.094757080078125 -0.00757598876953126
-0.0265045166015625 -0.082489013671875 0.130210876464844 -0.0426254272460938
-0.0612983703613281 -0.04473876953125 0.118804931640625 -0.101226806640625
-0.090728759765625 -0.00801086425781251 0.0716400146484375 -0.144393920898437
-0.075714111328125 0.00491333007812501 0.0429840087890625 -0.149337768554688
-0.0670700073242188 -0.00585937500000001 0.0385360717773438 -0.111259460449219
-0.082366943359375 -0.0316085815429688 0.0440940856933594 -0.0612869262695313
-0.03875732421875 -0.0735931396484375 0.0254898071289062 -0.0162620544433594
0.0310516357421875 -0.0808486938476562 -0.0384140014648438 0.00104141235351561
0.0765762329101563 -0.0421676635742188 -0.0765838623046875 -0.055450439453125
0.0941543579101563 0.0515899658203125 -0.0493011474609375 -0.17877197265625
0.0666122436523438 0.12506103515625 0.02618408203125 -0.22723388671875
0.0130615234375 0.14300537109375 0.0456695556640625 -0.152496337890625
0.0323944091796875 0.144882202148438 0.192733764648438 -0.0611724853515625
0.113082885742187 0.0562973022460937 0.127906799316406 -0.000778198242187497
0.0685157775878906 -0.0382499694824219 0.119422912597656 0.0171432495117187
0.0203819274902344 -0.0550651550292969 0.159774780273438 -0.0225677490234375
-0.01171875 -0.0479316711425781 0.150390625 -0.0911102294921875
-0.0461387634277344 -0.042877197265625 0.103195190429688 -0.148651123046875
-0.0433692932128906 -0.0386123657226563 0.068572998046875 -0.151336669921875
-0.0338630676269531 -0.0405387878417969 0.05865478515625 -0.109138488769531
-0.0392570495605469 -0.0655403137207031 0.0625724792480469 -0.0506134033203125
0.00925445556640625 -0.0856170654296875 0.0423507690429688 0.00334930419921874
0.0729598999023438 -0.0641326904296875 -0.0309295654296875 0.0297565460205078
0.106719970703125 -0.0085296630859375 -0.0828628540039063 -0.017364501953125
0.0909805297851563 0.0963897705078125 -0.0780792236328125 -0.14129638671875
0.0354766845703125 0.171432495117188 -0.00202941894531249 -0.181121826171875
-0.0273895263671875 0.185928344726563 0.0254440307617187 -0.098968505859375
-0.0287933349609375 0.174118041992188 0.19342041015625 0.00769042968750001
0.067779541015625 0.125480651855469 0.13623046875 0.0606765747070313
0.0771713256835938 0.0331878662109375 0.140205383300781 0.0556793212890625
0.0696640014648437 -0.00796127319335938 0.183853149414063 0.0068511962890625
0.0468673706054688 -0.03759765625 0.1719970703125 -0.0699920654296875
0.012969970703125 -0.0691375732421875 0.125869750976563 -0.137115478515625
-0.000404357910156257 -0.0764236450195313 0.08526611328125 -0.134086608886719
0.00616455078125 -0.0683784484863281 0.0681686401367188 -0.0886611938476563
0.00657653808593751 -0.0886383056640625 0.0699806213378906 -0.0275230407714844
0.049896240234375 -0.0908203125 0.0476455688476563 0.0271797180175781
0.100257873535156 -0.0499114990234375 -0.0263214111328125 0.0583763122558594
0.12310791015625 0.0113067626953125 -0.08489990234375 0.0208053588867187
0.0899581909179688 0.115386962890625 -0.100006103515625 -0.093353271484375
0.017669677734375 0.190139770507813 -0.0275115966796875 -0.118850708007813
-0.0554656982421875 0.201629638671875 -0.00314140319824219 -0.0348739624023437
-0.090362548828125 0.172225952148438 0.164703369140625 0.0854949951171875
0.00279235839843749 0.171173095703125 0.121589660644531 0.136566162109375
0.061004638671875 0.104011535644531 0.147048950195313 0.105560302734375
0.101936340332031 0.0528793334960938 0.192092895507813 0.0441436767578125
0.099700927734375 -0.0112152099609375 0.175735473632813 -0.0387420654296875
0.0760726928710937 -0.0789566040039063 0.1329345703125 -0.10894775390625
0.0446548461914063 -0.101554870605469 0.0863800048828125 -0.0972976684570313
0.0440521240234375 -0.0860824584960938 0.0664558410644531 -0.0542221069335938
0.0477523803710937 -0.101387023925781 0.0661163330078125 0.00281524658203124
0.0824508666992188 -0.0889434814453125 0.0454902648925781 0.0510635375976562
0.115623474121094 -0.03448486328125 -0.0208511352539062 0.0800857543945313
0.126441955566406 0.0258712768554688 -0.0777435302734375 0.0513763427734375
0.0819549560546875 0.117790222167969 -0.1026611328125 -0.0463790893554687
0.00199890136718751 0.184326171875 -0.0360031127929688 -0.0526084899902344
-0.0769500732421875 0.19293212890625 -0.0302162170410156 0.0300102233886719
-0.132781982421875 0.135063171386719 0.112152099609375 0.155197143554687
-0.06512451171875 0.173721313476563 0.0818023681640625 0.207015991210938
0.021820068359375 0.147064208984375 0.132797241210938 0.15325927734375
0.100601196289063 0.107887268066406 0.1756591796875 0.0799560546875
0.127342224121094 0.0268936157226562 0.155364990234375 -0.0063323974609375
0.123519897460938 -0.0665283203125 0.117828369140625 -0.0692138671875
0.0844650268554688 -0.104995727539063 0.072052001953125 -0.0511550903320313
0.0734710693359375 -0.08892822265625 0.0530319213867188 -0.0109214782714844
0.0803375244140625 -0.100906372070313 0.0518150329589844 0.0376014709472656
0.105819702148438 -0.0811386108398438 0.0341644287109375 0.0737228393554688
0.1234130859375 -0.0190505981445312 -0.0207748413085937 0.0948486328125
0.120559692382813 0.04266357421875 -0.0677833557128906 0.0665969848632813
0.0615768432617188 0.1187744140625 -0.0889968872070312 -0.0106582641601562
-0.0238494873046875 0.163986206054688 -0.0329532623291016 0.00485992431640626
-0.0987396240234375 0.16033935546875 -0.0572662353515625 0.0862579345703125
-0.143951416015625 0.06939697265625 0.047882080078125 0.203369140625
-0.112037658691406 0.127952575683594 0.0269622802734375 0.254135131835938
-0.0296173095703125 0.143096923828125 0.104324340820313 0.1856689453125
0.0634307861328125 0.133995056152344 0.141799926757813 0.101333618164063
0.1175537109375 0.0634994506835938 0.116432189941406 0.0164413452148438
0.142135620117188 -0.0350189208984375 0.0842056274414063 -0.0294342041015625
0.108657836914063 -0.0883560180664063 0.0444374084472656 -0.00321197509765626
0.0915298461914063 -0.0790863037109375 0.0323715209960938 0.0331535339355469
0.0998382568359375 -0.0899200439453125 0.0315170288085938 0.07196044921875
0.1220703125 -0.0651092529296875 0.013641357421875 0.0955352783203125
0.125686645507813 0.00139617919921875 -0.0309524536132813 0.101280212402344
0.110054016113281 0.0621490478515625 -0.0650634765625 0.0689048767089844
0.030914306640625 0.122360229492187 -0.0740203857421875 0.00877380371093751
-0.059295654296875 0.136024475097656 -0.0316085815429688 0.0452232360839844
-0.124427795410156 0.110992431640625 -0.0879669189453125 0.126075744628906
-0.120796203613281 -0.00996398925781252 -0.00656127929687501 0.218582153320313
-0.121574401855469 0.0497665405273437 -0.0173797607421875 0.269729614257813
-0.0667648315429687 0.09161376953125 0.0782928466796875 0.193435668945312
0.00827026367187499 0.1201171875 0.106620788574219 0.101799011230469
0.0774002075195313 0.0836944580078125 0.075958251953125 0.0234909057617188
0.130081176757813 0.00452423095703125 0.0416259765625 -0.000728607177734375
0.114204406738281 -0.05712890625 0.00915908813476563 0.0371246337890625
0.0954208374023438 -0.0571212768554688 0.0069427490234375 0.0737533569335937
0.1058349609375 -0.06805419921875 0.00736236572265624 0.105613708496094
0.124832153320312 -0.0435333251953125 -0.0146636962890625 0.115089416503906
0.119964599609375 0.0180282592773438 -0.0498504638671875 0.105247497558594
0.094940185546875 0.0787429809570313 -0.0726852416992188 0.0648269653320313
-0.000549316406249989 0.124031066894531 -0.0689926147460938 0.016937255859375
-0.0964202880859375 0.10345458984375 -0.0432205200195313 0.0686225891113281
-0.143844604492188 0.048370361328125 -0.125274658203125 0.142059326171875
-0.0759963989257813 -0.0870132446289063 -0.0368804931640625 0.201690673828125
-0.0992813110351563 -0.0356521606445312 -0.0372314453125 0.255325317382813
-0.081146240234375 0.0176849365234375 0.0661163330078125 0.181900024414062
-0.0441741943359375 0.0757904052734375 0.0847244262695313 0.0842437744140625
0.0224838256835938 0.0819320678710938 0.0445785522460938 0.0116996765136719
0.0911178588867187 0.0407180786132813 0.00119209289550782 0.0121355056762695
0.100112915039063 -0.0146102905273438 -0.0245857238769531 0.0629806518554688
0.0842514038085938 -0.025909423828125 -0.0193099975585938 0.1044921875
0.0958099365234375 -0.0376052856445313 -0.0215072631835938 0.133285522460938
0.110748291015625 -0.0172882080078125 -0.0485000610351562 0.132476806640625
0.100791931152344 0.0345230102539063 -0.0786819458007813 0.109832763671875
0.0712890625 0.0863265991210938 -0.090972900390625 0.05926513671875
-0.0296630859375 0.113151550292969 -0.0782928466796875 0.0164794921875
-0.120147705078125 0.0601806640625 -0.0692520141601563 0.0764389038085938
-0.147018432617188 -0.020599365234375 -0.165618896484375 0.135360717773438
0.0939407348632813 0.0880889892578125 0.175384521484375 -0.12982177734375
0.133277893066406 -0.029876708984375 0.103370666503906 -0.0539016723632813
0.0366439819335937 -0.100112915039063 0.0933303833007812 -0.0103073120117188
-0.03839111328125 -0.082916259765625 0.132911682128906 -0.0445938110351563
-0.0703582763671875 -0.0389480590820313 0.122322082519531 -0.107009887695313
-0.0958786010742188 0.0048065185546875 0.07354736328125 -0.153030395507813
-0.077606201171875 0.0161666870117187 0.041015625 -0.160797119140625
-0.06982421875 0.00453567504882812 0.0369491577148438 -0.123924255371094
-0.089447021484375 -0.020294189453125 0.04534912109375 -0.0747604370117188
-0.051300048828125 -0.069732666015625 0.0318183898925781 -0.0256786346435547
0.0211868286132813 -0.0882415771484375 -0.0299415588378906 -0.000667572021484382
0.0741195678710938 -0.0546112060546875 -0.072021484375 -0.0522003173828125
0.106910705566406 0.0422744750976562 -0.053863525390625 -0.17767333984375
0.0875320434570313 0.123062133789063 0.02020263671875 -0.23797607421875
0.03216552734375 0.148910522460938 0.0484161376953125 -0.16827392578125
0.0428619384765625 0.146881103515625 0.204238891601563 -0.082794189453125
0.119171142578125 0.0477447509765625 0.130867004394531 -0.0166702270507813
0.063995361328125 -0.0430450439453125 0.119239807128906 0.0123062133789062
0.0147857666015625 -0.0553092956542969 0.16546630859375 -0.026611328125
-0.0165901184082031 -0.044952392578125 0.154693603515625 -0.099945068359375
-0.0500564575195313 -0.034454345703125 0.105438232421875 -0.1610107421875
-0.0445213317871094 -0.0326423645019531 0.0666656494140625 -0.167312622070313
-0.0349082946777344 -0.0361747741699219 0.0568008422851562 -0.124732971191406
-0.0444259643554688 -0.0596466064453125 0.0641670227050781 -0.0667572021484375
0.00196838378906251 -0.0854568481445313 0.0503501892089844 -0.00907897949218751
0.0694351196289063 -0.0711898803710938 -0.0200538635253906 0.0259380340576172
0.109123229980469 -0.0180206298828125 -0.0741195678710938 -0.0142669677734375
0.104408264160156 0.0930633544921875 -0.0811843872070312 -0.13818359375
0.0540618896484375 0.177017211914063 -0.0058135986328125 -0.18896484375
-0.0115509033203125 0.1978759765625 0.03265380859375 -0.110420227050781
-0.0229034423828125 0.18450927734375 0.21014404296875 -0.010528564453125
0.0749664306640625 0.126991271972656 0.144882202148438 0.04595947265625
0.076812744140625 0.03375244140625 0.14349365234375 0.050079345703125
0.0701789855957031 -0.00774383544921875 0.191238403320313 0.0010833740234375
0.0466537475585938 -0.0368385314941406 0.178070068359375 -0.0802001953125
0.0123977661132813 -0.0685653686523438 0.127166748046875 -0.152374267578125
-0.00156402587890626 -0.0782394409179688 0.083831787109375 -0.151199340820313
0.00624847412109375 -0.070587158203125 0.06689453125 -0.105674743652344
0.00318145751953125 -0.0911026000976563 0.0726852416992188 -0.044403076171875
0.0480422973632812 -0.0955352783203125 0.0570030212402344 0.01336669921875
0.102394104003906 -0.0575408935546875 -0.0133857727050781 0.0532569885253906
0.130020141601562 0.0045166015625 -0.0741348266601562 0.0228118896484375
0.102073669433594 0.117485046386719 -0.0993728637695313 -0.0904083251953125
0.031890869140625 0.202133178710938 -0.0265731811523438 -0.124565124511719
-0.0445709228515625 0.219772338867188 0.00750732421874999 -0.0420265197753906
-0.091552734375 0.190185546875 0.184310913085938 0.073883056640625
0.00679016113281251 0.183364868164063 0.134750366210938 0.1268310546875
0.0649032592773438 0.112815856933594 0.152938842773438 0.0994720458984375
0.109649658203125 0.0557174682617188 0.200210571289063 0.0393829345703125
0.106239318847656 -0.0124588012695313 0.181900024414063 -0.0488433837890625
0.0779800415039063 -0.0852432250976563 0.134269714355469 -0.124519348144531
0.044769287109375 -0.10809326171875 0.0867156982421875 -0.113540649414063
0.0458602905273438 -0.0938796997070313 0.0658760070800781 -0.0693397521972656
0.0485076904296875 -0.109519958496094 0.0689163208007813 -0.0119667053222656
0.0848159790039063 -0.0980606079101563 0.0535049438476563 0.0380401611328125
0.123634338378906 -0.0422286987304688 -0.0094451904296875 0.074615478515625
0.137870788574219 0.0223464965820312 -0.0673255920410156 0.0513458251953125
0.0928192138671875 0.125 -0.0995101928710937 -0.0432510375976563
0.0111541748046875 0.201400756835938 -0.0310592651367187 -0.0563888549804687
-0.072052001953125 0.213623046875 -0.0188999176025391 0.0282001495361328
-0.142547607421875 0.155792236328125 0.132492065429688 0.153167724609375
-0.066925048828125 0.193389892578125 0.0961456298828125 0.203750610351563
0.02496337890625 0.162841796875 0.141021728515625 0.1494140625
0.113082885742188 0.115234375 0.18438720703125 0.0760040283203125
0.139274597167969 0.0258636474609375 0.1605224609375 -0.014984130859375
0.130462646484375 -0.0771026611328125 0.119331359863281 -0.0822219848632813
0.086029052734375 -0.118980407714844 0.07293701171875 -0.0630264282226563
0.0767135620117188 -0.101158142089844 0.0529022216796875 -0.0223007202148438
0.0830154418945313 -0.11553955078125 0.0546760559082031 0.0265350341796875
0.113494873046875 -0.0946121215820313 0.0393753051757813 0.0638160705566406
0.135581970214844 -0.026275634765625 -0.0123977661132813 0.0885467529296875
0.135917663574219 0.0417098999023438 -0.0587539672851562 0.0652580261230469
0.0718994140625 0.129928588867188 -0.0839767456054688 -0.01007080078125
-0.01971435546875 0.184371948242188 -0.025054931640625 0.00278472900390626
-0.100570678710937 0.182754516601563 -0.0469131469726562 0.0897598266601563
-0.159530639648438 0.0885009765625 0.0642852783203125 0.209152221679688
-0.120025634765625 0.150253295898438 0.0421142578125 0.258071899414062
-0.028411865234375 0.161468505859375 0.11383056640625 0.183013916015625
0.0777740478515625 0.146759033203125 0.148269653320312 0.09991455078125
0.133773803710938 0.063720703125 0.120307922363281 0.01165771484375
0.153762817382813 -0.0474700927734375 0.0848388671875 -0.0374679565429688
0.111618041992188 -0.105941772460937 0.0448226928710938 -0.00875091552734376
0.0956802368164063 -0.093658447265625 0.0330581665039063 0.0286369323730469
0.10467529296875 -0.106834411621094 0.0338897705078125 0.0672645568847656
0.130477905273438 -0.0813369750976563 0.0171356201171875 0.0894393920898438
0.140899658203125 -0.0077056884765625 -0.0256118774414062 0.098052978515625
0.127548217773438 0.0617218017578125 -0.0587272644042969 0.0676422119140625
0.0412979125976562 0.136520385742188 -0.0692939758300781 0.00803375244140627
-0.059234619140625 0.159210205078125 -0.0232963562011719 0.0462799072265625
-0.131690979003906 0.133094787597656 -0.0799026489257813 0.134346008300781
-0.14117431640625 0.00341796874999998 0.005584716796875 0.231048583984375
-0.135719299316406 0.0688323974609375 -0.00465393066406253 0.279586791992188
-0.070556640625 0.110374450683594 0.0858001708984375 0.192520141601563
0.0190277099609375 0.13623046875 0.111305236816406 0.100601196289063
0.0941619873046875 0.0858306884765625 0.075531005859375 0.0211563110351563
0.143463134765625 -0.0079193115234375 0.0399284362792969 -0.0020294189453125
0.119377136230469 -0.0740127563476563 0.0103874206542969 0.0388755798339844
0.09967041015625 -0.0717315673828125 0.00855255126953126 0.0744247436523438
0.110206604003906 -0.0857696533203125 0.00892639160156251 0.106101989746094
0.133705139160156 -0.0606613159179688 -0.0141448974609375 0.114250183105469
0.13519287109375 0.0101547241210937 -0.0488739013671875 0.104934692382813
0.112510681152344 0.0792160034179688 -0.0695648193359375 0.0644683837890625
0.00955200195312501 0.138664245605469 -0.0646934509277344 0.0154914855957031
-0.0991973876953125 0.126243591308594 -0.0347442626953125 0.0730972290039063
-0.155029296875 0.0684356689453125 -0.122222900390625 0.157257080078125
-0.0963668823242188 -0.0824737548828125 -0.0308685302734375 0.21826171875
-0.118263244628906 -0.0242996215820312 -0.02685546875 0.267227172851563
-0.0906600952148437 0.03253173828125 0.07257080078125 0.181076049804687
-0.0387039184570313 0.09185791015625 0.08575439453125 0.0821075439453125
0.036285400390625 0.0867080688476563 0.0396842956542969 0.0130805969238281
0.105705261230469 0.0307235717773438 -0.00286865234374999 0.0158519744873047
0.106346130371094 -0.03045654296875 -0.0249404907226562 0.0711669921875
0.08837890625 -0.040069580078125 -0.0173873901367187 0.111473083496094
0.099395751953125 -0.052093505859375 -0.0186843872070312 0.140037536621094
0.118972778320312 -0.0320358276367188 -0.0478515625 0.137077331542969
0.113471984863281 0.02593994140625 -0.0794906616210937 0.11199951171875
0.0870285034179688 0.0868988037109375 -0.090057373046875 0.0589752197265625
-0.0216445922851562 0.1279296875 -0.0743942260742188 0.0166778564453125
-0.124473571777344 0.0801620483398438 -0.0623016357421875 0.0850753784179688
-0.161819458007813 -0.00408935546875002 -0.16845703125 0.155563354492187
0.108505249023438 0.0804901123046875 0.179580688476563 -0.156082153320313
0.136177062988281 -0.048553466796875 0.100410461425781 -0.069610595703125
0.0269927978515625 -0.109672546386719 0.0927963256835938 -0.0131378173828125
-0.0505218505859375 -0.0829238891601562 0.138809204101563 -0.0505599975585938
-0.0792694091796875 -0.0324325561523438 0.12835693359375 -0.118080139160156
-0.100273132324219 0.0201873779296875 0.074188232421875 -0.167343139648438
-0.0776519775390625 0.0280532836914062 0.0366058349609375 -0.177536010742188
-0.0712966918945313 0.0144271850585938 0.03131103515625 -0.139823913574219
-0.0956344604492188 -0.00583648681640626 0.0439376831054687 -0.0902175903320313
-0.0647544860839844 -0.0640869140625 0.0363960266113281 -0.0387649536132813
0.008056640625 -0.0958938598632813 -0.0226535797119141 -0.0048980712890625
0.07073974609375 -0.0671844482421875 -0.0680656433105469 -0.0516548156738281
0.119926452636719 0.0301284790039063 -0.0604095458984375 -0.180801391601563
0.110160827636719 0.118156433105469 0.00941467285156251 -0.25323486328125
0.0539398193359375 0.15240478515625 0.0478668212890625 -0.188552856445313
0.055450439453125 0.150115966796875 0.215576171875 -0.108932495117187
0.125038146972656 0.0378875732421875 0.132316589355469 -0.0341796875
0.0589256286621094 -0.0484275817871094 0.121543884277344 0.00753021240234375
0.00938034057617187 -0.0561981201171875 0.173965454101563 -0.0347442626953125
-0.021942138671875 -0.0416526794433594 0.161697387695313 -0.113815307617188
-0.0526161193847656 -0.0266761779785156 0.10528564453125 -0.17974853515625
-0.0454940795898438 -0.0271568298339844 0.061279296875 -0.187728881835937
-0.03546142578125 -0.0325241088867188 0.051025390625 -0.144027709960938
-0.0494842529296875 -0.0549125671386719 0.0639266967773438 -0.086273193359375
-0.006561279296875 -0.0867767333984375 0.0565643310546875 -0.0250473022460938
0.0644378662109375 -0.0809173583984375 -0.0100879669189453 0.0205516815185547
0.1124267578125 -0.0287322998046875 -0.0680084228515625 -0.0135612487792969
0.118797302246094 0.087921142578125 -0.0852279663085938 -0.137985229492187
0.076141357421875 0.183029174804688 -0.0120849609375 -0.201385498046875
0.00746154785156251 0.211013793945313 0.0365447998046875 -0.126457214355469
-0.015472412109375 0.20001220703125 0.2275390625 -0.034515380859375
0.0841293334960938 0.129531860351563 0.15252685546875 0.030670166015625
0.0788650512695312 0.035003662109375 0.148635864257813 0.044097900390625
0.0734710693359375 -0.00811004638671875 0.202896118164062 -0.007415771484375
0.0490798950195313 -0.0383071899414063 0.185745239257812 -0.095855712890625
0.0111770629882813 -0.0687789916992188 0.1270751953125 -0.172821044921875
-0.0034637451171875 -0.0803375244140625 0.079071044921875 -0.173263549804688
0.00575256347656249 -0.0752639770507813 0.0617904663085938 -0.1248779296875
0.00115966796875 -0.0944366455078125 0.07208251953125 -0.0638885498046875
0.0450210571289062 -0.102821350097656 0.0634040832519531 -0.00301361083984376
0.105453491210938 -0.0672378540039063 -0.00304031372070312 0.0460548400878906
0.139137268066406 -0.003570556640625 -0.0650253295898437 0.0223770141601562
0.118003845214844 0.118682861328125 -0.101448059082031 -0.0880966186523438
0.051116943359375 0.216079711914062 -0.0286178588867187 -0.134132385253906
-0.0295257568359375 0.240142822265625 0.0156631469726563 -0.0526084899902344
-0.09112548828125 0.212738037109375 0.207748413085938 0.0582733154296875
0.01531982421875 0.198760986328125 0.1478271484375 0.1163330078125
0.0724945068359375 0.122100830078125 0.161651611328125 0.0950469970703125
0.122261047363281 0.0578231811523438 0.213241577148437 0.0311737060546875
0.115798950195312 -0.0162582397460938 0.189620971679687 -0.0645294189453125
0.0801620483398437 -0.09307861328125 0.134750366210938 -0.143157958984375
0.0438461303710938 -0.119621276855469 0.0838775634765625 -0.133064270019531
0.0466842651367188 -0.104911804199219 0.0614547729492188 -0.0855178833007813
0.0481033325195312 -0.122138977050781 0.0686569213867188 -0.02825927734375
0.0870285034179688 -0.112030029296875 0.0590934753417969 0.0235557556152344
0.132942199707031 -0.05364990234375 -0.000762939453124996 0.0677375793457031
0.152542114257813 0.0161590576171875 -0.0579910278320313 0.0501785278320312
0.108604431152344 0.132339477539063 -0.0985260009765625 -0.042633056640625
0.0263824462890625 0.22100830078125 -0.0287742614746094 -0.062744140625
-0.0631103515625 0.239410400390625 -0.00824737548828125 0.0251388549804688
-0.149337768554688 0.182647705078125 0.155303955078125 0.148086547851563
-0.0629425048828125 0.218246459960938 0.114044189453125 0.201919555664063
0.03363037109375 0.181243896484375 0.151748657226563 0.146865844726562
0.132423400878906 0.122291564941406 0.197601318359375 0.0700531005859375
0.156646728515625 0.02178955078125 0.167922973632813 -0.025634765625
0.137306213378906 -0.0918502807617188 0.119293212890625 -0.0973739624023438
0.0858840942382812 -0.135643005371094 0.0716934204101563 -0.076507568359375
0.0788040161132813 -0.1180419921875 0.0509910583496094 -0.0324172973632813
0.0839004516601563 -0.133613586425781 0.0559234619140625 0.0159988403320312
0.118377685546875 -0.113204956054687 0.0433158874511719 0.0532379150390625
0.150253295898438 -0.038116455078125 -0.0067291259765625 0.0840606689453125
0.153762817382813 0.0366973876953125 -0.0525398254394531 0.0643997192382812
0.087646484375 0.141677856445313 -0.0823974609375 -0.0112152099609375
-0.00909423828124998 0.209091186523438 -0.0187625885009766 -0.00147438049316405
-0.098236083984375 0.211700439453125 -0.0357894897460938 0.093231201171875
-0.173934936523438 0.1131591796875 0.086029052734375 0.215423583984375
-0.124176025390625 0.178512573242188 0.0612945556640625 0.265640258789063
-0.022918701171875 0.185272216796875 0.1263427734375 0.182586669921875
0.0977325439453125 0.158981323242187 0.160720825195313 0.0964202880859375
0.154556274414063 0.06072998046875 0.124519348144531 0.0053253173828125
0.16497802734375 -0.065460205078125 0.0840301513671875 -0.0464019775390625
0.11346435546875 -0.126556396484375 0.0456733703613281 -0.0147666931152344
0.09771728515625 -0.112640380859375 0.0328216552734375 0.0255546569824219
0.106681823730469 -0.128211975097656 0.0355949401855469 0.0637969970703125
0.137832641601563 -0.102241516113281 0.0188827514648438 0.0852890014648438
0.157211303710938 -0.0205841064453125 -0.0234375 0.0963363647460938
0.147552490234375 0.0584259033203125 -0.0549392700195312 0.0669212341308594
0.0574493408203125 0.151397705078125 -0.0665512084960938 0.00624084472656252
-0.05352783203125 0.185882568359375 -0.0134773254394531 0.0461883544921875
-0.135208129882813 0.161270141601563 -0.07177734375 0.146133422851562
-0.160720825195313 0.020965576171875 0.0228271484375 0.2471923828125
-0.147598266601563 0.094146728515625 0.011505126953125 0.29443359375
-0.0722427368164063 0.134246826171875 0.097564697265625 0.194854736328125
0.03570556640625 0.15234375 0.118545532226563 0.100700378417969
0.1136474609375 0.08673095703125 0.0760116577148438 0.020233154296875
0.15863037109375 -0.0245513916015625 0.0388641357421875 -0.0040283203125
0.12255859375 -0.0944595336914062 0.0122871398925781 0.0410308837890625
0.101829528808594 -0.0910110473632813 0.0113143920898438 0.0785064697265625
0.112663269042969 -0.107040405273438 0.0115127563476563 0.10992431640625
0.14056396484375 -0.081512451171875 -0.0123138427734375 0.116889953613281
0.15142822265625 -0.00201416015625 -0.0495452880859375 0.107139587402344
0.133193969726563 0.0759963989257813 -0.0692596435546875 0.06463623046875
0.0238494873046875 0.1544189453125 -0.0635299682617187 0.0142173767089844
-0.0970458984375 0.153289794921875 -0.02569580078125 0.07843017578125
-0.164779663085938 0.095703125 -0.117431640625 0.17523193359375
-0.118034362792969 -0.0745773315429687 -0.02191162109375 0.238937377929687
-0.135604858398438 -0.00813293457031252 -0.0146484375 0.284393310546875
-0.0989303588867187 0.050140380859375 0.0824737548828125 0.182891845703125
-0.02899169921875 0.109451293945313 0.0871658325195313 0.08294677734375
0.0531082153320313 0.0917434692382812 0.036346435546875 0.0154304504394531
0.120346069335937 0.0177154541015625 -0.00655174255371093 0.0222492218017578
0.11126708984375 -0.0482177734375 -0.0220489501953125 0.0817642211914063
0.0907974243164063 -0.0547637939453125 -0.0127182006835938 0.121688842773438
0.102867126464844 -0.0704727172851563 -0.0141754150390625 0.150924682617188
0.125442504882813 -0.0511703491210937 -0.0467376708984375 0.145965576171875
0.128532409667969 0.0155487060546875 -0.0818710327148438 0.118492126464844
0.105354309082031 0.0840682983398437 -0.0922393798828125 0.0624771118164063
-0.00953674316406249 0.141845703125 -0.074432373046875 0.0167007446289063
-0.127510070800781 0.10504150390625 -0.0547943115234375 0.095062255859375
-0.17596435546875 0.0177154541015625 -0.170242309570312 0.17999267578125
0.122520446777344 0.0697250366210938 0.176422119140625 -0.18707275390625
0.134765625 -0.071197509765625 0.0923004150390625 -0.0864791870117188
0.0130538940429688 -0.118194580078125 0.093017578125 -0.0171966552734375
-0.0660400390625 -0.08001708984375 0.143951416015625 -0.060089111328125
-0.0892486572265625 -0.0219573974609375 0.130279541015625 -0.13409423828125
-0.101097106933594 0.0374755859375 0.0697021484375 -0.18695068359375
-0.075439453125 0.0423507690429687 0.0233154296875 -0.195953369140625
-0.0708084106445313 0.0257720947265625 0.019927978515625 -0.1556396484375
-0.0992279052734375 0.0105361938476563 0.0368118286132813 -0.107894897460938
-0.0764999389648437 -0.0548477172851563 0.0374183654785156 -0.0546836853027344
-0.00765228271484376 -0.1004638671875 -0.0173768997192383 -0.0110702514648438
0.063385009765625 -0.0816650390625 -0.0671539306640625 -0.052215576171875
0.131477355957031 0.0123748779296875 -0.0722808837890625 -0.183090209960938
0.134536743164062 0.106513977050781 -0.0090789794921875 -0.269485473632812
0.079193115234375 0.151382446289063 0.038848876953125 -0.211837768554688
0.07012939453125 0.151168823242188 0.219802856445312 -0.143798828125
0.131988525390625 0.026336669921875 0.129425048828125 -0.0536422729492188
0.0538825988769531 -0.0538749694824219 0.124031066894531 -9.15527343750033E-05
0.00317764282226563 -0.0558967590332031 0.182601928710938 -0.04815673828125
-0.0258979797363281 -0.0375251770019531 0.16461181640625 -0.133682250976562
-0.0549354553222656 -0.0170021057128906 0.09814453125 -0.202972412109375
-0.0464210510253906 -0.0218544006347656 0.0477447509765625 -0.212081909179687
-0.0375785827636719 -0.0297088623046875 0.0376129150390625 -0.165023803710938
-0.0542984008789063 -0.0489578247070312 0.0569076538085937 -0.107009887695313
-0.0157470703125 -0.0855941772460938 0.0584716796875 -0.0443115234375
0.0569534301757812 -0.0906600952148438 -0.00182151794433593 0.0120363235473633
0.112358093261719 -0.0425949096679688 -0.0626602172851562 -0.015899658203125
0.135337829589844 0.0785903930664063 -0.0931930541992187 -0.138099670410156
0.102828979492187 0.183578491210937 -0.0247802734375 -0.215011596679688
0.033477783203125 0.221908569335938 0.0352325439453125 -0.147186279296875
-0.000915527343749995 0.213943481445313 0.240203857421875 -0.0669708251953125
0.097625732421875 0.130409240722656 0.157882690429688 0.0117340087890625
0.0835494995117188 0.0346145629882813 0.154998779296875 0.035491943359375
0.0770416259765625 -0.0106582641601563 0.212875366210937 -0.022918701171875
0.0505294799804688 -0.0405769348144531 0.189971923828125 -0.118499755859375
0.00860595703125 -0.0709915161132813 0.120758056640625 -0.196792602539063
-0.00609588623046874 -0.085052490234375 0.066680908203125 -0.197723388671875
0.0026092529296875 -0.0810699462890625 0.0489044189453125 -0.145904541015625
-0.00463867187500001 -0.0996856689453125 0.06658935546875 -0.085052490234375
0.0388870239257812 -0.11273193359375 0.0655746459960938 -0.0224571228027344
0.106124877929688 -0.08087158203125 0.00559997558593751 0.0369148254394531
0.148529052734375 -0.01702880859375 -0.0572738647460937 0.0208091735839844
0.1385498046875 0.115394592285156 -0.105178833007812 -0.0864334106445312
0.0779571533203125 0.2249755859375 -0.03515625 -0.142852783203125
-0.0071868896484375 0.26043701171875 0.0208206176757812 -0.0667228698730469
-0.0808563232421875 0.24053955078125 0.229095458984375 0.0332183837890625
0.0323638916015625 0.214019775390625 0.162078857421875 0.101531982421875
0.0861358642578125 0.131126403808594 0.172882080078125 0.08642578125
0.138442993164063 0.0558013916015625 0.227615356445313 0.016632080078125
0.126113891601563 -0.024749755859375 0.195556640625 -0.08538818359375
0.0800399780273438 -0.105812072753906 0.12841796875 -0.167221069335938
0.0370941162109375 -0.132347106933594 0.0732574462890625 -0.154754638671875
0.0421600341796875 -0.119026184082031 0.0522308349609375 -0.103988647460938
0.0417327880859375 -0.136711120605469 0.0654029846191406 -0.046051025390625
0.0850372314453125 -0.129661560058594 0.0609207153320313 0.00665664672851562
0.141021728515625 -0.0714569091796875 0.00616836547851563 0.0583572387695313
0.167755126953125 0.0037689208984375 -0.0503654479980469 0.0484237670898438
0.129890441894531 0.134605407714844 -0.0992813110351563 -0.0410537719726562
0.0512847900390625 0.239501953125 -0.0289306640625 -0.071136474609375
-0.044189453125 0.26629638671875 0.002349853515625 0.0184345245361328
-0.148330688476563 0.216278076171875 0.182205200195312 0.1353759765625
-0.0500030517578125 0.246002197265625 0.135787963867188 0.196075439453125
0.051025390625 0.19873046875 0.167190551757813 0.140274047851563
0.157958984375 0.122161865234375 0.213607788085938 0.05853271484375
0.172882080078125 0.008941650390625 0.174697875976563 -0.0413970947265625
0.14166259765625 -0.11224365234375 0.114189147949219 -0.116081237792969
0.080535888671875 -0.157012939453125 0.0657882690429688 -0.0914459228515625
0.0739898681640625 -0.138023376464844 0.0460548400878906 -0.0443572998046875
0.0781097412109375 -0.1563720703125 0.05523681640625 0.00370407104492187
0.11773681640625 -0.136154174804688 0.04486083984375 0.0427627563476562
0.162796020507813 -0.0578155517578125 -0.0018157958984375 0.0785980224609375
0.173980712890625 0.02520751953125 -0.0455856323242187 0.0610923767089844
0.1099853515625 0.149078369140625 -0.081787109375 -0.010589599609375
0.0124053955078125 0.233200073242187 -0.0133037567138672 -0.00691795349121093
-0.08575439453125 0.242843627929687 -0.0224990844726563 0.0952072143554688
-0.18121337890625 0.14764404296875 0.11395263671875 0.217864990234375
-0.118133544921875 0.212310791015625 0.086090087890625 0.268768310546875
-0.00878906250000001 0.211196899414063 0.14208984375 0.179031372070313
0.1263427734375 0.165985107421875 0.175033569335938 0.0892486572265625
0.177001953125 0.04986572265625 0.129913330078125 -0.00333404541015625
0.17205810546875 -0.09014892578125 0.0819854736328125 -0.0562362670898438
0.110107421875 -0.151702880859375 0.0459823608398438 -0.0223159790039063
0.0950546264648438 -0.136482238769531 0.0326557159423828 0.0213451385498047
0.1026611328125 -0.154098510742187 0.0373649597167969 0.0603065490722656
0.137916564941406 -0.128959655761719 0.020660400390625 0.0804290771484375
0.170974731445313 -0.040863037109375 -0.0216903686523437 0.0940017700195313
0.171737670898437 0.0474395751953125 -0.0512313842773437 0.0659942626953125
0.07977294921875 0.16229248046875 -0.0667495727539063 0.00595092773437501
-0.0369720458984375 0.214874267578125 -0.00538253784179688 0.0446319580078125
-0.131027221679688 0.194931030273438 -0.0579986572265625 0.1585693359375
-0.17767333984375 0.0480499267578125 0.0465545654296875 0.259521484375
-0.153488159179688 0.126724243164062 0.0362548828125 0.30792236328125
-0.065582275390625 0.160781860351563 0.11297607421875 0.194534301757813
0.0603179931640625 0.166397094726562 0.12799072265625 0.0987472534179688
0.138481140136719 0.0813446044921875 0.0796585083007813 0.0181427001953125
0.170120239257813 -0.0485992431640625 0.037994384765625 -0.00589752197265625
0.11962890625 -0.119499206542969 0.0160026550292969 0.044097900390625
0.099090576171875 -0.112747192382812 0.0159530639648438 0.0815582275390625
0.108291625976562 -0.133102416992188 0.0178680419921875 0.114501953125
0.141830444335938 -0.1090087890625 -0.00937652587890624 0.120559692382812
0.165512084960938 -0.0219268798828125 -0.0481185913085937 0.112457275390625
0.156585693359375 0.066650390625 -0.0694580078125 0.0676422119140625
0.0453948974609375 0.167373657226563 -0.0623359680175781 0.0136795043945313
-0.086151123046875 0.183975219726563 -0.014862060546875 0.0813751220703125
-0.16729736328125 0.1287841796875 -0.105712890625 0.195907592773438
-0.140403747558594 -0.0598220825195312 -0.00273132324218751 0.25927734375
-0.149429321289063 0.014007568359375 0.00689697265624998 0.3009033203125
-0.10174560546875 0.0737457275390625 0.0973968505859375 0.18231201171875
-0.0127487182617187 0.125831604003906 0.0922012329101563 0.0834121704101563
0.073577880859375 0.0913009643554687 0.0348052978515625 0.0193767547607422
0.134086608886719 -0.00121307373046875 -0.00697898864746093 0.0308723449707031
0.110580444335938 -0.0695114135742188 -0.0172195434570312 0.0933380126953125
0.088653564453125 -0.0736160278320313 -0.00273132324218749 0.131202697753906
0.100517272949219 -0.0916595458984375 -0.00502014160156249 0.161468505859375
0.126655578613281 -0.0745391845703125 -0.04278564453125 0.158035278320313
0.141815185546875 -0.0002593994140625 -0.0821533203125 0.128646850585938
0.126953125 0.0757675170898438 -0.0939559936523438 0.0695724487304688
0.0072784423828125 0.154647827148438 -0.0743942260742188 0.0179595947265625
-0.124069213867187 0.132713317871094 -0.0433731079101563 0.105094909667969
-0.186691284179688 0.0450592041015625 -0.163421630859375 0.208908081054688
0.132987976074219 0.0526046752929687 0.160507202148438 -0.217941284179687
0.125473022460938 -0.0909881591796875 0.0793991088867188 -0.0994110107421875
-0.00508880615234376 -0.123016357421875 0.0916366577148437 -0.0211334228515625
-0.0816421508789062 -0.0695877075195313 0.14337158203125 -0.0736541748046875
-0.09405517578125 -0.00695037841796873 0.124481201171875 -0.1529541015625
-0.0950851440429688 0.055267333984375 0.0577392578125 -0.2034912109375
-0.0690956115722656 0.0551109313964844 0.00291442871093751 -0.21124267578125
-0.0658912658691406 0.0373191833496094 0.00166320800781248 -0.168746948242188
-0.09967041015625 0.0286788940429687 0.02239990234375 -0.123619079589844
-0.086639404296875 -0.0420074462890625 0.0319976806640625 -0.0682220458984375
-0.0231399536132812 -0.100914001464844 -0.0135784149169922 -0.0176811218261719
0.0490798950195312 -0.09246826171875 -0.0683021545410156 -0.0527687072753906
0.136085510253906 -0.0103607177734375 -0.0845947265625 -0.181060791015625
0.152618408203125 0.0855255126953125 -0.0333099365234375 -0.277740478515625
0.10357666015625 0.141006469726563 0.0213623046875 -0.231765747070312
0.088470458984375 0.1463623046875 0.211288452148437 -0.18109130859375
0.131317138671875 0.0087432861328125 0.121269226074219 -0.072967529296875
0.0457496643066406 -0.0584220886230469 0.123428344726563 -0.00736236572265625
-0.00574493408203125 -0.0542869567871094 0.183990478515625 -0.06658935546875
-0.0277214050292969 -0.0298404693603516 0.160385131835937 -0.1572265625
-0.0520782470703125 -0.008697509765625 0.08111572265625 -0.223358154296875
-0.0454444885253906 -0.0170669555664063 0.0247344970703125 -0.228652954101563
-0.0389595031738281 -0.0236434936523438 0.017303466796875 -0.17852783203125
-0.0589675903320312 -0.0410919189453125 0.0425262451171875 -0.124435424804688
-0.0264816284179688 -0.0831146240234375 0.0545539855957031 -0.0639152526855469
0.045806884765625 -0.0975112915039062 0.00339341163635254 0.000753641128540033
0.108787536621094 -0.0567779541015625 -0.0554695129394531 -0.0177955627441406
0.147842407226563 0.061920166015625 -0.102798461914062 -0.135337829589844
0.128768920898437 0.172897338867188 -0.0438690185546875 -0.221878051757812
0.0621185302734375 0.221694946289062 0.025360107421875 -0.164215087890625
0.021636962890625 0.225479125976563 0.242385864257813 -0.104141235351563
0.112922668457031 0.124969482421875 0.154876708984375 -0.011871337890625
0.0873565673828125 0.0322647094726563 0.157974243164063 0.023406982421875
0.0806121826171875 -0.0155181884765625 0.217254638671875 -0.0415496826171875
0.0495414733886719 -0.0454635620117187 0.18341064453125 -0.14227294921875
0.00460052490234376 -0.07122802734375 0.10296630859375 -0.221389770507813
-0.0121688842773438 -0.0880203247070313 0.0422515869140625 -0.217117309570313
-0.00286865234374999 -0.0871734619140625 0.0304412841796875 -0.16326904296875
-0.0131149291992187 -0.102737426757812 0.0533523559570313 -0.104209899902344
0.0279617309570312 -0.121009826660156 0.0606727600097656 -0.0436553955078125
0.10089111328125 -0.0956802368164063 0.010467529296875 0.0221347808837891
0.15234375 -0.0335693359375 -0.0490226745605469 0.0189056396484375
0.156723022460938 0.10504150390625 -0.109306335449219 -0.0825958251953125
0.109359741210938 0.224807739257813 -0.0454559326171875 -0.149169921875
0.025970458984375 0.27099609375 0.0190277099609375 -0.08160400390625
-0.0590362548828125 0.263656616210938 0.238861083984375 0.000320434570312516
0.05670166015625 0.222320556640625 0.172332763671875 0.0813751220703125
0.103233337402344 0.13336181640625 0.180831909179688 0.0727081298828125
0.153732299804688 0.0446319580078125 0.234664916992188 -0.0058746337890625
0.129890441894531 -0.0414581298828125 0.192184448242188 -0.108322143554688
0.0732421875 -0.118247985839844 0.112564086914063 -0.187728881835938
0.025360107421875 -0.144943237304688 0.05609130859375 -0.171859741210938
0.0325088500976563 -0.133293151855469 0.0388717651367188 -0.116737365722656
0.030242919921875 -0.15130615234375 0.056121826171875 -0.0621109008789063
0.077789306640625 -0.145782470703125 0.0566596984863281 -0.0127067565917969
0.1414794921875 -0.09222412109375 0.0122184753417969 0.0487709045410156
0.178634643554687 -0.0141448974609375 -0.0418128967285156 0.042449951171875
0.151077270507813 0.130218505859375 -0.100425720214844 -0.0375442504882812
0.08013916015625 0.245086669921875 -0.031768798828125 -0.0770492553710937
-0.01263427734375 0.28533935546875 0.00919055938720703 0.00917911529541017
-0.13458251953125 0.249664306640625 0.2037353515625 0.115478515625
-0.0241851806640625 0.269332885742188 0.156600952148438 0.181320190429688
0.0749969482421875 0.212158203125 0.178314208984375 0.127792358398438
0.181854248046875 0.113525390625 0.221832275390625 0.0408477783203125
0.186614990234375 -0.0096282958984375 0.172103881835937 -0.0609588623046875
0.134490966796875 -0.134712219238281 0.102119445800781 -0.134101867675781
0.06500244140625 -0.174560546875 0.0562515258789063 -0.105010986328125
0.061798095703125 -0.1580810546875 0.0385971069335938 -0.052642822265625
0.0647125244140625 -0.178131103515625 0.0484809875488281 -0.00804519653320314
0.109115600585938 -0.162490844726563 0.0410499572753906 0.0316390991210937
0.167556762695312 -0.0827484130859375 0.00296783447265627 0.0724868774414063
0.191360473632813 0.0048980712890625 -0.0404434204101562 0.0574989318847656
0.135879516601563 0.149368286132813 -0.0819091796875 -0.01080322265625
0.043487548828125 0.24859619140625 -0.0117225646972656 -0.014749526977539
-0.0586090087890625 0.268142700195313 -0.00778198242187501 0.0956497192382813
-0.17486572265625 0.182968139648437 0.1434326171875 0.20953369140625
-0.102218627929688 0.242904663085938 0.11431884765625 0.264541625976563
0.0148162841796875 0.22918701171875 0.15869140625 0.170562744140625
0.154586791992188 0.162612915039063 0.187774658203125 0.07781982421875
0.195953369140625 0.0317840576171875 0.129440307617188 -0.0133895874023438
0.171157836914063 -0.120147705078125 0.07305908203125 -0.067718505859375
0.0939788818359375 -0.174407958984375 0.0406761169433594 -0.0288925170898438
0.0832672119140625 -0.156768798828125 0.0331363677978516 0.0153522491455078
0.0872650146484375 -0.178482055664063 0.0362472534179688 0.0560836791992187
0.130020141601563 -0.155258178710938 0.025970458984375 0.0757827758789062
0.17694091796875 -0.068511962890625 -0.0153884887695313 0.0920257568359375
0.188430786132813 0.0271148681640625 -0.0478858947753906 0.0646133422851563
0.108184814453125 0.164276123046875 -0.0657234191894531 0.00334930419921877
-0.0112762451171875 0.233856201171875 0.00334930419921875 0.0405197143554688
-0.112411499023438 0.228485107421875 -0.041290283203125 0.163299560546875
-0.1822509765625 0.0785369873046875 0.0793609619140625 0.263275146484375
-0.145889282226563 0.1563720703125 0.069000244140625 0.3101806640625
-0.0517425537109375 0.18377685546875 0.131576538085938 0.188156127929688
0.0881500244140625 0.170745849609375 0.137702941894531 0.091064453125
0.158798217773438 0.0671539306640625 0.07794189453125 0.014984130859375
0.172561645507813 -0.07464599609375 0.0361137390136719 -0.006805419921875
0.106781005859375 -0.145782470703125 0.0202407836914063 0.0461845397949219
0.0894317626953125 -0.134307861328125 0.0231170654296875 0.0858535766601562
0.0946044921875 -0.157470703125 0.0262222290039063 0.115638732910156
0.1329345703125 -0.135910034179688 -0.00566864013671874 0.123054504394531
0.174392700195313 -0.0507354736328125 -0.0433578491210937 0.119155883789063
0.175277709960937 0.0472412109375 -0.0669479370117187 0.07012939453125
0.0695648193359375 0.170944213867188 -0.0655670166015625 0.0134201049804688
-0.0653533935546875 0.208602905273437 -0.002716064453125 0.08135986328125
-0.159133911132813 0.160385131835938 -0.0863037109375 0.21417236328125
-0.156173706054688 -0.0376739501953125 0.0238494873046875 0.270980834960937
-0.158889770507812 0.04083251953125 0.03509521484375 0.30810546875
-0.0987396240234375 0.09796142578125 0.1121826171875 0.176071166992188
0.01055908203125 0.138229370117188 0.0978546142578125 0.080413818359375
0.0950241088867188 0.0842742919921875 0.033294677734375 0.0202541351318359
0.138458251953125 -0.0240707397460937 -0.00422286987304687 0.0370140075683594
0.101341247558594 -0.0900115966796875 -0.00276184082031249 0.101531982421875
0.08135986328125 -0.0898056030273438 0.0111770629882813 0.140167236328125
0.0882797241210938 -0.114608764648438 0.00717163085937499 0.169174194335937
0.119895935058594 -0.0967178344726563 -0.03497314453125 0.163528442382813
0.147369384765625 -0.02325439453125 -0.0768966674804688 0.139015197753906
0.143081665039063 0.06201171875 -0.0936737060546875 0.0752182006835937
0.032928466796875 0.161453247070313 -0.0754318237304688 0.0198822021484375
-0.108627319335938 0.159210205078125 -0.02685546875 0.109001159667969
-0.184585571289062 0.07568359375 -0.145660400390625 0.23828125
0.137413024902344 0.0354537963867188 0.137283325195312 -0.238815307617188
0.10821533203125 -0.107765197753906 0.0612716674804688 -0.106788635253906
-0.0201492309570312 -0.120628356933594 0.08819580078125 -0.0259017944335938
-0.0894393920898438 -0.0604400634765625 0.139968872070313 -0.0826950073242188
-0.0947418212890625 0.005096435546875 0.11541748046875 -0.1658935546875
-0.0860061645507812 0.0699844360351563 0.0420684814453125 -0.21435546875
-0.0580177307128906 0.0627632141113281 -0.0177154541015625 -0.215789794921875
-0.0592498779296875 0.0454826354980469 -0.0182342529296875 -0.17303466796875
-0.0896453857421875 0.0425872802734375 0.00614166259765623 -0.129646301269531
-0.0912551879882813 -0.0269241333007813 0.021331787109375 -0.0811996459960938
-0.0404815673828125 -0.0939178466796875 -0.0140132904052734 -0.0276451110839844
0.0358505249023438 -0.0966873168945312 -0.0650672912597656 -0.0536918640136719
0.132972717285156 -0.0283737182617188 -0.094207763671875 -0.173828125
0.163894653320313 0.0609588623046875 -0.0556488037109375 -0.276321411132813
0.122207641601562 0.123046875 0.0010528564453125 -0.242218017578125
0.100692749023438 0.138130187988281 0.189971923828125 -0.206771850585938
0.129203796386719 -0.0024261474609375 0.104995727539063 -0.0854721069335938
0.0369033813476562 -0.0577659606933594 0.121017456054688 -0.0144195556640625
-0.0106048583984375 -0.04937744140625 0.179168701171875 -0.0784759521484375
-0.0311374664306641 -0.0267086029052734 0.147354125976563 -0.173446655273437
-0.0487632751464844 0.00033187866210937 0.063629150390625 -0.235885620117188
-0.0427970886230469 -0.0119361877441406 -0.00100708007812501 -0.236557006835937
-0.0372772216796875 -0.0228271484375 -0.006805419921875 -0.18646240234375
-0.0576820373535156 -0.0319328308105469 0.0225830078125 -0.13592529296875
-0.033782958984375 -0.0774383544921875 0.0421142578125 -0.0785446166992188
0.0329208374023438 -0.0998611450195313 0.00358676910400391 -0.0114126205444336
0.100845336914063 -0.0671234130859375 -0.0527839660644531 -0.0208358764648438
0.153274536132813 0.04443359375 -0.106010437011719 -0.125984191894531
0.148284912109375 0.155487060546875 -0.060699462890625 -0.220474243164063
0.0884857177734375 0.212005615234375 0.0134429931640625 -0.177520751953125
0.040771484375 0.226791381835938 0.227874755859375 -0.134872436523437
0.121047973632813 0.11590576171875 0.146743774414063 -0.0300750732421875
0.0900344848632812 0.03057861328125 0.155227661132813 0.01318359375
0.0816421508789063 -0.0195388793945313 0.214157104492187 -0.0608367919921875
0.049560546875 -0.0494613647460938 0.171600341796875 -0.160400390625
0.00292587280273438 -0.06982421875 0.08160400390625 -0.23291015625
-0.0180587768554688 -0.0876541137695313 0.017242431640625 -0.224929809570312
-0.00949859619140624 -0.0876312255859375 0.0069427490234375 -0.169754028320313
-0.019927978515625 -0.10150146484375 0.0342864990234375 -0.115676879882813
0.0199737548828125 -0.123054504394531 0.0507621765136719 -0.0583076477050781
0.0927352905273438 -0.106346130371094 0.0121049880981445 0.0106210708618164
0.149688720703125 -0.04901123046875 -0.0440521240234375 0.0103378295898437
0.167739868164063 0.090911865234375 -0.108993530273437 -0.0772628784179688
0.133804321289063 0.21563720703125 -0.05718994140625 -0.150924682617187
0.0550994873046875 0.269393920898438 0.016265869140625 -0.093414306640625
-0.0349884033203125 0.278472900390625 0.237686157226562 -0.030792236328125
0.0759429931640625 0.221893310546875 0.172164916992188 0.0576019287109375
0.117668151855469 0.131645202636719 0.180709838867188 0.057647705078125
0.162506103515625 0.032928466796875 0.23468017578125 -0.0249176025390625
0.133041381835938 -0.0522613525390625 0.181564331054687 -0.127593994140625
0.0653533935546875 -0.126724243164063 0.0914764404296875 -0.200103759765625
0.013885498046875 -0.150039672851563 0.0337066650390625 -0.181686401367188
0.0205078125 -0.140426635742187 0.0198135375976563 -0.124481201171875
0.0146636962890625 -0.156478881835938 0.0400390625 -0.0730972290039063
0.061798095703125 -0.1572265625 0.0489425659179688 -0.0236282348632813
0.135055541992187 -0.108200073242187 0.012359619140625 0.0364608764648437
0.181289672851562 -0.033905029296875 -0.0372962951660156 0.0357551574707031
0.167892456054688 0.118316650390625 -0.099151611328125 -0.0353164672851563
0.111434936523438 0.242767333984375 -0.0379180908203125 -0.0808029174804687
0.015350341796875 0.291900634765625 0.014042854309082 -0.00202369689941404
-0.110504150390625 0.274627685546875 0.215866088867188 0.0870513916015625
0.00381469726562498 0.278457641601563 0.168304443359375 0.161224365234375
0.0994415283203125 0.212844848632813 0.185165405273437 0.1134033203125
0.201644897460938 0.098175048828125 0.225677490234375 0.0224151611328125
0.191604614257813 -0.02923583984375 0.16766357421875 -0.075469970703125
0.123611450195313 -0.15191650390625 0.0875091552734375 -0.14227294921875
0.046844482421875 -0.186630249023437 0.04168701171875 -0.114082336425781
0.046478271484375 -0.169326782226563 0.0269241333007813 -0.0608558654785156
0.04443359375 -0.190460205078125 0.0405349731445313 -0.0138778686523438
0.092864990234375 -0.17742919921875 0.039581298828125 0.0204734802246094
0.162338256835938 -0.104705810546875 0.00439453125000001 0.0628623962402344
0.196060180664063 -0.0157318115234375 -0.0366859436035156 0.0512809753417969
0.1553955078125 0.138916015625 -0.0800399780273437 -0.00993347167968748
0.07061767578125 0.252517700195313 -0.00867080688476562 -0.0204830169677734
-0.03118896484375 0.283233642578125 0.0040435791015625 0.0862655639648438
-0.161483764648438 0.211868286132812 0.1640625 0.191116333007813
-0.0732269287109375 0.263092041015625 0.13763427734375 0.248977661132813
0.0413665771484375 0.238967895507813 0.167022705078125 0.157135009765625
0.180801391601563 0.150421142578125 0.190780639648438 0.061309814453125
0.206344604492188 0.00799560546875 0.1278076171875 -0.0241165161132813
0.158981323242188 -0.141937255859375 0.0648422241210938 -0.0727920532226563
0.0748138427734375 -0.188858032226563 0.0373077392578125 -0.0326652526855469
0.0643463134765625 -0.172622680664063 0.0311183929443359 0.0133419036865234
0.06591796875 -0.195144653320312 0.0381660461425781 0.0506782531738281
0.111083984375 -0.17724609375 0.0222091674804688 0.0715866088867188
0.1759033203125 -0.0937347412109375 -0.0140151977539062 0.090545654296875
0.198974609375 0.0046539306640625 -0.0441246032714844 0.0613594055175781
0.127532958984375 0.158233642578125 -0.0657081604003906 0.00272369384765625
0.019012451171875 0.24853515625 0.0100364685058594 0.0311698913574219
-0.0875244140625 0.246978759765625 -0.01959228515625 0.163558959960938
-0.179061889648438 0.107757568359375 0.102264404296875 0.257232666015625
-0.130233764648437 0.18310546875 0.094329833984375 0.301116943359375
-0.0286712646484375 0.201019287109375 0.141021728515625 0.175079345703125
0.114974975585938 0.163543701171875 0.1417236328125 0.081329345703125
0.172927856445313 0.046142578125 0.0777359008789063 0.011505126953125
0.161865234375 -0.102081298828125 0.0318851470947266 -0.00651359558105469
0.089385986328125 -0.160781860351563 0.0245819091796875 0.0447540283203125
0.073089599609375 -0.149383544921875 0.0298690795898438 0.08306884765625
0.0759735107421875 -0.174026489257812 0.0323486328125 0.114631652832031
0.118301391601562 -0.156524658203125 0.00189971923828126 0.124542236328125
0.171707153320313 -0.0717620849609375 -0.0394210815429687 0.119956970214844
0.185516357421875 0.025360107421875 -0.0643234252929687 0.070770263671875
0.0943756103515625 0.16864013671875 -0.0631790161132813 0.0132064819335938
-0.03826904296875 0.226715087890625 0.0103225708007813 0.07470703125
-0.138763427734375 0.186935424804687 -0.0623626708984375 0.22027587890625
-0.165283203125 -0.015533447265625 0.0502166748046875 0.2720947265625
-0.152053833007813 0.065948486328125 0.06378173828125 0.30609130859375
-0.0842056274414063 0.1162109375 0.12066650390625 0.16778564453125
0.0314712524414063 0.13885498046875 0.100700378417969 0.0760421752929688
0.106521606445312 0.0695877075195312 0.0329551696777344 0.0262908935546875
0.134124755859375 -0.0455245971679688 -0.00154876708984374 0.0438804626464844
0.0887832641601562 -0.106300354003906 0.00826263427734374 0.105598449707031
0.0689620971679688 -0.104248046875 0.0256805419921875 0.142868041992188
0.07330322265625 -0.126876831054687 0.0236358642578125 0.170486450195313
0.106765747070313 -0.117630004882813 -0.02239990234375 0.17120361328125
0.147720336914062 -0.044464111328125 -0.068939208984375 0.1475830078125
0.154190063476563 0.0418701171875 -0.0892105102539062 0.0804519653320313
0.052490234375 0.159286499023437 -0.0727081298828125 0.0205230712890625
-0.0882568359375 0.177627563476563 -0.01287841796875 0.109214782714844
-0.175338745117188 0.102142333984375 -0.121322631835937 0.253738403320313
0.13787841796875 0.0216751098632813 0.117538452148438 -0.248214721679688
0.0936660766601563 -0.114601135253906 0.0481033325195313 -0.107040405273438
-0.031982421875 -0.114738464355469 0.0855484008789063 -0.025146484375
-0.093994140625 -0.0491943359375 0.137153625488281 -0.0876922607421875
-0.0931472778320313 0.0150299072265625 0.10675048828125 -0.173934936523438
-0.0749282836914063 0.0776748657226563 0.0297088623046875 -0.2188720703125
-0.0491256713867187 0.0663871765136719 -0.0342864990234375 -0.21533203125
-0.0514144897460937 0.0499725341796875 -0.0333251953125 -0.173690795898438
-0.0807647705078125 0.0517578125 -0.00737762451171876 -0.132781982421875
-0.0903549194335938 -0.014373779296875 0.0127716064453125 -0.0888214111328125
-0.0495071411132813 -0.0857696533203125 -0.0147209167480469 -0.0348834991455078
0.025390625 -0.0987777709960938 -0.0626220703125 -0.0562591552734375
0.12640380859375 -0.043182373046875 -0.0966644287109375 -0.167755126953125
0.166122436523438 0.0415802001953125 -0.068328857421875 -0.271499633789063
0.129814147949219 0.107002258300781 -0.013153076171875 -0.245849609375
0.109245300292969 0.129768371582031 0.171340942382813 -0.221664428710937
0.123123168945313 -0.011627197265625 0.09130859375 -0.0909881591796875
0.0314483642578125 -0.0550193786621094 0.116706848144531 -0.0168304443359375
-0.0127182006835938 -0.044586181640625 0.17474365234375 -0.08697509765625
-0.0303630828857422 -0.0215950012207031 0.136444091796875 -0.18218994140625
-0.0435638427734375 0.00624465942382813 0.04840087890625 -0.240707397460938
-0.0395126342773437 -0.00979232788085938 -0.0207366943359375 -0.236740112304688
-0.0352134704589844 -0.0205917358398438 -0.0243377685546875 -0.187271118164062
-0.0547714233398438 -0.0262374877929688 0.00571441650390626 -0.139945983886719
-0.0363616943359375 -0.0715866088867188 0.03143310546875 -0.0890731811523438
0.0242919921875 -0.0989913940429688 0.00205421447753906 -0.0220088958740234
0.09326171875 -0.0731964111328125 -0.0499725341796875 -0.0273284912109375
0.153778076171875 0.031646728515625 -0.104904174804687 -0.122367858886719
0.158111572265625 0.139068603515625 -0.07086181640625 -0.218368530273438
0.104049682617188 0.201248168945312 0.00335693359375002 -0.18572998046875
0.055908203125 0.225051879882813 0.213211059570313 -0.154769897460938
0.124977111816406 0.108741760253906 0.134956359863281 -0.0397491455078125
0.0921401977539063 0.0309677124023438 0.150894165039063 0.0081939697265625
0.0817947387695313 -0.022216796875 0.209381103515625 -0.071258544921875
0.0489730834960938 -0.0509986877441406 0.160919189453125 -0.170455932617188
0.00273895263671875 -0.0686225891113281 0.06500244140625 -0.237930297851563
-0.0213699340820313 -0.0871658325195313 -0.00257873535156252 -0.227264404296875
-0.013763427734375 -0.0894546508789062 -0.01080322265625 -0.170455932617188
-0.0247802734375 -0.100265502929687 0.0168228149414062 -0.12042236328125
0.01165771484375 -0.122764587402344 0.0391273498535156 -0.0696640014648438
0.0846786499023438 -0.111549377441406 0.00931262969970704 -0.000197410583496101
0.145401000976563 -0.058380126953125 -0.0418014526367187 0.00262451171874999
0.17303466796875 0.0791473388671875 -0.107215881347656 -0.0746078491210938
0.149322509765625 0.20330810546875 -0.063262939453125 -0.151107788085938
0.0744476318359375 0.263015747070313 0.0118408203125 -0.103401184082031
-0.017333984375 0.28436279296875 0.231643676757813 -0.052734375
0.09088134765625 0.219207763671875 0.165740966796875 0.04400634765625
0.126937866210938 0.129814147949219 0.178176879882813 0.0505828857421875
0.167236328125 0.0242767333984375 0.229507446289063 -0.0371246337890625
0.132118225097656 -0.0614471435546875 0.1717529296875 -0.135910034179688
0.0592575073242188 -0.13067626953125 0.0748443603515625 -0.205215454101563
0.00457763671875 -0.152679443359375 0.0160675048828125 -0.184173583984375
0.00979614257812499 -0.14459228515625 0.00402832031249999 -0.126083374023438
0.0046234130859375 -0.1595458984375 0.0254974365234375 -0.0773391723632813
0.050628662109375 -0.163040161132813 0.0388145446777344 -0.0338783264160156
0.128395080566406 -0.12005615234375 0.00918769836425782 0.0261001586914062
0.18060302734375 -0.0477142333984375 -0.0351333618164062 0.0267715454101563
0.178390502929688 0.108535766601563 -0.0965423583984375 -0.03570556640625
0.130294799804688 0.23712158203125 -0.0396347045898438 -0.0843963623046875
0.038299560546875 0.291351318359375 0.0160980224609375 -0.01171875
-0.09136962890625 0.287994384765625 0.217178344726563 0.0660400390625
0.024169921875 0.28192138671875 0.170440673828125 0.144454956054688
0.116165161132813 0.211654663085937 0.184326171875 0.102676391601563
0.21282958984375 0.0850982666015625 0.223312377929688 0.00959777832031251
0.19342041015625 -0.046142578125 0.158798217773438 -0.0839080810546875
0.112838745117187 -0.161880493164063 0.0735015869140625 -0.145706176757813
0.033233642578125 -0.191848754882813 0.0292282104492188 -0.116409301757813
0.0320587158203125 -0.177139282226563 0.0182037353515625 -0.0624732971191406
0.029815673828125 -0.196304321289062 0.0312767028808594 -0.0185909271240234
0.078216552734375 -0.187362670898438 0.032379150390625 0.0137386322021484
0.156692504882812 -0.120452880859375 0.00144577026367188 0.0555076599121094
0.199111938476563 -0.0330657958984375 -0.0348358154296875 0.0441055297851563
0.168182373046875 0.131149291992188 -0.079498291015625 -0.0120315551757813
0.093353271484375 0.251052856445313 -0.00840950012207031 -0.0258331298828125
-0.00863647460937501 0.2882080078125 0.0114288330078125 0.0776824951171875
-0.146499633789062 0.230682373046875 0.174285888671875 0.174118041992188
-0.05279541015625 0.27313232421875 0.146194458007813 0.234283447265625
0.0615081787109375 0.243194580078125 0.169708251953125 0.14666748046875
0.197341918945313 0.136962890625 0.190643310546875 0.0522003173828125
0.210800170898438 -0.0093536376953125 0.123619079589844 -0.0289306640625
0.147674560546875 -0.155532836914063 0.0565719604492188 -0.0731735229492188
0.059112548828125 -0.197891235351563 0.0327110290527344 -0.0353927612304688
0.04913330078125 -0.180557250976563 0.0279808044433594 0.0108661651611328
0.048126220703125 -0.20330810546875 0.0352058410644531 0.0475234985351562
0.0967559814453125 -0.191070556640625 0.0202140808105469 0.067626953125
0.170028686523438 -0.110595703125 -0.0154190063476562 0.0873794555664062
0.202011108398438 -0.013671875 -0.0446586608886719 0.0573654174804688
0.144607543945313 0.152069091796875 -0.0665817260742187 0.000797271728515624
0.0416412353515625 0.25048828125 0.0138683319091797 0.0239028930664063
-0.065338134765625 0.258224487304688 -0.00723266601562501 0.157546997070313
-0.172195434570313 0.12872314453125 0.118377685546875 0.245849609375
-0.11334228515625 0.19818115234375 0.109588623046875 0.288848876953125
-0.010009765625 0.209442138671875 0.143997192382813 0.166229248046875
0.134078979492188 0.154861450195312 0.14324951171875 0.074188232421875
0.180328369140625 0.02947998046875 0.0768051147460938 0.0110626220703125
0.152435302734375 -0.117813110351562 0.030813217163086 -0.00396156311035157
0.07391357421875 -0.170150756835937 0.0282974243164063 0.04296875
0.058197021484375 -0.157485961914063 0.0345382690429688 0.0814208984375
0.0581207275390625 -0.182968139648437 0.0359268188476563 0.112503051757812
0.101821899414062 -0.170578002929688 0.00457763671875 0.1229248046875
0.166473388671875 -0.0903472900390625 -0.0374069213867188 0.119804382324219
0.189468383789063 0.0070037841796875 -0.0630607604980469 0.0695419311523438
0.110321044921875 0.162490844726563 -0.0633583068847656 0.0108985900878906
-0.0157470703125 0.231903076171875 0.0174102783203125 0.0687599182128906
-0.120819091796875 0.201858520507813 -0.045135498046875 0.219146728515625
-0.166519165039062 0.00430297851562503 0.0670166015625 0.270095825195313
-0.143905639648438 0.084075927734375 0.0793762207031249 0.29791259765625
-0.072998046875 0.129058837890625 0.1224365234375 0.160507202148438
0.0473709106445313 0.135597229003906 0.100120544433594 0.0740127563476563
0.116195678710938 0.0564651489257813 0.0340709686279297 0.0305290222167969
0.126998901367188 -0.0612258911132813 0.00197219848632813 0.048309326171875
0.0759735107421875 -0.116531372070313 0.0180206298828125 0.105865478515625
0.0584182739257813 -0.112159729003906 0.0361251831054687 0.139930725097656
0.0595779418945313 -0.136085510253906 0.0334014892578125 0.169479370117188
0.0936965942382813 -0.1278076171875 -0.01348876953125 0.173309326171875
0.14263916015625 -0.0608367919921875 -0.0634002685546875 0.150894165039063
0.156387329101563 0.0257110595703125 -0.08831787109375 0.0821304321289063
0.066253662109375 0.154159545898438 -0.072662353515625 0.0191879272460938
-0.068389892578125 0.186996459960938 -0.000907897949218749 0.1043701171875
-0.16156005859375 0.120346069335937 -0.0998687744140625 0.258514404296875
0.138046264648437 0.0130538940429687 0.106307983398438 -0.255935668945313
0.0839614868164062 -0.119026184082031 0.0389328002929687 -0.106430053710938
-0.0394744873046875 -0.110977172851563 0.0853500366210938 -0.0231094360351563
-0.09674072265625 -0.04150390625 0.13824462890625 -0.0897979736328125
-0.0922317504882813 0.0224533081054688 0.103729248046875 -0.181015014648438
-0.0671615600585938 0.0835647583007812 0.0231781005859375 -0.227279663085938
-0.0430526733398438 0.0696258544921875 -0.0442657470703125 -0.217498779296875
-0.0472030639648438 0.052886962890625 -0.043975830078125 -0.175460815429688
-0.0729904174804687 0.0576400756835938 -0.0174407958984375 -0.136299133300781
-0.0889434814453125 -0.00562286376953123 0.004486083984375 -0.0957412719726562
-0.0565338134765625 -0.0796890258789063 -0.0166549682617188 -0.0423545837402344
0.0172042846679687 -0.0987091064453125 -0.0612297058105469 -0.0613670349121094
0.121864318847656 -0.0521087646484375 -0.0965728759765625 -0.167617797851562
0.166168212890625 0.027862548828125 -0.0750274658203125 -0.272064208984375
0.135536193847656 0.0963821411132812 -0.0213165283203125 -0.252975463867188
0.114761352539063 0.125617980957031 0.16119384765625 -0.232162475585938
0.11944580078125 -0.0155029296875 0.08154296875 -0.0923004150390625
0.0292930603027344 -0.052276611328125 0.115119934082031 -0.0160446166992188
-0.013458251953125 -0.041351318359375 0.175201416015625 -0.0911102294921875
-0.0292491912841797 -0.0182075500488281 0.1322021484375 -0.188858032226563
-0.0375709533691406 0.00854873657226563 0.0396270751953125 -0.247604370117187
-0.0367279052734375 -0.00985336303710937 -0.0337066650390625 -0.238876342773438
-0.0340518951416016 -0.0203819274902344 -0.0371246337890625 -0.1885986328125
-0.0520057678222656 -0.0236053466796875 -0.006866455078125 -0.14385986328125
-0.0372123718261719 -0.0676040649414063 0.0218048095703125 -0.0974273681640625
0.01898193359375 -0.0981979370117187 -0.000619888305664059 -0.0312709808349609
0.0894927978515625 -0.0760650634765625 -0.0481948852539063 -0.0342445373535156
0.153762817382813 0.02392578125 -0.10345458984375 -0.123092651367187
0.163986206054688 0.129791259765625 -0.0753631591796875 -0.220413208007812
0.112503051757813 0.194961547851563 -0.00155639648437497 -0.194488525390625
0.065277099609375 0.226043701171875 0.205520629882812 -0.167800903320313
0.127830505371094 0.106315612792969 0.1263427734375 -0.044769287109375
0.0950927734375 0.0324172973632813 0.149566650390625 0.007476806640625
0.0840606689453125 -0.0229034423828125 0.208389282226563 -0.0762481689453125
0.0501327514648438 -0.0526084899902344 0.156600952148438 -0.17742919921875
0.00418472290039063 -0.0693168640136719 0.0552825927734375 -0.242645263671875
-0.0238037109375 -0.0892868041992188 -0.016143798828125 -0.230087280273438
-0.0170211791992188 -0.0917129516601563 -0.0238189697265625 -0.171966552734375
-0.0266952514648438 -0.101112365722656 0.00415039062499999 -0.123672485351562
0.00853729248046875 -0.123970031738281 0.0295944213867188 -0.078094482421875
0.0802078247070312 -0.11566162109375 0.00500297546386719 -0.0098257064819336
0.144866943359375 -0.064910888671875 -0.0405616760253906 -0.00569915771484376
0.17767333984375 0.073577880859375 -0.105628967285156 -0.0766067504882812
0.159744262695313 0.1978759765625 -0.0665435791015625 -0.154388427734375
0.0858154296875 0.260818481445313 0.00999450683593751 -0.11309814453125
-0.004547119140625 0.292388916015625 0.226776123046875 -0.066009521484375
0.0999908447265625 0.21966552734375 0.159896850585938 0.0358734130859375
0.136238098144531 0.131813049316406 0.176254272460938 0.0491790771484375
0.172882080078125 0.0186614990234375 0.228439331054688 -0.0424041748046875
0.133636474609375 -0.068267822265625 0.16680908203125 -0.142013549804688
0.0563125610351563 -0.135009765625 0.066253662109375 -0.207916259765625
-0.001800537109375 -0.156661987304688 0.00451660156249998 -0.187591552734375
0.00292968750000001 -0.149139404296875 -0.00708770751953126 -0.128059387207031
-0.0025482177734375 -0.16387939453125 0.0143966674804688 -0.0806655883789063
0.043792724609375 -0.169418334960938 0.0301589965820313 -0.0406570434570313
0.125724792480469 -0.128585815429688 0.00461959838867188 0.0188694000244141
0.181869506835938 -0.057342529296875 -0.036590576171875 0.0190315246582031
0.187057495117187 0.104446411132812 -0.096405029296875 -0.0383224487304687
0.143478393554688 0.235763549804688 -0.0414962768554687 -0.0898056030273437
0.052947998046875 0.293914794921875 0.0168399810791016 -0.0208091735839844
-0.07879638671875 0.3021240234375 0.217880249023438 0.054351806640625
0.037353515625 0.287109375 0.169509887695313 0.135971069335938
0.130111694335937 0.215621948242187 0.183486938476562 0.100051879882813
0.221771240234375 0.0773773193359375 0.223159790039063 0.00363159179687501
0.19580078125 -0.0566253662109375 0.155364990234375 -0.087615966796875
0.107284545898438 -0.169815063476563 0.06591796875 -0.14666748046875
0.0237274169921875 -0.1982421875 0.0207443237304687 -0.119384765625
0.022308349609375 -0.183761596679688 0.0105209350585938 -0.0635910034179688
0.0186920166015625 -0.202651977539063 0.0239601135253906 -0.0198745727539063
0.069244384765625 -0.19708251953125 0.0248966217041016 0.00988197326660155
0.154754638671875 -0.132965087890625 -0.00283813476562499 0.0511016845703125
0.202346801757813 -0.04522705078125 -0.0377693176269531 0.0381278991699219
0.179824829101563 0.1282958984375 -0.0802001953125 -0.0149917602539062
0.109954833984375 0.253890991210938 -0.00926780700683593 -0.0324249267578125
0.0057373046875 0.295135498046875 0.0159454345703125 0.070343017578125
-0.138031005859375 0.248077392578125 0.178451538085938 0.165328979492188
-0.03900146484375 0.2828369140625 0.150390625 0.225997924804688
0.0777130126953125 0.250503540039063 0.169784545898438 0.1434326171875
0.210617065429688 0.129806518554688 0.190399169921875 0.0473480224609375
0.215164184570313 -0.022125244140625 0.122611999511719 -0.030120849609375
0.141342163085938 -0.166580200195313 0.05242919921875 -0.0716705322265625
0.047882080078125 -0.205490112304687 0.0292625427246094 -0.0359916687011719
0.0389404296875 -0.1885986328125 0.026397705078125 0.0100002288818359
0.03607177734375 -0.2115478515625 0.0320816040039063 0.0474815368652344
0.0854034423828125 -0.201812744140625 0.0166893005371094 0.0669097900390625
0.167510986328125 -0.124359130859375 -0.0181350708007812 0.0860443115234375
0.20733642578125 -0.0265045166015625 -0.0473365783691406 0.0532417297363281
0.157211303710938 0.149917602539063 -0.0681266784667969 -0.00204086303710938
0.05877685546875 0.25592041015625 0.0159435272216797 0.0171422958374024
-0.0521697998046875 0.267715454101563 -7.62939453124962E-05 0.152450561523438
-0.167755126953125 0.144805908203125 0.126663208007813 0.242218017578125
-0.103317260742188 0.210678100585938 0.116668701171875 0.28436279296875
0.00320434570312502 0.219024658203125 0.144393920898438 0.16412353515625
0.14764404296875 0.149185180664063 0.143905639648438 0.073089599609375
0.186187744140625 0.016571044921875 0.0772476196289063 0.0131378173828125
0.146026611328125 -0.129928588867188 0.0292816162109375 -0.000768661499023445
0.0627288818359375 -0.178085327148438 0.0305442810058594 0.0430793762207031
0.0477447509765625 -0.165786743164063 0.0373992919921875 0.0808944702148438
0.0455169677734375 -0.190643310546875 0.0375442504882812 0.113632202148438
0.091339111328125 -0.181442260742188 0.00466156005859375 0.123786926269531
0.163604736328125 -0.104217529296875 -0.0383758544921875 0.12139892578125
0.193893432617187 -0.0056915283203125 -0.0652046203613281 0.0682106018066406
0.123275756835938 0.160247802734375 -0.0654296875 0.00795364379882813
0.00027465820312501 0.238937377929688 0.0214157104492188 0.0624885559082031
-0.1094970703125 0.213302612304687 -0.03594970703125 0.2198486328125
-0.168167114257813 0.0179901123046875 0.07574462890625 0.270767211914063
-0.139839172363281 0.09710693359375 0.087005615234375 0.295623779296875
-0.0637435913085938 0.139114379882813 0.122817993164062 0.15869140625
0.0604019165039063 0.133819580078125 0.100044250488281 0.0750274658203125
0.123016357421875 0.0461044311523438 0.034698486328125 0.0354118347167969
0.122650146484375 -0.072235107421875 0.00498962402343751 0.0532493591308594
0.0660476684570312 -0.123184204101563 0.02618408203125 0.106620788574219
0.0494461059570312 -0.11798095703125 0.0442047119140625 0.13983154296875
0.0485687255859375 -0.1419677734375 0.0396575927734375 0.171295166015625
0.0845947265625 -0.137031555175781 -0.01092529296875 0.176803588867188
0.139976501464844 -0.0729522705078125 -0.06219482421875 0.154693603515625
0.1602783203125 0.014190673828125 -0.0895462036132812 0.0824737548828125
0.0770416259765625 0.152740478515625 -0.0742950439453125 0.0172653198242188
-0.054840087890625 0.193740844726562 0.00640869140625 0.100433349609375
-0.152816772460938 0.132080078125 -0.0887603759765625 0.263381958007813
0.14093017578125 0.005889892578125 0.100875854492188 -0.268814086914063
0.0783004760742188 -0.125236511230469 0.0326309204101563 -0.105911254882813
-0.0454635620117187 -0.1107177734375 0.0880126953125 -0.0217361450195313
-0.100860595703125 -0.0355758666992188 0.143356323242187 -0.0948486328125
-0.0929641723632813 0.0301742553710938 0.102890014648437 -0.191970825195313
-0.0609130859375 0.0903778076171875 0.0177001953125 -0.240386962890625
-0.0382766723632813 0.0736541748046875 -0.055084228515625 -0.2259521484375
-0.0441741943359375 0.05694580078125 -0.0544891357421875 -0.180877685546875
-0.0686607360839844 0.0631065368652344 -0.0271759033203125 -0.142257690429687
-0.0887222290039063 0.00128936767578125 -0.0042266845703125 -0.104156494140625
-0.0636978149414063 -0.0758819580078125 -0.0195655822753906 -0.0515098571777344
0.0116348266601562 -0.101371765136719 -0.0618095397949219 -0.0690078735351563
0.120391845703125 -0.0614166259765625 -0.0989532470703125 -0.173248291015625
0.170364379882813 0.0179443359375 -0.0811767578125 -0.281494140625
0.143157958984375 0.090362548828125 -0.0287628173828125 -0.266494750976563
0.12158203125 0.125595092773438 0.156784057617188 -0.246566772460937
0.120414733886719 -0.0179290771484375 0.0756988525390625 -0.095245361328125
0.029296875 -0.0514869689941406 0.118209838867188 -0.015411376953125
-0.0129623413085937 -0.0389480590820313 0.179962158203125 -0.0969085693359375
-0.0288238525390625 -0.0158195495605469 0.132354736328125 -0.2008056640625
-0.0342216491699219 0.0106925964355469 0.0326690673828125 -0.26123046875
-0.0362510681152344 -0.00941848754882812 -0.045867919921875 -0.247604370117188
-0.0350227355957031 -0.0213680267333984 -0.0498809814453125 -0.193649291992188
-0.050262451171875 -0.0225791931152344 -0.01824951171875 -0.14996337890625
-0.0380821228027344 -0.0667037963867188 0.01214599609375 -0.107276916503906
0.015411376953125 -0.0992965698242187 -0.00439071655273437 -0.0403060913085938
0.0882339477539063 -0.0802459716796875 -0.0491180419921875 -0.0428085327148438
0.15789794921875 0.0188446044921875 -0.104866027832031 -0.129005432128906
0.172637939453125 0.125579833984375 -0.0810546875 -0.229293823242188
0.12310791015625 0.194976806640625 -0.00622558593749997 -0.20819091796875
0.0756072998046875 0.234451293945312 0.2041015625 -0.182052612304687
0.133575439453125 0.108833312988281 0.121994018554688 -0.0490264892578125
0.101341247558594 0.0359573364257813 0.152664184570312 0.00836181640625
0.0884857177734375 -0.0247573852539063 0.213836669921875 -0.0823822021484375
0.0530624389648438 -0.0561408996582031 0.156539916992188 -0.188201904296875
0.00565338134765625 -0.072479248046875 0.0480194091796875 -0.25408935546875
-0.0259170532226562 -0.0934829711914062 -0.0289764404296875 -0.238250732421875
-0.020965576171875 -0.0967025756835938 -0.03643798828125 -0.176971435546875
-0.0301971435546875 -0.105339050292969 -0.008087158203125 -0.12908935546875
0.00546264648437501 -0.128654479980469 0.01953125 -0.0866775512695313
0.07891845703125 -0.122528076171875 -4.95910644531194E-05 -0.017552375793457
0.14739990234375 -0.07177734375 -0.04266357421875 -0.0136566162109375
0.186813354492188 0.0717926025390625 -0.107185363769531 -0.0821456909179688
0.172225952148438 0.19915771484375 -0.0713348388671875 -0.1624755859375
0.0983734130859375 0.266845703125 0.0076446533203125 -0.1248779296875
0.00619506835937501 0.3067626953125 0.2286376953125 -0.07867431640625
0.11151123046875 0.227432250976563 0.158615112304688 0.0317840576171875
0.149520874023438 0.137847900390625 0.179290771484375 0.0502777099609375
0.183074951171875 0.014251708984375 0.234771728515625 -0.0483245849609375
0.138702392578125 -0.077423095703125 0.168289184570312 -0.150009155273438
0.055877685546875 -0.142333984375 0.059967041015625 -0.21588134765625
-0.008636474609375 -0.164382934570313 -0.00592041015625 -0.194778442382813
-0.004058837890625 -0.158309936523437 -0.01715087890625 -0.131675720214844
-0.00897216796875001 -0.1727294921875 0.00424957275390624 -0.0835418701171875
0.0391693115234375 -0.179397583007813 0.0211601257324219 -0.0472831726074219
0.125717163085938 -0.140579223632813 -0.00098228454589843 0.0127496719360351
0.188690185546875 -0.0677032470703125 -0.0394363403320312 0.0124664306640625
0.200790405273438 0.104812622070313 -0.0983657836914062 -0.0431747436523437
0.16070556640625 0.241256713867188 -0.0441360473632812 -0.0976638793945312
0.065093994140625 0.30377197265625 0.0172939300537109 -0.030282974243164
-0.0697021484375 0.321533203125 0.223007202148438 0.04534912109375
0.050750732421875 0.30047607421875 0.171707153320312 0.133651733398438
0.147445678710937 0.225204467773437 0.187911987304687 0.10186767578125
0.237625122070313 0.0719451904296875 0.229873657226563 0.000854492187500004
0.2037353515625 -0.0684661865234375 0.157577514648438 -0.0925140380859375
0.10546875 -0.18194580078125 0.06207275390625 -0.150115966796875
0.0153961181640625 -0.208419799804687 0.014892578125 -0.123802185058594
0.0135040283203125 -0.19464111328125 0.00458526611328125 -0.0657157897949219
0.009002685546875 -0.214813232421875 0.0174026489257813 -0.0206737518310547
0.0621490478515625 -0.210128784179687 0.0181941986083984 0.00719642639160155
0.15576171875 -0.148330688476563 -0.00883102416992187 0.0488624572753906
0.211807250976563 -0.0572357177734375 -0.0419731140136719 0.0339775085449219
0.19573974609375 0.12982177734375 -0.0840225219726562 -0.0186920166015625
0.127517700195313 0.2625732421875 -0.0101318359375 -0.0397491455078125
0.018096923828125 0.308197021484375 0.0193710327148438 0.0652542114257813
-0.132766723632812 0.269561767578125 0.186874389648438 0.16302490234375
-0.028289794921875 0.300048828125 0.1556396484375 0.227081298828125
0.094482421875 0.264190673828125 0.173873901367188 0.145721435546875
0.229049682617188 0.125198364257813 0.196517944335938 0.046539306640625
0.22509765625 -0.0345458984375 0.125968933105469 -0.030914306640625
0.1383056640625 -0.180343627929688 0.0508804321289063 -0.0711746215820313
0.03839111328125 -0.217300415039063 0.0278129577636719 -0.0390090942382813
0.02886962890625 -0.200408935546875 0.0255241394042969 0.00947952270507811
0.024871826171875 -0.224472045898438 0.030029296875 0.0499153137207031
0.07659912109375 -0.215728759765625 0.0130500793457031 0.0680809020996094
0.16949462890625 -0.141082763671875 -0.0224456787109375 0.0884017944335937
0.217620849609375 -0.0389251708984375 -0.0525016784667969 0.0520057678222656
0.173553466796875 0.15155029296875 -0.0719680786132812 -0.00498962402343749
0.076416015625 0.266921997070313 0.0169553756713867 0.0115270614624024
-0.0406494140625 0.28369140625 0.0057830810546875 0.152725219726563
-0.167770385742188 0.1644287109375 0.135650634765625 0.246841430664062
-0.09637451171875 0.227005004882813 0.123565673828125 0.288543701171875
0.0164642333984375 0.233078002929688 0.14892578125 0.167343139648438
0.16387939453125 0.147659301757813 0.148406982421875 0.073699951171875
0.197006225585938 0.0054168701171875 0.080657958984375 0.015625
0.143722534179688 -0.143203735351563 0.0313510894775391 0.00325393676757812
0.0539093017578125 -0.189590454101563 0.0335464477539063 0.0435829162597656
0.0390777587890625 -0.176528930664063 0.04095458984375 0.0826339721679687
0.03582763671875 -0.202362060546875 0.0398101806640625 0.118576049804687
0.0829925537109375 -0.195877075195313 0.00469970703125001 0.129623413085938
0.1650390625 -0.119873046875 -0.0413360595703125 0.127212524414063
0.202957153320313 -0.017913818359375 -0.0702323913574218 0.0696029663085938
0.137405395507813 0.162506103515625 -0.069976806640625 0.00563812255859375
0.01495361328125 0.250106811523438 0.0251312255859375 0.0580940246582031
-0.101318359375 0.227828979492188 -0.0293121337890625 0.225509643554688
-0.173828125 0.0316162109375 0.08477783203125 0.279052734375
-0.139236450195312 0.110885620117188 0.094757080078125 0.30279541015625
-0.0567626953125 0.15185546875 0.126052856445313 0.162445068359375
0.0726394653320313 0.134445190429688 0.103309631347656 0.0793991088867188
0.13140869140625 0.0387191772460938 0.0381278991699219 0.041259765625
0.120956420898437 -0.0831832885742187 0.00938796997070313 0.0603179931640625
0.05902099609375 -0.131889343261719 0.0333404541015625 0.110549926757813
0.0428237915039063 -0.12689208984375 0.0521240234375 0.144119262695313
0.0400848388671875 -0.151657104492188 0.0458526611328125 0.17755126953125
0.07720947265625 -0.148178100585938 -0.007110595703125 0.185012817382813
0.141265869140625 -0.08544921875 -0.0645751953125 0.163131713867187
0.166488647460938 0.005096435546875 -0.0939559936523437 0.0861740112304688
0.0885162353515625 0.154769897460938 -0.0782089233398438 0.0161514282226563
-0.04364013671875 0.204788208007813 0.012451171875 0.0979537963867188
-0.148269653320312 0.14422607421875 -0.082000732421875 0.274993896484375
0.146987915039063 -0.0041961669921875 0.092559814453125 -0.290618896484375
0.07196044921875 -0.134429931640625 0.0262680053710938 -0.110618591308594
-0.0549545288085938 -0.111991882324219 0.093048095703125 -0.0230560302734375
-0.107810974121094 -0.0288314819335938 0.150604248046875 -0.105514526367187
-0.0951614379882813 0.041168212890625 0.100112915039063 -0.21044921875
-0.0541763305664062 0.0993194580078125 0.00437927246093751 -0.260116577148438
-0.033416748046875 0.0802764892578125 -0.072235107421875 -0.238250732421875
-0.0410652160644531 0.062774658203125 -0.0710296630859375 -0.189437866210938
-0.0640029907226562 0.071624755859375 -0.040924072265625 -0.15069580078125
-0.0913467407226562 0.0102767944335937 -0.0150909423828125 -0.113945007324219
-0.072601318359375 -0.0710830688476563 -0.025115966796875 -0.0600471496582031
0.00350189208984374 -0.10589599609375 -0.0661697387695313 -0.0781021118164062
0.120887756347656 -0.0735015869140625 -0.107696533203125 -0.182220458984375
0.176834106445313 0.0058135986328125 -0.095947265625 -0.296112060546875
0.155548095703125 0.0840911865234375 -0.042388916015625 -0.286712646484375
0.134429931640625 0.125930786132813 0.151412963867188 -0.2708740234375
0.122657775878906 -0.0232925415039062 0.0703353881835938 -0.1005859375
0.0289421081542969 -0.0518836975097656 0.1243896484375 -0.0162124633789063
-0.0135231018066406 -0.0381507873535156 0.188201904296875 -0.108734130859375
-0.0285587310791016 -0.0130367279052734 0.12957763671875 -0.220565795898438
-0.0307769775390625 0.0130081176757812 0.0195159912109375 -0.281082153320313
-0.0361366271972656 -0.00926589965820313 -0.065521240234375 -0.26104736328125
-0.0365562438964844 -0.0215415954589844 -0.068328857421875 -0.20281982421875
-0.0510025024414063 -0.0219612121582031 -0.0333404541015625 -0.158676147460937
-0.0417747497558594 -0.0662498474121094 7.62939453124995E-05 -0.118736267089844
0.0106964111328125 -0.103057861328125 -0.0112876892089844 -0.0497665405273438
0.08807373046875 -0.0880813598632813 -0.0531196594238281 -0.0515251159667969
0.1661376953125 0.012115478515625 -0.112548828125 -0.136360168457031
0.18743896484375 0.121795654296875 -0.093994140625 -0.241973876953125
0.139755249023438 0.198226928710938 -0.0160980224609375 -0.227554321289063
0.0928497314453125 0.246780395507813 0.203323364257812 -0.205245971679687
0.146484375 0.110885620117188 0.119781494140625 -0.055267333984375
0.112457275390625 0.0368194580078125 0.1605224609375 0.0074005126953125
0.0958938598632813 -0.0294647216796875 0.223785400390625 -0.0955352783203125
0.0556259155273437 -0.0622978210449219 0.156387329101563 -0.206771850585937
0.00623321533203126 -0.0778656005859375 0.03631591796875 -0.27252197265625
-0.0319366455078125 -0.0997695922851563 -0.047454833984375 -0.250350952148438
-0.0278244018554688 -0.103141784667969 -0.0541534423828125 -0.185028076171875
-0.0359420776367187 -0.111892700195313 -0.0219802856445312 -0.135719299316406
-0.000366210937500004 -0.137153625488281 0.00711822509765625 -0.0976638793945313
0.077850341796875 -0.133613586425781 -0.00666618347167969 -0.0260448455810547
0.15325927734375 -0.0842132568359375 -0.0477561950683594 -0.0212020874023438
0.202804565429687 0.0662689208984375 -0.114013671875 -0.0871658325195312
0.193756103515625 0.202239990234375 -0.08135986328125 -0.17388916015625
0.118438720703125 0.277786254882813 0.00245666503906251 -0.14105224609375
0.0242919921875 0.32940673828125 0.2340087890625 -0.096405029296875
0.130538940429688 0.238449096679688 0.161590576171875 0.026885986328125
0.169479370117187 0.142898559570312 0.18914794921875 0.049530029296875
0.198684692382812 0.0056915283203125 0.245391845703125 -0.0597076416015625
0.145004272460938 -0.09075927734375 0.170669555664063 -0.165863037109375
0.0536346435546875 -0.155487060546875 0.050994873046875 -0.229583740234375
-0.0180206298828125 -0.176193237304688 -0.0210418701171875 -0.204803466796875
-0.0155792236328125 -0.169479370117188 -0.0311355590820313 -0.138130187988281
-0.0206756591796875 -0.185211181640625 -0.00674438476562499 -0.0872650146484375
0.0299835205078125 -0.194046020507812 0.0105934143066406 -0.0541152954101563
0.126495361328125 -0.1583251953125 -0.00779962539672851 0.00847434997558593
0.198440551757812 -0.0832977294921875 -0.0455703735351562 0.00764465332031249
0.221908569335938 0.10198974609375 -0.105018615722656 -0.0472412109375
0.186477661132813 0.249374389648437 -0.051971435546875 -0.10711669921875
0.0858154296875 0.321014404296875 0.0172691345214844 -0.0412635803222656
-0.054595947265625 0.350860595703125 0.234085083007813 0.03497314453125
0.07177734375 0.319305419921875 0.18072509765625 0.13153076171875
0.17364501953125 0.236968994140625 0.19915771484375 0.102691650390625
0.25970458984375 0.062652587890625 0.240768432617188 -0.00836181640625
0.215179443359375 -0.08721923828125 0.1629638671875 -0.103286743164063
0.102401733398438 -0.199951171875 0.0577239990234375 -0.158706665039063
0.00251770019531248 -0.224212646484375 0.00526428222656249 -0.131393432617188
-0.000396728515625021 -0.2099609375 -0.00379180908203125 -0.0693511962890625
-0.00608825683593749 -0.231094360351563 0.0107440948486328 -0.020284652709961
0.0514068603515625 -0.229583740234375 0.0121698379516602 0.00510406494140624
0.156784057617188 -0.169586181640625 -0.0138359069824219 0.0494003295898437
0.224151611328125 -0.075836181640625 -0.0477371215820312 0.0324134826660156
0.220046997070313 0.128814697265625 -0.0906829833984375 -0.0213241577148437
0.15435791015625 0.274154663085938 -0.0134696960449219 -0.0478591918945312
0.037994384765625 0.32867431640625 0.0237541198730469 0.0610809326171875
-0.1240234375 0.300079345703125 0.202407836914063 0.162246704101563
-0.011383056640625 0.32415771484375 0.168853759765625 0.231460571289063
0.120620727539063 0.280044555664063 0.186508178710938 0.149627685546875
0.254165649414063 0.119476318359375 0.207931518554688 0.0425567626953125
0.238983154296875 -0.0538482666015625 0.131057739257813 -0.0359878540039062
0.13580322265625 -0.200775146484375 0.0509185791015625 -0.0732040405273438
0.0245208740234375 -0.2342529296875 0.025787353515625 -0.0419349670410156
0.0147552490234375 -0.21697998046875 0.0235137939453125 0.00880050659179686
0.00941467285156252 -0.242340087890625 0.0292625427246094 0.0541534423828125
0.0654144287109375 -0.236740112304688 0.01141357421875 0.0724105834960937
0.1707763671875 -0.164596557617188 -0.0255355834960937 0.0936279296875
0.230743408203125 -0.058837890625 -0.0582542419433594 0.0544815063476563
0.198440551757813 0.1524658203125 -0.0784683227539062 -0.00653839111328124
0.101287841796875 0.28131103515625 0.0180263519287109 0.00489807128906252
-0.02490234375 0.306121826171875 0.0135040283203125 0.157272338867188
-0.16741943359375 0.190628051757813 0.152908325195312 0.254470825195313
-0.0870361328125 0.251235961914063 0.13983154296875 0.297760009765625
0.0366668701171875 0.252227783203125 0.159835815429688 0.172836303710938
0.187347412109375 0.146514892578125 0.158065795898438 0.075164794921875
0.210464477539063 -0.0102996826171875 0.0867156982421875 0.0177154541015625
0.142974853515625 -0.163177490234375 0.0348529815673828 0.00707626342773436
0.04144287109375 -0.20574951171875 0.0378684997558594 0.0443801879882812
0.02655029296875 -0.192230224609375 0.0468597412109375 0.0853729248046875
0.0210113525390625 -0.21905517578125 0.046356201171875 0.126197814941406
0.071746826171875 -0.21466064453125 0.00759887695312499 0.139183044433594
0.166595458984375 -0.1414794921875 -0.0421524047851562 0.138046264648438
0.21551513671875 -0.0345001220703125 -0.0762939453125 0.075653076171875
0.159835815429688 0.165664672851563 -0.0756301879882812 0.00576782226562502
0.036651611328125 0.267196655273438 0.0299644470214844 0.0549697875976563
-0.0906829833984375 0.2498779296875 -0.0187225341796875 0.2374267578125
-0.180755615234375 0.049530029296875 0.101806640625 0.2945556640625
-0.138374328613281 0.129806518554688 0.110107421875 0.315704345703125
-0.0460052490234375 0.169265747070313 0.135589599609375 0.168411254882813
0.0900192260742188 0.13616943359375 0.110481262207031 0.0827713012695313
0.142868041992188 0.0280303955078125 0.0446929931640625 0.0484962463378906
0.120185852050781 -0.0993423461914062 0.0166511535644531 0.0684013366699219
0.0500946044921875 -0.1444091796875 0.0435256958007812 0.114700317382812
0.0336761474609375 -0.138557434082031 0.0641632080078125 0.148300170898438
0.0299224853515625 -0.163955688476563 0.05731201171875 0.188812255859375
0.0679168701171875 -0.163681030273438 -0.000640869140624981 0.19873046875
0.142608642578125 -0.10205078125 -0.0631866455078125 0.177444458007813
0.177001953125 -0.0089874267578125 -0.09942626953125 0.0949172973632813
0.105865478515625 0.158462524414063 -0.0835113525390625 0.0171585083007813
-0.0295867919921875 0.21978759765625 0.0199661254882812 0.098114013671875
-0.144561767578125 0.162612915039063 -0.071136474609375 0.294036865234375
0.1527099609375 -0.0186309814453125 0.07354736328125 -0.31658935546875
0.0615692138671875 -0.146804809570312 0.0167388916015625 -0.114227294921875
-0.0681991577148437 -0.111869812011719 0.0987014770507813 -0.0271835327148438
-0.114921569824219 -0.01849365234375 0.1546630859375 -0.121963500976562
-0.0951385498046875 0.0546340942382812 0.0885772705078125 -0.232574462890625
-0.0440750122070313 0.110382080078125 -0.02020263671875 -0.279434204101563
-0.0245742797851563 0.0874176025390625 -0.0987548828125 -0.247467041015625
-0.0355758666992188 0.0704193115234375 -0.0946807861328125 -0.194183349609375
-0.05596923828125 0.0814895629882813 -0.061309814453125 -0.156295776367187
-0.0916519165039063 0.0221176147460938 -0.0324020385742188 -0.122116088867188
-0.0828475952148438 -0.063507080078125 -0.0341415405273438 -0.068389892578125
-0.00813293457031249 -0.109542846679688 -0.0756912231445312 -0.0847091674804688
0.118209838867187 -0.0894012451171875 -0.123138427734375 -0.1881103515625
0.183731079101563 -0.0120849609375 -0.121429443359375 -0.30865478515625
0.170440673828125 0.0715484619140625 -0.06829833984375 -0.306396484375
0.151931762695312 0.121994018554687 0.136383056640625 -0.300506591796875
0.12591552734375 -0.0327224731445313 0.0623092651367188 -0.107872009277344
0.0277290344238281 -0.0545845031738281 0.131362915039062 -0.0223007202148438
-0.0157470703125 -0.0373725891113281 0.193466186523437 -0.128524780273438
-0.0293006896972656 -0.00944137573242188 0.119033813476562 -0.244354248046875
-0.0271663665771484 0.0158576965332031 -0.00592041015624998 -0.301605224609375
-0.0377464294433594 -0.00779342651367187 -0.0952301025390625 -0.270797729492188
-0.0397720336914063 -0.0201301574707031 -0.094451904296875 -0.207748413085937
-0.052490234375 -0.019927978515625 -0.05560302734375 -0.164825439453125
-0.0471038818359375 -0.0653800964355469 -0.019195556640625 -0.128791809082031
0.00241088867187499 -0.10650634765625 -0.0204696655273438 -0.0591583251953125
0.0847015380859375 -0.0989456176757813 -0.0611801147460938 -0.0586967468261719
0.1761474609375 -0.001953125 -0.125846862792969 -0.14031982421875
0.206710815429688 0.11187744140625 -0.11614990234375 -0.252349853515625
0.163772583007813 0.19610595703125 -0.035064697265625 -0.247817993164063
0.1197509765625 0.255157470703125 0.195358276367187 -0.23553466796875
0.164443969726563 0.1070556640625 0.116203308105469 -0.06451416015625
0.125602722167969 0.0330276489257813 0.169265747070313 0.000183105468750002
0.101799011230469 -0.0382080078125 0.229537963867187 -0.116195678710938
0.0555648803710938 -0.0706405639648438 0.14794921875 -0.231201171875
0.003143310546875 -0.0842056274414063 0.014556884765625 -0.2913818359375
-0.0421371459960938 -0.103858947753906 -0.07562255859375 -0.259765625
-0.0394058227539063 -0.108161926269531 -0.0789794921875 -0.189041137695312
-0.0470428466796875 -0.117080688476562 -0.042144775390625 -0.140731811523438
-0.0112457275390625 -0.145523071289063 -0.0105209350585938 -0.106773376464844
0.0711669921875 -0.14776611328125 -0.0160179138183594 -0.0327777862548828
0.156082153320312 -0.101776123046875 -0.0551528930664062 -0.0266189575195313
0.22198486328125 0.0551605224609375 -0.125106811523438 -0.0894546508789063
0.22344970703125 0.198501586914063 -0.098785400390625 -0.182418823242188
0.148223876953125 0.28460693359375 -0.00856018066406249 -0.157943725585937
0.05633544921875 0.350860595703125 0.237045288085938 -0.123611450195312
0.159225463867187 0.243499755859375 0.166061401367187 0.017730712890625
0.197799682617188 0.1412353515625 0.201828002929688 0.042327880859375
0.2144775390625 -0.0103759765625 0.254974365234375 -0.0797882080078125
0.147720336914063 -0.110671997070313 0.166412353515625 -0.188217163085938
0.0452728271484375 -0.171005249023438 0.0347900390625 -0.245513916015625
-0.0364532470703125 -0.186248779296875 -0.04388427734375 -0.21405029296875
-0.034027099609375 -0.179611206054688 -0.05108642578125 -0.141876220703125
-0.04010009765625 -0.196334838867188 -0.021820068359375 -0.0893402099609375
0.0138397216796875 -0.2098388671875 -0.00309371948242187 -0.0598297119140625
0.120223999023438 -0.181228637695313 -0.0154247283935547 0.00542640686035155
0.205108642578125 -0.1070556640625 -0.0520286560058594 0.00480651855468748
0.24798583984375 0.09075927734375 -0.115150451660156 -0.047607421875
0.221893310546875 0.250274658203125 -0.0633621215820313 -0.114471435546875
0.11883544921875 0.334564208984375 0.0144729614257813 -0.0534820556640625
-0.0250244140625 0.3817138671875 0.247528076171875 0.01611328125
0.10565185546875 0.33502197265625 0.1944580078125 0.125503540039063
0.211227416992187 0.240280151367188 0.215118408203125 0.0975341796875
0.2850341796875 0.04364013671875 0.252395629882813 -0.0245208740234375
0.220916748046875 -0.11444091796875 0.164016723632813 -0.120437622070313
0.0912322998046875 -0.223739624023438 0.048828125 -0.169509887695313
-0.0205841064453125 -0.239089965820313 -0.00907135009765625 -0.13787841796875
-0.0233917236328125 -0.224288940429688 -0.0147933959960938 -0.0721664428710938
-0.030120849609375 -0.247177124023438 0.00429534912109375 -0.019155502319336
0.0308074951171875 -0.24981689453125 0.00493383407592774 0.00431251525878905
0.150466918945313 -0.198959350585938 -0.0178604125976562 0.0516700744628906
0.232574462890625 -0.103530883789063 -0.0539512634277344 0.0337257385253906
0.250015258789063 0.119171142578125 -0.0985794067382812 -0.0210494995117187
0.192337036132813 0.27978515625 -0.0190162658691406 -0.0552406311035156
0.07098388671875 0.348480224609375 0.0301284790039062 0.0553054809570313
-0.102264404296875 0.335968017578125 0.224411010742187 0.155319213867188
0.01947021484375 0.348419189453125 0.19134521484375 0.2310791015625
0.159271240234375 0.291107177734375 0.204132080078125 0.146957397460938
0.28424072265625 0.10308837890625 0.220550537109375 0.03216552734375
0.249359130859375 -0.0831298828125 0.136711120605469 -0.0451736450195313
0.1253662109375 -0.227569580078125 0.0499191284179688 -0.0774383544921875
0.00129699707031251 -0.251785278320313 0.0216217041015625 -0.0463638305664063
-0.008697509765625 -0.23321533203125 0.0229969024658203 0.0083179473876953
-0.0169830322265625 -0.26031494140625 0.032318115234375 0.0579032897949219
0.0435638427734375 -0.259674072265625 0.0121536254882813 0.0766448974609375
0.165298461914063 -0.194931030273438 -0.0250778198242187 0.102409362792969
0.24017333984375 -0.0869903564453125 -0.063201904296875 0.060302734375
0.229080200195313 0.145278930664063 -0.0864105224609375 -0.00450897216796875
0.138397216796875 0.2921142578125 0.0186519622802734 -0.00139999389648436
0.003387451171875 0.3291015625 0.027557373046875 0.159515380859375
-0.158309936523438 0.223785400390625 0.179977416992188 0.258132934570313
-0.0674896240234375 0.277786254882813 0.166290283203125 0.303924560546875
0.0670928955078125 0.268966674804688 0.177627563476563 0.173049926757813
0.216781616210937 0.13653564453125 0.1702880859375 0.070953369140625
0.223190307617187 -0.0347137451171875 0.0945892333984375 0.0163345336914062
0.1339111328125 -0.188278198242188 0.0408821105957031 0.00944137573242186
0.0204010009765625 -0.22222900390625 0.0443916320800781 0.0438995361328125
0.00531005859374998 -0.207046508789063 0.0560989379882812 0.085968017578125
-0.00318908691406252 -0.235763549804688 0.0582275390625 0.13262939453125
0.0514068603515625 -0.235626220703125 0.015655517578125 0.148117065429687
0.162017822265625 -0.169647216796875 -0.037994384765625 0.15118408203125
0.225906372070313 -0.05999755859375 -0.0797500610351562 0.0850753784179687
0.188980102539063 0.162307739257813 -0.0822982788085937 0.00877380371093752
0.06817626953125 0.28131103515625 0.0369338989257813 0.0502738952636719
-0.069854736328125 0.275253295898438 0.00085449218750001 0.250076293945313
-0.1861572265625 0.074432373046875 0.128814697265625 0.3072509765625
-0.131988525390625 0.153961181640625 0.137542724609375 0.326690673828125
-0.028656005859375 0.1871337890625 0.1517333984375 0.169509887695313
0.111984252929688 0.134468078613281 0.121253967285156 0.0849075317382813
0.154296875 0.0112762451171875 0.0536422729492188 0.0531005859375
0.1158447265625 -0.118499755859375 0.0286026000976563 0.0750579833984375
0.03533935546875 -0.157882690429688 0.0577774047851563 0.116539001464844
0.0186309814453125 -0.150436401367188 0.0806427001953125 0.150177001953125
0.0121917724609375 -0.17694091796875 0.0770111083984375 0.19677734375
0.0527801513671875 -0.180343627929688 0.0142974853515625 0.2132568359375
0.139411926269531 -0.124320983886719 -0.0548248291015625 0.195602416992188
0.186477661132813 -0.02880859375 -0.101760864257813 0.107742309570312
0.1292724609375 0.158523559570313 -0.089508056640625 0.0211181640625
-0.00660705566406249 0.23602294921875 0.0308609008789062 0.0963363647460938
-0.134567260742188 0.186019897460938 -0.049468994140625 0.316131591796875
0.152359008789063 -0.0363311767578125 0.042724609375 -0.3355712890625
0.044647216796875 -0.156021118164063 0.00361633300781249 -0.115188598632813
-0.0833358764648438 -0.1058349609375 0.100975036621094 -0.0325775146484375
-0.119171142578125 -0.00443267822265627 0.150604248046875 -0.140274047851563
-0.0890960693359375 0.0700836181640625 0.0678558349609375 -0.2486572265625
-0.02813720703125 0.118118286132813 -0.05291748046875 -0.2879638671875
-0.0122222900390625 0.092926025390625 -0.130996704101563 -0.2452392578125
-0.0264739990234375 0.0756378173828125 -0.121612548828125 -0.18890380859375
-0.0444183349609375 0.0885391235351563 -0.0850372314453125 -0.154571533203125
-0.087890625 0.0347366333007812 -0.0536575317382813 -0.123245239257813
-0.0918121337890625 -0.0514755249023437 -0.0462722778320312 -0.0733642578125
-0.021697998046875 -0.109092712402344 -0.0863800048828125 -0.0873184204101562
0.108360290527344 -0.105522155761719 -0.1414794921875 -0.185302734375
0.185012817382813 -0.034515380859375 -0.154022216796875 -0.30987548828125
0.18206787109375 0.0526885986328125 -0.101409912109375 -0.314910888671875
0.168014526367188 0.110733032226563 0.1092529296875 -0.326385498046875
0.124954223632813 -0.0444564819335938 0.049774169921875 -0.113052368164062
0.0246696472167969 -0.0568199157714844 0.133514404296875 -0.0309829711914063
-0.0181961059570313 -0.03509521484375 0.188995361328125 -0.150238037109375
-0.0283985137939453 -0.00489616394042969 0.09783935546875 -0.264144897460938
-0.02191162109375 0.0179195404052734 -0.040435791015625 -0.311309814453125
-0.0380744934082031 -0.00503921508789063 -0.130966186523438 -0.26800537109375
-0.0420913696289063 -0.0171356201171875 -0.1243896484375 -0.201126098632812
-0.0535697937011719 -0.0164566040039063 -0.0811614990234375 -0.16259765625
-0.0529670715332031 -0.0618858337402344 -0.0423812866210938 -0.1318359375
-0.00849914550781249 -0.107734680175781 -0.0334815979003906 -0.0646209716796875
0.0764312744140625 -0.109603881835938 -0.07080078125 -0.0627365112304688
0.180160522460938 -0.02001953125 -0.140464782714844 -0.136962890625
0.2232666015625 0.09283447265625 -0.143600463867188 -0.25372314453125
0.188430786132813 0.184036254882813 -0.0622100830078125 -0.259490966796875
0.150650024414063 0.252899169921875 0.17547607421875 -0.264816284179688
0.18023681640625 0.095703125 0.108131408691406 -0.0740737915039063
0.137458801269531 0.0233840942382812 0.174407958984375 -0.01141357421875
0.104133605957031 -0.0495452880859375 0.226821899414063 -0.140335083007813
0.05157470703125 -0.078582763671875 0.128570556640625 -0.252548217773438
-0.002716064453125 -0.0891952514648438 -0.01788330078125 -0.301727294921875
-0.0548934936523437 -0.104057312011719 -0.109771728515625 -0.258636474609375
-0.0532379150390625 -0.108039855957031 -0.106948852539063 -0.183120727539062
-0.060638427734375 -0.118179321289063 -0.0652084350585938 -0.138092041015625
-0.0270233154296875 -0.149627685546875 -0.03228759765625 -0.109481811523438
0.05804443359375 -0.160385131835938 -0.0277023315429687 -0.0366668701171875
0.151107788085938 -0.121231079101563 -0.0630531311035156 -0.0294914245605469
0.236968994140625 0.0345001220703125 -0.136268615722656 -0.0851364135742187
0.252288818359375 0.181365966796875 -0.11981201171875 -0.183349609375
0.182388305664062 0.27923583984375 -0.0264892578125 -0.171035766601562
0.097442626953125 0.360198974609375 0.228195190429687 -0.1527099609375
0.192169189453125 0.2371826171875 0.16656494140625 0.00462341308593752
0.223983764648438 0.127792358398438 0.21075439453125 0.0292816162109375
0.224136352539063 -0.0339813232421875 0.254653930664062 -0.104476928710937
0.141006469726563 -0.131195068359375 0.152114868164063 -0.208953857421875
0.0299835205078125 -0.18328857421875 0.0103302001953125 -0.256011962890625
-0.05950927734375 -0.18927001953125 -0.07196044921875 -0.214111328125
-0.0572052001953125 -0.182632446289063 -0.0731353759765625 -0.137100219726563
-0.064971923828125 -0.200119018554688 -0.0376815795898438 -0.0865478515625
-0.00961303710937501 -0.2197265625 -0.0186119079589844 -0.0610122680664063
0.104537963867188 -0.20208740234375 -0.0237236022949219 0.00404739379882811
0.2020263671875 -0.134536743164063 -0.0588607788085937 0.00475311279296874
0.269927978515625 0.0677032470703125 -0.123756408691406 -0.0437393188476562
0.2591552734375 0.2362060546875 -0.0774002075195312 -0.117630004882813
0.1595458984375 0.33551025390625 0.00804901123046876 -0.0647468566894531
0.018585205078125 0.40093994140625 0.253570556640625 -0.00936889648437498
0.147430419921875 0.337066650390625 0.206710815429688 0.111679077148438
0.250213623046875 0.228729248046875 0.22857666015625 0.0839691162109375
0.301910400390625 0.013519287109375 0.257308959960938 -0.0468292236328125
0.216293334960938 -0.144607543945312 0.1575927734375 -0.138137817382813
0.0693359375 -0.242660522460938 0.0344390869140625 -0.177230834960938
-0.0500946044921875 -0.2452392578125 -0.0269546508789062 -0.1395263671875
-0.05303955078125 -0.22906494140625 -0.0275421142578125 -0.0697555541992188
-0.0626678466796875 -0.25323486328125 -0.00157356262207032 -0.0167703628540039
0.00137329101562498 -0.26397705078125 -0.00267553329467773 0.00532531738281248
0.132308959960937 -0.225631713867187 -0.0207710266113281 0.0550346374511719
0.230941772460938 -0.136444091796875 -0.0585784912109375 0.0373916625976562
0.277191162109375 0.096832275390625 -0.106269836425781 -0.0161285400390625
0.234115600585938 0.2703857421875 -0.0262641906738281 -0.0606842041015625
0.1123046875 0.3548583984375 0.0351066589355469 0.0471611022949219
-0.066558837890625 0.363006591796875 0.244247436523438 0.1373291015625
0.060699462890625 0.360015869140625 0.214111328125 0.22021484375
0.203033447265625 0.28717041015625 0.22088623046875 0.134841918945313
0.308685302734375 0.07421875 0.229461669921875 0.0147705078125
0.248153686523437 -0.1171875 0.1375732421875 -0.0569915771484375
0.103164672851563 -0.25128173828125 0.0465927124023438 -0.0822830200195313
-0.030731201171875 -0.2601318359375 0.0160942077636719 -0.0488777160644531
-0.0395965576171875 -0.240432739257813 0.0209999084472656 0.00727462768554686
-0.0511016845703125 -0.267807006835938 0.0375137329101563 0.0595207214355469
0.0118865966796875 -0.27423095703125 0.0142135620117188 0.0792465209960937
0.14727783203125 -0.223297119140625 -0.0211868286132812 0.109329223632812
0.239715576171875 -0.120071411132813 -0.0648155212402344 0.0667877197265625
0.258255004882813 0.125442504882812 -0.092529296875 0.00055694580078126
0.180511474609375 0.2879638671875 0.018096923828125 -0.00905227661132811
0.0423583984375 0.341064453125 0.0438690185546875 0.15625
-0.136154174804688 0.254806518554688 0.209564208984375 0.25030517578125
-0.03619384765625 0.297454833984375 0.19732666015625 0.298248291015625
0.10650634765625 0.273910522460938 0.195648193359375 0.164169311523438
0.24322509765625 0.114898681640625 0.18023681640625 0.061004638671875
0.226226806640625 -0.0649871826171875 0.10186767578125 0.0113067626953125
0.114776611328125 -0.2119140625 0.0474205017089844 0.00848007202148436
-0.00779724121093752 -0.2315673828125 0.0504913330078125 0.0411186218261719
-0.021728515625 -0.21435546875 0.0651931762695313 0.0831680297851562
-0.0341033935546875 -0.243057250976563 0.0737457275390625 0.133384704589844
0.02215576171875 -0.249114990234375 0.028411865234375 0.15386962890625
0.146759033203125 -0.196578979492188 -0.026947021484375 0.162521362304688
0.22650146484375 -0.0905609130859375 -0.078125 0.0954437255859375
0.216461181640625 0.146469116210938 -0.0873184204101562 0.0141983032226563
0.1068115234375 0.28387451171875 0.0424995422363281 0.0422286987304688
-0.038818359375 0.29302978515625 0.027069091796875 0.2552490234375
-0.18084716796875 0.103073120117188 0.162353515625 0.308746337890625
-0.115005493164062 0.176376342773437 0.17010498046875 0.324737548828125
-0.0025787353515625 0.199188232421875 0.168472290039063 0.163742065429688
0.134178161621094 0.124198913574219 0.131614685058594 0.0805206298828125
0.159957885742188 -0.0100860595703125 0.0642585754394531 0.0538063049316406
0.102592468261719 -0.137054443359375 0.0430068969726563 0.0775527954101563
0.013916015625 -0.1658935546875 0.0741119384765625 0.113418579101562
-0.00222778320312501 -0.156509399414062 0.100173950195313 0.146163940429688
-0.0122528076171875 -0.184524536132813 0.102203369140625 0.196853637695312
0.028961181640625 -0.191543579101563 0.0352630615234375 0.220840454101563
0.127609252929688 -0.146774291992188 -0.0387725830078125 0.210403442382813
0.187637329101562 -0.053466796875 -0.0982437133789062 0.122566223144531
0.153167724609375 0.148788452148438 -0.093231201171875 0.02764892578125
0.0233001708984375 0.243988037109375 0.0417098999023438 0.0906753540039063
-0.114990234375 0.206008911132812 -0.016998291015625 0.330474853515625
0.146316528320312 -0.0520172119140625 0.00869750976562503 -0.34228515625
0.027008056640625 -0.157562255859375 -0.00737762451171875 -0.111083984375
-0.0938568115234375 -0.095367431640625 0.100616455078125 -0.0379791259765625
-0.118782043457031 0.00951385498046876 0.141937255859375 -0.15423583984375
-0.0782928466796875 0.08135986328125 0.044464111328125 -0.255233764648438
-0.0114288330078125 0.119537353515625 -0.084320068359375 -0.282684326171875
0.00067138671874999 0.0925445556640625 -0.157821655273437 -0.232620239257813
-0.0167617797851562 0.0781097412109375 -0.142608642578125 -0.175506591796875
-0.0322189331054688 0.0915298461914063 -0.104843139648437 -0.144912719726563
-0.0807876586914062 0.04534912109375 -0.0717010498046875 -0.116920471191406
-0.0958938598632813 -0.0385055541992188 -0.0580596923828125 -0.0741653442382813
-0.0338134765625 -0.104476928710937 -0.0953598022460937 -0.0860366821289063
0.0942535400390625 -0.116020202636719 -0.15460205078125 -0.176376342773438
0.177978515625 -0.05419921875 -0.180938720703125 -0.299285888671875
0.184616088867188 0.03302001953125 -0.132293701171875 -0.311553955078125
0.177932739257812 0.095184326171875 0.0756835937500001 -0.338958740234375
0.119430541992188 -0.0544052124023438 0.0375442504882813 -0.113449096679687
0.0199661254882812 -0.0569305419921875 0.13287353515625 -0.0380172729492188
-0.0197563171386719 -0.0320796966552734 0.178329467773438 -0.166732788085938
-0.0260868072509766 -0.001190185546875 0.07244873046875 -0.272613525390625
-0.0162353515625 0.0181846618652344 -0.07330322265625 -0.306854248046875
-0.036376953125 -0.00214004516601562 -0.159896850585937 -0.254379272460938
-0.0435600280761719 -0.0139045715332031 -0.147293090820313 -0.185745239257813
-0.0537528991699219 -0.0131912231445313 -0.103302001953125 -0.152099609375
-0.0572547912597656 -0.0566139221191406 -0.063262939453125 -0.127426147460938
-0.01812744140625 -0.1043701171875 -0.0468788146972656 -0.0661392211914063
0.0655899047851562 -0.114822387695312 -0.0788040161132813 -0.0630569458007813
0.176986694335938 -0.0367431640625 -0.14984130859375 -0.129180908203125
0.231338500976562 0.071075439453125 -0.165496826171875 -0.243820190429688
0.205215454101563 0.166015625 -0.0886077880859375 -0.261550903320313
0.175567626953125 0.240234375 0.1478271484375 -0.283447265625
0.189788818359375 0.0799560546875 0.097930908203125 -0.0795745849609375
0.1431884765625 0.0123291015625 0.173599243164063 -0.022186279296875
0.101974487304687 -0.0594024658203125 0.215682983398438 -0.159637451171875
0.0460128784179687 -0.0837936401367188 0.105133056640625 -0.263412475585938
-0.00879669189453124 -0.0910491943359375 -0.04852294921875 -0.29986572265625
-0.0652389526367187 -0.0995559692382813 -0.138198852539062 -0.245742797851563
-0.0650482177734375 -0.103279113769531 -0.129425048828125 -0.168411254882813
-0.0729904174804688 -0.113784790039062 -0.0851287841796875 -0.128501892089844
-0.0413055419921875 -0.1483154296875 -0.0527496337890625 -0.104812622070313
0.04229736328125 -0.166519165039063 -0.039581298828125 -0.0375480651855469
0.140518188476563 -0.136322021484375 -0.0703964233398437 -0.0293807983398438
0.241622924804688 0.0124664306640625 -0.143463134765625 -0.078277587890625
0.271224975585938 0.158523559570313 -0.136749267578125 -0.177474975585938
0.209548950195313 0.263565063476563 -0.0448455810546875 -0.17669677734375
0.134185791015625 0.35345458984375 0.211105346679687 -0.175567626953125
0.215988159179687 0.21978759765625 0.16217041015625 -0.00721740722656249
0.24249267578125 0.107696533203125 0.212631225585938 0.0151824951171875
0.223907470703125 -0.0568084716796875 0.245574951171875 -0.124679565429687
0.129669189453125 -0.14642333984375 0.133224487304688 -0.221298217773437
0.0135650634765625 -0.188751220703125 -0.0142974853515625 -0.255783081054688
-0.079986572265625 -0.1842041015625 -0.0956268310546875 -0.204635620117188
-0.0783233642578125 -0.177291870117188 -0.0906448364257813 -0.125839233398438
-0.0881500244140625 -0.196319580078125 -0.0511322021484375 -0.0794448852539063
-0.033233642578125 -0.220947265625 -0.0347213745117188 -0.057373046875
0.083984375 -0.215972900390625 -0.0314426422119141 0.00548171997070311
0.189498901367188 -0.157150268554688 -0.0641365051269531 0.00608062744140624
0.280975341796875 0.04241943359375 -0.129386901855469 -0.0372085571289063
0.2869873046875 0.213531494140625 -0.0894088745117188 -0.115669250488281
0.193206787109375 0.322418212890625 -0.00106811523437498 -0.0738449096679687
0.061187744140625 0.404541015625 0.250091552734375 -0.0328216552734375
0.183746337890625 0.325408935546875 0.210403442382813 0.0957794189453125
0.280227661132813 0.206680297851562 0.233108520507813 0.068023681640625
0.30755615234375 -0.0177001953125 0.252517700195313 -0.0662689208984375
0.201828002929687 -0.1690673828125 0.145401000976563 -0.150604248046875
0.04522705078125 -0.252655029296875 0.01922607421875 -0.179473876953125
-0.0776519775390625 -0.240234375 -0.0426406860351562 -0.135017395019531
-0.0799102783203125 -0.223724365234375 -0.0385322570800781 -0.0636520385742188
-0.0928497314453125 -0.247756958007812 -0.00673294067382813 -0.013026237487793
-0.0287017822265625 -0.26556396484375 -0.00984954833984375 0.00777530670166014
0.108963012695313 -0.243560791015625 -0.0223159790039062 0.057891845703125
0.218399047851563 -0.162887573242188 -0.0606307983398437 0.0405387878417969
0.29254150390625 0.069122314453125 -0.110092163085937 -0.010772705078125
0.266754150390625 0.249069213867188 -0.0341262817382812 -0.0639305114746094
0.149261474609375 0.34674072265625 0.0368843078613281 0.0367012023925781
-0.027099609375 0.375823974609375 0.254852294921875 0.115936279296875
0.10003662109375 0.357086181640625 0.229949951171875 0.2032470703125
0.239456176757812 0.268997192382813 0.22943115234375 0.119400024414063
0.320831298828125 0.041015625 0.229324340820313 -0.0015716552734375
0.236007690429687 -0.1451416015625 0.134162902832031 -0.0674209594726563
0.0762481689453125 -0.263671875 0.0419464111328125 -0.08502197265625
-0.0609893798828125 -0.25665283203125 0.00959777832031249 -0.0488853454589844
-0.068267822265625 -0.235137939453125 0.0191745758056641 0.00763511657714842
-0.08428955078125 -0.262908935546875 0.0419960021972656 0.0589179992675781
-0.0206298828125 -0.276596069335938 0.0168685913085938 0.0809707641601563
0.123138427734375 -0.243194580078125 -0.014923095703125 0.113136291503906
0.227813720703125 -0.148056030273438 -0.0635223388671875 0.0726318359375
0.277328491210938 0.0995330810546875 -0.0954666137695312 0.0062255859375
0.214981079101563 0.2713623046875 0.0151386260986328 -0.0165777206420898
0.079071044921875 0.339691162109375 0.0573272705078125 0.146743774414063
-0.107757568359375 0.273361206054688 0.231964111328125 0.23443603515625
-0.00204467773437498 0.303466796875 0.219970703125 0.2828369140625
0.140655517578125 0.265640258789063 0.205917358398437 0.150070190429688
0.258987426757813 0.0882720947265625 0.184951782226563 0.0496063232421875
0.217788696289063 -0.0918731689453125 0.105239868164063 0.00527954101562499
0.0904998779296875 -0.225860595703125 0.0528411865234375 0.00520324707031249
-0.0356903076171875 -0.229827880859375 0.0545310974121094 0.0365943908691406
-0.0479583740234375 -0.211532592773438 0.0719070434570313 0.077484130859375
-0.063873291015625 -0.239700317382813 0.0868606567382813 0.128692626953125
-0.00773620605468748 -0.251937866210938 0.0401458740234375 0.154098510742188
0.123764038085937 -0.2154541015625 -0.0146942138671875 0.1683349609375
0.216812133789063 -0.11669921875 -0.0738067626953125 0.103828430175781
0.236083984375 0.123977661132812 -0.0891647338867187 0.0196990966796875
0.140533447265625 0.273239135742187 0.0449180603027344 0.0330581665039063
-0.00643920898437499 0.2979736328125 0.05108642578125 0.248489379882813
-0.167556762695313 0.12506103515625 0.190582275390625 0.298370361328125
-0.094451904296875 0.1904296875 0.19671630859375 0.312103271484375
0.024139404296875 0.201004028320312 0.178512573242188 0.152542114257813
0.150390625 0.107772827148437 0.139083862304688 0.0744857788085938
0.157638549804688 -0.0297393798828125 0.0734634399414063 0.0518264770507812
0.0843353271484375 -0.149551391601563 0.0564346313476563 0.074127197265625
-0.00686645507812499 -0.166015625 0.0869598388671875 0.105422973632813
-0.0221710205078125 -0.155471801757813 0.114288330078125 0.134963989257813
-0.0353546142578125 -0.182571411132812 0.123199462890625 0.187911987304687
0.00538635253906251 -0.194656372070313 0.05596923828125 0.220016479492188
0.110107421875 -0.162124633789063 -0.0201263427734375 0.216903686523438
0.181838989257813 -0.0750579833984375 -0.0905227661132812 0.131996154785156
0.17108154296875 0.13262939453125 -0.0941009521484375 0.0342025756835937
0.051727294921875 0.240829467773437 0.0500030517578125 0.08099365234375
-0.090789794921875 0.217529296875 0.015838623046875 0.33050537109375
0.139656066894531 -0.061492919921875 -0.016845703125 -0.340728759765625
0.0143585205078125 -0.156021118164063 -0.0155792236328125 -0.106330871582031
-0.100830078125 -0.0853271484375 0.100822448730469 -0.0405044555664063
-0.115699768066406 0.019775390625 0.133575439453125 -0.161712646484375
-0.0682449340820312 0.086883544921875 0.02783203125 -0.255447387695312
0.00153350830078125 0.116920471191406 -0.104827880859375 -0.273193359375
0.0105209350585937 0.0897979736328125 -0.1746826171875 -0.218475341796875
-0.00921630859375001 0.0779342651367188 -0.155349731445313 -0.161361694335937
-0.0220870971679688 0.090850830078125 -0.1182861328125 -0.133720397949219
-0.0735397338867188 0.0522384643554688 -0.084014892578125 -0.10845947265625
-0.095733642578125 -0.0266952514648438 -0.0676116943359375 -0.0738525390625
-0.041717529296875 -0.097991943359375 -0.101982116699219 -0.0851058959960938
0.0820999145507813 -0.121627807617188 -0.160614013671875 -0.170181274414062
0.168960571289063 -0.0672607421875 -0.196380615234375 -0.28802490234375
0.182693481445312 0.018463134765625 -0.153411865234375 -0.30548095703125
0.182540893554688 0.0826263427734375 0.05078125 -0.342681884765625
0.11346435546875 -0.060394287109375 0.02783203125 -0.110740661621094
0.0170822143554688 -0.0563507080078125 0.131240844726563 -0.0421600341796875
-0.0195865631103516 -0.02935791015625 0.16796875 -0.17584228515625
-0.0224590301513672 0.00119590759277344 0.0532073974609375 -0.273681640625
-0.0112190246582031 0.0160713195800781 -0.095916748046875 -0.298126220703125
-0.0343647003173828 -0.00186729431152344 -0.17852783203125 -0.238433837890625
-0.0434150695800781 -0.0106430053710938 -0.161346435546875 -0.170135498046875
-0.0526771545410156 -0.0118179321289063 -0.117645263671875 -0.140373229980469
-0.0588912963867188 -0.0516014099121094 -0.0792007446289062 -0.118904113769531
-0.0238189697265625 -0.0995407104492188 -0.0577278137207031 -0.0657768249511719
0.05694580078125 -0.1165771484375 -0.0854644775390625 -0.0637741088867188
0.171768188476563 -0.047607421875 -0.154754638671875 -0.123672485351562
0.23248291015625 0.05413818359375 -0.178482055664062 -0.235885620117188
0.212539672851563 0.150985717773438 -0.107101440429688 -0.2593994140625
0.191131591796875 0.227645874023438 0.12567138671875 -0.291839599609375
0.193557739257813 0.067626953125 0.0887527465820313 -0.0812911987304688
0.145782470703125 0.00360107421875 0.17120361328125 -0.02813720703125
0.099151611328125 -0.06573486328125 0.205459594726562 -0.16961669921875
0.0418548583984375 -0.086761474609375 0.0862274169921875 -0.266265869140625
-0.012542724609375 -0.0924148559570313 -0.069488525390625 -0.292144775390625
-0.0715713500976562 -0.0954360961914063 -0.15618896484375 -0.230712890625
-0.072509765625 -0.0974655151367188 -0.14215087890625 -0.154052734375
-0.0819549560546875 -0.109100341796875 -0.0974273681640625 -0.117515563964844
-0.0514984130859375 -0.144821166992188 -0.0682144165039062 -0.097076416015625
0.0306854248046875 -0.168014526367188 -0.0489425659179688 -0.0365829467773438
0.13018798828125 -0.145248413085938 -0.07586669921875 -0.0300445556640625
0.241928100585937 -0.0041656494140625 -0.146347045898437 -0.073577880859375
0.281646728515625 0.138397216796875 -0.146804809570313 -0.171661376953125
0.224868774414063 0.247726440429688 -0.0601959228515625 -0.179534912109375
0.15985107421875 0.3427734375 0.194488525390625 -0.188613891601562
0.230712890625 0.204360961914062 0.155914306640625 -0.0136260986328125
0.252593994140625 0.0905303955078125 0.210159301757813 0.00679016113281251
0.219924926757813 -0.072662353515625 0.235702514648438 -0.136444091796875
0.11846923828125 -0.1551513671875 0.11761474609375 -0.22564697265625
0.000427246093749981 -0.190719604492187 -0.0315093994140625 -0.251235961914063
-0.09344482421875 -0.176605224609375 -0.111541748046875 -0.193359375
-0.0919952392578125 -0.169692993164063 -0.101371765136719 -0.113143920898438
-0.104354858398437 -0.1884765625 -0.0606307983398438 -0.07037353515625
-0.051177978515625 -0.217803955078125 -0.0461349487304688 -0.0506591796875
0.0667877197265625 -0.221420288085938 -0.03826904296875 0.00728988647460936
0.17779541015625 -0.170730590820312 -0.0680999755859375 0.00655746459960936
0.285430908203125 0.022247314453125 -0.131378173828125 -0.0330581665039062
0.302825927734375 0.19140625 -0.0977325439453125 -0.114082336425781
0.214691162109375 0.30816650390625 -0.00978088378906248 -0.0803298950195312
0.0921630859375 0.398773193359375 0.243072509765625 -0.04925537109375
0.206085205078125 0.3104248046875 0.209915161132813 0.0842132568359375
0.298797607421875 0.18536376953125 0.232864379882813 0.05743408203125
0.30657958984375 -0.041229248046875 0.245361328125 -0.0779266357421875
0.1878662109375 -0.182968139648438 0.135360717773438 -0.156692504882813
0.0269622802734375 -0.255645751953125 0.0084991455078125 -0.177536010742188
-0.0961456298828125 -0.231613159179688 -0.0539779663085938 -0.128952026367188
-0.09765625 -0.214569091796875 -0.0449676513671875 -0.0565223693847656
-0.114593505859375 -0.238739013671875 -0.010432243347168 -0.00881576538085939
-0.051483154296875 -0.261886596679688 -0.0162544250488281 0.0124740600585937
0.0886993408203125 -0.2515869140625 -0.0243568420410156 0.0601425170898437
0.205001831054687 -0.179763793945313 -0.0625534057617187 0.0424156188964844
0.300140380859375 0.04736328125 -0.111808776855469 -0.00681304931640627
0.2877197265625 0.228179931640625 -0.0402145385742187 -0.0662918090820312
0.1732177734375 0.334716796875 0.0352783203125 0.0275497436523438
0.003082275390625 0.3779296875 0.25799560546875 0.0990447998046875
0.12615966796875 0.347869873046875 0.234588623046875 0.188232421875
0.263320922851563 0.250259399414063 0.231185913085938 0.109115600585938
0.323394775390625 0.015838623046875 0.226760864257813 -0.01165771484375
0.222259521484375 -0.162582397460937 0.13006591796875 -0.0727996826171875
0.0539398193359375 -0.268768310546875 0.0387420654296875 -0.0864791870117188
-0.0814971923828125 -0.24871826171875 0.005615234375 -0.0479316711425781
-0.088104248046875 -0.227142333984375 0.0170984268188477 0.00905990600585936
-0.10723876953125 -0.254165649414063 0.0444068908691406 0.0582199096679687
-0.044403076171875 -0.272293090820313 0.0171356201171875 0.082427978515625
0.101425170898438 -0.2532958984375 -0.0120391845703125 0.115898132324219
0.214981079101563 -0.166549682617187 -0.0626602172851562 0.0764617919921875
0.28619384765625 0.077301025390625 -0.0968399047851562 0.00880432128906252
0.238037109375 0.253829956054688 0.0115947723388672 -0.0227012634277344
0.104278564453125 0.33172607421875 0.0645599365234375 0.136764526367188
-0.0836181640625 0.28289794921875 0.244186401367188 0.22015380859375
0.02203369140625 0.302642822265625 0.2320556640625 0.268035888671875
0.16455078125 0.25335693359375 0.209060668945313 0.140213012695313
0.266494750976563 0.0662689208984375 0.185348510742188 0.0422821044921875
0.207962036132813 -0.109207153320312 0.107139587402344 0.000839233398437493
0.07025146484375 -0.231643676757812 0.0569343566894531 0.00194931030273436
-0.0553436279296875 -0.223220825195313 0.0562515258789063 0.0325660705566406
-0.0665283203125 -0.204360961914063 0.0751571655273438 0.07269287109375
-0.0857086181640625 -0.231964111328125 0.0952224731445313 0.122856140136719
-0.0308685302734375 -0.24945068359375 0.047882080078125 0.152816772460937
0.104324340820313 -0.2247314453125 -0.00550842285156249 0.170028686523438
0.20574951171875 -0.134689331054687 -0.0693817138671875 0.108505249023437
0.247406005859375 0.105194091796875 -0.089874267578125 0.0235214233398438
0.163955688476563 0.260360717773438 0.0448188781738281 0.0249443054199219
0.017120361328125 0.29534912109375 0.0662384033203125 0.238937377929688
-0.153900146484375 0.139358520507812 0.208221435546875 0.28680419921875
-0.076171875 0.196884155273438 0.210418701171875 0.2994384765625
0.043365478515625 0.197418212890625 0.181930541992188 0.144241333007813
0.160629272460938 0.09246826171875 0.141754150390625 0.071197509765625
0.151824951171875 -0.043975830078125 0.0801162719726563 0.0494537353515625
0.0694122314453125 -0.155288696289063 0.0657997131347656 0.0688285827636719
-0.0222625732421875 -0.162155151367188 0.0942001342773437 0.0975494384765625
-0.036376953125 -0.150558471679687 0.121696472167969 0.125213623046875
-0.0524749755859375 -0.175537109375 0.13623046875 0.177520751953125
-0.01275634765625 -0.191818237304688 0.0700836181640625 0.21533203125
0.0943450927734375 -0.169784545898437 -0.00599670410156249 0.218734741210938
0.172454833984375 -0.0900115966796875 -0.0838088989257812 0.138442993164063
0.181640625 0.11810302734375 -0.0936203002929687 0.0372848510742188
0.0725250244140625 0.233413696289063 0.0533294677734375 0.0715255737304688
-0.0723876953125 0.21966552734375 0.03900146484375 0.323699951171875
0.135017395019531 -0.0691452026367187 -0.033966064453125 -0.34326171875
0.00526428222656251 -0.155197143554688 -0.0201797485351562 -0.103340148925781
-0.105873107910156 -0.0783767700195313 0.102432250976563 -0.0425643920898438
-0.114059448242188 0.02777099609375 0.13079833984375 -0.168228149414063
-0.0602951049804688 0.0908889770507812 0.0172271728515625 -0.257186889648438
0.0103302001953125 0.113861083984375 -0.119522094726563 -0.267868041992188
0.017669677734375 0.0875701904296875 -0.187026977539063 -0.209716796875
-0.00363922119140626 0.0784530639648438 -0.165481567382813 -0.1531982421875
-0.015228271484375 0.0903472900390625 -0.127838134765625 -0.125770568847656
-0.0678024291992188 0.0561866760253906 -0.0932083129882812 -0.103218078613281
-0.095306396484375 -0.0187606811523438 -0.0771942138671875 -0.074066162109375
-0.046875 -0.0943984985351563 -0.108589172363281 -0.087799072265625
0.0735092163085938 -0.125343322753906 -0.165802001953125 -0.168746948242188
0.162826538085938 -0.0762786865234375 -0.2081298828125 -0.28509521484375
0.182479858398438 0.009033203125 -0.1676025390625 -0.30426025390625
0.18597412109375 0.074981689453125 0.032806396484375 -0.34820556640625
0.110252380371094 -0.0643081665039062 0.022186279296875 -0.109413146972656
0.0158424377441406 -0.0553512573242187 0.132087707519531 -0.0443649291992187
-0.0199127197265625 -0.0274600982666016 0.163162231445313 -0.18316650390625
-0.0197563171386719 0.00229835510253907 0.0425872802734375 -0.2760009765625
-0.007476806640625 0.0131130218505859 -0.1109619140625 -0.292572021484375
-0.0333995819091797 -0.00146865844726563 -0.19281005859375 -0.228515625
-0.0434036254882813 -0.00896072387695313 -0.17230224609375 -0.159454345703125
-0.0529937744140625 -0.0108566284179688 -0.128135681152344 -0.131546020507812
-0.0599441528320312 -0.0494461059570313 -0.0912704467773438 -0.112083435058594
-0.0274581909179687 -0.0972061157226563 -0.0674514770507813 -0.0663223266601563
0.051605224609375 -0.118782043457031 -0.0922012329101562 -0.0667495727539063
0.168853759765625 -0.05584716796875 -0.158157348632813 -0.122833251953125
0.235244750976563 0.0433197021484375 -0.188583374023438 -0.232864379882813
0.219512939453125 0.14178466796875 -0.12176513671875 -0.262588500976563
0.2032470703125 0.22039794921875 0.111053466796875 -0.30029296875
0.19830322265625 0.0600738525390625 0.0837478637695313 -0.0816726684570312
0.149765014648437 -0.002838134765625 0.171676635742188 -0.03131103515625
0.0985870361328125 -0.0706558227539062 0.20037841796875 -0.17791748046875
0.0396728515625 -0.0889968872070313 0.0756378173828125 -0.268646240234375
-0.0159988403320313 -0.09564208984375 -0.083221435546875 -0.288360595703125
-0.0760116577148437 -0.0930633544921875 -0.170272827148438 -0.221786499023438
-0.0781173706054688 -0.094573974609375 -0.1522216796875 -0.142913818359375
-0.0882568359375 -0.106819152832031 -0.107330322265625 -0.108917236328125
-0.0594482421875 -0.143585205078125 -0.0805587768554688 -0.0900726318359375
0.0228118896484375 -0.170166015625 -0.058837890625 -0.0354194641113282
0.124435424804688 -0.152496337890625 -0.0821762084960937 -0.0325393676757813
0.244598388671875 -0.0152740478515625 -0.149322509765625 -0.0732574462890625
0.28997802734375 0.125335693359375 -0.155364990234375 -0.170867919921875
0.23736572265625 0.240142822265625 -0.072357177734375 -0.184051513671875
0.1781005859375 0.33892822265625 0.184219360351563 -0.199554443359375
0.24200439453125 0.194931030273438 0.152389526367188 -0.0165863037109375
0.262374877929687 0.078826904296875 0.210525512695313 0.0029754638671875
0.219833374023438 -0.085052490234375 0.2327880859375 -0.145004272460938
0.112472534179687 -0.162399291992187 0.10894775390625 -0.22930908203125
-0.00837707519531248 -0.194656372070312 -0.04315185546875 -0.249038696289063
-0.103118896484375 -0.173126220703125 -0.123641967773437 -0.185775756835938
-0.10296630859375 -0.165283203125 -0.109214782714844 -0.104568481445313
-0.116912841796875 -0.184539794921875 -0.06707763671875 -0.0643539428710938
-0.0648040771484375 -0.217575073242187 -0.0560379028320313 -0.0439987182617188
0.0552978515625 -0.228256225585937 -0.0453033447265625 0.0097236633300781
0.171310424804688 -0.1826171875 -0.073089599609375 0.00650787353515622
0.291168212890625 0.00799560546875 -0.133743286132812 -0.0329055786132813
0.31683349609375 0.177337646484375 -0.104682922363281 -0.115097045898437
0.230316162109375 0.301483154296875 -0.0178909301757812 -0.0861053466796875
0.114471435546875 0.399322509765625 0.23919677734375 -0.059844970703125
0.2237548828125 0.302032470703125 0.210113525390625 0.0789794921875
0.313720703125 0.1707763671875 0.233963012695313 0.0531463623046875
0.30853271484375 -0.05859375 0.24334716796875 -0.0853271484375
0.178802490234375 -0.194503784179688 0.130126953125 -0.160171508789063
0.0126953125 -0.2607421875 0.00149536132812499 -0.178085327148438
-0.11041259765625 -0.227386474609375 -0.0616912841796875 -0.124061584472656
-0.11151123046875 -0.210128784179688 -0.0497093200683594 -0.0509757995605469
-0.131820678710938 -0.234146118164063 -0.0130901336669922 -0.00502872467041017
-0.06915283203125 -0.261322021484375 -0.0219135284423828 0.0175151824951172
0.07354736328125 -0.260482788085937 -0.0279350280761719 0.0628662109375
0.197311401367188 -0.19464111328125 -0.0654716491699219 0.043853759765625
0.308868408203125 0.03167724609375 -0.114555358886719 -0.00614929199218751
0.305450439453125 0.214141845703125 -0.0460395812988281 -0.0696296691894531
0.1915283203125 0.330413818359375 0.03271484375 0.0205783843994141
0.024688720703125 0.38177490234375 0.262176513671875 0.088623046875
0.147003173828125 0.3443603515625 0.239959716796875 0.181655883789063
0.282623291015625 0.237579345703125 0.233566284179688 0.103363037109375
0.32940673828125 -0.00341796875 0.22705078125 -0.016632080078125
0.214004516601563 -0.176162719726563 0.129196166992188 -0.0765762329101563
0.0389404296875 -0.274795532226563 0.0373153686523438 -0.088348388671875
-0.0973968505859375 -0.244720458984375 0.00197601318359374 -0.0470962524414063
-0.102325439453125 -0.22283935546875 0.016392707824707 0.010599136352539
-0.124969482421875 -0.248504638671875 0.0465049743652344 0.0583381652832031
-0.0634307861328125 -0.272628784179688 0.01702880859375 0.0851821899414062
0.0863494873046875 -0.262924194335938 -0.0111083984375 0.119758605957031
0.207199096679688 -0.18170166015625 -0.0632095336914062 0.07965087890625
0.29730224609375 0.06182861328125 -0.09918212890625 0.0106430053710938
0.258392333984375 0.242019653320313 0.0077648162841797 -0.0278606414794922
0.121978759765625 0.328765869140625 0.0674667358398438 0.130393981933594
-0.065887451171875 0.2911376953125 0.25408935546875 0.212905883789063
0.03997802734375 0.304443359375 0.24029541015625 0.26239013671875
0.183914184570313 0.2457275390625 0.211990356445313 0.136978149414063
0.2742919921875 0.049468994140625 0.187896728515625 0.0396728515625
0.201995849609375 -0.122848510742188 0.110404968261719 -0.00126647949218751
0.0559844970703125 -0.23724365234375 0.0604629516601563 -0.00133895874023439
-0.0700531005859375 -0.220062255859375 0.0577430725097656 0.03045654296875
-0.080657958984375 -0.199905395507812 0.0783538818359375 0.0706253051757812
-0.10198974609375 -0.227020263671875 0.101760864257812 0.11968994140625
-0.0476226806640625 -0.248809814453125 0.053009033203125 0.153839111328125
0.0897674560546875 -0.2340087890625 1.52587890625027E-05 0.173629760742187
0.19927978515625 -0.14886474609375 -0.0677642822265625 0.113441467285156
0.257705688476563 0.091705322265625 -0.0926055908203125 0.0259933471679687
0.182586669921875 0.25164794921875 0.0440292358398438 0.0176811218261719
0.03302001953125 0.29638671875 0.0756988525390625 0.23455810546875
-0.14434814453125 0.150772094726563 0.222442626953125 0.2835693359375
-0.06365966796875 0.202682495117187 0.221160888671875 0.295013427734375
0.0585174560546875 0.194671630859375 0.184677124023438 0.142730712890625
0.1683349609375 0.0803985595703125 0.145919799804687 0.07049560546875
0.148605346679688 -0.0545196533203125 0.0860443115234375 0.0481643676757812
0.058319091796875 -0.160018920898438 0.073638916015625 0.0651779174804687
-0.0337066650390625 -0.160171508789062 0.0999908447265625 0.0920333862304687
-0.047393798828125 -0.147354125976563 0.127883911132813 0.119171142578125
-0.0648345947265625 -0.172332763671875 0.145431518554688 0.171829223632813
-0.0265655517578125 -0.191299438476563 0.0791168212890625 0.215225219726563
0.0826568603515625 -0.177322387695313 0.00320434570312503 0.222030639648438
0.167190551757813 -0.100494384765625 -0.0800323486328125 0.14306640625
0.191360473632813 0.107879638671875 -0.0954360961914062 0.0397567749023438
0.0883026123046875 0.229660034179688 0.0557785034179688 0.0646324157714844
-0.0606842041015625 0.22320556640625 0.05364990234375 0.32177734375
0.134025573730469 -0.0767440795898438 -0.051300048828125 -0.353240966796875
-0.0029296875 -0.15863037109375 -0.0250167846679687 -0.103385925292969
-0.112655639648437 -0.0733184814453125 0.106681823730469 -0.0455856323242188
-0.114700317382813 0.0355758666992187 0.130142211914063 -0.179092407226562
-0.0549774169921875 0.09661865234375 0.00933837890625001 -0.264495849609375
0.0191879272460938 0.113594055175781 -0.135101318359375 -0.268997192382813
0.0243453979492188 0.085723876953125 -0.203033447265625 -0.205902099609375
0.00175476074218749 0.0805130004882812 -0.178451538085938 -0.147735595703125
-0.00946044921875 0.0917892456054687 -0.139122009277344 -0.121109008789062
-0.0633811950683594 0.061492919921875 -0.103782653808594 -0.0999603271484375
-0.096282958984375 -0.0119705200195313 -0.0879898071289063 -0.0762557983398437
-0.0532379150390625 -0.0922775268554687 -0.11785888671875 -0.09259033203125
0.0669631958007812 -0.131668090820313 -0.174728393554687 -0.171722412109375
0.160720825195312 -0.0863494873046875 -0.2235107421875 -0.2879638671875
0.187088012695313 0.000396728515625 -0.186187744140625 -0.311981201171875
0.19287109375 0.068603515625 0.0169677734375 -0.361602783203125
0.110054016113281 -0.0698318481445312 0.0174636840820313 -0.111061096191406
0.0151252746582031 -0.055938720703125 0.137016296386719 -0.0475616455078125
-0.0206089019775391 -0.0263824462890625 0.16290283203125 -0.194580078125
-0.0173883438110352 0.00310516357421875 0.033233642578125 -0.284027099609375
-0.00568294525146484 0.00978565216064453 -0.127197265625 -0.29443359375
-0.0332717895507813 -0.00211143493652343 -0.209808349609375 -0.224594116210938
-0.0450363159179688 -0.00791168212890626 -0.185028076171875 -0.153289794921875
-0.0543327331542969 -0.0103111267089844 -0.140625 -0.125091552734375
-0.0617485046386719 -0.0483474731445313 -0.104042053222656 -0.108245849609375
-0.03082275390625 -0.0971603393554688 -0.07916259765625 -0.0674591064453125
0.048248291015625 -0.123313903808594 -0.101661682128906 -0.0711669921875
0.17022705078125 -0.0636138916015625 -0.166030883789063 -0.126449584960937
0.242538452148438 0.0337371826171875 -0.202224731445312 -0.23626708984375
0.231369018554688 0.137588500976563 -0.139083862304688 -0.270858764648438
0.219284057617188 0.218246459960937 0.098785400390625 -0.314849853515625
0.206283569335938 0.0536041259765625 0.0810775756835938 -0.0845718383789063
0.156265258789063 -0.0093536376953125 0.17724609375 -0.0340728759765625
0.100105285644531 -0.0777587890625 0.201126098632813 -0.189743041992188
0.0387115478515625 -0.0941390991210938 0.068603515625 -0.27874755859375
-0.0197372436523438 -0.101799011230469 -0.09869384765625 -0.291015625
-0.0822677612304688 -0.0932769775390625 -0.186355590820313 -0.217636108398438
-0.0847930908203125 -0.0934677124023438 -0.16400146484375 -0.135757446289063
-0.0973892211914062 -0.106346130371094 -0.11846923828125 -0.102981567382813
-0.068145751953125 -0.14556884765625 -0.0924072265625 -0.085418701171875
0.0164031982421875 -0.176712036132813 -0.0694732666015625 -0.0338935852050782
0.122451782226563 -0.162948608398438 -0.090179443359375 -0.0350189208984375
0.25262451171875 -0.0270233154296875 -0.156082153320312 -0.0755615234375
0.306427001953125 0.11614990234375 -0.16705322265625 -0.174240112304688
0.254608154296875 0.239059448242188 -0.0852813720703125 -0.193023681640625
0.1993408203125 0.342041015625 0.179977416992188 -0.213592529296875
0.258743286132813 0.189682006835938 0.1536865234375 -0.01898193359375
0.277587890625 0.0689697265625 0.21673583984375 0.000579833984375004
0.2249755859375 -0.099029541015625 0.234939575195313 -0.155410766601563
0.10968017578125 -0.172882080078125 0.104019165039063 -0.238876342773438
-0.017822265625 -0.202804565429688 -0.053955078125 -0.252655029296875
-0.114898681640625 -0.174911499023438 -0.135772705078125 -0.18267822265625
-0.115127563476562 -0.164627075195312 -0.118339538574219 -0.0994873046875
-0.13201904296875 -0.184280395507813 -0.07464599609375 -0.0590972900390625
-0.079254150390625 -0.22113037109375 -0.0665092468261719 -0.0378189086914063
0.04449462890625 -0.239044189453125 -0.0532379150390625 0.0127944946289062
0.168441772460938 -0.19757080078125 -0.0797653198242187 0.00627136230468751
0.3045654296875 -0.006439208984375 -0.140327453613281 -0.0331497192382812
0.337982177734375 0.1683349609375 -0.114143371582031 -0.119537353515625
0.250762939453125 0.302490234375 -0.026123046875 -0.0938339233398437
0.137939453125 0.4073486328125 0.241943359375 -0.0711669921875
0.245361328125 0.30133056640625 0.21551513671875 0.07659912109375
0.33544921875 0.160491943359375 0.241470336914063 0.0525054931640625
0.3184814453125 -0.07708740234375 0.248046875 -0.0935516357421875
0.176422119140625 -0.208953857421875 0.128631591796875 -0.16741943359375
0.000137329101562508 -0.271133422851562 -0.00419616699218752 -0.18280029296875
-0.126663208007813 -0.228897094726563 -0.0700302124023438 -0.123191833496094
-0.126220703125 -0.2095947265625 -0.0548324584960938 -0.0466842651367188
-0.14984130859375 -0.233367919921875 -0.0146570205688477 -0.00155067443847658
-0.0872344970703125 -0.26641845703125 -0.0266532897949219 0.0234432220458984
0.06121826171875 -0.274444580078125 -0.0312538146972656 0.0689888000488281
0.193649291992188 -0.212936401367188 -0.0700721740722656 0.0471038818359375
0.323699951171875 0.016326904296875 -0.120628356933594 -0.00600433349609377
0.32977294921875 0.205718994140625 -0.052734375 -0.0746078491210937
0.212493896484375 0.333587646484375 0.030914306640625 0.0152015686035156
0.046417236328125 0.39385986328125 0.272323608398438 0.08306884765625
0.16876220703125 0.347900390625 0.249588012695313 0.1810302734375
0.3060302734375 0.230072021484375 0.242218017578125 0.104034423828125
0.34210205078125 -0.02215576171875 0.233627319335938 -0.021759033203125
0.211700439453125 -0.192977905273438 0.132125854492188 -0.0820236206054688
0.02471923828125 -0.286285400390625 0.037017822265625 -0.092376708984375
-0.113616943359375 -0.246002197265625 1.14440917968716E-05 -0.0472259521484375
-0.119003295898438 -0.222869873046875 0.0161876678466797 0.0129175186157226
-0.144424438476563 -0.249191284179688 0.0500411987304687 0.0603713989257812
-0.0827178955078125 -0.277145385742188 0.0179214477539062 0.09228515625
0.0720977783203125 -0.27685546875 -0.0102462768554687 0.126419067382812
0.204559326171875 -0.200485229492187 -0.06573486328125 0.0842819213867187
0.314422607421875 0.04833984375 -0.105018615722656 0.0119400024414062
0.282806396484375 0.2353515625 0.00345993041992189 -0.0333137512207031
0.1414794921875 0.334381103515625 0.0712432861328125 0.127555847167969
-0.05120849609375 0.305450439453125 0.27001953125 0.211700439453125
0.05780029296875 0.3128662109375 0.253982543945313 0.263275146484375
0.205718994140625 0.24371337890625 0.220932006835938 0.1396484375
0.28656005859375 0.034423828125 0.19573974609375 0.0378875732421875
0.200714111328125 -0.137115478515625 0.116554260253906 -0.00389862060546876
0.04278564453125 -0.24774169921875 0.0648460388183594 -0.00395202636718752
-0.0844573974609375 -0.221420288085938 0.0606651306152344 0.0291175842285156
-0.0946197509765625 -0.200119018554688 0.0833053588867187 0.0700302124023437
-0.11993408203125 -0.22637939453125 0.109764099121094 0.120071411132812
-0.0656585693359375 -0.252426147460938 0.0593109130859375 0.158660888671875
0.0779571533203125 -0.246734619140625 0.00524902343750002 0.181304931640625
0.196853637695313 -0.164581298828125 -0.0679244995117188 0.119674682617188
0.273834228515625 0.080169677734375 -0.096893310546875 0.0274734497070313
0.204620361328125 0.248214721679688 0.0427970886230469 0.01190185546875
0.04852294921875 0.3031005859375 0.08599853515625 0.236221313476563
-0.136962890625 0.164138793945313 0.2403564453125 0.287689208984375
-0.0537567138671875 0.212387084960938 0.23541259765625 0.29913330078125
0.0732421875 0.197296142578125 0.192245483398438 0.14605712890625
0.180465698242188 0.069854736328125 0.154693603515625 0.0718536376953125
0.1488037109375 -0.0657806396484375 0.0937347412109375 0.0473709106445312
0.049407958984375 -0.16839599609375 0.0816268920898438 0.0621490478515625
-0.0449066162109375 -0.160888671875 0.107559204101563 0.0895767211914063
-0.057830810546875 -0.14801025390625 0.136054992675781 0.116256713867188
-0.0777435302734375 -0.172622680664063 0.156875610351563 0.17034912109375
-0.0398712158203125 -0.19305419921875 0.090179443359375 0.219650268554688
0.074005126953125 -0.187454223632813 0.01251220703125 0.229751586914063
0.1661376953125 -0.112945556640625 -0.0782623291015625 0.151779174804687
0.203689575195313 0.1009521484375 -0.0999755859375 0.0431137084960938
0.10577392578125 0.22967529296875 0.0573310852050781 0.0591659545898438
-0.051177978515625 0.23223876953125 0.0692138671875 0.32794189453125
0.133468627929688 -0.0893173217773438 -0.0785522460937499 -0.36907958984375
-0.0144195556640625 -0.164764404296875 -0.0332565307617187 -0.10589599609375
-0.122589111328125 -0.0665664672851562 0.111839294433594 -0.0519638061523438
-0.116203308105469 0.0473175048828125 0.128921508789063 -0.195816040039063
-0.0480575561523438 0.103935241699219 -0.0050048828125 -0.27691650390625
0.0282440185546875 0.113906860351563 -0.157577514648438 -0.27294921875
0.0328903198242187 0.0845413208007812 -0.226119995117187 -0.203353881835938
0.00869750976562501 0.0831451416015625 -0.196990966796875 -0.141647338867187
-0.0020904541015625 0.094879150390625 -0.154769897460937 -0.115142822265625
-0.059478759765625 0.0683708190917969 -0.117195129394531 -0.0956954956054688
-0.0987548828125 -0.00309753417968751 -0.101776123046875 -0.07666015625
-0.0617294311523437 -0.0910797119140625 -0.133003234863281 -0.0962677001953125
0.058990478515625 -0.140495300292969 -0.190872192382813 -0.176055908203125
0.159774780273438 -0.100509643554688 -0.25 -0.292083740234375
0.194992065429688 -0.0112152099609375 -0.215087890625 -0.321533203125
0.206375122070313 0.0607147216796875 -0.00598144531249997 -0.3822021484375
0.110137939453125 -0.0795745849609375 0.0113906860351562 -0.11492919921875
0.01397705078125 -0.0588836669921875 0.14276123046875 -0.0550384521484375
-0.0201644897460938 -0.0256404876708984 0.161880493164063 -0.21282958984375
-0.0156574249267578 0.00290679931640625 0.01983642578125 -0.2991943359375
-0.00436925888061524 0.0070033073425293 -0.150726318359375 -0.299652099609375
-0.0328807830810547 -0.00328636169433593 -0.234542846679688 -0.219818115234375
-0.0469474792480469 -0.00574874877929688 -0.203475952148438 -0.145034790039063
-0.0577545166015625 -0.00836944580078125 -0.157028198242188 -0.118881225585937
-0.06640625 -0.0463600158691406 -0.119834899902344 -0.102806091308594
-0.036224365234375 -0.0982666015625 -0.0937652587890625 -0.066192626953125
0.043426513671875 -0.131355285644531 -0.114830017089844 -0.0744476318359375
0.173263549804688 -0.07708740234375 -0.179458618164062 -0.128921508789063
0.254623413085938 0.0199127197265625 -0.225372314453125 -0.239837646484375
0.250396728515625 0.130966186523438 -0.16448974609375 -0.281402587890625
0.24359130859375 0.216049194335938 0.082305908203125 -0.337738037109375
0.218780517578125 0.0437164306640625 0.0783538818359375 -0.0903396606445313
0.165939331054688 -0.0189056396484375 0.184967041015625 -0.0418701171875
0.101890563964844 -0.0877532958984375 0.201492309570313 -0.208633422851563
0.0369949340820312 -0.102607727050781 0.05694580078125 -0.29443359375
-0.0271072387695312 -0.109245300292969 -0.12030029296875 -0.29827880859375
-0.0915985107421875 -0.0948867797851563 -0.209442138671875 -0.212753295898437
-0.0947418212890625 -0.0928192138671875 -0.180877685546875 -0.12786865234375
-0.110298156738281 -0.106201171875 -0.132583618164063 -0.095428466796875
-0.0816192626953125 -0.148269653320313 -0.107635498046875 -0.0778045654296875
0.0063629150390625 -0.186126708984375 -0.08282470703125 -0.031097412109375
0.117904663085938 -0.178741455078125 -0.102203369140625 -0.0360565185546875
0.264846801757813 -0.044769287109375 -0.168197631835937 -0.0761566162109375
0.3289794921875 0.10107421875 -0.185211181640625 -0.17791748046875
0.281646728515625 0.2364501953125 -0.105056762695312 -0.202667236328125
0.232574462890625 0.34735107421875 0.173233032226563 -0.23614501953125
0.284912109375 0.1827392578125 0.156661987304688 -0.026153564453125
0.298736572265625 0.053619384765625 0.227127075195313 -0.0066070556640625
0.231124877929688 -0.1195068359375 0.2391357421875 -0.173065185546875
0.105194091796875 -0.189239501953125 0.097198486328125 -0.25396728515625
-0.032684326171875 -0.214096069335937 -0.0706787109375 -0.260589599609375
-0.13177490234375 -0.175430297851562 -0.154693603515625 -0.180252075195312
-0.130752563476563 -0.164047241210938 -0.129837036132813 -0.0922927856445313
-0.15240478515625 -0.18389892578125 -0.0834197998046875 -0.0529937744140625
-0.100204467773438 -0.226303100585938 -0.077178955078125 -0.0301589965820312
0.030548095703125 -0.25494384765625 -0.0617332458496094 0.0193710327148437
0.164535522460937 -0.2197265625 -0.0885009765625 0.00748443603515624
0.32159423828125 -0.02716064453125 -0.150009155273438 -0.0333404541015625
0.367431640625 0.15216064453125 -0.127784729003906 -0.123275756835937
0.281768798828125 0.304534912109375 -0.0377044677734375 -0.102310180664063
0.17327880859375 0.418853759765625 0.24737548828125 -0.0895233154296875
0.27801513671875 0.300933837890625 0.227264404296875 0.07025146484375
0.36627197265625 0.145599365234375 0.254531860351563 0.0466766357421875
0.33056640625 -0.1044921875 0.2564697265625 -0.1087646484375
0.171173095703125 -0.231719970703125 0.127197265625 -0.181060791015625
-0.019256591796875 -0.2855224609375 -0.014251708984375 -0.189987182617188
-0.14697265625 -0.230987548828125 -0.0813522338867187 -0.121574401855469
-0.148025512695313 -0.2105712890625 -0.0604019165039062 -0.0427055358886719
-0.175125122070313 -0.233367919921875 -0.0170936584472656 0.0024585723876953
-0.112136840820313 -0.272979736328125 -0.0302925109863281 0.0323009490966797
0.04364013671875 -0.293792724609375 -0.0336227416992188 0.078125
0.190093994140625 -0.238540649414062 -0.0746078491210937 0.05181884765625
0.3450927734375 -0.0069580078125 -0.12921142578125 -0.00341033935546875
0.362457275390625 0.1920166015625 -0.0622406005859375 -0.079376220703125
0.24468994140625 0.338226318359375 0.0285072326660156 0.0095787048339844
0.07745361328125 0.412200927734375 0.290069580078125 0.071136474609375
0.20050048828125 0.354461669921875 0.269424438476562 0.17852783203125
0.340728759765625 0.220550537109375 0.25762939453125 0.102447509765625
0.35791015625 -0.04913330078125 0.244476318359375 -0.031158447265625
0.208328247070313 -0.21746826171875 0.134902954101563 -0.0915451049804688
0.00476074218749998 -0.3026123046875 0.0353927612304688 -0.0997238159179688
-0.136734008789063 -0.248992919921875 -0.00336837768554688 -0.0482063293457031
-0.1407470703125 -0.223358154296875 0.0164117813110351 0.0145263671875
-0.172195434570312 -0.249481201171875 0.0542449951171875 0.0625076293945312
-0.10882568359375 -0.28363037109375 0.021759033203125 0.0999679565429687
0.055419921875 -0.297027587890625 -0.00563812255859375 0.135902404785156
0.20068359375 -0.225875854492188 -0.0664215087890625 0.0924530029296875
0.336181640625 0.0252685546875 -0.112129211425781 0.0161590576171875
0.316650390625 0.225738525390625 -0.000396728515624981 -0.0399513244628906
0.17132568359375 0.34326171875 0.0793609619140625 0.126335144042969
-0.029815673828125 0.3265380859375 0.29583740234375 0.209320068359375
0.083892822265625 0.32427978515625 0.277694702148437 0.264938354492188
0.235107421875 0.239593505859375 0.236557006835938 0.139892578125
0.304443359375 0.012451171875 0.208419799804688 0.0340118408203125
0.201263427734375 -0.1591796875 0.1241455078125 -0.00880432128906251
0.0255126953125 -0.263442993164063 0.0706939697265625 -0.00993347167968752
-0.105316162109375 -0.2249755859375 0.0662841796875 0.0267219543457031
-0.114242553710938 -0.2022705078125 0.0896377563476562 0.0692977905273437
-0.14361572265625 -0.227005004882813 0.12213134765625 0.1190185546875
-0.08984375 -0.258773803710938 0.069976806640625 0.166275024414062
0.062347412109375 -0.265777587890625 0.0157928466796875 0.191818237304688
0.19390869140625 -0.187484741210938 -0.0655670166015625 0.130088806152344
0.29498291015625 0.06280517578125 -0.10333251953125 0.0318603515625
0.23443603515625 0.243911743164063 0.04290771484375 0.00496673583984376
0.071563720703125 0.3150634765625 0.103073120117188 0.24017333984375
-0.129684448242188 0.183486938476562 0.271148681640625 0.291473388671875
-0.0389404296875 0.226959228515625 0.262115478515625 0.30413818359375
0.094329833984375 0.200424194335938 0.20745849609375 0.149948120117187
0.19403076171875 0.057586669921875 0.16766357421875 0.07257080078125
0.149978637695313 -0.0794219970703125 0.105010986328125 0.0456314086914063
0.0360107421875 -0.179229736328125 0.0935287475585938 0.0587081909179687
-0.059783935546875 -0.162979125976563 0.118881225585938 0.0855789184570312
-0.0727386474609375 -0.148452758789062 0.14886474609375 0.112747192382812
-0.0959014892578125 -0.173187255859375 0.17535400390625 0.167556762695312
-0.0581512451171875 -0.19842529296875 0.10748291015625 0.226669311523438
0.062774658203125 -0.202224731445313 0.02593994140625 0.241409301757812
0.16497802734375 -0.130172729492188 -0.0748138427734375 0.164764404296875
0.222747802734375 0.0892333984375 -0.1048583984375 0.0494766235351563
0.127395629882813 0.230224609375 0.0610847473144531 0.0536384582519531
-0.0374755859375 0.24420166015625 0.09161376953125 0.337738037109375
0.129432678222656 -0.104667663574219 -0.118377685546875 -0.379669189453125
-0.0318145751953125 -0.168731689453125 -0.0459518432617188 -0.104804992675781
-0.1324462890625 -0.055389404296875 0.115226745605469 -0.0613632202148438
-0.114486694335937 0.0619964599609375 0.1209716796875 -0.215682983398438
-0.0379638671875 0.112045288085938 -0.027374267578125 -0.290008544921875
0.041595458984375 0.112289428710938 -0.188064575195313 -0.26959228515625
0.0430755615234375 0.0818405151367188 -0.254531860351562 -0.190353393554688
0.0187454223632813 0.0848388671875 -0.217987060546875 -0.127578735351563
0.00754547119140625 0.0974273681640625 -0.173873901367188 -0.10400390625
-0.05194091796875 0.0760650634765625 -0.132637023925781 -0.0871353149414062
-0.100418090820313 0.00767517089843749 -0.119270324707031 -0.072235107421875
-0.072845458984375 -0.0871200561523438 -0.152023315429688 -0.0941009521484375
0.04547119140625 -0.150115966796875 -0.211685180664063 -0.17236328125
0.153732299804688 -0.11871337890625 -0.284393310546875 -0.287567138671875
0.201095581054687 -0.029510498046875 -0.25469970703125 -0.32196044921875
0.22039794921875 0.045806884765625 -0.044342041015625 -0.400421142578125
0.106369018554688 -0.091766357421875 -0.000244140624999984 -0.119888305664063
0.0110549926757812 -0.0609512329101562 0.147216796875 -0.06646728515625
-0.0213890075683594 -0.0239601135253906 0.153594970703125 -0.2357177734375
-0.0135269165039063 0.00324535369873047 -0.00286865234375002 -0.31414794921875
-0.00397562980651856 0.0036313533782959 -0.183746337890625 -0.297821044921875
-0.0347194671630859 -0.00295829772949219 -0.264312744140625 -0.20611572265625
-0.0473709106445313 -0.00249099731445312 -0.22552490234375 -0.130111694335938
-0.0605583190917969 -0.0048065185546875 -0.17559814453125 -0.105728149414063
-0.0721969604492188 -0.0429000854492188 -0.137443542480469 -0.0928726196289063
-0.0449981689453125 -0.0984649658203125 -0.110076904296875 -0.0612030029296875
0.0340042114257812 -0.139892578125 -0.131782531738281 -0.07330322265625
0.172805786132813 -0.0951080322265625 -0.197616577148438 -0.125625610351562
0.265777587890625 -0.002655029296875 -0.254974365234375 -0.236618041992188
0.272384643554688 0.114913940429688 -0.199615478515625 -0.28546142578125
0.273696899414063 0.20513916015625 0.052459716796875 -0.36236572265625
0.231735229492187 0.02630615234375 0.0718536376953125 -0.099090576171875
0.1734619140625 -0.0345916748046875 0.191848754882813 -0.0546112060546875
0.100723266601562 -0.101982116699219 0.195144653320312 -0.233261108398437
0.031097412109375 -0.111473083496094 0.0362548828125 -0.310943603515625
-0.0386276245117187 -0.11480712890625 -0.15069580078125 -0.299591064453125
-0.104255676269531 -0.0921783447265625 -0.238006591796875 -0.201004028320312
-0.10784912109375 -0.08770751953125 -0.200347900390625 -0.11383056640625
-0.125267028808594 -0.101173400878906 -0.148422241210938 -0.0838165283203125
-0.09942626953125 -0.147598266601562 -0.12298583984375 -0.066436767578125
-0.0105133056640625 -0.195541381835938 -0.0947952270507812 -0.023651123046875
0.107925415039062 -0.198104858398438 -0.115776062011719 -0.03350830078125
0.272598266601563 -0.070770263671875 -0.183029174804688 -0.0722808837890625
0.35223388671875 0.07452392578125 -0.209335327148438 -0.174423217773437
0.31640625 0.223541259765625 -0.131942749023437 -0.207809448242188
0.275634765625 0.34234619140625 0.157470703125 -0.262313842773438
0.312652587890625 0.16497802734375 0.158889770507813 -0.03826904296875
0.318756103515625 0.027557373046875 0.23858642578125 -0.0206146240234375
0.232192993164063 -0.148269653320313 0.236541748046875 -0.198883056640625
0.09405517578125 -0.209014892578125 0.0813140869140625 -0.272857666015625
-0.0549163818359375 -0.224212646484375 -0.0948333740234375 -0.265884399414063
-0.154022216796875 -0.171600341796875 -0.178054809570312 -0.171524047851563
-0.152999877929688 -0.159439086914063 -0.14471435546875 -0.0811920166015625
-0.178421020507812 -0.177215576171875 -0.0934295654296875 -0.0438156127929688
-0.128082275390625 -0.226394653320313 -0.0869979858398438 -0.0182418823242188
0.00643920898437502 -0.270339965820313 -0.06829833984375 0.0287666320800781
0.152267456054687 -0.247222900390625 -0.0975799560546875 0.0123367309570312
0.335235595703125 -0.060791015625 -0.16168212890625 -0.027313232421875
0.3995361328125 0.123260498046875 -0.146591186523437 -0.122283935546875
0.323028564453125 0.29376220703125 -0.0533370971679687 -0.10797119140625
0.221160888671875 0.423553466796875 0.248916625976563 -0.115249633789062
0.318634033203125 0.287322998046875 0.241012573242188 0.0570220947265625
0.39898681640625 0.1163330078125 0.271255493164062 0.032958984375
0.3359375 -0.14263916015625 0.2593994140625 -0.131317138671875
0.158706665039062 -0.259857177734375 0.119186401367188 -0.198745727539063
-0.048980712890625 -0.298309326171875 -0.0291595458984375 -0.197509765625
-0.175857543945313 -0.227401733398438 -0.0960922241210938 -0.118026733398438
-0.174560546875 -0.204696655273437 -0.0678825378417969 -0.0356101989746094
-0.208587646484375 -0.226348876953125 -0.0191135406494141 0.00785827636718749
-0.14599609375 -0.272552490234375 -0.0328102111816406 0.0419540405273437
0.01641845703125 -0.313018798828125 -0.031951904296875 0.0866241455078125
0.175872802734375 -0.270263671875 -0.0783004760742188 0.05755615234375
0.362579345703125 -0.04296875 -0.1378173828125 0.00300598144531248
0.3980712890625 0.163116455078125 -0.0750961303710937 -0.0820999145507812
0.28741455078125 0.3331298828125 0.0256214141845703 0.00383377075195314
0.122161865234375 0.425506591796875 0.3082275390625 0.049530029296875
0.24462890625 0.35101318359375 0.29302978515625 0.166046142578125
0.378326416015625 0.1961669921875 0.276412963867188 0.0916595458984375
0.369537353515625 -0.088592529296875 0.253509521484375 -0.0498046875
0.197418212890625 -0.248016357421875 0.136199951171875 -0.105392456054688
-0.026275634765625 -0.31689453125 0.0307083129882812 -0.106704711914063
-0.167892456054688 -0.245956420898437 -0.00803375244140626 -0.0485343933105469
-0.16851806640625 -0.219314575195313 0.0179061889648437 0.0155410766601562
-0.205322265625 -0.242050170898438 0.0620689392089844 0.0617828369140625
-0.144744873046875 -0.283447265625 0.029022216796875 0.106712341308594
0.027008056640625 -0.318145751953125 0.00413513183593749 0.1456298828125
0.187530517578125 -0.258270263671875 -0.0652542114257812 0.101249694824219
0.35638427734375 -0.008636474609375 -0.118782043457031 0.0224838256835937
0.35308837890625 0.20233154296875 -0.00846481323242185 -0.0454063415527344
0.21051025390625 0.344757080078125 0.09075927734375 0.121162414550781
0.00256347656249997 0.34515380859375 0.328155517578125 0.194305419921875
0.120147705078125 0.329925537109375 0.311859130859375 0.2559814453125
0.271133422851563 0.226776123046875 0.258132934570313 0.13214111328125
0.319610595703125 -0.01910400390625 0.222396850585938 0.022064208984375
0.194046020507813 -0.185958862304688 0.131416320800781 -0.0192413330078125
-0.000732421875000005 -0.27740478515625 0.07598876953125 -0.0172882080078125
-0.131805419921875 -0.223281860351563 0.0716094970703125 0.0227127075195312
-0.139007568359375 -0.197738647460938 0.0988616943359375 0.0648956298828125
-0.173873901367188 -0.221847534179688 0.138023376464844 0.114089965820312
-0.121124267578125 -0.25830078125 0.086273193359375 0.171218872070312
0.037506103515625 -0.284454345703125 0.032623291015625 0.201522827148437
0.183502197265625 -0.216552734375 -0.05889892578125 0.141342163085938
0.316192626953125 0.034454345703125 -0.107749938964844 0.0403671264648437
0.269851684570312 0.22882080078125 0.0416297912597656 -0.00239944458007811
0.104156494140625 0.32305908203125 0.1263427734375 0.2391357421875
-0.1134033203125 0.204818725585938 0.310302734375 0.2861328125
-0.0169525146484375 0.239959716796875 0.297515869140625 0.30010986328125
0.1190185546875 0.198379516601563 0.228225708007813 0.145370483398438
0.207962036132813 0.0378875732421875 0.184249877929687 0.066070556640625
0.148101806640625 -0.0992279052734375 0.117324829101563 0.0405349731445312
0.0181121826171875 -0.19036865234375 0.104843139648438 0.051116943359375
-0.0789794921875 -0.162704467773437 0.131637573242188 0.0786666870117188
-0.09039306640625 -0.146957397460938 0.163955688476563 0.104415893554688
-0.117523193359375 -0.170074462890625 0.197586059570313 0.159866333007813
-0.0821990966796875 -0.19873046875 0.131942749023438 0.228530883789062
0.044189453125 -0.217254638671875 0.0492706298828125 0.251693725585937
0.158004760742188 -0.153152465820313 -0.0657806396484375 0.178131103515625
0.242080688476563 0.0696868896484375 -0.108963012695313 0.0580062866210938
0.155776977539063 0.224288940429688 0.0652389526367188 0.0461540222167969
-0.0167999267578125 0.258270263671875 0.1253662109375 0.342742919921875
0.118499755859375 -0.120658874511719 -0.163665771484375 -0.374755859375
-0.051116943359375 -0.166183471679688 -0.060089111328125 -0.0995635986328125
-0.1380615234375 -0.0409774780273438 0.114341735839844 -0.0710906982421875
-0.106246948242188 0.0764389038085938 0.104751586914063 -0.233200073242188
-0.0229415893554687 0.11773681640625 -0.055084228515625 -0.29315185546875
0.0542068481445312 0.107421875 -0.218368530273437 -0.256561279296875
0.0523834228515625 0.0756454467773438 -0.27960205078125 -0.166610717773438
0.029388427734375 0.08349609375 -0.233734130859375 -0.105621337890625
0.0201797485351563 0.0966262817382813 -0.1885986328125 -0.08544921875
-0.041595458984375 0.081695556640625 -0.145782470703125 -0.073394775390625
-0.09820556640625 0.019805908203125 -0.134246826171875 -0.061614990234375
-0.0832901000976562 -0.0785140991210938 -0.169601440429688 -0.085205078125
0.02825927734375 -0.154312133789063 -0.232940673828125 -0.160308837890625
0.140655517578125 -0.135635375976563 -0.3177490234375 -0.268829345703125
0.199859619140625 -0.0520172119140625 -0.29473876953125 -0.30706787109375
0.227706909179688 0.0249176025390625 -0.09088134765625 -0.4056396484375
0.096771240234375 -0.104263305664062 -0.0139694213867187 -0.119155883789063
0.00691604614257812 -0.0621490478515625 0.146331787109375 -0.079345703125
-0.0212554931640625 -0.0227985382080078 0.135269165039062 -0.256546020507812
-0.0104093551635742 0.00321769714355469 -0.03314208984375 -0.32049560546875
-0.00400114059448242 0.000814437866210938 -0.21649169921875 -0.2841796875
-0.0359764099121094 -0.00245285034179687 -0.291534423828125 -0.180419921875
-0.0477294921875 0.00126266479492188 -0.2440185546875 -0.107467651367188
-0.0611152648925781 0.000991821289062494 -0.19195556640625 -0.087066650390625
-0.07659912109375 -0.036224365234375 -0.152587890625 -0.0769500732421875
-0.0544967651367187 -0.09527587890625 -0.125221252441406 -0.0504608154296875
0.020965576171875 -0.146209716796875 -0.148895263671875 -0.06549072265625
0.164840698242188 -0.113189697265625 -0.21405029296875 -0.1143798828125
0.268585205078125 -0.0299072265625 -0.2825927734375 -0.221923828125
0.291229248046875 0.089263916015625 -0.237075805664062 -0.275192260742187
0.30120849609375 0.18084716796875 0.01171875 -0.375946044921875
0.238510131835938 0.0014495849609375 0.0615997314453125 -0.105766296386719
0.175369262695312 -0.0539093017578125 0.191940307617188 -0.070953369140625
0.09429931640625 -0.115478515625 0.178146362304688 -0.256729125976563
0.0224456787109375 -0.11859130859375 0.00802612304687497 -0.3194580078125
-0.052825927734375 -0.11627197265625 -0.1832275390625 -0.28912353515625
-0.116989135742188 -0.0857391357421875 -0.263671875 -0.176681518554688
-0.117958068847656 -0.0789871215820313 -0.215621948242188 -0.0918731689453125
-0.140289306640625 -0.0896530151367188 -0.161285400390625 -0.066497802734375
-0.117782592773438 -0.139488220214844 -0.135513305664063 -0.0494155883789063
-0.0314483642578125 -0.198532104492188 -0.104476928710938 -0.0121078491210938
0.09014892578125 -0.214614868164063 -0.129058837890625 -0.0263519287109375
0.270645141601563 -0.101531982421875 -0.19482421875 -0.061859130859375
0.366851806640625 0.0379638671875 -0.232254028320313 -0.161865234375
0.34649658203125 0.197723388671875 -0.161148071289062 -0.204086303710938
0.31658935546875 0.32098388671875 0.131805419921875 -0.2855224609375
0.33575439453125 0.13531494140625 0.15545654296875 -0.0533905029296875
0.331207275390625 -0.006011962890625 0.24267578125 -0.040252685546875
0.223373413085937 -0.177566528320313 0.223739624023438 -0.224151611328125
0.0743560791015625 -0.224807739257813 0.05950927734375 -0.285003662109375
-0.0821075439453125 -0.225341796875 -0.122955322265625 -0.261245727539063
-0.176162719726562 -0.160797119140625 -0.198379516601563 -0.1541748046875
-0.172088623046875 -0.146331787109375 -0.155181884765625 -0.0643310546875
-0.204010009765625 -0.160629272460938 -0.0999679565429688 -0.0319595336914062
-0.15667724609375 -0.21746826171875 -0.093414306640625 -0.00385284423828126
-0.022552490234375 -0.278213500976563 -0.0710678100585938 0.0392227172851562
0.129180908203125 -0.271240234375 -0.105049133300781 0.01910400390625
0.337982177734375 -0.0997314453125 -0.17144775390625 -0.01715087890625
0.421905517578125 0.081298828125 -0.1640625 -0.115371704101563
0.3612060546875 0.26812744140625 -0.0714340209960937 -0.109413146972656
0.2735595703125 0.40924072265625 0.240692138671875 -0.143310546875
0.35546875 0.25823974609375 0.2476806640625 0.036376953125
0.42218017578125 0.075286865234375 0.2813720703125 0.012359619140625
0.3280029296875 -0.18463134765625 0.253036499023438 -0.155670166015625
0.134002685546875 -0.283966064453125 0.10345458984375 -0.212509155273438
-0.08355712890625 -0.300933837890625 -0.0476837158203125 -0.19891357421875
-0.204177856445313 -0.2137451171875 -0.111434936523438 -0.108245849609375
-0.20062255859375 -0.18914794921875 -0.0731658935546875 -0.0261459350585937
-0.237716674804688 -0.206649780273438 -0.0200424194335938 0.0115871429443359
-0.180892944335938 -0.25927734375 -0.0316696166992188 0.05194091796875
-0.020172119140625 -0.322723388671875 -0.0261001586914062 0.095458984375
0.14898681640625 -0.296295166015625 -0.0794448852539062 0.0651016235351562
0.36724853515625 -0.086395263671875 -0.14471435546875 0.0124969482421875
0.424835205078125 0.121246337890625 -0.0877609252929687 -0.0815048217773437
0.329376220703125 0.31365966796875 0.0216789245605469 -0.00233840942382811
0.172882080078125 0.421783447265625 0.3199462890625 0.01953125
0.2884521484375 0.33123779296875 0.313690185546875 0.14276123046875
0.408966064453125 0.15814208984375 0.290802001953125 0.0701904296875
0.36822509765625 -0.133331298828125 0.255828857421875 -0.0724945068359375
0.173995971679688 -0.277359008789063 0.129936218261719 -0.119361877441406
-0.0648193359375 -0.321533203125 0.0233154296875 -0.113792419433594
-0.198455810546875 -0.23162841796875 -0.0116615295410156 -0.047271728515625
-0.195907592773437 -0.204299926757812 0.0192813873291016 0.0165157318115234
-0.237380981445313 -0.221282958984375 0.0698089599609375 0.0589714050292969
-0.180465698242188 -0.271881103515625 0.039337158203125 0.111259460449219
-0.010009765625 -0.32763671875 0.0164337158203125 0.150192260742187
0.161956787109375 -0.286468505859375 -0.0577850341796875 0.1082763671875
0.364837646484375 -0.05047607421875 -0.123603820800781 0.0320510864257813
0.382354736328125 0.164886474609375 -0.017303466796875 -0.0508956909179687
0.250946044921875 0.329925537109375 0.10101318359375 0.1116943359375
0.0435791015625 0.3529052734375 0.35504150390625 0.16644287109375
0.1595458984375 0.3231201171875 0.342987060546875 0.234039306640625
0.302154541015625 0.20111083984375 0.276870727539063 0.115829467773438
0.323211669921875 -0.058197021484375 0.23126220703125 0.0053863525390625
0.177230834960937 -0.213180541992188 0.134452819824219 -0.0315933227539063
-0.03472900390625 -0.282806396484375 0.0776596069335938 -0.02789306640625
-0.160400390625 -0.211380004882812 0.075439453125 0.0170822143554687
-0.1644287109375 -0.185455322265625 0.10821533203125 0.0582809448242187
-0.20343017578125 -0.205612182617188 0.152374267578125 0.103775024414062
-0.1544189453125 -0.248519897460937 0.10479736328125 0.169052124023437
0.00448608398437501 -0.29541015625 0.0538787841796875 0.205368041992187
0.162994384765625 -0.241470336914063 -0.0486602783203125 0.14935302734375
0.327239990234375 -0.002685546875 -0.1104736328125 0.0499649047851562
0.3011474609375 0.200439453125 0.0386161804199219 -0.0108528137207031
0.141326904296875 0.31854248046875 0.151962280273438 0.229049682617188
-0.0895233154296875 0.221527099609375 0.348846435546875 0.2623291015625
0.013153076171875 0.2449951171875 0.33349609375 0.28082275390625
0.1446533203125 0.187637329101563 0.247299194335938 0.1326904296875
0.215774536132813 0.01214599609375 0.197616577148438 0.054168701171875
0.138168334960938 -0.120529174804688 0.128173828125 0.0301055908203125
-0.00514221191406249 -0.196197509765625 0.113998413085938 0.039031982421875
-0.100128173828125 -0.15521240234375 0.142929077148438 0.0649871826171875
-0.109230041503906 -0.138465881347656 0.177093505859375 0.091033935546875
-0.138275146484375 -0.157882690429688 0.219100952148438 0.142440795898437
-0.10797119140625 -0.190963745117187 0.157958984375 0.220947265625
0.018035888671875 -0.226760864257813 0.0745697021484375 0.253280639648438
0.144454956054688 -0.173965454101563 -0.0492706298828125 0.188980102539063
0.255142211914063 0.0416259765625 -0.109428405761719 0.0679397583007812
0.1837158203125 0.2088623046875 0.0676765441894531 0.0372734069824219
0.0104827880859375 0.265029907226563 0.1649169921875 0.33489990234375
0.106231689453125 -0.131553649902344 -0.20135498046875 -0.355316162109375
-0.0675048828125 -0.160324096679688 -0.070953369140625 -0.0900955200195313
-0.14215087890625 -0.0253753662109375 0.111518859863281 -0.0799560546875
-0.0958404541015625 0.086090087890625 0.0850067138671875 -0.242202758789063
-0.00789642333984374 0.116554260253906 -0.080322265625 -0.2882080078125
0.0648651123046875 0.0992507934570312 -0.239974975585938 -0.233810424804687
0.0613822937011719 0.0679473876953125 -0.29150390625 -0.136749267578125
0.0402145385742188 0.0778884887695313 -0.242279052734375 -0.0818939208984375
0.0306777954101563 0.091583251953125 -0.194580078125 -0.0645751953125
-0.0292892456054688 0.0844802856445313 -0.15234375 -0.0578765869140625
-0.0902099609375 0.0303802490234375 -0.144149780273437 -0.0506591796875
-0.0889816284179688 -0.066650390625 -0.181976318359375 -0.0715789794921875
0.01123046875 -0.15521240234375 -0.2430419921875 -0.144317626953125
0.12347412109375 -0.146072387695313 -0.33892822265625 -0.24365234375
0.194931030273438 -0.0714111328125 -0.324615478515625 -0.28350830078125
0.228012084960937 0.00347900390625 -0.131744384765625 -0.394744873046875
0.0858917236328125 -0.11041259765625 -0.028564453125 -0.113311767578125
0.00186920166015625 -0.0608139038085938 0.140312194824219 -0.089691162109375
-0.0221691131591797 -0.0205459594726563 0.113754272460938 -0.268890380859375
-0.00759458541870117 0.00218915939331055 -0.058197021484375 -0.31494140625
-0.00257110595703125 -0.000928878784179688 -0.242645263671875 -0.261444091796875
-0.0383110046386719 -0.0017242431640625 -0.30438232421875 -0.150665283203125
-0.0462074279785156 0.00440979003906251 -0.251205444335938 -0.0808563232421875
-0.06231689453125 0.00625991821289063 -0.199432373046875 -0.06707763671875
-0.0787734985351563 -0.0288162231445312 -0.15966796875 -0.0570526123046875
-0.0613021850585937 -0.0888290405273438 -0.135688781738281 -0.0356903076171875
0.00785827636718751 -0.145462036132813 -0.16064453125 -0.0534820556640625
0.152206420898438 -0.127716064453125 -0.223953247070313 -0.102127075195313
0.263626098632813 -0.0545654296875 -0.300201416015625 -0.19964599609375
0.296356201171875 0.062408447265625 -0.26446533203125 -0.256744384765625
0.316436767578125 0.15118408203125 -0.02642822265625 -0.374603271484375
0.236587524414063 -0.0199127197265625 0.0479202270507813 -0.109107971191406
0.173187255859375 -0.0701141357421875 0.18695068359375 -0.0850372314453125
0.08489990234375 -0.125144958496094 0.156494140625 -0.271163940429688
0.0111923217773438 -0.123619079589844 -0.021148681640625 -0.318817138671875
-0.067108154296875 -0.112037658691406 -0.208633422851562 -0.269088745117188
-0.122962951660156 -0.0763626098632813 -0.279525756835938 -0.149566650390625
-0.124961853027344 -0.0676651000976563 -0.222244262695313 -0.0667724609375
-0.149139404296875 -0.0760498046875 -0.166213989257813 -0.049102783203125
-0.131294250488281 -0.125907897949219 -0.141510009765625 -0.029937744140625
-0.0498504638671875 -0.195892333984375 -0.112190246582031 0.00168609619140622
0.068023681640625 -0.222915649414063 -0.137542724609375 -0.0177536010742188
0.259506225585938 -0.1270751953125 -0.20306396484375 -0.049896240234375
0.3680419921875 0.003814697265625 -0.2445068359375 -0.145095825195313
0.36431884765625 0.164093017578125 -0.18414306640625 -0.192916870117188
0.34735107421875 0.2891845703125 0.09906005859375 -0.297515869140625
0.345367431640625 0.10400390625 0.144439697265625 -0.0662078857421875
0.33148193359375 -0.037200927734375 0.239608764648438 -0.054595947265625
0.205169677734375 -0.199066162109375 0.204498291015625 -0.241012573242188
0.0523529052734375 -0.232666015625 0.033905029296875 -0.288177490234375
-0.105056762695312 -0.215789794921875 -0.146469116210938 -0.24810791015625
-0.19122314453125 -0.143951416015625 -0.211761474609375 -0.133941650390625
-0.186004638671875 -0.129287719726562 -0.160385131835938 -0.0440673828125
-0.22021484375 -0.137557983398438 -0.104118347167969 -0.0179519653320313
-0.177474975585938 -0.199081420898437 -0.095428466796875 0.01202392578125
-0.0501861572265625 -0.278106689453125 -0.0709152221679688 0.0495758056640625
0.1009521484375 -0.284423828125 -0.10931396484375 0.027099609375
0.32568359375 -0.134185791015625 -0.176193237304687 -0.00848388671874999
0.424163818359375 0.04046630859375 -0.175872802734375 -0.103668212890625
0.387451171875 0.235748291015625 -0.0860061645507812 -0.10308837890625
0.3123779296875 0.38128662109375 0.221450805664063 -0.168411254882812
0.37860107421875 0.22467041015625 0.248367309570313 0.0166168212890625
0.427947998046875 0.03369140625 0.281082153320313 -0.0049896240234375
0.306976318359375 -0.216705322265625 0.239730834960938 -0.174957275390625
0.105438232421875 -0.299285888671875 0.08575439453125 -0.22088623046875
-0.11761474609375 -0.292694091796875 -0.0665283203125 -0.193313598632813
-0.225112915039062 -0.19439697265625 -0.118057250976563 -0.097259521484375
-0.21844482421875 -0.170272827148438 -0.07568359375 -0.014923095703125
-0.258880615234375 -0.180511474609375 -0.0184803009033203 0.0184841156005859
-0.21075439453125 -0.23687744140625 -0.0285835266113281 0.060333251953125
-0.0533447265625 -0.320098876953125 -0.0184402465820313 0.0988998413085937
0.119598388671875 -0.314056396484375 -0.0793914794921875 0.0705718994140625
0.35931396484375 -0.12432861328125 -0.145233154296875 0.02178955078125
0.436065673828125 0.07757568359375 -0.0981369018554687 -0.072784423828125
0.358917236328125 0.282958984375 0.0183391571044922 -0.00719261169433592
0.217315673828125 0.400177001953125 0.31536865234375 -0.011260986328125
0.318267822265625 0.301025390625 0.3270263671875 0.115509033203125
0.42425537109375 0.11846923828125 0.298370361328125 0.05126953125
0.35107421875 -0.169677734375 0.249847412109375 -0.088653564453125
0.146881103515625 -0.290863037109375 0.122222900390625 -0.130744934082031
-0.097442626953125 -0.313629150390625 0.0112762451171875 -0.115852355957031
-0.220748901367188 -0.213485717773438 -0.0189170837402344 -0.0432472229003906
-0.215133666992188 -0.181365966796875 0.0204067230224609 0.0183238983154297
-0.262451171875 -0.197982788085937 0.0723648071289062 0.0522079467773437
-0.20831298828125 -0.249160766601562 0.0506134033203125 0.112571716308594
-0.044677734375 -0.326690673828125 0.0306243896484375 0.15093994140625
0.13018798828125 -0.303680419921875 -0.0552978515625 0.112754821777344
0.360687255859375 -0.088348388671875 -0.125457763671875 0.0400390625
0.397613525390625 0.123016357421875 -0.0277328491210937 -0.0534019470214844
0.285064697265625 0.305267333984375 0.106681823730469 0.101325988769531
0.081787109375 0.34674072265625 0.36663818359375 0.134979248046875
0.19158935546875 0.30438232421875 0.360748291015625 0.203338623046875
0.324066162109375 0.169464111328125 0.285736083984375 0.096923828125
0.31268310546875 -0.093780517578125 0.229507446289063 -0.0130157470703125
0.153884887695313 -0.232757568359375 0.135643005371094 -0.0438461303710938
-0.0634613037109375 -0.276763916015625 0.075042724609375 -0.0367050170898438
-0.182418823242188 -0.192520141601563 0.0800552368164062 0.00968933105468749
-0.182113647460938 -0.1676025390625 0.109428405761719 0.0486068725585937
-0.22607421875 -0.182098388671875 0.160537719726562 0.0906524658203125
-0.180526733398437 -0.229339599609375 0.118423461914063 0.158859252929688
-0.028564453125 -0.293792724609375 0.0720367431640625 0.20086669921875
0.135665893554687 -0.261428833007813 -0.0362701416015625 0.15374755859375
0.324127197265625 -0.037567138671875 -0.109169006347656 0.0587844848632812
0.318145751953125 0.167022705078125 0.031982421875 -0.0125885009765625
0.171783447265625 0.305328369140625 0.170684814453125 0.2098388671875
-0.0642242431640625 0.227264404296875 0.376739501953125 0.22998046875
0.0392913818359375 0.242172241210937 0.35797119140625 0.2513427734375
0.163558959960938 0.169952392578125 0.259048461914063 0.115280151367188
0.215560913085938 -0.012786865234375 0.20343017578125 0.0412750244140625
0.123176574707031 -0.133468627929688 0.133026123046875 0.0202178955078125
-0.0269927978515625 -0.192977905273437 0.121917724609375 0.0241470336914062
-0.11639404296875 -0.144500732421875 0.148849487304688 0.0520172119140625
-0.123222351074219 -0.125869750976562 0.182968139648438 0.0744781494140625
-0.154708862304687 -0.14324951171875 0.227432250976563 0.122268676757813
-0.127426147460937 -0.176284790039063 0.179168701171875 0.208877563476562
-0.00686645507812498 -0.229766845703125 0.10009765625 0.245742797851562
0.124725341796875 -0.1910400390625 -0.0369415283203125 0.192626953125
0.258895874023438 0.0156402587890625 -0.1058349609375 0.0762710571289062
0.201400756835938 0.184951782226563 0.0694160461425781 0.0293159484863281
0.03594970703125 0.26019287109375 0.194122314453125 0.31866455078125
0.0917587280273438 -0.133338928222656 -0.228179931640625 -0.33673095703125
-0.08087158203125 -0.149566650390625 -0.0769729614257812 -0.0791854858398438
-0.137321472167969 -0.013519287109375 0.108062744140625 -0.0832443237304687
-0.0854568481445312 0.092926025390625 0.06988525390625 -0.248336791992188
0.00186920166015626 0.114700317382813 -0.098602294921875 -0.280258178710938
0.0712203979492188 0.090484619140625 -0.25311279296875 -0.213394165039062
0.0632400512695313 0.0615730285644531 -0.299713134765625 -0.1143798828125
0.0474090576171875 0.0736083984375 -0.245391845703125 -0.06158447265625
0.03839111328125 0.0870285034179688 -0.199142456054688 -0.0487213134765625
-0.0215682983398438 0.0831756591796875 -0.155471801757813 -0.0452728271484375
-0.0854721069335938 0.0373306274414063 -0.1510009765625 -0.03668212890625
-0.0913772583007812 -0.0567092895507813 -0.19036865234375 -0.0599212646484375
-0.00123596191406249 -0.151138305664062 -0.25079345703125 -0.132278442382813
0.111221313476562 -0.15130615234375 -0.350860595703125 -0.22161865234375
0.186569213867188 -0.0835418701171875 -0.343292236328125 -0.26153564453125
0.224258422851563 -0.0102996826171875 -0.16259765625 -0.379974365234375
0.0752029418945313 -0.113357543945312 -0.0376663208007813 -0.106819152832031
0.00139617919921874 -0.0601768493652344 0.137603759765625 -0.0946502685546875
-0.0194892883300781 -0.0196018218994141 0.0965728759765625 -0.272109985351563
-0.00633144378662109 0.000195026397705079 -0.07965087890625 -0.309478759765625
-0.00693798065185547 -0.0033116340637207 -0.2562255859375 -0.241241455078125
-0.0376625061035156 -0.000350952148437496 -0.313018798828125 -0.125457763671875
-0.0447921752929687 0.00752258300781251 -0.252212524414063 -0.0593109130859374
-0.0593299865722656 0.00976181030273439 -0.200881958007813 -0.04718017578125
-0.0794143676757813 -0.0247344970703125 -0.16302490234375 -0.0417938232421875
-0.0651168823242187 -0.0830078125 -0.139503479003906 -0.0231857299804687
-0.00166320800781249 -0.143295288085937 -0.169357299804688 -0.0461883544921875
0.142303466796875 -0.134811401367188 -0.22979736328125 -0.0912322998046875
0.25518798828125 -0.0711212158203125 -0.311920166015625 -0.182342529296875
0.29864501953125 0.040618896484375 -0.28326416015625 -0.240234375
0.323211669921875 0.129791259765625 -0.0587158203124999 -0.369964599609375
0.23004150390625 -0.0351409912109375 0.0387344360351563 -0.106597900390625
0.167434692382813 -0.0809478759765625 0.184249877929688 -0.0927886962890625
0.0759124755859375 -0.131736755371094 0.1385498046875 -0.277069091796875
0.003448486328125 -0.125205993652344 -0.039031982421875 -0.31494140625
-0.0769882202148437 -0.109024047851563 -0.22442626953125 -0.251846313476563
-0.130729675292969 -0.067291259765625 -0.285614013671875 -0.12567138671875
-0.129043579101563 -0.0586471557617188 -0.222610473632813 -0.0485382080078125
-0.153594970703125 -0.0636444091796875 -0.167922973632813 -0.0306549072265625
-0.140312194824219 -0.115264892578125 -0.143600463867188 -0.0160369873046875
-0.0626983642578125 -0.190933227539063 -0.112968444824219 0.01226806640625
0.0524139404296875 -0.226272583007813 -0.144607543945313 -0.00996398925781252
0.248504638671875 -0.14349365234375 -0.206161499023437 -0.041839599609375
0.363922119140625 -0.0233154296875 -0.255081176757813 -0.133346557617188
0.374237060546875 0.13861083984375 -0.200836181640625 -0.180450439453125
0.36456298828125 0.262115478515625 0.07293701171875 -0.302032470703125
0.347442626953125 0.075042724609375 0.139289855957031 -0.070098876953125
0.32635498046875 -0.06109619140625 0.237258911132813 -0.0681915283203125
0.190322875976563 -0.215057373046875 0.189483642578125 -0.250900268554688
0.0353851318359375 -0.237640380859375 0.01568603515625 -0.28594970703125
-0.125213623046875 -0.207748413085938 -0.159988403320313 -0.23486328125
-0.203353881835937 -0.12896728515625 -0.21856689453125 -0.113525390625
-0.194244384765625 -0.113800048828125 -0.161529541015625 -0.029083251953125
-0.228836059570312 -0.119171142578125 -0.103515625 -0.00729370117187503
-0.192779541015625 -0.1810302734375 -0.0947036743164063 0.0236892700195312
-0.07281494140625 -0.270172119140625 -0.0691413879394531 0.0580902099609375
0.078125 -0.290557861328125 -0.114089965820313 0.0334091186523437
0.31500244140625 -0.15655517578125 -0.177749633789062 0.000732421874999972
0.426483154296875 0.006683349609375 -0.18389892578125 -0.0951690673828125
0.40081787109375 0.206573486328125 -0.0968704223632812 -0.0999908447265625
0.337371826171875 0.354705810546875 0.205001831054688 -0.18145751953125
0.387481689453125 0.19244384765625 0.243438720703125 -0.000244140624999988
0.428314208984375 0.001983642578125 0.2811279296875 -0.0217742919921875
0.28997802734375 -0.2396240234375 0.228683471679688 -0.187942504882813
0.082305908203125 -0.302154541015625 0.0724334716796875 -0.220993041992188
-0.14080810546875 -0.279327392578125 -0.0782470703125 -0.18743896484375
-0.239395141601563 -0.172927856445312 -0.126266479492188 -0.0830078125
-0.229766845703125 -0.150421142578125 -0.0761566162109375 -0.00548553466796874
-0.2725830078125 -0.157745361328125 -0.0164413452148438 0.0216407775878906
-0.2269287109375 -0.219329833984375 -0.0243873596191406 0.0687103271484375
-0.080718994140625 -0.315216064453125 -0.01446533203125 0.10321044921875
0.092437744140625 -0.322296142578125 -0.08074951171875 0.0757369995117187
0.347137451171875 -0.15057373046875 -0.149765014648437 0.0290679931640625
0.4375 0.041046142578125 -0.1064453125 -0.0709686279296875
0.37786865234375 0.25494384765625 0.0120716094970703 -0.00837516784667967
0.245147705078125 0.381591796875 0.31109619140625 -0.0333251953125
0.33721923828125 0.272735595703125 0.324462890625 0.093780517578125
0.43023681640625 0.08392333984375 0.298797607421875 0.0343017578125
0.335968017578125 -0.197662353515625 0.244613647460938 -0.104156494140625
0.1207275390625 -0.30364990234375 0.113121032714844 -0.134910583496094
-0.126220703125 -0.30096435546875 0.004547119140625 -0.118148803710938
-0.236175537109375 -0.1917724609375 -0.0206375122070313 -0.0409469604492188
-0.22943115234375 -0.163497924804687 0.0202598571777344 0.0191745758056641
-0.275405883789063 -0.1717529296875 0.0768051147460937 0.049468994140625
-0.228424072265625 -0.22747802734375 0.05670166015625 0.111602783203125
-0.07257080078125 -0.322662353515625 0.0403900146484375 0.152053833007812
0.10418701171875 -0.313507080078125 -0.0522537231445313 0.115890502929688
0.349273681640625 -0.117584228515625 -0.125938415527344 0.0455474853515625
0.4044189453125 0.0909423828125 -0.03338623046875 -0.0506095886230469
0.304779052734375 0.28509521484375 0.109855651855469 0.09197998046875
0.1092529296875 0.33441162109375 0.373748779296875 0.105560302734375
0.213165283203125 0.285400390625 0.367034912109375 0.17926025390625
0.333953857421875 0.1419677734375 0.289581298828125 0.0802001953125
0.30364990234375 -0.11798095703125 0.230972290039063 -0.0248870849609375
0.132125854492188 -0.241470336914062 0.132301330566406 -0.04986572265625
-0.0898284912109375 -0.266586303710938 0.0740585327148437 -0.0435409545898438
-0.195953369140625 -0.17596435546875 0.076263427734375 0.00428009033203124
-0.195144653320313 -0.150344848632813 0.112770080566406 0.0427322387695312
-0.23846435546875 -0.160568237304687 0.165206909179687 0.0792083740234375
-0.197479248046875 -0.21014404296875 0.131027221679688 0.154052734375
-0.052337646484375 -0.290496826171875 0.086151123046875 0.195846557617187
0.112701416015625 -0.2698974609375 -0.0302734375 0.154129028320312
0.320770263671875 -0.064483642578125 -0.108695983886719 0.06378173828125
0.32781982421875 0.137969970703125 0.0288372039794922 -0.0204086303710937
0.19415283203125 0.288970947265625 0.183059692382813 0.1961669921875
-0.0418701171875 0.227447509765625 0.386810302734375 0.203460693359375
0.0569610595703125 0.232345581054687 0.37115478515625 0.227752685546875
0.177490234375 0.154861450195313 0.264373779296875 0.101760864257813
0.209259033203125 -0.0308837890625 0.207366943359375 0.0294036865234375
0.10943603515625 -0.143722534179688 0.135536193847656 0.00868988037109374
-0.04644775390625 -0.184799194335938 0.120986938476563 0.0149993896484375
-0.126632690429687 -0.130134582519531 0.15093994140625 0.0395660400390625
-0.130577087402344 -0.113639831542969 0.187042236328125 0.06024169921875
-0.168014526367188 -0.125946044921875 0.235549926757812 0.10406494140625
-0.139175415039063 -0.16326904296875 0.190902709960938 0.19580078125
-0.0266265869140625 -0.224090576171875 0.115692138671875 0.23480224609375
0.1060791015625 -0.196365356445313 -0.0243377685546875 0.192764282226563
0.25714111328125 -0.0066070556640625 -0.103752136230469 0.0821151733398438
0.213699340820312 0.166275024414063 0.0640640258789063 0.0214157104492188
0.057098388671875 0.256515502929688 0.21484375 0.297210693359375
0.0820159912109375 -0.137298583984375 -0.249298095703125 -0.321319580078125
-0.090301513671875 -0.143463134765625 -0.0824966430664063 -0.0688400268554687
-0.135826110839844 -0.00553131103515626 0.108116149902344 -0.0876007080078125
-0.0779571533203125 0.0978469848632813 0.0588531494140625 -0.254257202148438
0.0103912353515625 0.112701416015625 -0.111923217773438 -0.277359008789063
0.0772628784179688 0.0851287841796875 -0.263992309570313 -0.200531005859375
0.0675201416015625 0.0551834106445313 -0.307220458984375 -0.0979919433593749
0.0539588928222656 0.0682296752929687 -0.246963500976563 -0.047760009765625
0.0453262329101563 0.0839309692382812 -0.200469970703125 -0.0352020263671874
-0.0143966674804687 0.0825881958007813 -0.15948486328125 -0.0350341796875
-0.0801010131835938 0.0426177978515625 -0.1572265625 -0.026611328125
-0.0931930541992188 -0.0506362915039062 -0.198043823242188 -0.051300048828125
-0.01007080078125 -0.14788818359375 -0.258346557617188 -0.126022338867188
0.101287841796875 -0.156539916992188 -0.36322021484375 -0.209503173828125
0.181243896484375 -0.0946807861328125 -0.361053466796875 -0.248504638671875
0.223556518554688 -0.0211029052734375 -0.188323974609375 -0.369964599609375
0.0676651000976563 -0.11627197265625 -0.04486083984375 -0.100570678710938
0.000656127929687499 -0.059814453125 0.137229919433594 -0.0994033813476563
-0.0191612243652344 -0.0199832916259766 0.084808349609375 -0.280044555664063
-0.00564384460449219 -0.0010533332824707 -0.0946044921875 -0.3060302734375
-0.00779104232788086 -0.00390243530273438 -0.268890380859375 -0.227127075195313
-0.0384674072265625 0.000183105468749996 -0.319915771484375 -0.106964111328125
-0.0428352355957031 0.00846481323242188 -0.255142211914063 -0.0429382324218751
-0.0589218139648438 0.011627197265625 -0.203292846679687 -0.0326385498046875
-0.0788726806640625 -0.01995849609375 -0.167221069335938 -0.029541015625
-0.0682907104492188 -0.0797042846679687 -0.14532470703125 -0.0137176513671875
-0.00895690917968751 -0.142745971679688 -0.178497314453125 -0.037628173828125
0.133895874023438 -0.139923095703125 -0.235626220703125 -0.0858154296875
0.251693725585937 -0.0843658447265625 -0.323944091796875 -0.171630859375
0.302581787109375 0.025390625 -0.302215576171875 -0.229400634765625
0.330352783203125 0.11395263671875 -0.08331298828125 -0.366180419921875
0.227325439453125 -0.0462799072265625 0.0305709838867188 -0.105636596679687
0.16583251953125 -0.090667724609375 0.183395385742188 -0.0988006591796875
0.0698471069335938 -0.13861083984375 0.127288818359375 -0.285888671875
-0.00328063964843749 -0.1279296875 -0.054473876953125 -0.31280517578125
-0.084869384765625 -0.10479736328125 -0.238418579101562 -0.23907470703125
-0.137199401855469 -0.060882568359375 -0.292266845703125 -0.1085205078125
-0.133705139160156 -0.051177978515625 -0.225204467773438 -0.0319976806640625
-0.157669067382812 -0.054473876953125 -0.170272827148438 -0.01837158203125
-0.147140502929688 -0.106796264648437 -0.145263671875 -0.00195312500000002
-0.0750579833984375 -0.187744140625 -0.116546630859375 0.0218429565429688
0.0386810302734375 -0.230209350585938 -0.153701782226563 -0.00207519531249998
0.241256713867188 -0.156646728515625 -0.212005615234375 -0.0359344482421875
0.363311767578125 -0.04461669921875 -0.265960693359375 -0.125473022460937
0.3831787109375 0.119415283203125 -0.215377807617187 -0.173385620117188
0.3802490234375 0.24468994140625 0.051300048828125 -0.30523681640625
0.350341796875 0.057281494140625 0.132553100585938 -0.0752716064453125
0.32586669921875 -0.0802001953125 0.237457275390625 -0.07574462890625
0.178817749023438 -0.229202270507813 0.17938232421875 -0.25946044921875
0.0213165283203125 -0.24102783203125 0.00323486328125001 -0.28717041015625
-0.138885498046875 -0.20050048828125 -0.173202514648438 -0.22662353515625
-0.212570190429688 -0.118133544921875 -0.224868774414063 -0.0982666015625
-0.202392578125 -0.102310180664063 -0.162750244140625 -0.0159149169921875
-0.23809814453125 -0.105484008789062 -0.104148864746094 0.00210571289062501
-0.205001831054687 -0.168319702148438 -0.0930633544921875 0.0351409912109375
-0.0916595458984375 -0.267791748046875 -0.0692520141601562 0.0659637451171875
0.059539794921875 -0.29730224609375 -0.120452880859375 0.0406417846679687
0.3070068359375 -0.175384521484375 -0.183486938476562 0.00694274902343746
0.428070068359375 -0.01849365234375 -0.19305419921875 -0.09075927734375
0.4156494140625 0.186614990234375 -0.107681274414062 -0.096832275390625
0.360076904296875 0.33782958984375 0.19061279296875 -0.192337036132812
0.3980712890625 0.169952392578125 0.2403564453125 -0.00927734374999999
0.4302978515625 -0.02227783203125 0.2822265625 -0.031036376953125
0.276519775390625 -0.258773803710938 0.221725463867188 -0.198211669921875
0.063018798828125 -0.309722900390625 0.0635833740234375 -0.22528076171875
-0.16058349609375 -0.26983642578125 -0.088226318359375 -0.183944702148438
-0.252975463867188 -0.15899658203125 -0.129753112792969 -0.0738677978515625
-0.240768432617188 -0.136581420898437 -0.0758056640625 0.00267028808593749
-0.285186767578125 -0.138671875 -0.0162982940673828 0.0255584716796875
-0.241363525390625 -0.202056884765625 -0.0195388793945313 0.0747756958007812
-0.103515625 -0.31072998046875 -0.0103530883789063 0.109535217285156
0.07037353515625 -0.329864501953125 -0.08404541015625 0.0819015502929687
0.338592529296875 -0.173187255859375 -0.153732299804687 0.03497314453125
0.441070556640625 0.015106201171875 -0.114601135253906 -0.0702133178710938
0.395050048828125 0.236236572265625 0.00726795196533206 -0.0109052658081055
0.268310546875 0.368499755859375 0.306182861328125 -0.049163818359375
0.351654052734375 0.25177001953125 0.327789306640625 0.07916259765625
0.43914794921875 0.059814453125 0.3018798828125 0.025360107421875
0.32366943359375 -0.22125244140625 0.2418212890625 -0.113800048828125
0.102386474609375 -0.311492919921875 0.109107971191406 -0.139823913574219
-0.14642333984375 -0.29205322265625 -0.0015106201171875 -0.118019104003906
-0.250137329101563 -0.175567626953125 -0.0225791931152344 -0.0392875671386719
-0.241012573242188 -0.149505615234375 0.021982192993164 0.0217151641845703
-0.28924560546875 -0.153594970703125 0.0793685913085937 0.0485305786132812
-0.244842529296875 -0.211593627929688 0.0625534057617187 0.113563537597656
-0.096893310546875 -0.319000244140625 0.048095703125 0.1512451171875
0.0836181640625 -0.322967529296875 -0.0510330200195312 0.1201171875
0.343292236328125 -0.139739990234375 -0.129035949707031 0.0537185668945312
0.40924072265625 0.06512451171875 -0.0395050048828125 -0.0519180297851562
0.32354736328125 0.27001953125 0.113494873046875 0.0841751098632813
0.131317138671875 0.32769775390625 0.3795166015625 0.08782958984375
0.229965209960937 0.273223876953125 0.37567138671875 0.163055419921875
0.34552001953125 0.123382568359375 0.29583740234375 0.071258544921875
0.296142578125 -0.13848876953125 0.23382568359375 -0.032684326171875
0.115264892578125 -0.250930786132813 0.132049560546875 -0.0559234619140625
-0.109542846679688 -0.259475708007812 0.0710372924804688 -0.0476303100585938
-0.208511352539062 -0.162109375 0.0767745971679687 0.00028991699218749
-0.20489501953125 -0.137832641601563 0.115097045898437 0.0395889282226562
-0.251922607421875 -0.145156860351563 0.169662475585937 0.0713043212890625
-0.212310791015625 -0.195053100585938 0.139724731445313 0.151641845703125
-0.07452392578125 -0.2880859375 0.0968475341796875 0.1923828125
0.0953216552734375 -0.279220581054687 -0.0277099609375 0.157608032226562
0.317474365234375 -0.085906982421875 -0.111442565917969 0.0696487426757813
0.33624267578125 0.116546630859375 0.0227890014648438 -0.0242385864257812
0.212295532226563 0.28021240234375 0.192474365234375 0.185562133789063
-0.026458740234375 0.2291259765625 0.400299072265625 0.18402099609375
0.0715789794921875 0.22808837890625 0.38360595703125 0.212158203125
0.188186645507813 0.14263916015625 0.272003173828125 0.0937042236328125
0.206253051757813 -0.046142578125 0.213775634765625 0.0220794677734375
0.0984039306640625 -0.150146484375 0.139083862304688 0.00300598144531249
-0.060638427734375 -0.180801391601563 0.121696472167969 0.00661468505859374
-0.13580322265625 -0.119773864746094 0.15411376953125 0.0308837890625
-0.138839721679687 -0.104347229003906 0.190750122070312 0.0516510009765625
-0.176803588867188 -0.114898681640625 0.24298095703125 0.0926513671875
-0.151199340820312 -0.152450561523438 0.202178955078125 0.185653686523437
-0.042022705078125 -0.223129272460937 0.12939453125 0.231781005859375
0.094268798828125 -0.2041015625 -0.0175933837890625 0.19482421875
0.255722045898438 -0.024688720703125 -0.104568481445313 0.088165283203125
0.223953247070312 0.151473999023437 0.0626106262207031 0.0165672302246094
0.07183837890625 0.253173828125 0.231903076171875 0.28460693359375
0.0750579833984375 -0.1416015625 -0.27508544921875 -0.309783935546875
-0.101188659667969 -0.138076782226562 -0.086944580078125 -0.0611190795898438
-0.136802673339844 0.00298309326171876 0.111839294433594 -0.0938873291015625
-0.0706100463867188 0.104591369628906 0.0475921630859375 -0.26397705078125
0.0188751220703125 0.113090515136719 -0.128860473632813 -0.279449462890625
0.0842514038085938 0.0803070068359375 -0.279556274414063 -0.18951416015625
0.0719757080078125 0.0503997802734375 -0.319244384765625 -0.0816955566406251
0.0613899230957031 0.0638961791992188 -0.2540283203125 -0.0337677001953125
0.053375244140625 0.0805816650390625 -0.206787109375 -0.022918701171875
-0.00719451904296874 0.0839385986328125 -0.16522216796875 -0.02557373046875
-0.0753402709960938 0.0482025146484375 -0.165985107421875 -0.016021728515625
-0.095855712890625 -0.0441970825195312 -0.209060668945313 -0.0426788330078125
-0.018829345703125 -0.146881103515625 -0.270858764648438 -0.120925903320312
0.09283447265625 -0.163360595703125 -0.383270263671875 -0.19818115234375
0.178878784179688 -0.107757568359375 -0.386566162109375 -0.237335205078125
0.226821899414063 -0.0317840576171875 -0.217254638671875 -0.36370849609375
0.0610885620117188 -0.120071411132813 -0.052154541015625 -0.0953140258789063
0.000183105468749994 -0.0618629455566406 0.139396667480469 -0.107429504394531
-0.0191993713378906 -0.0202693939208984 0.072479248046875 -0.29052734375
-0.00483274459838867 -0.00338935852050781 -0.112457275390625 -0.30859375
-0.00915336608886719 -0.00445556640625 -0.28619384765625 -0.21514892578125
-0.0411911010742188 0.00104904174804688 -0.332366943359375 -0.0890808105468749
-0.0429229736328125 0.0100784301757812 -0.261215209960938 -0.027435302734375
-0.0582199096679688 0.0147361755371094 -0.208938598632812 -0.0189208984375
-0.0807952880859375 -0.0158309936523438 -0.172470092773438 -0.017608642578125
-0.0727767944335938 -0.0771713256835937 -0.153167724609375 -0.00280761718750003
-0.016357421875 -0.143814086914063 -0.19024658203125 -0.028533935546875
0.128982543945313 -0.148178100585938 -0.24761962890625 -0.0804595947265625
0.250900268554688 -0.100112915039063 -0.342498779296875 -0.16314697265625
0.309967041015625 0.008087158203125 -0.32720947265625 -0.220855712890625
0.3450927734375 0.099151611328125 -0.110687255859375 -0.367431640625
0.226943969726563 -0.0594940185546875 0.0232086181640625 -0.105278015136719
0.167037963867187 -0.103469848632812 0.186477661132813 -0.10748291015625
0.0632476806640625 -0.147247314453125 0.1160888671875 -0.29840087890625
-0.01153564453125 -0.132545471191406 -0.070068359375 -0.3162841796875
-0.0954360961914063 -0.101142883300781 -0.255538940429688 -0.229995727539063
-0.146728515625 -0.054290771484375 -0.303863525390625 -0.0908508300781249
-0.139213562011719 -0.0445556640625 -0.230056762695313 -0.01629638671875
-0.164901733398437 -0.04571533203125 -0.174285888671875 -0.00476074218750002
-0.15643310546875 -0.09857177734375 -0.147567749023438 0.0113067626953125
-0.0890350341796875 -0.186798095703125 -0.120880126953125 0.0322799682617187
0.0261383056640625 -0.237762451171875 -0.164382934570313 0.00744628906250001
0.238128662109375 -0.172607421875 -0.222579956054687 -0.0298614501953125
0.3685302734375 -0.0665283203125 -0.281707763671875 -0.119354248046875
0.40057373046875 0.100830078125 -0.235336303710937 -0.16583251953125
0.4029541015625 0.2288818359375 0.0308837890625 -0.3126220703125
0.359832763671875 0.039154052734375 0.128105163574219 -0.0802154541015625
0.33087158203125 -0.10107421875 0.242080688476563 -0.08575439453125
0.166839599609375 -0.246261596679687 0.170562744140625 -0.273269653320313
0.0066375732421875 -0.249237060546875 -0.00970458984374998 -0.29156494140625
-0.1573486328125 -0.194412231445313 -0.188796997070313 -0.221115112304688
-0.227294921875 -0.106689453125 -0.23468017578125 -0.085113525390625
-0.2139892578125 -0.0911102294921876 -0.165512084960937 -0.00253295898437501
-0.2513427734375 -0.0916595458984375 -0.106155395507813 0.0123291015625
-0.221145629882813 -0.156646728515625 -0.0926666259765625 0.0468521118164062
-0.113311767578125 -0.267303466796875 -0.069091796875 0.0741500854492187
0.0406494140625 -0.30780029296875 -0.128753662109375 0.050140380859375
0.304351806640625 -0.197723388671875 -0.192535400390625 0.01397705078125
0.43585205078125 -0.04583740234375 -0.206756591796875 -0.0868682861328125
0.438201904296875 0.168304443359375 -0.120414733886719 -0.0939178466796875
0.387481689453125 0.324676513671875 0.179794311523438 -0.20513916015625
0.413848876953125 0.151275634765625 0.241134643554688 -0.0196075439453125
0.44146728515625 -0.049468994140625 0.28985595703125 -0.04205322265625
0.26446533203125 -0.2840576171875 0.218185424804688 -0.211990356445313
0.04443359375 -0.321563720703125 0.05572509765625 -0.232284545898438
-0.183624267578125 -0.2640380859375 -0.100204467773438 -0.182998657226563
-0.270492553710938 -0.14508056640625 -0.136512756347656 -0.0651321411132813
-0.256561279296875 -0.122100830078125 -0.0761337280273438 0.0114288330078125
-0.302642822265625 -0.1209716796875 -0.0150566101074219 0.0298137664794922
-0.261672973632813 -0.188385009765625 -0.0141983032226563 0.08306884765625
-0.129241943359375 -0.3114013671875 -0.005401611328125 0.114814758300781
0.04888916015625 -0.3419189453125 -0.0880661010742187 0.0913238525390624
0.33575439453125 -0.19915771484375 -0.160446166992188 0.043121337890625
0.451324462890625 -0.013336181640625 -0.126274108886719 -0.06866455078125
0.419219970703125 0.219940185546875 0.00294494628906253 -0.0128765106201172
0.29632568359375 0.36004638671875 0.30718994140625 -0.066436767578125
0.3729248046875 0.236968994140625 0.335205078125 0.065948486328125
0.45416259765625 0.033905029296875 0.3125 0.014892578125
0.3153076171875 -0.24774169921875 0.243453979492188 -0.126571655273438
0.08282470703125 -0.324676513671875 0.10736083984375 -0.147079467773438
-0.170867919921875 -0.2864990234375 -0.00762176513671876 -0.120933532714844
-0.269439697265625 -0.161285400390625 -0.0255012512207031 -0.0360794067382813
-0.2572021484375 -0.135391235351563 0.0244827270507812 0.0248737335205078
-0.307952880859375 -0.135162353515625 0.0845794677734375 0.0468597412109375
-0.264801025390625 -0.197311401367187 0.0723648071289062 0.117317199707031
-0.12353515625 -0.319366455078125 0.05780029296875 0.153900146484375
0.06182861328125 -0.335906982421875 -0.0509414672851562 0.128128051757812
0.341796875 -0.16546630859375 -0.133651733398437 0.0622940063476563
0.423065185546875 0.03814697265625 -0.0474395751953125 -0.05322265625
0.349395751953125 0.25823974609375 0.117103576660156 0.0779266357421875
0.1552734375 0.325225830078125 0.39117431640625 0.068115234375
0.250396728515625 0.26239013671875 0.390625 0.148162841796875
0.3626708984375 0.10308837890625 0.307769775390625 0.0618896484375
0.291534423828125 -0.162994384765625 0.24041748046875 -0.043365478515625
0.100494384765625 -0.263580322265625 0.135765075683594 -0.0626907348632813
-0.130935668945312 -0.25469970703125 0.0700759887695312 -0.0536766052246094
-0.224945068359375 -0.150100708007812 0.0792465209960937 -0.00306701660156251
-0.220046997070313 -0.126327514648437 0.121009826660156 0.0366973876953125
-0.268829345703125 -0.128753662109375 0.178009033203125 0.0638427734375
-0.231002807617188 -0.182174682617187 0.153076171875 0.15020751953125
-0.097991943359375 -0.289794921875 0.1099853515625 0.192306518554688
0.076507568359375 -0.29248046875 -0.0243682861328125 0.16510009765625
0.31884765625 -0.109375 -0.114517211914062 0.0784835815429687
0.34979248046875 0.096954345703125 0.0183677673339844 -0.0274639129638672
0.234603881835938 0.2735595703125 0.206573486328125 0.176345825195313
-0.01055908203125 0.232330322265625 0.419952392578125 0.16583251953125
0.087127685546875 0.226119995117187 0.401123046875 0.198638916015625
0.20233154296875 0.133621215820313 0.28533935546875 0.086151123046875
0.206085205078125 -0.0629119873046875 0.2232666015625 0.0133514404296875
0.0883026123046875 -0.159576416015625 0.145339965820313 -0.00350952148437501
-0.0755615234375 -0.17694091796875 0.124626159667969 -0.00148010253906251
-0.145980834960937 -0.110519409179688 0.158889770507812 0.0228729248046875
-0.149932861328125 -0.0963287353515625 0.198013305664063 0.0430450439453125
-0.190414428710938 -0.103500366210937 0.253311157226562 0.0811004638671875
-0.165725708007813 -0.143035888671875 0.218536376953125 0.180999755859375
-0.060821533203125 -0.22467041015625 0.145065307617188 0.230194091796875
0.0807647705078125 -0.2154541015625 -0.009857177734375 0.202117919921875
0.258377075195312 -0.04193115234375 -0.106468200683594 0.0961456298828125
0.236297607421875 0.138763427734375 0.0621261596679688 0.0109100341796875
0.089569091796875 0.253799438476562 0.252716064453125 0.274826049804687
0.066497802734375 -0.148544311523438 -0.3092041015625 -0.295318603515625
-0.116065979003906 -0.131820678710938 -0.0932693481445313 -0.05120849609375
-0.139732360839844 0.0131912231445313 0.113731384277344 -0.105018615722656
-0.060516357421875 0.112525939941406 0.03125 -0.276840209960938
0.0301437377929688 0.112518310546875 -0.154922485351562 -0.280441284179688
0.0934066772460938 0.0736618041992188 -0.30218505859375 -0.1734619140625
0.0772247314453125 0.0435256958007812 -0.335205078125 -0.0581054687500001
0.069427490234375 0.0575370788574219 -0.263626098632813 -0.014434814453125
0.0632095336914062 0.07611083984375 -0.214126586914063 -0.00547790527343753
0.000473022460937495 0.0849609375 -0.173309326171875 -0.012939453125
-0.0706634521484375 0.055023193359375 -0.175704956054688 -0.00132751464843751
-0.0992584228515625 -0.0366058349609375 -0.222732543945313 -0.0288238525390625
-0.0312042236328125 -0.147262573242188 -0.2913818359375 -0.111572265625
0.0823974609375 -0.174072265625 -0.411407470703125 -0.180328369140625
0.174758911132813 -0.125564575195313 -0.42181396484375 -0.21722412109375
0.231765747070313 -0.0473175048828125 -0.25579833984375 -0.354705810546875
0.0513916015625 -0.126060485839844 -0.0611953735351563 -0.0897140502929688
-0.00328445434570312 -0.0644454956054688 0.141357421875 -0.119796752929688
-0.0194015502929688 -0.0203475952148438 0.055419921875 -0.305419921875
-0.0049595832824707 -0.00461435317993164 -0.13812255859375 -0.31024169921875
-0.0108518600463867 -0.00459671020507812 -0.31072998046875 -0.2000732421875
-0.0439529418945312 0.00333023071289063 -0.348541259765625 -0.06378173828125
-0.0420341491699219 0.0119514465332031 -0.269622802734375 -0.00544738769531246
-0.0584907531738281 0.0191764831542969 -0.216842651367188 -0.000305175781249967
-0.0832595825195312 -0.00986480712890624 -0.17913818359375 -0.00157165527343749
-0.07928466796875 -0.0739822387695312 -0.161224365234375 0.0123748779296875
-0.026123046875 -0.146270751953125 -0.204483032226563 -0.0143585205078125
0.122512817382813 -0.161529541015625 -0.265823364257813 -0.0706329345703126
0.2496337890625 -0.12176513671875 -0.369110107421875 -0.1475830078125
0.320892333984375 -0.01513671875 -0.358673095703125 -0.20501708984375
0.36395263671875 0.078216552734375 -0.146820068359375 -0.366729736328125
0.22808837890625 -0.07720947265625 0.0141983032226563 -0.105361938476563
0.165603637695313 -0.120407104492188 0.189483642578125 -0.122024536132813
0.05419921875 -0.158294677734375 0.10003662109375 -0.315521240234375
-0.0229415893554688 -0.136528015136719 -0.094451904296875 -0.322021484375
-0.108428955078125 -0.0960311889648438 -0.280380249023438 -0.21697998046875
-0.157623291015625 -0.0433502197265625 -0.318878173828125 -0.068206787109375
-0.146759033203125 -0.0353240966796875 -0.235626220703125 0.00483703613281246
-0.1744384765625 -0.032745361328125 -0.179244995117188 0.011871337890625
-0.168624877929688 -0.0878448486328125 -0.150390625 0.02783203125
-0.107559204101562 -0.18536376953125 -0.124771118164063 0.0466461181640625
0.00772094726562498 -0.246368408203125 -0.176055908203125 0.022216796875
0.233154296875 -0.195632934570312 -0.236434936523437 -0.01934814453125
0.374725341796875 -0.097869873046875 -0.30426025390625 -0.1064453125
0.4210205078125 0.07440185546875 -0.261077880859375 -0.154678344726562
0.433929443359375 0.206024169921875 0.00268554687500004 -0.32232666015625
0.370025634765625 0.01336669921875 0.123115539550781 -0.087890625
0.33514404296875 -0.1318359375 0.24835205078125 -0.103363037109375
0.151885986328125 -0.268356323242188 0.1580810546875 -0.293670654296875
-0.0146636962890625 -0.257461547851563 -0.0286865234375 -0.3009033203125
-0.180007934570313 -0.186141967773437 -0.211288452148437 -0.212692260742188
-0.245208740234375 -0.089263916015625 -0.248016357421875 -0.06610107421875
-0.228164672851563 -0.0755157470703125 -0.168289184570313 0.014404296875
-0.268417358398438 -0.070953369140625 -0.107925415039063 0.0249404907226562
-0.241622924804688 -0.141464233398438 -0.090240478515625 0.0611114501953125
-0.141738891601563 -0.2655029296875 -0.0678634643554688 0.0852890014648437
0.015594482421875 -0.321197509765625 -0.135589599609375 0.0654830932617187
0.299224853515625 -0.228485107421875 -0.201934814453125 0.0265045166015625
0.445526123046875 -0.08282470703125 -0.22540283203125 -0.077911376953125
0.46673583984375 0.140869140625 -0.1373291015625 -0.0892333984375
0.425537109375 0.30474853515625 0.164642333984375 -0.223709106445312
0.437164306640625 0.12286376953125 0.243820190429688 -0.033447265625
0.453887939453125 -0.086181640625 0.29852294921875 -0.05926513671875
0.24847412109375 -0.31494140625 0.2127685546875 -0.232864379882813
0.01788330078125 -0.33416748046875 0.04449462890625 -0.243087768554688
-0.213363647460938 -0.25323486328125 -0.116744995117187 -0.180801391601563
-0.293060302734375 -0.125701904296875 -0.145172119140625 -0.0546112060546875
-0.274383544921875 -0.103668212890625 -0.0751876831054688 0.0231094360351563
-0.324249267578125 -0.0959777832031251 -0.0126724243164063 0.0357475280761719
-0.28521728515625 -0.169525146484375 -0.00676727294921877 0.0924148559570313
-0.163299560546875 -0.3092041015625 0.00279998779296875 0.122688293457031
0.020050048828125 -0.3568115234375 -0.0900955200195313 0.105033874511719
0.330230712890625 -0.234283447265625 -0.168121337890625 0.05609130859375
0.464752197265625 -0.050628662109375 -0.140655517578125 -0.06378173828125
0.452850341796875 0.1947021484375 -0.00256633758544919 -0.0139055252075195
0.335479736328125 0.3472900390625 0.308929443359375 -0.0906982421875
0.401031494140625 0.215087890625 0.347869873046875 0.046966552734375
0.472320556640625 -0.0015869140625 0.32513427734375 -0.002960205078125
0.3017578125 -0.28302001953125 0.244277954101563 -0.145645141601563
0.056549072265625 -0.34149169921875 0.104019165039062 -0.159500122070313
-0.201889038085938 -0.276718139648438 -0.0169448852539063 -0.124740600585938
-0.292572021484375 -0.14239501953125 -0.0278377532958985 -0.0331325531005859
-0.27679443359375 -0.116256713867188 0.0287342071533203 0.0274181365966797
-0.33184814453125 -0.10980224609375 0.0911483764648437 0.0445480346679687
-0.290283203125 -0.17742919921875 0.0854263305664062 0.119728088378906
-0.159393310546875 -0.31781005859375 0.071014404296875 0.1561279296875
0.033050537109375 -0.351470947265625 -0.0475234985351563 0.139694213867187
0.339263916015625 -0.20147705078125 -0.138099670410156 0.0751495361328125
0.437774658203125 0.00347900390625 -0.0581512451171875 -0.0533714294433594
0.38201904296875 0.240264892578125 0.123428344726563 0.069915771484375
0.18743896484375 0.322509765625 0.40679931640625 0.042236328125
0.27850341796875 0.250335693359375 0.411651611328125 0.12713623046875
0.38323974609375 0.07647705078125 0.323883056640625 0.045928955078125
0.284637451171875 -0.193206787109375 0.248138427734375 -0.06005859375
0.079498291015625 -0.279586791992188 0.139381408691406 -0.0743331909179688
-0.157791137695312 -0.247650146484375 0.0681648254394531 -0.0616722106933594
-0.244583129882813 -0.132827758789062 0.0815353393554687 -0.00839233398437501
-0.238372802734375 -0.108917236328125 0.128875732421875 0.0305938720703125
-0.2908935546875 -0.10693359375 0.1895751953125 0.0533294677734375
-0.254409790039062 -0.1656494140625 0.171905517578125 0.145294189453125
-0.13018798828125 -0.289276123046875 0.129287719726563 0.190628051757812
0.0516357421875 -0.30810546875 -0.01641845703125 0.17559814453125
0.318817138671875 -0.1405029296875 -0.116592407226562 0.0913772583007813
0.3675537109375 0.069305419921875 0.0128593444824219 -0.0314159393310547
0.265151977539063 0.264739990234375 0.223724365234375 0.164474487304688
0.00819396972656251 0.238006591796875 0.4456787109375 0.140777587890625
0.107101440429688 0.224990844726562 0.42938232421875 0.17919921875
0.221450805664062 0.1195068359375 0.302520751953125 0.071075439453125
0.20355224609375 -0.085235595703125 0.235870361328125 -0.00167846679687501
0.0743865966796875 -0.171600341796875 0.154052734375 -0.0151519775390625
-0.0948944091796875 -0.172866821289063 0.129447937011719 -0.012176513671875
-0.159988403320313 -0.0999603271484376 0.1666259765625 0.010650634765625
-0.1630859375 -0.0839080810546875 0.207321166992187 0.0302276611328125
-0.206878662109375 -0.0875854492187499 0.269500732421875 0.0631256103515625
-0.183181762695313 -0.1317138671875 0.241317749023438 0.17083740234375
-0.08441162109375 -0.225387573242187 0.167434692382813 0.227249145507813
0.0633087158203125 -0.22821044921875 0.00141906738281252 0.212539672851562
0.26214599609375 -0.0667877197265625 -0.106773376464844 0.108283996582031
0.252609252929688 0.1221923828125 0.0626373291015625 0.00474929809570313
0.113555908203125 0.254608154296875 0.281768798828125 0.25946044921875
0.0540313720703125 -0.154708862304688 -0.345306396484375 -0.2652587890625
-0.132316589355469 -0.118194580078125 -0.09808349609375 -0.0381851196289063
-0.139610290527344 0.02740478515625 0.111518859863281 -0.119186401367188
-0.0476837158203125 0.118476867675781 0.00625610351562502 -0.286895751953125
0.0432815551757812 0.108963012695313 -0.1864013671875 -0.2708740234375
0.102424621582031 0.0623092651367188 -0.323822021484375 -0.147003173828125
0.0819778442382813 0.034576416015625 -0.346954345703125 -0.0242919921875
0.0769195556640625 0.0483016967773438 -0.26885986328125 0.0129241943359375
0.0738372802734375 0.067413330078125 -0.2186279296875 0.0175933837890625
0.0109939575195312 0.0838775634765625 -0.178955078125 0.00544738769531251
-0.0631103515625 0.0625228881835937 -0.180557250976563 0.019500732421875
-0.101516723632813 -0.0269393920898437 -0.233444213867187 -0.00733947753906254
-0.046142578125 -0.143951416015625 -0.311126708984375 -0.0899658203125
0.0648651123046875 -0.183883666992187 -0.43927001953125 -0.146453857421875
0.163360595703125 -0.14495849609375 -0.454925537109375 -0.180938720703125
0.232940673828125 -0.0684051513671875 -0.29864501953125 -0.33233642578125
0.0386810302734375 -0.129852294921875 -0.071380615234375 -0.0806503295898438
-0.00856399536132813 -0.0663223266601563 0.137939453125 -0.136032104492188
-0.0204734802246094 -0.0200481414794922 0.0277099609375 -0.3170166015625
-0.00505876541137695 -0.0059041976928711 -0.171600341796875 -0.302947998046875
-0.0129833221435547 -0.00465583801269531 -0.334991455078125 -0.1719970703125
-0.046478271484375 0.00781631469726563 -0.360382080078125 -0.0281677246093749
-0.0413398742675781 0.0145072937011719 -0.272109985351563 0.024017333984375
-0.0565032958984375 0.0238265991210938 -0.219573974609375 0.0241851806640625
-0.0847396850585937 -0.00216674804687501 -0.18292236328125 0.0197601318359375
-0.0868301391601562 -0.0673751831054688 -0.165313720703125 0.0322723388671875
-0.0400238037109375 -0.146560668945313 -0.214447021484375 0.00711059570312496
0.110198974609375 -0.174072265625 -0.281982421875 -0.0509033203125
0.240890502929688 -0.147872924804688 -0.393585205078125 -0.117645263671875
0.324951171875 -0.04791259765625 -0.391815185546875 -0.172454833984375
0.38037109375 0.04443359375 -0.190460205078125 -0.355224609375
0.221572875976563 -0.0980377197265625 0.00232696533203127 -0.103904724121094
0.157928466796875 -0.140945434570313 0.186981201171875 -0.141326904296875
0.0384979248046875 -0.167617797851563 0.073455810546875 -0.33050537109375
-0.037811279296875 -0.136795043945313 -0.1260986328125 -0.3189697265625
-0.121299743652344 -0.08563232421875 -0.30584716796875 -0.192138671875
-0.16729736328125 -0.026824951171875 -0.329986572265625 -0.034515380859375
-0.152862548828125 -0.0209808349609375 -0.23590087890625 0.031707763671875
-0.181045532226563 -0.014129638671875 -0.179855346679688 0.03369140625
-0.180099487304688 -0.0710296630859375 -0.1497802734375 0.04766845703125
-0.129241943359375 -0.17608642578125 -0.124771118164063 0.0640335083007812
-0.0170440673828125 -0.251113891601563 -0.182525634765625 0.04351806640625
0.219375610351563 -0.222579956054687 -0.247909545898438 0.0003814697265625
0.37066650390625 -0.137542724609375 -0.32537841796875 -0.08203125
0.437591552734375 0.03375244140625 -0.286529541015625 -0.13153076171875
0.464599609375 0.16827392578125 -0.03363037109375 -0.324554443359375
0.374969482421875 -0.021026611328125 0.113716125488281 -0.0965957641601563
0.330047607421875 -0.16943359375 0.247283935546875 -0.125732421875
0.125885009765625 -0.289520263671875 0.135406494140625 -0.313568115234375
-0.0419921875 -0.260360717773438 -0.055755615234375 -0.304779052734375
-0.2037353515625 -0.167953491210938 -0.235000610351563 -0.194473266601563
-0.26019287109375 -0.063629150390625 -0.256881713867188 -0.0391998291015625
-0.2398681640625 -0.0521392822265625 -0.165313720703125 0.0355072021484375
-0.28143310546875 -0.0413513183593749 -0.105194091796875 0.0398101806640625
-0.259384155273437 -0.1156005859375 -0.0837554931640625 0.07568359375
-0.173553466796875 -0.2532958984375 -0.0618515014648437 0.0979156494140625
-0.01861572265625 -0.32720947265625 -0.137527465820313 0.0844039916992188
0.2823486328125 -0.263671875 -0.209320068359375 0.0456085205078125
0.444122314453125 -0.130615234375 -0.243331909179687 -0.05975341796875
0.490631103515625 0.096832275390625 -0.153427124023437 -0.0762786865234375
0.464202880859375 0.268035888671875 0.140243530273438 -0.240997314453125
0.4537353515625 0.082061767578125 0.241790771484375 -0.0535888671875
0.4556884765625 -0.136016845703125 0.302398681640625 -0.08575439453125
0.217742919921875 -0.346771240234375 0.196670532226562 -0.2562255859375
-0.017974853515625 -0.341552734375 0.0245513916015625 -0.252578735351563
-0.244766235351563 -0.231903076171875 -0.13604736328125 -0.1717529296875
-0.3121337890625 -0.093505859375 -0.151931762695313 -0.0379486083984375
-0.290191650390625 -0.0757751464843749 -0.0703201293945313 0.0342483520507813
-0.34130859375 -0.0597839355468749 -0.00855255126953127 0.0402870178222656
-0.309051513671875 -0.13824462890625 0.00515747070312499 0.0985870361328125
-0.202911376953125 -0.29461669921875 0.0137100219726562 0.127700805664062
-0.0196533203125 -0.364532470703125 -0.0855178833007813 0.120597839355469
0.313568115234375 -0.272552490234375 -0.170516967773438 0.074432373046875
0.466766357421875 -0.101593017578125 -0.155548095703125 -0.0531768798828125
0.483154296875 0.154541015625 -0.00906467437744137 -0.0140857696533203
0.378265380859375 0.32012939453125 0.30120849609375 -0.1212158203125
0.42803955078125 0.178131103515625 0.355072021484375 0.017578125
0.484771728515625 -0.051513671875 0.334320068359375 -0.0308837890625
0.27532958984375 -0.31951904296875 0.23773193359375 -0.170623779296875
0.02044677734375 -0.3521728515625 0.0939483642578125 -0.17242431640625
-0.2354736328125 -0.256423950195313 -0.0293960571289063 -0.125274658203125
-0.313720703125 -0.110565185546875 -0.0311660766601563 -0.0289974212646484
-0.29425048828125 -0.086761474609375 0.0353813171386719 0.0290718078613281
-0.350921630859375 -0.070953369140625 0.0977706909179687 0.03759765625
-0.31439208984375 -0.146148681640625 0.101226806640625 0.115959167480469
-0.200531005859375 -0.30364990234375 0.0874176025390625 0.15399169921875
-0.00671386718750002 -0.361328125 -0.037994384765625 0.152694702148438
0.323638916015625 -0.241485595703125 -0.138114929199219 0.0924148559570312
0.445159912109375 -0.042510986328125 -0.0697212219238281 -0.0501937866210938
0.416412353515625 0.2061767578125 0.12908935546875 0.0575790405273438
0.224334716796875 0.30792236328125 0.415618896484375 0.00473022460937502
0.306793212890625 0.22576904296875 0.43035888671875 0.092376708984375
0.400238037109375 0.036651611328125 0.33575439453125 0.019012451171875
0.265090942382813 -0.227890014648438 0.250030517578125 -0.084381103515625
0.048583984375 -0.291259765625 0.138496398925781 -0.0898361206054688
-0.187667846679687 -0.231048583984375 0.0642738342285156 -0.0700912475585938
-0.263473510742188 -0.106369018554687 0.083770751953125 -0.0161590576171875
-0.254104614257813 -0.083343505859375 0.135986328125 0.0208358764648437
-0.309173583984375 -0.0723876953125 0.199142456054687 0.0354461669921875
-0.276947021484375 -0.13751220703125 0.192291259765625 0.132568359375
-0.167388916015625 -0.27764892578125 0.150177001953125 0.182205200195313
0.016387939453125 -0.31829833984375 -0.0011444091796875 0.184722900390625
0.30877685546875 -0.177581787109375 -0.113273620605469 0.106315612792969
0.37933349609375 0.0301513671875 0.0059165954589844 -0.0352287292480469
0.2998046875 0.241729736328125 0.241653442382813 0.142578125
0.03338623046875 0.239883422851563 0.467071533203125 0.099853515625
0.131423950195313 0.217269897460937 0.454833984375 0.14300537109375
0.238876342773438 0.0974884033203125 0.31768798828125 0.04681396484375
0.194671630859375 -0.107650756835938 0.24310302734375 -0.0233306884765625
0.055206298828125 -0.18072509765625 0.158462524414063 -0.0317840576171875
-0.11505126953125 -0.161209106445313 0.130035400390625 -0.0260848999023438
-0.17291259765625 -0.0821380615234375 0.170852661132812 -0.0071258544921875
-0.17388916015625 -0.0660247802734375 0.215713500976563 0.010955810546875
-0.220901489257813 -0.0627288818359375 0.2806396484375 0.036529541015625
-0.201751708984375 -0.110519409179687 0.2646484375 0.150650024414063
-0.113174438476562 -0.218780517578125 0.193511962890625 0.213760375976563
0.03729248046875 -0.238540649414062 0.021240234375 0.218521118164062
0.257492065429688 -0.096466064453125 -0.100845336914063 0.123382568359375
0.268035888671875 0.0968017578125 0.0614128112792969 -0.00395965576171874
0.14263916015625 0.24658203125 0.311798095703125 0.232635498046875
0.03955078125 -0.15728759765625 -0.37078857421875 -0.2232666015625
-0.142959594726563 -0.09893798828125 -0.0993423461914063 -0.02374267578125
-0.134674072265625 0.0419692993164063 0.1026611328125 -0.131813049316406
-0.0320587158203125 0.119705200195313 -0.0216064453125 -0.286712646484375
0.0550155639648437 0.100006103515625 -0.213211059570312 -0.249008178710938
0.106719970703125 0.0481719970703125 -0.33465576171875 -0.111572265625
0.0837860107421875 0.02392578125 -0.34521484375 0.013214111328125
0.0806884765625 0.036346435546875 -0.263656616210937 0.04058837890625
0.0811538696289063 0.055023193359375 -0.213851928710938 0.0417938232421875
0.021484375 0.0795059204101563 -0.177536010742188 0.025482177734375
-0.052490234375 0.0672531127929688 -0.178421020507813 0.0408782958984375
-0.101356506347656 -0.0166015625 -0.2362060546875 0.0169525146484375
-0.0594406127929688 -0.135231018066406 -0.32080078125 -0.062042236328125
0.0436859130859375 -0.186126708984375 -0.45172119140625 -0.103668212890625
0.145523071289063 -0.160385131835938 -0.47210693359375 -0.1324462890625
0.226425170898437 -0.0909881591796875 -0.33319091796875 -0.29180908203125
0.02410888671875 -0.128608703613281 -0.0785751342773437 -0.0679168701171875
-0.0142669677734375 -0.0655479431152344 0.127639770507813 -0.149551391601563
-0.0210285186767578 -0.0192413330078125 -0.00262451171874997 -0.317474365234375
-0.00555276870727539 -0.00728130340576172 -0.200927734375 -0.282745361328125
-0.0141811370849609 -0.00363254547119141 -0.347900390625 -0.13543701171875
-0.0460281372070312 0.0129318237304687 -0.35894775390625 0.01190185546875
-0.0394515991210937 0.0164451599121094 -0.264358520507812 0.0526123046875
-0.0529823303222656 0.0282173156738281 -0.213241577148437 0.04986572265625
-0.0826263427734375 0.00640869140625001 -0.1783447265625 0.0414886474609375
-0.091583251953125 -0.0578231811523437 -0.162185668945313 0.0531463623046875
-0.0536422729492188 -0.140403747558594 -0.215728759765625 0.0310211181640625
0.092193603515625 -0.182159423828125 -0.288848876953125 -0.02593994140625
0.2220458984375 -0.170944213867188 -0.406280517578125 -0.0784301757812501
0.31610107421875 -0.080230712890625 -0.40911865234375 -0.130035400390625
0.384063720703125 0.005950927734375 -0.228515625 -0.32720947265625
0.207626342773438 -0.116455078125 -0.00949096679687499 -0.0981826782226563
0.142730712890625 -0.15753173828125 0.175247192382813 -0.158889770507813
0.019683837890625 -0.170364379882813 0.04071044921875 -0.334747314453125
-0.0523147583007813 -0.132537841796875 -0.156036376953125 -0.30328369140625
-0.130165100097656 -0.0704116821289062 -0.32135009765625 -0.157989501953125
-0.169418334960938 -0.00715637207031251 -0.32843017578125 0.00231933593749994
-0.153244018554688 -0.00460815429687498 -0.226394653320313 0.0582275390625
-0.180404663085938 0.00692749023437499 -0.172500610351563 0.05584716796875
-0.184844970703125 -0.049072265625 -0.14166259765625 0.06671142578125
-0.146560668945313 -0.159347534179688 -0.118545532226563 0.0805816650390625
-0.0435943603515625 -0.247268676757813 -0.180938720703125 0.064971923828125
0.195220947265625 -0.24261474609375 -0.25091552734375 0.02313232421875
0.35113525390625 -0.17498779296875 -0.33642578125 -0.050018310546875
0.437530517578125 -0.011932373046875 -0.30120849609375 -0.09967041015625
0.47808837890625 0.1185302734375 -0.07177734375 -0.313568115234375
0.366851806640625 -0.057586669921875 0.101417541503906 -0.102500915527344
0.30987548828125 -0.204498291015625 0.237060546875 -0.148635864257813
0.092010498046875 -0.29998779296875 0.105010986328125 -0.3240966796875
-0.0695953369140625 -0.25274658203125 -0.08447265625 -0.29742431640625
-0.22064208984375 -0.141220092773438 -0.252838134765625 -0.168411254882813
-0.265777587890625 -0.0325469970703125 -0.25732421875 -0.010101318359375
-0.242767333984375 -0.02545166015625 -0.155166625976563 0.0548858642578125
-0.282196044921875 -0.00717163085937499 -0.0985107421875 0.0537872314453125
-0.269241333007813 -0.0836944580078126 -0.0723190307617188 0.0879669189453125
-0.201141357421875 -0.22979736328125 -0.0521926879882813 0.10736083984375
-0.05438232421875 -0.32135009765625 -0.131240844726563 0.102821350097656
0.252838134765625 -0.291259765625 -0.207794189453125 0.06512451171875
0.425140380859375 -0.177154541015625 -0.253341674804688 -0.0356292724609375
0.498321533203125 0.045989990234375 -0.163986206054687 -0.0586395263671875
0.489776611328125 0.217437744140625 0.110153198242188 -0.249114990234375
0.45465087890625 0.035888671875 0.231674194335938 -0.07354736328125
0.4381103515625 -0.184844970703125 0.295013427734375 -0.1134033203125
0.176605224609375 -0.36529541015625 0.17193603515625 -0.272552490234375
-0.054229736328125 -0.334686279296875 0.00112915039062497 -0.254470825195313
-0.266998291015625 -0.200027465820313 -0.152359008789063 -0.156295776367188
-0.32000732421875 -0.056854248046875 -0.152542114257813 -0.0195465087890625
-0.2945556640625 -0.0416564941406251 -0.0612411499023438 0.0441818237304688
-0.344390869140625 -0.016265869140625 -0.00224304199218752 0.0439491271972656
-0.32098388671875 -0.0996704101562499 0.0186004638671875 0.100105285644531
-0.235427856445313 -0.266372680664062 0.0265274047851563 0.12762451171875
-0.061798095703125 -0.35760498046875 -0.07501220703125 0.134597778320312
0.280853271484375 -0.3055419921875 -0.165618896484375 0.09222412109375
0.451934814453125 -0.1519775390625 -0.165756225585937 -0.037872314453125
0.496917724609375 0.1024169921875 -0.014404296875 -0.0121269226074219
0.40960693359375 0.276641845703125 0.280929565429688 -0.147430419921875
0.440277099609375 0.132232666015625 0.351654052734375 -0.015045166015625
0.47564697265625 -0.1051025390625 0.331298828125 -0.06134033203125
0.236114501953125 -0.345458984375 0.220809936523438 -0.191818237304688
-0.018585205078125 -0.3487548828125 0.0788421630859375 -0.181716918945313
-0.260848999023438 -0.22454833984375 -0.0418167114257813 -0.120674133300781
-0.322021484375 -0.072509765625 -0.032186508178711 -0.0243568420410156
-0.2999267578125 -0.0523071289062501 0.0421218872070312 0.0270881652832031
-0.3551025390625 -0.0264892578124999 0.101776123046875 0.0289459228515625
-0.327972412109375 -0.105987548828125 0.115280151367188 0.106185913085938
-0.234512329101563 -0.27496337890625 0.102798461914063 0.145172119140625
-0.04864501953125 -0.35552978515625 -0.0233612060546875 0.160568237304687
0.293701171875 -0.275177001953125 -0.1304931640625 0.107032775878906
0.4346923828125 -0.091552734375 -0.0794219970703125 -0.043060302734375
0.436370849609375 0.160614013671875 0.1304931640625 0.04388427734375
0.255661010742188 0.279495239257813 0.409759521484375 -0.037109375
0.326416015625 0.19049072265625 0.434722900390625 0.05084228515625
0.40216064453125 -0.008087158203125 0.337677001953125 -0.011749267578125
0.235427856445313 -0.253341674804688 0.241943359375 -0.1080322265625
0.015167236328125 -0.291259765625 0.130859375 -0.105033874511719
-0.210983276367188 -0.204071044921875 0.0561370849609375 -0.0764694213867188
-0.272125244140625 -0.0732421875 0.081634521484375 -0.0243072509765625
-0.259246826171875 -0.053009033203125 0.139595031738281 0.00725555419921875
-0.313751220703125 -0.032012939453125 0.200881958007812 0.0146636962890625
-0.28973388671875 -0.101593017578125 0.20635986328125 0.111953735351563
-0.198989868164063 -0.252975463867187 0.168167114257813 0.16546630859375
-0.02008056640625 -0.315887451171875 0.017059326171875 0.187271118164063
0.285247802734375 -0.210052490234375 -0.104537963867187 0.118965148925781
0.376678466796875 -0.012481689453125 -0.00190734863281248 -0.0374717712402344
0.3236083984375 0.207977294921875 0.251739501953125 0.114395141601563
0.0597381591796875 0.232772827148437 0.47235107421875 0.051910400390625
0.152297973632813 0.19921875 0.466644287109375 0.0977783203125
0.24822998046875 0.0691375732421875 0.32135009765625 0.01641845703125
0.177688598632813 -0.12823486328125 0.24176025390625 -0.0465545654296875
0.0322265625 -0.18310546875 0.156524658203125 -0.049163818359375
-0.131271362304688 -0.143783569335937 0.126968383789062 -0.0409011840820313
-0.17919921875 -0.060211181640625 0.169479370117188 -0.0250396728515625
-0.17852783203125 -0.0443878173828125 0.21630859375 -0.011566162109375
-0.225173950195312 -0.033111572265625 0.281219482421875 0.005218505859375
-0.211105346679688 -0.08416748046875 0.279144287109375 0.121261596679688
-0.137283325195313 -0.200180053710938 0.213775634765625 0.191635131835938
0.00897216796875002 -0.239089965820313 0.0433807373046875 0.217514038085938
0.242919921875 -0.123336791992188 -0.090179443359375 0.134185791015625
0.273468017578125 0.0655517578125 0.0568962097167969 -0.0125007629394531
0.168426513671875 0.22821044921875 0.33123779296875 0.19451904296875
0.027313232421875 -0.155929565429688 -0.378753662109375 -0.1806640625
-0.145187377929688 -0.0801239013671875 -0.09649658203125 -0.0107955932617188
-0.1259765625 0.0522918701171875 0.0921478271484375 -0.138916015625
-0.0196609497070313 0.11676025390625 -0.0444183349609375 -0.278564453125
0.0615386962890625 0.0904693603515625 -0.227615356445312 -0.22235107421875
0.106605529785156 0.0359878540039063 -0.332733154296875 -0.0807495117187499
0.0825042724609375 0.0146713256835938 -0.333282470703125 0.0437316894531251
0.0804367065429687 0.0249786376953125 -0.251815795898438 0.06201171875
0.0836715698242188 0.042205810546875 -0.202545166015625 0.0603179931640625
0.0284500122070313 0.0729598999023438 -0.170623779296875 0.041595458984375
-0.0420570373535156 0.0674629211425781 -0.169708251953125 0.0571441650390625
-0.0979766845703125 -0.00812530517578124 -0.231338500976563 0.036346435546875
-0.0683517456054688 -0.123893737792969 -0.3203125 -0.036895751953125
0.0256195068359375 -0.182296752929688 -0.448944091796875 -0.0641174316406251
0.125930786132813 -0.167648315429688 -0.470306396484375 -0.088958740234375
0.213897705078125 -0.107620239257812 -0.349334716796875 -0.248870849609375
0.0123977661132812 -0.1229248046875 -0.0818710327148437 -0.0544204711914063
-0.0192146301269531 -0.0629005432128906 0.114532470703125 -0.157989501953125
-0.0215797424316406 -0.0186500549316406 -0.02789306640625 -0.3089599609375
-0.0060267448425293 -0.00747394561767578 -0.218032836914063 -0.257369995117187
-0.0150918960571289 -0.002197265625 -0.34857177734375 -0.101837158203125
-0.0446853637695313 0.0171356201171875 -0.34613037109375 0.043670654296875
-0.0376434326171875 0.0173835754394531 -0.248977661132813 0.0744476318359375
-0.0486984252929687 0.0299568176269531 -0.200759887695312 0.068634033203125
-0.0785140991210938 0.0130081176757812 -0.168624877929688 0.0579681396484375
-0.09259033203125 -0.0481414794921875 -0.153152465820313 0.0687255859375
-0.0631637573242187 -0.131736755371094 -0.21142578125 0.050079345703125
0.0749969482421875 -0.183517456054688 -0.28753662109375 -0.00381469726562498
0.199356079101563 -0.18304443359375 -0.404449462890625 -0.0448608398437501
0.298980712890625 -0.104339599609375 -0.410369873046875 -0.091064453125
0.37469482421875 -0.02655029296875 -0.251922607421875 -0.292236328125
0.190170288085938 -0.126556396484375 -0.0182037353515625 -0.08935546875
0.125747680664063 -0.166397094726563 0.160842895507813 -0.169937133789063
0.00386047363281251 -0.167526245117188 0.013946533203125 -0.329193115234375
-0.0621795654296875 -0.124198913574219 -0.17596435546875 -0.282012939453125
-0.133102416992188 -0.0554351806640625 -0.32452392578125 -0.125213623046875
-0.165679931640625 0.00967407226562498 -0.3165283203125 0.032470703125
-0.149093627929688 0.00746154785156247 -0.210540771484375 0.0763092041015625
-0.173614501953125 0.0229339599609375 -0.160232543945313 0.0716094970703125
-0.182052612304688 -0.0299835205078125 -0.129562377929688 0.0798187255859375
-0.155975341796875 -0.140289306640625 -0.108688354492187 0.0919265747070313
-0.0634307861328125 -0.2354736328125 -0.173904418945313 0.0823516845703125
0.1697998046875 -0.25201416015625 -0.24676513671875 0.0413970947265625
0.32403564453125 -0.199249267578125 -0.3358154296875 -0.021697998046875
0.424102783203125 -0.04852294921875 -0.3038330078125 -0.0699157714843751
0.4761962890625 0.0736083984375 -0.099456787109375 -0.292388916015625
0.3486328125 -0.0830078125 0.0870208740234375 -0.102546691894531
0.28363037109375 -0.226287841796875 0.2216796875 -0.162979125976563
0.061981201171875 -0.298095703125 0.077392578125 -0.322509765625
-0.0894927978515625 -0.238601684570313 -0.104736328125 -0.28240966796875
-0.226348876953125 -0.11517333984375 -0.258743286132813 -0.141098022460938
-0.261398315429688 -0.00495910644531256 -0.2481689453125 0.0143585205078125
-0.236984252929688 -0.00291442871093754 -0.140640258789063 0.0678558349609375
-0.2734375 0.0206756591796875 -0.0888137817382813 0.0635528564453125
-0.2667236328125 -0.0539398193359375 -0.0601882934570313 0.0944671630859375
-0.21636962890625 -0.20196533203125 -0.042022705078125 0.112785339355469
-0.081787109375 -0.306549072265625 -0.121162414550781 0.115310668945313
0.2210693359375 -0.3057861328125 -0.200363159179688 0.0801086425781249
0.395782470703125 -0.209136962890625 -0.25482177734375 -0.014190673828125
0.48980712890625 0.002105712890625 -0.167465209960937 -0.0414581298828125
0.494903564453125 0.168121337890625 0.0820465087890625 -0.247421264648437
0.44122314453125 -0.00128173828125 0.215560913085938 -0.0859222412109375
0.410888671875 -0.2196044921875 0.280685424804688 -0.132797241210938
0.136932373046875 -0.369140625 0.14654541015625 -0.277633666992188
-0.082000732421875 -0.318695068359375 -0.0173797607421875 -0.247894287109375
-0.275787353515625 -0.16656494140625 -0.160797119140625 -0.138092041015625
-0.315399169921875 -0.0232238769531251 -0.147689819335938 -0.00402832031250003
-0.28863525390625 -0.013763427734375 -0.0506973266601563 0.0492286682128906
-0.333953857421875 0.019805908203125 0.00309753417968748 0.045501708984375
-0.31842041015625 -0.063812255859375 0.0291748046875 0.0976791381835937
-0.254135131835938 -0.233062744140625 0.0355987548828125 0.125
-0.092864990234375 -0.340484619140625 -0.0626373291015625 0.140792846679687
0.24615478515625 -0.32244873046875 -0.157089233398437 0.10345458984375
0.42169189453125 -0.1876220703125 -0.170135498046875 -0.0225372314453125
0.494171142578125 0.056549072265625 -0.0181255340576172 -0.00983238220214844
0.422821044921875 0.2332763671875 0.25732421875 -0.164215087890625
0.43597412109375 0.09222412109375 0.336669921875 -0.040252685546875
0.454681396484375 -0.14495849609375 0.319122314453125 -0.084503173828125
0.195556640625 -0.354248046875 0.201431274414062 -0.203338623046875
-0.048492431640625 -0.334503173828125 0.06451416015625 -0.18438720703125
-0.27215576171875 -0.1903076171875 -0.0505523681640625 -0.113883972167969
-0.31842041015625 -0.038818359375 -0.0313510894775391 -0.019683837890625
-0.29461669921875 -0.0228881835937499 0.0472373962402343 0.0234146118164063
-0.344696044921875 0.0123901367187499 0.102027893066406 0.0209808349609375
-0.326385498046875 -0.068817138671875 0.123649597167969 0.094696044921875
-0.25537109375 -0.241287231445313 0.111671447753906 0.133636474609375
-0.081634521484375 -0.33837890625 -0.00967407226562502 0.161605834960937
0.2615966796875 -0.29461669921875 -0.120590209960937 0.116645812988281
0.412445068359375 -0.1285400390625 -0.0860061645507812 -0.0351409912109375
0.43902587890625 0.11761474609375 0.127273559570313 0.03118896484375
0.273223876953125 0.248367309570312 0.392303466796875 -0.06866455078125
0.332122802734375 0.157257080078125 0.4249267578125 0.015106201171875
0.391326904296875 -0.045867919921875 0.328887939453125 -0.03668212890625
0.203155517578125 -0.265960693359375 0.228012084960938 -0.122772216796875
-0.01171875 -0.281768798828125 0.121055603027344 -0.11444091796875
-0.221466064453125 -0.175186157226562 0.048797607421875 -0.0799484252929688
-0.270050048828125 -0.0441741943359375 0.0781936645507812 -0.0305023193359375
-0.255935668945313 -0.027099609375 0.139076232910156 -0.004425048828125
-0.305206298828125 0.002105712890625 0.195693969726562 -0.002227783203125
-0.28887939453125 -0.0684814453125 0.211563110351562 0.090911865234375
-0.218276977539063 -0.223617553710938 0.176925659179688 0.146011352539063
-0.050506591796875 -0.30267333984375 0.032745361328125 0.183135986328125
0.257659912109375 -0.229583740234375 -0.0931320190429688 0.126304626464844
0.363189697265625 -0.04620361328125 -0.00916671752929685 -0.037200927734375
0.33349609375 0.172698974609375 0.251434326171875 0.088134765625
0.078704833984375 0.21783447265625 0.461669921875 0.011474609375
0.1649169921875 0.179290771484375 0.46240234375 0.056915283203125
0.247833251953125 0.0424041748046875 0.315216064453125 -0.00775146484375
0.158050537109375 -0.139389038085938 0.234115600585937 -0.0646820068359375
0.0141754150390625 -0.178054809570313 0.1500244140625 -0.0619659423828125
-0.1392822265625 -0.124702453613281 0.121009826660156 -0.0517120361328125
-0.178695678710938 -0.0401458740234375 0.162429809570313 -0.0405120849609375
-0.176010131835938 -0.0256500244140625 0.209976196289063 -0.0301055908203125
-0.2196044921875 -0.00715637207031246 0.272811889648438 -0.0196533203125
-0.211715698242188 -0.0596160888671875 0.28204345703125 0.092498779296875
-0.153549194335938 -0.17950439453125 0.223892211914062 0.166671752929687
-0.01458740234375 -0.231063842773437 0.06011962890625 0.209259033203125
0.223541259765625 -0.142059326171875 -0.0775680541992188 0.139511108398438
0.269149780273438 0.0389251708984375 0.0503959655761719 -0.0186119079589844
0.183761596679687 0.205123901367188 0.334808349609375 0.157745361328125
0.0186309814453125 -0.152877807617188 -0.376617431640625 -0.147613525390625
-0.143707275390625 -0.0657196044921875 -0.0918350219726563 -0.000373840332031237
-0.118675231933594 0.0587387084960938 0.083740234375 -0.142807006835937
-0.0114212036132813 0.111701965332031 -0.0591888427734375 -0.26910400390625
0.0648345947265625 0.0818939208984375 -0.234115600585937 -0.202041625976562
0.104461669921875 0.027069091796875 -0.32708740234375 -0.05816650390625
0.079345703125 0.0081634521484375 -0.3204345703125 0.0642700195312499
0.0780868530273438 0.016387939453125 -0.239700317382813 0.0757293701171875
0.0823822021484375 0.0319747924804688 -0.191513061523438 0.071685791015625
0.0335464477539062 0.0667572021484375 -0.163177490234375 0.0520477294921875
-0.0353126525878906 0.0660858154296875 -0.162033081054688 0.067169189453125
-0.094573974609375 -0.0023040771484375 -0.225112915039063 0.0493927001953125
-0.0723648071289062 -0.114402770996094 -0.31683349609375 -0.0198974609375
0.0132904052734375 -0.175552368164063 -0.440643310546875 -0.0381774902343751
0.111846923828125 -0.169189453125 -0.462677001953125 -0.0586547851562501
0.20263671875 -0.117111206054688 -0.35369873046875 -0.215301513671875
0.00634765625000001 -0.116157531738281 -0.08221435546875 -0.0428848266601563
-0.021881103515625 -0.0599746704101563 0.105255126953125 -0.161148071289063
-0.0223960876464844 -0.0176372528076172 -0.044281005859375 -0.299163818359375
-0.00669527053833008 -0.00854873657226562 -0.22625732421875 -0.236709594726562
-0.0154914855957031 -0.000416755676269532 -0.343048095703125 -0.077880859375
-0.0430335998535156 0.0201911926269531 -0.331298828125 0.06463623046875
-0.0360908508300781 0.0173225402832031 -0.234756469726563 0.0869140625
-0.0452194213867187 0.0307083129882813 -0.188385009765625 0.0799102783203125
-0.073760986328125 0.0166015625 -0.158981323242187 0.0691375732421875
-0.090911865234375 -0.0418243408203125 -0.144500732421875 0.0785064697265625
-0.06866455078125 -0.124183654785156 -0.205184936523437 0.062957763671875
0.0630950927734375 -0.18231201171875 -0.283538818359375 0.010345458984375
0.181381225585938 -0.187850952148438 -0.398162841796875 -0.0217285156250001
0.282989501953125 -0.118865966796875 -0.40557861328125 -0.0642089843750001
0.36285400390625 -0.04840087890625 -0.2633056640625 -0.261749267578125
0.176544189453125 -0.130279541015625 -0.023468017578125 -0.0798721313476563
0.111572265625 -0.169723510742188 0.149276733398438 -0.174545288085938
-0.00712585449218751 -0.163070678710938 -0.00402832031249998 -0.32061767578125
-0.0675048828125 -0.117507934570313 -0.186691284179688 -0.264190673828125
-0.132637023925781 -0.0432510375976563 -0.321014404296875 -0.102325439453125
-0.160720825195313 0.0216522216796875 -0.303131103515625 0.052642822265625
-0.144683837890625 0.0152740478515625 -0.195587158203125 0.0866241455078125
-0.16595458984375 0.0341796875 -0.148513793945313 0.0807037353515625
-0.17681884765625 -0.0167999267578125 -0.118820190429688 0.087646484375
-0.159439086914062 -0.1253662109375 -0.100013732910156 0.0993576049804687
-0.0756683349609375 -0.224197387695313 -0.166717529296875 0.0930023193359375
0.1512451171875 -0.255462646484375 -0.242355346679688 0.052642822265625
0.301483154296875 -0.21282958984375 -0.332366943359375 -0.00265502929687508
0.408660888671875 -0.072021484375 -0.301055908203125 -0.04925537109375
0.467376708984375 0.043182373046875 -0.116424560546875 -0.272323608398438
0.332305908203125 -0.09771728515625 0.0772476196289063 -0.0992965698242187
0.262435913085938 -0.238922119140625 0.209060668945313 -0.170379638671875
0.040740966796875 -0.292236328125 0.058502197265625 -0.316802978515625
-0.100341796875 -0.225845336914062 -0.116134643554688 -0.269149780273438
-0.225723266601563 -0.0951385498046874 -0.258865356445313 -0.1207275390625
-0.25408935546875 0.0140075683593749 -0.237213134765625 0.0308074951171875
-0.230438232421875 0.01171875 -0.12762451171875 0.0739898681640625
-0.26214599609375 0.040496826171875 -0.0799407958984375 0.069061279296875
-0.260498046875 -0.0323028564453125 -0.0494766235351563 0.0977249145507812
-0.2227783203125 -0.179458618164063 -0.0334625244140625 0.115318298339844
-0.09893798828125 -0.29132080078125 -0.113334655761719 0.12286376953125
0.196563720703125 -0.311370849609375 -0.194931030273438 0.0893096923828125
0.36932373046875 -0.227813720703125 -0.253265380859375 0.000839233398437503
0.4771728515625 -0.027618408203125 -0.167465209960937 -0.029327392578125
0.491546630859375 0.1328125 0.0608978271484375 -0.239212036132813
0.4263916015625 -0.024993896484375 0.201889038085938 -0.09100341796875
0.3857421875 -0.239349365234375 0.267822265625 -0.14239501953125
0.10858154296875 -0.364715576171875 0.128616333007812 -0.276870727539063
-0.09820556640625 -0.30322265625 -0.02880859375 -0.241561889648438
-0.2764892578125 -0.141021728515625 -0.164031982421875 -0.124435424804688
-0.306365966796875 0.000701904296875026 -0.141098022460938 0.00634765625000001
-0.280075073242188 0.00573730468750005 -0.0413017272949219 0.0508079528808594
-0.320220947265625 0.04364013671875 0.0077552795410156 0.0457763671875
-0.3111572265625 -0.0382080078125 0.0363998413085937 0.0953369140625
-0.262771606445312 -0.206375122070313 0.0425872802734375 0.121284484863281
-0.11285400390625 -0.3228759765625 -0.0536956787109375 0.14385986328125
0.21923828125 -0.330322265625 -0.150421142578125 0.110916137695312
0.39691162109375 -0.20965576171875 -0.171310424804687 -0.01177978515625
0.484710693359375 0.02520751953125 -0.0205497741699218 -0.00750160217285156
0.42401123046875 0.199371337890625 0.237503051757813 -0.170333862304688
0.42724609375 0.06396484375 0.322509765625 -0.055450439453125
0.432159423828125 -0.1724853515625 0.3077392578125 -0.09698486328125
0.16571044921875 -0.354583740234375 0.186309814453125 -0.207244873046875
-0.067230224609375 -0.32049560546875 0.054351806640625 -0.184738159179688
-0.273895263671875 -0.1640625 -0.056121826171875 -0.107368469238281
-0.3109130859375 -0.01422119140625 -0.0303077697753906 -0.0161399841308594
-0.286956787109375 -0.00286865234375004 0.0516700744628906 0.0199356079101563
-0.330841064453125 0.037689208984375 0.101341247558594 0.0156478881835938
-0.31884765625 -0.040924072265625 0.127937316894531 0.0845870971679688
-0.263107299804688 -0.212722778320313 0.116889953613281 0.124046325683594
-0.10174560546875 -0.32196044921875 -0.000366210937500019 0.160003662109375
0.23486328125 -0.304534912109375 -0.113410949707031 0.121238708496094
0.390045166015625 -0.151580810546875 -0.09002685546875 -0.0287246704101563
0.435455322265625 0.086700439453125 0.122833251953125 0.0232315063476563
0.279998779296875 0.223403930664063 0.37481689453125 -0.087371826171875
0.3304443359375 0.1322021484375 0.411651611328125 -0.00750732421874999
0.376861572265625 -0.07171630859375 0.318634033203125 -0.051239013671875
0.177642822265625 -0.269912719726563 0.217559814453125 -0.131027221679688
-0.02923583984375 -0.271255493164063 0.114181518554687 -0.119773864746094
-0.224334716796875 -0.152481079101562 0.0428466796875 -0.0814743041992188
-0.263504028320313 -0.0233306884765625 0.0752029418945312 -0.0352935791015625
-0.24859619140625 -0.0091400146484375 0.137741088867187 -0.0125732421875
-0.29266357421875 0.02606201171875 0.190170288085937 -0.0134429931640625
-0.283172607421875 -0.043853759765625 0.212142944335937 0.0752105712890625
-0.22637939453125 -0.198654174804687 0.179702758789062 0.13140869140625
-0.070281982421875 -0.28875732421875 0.04266357421875 0.177337646484375
0.234115600585937 -0.240997314453125 -0.0848312377929687 0.129570007324219
0.34674072265625 -0.068756103515625 -0.0150871276855469 -0.0360565185546875
0.33575439453125 0.146820068359375 0.246658325195313 0.069061279296875
0.0898895263671875 0.20428466796875 0.449127197265625 -0.0142822265625
0.170883178710938 0.163406372070313 0.451385498046875 0.028900146484375
0.243804931640625 0.0224761962890625 0.307373046875 -0.022796630859375
0.1419677734375 -0.145599365234375 0.226852416992188 -0.0758514404296875
0.00212097167968749 -0.172149658203125 0.14495849609375 -0.071563720703125
-0.141464233398438 -0.1090087890625 0.114265441894531 -0.0595321655273438
-0.175247192382813 -0.0261383056640625 0.155838012695313 -0.05010986328125
-0.171951293945313 -0.0134429931640625 0.203033447265625 -0.0421600341796875
-0.21075439453125 0.00930786132812503 0.262786865234375 -0.0352935791015625
-0.207626342773438 -0.0406494140625 0.279693603515625 0.0719757080078125
-0.160873413085937 -0.16058349609375 0.226470947265625 0.1468505859375
-0.0301055908203125 -0.2220458984375 0.070892333984375 0.200408935546875
0.206314086914063 -0.151412963867188 -0.0686492919921875 0.141555786132813
0.261550903320313 0.0204925537109375 0.0447006225585938 -0.022613525390625
0.1917724609375 0.186859130859375 0.332000732421875 0.1298828125
0.0129241943359375 -0.152481079101563 -0.376922607421875 -0.12432861328125
-0.142730712890625 -0.0554046630859375 -0.0875930786132813 0.00785064697265624
-0.113990783691406 0.0638504028320313 0.0788726806640625 -0.147064208984375
-0.00594329833984376 0.10888671875 -0.0704193115234375 -0.26470947265625
0.0673904418945313 0.0761032104492188 -0.240036010742187 -0.188690185546875
0.104011535644531 0.021209716796875 -0.32489013671875 -0.043212890625
0.077911376953125 0.003814697265625 -0.312774658203125 0.078643798828125
0.0762863159179688 0.0103378295898438 -0.233566284179687 0.08599853515625
0.0817108154296875 0.0242767333984375 -0.184982299804688 0.079803466796875
0.0370101928710938 0.0617790222167969 -0.158920288085937 0.0603485107421875
-0.0301895141601563 0.0650177001953125 -0.1568603515625 0.0742645263671875
-0.093109130859375 0.00231170654296875 -0.223098754882813 0.0589141845703125
-0.0753936767578125 -0.107902526855469 -0.318023681640625 -0.00836181640624996
0.00486755371093749 -0.17120361328125 -0.439605712890625 -0.02069091796875
0.101547241210938 -0.171600341796875 -0.461334228515625 -0.0394287109375
0.195724487304688 -0.125381469726563 -0.3575439453125 -0.191650390625
0.00234222412109375 -0.111129760742188 -0.0813064575195313 -0.0329208374023437
-0.0235595703125 -0.0582466125488281 0.0998687744140625 -0.164871215820313
-0.0233516693115234 -0.0174446105957031 -0.055999755859375 -0.2940673828125
-0.00745868682861328 -0.00956630706787109 -0.23333740234375 -0.223739624023437
-0.0153722763061523 0.000355720520019532 -0.34027099609375 -0.061248779296875
-0.0421562194824219 0.0227394104003906 -0.32257080078125 0.080322265625
-0.0368309020996094 0.0174522399902344 -0.226242065429688 0.09613037109375
-0.043914794921875 0.0307846069335937 -0.18084716796875 0.0891571044921875
-0.0704345703125 0.0183029174804688 -0.15283203125 0.0767364501953125
-0.090789794921875 -0.0376052856445313 -0.139503479003906 0.0863113403320313
-0.0726165771484375 -0.119544982910156 -0.203216552734375 0.0732574462890625
0.0562286376953125 -0.18194580078125 -0.285400390625 0.0202941894531249
0.16925048828125 -0.19281005859375 -0.398681640625 -0.00494384765624997
0.274215698242188 -0.128326416015625 -0.40557861328125 -0.0462341308593751
0.358551025390625 -0.06500244140625 -0.272186279296875 -0.241439819335938
0.169174194335938 -0.131973266601563 -0.0265579223632812 -0.0721511840820313
0.103164672851562 -0.173294067382813 0.143203735351563 -0.179656982421875
-0.0144500732421875 -0.160369873046875 -0.016265869140625 -0.315765380859375
-0.0722122192382813 -0.113998413085938 -0.194473266601562 -0.253189086914063
-0.132377624511719 -0.0353164672851562 -0.320465087890625 -0.085662841796875
-0.157699584960938 0.0305938720703125 -0.294769287109375 0.06719970703125
-0.142929077148438 0.02117919921875 -0.186172485351563 0.0937957763671875
-0.162261962890625 0.0413055419921875 -0.140625 0.0880126953125
-0.173477172851563 -0.00750732421875002 -0.110946655273438 0.094268798828125
-0.162384033203125 -0.114959716796875 -0.0937271118164063 0.105209350585937
-0.0849151611328125 -0.218185424804687 -0.163436889648437 0.101394653320313
0.138839721679688 -0.259979248046875 -0.242996215820313 0.0614166259765625
0.286956787109375 -0.22332763671875 -0.33319091796875 0.012054443359375
0.402557373046875 -0.08837890625 -0.30242919921875 -0.035430908203125
0.464691162109375 0.021575927734375 -0.128982543945312 -0.257415771484375
0.323394775390625 -0.10791015625 0.0712432861328125 -0.09515380859375
0.248504638671875 -0.24951171875 0.202239990234375 -0.176406860351563
0.026214599609375 -0.2901611328125 0.046051025390625 -0.315277099609375
-0.108551025390625 -0.219009399414062 -0.125701904296875 -0.26226806640625
-0.226287841796875 -0.0810699462890625 -0.260604858398438 -0.10723876953125
-0.249420166015625 0.028564453125 -0.230545043945313 0.0423431396484375
-0.227783203125 0.0218658447265625 -0.119026184082031 0.0784225463867188
-0.255706787109375 0.0541839599609376 -0.0731277465820313 0.0736312866210937
-0.25689697265625 -0.0179290771484376 -0.0424652099609375 0.101043701171875
-0.228012084960938 -0.163986206054687 -0.0281448364257813 0.118209838867187
-0.111602783203125 -0.282440185546875 -0.108390808105469 0.128654479980469
0.1806640625 -0.31781005859375 -0.194091796875 0.09600830078125
0.35272216796875 -0.24200439453125 -0.255645751953125 0.0124053955078125
0.471038818359375 -0.04791259765625 -0.1689453125 -0.0216064453125
0.493804931640625 0.10943603515625 0.0478057861328125 -0.233749389648438
0.4189453125 -0.039581298828125 0.194122314453125 -0.0932464599609375
0.371307373046875 -0.2569580078125 0.26129150390625 -0.15081787109375
0.089508056640625 -0.364959716796875 0.117874145507813 -0.278518676757813
-0.110076904296875 -0.295501708984375 -0.0370635986328125 -0.239883422851563
-0.278106689453125 -0.123138427734375 -0.167205810546875 -0.114944458007813
-0.302490234375 0.0179748535156249 -0.137001037597656 0.0133056640625
-0.276580810546875 0.0189208984375 -0.0346946716308594 0.0516738891601563
-0.311859130859375 0.061279296875 0.0123519897460937 0.0463829040527344
-0.3067626953125 -0.0196533203124999 0.042999267578125 0.0936355590820313
-0.269500732421875 -0.18695068359375 0.04803466796875 0.120742797851563
-0.127960205078125 -0.313018798828125 -0.0475311279296875 0.147109985351562
0.201873779296875 -0.33868408203125 -0.147659301757813 0.11651611328125
0.379364013671875 -0.226959228515625 -0.1746826171875 -0.00312805175781253
0.48095703125 0.002777099609375 -0.0226726531982422 -0.00588798522949219
0.4278564453125 0.177459716796875 0.224380493164063 -0.174468994140625
0.4232177734375 0.04632568359375 0.31427001953125 -0.06439208984375
0.418914794921875 -0.193115234375 0.3023681640625 -0.106353759765625
0.145660400390625 -0.356689453125 0.178375244140625 -0.212005615234375
-0.080902099609375 -0.313690185546875 0.04833984375 -0.1871337890625
-0.27606201171875 -0.146163940429688 -0.0599212646484375 -0.104110717773438
-0.306549072265625 0.00396728515624998 -0.0290508270263672 -0.0144309997558594
-0.28289794921875 0.0119323730468751 0.0551185607910156 0.0167999267578125
-0.322113037109375 0.05670166015625 0.10247802734375 0.0121536254882813
-0.314788818359375 -0.02154541015625 0.131752014160156 0.0792083740234375
-0.271484375 -0.192886352539063 0.12066650390625 0.118614196777344
-0.117584228515625 -0.31182861328125 0.00703430175781251 0.159957885742187
0.216217041015625 -0.31390380859375 -0.108268737792969 0.125953674316406
0.3759765625 -0.16986083984375 -0.0946731567382812 -0.0247421264648438
0.436798095703125 0.0657958984375 0.120559692382813 0.0169906616210938
0.287200927734375 0.206024169921875 0.36456298828125 -0.0994873046875
0.33197021484375 0.11700439453125 0.40496826171875 -0.0233154296875
0.369842529296875 -0.092071533203125 0.3155517578125 -0.06085205078125
0.161819458007813 -0.273849487304688 0.21368408203125 -0.138076782226563
-0.040496826171875 -0.26544189453125 0.10986328125 -0.125755310058594
-0.226943969726563 -0.136764526367188 0.0382919311523437 -0.0831375122070313
-0.260284423828125 -0.00770568847656255 0.0736770629882812 -0.0382232666015625
-0.245315551757813 0.00343322753906249 0.138031005859375 -0.0195846557617187
-0.285125732421875 0.04315185546875 0.188201904296875 -0.0211181640625
-0.279220581054688 -0.0262908935546875 0.213729858398438 0.0652313232421875
-0.234344482421875 -0.1810302734375 0.183212280273437 0.121658325195312
-0.0846405029296875 -0.28033447265625 0.0496826171875 0.174880981445312
0.218994140625 -0.2501220703125 -0.0797042846679688 0.132514953613281
0.3377685546875 -0.0849609375 -0.0197219848632812 -0.0356254577636719
0.339752197265625 0.127960205078125 0.244400024414063 0.0570068359375
0.0982513427734375 0.196365356445313 0.440643310546875 -0.033172607421875
0.175994873046875 0.1527099609375 0.447113037109375 0.01025390625
0.242095947265625 0.00750732421875 0.30535888671875 -0.032958984375
0.131744384765625 -0.14990234375 0.224639892578125 -0.083709716796875
-0.00553894042968751 -0.168319702148438 0.142929077148438 -0.07916259765625
-0.1435546875 -0.098907470703125 0.109825134277344 -0.0661849975585938
-0.173919677734375 -0.01580810546875 0.151535034179688 -0.0583343505859375
-0.169662475585938 -0.00451660156249997 0.200149536132813 -0.05181884765625
-0.204681396484375 0.022186279296875 0.257644653320313 -0.0467376708984375
-0.20538330078125 -0.0274200439453125 0.279815673828125 0.0586700439453125
-0.167098999023438 -0.147842407226563 0.229598999023438 0.134552001953125
-0.04150390625 -0.216415405273438 0.07904052734375 0.19610595703125
0.196502685546875 -0.160049438476563 -0.0628814697265625 0.143081665039063
0.258529663085938 0.0077667236328125 0.0399169921875 -0.0264205932617187
0.198516845703125 0.174209594726563 0.331146240234375 0.112152099609375
0.00531005859375 -0.155502319335938 -0.384124755859375 -0.10406494140625
-0.144180297851563 -0.0465240478515625 -0.084320068359375 0.0164337158203125
-0.110481262207031 0.0716323852539063 0.0737762451171875 -0.154739379882813
0.000198364257812509 0.108489990234375 -0.0841522216796875 -0.264312744140625
0.0711593627929687 0.0718154907226563 -0.251220703125 -0.177276611328125
0.105667114257813 0.01385498046875 -0.32855224609375 -0.027740478515625
0.07818603515625 -0.0009002685546875 -0.310516357421875 0.09564208984375
0.0759353637695313 0.00431060791015625 -0.2305908203125 0.09844970703125
0.0820693969726563 0.0169906616210938 -0.181930541992187 0.090911865234375
0.0418548583984375 0.0580101013183594 -0.157241821289063 0.06951904296875
-0.0261650085449219 0.06561279296875 -0.1552734375 0.084228515625
-0.09271240234375 0.00698852539062502 -0.225250244140625 0.0721588134765625
-0.0804290771484375 -0.103523254394531 -0.325469970703125 0.006011962890625
-0.00379943847656249 -0.170547485351563 -0.446624755859375 6.10351562500579E-05
0.093536376953125 -0.177886962890625 -0.469512939453125 -0.0170288085937501
0.191741943359375 -0.138031005859375 -0.369171142578125 -0.171295166015625
-0.0014801025390625 -0.109375 -0.0809555053710938 -0.0242691040039063
-0.0267524719238281 -0.0573959350585938 0.0943756103515625 -0.173095703125
-0.0244026184082031 -0.0177803039550781 -0.07012939453125 -0.29443359375
-0.00864791870117187 -0.0109100341796875 -0.245513916015625 -0.214080810546875
-0.0149545669555664 0.00108623504638672 -0.345458984375 -0.044708251953125
-0.0414199829101562 0.0256729125976563 -0.31915283203125 0.098358154296875
-0.0376548767089844 0.0184097290039063 -0.221771240234375 0.107421875
-0.04345703125 0.0318946838378906 -0.176605224609375 0.0993499755859375
-0.068359375 0.0211105346679688 -0.148727416992188 0.0870208740234375
-0.0923004150390625 -0.0336837768554688 -0.136505126953125 0.0961456298828125
-0.07867431640625 -0.117080688476563 -0.204803466796875 0.0855255126953125
0.04827880859375 -0.186752319335938 -0.293182373046875 0.033721923828125
0.159957885742188 -0.201187133789063 -0.40557861328125 0.0149536132812499
0.2713623046875 -0.14276123046875 -0.41387939453125 -0.027099609375
0.35797119140625 -0.08465576171875 -0.285919189453125 -0.224273681640625
0.165435791015625 -0.137954711914063 -0.0292549133300781 -0.0655860900878906
0.095855712890625 -0.181167602539062 0.13861083984375 -0.1885986328125
-0.0237274169921875 -0.161514282226563 -0.031036376953125 -0.3182373046875
-0.0788040161132813 -0.112892150878906 -0.208206176757813 -0.24713134765625
-0.134445190429688 -0.0277938842773438 -0.326812744140625 -0.070281982421875
-0.156845092773437 0.0414886474609375 -0.291717529296875 0.084320068359375
-0.144805908203125 0.028411865234375 -0.180267333984375 0.103073120117188
-0.160308837890625 0.0508270263671875 -0.135063171386719 0.097076416015625
-0.173141479492188 0.00151062011718752 -0.105171203613281 0.102279663085938
-0.169143676757812 -0.107101440429688 -0.0890274047851563 0.113937377929688
-0.0967559814453125 -0.214889526367188 -0.162918090820313 0.113739013671875
0.12823486328125 -0.27044677734375 -0.2486572265625 0.0733642578125
0.275772094726563 -0.238967895507813 -0.34039306640625 0.0289306640625
0.401519775390625 -0.109161376953125 -0.3095703125 -0.020965576171875
0.47161865234375 -0.002716064453125 -0.143417358398437 -0.24835205078125
0.32122802734375 -0.12042236328125 0.0664749145507813 -0.0939254760742188
0.23736572265625 -0.266159057617188 0.199249267578125 -0.187362670898438
0.011077880859375 -0.29296875 0.03387451171875 -0.319915771484375
-0.121627807617188 -0.216766357421875 -0.138290405273438 -0.260528564453125
-0.230545043945313 -0.0684051513671875 -0.267501831054688 -0.0943756103515626
-0.248794555664062 0.0445556640625 -0.227218627929688 0.0565032958984375
-0.229400634765625 0.034271240234375 -0.112274169921875 0.0839996337890625
-0.252517700195313 0.0696868896484375 -0.0671539306640625 0.0794219970703125
-0.257781982421875 -0.00280761718749994 -0.0351943969726563 0.105384826660156
-0.238372802734375 -0.150787353515625 -0.0215072631835938 0.123649597167969
-0.12786865234375 -0.27838134765625 -0.104507446289063 0.138107299804687
0.166412353515625 -0.332427978515625 -0.196640014648438 0.107345581054687
0.34149169921875 -0.26287841796875 -0.26226806640625 0.0260162353515625
0.47491455078125 -0.072174072265625 -0.173599243164062 -0.013458251953125
0.5040283203125 0.084320068359375 0.0352325439453125 -0.233505249023438
0.4215087890625 -0.058258056640625 0.189910888671875 -0.0987548828125
0.360748291015625 -0.27972412109375 0.2596435546875 -0.163101196289063
0.070281982421875 -0.371826171875 0.108154296875 -0.2857666015625
-0.125701904296875 -0.293609619140625 -0.0481109619140625 -0.242416381835938
-0.28497314453125 -0.107879638671875 -0.174468994140625 -0.106674194335938
-0.302703857421875 0.036712646484375 -0.135498046875 0.0220565795898437
-0.278427124023438 0.034698486328125 -0.0280494689941406 0.0523033142089844
-0.30828857421875 0.081298828125 0.0165367126464844 0.0479240417480469
-0.308746337890625 -0.000274658203124965 0.0507278442382812 0.0938873291015625
-0.281402587890625 -0.170623779296875 0.0551834106445312 0.120903015136719
-0.146728515625 -0.306915283203125 -0.0417633056640625 0.15350341796875
0.185455322265625 -0.354248046875 -0.14703369140625 0.125961303710937
0.3702392578125 -0.2486572265625 -0.18096923828125 0.00614929199218747
0.48779296875 -0.02215576171875 -0.0254573822021484 -0.00475311279296875
0.44268798828125 0.157806396484375 0.215621948242188 -0.182708740234375
0.428985595703125 0.027069091796875 0.3115234375 -0.076171875
0.4132080078125 -0.220062255859375 0.30419921875 -0.11962890625
0.127105712890625 -0.36688232421875 0.173599243164063 -0.221725463867188
-0.0970458984375 -0.312103271484375 0.040252685546875 -0.1943359375
-0.28466796875 -0.130340576171875 -0.066162109375 -0.102493286132813
-0.30792236328125 0.023712158203125 -0.0284900665283203 -0.0123920440673828
-0.285125732421875 0.0279846191406251 0.0606842041015625 0.0130424499511719
-0.31854248046875 0.078094482421875 0.105766296386719 0.00807952880859376
-0.31622314453125 -0.00137329101562497 0.138740539550781 0.0737380981445313
-0.283416748046875 -0.176055908203125 0.12841796875 0.114776611328125
-0.1363525390625 -0.305908203125 0.0142059326171875 0.162948608398438
0.20147705078125 -0.330352783203125 -0.105743408203125 0.133628845214844
0.367706298828125 -0.191925048828125 -0.10064697265625 -0.019805908203125
0.44482421875 0.04229736328125 0.1202392578125 0.0110549926757813
0.301788330078125 0.191986083984375 0.35980224609375 -0.115478515625
0.34033203125 0.101776123046875 0.405029296875 -0.0400390625
0.3685302734375 -0.114593505859375 0.31829833984375 -0.074005126953125
0.14642333984375 -0.284271240234375 0.212875366210938 -0.149551391601563
-0.0543365478515625 -0.266143798828125 0.106758117675781 -0.135200500488281
-0.235107421875 -0.123886108398438 0.0338363647460937 -0.08648681640625
-0.261734008789063 0.00909423828124997 0.0731277465820313 -0.04296875
-0.247238159179688 0.0180206298828125 0.140960693359375 -0.0277862548828125
-0.2818603515625 0.061431884765625 0.189407348632813 -0.0306854248046875
-0.28070068359375 -0.00721740722656249 0.2203369140625 0.0555267333984375
-0.245742797851563 -0.166152954101563 0.190658569335937 0.113815307617187
-0.101913452148438 -0.277175903320312 0.0588836669921875 0.174636840820312
0.207107543945313 -0.265548706054688 -0.0750732421875 0.138877868652344
0.335174560546875 -0.10504150390625 -0.0254440307617187 -0.0357284545898438
0.35107421875 0.10992431640625 0.247268676757813 0.0434722900390625
0.109298706054688 0.19232177734375 0.441802978515625 -0.053436279296875
0.185516357421875 0.143844604492187 0.4505615234375 -0.011016845703125
0.244354248046875 -0.0075225830078125 0.309478759765625 -0.04571533203125
0.12335205078125 -0.157928466796875 0.226898193359375 -0.09649658203125
-0.0145416259765625 -0.168914794921875 0.141326904296875 -0.089813232421875
-0.148605346679688 -0.09027099609375 0.107002258300781 -0.0736236572265625
-0.175399780273438 -0.00422668457031249 0.149826049804688 -0.068084716796875
-0.171005249023438 0.00595092773437504 0.200759887695313 -0.063262939453125
-0.202865600585938 0.0354766845703125 0.257080078125 -0.05963134765625
-0.206771850585938 -0.013458251953125 0.285980224609375 0.044586181640625
-0.17718505859375 -0.137451171875 0.236907958984375 0.123733520507812
-0.0542449951171875 -0.214599609375 0.0893402099609375 0.194229125976563
0.18939208984375 -0.17236328125 -0.0572509765625 0.1485595703125
0.259490966796875 -0.0062255859375 0.0359954833984375 -0.0304183959960937
0.209732055664063 0.163253784179688 0.337615966796875 0.093994140625
-0.0069427490234375 -0.15997314453125 -0.394500732421875 -0.0754089355468751
-0.1474609375 -0.0355072021484375 -0.0808334350585938 0.026519775390625
-0.106254577636719 0.0822982788085938 0.065399169921875 -0.164382934570313
0.00704193115234375 0.108673095703125 -0.104354858398437 -0.261886596679688
0.076751708984375 0.0667037963867188 -0.265151977539063 -0.16143798828125
0.108062744140625 0.0044097900390625 -0.3343505859375 -0.00653076171875003
0.0789031982421875 -0.0075225830078125 -0.30694580078125 0.12091064453125
0.0751953125 -0.0025634765625 -0.226547241210938 0.115982055664062
0.0825347900390625 0.00824737548828125 -0.1778564453125 0.105133056640625
0.04718017578125 0.0526504516601563 -0.154953002929688 0.08270263671875
-0.0201225280761719 0.0668296813964844 -0.15191650390625 0.0967559814453125
-0.0927658081054688 0.0140762329101563 -0.226333618164063 0.0907745361328124
-0.0882644653320312 -0.0982666015625 -0.334686279296875 0.0292053222656249
-0.0157470703125 -0.169998168945313 -0.45391845703125 0.031036376953125
0.0821380615234375 -0.1876220703125 -0.47955322265625 0.0144958496093749
0.185195922851563 -0.154953002929688 -0.384552001953125 -0.14373779296875
-0.00688171386718751 -0.107986450195313 -0.0816879272460938 -0.0138015747070312
-0.0308418273925781 -0.0560569763183594 0.0855560302734375 -0.183731079101563
-0.0272445678710938 -0.0167636871337891 -0.091796875 -0.293670654296875
-0.0103616714477539 -0.0116186141967773 -0.263580322265625 -0.199005126953125
-0.0149917602539062 0.00185298919677734 -0.352081298828125 -0.021148681640625
-0.0397529602050781 0.0296745300292969 -0.3148193359375 0.12420654296875
-0.0382843017578125 0.0201377868652344 -0.216598510742188 0.12518310546875
-0.0426864624023437 0.0339698791503906 -0.1705322265625 0.113845825195313
-0.0664863586425781 0.0247039794921875 -0.143875122070313 0.0997772216796875
-0.0954666137695312 -0.027740478515625 -0.131439208984375 0.108863830566406
-0.0881881713867188 -0.112899780273437 -0.205245971679687 0.103775024414063
0.0361480712890625 -0.193191528320313 -0.300384521484375 0.055389404296875
0.147079467773438 -0.213302612304688 -0.413604736328125 0.043701171875
0.265029907226562 -0.163528442382812 -0.4241943359375 0.00170898437499993
0.3582763671875 -0.1124267578125 -0.304931640625 -0.202545166015625
0.159515380859375 -0.148574829101563 -0.0327415466308594 -0.058746337890625
0.0836944580078125 -0.191314697265625 0.130050659179688 -0.201980590820313
-0.0363311767578125 -0.162124633789063 -0.0513916015625 -0.32159423828125
-0.0885543823242188 -0.110099792480469 -0.22857666015625 -0.236358642578125
-0.137855529785156 -0.0176162719726562 -0.335113525390625 -0.048095703125
-0.155548095703125 0.055389404296875 -0.286773681640625 0.107757568359375
-0.14599609375 0.039825439453125 -0.173187255859375 0.115798950195313
-0.159194946289063 0.063079833984375 -0.127975463867187 0.108772277832031
-0.174026489257813 0.0140228271484375 -0.0973968505859375 0.112754821777344
-0.17822265625 -0.0949554443359375 -0.0817718505859375 0.12420654296875
-0.113265991210937 -0.210723876953125 -0.160507202148438 0.129928588867187
0.110870361328125 -0.28594970703125 -0.2525634765625 0.0930023193359375
0.26043701171875 -0.26104736328125 -0.347320556640625 0.054473876953125
0.400970458984375 -0.13897705078125 -0.31781005859375 -0.000396728515625058
0.479248046875 -0.0372314453125 -0.162261962890625 -0.237091064453125
0.318328857421875 -0.141632080078125 0.061309814453125 -0.093841552734375
0.223052978515625 -0.28839111328125 0.192855834960937 -0.203948974609375
-0.01043701171875 -0.297332763671875 0.0146484375 -0.32672119140625
-0.138916015625 -0.213287353515625 -0.158523559570313 -0.255844116210938
-0.237442016601563 -0.0507965087890625 -0.277801513671875 -0.076324462890625
-0.2481689453125 0.0654296875 -0.223983764648438 0.0741271972656251
-0.231155395507813 0.0521392822265625 -0.104080200195312 0.091583251953125
-0.25006103515625 0.090576171875 -0.0599441528320313 0.0863418579101562
-0.25933837890625 0.0169525146484375 -0.025146484375 0.111717224121094
-0.252792358398437 -0.132888793945313 -0.012176513671875 0.129104614257813
-0.150115966796875 -0.27264404296875 -0.0988311767578125 0.150741577148437
0.14404296875 -0.35162353515625 -0.197097778320313 0.1236572265625
0.325225830078125 -0.290618896484375 -0.268646240234375 0.0465545654296874
0.477813720703125 -0.107818603515625 -0.179840087890625 -0.00102233886718751
0.51910400390625 0.049896240234375 0.0187225341796875 -0.234405517578125
0.42291259765625 -0.0863037109375 0.185317993164063 -0.1080322265625
0.346099853515625 -0.312744140625 0.256820678710938 -0.182876586914063
0.0440673828125 -0.380584716796875 0.093536376953125 -0.29876708984375
-0.148773193359375 -0.2901611328125 -0.0650177001953125 -0.245452880859375
-0.295318603515625 -0.086517333984375 -0.18408203125 -0.09478759765625
-0.302093505859375 0.0628051757812499 -0.13275146484375 0.0326766967773437
-0.280853271484375 0.057647705078125 -0.0210990905761719 0.0529403686523438
-0.3040771484375 0.108123779296875 0.0229911804199219 0.0488815307617188
-0.309722900390625 0.02508544921875 0.0607070922851562 0.093475341796875
-0.2972412109375 -0.148651123046875 0.0654983520507812 0.121185302734375
-0.17254638671875 -0.299652099609375 -0.0331573486328125 0.161544799804688
0.1612548828125 -0.3763427734375 -0.143844604492187 0.139678955078125
0.353546142578125 -0.279632568359375 -0.187164306640625 0.02001953125
0.4957275390625 -0.0587158203125 -0.028207778930664 -0.00326919555664063
0.460845947265625 0.12603759765625 0.204620361328125 -0.19598388671875
0.438262939453125 -0.001373291015625 0.309539794921875 -0.0953369140625
0.40374755859375 -0.2540283203125 0.30352783203125 -0.14056396484375
0.10113525390625 -0.379974365234375 0.164413452148438 -0.238037109375
-0.120880126953125 -0.3114013671875 0.0282440185546875 -0.20294189453125
-0.296234130859375 -0.1094970703125 -0.0750579833984375 -0.0981521606445313
-0.30877685546875 0.0499572753906249 -0.0276451110839844 -0.0101261138916016
-0.28753662109375 0.05157470703125 0.0655746459960937 0.00681686401367188
-0.3140869140625 0.105499267578125 0.110145568847656 0.00174713134765626
-0.317596435546875 0.02508544921875 0.148773193359375 0.0660552978515625
-0.30047607421875 -0.152984619140625 0.138389587402344 0.108734130859375
-0.16259765625 -0.299560546875 0.0251312255859375 0.16644287109375
0.17840576171875 -0.352569580078125 -0.100830078125 0.144180297851562
0.356658935546875 -0.22283935546875 -0.107963562011719 -0.0122833251953125
0.457000732421875 0.01019287109375 0.120635986328125 0.002288818359375
0.32086181640625 0.172454833984375 0.356536865234375 -0.138153076171875
0.3536376953125 0.079132080078125 0.40631103515625 -0.066558837890625
0.365081787109375 -0.146026611328125 0.3223876953125 -0.095916748046875
0.126068115234375 -0.2982177734375 0.209869384765625 -0.1673583984375
-0.07427978515625 -0.26666259765625 0.0997161865234375 -0.148101806640625
-0.246246337890625 -0.105789184570313 0.027069091796875 -0.0899887084960938
-0.263717651367188 0.031219482421875 0.0720367431640625 -0.0489044189453125
-0.25006103515625 0.038665771484375 0.143692016601562 -0.0404510498046875
-0.278152465820313 0.0860290527343751 0.19195556640625 -0.043487548828125
-0.2818603515625 0.01708984375 0.229049682617187 0.0411376953125
-0.261932373046875 -0.146759033203125 0.200515747070312 0.102981567382812
-0.124954223632812 -0.271102905273438 0.0719451904296875 0.174819946289062
0.189453125 -0.28656005859375 -0.067840576171875 0.147171020507812
0.329315185546875 -0.1317138671875 -0.0328521728515625 -0.0353279113769531
0.365753173828125 0.085174560546875 0.251251220703125 0.0250091552734375
0.125869750976562 0.184921264648437 0.443817138671875 -0.08203125
0.199996948242188 0.132476806640625 0.455718994140625 -0.04119873046875
0.247451782226563 -0.028656005859375 0.31402587890625 -0.066986083984375
0.111297607421875 -0.169387817382813 0.227203369140625 -0.11517333984375
-0.0268707275390625 -0.171173095703125 0.138946533203125 -0.103469848632813
-0.15667724609375 -0.0785980224609375 0.10150146484375 -0.0822219848632813
-0.17730712890625 0.010986328125 0.146621704101563 -0.0805816650390625
-0.173370361328125 0.02008056640625 0.200775146484375 -0.0803680419921875
-0.201095581054688 0.0523529052734375 0.25701904296875 -0.0788726806640625
-0.208984375 0.0045013427734375 0.29425048828125 0.024688720703125
-0.189346313476563 -0.123382568359375 0.248306274414063 0.108795166015625
-0.072479248046875 -0.212158203125 0.104019165039063 0.191360473632812
0.179168701171875 -0.189834594726562 -0.04888916015625 0.154693603515625
0.262039184570313 -0.0258331298828125 0.0296783447265625 -0.0358657836914062
0.225982666015625 0.148422241210938 0.346160888671875 0.069549560546875
-0.0234832763671875 -0.16033935546875 -0.400238037109375 -0.0365600585937501
-0.148269653320313 -0.0205078125 -0.0736236572265625 0.0371551513671875
-0.0973587036132813 0.0933074951171875 0.0509796142578125 -0.1719970703125
0.0159530639648438 0.10748291015625 -0.127197265625 -0.252044677734375
0.0814590454101563 0.0588302612304688 -0.279006958007813 -0.136062622070313
0.107566833496094 -0.007415771484375 -0.333984375 0.02362060546875
0.0778121948242188 -0.0162811279296875 -0.2950439453125 0.149627685546875
0.07275390625 -0.011505126953125 -0.216049194335938 0.137313842773438
0.080078125 -0.00170135498046875 -0.167922973632813 0.12249755859375
0.0515594482421875 0.0448188781738281 -0.147171020507812 0.0971221923828125
-0.0126838684082031 0.0678520202636719 -0.143814086914062 0.11151123046875
-0.0904541015625 0.0224838256835937 -0.221176147460938 0.113204956054687
-0.0968246459960937 -0.0880203247070313 -0.33489990234375 0.0611877441406251
-0.03106689453125 -0.165771484375 -0.452239990234375 0.0725708007812499
0.0637664794921875 -0.19537353515625 -0.4810791015625 0.0576171875000001
0.169921875 -0.173385620117188 -0.397552490234375 -0.10504150390625
-0.0147171020507812 -0.105720520019531 -0.0791473388671875 -0.00199127197265626
-0.0357284545898437 -0.0526275634765625 0.07037353515625 -0.192611694335938
-0.0295925140380859 -0.0144939422607422 -0.11688232421875 -0.285736083984375
-0.0128650665283203 -0.0112276077270508 -0.281402587890625 -0.174224853515625
-0.0151920318603516 0.00251960754394531 -0.352935791015625 0.0107727050781251
-0.0367660522460938 0.033660888671875 -0.30169677734375 0.15362548828125
-0.0379714965820313 0.0232353210449219 -0.203567504882813 0.1439208984375
-0.0409927368164063 0.0367698669433594 -0.158981323242188 0.130050659179687
-0.0633010864257813 0.0293998718261719 -0.133689880371094 0.113548278808594
-0.0966110229492188 -0.0193328857421875 -0.121345520019531 0.122016906738281
-0.0976638793945312 -0.104537963867188 -0.198074340820313 0.125411987304688
0.0185699462890625 -0.196075439453125 -0.299560546875 0.08465576171875
0.127120971679688 -0.224151611328125 -0.41168212890625 0.082489013671875
0.250289916992188 -0.1883544921875 -0.4276123046875 0.040008544921875
0.348785400390625 -0.146575927734375 -0.32269287109375 -0.17132568359375
0.148681640625 -0.160812377929688 -0.0363998413085938 -0.0502090454101563
0.0663604736328125 -0.199188232421875 0.113998413085938 -0.214004516601563
-0.0513763427734375 -0.158035278320313 -0.078826904296875 -0.316497802734375
-0.100227355957031 -0.10308837890625 -0.249618530273438 -0.21533203125
-0.138542175292969 -0.00480651855468748 -0.337982177734375 -0.016693115234375
-0.149093627929688 0.0713653564453125 -0.274429321289063 0.133758544921875
-0.143463134765625 0.0530853271484375 -0.160110473632813 0.129867553710937
-0.152801513671875 0.0782470703125 -0.115821838378906 0.121101379394531
-0.171157836914062 0.029541015625 -0.0848464965820313 0.122871398925781
-0.186416625976562 -0.077606201171875 -0.0694961547851563 0.133613586425781
-0.133041381835938 -0.200469970703125 -0.151138305664063 0.14752197265625
0.084075927734375 -0.29656982421875 -0.24981689453125 0.118087768554688
0.2352294921875 -0.283203125 -0.346343994140625 0.087890625
0.389617919921875 -0.176239013671875 -0.321136474609375 0.0294189453125
0.476593017578125 -0.082672119140625 -0.185089111328125 -0.217391967773437
0.30767822265625 -0.16778564453125 0.0531539916992188 -0.0937576293945313
0.19561767578125 -0.31085205078125 0.17791748046875 -0.222488403320313
-0.038299560546875 -0.295806884765625 -0.0128173828125 -0.329193115234375
-0.160125732421875 -0.201812744140625 -0.181777954101562 -0.242706298828125
-0.241470336914063 -0.028167724609375 -0.282958984375 -0.049957275390625
-0.240615844726563 0.0916900634765625 -0.21405029296875 0.0950775146484375
-0.226547241210938 0.0752105712890625 -0.09326171875 0.0986404418945312
-0.2401123046875 0.114227294921875 -0.049102783203125 0.0919647216796875
-0.255142211914063 0.04278564453125 -0.0117874145507813 0.114479064941406
-0.263946533203125 -0.107635498046875 0.000892639160156228 0.13214111328125
-0.1766357421875 -0.258209228515625 -0.0876617431640625 0.163772583007813
0.110198974609375 -0.367218017578125 -0.190887451171875 0.144485473632813
0.2955322265625 -0.32080078125 -0.268081665039063 0.0733489990234375
0.471343994140625 -0.15264892578125 -0.182952880859375 0.015167236328125
0.525238037109375 0.000244140625 -0.00303649902343749 -0.23175048828125
0.417694091796875 -0.122833251953125 0.174575805664063 -0.118927001953125
0.316497802734375 -0.346832275390625 0.244338989257813 -0.20635986328125
0.00811767578125002 -0.383819580078125 0.0694580078125 -0.308746337890625
-0.176605224609375 -0.277633666992188 -0.087615966796875 -0.241500854492188
-0.302093505859375 -0.05694580078125 -0.192657470703125 -0.0758209228515625
-0.294219970703125 0.0945434570312499 -0.127044677734375 0.0453033447265625
-0.274734497070313 0.084442138671875 -0.0126266479492188 0.0525741577148438
-0.291290283203125 0.13824462890625 0.0303001403808594 0.0467567443847656
-0.303436279296875 0.056304931640625 0.072265625 0.0885086059570313
-0.310089111328125 -0.117828369140625 0.0774002075195312 0.116676330566406
-0.201507568359375 -0.2822265625 -0.0201873779296875 0.167190551757813
0.12371826171875 -0.393157958984375 -0.13543701171875 0.15460205078125
0.3251953125 -0.313995361328125 -0.190292358398437 0.0390625
0.492889404296875 -0.1048583984375 -0.0310783386230468 -0.0011444091796875
0.473785400390625 0.081085205078125 0.1864013671875 -0.21099853515625
0.439453125 -0.03985595703125 0.299591064453125 -0.1182861328125
0.38140869140625 -0.2957763671875 0.29541015625 -0.16827392578125
0.064056396484375 -0.388214111328125 0.14569091796875 -0.254806518554688
-0.15069580078125 -0.30206298828125 0.00999450683593748 -0.208145141601563
-0.30487060546875 -0.078582763671875 -0.0842056274414063 -0.0891952514648438
-0.301910400390625 0.0821533203125 -0.0263042449951172 -0.00808143615722656
-0.28173828125 0.0802307128906251 0.0686988830566406 -0.00189208984375
-0.30120849609375 0.137939453125 0.112106323242187 -0.00823211669921874
-0.311004638671875 0.0585937500000001 0.15704345703125 0.0533599853515625
-0.314056396484375 -0.12127685546875 0.149765014648437 0.09722900390625
-0.191192626953125 -0.281951904296875 0.039154052734375 0.165679931640625
0.143798828125 -0.3704833984375 -0.0900421142578125 0.155258178710937
0.333282470703125 -0.257110595703125 -0.113655090332031 -0.00122833251953125
0.4600830078125 -0.0347900390625 0.118110656738281 -0.00984954833984375
0.3380126953125 0.140472412109375 0.34332275390625 -0.16748046875
0.36163330078125 0.046234130859375 0.39990234375 -0.100189208984375
0.351104736328125 -0.1829833984375 0.316497802734375 -0.12432861328125
0.097076416015625 -0.309295654296875 0.197402954101563 -0.188934326171875
-0.100418090820313 -0.260955810546875 0.0862579345703125 -0.158966064453125
-0.254257202148437 -0.0806427001953125 0.0183944702148437 -0.0913314819335938
-0.258926391601563 0.0600433349609376 0.0690956115722656 -0.0559806823730469
-0.245361328125 0.0642547607421875 0.142349243164062 -0.055816650390625
-0.267578125 0.115264892578125 0.189224243164062 -0.0605621337890625
-0.276748657226563 0.0462646484375 0.234954833984375 0.0202484130859375
-0.2752685546875 -0.118728637695313 0.210418701171875 0.084869384765625
-0.151611328125 -0.257492065429687 0.0869598388671875 0.169631958007812
0.160675048828125 -0.30548095703125 -0.05694580078125 0.154052734375
0.315185546875 -0.162933349609375 -0.0413131713867187 -0.0322074890136719
0.3748779296875 0.04931640625 0.25164794921875 0.000686645507812503
0.1431884765625 0.171646118164063 0.4375 -0.11944580078125
0.212631225585938 0.111770629882813 0.452239990234375 -0.080474853515625
0.244552612304688 -0.05413818359375 0.312042236328125 -0.094696044921875
0.0938720703125 -0.179031372070313 0.219711303710938 -0.138336181640625
-0.0435791015625 -0.16827392578125 0.130157470703125 -0.118629455566406
-0.162261962890625 -0.061859130859375 0.0940475463867187 -0.0914077758789062
-0.1751708984375 0.03082275390625 0.139755249023438 -0.0948257446289063
-0.171035766601563 0.0385894775390625 0.194869995117187 -0.1005859375
-0.193954467773438 0.0734100341796875 0.252029418945313 -0.102935791015625
-0.204986572265625 0.0267181396484375 0.297149658203125 -0.002044677734375
-0.200393676757813 -0.10260009765625 0.25811767578125 0.0863189697265625
-0.092681884765625 -0.20465087890625 0.121246337890625 0.18310546875
0.160308837890625 -0.20733642578125 -0.037353515625 0.160186767578125
0.257965087890625 -0.0516204833984375 0.0212898254394531 -0.0397224426269531
0.240203857421875 0.125289916992187 0.350189208984375 0.035186767578125
-0.0396881103515625 -0.153610229492188 -0.389984130859375 0.00344848632812507
-0.143524169921875 -0.00497436523437498 -0.0636482238769532 0.0444145202636719
-0.083984375 0.10028076171875 0.0344085693359375 -0.17340087890625
0.02490234375 0.102981567382813 -0.144744873046875 -0.233612060546875
0.0841293334960938 0.0489273071289063 -0.2806396484375 -0.106292724609375
0.10272216796875 -0.01971435546875 -0.322601318359375 0.05206298828125
0.0732650756835938 -0.0253143310546875 -0.271713256835937 0.172897338867188
0.06683349609375 -0.0189056396484375 -0.1976318359375 0.1536865234375
0.074615478515625 -0.0110702514648438 -0.151626586914063 0.134689331054688
0.0542182922363281 0.0358619689941406 -0.13482666015625 0.108192443847656
-0.00471115112304688 0.0646133422851563 -0.131263732910156 0.121612548828125
-0.0853805541992188 0.0305328369140625 -0.206039428710938 0.132400512695312
-0.100845336914063 -0.0750732421875 -0.320953369140625 0.0911865234374999
-0.0435791015625 -0.156173706054688 -0.432952880859375 0.111358642578125
0.0423583984375 -0.195892333984375 -0.464874267578125 0.1005859375
0.146987915039063 -0.185165405273438 -0.393890380859375 -0.061767578125
-0.021759033203125 -0.099884033203125 -0.0735931396484375 0.00933074951171874
-0.03863525390625 -0.0473518371582031 0.052764892578125 -0.194244384765625
-0.0297336578369141 -0.0104351043701172 -0.137298583984375 -0.266265869140625
-0.0150165557861328 -0.0105171203613281 -0.28631591796875 -0.1441650390625
-0.0143890380859375 0.00261020660400391 -0.341064453125 0.04205322265625
-0.0318984985351563 0.0358543395996094 -0.27667236328125 0.177032470703125
-0.037017822265625 0.025665283203125 -0.183914184570312 0.157257080078125
-0.0375556945800781 0.0387115478515625 -0.141159057617188 0.141098022460938
-0.0586814880371094 0.0319786071777344 -0.119224548339844 0.123115539550781
-0.0939559936523438 -0.01080322265625 -0.107398986816406 0.130218505859375
-0.104316711425781 -0.092620849609375 -0.183242797851563 0.142608642578125
0.000259399414062521 -0.191635131835938 -0.286865234375 0.1114501953125
0.102203369140625 -0.226547241210938 -0.393218994140625 0.1187744140625
0.225234985351563 -0.206558227539063 -0.41436767578125 0.07794189453125
0.323944091796875 -0.17523193359375 -0.32940673828125 -0.1329345703125
0.131988525390625 -0.167678833007813 -0.0375480651855469 -0.0401992797851563
0.046234130859375 -0.200592041015625 0.094085693359375 -0.219314575195313
-0.06524658203125 -0.148529052734375 -0.103240966796875 -0.300689697265625
-0.108795166015625 -0.0917587280273437 -0.261093139648438 -0.186996459960938
-0.134490966796875 0.00849914550781252 -0.3287353515625 0.0147705078125001
-0.136619567871094 0.0836715698242188 -0.25146484375 0.155471801757812
-0.135406494140625 0.0654983520507813 -0.142608642578125 0.139205932617188
-0.141326904296875 0.090118408203125 -0.0992507934570313 0.128059387207031
-0.162078857421875 0.0439300537109375 -0.0694808959960938 0.127250671386719
-0.186935424804688 -0.057464599609375 -0.0547637939453125 0.137290954589844
-0.147842407226563 -0.182510375976562 -0.136093139648437 0.1607666015625
0.0533447265625 -0.296295166015625 -0.235687255859375 0.140472412109375
0.20086669921875 -0.29437255859375 -0.33056640625 0.118499755859375
0.3624267578125 -0.20806884765625 -0.311798095703125 0.05767822265625
0.45526123046875 -0.12548828125 -0.199005126953125 -0.190322875976563
0.285491943359375 -0.188995361328125 0.0445632934570313 -0.0904159545898438
0.1617431640625 -0.320587158203125 0.15570068359375 -0.232940673828125
-0.06463623046875 -0.283172607421875 -0.03973388671875 -0.31982421875
-0.175750732421875 -0.182479858398438 -0.198135375976562 -0.219924926757813
-0.2352294921875 -0.00378417968749999 -0.277633666992187 -0.021636962890625
-0.222900390625 0.112991333007812 -0.196365356445312 0.11175537109375
-0.213409423828125 0.09454345703125 -0.07940673828125 0.101387023925781
-0.220367431640625 0.135360717773438 -0.0369110107421875 0.0943756103515625
-0.241119384765625 0.0657958984375 0.00146484374999998 0.112472534179688
-0.264236450195313 -0.0774688720703126 0.0138931274414062 0.129806518554688
-0.1949462890625 -0.234466552734375 -0.07183837890625 0.170272827148437
0.071807861328125 -0.36761474609375 -0.176132202148438 0.160903930664062
0.255218505859375 -0.337005615234375 -0.257217407226563 0.097686767578125
0.44488525390625 -0.19244384765625 -0.178878784179687 0.0319061279296875
0.51007080078125 -0.04949951171875 -0.024810791015625 -0.219635009765625
0.395782470703125 -0.156341552734375 0.157913208007813 -0.125503540039063
0.275665283203125 -0.3685302734375 0.223068237304688 -0.22247314453125
-0.027862548828125 -0.37335205078125 0.04156494140625 -0.307098388671875
-0.199066162109375 -0.255233764648438 -0.10784912109375 -0.227371215820313
-0.29644775390625 -0.02630615234375 -0.19305419921875 -0.0548858642578125
-0.274459838867188 0.121109008789062 -0.116081237792969 0.0552597045898438
-0.259140014648438 0.109359741210937 -0.00575637817382814 0.048553466796875
-0.266433715820313 0.16314697265625 0.0363883972167969 0.0429496765136719
-0.286102294921875 0.085540771484375 0.0816268920898437 0.0788726806640625
-0.310882568359375 -0.0823974609375001 0.0876083374023437 0.107208251953125
-0.221878051757813 -0.254730224609375 -0.00511169433593752 0.167343139648437
0.081573486328125 -0.39385986328125 -0.120620727539062 0.165237426757812
0.283935546875 -0.33111572265625 -0.184524536132813 0.0576019287109375
0.470306396484375 -0.148712158203125 -0.0331535339355468 0.00172996520996093
0.46942138671875 0.034088134765625 0.16070556640625 -0.21734619140625
0.42340087890625 -0.0777587890625 0.278640747070313 -0.13726806640625
0.34112548828125 -0.3251953125 0.274978637695313 -0.189773559570313
0.0262451171875 -0.38189697265625 0.1207275390625 -0.262130737304688
-0.176666259765625 -0.279205322265625 -0.00994873046875002 -0.204437255859375
-0.301025390625 -0.0459289550781249 -0.0886306762695313 -0.0769119262695313
-0.2818603515625 0.111114501953125 -0.0236892700195313 -0.0048847198486328
-0.265304565429688 0.105697631835937 0.0695762634277344 -0.0119094848632812
-0.275436401367187 0.163803100585938 0.11114501953125 -0.017913818359375
-0.29266357421875 0.0881958007812501 0.160171508789062 0.03759765625
-0.31463623046875 -0.0853271484374999 0.15472412109375 0.0810699462890625
-0.213272094726562 -0.254013061523438 0.0526123046875 0.160079956054687
0.1029052734375 -0.374908447265625 -0.076263427734375 0.160675048828125
0.296478271484375 -0.279510498046875 -0.114654541015625 0.0103683471679687
0.445159912109375 -0.078277587890625 0.110855102539063 -0.0207443237304688
0.341461181640625 0.104156494140625 0.318267822265625 -0.189788818359375
0.356414794921875 0.01177978515625 0.376617431640625 -0.129852294921875
0.323944091796875 -0.213897705078125 0.3001708984375 -0.14947509765625
0.064208984375 -0.30841064453125 0.175735473632812 -0.202865600585938
-0.123565673828125 -0.244781494140625 0.0689544677734375 -0.164443969726563
-0.252288818359375 -0.0521087646484375 0.0103302001953125 -0.0889434814453125
-0.242340087890625 0.085662841796875 0.0633773803710937 -0.0614891052246094
-0.231369018554687 0.0873870849609376 0.134902954101563 -0.0704193115234375
-0.245315551757813 0.138641357421875 0.17987060546875 -0.0766448974609375
-0.260055541992188 0.073822021484375 0.232376098632813 -0.0023193359375
-0.276809692382813 -0.0855712890625 0.212554931640625 0.0630950927734375
-0.172103881835938 -0.23394775390625 0.099761962890625 0.158218383789062
0.125396728515625 -0.312591552734375 -0.0440216064453125 0.1561279296875
0.288543701171875 -0.18743896484375 -0.0474815368652343 -0.026580810546875
0.36981201171875 0.01043701171875 0.24139404296875 -0.02374267578125
0.15582275390625 0.152267456054688 0.414093017578125 -0.152496337890625
0.216842651367188 0.087554931640625 0.42999267578125 -0.116485595703125
0.23187255859375 -0.07769775390625 0.29638671875 -0.1202392578125
0.0730743408203125 -0.182159423828125 0.202224731445313 -0.156692504882813
-0.0590362548828125 -0.160049438476563 0.116363525390625 -0.129371643066406
-0.161773681640625 -0.0426788330078125 0.0822677612304687 -0.0972671508789062
-0.16522216796875 0.0493927001953125 0.127410888671875 -0.105628967285156
-0.161575317382812 0.055145263671875 0.1806640625 -0.118179321289062
-0.178634643554687 0.090850830078125 0.23651123046875 -0.122802734375
-0.19329833984375 0.0471038818359375 0.2899169921875 -0.029815673828125
-0.203460693359375 -0.0780181884765625 0.257415771484375 0.0608062744140625
-0.110336303710937 -0.187545776367188 0.134078979492188 0.1678466796875
0.1348876953125 -0.217086791992188 -0.0238189697265625 0.160415649414063
0.24407958984375 -0.07379150390625 0.0119667053222656 -0.0404739379882813
0.244796752929687 0.09771728515625 0.339874267578125 0.00100708007812501
-0.0503692626953125 -0.143020629882812 -0.370208740234375 0.0315246582031251
-0.135032653808594 0.00485992431640626 -0.0525550842285156 0.0483741760253906
-0.0709686279296875 0.102142333984375 0.0227508544921875 -0.168655395507813
0.0305328369140625 0.0968399047851563 -0.152877807617188 -0.214767456054688
0.0832366943359375 0.0407867431640625 -0.2728271484375 -0.0844268798828125
0.0943145751953125 -0.0272216796875 -0.304595947265625 0.06951904296875
0.0666084289550781 -0.0305595397949219 -0.247817993164063 0.183837890625
0.0599021911621094 -0.0228462219238281 -0.179046630859375 0.160064697265625
0.0669174194335938 -0.0171546936035156 -0.136528015136719 0.139152526855469
0.0529022216796875 0.0268783569335938 -0.122886657714844 0.11346435546875
0.000923156738281249 0.0602340698242188 -0.118858337402344 0.125251770019531
-0.078857421875 0.0351333618164063 -0.189453125 0.141860961914062
-0.100128173828125 -0.0638885498046875 -0.30096435546875 0.109344482421875
-0.0508270263671875 -0.144638061523438 -0.405670166015625 0.13421630859375
0.024505615234375 -0.189071655273438 -0.437744140625 0.126983642578125
0.125808715820313 -0.18621826171875 -0.37872314453125 -0.0301513671875
-0.0252532958984375 -0.0929718017578125 -0.0650367736816406 0.01708984375
-0.0385284423828125 -0.0425567626953125 0.0389251708984375 -0.190139770507813
-0.0295658111572266 -0.00776672363281251 -0.1475830078125 -0.246780395507812
-0.0161981582641602 -0.00913238525390625 -0.28167724609375 -0.119171142578125
-0.0145320892333984 0.00289058685302734 -0.321868896484375 0.0623168945312501
-0.0279083251953125 0.0356407165527344 -0.250564575195312 0.18768310546875
-0.0351791381835938 0.0269126892089844 -0.16552734375 0.16168212890625
-0.0352935791015625 0.0383987426757813 -0.125015258789063 0.143844604492188
-0.05401611328125 0.0321235656738281 -0.105644226074219 0.125953674316406
-0.0891342163085938 -0.00478363037109374 -0.09442138671875 0.132667541503906
-0.105415344238281 -0.0816802978515625 -0.16748046875 0.151229858398437
-0.012451171875 -0.182205200195313 -0.26806640625 0.128036499023438
0.082366943359375 -0.221664428710938 -0.369171142578125 0.13958740234375
0.200088500976563 -0.212356567382813 -0.392578125 0.1025390625
0.296722412109375 -0.1905517578125 -0.3228759765625 -0.100860595703125
0.116806030273438 -0.167556762695312 -0.0354843139648437 -0.0312232971191406
0.031402587890625 -0.194686889648438 0.07806396484375 -0.217193603515625
-0.0718841552734375 -0.136314392089844 -0.1170654296875 -0.2818603515625
-0.111824035644531 -0.0809402465820313 -0.261123657226563 -0.162445068359375
-0.127082824707031 0.0176467895507812 -0.311492919921875 0.0361328125
-0.123031616210938 0.0896224975585938 -0.227584838867188 0.164840698242187
-0.126487731933594 0.072021484375 -0.126632690429688 0.140762329101563
-0.128890991210938 0.0955734252929688 -0.085357666015625 0.128387451171875
-0.150390625 0.052490234375 -0.05621337890625 0.126205444335938
-0.180191040039063 -0.042236328125 -0.0429458618164063 0.136001586914063
-0.15350341796875 -0.164474487304688 -0.12060546875 0.1661376953125
0.03033447265625 -0.286590576171875 -0.21881103515625 0.152252197265625
0.1710205078125 -0.292724609375 -0.309539794921875 0.136383056640625
0.33221435546875 -0.222991943359375 -0.29693603515625 0.0766296386718749
0.42718505859375 -0.1507568359375 -0.203323364257812 -0.163406372070313
0.261703491210938 -0.197784423828125 0.0382232666015625 -0.0836181640625
0.13232421875 -0.31964111328125 0.136642456054688 -0.23388671875
-0.0808868408203125 -0.2655029296875 -0.057403564453125 -0.304229736328125
-0.182586669921875 -0.1629638671875 -0.20404052734375 -0.198013305664063
-0.22314453125 0.01336669921875 -0.265380859375 -0.00115966796875001
-0.202041625976562 0.124343872070313 -0.1771240234375 0.11932373046875
-0.198104858398437 0.105926513671875 -0.0680160522460938 0.099090576171875
-0.1993408203125 0.144805908203125 -0.0268402099609375 0.0919723510742188
-0.222732543945312 0.0794677734375 0.0114669799804687 0.107315063476563
-0.256378173828125 -0.0551910400390625 0.022796630859375 0.123199462890625
-0.203323364257813 -0.2099609375 -0.05853271484375 0.170623779296875
0.042205810546875 -0.356170654296875 -0.16058349609375 0.168655395507813
0.2191162109375 -0.336395263671875 -0.241134643554687 0.112945556640625
0.4130859375 -0.21490478515625 -0.172134399414062 0.042572021484375
0.482421875 -0.082275390625 -0.0391845703125 -0.20361328125
0.36895751953125 -0.17333984375 0.14312744140625 -0.124465942382813
0.2371826171875 -0.3720703125 0.20172119140625 -0.229019165039063
-0.052093505859375 -0.353179931640625 0.0213623046875 -0.297271728515625
-0.2099609375 -0.230331420898437 -0.118179321289063 -0.211212158203125
-0.28192138671875 -0.00299072265625001 -0.186004638671875 -0.037933349609375
-0.24969482421875 0.136825561523438 -0.1046142578125 0.0602951049804687
-0.239471435546875 0.123870849609375 -0.000236511230468765 0.0438423156738281
-0.2406005859375 0.175888061523438 0.0402641296386719 0.0371360778808594
-0.262786865234375 0.102005004882813 0.0863113403320312 0.0696868896484375
-0.3009033203125 -0.0545043945312499 0.0913925170898437 0.0970382690429688
-0.230514526367188 -0.226409912109375 0.00524902343749998 0.16375732421875
0.049468994140625 -0.3819580078125 -0.10711669921875 0.169265747070312
0.246612548828125 -0.33502197265625 -0.17523193359375 0.0701904296874999
0.440673828125 -0.176300048828125 -0.0346832275390625 0.00487518310546873
0.45086669921875 -0.00103759765625 0.139068603515625 -0.213882446289062
0.400390625 -0.102447509765625 0.256149291992188 -0.143936157226563
0.30352783203125 -0.336334228515625 0.25384521484375 -0.201431274414063
-0.00170898437499999 -0.36566162109375 0.0989990234375 -0.260452270507813
-0.189956665039062 -0.255523681640625 -0.023956298828125 -0.19537353515625
-0.287994384765625 -0.021728515625 -0.0881423950195313 -0.0659408569335938
-0.257736206054688 0.12884521484375 -0.021108627319336 -0.00457191467285155
-0.244659423828125 0.121932983398438 0.0668563842773437 -0.018951416015625
-0.247894287109375 0.17755126953125 0.107276916503906 -0.0252227783203125
-0.268417358398438 0.106475830078125 0.15863037109375 0.0238494873046875
-0.304962158203125 -0.05615234375 0.154022216796875 0.0671234130859375
-0.2218017578125 -0.225997924804688 0.060272216796875 0.152328491210938
0.069671630859375 -0.364715576171875 -0.064666748046875 0.1617431640625
0.262054443359375 -0.285552978515625 -0.111686706542969 0.020416259765625
0.420684814453125 -0.106689453125 0.101753234863281 -0.0271759033203125
0.33343505859375 0.07470703125 0.2913818359375 -0.198883056640625
0.34130859375 -0.013031005859375 0.350433349609375 -0.144927978515625
0.294525146484375 -0.22918701171875 0.278839111328125 -0.163543701171875
0.038909912109375 -0.298248291015625 0.155624389648438 -0.20758056640625
-0.136734008789063 -0.224761962890625 0.0547637939453125 -0.162673950195313
-0.242218017578125 -0.0299224853515625 0.00483703613281248 -0.084503173828125
-0.222274780273437 0.101791381835938 0.0572547912597656 -0.0634078979492188
-0.213363647460937 0.101654052734375 0.125373840332031 -0.0791244506835938
-0.221435546875 0.1517333984375 0.16876220703125 -0.0861663818359375
-0.239273071289063 0.09033203125 0.223724365234375 -0.0183258056640625
-0.26922607421875 -0.0595855712890624 0.207199096679687 0.0465087890625
-0.18011474609375 -0.208969116210937 0.105865478515625 0.1463623046875
0.09649658203125 -0.307861328125 -0.033660888671875 0.154693603515625
0.260177612304688 -0.198013305664062 -0.0515518188476562 -0.0204086303710938
0.35357666015625 -0.017669677734375 0.225570678710938 -0.0384979248046875
0.159271240234375 0.132904052734375 0.386199951171875 -0.170684814453125
0.212966918945312 0.0680389404296875 0.402069091796875 -0.138092041015625
0.215286254882813 -0.0929107666015625 0.2769775390625 -0.1346435546875
0.0550537109375 -0.177947998046875 0.1832275390625 -0.164947509765625
-0.0688629150390625 -0.147796630859375 0.101753234863281 -0.132423400878906
-0.155532836914063 -0.027496337890625 0.0727081298828125 -0.0974273681640625
-0.151458740234375 0.061004638671875 0.114967346191406 -0.110649108886719
-0.14947509765625 0.0654144287109375 0.16510009765625 -0.1268310546875
-0.162368774414063 0.100997924804687 0.218399047851563 -0.133987426757813
-0.17767333984375 0.0599822998046875 0.2763671875 -0.0492706298828125
-0.200103759765625 -0.05767822265625 0.249725341796875 0.040496826171875
-0.118560791015625 -0.169754028320312 0.13885498046875 0.152572631835938
0.112289428710938 -0.216751098632813 -0.01422119140625 0.155563354492188
0.2265625 -0.0867156982421875 0.00397872924804689 -0.0385513305664063
0.240615844726563 0.075103759765625 0.32177734375 -0.022552490234375
-0.0563430786132813 -0.133476257324219 -0.3525390625 0.0477600097656249
-0.127593994140625 0.01031494140625 -0.0443611145019531 0.0487747192382812
-0.0617828369140625 0.100906372070312 0.015106201171875 -0.163894653320312
0.0342330932617188 0.0919647216796875 -0.155242919921875 -0.201416015625
0.08087158203125 0.0349197387695313 -0.264053344726563 -0.0713806152343751
0.0872802734375 -0.0315628051757813 -0.29052734375 0.0784912109375
0.06146240234375 -0.0342864990234375 -0.2294921875 0.187759399414063
0.0546035766601562 -0.0250701904296875 -0.166168212890625 0.162506103515625
0.0598983764648437 -0.019683837890625 -0.125724792480469 0.139869689941406
0.050201416015625 0.020660400390625 -0.114166259765625 0.115425109863281
0.00406646728515625 0.0556640625 -0.110885620117187 0.127296447753906
-0.0734329223632813 0.0368728637695312 -0.1771240234375 0.14605712890625
-0.097503662109375 -0.0560684204101562 -0.284576416015625 0.117645263671875
-0.053955078125 -0.13555908203125 -0.384246826171875 0.143798828125
0.0137176513671875 -0.1812744140625 -0.41705322265625 0.1397705078125
0.111831665039062 -0.18438720703125 -0.3638916015625 -0.00958251953124994
-0.0263595581054687 -0.0872344970703125 -0.0575065612792969 0.0216865539550781
-0.03741455078125 -0.0393943786621094 0.031280517578125 -0.186050415039063
-0.0279693603515625 -0.00526809692382813 -0.150741577148438 -0.23260498046875
-0.016942024230957 -0.00824737548828125 -0.273849487304688 -0.103805541992188
-0.0138578414916992 0.00282764434814453 -0.306121826171875 0.07220458984375
-0.0251274108886719 0.0343360900878906 -0.231719970703125 0.190399169921875
-0.0342311859130859 0.0273876190185547 -0.152587890625 0.161758422851562
-0.033966064453125 0.0385360717773437 -0.11370849609375 0.143844604492188
-0.0504837036132813 0.0305824279785156 -0.0957717895507812 0.1260986328125
-0.0849609375 -0.00254058837890624 -0.0865097045898438 0.133033752441406
-0.103958129882813 -0.0745773315429687 -0.156356811523438 0.154586791992187
-0.0188446044921875 -0.1737060546875 -0.252777099609375 0.134872436523438
0.070343017578125 -0.214401245117188 -0.349639892578125 0.14935302734375
0.181961059570313 -0.21124267578125 -0.375335693359375 0.11517333984375
0.27587890625 -0.195877075195313 -0.313323974609375 -0.078826904296875
0.107223510742188 -0.16510009765625 -0.0317707061767578 -0.0246162414550781
0.0224609375 -0.189361572265625 0.06854248046875 -0.2139892578125
-0.0743560791015625 -0.127662658691406 -0.122512817382813 -0.267501831054688
-0.112434387207031 -0.0730361938476562 -0.256088256835937 -0.146469116210938
-0.120025634765625 0.0219497680664063 -0.2962646484375 0.0469665527343751
-0.113143920898437 0.091766357421875 -0.210067749023437 0.167404174804688
-0.119369506835938 0.075531005859375 -0.115386962890625 0.13818359375
-0.11944580078125 0.09759521484375 -0.0755462646484375 0.126800537109375
-0.140838623046875 0.0548858642578125 -0.0477447509765625 0.123443603515625
-0.173812866210937 -0.033782958984375 -0.0358963012695313 0.132820129394531
-0.154022216796875 -0.15185546875 -0.110504150390625 0.167831420898438
0.017425537109375 -0.276702880859375 -0.205398559570313 0.157882690429687
0.151641845703125 -0.285614013671875 -0.293243408203125 0.1451416015625
0.309417724609375 -0.228118896484375 -0.2850341796875 0.086395263671875
0.40179443359375 -0.16424560546875 -0.20123291015625 -0.144195556640625
0.244537353515625 -0.199752807617188 0.0353240966796875 -0.076446533203125
0.113861083984375 -0.313629150390625 0.124557495117188 -0.2325439453125
-0.0889434814453125 -0.25091552734375 -0.06634521484375 -0.291595458984375
-0.184463500976563 -0.149658203125 -0.203811645507813 -0.182296752929688
-0.212539672851563 0.0229949951171875 -0.252105712890625 0.0104522705078125
-0.186386108398438 0.129074096679687 -0.1629638671875 0.121307373046875
-0.185928344726563 0.110992431640625 -0.0606002807617188 0.0951614379882813
-0.183486938476563 0.14825439453125 -0.0200881958007813 0.0881271362304688
-0.207931518554688 0.085296630859375 0.017791748046875 0.101875305175781
-0.247589111328125 -0.0408477783203125 0.02813720703125 0.118362426757813
-0.204147338867188 -0.192642211914062 -0.05029296875 0.170303344726563
0.0244140625 -0.344329833984375 -0.14959716796875 0.171615600585937
0.195709228515625 -0.330108642578125 -0.229385375976563 0.1201171875
0.38720703125 -0.22509765625 -0.166305541992187 0.0493621826171875
0.460906982421875 -0.101409912109375 -0.04547119140625 -0.188430786132813
0.34857177734375 -0.1812744140625 0.134002685546875 -0.119476318359375
0.212554931640625 -0.3704833984375 0.187576293945313 -0.2305908203125
-0.065338134765625 -0.33685302734375 0.00897216796874998 -0.287841796875
-0.214004516601563 -0.212127685546875 -0.122116088867188 -0.198516845703125
-0.268875122070313 0.00979614257812502 -0.17724609375 -0.02789306640625
-0.229995727539062 0.144439697265625 -0.09564208984375 0.0608367919921875
-0.224441528320313 0.130416870117187 0.00247573852539061 0.0382843017578125
-0.219924926757813 0.18017578125 0.0425910949707031 0.0333328247070313
-0.244216918945313 0.109970092773438 0.088470458984375 0.062225341796875
-0.28961181640625 -0.0378112792968749 0.093231201171875 0.0899200439453125
-0.230636596679688 -0.20672607421875 0.012054443359375 0.15966796875
0.02886962890625 -0.369598388671875 -0.0972900390625 0.17095947265625
0.221343994140625 -0.330169677734375 -0.167312622070313 0.0769805908203125
0.4163818359375 -0.188873291015625 -0.0354957580566406 0.00746917724609374
0.433349609375 -0.0205078125 0.124969482421875 -0.206085205078125
0.381561279296875 -0.114288330078125 0.24017333984375 -0.143051147460938
0.27667236328125 -0.33905029296875 0.238418579101563 -0.205459594726563
-0.01812744140625 -0.349761962890625 0.0854644775390625 -0.255233764648438
-0.195831298828125 -0.236923217773437 -0.0306549072265625 -0.1873779296875
-0.274978637695313 -0.00715637207031252 -0.0856704711914063 -0.05828857421875
-0.2371826171875 0.13690185546875 -0.0183086395263672 -0.0043354034423828
-0.22955322265625 0.129379272460938 0.0641860961914062 -0.0244598388671875
-0.226699829101562 0.182235717773438 0.104408264160156 -0.029693603515625
-0.2486572265625 0.114547729492188 0.155487060546875 0.015106201171875
-0.29351806640625 -0.03826904296875 0.15130615234375 0.0584869384765625
-0.223068237304688 -0.205856323242188 0.064666748046875 0.145904541015625
0.049713134765625 -0.353515625 -0.0569915771484375 0.161239624023437
0.23779296875 -0.283966064453125 -0.109573364257812 0.0265121459960938
0.399749755859375 -0.122467041015625 0.0941848754882813 -0.0293655395507813
0.32440185546875 0.056060791015625 0.271942138671875 -0.1990966796875
0.327362060546875 -0.02740478515625 0.329315185546875 -0.149200439453125
0.271392822265625 -0.235565185546875 0.262954711914063 -0.168991088867188
0.023162841796875 -0.287322998046875 0.141372680664063 -0.206802368164063
-0.14288330078125 -0.2098388671875 0.045867919921875 -0.15911865234375
-0.231124877929688 -0.0172271728515625 0.00304412841796873 -0.080169677734375
-0.204971313476562 0.110092163085938 0.054107666015625 -0.0643844604492188
-0.199020385742188 0.108291625976563 0.11761474609375 -0.0844879150390625
-0.202194213867188 0.155975341796875 0.1605224609375 -0.0910491943359375
-0.221786499023438 0.0980377197265625 0.216171264648438 -0.0286865234375
-0.259994506835938 -0.041717529296875 0.201217651367188 0.03619384765625
-0.182830810546875 -0.190887451171875 0.107124328613281 0.137840270996094
0.077850341796875 -0.299652099609375 -0.0279083251953125 0.152801513671875
0.239822387695313 -0.200469970703125 -0.0531768798828125 -0.0156936645507813
0.339569091796875 -0.033538818359375 0.212356567382813 -0.0464630126953125
0.158615112304688 0.11981201171875 0.36553955078125 -0.176605224609375
0.20733642578125 0.0543975830078125 0.37896728515625 -0.146728515625
0.201339721679687 -0.101715087890625 0.261093139648437 -0.141036987304687
0.0433807373046875 -0.1719970703125 0.169265747070313 -0.167343139648438
-0.0743484497070313 -0.138526916503906 0.0924453735351562 -0.132156372070313
-0.148544311523438 -0.0184478759765625 0.0665206909179687 -0.0962371826171875
-0.139564514160156 0.0679473876953125 0.105941772460938 -0.112167358398438
-0.139305114746094 0.0717086791992188 0.153671264648437 -0.131790161132812
-0.14910888671875 0.1053466796875 0.205535888671875 -0.13922119140625
-0.164459228515625 0.0656890869140625 0.264297485351563 -0.059478759765625
-0.193405151367188 -0.0444488525390625 0.240325927734375 0.029754638671875
-0.121475219726562 -0.155487060546875 0.139877319335938 0.141998291015625
0.09735107421875 -0.213241577148438 -0.0089111328125 0.152679443359375
0.212997436523438 -0.0927886962890625 -0.00215530395507811 -0.0352363586425781
0.2337646484375 0.0595703125 0.304779052734375 -0.03570556640625
-0.06048583984375 -0.128021240234375 -0.343048095703125 0.0594787597656249
-0.123931884765625 0.0144882202148437 -0.0379219055175781 0.049468994140625
-0.0551986694335938 0.101119995117187 0.010986328125 -0.163223266601562
0.0376739501953125 0.0890731811523438 -0.15771484375 -0.195419311523438
0.0806884765625 0.0320281982421875 -0.260391235351563 -0.06451416015625
0.083038330078125 -0.0346527099609375 -0.283966064453125 0.084808349609375
0.0569343566894531 -0.0374069213867188 -0.219635009765625 0.191482543945313
0.0508537292480469 -0.0264892578125 -0.159622192382813 0.165206909179688
0.0547561645507813 -0.0214500427246094 -0.120452880859375 0.141845703125
0.0476112365722656 0.015960693359375 -0.10931396484375 0.117576599121094
0.00617218017578125 0.0517845153808594 -0.106796264648437 0.129371643066406
-0.0697402954101562 0.0385093688964844 -0.170883178710938 0.150283813476563
-0.0960311889648438 -0.051513671875 -0.275711059570313 0.122116088867188
-0.0557632446289063 -0.130561828613281 -0.373046875 0.150238037109375
0.00653076171875001 -0.17706298828125 -0.408172607421875 0.14874267578125
0.1031494140625 -0.18292236328125 -0.356597900390625 0.00503540039062498
-0.02667236328125 -0.0849761962890625 -0.0517845153808594 0.02471923828125
-0.0360183715820312 -0.0378646850585938 0.026947021484375 -0.185577392578125
-0.0268802642822266 -0.00440025329589843 -0.153640747070313 -0.226043701171875
-0.0174674987792969 -0.00743675231933594 -0.271591186523438 -0.0964355468749999
-0.0139980316162109 0.0021657943725586 -0.298858642578125 0.078399658203125
-0.02398681640625 0.0329685211181641 -0.221466064453125 0.194198608398438
-0.0346450805664062 0.0280685424804688 -0.145645141601563 0.163436889648438
-0.0343093872070313 0.0385284423828125 -0.108169555664063 0.144317626953125
-0.0496597290039063 0.0290565490722656 -0.090179443359375 0.126571655273438
-0.0827713012695313 -0.00189971923828126 -0.0823974609375 0.134040832519531
-0.1036376953125 -0.0702285766601563 -0.150192260742188 0.159286499023437
-0.0222930908203125 -0.169692993164063 -0.244735717773437 0.139694213867187
0.063995361328125 -0.210540771484375 -0.34033203125 0.15576171875
0.171905517578125 -0.212081909179688 -0.3675537109375 0.12432861328125
0.264678955078125 -0.200363159179687 -0.308685302734375 -0.06439208984375
0.102752685546875 -0.163894653320313 -0.0280780792236328 -0.0190811157226563
0.0175628662109375 -0.18756103515625 0.0633392333984375 -0.214767456054688
-0.0761642456054688 -0.123008728027344 -0.127090454101563 -0.260498046875
-0.114036560058594 -0.06817626953125 -0.255203247070313 -0.137451171875
-0.116554260253906 0.0251007080078125 -0.288299560546875 0.0540771484375001
-0.106529235839844 0.0928268432617188 -0.199554443359375 0.169464111328125
-0.115440368652344 0.0780410766601562 -0.109764099121094 0.137733459472656
-0.114776611328125 0.0997390747070313 -0.070068359375 0.125801086425781
-0.135688781738281 0.0563201904296875 -0.0422515869140625 0.12225341796875
-0.171524047851563 -0.0286712646484375 -0.0314865112304688 0.1328125
-0.155380249023438 -0.14532470703125 -0.104888916015625 0.170989990234375
0.00944519042968751 -0.271774291992188 -0.197830200195312 0.16229248046875
0.14166259765625 -0.2823486328125 -0.2852783203125 0.151580810546875
0.298309326171875 -0.23260498046875 -0.279861450195313 0.0944519042968749
0.390167236328125 -0.172698974609375 -0.201248168945312 -0.13079833984375
0.236785888671875 -0.201934814453125 0.0360870361328125 -0.0710296630859375
0.10418701171875 -0.3135986328125 0.118988037109375 -0.2352294921875
-0.09454345703125 -0.243698120117188 -0.07220458984375 -0.286285400390625
-0.187042236328125 -0.141571044921875 -0.204849243164063 -0.174240112304687
-0.205825805664063 0.0287933349609375 -0.245559692382813 0.0172119140625
-0.175735473632813 0.132644653320312 -0.1541748046875 0.1224365234375
-0.179000854492188 0.115707397460937 -0.0570297241210938 0.0925827026367188
-0.17462158203125 0.151290893554688 -0.0158615112304688 0.086517333984375
-0.1993408203125 0.0885772705078125 0.0221939086914062 0.098480224609375
-0.243133544921875 -0.032928466796875 0.0312957763671875 0.116073608398438
-0.205703735351563 -0.183425903320313 -0.0453643798828125 0.171905517578125
0.014129638671875 -0.339111328125 -0.14263916015625 0.175628662109375
0.183319091796875 -0.3270263671875 -0.223434448242188 0.126144409179687
0.3748779296875 -0.231353759765625 -0.164382934570312 0.0550079345703124
0.4495849609375 -0.11395263671875 -0.049468994140625 -0.179061889648438
0.339569091796875 -0.185699462890625 0.130393981933594 -0.115119934082031
0.197723388671875 -0.3739013671875 0.179733276367188 -0.234039306640625
-0.074005126953125 -0.328094482421875 0.00131225585937498 -0.284271240234375
-0.218353271484375 -0.20166015625 -0.125701904296875 -0.192001342773438
-0.260772705078125 0.0180816650390625 -0.17254638671875 -0.022186279296875
-0.217880249023438 0.14892578125 -0.0900344848632813 0.061431884765625
-0.215682983398438 0.136093139648437 0.00377273559570311 0.0345363616943359
-0.208297729492188 0.183990478515625 0.0450477600097656 0.0298843383789063
-0.232940673828125 0.114761352539062 0.0910873413085937 0.057647705078125
-0.28424072265625 -0.0262451171875 0.0942840576171875 0.086395263671875
-0.233047485351563 -0.19500732421875 0.0156402587890625 0.159698486328125
0.017547607421875 -0.364013671875 -0.09185791015625 0.174072265625
0.20782470703125 -0.32904052734375 -0.164215087890625 0.0824127197265625
0.40545654296875 -0.198577880859375 -0.0367584228515625 0.00978088378906249
0.42510986328125 -0.035064697265625 0.1175537109375 -0.2015380859375
0.372528076171875 -0.121917724609375 0.233428955078125 -0.141647338867188
0.260833740234375 -0.344329833984375 0.230133056640625 -0.209732055664063
-0.02874755859375 -0.3428955078125 0.07684326171875 -0.253173828125
-0.201263427734375 -0.226486206054687 -0.0355377197265625 -0.183990478515625
-0.267181396484375 0.00216674804687495 -0.0830535888671875 -0.054473876953125
-0.224563598632813 0.142486572265625 -0.0162925720214844 -0.00476455688476561
-0.22021484375 0.135421752929687 0.0631370544433594 -0.02935791015625
-0.213851928710937 0.186798095703125 0.104400634765625 -0.033721923828125
-0.236175537109375 0.119644165039063 0.1552734375 0.00964355468750001
-0.287811279296875 -0.025146484375 0.150466918945312 0.053253173828125
-0.224594116210938 -0.194412231445312 0.0674285888671875 0.143646240234375
0.037933349609375 -0.348663330078125 -0.051910400390625 0.163726806640625
0.22540283203125 -0.28399658203125 -0.108726501464844 0.03167724609375
0.390289306640625 -0.132965087890625 0.0896224975585938 -0.0300140380859375
0.3214111328125 0.044158935546875 0.261856079101563 -0.199295043945313
0.32177734375 -0.0362548828125 0.318817138671875 -0.15087890625
0.258621215820313 -0.241851806640625 0.254196166992188 -0.17413330078125
0.0135498046875 -0.2816162109375 0.133087158203125 -0.207489013671875
-0.148818969726562 -0.20025634765625 0.04095458984375 -0.158340454101563
-0.224761962890625 -0.00888061523437502 0.00244903564453124 -0.0779953002929688
-0.1932373046875 0.115203857421875 0.0517311096191406 -0.0662918090820312
-0.19097900390625 0.114654541015625 0.112945556640625 -0.0896148681640625
-0.190383911132813 0.1597900390625 0.156707763671875 -0.0955352783203125
-0.210372924804687 0.10345458984375 0.212753295898438 -0.0356597900390625
-0.25537109375 -0.03045654296875 0.198593139648437 0.030242919921875
-0.185501098632812 -0.180831909179688 0.109138488769531 0.134109497070313
0.06585693359375 -0.296661376953125 -0.02374267578125 0.1546630859375
0.228988647460938 -0.203414916992188 -0.0557479858398437 -0.0113182067871094
0.332183837890625 -0.0443115234375 0.20513916015625 -0.0511474609375
0.160247802734375 0.11187744140625 0.355377197265625 -0.181671142578125
0.205825805664063 0.046630859375 0.366851806640625 -0.150970458984375
0.193206787109375 -0.108734130859375 0.2529296875 -0.144912719726563
0.03564453125 -0.169342041015625 0.161865234375 -0.169403076171875
-0.078460693359375 -0.13250732421875 0.0883560180664063 -0.133575439453125
-0.144378662109375 -0.012603759765625 0.0634078979492187 -0.0957717895507813
-0.130760192871094 0.0723037719726562 0.10113525390625 -0.114448547363281
-0.132720947265625 0.0767593383789062 0.146743774414063 -0.136489868164062
-0.140609741210937 0.109268188476563 0.199325561523438 -0.144363403320313
-0.156265258789063 0.07025146484375 0.259246826171875 -0.0671844482421875
-0.190505981445313 -0.0346832275390625 0.236419677734375 0.02294921875
-0.124221801757813 -0.147659301757813 0.141159057617188 0.136062622070313
0.087890625 -0.213104248046875 -0.00598144531250001 0.153396606445313
0.205734252929688 -0.0972747802734375 -0.00652122497558592 -0.0331001281738281
0.23095703125 0.0504302978515625 0.296142578125 -0.043212890625
-0.0663986206054687 -0.124748229980469 -0.339996337890625 0.074859619140625
-0.122245788574219 0.019195556640625 -0.0323333740234375 0.0514144897460938
-0.049041748046875 0.102035522460938 0.00585937499999999 -0.165069580078125
0.0423202514648437 0.0877838134765625 -0.16595458984375 -0.192184448242188
0.0827560424804687 0.0285415649414062 -0.264083862304688 -0.0567932128906251
0.0803756713867187 -0.039459228515625 -0.282806396484375 0.094757080078125
0.0533981323242188 -0.0418319702148438 -0.21356201171875 0.201553344726562
0.0483551025390625 -0.0286140441894531 -0.155075073242188 0.174072265625
0.0519905090332031 -0.0232315063476563 -0.11773681640625 0.148513793945313
0.0455551147460938 0.0126800537109375 -0.106559753417969 0.123077392578125
0.00795745849609375 0.0492286682128906 -0.103767395019531 0.136329650878906
-0.0679092407226563 0.0408821105957031 -0.166854858398438 0.159011840820313
-0.0971298217773438 -0.0473556518554688 -0.2728271484375 0.130874633789063
-0.0596771240234375 -0.128341674804688 -0.37042236328125 0.163360595703125
-0.00085449218749999 -0.176773071289063 -0.4046630859375 0.164703369140625
0.0961761474609375 -0.186752319335938 -0.35552978515625 0.0208435058593749
-0.0274810791015625 -0.0832290649414063 -0.0465316772460938 0.0289077758789062
-0.0361518859863281 -0.0382499694824219 0.021759033203125 -0.189559936523438
-0.0253810882568359 -0.00392341613769531 -0.162322998046875 -0.223251342773437
-0.0182075500488281 -0.0063629150390625 -0.275848388671875 -0.0881347656250001
-0.0142936706542969 0.00181198120117188 -0.2965087890625 0.0887451171875
-0.0231971740722656 0.0324630737304687 -0.214309692382813 0.202896118164063
-0.0349864959716797 0.0296669006347656 -0.141525268554688 0.170028686523438
-0.0338706970214844 0.0405845642089844 -0.104415893554687 0.150497436523438
-0.050079345703125 0.0291824340820312 -0.0865631103515625 0.130950927734375
-0.082427978515625 -0.000854492187500005 -0.0779800415039063 0.139495849609375
-0.106864929199219 -0.0675048828125 -0.145645141601563 0.167938232421875
-0.02783203125 -0.169677734375 -0.241958618164063 0.149765014648438
0.0570831298828125 -0.211761474609375 -0.337158203125 0.16912841796875
0.164886474609375 -0.218002319335937 -0.3675537109375 0.139434814453125
0.257461547851563 -0.211471557617187 -0.310455322265625 -0.048858642578125
0.09954833984375 -0.16796875 -0.0242328643798828 -0.0151138305664063
0.01171875 -0.191452026367187 0.0570526123046875 -0.22088623046875
-0.0798110961914062 -0.120506286621094 -0.136688232421875 -0.259368896484375
-0.1182861328125 -0.0635147094726562 -0.261672973632813 -0.129058837890625
-0.115219116210938 0.0289154052734375 -0.285919189453125 0.064056396484375
-0.102294921875 0.0960922241210937 -0.193389892578125 0.177291870117187
-0.114013671875 0.083160400390625 -0.106231689453125 0.141281127929688
-0.111297607421875 0.105369567871094 -0.0661392211914062 0.129341125488281
-0.133956909179687 0.0600357055664062 -0.037200927734375 0.124588012695313
-0.17266845703125 -0.023651123046875 -0.0269317626953125 0.1363525390625
-0.161544799804688 -0.140762329101563 -0.100021362304687 0.179290771484375
0.00027465820312497 -0.27423095703125 -0.193939208984375 0.172210693359375
0.1324462890625 -0.287078857421875 -0.282135009765625 0.163177490234375
0.29193115234375 -0.244598388671875 -0.280593872070312 0.106704711914062
0.386199951171875 -0.1898193359375 -0.20513916015625 -0.118377685546875
0.233795166015625 -0.210739135742187 0.0375404357910156 -0.0681648254394531
0.09173583984375 -0.321197509765625 0.111480712890625 -0.244873046875
-0.102783203125 -0.2412109375 -0.083404541015625 -0.286041259765625
-0.195968627929687 -0.133712768554687 -0.211868286132812 -0.16827392578125
-0.20343017578125 0.0358428955078125 -0.243865966796875 0.0258331298828125
-0.1685791015625 0.138900756835938 -0.148880004882813 0.1280517578125
-0.176025390625 0.123947143554687 -0.0542144775390625 0.0930938720703125
-0.168731689453125 0.160003662109375 -0.0117340087890625 0.0867996215820313
-0.194992065429688 0.09539794921875 0.0276565551757812 0.0973663330078125
-0.244171142578125 -0.0226898193359375 0.0359954833984375 0.116844177246094
-0.21405029296875 -0.176971435546875 -0.0389251708984375 0.177993774414063
0.00207519531250001 -0.3419189453125 -0.1373291015625 0.184234619140625
0.17315673828125 -0.3341064453125 -0.221054077148438 0.136627197265625
0.370452880859375 -0.2467041015625 -0.164840698242188 0.0631561279296875
0.44732666015625 -0.132171630859375 -0.05462646484375 -0.173904418945313
0.33673095703125 -0.19805908203125 0.129310607910156 -0.115615844726563
0.18365478515625 -0.385040283203125 0.173095703125 -0.246109008789063
-0.086273193359375 -0.326629638671875 -0.00839233398437502 -0.286407470703125
-0.22943115234375 -0.193801879882813 -0.133041381835938 -0.189178466796875
-0.258071899414062 0.028533935546875 -0.172027587890625 -0.0151214599609375
-0.20892333984375 0.1585693359375 -0.08642578125 0.063201904296875
-0.210830688476563 0.1466064453125 0.00485610961914061 0.0312843322753906
-0.200210571289062 0.193572998046875 0.048583984375 0.0276947021484375
-0.22662353515625 0.123443603515625 0.0955123901367187 0.05340576171875
-0.284942626953125 -0.013671875 0.0983657836914062 0.0834426879882813
-0.241363525390625 -0.187820434570312 0.0217742919921875 0.163497924804688
0.00372314453125002 -0.368133544921875 -0.08612060546875 0.181411743164063
0.196563720703125 -0.337738037109375 -0.163726806640625 0.0910797119140625
0.401031494140625 -0.216339111328125 -0.0381088256835937 0.0128211975097656
0.426788330078125 -0.05078125 0.111251831054688 -0.201644897460938
0.37176513671875 -0.13641357421875 0.230865478515625 -0.14544677734375
0.24798583984375 -0.357421875 0.22381591796875 -0.222076416015625
-0.04248046875 -0.3419189453125 0.0689239501953125 -0.257431030273438
-0.214096069335937 -0.218841552734375 -0.04266357421875 -0.184005737304688
-0.265548706054688 0.012542724609375 -0.0826034545898438 -0.0512771606445312
-0.215164184570312 0.15216064453125 -0.015690803527832 -0.00566864013671874
-0.214706420898437 0.145584106445313 0.0615882873535156 -0.0353355407714844
-0.204513549804687 0.196792602539063 0.105552673339844 -0.0390625
-0.229293823242188 0.129257202148438 0.158920288085938 0.00218200683593751
-0.288909912109375 -0.011932373046875 0.153121948242188 0.0482177734375
-0.234344482421875 -0.185440063476562 0.0733489990234375 0.144760131835938
0.0238037109375 -0.35296630859375 -0.0461273193359375 0.169815063476562
0.21502685546875 -0.292938232421875 -0.109840393066406 0.0384597778320312
0.3883056640625 -0.1492919921875 0.087432861328125 -0.0321578979492188
0.32550048828125 0.03057861328125 0.2569580078125 -0.206878662109375
0.323211669921875 -0.049468994140625 0.31585693359375 -0.158355712890625
0.248748779296875 -0.255722045898438 0.249908447265625 -0.185760498046875
0.000732421875000014 -0.281494140625 0.12664794921875 -0.212905883789063
-0.158905029296875 -0.19482421875 0.0354766845703125 -0.161346435546875
-0.223770141601562 0.000167846679687474 0.00193786621093749 -0.0784835815429688
-0.184829711914062 0.123199462890625 0.0509490966796875 -0.0701217651367187
-0.185516357421875 0.123870849609375 0.109947204589844 -0.09771728515625
-0.182342529296875 0.169082641601562 0.156265258789063 -0.103973388671875
-0.20343017578125 0.112167358398437 0.214096069335938 -0.0450897216796875
-0.25628662109375 -0.01776123046875 0.199966430664062 0.02337646484375
-0.193527221679687 -0.173065185546875 0.115127563476562 0.132949829101562
0.054534912109375 -0.3009033203125 -0.0174102783203125 0.159103393554688
0.222518920898437 -0.2113037109375 -0.058929443359375 -0.00734710693359376
0.3333740234375 -0.058197021484375 0.202972412109375 -0.058197021484375
0.164688110351562 0.104995727539063 0.349884033203125 -0.193359375
0.208419799804687 0.03759765625 0.3634033203125 -0.1622314453125
0.188507080078125 -0.118194580078125 0.24896240234375 -0.15472412109375
0.027862548828125 -0.170242309570312 0.156158447265625 -0.175628662109375
-0.0857696533203125 -0.1287841796875 0.0836639404296875 -0.138839721679688
-0.143600463867188 -0.00683593750000001 0.0616531372070313 -0.0985031127929688
-0.125007629394531 0.0785369873046875 0.0974502563476562 -0.119781494140625
-0.128517150878906 0.083526611328125 0.141983032226563 -0.1455078125
-0.134407043457031 0.116165161132812 0.196441650390625 -0.155670166015625
-0.151657104492187 0.0772552490234375 0.25933837890625 -0.077911376953125
-0.191726684570313 -0.024871826171875 0.23779296875 0.0144805908203125
-0.130157470703125 -0.142974853515625 0.147201538085938 0.134063720703125
0.0799560546875 -0.217666625976563 0.000518798828125007 0.157821655273438
0.20245361328125 -0.105087280273437 -0.0112838745117187 -0.0314788818359375
0.233551025390625 0.0408477783203125 0.293487548828125 -0.054718017578125
-0.0752029418945313 -0.119926452636719 -0.3365478515625 0.0997314453125
-0.120956420898438 0.0274124145507812 -0.0253334045410156 0.05389404296875
-0.0410537719726563 0.10400390625 -0.003814697265625 -0.168716430664063
0.0499267578125 0.0846405029296875 -0.180404663085938 -0.184814453125
0.0862655639648438 0.0232086181640625 -0.2711181640625 -0.0432891845703125
0.0771102905273437 -0.0459976196289062 -0.280914306640625 0.1124267578125
0.0485382080078125 -0.046630859375 -0.202407836914062 0.218978881835938
0.0451316833496094 -0.0322494506835938 -0.146392822265625 0.187973022460937
0.048980712890625 -0.0266304016113281 -0.110763549804687 0.1605224609375
0.0448226928710938 0.00769805908203125 -0.101089477539063 0.131965637207031
0.011199951171875 0.0466766357421875 -0.0969696044921875 0.1463623046875
-0.0652084350585938 0.0455780029296875 -0.1595458984375 0.1724853515625
-0.099639892578125 -0.041351318359375 -0.268325805664063 0.1473388671875
-0.0671310424804687 -0.125762939453125 -0.364227294921875 0.1861572265625
-0.012054443359375 -0.177017211914062 -0.400604248046875 0.1920166015625
0.084625244140625 -0.193740844726563 -0.354705810546875 0.047760009765625
-0.0313034057617188 -0.082733154296875 -0.0403785705566406 0.0328598022460938
-0.03765869140625 -0.0381546020507813 0.0105743408203125 -0.195236206054688
-0.0244693756103516 -0.00313949584960937 -0.178054809570313 -0.21661376953125
-0.0183296203613281 -0.00520896911621094 -0.283935546875 -0.0733642578125
-0.014409065246582 0.00162029266357422 -0.294586181640625 0.10784912109375
-0.0225086212158203 0.0331401824951172 -0.202926635742188 0.21893310546875
-0.0347614288330078 0.0325641632080078 -0.133331298828125 0.181900024414063
-0.032867431640625 0.0438499450683594 -0.0969390869140625 0.160736083984375
-0.0500946044921875 0.0308380126953125 -0.0797119140625 0.138816833496094
-0.0833358764648438 0.0022735595703125 -0.0701904296875 0.148193359375
-0.111785888671875 -0.0623397827148438 -0.137527465820313 0.18182373046875
-0.0373382568359375 -0.169464111328125 -0.236709594726563 0.165557861328125
0.045745849609375 -0.21649169921875 -0.331756591796875 0.1917724609375
0.153717041015625 -0.230331420898438 -0.363525390625 0.16534423828125
0.247360229492188 -0.229202270507813 -0.3148193359375 -0.025390625
0.0931854248046875 -0.175918579101563 -0.02044677734375 -0.0115165710449219
0.000259399414062503 -0.196578979492188 0.044647216796875 -0.230377197265625
-0.0872650146484375 -0.117469787597656 -0.153289794921875 -0.254623413085938
-0.123893737792969 -0.0555191040039063 -0.271621704101563 -0.115631103515625
-0.114036560058594 0.0355300903320312 -0.2838134765625 0.081512451171875
-0.0963668823242188 0.102828979492188 -0.183013916015625 0.191452026367187
-0.110618591308594 0.092529296875 -0.0997161865234375 0.149505615234375
-0.105979919433594 0.114387512207031 -0.0577011108398438 0.135711669921875
-0.131492614746094 0.0673675537109375 -0.0287399291992188 0.128265380859375
-0.175247192382813 -0.0138702392578125 -0.0184326171875 0.141006469726563
-0.172409057617188 -0.133331298828125 -0.0901031494140625 0.191085815429688
-0.0162506103515625 -0.277755737304688 -0.186141967773438 0.187545776367188
0.117950439453125 -0.29656982421875 -0.276763916015625 0.183425903320313
0.28143310546875 -0.266387939453125 -0.278030395507813 0.127044677734375
0.37774658203125 -0.2161865234375 -0.21240234375 -0.102584838867188
0.226211547851563 -0.227279663085938 0.0383110046386719 -0.0676193237304688
0.07220458984375 -0.33294677734375 0.0968475341796875 -0.257369995117188
-0.118606567382813 -0.2379150390625 -0.10101318359375 -0.28472900390625
-0.206985473632813 -0.122116088867187 -0.223968505859375 -0.157623291015625
-0.201889038085938 0.04888916015625 -0.242919921875 0.0404510498046875
-0.15948486328125 0.150985717773437 -0.14105224609375 0.137680053710938
-0.169891357421875 0.137863159179687 -0.050048828125 0.0961380004882813
-0.158843994140625 0.172775268554687 -0.00510406494140626 0.0880355834960938
-0.189376831054688 0.107650756835937 0.0352249145507813 0.0962371826171875
-0.247177124023437 -0.00752258300781247 0.0442581176757812 0.116561889648438
-0.228469848632812 -0.16619873046875 -0.0289306640625 0.18609619140625
-0.01861572265625 -0.347076416015625 -0.127426147460937 0.196563720703125
0.155242919921875 -0.346588134765625 -0.216690063476562 0.153533935546875
0.36053466796875 -0.273834228515625 -0.164138793945312 0.075897216796875
0.444610595703125 -0.162872314453125 -0.064117431640625 -0.166839599609375
0.330657958984375 -0.22119140625 0.127174377441406 -0.120132446289063
0.1607666015625 -0.403594970703125 0.1583251953125 -0.261932373046875
-0.107879638671875 -0.324737548828125 -0.02471923828125 -0.28955078125
-0.246749877929688 -0.179840087890625 -0.145950317382813 -0.183258056640625
-0.257858276367187 0.044525146484375 -0.172073364257813 -0.00576782226562501
-0.197463989257813 0.171585083007813 -0.082122802734375 0.068572998046875
-0.202911376953125 0.162857055664063 0.00578308105468749 0.0293807983398438
-0.186996459960938 0.209213256835938 0.0524940490722656 0.0231094360351563
-0.21820068359375 0.138214111328125 0.101715087890625 0.0464935302734375
-0.287139892578125 0.00552368164062494 0.104888916015625 0.079254150390625
-0.257293701171875 -0.174224853515625 0.03240966796875 0.167449951171875
-0.019256591796875 -0.373260498046875 -0.0744781494140625 0.19097900390625
0.178863525390625 -0.351776123046875 -0.161056518554687 0.104278564453125
0.393829345703125 -0.245574951171875 -0.0389747619628906 0.0168800354003906
0.428558349609375 -0.081298828125 0.10211181640625 -0.207107543945312
0.369049072265625 -0.1610107421875 0.226287841796875 -0.156356811523438
0.226043701171875 -0.381744384765625 0.211334228515625 -0.240081787109375
-0.064666748046875 -0.342254638671875 0.0538787841796875 -0.264801025390625
-0.231369018554688 -0.205535888671875 -0.05340576171875 -0.18353271484375
-0.26507568359375 0.0297393798828125 -0.0839920043945313 -0.0471878051757813
-0.203842163085938 0.166229248046875 -0.0147438049316406 -0.00581836700439452
-0.205841064453125 0.162490844726563 0.0590362548828125 -0.04217529296875
-0.191543579101563 0.21319580078125 0.106544494628906 -0.0496292114257812
-0.220108032226563 0.144821166992188 0.162246704101563 -0.00952148437499999
-0.290191650390625 0.00909423828124994 0.158096313476562 0.0403289794921875
-0.248687744140625 -0.172195434570313 0.083953857421875 0.144744873046875
0.00207519531250003 -0.358245849609375 -0.0345916748046875 0.176803588867187
0.199310302734375 -0.308929443359375 -0.110466003417969 0.0467758178710937
0.384368896484375 -0.1773681640625 0.085357666015625 -0.037200927734375
0.3310546875 0.009307861328125 0.248199462890625 -0.220428466796875
0.32391357421875 -0.0711669921875 0.310272216796875 -0.17529296875
0.233016967773438 -0.277114868164063 0.239608764648438 -0.203704833984375
-0.017547607421875 -0.282684326171875 0.115554809570313 -0.222854614257812
-0.174819946289062 -0.184417724609375 0.0263824462890625 -0.166152954101563
-0.224212646484375 0.0146484375 -0.000396728515625019 -0.0788803100585938
-0.175033569335938 0.136260986328125 0.0481033325195312 -0.0750198364257812
-0.177734375 0.1387939453125 0.103721618652344 -0.108894348144531
-0.169830322265625 0.1844482421875 0.152984619140625 -0.118026733398437
-0.195281982421875 0.126205444335938 0.215911865234375 -0.0608062744140625
-0.258056640625 0.00199890136718748 0.203857421875 0.01116943359375
-0.207061767578125 -0.16168212890625 0.125228881835938 0.128929138183594
0.035308837890625 -0.30865478515625 -0.00654602050781249 0.164154052734375
0.21075439453125 -0.227584838867188 -0.062225341796875 -0.00229644775390627
0.33404541015625 -0.081268310546875 0.19927978515625 -0.0711822509765625
0.174392700195313 0.0934600830078125 0.344329833984375 -0.214630126953125
0.212051391601562 0.023590087890625 0.357177734375 -0.1824951171875
0.180191040039063 -0.133743286132812 0.2421875 -0.17083740234375
0.016021728515625 -0.171585083007812 0.1484375 -0.187057495117188
-0.0954742431640625 -0.122550964355469 0.076263427734375 -0.1468505859375
-0.143905639648438 0.00270080566406248 0.05792236328125 -0.1031494140625
-0.117057800292969 0.0874481201171875 0.09112548828125 -0.128425598144531
-0.122299194335938 0.09381103515625 0.1329345703125 -0.158660888671875
-0.126411437988281 0.126823425292969 0.189743041992187 -0.172271728515625
-0.146148681640625 0.0874786376953125 0.258132934570313 -0.0973663330078125
-0.19384765625 -0.00982666015624999 0.240859985351563 0.000503540039062499
-0.141403198242187 -0.134429931640625 0.157470703125 0.126922607421875
0.0658416748046875 -0.225387573242188 0.011199951171875 0.161895751953125
0.197830200195313 -0.119094848632813 -0.0161552429199219 -0.0295658111572266
0.237945556640625 0.026092529296875 0.29132080078125 -0.074371337890625
-0.0853118896484375 -0.111228942871094 -0.322113037109375 0.129638671875
-0.115646362304688 0.03717041015625 -0.0165557861328125 0.0543212890625
-0.0306472778320313 0.105583190917969 -0.0172271728515625 -0.168899536132813
0.058197021484375 0.078094482421875 -0.195404052734375 -0.169631958007812
0.0890884399414063 0.0140914916992188 -0.273086547851563 -0.0214385986328125
0.0712127685546875 -0.0538101196289063 -0.271835327148438 0.134857177734375
0.0412559509277344 -0.0512199401855469 -0.182266235351563 0.235763549804688
0.0403366088867188 -0.0363616943359375 -0.129104614257813 0.202407836914062
0.044830322265625 -0.0297622680664062 -0.0956268310546875 0.171661376953125
0.0430564880371094 0.00308990478515625 -0.0899505615234375 0.141448974609375
0.0145339965820313 0.0429115295410156 -0.08392333984375 0.155776977539063
-0.0598411560058594 0.0505294799804688 -0.14434814453125 0.1865234375
-0.100631713867187 -0.0321121215820312 -0.256622314453125 0.167617797851563
-0.0760726928710937 -0.118820190429688 -0.347747802734375 0.21575927734375
-0.0271453857421875 -0.173965454101563 -0.3837890625 0.2252197265625
0.0677490234375 -0.198944091796875 -0.34490966796875 0.0810546875
-0.0351181030273438 -0.0798110961914063 -0.0323829650878906 0.03643798828125
-0.0396919250488281 -0.0366287231445313 -0.00588989257812502 -0.1968994140625
-0.0235214233398438 -0.00218009948730469 -0.194671630859375 -0.200973510742187
-0.0180511474609375 -0.00388908386230469 -0.28851318359375 -0.0504150390625001
-0.0144739151000977 0.00163459777832031 -0.284088134765625 0.13006591796875
-0.0209102630615234 0.0340175628662109 -0.182525634765625 0.235671997070313
-0.0333480834960938 0.0356216430664063 -0.117141723632813 0.194595336914063
-0.0296401977539063 0.0468482971191406 -0.081878662109375 0.170639038085938
-0.0487289428710937 0.03375244140625 -0.0669403076171875 0.145843505859375
-0.0826416015625 0.00722503662109377 -0.0573272705078125 0.154739379882813
-0.115966796875 -0.0530776977539063 -0.121170043945312 0.19488525390625
-0.04962158203125 -0.165176391601563 -0.222000122070313 0.184310913085937
0.02935791015625 -0.217849731445313 -0.314178466796875 0.218719482421875
0.134384155273438 -0.2421875 -0.349578857421875 0.19622802734375
0.226364135742187 -0.248031616210937 -0.31060791015625 0.00515747070312499
0.0806884765625 -0.183395385742188 -0.0162429809570312 -0.00823974609375001
-0.0168304443359375 -0.19744873046875 0.0227508544921875 -0.234573364257813
-0.0962677001953125 -0.109970092773437 -0.173202514648438 -0.241058349609375
-0.128318786621094 -0.0443344116210938 -0.279159545898438 -0.093292236328125
-0.109130859375 0.04388427734375 -0.274948120117188 0.103515625
-0.0867462158203125 0.108749389648438 -0.164749145507813 0.20526123046875
-0.102737426757812 0.102134704589844 -0.0865020751953125 0.157546997070313
-0.0947113037109375 0.123199462890625 -0.0449371337890625 0.141448974609375
-0.125823974609375 0.0770492553710938 -0.017364501953125 0.130233764648437
-0.174789428710938 0.000228881835937533 -0.005767822265625 0.143478393554688
-0.183486938476563 -0.118606567382813 -0.0728607177734375 0.201080322265625
-0.038299560546875 -0.276351928710938 -0.169967651367188 0.202590942382812
0.0943603515625 -0.30438232421875 -0.260589599609375 0.207305908203125
0.25946044921875 -0.2886962890625 -0.266952514648438 0.152572631835937
0.357818603515625 -0.2489013671875 -0.216598510742187 -0.0790710449218751
0.20947265625 -0.245849609375 0.0369071960449219 -0.0669097900390625
0.0428466796875 -0.340728759765625 0.07293701171875 -0.26544189453125
-0.137405395507813 -0.227340698242187 -0.123184204101563 -0.275650024414063
-0.217330932617187 -0.102157592773438 -0.235870361328125 -0.1380615234375
-0.195526123046875 0.065277099609375 -0.236618041992188 0.0595550537109375
-0.14398193359375 0.16241455078125 -0.127349853515625 0.14776611328125
-0.157623291015625 0.152496337890625 -0.0426712036132813 0.0990982055664063
-0.141372680664063 0.186813354492188 0.0038604736328125 0.0878067016601563
-0.1788330078125 0.122222900390625 0.044189453125 0.0919723510742188
-0.245208740234375 0.0135955810546875 0.0543746948242187 0.114028930664063
-0.24273681640625 -0.145339965820313 -0.0120391845703125 0.19171142578125
-0.047760009765625 -0.34564208984375 -0.109649658203125 0.208526611328125
0.126678466796875 -0.357757568359375 -0.20343017578125 0.172683715820312
0.338134765625 -0.303619384765625 -0.157684326171875 0.0915069580078125
0.427276611328125 -0.201416015625 -0.0753021240234374 -0.155303955078125
0.313079833984375 -0.248931884765625 0.120101928710938 -0.125923156738281
0.123291015625 -0.4178466796875 0.133758544921875 -0.2760009765625
-0.133941650390625 -0.313629150390625 -0.048248291015625 -0.285919189453125
-0.26141357421875 -0.157119750976563 -0.159881591796875 -0.170242309570312
-0.250717163085938 0.0652923583984375 -0.1689453125 0.00791931152343748
-0.179641723632813 0.186370849609375 -0.074554443359375 0.0741043090820313
-0.187454223632812 0.180648803710938 0.00693321228027342 0.0270118713378906
-0.165374755859375 0.225341796875 0.0557022094726563 0.0167503356933594
-0.20343017578125 0.154922485351563 0.106452941894531 0.0362319946289063
-0.282867431640625 0.032318115234375 0.111572265625 0.0708541870117188
-0.272293090820313 -0.151214599609375 0.0473785400390625 0.167251586914063
-0.05169677734375 -0.371002197265625 -0.057098388671875 0.197769165039062
0.148834228515625 -0.36328125 -0.152328491210937 0.119125366210937
0.372650146484375 -0.279998779296875 -0.0374870300292969 0.0217514038085937
0.418060302734375 -0.118255615234375 0.0850372314453125 -0.209197998046875
0.3555908203125 -0.19189453125 0.21484375 -0.169631958007813
0.18865966796875 -0.4014892578125 0.186798095703125 -0.257064819335938
-0.093536376953125 -0.334564208984375 0.03265380859375 -0.267303466796875
-0.24908447265625 -0.182418823242187 -0.0680999755859375 -0.178421020507813
-0.259506225585937 0.05145263671875 -0.0847549438476563 -0.0398483276367188
-0.1851806640625 0.181472778320312 -0.0141496658325195 -0.00584793090820311
-0.189483642578125 0.180145263671875 0.0539779663085937 -0.0499076843261719
-0.169464111328125 0.229385375976563 0.102592468261719 -0.060943603515625
-0.203567504882813 0.162200927734375 0.1624755859375 -0.0250396728515625
-0.285430908203125 0.03619384765625 0.160629272460937 0.02740478515625
-0.263153076171875 -0.14776611328125 0.0964202880859375 0.139175415039063
-0.03070068359375 -0.358154296875 -0.0177764892578125 0.1802978515625
0.17236328125 -0.323638916015625 -0.107688903808594 0.0581588745117187
0.36920166015625 -0.2110595703125 0.081146240234375 -0.0433425903320313
0.3297119140625 -0.02069091796875 0.229461669921875 -0.236099243164063
0.316650390625 -0.099395751953125 0.295135498046875 -0.195587158203125
0.20428466796875 -0.2984619140625 0.219879150390625 -0.221160888671875
-0.0417633056640625 -0.2784423828125 0.0964813232421875 -0.230926513671875
-0.190948486328125 -0.165878295898437 0.0124969482421875 -0.168136596679688
-0.220046997070313 0.0336761474609375 -0.00420379638671876 -0.0785064697265625
-0.159210205078125 0.149932861328125 0.0418472290039062 -0.0797042846679687
-0.163330078125 0.154022216796875 0.092529296875 -0.119407653808594
-0.150634765625 0.198638916015625 0.142623901367187 -0.134246826171875
-0.180694580078125 0.141311645507812 0.210800170898438 -0.0809173583984375
-0.253662109375 0.0260467529296875 0.203094482421875 -0.0048675537109375
-0.221023559570313 -0.141494750976563 0.135932922363281 0.11956787109375
0.00744628906249997 -0.310791015625 0.00906372070312498 0.165481567382812
0.190811157226562 -0.243682861328125 -0.0647811889648437 0.00495529174804686
0.32611083984375 -0.111328125 0.190673828125 -0.0877685546875
0.180343627929688 0.076141357421875 0.324554443359375 -0.239349365234375
0.212127685546875 0.00433349609375 0.340850830078125 -0.207550048828125
0.1656494140625 -0.150070190429688 0.226089477539062 -0.187271118164063
0.000778198242187516 -0.169174194335938 0.131668090820313 -0.19830322265625
-0.106254577636719 -0.111297607421875 0.06341552734375 -0.15313720703125
-0.142013549804687 0.0155029296875 0.0505905151367187 -0.107276916503906
-0.105857849121094 0.09613037109375 0.0800247192382813 -0.137222290039063
-0.111419677734375 0.104545593261719 0.117324829101562 -0.1719970703125
-0.111785888671875 0.137939453125 0.173919677734375 -0.191619873046875
-0.135597229003906 0.100074768066406 0.249313354492187 -0.12091064453125
-0.19122314453125 0.00976562499999999 0.239395141601563 -0.0193939208984375
-0.152786254882813 -0.120513916015625 0.167587280273438 0.113677978515625
0.0445556640625 -0.231063842773438 0.0258331298828125 0.1611328125
0.186370849609375 -0.1353759765625 -0.0219764709472656 -0.0257244110107422
0.239471435546875 0.0036163330078125 0.280807495117188 -0.0991668701171875
-0.0920028686523438 -0.0975112915039062 -0.295196533203125 0.15234375
-0.106498718261719 0.0449905395507813 -0.00789260864257813 0.0521316528320312
-0.0195465087890625 0.1029052734375 -0.0305633544921875 -0.162460327148438
0.0634765625 0.069091796875 -0.20159912109375 -0.147598266601563
0.0881729125976562 0.003692626953125 -0.264816284179688 0.001556396484375
0.0619010925292969 -0.0591087341308594 -0.252212524414063 0.153060913085937
0.0318756103515625 -0.0522613525390625 -0.154464721679688 0.243545532226562
0.0338096618652344 -0.0382537841796875 -0.105850219726562 0.208099365234375
0.0389518737792969 -0.0321273803710938 -0.07659912109375 0.177032470703125
0.0392189025878906 -0.0017242431640625 -0.0750579833984375 0.14569091796875
0.0165824890136719 0.037933349609375 -0.067779541015625 0.158767700195313
-0.0520286560058594 0.054168701171875 -0.123199462890625 0.193618774414062
-0.0979766845703125 -0.0216140747070312 -0.234130859375 0.18206787109375
-0.0823135375976563 -0.107650756835937 -0.317230224609375 0.236480712890625
-0.041015625 -0.164443969726562 -0.349395751953125 0.250091552734375
0.0478668212890625 -0.195770263671875 -0.320648193359375 0.10870361328125
-0.0383987426757813 -0.0746231079101563 -0.0242500305175781 0.0366897583007812
-0.0409889221191406 -0.0340156555175781 -0.022735595703125 -0.191070556640625
-0.0215625762939453 -0.00188827514648437 -0.203872680664062 -0.178482055664063
-0.0171775817871094 -0.00336265563964844 -0.281524658203125 -0.025146484375
-0.0144987106323242 0.001007080078125 -0.263320922851563 0.148651123046875
-0.0193576812744141 0.0341358184814453 -0.15447998046875 0.242507934570313
-0.0298881530761719 0.0377426147460938 -0.0958404541015625 0.199264526367188
-0.0253257751464844 0.0484085083007813 -0.0629730224609375 0.173843383789062
-0.0455818176269531 0.0355033874511719 -0.052001953125 0.1474609375
-0.0799407958984375 0.0118179321289063 -0.0413360595703125 0.155349731445313
-0.115913391113281 -0.0421218872070312 -0.0998687744140625 0.2010498046875
-0.0605926513671875 -0.155715942382813 -0.19952392578125 0.195877075195312
0.011871337890625 -0.211624145507813 -0.28399658203125 0.237884521484375
0.109512329101563 -0.244049072265625 -0.31890869140625 0.220672607421875
0.195663452148438 -0.258773803710938 -0.2940673828125 0.03515625
0.0651092529296875 -0.184051513671875 -0.0120172500610352 -0.00500965118408204
-0.033966064453125 -0.191207885742188 0.00126647949218752 -0.229171752929687
-0.101097106933594 -0.0990447998046875 -0.186874389648438 -0.218276977539063
-0.127243041992188 -0.0314712524414063 -0.275985717773438 -0.066864013671875
-0.101173400878906 0.050445556640625 -0.25579833984375 0.121932983398437
-0.0746231079101562 0.112274169921875 -0.139907836914063 0.211044311523437
-0.0914306640625 0.108055114746094 -0.069976806640625 0.159912109375
-0.0797500610351562 0.127777099609375 -0.0301666259765625 0.141433715820312
-0.114791870117188 0.0838241577148438 -0.00522613525390626 0.127639770507813
-0.167587280273438 0.0138397216796875 0.00740051269531248 0.139389038085937
-0.187667846679688 -0.098663330078125 -0.0525054931640625 0.2034912109375
-0.05908203125 -0.263931274414063 -0.1468505859375 0.20965576171875
0.066925048828125 -0.3006591796875 -0.234710693359375 0.222518920898437
0.226287841796875 -0.301605224609375 -0.243942260742188 0.170669555664062
0.323944091796875 -0.27001953125 -0.21124267578125 -0.0538787841796875
0.183395385742188 -0.255447387695313 0.03399658203125 -0.0653419494628906
0.010009765625 -0.33428955078125 0.0453338623046875 -0.2626953125
-0.152145385742188 -0.207611083984375 -0.140838623046875 -0.254913330078125
-0.218582153320313 -0.0785980224609375 -0.238082885742187 -0.113983154296875
-0.181838989257813 0.0780181884765625 -0.221343994140625 0.0762939453125
-0.123748779296875 0.167449951171875 -0.1090087890625 0.153427124023438
-0.139007568359375 0.161895751953125 -0.0332489013671875 0.0988006591796875
-0.117828369140625 0.192398071289063 0.0121002197265625 0.0838241577148438
-0.160430908203125 0.132186889648438 0.051605224609375 0.0847854614257813
-0.23358154296875 0.0341949462890625 0.0628890991210937 0.106025695800781
-0.247024536132813 -0.119552612304688 0.00595092773437499 0.189498901367188
-0.07598876953125 -0.330841064453125 -0.0881195068359375 0.2108154296875
0.09320068359375 -0.35498046875 -0.181991577148437 0.185501098632812
0.3023681640625 -0.32464599609375 -0.14404296875 0.103775024414063
0.395751953125 -0.230560302734375 -0.08221435546875 -0.138534545898438
0.2825927734375 -0.267852783203125 0.108993530273438 -0.1275634765625
0.0794677734375 -0.4146728515625 0.102264404296875 -0.275466918945313
-0.156402587890625 -0.29022216796875 -0.06915283203125 -0.27081298828125
-0.266311645507813 -0.126739501953125 -0.167526245117188 -0.15069580078125
-0.235000610351562 0.08380126953125 -0.159378051757813 0.021148681640625
-0.1549072265625 0.193572998046875 -0.063629150390625 0.0772171020507813
-0.164764404296875 0.191192626953125 0.00775909423828124 0.0243511199951172
-0.136947631835938 0.231689453125 0.0554466247558594 0.00969696044921876
-0.180801391601563 0.166152954101563 0.106292724609375 0.0245361328125
-0.268173217773438 0.056488037109375 0.114219665527344 0.0599441528320313
-0.276229858398438 -0.120407104492187 0.060943603515625 0.160797119140625
-0.08251953125 -0.35455322265625 -0.0377197265625 0.195327758789062
0.114471435546875 -0.363189697265625 -0.137535095214844 0.1297607421875
0.337615966796875 -0.303985595703125 -0.0347003936767578 0.0252151489257812
0.393035888671875 -0.15179443359375 0.0674591064453125 -0.204803466796875
0.32708740234375 -0.21600341796875 0.195877075195313 -0.176803588867187
0.144622802734375 -0.404022216796875 0.156158447265625 -0.261520385742187
-0.11859130859375 -0.312469482421875 0.00968933105468751 -0.259323120117188
-0.256423950195313 -0.152374267578125 -0.0802917480468751 -0.16650390625
-0.244644165039062 0.0721130371093749 -0.0818023681640625 -0.0321502685546875
-0.160110473632813 0.188949584960938 -0.013087272644043 -0.00548934936523436
-0.166183471679688 0.191497802734375 0.0462455749511719 -0.053375244140625
-0.139739990234375 0.23583984375 0.0935592651367187 -0.0704345703125
-0.179580688476562 0.172760009765625 0.154800415039063 -0.040069580078125
-0.269012451171875 0.06134033203125 0.157379150390625 0.013427734375
-0.267410278320313 -0.118179321289063 0.105552673339844 0.128395080566406
-0.061248779296875 -0.344146728515625 -0.00112915039062499 0.175796508789062
0.139617919921875 -0.326141357421875 -0.100372314453125 0.0672683715820312
0.337615966796875 -0.23773193359375 0.073150634765625 -0.048187255859375
0.314788818359375 -0.049835205078125 0.203598022460938 -0.243804931640625
0.29632568359375 -0.1231689453125 0.270065307617188 -0.208450317382813
0.16815185546875 -0.305755615234375 0.191696166992187 -0.228775024414063
-0.065155029296875 -0.262725830078125 0.07476806640625 -0.229461669921875
-0.199081420898437 -0.140884399414063 -0.00267028808593752 -0.163223266601563
-0.208450317382812 0.0524444580078125 -0.00837707519531252 -0.075714111328125
-0.13739013671875 0.156005859375 0.0340957641601562 -0.0821533203125
-0.142425537109375 0.163299560546875 0.0765914916992187 -0.124526977539062
-0.12457275390625 0.205078125 0.124588012695312 -0.144744873046875
-0.158889770507812 0.151535034179688 0.195953369140625 -0.09832763671875
-0.238845825195313 0.049713134765625 0.194976806640625 -0.021209716796875
-0.226028442382813 -0.114944458007812 0.141372680664063 0.105209350585937
-0.021728515625 -0.301177978515625 0.0238494873046875 0.15936279296875
0.162887573242187 -0.2510986328125 -0.0634078979492187 0.0132484436035156
0.30462646484375 -0.137451171875 0.17376708984375 -0.100830078125
0.179855346679688 0.0567626953125 0.29290771484375 -0.256256103515625
0.203125 -0.0146026611328125 0.31256103515625 -0.22393798828125
0.143417358398438 -0.159133911132813 0.20159912109375 -0.196029663085938
-0.0142822265625 -0.160842895507813 0.111541748046875 -0.201431274414062
-0.112037658691406 -0.095703125 0.0476226806640625 -0.153289794921875
-0.134857177734375 0.0284881591796875 0.04168701171875 -0.1085205078125
-0.09185791015625 0.101043701171875 0.0652999877929688 -0.140327453613281
-0.09649658203125 0.110618591308594 0.096282958984375 -0.177383422851563
-0.0933990478515625 0.143203735351562 0.14923095703125 -0.2025146484375
-0.118843078613281 0.107933044433594 0.230667114257812 -0.139389038085937
-0.180618286132813 0.0283050537109375 0.229293823242187 -0.03778076171875
-0.158309936523437 -0.1002197265625 0.171051025390625 0.0965423583984375
0.0218505859375 -0.22686767578125 0.03955078125 0.15338134765625
0.16802978515625 -0.147018432617188 -0.0259056091308594 -0.0213184356689453
0.230819702148438 -0.018035888671875 0.258621215820313 -0.119247436523438
-0.0925521850585937 -0.0844192504882813 -0.266326904296875 0.1612548828125
-0.0971603393554688 0.0483856201171875 -0.00198745727539063 0.0478134155273438
-0.011749267578125 0.0960159301757812 -0.0384674072265625 -0.152618408203125
0.0648384094238281 0.0597572326660156 -0.199844360351563 -0.12811279296875
0.08306884765625 -0.0040435791015625 -0.250442504882813 0.016265869140625
0.0523796081542969 -0.0607109069824219 -0.230758666992188 0.160446166992188
0.0245170593261719 -0.0503158569335938 -0.131057739257813 0.240798950195313
0.0280952453613281 -0.0372390747070313 -0.086090087890625 0.205947875976563
0.0331439971923828 -0.0323982238769531 -0.0599212646484375 0.174697875976563
0.0349903106689453 -0.00450897216796875 -0.0623016357421875 0.144378662109375
0.0171089172363281 0.0328216552734375 -0.0539398193359375 0.155853271484375
-0.0448150634765625 0.0532760620117188 -0.103958129882813 0.191696166992188
-0.0924835205078125 -0.0146331787109375 -0.211761474609375 0.185470581054688
-0.0830764770507812 -0.0966415405273438 -0.284942626953125 0.241943359375
-0.04937744140625 -0.15252685546875 -0.315216064453125 0.25732421875
0.0330810546875 -0.186859130859375 -0.2923583984375 0.123321533203125
-0.0389938354492188 -0.0694198608398438 -0.017242431640625 0.0354042053222656
-0.0410614013671875 -0.031097412109375 -0.03338623046875 -0.179397583007813
-0.020660400390625 -0.00111770629882812 -0.20263671875 -0.157470703125
-0.0158615112304688 -0.00300121307373047 -0.26776123046875 -0.00759887695312506
-0.015019416809082 0.000402450561523436 -0.241439819335938 0.156814575195313
-0.0177898406982422 0.0335292816162109 -0.130477905273438 0.239669799804688
-0.0278129577636719 0.0387077331542969 -0.077301025390625 0.195892333984375
-0.0208892822265625 0.0471763610839844 -0.04718017578125 0.16973876953125
-0.0421791076660156 0.0357933044433594 -0.040008544921875 0.144271850585937
-0.0756072998046875 0.0147628784179688 -0.0290985107421875 0.150177001953125
-0.111473083496094 -0.0325164794921875 -0.0817108154296875 0.198440551757813
-0.0649261474609375 -0.14453125 -0.17755126953125 0.19677734375
-4.57763671874923E-05 -0.2012939453125 -0.25396728515625 0.243179321289063
0.0890045166015625 -0.237213134765625 -0.28753662109375 0.228179931640625
0.169113159179688 -0.255508422851563 -0.270965576171875 0.0534515380859375
0.052001953125 -0.179718017578125 -0.00777339935302734 -0.00362873077392579
-0.0446319580078125 -0.1793212890625 -0.0135955810546875 -0.21636962890625
-0.10150146484375 -0.0883102416992187 -0.188400268554687 -0.195648193359375
-0.121849060058594 -0.0219879150390625 -0.264663696289063 -0.048492431640625
-0.0934219360351563 0.052154541015625 -0.234573364257812 0.130081176757813
-0.0643463134765625 0.109947204589844 -0.118682861328125 0.20928955078125
-0.0806732177734375 0.109146118164062 -0.0562591552734375 0.156982421875
-0.066741943359375 0.1260986328125 -0.0183486938476562 0.135940551757813
-0.103736877441406 0.0858688354492188 0.00393676757812499 0.121528625488281
-0.158279418945312 0.0224456787109375 0.016265869140625 0.132743835449219
-0.183609008789063 -0.0814208984375 -0.035797119140625 0.198867797851563
-0.0712432861328125 -0.247940063476563 -0.127212524414062 0.207534790039062
0.047149658203125 -0.28814697265625 -0.2076416015625 0.2257080078125
0.197235107421875 -0.30029296875 -0.219711303710938 0.177993774414062
0.28851318359375 -0.27520751953125 -0.198959350585937 -0.034210205078125
0.160400390625 -0.254501342773438 0.0326309204101563 -0.0616607666015625
-0.0125732421875 -0.31854248046875 0.025421142578125 -0.249664306640625
-0.1561279296875 -0.187042236328125 -0.147857666015625 -0.233871459960938
-0.21142578125 -0.060028076171875 -0.231170654296875 -0.09442138671875
-0.166275024414063 0.0841064453125 -0.203445434570313 0.0840911865234375
-0.106597900390625 0.165267944335938 -0.0922393798828125 0.151412963867187
-0.121841430664062 0.16387939453125 -0.0254364013671875 0.0963134765625
-0.0975494384765625 0.189682006835938 0.0172195434570312 0.077728271484375
-0.14288330078125 0.134323120117187 0.0550155639648437 0.0765457153320313
-0.21826171875 0.0464324951171875 0.066986083984375 0.0974502563476563
-0.241561889648438 -0.09759521484375 0.0186920166015625 0.18206787109375
-0.092742919921875 -0.309967041015625 -0.0710601806640625 0.204742431640625
0.067901611328125 -0.341705322265625 -0.160797119140625 0.188369750976563
0.265960693359375 -0.32708740234375 -0.129745483398438 0.107452392578125
0.35833740234375 -0.2415771484375 -0.08209228515625 -0.121627807617188
0.253128051757813 -0.270751953125 0.0989990234375 -0.123863220214844
0.04705810546875 -0.39990234375 0.0787506103515625 -0.264816284179688
-0.165603637695312 -0.265274047851563 -0.0809783935546875 -0.252471923828125
-0.259567260742188 -0.1015625 -0.166534423828125 -0.13275146484375
-0.216064453125 0.0938873291015625 -0.147384643554688 0.02801513671875
-0.133270263671875 0.191650390625 -0.0543746948242188 0.0760040283203125
-0.143844604492188 0.193115234375 0.00760650634765624 0.0216026306152344
-0.112716674804688 0.228103637695312 0.0533561706542969 0.00384902954101564
-0.159088134765625 0.166976928710938 0.103004455566406 0.015533447265625
-0.247482299804687 0.0704193115234376 0.11181640625 0.050689697265625
-0.268692016601563 -0.095184326171875 0.0686187744140625 0.151168823242187
-0.1007080078125 -0.33184814453125 -0.0236663818359375 0.187744140625
0.086151123046875 -0.350372314453125 -0.123062133789062 0.13336181640625
0.30059814453125 -0.3095703125 -0.031646728515625 0.0267181396484375
0.3604736328125 -0.168182373046875 0.0548858642578125 -0.192642211914063
0.297760009765625 -0.2255859375 0.1776123046875 -0.175323486328125
0.108551025390625 -0.391937255859375 0.130630493164063 -0.253311157226563
-0.1317138671875 -0.28741455078125 -0.00506591796875001 -0.245925903320313
-0.25201416015625 -0.1265869140625 -0.08587646484375 -0.15301513671875
-0.22515869140625 0.08306884765625 -0.0770645141601563 -0.026641845703125
-0.13775634765625 0.187667846679687 -0.0114402770996094 -0.00597000122070311
-0.144546508789062 0.1925048828125 0.0380859375 -0.0546989440917969
-0.113998413085938 0.232192993164062 0.083587646484375 -0.0746841430664062
-0.156951904296875 0.174209594726563 0.14434814453125 -0.0492706298828125
-0.247756958007813 0.076629638671875 0.149795532226562 0.0042572021484375
-0.260299682617188 -0.0924835205078125 0.108505249023437 0.117782592773438
-0.081512451171875 -0.322967529296875 0.00999450683593748 0.166015625
0.1116943359375 -0.317291259765625 -0.0919418334960938 0.0720977783203125
0.305694580078125 -0.248046875 0.0650405883789063 -0.0495758056640625
0.293212890625 -0.066802978515625 0.179779052734375 -0.238357543945313
0.272705078125 -0.134506225585938 0.245880126953125 -0.209518432617188
0.1363525390625 -0.300628662109375 0.167083740234375 -0.2247314453125
-0.0770263671875 -0.242828369140625 0.057830810546875 -0.220748901367188
-0.196334838867188 -0.118316650390625 -0.0124053955078125 -0.154190063476563
-0.192031860351563 0.06280517578125 -0.00986480712890627 -0.072540283203125
-0.118804931640625 0.155487060546875 0.0277862548828125 -0.0814285278320312
-0.123626708984375 0.163986206054688 0.0620651245117188 -0.123870849609375
-0.102081298828125 0.201812744140625 0.107574462890625 -0.146804809570313
-0.138473510742188 0.152984619140625 0.179855346679688 -0.107391357421875
-0.220046997070312 0.0637054443359375 0.183242797851563 -0.0306854248046875
-0.22100830078125 -0.0915374755859375 0.14068603515625 0.09271240234375
-0.041015625 -0.2841796875 0.0322723388671875 0.148880004882812
0.138534545898437 -0.247329711914062 -0.0612144470214844 0.018707275390625
0.279251098632813 -0.150863647460938 0.155868530273438 -0.104705810546875
0.172042846679687 0.0422210693359375 0.262847900390625 -0.256698608398438
0.189804077148438 -0.02728271484375 0.283447265625 -0.228790283203125
0.1229248046875 -0.159637451171875 0.181198120117188 -0.194732666015625
-0.02294921875 -0.149444580078125 0.093475341796875 -0.196060180664063
-0.111663818359375 -0.0819854736328125 0.035797119140625 -0.148056030273438
-0.124702453613281 0.0357894897460938 0.0349502563476563 -0.105758666992187
-0.0789260864257813 0.100028991699219 0.052978515625 -0.138633728027344
-0.0830078125 0.110794067382812 0.077667236328125 -0.175399780273438
-0.076507568359375 0.142501831054688 0.126419067382813 -0.202713012695313
-0.1036376953125 0.108695983886719 0.20904541015625 -0.148422241210938
-0.166717529296875 0.03936767578125 0.214065551757812 -0.0492095947265625
-0.15631103515625 -0.082244873046875 0.167404174804688 0.081787109375
0.00445556640625 -0.21612548828125 0.0467071533203125 0.142349243164063
0.149978637695313 -0.150314331054687 -0.0280342102050781 -0.0163402557373047
0.215988159179688 -0.0329742431640625 0.234130859375 -0.127731323242188
-0.0902786254882813 -0.0743026733398438 -0.244033813476562 0.162200927734375
-0.0896377563476563 0.0486831665039063 0.00117874145507812 0.043975830078125
-0.00752258300781249 0.0902786254882813 -0.040771484375 -0.14410400390625
0.064483642578125 0.0526695251464844 -0.19384765625 -0.115951538085938
0.0783309936523438 -0.009033203125 -0.2371826171875 0.022857666015625
0.0439910888671875 -0.0602874755859375 -0.214645385742188 0.162445068359375
0.0186309814453125 -0.0467453002929688 -0.11474609375 0.233749389648438
0.0236930847167969 -0.0349197387695313 -0.072662353515625 0.200286865234375
0.0289249420166016 -0.0310764312744141 -0.048553466796875 0.169540405273438
0.031097412109375 -0.00542831420898437 -0.05377197265625 0.140731811523438
0.015899658203125 0.0288677215576172 -0.04547119140625 0.14996337890625
-0.0392303466796875 0.0518417358398438 -0.0913543701171875 0.186325073242188
-0.0853805541992188 -0.010650634765625 -0.196151733398438 0.183441162109375
-0.0810928344726563 -0.0892257690429687 -0.260818481445313 0.238662719726562
-0.05291748046875 -0.14129638671875 -0.2901611328125 0.25262451171875
0.0254974365234375 -0.176467895507813 -0.269058227539063 0.127471923828125
-0.0379409790039062 -0.0652885437011719 -0.0120162963867187 0.0335884094238281
-0.0407218933105469 -0.0296401977539063 -0.0381011962890625 -0.1688232421875
-0.0185356140136719 -0.00193023681640625 -0.198394775390625 -0.1435546875
-0.0155467987060547 -0.00375175476074219 -0.253570556640625 1.52587890624951E-05
-0.0160131454467773 0.000362396240234377 -0.224273681640625 0.156982421875
-0.0169315338134766 0.0336666107177734 -0.114349365234375 0.233047485351562
-0.0263710021972656 0.0391044616699219 -0.06573486328125 0.190567016601563
-0.0186805725097656 0.0464706420898437 -0.036376953125 0.164016723632813
-0.0398330688476563 0.0345840454101563 -0.0323486328125 0.139427185058594
-0.0724868774414063 0.0151138305664062 -0.0218505859375 0.14483642578125
-0.106666564941406 -0.0276031494140625 -0.069580078125 0.192718505859375
-0.0654525756835938 -0.135894775390625 -0.163070678710938 0.193511962890625
-0.00549316406250001 -0.190567016601563 -0.232101440429687 0.238800048828125
0.0764007568359375 -0.227813720703125 -0.2650146484375 0.22650146484375
0.151153564453125 -0.247207641601563 -0.251205444335938 0.0617523193359375
0.0448760986328125 -0.173477172851563 -0.00375723838806152 -0.00258231163024903
-0.0498809814453125 -0.170242309570312 -0.020782470703125 -0.203567504882813
-0.0988540649414063 -0.0809478759765625 -0.185226440429688 -0.180877685546875
-0.116363525390625 -0.0169296264648438 -0.251693725585937 -0.03790283203125
-0.0870132446289063 0.0522613525390625 -0.217941284179688 0.131027221679687
-0.0576171875 0.107307434082031 -0.10369873046875 0.202423095703125
-0.0731430053710938 0.108558654785156 -0.0480499267578125 0.151947021484375
-0.0582199096679688 0.1220703125 -0.0116653442382812 0.130722045898438
-0.0957412719726562 0.0848312377929688 0.00830078124999999 0.115829467773438
-0.14990234375 0.025787353515625 0.0204544067382813 0.126296997070313
-0.177871704101563 -0.0710296630859375 -0.025390625 0.19232177734375
-0.0765533447265625 -0.234481811523438 -0.114059448242187 0.202056884765625
0.0366058349609375 -0.274871826171875 -0.189376831054688 0.22308349609375
0.1766357421875 -0.292938232421875 -0.202072143554688 0.176589965820312
0.2626953125 -0.269302368164063 -0.184661865234375 -0.022735595703125
0.14508056640625 -0.248565673828125 0.032562255859375 -0.0576400756835938
-0.025726318359375 -0.3021240234375 0.0146942138671875 -0.236221313476563
-0.15478515625 -0.172088623046875 -0.146697998046875 -0.2174072265625
-0.203414916992187 -0.048828125 -0.222061157226563 -0.0823974609375
-0.154983520507813 0.085693359375 -0.1890869140625 0.0850372314453125
-0.0948944091796875 0.16064453125 -0.0814056396484375 0.146499633789063
-0.109710693359375 0.161224365234375 -0.0215072631835938 0.0924072265625
-0.0838623046875 0.1834716796875 0.0197372436523438 0.0731658935546875
-0.13031005859375 0.131629943847656 0.0559158325195313 0.0702590942382813
-0.204559326171875 0.052154541015625 0.0675048828125 0.0915603637695313
-0.233688354492187 -0.0825653076171875 0.0259552001953125 0.17535400390625
-0.099395751953125 -0.292510986328125 -0.0615692138671875 0.197128295898438
0.054351806640625 -0.325958251953125 -0.1461181640625 0.18609619140625
0.2420654296875 -0.322174072265625 -0.119209289550781 0.106735229492188
0.33062744140625 -0.241424560546875 -0.077880859375 -0.109451293945313
0.23193359375 -0.266952514648437 0.093719482421875 -0.117935180664063
0.028778076171875 -0.381103515625 0.0647125244140625 -0.25079345703125
-0.165802001953125 -0.244903564453125 -0.0848541259765625 -0.236541748046875
-0.250137329101563 -0.0858306884765625 -0.162017822265625 -0.121200561523438
-0.200790405273437 0.095794677734375 -0.136978149414063 0.0299072265625
-0.118621826171875 0.185211181640625 -0.0474624633789062 0.0731964111328125
-0.12945556640625 0.190231323242188 0.00692749023437499 0.020620346069336
-0.095184326171875 0.220169067382813 0.0499076843261719 0.000492095947265638
-0.1431884765625 0.163589477539062 0.0987014770507812 0.00965881347656251
-0.230621337890625 0.07574462890625 0.10870361328125 0.0454864501953125
-0.258407592773438 -0.0794525146484375 0.0719451904296875 0.143722534179688
-0.109222412109375 -0.313079833984375 -0.0169677734375 0.1793212890625
0.07037353515625 -0.3363037109375 -0.112503051757813 0.132415771484375
0.274444580078125 -0.307037353515625 -0.0297431945800781 0.0267009735107422
0.33563232421875 -0.1700439453125 0.048492431640625 -0.180923461914062
0.274688720703125 -0.224639892578125 0.16595458984375 -0.169296264648438
0.085784912109375 -0.376220703125 0.11572265625 -0.241561889648438
-0.1353759765625 -0.2666015625 -0.012298583984375 -0.232666015625
-0.244140625 -0.1094970703125 -0.0860443115234375 -0.142181396484375
-0.20953369140625 0.086944580078125 -0.0717926025390625 -0.0242080688476562
-0.1239013671875 0.18218994140625 -0.0103139877319336 -0.00643920898437499
-0.1302490234375 0.18963623046875 0.0328178405761719 -0.0541114807128906
-0.0971832275390625 0.224090576171875 0.0751495361328125 -0.0750808715820312
-0.140640258789063 0.169708251953125 0.135581970214844 -0.053436279296875
-0.229827880859375 0.0819091796875 0.142379760742187 -0.000183105468749995
-0.250320434570313 -0.0763092041015625 0.107803344726562 0.110382080078125
-0.090606689453125 -0.303802490234375 0.01470947265625 0.15728759765625
0.094482421875 -0.3050537109375 -0.0855865478515625 0.0737686157226563
0.281219482421875 -0.24896240234375 0.0582504272460938 -0.0482940673828125
0.2745361328125 -0.0743408203125 0.165130615234375 -0.229156494140625
0.253662109375 -0.137847900390625 0.227996826171875 -0.204315185546875
0.115875244140625 -0.289154052734375 0.151535034179688 -0.215103149414063
-0.08154296875 -0.226577758789062 0.048553466796875 -0.210861206054688
-0.190231323242188 -0.103988647460937 -0.016571044921875 -0.145767211914063
-0.178604125976563 0.066162109375 -0.00990676879882814 -0.0698204040527344
-0.105712890625 0.150802612304688 0.0236663818359375 -0.0797119140625
-0.110580444335937 0.160995483398438 0.0528411865234375 -0.120857238769531
-0.0868682861328125 0.195449829101563 0.094818115234375 -0.145370483398438
-0.123458862304688 0.149261474609375 0.166641235351563 -0.110031127929687
-0.203292846679688 0.069244384765625 0.172836303710937 -0.0346527099609375
-0.212448120117187 -0.0767669677734375 0.136863708496094 0.0845260620117187
-0.0513153076171875 -0.268783569335938 0.035491943359375 0.139839172363281
0.12237548828125 -0.240081787109375 -0.0592269897460937 0.0214729309082031
0.258468627929687 -0.154754638671875 0.141860961914063 -0.104278564453125
0.162872314453125 0.033203125 0.242111206054688 -0.248977661132813
0.177352905273437 -0.031890869140625 0.262939453125 -0.22308349609375
0.108016967773438 -0.15570068359375 0.166397094726562 -0.187973022460937
-0.02655029296875 -0.13897705078125 0.0839691162109375 -0.188583374023438
-0.108200073242188 -0.0723114013671875 0.0284881591796875 -0.14093017578125
-0.115745544433594 0.0388870239257813 0.031646728515625 -0.103507995605469
-0.0700912475585938 0.097015380859375 0.0446319580078125 -0.135398864746094
-0.0746841430664063 0.108695983886719 0.065093994140625 -0.170150756835937
-0.0648727416992188 0.137237548828125 0.109939575195313 -0.198867797851563
-0.092529296875 0.106613159179688 0.192184448242187 -0.150680541992188
-0.154129028320313 0.044219970703125 0.201004028320313 -0.0522918701171875
-0.150482177734375 -0.0700531005859375 0.161880493164063 0.073577880859375
-0.00587463378906248 -0.205459594726562 0.0492324829101563 0.133529663085938
0.135528564453125 -0.148208618164063 -0.0293865203857422 -0.0116825103759766
0.202835083007813 -0.0403289794921875 0.213882446289063 -0.128097534179688
-0.0866851806640625 -0.0679092407226563 -0.229934692382813 0.161727905273437
-0.0848236083984375 0.0484695434570312 0.00352096557617187 0.0426406860351563
-0.00579071044921876 0.0866241455078125 -0.0416717529296875 -0.138290405273438
0.0639915466308594 0.0479316711425781 -0.190093994140625 -0.109115600585938
0.0743942260742187 -0.0123977661132813 -0.229217529296875 0.0252227783203125
0.0385208129882813 -0.0583724975585937 -0.205062866210938 0.162368774414063
0.0157318115234375 -0.0433998107910156 -0.104827880859375 0.230422973632812
0.0211162567138672 -0.0332202911376953 -0.0640106201171875 0.197036743164062
0.0258998870849609 -0.0300502777099609 -0.04083251953125 0.16619873046875
0.0279865264892578 -0.00626945495605469 -0.0489654541015625 0.1387939453125
0.0144367218017578 0.0264663696289063 -0.041259765625 0.147811889648438
-0.0354804992675781 0.0495376586914063 -0.0841064453125 0.182861328125
-0.0814208984375 -0.00892639160156248 -0.186370849609375 0.180450439453125
-0.0795364379882812 -0.0845565795898438 -0.246551513671875 0.233718872070312
-0.0543136596679688 -0.13427734375 -0.275650024414063 0.247604370117187
0.0220184326171875 -0.168838500976563 -0.253204345703125 0.128814697265625
-0.0371360778808594 -0.0631599426269531 -0.00891876220703125 0.0327739715576172
-0.0404930114746094 -0.0286712646484375 -0.0393218994140625 -0.162399291992188
-0.0175333023071289 -0.00248146057128906 -0.1943359375 -0.135360717773437
-0.0156421661376953 -0.00426387786865235 -0.245559692382813 0.00312805175781251
-0.0175189971923828 0.000723838806152345 -0.214202880859375 0.1568603515625
-0.0167064666748047 0.0342731475830078 -0.104278564453125 0.228424072265625
-0.025482177734375 0.0403251647949219 -0.058074951171875 0.187286376953125
-0.0178298950195312 0.0455474853515625 -0.0302734375 0.160797119140625
-0.0393218994140625 0.0343551635742188 -0.0282440185546875 0.136421203613281
-0.0709991455078125 0.0146713256835938 -0.018035888671875 0.141159057617187
-0.102981567382813 -0.0246963500976562 -0.0623931884765625 0.189788818359375
-0.0644378662109375 -0.131187438964844 -0.155029296875 0.190567016601563
-0.00724792480468749 -0.184295654296875 -0.218429565429687 0.23486328125
0.069244384765625 -0.221725463867188 -0.251174926757813 0.223358154296875
0.142059326171875 -0.2401123046875 -0.237213134765625 0.0654754638671875
0.0414886474609375 -0.16937255859375 -0.000398516654968259 -0.00147688388824464
-0.0531005859375 -0.1641845703125 -0.0238800048828125 -0.194625854492188
-0.0972213745117187 -0.0775299072265625 -0.181915283203125 -0.171966552734375
-0.113304138183594 -0.0138702392578125 -0.24395751953125 -0.0335845947265625
-0.0842819213867188 0.0518341064453125 -0.208267211914062 0.130325317382812
-0.0532913208007813 0.105262756347656 -0.095062255859375 0.19854736328125
-0.068878173828125 0.108505249023438 -0.042327880859375 0.15020751953125
-0.0533370971679687 0.119552612304687 -0.00725555419921875 0.127212524414063
-0.0911788940429688 0.08331298828125 0.0109481811523438 0.1126708984375
-0.14508056640625 0.026947021484375 0.0230026245117188 0.12286376953125
-0.173233032226563 -0.0652923583984375 -0.0195770263671875 0.189483642578125
-0.0781402587890625 -0.226287841796875 -0.107421875 0.197662353515625
0.031494140625 -0.267166137695313 -0.177703857421875 0.219802856445313
0.16497802734375 -0.287750244140625 -0.191635131835938 0.174835205078125
0.249114990234375 -0.265045166015625 -0.174835205078125 -0.015869140625
0.13690185546875 -0.244384765625 0.0343894958496094 -0.0544471740722656
-0.032257080078125 -0.292388916015625 0.00930786132812501 -0.225830078125
-0.153076171875 -0.163772583007813 -0.145797729492188 -0.207672119140625
-0.197921752929688 -0.04241943359375 -0.215744018554688 -0.0772247314453125
-0.14776611328125 0.08489990234375 -0.180633544921875 0.0850830078125
-0.087860107421875 0.157180786132812 -0.0742340087890625 0.143310546875
-0.102752685546875 0.160354614257812 -0.0193099975585938 0.0907821655273438
-0.0764617919921875 0.179458618164062 0.0211982727050781 0.0701065063476563
-0.123039245605469 0.129425048828125 0.0554084777832031 0.0666694641113281
-0.196517944335938 0.0542144775390625 0.0674362182617188 0.0881271362304688
-0.227508544921875 -0.0745086669921875 0.029815673828125 0.172042846679687
-0.1038818359375 -0.283172607421875 -0.0567779541015625 0.192886352539062
0.046539306640625 -0.316925048828125 -0.137725830078125 0.1837158203125
0.227783203125 -0.318267822265625 -0.113304138183594 0.105941772460937
0.314483642578125 -0.2401123046875 -0.0733642578125 -0.101181030273437
0.2208251953125 -0.263778686523438 0.0922470092773438 -0.113990783691406
0.016937255859375 -0.36883544921875 0.0575103759765625 -0.240524291992188
-0.166091918945313 -0.2333984375 -0.085113525390625 -0.227066040039063
-0.243911743164062 -0.0769500732421875 -0.158615112304688 -0.115310668945313
-0.191482543945312 0.0963134765625 -0.1309814453125 0.029510498046875
-0.110076904296875 0.182464599609375 -0.0439987182617188 0.070709228515625
-0.120941162109375 0.189224243164063 0.00579452514648437 0.0195178985595703
-0.0860595703125 0.21453857421875 0.0474739074707031 -0.00151824951171874
-0.134048461914063 0.160354614257812 0.0961074829101562 0.00629425048828126
-0.219879150390625 0.0783538818359375 0.106216430664062 0.0429306030273438
-0.252334594726563 -0.070068359375 0.0735321044921875 0.140670776367188
-0.114105224609375 -0.301177978515625 -0.0137939453125 0.174652099609375
0.0609130859375 -0.326629638671875 -0.106803894042969 0.132339477539062
0.2596435546875 -0.304290771484375 -0.0291080474853516 0.0274028778076172
0.32086181640625 -0.170257568359375 0.0475616455078125 -0.172454833984375
0.262100219726563 -0.223968505859375 0.160171508789063 -0.164215087890625
0.0726318359375 -0.364715576171875 0.107513427734375 -0.232025146484375
-0.13580322265625 -0.255111694335938 -0.0149993896484375 -0.22418212890625
-0.238510131835937 -0.099029541015625 -0.0850372314453125 -0.136672973632813
-0.200347900390625 0.087432861328125 -0.0680160522460938 -0.0244560241699219
-0.114532470703125 0.178359985351563 -0.00948715209960938 -0.00672531127929686
-0.121490478515625 0.188507080078125 0.0289268493652344 -0.0532417297363281
-0.0868988037109375 0.218002319335937 0.06939697265625 -0.0759735107421875
-0.130645751953125 0.1658935546875 0.129653930664063 -0.05596923828125
-0.218399047851563 0.0845184326171875 0.138053894042969 -0.00150299072265624
-0.243011474609375 -0.0668640136718751 0.107162475585938 0.106834411621094
-0.096588134765625 -0.29254150390625 0.0160980224609375 0.1527099609375
0.08575439453125 -0.296783447265625 -0.0817184448242188 0.0744705200195312
0.265716552734375 -0.248641967773438 0.0544052124023438 -0.0469207763671875
0.262664794921875 -0.076934814453125 0.157485961914063 -0.221786499023438
0.241653442382813 -0.139068603515625 0.219009399414063 -0.19915771484375
0.10302734375 -0.281585693359375 0.144058227539063 -0.207595825195313
-0.0837554931640625 -0.215988159179688 0.0442352294921875 -0.204376220703125
-0.18634033203125 -0.09515380859375 -0.01800537109375 -0.140716552734375
-0.170928955078125 0.06817626953125 -0.00858306884765627 -0.0693511962890625
-0.0973968505859375 0.147415161132813 0.0206985473632812 -0.0791244506835937
-0.102951049804687 0.159927368164063 0.046905517578125 -0.119522094726562
-0.0773773193359375 0.189605712890625 0.0864105224609375 -0.143768310546875
-0.114151000976563 0.145263671875 0.158355712890625 -0.111541748046875
-0.19287109375 0.071929931640625 0.165802001953125 -0.0350189208984375
-0.206436157226563 -0.0672607421875 0.134651184082031 0.0813140869140625
-0.0577850341796875 -0.258804321289063 0.0361480712890625 0.134994506835937
0.1124267578125 -0.235565185546875 -0.0583534240722656 0.0243110656738281
0.24578857421875 -0.157562255859375 0.132926940917969 -0.102287292480469
0.157363891601562 0.0287322998046875 0.230865478515625 -0.243194580078125
0.17071533203125 -0.0344696044921875 0.250885009765625 -0.218795776367187
0.0988616943359375 -0.151992797851563 0.1597900390625 -0.182266235351563
-0.028106689453125 -0.1326904296875 0.0784149169921875 -0.18414306640625
-0.106704711914062 -0.0663223266601563 0.0254592895507812 -0.136619567871094
-0.110679626464844 0.0401611328125 0.029998779296875 -0.102127075195313
-0.0634841918945313 0.0954742431640625 0.03961181640625 -0.133460998535156
-0.0684585571289063 0.107513427734375 0.057281494140625 -0.16729736328125
-0.0578384399414063 0.133514404296875 0.0996551513671875 -0.195724487304688
-0.085296630859375 0.104957580566406 0.181594848632813 -0.15130615234375
-0.145706176757813 0.0466766357421875 0.193191528320313 -0.0532379150390625
-0.146591186523437 -0.0622711181640625 0.157028198242187 0.0690155029296875
-0.0125885009765625 -0.198226928710938 0.048919677734375 0.128631591796875
0.126815795898438 -0.14703369140625 -0.0312976837158203 -0.00885009765625002
0.193130493164063 -0.0445556640625 0.20245361328125 -0.126953125
-0.0843887329101562 -0.0632095336914063 -0.2205810546875 0.164321899414062
-0.082275390625 0.0502471923828125 0.00637435913085937 0.0410499572753906
-0.00394439697265625 0.085205078125 -0.0435943603515625 -0.136161804199219
0.0644416809082031 0.0436820983886719 -0.190643310546875 -0.103927612304687
0.0722503662109375 -0.015350341796875 -0.227386474609375 0.0288543701171876
0.0346298217773438 -0.0574417114257813 -0.19927978515625 0.166900634765625
0.0132598876953125 -0.0416069030761719 -0.0960540771484375 0.23248291015625
0.0196056365966797 -0.031829833984375 -0.056549072265625 0.198577880859375
0.0238265991210938 -0.0291919708251953 -0.034423828125 0.16668701171875
0.0257949829101563 -0.00658988952636719 -0.0452728271484375 0.140609741210938
0.0134372711181641 0.0251750946044922 -0.037506103515625 0.147232055664063
-0.0335502624511719 0.0489463806152344 -0.078887939453125 0.183029174804688
-0.078216552734375 -0.00778198242187499 -0.180770874023438 0.182357788085938
-0.0803451538085937 -0.0816726684570313 -0.238265991210937 0.234451293945313
-0.0567855834960938 -0.12933349609375 -0.266845703125 0.250457763671875
0.019805908203125 -0.166213989257812 -0.243927001953125 0.133697509765625
-0.0376510620117188 -0.0616340637207031 -0.00516700744628906 0.0329856872558594
-0.0413360595703125 -0.0281448364257813 -0.0422515869140625 -0.15863037109375
-0.0169210433959961 -0.00375938415527344 -0.194808959960938 -0.1304931640625
-0.0165042877197266 -0.00475120544433594 -0.243194580078125 0.00706481933593754
-0.0194282531738281 0.00117683410644531 -0.208999633789062 0.16119384765625
-0.0159797668457031 0.0353469848632813 -0.095947265625 0.229965209960937
-0.0246086120605469 0.0423088073730469 -0.0513916015625 0.189071655273438
-0.0169906616210938 0.0464973449707031 -0.0238800048828125 0.161712646484375
-0.0394859313964844 0.0348777770996094 -0.0243988037109375 0.13726806640625
-0.0710220336914062 0.015716552734375 -0.0146636962890625 0.14141845703125
-0.102325439453125 -0.0229339599609375 -0.0553131103515625 0.190658569335938
-0.06610107421875 -0.129585266113281 -0.148956298828125 0.191970825195313
-0.0106201171875 -0.18231201171875 -0.209884643554687 0.236434936523438
0.063232421875 -0.220626831054688 -0.242919921875 0.226516723632813
0.13592529296875 -0.239288330078125 -0.2286376953125 0.0717926025390624
0.03765869140625 -0.169479370117188 0.00304579734802246 -0.000922918319702159
-0.0581512451171875 -0.161712646484375 -0.0275115966796875 -0.190750122070313
-0.0975341796875 -0.0745468139648437 -0.184234619140625 -0.165969848632813
-0.113197326660156 -0.0110321044921875 -0.242706298828125 -0.0286712646484375
-0.083343505859375 0.0531692504882813 -0.202880859375 0.133499145507813
-0.0502471923828125 0.106880187988281 -0.0872802734375 0.199615478515625
-0.0652236938476562 0.111526489257813 -0.0373687744140625 0.151077270507812
-0.0497207641601562 0.11962890625 -0.00325012207031251 0.1268310546875
-0.0887985229492188 0.0843963623046875 0.0140151977539062 0.111953735351562
-0.143447875976563 0.0305328369140625 0.0258102416992188 0.122047424316406
-0.173233032226563 -0.060760498046875 -0.01275634765625 0.190475463867188
-0.0832366943359375 -0.223861694335938 -0.102401733398438 0.19915771484375
0.025360107421875 -0.265274047851563 -0.170272827148438 0.22149658203125
0.156158447265625 -0.289276123046875 -0.185897827148438 0.177719116210937
0.2413330078125 -0.267013549804688 -0.168701171875 -0.00997924804687504
0.1302490234375 -0.246429443359375 0.0364723205566406 -0.0533103942871094
-0.041778564453125 -0.288482666015625 0.00482177734375 -0.22088623046875
-0.155044555664063 -0.158843994140625 -0.148666381835937 -0.201507568359375
-0.197616577148438 -0.0366058349609375 -0.215164184570313 -0.07281494140625
-0.145309448242188 0.0874481201171875 -0.176651000976562 0.087310791015625
-0.082366943359375 0.15850830078125 -0.0690155029296875 0.143264770507813
-0.0973358154296875 0.165374755859375 -0.0169219970703125 0.0907669067382813
-0.069976806640625 0.179702758789063 0.0226364135742187 0.0688819885253906
-0.11865234375 0.130386352539063 0.0571441650390625 0.064910888671875
-0.193084716796875 0.057525634765625 0.0688705444335937 0.0863494873046875
-0.227203369140625 -0.0675811767578125 0.035797119140625 0.172409057617188
-0.11138916015625 -0.278427124023437 -0.0526123046875 0.192886352539062
0.039398193359375 -0.31561279296875 -0.131759643554688 0.185760498046875
0.217742919921875 -0.3223876953125 -0.110366821289062 0.108306884765625
0.30517578125 -0.244354248046875 -0.0703811645507813 -0.0956802368164063
0.2125244140625 -0.268203735351563 0.0920181274414063 -0.112602233886719
0.00634765625000003 -0.36572265625 0.0522308349609375 -0.23577880859375
-0.169509887695313 -0.226547241210937 -0.08935546875 -0.223052978515625
-0.243759155273437 -0.06964111328125 -0.159561157226563 -0.111419677734375
-0.187042236328125 0.0995635986328125 -0.128036499023438 0.0307998657226563
-0.103240966796875 0.182373046875 -0.0407180786132813 0.0704574584960938
-0.114715576171875 0.193115234375 0.00546646118164062 0.0192527770996094
-0.0788726806640625 0.215042114257813 0.0464439392089844 -0.00288391113281249
-0.12750244140625 0.160781860351562 0.0953369140625 0.00366210937500001
-0.214752197265625 0.0829620361328125 0.106575012207031 0.0403900146484375
-0.250839233398438 -0.062103271484375 0.0775680541992188 0.140411376953125
-0.123321533203125 -0.29595947265625 -0.0110015869140625 0.174118041992187
0.05279541015625 -0.325347900390625 -0.102264404296875 0.13421630859375
0.248565673828125 -0.3106689453125 -0.0294456481933594 0.028787612915039
0.312713623046875 -0.17620849609375 0.0461578369140625 -0.1693115234375
0.25372314453125 -0.22894287109375 0.157989501953125 -0.163467407226563
0.059417724609375 -0.361663818359375 0.102066040039063 -0.229141235351563
-0.140457153320313 -0.247955322265625 -0.0189666748046875 -0.221038818359375
-0.239044189453125 -0.0916900634765625 -0.0866775512695312 -0.133033752441406
-0.194778442382812 0.0921630859375 -0.0670394897460938 -0.0249176025390625
-0.107894897460937 0.178878784179688 -0.00889205932617188 -0.00824069976806639
-0.114410400390625 0.192276000976563 0.0259170532226562 -0.0541152954101562
-0.07867431640625 0.21734619140625 0.0654220581054688 -0.0774002075195313
-0.124130249023438 0.16619873046875 0.126441955566406 -0.0604019165039062
-0.21221923828125 0.08966064453125 0.136337280273438 -0.00349426269531249
-0.241744995117188 -0.0584411621093749 0.110702514648437 0.106033325195313
-0.105377197265625 -0.287628173828125 0.0181427001953125 0.151596069335937
0.07672119140625 -0.296783447265625 -0.0799331665039063 0.0783920288085937
0.25537109375 -0.254653930664062 0.0506591796875 -0.0468177795410156
0.25732421875 -0.082183837890625 0.153640747070313 -0.22015380859375
0.235458374023437 -0.144561767578125 0.214279174804688 -0.198883056640625
0.0932464599609375 -0.280975341796875 0.138946533203125 -0.20623779296875
-0.08758544921875 -0.210372924804688 0.0405731201171875 -0.203292846679687
-0.187911987304687 -0.089202880859375 -0.02008056640625 -0.138626098632813
-0.166763305664063 0.0715179443359375 -0.00886535644531251 -0.0712432861328125
-0.091796875 0.147979736328125 0.01861572265625 -0.0808486938476562
-0.0965728759765625 0.162155151367188 0.0408935546875 -0.11956787109375
-0.06951904296875 0.189483642578125 0.0794219970703125 -0.145706176757813
-0.108139038085937 0.145263671875 0.15301513671875 -0.1162109375
-0.187225341796875 0.07635498046875 0.163116455078125 -0.0378265380859375
-0.204849243164063 -0.0593719482421875 0.136138916015625 0.0789566040039063
-0.0658721923828125 -0.253890991210938 0.0377731323242187 0.133308410644531
0.104522705078125 -0.236526489257813 -0.0584030151367187 0.0275459289550781
0.237350463867188 -0.162750244140625 0.126731872558594 -0.103263854980469
0.15521240234375 0.0253753662109375 0.224990844726563 -0.243408203125
0.166839599609375 -0.0386505126953125 0.244232177734375 -0.22003173828125
0.092559814453125 -0.152297973632813 0.155838012695313 -0.18243408203125
-0.0303192138671875 -0.129508972167969 0.0751800537109375 -0.184707641601562
-0.107025146484375 -0.0619735717773437 0.0231475830078125 -0.136344909667969
-0.107864379882813 0.0434417724609375 0.0290145874023437 -0.104324340820313
-0.0595550537109375 0.09552001953125 0.0346603393554687 -0.134536743164063
-0.0638504028320313 0.109268188476562 0.04949951171875 -0.167495727539063
-0.0519790649414063 0.133506774902344 0.0908203125 -0.198043823242188
-0.0809173583984375 0.10418701171875 0.174652099609375 -0.156234741210938
-0.141204833984375 0.0508880615234375 0.18963623046875 -0.056243896484375
-0.145355224609375 -0.056396484375 0.157211303710938 0.065765380859375
-0.01947021484375 -0.195022583007813 0.0506362915039063 0.126335144042969
0.120376586914063 -0.149215698242187 -0.0334568023681641 -0.00562095642089844
0.18902587890625 -0.048980712890625 0.19415283203125 -0.128387451171875
-0.0847015380859375 -0.0589523315429688 -0.210098266601562 0.172454833984375
-0.0785751342773438 0.05322265625 0.00974273681640624 0.0403976440429688
-0.000267028808593753 0.0838623046875 -0.0480575561523437 -0.13446044921875
0.0654029846191406 0.0387458801269531 -0.19354248046875 -0.0948638916015625
0.0696907043457031 -0.0197792053222656 -0.225692749023438 0.037567138671875
0.0300369262695313 -0.0570182800292969 -0.191162109375 0.175521850585938
0.0108833312988281 -0.0404090881347656 -0.08349609375 0.236099243164063
0.0174541473388672 -0.0314388275146484 -0.044647216796875 0.201919555664063
0.0219993591308594 -0.0291461944580078 -0.0243988037109375 0.168502807617188
0.0232467651367187 -0.00749969482421875 -0.0389556884765625 0.143478393554687
0.0125045776367188 0.0239200592041016 -0.030548095703125 0.14971923828125
-0.0299606323242187 0.0492668151855469 -0.0690155029296875 0.185333251953125
-0.0770492553710938 -0.00559234619140626 -0.172409057617188 0.188064575195312
-0.0831298828125 -0.0782012939453125 -0.226699829101563 0.241165161132812
-0.0614166259765625 -0.124504089355469 -0.255844116210938 0.259719848632813
0.0151214599609375 -0.165313720703125 -0.233566284179688 0.142730712890625
-0.0388069152832031 -0.0605049133300781 -0.000143051147460941 0.0330371856689453
-0.0427970886230469 -0.0266189575195312 -0.0475921630859375 -0.155807495117187
-0.0170755386352539 -0.00451946258544922 -0.199478149414062 -0.121780395507813
-0.0176048278808594 -0.00451278686523438 -0.243057250976563 0.0164642333984375
-0.0203151702880859 0.0031585693359375 -0.201080322265625 0.169570922851562
-0.0147247314453125 0.0368766784667969 -0.0836944580078125 0.233383178710938
-0.02325439453125 0.0448951721191406 -0.040435791015625 0.191848754882813
-0.0159187316894531 0.0474014282226563 -0.015655517578125 0.162628173828125
-0.0390281677246094 0.0361824035644531 -0.0179824829101562 0.139488220214844
-0.0715255737304688 0.0183258056640625 -0.00825500488281251 0.142532348632813
-0.10308837890625 -0.0191802978515625 -0.0457763671875 0.193984985351563
-0.0703887939453125 -0.127822875976562 -0.14013671875 0.196624755859375
-0.01739501953125 -0.180831909179688 -0.198654174804687 0.242645263671875
0.054168701171875 -0.221511840820313 -0.232894897460937 0.234909057617188
0.126724243164063 -0.243515014648438 -0.220230102539062 0.081451416015625
0.031402587890625 -0.1712646484375 0.00680398941040039 -0.000307083129882823
-0.065643310546875 -0.158538818359375 -0.033935546875 -0.186599731445313
-0.0999603271484375 -0.0711746215820313 -0.189590454101563 -0.1583251953125
-0.11395263671875 -0.00605773925781249 -0.243896484375 -0.0197601318359375
-0.0812454223632813 0.0569610595703125 -0.19671630859375 0.141311645507813
-0.04461669921875 0.108673095703125 -0.0762939453125 0.202316284179688
-0.0598602294921875 0.116622924804687 -0.0295562744140625 0.153472900390625
-0.0440216064453125 0.122764587402344 0.00411987304687501 0.127677917480469
-0.0856170654296875 0.0874176025390625 0.0190811157226562 0.1114501953125
-0.1424560546875 0.0361480712890625 0.0306777954101562 0.121833801269531
-0.175674438476562 -0.0527191162109375 -0.00259399414062503 0.191696166992187
-0.09326171875 -0.220901489257812 -0.0941619873046875 0.202896118164063
0.01495361328125 -0.265823364257813 -0.159561157226563 0.227310180664062
0.1429443359375 -0.295135498046875 -0.17791748046875 0.18487548828125
0.229568481445313 -0.275360107421875 -0.16387939453125 -0.00161743164062504
0.119613647460938 -0.251937866210938 0.0380744934082031 -0.0531387329101563
-0.05584716796875 -0.285614013671875 -0.0032196044921875 -0.217132568359375
-0.160934448242188 -0.1513671875 -0.15557861328125 -0.194961547851563
-0.199295043945312 -0.02691650390625 -0.217605590820313 -0.064453125
-0.140792846679688 0.0931243896484375 -0.172088623046875 0.0925445556640625
-0.074249267578125 0.16107177734375 -0.0602264404296875 0.14520263671875
-0.088836669921875 0.171646118164063 -0.0127487182617188 0.0924453735351563
-0.0617523193359375 0.182235717773438 0.0256690979003906 0.06829833984375
-0.11224365234375 0.134857177734375 0.0596656799316406 0.0616188049316406
-0.18963623046875 0.066131591796875 0.072845458984375 0.08465576171875
-0.22943115234375 -0.0572509765625 0.0456085205078125 0.172805786132813
-0.124603271484375 -0.273193359375 -0.044525146484375 0.1953125
0.026397705078125 -0.3165283203125 -0.1224365234375 0.190750122070313
0.201751708984375 -0.331787109375 -0.105545043945312 0.113311767578125
0.29486083984375 -0.255340576171875 -0.0701370239257812 -0.0908355712890625
0.200637817382813 -0.277130126953125 0.09063720703125 -0.11395263671875
-0.012603759765625 -0.36468505859375 0.043182373046875 -0.233261108398438
-0.178848266601563 -0.217864990234375 -0.0973968505859375 -0.21795654296875
-0.2470703125 -0.05743408203125 -0.1632080078125 -0.1051025390625
-0.182159423828125 0.107147216796875 -0.125732421875 0.0336074829101563
-0.0944366455078125 0.186599731445313 -0.0359268188476563 0.0707778930664063
-0.103912353515625 0.200714111328125 0.00596427917480468 0.0200023651123047
-0.068115234375 0.217361450195313 0.0450477600097656 -0.00457000732421874
-0.119735717773438 0.164871215820313 0.0950164794921875 -0.00129699707031249
-0.208892822265625 0.09197998046875 0.108047485351562 0.0375289916992188
-0.25244140625 -0.049835205078125 0.0862808227539062 0.138771057128906
-0.138336181640625 -0.290985107421875 -0.0038909912109375 0.175094604492187
0.0384521484375 -0.32684326171875 -0.0968093872070313 0.139030456542969
0.23187255859375 -0.32183837890625 -0.0286502838134766 0.030792236328125
0.304046630859375 -0.18792724609375 0.0429840087890625 -0.167770385742188
0.242523193359375 -0.2392578125 0.153549194335938 -0.166778564453125
0.041351318359375 -0.3634033203125 0.0930633544921875 -0.228485107421875
-0.150222778320313 -0.240234375 -0.0277252197265625 -0.219528198242188
-0.242446899414062 -0.0791473388671875 -0.0909194946289063 -0.130592346191406
-0.190780639648437 0.0998382568359375 -0.0663604736328125 -0.0244674682617187
-0.097930908203125 0.182235717773438 -0.00864124298095704 -0.00896167755126952
-0.104217529296875 0.198959350585937 0.0217056274414062 -0.0545845031738281
-0.067535400390625 0.22015380859375 0.059722900390625 -0.0808334350585937
-0.115402221679687 0.169601440429688 0.122650146484375 -0.06658935546875
-0.205612182617188 0.0987091064453125 0.135810852050781 -0.00759887695312499
-0.242446899414063 -0.046783447265625 0.116493225097656 0.102775573730469
-0.120269775390625 -0.28106689453125 0.02386474609375 0.150604248046875
0.06292724609375 -0.2987060546875 -0.0777206420898438 0.0821533203125
0.241790771484375 -0.266143798828125 0.0472564697265625 -0.0474777221679688
0.253005981445313 -0.092071533203125 0.146514892578125 -0.223007202148438
0.2275390625 -0.154052734375 0.207122802734375 -0.205459594726563
0.078399658203125 -0.283721923828125 0.131881713867187 -0.208831787109375
-0.0953369140625 -0.205657958984375 0.032196044921875 -0.203598022460938
-0.19134521484375 -0.0787353515625 -0.0250091552734375 -0.138389587402344
-0.162246704101562 0.0789031982421875 -0.01080322265625 -0.0732879638671875
-0.083343505859375 0.150222778320313 0.01458740234375 -0.0822525024414062
-0.0875091552734375 0.168167114257813 0.0331192016601563 -0.120849609375
-0.0591888427734375 0.191390991210938 0.0699920654296875 -0.149505615234375
-0.100234985351563 0.148452758789062 0.145431518554688 -0.124114990234375
-0.180877685546875 0.084503173828125 0.161209106445312 -0.043243408203125
-0.204910278320313 -0.0489959716796875 0.139595031738281 0.074951171875
-0.07965087890625 -0.249481201171875 0.0420150756835937 0.131401062011719
0.091796875 -0.240020751953125 -0.058685302734375 0.0317955017089844
0.227294921875 -0.173492431640625 0.120025634765625 -0.106338500976563
0.155532836914063 0.0186920166015625 0.214981079101562 -0.249252319335938
0.16302490234375 -0.04559326171875 0.235092163085938 -0.227218627929688
0.08319091796875 -0.1556396484375 0.149398803710937 -0.187255859375
-0.0357513427734375 -0.127159118652344 0.0674896240234375 -0.1864013671875
-0.109748840332031 -0.0558013916015625 0.0180206298828125 -0.137886047363281
-0.104873657226562 0.0484466552734375 0.0245819091796875 -0.10809326171875
-0.053619384765625 0.0969772338867188 0.0271835327148438 -0.136734008789063
-0.0572357177734375 0.112823486328125 0.03875732421875 -0.168792724609375
-0.0437088012695313 0.134849548339844 0.0786590576171875 -0.201446533203125
-0.074615478515625 0.106376647949219 0.164993286132813 -0.164215087890625
-0.136192321777344 0.0558929443359375 0.1859130859375 -0.06280517578125
-0.145965576171875 -0.048492431640625 0.159591674804688 0.0597991943359375
-0.0301361083984375 -0.192138671875 0.0546340942382813 0.124198913574219
0.111251831054688 -0.154190063476563 -0.0354995727539063 -0.00238418579101564
0.183273315429688 -0.057037353515625 0.186172485351563 -0.133743286132813
-0.0839996337890625 -0.0531234741210938 -0.194381713867188 0.180068969726562
-0.0728607177734375 0.057098388671875 0.0146293640136719 0.038604736328125
0.0047760009765625 0.082244873046875 -0.053741455078125 -0.130027770996094
0.0663261413574219 0.0321388244628906 -0.19573974609375 -0.0828094482421875
0.0660972595214844 -0.0238761901855469 -0.220596313476563 0.049346923828125
0.0248031616210938 -0.05633544921875 -0.177841186523438 0.184661865234375
0.00789642333984375 -0.0387954711914063 -0.066253662109375 0.237884521484375
0.0150051116943359 -0.0309467315673828 -0.028564453125 0.20172119140625
0.0190238952636719 -0.0292606353759766 -0.0126190185546875 0.167587280273438
0.0205478668212891 -0.00888633728027344 -0.0302886962890625 0.145004272460938
0.0125293731689453 0.0223503112792969 -0.021820068359375 0.149856567382813
-0.0265617370605469 0.0493736267089844 -0.05670166015625 0.185089111328125
-0.0748443603515625 -0.00234985351562501 -0.15850830078125 0.1927490234375
-0.086151123046875 -0.071624755859375 -0.208892822265625 0.247711181640625
-0.0672225952148438 -0.117332458496094 -0.23675537109375 0.268585205078125
0.00640869140625 -0.163772583007813 -0.217544555664063 0.152664184570313
-0.0408821105957031 -0.0583953857421875 0.00502777099609375 0.0320796966552734
-0.0439338684082031 -0.0236434936523438 -0.0538177490234375 -0.149612426757813
-0.0176219940185547 -0.00477027893066406 -0.202911376953125 -0.108718872070312
-0.01849365234375 -0.00376701354980468 -0.239334106445313 0.0291290283203125
-0.0206737518310547 0.00545883178710937 -0.187774658203125 0.17889404296875
-0.0126571655273438 0.0385208129882813 -0.0666046142578125 0.234542846679687
-0.0194473266601563 0.0470924377441406 -0.025634765625 0.191986083984375
-0.0128669738769531 0.04876708984375 -0.00305175781250002 0.161834716796875
-0.0380439758300781 0.038360595703125 -0.0088958740234375 0.138984680175781
-0.0705413818359375 0.0218353271484375 0.000137329101562481 0.142303466796875
-0.102188110351562 -0.013458251953125 -0.0318450927734375 0.192398071289063
-0.0766754150390625 -0.12286376953125 -0.126541137695312 0.200210571289062
-0.02764892578125 -0.176773071289063 -0.18096923828125 0.24774169921875
0.040313720703125 -0.22003173828125 -0.215057373046875 0.243850708007812
0.111618041992187 -0.24639892578125 -0.207183837890625 0.0925750732421875
0.020965576171875 -0.171539306640625 0.0106267929077148 -2.95639038086043E-05
-0.0747833251953125 -0.151718139648437 -0.0420379638671875 -0.180511474609375
-0.102920532226563 -0.0645217895507813 -0.19482421875 -0.144134521484375
-0.11328125 0.00176239013671874 -0.241836547851563 -0.00663757324218749
-0.0771331787109375 0.0609817504882813 -0.185409545898438 0.149856567382812
-0.0371322631835938 0.109748840332031 -0.0612640380859375 0.202835083007813
-0.0511703491210938 0.120880126953125 -0.0177459716796875 0.15380859375
-0.035797119140625 0.123741149902344 0.0134124755859375 0.125938415527344
-0.0798263549804687 0.0907440185546875 0.0263214111328125 0.108993530273438
-0.13848876953125 0.0434188842773437 0.0376205444335938 0.119598388671875
-0.1756591796875 -0.0417633056640625 0.011016845703125 0.190322875976563
-0.105880737304687 -0.21282958984375 -0.08184814453125 0.204666137695313
-0.000320434570312474 -0.262222290039063 -0.143112182617188 0.231597900390625
0.123138427734375 -0.298095703125 -0.16387939453125 0.191848754882812
0.2113037109375 -0.284027099609375 -0.156478881835938 0.00807189941406248
0.103134155273438 -0.255355834960938 0.0385971069335938 -0.0531425476074219
-0.073150634765625 -0.276748657226562 -0.0130615234375 -0.211074829101563
-0.167221069335938 -0.140029907226562 -0.163864135742187 -0.182571411132813
-0.198196411132813 -0.013824462890625 -0.218505859375 -0.0522003173828125
-0.132904052734375 0.0999374389648438 -0.163909912109375 0.100433349609375
-0.0635986328125 0.162979125976563 -0.0492095947265625 0.144683837890625
-0.0758819580078125 0.1766357421875 -0.00618743896484375 0.0925369262695313
-0.048065185546875 0.183868408203125 0.0298500061035156 0.0663566589355469
-0.102333068847656 0.138290405273438 0.0628547668457031 0.0571098327636719
-0.182861328125 0.0760345458984375 0.0771102905273437 0.0807647705078125
-0.22900390625 -0.042388916015625 0.057403564453125 0.169662475585938
-0.140914916992187 -0.262298583984375 -0.0336761474609375 0.195556640625
0.00729370117187498 -0.31219482421875 -0.1094970703125 0.1947021484375
0.17755126953125 -0.33758544921875 -0.0969161987304688 0.117935180664062
0.275726318359375 -0.266586303710938 -0.06915283203125 -0.0836105346679688
0.18017578125 -0.28485107421875 0.0866241455078125 -0.115089416503906
-0.0361328125 -0.356475830078125 0.0318145751953125 -0.228607177734375
-0.187835693359375 -0.203857421875 -0.107437133789063 -0.207916259765625
-0.246139526367188 -0.0401153564453125 -0.165985107421875 -0.095458984375
-0.172515869140625 0.116455078125 -0.121376037597656 0.0385055541992188
-0.081024169921875 0.188461303710938 -0.0302696228027344 0.0697784423828125
-0.0887603759765625 0.20538330078125 0.00625038146972656 0.0196037292480469
-0.0519866943359375 0.21795654296875 0.0434494018554688 -0.00724411010742186
-0.107681274414062 0.16876220703125 0.0932846069335937 -0.00763702392578124
-0.19915771484375 0.102676391601562 0.108985900878906 0.0323410034179688
-0.250823974609375 -0.032867431640625 0.0952682495117187 0.133445739746094
-0.155548095703125 -0.27679443359375 0.00476074218749999 0.173141479492187
0.018524169921875 -0.322845458984375 -0.0874176025390625 0.143218994140625
0.207794189453125 -0.33135986328125 -0.0269107818603515 0.0327529907226562
0.28936767578125 -0.202056884765625 0.036468505859375 -0.166229248046875
0.223602294921875 -0.250503540039062 0.144607543945313 -0.170562744140625
0.016326904296875 -0.3587646484375 0.0803070068359375 -0.227066040039063
-0.1612548828125 -0.227218627929688 -0.039093017578125 -0.213577270507813
-0.243881225585937 -0.0618133544921875 -0.0970382690429688 -0.124038696289063
-0.180984497070313 0.109634399414062 -0.0659332275390625 -0.0229835510253906
-0.0844879150390625 0.183792114257813 -0.00861644744873047 -0.0106410980224609
-0.088623046875 0.203384399414063 0.0167465209960938 -0.054534912109375
-0.0507659912109375 0.219970703125 0.0524368286132813 -0.0826797485351563
-0.102325439453125 0.172607421875 0.115646362304688 -0.0738677978515625
-0.194183349609375 0.108627319335938 0.134284973144531 -0.0142745971679687
-0.239913940429688 -0.0308074951171875 0.122703552246094 0.09674072265625
-0.137374877929688 -0.267929077148438 0.0309906005859375 0.147537231445312
0.04229736328125 -0.297210693359375 -0.072418212890625 0.0865859985351562
0.219696044921875 -0.275955200195313 0.0422706604003906 -0.047943115234375
0.243194580078125 -0.104568481445313 0.133880615234375 -0.225753784179688
0.213516235351562 -0.164642333984375 0.194534301757813 -0.21099853515625
0.0576171875 -0.28216552734375 0.119384765625 -0.210006713867188
-0.1060791015625 -0.195571899414062 0.020355224609375 -0.20184326171875
-0.192855834960938 -0.064361572265625 -0.0316390991210938 -0.135292053222656
-0.153717041015625 0.087310791015625 -0.0142135620117188 -0.0750503540039063
-0.071136474609375 0.151580810546875 0.00885009765624999 -0.0834732055664062
-0.0743255615234375 0.17156982421875 0.0229721069335937 -0.12042236328125
-0.044921875 0.191009521484375 0.057647705078125 -0.150909423828125
-0.08880615234375 0.150253295898438 0.134193420410156 -0.131660461425781
-0.17041015625 0.093109130859375 0.156234741210938 -0.0502166748046875
-0.202880859375 -0.035186767578125 0.1431884765625 0.0671844482421875
-0.095062255859375 -0.238677978515625 0.0477142333984375 0.127143859863281
0.0747528076171875 -0.240570068359375 -0.0578384399414062 0.0363349914550781
0.211334228515625 -0.183380126953125 0.110153198242188 -0.109161376953125
0.153900146484375 0.0089569091796875 0.199798583984375 -0.255401611328125
0.15606689453125 -0.054962158203125 0.218597412109375 -0.234939575195313
0.0699005126953125 -0.157516479492187 0.138626098632812 -0.190673828125
-0.0421905517578125 -0.122871398925781 0.0555267333984375 -0.187103271484375
-0.110824584960938 -0.04718017578125 0.0104141235351563 -0.137199401855469
-0.0984268188476563 0.054534912109375 0.0184097290039062 -0.111198425292969
-0.045196533203125 0.0970306396484375 0.0178298950195312 -0.137374877929688
-0.0482177734375 0.114334106445312 0.0255279541015625 -0.168289184570313
-0.033538818359375 0.1346435546875 0.06201171875 -0.203216552734375
-0.0665283203125 0.107635498046875 0.151046752929688 -0.172714233398438
-0.128036499023438 0.0633087158203125 0.179763793945313 -0.0709991455078125
-0.144180297851563 -0.037506103515625 0.160888671875 0.0515289306640625
-0.0427093505859375 -0.185394287109375 0.0591278076171875 0.119735717773437
0.0983428955078125 -0.157394409179688 -0.0367546081542969 0.00231552124023436
0.175277709960938 -0.0671234130859375 0.173171997070313 -0.140213012695313
-0.08233642578125 -0.0471725463867188 -0.175140380859375 0.181747436523437
-0.0658988952636719 0.0584297180175781 0.0182151794433594 0.0351829528808594
0.00955200195312501 0.0786285400390625 -0.0571975708007812 -0.122802734375
0.0643692016601562 0.0257339477539062 -0.19140625 -0.0697784423828125
0.0609474182128906 -0.0271835327148438 -0.210556030273438 0.0582275390625
0.0202713012695313 -0.0541801452636719 -0.161041259765625 0.18731689453125
0.00519180297851563 -0.0362930297851563 -0.0487060546875 0.232940673828125
0.0125503540039062 -0.0298919677734375 -0.0134429931640625 0.196151733398438
0.0158977508544922 -0.0286712646484375 -0.000869750976562489 0.162002563476563
0.0177326202392578 -0.00882339477539063 -0.0210723876953125 0.143203735351563
0.0118026733398438 0.0207500457763672 -0.0129852294921875 0.146896362304687
-0.0216140747070313 0.0478897094726563 -0.0448760986328125 0.18048095703125
-0.0710067749023438 0.000381469726562497 -0.142974853515625 0.191986083984375
-0.086456298828125 -0.0635757446289062 -0.1878662109375 0.246917724609375
-0.0694580078125 -0.106971740722656 -0.21307373046875 0.2674560546875
-0.00114440917968749 -0.157745361328125 -0.1983642578125 0.156906127929688
-0.0421066284179688 -0.0539970397949219 0.0096588134765625 0.0295009613037109
-0.0433998107910156 -0.0208702087402344 -0.0578460693359375 -0.141265869140625
-0.0177669525146484 -0.00501632690429687 -0.199417114257812 -0.094146728515625
-0.0189666748046875 -0.00268363952636719 -0.229354858398437 0.0399932861328125
-0.0205879211425781 0.00688743591308594 -0.1715087890625 0.182632446289062
-0.0100631713867188 0.0387802124023438 -0.04937744140625 0.229888916015625
-0.0157432556152344 0.0482749938964844 -0.01104736328125 0.186737060546875
-0.0100936889648437 0.0480155944824219 0.00816345214843752 0.155792236328125
-0.0360450744628906 0.0384597778320313 -0.000923156738281265 0.135948181152344
-0.0684700012207031 0.0247268676757812 0.00768280029296876 0.137702941894531
-0.0990524291992188 -0.00804138183593749 -0.0196533203125 0.187576293945313
-0.0803909301757813 -0.115341186523438 -0.112442016601562 0.198135375976563
-0.034881591796875 -0.168563842773438 -0.160797119140625 0.2459716796875
0.0279998779296875 -0.211639404296875 -0.193496704101563 0.243484497070313
0.09521484375 -0.243026733398438 -0.190231323242188 0.0990447998046875
0.010986328125 -0.166244506835938 0.0145368576049805 -0.000692367553710948
-0.0813140869140625 -0.141983032226562 -0.0475616455078125 -0.169937133789063
-0.102455139160156 -0.0578384399414062 -0.193679809570313 -0.129104614257812
-0.109321594238281 0.00799560546875001 -0.234024047851563 0.00541687011718749
-0.0712127685546875 0.0634078979492188 -0.170867919921875 0.154251098632812
-0.0297088623046875 0.107841491699219 -0.04620361328125 0.19769287109375
-0.0419692993164063 0.121231079101563 -0.00660705566406251 0.149124145507812
-0.0271682739257812 0.121826171875 0.0212783813476563 0.121002197265625
-0.0729293823242188 0.0916824340820313 0.0319366455078125 0.103897094726563
-0.132331848144531 0.0495147705078125 0.0430145263671875 0.114608764648438
-0.17205810546875 -0.030670166015625 0.022613525390625 0.183258056640625
-0.114089965820312 -0.200607299804688 -0.0687255859375 0.20123291015625
-0.0136260986328125 -0.252120971679688 -0.12548828125 0.228866577148437
0.101898193359375 -0.29290771484375 -0.146896362304688 0.19219970703125
0.188507080078125 -0.283203125 -0.145919799804687 0.01629638671875
0.0850067138671875 -0.252227783203125 0.0386581420898438 -0.0527153015136719
-0.086944580078125 -0.262161254882812 -0.0211029052734375 -0.200439453125
-0.167861938476562 -0.126113891601563 -0.166046142578125 -0.166671752929688
-0.191665649414062 -0.00163269042968752 -0.21380615234375 -0.039947509765625
-0.122222900390625 0.1041259765625 -0.152297973632813 0.104721069335938
-0.0511474609375 0.16009521484375 -0.03802490234375 0.141250610351563
-0.061431884765625 0.176101684570313 0.000358581542968751 0.0902023315429688
-0.0352630615234375 0.180068969726563 0.0331306457519531 0.0628738403320313
-0.0914764404296875 0.138114929199219 0.0636138916015625 0.0512313842773438
-0.17205810546875 0.0832672119140625 0.0792770385742187 0.0747451782226563
-0.223114013671875 -0.0278778076171875 0.0672760009765625 0.160400390625
-0.151565551757813 -0.245101928710937 -0.0226593017578125 0.189987182617187
-0.00939941406249999 -0.30206298828125 -0.095672607421875 0.193145751953125
0.1514892578125 -0.33477783203125 -0.0872879028320312 0.118293762207031
0.252151489257813 -0.272674560546875 -0.0667800903320312 -0.0761947631835938
0.157958984375 -0.28472900390625 0.0812759399414063 -0.114234924316406
-0.0562744140625 -0.340118408203125 0.0203399658203125 -0.219573974609375
-0.191574096679687 -0.186111450195313 -0.113143920898438 -0.19354248046875
-0.239990234375 -0.0238800048828125 -0.165420532226563 -0.0845184326171875
-0.15948486328125 0.121185302734375 -0.114936828613281 0.0417022705078125
-0.0667724609375 0.184539794921875 -0.0245742797851563 0.0672798156738281
-0.07177734375 0.204513549804688 0.00720596313476562 0.0188350677490235
-0.0365753173828125 0.212432861328125 0.0408515930175781 -0.00865554809570311
-0.093505859375 0.16656494140625 0.0883102416992188 -0.0130691528320312
-0.185562133789063 0.109786987304687 0.106941223144531 0.0263595581054688
-0.242828369140625 -0.0175018310546875 0.102279663085937 0.124351501464844
-0.166854858398437 -0.257598876953125 0.0125732421875 0.166732788085937
-0.0001220703125 -0.3116455078125 -0.0774688720703125 0.14300537109375
0.180572509765625 -0.329132080078125 -0.0247116088867187 0.0336036682128906
0.267852783203125 -0.210494995117187 0.030181884765625 -0.15972900390625
0.2017822265625 -0.253265380859375 0.133148193359375 -0.169769287109375
-0.00512695312499998 -0.345916748046875 0.0677642822265625 -0.22027587890625
-0.166763305664063 -0.209930419921875 -0.0481719970703125 -0.202224731445313
-0.237152099609375 -0.0446624755859375 -0.0999526977539062 -0.115386962890625
-0.166946411132813 0.115097045898437 -0.0652618408203125 -0.02081298828125
-0.0701446533203125 0.180038452148438 -0.00868415832519532 -0.0116043090820312
-0.0718994140625 0.202163696289063 0.0117835998535156 -0.0534210205078125
-0.0348968505859375 0.214187622070313 0.0446243286132813 -0.0816726684570312
-0.087738037109375 0.170135498046875 0.106246948242187 -0.07867431640625
-0.17962646484375 0.114578247070312 0.128799438476563 -0.0197296142578125
-0.231674194335937 -0.01544189453125 0.125251770019531 0.0875396728515625
-0.148910522460937 -0.249755859375 0.03582763671875 0.14129638671875
0.02459716796875 -0.28753662109375 -0.0663986206054688 0.0891189575195312
0.195343017578125 -0.276657104492188 0.03778076171875 -0.0471076965332031
0.229095458984375 -0.114547729492188 0.120712280273438 -0.222625732421875
0.195022583007813 -0.169998168945313 0.177993774414063 -0.211318969726563
0.0371856689453125 -0.273834228515625 0.106048583984375 -0.206283569335938
-0.111984252929687 -0.181884765625 0.00947570800781248 -0.194229125976563
-0.188140869140625 -0.0498046875 -0.0373992919921875 -0.12969970703125
-0.142105102539062 0.0926055908203125 -0.0179290771484375 -0.0741729736328125
-0.059112548828125 0.147857666015625 0.0033111572265625 -0.0831146240234375
-0.060150146484375 0.170074462890625 0.013885498046875 -0.116371154785156
-0.0306854248046875 0.18597412109375 0.044647216796875 -0.1478271484375
-0.076202392578125 0.148513793945313 0.120147705078125 -0.135017395019531
-0.157333374023437 0.0977935791015625 0.148574829101563 -0.0552215576171875
-0.195510864257813 -0.0215606689453125 0.142807006835937 0.0581512451171875
-0.106765747070313 -0.222900390625 0.0517425537109375 0.120376586914063
0.05743408203125 -0.235031127929687 -0.0548439025878906 0.0398788452148437
0.191482543945313 -0.187667846679688 0.0990066528320313 -0.108963012695313
0.149398803710938 -0.0005645751953125 0.181472778320313 -0.254150390625
0.145858764648438 -0.0611419677734375 0.199691772460938 -0.23486328125
0.056365966796875 -0.15435791015625 0.124649047851562 -0.189865112304687
-0.0473556518554687 -0.115341186523438 0.0447235107421875 -0.182937622070312
-0.108741760253906 -0.0377120971679688 0.00348663330078123 -0.133491516113281
-0.090850830078125 0.0583572387695313 0.0119552612304688 -0.110244750976562
-0.0370330810546875 0.094390869140625 0.00813293457031249 -0.133987426757813
-0.0384750366210937 0.11279296875 0.0124359130859375 -0.16217041015625
-0.022918701171875 0.130760192871094 0.045928955078125 -0.198562622070313
-0.057159423828125 0.105972290039063 0.133331298828125 -0.174423217773438
-0.117851257324219 0.0673141479492188 0.17010498046875 -0.0771026611328125
-0.139297485351563 -0.0277786254882813 0.158966064453125 0.042205810546875
-0.052520751953125 -0.173995971679688 0.0623550415039063 0.111793518066406
0.0841827392578125 -0.156936645507813 -0.037109375 0.00668716430664062
0.16351318359375 -0.073699951171875 0.158157348632813 -0.141983032226563
-0.0786895751953125 -0.042633056640625 -0.159774780273437 0.177841186523438
-0.0598106384277344 0.0576248168945312 0.0200443267822266 0.0323753356933594
0.0120162963867188 0.0736541748046875 -0.0561752319335938 -0.116439819335938
0.0606803894042969 0.0214118957519531 -0.184661865234375 -0.0614166259765625
0.0558280944824219 -0.028106689453125 -0.200057983398438 0.06158447265625
0.0168037414550781 -0.0508918762207031 -0.147781372070313 0.184951782226563
0.0035552978515625 -0.0333633422851563 -0.0369873046875 0.224655151367188
0.0107231140136719 -0.0279769897460938 -0.00315856933593749 0.187225341796875
0.0133953094482422 -0.0267105102539063 0.00598144531250002 0.1544189453125
0.0151853561401367 -0.00804615020751953 -0.0143280029296875 0.139549255371094
0.0115318298339844 0.0189437866210938 -0.0077362060546875 0.141250610351563
-0.0187644958496094 0.0453834533691406 -0.03765869140625 0.172958374023437
-0.0676460266113281 0.00156784057617188 -0.131210327148437 0.185195922851563
-0.0840911865234375 -0.0572891235351563 -0.170822143554688 0.238677978515625
-0.0682144165039063 -0.0983657836914062 -0.195281982421875 0.25958251953125
-0.00492858886718752 -0.150405883789062 -0.181396484375 0.154861450195313
-0.0410614013671875 -0.0503883361816406 0.0128841400146484 0.0270805358886719
-0.042205810546875 -0.0184555053710938 -0.0569000244140625 -0.133529663085938
-0.0178928375244141 -0.00577354431152344 -0.192947387695313 -0.0836639404296875
-0.0188865661621094 -0.00137138366699219 -0.218353271484375 0.0446929931640625
-0.0198383331298828 0.00795173645019531 -0.157699584960937 0.179489135742188
-0.00800323486328125 0.0379371643066406 -0.037017822265625 0.220306396484375
-0.0129356384277344 0.04803466796875 -0.00186157226562499 0.178268432617188
-0.00862884521484375 0.047088623046875 0.01507568359375 0.148300170898438
-0.0344047546386719 0.0389976501464844 0.00439453125 0.130912780761719
-0.0654945373535156 0.0262184143066406 0.0118484497070313 0.132926940917969
-0.0946426391601563 -0.00483703613281252 -0.012298583984375 0.178695678710938
-0.0809478759765625 -0.108680725097656 -0.101776123046875 0.191513061523437
-0.038299560546875 -0.159042358398438 -0.145187377929687 0.23797607421875
0.020599365234375 -0.201828002929687 -0.177474975585937 0.236160278320313
0.0837554931640625 -0.235061645507813 -0.175079345703125 0.099029541015625
0.0052032470703125 -0.159378051757813 0.0178871154785156 -0.00232315063476564
-0.08270263671875 -0.132423400878906 -0.0478668212890625 -0.160842895507813
-0.0998077392578125 -0.0529556274414063 -0.188262939453125 -0.11712646484375
-0.104225158691406 0.0113372802734375 -0.224273681640625 0.0121307373046875
-0.0653343200683594 0.0631904602050781 -0.157638549804688 0.152175903320312
-0.0245895385742188 0.104278564453125 -0.036468505859375 0.189163208007813
-0.0342636108398437 0.11822509765625 0.000793457031250011 0.14263916015625
-0.02142333984375 0.11737060546875 0.0261993408203125 0.114692687988281
-0.067840576171875 0.0899429321289063 0.03411865234375 0.0987625122070313
-0.125785827636719 0.05181884765625 0.045318603515625 0.109169006347656
-0.164779663085938 -0.0235595703125 0.029083251953125 0.17376708984375
-0.116943359375 -0.18743896484375 -0.0600128173828125 0.193328857421875
-0.0205841064453125 -0.239669799804687 -0.11199951171875 0.221221923828125
0.0880126953125 -0.281890869140625 -0.134109497070312 0.186859130859375
0.170913696289062 -0.276611328125 -0.134315490722656 0.0190887451171875
0.0729827880859375 -0.243316650390625 0.0394248962402344 -0.05206298828125
-0.0928497314453125 -0.246307373046875 -0.023284912109375 -0.189071655273438
-0.163803100585938 -0.115432739257812 -0.16180419921875 -0.153701782226563
-0.1826171875 0.00561523437500003 -0.205841064453125 -0.03192138671875
-0.113655090332031 0.10211181640625 -0.1422119140625 0.103851318359375
-0.043212890625 0.153579711914063 -0.031005859375 0.133842468261719
-0.050323486328125 0.171783447265625 0.00359344482421874 0.08587646484375
-0.02667236328125 0.173095703125 0.0349578857421875 0.0592613220214844
-0.0826339721679687 0.134437561035156 0.0623016357421875 0.0469932556152344
-0.1614990234375 0.0845794677734375 0.0791091918945312 0.0701370239257813
-0.214004516601563 -0.019073486328125 0.071441650390625 0.151535034179688
-0.153976440429688 -0.228759765625 -0.0175933837890625 0.182479858398437
-0.018310546875 -0.287353515625 -0.085418701171875 0.18707275390625
0.133575439453125 -0.322784423828125 -0.0801315307617187 0.115341186523438
0.232589721679688 -0.267547607421875 -0.06231689453125 -0.0704803466796875
0.141189575195313 -0.276290893554688 0.0780868530273438 -0.111129760742188
-0.06640625 -0.3218994140625 0.0169525146484375 -0.208084106445313
-0.187942504882813 -0.171356201171875 -0.112930297851563 -0.180313110351563
-0.229415893554688 -0.0140380859375 -0.160995483398438 -0.075958251953125
-0.147705078125 0.120208740234375 -0.10858154296875 0.0420989990234375
-0.0573883056640625 0.177108764648437 -0.0210380554199219 0.0628471374511719
-0.0591888427734375 0.199066162109375 0.00725173950195312 0.0183486938476563
-0.02557373046875 0.203933715820313 0.0391044616699219 -0.00870132446289061
-0.083404541015625 0.161026000976563 0.083709716796875 -0.0162582397460937
-0.172866821289063 0.11016845703125 0.104400634765625 0.022796630859375
-0.232467651367188 -0.00856018066406255 0.104080200195312 0.116676330566406
-0.169158935546875 -0.239273071289063 0.0163421630859375 0.159423828125
-0.01116943359375 -0.296875 -0.06976318359375 0.139015197753906
0.160552978515625 -0.319427490234375 -0.0227851867675781 0.0332145690917968
0.248794555664063 -0.209945678710938 0.0270843505859375 -0.152481079101562
0.18292236328125 -0.247024536132813 0.124969482421875 -0.165725708007813
-0.018646240234375 -0.327880859375 0.0604400634765625 -0.209487915039063
-0.165695190429687 -0.194137573242188 -0.0504913330078125 -0.190460205078125
-0.227569580078125 -0.0335540771484375 -0.098724365234375 -0.107978820800781
-0.155364990234375 0.1148681640625 -0.0631523132324219 -0.0203933715820312
-0.0604400634765625 0.173187255859375 -0.00923919677734375 -0.0131425857543945
-0.0595703125 0.196258544921875 0.00883865356445312 -0.0508918762207031
-0.0236358642578125 0.204879760742188 0.0391464233398437 -0.0788421630859375
-0.0779571533203125 0.163864135742188 0.0972671508789063 -0.0785140991210937
-0.16632080078125 0.114608764648438 0.12322998046875 -0.0218658447265625
-0.220489501953125 -0.00625610351562496 0.124557495117187 0.080291748046875
-0.152175903320312 -0.231201171875 0.0374221801757813 0.134101867675781
0.0136260986328125 -0.274520874023437 -0.0615768432617187 0.088165283203125
0.175674438476563 -0.27020263671875 0.0340156555175781 -0.0445289611816406
0.214813232421875 -0.1173095703125 0.111160278320313 -0.214096069335937
0.179412841796875 -0.168075561523438 0.165130615234375 -0.205032348632813
0.024749755859375 -0.261016845703125 0.0976409912109375 -0.197845458984375
-0.112808227539062 -0.170028686523438 0.004547119140625 -0.183929443359375
-0.180618286132813 -0.0402679443359375 -0.0393905639648438 -0.123428344726563
-0.131507873535156 0.0930633544921875 -0.02020263671875 -0.0721817016601563
-0.0513763427734375 0.141754150390625 1.82515603041993E-18 -0.0811843872070312
-0.049102783203125 0.164642333984375 0.00805664062499999 -0.110794067382812
-0.0209503173828125 0.177398681640625 0.0362396240234375 -0.141937255859375
-0.06683349609375 0.142074584960938 0.107841491699219 -0.132965087890625
-0.1448974609375 0.09832763671875 0.141036987304688 -0.057037353515625
-0.185699462890625 -0.0142669677734375 0.139945983886719 0.0517807006835938
-0.110214233398437 -0.207061767578125 0.0513381958007812 0.113876342773437
0.0461578369140625 -0.225067138671875 -0.0519218444824219 0.0420188903808594
0.17510986328125 -0.185089111328125 0.0904006958007813 -0.105117797851563
0.142562866210938 -0.006103515625 0.1676025390625 -0.246826171875
0.135894775390625 -0.062530517578125 0.184402465820313 -0.228347778320313
0.0467987060546875 -0.147674560546875 0.114181518554688 -0.183792114257813
-0.0486602783203125 -0.108085632324219 0.0381011962890625 -0.175048828125
-0.104347229003906 -0.031646728515625 -0.000526428222656255 -0.128074645996094
-0.0838394165039062 0.0586090087890625 0.00701141357421875 -0.108146667480469
-0.031585693359375 0.0896453857421875 0.00167846679687499 -0.129859924316406
-0.0311660766601563 0.108177185058594 0.00482177734374999 -0.154403686523438
-0.01568603515625 0.124420166015625 0.034637451171875 -0.1895751953125
-0.0499038696289062 0.101615905761719 0.11907958984375 -0.171600341796875
-0.109321594238281 0.0673370361328125 0.16070556640625 -0.0778045654296875
-0.132652282714844 -0.0212631225585937 0.152847290039063 0.036102294921875
-0.0575408935546875 -0.162261962890625 0.0611801147460937 0.105628967285156
0.073974609375 -0.151138305664063 -0.036590576171875 0.0102157592773437
0.152679443359375 -0.075714111328125 0.1448974609375 -0.137496948242188
-0.0760650634765625 -0.0410995483398438 -0.1507568359375 0.171310424804687
-0.0557403564453125 0.0562210083007813 0.0215969085693359 0.0299091339111328
0.0129165649414063 0.0702972412109375 -0.0548324584960938 -0.112991333007813
0.0573348999023437 0.0188751220703125 -0.178268432617188 -0.0578765869140625
0.0522727966308594 -0.0280113220214844 -0.192947387695312 0.0617218017578125
0.0145149230957031 -0.0479736328125 -0.140380859375 0.181060791015625
0.00285720825195313 -0.0308322906494141 -0.02978515625 0.217025756835938
0.0102252960205078 -0.0259819030761719 0.00216674804687501 0.180068969726563
0.0114326477050781 -0.0249614715576172 0.00946044921874999 0.148468017578125
0.0127544403076172 -0.00647544860839844 -0.012054443359375 0.136421203613281
0.0102558135986328 0.0185317993164063 -0.0053863525390625 0.137916564941406
-0.0173301696777344 0.042724609375 -0.0347442626953125 0.16656494140625
-0.0645942687988281 0.000980377197265623 -0.125595092773438 0.178665161132812
-0.0815277099609375 -0.0531768798828125 -0.16217041015625 0.229843139648437
-0.0657958984375 -0.0930023193359375 -0.186996459960938 0.24951171875
-0.006011962890625 -0.145187377929688 -0.17138671875 0.148880004882813
-0.0389823913574219 -0.0482826232910156 0.0151596069335937 0.0247039794921875
-0.0414352416992188 -0.01788330078125 -0.0549774169921875 -0.128562927246094
-0.0183486938476562 -0.00636672973632812 -0.185836791992188 -0.0793609619140625
-0.0189285278320312 -0.00120162963867187 -0.211517333984375 0.04547119140625
-0.0195102691650391 0.0087432861328125 -0.150070190429687 0.17584228515625
-0.00748062133789062 0.0376968383789063 -0.0316009521484375 0.212554931640625
-0.0107345581054688 0.047943115234375 0.00312805175781249 0.171875
-0.00771713256835938 0.0468559265136719 0.0180206298828125 0.14239501953125
-0.0340766906738281 0.0387687683105469 0.00605010986328124 0.127395629882812
-0.0642127990722656 0.0260772705078125 0.0134811401367187 0.129043579101563
-0.0908737182617188 -0.0049591064453125 -0.00912475585937501 0.172500610351563
-0.0792999267578125 -0.104278564453125 -0.0981597900390625 0.183853149414063
-0.0377197265625 -0.151763916015625 -0.13775634765625 0.229232788085938
0.0186614990234375 -0.193695068359375 -0.169448852539062 0.22760009765625
0.0784149169921875 -0.2269287109375 -0.164993286132813 0.0961151123046875
0.00335693359375001 -0.153427124023438 0.0198402404785156 -0.00333404541015626
-0.0823516845703125 -0.126686096191406 -0.0456390380859375 -0.15460205078125
-0.097412109375 -0.0504302978515625 -0.181747436523438 -0.1112060546875
-0.101058959960937 0.0133438110351563 -0.216903686523438 0.013214111328125
-0.06292724609375 0.0613975524902344 -0.151092529296875 0.148651123046875
-0.0221481323242187 0.10125732421875 -0.0319366455078125 0.182022094726563
-0.0302352905273438 0.115776062011719 0.00479888916015625 0.137123107910156
-0.01910400390625 0.114227294921875 0.0284881591796875 0.110427856445313
-0.064605712890625 0.0881118774414063 0.0341415405273438 0.0953292846679688
-0.121635437011719 0.0519485473632813 0.044921875 0.106132507324219
-0.159881591796875 -0.0213165283203125 0.0315704345703125 0.167648315429687
-0.115814208984375 -0.179641723632813 -0.05743408203125 0.186935424804688
-0.0220794677734375 -0.230239868164063 -0.106475830078125 0.213760375976562
0.0825653076171875 -0.27166748046875 -0.128662109375 0.179962158203125
0.162078857421875 -0.268722534179688 -0.12579345703125 0.0188064575195312
0.067413330078125 -0.23541259765625 0.0407676696777344 -0.051055908203125
-0.09429931640625 -0.235549926757813 -0.0216064453125 -0.181488037109375
-0.16015625 -0.109848022460937 -0.15655517578125 -0.145889282226563
-0.176239013671875 0.00849914550781253 -0.200454711914063 -0.0294036865234375
-0.108139038085938 0.09979248046875 -0.136619567871094 0.100654602050781
-0.03948974609375 0.148330688476563 -0.0277175903320312 0.12786865234375
-0.0444183349609375 0.168014526367188 0.00635528564453125 0.0832138061523438
-0.0223236083984375 0.16717529296875 0.0356559753417969 0.0569801330566406
-0.0783615112304687 0.130561828613281 0.0605354309082031 0.0447273254394531
-0.155014038085938 0.084259033203125 0.07684326171875 0.0679397583007813
-0.206619262695313 -0.0160064697265625 0.0726776123046875 0.146194458007812
-0.15338134765625 -0.217941284179687 -0.0156097412109375 0.176254272460938
-0.0198516845703125 -0.276123046875 -0.080780029296875 0.180892944335937
0.124969482421875 -0.3126220703125 -0.0760955810546875 0.111854553222656
0.220458984375 -0.260986328125 -0.0568504333496094 -0.0677947998046875
0.132247924804688 -0.26861572265625 0.0770034790039063 -0.10809326171875
-0.07012939453125 -0.308746337890625 0.016265869140625 -0.199508666992188
-0.18377685546875 -0.162933349609375 -0.10870361328125 -0.171951293945312
-0.2213134765625 -0.00953674316406247 -0.156661987304687 -0.0729522705078125
-0.140731811523437 0.117523193359375 -0.105117797851563 0.0401992797851562
-0.05255126953125 0.171417236328125 -0.0193252563476563 0.0587158203125
-0.0522003173828125 0.193649291992188 0.00803852081298828 0.0174760818481445
-0.0205535888671875 0.1961669921875 0.0382041931152344 -0.00890731811523436
-0.078399658203125 0.15582275390625 0.07916259765625 -0.0165481567382812
-0.16546630859375 0.10845947265625 0.102073669433594 0.0222244262695313
-0.223861694335937 -0.00538635253906245 0.104232788085937 0.111114501953125
-0.16729736328125 -0.227630615234375 0.0162811279296875 0.154067993164062
-0.01434326171875 -0.28546142578125 -0.0662384033203125 0.136001586914062
0.150604248046875 -0.30914306640625 -0.0219593048095703 0.0328693389892578
0.237380981445313 -0.205474853515625 0.0283050537109375 -0.147415161132813
0.172378540039062 -0.239959716796875 0.121856689453125 -0.1597900390625
-0.023834228515625 -0.314422607421875 0.059356689453125 -0.201492309570313
-0.161911010742187 -0.18475341796875 -0.049346923828125 -0.1820068359375
-0.219772338867188 -0.0287628173828125 -0.0972900390625 -0.103828430175781
-0.147445678710938 0.11236572265625 -0.0615921020507813 -0.0209083557128906
-0.0558319091796875 0.166244506835937 -0.0100994110107422 -0.014643669128418
-0.0519256591796875 0.19024658203125 0.00745010375976562 -0.0487747192382812
-0.018798828125 0.196945190429688 0.035888671875 -0.0764694213867187
-0.0723114013671875 0.157608032226563 0.0914535522460938 -0.07769775390625
-0.158203125 0.1124267578125 0.119911193847656 -0.0214996337890625
-0.212188720703125 -0.00398254394531248 0.123550415039062 0.0761184692382813
-0.150146484375 -0.2200927734375 0.0362472534179688 0.129608154296875
0.00881958007812502 -0.2642822265625 -0.058807373046875 0.0871353149414062
0.165420532226563 -0.26214599609375 0.0322494506835938 -0.042205810546875
0.205276489257813 -0.116744995117188 0.107620239257813 -0.207443237304688
0.1697998046875 -0.163894653320313 0.159042358398438 -0.197982788085938
0.017974853515625 -0.250076293945313 0.09356689453125 -0.190155029296875
-0.109222412109375 -0.161849975585938 0.00473022460937501 -0.176544189453125
-0.173782348632813 -0.0359344482421875 -0.0390167236328125 -0.119735717773438
-0.124481201171875 0.0909500122070313 -0.0205078125 -0.0723419189453125
-0.0473709106445313 0.135589599609375 -0.00254058837890625 -0.0800247192382812
-0.0435028076171875 0.159393310546875 0.00511169433593749 -0.106163024902344
-0.0149078369140625 0.16973876953125 0.03167724609375 -0.136032104492188
-0.061981201171875 0.136634826660156 0.101226806640625 -0.130073547363281
-0.137542724609375 0.0958023071289063 0.136390686035156 -0.0554962158203125
-0.178115844726563 -0.011199951171875 0.136665344238281 0.0485763549804688
-0.109878540039062 -0.196670532226563 0.0492324829101562 0.110435485839844
0.040863037109375 -0.216827392578125 -0.0506439208984375 0.0433616638183594
0.166091918945313 -0.179916381835938 0.0859222412109375 -0.100616455078125
0.136146545410156 -0.0088348388671875 0.161026000976563 -0.23797607421875
0.128639221191406 -0.0617599487304688 0.176254272460938 -0.219863891601563
0.0414276123046875 -0.140975952148438 0.110488891601563 -0.1763916015625
-0.0484848022460938 -0.102798461914063 0.036163330078125 -0.16802978515625
-0.100677490234375 -0.0284194946289063 -0.00149536132812501 -0.124961853027344
-0.0790481567382813 0.0575103759765625 0.00430297851562498 -0.106597900390625
-0.0293197631835938 0.0853652954101563 -0.00198364257812499 -0.126914978027344
-0.0269393920898438 0.104408264160156 0.000930786132812507 -0.147491455078125
-0.011810302734375 0.118560791015625 0.0290679931640625 -0.182266235351563
-0.046722412109375 0.0976715087890625 0.11090087890625 -0.166366577148438
-0.103225708007813 0.0656967163085938 0.154983520507813 -0.076263427734375
-0.126327514648438 -0.0190887451171875 0.148971557617188 0.0337677001953125
-0.0579376220703125 -0.154205322265625 0.0584869384765625 0.101844787597656
0.0681915283203125 -0.1456298828125 -0.0358657836914062 0.0125808715820313
0.145751953125 -0.0739288330078125 0.138046264648438 -0.132209777832031
-0.0742416381835938 -0.0402679443359375 -0.14727783203125 0.168350219726563
-0.0535926818847656 0.0551643371582031 0.0228996276855469 0.0284862518310547
0.01324462890625 0.0685081481933594 -0.0529327392578125 -0.111923217773437
0.0551567077636719 0.0178031921386719 -0.175186157226562 -0.0575408935546875
0.0509719848632813 -0.027801513671875 -0.19158935546875 0.061248779296875
0.0139350891113281 -0.0463066101074219 -0.137527465820313 0.180191040039062
0.00277328491210938 -0.0290489196777344 -0.026397705078125 0.213455200195313
0.00983047485351563 -0.0248222351074219 0.00512695312499999 0.176742553710938
0.0105438232421875 -0.0234107971191406 0.010772705078125 0.146102905273438
0.0115127563476563 -0.00504302978515625 -0.010009765625 0.1368408203125
0.00913429260253906 0.0182743072509766 -0.00426483154296873 0.137535095214844
-0.0163536071777344 0.0409698486328125 -0.0347442626953125 0.163894653320313
-0.0635795593261719 0.000762939453124986 -0.125 0.17449951171875
-0.0791015625 -0.0501861572265625 -0.1595458984375 0.224044799804688
-0.0634231567382812 -0.0907440185546875 -0.185256958007813 0.243270874023438
-0.0068206787109375 -0.142959594726563 -0.166427612304688 0.146255493164062
-0.0379486083984375 -0.0476913452148438 0.017059326171875 0.0230026245117187
-0.0411148071289063 -0.0175094604492187 -0.0530319213867188 -0.127853393554688
-0.0190334320068359 -0.0065765380859375 -0.182464599609375 -0.0784759521484375
-0.0187702178955078 -0.000986099243164061 -0.209579467773438 0.0456085205078125
-0.0198040008544922 0.00939750671386719 -0.1474609375 0.174606323242187
-0.006744384765625 0.0381355285644531 -0.028961181640625 0.209060668945313
-0.0101356506347656 0.048248291015625 0.0066986083984375 0.168609619140625
-0.00761795043945313 0.0474853515625 0.0196685791015625 0.140792846679688
-0.0347137451171875 0.0396270751953125 0.00714874267578126 0.127304077148438
-0.0638313293457031 0.02630615234375 0.014068603515625 0.129051208496094
-0.0894241333007812 -0.00483703613281251 -0.00878906250000002 0.169723510742188
-0.0791702270507812 -0.103271484375 -0.0975341796875 0.180923461914062
-0.0365753173828125 -0.14862060546875 -0.135330200195313 0.224151611328125
0.0188446044921875 -0.190170288085938 -0.168258666992187 0.222915649414062
0.076812744140625 -0.224319458007813 -0.159805297851563 0.0929107666015625
0.0034332275390625 -0.151535034179688 0.0223941802978516 -0.0050945281982422
-0.0825271606445312 -0.124176025390625 -0.04296875 -0.152557373046875
-0.0969924926757813 -0.0505142211914063 -0.178466796875 -0.1090087890625
-0.0992660522460938 0.0139312744140625 -0.215576171875 0.0137939453125
-0.0623817443847656 0.0611915588378906 -0.148391723632813 0.147781372070313
-0.0211334228515625 0.100387573242187 -0.02862548828125 0.179092407226562
-0.027557373046875 0.115623474121094 0.00756835937500001 0.135467529296875
-0.0178604125976563 0.113700866699219 0.0298919677734375 0.108558654785156
-0.0641098022460938 0.0877227783203125 0.034332275390625 0.0952606201171875
-0.120475769042969 0.0522613525390625 0.045684814453125 0.106010437011719
-0.15740966796875 -0.0206451416015625 0.0327301025390625 0.165023803710938
-0.116195678710937 -0.177200317382813 -0.0583343505859375 0.1842041015625
-0.0216827392578125 -0.226531982421875 -0.104751586914062 0.210205078125
0.081329345703125 -0.267166137695312 -0.127044677734375 0.17681884765625
0.159530639648437 -0.265640258789062 -0.120933532714844 0.0181045532226562
0.064971923828125 -0.232986450195313 0.0433158874511719 -0.0517921447753906
-0.0953369140625 -0.231491088867187 -0.019073486328125 -0.17889404296875
-0.158676147460938 -0.108306884765625 -0.153350830078125 -0.14361572265625
-0.174087524414063 0.0100250244140625 -0.19873046875 -0.02850341796875
-0.106468200683594 0.0988006591796875 -0.13458251953125 0.100143432617188
-0.0379180908203125 0.146163940429688 -0.0263671875 0.125244140625
-0.040863037109375 0.166519165039063 0.0083770751953125 0.0817031860351563
-0.019683837890625 0.165374755859375 0.036956787109375 0.0557136535644531
-0.0770416259765625 0.128570556640625 0.0594635009765625 0.0443191528320313
-0.153335571289063 0.084625244140625 0.077056884765625 0.0677871704101563
-0.204238891601562 -0.014923095703125 0.07391357421875 0.143692016601563
-0.15289306640625 -0.214096069335938 -0.016845703125 0.174835205078125
-0.021636962890625 -0.271774291992188 -0.0797882080078125 0.178939819335937
0.123016357421875 -0.30792236328125 -0.0755691528320312 0.109878540039062
0.217071533203125 -0.259185791015625 -0.0528564453125 -0.06732177734375
0.12860107421875 -0.264541625976563 0.0787734985351563 -0.107139587402344
-0.07177734375 -0.30267333984375 0.0184173583984375 -0.19586181640625
-0.1810302734375 -0.160873413085937 -0.105743408203125 -0.169281005859375
-0.218292236328125 -0.00733947753906253 -0.156005859375 -0.0716094970703125
-0.13824462890625 0.115959167480469 -0.103912353515625 0.0388336181640625
-0.0514068603515625 0.168167114257813 -0.0199317932128906 0.0563926696777344
-0.04791259765625 0.192108154296875 0.00822830200195312 0.017059326171875
-0.0175933837890625 0.193267822265625 0.0383567810058594 -0.00875473022460936
-0.076812744140625 0.152984619140625 0.0778427124023438 -0.0165786743164062
-0.161972045898438 0.108154296875 0.10107421875 0.0226974487304688
-0.22137451171875 -0.0041656494140625 0.104866027832031 0.109039306640625
-0.167404174804688 -0.222702026367187 0.01483154296875 0.15374755859375
-0.01483154296875 -0.2813720703125 -0.0655593872070313 0.135147094726562
0.147552490234375 -0.305511474609375 -0.0217075347900391 0.0325374603271484
0.232711791992188 -0.204254150390625 0.0306549072265625 -0.145599365234375
0.168472290039062 -0.236740112304688 0.12255859375 -0.157196044921875
-0.02691650390625 -0.30810546875 0.06060791015625 -0.197341918945313
-0.15985107421875 -0.1822509765625 -0.0462188720703125 -0.177871704101562
-0.216690063476563 -0.0265350341796875 -0.0966796875 -0.102882385253906
-0.144332885742188 0.111480712890625 -0.0616645812988281 -0.0220451354980469
-0.0547943115234375 0.16339111328125 -0.0111570358276367 -0.0159711837768555
-0.0481109619140625 0.188858032226563 0.00690841674804687 -0.0476150512695312
-0.0153350830078125 0.193939208984375 0.0356216430664063 -0.0750350952148438
-0.0706787109375 0.154571533203125 0.088470458984375 -0.076202392578125
-0.154815673828125 0.111083984375 0.119285583496094 -0.02099609375
-0.208236694335938 -0.00288391113281248 0.124046325683594 0.0744247436523437
-0.150894165039063 -0.214630126953125 0.0342559814453125 0.129241943359375
0.00749206542968749 -0.260360717773438 -0.0585403442382813 0.0876541137695312
0.162307739257813 -0.258544921875 0.031585693359375 -0.0407791137695313
0.2017822265625 -0.117141723632812 0.109054565429688 -0.204147338867188
0.16571044921875 -0.161148071289063 0.158706665039062 -0.194549560546875
0.0149688720703125 -0.244842529296875 0.09405517578125 -0.186508178710938
-0.10821533203125 -0.158859252929687 0.00540161132812497 -0.17340087890625
-0.17144775390625 -0.0332183837890625 -0.039581298828125 -0.119338989257813
-0.121849060058594 0.0898284912109375 -0.0217208862304688 -0.0730209350585938
-0.0459136962890625 0.133255004882813 -0.00514984130859375 -0.08038330078125
-0.0400543212890625 0.156982421875 0.00359344482421875 -0.104087829589844
-0.0125579833984375 0.166473388671875 0.0304489135742188 -0.134078979492188
-0.060546875 0.134033203125 0.0971908569335938 -0.128173828125
-0.134475708007813 0.094390869140625 0.135452270507813 -0.05487060546875
-0.174560546875 -0.0101470947265625 0.136627197265625 0.0476455688476563
-0.10943603515625 -0.191879272460938 0.0472030639648437 0.110031127929688
0.0385894775390625 -0.213104248046875 -0.0506782531738281 0.0451812744140625
0.162521362304687 -0.177810668945313 0.084930419921875 -0.097686767578125
0.133438110351562 -0.0109710693359375 0.16058349609375 -0.234237670898438
0.124992370605469 -0.0603866577148438 0.174362182617188 -0.216018676757813
0.038482666015625 -0.1375732421875 0.110687255859375 -0.173141479492188
-0.0473403930664063 -0.100387573242187 0.0368804931640625 -0.165390014648438
-0.0984573364257813 -0.0263214111328125 -0.00216674804687501 -0.124595642089844
-0.0769882202148437 0.0571823120117187 0.00300598144531248 -0.107460021972656
-0.0283050537109375 0.0830459594726563 -0.00449371337890626 -0.126220703125
-0.024932861328125 0.102210998535156 -0.00115966796875 -0.14404296875
-0.00930786132812501 0.1156005859375 0.025909423828125 -0.178985595703125
-0.0457305908203125 0.0953369140625 0.107009887695313 -0.164260864257813
-0.100227355957031 0.0648040771484375 0.153549194335938 -0.0756072998046875
-0.123504638671875 -0.0186080932617188 0.1474609375 0.0333404541015625
-0.05810546875 -0.150009155273438 0.0565414428710938 0.102104187011719
0.06561279296875 -0.142608642578125 -0.0364608764648437 0.0147857666015625
0.142684936523438 -0.0734405517578125 0.135787963867188 -0.128860473632813
-0.0749740600585938 -0.0387496948242187 -0.144729614257812 0.170211791992188
-0.0513877868652344 0.0555419921875 0.0249462127685547 0.0276603698730469
0.0149993896484375 0.0675773620605469 -0.0547103881835937 -0.11334228515625
0.0540771484375 0.0170936584472656 -0.176605224609375 -0.0563507080078125
0.0496826171875 -0.0291404724121094 -0.19268798828125 0.06494140625
0.012451171875 -0.0455207824707031 -0.135482788085938 0.184249877929688
0.00245857238769531 -0.0284099578857422 -0.020721435546875 0.215774536132813
0.00964164733886719 -0.0244979858398438 0.0105743408203125 0.17645263671875
0.0097808837890625 -0.022216796875 0.0138702392578125 0.147262573242188
0.0107154846191406 -0.00389194488525391 -0.00720214843750001 0.139427185058594
0.00802230834960938 0.0191459655761719 -0.00173187255859375 0.139205932617187
-0.0158157348632812 0.0399665832519531 -0.0331573486328125 0.16552734375
-0.0638465881347656 0.00122451782226562 -0.1246337890625 0.176177978515625
-0.0791473388671875 -0.0483551025390625 -0.156967163085938 0.224502563476562
-0.0642242431640625 -0.0898666381835938 -0.186386108398438 0.245391845703125
-0.00788879394531249 -0.143417358398438 -0.163421630859375 0.14764404296875
-0.03778076171875 -0.0477142333984375 0.0193920135498047 0.0212230682373047
-0.0421066284179688 -0.0170402526855469 -0.0537033081054688 -0.128761291503906
-0.0205268859863281 -0.00685691833496094 -0.184494018554688 -0.0766143798828125
-0.01898193359375 -0.000730514526367191 -0.211044311523438 0.0498046875
-0.0205059051513672 0.0104293823242187 -0.145599365234375 0.1785888671875
-0.00638961791992188 0.0393562316894531 -0.0233001708984375 0.210891723632813
-0.00844192504882813 0.0497970581054688 0.01214599609375 0.168899536132812
-0.00674057006835937 0.04931640625 0.0231781005859375 0.1412353515625
-0.0350914001464844 0.0412406921386719 0.0102462768554687 0.129966735839844
-0.0654449462890625 0.0281639099121094 0.0165328979492188 0.131080627441406
-0.0905609130859375 -0.00471496582031251 -0.00550842285156251 0.171112060546875
-0.0813674926757812 -0.102951049804688 -0.097442626953125 0.18243408203125
-0.0379486083984375 -0.1480712890625 -0.133316040039062 0.225296020507813
0.017852783203125 -0.191009521484375 -0.16851806640625 0.224960327148437
0.0738372802734375 -0.226348876953125 -0.157562255859375 0.0946044921875
0.00164794921874999 -0.152587890625 0.0249748229980469 -0.00733184814453126
-0.0858383178710938 -0.123466491699219 -0.0436248779296875 -0.1536865234375
-0.0990447998046875 -0.049591064453125 -0.179931640625 -0.107666015625
-0.099884033203125 0.0159530639648438 -0.21795654296875 0.0172576904296875
-0.0618858337402344 0.062591552734375 -0.1473388671875 0.150863647460937
-0.019561767578125 0.101837158203125 -0.02496337890625 0.179977416992188
-0.0243682861328125 0.118392944335938 0.01190185546875 0.135223388671875
-0.0152053833007813 0.115669250488281 0.0333251953125 0.108489990234375
-0.0638885498046875 0.0899276733398438 0.0365829467773437 0.0967483520507813
-0.121391296386719 0.0554580688476562 0.048248291015625 0.107444763183594
-0.159881591796875 -0.0186920166015625 0.036773681640625 0.165924072265625
-0.120864868164063 -0.176055908203125 -0.0575103759765625 0.186080932617188
-0.02435302734375 -0.226669311523437 -0.102081298828125 0.211257934570313
0.0790252685546875 -0.270050048828125 -0.126678466796875 0.178695678710937
0.155975341796875 -0.269851684570313 -0.11932373046875 0.0186080932617188
0.06182861328125 -0.234619140625 0.0457305908203125 -0.0542869567871094
-0.101043701171875 -0.230133056640625 -0.01971435546875 -0.180068969726563
-0.161178588867188 -0.107086181640625 -0.154251098632812 -0.142532348632813
-0.174880981445313 0.0140838623046875 -0.202285766601563 -0.0253753662109375
-0.10577392578125 0.10089111328125 -0.134361267089844 0.1021728515625
-0.0359344482421875 0.148452758789063 -0.0244522094726563 0.125518798828125
-0.0359649658203125 0.169357299804688 0.0113067626953125 0.0819778442382813
-0.0163421630859375 0.167373657226563 0.0392417907714844 0.0549087524414063
-0.0758895874023438 0.131126403808594 0.0603752136230469 0.04443359375
-0.153106689453125 0.0879364013671875 0.0799636840820313 0.0688323974609375
-0.206451416015625 -0.011688232421875 0.0789337158203125 0.142852783203125
-0.159088134765625 -0.212432861328125 -0.016265869140625 0.176788330078125
-0.02545166015625 -0.272598266601563 -0.0778045654296875 0.180892944335937
0.11920166015625 -0.31256103515625 -0.0751266479492187 0.111091613769531
0.214004516601563 -0.264175415039063 -0.05181884765625 -0.0683326721191406
0.125244140625 -0.26763916015625 0.0811233520507813 -0.110160827636719
-0.078948974609375 -0.301483154296875 0.01898193359375 -0.196243286132813
-0.184417724609375 -0.15936279296875 -0.106613159179688 -0.167999267578125
-0.220016479492187 -0.00257873535156249 -0.159896850585938 -0.069915771484375
-0.137611389160156 0.117881774902344 -0.104621887207031 0.0395965576171875
-0.048553466796875 0.170196533203125 -0.019439697265625 0.0557594299316406
-0.042572021484375 0.19500732421875 0.00905990600585937 0.0173807144165039
-0.0130767822265625 0.194732666015625 0.0390396118164063 -0.00959014892578124
-0.0749359130859375 0.15460205078125 0.0772857666015625 -0.0179290771484375
-0.160797119140625 0.111328125 0.103767395019531 0.0218887329101563
-0.221710205078125 -0.000793457031249964 0.109748840332031 0.107887268066406
-0.173171997070313 -0.220474243164063 0.015472412109375 0.155075073242188
-0.018890380859375 -0.282470703125 -0.0647811889648438 0.138397216796875
0.144378662109375 -0.3099365234375 -0.0215816497802734 0.0338420867919922
0.230560302734375 -0.209808349609375 0.03125 -0.14752197265625
0.16461181640625 -0.240447998046875 0.12310791015625 -0.160110473632813
-0.033905029296875 -0.30694580078125 0.0608367919921875 -0.198577880859375
-0.162948608398438 -0.181533813476563 -0.046783447265625 -0.178482055664063
-0.218582153320313 -0.02191162109375 -0.0991287231445313 -0.102455139160156
-0.143814086914063 0.11370849609375 -0.0630950927734375 -0.0228271484375
-0.052276611328125 0.165390014648438 -0.0127429962158203 -0.0179367065429687
-0.042816162109375 0.190536499023438 0.00567245483398438 -0.0482177734375
-0.010833740234375 0.193862915039063 0.0340728759765625 -0.07562255859375
-0.0686187744140625 0.155502319335938 0.0872421264648438 -0.0783615112304687
-0.15289306640625 0.114471435546875 0.12103271484375 -0.0223312377929687
-0.2091064453125 0.000228881835937512 0.127571105957031 0.073028564453125
-0.15576171875 -0.212265014648438 0.0349884033203125 0.131118774414063
0.00335693359375001 -0.261322021484375 -0.0584259033203125 0.0906448364257812
0.159255981445313 -0.262481689453125 0.0307121276855469 -0.0408935546875
0.200225830078125 -0.121658325195313 0.10919189453125 -0.205810546875
0.1629638671875 -0.163681030273438 0.159072875976563 -0.197097778320313
0.00999450683593752 -0.244094848632813 0.094757080078125 -0.187286376953125
-0.111129760742188 -0.158157348632813 0.00573730468749998 -0.173919677734375
-0.172943115234375 -0.0298614501953125 -0.0410995483398438 -0.120292663574219
-0.12054443359375 0.0932388305664063 -0.023651123046875 -0.0752029418945313
-0.0443267822265625 0.134178161621094 -0.00793457031250001 -0.0820465087890625
-0.0354461669921875 0.158233642578125 0.000877380371093737 -0.104522705078125
-0.0083160400390625 0.16644287109375 0.0269241333007813 -0.135101318359375
-0.0584640502929688 0.134742736816406 0.094390869140625 -0.130279541015625
-0.132431030273438 0.097320556640625 0.136383056640625 -0.0565567016601562
-0.174713134765625 -0.00756835937500001 0.138954162597656 0.0459136962890625
-0.113494873046875 -0.188934326171875 0.0474777221679687 0.111404418945312
0.034759521484375 -0.213775634765625 -0.0509033203125 0.04876708984375
0.160110473632813 -0.181121826171875 0.0839996337890625 -0.098541259765625
0.132926940917969 -0.0137252807617188 0.160110473632813 -0.235977172851563
0.123382568359375 -0.0616073608398438 0.173187255859375 -0.217803955078125
0.0350494384765625 -0.136611938476563 0.110244750976562 -0.175216674804688
-0.0489120483398437 -0.0993881225585938 0.03619384765625 -0.166641235351563
-0.099365234375 -0.0241470336914063 -0.00360107421875002 -0.125984191894531
-0.0751953125 0.0592422485351563 0.000526428222656238 -0.110130310058594
-0.0266036987304688 0.0842742919921875 -0.00847625732421874 -0.127166748046875
-0.0221481323242188 0.102340698242188 -0.00502014160156249 -0.144973754882813
-0.006805419921875 0.115318298339844 0.02191162109375 -0.179840087890625
-0.0442962646484375 0.0961227416992188 0.103622436523438 -0.16632080078125
-0.098907470703125 0.06646728515625 0.154434204101563 -0.0778656005859375
-0.123283386230469 -0.0174713134765625 0.1492919921875 0.031402587890625
-0.061187744140625 -0.148712158203125 0.057220458984375 0.10308837890625
0.0619659423828125 -0.143890380859375 -0.03729248046875 0.017822265625
0.141799926757813 -0.07623291015625 0.1356201171875 -0.130691528320313
0.0209929712174597 0.058782584896172 -0.214133834877305 -0.0331087416422924
0.0734188827799941 0.00415257022424505 -0.0140893937256411 0.0228583790703109
0.0557243630647461 -0.0426601104958381 0.0620747925874684 -0.115738677605914
-0.00746211763642736 -0.0549310694820361 -0.0475498993402492 -0.175884118936685
-0.0397745366696733 -0.0233137955222291 -0.165524160539902 -0.133563941414116
-0.0248679217015167 0.00207859528860607 -0.221128449409253 -0.0344376688880396
-0.0244139309679504 -0.00107104524199512 -0.206414057146978 0.0615608510290722
-0.0257025078476773 -0.00358083804558413 -0.161116508742538 0.0982393760352263
-0.020996505089369 -0.00634063059005327 -0.130731189208275 0.0778151199501833
-0.0102052434496842 -0.0139175948576134 -0.123880001802034 0.0626816198806207
0.0101784847825444 -0.0249718763023032 -0.133207462815319 0.0657449094395539
0.0453426025827538 -0.0192364643139593 -0.171330390087296 0.0434223559704247
0.0578025484707619 0.0325371265590211 -0.208510269359627 -0.01309179903179
0.0190204278441619 0.0748201596972321 -0.258834183806972 -0.0264261597822514
-0.0306277026139198 0.0793640587486161 -0.290018410767474 0.00831325736018808
-0.0952239140956141 0.0618112477894283 -0.197680934102186 -0.0449709956825838
-0.0179735995207742 0.0596182041317625 0.00442770162217185 0.0306228687508342
0.0189811914480424 0.0563024206980548 0.102791203013543 -0.126458877048772
0.0253373649707013 0.0278712494994524 -0.0169048705973009 -0.20886893766027
0.0338998219250119 0.00686384703636018 -0.163662741992093 -0.170703240569357
0.0387178033881986 -0.00680854761448336 -0.226191771759015 -0.0542037315481868
0.0401307986528099 -0.0284142604657174 -0.2089406413672 0.0479131908899989
0.0395531043939158 -0.037986530453758 -0.159026383546866 0.0910634907356478
0.048701988651206 -0.033363875987024 -0.124900294981693 0.0762885029819545
0.0534925469956669 -0.00627937018757062 -0.106481020726581 0.0637286091173525
0.0660745643514436 0.022910782789738 -0.109935926323919 0.0713859782823252
0.0520481338678656 0.0719301674860879 -0.148059148939571 0.070093197453338
0.000260477848425124 0.118158282735873 -0.190547758345822 0.0193045591757896
-0.081427349219701 0.102800204327701 -0.247695696609743 0.00792361203830097
-0.14998062246789 0.0672536511096067 -0.272641190520598 0.0212899883003442
-0.20494680267513 0.0455983317694325 -0.144430968096841 -0.0509980632560991
-0.127890897514031 0.0972467306166111 0.0451346803191344 0.0409425877789646
-0.042627126875151 0.157442539716543 0.160463450427251 -0.127719195502462
0.0434091179195409 0.127626334683409 0.0340507070102998 -0.23528333960018
0.105746641255448 0.0557592644782395 -0.138604359347591 -0.207349238885555
0.104490706352244 -0.00457158864294638 -0.205810275631451 -0.0776226393999501
0.102616551880053 -0.0470655245418048 -0.184932472210605 0.0248597230289656
0.0982855497890991 -0.0678536616842833 -0.132875862279043 0.0703511592617733
0.108530274388235 -0.0629959544138342 -0.09491129629137 0.0658924836978239
0.108618093143385 -0.0121132588113848 -0.0663259040253226 0.0617009517226858
0.122560452316889 0.046306839705081 -0.0694056199936456 0.0810604270731501
0.0799931386061201 0.139626400181364 -0.112149981030821 0.101722156086142
-0.0229868457052553 0.195507042104309 -0.164012438958959 0.0569133707421636
-0.149815348984093 0.139990725878892 -0.219477346948402 0.0369018314945077
-0.242511131033515 0.0611764200903112 -0.218848024676663 0.0352001062256389
-0.286319692822366 0.0118427170246502 -0.0590140259764274 -0.0464622151291387
-0.233872756838772 0.104857867348746 0.104345139005026 0.0577880391478305
-0.12383420579157 0.236025227383986 0.223784986229334 -0.109180000732458
0.0358975868984221 0.224602249131462 0.100481906499505 -0.238265603973218
0.158209322637772 0.116478011216742 -0.0872213837564219 -0.228779797284728
0.15899907742657 0.00991029531649679 -0.158380560603932 -0.0970365933696897
0.152350478767564 -0.0535813838919492 -0.136091276231146 -0.00215912743336266
0.143923896609579 -0.0888653855416353 -0.0862697334028585 0.0397857317310285
0.151192356996105 -0.0889488849158999 -0.0470132566064924 0.0445969977681443
0.147118199236594 -0.0260844641150998 -0.0129799512279929 0.0509962380396362
0.165481348544318 0.048762530119647 -0.0180576587836936 0.0854876335237593
0.11326544687607 0.176852731023403 -0.0649043980763533 0.123723433676559
-0.0225471087845501 0.246706572579933 -0.129065159202057 0.0856465280060467
-0.185312237969611 0.169585849270734 -0.179501710277199 0.0479459155674485
-0.296359785623446 0.0548035025477504 -0.141624558214113 0.0398488619140018
-0.318529388545811 -0.0271209235246215 0.0461315351230676 -0.0303867265045435
-0.302292233113482 0.0804649154044252 0.170159822274606 0.0782085928557276
-0.199316537723008 0.261984415148645 0.273289767131009 -0.0689350817628347
0.00339575853379828 0.284540312047891 0.164707867322981 -0.206962534871471
0.175816321100919 0.16633979832666 -0.0183592055634502 -0.220267481305555
0.187769536895262 0.0286797098219515 -0.0892414881070877 -0.103886986560777
0.177936322430636 -0.0496203970989203 -0.0692185724665995 -0.0267850097056803
0.166251685872266 -0.095656584752123 -0.0272334094542536 0.00508657279751942
0.170902368202822 -0.102581378641216 0.0108100728303972 0.014648598180262
0.165105860942619 -0.0384523660389715 0.0452612197903221 0.0326024815483866
0.186122338371895 0.0408526356602896 0.0360489846647077 0.0817143275489136
0.129830546460318 0.184490976505511 -0.0168336321142329 0.13229696293981
-0.0195561636023197 0.262700242115504 -0.0926575541599884 0.0997901453644121
-0.196861218433965 0.17352225678089 -0.136561806161264 0.0398732869415012
-0.308971598953247 0.0384133785235188 -0.0533477273715576 0.0349136347645343
-0.292150866606832 -0.0580281835650599 0.151742277288508 -0.00556845500884858
-0.307521114602091 0.0357738501918225 0.22746135081027 0.0959835414334435
-0.235049451856156 0.227853441449657 0.293097971236344 -0.0188877903702591
-0.0352818131210635 0.282299429711747 0.2059904248757 -0.149343880256084
0.155685591549591 0.182863348296335 0.0491614495066094 -0.182558353589314
0.182677702659518 0.0410205849324352 -0.0136887252178365 -0.0954486461874028
0.174571441780035 -0.0394563844050791 0.00320287330785238 -0.0463726918727053
0.164177080007577 -0.0883812607953707 0.0336987471720558 -0.029838895342695
0.167997553556536 -0.0996295203192397 0.0693139970710993 -0.0174632189142297
0.161646891659863 -0.0402324390060286 0.100912061859598 0.0130111434016685
0.181348123332877 0.0351023557435409 0.0847091613467623 0.0762692852138901
0.121125967259886 0.174072132901333 0.0219345250369802 0.132655937854822
-0.0287755778694924 0.245300011785512 -0.0642035394877224 0.103386268527644
-0.1939606098837 0.146757201064431 -0.097162474360772 0.0216383913197014
-0.281933598888849 0.00835709737188797 0.032796684160241 0.0271304881963609
-0.212552760494001 -0.0714927277147363 0.235764593786849 0.016140516283732
-0.246205842885787 -0.00647953476715022 0.266448441735599 0.100868381247792
-0.21049308924066 0.154779717360086 0.280782817346632 0.0207212444271806
-0.0558531587416215 0.220965259322141 0.215130097733913 -0.089741964649712
0.111406370788787 0.157491728585214 0.0970912080058293 -0.131472747516393
0.147580721018406 0.0412156546758628 0.0519559256804571 -0.0791527856424909
0.142513922901174 -0.026267924409677 0.0677214166993604 -0.0601575805538464
0.137330678989466 -0.0687401286130824 0.0877230290654344 -0.0598795013218637
0.14195432771802 -0.0809722967323486 0.122910203111942 -0.0467650198336161
0.139437797177456 -0.0311006561624921 0.149031598293513 -0.00207404408765405
0.152618535441887 0.0331574693979862 0.123958764049267 0.0775403187315559
0.0914687647880637 0.151231408621822 0.0487504192448673 0.134479320573371
-0.0449638291862117 0.201460921804268 -0.045977359315418 0.105194543943374
-0.177199575222864 0.0976582048599026 -0.0629092600313794 0.00429102911867108
-0.22165437377946 -0.0295535556576043 0.107928422511816 0.0259904229991762
-0.0955531793065593 -0.0694668082764776 0.28263839468294 0.0250283744519514
-0.139107145083898 -0.0366312051760713 0.281544021304745 0.0850281331266126
-0.138063596135396 0.0700384269930422 0.250062233369761 0.035417357783664
-0.0522969849850911 0.1267003939298 0.201028780580687 -0.0498950488494139
0.0573765077775523 0.101279126874267 0.121434655491289 -0.0890419704503891
0.09032970487801 0.0308196457424492 0.0959358110599197 -0.0651938301208002
0.0886484327359361 -0.0120075254353325 0.112688138635599 -0.0680427356384027
0.0885269474342744 -0.0397797597406397 0.127606077615578 -0.0812450529786775
0.0958848113939272 -0.0495706901380316 0.165268301940974 -0.0656566860191388
0.0999780534527344 -0.0160954817029401 0.185747883760909 -0.0058868011558701
0.106094097982673 0.0302198722184876 0.152990591850087 0.0900690476998744
0.051119217758124 0.113425878098248 0.060745153544948 0.143123621302491
-0.0564179073636391 0.137770650460864 -0.0404974461882252 0.109153683727366
-0.141143829740845 0.0378876723443061 -0.0354356374831839 -0.00461246117436047
-0.133127002391294 -0.0646319640010312 0.164703848496766 0.035164023563428
0.0238354205719347 0.0569397193299388 -0.213823640677582 -0.0220340694812519
0.0717208378155117 0.00070009281320209 -0.0108903566118089 0.0247493870122281
0.0529261291949787 -0.045307579033756 0.0572444873455304 -0.118168610429019
-0.00914003372753482 -0.0531065097650211 -0.0558029678928414 -0.174054789707428
-0.0402970880686933 -0.0201517839356842 -0.172866635189651 -0.124638650605071
-0.0238871943960986 0.00305566960105947 -0.223103498176183 -0.0216414745172394
-0.0238543104172672 -0.00029454533440253 -0.200642465997954 0.0736347402139815
-0.0256366854494044 -0.00222733648816877 -0.153010798365006 0.107778092394582
-0.0200931076618606 -0.00595315429621888 -0.126430934991771 0.0848178775834174
-0.00992965948363288 -0.0142647545502299 -0.121230499222972 0.0713732942868377
0.00997306525754755 -0.0249685587671526 -0.129783910646411 0.0729510589847789
0.0437833616882 -0.0199040532094897 -0.168058201215683 0.05174978210092
0.0592084860426694 0.0298184024260576 -0.208563980761516 -0.00464706319619861
0.0222137388178894 0.0720568522457375 -0.256999048873408 -0.0152711454043637
-0.0267112508604063 0.0794669965997255 -0.29045459269419 0.0201400791016981
-0.0924646007260123 0.0660128277161733 -0.197703971355778 -0.0342465220309819
-0.0155567252202625 0.0606198357221988 0.00795031081346037 0.0302252654641208
0.0221501170281896 0.0554993502333902 0.097329964050316 -0.131148820070564
0.0274396846713624 0.0280533404455558 -0.0261574427406832 -0.208229274956384
0.0342625309389999 0.00625742248444924 -0.172857649164172 -0.162142530047116
0.0394888664979151 -0.00886241658228818 -0.228807314051904 -0.0416984526880811
0.0388245291387674 -0.0312313601709942 -0.203976558018641 0.060132868889876
0.0369898370586172 -0.041329272316864 -0.151058871745487 0.100396655939568
0.047462920848476 -0.0370045535388356 -0.120311560549258 0.0843528127880185
0.0542787787916112 -0.00935186464832412 -0.103355668436097 0.0709787647743546
0.0683544070053204 0.0190050411269433 -0.10675816144666 0.0779882434316044
0.0550524325214019 0.0700777237081653 -0.143358204980854 0.0773824795116229
0.00668654941309726 0.118226486017777 -0.189574688293751 0.0269493632989269
-0.0767054467226305 0.105413309027929 -0.244853659409174 0.0184824861452913
-0.146410693519457 0.074091060673814 -0.271245978948499 0.0332047171622629
-0.202490638953683 0.0556421999580076 -0.144610840865459 -0.0431825628035788
-0.122492314580874 0.103061031717067 0.0493577754000396 0.0392175669239588
-0.0335271500402095 0.159601524797753 0.155071607899611 -0.134999891272993
0.0496924185017126 0.126570977277026 0.0239110436354646 -0.235918266245767
0.108136438539628 0.050726487142797 -0.149654084615775 -0.200386402688187
0.10420344748678 -0.00952539104937911 -0.209737152206412 -0.0664412629932025
0.0995976084471662 -0.0528238890508113 -0.182064755852027 0.0354875883563658
0.0944749389388754 -0.0746873359760797 -0.126092993170229 0.0782483888046531
0.104713545153112 -0.0698608627162441 -0.0904726911011561 0.0716556743649098
0.108299219753719 -0.0177447968105658 -0.0634820264305214 0.0665299154457186
0.125785957465531 0.0393507336234035 -0.065600825984879 0.0868625541155783
0.0875786906001241 0.136356515621449 -0.105234872241294 0.107586903703918
-0.0121685651039739 0.196388035479017 -0.16198944441367 0.0640509203837113
-0.143214619544622 0.146717614970803 -0.215929906275942 0.0466082871097015
-0.238905913966657 0.0733866003253469 -0.217735358823584 0.0448691015502794
-0.28454128816941 0.027121538636592 -0.0597093066430082 -0.0427155707681333
-0.226960239990581 0.116812426614489 0.109350959721667 0.0524279332791669
-0.109554374251287 0.241252878660393 0.218825801392586 -0.119180901641991
0.0473712942091928 0.223759937519113 0.0898696205527978 -0.241591136569925
0.164215835103554 0.10707174249507 -0.100092772966326 -0.223633765688507
0.159114121317777 0.00206204531899283 -0.162589952407802 -0.0891324186055168
0.148679908701181 -0.0620952036714871 -0.135122243824033 0.00535024809680075
0.137577505998879 -0.0981320478754939 -0.0822869069294548 0.0457590323325476
0.145302063053703 -0.098193635934122 -0.043663548283768 0.0477802378596082
0.145661064935339 -0.0332207231987273 -0.010608622165868 0.0527181378870178
0.168254862028496 0.0391271390613418 -0.0137981654922601 0.0880773359554145
0.122467431582135 0.170558870609874 -0.0568189818031332 0.127363309649186
-0.00795570410132319 0.247307475551675 -0.125734848471759 0.0918996133000193
-0.17660464236722 0.178753871203362 -0.176221909375809 0.0563340046068875
-0.293984478493473 0.0702656498818186 -0.139920657326739 0.0460657572413631
-0.31959132842983 -0.00962309715086698 0.0460708345490883 -0.0312583860687086
-0.296514978428396 0.0957005108761199 0.175431040492463 0.0701441859871455
-0.182756707085065 0.271134537634494 0.269856546157474 -0.0808719390135558
0.0175605007903375 0.284280624966522 0.155459206571816 -0.212801720925154
0.184660622623518 0.155126576576444 -0.0310432360159793 -0.218866772080091
0.18916521910038 0.0191979632000484 -0.0938907808561506 -0.0996987973889255
0.174958430564746 -0.0593954849114755 -0.0701759037794464 -0.0239787578790171
0.159414336751477 -0.106237943743648 -0.0263212605677086 0.00651884136722568
0.16394464175068 -0.113450543437523 0.0122152570068063 0.0139318919783546
0.162759550610296 -0.0465310943686059 0.0464356050881193 0.0304848514592732
0.187356583525414 0.0300465776610276 0.0399665763360948 0.0815450374347377
0.13962046232325 0.17691416539872 -0.00843351441965471 0.133154890337524
-0.00498864190573805 0.26221114976225 -0.0895653991089035 0.104283406963649
-0.186728177442844 0.18321776419305 -0.135372319807833 0.0473712390364753
-0.306498126419274 0.0551922171609357 -0.0512391006933043 0.0375243104188456
-0.294567480328725 -0.041224856304409 0.151733187487731 -0.0112261180888359
-0.303589711505863 0.0507809253554829 0.232332116983326 0.0847416181394346
-0.219928761607275 0.239335810050392 0.291147594333762 -0.0313967886652067
-0.0215347058660933 0.283257148227108 0.199026565952975 -0.157611889659392
0.165465882600115 0.172722229765495 0.0385758092437294 -0.184660248290759
0.185062073306309 0.0318839418162033 -0.0176212074942829 -0.0958633565319673
0.172665487737716 -0.0490090923745588 0.00043496373663642 -0.047836181398507
0.157752949392294 -0.0981789313445592 0.0317679016452546 -0.0320348906423714
0.16073067366037 -0.109654128769823 0.0683825263100109 -0.0218655832778272
0.158602164731052 -0.0475417631568032 0.100922026871853 0.00684470314819192
0.1811681649453 0.0245760958058081 0.0887812699244871 0.0735428808239961
0.130123576458214 0.167986012610008 0.0301769001964496 0.131321947284755
-0.0143873186361079 0.245872454349577 -0.0605762848658635 0.10717506967202
-0.184697936810772 0.156327929761922 -0.0968702125347591 0.0273678749466813
-0.281345804703339 0.0234816560627988 0.0343856442068388 0.026066121252714
-0.215167271545408 -0.0591654416978827 0.236958699221706 0.00624649206851332
-0.244691926636691 0.00519414570650015 0.270561340302452 0.0884525408019138
-0.1998939518103 0.16429575769275 0.280785425493598 0.00838133760858204
-0.044884388469598 0.223567606450449 0.211103320956557 -0.0980769226416554
0.119813298041035 0.150285222406091 0.0902558419338797 -0.136846888037401
0.148979828578812 0.0328401488956152 0.0485482929417625 -0.0833597151871882
0.140481901298109 -0.0340636553905513 0.0638480479488695 -0.0654709966752971
0.131739268894947 -0.0769938277678942 0.0831163368983543 -0.0648331875506472
0.135575326892466 -0.0884988100052988 0.119301493769521 -0.0537684685621975
0.137175267318904 -0.0384724953030422 0.14793203176583 -0.0106726298235303
0.15273737591479 0.0242094440590552 0.12889841963545 0.0724322885498438
0.0985539628434616 0.146252796920019 0.056260424264334 0.132488284744598
-0.0333770472279391 0.202494634110444 -0.0429660929784817 0.10762475858827
-0.170370763571055 0.106580451596783 -0.0638991584811405 0.00870500801314252
-0.22277965730675 -0.0172012172040052 0.108899610240233 0.0207329694648976
-0.0989473634283669 -0.0627456252131651 0.28429967657347 0.0133920307891884
-0.13897054158947 -0.0302165700117791 0.283859529396471 0.0721200239829167
-0.131878049566037 0.0764955135438215 0.250847733694438 0.0242566086713726
-0.0454370120224061 0.128128910764122 0.198697470023627 -0.0583291931447853
0.0629249775201503 0.0969610115954931 0.116879864118127 -0.0951224138559797
0.0913627694983967 0.0252515185290923 0.0925589637777046 -0.0711785241836392
0.0868836161675447 -0.0170102448693754 0.107564471917861 -0.0761401421413018
0.0854963615084591 -0.0447361180372182 0.121324667705672 -0.0883433119383153
0.0914924573633683 -0.0547867935788409 0.15970687832839 -0.0752010697866751
0.0985643188810225 -0.0211921904609222 0.184019415919364 -0.0168445762761958
0.106563210760927 0.02438475600224 0.157250120658915 0.0827728903998445
0.0563392514570321 0.110480630243986 0.0679272575827578 0.140050674709776
-0.0475103772768306 0.139151615335058 -0.0364785166700974 0.110835067552299
-0.137285540451328 0.0446323453969555 -0.0375561293423657 -0.00114249387865873
-0.136661054475384 -0.0568311415829516 0.165875870762673 0.0273525504950027
0.0257413543182344 0.0538672063311443 -0.208482938926675 -0.011144269080064
0.0690077823477943 -0.00237526431188683 -0.00795337152460776 0.0252354672457348
0.0489234513126907 -0.0459212497280693 0.0522051445412622 -0.118657996082538
-0.0109957248191903 -0.0505843118565559 -0.0616184499577885 -0.168049638781116
-0.0394759969022039 -0.0158185716904395 -0.175434959594303 -0.114122196727389
-0.0223467060532081 0.00359833711078927 -0.220299172401596 -0.00932005087360736
-0.0227961973949347 -6.87819213649864E-05 -0.190249339928855 0.0825562429233651
-0.0248528733075251 -0.00127867079698302 -0.141486761899898 0.113598098198408
-0.0194274547902965 -0.00563852801524801 -0.119154907454251 0.0913151528067667
-0.00947221523470154 -0.0139396517242085 -0.115675252144033 0.0775771375354524
0.00930990809082773 -0.0248782267002378 -0.12339395721977 0.0788092394905326
0.0412479249824712 -0.0205675652381016 -0.161595567220435 0.0579688604867712
0.0593108862596296 0.0269076118534478 -0.203607383716523 0.00333969138532285
0.0238631150643511 0.0685672103575773 -0.249375549495447 -0.00639204745554489
-0.0225087500464411 0.0785147948223392 -0.283351376918401 0.031070756749369
-0.0878165500638084 0.0684240090409798 -0.192590530635845 -0.0239941541375801
-0.0137980997669334 0.0599088123454433 0.0110422867230384 0.0298594350981136
0.024272637179465 0.0534400442084325 0.0909411890182464 -0.132608446185192
0.0289123510140848 0.0272545977767481 -0.0341825776786676 -0.202973248034688
0.0341492735589111 0.00567191877578631 -0.177392763642379 -0.15022297195927
0.0388148810371224 -0.0109342432692765 -0.226175971250768 -0.0294701547383682
0.036590593747047 -0.0330698494036713 -0.194250307087165 0.0696448626153744
0.0342609046196567 -0.0431179388792854 -0.139760411977788 0.107182974247522
0.0446969745646614 -0.040040964697691 -0.112877131033989 0.0899748488002749
0.0536859327702922 -0.0123759061863093 -0.0977944641462559 0.0763343011124206
0.0689975171655707 0.0151055054059758 -0.100816264648065 0.0828201765370105
0.0575889629702229 0.0673441312384827 -0.136065296187879 0.0826660971990212
0.0128480030246976 0.115733205001631 -0.184635636361839 0.0338804981049725
-0.0712560135167709 0.105802698598547 -0.236343129623794 0.0270953919442089
-0.139697075025059 0.0788926249802396 -0.264933618348847 0.0431435341592658
-0.196050484536711 0.0642297138373262 -0.141062214608241 -0.034750715826043
-0.115694594810488 0.106552606987359 0.0527107670840373 0.0365349909478408
-0.0249050909452765 0.157095161598985 0.146581898343459 -0.138330696974734
0.0554688360490664 0.122753509304988 0.0136369748509082 -0.232049479549541
0.108950654534747 0.0444860152086195 -0.156919282435705 -0.188072063529773
0.10257145020281 -0.0144030534206717 -0.208276770629215 -0.0552271233594094
0.0950137114883189 -0.0570662882011079 -0.174055630818544 0.0445009557974528
0.087536618824557 -0.0796884596384435 -0.116942680646153 0.0837303084207823
0.0989554855442249 -0.075443681061265 -0.0838508610855688 0.0761723603867532
0.105623228008663 -0.0231168737373079 -0.0590136111732826 0.0704915070067448
0.125093237159543 0.0319040057394392 -0.0597988803509093 0.0895872742338773
0.0932914712806091 0.130121628564756 -0.0970536141572427 0.110250787061357
-0.00149057735183733 0.193634922934083 -0.156576529648592 0.0690528046481387
-0.134455515294006 0.149149782539173 -0.20798783808147 0.0547186427308276
-0.230951126725433 0.0830779250960307 -0.211527138938574 0.0531488107531222
-0.278114963583897 0.0410548288751479 -0.0583910529518669 -0.0380697230617956
-0.216489777507244 0.124695394044615 0.1107201508115 0.0471197383799504
-0.0938821310024428 0.240931971173602 0.209657490060718 -0.125071360133057
0.0561526788221328 0.217959998226433 0.078863283392938 -0.239628210896327
0.166251575972895 0.096233647218757 -0.109328089741261 -0.213190159427725
0.156596427171752 -0.00606742322740265 -0.163715925702967 -0.079505633642255
0.141993614483738 -0.0682576101773167 -0.130085436360116 0.0122063517663274
0.128381046934085 -0.104492528899993 -0.076290332509417 0.0487671868270677
0.136009326835537 -0.105435142751626 -0.039615865112177 0.0493619590389405
0.141084621635143 -0.0398427888731233 -0.00808270516676992 0.0535778812252754
0.166515354832974 0.0294729583252277 -0.00869183571955637 0.0889728139064993
0.129136667662013 0.161652950247552 -0.0484194002897496 0.127239066184392
0.00521449263715765 0.242195011013789 -0.120497504383771 0.0956152749293188
-0.164562800194553 0.183099400535272 -0.169992663076712 0.0632176911903222
-0.284730839933014 0.0831478411436509 -0.135274838164467 0.0515713647389397
-0.31290031823386 0.00703088165717411 0.045267995992428 -0.0315975081260304
-0.284237917439399 0.106794595607442 0.175659994554038 0.0605120152719638
-0.164065001435476 0.274192748842362 0.260954479130475 -0.0902470359445131
0.0306195515692396 0.278855530314774 0.143617108185912 -0.214155722214239
0.189156349961469 0.142005265594728 -0.0419089972935449 -0.212560021280882
0.186406370320461 0.00944811311845976 -0.0965813225858205 -0.0936486624978313
0.167627524090401 -0.066766029274164 -0.0697032241225947 -0.0205240761098946
0.149331749851726 -0.113780907433579 -0.024761179674284 0.0076468447695879
0.153390374252363 -0.120591713498297 0.0131170443892773 0.013504533410471
0.156253361330595 -0.0532854950639344 0.0471097725614563 0.0280502108993776
0.184493602387162 0.0193194510581389 0.044205956133631 0.079393677501172
0.145633788714971 0.167219279021293 -0.000863394048282612 0.131242390148992
0.00948792421826106 0.257251192292841 -0.0844939156247018 0.106484733720121
-0.173909486442641 0.188369912925939 -0.130475937782262 0.0536637696160856
-0.297686472257052 0.0688563388272788 -0.0490628885690403 0.0388621151630817
-0.289953191031643 -0.0250882821936357 0.149092745470629 -0.0167903213731133
-0.293762025873897 0.0632712661696138 0.231159362408158 0.072887777562345
-0.201616639323757 0.243834667104448 0.283753350505488 -0.0423307253316393
-0.0080937684106694 0.279536660525497 0.188908710974743 -0.161544904532426
0.17065535735266 0.159689757326867 0.0278413878313966 -0.182273751708175
0.182691735374031 0.0217114869863109 -0.0216261200573906 -0.0938890609980399
0.165443591960115 -0.0560990793909467 -0.00196938547297698 -0.0480149289023069
0.148153953558335 -0.105352718121611 0.0292741490784305 -0.0333621584156887
0.149467115255696 -0.116283362030907 0.0660981802671904 -0.0250914901696547
0.152652836455664 -0.0548344842080365 0.0987321747007996 0.00198755646640321
0.177455688045303 0.0142771495427153 0.0910951564236813 0.0690020871622051
0.135660655854107 0.157919721004121 0.0370223277110573 0.12756821155064
-0.000781505668415625 0.240515023358981 -0.0565787737691117 0.107415287389191
-0.172766393399264 0.161862059029183 -0.0949184031830018 0.0326825981724347
-0.274454423945847 0.0373405770573248 0.0348057527894709 0.0235102449153253
-0.213444418104459 -0.0459245628248503 0.232522674752552 -0.00276374239305451
-0.238268954279825 0.0161586006186757 0.268403266868653 0.0742547482307903
-0.185644403431127 0.169820320313433 0.275446973351959 -0.00332111269213911
-0.0336336820266048 0.220922274792138 0.203482664235003 -0.103774547644743
0.124749398628422 0.139851210521025 0.0807334613113504 -0.137892861442448
0.147237796909586 0.0241251050323222 0.04381510338999 -0.0852094090104414
0.135543020015057 -0.0400887033036824 0.0584561421727908 -0.0688350390990185
0.123805588906502 -0.0824641377239936 0.0774306248580241 -0.0684003914699557
0.126362623236277 -0.0942789727015606 0.1131052130836 -0.0591350815575954
0.131841269111147 -0.0436272859034231 0.143664429937352 -0.0182531759874423
0.149415125394499 0.0157896026431946 0.130342112140039 0.0657034530017318
0.103425653987013 0.138277316648726 0.0616583470327175 0.126863772870556
-0.021223749772644 0.19900875149328 -0.038963561557383 0.107959844554156
-0.160630044372275 0.112141805724182 -0.0632509592322427 0.0129822969842252
-0.218845891116163 -0.00578168790008459 0.107300366072302 0.0148650628204247
-0.0993323497100193 -0.0547819835956379 0.278430556390874 0.00231111416346555
-0.136208535700735 -0.0231901616907283 0.280067972339156 0.0589178557131797
-0.123765970938757 0.0803583898457113 0.246638152557833 0.0143890130184283
-0.0388599224835902 0.127346054408152 0.193081993506387 -0.0648464387398229
0.0665958219257148 0.0905128932435571 0.109828655251826 -0.0993059533647523
0.0895738986585135 0.0190912312246072 0.0878084027394865 -0.0759229181887136
0.084280129550221 -0.0206923811503026 0.100977376331193 -0.0817291353032501
0.0807942236794469 -0.0482700198039185 0.112273764426773 -0.0934049712114667
0.0855191709823155 -0.0580329330877755 0.151180399456432 -0.0824682540655686
0.0946864174690269 -0.0253928989140305 0.178565537477779 -0.0259855969894263
0.104646373482522 0.0184750935567729 0.158942196032151 0.0734677635915475
0.0593202980891817 0.106008851233245 0.0729883547217814 0.134128546298997
-0.0386261780952689 0.1370298524495 -0.0323898763913507 0.110855214808454
-0.130483317247209 0.05001224593949 -0.0380763048587726 0.00203499251087225
-0.135848701229701 -0.0481807274676605 0.163941610352025 0.0185824198999768
0.0411348848820262 0.0427632241104852 -0.197050390339074 0.0565973855265393
0.0620190766874425 -0.0251364177827379 0.00122381082828511 0.0290706242938742
0.0278299101164918 -0.0594952230156393 0.0132769565907785 -0.122663608923944
-0.0282729842818269 -0.042694162348412 -0.108092031056199 -0.136460726457749
-0.0417560383942104 -0.000797925851098464 -0.197322707731544 -0.0504092042979837
-0.0212104706273943 0.00949528078076608 -0.2045135443722 0.0650857503543008
-0.0229521591344325 0.00789826396227787 -0.142813510284594 0.140485902874404
-0.0237450635002585 0.0074985585278627 -0.0868110090126887 0.149790024100439
-0.0195976366020259 0.000138098346714204 -0.078078010878596 0.123589999414042
-0.0117114265716393 -0.0101416884473016 -0.0804463320075131 0.109955499672367
0.000543980988077754 -0.0256883590207549 -0.0860117715303328 0.112508952918146
0.031306466679491 -0.0313075357962239 -0.130427791451991 0.103925508021903
0.0625470944615566 0.00626321277651005 -0.18745780638926 0.0647395912288759
0.0445085794157151 0.0547062464436911 -0.229202913396335 0.068230764518619
0.00478082277577394 0.0780291118248194 -0.248230440110499 0.110814224555182
-0.0597629927830749 0.0959474959035669 -0.183044685193317 0.0354164701433122
0.00818544022412657 0.0611708371711687 0.0199900908302191 0.0213589863519764
0.0400231410997233 0.0398336883825669 0.0387189825140872 -0.151494298859138
0.0357989752258731 0.0143929775187173 -0.0988804563372096 -0.176396819380668
0.0320001596447186 -0.00664107822233655 -0.213088748438148 -0.0797393266722866
0.0295734937532017 -0.0233562638828858 -0.216526630483608 0.0510103093034477
0.0212745312456639 -0.0428272096350686 -0.152918073862813 0.131305383986811
0.015748043511149 -0.0495696035799236 -0.0873735034267896 0.144736255702582
0.0267523851277562 -0.0516746780709342 -0.0722154569709002 0.12096442533891
0.046206512610987 -0.0291424332564926 -0.0653292284721429 0.103786241964464
0.0677293293201343 -0.00896520913015304 -0.0655520632750814 0.109960181376339
0.0749906313329022 0.0437018745940669 -0.0988768590083033 0.11651875054831
0.0488337953160394 0.102092862535487 -0.158839397167715 0.0856948031158316
-0.0301473816790128 0.119580456045301 -0.205742597346823 0.0965367943700496
-0.104623076006224 0.115517934543999 -0.224076843396639 0.119767736096286
-0.161827120049532 0.129260618193986 -0.137058418743936 0.00594337916370398
-0.0693175921778805 0.139342229016247 0.0600688083877838 0.00806998155432352
0.0322086223927517 0.151264092218602 0.0834101896661673 -0.179170748665907
0.0942996150861816 0.0918064852276346 -0.069117489863391 -0.218471956934867
0.112752033603683 0.00315640000750593 -0.209536323410539 -0.118149484862612
0.0863839008977461 -0.0471422825712378 -0.210081715969924 0.0232625084702005
0.0671681069283433 -0.0848099574343218 -0.144366479603672 0.103067614657019
0.0516741855406267 -0.100145881542364 -0.0744853082653555 0.118002231412747
0.0634140842695417 -0.101446916076214 -0.0498265635590372 0.0990710103658332
0.0899244748503353 -0.055426590188609 -0.0324906131513018 0.0859657956891055
0.124573522911628 -0.0127912071969431 -0.027484647371089 0.103689860665575
0.127991809231462 0.0893978658568747 -0.0552909938125541 0.128921431245821
0.0616310033186272 0.17665937303134 -0.121683284862167 0.108845590352392
-0.0734930792105669 0.180683544381672 -0.169991733964131 0.1135775500653
-0.187601392842477 0.148729461131392 -0.170896240092557 0.115615486833163
-0.246866167090027 0.13584165588381 -0.0589262662781585 -0.0255559704120793
-0.156388718893928 0.189944507809815 0.118897057041268 -0.00548438843371563
-0.00199081841509909 0.251402812731639 0.142357519192009 -0.193072576988012
0.129753656066563 0.177223124513192 -0.0162350520233034 -0.247759335924649
0.182455472093939 0.0297481824958141 -0.176864230532209 -0.154724536894877
0.138710187766447 -0.0574672010080325 -0.177575619007175 -0.0124660752446855
0.107586556142586 -0.11113265891289 -0.118098191376149 0.0594521648449473
0.0805081667081396 -0.13599114472477 -0.0498983182166416 0.0737726127896397
0.0878332763226069 -0.14084813034058 -0.0179562713687133 0.0603162004413606
0.116212581365163 -0.0821638401576192 0.00853331014304453 0.0548663072437651
0.160570686338014 -0.0288197044324317 0.0182475174054641 0.0869928582372837
0.171356705527592 0.105892023664429 -0.00649280198574005 0.129163634140964
0.0839291594155954 0.219054491572948 -0.0794731838080787 0.12161199895328
-0.0900109734162708 0.221694634028165 -0.131676475519596 0.111498142905889
-0.238061487421453 0.16623893232742 -0.10013821174186 0.0925896571192727
-0.290002953458074 0.11641312329916 0.0404793007749094 -0.052981091818979
-0.225353548136844 0.196934820815613 0.185367887855939 -0.0157361148150074
-0.0540941574980131 0.304356708340132 0.20007315742089 -0.180604695079751
0.128040445948083 0.241683287585299 0.0495415174721741 -0.247232165089648
0.218345258848357 0.0632423791529137 -0.116005607179945 -0.174943036113702
0.171612566837663 -0.053884726302967 -0.121808274807256 -0.0471541016677457
0.132800843626239 -0.118660056487445 -0.0744476028268017 0.0088706052816114
0.0966194663215729 -0.151607449610294 -0.0180301659440708 0.0193699992178225
0.0968172356797083 -0.159950041234134 0.0175076745642621 0.010526486966921
0.125729899189542 -0.0995371523003447 0.0502262169897231 0.0141803868196885
0.173123439910922 -0.0433058856266969 0.062867482903799 0.0612236147355786
0.188005281046178 0.105403424591615 0.0376937825117502 0.117474433189742
0.0926300841458549 0.231436756546247 -0.0432673497998811 0.120710194120876
-0.0965285106122771 0.229288900025557 -0.0985757792414258 0.0907515763388227
-0.254984864009781 0.158171354658955 -0.0255387876540854 0.056192245949893
-0.278999928442157 0.0768554307411223 0.141018120834908 -0.0709282119223937
-0.248346618388672 0.159746436026629 0.242221260189715 -0.0205381605713196
-0.098428364988583 0.289997265443617 0.238830221977361 -0.145839775524118
0.0939707959974519 0.256224218392827 0.109543008086643 -0.215272862229324
0.208591111484267 0.0854809177291559 -0.0428908424567721 -0.170920019736711
0.172379299465881 -0.0419740082747816 -0.0538531350207825 -0.0733333691230394
0.134653223726086 -0.108529701982616 -0.0234768141245363 -0.0401653746123607
0.0985759939895838 -0.143744464548306 0.0162440380026763 -0.0362618443638875
0.0953176344719232 -0.154877898396407 0.0522766246690973 -0.0419546205987734
0.121272726039866 -0.0993925416431091 0.0891124718276146 -0.0267532690155937
0.165370422595643 -0.0453993000496397 0.102769267272435 0.0366576359418137
0.175130446441022 0.100657969351261 0.0705565678800507 0.102715361939947
0.0775484072144562 0.219294220662228 -0.0168751846732002 0.113527511886663
-0.103515361714241 0.204603076457737 -0.0723275329389181 0.0618355075481983
-0.243022384035516 0.121658034931289 0.0441353229646225 0.0169620311213921
-0.214051315760424 0.0308535195711982 0.22143592894625 -0.0821788594173245
-0.21290916440214 0.0959167712450948 0.277309728867108 -0.0261359068598022
-0.109458554083652 0.216580398146367 0.246739161936398 -0.103384951986397
0.0501931394709769 0.212543323557833 0.14495091528018 -0.167473852151465
0.160285028167463 0.0831311735972862 0.022834863527249 -0.149963638993742
0.141585665420877 -0.0276046373572519 0.00945981563983906 -0.0889198952634862
0.112292885277348 -0.0835001650815861 0.0250227617007692 -0.0812467935660014
0.0846182629541972 -0.11520293330199 0.0461254277928244 -0.0852176710382492
0.0823379736068405 -0.126734071088991 0.0830427003297598 -0.0894425745080684
0.105815065133724 -0.0832317486877436 0.123294735703556 -0.0604728416509388
0.140272800672607 -0.0343087821497906 0.137161351268478 0.0192014451410991
0.138773719647079 0.0929902468443039 0.0933749579862309 0.0951215016731945
0.045137060509689 0.187467439954153 -0.00087243857161555 0.108849839571383
-0.108709594603113 0.154740163620986 -0.0509666647756385 0.0343245546646032
-0.205357508756851 0.0646958926891008 0.106432458367906 -0.0135889586811398
-0.110018885172394 -0.017459288756423 0.262463764414309 -0.0876572845750968
-0.132253655926707 0.0233275909312094 0.280875391785786 -0.038788283034824
-0.0838694338963755 0.114081639335157 0.229696379588033 -0.0742489398669216
0.0117001583575167 0.129281295077076 0.153073225145875 -0.126846613765631
0.0910683080081413 0.058315945915722 0.0646684333333083 -0.125167708574412
0.0878502319265327 -0.0140499389283521 0.053147968023848 -0.096747081863638
0.0711601782184593 -0.0478296450090313 0.0600775996035679 -0.108938948892304
0.0571152023157156 -0.0701174077208804 0.0682081402542614 -0.1204028819323
0.0578763881532282 -0.080117573615774 0.109117082386178 -0.123591525270374
0.0778499612515266 -0.0545634304399018 0.152639143466975 -0.0795526336150079
0.100549021200942 -0.0173007442587998 0.16595595668069 0.0165776284224227
0.0886677495833609 0.0776038753596042 0.105833011611089 0.0983105851975694
0.00923053670092621 0.136860736290647 0.00648041110610808 0.11130159129023
-0.101763564954461 0.087647345882055 -0.0328267988785634 0.0165600778583645
-0.141747460012652 -0.00104907116299363 0.156158275611185 -0.0291247762721859
0.0403682290875971 0.04064299458793 -0.190604822940537 0.0586602663398181
0.0589417131155464 -0.0247714372327102 0.00374847402048738 0.028383411838975
0.0250735236800425 -0.0579444529160912 0.0124465898925795 -0.121610583145037
-0.027847829392183 -0.0402916711164389 -0.108533463846517 -0.133032527172128
-0.0392714042184543 0.000734729778129817 -0.195367062205423 -0.045069597673671
-0.0204972905788494 0.00962112577211545 -0.198679313009435 0.0693856785018597
-0.0224028920880407 0.0079443028056594 -0.134972655401277 0.14030090479468
-0.0227671670533363 0.00738146884352727 -0.0792161537945033 0.147651992372849
-0.0194078398985719 2.76261209165348E-05 -0.0725762084255582 0.124182433344404
-0.011388123578713 -0.0107142761506112 -0.075939090023191 0.111177305944099
0.000693260102968322 -0.0255099464653588 -0.0816738025310035 0.112804430939103
0.0302121349087923 -0.0305992350461016 -0.125401303344349 0.10413885469512
0.0607801986386049 0.00512776803946343 -0.183848878298419 0.0654819941628289
0.0437082001084986 0.0526707409816814 -0.223492310188561 0.0682155134404504
0.00620925769825271 0.0758716935260237 -0.242182380468646 0.112051120027955
-0.0576599192026206 0.0955545383950913 -0.176905034839978 0.0379126638050036
0.00767677106736707 0.0601640249985758 0.0216983052999458 0.0206665956250969
0.0396508910885703 0.0387057143467976 0.0366057283618594 -0.150093336006776
0.0360123724043677 0.0144915968580317 -0.0992734904152048 -0.171398980403407
0.0323229722584679 -0.00675119839239624 -0.211775604773302 -0.0739317747757951
0.0287229510084609 -0.0237990062567579 -0.21170967000861 0.055238106309407
0.0197972024956103 -0.0428402743605315 -0.1445732650391 0.132441221635681
0.0133229095559904 -0.0495649316758898 -0.0794401520454926 0.143672044919734
0.0242661836956504 -0.0522055902708436 -0.0663097596758161 0.12126800844597
0.044964004434755 -0.0298936796529837 -0.0604657237980324 0.1052060448222
0.0672739070350743 -0.0111612248618922 -0.06136971797509 0.109685080445207
0.0750728501278044 0.0420861667305614 -0.0948967672950286 0.115636395111728
0.0499267322853993 0.0996494665648995 -0.155405403067758 0.086649900227491
-0.0285580185339181 0.118300556804439 -0.199269158138816 0.0961609251635638
-0.100741991536094 0.115584352431391 -0.218895820605974 0.121300944725803
-0.156844987661031 0.130974894417097 -0.131613881425026 0.00838498715601032
-0.0663346081900887 0.138317414706496 0.0603131866462915 0.00661832709313954
0.0345003225103395 0.146992340568833 0.0799819832105891 -0.17743253344714
0.0952543127725128 0.0892543442786065 -0.0704374529673999 -0.213604823999483
0.111136478390837 0.00108693230720623 -0.208487328342272 -0.111356881463684
0.083977710913017 -0.0486886575458367 -0.204903704953238 0.0280068404663168
0.0639684415118153 -0.0850195907996116 -0.137709345721137 0.103480672197709
0.0470365976071293 -0.100130853860079 -0.0678616611977205 0.116769346898756
0.0582550545794636 -0.102282241723043 -0.0448660122163222 0.0991662663264407
0.0875708044198031 -0.0566026762791124 -0.0287968075879516 0.0862622101381309
0.12215616930205 -0.0158077581363844 -0.0237204647738549 0.10294678459131
0.128851248855389 0.085179726716997 -0.0514069270325464 0.126877545988531
0.0646416056722465 0.172262153995287 -0.118427972523071 0.109387319730222
-0.0690469588978102 0.179100852371841 -0.16378331837557 0.113948574707961
-0.181964388475946 0.150073122868304 -0.166051526412821 0.11601154980433
-0.239397737905556 0.138771496270421 -0.0560451003348356 -0.022914445736276
-0.150360211277897 0.189914948286205 0.117775863870668 -0.00756342040936299
0.0039429273977367 0.245058233475736 0.136839190652227 -0.191566785717875
0.132307881920316 0.172797673553766 -0.0188354282068912 -0.243205649751682
0.180253755154403 0.0258392541551854 -0.177152483097848 -0.147646998207155
0.135214690727937 -0.0597677010845262 -0.174621821360271 -0.00844942217546413
0.102777955947118 -0.111889946517922 -0.112788409308239 0.0606958350477404
0.0737187950478701 -0.136326747485707 -0.0454055419133437 0.0730667247849301
0.0802074138222201 -0.140945616630494 -0.0154672273502843 0.0604907571476831
0.113069634281468 -0.0835022612306084 0.009936605035584 0.0541472274784687
0.156518604568588 -0.0320953352405722 0.021468739458374 0.086111714616648
0.171531163526333 0.100641519661116 -0.00307593224232714 0.126489819610087
0.0880447780158731 0.213680313303565 -0.0770478131552629 0.121482464417807
-0.0844495326085413 0.218676100400926 -0.126223929487199 0.111585447569954
-0.229904574698689 0.168724235919561 -0.0969138584091731 0.0923934889012256
-0.28169466365017 0.120568442479416 0.0410254975479177 -0.0517278498042616
-0.216832352801061 0.197082879360839 0.181870234810928 -0.0177561077933339
-0.0448121428117144 0.298639823628961 0.193678376735771 -0.180569734105874
0.131491396847404 0.235678232868081 0.0462164098186494 -0.243501833176577
0.21575706706133 0.0568530043274283 -0.117911339166419 -0.168765921629941
0.166880098613252 -0.0577309119449277 -0.120341227833894 -0.0447472368817942
0.127515443461637 -0.120041559971375 -0.0725348663055291 0.00982289117969931
0.0892835773147089 -0.151890140844033 -0.0161636602094702 0.0195057120821559
0.0893834155718203 -0.159799892374639 0.0179734736024951 0.0100425676955348
0.120789506039287 -0.10040730313472 0.0496858601338178 0.013050513830535
0.168321938973199 -0.0468880871655904 0.0646648339523202 0.060288224012551
0.187833228341706 0.0994044567791304 0.0399452007518268 0.114351854691771
0.0973483182219574 0.224432899689907 -0.0411650319399455 0.119967742843059
-0.0897008387896275 0.226384136276174 -0.0946551739636428 0.0917177878308041
-0.24700195646922 0.162070656921309 -0.0242494159372998 0.055166773050026
-0.271093712289517 0.0823966583623136 0.139221113626605 -0.0707621081494288
-0.240962638753925 0.160352707087368 0.237793506661284 -0.023149809593566
-0.0894187454343571 0.285404555442857 0.231992146761677 -0.146319403771173
0.0976408513913329 0.250746166663413 0.105763904211347 -0.213123872682184
0.206132737160755 0.0776343820422716 -0.0453257705776196 -0.166773269556586
0.1678334651662 -0.0455579019245065 -0.0538563692615645 -0.0716735444781187
0.129574070690708 -0.109769500286332 -0.0242944931217004 -0.0394934930314833
0.0915787486569783 -0.144022771459412 0.0142713666805167 -0.0354044624344211
0.0879172553343736 -0.154573077448412 0.0498239874468341 -0.0424677611754315
0.116838315523707 -0.100183826869664 0.0855650355821936 -0.0282613440235115
0.160337739434677 -0.0480034266380462 0.103082055427314 0.0338827640242991
0.174489344663147 0.0946455127526743 0.0718695187755577 0.100263528815158
0.0819411896946998 0.212211420770714 -0.0155450802571929 0.11341506007635
-0.0967632722621014 0.202232626596739 -0.0695632913651719 0.0633070988366738
-0.236012353843582 0.125498366220811 0.0440396429200219 0.0159138065578787
-0.208822571249854 0.0353752896757683 0.217658098322852 -0.0828531052331938
-0.206780714346562 0.096998826081204 0.271072809773878 -0.0290832775823493
-0.101939275467906 0.213530490892694 0.240946363877189 -0.104998297097656
0.0533791131654434 0.207570244832817 0.140865491171526 -0.167441160083247
0.158949632027746 0.0766087623336477 0.0195458506357228 -0.147085876694949
0.137630897741194 -0.0311330896570928 0.00756472303909331 -0.0882280505685148
0.108763441271865 -0.0850726989531674 0.0217126901677991 -0.0810328304889894
0.0787457358581654 -0.115711362445873 0.0420861486360376 -0.0840181019636354
0.0758262360359159 -0.126215546828169 0.078119283205932 -0.0892375325848873
0.101475938176935 -0.0836957875572077 0.118224510449205 -0.0624343895795024
0.135949341084636 -0.0367740372136588 0.136060007178459 0.0160747693987348
0.138568731879682 0.0885435489806467 0.0937732376130069 0.0914670397713223
0.0493588374931676 0.181960184988356 0.00041810386105423 0.10845482611188
-0.102335778402846 0.152853024454293 -0.0492294844901798 0.0363404157920783
-0.199888462697769 0.0693964595264095 0.103779843881989 -0.0155553598721057
-0.106803026318624 -0.0141535496337999 0.257644165412727 -0.0894565464918728
-0.129221993972711 0.0252290353877419 0.27479595368618 -0.0408778331848916
-0.0785570035377423 0.112306925050875 0.224438693802777 -0.075699462652066
0.014073355331534 0.125958206381371 0.148472100337531 -0.127512371346612
0.0900997849817076 0.0543049790789711 0.0618078677792471 -0.125164057078088
0.0851831630530461 -0.0159682165401017 0.0499841470639195 -0.0973978273076729
0.0688479149602736 -0.0493124567793987 0.0543060223932913 -0.108644089405964
0.0536300269341751 -0.0701714708881402 0.0628415534071942 -0.119207909603945
0.0533973447986492 -0.0797700377852621 0.101923261546305 -0.123545164496105
0.0746221889606142 -0.0553963245088233 0.146567107172032 -0.0820875718747071
0.0969902796870618 -0.0184270621776339 0.16418899085839 0.0123169699162145
0.0881876854507429 0.0743313760218925 0.106196383256923 0.0952050342970308
0.0120351938929982 0.132281998283196 0.00720196262773362 0.11023291120355
-0.0972875851918892 0.0880175602667246 -0.031963461704139 0.0183196143585736
-0.13864758882882 0.00281570705201114 0.151856880793792 -0.0317850905592547
0.0398821527617657 0.0394930575126902 -0.187927618528353 0.0623502165715505
0.0578141651527535 -0.0253119814265663 0.0066110364258356 0.0278520443477033
0.0228467678210944 -0.0571907252616447 0.0113543628062873 -0.123024341580439
-0.0280685108202609 -0.0396284299088294 -0.110931416098795 -0.130528653314299
-0.0372409332079536 0.00171967894821211 -0.196400792616323 -0.0408142107262862
-0.0204768083464782 0.00934161437214298 -0.196958633590512 0.0751218661187142
-0.02253057250449 0.00824275491167698 -0.12942169651848 0.142764193184097
-0.0225579921349286 0.0087248345848933 -0.0733670541844026 0.147650548753425
-0.0198637736242026 5.38670786057564E-05 -0.0678468265735039 0.127282017272458
-0.0112978358665086 -0.0109287441374234 -0.0720903442124713 0.114463874193462
0.000757823048426993 -0.0253215554030971 -0.0788055562676612 0.114094624308762
0.0297496660918212 -0.0301205960291713 -0.123091377345666 0.106302742424579
0.0604235807362833 0.00429182273980192 -0.182768275055117 0.0679685732056388
0.0438804157224504 0.0519247890147113 -0.221340079318191 0.0694568872667074
0.00753736890184563 0.0748213454185757 -0.241672167760333 0.115119728778287
-0.0558413602765072 0.0967092863183652 -0.174364479151675 0.040471826062082
0.0084128318545133 0.0604460310909492 0.0236285626058905 0.0191867115748021
0.0395668055365866 0.0382681492360709 0.0351594075391577 -0.150212288459432
0.0370834289695089 0.0142134199425778 -0.101724422504995 -0.170366550726959
0.0331803919189811 -0.00726905027518482 -0.212731690055165 -0.0679559766820935
0.0280713275381454 -0.024852054290196 -0.209662209497313 0.0613078799428897
0.0185657578829137 -0.0435728989523982 -0.139191922929674 0.134255686340677
0.0113771327508723 -0.0498012142550135 -0.0729075244760343 0.143629103374724
0.0216448017134795 -0.0536726257724665 -0.0615545694774152 0.123927775599112
0.0447403098256229 -0.031370987884475 -0.0567734494571996 0.107595625322624
0.0671107397118838 -0.0125700459815983 -0.0578490086481907 0.112012189463784
0.0763866166677319 0.0409486568094856 -0.0917865771799947 0.116619868412671
0.0522914400567385 0.0983640604080153 -0.154751196045291 0.0886750940897827
-0.0267778828912834 0.119240552164256 -0.196428192728557 0.0973647422087094
-0.0980030640410685 0.117457589356333 -0.216946371987654 0.124446352671629
-0.153479016531551 0.134072261399165 -0.129221014130508 0.0100726758956384
-0.0644859177279277 0.139249533217251 0.0617430452371749 0.00557693497086459
0.0380660235969204 0.146100631927436 0.0774416391442398 -0.178573882190325
0.0973509346596478 0.0876620112986352 -0.0728739355285014 -0.211741155876138
0.11142320353165 -0.00168947348379799 -0.210040681997519 -0.105285068783157
0.0829529199231825 -0.050445368493283 -0.204003871901366 0.0325146093399717
0.0619110515323587 -0.0867249105696522 -0.133655028453783 0.106705010218063
0.0433779566665912 -0.101340535948335 -0.0626074792040149 0.117092757805813
0.0543417279016185 -0.104049610572859 -0.0404562867642717 0.10101469318407
0.0862570775523245 -0.0591982392618419 -0.0258514033490798 0.0886091248475617
0.121106953013501 -0.0194888738375221 -0.0200030700288827 0.104905917805024
0.130819626947406 0.0821641024426787 -0.0479793772571788 0.127396659505344
0.0690826292497469 0.170844117606222 -0.11681809527845 0.111287637271359
-0.0661605261675776 0.180660529023624 -0.160436521817876 0.115379571239155
-0.17837226995378 0.153379969440276 -0.164134320539061 0.118695510989524
-0.234884792589947 0.144111207215171 -0.0533982298770776 -0.021615949119543
-0.14651152719293 0.192001742879268 0.11817055170067 -0.00952932181932721
0.00936357204083911 0.243263039847642 0.133628258363608 -0.193226023756066
0.136196136186905 0.170156234968912 -0.0216492569648699 -0.242560461946098
0.180254653004669 0.0200898448034725 -0.180413986454635 -0.141883124347748
0.133860583140091 -0.0634435591859788 -0.17338001022863 -0.00442435735936635
0.100323994852838 -0.114740979306978 -0.109738814203192 0.0620571079645725
0.0682328820861538 -0.138698009777002 -0.0416677118765005 0.0734958151092706
0.0738220343937187 -0.14327152648037 -0.0130325842135934 0.0612232573369663
0.110841396110993 -0.0860620632952437 0.0123289651059616 0.0550508205413145
0.155398462036469 -0.0365150706116389 0.0245851005254392 0.0864270302724352
0.173859096165844 0.0958304175007014 8.48025890688045E-05 0.126284369836666
0.0937359681875311 0.210896793894093 -0.0756726172546623 0.123701109474316
-0.0794751284325018 0.220600687055116 -0.122763942649857 0.113256370123778
-0.225845853797722 0.174444147841056 -0.0951402815430175 0.0939804407409167
-0.277181135936311 0.12703406246665 0.0425661433335268 -0.0514245891261628
-0.213541526707011 0.200851447463321 0.182161755120765 -0.0205635758031955
-0.0379756282359844 0.296990989713203 0.190485982072109 -0.183538779251518
0.137069915082763 0.23342949806442 0.0437402656200599 -0.244134512535894
0.217204317486707 0.0505326792710801 -0.121817240214627 -0.165069934614092
0.165162110428611 -0.0617651053521999 -0.120721588917985 -0.0423938582724113
0.124093959145154 -0.12329741495906 -0.0712772233365089 0.0105907175974746
0.0830579434511949 -0.154641700733005 -0.0149656763889516 0.0198569804441076
0.0819775310441868 -0.161812378736799 0.0186674950189 0.00945952299921467
0.118472360473994 -0.103323642360534 0.0502913236964671 0.0122455990487125
0.165736779230213 -0.051061896976577 0.0675598798173725 0.0586132647018316
0.190132778709006 0.0944115261969841 0.0432546271001012 0.113211807241294
0.103062025935514 0.221175037777222 -0.0400222063290046 0.121963782667369
-0.0845456597970445 0.22860725314023 -0.0915326273164719 0.0938352814323756
-0.242775028614572 0.168263763338323 -0.0230664966171376 0.055595749087753
-0.267825744063716 0.088931104355114 0.13979457785949 -0.0719165338519955
-0.236996822957555 0.16516544383396 0.236245680596253 -0.02644890988912
-0.0819868683649117 0.284535506197489 0.228729083228294 -0.14939759572341
0.102734501866652 0.247898317591291 0.10274197762866 -0.215346890798287
0.207288810840515 0.0726497232936552 -0.0488372789293566 -0.164575385868677
0.166182233593857 -0.0495820316778564 -0.0548438436566102 -0.0710455882259509
0.126889729210164 -0.112916567000581 -0.0247973300106859 -0.0390625602302519
0.0855798300652018 -0.147300873181809 0.0132054901966361 -0.0352532268898741
0.081878639892351 -0.156531299389422 0.04781515219622 -0.0434607668322616
0.114315763799506 -0.103074096537394 0.0850760763994048 -0.0305832078621013
0.157271483643197 -0.0518754429994287 0.105082271919933 0.0317453402901246
0.176715005789144 0.0904240951752737 0.0744572734020795 0.098466285469435
0.0874081807846785 0.209501482124493 -0.0140883780460954 0.114987184649721
-0.0918016363740733 0.203467874222965 -0.0677618798882924 0.0651371173168838
-0.233075867421919 0.131894086407689 0.0437759290577771 0.0142932020650459
-0.205912365032735 0.0410379074060595 0.217232070518938 -0.0845904579277554
-0.204429054690323 0.100223873603639 0.270051968478814 -0.0323546335824973
-0.0962363956632285 0.213506924984192 0.238354116555646 -0.107781281982979
0.0574951157845505 0.206064882147074 0.13913358421612 -0.169719218033332
0.159682144125244 0.0721222912380901 0.0168574628460767 -0.146935867492271
0.135162557726438 -0.0348768223561818 0.00565073511028115 -0.0891976937211853
0.105433271597472 -0.0875175336195477 0.0185208893771332 -0.0812847469037262
0.0747951486655132 -0.117954606222413 0.0387620107088931 -0.0850595996771274
0.0710287561991227 -0.12756378158904 0.0742659286673923 -0.0906744625294066
0.0991824353040486 -0.0863235539377098 0.116122301862909 -0.0650386185252016
0.133219552326221 -0.0394140228598042 0.137066951642 0.0125791853024699
0.140134795403884 0.0855241795329835 0.0951190014876362 0.0900547199253911
0.0544540470848309 0.179231675266943 0.00184506911723496 0.109633401278254
-0.098363801613386 0.154492010636873 -0.047884083381788 0.038089588767944
-0.197845753761704 0.0743531074174556 0.103324107916274 -0.0174056129881507
-0.10566754181787 -0.0113390799275221 0.25688600952567 -0.0924577254122281
-0.128718222781825 0.0271334592863216 0.273517770244107 -0.0435515361517957
-0.0755457334429836 0.111928916182114 0.221667283293722 -0.0786363485158623
0.016203293474662 0.125290111774293 0.147517734205294 -0.130174134428308
0.0900990142500606 0.0514536645108161 0.0593467349318888 -0.126458553495513
0.0825877316206768 -0.0188585664704789 0.0479129787900698 -0.099441481330102
0.0666861614172887 -0.0503163601681182 0.0503863702841721 -0.110021082626285
0.0510034420077578 -0.0718177866630371 0.0575805474118353 -0.119434436931588
0.0502596633341955 -0.080876262675929 0.0967335598085494 -0.124788269493617
0.0724424744647163 -0.0576684008875133 0.14271882269 -0.0858270231483603
0.0958139922296524 -0.0208651899677897 0.164349650184982 0.00830986311128944
0.0899487254545919 0.072840714398398 0.108025585495166 0.0933061028142018
0.0155657397000983 0.130347747710725 0.00844652809607671 0.11165624795742
-0.0945014006862232 0.0885474044133303 -0.0314777978167469 0.0200100947258069
-0.137735837288283 0.00667290920118068 0.150111678707653 -0.0354439189577918
0.0409424533436911 0.0377492182946386 -0.184909123783706 0.0688819342896417
0.0563044518770419 -0.0266463525378179 0.00916551969242128 0.0272066460210315
0.0199778624556158 -0.0564771237699965 0.00890762664915741 -0.124572990497427
-0.0287303619119073 -0.0378129868509134 -0.115883308404107 -0.128129245656365
-0.0359583496537471 0.00332786435659466 -0.198979473680895 -0.0324191211012963
-0.020024837209449 0.0103500244340482 -0.19483520724309 0.0848063616368649
-0.0223097992426277 0.00840786064233981 -0.12261224517499 0.14778374052063
-0.0222914352271553 0.00968964887986993 -0.0657856204113329 0.149735057996887
-0.0199795098748159 0.000480083788646318 -0.0608547389011207 0.131405175951013
-0.0121197997952965 -0.0108598729798092 -0.0660455896758538 0.119009530195504
-0.000115793388187057 -0.0261146155206192 -0.074392507013837 0.118531474652482
0.0284955830199009 -0.0302421080178316 -0.119004821901936 0.110088427381375
0.0599276084465234 0.00209989141067164 -0.181983540677901 0.073225279886631
0.0451835650429594 0.0501817205741541 -0.219881052370622 0.0751189301023785
0.0106363021905006 0.0738422196926209 -0.23958667259727 0.123568742162823
-0.052930879053095 0.099204761262332 -0.171992883812036 0.0468453649948374
0.0102665345884238 0.0613757172678887 0.0260987222429883 0.0183448500848688
0.0413790912713674 0.0376375182636609 0.0310139860220169 -0.153167192846744
0.0383412631803094 0.0132596871650883 -0.107328984719754 -0.167192788312048
0.0344096161213803 -0.0088426661623434 -0.216549675662676 -0.0587738511489898
0.0276197820212841 -0.026039566409149 -0.208525341453346 0.0704661431652377
0.0167391358751966 -0.0447518868373513 -0.132724637255162 0.140053297870075
0.00873849879550705 -0.0506828746281899 -0.0648187948095933 0.145065878048418
0.0184040215163723 -0.0549093807449763 -0.0545276992241725 0.127990986218512
0.0439724525612329 -0.0339299026234375 -0.0515787136760427 0.111794700570768
0.0667301456989114 -0.0160621994213469 -0.0529954610117823 0.115117984161576
0.0793052397428985 0.038793362974023 -0.0872334596562614 0.120311658736016
0.0565325235840568 0.096332684440858 -0.152974349816882 0.0939519082197692
-0.0231510015107414 0.12063064836536 -0.192945563879477 0.103064744775924
-0.093862579334478 0.120543195495761 -0.21396995537071 0.132305965292894
-0.149048293481304 0.140879411607456 -0.126386170003376 0.0149479173660476
-0.0601139375938064 0.142547293668574 0.063402178264243 0.0030618300736475
0.0434724343615968 0.144692360776036 0.072331772363445 -0.182667061804486
0.102035476534967 0.0849799070070697 -0.079954191239916 -0.210297562448203
0.11215183131586 -0.00691629040838415 -0.214931189931636 -0.0961597894892252
0.0813678526742674 -0.0544393426118668 -0.203190519867515 0.041367967694528
0.058307580588806 -0.089898457684366 -0.127956265491417 0.11176605530686
0.0373551313876503 -0.103898247633028 -0.0552300280319296 0.118594659282943
0.048036160212304 -0.106651462473841 -0.0343563256269658 0.103833461583923
0.0852889377460269 -0.0638821700039603 -0.021073829265478 0.0908234213198403
0.120865934020369 -0.0251211829350751 -0.0151765777704401 0.106667635010086
0.135401139601467 0.0776840813570534 -0.0426389576846114 0.12977424826728
0.077133010466926 0.168154119354788 -0.114207111966989 0.116274547700225
-0.0597415140976518 0.184323856494786 -0.156309056468912 0.119885399770775
-0.172771607664574 0.162475843201895 -0.160447612311562 0.124986628562223
-0.229743900476296 0.154308620881184 -0.0517409455980723 -0.0207927840617744
-0.140842863338903 0.198408491975159 0.11953480464225 -0.013268455263069
0.019805074355794 0.242413431970408 0.128222297931954 -0.197845743996533
0.143536886683574 0.166738030514189 -0.028707839943905 -0.242866694759652
0.181466896994443 0.0119058061070705 -0.18625228685261 -0.134137907251565
0.131550066270084 -0.0688902640093113 -0.174226268739178 0.00258355219430374
0.0961332534245092 -0.119664615322392 -0.106460424145581 0.0666867641381424
0.0606191005166827 -0.14241144658148 -0.0370895324222021 0.0743177889674117
0.0652904417268259 -0.146622420085752 -0.00793875330443703 0.0624343889133815
0.107863180948162 -0.0915602643398982 0.0159586540863148 0.0547885391493042
0.15367705182741 -0.0432430570480561 0.0293348376093792 0.0863781613957708
0.17954818289464 0.0895023953969287 0.00547978360532275 0.126851284531892
0.103536646457123 0.207149276837258 -0.0719288164296699 0.127924127471085
-0.0711587279771591 0.225633931130687 -0.118141358950437 0.117626831606912
-0.219442533891483 0.185374565528414 -0.0919599395374322 0.0977010283455083
-0.271811988945544 0.139645271224813 0.0434550648377812 -0.0528311111621455
-0.207788276469217 0.209456692037568 0.182732370463556 -0.0268222560235717
-0.025993262592636 0.298133798243879 0.185570830038629 -0.190259483144482
0.147468246424844 0.229242735929471 0.0368206253324479 -0.247158409061256
0.218894079565784 0.040667390088162 -0.128131956587154 -0.159445123265279
0.16290184889231 -0.0692261517802943 -0.122020095643032 -0.0381311528725668
0.119492042458981 -0.129752422690589 -0.070504050560936 0.0129990668110546
0.0746098510037103 -0.159099056656026 -0.0136251041412729 0.0200463565662869
0.0729200122182728 -0.166093474486644 0.0192264759214116 0.0100174209514591
0.11432244555189 -0.108618098673084 0.0512533781764966 0.0103405180348047
0.163376953442336 -0.057994944892082 0.0715396511680721 0.0569656977216475
0.195770098575093 0.0869592794724 0.0477611707232684 0.112608878064393
0.113522941929333 0.216339247947628 -0.0360669438223604 0.125668410150178
-0.0754914616557362 0.232673893387621 -0.0875578601298282 0.0966623956957647
-0.236338265424963 0.179888282947408 -0.0211578292553661 0.0566091850722105
-0.263968810756249 0.100775843847472 0.140876660473096 -0.0765932207437149
-0.232873998086798 0.17395598370376 0.237420170433492 -0.0339560435736615
-0.0702280800299968 0.287213633559675 0.225125474534224 -0.15672916292517
0.114339352544004 0.245718153899493 0.097344378536214 -0.220170307356667
0.210906491693189 0.0620712867707971 -0.0553469507066311 -0.162449092933465
0.163312165911974 -0.057325375735953 -0.0569879464255028 -0.0700063111878686
0.12191610001409 -0.120014984358534 -0.0273067814443285 -0.0389985603177484
0.0775314667340398 -0.15120076504993 0.0121480880440543 -0.0358277534781253
0.072370733441936 -0.159647265852284 0.0459673779730803 -0.0451266800946239
0.110307931843292 -0.107756951434598 0.083979568669248 -0.0341022044727305
0.154408049898067 -0.0579921132907884 0.108095424432927 0.0272310442085253
0.181448159056338 0.0834700812395117 0.0790664957570747 0.0961760248109256
0.0972675855431251 0.205130015927784 -0.0101093085107113 0.117530610795326
-0.0833590437527122 0.207927053514966 -0.0649996256429569 0.0682467609073546
-0.227438637321319 0.14338405517171 0.0448274553300852 0.0126753967813044
-0.203506362571929 0.0495732413390251 0.217899660006857 -0.0925741847845941
-0.2022449481945 0.108444340444635 0.270937582841922 -0.0401734890062385
-0.0872583590263412 0.215552912524046 0.234857812639527 -0.115751979114249
0.0661516907315577 0.204396833781316 0.134878798023408 -0.176202826271084
0.162626263362109 0.0641376035896177 0.0108206162253911 -0.148294298668022
0.133251070580744 -0.0408637135341829 0.00277984445309127 -0.0909823902005266
0.101460131577231 -0.0927879018173745 0.0145490245290267 -0.0822558503295305
0.0680717841075642 -0.121726532988574 0.0346286606359011 -0.085031229516783
0.0637448458421459 -0.130444516612245 0.069464069796117 -0.0936480657328426
0.0951730465192332 -0.0905407023443782 0.113012107673588 -0.0706347565172017
0.131118522189379 -0.045402059654186 0.138499119562175 0.0072063822074443
0.14468236168682 0.0801474571192719 0.0996490839725194 0.0873290222110707
0.0622474427709309 0.176157346212808 0.00530007512414721 0.111916739623382
-0.0920262120537406 0.158611481034973 -0.0463157617830873 0.0402878309341455
-0.194751453116907 0.0840941429933602 0.102412357698408 -0.0220547075152485
-0.105141610624546 -0.00669825218281417 0.255750822461864 -0.101237094561484
-0.128512441640399 0.0313338350683314 0.272916569568595 -0.0513299108552443
-0.0712752652362533 0.113723075145887 0.219821148250195 -0.085228913017501
0.0211876192482763 0.124273112471041 0.143869259480474 -0.136368432880821
0.0920623433760351 0.046521308595553 0.0543259557209853 -0.130063608438891
0.0807435803094825 -0.0220332938912549 0.0443323232617246 -0.103058745923329
0.0639152138586265 -0.0534935267042536 0.0442463524261761 -0.112728433245077
0.0468306193798822 -0.0742511387580496 0.0510097748070111 -0.120571975629447
0.0464333682259742 -0.0824389770768785 0.0899173844922931 -0.128608114800956
0.0700741859205233 -0.0599781442395101 0.138552813382657 -0.092083250141373
0.0939657858385315 -0.0251755715573815 0.165183828560188 0.000970225078907322
0.0934426240648951 0.0699043588195278 0.112579735750586 0.0899324616425422
0.021296346017445 0.129332942852517 0.0125150740691788 0.113480291864938
-0.089992565174921 0.0920047658949045 -0.0310939377607716 0.0214371554837292
-0.137223710998269 0.0133419301243183 0.149239236372239 -0.0414132557024365
0.0411220925110109 0.0349728281856925 -0.179239063209091 0.0781629387913291
0.0533725443104568 -0.0287469488792977 0.0118517811759634 0.0254177548940114
0.0167360219000798 -0.0562384062921833 0.00312949036329151 -0.125332757570096
-0.0300343273005799 -0.0353147128719488 -0.121376918152605 -0.120513320193803
-0.0343046334218812 0.00508796069026293 -0.199444141950376 -0.0205114553572204
-0.019448488947171 0.0107037272423499 -0.188025621161036 0.096364866018189
-0.0217561865759971 0.00967305989303496 -0.11237602754055 0.152597189266241
-0.021426654647831 0.0106712068046715 -0.0555298175053166 0.15011964620921
-0.0201278177054019 0.00179929251462559 -0.0503685314173835 0.134718563905039
-0.0125395508473123 -0.0111554698212754 -0.0580968479538563 0.123474684104283
-0.00128536210132793 -0.0266101666613177 -0.0666052789652969 0.121885172618007
0.0272790912684754 -0.0314769872677577 -0.111219780746691 0.114795245982794
0.0595477793572569 -0.000563292924835552 -0.177718406198673 0.0811956542082025
0.0468475249023103 0.0474884132083664 -0.213286680685087 0.0838018847230791
0.0137443186566395 0.0711805987880905 -0.232738342856853 0.134811235432095
-0.0479240029158815 0.101058309331627 -0.166329118763941 0.055179704322997
0.0125841558093844 0.0610277402736009 0.0278821770973372 0.0165808211843538
0.0429147656534511 0.0359841322817271 0.0238176976533564 -0.15387913498728
0.0394779728351785 0.0114750394975764 -0.114866481678657 -0.160116205614897
0.0336800318501548 -0.0113829589576788 -0.217819474386865 -0.0453566024614144
0.0257620826596015 -0.0279498732875972 -0.201861903786679 0.0826878565099151
0.0134699459099388 -0.0466694436355252 -0.122218042256504 0.146061383614639
0.00467606340943819 -0.0511737187027032 -0.0544571720791323 0.145320204607772
0.0141662566003278 -0.0554205730394383 -0.0440700821698581 0.13101412823839
0.041841807295711 -0.0372331891103393 -0.0434210673115756 0.115342569437325
0.065437492163677 -0.0209511336986577 -0.0454376456661437 0.117852120864027
0.0809527176915169 0.0339570795600028 -0.0793538947305654 0.123862954420747
0.0610164030619748 0.0928939506051882 -0.147316147532264 0.101273322385624
-0.0167588252751768 0.120553665134193 -0.186115066971251 0.109682907193773
-0.0867663830950455 0.124337288270609 -0.205732840303542 0.142183467643123
-0.139830482593345 0.147867225942507 -0.123088790884406 0.0206335191712231
-0.0525263715796188 0.145040952412729 0.0640791207882636 -0.000888857221648265
0.0508543639812072 0.141281161904255 0.0635379300640472 -0.1847167944991
0.106633676939891 0.0795131525479636 -0.0888590436965388 -0.204729178445973
0.111164192420458 -0.013733136912667 -0.218516090510838 -0.0820328220911271
0.077813730520954 -0.0582553216394302 -0.198446806643871 0.0535729736873463
0.0525957835459591 -0.0938448507566625 -0.119386166863952 0.117488103133469
0.0297195248357026 -0.105628986387672 -0.0458953749652677 0.119212797792327
0.0395297434834535 -0.108468549284022 -0.0262425649026875 0.105552832765102
0.0805593015330939 -0.0690882131588537 -0.0141376924701288 0.0920214115033169
0.118170043101317 -0.0323977162547248 -0.00747845906287265 0.107219078970846
0.139830526076361 0.0696017551410368 -0.0347317364779942 0.130976950507627
0.0865401381931192 0.161685374862997 -0.107686031281225 0.121801211140843
-0.0492040207115696 0.186067066360881 -0.147904042224318 0.125323497694751
-0.16200818158405 0.170969761354865 -0.152387817489262 0.132287574052816
-0.21847613458201 0.165090295177298 -0.0494165467296865 -0.0183915317624285
-0.129482842119952 0.204536194352303 0.118508399078267 -0.0195803536540673
0.0329692818039228 0.238474525145893 0.11769373691838 -0.203211449016448
0.152413914698511 0.158218480098968 -0.0393501858156078 -0.24025471563521
0.180414900799544 0.000808466183810468 -0.191460299296212 -0.120530870241255
0.126274758162438 -0.0760893869777606 -0.172312244797254 0.0121918840467817
0.0874948393811365 -0.125538543201172 -0.101063053203427 0.0718981888050244
0.0496480762971291 -0.144739150757269 -0.0314975725932328 0.0744131660069083
0.0541754067533782 -0.148132224374828 -0.0029415540932451 0.0625452538571532
0.101976086811858 -0.0970211897716023 0.0201601540928331 0.0542217420409214
0.149232571171491 -0.0523770503677694 0.0352071752087645 0.0843281135306546
0.183540629425591 0.0785537483959674 0.0129352134797327 0.125617330740491
0.115186767710906 0.19837078774053 -0.0650521585253364 0.131300338247029
-0.0576509029307964 0.22758401668287 -0.110604517934975 0.121484830089384
-0.206751637782586 0.196832274446823 -0.0858779021969578 0.102113931433093
-0.260936684049557 0.153450445779563 0.0430673241551336 -0.0546570244577052
-0.195260607429043 0.219201408076367 0.180183275890078 -0.0349912912866242
-0.00982190209767775 0.295333166570348 0.174538041520989 -0.195922228208565
0.159452163588027 0.220051780808926 0.0251423927894449 -0.248042614278801
0.218869372481164 0.0267256212627593 -0.135397771754605 -0.148363091883958
0.15703083202911 -0.0782070231997372 -0.12309688790301 -0.0316989240606809
0.109745939320885 -0.136656383333599 -0.0686742927564813 0.0172039883234668
0.0622290887178282 -0.161821010810132 -0.0108193053285735 0.0194361243958431
0.0591391259286485 -0.168160590558488 0.0206971017445918 0.00924929675763723
0.10760237932531 -0.114689996447258 0.052061550997218 0.00775025304754613
0.158075557504537 -0.0669010073658463 0.0753609388868475 0.0528400644532061
0.19934203079761 0.0746657162113878 0.0545969779521713 0.109684393218492
0.125487943629015 0.207093546751697 -0.029190727976834 0.128716111808982
-0.0614024593912451 0.234709264691179 -0.0810632208988493 0.100286128177793
-0.223318935488979 0.1925077957117 -0.0175448625538244 0.0569369836656974
-0.254989738801064 0.113965215598705 0.137719853315051 -0.0834120432761942
-0.222350138254174 0.184611810973576 0.23466195119394 -0.0450557132162901
-0.054181883562196 0.285738464869951 0.214844668355699 -0.165555608468135
0.126770688083997 0.238228811462197 0.0866316553550159 -0.223792752235309
0.211179505264039 0.0485047452262948 -0.0635728449466689 -0.156837785499441
0.157854262992684 -0.067060920564029 -0.0602081548723222 -0.0674060895151111
0.113572506722203 -0.126779639749036 -0.0291948062378193 -0.0374701505250704
0.0661104928768406 -0.154278887919011 0.00985032497375641 -0.0364491656126922
0.0599110968133406 -0.161896331102632 0.0427379144983309 -0.0467101554493665
0.102516244346011 -0.114031079930348 0.0809083390148455 -0.0387841475675223
0.148774204611154 -0.0665795926205824 0.109016494023592 0.0211857231437038
0.185557943022939 0.0723939108941243 0.0840380545220268 0.0921604525466486
0.108999795483416 0.195790275063981 -0.00431616731368523 0.118779688861818
-0.0701692516214241 0.210040273160181 -0.0604123279027579 0.0707108430746232
-0.21645645627709 0.15680198669488 0.0448995764267502 0.0102666310414601
-0.197339130756581 0.0602862939488842 0.21282096915608 -0.101852130248972
-0.195476787035977 0.117720815360312 0.266705545617939 -0.0532679152855253
-0.0746902918865003 0.216845319460986 0.227385916269887 -0.125481751282326
0.0769026998445528 0.199580527193988 0.125439704901093 -0.182211431405655
0.163838924214739 0.0529023492729147 0.00288478414093201 -0.146426874565717
0.12819038354517 -0.048417273970293 -0.00140034158005918 -0.0922883640184935
0.0948088515228157 -0.0982337082155561 0.00902553486158704 -0.0826961454818571
0.058315449507866 -0.124789302849732 0.0287536162255634 -0.0855743372052397
0.0529268086458861 -0.13267657359971 0.0626454393154584 -0.095635870247193
0.0882621042911842 -0.0955021166188633 0.107230778105909 -0.0767929916276751
0.125971959694126 -0.052039579501659 0.138137992869712 -0.000915704393057173
0.148562497667916 0.0712986127818813 0.103819313822677 0.0817538806543644
0.0726653262585352 0.169206076305598 0.0110010166792873 0.112441969135914
-0.0811734842425198 0.161699062216048 -0.043125076652746 0.0427536798624911
-0.186978183896007 0.0951399098815903 0.099878272737605 -0.0275781147247247
-0.10399261291234 -0.00129081870552268 0.250574389547109 -0.112477054636801
-0.126164586157267 0.037982589513367 0.268787828302855 -0.0644568690226557
-0.0644692522689181 0.115116655139615 0.21320186443417 -0.0937759365625428
0.0278022839428069 0.122151819351533 0.13533300869148 -0.143094685644124
0.0929811931136995 0.0398568961077157 0.0470596414777612 -0.131314846839646
0.0768526410079133 -0.0271222419055862 0.0386749377339315 -0.105834495249046
0.0592193785162881 -0.0568096582677771 0.0371828133716686 -0.113888604274512
0.0412748754272823 -0.0758470825234387 0.0425333303888781 -0.121362483038072
0.0392066899816056 -0.0839877765385777 0.079260128468761 -0.131532196440963
0.0657174355322241 -0.0633079924158006 0.13063464896015 -0.0995886919583789
0.09105556692191 -0.0293528693769357 0.16343192794821 -0.00870941422065049
0.096373835760418 0.0633752052189316 0.115998887050798 0.0839273637486787
0.028543367305722 0.12557624464941 0.0183226901347462 0.113112225902239
-0.0835062189019523 0.095366281794255 -0.0298117054655857 0.023293260017494
-0.134541435273491 0.0211941319920591 0.145224464082314 -0.0490787580376728
0.0424543296920759 0.0298051285554179 -0.158652045233386 0.102265291749057
0.045399408825582 -0.0355925752895869 0.0160565654055865 0.0243218985908849
0.00501087496765226 -0.0565994782272746 -0.0138013548745103 -0.119210849183461
-0.0375366691860622 -0.0291695061462914 -0.131732956676963 -0.096676379463902
-0.0352797373536829 0.0114773993917671 -0.193435865799233 0.0110834256183203
-0.0195394563981525 0.0178662685780599 -0.162880538600278 0.121627724835463
-0.0199127740469037 0.0158540402220134 -0.080867326713317 0.162278661308581
-0.0173943427589942 0.0150507068378114 -0.0285614907856471 0.148587467846931
-0.0177818745859952 0.00623962440781872 -0.0281613830760666 0.136273023829418
-0.0123691218192353 -0.00847939591340986 -0.0380337501732559 0.128479044012571
-0.00413475175946208 -0.0248399769951885 -0.0472533250931434 0.126766055856225
0.0230607538328 -0.0331164893103581 -0.0936196894580865 0.124513192469743
0.0593355898116752 -0.00755299777203216 -0.163277645132826 0.0999532214829197
0.0534034261167489 0.0389623788205634 -0.196136237644923 0.105509138154448
0.0243974189022188 0.0675686489021587 -0.205570214616743 0.155629861277192
-0.0301337499201545 0.108282892463077 -0.150502549109384 0.0725692749721537
0.0230586660129949 0.0563080453818646 0.0273766661136736 0.00950957996069312
0.0458945348665021 0.0249661252648872 -0.00369526171470795 -0.15010765872526
0.0373592902716075 0.00249157457184066 -0.135863442001137 -0.133902212064655
0.0261848465602012 -0.0152075380652067 -0.215225713305327 -0.00613290779232852
0.0169163067302653 -0.0259348308266465 -0.177328013488476 0.112960320989449
0.00441173501925667 -0.0455442829805473 -0.0924679303186202 0.160382304269648
-0.00236963463644243 -0.0467454435390374 -0.0274367589229065 0.144660598917084
0.00479988529691385 -0.0543284173109786 -0.0217210968106225 0.131743812011187
0.0356829866244313 -0.0430209556621251 -0.0254141773468696 0.118427122746223
0.0601052197154925 -0.0304568692949561 -0.0280873061350379 0.120229701910768
0.0866726863801854 0.0209418372793332 -0.0631429955536387 0.127670081151843
0.0753888434086575 0.0806036649437471 -0.131160593108919 0.113355136817618
0.00370422514442562 0.118656477290603 -0.16325507866346 0.128599407399669
-0.0647731134545169 0.133364316156725 -0.176220888251131 0.160524427094566
-0.109089125635655 0.167439649350859 -0.114236364274652 0.0284528733564794
-0.0231766708107616 0.147343058877908 0.0567416383529603 -0.01547913242003
0.0718616627416015 0.122191720182969 0.0238048485220549 -0.186085913961346
0.113390948545908 0.053683579946128 -0.122832144554003 -0.179551991296704
0.098072339506467 -0.0315232246727057 -0.222100116933384 -0.037852180780827
0.0610358633770085 -0.0641246745095675 -0.178492544751347 0.0851553747173015
0.0332056618010667 -0.0989919120912375 -0.0951934839523285 0.134970180956989
0.011854377494669 -0.102707059077883 -0.0230308896481612 0.118555464108463
0.0197061941599197 -0.109408063684375 -0.007483879066933 0.105198290139957
0.0679011738193259 -0.079746691322225 -0.00100103028775735 0.0930888360254835
0.108052933703018 -0.0506769591902132 0.00648049377159557 0.105955305391489
0.149175315224538 0.0444281934803006 -0.0200339023183618 0.128454604728332
0.109740588642122 0.141834598659881 -0.0895859190031055 0.126682319418888
-0.0172383971872753 0.185229780092071 -0.122517058469319 0.138843247625894
-0.130705098955536 0.18883652428622 -0.123846713231301 0.146069845535497
-0.178801374347701 0.196329958903448 -0.0500243654920829 -0.022502582277349
-0.0846538033839025 0.215738910376146 0.104229936861225 -0.0466584746150018
0.0718202775831436 0.216836190316238 0.0685840324742765 -0.213921122337687
0.172016873539435 0.119451139233842 -0.0858522026192097 -0.220904880242624
0.166105306084031 -0.0300941048417877 -0.203449690836681 -0.076228579540114
0.104313829257223 -0.0902962588664179 -0.159549417016322 0.0435558579765542
0.0615897683116452 -0.136214177363051 -0.085987818511192 0.08971634946661
0.0243087828116162 -0.143352024410839 -0.0147733412400499 0.074722739948061
0.0261871323444369 -0.150423772024988 0.0083668941277399 0.06083136411297
0.0830392044976284 -0.111509130885189 0.0261336291870762 0.0521665510684656
0.134467798029805 -0.0742992394442886 0.0442222786314654 0.078476710698186
0.193024610499179 0.0448218571048726 0.0243661498564511 0.117947054031763
0.142979780507245 0.17116351103913 -0.0471579056356371 0.130329147102796
-0.0191434284024248 0.226470101346959 -0.0849782158341743 0.13017543989757
-0.169639600551908 0.220400201547984 -0.0618005736051503 0.109701657344227
-0.220677518239978 0.189936099281623 0.0341573214191731 -0.073112180703369
-0.143381820549465 0.240406096047431 0.161103567083986 -0.0739060025875983
0.0421276443551948 0.277413831334548 0.121544397768589 -0.219420933547504
0.190759327496006 0.17678651964071 -0.0282760868319385 -0.240410659183738
0.207053801548102 -0.0133873993091081 -0.156189125801841 -0.111189149964794
0.132224590794981 -0.0983430373594702 -0.11988663091955 -0.0050653855725023
0.0816441932072108 -0.152496974375643 -0.0651489262963975 0.0332874131621742
0.033170894595924 -0.16277191401987 -0.00432511796998509 0.0210929359277036
0.0277026931714136 -0.170508445973649 0.0236040214693575 0.00626937963165918
0.0843146250561033 -0.129099153006674 0.0502656049263597 0.00292805247223913
0.139068406332826 -0.0901181055333602 0.078799016358891 0.0432707497433856
0.20691396591407 0.038284840941798 0.0618596362210018 0.0973717387675365
0.154652210103431 0.176441369920389 -0.0127965317632311 0.122515927710697
-0.0214475800996688 0.233164348565556 -0.0592322104356829 0.106271888875951
-0.185931858460337 0.218564901721069 -0.00211752508583538 0.0590450332067426
-0.219651022585681 0.150636821239643 0.120908180853981 -0.112968748102507
-0.174639851812345 0.211195744254525 0.213027363068283 -0.0914278498123234
-0.00143315049551677 0.276639955386703 0.167043184612961 -0.198202400882096
0.163511628855232 0.199678283733123 0.0346357606331141 -0.22883829397786
0.204592416224753 0.00737285435352464 -0.0897506776382442 -0.130137942488638
0.135650701651231 -0.0887415988757594 -0.0669198271066278 -0.049472450321824
0.0861094322927931 -0.144124853273414 -0.0361166358367436 -0.0245138484047593
0.0374866551213635 -0.157072614393279 0.00661215726472822 -0.0338824158960481
0.0291609332076665 -0.165039865192233 0.035622772331022 -0.0495943872166668
0.0792846267914759 -0.127524274231201 0.0714522188481717 -0.0453694726772124
0.130631055929351 -0.087324532724019 0.106612437191099 0.00755497013010965
0.192578321479494 0.0380355373040927 0.0884755628921623 0.0767812189056896
0.136311500352348 0.168927223638823 0.011004278292189 0.111276772844665
-0.0341164113673159 0.211147075708084 -0.0432926499645808 0.0756751905933188
-0.184582596185744 0.181868851576119 0.0506544315680421 0.00673696191705714
-0.174283259522921 0.0882018882992364 0.190223016327004 -0.138435032741491
-0.160505362350795 0.142547721026671 0.245251178595749 -0.101616753271773
-0.031997740673369 0.214368239541604 0.188897430234178 -0.161002321872333
0.110666543288179 0.172175963493505 0.0802326767903224 -0.195162330746388
0.161790173598201 0.0193899966357364 -0.0247191625705656 -0.133634578777236
0.111064114354169 -0.068121298093924 -0.0155517797895955 -0.0831874305538786
0.07350474535696 -0.113699500730363 -0.00681276630341577 -0.0758607274858539
0.0349656641429843 -0.127897819615448 0.0156823087977066 -0.0833981006518913
0.0274570080398713 -0.136059043788291 0.0465788711946448 -0.0992771689588967
0.0681789234275431 -0.108039578406134 0.0908748697085207 -0.0863241721812875
0.111114577043264 -0.0708356795656947 0.130709225549269 -0.0174386706452533
0.156568217672913 0.0422005274112932 0.107396667063276 0.0647582170482708
0.0963729654464378 0.148445610499113 0.0253560677245239 0.103110113411757
-0.052316926437771 0.165654499176207 -0.0319384421445911 0.0477040078316167
-0.16612064063322 0.118171723808696 0.0966672977933928 -0.0358920625448587
-0.0951637729111748 0.0120582116494797 0.22398922307455 -0.148718889408749
-0.10885426813089 0.0541955655601026 0.247051780505048 -0.108327420914763
-0.039212528133802 0.11625442560937 0.184744578294007 -0.127346807574998
0.049840035517571 0.107725701402005 0.101023089895519 -0.160604822691117
0.0931689120425497 0.0187199854927328 0.0215824695580149 -0.129837724947893
0.0664677597099612 -0.0398200193109384 0.0198425642702441 -0.10515615556844
0.0468222701111928 -0.0667956867847436 0.0146608672849786 -0.111821257567313
0.0263212056775122 -0.0796798017745708 0.0230158503328798 -0.118686087837889
0.0229754361238932 -0.0878962915571193 0.0575023823378434 -0.135349355089703
0.0501340783029205 -0.073880356538813 0.109835915463737 -0.11169369934767
0.0813373307967285 -0.0445405430936845 0.154340505750755 -0.0285883645545564
0.104313482972455 0.0433900062421966 0.119891294099058 0.065241168459462
0.0474245052276358 0.113171664392616 0.032826038503529 0.103735298176095
-0.0645150912686497 0.102427598783295 -0.0227797581807105 0.0279153916495215
-0.126529768071058 0.0388685636419176 0.133930291030355 -0.0624795281174197
0.0403655081807934 0.0267179980917142 -0.146605346212212 0.102537043654786
0.0418890582533427 -0.0344519051642201 0.0165360657398632 0.0222265915792427
0.00353615020724672 -0.0527019780071964 -0.0174081805592627 -0.114311588736104
-0.0364003974760674 -0.0264279894557417 -0.128533679444106 -0.0878821166255801
-0.0321150969198848 0.0115345872147797 -0.182836614528545 0.0187189795075557
-0.0176415672260285 0.0182158800685717 -0.14893933946194 0.123588261099811
-0.0183774833982591 0.0157954975733136 -0.0696394080269239 0.156512785520141
-0.0158027705169727 0.014733161484421 -0.0218787111978957 0.140976773481562
-0.0168698032016159 0.00666904200896582 -0.019299298723167 0.130948263242259
-0.0121245317815462 -0.00775185582920764 -0.0299966245202879 0.124483207722743
-0.00482295989573457 -0.0240083065011146 -0.0398714555985616 0.12170595871094
0.0215438779944452 -0.032192015562929 -0.0852285630624114 0.119924649070735
0.055270122916822 -0.00928276786508189 -0.153167547250791 0.100459844406882
0.0507648260225877 0.0344053955181262 -0.183539136602705 0.104949285874157
0.0244122331483185 0.0624397396518856 -0.191416739415058 0.153615197829041
-0.025109578983407 0.103885182125548 -0.139806505802645 0.0732451294848306
0.0236304839520171 0.0538277738451056 0.0264349630406985 0.00805909575896075
0.0452042377186303 0.0233613378173402 -0.00741766293240334 -0.143880400327874
0.0362725815521268 0.00161329393024664 -0.132287324381836 -0.123661089826597
0.0254116608595039 -0.0159628555715933 -0.203937862292556 0.00201086647087586
0.0156129047568733 -0.025276091301676 -0.163331656138495 0.114911917392086
0.00159777298080532 -0.0438101015104027 -0.080369743465704 0.155055811555908
-0.00518011839585699 -0.0450135083312425 -0.0205409711395959 0.136838642555993
0.00239945034848155 -0.051593727280485 -0.0136826473947974 0.125475917036741
0.0321461552256378 -0.0433024625480644 -0.0185669085648135 0.114006129946361
0.0559591050290106 -0.0316311858411951 -0.021723134572579 0.115754225987228
0.0839523104302893 0.0166894693013367 -0.0552418058034967 0.122138113606825
0.0746122686315071 0.0737122095609882 -0.121763295786589 0.112175664440622
0.00638653799618021 0.111727279476198 -0.151575291558534 0.125739931620261
-0.0573085922161123 0.128335718298881 -0.162883431724217 0.15860078308122
-0.097255085379594 0.162852093833531 -0.106451620875507 0.0296958928993018
-0.0167259501007956 0.141411249667341 0.0535370486380509 -0.0169012477782471
0.0722711587446176 0.113809750780108 0.0179538668728591 -0.177864450952184
0.111187087633693 0.0477401413336757 -0.121803383507941 -0.168163969369961
0.0922800588836244 -0.033493403364667 -0.210684227650895 -0.0269136917860465
0.0560137414692106 -0.0637083203639034 -0.165992594713315 0.0881834607615108
0.0266444500934613 -0.0958916410556472 -0.0841054516192173 0.131712715038957
0.00650331822790953 -0.0978964299104468 -0.0168460759419012 0.111168924347426
0.0134793963118859 -0.104540757664523 -0.00107823504509102 0.0997241037919974
0.0617712810479593 -0.0796458894443959 0.00361290824162007 0.0887878579948898
0.100808760121299 -0.0526931483560367 0.0107421881359522 0.100394424236459
0.144789566603608 0.0362757920898522 -0.0145271376492967 0.122501441897692
0.109686077742241 0.130367384418888 -0.0820184084584218 0.124019602839519
-0.0102577759014504 0.17690392030159 -0.112101028486764 0.134802098821786
-0.117287405413922 0.183251501357021 -0.113075107312806 0.142796248901201
-0.162739607389396 0.192848227510944 -0.0469507345183925 -0.021913508430506
-0.0735861599778066 0.208753460526361 0.097850573648215 -0.0473163644420997
0.0757277110661627 0.203926663984734 0.0600403430763527 -0.205461073736373
0.169228337052761 0.108074509738487 -0.0879964060380544 -0.208803679554953
0.156442567848746 -0.0352514969749034 -0.194624017728194 -0.0639592564142049
0.0958395574032754 -0.0895232504363753 -0.149871637859006 0.0474155412114711
0.0524345243846914 -0.133388786613076 -0.0775027618517642 0.0884206660544904
0.0163751452797366 -0.137135686257224 -0.0108320760322223 0.0701795522725262
0.0177494166297887 -0.1430812597022 0.0117374536257175 0.0565561280804286
0.0746876621086946 -0.110284416689795 0.0276274126098745 0.0486778191384827
0.124577161448358 -0.0759210791509845 0.0463128094745955 0.0733173654380393
0.18634647706619 0.0352723447011564 0.0282782477075433 0.111197008789832
0.142718617403515 0.15671921339059 -0.0413719905288989 0.126190104868221
-0.00988564788699264 0.215414024035934 -0.0767663913693022 0.125612780432997
-0.153100686696906 0.215187148311899 -0.0552509758573844 0.105688340764502
-0.202320242452537 0.187563398161865 0.0315425051375856 -0.0720032836402495
-0.128945016713923 0.233125417915753 0.15097451823888 -0.0753762136393288
0.0494643095910898 0.261084649784533 0.109716966971153 -0.211448905349534
0.189049244929834 0.161723980033169 -0.0340980696365672 -0.228779315650699
0.195394537012325 -0.0210952763633934 -0.150967021273664 -0.0983735461675598
0.122269709127916 -0.098636615057733 -0.114408910589329 -0.00154766432316778
0.0701966044729317 -0.148631344022331 -0.0597099035463787 0.0339347776153141
0.0244726551008237 -0.155494550933472 -0.00291058710994553 0.018783305941422
0.0181620695595401 -0.16188571755886 0.0230654398626911 0.00508746003841509
0.0754372517990457 -0.126941223641746 0.0482311313489837 0.00110563990248746
0.12806528200903 -0.0906344899520675 0.0772232031389136 0.0379801726779605
0.199313467328149 0.0278879697000405 0.0631874820364553 0.0909136150605649
0.15385060587764 0.161341892642861 -0.00821815047521032 0.117681081955597
-0.0118306941089932 0.221814656841938 -0.0531776465595351 0.102293005247163
-0.16755914649503 0.214521121911782 -1.8638871590943E-05 0.0558730525675662
-0.202659389444846 0.149975887046124 0.112766448169049 -0.112088753130148
-0.159296929083121 0.20684904992445 0.200103950588918 -0.0936318832469215
0.00833585764743508 0.26122990049848 0.153343328222889 -0.192339434696012
0.164837842063906 0.184343616080299 0.0251822121217568 -0.219659495982651
0.194179580040934 -0.00084825612547043 -0.0884814069682559 -0.119535960690159
0.12462204202651 -0.0891829008042029 -0.0653117372829523 -0.0461934598242899
0.0755323118979516 -0.141086571306508 -0.0356268948314303 -0.0226070684235168
0.0278486519515495 -0.150657135160848 0.00512014007406252 -0.0332985278981012
0.0191527989714832 -0.157254262416434 0.0321468626390171 -0.048076976951826
0.0697866447626282 -0.125053574394073 0.0654347678720304 -0.046094990541322
0.120194635295704 -0.088600699168498 0.101820384206603 0.00393279210242078
0.185061266884169 0.0276807819132411 0.0871963942670929 0.0704384732144133
0.135372695643681 0.154018522268644 0.0142737276384022 0.106058000947122
-0.0245928838936927 0.201198720359417 -0.0388631843785429 0.0733796484835737
-0.167296138672207 0.179622251588838 0.0482686889118121 0.00470374541978588
-0.161868163026328 0.0889291059826552 0.177017489644973 -0.13815567569914
-0.148262669808836 0.141489599103641 0.230527329195208 -0.103916203395822
-0.0238670764620254 0.204865457359864 0.175342877713762 -0.158273029525967
0.111984340242127 0.159757771090647 0.0700980886584791 -0.188842663782055
0.153713448096145 0.0118975558607554 -0.0276318226786406 -0.125769551785024
0.10178405815981 -0.0685492913415296 -0.0184198282339479 -0.0801283748908445
0.0642803012460469 -0.111324835854611 -0.0107231911098432 -0.0723880090839525
0.027364354432186 -0.12281325038205 0.0118665057185212 -0.0793187511991249
0.0199365874584082 -0.129556024404986 0.0401510528774938 -0.0947369101354166
0.0600186101393736 -0.105150432624959 0.0819379405516085 -0.0849353830403504
0.102382252789674 -0.0709955779063813 0.123808252168647 -0.0210801589461918
0.150862775067624 0.0335623157314841 0.104587019211086 0.0585456708533881
0.0971247274458596 0.136138453786551 0.0278395556539649 0.0979679792048576
-0.0427847650276396 0.158331920751226 -0.0293183078732044 0.0465210648068263
-0.15148674715641 0.118579769085089 0.0907702160785399 -0.037766467490242
-0.089389691739212 0.0138931882722755 0.209417693525489 -0.148613730237287
-0.101681641124867 0.0552194060858758 0.231889084817753 -0.110282501681855
-0.0335517884692431 0.111555716684428 0.173148627105001 -0.12521148994323
0.0513603646509932 0.10097352810547 0.0908846972455986 -0.156702177752514
0.0885042616239358 0.014238723924266 0.0159299001421326 -0.123854203920073
0.0606138089722371 -0.0392175670334177 0.014610740424499 -0.103036663218573
0.0408603208113742 -0.0655706978796663 0.00903801288499357 -0.106363465821708
0.0216940062058451 -0.0768362914518981 0.0165656184865144 -0.112673518511429
0.0172865161758021 -0.0837231459683707 0.0484856669882324 -0.129021523826689
0.0445311439710848 -0.0719116764036163 0.0984385297094107 -0.109854672756439
0.0753074810274696 -0.0445229796024676 0.144837270309808 -0.0326537128850204
0.100904684301618 0.0371836605610846 0.117117056031586 0.0582219789643989
0.0488031491808963 0.104937980783826 0.0347890852604971 0.0982961797331532
-0.0561852619827672 0.0988927835098024 -0.0214791411398262 0.0275152086879471
-0.117602393788268 0.0422325060330846 0.124976225571335 -0.0640779302116644
0.0381011655197619 0.0258633693609848 -0.138592830693609 0.0991129297299316
0.0394632131499946 -0.0325507960126121 0.0160275673057699 0.0217852092126896
0.0040575526581263 -0.0493694851061421 -0.0173106904567541 -0.110404161872786
-0.0340350244194636 -0.0245347731924875 -0.122727251405253 -0.0839125261338357
-0.0292384675265475 0.0107982880458179 -0.173920252319248 0.0195894243762757
-0.0154434013953087 0.0175946056457692 -0.139713347103743 0.120889041518904
-0.0174845755439634 0.0154636271215505 -0.0643527269640263 0.15040246712365
-0.0144936543440689 0.014103513659278 -0.019591856205601 0.133500346355979
-0.0156536426517715 0.00613684098750984 -0.0161403486124314 0.12466009159065
-0.0115783947308103 -0.00760559429407182 -0.0265051647409851 0.119865927353548
-0.00501608240244607 -0.0230517893246534 -0.0369766600010946 0.11718757489338
0.0203150638907681 -0.0303218989352901 -0.081328576888421 0.114272862155122
0.0528532233558572 -0.0093709455797082 -0.147099713226149 0.0967712492378251
0.0473480316598723 0.032577197713553 -0.175041043153395 0.100607925500926
0.0227357369946941 0.0585882264069502 -0.183605820379439 0.147910186155304
-0.0233236810352098 0.0999747974472445 -0.132411300896934 0.0704774229716979
0.022884052091643 0.0514671021280791 0.0255178634629135 0.00802754985663422
0.0437370491569623 0.0225599224217912 -0.0077205496539132 -0.137814631067553
0.0360392164280831 0.00124416393381559 -0.127715988270708 -0.117985875550767
0.0246145360595389 -0.0157880260264566 -0.194221310247358 0.00482975362991347
0.015214903012546 -0.0241790450486767 -0.153875851076608 0.112764653163074
0.00022306895198977 -0.0416342860685396 -0.073813322023605 0.149146972242262
-0.00527340488433174 -0.0434550662047588 -0.0183164068919591 0.129310051301397
0.00113967931960704 -0.0491509226957596 -0.00979215435170879 0.119244392970151
0.0302880000019093 -0.0422079169496452 -0.0150112775322536 0.110104105326922
0.0523657610939738 -0.0314985371504802 -0.0190740137594874 0.110791405084297
0.0811009279425265 0.0155613425835417 -0.0523100120013146 0.116658501968745
0.0716578991685387 0.0695481995832959 -0.117271614479015 0.108023270053508
0.0058703506014192 0.106704809112228 -0.144662285057352 0.120597203349502
-0.0544974942618312 0.122537881676578 -0.155753858043627 0.152172908394223
-0.0916330146261777 0.155649077579479 -0.10122004160907 0.0285139167005439
-0.0151733536846298 0.135721307183382 0.051194238203564 -0.0163516146817073
0.0706671657479519 0.108802853193396 0.0169026070466788 -0.170495968566589
0.1079006256859 0.0451980705373803 -0.117139290753406 -0.161105598382186
0.0877149320715527 -0.0333517974521194 -0.200542258367562 -0.0238338548719772
0.0534565006281208 -0.0617732234358748 -0.157211049080066 0.0872001905872446
0.0234846418742903 -0.092648570224008 -0.077413551619451 0.126371505794456
0.00419476934464098 -0.0937891356072886 -0.015266133544591 0.104828850542007
0.0108483289742347 -0.0992452041432552 0.00152415875437363 0.0945461591508284
0.0576434289439435 -0.0774719038955799 0.00586077258174201 0.0849333353726799
0.0950959310198001 -0.05203317872244 0.0120366216500061 0.0966921619796068
0.140078364630718 0.0329890358657055 -0.0127975869135492 0.116652734951555
0.106046124892407 0.123337358274154 -0.0782109567205915 0.119590675134178
-0.00889673875244914 0.168074563985214 -0.106991106225702 0.12896376762118
-0.110685246179012 0.175735651199553 -0.107697882614144 0.136765903756339
-0.15317341227245 0.185137969132832 -0.0440785727393939 -0.0212747298389392
-0.0684401403796823 0.200137447288506 0.093221166067405 -0.045912529641754
0.0735609372244764 0.194134721803459 0.0576037909924524 -0.196593099308114
0.164555047511066 0.102428423006108 -0.0849224112873678 -0.200593028217489
0.148743541404566 -0.0354755360764033 -0.184692309122673 -0.0592019172477337
0.0908516796474901 -0.0872681056007951 -0.142822823665737 0.046606913463225
0.0475030117770572 -0.128651909676926 -0.07157079182033 0.0851254164236661
0.0132266341526021 -0.131009381260098 -0.00935837655846319 0.0653348227508979
0.0137538881104978 -0.135982625142999 0.0132895614583424 0.0536637019095514
0.069506417265019 -0.106781927474048 0.0274153073852676 0.046644465388578
0.117279288447253 -0.0744901365165018 0.0453633162858581 0.0696904820982825
0.179982702464844 0.0305578169881927 0.0281516702508823 0.105842648365089
0.137997515558509 0.147496814871523 -0.0386346833946848 0.121705383071395
-0.00729923127346392 0.205375679166405 -0.073608276841433 0.119972332960417
-0.143219067026595 0.206761358568135 -0.0519934482625442 0.10114984991411
-0.190243864246869 0.180213161941222 0.0297759726954557 -0.0702294786665376
-0.121589899926582 0.224050345670849 0.143956683026987 -0.0727121356120503
0.0490603371977064 0.248988362133355 0.10551567034391 -0.202485228618757
0.184089203968929 0.153441148029245 -0.0332773157362361 -0.220279104849551
0.186197321654202 -0.0225220544042245 -0.143601933612689 -0.0914529365218095
0.11555417082918 -0.0953191281240393 -0.109569178060832 -0.000354710886930489
0.0642141838308905 -0.14397489623328 -0.0562056131432266 0.033146197814956
0.0197043252813834 -0.148507103339696 -0.00246054416567256 0.0170049042516893
0.0140096783919497 -0.153416155313279 0.0228946796555544 0.00381806090419818
0.0695323024935334 -0.122612379003012 0.0458512632013362 0.000626800574985021
0.121501299043528 -0.0883297723266864 0.0748036365786992 0.0353465884272086
0.191819032844488 0.0231055483915335 0.0614216904975146 0.0865947027303514
0.148251242043299 0.151050621770359 -0.00638217512032345 0.113145056909364
-0.00850484424636334 0.211047241941206 -0.0503019121884181 0.0979600226120663
-0.157263613380222 0.206348545452067 0.000531361113051518 0.052701741549629
-0.191624949743591 0.144129759638966 0.108225290728288 -0.108826967196043
-0.150651131865494 0.19902750441654 0.190864533710019 -0.0909130264799472
0.00964562291723796 0.249582249322814 0.147157031075138 -0.184091441121408
0.16073496154938 0.174894939364826 0.0231542110724495 -0.211468580763682
0.18502456011675 -0.00351801927241095 -0.0844412226170878 -0.112934250766029
0.117482592436116 -0.0866328160770708 -0.0637092053078442 -0.0442693936995565
0.0689481336803802 -0.136741608742749 -0.0337529731822627 -0.0211616931160965
0.0238882292508039 -0.144044864669201 0.00434812769012036 -0.0325284676630724
0.0152356124467571 -0.14868552397876 0.0304633145829366 -0.0459687825274513
0.0643373936285387 -0.120142935631534 0.0611729680712963 -0.0442155628116181
0.113045903942905 -0.0851855933097595 0.0982429122925075 0.00327690888019621
0.17791239657591 0.0242557582462513 0.0849740232821391 0.0670892693136373
0.13134832463529 0.144612584408895 0.0144139678716743 0.101779257494106
-0.0203706194298372 0.190894683912812 -0.0371913053736907 0.0706380100108089
-0.157014200655709 0.173230298394957 0.0463937024211129 0.00357931811318992
-0.153148009493915 0.0860739637902678 0.16939564714846 -0.13389867432599
-0.140650534508169 0.13618108828431 0.219828006121347 -0.100937369374607
-0.0209225618428613 0.195280151228019 0.168441961702165 -0.150789611115018
0.109928845248163 0.151876289642319 0.066130598167297 -0.182444862107845
0.14624500402344 0.00970396751386857 -0.0262802355544301 -0.119335640494856
0.0957475634592307 -0.0655080456879593 -0.0194353416650492 -0.0777773756592811
0.0587936435871845 -0.107492477643837 -0.0113372392262242 -0.0686987562060162
0.0235062916788243 -0.117489426882441 0.0101374250128758 -0.0755493378131191
0.0156195314171513 -0.123406345616107 0.0369437058924897 -0.0901358641834983
0.0557504750097666 -0.101496921282947 0.0756825552831757 -0.0814634206203294
0.096363627048201 -0.0683111165658337 0.118905270814061 -0.0211517127769345
0.144748026084679 0.0299494353308593 0.101112497566159 0.0550652201210189
0.0935880601098893 0.127723456232538 0.0275446457790314 0.0942630749705392
-0.0390679108406926 0.150650629116637 -0.0281505116764495 0.0446277282533875
-0.143127549744528 0.115186701344115 0.0859591119282453 -0.0366774618954985
-0.0848106622383682 0.0139706040590868 0.20018076196345 -0.14311532218281
-0.0962645495684133 0.0533148366464367 0.221001047314982 -0.106020738589958
-0.0311400388555327 0.106595984794953 0.165785432616658 -0.11958129738931
0.0510545148566229 0.0955593277112199 0.0860785739259891 -0.151181238637047
0.083832468838263 0.0119446961217739 0.0138434079472816 -0.118722786273632
0.0562566883909649 -0.0376765871115824 0.0116568700135274 -0.0994812510694544
0.0383935025043804 -0.0624648470929235 0.00644750559258722 -0.102003492675025
0.0189354324342787 -0.0734909081306206 0.0145893063105793 -0.106446512879243
0.015055018063011 -0.0795395877632964 0.0444456825210979 -0.122534456952619
0.0412477436797851 -0.0690148442326607 0.0911952759963013 -0.105154419292918
0.0710561161419389 -0.0433534202133908 0.138106751534874 -0.0315705057885676
0.0972958535597249 0.0338438693051345 0.112984359704868 0.0551454049046566
0.0470935961451288 0.0991108252629277 0.0339500858813857 0.0942065183724546
-0.0526479923648056 0.0933577914195121 -0.0207423913842876 0.0267632429644786
-0.111259484657201 0.0414666188334094 0.118135507976215 -0.0620728255526244
0.0362139673642922 0.0261865812291806 -0.134592784679475 0.0951436691096576
0.0385089177628619 -0.0307520500570698 0.0156266152289513 0.0219631412685812
0.00520722802368792 -0.0478079058605189 -0.0158140046667849 -0.108594018677279
-0.0327576269721992 -0.0242882083525466 -0.118853800909344 -0.0831258672064003
-0.0275641226079356 0.00995862146408273 -0.169052697380422 0.0180283852571299
-0.0141185379833356 0.0162949372281139 -0.134876880853798 0.118628354267409
-0.0173367155581672 0.0151692974861046 -0.0622132119710038 0.146310906463976
-0.0147168655413507 0.0130238425338081 -0.0194053799321723 0.129650622225031
-0.0149703631422657 0.00556739798225429 -0.0147276026251484 0.121302332012536
-0.0112505732541605 -0.00801060087805351 -0.0249955158086162 0.117935087190174
-0.00490558683935529 -0.0224423356667649 -0.0368452595503882 0.114140917327963
0.0205309471917035 -0.0291431487715134 -0.0812572213248435 0.110518650104872
0.0517236738799384 -0.00849226045753345 -0.145849549027072 0.0932125869254646
0.0441877791198151 0.0318736794276432 -0.171678085569379 0.0952880074044716
0.020714287575779 0.0576079645202545 -0.181837852905237 0.142172820996796
-0.0239726773484247 0.0970773115440021 -0.129196389124108 0.0670475478488309
0.0217399762235966 0.050861590343293 0.0245512047688473 0.008079089241632
0.0437030125618118 0.0224483481229145 -0.00608612988475145 -0.135728651211647
0.0361187379428067 0.00178392520708708 -0.123012896807755 -0.117228500816334
0.0244049734266612 -0.0160931914562576 -0.188423124572174 0.00342991300706116
0.0156888610724489 -0.0244636316757024 -0.149250420234915 0.110628330587422
3.02059855411246E-05 -0.0407987281105887 -0.0712364449175588 0.144706061880153
-0.00562814372425014 -0.0428626851533091 -0.0183606863382682 0.124668841891744
0.00123010173260054 -0.0478704480622415 -0.0084417958224273 0.115596965686414
0.0300085283273163 -0.0416237089281276 -0.0138684712962197 0.107631344074259
0.0514525307546815 -0.0304187693227899 -0.0190627316283812 0.108311060080501
0.0801904153751448 0.0154431839735392 -0.0528827849887931 0.112702003805041
0.0695077756641578 0.0683318732600422 -0.115976923952267 0.105052360543877
0.00347831837417083 0.103769562491356 -0.142243268948522 0.115189447945182
-0.054861461418977 0.119021796053202 -0.153921253926193 0.146611300729696
-0.0904757407103139 0.151245729910898 -0.0984426958315221 0.025625401703227
-0.0157138999697821 0.132846254135854 0.0502126809547666 -0.0150624217141153
0.0690537681391967 0.107228793431097 0.0190336887827608 -0.166751645793343
0.106732538029932 0.045302461988684 -0.112678057499389 -0.159463976829356
0.0866026019516112 -0.0326755565522452 -0.194053409443571 -0.0238153682037312
0.0530519962806548 -0.0601608518999997 -0.152855173799484 0.0851519738148855
0.0218263563875375 -0.090436767159019 -0.0742920880574923 0.122803533457622
0.00322037745567088 -0.0925857767709378 -0.0153731750234337 0.101326444655437
0.0106406648532166 -0.0960069910783641 0.00282124187858114 0.0909649679365026
0.0568631228909352 -0.0760731594034157 0.00583905656389589 0.0831946064683582
0.0927991927969954 -0.0505555069399794 0.011957235682211 0.0940967608642443
0.137379508278833 0.0323128001777722 -0.0132894662305973 0.112946162284083
0.103033346385028 0.120255492336434 -0.0785037400828923 0.116194517087593
-0.0106458722297412 0.164109656134845 -0.105701705185433 0.123765937571518
-0.109621150017056 0.17023746758953 -0.106590164764121 0.131939140933193
-0.15069702686621 0.17817442833481 -0.0429782268472796 -0.0227790826115573
-0.0684412490764992 0.195341406810995 0.0909261855933804 -0.0437047254942811
0.0708876529471251 0.190402513462051 0.05882159927085 -0.191249613057109
0.162124390670236 0.101291412089755 -0.081269467277095 -0.198474661465779
0.145275564350946 -0.034148921993285 -0.178517751347201 -0.0583995415719291
0.0893253723476782 -0.0849442569060145 -0.139029927107564 0.0450635187004349
0.0450382633464389 -0.125548131144803 -0.0683840447015482 0.0822524827700864
0.0117855536667881 -0.128285459974437 -0.0100281985193139 0.0621622731904481
0.0130598265095472 -0.13102163305439 0.0145940327845817 0.0515018953277391
0.0675463837716623 -0.104572928603995 0.0270840617128582 0.045721639281272
0.114872955596219 -0.0720172925070681 0.0452402841393662 0.0684008715408772
0.176726151636073 0.0295092665642272 0.027052089666159 0.103339537886203
0.134130470462483 0.14362727636579 -0.0392878780345905 0.118775820223117
-0.00928181329388159 0.199067623691205 -0.0732677556224488 0.115942122595168
-0.141354263930943 0.200412836730741 -0.0518330590876064 0.0979766450237635
-0.186120610882618 0.173886464592654 0.0298539930525347 -0.0692485025185491
-0.120319816470992 0.218386456141888 0.14069882949714 -0.0691688245828609
0.0456052092789852 0.244162342906492 0.107003619574875 -0.196015243483822
0.181540965607313 0.151668429879127 -0.0306235231108596 -0.217344766069556
0.181683404417036 -0.0215370885439512 -0.137855847598628 -0.0903069362576227
0.113038244979966 -0.0928229454258106 -0.107059077871911 -0.00146695440784773
0.0614458795405815 -0.140494828991816 -0.0540508258988388 0.0320353295467796
0.0182422277035276 -0.145346234866042 -0.00307620295247274 0.0151440514126563
0.0131960964190121 -0.14821645137036 0.0230771684195758 0.00365980000266091
0.0680247029186223 -0.119188102574206 0.0450476101175775 0.000764056116205533
0.117631692423517 -0.0855315728802366 0.0736792363278722 0.0352466688029467
0.188263032630822 0.0228116801770143 0.0600585200468815 0.0842219351491784
0.144136335331934 0.147158419163477 -0.00788187888334749 0.111347428860519
-0.00949420361550564 0.204876863369725 -0.0511919282101004 0.0948457920270602
-0.153961343959279 0.199860811725719 -7.79146776436782E-05 0.051031011189801
-0.187334256134066 0.138625171568693 0.106751812965913 -0.105632958183817
-0.148417932194436 0.194019842014722 0.186902494016174 -0.0866376775439297
0.00740700349020377 0.243529518123386 0.146313792814161 -0.177364599627912
0.157559860586917 0.172526400752092 0.0248933922265982 -0.208527098455235
0.179085732294284 -0.00266778306826105 -0.0800675105977594 -0.109874031570031
0.114755756670405 -0.0830775823488654 -0.0625887494369603 -0.0444813690943628
0.0664857700898909 -0.132981690716434 -0.0326161591201341 -0.0212139160039043
0.0222570648868404 -0.140460107514843 0.00383721573456229 -0.0323869931436899
0.0145692113510331 -0.143628575447059 0.0297541806468076 -0.0451004740238796
0.0625453343510489 -0.116845567170121 0.0588563652525752 -0.0426683339089267
0.110329577145213 -0.0825916224936661 0.0963498935385876 0.00314333322531768
0.173810456229423 0.0231808849559473 0.0832153866197261 0.0663185472952975
0.127099518327323 0.140685193325137 0.0131248886741163 0.100520932482859
-0.0209878422456716 0.185325574681892 -0.0375433364038466 0.0679762237791395
-0.153612413705038 0.16828604774954 0.0451895450183209 0.00327288661761805
-0.149832009563331 0.0817351432647412 0.167299179669827 -0.128871023566026
-0.138199477204546 0.132092391690469 0.214543212313999 -0.0960629357261032
-0.0219273018960233 0.189981333305878 0.166798474067318 -0.144904093669246
0.108159741973195 0.148956326363589 0.0659279726649854 -0.178768834438041
0.141551603838299 0.00921941521210674 -0.0238980796651387 -0.11664794787034
0.0932340711050226 -0.0626907759277499 -0.0189993037729 -0.0776425402637262
0.0576601884216517 -0.104576365148548 -0.0108017076498063 -0.0670727989663143
0.0224321738846157 -0.114736339498318 0.0102188559458889 -0.0736349437577162
0.0149778718453485 -0.118609417947716 0.0362165460162268 -0.086955450043248
0.0539402975593559 -0.0988714950013227 0.0732803930511092 -0.0781301414439243
0.0935408380044425 -0.0662836986459242 0.115902984224662 -0.0196423993030458
0.141840370148049 0.0292096615984858 0.0984078676014362 0.0543760858566579
0.0905633073192781 0.124475503083481 0.0259532393349555 0.0925564738867042
-0.0385086426795799 0.144919653704491 -0.0286476286117937 0.0436978836201845
-0.139525554543732 0.111532108287065 0.0835960216064319 -0.0360532596584653
-0.0824673009132662 0.0126344885822549 0.197560815563523 -0.137658618255378
-0.0944504241135423 0.0520308720601386 0.216887956758129 -0.101400895444718
-0.0311483101266058 0.103440611713452 0.163748525164713 -0.114607624311222
0.0497375035681628 0.0933987286541761 0.0850659258674054 -0.147409582419269
0.0811469448084279 0.0117277777762073 0.014366253664391 -0.116063624214216
0.0542981214995345 -0.0349090216026281 0.0113008065578863 -0.0984240113509195
0.0372827131652352 -0.0607590183516315 0.00533824692231413 -0.0991519183188467
0.0181287444104205 -0.0716392334801511 0.0149824608406903 -0.103664687136709
0.0144498385073929 -0.0766492993403333 0.0432237512054232 -0.118007555596496
0.0402461260087622 -0.0674812863207142 0.0878965622478065 -0.101182228987573
0.0693793040094428 -0.0419299710134534 0.134841391569413 -0.0303972210155384
0.0952511787758768 0.0334781864566854 0.109389951910335 0.0553033185335327
0.0450761604665732 0.0956680001480579 0.0320464713766657 0.0926632647523072
-0.0515175295317836 0.0896519681310405 -0.0216111832940627 0.0256417056427699
-0.107571070331016 0.0400333191214765 0.115787299205552 -0.0606789105864801
0.0357307408316889 0.0267652811486744 -0.13460412057687 0.0939779019248111
0.0383376193767354 -0.0302854770367649 0.016590074272547 0.0229551443520004
0.00622377480220733 -0.047881851384497 -0.0154481252090198 -0.109309174882524
-0.0320376684306511 -0.0241747352586305 -0.118792253892584 -0.0848594443218298
-0.0267076389255115 0.00916595763694529 -0.169392185834447 0.017266522172672
-0.0136731984289708 0.0159098829199235 -0.133435486364471 0.119592979591586
-0.0172042794762257 0.0152758191137668 -0.0609765603317038 0.146012176223144
-0.0147636024329211 0.0127479129560314 -0.0193347814529258 0.129264859261408
-0.0148191748294576 0.00534112599202781 -0.0134285632053747 0.121244147740512
-0.0107581633419954 -0.00849779601727632 -0.023529746434601 0.118788393747941
-0.00554013815827218 -0.0227473003345192 -0.0369488331411537 0.113840376465237
0.0207566316309044 -0.0283728631068943 -0.0829568877538672 0.109753564123494
0.0519728163598048 -0.00825303583297401 -0.147498707091599 0.093370816974509
0.0420515721524629 0.0324201620148775 -0.171932723648002 0.0933245682066701
0.0197334515312989 0.058108477264356 -0.184527619494603 0.141095566428734
-0.024802376062091 0.0978931694557506 -0.129359509433437 0.0657163270204678
0.0213266186758078 0.0518703830529395 0.0253391278334354 0.00918411835669716
0.0447221893451544 0.0229526945509002 -0.00502488694388295 -0.136487601008529
0.0373197063217391 0.00192210069024192 -0.122319024926405 -0.119270462908302
0.0248861267866088 -0.016410585720029 -0.187350104372719 0.00280142173866108
0.0166859542417774 -0.0250642646773547 -0.148614796792914 0.111322285671766
-0.00093904220713599 -0.0407942757865423 -0.0698560329446153 0.144134521152156
-0.00641755511399464 -0.0430960623084558 -0.0184400281931944 0.123987360192804
0.000993551986441636 -0.0481526957453799 -0.00718525485414644 0.115007098350946
0.02978623611697 -0.0424412734277735 -0.0125713969294745 0.108801887388301
0.0515318385755636 -0.0305849273619954 -0.0185959622113897 0.108401050768051
0.0808933219405373 0.0153988071046349 -0.053891124322871 0.1122525277186
0.0696633072126161 0.06832434986785 -0.117980927318396 0.104922376282076
0.00168452656742954 0.104281463594077 -0.143341868705568 0.113696302729466
-0.0561358154196785 0.119405403935423 -0.15635289505036 0.145268063088881
-0.0913713946832819 0.150752882090292 -0.0985825173634678 0.024234058713476
-0.0162964882887495 0.132935336591548 0.0501998838191245 -0.0140166521975611
0.0691006968754694 0.107915694462706 0.0210972660499284 -0.168049543588412
0.108835855901355 0.0455589353244822 -0.112237332374337 -0.161600145849205
0.0867917082796838 -0.0327811726269666 -0.192727755481057 -0.0248510570605549
0.0539215340156987 -0.0613102943126443 -0.15229244098364 0.0853651871310283
0.020587739666938 -0.0906849149966713 -0.0724686288009883 0.122121230901298
0.00216531878076226 -0.0927700576429276 -0.0153075014367122 0.099548794648125
0.00987066156555902 -0.0956774200344179 0.00429011267912413 0.09012769215385
0.0564926438188113 -0.0767977585406302 0.00702374317143582 0.0838114026241956
0.0933618112171074 -0.0505138183894041 0.012510069909591 0.0944168696042417
0.138878615213608 0.0323327618555155 -0.0143943812227448 0.113238157159391
0.103301814311999 0.120417514231864 -0.0802783995211884 0.117041829811786
-0.0127201608399241 0.164021805295825 -0.107363152871897 0.12282258125313
-0.110954612628399 0.170973220634997 -0.10765779034941 0.131079506012515
-0.151100656254399 0.177324658143666 -0.0432683364416375 -0.0232611269199739
-0.0693935089191898 0.195649052364849 0.0910680084517298 -0.0422139969248389
0.0708592854390684 0.190692258176668 0.0615547360630357 -0.19185948216618
0.164519252438613 0.101369120203942 -0.0804651423984632 -0.200818714278618
0.145888201718675 -0.0345147269346261 -0.177087030875439 -0.0591463754259677
0.0905747053175256 -0.0852867689476235 -0.138735057743147 0.044937432176089
0.0433048514000433 -0.125842377652349 -0.0670594739286359 0.0821615263949956
0.0101151306516287 -0.129322283557533 -0.0107683742261639 0.0613978005030053
0.0127558966797411 -0.130235394857876 0.0148793836872726 0.0505332730622382
0.0678615320784415 -0.105004172051639 0.0272580974197575 0.0459979437892555
0.114218360773366 -0.0724785972972047 0.0461072094871453 0.0686381783598938
0.177702774448148 0.0289756645511045 0.0272041845880148 0.103085897269143
0.134583622852063 0.144679629770441 -0.0407823950682827 0.119558242469956
-0.0108003652256457 0.1993774624446 -0.0744261577661328 0.115204663672802
-0.14230991058486 0.200782065445872 -0.0524707743950607 0.0969567923208562
-0.18745484859394 0.172035930993774 0.0301816469289852 -0.069762068600765
-0.121471629208095 0.217926994438296 0.141084595226016 -0.0674512562839601
0.0449920112846609 0.244677655031347 0.109788172919215 -0.196183899413902
0.183685287123817 0.1519585051047 -0.0302743450600249 -0.218685672490673
0.181395678959017 -0.0216079166140691 -0.136103337721034 -0.0910101889721865
0.113817464493528 -0.0926493019425548 -0.107039004285059 -0.0023660103059166
0.0604603411821007 -0.141248541236931 -0.0524172363395963 0.0311818229292412
0.0165856267943906 -0.145678698778224 -0.00366488158401391 0.0147817722618853
0.01262350389779 -0.146939192839939 0.0241593915210336 0.00262710917769607
0.0674552121289711 -0.120250428967753 0.0449518748268871 0.00132684191023314
0.118120881739754 -0.0854716849523461 0.0748334433512692 0.0351890028375414
0.189508303458822 0.0220382853377421 0.060651488239178 0.0842087236610256
0.144784381718763 0.147179928433568 -0.00937037212970332 0.11205147023313
-0.0101660674925436 0.204784679126025 -0.0516529743074384 0.0944031982167083
-0.154309413070554 0.200403957192612 -0.000623826683181754 0.0502124222872847
-0.187419702594275 0.136834773222959 0.107410946595691 -0.105991227096736
-0.149668314713825 0.193677442647851 0.186761390603158 -0.0850310463607319
0.0071543585017271 0.244550838643002 0.149149536084087 -0.17704931945131
0.159684724142327 0.172396674796141 0.0251671722386328 -0.209352784544299
0.179355977428189 -0.0033669822126127 -0.079193470780377 -0.110426773804446
0.115133901547115 -0.0833833416903639 -0.0629813093076717 -0.0456075300592372
0.0652431140006582 -0.133685658051704 -0.0319355478517093 -0.0212271311544116
0.0206899977498033 -0.140891397493931 0.00349622772242204 -0.0327333107174219
0.0137312703278656 -0.142240981742079 0.0300465581586596 -0.0451849477670957
0.0624917998208157 -0.117124570348168 0.0581947136791067 -0.041930045429913
0.110201083355291 -0.0827403308863903 0.0967676625005074 0.00368720910830407
0.17558765128127 0.0227813453027207 0.0836814504937152 0.0660168135182563
0.12741188815296 0.140273102445387 0.0118461761828187 0.101177055711149
-0.0213517691509911 0.183912023129313 -0.0386440265042157 0.0683841375566683
-0.153542853466011 0.16806814974275 0.0444464539646193 0.00261956557772389
-0.149628386590203 0.0808742085706933 0.168697758888962 -0.12865690076197
-0.138515707731321 0.1314207182886 0.215033661949414 -0.0944832255185599
-0.0223209632553028 0.190196887042078 0.168910324545774 -0.143502690101873
0.108580184606949 0.149558210246812 0.0666536834067602 -0.179233430332546
0.1414521404412 0.00920085630031216 -0.023805249550144 -0.116413934399064
0.0928483124007822 -0.0620854456204271 -0.0196069127274171 -0.0792451884036341
0.0557837149038032 -0.10499794533615 -0.0109959287988417 -0.0669537087893212
0.0208970083259349 -0.115161472532511 0.00968749261637191 -0.0736649762401193
0.0146345083664712 -0.117456300440544 0.0358107759377542 -0.0873513332335148
0.053010167037197 -0.0985437003752384 0.0726014327769717 -0.0775695282049992
0.0934365288219361 -0.0660565857587208 0.116984954680438 -0.0198174897644218
0.142010482867416 0.0285864515560394 0.0994257896259023 0.0549540393044199
0.0905822857951877 0.124287394382195 0.0247574164628614 0.0937416234721419
-0.0388173967418099 0.144000229346085 -0.0299694569276523 0.0437059005526385
-0.138516212537977 0.111461687945857 0.0835277796185388 -0.0359024989851169
-0.0829362129668176 0.0128606910664641 0.199744369625022 -0.136265951370559
-0.094294759527968 0.0514252606193321 0.217073019055813 -0.0996995214110419
-0.0316473954598375 0.102653363631071 0.165367738939157 -0.112640333245651
0.0507572325822487 0.0931742563357311 0.0847434155744791 -0.147539216184213
0.0804072184888314 0.0119785444089193 0.0151420276312264 -0.115991689628217
0.0542087957456008 -0.0342230434498909 0.0100678390898658 -0.099380371377293
0.0367977532354767 -0.0613502114797006 0.00448479232415271 -0.0987984233534531
0.017622157947638 -0.0716479397415775 0.0144966333893624 -0.102970321049758
0.0139832830885579 -0.0755489298248321 0.0432015568286343 -0.117733819081147
0.039648268700784 -0.0672829813269757 0.0865612716283771 -0.100223933857631
0.0685315032950419 -0.0413381741426762 0.135823943179273 -0.0297367374142767
0.0962480982825395 0.0334557026162332 0.109737083202829 0.0553896333339831
0.045364204936886 0.0952270964573588 0.031318013559969 0.093523555977652
-0.0516250208668405 0.0884217585795437 -0.0230455228508801 0.0259330571443674
-0.107291045266791 0.0401504522158296 0.115044800160983 -0.0606715934050198
0.0384701852823154 0.0263442228600421 -0.132573604032929 0.103912385041381
0.0350608891629507 -0.033213003855361 0.0213244395992286 0.0252433201895109
0.000221959028451815 -0.0488529018577055 -0.0179586276406664 -0.108262786449848
-0.0366415794192575 -0.019786111312321 -0.122198555081174 -0.0803998870339924
-0.0272679725010243 0.0136576385389027 -0.169643818475477 0.0286536967954852
-0.0117365630720352 0.0194257730160049 -0.124255837423449 0.129099025441872
-0.015039902978111 0.0185444448864066 -0.0488188150265799 0.149660212588028
-0.0134975200527664 0.0146022630039805 -0.00909932883195331 0.131164937455104
-0.0140589986585188 0.00690000479626221 -0.00358480217385631 0.125095175600219
-0.0127184314521493 -0.00826574695916617 -0.0136923118081608 0.12548957439207
-0.00896288349025535 -0.0227645271295542 -0.0292762524822973 0.120756427075222
0.01747811033932 -0.0331060103715069 -0.0802092901270302 0.120737959934918
0.0504755692607791 -0.0159926508354313 -0.148789721300292 0.108248173446475
0.0439479249231099 0.0273428797233216 -0.173725694874071 0.104174402300158
0.0217828424654176 0.0560546988719489 -0.182892005506488 0.151283708919482
-0.0138422758997786 0.10152185454235 -0.133997304169909 0.0699254997377804
0.0268698481294278 0.04919953070485 0.0240605328678324 0.00971992123607806
0.0462054769601973 0.0169988323185252 -0.0159368692551217 -0.133939271644931
0.0358195822823249 -0.00327178446353349 -0.132390047676963 -0.110027431056414
0.0213231123921641 -0.0163483387047171 -0.186364460859614 0.0183625869859388
0.0152206869151697 -0.0238384736009837 -0.138336475487055 0.123549402598775
-0.00562869474972168 -0.0392772070971298 -0.0546731803320325 0.152022255807238
-0.00985515908122576 -0.0418841519163443 -0.00786903894747928 0.125355664726007
-0.00404527581917085 -0.0481188736290576 0.0029387564174383 0.118199044351507
0.025193777048963 -0.0468110878880417 -0.00356865006794944 0.115016707456252
0.046927181529382 -0.0364944516015847 -0.0115916745235131 0.115294921960633
0.082601487622846 0.00547265122023298 -0.0521135178179752 0.120955000882829
0.0757065198642413 0.0600542741963019 -0.120076161176926 0.115339042040498
0.00776468224415068 0.104736199128882 -0.137350717197724 0.120970863658433
-0.0522428870452494 0.125709446524573 -0.146638591715977 0.15358043137709
-0.0740970069814998 0.160604061853634 -0.108808031616816 0.0212762201261444
-0.00214439416258523 0.132771996836769 0.0426395044248374 -0.0179804750548403
0.0798416705315163 0.0987344297393981 0.000894180067763201 -0.166016020604567
0.11231714706927 0.0313415865344666 -0.129834753111245 -0.148922689553484
0.0808235764242336 -0.0395617940867842 -0.192898329942622 -0.00545027624624146
0.0492884854393598 -0.0633260921413931 -0.142810410985599 0.0995107648845675
0.010056723619627 -0.0924821249835311 -0.0576761078735783 0.133255745526206
-0.0061614838088275 -0.0925221594643457 -0.00667497007244925 0.100508867008188
-0.000231954228239929 -0.0963728753438625 0.0122022671829552 0.0911562183317574
0.0481150746508664 -0.0836515361734036 0.0146857567779162 0.0888979126558942
0.0863069635806688 -0.0595077831827727 0.0201533327329175 0.0991843893192019
0.142054110427255 0.0166345114031159 -0.012286909146343 0.119446186356612
0.113777696806072 0.109588453363292 -0.0817615295297081 0.122863449172069
-0.00206204985416347 0.167276402058011 -0.0970264182101434 0.126513553196123
-0.104959717035893 0.184087550197174 -0.0924887132635854 0.135355973706604
-0.130802456442216 0.191497473101105 -0.0566839912233628 -0.0342340021038549
-0.049201109950551 0.199276291104217 0.0784582677048885 -0.0518119488637923
0.0898922449845016 0.180448631743668 0.0328882907645333 -0.193435923792214
0.174741870865042 0.0802147537592827 -0.106535493136004 -0.18630453234873
0.138571302068103 -0.0473799419594738 -0.178961962647475 -0.037012272060765
0.0826829056805548 -0.090601222763743 -0.131906062145007 0.0600672980717842
0.0279711381983751 -0.131688785581762 -0.0546626234052202 0.0957573108499536
-0.00118773675582448 -0.129173341238976 -0.00388536497791991 0.0608924794588762
-0.00153004811444669 -0.131120007758055 0.0200990839903699 0.049823658983354
0.0565308844358414 -0.112348225470855 0.0327451809884716 0.0485008830279194
0.105864054032261 -0.0831644946864055 0.0530725757710339 0.070613528808814
0.180767891117958 0.00948659870756734 0.0293540003003595 0.107199050238478
0.147130214606623 0.131523407793538 -0.0425163085742497 0.122654311656973
0.00413144023977698 0.203379186083589 -0.062894537889107 0.115116507604679
-0.133731738603299 0.218020718783373 -0.0342748586113718 0.0960651277304551
-0.167330915680337 0.188822326620589 0.0160246224892327 -0.0870672727623246
-0.0979225968860122 0.226385505990741 0.125356864585951 -0.0842680531953213
0.0707287288190399 0.235614841003553 0.0771673745558655 -0.20322473084831
0.199644407042857 0.126692216007812 -0.0614475374049848 -0.207222318346739
0.175175315873624 -0.0387309328465894 -0.140674231066937 -0.0701757660748315
0.105325470728735 -0.100760460875173 -0.103248110019785 0.0103514355178206
0.0430227602911421 -0.149169702415217 -0.0453774390664741 0.0454502595617303
0.00391820665729989 -0.147026189831526 -0.00064852069733616 0.0130137191421423
-0.00284864979512033 -0.146706956124527 0.0246661563926227 0.000373976796068962
0.0548886244371695 -0.126970205005908 0.0465335594133348 0.00144086171134673
0.108125630604575 -0.0953307217763327 0.0804264169070235 0.0344649156385344
0.191234022581487 0.00224547774059856 0.0637848976188767 0.0854689415406886
0.157864119065909 0.134491337389027 -0.0104029082183946 0.112458471282442
0.00467255001273652 0.208515416080628 -0.0410874065857358 0.0915814166089464
-0.146030694160427 0.219507502722291 0.0174767132327529 0.0456917928737051
-0.172340401078101 0.152882358048407 0.0943195268044513 -0.127034755353546
-0.128817599543159 0.203651626499862 0.172216539768721 -0.105851461762214
0.0325008163395203 0.239883222717521 0.119124565386013 -0.189143513996507
0.178156514005944 0.149854900490022 -0.0060148086911107 -0.203560029653892
0.174979041072285 -0.0211373602405005 -0.085690248847284 -0.0934654598640628
0.106783227377998 -0.0925767912490537 -0.0635195026966087 -0.0357895357356706
0.0489070738899401 -0.142350827054557 -0.0296855158987012 -0.00890132296850423
0.00867155507213662 -0.142518150849494 0.00268168971231673 -0.0352472635593015
-0.00152323480319456 -0.142090665528407 0.0270951052312224 -0.0488006255947441
0.0502110080896728 -0.12329333918247 0.0574579195810178 -0.0445358534884794
0.10095595686428 -0.0910200132405036 0.10071623866098 -0.000929015644625837
0.177645737779857 0.00428654997283673 0.0862984526277855 0.0647487128938495
0.140122135008948 0.129129711641406 0.0117674768015144 0.100462827218936
-0.00826785472363984 0.188389019611322 -0.0290263557987011 0.0652094060752357
-0.145946831089111 0.186734107096822 0.0603704255302649 -0.00363769288066089
-0.140479435137121 0.0927213755873676 0.159806008158591 -0.14931691820703
-0.124241829616742 0.140949204902574 0.203774966095376 -0.115292147681172
-0.00164603599751532 0.18850640854149 0.145441814522391 -0.158827622379519
0.125685557265302 0.132329193541096 0.0398514843373533 -0.17933097021225
0.138808552119677 -0.00620353446322114 -0.0315759579065003 -0.106499035740324
0.0868687159842295 -0.0685820166852411 -0.0234170886390415 -0.0746156760918421
0.0437137360102802 -0.11263568195401 -0.0139242180263296 -0.0585501503703046
0.010546343111768 -0.116338851503046 0.00563911644284107 -0.0759499333393814
0.00229770140011663 -0.117566866205449 0.0301548351118056 -0.09155895977058
0.0435797319269541 -0.103366931943516 0.0681627191804024 -0.082542254543528
0.0864632048736536 -0.0723936349991074 0.118626909805206 -0.0264955345810462
0.144602840626075 0.0148816776085588 0.102904027863715 0.0513657342947912
0.100689316703455 0.115967348539491 0.0265482561815677 0.0914478348927278
-0.0285858804930062 0.149096634931781 -0.0221034978542343 0.041943805854667
-0.133797930478378 0.12761575164166 0.0953142234906545 -0.043394142976615
-0.0813820860543763 0.0179274090625351 0.195339545335876 -0.153183127141667
-0.0883019801206848 0.0565874743581677 0.210555027251728 -0.117877649588483
-0.0199339812885797 0.102904309684773 0.151817449171295 -0.127539605166807
0.0612589661789639 0.0833814626596942 0.0666235130439339 -0.151226744369252
0.0787606796285401 0.00200160409176953 0.00570259965704384 -0.112075100512296
0.0496520131738531 -0.0385303326894934 0.00353171986570249 -0.0993871372520309
0.0291522112538268 -0.0661824888415134 -0.00291449443853883 -0.0947480089875018
0.0108167263753937 -0.0734477321641775 0.00751228062336442 -0.105317186355891
0.00616821425545967 -0.0767238177863784 0.0345323731432711 -0.123515933598993
0.0336928976054631 -0.0701690098711334 0.0817888388390814 -0.107215806999264
0.0644973140682138 -0.0457628746345209 0.136901541581228 -0.0393212633200182
0.0981468136061094 0.0246963511400609 0.115040178976389 0.0511362171267377
0.0525365760630212 0.0915100359264357 0.035762610718487 0.0914971898807512
-0.0463424850418845 0.0933341002532263 -0.0175331969126949 0.0265232805454242
-0.10647052566136 0.0518601282945909 0.121900487109392 -0.0675509046187027
0.0398000299381102 0.0255731203590261 -0.12873093937732 0.109371382119008
0.0335655396446615 -0.03348504788257 0.0242760842228289 0.0248214783329994
-0.00159495847658813 -0.049219418794029 -0.0225516909007347 -0.109639806836462
-0.036854045480124 -0.0186466539805346 -0.126857842939109 -0.0766037612799191
-0.025669085250245 0.014331546846954 -0.168946812478401 0.0357075306460611
-0.0104028653998454 0.0192599255738536 -0.116609393835019 0.135804460753787
-0.0145567107166379 0.019901425615366 -0.0406127550641063 0.151826155675811
-0.0125571892451756 0.0152402808943413 -0.00274917391185584 0.131786475426844
-0.0139082500866344 0.00706400784213936 0.00356190456676631 0.125145669398074
-0.0138561977917097 -0.00805705512161643 -0.00631158991664096 0.126559907316856
-0.0100269255259666 -0.0226974247598329 -0.024678256483431 0.122690118071163
0.0166655940280884 -0.0339407379861346 -0.0765274264968409 0.124960141198236
0.049495412929171 -0.0185796684631151 -0.145748819942975 0.115386283626636
0.0441079284152787 0.0275003326342419 -0.169778389696592 0.109978590861413
0.0242094163739694 0.0557863359614662 -0.178773083093069 0.160466252383083
-0.00941555532469958 0.103500504131621 -0.131938625040442 0.0753904912217365
0.0286140320912454 0.0491111456455513 0.025777752734449 0.0094569513941715
0.0479047165513687 0.0151541070388078 -0.021313965469839 -0.135038964679861
0.037267856250784 -0.00502617097426205 -0.13841800812669 -0.106434981034807
0.0209653788537163 -0.0182109531580362 -0.185842440494624 0.0264501141775511
0.0144273321995694 -0.02552647988343 -0.131005577504137 0.130615243395711
-0.00840278949129432 -0.0391399815343971 -0.0463809346038324 0.153536876850031
-0.013230097397712 -0.0416489363685187 -0.00222574552052267 0.125170464750406
-0.00632857915587068 -0.0483283999138189 0.0100626594916163 0.117759088418953
0.0227283813333212 -0.0484291757075644 0.0036910099677127 0.115800822340227
0.0452523456878344 -0.03863114084623 -0.00639534966356505 0.115623106324641
0.0839947251108939 0.00126004268550015 -0.0479009637823268 0.123715030470211
0.0780523981200044 0.0568728892806198 -0.116430940244613 0.12193411077422
0.01073016571814 0.106265915836339 -0.132854123509991 0.126282790257843
-0.0474383168290379 0.12927281465214 -0.141771451561396 0.160525541325812
-0.0678398195001474 0.165230702109823 -0.108485396387885 0.0253795600189529
0.00303720086436985 0.134338039796183 0.0425961946077423 -0.0188412565469738
0.0856439509964761 0.0957568434131655 -0.00565356064750835 -0.167880006964792
0.116345899058678 0.0259871458817826 -0.137584571511486 -0.145479276498224
0.0794618463998008 -0.0434831507096444 -0.193056262850566 0.00258481702164154
0.0465960971357532 -0.067095411582912 -0.137353162328286 0.107046675949027
0.00452282863034223 -0.0931208707532409 -0.0499673880502831 0.134595692171594
-0.0119344649500711 -0.0920058626651867 -0.00221254762203575 0.100100744682365
-0.00523072969897346 -0.0965128428283307 0.0177767084215709 0.0898320191627263
0.0441456441075347 -0.0869944222615765 0.0203021621589605 0.0883778199760027
0.0840550983258265 -0.0638862519914834 0.0256346265140063 0.0984132627212456
0.144760781507319 0.00885333743689899 -0.00751371260243058 0.120443930277896
0.119726567655841 0.10498846912334 -0.0775469482290477 0.128356371257974
0.00423030406181956 0.169544944013142 -0.0925633956900347 0.130204627362235
-0.0970993293119566 0.190536339585944 -0.0871787840188566 0.139461752320782
-0.123578449339111 0.198242939473748 -0.058514722969698 -0.0319958716349658
-0.0410016679831017 0.20236419463429 0.0769346431182946 -0.0544675908851001
0.0992666684839422 0.177744609181519 0.0261652044168691 -0.19667481516417
0.181152422863494 0.071609305674586 -0.115288319306295 -0.183977014100117
0.13703751898605 -0.0545303717407528 -0.180498366793215 -0.0302749559063249
0.0790847585194143 -0.0963002061152473 -0.129302536026265 0.0657984147668147
0.0205434521681268 -0.133993533787502 -0.0492951197169589 0.0970501518322286
-0.00961369828834259 -0.129612442151906 -0.00138200017193255 0.0608063029322483
-0.00787376214094469 -0.130981675812442 0.0232644366169698 0.0477652792975609
0.0508447101571735 -0.116366175460907 0.0365571544263723 0.0470666963436251
0.10230439223542 -0.0882899862003167 0.0577250101843885 0.0680657598762407
0.183300820905181 -0.000154540738393066 0.0342087279987278 0.106215510097228
0.154407926373083 0.12477074564868 -0.0375307529817293 0.1267325726745
0.0110895592055103 0.204790007007636 -0.057895393769245 0.117658465205103
-0.124915540448621 0.226166828863352 -0.0305242309290131 0.0976393490136805
-0.16014728729626 0.196534156887159 0.0124507359112205 -0.0875027834899656
-0.0896329198563085 0.232785926219849 0.122345716089732 -0.0887314674058617
0.0818679093875918 0.234539613232491 0.069842323151393 -0.207954444712661
0.208510342986097 0.117534228122678 -0.0710631801703158 -0.206743244961847
0.173836580735069 -0.047753894716552 -0.142780226633039 -0.0646593060053774
0.100964745832314 -0.107420171693269 -0.104065139713764 0.0148797946653916
0.0341840200036319 -0.15171420576501 -0.0416774128221291 0.0458776061760654
-0.00578884841105013 -0.147090053713599 -0.000802090224598528 0.0127521788481762
-0.0104616441108432 -0.146888452028845 0.0248956956651997 -0.00150084565298107
0.0485801926745244 -0.130061129850124 0.0475959807519206 -0.000161987590859163
0.103628615680859 -0.100763773514017 0.083725879642939 0.0302688684770772
0.193370357346748 -0.00838740654024678 0.0675462173478735 0.083053480584588
0.165073123283624 0.126301849525043 -0.00606455522693325 0.115570842766562
0.0129610630524085 0.208935676753803 -0.0371348633774544 0.0944674733799102
-0.136113688521673 0.228070882395141 0.0194236161639835 0.0445004507154403
-0.165990929551963 0.160559071167983 0.0898208498797886 -0.131382216626405
-0.120612115186335 0.21040922905857 0.168360797694076 -0.112803389753473
0.0441446313287654 0.23961377652552 0.112790541157588 -0.195545330225776
0.187622005827937 0.141010675146112 -0.0158588086299499 -0.204431434630237
0.174336599165909 -0.0298369996459095 -0.0890429850782791 -0.0910660070563794
0.102838746235279 -0.0977467015225829 -0.0664332931176905 -0.0347220410889622
0.040891855308102 -0.144621408331577 -0.029361295586144 -0.00909806912486147
-0.000194788856778547 -0.143094633626976 0.000446832722683537 -0.0347812679440204
-0.00834692376193698 -0.141935726312914 0.0248134391488526 -0.0501992679057614
0.0443267660958254 -0.126072228744152 0.0557890455231846 -0.0463627954791263
0.0967328463580695 -0.0956932428672161 0.102228316464822 -0.00620757108940378
0.179200826853372 -0.00477881325574821 0.0905969352428283 0.061119672675576
0.146562349585054 0.121750959301466 0.0161591248487559 0.101539396197577
-0.0003272813280023 0.188838055645912 -0.0264216070364044 0.0676309638374316
-0.137030433928912 0.195029951485692 0.059739037771863 -0.00728701422098583
-0.137253515722474 0.0990398675184679 0.155292606088544 -0.156649846626679
-0.118692567579718 0.146654877824404 0.199393491349354 -0.124031334679161
0.00679669255363102 0.189710849004929 0.140678728499976 -0.165236848951717
0.133575101963293 0.126129344280036 0.0315425260286648 -0.181225374800223
0.138284223952676 -0.0125668773889057 -0.0352550099835723 -0.105399552206356
0.0839331723611387 -0.0735169397904926 -0.0284702277560825 -0.0742542490158087
0.0364391189321767 -0.115194378335962 -0.01598324107559 -0.0587033870661942
0.00329403482010542 -0.11782228483991 0.00136390653122517 -0.0765824400703554
-0.00330706661417682 -0.117723288401679 0.0254393297192301 -0.0933344362019722
0.0384505015052187 -0.105712535173337 0.0640951837157261 -0.0846167765948954
0.0829433568106251 -0.0767134069906761 0.118913639987354 -0.0324161169453789
0.1466475873785 0.00713235600440866 0.105883407404432 0.0469977627705006
0.107091077689602 0.111670937152213 0.0304646939534912 0.0918096871766051
-0.0225006644183833 0.149811860280012 -0.0207861243633832 0.0437766353187129
-0.127787936316859 0.134584471856999 0.093276062326303 -0.0485065133210391
-0.0813452627433825 0.0213972083954542 0.191079084866217 -0.161603148938812
-0.0860115118895246 0.0609658225428845 0.205909294119074 -0.127335286431279
-0.0158630935552539 0.10337739397164 0.14836607005648 -0.133676565109982
0.0649554454680653 0.0806990117088002 0.0601536115963527 -0.154117576948828
0.078309936836175 -0.0015940157724582 0.00155347165142192 -0.112808293765618
0.048415884563962 -0.039760886091797 -0.00219095782674421 -0.10125963934497
0.0252550701340587 -0.0675487982484572 -0.00785740427093596 -0.0950837906494403
0.00665913483193852 -0.0745584515891609 0.00207897997832731 -0.105454074766205
0.00280724312211103 -0.0761481010666786 0.0281809382300011 -0.124292460447097
0.0298580979734901 -0.071786419022368 0.0765287133762411 -0.110163721657861
0.0619822706335759 -0.048507229287543 0.136583135955406 -0.0460273240116273
0.100261322315456 0.0192363633521987 0.117708201899135 0.0462193399101384
0.0571284859840053 0.0893021168049496 0.0392558817382127 0.0911646762054474
-0.0423691378359099 0.0950422327422849 -0.0177828506586759 0.0280278991388338
-0.102984142749988 0.0567810376030987 0.118865787637476 -0.0735872750980733
0.0400912149260962 0.0237954249848099 -0.120819373431682 0.113176165194022
0.0309362863002555 -0.0335506788141639 0.0265976313088915 0.0231172817054741
-0.00340210438325516 -0.0479587761669321 -0.0275383784755363 -0.108215497759498
-0.0362555532749969 -0.0166057587892584 -0.128519290473868 -0.0701229934458115
-0.0246105164837778 0.0146550692656412 -0.162903378234488 0.0427410744875982
-0.00887101361839307 0.0185602374162008 -0.104833754388929 0.137987416494896
-0.0128520168546765 0.0204965860590363 -0.0307887240176162 0.150224660074862
-0.0113840291880855 0.0156245220793352 0.00390997070396732 0.128610033896543
-0.0135638613644381 0.00752564082171409 0.0110015179338431 0.121983962366988
-0.0136837260877522 -0.00691355247209415 0.00225471974873912 0.123449050482715
-0.0114696601925894 -0.0216673059577259 -0.018149071738327 0.121990773590743
0.0152079836325908 -0.0337199498286221 -0.0702252268396784 0.126319390902855
0.0466407112535997 -0.0205027938135842 -0.136755454211747 0.120356356904607
0.0437437510468682 0.0264084461301728 -0.161013883447893 0.113532830286099
0.0263103405715417 0.0538418743059429 -0.169186502689679 0.165234219008942
-0.00446578312222169 0.102520236545464 -0.125616525697642 0.0797917351586913
0.0302903857180799 0.0479511787100202 0.0277369577033663 0.00787702811526992
0.0482763852169998 0.0121081456496204 -0.027001167796242 -0.133150376323349
0.0370840458768516 -0.00793945944515879 -0.141170484511347 -0.0983515538387591
0.0202552103414511 -0.0194236536512243 -0.18026661428603 0.03384274865841
0.012931279484478 -0.0268087593951973 -0.12006954626301 0.134392950849372
-0.0103159988308223 -0.0377864172838416 -0.0364732828220341 0.151544203462811
-0.0160973552976453 -0.0396221690884534 0.00432670726049652 0.121856728277757
-0.009307574243623 -0.0471384220391905 0.0167864156382279 0.113617347379213
0.0193115963125564 -0.0489556011909242 0.0105886328315657 0.112581472855597
0.0420363759434025 -0.0402348245928514 -0.000137139830056738 0.113533558641093
0.0832835342613402 -0.00346109500646236 -0.0417723145287397 0.123784879555684
0.0791812291412465 0.0519263942486268 -0.107676741972126 0.126002311904002
0.0151630204069195 0.104907399847403 -0.124455527286754 0.128152951351605
-0.0401284338515472 0.129387267183992 -0.132519907150975 0.163444803427327
-0.0581759572011458 0.165210392972466 -0.10510233771874 0.0297091801741606
0.00937773418516618 0.132069143617332 0.04253734519327 -0.0199500603325787
0.0893488024451345 0.0897279718556519 -0.0129908386821872 -0.16601112764151
0.116690490039798 0.0182586213777373 -0.142178270974783 -0.13684942136178
0.0759063966514429 -0.046900098144892 -0.187637480077056 0.0107305328020626
0.042087730177832 -0.0691627041861558 -0.12822081169584 0.110976642086119
-0.00166565366069441 -0.0908531094278013 -0.0408347944125303 0.132467687575121
-0.018061295797932 -0.0893059497533762 0.00291695890753128 0.0975450486940585
-0.0106722965957882 -0.0940455945483382 0.0229643886712538 0.0854219255798594
0.0383651871655493 -0.0875866750322279 0.0259298392694128 0.0848843163743615
0.0784578355386661 -0.0674441505980416 0.0302394383369994 0.0946318062864534
0.143021957410495 0.000317578813804434 -0.002122760030387 0.11815619001095
0.12224486761445 0.096358358083532 -0.0698806265502248 0.131243348660712
0.0116765693911664 0.1668642080933 -0.0839757484852475 0.130346712260744
-0.08481363746321 0.192129512534734 -0.080002827839736 0.139745688958384
-0.111658912209958 0.199989099765272 -0.0590400288084355 -0.0287507226836949
-0.0308354774929138 0.201194805156869 0.073343669677635 -0.0559731416075243
0.106834604670679 0.169573304201048 0.0176738676259317 -0.195293493422191
0.182942142848586 0.0589760738659794 -0.123103686365316 -0.17552695282999
0.131680536416713 -0.0598599365877716 -0.176140767844668 -0.0223993018901989
0.0726767813004244 -0.099309601512526 -0.122960153023926 0.0706839133510243
0.0114733511077554 -0.130989432016435 -0.0419371075533011 0.0950177211870497
-0.0182055413061706 -0.125852789292491 0.00137344961037574 0.0591508486022597
-0.015534190611213 -0.127347087001302 0.0254807451034997 0.0444913451658847
0.0425826846541847 -0.116569934240878 0.039089900782183 0.0445779132888168
0.0953715346759705 -0.0919134967649156 0.0605498156521447 0.0631226072805747
0.180421023044073 -0.011432805116322 0.0381674968204155 0.10174162470554
0.157808351761158 0.113816866706851 -0.0312825593598844 0.127653435406953
0.02073288568691 0.20004056948105 -0.0518019987475145 0.117401282663548
-0.109649193203702 0.228322975672462 -0.025906189654438 0.0963323547535724
-0.147825697020374 0.200814568885076 0.00772486538002593 -0.0866680551344862
-0.0769183147475757 0.23246283235102 0.116587198349017 -0.0914711183700189
0.0924643767628368 0.225132284730148 0.0603497543232413 -0.207575456199191
0.211611549025713 0.102937758487909 -0.0800099076821222 -0.199267083008346
0.167363531780612 -0.055437733660858 -0.141743274579707 -0.057499844969737
0.0937207062808196 -0.110609134758581 -0.101420523032451 0.0194342780382105
0.0236279257851865 -0.149225991355637 -0.0371054642789103 0.0451471132002881
-0.0157406627526811 -0.143537634566409 -0.00126939077502276 0.0128775849119604
-0.0188059456890667 -0.142620263190631 0.0245879075805461 -0.00354391075281371
0.0399150832455142 -0.12950218327202 0.0475108661163258 -0.00252384714496818
0.096141707664279 -0.103690548599669 0.0834738971510072 0.0245717856662344
0.188715709231893 -0.0202607712238801 0.0706397863568698 0.0781390454690264
0.167925631887863 0.115373788617285 -0.000445909615668492 0.115184623022868
0.0224420825920843 0.204452954347711 -0.0326372430377511 0.0943075484149826
-0.120116849363574 0.23027395196133 0.0201942464974566 0.0416263990232087
-0.155489764434042 0.165373384206736 0.0824405888585116 -0.132721732852243
-0.108997919436573 0.212520762244052 0.160166778916301 -0.116812171018632
0.0553509236270492 0.232439623299709 0.103058116953419 -0.196641183236675
0.192321902947597 0.127446765874731 -0.0255287840635741 -0.199091864187702
0.168325877869209 -0.0381701060443895 -0.0905070364580957 -0.0857534253306875
0.0963670931266851 -0.101271419112271 -0.0673503829719288 -0.0309710514097698
0.0307487934268128 -0.143330503182712 -0.0288871617549283 -0.00847831879146947
-0.0102554865014451 -0.139743668461669 -0.00208636929783689 -0.0341372692587268
-0.0169682073341492 -0.137506358344828 0.0215816727936515 -0.0513335657657644
0.0356912405850969 -0.125779544423911 0.0521086219709092 -0.0474627800614458
0.0894140733427306 -0.098543330049489 0.100086846517102 -0.0116738273639025
0.175171868749382 -0.0156615405798744 0.0913372875645702 0.0548877548618461
0.149804636678426 0.111106704534047 0.0207074480049457 0.100158385108821
0.00828425821433757 0.184394790010099 -0.0231677721950608 0.0673616806468283
-0.122419195071809 0.197989363372646 0.0576126490473097 -0.0107130885411539
-0.129920643247766 0.10407836655411 0.145457796704237 -0.16027756710715
-0.109946627808716 0.149802221464581 0.189512542518195 -0.128962223149358
0.016673794431657 0.185363667576977 0.131565737973841 -0.167893354469888
0.137695018970226 0.115801474483309 0.0222460001838148 -0.178509249878464
0.133963955203898 -0.0187898763393128 -0.0391891061970287 -0.102071509378457
0.0782340540819184 -0.0761475335071908 -0.0327897867086558 -0.0721323696926246
0.0286404153852589 -0.11345523361539 -0.0191867359622943 -0.0574476035052042
-0.00489433086267483 -0.114980857526153 -0.00242664555902531 -0.07459679971228
-0.0101402401458049 -0.114264572855808 0.0195360456486863 -0.0919094444088124
0.0312033110156376 -0.104444997026738 0.0584913147323542 -0.0851552412033525
0.0773805551416069 -0.0790045716478008 0.114844001102932 -0.0380553239818329
0.14392553065429 -0.00154556332341615 0.106054382396265 0.0414116585916641
0.109896686765905 0.102439733056878 0.0344001351013344 0.0898979938613442
-0.0151284430101421 0.147521979868564 -0.0189785350587624 0.0441430794183548
-0.116207352048162 0.138780713446102 0.0882523139255937 -0.0526930942558543
-0.0791246439415203 0.0262050966320866 0.18189570823197 -0.167541419944453
-0.0817457744743639 0.0637932949806145 0.195882203508152 -0.132389534652412
-0.0100260357435568 0.101099468288221 0.140263514662747 -0.136434387337309
0.0679465211932879 0.0745572313726704 0.0510899789154392 -0.152818919609532
0.0755127541785108 -0.00530487608786169 -0.00384702119944352 -0.110655852942745
0.0452188642465279 -0.0410327947047798 -0.00849149908950473 -0.0987979433205181
0.0204571706911413 -0.0667452066561312 -0.0131362227229714 -0.0920159288361613
0.00105689345613296 -0.0727945608069898 -0.00331852878837619 -0.102344666825072
-0.00153450436970517 -0.0748029900581773 0.0204814520315818 -0.122346575563499
0.0247412737042201 -0.071422087036991 0.0688755162387752 -0.109803235186228
0.0585119021572276 -0.0504693135281892 0.131467088467286 -0.0520796299406618
0.0991414168012643 0.0128884334409836 0.117620743731248 0.0396471514324076
0.0599106183804974 0.0830855225829018 0.0420439886357107 0.0886531455999228
-0.0373101499887778 0.0946448957274093 -0.0163772024702961 0.0290323725245805
-0.0964624238704517 0.0612984778688467 0.111728654171794 -0.0781777143096656
0.0394951858911998 0.0229350279338429 -0.113178628246871 0.11226989425316
0.0290500204640466 -0.0319353018729127 0.0281746538872976 0.0214212858855291
-0.00417896081437762 -0.046277526685268 -0.0300246228474558 -0.104430516233878
-0.035145280747367 -0.0152442519446379 -0.126089901382315 -0.0640651284028909
-0.0223291168718843 0.0137315334755078 -0.154773249228602 0.0456663971364987
-0.00794176789198033 0.0175870493719207 -0.0949998006674453 0.1347978001226
-0.0117195455567905 0.0201112307668692 -0.0238812468161441 0.144194096049295
-0.0108043199652095 0.0156613397398728 0.00810472677672877 0.122891902523198
-0.0127162773445225 0.00746616868641534 0.0154697049439561 0.115753653421341
-0.0138284975552843 -0.00654091992399408 0.00702074988384881 0.118496174477565
-0.0117674657590208 -0.0201439330133256 -0.0140858564274253 0.117912735709519
0.0139778165914764 -0.0334714271605606 -0.0646756378221365 0.124081263147029
0.0436740584763818 -0.0204237157346868 -0.127838798356344 0.119800359871465
0.0421941758136921 0.0256327528212566 -0.15230395630274 0.111783869070168
0.0263683469610568 0.0510551718893774 -0.159386043718649 0.164181949814394
-0.000916543018172098 0.0996227601051845 -0.118792866359739 0.0795641815380959
0.0311503374285975 0.0457723322065099 0.0282670905343216 0.00729468878458158
0.0477522830290282 0.0103441273320662 -0.0299843153409671 -0.128885740371601
0.036730261354029 -0.00935301200718913 -0.139694153734734 -0.0915096932798034
0.0195781659330108 -0.0194097711666015 -0.171866192891299 0.0361605642211723
0.011571298339376 -0.0274000691200233 -0.11017269412752 0.131862756710161
-0.0114811743852142 -0.0350108976016292 -0.0290867214712703 0.144653912945718
-0.0173974883184401 -0.0370182472625617 0.00764771173069398 0.116380311163583
-0.0107121930889299 -0.0449490249659392 0.0202977653614759 0.107539635902808
0.0166477995499036 -0.0480322651090485 0.0149331042646994 0.10738570196112
0.038976476520325 -0.0400354463739444 0.00351881961782097 0.109171020935317
0.0804992698940246 -0.00747671018752323 -0.037720474345602 0.120463228850463
0.0774264485602763 0.0476714836384465 -0.0993747808061314 0.124424976751315
0.0170005454565806 0.102177744527513 -0.11685137648533 0.124583361267559
-0.0344190842741142 0.126058904205394 -0.123909500263009 0.160893190584056
-0.0509331732984571 0.161243860125177 -0.100729654435279 0.0314525751677857
0.0122866505331223 0.127860624598301 0.0419220085814197 -0.0197663745560447
0.0893884718371109 0.0832084976823369 -0.0175535905433842 -0.160397286871143
0.114003083731787 0.0129072737281689 -0.141574584504056 -0.128009337984487
0.0718502836241692 -0.0481390872679663 -0.179265662629051 0.0144972124623463
0.0382976391863532 -0.0688284767289453 -0.118900384539377 0.110259872658871
-0.00527443772215573 -0.0867491578054915 -0.0341702931377484 0.126192939324408
-0.0217256990797517 -0.0845760640261915 0.00588717154822959 0.0929922043253994
-0.0144728938590133 -0.0900435429273516 0.0253097597113448 0.0804835213889351
0.0333588573684651 -0.0862424655651923 0.0290103994807396 0.0802403267683601
0.0728868026275542 -0.0673640300197916 0.0323256044431726 0.0899840453842814
0.137966371299834 -0.00569218233501747 0.000800652135972052 0.113797134333871
0.120442383502421 0.0893226842194968 -0.0633707482739305 0.128927703095326
0.0154431506790532 0.160957202576758 -0.0779382820002792 0.126245692370743
-0.0759370915473356 0.187696817661019 -0.0740147612473862 0.136228059989792
-0.101559558186592 0.19611409574177 -0.0579953300395389 -0.0258262318111747
-0.0246756295062308 0.194889378361141 0.0704580241820024 -0.0544295394196102
0.10867755794912 0.159740108368918 0.0115925220115365 -0.189548353664635
0.179228310488883 0.0496433693785881 -0.124161716726402 -0.166187842140534
0.124297828529339 -0.0618966679386584 -0.169640966170215 -0.0174956246229665
0.0664113269880283 -0.0984597609815796 -0.115706730843916 0.0712914894499952
0.0055101997205862 -0.125334460859671 -0.0364811435581717 0.0902276168800814
-0.0236622051131834 -0.119556283055192 0.00239325309871381 0.056447039762219
-0.0198412040678526 -0.121129076965674 0.0259261962173361 0.0408833947943582
0.0364746250400419 -0.113166787487207 0.0397937191669225 0.0409737891537851
0.08836620995554 -0.0917013544016272 0.0605678715025667 0.0581002420975978
0.173215998634607 -0.0180697731010653 0.0398586748601607 0.0972134907456207
0.155279770948135 0.103603644262111 -0.0261975833884762 0.12535734353278
0.0256330111499438 0.192653443494111 -0.0470585330217577 0.113595492279199
-0.0974611239626059 0.223150933837777 -0.023164273513321 0.0921737729156209
-0.136600869991854 0.197005824967756 0.00565701462685072 -0.083721933437078
-0.0679121413646829 0.22654754480052 0.110113275134055 -0.0892321377092867
0.0965335055577391 0.213820390664918 0.0524717982271292 -0.202551914229186
0.207965654974407 0.0911450869725109 -0.0833406691651012 -0.189151647630363
0.159372027686201 -0.0587280502072753 -0.137514149255177 -0.0528742565241653
0.0860705842140764 -0.110577973187916 -0.0972326564729731 0.0217776683943727
0.0169218631062624 -0.143445577703241 -0.0341073390714442 0.0424227797797132
-0.0219731971623602 -0.136486868636271 -0.000720683495899657 0.01220880192638
-0.0234287220334452 -0.135706959429615 0.0231370692732378 -0.00462718121341033
0.0332217437376973 -0.126124625911194 0.0458724807612335 -0.00388817529661899
0.0891770016980938 -0.102874440258586 0.0812215213136806 0.0206294318390113
0.18174347642288 -0.0266876932344588 0.0695391047247259 0.072421183475246
0.164684552221049 0.104440874852594 0.0034891661236793 0.112303651944592
0.027185042663055 0.196018768794958 -0.0292167259840644 0.090827898330922
-0.107205740429992 0.225067115198542 0.0196065411504801 0.0388886112801865
-0.144778191742696 0.164308603979426 0.0765339358942904 -0.129656768234941
-0.099285029710773 0.20806454985001 0.150966146836377 -0.11551623940494
0.0609631445712273 0.221540983711135 0.0942463407188028 -0.192294949833637
0.189544046948741 0.114886307046144 -0.0307786442289313 -0.190663413408449
0.160537514025339 -0.041634399198411 -0.0885662227978098 -0.0807554267970296
0.0890787685582714 -0.100770687876371 -0.0666542812421969 -0.0277629324769965
0.0229693420609181 -0.138171246098437 -0.0284914981857975 -0.00897328083788743
-0.0167755023808139 -0.132969816858205 -0.00331744750746658 -0.0326248947380508
-0.0206156830524766 -0.131034645691035 0.018218499425552 -0.0495508105416021
0.0294762062030398 -0.121639579856412 0.0488390703937734 -0.0468616306237417
0.0832279911015767 -0.0975347358758128 0.0954135198849496 -0.0145485838798489
0.167727947475934 -0.0220363576625983 0.0892323136599762 0.0501476380363442
0.147259466060408 0.101637145836111 0.0225036922534276 0.0977293791839657
0.0132622237285548 0.177004407437899 -0.0205747830822668 0.0657249456567101
-0.110776193437244 0.193984284609083 0.0541147456973647 -0.012533055921175
-0.121941860718623 0.104095417894251 0.13727640456515 -0.158150181656476
-0.101466167246267 0.147946621934629 0.179368982547463 -0.128294751761856
0.021456001597749 0.176679283246559 0.123004499878059 -0.165227045079588
0.136470506927286 0.10646064605199 0.0166590836555078 -0.172080722822657
0.127523168456548 -0.0224871756685926 -0.0398247202526638 -0.0979708449704411
0.0728309762417317 -0.0752106707544603 -0.0350203189297962 -0.0682437503884392
0.0223688635081009 -0.109766035220108 -0.0200749660481447 -0.0550632526853992
-0.00978454938601054 -0.109903335389258 -0.00522468566940516 -0.0710093863117604
-0.014013125794709 -0.108891574674846 0.0151413147858356 -0.0884005694215776
0.0255171142702855 -0.101090364723442 0.0541351688667155 -0.0826832328117185
0.0715629714915949 -0.0779604383554173 0.109248988736503 -0.0403573270685209
0.13839765758609 -0.0076796363343236 0.102767301447835 0.036191216217493
0.108744013304009 0.0938296733821825 0.0352424932616967 0.0870924270236067
-0.0104943291554529 0.141367239381286 -0.0175652213689941 0.0440927447995044
-0.105931561469484 0.136156143419782 0.0819161842265834 -0.0532272300513816
-0.0744223627224346 0.0278654994443389 0.171263744781197 -0.166642157111236
-0.0769627623151022 0.0642283632887724 0.185126179645795 -0.131869755275555
-0.00727725545280751 0.0978016068830214 0.131861667018873 -0.135284213934214
0.0671742536331015 0.0696705076882694 0.0448796093565584 -0.14839359989268
0.0717035993631402 -0.00685523327502276 -0.00587356991518302 -0.106837925760408
0.0422105806249211 -0.0405928865498986 -0.0121761193086275 -0.0952277330252496
0.0166848351101319 -0.0645969328647365 -0.014905256294222 -0.0879588196588193
-0.00213502195624219 -0.06967655414411 -0.00643468392633675 -0.0978965254620622
-0.00432911280082555 -0.0713117127689086 0.0159569282563307 -0.11712161683762
0.0208316414988588 -0.0692524929901943 0.0627818714941018 -0.106681453191466
0.054330739462775 -0.0498980914889386 0.124737692303397 -0.0543451949522177
0.0960752568908527 0.00827328087376259 0.114287391502855 0.0347649337544044
0.0597213037351841 0.0774833437050175 0.0436551622988375 0.0855996447370831
-0.0331022174136966 0.0911976834121507 -0.0155749354568716 0.0290150954436103
-0.0897940895414345 0.0616286731357704 0.104658391824999 -0.0788474443721287
0.038807179168072 0.0222377693735232 -0.109191822362676 0.109199761147682
0.0283919264816248 -0.0298683716262348 0.0287791922204012 0.0195606065428231
-0.00357095925404102 -0.0446318435131781 -0.0304782005228066 -0.10210659425764
-0.0339632298499982 -0.0147844738730645 -0.12317492850103 -0.0618994543124816
-0.0215195782701785 0.0120956762312809 -0.149885314771223 0.0448709556563041
-0.00742844414536566 0.016179039595306 -0.0898369018309192 0.129988453568016
-0.0109247072135298 0.0196552616729304 -0.0215179222037238 0.138876064346954
-0.0106560544634264 0.015588860581518 0.00878458357859909 0.118392773340522
-0.012332572420604 0.00710411879424647 0.0165978903614381 0.111300940520666
-0.0134797881105 -0.006520203480672 0.00806952847189753 0.11434898337482
-0.0118613440078505 -0.0189740152292111 -0.013316258164545 0.114711064417756
0.0129716903021314 -0.0325629676028344 -0.062965468927624 0.121168566381984
0.0416980171197955 -0.0197031865874443 -0.123168672311016 0.116103641513845
0.0409173183016408 0.0263357462172894 -0.148498417434644 0.106534617676137
0.0254318170090265 0.0492939694610325 -0.155347239885658 0.159518740246949
0.000174344874544339 0.0972025877683037 -0.115121396174844 0.0776861352620914
0.0305113160235743 0.0450845649178303 0.0286541829686673 0.00683625832700107
0.0469626066488968 0.00910874407435672 -0.0300210926123884 -0.125669229151611
0.0358328165040469 -0.0102873588493722 -0.136515230041651 -0.0885457216924109
0.0187445627805135 -0.0202338150435444 -0.166062562361096 0.035660667783088
0.0109391729782821 -0.0272303793147396 -0.104193784481687 0.127952600517222
-0.0115827877902469 -0.0338132125914681 -0.0271237419817444 0.138969457259018
-0.0182471900431739 -0.0351943204203771 0.00826334606134231 0.111765973349178
-0.0114315721297593 -0.0435211159700222 0.0213561595423434 0.10245251452401
0.0154394935274493 -0.0469716887302923 0.0164685776339368 0.102866230066823
0.0370073994535441 -0.0390233730018023 0.00405906348631841 0.106028190221078
0.0785743471883765 -0.00817291524241467 -0.0372503107737537 0.118074582327884
0.0745271796950048 0.0461199447681513 -0.095772350740091 0.121552126295963
0.0166415580993859 0.0999968185037325 -0.113618606207543 0.119128637944625
-0.0326213938026325 0.122642213841782 -0.120822941484479 0.155604111201427
-0.0486372068146682 0.156910313640571 -0.0981239659030817 0.0306791835204971
0.0124979129084195 0.124295917554821 0.0413045314509462 -0.0189926113344304
0.0881910382579236 0.0801277241150713 -0.01791499495226 -0.156102554206739
0.111609890813308 0.00984956717823737 -0.138429603944958 -0.124146793434476
0.0699692590499738 -0.0475122398768079 -0.173513201035663 0.0137340295261182
0.0366029641233784 -0.0679791081571057 -0.113929626530549 0.106920613568443
-0.0060257951602485 -0.0832205839387487 -0.032359510128762 0.120844112437456
-0.023533990844564 -0.0808569217108111 0.00623570907991881 0.0896253907155567
-0.0152370526011443 -0.0867430399575738 0.0251314802072684 0.076173895924267
0.0308972536216817 -0.0837437202580614 0.029215706166618 0.076842046548616
0.0702419257999608 -0.0658665205865676 0.0318295827217681 0.0864846409764062
0.13430347493018 -0.0078589723199754 0.000399655403663764 0.11080654965521
0.116740378138413 0.0854363877209562 -0.0601340808620848 0.125960580908837
0.0158706740245904 0.157531452607674 -0.0754752300220926 0.121450396710905
-0.0719395548528549 0.182058484912578 -0.0721677969307324 0.131298161780415
-0.0979478618974261 0.190406643067272 -0.0561361750137551 -0.0247551423673537
-0.0228481653999218 0.189422689761637 0.0688261426726373 -0.0525613841069241
0.106899337593951 0.153990919126776 0.0102005017828137 -0.184415751819915
0.174604970437926 0.0456570105335097 -0.121474664374668 -0.16022146705797
0.121088543286445 -0.0617002155553998 -0.164431115379109 -0.0181266745107417
0.0629095931760096 -0.0976741984532271 -0.111527448301607 0.0694941037826237
0.00359247912747272 -0.12069317188951 -0.0347443158770167 0.0853829402888786
-0.0258237993712345 -0.1149279802317 0.00268591476252751 0.0543523406161916
-0.0211238708924294 -0.117189865457264 0.0252055658897906 0.0381488870082701
0.0340151540049236 -0.109676112258079 0.0396335090681391 0.0391477738491864
0.0849955350135496 -0.0891999684389096 0.0589259511358478 0.0559710169964295
0.16793858746 -0.0209090360317123 0.0375787174010246 0.0940259679862454
0.150578524141015 0.099224408274029 -0.0240539130537635 0.122234771294932
0.0252183241552851 0.187164897474673 -0.045207083442667 0.109469107518998
-0.0926007218782399 0.216618353213392 -0.0233633412021878 0.0890329413238137
-0.132130310124947 0.191946959987363 0.00590705475390522 -0.0807815157641521
-0.0655799810658739 0.219941149328206 0.107046612875809 -0.0861397464151275
0.0952827569033035 0.206394820993909 0.0504985732850949 -0.19665013276412
0.202656120404996 0.0848720826675732 -0.0821683489632016 -0.182989282136943
0.153986181956812 -0.058233698636753 -0.133198100176168 -0.0519314481846901
0.0825422209966016 -0.108031681467154 -0.0948180306286597 0.0219057427963912
0.014204097150131 -0.138106542514192 -0.0331763067298598 0.0396103574608349
-0.0246416176214508 -0.130914026095259 -0.000683828960247769 0.011440657357146
-0.0247969334377827 -0.130546138742585 0.0215741479100043 -0.00522712074541168
0.0305463061031483 -0.121902300517776 0.0448503264802626 -0.00395620514348991
0.085299914206225 -0.100202534420872 0.0788171779552378 0.0186434521792949
0.175377694334414 -0.0296081657411768 0.0675042450271322 0.0708911744945829
0.160648539882677 0.0990972890523767 0.00442165359704337 0.110194722798919
0.0270213135940122 0.189723347771034 -0.0280932809845274 0.0879742468081435
-0.101791863737362 0.218405467274322 0.0185106507644773 0.0366785780263022
-0.140011005100825 0.159758529837027 0.0748076983252199 -0.12587322682081
-0.0960633179572921 0.203050584973627 0.146550913727752 -0.110806518839984
0.0597298998143381 0.214106707700739 0.0915282077513491 -0.186974274349522
0.185471628166847 0.108694715120604 -0.0305363614317641 -0.184048003827961
0.154861138397972 -0.0413366723309868 -0.0858288530655874 -0.0791766663866352
0.0854191354797018 -0.0982116494281924 -0.0655887589995919 -0.0260383326965238
0.0203425685701203 -0.132662404674327 -0.0274987851411406 -0.00990031535867149
-0.0193002418431415 -0.127604534702732 -0.00345264345067272 -0.0310662463275653
-0.0225329125780056 -0.126254188738441 0.0170924767208181 -0.0481157321107384
0.0270691691431885 -0.116738829947691 0.0475313693803816 -0.0452754395749199
0.0794110648541104 -0.094792113480795 0.0925563252621323 -0.0150767848663558
0.162488933906708 -0.0239590688707573 0.0868220462156293 0.0478629955935612
0.142936230465218 0.0966083651507027 0.0232163822164414 0.0960537964919015
0.0131861354412677 0.171328246329611 -0.0207745212296259 0.0643079796247742
-0.104654880078047 0.187956518731384 0.0516421316430747 -0.0127935993629254
-0.117469198231143 0.101846859574503 0.133236714478967 -0.153534978163547
-0.0978128795111841 0.144586068101546 0.173635805739956 -0.12368893461097
0.0216958132348873 0.171105085432567 0.119206514985828 -0.160463653580249
0.132926966625904 0.101155844951948 0.0156380818560512 -0.166153377570064
0.122330556741879 -0.0221563972725792 -0.038208740966641 -0.0954093195054057
0.0696477210155717 -0.0735994719027147 -0.0352086268841236 -0.0658091706498465
0.0203898571074324 -0.10522115413241 -0.0202807123015421 -0.0538524326051454
-0.0120841740332237 -0.10554915291698 -0.00570779829806934 -0.0685056535956825
-0.015111620337527 -0.105269567446349 0.0139027641966842 -0.0849210561763327
0.0240603988717452 -0.0983005924103247 0.0516885097311489 -0.0793718196448942
0.068585015610696 -0.0758115238169072 0.105062479687776 -0.0398370149482549
0.133553300902797 -0.00957560522327718 0.0996473946346913 0.0348256431221723
0.105573113246386 0.0891384839796111 0.0347489060382795 0.0853983443752018
-0.0103503679508618 0.136054613020065 -0.0175296110091759 0.0432693024174593
-0.100845266339279 0.131978617272282 0.0786853157758549 -0.0521792627547143
-0.0716344776723779 0.0274373417417377 0.166965854671821 -0.161707618516475
-0.0739144160543015 0.0630468391613835 0.179300767269456 -0.126678138550525
-0.00666441971846002 0.0944861960874737 0.128352375993732 -0.131023626221018
0.0652862782782753 0.0665585104473756 0.0435028723227002 -0.142358775348064
0.0686525200268895 -0.0064341109400149 -0.00575928075354147 -0.10336032267418
0.0410851140897747 -0.0388962049263586 -0.013931674485196 -0.0917750257272581
0.0157955064197783 -0.0615845631126043 -0.0152068500857306 -0.0855255128868474
-0.00364990070481787 -0.0671529646310953 -0.00592575695480608 -0.0941601608453606
-0.00536842910692011 -0.0693999567898299 0.0141516895071445 -0.112447553249807
0.0189254103056551 -0.0668829806180352 0.0599635207607023 -0.102156253750327
0.0519064714284431 -0.0486653040001715 0.119901736443055 -0.0533440096663794
0.0926100305853766 0.00599002636925395 0.110503033315089 0.0337932171450693
0.0578658434686962 0.0737633173651707 0.0428030090870616 0.0837330918470582
-0.0318657592813726 0.0874489308229506 -0.0159924687050409 0.0293482927046514
-0.0851152106696796 0.0595636617957841 0.100105112513697 -0.0773110854278007
0.0409234621160163 0.0153983432873612 -0.0900890482474818 0.132948289240784
0.0223276922203932 -0.0334613543421405 0.0352185531253636 0.0144946458056453
-0.0126528067476263 -0.0420799800256293 -0.0465964328512427 -0.0988581263906761
-0.03631674646806 -0.00713918918994799 -0.134142747657523 -0.0434167490457482
-0.0195095619932874 0.0171756222244559 -0.142130322934208 0.0710019752306232
-0.00288267134693557 0.0174860124159124 -0.0662308133789968 0.143771326391632
-0.00528400160968675 0.0216854402141933 0.00119570672546839 0.138684151574274
-0.00700285349891471 0.0170851711401643 0.029614566223726 0.113924931606757
-0.0100694235991761 0.00975215039248327 0.037465752437785 0.106890837706755
-0.0142180162255236 -0.00269517733244005 0.0313057374390122 0.112540609035179
-0.0145893497956949 -0.0145967596738588 0.00932669684220973 0.117456450991013
0.00471164139927301 -0.0329435031813217 -0.0397707458696565 0.134990311092522
0.0334458985319406 -0.0253681613568704 -0.100188951948243 0.141307360059772
0.0422342710869458 0.0182406354982422 -0.131189742361141 0.134588153827857
0.0306233414786594 0.0448230062663626 -0.130867726304328 0.186572024818572
0.0161331664445045 0.0923844381718545 -0.10683590311041 0.104221326112253
0.0376762394922405 0.0372903278822653 0.0298054796765494 0.00374528438475048
0.0457889465128866 -0.00104531994515286 -0.0516300219274839 -0.116648045578739
0.0297315078201783 -0.0171139511182046 -0.150148324081996 -0.0617416239689387
0.0131585667251221 -0.0214887888898616 -0.156945799642176 0.0649135475674705
0.00668215681118055 -0.0272326482182567 -0.0781422559438845 0.143277905524505
-0.0170377748762418 -0.0283719982888254 -0.00053963473916185 0.138079794386219
-0.0234351019402063 -0.0298032625370006 0.028567908431493 0.107593976986387
-0.0186216497585337 -0.0389131070157179 0.0402237425188182 0.0973579813200155
0.00664613716000561 -0.047074562963084 0.0371926210381591 0.10095071578489
0.0282495083707611 -0.0417387355036367 0.0245549114356877 0.106351637241134
0.0716318246660561 -0.0214693337746352 -0.0156518044516406 0.12758541795247
0.0764059956905414 0.0311243397751162 -0.0752565929996857 0.142574586836892
0.0329748254214288 0.0947157769790992 -0.0948415451061096 0.136207884727281
-0.0125062260164278 0.127362177109545 -0.0963041219467952 0.170683962521005
-0.0194884936988792 0.156333292947351 -0.102256779533764 0.0537202124218258
0.0350334853065163 0.115609209599415 0.0347349936953628 -0.0218331157325974
0.0982697998606907 0.0576016038962082 -0.0472251953046889 -0.143409155097956
0.10451899461284 -0.0138453747604392 -0.158007499351229 -0.0908660394053857
0.0565491342496612 -0.0564492670338568 -0.165329683669455 0.045725581534022
0.0233510178977232 -0.07086823377295 -0.0888360031760633 0.124776169723999
-0.0220342941181534 -0.0762798136557795 -0.00542443639016558 0.119882357669497
-0.0365536354219041 -0.0725801617882283 0.0218912473679231 0.0855424495790309
-0.0294027479882092 -0.0789217888748791 0.0390155939203371 0.0710785887232837
0.0154871626399238 -0.0849417573541823 0.0455337532050234 0.0732984619417087
0.0548860405819974 -0.0727592906554266 0.0496805796546299 0.0815633357184933
0.125428867759106 -0.030736199471736 0.0201276857976456 0.114720424982484
0.12434126450922 0.0615350664868084 -0.040625234255284 0.142115657095983
0.0426014223277467 0.150636614294217 -0.0576988617192444 0.12912667468021
-0.038441215410548 0.192573693961261 -0.0520559233248772 0.133663602186181
-0.0600739523827862 0.195870441868768 -0.0738092620328502 -0.0110223018221655
0.0123095471438651 0.184579319823168 0.0525262900320423 -0.0598687032518049
0.129973810762625 0.123732076000741 -0.027980088803096 -0.171577052238827
0.17132121165302 0.00661269190927137 -0.147753292726121 -0.124220586404604
0.102524198522331 -0.0791108617400734 -0.15807923459164 0.0141669632662128
0.0434704905050976 -0.103555275565172 -0.091559584829761 0.0875975232950905
-0.0200258607670303 -0.11347668453782 -0.0110267154510062 0.0862203135775895
-0.0445906634060808 -0.103667921219924 0.0127891686113928 0.0521909444111993
-0.0401735629029548 -0.106880592081493 0.0317229425550746 0.0344564411032423
0.0140858057971875 -0.111053485471687 0.0489860308759576 0.0341272883647746
0.0651725895066444 -0.0976263250659502 0.0705272206366738 0.0459666771953891
0.155904817630089 -0.0491732841877808 0.0547999296281535 0.0910494333526703
0.159021550988377 0.0678486909168648 -0.00589924340465168 0.133474309608376
0.0574133221301541 0.177706323160709 -0.0313252833117455 0.110342222424917
-0.0510794095087192 0.229124880411672 -0.0107082766492483 0.0791304120868331
-0.0915879354921364 0.202848930387255 -0.0227021022845807 -0.0808991891982094
-0.0223665039052271 0.220549754148847 0.0824375887008808 -0.101432956298743
0.128008600364957 0.176191314975931 0.0056690750991829 -0.189730447344466
0.205683997604116 0.0373793132029757 -0.11407881524038 -0.149847255505629
0.134002889192332 -0.0824525628111013 -0.131810912174076 -0.0234085795462083
0.0593333901875881 -0.117630708324139 -0.0817256357950772 0.0383777568859363
-0.0143146214033471 -0.1324453178681 -0.0159807689112874 0.0413427980586797
-0.0463127907029058 -0.119810471487613 0.00181032688144712 0.0117461502973356
-0.0463154106632843 -0.119405713660094 0.0207826253613622 -0.00731786052988184
0.00859012787779712 -0.121497083789211 0.0463888045227897 -0.0100025095421859
0.0648343425570668 -0.108155410045117 0.083840397862374 0.00488273042962751
0.162110314510852 -0.0584484601080485 0.0800901338113092 0.0614971276927058
0.168373384637697 0.0660515149441437 0.0198272826306177 0.11671080467376
0.0602190998746902 0.178970949994389 -0.017732145962027 0.0857002961805569
-0.0587328326012027 0.232186409101958 0.021706511913671 0.0198662645554401
-0.104809378746594 0.173983675256798 0.0402827088986072 -0.140570808397797
-0.0547628249110722 0.209468851523391 0.117892477094691 -0.134888754271806
0.0962079555977244 0.189136467112959 0.0467070075227123 -0.188073155508927
0.194005698569559 0.0634971669994254 -0.065498663551629 -0.160139786920415
0.138066863498778 -0.0671604235225962 -0.0905789483642378 -0.0577950491380875
0.0635627094618381 -0.108997826575703 -0.0626114999765082 -0.013182874983248
-0.00809427791285853 -0.128963369758431 -0.0180822695239606 -0.00719988929732328
-0.0411081152778591 -0.117891554072178 -0.00832030561087352 -0.0297170694083341
-0.0435563628810092 -0.116032062287161 0.0081499124065966 -0.0489554016737991
0.00561562491190099 -0.116765245428573 0.0408987913782715 -0.0513136578011019
0.0594564312073605 -0.102361760792827 0.0907536445720359 -0.0311776791983716
0.150501630463954 -0.0508395534069098 0.094347573979102 0.0360748813413365
0.151328841491833 0.066324615753539 0.0368100241758792 0.0974627518179825
0.0438073453557167 0.163519174787261 -0.0138603757052477 0.0613359529959693
-0.0660770518941064 0.202445311707194 0.0474071072304425 -0.0345402272815814
-0.0923130806918866 0.115683752828179 0.0981816717778626 -0.180689745038147
-0.0672405645761882 0.154363367287568 0.144809226757075 -0.154363267914566
0.0520640502990168 0.155747976488352 0.0807340377622383 -0.171078901411053
0.143439019873644 0.0658838271954999 -0.0164370622933007 -0.154256285592326
0.110999218872484 -0.0432333573297925 -0.048518908362536 -0.0830777140987258
0.0528650603988463 -0.0819514631785918 -0.0413861937561451 -0.0576491079486203
-0.00242574771776823 -0.103036195401233 -0.0211925802065099 -0.0506315757978656
-0.0304292342654713 -0.0982313276368933 -0.0168525561974216 -0.0657853130102757
-0.0325840885454151 -0.0976190462760321 -0.00167434051191074 -0.0848553944058882
0.00621345512797128 -0.0981820426736068 0.0382497646776338 -0.0864720586057767
0.053505616430193 -0.0826465711059279 0.0986093911696925 -0.0597391851615712
0.126283077474236 -0.0317532365381782 0.105440132179811 0.0190840576749632
0.114704070836021 0.0662997931364017 0.0468612642390388 0.0837938273560712
0.0151186432410297 0.134164348702221 -0.012808798441636 0.0407882993253058
-0.0716016675836813 0.146816996718565 0.0694086797047419 -0.0758279122970387
-0.0614050438408038 0.0380080459601805 0.136124941716387 -0.196920179150643
-0.0591785686853724 0.0723546255737834 0.154003848389113 -0.160890191478371
0.0114981135060302 0.0895140397250811 0.0991402650248923 -0.149048260292712
0.0733722593270168 0.0477433542471852 0.0163876842071216 -0.141864006511675
0.06295667864042 -0.0186108242825611 -0.020793232610876 -0.09894564067081
0.0315493254346795 -0.0437966784334548 -0.0274118379748973 -0.0875447682851675
0.00175899056167887 -0.0618633477899805 -0.0248176021246236 -0.0811156910817587
-0.0158232654582197 -0.0636525679836454 -0.0224933796359327 -0.0905010095700944
-0.0168851240541304 -0.0655007413684643 -0.00655048265543839 -0.112006656234626
0.00746346114907269 -0.0680550446787247 0.042081798920424 -0.111551108565186
0.042404484600914 -0.0547203832240954 0.110160146292325 -0.0749897166008339
0.0899086020007368 -0.00883813825360474 0.116181160305607 0.0147877638405332
0.0668700692247536 0.0601676479797399 0.055386522155832 0.0780975674786838
-0.0151939724083653 0.0906310262148521 -0.011458511634832 0.0282069870873037
-0.0698852517394113 0.0723964013086531 0.0879125060915392 -0.100014390229887
0.042211894649325 0.0159696377747226 -0.0906347765296519 0.136282460874016
0.0234616293734821 -0.0333923435754335 0.0363946655219187 0.0137557878380911
-0.0126800703344378 -0.0433554705271965 -0.0489503049922123 -0.099707663012354
-0.0373652784255208 -0.00747335262268169 -0.136890613635621 -0.0433672718753658
-0.0199229525754533 0.0169985199631982 -0.143930160976205 0.0726076968598882
-0.00284051578515786 0.0167542817553391 -0.0656947746000284 0.145196079968788
-0.0046676990924519 0.0216116208401143 0.00262247322817968 0.139959456515532
-0.00678780204571371 0.0177229855403494 0.0312314980648675 0.115447342869923
-0.0107074168987309 0.00941841755781809 0.0390389500273608 0.107562916408662
-0.0142559367993278 -0.00324121078392286 0.0334104491247001 0.113489932909675
-0.0146032024827386 -0.0141144030099537 0.00995205246542356 0.11994740483651
0.00447385306693361 -0.0336855891686217 -0.0393460687311437 0.138537149153872
0.0330384715287939 -0.0254585331902338 -0.101313417558596 0.1435648425023
0.0437286366748467 0.0196978209952828 -0.133839406244755 0.135768987021472
0.0313251032998262 0.0455016172645583 -0.133371939268441 0.191457012283251
0.0182874528709486 0.0936099546373423 -0.108551773605905 0.106720047611359
0.0392180778054482 0.0381365750734555 0.0308834325201647 0.00374965690949757
0.0471821739892067 -0.00248678471307202 -0.0543034445506419 -0.117861587266745
0.0303937980923691 -0.0186014932583589 -0.15362821325796 -0.0623260548751645
0.012796888630675 -0.0223154744184924 -0.159444553493952 0.0665522964754843
0.0060859850546132 -0.028755592383927 -0.0778891268134605 0.145591149082034
-0.0177639928129984 -0.0287920351919035 0.000398771491975723 0.139125455426335
-0.024435258739086 -0.0293053566941674 0.0292051585489492 0.108561392179308
-0.019421627353129 -0.0394078959006673 0.0416048331867969 0.0977925950822989
0.00609805415595216 -0.0485949192705297 0.0396836423593556 0.101906098720637
0.0285669561374492 -0.0426712136713799 0.0259234769992889 0.10832934900301
0.0722764413204489 -0.0232728361348495 -0.0152556573141722 0.13076614594286
0.0775920227328925 0.0318131877342549 -0.0757022304470901 0.14517686400466
0.0337806838841065 0.0974028046200871 -0.0969019767881792 0.137795010256178
-0.0116358192988883 0.129725954347726 -0.098838018068588 0.174822835781928
-0.0181808039634823 0.159031669048568 -0.10451860177182 0.0553442525595828
0.0367101069020276 0.118039724997352 0.035740040717878 -0.022874088757465
0.100977496638123 0.0568599218473732 -0.0500398219440975 -0.145088314279807
0.106273648065887 -0.0161747973078749 -0.161753513275515 -0.0913474033449157
0.0569422708674996 -0.0589964817968655 -0.168655483686117 0.0468771850884981
0.0223022874214581 -0.0727966986806238 -0.0887253940165801 0.126913325521492
-0.0233960907171786 -0.076791487342597 -0.00502791973642557 0.120940633813658
-0.0389022389807315 -0.072200937241263 0.0227494343985458 0.08660470293593
-0.0314193018591864 -0.0798059192100631 0.0399554439949569 0.0709824659429259
0.0142441370033598 -0.0870572545464731 0.0475448292492302 0.0732158216158708
0.0551502259544304 -0.0746701022672143 0.0507452204832438 0.0826281959314132
0.127014717014779 -0.0340790672010421 0.0207503339627649 0.117369073507305
0.126482577523527 0.0613563163741691 -0.04016817278453 0.145107840123406
0.0445129683083837 0.153731724158855 -0.0599566779038994 0.130672938231904
-0.0377903520403789 0.196031628219977 -0.0536238890657022 0.136129474424397
-0.0597811691897706 0.199897224172499 -0.0751262821239352 -0.0103605222151484
0.0144528964531371 0.188181405323577 0.053424139648049 -0.0605536797156576
0.133361157174923 0.124222925352616 -0.029799676614864 -0.173915292704651
0.174411602268874 0.00336919781688206 -0.151523618584793 -0.124285828351049
0.103019950408512 -0.082124154466636 -0.161844018678052 0.0146209851009882
0.0422444321447274 -0.106282169240902 -0.0921109575145647 0.0903248907848686
-0.0220958978826193 -0.11447096424281 -0.0112740523039685 0.0863610698378799
-0.047979616831852 -0.103691180172252 0.0127982244247874 0.0523104701799012
-0.042719804262634 -0.107528453581927 0.0322856329514637 0.03395621109629
0.0128254994556112 -0.112997309823757 0.0500437238949926 0.0332566854213068
0.065558288585901 -0.0999074564945265 0.0719717075039658 0.046106429761925
0.157329514125547 -0.0528479759313453 0.0562618784673163 0.0933649574989052
0.162259384000676 0.067782053539105 -0.00480624991773823 0.135966919155843
0.0603922347039377 0.180709530478565 -0.0323560840093556 0.111907032013604
-0.0497464130164464 0.23352334493975 -0.0114897496134446 0.080335608882794
-0.0921516779582008 0.207452609949767 -0.0235707689218953 -0.0819941835421585
-0.0213681341911861 0.225565662645519 0.08396172175173 -0.10241986452254
0.132707479047593 0.177237989147089 0.00452131595653091 -0.191860432124072
0.209527409511666 0.035429209485112 -0.11751794184766 -0.150746989684362
0.135640307862902 -0.0854646155735566 -0.134339168989604 -0.0232867579408152
0.0592733468022441 -0.120217211382887 -0.0828561720861221 0.0406049674651491
-0.0160998920312651 -0.133383028697268 -0.0166548798694815 0.0407435143977516
-0.0495881486031859 -0.119713588581077 0.00154264514183235 0.0114643787648636
-0.0490652242451685 -0.12026044164034 0.0203716552688149 -0.00787037536881396
0.00734502864562214 -0.123985548292514 0.0467654582064237 -0.0106147914229627
0.0647218488995727 -0.110357000923525 0.084635479626114 0.00401746904128146
0.163335364142661 -0.0629396561774513 0.0817791515829341 0.0634038327029309
0.17169760705858 0.0652728980159587 0.0218097947935142 0.119064122259684
0.062259245999858 0.181993569485103 -0.0185823189229748 0.0872809465221093
-0.056558291051127 0.235839729181313 0.021528240751579 0.0190913223762024
-0.104351485462497 0.178153528590697 0.0407687528510925 -0.142894153416538
-0.0534613440351867 0.214240542101869 0.119016735325637 -0.137125162482475
0.100559626196367 0.191617931859385 0.0466183394759062 -0.191011776733464
0.197759567916782 0.0617639775663924 -0.0667647342488481 -0.161164808448699
0.140009100719496 -0.0693256326809603 -0.0921263453544393 -0.0580680758857288
0.0638668944909527 -0.111042639061824 -0.0638836280909167 -0.0124277108206752
-0.00971894127219235 -0.129796085354463 -0.0195858981660841 -0.00778983327374377
-0.0438604994918969 -0.118230072945133 -0.00921040086381509 -0.0300725097705476
-0.0458225556114933 -0.116795221958318 0.00781918005265749 -0.0491659360662105
0.00489326449967578 -0.118186322523359 0.0410465323638573 -0.0520810998633907
0.0600398918404987 -0.104621501990259 0.0922109367146566 -0.0325770143975673
0.151610359411346 -0.0547657906028188 0.0962208889582599 0.0362208090975692
0.15418673121941 0.065324214675421 0.0386497636495574 0.100101702891741
0.0451850076258035 0.165619835472107 -0.0142236455740624 0.0632544300586782
-0.0642962456923792 0.205260972270303 0.0471256388082133 -0.0359452938065112
-0.0927034996698782 0.118493806209497 0.100007468235545 -0.184976644567606
-0.0669423153476432 0.158116657649445 0.146365864586568 -0.157109323509631
0.0546307480457705 0.15805273162883 0.0812043132587083 -0.173827064792235
0.146159793546875 0.0659082842496672 -0.017211382976379 -0.155287209865117
0.112871628447414 -0.0447469198112663 -0.0495468001035701 -0.0841315359449291
0.0534316794157466 -0.0832529287898417 -0.042710692228608 -0.0578417724100794
-0.00392680743506685 -0.104202650153668 -0.0228315169658245 -0.0513957581105297
-0.0333054373554534 -0.0982367623513744 -0.0171660512156793 -0.0663409268544172
-0.0349724078172955 -0.0984063521387937 -0.00214599212829931 -0.0852994868316554
0.00543834614049591 -0.0994056421747012 0.0381509746465663 -0.0870871566256401
0.0534189491632481 -0.0846469359411392 0.0991056844083718 -0.0607323012684765
0.12692659343764 -0.0341766853811061 0.107010017581222 0.0192815752768634
0.116868630569663 0.0660319378048631 0.0492176711555347 0.0856448032391475
0.0160879921729088 0.13567195826587 -0.0131623210214899 0.0424731790800237
-0.0708054870980059 0.148758831913344 0.0696375786120937 -0.0782609132722513
-0.0617377170126411 0.0392630229223947 0.138849431505866 -0.20155360439818
-0.0587383825751914 0.0738529188286938 0.155729855938692 -0.162933164031806
0.0122343933189006 0.0904933768874784 0.100233099440091 -0.151484411133114
0.0753351424407536 0.0480924531648407 0.0162248247729463 -0.143383262290229
0.0638515257888433 -0.018911639780948 -0.021093849736913 -0.100375259786021
0.0319676478705923 -0.0442385924411444 -0.0289116115901891 -0.0877936876219841
0.000722202187212037 -0.062117314619447 -0.0258101205493186 -0.0825259053582582
-0.0173613546767476 -0.0633647621943172 -0.0228190911158382 -0.0922746060857039
-0.0183962483156655 -0.065697367511347 -0.00717250353210612 -0.112871025229501
0.00649015381970218 -0.0687855905148693 0.0416945448211124 -0.112464137968117
0.0424568050801964 -0.0558384047540088 0.111293791532025 -0.0773852605553667
0.0902842267438056 -0.0107942260532922 0.117756726217984 0.014938381207096
0.0679045406026167 0.0596824143411861 0.0571248447763668 0.0800264794604099
-0.0153840094530882 0.0916685580649851 -0.0118379737898402 0.0299658389097545
-0.0696983217237026 0.0735964389248492 0.0883543962845252 -0.103252842885256
0.0449033628470263 0.0146298277057886 -0.0879530204008888 0.142843161518398
0.0228616879872182 -0.0345438985179886 0.0383659169979484 0.0129614360067018
-0.0147327211963711 -0.0443864370026618 -0.0538081893278336 -0.0992399227596302
-0.0382004039769964 -0.00630248062895588 -0.141311488760403 -0.038853621424194
-0.0201559188969489 0.0175424604401291 -0.144385504319455 0.0792159371354877
-0.00285139321403234 0.0162569449903531 -0.0611543291653653 0.150030462599165
-0.00317830861328835 0.0217530311206618 0.00848005344534635 0.141967403457855
-0.00607330428074866 0.0183662758504869 0.0370640537815028 0.116391655949849
-0.0104338622289271 0.00949690716082672 0.04403933464919 0.107491390990962
-0.0150199168876333 -0.00276076885198157 0.0391058845953747 0.114420264001841
-0.0152882570608475 -0.0139425506470661 0.0150150379333125 0.122498846124277
0.0030658517076999 -0.0344216364651362 -0.0345163314815367 0.143946949835229
0.0323639898106766 -0.0263762705542731 -0.0975969240456614 0.149625633866131
0.045891572423927 0.0191506088779445 -0.133624927241369 0.141235665276364
0.0335967504794929 0.0453289181522042 -0.130217482969872 0.201225548423601
0.0230502302377366 0.0946898559306183 -0.107259796737999 0.113378774997179
0.0420882241328607 0.0379404699418383 0.0323786059888917 0.00267425717334472
0.0483459079396554 -0.00555709130419818 -0.0601249752089697 -0.117592706083217
0.0302425055195752 -0.0215600995940937 -0.15942633093152 -0.0568646989403612
0.0121987042710305 -0.0239178041300235 -0.160431587733094 0.0740985372038525
0.00449299351662261 -0.0300730632408725 -0.0733735210169452 0.150896070315022
-0.0190446018059137 -0.02859748000694 0.00578395597615493 0.140962625454462
-0.0265009541002759 -0.028713444382147 0.0342304662326504 0.109467789119739
-0.0218474150592993 -0.0390261055551961 0.0464180119076396 0.0974420240610536
0.00391947078996255 -0.0501157055291752 0.0445085204278665 0.101616479844613
0.027567726433905 -0.044857017841011 0.0308855772470032 0.109624389986677
0.0730085910468946 -0.027060052603221 -0.0103932303364868 0.135556911507934
0.0808632411432186 0.0299063034935979 -0.0719343002803857 0.151009669953819
0.0392779650779303 0.099146424511995 -0.0957909398458038 0.14270922026738
-0.00592561237400551 0.133075280306178 -0.0956699097169586 0.182553077248071
-0.0115563051537109 0.163135726964863 -0.105132977990381 0.0607747696869277
0.0422856011605828 0.119538997509867 0.036200070485976 -0.0236927173686902
0.105050727749739 0.0530858356334009 -0.0566125351709322 -0.144937622203791
0.1081314097864 -0.0221403128513591 -0.16908818566616 -0.0863774343005583
0.0558137461400511 -0.0630653313296472 -0.170852520754504 0.0544540165570037
0.0192083267743115 -0.0758965422695515 -0.0849174924962103 0.133376713388484
-0.0272348106411192 -0.0772854804458302 -0.00109465163734737 0.12204282362457
-0.0431149744143718 -0.0704525133042833 0.0268336738529788 0.0867591590720383
-0.0358435808819503 -0.0798613584886725 0.0434461358793255 0.0703773189043889
0.0110570415463815 -0.0898413860822401 0.0522183944705198 0.0723347436478003
0.0532463264614288 -0.0786307145422626 0.055264632776973 0.0825523794842481
0.127534947217509 -0.041505602331335 0.0260306354973129 0.120919413676317
0.132001571510172 0.0574648295705494 -0.0355101609966331 0.149535655768336
0.0514570071564694 0.156228023927157 -0.0573833336794595 0.134657702183888
-0.0296324142079355 0.20182595377241 -0.0513090367145713 0.141195422872265
-0.0522948335531291 0.206297353335581 -0.077639579342914 -0.00817488885639876
0.0222477118074035 0.192164926365921 0.053317490723096 -0.062600030038044
0.141950541335904 0.120491144481519 -0.0375265123808374 -0.175364625200378
0.178182358383963 -0.00458524975605097 -0.159737998720658 -0.120864170656436
0.102221865069598 -0.0890997353968219 -0.165644317815861 0.0210522113593739
0.0386909339750225 -0.110929743890523 -0.0898888024007458 0.0959315534904697
-0.0274709236761719 -0.115524470329151 -0.00954386542848849 0.0871903709875823
-0.0539754355673905 -0.102119202888447 0.0152417534355026 0.052950811470927
-0.0487335690349337 -0.107427317063528 0.0339296713939535 0.03304595468749
0.00809355478492535 -0.116816784388086 0.0531738592680749 0.0318534720338354
0.0627018038291729 -0.104811035652716 0.0755521071064097 0.0443115170564389
0.157672517923836 -0.0616563006475288 0.0611783767235154 0.0947536013462464
0.169027811053961 0.0621212457908404 0.00109156973245563 0.139640014065618
0.0682977499078226 0.182484604553741 -0.0298992285877718 0.115148917506233
-0.0402796752847959 0.240599915356277 -0.0100675916376428 0.0823964836979533
-0.0848780165064083 0.214974601395491 -0.0265825131708778 -0.0825461419941791
-0.0126427369279168 0.232034660449536 0.0818836733613585 -0.107313082396505
0.143160712682146 0.175103922776606 -0.00312378753193442 -0.195105856040027
0.215201083510451 0.0266113252941111 -0.125195573251589 -0.149143001338989
0.135431266363892 -0.0934248350333786 -0.138905961488689 -0.0185314879004926
0.054820627779694 -0.125490025686858 -0.0830946077036232 0.0450604574363429
-0.022551119743218 -0.134827358413621 -0.0161091692646879 0.0408576034081364
-0.0565610336480347 -0.118059726328275 0.00173078332547205 0.0115935685066404
-0.056468001227824 -0.119160393390983 0.0205562534905268 -0.00864304455687077
0.00227318602346793 -0.126529206751046 0.0472085547932848 -0.0125899166712436
0.060927243150961 -0.115504404093246 0.0870248631525437 0.0014277611090197
0.162795440504241 -0.0720493635483749 0.0861623721030241 0.0623446491862196
0.177954292371807 0.0588629127578952 0.0278280069165333 0.121357152268573
0.071282814153913 0.183543144336014 -0.016545044680685 0.0899498020930499
-0.0470889071234657 0.242649974728439 0.0210513072448046 0.0183712309808637
-0.0995730832188472 0.185619704190457 0.0363760519850794 -0.148233700424888
-0.0459637326623154 0.221495906988773 0.116193435879881 -0.143210507028756
0.111535582341297 0.190801338838836 0.0400625286518492 -0.196192755771761
0.204295746890493 0.0544000557405562 -0.0740211978027266 -0.161401747582492
0.140422277990895 -0.0768649115935917 -0.0969148582963843 -0.0558085549576222
0.0607576617366689 -0.116017123650304 -0.0656393480940668 -0.0100234161240492
-0.0156307913230747 -0.131101332708772 -0.0217216901458201 -0.00834726315001222
-0.0507271811673602 -0.116609190862554 -0.0105955103373859 -0.0308396207426358
-0.0521411794648247 -0.115828443272702 0.00599649568359959 -0.049826796665671
-0.000195375882956832 -0.120419174494257 0.0396673576243656 -0.0549123165272806
0.0567993581961687 -0.109222166482989 0.0922498722711456 -0.0371066857903052
0.151707563541498 -0.0631901976844048 0.10038149084944 0.0349024364179193
0.159888907739743 0.0600489275596404 0.0438961127655921 0.101778533983953
0.0524460199617534 0.167138049715439 -0.0128877448393223 0.0652480039829311
-0.0569802246180999 0.211768479094321 0.0458987903613356 -0.038724361696982
-0.0896156258617279 0.124980462642086 0.0956617351165094 -0.19323249447804
-0.0613157876555483 0.164083489616328 0.143620074533823 -0.165114073486898
0.062877454568967 0.158190885207371 0.0767594600354491 -0.179220109291878
0.152137432823793 0.0609168595150444 -0.0223731878927626 -0.157088538815991
0.113777063559422 -0.0496528339884434 -0.0530954616711274 -0.0844282441402398
0.0511837973020866 -0.0871226682712558 -0.0454175102661981 -0.0568373829127931
-0.00826457490600419 -0.104989758771938 -0.0259952568426628 -0.0523172374706981
-0.0385356649337221 -0.0973468341666706 -0.0203321499145293 -0.067244742826149
-0.0406192357149893 -0.0983683544412313 -0.00580451250023766 -0.0860512111602357
0.001161650149607 -0.101184218461385 0.0354138634598454 -0.0899227753280329
0.0512544362251022 -0.0886489954992514 0.0982410622702017 -0.065528410641754
0.127448131149019 -0.0410103830638847 0.110137327706975 0.0168051602354579
0.121394295304629 0.0615988339379862 0.0541355817387437 0.0866905361166014
0.0208394041115638 0.137254971593106 -0.0120470769574317 0.044570543223788
-0.0649282493705225 0.153949861144208 0.0672845774038974 -0.0831310012495659
-0.0601404812547536 0.042505811058433 0.135414356479455 -0.21146713033296
-0.0560318730968554 0.0781897942353239 0.153242940329016 -0.171895125695102
0.0164329037327405 0.09111073096284 0.097843007083982 -0.157749035885904
0.0787073725782547 0.0458996864901722 0.0123817048182045 -0.145997436199039
0.0649025634853975 -0.0215969791799854 -0.0249602938180591 -0.101978120187575
0.0310697528794539 -0.0461636114489971 -0.032973612493155 -0.0886442354542709
-0.00162704488535118 -0.0623965216758538 -0.0304306000217508 -0.0830295880628865
-0.0210935409316889 -0.0632365658493001 -0.0267410870263453 -0.0929777512450405
-0.0215857441877527 -0.0658524044430173 -0.0118307373768617 -0.114132722918614
0.00358603305360061 -0.0697981860342185 0.0389552350238852 -0.115790876999351
0.0408017810126491 -0.0583639115455696 0.110152050614253 -0.0826341943051984
0.0912696237206987 -0.014932005324151 0.121436691368598 0.0113322363447569
0.0712068288147117 0.0579151980099708 0.0613846679429464 0.0807423319297209
-0.0124690390906102 0.0939543435453627 -0.0115481361539723 0.031893455777514
-0.067465467716937 0.077868365891086 0.0856239979347245 -0.109225592426806
0.046528980022798 0.0112772099509665 -0.0786699052163519 0.148186420593816
0.0221307927359848 -0.035880365834476 0.0401011605309242 0.0101971993723707
-0.0178374816528123 -0.0435765751180746 -0.0594494597521712 -0.0947424585876549
-0.0383305284906746 -0.004330926752485 -0.143545313575536 -0.0305319583470859
-0.0192529526152466 0.0183795355988026 -0.138845121790159 0.0877060480177273
-0.00233022136293596 0.016103510721242 -0.0506544928278481 0.151994670863142
-0.00190342341134648 0.021337231780117 0.0179821243853444 0.140236942773282
-0.00464690192264968 0.0181759771955124 0.0443103112808715 0.112992015128708
-0.0102934297625782 0.0100558992764244 0.0510801737878924 0.10423982104678
-0.0146800847570876 -0.00212141973508256 0.0465161201158545 0.11046939437287
-0.0157310320573557 -0.0127497300835347 0.0221675617222032 0.121457999411582
0.000616467695764364 -0.0341629896932325 -0.0246451181371413 0.14563000812832
0.0305808872271355 -0.02737033121955 -0.0885734434359716 0.154478861043466
0.0475776299346409 0.0170367034779319 -0.126448354401543 0.147810578529549
0.0365822559975183 0.0424780644502379 -0.118585460900927 0.209871223803588
0.0297442904063992 0.0923877163443151 -0.100147721380482 0.120209452607199
0.0447768202163792 0.0353262601833389 0.033091868096568 0.000842276128703858
0.0481022624189773 -0.00910835147846049 -0.0668506314190784 -0.112324487728726
0.0285386965409172 -0.0240350883938795 -0.162685042355097 -0.0466274106970942
0.0101048653982566 -0.0250992252052363 -0.155560474444798 0.0836537971796445
0.001777957755238 -0.0309633126864053 -0.0630028636846599 0.153997891302697
-0.0203039330506857 -0.0269087946669913 0.0146091455870862 0.13891431398335
-0.0281257006190237 -0.0256942701208505 0.0411403975596975 0.106361873463285
-0.0251019259584896 -0.0373685714688306 0.0516781210196635 0.0935290454423713
0.000505145661881939 -0.0506796230952313 0.0513242491406698 0.0972195077473417
0.0244917634770173 -0.0465775222326229 0.0381699913825362 0.107741399546796
0.0703243183254596 -0.0326546391191843 -0.00110960148415017 0.13641631613848
0.0822453200895984 0.0249263742234412 -0.0621992662981307 0.154764961890616
0.045503178066791 0.0968918934078767 -0.08856389266833 0.147376798462851
0.00319054876535488 0.132272711203284 -0.085286169463102 0.188408071769835
-0.000546615031892446 0.163066986694024 -0.101792606017472 0.0674859412115545
0.049825078970187 0.116838201609694 0.0350375492876857 -0.0252133520367116
0.108635242963456 0.0448429262859842 -0.0654189956685849 -0.139586777707918
0.10644656935991 -0.029948500925701 -0.173388444116613 -0.0748442959440628
0.0508483149210314 -0.0671664081324409 -0.167287246641401 0.0646927088140708
0.0134359818643458 -0.0771146015861247 -0.075266897629386 0.137716172074304
-0.0320477837033896 -0.0745177110107422 0.00599188892017952 0.120735235229022
-0.0481082091029461 -0.0661304213368813 0.0318018932098283 0.0848635281393347
-0.0419583167669187 -0.0762091180221367 0.0472269517133816 0.0667035640868707
0.00452952589398174 -0.0910184330174194 0.0564575887732139 0.068086498711361
0.0476365629768367 -0.0823750903232628 0.0597281191155302 0.0790455192290825
0.123594247892569 -0.0508522194046852 0.0339780270353694 0.119734357473164
0.135381265807101 0.0490397752453809 -0.0260578029382931 0.151438140497735
0.0614152722920373 0.152699807116741 -0.0507974837667098 0.13733574054786
-0.0156659518814301 0.202534126073674 -0.043626663669183 0.143811121731744
-0.0389571285799238 0.208881344262826 -0.0785067174405897 -0.00261210624645327
0.034255581624411 0.190294348078143 0.0492456793803112 -0.0648416795189262
0.149472127739651 0.109797957088682 -0.0484574060241455 -0.170891484433446
0.177077997280747 -0.0172899784806669 -0.165856372875972 -0.109025167461787
0.0954788099860373 -0.0958022143255825 -0.163596488153074 0.0316625948567982
0.0306061793910203 -0.113557927092482 -0.0826667151351648 0.101616138884482
-0.0350905057745581 -0.112292306677987 -0.00510468039002244 0.0865227397898716
-0.0609720994542802 -0.0964815229733239 0.0177666973201176 0.0514421781928683
-0.0564738305320396 -0.102240677024212 0.0356524147001321 0.0305831790953505
0.000125816096194113 -0.116863675423693 0.054761777615132 0.0279363116758103
0.0553384818905263 -0.10908554895767 0.0779208289409414 0.0393529248638509
0.152305708234333 -0.0732623632500729 0.0675239504789988 0.0918065590008794
0.172394483092186 0.0507099549354414 0.00993864540344448 0.139421934395625
0.0799946056448386 0.177644929089469 -0.0238100961010417 0.116623110896297
-0.0235205292186488 0.241428130603425 -0.00653140819324 0.0821584074346347
-0.0710808601164624 0.219632957953195 -0.032352518937522 -0.080380163048563
0.00270171262637198 0.231665161430288 0.0757641634182432 -0.11040315115836
0.1552765907016 0.164209534573463 -0.0147813083384211 -0.192667836214949
0.216115612511362 0.0108801049570047 -0.133353271961685 -0.139959117544484
0.128858542741603 -0.102499424385857 -0.139773348477733 -0.00974463920573352
0.0460547873715745 -0.128653782382775 -0.078975340945872 0.0504306944913387
-0.0314347968782271 -0.13236229483352 -0.0149609578544265 0.0410645989668707
-0.0648700886364751 -0.111833304545287 0.00236463676342375 0.0107469138157012
-0.0635721325212702 -0.113811518827445 0.0195276355262394 -0.0105146074380003
-0.00617764260127332 -0.126038615969955 0.0466500705506593 -0.0157624998505374
0.0528580925924664 -0.119328051464789 0.0860483973583852 -0.00421354124427584
0.157096733787944 -0.0836598960875649 0.0900737401403711 0.0579034428838584
0.18108955710658 0.046576537775601 0.0360238195597058 0.120427729455375
0.0821936337105146 0.178271191011251 -0.011764908653889 0.0908138755379214
-0.0301715833019544 0.244195402272259 0.0211588577045225 0.0170403834446925
-0.087003831088693 0.191175923601362 0.0274483076382426 -0.149325216468984
-0.031068842626619 0.223245762966663 0.107288614076276 -0.148876390698372
0.123625864711168 0.18181724907069 0.0278664767089284 -0.196456694302344
0.207176761181949 0.0403044532722358 -0.082506494866725 -0.155591602095339
0.134920777733353 -0.0858571831730137 -0.10020141956524 -0.0499111057192714
0.0526199964107716 -0.119728146120229 -0.0655629329701526 -0.00499824435007786
-0.0243024217580929 -0.129104153984367 -0.0232823972883525 -0.00728408026887706
-0.0587601166385828 -0.111159912602345 -0.0131370007038928 -0.0300450256434573
-0.0600617364246209 -0.111301877429662 0.00214508126087292 -0.0499821445945176
-0.00838405479040499 -0.119668878783453 0.0362387503767233 -0.0564859112528657
0.0496648644189489 -0.112464542379156 0.0888087775104504 -0.042624963792548
0.145624272672704 -0.0736444581024691 0.102368363174389 0.0293612378773943
0.162454211290782 0.0486604408471088 0.0511097409503967 0.0994767158211093
0.0625715451447267 0.162796054411291 -0.00916390852813328 0.0661266506862884
-0.0408032103152824 0.213595984173255 0.042145299182673 -0.0424921135332444
-0.0804096107778045 0.129620091456644 0.0841368618506499 -0.198671321723687
-0.0499615473266232 0.166691440257115 0.132510019620119 -0.171917442954642
0.0732844444286832 0.152474495818958 0.0661204033519232 -0.18247238711023
0.155448334946043 0.0500810691947091 -0.0313115916534267 -0.154365798754959
0.110180951318456 -0.0573666044257483 -0.0582201947010668 -0.0809804490465604
0.0457939128597748 -0.0900843891412751 -0.0483909202323648 -0.0536825310324072
-0.0144800144933226 -0.103030549862221 -0.030004278674287 -0.0508085959125296
-0.0455973333386052 -0.092947128776125 -0.0249612645814715 -0.0659473656825005
-0.0469913456585135 -0.0935146255620755 -0.0111100765814635 -0.0850007848890764
-0.00568807406374373 -0.100518229483069 0.0297384485333674 -0.0912377776082684
0.0448208968196829 -0.0912459328592235 0.0934079639037974 -0.0712900777459579
0.123502151273 -0.0498322356450802 0.11147413735538 0.0106993715952558
0.124301313725131 0.053254887399128 0.059970994913019 0.0837819883165974
0.0295378978480973 0.134645619481545 -0.00914976834870343 0.0459771227269797
-0.0541242918502043 0.156444002777096 0.0607151900463335 -0.0876256762281712
-0.0563473335858227 0.045890633484156 0.123008948298298 -0.219568302580332
-0.0497785052210887 0.080595742009039 0.141808348465303 -0.178681272045559
0.0235854765036941 0.0896611233778918 0.0884712512622056 -0.162115107282522
0.0815258318313326 0.0398428253594081 0.00458078301373159 -0.145737244447929
0.0629513000773425 -0.0255697604908534 -0.030698915904215 -0.10122267266508
0.0286906251207488 -0.0473263733921862 -0.0387342108000064 -0.0861949132613591
-0.00508053656952932 -0.06106157697687 -0.0363145422184762 -0.081014123458207
-0.0256627807703997 -0.0606549542853991 -0.0327213024548508 -0.0915731550841758
-0.0261497807126016 -0.0636084930905331 -0.0192268945322999 -0.111932997337053
-0.0018866735507482 -0.0694857559586294 0.031351285230647 -0.11679479478421
0.0368388333141998 -0.0608324231017619 0.104568354834739 -0.0891983866258388
0.0886503202232473 -0.0208467452618339 0.121592616837186 0.00421216570431591
0.0740810577004027 0.0523450686070135 0.0665942567269229 0.0776738871277874
-0.00695566911498533 0.0935573614938606 -0.00964107776380237 0.0337022108172967
-0.0606692994380913 0.0809039398773572 0.0780869333023635 -0.114946150698109
0.0463956234186572 0.00750088098711024 -0.067416680555973 0.147479994513403
0.0198630629865681 -0.0354476802211975 0.0398368394797267 0.00830155251326156
-0.0201542486411747 -0.0410754806939824 -0.0618274919020097 -0.0873708346098524
-0.0367165679607417 -0.00227713034076883 -0.139456795527851 -0.0217053984844649
-0.0173376710203142 0.018794299686605 -0.128339131007259 0.0910577238232575
-0.00141061374700195 0.0151155636889534 -0.0395838889270374 0.147662349591111
-0.000353243003068313 0.0200845848609381 0.025825387766415 0.132922443566084
-0.0028331200051688 0.0180499725351955 0.0489530098883661 0.105475422895166
-0.00920875857411086 0.01047224003083 0.0550308375784572 0.0964874148858429
-0.0145827376295128 -0.00114657276373696 0.0515738738751246 0.102801723612892
-0.0158951676003721 -0.0116921948331056 0.0287239901708054 0.115789852159597
-0.00119297820958435 -0.032220990090618 -0.0153495998440835 0.140532722787383
0.0282451681055131 -0.0272171548773753 -0.0770645858096811 0.151847407106745
0.0471329115059367 0.0142299599264628 -0.115075206448009 0.14735118537544
0.037472947091079 0.0382794362250671 -0.102924564115568 0.208438626507766
0.0343100212966965 0.0865437292980573 -0.0899738457257608 0.122080756745883
0.0453848787181761 0.0311832764299736 0.0328672267020887 -0.000499011053702695
0.0445803041413406 -0.0124835604833032 -0.0696420698548043 -0.102891268077434
0.0262759528332605 -0.0252998388449135 -0.158567138074898 -0.0360660927188132
0.00815920732942848 -0.0249350849221647 -0.144457162142599 0.0890590999723587
-0.000723698086935736 -0.0297493710375868 -0.0508160452315958 0.150274770087671
-0.0212460439453505 -0.0250507312251112 0.0215541118097396 0.131643331261334
-0.0283881556530095 -0.0219948979042096 0.0451728667085743 0.0994876002079717
-0.0266801452369166 -0.0339711676853069 0.0549899432169797 0.0861707124961626
-0.00282879405909543 -0.0485227910481643 0.0549443354052984 0.0896356310339319
0.0207520538653461 -0.0463897481781894 0.0422080391094403 0.101254738952304
0.0658298896410111 -0.0349487449542371 0.00667913881812495 0.131186854238772
0.0805854349744771 0.0194143020411559 -0.0514130705906363 0.150851392981096
0.0499046283635526 0.0909955023473814 -0.0782702497986599 0.144580627641892
0.0103958871013814 0.125992689092692 -0.0724560619339079 0.186218389505327
0.00913218983673536 0.155856840618344 -0.0943769622931268 0.0713997091552176
0.0544980397588417 0.108746787969052 0.0330013510308122 -0.0250641073075682
0.106762776335026 0.0356320878977603 -0.0697535580804392 -0.129728027503985
0.100067811372861 -0.0362943656539335 -0.170189355601511 -0.0624336091550592
0.045028518780188 -0.067630404870918 -0.156522188485873 0.0711439909986002
0.00794016671253422 -0.0754771072750727 -0.0642733085839287 0.135526166210404
-0.0350835335702496 -0.0694409055895809 0.0119227560679227 0.11519371453958
-0.0497448274260315 -0.0592889557160556 0.0344589814667058 0.0792146430292978
-0.0449828181168855 -0.0696886196467666 0.0485338017119218 0.0607269077335078
-0.00110825426105802 -0.0876540788636395 0.0577601077814712 0.0612116775489039
0.0408307522625647 -0.0817837032683615 0.0620323675804248 0.0725513126100335
0.115039191204799 -0.0561935733603273 0.0400650852514323 0.113327462654263
0.132661764625263 0.0391585576545298 -0.0169826354441828 0.146654860629554
0.0683596941007215 0.143006753750709 -0.0421575488899996 0.133396637536243
-0.00293773591450241 0.193757639961289 -0.035063724821146 0.14071570729561
-0.0255540528040885 0.201477225361474 -0.0759027858982646 0.00245708645226534
0.0436999569210611 0.180925134567095 0.0442413646434606 -0.0635715624420437
0.149497875745681 0.0954731263144187 -0.0549132705255801 -0.159972781320541
0.169854482243621 -0.0278220096388647 -0.164788388149979 -0.0961923632898758
0.0864476074883788 -0.0973231519642154 -0.15484393723407 0.0395950323568681
0.0223597758168765 -0.110565978605168 -0.0726941317388952 0.101201439924889
-0.0398876213845723 -0.105230127383962 -0.00089956649899695 0.0823163439820529
-0.0640048359158717 -0.0870986425641753 0.0193294525484745 0.047922343280483
-0.0608024437346051 -0.0938654638249463 0.0352294045599782 0.026808099843342
-0.00679045231955092 -0.111533579988429 0.0540069249246564 0.0229347830928754
0.046745016792791 -0.107843612007008 0.0771261082016553 0.0334380250474469
0.140649695665788 -0.0797116194712275 0.0706332721726461 0.084242206537611
0.167950288245899 0.0382210003673568 0.0172552993962465 0.133628178315189
0.0869497351147818 0.165543915395105 -0.0177412066406966 0.11310187164406
-0.00727286172522552 0.231419882302812 -0.00342926408185763 0.0792772488471267
-0.0557993984962732 0.213859812527966 -0.035535772833206 -0.0747015037294781
0.0156498709509657 0.222171300823767 0.0667377023439035 -0.108441882200303
0.158442377676593 0.146506070108927 -0.0241716975139439 -0.182491460511541
0.208760996325132 -0.0026647800545716 -0.134888017799899 -0.126318774330549
0.117259780408314 -0.105798809390907 -0.134409244355812 -0.00190854552912214
0.0367702389037673 -0.126167673990783 -0.0721303670572078 0.0521681876183268
-0.0376099861627394 -0.124089991038554 -0.013503548353945 0.0397522212162179
-0.0685425027682364 -0.101974781520187 0.00209328148565334 0.0106307318367322
-0.0683875777694884 -0.103813112957924 0.0179576852030318 -0.0108061646953281
-0.0133411801370073 -0.120348172151933 0.0436240059494949 -0.0177701687572811
0.0437585504635401 -0.117784727856733 0.0824703932186096 -0.00882722283555753
0.144261496697076 -0.0895908137971944 0.0902841632875217 0.0514385577050363
0.175984984703348 0.0334614358716665 0.0410495028537682 0.11323103713803
0.088410386342651 0.16591993021502 -0.00698734350397934 0.0882070894542659
-0.0137957534424496 0.233898760528624 0.01961690791634 0.014499384106494
-0.0721097770274464 0.187629984559971 0.0178535218852359 -0.144407033788826
-0.0173924343544883 0.215383513203707 0.0941453557452081 -0.146203222311541
0.128948351091155 0.165655416755652 0.0171717033335256 -0.188213080159913
0.201180221967579 0.0258700754003283 -0.0866286776967943 -0.143899939701367
0.124395722707956 -0.0899838110444974 -0.0979595489220953 -0.0427945007583391
0.0440190544674747 -0.118071304431275 -0.0624504660448688 -0.00195027189725979
-0.0302624032703987 -0.12133271155528 -0.0238624845771762 -0.00616286138432429
-0.063044574165839 -0.101287131750612 -0.0137954321564939 -0.0283685452068445
-0.0645580448232446 -0.101126113341373 -0.000400728093638359 -0.0475303905014088
-0.0147118566221934 -0.11404749799763 0.0314265709302793 -0.0561063672223431
0.0410393469728004 -0.110098332810205 0.0830102199468669 -0.045582928492392
0.134440715692552 -0.0791796177898243 0.100908749468054 0.0228411877816594
0.158069799821234 0.0360691638358921 0.055069117105957 0.0932502556777356
0.0688105788915632 0.152149476615364 -0.00530974932730869 0.0643145042767255
-0.0261125946891012 0.205485330087511 0.0365692044769893 -0.0435074515208236
-0.0691266352561028 0.128550984328313 0.0704803187357176 -0.194768226716542
-0.0383597660618296 0.162228893309596 0.117985910341332 -0.169639171342233
0.0789816361315389 0.140549124363805 0.0541591742126727 -0.177200007940913
0.152475103769587 0.0386752250858 -0.0369989232031745 -0.145989400340813
0.102041632704202 -0.061217341868127 -0.0598978832207062 -0.0746056675093951
0.0392477086682217 -0.0891524758454355 -0.0496712865540664 -0.0488445211891199
-0.020142853052897 -0.0973807633392682 -0.0328809861477072 -0.0475219245867323
-0.0489910448717968 -0.084719003405644 -0.0274072294586549 -0.0621812970054389
-0.0501469556534621 -0.085532120631555 -0.0155157185152917 -0.0804193259180357
-0.0113204408124676 -0.0954745503217676 0.0241246316216806 -0.0885964428836555
0.0380904809751249 -0.0897734435051573 0.0857639718105653 -0.073222681572469
0.114377799755572 -0.0546473834960104 0.10791913759588 0.00464309977124111
0.121801146679508 0.0432953162396801 0.0622812316909305 0.0774244466957827
0.0349091427461548 0.127685979027085 -0.00685470022084263 0.0450905497746018
-0.04199111118238 0.151908944533412 0.0526078172002141 -0.087821278464998
-0.0504949442089421 0.0466044207004255 0.106840171179471 -0.21755324292675
-0.0425129855622453 0.0796842642877437 0.12629985600253 -0.177197968262636
0.0277421047080236 0.0834068650303105 0.0771348046106137 -0.159639811907169
0.0806524455021754 0.0337779976307055 -0.00253458879809004 -0.139894245228265
0.0595664768934932 -0.0279617711377509 -0.0350412762610547 -0.0952859919006836
0.0249441790395633 -0.0471497308596648 -0.0422388746382928 -0.0809168926145537
-0.00817158796233701 -0.058401087073726 -0.0395898700637458 -0.076151659300515
-0.0282814389610822 -0.0554218473562072 -0.0366068515159976 -0.0863189857378983
-0.02884886724616 -0.0587346479866517 -0.0242559658601075 -0.106068203492485
-0.0057772226818624 -0.0655714916333135 0.0244006957247629 -0.112866142590542
0.0323029333043307 -0.0601088362403827 0.094461722972846 -0.09101262981998
0.0832034960002813 -0.0255482580471812 0.117652250184789 -0.00254391444360499
0.0730237330240195 0.0461378537332106 0.0685305914653938 0.0712304723739572
-0.00137186859727974 0.0903091958418273 -0.00703242345199906 0.0329886118793911
-0.0529690436446409 0.0799545634676551 0.0665412234274902 -0.11520971746189
0.0448656772483669 0.00373961136674539 -0.035540745643808 0.148731792048223
0.0141316859462017 -0.0360731321858932 0.0408657421742783 -0.000254988052963157
-0.0258766421610708 -0.0342052058898764 -0.0717198842785769 -0.0752826553180292
-0.0351170527052885 0.00591812295928132 -0.137037235671604 -0.000889500136853174
-0.0122032521741392 0.0225553330640376 -0.107782989385999 0.106914836627097
0.00176045256152268 0.0141505951791738 -0.0157813212601714 0.145189908602971
0.00328236852948791 0.0177141411170435 0.0434342626851593 0.122868393197313
0.000527952416920729 0.0167312904229608 0.0610570573486151 0.0918182414785511
-0.00643147466902666 0.01037203242068 0.0666557038376677 0.0816575808936504
-0.0128604748165637 0.00146356247140518 0.0653624653226056 0.0880447612465295
-0.0151031089715556 -0.00792233196039712 0.0459552685052669 0.104193070706015
-0.00517384713310429 -0.0284512877874792 0.00816173344441342 0.133499692497986
0.0220845469769974 -0.0258883435557458 -0.0471051755561668 0.153290609966322
0.044139213588758 0.00890033968561075 -0.085813572337235 0.154731536150026
0.0393177858415083 0.03461244365841 -0.0679515401616853 0.209060438461737
0.0430329611939892 0.0775775945846821 -0.0618776714106733 0.132516526339648
0.0461942996818282 0.0221529869659111 0.0334548487362389 -0.00456770622542771
0.0362086101413618 -0.0171007643389661 -0.0775219453209392 -0.0854533638737485
0.0181804556774152 -0.0246230917454714 -0.152279296395553 -0.0105753666683806
0.00491368944975223 -0.0206298016916439 -0.121603537748452 0.10448094720629
-0.00290491462438094 -0.0274873624606267 -0.0257321074660823 0.147201889278437
-0.0219727000729018 -0.0200975159557664 0.0390937206571417 0.120240356339537
-0.0281400067353522 -0.0167452823518657 0.0567894288969009 0.086217834869914
-0.0286485910325521 -0.0281810872921617 0.0659173189540384 0.0728406139884255
-0.00857728546438734 -0.0446793050090448 0.0676126921889335 0.0760510329063672
0.0150500773789903 -0.044954192468604 0.0558948622427849 0.0886678614052586
0.0561518759281577 -0.0402823727437357 0.0264025362860033 0.122516491883745
0.0763650127178965 0.0104235699439147 -0.024228976481076 0.150078577581486
0.0566612024713049 0.0797630146826539 -0.053287110750812 0.146370102363632
0.0252596923120249 0.119450428342858 -0.0438142811167809 0.183613255262517
0.0264201526337614 0.143901086332663 -0.0766068245028042 0.090130655396575
0.0642134877059036 0.092080436737713 0.0294476709134689 -0.0242440044793022
0.0991056458321553 0.0182280208674515 -0.0782287058708197 -0.105544102525373
0.0830619454925468 -0.0451245392989423 -0.162337089330683 -0.0313250528094884
0.032611361607021 -0.064426080937623 -0.132826423770359 0.0878271647906464
-0.00116719725034621 -0.0705967794689692 -0.0393342360157836 0.134241238659156
-0.0409746881264416 -0.0591494546662533 0.0270460188243421 0.103769216771977
-0.052701598020774 -0.0481170874941993 0.0436733662400119 0.0688517479044229
-0.0508993040449106 -0.0589649514871736 0.0565394282483173 0.0505265850495415
-0.012802119381766 -0.0820136377569519 0.0659188058492386 0.0484366480969714
0.0294778327201232 -0.08030650254361 0.0702726482789523 0.0586840643003266
0.100043442806781 -0.0667595767553854 0.053738801702165 0.101590454301789
0.126929460377539 0.0220762011756461 0.00859143702077235 0.142071272129799
0.0811645324067205 0.12575662355533 -0.0224581986596774 0.129782241235805
0.0209232301275788 0.183872829361165 -0.0160770435075391 0.135589698544571
-0.000189183655648704 0.188995545058005 -0.0716308953421694 0.0244995634274272
0.0633006722767043 0.158621341524444 0.0327863589801824 -0.0592345389979244
0.146047687329995 0.0657920306097977 -0.0671035746832775 -0.131587047483877
0.146335418533762 -0.0483872728634277 -0.158304411008346 -0.0602412817471587
0.0658564755399167 -0.0979046169067064 -0.133540173096881 0.0555046310675551
0.00749401516791469 -0.104645908713947 -0.0523580101392931 0.101523265233768
-0.0508810219375081 -0.090620320985576 0.0109826679815713 0.0733934606826864
-0.0690819799628666 -0.0716514733779966 0.0250455486874902 0.040904886305482
-0.0689596441715288 -0.0785324249534761 0.039622785995373 0.0204239567760754
-0.0213227557707283 -0.103937881317109 0.0574564968098059 0.0133845728004092
0.0320246294719145 -0.105577226866166 0.077608718506798 0.0195191908593
0.121368730063676 -0.0923393105932939 0.0781499486993671 0.070670721458026
0.159711084787596 0.0163011630259117 0.0386242335166171 0.125078368409711
0.102042496329026 0.143986973643674 -0.0030227690568112 0.107425328067274
0.0214747427115679 0.217892012650921 0.00431090484586529 0.0738280713954595
-0.0272111714156442 0.201970842706028 -0.0487688031218007 -0.0532388087112675
0.0422140576372677 0.199958106084826 0.0448946253511816 -0.102364259571367
0.159859482468591 0.111099599740603 -0.0413498879803466 -0.153973529762799
0.185359405622372 -0.0318262664725486 -0.132375017253624 -0.0907696441692839
0.0928040787137553 -0.109998033516264 -0.117746436825586 0.0133040729592987
0.0185890560101295 -0.121441986370334 -0.0582470822467757 0.0540967527063927
-0.0511716607537737 -0.108641733287095 -0.00663521146508959 0.0333759584906573
-0.0756537253538168 -0.0848932956822756 0.00376391712726992 0.00828796745424509
-0.077237666034929 -0.0869936640502405 0.0172502693212824 -0.0121539922608952
-0.0287929493164954 -0.111440583560981 0.0409668701799471 -0.02361932974111
0.0282002110300465 -0.114569669162432 0.0760131842690423 -0.0206457392273144
0.123819088476723 -0.10239016939021 0.0916928605296815 0.0359587141523203
0.166001545654195 0.0106384319767197 0.0582082856157288 0.102945070807007
0.103560965035713 0.143031664075822 0.00293989052336485 0.0826374314807094
0.0163697264839585 0.220184615631248 0.0167765208602224 0.0100862118028192
-0.0451844680411874 0.178403988360413 -0.0108205606697588 -0.128425587208421
0.0104846278989145 0.197429585987587 0.0637732389088509 -0.143116668029666
0.13595439454643 0.131020029944799 -0.00607069041405109 -0.164866770850984
0.183146336044045 -0.00611445199486279 -0.0914528181819362 -0.113263397330703
0.100367476273268 -0.0977874146458813 -0.0899795771903704 -0.0301690164201132
0.0257425497429699 -0.114921834131873 -0.0571035877593824 0.00204775619333867
-0.0437860708522765 -0.106875555722009 -0.0230317641174937 -0.00895607408900806
-0.0701764339671093 -0.0849436798891605 -0.0173363914672645 -0.0258346673538973
-0.0736622466469503 -0.08467175733172 -0.00535230572616042 -0.0443456153546335
-0.0293216018394352 -0.105047238268611 0.0239483861340612 -0.0575083991681664
0.0263637413613091 -0.107848964163007 0.070813704806885 -0.0554355308920678
0.116747337480492 -0.0910594325474122 0.0968366135760969 0.00835128921007597
0.149730766348447 0.0155451371768108 0.0675348960960158 0.0815212413094442
0.0835813232689759 0.132512182455652 0.00155127652369485 0.0602349646313377
0.000835659337240835 0.193784275947977 0.0247590654876313 -0.0461538261229476
-0.0493483147179868 0.12201543107702 0.0296708152662289 -0.187036216827566
-0.0153855387409337 0.150264937364253 0.0812413647306339 -0.170613138542102
0.0879508316941117 0.11434371752145 0.0274803504289226 -0.163028790902696
0.140940735564704 0.0122785555384402 -0.0481937075527703 -0.123839994336406
0.0837712355758702 -0.0687364987380733 -0.0609113862711394 -0.0645834405172416
0.0244833023852216 -0.0872788213065201 -0.0523062280373538 -0.0430016772292318
-0.0322160428473532 -0.0864120488560385 -0.0374085607171271 -0.0454213220514427
-0.0558415973769063 -0.0718231590505986 -0.035521120128255 -0.0559779537221763
-0.0588541467297807 -0.0725566090477332 -0.0246575939267253 -0.0728797811665732
-0.0232666732007668 -0.0880805423129886 0.0108819501664459 -0.0866967373226369
0.0261939923083337 -0.0886498365174428 0.0684965342561453 -0.0820098314584268
0.100552428532674 -0.0660896572465909 0.100934859565131 -0.0105020148066275
0.116296789178072 0.0263671869362499 0.0723668739261723 0.0656622462423593
0.0491367551225267 0.114397141227271 -0.00133664672951707 0.0420263995488098
-0.0200608244282279 0.144811401541318 0.0336007713487835 -0.0900681664485629
-0.0421562544875238 0.0441760163714818 0.0618092436976643 -0.218937947709815
-0.0300437137431317 0.0746532900676311 0.0883587679184083 -0.182517784515969
0.0339139476638016 0.0689000415393294 0.0494576982632342 -0.154781588474028
0.0758369897279318 0.0178109456576757 -0.0190293602058994 -0.126635432195807
0.0486766943004229 -0.0330674621524754 -0.0433093203735564 -0.085660257990678
0.0165478586428452 -0.0467202954387109 -0.0513032400530174 -0.0726114266794214
-0.0163362360948481 -0.051734909645967 -0.0482040263626579 -0.0696383332670153
-0.0335537619750489 -0.0474764424538458 -0.0472040538049098 -0.0771719674912793
-0.0355181045516888 -0.0506230556643317 -0.0373967673037738 -0.09536823168937
-0.0141735824293079 -0.0612763063294636 0.0062935079055802 -0.109423022017107
0.0235345612446115 -0.0604043914406905 0.0738324428448578 -0.0995570220356294
0.0762367697143986 -0.0345965579756069 0.108213886510732 -0.0186655939036225
0.0721932880631312 0.0344850318775919 0.0761696105668683 0.0574399823899355
0.0101813979120461 0.084298565097668 -0.00313521631810565 0.0310834372584442
-0.0389081802804354 0.0785381830760255 0.0440229820393247 -0.117203001572785
0.0427151599350116 0.00349442115376206 -0.0362448917025175 0.142332872208142
0.0146170282549953 -0.0343853530689046 0.0404621103310368 4.62912275717197E-05
-0.0239926084948035 -0.0328354636823946 -0.0665698275007661 -0.0731169729428918
-0.0341914860664348 0.00487786778314454 -0.131315377978544 -0.00272278386872761
-0.0118843750494519 0.0209051549330793 -0.104595339752408 0.0997842205689455
0.000916650030086769 0.013352107193391 -0.0169702821791661 0.137482596057531
0.00267736960297036 0.0172671609229829 0.0400941564688445 0.117172597615832
0.000441978138543472 0.0158799240639477 0.056830885007789 0.088212795668802
-0.00620481584649975 0.00974382690510552 0.0626344483819403 0.0785521341945285
-0.0124749719379246 0.000879201631237374 0.0610775394010347 0.0851310909070188
-0.0140921864302262 -0.0077390273009882 0.0425836161206214 0.100222598321468
-0.00449172331088789 -0.0268556522146079 0.00574186322934823 0.127138430681584
0.0219325113144818 -0.0236595898993641 -0.0485726572158062 0.144773568658843
0.0421393766053437 0.00972210776031247 -0.0859610478339573 0.145983590064756
0.0367022053327217 0.0333429940702814 -0.0689557038287983 0.199821560991946
0.040113262578989 0.0739174740410725 -0.0614367650271872 0.127026247103656
0.0442739174598432 0.0219872916371531 0.0329011827003017 -0.0031013864310896
0.0348742636788888 -0.0160511606064968 -0.0721955323226406 -0.0823533844168214
0.0174343964778416 -0.0238604817917874 -0.145313049160828 -0.0125082652620047
0.00521857615237436 -0.0202133315946472 -0.118500202627805 0.0976796131149377
-0.00294504214198243 -0.0263597753842201 -0.0260248564302983 0.139506167123151
-0.020645930132079 -0.0196320992995082 0.0354239029767181 0.114762039844004
-0.0262818511124547 -0.0157566184238282 0.0526797336299688 0.0829026165134415
-0.0268052639425669 -0.026940843764566 0.0617078303522144 0.0703722923680755
-0.00810109479347422 -0.0431674988799088 0.0633384726288998 0.0727968460736574
0.0146622617772148 -0.042823188473381 0.052027583363528 0.0854972550652183
0.0540396201466203 -0.0377990503459416 0.0238783861673302 0.116937246879114
0.0732692424115623 0.0115391403847977 -0.0259515906501293 0.142474092384062
0.0531051955902901 0.07783705279852 -0.0549794522726011 0.138811346768658
0.0222493372474194 0.114010174325291 -0.0456079710369521 0.175533276122062
0.0236139063047205 0.137131879482449 -0.07426837421579 0.0858473714976149
0.060164712366106 0.0892632349779099 0.0296050360697428 -0.0224271045903708
0.0940535916279831 0.0177721796253311 -0.071903925244471 -0.101776918484374
0.0799359390102521 -0.0428337024220057 -0.154763517543442 -0.0326969608705798
0.0320784829974043 -0.0618261325993093 -0.128428463476373 0.0817586471322596
-0.00027944942050491 -0.0675399234031442 -0.0392354371624199 0.1261386176537
-0.0384308608573423 -0.0566760581976496 0.0240635294560189 0.0987306103891457
-0.0493737727479086 -0.0454150177922457 0.0405388714349423 0.0658407168399517
-0.0476345788628808 -0.0558582192488173 0.0533714145434074 0.0483913971697687
-0.011351291770644 -0.0781358033515499 0.0622016390318242 0.0470934093687219
0.0292127622412799 -0.0764334438899304 0.0656977807799145 0.0568089097692718
0.0960676598621606 -0.063097027271334 0.0503741322736863 0.0976178981586054
0.121602007490399 0.0228482385802168 0.00524828800507759 0.135613116988839
0.0757341557186724 0.121485420290994 -0.0249781508731929 0.124099972326424
0.0172533146550138 0.174631286590051 -0.0191905970521781 0.130235494698814
-0.00250554233653773 0.180520817668584 -0.0695760088372561 0.0237713608846873
0.0583245283267573 0.153622765012466 0.0332550888393219 -0.054785878874738
0.138355664794984 0.063562639832905 -0.0610746662679456 -0.125844364872995
0.140561204981055 -0.0455095746870443 -0.149615630858204 -0.0604870678186025
0.0640261516392908 -0.0932473714927232 -0.128056247398736 0.0508332253612414
0.00869602958715551 -0.100221128439284 -0.0513239673975294 0.0951398919818609
-0.047180364175423 -0.0870896040015856 0.00825073274952396 0.0692737964321482
-0.0651912019246765 -0.0684837990271168 0.0227081168658404 0.0397591959181
-0.0643988961525348 -0.0744098446860745 0.0370844594573304 0.0196011854395488
-0.0195270346319419 -0.0995157187983786 0.0540641793480356 0.0134421761602025
0.0313087690095561 -0.100953082275538 0.0737273893247815 0.0202236176466202
0.115913642856722 -0.0875994533297632 0.0741942512909057 0.0685935673606987
0.152164598864397 0.0171622717933166 0.0345588478709461 0.120559854976444
0.0955808020789101 0.13887610963167 -0.0055387050704577 0.102383292912492
0.0169703796869419 0.207396719108636 0.00166556391112078 0.071046674854019
-0.0285821982865489 0.192464808475236 -0.045117701673526 -0.05070676451407
0.0376415084899432 0.192063439477951 0.0456520459835234 -0.0956940233560074
0.15072588120509 0.107167871360335 -0.0357117298307815 -0.147099888927381
0.178068706427805 -0.029313113192013 -0.124779479083995 -0.0891865464251151
0.0900918290535202 -0.104368537213801 -0.113146195737629 0.00999066700504517
0.0191866301890475 -0.116155652103874 -0.0562606112213429 0.0499661264344405
-0.0474427007055463 -0.103778754049931 -0.00816085435544089 0.0311183378056315
-0.0710330038444276 -0.0802505348825072 0.00260988621720229 0.00731387308042174
-0.0726818356021236 -0.0829674598216223 0.0163906246232154 -0.0113906485750773
-0.0256907495703919 -0.106594413471042 0.0392920728846708 -0.0220675319449511
0.0285211564084187 -0.109301114635502 0.0727213406463368 -0.0184674930178561
0.119456298822817 -0.0964789893032238 0.0878754463710067 0.0354927981760403
0.158246929706354 0.0125404974206448 0.0546218879415879 0.0996298462847376
0.0967452656681503 0.138445842889102 0.00136195908939237 0.0789194900608604
0.0125377123268904 0.208799572465297 0.0142333631439488 0.010043824676798
-0.0459440852617403 0.169632350095145 -0.0075686555878632 -0.122222512466751
0.00777167364366021 0.188606689745527 0.0644336661615844 -0.133720528917288
0.127563429926858 0.12601422686333 -0.00228901152415725 -0.156435613396715
0.175701832278484 -0.00416474268830758 -0.0845528721482216 -0.109962694768092
0.0977841877557375 -0.0924211706225687 -0.0849227980842354 -0.0308344752255135
0.0257829732434518 -0.109271471555794 -0.0545654957819491 0.000228999797506898
-0.0408556022956223 -0.102367345118196 -0.0229894883987933 -0.00901905367455343
-0.0657343990662363 -0.0809988678064829 -0.0169193647187537 -0.0250452052948085
-0.0695922458871812 -0.0805150182679924 -0.00462299258411642 -0.0420358499685628
-0.0265070321549049 -0.100335338517833 0.0231259126688254 -0.0543009810994777
0.0261556477482639 -0.102866024575414 0.068143981290448 -0.0515284153866742
0.111500395371199 -0.0856346660998778 0.0929116798692686 0.0085856883417834
0.142311916128289 0.0165943380929428 0.0645078986619342 0.078881352822192
0.0775509411843905 0.127993672074259 0.000203836976387842 0.0577047982905599
-0.00170923339463474 0.183550617331886 0.0227487392649695 -0.0436245877988715
-0.0486320785090029 0.11547346142838 0.0327478414831806 -0.178248172953871
-0.016856802410615 0.143459390309589 0.0819871355287175 -0.160018285390095
0.0817351993256875 0.109235962330058 0.0301682726252212 -0.154894082135536
0.134768295868301 0.0120978866085418 -0.0436190435010706 -0.119405300840061
0.0814369580696466 -0.0648512437051751 -0.0567650388788473 -0.0633254870617272
0.0247621289089448 -0.0834073321843057 -0.0500115892310342 -0.0428643173452075
-0.0297126892723728 -0.0824850708120724 -0.0359606599334944 -0.0446575920699135
-0.0524838798953444 -0.068342103851946 -0.0336423984149615 -0.053866525299224
-0.0554090987836824 -0.0692223628090224 -0.0226589841404189 -0.0696976084519742
-0.0212369459039279 -0.0838976710862993 0.0120465427990318 -0.0823378122213754
0.0259176196812315 -0.0841360549165176 0.0664152897865085 -0.0770170202777168
0.0966798389915897 -0.0611719000957675 0.0970199622420098 -0.0088225667408068
0.110501592435833 0.0264179598724671 0.0686776520438057 0.063676377775261
0.044609076556705 0.109588753087186 -0.00220672764362763 0.0406672939496772
-0.020532939342285 0.136825479923682 0.0325064442987365 -0.0856593446992761
-0.0399832538435311 0.040973626009248 0.0625668346609342 -0.208313885155277
-0.0299637588254318 0.0701313559523982 0.088954563942143 -0.171687890539173
0.0314598482495721 0.0652029007640943 0.0510495872139664 -0.146927757353868
0.0721354083130747 0.0170001079551803 -0.0156200205676575 -0.121680281043562
0.0474269184001983 -0.0312176504781328 -0.0397081042424133 -0.0831798493422871
0.0166892089333898 -0.044026421727431 -0.0479515892782013 -0.0705759070308944
-0.014532897520239 -0.0497216368579402 -0.0462561633346623 -0.0677767503963987
-0.03134621335362 -0.0446276208630226 -0.0441817078875874 -0.0747720261390093
-0.0335297957312091 -0.0477782094693049 -0.0338042892991116 -0.0914162684191377
-0.0127273360083773 -0.0584098493044115 0.00844597004087558 -0.103856603586397
0.0233214391919804 -0.0573427940578727 0.071849540459239 -0.0941875374527861
0.0728335865518815 -0.0318058680662136 0.104572122386548 -0.0165666914291637
0.0677065908633707 0.0335064861171072 0.0721449298078499 0.0564178126166482
0.00833582176078659 0.0804353242514459 -0.00357422951671776 0.0296632097039404
-0.0373883662702925 0.0734293439590037 0.0426696880647458 -0.111438641071239
0.0429890231505755 0.00371839792906712 -0.0398924412471844 0.140603478929546
0.0161832462662835 -0.0338573996651234 0.0407835737783259 0.000653144293286296
-0.0231466348761492 -0.0330498434603606 -0.062694127329615 -0.0748061611669716
-0.0337197883317412 0.00379889425423294 -0.129738378348776 -0.00683336406014713
-0.0125367222516458 0.020003216178902 -0.10710118754997 0.0954986770517722
-5.44015347539503E-05 0.0128018001863485 -0.0207454593751678 0.134314444494613
0.00216701129251789 0.0165686132218314 0.0366577604518791 0.115670884003695
0.000123649169065623 0.0157312359279116 0.0538836770774249 0.089212520233
-0.0062182747804486 0.00955859066305748 0.0598545709005451 0.0799501453495816
-0.0121083811892463 0.00038079473172824 0.0583732928508299 0.0854878822770455
-0.0136833862221998 -0.00799458043784506 0.0384764676342557 0.100628686375399
-0.00339571862201084 -0.0266720156946112 0.000607275732188516 0.125475632735122
0.0229294458748731 -0.0222860786456774 -0.0527644530923236 0.140741613327823
0.0418389872233055 0.0116774774633668 -0.0911913185976318 0.141008823916763
0.0342586792965642 0.0339871085813233 -0.075202779052313 0.196010298296444
0.037389277319414 0.0738803861306786 -0.0647395475136862 0.125062700461665
0.0435698264033186 0.0236791004541088 0.0335743189090921 -0.00243603879522558
0.0350930079528489 -0.0151248800324774 -0.06750303643753 -0.084119557909025
0.0178321840127501 -0.02340467215514 -0.143796402040166 -0.0165588090693508
0.00585067888362975 -0.0202533733720832 -0.119843363261578 0.0925977619892022
-0.00253124760645739 -0.0265355963630147 -0.0296933266229549 0.135871424056083
-0.0200812631980063 -0.0196531572139649 0.0317597019108037 0.113751267604646
-0.0255062469145273 -0.0162659758955719 0.0491776516263941 0.0836300632465095
-0.0260837385010365 -0.026675300461871 0.0586998448168388 0.0710810966767248
-0.00653293288804616 -0.0428255310316569 0.0602336449007732 0.073626847534232
0.0156265973833766 -0.0418596354751999 0.0489326949250829 0.0864002868325856
0.054383016617232 -0.0356217032241094 0.0188230641414806 0.115887137985642
0.0725190651215912 0.0139729850137288 -0.0304937119440652 0.139549518371088
0.0499658721839701 0.0788735954072755 -0.0601414169605272 0.134989152930974
0.0177669290766934 0.112720672767161 -0.0517444215567075 0.173399386887342
0.0195181155882856 0.135916592888894 -0.07631127291253 0.0845650129814059
0.0573200371534406 0.0909796271804774 0.0312100781650222 -0.0203019673327547
0.0920818167373148 0.0200165410854782 -0.0663320809839458 -0.10252103512134
0.0803395419473356 -0.0410283825461475 -0.151910783139536 -0.0373036308941476
0.0336589020657544 -0.0607384624372068 -0.129460232865857 0.076464155970315
0.0010942571714825 -0.0670549888180197 -0.0423180446702788 0.122670449223295
-0.0364012227896718 -0.056652758389153 0.0203873862960804 0.0976827130215251
-0.0476509001716618 -0.0452848809092708 0.037509162524567 0.0663365426422686
-0.0454724414245044 -0.0558682230460967 0.0506402069747492 0.0491780627189655
-0.00935065181899003 -0.0776109479722569 0.0603377277195642 0.0483584777760614
0.030762229942151 -0.0748774712788465 0.063560091973875 0.0582929149774163
0.0962692451560897 -0.0595072260317427 0.0469682184198392 0.0977189862410349
0.119644162006811 0.0257558497596992 0.000931231298809617 0.134560793310685
0.071069572178236 0.122972571117823 -0.0295395201716193 0.121629124462026
0.0119171055294825 0.172775769289738 -0.0241741795157995 0.128574704744789
-0.00766310008918362 0.177840388719607 -0.0691883559236039 0.0226950843220055
0.0534152094037168 0.154071466965807 0.0363727209617242 -0.0514908348247116
0.134386921348615 0.0664557754848481 -0.0544949637277069 -0.126301033041837
0.140270620315422 -0.0417389252483157 -0.14624038308015 -0.0649729593461301
0.0662036429960577 -0.0911483943081672 -0.128489223149977 0.0459394359274352
0.0109177322781625 -0.0997434283022333 -0.052559802987184 0.0913212243426421
-0.0447656528536421 -0.0871044894813039 0.00538866194354322 0.0688251823679737
-0.0620209227603282 -0.0683105044618166 0.0207837725004927 0.0396464703467061
-0.061357746666355 -0.074436381956576 0.0351012963964677 0.020549859581241
-0.0164769668024971 -0.0994685095594219 0.0531153192258134 0.0147164262541088
0.0337526471456942 -0.0986600865436236 0.072554526632139 0.0216739666378009
0.116992111215712 -0.0829594935642117 0.0718323447412184 0.069221333961634
0.150491056883802 0.0212984195842187 0.0306966787571031 0.120801218707045
0.0894471594681363 0.140960761724964 -0.00917703047381608 0.101276835065908
0.0107646933629339 0.205048861378221 -0.00226168121631895 0.0707394623996488
-0.0338255273584791 0.189111437467784 -0.0428293303560893 -0.0508109611904085
0.0317432288626035 0.191667462526981 0.0501732650530721 -0.0917613712367099
0.145383078652658 0.109344551985222 -0.0291821982229019 -0.145982634442874
0.176997298958258 -0.0244285346116928 -0.119756476294411 -0.092860960637326
0.0921364614624854 -0.101526775760588 -0.111562658065802 0.00596822093352128
0.0218687887120436 -0.114708186122421 -0.056897385448823 0.0468122120291159
-0.0441552326863724 -0.103359827415299 -0.0104030604917169 0.0301437868291197
-0.0680526568322755 -0.0808355772281966 0.00173246113579268 0.00733109125397736
-0.0687072241421437 -0.0820219344179835 0.0164155205554483 -0.0114636959367716
-0.0233223813613856 -0.106122845504026 0.0395558764573021 -0.0205328890802216
0.0302959269290157 -0.10747492309689 0.0724595755281028 -0.0163100455846353
0.120277723950744 -0.0918750873250542 0.0865171188162575 0.0374158902682845
0.155899268313719 0.0159937973202921 0.0516348691937756 0.100631138990828
0.0912294719132065 0.14024604031204 -0.00173584602036916 0.0783432675489347
0.00617771902104103 0.205574685772802 0.012421597452427 0.0109478400413266
-0.0500963306656624 0.165494742042529 -0.00277179115080641 -0.121129311879828
0.00181997353101494 0.187718309095919 0.0695415625133405 -0.128468122592349
0.122449096985551 0.127517259305744 0.00456571512752036 -0.154914255763124
0.173278644240554 -0.000591279146865738 -0.0793962302606838 -0.112277671615078
0.0986822777389107 -0.088979951769849 -0.0832191880884698 -0.0343884935613991
0.0293181136245636 -0.107622652709948 -0.0537352525073896 -0.00216230187282464
-0.0375199003997802 -0.101783445695662 -0.0235610503115942 -0.0100854694259472
-0.0630877880391503 -0.0804161271158781 -0.0163883838991185 -0.0256059782638006
-0.0657476660310655 -0.0806384228709021 -0.0031191850030648 -0.0421026391554285
-0.0238039329858151 -0.100350660088603 0.0250976839634262 -0.0529951008550369
0.0291117803793406 -0.10066829537625 0.0689121000296395 -0.0489389216055091
0.112495525816932 -0.0816175712709562 0.0924679545358115 0.0109128733147676
0.139486745197206 0.0199643710606245 0.0618598365164307 0.08101941857642
0.0720846169961707 0.129007413209712 -0.00198679899328746 0.057244638017595
-0.00723066797898938 0.179951156292919 0.0232317947324357 -0.0424910308602596
-0.0511626265030015 0.112276163029386 0.0387858708666669 -0.175594260364373
-0.0208804436723405 0.140874752672459 0.0875734077987311 -0.153919594775908
0.0775966211855583 0.110221391466673 0.0364413910465745 -0.151822485783092
0.133422898605178 0.0152424116931503 -0.0383464185094479 -0.119474430900834
0.0825016960033314 -0.0619465809350533 -0.0538991112565431 -0.0648867535883587
0.0272644646675558 -0.082097093556478 -0.0478792010751077 -0.0443334121754714
-0.0267624215129993 -0.0821992386137617 -0.0353418730030009 -0.0455066568276935
-0.0502716827050225 -0.0682251838832017 -0.0324782681313359 -0.0546488980621613
-0.0524264340798168 -0.0686857865872451 -0.0197830744296129 -0.0696510648417105
-0.0186131707019292 -0.0831559863350986 0.0147847696251285 -0.0808119119483422
0.0278306836795002 -0.0824853644952159 0.0684169410578165 -0.0740898860988235
0.0967521267430086 -0.0580159119258576 0.097021351716201 -0.00578826642199486
0.107635746923271 0.028929011050608 0.0669318304792043 0.0663666564979007
0.0408106697608152 0.11010372398117 -0.00364268718256128 0.0407358883118061
-0.0245848532895976 0.133277462595079 0.0338290061742395 -0.0838237177960884
-0.0404808833201801 0.0388919320105073 0.0700748727308299 -0.204871577270123
-0.0316332246774468 0.0681878858670432 0.0952661847650225 -0.165576327074634
0.0284438731467985 0.0652599350789698 0.0559875642660098 -0.143528753517184
0.0711217713656066 0.0180479881380379 -0.0106819425482124 -0.120721490221675
0.0479491978869451 -0.0294139145084925 -0.0370514793260687 -0.0836971131717146
0.0181271266249071 -0.0433677340952646 -0.0459911486716217 -0.0715228150805567
-0.0129661941863018 -0.0489403860157896 -0.0441952325439068 -0.0686597724125312
-0.0297318986972389 -0.0447151895671904 -0.0425866588665882 -0.0758470642594676
-0.0318963262311638 -0.0471063907142022 -0.030248590567963 -0.0910922699786084
-0.0114172292988528 -0.0572777053198557 0.0120052501823672 -0.10228430368419
0.0247510092021462 -0.0563517842306374 0.073912015578335 -0.0901743693021955
0.072094684080826 -0.0289510868214091 0.104721769660694 -0.0125921765747915
0.0651937540403028 0.0356172381706416 0.0704289194785092 0.0587818713510715
0.00594880638004377 0.079320483802183 -0.00445020827248937 0.0298542318913784
-0.0388677941132304 0.0704286776668505 0.0445756690056073 -0.109359090178917
0.0437250025452494 0.00352309329259221 -0.042957324661156 0.144624848404746
0.0174254018329338 -0.0346688157770359 0.0433847334873176 0.00140846111503066
-0.023165771697519 -0.0338908345159638 -0.0618388251316135 -0.07832023141309
-0.0345931625151238 0.00299534323921566 -0.132757315882838 -0.00966191339950083
-0.013208492150392 0.019886428819449 -0.112031417364564 0.0957665120483419
-0.000547333191629062 0.0132451085907939 -0.0244990626869027 0.136581989461273
0.00215567961467233 0.0166733517243279 0.0355984701287136 0.118459437841094
0.000327506641896864 0.0159856249277776 0.0536500511314994 0.0918792201343801
-0.00655566897033515 0.00918493232267387 0.059636797430451 0.0832212258706758
-0.0123398779232711 -0.000119652082610224 0.0578125138295074 0.0891675923285015
-0.0136225418303046 -0.00835063371301606 0.0378037987355531 0.103829914033289
-0.00251827356793433 -0.027671770660269 -0.00323490086198795 0.128052151173719
0.0242995551285677 -0.0216307869329604 -0.0576985059920161 0.141858441962139
0.0433812148854806 0.0132739185677964 -0.0982031975390988 0.141085816200869
0.0343296570053605 0.0356147005356811 -0.0818849712612023 0.200630785148154
0.0370787901078375 0.0755816072286455 -0.0683969667174606 0.128528106430624
0.0444269928640428 0.0248027066037546 0.0361724386808175 -0.00144415022973999
0.0360575782630647 -0.01503924522681 -0.0664799417049803 -0.0878308183329015
0.0186323478667885 -0.0238859868233503 -0.146399568457284 -0.0202114667757161
0.00619750673113838 -0.0210722758516783 -0.125253949694002 0.0922421986272867
-0.00294299964888073 -0.0277392982604136 -0.033593734736857 0.138132663337741
-0.0201406508319841 -0.0207203525856727 0.0300058865091779 0.116151275148166
-0.025127511698282 -0.0165359150934898 0.0490442986947484 0.0869759599671241
-0.0255894055056099 -0.0282482643947183 0.0587030479849465 0.0737556689573359
-0.00630517181483156 -0.0439388492750573 0.0603723777545358 0.0769653733553602
0.0168886398714764 -0.0425489720866451 0.0480411949192226 0.089941563072087
0.0567032167851187 -0.0359112036922639 0.0169955953309358 0.119157865139376
0.0742705164586669 0.0155724903445165 -0.0346971619976976 0.142549935053999
0.0502228307142897 0.0826722805836724 -0.0657451903972316 0.136636488091553
0.0156224677027494 0.115944547509654 -0.0573764403981281 0.177614085486766
0.0172143997124014 0.138988986729446 -0.0792276238578702 0.0865420470775829
0.0575076865239672 0.0948377748105498 0.0339656873808838 -0.0194742727251207
0.093824260681031 0.0219294610408403 -0.0648566427446521 -0.107068412590064
0.0829884518163368 -0.0414613497920991 -0.155074918668007 -0.0416181918007845
0.0356501500509677 -0.0627240432701434 -0.135037755844504 0.0756675026439182
0.00147616924270415 -0.0693267668375512 -0.0461532188790874 0.123816432475166
-0.0367447183663125 -0.0585246526305703 0.0183165471046782 0.100042778198675
-0.047562600246301 -0.0469077175380867 0.0368206251842826 0.068958271868036
-0.0450637730264236 -0.0577389490100071 0.0499490878839643 0.0511939852478544
-0.00890652371455563 -0.080308157040604 0.0607294802871735 0.0508259650622962
0.0324324278754497 -0.0762037368690674 0.0635165201290958 0.0610866034407097
0.0996304626519646 -0.0600656659763402 0.0465333226564498 0.100657844829323
0.122637471396885 0.0284880387662534 -0.00252813124466633 0.138586049453607
0.0707215319651295 0.128051548134286 -0.03421151822344 0.123419330757718
0.00842393407813213 0.176761141640933 -0.0286551510032893 0.132556427445137
-0.0114841620992135 0.181525031678961 -0.0703637693553131 0.0231541443383084
0.0519665036819963 0.160100699338331 0.0397917315162517 -0.0515198512547675
0.136628816864927 0.0699084990168728 -0.0520189492119107 -0.13045594279478
0.144766222974647 -0.0417227763592425 -0.148278012293352 -0.0696660853616936
0.0698425441108294 -0.0932027172079362 -0.133380506170148 0.0440370840098874
0.0126248003696721 -0.102656462023873 -0.0566059002608657 0.0917346697219896
-0.0442630040311365 -0.0895984868092912 0.0030753440721061 0.0696926297772361
-0.0622424724086934 -0.0702127794219193 0.0199631788270019 0.0411229787408388
-0.0612390220362167 -0.0766188271553293 0.0354996151767864 0.0214499150969958
-0.0158936634978511 -0.102082938231819 0.0543680709896549 0.0159865836538516
0.0361360061855771 -0.100737131940312 0.0737066581278125 0.0237521375429235
0.121428554217318 -0.0837201114930418 0.0720451349195667 0.0721634372028946
0.153548227589674 0.0241015651595828 0.0288810098566926 0.124635863934004
0.0890804798751953 0.146989379690306 -0.0125570171340807 0.103728073242393
0.006562293512407 0.209442496798398 -0.00460725743320118 0.0736452042671529
-0.0382717705895706 0.192854658681444 -0.0420319045670436 -0.052103311128243
0.0285522242555914 0.198068851273055 0.0548973068332079 -0.0919949338728385
0.146769682753519 0.114395519256419 -0.0257134734530583 -0.150092195535064
0.182507261702582 -0.0234008467352479 -0.120580611352674 -0.0978024003891046
0.0962453695060881 -0.102988511863663 -0.115684007699455 0.00312955251706848
0.0241939316452114 -0.118164102907051 -0.0597788818531494 0.0461439787665708
-0.0436187121372678 -0.106523028744548 -0.012532631706717 0.0305714341946837
-0.0679871567702119 -0.0825994139319895 0.000694446406685553 0.00788864889809728
-0.0690420940902917 -0.0843783659795493 0.0165990009452821 -0.0117271800440863
-0.0224127296827377 -0.108692576718924 0.0414409319992875 -0.0205091065420703
0.0331209453655142 -0.109493931961386 0.0748108200051107 -0.0157157028179096
0.12407226715677 -0.092481066145468 0.0884143396908213 0.0393429931978658
0.159745214832073 0.0190281756320201 0.0512298414839103 0.104872544516395
0.0902633103505181 0.145851408564302 -0.00380966800963654 0.080559083719431
0.0020024506880063 0.210782387409415 0.0111509971673469 0.011611515284142
-0.0541860664384875 0.168235924678419 0.000700134830167959 -0.123967981182666
-0.00199546981697669 0.19256698891301 0.0768254877149024 -0.128837634584683
0.122042830713011 0.132894457683795 0.00976178432664533 -0.158390752798969
0.178209472884058 0.00211677139097737 -0.0785734142178595 -0.116528076616759
0.103789013136758 -0.0900010043531708 -0.0843708886395382 -0.0370691316935683
0.0319254711784806 -0.110867649915602 -0.0561761879943355 -0.00394453472116069
-0.0371454726348603 -0.104612076985906 -0.0255839747293814 -0.0114287736200892
-0.0633992312439389 -0.083490524960122 -0.0177733969392784 -0.026613008776647
-0.0653628930772907 -0.0823718942904594 -0.00300213505129198 -0.0435112833848568
-0.0225322851372684 -0.1027386604934 0.027274727031145 -0.0533147559209605
0.0307647917000168 -0.10279790466566 0.0716080792888476 -0.0489775578410332
0.117089978578792 -0.0821552004444197 0.0950215920112599 0.0128391085900067
0.142539614880993 0.0225462228850395 0.0621641109370663 0.0849069289223199
0.0713368703976111 0.134015165911755 -0.00283781633523695 0.0594414543738378
-0.011107845177021 0.184187543538099 0.0234730057743112 -0.0430822120874051
-0.0544497939021311 0.113549668394056 0.0443521523285212 -0.179819270182963
-0.0242205868332058 0.143718845851304 0.0952764312761899 -0.15537615951491
0.0762370917338629 0.113246451698422 0.0416496356944821 -0.154768850637324
0.136066660671363 0.0170813097603996 -0.0361928327674512 -0.123760761511957
0.0857193074283868 -0.0622331088733469 -0.0541343158861029 -0.068467795173037
0.0297770182484271 -0.0842275715707236 -0.0487630367331303 -0.0468264431011445
-0.0260525784582805 -0.0842420243681659 -0.0362492138517322 -0.0471171500966484
-0.0502983055855239 -0.0694593670955885 -0.0331587252085462 -0.0571176302414056
-0.0524982100597349 -0.070205296710344 -0.0189538831999373 -0.0724427417270416
-0.0176915918421162 -0.0851255843776433 0.0174238715806965 -0.0825639230806917
0.0296692304167102 -0.0841141277111097 0.071125545735682 -0.0744134869105672
0.100316672252491 -0.0578739273316131 0.100228799021031 -0.00425410909604504
0.109206785705901 0.0315610125024691 0.0676685547383074 0.069767698303526
0.0394303786585666 0.113334236084499 -0.00492489995966638 0.041840727198925
-0.0276101241685366 0.13499996791218 0.0352093503668908 -0.0858839192013821
-0.0419007990236568 0.0383577438387516 0.0763984902158869 -0.209545742560748
-0.0336316253407841 0.0686917270539984 0.102952337795102 -0.166891389957152
0.0274870936012423 0.0665533002780309 0.0611950423011099 -0.145691269231078
0.0732075154638947 0.0195006692146089 -0.00764486295274804 -0.124395446297355
0.0500614209102972 -0.0289976899647328 -0.0360915830486789 -0.0874439990029026
0.0200891252998615 -0.0444422065085863 -0.0456175863659677 -0.0743769821592739
-0.0127621185790645 -0.0501998369010397 -0.0452391073279132 -0.0717687796647661
-0.0300844347534062 -0.0456924620838192 -0.0429322385299051 -0.0780339933118331
-0.0317414541491819 -0.0485547565970096 -0.0293201060242086 -0.0942213524135678
-0.0105593283227873 -0.0583249089825441 0.0150724804668503 -0.104191047715904
0.0260154087278558 -0.0572628268877741 0.0777425903194602 -0.0902120480860969
0.0752607331890607 -0.028708224628847 0.107437330423746 -0.010821146052901
0.0656078716201804 0.0375599227212231 0.0716170477225622 0.0617912696821753
0.00443400305363713 0.0812287614070451 -0.00530362789531002 0.0312059938949448
-0.0409011870596862 0.0705258146391097 0.046719937779271 -0.111391706766641
0.0449919727409342 0.00175888078542868 -0.0416158715325633 0.153145100856129
0.0179781915415583 -0.0369380011218154 0.0467482431501971 3.82185892478664E-05
-0.0250019522249708 -0.0353346824157714 -0.0655173657296249 -0.0818789541215816
-0.0363080460959084 0.00345251058016279 -0.138977226649177 -0.0080070581272167
-0.013918777304217 0.0208403750992998 -0.116491274351752 0.101517802633955
-0.00107322888707685 0.0135226855638516 -0.0237010551124576 0.142508568901701
0.00262060338561871 0.0170973933321576 0.039490049902127 0.122104184472105
0.00118509271490017 0.0162533708892509 0.0574978664721581 0.0956536399604405
-0.00654541069208473 0.00893909461999053 0.0645067859966194 0.086166015788484
-0.0129388977730828 -0.000227214805815594 0.0622146028411888 0.0915928957008086
-0.0142100836371921 -0.00830191219791888 0.040438191643563 0.108698959713131
-0.0030358349287527 -0.0287529199396085 -0.00273028796562447 0.133865605908732
0.0256833742478523 -0.0225812743214375 -0.0594392048765245 0.147760932968176
0.046358485410614 0.0143907566602108 -0.102274530855321 0.148366475807144
0.0362383865287234 0.0366955129053073 -0.0829603081901495 0.212315186228609
0.0397338474873809 0.0771529015300769 -0.0684384470459161 0.13693305500083
0.04708806705143 0.025298334207899 0.0394809277447221 -0.0024770636063578
0.0368450680302155 -0.0164176828953883 -0.0701887197291187 -0.0919111819193101
0.0192688540487299 -0.0265801133980116 -0.153817194748929 -0.0190049024088704
0.00592304485784564 -0.0228972420599431 -0.130305038059959 0.0986526922527106
-0.00411881524865212 -0.0287106357164814 -0.0332848204499002 0.143871707941322
-0.0215621613718155 -0.0209869499658044 0.033086904610251 0.120359445895138
-0.0262102095996061 -0.0166425029773911 0.0526020603843286 0.09022887134489
-0.0273579439333843 -0.029207066895053 0.0624435342329305 0.076173114192362
-0.0073177654838044 -0.0462910614048861 0.0647649377005863 0.0794812990645664
0.0170367653389657 -0.0448934698585742 0.0513936815405423 0.0936393014923998
0.0590561810888873 -0.0391634614733735 0.0188628064701847 0.123813129701246
0.0789058032196889 0.0153728233006585 -0.0345428588830664 0.148756163815052
0.0544760899063466 0.0868890156176799 -0.0679358546070479 0.142949320968426
0.0182797986080447 0.120767619566679 -0.0585330291624526 0.187710628469677
0.0207492590248064 0.144145881172925 -0.0808792770353025 0.0932229807081882
0.0622204828970854 0.0982627897804363 0.0367815455045539 -0.0203063976154175
0.0985875898731336 0.0204346649398645 -0.0689228867856531 -0.11148439608644
0.0863179752372639 -0.0461153720661916 -0.162398728151655 -0.0410623944344421
0.0360098839671525 -0.0671322856715277 -0.140279011068944 0.0804122082134376
0.00020978061408959 -0.072891507186675 -0.0466672446274798 0.129594013286078
-0.0396780425454953 -0.060632562489214 0.0199410537083895 0.103704781163304
-0.0503586281930248 -0.047263275885103 0.0396383901193754 0.0716775261025324
-0.0482237409387098 -0.0595888113429845 0.0531770168017862 0.0529623095978191
-0.0105105903041734 -0.0836096300169522 0.0645413539078816 0.0516753217758369
0.0325952278267626 -0.0805973335442397 0.0672112270114326 0.0634463041617312
0.103321758062001 -0.0649563879256916 0.0499040976756604 0.104603156879481
0.129185659498455 0.0268505400784323 4.12824390452266E-05 0.144818821163816
0.0760025626397261 0.134153682667333 -0.034248023546141 0.129567593661388
0.0116542180341668 0.184904539367595 -0.0286572750561424 0.139933632093571
-0.0092413951430028 0.189141430802186 -0.0721625421413351 0.0263563992571054
0.0577224985444712 0.167199364640176 0.0428048836699287 -0.0540125022373992
0.143845996135061 0.0706656888641873 -0.0550392976107462 -0.135927471759087
0.151341363106736 -0.0473170050420697 -0.155639882459151 -0.070673981948352
0.0714120237626341 -0.0995825643459758 -0.13889994872661 0.0476227910603456
0.0102395482899804 -0.107951877048424 -0.0573032679825637 0.0963669190771196
-0.0484269147440923 -0.0927911440140401 0.00296604303525072 0.0729370586915934
-0.066473051287241 -0.071103912497611 0.0211047244719675 0.0432783026728131
-0.0645775123777804 -0.0783657317838331 0.0370731576328693 0.0218473080720099
-0.0190964483363109 -0.10682827695823 0.0571862045628668 0.0161117803610711
0.0357464748960076 -0.105670811791466 0.0769748943018476 0.0235134925807475
0.125303947006683 -0.0902924122850044 0.0774271240687947 0.0736335720641214
0.161601497100348 0.0215636896305017 0.0336555000327301 0.130516724620904
0.095814455697102 0.15323266907923 -0.0124669913343634 0.107816181705988
0.0109688153596397 0.218781136318252 -0.00489585603725307 0.0770580315074566
-0.0367335008630739 0.201367383167749 -0.0440229708514316 -0.0533460140690931
0.0335586523275852 0.207312156321453 0.0578086613253955 -0.0963983122872329
0.155367589187163 0.116404911541514 -0.0278507839766592 -0.156447394615153
0.189833842571581 -0.0292668209053726 -0.127501785494289 -0.100271590124617
0.0996464419647598 -0.110711444248423 -0.120952892034145 0.00462985430087766
0.0230996091400427 -0.124439296492231 -0.0622971697338432 0.0485846706897715
-0.0472299064694103 -0.110376436854179 -0.0136133247817907 0.0321711345293181
-0.0733120072788534 -0.0840883704669309 1.70830510129981E-05 0.0083929325289545
-0.0732540040363459 -0.0860555117038711 0.0163187813739294 -0.0131272392811188
-0.0246561929269086 -0.113463667085531 0.0425092063072314 -0.0218508818143556
0.0321989896604143 -0.115080399693015 0.077632131110247 -0.0169749711622561
0.128986722557476 -0.0998817824361588 0.0932646116207016 0.0390155695906386
0.167392152084774 0.0158476498073072 0.0565111663146016 0.10992483699363
0.0966709660677054 0.151735002787332 -0.00301267559587535 0.0844936607462082
0.0057675253083309 0.218831483203047 0.010801115164696 0.0125435129326348
-0.053894200249587 0.176029579154601 -0.000559141769977883 -0.129496970757097
0.0011487296076511 0.201477992738576 0.0794568814641215 -0.136126790311122
0.128785199618087 0.135863224458128 0.0087660663585966 -0.165215667433606
0.186332617828283 -0.00261683167934725 -0.0833440023599386 -0.120624845377683
0.107080096558635 -0.097061007096417 -0.0894779056626374 -0.0384197391386267
0.0311597354511138 -0.117230878682895 -0.0583686409909449 -0.00421011268745049
-0.0401352435315613 -0.108314000567603 -0.028284793165239 -0.0111748986308431
-0.0681931965842904 -0.0844219832983266 -0.0198879664882784 -0.0275831405632258
-0.0699046165152677 -0.0842593118545381 -0.00417559394111833 -0.046050468874005
-0.0253926650448526 -0.106559478398212 0.0274455511091112 -0.0564418682942911
0.0307219415400339 -0.107594509691432 0.0748347816425526 -0.0528051633511827
0.120566173886345 -0.087843681476988 0.100308728654993 0.0110194258515653
0.148479614992648 0.0212142953068299 0.0674924235906114 0.0887651005657803
0.0764064088953109 0.13930867102493 -0.00245277652955711 0.0623925794462569
-0.00803356868807892 0.19147341084981 0.0227186989913423 -0.0454918220082631
-0.0549445698155435 0.11914310292553 0.0447230685485159 -0.189167419952484
-0.0231775202020179 0.151360221365316 0.0991785035675482 -0.16372008578082
0.0808468989434672 0.116047281596158 0.042083736701544 -0.161767610857982
0.142587181373176 0.0139151345066104 -0.039133900608215 -0.128366561989883
0.0889348080179165 -0.0675672756526432 -0.0574731749012596 -0.0709062325085037
0.0294051924571821 -0.0889418302280247 -0.0520438498395536 -0.0492238481982536
-0.0289701699085872 -0.0874125616965211 -0.0402209198743848 -0.0493806838558194
-0.0542201179189302 -0.0711847306738073 -0.0366064438087193 -0.0590775417933191
-0.0558401063933948 -0.0719152578531345 -0.0214799942975601 -0.0757241188260083
-0.0205647446991458 -0.0886176374525953 0.0169872466108336 -0.0862892358002609
0.0292687704779765 -0.0887992515715152 0.0736749481888074 -0.0779643534030109
0.104505998529241 -0.0625150618927273 0.104925901294465 -0.00679687250720191
0.113827696701139 0.0309507996998715 0.0730428385604504 0.0723235803094062
0.0421536244391681 0.117990162360279 -0.00408956001693576 0.0442735142358717
-0.0263053874805142 0.140829109769639 0.0338690678273478 -0.0904365872012445
-0.042390973258895 0.0404431054619376 0.078661101877606 -0.220944244947758
-0.03380266914994 0.0719319372558961 0.10591252132223 -0.175738570075198
0.0291674579410574 0.0684849169147736 0.0635555276658544 -0.153265995594572
0.0763684426454971 0.0175524530841901 -0.00925379759276248 -0.129490732512399
0.0522101291541198 -0.0314745760880445 -0.0385547145594223 -0.0915549862334916
0.0201242487004045 -0.0474449815684922 -0.0503204586383806 -0.0778219595297799
-0.0141046247142847 -0.0520176885929712 -0.0494410378454373 -0.0741421129989901
-0.0324609052009591 -0.0464990488512459 -0.0480609002293895 -0.0814788505863469
-0.034332128894963 -0.0498255565794613 -0.0324334723773356 -0.0978968730804351
-0.0125781711130292 -0.0605205248899028 0.0147477650738188 -0.109579800431861
0.0258822746576639 -0.0603337665548356 0.080066099947578 -0.095320913250575
0.0771517085609441 -0.0313462590597916 0.113194853815052 -0.0127191268655049
0.0682520389591981 0.0382829524030308 0.0764493869782908 0.0647153799206906
0.0056526079384597 0.0846260968962929 -0.0052186762979983 0.0324742351905677
-0.0414017981978717 0.0730924195952741 0.045919873665696 -0.117664462104975
0.0461461881652638 0.0118194521855918 -0.064723602627914 0.148540695540659
0.0243678925863569 -0.0341909883103459 0.04920323172373 0.00623992266574595
-0.019646278289095 -0.0391764023542076 -0.0540991471350167 -0.0965672065478748
-0.0369959704198883 -8.03362258905036E-05 -0.143667020623083 -0.0321248264528715
-0.0161482074768936 0.0207750052037692 -0.136386352113629 0.0870889087352809
-0.00294895560147933 0.0148304438515915 -0.0478767967404751 0.142448833038861
-3.79513238664446E-05 0.0177236335654402 0.0203889217293213 0.132179233228123
-0.000647301247872743 0.0170302301057508 0.0440782564934601 0.107880568972898
-0.00853826144560838 0.00791923417352575 0.053365490151392 0.0994266946359426
-0.012383717628079 -0.00219119133168672 0.0503897824121613 0.103869919398714
-0.0124181320005468 -0.0104619251480616 0.0250547160593264 0.11826176234549
0.000814685856655086 -0.0287343781632862 -0.0248381971436126 0.138079793033132
0.0298828791459307 -0.0165514257025796 -0.0861960095570544 0.141205369684779
0.0433114942875565 0.0253771580619572 -0.132007728516491 0.131427616451339
0.030450601750474 0.0480438408789019 -0.125370246701988 0.200649092531668
0.0268222379665729 0.0865847126885177 -0.0898448941369403 0.131431176942269
0.0435190680224569 0.0326446267649932 0.0433386776661986 0.00498323123240812
0.0386142470366568 -0.00929332098047337 -0.0533965986432518 -0.106333989125937
0.0223428270445157 -0.0211582217073387 -0.153071711091719 -0.0464115775603218
0.0109181300142453 -0.0197458595258051 -0.149543927234946 0.0784132413901515
0.00143525864302964 -0.0291458395981594 -0.0573970006236452 0.140824264121782
-0.0182935318816287 -0.024184118408021 0.0147900233674413 0.128033530946718
-0.0223604029572191 -0.0213838897553265 0.0394240768889416 0.101793230243959
-0.0224317541371606 -0.0343170592052585 0.0534965592479478 0.0885536672012762
0.000977284454866324 -0.0488126777198419 0.0552957861175882 0.0919036452491458
0.0272850496250089 -0.0413637494345397 0.0367962164507512 0.105642551905406
0.0662607228546309 -0.0284284407410606 -0.00367646859214136 0.132822175675914
0.076154078953418 0.0331646521494084 -0.0612720804557563 0.145055871162106
0.0381614597461166 0.101923555662913 -0.0960903435870947 0.128353286606821
-0.00507755661740352 0.132372619090467 -0.0932620757826492 0.175593821445938
-0.00548864174723577 0.149978058861351 -0.0961991850994304 0.087370332415162
0.0451738944274197 0.108301738743617 0.0440326913380373 -0.011357364921325
0.0929915633701395 0.0381122219002228 -0.0447151448519049 -0.122944863735789
0.0917594090633303 -0.0305660718967661 -0.153764345789423 -0.0696387763127704
0.0483396236097266 -0.0585511115582351 -0.155961725625628 0.055363666475772
0.0131283420408462 -0.0731012594338077 -0.0682046088395451 0.123102398264648
-0.0291848944924608 -0.0673674571870293 0.00383108991119777 0.107895322171362
-0.0406893029303489 -0.0566534104897411 0.0285351457327707 0.0802287323657409
-0.0385394435005896 -0.0688210304182558 0.0477088365697334 0.0637893936944939
0.00440793985492578 -0.0873711245713544 0.0599135421391917 0.0644710664232559
0.0506514346124041 -0.0751255871804506 0.05686186549783 0.078296242026693
0.117273991259327 -0.0474498156780218 0.0290200163215577 0.119716017112331
0.125979287988585 0.0555015315964636 -0.026748034646827 0.146125804294916
0.0513381812135839 0.154739804907546 -0.0608647210739636 0.118496299459055
-0.0247817342546737 0.198000530158782 -0.0523401381591364 0.129348575290318
-0.0439904998969339 0.188766494555364 -0.0784032129133383 0.0224098301729209
0.0283297102143242 0.1757378926212 0.0551247934890118 -0.0421167340031859
0.128927721148533 0.0945845754321951 -0.0241294635174353 -0.142730134113448
0.155776040037425 -0.0215727451983523 -0.137947864374513 -0.0974339393685602
0.0894945948303444 -0.0856540966164187 -0.148150236127222 0.02016231839474
0.0295195374890121 -0.107190762492666 -0.0741667379806572 0.0866688551501278
-0.0332160359896378 -0.101293100734568 -0.00831385373766849 0.0720722758108845
-0.053000640915604 -0.0842774543607104 0.0138846880196732 0.0477502665824694
-0.0517706828585031 -0.091142600699173 0.0359184368977936 0.0285823881734074
0.000407116499297489 -0.112372413401443 0.0579065116061109 0.0270184212949141
0.0586170643727522 -0.101197711502979 0.0733254632180043 0.0402407662278733
0.144509368677605 -0.0706039855709051 0.0621820132566165 0.0953370688630461
0.159726534807859 0.0564822774639674 0.0100206333775993 0.137504263051891
0.0678147984976007 0.177514447160911 -0.0342574842030434 0.100345910099328
-0.0320736409088552 0.232722465713319 -0.0159219683420005 0.0672593493299201
-0.0753189244244619 0.194218917646524 -0.0372415400434026 -0.0524815646981221
-0.00361851128274291 0.211890402310713 0.0771780549226536 -0.0816402630819634
0.131621406977392 0.142314827994233 0.00815424612690889 -0.155739495884645
0.191174034892571 0.00207505439744778 -0.101410309190541 -0.12082230908879
0.119025983442174 -0.091968945100768 -0.119880071261991 -0.0216389320143105
0.0458506401148284 -0.122339785444187 -0.0708039155905745 0.0359377733102121
-0.0295390872923505 -0.118932089911562 -0.0188279488026709 0.0271836681988736
-0.0570803625122384 -0.0985216878299201 -0.00198780371405114 0.00833149462351993
-0.0585339442326145 -0.100340607691797 0.0199876955185788 -0.00989741466015318
-0.00502595966437657 -0.12022060614209 0.0500510963018238 -0.0141112548970714
0.0573222155025925 -0.111504650149193 0.0806038780486958 -0.00175019379321426
0.150838847240836 -0.0791843472652984 0.0836998268650818 0.0624617320807334
0.16711300239923 0.0523479467744123 0.0366304005452104 0.120244401089138
0.0690656812358709 0.175707705536692 -0.021727106127765 0.0775449147802214
-0.0378625898357297 0.231841958492758 0.0124818888691881 0.0033700717438598
-0.0880724769606237 0.164015130325698 0.0191437098245178 -0.124772329621236
-0.0353664642306046 0.200117503037769 0.104233112577028 -0.118470331747472
0.101904139269141 0.156639985129601 0.0441204203415912 -0.157438748224365
0.183479095240159 0.0270336228949547 -0.0540412803605457 -0.132900582839419
0.123504444158294 -0.0771608503068598 -0.0804062273273464 -0.0601268345645906
0.051694270099611 -0.114044650068113 -0.0581804779575994 -0.0166285557008318
-0.0228739971870608 -0.115891181188859 -0.0266431613558646 -0.0198177042567845
-0.0528054361858402 -0.0981884173674782 -0.017381297372175 -0.0320991154255142
-0.0543041686842001 -0.0974377284375156 0.00436915610933232 -0.0480873005978269
-0.0072937061482396 -0.113780185260648 0.0396804380218949 -0.0518891777892778
0.0538993778909722 -0.104920941464062 0.0827897595448364 -0.0377515249384619
0.140822578558021 -0.0697276199524201 0.0954508765503645 0.034748467412552
0.147341543507465 0.0533546158576713 0.0535298828866663 0.100185698935754
0.0512742047462158 0.159029629831433 -0.0160011789374003 0.0559910359732028
-0.0461344487098068 0.199065498275851 0.0349451778647061 -0.0523655863285542
-0.0792786429884206 0.104837420740789 0.0748001348187911 -0.179439675542174
-0.0510455154896404 0.14453323515287 0.127592178715588 -0.145794283848782
0.0574581280947374 0.129034341384258 0.0759994619801529 -0.149550397228304
0.136859168101669 0.0358660534181817 -0.00924492094033722 -0.133666373028961
0.099360248018261 -0.051966332812057 -0.0427561847731085 -0.0867167511729053
0.0447711183695733 -0.0856857568417382 -0.0447395092274197 -0.0618745351204171
-0.0145768684252694 -0.0929655489370184 -0.0328417253185454 -0.0599147831004951
-0.042192919339 -0.0823329502511449 -0.0296312948566278 -0.0670422668976846
-0.0439140259430136 -0.0825756472680953 -0.00910655270701256 -0.0808453773749761
-0.0049660797547099 -0.0939752554011072 0.0333103932858609 -0.0848576733619729
0.0487024782321007 -0.0847470086382534 0.086963077646056 -0.0653715378254073
0.119712482725113 -0.0456208089905249 0.103704941057617 0.0162840180608819
0.109438750756894 0.0561807630723422 0.0617300753249531 0.0847790896990598
0.0201202213401724 0.130109911862089 -0.0132903048006838 0.0391255836320082
-0.0549536046351311 0.140697610334527 0.0537306394560192 -0.0939078145938327
-0.0525402487045085 0.0276333547097887 0.114633027749177 -0.209480687093926
-0.0485182397409551 0.0629882222541913 0.136698379368767 -0.160001262884036
0.0147887736208406 0.0713842347239015 0.0919010044528967 -0.140122049587136
0.0700603582460816 0.0286765812922033 0.0175108155398705 -0.131031044112473
0.0553773934936833 -0.0226629177475128 -0.0211252288710745 -0.10255545980149
0.0279647139965099 -0.0447605221352744 -0.037914913360107 -0.0896997714626731
-0.00582937119995599 -0.0549907293532846 -0.0390890228231234 -0.0864796120864216
-0.0245296981411761 -0.0532161891124644 -0.0368013635358256 -0.0921850960848112
-0.0255835931203207 -0.0560212728791404 -0.0172559697731965 -0.106528560749015
-0.00211084084343707 -0.0637253392110529 0.0343709797603551 -0.109171456542728
0.0394023507416617 -0.0571612971329161 0.0961257836544385 -0.0822826887496531
0.0864100890300188 -0.0184074612720044 0.113917590448068 0.00932733255230094
0.0612713607085259 0.0548012455241589 0.0671762048851033 0.0769382056030328
-0.0106673339855109 0.0873823809976151 -0.0110800217815071 0.0292681858855459
-0.057468378982282 0.0669718642780997 0.0706526851768368 -0.115583301628571
0.0457406859169666 0.00745997641455802 -0.0518179785852897 0.15269325380216
0.021718039551381 -0.036053570059449 0.0503703259225017 0.00143491160557899
-0.0223225001955316 -0.0368313150922781 -0.0599954520716188 -0.0921353896214657
-0.0366657830188844 0.00217791423748196 -0.143596347247805 -0.0210845095430035
-0.0146796604944814 0.0214228714076969 -0.1282670053319 0.0960648656693173
-0.00191142560008406 0.0148808983847782 -0.0363979664308868 0.143624170945684
0.00104046680702794 0.0172516548803923 0.0309553346269208 0.12781935945779
0.000642311488099036 0.0165124184318801 0.0527075913946934 0.103824329365247
-0.00784724286226397 0.00819935812496616 0.0611257163004569 0.0942683352866548
-0.0125279773296318 -0.00174536755994379 0.0575187852479186 0.098952948434682
-0.0125657378470362 -0.0090336889464284 0.0339368686751805 0.115575097419747
-0.00124825309767968 -0.0285150404738738 -0.0146488984789914 0.138568288180034
0.0290658619768067 -0.0180482925955089 -0.0762022441913794 0.144254039725737
0.0454146984771261 0.0217666055180616 -0.12253373644813 0.139087758073372
0.0333725396634167 0.0441069454316722 -0.110005349402675 0.20856720955629
0.0329492879476695 0.0829679327347504 -0.0775447894346442 0.137425528608734
0.0455255812038955 0.0290286711785451 0.0445281126053343 0.00165927377686093
0.0371566639752834 -0.0124468517176751 -0.0598938125631717 -0.101039712184027
0.0202729851463613 -0.023386109363781 -0.153989937297577 -0.0338529976981487
0.00937494614385985 -0.0206967404144412 -0.142334198164574 0.0890957758378759
-0.00142372921699756 -0.0290032675583146 -0.0463356277335205 0.142753805591792
-0.0198402631725111 -0.0229465097796644 0.0238351226210168 0.12485558860247
-0.0234311588886863 -0.0190546326905733 0.0467622273849191 0.0976322742927518
-0.0252401108039086 -0.0327041013897715 0.0597528051697828 0.0841232441108814
-0.00263282540665589 -0.0484073976552279 0.061613963977053 0.0870131780223903
0.0241807788710766 -0.0433352645662681 0.0443131558709116 0.102546758117959
0.0635429355810778 -0.0340161953277676 0.00511551044210614 0.131865884354455
0.0783149104045811 0.0270789794486457 -0.0506329341298569 0.147166180045381
0.0459190119028079 0.0980601794940555 -0.0875040526462284 0.13364118801297
0.00432733250970706 0.13075485705399 -0.0792936699835076 0.181823490031852
0.00550835949055136 0.148111601762854 -0.0872383217083385 0.0946448134845683
0.0536262076610925 0.104550835334364 0.044389338867022 -0.0139372538185931
0.0946562976005992 0.0301015766444926 -0.0522687291604994 -0.11857795148798
0.0880167729349395 -0.0386300144905477 -0.157069564365729 -0.0580024739858006
0.0434300572254991 -0.0624363429331234 -0.150731991306253 0.0667503983801774
0.00661947476563718 -0.0737183306083625 -0.0585571576006658 0.126145209938119
-0.0345256023347871 -0.0640350481293329 0.0113512607408398 0.106047737517304
-0.0443799294545447 -0.0525554241564406 0.0341346348605311 0.0777165297865565
-0.043307662747319 -0.0651670357649746 0.0516292519183653 0.0595579915874426
-0.00230977139017848 -0.0870189908339212 0.064092824462862 0.0596449302094128
0.04414229763826 -0.078741248183562 0.0620104839046785 0.0737510698753074
0.111568523887502 -0.0564907928640613 0.0375725541371975 0.116309941386186
0.128681502202443 0.0448669027942327 -0.0150508109992608 0.146270563597374
0.0626502792301387 0.150002421953198 -0.0519826865433537 0.120965777091466
-0.00954179135807175 0.197109806835356 -0.0429973291677625 0.131604716748839
-0.0298007483437726 0.189767465458247 -0.0747243816404096 0.0292087413638315
0.0421017467536323 0.172413202139003 0.052818096936427 -0.0454952974007291
0.134526449876835 0.0840112162978866 -0.0330722285174014 -0.138549430137015
0.152317667710133 -0.0347051287575298 -0.142767384587675 -0.0865771951996685
0.0813800962009964 -0.0926069445015916 -0.145230932763662 0.0306452221690458
0.0203993465362396 -0.109058264094537 -0.067618591024597 0.0901714732989615
-0.0406390946575492 -0.0971838137462993 -0.00388895650179192 0.0723467417307182
-0.0591847713110302 -0.0781393135773926 0.016816252703296 0.0468199026510655
-0.0578438551130646 -0.0855023653860057 0.0367393818215021 0.0258707050603554
-0.00836211300375113 -0.111490687702704 0.0594570746646576 0.0222514519676494
0.0503958091330464 -0.104491377713063 0.0749043185224153 0.0350583147380069
0.137244475016019 -0.081912049479312 0.0676005565424283 0.0891372439451253
0.162302383420624 0.0424728403383293 0.0204511523476367 0.135651098052905
0.0811642860789169 0.171118713021746 -0.0279328129121669 0.10084016017014
-0.0145171191136189 0.23158165052138 -0.0118453934871947 0.0680415561137375
-0.0601396014729082 0.196957884427688 -0.0398697232470066 -0.0495561202432434
0.0130321137958943 0.210232621056846 0.0709283159302131 -0.085553033104305
0.140432229192436 0.130091627328396 -0.00215297979116131 -0.154320158356805
0.189019879834251 -0.0144013200240086 -0.107947488209149 -0.112524882652065
0.110056367798634 -0.101193347161748 -0.12155157596705 -0.0132627356554565
0.0345390594073966 -0.125217581735566 -0.0677989398834971 0.040173081948536
-0.0388030622021858 -0.1151029059374 -0.0178856519904319 0.0282632017762836
-0.0645118201561034 -0.0921400654634213 -0.00208401224769597 0.00926277655086722
-0.0653673228972127 -0.0939226965252438 0.0182139631952394 -0.0110913272252274
-0.014737027496098 -0.118991073004289 0.0482169178571393 -0.0180709718661093
0.0480166019986773 -0.114513482484003 0.0794245933029783 -0.00708861583577618
0.142435763130212 -0.0917940934407873 0.0873929952246764 0.055709624836197
0.168242886724677 0.0377721328351013 0.0466740117980643 0.116199773532114
0.0816649984925482 0.169600804043464 -0.0156916614881827 0.0780284612214428
-0.0190748020710374 0.23066654465827 0.0108952430966326 0.00245260004760544
-0.0751254534455984 0.167973008308063 0.0103515740124821 -0.124972919710814
-0.0197528099429513 0.200812291538403 0.0953352185920725 -0.124251755419757
0.112584113448467 0.14670874783825 0.0341427635027967 -0.158571764210704
0.182951748705789 0.0104478226165686 -0.0607899807679117 -0.126899963580628
0.115968267821209 -0.0873844938928972 -0.0839976112231684 -0.0539958894114273
0.0417150589276384 -0.117094472019866 -0.0596131503134183 -0.013182215450042
-0.031369172227285 -0.11284488724249 -0.0292600127512972 -0.0176529561118124
-0.0604602020089681 -0.0919666158841901 -0.020454206378509 -0.0294341630203409
-0.0618607528484183 -0.0923928230640265 -0.000413817881853337 -0.0469149126296944
-0.0157088255265835 -0.11191636012392 0.0356984767833723 -0.0547592797994974
0.0452006013821414 -0.10736894607616 0.0786805892058519 -0.0434905096775899
0.133454713695818 -0.0801170619578236 0.0971941389584578 0.0265778774126949
0.148704181293471 0.0410955165909258 0.0615635101127147 0.095196206395386
0.0616810876723769 0.153716130155091 -0.0115603249228916 0.057210354752462
-0.0304676342172136 0.198701121161229 0.0288202293800636 -0.0546983116220379
-0.070006670359226 0.109057296571718 0.0610255631593905 -0.183960754865796
-0.03966032303633 0.146721739030814 0.116313047043737 -0.152604328421567
0.0663885724253832 0.122355378532625 0.0652174083120331 -0.152952505330179
0.137696068972793 0.0230943421564119 -0.0174851966428196 -0.131299023313368
0.093947855950287 -0.059390947674552 -0.048097094527113 -0.0836929027231097
0.0375144562812799 -0.089010248204217 -0.049514355211514 -0.0588038815306273
-0.0216425928368594 -0.0904982893691905 -0.0386137857972333 -0.0569623624823025
-0.0480355962554296 -0.0770103167108927 -0.0351098327847991 -0.0631311356145697
-0.0499132748305754 -0.0777998739780488 -0.0156972135783457 -0.0794309275815573
-0.0118338898758467 -0.0928605244723629 0.0269236373169896 -0.0868284279707757
0.0416980788547688 -0.0882350703292625 0.0799613017281981 -0.0705396344157955
0.114683700571776 -0.0557238476678943 0.10382684702509 0.00786595782890465
0.111812886518079 0.0474957833081969 0.0684603645541616 0.0791064105624107
0.0295451366456273 0.127176964376912 -0.0104928823944047 0.0393249677049786
-0.0431898832730348 0.142001286610809 0.0447457085140027 -0.0966455493708187
-0.0495712119619756 0.0305139318421147 0.0977373063144322 -0.216936804933027
-0.0431968398704029 0.0654061912604726 0.123957494118966 -0.167585266126656
0.019759213992435 0.0687135739675973 0.0827774469400678 -0.1452106107082
0.0710761717817161 0.0216990745239059 0.00876812723726058 -0.130928744791597
0.0535435928473024 -0.0268945819537404 -0.0276646501754577 -0.100322888188498
0.0243152763390702 -0.0466716575503717 -0.0450842150322096 -0.0870209679421297
-0.00985277399880626 -0.0534653142598345 -0.0464682535546493 -0.0831389919427615
-0.0286549943516987 -0.0497433637890212 -0.0452197948225754 -0.0871355126392859
-0.0300404629015037 -0.0533261315461136 -0.0257190314225447 -0.103463881114482
-0.00643795071888943 -0.0632200684528542 0.0254312848303918 -0.111154427666318
0.0346328653790759 -0.059725331083516 0.0888774156929018 -0.0891303367707636
0.0836439786410098 -0.0256528883327607 0.114315987241103 0.000805076581324857
0.0637936403585448 0.0494916129491773 0.0733983298138844 0.0714241414888341
-0.00449326151211655 0.0871649333244221 -0.00894771411986023 0.0299009549206888
-0.0512987933672697 0.0683746879354909 0.05888619130273 -0.119879404719642
0.0436804966982036 0.00420403762219642 -0.0396300787223475 0.148836453980419
0.0190572365149821 -0.0355433954490326 0.0494611443518439 -0.0014184743191398
-0.0228873557383827 -0.0337352737964509 -0.0615219997430528 -0.0857102264428049
-0.0348905205985905 0.00366862095988665 -0.137705797148732 -0.0137924512790582
-0.0128993604089913 0.0211206545730131 -0.117795727883518 0.0975514406157843
-0.00151731733974182 0.0142844886032326 -0.0279548601695264 0.138345770440698
0.00175308049138061 0.0161336262303211 0.0357057770193455 0.119579388175476
0.00185486394520254 0.0153793771907367 0.055928859195609 0.0962229754410135
-0.00713033959911236 0.00790339683022155 0.0634758996342383 0.0869616219230542
-0.0118702882444081 -0.000998514211316113 0.0594983196504479 0.0917103903194081
-0.0122612888588906 -0.00846148725898859 0.0379263019146245 0.10902537769331
-0.00236090870562104 -0.0269237515229779 -0.00777617157151498 0.133215403525549
0.0273303490873825 -0.0181438493830784 -0.066439170573703 0.140346461004737
0.0456900682381239 0.0187712849908503 -0.111979665297789 0.137916447630188
0.0333549165625941 0.0401689833830872 -0.0947751485167049 0.205413612384419
0.0348936743919918 0.0767942471422948 -0.0650374879764931 0.136145450105199
0.0447559940256786 0.0260322765055527 0.0438752223665653 -0.00108511851961725
0.0348706272325933 -0.0141309726675248 -0.0610205239645303 -0.0942409657708966
0.0173361122189252 -0.0242122259297568 -0.148094821783793 -0.0255878863336695
0.00747913878129195 -0.0205130454942108 -0.131308699100875 0.0918217690420292
-0.00345009658960888 -0.0274061848961352 -0.0372300406331715 0.138568042786456
-0.0205635417946245 -0.0210679328910851 0.0293639680313171 0.117432161559615
-0.0232256926897226 -0.016886187316567 0.0498903322497927 0.091120854446523
-0.0255428325907804 -0.0296767803545053 0.0618523676953358 0.0773812674263111
-0.00496150035137107 -0.0466688119200501 0.0631539598737631 0.0802218846090836
0.0208703455290929 -0.0422946363312828 0.0475621565413934 0.0959800676012354
0.0586243541057293 -0.0361076261868343 0.0109575826872412 0.125734623285619
0.0764645956037143 0.0210083275631386 -0.0412081596819548 0.141967273086587
0.0493304296205069 0.0921689716773537 -0.0781179967407669 0.131167937082327
0.010969327729544 0.123548157546888 -0.0669552397028565 0.178552884423952
0.0124562034792346 0.140104855231775 -0.0772698443205145 0.095574263681848
0.057314017134555 0.0973417236360842 0.0431486934259783 -0.0155987436991684
0.0920380369905412 0.0234359774576723 -0.0542772111031291 -0.110957340095471
0.0813896261968443 -0.0427550763824303 -0.15206202162122 -0.0472876894792096
0.0375321005580567 -0.0626010375673245 -0.14060050990226 0.0712435972830373
0.00142217936581401 -0.0703992226364988 -0.049617346549544 0.122977719703885
-0.0365176805034181 -0.0591420137001728 0.0162467274040955 0.100702586261352
-0.0449863193675076 -0.0467703603649613 0.037228179723624 0.0729860287878743
-0.0446975553549498 -0.0593109488664568 0.0526226598719732 0.0548723327028743
-0.00726385157625232 -0.0831156537423617 0.0639136365176027 0.0530223470378507
0.0383304556663507 -0.0769916180724193 0.0626276915667986 0.068074246533193
0.102904615952728 -0.0605015336663347 0.0413221996034631 0.108999450638244
0.125315331729899 0.0355567963706174 -0.0070381395168341 0.139718095235777
0.0682990338327076 0.140500810175484 -0.0450232779989143 0.117348479321917
0.00137633942062008 0.187550190232302 -0.03528032947729 0.12896134656902
-0.0192024956916691 0.182318011171164 -0.0686745785569462 0.0317405380961948
0.0495055196931488 0.162644199654017 0.0498259226387952 -0.0448285136076147
0.132385308935782 0.0721430929635814 -0.0367738577822796 -0.130703978023854
0.142907845601789 -0.0437454986699136 -0.139656233208118 -0.0754528463156533
0.0725535556694465 -0.0936958004368676 -0.137222848452945 0.0358380132313324
0.012920879053394 -0.104771610212584 -0.0599950836466221 0.0887751198942573
-0.0443110994940935 -0.0906280766674737 -0.000456933529210188 0.0692533347013273
-0.0604280373889323 -0.070354613202877 0.0188341568572992 0.0443077293991086
-0.0603672863626297 -0.077826871299804 0.0364809412680824 0.0238663262927438
-0.0142380812932427 -0.105747708989564 0.0580069878632781 0.0178900487167373
0.0421306608317798 -0.102560294536414 0.0732868586979271 0.0294038275498436
0.125877955272419 -0.0861255301840403 0.0693518640935692 0.0811320627792545
0.156266477413905 0.0318684325594146 0.0273913964242726 0.12778456784906
0.085954777220952 0.160258022057622 -0.0224020339254311 0.0972037154050956
-0.00124623123072182 0.220066488172002 -0.00909013681282731 0.0662449957691147
-0.0480343396564818 0.190754784238305 -0.0397112378169124 -0.0448977904442678
0.0242821530720245 0.200455479375484 0.0651401097871796 -0.0837338428113795
0.140830955446194 0.116319986687885 -0.00782849891541311 -0.146469606827398
0.179443073731997 -0.0255545559781406 -0.107534908506629 -0.101841207051666
0.0988821473683648 -0.103683629161286 -0.116927533646251 -0.00710971965844894
0.0252313003535977 -0.121725804013114 -0.0629644053184709 0.041448433236619
-0.0434272157061229 -0.107979466503143 -0.0162295717589415 0.0284905855671001
-0.0665706990238399 -0.0828544894007178 -0.00214293166711629 0.00986228934447043
-0.0673728185450663 -0.0861837602163001 0.0166325856477284 -0.0105449468999273
-0.0206936849362862 -0.112472653952437 0.0459125821664595 -0.0197929385015864
0.0400595881220751 -0.111635724374862 0.0750512890749952 -0.0102389856100074
0.130496680392957 -0.0961029649610236 0.0861144192831603 0.0478021157966939
0.162015400237677 0.0266767593745633 0.0512093780262916 0.107925897151471
0.0867265145038262 0.157867839817183 -0.0119832592970829 0.0748092501841963
-0.00643809639726839 0.219758610457654 0.00930912800467092 0.00190274998997741
-0.0642150056582169 0.164044439779387 0.00423557847243686 -0.120021150549758
-0.00771964324602507 0.192863851851678 0.0860111163991031 -0.12262909612942
0.114493205077815 0.133219718559563 0.0261370756483547 -0.152618466082729
0.174270115348588 -0.000745542079304051 -0.0638874646502574 -0.118844736083557
0.105575314609084 -0.0903317374935949 -0.0828003435651188 -0.0481372348700462
0.032598755808027 -0.114411012692685 -0.0582927798166749 -0.0100308379394034
-0.0359348177345875 -0.106085554873746 -0.0299136388656208 -0.0150418871773253
-0.0629668812674693 -0.0834083344017647 -0.0213503678241139 -0.0261842960144129
-0.0643785680880883 -0.083682820127594 -0.00364128254517897 -0.0437894515723096
-0.0209495733819641 -0.105486516152957 0.0312371253789867 -0.0544884375615358
0.0374917697542272 -0.105200358951935 0.0723053784004773 -0.0452779479420873
0.122947831477924 -0.0852486490980611 0.0940731779220837 0.0202547427791997
0.14324444596952 0.031163102350442 0.0648378376282921 0.087556055963304
0.0667803049737063 0.14382430624848 -0.00870089957155738 0.0543393196510382
-0.0184141906520905 0.189935318473885 0.0231532302851947 -0.0535548625953198
-0.06171079627909 0.107054325788906 0.0493819265957962 -0.178870375664534
-0.0301637545864151 0.14171094793488 0.104164410521123 -0.150529620091177
0.0691485540500037 0.112715102715799 0.0560933573903313 -0.148307862399624
0.131780786621231 0.0136763377608793 -0.0220389858238454 -0.124682928859017
0.0861335181365058 -0.0623148695242811 -0.0502736339713483 -0.0783565862492292
0.0307981816496347 -0.0871860488742082 -0.0509568144721975 -0.0539153438051546
-0.0257814538357298 -0.085083004303392 -0.0406971786030001 -0.0527603691344517
-0.0497910232521812 -0.069258855782747 -0.0375655425456787 -0.0580738599460275
-0.0519616997331305 -0.0711818535516093 -0.0197130035774762 -0.0740700593411757
-0.0163793978918898 -0.0874673791899464 0.0212155276109568 -0.0844320779792
0.0353109642575549 -0.0857079034617271 0.0730018552868356 -0.0710980185236071
0.105910896785906 -0.0595723264279094 0.0996656061789223 0.00219998782201853
0.107929661962635 0.0394855496232986 0.070578594584558 0.0718677365564153
0.0346945827087195 0.119542073336784 -0.00834778543539194 0.0377239723816092
-0.0334441925159827 0.136184484624033 0.0359382506581983 -0.0954458321736377
-0.0459725501671546 0.0310829966100688 0.082443743670566 -0.212521449778193
-0.0375640753468501 0.0637516941354409 0.109926003850541 -0.165755878494055
0.0216249351512662 0.0639945665307635 0.0733136717899282 -0.141778813509115
0.0680956165250477 0.0159839896132505 0.00300365362924591 -0.125550829229868
0.0488741556073612 -0.0282541516622763 -0.0314242841386532 -0.0950359388845985
0.0208343053202914 -0.0460813651349628 -0.0480654305224547 -0.0809386568181648
-0.0122922758654934 -0.0506440491559571 -0.0497524092488375 -0.0768748550329397
-0.030262518627407 -0.0449760572053041 -0.0486406015170831 -0.0803167722671846
-0.0316582364635495 -0.0486422910876385 -0.0293191590796995 -0.0966162996250354
-0.00938831730970237 -0.0591324097356435 0.0186004040596602 -0.10799650463337
0.0296161428102943 -0.0587927989612903 0.0802670830830026 -0.0881849850495108
0.0784833482105565 -0.0288236884726199 0.109011265360044 -0.00565219539439101
0.0631653804156861 0.0443857964067472 0.0735097562071228 0.0644271510936156
-8.19374128942143E-05 0.0832113392057349 -0.00765002258876568 0.0289749597501483
-0.0447564882969113 0.0666853301236117 0.0481885053613189 -0.117261706665303
0.0407617304096171 0.00319556990404656 -0.034137252476456 0.141941895300885
0.0178860958167152 -0.0336591644842693 0.0480197673322595 -0.00245047285507664
-0.0221803972168264 -0.0310976108257637 -0.0598288750929351 -0.0815665905087619
-0.0334933516135709 0.00386709822805484 -0.130291831153048 -0.0121814874840701
-0.0121973546494928 0.0199770816561529 -0.111659877792074 0.0941338753180034
-0.000905147389236715 0.0134871749871645 -0.0252516584876449 0.131240163590475
0.00154014969323304 0.0156908208369053 0.0354752573399265 0.11202129662506
0.00232145541928767 0.0137761200924742 0.0552939754724939 0.0905010902707541
-0.00689281901273011 0.00738842653534198 0.0621830520596702 0.0820080096429009
-0.0113659505870252 -0.00139705332377532 0.0578274867138791 0.0866207407968273
-0.0114053113169818 -0.00778163884109974 0.0372619104648327 0.103474317498573
-0.00245965840022178 -0.0254623961570231 -0.00601051264900403 0.126467574279432
0.0266514285445547 -0.0181466663033747 -0.0617732117740561 0.133067029147384
0.0445981649217431 0.0173327919072339 -0.106255743743767 0.132167118661485
0.0316196719921788 0.0375483314689989 -0.0879241411233176 0.197075959855982
0.0335413921954973 0.0721201756482044 -0.0589430099706397 0.129917782803976
0.0438103176390528 0.0238870529336708 0.0428028429576113 -0.00157769602410739
0.032910961370901 -0.0135745547255519 -0.0585886703006907 -0.0897771721820966
0.0161111750578735 -0.0240430855818873 -0.140337295760406 -0.0227528564197763
0.00677025571298861 -0.0201884902017155 -0.12394877586153 0.0885585143630153
-0.00446559689692227 -0.0257582347606649 -0.0339687863137236 0.131401886172074
-0.0200300315901518 -0.0190741149907394 0.0292876370132861 0.110476376414017
-0.0217817528384474 -0.015442938905859 0.0494536379539994 0.0855279537619087
-0.0250063721610194 -0.0275738474513343 0.0601017673617093 0.0727285635104223
-0.00582553408521893 -0.0446327484679103 0.0612391752302238 0.0751559921970634
0.0193030086279036 -0.0408394798311809 0.0461328610019303 0.0911817241427642
0.0546534597104233 -0.0351254272632682 0.0119185889624133 0.118989731305766
0.0733822370482905 0.0186244524966516 -0.0387666739924843 0.134860129825616
0.0493397981011124 0.0870788346304991 -0.0739736921479966 0.124433088873503
0.011690022560303 0.116880204401802 -0.061637318610714 0.171711427202368
0.0133397702426603 0.133324095826976 -0.0702367113117361 0.0922749930256571
0.0562350111820673 0.0915691537033448 0.0426663623692573 -0.0147642127975579
0.0873143654711251 0.0201707760961858 -0.0515127903515187 -0.105299687012523
0.0758901446675385 -0.0429292865760416 -0.143942856239915 -0.0435417855536476
0.0341887927408221 -0.0608444812181953 -0.133815383360402 0.0695373752074979
-0.000386167638810908 -0.0664977407947618 -0.0461256820381982 0.11666130967541
-0.0357577066329704 -0.0547982498326277 0.016680071755021 0.0952281865551512
-0.0435438251523717 -0.0433868212488467 0.036660939347519 0.0689302476259307
-0.0436947048982543 -0.0553676718455042 0.0508388925567563 0.0513803280460614
-0.00821964656170361 -0.0789932492002128 0.0615756526390715 0.0497965138651746
0.0349659251384844 -0.0741095126533578 0.060441698186938 0.0642338165294625
0.0966449700308832 -0.0596381011336465 0.0403405791290464 0.102784513899401
0.118999447820638 0.0314645645039134 -0.00472868868083814 0.1328007153425
0.0669622100325209 0.132930250811222 -0.0426726063808657 0.111291207214283
0.00348687278885315 0.177137302285623 -0.032608588508358 0.123596111069401
-0.0159295652947251 0.172683468054996 -0.0632390645702518 0.0313079714637773
0.0501205211569583 0.153841863498987 0.0487712716964571 -0.0431553156585508
0.126426347851244 0.0656427720208502 -0.0346829465269518 -0.123904328547715
0.133999124955633 -0.0450004256535787 -0.132779624194694 -0.0701502902441743
0.0666662997734631 -0.0910394833195893 -0.131082787265538 0.0363789834863805
0.00951576013614317 -0.100035783237445 -0.0563053062416229 0.0846372717424052
-0.044188670808185 -0.0849291690943087 4.63240872877155E-05 0.0661490191184047
-0.0584796416825524 -0.0648047619008396 0.0185989157491276 0.0420474879597541
-0.0583936621626366 -0.0723431165356731 0.0352722812633278 0.0221336935765483
-0.0150987702935955 -0.100192168287732 0.0553800733320462 0.0161741525744037
0.0386708829632153 -0.0981404760306246 0.0704165926964677 0.0284602795704961
0.117774984825067 -0.0843439092457442 0.0659563551711001 0.0758662641422325
0.148140290099829 0.0272131968767296 0.0279338095985009 0.120949488557214
0.0847529499078874 0.151085981924823 -0.0215791724837214 0.0918421854098812
0.00188570829780925 0.208106442108683 -0.0090256367213337 0.0633358737886268
-0.043427981897792 0.181497199634915 -0.0368270378718096 -0.042384144827491
0.0257397172780982 0.190202377608457 0.0620934565311503 -0.0803038663855182
0.134673907987927 0.107849592255851 -0.00751747140760151 -0.13907270114427
0.168394860684183 -0.0288187131341759 -0.102286061959993 -0.0962814027090352
0.0922643032661417 -0.100884474718155 -0.111308550091379 -0.00621519385650458
0.0218043102033457 -0.115822282356361 -0.0597907700512205 0.0392778026043765
-0.0431558346010881 -0.101725408078054 -0.0156175220821897 0.0276228648348342
-0.0646420790831873 -0.0764396797846359 -0.00186551784673628 0.00934532705690445
-0.0656980897717385 -0.0796323389705752 0.0152795951102601 -0.00988306319368243
-0.0219504155567778 -0.10651417571318 0.04277575494623 -0.0195986325069642
0.0359081483911384 -0.107161006869567 0.0712428742888017 -0.0102891271935173
0.121453112708569 -0.0938857534320246 0.082007204253803 0.0444600302519843
0.153432430208715 0.0230296634789831 0.0510386158188606 0.101535251102793
0.0849706995257325 0.149460720167584 -0.0112026750654398 0.0710027524423087
-0.00289302524311429 0.206922342297583 0.00742197491229451 0.00205179332658159
-0.0590837881081418 0.156265854018516 0.00295562269577598 -0.114054773812783
-0.00487663424478781 0.182979043313863 0.0812143618484016 -0.116654464103953
0.110391077643641 0.12388909571088 0.0247588493259749 -0.145256930326171
0.164519261423274 -0.00502112637910068 -0.0606747509206561 -0.112540025145385
0.0985190579854819 -0.088262535529953 -0.0794231625596469 -0.0456140460291076
0.0288094360797706 -0.109254950292123 -0.056138408741077 -0.00941099580301275
-0.0361954738523858 -0.100110795211624 -0.0290747548598918 -0.0135570345577404
-0.0609179976173477 -0.076751956964256 -0.0212340602069405 -0.0240160316347725
-0.062735815980285 -0.0778966511654783 -0.00411381627899732 -0.0414341720523827
-0.0218998774853854 -0.100029195361543 0.0286520791374845 -0.0519775866058215
0.0339542747477983 -0.100557068357548 0.0684260591370759 -0.0432975066602275
0.114618347835455 -0.0835299544044663 0.0894802492104643 0.0179742298870362
0.135868924690643 0.0277252055431971 0.0632917498555749 0.0813937080146561
0.0656948975837597 0.136506692085437 -0.0081682250654559 0.0510068940450095
-0.0148719180389732 0.17897476038949 0.0201840102413894 -0.0512413641158961
-0.0572698547700395 0.102204943762027 0.0438456216634177 -0.17111741795567
-0.0266123822802922 0.134622819655824 0.0980271866349524 -0.143536489246767
0.0664916691240364 0.10514359588431 0.0528439379301282 -0.14111322128585
0.124312314721301 0.00988725806747569 -0.0215591652772628 -0.118112022495704
0.0809358775546865 -0.0615525326795159 -0.0488050419017474 -0.0747487980400515
0.0274160635661635 -0.0836332531507293 -0.0500594634064033 -0.0512732461441524
-0.0259025971570184 -0.0803424584683781 -0.0405530432286337 -0.0496843376974538
-0.0486975678598061 -0.0643615346421677 -0.0374036513244791 -0.0539670866161145
-0.0507438269910459 -0.0654406645007123 -0.0198060894996019 -0.0695622671825076
-0.0174144812570337 -0.082331552131638 0.0192695339257545 -0.0808715600177796
0.0316389858300014 -0.082268478263448 0.0688145004373418 -0.0678595936010733
0.0991511076260109 -0.0590318710636329 0.0948993417769808 0.000440137983808606
0.102402315399524 0.036402583515569 0.0682693905912228 0.0672018588225563
0.0342905202099941 0.112918791954348 -0.00801670309820429 0.0362462606925235
-0.0301236808861583 0.128316322649345 0.0314540034377884 -0.0906956810006504
-0.0432663984791247 0.0297513591561192 0.0756061508714952 -0.203132568609072
-0.0349238475961888 0.0607699772548006 0.103028764018393 -0.158240947475982
0.0209767850269254 0.059967005873468 0.0682084990020902 -0.13553846628557
0.064172920247954 0.0129199935039095 0.00286132676736207 -0.119716091714583
0.0463885948738434 -0.0281275362835733 -0.0304710857591697 -0.0911967018076503
0.018751154873387 -0.0445868134251202 -0.0480935553431931 -0.077150677402052
-0.0121699641052253 -0.0477425737179189 -0.0489693572096832 -0.0724390041354422
-0.0294532443164939 -0.0411360598134969 -0.0482316206291334 -0.0751428151956126
-0.0313718979702555 -0.0454032931669795 -0.0303860224334023 -0.0911431061070534
-0.00978958735874255 -0.0557535379888014 0.0160808465905459 -0.102740776487915
0.0265319829161818 -0.0564474694411156 0.0754424001406696 -0.084331511299858
0.0737501432408019 -0.028946863783296 0.103649957442361 -0.00684398581269068
0.0597670857794678 0.0419261431571233 0.0713883226558494 0.0599118694770673
0.000626138260072987 0.0788401855304198 -0.00664364590184873 0.0274041254882982
-0.0419669067284079 0.0623083816167192 0.0425314029967584 -0.111932537500075
0.0386415449205684 0.00335919244652928 -0.0332780493602073 0.137273767248832
0.017772206845291 -0.0324587405221282 0.0476757903453492 -0.00276435892311083
-0.021122825539075 -0.0298131830646783 -0.0564347443878647 -0.0806712564763933
-0.0324148717402907 0.00364858558447849 -0.126339933774964 -0.0142775996308413
-0.0120151772161846 0.0189255148867143 -0.110045112668427 0.0901980019827059
-0.0015623707283642 0.0132242219391861 -0.0266349904711906 0.127181466863983
0.00105768025855836 0.0151402859844001 0.0334067746849948 0.108344251194852
0.00195317777802563 0.0132129112084962 0.0530393771479458 0.0876838346492532
-0.00708935402322131 0.00689185256103446 0.060580709345492 0.0801029745092889
-0.0109796379763852 -0.0018472501165654 0.0555205298053074 0.0852111250028581
-0.0110909786544247 -0.00746976033738123 0.0354307668858613 0.100845749165379
-0.0022798423605492 -0.0247618223362609 -0.00794542678970893 0.123263421770149
0.0262997541532406 -0.0168880053281305 -0.063000038535822 0.127712097391943
0.0436084888425689 0.017579047507905 -0.10618781214574 0.126149925777796
0.0296325564903316 0.0370014861552418 -0.0873046774816961 0.191378130989947
0.0311575142457383 0.0703392176942695 -0.0566230394253354 0.125567253317162
0.0425692564058542 0.0238732198435547 0.043310688111543 -0.00155070056208072
0.0322451188883751 -0.013148623778912 -0.05562067340278 -0.0884415174105865
0.0150901538235581 -0.023812744707608 -0.13552561178817 -0.0251066664194076
0.00637022786378342 -0.0200017993006262 -0.122142693409872 0.0843044505177251
-0.00381466197951728 -0.0249541881801105 -0.0348352413190893 0.126479459608829
-0.0195437980827243 -0.0187140282782367 0.0274509322682087 0.107450216124493
-0.0209787920715844 -0.015059639813873 0.0475813001425106 0.0839654242418035
-0.0244371119985554 -0.0269428456878103 0.0584964770346222 0.0717685993831465
-0.00525761691498044 -0.0434958210420613 0.0588284483761486 0.0741158234529454
0.0189080984914249 -0.0395616041286668 0.0438727833585929 0.089344225815033
0.0532484792165911 -0.0338147795234994 0.00969020956417089 0.116018723348577
0.0712232311591157 0.0192070917231818 -0.0393609957172576 0.129824392942867
0.0471658626012821 0.0851144138527994 -0.0751555676913571 0.119788774712431
0.00904534674710446 0.112981986774078 -0.0625756129964745 0.166297264804032
0.0108505251951085 0.12934587731168 -0.068143821347254 0.088740135921438
0.0539160172405449 0.0896258710725021 0.0430156340941616 -0.014196596801177
0.0844313393187474 0.0197779566871081 -0.0482552375997055 -0.103647290226392
0.0733878889361812 -0.0416682961059228 -0.138836246792287 -0.0448717502749311
0.0329600656675898 -0.0589556010345371 -0.131315182325076 0.0654253635753732
-0.00025643154353522 -0.0646700321135754 -0.0462669555823722 0.112712406746248
-0.0351040701136322 -0.0534160493731842 0.0153113724639242 0.0925491341349041
-0.0418170334313433 -0.0420545320419611 0.0350112430837454 0.0674404474604586
-0.0419458113719872 -0.0535248561403714 0.0494992188195058 0.0506815111116197
-0.00751819831503107 -0.0772546065775523 0.0597816844331627 0.0492978222775235
0.0346478138708 -0.0716500023047052 0.0585753937185367 0.064294050714888
0.09396653992546 -0.0574642307611586 0.0376923356956729 0.100595521923953
0.114729141662065 0.0319316360677098 -0.00609222133874729 0.128664539035582
0.0641421004043746 0.130276904181942 -0.0439252941542248 0.10707666233011
0.000879333398395584 0.170971444555281 -0.0337165525700495 0.120421329703863
-0.0177555418917259 0.167786870069657 -0.0609483257122819 0.0296433432359228
0.0470510076935975 0.150625825571305 0.0493677117259578 -0.0407996639806202
0.122073033809713 0.0643020037082855 -0.0312555941521227 -0.121484267115806
0.129280640978302 -0.0439021887714957 -0.127148509765851 -0.0712779257857295
0.0649676882326652 -0.088631744227106 -0.128219640948178 0.0332158508715454
0.0101098316165339 -0.0966320237057418 -0.0560874477725202 0.0814708048185044
-0.042692849347893 -0.0827163541985218 -0.00059886944912847 0.0644754827530464
-0.0562237466277441 -0.0626754981437583 0.0178150968429408 0.0412280621241524
-0.0565645453018345 -0.0701998738024699 0.0343870673806612 0.022959691217387
-0.0143126254020567 -0.0977462007066602 0.0536872547793753 0.0165167200332588
0.0382016269207185 -0.0954227811663821 0.0679976551322747 0.0287537631139366
0.114847340574935 -0.0815800979025049 0.0633314063608652 0.0741433277841471
0.143425859652439 0.0277790558994321 0.0261778825728789 0.117223434956656
0.0810424818633659 0.148939031822006 -0.0228989382257706 0.0885600252626692
-0.000514587901079928 0.200801418686424 -0.0103252872108139 0.0617739156109818
-0.0444147712407957 0.176142286954024 -0.0346305971961321 -0.041687082130336
0.0233272667318086 0.185262868233297 0.0627771678755379 -0.0764798796115051
0.12876312689555 0.105050296675747 -0.00405934066733988 -0.13528237073612
0.162622958606172 -0.0278314895220462 -0.0971694414072393 -0.0953243676198483
0.0899025303979385 -0.0980368660047588 -0.108915368396336 -0.00754485511156768
0.0214582240483695 -0.112600994304822 -0.0591988733756828 0.0372573927239024
-0.0421380503358776 -0.0983601813804245 -0.0160791503339144 0.0267732488373173
-0.062377106876996 -0.0738272932719789 -0.00137170240321073 0.00948546599717962
-0.0633902730346212 -0.0771563709004365 0.015637674225965 -0.00875720164434052
-0.020238716899884 -0.10365347042037 0.0418029306135852 -0.0185358245518233
0.0355583834378867 -0.104036846983275 0.0696566213022283 -0.00802416477775507
0.118522316039095 -0.0912297053051813 0.078623424422864 0.0436546073881964
0.148285650570038 0.0236077472535992 0.0491337787833597 0.0991976348420357
0.0813647155798579 0.146182358137489 -0.0127944717178658 0.0684236770063279
-0.00518495576471619 0.199640189418367 0.00599585436647332 0.00240951737805925
-0.059571674069574 0.151044056191213 0.00481531345232674 -0.110754096795459
-0.00700080078751778 0.178325445469185 0.0810985220388834 -0.11236203266065
0.105106627454068 0.12125536517368 0.0270476133231573 -0.141236021420068
0.158872617617933 -0.00418944933484227 -0.0559322978958519 -0.110412699629104
0.0960258797918816 -0.0853734136752454 -0.0775426067279063 -0.0458337746018672
0.0286068910925677 -0.10644999892005 -0.055076833448566 -0.010431522408168
-0.0350909653038912 -0.0974031781849097 -0.0292180147184059 -0.0133363464401088
-0.0582068203173262 -0.0739103117047356 -0.0206088180397749 -0.0233353379991624
-0.060867977548143 -0.0747785708606834 -0.00297283385089775 -0.0395431583445706
-0.0204167759185482 -0.0968796542393636 0.0286062330882718 -0.0505804191036912
0.0337126241509524 -0.0969433385346693 0.0675766702324659 -0.040329905265538
0.111444066538359 -0.0807705389598549 0.0862719913210213 0.0185405161544941
0.131165616876145 0.028561114692243 0.0612339774501553 0.0794245905980165
0.0625071794631896 0.133384424919902 -0.00922296338149676 0.0494107425663594
-0.0161822981848688 0.171882695852891 0.0184608459949951 -0.0496754461393157
-0.0567547930917452 0.0988185407089359 0.0450271712927061 -0.165389629816874
-0.0276337808054168 0.130468618916114 0.0968441160250497 -0.138213081819072
0.0632279343171401 0.102484057958482 0.0544125861400393 -0.136923835402321
0.119623946793661 0.00994934475126968 -0.0180218627571093 -0.115446508199839
0.0786480559942991 -0.0591884369008396 -0.0461320200010983 -0.07393419788744
0.0270236088934174 -0.0810750002563312 -0.0486709384421311 -0.0509594381176703
-0.0247566546263717 -0.0781979687640257 -0.0396947467474129 -0.048711632552684
-0.0466069269725769 -0.0613130411631358 -0.036210324293538 -0.0520977852775196
-0.0491221278027731 -0.0638450220416142 -0.0186318805007237 -0.0675478504342035
-0.0159630547796454 -0.0802857861973728 0.0193423843478739 -0.0781748839447661
0.0314739278349143 -0.0798014700348155 0.0675400327569227 -0.0650909593562698
0.0965262741471171 -0.0573870384030913 0.0917429116812843 0.00103071386172645
0.0988313916773367 0.0367039717928935 0.0668284075123622 0.0656347853488961
0.0322996038034088 0.110362787015733 -0.00868293716109843 0.0347868206211034
-0.0306902060127631 0.122862163366265 0.0299340755157339 -0.087621861642788
-0.0419460139140895 0.0277242930658782 0.075178921132211 -0.197236961199066
-0.03435918773704 0.0585205081836728 0.102167873655216 -0.152080945455669
0.0191422134671928 0.0584887750579287 0.0690149007599866 -0.130355847071476
0.0615361445119249 0.0129250760697871 0.00451875514199307 -0.116569048411943
0.0457853399493866 -0.026992323648957 -0.0292740950338172 -0.0895273813623143
0.0188793978024009 -0.0431582657793549 -0.0460342540978427 -0.0756562300193336
-0.0116253783367303 -0.046331299939894 -0.0484072225664949 -0.0713545365942565
-0.0279436351010072 -0.0395150775160953 -0.0469508689784541 -0.0732793516977318
-0.0302115872788759 -0.0432758720519765 -0.0286733118018971 -0.0890942488017799
-0.009170890573972 -0.0539686394675478 0.0163248682813656 -0.0996897389483531
0.0264739182178359 -0.054510356700541 0.0747198874248273 -0.081189133945754
0.0713850501771363 -0.0273409146833874 0.100975617845714 -0.00523810535965137
0.0577853724775579 0.0417379026191537 0.0690302026282203 0.0586186856528501
8.24823503333262E-05 0.0762947915433215 -0.00800161175674248 0.0265449730794948
-0.0415031522446898 0.0591019623720458 0.0409303814001408 -0.108468281351234
0.0384838016813811 -0.0125396226714045 0.026750449847299 0.137317432466418
0.00270162822827162 -0.0366893534641867 0.0422255331600513 -0.0237709567341064
-0.0307223636760367 -0.0182790437370753 -0.0861601263905096 -0.0505292542736053
-0.0267414660941383 0.0173109389930893 -0.122985932783195 0.0399046741081231
-0.00137238949670575 0.0219764428373965 -0.0621503940698198 0.129129285016635
0.00454243125045885 0.0122601630205597 0.0290579244667799 0.126662624401679
0.00684925615950029 0.0129656364815543 0.075845201674949 0.0849369503447663
0.00706736873777989 0.0105175520604703 0.0862593009549627 0.0573144531223829
-0.00369306232023863 0.0098077496754024 0.0900533636579436 0.0467587208042621
-0.0108950014154291 0.00254895019341109 0.0871906447348918 0.0540248561717107
-0.0125212555939286 -0.00206392323969706 0.0743118685488298 0.0763829557285841
-0.011886876103541 -0.0194860706757398 0.0442710957705456 0.114489956341345
0.0168950328571933 -0.0256808015391105 -0.00561371959503153 0.141724479483092
0.0461533662935344 -0.00184796693720615 -0.048445577581191 0.161052708484901
0.0430247149362872 0.0233577339381531 -0.00526414544296391 0.213018875805422
0.0571798525129299 0.0520078066390755 0.00269507927659359 0.137836394976637
0.0472765195782787 0.00437866596624704 0.0409537684802223 -0.0216323285222932
0.0240328422723781 -0.022974278784787 -0.086535836168398 -0.0603942590882666
0.00426815573781259 -0.0253268872554956 -0.135298206195211 0.0314305297594696
-0.000298053345095612 -0.0203889007807592 -0.0769122099808374 0.127981002134904
-0.0127961029712711 -0.0209587665282383 0.0206819661582049 0.12975472487063
-0.025211264743161 -0.00850691827689492 0.0684920521749832 0.0856524098494221
-0.0255587794897853 -0.00635272619739565 0.0792284535770885 0.055644312287847
-0.0334072883210424 -0.0148405909383244 0.0845844475948709 0.039583656831067
-0.0225052826145266 -0.0384391123436553 0.0861140546309715 0.0421824281605951
0.00235408807127653 -0.0446959102988494 0.0798976469009496 0.0639112659872173
0.0348851118537642 -0.0508436419447358 0.0603023349831595 0.103615533393878
0.0734956952801131 -0.0100349084850956 0.0165913531760021 0.135844508422898
0.0784424887565149 0.0604270627112898 -0.0257842835206133 0.142383555875048
0.0578326446508095 0.103270249475141 0.00310562460898235 0.177820278066067
0.060741957211277 0.1143749025135 -0.020741436728236 0.110665459178165
0.0833840303761595 0.0599708851094605 0.0372952509631113 -0.0328077666647702
0.0834157224838459 -0.0129874333874407 -0.0836804534044995 -0.0789737974887631
0.0483073159379957 -0.0649278495583734 -0.145157717833643 0.0119270919692402
0.0081061753508525 -0.0659665673006373 -0.0944706517812877 0.113147447796771
-0.0250626164213185 -0.0588536873843729 0.00321676416086415 0.120160492621421
-0.0535204254083155 -0.0337461749417553 0.050640283343063 0.0764684653326894
-0.0552025459720959 -0.0228213167680249 0.0610966030465256 0.0456010086299018
-0.0607996721950016 -0.0322368106516507 0.0680956251001141 0.0242532461849631
-0.038900048751977 -0.0685953042753516 0.0769970211151646 0.0180818248083947
0.00377368474651138 -0.0811516316572357 0.083328856777934 0.0354326576501138
0.0614261968949829 -0.089736203351586 0.0826118352970083 0.0804195129216917
0.11946591587746 -0.0160766299666039 0.0461989327677953 0.12285378073501
0.113463767691049 0.0951363316833332 -0.00485181905694809 0.1194061695666
0.075535600086619 0.160678254634687 0.00751623663739638 0.12275560226753
0.0482017230178939 0.16151125994578 -0.0378236811091007 0.0554728822646264
0.10008548779666 0.117890497405883 0.0340281611944362 -0.0585589237175893
0.134067093512967 0.0129259614444757 -0.0723604712590217 -0.103862777617527
0.0969789152431674 -0.0884351602491091 -0.143268031209186 -0.01889553391646
0.0245206888014494 -0.104986223701412 -0.106276552780149 0.0807296073631522
-0.0295441470896657 -0.0922492943963672 -0.0189387922444586 0.0953959528554066
-0.0719567900188493 -0.0567893389638252 0.0237826745386633 0.0569706172607565
-0.0765870669310829 -0.0355276075520132 0.0340592513762516 0.0291514056770134
-0.0803347595852933 -0.0418838040347249 0.0421361144137629 0.00490128577140069
-0.0530029021571265 -0.0845933307066858 0.0582400923211731 -0.009612460018058
-0.0032939009937438 -0.104744609519693 0.0787788943037339 -0.000513119189403823
0.0701813400648826 -0.121296087287375 0.0968546741280677 0.046661089944039
0.14459433486615 -0.0307584364597507 0.071650825816264 0.100371873038982
0.136821265640416 0.105043150064016 0.005984042155347 0.0942191526300108
0.0871298733614487 0.188415816071351 0.00363419358831698 0.0589400077914263
0.02594294393655 0.179542586881724 -0.0432856497830758 -0.0190113022726039
0.0910025069400958 0.159415849495721 0.0319967504912853 -0.0959087677757058
0.156198766297744 0.0471812798610721 -0.0518833753737466 -0.126801380961883
0.132415326482638 -0.0874660494424702 -0.124662023605418 -0.0543267440226641
0.0427996858335407 -0.123036337064479 -0.105346376439156 0.0344556907798167
-0.0260855467532562 -0.111240984274374 -0.0409634422279265 0.056405583359655
-0.0780249168797215 -0.0723990591034211 -0.00667535976062011 0.0290007301398897
-0.0867907337537718 -0.0433686104863809 0.00262906564232851 0.00848443781754263
-0.0897095428942136 -0.0449163144842803 0.0116591139012273 -0.0156608144672768
-0.0609584796303482 -0.0884862457912428 0.0325379142114864 -0.0366233331142223
-0.00898650372172547 -0.11168806206705 0.0652096706557579 -0.0351038510881013
0.0696084931600757 -0.13175692400246 0.099759817788507 0.0117531033100226
0.148067054511048 -0.0365933966930494 0.0856363754845315 0.0741593844847216
0.135999747623138 0.102555417172072 0.00783052052091163 0.0722794526691261
0.0828733801597414 0.18867380074533 -0.00568771357017499 -0.00258518032059865
0.00138996468442633 0.162202672977814 -0.0359427203143566 -0.0986942635940432
0.0606705944635081 0.164431971923219 0.0331094842505981 -0.134712464739363
0.139240302065186 0.0709869347362419 -0.0251541332536773 -0.142708951925553
0.137867001669499 -0.0650525241891181 -0.0926799988253439 -0.0845077061175395
0.0522977216575512 -0.11413622002275 -0.0924214403882377 -0.0145137315687478
-0.0170639942376195 -0.108705996150727 -0.057359657617721 0.0111709135361591
-0.0714318207949767 -0.0740918932008221 -0.0358843226269149 -0.002817890832017
-0.0828121714197285 -0.0442014577863478 -0.0289381908300536 -0.0131678786865449
-0.0863417069137968 -0.0445344955745262 -0.0190291236292164 -0.035691609695719
-0.0585666990484851 -0.0819211498579022 0.00649613325951741 -0.0603761063155366
-0.0088479499634589 -0.105568129875021 0.0489908347329682 -0.0634409062012882
0.067745645598022 -0.120574483831421 0.0950772050569627 -0.0147646358007443
0.13400897046408 -0.0258006859629016 0.0880812786906215 0.0517213452872492
0.113673335172955 0.0981972963168871 0.003626519301331 0.0524981506098871
0.0594745171314478 0.167320125035593 -0.0140031771409017 -0.0557309174753665
-0.0174873752701662 0.113055377132141 -0.0229734396490877 -0.166606480296876
0.022652970032194 0.129639964151958 0.0353083631237574 -0.164780957321709
0.0936022301703578 0.0694692970477514 -5.2974651452482E-05 -0.148539637109859
0.108410376275376 -0.0369439497693091 -0.0600596091709255 -0.102738898225377
0.0471352215307215 -0.0837410783494052 -0.0751956590578597 -0.0522189866797733
-0.00854423027002694 -0.0847203041724999 -0.0678504954881302 -0.0275549332680204
-0.0540199272079817 -0.0610327510471975 -0.0601434029898419 -0.0299021042946935
-0.0668939369205181 -0.0378492981922382 -0.0558369829282709 -0.0325386647427396
-0.0711185066556844 -0.0382821149765336 -0.0451988889652783 -0.0542603143354653
-0.0475842943662041 -0.0680175719557471 -0.0144788587090757 -0.0809655872709463
-0.00358271441316966 -0.0879708752233442 0.0385978829107528 -0.0860429111594506
0.0641619649626746 -0.0925068391190154 0.0910311196783118 -0.0317516369876497
0.108244243453667 -0.00463423176975494 0.0865413460272935 0.0354098930022246
0.0755315651172373 0.0888723306786915 0.000321203130620003 0.0372519364105844
0.0242200791098333 0.127234568449534 -0.0159163572355527 -0.0953643510897584
-0.0317506984655147 0.0428558915187537 -0.010608774359812 -0.208728790739076
-0.0118608109666903 0.0672396745776882 0.0321833863422262 -0.179292541349211
0.0375253629405125 0.0463494100865165 0.0130754220397629 -0.147110328553721
0.0575808464044299 -0.0114442849785322 -0.0417376959991208 -0.110816613838748
0.029874602289003 -0.0412861677098493 -0.0650954012505378 -0.0722783943764921
-0.000945436347816953 -0.0463886815345643 -0.0757932520355788 -0.0505185778630248
-0.0292694612974246 -0.0372529205861506 -0.0765789876154266 -0.0461113240409739
-0.0407497900292554 -0.024267788984905 -0.0739897417099483 -0.0464508731067824
-0.0451706730986394 -0.0271644325483782 -0.0633189462657434 -0.0693264367722675
-0.0303037468933381 -0.0463666088112812 -0.0264686392743461 -0.0987216623116643
0.00180563905210349 -0.0619459301192715 0.0369164967647846 -0.103495255641625
0.0541654263151079 -0.0551297291893521 0.0942432179343977 -0.0424996186883755
0.0716776142936393 0.0170343562915323 0.085535442974297 0.0270238837676269
0.0306394026029667 0.0702863008571873 -0.000385831369508763 0.0288173814162585
-0.0137128927968575 0.0723670614034858 -0.0101052527298128 -0.118648623553713
0.0381295153971967 -0.0128533182939959 0.0299237805433089 0.138885316632729
0.00306021658520348 -0.0377000577000735 0.0434906438329092 -0.0260492422028766
-0.0313716668923623 -0.0178658266916185 -0.0888246743482915 -0.051088138269569
-0.0275659931142759 0.0186215424020491 -0.125905246218333 0.0412059613784457
-0.00154119709471697 0.0226123964031325 -0.0622360916397299 0.132724870834637
0.00458395038574733 0.0129972190132684 0.03072306901029 0.129681097310573
0.00740600426252951 0.0138329737820567 0.0782617551894505 0.0847436228905541
0.00725352557667772 0.0104561113915136 0.089127636136379 0.0567433868263364
-0.00365977590904636 0.0102489335386707 0.0931008391728329 0.0460305874300665
-0.0113849426184206 0.0023606772665621 0.0903477785763122 0.0541619794165749
-0.0125369615475111 -0.00193209227899804 0.0765673255763218 0.0776733396872257
-0.0119409711358262 -0.0193931029833365 0.0463668633726874 0.116586413675356
0.0167809921123716 -0.0264835729823348 -0.00536447180756875 0.145178947748705
0.0476750294478636 -0.00224653624576871 -0.049007857700376 0.164799474111246
0.0437190175614319 0.0238861062569889 -0.00232972963316054 0.217405968692798
0.0586601559449724 0.0526446613782322 0.00550541037018251 0.140011545460883
0.0486852216821225 0.00399334086104598 0.0423579758604159 -0.0233720935374044
0.0239638383951002 -0.0237218723273001 -0.0889896834349268 -0.0612896117616447
0.00366839018757393 -0.0257315350629506 -0.138612303688235 0.0324702900073657
-0.00126364763634104 -0.0208907780246636 -0.0776850357162551 0.132126669421293
-0.0133960275903006 -0.0214714210677035 0.0217551750261546 0.132112369599057
-0.0258572658425877 -0.00792669825484247 0.0709209014702326 0.0861491503150718
-0.0260323691781152 -0.00610908706552825 0.0821772365671034 0.0546033248158045
-0.0344668981028062 -0.0140708475435783 0.0876733390851173 0.0388881153563254
-0.0243891184710967 -0.0394907054756154 0.0893491009696387 0.0422653563244997
0.00195500036918713 -0.0455803594309405 0.0824734691198836 0.0646024718087881
0.0348040693546886 -0.0526300445946016 0.0623995045570405 0.105577519408684
0.074439059726722 -0.0109224436423713 0.017691312869817 0.137943579900617
0.0815262943793393 0.0606942149035493 -0.0264673461788851 0.145845634617396
0.059127811032256 0.104803410552325 0.005661726381038 0.181856950033043
0.0635533531240411 0.115995164310129 -0.0189983138188699 0.112597574254965
0.0857565981645593 0.0603509742754785 0.039128076836851 -0.034882303741036
0.0845351472594714 -0.0149875081837801 -0.0856198090652173 -0.0804437589313265
0.0469592833635375 -0.0664757004278402 -0.14825756878037 0.0129790077984926
0.00669944974979629 -0.0677305450074842 -0.0956849844581835 0.11725362339873
-0.0272629686435175 -0.059960809365093 0.00451543684831547 0.122716714905615
-0.0546848259896299 -0.0332237323672557 0.0523440034513324 0.0773860922231488
-0.0562192182234157 -0.0221805603990472 0.0628343791647351 0.0452261911702567
-0.0628501778831211 -0.0314237215912043 0.0705462589309117 0.0231085906916197
-0.041242671140273 -0.0697903147113649 0.0795609606167714 0.0175155207500695
0.00255837224995761 -0.0828502626062417 0.0867074662500307 0.034985991356523
0.0610331123600431 -0.092720025618049 0.0844224134017105 0.08078537721125
0.121700701254894 -0.0177061871442569 0.0480334453400665 0.123885860647167
0.117298853432148 0.0954237224767863 -0.00516610753154589 0.122121011392242
0.0782541874223695 0.162148712653375 0.00859318522648839 0.125802515312784
0.0514425275336431 0.163775167897282 -0.0369084384353184 0.0568125168267685
0.103891031757036 0.119002153309577 0.0352816343734579 -0.0611290339802522
0.136404408091499 0.0110339690249476 -0.0743535470907959 -0.105967280185628
0.0956927293273984 -0.0911641123501799 -0.146786184130376 -0.0184853187538304
0.0224770590387197 -0.10776696490581 -0.108345728852864 0.0849778701217251
-0.0320607644477547 -0.0939739382890611 -0.0189061465845601 0.0979800084534789
-0.0746603591428757 -0.0566603007288676 0.0248315851541141 0.0577435840243317
-0.0785097588629242 -0.0342110465988145 0.0354253193054215 0.0291636129238494
-0.0826986038009074 -0.0402964984975073 0.0442508965319173 0.00414337761368985
-0.0561635260295402 -0.0862136237736354 0.059316864258588 -0.010821406866703
-0.00482150001144021 -0.106535864610244 0.0814917701091163 -0.00128561038751293
0.0690779026519082 -0.124490764153864 0.0989660447916056 0.0463307800934313
0.147150321462139 -0.0330019849943814 0.0744745334088701 0.100746577062998
0.141459002154884 0.105220566258873 0.00589671639215267 0.0967123694841052
0.0903926720190236 0.190481320636398 0.00356742209134488 0.0606778284116142
0.0286239606947166 0.18230636992226 -0.0435464640418261 -0.0186837622672611
0.0952938426612257 0.161154464647037 0.0329823506219545 -0.0985875990995384
0.158647638703792 0.0454518063755133 -0.0534122613871186 -0.129615461394784
0.132443594130715 -0.0909234246735828 -0.127168247075538 -0.0552193143714025
0.0409836711948306 -0.126440518237172 -0.108211753489835 0.0368692232422633
-0.0280951365075944 -0.11322189779994 -0.0417790842817116 0.0581061082406967
-0.0809234271092171 -0.0726251689849007 -0.00679052647056632 0.0295638795698831
-0.0882566570817615 -0.0417775191554679 0.00259284974004602 0.00904795311379059
-0.0919732393758943 -0.0441185401305237 0.0125488125389934 -0.0159902081331495
-0.0645595737659337 -0.0887646706984186 0.0326993496722625 -0.0372715489297525
-0.0111114461777268 -0.114058445808184 0.0669676650557304 -0.0369523185836147
0.0683400861452682 -0.136275421050736 0.100877591261603 0.0118299459206179
0.150254987903595 -0.0390750744975461 0.0884945888580858 0.073867314653835
0.140429105174689 0.103204439223323 0.00810645501243613 0.0740256503125126
0.0858132228497495 0.191162739734027 -0.0070140887719274 -0.00156913444887803
0.00372676943671176 0.165406057430384 -0.0379992229529941 -0.100229160783966
0.0634832871632313 0.167773289415685 0.0332670621392888 -0.137551707909275
0.142491001204293 0.0701528622006634 -0.0262327447977939 -0.145516989410813
0.138311804459893 -0.0679054252889256 -0.0948862628080487 -0.0855500056857001
0.0511643953266165 -0.117498501145167 -0.0957003774342568 -0.0134283977689552
-0.0191911094572312 -0.110593783244457 -0.0588198256852494 0.0123661741274989
-0.0741885005636672 -0.0742948908076724 -0.0375849080162773 -0.00238066908001675
-0.084087113449656 -0.0433240070327905 -0.0299959085298064 -0.0126036095419053
-0.0883696161380689 -0.0421861711738922 -0.0188053017230828 -0.0358628760023753
-0.0614935112355274 -0.0828577607182313 0.00560630323701914 -0.0608699458929005
-0.0105803200167831 -0.107211453977426 0.0508286972428753 -0.0650421708960516
0.0663874474918442 -0.123663735092942 0.0961572503584194 -0.0153673299785745
0.136593340486476 -0.0279229878436376 0.0908139789395949 0.0505851811697122
0.116423496014265 0.0984659010370886 0.00424748699765821 0.0545666888583753
0.0617045738830621 0.169128913248797 -0.0163700153554035 -0.0556493678352214
-0.0162050876177728 0.115167062615357 -0.0253881413725442 -0.169444135125185
0.0246641349062873 0.131753177705021 0.0345513737582552 -0.167792803128835
0.0960200007693548 0.0700477795822158 -0.000658976854615782 -0.150641782569816
0.108385067172107 -0.0388345545295652 -0.0621460996018008 -0.104327044432131
0.0466374770630734 -0.0865034983397661 -0.0782369792831031 -0.052913176710313
-0.0102538045262901 -0.0867884514330648 -0.0701428273792658 -0.0278723766740779
-0.0557721884011778 -0.0609452981897143 -0.0630473282756289 -0.0295900816012732
-0.0681105027744723 -0.0369512281953984 -0.058209885713162 -0.0321908986668144
-0.0722639377931117 -0.0367337393606442 -0.0465107215779105 -0.0547463750366844
-0.049573708707474 -0.0679518278737141 -0.0160465664828785 -0.0817773451813786
-0.00509495739701171 -0.0893820828628291 0.0392723700010835 -0.0874547020340266
0.0634593628744443 -0.0952811759290407 0.0925418830196087 -0.0331561098863512
0.110152868383679 -0.00618774271146011 0.0883405885373228 0.0350416364075178
0.0779382893999646 0.0898532565706934 -0.000149107283857919 0.0386937024365764
0.0255740778036945 0.129002713498874 -0.0190875492762578 -0.0965387055771126
-0.0315764050255126 0.0434102823500313 -0.0127158886683394 -0.212904486402072
-0.0114260941329353 0.068192203902017 0.0308922538735773 -0.1827648185852
0.0383592900149732 0.0468316393756945 0.0127776129999328 -0.149763700204781
0.0575485162152962 -0.0120930235769276 -0.0424984822036093 -0.112787240226171
0.0293975655847784 -0.043457155208233 -0.0676421202012118 -0.073678318987921
-0.00167488491851772 -0.047559387367424 -0.07837136964703 -0.050900421812325
-0.0304782648041716 -0.0370168233572464 -0.0797030327029688 -0.0457383289823584
-0.0416901206836166 -0.0236529491018958 -0.0772426331116484 -0.0457433377603967
-0.0462006033578297 -0.0261996290237172 -0.0655555542735573 -0.0694634333772711
-0.0317219815518948 -0.046771130000446 -0.0284015939362677 -0.100369750862527
0.000806063432787792 -0.0629461809019019 0.0371515460108461 -0.106107519409363
0.0539887115859276 -0.0572020619170593 0.0957952598132567 -0.044045792350605
0.0735485164025678 0.016777274406952 0.0869176711246617 0.026369163285623
0.0318650378221345 0.0712650251511827 -0.00064377134121883 0.029849960786148
-0.0140148612548512 0.0731094541722186 -0.0137489590009242 -0.120278721060982
0.0374874214710606 -0.0143223272004697 0.0367319410606973 0.137843362338848
0.00180958663674569 -0.0381704283555298 0.0431102433695805 -0.0290244342562435
-0.0320893664993704 -0.0169999411438596 -0.0919247952097843 -0.0487565732738118
-0.0268414446362106 0.0201069673179187 -0.126760234393196 0.0452745660237283
-0.00130319135239558 0.0228656239254356 -0.0586051670749538 0.137019252044096
0.00528105199996788 0.0128704840768936 0.0353277143380126 0.130256051592971
0.00816107729743902 0.0137044546462349 0.0814023634265118 0.0821201291064027
0.0076045994909554 0.00994531277279478 0.0931486501185328 0.0531359466694676
-0.00297727700143629 0.0107331313687634 0.0967229349914385 0.0421367381581588
-0.0121170435748825 0.00318828230272108 0.0945566846364561 0.0512916437468579
-0.0125852551406081 -0.00175333611388749 0.0805299500949269 0.0753643543651916
-0.0128651390658779 -0.0192892200953176 0.0505027144609055 0.116162041924819
0.0163548332353789 -0.027659042122878 -0.00125739076895382 0.146012124711198
0.0483341433006335 -0.0043941991025517 -0.0448721637209121 0.168538403654278
0.0441031043445975 0.0225695152308085 0.00626925315463541 0.220429346282658
0.0610473504784943 0.0506071495104264 0.0118143904344041 0.140166509081408
0.0497428537456717 0.00182260525891936 0.0422639173144642 -0.0264637907680403
0.023405528985101 -0.0255683920290488 -0.0922246052803496 -0.0598011732891326
0.00162399646526106 -0.0263942730676072 -0.138962958987537 0.0372079994508673
-0.00264653536835036 -0.0207656971114237 -0.0742001960792386 0.137610703034374
-0.0151862691882668 -0.0209923224268052 0.0269581098494635 0.133291288628558
-0.0264426721896298 -0.00664007044756626 0.0747433134658113 0.0837639588583165
-0.026539990409883 -0.00500183510786597 0.085612465362579 0.0518775161753449
-0.0361750499526684 -0.012365408430761 0.0906667626744134 0.0351253444869027
-0.0268442055643583 -0.0390204180406696 0.0926334391282331 0.0387752808597534
4.15936419225966E-05 -0.0462713073444134 0.0864499197617297 0.0625599692626699
0.032496033277545 -0.0544411081920755 0.066384854306395 0.104147239251346
0.0749645699923348 -0.0141555141347475 0.0217051530335112 0.138070694411498
0.0850437853396576 0.0580233498718336 -0.022582348716216 0.148492141611981
0.063242557772035 0.103495564798621 0.013193088687566 0.184226397041821
0.068729117291015 0.114301750162788 -0.0137236445786148 0.113380520365087
0.0893490612836765 0.0571992757464405 0.0390411782868401 -0.0373153559945343
0.0843392697324869 -0.0186373544076973 -0.0897433486819116 -0.079953158779238
0.0434117649402832 -0.0695841304149609 -0.149811284767919 0.017611077111684
0.00256000873253688 -0.069237671633652 -0.0928617429244148 0.123844549377964
-0.0303379353188545 -0.0596915750580683 0.0084723967452754 0.124199332771406
-0.0571533327966516 -0.0310222698303296 0.0556642023813218 0.0758031991864743
-0.0570431729299665 -0.0193223729620427 0.0659219167300248 0.042978398835612
-0.0650425903810534 -0.0281396744040832 0.0727317439158606 0.0202958660751122
-0.045566784901627 -0.0688574571519156 0.0817261116213886 0.0146115312753331
-0.00106262174781829 -0.0838287585296448 0.0900328616918772 0.0324573215543655
0.0573984617185724 -0.0961367803238691 0.0880773896100402 0.0789349904691287
0.122070059484799 -0.0228071827107689 0.0526202982415995 0.122683423287744
0.122664159386363 0.0922823089186678 -0.00190559108006226 0.124022119937726
0.0847768396188925 0.160474129655247 0.0137316396443353 0.12764151192812
0.0582922136097132 0.163006907083173 -0.034371641195289 0.05859873469359
0.11004963927234 0.116322303475244 0.0343625328213713 -0.0632500890422691
0.137641198226782 0.00567120816571548 -0.0785658418243703 -0.105016775940806
0.0915472192307323 -0.096528450533292 -0.149452247070845 -0.0140792343268152
0.0176186602282409 -0.109969347290205 -0.106429556209768 0.0913885718713358
-0.0367274628704598 -0.0939239038615485 -0.0153589033821784 0.0998347497295753
-0.0779030009541577 -0.0538077749344167 0.0268955658554902 0.0570568576576602
-0.0794603168173263 -0.0312460805188589 0.03692342462209 0.0279150043708287
-0.085541846932739 -0.0366674692903608 0.0454968668434306 0.00190160263373836
-0.0616780803084569 -0.0849571816808963 0.0604018157151087 -0.0125386822299405
-0.00943031785720195 -0.10735203206851 0.0832364581324541 -0.00427439728177708
0.0637976778138279 -0.128995578477849 0.101366468343792 0.04324825671954
0.147356166188476 -0.0393420907204839 0.0794044910275969 0.0980306387734629
0.14720424589961 0.100578064509692 0.00901965751835871 0.0982661255941816
0.0974748543110064 0.188055980891276 0.00550813619597595 0.0624757932124995
0.0364547239062874 0.182569730451003 -0.0446315370855333 -0.0178405068611168
0.102570823653186 0.159339791929632 0.0305474476010073 -0.100578041098009
0.16155995444375 0.0396913220450749 -0.057880721312354 -0.129431933316291
0.128626810295649 -0.0969276918313369 -0.130919051362189 -0.0516659265904821
0.0346302910707066 -0.129524079197037 -0.10904378460149 0.0430136382710866
-0.0341354206697688 -0.113891539383815 -0.0401360133610964 0.061090464862187
-0.0848104943653291 -0.0691879986168358 -0.00621660416461948 0.0300262381604229
-0.089780241870928 -0.0380589477146243 0.0024511492276579 0.00881880569355019
-0.0947254257138789 -0.0387293034346389 0.0125239185404163 -0.0169491765416521
-0.0694982208423813 -0.0874458735424181 0.0317439238241254 -0.0385465213603737
-0.0160801420160778 -0.114841241382799 0.0674828674837888 -0.039743993742329
0.0619280157951686 -0.140768956093046 0.10264745349815 0.00836888004501092
0.150544470264928 -0.0454673674029853 0.0922429224802963 0.0706632518446851
0.146444154899734 0.098777975654598 0.00987638429068195 0.0749070038936829
0.0927918156216355 0.188615094158028 -0.0079579582508748 -0.000482998426855586
0.0101798419101389 0.166448690739037 -0.0418283373866679 -0.0995740827669882
0.0708430721633583 0.167008749422331 0.0293065973438728 -0.139246568876629
0.145517515766486 0.0654645252353611 -0.031387092161388 -0.145984368505235
0.134851759845758 -0.0743577494217564 -0.0990376726093941 -0.0837856462566171
0.0463853935425966 -0.121423886754843 -0.0978233430610256 -0.0090104216463479
-0.0247822144709881 -0.111420681531872 -0.0596493344733734 0.014642204524028
-0.0784429879714525 -0.0711375545205845 -0.0391521391871142 -0.000421378860077382
-0.0867402299911505 -0.0393811826094448 -0.0312403528330092 -0.0110424823109029
-0.0907467068591919 -0.0382640755149745 -0.0207845954366759 -0.0357267444034481
-0.0664645001618146 -0.0811549740323604 0.00349035488102896 -0.061716000736797
-0.0151557029777868 -0.107769300366502 0.0493091191411833 -0.0681530030748024
0.0612199459752146 -0.128329243512573 0.0968141803299507 -0.0184043244945416
0.137432099474727 -0.0336460944604605 0.0938031453764266 0.0470234397506621
0.121846701442982 0.0947142422655244 0.00580254663042736 0.0551982260245666
0.0682001328055446 0.167908809305263 -0.019822884923069 -0.0543374733882467
-0.0118615855510926 0.116948135638788 -0.031653668384764 -0.17006820867464
0.0298680381899532 0.132583472494484 0.0288521077431715 -0.170129155413966
0.0992275169466919 0.0665608154532834 -0.00515189682483487 -0.152593124970058
0.106866593373447 -0.0437429769639172 -0.0665533840208491 -0.103639604753879
0.0432087340821382 -0.0893351643294375 -0.081704778707376 -0.049720448085919
-0.0143365117005257 -0.0874893723131745 -0.0731990738667203 -0.0254061428507334
-0.0593082931614773 -0.0588325542377936 -0.0661288704792618 -0.0263689376219978
-0.0694804605235689 -0.0331471096084152 -0.0604078807310071 -0.0295540045351704
-0.0745706231858888 -0.0334078404694019 -0.0496160944294847 -0.053421858188289
-0.0534735345732823 -0.067047656289515 -0.019387215406226 -0.0817709686508708
-0.00900339955991684 -0.0898209974744543 0.0370308232423151 -0.0902834646662501
0.0589803436943339 -0.0992251573163764 0.0921886000463743 -0.0366935550752712
0.111976905625162 -0.0102672785615993 0.0905657182218528 0.0314021659870409
0.0813472554379785 0.087435047792336 0.000986808580106795 0.0400497030040406
0.0299943510853059 0.128540206945995 -0.0246172934810071 -0.0957191115491568
-0.0298780417913414 0.0448109683075151 -0.0212880783707311 -0.214530293259649
-0.00896998819516499 0.0690120670523403 0.0243625994862853 -0.184085636772052
0.0397413064525894 0.0455087070199576 0.00864153146072169 -0.151938230682442
0.0564871675752456 -0.0145642161940133 -0.0469974146000599 -0.113071931593246
0.0276505309172216 -0.0450650869375647 -0.0715443694724018 -0.0718902437220566
-0.00409407956717536 -0.0483013392112678 -0.0826883203936358 -0.0490986035270776
-0.0319624440767826 -0.0365672588514619 -0.0841284826148494 -0.0421808310305194
-0.0424849717259304 -0.0216385179403857 -0.0802350405519464 -0.0419989499612099
-0.0468789022079744 -0.0234015070439922 -0.069783575085901 -0.0670870301514625
-0.0338822776309806 -0.0461449391810914 -0.0329572140494117 -0.099765384098824
-0.00172349930035888 -0.0632030008214569 0.0341375999248483 -0.109190558388119
0.0513321964681789 -0.059815344699987 0.0952913694752343 -0.0478168700755411
0.0755601686165908 0.0138808440431967 0.0889310551839636 0.0237669751820074
0.0345199897588009 0.0707529386311988 0.000100233068627147 0.030428168757897
-0.0115854323314155 0.0742716879915452 -0.0202713712038154 -0.119972427656264
0.0352156976413828 -0.0149526891150675 0.0426928719616402 0.13251164538495
-0.000149938901679492 -0.0377366538910193 0.0418254441707232 -0.0311408960975765
-0.0319229031639444 -0.0154338985081898 -0.0927455139221645 -0.0450743851033092
-0.0259623261034292 0.0215587455096136 -0.123532500344334 0.0491686767745885
-0.000303868747503092 0.0229220188862618 -0.05180019663561 0.138008170941226
0.005313585017668 0.0124099668283319 0.0409979233854337 0.127467403293858
0.00840875366694911 0.0135106547561192 0.083595674912012 0.0773270418372447
0.00797011846572207 0.00972247515583693 0.0943232516323093 0.0471657548244434
-0.00319077575521064 0.0105610634914336 0.0979256001351594 0.0365917468054927
-0.0118784473791526 0.00385977116486899 0.0959817352469451 0.0458183039429182
-0.011819293267257 -0.000801434105847423 0.0825307753148687 0.0709789960741962
-0.0133701645152417 -0.0184838995008999 0.0545955767635282 0.112314736973312
0.0146276115007227 -0.0280382492610419 0.00344187478760643 0.143211246520501
0.0480033408933342 -0.00684108271864408 -0.0378589697902595 0.167955277045471
0.0441302591343682 0.0207040219954398 0.0163737467349781 0.216546499170588
0.0612632241218048 0.046865034721927 0.0186005599685324 0.136451338235137
0.0491879052625993 -0.000710464660183461 0.0414020393808188 -0.0285002636975719
0.0217590394309861 -0.0266584573093084 -0.0938661944694368 -0.0555773487424716
-0.000216844460111883 -0.0253140762378388 -0.135902349975796 0.0423408259239411
-0.00449772730726833 -0.0202547013628606 -0.0669405847496422 0.139126142196644
-0.016175838084127 -0.0202257262122426 0.0324476473166316 0.130360166218143
-0.0265408370066087 -0.0051350850548255 0.0770990700209724 0.0783905401520639
-0.0263915266787537 -0.00362573147542839 0.0869491129745212 0.0462170026614015
-0.0363204402055087 -0.0102347448800731 0.091824094586037 0.0298954021827793
-0.0290553449896708 -0.0372707179887843 0.0938785702544436 0.0339146132221245
-0.00169325865934841 -0.0452636214686322 0.0884281632129265 0.0575984783553123
0.0294340466458704 -0.0551015058510839 0.0695046183473054 0.100032918001052
0.072802267537614 -0.0170090018024766 0.0265446056114914 0.13420234931504
0.0865697401182841 0.0531122450690953 -0.0167751529283564 0.14770657002336
0.0659973172903807 0.0986315785299591 0.0211271455848178 0.18091937909503
0.0722319010879863 0.10878538970618 -0.00749986383209959 0.111632113827257
0.0907561853568103 0.0520937656862453 0.0376536437133162 -0.0391516413726362
0.0815058326563963 -0.0230555778751379 -0.0914928014576483 -0.0752327037167199
0.038646881501391 -0.0696653987805335 -0.147049031013188 0.0238142705780899
-0.00160985158507265 -0.0679186816896957 -0.085422871533692 0.126967605608603
-0.0334192218501809 -0.0571757635014458 0.0140874017266374 0.122226160722954
-0.0574700767259697 -0.0268694351793568 0.0584539825279857 0.0716365288590739
-0.0565920552879093 -0.0159917175946557 0.0668220405716484 0.0390474102247035
-0.0649828575831602 -0.024071605368863 0.0732515826905503 0.0160271071578113
-0.0485037698489286 -0.065905673295796 0.0815738869241116 0.0110766736802404
-0.00482026717354022 -0.082573628732478 0.0906096350957 0.0279836234091636
0.0512827228440322 -0.0972491671176497 0.0897216876671189 0.0739177102159482
0.119083638891517 -0.0277175735567868 0.0564310298741267 0.117894206116284
0.125319821508819 0.0848517660430925 0.0026551891146826 0.123074231421245
0.0892813622270642 0.153475359424551 0.0191982652046819 0.125546163474441
0.0650892156908149 0.157253660376655 -0.0302601892837927 0.0592045938303658
0.113895395985612 0.108807115813679 0.03212313476381 -0.0641267276077524
0.134736107592687 -0.00126439272367334 -0.0819485269967545 -0.100609585504529
0.084231380739673 -0.0986151145459299 -0.147725493432535 -0.00731124429681507
0.0107012889035985 -0.109015162106815 -0.101035410871581 0.0963519596622107
-0.0416417372157581 -0.0907069583139892 -0.0109655930924343 0.0996158859552855
-0.0794289258475065 -0.0485574809086897 0.0290253359102806 0.0548572658463032
-0.0792440734589842 -0.0261103956855752 0.0369715477743237 0.0258500786638728
-0.0853787010391617 -0.0310155739821486 0.0449227790735431 -0.00078172615469588
-0.0651069628041069 -0.0806850952532693 0.0592773960667578 -0.0152364712614473
-0.0144644059885679 -0.105552909387903 0.0826379517701813 -0.00846877336074747
0.0553546138323789 -0.129945667668596 0.101734211899588 0.0391070210715207
0.142809609521639 -0.0456324124017508 0.0812955115658633 0.0920751369081448
0.149332398799161 0.0927941796104014 0.0125488791554954 0.0965871210277458
0.103196945420379 0.180268004583557 0.0074793438224981 0.0619996092375862
0.0438213390924587 0.177833346430483 -0.0440404679159793 -0.0155767909733055
0.108558661048329 0.152272323576701 0.0260056279329198 -0.100109649364573
0.159948130261086 0.0314613889199862 -0.061755732069163 -0.125344354506538
0.120319267277502 -0.100965812040119 -0.131121572674571 -0.0453216295828817
0.0273862301005714 -0.129984431855862 -0.105303262866089 0.0484209950756892
-0.0395342691969236 -0.110840251348563 -0.0373044574460279 0.0618759823499715
-0.0870240372361238 -0.0631729332577735 -0.0054906008210189 0.0301279200059551
-0.0896704972494449 -0.0328207549181903 0.00261837636511853 0.0093202337964406
-0.0946679219382053 -0.0329871954192736 0.0117198247233445 -0.0177452203362431
-0.073309760075546 -0.0826356722640663 0.0300104431153121 -0.039344531614068
-0.0214600291025877 -0.112074573700221 0.0654554072093892 -0.0419972248255392
0.0529721170009706 -0.141512270242326 0.101119103326812 0.00449417004196526
0.14565629505163 -0.0521055138830855 0.0932901680545115 0.064611763433426
0.148321310537638 0.0908618580173203 0.0128715225921572 0.0740283318288073
0.098757434307389 0.180899923762917 -0.00912639738402598 0.00108071056676971
0.0176455442961695 0.162843447170373 -0.0452017440199752 -0.0960393218425191
0.0772913844895764 0.161278091033921 0.0228084872824752 -0.137774471147835
0.145884250872861 0.0574764219068405 -0.0356193160428598 -0.142790405423678
0.128333163706918 -0.0784814628474067 -0.100590540852941 -0.0781345830119053
0.0387298114491583 -0.122306897721585 -0.096635400975751 -0.00341450104935552
-0.0302263514465257 -0.109138295720372 -0.0587556066905417 0.0170998625615712
-0.0808918620068172 -0.0657651014635598 -0.0389320727437762 0.00241255163162579
-0.086340911290176 -0.0341550153988528 -0.0318797175983817 -0.00859363458230801
-0.0900030926979471 -0.0323215165207004 -0.0218969406860323 -0.0344251293039442
-0.0690935969085596 -0.0765539855178697 0.00103865431714797 -0.0602472037313405
-0.020405035093301 -0.105038128670584 0.0468064824499939 -0.0692979912505597
0.0522504080669394 -0.129419448206468 0.0946352767983337 -0.0214830228715999
0.133516625629717 -0.0392829469039019 0.0944046162055063 0.0410812841167177
0.123736907941701 0.0875901870152481 0.00779547609710149 0.0549618527648325
0.0738831898616859 0.161467286363291 -0.0234951115448448 -0.0515873576262611
-0.00680124994369918 0.114494123138114 -0.0381206820369343 -0.165248924955069
0.0349225360228454 0.128878479901234 0.0214085961988763 -0.167374849090379
0.0995685898298025 0.0611713832179605 -0.010550179082524 -0.149634791783188
0.102336756567369 -0.0472204232922014 -0.0692659010395858 -0.0992184623723708
0.0375741893904505 -0.0905537476485586 -0.0830420209799972 -0.0451815476757297
-0.0189429576311546 -0.0855979674757404 -0.0740198202035535 -0.0215584837552283
-0.0612999731937833 -0.0547182719361631 -0.0678309147132872 -0.0223400996823853
-0.0693217373678236 -0.0289615214846605 -0.0612803714222998 -0.025002807005325
-0.0740745313640679 -0.0281506254687366 -0.0514058030800623 -0.0491590058859795
-0.0560784613107125 -0.0632140877922108 -0.0227034123476753 -0.0792742002289909
-0.0131645490957194 -0.0879661338447797 0.0334031017617696 -0.0908527445368825
0.0520096286112961 -0.100340713827611 0.0897333544609755 -0.0393358823582701
0.10923245162332 -0.0154702128251668 0.0907963754918494 0.0263943991374633
0.0838487739248885 0.0822391150751766 0.00290007143932939 0.0400035157085604
0.0349724587102842 0.124567870386563 -0.0299298865254348 -0.0916373804709151
-0.0276935151929405 0.0451982788407532 -0.0302442565513908 -0.209514613228179
-0.00587163220422553 0.0678556642821986 0.0167909300617128 -0.180930041733251
0.0407652358502844 0.0433581842529184 0.00308216924353233 -0.149705272186603
0.0541208415301947 -0.016380083439628 -0.0503567375092994 -0.109207465157202
0.0249488003347113 -0.0462477606586724 -0.0742705679314197 -0.0677691713121005
-0.00668777603704158 -0.0474201171378609 -0.0839581530228827 -0.0447162616025091
-0.0333261266666957 -0.0339946242588646 -0.0862988184395313 -0.0371372688450033
-0.0415814351041225 -0.0190834722673617 -0.0815564907138919 -0.0361913724569027
-0.046675137180133 -0.020319726339374 -0.0721326995305095 -0.0623911368424205
-0.0358293109731504 -0.0428698564755349 -0.0369527416431115 -0.0962491615322799
-0.00490391994413683 -0.0620838168643749 0.0290749920990293 -0.109362257608277
0.0471057530194808 -0.0614706825968493 0.0921645146107938 -0.0501495547437245
0.0749137002554674 0.00987898406297947 0.0890053122039907 0.0192561399591873
0.0366098821125457 0.067668823775301 0.00159050905444794 0.0306635617728349
-0.00845206063128924 0.0728143710647047 -0.0268740491713139 -0.115493704978129
0.0331623426176824 -0.0150859030926223 0.0450225103495576 0.125963460765801
-0.000748067128635412 -0.0365814359261101 0.0398604369726129 -0.0319035679203893
-0.0313881436674814 -0.0144942562302803 -0.0903405241442401 -0.041837503795742
-0.0239852426181087 0.0217511631007337 -0.118576490076492 0.0500923361262008
-0.000216607402031554 0.022445977757034 -0.0460550168685392 0.135029565057748
0.00491334486984126 0.0127231831484046 0.0428129193722618 0.12249796081539
0.00860354385053529 0.0130419050371528 0.0821978097973706 0.0725955282671624
0.00745163263229695 0.0087985654302635 0.0927128460170333 0.0425178868130035
-0.00283100432008947 0.0102178465971819 0.0962851533522215 0.0319132130894645
-0.012138846998688 0.00365862328221367 0.0946586462815015 0.0419039943470393
-0.0109378690474062 -0.000807575251806623 0.0812187255583089 0.0668760084661572
-0.0135382348134299 -0.0174987006525243 0.0544734384068154 0.106639268439715
0.0132126035407594 -0.0269607208768824 0.00521355567833191 0.13757272700662
0.0462897185834299 -0.00803858690539448 -0.0333138351478705 0.163002930926295
0.0417015893632819 0.0191608013509336 0.0224681255381324 0.208591940428483
0.0601991595715612 0.0438851112020961 0.0225327104783868 0.129922270873966
0.0478418912296422 -0.00199635675275054 0.0400084729608374 -0.0291611289322151
0.0195885311223021 -0.0267576308427101 -0.0916365059212659 -0.0514756161854753
-0.00120901016210424 -0.0241611900027886 -0.130797579448919 0.043610285656483
-0.00547805104650896 -0.0190021477033883 -0.0604596137516364 0.137195749105309
-0.0170413739874543 -0.0189078453754667 0.0349182991026705 0.125831894763761
-0.0256879398326432 -0.00373764403470396 0.0762312361826499 0.0736570556601375
-0.025480963017757 -0.00258854841176895 0.0860385804880893 0.0423895230037008
-0.0353569219725375 -0.00845886624591158 0.0897618988619069 0.0256185899100643
-0.0297128545392735 -0.0352196688041206 0.0922454415042129 0.030327047628066
-0.00282701022985566 -0.0444084010863608 0.0866126593052339 0.053748448773843
0.0262256654447749 -0.0538551531388103 0.0690346325700436 0.0948071040369853
0.0694786679388915 -0.0186838845131147 0.0273352967275462 0.128662658710706
0.0850761462622662 0.0486692954710583 -0.0136960795148141 0.14337979170969
0.0648706097000103 0.0937512524805781 0.0255328328341009 0.174245474654362
0.0722682743854195 0.102443437823308 -0.00337299749411523 0.10758918826319
0.0891868926121036 0.0479297494945947 0.0370133414402258 -0.0392476830516287
0.0772875016191768 -0.0245147594918955 -0.0900655051202985 -0.0705763761237146
0.0344868885588932 -0.0677919894400443 -0.141091245795843 0.0261238389485115
-0.0042815176443422 -0.0652311994541283 -0.0783481017297171 0.126024064531246
-0.0344307243449255 -0.0544040981001273 0.0171242879868528 0.11798756437727
-0.0564045908595461 -0.0242946838229247 0.0575187314495959 0.0674894794297329
-0.0548139435116606 -0.0139714491938132 0.0658127743852552 0.035621593897355
-0.0636381023873596 -0.0204725164739561 0.0713744160791928 0.0127032397205336
-0.0497678178542602 -0.0621432930956919 0.0797011603517797 0.00836462674809016
-0.00688327244213612 -0.0799031721095387 0.0884497563035049 0.0248097221078188
0.045726353721065 -0.0954820095717859 0.0883033802429115 0.0700548340258662
0.113815593752171 -0.0298247453626106 0.056350105885941 0.111409075566968
0.123406024276548 0.0783350392486223 0.00449786465679365 0.118996697079698
0.0890947464172126 0.145575307189554 0.0213728382323211 0.12090906731822
0.0662280274971121 0.148827043741458 -0.0270998695200069 0.0574960795421169
0.112943223417106 0.102190395905904 0.0302175206922897 -0.0622561752056816
0.128531452946253 -0.00580347422372363 -0.0808731752464146 -0.0949086829372034
0.0776731551341329 -0.0967856222701063 -0.143088602682114 -0.00378396337739647
0.00589529488864256 -0.105603082918496 -0.0941688589765542 0.0967995738481674
-0.0435709494521817 -0.0870368128691602 -0.00805594392035817 0.0963875165867843
-0.0777970622399392 -0.0437614991489654 0.028464211874119 0.0522503288143108
-0.0766896099945328 -0.0227346404234641 0.036575434353692 0.0246035687176416
-0.0828198304816783 -0.0264137160788838 0.0439490029655733 -0.00254127595063154
-0.066118632555126 -0.0759141521155056 0.0571645189045521 -0.016183436838193
-0.0168728321327526 -0.101349897136748 0.0808499812493068 -0.0105645424083118
0.0484536341823805 -0.126876846967886 0.0992294326712311 0.0359970364108224
0.136528418886758 -0.0480558415222442 0.0799081617649865 0.0859738524101331
0.146189872919406 0.0855829271347628 0.0137501923294105 0.093944093192616
0.103215092738444 0.17050673847798 0.00837104356655524 0.0605367132802067
0.0474028221729729 0.168710083309188 -0.0420616851845111 -0.0137530603345894
0.108681405383952 0.144091813308441 0.0240867871413624 -0.0964354595334727
0.15407386434591 0.0254179592250811 -0.0623059701372426 -0.119867228466208
0.111663236830025 -0.100155286003127 -0.127468254349806 -0.0403676865102238
0.0214801748754774 -0.126299614454717 -0.0993995983050999 0.0512654061984139
-0.0424313709265989 -0.105895704124821 -0.0343959952255566 0.0609850644731331
-0.0863658567291059 -0.0580786303933242 -0.00517043775315256 0.0297971853173592
-0.0866340023265095 -0.0287014397397776 0.00254264611191023 0.00931910158110916
-0.0918537574248957 -0.0284319778183291 0.0110136087317766 -0.0174208788216429
-0.0736981499460302 -0.077815888843289 0.0286024872316382 -0.0385010917076805
-0.0238564159160228 -0.107665339434374 0.0628562422373102 -0.0428970335410605
0.046121557364411 -0.137684054235666 0.0977325218214493 0.00232038803791949
0.138853435518684 -0.054060354293209 0.0908384691432778 0.0588653100740478
0.145718407250447 0.0835196769835275 0.0136882236528809 0.0719936671712246
0.0990811594774037 0.171053207075195 -0.00933934705488022 0.00259134188432312
0.0214000307292492 0.155039571495227 -0.0450661843422301 -0.0911727670315475
0.0789368176212219 0.15321548302322 0.0196584797290816 -0.13255468426357
0.140962311240067 0.0513822877635788 -0.0371050110541539 -0.136405726824166
0.12025030252741 -0.0792867403559699 -0.0982221672243124 -0.0729782197631578
0.0327875985774032 -0.119033588188766 -0.0930610871816788 0.000539009023404074
-0.0337412275060299 -0.104900225497828 -0.0566904694478291 0.0183300012638606
-0.0805093682579286 -0.0607980173782857 -0.038500118253165 0.00364746574411632
-0.0834387490829019 -0.0303334189515708 -0.0311039964787226 -0.00679319022176708
-0.0874338838480403 -0.0277170060807319 -0.0221299807902801 -0.0317959580168465
-0.0699349069788246 -0.0712255842561269 -0.000153111317199248 -0.0579477773227549
-0.0222805702050175 -0.101276844884577 0.0437806413723164 -0.0687065265719094
0.045637498363016 -0.126212873575166 0.0909615321436774 -0.0228632921929536
0.127263373206883 -0.0422784023337607 0.091491898458508 0.0367440798553714
0.12183462685013 0.0813910527723307 0.00845179810127162 0.0535104192257099
0.0742149197563904 0.152889220303277 -0.0247910528718762 -0.0475495102884286
-0.00322419936516216 0.109980417833186 -0.0407785434068253 -0.158217131787573
0.037347710090771 0.12344097004157 0.0179910950353864 -0.160801733161783
0.0973875298886575 0.0564338917050043 -0.0120264222043399 -0.143804622222318
0.0959533152233671 -0.0481887696596695 -0.0683644276794941 -0.0942175275782047
0.0328229740511679 -0.0886697732990487 -0.081196507061579 -0.0405897079003488
-0.0218542268543459 -0.0823444017513825 -0.0727974140136737 -0.0189749370241898
-0.0613493807054397 -0.051109199862974 -0.0670567068216506 -0.0194020228988613
-0.0670294698608803 -0.0262057236078295 -0.0602775012334114 -0.0210783880175855
-0.0711034192695341 -0.0244192748068714 -0.0509105085601016 -0.0460887656203365
-0.0564897221558278 -0.0589584487547491 -0.0240089004410864 -0.0754137147369321
-0.0155419045152101 -0.0841029867589517 0.0303746484103292 -0.0887674116070368
0.0468096017190213 -0.0980690802987262 0.0861510121784227 -0.0395742680102663
0.104773286979996 -0.0182298523826404 0.0881551860362156 0.0228035782089274
0.0829836817562352 0.0775453856417599 0.00345359566309821 0.0389249044111543
0.0366173497033025 0.118419737078191 -0.0326228651519006 -0.0863382774003859
-0.0253617459049843 0.043378016835139 -0.0340089221180958 -0.200330888681666
-0.00405435628196741 0.0654048851669589 0.0120522975261698 -0.173612338754753
0.0402868713099436 0.0408010461438519 0.000955705080302945 -0.14461654760679
0.0515667272584653 -0.0168555918206591 -0.0506491434775658 -0.104329531345326
0.0219949888770828 -0.0457665332931333 -0.0736518708013185 -0.0638272578193915
-0.00786925311828371 -0.0457034258640865 -0.0836838923588107 -0.0407212183119984
-0.0330201575851016 -0.0315926479502676 -0.0856717656619308 -0.0323296117117883
-0.0399455368249613 -0.0174184748089994 -0.0801081119358065 -0.0320435666362311
-0.0448215155526771 -0.0176144003078705 -0.0715850266743807 -0.0575998257686791
-0.0354796300206499 -0.0401567921642914 -0.0377140843734291 -0.0918959437429098
-0.00676226680481664 -0.0597089587980012 0.0258768705191644 -0.106180366685628
0.0435392650475873 -0.06040283347158 0.0880944001536831 -0.05054522059069
0.0723979488281348 0.00763794144620414 0.0862249535692388 0.0162942571430534
0.0369307094983608 0.0645881223355777 0.00223699546855464 0.0298060223075262
-0.00612972563910333 0.0699757761395004 -0.0301295549276299 -0.109472788081128
0.0344217485858268 -0.0128954052053262 0.0361502525375563 0.122232715310257
0.00122796127810497 -0.0357673290436746 0.0399081216560113 -0.0293137928656713
-0.0293900587547468 -0.014913104509951 -0.0851118512033399 -0.0440767471538038
-0.0231082705025244 0.0207691234218546 -0.117758976512408 0.0430190170157835
0.000117332906803367 0.0215492198348434 -0.0495762364905112 0.128450739977868
0.00437034874975354 0.0125046784957384 0.0365768780837348 0.119607338017391
0.00822801306667534 0.0137595818620509 0.076670548773197 0.0732464864679229
0.0067223598122292 0.00879948319490712 0.0884734303975532 0.043646559625558
-0.00270627424036929 0.0102687172402933 0.0925378662118288 0.033288698757537
-0.0114666518764095 0.00328535475657548 0.0901547091160742 0.0432890370853609
-0.00954469394520516 -0.00114236887407213 0.0748046356090128 0.0680389690437678
-0.0105810497575321 -0.0158056047510359 0.0475783674403251 0.104287230432311
0.0144623934461873 -0.0234042835050032 -0.00347161335991504 0.131290663120504
0.0443009239281122 -0.00397775075825592 -0.0421235209094549 0.156149825128684
0.0407151307003397 0.0219411627598823 0.00811435006487745 0.20157624679748
0.0569571628458061 0.0465200223790318 0.0168210660916576 0.124320164636267
0.0460713652314874 0.000868576550919146 0.0408522861905957 -0.0281239533138403
0.020291480584445 -0.0236687149605484 -0.0854198097216595 -0.0560118343985718
0.000613891941455678 -0.0219270515276801 -0.129822050113031 0.0342939478786438
-0.00273318301836958 -0.0183957594661688 -0.0642922676112025 0.128928126734312
-0.0154581840657913 -0.0193350489645196 0.0270894466870903 0.121517582844314
-0.0239696236865273 -0.00425198056002908 0.0694066050695963 0.0748996687470519
-0.0245282125814523 -0.00384132331980929 0.0814609260185112 0.0427693879162612
-0.0335216653450922 -0.00924339491250888 0.0867822593304742 0.026351005898629
-0.0281226376813736 -0.0357328434266016 0.0888334452066984 0.0312201415458389
0.000235976410674443 -0.0440682603461111 0.0829681451067567 0.0546982008615903
0.029426255560058 -0.0498078501147237 0.0646068224268255 0.0939343386705905
0.0689876484722212 -0.0123024912707356 0.0195801935835547 0.125340609881275
0.079951541332092 0.0530472603528099 -0.0230989033478845 0.140103829239536
0.0606615628473547 0.0942498730755428 0.0112270779377886 0.170423961596083
0.064614252443925 0.105004559176798 -0.00432564763858714 0.101726791048964
0.0831499119670762 0.0522148756748824 0.0395616388469557 -0.0392394750924402
0.075777422232044 -0.0181094974615021 -0.0825070722973443 -0.0761742937212747
0.0368324978160039 -0.0613270475464964 -0.138849340763097 0.014339871205226
0.000838598136950744 -0.0625842457708411 -0.0829451435544481 0.116629980678507
-0.0305834751449932 -0.0546097641639802 0.00901813439414012 0.11375219830897
-0.0526773802596677 -0.025244202037954 0.0507741405700865 0.0679903262061883
-0.0530412518046889 -0.0166736685364174 0.0621652836444146 0.0365115603954669
-0.0606249554130698 -0.022372639387815 0.0692213095900372 0.013445267399144
-0.0470892469174925 -0.0634345981086347 0.0779529651227878 0.00956675945579837
-0.00276966164480205 -0.079439951561938 0.0874974292190596 0.0259830162013924
0.0491396747807462 -0.0891490846476898 0.0860704979926215 0.0695406767258024
0.112619599031498 -0.0219736221028067 0.0495750157535516 0.111817214157842
0.116640656090978 0.0836674269733697 -0.00473640530019795 0.119050280140125
0.081634538608581 0.144358045027326 0.00930046444437773 0.120983153116085
0.0552077785405767 0.150436653382885 -0.02220227799151 0.0533356716881173
0.102501350482179 0.106909616875331 0.036672064385687 -0.0620698749500534
0.124314009547204 0.00437842131462044 -0.07104276652496 -0.101521457458688
0.0786927848658394 -0.0863739485199137 -0.137614182222898 -0.01644589370782
0.0128286859797712 -0.100818804413198 -0.0970127716998076 0.0868030154770233
-0.0381726419306456 -0.0865965177460824 -0.0148323638625656 0.0917269025465183
-0.0729930095980851 -0.0459096330033357 0.0230259918264981 0.0525299405617455
-0.0740029936268635 -0.0266504409378036 0.0338424252388563 0.0246579241879091
-0.0794071612025681 -0.0289588074632211 0.0425923315155867 -0.00226212635467609
-0.0629988550028184 -0.0769018788742259 0.0570296524300513 -0.0156195308646061
-0.0118853170211433 -0.101237811416385 0.0816826753754388 -0.0089417185076965
0.0530814361382756 -0.120339773222614 0.0993507318261823 0.0363859220132127
0.136013573515653 -0.0387410692948068 0.0745381629860832 0.0893010089959132
0.139511787418705 0.0904211760753003 0.00561245550771446 0.0961204741599972
0.0942744645935768 0.168243161089765 -0.00022306265167344 0.0636235142574225
0.0340539958767572 0.169304850969902 -0.0319313902814385 -0.0150882031821529
0.095083722126291 0.147577514140977 0.0336462012473383 -0.0948721717671417
0.146507310078684 0.0365656646056529 -0.0496993002532187 -0.12412488716496
0.111834059484147 -0.0880213640573113 -0.120111595092709 -0.05171409728977
0.0283734319200798 -0.119444093870741 -0.101025640216216 0.0411177507832685
-0.0362764682890152 -0.105315803929125 -0.0385266691065417 0.0559893022911973
-0.080811220808069 -0.0602877420635005 -0.00952049192638734 0.0293598457017868
-0.0832304178332932 -0.0330059665424894 0.00127150515020177 0.00992708899807897
-0.0880099577762082 -0.0306587739506236 0.0109667427990595 -0.0179607439523409
-0.0705571544856244 -0.0788251634119076 0.0301720619891065 -0.03809698315582
-0.018976316441169 -0.107390511593515 0.065921804827761 -0.0411640301854217
0.0506606944325427 -0.131510279537789 0.100568727521145 0.00429074734018731
0.138978966353173 -0.0457354410028678 0.0869856459419806 0.0634847396401229
0.138093519820756 0.0887100779824399 0.00709116892632026 0.0747116857054647
0.0896980541295434 0.168677832274897 -0.0141333181401676 0.0068269053662795
0.00880017539150604 0.154419249576687 -0.0314357806624726 -0.0888797720999556
0.0650266729554202 0.155305440794879 0.0317483055859024 -0.128800687333481
0.131845913347315 0.0606210080538927 -0.0234675363414719 -0.138331509800879
0.118270827717655 -0.0670119533481197 -0.0895740858947303 -0.0816973797646002
0.0384571082251091 -0.112263757013979 -0.092458893382884 -0.00742005482657774
-0.0279091301461553 -0.102847619289155 -0.058126324638935 0.0144718870866008
-0.0754488930127478 -0.0632955594329924 -0.0411811689155362 0.00298124591278043
-0.0800218983192775 -0.034023715382228 -0.0313403654430085 -0.00671061310515761
-0.0841207014560997 -0.0303375671120109 -0.0204687527339569 -0.0327899439162684
-0.0667067274238169 -0.072502532898305 0.00264447959202945 -0.0577419345097803
-0.0181481849187592 -0.101133048215357 0.0487751225830878 -0.0665182315542587
0.049785400087752 -0.120563275172188 0.0949344078593342 -0.0202652487240876
0.127119018981966 -0.0345182342631379 0.08864284468138 0.0426215814059433
0.114847239330519 0.0852194099940435 0.00345109908381897 0.0558388989240404
0.066931827616382 0.149695342816755 -0.0256908480027441 -0.0427630241815882
-0.0131454022854155 0.108110049969856 -0.0247330768297327 -0.152797791304997
0.0264137960606556 0.123255902658839 0.0305453598760387 -0.15417111248204
0.0886485097609197 0.0622514212956534 0.000329743058765247 -0.142735374658764
0.0931430677561877 -0.0387785247838937 -0.0592559514143527 -0.0991556544879849
0.0360386690217285 -0.0826471545589366 -0.0784853109247237 -0.0461293778637569
-0.0171672249103956 -0.0804428520744378 -0.0714846073061264 -0.0221725271607022
-0.0575510213324007 -0.0528381873274157 -0.0665944863374291 -0.0200763972604148
-0.0642434058774147 -0.0293296777080341 -0.0586917211436879 -0.0217216399434504
-0.06830753342412 -0.0265157417388421 -0.0478222043131591 -0.0462757189406746
-0.0535613073308933 -0.0599040330568292 -0.0197853232435268 -0.0754573395589396
-0.0116704657053795 -0.0842351652680141 0.0356903969578279 -0.0865433469591387
0.0495621306709163 -0.0942430639992958 0.0902662150006815 -0.0355954384829642
0.10419836426009 -0.0123037295362415 0.0848908146420801 0.0285914425720748
0.0774285524429403 0.0794882024581689 -0.000923010012389376 0.0408684992381736
0.0305780019703765 0.114768927969411 -0.0300350341651886 -0.0816781958349659
-0.0303187899988063 0.0420034650601232 -0.0191553436091852 -0.193511813274342
-0.0106532836285351 0.0638926574669331 0.0244782499564423 -0.165280830966245
0.0346042413431987 0.0427228133337117 0.0121833310075171 -0.139931578225054
0.0485087277894937 -0.0117801351425983 -0.0416270452217237 -0.105416414283039
0.0231546245179957 -0.0418158695041097 -0.0698775126929232 -0.0667908069927488
-0.00600608067527371 -0.0437459498462964 -0.0803458504047808 -0.0430619829617599
-0.0314438293638043 -0.0328855149121326 -0.0840566179385955 -0.033382556370622
-0.0377307984914659 -0.0195141284136105 -0.0772068023161348 -0.0319971672912897
-0.0426652381348955 -0.0193001086641948 -0.0674820798944468 -0.0578394409068912
-0.0338791658648425 -0.0410144180120313 -0.0332532233010477 -0.0904324598893993
-0.00442926866124841 -0.0594506509791454 0.0314069881110292 -0.102205423994884
0.0451191182628795 -0.057709868509827 0.0914475873682697 -0.045364361353335
0.0713064219021976 0.0111453601106022 0.0824803758697217 0.0221917320028838
0.032300987629462 0.0651707771565222 -0.00195180122133165 0.0307440912323195
-0.00894106706786785 0.0668905426600711 -0.0253607632831203 -0.105519349258656
0.0339274600914275 -0.0116376761777876 0.0338038809383656 0.120609187835703
0.00199057385538082 -0.0353988671320825 0.0408191109348911 -0.0293242754070445
-0.0292201017037955 -0.015666021587984 -0.0835829415831898 -0.0456784206721703
-0.023216631297736 0.0204292710501605 -0.118312617633311 0.040333974502158
-9.12940029071994E-05 0.0219332984589034 -0.0506864235439423 0.126527891977547
0.00405906440535276 0.013151020799281 0.0348277205255937 0.119596476106621
0.00854367942143048 0.0137479333202318 0.0749682255075211 0.0735084916548794
0.00681505960723243 0.00898842109762937 0.0880790530237234 0.0434672957303258
-0.00302422872678077 0.00997847491665528 0.0924411738505191 0.0339582538945853
-0.0117886183668072 0.00343117429876587 0.0894783731119455 0.0443055845953058
-0.00911537474580984 -0.00223177034299371 0.0732685518486266 0.0692993066043542
-0.0100883907780439 -0.0159859602947756 0.0446192687699418 0.104070042826479
0.0148682901574042 -0.0232045395617098 -0.00723203164530305 0.130301689806391
0.0439655854589146 -0.00364921175888902 -0.0449839840678587 0.154728949602484
0.0394175684773491 0.0232276320822102 0.00479573941989104 0.199824652005274
0.0552132702141193 0.0467837295208899 0.0150546278980563 0.123358072037932
0.0455785285075441 0.00163298110450085 0.0416362948091176 -0.0281728595417186
0.0199368958009702 -0.0237131740178482 -0.0836984079598425 -0.0579751685935169
0.000714663170042353 -0.0217131835037651 -0.129302378358017 0.0309830079118018
-0.00304880995632289 -0.0178404524977097 -0.065294683974665 0.127200955450989
-0.0155341541949921 -0.0186234444183827 0.0250623882177709 0.121632580983432
-0.023760924692578 -0.00400995966898818 0.0681179279540647 0.0754627290920702
-0.0244706350054541 -0.00417883498175627 0.0807789410033733 0.0434818553763995
-0.0330556427287005 -0.00935149276540945 0.0861242536365179 0.0270692284036737
-0.0277483678200614 -0.0353449324808533 0.0883753160785235 0.0325874382345672
0.00103989016715171 -0.044447717147479 0.0813881880961005 0.056105424233469
0.0294613593268339 -0.0487399758979455 0.0620097698318058 0.0941677943082006
0.0686419795833923 -0.0112098032823235 0.0156070321479251 0.124382620985645
0.0784155892239873 0.053635597251268 -0.0264829974896801 0.138546840787958
0.0577322666776251 0.0952040992606837 0.00809870224872178 0.169443433386549
0.0619121490381843 0.104342110811263 -0.00514493748915579 0.1002378398985
0.0818255596304366 0.0526877797100585 0.0411776609881366 -0.038411902888594
0.0746038954988948 -0.0169477038550347 -0.0800678011487832 -0.0776360241340388
0.0366020246785262 -0.0599739279436663 -0.138033214245844 0.0117033326299005
0.00072536421343684 -0.0616577108093906 -0.0829350126229988 0.114540892025011
-0.0308075293553369 -0.0541391393712411 0.00714064745847215 0.113289541595819
-0.0519620485183416 -0.0255961057021646 0.0497002267824321 0.0685312126546768
-0.0522463193517601 -0.0168426908756545 0.0615880572000213 0.0370953886919674
-0.0597297108312542 -0.0224526194062654 0.068683442296751 0.0139042905737627
-0.0466375493535858 -0.06295852573168 0.0779418502527272 0.0104336006708441
-0.00149043144341518 -0.0790924274520893 0.0867074419547687 0.027696299698905
0.0496601387896658 -0.0875860231438021 0.083872612633877 0.0712704368125935
0.111733335846766 -0.020067382115001 0.0456928081686469 0.111368943361849
0.114123602480261 0.0841566175823961 -0.0074446320951936 0.118260267824176
0.0778258233642835 0.145010137493546 0.0068370316577252 0.120245621772704
0.05155976385391 0.148578661485997 -0.0221430144189339 0.0526773318301329
0.0996694382937 0.107330428111096 0.0390124893211554 -0.0607491028512945
0.121728122537448 0.00593431698765666 -0.0675387327516039 -0.101761668674913
0.0785418817963322 -0.0846775545872472 -0.136284196511243 -0.019293845847354
0.012587978381581 -0.0996149881625672 -0.0970789004007091 0.0849034478760087
-0.0376817758945876 -0.0861473684096482 -0.0161273014455368 0.0910686887967583
-0.0720308049676209 -0.0460370571848998 0.0214302708295987 0.0532268572493974
-0.0727779194553854 -0.0270638790412323 0.0333369139052497 0.0259592030519629
-0.0780963701344426 -0.028933739862073 0.0423487503414938 -0.00190446797500478
-0.0619783055732443 -0.0772390276142558 0.057751517833762 -0.0141817618207713
-0.0100903781910664 -0.101186561916415 0.0817880526586077 -0.00718418162837029
0.0532506785932377 -0.118471334612237 0.0980648732410912 0.0393098829946768
0.135268778648077 -0.0368042884920762 0.071213340956262 0.0896276806342823
0.136740253752534 0.0920255210071692 0.00340984095793412 0.0959704389127185
0.0896752369868037 0.168693943568935 -0.00186929625713397 0.063517626019318
0.0303099675281898 0.167336638026246 -0.0306141233995794 -0.0151218333032409
0.091883274666319 0.14783240344032 0.036215629710152 -0.0927727104534045
0.143552183385476 0.0383539434560067 -0.0463237180666475 -0.124204384652351
0.111386140337232 -0.0848163552422761 -0.11756983478154 -0.053904462059099
0.0283823047838911 -0.117834947448741 -0.100043910844635 0.0403456235639434
-0.0359555161128759 -0.104750030748449 -0.0398734754911483 0.0555383485951413
-0.0797237264152303 -0.0607236925879296 -0.010659409166389 0.0297412371068429
-0.0818457964088746 -0.0336626121196683 0.00106839762007899 0.0104208741555311
-0.0860889735114331 -0.0315521375149217 0.0115969633200354 -0.0173515619784757
-0.0689975583753319 -0.0789603368962043 0.0310856000163011 -0.0371074200573507
-0.0169145140786191 -0.107007442466089 0.0674839961589896 -0.0399939503691486
0.0506325096354966 -0.129390180283681 0.0998822109635698 0.00634175343025676
0.138254370736667 -0.043219420755754 0.0841509788828853 0.0639421460218114
0.135461258687171 0.0902646344624204 0.00496883797339606 0.0748515769753836
0.0854407117960372 0.16808138939416 -0.0149030338061176 0.00737871322841931
0.00533408955326153 0.152309071584532 -0.0290612584919829 -0.0883806366740465
0.0618766735582499 0.155237131331226 0.0352099393223627 -0.125745687744305
0.128709032526714 0.0620627315968263 -0.0194231197879863 -0.13737050995128
0.117530072659428 -0.0641614940695107 -0.0865665535008619 -0.0829868947184788
0.0382272229332508 -0.110521505075808 -0.0907867532440473 -0.00836867829594958
-0.0277414526606382 -0.102677187706661 -0.0582567064515449 0.013195499873922
-0.0742311778612759 -0.0633156435382765 -0.0416265784847332 0.00324490775112433
-0.0785977164456901 -0.0345189522148132 -0.0311652086335352 -0.00609750484046761
-0.0819586104651908 -0.0306723829848011 -0.0197354519016239 -0.0325501092935427
-0.0658087660334413 -0.0727919921336375 0.004463944019148 -0.0569049878804976
-0.0164634538880413 -0.10034435308449 0.0499237954722084 -0.0655997544262997
0.0500194224583614 -0.118811323560658 0.09486274883414 -0.017729659543025
0.126645074660383 -0.0324237104526842 0.086220744816346 0.0433803503666866
0.112841493954216 0.0865249822821604 0.00182395671634517 0.0563145378835246
0.0627985479085684 0.149114079314266 -0.0256809664553533 -0.0419381586802028
-0.0152136473928722 0.106254926290544 -0.0214191566831346 -0.151520924046092
0.023714299189871 0.12271587721031 0.034073435106242 -0.15118795529304
0.086457503931237 0.0629580792396992 0.00435755926602646 -0.141085881640779
0.0924249872066694 -0.0367069716307263 -0.0560694902461608 -0.0995733829259347
0.0359007473028782 -0.0814785205171088 -0.0770302314547314 -0.0464027707143838
-0.0172660216313268 -0.0801814505280679 -0.0718885695570835 -0.0226504427374703
-0.0565906656577443 -0.0529433458943728 -0.0673755733395939 -0.0195076972872789
-0.0624590023319553 -0.029662497743353 -0.0580809137482415 -0.0209942724776982
-0.0662897693906445 -0.0269117040096515 -0.0468943058114422 -0.0463065633716434
-0.0526025660541487 -0.0596618893124701 -0.0179279851930111 -0.0745839292685995
-0.0108145983198602 -0.0835553095439328 0.0376274937715259 -0.0855391192126123
0.0498485893410901 -0.0922291206019981 0.0908888552260452 -0.0337671267906449
0.103092941835967 -0.0109669871435559 0.0839289396034932 0.0294921555850742
0.0754376824156672 0.0800941273496838 -0.00182602110615212 0.040371330000938
0.028023386989832 0.113995932149638 -0.0302321456988841 -0.080136003222408
-0.0309604534529742 0.0402403943470035 -0.0150141447646602 -0.191807565993977
-0.0120041993016257 0.0633930393261502 0.0284724356583886 -0.162213283929394
0.033106040906404 0.0430849848099896 0.0161775469289462 -0.138268894739486
0.0480095300524627 -0.0104264982111949 -0.0387697948888252 -0.105325720790871
0.0230608632417475 -0.0410538152739987 -0.0682573372039715 -0.0675102499428381
-0.00550328119836048 -0.0435690289687169 -0.0802665792013632 -0.0441411157042937
-0.0305783932676481 -0.0331322536134644 -0.0838116286594425 -0.0333995898471929
-0.0371942004965487 -0.0199881743112908 -0.0764706024484327 -0.0316994586702889
-0.0413106881803502 -0.0193572657026449 -0.0655857307809883 -0.05736075357961
-0.0328758653610586 -0.0410021592435242 -0.0313369097103006 -0.0899590576232482
-0.00353681946918276 -0.0585864943105569 0.0331816580840829 -0.101418257813077
0.0448817090955406 -0.0567694570435207 0.092019652215224 -0.0429461140182624
0.0709029389911387 0.0121338521724197 0.0812556140701153 0.0236659277412343
0.0308184593552135 0.065233856325407 -0.00287828566851937 0.0301124482860548
-0.0104812222219747 0.0652525860125701 -0.0246755446470311 -0.103221966368548
0.0343217410006114 -0.0107888013993113 0.0336474094301209 0.122702132389529
0.00258756087652346 -0.0361343076873347 0.0418564647356676 -0.0297898259077458
-0.0295396603349685 -0.0165268606084893 -0.084655250075703 -0.0486968010533936
-0.0234395206528998 0.0203723374377962 -0.122537166313143 0.0396490566930193
-6.73655265244013E-05 0.0227070317532132 -0.0531609755058041 0.128872794461858
0.00438156619308776 0.0139260307013103 0.0344188608971087 0.122504447021299
0.00836601515170054 0.0144916735918573 0.0760736890444683 0.0761109492894933
0.00638027580412259 0.00918446582437566 0.0896475147701779 0.043848565703728
-0.00328565353534601 0.0106994838379927 0.0948337729067472 0.0347602504412665
-0.0123280040408326 0.0034185009856748 0.0918093179271222 0.0462885871756364
-0.00905501023306012 -0.00290273711282299 0.0741755722149428 0.0720148820532499
-0.00984113753920825 -0.0161620338849405 0.0439098915811048 0.106521767486706
0.0153930037095969 -0.0229490901771866 -0.0109548756382624 0.132876802272475
0.045052318059472 -0.00336221017584697 -0.0489102982012391 0.156969515039753
0.0399182643385696 0.0248312514638892 0.00234914969636251 0.203261822339026
0.0547479004228056 0.0483890124896171 0.0146680412096327 0.124453578088912
0.0465761967229079 0.00226478841040704 0.0437631765536945 -0.0289548571257068
0.0200322132491413 -0.0241521850260224 -0.0842624496206799 -0.0603071806529722
0.00104523615652645 -0.0216012174544392 -0.133085388660508 0.029788151690715
-0.00312153934840954 -0.0176916683441079 -0.0676356392878215 0.129265668658292
-0.0159440387795961 -0.0185106375947434 0.024755881579094 0.124618763150144
-0.0237202812409954 -0.00429498259308681 0.0686406987671614 0.0772229849588563
-0.0249579066445406 -0.00452215131838644 0.0820045871902775 0.0438708900825512
-0.0339532444382255 -0.00921002269853001 0.088473287175452 0.0277441358306498
-0.0286454324847535 -0.0362973089511729 0.0907402899748421 0.0342653721829654
0.00172441810152319 -0.0457371664839464 0.0827051468347565 0.0586485113455208
0.0305278920049698 -0.0495660476854085 0.0609401240814959 0.0966600253962448
0.0703351462252483 -0.0104782467056692 0.0125818721843927 0.127174936147979
0.0794505972830381 0.0553805777677635 -0.0294522108936634 0.140596115025295
0.0569070980816546 0.0978531860083515 0.00641008698875069 0.172313807077819
0.0605730511167137 0.106440290210543 -0.00589061968433507 0.10200819807885
0.0830835043908567 0.0544414120826543 0.0434927360176478 -0.0392029273103371
0.0751356233103932 -0.0169826782102274 -0.079767193513622 -0.0804690673529457
0.0373722733496958 -0.0604098838360819 -0.141117165746634 0.00913159268474854
0.00107552393278522 -0.0621875867588085 -0.0850480939526149 0.116289762693675
-0.0314474123903951 -0.0547181417063257 0.00688030060133263 0.116179296069615
-0.0530025920518094 -0.0265580783889535 0.0493298500355323 0.0704948455818485
-0.0530869366194566 -0.0171913755320946 0.0630169879201911 0.0379750091135485
-0.0602875819899581 -0.0225780763486567 0.0699381855867287 0.0142519350868493
-0.0478486008007351 -0.0646698853621521 0.0803576879584715 0.011727130603461
-0.000851887339534243 -0.0812089059292642 0.0886324558121058 0.0291940605606829
0.0511161778882825 -0.0889276456604522 0.0849442971554854 0.0743042551476509
0.114322580435885 -0.0191579758102561 0.0434370641119416 0.113881364533545
0.115185884806275 0.0874580433394356 -0.0100094515351621 0.120630906323615
0.0765343418834587 0.148466273052675 0.0053507521865125 0.122973048898764
0.0498652648466765 0.150687961280525 -0.0224365086509261 0.0531045754205006
0.100627638494859 0.110740529750485 0.0417082187614406 -0.0617351685728363
0.123415797879309 0.00739541010903484 -0.0664657368984432 -0.104980262075556
0.0803948869112676 -0.0849408707940095 -0.138367398040118 -0.0220015525999767
0.0131536913390336 -0.10079420603248 -0.0985078522313159 0.0859096028450251
-0.03930086642396 -0.0878795962334188 -0.0172951389582045 0.0927382080800208
-0.0736323983394809 -0.0476249449990423 0.0211698757866483 0.0546431928758307
-0.0734211588024577 -0.0278178081879564 0.0345372416077593 0.0267892873250611
-0.0788034460243406 -0.0296397090076097 0.0435050151952324 -0.00176780823304713
-0.0635661768571642 -0.0782746959787898 0.0597910746367681 -0.0140507123564382
-0.0101513845325098 -0.103490502646824 0.0844865086733858 -0.00697455760332896
0.054760469959618 -0.120213204625345 0.0995699020743419 0.0415439682432639
0.138354637918053 -0.0359490312088018 0.0703633106356412 0.091899774204342
0.138041973824192 0.0958200582365789 0.0013866833400747 0.0978683290526015
0.0883001164659121 0.172307149383882 -0.00322881118491506 0.065651018641767
0.0279901088282205 0.16899517095686 -0.030019424882119 -0.0159559009257842
0.0918032166758551 0.15198041063084 0.0396295346775222 -0.0934523749413919
0.144884436408887 0.0402172570151211 -0.0440818118591859 -0.12715393204219
0.113243690118373 -0.0850115993472108 -0.118706862798021 -0.0572871137041073
0.0289001450264549 -0.119449607047976 -0.101474386145544 0.0404049482779608
-0.0374188027435216 -0.106814763724632 -0.041261218023273 0.0559374310246724
-0.0813434559237707 -0.0623904372145953 -0.0115730331951634 0.0309887198540606
-0.0827640329551506 -0.0347041328859254 0.00156078083939454 0.0114398158886376
-0.086602771278236 -0.032029194979491 0.0119274531875472 -0.0176123561018779
-0.0705014683146229 -0.0808445232578925 0.0327574601201045 -0.0377495946518528
-0.016949981227177 -0.109771555553304 0.0696576061419548 -0.040441887523497
0.0516047108590048 -0.131504420023309 0.1021988836637 0.0086947717756549
0.141443110449724 -0.0434151324118775 0.0838589698169378 0.065869330277387
0.137474012493123 0.0938032132494062 0.00410166495415452 0.0766517003328007
0.0840467381178212 0.171978681403127 -0.01617810679166 0.00847210478183555
0.00291298153038886 0.153683074592647 -0.027142302597584 -0.089714219156454
0.0611046602053056 0.1588786679393 0.0389612213085286 -0.126826998779446
0.12986437270384 0.0650339313913227 -0.0161586792020666 -0.140218770434506
0.119672569995612 -0.0640484301379274 -0.0863303218295552 -0.0860279127196664
0.0392240434103382 -0.111788227643476 -0.0921109926574317 -0.00866861444124476
-0.0285068074905592 -0.10465866880992 -0.0606382304690342 0.013150449660867
-0.0755468119158217 -0.0646106180790929 -0.0432142468179644 0.00377540988987367
-0.0796731354370155 -0.035868129597161 -0.0313136802971596 -0.0050154879674918
-0.0826465170625148 -0.0315295399453558 -0.0193362758246602 -0.0330627895758177
-0.06690789919122 -0.0738678402993125 0.00522100852800526 -0.0576405479216134
-0.0162188656700305 -0.103148380458798 0.0523512218336692 -0.0670197350489414
0.0507589354892883 -0.120365189175038 0.0976616586189624 -0.0163710029155645
0.128903281022989 -0.0325237568991038 0.0864962566579324 0.0453159352883297
0.113980731521748 0.089747960850123 0.000730811152737012 0.0574293628911828
0.061637117192571 0.152018126372598 -0.0271926378488735 -0.0416636401029493
-0.017225055852277 0.107207629882001 -0.0186158438577136 -0.154191146847361
0.0228084694136417 0.125164646453801 0.0380710440308868 -0.152091098977865
0.0867548790785884 0.0654293553791939 0.00789707142025385 -0.143984084501736
0.0936824608975071 -0.0358410500162787 -0.0552191492157453 -0.102486508515066
0.0368758554627619 -0.0824873076590198 -0.0777745671173941 -0.0477885713800592
-0.0174144101071465 -0.0815733251234588 -0.073838580452709 -0.0239314117983648
-0.0579232637914975 -0.0539402448416187 -0.0698589902568201 -0.019332728156516
-0.063262524691083 -0.0310008358488609 -0.0594984111105525 -0.0207414228590526
-0.0665118173695924 -0.0277268933078259 -0.0473533994508487 -0.0465234960872863
-0.0530294790768383 -0.0604929218214597 -0.0168708330900712 -0.07624444888044
-0.0100898489417325 -0.0854638137496457 0.0395568255631791 -0.0871211159084953
0.0507493593055752 -0.0935305661699047 0.0935771047098718 -0.0325146431822482
0.104954422566851 -0.0102995435614481 0.0845625562455848 0.0315952326879964
0.0754631341751423 0.0825027258724723 -0.0033545717587892 0.0418474989960046
0.026431034151491 0.115912137242696 -0.0306562227676858 -0.0805607186636694
-0.0324653814156398 0.0402352316544857 -0.0124647959663928 -0.195600078099073
-0.0130815175016804 0.0638205890284593 0.0319565747262211 -0.163695126691319
0.0329663126657323 0.0439867692584865 0.0192055651428826 -0.14147442016852
0.0488255722116504 -0.0100484043398483 -0.0372301451357705 -0.108099640983884
0.0234905165821191 -0.0416059999494869 -0.0689953964169522 -0.0693467541924039
-0.00611539058509826 -0.0445437193223213 -0.0828375933042125 -0.0456734091898469
-0.0312943907711163 -0.033729026225997 -0.0860296733054763 -0.033429768659839
-0.037105785197878 -0.0206506945210315 -0.0782277777570466 -0.0313130344704306
-0.0413056677141478 -0.019950630954495 -0.066478101890381 -0.0583429467776476
-0.0330683882898883 -0.041194462739341 -0.0306649157009345 -0.0918685370654477
-0.00305131281622696 -0.0595485523981673 0.0345142025302961 -0.102792057648059
0.0458492846096751 -0.0573306322591209 0.0949479480617929 -0.0424289073303557
0.0714480830244662 0.0127068410606788 0.08251948653195 0.0249946668303848
0.0307455393497613 0.06619941707586 -0.00353104698911285 0.0313752959191505
-0.0118011594835572 0.065591100151035 -0.0251620126114629 -0.103821475795114
0.034816564112971 -0.0108281832398542 0.0362668055791499 0.125722849472131
0.00225016619060052 -0.0376003994098292 0.0437123212046895 -0.0328590388124132
-0.0313515693032545 -0.0166709069749919 -0.0889218405745094 -0.0499153161426639
-0.0239407691832442 0.0209914551492229 -0.127845206073724 0.0425129488691743
0.000356674813111163 0.0235820483580474 -0.0536440239993181 0.134318959692736
0.00513095432104805 0.0150538699795132 0.0382097142736666 0.126741216901453
0.00929365227532685 0.0148039971768415 0.0796409835737567 0.0772049216024937
0.00667109307929341 0.00915060557889 0.0940114678881526 0.0435593739958527
-0.00340738184098716 0.0111560953472481 0.0990946949137483 0.0332738801167019
-0.0126162575168949 0.0035574429079931 0.0964488572895546 0.0466263517996625
-0.00923201943240959 -0.0034957626051854 0.0773716971068833 0.0748533999604215
-0.0104827486334562 -0.0164826814067029 0.0456907245705754 0.109835351360712
0.0158481423137491 -0.0238343393299285 -0.0118314282456542 0.137680024674059
0.0466254287205476 -0.0044363388520237 -0.0502018663774385 0.163452925884392
0.0413282982809622 0.0260980743628923 0.00479586051745189 0.209693550559765
0.0561152788763489 0.049308396968774 0.0168007566551163 0.12849046127864
0.0489745239479144 0.00136483902415006 0.0454564907001173 -0.0312102507394535
0.0194001123490879 -0.0255588637952616 -0.0883233483933411 -0.0623310893778163
0.000537509302032696 -0.0226227449274146 -0.138956723006638 0.0322319404904515
-0.00340893607462257 -0.0180038690603132 -0.0678375651692958 0.134602494669297
-0.0169698518819741 -0.0184180808159364 0.0276469872376548 0.129398532834862
-0.0247055006695038 -0.00398987638197043 0.0721327950397644 0.0787310662946692
-0.0256273261190233 -0.00395780677137123 0.0863912123012028 0.0435044290136026
-0.0351365674429583 -0.00889328366937473 0.0925711161924187 0.0263474222957842
-0.0311853471309967 -0.0370494686703012 0.0955648345991367 0.0347245899488964
0.000932881702387048 -0.0480436316417683 0.0869039206672635 0.0602988066718537
0.0307523381231096 -0.0517505277724785 0.0643181857260446 0.100387042820512
0.072813254695787 -0.0117959133923645 0.0122515037549122 0.131431745454683
0.0830650595818772 0.056779972083067 -0.0293020408168117 0.146549610398568
0.0596971107316549 0.101156013340814 0.00833289329858565 0.178341714486141
0.0628528192539034 0.108279773796079 -0.00405431601480682 0.104972892582767
0.0865342239437695 0.0554852269740336 0.0458057044914754 -0.0411912206643913
0.076637623897151 -0.018454390263355 -0.0834984756592638 -0.0831072187051644
0.0372684240641405 -0.0631830544721746 -0.147015288064674 0.0107325033835529
-0.000245211717791216 -0.0638472440600398 -0.0859273864352129 0.121584704982895
-0.0343370757960071 -0.0555777160096228 0.00902995770880888 0.120189312790592
-0.0549697811434411 -0.0259662512795643 0.0525341569491254 0.0719897113708487
-0.0548357516232047 -0.0169348270779953 0.065904698617289 0.0381076078518926
-0.0628057261131398 -0.0228442043649002 0.0733871749343499 0.0135319115588736
-0.0514211490203566 -0.0655989411757805 0.0841955943304586 0.0107759533930744
-0.00237477771277996 -0.0852966885627368 0.0928735417212767 0.0295835039047556
0.0508038310313482 -0.0926493043443755 0.0882616744237253 0.0765988606587729
0.118017570757998 -0.021317526466236 0.0447666660465381 0.117872076725313
0.120690606383705 0.0892796260326662 -0.0100408441346238 0.125376616989373
0.0802074534242005 0.152722012661894 0.00626266429367865 0.128050724321539
0.0519071682126236 0.154921867522514 -0.0217974376426997 0.0552122455970041
0.105757937059835 0.113168092056988 0.0436291413801466 -0.0642236672324514
0.126340893291466 0.00591411735106302 -0.0693039092600479 -0.108268251451619
0.0810723001969306 -0.0888745456299898 -0.143667888301905 -0.0217952031957016
0.0112270641536576 -0.103979411602442 -0.0999876044558268 0.0908417291393941
-0.0428496470427014 -0.089678434916496 -0.0162975887094169 0.096796402259136
-0.0774269224632891 -0.047501778761723 0.0227897590020311 0.0563227758853745
-0.0761326276849608 -0.027329507205703 0.0367736432475218 0.0274051543392575
-0.0816357857046369 -0.0294277694888203 0.0451695733715996 -0.00243263952701272
-0.0683347347468773 -0.080418368314245 0.0627094808246646 -0.0152380043793383
-0.0117289176488399 -0.107482101176244 0.0871345012372116 -0.00816331406386096
0.0540565882852666 -0.125203477122065 0.103902335459962 0.042702271941001
0.142673186356702 -0.0393924320587573 0.0724759669949549 0.0940001880771435
0.144614344889763 0.0980333110947657 0.00192009420410243 0.101506678178639
0.092349630633445 0.177780924917092 -0.00313003065483105 0.0686171976819131
0.0296291576524986 0.173711678193094 -0.0299209152804289 -0.0155796206968962
0.097486871201718 0.156658029239353 0.0415871068417004 -0.0965481840427536
0.149466429987763 0.0402624496983112 -0.0457399660357226 -0.131593860801883
0.115655048840207 -0.0893637625238633 -0.123496610123174 -0.0588349566855141
0.027237165601879 -0.123609019070997 -0.103634909751281 0.044104623694786
-0.0413568444052556 -0.109856865700652 -0.0418838798842461 0.0589164949613737
-0.0860055752633413 -0.0624655672308278 -0.011614859656281 0.0325100391079205
-0.0860008558121135 -0.0341884031643511 0.00272170147768128 0.012559840079704
-0.0894773153444136 -0.0318902499324214 0.0118268623958257 -0.0184705642482026
-0.0751091878255954 -0.0821433216565416 0.0342335743343902 -0.0395934189030067
-0.0190692427598489 -0.113923029067305 0.0719333988750105 -0.0431736780357775
0.0505341451950101 -0.137115338226944 0.106660037698057 0.0085056624199257
0.14531426757327 -0.0468799744328968 0.0869248029083613 0.0678398047873866
0.143835978089746 0.0954189177168371 0.00461518121183511 0.0796547178301644
0.0878686783297807 0.17718041210398 -0.0174872826957273 0.0102705974978496
0.00397981432662174 0.158393927152134 -0.0276655449962261 -0.0928145048882395
0.0655237423121805 0.163833087976867 0.0401362891397954 -0.13087773046302
0.134242733755654 0.0655711490818239 -0.0168226041294494 -0.14604171057701
0.122656045611287 -0.0672002978227671 -0.0899564318452537 -0.0890404682291804
0.0382894616548957 -0.116482307201209 -0.0940297676165668 -0.00736759226416528
-0.0322309224531748 -0.107510277453407 -0.0627119038087072 0.0148226725082145
-0.0802783415437709 -0.0655894681581765 -0.0455418021972728 0.00549954059078247
-0.0828365502233793 -0.0354653572866362 -0.0319519347449676 -0.00389928326474703
-0.0850831885124716 -0.0311096764280071 -0.0209645037157037 -0.0335977691385844
-0.0709944777758473 -0.0750871008276173 0.00527192195914374 -0.0594601120971965
-0.0182630965273347 -0.106454294900712 0.0532039962778348 -0.0703583940296577
0.049427117159105 -0.125380899214005 0.101763362176222 -0.0176282303995733
0.132228142271716 -0.0355444881279948 0.0899929004367385 0.0457817690616191
0.119403196695544 0.0912689142068042 0.000661002325619782 0.0596990013315446
0.0647598937005061 0.156307817536594 -0.0293191028679617 -0.0413677055195262
-0.017276690221572 0.110179482265281 -0.0204808786505293 -0.159329417694193
0.0253699908291344 0.129484941601816 0.0385695765346639 -0.156726787141305
0.0898774422571198 0.0664040722435942 0.00787269057838086 -0.148760091699125
0.0964426143901966 -0.0380027335514221 -0.0574686011056638 -0.106037515037913
0.0358241527242868 -0.0858355991972249 -0.080038484638763 -0.0476760811364349
-0.0205075477972321 -0.08399075396871 -0.0775046166515916 -0.0235039505718408
-0.0614619485596991 -0.054504293146976 -0.0732623390509562 -0.0180449971577645
-0.0659871675725996 -0.0306733355193903 -0.0613894668654673 -0.018960736241231
-0.0689099343241084 -0.0273243433592787 -0.0493188504000922 -0.0469447081540862
-0.055931334650013 -0.0614319752945439 -0.0185231552249713 -0.0781051953444892
-0.0120295783148543 -0.0882750293592663 0.0399089399981525 -0.0908999400526221
0.049932219091003 -0.0973623402497351 0.0972503606263222 -0.0343047280668069
0.108399384836986 -0.0126094809973508 0.0873471116003626 0.0315857409897863
0.0797888373321773 0.0840638785151209 -0.0030259035955061 0.0438394650921924
0.0282223034441598 0.118595369615077 -0.0343924260375275 -0.0811912310829977
-0.0334076208768054 0.0419285236197698 -0.0140113499550614 -0.201294772639271
-0.0128649414556211 0.066516638860206 0.032230228904071 -0.168100738314815
0.0345583938364423 0.0453336538855234 0.0195633229284763 -0.146631093592974
0.0499611691625436 -0.0103423567938684 -0.0393510903277096 -0.111763532234641
0.0229303287867011 -0.043479613703079 -0.0721398864575736 -0.0702775951963977
-0.00709857133527712 -0.0456375852379329 -0.0873431518817236 -0.0455713515986521
-0.0332470722029454 -0.0338489342599942 -0.0907796220707428 -0.0316702585140197
-0.0383812362633637 -0.0208496872840907 -0.0809412915162136 -0.0299134866124771
-0.0426210630165339 -0.0204893199044362 -0.0693785777844862 -0.0581459560181938
-0.0346415082445615 -0.0419676154749108 -0.0330419236105139 -0.0943118329129599
-0.00420531644761061 -0.061767726641405 0.0350609138303968 -0.10736111107189
0.0460155684666993 -0.0595311850781992 0.0981541943203388 -0.0444108871803707
0.0743942769044031 0.0118355185062536 0.0859321775093048 0.0255688019201028
0.0321805060255892 0.0684727621606531 -0.00377220330475383 0.0331938584688359
-0.0120776664427062 0.0671464319397094 -0.0289928618097113 -0.105323849963391
0.0348313805551671 -0.0115107002554293 0.0428708502656462 0.127170921794021
0.00104379636179445 -0.0387546249197226 0.0438567101871236 -0.0358403823085018
-0.033045860030583 -0.0157053092977365 -0.0940831701417914 -0.0481263777565974
-0.0232268914803759 0.0229397867868854 -0.130195442124603 0.0502030751597552
0.00182989426894332 0.0245960567600984 -0.0490699524041554 0.14080204673473
0.00638666638952098 0.0157390582783979 0.0462330543238461 0.128643775695879
0.0106248965448072 0.0144219224759828 0.0860937490585186 0.0747563499667591
0.00771432936671775 0.00898469109101726 0.0988089330954482 0.0388523625742556
-0.00291978173199167 0.0119178701896665 0.10412789863385 0.0288270894740975
-0.013379722390569 0.00461781569880261 0.102964724679129 0.0437489328301798
-0.0100289391495065 -0.00355691563804452 0.0836028397135368 0.0744193339851149
-0.0114301490200944 -0.0165789018567311 0.0509340643603524 0.111209173946718
0.0157168352943325 -0.0251262601029418 -0.0079842485436256 0.142916929777282
0.0478877787861384 -0.00700945473408307 -0.0450815779198134 0.170465969502817
0.0434142830774448 0.0254230748976811 0.0145705698138317 0.215720201733667
0.0595557825220461 0.0492027718826915 0.0231443211225707 0.130550821736837
0.0504602544462062 -0.00105111867237733 0.0461924622688046 -0.0344632760825577
0.0183865958673434 -0.0267846694059925 -0.0938442583359476 -0.0608930703908668
-0.000703127545748574 -0.023495094978996 -0.141858553104655 0.0393623067336366
-0.00416666264756809 -0.018310807490035 -0.0637913392294244 0.14150738260463
-0.0180822770333714 -0.0171607078508662 0.0350511149712119 0.131899792749257
-0.0254639366117482 -0.00271690771604448 0.0785086050005201 0.0773279545230405
-0.0265700427757071 -0.00305945117141397 0.0915924672665798 0.0396565519601794
-0.0366781888949536 -0.00696042769980856 0.0964901582701894 0.0221636040991451
-0.0345350601532512 -0.0361744237753498 0.101110597552815 0.0308460469077899
-0.00134615010974001 -0.0497852022795188 0.0925465546494632 0.0585616437594114
0.0291306199420401 -0.0542093226132638 0.0699778630040415 0.100801993011151
0.0742266450027903 -0.0149269837867877 0.0168963769400224 0.135223830249294
0.088106477687193 0.0542081074699018 -0.0249429786870605 0.152526304498894
0.0656800298171313 0.102153024663765 0.0158396117551576 0.182916371571412
0.0681097983783583 0.10863335106944 0.000705232311142083 0.107387735963846
0.0919358096654785 0.0529785596259683 0.0458757233863785 -0.0452990332315016
0.077215301442287 -0.0223692890723255 -0.0891414991072271 -0.0819754917892038
0.0347238102504497 -0.0664635286218307 -0.15157715064125 0.0178261392345656
-0.0038222283487195 -0.0654931911741594 -0.0820199410264734 0.129269184668986
-0.0383322631204393 -0.0551838032957212 0.0151807784599948 0.123367126533739
-0.058358002889085 -0.0234709383740338 0.057052648560785 0.0715737221773165
-0.0571950141784642 -0.0146960395532315 0.0704723324379981 0.0355882374486394
-0.0656958425670949 -0.0194397221029281 0.0764660463125987 0.00956177402532397
-0.0573690527632296 -0.0647832205118011 0.0879825848455171 0.00699856702798513
-0.00651932233402513 -0.0877653709686583 0.0970344788653385 0.026278669683576
0.0474280365401266 -0.097695925264833 0.0944199252087829 0.0755552895097377
0.120705960440107 -0.0273301265485062 0.0498462975687527 0.119412977436334
0.12864779120267 0.086667406396757 -0.00507739643534731 0.129977230531709
0.0887091191913919 0.154405650188006 0.0118495510451931 0.131485237339022
0.0584309536350267 0.156158858791341 -0.0189046234765543 0.0572501120357271
0.114276793818923 0.112305272832819 0.0434494079677162 -0.0676369686070007
0.129205726888022 0.000606872054501992 -0.0745763064126099 -0.109526492905994
0.0786080670027822 -0.0951269233796908 -0.149620135518873 -0.0166007882282846
0.00630756682959081 -0.107059133175033 -0.0976035637746674 0.0985003075271597
-0.0494046409321231 -0.0897890908397419 -0.0117907875165366 0.100744204632911
-0.0821160680923312 -0.0441912990575635 0.02575735614076 0.0569665166411301
-0.07968673773702 -0.0242893959876758 0.0397275680631567 0.0265464221546387
-0.0851876956036225 -0.0261450348447504 0.046485454413932 -0.00475776181926166
-0.0748274779931382 -0.0786576926134088 0.0644250615571276 -0.0190238416884533
-0.0175766533720854 -0.110756044932514 0.0896764831714869 -0.0123780488160429
0.0486806268576453 -0.131038248913802 0.109412463103351 0.039522528061627
0.144491059135821 -0.0467020579766355 0.0780170786844686 0.0939724665740913
0.153380325972807 0.0946372757662246 0.0060905475032214 0.105147608552893
0.102256570599693 0.178874713076913 -0.00103276881916257 0.0716825490082046
0.0364498355893732 0.17668459881023 -0.0307423142917805 -0.0151669841656451
0.108593956987659 0.157065920360982 0.0397837052026127 -0.100724325111436
0.154515457243662 0.0343681803540488 -0.051317963082594 -0.13395449635724
0.11471320529995 -0.0972475731292891 -0.129420392140867 -0.0557093602614828
0.0216261615651854 -0.12855031290041 -0.10284758591803 0.0502004961156505
-0.0490653475415018 -0.11020766422909 -0.0403452052914739 0.0628388789444386
-0.0923299344785922 -0.0587739735130944 -0.0110004907949697 0.0347186870606077
-0.0899737127801534 -0.030619706018559 0.00349415599335013 0.0131809595550811
-0.0936060819937568 -0.0276509529532878 0.0115968229438171 -0.0197729470812731
-0.082072411053832 -0.0802065602646831 0.0339782685012635 -0.0423697054377173
-0.0255829634123632 -0.117093791365323 0.0717331670584251 -0.048011605463719
0.0439380621616853 -0.143353354314505 0.111248056636883 0.00471434991012388
0.147456770000967 -0.054726155924042 0.0922221977892181 0.0655757859863225
0.153055563889305 0.0923190675307614 0.00711786020937533 0.0815824754893328
0.0975523065550483 0.178436311698176 -0.0183793522909256 0.0124948827690495
0.00971537305848135 0.1620720679792 -0.0317454087839611 -0.0949168443820123
0.0753629452373354 0.166084097203029 0.0371857873850539 -0.135589234392029
0.140320556220044 0.0617926774597165 -0.0219538578500681 -0.149487239878815
0.122437707745427 -0.0750462987805385 -0.0960456958006276 -0.0877325762170038
0.0332506060280993 -0.121075268852847 -0.0958686078967717 -0.00251734653742754
-0.0398529608534087 -0.108585880367691 -0.0643491292278168 0.0183853440853121
-0.0869418061493809 -0.0621048892040856 -0.0471296318583189 0.00853439229935074
-0.0865749232754126 -0.0324109797361647 -0.0323210974301945 -0.0012155028610362
-0.0889371101169799 -0.0274620764438731 -0.0227233879010762 -0.0330702751640062
-0.0765576378823753 -0.0728569640527013 0.00301425742946902 -0.0618044286457102
-0.0241213123377349 -0.109094884387364 0.0518533598621217 -0.075011944005897
0.0438654552466121 -0.131468441741229 0.105502637505641 -0.0217488112267461
0.13422771963012 -0.0430164633644861 0.0942131026764171 0.0428342678735951
0.12716965884984 0.0886991474319325 0.00292977174914108 0.062096916430709
0.0726673665865322 0.157564378120579 -0.0329784408370523 -0.0395472148373142
-0.0139397337542685 0.114023799766401 -0.02661946483641 -0.163339626977115
0.0319172690890985 0.132349365783215 0.0343590519489372 -0.161558277182675
0.0949106125357893 0.0646652091901168 0.00298701580405098 -0.153518920135525
0.0971800116282473 -0.0437648456238983 -0.0628151043004155 -0.106694314578685
0.0325032283676558 -0.0899359071217686 -0.0830661157607593 -0.0456978800042797
-0.0263057821782265 -0.0852632318708255 -0.0817769259295753 -0.0201639994448109
-0.066378137942937 -0.0522162227632046 -0.0772931883964935 -0.0135179253610526
-0.0691673849265641 -0.0282953549179493 -0.0631902184481576 -0.0155402188218663
-0.0715619917383254 -0.0240667849231665 -0.0524108057580259 -0.0454286273978848
-0.0606885659281969 -0.0600700709418608 -0.0224976975770511 -0.0795627734074564
-0.0162602530856222 -0.0902070656573688 0.0374152522878957 -0.0955507540314464
0.0459974073083714 -0.102530693531016 0.0998872667238213 -0.0394981247935193
0.110528537694337 -0.0180239908186758 0.0913065715932447 0.0282307133608847
0.0859715124567301 0.0832671121927822 -0.00229258215640762 0.0456041706833218
0.0331785638952258 0.120478776526709 -0.0401566890341533 -0.0802940370570282
-0.0329154039312488 0.044269205086724 -0.0223026079864175 -0.20708175528852
-0.0108099132067126 0.0688159063681767 0.0271409478153336 -0.172671892013063
0.0369961864162125 0.0450539868505892 0.015064246673931 -0.151765781822821
0.0509344347495908 -0.0127559998539945 -0.0439150722864289 -0.113264058447235
0.020803264406685 -0.0451959745846879 -0.076266298257208 -0.069076596606031
-0.0101640463331913 -0.0467127499438225 -0.0929339588166379 -0.0422760329807224
-0.0362660208506579 -0.0328260787547896 -0.0957963199900572 -0.0269034503707572
-0.0404326827741299 -0.0195937839801568 -0.0841195997022876 -0.025615361659787
-0.0442569583264211 -0.018961878678364 -0.0737304187801939 -0.0552894828356602
-0.0372456283803775 -0.0409427434900342 -0.0384242938737773 -0.0954755778946503
-0.00711128884828308 -0.0633487888870367 0.0310782914561599 -0.112597760608086
0.0445202064008629 -0.0634420442507645 0.100514132569543 -0.0506042718248449
0.0768644720011724 0.00864836275741967 0.0899209666936989 0.0223552537908715
0.0362594765708055 0.0689503171659727 -0.00366946449224939 0.0350934978506506
-0.0103372979386196 0.0691508294355608 -0.0359491619185792 -0.104983597933776
0.0373211564981156 0.00445965376968212 -0.0177330756516194 0.133584825952066
0.0172778385588587 -0.0347706368387623 0.0562153111021267 -0.012521445083576
-0.0226344887118216 -0.0274520140313659 -0.0638147177339426 -0.0840866059028807
-0.0291497991323101 0.0112779506876845 -0.140569999058548 -0.0110840173424123
-0.00663289641650518 0.022709489205039 -0.104348235944539 0.105808917361782
0.000499429137490012 0.0171729315701953 -0.0144834200283852 0.136335252598066
0.00503963158911939 0.0186917142888616 0.0451020456122764 0.104681001106149
0.00344697779675201 0.011648555839447 0.0723495144820221 0.0756599821661834
-0.00730771669385929 0.00885782958255091 0.0829991862045099 0.0691828181003824
-0.0138117072943823 -0.00154212858876472 0.0744779832620103 0.0826767899654159
-0.00665424858675071 -0.00754286128498498 0.0429570493314835 0.103490699993312
-0.00160237741399826 -0.0187397835248224 -0.00459464711783211 0.121270307220907
0.0256319743679421 -0.01380849798281 -0.0728591920718575 0.12512645418395
0.0453373266907962 0.0168870397934483 -0.119753570351369 0.134962820685805
0.028436337070441 0.0429581499040362 -0.0903432656610563 0.201482596879904
0.0325363486882625 0.0697762763844782 -0.0348959845312753 0.127642138392737
0.0459999287457369 0.0211491653502843 0.056928062135399 -0.0121450923793331
0.0283522082634126 -0.0147145148955281 -0.0591937721502499 -0.0963143570519951
0.0103092921547026 -0.0203256045248084 -0.147488689291343 -0.0266702410824493
0.00642645807564222 -0.0182080334930017 -0.120178960359759 0.101290103131796
-0.00780330435574158 -0.023193203949669 -0.0267446376667704 0.135051679169932
-0.0208875678963311 -0.0122751812431376 0.0365669488283725 0.103812552994692
-0.0223022620937913 -0.0143944820688239 0.0654052007363593 0.0738457333221297
-0.0300444975281089 -0.0222907500071579 0.0787106130891322 0.0600823458983937
-0.0156570268400827 -0.0479860982617725 0.0788500747357408 0.070197648258273
0.0207887478776853 -0.0471246768060478 0.0591396810079915 0.0933429453091184
0.050509012254753 -0.0353264571609957 0.0195598069146365 0.121471218944465
0.0740588384593318 0.0213357738746116 -0.0462242433231134 0.13091605983302
0.0557996459603405 0.0901823947116254 -0.0955109333131114 0.128275179479066
0.0148975488839224 0.121047994293998 -0.0745983928246806 0.17251141514398
0.0135031158172851 0.12803242044184 -0.0433279412160943 0.0964398371038045
0.0601307598309777 0.0884925745453161 0.0612319937149012 -0.0233733437910785
0.0797090407427871 0.0152027274054091 -0.0456619142335531 -0.115719826583006
0.0608570781051469 -0.0438979738020708 -0.147447612794928 -0.0519096857877345
0.0272919009233528 -0.060115673520144 -0.133522473725909 0.0815884897357613
-0.0105016280454069 -0.066043875105316 -0.0425779221588109 0.119752994041716
-0.0424840943762114 -0.0457927465591942 0.0195583357610815 0.0896622040501752
-0.0455120708502595 -0.0383833474635193 0.0481122777023003 0.0613324163596495
-0.0505852508170027 -0.0453907573729943 0.0655146281300661 0.0402108291634473
-0.0253257725700044 -0.0831912928513804 0.0774313417880109 0.0429878098065851
0.0326026065942934 -0.0842889842709385 0.0783232617800213 0.0648203192167569
0.0853235583330888 -0.06735110109907 0.0543321513733158 0.108992179216055
0.121121158482477 0.0299453335264009 -0.00832579538660153 0.132522930346634
0.0783847682965135 0.136492322071055 -0.0687940491516041 0.117539518591984
0.013131434420641 0.178210962318314 -0.0550823596661405 0.124210660888191
-0.0165378834614501 0.167053571346805 -0.0376680872136552 0.0418329390055518
0.0546840606056723 0.15276395210239 0.0701794878803526 -0.0468560080159282
0.116564422026107 0.0592887784316395 -0.0204999536309195 -0.135830706935586
0.111851313935699 -0.0500031309470185 -0.130970968997298 -0.0837122074294721
0.0538317707198087 -0.0927092427202813 -0.135617878738191 0.0457724894620995
-0.00625618461000175 -0.102261403136288 -0.0578090942743387 0.0874422270754187
-0.055810447093855 -0.074651670665306 -0.00264327042283839 0.0635363917698228
-0.0620512784541141 -0.0568963218317615 0.0243671358508915 0.0408508374051525
-0.065946279155838 -0.0596260772822086 0.0448128559687927 0.0146570270392289
-0.0354179425387989 -0.103153757197152 0.0672826363919706 0.00938192717271379
0.031750422178987 -0.109710074128178 0.0891670161659325 0.0258824269534154
0.100369894503219 -0.0970976372743875 0.0851113054205959 0.0835689196016144
0.151782352082033 0.0227002017211265 0.0294128915910349 0.122306932526143
0.0983583692442576 0.154378007352175 -0.0476948357418431 0.101338454833295
0.0144262672622603 0.206106301693502 -0.0391894407501306 0.0641736513626959
-0.0467128503259963 0.17640878577477 -0.0152206013844136 -0.0282089668103937
0.0288258375171414 0.191419405575966 0.0817922981240682 -0.0787287943727142
0.124004380026011 0.102172986867685 0.0124772178241292 -0.148655165310276
0.144879133293249 -0.0362809812195489 -0.0950415700202321 -0.111078997218805
0.0765179174359888 -0.105208530530314 -0.120027815004267 -0.000956070559135655
0.00228330744819911 -0.121145875374559 -0.0673316928823467 0.0404873882694545
-0.0590924830911474 -0.0926524896044161 -0.026521690043001 0.0275949663473883
-0.0691047029437181 -0.0673020571104531 -0.00231619849376701 0.0137654493952765
-0.0727407927961558 -0.0644928245520019 0.0195506614988068 -0.0126749691650018
-0.0419854623778864 -0.107385666440112 0.0497341062678193 -0.024683218682196
0.0271489195378379 -0.118344517245306 0.0887402977527936 -0.0140757365452752
0.100965924349988 -0.110063397550657 0.102886628193741 0.051719424713948
0.158040363433795 0.0166429298831761 0.0552424009370065 0.103312392516947
0.0985320661306342 0.15118419589816 -0.0357771200168469 0.0805499107578325
0.010615198092731 0.203575705026478 -0.0264741358690998 0.00244292290703495
-0.0651686804018763 0.151988104853422 0.0183452543349609 -0.100351807076997
-0.00580058380759239 0.186042225156428 0.0952870576359475 -0.110602523400994
0.0980766427555452 0.120462263961379 0.046471830737639 -0.149016318826489
0.141644844895642 -0.0130310098834779 -0.0498584848195013 -0.126012498046198
0.08287909524576 -0.0934287023177215 -0.0901231141093154 -0.0463891871741727
0.0096498350351608 -0.114723744379017 -0.0692904882792589 -0.0105313962847929
-0.0533164168711712 -0.0928401067984197 -0.0481326894468869 -0.0115621532744869
-0.0652286868005281 -0.0670239515463553 -0.0286671157464615 -0.0139575643396869
-0.0687975507538123 -0.0620895895867816 -0.00596979850347053 -0.0393884768637869
-0.0396808065773567 -0.0990155124368321 0.0303755927846884 -0.0552563756755141
0.0239634910363098 -0.110501123309057 0.0822329952508792 -0.046952243187934
0.095466540549779 -0.099618438320816 0.109195738975015 0.0252065089147088
0.14146580865793 0.0210362698914048 0.0678282693880238 0.0836467136563677
0.0770276549691192 0.136505907434222 -0.029954867383938 0.0596204331752252
-0.003380797158357 0.173944418051113 -0.0152373835041052 -0.0512450505150688
-0.0655596818482511 0.0984137187596009 0.0516461103588181 -0.1606721055812
-0.0308753996615589 0.136145365591586 0.104835863473217 -0.134140452889183
0.0557461890453144 0.102460674652303 0.0720697563570891 -0.140631113397847
0.10527858015575 0.00455867077153751 -0.0103005009040782 -0.127021177631506
0.0680106035590727 -0.0652859002565126 -0.0586441790155553 -0.0789858484343516
0.0124560304235913 -0.0874948153152341 -0.0676132207305618 -0.0537638742818215
-0.0398242259084769 -0.0753270682556259 -0.0652580879345268 -0.0447796507179378
-0.050956302433763 -0.055446113929497 -0.0513940089143925 -0.0388843304181709
-0.054816264365018 -0.0518480565062266 -0.028165684503086 -0.0630184990074607
-0.0302681499781596 -0.080260569088191 0.0144394127462483 -0.0814520244466566
0.0232115092317477 -0.0903094966610826 0.0779423626680098 -0.0719892369352228
0.0850515555321195 -0.0732642225863865 0.111454769685191 0.00797665196425177
0.108668429195781 0.0330819095870506 0.0708584002994889 0.0689289142493876
0.041308363148534 0.113245745931794 -0.0267477500713336 0.0418888018972142
-0.0221413995919972 0.122254143979245 -0.00185625808530579 -0.0905793495840897
-0.0517870824547572 0.0269899924745842 0.0738233148776948 -0.197447103074386
-0.0423256950655898 0.0597732160646357 0.103101821420356 -0.14502499612356
0.0117022876683057 0.0587682778937156 0.082396751912113 -0.131195641844033
0.0502149922594419 0.0126423139205004 0.0109114528939139 -0.123718104817442
0.0377755552193916 -0.0302560079451624 -0.0406051313980694 -0.0964702698242139
0.0103926371113818 -0.0457403665010242 -0.0675257402505479 -0.0793648654853953
-0.019996068674171 -0.0445031139590637 -0.0763008637429924 -0.0645089634480392
-0.0290706441311925 -0.035680625143006 -0.06488294523557 -0.0573931320297484
-0.0323824821080518 -0.0357905334351188 -0.0422522655665773 -0.0806857094537841
-0.0168826249434944 -0.0535164500581495 0.00639048044165746 -0.101679099338706
0.019725003510209 -0.0608774371692183 0.0789121919947712 -0.0892011627481499
0.0670147390380414 -0.0392435513983226 0.115399451911106 -0.00103960742540103
0.0665265348911998 0.0426023934887314 0.0714435771571762 0.06233979616156
0.00199780567144242 0.0781860035406154 -0.021787085190758 0.0311815470494183
-0.0397105647249484 0.0574488206203552 0.0154313918357673 -0.111164845822963
0.0365517502207479 0.00397486408449655 -0.0102434423901212 0.1315016002416
0.0153059374278534 -0.0354473707230823 0.0545863136319618 -0.015136515152912
-0.0238162001550164 -0.0251836167739636 -0.0670692170057246 -0.0786713397058161
-0.0279645196459527 0.0119684325148622 -0.139159879342124 -0.00325195640695284
-0.00532679540863459 0.0225848587755557 -0.0968547797773253 0.10866077764768
0.00198732401390562 0.0171619735327998 -0.0061048200656118 0.134293204373488
0.00591971717454988 0.0179166747644664 0.0500258731494978 0.0996429899832122
0.00430172713511667 0.0113855465906892 0.075407329533354 0.0689556893801059
-0.00689239516270625 0.00952271214388982 0.0857479865477755 0.0628109899672536
-0.0135480865053636 -0.00057372447147437 0.0784931882987174 0.077218481628842
-0.00733958378116218 -0.0073657586201287 0.0474293065741382 0.100576081236878
-0.00241546144898816 -0.0176760898029086 0.00109757375211227 0.118750728771391
0.0243910084332183 -0.0146019968921371 -0.0668975269637782 0.126031416961249
0.0456745852957886 0.0139141962062564 -0.111008910899538 0.137720721323476
0.0301171212365029 0.0405558932050949 -0.077603990587379 0.200967697308885
0.0346757172244547 0.0670197893867755 -0.0276715555640947 0.126366834065265
0.0460374134223529 0.0183139043624171 0.0558660679553778 -0.0145121443913107
0.0263210749622445 -0.0160888063257251 -0.0628469233979626 -0.0912959777348112
0.00869650775626376 -0.0210297895961648 -0.146447421495152 -0.0182148613604327
0.00519973563654158 -0.0184221916578804 -0.11201275811089 0.104848969482612
-0.00875692055428562 -0.021924942098887 -0.0182228040567412 0.13354359494864
-0.0206200749763275 -0.0110486419929379 0.0412461487450071 0.0991064598930334
-0.0224829136679196 -0.0127290849642046 0.0681870671352452 0.0675653248899095
-0.0304022938224059 -0.0194857619957519 0.0807388773353427 0.0538098001750608
-0.018832099610796 -0.0456787175115115 0.0820827269169003 0.064704618360231
0.0179552127200825 -0.0474201389334682 0.0632478091477898 0.0891255936745166
0.0479678669923466 -0.0373653479558312 0.0244601206517925 0.117507859925105
0.0742655967120262 0.0168587521884824 -0.040650021105713 0.130177746803851
0.0596767905347733 0.0853127679971722 -0.0876671093829994 0.130103939950385
0.0207971072979619 0.117460864824701 -0.0645228044593918 0.172579780710828
0.0189259753351684 0.124648436644941 -0.0370656709837616 0.0965005836711699
0.0640954300812297 0.0832956542321981 0.0605230959111717 -0.0254219263397239
0.0777599904530903 0.0107796845089077 -0.0502855737000798 -0.1106756456117
0.0565243044330707 -0.046349154857098 -0.147424559687004 -0.0431408796151758
0.0231386489687056 -0.0601829105115214 -0.125405710502564 0.0870751408384642
-0.0144487590254879 -0.0633131567962277 -0.0345375343767256 0.119762090509193
-0.0442407720655871 -0.0415397675706927 0.023732493893088 0.0864863032769536
-0.0461937301137725 -0.0345053455813009 0.0508846820281006 0.0569332671402567
-0.0516639166191585 -0.041042388632524 0.0664219910791602 0.0353976332146885
-0.0300559038732384 -0.0795328913317608 0.0794483007011799 0.0379805698650501
0.0271198871090456 -0.0844196795718001 0.080972728030393 0.0600964085848044
0.0798771990166666 -0.0697470956684038 0.0586722219835882 0.104112772234502
0.120267892991733 0.0232352265251501 -0.00322092144171367 0.130074182023082
0.0845362345829887 0.129845898123798 -0.0620378703793363 0.118727476385095
0.0214926164748162 0.173998455532879 -0.0481997722443986 0.124711607506247
-0.00904045094289328 0.164391093401998 -0.0338042834362305 0.043417452768063
0.0621702267147322 0.146570034031903 0.0683367232969041 -0.0484109899873475
0.115693173446427 0.0521746496102109 -0.0264281825880343 -0.131377537310536
0.105960154646615 -0.0553427391615944 -0.132140527326242 -0.0750265427114684
0.0469550702707729 -0.093690800050194 -0.128730472017269 0.0522310352557672
-0.0127062687602636 -0.0990449691402532 -0.0512161703655401 0.0886742325615632
-0.0592851742445564 -0.069066603611647 0.000255656539990581 0.062114687829886
-0.0635817140021224 -0.0518647997356737 0.0270283642033101 0.0382790260503887
-0.0677278523307594 -0.0532679392932196 0.0447516135947295 0.0116379971744791
-0.0410404960184273 -0.0983437967054494 0.067772979129406 0.00560706145627895
0.025107648334769 -0.109759911452174 0.0894129907597922 0.0209115643965987
0.0922077019766221 -0.100414853833344 0.0882227186559987 0.0779791410452174
0.150175942099798 0.0141815693354456 0.0339285314546109 0.117879353530318
0.104538547725624 0.1460416698898 -0.0421716241182459 0.101687601965738
0.0237727907880079 0.200811253871095 -0.0352847343654774 0.0660505487561334
-0.0377874570026311 0.174865072081291 -0.0156748295983807 -0.026750045077426
0.0387410303889868 0.186674977109343 0.0780739790166974 -0.0801982952519076
0.125679077777521 0.0936351809129776 0.00597613072020155 -0.145333965327354
0.138802521698128 -0.0434841183077246 -0.0978693872525474 -0.104121082200609
0.0682856067478592 -0.106658459149027 -0.115387312712261 0.00600273705949036
-0.00541838367717639 -0.117836582650485 -0.0630342991515603 0.0436522767976835
-0.0643487195273244 -0.0858730149735074 -0.0249712955047332 0.0283717801654787
-0.0713595237792368 -0.0613048331982803 -0.00127719962390648 0.0142537452603821
-0.0742726743718031 -0.0581008684842951 0.0181225493842136 -0.0140615397715309
-0.0473063033009404 -0.10196220912758 0.0483885360097498 -0.0271489973680591
0.0191844602640454 -0.118021081072874 0.0865520988420051 -0.0186171407612997
0.0914464942237677 -0.113383591829983 0.103735492513446 0.0460131130102893
0.155413834614554 0.00722876698928346 0.0585156356872857 0.0981512043066166
0.104368580388326 0.143283950128063 -0.0315363745217782 0.0809083717851124
0.0202089224222953 0.197800188644167 -0.0271371186097121 0.00511947201918761
-0.0570612458180661 0.151748975538454 0.013734294251136 -0.099267760413177
0.00493692379922432 0.182730343589759 0.0891053225408846 -0.112007025239818
0.101939690191162 0.112784816418523 0.0393090682543167 -0.14773222326409
0.137402293019228 -0.0197194132711485 -0.0543260747448331 -0.121335035109006
0.0749083271267889 -0.0957643788546715 -0.0883397112732547 -0.0402194848621184
0.00223145197521997 -0.112585650828398 -0.067991339110878 -0.00684890705094289
-0.0584358248185901 -0.0870166781977446 -0.0485715917022428 -0.0079270233073046
-0.0679221867797082 -0.0614057456801816 -0.0285742286268943 -0.011596290560374
-0.0705227254776602 -0.0564078965780636 -0.00807058397832521 -0.038337994485548
-0.0449003789110389 -0.093919849662824 0.0274564636834989 -0.0557713997174204
0.0170508286851405 -0.110011510079911 0.0784158366573474 -0.0503756458108856
0.086478834867618 -0.10295586269025 0.109228888912241 0.0196344420500232
0.138703814759644 0.0126680356858793 0.0698078678895052 0.077476278790186
0.0824965099186608 0.130142946592371 -0.0267292488211064 0.0599471732806681
0.00571552322543304 0.16959054581072 -0.0193220250300611 -0.0480067502336472
-0.0598364893847784 0.0993582242511878 0.0436708515247877 -0.159062651867914
-0.0231950512323521 0.135372645080552 0.0967961791781319 -0.134792012365404
0.058950445059397 0.0974221261094807 0.0648290283222201 -0.140628819794066
0.102965681140975 -0.000850194709678771 -0.0153288955554645 -0.12408486930738
0.0617596919090304 -0.0674724940062621 -0.0593558040511951 -0.0742640977251055
0.00583397557981389 -0.0857559781596335 -0.0696446781559221 -0.0488718934702238
-0.0434754670589155 -0.0704762016674072 -0.0670845243386183 -0.0395385162815593
-0.0530918713294287 -0.0512509077644254 -0.0515733618977677 -0.0342754152870859
-0.056138942111344 -0.0476018612042907 -0.0304891879799934 -0.0594062578195528
-0.0343672741702668 -0.0761458862510954 0.010427903299647 -0.0803484338340852
0.0171735611445244 -0.0895882947305167 0.0724474106754912 -0.0742974030977272
0.0777306651215013 -0.0764740590339056 0.110652510190716 0.00222847206590906
0.10789860206173 0.0261411154791361 0.0729927298608752 0.0632029618246242
0.046116425021047 0.108637724477144 -0.0243988206664291 0.0428725333686605
-0.0162065916205788 0.120562589088562 -0.00809940934265964 -0.0873215206079674
-0.0498834624966995 0.0288894196914626 0.0629160884381404 -0.195941740364519
-0.0380577724723797 0.0611765160152558 0.0943722281237681 -0.145682738969691
0.013946697298149 0.0569103751610157 0.0760785782052054 -0.132787779118653
0.0497786588984802 0.00981336992366574 0.00524496868946222 -0.121444905181846
0.0347549751472998 -0.0314600498812151 -0.0429375966530701 -0.0930183122779323
0.00724905599467768 -0.0446497619804126 -0.0707087287207289 -0.0739088414115378
-0.0223138807443619 -0.0419165498701393 -0.0790906524306005 -0.0575844768797803
-0.0301384071508565 -0.0329722691078113 -0.0668700071069065 -0.0505456044854095
-0.0334521809470071 -0.0331662887619833 -0.04560097971275 -0.0754401191750814
-0.0195779255720936 -0.0509636901802566 0.00154108370651799 -0.0997035032925693
0.0159411624316659 -0.0607968640877099 0.0727666439665722 -0.0916046922539304
0.0630103669666202 -0.0418688008761071 0.113730105702913 -0.00670534094853614
0.0671927135903597 0.037689208087623 0.0732218993639153 0.056986309573343
0.00621031485020171 0.0762989890948952 -0.0208729916771705 0.0319582924573246
-0.036775966305457 0.0575361455009363 0.00783470175842297 -0.108314258495841
0.0356619474676088 0.00391460676221381 -0.00514578927303278 0.127097077066256
0.0140881114818375 -0.034600322214249 0.0536527210414925 -0.0167733743265574
-0.0232226981376009 -0.0236791611853682 -0.0672353677524212 -0.0740035934036252
-0.0268827990218742 0.0125562289129812 -0.134946507779578 0.00162354559282949
-0.003949952221545 0.0220945217547083 -0.0902684152483074 0.108269746044483
0.00298395223062221 0.0166818097631585 -0.000185765176071059 0.130267498895173
0.00723400270735 0.0169082980794022 0.0519278414925841 0.094073267836843
0.00485280579619409 0.0103802497194504 0.0754065186958487 0.0632848297622682
-0.00601323305918891 0.010136463071459 0.0854959834081273 0.0565274482895387
-0.0132602849938815 0.000107707758016627 0.0796917203341952 0.0719606464384357
-0.00707618569710911 -0.00710543260253863 0.0496256432582281 0.096351314764359
-0.00294935262969571 -0.0170540973509623 0.00382868651161735 0.114816485908121
0.0241066097414637 -0.0151581551798386 -0.0622481186797344 0.12427286627123
0.0452092160708251 0.0115452158975432 -0.103593047423009 0.136624666453196
0.0299326495625627 0.038914701029799 -0.068170199740856 0.1966482039881
0.0355147111335001 0.0645187326926442 -0.0219206579506152 0.12301081199898
0.0461494208411814 0.0161842700910131 0.054795359225573 -0.0160651744340493
0.025006274743131 -0.0162393571601498 -0.0635052925094895 -0.086020290436417
0.00704515703854607 -0.0208540902049934 -0.143018553641625 -0.0133695371684029
0.00452653571844159 -0.0179441448459005 -0.104814632072295 0.105277669558601
-0.00914621655747138 -0.0206317360002829 -0.0119688480160688 0.130634734375895
-0.0206493313467726 -0.00959817299137341 0.0435383181490938 0.094009742274685
-0.0220776337214786 -0.0113801961925468 0.0683884954424529 0.0618336002579714
-0.0303225450762682 -0.0171977151673106 0.0809097567542011 0.0486844683511261
-0.0202388829193497 -0.0435445572304961 0.0833708775856654 0.0595251791567911
0.0154387446736843 -0.0470586213232689 0.0647901430115706 0.0845749646807821
0.0447968849633919 -0.0378067721764249 0.0275965593880524 0.113192191833722
0.07259170277896 0.0138437250987515 -0.0368397636971085 0.127148459887136
0.0607875120654948 0.0804665784462632 -0.0812300518423985 0.128874421146837
0.0238114083437013 0.113015490391966 -0.0564299902514228 0.168988068362111
0.0213728153593165 0.120496508227063 -0.0315903700492807 0.094329424764062
0.0653851732511016 0.0784995802858084 0.0589971289660443 -0.0264884678691574
0.0745061544141604 0.0077868608647574 -0.0513401537244382 -0.105036977590668
0.0518350031799731 -0.047025941969677 -0.144148955009909 -0.0370605906988025
0.0199408188278382 -0.0595840505188235 -0.117416363660616 0.088088768676743
-0.016580718971801 -0.0604805739727784 -0.0283057663546599 0.117204918792144
-0.0444737938205487 -0.0378237444956023 0.0260740566100944 0.0828589075641705
-0.0454320375891918 -0.0314125423157044 0.0515514393518743 0.0525421125765169
-0.0517857766056932 -0.0370080985941737 0.0661545223146787 0.0311800315003596
-0.0327477618166796 -0.0755614928818086 0.0793879784333323 0.0336165704974268
0.0230128683681733 -0.0836150662583336 0.0809822230528636 0.0562200120198705
0.0738055035169474 -0.0707213097995641 0.0605733896039783 0.099779415699065
0.117696559202927 0.0181048073354953 -0.000619578164158876 0.125616099116158
0.0868119914530705 0.122994456544192 -0.0569273811271064 0.116655273461579
0.0260732602919028 0.167002576924351 -0.0427440745662832 0.122772188201397
-0.00404867694153029 0.159010272459375 -0.0302365299664853 0.0426053238383586
0.0659179598685184 0.13992191156031 0.065967203195819 -0.048834619136445
0.113303547428449 0.0465937890685173 -0.0288246176723198 -0.126483002477742
0.0996632324581363 -0.0574376269163342 -0.130736278985722 -0.0686867266108725
0.0413931251503037 -0.0919886829646268 -0.121501802804086 0.0547313009372921
-0.016431798541327 -0.0944600920256687 -0.0455896248301614 0.0876129709320814
-0.0602959839386048 -0.0636630638442297 0.00224031275650214 0.0605617348960029
-0.0632273044822326 -0.0466424155917771 0.028287626179353 0.035629903743942
-0.06734539964176 -0.0488941662627495 0.0435989847187734 0.00946651822079591
-0.0440242896747967 -0.0929741760542173 0.0669907604673851 0.00295914414844961
0.0197883015392973 -0.107636647016168 0.0884657148713778 0.0174278376576266
0.0840399328422268 -0.100316410861956 0.088582687991856 0.0724874807263704
0.145843215345992 0.00848537542352915 0.0350973304426214 0.112825494248852
0.106926159691854 0.138215402538538 -0.0378697375687444 0.0995486658318705
0.0299998279507275 0.193534147126145 -0.033121632024184 0.0655998000130044
-0.0322178199212654 0.170404710035842 -0.0150147619073918 -0.025481525458488
0.0445724330469482 0.179060410124946 0.0745857295113255 -0.0791733507241338
0.123836034218634 0.0861574694748965 0.0023158784833195 -0.14070264817422
0.131460324359306 -0.0473593925948821 -0.0981398871283666 -0.0979307041164379
0.0612685660807117 -0.105459684049417 -0.109311524192782 0.00935182421938286
-0.010783715786317 -0.113306511376817 -0.0590296103956467 0.0441063574813321
-0.0656506882586298 -0.0795124107868351 -0.0240457318067814 0.0288456464213862
-0.0712202133145532 -0.0555218217014105 -4.84256434185057E-05 0.0137082229488761
-0.0738233150023052 -0.0525535488844775 0.0174877389334342 -0.0144036823670453
-0.0501577918862617 -0.0963559925408599 0.0467344304545676 -0.027784480272335
0.0141426956560656 -0.115784820899 0.083766145506641 -0.0208612035896027
0.0829081156227794 -0.112900830639758 0.103521196116745 0.040934934556014
0.150611013366515 0.00117250247480189 0.058954174018263 0.0923333273900953
0.106389250033217 0.135551101270297 -0.0280103914672643 0.0794776819424295
0.0260947303701936 0.190795808189648 -0.0272753361238357 0.00713486219636516
-0.0512920842855678 0.148464796987822 0.0104571726507981 -0.0966459831296268
0.0111750036222626 0.176412645051759 0.0844082252302632 -0.109214759366348
0.101717346328448 0.105634608397372 0.0348313653393463 -0.144439602058625
0.131064802493056 -0.0246593500969839 -0.0556525574923655 -0.115848309833078
0.0683205416520212 -0.095636568892566 -0.0849158045564635 -0.0358915038989381
-0.00299533353361659 -0.108615760922592 -0.0665637920027039 -0.00404462868886179
-0.0605495639054592 -0.0806904191486442 -0.0479656605491179 -0.00523263602370282
-0.0677002470732336 -0.0557812602151304 -0.0272681714808526 -0.00933809003499576
-0.0699161612035406 -0.0508670689572179 -0.00860370644939175 -0.0361300965167157
-0.0471579144329704 -0.0887520825595036 0.0252609736977008 -0.0548482889129702
0.0121937661217843 -0.107486266289414 0.0747014433058094 -0.0519921748820383
0.0785672216696844 -0.102800246800776 0.107688970213157 0.0154615477772926
0.134926892304574 0.00705487526647348 0.0693629874252276 0.0722975016521733
0.084744928969268 0.123092824736171 -0.0245386932537597 0.0595427388494957
0.0107761094747576 0.163503056361522 -0.0214231144281518 -0.0441350626840921
-0.0554473368724952 0.0975276043957728 0.037509178226877 -0.155546432257531
-0.0172446818447072 0.131247135936104 0.0908498380054903 -0.131555743172115
0.0601563729209117 0.0923653048672005 0.0601477427152812 -0.137879853037644
0.0985808147434627 -0.00422680322840254 -0.017857702310162 -0.119917570145749
0.0568968000709906 -0.0677862503721597 -0.0586232245239948 -0.0702655501895481
0.00209611489690393 -0.0825901701981617 -0.069050678035584 -0.0450962118603815
-0.0450503125849188 -0.0655181769800554 -0.0676694898418392 -0.033973083204038
-0.0539121598486029 -0.047086922673661 -0.0510251966547931 -0.0303115272341667
-0.0558981732322494 -0.0432754301660553 -0.0314577494302619 -0.055923206027021
-0.036216304184011 -0.0720953956588807 0.00742605139603133 -0.0776053074431428
0.0132319432395525 -0.0876501839654606 0.0677574813468303 -0.0750414900237995
0.0714793118570092 -0.0770796909040797 0.108519158377889 -0.00154251102270546
0.104882279614915 0.0208828018135894 0.072425366181454 0.0581889825665523
0.0482378122142093 0.103400131000042 -0.0228021108318399 0.0431532904605755
-0.0120621688725985 0.116462619633285 -0.0117984214600411 -0.0827726237679553
-0.0473302892734266 0.0292689516915036 0.0545532584293106 -0.19192060989455
-0.0347037516497655 0.0603004828608499 0.087448464022341 -0.142127429821005
0.014984085483102 0.0544815678798724 0.0707384395213352 -0.131080298170711
0.0483625168846168 0.00776893099376444 0.00201717993941566 -0.11841840162072
0.0322816137239041 -0.0318863953737309 -0.043714286217122 -0.0890876446690796
0.00487725155719321 -0.0430180776024208 -0.0718967169539557 -0.0689458458419891
-0.0229416105630017 -0.0388690216145606 -0.0794048623716355 -0.0516614393389809
-0.0304118955094885 -0.030548668884772 -0.0660647795258414 -0.0451649020604426
-0.0338744160981207 -0.0302292776658864 -0.0460008920988987 -0.0708104355920036
-0.0207877975003905 -0.048219474538996 -0.00229577760435361 -0.0959358932441626
0.0127770742390292 -0.059045147579236 0.0676480376473827 -0.0913565852951876
0.058860864724113 -0.0430218759193562 0.110935659352944 -0.0107072027103021
0.0661146309234879 0.0339366613546596 0.072200538284083 0.0524625924717661
0.00809140923390632 0.0739231718457376 -0.0195870141802583 0.0323703396788783
-0.0339309250554292 0.0565136957547389 0.00257784261771466 -0.103983713313988
0.0351628108349153 0.00380542958183419 -0.00234110670272965 0.124033046614702
0.0135765896017655 -0.034626548396404 0.052917870857897 -0.0174409349664767
-0.022770877866197 -0.0227309328707535 -0.0665002354188261 -0.0704819546068111
-0.0264294846268841 0.0129423302717384 -0.13202358254927 0.00442123392573858
-0.00314881339879544 0.0216797054733856 -0.0859611790490179 0.106884263735209
0.00376815878141391 0.0159734541227415 0.00319200446493596 0.126454493739009
0.00797942512939921 0.0161049799125127 0.0529326448811216 0.0903783282557028
0.00546630734794149 0.00977908973842375 0.0745407629131543 0.0587518791758761
-0.00541722174190743 0.0102239826339971 0.0851962003259352 0.052523644211754
-0.0130345287079845 0.000823862484597217 0.0804128848096751 0.06823123590167
-0.00713403576613481 -0.00704328142555461 0.0507544034445629 0.0934607240361512
-0.00317520636039879 -0.0167655473252105 0.00507249334921714 0.111481453904848
0.023516653770134 -0.0151638024844526 -0.0598829246318375 0.122236641083828
0.0441704166725023 0.00995293825627865 -0.0983663139258658 0.134449640360788
0.0300006402466341 0.0373124783489582 -0.0620915738437795 0.191752439146944
0.0356369372099653 0.0629123887624997 -0.0184173924094428 0.119337348972943
0.0456784266105525 0.0140583733055735 0.0544372764796408 -0.0166461767803339
0.0236885388199768 -0.016502050934839 -0.0627821153832799 -0.0819198832270691
0.00566434369091373 -0.0201392321675918 -0.139913315366416 -0.00991234081331539
0.00363128417546215 -0.0174877684163141 -0.0993319134842386 0.104041011789449
-0.00937820539403284 -0.0199835909386133 -0.00811885302674922 0.126671998990273
-0.0197689126185964 -0.00874183082171791 0.0442422087899379 0.090463872229859
-0.0213645609044574 -0.0107674526519406 0.0678838402810088 0.0581902986552263
-0.0299008014304237 -0.0154082663128692 0.0803101354107786 0.0448691465192887
-0.021266578155322 -0.0415036980480654 0.0833050206813894 0.0558411341950158
0.0138633596761644 -0.0470347322855412 0.0657214459815335 0.0815731804934373
0.0426164752445643 -0.0381001259096407 0.0284085774020849 0.109605684349667
0.0711188689459683 0.0116294949821359 -0.0352925577342597 0.125028962266956
0.0612163752895946 0.0770701369204514 -0.0771707693063771 0.126922518199106
0.0245761165284703 0.109597571465372 -0.0517130658065468 0.165808633221568
0.0222049781076012 0.116981271902829 -0.0286203778559759 0.0917702200748937
0.0655579804727201 0.0743212688524101 0.0587609826465841 -0.0269360984300304
0.0721528279925445 0.00646324442359542 -0.0509266041583413 -0.101227809852054
0.0483435445006699 -0.0468693993649138 -0.140699885809996 -0.0337268643478273
0.017803194839901 -0.0577426662789636 -0.111803251490731 0.0880592728691565
-0.0178689398731584 -0.0580054559896979 -0.0242242450308644 0.114438643460243
-0.0437001700022029 -0.0352104892854036 0.0268583341391639 0.0797210309688875
-0.0444951535332849 -0.0295412716617236 0.0513572070843593 0.0490599085656283
-0.0510608097729853 -0.0340666014594308 0.0649131336208116 0.0281860815469293
-0.0340954129292759 -0.0724651589439452 0.0793732688341622 0.0309616602517513
0.0199163607629806 -0.0823016745163956 0.0807885010910121 0.0532108716113227
0.0702071291400493 -0.0700905571288435 0.0608808097975511 0.0955582289016011
0.115000897679151 0.0152937794646964 8.68884579862187E-05 0.122395822554834
0.086830147526161 0.118185718808259 -0.0535299660476254 0.114623678872974
0.0283450035840202 0.161936112540663 -0.0393999828821472 0.120792758173546
-0.00256976302576703 0.154910105430751 -0.0274103311786038 0.0420349040762429
0.0672326801814145 0.134639216332488 0.0652349528478569 -0.0483085575711121
0.110391965197635 0.0432296710471575 -0.029174605744955 -0.122351467786117
0.094333728140483 -0.0576926264945612 -0.128219441539607 -0.0651100500127605
0.0379627080114005 -0.0904108056413808 -0.115417528690756 0.0553176677432276
-0.0192277858906801 -0.0911283407856521 -0.0423261998606098 0.0858019563022722
-0.060203053164891 -0.0594450022067455 0.002684973516901 0.058819148996222
-0.0619701771564847 -0.0435301178460681 0.0281888137507784 0.0335718375804378
-0.0662311633065195 -0.044828751896094 0.0428784116599149 0.00791823820182607
-0.0461244381510127 -0.0890743720936414 0.066571286791449 0.00128474479993901
0.0164945908084247 -0.106097851770768 0.08676961323898 0.0153244040123251
0.0790334222422337 -0.099518130795592 0.0883375857654488 0.0686799642172422
0.142076930941623 0.00462797695035427 0.0348928605138679 0.108874817505615
0.107107259255986 0.132424091515009 -0.0358632083516779 0.0977317288948724
0.0326104254825293 0.18737864999057 -0.0313190550702773 0.0650315323864305
-0.0287174054360038 0.166476302780761 -0.0142290586042853 -0.0245911895135143
0.0477560082043179 0.173304308926815 0.0730688945446077 -0.0777956610376866
0.121422674672877 0.081631324892276 0.00125277094656026 -0.136890976509849
0.125702810640319 -0.0488613269935422 -0.0963812033757514 -0.0937107136677871
0.0563398303862612 -0.104299612180325 -0.104626571052256 0.0107687525539197
-0.0137748857604455 -0.108903283581899 -0.0565116881232786 0.043576105268529
-0.0661180493522883 -0.0748416378462655 -0.0231287971917123 0.0292778870591727
-0.070242034430932 -0.0517690343673347 0.000676992740206253 0.0133029298419341
-0.0727228626202001 -0.0485229349065083 0.0169958931921467 -0.01453918344797
-0.051620683349775 -0.0919438670372158 0.0462116237648072 -0.0284223760468136
0.0103585960535083 -0.113300090675693 0.0821879755890716 -0.0222084421446538
0.077323601371296 -0.111239291896189 0.102685740029695 0.0376739747740107
0.146534310352765 -0.00250603552166856 0.0579151110115734 0.0881849357291609
0.10727161769626 0.129921445720768 -0.0265250156474532 0.0779916442296812
0.0288560657506934 0.185246278575545 -0.0268988394348455 0.00881323680047219
-0.0482868568971706 0.145289875278144 0.00914950843088367 -0.0942813859093114
0.0149830823198177 0.171936038577561 0.0820170206098538 -0.107177053364151
0.100131713882905 0.101151200939474 0.0329214153359173 -0.140817817475459
0.126362432846024 -0.0262303142967503 -0.0554552965498177 -0.112134963075296
0.0635106843225334 -0.0944220435032461 -0.0811751238340527 -0.0342463030870682
-0.00671812564820852 -0.1049310662461 -0.0646706855527567 -0.0032776772892966
-0.0610735862200338 -0.075254171689681 -0.0478351508793947 -0.00341729771802706
-0.0670493281745604 -0.052064334443367 -0.0264398746484576 -0.00794316960872134
-0.0685732859120946 -0.0473999828992837 -0.00924682088923061 -0.0355873378718459
-0.0477570263794382 -0.0844444636903278 0.0240015321124787 -0.0539510008408301
0.00883683391357759 -0.10517679046693 0.0724325070875658 -0.0525289711275557
0.0731037595639026 -0.101770873899891 0.106292231220971 0.0126638611085168
0.130952513451065 0.0035416591847887 0.0687380182000758 0.0686186799572951
0.0848636699821326 0.118179291859163 -0.023269828541026 0.0587240656682599
0.0128844879326757 0.158362433360303 -0.0224260396805649 -0.0409030036767206
-0.0525951185758086 0.0959414290333493 0.0339233062892269 -0.151842765763304
-0.0140357094422006 0.128456800449515 0.0874691736164549 -0.128526379479668
0.0592655753345555 0.0890341209990047 0.0572239103035072 -0.135352219531379
0.0955812843661371 -0.00643240940340723 -0.01850476691585 -0.116415332278546
0.0534872297947084 -0.0673330860081368 -0.0570629224345886 -0.0680882937261955
-0.000459382284920666 -0.0797498652849049 -0.0690963303629887 -0.0428047612176428
-0.0453784892529643 -0.0615458120627196 -0.0672333305172278 -0.0306895688534437
-0.0526811375418252 -0.0438799595297318 -0.0494408498035617 -0.0273644029756298
-0.0550418973888441 -0.0403107955370025 -0.0315079875420291 -0.0532167628649122
-0.0368874178372547 -0.0684724345720595 0.00634824056536402 -0.075269936738517
0.0102917410441727 -0.0856562584790322 0.0647726393868412 -0.0744806874006815
0.0669036867982507 -0.0760697764341175 0.10647385355217 -0.00398602602245897
0.102500979942035 0.0181171612892083 0.0711082302258331 0.0549961383246607
0.0492164462612237 0.0995678362101317 -0.0217235747108477 0.0428829118970902
-0.00991342503730497 0.113304109356667 -0.0140899137271169 -0.0788296753822102
-0.0456313090957754 0.0294582033383876 0.0498579222356082 -0.187167112749261
-0.032610213166258 0.0595998774705088 0.0842436667802514 -0.138458208704679
0.0153399880131746 0.0529717721157604 0.0676940896907727 -0.128577504272235
0.0469991015529306 0.00660366882157068 0.000722410302299087 -0.115348808662117
0.0301410578670117 -0.0315070604045424 -0.0433854951257514 -0.0867418055309387
0.00349224719813495 -0.0420177324248052 -0.0720828467876856 -0.066278866633493
-0.0229398051456546 -0.0369959013843653 -0.0790891309061487 -0.0473842178607807
-0.0301814826200536 -0.0289208363967405 -0.0644388766557232 -0.0413972851060255
-0.0334694278538446 -0.0285220574568787 -0.0458676825673937 -0.0670910658563746
-0.0210089714135424 -0.0462963313583679 -0.00360445085587255 -0.0929223600211675
0.0113169917849829 -0.0578941570131291 0.0640142505284072 -0.0903112733345154
0.0553801066202611 -0.0429661262391907 0.108743685605767 -0.012420953834606
0.0645593865116846 0.031835305837093 0.0713420977262285 0.049550655958353
0.00879973055799908 0.0713480567771603 -0.0188319329340963 0.0326974784153322
-0.0324353296316974 0.0551022190052537 -0.000521495386108845 -0.0991540260559341
0.0351469716254895 0.00364988860439715 -0.000205311330933952 0.121745945870757
0.0126797280544278 -0.0346653426665823 0.0528761937392324 -0.0180417595332299
-0.0225438885189472 -0.0223874011139472 -0.0658095483525211 -0.0686594133460652
-0.0257009317729587 0.0133812532836729 -0.12921225621751 0.006170307702665
-0.00237918504205211 0.0212055971454875 -0.0822462249689066 0.106287804050858
0.0045162470400076 0.0152244451037735 0.00662320960945552 0.123603025706939
0.00804213816538274 0.0152137832185877 0.0540359345099299 0.0877638359967154
0.00557817609553125 0.00870377729750932 0.0736558037812106 0.0554153488682017
-0.00459270093798794 0.0103939923267868 0.0855400999035142 0.0491664471163066
-0.0133785087250391 0.000852218669189841 0.0814894259012141 0.0652728890061225
-0.00694248616493771 -0.00669438897666609 0.0516063114339974 0.0914732508183309
-0.00315440743750198 -0.016634565023092 0.0052529635046064 0.109330065747736
0.0229589932931588 -0.0151600016822237 -0.0587460433871215 0.120691464296354
0.0435129582978627 0.00866703937965615 -0.0950180632337976 0.131953109279268
0.0295019806439162 0.036100190703959 -0.0583122996525448 0.187758407929825
0.0355881795090151 0.0614187396403863 -0.0164125400748259 0.116554906543587
0.0454215964506884 0.0129302524109268 0.0548035264067546 -0.0176644809594456
0.0233402697749432 -0.016659430951821 -0.0614110014389784 -0.0791863728951518
0.00464626625576628 -0.0198430955587738 -0.137171620805305 -0.00723511687231872
0.00341248740533432 -0.0172183806096958 -0.0949420820844988 0.103506174912647
-0.00921508265866472 -0.0190344743958872 -0.00518316604401378 0.123824063287015
-0.0189711913614651 -0.00784758102053707 0.0449807273414208 0.0876123547449934
-0.020348489472209 -0.010256092369467 0.0675006639878543 0.0546480141498792
-0.0292975672656804 -0.0138718376309128 0.0796027836725475 0.0420179155830292
-0.0222142098574701 -0.0397403747199199 0.084186242528976 0.0527338857091195
0.0125887449561367 -0.0470444678482305 0.0661157958791709 0.079489447904606
0.0408995956813839 -0.0380056939081945 0.0288666947580127 0.107288911617237
0.0702856719722384 0.0104826906539382 -0.0343488763231178 0.122740429511122
0.0616571571230063 0.074127697686347 -0.0737479198799017 0.125061141722503
0.0256788682604553 0.106269407553758 -0.0483256622674067 0.162974024095569
0.0229634588675488 0.114251910196435 -0.0256757283343534 0.0899282178530256
0.0661280229939471 0.071418061026499 0.0596458699574517 -0.0275591257674505
0.0702203029778838 0.00494475012041328 -0.0503125589924707 -0.0981236789716462
0.0456603494492292 -0.0464498552346357 -0.138887399923337 -0.0308650947027092
0.016112425918449 -0.0568732019642684 -0.107640691658367 0.087922299647166
-0.0184087362204363 -0.0561847267555532 -0.0214881086182492 0.111885861508007
-0.0431486530861957 -0.0338811407442849 0.0278055041555773 0.0781191647596461
-0.0436655997450533 -0.027399822689973 0.0512772640483267 0.0469557853468104
-0.0501769210697898 -0.0321983286589613 0.0647782056950025 0.0263811172366959
-0.0353631282755613 -0.0702280610129467 0.0798866185064106 0.0285172097505344
0.0178417784356688 -0.0819284282719549 0.0810362612014774 0.0509845903266253
0.0668108574436937 -0.0701434181341823 0.0614313865378155 0.0928217752553084
0.113501122029918 0.012784342845279 0.000575353971384678 0.120370550000867
0.0878347512165591 0.114322468694356 -0.0516170127191553 0.113589536364736
0.0296966472512076 0.157425626768008 -0.0376751541109026 0.119650984319478
-0.000754622179454553 0.151928356161826 -0.0260371338837787 0.0410117692227998
0.0687389822452506 0.130870619997328 0.0652231226093078 -0.0480082383803117
0.108069714787673 0.0410068645874281 -0.0288820620262901 -0.119395721366524
0.090500822542985 -0.0579516854388472 -0.126394694544904 -0.0624063258489157
0.0347696208137848 -0.0887737700595232 -0.111340242201465 0.0553839645487524
-0.0201099116174729 -0.0886098100284661 -0.0393183653544937 0.0842405524188457
-0.0598509862277072 -0.0563465730957011 0.0035917154569652 0.0580106496254583
-0.0610411427055194 -0.0410218471881648 0.0280738112631369 0.0324733655811882
-0.065275866664379 -0.0420255245627805 0.0426772796264756 0.00681644611562169
-0.0471959070852239 -0.0859048484817101 0.0661234632548136 -0.000711453266911856
0.013357576915853 -0.104416766592021 0.086807923306513 0.0132032436416421
0.0753389077963606 -0.0985892657446015 0.0884933345946185 0.0663748947305169
0.139574131290371 0.00173414586907622 0.0343322431332941 0.106393189027904
0.107833315641571 0.128377025440055 -0.0338458799476711 0.0958924951096293
0.0343694620183648 0.182675946499903 -0.0300525831534352 0.0655321396247028
-0.0266299583813109 0.163085489241926 -0.0139012218250757 -0.0241448696247907
0.049430594084326 0.168973970510451 0.0723128427704027 -0.0764780930966716
0.119838516919798 0.0788745519602968 0.000989067916893422 -0.134703687600284
0.121670265394491 -0.0490514258527699 -0.0955705387887441 -0.0916563861950146
0.0531133412134357 -0.102724528858042 -0.101128962931404 0.0112245328561316
-0.0164004541095714 -0.105524788286279 -0.0540208495345121 0.0425430510714316
-0.0665246942370155 -0.0706550588586379 -0.0226419222901329 0.0295314742911916
-0.068874305609496 -0.0490800532938003 0.00158275964262171 0.0130253019127043
-0.0718588044353427 -0.0460837855587465 0.0164551258560587 -0.0142718073738677
-0.0528649321969811 -0.0883223150986762 0.0460094186851565 -0.0291796251103053
0.00774443844162986 -0.111584266253812 0.0806870987461119 -0.0229472321411069
0.0729271974533741 -0.110601504891949 0.102269181785658 0.0355973293184314
0.143123572842603 -0.00519146169209879 0.057044406788555 0.0849685097787474
0.107109198707367 0.125675286248549 -0.0248182377341126 0.0766666063003304
0.0309046431114167 0.179942949336975 -0.0267669146425415 0.0102623226670467
-0.0456684579298957 0.142893039911697 0.00829030663022471 -0.0920061020378684
0.0177043563559458 0.16797833254433 0.0808422373401828 -0.10548533065874
0.0988232484296429 0.0982011692289157 0.0321043478076146 -0.138783425500966
0.122995617687823 -0.0278153212810624 -0.0553726528425099 -0.109662077496985
0.0593727404847039 -0.0934155546620366 -0.0789960938680447 -0.0331380616853244
-0.00836072732993907 -0.101680920183679 -0.0639078560265428 -0.00327145744272879
-0.0610601242533939 -0.0719512988113359 -0.0474628164761574 -0.00157501077641482
-0.0663327984955214 -0.0494314233938226 -0.0248516154347292 -0.00664501752260989
-0.0679273381079111 -0.0438730804072059 -0.00973707275332475 -0.0343579913832622
-0.0490219611362913 -0.0808366117617245 0.0236867167714487 -0.0534451897831659
0.00596700973494165 -0.10338987290467 0.0707937545662887 -0.05269655407377
0.068034138448121 -0.100929933645159 0.104924982387432 0.0106292331382544
0.128315048600071 0.000770100293256981 0.0674153337328793 0.0663230352683843
0.0853752133624205 0.113612715815159 -0.022638742878199 0.0582722026822566
0.0150054240200179 0.154400371984965 -0.0233713216546706 -0.0385021934775553
-0.0508645962523641 0.0945676309043006 0.0317672130482106 -0.148927085283214
-0.0118117106788495 0.125749437002187 0.0852788475061073 -0.126137597011788
0.0589471466724255 0.0868462048776631 0.0555045236457476 -0.133649363458933
0.0929966180579013 -0.00704559442645776 -0.0194687121051649 -0.113465693281524
0.0503675952504418 -0.0664080165717577 -0.0549980154638482 -0.0664739614886908
-0.00223323935788418 -0.0774786948815593 -0.0686878913250042 -0.0413105429520286
-0.0453949517221699 -0.0582158895832298 -0.067432621639477 -0.027575623687939
-0.0524261773426403 -0.041504040510846 -0.0484691737426013 -0.0249973006870024
-0.0543808171779618 -0.0375429071807098 -0.0312554593522987 -0.0508238669693371
-0.0370812475113607 -0.0664011427782845 0.00536793455857681 -0.0740275621012885
0.00825453810757149 -0.0835736445001769 0.062941110751742 -0.074562025040841
0.063533712046079 -0.0754798251502228 0.105302405836191 -0.00582179624643622
0.100287167604515 0.0161879422329183 0.0698744209645154 0.052214909394642
0.0491677044659982 0.0964585477911713 -0.020954070813592 0.0431502832926682
-0.00888610981429273 0.110189351023048 -0.0161200275360469 -0.0750774921754807
-0.0444611615744486 0.0289914177885301 0.0470901898807632 -0.18376697883459
-0.0312085580599885 0.0586676053878544 0.0819649995805415 -0.135551597881798
0.0154406891773093 0.0518641514980878 0.0652022724052485 -0.127767467132347
0.0455463239774341 0.00600589586181743 -0.000358260983224203 -0.112842499651069
0.0285854899896267 -0.0314311809184662 -0.0431102835640686 -0.0844507923596233
0.00240506687866507 -0.0406746317010203 -0.0723273706947366 -0.0634347966416607
-0.0234601471487073 -0.0357001841666298 -0.0792056042304772 -0.0443434314886599
-0.0301993291936504 -0.0276899166176823 -0.0628015328598029 -0.03850406890757
-0.0330343178417396 -0.0267358129815594 -0.0452112106191437 -0.0644526304844914
-0.021246298788985 -0.0456205987242775 -0.00526204762071077 -0.0911993694748517
0.00976414151657395 -0.0567667343795265 0.0617988485695015 -0.0898729305045653
0.0531848741627557 -0.0435685093655361 0.107309679181925 -0.0143994348233578
0.0638132986548127 0.0294947598523204 0.0702836513716926 0.0470898077725133
0.00996493024066976 0.0695760836042527 -0.0188493821539097 0.0329453949717542
-0.0316353087859514 0.0545146946013572 -0.0024738209262286 -0.0954977715778908
0.031881084797283 0.0101751961894215 -0.0221262265831015 0.118176843408702
0.0180871158176331 -0.0296056112565579 0.0567549113266818 -0.00745811792282668
-0.0159236624635644 -0.0252673367116509 -0.0480725272269391 -0.0784738330004327
-0.0253705460353256 0.00643601135524705 -0.126339534145379 -0.0191509708311631
-0.00535459431805327 0.0174499295966727 -0.0997996049747744 0.0859691903162719
0.00176566633374516 0.0146407076008282 -0.0174384720624286 0.119728274644924
0.00594180218731107 0.0146246698099053 0.034526834431965 0.095573072147856
0.00347843167427714 0.00878246771525796 0.0595697573719474 0.0668600941231633
-0.00652258936504736 0.00912876051337219 0.0730072161839875 0.0630568637428881
-0.0126276289130439 -0.00170334980255469 0.0648699710192769 0.0780926131650573
-0.00533714480641922 -0.00866820340741528 0.0312108512122448 0.0982827749599269
0.00115420826631231 -0.0161760206973004 -0.0186997349491419 0.105289896559043
0.0264252432496507 -0.0091496305699129 -0.0823098422102456 0.104906106249939
0.0405028967002444 0.0183944135382693 -0.119896620854097 0.111070642270799
0.0208530875110854 0.041163735683066 -0.0985654506954944 0.172446086406877
0.0207138468499561 0.0642956602072566 -0.0372326416069667 0.111089349384029
0.0406607750104665 0.0205573168688246 0.0569171927531805 -0.00571310177207663
0.0257862857342989 -0.0116516031023949 -0.042401110469393 -0.087049139653522
0.00885215075168411 -0.0184321228406783 -0.130494576593545 -0.0329570717077824
0.00744318556522217 -0.0177576147369814 -0.110771934159321 0.0815984248094597
-0.00529683968941226 -0.0209535177806557 -0.0279809477481045 0.118287631688614
-0.0159145607454779 -0.0116392864932045 0.0263275934500313 0.0939313544654286
-0.0177620490912461 -0.0146011199412956 0.0534562956259279 0.0656067465434376
-0.0245571895147247 -0.019367472438793 0.0691466381292309 0.0553657419816442
-0.0136867491108566 -0.0422279605807683 0.0702259264611786 0.0665481837339136
0.021646107073962 -0.0427942522479124 0.0483970685209638 0.0889075409336455
0.0474200745610322 -0.0274465290765653 0.00603670541180164 0.108358188579916
0.0661327032876695 0.0268156270138427 -0.0572357516299555 0.112976624517383
0.0441024339254768 0.0847472077973297 -0.0986242005260852 0.108959694422241
0.00192422678061652 0.107728180698292 -0.0833452026756683 0.150905239701282
-0.0017799353627443 0.11162210507419 -0.0416261081752273 0.0836794902049395
0.050221723058179 0.0796739954670189 0.0605310150429396 -0.0133523849242269
0.0670749270824157 0.0183618738866788 -0.0285594451705542 -0.101512574794642
0.0516759229303904 -0.0353530419157411 -0.127069063711354 -0.0556537875301834
0.0270758832968447 -0.0526105034073192 -0.11873821328625 0.0646352332721667
-0.00657621458727444 -0.0578870144180412 -0.0407869736687268 0.10387911991591
-0.035003494846854 -0.0394588947360458 0.0111073756258377 0.0806240391837133
-0.0367052990757399 -0.0357968876463592 0.0397993132479083 0.0545780361123237
-0.0410420135518469 -0.0408152686184185 0.0578240384810669 0.0374230832691737
-0.0206167896788344 -0.0734367014518153 0.071314791496003 0.0416040347028276
0.0336571833052511 -0.0753232341564285 0.0686844486155709 0.0628058380918498
0.0791682795461935 -0.0523436913239113 0.041486969957127 0.100146006024158
0.107427292125227 0.0380088355541127 -0.0216678125908362 0.117098236624709
0.0610380353951448 0.12946645612516 -0.0740506538443981 0.102346716550282
-0.00528090227691587 0.157368372181444 -0.0628755550949543 0.11111550694672
-0.030963701311417 0.142730154644036 -0.032408761787343 0.0367183420944234
0.0421145368864228 0.135866752946535 0.0687558308265184 -0.0322569548955129
0.095791796394704 0.0599583451704248 -0.00504231904238261 -0.116632349568398
0.0960705128775479 -0.0372515239138705 -0.108059639792697 -0.0819354084270898
0.0504252580706443 -0.0792248500359142 -0.116703264050913 0.0331083243547192
-0.00276208732020713 -0.0884658434789085 -0.0519941826337876 0.0739607299121532
-0.0469615463802289 -0.0643507810834776 -0.00757669698278149 0.0563968161938491
-0.0509845444001979 -0.0518646647632455 0.0210328095914912 0.0363064794502969
-0.0533633134845416 -0.0528062939446748 0.0394608877601097 0.0144449665298113
-0.029086347918537 -0.0909711124080166 0.0648377536479178 0.0110217763288331
0.0341633734036353 -0.0982527297656671 0.081322901154566 0.0271013720562573
0.0922160679130555 -0.0785504518248498 0.0742006381987413 0.0789064740993438
0.135331687309753 0.0331697880037862 0.0153413814490453 0.110185748084197
0.0771854660517518 0.14724740072007 -0.0539375412491614 0.0901765963856098
-0.00583601494928518 0.182339247913699 -0.0439761565131143 0.0599689878139779
-0.0575663850695968 0.14897037582727 -0.0089735581067414 -0.0241480177343099
0.0172942124640705 0.169316291224576 0.0795351423506357 -0.0593735366602347
0.0996720335078374 0.0987148677695537 0.0254543092112139 -0.124800203764476
0.123417580280564 -0.0230947469183842 -0.0729427734751614 -0.103370981838623
0.0701007501326068 -0.0877363396988868 -0.0987552100669721 -0.00725255685488113
0.00454035353735366 -0.103621698726716 -0.0588812625923501 0.0312426117191716
-0.0505141446344406 -0.0791105292323209 -0.0285371240188452 0.0238245996219602
-0.0572352627096069 -0.0607502714542441 -0.00109096111040414 0.0128125097517907
-0.0588822162986513 -0.0570594052147476 0.0186909945452472 -0.0109437930451175
-0.0338730485359094 -0.0947965684358417 0.0507097023956729 -0.0200714643063409
0.0294592184318993 -0.105903794268499 0.083024931949535 -0.00969583077902858
0.0917392534966257 -0.089815071780865 0.0941281620983602 0.0515290000051484
0.140005380410412 0.0271394681022065 0.041358637558484 0.0940059157960313
0.0775812855063168 0.143387322833678 -0.0414482773438638 0.0734364663345146
-0.00840840744467005 0.178839305768919 -0.0292990295189959 0.00571492808598657
-0.0710002862726666 0.126687697783866 0.0246942405228965 -0.0857377433086642
-0.0124099614780296 0.163270325966191 0.0929002761251253 -0.0860682821960982
0.076298760315619 0.113435599256128 0.0551414794633893 -0.122925413097595
0.120283108196791 -0.00184663303247393 -0.0307265520631889 -0.112996689309298
0.0755506856653708 -0.0769313065214831 -0.06918386374232 -0.0458081298420792
0.011419542890612 -0.0981582905757538 -0.0594125882423668 -0.0146229469824181
-0.045327378121935 -0.078821369927092 -0.0464823729093516 -0.0108681073047322
-0.0543123342191888 -0.0603074828899596 -0.0224094361666205 -0.0112625571867487
-0.0556147590948397 -0.0548825028343872 -0.00187638021272033 -0.0350163383990107
-0.0316701687483061 -0.0869799826405942 0.0341338979567114 -0.0475997653188907
0.0263931715042579 -0.0980659068453792 0.07892558404771 -0.0401081613559032
0.0852745043650021 -0.0806288568386747 0.102140041334613 0.0285641294403454
0.123969377969376 0.029021549524964 0.0553071076748574 0.0771010905648405
0.0588609703359303 0.128357431159439 -0.0353845897617535 0.0551916077401543
-0.0187606218699461 0.151112937857829 -0.0153890833286527 -0.0416523942790556
-0.0656729309115014 0.0806156639781835 0.0580949800591494 -0.136453318832622
-0.0328447743060075 0.118563199396965 0.102468637729972 -0.105984645541793
0.0402686408439387 0.0957222626809698 0.0767921592910035 -0.115049152470605
0.0884720166616226 0.0118788644130954 0.00495344455338282 -0.111333900536796
0.0612678712091164 -0.0525370246741604 -0.0401739237916836 -0.0741553141522071
0.0130435573810843 -0.0733970232583628 -0.0576936575399934 -0.0528277272418392
-0.032856407500915 -0.0636870544723463 -0.0600084615738615 -0.0403084610958604
-0.0425838103327447 -0.0502045407475238 -0.0407775487196114 -0.0329754601621555
-0.0440285543160294 -0.0465726757090019 -0.0200633014143869 -0.0554529218250136
-0.0229050190485837 -0.0704043713087358 0.0209297901725983 -0.0704273257072773
0.0246150014240568 -0.0785475798654612 0.0758447681201343 -0.0615392344346767
0.0742274275659759 -0.0586168600267769 0.105232811992642 0.0132624423154388
0.0936125411226346 0.0372051538682494 0.0597057546252858 0.0649555514609035
0.0269901418062998 0.103543682301427 -0.0307074003886412 0.0397602111979436
-0.0322390273314082 0.103397239394354 -3.87829218865112E-05 -0.0757204613689357
-0.0466514624367848 0.0205937759610766 0.07938265882448 -0.168309805649384
-0.0391796664926146 0.0518765638151223 0.10304588786805 -0.115874696737403
0.00580021339153923 0.0544832923116372 0.0857112692657341 -0.108485768505344
0.0424493275469093 0.0152552407499423 0.0220449707605713 -0.107370963530089
0.0334461718289607 -0.0229757248636099 -0.0253275080336291 -0.0894424920658223
0.0109974334794395 -0.037548533177625 -0.0588011751126981 -0.075378729957903
-0.0153434989472111 -0.0376762163854319 -0.0684071175125952 -0.0583469629030337
-0.0238098257288661 -0.0329098786131507 -0.0522770374745356 -0.0484874820124364
-0.0256067279438909 -0.0317778802045152 -0.0301466619813124 -0.0708616041211149
-0.0119047878169113 -0.0475023952411611 0.0139878532939996 -0.0883643068741791
0.0200926056731899 -0.0522325347322639 0.0772152014667435 -0.0759229790829675
0.0588200360561223 -0.0306651623409962 0.108466546251061 0.00639916710308275
0.0554213742210368 0.0427740300772877 0.0601712060446637 0.0599579681869496
-0.00590632086431965 0.0693248592675765 -0.0260957052691866 0.0305006037230624
-0.042947472176588 0.0450889485797661 0.0172809611223454 -0.0936631976181949
0.031426658481377 0.00979041225053264 -0.0196054719238526 0.115137043368393
0.0174173035270164 -0.0298950661741582 0.0570904141946168 -0.00823977173857112
-0.015814238738196 -0.0247295986636679 -0.0466931658327389 -0.0761810867850068
-0.0243674543390545 0.00659102518221385 -0.123132724395194 -0.0171318124097147
-0.00525592784976427 0.0165908341084312 -0.0972393073835145 0.084902093588696
0.0022755157634933 0.013129636741039 -0.0149039223726663 0.1156572883495
0.00619570636724785 0.0137458210449813 0.0363387783426897 0.0918693237687917
0.00386788738141351 0.00822118666842142 0.0590608321612843 0.0635371641723314
-0.00513943384511126 0.0085767603950916 0.0722241025082526 0.0596464278074299
-0.0122550245588754 -0.000645236339399555 0.0656447946932234 0.0748990715593314
-0.00515579767530047 -0.00858667625820227 0.0319442954645492 0.0959742819795718
0.00120111992222201 -0.0156500249752954 -0.0178433126386311 0.10325176319679
0.0258878696330855 -0.00899630737963612 -0.0798262661803798 0.10309003295609
0.0394316026765323 0.0167385177615779 -0.115681232349444 0.108384922567045
0.0199194145771378 0.0396282434291412 -0.093027081831309 0.168388025255694
0.0212622266622922 0.0627101688111193 -0.0344262977344801 0.108139425880359
0.0398962547406619 0.0186916408409852 0.0568578309117842 -0.00595411852592628
0.0251687296559163 -0.0121762816466647 -0.0409680017922848 -0.0843654981332882
0.00773344332736367 -0.0180813199028444 -0.127996932330766 -0.0311454564775869
0.00667784913497503 -0.0178600670726226 -0.107626043770829 0.0803933724923552
-0.00487486001077242 -0.0205696045440452 -0.0250444545130461 0.11507759299008
-0.0158466118210201 -0.0108112110823522 0.0278278408817129 0.0909531917131479
-0.017831569928193 -0.0142095308100182 0.0532146526756539 0.0624812698147328
-0.0237286303289787 -0.0182696647473647 0.068317142111808 0.0521569653372502
-0.0143023538323399 -0.04059080007369 0.0707417216685309 0.0633017822108238
0.0202291278851766 -0.0426394207599742 0.0490936065470874 0.0857568962474484
0.0458109928869814 -0.0275759062221217 0.00646138327730317 0.105495969343355
0.0648734947514799 0.0251870118227504 -0.0559679819171607 0.110218493750888
0.0442951455379258 0.0818913562372997 -0.0953015990080812 0.106377847994135
0.00277966882661623 0.104210494627004 -0.0792609052567061 0.147638584143353
-0.0015296505693246 0.108707998395656 -0.0393424294032324 0.0816774400736867
0.0498374832789811 0.0766187282126835 0.061044182919006 -0.014081477534533
0.0647493931171207 0.0167721005402171 -0.0273636217923192 -0.0991237957591752
0.0497535742754936 -0.0349625266912214 -0.123910863088444 -0.0527647684755322
0.0251104408884733 -0.0515693145112019 -0.114773613993405 0.0637402472948967
-0.00739131972216463 -0.0556731102031663 -0.0381807835450224 0.100729400835492
-0.0341386329374243 -0.0374345715213259 0.0125987321345 0.0784793254874608
-0.0361725070736961 -0.0343634621211232 0.0398841590917345 0.052817822262894
-0.0403571537142498 -0.0385268944017619 0.0568950628711595 0.0355731123939048
-0.0218573935117706 -0.0709447338420546 0.0716616062509251 0.0393890387768612
0.0314310459625598 -0.0747454495836879 0.0682784755546077 0.0606178522688003
0.0756759950840911 -0.0525738867401652 0.042094726000301 0.0970182126219414
0.10551605922211 0.0355960520489196 -0.0213728833122675 0.114012307567318
0.06118521793324 0.125204002113228 -0.0720672482439007 0.1002233033304
-0.00387840818866395 0.152841939023191 -0.059727774808605 0.109044820051062
-0.0298446608515895 0.139559927466434 -0.0308765466347361 0.0352975839654819
0.0429480039285611 0.131505651894806 0.0678109537956331 -0.0321053208142801
0.0932397552091513 0.0575307830494073 -0.00472023487937935 -0.113361887127709
0.0921700996225225 -0.0372238230856363 -0.105821821615769 -0.0790676249427904
0.0476225757969099 -0.0777830277923626 -0.112456057436182 0.0330023380605281
-0.00471052084967298 -0.0857228284625633 -0.0498511520773463 0.0719818892691985
-0.046688949868755 -0.0609311326668512 -0.0070465012897959 0.054992785924714
-0.0506127673998743 -0.0495715838146492 0.0214901106230321 0.03521490635936
-0.0523457347448341 -0.0499411886689529 0.0394742318060858 0.0132719034075163
-0.0303282333946881 -0.0882379509950735 0.0642496713715492 0.00842913814444533
0.0313781790081247 -0.096775030207172 0.0800290008908975 0.0253137342660699
0.08753887161828 -0.0771496107924264 0.0732060359296026 0.0761587944002282
0.131868478575525 0.0305046027345177 0.0150564602455692 0.107169656677698
0.0776328012573082 0.141916054859269 -0.0522223831084213 0.0880172408740361
-0.00423963259920921 0.176590836658585 -0.042561516255326 0.0591969166538973
-0.0558344289115934 0.145429970966308 -0.00839240507478193 -0.0233840502630938
0.0192891863399889 0.164651112836297 0.078565227737242 -0.0582446498679569
0.097249470198192 0.0948840824436372 0.0245929671639558 -0.121915418385522
0.119266258768908 -0.0239483414760063 -0.0718400173955803 -0.100467046181159
0.0666166506481893 -0.0865856741544901 -0.0945622706406214 -0.00679233372126359
0.00201465761308354 -0.100786924200877 -0.057144300958343 0.0303615013373316
-0.0509653048648165 -0.0749518339961508 -0.0273805520079532 0.0237732228095767
-0.0568901806681252 -0.0581310458320262 0.000356116614862478 0.012665475079334
-0.0578279318136542 -0.0543196087401055 0.0178959950605874 -0.0106552189131038
-0.0348634904447269 -0.0914601282378341 0.0501355920657575 -0.0212585745446828
0.0266140485739325 -0.103848639548096 0.0811314884762621 -0.0109781575971118
0.0867080125558386 -0.0887716633783366 0.0928670128026785 0.0486708267401456
0.136710371279221 0.024093689371952 0.0408448443228169 0.0908483977824285
0.0777621641586897 0.138455047579636 -0.0406831782901807 0.0708466439959165
-0.00701922846916554 0.17385743185018 -0.0283096342874802 0.00722302808771702
-0.0689345642669257 0.123771137488075 0.0238469548339077 -0.0835566904690806
-0.00966137557926371 0.159216948120978 0.0908695131318429 -0.0846821063890111
0.0752764195649372 0.109563965931399 0.0540235928991483 -0.120624258271196
0.116920023844557 -0.00336500873963126 -0.0301827751871976 -0.109892380787735
0.0714760368585838 -0.0756577435319971 -0.0664689777563483 -0.0444720206453051
0.00937814448657186 -0.0952501908022159 -0.0591384466666373 -0.0144017940400589
-0.0449353215039309 -0.0752028667957665 -0.0457790959092784 -0.00947340392266951
-0.0538291897221388 -0.0572460295189218 -0.0215019797306729 -0.0107548395197282
-0.0544635928784417 -0.0520998247173265 -0.00259933201745885 -0.0332916962202392
-0.0318941535174233 -0.0834918849419948 0.0332892515899439 -0.0474544256980963
0.0238101260087552 -0.0959838239178665 0.0762388648371067 -0.0401615849221126
0.0808730656791401 -0.0801429285546459 0.100549421619933 0.0262622806122315
0.121110655570056 0.0267561426977902 0.0538937683928745 0.0743113931300335
0.058627998146811 0.123560328885304 -0.0343581270760212 0.0542929659816055
-0.0164312214986595 0.146381081162907 -0.0165168207614859 -0.0390240670330265
-0.063509573263247 0.0791427350481738 0.0555599011288197 -0.133272353742855
-0.0300683129579187 0.116052181954556 0.100218506178345 -0.103540723176199
0.0405351321879426 0.0930094499560872 0.0750347614342732 -0.112583961889322
0.0863930015567669 0.0102221253787732 0.00383751576514836 -0.107968045729222
0.0584667908731182 -0.051836864474442 -0.0387874526235696 -0.0730294768583288
0.0114351131969425 -0.0712921333230615 -0.0585908566470179 -0.0510132319549283
-0.0327081738763504 -0.0606283964024747 -0.0604006530846091 -0.0377475176075901
-0.0426112508018554 -0.0484161985253327 -0.0396518206360343 -0.0315076335060611
-0.0424606835880655 -0.0436125856357082 -0.0196066705810886 -0.0534135572362399
-0.0236605711217959 -0.0674103753606379 0.0200476821288875 -0.0695551416233478
0.0224397584594309 -0.0769895058262638 0.0730836509430441 -0.0611645772176524
0.070991283077501 -0.0579790762901073 0.10346174203981 0.0114299312713761
0.0913355191682064 0.0350000754086763 0.0581355424377062 0.0624009978084311
0.0275757131375823 0.100377117109255 -0.0297014879117437 0.0395780057244899
-0.0305887547177944 0.10081903069398 -0.00179168291425847 -0.0730529101626945
-0.0452224528632743 0.0200963111125273 0.076010163672959 -0.163884229444564
-0.0374852611863306 0.0509784275696916 0.10020629723549 -0.112669706482075
0.0063865531846651 0.0534293743840696 0.0835097505439969 -0.106278995009888
0.0418096988623353 0.0142045963301057 0.0219843189859684 -0.10466653740385
0.0324279843450603 -0.0233003468258384 -0.0247851098916928 -0.0882855349705236
0.0101637407281489 -0.0362337686660563 -0.059376988245844 -0.0729729736063076
-0.0160998774173432 -0.0358043411886489 -0.0682274981733166 -0.0551958341091837
-0.0235223530224599 -0.0313452040009207 -0.0506503370606642 -0.0458374266936099
-0.0254469160488465 -0.0307663628399547 -0.0308723454215644 -0.068543447037429
-0.0123060018038802 -0.0455509356944784 0.0128757117580159 -0.0854670217252677
0.0187655248393543 -0.0502404666457906 0.0746900463472213 -0.0754448317333487
0.0560874056449569 -0.0303992955494192 0.106485740341869 0.00484692548492501
0.054070277183774 0.040788469695179 0.0591543534437709 0.0580929947022417
-0.00504715717593476 0.0673620844130586 -0.0256718729375198 0.0308130537654509
-0.0413699426422447 0.0440867553979142 0.0143982875563456 -0.0908999135074931
0.0309995156134744 0.00987129894911367 -0.0192309808998519 0.112523841643374
0.0172195633463096 -0.0296982070284065 0.0565354656146358 -0.00815046393198254
-0.0153647326435395 -0.0244873523858734 -0.045224434986966 -0.0748939098010765
-0.0238846056023212 0.00657954207211608 -0.120788760299393 -0.0171593393010772
-0.00474347448462314 0.0160706846476332 -0.0953773753442785 0.0826635045820859
0.00208485900239575 0.0122808014237875 -0.0141050896896718 0.112627347920466
0.00627290386820725 0.0131381254340968 0.0363365138143826 0.0884550174686953
0.00349706735957617 0.00771553749997247 0.0574169187200766 0.0613528073289324
-0.0050364690743262 0.00831520225246841 0.0716813631486247 0.0572387969615716
-0.0122316724467635 -0.000402765872117489 0.0646432534198367 0.0727030926186651
-0.00522018245573672 -0.00809256078418319 0.0317101384216708 0.0942791092579049
0.00104686949426468 -0.0155159050225404 -0.0182843718925667 0.100375751698224
0.0255488653189599 -0.00866175212083928 -0.080033190795969 0.0999772963937467
0.0387375671446536 0.0164665741325328 -0.113469238623596 0.103912553261676
0.0188233986634624 0.0386494273853972 -0.091307643888612 0.162465153581084
0.0203754436124442 0.0610171876841721 -0.0338476146165432 0.105530632223334
0.0389267350853071 0.0177930524196667 0.0568833761450343 -0.00674459873473704
0.0239954891807983 -0.0116180006635148 -0.039387264496172 -0.082797273903817
0.00754076976168394 -0.0175729834917491 -0.124511795463127 -0.0303575446145223
0.00661729297201466 -0.0173827425721119 -0.105021687014566 0.0780017547319881
-0.00476811984330541 -0.0204189270052292 -0.0244731918839643 0.111336616786363
-0.0151296289350696 -0.0105377966252596 0.0275303013988879 0.0885217984757662
-0.0170150895779735 -0.0139158322252158 0.0522244531803751 0.060699967182547
-0.0228265450672933 -0.0174772381331711 0.0677916437155574 0.049935994227725
-0.0143901233815774 -0.0398328569814845 0.0700573535851395 0.0612004339437119
0.0190042092381522 -0.0421069239191025 0.0480297491807541 0.0846069964591391
0.0441600675584165 -0.0271183283854972 0.0053493403849543 0.102400681047367
0.0634774869114331 0.0236263161378399 -0.0562125475155272 0.107227378372115
0.0432576400551185 0.0801955160509662 -0.0931556359404723 0.102740262489625
0.00120050450158661 0.100708873418331 -0.0770143059356166 0.14323289937802
-0.00172322111883445 0.10650766661713 -0.0385281990500179 0.0789255920426198
0.0489763272291353 0.0739666956444327 0.0608161333498001 -0.014542675807838
0.0628859597434868 0.016258778762591 -0.0256190344812729 -0.0963861476769796
0.0477487568314479 -0.0338163394619178 -0.121020536796922 -0.0520177362944466
0.0240409875370195 -0.0503092249775422 -0.111476001414673 0.0610135342751351
-0.00768667120234543 -0.0545726333486516 -0.0372177830199156 0.0974317931845001
-0.0333754504354013 -0.0365145959778563 0.0127139597236714 0.0763857988451222
-0.0355225667937446 -0.0336879117985227 0.0396886194602012 0.0510619543800098
-0.0392520297644835 -0.0371805002680357 0.0561709783619631 0.0342834662747951
-0.0217674269835373 -0.0687669889712073 0.070909027346195 0.0376880305926824
0.0294845588733939 -0.073406280184495 0.0672466902194886 0.0597635442321926
0.0727330228145329 -0.0517218033304778 0.0404294285641616 0.0948148921920367
0.102501610798763 0.0342695457737857 -0.0222151463968752 0.111513236129206
0.0599573291361221 0.122154599784971 -0.0703956941174413 0.0969840770023125
-0.00489488794038579 0.147863028872761 -0.0583870698633278 0.105975270193082
-0.0302042383886826 0.136065233586984 -0.0302052734820172 0.033965912280948
0.0421827224805557 0.128480891639378 0.0680770474422438 -0.0314848084335679
0.0904391452542136 0.0561660150035827 -0.00302900677620731 -0.11045119472009
0.0895261634864155 -0.036192510571889 -0.103079366757229 -0.0777473554085151
0.0460094579497896 -0.076075056713449 -0.108606319128066 0.0308311728807862
-0.00481241440668994 -0.0834077893488102 -0.0486122613793101 0.0692113243238933
-0.0455059871910795 -0.058662591110911 -0.00703637017442452 0.054385101767483
-0.0485951326080685 -0.0485139705654166 0.020797637895445 0.0340900230378676
-0.0512022001024531 -0.0480795634763938 0.0389172475285956 0.0130434348732332
-0.0300103193458455 -0.084858836291049 0.063102619232276 0.00750922809645756
0.0292408497270635 -0.0952892607611407 0.0785731566861972 0.0249438177471327
0.0846087576403531 -0.0759296343690736 0.0719480636705662 0.0742119446901091
0.128459613321579 0.0295369116782429 0.0131517112757519 0.104475571775303
0.0756099079662878 0.138412676508926 -0.0513675770716758 0.0855621403150952
-0.00501006044896334 0.17106899616537 -0.0415400497255593 0.0583005658138662
-0.0548322248573869 0.141685608918928 -0.0074028877435011 -0.0235787724414475
0.0193678000304648 0.16033431453227 0.0781824824850586 -0.0565155511643301
0.0945684586661846 0.0929354306507186 0.0259995070115398 -0.11849801783281
0.115493851313112 -0.0232231649498753 -0.0695477362824452 -0.0981764762429565
0.0643304314458411 -0.08416657204841 -0.0910007322361984 -0.0080409289865309
0.00181774886347314 -0.0974445112219173 -0.0559275811088238 0.0288438866453684
-0.0491361919855237 -0.0721418224176349 -0.0272094383398151 0.0239274453340732
-0.0552228843707423 -0.0561436366287257 0.00026899416295304 0.0119899722284365
-0.055775689230663 -0.0523093747535216 0.0177221503325349 -0.0104114289855072
-0.0341128162650156 -0.0877662743342097 0.0495097014804896 -0.0215441254960387
0.0258553934136147 -0.102192248614547 0.0795607366683472 -0.0103906509333619
0.0831450363351058 -0.086373012336169 0.0908601338134268 0.0473965783760155
0.133198814523437 0.0230975965848741 0.0383377495435761 0.0886831907647346
0.0760475726691997 0.134726036697343 -0.0403121757636958 0.0688283481862886
-0.00809642224905972 0.167902148677889 -0.0285867016423476 0.00821180850469348
-0.0679451040839593 0.120367444536922 0.0237666097040297 -0.0812671227062639
-0.0095425171273641 0.155118708911273 0.0894285343369546 -0.0807720508326291
0.0731489936048447 0.107836915269017 0.0540494395086291 -0.116824257137864
0.113741982905858 -0.00315127613348289 -0.0288156356856296 -0.107117744898852
0.069170710268024 -0.0737019745744717 -0.063279918790679 -0.0451224896500129
0.00852395199580249 -0.0921550732276481 -0.0580466891009826 -0.0150172938041183
-0.0444155815491192 -0.0717995983787761 -0.0454342762174839 -0.00912780112529773
-0.0526723752887605 -0.0551564630642944 -0.0209173303939114 -0.0102595437387636
-0.0524096762328962 -0.0497113048627545 -0.0020126872130059 -0.032565027082323
-0.0316405980695611 -0.0805231555238198 0.033073274048896 -0.0467272669409763
0.022397059628253 -0.0941734388099486 0.0749888297849036 -0.0396836583122229
0.0772731136669951 -0.0776276112878808 0.0984476208304767 0.0250414815412914
0.117402565643379 0.0258626718223812 0.0514004280638252 0.0720697023271782
0.057357016907439 0.120680040137886 -0.0337367940952072 0.05256845815743
-0.0175139337710433 0.141510980249085 -0.0158798732597167 -0.0368562153501094
-0.063273703614254 0.0766084289016997 0.0552963924616332 -0.129803545419521
-0.0289371894230554 0.11256270323665 0.0985842550282184 -0.0995853540141524
0.0396186762304385 0.0910774518301092 0.0742976915744609 -0.108958907037699
0.0841118696417716 0.0101440597882084 0.00579623797694344 -0.105139587933343
0.0567290757921457 -0.0506250518359369 -0.03631480938573 -0.0719583911921045
0.0109758892594278 -0.0692859627458646 -0.0581368915729821 -0.0509526144524361
-0.032070159135202 -0.0578796247226913 -0.0591269398725097 -0.0357089912826668
-0.0419728046091728 -0.0462031872355846 -0.0381159191226867 -0.0301695518495684
-0.0416178223685868 -0.0422436314428023 -0.0191752290050407 -0.0513327580949948
-0.0226073508052309 -0.0651286031142079 0.0195713353044564 -0.0677380885310208
0.021304025254911 -0.0751717698166239 0.0718212537102318 -0.0603083466306332
0.0677786676243269 -0.0559687052749245 0.101426575486918 0.0107401487228458
0.0879673088767889 0.0338503781459468 0.0560999581211582 0.0606845857050071
0.0269643161684832 0.0972065450301175 -0.0298920984638218 0.039005188729233
-0.0305146962930476 0.0976412224445885 -0.00233668056274279 -0.069488027526123
-0.0448039959995105 0.0194370975501457 0.0751335322596726 -0.159068773801538
-0.0363774118331562 0.0497786101689373 0.0985135054443879 -0.108655729858074
0.00637193594832418 0.0518284563104827 0.0824549696227295 -0.102955895343942
0.0407662047417851 0.0141972476062936 0.0228543752777033 -0.10134808778308
0.031417238114579 -0.0223848175326789 -0.0232665229248251 -0.0867093189255545
0.00990885153548145 -0.0354126473626911 -0.0594823752563591 -0.0710977403463823
-0.0151074840788459 -0.034594178011516 -0.067521735844917 -0.0525772786325865
-0.0236577314035898 -0.0305089136953614 -0.0493323722206992 -0.0445856307429092
-0.0241981143758488 -0.0296873163740049 -0.0291463369743695 -0.0658990653822863
-0.0115609872489357 -0.0445839762429517 0.0122880151037799 -0.0833417825077522
0.0177260535698845 -0.0496290118253341 0.0723203666853095 -0.0736712189302187
0.0539368352252735 -0.0293294050475721 0.104084812084126 0.00445408422081705
0.052730157821855 0.039255218288162 0.056095596170969 0.056051832073936
-0.00537846986707826 0.0655678237970143 -0.025727661922826 0.0300971866383482
-0.0409952727274852 0.0424297307784119 0.0135577348166897 -0.0866408180070888
0.0308591614753526 0.0104462856452424 -0.0202234271683941 0.110093020974512
0.0165293426435027 -0.0294213430823176 0.0574986876954598 -0.00838200746340841
-0.0147050317983338 -0.0245149661720094 -0.0423557504153918 -0.0752387221170997
-0.0234011672357261 0.00612135760100366 -0.1182761371913 -0.0184387115788857
-0.00539950908731186 0.0153989173537757 -0.0954423121581078 0.0805138624389354
0.00204584236724772 0.0122365841293457 -0.0151721052259023 0.1101334617443
0.00595226001592196 0.0129394496782511 0.0350185488254303 0.0864236397373495
0.00318766831574345 0.00697090350462458 0.0562439087843931 0.0610367843642743
-0.00491915993541443 0.00783148001505029 0.0700850510744337 0.0565145085778479
-0.0117385024455872 -0.000509050151683039 0.0635065738664807 0.0719428417160779
-0.00517148328222899 -0.00828270009189978 0.0296840438126985 0.0931625640264108
0.0011106168327952 -0.0150137396991957 -0.0205453653591237 0.0987303655981525
0.0256943322445725 -0.00875085918213536 -0.0813216929689691 0.0970537832531231
0.0376967805479463 0.0156178710523163 -0.114076262766124 0.0992754235616437
0.0172650899386409 0.0385394452488577 -0.0919559977039832 0.157732211790983
0.0190894898134905 0.0610538538646958 -0.0344070210277682 0.103458858059936
0.0381165574780257 0.0175649682421318 0.0573352722924981 -0.00602286069211956
0.02362614673537 -0.0111664883181847 -0.0364789572130173 -0.082129600035797
0.006850824612657 -0.017048290868778 -0.122080013906459 -0.0322609858845466
0.00627434106458055 -0.0168528471349268 -0.104508874109312 0.0748791209560917
-0.00488821870913491 -0.0199831621858338 -0.0251875541610826 0.108910218203672
-0.0149261317088239 -0.0107320194221272 0.0264937681753354 0.0866584286341747
-0.0166367037924528 -0.0145900226503354 0.0512292570098365 0.059819319117405
-0.0223609570499757 -0.0178419240516561 0.0670494158578425 0.0495260562786411
-0.0137226730343085 -0.0386633681730882 0.0693265097859991 0.0606636020881766
0.0192104031587711 -0.0414724753618653 0.0466058492464581 0.0845258851150353
0.0432736331152955 -0.0264704963796926 0.00427344794636042 0.100636956409985
0.062348334864941 0.0244815333096722 -0.0585309438998561 0.105006262044177
0.041789045917282 0.0787554728353845 -0.0941563948970948 0.0989215086750236
-0.00132361780784763 0.0992091689683608 -0.078511056069714 0.139146934680845
-0.00378203415760775 0.10486342248613 -0.0384825645865704 0.0771416039340412
0.0472112602415758 0.0730527362498279 0.0619291948297056 -0.0137174486224654
0.061261708345596 0.0171197713012474 -0.0226443443516052 -0.0953261803632625
0.0463414409086994 -0.0320269402882755 -0.118341889738892 -0.0536187555896964
0.0237793280854317 -0.0496763966559997 -0.110680980510013 0.0584225424176007
-0.00771047965908542 -0.0538147403554305 -0.0380910283925417 0.0952107887654405
-0.032632077031937 -0.035831138995639 0.0116706396987819 0.0756231406969149
-0.0348165370828629 -0.0335517931635807 0.0385579799553837 0.0504923026598219
-0.0380504317682187 -0.0370099630277262 0.0555470940238268 0.0345314974585709
-0.0211658223500552 -0.0674660297811347 0.0700879466413915 0.0366360948541272
0.0297260261352724 -0.0723693447107196 0.0661488201254209 0.0602027744592444
0.0717706397660799 -0.0498914858957298 0.0386480565111169 0.0934365806891772
0.100755427074909 0.0350755892462988 -0.025077027868436 0.109420634834081
0.0574708308429672 0.121309921974571 -0.0715101194379973 0.0935007692221475
-0.00822236153808214 0.144998706207057 -0.0595229085480004 0.103915166824766
-0.0323370063906342 0.13375681749665 -0.0296110639657926 0.0330755551868734
0.0401281563860621 0.126568663949379 0.0693014800029105 -0.0300976428544778
0.087899168610121 0.0567791204822451 0.000166186505544615 -0.108216152282495
0.0877851854465735 -0.034557314909161 -0.0996897710518387 -0.0785842104513572
0.0459080353916076 -0.0737200714986996 -0.106613301458399 0.0277660387787227
-0.00476197615209387 -0.0818422425076934 -0.0491790060086504 0.0668186831375385
-0.0440639015247875 -0.0573507989199565 -0.0074145294758863 0.0534688610687527
-0.0475784244220966 -0.0483849200015791 0.0204441375688054 0.0334736443940373
-0.0495125655951297 -0.0479379990100737 0.038872565090301 0.013595983516429
-0.02935150521561 -0.0830192492049627 0.0636692811852187 0.0076069757641056
0.0296995427043174 -0.0940270304668692 0.0779303554672762 0.0256419155850567
0.0829257755498433 -0.0738556288107886 0.0702183486565424 0.0735920109413672
0.126514393547798 0.0302995018865948 0.00998620637777091 0.103233959547237
0.0732281296108006 0.13758547036933 -0.0529328184949229 0.0823484287240025
-0.00891775073549494 0.167733135027174 -0.0418670119403331 0.0577330213084142
-0.0572826402187921 0.138808761555355 -0.00640193784223234 -0.0237889869006488
0.0175200256068354 0.158046811745284 0.0797287176708669 -0.0541664784146583
0.0915556465952173 0.0935534199592411 0.028682426224474 -0.115647996055767
0.113638231563122 -0.0210914440246474 -0.0659216696257597 -0.0984896833901022
0.0635556994285819 -0.0816869749079221 -0.0888447082358869 -0.0105506255003824
0.00253042701487279 -0.0958598499034967 -0.0564060434118782 0.0271051032986649
-0.0478937614366849 -0.0706792861616232 -0.0275159639647135 0.0239416996544462
-0.0539865916621637 -0.0555391279877463 0.000243815342524569 0.0116846432599845
-0.0540735225695823 -0.051433922079769 0.0186491522155065 -0.00943334744390739
-0.0330912862926046 -0.0860765440876236 0.050276771912535 -0.0212448177955438
0.0254711240762327 -0.100422378115294 0.0790993230588268 -0.00948706398065056
0.0816427252069502 -0.0835829206040204 0.0894395735604048 0.047729280954582
0.130896861076797 0.0242237465829554 0.0353152081417334 0.0879325855945061
0.073482629182651 0.134065666086991 -0.0408104536043384 0.0668584980249061
-0.0111072271033781 0.164254567586883 -0.0282887179846527 0.00824033284444968
-0.0696457833720514 0.117779594254315 0.0254105320359595 -0.0800086622522772
-0.0108987688564532 0.15245236498644 0.0913694440155631 -0.0781989252215214
0.0706452031921281 0.107223829347188 0.055953699615649 -0.113669154039849
0.111595627577738 -0.00129941555203248 -0.0253234969909421 -0.106141828364
0.06891498619408 -0.0717518430874622 -0.0610470288514371 -0.0467558215738043
0.00888260069311771 -0.0909362490540799 -0.0585164592017279 -0.0155040584791367
-0.0426910210698602 -0.0707457250021238 -0.0454208039149503 -0.00798477553554173
-0.0516888812371178 -0.054712192594921 -0.020109574464672 -0.0104544877110274
-0.051128119106898 -0.0494131262147426 -0.00134793801506847 -0.0317349974055837
-0.0303905182948889 -0.0789277553197709 0.0340106389881422 -0.0464688570459818
0.0227402286560015 -0.0926018406711097 0.0746185377335827 -0.0378329858358372
0.0755670221819258 -0.0754820099787568 0.0975642314129246 0.0257332067683751
0.115373017911829 0.0265656936935964 0.0483455220357628 0.0718433994487527
0.0552048423253566 0.119135577414331 -0.0352146399438849 0.0512037972432994
-0.0201251713963859 0.138289429180989 -0.0157839115539793 -0.0350838342646251
-0.0638623275988702 0.074391296650627 0.0568859762567041 -0.126606195078442
-0.0298457678243357 0.110691595398789 0.0996826502909323 -0.0956066577965001
0.0376416993318365 0.0901013446980835 0.075751317572535 -0.105846912523175
0.0825852226744638 0.0110180729773471 0.00866850367525975 -0.103734665939036
0.0559295663026689 -0.0494572433091933 -0.034344620104409 -0.0729238915181042
0.0116820123402148 -0.0675087513242441 -0.0580643639929865 -0.0508689760735558
-0.0310183036270432 -0.0570748527620931 -0.0590601180702639 -0.0347173144745504
-0.0407609987457212 -0.0456455759776285 -0.0370836857325586 -0.0301972524154454
-0.0400548397762926 -0.0418897207218138 -0.0184654595135548 -0.0506065151911964
-0.0218472277601218 -0.0640635300445858 0.0208183551362124 -0.0668290915000859
0.0214151278249649 -0.0735819634693881 0.0708603285367692 -0.0580160391704975
0.0667957341534765 -0.0541609419296184 0.100142114249574 0.0114828657894491
0.0865586502390957 0.0342224699511694 0.0532890318778148 0.0600793130532032
0.0249708560756688 0.0965344250466264 -0.0299263436259196 0.0381590860994117
-0.0324913906198819 0.0954290959432495 -0.00177867070109439 -0.0671446137772488
-0.0445143050283979 0.0183413115813113 0.0771734842485971 -0.155019075045572
-0.0365652314437598 0.0484094728968666 0.0995471258196351 -0.104031464656972
0.00610713169450085 0.0512242820237874 0.0836167749856056 -0.0995184887096643
0.0399126484372865 0.0141500411103972 0.0255972082480963 -0.0994492983721055
0.031160474160056 -0.0217206546247489 -0.020981170259638 -0.0869943151626792
0.0102419814545155 -0.0343288187410465 -0.0583963338009612 -0.0704001028958045
-0.0142028706851933 -0.0342695604341086 -0.0669051084522962 -0.0511582656117233
-0.023087548707553 -0.0297817939132321 -0.0474175304639677 -0.0439839851398106
-0.023516566244369 -0.0291122678101517 -0.0280460227648667 -0.0650135793157129
-0.0113760979092582 -0.0434751482099742 0.0134751491494386 -0.0822156002370107
0.0182468474126486 -0.0482543515270507 0.0722566950188144 -0.0712835599261436
0.0529120777391585 -0.0280202127435543 0.103029752694736 0.00563489475316323
0.0513279812567873 0.0397075603251323 0.0535592834144836 0.0561089917501757
-0.0064535908776151 0.0647014543904461 -0.0260922710803934 0.0298745291548674
-0.0410177483688435 0.0417043786532852 0.0140711224649473 -0.0845926166668656
0.0315114775773044 0.0114574972517331 -0.0220788890199826 0.111222691704391
0.016859402866769 -0.0293358856873923 0.0591294860153686 -0.00765673062915855
-0.014940420798137 -0.02515563908572 -0.040945148806921 -0.0766028898634615
-0.0237182027061545 0.00607806241211358 -0.119285415207718 -0.0212230140647721
-0.00605276132696635 0.0155026216067517 -0.0981556270928434 0.0790951577467881
0.00181612261509722 0.0119434487515259 -0.0171530715908249 0.110097012588767
0.00624974480648222 0.0126786295156047 0.0345816148203223 0.0865441145965636
0.00289793256319179 0.00701626034419441 0.0555813896093645 0.0618083359021061
-0.00456806469919808 0.0075419753376938 0.0708937105993051 0.056749614549526
-0.0115782855128237 -0.000547863176910718 0.063390162203587 0.0733681400147813
-0.00506549788144267 -0.00872153735404245 0.0286235753566365 0.0956329135285349
0.000995821464245266 -0.0152751962086032 -0.0246452163179955 0.0980191072845411
0.0263263654264634 -0.00837879393620485 -0.0850177715492225 0.0958248510996452
0.0373366228708063 0.0163454433631023 -0.116869421281196 0.0973143055908839
0.0160090686411682 0.0394216577334226 -0.0960660079145637 0.155521928292286
0.0179678867435515 0.0625968157434153 -0.0367647245759534 0.103521327786544
0.0379531683539997 0.0178943927265228 0.059531908216649 -0.00602521771973328
0.0232098484701227 -0.0108285003174598 -0.0342435582569045 -0.0838292270805907
0.0066673889660956 -0.016719136357087 -0.122985239821748 -0.034558694415182
0.00608681313103441 -0.0172333194932647 -0.107310530073996 0.0733618081745438
-0.00518649785922409 -0.0207590049151929 -0.0273984364295311 0.108617998654612
-0.0146034366748471 -0.0112008529477425 0.0265944596614767 0.0866853352798567
-0.0168253273340628 -0.0147780592832039 0.0511185351271199 0.0604819447192196
-0.0221337745585568 -0.0185179253435657 0.067375546071188 0.0502698417643723
-0.0133743621824309 -0.0389716019725724 0.0695642416124891 0.0616824617826261
0.0192183324615712 -0.0422773670734379 0.0465817737934662 0.0866450170025326
0.0431999933657341 -0.0253100797844185 0.000846754164708258 0.101419134189775
0.0626332066214398 0.0258047911713517 -0.0620241131607306 0.104216272744003
0.0403603768360749 0.0796095273842427 -0.0973234438968064 0.0970334329324074
-0.00455929002702504 0.0999233786677305 -0.0810977431650421 0.138135245136348
-0.00639960857857861 0.106071361987449 -0.0405933968297313 0.07686739661992
0.0466426400201022 0.0741304411692698 0.0635162828138254 -0.0129088375256011
0.0609012167670718 0.0184817691205461 -0.0194162413396348 -0.0968559582042929
0.0467873553747886 -0.0315131513021058 -0.117606661876288 -0.0566166997978945
0.0244448540796813 -0.0494311877086231 -0.112664338528196 0.0557368724061569
-0.00741140926130053 -0.0540830615022264 -0.0395869363221203 0.0945234781419856
-0.0319477290682758 -0.0360320281832603 0.01062417526223 0.0758848268134005
-0.0346902969196964 -0.0339138353132592 0.0386536455244221 0.0508383149343477
-0.0378868087842836 -0.0373841711003602 0.056364487894624 0.0350817906883606
-0.0201824807105023 -0.0681468872227015 0.0708897811514778 0.0374742265917448
0.0306110477411365 -0.0732644057011719 0.0660820282494585 0.0622487684177709
0.0721227341561488 -0.0488344552507049 0.0370079857685136 0.095160634688122
0.1007695382977 0.0366310673007462 -0.0281942118064705 0.109738124577178
0.0559426809170471 0.122554749310888 -0.0746490156997419 0.0925437915787207
-0.0126842997850556 0.144960044960688 -0.06172227226172 0.103335525036414
-0.0361900860147598 0.134490090035428 -0.0302626226422344 0.0323339807516164
0.0383310936501819 0.12742258733292 0.0721991433221142 -0.0298154431126894
0.0874223362076084 0.0589305067731418 0.00336004251986443 -0.109277071441189
0.088170748277905 -0.0325869842582492 -0.0984756289568679 -0.0812376277568532
0.0468468437505973 -0.0735327460479649 -0.107737641497762 0.0250718628341764
-0.00367305567114444 -0.0824605218748028 -0.0512305301502971 0.0660414485730826
-0.0436808521540147 -0.0580350444291672 -0.00816875402481972 0.0536734398745521
-0.0474950129660772 -0.0487126732542573 0.0213310140836489 0.0336543467214095
-0.0486684777922549 -0.0486868572141206 0.0394774110390489 0.0142364078718214
-0.0280700729871957 -0.0840032261477458 0.0644769638771549 0.00769131964601599
0.0307332209485951 -0.0951426248917141 0.0785801254402472 0.0275978390363685
0.0839378188061506 -0.0727040446947567 0.0692681335827841 0.0750306401506994
0.126809224346984 0.0322683859804021 0.0070470142001995 0.104253625087412
0.0716737060723314 0.13981702563388 -0.0554292939277777 0.0813112761838149
-0.0134875905929659 0.168189928485772 -0.043277930922494 0.0576612407139011
-0.0613601399349279 0.138770543073251 -0.00585451178803614 -0.0238357808630438
0.0152968255134046 0.159070991854947 0.0827422417268277 -0.0531276278420667
0.0902925073009404 0.0961812976616851 0.0325458036579449 -0.115777829814004
0.114294152960982 -0.0191376467416766 -0.0641653610266146 -0.100680038962261
0.0653307210461415 -0.0814971412605553 -0.0886973173924708 -0.0136228990357777
0.00380139574071056 -0.0966464593860872 -0.0581975638100935 0.026035496081064
-0.0468396324855949 -0.0711202395506974 -0.0289843324162987 0.0240990608434011
-0.0539121359370486 -0.0562430406175865 0.000456446748373271 0.0119407052820589
-0.053375428834141 -0.0519101517225266 0.0191718026290022 -0.00965801161275718
-0.0323273142144094 -0.0868366647518103 0.0514136788090998 -0.0217199442457619
0.02641335300385 -0.101253759952876 0.0800864465792975 -0.00769114989402011
0.0827586175388484 -0.0822154005856932 0.0898209076386572 0.0488553578892746
0.131223866759302 0.0262110533158028 0.032353021048511 0.0892357872871556
0.0715095847369269 0.136891021009817 -0.0431467328533084 0.0663619778494846
-0.0155655604033176 0.164309213760442 -0.0289191450856216 0.00907848685231959
-0.0734280101407319 0.117445353588834 0.0278307329113851 -0.0801829363832196
-0.0133764861273325 0.152927371375272 0.0943445222492502 -0.0771723050417634
0.0691632798273216 0.109329244629671 0.0601974568420112 -0.113109629007021
0.111684445446688 0.000951362372634404 -0.0224973920263696 -0.107729863581433
0.070268961420534 -0.0714417529981437 -0.059896272562953 -0.0493571351154827
0.0103862038823219 -0.0914165761240974 -0.059820709693636 -0.017135360600014
-0.0422009560475374 -0.0709311195839686 -0.046178139748192 -0.00846602699797056
-0.0516866799034867 -0.0549079769678585 -0.0196763567912211 -0.0107321206428605
-0.0499254217030212 -0.0496468968034578 -0.000797302026513505 -0.0312166671780441
-0.0292665637268553 -0.0795784896868729 0.0352176663877085 -0.046903071050889
0.0234472284339462 -0.0925715555317663 0.0761268618218925 -0.0363506105818013
0.0764552084187438 -0.0742352114000478 0.0983128917322397 0.0271484619106052
0.115138703791775 0.0285852671611708 0.0461740004830169 0.0729246293090657
0.0528502572566287 0.12103917246664 -0.0366832084706279 0.051238110786607
-0.0235527355366711 0.137929326124669 -0.0159965496304203 -0.0343529472833774
-0.0665513376769094 0.0740061360801599 0.0603995212634005 -0.126132679047987
-0.0319969584241586 0.110277244974525 0.10285437062576 -0.0935728807896512
0.0363459787269375 0.0913265433862334 0.0798572764401392 -0.104270542385407
0.0827197763743299 0.0127586571772656 0.0112343096648778 -0.104245431938235
0.0571239590973849 -0.0487290062619988 -0.0320907762847415 -0.074876123225415
0.012768538141341 -0.0686538330026754 -0.0586393326739104 -0.051250826313742
-0.0305116571597544 -0.0576068927502636 -0.0600392408803666 -0.0346348075259804
-0.040685367935777 -0.0455460648258222 -0.0362672533897151 -0.0306649792476106
-0.0395499792259629 -0.0422784274074128 -0.0166875310269936 -0.0507384718198315
-0.0214570828094967 -0.0647648884684056 0.0223897844753262 -0.0667389410248133
0.0220318664223756 -0.0737811384996697 0.0723595895483397 -0.057230377193228
0.0671992301794488 -0.0528472685782703 0.101271449665989 0.0132043795178597
0.0865692471793921 0.0356570249668137 0.0507594512195067 0.061697325320097
0.0227863929887726 0.0976449783457972 -0.030833821182241 0.037847392975664
-0.0348847978157586 0.0947655288541107 -0.00149995006035171 -0.0664084831508697
-0.0455160187000618 0.017338003014298 0.0820387664240437 -0.154076589874124
-0.0373472949665002 0.0477147306375132 0.102911701281729 -0.102186880151126
0.00510544724241953 0.0515097650115734 0.0877250232931697 -0.097967699641896
0.0396744600043515 0.0148439525048268 0.0290287882896861 -0.0995179616158556
0.0313115124478662 -0.0214774434770003 -0.018784797776182 -0.0881247573009854
0.0110882464012018 -0.0344517968801042 -0.059352077374057 -0.0718308048220765
-0.0142351315021224 -0.0341519601637481 -0.067517280637079 -0.0513067263548647
-0.022797221955964 -0.0302740186403409 -0.0474273261827594 -0.0453174922305826
-0.0226108509464187 -0.0294244533040573 -0.0269103269829486 -0.0655815787522011
-0.0105501504434848 -0.0438216826827786 0.015693423439264 -0.0818563644576678
0.0188373660032686 -0.0482319350871976 0.0737066170378686 -0.0700532551742159
0.0531735680250214 -0.0267789298231261 0.103662526518424 0.00692157221810375
0.0507456108278771 0.040564032048801 0.0522123859685503 0.0572963871034266
-0.00788039091296341 0.0647042464990731 -0.0269327236087662 0.029731007345621
-0.0426791231481452 0.0408314395653138 0.0146327778195312 -0.0833798752060038
0.0337979235731498 -0.0075780213214127 0.0499861312901422 0.102192103834382
-0.00301821642283561 -0.0335135419865017 0.0438794764777293 -0.0448944085227114
-0.027737945495775 -0.0124841181485462 -0.0805469888106342 -0.0398516790272949
-0.0165315659850418 0.0196708662178068 -0.112062866790571 0.055792580813764
0.00456972118578174 0.0163815278931034 -0.0325927790183698 0.125427117995543
0.00897466021258041 0.00832281885436282 0.0527685550783464 0.100213715230274
0.0124195262943955 0.00584415887192887 0.0815857284733658 0.0494718618170998
0.00625548344245314 0.00363908084553832 0.0833287245648813 0.0164566118453591
0.00103895902184878 0.00849836756569572 0.0931418069122562 0.00222379699751737
-0.0100293598182584 0.00647398981468032 0.0982581482388285 0.0215272719196325
-0.00890848894005072 -0.00373820614909506 0.0820601575783651 0.0608973308166465
-0.00722435080491385 -0.0128186183919223 0.0397675637571591 0.0971790898484941
0.0177391261787566 -0.0223190170076786 -0.0118910333990573 0.132188401917249
0.0408124339829672 -0.00787220670665798 -0.0362504198917852 0.154795004745375
0.0370223663944327 0.0265285284183212 0.0156339106369767 0.18950417640802
0.050550284918428 0.0431460624822746 0.0371010649198056 0.105467101415997
0.040884989717171 -0.00751086962712839 0.0477455763480871 -0.042420836060755
0.0123711228746237 -0.0228123925439975 -0.0780739284748966 -0.0512678049677525
-0.00469756815224142 -0.0156143135318568 -0.123322615995527 0.0451165954174526
-0.00433536517667399 -0.017712436742374 -0.0441729141785565 0.124388142384179
-0.0160101087521936 -0.0136089952431189 0.0434452056953935 0.105137141495067
-0.0177547819272895 -0.000657107613899157 0.0746499962236933 0.0554395210756539
-0.0227696685835111 -0.00171265858016294 0.0790400495585178 0.0184319842287741
-0.0291170298741293 -0.00143797225508209 0.0868714394673706 -0.00134890059316277
-0.0351832013298803 -0.0243260613633225 0.0959494010321545 0.00775541834835809
-0.00943727191434345 -0.04721568473762 0.0907189127259358 0.0428948825317299
0.0218274680025107 -0.0477193868392513 0.0618496799013871 0.0837816232500114
0.0707724738589186 -0.0162307486363667 0.011761914623333 0.125235249336977
0.0837933641655469 0.0439499814976656 -0.0213813954982036 0.142548870855286
0.0578655599532181 0.0905778429903364 0.0151368068505028 0.163402871327345
0.0540808486798266 0.0940672324929086 0.021106054897429 0.0867235462551414
0.0792104472513244 0.0336679708897587 0.0495417875532945 -0.0501241176758793
0.060176535579254 -0.0192835900414061 -0.0711547565588441 -0.0715982590084817
0.0196323120377322 -0.0509211301089864 -0.132568404827127 0.0217063213433052
-0.00843081082133774 -0.054409145088478 -0.0599310759685945 0.112077414178263
-0.0377861937656051 -0.0400461783722804 0.0240098383617607 0.0999370298199572
-0.0469445316556041 -0.0100239211508681 0.0547526954693595 0.0557858550958656
-0.0495750758763988 -0.00684608076418342 0.0628481202394638 0.0175757609894067
-0.0538672548027677 -0.00834863856573121 0.069087903605295 -0.0070344759390147
-0.0583976759029213 -0.0438820700115477 0.0823075804750609 -0.0134873948226113
-0.0201812711878795 -0.0803037873266328 0.092346487165109 0.0106720406086673
0.0316935388489466 -0.0850138625810189 0.0871938444738501 0.0562046770446103
0.111483938807056 -0.0311819216394986 0.0424281501735853 0.108485936010065
0.124819713996838 0.0700956557571841 -0.00698382383285201 0.125860435391666
0.0793947600558226 0.134237516982292 0.00796607052685575 0.120878309493562
0.0450827249865618 0.134861394202793 0.00455011732970949 0.045529487150137
0.103466648089526 0.0811926502266919 0.0472111108337291 -0.0663100912403099
0.105384431672148 -0.00156410976200507 -0.0559681673794072 -0.0962053670844258
0.0526064726172365 -0.0751805518475715 -0.130662449068758 -0.0126915936814222
-0.0037180322283762 -0.0868969478545467 -0.0748990219908649 0.0829422962970313
-0.0516515615946122 -0.0650759441751826 -0.00357281415568113 0.0830426454715759
-0.068935700677362 -0.0204939456188721 0.0248237634238891 0.0500217341602686
-0.0688980980157027 -0.0109610161677433 0.0382304224969722 0.0141182002835983
-0.0699771568050085 -0.0108716078904154 0.0428083515456098 -0.0143955968738154
-0.0751273286722431 -0.0524759705269724 0.0583823570060882 -0.0341092479740546
-0.0334081654917644 -0.0985109089410993 0.0804611217348276 -0.0251794856688284
0.0270672278405139 -0.112393546828183 0.102658723954931 0.0193333854014812
0.131301147102533 -0.0513388898316993 0.0675920034400738 0.0824873315485876
0.148935938764701 0.0743390408142958 0.000849609711162202 0.105345677475966
0.0931541421115153 0.152905005888821 -0.00665808105000835 0.0710245882213787
0.0254376034776721 0.152606186973844 -0.00904579403966052 -0.0134231169992674
0.101921086751651 0.120019912597523 0.0422172727463445 -0.0903088937166602
0.129632498100454 0.0266879967365111 -0.0339275240840794 -0.118019821219311
0.0816550517258198 -0.0792937248106277 -0.112186816623506 -0.0506467580827552
0.00596861081882033 -0.104052105330292 -0.0823199936099625 0.0395942452895953
-0.0539480222894533 -0.0805854669961478 -0.0336454612914402 0.0541329423555665
-0.0797398472362902 -0.0291389217232619 -0.0103665807266064 0.0383323524403447
-0.0786274019713436 -0.0126834979685167 0.00791197910061978 0.00895661373896933
-0.0762322420370625 -0.0102924124024257 0.0120618218644094 -0.0206667994282831
-0.0803275483122548 -0.0521258328158902 0.0296113083208637 -0.0502424871960465
-0.0413941371138795 -0.10105706481527 0.0602106401433524 -0.054676506042937
0.0197029803375373 -0.120062776515922 0.103567061208619 -0.0140925304776301
0.130305251031989 -0.0596728784811568 0.0798456685339078 0.0539450833378877
0.14711279037965 0.0715787734579106 0.00195816108762022 0.085287429411423
0.0890010910799481 0.150585547312702 -0.0244513694017942 0.0211367574620015
0.00322969168711566 0.140157053991429 -0.0158747307232809 -0.0794300267141234
0.075038066752245 0.130629156554628 0.0366313346889127 -0.115968501610146
0.119704444099313 0.049524469392944 -0.00977177400028541 -0.130552759423199
0.0909569332299506 -0.0626815600477048 -0.0803763283176661 -0.080647669228427
0.0160420153754413 -0.0982481962961019 -0.0798481729084549 -0.0078964776544407
-0.0450521910357301 -0.0806956563521998 -0.0607840705795546 0.020306924741621
-0.0759321088081217 -0.031203219912937 -0.0446015744022195 0.0232320562342081
-0.0761291643364714 -0.0136811680154632 -0.0225110641612165 0.00308128148434916
-0.0722505231475571 -0.0109327441810372 -0.0184021788206492 -0.0261362765349719
-0.0734663502493675 -0.0478137569606931 0.00123928956923234 -0.0611657117403423
-0.038591670485352 -0.0925141345731204 0.0398676643497944 -0.0754444628125309
0.0195855747738558 -0.109716926605585 0.0972570150284833 -0.0381106637807875
0.118359227693961 -0.0481843209212156 0.0813031745791873 0.0321703576680218
0.121602909728966 0.0701242003480029 -0.00169398471153457 0.0674349643763851
0.0662141802495103 0.132283483631371 -0.0398390139212557 -0.0225581454759725
-0.0156567345365066 0.0992176568055862 -0.0198727629819699 -0.13706936106779
0.0355263529169642 0.107345613822017 0.0315234679011789 -0.134708911354041
0.0824933744497152 0.0534061650331761 0.0101489987600841 -0.133626295237962
0.0738202259217857 -0.036603703278532 -0.0496422702495606 -0.0974555479459321
0.0178145627468086 -0.0724452571418978 -0.0718385041046003 -0.0450559548618041
-0.0300147914904013 -0.0630794177285242 -0.0805266045148511 -0.00811399140838238
-0.0587410845935819 -0.0276423831379282 -0.0717672008700033 0.00948107285632944
-0.0613006803008067 -0.0123517301685749 -0.048755158457711 -0.00277858045789242
-0.0585270331087697 -0.0111355572089612 -0.0439632977941441 -0.0314050470858978
-0.0577642748179517 -0.0408547805626903 -0.0218269585552163 -0.0699762529629052
-0.0277330897180925 -0.0754970659410663 0.0241095104293455 -0.0907222142650288
0.024951181376473 -0.0857817766542057 0.0911420469416098 -0.0512870013986457
0.0982643237601542 -0.0239529732490467 0.0787315245224978 0.019489045112006
0.0808289072596928 0.068755335037118 -0.00478183201152995 0.0528908132227
0.0294069760732571 0.102079764900109 -0.0454963469071969 -0.0572647386463962
-0.0295664650541002 0.0400173201634853 -0.0235311269347969 -0.173286846805762
-0.00374968854741626 0.0591369062437632 0.0241398841521571 -0.142965318480057
0.0339204327320055 0.0383326258085364 0.0172872164548578 -0.13263596408051
0.0402786602178577 -0.0110155118456466 -0.032950916047061 -0.102322389871063
0.0126431519723306 -0.0353696554882807 -0.0690846151772337 -0.0635799311267934
-0.0113940217173663 -0.0347871980258312 -0.0922703278492836 -0.0225385100251154
-0.0315651390385958 -0.0191002147535435 -0.0882488517617777 0.000688506686355026
-0.0375088893689407 -0.0101994796037912 -0.0654829011190627 -0.00771340046740721
-0.0374556293186502 -0.0106240357270735 -0.0614712842733076 -0.0373475694387749
-0.0366276671111197 -0.0295911144568978 -0.0363949279005833 -0.07799562659995
-0.0140973107953317 -0.052328539623682 0.0171442467240011 -0.102467373559562
0.028649496197244 -0.0550734316148004 0.089690875624226 -0.0578991065260441
0.0703763619531417 0.00263989860856734 0.0768884776832213 0.0149431749908952
0.0339050654375641 0.0606279344991843 -0.00527033686364267 0.0424337230191668
-0.0103937421325494 0.0608323172871819 -0.040582762074461 -0.0802331082069526
0.0350257257334411 -0.00905124932711044 0.0548730867136612 0.104505936564389
-0.00396134275325767 -0.0347156283550772 0.0455033479389984 -0.0495609747918679
-0.02872243325275 -0.0121036366676088 -0.0842060546579085 -0.040459647545428
-0.016469251467857 0.0210894842051593 -0.114739630745717 0.0603633351723257
0.00487535727093826 0.0173263925651427 -0.0317704431370806 0.13162103034211
0.00890845179370173 0.00849547118533061 0.0565442746432574 0.102779395573861
0.013396114806113 0.00561206866656438 0.0854451176026038 0.047847847399157
0.00630270460733465 0.0036755747511856 0.086446043789178 0.0139312271942448
0.00122490394011216 0.00881874018658014 0.0965569997417072 -0.00122902058268472
-0.00954952092272158 0.00701297313143946 0.102848843495261 0.0192422776208865
-0.00960003001175047 -0.00397938762780097 0.0875576025331674 0.0618276243184913
-0.007709863255648 -0.0126910753173341 0.0414897221253949 0.100241501919735
0.0175718501893773 -0.023700315336309 -0.0103113668470144 0.139089950688217
0.0416757906442189 -0.00899336149880721 -0.0354867296057619 0.159089565820034
0.0388852057452293 0.0275022629969474 0.0182142947195351 0.195048010474461
0.0535567869652512 0.0440218778564782 0.0411458622501032 0.107774435982065
0.0416897769028338 -0.00886747731215941 0.0492358032557482 -0.0467514870553853
0.0121656167032948 -0.0230250808340988 -0.080927152800869 -0.0526863141784877
-0.00538751813845769 -0.0159534598303377 -0.127117759808041 0.0488862300935454
-0.00563712442557199 -0.0174951489197857 -0.0435847604998907 0.130933115666361
-0.01753502563832 -0.0132293059259564 0.0468428517935703 0.107041714406484
-0.0186051192873789 -0.000545816518269698 0.0782515828051952 0.0540491904739218
-0.0247397938789733 -0.00130057387888737 0.0819937233136227 0.0161893339655861
-0.030174289476139 -0.000805860228183035 0.0897837749434264 -0.00491933935922909
-0.0369784677370154 -0.0239063417376647 0.099736886285661 0.004949434226129
-0.0110801824620477 -0.0483900404898197 0.0964267640932128 0.042154019262746
0.0219332752000675 -0.0494287494306518 0.0646501281264207 0.0856446418171798
0.0730869358865237 -0.0186051422934225 0.0132859245869964 0.130675099310635
0.0872436616035354 0.0434094617173652 -0.0200351985234333 0.147363361314347
0.0606952642812632 0.0939719047517986 0.0181166434371791 0.168618027143175
0.057608264882452 0.0969223458424251 0.0236209913979005 0.0889158115932619
0.0826314442728526 0.0325163086234547 0.0502183425575129 -0.0543776066846773
0.061781545454868 -0.0210646211692406 -0.073737798660088 -0.074185524641969
0.0187034024303681 -0.0526562606805039 -0.136605728557574 0.0252688833654626
-0.01035477844037 -0.055737574156474 -0.0604224207104112 0.117283615506517
-0.0400607089989002 -0.0399678181276727 0.026379618604844 0.102893249044436
-0.0484753913018752 -0.00914114878773556 0.0583408380991273 0.0564405456756393
-0.0513578229092675 -0.00569116807363229 0.0654238716373831 0.0159018230852032
-0.0560740148944968 -0.00661690466753184 0.0710723120531499 -0.0107606259274478
-0.0621020288080531 -0.0437494218526028 0.0848074518292034 -0.0168232942972083
-0.0235573171529359 -0.0825207428042537 0.0973005356322651 0.00888269283253935
0.0308757238353311 -0.0881359912832734 0.0912778499695714 0.0562506484931524
0.114630566341419 -0.0345145243467944 0.0453966823651199 0.11302684841099
0.130716481720975 0.0695769572713306 -0.00542803109816396 0.129631945379152
0.0837903384919734 0.138860549112594 0.0104178635938503 0.125111151526063
0.0489544040293389 0.140112732441347 0.00549859510863127 0.0470479894753695
0.108115721064731 0.0814192876079586 0.0482607632339845 -0.0707454236453755
0.10917163451026 -0.0033490321443554 -0.0588774851411565 -0.0994909025773552
0.0527438373906517 -0.0785160403373065 -0.135260054674134 -0.0104233486838498
-0.00673364462161706 -0.0897935017679926 -0.076129082351699 0.0875028444198943
-0.0554084553136114 -0.0656036299367041 -0.00192143553382726 0.0860540563224108
-0.0718632171898895 -0.018910084663999 0.0273194827988847 0.0518994280595509
-0.0715273310900422 -0.00859272125432714 0.0391129279104052 0.0129540744889394
-0.0722937057269179 -0.00841620909195154 0.0446581998035565 -0.0171291207899066
-0.0793648138936581 -0.0515920115621866 0.0597843129663517 -0.038463956176628
-0.0382022454737261 -0.101032619802395 0.0844491600179497 -0.0279496854990992
0.0247699120457313 -0.116146382219581 0.106171141561161 0.0175594425580803
0.134385190520969 -0.0567146716823257 0.0706846355323798 0.0850604504868428
0.155989743742705 0.0733289299374975 0.00234146513057206 0.108989335382517
0.0981005064098869 0.157727083075097 -0.00481699041355255 0.07408907370711
0.029321898455213 0.15866020927508 -0.00865972183395525 -0.0142266622734194
0.108188468570849 0.122076778587766 0.0420901598249233 -0.095280296491259
0.135436023548364 0.0252482346710967 -0.0360256489831306 -0.121984656431201
0.0828866612667848 -0.0837267955324975 -0.116865328557761 -0.0508316095633697
0.00350857796872585 -0.108322810360413 -0.0851254724399638 0.0413870160099188
-0.0584424723601732 -0.0820862722418415 -0.0339438765273064 0.0576106709411694
-0.0828939022174028 -0.027089851698953 -0.00903531661860168 0.0413126272717856
-0.0812925877026546 -0.0107364322225816 0.00813951848984163 0.00914074048277419
-0.0784068197189836 -0.00827987329625291 0.0120202310120987 -0.022646720406473
-0.0850139766436779 -0.0514484072041155 0.0288568526888289 -0.0539323949601375
-0.0456348009328738 -0.10364633384861 0.061794830164768 -0.0590781677618507
0.0176294426332682 -0.123856156895192 0.107011060015653 -0.0181911835634096
0.134003742518279 -0.0652707828440794 0.0825294814704937 0.0551224593249109
0.154141439553551 0.0701375721574665 0.00245126854970426 0.0886193079832467
0.0943192948994907 0.15447295114847 -0.0251887026367975 0.0234073296332213
0.00593976446917647 0.146112986388533 -0.0178974983494468 -0.0824081287554763
0.0805252722101907 0.13342077935137 0.0362543698552934 -0.120822459921088
0.125315902321853 0.049450262010388 -0.0106800525813121 -0.135485593371334
0.0929277056059173 -0.0666396818123046 -0.0843452238836118 -0.0829901882382321
0.0134583611135875 -0.102419152280107 -0.0832748832454304 -0.00793011807550129
-0.0491213378126601 -0.0823455945923704 -0.0628985074017468 0.0232074233630993
-0.0786064019962699 -0.0306510266535668 -0.0456895548734402 0.0263447925088583
-0.0784587647688414 -0.0117470900597879 -0.0226932953346695 0.00373976620445652
-0.074547360668622 -0.00874259671724051 -0.0190880368508012 -0.0271833258388601
-0.0772657018740872 -0.0474804098717779 -0.000386547140062462 -0.0641083935329283
-0.0426210849867346 -0.0944270056336133 0.0394695167015566 -0.0794466253880757
0.0169800326368872 -0.112021255744983 0.0997628608311189 -0.0418734966803982
0.120877681499517 -0.0529245403457938 0.0838653574075416 0.0326475837735946
0.127100736951322 0.0695329859568486 -0.00120058113260256 0.0703868865534442
0.0696754703779144 0.136046755237492 -0.0412083841761865 -0.0214190916004347
-0.0140689150736363 0.10321250659599 -0.0231676717425916 -0.141906710013672
0.0390556158940916 0.110020034942729 0.0304869190425921 -0.14003401274263
0.0867905154970451 0.0535501521605657 0.00927963548739797 -0.139687225991329
0.0755253769247059 -0.0395646375938173 -0.0518240623172201 -0.101156209906076
0.0161455737992365 -0.0752519701071703 -0.0759421426931 -0.0461719200725329
-0.0332027573525492 -0.0647390955138737 -0.0839324531284885 -0.0058822181822168
-0.0607270543210687 -0.0270600279853012 -0.0731731291716301 0.0130932912047189
-0.0633281075219926 -0.0111329667320885 -0.0497658811454378 -0.00140736186161488
-0.0605117889978723 -0.00958858433922174 -0.0457552695109595 -0.0319577389020513
-0.060501973129402 -0.0407669464998756 -0.0242073748279739 -0.0722194056426703
-0.0306047269074807 -0.0771651110681938 0.0241089955710066 -0.0946663095032461
0.0232803111151383 -0.0884325725782368 0.0932578375623548 -0.0555476144761151
0.100633675324272 -0.0271584897937013 0.0812347439357309 0.0189568530684624
0.0855389933782455 0.0695295102728304 -0.00458557931954332 0.0549336068877453
0.0313759617004522 0.105348018215819 -0.0479193943811911 -0.0572073993520224
-0.0297184423044684 0.0421772726816664 -0.0273164444483604 -0.179279673549479
-0.00270608783114928 0.0608415359171472 0.0231245629785226 -0.148034893479588
0.0358705957491881 0.0387294773709338 0.0169853612517552 -0.138485275788583
0.0411901792078433 -0.0127555590772837 -0.0351563036483878 -0.106152062604277
0.011892392086292 -0.0367968722745542 -0.0728325183372266 -0.0651816181914692
-0.0127002170883778 -0.0359875552480188 -0.0967108911326503 -0.0205715700675205
-0.0326326688023135 -0.0186016919189732 -0.0908212761828989 0.00449619860631731
-0.0385650072784522 -0.00908027448849808 -0.0683723681889341 -0.00620286272865262
-0.0390323649652817 -0.00999192430828338 -0.0643588168194291 -0.0374592339113821
-0.0381804577520201 -0.030333603572674 -0.0396894461268141 -0.0796553414639386
-0.015906887060161 -0.0531362038985929 0.0160678322291512 -0.105790447990922
0.0284410203358189 -0.057502870449705 0.0913887345964352 -0.0622680931179538
0.0726202767605736 0.00096073838019812 0.0797155014315526 0.0143931593867194
0.0366042356178212 0.0626121817224304 -0.00530160245525154 0.0446724100874401
-0.00997906988667891 0.0630651224508778 -0.0433742671911797 -0.0808990124118771
0.0354425144705543 -0.010912203648045 0.061650578270668 0.103631422583782
-0.00597773350029296 -0.0352531595388779 0.0443366927989161 -0.0546593022205825
-0.0300036764173717 -0.0109526114908193 -0.0878231658350121 -0.0382877252847794
-0.0154896154335663 0.022003894151339 -0.113736348672146 0.0668211862091261
0.0061232213194294 0.0175334951392988 -0.0259900876174082 0.136222804041637
0.00984492021401359 0.00869720192097899 0.0627325486311389 0.10173271684932
0.0134780459392972 0.00472790884723341 0.0883149287244746 0.0439123712833236
0.00651126606349364 0.00326823999254654 0.0877482588230801 0.00919421439560762
0.00205276104018171 0.00873519403083702 0.0979546420653909 -0.00693812672666322
-0.00960431275564459 0.00747495177938405 0.106003416530916 0.0140416447705587
-0.0096880135246727 -0.00351370884609926 0.0923381755222548 0.0590633919112313
-0.00847079922446643 -0.0123067988987605 0.0451779168172135 0.101722568774669
0.016523093490378 -0.0254038301690911 -0.00538779082609499 0.142891544611905
0.0411515603152557 -0.0109339505442953 -0.0301828253315098 0.163837677791191
0.0412004135360107 0.0273480113257231 0.0255694959731133 0.197163689131201
0.0565724449333088 0.0420978574203869 0.0477334470381691 0.107663923706085
0.041862540551138 -0.0109570511379261 0.0483552374428144 -0.0519798405361925
0.0106736831696193 -0.0239135861865147 -0.0842011631168436 -0.0507921804851431
-0.00590350094157311 -0.0154579381988724 -0.126978088339389 0.055231580628626
-0.00646014553311626 -0.0171110509794373 -0.0381357031190743 0.135867556429094
-0.0181829927004724 -0.0122662985196697 0.0528768874771052 0.106802339353623
-0.0187084044548661 0.000338981561476654 0.0822291781901056 0.0511175276606417
-0.0249271555134644 0.000265529593045715 0.0842062827201329 0.0115802757729646
-0.0303856906892404 0.00117181777622307 0.0911718689454098 -0.0111599778974889
-0.0389255664452474 -0.0219555642341914 0.102568319434076 -0.000478104126276797
-0.0141702124001801 -0.0486257520558876 0.101441568370565 0.0383819922880685
0.0199775519562557 -0.0503803422895716 0.068931733102036 0.0849428165450748
0.0736967585298949 -0.0229563460456981 0.018759009844635 0.134155970763431
0.0907107420901307 0.0401630959608145 -0.0152479380970385 0.151074334875871
0.0657487653150355 0.0945712993769695 0.0250328862885165 0.170328499507396
0.0635767393413435 0.0968446112767946 0.0286649653091681 0.0895409968917618
0.0855989848488614 0.0290306643695907 0.0493402051408745 -0.0592113205531026
0.0617745881929291 -0.0240286608295111 -0.0773542316396337 -0.0725257130122879
0.0170474026655205 -0.0535551503243765 -0.138318496524233 0.0320259095819153
-0.0131233729501901 -0.0559398423381265 -0.0560946359872565 0.123482511602656
-0.0432220976071078 -0.0382386564875914 0.0316493348660058 0.103922627758466
-0.0495064570567137 -0.00662825309447664 0.0621991685377535 0.0541056771331077
-0.0527133964770077 -0.00258424208647734 0.0671826739203541 0.0125243499464262
-0.0564089363405936 -0.00338383158766257 0.0721647395380533 -0.0156737305427689
-0.0654311218772211 -0.04074353858436 0.0856480587215309 -0.0223852784412408
-0.0283992263999398 -0.0830483358433538 0.100376199080337 0.00429477288296192
0.0270732657633075 -0.0910617499462174 0.0942299379881669 0.0534872566745875
0.114668617432559 -0.0408503552635405 0.0501796161820634 0.114575000653562
0.136633252743087 0.064896348239425 -0.00154052497954722 0.131749318797766
0.0902677983989678 0.138909057148761 0.0164441935532438 0.126479952056408
0.0557674183287008 0.140975380170322 0.00739093149935703 0.046954876973838
0.114480804209633 0.0778181198061877 0.04621782986411 -0.0756566860757147
0.111295452010019 -0.00823131041188943 -0.0632194071569201 -0.0998646515821932
0.050014825938697 -0.0819944521744722 -0.138734314942355 -0.00506507839803787
-0.0116474139131059 -0.090638832763 -0.0734809494256598 0.092506875984291
-0.0601786370075411 -0.0634650478826881 0.00143904239238479 0.0880389106384557
-0.0732828913714685 -0.0159341958462277 0.0310618203270995 0.0513774995896692
-0.0731269844866054 -0.00486349137418809 0.0404883439566019 0.0116831590490392
-0.0738581466121559 -0.00444534433458587 0.0443125270593566 -0.0207547721186831
-0.0833687436534612 -0.0485204909339537 0.0585687376512962 -0.0424543430800279
-0.0447552085630604 -0.100538690947172 0.085818702105296 -0.0333827029143055
0.0195899784840084 -0.118692365871166 0.108357455157338 0.0126409371310887
0.133918583172339 -0.0643389245740648 0.0755173820648034 0.0845065337443732
0.163073788090807 0.0677227033629451 0.00624530460556345 0.111069846895365
0.106093208127139 0.157929240832325 -0.00216611323834301 0.0754354787761307
0.0367123592986613 0.161546486827066 -0.0101309660668444 -0.0147957113189527
0.11571197332986 0.118894611532459 0.0388487813864905 -0.0995762734649586
0.138464517194909 0.0201237056588666 -0.0410271028914312 -0.123860706469328
0.0804237457042442 -0.0886414875120959 -0.121003403661068 -0.047493879833617
-0.00228794127955803 -0.110195015355975 -0.0853774412105587 0.0455153824350871
-0.0640360602964453 -0.0805184308270358 -0.0324620110538647 0.0606617953479559
-0.0850825694332081 -0.0231041523318751 -0.00719577692357615 0.0430289231456517
-0.082736990332475 -0.00630553043008956 0.00810507216305011 0.00831805896386429
-0.0794058164271638 -0.00420195835168504 0.0117252900936423 -0.0245252685062482
-0.0886603033064382 -0.0476989758737863 0.0265957640878981 -0.0573187617414964
-0.05230839285835 -0.102718936407847 0.061593690588711 -0.0632026098270364
0.0114183670211319 -0.125744854285907 0.107982030563033 -0.0237584692677413
0.132850689121029 -0.0732576441410945 0.0863915788343889 0.0537945268669429
0.160606315770952 0.0645635527203142 0.00579182828807629 0.090138065730515
0.101855791755047 0.154714615883352 -0.0239509674482967 0.0251742165924952
0.0120803168162317 0.149714287492976 -0.0219299785597888 -0.0835873576416366
0.0882735514999571 0.132401348170081 0.0315920858217032 -0.124981598120064
0.129844865947611 0.0447518221250278 -0.0155712811980734 -0.138866774606133
0.0909254066952769 -0.0722858725885564 -0.0890132455356493 -0.0822251794142311
0.0083095015728056 -0.104918131106102 -0.0857568497663399 -0.00541296195409692
-0.0551485337002237 -0.0813610321201547 -0.0636298276435089 0.0267252998802503
-0.0812112232520983 -0.026643399822655 -0.0441097587240344 0.0307941749948444
-0.0801119707874077 -0.00692282426706701 -0.0235342135399795 0.00478255039685415
-0.075159552889205 -0.0047425781637889 -0.0202524325043348 -0.0277817903679768
-0.0811157710538609 -0.0442439988343376 -0.00446479369698115 -0.0660715339204437
-0.0479855856454895 -0.0933218042643331 0.0379460626682819 -0.0834933235299464
0.0124429966217793 -0.114736205322198 0.0990070418225579 -0.0476883825792382
0.120810969893754 -0.0595108872472831 0.0859612774388645 0.030531834086418
0.133354558410032 0.0655128049829364 0.0010037112565692 0.0722826022746019
0.0757673646374384 0.136458416447885 -0.0426641424998511 -0.0195011985365238
-0.00968467017107848 0.107665895070093 -0.0292634754493629 -0.143921697599595
0.0449918499261138 0.110366645187315 0.0255610474553083 -0.143632644696486
0.0905253443328681 0.0505569374020623 0.00475338028349414 -0.143160454491191
0.0746038130543873 -0.0438877123877769 -0.0568779952379805 -0.101716004596353
0.0125247255636915 -0.077547054128829 -0.0800599948535856 -0.0452757411800582
-0.0373295240956295 -0.0643000170895234 -0.0869909227375209 -0.00117855917358814
-0.063333318490271 -0.0240735433977414 -0.0735403452080785 0.0180078731261271
-0.0648274146727106 -0.00794166794276147 -0.0508689172294595 0.00113955672846944
-0.0616016874010137 -0.00687602679263408 -0.0474873615792752 -0.0310406238402283
-0.0638611060924548 -0.0378384890434423 -0.0284368426020752 -0.0724748077431428
-0.0348271803853299 -0.0771192526625511 0.0211119293709823 -0.0974596859791332
0.0196340316481097 -0.0907213512326964 0.092644552784382 -0.0615443190411932
0.101065999966424 -0.0329079782291039 0.0831346827226814 0.0166467997055557
0.08988229747449 0.0668926479002379 -0.0028421079712205 0.0567055775971471
0.0362656947594166 0.105960636881035 -0.0509560005253225 -0.054787302707504
-0.0283093075317861 0.0450098298236146 -0.0350249480326045 -0.182151687421958
-0.000487958951978783 0.0623097494492453 0.01739285924743 -0.150903688278236
0.0382298977120081 0.0375523807861323 0.011872508019782 -0.141365997222969
0.0407977795159538 -0.0149325777853527 -0.0389846435826711 -0.108432277981532
0.00979519406980605 -0.0382960525654693 -0.0778106204405971 -0.0645871278509505
-0.0151830128591186 -0.0363809337181268 -0.0995416818819232 -0.0156599480231498
-0.0343667271239173 -0.0172350096284286 -0.0914584059133308 0.0103783082331065
-0.0402631860651168 -0.00708388736954392 -0.0687028379523715 -0.00216786685801542
-0.0398826176883954 -0.00844990836813084 -0.0663563451081319 -0.0355310327398216
-0.0405251598375784 -0.0288072647423832 -0.0439779176537502 -0.0794141719166736
-0.0181223198683167 -0.0534166677675443 0.0119752744115389 -0.108975990366173
0.026062360827167 -0.0590530037362925 0.0905159029436485 -0.0674519807533804
0.0742800310697488 -0.00246955215918564 0.081408960900392 0.012019964400413
0.0399051896956771 0.0629201476092594 -0.00362104459782452 0.0460168082004092
-0.00797902949481255 0.0648940137284871 -0.0474485255071237 -0.0796261259280536
0.0348977665703064 -0.012778465992562 0.067345124591842 0.0995239255074107
-0.00795605465724816 -0.0347039100819537 0.0411397156167219 -0.0586536113148022
-0.030631129556017 -0.00960257436551089 -0.0882223677892812 -0.0346763433613074
-0.0141812770406748 0.0232771857336604 -0.109962635871728 0.0721252144205832
0.00750920910846447 0.0169097219494495 -0.0185323506768882 0.137704537522411
0.0101376219128655 0.00786387418009739 0.0670951080348901 0.0977759093908649
0.0135381416274097 0.00356829086173761 0.0889365021352988 0.0389107031467889
0.00647371486746102 0.00306420685863266 0.0875664225085665 0.00439793373095844
0.00202540764055391 0.00831068641338963 0.0964284669796251 -0.0132124734106377
-0.00873622903496421 0.00776518848081599 0.106862670613922 0.00760718258279516
-0.00956416730033566 -0.00329266683336321 0.0951475675136264 0.0545215944212238
-0.00854109675961379 -0.0118348607241681 0.0488527071928851 0.100109417115191
0.0148792690404718 -0.026913127343 0.00129670589176896 0.144529819677821
0.0399848497379903 -0.0129559014914184 -0.0229983131543134 0.163782539480963
0.0429316617975528 0.0268358269339729 0.0337464383266132 0.195178115297446
0.0587014124786539 0.0401532633881426 0.0535607079978156 0.104342008097307
0.0409671705838779 -0.0128837973764102 0.0454924535570706 -0.0562049448279021
0.00992334711896803 -0.0244436491188902 -0.0856586304834946 -0.0478292706817684
-0.00680939365458418 -0.0152795759825561 -0.123804614355563 0.0616018006182899
-0.00749106353238973 -0.0162119143413969 -0.0310583493549581 0.137616065878399
-0.018601053726223 -0.0111435940527179 0.0572946552380502 0.104339881775107
-0.0183678522839123 0.00152570456665602 0.0842323481415051 0.0457454589452442
-0.0250372843871215 0.00188325985040244 0.0832758646041698 0.0064193491541657
-0.0298665094219315 0.00271341941419117 0.0901644382466452 -0.0167669499778155
-0.0399583442587743 -0.0199950696732634 0.102058637379333 -0.00711146913208666
-0.0170498928182862 -0.0479841837019139 0.103599850724122 0.0332386694351344
0.0170917991399931 -0.0513571276520217 0.071435869933907 0.0822070187088139
0.0713860254829688 -0.0263031609046564 0.0245900464866053 0.134136322867149
0.0917124144890869 0.0357612815313467 -0.00875434500731038 0.149871069895843
0.0696614133094797 0.0928399801394126 0.0313876680649897 0.16801588854171
0.0682503966503615 0.093989778118013 0.0332244446826956 0.087350096991558
0.0864911345483787 0.0249649189310511 0.0463942775411731 -0.0626403918706266
0.0609878108027917 -0.0263918488883118 -0.0798150134382542 -0.0707491384623609
0.0142444311001601 -0.0537403474838948 -0.135656911706571 0.0383352315773363
-0.016399604681445 -0.0549135905940538 -0.0495861268020218 0.12572332000653
-0.0454220716879183 -0.0357209256574867 0.0364498273405235 0.101931151083603
-0.0489556419699543 -0.00423428037677776 0.0643143972323022 0.0502436266689389
-0.0526062306617216 0.000113432137039752 0.0667749401998401 0.00831932562756773
-0.0557109587469256 -0.000205556718745536 0.0707918886290011 -0.0210550308007098
-0.067973575949598 -0.0365947985971123 0.0841422040579032 -0.0270510581971361
-0.0333887683948834 -0.0806938694924002 0.101313601788713 -0.00164612994832518
0.0218720041357432 -0.0910040962288802 0.0958969118930435 0.0485420133230154
0.112418060913932 -0.0463518932766866 0.0549098615023517 0.112717702426154
0.138794818138713 0.0578288567475889 0.00459079324615621 0.13141941786521
0.09603535944661 0.135664790042193 0.0217823063521793 0.125230141790881
0.0626371786742089 0.138851514039892 0.00991198773337923 0.0465782298890116
0.117775837805039 0.071477122608296 0.0425444889773242 -0.0785510708949896
0.110871849678478 -0.0133229038436381 -0.0663349876923795 -0.0984282016156898
0.0452427319900844 -0.0839038081810078 -0.138549067287837 0.000798561611558075
-0.016651421744579 -0.0894331773612668 -0.0698481736161538 0.0949525937954448
-0.0633686728952122 -0.0596169520342488 0.00562087150314392 0.0882482343616371
-0.072552185766454 -0.011714675732645 0.0339977468953789 0.050251564486175
-0.0725977769966218 -0.000727778506632203 0.0410225812153905 0.00865478458163936
-0.0722205461890544 -0.000514323749821732 0.0430868740539981 -0.024188309257063
-0.0861173895248509 -0.0433723193301099 0.0561924648676314 -0.04656907717576
-0.0500042970598385 -0.0975030032709595 0.0845314812711746 -0.0381790435415622
0.0129607257061444 -0.118502269981364 0.108291786796944 0.0068717601779671
0.129844356158668 -0.0710759814725917 0.0783187123483399 0.0819402115532852
0.165663187823273 0.0589258813216158 0.0104340265560406 0.110496101737012
0.111854318202593 0.153805272398744 0.0016416479574342 0.0746317393430754
0.044750859922808 0.159794846617947 -0.011361117481887 -0.0142511228989255
0.120700205726341 0.112384733215766 0.0345207143042317 -0.101299701422912
0.139561805114507 0.0132571298000487 -0.0450355783208737 -0.123080097944175
0.0754145335756061 -0.0920465402391846 -0.122391611329186 -0.0414858546554139
-0.00834941298287828 -0.109561552881185 -0.0832342858365807 0.0487273615596903
-0.0686542082503588 -0.0763495173618215 -0.0293246591052969 0.0620995594915988
-0.0845185086234639 -0.018442054088268 -0.00382790881832879 0.043497603615724
-0.0820227360498907 -0.00148447531677619 0.00892356128658232 0.00777879981668659
-0.0784532028943975 -0.000197058499604611 0.0105197874824179 -0.0261389183052877
-0.0905224513954452 -0.0429232426487488 0.0231639206057204 -0.0587658022770124
-0.0578697995803182 -0.099046581277337 0.0594198541080219 -0.0666087096485111
0.00482660661059277 -0.124993983412375 0.105762211773148 -0.0291747593122039
0.12808824547271 -0.0800353050206893 0.0874784802235259 0.0505217548091088
0.163289199232397 0.0563988620484931 0.00905617284485117 0.0901084796192371
0.106918791471238 0.151197029077667 -0.022297153355644 0.0259333506543489
0.0191345043095451 0.149110677305537 -0.0258842896016092 -0.0825610174965938
0.0940147475907777 0.126895497158639 0.0261405005010951 -0.125294908761324
0.131425826457907 0.0386376182146325 -0.0202854285777169 -0.138493344965899
0.0867499122109476 -0.0765082145501363 -0.0917768676257195 -0.077889500015571
0.00219471529428705 -0.104495708754015 -0.0856093223936868 -0.00233046275387121
-0.0597085437413046 -0.0777762488747066 -0.0626133388827785 0.0309055605269365
-0.0810119089843952 -0.0218490557971981 -0.0412702326721357 0.0333075952911485
-0.0796370680200144 -0.00250898543441993 -0.0228660179664295 0.00653019129603036
-0.074228051702099 -0.0011574338001228 -0.0216960598955651 -0.0275065278745824
-0.0821950141395802 -0.0395795736622137 -0.00809233807872 -0.0661319265819961
-0.0527981054129422 -0.0903785247841724 0.0343796007193135 -0.0855773995302237
0.00621400804549669 -0.113386293355617 0.0966459532838367 -0.053235732237957
0.116743719842414 -0.06588694840812 0.0869629769815542 0.0270865216577911
0.135614871660437 0.0582462315809532 0.0035806266636671 0.0727041822082041
0.0806603207399905 0.133592129015843 -0.04229030260576 -0.0166613346453512
-0.0050524399280437 0.108009669864665 -0.0357885819948652 -0.141403050781072
0.0501730214098429 0.107112757582554 0.0190905631868751 -0.143381797000585
0.0923989734902743 0.0456528896526379 -0.00085259619066007 -0.143187809860201
0.0716326376772679 -0.0476085756812858 -0.0610720150455955 -0.100059662963428
0.00754692075570138 -0.0775523366948753 -0.0821910410496802 -0.0425481668856014
-0.0410120325340321 -0.0621355373244373 -0.0869151560299378 0.00409951396962298
-0.0633435212363156 -0.0203455744248807 -0.0707330426166292 0.0226486906808924
-0.064503068069068 -0.00322594761294395 -0.0502210083475663 0.00375745518116082
-0.0605504601431891 -0.00364348280018146 -0.0494085101196515 -0.0293076790978236
-0.0648095700964008 -0.0345935090271509 -0.0319093233574997 -0.0712615474698926
-0.0383787196005343 -0.0744334279611058 0.0160420268985733 -0.0989291604136639
0.0148290460912051 -0.0901484009628843 0.0892396763216822 -0.0665653222608932
0.0984796813604628 -0.0380855302987682 0.0826295511077388 0.0133702545224087
0.0925508608742018 0.0624324831672097 -9.10467077773788E-05 0.0572631480456809
0.0400975726463074 0.104531699079432 -0.0528165763998206 -0.0517155763006901
-0.025982577014674 0.0465953035495195 -0.0432529670841176 -0.179929330180159
0.00284794489538554 0.0621457582986045 0.0120025390346792 -0.149684972268519
0.0395589144119384 0.0349047801806526 0.00620281677580938 -0.142150361397794
0.0390848005559164 -0.017056902580544 -0.04342681804472 -0.107430804484621
0.00737252720983142 -0.0379917091435455 -0.0808876068780794 -0.0618317314956238
-0.0171240166409562 -0.0353585005160809 -0.100430674169859 -0.0101993997769127
-0.0346896663922703 -0.0154537189778961 -0.0893888967407374 0.0162018442933647
-0.0397825577104716 -0.00494862034147271 -0.0685611146543253 0.00126289904896721
-0.039663942184719 -0.00563216022945002 -0.0680532607454367 -0.0319589983647544
-0.0418412082065421 -0.026305298568485 -0.0472782749204391 -0.0763948958921463
-0.0207026366286447 -0.0524926349208996 0.00725706992152022 -0.108922340365151
0.0230583753604802 -0.060122803377229 0.0872600424041203 -0.0716932949546754
0.0730467783559462 -0.0060967204211405 0.0806227747880556 0.00913119023635481
0.0427275900486058 0.0605687167423757 -0.000778926558264372 0.04705452994579
-0.00546551728822574 0.0651572938563097 -0.0509227028642194 -0.0758310055388135
0.0342415982521858 -0.0138978102822813 0.0692815139287802 0.0941463452547677
-0.00925860585551757 -0.033282196790769 0.0372078904174517 -0.0606018830019046
-0.0297307830284603 -0.00818748630088883 -0.0879275273564821 -0.0318891589081129
-0.0128463242705544 0.023393207380497 -0.105817508335777 0.073900516482959
0.00844240277747638 0.016978840548074 -0.0130849672768082 0.13623885465904
0.0102240785890765 0.00748544440665264 0.0687532615229982 0.0929779833643758
0.0128132896096366 0.00261769555932534 0.0869001647685177 0.0340712524253448
0.00633199533663126 0.00270560804234925 0.0854399183284407 0.000372555588322229
0.00218467043417737 0.00778751622222675 0.0929002631837758 -0.0168912284740201
-0.0087757346219691 0.0084483121883454 0.105763840851154 0.00296018283771467
-0.00973089866099497 -0.00244881311388915 0.0957069037499557 0.0499326029227219
-0.00892718323019012 -0.0109956802252819 0.0499694777909111 0.0981648458959228
0.0135788029071511 -0.0270522503230117 0.00535225915031511 0.142013188218827
0.0383107778654285 -0.013381893228115 -0.0191627113979462 0.159936294810956
0.0435455363532118 0.0253397448496848 0.0377897990268582 0.189800304702662
0.0589483129189078 0.0379120250116105 0.0556575564769056 0.100011166947693
0.0395785656786413 -0.0140064196635565 0.0423527788844124 -0.0579862229852817
0.00860630844948752 -0.0238946588885787 -0.085446382110589 -0.0454742236762941
-0.00680048752504738 -0.0137366094118354 -0.118894583136994 0.0641676338365558
-0.00797388566123138 -0.0157304849744365 -0.0254388313349801 0.136407444411569
-0.0183503259596853 -0.00987432844073837 0.059902710792482 0.0991241849983096
-0.0174007100690116 0.00152165156792737 0.0832596739613656 0.0409348839210884
-0.0240385334857563 0.00254470540463136 0.0815229479796514 0.00286890122061238
-0.0289218338840767 0.00381893893754626 0.0867461656257977 -0.020588904165777
-0.0402310713344234 -0.0180297267407596 0.100034018322906 -0.0112207921646156
-0.018453226685323 -0.0460468514522426 0.102767494459142 0.0283067629519092
0.0148263842364189 -0.0502380125625799 0.0718384959409469 0.0794440063028284
0.0681491534896309 -0.0285943050650751 0.0278206443504123 0.131873789485331
0.0904152481916153 0.0325636176161929 -0.00541530089194585 0.146160269920424
0.0715064469661553 0.0894064702566179 0.035695814452701 0.163527119665688
0.0703455267600834 0.0908259031846452 0.0352826754825857 0.083879551849763
0.0855560916581396 0.0212648210391135 0.0431370433334766 -0.0638709534353903
0.0587948822675136 -0.0279426034175055 -0.0794490146770796 -0.0685033382289644
0.0119183081233958 -0.0527342932376122 -0.131617298757187 0.0418636221499075
-0.0182761623613415 -0.0527012236438088 -0.0441461580916344 0.124237128261301
-0.0455611277263213 -0.0324935089424817 0.0394168677951167 0.0983921047265421
-0.0473020533761941 -0.0024804757540562 0.0652408017419507 0.0461615796100903
-0.0509011340934919 0.00262157249655944 0.0652666408800691 0.00550829264604182
-0.0537594087149244 0.00165685920764398 0.0678046972318932 -0.0245077263913518
-0.0673416827489387 -0.033251207501531 0.0811660185154738 -0.0310169875267451
-0.0358208571480922 -0.0778153053629867 0.0996674692847753 -0.00563634616413776
0.0184867181922757 -0.0891979136345621 0.0946328501689371 0.0452023409581383
0.107267308801035 -0.0499803244325977 0.0571802976554064 0.110019827137152
0.137992699197778 0.0519687894046322 0.00702650523611703 0.128318032043619
0.0980900289556867 0.131770034335158 0.024206714338587 0.121416139752955
0.0667602764090369 0.13426529501273 0.0103515918299581 0.0446043613948061
0.117824483529879 0.0658943092142269 0.0388923266646928 -0.0791681415028406
0.108527031671888 -0.0167900329653412 -0.0667742311756531 -0.096181331889184
0.0416256612160069 -0.0829863614073012 -0.13493650075783 0.00521011310410396
-0.0198456849775562 -0.0874889612371356 -0.0645135496909416 0.0953567739914465
-0.06453839552515 -0.0555795755840088 0.00834424801705703 0.0860654671842529
-0.0709199707147426 -0.00858635877328341 0.0353623786981271 0.0473150967207486
-0.0708458119199008 0.00208970761813727 0.0398609724056332 0.00653768552155713
-0.0696487686987286 0.00214293964746074 0.0405157697789859 -0.0267471299772447
-0.0853315023341667 -0.0388589832110114 0.0528996830058964 -0.0476560638500402
-0.0528230187535713 -0.093747269346255 0.08253826351118 -0.04131740233183
0.0087719511151899 -0.11520424044728 0.10496986152389 0.00393510613165572
0.124335556642669 -0.0743328476210727 0.0787489285571262 0.0790044199644829
0.164157056157268 0.052244148691257 0.0127133770590968 0.10833442484443
0.114016103707999 0.148413804189799 0.00408635794831252 0.0735087847319504
0.049222112290625 0.155775947123435 -0.011723961519188 -0.0137776425989729
0.122612119727853 0.105679653603531 0.0302932093606612 -0.100423048961423
0.1376137157455 0.00829455857190893 -0.046996865002072 -0.120766784809282
0.0707122414836574 -0.0924267777840154 -0.121189932379617 -0.037592028925771
-0.0121827580739414 -0.106519735095999 -0.0800872565114639 0.0500393156778776
-0.0708168632091737 -0.0718223515944866 -0.0271109493443048 0.0626564346562662
-0.0826697798986953 -0.014569830388672 -0.000805973424763619 0.0430334966659951
-0.0802786460723653 0.00217993299658394 0.00882666238709739 0.00729598737367133
-0.0757985870310096 0.00287697785910795 0.00858336960158639 -0.0270792030896403
-0.089931159862314 -0.0384988001714232 0.0199625551234168 -0.0583859400174256
-0.0610685902600751 -0.0946570619089125 0.0564036306935185 -0.0684501163382409
7.81711890419853E-05 -0.12165740143032 0.10134861594063 -0.0322114041704905
0.122380362310591 -0.0826615360202477 0.0863725456714646 0.0479427956692466
0.161844170112961 0.0488681472976053 0.0101867775621969 0.0882818552422277
0.109342015071177 0.145244581404279 -0.0211834598005567 0.0270725784890071
0.0242890309473959 0.146427123211595 -0.0283313500284927 -0.080152597813281
0.0964516331429356 0.120618385654083 0.0221499556113754 -0.123587086173616
0.130206794026369 0.0330348197275824 -0.0232396584356771 -0.136435416133068
0.0818445535939659 -0.0771295049876295 -0.0921679698011117 -0.0745536429178944
-0.0018206742770325 -0.10184820118841 -0.0846958214144345 0.000123862636781368
-0.0621473445651876 -0.0733868093641402 -0.0598871642294143 0.0329372729365126
-0.0791893662391882 -0.0185675416854481 -0.0375875217606499 0.0351083732607365
-0.0771714736271066 0.00106632324088694 -0.0220025227812363 0.007068623910484
-0.0718105035450714 0.0016214468033894 -0.0227285256526121 -0.0261586740790779
-0.0819547460579686 -0.0357312182941566 -0.010594681117967 -0.0642833969136694
-0.054564327683075 -0.08614246290132 0.0314300983276794 -0.0858921334102859
0.00219581292293915 -0.110600937726462 0.0923309180008661 -0.0555995912363771
0.110982793345732 -0.0685639561361212 0.0846043699594513 0.0251368617233083
0.134826141191352 0.0528028701642931 0.00532490024650308 0.0714210685534421
0.0829568936014122 0.129045451298027 -0.0419690648976744 -0.0143561169776611
-0.00112322348332369 0.106203552293068 -0.039792086182001 -0.138331905409392
0.0525581784971579 0.103072024897368 0.0152863886802807 -0.139836455759571
0.0916158585942508 0.042042400740927 -0.00385087912173376 -0.141270728432596
0.0680956981399225 -0.0486196224102175 -0.0621208879888975 -0.0968544159431065
0.00427643415356069 -0.0755674409398236 -0.0825450071472496 -0.0402124060153989
-0.043364714826495 -0.0589984906886077 -0.0847555567876537 0.00737227235374409
-0.0620568291883626 -0.0174522963424495 -0.0674061196807907 0.0258692432894328
-0.0626248823823181 -0.000294017870979134 -0.0483258347791122 0.0060441922125568
-0.0590852319934172 -0.00172557885713938 -0.0488598458622484 -0.0271167935776714
-0.0647569513509023 -0.0315170817617249 -0.0341542251717132 -0.06841034846745
-0.0402995169789243 -0.0711698526197089 0.01328890754896 -0.0979938881905227
0.0113614116878607 -0.0877883789551878 0.084538924043549 -0.0686249833597253
0.0948726435355198 -0.0402307545124244 0.0803183994675892 0.0118554003946697
0.0926196299184508 0.0580174067893183 0.00126845173137374 0.0571319643596091
0.0422538248247737 0.102038012058288 -0.0529131591346812 -0.047989087035649
-0.0241211726536992 0.0460613271246658 -0.0471605131638877 -0.174417519445706
0.00457492701007386 0.0602482285884897 0.00848943956361276 -0.145631546612822
0.0392368947230248 0.0330196719256491 0.00253763809281984 -0.139376549915653
0.0372097685887277 -0.0177059200809567 -0.045404385160106 -0.104713986926351
0.0052753786118557 -0.037171407100785 -0.0819643641281921 -0.0592584999503337
-0.0187946864155892 -0.0339245028314997 -0.0989676917867078 -0.00583793846294087
-0.0343131215228901 -0.0135192219378822 -0.0862181469605139 0.01968173541601
-0.0387201765662915 -0.00295760907796045 -0.0667485546034825 0.00427290832380509
-0.0388313078179957 -0.00441117398956987 -0.0666970667409629 -0.0291073264852792
-0.0418702600915933 -0.0240954286195337 -0.048679533336818 -0.0732186049454481
-0.0222578693766967 -0.0502529516668742 0.00377347421975044 -0.107795721111154
0.0204171982970747 -0.0591021804185877 0.0826430862716313 -0.073511751776025
0.0711890220842563 -0.00878945443063491 0.0790146419150069 0.00726140939900445
0.0436008488171085 0.0583399635044126 0.000374732914026042 0.0466047351503766
-0.00328612623563504 0.0646274959792998 -0.0513609294542519 -0.0716624441330625
0.0374850877782647 0.00289989934601061 0.0223353440985717 0.109094072027088
0.00642871934854958 -0.0330021420060979 0.0561666260452705 -0.039969134289204
-0.0236282475110422 -0.0204509009265425 -0.0669147143763343 -0.0643234250337542
-0.0206253404146811 0.0154616518720367 -0.124831098522361 0.0243954516737388
0.000623380376361892 0.0170074877770804 -0.0665686758894056 0.116669382436196
0.00626642848286804 0.0106806402774692 0.0234287532343385 0.110924018296772
0.0100834199914425 0.00696257995992827 0.0637047720878199 0.0648546145707111
0.00430067127693248 0.00476029727041589 0.0758113964051432 0.0343820586032492
-0.000491859840979604 0.00723292457555371 0.0896726104486357 0.0206096812263496
-0.0102511725485368 0.00321535711976716 0.0941991826920829 0.0443629827459679
-0.0070905038814487 -0.00707841704904707 0.0647224004271233 0.0836355763824531
-0.00243189477597939 -0.0135881505067145 0.0027250747782676 0.109079457636557
0.0237624886737899 -0.0178418164375072 -0.0527151691572581 0.128718526888986
0.0405782555294671 0.00489948697351726 -0.0806431369586705 0.136658220317029
0.032169759132894 0.0427171485848416 -0.0471973024132531 0.187246711180936
0.0370769323532028 0.0611646523299723 0.0126418237425574 0.104740109549067
0.0406022074786717 0.00485337402059197 0.0614119057526412 -0.03882237016954
0.0183073199282925 -0.0179174146123162 -0.0587651624910047 -0.078627180655032
0.000156808699148128 -0.0148259833891751 -0.13460387289098 0.00984355769731373
4.57403801120246E-05 -0.0177703366962231 -0.0801491838428383 0.112532690393981
-0.0123703805838744 -0.0166841542042215 0.0120695618625025 0.113856122407373
-0.0163928593988714 -0.00603648036331066 0.0572120413232121 0.0699215907986395
-0.0228775544053191 -0.00704950798232773 0.0715290785996045 0.0346368872511127
-0.0269343489085123 -0.00910834463082388 0.0849889894036382 0.0149183473700453
-0.0291416634948225 -0.0318986338493873 0.0949374440717155 0.0295045978274839
0.00176295375422225 -0.0495447514538884 0.0801304887510687 0.0663546749954468
0.0347794114777329 -0.039533059278304 0.0302943110058681 0.100918112983003
0.075535553468245 0.000569137136255549 -0.0285326944116669 0.129956308577007
0.0709287987711286 0.0648698510625902 -0.0640925373988325 0.13269838504223
0.0335886872273721 0.111696942674841 -0.0410316844625738 0.162199784572284
0.0229128547146244 0.114607910461397 0.00536192224446885 0.0798082953016969
0.0659649512520104 0.0555766528136591 0.0670743471112417 -0.045708754662075
0.0640940240617503 8.80690425401481E-05 -0.0431915869256948 -0.100697394334016
0.0331363368231225 -0.0406576555027412 -0.13968038904193 -0.0178137243823642
0.00656901461657273 -0.0547424548392042 -0.0941865375650493 0.0935074921616108
-0.0270271216728788 -0.0473173019980364 -0.00764236955749559 0.104625072433544
-0.0406200853221328 -0.021625714033236 0.0390094532288569 0.0684409303849625
-0.0467476236990247 -0.0180615974191759 0.0562162949338915 0.0300551124736728
-0.0484787973813658 -0.0202958235161792 0.0701651310780535 0.00323655994128857
-0.0485583337692489 -0.0562582043941907 0.0864437672338694 0.00373752041784774
-0.00226222070500317 -0.0850878322415785 0.0917370902764014 0.0344580431097988
0.0518939493213712 -0.0735953088932803 0.0656400809875486 0.079188554585484
0.119495093649527 -0.00461558721578126 0.0061187822319634 0.123529799529127
0.106928202962851 0.0998701098890865 -0.0464548706708897 0.124267845554266
0.0422367638149037 0.159958754544052 -0.0359858877987692 0.121749086388752
-0.000506188116068709 0.153655215323405 0.00456546270757667 0.0346868215527876
0.0748879101411581 0.108458420161966 0.0724449870457368 -0.061839761723683
0.103330672765002 0.0310797114087379 -0.0188778695969243 -0.123229511299732
0.0720254510823543 -0.054497781602235 -0.128784069276321 -0.0547393840264146
0.0195044789692865 -0.0857522044704758 -0.102471463680227 0.058337289824477
-0.0342966838012513 -0.0754194211958638 -0.0315463383462812 0.081030401053765
-0.0583802730185037 -0.0363359551088741 0.0116550666530032 0.0574687876163138
-0.0643437598450361 -0.0255702451363879 0.0330108931804036 0.0218509332225862
-0.0628068237461724 -0.0259601334513197 0.0463518136176391 -0.0100726869302087
-0.0622318114965664 -0.0677343349334768 0.0667803394356356 -0.0234967127456683
-0.01184446028956 -0.105337078196011 0.0911357843520461 -0.00436423011351854
0.053051694413954 -0.100919210729909 0.0928724241079372 0.045989396761043
0.14376826651039 -0.0216252895253822 0.0390197712000364 0.105503712025761
0.130135863600735 0.109411375850217 -0.0336114622261784 0.109888942772975
0.0495052343474443 0.180531182468739 -0.0356120509187003 0.0704006832622825
-0.0262664436754323 0.165395307248334 0.0108286131094395 -0.0256695880936521
0.0619577956211712 0.145633047393119 0.0762185738290287 -0.0838416669858512
0.11873337984285 0.0655599972076423 0.0118743606506427 -0.138581197190127
0.100970776348605 -0.0500614593289079 -0.0980048181232418 -0.0902572594281977
0.0340260380536903 -0.0992150099131221 -0.097975524308349 0.0100306819158433
-0.0334466251992813 -0.0918697562391187 -0.0544533980638454 0.0458989714161971
-0.0659623390474774 -0.0465712159845886 -0.0196770998385354 0.0392598528370312
-0.0727516070949061 -0.0295787894273314 0.00470142647054153 0.00993112443532191
-0.0681075731866425 -0.0275361771616116 0.0178885398307986 -0.0229922217387518
-0.0663286501400021 -0.0691653468518202 0.0414652915590623 -0.0467355372135232
-0.0189297558721554 -0.10949345327636 0.0787089345297516 -0.0391961454674395
0.0471720640591088 -0.109801961016337 0.105089614008992 0.0112840425034162
0.145266396208627 -0.030372828657864 0.0583146661883682 0.0803350015496849
0.129057447920684 0.105518922456611 -0.027236832231951 0.0921054641825225
0.0458158630580103 0.17528809664512 -0.0385818494222008 0.0182884387265912
-0.0445887505440375 0.144290595224876 0.022649681655069 -0.0894942279366284
0.0313131132959017 0.14793987238258 0.0783910734864198 -0.10549932569501
0.101393534367172 0.0849505358663868 0.0410935851780562 -0.141215001378477
0.104816575372949 -0.0324640489826785 -0.0555028351500793 -0.111959051887565
0.0414369844223772 -0.0905111739636223 -0.0809588778515969 -0.0377868822798558
-0.02519124611204 -0.0901480348899431 -0.0714888676363225 0.00502120695419226
-0.0619371959115912 -0.0484421576853847 -0.0487655560997053 0.0171069479716515
-0.0696358112414348 -0.0295383657945939 -0.0229115341719548 -0.00243300523501085
-0.0646175407787447 -0.0268197131493726 -0.00948402793845335 -0.0346135244976243
-0.0606404959934022 -0.0631207279621976 0.0164019160193903 -0.0641393210785808
-0.017211395780333 -0.0998884169686152 0.0638546177420663 -0.0652854612717522
0.0443619172296084 -0.0991916214061296 0.106398852085503 -0.0133704710040363
0.128858637557846 -0.0221860056365644 0.0661846188297776 0.0590953802795403
0.102937045175257 0.0983949975745402 -0.0254527453283309 0.0737538155228
0.0276982211547767 0.14951917390329 -0.0389854174403705 -0.0282256775121427
-0.049164687977174 0.0961296407184487 0.0330244185207089 -0.142183985427209
0.000986471036538806 0.113132561606832 0.0785853215110358 -0.120522461061708
0.0639962739805319 0.0761462392966124 0.060272796310182 -0.135352153983041
0.0796231364727735 -0.0130076485060643 -0.0170062884736011 -0.119253550855137
0.0358333692281946 -0.0642084954873485 -0.0613685714397623 -0.0727900890798045
-0.0143138299277408 -0.0696213538453627 -0.0823808515371836 -0.0278343186955212
-0.0474336459867641 -0.040518004178623 -0.0721112304293338 -0.00292658741280099
-0.0561310409009033 -0.0251275333952647 -0.04549213878675 -0.0137490626659308
-0.052409754536689 -0.0240281141138657 -0.0332178623138068 -0.0451683401152836
-0.0465020874531449 -0.0524481153899552 -0.00255948987542162 -0.0765072194147495
-0.0097926847304939 -0.0802138662770942 0.0526726842293266 -0.0826058424957795
0.0442977840725824 -0.07549760791913 0.104806577486059 -0.0277043954314318
0.102935235946822 -0.00260665960668888 0.0669802876846974 0.0456776108014588
0.0627510856901549 0.0882578748694442 -0.0241215855478741 0.0574567214808071
0.000119601877392405 0.10921215953432 -0.0334592549441885 -0.0639024843992293
-0.0430705613176238 0.0309526076394177 0.0353876217593633 -0.174797666024779
-0.0224360000800261 0.0552938225954446 0.0721370836314534 -0.126764545139225
0.0207441538844681 0.0455875470961179 0.0638038750952407 -0.127153253331605
0.039560323346355 0.000634872718355694 0.00290411884180172 -0.117487722197338
0.0206788550358575 -0.0293655179606412 -0.0507961625616377 -0.0894374212710708
-0.00256599573772183 -0.0377200371927736 -0.0887032094066282 -0.045145038997923
-0.0248428678514538 -0.0262918709971638 -0.0854498974446576 -0.0161686731109511
-0.0333597930153476 -0.0177417938861338 -0.0609884122794527 -0.0226833580367313
-0.0337436947236376 -0.0187810264312493 -0.048307031692512 -0.0539186323877218
-0.0292870323628678 -0.0372744820567602 -0.0135327946046934 -0.0860681409395581
-0.00167199111966289 -0.0543926097073839 0.0482616826508623 -0.0943670489546935
0.0410314258923456 -0.0464546773059697 0.105196074405748 -0.0319355501080164
0.0691012546790146 0.0179765669276072 0.066807190244394 0.0409695238642681
0.0182767487235906 0.0701817355223487 -0.0211973744471873 0.0456633948064839
-0.0280985623318917 0.0569187692724587 -0.0200817313640534 -0.0857877135718355
0.0375319259688214 0.00272932852541997 0.0240756634185983 0.107578577054203
0.00581920453092979 -0.0332585700284096 0.0551047863557179 -0.0422207254427447
-0.0240214273016257 -0.02002850889336 -0.0675040672851504 -0.0644844058175814
-0.0197957478958399 0.0157549446734643 -0.123695633600372 0.0254385123566299
0.00126192025181827 0.0172371679315292 -0.0647653540408142 0.118308306791039
0.00605637332606027 0.0101108455422206 0.0253261269680641 0.109676539651564
0.00925191815804614 0.00670066048756809 0.0634835926108951 0.0625538111871173
0.00481736893083607 0.00464126149695476 0.0763018526236269 0.0323648796045966
-0.000689591033837029 0.0071361535967904 0.0895811278744113 0.0188254983075301
-0.00974378644436909 0.00351808875029757 0.0957439804779758 0.0420767374705577
-0.0063220704475491 -0.00677581235767415 0.0657984551834845 0.0830782460003145
-0.00182672022443418 -0.0127246532905719 0.00268621583910506 0.110584065521196
0.0234464938955294 -0.0187038142781158 -0.0512377950878248 0.129915501764127
0.040209146798937 0.004465407365691 -0.0806108009140434 0.135829197872596
0.0333181584068096 0.0424684939743842 -0.0459430713848701 0.186892785025586
0.0377982834361493 0.0608946954938185 0.0134838060143063 0.104247581581214
0.040565042549063 0.00402487501096029 0.0601870199493142 -0.0403762867615756
0.0177755921300148 -0.0180535451817211 -0.0594679276916821 -0.0793986646469767
-6.42585868074813E-05 -0.0139557348094373 -0.134196485295445 0.0112356143399464
0.000238933243705729 -0.0176706594742644 -0.0781141950233517 0.113907368190657
-0.0128424950453236 -0.0162560906921435 0.0136591796371319 0.113096265987218
-0.0163518632514585 -0.00583537045561633 0.0573117520740689 0.06807534365784
-0.0228480801232954 -0.00662333840158496 0.071535100921132 0.0329081592957435
-0.0265108983841162 -0.00826422388759025 0.0848632001587682 0.0121915042714256
-0.0290302398581465 -0.0311669713672201 0.0957790846848723 0.0261578274526229
0.000604756584853037 -0.0498034195169182 0.0819284809602576 0.0659208802908767
0.0338333818705148 -0.0394803819427954 0.0301182153278221 0.101287851473433
0.0753810587162582 -0.000855382863586712 -0.0275449632809089 0.131079902102428
0.0716381210480753 0.064282981681373 -0.0641039156740067 0.132352558941557
0.0353227883533788 0.113049212347171 -0.0398708039712114 0.163081334081232
0.0253370865702348 0.115250291639372 0.00594137251732457 0.0794897214427982
0.0665503319392476 0.0539977222320398 0.0658077916486655 -0.0478725405879003
0.0644334142631774 -0.00129486025112861 -0.043392338273554 -0.101866740340447
0.0321845497870711 -0.0403830581892289 -0.139192737504248 -0.0162265879175337
0.00561673377645675 -0.054650447157221 -0.0923280838356403 0.0945111983800899
-0.0281044979697905 -0.0467427413269032 -0.00592982009095222 0.104921722792848
-0.0405133740392009 -0.020839373128498 0.0394534613911918 0.0664039317780401
-0.0468378122530448 -0.0166942556950685 0.0562410372827637 0.0285089682170069
-0.0481770306962378 -0.0192937195658916 0.0695496809799523 0.00114672457306072
-0.0495471027796235 -0.0550382999317516 0.0861002992446952 0.00134459139564377
-0.0042974185434326 -0.0846866179126321 0.0927774930184571 0.0324141035958734
0.0512271851878254 -0.0736866434107496 0.0652269642629709 0.0791487041529441
0.118947485980155 -0.00712339326264746 0.00675416476583125 0.124067168495713
0.108266518828162 0.0978484509216372 -0.0466936283262541 0.123998085710426
0.043662686172562 0.160787397897575 -0.0351351974227369 0.121325647729953
0.00199457061259969 0.153987381725148 0.00472615404507042 0.0344606715071267
0.0761458793997272 0.107133915260526 0.0710867799572961 -0.0625576686076908
0.103787281329548 0.0295261559030389 -0.0191841442830144 -0.124734100545469
0.0709931411248149 -0.054955703914706 -0.128774081728252 -0.0533605560472224
0.0179811128722879 -0.0858275046920556 -0.101289395608452 0.0594438497657574
-0.0361262025507858 -0.0741935757647292 -0.0303146128362691 0.082385869904154
-0.0586704583728289 -0.0355396982429538 0.0129569627551594 0.0567575575158494
-0.0641281148459942 -0.0239388698992807 0.0323816969192402 0.0210458156277491
-0.061889856794557 -0.0244846472351413 0.045434396140207 -0.0117985369547943
-0.0634148108469054 -0.066149261535455 0.0665648104698091 -0.0255878611884754
-0.0143211515930077 -0.105619855307206 0.0917633823923045 -0.00679631711767997
0.0511079068348013 -0.100951552313525 0.0928662602384433 0.0446612230003627
0.143045590435631 -0.0238334690106065 0.039346740172432 0.105470117133888
0.131610927815206 0.107749073736074 -0.033524479394477 0.110331121769738
0.0509916098572133 0.181115343777875 -0.0351727305926957 0.0704476236022028
-0.0236878779859156 0.165966638730058 0.010353850665484 -0.0256250855426786
0.0631069550497549 0.14446283930719 0.0752427154161041 -0.0843429966551241
0.119681879847598 0.0644136764261472 0.0113606855178016 -0.140440328275369
0.100243875632429 -0.0510454850589604 -0.0983653090034071 -0.0894974808528706
0.0323956931501939 -0.0997055191092788 -0.0974769330452143 0.0102189004101392
-0.0353964602835868 -0.090977889923732 -0.0538416179632603 0.0465293041418007
-0.066356259277044 -0.045426383676577 -0.0182167921552599 0.0393708060517586
-0.0723536503572164 -0.0277831725422268 0.00480495112938388 0.0101937765523745
-0.0676445077946628 -0.0261844146751344 0.0173488988553123 -0.0245936210957254
-0.0677678920974 -0.0675747736427155 0.040622385331456 -0.0478457164428114
-0.0213736470230322 -0.109410569853766 0.0790370932227579 -0.0415843936812686
0.0452501379786823 -0.109750815166663 0.103966482805331 0.00969124508831222
0.144117787374995 -0.0334402453938355 0.0583872376980368 0.0811741035250524
0.13036259528247 0.103463384701059 -0.0276666057277619 0.0926393040716172
0.0474098983128015 0.176188783254871 -0.038708319014717 0.0186411828663196
-0.0427221443243344 0.145343266929818 0.0212007964865141 -0.089516282376667
0.0336101397397738 0.146853710534994 0.0775849173594366 -0.105272482341591
0.102951126567787 0.0833122549730646 0.04104217345337 -0.143377602604374
0.103538466176962 -0.0334227014248944 -0.0563066110119271 -0.112001559373277
0.0401761716734211 -0.0911314110508305 -0.0813940087430365 -0.0380224394831903
-0.0272210027181327 -0.0890964626320041 -0.0719313949514325 0.0065794634011493
-0.0629508175147353 -0.0472070674958692 -0.0475453840285024 0.0176883674762308
-0.0694803083292356 -0.0274763629759725 -0.0228857634017759 -0.00167017786261906
-0.064028359814107 -0.02571997755532 -0.0107601041127157 -0.0349321281899285
-0.0615178891337679 -0.0619735278090208 0.0154533933137391 -0.0636113058052219
-0.0191893475122981 -0.0990751064383993 0.0637412459330295 -0.0668482889198149
0.0427951346682909 -0.0991798403005399 0.1048029732818 -0.0147227994760191
0.128464787253537 -0.0245513283916077 0.0654841268281912 0.0597999488019939
0.104804630535552 0.0971717953238379 -0.0260019992067124 0.0746545343200052
0.0288466159477582 0.150962609534087 -0.0390748429867789 -0.0268048609906892
-0.047854175814899 0.0978493432691689 0.031151602066038 -0.142739842907278
0.0023005628061988 0.112746200699422 0.0776354998626739 -0.120547909729601
0.0643953178815043 0.075301889421966 0.0597851808650485 -0.136020668405158
0.0793923062605293 -0.0141548454099243 -0.0175222179250728 -0.119603028100007
0.0343866509628024 -0.0642541494982766 -0.0626657170261137 -0.0733766268693355
-0.0162166640235797 -0.0691568085061704 -0.0832492991959106 -0.0260938122424751
-0.0476862806195324 -0.0399866947832192 -0.0710324634439396 -0.00176759878856344
-0.0557862657584308 -0.0234759233551274 -0.0454775602119029 -0.0127939648692709
-0.0520997859829178 -0.0231662220538773 -0.033983239541758 -0.0446381366459394
-0.0476071288691388 -0.0516950998612838 -0.00405221911078254 -0.0765467955282829
-0.0112191618518685 -0.0798427703178393 0.0520144418332827 -0.0838740525461668
0.043149645219175 -0.0755566171980163 0.103873648642707 -0.0291806838490495
0.102673509407435 -0.00438127876716812 0.0661615177365668 0.0459437028293361
0.0645186965846397 0.0874949883383129 -0.024476280799155 0.0583655170509395
0.000923820989514589 0.109444266274675 -0.0341186941701098 -0.0625872415720429
-0.0427032010565172 0.0320894256090123 0.0344217138886477 -0.174564329198941
-0.0219655578802534 0.055274168347625 0.0718630614383873 -0.124934155528696
0.0208284202818542 0.0450007963656117 0.063409323518362 -0.128213489882478
0.0390475029500856 7.57273138585112E-05 0.00239431760063867 -0.118838314358844
0.0203849245661638 -0.0291080671866503 -0.0520019970915174 -0.0903771744363926
-0.00346378921073529 -0.0374542754575934 -0.0896777828211933 -0.0435666623996497
-0.0250893307270535 -0.0252071815884829 -0.0854967215737664 -0.014109692424182
-0.0340006922476079 -0.016644405815767 -0.0606011322829704 -0.0216343790071157
-0.0333959079885809 -0.0181824939089508 -0.0495974805436604 -0.0529257390017079
-0.0299374104147659 -0.0365959884492571 -0.014598821331253 -0.0861469179527497
-0.00275493258350435 -0.0537695574258876 0.0476395374789263 -0.0959524218053434
0.0402734031921892 -0.0464812173650628 0.104210167842487 -0.0333188731382912
0.0693070817413883 0.0165608950715447 0.0668838226234697 0.0407892247276357
0.0194146688837605 0.0701850175885598 -0.0206884084842472 0.0469399843680934
-0.0273609002188073 0.0577800857740503 -0.0208670599944508 -0.0850382642867111
0.0379846558308425 0.00194209864729241 0.0274293187655467 0.107436863331536
0.00474276979523383 -0.0329606233490632 0.0536704668747227 -0.0449757267439712
-0.0247629418459185 -0.0199058808452698 -0.0696498592450339 -0.0641122760433354
-0.0196785074483705 0.0165146139728734 -0.123689351158376 0.0282209975510577
0.00247611957987206 0.0175071475670041 -0.0613015898459505 0.121668449740689
0.00666473466104895 0.0100947022317523 0.0286911227182577 0.109884109612552
0.00948922382386549 0.0060603637923976 0.0646158001408784 0.0605004651517898
0.00452424242262568 0.00387184677381465 0.0772698934420382 0.029696377546905
8.13042908444144E-05 0.00713577894012128 0.0907457782834894 0.0149699191094886
-0.00987403445811101 0.00388587780881437 0.097965555587774 0.0390744527896467
-0.0071510280975211 -0.00675416798100365 0.0699157042827217 0.0823575357880871
-0.00253565660862424 -0.0128841302146754 0.00430429442256956 0.113409185590051
0.0229561451134898 -0.0197419979537235 -0.0488143046488434 0.133016120985678
0.0407148919026102 0.00403979906208987 -0.0783097493670466 0.137593772551867
0.0357191869666513 0.0428732802763574 -0.0424308883423361 0.189378496230945
0.0402334211480532 0.06102028824134 0.0166215631503922 0.104413618945862
0.0407959429652061 0.00281616529740366 0.0589403555194778 -0.0437542197428276
0.017226504539947 -0.0186373044588776 -0.0614574817102156 -0.0795943945443624
-0.000354765561888022 -0.0142728414935298 -0.135064176590586 0.0140252911917942
-0.000775331560426932 -0.0176005226588524 -0.0749967016304906 0.117023924282787
-0.0136321269083739 -0.0157920931434357 0.0177800344571649 0.113077852222988
-0.0170883089805321 -0.00559958260205007 0.05948966114404 0.0660203854925008
-0.0232369424461604 -0.00614210514029811 0.0726306789896073 0.0300542816122895
-0.0266063919309709 -0.00750025504952578 0.0857624701776436 0.00855785048440745
-0.0311625241940395 -0.0302601080062962 0.0977007919628601 0.0223510251311551
-0.00145423358834887 -0.0503250805279765 0.0850948451430342 0.0635863578141331
0.0334472077098462 -0.0403651351997905 0.0318559639674784 0.102890077848468
0.0756023795413096 -0.00247409946922784 -0.0248211606908089 0.133311321253974
0.0738539491000975 0.0631685420434795 -0.0628220805293417 0.133977316367607
0.0383890906046102 0.113636024024221 -0.0371985939237632 0.164465105792938
0.0285867268814254 0.115812053249025 0.0080802974070686 0.0801168749606034
0.0685132468702974 0.0522686153154829 0.0652108047458553 -0.0504211191651755
0.0651705613469472 -0.00308941303286879 -0.0466551988084571 -0.103380113263467
0.0313669827191247 -0.0415337339761128 -0.140378720187382 -0.0131071735695592
0.00360042413568292 -0.0552381852970092 -0.0901130599322956 0.0983110840229465
-0.0300637922855096 -0.0454513564856046 -0.00235846447142431 0.105399237739267
-0.0414902135641374 -0.0200875896362702 0.0416293980287385 0.0651783472571078
-0.0469340261747972 -0.0151297338360084 0.0569502345754037 0.0269790670965543
-0.0490264583047242 -0.0179409740059195 0.0689350739883379 -0.00303010147156429
-0.0514606741120279 -0.0538612550120571 0.0871956670981112 -0.00253007870137847
-0.00805679504212495 -0.0854455342704883 0.0953935958889111 0.0295922707135559
0.0493460254332259 -0.0753958936398094 0.0671054247986131 0.0784032457300459
0.119951712419453 -0.0099931791513777 0.0091890580106396 0.126128840065019
0.111467710034706 0.0964474870664628 -0.0450063140711003 0.126115653104794
0.0481397529034642 0.162117479283544 -0.0332970338330426 0.123323472121004
0.00702833347731288 0.155969910877516 0.0051654633694473 0.0347534651221148
0.0795697889533459 0.104964113205922 0.0699945990833376 -0.06512425370441
0.106328259991156 0.026607369590728 -0.0219233457256965 -0.126922420132827
0.0699034986173958 -0.0570866735468784 -0.130755908955723 -0.0512291093901848
0.0150410331957513 -0.0869532641475357 -0.100086962338668 0.062208637759473
-0.0393913738007258 -0.0728066325002327 -0.0276736860612288 0.0834157662360427
-0.0598674799613943 -0.0343883162312421 0.0152440549532984 0.0566081545947897
-0.0645997721757975 -0.0216939412187305 0.0335743215781505 0.0201840466092362
-0.0630841597141394 -0.0231290661646258 0.0448194335663081 -0.0138560623101964
-0.0661395915913101 -0.0644434832494203 0.066008346981439 -0.0288250283829871
-0.0188247640221543 -0.106334285115588 0.0931065442440462 -0.0104772675135834
0.0484615902245139 -0.10301503215749 0.0933480043949498 0.0427163227821423
0.143595232325492 -0.0289523493249356 0.0410057631130325 0.106619556320769
0.136453549725554 0.105353525779378 -0.0326978373061719 0.112365448524375
0.0561671092147236 0.183482612819854 -0.0338449005805211 0.0724268249575009
-0.0189185455991216 0.168548056987834 0.00883605889211996 -0.0260928883012009
0.0674087568722915 0.142840548161453 0.073884208903287 -0.0868264978893111
0.123044138846725 0.0615008614065203 0.00915588820258799 -0.142757630706525
0.0995772413697413 -0.0543431042282399 -0.101348770746967 -0.0877461195487977
0.0289669667382707 -0.101276700943541 -0.0982611946153947 0.0120440136494536
-0.0390898537593949 -0.0898790983523756 -0.052974941287424 0.0483467692462619
-0.0684894884596375 -0.0437940373534786 -0.0166091666413533 0.0402116048109283
-0.0734917765962491 -0.0252075035069324 0.00514009877466262 0.00989435333186761
-0.0683265268000066 -0.0243733655030871 0.015690776545422 -0.0253747217491754
-0.0702254023185001 -0.0654502603654958 0.0395709841709041 -0.0496873871537007
-0.0256896747002149 -0.10944135694007 0.0795217446392633 -0.0455140010125303
0.0423538042091224 -0.111403781521789 0.104441902164912 0.00674941804901824
0.144374616290227 -0.0378364430329147 0.0602064285958483 0.0814437438568234
0.135483449456759 0.101671557463901 -0.02685172250786 0.0944719115730389
0.0520717679568703 0.178018128120348 -0.0385722574468218 0.0203676315188829
-0.0384370151260286 0.1487965409827 0.019109497332738 -0.0907876779211494
0.0380803513554384 0.14664632843311 0.0764809248739591 -0.107647650357939
0.106075197382994 0.0813059426259166 0.0390546152705821 -0.146567555598049
0.103442733797246 -0.0360529703370241 -0.0583850158056055 -0.112172296816826
0.037173359805938 -0.0927774740744267 -0.0833667502090038 -0.0371366073810014
-0.0308577772092422 -0.0886385694637853 -0.0723103857556699 0.00903352808773885
-0.0644682765246555 -0.0454703556290226 -0.0474816719676989 0.0198403438430613
-0.0702159703994594 -0.024633492898184 -0.0225369510120518 -0.000680004923527098
-0.0646386167335584 -0.0237896567652383 -0.0123583705416952 -0.0349033426183652
-0.0640353578393942 -0.060129113363118 0.0140203426777933 -0.0655117664351317
-0.0232529548399212 -0.0992832741148233 0.0629584864071365 -0.0704756772377552
0.0396559629175387 -0.100850549894748 0.105206498914186 -0.0180881211301881
0.12862282633074 -0.0285322415438984 0.0670413953979242 0.0601895867575679
0.108342792192658 0.0951406225953307 -0.0253486858545224 0.0768581825388272
0.0323571102199957 0.1524280256119 -0.040625099078483 -0.0260528732627587
-0.0452089583799268 0.100048630564852 0.0284136938019928 -0.144786825099935
0.00547386812310163 0.113385088431231 0.076385768001361 -0.122196711856634
0.0669481386534126 0.0738605221970274 0.0582691747523076 -0.139266004349494
0.0790599080475482 -0.0162592671318724 -0.019403847096986 -0.120803523980131
0.0328295758232632 -0.0657905984697032 -0.0654080145736879 -0.0736502493693982
-0.0187483794096967 -0.0687594003364565 -0.0853122491491458 -0.0234645619871438
-0.0493280553963274 -0.0387595941367558 -0.0714080615581185 0.00106493348875205
-0.0563166702167308 -0.0212823745548276 -0.0460617066787814 -0.0110783786185332
-0.0528502851053299 -0.0215106552271512 -0.0356744154156499 -0.0440449706199904
-0.0499578344275451 -0.0505319887510931 -0.00565367178836534 -0.0771437985128924
-0.0139982055338781 -0.0799099995052712 0.0508696783685008 -0.0871511254567594
0.0414908789816789 -0.0764337177667997 0.103343110145334 -0.0326826553846207
0.102862178877845 -0.0072739424712108 0.0679092244117957 0.0461278589808637
0.0674570056135847 0.0866784731570271 -0.0233524284720376 0.0603666458477963
0.00315244549024173 0.111368925206669 -0.0354575440578155 -0.0622775069440078
-0.0418793944644594 0.033804308117245 0.0306246549181325 -0.176556871198121
-0.020525201999891 0.0565605048040848 0.0707126577213121 -0.127046194507987
0.0218785115933945 0.0448628004516058 0.0616225256324738 -0.131066340522629
0.0389577250104337 -0.000768131386532474 0.000215251485073608 -0.120385788629828
0.0193544036674695 -0.03013596247586 -0.0557391725831223 -0.0907236642186108
-0.00526818068051003 -0.0371220160941696 -0.0918211039619291 -0.0408631781399834
-0.0260891815848622 -0.0254563756467114 -0.0858048424668879 -0.0106815449167271
-0.0343049841148157 -0.0148876573806991 -0.0617712519363494 -0.0194285732367457
-0.0342650588018949 -0.0168879764146883 -0.0513476663978287 -0.0512599597311365
-0.0315484581449369 -0.035618425619215 -0.0163550732269386 -0.0863661391194565
-0.00439279140381199 -0.0543520402020922 0.045468057582261 -0.0987936131892255
0.0391841724401564 -0.0480921073156915 0.103973014485918 -0.037198070959523
0.0701263144862411 0.0147380820884773 0.0676885998147014 0.040728466900293
0.0214410747385055 0.0712543498576932 -0.0205472668140793 0.0483605759906412
-0.0266703160436302 0.0592000289721309 -0.0231919799085009 -0.0850291753459165
0.0386624880033108 0.000234390173077991 0.0325956280274814 0.105861015790256
0.00355865227304835 -0.0331403835669135 0.0503700173526678 -0.0477342713517441
-0.0259490673593367 -0.0186081629215303 -0.0727985558310928 -0.0613363083989584
-0.0185905241112972 0.0173036238660987 -0.122281056135488 0.0335308041320495
0.00310887024412445 0.0168812396105563 -0.0546531669919728 0.124216884382567
0.0070439882304021 0.00964596501334247 0.0340333259470051 0.107929178214668
0.00925567680142952 0.00550743042460882 0.0663650722716457 0.0568008072769512
0.0052353489823481 0.00385265707755856 0.0775521765429221 0.024799095227663
0.000134298271360086 0.00677523243041275 0.0908871683320926 0.00942961425806691
-0.00940420047278035 0.00456867688717354 0.100416057559749 0.0325876256800815
-0.00747738896762567 -0.00627053597335397 0.0735030318460599 0.079012646177454
-0.00240756575865287 -0.0122399455754552 0.00933127694583848 0.114316236288846
0.0213463162213957 -0.0208340657765628 -0.043081488526649 0.135259527647876
0.0407000757490424 0.00270040704178186 -0.0735425527872635 0.14017620716504
0.0383311938728203 0.0413298664434795 -0.0342141745702303 0.190568186181401
0.0436210058754341 0.0588172032888922 0.0212393872686875 0.103262995517906
0.0407835363282945 0.000597452682326074 0.0554967574675034 -0.0464838566097029
0.0160659792489617 -0.0196818628469858 -0.0651941679468237 -0.0773478191405693
-0.000990732930386531 -0.0140341012007412 -0.13291337775966 0.0195972539370329
-0.00158152348721975 -0.017772679847203 -0.068058135061376 0.120269758002497
-0.0142873659262963 -0.0145748262196265 0.0232000882629435 0.111298305766862
-0.0172145053614586 -0.00461334795158961 0.0618551122633162 0.0622368836920821
-0.0229894812088686 -0.00452919208056155 0.0738623237099578 0.0257403746137416
-0.0269890790976759 -0.00651522868298132 0.0850460538989223 0.00244667592570056
-0.0323887678123221 -0.0286061395462031 0.0991653777209447 0.0164244841815114
-0.00392671305793872 -0.0498627688466763 0.08857630861713 0.0590957948924746
0.03110536302886 -0.041649101319714 0.0358588718574548 0.102684147721455
0.0746892542877313 -0.00625115129785078 -0.0187422285316 0.134928102218654
0.0769797783312324 0.059863012021572 -0.0578522677310554 0.1354372129412
0.0442809009563667 0.112193598456828 -0.0297107250871265 0.165969368281673
0.0350245226376078 0.114699954655808 0.0112765065773456 0.0795511805169337
0.0706186003660328 0.0484490189652674 0.061817420402078 -0.0538978108221209
0.0645233040272943 -0.00655286920569193 -0.0508578926887909 -0.102101349312291
0.0293197136220474 -0.0423412314925954 -0.140272067668186 -0.00705894736240559
0.000299781957789412 -0.0547882004316631 -0.0841667592465372 0.101609808949419
-0.0324821158584332 -0.0435905000112254 0.00303503365553056 0.104779668089247
-0.0424020542217006 -0.017692673753125 0.0448703078365095 0.0615881125535065
-0.0478015918724647 -0.0121599464059283 0.0580117962092077 0.0237672856950456
-0.048956708643766 -0.0159718653699709 0.0681674090201134 -0.00733351681159838
-0.0543821053573018 -0.0501157269170763 0.0870877431033959 -0.00847854406976585
-0.0127052149742449 -0.0848753529968221 0.0972443752335432 0.0238361930848536
0.0451114307551192 -0.0772671550818633 0.0697624363498574 0.076315647644019
0.118834991180994 -0.0164028125210072 0.0147290975303318 0.126383878215341
0.115889705963194 0.0907683146945924 -0.0404493734241367 0.126880376698413
0.0562887905547901 0.160848540215629 -0.0275996972178858 0.124278461641803
0.01483051428165 0.155454013543296 0.00618728095577902 0.0352064760326324
0.0840339091972214 0.100513111739258 0.0671390856777782 -0.0687955007542609
0.107247809607381 0.0211711543324801 -0.0274759073808056 -0.126902769577611
0.0666244020145963 -0.0605974536592216 -0.132051335381832 -0.044713717579679
0.0101026239983586 -0.08719962668394 -0.0964026539731435 0.0659662537280851
-0.0430403357848273 -0.07005620405368 -0.0237199406440669 0.0843780627656867
-0.0616908078265845 -0.0308260767262809 0.0181353031562627 0.0547363074792428
-0.0655857277031557 -0.0175958312313653 0.0340866023031378 0.0183806167128826
-0.0628581308070992 -0.0198495103719006 0.0430518479987626 -0.017562699202264
-0.0692982698272919 -0.0602036679834812 0.0644093812312425 -0.0330628122982724
-0.0249169561703531 -0.10449315155915 0.0926765383978607 -0.0164591051697654
0.0430827242602369 -0.10435580114993 0.0944682480602846 0.0389469257999588
0.141520545605354 -0.0365668961286286 0.0448325729944473 0.105311691679075
0.141530205888948 0.0985798643334699 -0.0282305900968732 0.114084298674193
0.0648448858566561 0.181695326537727 -0.0310683623963405 0.073595549865412
-0.0103056028216362 0.169296720790971 0.00749412800295274 -0.0259107084236314
0.0746028902460021 0.138971557107608 0.0693194222310525 -0.0895177644290572
0.12581296406849 0.0545366424437278 0.00304188650293994 -0.144936247207114
0.0960848292308741 -0.0591260456722135 -0.104384471664939 -0.0835439864350579
0.0233938052691938 -0.102304957676672 -0.0972607241708565 0.0160524201593614
-0.0437634677800666 -0.0869185636597955 -0.0505098283982846 0.0508315069243999
-0.0701658355109683 -0.0400663600912805 -0.0139136895213004 0.0407552005089365
-0.0735669951144433 -0.0200849684878478 0.00598249944678827 0.010062494449261
-0.0684430712393306 -0.02131156367633 0.0135287456174022 -0.0262145877388332
-0.0736643227577332 -0.0611517926718173 0.0368404386817049 -0.0522535617059634
-0.0313278632258367 -0.107476611438096 0.0778401830096754 -0.0507014987613117
0.036442693700352 -0.112798881195868 0.10346191874607 0.00236478903542168
0.141420303398657 -0.0456081870037407 0.0629592910853911 0.0800123922429502
0.139693818756638 0.0946706930246379 -0.0232103003975313 0.0967944589022577
0.0600834371995196 0.176546278817753 -0.0375562266607308 0.0221494633777597
-0.0307225275357762 0.149981884003856 0.0143900938748798 -0.0906203292854568
0.0448828163878626 0.144050161489393 0.071026385933155 -0.110270918985251
0.110402110570087 0.0754690980839942 0.0326809468751931 -0.149181441276433
0.101336318414419 -0.0413161859815445 -0.0632174177573266 -0.109767079024646
0.03187161384618 -0.0939483751854518 -0.0849911928527046 -0.0343627052073603
-0.0361464122781577 -0.0858986677707459 -0.0722846467453151 0.0126219160991261
-0.0663192571586362 -0.042030319430751 -0.0456444895190953 0.022836984232426
-0.0709091109893375 -0.0207151443164676 -0.0224528201139284 0.000471955123790744
-0.0646734774128786 -0.0206938141845818 -0.014603999179401 -0.0348600204015874
-0.0669683000410033 -0.0563114528675463 0.0108272601542995 -0.065960217589751
-0.0280467993610941 -0.0975775099209611 0.0600314081297684 -0.0744778573168426
0.0349411937002799 -0.101870971635553 0.103134200127801 -0.0231383504563167
0.125718336246473 -0.0354424393162195 0.0688879443958607 0.0578412754896834
0.113492089369376 0.089840907522934 -0.0223123520316091 0.0786163839606396
0.0396558446780461 0.151363205354074 -0.0414930104954878 -0.0234474839056657
-0.039917692916262 0.102359768104828 0.0213714768962625 -0.1453088244033
0.0106675564963059 0.112614439820522 0.0711515719553585 -0.124632778571475
0.0707147919776772 0.0705092987611012 0.0524028347653263 -0.14228744385246
0.0774468090868401 -0.0199519030250447 -0.0243314394055234 -0.12038094493839
0.0288708221382164 -0.0670779662363086 -0.0692035544685054 -0.0717020836010081
-0.0225646340530287 -0.066933759054823 -0.0860630470108597 -0.0190996259981764
-0.0514989067401099 -0.0356843876016811 -0.0703724476276189 0.00544957379836109
-0.0567074911394399 -0.0176032088418585 -0.0457758929013387 -0.00820474227836917
-0.0532724157439532 -0.0191589679507128 -0.0378869425595365 -0.0421723819993884
-0.0522261633687781 -0.047036444458845 -0.00923464039061814 -0.0765585310235782
-0.0181150790908033 -0.0787636320671839 0.0468630270606911 -0.0903756461819566
0.0369179742886168 -0.078266099448461 0.100867552052438 -0.0370501677420338
0.101551469475664 -0.0128187407552771 0.0691558827215421 0.0439139391270094
0.0716056271382464 0.0832320824892502 -0.0209129341103 0.062582573894886
0.00821774151990103 0.111462602656443 -0.038160340634605 -0.0597610618414535
-0.0398390380744481 0.035809125991345 0.0229761382844868 -0.177711467936473
-0.0174630538130271 0.0575977908207052 0.0664420381366602 -0.129268873821351
0.0245201907750264 0.0433667020528183 0.0566166705390348 -0.133186743740857
0.0381989635313316 -0.00253033857805177 -0.00457658775587765 -0.121381448083695
0.0173161717800267 -0.030595931239028 -0.0605750427641421 -0.0890209159502476
-0.00711266314007548 -0.0372927508007187 -0.0934402351743105 -0.0351896462865254
-0.0275452624520153 -0.0234809382504328 -0.0853060202705742 -0.00534969262329629
-0.0342299625128502 -0.0128044751246592 -0.0614403923476844 -0.0156804117892242
-0.0352030530899333 -0.015325897615197 -0.0534771635916378 -0.0481283707088212
-0.0332832903656878 -0.0336364455057504 -0.0203673528800296 -0.0856738649299846
-0.00678319389421219 -0.0534883626945089 0.0406406166031849 -0.101358482849976
0.0365770998831113 -0.0496839627981438 0.101577641500311 -0.0418226652870631
0.0702072420679817 0.0108946681510512 0.0690894173885618 0.0384919475842937
0.0253326745356415 0.069723972086287 -0.0183111369817119 0.0504314504499607
-0.0236702653417664 0.060840015656479 -0.027323033618985 -0.0826234804163151
0.0376277664797995 -0.00163237464418827 0.0367966814492994 0.100683787700164
0.00145153093516401 -0.0318763341567804 0.0456660979304113 -0.0491008820929312
-0.0265547865658536 -0.016727609339274 -0.0737350605004369 -0.0562743742568491
-0.016649502435947 0.0176984286015698 -0.116486785656824 0.03729213986971
0.00413967687542602 0.0160282042533037 -0.0466781185100329 0.123016257214481
0.00744504928477944 0.00890350123489374 0.0379659462858352 0.101761066886668
0.00947075482803014 0.0050480762103216 0.0657308605227079 0.0512046361304295
0.00431136965059393 0.00313652976540675 0.0759842278711335 0.0198059691873777
0.000300152983104198 0.00591517814877694 0.0873970120037434 0.0034332015604779
-0.00889637021560799 0.0042279701945573 0.0981711355533309 0.025071192337781
-0.00731288300820793 -0.00601923950110313 0.0755258172191303 0.0731861672850462
-0.00294169519513142 -0.0111513746333033 0.0143119501986433 0.111458606446119
0.0194747175123883 -0.0210212078485011 -0.0351820534948884 0.133248028855174
0.0392972023674218 0.000547608910081144 -0.0660151247575423 0.138544887752385
0.039442819357487 0.0382937136209407 -0.0250762803960157 0.186547730272833
0.0453538983175443 0.0552921178134438 0.0256629376441689 0.0991116178740364
0.0393587324441071 -0.00150700211923915 0.0508446976054797 -0.0482448098575187
0.0139359212296806 -0.0203137302743596 -0.0671723767710773 -0.0726171602637416
-0.00149699991324931 -0.0132070500211422 -0.127932040692995 0.0242762300256199
-0.00230732733485876 -0.0170333062393299 -0.0596670798842996 0.119002550633831
-0.01450219018961 -0.0133011310813256 0.028072852807622 0.105884834273755
-0.0174657821426038 -0.00347982783747991 0.0618688526299664 0.0557357509723935
-0.0222015550031018 -0.00335398826715126 0.0724203892642232 0.0203990641682025
-0.0263234974784712 -0.00502246801884865 0.0815337786734625 -0.00295506132482749
-0.0329059842807853 -0.0254107756426496 0.0966086648565252 0.00940159765352862
-0.00730325441614836 -0.0481486845315829 0.0886883650478048 0.0521346666580003
0.0281633836839606 -0.04158571825145 0.0385545856866015 0.098782608589977
0.0718010135808928 -0.0105110300824008 -0.0125092997535777 0.132290904571601
0.0768424494264847 0.0541896042668564 -0.0507245515523305 0.133239278222156
0.0489871138432976 0.107378974764894 -0.0217655072351122 0.16208438333377
0.0399933626637983 0.108999071567808 0.0149478391469103 0.0771886336821793
0.0702788978475553 0.042595785551769 0.0566529507014156 -0.0550123400027749
0.0618659369954726 -0.0101835566400505 -0.0537439591053983 -0.0975492374942979
0.0255250090865003 -0.0424028458767886 -0.135002404263994 -0.000722833653345998
-0.00287771761280106 -0.0530018316603881 -0.0765790920815328 0.101863785964357
-0.0336754138733313 -0.0397684020815954 0.00841779243394931 0.100694579788058
-0.0418254245902328 -0.014935475319295 0.0461774418211864 0.0564073475614286
-0.0465850431520782 -0.00911863688268353 0.0576132146706142 0.0195318076797315
-0.0481159889571783 -0.012432600277405 0.0644784825118791 -0.0114721429906432
-0.0556353488855469 -0.0452093778872095 0.0834793000212921 -0.0132648407740697
-0.0171529546387851 -0.0813155813789681 0.0959941411105549 0.0173800254125832
0.0400754120288202 -0.0765368292749622 0.0701347554963505 0.0716355218540504
0.113673741137682 -0.0218937813751205 0.019647580309378 0.1226994961299
0.116859265577092 0.0828291408955031 -0.0349574566560125 0.124597593050871
0.0624035298384921 0.154295173422261 -0.021127503221254 0.121514320046986
0.0225509439163902 0.149934472611661 0.00714536734501495 0.0341671594673379
0.0863477717717899 0.0926997959494869 0.0613360237447391 -0.0692111867306152
0.104986609938541 0.0147164567071236 -0.0320738167924064 -0.123501797984356
0.0611850984891196 -0.0613652201726187 -0.128811263007205 -0.0376640557804516
0.00477037890925051 -0.0845842515858718 -0.0904056871332836 0.0676157364083646
-0.0456866162290311 -0.0650397410870663 -0.0187686194138644 0.082443271814528
-0.0606236796619456 -0.0263717141761984 0.0205297873654971 0.0519352053975584
-0.0637881745158475 -0.0136455295972075 0.033825079735088 0.0152907228117495
-0.0614336365182403 -0.016399452341595 0.0400771377840166 -0.0199176097248201
-0.0702677400801733 -0.0544925975385696 0.0606462345502022 -0.036099975421693
-0.0299374765832818 -0.0998615330572811 0.089594890766211 -0.0214434580477602
0.0365722716293077 -0.102742213563729 0.0921997264449151 0.0340594763276237
0.134514708174977 -0.0426694426879123 0.0484979114710575 0.101798200639203
0.141918133048827 0.0882036994426623 -0.023697310306769 0.111743373314451
0.0720877500473076 0.174065148308853 -0.0269491416064242 0.0729901806500392
-0.00109688685215321 0.164660997357634 0.00563892244944907 -0.0248547640952297
0.0782653414738244 0.130092907480949 0.0633638052075622 -0.0895336094070953
0.124945062445707 0.0463370118989194 -0.0035411000771849 -0.141966326005871
0.0903757077600454 -0.0620573061209525 -0.103876813583653 -0.0764760656476819
0.016834472637661 -0.100363806599327 -0.0937092238131853 0.0190396737148395
-0.0480442929940634 -0.0810151313892547 -0.046394420580427 0.0516700745842497
-0.0701084680619243 -0.034324161034141 -0.0110797564347895 0.039898650630724
-0.0715307602412442 -0.0155829294792188 0.00692689084641909 0.00921860235781919
-0.0670242364957932 -0.0167263940836918 0.011441342140194 -0.0268445517236394
-0.0749441372112369 -0.0545720807673932 0.0327304845375066 -0.0534818341060767
-0.0366079162462537 -0.102174225815812 0.0729629195794434 -0.0540661751945262
0.0293143724403827 -0.110447241442319 0.0995228831431925 -0.00208527425267767
0.134027413979056 -0.0518222088666761 0.0639967479966282 0.0756394069538138
0.140096216345554 0.0844704255277166 -0.019020428935837 0.0952243372933334
0.0671279301239769 0.168912193321543 -0.0353149794476356 0.023820805840361
-0.0219687687127379 0.146877389496152 0.00955025743405741 -0.0877041084199752
0.0498893397838649 0.136778669239189 0.0645385903668415 -0.109163635835663
0.110374796963848 0.0676083336693443 0.0254802607040161 -0.146609691068653
0.0956937261225901 -0.0451519075800245 -0.0648808723807448 -0.103889901940502
0.0258377417342416 -0.092850421062755 -0.0844072177904427 -0.030594634774166
-0.0394108505822531 -0.0807047196832508 -0.0698314071475595 0.0160945350424063
-0.0664420072313008 -0.0369495475950536 -0.0421297371212008 0.0242392342787065
-0.0686778173222708 -0.0155530698623984 -0.0209379572321115 0.00120430694079951
-0.0633993770520159 -0.0170120646342495 -0.0160527871785952 -0.0325960396060985
-0.0674883946557433 -0.0502423972760431 0.00674618724467057 -0.064972307750629
-0.0328935348820583 -0.0929222858613172 0.0539594323370618 -0.0765822282769202
0.0284602556424532 -0.0999297587768059 0.09839014303099 -0.0273374095545201
0.119386773400217 -0.0411522353440203 0.069000062423631 0.0538267884025302
0.1142982079796 0.0818137994665153 -0.0184603094727102 0.0786023628615928
0.0457411619377012 0.145884827195156 -0.0414118393827178 -0.0208904384046324
-0.0334185437681732 0.100409513617325 0.0145312180580004 -0.141242249204036
0.0152244356358501 0.108201074189709 0.0641212208672766 -0.123008715350931
0.0719148738970879 0.0641179941308754 0.0448271567317817 -0.14065750945854
0.0742128187085368 -0.0230467171514235 -0.0277840712927639 -0.115882819260328
0.0242802033381955 -0.0662417181736725 -0.0707309632789394 -0.0676108479044528
-0.0252899585682985 -0.0630633413053525 -0.084325890387294 -0.013664814505232
-0.0514166402100302 -0.0317303456461106 -0.0674088422488243 0.00914935902790416
-0.0552409681198512 -0.0134707955344677 -0.0443527328779159 -0.00557607502872635
-0.052350476301173 -0.0157263332572562 -0.0385912410910066 -0.0385076150182044
-0.0527032928100505 -0.0427375652773226 -0.0124451738529231 -0.0741023234211614
-0.0210908524058474 -0.0752625704796558 0.0404857686258128 -0.0913791394450229
0.0315130935211629 -0.0773633628916812 0.0958097630213157 -0.0405851657712723
0.0969366084612008 -0.0174295066579993 0.0687072376661602 0.0403728460798181
0.0738093233913241 0.0772507437290355 -0.0170281242259606 0.0624727282696355
0.0136949443275588 0.108346562369184 -0.0401553047296248 -0.055348069978746
-0.0361069000971317 0.0362123800785867 0.0140316488684809 -0.173342318232326
-0.0140843922820197 0.05634772792572 0.0589792927560473 -0.127382671968282
0.0254968379385197 0.0408069505186615 0.0494805343462038 -0.13214847215957
0.0371148129634958 -0.00455831296601162 -0.00959039693566567 -0.118072472107944
0.0151164114579461 -0.0304047320535304 -0.0638076253741734 -0.0847421207758416
-0.0094483324073387 -0.0351143705887846 -0.0922776750636163 -0.0288810936360973
-0.0282327802760001 -0.0208724074277934 -0.0820540312348455 -0.000548725178187425
-0.0331819015833458 -0.0100740030386866 -0.0600214502936429 -0.0118949630894552
-0.0345908023446371 -0.0125798074512152 -0.0538786728706462 -0.0437191246078545
-0.0336007021308727 -0.0299367876891302 -0.0241958519322489 -0.0820752013991684
-0.00930534849876173 -0.0518271100178718 0.0346646078681734 -0.100560265226851
0.0327462032352749 -0.049698321300589 0.0964492197600266 -0.0448636545985446
0.0680214789780245 0.00674914796002211 0.0681289279028641 0.0345972511949524
0.0283345765942723 0.0660762270341273 -0.0149989389069191 0.0504201848490087
-0.0196140173473421 0.0602077250809679 -0.0299964428645214 -0.078151946738464
0.0369331570382978 -0.00608734663805091 0.0432510896211887 0.0915943724899012
-0.00182308726386622 -0.0303741384457954 0.0370048483928942 -0.0507983246777934
-0.0278582525518831 -0.0117258922437004 -0.0751114002534449 -0.0438962873440038
-0.0138390386180248 0.0182407008143418 -0.104868836027102 0.0493558460726713
0.00528648207234077 0.0146251249127427 -0.0275999729779139 0.121184985934021
0.00830891987829971 0.00739352598666151 0.0474046948466341 0.0911873191234354
0.00966419418981266 0.00361128120645398 0.0676680644839392 0.0404649841028533
0.00424525004858744 0.002877474003691 0.073036413256001 0.0084790688007905
0.000720831294815466 0.00513079561174056 0.0820085850078764 -0.00800501265866648
-0.00800430966356288 0.00503200262158991 0.0952670922368485 0.0108673857369297
-0.00792311685343461 -0.00524637179935136 0.0794252917847648 0.0604136673335486
-0.00268813873540209 -0.0113685402875725 0.0256157065121207 0.105838804751753
0.0160449275642789 -0.0223314676737552 -0.0182217595361925 0.128719064095813
0.0383348789636779 -0.00395786969134659 -0.0448357498789426 0.135963857380129
0.0436840316668672 0.0300222802150359 -0.00134514912011864 0.180835331494601
0.0521226009471174 0.0480330562324868 0.0312395221789174 0.0863424421398646
0.0364250540712856 -0.00611279997431233 0.0406352054759424 -0.0512638869372343
0.00979160864482165 -0.020617003490215 -0.0730555782632813 -0.0606841841830202
-0.0035001111275284 -0.011494492711134 -0.117521610077368 0.0393304469902698
-0.004781871593997 -0.0156858366749271 -0.0415925347367991 0.120095174340309
-0.014386475223163 -0.0109697804097126 0.0387691302051781 0.0972182727390971
-0.0158925220215326 -0.00150960666850181 0.0644177545095724 0.0461292573644546
-0.0215815532317388 -0.00109692916582942 0.069087246290587 0.0103163767532984
-0.024872169708649 -0.00183926117231786 0.0746490753185006 -0.0125473953135542
-0.0342632843288035 -0.0197610206768681 0.090589899595443 -0.00399515593537425
-0.013154317876731 -0.0451729078907414 0.0891006554667653 0.0384730883262095
0.0221358037178491 -0.0423318253857997 0.0473610822271544 0.0897555468317465
0.0659636145105389 -0.0195207929529532 0.00432431951691204 0.124441781672317
0.0787744878606757 0.0407674982214614 -0.02817087340643 0.131130674601443
0.0607579000086995 0.093038429906806 -0.000667868306335559 0.15917805370564
0.053549682772026 0.100983459778698 0.018126442621363 0.0629483652212927
0.0709196509992904 0.03203731796165 0.0443688410613236 -0.0595699384990162
0.0559234545038787 -0.0169162857411437 -0.0653341289119388 -0.0863786789461628
0.0186103143676762 -0.0418334316299524 -0.128922191989014 0.0177353453283526
-0.00919434176102943 -0.0493763816364482 -0.060540654833498 0.107379913905711
-0.0354076019559656 -0.0326300241258129 0.0190831477633636 0.0959608317129946
-0.040282597577948 -0.00872409671385431 0.0489358943285232 0.0494891227173481
-0.0443771621691023 -0.00300842259531732 0.0556717692927724 0.0105732931725056
-0.0463697765869604 -0.00685523094777936 0.0578029279564451 -0.018184246374441
-0.0574509794587111 -0.035628407065719 0.0744289604145763 -0.0236447304548626
-0.0269163864212364 -0.0736426935063147 0.0900014744405149 0.00529313303680592
0.0285720574117322 -0.0766322350587789 0.0733168971693042 0.0595977171642737
0.103467729501742 -0.03625102492314 0.0333200831154833 0.11073712344882
0.118357066189702 0.06216387568108 -0.0120948213097476 0.121975054328136
0.0790742447003323 0.134954729536631 -0.00455715915237823 0.122474142747732
0.0413036002237362 0.142205758737759 0.00631997921169609 0.0200562267303391
0.0909268198241732 0.0769453154959757 0.046577777245629 -0.0754098611445831
0.099557010148123 0.000824000829404163 -0.049801260257785 -0.115367243577707
0.050303519924397 -0.0638511537460121 -0.129489036864514 -0.018387725596365
-0.00572724037992897 -0.0797023905617538 -0.0789922489372899 0.0774146000957453
-0.0498330187935282 -0.0548101543235793 -0.00870724409341095 0.0827484942808962
-0.0595873387504897 -0.0175141418252776 0.0241417826855401 0.0480595561675522
-0.0607477618312623 -0.00497334766770527 0.0331067976613403 0.0101050116372003
-0.0596241570982225 -0.0084757958399646 0.0334905474294356 -0.0228881850230172
-0.0722457504931334 -0.0414798105651008 0.0496624431629371 -0.0418209444650863
-0.0413509572004393 -0.0891626081010264 0.0791672244846219 -0.0309449185725767
0.0218020906566386 -0.100216702033055 0.0892510526762953 0.0202524587312984
0.119468189456916 -0.0583066777461365 0.0584556399936265 0.0869334719533349
0.142163920333799 0.0642879775285314 -0.00108132036969445 0.108433331035254
0.0895324710515965 0.151915003739949 -0.0152635841893185 0.0782307135957787
0.0202685917917646 0.158963245928341 0.000358545622548426 -0.0371151011191027
0.0879088875055553 0.113800547775522 0.0463216875502332 -0.0959305020348863
0.122072546010303 0.0287679511725128 -0.0252662557994674 -0.137510947448629
0.0777200961343761 -0.0671796498459087 -0.111526571772885 -0.059013722601906
0.00389667094289056 -0.0962146971475847 -0.08908947636842 0.0316173447868524
-0.0537103025415437 -0.0699325324097166 -0.0395865526350105 0.0575938426912094
-0.0687097679595528 -0.024043261867615 -0.00748106528026656 0.0410098291714398
-0.0686259694323166 -0.00581364394810553 0.00668415663735939 0.00763866260488828
-0.064481568184672 -0.00888764202286636 0.00589434223472752 -0.0256169291050131
-0.0757571105549073 -0.041586264608766 0.0214472529837594 -0.054290509551449
-0.0478254694528421 -0.0901076455782366 0.0592559509598916 -0.0595697145426254
0.0141660703839734 -0.10627308282053 0.0911752533894695 -0.0146355800616046
0.11733249579766 -0.0658148493317457 0.0702689258859144 0.060452014022966
0.140553429662734 0.0610445197670247 0.000586036053117576 0.0922707483247939
0.0838762847757701 0.147987741265444 -0.030076585394812 0.0319896928746961
-0.00226762929004343 0.144125721011471 -0.00201503374005238 -0.0964920869635366
0.0610616615176477 0.123219374843964 0.0466883654227745 -0.11442873317918
0.110702486096029 0.050286799573735 0.00231613637876312 -0.146483346268323
0.0843568407786565 -0.0521187801437692 -0.0779942900054494 -0.0910854265694293
0.0131913495441555 -0.0900367061031357 -0.0871457444211173 -0.0170212846825155
-0.0462279407288948 -0.0705992001075803 -0.0657585844799611 0.0265259133441857
-0.0661065532446142 -0.027032270887647 -0.0390646895253694 0.030358634991033
-0.0655108043774289 -0.00632942855932643 -0.0199046601211944 0.00396164475231063
-0.0611787105540865 -0.00855254063394104 -0.0207613582865771 -0.0283695573375226
-0.0684458051148704 -0.0381429277221805 -0.003699150598277 -0.0621481247009926
-0.0425469361458019 -0.0820866726304341 0.0400527862450121 -0.0787601259984797
0.014355712823284 -0.0959533287581813 0.0876738838534283 -0.0385118845741682
0.105063790628257 -0.0545693177136855 0.0723787594693113 0.0405160284765238
0.116254712493961 0.0613091401590269 -0.00130082375268954 0.0765877003557017
0.0608530594778416 0.129032654827899 -0.0408370853456542 -0.0101088859524733
-0.0194499341176152 0.100315106884875 -0.0011245286824408 -0.143452320639337
0.0257563019909165 0.0994823563223066 0.0463948209394267 -0.126338366373592
0.0742002302171991 0.0516748345964186 0.0234843756541882 -0.142424074673041
0.0668701735691521 -0.0292949697260547 -0.043790652288959 -0.108209237773455
0.015091750984857 -0.0651953336893281 -0.0784656744721741 -0.0539743245374108
-0.0313655363855164 -0.0558725280839435 -0.08305994277713 -0.000467643221119515
-0.0515075733795389 -0.0235198398478904 -0.0643575619034972 0.0187782625415014
-0.052551663406245 -0.00597919732163569 -0.0420047156636182 -7.48518493833526E-05
-0.0503582444238348 -0.00815134840763365 -0.0423458625630833 -0.0304286152807991
-0.0538087647188246 -0.0320443214714833 -0.0225567558797763 -0.0682887508869752
-0.0296939720712926 -0.066964464133587 0.0260524340813404 -0.0912168431972516
0.0193750964176249 -0.0754320047045265 0.0842305350279651 -0.0511711117215311
0.0869532215315066 -0.0296025358933073 0.0709891396331807 0.0286406104459472
0.0779931793048906 0.0622737627070466 -0.00372290805591916 0.0629094890744363
0.0258339117710086 0.098521215208613 -0.0440951163975701 -0.044295215075786
-0.0312635624940826 0.0389473390938161 -0.00413922262868361 -0.168906835585367
-0.00739142517671168 0.0538454836551498 0.042055707619342 -0.128301138914548
0.0280642981544019 0.0350760815260917 0.0304542284654108 -0.133605651588452
0.0338443058153334 -0.00814481114807423 -0.024680513933905 -0.112122029844548
0.0110058277999236 -0.0303058058251307 -0.0729700683300103 -0.0720068064836273
-0.0128791838778172 -0.0318287317807174 -0.0920689250169285 -0.0149015904302239
-0.028749113305434 -0.0158908713364437 -0.0792576371846651 0.0104637864452708
-0.0319103654336002 -0.0050875784409023 -0.0570675350511573 -0.00397833934489304
-0.0341113366735816 -0.0074116423665242 -0.0559138572455503 -0.0345412186515187
-0.0348591469318234 -0.0230609370942452 -0.032977425173255 -0.0740027096589932
-0.0158214846039329 -0.0465092089551977 0.0199075690436923 -0.0990881159529574
0.023339662496394 -0.0502297688533141 0.0855155932577442 -0.0554217453289845
0.0630069979326546 -0.0032141053934972 0.0703285185248781 0.0243379794153744
0.0352492438877027 0.0573908957789123 -0.00470746946883433 0.0518809566588891
-0.0107805567491098 0.0582344482195551 -0.0387728687647698 -0.0687717533786942
0.0353183910355793 -0.00578524905073995 0.0401183120006863 0.0871948272368301
-0.00141167066109664 -0.0288553103892616 0.0352416050835684 -0.0471657422955874
-0.0266232930479868 -0.0116419095315793 -0.0707768299907563 -0.0427473499573279
-0.0137506439657499 0.0176275013372296 -0.100255215073342 0.0450764986230332
0.00515497164818424 0.0136415521846977 -0.0271891811457331 0.114320356547844
0.00740842813475752 0.00707790278367086 0.0435500011535057 0.0867654780281425
0.00832279077564787 0.00319214878577891 0.0623366957869181 0.0395994713842974
0.00371910876086402 0.0022481285702855 0.068312695476741 0.00853584209509179
0.000850297106243042 0.00420569565690227 0.0767340538180323 -0.00717095133236149
-0.0075203701616024 0.00403803777473407 0.0899880512794475 0.0104523152818734
-0.00763856768346913 -0.0055354319827159 0.0753007905703919 0.0582513307017561
-0.00200478848003178 -0.0104198381534309 0.0230259871385944 0.102310693197829
0.0151187303631722 -0.0209126946965565 -0.0194327953789087 0.12154894653683
0.0361133603251099 -0.00348207569837241 -0.0456835541008113 0.127492699241723
0.041155669351553 0.0291467651278553 -0.00439657612482453 0.171323447547146
0.0492970623839091 0.0458197525129215 0.028882874345399 0.0831792421169525
0.0349242564356354 -0.00542391288941495 0.0384016553782316 -0.0471818432329347
0.00931953474908238 -0.0194025496470682 -0.0683578236519211 -0.0588159392443056
-0.00333404676255472 -0.0108712714601642 -0.111791649502852 0.035895978576572
-0.00415848593302497 -0.0150456032494298 -0.0408260280493995 0.113291132204426
-0.0138278950386359 -0.010507775719726 0.0352317426555421 0.0918481406252012
-0.0151654045209533 -0.00139066174081548 0.0597592646264033 0.0436654694335305
-0.0204241914412854 -0.000881153185007397 0.0650451539173205 0.00986266659293414
-0.0239553950962333 -0.0026705148974467 0.0700375582834667 -0.0116684462710856
-0.0327921829403761 -0.0195273407385782 0.0857901527618979 -0.00392644684162578
-0.0124610224308096 -0.0424211973517834 0.0841869431724686 0.0374699267204431
0.0214991500095268 -0.0403494997488681 0.0445480442649593 0.0867578830485623
0.0625310862497243 -0.0175321460901512 0.00279217091707421 0.118386022652569
0.0745525067483021 0.0395537684391492 -0.0300908276167772 0.12363651303464
0.0567861166956517 0.088838683492931 -0.00332899086159771 0.150605684854025
0.0502564138704188 0.0963111518890807 0.0165985999752239 0.0603374621464595
0.0660219201211132 0.0308778972359297 0.0420991684706097 -0.0554830770962595
0.0529638093956081 -0.0156096252165125 -0.0610123771835852 -0.0833195513720673
0.0177596291832486 -0.0390819606212256 -0.122269207513032 0.0139286626306248
-0.00837228121021855 -0.0461804069155121 -0.0585131527699866 0.100928107836025
-0.0336818202914181 -0.0312233265912224 0.0170236554216458 0.0904719788781587
-0.0379463397453811 -0.00851677110513029 0.0459866012699042 0.0469059521092222
-0.0417672743210783 -0.00308984600656786 0.0519843262576183 0.0106814778764731
-0.0438793445123088 -0.00702482328121524 0.0538103751477156 -0.0169727660902892
-0.0543129888700193 -0.0339153970845833 0.0702933119217768 -0.0225409802286225
-0.0257546054751722 -0.0704372899559535 0.0858831117049767 0.00486316643207221
0.0278514162401685 -0.0719143631721677 0.0686226347425144 0.0577805439835537
0.097863822657713 -0.0329227992346681 0.0306983933195953 0.106377929672715
0.111713582790794 0.0598876573855402 -0.0142005791830557 0.115213474084783
0.0735221066616537 0.129079356576542 -0.00648973728581311 0.116408447131683
0.0388888391165462 0.135113252211545 0.00631132756023381 0.0190623931887347
0.085225296168515 0.0741206983970277 0.045121244387519 -0.0699097322480702
0.0936798812779792 0.00169676952506091 -0.045414392298677 -0.110848101081791
0.0480262727121943 -0.0597609644361563 -0.121687953000956 -0.0198929463606291
-0.00522973246906757 -0.0755672174411019 -0.0758625951451883 0.0717342847677834
-0.0472379007439561 -0.0521983667252404 -0.00972632604544559 0.0784001849953809
-0.0561511004221486 -0.0167589968398462 0.0220766639361704 0.0456256905994419
-0.0569882722512912 -0.00507887948268342 0.0314615840510785 0.00925927325374741
-0.0563025213726203 -0.00887723453773424 0.0308957256260237 -0.0212162222125091
-0.0681548292156604 -0.0396291236018024 0.0471806281609411 -0.0395506617929971
-0.0391432796601479 -0.0849189644832781 0.0757111609906728 -0.0298469505528888
0.0218537005621283 -0.09439810546033 0.0842704211544329 0.0212693591140802
0.1132666833308 -0.0543332845856381 0.0543977656641217 0.0845998505209474
0.134541056689622 0.0624348754272216 -0.00341247498938337 0.103426023854484
0.083578565138459 0.145955077683035 -0.0158992112426824 0.0738141705888854
0.0179643216656204 0.151036711610632 0.000741084930169425 -0.0343594873015968
0.0815708266975414 0.108348253545164 0.0456914082743002 -0.0890673384272728
0.115172879056889 0.028081907142631 -0.0217501724193386 -0.131818290126147
0.0737290836469458 -0.0629479684926517 -0.10399952340399 -0.0581032655835253
0.0036348066155656 -0.0904471309556185 -0.0848933400914038 0.0284622017260877
-0.0505882719897886 -0.0662597826961961 -0.0382137957057612 0.0544126983403443
-0.0651686808680094 -0.0231894635155026 -0.00701226930890221 0.0389108110946385
-0.0643090809594556 -0.00605358357633629 0.00631792519391763 0.00713113211329758
-0.0610024979284558 -0.0089336848303896 0.00523179025255835 -0.0241578465787986
-0.0714415793281977 -0.0394726348161085 0.0203707717579356 -0.051676224611065
-0.0454027733575726 -0.0857550377164115 0.0569032598004467 -0.0571735416823663
0.0141340032329261 -0.100755035468978 0.0868253747364789 -0.012464043893114
0.111569257254571 -0.0619565470784136 0.0656605196505321 0.0596258510062792
0.13292665687612 0.059267513024149 -0.000590731051243835 0.0882754803708177
0.0783108288006397 0.142604925215525 -0.0281913661127632 0.0300948816465199
-0.00407124189699011 0.136482228866046 0.000140991630177764 -0.0905501488985115
0.0569305997257211 0.117358822912874 0.0460436160840368 -0.107142232296452
0.104396698793211 0.0488875003733045 0.00461508612380837 -0.139745756568849
0.0804621990066176 -0.0484639265262538 -0.0716374859786217 -0.0881834318773103
0.0124910951872171 -0.0851834435136181 -0.0830636677723541 -0.0176472606396958
-0.0436565347234406 -0.066916440264561 -0.0630055929162401 0.0250693759291318
-0.062359087402062 -0.0254941899041748 -0.0366975305966774 0.0285238269015018
-0.0617789314196563 -0.00639657012244297 -0.0187260106836315 0.00350746224431149
-0.0577777220293405 -0.00887061910678318 -0.0189996740764959 -0.0267174546307845
-0.0644291465193853 -0.036496752902 -0.00309066394493933 -0.0593620376615505
-0.039715476565135 -0.077830760156504 0.0387769350809565 -0.0751086825802603
0.0141296933624224 -0.090357967187667 0.0832615387285468 -0.0351315431392939
0.0994986671009169 -0.0506466110211582 0.067670335500065 0.04087373498263
0.109690054931848 0.0588596167656266 -0.00218037352589331 0.0739469734094411
0.0565519644945405 0.12340747288745 -0.0389511777162736 -0.00969485625547569
-0.0200698736855004 0.095002469325023 0.00107805386052901 -0.135839412560733
0.0237940751245493 0.0950545991568193 0.0457307217139628 -0.118250949594928
0.0692421376153811 0.0497304557091991 0.0241668230853477 -0.135288014745114
0.0633643249987781 -0.0268937381781955 -0.0394663555741931 -0.103885841164366
0.0147180676225224 -0.0612620460949957 -0.074850975471478 -0.0531408295358415
-0.02920623888795 -0.0528694047143342 -0.0791954421433554 -0.000616044157685474
-0.0486434278732737 -0.0220159133225331 -0.060223399232095 0.0176901794018967
-0.0493196801369019 -0.00577599614366759 -0.0396559357622437 -0.000532477192917318
-0.0471529687225575 -0.00792467502287668 -0.0390152355726082 -0.0296769210384891
-0.0508924548544725 -0.0308494237700695 -0.0205266189901879 -0.0651557260782427
-0.027755407052339 -0.0638388032698601 0.0251991913746971 -0.0869669459919241
0.018683695330377 -0.070909324504539 0.0800985413956133 -0.0473795520687086
0.081892530211788 -0.027653448685483 0.0670917832506304 0.0294043492306055
0.073533818543582 0.0594925675981621 -0.00408183993229321 0.0601393216124901
0.0237065921635337 0.0937161720027618 -0.0414180578673528 -0.0424993232121197
-0.0303136360349549 0.0356805608044354 -0.00132801854482063 -0.159723015215683
-0.00736732225929876 0.0508468311809138 0.0424256330023937 -0.120760972790201
0.0257197993485257 0.032783740246053 0.0315561295443514 -0.126190296675397
0.0318563534646103 -0.0067893544828679 -0.0208190975190143 -0.107717818952687
0.0102899451612909 -0.0288585107446494 -0.0691302949106289 -0.069789360766772
-0.0118115261040054 -0.030047838192204 -0.0872998077034582 -0.0151017949313113
-0.0264486071157309 -0.0152679124915533 -0.0741371341157267 0.0098683146032739
-0.0297921228968232 -0.00478939153812942 -0.0540858967906183 -0.00493401596723929
-0.0318580182870836 -0.00710574270351433 -0.0529337441665602 -0.032909295768582
-0.0326707834692126 -0.0214709085710565 -0.0307488244361385 -0.0711014769206876
-0.014356141264031 -0.0441695873103026 0.0199749098207105 -0.0942203214093303
0.0221992155523353 -0.0467371988287062 0.0812027669658479 -0.0510835362611586
0.05987453093712 -0.00234873537929077 0.0658950235573169 0.025483473682084
0.0326379975583682 0.0546741439905515 -0.00483752557053664 0.0496599810260449
-0.0110013046196733 0.0548980316129989 -0.0358822745782009 -0.0649966864802462
0.0350284539238287 -0.00425061796872367 0.036039009601628 0.0866344756893007
-0.000247767706881875 -0.0282674437033231 0.0361202479233739 -0.0437932459240013
-0.0255926271818207 -0.0122349319527256 -0.0665621659264352 -0.0445745335095463
-0.0140513172218094 0.016924107925698 -0.100302758751812 0.0400056856620305
0.00446046241303986 0.0134908482309707 -0.0307425199773021 0.1097645660356
0.00697025729092806 0.00679416447451098 0.0390962206930737 0.0856803245061124
0.00839013744817244 0.00364987140741014 0.0579788072767993 0.0409612019177696
0.00338202763878319 0.00226723480433779 0.0658931935133253 0.0104799636038501
1.43661475563073E-05 0.00406449030836633 0.0738604208315166 -0.00404512647779575
-0.00753820173723762 0.00344270811333974 0.0868281471904329 0.0126674454680999
-0.00725380151872551 -0.00565063645205017 0.0714207624047287 0.0597943008851733
-0.00145732969317779 -0.010408882054024 0.0185076666212371 0.101359280463178
0.0151937089174575 -0.0193832311852985 -0.0237879400868419 0.117921563430273
0.0349303869385905 -0.00218878420149311 -0.0516048576294559 0.122587779126217
0.0394843951011364 0.0301219605882059 -0.0110995918626943 0.166517766628465
0.0469310521849835 0.0460132988765566 0.0253230818421183 0.0823833207120323
0.0338297832517287 -0.00404502075496939 0.0398981438096126 -0.0439533826425706
0.0094499661516082 -0.0185367694360298 -0.0639806880821156 -0.0601762208455367
-0.00278505019076889 -0.00971857596848613 -0.110453829334015 0.0297192945816307
-0.00330634391363668 -0.0140500049940454 -0.0429813790349404 0.10843224623573
-0.0134201388740307 -0.010330229200088 0.0306733313088097 0.0907276533995898
-0.0147500369290057 -0.0018924656462713 0.0556376787567701 0.0448028708752765
-0.0200203450477044 -0.00134188795351405 0.0624546784061034 0.0113438529060906
-0.0231834721663969 -0.0033748203585428 0.0677093952826656 -0.00915739094760539
-0.030969628875892 -0.0200649623980084 0.0828004009447958 -0.00127819735520173
-0.0113861158300137 -0.0416628651691008 0.0810868599777925 0.039122393121295
0.0228220710198496 -0.0381576658701296 0.039722947438767 0.0875023855733096
0.0612450419678045 -0.0144026503836722 -0.0026610027209792 0.115689377826367
0.0709405628944206 0.0413423873111525 -0.0355730095614293 0.119404957368189
0.0526209679038464 0.0888612180699246 -0.00973335869586042 0.146906517936429
0.0462089945066238 0.095235349685474 0.0145525503922366 0.0601719404580658
0.0637021151612878 0.0329438769412721 0.0433356741740393 -0.0513046887818835
0.0516346211059548 -0.0131441533919653 -0.056037391539556 -0.0844134353709537
0.0189167084200324 -0.036907234052766 -0.119473191040908 0.00785350053082808
-0.00702948496329291 -0.0453412719676 -0.0603572300669236 0.0958958849892643
-0.0315147324478651 -0.0311228403478584 0.0134549220485174 0.0886835985957249
-0.0369462013839195 -0.00932825303634642 0.0422426329622176 0.0471284294001781
-0.0407937390423996 -0.00481933522704609 0.0500415884547327 0.0113721733925783
-0.0421408140269311 -0.00875499823824536 0.0521050769197277 -0.0148233183956357
-0.0519233807981496 -0.0344732862481363 0.0683066320742926 -0.0199466759244142
-0.0233549272513918 -0.0690879726718274 0.0837598376593093 0.00669560997466429
0.0297671548576422 -0.069364682045567 0.0645792141751426 0.0602949079646804
0.0959869943695779 -0.0286159204765272 0.0257316448187027 0.105735989326717
0.107218433204948 0.0628305723713433 -0.0195658585500004 0.112189746387481
0.0672409263309039 0.12869136277419 -0.0110375891139339 0.1129600813272
0.0327470252359551 0.133023651820131 0.00575344124391536 0.0207003434130857
0.0795740760927614 0.0752232887673446 0.0463870583061694 -0.0650942736078994
0.0908356598161793 0.00485457350751369 -0.0398068187493867 -0.11042364459338
0.0483942392849071 -0.0562622409993906 -0.117552452850879 -0.0250114023380416
-0.00285771386056199 -0.0732660007673282 -0.0764050729507231 0.0668081817329955
-0.0443850322402502 -0.0522447588694444 -0.0118132624815565 0.0761324815587774
-0.0538073319181362 -0.0184037492984469 0.0198835920804584 0.0450529579552663
-0.0554825747330115 -0.00688455460662422 0.0297789592792787 0.00997724689733788
-0.0547584514190856 -0.0112475702467517 0.030054969108035 -0.0201727590487485
-0.0653221774804974 -0.0406036990473399 0.0466795271981773 -0.0374308696244883
-0.0361325391960407 -0.0833797758468654 0.0749788980821021 -0.0272516483349595
0.0238421164952841 -0.0908555797124211 0.0813832311929579 0.0245749771869566
0.111762283055568 -0.0490706870424401 0.0493604539550179 0.0856000643236686
0.129493197091133 0.065513647318408 -0.00850448803611185 0.101494953306261
0.0766986523674985 0.145166893225144 -0.0182681194449612 0.0722188993876407
0.0119692622116089 0.147630109599534 0.00234436863331148 -0.0331634497920641
0.0754746624038544 0.108939201692276 0.0481645690053803 -0.0837236974163834
0.110389652752531 0.0318885305466363 -0.0157595925455811 -0.13036319643831
0.0740698324296281 -0.0587088769199359 -0.098408990174017 -0.0626680152152251
0.00641341527984233 -0.0878952573196569 -0.0844147884487344 0.0236675413687726
-0.0473898456526007 -0.0658565611024675 -0.0386279169965819 0.0523579407472543
-0.0617786872536208 -0.0244877360479806 -0.00764594458691347 0.0376212788929545
-0.0621432317041864 -0.00760605825133245 0.00591679115669531 0.00671117696178444
-0.0592455583942461 -0.0111096631479256 0.00566752705229766 -0.0236512439193284
-0.068579518006558 -0.0410224989489216 0.0214461626900241 -0.0500885000969057
-0.0419773970239037 -0.0847622243983204 0.05749388660032 -0.0547386953891231
0.0166119372224668 -0.0971382158492407 0.0852008788270284 -0.00836659801780714
0.109779981925025 -0.056793191604108 0.062118833671231 0.0624995872637135
0.127768811606237 0.0616971697152494 -0.00511707965232648 0.0871538587917152
0.0717667031383344 0.142163339141824 -0.0287789912310287 0.029414629618079
-0.00918308553630916 0.133091805841306 0.00359576656339575 -0.0881041462553578
0.0504916273538811 0.116425310058825 0.0490572273521091 -0.101384507140492
0.0995069306370927 0.0509798790070914 0.00996895675702603 -0.136072325165389
0.0803407237946189 -0.0446513201421838 -0.0660030600149464 -0.0903253395757443
0.0146233294076172 -0.0820062225766413 -0.0810920784197687 -0.0214977957397817
-0.0403468725513651 -0.0663245306684097 -0.0621569500323807 0.0228691742140065
-0.0598780930538403 -0.0267190548961109 -0.0362230240956875 0.0262490344304888
-0.058893482245341 -0.00825773061197904 -0.0186116080903484 0.00284477070436842
-0.0558258281724744 -0.0108462597304641 -0.018604073278198 -0.0268367829263479
-0.0613112239789867 -0.0376693936028102 -0.00102763774975315 -0.0578424679806284
-0.0369225636798323 -0.0772134592552747 0.0402590055985317 -0.0727407280441906
0.0164159200836238 -0.0868607901381699 0.0822020410275465 -0.0303179996355224
0.0976847803687832 -0.0460582520850436 0.0652704920250943 0.0435425831407894
0.105212261267035 0.060735254069634 -0.00546642584229703 0.0732686076259906
0.0509405643080043 0.122712172972188 -0.0369481018588869 -0.0105655577410434
-0.0231974637874826 0.0916971088021587 0.00648898643160997 -0.132098399292253
0.0189016132234416 0.0934515352902367 0.0501634527049615 -0.112724992065572
0.065253450296614 0.0507272068668478 0.029289828074249 -0.131337503359743
0.0624767756164389 -0.0238116772667149 -0.0333960653287045 -0.104475892799188
0.0160075461902778 -0.0590635432932893 -0.071394868411951 -0.0557149765387223
-0.0271099660895182 -0.0528961932306564 -0.0770895739256486 -0.00275466416968408
-0.046016411455658 -0.0231626742183852 -0.0587656879375365 0.0154344387457855
-0.0472484549217419 -0.0073752617971089 -0.0388040291989332 -0.00206325960118482
-0.0458204298288578 -0.00970693970653206 -0.0368696545549566 -0.0302136470314967
-0.0479196377352498 -0.0312243418912691 -0.0182458905547973 -0.0643722414911886
-0.025331937613816 -0.0627440250170486 0.027866113379516 -0.0842610159969746
0.0209136210212868 -0.0676360202796114 0.0800350721198705 -0.0430427409399344
0.0802377779342643 -0.0237715862869753 0.0642221674128306 0.0323523546723529
0.0698125382106476 0.0603497317526626 -0.00661684934294467 0.0589182776555177
0.0199311166224547 0.0921937157109226 -0.0389494161993618 -0.0424898765363702
-0.0305712781972768 0.0342301061322643 0.00588894220354277 -0.155961835539295
-0.00931360035815869 0.0492617986640788 0.0466425202509486 -0.115315478400641
0.0237225195444544 0.0329733892731629 0.036161437815869 -0.122033089551379
0.0312496750964961 -0.00532393341659939 -0.0161257378574478 -0.106743459105273
0.0107968914890347 -0.0273037127058746 -0.0655935303867565 -0.0710916852640861
-0.010519930809778 -0.0297198198095739 -0.084681103520044 -0.0171779895138371
-0.0260465246670443 -0.0153773186312469 -0.0725527473280954 0.00749478001532909
-0.0285558801408616 -0.0056447086670178 -0.0524751750756817 -0.00570149872187798
-0.030612091978292 -0.00740780705540188 -0.0498378220340292 -0.0340028092849647
-0.0305753400332994 -0.022350696664815 -0.0271384795604892 -0.0698499280712679
-0.0127784939415725 -0.0435077494870417 0.0222024709075252 -0.0915571350894849
0.0233921539263747 -0.0446198132080204 0.0807880666721328 -0.0461915846195409
0.0576312910824763 0.000308220497495043 0.0632447724720993 0.027850221049561
0.0301235822667958 0.0542444386812144 -0.00632457880590705 0.048991752105682
-0.0126419639832733 0.0529738680649393 -0.0324543016971799 -0.0644315416594614
0.0357250487099392 -0.00360633916757972 0.0330363763392059 0.0890186914061545
0.00115259836309463 -0.0284239571447961 0.0386524600158758 -0.0424991159813044
-0.0255112606376369 -0.0127319694275995 -0.0657272793696873 -0.0483712127460833
-0.0144716696182009 0.0169706634276444 -0.103649682900422 0.0356140773424664
0.00446992941006261 0.0131765391029658 -0.0352695877246428 0.110207333216533
0.006578306086205 0.00701966348270431 0.0362025008152344 0.0886012146098703
0.00857464246354418 0.00421532847101162 0.056507750581565 0.0443740960092369
0.00307767544215644 0.00200307296455345 0.0651145956777916 0.0130144243439078
-0.000232109484088705 0.00404082294357899 0.074817426264521 -0.00187276844766168
-0.00773428292116864 0.00296263340700852 0.0866968407554662 0.0153836250781002
-0.00701628294869609 -0.00614450756541043 0.0702321895650253 0.0631011667258094
-0.000496133362696646 -0.0108695270560259 0.0146554816815818 0.104347583618751
0.0160312310587247 -0.0187670130589967 -0.0289950291718969 0.11785452049589
0.0355083512243091 -0.000818358078900415 -0.0579800618105974 0.121186841620077
0.0386373561129749 0.0314177490051383 -0.0187396785552785 0.167726211342653
0.0460162354742948 0.0484333771397011 0.0225131952169692 0.0846252415728671
0.0345464981986855 -0.00291815528617375 0.0423202355058629 -0.0420925083893278
0.00982503664344567 -0.0181764662698724 -0.0620589531930144 -0.0641477648414689
-0.00261875841173928 -0.0098573327004847 -0.113258224507369 0.0248051482434754
-0.0028250333399576 -0.0146093496938816 -0.04779452989172 0.108155193205785
-0.013111253890435 -0.0107878764983516 0.0273767833991765 0.0929437563444391
-0.014676838570999 -0.00188078554185407 0.053273034347576 0.0473591947219088
-0.0200221070250252 -0.0020805713351371 0.062137028279447 0.0138422341839981
-0.0236731956083573 -0.00507819748964075 0.0680033506914578 -0.00721768347329361
-0.0304490260363065 -0.0210412466104761 0.0834463299090681 0.000885107189076615
-0.0101235945151762 -0.0423809028718658 0.0807642303976771 0.0425588520375026
0.0248105170920309 -0.0377254492878788 0.0369082219836721 0.0909351340725596
0.0619357732542224 -0.0123100121151908 -0.0080514299932361 0.117265447176218
0.07007373721543 0.0445146512613628 -0.0427820983347652 0.119308002902473
0.0494958099251686 0.0922903424251598 -0.015611167460331 0.148001297291522
0.0432252053794158 0.0981314541767354 0.0118926734483003 0.0621298378004827
0.0626442078842665 0.035427663180715 0.0466402090534493 -0.0497880699672965
0.0520626902526919 -0.0116657131890308 -0.0531119811089346 -0.0881624050122131
0.0203177581119691 -0.0363657910120442 -0.121056005992878 0.00201141147568832
-0.00566560717058646 -0.0456300799200672 -0.0649483535868028 0.0942732298784701
-0.030903918968978 -0.0325162419463396 0.00949798041136443 0.0900645441320389
-0.0368294429429736 -0.0110404280795227 0.0407533140906485 0.0493342820233861
-0.0406158818146801 -0.0059070610655395 0.0498353127395443 0.0129038027742354
-0.0425132352393094 -0.0108404391597142 0.0522344746045897 -0.0133668820681726
-0.0514841604393203 -0.0368073769670765 0.0696840660376243 -0.0185444103948644
-0.0217264596757783 -0.0702849104094733 0.0843543983607084 0.00958071942437904
0.0324443702642396 -0.0683496023675478 0.0629214628680182 0.0648643910054746
0.09772958399346 -0.0252759239349715 0.0211893081423958 0.108290611940028
0.105702758376553 0.0675732105991399 -0.0253494225652521 0.113209110641771
0.0635708228856567 0.133405609727602 -0.0164541708226358 0.114549917449909
0.0281789572010006 0.135917039092454 0.00550231325850787 0.0220932418471669
0.0776545470629147 0.0793316982380879 0.0500288498352346 -0.0624274457357586
0.0911328522310228 0.0084618437268253 -0.0356674396649544 -0.113995098632827
0.0508041824474766 -0.0547520450380225 -0.118208332351226 -0.0314898085174823
-0.000180372066590032 -0.0739175056368465 -0.0805916465431532 0.0639211439625458
-0.0430774227949246 -0.0536883065100724 -0.0150205247449828 0.0764072985713593
-0.0539309830432676 -0.0200066665559272 0.0181941569951409 0.0457732475617597
-0.0555966508975393 -0.00841125763437925 0.0293636795386497 0.0108443813234247
-0.0543674323771968 -0.0132971195654024 0.0305613409029592 -0.0190258071882962
-0.0645350622559252 -0.043296100067577 0.0486000773370117 -0.0372085804248259
-0.0342744915244246 -0.0856258474089669 0.0766723861285151 -0.0258992884074298
0.0274447478784328 -0.0912913509036859 0.0810410415105604 0.0291035961883855
0.114756483795934 -0.0446531861611808 0.0461375136518609 0.0900784480619859
0.128718627177053 0.0712116933878638 -0.013736797437049 0.102892450829859
0.0724785772177177 0.151054501548525 -0.021702341924061 0.0721001652746191
0.0060761605147413 0.149350964996359 0.00393528310405739 -0.0318881857787095
0.0715015442830175 0.113243957918846 0.0518921817669166 -0.0815331800596701
0.110356371407633 0.0356955098014712 -0.0106870365594525 -0.133038195811573
0.0766791459559079 -0.0563814314956732 -0.0971329998082175 -0.0683494337566446
0.0093206920759084 -0.0884467921739697 -0.0869945562011596 0.0196928757940185
-0.0456633661124196 -0.0679924470633038 -0.0415113815437719 0.0514635473266803
-0.0621865558481232 -0.0265842916595759 -0.00896979232486312 0.0375701790803782
-0.0619882943905851 -0.00980101206196305 0.00578987947574518 0.00694187851337897
-0.0588347336947527 -0.013738661755516 0.00595611997627331 -0.023525428494966
-0.0679323285364393 -0.0435860142712371 0.0232695894066188 -0.0502847346903959
-0.0399220966653536 -0.087751746946126 0.0600034271410436 -0.0547247227684529
0.0206823190124698 -0.0966764536965834 0.085773375492935 -0.00433525323868831
0.112643948159092 -0.0531455837811695 0.0598798155782424 0.0672950364733245
0.127642725325172 0.0676666972288819 -0.00855620419312894 0.0890318723237925
0.0673388892136716 0.146680198308407 -0.0301642550590497 0.0287434822750268
-0.0148611781136275 0.133577249328354 0.00796807722372043 -0.087684516117934
0.046361662289671 0.120390438744483 0.0549087651653628 -0.0993432439387191
0.098212196699118 0.055534461318013 0.0160400866517004 -0.138822699906067
0.0820741327376647 -0.0420879874032241 -0.0624161983513411 -0.0955149839230747
0.0177980192803706 -0.0821610953592935 -0.0825050371228275 -0.025856500729202
-0.0385914326174268 -0.0684355988562355 -0.0638074842992743 0.0208864109491157
-0.0592362135425287 -0.0286973543454129 -0.0372495770447612 0.0252674417526855
-0.0588376474055317 -0.0101596907838861 -0.0187811082233994 0.00178289884260781
-0.0560327150911059 -0.01274212433818 -0.017763030690858 -0.027700521172787
-0.0609137529269997 -0.0401676251630118 0.000874207135635612 -0.0590886518147582
-0.0349425691687534 -0.0789442318319008 0.0422093058335204 -0.0732573893864859
0.0199252889140618 -0.0868668841994198 0.0843280985897954 -0.0269298355946994
0.0997570478591291 -0.0426693461203747 0.0637069455154311 0.0482978365508428
0.104291848282078 0.0661659749993 -0.00876708528926306 0.0744932368797823
0.0472605063287628 0.126260440367153 -0.0379659396135286 -0.0118482063611172
-0.0272258422853828 0.0914164646293694 0.0122741262508454 -0.132989694735275
0.015870397319422 0.095318638536347 0.0557884068347865 -0.111072583649306
0.0633813244343871 0.0537066868187323 0.0351714211305436 -0.131680841837904
0.064228093424066 -0.0214329276854894 -0.0292341175270908 -0.108543347873555
0.0178038475422179 -0.0587447167744496 -0.0710055427115399 -0.0598610132147822
-0.0257710552715817 -0.0544413034434808 -0.0783938184601671 -0.00579080127804966
-0.046295993136616 -0.024683097322596 -0.0590708515728999 0.0135949774711678
-0.0470023840565363 -0.00872171441815262 -0.0388890471894902 -0.00381702320976315
-0.0456591864050747 -0.0109933447148225 -0.0369761323737101 -0.031523837658978
-0.0472372012490344 -0.0333961391119312 -0.016292157758725 -0.0658295581869651
-0.0235166128054411 -0.0648101235657149 0.0312408195815932 -0.085111412619682
0.0236874542777584 -0.0673810898708873 0.0822490661575133 -0.0398219487376828
0.0815546420785575 -0.0204592375500996 0.0635142947130689 0.0364762956137488
0.0686214939409139 0.063417448044789 -0.00888567347164344 0.0600438731088528
0.0167442216126505 0.0943362301434849 -0.0379574721540453 -0.0443781707275991
-0.0326325517182433 0.0329948392093775 0.0129732219608977 -0.156923731093434
-0.0110808351124346 0.0500881678469722 0.0538353428253013 -0.114367824127687
0.0225647926805813 0.0341653140049328 0.0418504057400307 -0.122038599225957
0.0315529854172937 -0.00381721189034081 -0.0119253333264426 -0.110149278004354
0.0119344410993444 -0.0266559501497149 -0.0641132312199495 -0.0756368969589183
-0.0102070600568866 -0.0308495754845514 -0.0853063169885568 -0.0202507820694107
-0.0251446956817576 -0.0163401299403363 -0.0723655409526707 0.00487668459384639
-0.0279554693579509 -0.00638180158239137 -0.0525998949680742 -0.00829901558961251
-0.0304089666220743 -0.00837635162981554 -0.0486420936147814 -0.0363464022824047
-0.030751047739405 -0.0234448457573874 -0.0250868921248291 -0.0724474475545697
-0.011354943847177 -0.0444463112156091 0.0260046138642238 -0.0922816477806522
0.0249108422376121 -0.0436720061644047 0.0838541776134183 -0.0440208428449678
0.058205051594394 0.00272854264792265 0.0632527165771862 0.0319052818034751
0.0285851620875887 0.0557435455081903 -0.00868283475539192 0.0493250543474257
-0.0145277229780496 0.0526863853803001 -0.0308629536461281 -0.0657326009633807
0.0383659169876322 -0.0034251254129195 0.0333189254966145 0.0939708391283176
0.00175363548822302 -0.0297777407947021 0.0418158598481639 -0.0432015048686869
-0.026265401058915 -0.0137150131342426 -0.0676235441213527 -0.0523372697930949
-0.0146430178467827 0.0177727614361301 -0.109792452716294 0.0346692100373488
0.00418330479374174 0.0134240400235205 -0.0379244817480586 0.114468879838019
0.00674419507138486 0.00730106133082883 0.0358076031614488 0.0930767097313678
0.0092403110857917 0.00421262377627368 0.0568703482885961 0.048109498154293
0.00342030507112133 0.00244793991412648 0.0674413516732822 0.0145338195897978
-0.000437103931332569 0.0031948915247271 0.0769553072933197 -0.00108111973245116
-0.00843156915548699 0.00228487946691807 0.0900005246724971 0.016737931211718
-0.00757405191090922 -0.00664940618911953 0.0731499371098294 0.0673383834838882
-0.000410213335912781 -0.0109964794925996 0.0139211067659322 0.1101675273206
0.0170180343105672 -0.0188461593181181 -0.0329749705179746 0.122720608382274
0.0365700444650075 -0.000465177569203078 -0.0643326925391908 0.125543250993183
0.0399848796594238 0.0339441053882827 -0.0231249856129512 0.174927159894603
0.0483605058749389 0.0510723024167127 0.022184437085283 0.0893181803795893
0.0365202392334445 -0.00259759506499995 0.045677038906263 -0.0423427328973995
0.0100415236079727 -0.0183322806849129 -0.0635932012846573 -0.0687667909124955
-0.00210611014662961 -0.00971549032543282 -0.119568357505329 0.02336575079856
-0.00328144186502011 -0.0151065114607179 -0.0514608096171352 0.111971709951212
-0.0136898869698592 -0.0114850948205625 0.0272986033759308 0.0976908750293644
-0.0150139711553306 -0.00231278257789983 0.0541140090331899 0.0509617790232663
-0.0205047982845935 -0.00258249774314688 0.0638582232037545 0.0151140583522644
-0.0243777911399008 -0.0062200164047147 0.0701440322700295 -0.0066001455199708
-0.0319368311348189 -0.0224354772481502 0.0867766205591214 0.00136176746085364
-0.0102753483832391 -0.0440976728991486 0.0839279349020527 0.0450044773098764
0.0268057591110128 -0.0393878362446977 0.0364997602158884 0.0968395681504519
0.0653169603220322 -0.0112066665405374 -0.0106497461939544 0.122638918242222
0.0725754183314253 0.0474250959155299 -0.0477555431846114 0.123570355500264
0.0508707216267126 0.0977341927805061 -0.01990985953082 0.155033441309166
0.0440111316932667 0.102954723683501 0.0122170304964058 0.065706462445129
0.0644922185848134 0.0378608781354819 0.0502169967507513 -0.0493695241447902
0.0538247882344225 -0.0111072104939096 -0.0539535123025438 -0.0936934114185284
0.0216670881670572 -0.0372696176186073 -0.126859238104576 -0.000525625357314984
-0.00495116769704905 -0.047907199505189 -0.0696920533994308 0.0967184008773969
-0.0320143785493169 -0.0342576029319967 0.00838879853997583 0.0944870152657833
-0.0383490096460438 -0.0118854109350849 0.0409034897551621 0.0517905094218198
-0.042046061709459 -0.00654475095880429 0.0506611576651887 0.0136198403352831
-0.0445584045381717 -0.0123921717217163 0.0540421150276603 -0.0128259766520952
-0.0534415682550468 -0.0385821835209452 0.0727510582760572 -0.0193314550622187
-0.0225552902802615 -0.0735496841286124 0.0883238183701796 0.0104949898468424
0.035322305315413 -0.0708881369563636 0.0647085631695124 0.0696945354973441
0.102247542223882 -0.0249994588966829 0.0196246026708962 0.114745378481881
0.110244529157359 0.0717655511805255 -0.0293935164793116 0.118448835971077
0.0645658357811095 0.140969442301515 -0.0193882655016768 0.119939179878461
0.0278115536683344 0.142229347692195 0.00595505135365304 0.0236179634985749
0.0801710339201114 0.0835247569316166 0.0538786926725131 -0.0630595646504304
0.0942816691655553 0.0103077197582003 -0.0347721273690571 -0.120579413143394
0.0537694555304299 -0.0556578176341281 -0.122571018203315 -0.0366264528512003
-0.000226756502124862 -0.0774591420552793 -0.0856506113238476 0.0648311624403608
-0.0446434355730649 -0.0565277969557218 -0.0165250328245561 0.0797276351239301
-0.0560222164443108 -0.0213039100152291 0.0186926372204305 0.0478002948328102
-0.0571014710527467 -0.00941978967197705 0.0302267063265156 0.0113153099816935
-0.0572305907182524 -0.0150591512793201 0.0315249531041146 -0.0198132210177817
-0.0671368919168301 -0.0459550893147513 0.0501385035631632 -0.038633307988765
-0.0352497613528156 -0.0898899888896667 0.0802875397808231 -0.0269377746258648
0.0302381375085055 -0.0946634836586938 0.0837101015638295 0.0329796482881056
0.119715753571249 -0.0455185201211641 0.0462445560873541 0.096257411409145
0.133870252211989 0.0762080421160421 -0.0168436137664434 0.108096115459458
0.0734349330439304 0.158712543237601 -0.0245733934239123 0.0761303845927473
0.00408753003142404 0.156768962698658 0.00509665051868595 -0.0329487713149551
0.0729317609648695 0.119275721646303 0.0569342304070948 -0.0828203391326873
0.113903528784737 0.0387128465318449 -0.00845754756265998 -0.13956164144475
0.0805785401013791 -0.0572913613981719 -0.0997335208613518 -0.0748355635028481
0.0107879441895098 -0.0917267144345912 -0.0920817550664813 0.018621238844178
-0.0478140869363961 -0.0713490766733518 -0.0439275522818477 0.0532638036945556
-0.0642990532149945 -0.0284733326328441 -0.0101247135216536 0.0393255480868078
-0.0637935927702408 -0.0110061029875414 0.00546221524451796 0.00716112951582104
-0.0617053701324932 -0.0153463982433348 0.00576341501979565 -0.0248946927019904
-0.0703502800824928 -0.0462492164541296 0.0243729806017814 -0.0526355198539747
-0.0417497838938263 -0.0913831280563158 0.0630751778580178 -0.0568863508540554
0.021946557292502 -0.100409057659361 0.0897414069628348 -0.00231965393770036
0.117777670318129 -0.0541229374743119 0.061054422608468 0.0725319329669255
0.132634158449027 0.0723718823238678 -0.0114914541417392 0.0936201471527464
0.0683360977522171 0.154458450307447 -0.0325049458484558 0.0299431539875216
-0.0175404249919921 0.14048242796791 0.010197795038914 -0.0913978529072366
0.0470780744879245 0.126248915443853 0.0595161203473689 -0.101140414768327
0.101142304355151 0.0595141441308553 0.0196302393150335 -0.144783242794944
0.0869035713698047 -0.0421584100328785 -0.06349109116186 -0.10244517580195
0.0192212724766313 -0.0857749736753784 -0.086669569701475 -0.0291304543864146
-0.0399680007123286 -0.0718640765177428 -0.0674536315158737 0.0212409047818977
-0.0615943375865022 -0.0306690647681709 -0.0385168609622084 0.0262734241063537
-0.0604758433950223 -0.0110922123119083 -0.0195709802853254 0.00194227525518843
-0.0578092019340541 -0.0136839462786276 -0.0186882371302151 -0.0288563928410569
-0.0629421865847556 -0.0427015879340746 0.000901126179557378 -0.0619946125397026
-0.0361841978450504 -0.0829165223892383 0.0458155391200225 -0.077154277035357
0.0218997248794641 -0.0900039657400952 0.0885296130932553 -0.0263277518657098
0.104245842913329 -0.0435481521721656 0.0659250508599835 0.0528916793045585
0.108642957031095 0.0702184520350101 -0.0107315022814929 0.0782371289139584
0.0476873494663225 0.132840614875405 -0.0390281114774785 -0.0123314491637657
-0.0298063014344147 0.0958395954440018 0.0152390117890267 -0.138785979002336
0.0146094666484689 0.0998100677761295 0.0611771606423739 -0.113846500187416
0.0652931413840221 0.0572854117879368 0.0401669970441781 -0.137665997740786
0.0670618634210653 -0.0209360618974759 -0.0283030765768758 -0.115240320207335
0.0193351963836495 -0.0613288327625901 -0.0748078829072572 -0.0649219668191765
-0.0271363920548345 -0.0569679814877696 -0.0816567128085195 -0.00668601629516908
-0.0474907213811099 -0.0259998559690963 -0.0620256279358931 0.0129905244083456
-0.0480972939531278 -0.00984559948317833 -0.0403062384905776 -0.00387826564609209
-0.046656310561477 -0.0121370748624339 -0.0375692494318763 -0.0333919197742261
-0.0492044879950137 -0.0352231772393499 -0.0159104251094637 -0.0693693282439199
-0.0242448715387984 -0.0676889178802924 0.0334330716000162 -0.0887697850628652
0.0252782316185975 -0.0696263391787208 0.0869143319450824 -0.040273966896973
0.0850755139588276 -0.0204341614753849 0.0661827975080665 0.0404654393696887
0.0705433730820886 0.0671532667639373 -0.0105766582263059 0.0635436346154027
0.0162429338488468 0.0990505211097756 -0.0390904163237509 -0.0464246276900473
-0.0338865726112373 0.03465519504153 0.0160004116954665 -0.164336134571681
-0.0120627173623106 0.0514312519029323 0.0585979798196399 -0.117243964527388
0.0228792791301689 0.0361724998254147 0.0463999019267127 -0.126869892916569
0.0329931348204367 -0.00374308839218501 -0.00998937639056281 -0.116608892233644
0.0126850551905641 -0.0279059376736289 -0.0672284504837545 -0.0809481845083556
-0.0106102004109994 -0.0325301174329955 -0.0885150791538926 -0.0226091879155193
-0.0263899167799437 -0.0172190052652797 -0.0758530134947784 0.00487349649828732
-0.0284258976683797 -0.00733984286393281 -0.0546438440230009 -0.00878642480157717
-0.0308513891497437 -0.00921752065386932 -0.0504694802287568 -0.0382995178139803
-0.0309729877548125 -0.0248155521050238 -0.0248034594896036 -0.0760942499133089
-0.011239041710466 -0.0468885078085554 0.0288525650058769 -0.0963122690620457
0.0268139728275943 -0.0451121924734337 0.0886263058373781 -0.0441889544199944
0.059906633781171 0.00356785511362361 0.0652502641554833 0.0360040127509362
0.0286876924058314 0.0585203143996207 -0.0096815138859213 0.0516623611388373
-0.0161083169151629 0.0544306839147358 -0.031607958923159 -0.0693235698245866
0.0397264940860753 -0.010192986831246 0.0482229715569762 0.0969917159255458
-0.00152981282953414 -0.0313557171542838 0.0395802035685256 -0.0505027262052822
-0.0286368742837633 -0.0104910635230506 -0.0769732920774271 -0.0450121681318996
-0.0124443447471746 0.0194479637579107 -0.109099567670422 0.0533821741922714
0.00481514790760868 0.012590680530219 -0.0212615254908355 0.124969851538465
0.00711518660991125 0.00716405936726649 0.0516335101320455 0.091787205654144
0.00970925952913973 0.00322000257712697 0.0674256907516818 0.0419687960774089
0.00337609820750278 0.00230022284244079 0.0715284388807756 0.00581675743772339
-0.000594726028260478 0.00404564349206634 0.0801083421755642 -0.0123571722754454
-0.00854679961704642 0.00417297305176608 0.0965753141855119 0.00388407737603286
-0.00953328945659882 -0.00496330968375149 0.085728933639385 0.0606876420304463
-0.00143164880609677 -0.012544429902991 0.0298444665584504 0.114961929576685
0.0138297479934346 -0.0223579200329138 -0.0182431124830225 0.132537192704599
0.0376534099806516 -0.00594418852261324 -0.0509127448419687 0.138941718072746
0.0469161729088506 0.0281896764902632 -0.00135139163135302 0.186711561746129
0.0585863936167202 0.0455813911900251 0.0319230118947521 0.0916651597273788
0.0376950121955347 -0.00715243257621844 0.0408087403502283 -0.0502264375951061
0.0092906584574563 -0.0203918050812154 -0.0772381438869816 -0.0626081333481429
-0.00292798345834752 -0.0110672698248923 -0.121704599673312 0.0440314152472234
-0.00648982545276224 -0.0165806849378938 -0.0355581714786963 0.125884499128471
-0.0167014111831836 -0.0105875957561936 0.0436576359691295 0.0990674353467814
-0.0158103260026561 -0.000586038197108517 0.0651623954409208 0.0461828189181682
-0.0220035333906454 0.000572171691517142 0.0677077076611566 0.00631944668464101
-0.0264579860626535 -0.00235297517880176 0.0716307066849708 -0.0164886408286035
-0.0367673177047543 -0.0176528705007415 0.0897882782538994 -0.0111751228125687
-0.0180786593421047 -0.0430840456007341 0.0942562902668408 0.0358008653476513
0.0218835386035572 -0.0446314099113096 0.0516630823216925 0.0985478732882396
0.064897919122679 -0.0211335288880026 0.00511014672004157 0.129541799521666
0.0815630772838833 0.0376779919570258 -0.0325194186220482 0.133838919746937
0.066430878975988 0.0922093637696251 -0.000179835869863864 0.165632156520597
0.0634682265776109 0.101687838496521 0.0151041223794894 0.0647652453735177
0.0739024224774146 0.0314120433481329 0.04294790897151 -0.0588338885348538
0.0558159138370201 -0.0185340252410333 -0.0734937626434778 -0.0892977545738733
0.0186974685933827 -0.0421335609889089 -0.134106787163427 0.0214498796263173
-0.013112463676736 -0.050152107881058 -0.0565175158381536 0.114400556372201
-0.0390553614793755 -0.0316920240134806 0.0255345376992331 0.0993147519313228
-0.040778052098916 -0.00697260810776799 0.0526466974393397 0.0490969955495632
-0.0447106125182916 -0.000800627986827446 0.054243867459476 0.0068361084565785
-0.0476695315359573 -0.00624731751334718 0.0539990063856158 -0.021428599532509
-0.0610972337828912 -0.0314585793955268 0.0720095635609325 -0.0307569298670375
-0.0348555487972097 -0.0713939307106279 0.0931820102625734 -0.00106582493013995
0.0264807480342008 -0.0789779354679807 0.0769758280639389 0.0661532766325214
0.1012339235912 -0.0407494544066961 0.0354601334038397 0.117632378335882
0.123602399496249 0.0579549117137649 -0.0137352879682517 0.125228927536079
0.0867968856856372 0.135167001134738 -0.00405803851333259 0.129327005968369
0.0528693542328763 0.146203275695396 -0.000185470942331659 0.0174545623710761
0.0957514007121953 0.0779727356195551 0.0430801714793636 -0.0749507764522418
0.101751433120981 -0.00177340907113707 -0.0605618302461619 -0.120448688214507
0.0499860635631025 -0.0660228220305238 -0.136285139093359 -0.0153605143319781
-0.0115156704788024 -0.0812080955020052 -0.0784421484533974 0.0851728678194
-0.0552873665997426 -0.052929553300012 -0.00316918569966317 0.0885505963549845
-0.0609866084017706 -0.0146475991781062 0.0281478057429381 0.0494141288379419
-0.0607064647432621 -0.00174714625069414 0.0329818045919601 0.00735207867823373
-0.0611042098091404 -0.00670251489513824 0.0292292087317039 -0.0244754613990153
-0.0760499815859603 -0.0366718956469908 0.0458427044252339 -0.0471005962781614
-0.050666129738943 -0.0858366607213994 0.0799851422628331 -0.0389844562200531
0.0177426098485805 -0.101687139211584 0.0914234430751506 0.0254942251006529
0.116098616908207 -0.0651465235933317 0.0610548547400421 0.0940936694985903
0.148737679245668 0.057785304075371 -0.00123871139070837 0.112526401962976
0.0986969401857533 0.152770841400693 -0.0146446304193907 0.0836692595651095
0.0305160825857656 0.166236378523594 -0.00945235487119659 -0.0443746471370913
0.0937895872450757 0.116357938510037 0.0424689237040233 -0.0970802520159093
0.125891015913474 0.0259498543799983 -0.0378277173881566 -0.146160659543183
0.0780894249989816 -0.0706327202047535 -0.119942683359368 -0.0593198703103105
-0.00178259294324271 -0.0981793151140172 -0.0941246939502896 0.0382012646852283
-0.0598672574704343 -0.0678561637144785 -0.0355300511120745 0.0658020167325127
-0.0713409513651164 -0.0208948865538535 -0.00268807581081873 0.0447366490774257
-0.067576439747082 -0.0021640950522754 0.00671065155915105 0.00660651994045698
-0.0656178329514462 -0.00691057803255984 0.00241931698061535 -0.0264695790129787
-0.0790627206269821 -0.0370400278790452 0.0170108218059353 -0.0578685031230141
-0.0565306546004393 -0.0867249951734695 0.0583778472611788 -0.0684322385835427
0.00941153544966505 -0.106563778387735 0.0925989531718826 -0.0134916275386159
0.112929187561427 -0.073100460304839 0.0730566495282284 0.0673493368737433
0.147004024064211 0.0550773859813413 0.00281581307327401 0.0966804045595643
0.0929477147504499 0.149610331536254 -0.0294112218896463 0.0366201732073489
0.0053242600056302 0.152120829777694 -0.0113759827739149 -0.10778998572828
0.0671057041907626 0.12762966511016 0.0432200510465866 -0.118459469609308
0.114865789124619 0.0492836939112765 -0.00870267117271557 -0.156080704056962
0.0858992899008088 -0.0549066094651647 -0.0874787602506788 -0.0952045040846207
0.00872381377612294 -0.0920608220853431 -0.0966684126825037 -0.0126182935582302
-0.0522188760746624 -0.069356452065452 -0.0647572030590032 0.0359458868785143
-0.0683711353995489 -0.0240174080575416 -0.0353140068094569 0.0360737743830224
-0.0639680772079752 -0.00341415845239581 -0.0200968134827396 0.0042672063417365
-0.0617348494946308 -0.0057201552226882 -0.0238921158564394 -0.0271586475223786
-0.0706980689189098 -0.0346072497733273 -0.00924529486367769 -0.0649056634768645
-0.0496073355795464 -0.0789684595686058 0.0360796984388925 -0.0871683577159904
0.0104408782287887 -0.0954955577393586 0.0881478517739723 -0.0393378356370286
0.100971586533186 -0.060042019163538 0.0754015971360139 0.0461949344902466
0.121442297851982 0.0555667370420062 0.00120650403550193 0.0817471267742781
0.0683130942933506 0.130770546030479 -0.0421871558522239 -0.00643569213455331
-0.0155880914472579 0.107653263550344 -0.00928350930863261 -0.156523010793935
0.0301153756729135 0.10403323362977 0.0452115042993554 -0.13146881372196
0.0770961034513327 0.0524356841747746 0.0162987468060404 -0.151690327911061
0.0689655637478208 -0.0300292414118001 -0.051545797430331 -0.115543089056109
0.0127878491879242 -0.0667412009853459 -0.0906184746247609 -0.0527560264629239
-0.0357093442202487 -0.0558524462527654 -0.0857777142715938 0.00823944597703328
-0.0528707049832559 -0.0212165030251133 -0.0623873533940081 0.0260314177861998
-0.0509413587236425 -0.00321405111698177 -0.0425860360516493 0.00149210682184122
-0.0498617283794373 -0.00545566278535284 -0.0443803072094955 -0.0290277784305603
-0.0548787054741804 -0.0294967464305145 -0.027259724678096 -0.0703073917146236
-0.0345195159963469 -0.065437406565766 0.0223978153496886 -0.097982270405835
0.0167224865092904 -0.0747174985008832 0.0842649904548191 -0.053529977723785
0.0833134983732826 -0.0330921993779389 0.0739177103688697 0.0331610377043464
0.0821352474047585 0.0590267810169182 -0.00037270542278837 0.0670177355178348
0.0308357142771124 0.0989563383826898 -0.0473979319132135 -0.0418562856713318
-0.0291072223434724 0.0430646849691701 -0.00867690010633362 -0.180758725723934
-0.00458283359299253 0.0566899894721641 0.0445394600750899 -0.134626191690462
0.0292449990357362 0.0357208952461028 0.0279972218190394 -0.141877098641819
0.0351916345661423 -0.00716776744560599 -0.0312633689974892 -0.120995249048887
0.0108446166012566 -0.0311926957181263 -0.085232551441607 -0.0723263825434665
-0.0156364214091686 -0.032162626685693 -0.0963121825946151 -0.00858383016758174
-0.0297500255352551 -0.0149268117145795 -0.0791890849350261 0.018179292058097
-0.0296597668443429 -0.00418202003111883 -0.0578853135595921 -0.00140993168753383
-0.0328699720769679 -0.00442910784383792 -0.0585593124610072 -0.0324047260846607
-0.034570766664099 -0.0211208032578517 -0.0376945637875256 -0.0758172342111854
-0.0173282173917691 -0.0458319241067003 0.0156986700196011 -0.104823430760418
0.0214119720399355 -0.0499590754256875 0.0864245340861768 -0.0588756171150171
0.0617221086394474 -0.00513966486524873 0.0730220078378652 0.027923326687154
0.0387748453986397 0.0557690659604708 -0.00159570232032018 0.0547220435256152
-0.00921182027805812 0.0582020030095091 -0.0425795963986347 -0.0673250227645618
0.0392385662833904 -0.0135632442672725 0.0567123765059838 0.0955040594780256
-0.00385818242807629 -0.0318816413489035 0.0375291530176378 -0.0544007249472705
-0.0298808210182601 -0.00821834212990233 -0.080914465291742 -0.0411574061699025
-0.0109934807611734 0.0205577900094351 -0.108156923112173 0.0617704915956501
0.0056384549410669 0.0119063108540352 -0.0134108338415642 0.128229014000502
0.00781749492201927 0.0064209318714139 0.0590271233280476 0.0896692162112506
0.010439611734122 0.00229531779582636 0.0714752579558801 0.0384157095734513
0.00375788956185731 0.00168684072935765 0.0725891204762567 0.000757838754090044
-0.000447427792910335 0.00437064029284138 0.0800164701771744 -0.0178067862699955
-0.00868568886959405 0.00523430528233049 0.0970219744843161 -0.00271836022845532
-0.0100624204583088 -0.00422134908603231 0.0920273276933998 0.0558446696898831
-0.00232912803228552 -0.0126985159316869 0.0390918260485153 0.116068266377691
0.0128723288529386 -0.0233326249295716 -0.0101490692907595 0.136217313515006
0.0373561674524238 -0.00873710553690566 -0.0435895983049579 0.144818385700689
0.0497290595130316 0.0251220142759048 0.0114719308821149 0.18991808995184
0.0631602480422722 0.0414019188685183 0.0401852262444389 0.0909195985974322
0.0379764773093153 -0.0106649127447581 0.0392415898174635 -0.0535525458586949
0.00774171640730524 -0.0212326132369309 -0.0821665724248401 -0.0585997236246828
-0.00341557737548152 -0.0106191130453337 -0.120989482365826 0.0522933701182899
-0.00828575901545417 -0.0165538132498263 -0.0279463937918691 0.130092078020128
-0.0172828918223897 -0.0091928011554 0.0515067859530434 0.097158494527717
-0.0158198916697816 0.000267349876574531 0.0689437259346994 0.0420788073307971
-0.0224287297116174 0.00221936787423069 0.0688095671645229 0.00170298016801297
-0.0274508673484485 -0.000820585509852905 0.0706462147212307 -0.0219327412635603
-0.0385324049920419 -0.0154542763344299 0.0892576397611028 -0.0182791567291047
-0.0219665403279664 -0.0424803384393937 0.0982668954487526 0.0298320017488103
0.0196641375130597 -0.0472310721988486 0.0598861176482167 0.0976112839917569
0.0634895768549859 -0.0264654732582378 0.0137157555528091 0.131763410237421
0.0847831066241609 0.0327530026557875 -0.0255663006642073 0.139365505077164
0.0742468599980047 0.0893479796907952 0.0109217444034615 0.168300741776511
0.0718510475662549 0.0986445740674898 0.0208325266684891 0.0651250521911111
0.0769450039400932 0.0263746760684486 0.0406506515042042 -0.0622853516001565
0.0552340934206719 -0.0228209724759944 -0.0808464375346544 -0.0864932848714857
0.016546309257917 -0.0439704086393225 -0.135244771431142 0.0304147140647637
-0.0168854779705043 -0.0499314329819751 -0.0500906662438457 0.119583207186847
-0.0420523292536961 -0.028479434378227 0.0325095886724459 0.0989224104902077
-0.0415400579409786 -0.003872769488889 0.0557066324468541 0.046182632030775
-0.0450223806543242 0.00205503938118799 0.054868999394794 0.00324421260948829
-0.0491019832925447 -0.00287081394037045 0.0519368668083461 -0.0258484351698657
-0.0647139340345907 -0.0269841091617927 0.0700939737252292 -0.0363609324103355
-0.0411428635888511 -0.0696210392954764 0.0944379261191066 -0.00891646137766935
0.0212276815613666 -0.0814995248848583 0.0830786253179054 0.0631624489526293
0.0996852319140012 -0.0492067176225889 0.0437498861241379 0.117671952287425
0.129280151425057 0.0492059497691906 -0.00628577138850381 0.128996511071572
0.0985596118468716 0.131030745878635 0.00531391221166176 0.131906510139034
0.0645761226055775 0.144520517455592 0.00178683580765249 0.01867740769961
0.102922050084626 0.0724705922232123 0.0407472451185972 -0.0783566144632911
0.102790838102487 -0.00906842868214001 -0.069560908842668 -0.119162848048297
0.0463937311340376 -0.0702286633608086 -0.140428851175022 -0.0081154907486504
-0.0178144847122449 -0.0813408166166009 -0.0749494712599401 0.0916532622153079
-0.0603804398354727 -0.0493521266614116 0.00346688675749046 0.0903190842168659
-0.062414237907047 -0.0101305889010731 0.0321621543654737 0.0480826766325108
-0.0611053147072683 0.00244854917356558 0.0332233122185422 0.00488828267658559
-0.0626089554944852 -0.00318696204598485 0.0269024059083316 -0.0269942537523707
-0.08021857823999 -0.0318194793947506 0.0420382546490381 -0.0513376487054918
-0.0582920015559776 -0.082414202987931 0.0776251990154798 -0.0470132578786477
0.0106648055398346 -0.104376138393645 0.0950273185089649 0.0202866840556616
0.112906728458618 -0.0746065515990552 0.0681689125104152 0.092441755474558
0.155380734682128 0.0479721271126717 0.00615485305519994 0.115081349784925
0.111692565533809 0.14850535408131 -0.00859028008818299 0.0866457951282893
0.0435997316010965 0.165703067180552 -0.0125701395980833 -0.0435886275454881
0.103862215442636 0.111188572731746 0.0381085097237277 -0.100086459274267
0.129342696699686 0.0178126294746805 -0.0474656526670872 -0.145682852031958
0.0742433988993011 -0.0773524380638091 -0.126723163860706 -0.0531989460479659
-0.00938403311241167 -0.0985421690475055 -0.0940765288095479 0.0451701443489738
-0.0662167787363751 -0.063336460709437 -0.0311413878915243 0.0696671315253687
-0.0727855105925507 -0.01555213722255 0.000401424556352543 0.0450356895706325
-0.0679879391296438 0.0018617777386764 0.00679710785142559 0.00580783481409662
-0.0674872425886757 -0.00193349239569936 -0.000723530637728513 -0.0262573657544644
-0.0832165804128807 -0.0315046112737991 0.0120861676955674 -0.0599812421828402
-0.0645498800705812 -0.0834022501677973 0.0534111250416981 -0.0744944634431006
0.00192330117951552 -0.108572903089994 0.0935346978498184 -0.0191622033537318
0.10852408947987 -0.0824407638270675 0.0792658366975334 0.06493419168909
0.153037170662443 0.0444073495409039 0.0095607381113223 0.0996358175793719
0.105217732451713 0.145419348396922 -0.027234510327253 0.0397714090264083
0.0167399643902931 0.154405629700085 -0.0186800448479042 -0.10745127875914
0.0772509636254538 0.124635714727423 0.0372973920647681 -0.121426704498626
0.119811873895186 0.0425147239516377 -0.0189936904853805 -0.158447161335789
0.0840502227092124 -0.0618031121384581 -0.095515352003565 -0.0921661535385319
0.00160020663341142 -0.0937300520886217 -0.100978563071327 -0.00620633928664637
-0.0590524979645418 -0.0658786430420758 -0.0640811352082213 0.0414964836584026
-0.0710637951351701 -0.0187143132199807 -0.0332748203465212 0.0387938179233251
-0.0646021379522705 0.00161419886130043 -0.020079981818294 0.0060225059265556
-0.0628087343853046 -0.00150159521053946 -0.0263981690957447 -0.02564332289922
-0.0747868681376492 -0.0292410136802094 -0.0138867975056278 -0.0645744542713862
-0.0565848505023909 -0.0764548321482684 0.0301666181715804 -0.0920217140016157
0.00337157026497274 -0.0970175280436228 0.086421461379999 -0.0452596139151795
0.0968754872710798 -0.0673228761849644 0.0804161067012276 0.0430236101934717
0.12788765758028 0.0473173198701541 0.00711403534731731 0.083655157804478
0.0788231303869809 0.127210571086207 -0.0433840142784564 -0.00339952309628662
-0.00743301439789369 0.110632991245616 -0.0205662318612431 -0.157697781356747
0.0380143903599626 0.103510860173884 0.0387175538883197 -0.136266751319517
0.0814640406502928 0.0482706735534888 0.00615435540453103 -0.156272540433203
0.0674655524513471 -0.0351116543560134 -0.0606026256358935 -0.114842937396395
0.00805729690796894 -0.0682363677046524 -0.0964859195847662 -0.0471403351617169
-0.0413922019692769 -0.0533191611393583 -0.0868167119524778 0.0147762564325996
-0.054858568471107 -0.0168851190043062 -0.0609426238937864 0.0308976414280072
-0.0507641047851621 -0.000248401923615193 -0.0434076095959185 0.00498059633803067
-0.0507160744835838 -0.00188701571609941 -0.0470947085165008 -0.0260867199226447
-0.0575662093445782 -0.0257475733312849 -0.0325620565805156 -0.0690409706111615
-0.0399286219978885 -0.0641703247930829 0.0145467965411476 -0.101599100643172
0.0114319371349466 -0.0767766079668739 0.081877041855003 -0.0597314236779341
0.0819245616284583 -0.0392067158711982 0.0782024270344898 0.029459515744888
0.087572987443267 0.0534505210936715 0.00419247082564173 0.0683235761242679
0.0381947388524678 0.0984758568570172 -0.0511171072266107 -0.0391490707751236
-0.0256027054297637 0.0457487766149457 -0.0209400813672907 -0.182323845347234
-0.000250286450285483 0.0579655362796261 0.0368243770486144 -0.139833737756227
0.0316582218141386 0.0342686793573678 0.0188876418796014 -0.146511166475806
0.0352449851751135 -0.00963729377049284 -0.0402351559329664 -0.121763074215478
0.00838462666339897 -0.0320936501328939 -0.0927999942339498 -0.067131139898761
-0.0185763700451893 -0.031421977560336 -0.0992707268499137 -0.00140786307952316
-0.0306448418124777 -0.0128909001278226 -0.0789677545144643 0.0243324013313126
-0.0301582113553801 -0.00180928097801808 -0.059075534208696 0.00300090525138026
-0.0328820329044564 -0.00166039229781191 -0.0616550984764643 -0.0293676853678539
-0.0364630421574145 -0.0182698908162942 -0.0433919889292799 -0.0746804878985091
-0.0212693969657979 -0.0456577151766686 0.00794970392845892 -0.108202311843463
0.0187643950341471 -0.0521826584401922 0.0828687649683622 -0.0648878720834963
0.0622807581509531 -0.00906633896103168 0.0768317745907798 0.0243770191758979
0.0428167547023334 0.0535026219542535 0.00222655641265792 0.0562181364967218
-0.00534246998406996 0.0596213799284425 -0.0477784675038678 -0.0650017070074654
0.0373737544019349 -0.0160963678532972 0.0618571003390322 0.0890705629206421
-0.00593577006632957 -0.03118111092948 0.034117651315709 -0.0552411585315193
-0.0289297894395791 -0.00605428978498523 -0.0811605161708276 -0.0356871225047627
-0.00891013034290242 0.0200165275579292 -0.102196054813266 0.0667185272743846
0.00620124702640451 0.0111903234970666 -0.00513243823231699 0.124544721410483
0.00830720214858357 0.00588493495028077 0.0628525163707212 0.0831371779652122
0.0102056843225099 0.00107594211167053 0.0712544706786397 0.034089010959172
0.0032614243502677 0.00159107251385419 0.0696464779581353 -0.00330105988189634
-0.000763001478275932 0.00387317587488567 0.0758204038793294 -0.0214934137960409
-0.00846578313298118 0.00566677389385851 0.0938148896197386 -0.00937198779566898
-0.00995755588071494 -0.00341350438108319 0.0921004119704577 0.0482532717911691
-0.00276652431475668 -0.0125335075099392 0.0448956223048421 0.110909236829377
0.010412040884776 -0.0233858722275776 -0.00230827844844129 0.131887732810219
0.0350469585796797 -0.0104062927902499 -0.0353952793570209 0.142661778633002
0.0496994895940865 0.0209380065851262 0.0224960299991007 0.183056195465699
0.0640591410594503 0.0352558053022837 0.0454077485946299 0.086301308171732
0.036030671080497 -0.0127716453070302 0.0360652745336644 -0.0543879478235198
0.00610838581264214 -0.0208095066811283 -0.0832131767789844 -0.0526645260119672
-0.00340143649166168 -0.0101148559184884 -0.114847287364228 0.057798128576952
-0.00916759469099869 -0.0156610263819364 -0.0186540186670185 0.126775670501721
-0.017287904921033 -0.00725491794452211 0.0558833317735054 0.0904449111504665
-0.0150657525377068 0.0010159626924434 0.069295009817475 0.0376135024619815
-0.0212649866684052 0.00323749625218358 0.0658431957061204 -0.00185585398070707
-0.0271045205961949 0.00117892008341763 0.0664074027433068 -0.02487400539806
-0.03846843714414 -0.0119291430264891 0.0845014382183908 -0.0229731274422476
-0.0238867948246024 -0.0394186639402454 0.0963280130975519 0.0221462044607291
0.0164017151948753 -0.0470182037428698 0.0645044433663882 0.0915457153804951
0.0599820845570886 -0.0295065367840244 0.0209785256947488 0.127358276421832
0.0834214958471108 0.0260980207813618 -0.0177309895072943 0.136322315032061
0.0775859768895383 0.0814556386585626 0.0207974547609911 0.163129148181709
0.0761618455273564 0.089724738364341 0.0252443800543722 0.0626917296112518
0.0756433700649422 0.0204085877397872 0.0381967219433126 -0.0619013432343292
0.0516285598822869 -0.0251521389842068 -0.0832669466138445 -0.0796565331208293
0.0135881406782762 -0.0434846765787642 -0.130154650834107 0.0366513786396142
-0.0198755095298063 -0.0475788971026718 -0.0412449513245504 0.118609835792382
-0.0422616305605351 -0.0245393023867916 0.0376771993682496 0.0933759897646946
-0.0405390382316682 -0.00127174799644127 0.056308272957976 0.0415753503779306
-0.0433124795765247 0.00480628038336819 0.0522412375333377 0.000108436259746312
-0.0482526930823624 0.000634558816013457 0.0481044098475758 -0.0271235607476245
-0.0646165384667673 -0.0220099438117704 0.0639558724590001 -0.0398972263020263
-0.0442172917342958 -0.0641343194819056 0.0899169376299236 -0.0148090356458064
0.0159872902283748 -0.0800826894739636 0.0846837234032575 0.0570768506071928
0.0930386646618793 -0.0534001685111591 0.0493650980916244 0.111441553455595
0.127646489846486 0.0395483024395847 0.000284121381903038 0.125523868441163
0.103153243955482 0.121194862852003 0.0127952478751773 0.127610842592311
0.0718256767365847 0.135598733365141 0.00349234442404127 0.0189724527572917
0.10343827509629 0.0624008820243015 0.0358674966134149 -0.0774563344818325
0.0981155751575336 -0.0148516467651691 -0.0746562321712297 -0.112092242273582
0.0403571195916538 -0.0703385008314024 -0.136923404015183 0.000164717327292707
-0.0225647126572303 -0.0774580808061785 -0.0675422819898411 0.0934256441794918
-0.0617898710379248 -0.0431012960458155 0.00916598435365223 0.0869128331871187
-0.0606552998102146 -0.00591349988708968 0.0336627353849399 0.0439799530029726
-0.0579687689226765 0.00632136724223628 0.0317465408982608 0.00295972659766788
-0.0610137329025456 0.00143727300720449 0.0235293170030195 -0.0272376818281322
-0.0799339609928176 -0.0248631095499962 0.03661406341555 -0.0519993002763409
-0.0623634680708874 -0.0752573221818986 0.0711342165684476 -0.050588377629235
0.00354661490523688 -0.101096815602363 0.0930166825413011 0.0142634472113147
0.103785493358111 -0.0792326746047165 0.0722078452365693 0.0861435845184758
0.152473260991992 0.0360723455245474 0.0125050983215546 0.112636053735876
0.117332684659116 0.136948203555974 -0.00262884153410257 0.0845744869956201
0.0527160993441467 0.157554076447609 -0.0136239159531189 -0.0408288069019081
0.106661115943154 0.100811167397181 0.032767448340961 -0.0984644055422956
0.125559573623589 0.00936879139483475 -0.0547090308393412 -0.138825974317012
0.0672023032083162 -0.0790590758893218 -0.126640496467602 -0.0449701320893253
-0.0158180764579523 -0.0949058711412629 -0.089221322577732 0.0496005460127381
-0.0683372894885539 -0.0561979557191693 -0.0260415756263095 0.0694423451272985
-0.0716441192338024 -0.0101285689764312 0.00355254999449089 0.043577045910502
-0.0646249426866027 0.0070491187145977 0.00671145334578434 0.00563345443392389
-0.0648008048512679 0.00227358881434498 -0.00294663798611824 -0.024771789248772
-0.0831892909957944 -0.0249066416294025 0.00734255379591821 -0.0587539276385024
-0.0679637656172319 -0.0756539962500485 0.0452960058268058 -0.0764607598477394
-0.00511009638677491 -0.104878078640945 0.0893802406913662 -0.023154970615867
0.0989056738852119 -0.0865003239837727 0.0816646866792509 0.0588706567656509
0.151004398585516 0.0321622747489851 0.0153948683156189 0.0966154192972583
0.111181271302221 0.133544925309523 -0.0230805392816766 0.0395513154497319
0.0261712858098465 0.148008595905504 -0.0243375686271771 -0.102321683272482
0.0820465669481553 0.115535720531862 0.0304080451955078 -0.119557098456151
0.118581502344477 0.0339929378540226 -0.0284284222520577 -0.152348471451321
0.0775326566520354 -0.0649765745802533 -0.0984855239487012 -0.0846576398749447
-0.00466582157582182 -0.0906773902213508 -0.0985986232627942 -0.000187178102920043
-0.0618461421351939 -0.05909642616788 -0.0594592288304317 0.0441518352417913
-0.0693334858677564 -0.0129469979079504 -0.0291366150410579 0.0392355235402092
-0.0613734272236331 0.00512974905964754 -0.0193313759831573 0.00769498296553369
-0.0604471861286426 0.00243189639096393 -0.0274990179132555 -0.022700856743886
-0.0740765118422419 -0.0237915450101313 -0.0180866781597872 -0.0615019944718401
-0.0598663328732269 -0.070052094017587 0.0220902460944745 -0.0908570377263405
-0.0028243850136632 -0.0939730499244738 0.0814850662048296 -0.0486406603499763
0.0881379361291135 -0.0701703103106818 0.0817945224907797 0.0379527536559438
0.126385537423979 0.0371929089840742 0.012243842939086 0.0815751713507224
0.0842904804729222 0.117549600327149 -0.0416291010159833 -0.000230707287068268
0.0001738647094897 0.106675306068854 -0.0291476337615915 -0.150702963063026
0.04306221336164 0.0972969045554001 0.0299034414477155 -0.133115061217
0.081233490417181 0.0420893567484501 -0.00338634130287213 -0.151866760054657
0.0639129282127634 -0.0381158876471216 -0.0656326383554617 -0.108098497394278
0.00368687777437533 -0.0663777540665111 -0.0976128686160087 -0.0398749406889524
-0.0440355445561935 -0.0487695911411477 -0.0836940110546096 0.0200791187225615
-0.0544513332786832 -0.0126341220764174 -0.0563874939205943 0.0335824178665541
-0.0486402068753976 0.0026422671982784 -0.0415795641664396 0.00733167412294223
-0.0487537107898687 0.00164141473489684 -0.0478290309326507 -0.0215964980287015
-0.0576119852164794 -0.0212714399450967 -0.0359995507997928 -0.0647185862287018
-0.0431297699154853 -0.0590244350786238 0.0070788864517937 -0.100354797858165
0.00675042579122883 -0.0745684958774133 0.075644052606175 -0.0625795381837
0.0765682594740636 -0.0423363954085583 0.0778875094271353 0.0249354803402329
0.0884060281035756 0.0455033838524881 0.00879665505622623 0.0667446362335701
0.0428573076613808 0.0922887038765423 -0.0516016562008881 -0.0347635441192828
-0.0217171417117849 0.0460485886838294 -0.0316209483982052 -0.17528114407458
0.00359047154748602 0.0557614899955926 0.0280840555242626 -0.137410680476771
0.0324457013443068 0.0316761827222821 0.00937605988408877 -0.142697427743575
0.0339398657182568 -0.0113380339047949 -0.0460461126148816 -0.116800541367168
0.00601792933050136 -0.0315219288906609 -0.0944197796790267 -0.059532491252015
-0.0206837632865503 -0.0284256598801675 -0.0965393140548943 0.00531802666750764
-0.0302284515265608 -0.00995569356846498 -0.07392132870284 0.0288360804696787
-0.0291268712843433 -1.31776468278572E-05 -0.0570130518041988 0.00657420332933936
-0.0313011457993894 0.000625355201108793 -0.0614917825780596 -0.0237758213140881
-0.0365079215061289 -0.0154013918473519 -0.0466934057851463 -0.0694650586169719
-0.0243051944118434 -0.0422967251566118 0.000525375856826269 -0.1059736576328
0.0148271121415333 -0.0514408206000909 0.0765036552942796 -0.067877035179556
0.059215580374146 -0.0120292823892437 0.0761791967158552 0.0195997070061845
0.0447247224608543 0.0487103332136788 0.00548648056831004 0.0551991228325725
-0.00206875059671096 0.0580056688414316 -0.0507203924689004 -0.0598679399972759
0.0346942248561849 -0.0170784823167411 0.0616835262430304 0.082992571735785
-0.00651172527834318 -0.0295862361424845 0.0324190450091485 -0.0534525396363969
-0.0274474081387289 -0.0050053033570974 -0.0767751631827915 -0.0328287909227939
-0.00738888154421119 0.01887881591963 -0.096238676035164 0.0649694984512853
0.00588864134790716 0.0101458925637751 -0.00173685682183315 0.117702119161755
0.00826772757736223 0.00592327069254612 0.0612157815645547 0.0770023214180063
0.00934538414451879 0.000130681671920924 0.068494450485758 0.0311522251292638
0.0031981421367286 0.00119063613512515 0.0656337960299394 -0.0044692934850932
-0.000571320485813133 0.00412419636743876 0.0707672368659 -0.0224902419705558
-0.00782415057440831 0.00516455214218639 0.0871988406222435 -0.0109152602361647
-0.00920281136376705 -0.00284751125656175 0.0887691250906163 0.044075019330761
-0.00225125850283207 -0.0123742289825099 0.0451001012936341 0.104205503146876
0.0100264764218748 -0.0219561708093925 -0.000268311048170884 0.124678024022483
0.0324840122530855 -0.0101636729976186 -0.0324155855727043 0.135564046881722
0.0479008119670808 0.0186131920472336 0.0238732348930398 0.172297889961406
0.0616340560907028 0.0311927879973144 0.0455992301260384 0.0805253507359085
0.0331747607056665 -0.0133773247707749 0.0350153284606133 -0.0518553948830861
0.00471471657922826 -0.0194743404281743 -0.0797265216047144 -0.0491507946417773
-0.00275072164524064 -0.00970030792256783 -0.108114538785504 0.0566153612758932
-0.00909852174573307 -0.0145473005978399 -0.0153217916264165 0.119873962127718
-0.016497084341488 -0.00599514993669627 0.0547846750718988 0.0842760447451289
-0.0139169497646452 0.00136048267347345 0.0663235173177956 0.0340787234824763
-0.0200233056939399 0.00315442161272352 0.0618931142048398 -0.00271132907348439
-0.0260939036574277 0.00222082041982244 0.0616035296807732 -0.0249375055434437
-0.0369029539760261 -0.0101851119235952 0.0787765832856557 -0.0240767085966769
-0.0233594912908279 -0.0362255312427518 0.0913150070712657 0.0187683156635924
0.0142930311444455 -0.045153876168814 0.0631403004918971 0.0860274876612991
0.0554270995225764 -0.0285604293846242 0.0213945576333544 0.119397108330475
0.0789972662272694 0.0229758255102568 -0.0150165362918095 0.129112769612645
0.0750775209886829 0.0758573146343388 0.0227743093989086 0.153776464670653
0.0739939095620069 0.0818695439111039 0.0264426183179434 0.0598582484000364
0.0715641731917756 0.0171411251299655 0.0363570430662723 -0.0593515435647297
0.0480886612677574 -0.0251117560979496 -0.0796834866902128 -0.0744674471246694
0.0122943840946833 -0.0407518087724044 -0.122691389328491 0.0366914803393237
-0.0199097904541363 -0.0438967741859617 -0.0368422067308121 0.112827040834759
-0.0407898489949644 -0.0222381592755961 0.0379347150957851 0.0872532165935229
-0.0384386437802049 -0.000444163940296443 0.053543859030572 0.03785351670127
-0.0404830973834158 0.0056762151216321 0.0495227453088321 -0.000706995934063548
-0.0453917793234288 0.00195211796541588 0.0440491775483421 -0.026977164708914
-0.0618677093102092 -0.0188787498866895 0.058964355020038 -0.0386409340976792
-0.043625886240918 -0.058915336783491 0.0839016659825993 -0.0163833824723777
0.0129589939461553 -0.0765275937281487 0.0812856899795541 0.0532196511853715
0.0861709943968355 -0.0522143413562238 0.048812978713615 0.105326119599857
0.121231901895714 0.0342378037202129 0.00213303062672446 0.119742263684511
0.100234486359322 0.112504149906785 0.0156279074852349 0.120099793698702
0.0711557077887083 0.125943608797694 0.00530810641343661 0.0187947306292786
0.0991457297887743 0.056419482354905 0.0344473226433091 -0.073243009562625
0.092674014030628 -0.0155397376314915 -0.0726861137462955 -0.105782516730566
0.0374956050756572 -0.067296573988191 -0.130484869946938 0.00263024212843931
-0.0234242884010735 -0.0721225611324359 -0.0621366737374799 0.0893706882045009
-0.0593619399144007 -0.0387470159977925 0.00984331842156992 0.0817507513796123
-0.0568185681554051 -0.00350139684881859 0.0324984233503478 0.0405307408672303
-0.0548676410217839 0.00737621165027185 0.0296817471504188 0.00246408900334046
-0.0573859265479483 0.00267162955847151 0.0211559683070764 -0.0254234944780948
-0.0762175543694815 -0.0210957370868968 0.0324087755367324 -0.049858243713929
-0.0608146973952294 -0.0692927685259031 0.065398348619851 -0.0500130209010888
0.00147520446231185 -0.0956446081315302 0.0888867244314852 0.0120802319710291
0.0956782686340813 -0.0764862529635832 0.0700608331653031 0.0810608112756335
0.145294298033324 0.0303095876343323 0.0138004591803943 0.106754132990431
0.114024281738864 0.127492455146294 -0.000138413995861954 0.0796422883987944
0.0539158221415409 0.146607204165257 -0.0126504941299559 -0.0368544532295415
0.102854299178479 0.0923818038621305 0.0310566737099146 -0.092670545828977
0.118787206451139 0.00683375503743971 -0.0546823372407251 -0.130817177195602
0.0620024402372907 -0.0762899337069105 -0.120513911505617 -0.0405387178796663
-0.0173597894929003 -0.0889694801563743 -0.0840467734644477 0.0486389842240019
-0.0663201809361031 -0.0510463119550516 -0.0234337499294341 0.0663206755997947
-0.0679737540677527 -0.00729057856747885 0.00370310462662388 0.0410518931026668
-0.0605973463996501 0.0078998958865941 0.0060759600037956 0.00529799500453409
-0.0610408516197369 0.00423108515677658 -0.00366297582920818 -0.0228677603662257
-0.0786407079247023 -0.021165524939721 0.00482559936291072 -0.0549926632996327
-0.0669508668554204 -0.0689874013809428 0.0401650498228744 -0.073726179470057
-0.00710227373613787 -0.0984427611135666 0.0841066681080361 -0.0232262972092515
0.0906832192410263 -0.0833882695514341 0.0786501493864613 0.0550315092286064
0.143133898432294 0.0269648241404362 0.0165369108030642 0.0922932592747628
0.108296912210513 0.12462261968795 -0.0205265538927473 0.038146731076367
0.0282362105114727 0.138483404965886 -0.0242629116377723 -0.0953100057862818
0.0800829694904697 0.10718635174656 0.0278767193967496 -0.1126022507534
0.112136237138193 0.0301003041352472 -0.0289381180615683 -0.143606711432748
0.0719877563423908 -0.062861776742193 -0.0951128038612538 -0.078889996076286
-0.00675640740051849 -0.0857287313728219 -0.094052993505021 0.00261784311770979
-0.0604795201180489 -0.0535811970553609 -0.0555118987598997 0.0435298389115212
-0.0654475570135357 -0.01021317118164 -0.0266322327840388 0.0377380286505942
-0.0572249668116993 0.00622038855174054 -0.0183889071265173 0.00786608361729003
-0.0566408658713565 0.00425875846701064 -0.0264849190205423 -0.0204752380313439
-0.0704181258571141 -0.0200748993837502 -0.0188509277638223 -0.0577382293954734
-0.0590109060895687 -0.0642164762283539 0.0179417354540525 -0.0879724454428546
-0.00425733238198851 -0.0881784979819121 0.0760687901559881 -0.0466490087934755
0.0817821676181355 -0.0683341972475652 0.0778627747132749 0.0351082041336797
0.120087560952467 0.0320444402521091 0.0136579270525685 0.0775376311632906
0.0819705276080339 0.109838720505282 -0.0391968778178356 0.000386617221095738
0.0025479320141119 0.100634119656836 -0.0298267315325094 -0.141098829945102
0.0431147710832592 0.0910698319704505 0.0273836433750439 -0.12620248025868
0.0776580899942172 0.0382301567386691 -0.00517452547346292 -0.143333572421105
0.0592312088355843 -0.037690192998829 -0.0645565684602228 -0.10193312485628
0.00149311400572007 -0.0625319080616999 -0.0941112521261954 -0.0359644080739106
-0.0431012816953745 -0.0441362299570908 -0.0790445445334981 0.0210806965072271
-0.0516227805597154 -0.0108376512345014 -0.0527293346553704 0.0333861846479155
-0.0450319820922402 0.00349113125937277 -0.0391068448779448 0.00816983125221693
-0.0456570443689454 0.00284751086138613 -0.0453972400701308 -0.0192330377975822
-0.0548339922966654 -0.0184326740473664 -0.0358830882232064 -0.0605910825408527
-0.0423023161517006 -0.0542346605610278 0.00365621625967204 -0.0950615807453739
0.00448807249229978 -0.0700469688291793 0.0706529436492763 -0.0603023041861463
0.0707138413232143 -0.040974185616946 0.0747172694272902 0.0227931039650316
0.0845202211035433 0.0407254612656551 0.0102222955384847 0.0633343321679536
0.0423195623967717 0.0862190227662402 -0.049408182459489 -0.0313912622337114
-0.019323569955062 0.0435631678052881 -0.0332344232960978 -0.164614507539335
0.00432030906135584 0.0524044440335046 0.025183307830453 -0.129704318691922
0.0312263105287571 0.0297160639086274 0.00693127452666234 -0.135291938204337
0.0317992979841128 -0.011594501012676 -0.0461134440424603 -0.110119487036664
0.00506416792360617 -0.0298719279772106 -0.0916556391041824 -0.0542474025975669
-0.0210364771605641 -0.0263372516307161 -0.0913929655384416 0.00759127544361616
-0.0293755024952053 -0.00913849025580153 -0.0696120965176573 0.0295366292730016
-0.0269368014652235 0.000634974088317018 -0.0532098433606444 0.0075891834275012
-0.0293532690217424 0.00147331154138462 -0.0585148074270473 -0.0209411257845713
-0.0341026189255228 -0.0134849321875192 -0.0462502976957787 -0.0645105776153747
-0.0237135575925834 -0.0395148009818999 -0.00203071243211053 -0.0999757533904648
0.0129858769636252 -0.048825705045995 0.0713249998861549 -0.0650467869072411
0.0559781721643949 -0.0115209599391202 0.0724321502466781 0.0182985919333985
0.0433647628811006 0.0448192999800259 0.006578863210731 0.0529137566144238
-0.0007194819878291 0.0541306645372312 -0.0495052387581366 -0.0550995389244368
0.0332806356753646 -0.015842703394569 0.0592044584436856 0.0805733453811715
-0.0062236492118355 -0.0286219936447169 0.0327955738386223 -0.0514501364433203
-0.0260862982754437 -0.00578099042012385 -0.0731185147709964 -0.0342789260152638
-0.00722551825410286 0.0174905995418885 -0.0945227129753709 0.0614374768080196
0.00528171573238692 0.00961407981678182 -0.00443343118826707 0.113317841011039
0.00790900206749439 0.00609525922240736 0.0578945471804854 0.0750006532884958
0.0089885835210346 0.000127907231708591 0.0658636861534999 0.0315668945081493
0.00280321172110607 0.000968817901134817 0.0636260635802552 -0.00247926896881157
-0.00103254019177024 0.00426829482117977 0.0682307866228727 -0.0201408764193852
-0.00763301856545713 0.00529739229639605 0.0847772838684767 -0.00888331250669426
-0.00877943176382962 -0.00285519523473585 0.084045346282061 0.044345967224538
-0.00233715984408791 -0.0118603656914887 0.0417596048198423 0.102247402782438
0.00973788666484959 -0.0204617669816156 -0.00367949171316124 0.119217332534823
0.0312033827810232 -0.00869011060256159 -0.0351892882357673 0.129670234857849
0.0454013139714359 0.0186755529918231 0.0193331094195961 0.165897891637244
0.0579261195700304 0.0311578709122639 0.0449893615693689 0.0786711654912856
0.0314487088667893 -0.0122077267160759 0.0361022331899131 -0.0499103330200338
0.0054802077644749 -0.0188241437193753 -0.0759928199136945 -0.0496707960106203
-0.00217734054823528 -0.00926831308724655 -0.10594443672914 0.0527843120053149
-0.00879826554125688 -0.0144696541820535 -0.0169113821248203 0.115067664408314
-0.0155537596767038 -0.00603554429239187 0.0513049896020637 0.0816774900176601
-0.0136390765911055 0.000553084849285469 0.0629167645006758 0.034574982287292
-0.0197230518884496 0.002751118775281 0.0597987143705553 -0.00148513798123993
-0.0249642937986922 0.00149587742916297 0.0596227171855971 -0.0222685054436171
-0.0356464253203375 -0.0104168636663111 0.0759315604410249 -0.0213561810125586
-0.0220528024310776 -0.0350129046241752 0.0875646639124622 0.0195874765484458
0.0148970812529571 -0.0429240141831295 0.0590772514034864 0.0851872896793224
0.0543999387379228 -0.0261157675118698 0.0178840950195539 0.115841568479177
0.0751379745451645 0.0248898350350417 -0.01812560935268 0.124631029123422
0.0709661255539724 0.0745594261317634 0.0191436452901682 0.147613081478996
0.0694722924301266 0.0797537257936195 0.0258367117975264 0.0582747767964942
0.0679342770000925 0.0176747631408278 0.0374220112362525 -0.0563416712148899
0.0462609544583236 -0.0226005299582846 -0.0750561128890402 -0.0740407893433359
0.0128937823550461 -0.0392086823693908 -0.120243679766235 0.0323791481388436
-0.0188289316051604 -0.0424775422441034 -0.0379053494324102 0.107827260426588
-0.0388611024395172 -0.0210782446699068 0.0346782385624144 0.0845129043907301
-0.0363923270114657 -0.00116314180568194 0.0511067037596025 0.0373612796634028
-0.0389625698878042 0.00454110896878949 0.0472242432262481 0.000886072618505924
-0.0439021273329872 0.000934894732457377 0.0426637533951076 -0.0236075789010644
-0.0591350194486092 -0.0187771965947743 0.0569495597803246 -0.036239821748392
-0.041095711655492 -0.0569898466813148 0.0804748878431054 -0.0145320359000864
0.01442783617796 -0.0732093204882321 0.0780113790781259 0.053508887205739
0.0833110323674798 -0.0485602548517979 0.0452628183681018 0.102904443564114
0.115542956218236 0.0354220795000157 -0.000935715728999805 0.115675877597636
0.0948765338382231 0.110736444390607 0.012236807575048 0.115615697017892
0.0660396928927361 0.120576879154368 0.00613900196256489 0.018485283743185
0.0941118825545524 0.055785173262887 0.0372375257578615 -0.0694064494980581
0.088966291907971 -0.012993117788141 -0.0673305828073486 -0.103683774726587
0.037138603551857 -0.0640304766460077 -0.125715934554791 -0.000958413599263299
-0.021768312644265 -0.0697977214120831 -0.0618488086053492 0.0844788288107474
-0.0569529360114059 -0.0367372942819725 0.00806230882009925 0.0784433414341465
-0.0551396233700523 -0.00512127507312126 0.03007181309044 0.0396029600114908
-0.0522871204457715 0.00555123936291135 0.0283728481660601 0.00274377554756851
-0.0554770180118107 0.00211925291822146 0.0206171704780908 -0.023349526969533
-0.0732770644280554 -0.0213752363520448 0.031445267499491 -0.047111382957398
-0.0581060387252283 -0.0664222112900764 0.062956705289569 -0.0474906245639148
0.00337141181300842 -0.0922932955870468 0.0855752684659163 0.0144441310017784
0.0926110055085455 -0.0716206447762063 0.0660917955539405 0.0801485203566489
0.138069405492223 0.0317132344411154 0.0111383042042269 0.10338394482082
0.107727601375118 0.124874513782924 -0.00148836317229219 0.0764924426197048
0.0493775538752938 0.141385641775006 -0.0100763071488939 -0.0353858896060738
0.0972734621437797 0.0907678387269134 0.0331856496868951 -0.0875408008630485
0.114065640904407 0.00886581553623004 -0.049469462092984 -0.127641065939413
0.0609608883129488 -0.0720225064791241 -0.116358116637042 -0.0424166785711301
-0.0157466461166304 -0.0856510987219739 -0.0821916513299627 0.0454360472557927
-0.064164009671552 -0.0489931746996082 -0.0234751626316085 0.0636570197805155
-0.0648456003503962 -0.00760597217440163 0.00253436539844846 0.0391043061705738
-0.0580304743238007 0.00609372898029374 0.00543378955666302 0.00546732336914123
-0.0584251645605885 0.00295118437327838 -0.00338776472386004 -0.0211308741958191
-0.0753459949581162 -0.021264892882039 0.00544491008663639 -0.0530510423864088
-0.0632657458564917 -0.0669872077484778 0.0384106742046041 -0.0707181099931243
-0.00518617199296097 -0.0948944068504504 0.0823926233556969 -0.0203314470293136
0.0884350479582178 -0.0777658104512995 0.075647539688247 0.0559484461777705
0.136776028460478 0.028377686875039 0.0143627681428991 0.0896924784568311
0.102020618314907 0.12169281061246 -0.0198543812413429 0.0361983532750616
0.0245223931993566 0.133099956847816 -0.0202677118469312 -0.0913468868657733
0.0753075993235574 0.104157287100127 0.0306167192578849 -0.106576215677857
0.107282233635205 0.0316414018099433 -0.024715259312288 -0.139242196938748
0.0702524699033338 -0.059839489873782 -0.0903733845069643 -0.0783463540511609
-0.00552246816190276 -0.082210495757627 -0.0912482020023028 0.000444723753978868
-0.0578372743430472 -0.0518069659724215 -0.0541486912391674 0.0414263541925782
-0.0629111382264005 -0.0112968425922282 -0.0268624180401655 0.0356584344779674
-0.0544197155769594 0.00502652297790971 -0.0178427631574904 0.00700743570001869
-0.0540354233224524 0.00304688943298743 -0.0259129105639377 -0.0190861511878478
-0.067718086508803 -0.0206679522933346 -0.0172468534556617 -0.0560491750504897
-0.0560571610014565 -0.0620846879209789 0.0171678020980393 -0.0840341305414302
-0.00280777081644766 -0.0851186237863226 0.0742717757885889 -0.0434330751121087
0.0792222591548394 -0.0633619240721922 0.075802390696868 0.0361818501569329
0.114574778981651 0.0329658835868091 0.0121970170673025 0.0752468464690062
0.0766163731450966 0.107064304238787 -0.0373979549415908 -0.000505103418509675
0.000666526856875252 0.0965147847171732 -0.025506352433407 -0.13615478925859
0.0398928696830902 0.0885286451415257 0.0293739612093864 -0.119878956021516
0.074208280800306 0.0384834975232274 -0.00197331506449296 -0.138111589649931
0.0583124139752786 -0.0355402830169599 -0.0604969329830866 -0.10042057524437
0.00249994549462473 -0.0603523620217443 -0.0904267711393933 -0.035593774135938
-0.0415094036846217 -0.0424720489144565 -0.0768323753926012 0.0200867558596309
-0.0495990678126883 -0.0111131879926252 -0.0511504159038801 0.0310420280440455
-0.0432718292345067 0.0025943188427461 -0.0378231362624246 0.00714143144686952
-0.0429848421053566 0.00200019722641766 -0.0435208470649812 -0.0191499995623
-0.0522098389806628 -0.0181447113428856 -0.03393936009283 -0.0587638662864484
-0.040535062838044 -0.0521636916357821 0.00428866458568533 -0.0914797918993004
0.005806149196747 -0.0678563882591355 0.0695298872140264 -0.0566945613542841
0.0687795070244303 -0.0372533153450164 0.0724252989148331 0.0247529324041717
0.0803335817741962 0.0404611489873058 0.00908818206887344 0.0616060240749112
0.0386936561469153 0.08427638878015 -0.046873408941351 -0.031752021268497
-0.0195242348546709 0.040912117406719 -0.0281783325890214 -0.158707822736876
0.00369066450600347 0.0501483473023499 0.0265122414947714 -0.123640330206818
0.029628468492204 0.0292605874152437 0.0102286344719866 -0.130214659906286
0.0311786985841871 -0.0107319921585185 -0.0421658593680736 -0.107806558594011
0.00523506771302204 -0.0282742441369091 -0.0878688842035287 -0.0538380347707078
-0.0193253343057504 -0.0250394053587985 -0.088890228473602 0.00655979482928436
-0.0280442014724482 -0.00937995499496089 -0.0673535257707404 0.0270069059128807
-0.0255888785654393 -0.000333806899916508 -0.0524023513296655 0.00594501275065271
-0.0276645433778523 0.00124257384751085 -0.0563454372929501 -0.0207096992633018
-0.0330561216391223 -0.0131640693525121 -0.0432523653628771 -0.063669165178447
-0.0220343247528683 -0.0378977365235711 -0.000943572655814292 -0.096702863866382
0.0133613850338321 -0.0469065221476529 0.0706362709073574 -0.0614082731678826
0.0540569251567383 -0.0103296545156473 0.0698628124060644 0.0200439026348138
0.0404455979022876 0.0435379826936494 0.0055169327803181 0.0509379623350172
-0.00226166562917876 0.0526105303799082 -0.0466786242781037 -0.0538322048447047
0.0347824870093001 -0.0108100464110676 0.0473510705497296 0.0918281802184835
-0.00109184520857701 -0.0288263982839644 0.0435782452533453 -0.0462751039298846
-0.0242642687954139 -0.00991546606003355 -0.0659932343442232 -0.0476284849925844
-0.0102851621799916 0.014847645016484 -0.102372328112571 0.0443564327836428
0.00287086682108457 0.0107186464401675 -0.0227795720362662 0.109742880684147
0.0073203340277086 0.00659342864353993 0.0448907954127178 0.0835800238083661
0.00895126331716002 0.00143642684597476 0.0605302039634126 0.0422144348210751
0.0024176286722314 0.00133839656760692 0.0631582138263942 0.0093914988717322
-0.0018248324341277 0.00275182294510432 0.071463071785055 -0.00752744100729482
-0.00838011905119656 0.00353150867267847 0.0842000563215673 0.00608535730101992
-0.0068592887879712 -0.00502991139953722 0.0751860293055665 0.0593668832750457
0.00146920608413527 -0.0123342837411996 0.0225983655775613 0.109670712564739
0.0151159456796836 -0.0164077002428773 -0.0268002342756962 0.116672692940905
0.0329185382410566 -0.000647685807158039 -0.0597343440300425 0.120781986974761
0.0428720286822934 0.0269564806625782 -0.0126083460611522 0.16876578251626
0.0518618231966165 0.0387451772886464 0.0287423343231768 0.0871175289483324
0.0327384905093882 -0.00604433463533664 0.0449143367614499 -0.0431070849385588
0.00861411741303818 -0.0171563438429462 -0.0664123195762403 -0.0617515335539118
-0.000377723479812405 -0.0100213979571006 -0.112263736435644 0.0352636608368806
-0.00636835374380573 -0.0151468609983989 -0.0350786977305756 0.111056417215538
-0.0138767649162396 -0.00912215599819145 0.0381343842149353 0.0891264475499674
-0.0134015971794313 -0.00227746698093845 0.0573971293093019 0.044563769953154
-0.0196341430696277 -0.00103435527668853 0.0588861900119263 0.009162172894103
-0.0248459185872191 -0.00347547144491348 0.0628035986505739 -0.0107730369219145
-0.032890871386911 -0.01643332308874 0.0774030620008882 -0.00723298362499847
-0.0143389178547682 -0.0386015813086243 0.0818468627046224 0.0350764806208913
0.0238485775782809 -0.0402490934841604 0.0431286919459938 0.0962256950061023
0.0599075802465958 -0.0147146431840828 -0.00474110567086767 0.116868227083824
0.070162252743071 0.0385399538486301 -0.042049149764005 0.117762806332554
0.0573697879752287 0.0862280842953444 -0.00896576573824849 0.149121959755975
0.0558636419767707 0.0882304846933535 0.00980673673449983 0.0628640450417169
0.0636015973180011 0.0290700512532907 0.0454590396196725 -0.0473885602084171
0.049694840102989 -0.0138110828503369 -0.0636116543636236 -0.0836181548728458
0.0197660451876589 -0.0362227145066393 -0.122647846094069 0.0145089533107047
-0.011448488803737 -0.0446630072432769 -0.0534005776479792 0.10156034426989
-0.0339889126641684 -0.0277510158065314 0.0223968253232941 0.0891347566525299
-0.0357100711399035 -0.00768414790872954 0.0456662431007393 0.0458298035317712
-0.0386531842391843 -0.00289334169756293 0.0463125728294223 0.00867027221126327
-0.0433431067988393 -0.00720959018043382 0.0461030351589673 -0.0146720428418573
-0.054595008340162 -0.0286874040934193 0.0614845103657584 -0.0244125814621649
-0.0296987680171634 -0.0629808131612553 0.0806572583798823 0.000978776510938317
0.0284776822546376 -0.070013539464478 0.0676049799322657 0.0687707255037889
0.0916577111109905 -0.0314724042547101 0.0241702268524898 0.108967956463841
0.106993074761532 0.0562351815525976 -0.0226531237640356 0.110996221373963
0.0736676636529201 0.126283490338104 -0.0086590443621238 0.115928351201255
0.0460052544142882 0.128273616284969 -0.00596439589809971 0.0191699124143806
0.0821822178513546 0.0708160536516788 0.0443071041566282 -0.0603058280688889
0.0896492453791187 0.00249959743914034 -0.0525605467916773 -0.108878212378247
0.047866728688853 -0.0562225179935858 -0.123147287735569 -0.0172455095164406
-0.00914761183123976 -0.0716288206254864 -0.0729469841593106 0.0761504419548648
-0.0484982152452587 -0.0458669881418447 -0.00181746709562938 0.0794480889763136
-0.0529570350124025 -0.0140781757585324 0.0251824413597608 0.0443747373317565
-0.0517741423441586 -0.00406090584305824 0.0271386785018381 0.00852493474625388
-0.0539323557687468 -0.00791828027846615 0.0240411117832625 -0.0184827084960183
-0.067757941685669 -0.0336157969172957 0.0385918137168468 -0.0398996100528014
-0.0449128182663999 -0.0754190379600991 0.0680984188244612 -0.0346435057271569
0.02057185903766 -0.0904267595095293 0.0823785737233388 0.0318450247958104
0.104350401664604 -0.0527715205248351 0.0493240397855215 0.0909098337840136
0.129942971022154 0.05629941889843 -0.00890569199692787 0.10079367415439
0.0833333169536501 0.142349028958525 -0.0156726641763798 0.0736435620977988
0.0263323671230367 0.146037148980512 -0.0145588170305408 -0.0384735782514551
0.0797347975651003 0.105543454111812 0.0425043069361602 -0.0799256391501302
0.110061522506053 0.0287502602496312 -0.0331111561462393 -0.128973358112642
0.0725890031043103 -0.0591773629298184 -0.108133212393454 -0.0554421183448082
1.51027556840235E-05 -0.0860525007344861 -0.086751997072898 0.0358161870413993
-0.0543191504514475 -0.0579101632495312 -0.0304511498941033 0.0594875558008396
-0.0626057203161592 -0.0196784271135065 -0.00232922418036928 0.0398637805605275
-0.0572599369009341 -0.00473778915910257 0.00434811417166455 0.00645270915000396
-0.0571806226653367 -0.00735082101770042 -5.45046487583246E-06 -0.020661884044328
-0.0705064112724413 -0.0334003311835674 0.0137363528731244 -0.0498480460237364
-0.0505248342516847 -0.075973047568458 0.0484898372100236 -0.0617802262277396
0.0119602015083491 -0.0948372012510735 0.0848652388318424 -0.00323461334101674
0.100508593109431 -0.0605947166116534 0.0625131630653321 0.0684452228433319
0.128867099075553 0.0516605124326603 -0.00258673272352985 0.0878268884584161
0.0778795524750757 0.138342495499495 -0.0266847060898616 0.0299423108433868
0.0035055276455678 0.134065478775468 -0.0147320964644075 -0.0962150243667139
0.0558585070223112 0.11498548624494 0.0425928014920693 -0.100041243167941
0.10018172496224 0.0496537415605366 -0.00675438857558692 -0.137324987078697
0.0793937976300179 -0.0453152403289757 -0.0776837595136701 -0.0870723491300679
0.00996449372863204 -0.0809806420894833 -0.0894483395798468 -0.0101080965766803
-0.0474484480261089 -0.0595225992146207 -0.0573732665348219 0.0325727039827853
-0.0605788473601333 -0.0211614131687149 -0.0311247223442328 0.0324767068730408
-0.0542339500887038 -0.00486919381344357 -0.0187272718498443 0.00366320294032162
-0.052920627594214 -0.00681380293772616 -0.0220895880530549 -0.0220200386802758
-0.062642223187537 -0.0316454439466138 -0.00814496787099078 -0.0565433612374478
-0.0445087287421577 -0.0699201690803547 0.0301761198349533 -0.0785800839762401
0.0120776738253328 -0.0847274596229915 0.081388084295657 -0.0275497413512211
0.0895830213992237 -0.0485787704577497 0.0663262354385256 0.0496518946601839
0.106214849325515 0.0523581498233706 -0.00170836631341664 0.0738623594493726
0.055136253536654 0.11998793096926 -0.0369584274794788 -0.00932087075008389
-0.0138479460511237 0.0947472862300751 -0.0099931007689254 -0.141220985061873
0.0241807496404914 0.0929360954368531 0.0450615635841115 -0.114110934999844
0.0662092312774443 0.0518683879191827 0.0160707858917704 -0.133834054165332
0.0634945299161376 -0.0240258247528193 -0.0450488322064863 -0.104667862050671
0.0133304069826371 -0.0587387110795353 -0.0831724956834877 -0.0467565742791486
-0.0333355401376773 -0.0471998847584482 -0.0770209580144986 0.00848679718115829
-0.0473298885815445 -0.0192664971715204 -0.0547225759449593 0.023704971533217
-0.0426389746076731 -0.00546790302292077 -0.0390032047908033 0.000546192748003049
-0.0423583690996815 -0.00584529853179716 -0.0400105831561354 -0.025549310468627
-0.0486253526351447 -0.0269401958983164 -0.0236081841179454 -0.0628590307567489
-0.031060653530015 -0.0581567671691275 0.0189705883196824 -0.0888182336040624
0.0177175443839861 -0.066615489411504 0.0786475329929787 -0.0427885955812953
0.0749882834169205 -0.0249024411264329 0.0658563224532768 0.0369804979280995
0.0714520246875687 0.0539441481274733 -0.00161102378858159 0.0602518609997929
0.0219560841838938 0.0903191978637868 -0.04069764396277 -0.0412921300414152
-0.0250898869484215 0.0372830551385384 -0.00428618417522647 -0.163964151498649
-0.00414086187990882 0.0496643735433752 0.0457763442602026 -0.119325332409206
0.0243458248913153 0.0340675787727218 0.0290281435120767 -0.12661908187438
0.0326759278066827 -0.00453437990791076 -0.0254503746196887 -0.110604692968952
0.0105277403561091 -0.0275262068170563 -0.0782306686900366 -0.0651728782472675
-0.0148333283809051 -0.0267142120222382 -0.0877572412586919 -0.00788319686504492
-0.026024448979301 -0.0126313345998641 -0.0707295381699192 0.0174568927128981
-0.0249756628928463 -0.00499003834013341 -0.0523612095592752 -0.00302566373467493
-0.0265535480483098 -0.00366004745953761 -0.052371603804038 -0.029972260638873
-0.030135426753543 -0.0190145154083544 -0.0322612369416877 -0.0692724749830552
-0.0168859152924204 -0.0417359672487587 0.0154962846561991 -0.0948253773591641
0.0209275155483534 -0.0447715956216176 0.0807327844825569 -0.0475878519243476
0.0556323637999707 -0.000915463947159754 0.0651330192270466 0.0328839848378174
0.0322345090217921 0.0497352817406507 -0.00260484464281828 0.0495356843931095
-0.0132042282946218 0.0514542572104428 -0.0360318945580544 -0.0626118196617848
0.0361158709109316 -0.0106693028833675 0.0484631513919641 0.0945639765144837
-0.00137222015588782 -0.0292900247189177 0.0469845291542348 -0.0479494532359488
-0.0248888505451227 -0.010588329401388 -0.067410553149079 -0.0508335874605636
-0.0110648852655483 0.0150611495762707 -0.106965343161267 0.0450069931549437
0.00269273951627718 0.0106048855596567 -0.0253914363100638 0.11312935570752
0.00759772071712856 0.00672005832091737 0.0446668976703831 0.0865970607318108
0.00883488972754711 0.00139041515768383 0.0622168935602733 0.0446874601867086
0.00260456443576271 0.00117549622998781 0.0653210419040446 0.0102771394515636
-0.00202522417294962 0.00306342004035617 0.0739002209896365 -0.00677040095689441
-0.00866689523542816 0.00328981319344556 0.0873381085641407 0.00794986336089142
-0.0066920235364409 -0.00561878936590458 0.077207358041206 0.0631042338229701
0.00208001865378145 -0.0131794237995528 0.0221881968102213 0.11435313059587
0.0155439860679176 -0.016288746357286 -0.0306865404960059 0.118737929891677
0.03404555780775 0.00018702452162086 -0.0656356757344783 0.123268269229774
0.0433203659336118 0.0288574476037737 -0.0163228015948233 0.172416062960693
0.0529257194336655 0.0397469195351811 0.0298818741208232 0.0902991624477861
0.0333564027838158 -0.00597448568572701 0.0485039153749562 -0.0445115080148383
0.00919635327083795 -0.0171035266983496 -0.0673077949083858 -0.0649266308017388
8.83503505793804E-05 -0.0106886943344574 -0.116933865897326 0.0347249771905105
-0.00700901669833178 -0.0161649917420469 -0.0381715870876501 0.113804665725287
-0.0142823932589195 -0.00941200072141208 0.0381471312971105 0.0921657861334612
-0.0140208690782372 -0.00283332700204177 0.0587292000919719 0.046791380207194
-0.020456232024615 -0.00126987740060825 0.0604253136672989 0.0105521183320376
-0.0257450362701221 -0.00345780505436672 0.0656572839307747 -0.00986313044755229
-0.0339916302187376 -0.0169492701126964 0.0800231664935022 -0.00621880525827198
-0.0141603892751139 -0.0400201100154459 0.0831798959739258 0.0383888669002616
0.0252576057564447 -0.0412466749329356 0.0429811256056136 0.100898138539986
0.0611755073885615 -0.013830290984911 -0.00725417368239754 0.120414847559536
0.0711883262393784 0.0414529574071344 -0.0466747542815915 0.120813817281971
0.0575713905841773 0.0898993280545455 -0.0116394604414911 0.153266630848067
0.0561559200848342 0.0903784838146852 0.0114320311257624 0.0652798166134232
0.0641263534493615 0.0305127018101278 0.0498928666155813 -0.0481714347741132
0.0510916727761774 -0.0129693494417514 -0.063523496595501 -0.0887571868779623
0.0208617306395539 -0.037274996757663 -0.126696715748651 0.0131660476139118
-0.0116800902608811 -0.0462734584555836 -0.0568909756769992 0.103491697379872
-0.0351886710873308 -0.0285612251312887 0.0222656914149004 0.0920736421423675
-0.0365066322919179 -0.00803835618269502 0.046380139535081 0.0475009890529992
-0.0401702658772031 -0.00372913810765847 0.0479862937534455 0.0102567819335337
-0.0445758762308083 -0.00794827758574598 0.04820631015835 -0.0145608396812882
-0.0560755850776721 -0.0296631277672376 0.0634422501124256 -0.0243032473865906
-0.0300833553256498 -0.0652614790074049 0.0822022864340722 0.0022429349019689
0.0299365564105561 -0.0724231855841236 0.0683880514167534 0.0728470263422088
0.0948952596984147 -0.0307791952091728 0.0231586002621756 0.113676770720468
0.109187109059763 0.0600009069256502 -0.0259117615196679 0.11466330421275
0.0742006666780604 0.131859316925175 -0.0108046960457185 0.118674477188103
0.0451599981621936 0.132657568415179 -0.00453385035034621 0.0199031377843785
0.0829385068627858 0.0744033888254624 0.0492143067599528 -0.0610536736741544
0.0922477560575326 0.00425599247072717 -0.052287245341825 -0.114328087550685
0.0503199091637497 -0.0574444329675029 -0.127592959516575 -0.0206435866152909
-0.00858386806280233 -0.0736729903301345 -0.0769283270572994 0.0772024033400489
-0.0501462489522173 -0.046903018309058 -0.00302318921676165 0.0823008654090534
-0.0547261376268472 -0.0152320164388477 0.0250275269202075 0.0459906342379102
-0.0533543085846276 -0.0051299297472168 0.0282415373194255 0.00864139393240322
-0.0559953250460955 -0.00878500974457248 0.0254391172666664 -0.0175705834949578
-0.0704424394401312 -0.0346898912123305 0.039838512932584 -0.0399849349339259
-0.0453853398514417 -0.0775984823333485 0.0694893699469725 -0.0342123247665707
0.0218633856889696 -0.0930305489268033 0.0848758625163802 0.0350914803517578
0.1080940622458 -0.0528523918264453 0.0500055140497679 0.0956843493223205
0.132584195480793 0.0595525242136323 -0.0113185481932841 0.104739666787597
0.0842664616359443 0.149015214298007 -0.0166068897541659 0.0751928229955334
0.024210106077292 0.149783553614173 -0.0132004371270066 -0.0390913917282577
0.0803640885600966 0.109646160695119 0.0473549844704528 -0.0800967152063409
0.112962627175861 0.0313314258229705 -0.0311699921736733 -0.134701620622754
0.0754934532707547 -0.0606479159151116 -0.110821959175346 -0.060261236143508
0.000364866268335326 -0.0886147543861651 -0.0905469644679546 0.0352096005878692
-0.05530837373248 -0.0595172699890321 -0.0321074656070554 0.0611316116464622
-0.0640438525236413 -0.0202497688862896 -0.002394381385929 0.0412491050424314
-0.0588039695005408 -0.00576193187686488 0.00411416726168742 0.0073903629538702
-0.0588563266951387 -0.00839935592509309 0.000715220732471613 -0.0203306289170821
-0.0732068984432904 -0.0351887317162798 0.0145485407118827 -0.050828763874557
-0.0512634949914246 -0.0787057203924644 0.0491600901101993 -0.0630432788433549
0.0137731914046291 -0.0975303531760638 0.0879212661684723 -0.00100944625925499
0.104042150897853 -0.0599822526280464 0.0644521825399297 0.0728579879582674
0.131591098107517 0.0553812087878024 -0.00388352944727215 0.0907856201919114
0.0783453298702547 0.144296830140007 -0.0279379118046528 0.0300986070941758
0.00106717700303787 0.137733214610112 -0.0124838583112571 -0.0988742695031303
0.0555955575027454 0.118739594285736 0.0477607580392448 -0.100632079826209
0.102223364533866 0.053500140217156 -0.00413884492063132 -0.141917791575444
0.0826456269448711 -0.0459290157387594 -0.0788053178984553 -0.0921857322683425
0.0108428472886135 -0.0835240339140996 -0.0917552715005629 -0.0117649362383703
-0.0486069518618836 -0.0613159106857569 -0.0594268071100383 0.0338465346161493
-0.0624566991943955 -0.0224393468838422 -0.0316339933531554 0.0330867569208873
-0.0557246334300103 -0.00650458366644668 -0.0196960078832218 0.00381511770609638
-0.0540285558852859 -0.00778768341490195 -0.0219692746389398 -0.0227772266509279
-0.0648487893873411 -0.0330586204145411 -0.00819901572213862 -0.0587587109887691
-0.045624799249776 -0.072342275887607 0.0312367840563562 -0.0809055802396639
0.0133633247351592 -0.0872983661967595 0.0846103836968502 -0.0268351907074569
0.0928117187906127 -0.047678804906878 0.0691683354338299 0.053682858177932
0.108553405578526 0.0552570754152039 -0.00173326959547077 0.0767153542302605
0.0553817004970957 0.124735052143474 -0.0379358531034328 -0.0110551890742072
-0.0157754669858526 0.0969721605926473 -0.00677940126459403 -0.145166104155275
0.0235148112813802 0.0958527970864256 0.0508816141381681 -0.115647349934596
0.0672728209830191 0.054493543363769 0.0196910494511897 -0.137706956373033
0.0661717668511515 -0.0243917650292878 -0.0444598971500493 -0.10962304804693
0.0140262651512407 -0.0602948753268554 -0.0851236261318075 -0.0495487621631195
-0.034027504140642 -0.048322272126668 -0.0795527015870584 0.0078285261312511
-0.048462085589956 -0.0198767902818958 -0.0566895746473206 0.0240275123050253
-0.0440202983448302 -0.00653300459984876 -0.0401544186575791 -1.82687463900586E-05
-0.0428909734048558 -0.00632249233617181 -0.0407056918809591 -0.0261138333821603
-0.0497538311003255 -0.0285153927481675 -0.0237463422344075 -0.0649898989428539
-0.0314459072484286 -0.0605382751536104 0.0195926276152391 -0.0915681089725356
0.018775210360364 -0.0685483547949165 0.0825233816225196 -0.0415801482324687
0.0773114892703672 -0.0235472792242192 0.0682607934540628 0.0404435300923369
0.072518186187962 0.0562186507769797 -0.00234943018641328 0.0620175066781655
0.0211262741538286 0.0939610853599375 -0.0412626154089106 -0.043053082073347
-0.0260776722443867 0.0379422083475738 -0.00143791999188919 -0.168888273198074
-0.00513809075237402 0.050718163595159 0.0499783549380401 -0.120754882103812
0.0244572081693284 0.0357094809140679 0.0324469670637127 -0.129409891404105
0.0336722882050613 -0.00472680871193836 -0.0232595221194603 -0.115951625094685
0.0107340852104037 -0.027847056300028 -0.079455332103304 -0.0684553351857185
-0.0156254287031242 -0.0269945946077354 -0.0910898757002034 -0.00776751457281839
-0.0271508548276673 -0.0130354822438459 -0.0729368243171567 0.0165861553755148
-0.0255673260633989 -0.00544553216988241 -0.0539443896902276 -0.00406308000515926
-0.026814068259856 -0.00495430429189333 -0.0532307265977993 -0.031416727434533
-0.0303808447100425 -0.0195213004112398 -0.0330240441094803 -0.0718608108774748
-0.0167849355832064 -0.0429594646096417 0.0170984929737053 -0.0978992144722224
0.0219269964693959 -0.0455648621457829 0.0836825937507019 -0.0473510766408944
0.0574678177572635 -0.000228132041819423 0.06739431441447 0.0357728128412506
0.0321351299627142 0.051908678090044 -0.00317310278786255 0.0515994688955983
-0.0144559024798582 0.0535680605729587 -0.0366322680933765 -0.0653573471917147
0.0368951890744298 -0.0123203335310483 0.0542512332599138 0.0960440565037053
-0.00190523433973717 -0.0303011591808863 0.0487268335837377 -0.0522262576767966
-0.0260307509364892 -0.00992655468443583 -0.0702790173473162 -0.0526532936945678
-0.0114298876130793 0.0157502823828064 -0.110868082821459 0.0490228901162535
0.00258779665084181 0.0109074070046569 -0.0240591727262597 0.118174970046168
0.00849481227328294 0.0066381335592399 0.048843516134287 0.0886430197918479
0.00946414466361778 0.00112150614873305 0.0661710430846546 0.0450192697716652
0.00220785767966393 0.000901374192268791 0.068639017337839 0.00983307548574626
-0.00203480267976194 0.00387022125713123 0.0772138687192699 -0.00886078495135965
-0.00881449994677137 0.00421456271697605 0.0904876863116315 0.00581031340107714
-0.0070114144820154 -0.00573742205195406 0.0817034643831964 0.0647444402905851
0.00135447064111367 -0.0140621624095933 0.0256425033603846 0.118592163697659
0.0159253981771774 -0.0169249008761644 -0.0302957701903438 0.124245837399798
0.0355953860609801 -8.64229582524978E-05 -0.0662643110620539 0.129901864742349
0.0461141338260776 0.0285966197820683 -0.0133510387027787 0.179148199367914
0.0555782905991098 0.0400423721448976 0.035013264065565 0.0925090513472353
0.034373365666366 -0.00706699441046499 0.0516403153016718 -0.0476456989791302
0.00855539972042121 -0.0181080800821889 -0.0709423715305582 -0.0674317171310597
-0.00089981719892527 -0.0111747100511131 -0.121478355738643 0.0387624824914417
-0.00819817358460097 -0.0164715894978762 -0.037094556481993 0.119083658963173
-0.014385395723952 -0.00903447370708203 0.0416523613886905 0.0941768824914278
-0.014536665712121 -0.00214135108419659 0.062281559320842 0.0477380078642361
-0.0213969186506012 -0.00113500207411201 0.0637003890202615 0.0103717004927135
-0.0270924841873749 -0.00317784374466225 0.0679365193951262 -0.0116813984147984
-0.035985931399685 -0.0166063302269277 0.0833347384794414 -0.00825571130793798
-0.0157239327218477 -0.0414381998606609 0.0875115573732673 0.0381928720073522
0.0252928860508915 -0.0435184071349404 0.0475645876624344 0.104165016614747
0.0634367219136392 -0.0149907488935802 -0.00595052804005037 0.125622087222179
0.0744222121963683 0.042126716177547 -0.0465349721058123 0.126657499804852
0.0620203130807387 0.0926642478531763 -0.00834796655414057 0.158663505904128
0.0600279545043866 0.0923965318665944 0.0147861172756902 0.0674132293726339
0.0671738681604352 0.0304250508177088 0.0526104256271484 -0.0522348812432114
0.0524129243439136 -0.0149050919519378 -0.0679833654590434 -0.0907297265727518
0.0205080310056077 -0.0394739361805268 -0.131826320382517 0.0160258995113916
-0.0138803900384845 -0.0474854314929252 -0.0571880787107799 0.109163445832149
-0.0369491130273901 -0.0280559503607275 0.0253176116656446 0.0948932400949674
-0.0379304417585154 -0.00783439297606506 0.0491489830890203 0.0480539052464072
-0.0415521366660888 -0.00285856964170048 0.0502717933774294 0.00995887414423359
-0.0465008184502742 -0.00692214161929222 0.0495497475443273 -0.0155830051706652
-0.0596658017957794 -0.0284999602076992 0.0652214509608083 -0.0267514615088215
-0.0327143939837125 -0.0666520972261949 0.0847639096184332 0.000297696646213917
0.0290979919424418 -0.0753273204789579 0.0735061537609687 0.0751203944562949
0.0973161380297013 -0.0334879775978253 0.026773852572432 0.118289763607227
0.114513174290758 0.0604098268996659 -0.0248722743554437 0.119853418704262
0.0805543224581078 0.13555781393597 -0.00768013900258506 0.122986976916537
0.0490628926351663 0.135193159100682 -0.00285969603043817 0.0215567597707605
0.0876394988815494 0.0747799426091156 0.0527798953112781 -0.0642251692355049
0.0956608090468799 0.00283810707937197 -0.0564252234041311 -0.11843276768183
0.0505349586985906 -0.0609033896062267 -0.133777263731492 -0.0190374692547314
-0.0120337104219809 -0.0761096669600687 -0.0780768607251804 0.082212716480379
-0.0531474777075703 -0.0466652370812072 -0.000646227573599103 0.0851977256368904
-0.0571845541200993 -0.0137353330353585 0.0267466316962903 0.0472171462501335
-0.0555777134990479 -0.00422507215792865 0.0289816523182066 0.00909151603289159
-0.0582140400394416 -0.00809282073705129 0.0260401763078566 -0.018186275156418
-0.0742460403198624 -0.0335203820684804 0.0405037993360539 -0.0424642462993887
-0.049757227553272 -0.0790003561342252 0.0703740916063347 -0.0373745532422319
0.0198729647187655 -0.0976684351649613 0.0898909526011116 0.0352587586082032
0.110590784006896 -0.0565426470123659 0.0549336632380276 0.098831578922489
0.139163928786604 0.0587359054789166 -0.00890056592955382 0.108207890645059
0.0921723481700905 0.152930814491068 -0.0149083971735099 0.0775668543886598
0.0283196576869207 0.154339019357471 -0.0130049303082121 -0.0393053859521406
0.0853087550773506 0.111320285379584 0.0499178135370803 -0.0838582208165079
0.118412447949833 0.0307048808197658 -0.0347928270236423 -0.139347165843617
0.0773601633655963 -0.0650642590471447 -0.116637527193478 -0.0602459105188289
-0.00259630154933379 -0.0919471712578459 -0.0932055240371678 0.0386749744568745
-0.0592226806655862 -0.0597764007404344 -0.0319557099276387 0.0643046825461755
-0.067193518865345 -0.0191131187001486 -0.00172709481203631 0.0429218411550164
-0.0610283743163861 -0.00512907474410319 0.00453094415657668 0.0071582391258851
-0.0614625191113556 -0.00721627542242918 0.000811432135449557 -0.0199520259876792
-0.077163039239268 -0.0338683565338149 0.0135346111101347 -0.0535464882532703
-0.0561018117600131 -0.0798758993397205 0.0481471403464861 -0.0661838323186362
0.0112465617313808 -0.101625553762088 0.0922225552265025 -0.00328818984106165
0.106514753829249 -0.0640621927395096 0.0695660932538641 0.0751465562121883
0.137716641289489 0.0539669007846132 -0.00156076767035808 0.0948431885771246
0.0859408897749901 0.148360013361186 -0.0279011969173233 0.0309191709721915
0.00417996390147129 0.141619821974364 -0.0141080936553792 -0.101767975532156
0.0602100119482444 0.122269395316142 0.0501210394962135 -0.104944818663268
0.108102055903989 0.0535329341640614 -0.00716543355565048 -0.148129711521344
0.0850319427659976 -0.0500849603857086 -0.0838197770275171 -0.0944864784526744
0.0085836899021724 -0.0869865954490834 -0.0960532897770524 -0.010047372648515
-0.0520791638745795 -0.0608192941066658 -0.0607481469367742 0.0368307555488321
-0.0651467259724257 -0.0213499838865072 -0.0322094720850183 0.0357642964376755
-0.0577366877342013 -0.00607908026815991 -0.020388396796475 0.00463770432788128
-0.055825040750849 -0.00679847077180164 -0.0231949088851506 -0.02159372868362
-0.0687915024112085 -0.0326025274735557 -0.00986515037146428 -0.0603933664478276
-0.0499534567872468 -0.0738399212360246 0.0287819455711883 -0.0848254411495621
0.011408138810069 -0.0907914110317009 0.0875877617767149 -0.0300775664229628
0.0948928844523784 -0.0509875737321025 0.0740046889965326 0.054384794092175
0.114071519301323 0.0548541441957455 1.79874725097594E-05 0.0789852146789176
0.0612312484350833 0.128579550307299 -0.0393816629427906 -0.0103611250759299
-0.0149487926725616 0.0999965765935422 -0.00964481513824527 -0.15006668770623
0.0266093471936792 0.0988757653647516 0.0515526219865729 -0.119900597108764
0.0717611150749852 0.0550953728733324 0.0183349907130935 -0.143398937122621
0.06766600973692 -0.0273230331563898 -0.0485187434998395 -0.113528036958268
0.0124296226648191 -0.0634613653434778 -0.0898937303204799 -0.049453549088269
-0.0366916051141852 -0.0483613287727734 -0.0820920459825861 0.0107200032244241
-0.0510819376654126 -0.0180378626293779 -0.0584442123584227 0.0267140830729979
-0.0454616358886175 -0.0061105517605106 -0.0418732484871383 0.00128318072749136
-0.0440757574561277 -0.00614297456094366 -0.0424953618672841 -0.025878705678603
-0.0528095044651001 -0.0275837463037237 -0.026706432267282 -0.066798361465964
-0.0346296616125187 -0.0615826034224893 0.0173469628430033 -0.0953847635024351
0.017363176224372 -0.0713979699650859 0.0848688873900561 -0.0455121204755481
0.0800579966262867 -0.0261859581810671 0.072923392686595 0.0417609673164172
0.0766023437962564 0.0564969975093835 -0.000920108772093136 0.0648529222283398
0.0239554151579853 0.0967303108473434 -0.044595493291922 -0.0437591809220946
-0.0263941660179567 0.0391605539519499 -0.00472444228130577 -0.174290624925041
-0.00411605124735425 0.0521355659457268 0.0505333349735349 -0.125641933009818
0.0265550990814559 0.0371684708005456 0.0314076221172076 -0.136034321746304
0.0347843810411874 -0.00573343740176438 -0.026929226265194 -0.120224263658345
0.0102205073955361 -0.0299078134959161 -0.0848474858801914 -0.0694150113581558
-0.0169245665948674 -0.0266242061520535 -0.0947798203828458 -0.00589158742933468
-0.02868426011541 -0.0126503825998339 -0.0750845808503498 0.0205501496270344
-0.0265331706000185 -0.00561113140913678 -0.0567669193657841 -0.00272356533963348
-0.0276098340423223 -0.0039522875883352 -0.05573822345295 -0.0305420970400955
-0.0321567793838059 -0.0193236191498517 -0.0358410366186224 -0.0738387103311304
-0.0188856843453357 -0.0439264295446693 0.0142149938879854 -0.102439515868842
0.021201938396698 -0.048422333043507 0.0864325070979256 -0.0513415952648583
0.0598648929936446 -0.00101020140576275 0.0718138899064227 0.0362796760370192
0.0345824891344918 0.0529432798136628 -0.00279002129604994 0.0535638351827009
-0.0137351371054842 0.0559843948810432 -0.0405977515467482 -0.0659409507611316
0.0363080310958515 -0.0145367197310556 0.0613526438210455 0.0934307928360778
-0.00411432352795888 -0.0307283783656519 0.0482738127600822 -0.0577937806829022
-0.0270871247844915 -0.00954275593209571 -0.0737508998771713 -0.050360745280421
-0.0103434061789253 0.0168234472518039 -0.10979484799594 0.0555543257770325
0.00316496125022389 0.0113582285851728 -0.0186009984879662 0.121128039838315
0.00893229318011033 0.0058297650971623 0.0537827077443896 0.0865465364790418
0.00927080648717092 0.000498647116378976 0.069881169888925 0.0419778259682606
0.00200446695264702 0.000706849051901927 0.0702699937651932 0.00574330722005105
-0.00187115718221048 0.00384929158998993 0.0779982098341698 -0.0136255220240942
-0.00903979929265227 0.00448566272015397 0.0919628741082962 0.00120120609580256
-0.00760349891480305 -0.00554956471946806 0.0870300387804862 0.0613545450969323
0.000818269109868484 -0.0139087357144826 0.0314316292593694 0.119498467045242
0.0153881780080273 -0.0174723794981856 -0.0249185642181011 0.126533058711354
0.035735738733659 -0.000700807407091836 -0.0617868796093247 0.134515393367953
0.0477304285436484 0.0270222955921523 -0.00440218397474714 0.181201008897437
0.05724420349599 0.0368680496044283 0.0422027913855004 0.0906994591474109
0.0340913147550428 -0.00889803450939072 0.0509750880245906 -0.0524719686788526
0.0073520646181217 -0.0188612088819996 -0.0749015543649924 -0.0649764375460743
-0.00152295551445805 -0.0109641268621251 -0.121085012554069 0.0448437353614806
-0.00935398221985 -0.0159610538240442 -0.0313528774085518 0.122529528897119
-0.0150531698960079 -0.00811550014954527 0.0473209780516828 0.093373166672767
-0.0147963502172249 -0.00155906323494313 0.0659551570721337 0.0447899205283685
-0.0222370346257037 -1.7063199013711E-05 0.0655961467059354 0.00635545124462724
-0.0277087961412547 -0.00155253110056317 0.068624199233072 -0.0161947935236068
-0.0370693878321876 -0.0145075627410073 0.0833046604002656 -0.0127750925652983
-0.0184346650538493 -0.0410018829350337 0.0902182255017743 0.0343729237009764
0.0224127494166646 -0.0458117530040842 0.0528256455462522 0.103118181287687
0.0631008562251294 -0.0179129476159779 0.00059981323481174 0.126999887919833
0.0768683645849271 0.0394901112665732 -0.0412073814879787 0.130489220423645
0.0680897993469355 0.0905610952585361 -0.000718762749548407 0.160447115470527
0.0643496221234855 0.0901300268065749 0.0206025507690984 0.0671260911646292
0.0689603025475135 0.0268369709939936 0.0533445376174678 -0.0560993501946471
0.0518376432876996 -0.0178136737085375 -0.0731544817686461 -0.0894107817413784
0.0187176634925022 -0.0408416044947568 -0.133293171710502 0.0229008399627868
-0.0168956586723233 -0.0467671802423964 -0.0520101823232386 0.1129960159376
-0.0388026005429474 -0.02578739857274 0.0309142263056675 0.0938114476182986
-0.0388871201606932 -0.00563995064572544 0.0521836046790763 0.0466480667106612
-0.0423663861246027 -0.000987932426763942 0.0511746478538818 0.00720860060000573
-0.0480610914617078 -0.00449496796359505 0.0497866221020844 -0.0181759687821308
-0.0622178691519487 -0.0254312068037067 0.064495549449371 -0.0301232817525842
-0.0379750486532428 -0.0654418566481134 0.0851153059004586 -0.0035515581759314
0.0250348247585358 -0.0776261554800455 0.0791769146952533 0.0722928184583979
0.097192140141098 -0.0382714349856602 0.0327616039933528 0.118628217597512
0.118837868435621 0.0552909275924381 -0.0194970695206857 0.122386455409322
0.0890522464212563 0.133307084944189 -0.00134988284054757 0.123756483787418
0.0559586208622549 0.133561809370941 -8.3763496113231E-05 0.0218048365015089
0.0920976895082172 0.0708562049262933 0.0520395633472508 -0.0685317817944577
0.0965766265193148 -0.00177129559163571 -0.0624262169393469 -0.117349898387404
0.0476326383814465 -0.0644568510967439 -0.136401003671698 -0.0130985760834707
-0.0167036547834947 -0.0762003915766591 -0.0746961484462022 0.0871006375571741
-0.0562041966878285 -0.0434530405875448 0.00342981977582265 0.0858008842141892
-0.0579565973198449 -0.0105875352756524 0.029225004952979 0.046233640110413
-0.0562030852101241 -0.0015667261413275 0.0302106123039623 0.00764261132364041
-0.0592601584822535 -0.00487335983598353 0.0257389641683174 -0.0197661843179938
-0.0773890902881699 -0.0291712995158046 0.0381635954492387 -0.0447567371700948
-0.0546293018863908 -0.0769730092407955 0.0678011328932307 -0.0408506407017131
0.0142951832594807 -0.0990873888971812 0.0933105711266853 0.0314089813509954
0.109331020832103 -0.0625561997674989 0.0612684721047671 0.0972146642684258
0.143908965785655 0.0528680624898872 -0.00359141233363148 0.110427119071504
0.101653023951732 0.149413109438803 -0.0109963958080994 0.0783904506646237
0.0353684279459383 0.153528880515572 -0.0137602742120051 -0.0381070860439197
0.0916339259397047 0.107743209208329 0.0486787343755601 -0.0869305382012027
0.121425279319431 0.0251915545384643 -0.041501145796951 -0.13925066205661
0.0739671053199665 -0.0701399750851675 -0.121084511209015 -0.0556818120345637
-0.0081146146290694 -0.0925114233106248 -0.0922351178864678 0.0438031923921877
-0.0631344818510227 -0.055610195155694 -0.0281742610906838 0.0673486430509933
-0.0690196614607431 -0.0146239225528342 -0.000148765802877629 0.0437817360860716
-0.0619764367814511 -0.00245948872568076 0.00455457845035729 0.00760279634700469
-0.0619853698455414 -0.0044369751505402 4.35527350200337E-05 -0.019684708000614
-0.0801263407115081 -0.0295339837174385 0.0105899125305739 -0.0540685845933978
-0.0613413364783677 -0.0771157322966054 0.0442740740253371 -0.0687863977840956
0.00543375332250224 -0.103210048797213 0.0941429322444811 -0.00785702083733752
0.104521709590816 -0.0700514271279088 0.0757879701826426 0.0729474578079135
0.142659865298671 0.0477886427331265 0.0035554388294 0.0955097588912386
0.095082950858598 0.145436088524681 -0.0265613992967655 0.0322474263616587
0.00973125872340569 0.143036883985559 -0.0180899394820721 -0.101167779209938
0.0668082033722004 0.119369955784845 0.047169497114152 -0.108101776442506
0.112454634731827 0.0490735301455934 -0.0138690156238376 -0.148817568283792
0.0827835131653505 -0.0556441341299034 -0.0892856986399757 -0.0922734148248831
0.00294889643022603 -0.0881911582866523 -0.0975319598325974 -0.0048303064475878
-0.0563838543846692 -0.0573834575500071 -0.0589052681750099 0.0401418497832496
-0.0667744825625581 -0.0169235553526268 -0.0308882676891072 0.037616960878471
-0.0585203290437785 -0.00329967847019995 -0.0208160498780661 0.00583193228656356
-0.0565585639632809 -0.00425366385382644 -0.0239479736623256 -0.0208550622317409
-0.0711488093700891 -0.0281540586705075 -0.0131022310808097 -0.0599361347880646
-0.0548113736461677 -0.0715500077575956 0.0240588819145059 -0.0864027181213722
0.00644770731657535 -0.0922047247174912 0.0880022623134002 -0.0341375871819736
0.0939041196787701 -0.0563649506197708 0.0790777543166338 0.0522131229996371
0.118482776992397 0.0496362134976337 0.00409962115729801 0.0799137894563666
0.0688767737843103 0.126582602399834 -0.040655688122067 -0.00907573654111944
-0.00994718463652218 0.101360513565295 -0.0164146938020528 -0.15052113957571
0.0317313352627425 0.0977041245583461 0.0478020209014639 -0.123123783454247
0.0763878147851118 0.0520898903856361 0.0115782462225925 -0.145671808541169
0.0664616120190872 -0.0313830792966835 -0.0541594519329618 -0.113391313019425
0.0092096313048283 -0.0647896483240741 -0.0934175229944384 -0.0454727152525572
-0.0394237069640883 -0.0459269911904984 -0.0822384592538147 0.0154688860395456
-0.0527958516244175 -0.0157509190444908 -0.0575813869903666 0.0306155220293049
-0.0463155232561725 -0.00448511158542064 -0.0426630628391473 0.00374068642239618
-0.044344878259726 -0.00403421352394369 -0.044496955277381 -0.0234084975341035
-0.0546386962266113 -0.0245290692565089 -0.0307360808511439 -0.0662140627748203
-0.0389724894782907 -0.0594583655043519 0.0117815098386073 -0.0978837972707324
0.0131775537992694 -0.0731212897474535 0.0840313549250311 -0.0499372280583784
0.0796818345069839 -0.0302815186676662 0.0771780417826472 0.038984201639401
0.0804821363546145 0.0536064844160613 0.00218761184239146 0.0646144191701932
0.0300697756672893 0.0969188488590706 -0.0475496790353497 -0.0419027009391125
-0.025351557537799 0.0403833498106511 -0.0131035065940519 -0.175759586628218
-0.00157082980922266 0.0517583332407166 0.0457090122116982 -0.128656102624286
0.0286394123219894 0.0362353958504026 0.0257707073681006 -0.138185554233972
0.0345857145960692 -0.00810826878568788 -0.0327446705317261 -0.121125310254589
0.00860021532046222 -0.0302996925538969 -0.0894819142538995 -0.0660833698643254
-0.0178134209357945 -0.0258502216668155 -0.0961181890389989 0.000120659869271208
-0.0295737097313593 -0.0103586832212151 -0.0749556230068907 0.0256524001832656
-0.0265764790765789 -0.00450486794646521 -0.0581084197098484 0.00109823103283264
-0.0274692845788194 -0.00282898605758849 -0.0581489786856514 -0.0275590592045956
-0.0341131970096171 -0.0175538587299735 -0.0405943257312209 -0.0727557268206688
-0.0217819551484725 -0.0429301078167873 0.00882282510586101 -0.103801247472048
0.0182947175139714 -0.0499514673060266 0.0854491345856827 -0.0565726106426535
0.0605479128657992 -0.00419323090289617 0.0755410763561764 0.0339776420323515
0.0373166798110321 0.0519370244445683 0.000178360948095046 0.0539124057732137
-0.0106046348706943 0.057420875236744 -0.0443986139163611 -0.0639581450510738
0.0342174400443251 -0.0157633917370888 0.0647295142611972 0.08682697008164
-0.00544120932289715 -0.0295786167715157 0.0442605771717712 -0.0590086927249239
-0.0266355893928922 -0.00780287079131758 -0.0738118879785344 -0.0473189798869133
-0.00965995866959304 0.016496110033454 -0.105100864228985 0.0593257436606266
0.00351034201149505 0.010464329969634 -0.0128422175421113 0.119602800290333
0.00926523952661141 0.00472232442020389 0.0560918257322178 0.0809182238241616
0.00869642960395599 -0.00015689700753515 0.0699639024754401 0.0376318110704233
0.00162871428458644 0.000824635235977594 0.0694488048832859 0.00201223790132605
-0.00201854681230718 0.00378196891502429 0.0755333196134956 -0.0171065334462405
-0.00823619227759575 0.00465677663294793 0.0897258014439708 -0.00263147782470493
-0.00732948698232892 -0.00552319776800728 0.0875687419693544 0.0561259899639252
0.000348339939068518 -0.0134587128967219 0.0364370073305815 0.115025059071893
0.0142943776857759 -0.0175283517188489 -0.0202661001822333 0.124859644273892
0.034823938544479 -0.00203242584516818 -0.0556624215567157 0.134055719994896
0.0478345110156515 0.0238498091264908 0.00262803692600182 0.17562637722147
0.0570773628589699 0.0330875270682962 0.0459299502481929 0.0852486149009272
0.0323334109241554 -0.0100136602164005 0.0482842586627824 -0.0549114992111086
0.00623696870649857 -0.018721914111796 -0.0753564408156779 -0.0613205386128982
-0.00171160604229094 -0.0105975122424613 -0.116231367576574 0.0498671830826391
-0.0103215942892433 -0.0145261086924408 -0.0250243711738231 0.121339018512387
-0.015280071773732 -0.00765711286788294 0.0509153359554433 0.0876587490184898
-0.0140992266352241 -0.00131910939273364 0.0660560867274191 0.0404434890554298
-0.0217526855935234 0.000796568823510124 0.0639924963180495 0.00300697010922535
-0.0278396211827693 -8.72349881098008E-05 0.0667580047616462 -0.0191719004453356
-0.0371631104417409 -0.0120737364063413 0.0807800442988474 -0.0163874947460789
-0.0198905203484467 -0.038697721426345 0.0896193240931928 0.0302836443670863
0.0201451657501277 -0.045501298040968 0.056916323791324 0.0990979634280258
0.0610513258965744 -0.0194900917249543 0.00473105555929791 0.12396030301796
0.0769062093330097 0.0360280062622895 -0.0353305927251985 0.128940052396921
0.0704190036909811 0.0847745988894931 0.0067632940126041 0.154897145826425
0.0665123995965026 0.0844548310141295 0.0241641486265547 0.0637457400806096
0.0677014281572934 0.0231509078074223 0.0504531284872138 -0.0587707926121174
0.0498245730900225 -0.0192145976823125 -0.0741101262846174 -0.0844636360500161
0.0161315987350205 -0.040307034410724 -0.129119250247517 0.0276609600651813
-0.0192100167377943 -0.0443588246323873 -0.045411245427138 0.112590056702476
-0.0389537390782083 -0.0229840637629657 0.0341946061817389 0.0898449305675276
-0.0377263614671735 -0.00377769630382341 0.0531031476252178 0.0428069711882709
-0.0414566080528731 0.000994025148335664 0.0507349118161652 0.00436194900673937
-0.0467801334251088 -0.00156117852396355 0.0482101964671148 -0.0199562802473954
-0.0621211853504873 -0.0211983689799416 0.0608932313014917 -0.032208848322845
-0.0398280261571359 -0.0618868637870637 0.082151412538721 -0.00632164367116897
0.0208864832406303 -0.0769909806709764 0.0806606002052875 0.0670987058626999
0.0927765789313238 -0.0411638434542428 0.0371979096369891 0.113884736324158
0.117853474213685 0.0493729010637399 -0.0139887005242249 0.119862932913102
0.0934681378221462 0.125205967563206 0.00338711961950609 0.118459879375106
0.0600660810389441 0.126994374740791 0.00276704008815433 0.0215466510985743
0.0921706238890498 0.0642812008033464 0.0501693711432221 -0.0688483260439037
0.0939627046449265 -0.00606616826183696 -0.0659167915071005 -0.11216932358492
0.0430463461368698 -0.0647681243654905 -0.133095738506068 -0.00756743131091032
-0.0202303416116946 -0.0728381139314542 -0.0693139152015698 0.0879286832014786
-0.0568391383100183 -0.0388139032703756 0.00821334102368913 0.0833943492046492
-0.0568755233044732 -0.00699656906385834 0.0307001977901297 0.0440748393163027
-0.0553279501952334 0.00109940783981232 0.030367260432607 0.00639031958188789
-0.0583075425042477 -0.00200170415306517 0.0248923197086244 -0.0198637069156823
-0.0767929507746917 -0.0238224872343774 0.0352972996390701 -0.0449091643347689
-0.0576964191084825 -0.072029555630682 0.063721358764778 -0.0423368157890048
0.00907054128372956 -0.0967304388033452 0.0930912350881497 0.026410098876881
0.104318530074433 -0.0653144226879009 0.0643380235360157 0.0923278200584961
0.14190210084993 0.0447935790248441 0.00138668076256464 0.106817276139351
0.106183287814375 0.141016469161004 -0.00778320869042708 0.0752146644838185
0.0407583784553981 0.147832667506151 -0.01340449311663 -0.0365729191730312
0.0930397414613797 0.100009810788557 0.0465210740016622 -0.0872944540878602
0.119688075391335 0.0194912872025587 -0.045837326102996 -0.134809657887321
0.068582968661469 -0.0715470431276982 -0.12104633550733 -0.0499924345551106
-0.0125286213468045 -0.0896526448386497 -0.0876524266523959 0.0465526905558124
-0.06340983655829 -0.0506029891527014 -0.0246109611154513 0.0664338062948296
-0.0671486619585355 -0.0107119663680233 0.00214650286031986 0.0421251183423022
-0.0610084208875626 0.000240902372026579 0.00515235239951309 0.00755392376850797
-0.0603536880233216 -0.0014046290515851 -0.000744189276846033 -0.0191053444019719
-0.0797129743102505 -0.0239682753407161 0.00803101228291331 -0.0527667776361683
-0.0642226827469776 -0.0718918917657481 0.0393160587807115 -0.0685178715513492
-0.00010264153054281 -0.0998071226524283 0.0919325137348918 -0.0109649917931028
0.0992877699582534 -0.072977900755573 0.0775510228327266 0.0673720332196209
0.140961772843684 0.0401453594315778 0.00723081751680724 0.0921974259863062
0.100337883648949 0.136782391369139 -0.0247320353977406 0.0313541712322149
0.0153729974627459 0.138338928841666 -0.020795585944537 -0.0971282894328393
0.0697597979916853 0.112399951094926 0.0433605148507822 -0.106847315205009
0.112136764003195 0.0425110059907575 -0.0192003120928718 -0.144583675285254
0.0778854722641011 -0.058170666425975 -0.0910037775144884 -0.0864634045639443
-0.00191786118589143 -0.0858636830548326 -0.0955092080488023 -0.00146595890228847
-0.0575377137572825 -0.0524802977757165 -0.0552529600795491 0.0423959810757965
-0.0651341580756218 -0.0126139201014904 -0.0282694170924767 0.0382952453497741
-0.0571143777310218 -0.000953702021854212 -0.0201943532988911 0.00726592951668878
-0.0545860994291349 -0.00170935106209903 -0.0244013787048221 -0.0181962023839866
-0.0709373972071542 -0.0230886785088369 -0.0161551721219886 -0.0575844220377599
-0.057320694430459 -0.0666629062263471 0.0181854169903951 -0.0844476231714243
0.00143708068662904 -0.089640587816041 0.0848708528815889 -0.0369976268088535
0.0892468677450101 -0.0588125267722676 0.0803314294021779 0.0478572185898564
0.116696165820857 0.0421047889752631 0.00740067709551685 0.0768754704554856
0.0733963944300491 0.119605605515181 -0.0406797862939613 -0.00747210378759654
-0.00671669046596436 0.0989121818992991 -0.0213143403013408 -0.14516383310576
0.034610623034861 0.0926774453649684 0.0424638270640524 -0.121307456022432
0.0767173069603764 0.0474290309068447 0.00517942229928085 -0.142326717728955
0.0627117492251677 -0.0339661893450888 -0.0571886604208086 -0.109012832198307
0.00514891301254828 -0.0630422082586137 -0.0929450413321873 -0.040679866305649
-0.0406515917017638 -0.0416567889204468 -0.0791374766701802 0.0194241945107131
-0.0518854804245588 -0.0116387981643025 -0.054419514435525 0.0328261870402228
-0.0450300146074935 -0.00275061647921512 -0.0417697501316546 0.0056964708251976
-0.042855871156225 -0.00246779901698356 -0.0437774372436393 -0.0201671252602756
-0.0542727501170675 -0.0210354431560818 -0.0330070709482206 -0.062327154655497
-0.0412707449388715 -0.0559226665755883 0.00623334803761728 -0.0949139768270446
0.00880025154794462 -0.0716503248128419 0.0801513349005844 -0.0522499311439905
0.0766933881927632 -0.03308881528183 0.0781495300229678 0.0344199122726206
0.0799941234821174 0.0482022338984927 0.00473827995055445 0.0632589749789972
0.0341118223564593 0.0925254593763776 -0.0484977824143724 -0.0387705442240903
-0.0229196343796545 0.0398687306349393 -0.0194660771697076 -0.169430847420768
0.000803345256978421 0.0496998108210657 0.0399867360787306 -0.126508193588127
0.0299887302541758 0.0336175750698402 0.0197129831246897 -0.135628769233816
0.0329016785821923 -0.00949191644208044 -0.0372045916087181 -0.117249275277301
0.00650453495668896 -0.0300442899620456 -0.0907693473104744 -0.0607690454475771
-0.0190094117460287 -0.0232099119573665 -0.0933563603494646 0.00493209276742099
-0.0296015361740145 -0.00869834905571755 -0.0720773738984145 0.0292777094611479
-0.0264963922083179 -0.00379388552374289 -0.0570117154288271 0.00427631233419655
-0.0264579676158252 -0.00246408798380066 -0.0575868948555309 -0.023258389228321
-0.0332444468232596 -0.0151156721400903 -0.0434715770470451 -0.0686238340314238
-0.0233112767674439 -0.0408128057480054 0.00278305838958353 -0.10109273037238
0.0148740103085388 -0.0489924516277268 0.0808869325652524 -0.0591783143352518
0.0597729951603354 -0.00724290602504487 0.075662294035744 0.0298999484477867
0.0387814603671144 0.0488449912050148 0.00215676088104128 0.0530048457662185
-0.00766056482737402 0.0564160833409872 -0.0470426973047958 -0.0596060900209084
0.0333613361495479 -0.0105779588768551 0.0536321555980897 0.0888422268884371
-0.00124997681112584 -0.028200703294554 0.0502730142908824 -0.0532049673124449
-0.0238436912464242 -0.0112992749015018 -0.0636821446561 -0.0555159045301377
-0.0113614717743997 0.0139740703128351 -0.104805306471691 0.0421920435132223
0.0010037992238655 0.0104893743025187 -0.0260839632563672 0.110076316287548
0.00745000778225384 0.00532899312966189 0.0436655414228836 0.082920591831537
0.00857386537882509 0.000249570157896833 0.0622910552245379 0.0437702596278741
0.00102182514854391 0.000906976643408111 0.0663930863179347 0.0103830326234902
-0.00298463940279536 0.00319283811032729 0.074902600069182 -0.00760409113700022
-0.00904636070588591 0.00345793632002002 0.0868494833367635 0.00780668921741639
-0.00697731372816296 -0.00696431744558572 0.0781729940984571 0.065694271011131
0.00215096898620266 -0.0145515524297172 0.020907721348369 0.11702236203863
0.0177195338274212 -0.0158051194251635 -0.0368717757279278 0.118168333104206
0.0346907581937931 0.00223433279200367 -0.0718642695152181 0.123100294384787
0.0439000079239336 0.0282076774109717 -0.021532194163866 0.171216464200429
0.0484884764750471 0.0380580292864952 0.0346621856415791 0.0886312412636978
0.0307202514227156 -0.00469039467378742 0.054249331562378 -0.0459612343529189
0.00833209109285887 -0.0161847496840967 -0.0622527430878767 -0.0668667255024332
-0.000704215849025188 -0.0106310872907394 -0.113291936284877 0.0317755833123225
-0.00793907598126519 -0.0152536103729296 -0.0372064994643449 0.109934757335272
-0.0138544751266262 -0.00980464207071426 0.0373391068157293 0.0879494277915576
-0.0134996745650056 -0.00327611879966197 0.0582186493093558 0.0458079961254951
-0.0212012788452287 -0.00213478722917741 0.0616491921750025 0.0114206332799673
-0.0266331330200738 -0.00379951436678624 0.0667129991493506 -0.00959336618352836
-0.0348008157467519 -0.0156694596818584 0.0805055692071974 -0.00501280984467114
-0.0151689197290666 -0.0406299614830571 0.0830172423289537 0.042294678986385
0.0250824345779143 -0.0428934612785035 0.0428683388341186 0.104838465076271
0.0621305979931241 -0.012321127261915 -0.013552989157135 0.120310587277823
0.0702968809061178 0.043691077358015 -0.0538412902546865 0.118837961907493
0.0588996891046845 0.089392824475217 -0.0179239338999284 0.149934064133524
0.0506823694463593 0.0862702217543276 0.0138682396839709 0.0680706763788912
0.0593230406452079 0.0306392588707754 0.0569318796162834 -0.0465236107744198
0.0490264417499324 -0.0104019117569012 -0.0575903755105753 -0.0864509427713508
0.0212143026300161 -0.0360401653072316 -0.121560715125743 0.0110762640741501
-0.0122658775475123 -0.0443039555694303 -0.0535093770189719 0.0994885281506332
-0.0342879130638674 -0.0275138556062803 0.0227252742930732 0.0865804594419085
-0.0351973957438387 -0.00829432592850561 0.0454571066907101 0.0462850675870775
-0.0402300334500253 -0.00433851537128954 0.0476762278499875 0.0110581998636788
-0.0450567642732478 -0.00739986861633598 0.0498427669746047 -0.0130782319217065
-0.0571770111555318 -0.0271866788819174 0.0641786867164958 -0.0216890546043475
-0.0313200373149845 -0.064269547274669 0.0804340360221531 0.00756254000204174
0.028535047575322 -0.0727547546722971 0.069759006536874 0.0777005884646207
0.0954865418552231 -0.0296148123966257 0.0184240202280121 0.115490803746543
0.107913854421449 0.0613742251972303 -0.0338928677671673 0.1121913229896
0.0758777699508975 0.131441366585865 -0.0174498148730896 0.113321383405393
0.0387234387496588 0.12543602953103 -0.00475627903987553 0.0274067834020275
0.0757681332289055 0.0719804665801116 0.0563829579108978 -0.0546163639567229
0.0888378200831566 0.00763159722069906 -0.0458291813688403 -0.108427264157678
0.0497916893258311 -0.054689790877459 -0.120589619427887 -0.0210421769239815
-0.00895069674779492 -0.0714594496862817 -0.0713230592531962 0.0746819447043177
-0.0484192354616533 -0.0442633578393802 -0.000693326355560039 0.0770321379359518
-0.0526472740200161 -0.0140729391644409 0.0244103489653577 0.044547576552513
-0.0531482501243332 -0.00671120615423757 0.0280144959664446 0.0102132307518694
-0.0557594944005837 -0.00948938350835309 0.0272588952851294 -0.0154570630251625
-0.0714221697370005 -0.031446599013476 0.0405566875955373 -0.0367064545619434
-0.0473324102284587 -0.075800598188567 0.0669442446011223 -0.0285283816787724
0.0195427304382537 -0.0925275522499221 0.0872183514941753 0.0403434032751844
0.108098271675334 -0.0521006723941185 0.046659107627287 0.0991399774349968
0.131927372641794 0.0597549787141562 -0.0189843351146602 0.101725980579199
0.087154773981467 0.148421802326464 -0.0242433465121688 0.0692545518159331
0.0182057586268294 0.14200203318356 -0.0152862250845604 -0.0285734794243056
0.0722625421737906 0.10563726732417 0.0537336360517578 -0.0701648648720348
0.109076838118874 0.0344161701466483 -0.0254076809041549 -0.124806908302609
0.0749925268628197 -0.0572814625364085 -0.103658592409506 -0.0579820419352783
0.0010370077797456 -0.0863087409963044 -0.0838007224120741 0.0339133246678945
-0.0531849765055388 -0.0559407961393049 -0.0289253120156634 0.0568819084567173
-0.0624721431745824 -0.0182057240756343 -0.00228499951416728 0.0400465733769171
-0.0586805467747575 -0.00763576581320291 0.00406185702416351 0.00838571000127153
-0.0570416786625094 -0.00918978001645212 0.00280954113409662 -0.0174883810153009
-0.0737254195396462 -0.0318168100605613 0.0156247522794562 -0.0475396555165129
-0.0537929239455762 -0.0763050881648999 0.0470441415632556 -0.0560268447274084
0.010771111781628 -0.0961056014591838 0.0908590225235076 0.00376311319636461
0.103744732663912 -0.059322135140438 0.0632513346329978 0.0762829096081033
0.130620480893831 0.0545263020463879 -0.0108249476329115 0.0883424757674328
0.0808368028536754 0.143172449180601 -0.035254537292859 0.0236948528507271
-0.00346031342687764 0.130186637172758 -0.0155423002203031 -0.0877479483879477
0.0493102954079843 0.113692103050119 0.0516226988464166 -0.0894606656585762
0.099115528161451 0.0548252136802247 -0.000250167242245238 -0.130483107610112
0.0814370945774526 -0.042958152819306 -0.0712988855644238 -0.0881914968311417
0.0104666852168181 -0.0815116957708189 -0.0850639431681665 -0.0109577612709728
-0.0462118354709543 -0.0566183205170013 -0.0552306774149594 0.0312058671301877
-0.0605892610089234 -0.0199805243186997 -0.0308350229272767 0.0331871065123271
-0.0549680448744803 -0.00829915481450648 -0.0203556674298198 0.00547120901200432
-0.0520810802662597 -0.00909988684820597 -0.0199996483479175 -0.0195008287599137
-0.0653375964992763 -0.0307335860195809 -0.00673662341778204 -0.0547714985102146
-0.0475735486065961 -0.0698574135842818 0.0286051686333006 -0.0749024572915646
0.0107321482467811 -0.0855657433605284 0.0871706908112068 -0.0235498851283056
0.0922643142280759 -0.0474707420551811 0.0688656143594789 0.0572057703508817
0.107439062293478 0.0547135862726487 -0.00778696071928483 0.0733817196309592
0.056929185910434 0.123484391056017 -0.0442502967517764 -0.0160708096008941
-0.0191869464755605 0.0905592212990389 -0.00876800016183026 -0.135433367200993
0.0191650171788523 0.0907086404091584 0.0520072260694096 -0.105201471934142
0.0656565670491435 0.0547300733723098 0.021340514416529 -0.127413657177924
0.0643893968901765 -0.0222031163917353 -0.0384800709279147 -0.106008905597902
0.0138880430316084 -0.0592916839144644 -0.0800465113836837 -0.0481907441397418
-0.0317693642840286 -0.0447372619910806 -0.0755884730542769 0.00758140382466096
-0.0476870885796228 -0.0168498953787722 -0.0547095773699079 0.0255568247188654
-0.0430088301595795 -0.00820227675846484 -0.0410354560300622 0.00130814044322972
-0.0403718706573355 -0.00795142968844297 -0.0390150749624423 -0.0242285685252947
-0.0496007830381038 -0.0259470017665592 -0.0229257744720597 -0.0619604740043617
-0.033449394932014 -0.0580590120895087 0.0177789838406213 -0.0874651232082716
0.0162781166090218 -0.066732886064583 0.0837760958611248 -0.0394296246391257
0.0769848330076872 -0.0242012139400413 0.068858972222621 0.0438540604331818
0.0717704309264821 0.0548841751939736 -0.00710519545416974 0.0590539443971125
0.0224986693639757 0.0929547784973288 -0.0470631708722793 -0.0464352031544396
-0.0268214364789891 0.0337422473573451 -0.00199945787220611 -0.160847669712981
-0.00685496061103796 0.0455201919061499 0.0510368955487677 -0.112409609644566
0.0234653662739488 0.0353976868016795 0.0342058949802846 -0.122011227779035
0.03269190288594 -0.00418639124899038 -0.0197679614580908 -0.112641744392371
0.0100915394028841 -0.0275876780518848 -0.076377712520887 -0.067210376146839
-0.0133209111586719 -0.0241869573127511 -0.0882297152281686 -0.00650863301820357
-0.0266449554093263 -0.0108096593072008 -0.0703601747124504 0.0197674926735695
-0.0251034976456422 -0.00709758345979903 -0.0553483197028273 -0.00195118182682393
-0.0247781636107287 -0.005282531767512 -0.0518321722150547 -0.0285432542016854
-0.0300993555207811 -0.0178766706745008 -0.0320981009067885 -0.0692027265553613
-0.0175671361902258 -0.0407705149982806 0.0150426687581046 -0.0947730637964444
0.0191196406959708 -0.0447884142743422 0.0854825567218946 -0.0456472247204394
0.0575605379741349 -0.00108414628742463 0.0680254240651748 0.038597971458335
0.0316116239512569 0.0516311406854834 -0.00644693665742547 0.0492602080546068
-0.0140932242985773 0.053719230377298 -0.0403012558945002 -0.0658925806994962
0.0326879213819879 -0.00961066492242165 0.0508227946641123 0.0866260896859905
-0.000865836850015382 -0.0269894265910009 0.0503501170533758 -0.0519326194793268
-0.0229668217595501 -0.0106741782880488 -0.0608620657038945 -0.0571947184697062
-0.0109116594428333 0.0132733448309623 -0.103456494288437 0.0393201370418279
0.000880333003110533 0.0102543552775784 -0.0274284365644367 0.107574983257617
0.00686135325755721 0.00497748259785662 0.0405896949433403 0.0818143754939252
0.00815417632046043 -0.000253207758812575 0.0605610693596852 0.0436875602144886
0.00136929046270249 0.00096908793962972 0.0654604308944203 0.0108652443201767
-0.00318410266974432 0.00359437281959068 0.0736472615248845 -0.00676157448197379
-0.00890656796432233 0.00351097947888884 0.084809196096369 0.00909585200343458
-0.0065404236312568 -0.0072275173401624 0.0747874857766962 0.0665832645384673
0.00234105153827579 -0.0146489027133544 0.0178855651969689 0.116033782689322
0.0181404497033067 -0.0149994849785066 -0.0403214445467923 0.114148710543688
0.0339778612090032 0.00370632156503387 -0.0741076886147223 0.118893296639483
0.0421714873774191 0.0286958355570802 -0.0258261866998796 0.166498566169147
0.0459449221524595 0.0381104927806207 0.0324219340100556 0.086013214531519
0.0301676077630647 -0.0034643695658044 0.055055252661757 -0.0454047256527747
0.00847569684831028 -0.0152141734274508 -0.0587006888827138 -0.0682241039657869
-0.000390566957175579 -0.0102738877676867 -0.111585491229847 0.028416758696626
-0.00794661582913305 -0.0147127763350144 -0.0385569982014743 0.106845388208583
-0.0135116909978567 -0.00939301109754827 0.0353970347958743 0.0857823545233413
-0.0128717392440872 -0.00395761446290339 0.0562177699453683 0.0458540204670411
-0.0209912202057717 -0.00275017976798251 0.0603713549120447 0.0116085814853175
-0.026221760386242 -0.0039985901615553 0.0653507083722644 -0.00874661882194085
-0.0334181892665696 -0.0155080673362486 0.0787136573986162 -0.00331906384920852
-0.0143314207055825 -0.0400052346767729 0.0803692878605594 0.0436272024954759
0.0249259773825809 -0.0411886312198852 0.0400053821540658 0.104387782206438
0.0622462492540479 -0.0106329059747679 -0.016979450130095 0.116955252376986
0.0684301486501167 0.0448085359792003 -0.0562279495801884 0.115102917714815
0.0554841490399522 0.0889669636452668 -0.0213156126544905 0.144747436163567
0.0466413073589396 0.0850080251811194 0.0131008540333027 0.066315438922912
0.0570175524820653 0.0315651154934341 0.0583141739111226 -0.0449087071531015
0.0479757227391844 -0.00945285920075526 -0.0532695528921521 -0.0863722465821296
0.0209210063393549 -0.0344237567198247 -0.119417793657099 0.00777429630543969
-0.0112987854184611 -0.0436978849859441 -0.054701273484458 0.0967295113898627
-0.0324352217978866 -0.0268246080463141 0.0200208053006298 0.0851887151361271
-0.0340531418949364 -0.00893883826320497 0.0434082805400332 0.0459453115379793
-0.0397942379618946 -0.00568844698470062 0.0470174703081628 0.0117955170920822
-0.0441727634350956 -0.00828660114337585 0.0489800349368504 -0.0118948599875438
-0.0561340979112997 -0.0270790000995858 0.0634760117774264 -0.019840354734986
-0.0305044455747992 -0.0631280329836638 0.0784949914015126 0.00965333619301484
0.0290316638806868 -0.0703739187348466 0.06657149916514 0.0782179571440668
0.0943626770409526 -0.0269975753577345 0.0146682638980852 0.112974305551026
0.104754454820067 0.062586761278405 -0.0368369578730401 0.109015634174973
0.0710579600743665 0.129388364577902 -0.0203410866348599 0.109206339485131
0.0348383426956113 0.122914657177264 -0.00376139977285825 0.0262104731245698
0.0721977639470008 0.0722561103929632 0.0585278053300174 -0.0518358867051345
0.0864146477673089 0.00974909448242479 -0.0413630294493915 -0.107535540074282
0.0494879246956133 -0.0519620988262765 -0.117431619840256 -0.0242063164927212
-0.0078709578799945 -0.0694683362842523 -0.0712952556116382 0.07046195360782
-0.0463140404030362 -0.0435870066901228 -0.00260053563037386 0.0749736731780146
-0.0509260131703963 -0.0149606380029884 0.0232577873157628 0.0442781166217247
-0.0517005044914589 -0.00778783250732572 0.0272456560943649 0.0103316430250828
-0.0538802753447645 -0.0100704175262886 0.0276001215581981 -0.014069048084953
-0.0689548656273591 -0.0314872938328754 0.0406974694205693 -0.0348700295763114
-0.0456848963002737 -0.0741871290344241 0.0659144349262778 -0.025638395737501
0.0205847686364042 -0.0901126591388224 0.0847980831011407 0.0424732900280208
0.106599240860261 -0.0483810962307596 0.0434387612924886 0.0972221781298407
0.127462260529072 0.0614449741878191 -0.021399224214968 0.0988345265311604
0.0821891874620092 0.146114062876497 -0.0258244249469643 0.065665116297402
0.014048476385838 0.138963309656073 -0.0128873155430404 -0.0286058394390352
0.0677567365975217 0.104635735576043 0.0564065425473877 -0.0672684800217088
0.10613997654255 0.0362723107753189 -0.0208940262384354 -0.122906982391273
0.0742578067640421 -0.0546991323740448 -0.0994629583041093 -0.0597061006463297
0.00230064825722486 -0.0840093219632511 -0.0829832035726681 0.0307083265843237
-0.0509348325353623 -0.0547406830868263 -0.0288205438626928 0.0549629731387105
-0.0600942688716605 -0.0188847247091921 -0.00325773192495195 0.0391650858994222
-0.0568289785503879 -0.00861025385064084 0.00353929608837951 0.00822584222613655
-0.0558416856716225 -0.0102353987650581 0.00364972612667997 -0.0163315399781931
-0.0715135802079443 -0.0318000563346603 0.0162715674906637 -0.0461278053583976
-0.0517051169055123 -0.0750367535874009 0.0459123830848032 -0.0532745815225097
0.0118400289750563 -0.0932859051404997 0.0886524709913331 0.00591876617000922
0.102783747369536 -0.0564452989593769 0.0598313237641222 0.076754743242815
0.127063305564543 0.055700446794603 -0.0131816468745931 0.0858677722263646
0.0765221912435788 0.141035551059246 -0.035826163981421 0.0222985051579124
-0.00726443397846215 0.126523371815435 -0.0121897646222062 -0.0858465295490644
0.044484412313104 0.111826037250161 0.0536953523047305 -0.085393363619255
0.096148532060016 0.0558828941861918 0.0032846531429699 -0.12725163924798
0.0799435186051649 -0.0405107269871781 -0.0675015356465792 -0.0889548371155258
0.0113304892807679 -0.0793239788064226 -0.0838458233215981 -0.0132540912175956
-0.0437654350884563 -0.0556524686876027 -0.0545909488896566 0.0290936548170492
-0.0582608676589375 -0.0200818456167335 -0.0304885135186563 0.0324801446805119
-0.0531061971681554 -0.00991712070822938 -0.0201901413342669 0.00467470392445903
-0.0503877603339782 -0.00983586943360065 -0.0185941973005042 -0.0194224799659445
-0.0628321883484525 -0.0299355811751435 -0.00501245648670005 -0.0537053491438156
-0.0459144517965353 -0.0684434686156082 0.0288132134474373 -0.0718329480907419
0.0120430946051641 -0.0827929791075286 0.0862656364550394 -0.0204719655097905
0.0914233856847984 -0.0447597025136389 0.0665946610625435 0.0576793402416064
0.104561801925246 0.0549509530463313 -0.010354344682485 0.0713929617753647
0.0539048291703653 0.121806941915236 -0.0442568393058671 -0.0169455128356051
-0.0212779149048403 0.087625712017791 -0.00458257210058269 -0.132049434801459
0.0161931085521868 0.088485368525827 0.054706689524993 -0.100408930076641
0.062655403094807 0.0550801181926849 0.024504352622379 -0.123509529124077
0.0628103685072152 -0.0209244093131184 -0.0347432831598153 -0.105062148465694
0.0142779669618906 -0.0569083793594065 -0.0771029406314856 -0.0497390673869621
-0.0301025189735608 -0.0436679239699749 -0.073915380802005 0.00577821760574552
-0.0455509682032275 -0.0173554592167056 -0.0543396907686664 0.0244221047233855
-0.0425693703727381 -0.00920088601510516 -0.0405137364047198 0.00110314570873963
-0.0388417741011778 -0.00874230440378261 -0.0374107637305288 -0.0235554217544959
-0.0477891680665534 -0.0257811334573722 -0.0210481504043703 -0.0609719095680633
-0.0319133363756226 -0.0568585041141461 0.0181884390058581 -0.0838353540380385
0.0164930540865968 -0.0648624778058753 0.0832712210689457 -0.0362710323540824
0.0763640644085753 -0.0219846426682858 0.0666061563877872 0.0448161812510054
0.0687189514537204 0.0558998432855781 -0.00912003306876257 0.0578101440383896
0.0204137417280035 0.0909715752427213 -0.0450801376911556 -0.0464752044944231
-0.0275635858118394 0.0321337599009114 0.00296059475444328 -0.156444939955228
-0.00776697627471283 0.0440806493442919 0.0532734947420368 -0.108044693357644
0.0228005315687799 0.0347085429945157 0.0368672097357017 -0.11767363711195
0.0317175950698171 -0.00355698580426568 -0.0163422865839395 -0.112045755467785
0.0102036747417721 -0.0265027258652621 -0.0736199627346251 -0.0675957837856896
-0.0126932751580666 -0.0233151924999099 -0.0863509204896344 -0.00769467245822996
-0.0249793418863972 -0.0111715328471814 -0.0699844621112714 0.0190367286570923
-0.0248221305503476 -0.00784058392453694 -0.0544628567417735 -0.00268602163946243
-0.0236634110155249 -0.00556500816599253 -0.0497288749384986 -0.0286630331956593
-0.0288560110184974 -0.0179088270746048 -0.0300236911451523 -0.0686044149849874
-0.0168085271624411 -0.0397125562716894 0.0161396267198647 -0.0921782190513347
0.0195416436100894 -0.0429686797147567 0.0842034484161064 -0.042270828118958
0.0562277350635378 0.000311290450392451 0.0655548924247747 0.0398048092751335
0.0296170053899518 0.0505145046032349 -0.00846468675364874 0.0477544008238123
-0.0145286566264603 0.0520074999921407 -0.0386444328145936 -0.0644542843722834
0.0326731379242124 -0.00844995805136236 0.0494251713172335 0.0887437959620876
5.15073196025272E-05 -0.0270957239674416 0.0533941705153842 -0.0522404943727116
-0.0234225084779551 -0.0115633274641086 -0.0590732304324201 -0.0604329514874762
-0.01166545262181 0.0130645647973482 -0.106598004618347 0.036422968300688
4.93028554103734E-05 0.0106298063821 -0.0308619265713315 0.108239576763697
0.00712480365206253 0.00490075980055868 0.0385462193880408 0.0838827341353478
0.008092393301381 -0.000652704992216885 0.0603307920624452 0.0456698481804889
0.000623153935011961 0.000761116706015572 0.0662851673303852 0.0124713793438758
-0.00327975203975003 0.00332853500884715 0.0749715119058137 -0.0045310857057792
-0.00912401177525254 0.00308142067292342 0.0856855410060127 0.0116501300958362
-0.00637232861459009 -0.0075906638478384 0.074919587166501 0.0701440433139597
0.0033308508871782 -0.0145784797495422 0.0140854068466894 0.11861703070032
0.0186958673272832 -0.0146236753228279 -0.0464586955610466 0.113862599789746
0.0352307972424024 0.00507365946238376 -0.0804084088506557 0.117671314629513
0.0419163411141133 0.0300415361006783 -0.0318848724938223 0.166555093251123
0.0453730546668063 0.0397351181706276 0.0313356337849382 0.08718697380048
0.0302575236189105 -0.00258368171876785 0.0577749617714808 -0.0446155365150501
0.00912608729854189 -0.0149979317020251 -0.0568497299774301 -0.0713363486778779
-1.32205758940531E-05 -0.0094764025097763 -0.114131389289048 0.0249923445107332
-0.0081961880316567 -0.0147417647305095 -0.0418640735025759 0.107142234362756
-0.0137353656620723 -0.0100933374146104 0.0328431156848453 0.0877634789185484
-0.0130871691315713 -0.00494230794958329 0.0560502358006037 0.0478148949729796
-0.0215749779505471 -0.00307227139398227 0.061523473762951 0.0132814628361216
-0.0268283617652637 -0.00433114443785403 0.0668784981591545 -0.00704311152942178
-0.0342145850875649 -0.0160989091814262 0.0798215350523624 -0.00125577764199066
-0.0137061079501201 -0.0404386505564236 0.0800945052585322 0.047234970405344
0.0266360907666818 -0.0410076296475105 0.0375096936054345 0.10791798406305
0.0630953356812665 -0.00871672778532148 -0.022021639936448 0.117469948092244
0.0681448588268978 0.04798152187306 -0.0618090271234388 0.114034971656424
0.0533662439936273 0.0915411071306504 -0.026719424412187 0.144541212828537
0.0441014679185369 0.0880433529725857 0.0124841264620723 0.066836656649096
0.0558304157453377 0.0336669330016362 0.0623611892188983 -0.0443007263891742
0.0490135482990551 -0.00772180464262268 -0.0505114080143368 -0.0903044937648129
0.0222582252139801 -0.0337266793462345 -0.121389529506692 0.0037462972977914
-0.0110028544621951 -0.0438002761136987 -0.0581870799064271 0.0956554034735723
-0.0322524498993119 -0.0275049558911267 0.0177539822238966 0.0858137128037167
-0.0343842592410536 -0.0108839442968282 0.0427142809388761 0.0479718578985
-0.0401566982661405 -0.00640621746328954 0.0478977997240537 0.0131781779924978
-0.0442819736700769 -0.0097236159932442 0.050434592729112 -0.0102349719085608
-0.0559896836939197 -0.0283335161401629 0.0649186331820693 -0.0187847856252679
-0.0295688648125334 -0.0647650635091777 0.0792508306396662 0.0133270667780495
0.0310549853050947 -0.0700541323054062 0.0653423926122431 0.082198014116528
0.0963486422728221 -0.0246035855732248 0.0109683274460932 0.114294368229243
0.104180979249524 0.067118470688144 -0.041334475642504 0.108473223327477
0.0685412446721007 0.133207288721829 -0.0246350826718737 0.108662848165361
0.030938974195271 0.125497906779644 -0.003516370195089 0.0257161469742028
0.0702311587869389 0.07496679556649 0.0622392471930724 -0.0509724816817056
0.0874778750959371 0.012798086537428 -0.0376285862740549 -0.110749392265203
0.0513992395787888 -0.0512376842548683 -0.118181731154172 -0.0284003530117422
-0.006528613699829 -0.0705710064776932 -0.0750717373972802 0.0683513739783227
-0.0458462646397578 -0.0448754599023824 -0.00443494571746823 0.0754408977622194
-0.0510775939587078 -0.0171394518158875 0.0219382957638832 0.0456372170878037
-0.0526982219063519 -0.00926656324233047 0.0276723024223153 0.0112262306117088
-0.054727170826212 -0.0112978592589961 0.0287151215389142 -0.0136270239166141
-0.0691034164580509 -0.0327931346114518 0.0422122677435852 -0.0342767082904244
-0.0448297269742138 -0.0761832807937839 0.0674694320776332 -0.0231032694843627
0.0228886672684677 -0.0899336252574759 0.0845927398674221 0.0459380632468461
0.11009641209326 -0.0461804090984364 0.0402919403866364 0.0998796720055958
0.128187899806093 0.0654073850223006 -0.0266428877972158 0.0993838998422997
0.079016247216055 0.149440138294153 -0.028879863286415 0.0645688411437913
0.0095522501630247 0.141032845836364 -0.0110809965339395 -0.028825325595691
0.0644064195481598 0.107866344600967 0.0604393717766857 -0.066136077627077
0.106878897199443 0.0400074545214643 -0.0168020956549351 -0.124655016579072
0.0761454400724751 -0.0528542686091064 -0.0989205655530449 -0.0644674585969686
0.00347400708216968 -0.0844358180085572 -0.0850134859997068 0.0282256023441292
-0.0496665655317822 -0.0559074706642477 -0.0317520150520609 0.0543728898090673
-0.0599318769096757 -0.020684525616025 -0.00441047232514203 0.0400829214742678
-0.0575012358567387 -0.0112501045104093 0.0036689044080303 0.00855580871016289
-0.0565016027140497 -0.0122776895688298 0.00468873545611457 -0.0160194790739376
-0.0717437471916847 -0.0327821690505795 0.017942095788633 -0.0462484101210957
-0.0508421309111026 -0.0760371937749088 0.0485381825319369 -0.0517789576282904
0.014301091303043 -0.0930744275336455 0.0901018088383559 0.00943322002840085
0.105896092810869 -0.0539084997910223 0.0582674363383664 0.0791963730769452
0.127348485001832 0.060067564620185 -0.0173563075444656 0.0859502440765703
0.0732209249826958 0.144643579541119 -0.0377451751118868 0.0202718148178711
-0.0122213770040583 0.127840943479393 -0.00816672970629185 -0.0866747824895809
0.0410148445131204 0.114517988060597 0.0590888708436906 -0.0847243452107794
0.0959976232638121 0.0598443070194699 0.00880462709239541 -0.128293113777334
0.0821428114490617 -0.0385492086115503 -0.0653643221432342 -0.0930232780907292
0.0131512719464932 -0.0795388411412801 -0.0846584433414338 -0.0172352877531805
-0.0426144358340863 -0.0563887289115972 -0.0563508967304022 0.0280621370002781
-0.0581446114459405 -0.0218880967573859 -0.0319919166214546 0.0319647230936896
-0.0542129960397229 -0.0118593395568476 -0.0205167753203824 0.00500602482874104
-0.0505660502782561 -0.0111977064015954 -0.0178832488138345 -0.0199435660182178
-0.0632736981290004 -0.0310789512201331 -0.00316193199963167 -0.0545849268769944
-0.0452487849759717 -0.0692677521196743 0.0312301867614656 -0.0711882264009559
0.0140426937023359 -0.0830888607195826 0.0878249935403425 -0.0180969275043261
0.0939417329789262 -0.0426981168272254 0.0653167966547661 0.0600433989539035
0.104184398767264 0.0586248293747051 -0.0137570479236695 0.0720516442408713
0.0508065066406757 0.12395245109621 -0.0451923989551882 -0.0185071018896565
-0.0250407233021771 0.0885043380620529 0.000873555114528252 -0.132984499750162
0.0131391826491151 0.0898530971089254 0.0596735454252832 -0.0989370785258129
0.0620477930507059 0.0568357818209894 0.0298158759339965 -0.122836505449864
0.0644491252486198 -0.0193995232992494 -0.0312606652213949 -0.109011348769892
0.0151014298420424 -0.0569432063528946 -0.0771758756689822 -0.0531338167275366
-0.0290748382952742 -0.04437814136267 -0.0749436294950399 0.00388418067292585
-0.0453584133522672 -0.018777658390644 -0.0553396412742133 0.0236960405674597
-0.04240136548565 -0.011134479751987 -0.0411869965067696 0.000434326095120852
-0.0388930874754129 -0.0100992831079222 -0.0366223908296702 -0.0250397324448297
-0.0476241348503074 -0.0265345650237148 -0.0195727541797813 -0.0623143277590576
-0.0312088560207957 -0.0574956014719884 0.0213646414892416 -0.083949695330087
0.018457725933957 -0.0646342017249388 0.0851728890244004 -0.0335910367838807
0.0780014143561861 -0.0205438850501919 0.0661100938569963 0.0471690945352132
0.0686018272448789 0.058520404806044 -0.0122080027486589 0.0582164594370279
0.0174042194693046 0.0922924670788717 -0.0454521525203561 -0.0480322162987441
-0.0292685858009134 0.0314178275991375 0.00880324437097496 -0.157341836919083
-0.00996523435409311 0.0444670594246418 0.057825887320347 -0.106211187394868
0.0214916328976475 0.0355121388178328 0.0419635772074215 -0.117950333855489
0.0320814318944677 -0.00255896206083662 -0.0123325600358952 -0.114759339565761
0.0110824833971141 -0.0259591535665004 -0.0724180359888765 -0.0721953051663383
-0.01198558162903 -0.0233319804874176 -0.0869449904665941 -0.00983149336873787
-0.0248523887156554 -0.0116485161573347 -0.0702591484056254 0.0183498249318432
-0.0254115477255355 -0.00832937538276846 -0.055220136848106 -0.0035641100227749
-0.0235488159940191 -0.00728301268033192 -0.0497560173192327 -0.0301383589896728
-0.0285780086311617 -0.0193744987419019 -0.0285781872633696 -0.0697550930609069
-0.0164595922305936 -0.0400995564755609 0.0192712897948176 -0.0925307279969261
0.0208618212320417 -0.0425344416811241 0.0864917637708069 -0.0402180244690391
0.0572067004305566 0.00158499077260469 0.066026094526351 0.0422010261066289
0.028754881547816 0.0520235195876364 -0.0108506636388516 0.0485105431845381
-0.0161619123611072 0.052019297449008 -0.0379080069139151 -0.0660155981291167
