TRXV5
3
4
4
9
string Extension=J
integer IsArchMeasurement=1
integer IsSpherical=1
string Generator=SPM
string GeneratorVersion=1.3.1 Dev
double ArchRadius=0.449999988079071
integer FrequencyAxisIndex=0
integer AzimuthAxisIndex=1
integer ElevationAxisIndex=2
Frequency
5 136 690000000 960000000 LIN
Azimuth
7 8 0 2.74889357189107 LIN
Elevation
7 15 -2.74889357189107 2.74889357189107 LIN
Polar H Real Part
13
Polar H Imaginary Part
14
Polar V Real Part
13
Polar V Imaginary Part
14
Polar H Magnitude (dB)
12 0xC0000002 0 1
Polar H Phase
7 0xC0000003 0 1
Polar V Magnitude (dB)
12 0xC0000002 2 3
Polar V Phase
7 0xC0000003 2 3
0.0543594360351563 0.126182556152344 0.1611328125 -0.101943969726563
0.133735656738281 0.0293350219726563 0.121627807617188 -0.0061492919921875
0.0748062133789062 -0.0777435302734375 0.14251708984375 -0.0033416748046875
0.000434875488281243 -0.0888519287109375 0.176422119140625 -0.071075439453125
-0.0406036376953125 -0.0636711120605469 0.14312744140625 -0.14361572265625
-0.079864501953125 -0.04510498046875 0.0709991455078125 -0.192276000976563
-0.0765151977539063 -0.0287551879882812 0.032073974609375 -0.17425537109375
-0.0640830993652344 -0.0382843017578125 0.0244522094726563 -0.116065979003906
-0.06353759765625 -0.072357177734375 0.0193862915039063 -0.0493888854980469
-0.00335693359375 -0.0895233154296875 -0.016016960144043 -0.00566768646240235
0.0646095275878906 -0.0649070739746094 -0.0946884155273438 -0.0144805908203125
0.0893325805664063 -0.0129852294921875 -0.125816345214844 -0.101699829101563
0.0703201293945313 0.0756988525390625 -0.05987548828125 -0.253707885742188
0.0193710327148437 0.131858825683594 0.019500732421875 -0.279129028320313
-0.0368270874023437 0.137641906738281 0.0081634521484375 -0.179840087890625
0.0207061767578125 0.17822265625 0.174240112304688 -0.045684814453125
0.1268310546875 0.0993804931640625 0.136520385742188 0.0446853637695313
0.106361389160156 -0.0262527465820313 0.165679931640625 0.0336761474609375
0.0527000427246094 -0.06671142578125 0.207534790039062 -0.0400848388671875
0.0104141235351563 -0.0721435546875 0.177749633789063 -0.121170043945313
-0.0336227416992188 -0.0841293334960938 0.108688354492188 -0.184600830078125
-0.0452423095703125 -0.0744781494140625 0.061920166015625 -0.164169311523437
-0.0331954956054688 -0.0734786987304688 0.0466232299804688 -0.100181579589844
-0.02520751953125 -0.105804443359375 0.0365447998046875 -0.0228157043457031
0.038299560546875 -0.106178283691406 -0.00625991821289062 0.0295486450195312
0.102859497070312 -0.0581893920898437 -0.09771728515625 0.0282821655273438
0.1239013671875 0.0115509033203125 -0.146835327148438 -0.055328369140625
0.0821151733398437 0.116790771484375 -0.107696533203125 -0.212631225585938
0.00698852539062499 0.180206298828125 -0.02691650390625 -0.228256225585938
-0.0580596923828125 0.184326171875 -0.0269622802734375 -0.124412536621094
-0.02447509765625 0.207107543945313 0.166702270507813 0.0312652587890625
0.089935302734375 0.163894653320312 0.135322570800781 0.119338989257813
0.119636535644531 0.0437164306640625 0.184951782226563 0.0881805419921875
0.103073120117188 -0.0220565795898438 0.232528686523438 0.0040740966796875
0.0697174072265625 -0.0627937316894531 0.202911376953125 -0.084625244140625
0.0261077880859375 -0.108596801757813 0.138168334960938 -0.15899658203125
-0.00385284423828126 -0.109588623046875 0.0818252563476562 -0.135047912597656
0.00219726562499999 -0.0972366333007813 0.0598220825195313 -0.067901611328125
0.0110702514648437 -0.123779296875 0.0457839965820313 0.0136909484863281
0.066558837890625 -0.113868713378906 -0.000629425048828116 0.069244384765625
0.120460510253906 -0.0559844970703125 -0.0949325561523437 0.0752639770507813
0.139999389648438 0.0152359008789063 -0.160049438476563 0.0013427734375
0.098876953125 0.125511169433594 -0.15045166015625 -0.152633666992188
0.014892578125 0.19720458984375 -0.071075439453125 -0.157974243164062
-0.0623626708984375 0.205032348632812 -0.0646209716796875 -0.054901123046875
-0.0691680908203125 0.199661254882813 0.134300231933594 0.114326477050781
0.03167724609375 0.201202392578125 0.110015869140625 0.204010009765625
0.10467529296875 0.1114501953125 0.184860229492188 0.1529541015625
0.1326904296875 0.0377426147460938 0.238800048828125 0.057586669921875
0.118873596191406 -0.0330963134765625 0.207916259765625 -0.039306640625
0.0857620239257813 -0.109954833984375 0.1505126953125 -0.115646362304688
0.04046630859375 -0.125709533691406 0.08795166015625 -0.090179443359375
0.0359115600585938 -0.106582641601563 0.0614013671875 -0.0247993469238281
0.04296875 -0.125724792480469 0.0484504699707031 0.0539321899414062
0.0845108032226563 -0.110374450683594 0.0044097900390625 0.106956481933594
0.121490478515625 -0.0513839721679688 -0.0836563110351563 0.117485046386719
0.137130737304687 0.0135040283203125 -0.154312133789063 0.0532989501953125
0.104042053222656 0.114517211914063 -0.166793823242188 -0.084197998046875
0.022064208984375 0.185089111328125 -0.090362548828125 -0.0785980224609375
-0.0614471435546875 0.196258544921875 -0.0919342041015625 0.0197982788085938
-0.0958251953125 0.1549072265625 0.081634521484375 0.185791015625
-0.0272979736328125 0.191360473632813 0.0608367919921875 0.276351928710938
0.062103271484375 0.147354125976562 0.1612548828125 0.212814331054688
0.123382568359375 0.0897979736328125 0.218719482421875 0.107101440429688
0.136932373046875 0.00873565673828125 0.187759399414063 0.004425048828125
0.126213073730469 -0.084869384765625 0.138755798339844 -0.065155029296875
0.0775222778320313 -0.117889404296875 0.0759353637695313 -0.0367279052734375
0.0619277954101562 -0.0990447998046875 0.0520362854003906 0.0224647521972656
0.067626953125 -0.113273620605469 0.0440826416015625 0.0920791625976563
0.096588134765625 -0.0939712524414063 0.00457000732421874 0.138710021972656
0.116752624511719 -0.0365676879882813 -0.07061767578125 0.146026611328125
0.121246337890625 0.0208663940429688 -0.13690185546875 0.0877761840820313
0.0860214233398438 0.10174560546875 -0.156890869140625 -0.02813720703125
0.010406494140625 0.154769897460938 -0.0886077880859375 -0.00801849365234374
-0.067901611328125 0.159072875976563 -0.111244201660156 0.0855865478515625
-0.0931549072265625 0.0818023681640625 0.0268707275390625 0.230804443359375
-0.0663223266601562 0.132667541503906 0.00372314453124997 0.3194580078125
0.00962829589843749 0.132637023925781 0.121246337890625 0.25054931640625
0.0771331787109375 0.109771728515625 0.178955078125 0.138259887695313
0.113861083984375 0.045318603515625 0.150421142578125 0.0334320068359375
0.133316040039063 -0.04095458984375 0.106727600097656 -0.01971435546875
0.0979843139648438 -0.0862579345703125 0.0516929626464844 0.0125007629394531
0.0778121948242188 -0.0764846801757813 0.0345458984375 0.0668678283691406
0.0840606689453125 -0.0890426635742188 0.032196044921875 0.125694274902344
0.105636596679687 -0.0668716430664062 -0.00451660156250001 0.161819458007813
0.11065673828125 -0.0126571655273438 -0.0663299560546875 0.159530639648438
0.0999069213867188 0.0402145385742188 -0.12176513671875 0.101348876953125
0.0489730834960938 0.0988388061523438 -0.138450622558594 0.00615692138671874
-0.0233230590820312 0.117042541503906 -0.0801162719726562 0.0380783081054688
-0.085174560546875 0.0998153686523438 -0.126777648925781 0.131477355957031
-0.0645332336425781 -0.00372314453124999 -0.0105438232421875 0.2435302734375
-0.069610595703125 0.0465049743652344 -0.037017822265625 0.3277587890625
-0.029388427734375 0.07318115234375 0.0878448486328125 0.2613525390625
0.0139083862304688 0.088165283203125 0.142822265625 0.144073486328125
0.0601234436035156 0.0632247924804687 0.112388610839844 0.0406341552734375
0.105987548828125 0.009002685546875 0.0666885375976563 0.00785446166992188
0.0995712280273437 -0.0390777587890625 0.0207328796386719 0.0478935241699219
0.0811004638671875 -0.0423583984375 0.012451171875 0.102981567382813
0.0899887084960937 -0.054443359375 0.0123748779296875 0.154251098632813
0.106353759765625 -0.0313568115234375 -0.023345947265625 0.178802490234375
0.100601196289063 0.015472412109375 -0.076385498046875 0.163482666015625
0.0764007568359375 0.0644912719726563 -0.119483947753906 0.100875854492188
0.00568389892578126 0.100547790527344 -0.127433776855469 0.0197296142578125
-0.0658950805664062 0.0770492553710938 -0.0819091796875 0.0603866577148438
-0.104454040527344 0.028106689453125 -0.14678955078125 0.151824951171875
-0.023223876953125 -0.0848922729492188 -0.0207672119140625 0.227142333984375
-0.0493316650390625 -0.0442123413085937 -0.04498291015625 0.308502197265625
-0.0478172302246094 -0.00576782226562499 0.078094482421875 0.249603271484375
-0.0441207885742188 0.0394248962402344 0.126792907714844 0.129112243652344
-0.00476455688476563 0.0617752075195313 0.0893325805664063 0.0268936157226563
0.0575942993164063 0.0523452758789063 0.0312976837158203 0.0118675231933594
0.082733154296875 0.014434814453125 -0.010284423828125 0.063323974609375
0.0719451904296875 -0.00128936767578125 -0.0132369995117188 0.123390197753906
0.08251953125 -0.0138015747070313 -0.0141448974609375 0.173675537109375
0.0943450927734375 0.0070953369140625 -0.0523681640625 0.188507080078125
0.0802459716796875 0.04266357421875 -0.100173950195313 0.161636352539063
0.0472869873046875 0.0820465087890625 -0.132827758789063 0.0922622680664062
-0.0379562377929688 0.093963623046875 -0.132377624511719 0.0178451538085938
-0.101638793945313 0.030517578125 -0.0981674194335937 0.059722900390625
-0.113876342773438 -0.0481719970703125 -0.1712646484375 0.143997192382813
0.0886077880859375 0.129180908203125 0.176620483398438 -0.134933471679688
0.1575927734375 0.0041351318359375 0.135627746582031 -0.0321044921875
0.068328857421875 -0.103866577148438 0.147125244140625 -0.024566650390625
-0.0193939208984375 -0.101737976074219 0.175018310546875 -0.0945281982421875
-0.0625076293945313 -0.0635299682617188 0.136138916015625 -0.16717529296875
-0.102241516113281 -0.0314178466796875 0.0557098388671875 -0.2103271484375
-0.0933380126953125 -0.013336181640625 0.0187835693359375 -0.192596435546875
-0.0821762084960938 -0.0261001586914063 0.0191574096679688 -0.132301330566406
-0.0900802612304688 -0.0638580322265625 0.0253257751464844 -0.0596351623535156
-0.02679443359375 -0.0993423461914063 -0.00429153442382813 -0.00517988204956055
0.0562896728515625 -0.0892868041992187 -0.0921478271484375 0.00366973876953126
0.098602294921875 -0.0360946655273437 -0.141998291015625 -0.0827484130859375
0.099334716796875 0.0722427368164063 -0.0994110107421875 -0.25714111328125
0.053466796875 0.150634765625 -0.010498046875 -0.304046630859375
-0.0095977783203125 0.166595458984375 0.000259399414062489 -0.195770263671875
0.05072021484375 0.19024658203125 0.201187133789063 -0.0738372802734375
0.154006958007813 0.083648681640625 0.161270141601562 0.021484375
0.107246398925781 -0.0481491088867188 0.178817749023438 0.0107574462890625
0.04071044921875 -0.0811614990234375 0.214126586914063 -0.066192626953125
-0.006103515625 -0.07708740234375 0.17742919921875 -0.1497802734375
-0.0551071166992188 -0.0789947509765625 0.09832763671875 -0.210006713867188
-0.0620346069335937 -0.0675582885742188 0.0532989501953125 -0.188674926757813
-0.0495529174804688 -0.0694808959960938 0.0471725463867187 -0.120933532714844
-0.0493927001953125 -0.104927062988281 0.0496597290039063 -0.0367698669433594
0.0205612182617188 -0.12078857421875 0.013824462890625 0.0296363830566406
0.101142883300781 -0.0821075439453125 -0.0864334106445313 0.0484161376953125
0.138519287109375 -0.00910186767578125 -0.155609130859375 -0.029754638671875
0.111953735351562 0.117568969726562 -0.142868041992187 -0.204788208007813
0.03826904296875 0.203750610351562 -0.0523681640625 -0.241134643554688
-0.0353546142578125 0.219833374023438 -0.0288925170898438 -0.127647399902344
-0.00328063964843748 0.226913452148437 0.20458984375 0.01171875
0.116104125976563 0.161788940429688 0.172775268554688 0.10247802734375
0.128097534179688 0.0303497314453125 0.208099365234375 0.066314697265625
0.102653503417969 -0.0346450805664063 0.249114990234375 -0.023681640625
0.0627593994140625 -0.0728759765625 0.2105712890625 -0.116531372070313
0.0107574462890625 -0.114250183105469 0.134613037109375 -0.189132690429688
-0.0182418823242188 -0.11334228515625 0.0794219970703125 -0.161911010742188
-0.0104141235351562 -0.101554870605469 0.0649490356445313 -0.0898284912109375
-0.00609588623046876 -0.130523681640625 0.065521240234375 -0.00117874145507813
0.0555877685546875 -0.1302490234375 0.0260276794433594 0.0691490173339844
0.122360229492187 -0.0770645141601562 -0.0761566162109375 0.095733642578125
0.15606689453125 -0.001373291015625 -0.159698486328125 0.0312347412109375
0.125068664550781 0.128135681152344 -0.177108764648438 -0.133377075195313
0.0401611328125 0.221237182617188 -0.087738037109375 -0.157073974609375
-0.04486083984375 0.240005493164063 -0.0602493286132812 -0.0453987121582031
-0.0606231689453125 0.223419189453125 0.178421020507813 0.10943603515625
0.0506744384765625 0.213043212890625 0.156997680664063 0.19927978515625
0.117546081542969 0.109573364257812 0.21929931640625 0.135498046875
0.1429443359375 0.0305023193359375 0.264083862304688 0.0311431884765625
0.123222351074219 -0.045074462890625 0.221710205078125 -0.0697784423828125
0.0792770385742188 -0.124916076660156 0.151824951171875 -0.147048950195313
0.0312652587890625 -0.13885498046875 0.090087890625 -0.114631652832031
0.0296630859375 -0.117240905761719 0.0715255737304688 -0.0443344116210938
0.0337600708007812 -0.138694763183594 0.0710525512695313 0.0398941040039062
0.0808639526367188 -0.127967834472656 0.0348434448242188 0.105995178222656
0.128738403320313 -0.0672760009765625 -0.0585556030273438 0.135917663574219
0.152908325195312 0.00311279296875 -0.144607543945312 0.0832061767578125
0.124031066894531 0.1182861328125 -0.181793212890625 -0.0594024658203125
0.0396270751953125 0.207122802734375 -0.0970306396484375 -0.0678787231445312
-0.052764892578125 0.2281494140625 -0.0826873779296875 0.0391464233398438
-0.102081298828125 0.176666259765625 0.126556396484375 0.194808959960938
-0.0224609375 0.211944580078125 0.112396240234375 0.287841796875
0.073272705078125 0.158462524414063 0.202301025390625 0.202682495117188
0.141250610351563 0.092315673828125 0.248550415039063 0.0854644775390625
0.151611328125 0.000518798828125 0.20428466796875 -0.021759033203125
0.132270812988281 -0.103744506835937 0.144500732421875 -0.0919952392578125
0.0765838623046875 -0.137748718261719 0.0826873779296875 -0.0557327270507813
0.062835693359375 -0.115257263183594 0.0647010803222656 0.00820159912109374
0.0672683715820313 -0.13140869140625 0.067657470703125 0.082000732421875
0.10113525390625 -0.1123046875 0.0349884033203125 0.137596130371094
0.129020690917969 -0.0483856201171875 -0.0435333251953125 0.160552978515625
0.137748718261719 0.0170059204101562 -0.122039794921875 0.114051818847656
0.100357055664063 0.110198974609375 -0.161331176757813 -0.00183105468750001
0.0172576904296875 0.175613403320313 -0.0852813720703125 0.00723266601562502
-0.0703582763671875 0.186279296875 -0.0992584228515625 0.112823486328125
-0.113090515136719 0.095062255859375 0.0653533935546875 0.253524780273438
-0.076385498046875 0.1533203125 0.052642822265625 0.344970703125
0.0124664306640625 0.150527954101563 0.165390014648438 0.2490234375
0.0937957763671875 0.123558044433594 0.210830688476562 0.122528076171875
0.134521484375 0.0462188720703125 0.164688110351563 0.0131378173828125
0.150238037109375 -0.0576629638671875 0.112457275390625 -0.0395355224609375
0.106986999511719 -0.109046936035156 0.0593452453613281 0.00270462036132812
0.0847854614257813 -0.0949859619140625 0.0487518310546875 0.0602951049804687
0.0919418334960938 -0.109428405761719 0.0546646118164063 0.121246337890625
0.11767578125 -0.0859222412109375 0.02496337890625 0.163162231445313
0.127861022949219 -0.021331787109375 -0.0410614013671875 0.172393798828125
0.1197509765625 0.0430984497070313 -0.106002807617188 0.123077392578125
0.0601425170898438 0.114463806152344 -0.136161804199219 0.0290603637695313
-0.0274124145507812 0.139984130859375 -0.0729827880859375 0.0573883056640625
-0.100090026855469 0.123580932617188 -0.11688232421875 0.163558959960938
-0.0926132202148438 -0.00483703613281249 0.0175323486328125 0.272186279296875
-0.0932235717773438 0.0572738647460937 0.00427246093749997 0.360809326171875
-0.0390548706054687 0.09027099609375 0.131362915039063 0.26556396484375
0.0214691162109375 0.109291076660156 0.170745849609375 0.131790161132813
0.0797348022460938 0.0741653442382813 0.121681213378906 0.0248260498046875
0.130859375 -0.00040435791015625 0.0694618225097656 -0.00339889526367188
0.116004943847656 -0.0593643188476563 0.0258560180664063 0.0469932556152344
0.0940322875976563 -0.0610427856445313 0.0260467529296875 0.104499816894531
0.102584838867188 -0.075714111328125 0.0329742431640625 0.1566162109375
0.125030517578125 -0.0500030517578125 0.00170898437500002 0.184402465820313
0.122825622558594 0.00893402099609375 -0.0563201904296875 0.177078247070313
0.099273681640625 0.0710525512695313 -0.106224060058594 0.120361328125
0.0142593383789063 0.122138977050781 -0.123947143554688 0.041778564453125
-0.0787582397460937 0.101722717285156 -0.0755996704101562 0.08258056640625
-0.13031005859375 0.0468673706054688 -0.142837524414062 0.186264038085938
-0.0529937744140625 -0.100006103515625 -0.00164794921875002 0.253280639648438
-0.0795364379882812 -0.0468826293945313 -0.00973510742187504 0.34149169921875
-0.0681381225585938 0.00423049926757813 0.118682861328125 0.252334594726563
-0.0491828918457031 0.0624771118164063 0.149658203125 0.114776611328125
0.00920104980468751 0.0802001953125 0.0910873413085938 0.011810302734375
0.0843276977539063 0.052581787109375 0.0267829895019531 0.00783729553222657
0.104255676269531 -0.00107574462890625 -0.0102767944335937 0.0709609985351563
0.0887069702148438 -0.0170440673828125 -0.00257873535156249 0.134353637695313
0.0996475219726563 -0.0310287475585938 0.00381469726562503 0.18450927734375
0.115669250488281 -0.009307861328125 -0.0326080322265625 0.201126098632813
0.104095458984375 0.0382614135742188 -0.08441162109375 0.17938232421875
0.0706024169921875 0.0915756225585937 -0.124191284179688 0.112899780273437
-0.031890869140625 0.119117736816406 -0.131134033203125 0.0394134521484375
-0.120834350585937 0.0546340942382813 -0.0981292724609375 0.0851058959960938
-0.147933959960938 -0.03643798828125 -0.177566528320313 0.179550170898437
0.120079040527344 0.116600036621094 0.179092407226563 -0.17120361328125
0.168701171875 -0.0299072265625 0.137832641601563 -0.0619888305664063
0.0514450073242188 -0.125167846679687 0.14141845703125 -0.044097900390625
-0.042755126953125 -0.1051025390625 0.165313720703125 -0.112655639648437
-0.0821380615234375 -0.0538330078125 0.121688842773438 -0.183319091796875
-0.11761474609375 -0.00798034667968749 0.0368499755859375 -0.220672607421875
-0.101150512695313 0.00905609130859375 0.00111389160156248 -0.204315185546875
-0.0922012329101563 -0.00683593750000002 0.010009765625 -0.145492553710938
-0.110862731933594 -0.0437698364257813 0.0283126831054687 -0.0734024047851563
-0.0533828735351563 -0.0980453491210938 0.00824737548828125 -0.0104913711547852
0.0380630493164063 -0.108192443847656 -0.0808029174804688 0.0176773071289062
0.0973892211914063 -0.06182861328125 -0.147506713867187 -0.0594329833984375
0.125152587890625 0.0569839477539063 -0.134567260742188 -0.2435302734375
0.0920562744140625 0.152603149414063 -0.046234130859375 -0.313507080078125
0.027618408203125 0.1827392578125 -0.010406494140625 -0.207901000976563
0.082305908203125 0.188507080078125 0.216140747070313 -0.11163330078125
0.171539306640625 0.058349609375 0.174392700195313 -0.0118408203125
0.0976715087890625 -0.0688705444335938 0.180328369140625 -0.0138702392578125
0.0236587524414063 -0.0877685546875 0.2100830078125 -0.090972900390625
-0.0233383178710938 -0.0738677978515625 0.167022705078125 -0.173110961914063
-0.07208251953125 -0.0646743774414062 0.080963134765625 -0.229034423828125
-0.0736618041992188 -0.053741455078125 0.0377960205078125 -0.208343505859375
-0.0613479614257813 -0.0581550598144531 0.0399017333984375 -0.141189575195313
-0.0696258544921875 -0.0942535400390625 0.0574264526367187 -0.0564651489257813
-0.0018157958984375 -0.125732421875 0.0341358184814453 0.0196304321289062
0.0882492065429688 -0.103111267089844 -0.066009521484375 0.0613059997558594
0.14300537109375 -0.0342864990234375 -0.150665283203125 -0.00302124023437499
0.139312744140625 0.107032775878906 -0.169479370117187 -0.18212890625
0.076446533203125 0.214141845703125 -0.076995849609375 -0.241943359375
0.000381469726562491 0.242630004882813 -0.0283279418945312 -0.130783081054687
0.021942138671875 0.236602783203125 0.23297119140625 -0.020843505859375
0.137588500976563 0.15032958984375 0.19940185546875 0.0709381103515625
0.129058837890625 0.015167236328125 0.218948364257813 0.0375213623046875
0.0966033935546875 -0.0443115234375 0.252471923828125 -0.05364990234375
0.0527725219726562 -0.0774002075195312 0.2054443359375 -0.146240234375
-0.00565338134765624 -0.112449645996094 0.120346069335938 -0.21502685546875
-0.0311279296875 -0.110183715820312 0.067718505859375 -0.186538696289063
-0.0214614868164063 -0.0998382568359375 0.06231689453125 -0.114112854003906
-0.0231704711914062 -0.12957763671875 0.0767974853515625 -0.0247421264648438
0.0397796630859375 -0.140220642089844 0.05169677734375 0.0550117492675781
0.117317199707031 -0.0958786010742188 -0.048187255859375 0.105125427246094
0.163665771484375 -0.021881103515625 -0.143661499023437 0.0577392578125
0.149642944335938 0.12054443359375 -0.1912841796875 -0.105758666992187
0.072509765625 0.23394775390625 -0.099456787109375 -0.149734497070312
-0.01580810546875 0.266738891601563 -0.04931640625 -0.0401687622070312
-0.04669189453125 0.24371337890625 0.217117309570313 0.0869293212890625
0.0697174072265625 0.217376708984375 0.196807861328125 0.17474365234375
0.127693176269531 0.105247497558594 0.240890502929688 0.10589599609375
0.15045166015625 0.0221405029296875 0.274459838867187 -0.000503540039062498
0.12286376953125 -0.0562667846679688 0.221832275390625 -0.101577758789063
0.0695343017578125 -0.135475158691406 0.142608642578125 -0.175567626953125
0.019775390625 -0.147415161132813 0.0838241577148438 -0.139236450195313
0.021148681640625 -0.124977111816406 0.0728302001953125 -0.06829833984375
0.0224456787109375 -0.147247314453125 0.0862274169921875 0.0166778564453125
0.072723388671875 -0.1422119140625 0.0619735717773438 0.0903091430664063
0.130546569824219 -0.0833663940429688 -0.0269851684570313 0.139549255371094
0.164031982421875 -0.0119781494140625 -0.121665954589844 0.105545043945312
0.14398193359375 0.1158447265625 -0.183563232421875 -0.0316162109375
0.06207275390625 0.22149658203125 -0.0955810546875 -0.0566864013671875
-0.03350830078125 0.255599975585938 -0.063690185546875 0.0519523620605469
-0.10333251953125 0.200408935546875 0.171600341796875 0.186859130859375
-0.0119476318359375 0.229934692382812 0.161727905273438 0.276031494140625
0.086456298828125 0.165191650390625 0.233596801757813 0.177658081054688
0.15850830078125 0.0901947021484375 0.265670776367188 0.0553741455078125
0.162979125976563 -0.0111236572265625 0.20880126953125 -0.050079345703125
0.131568908691406 -0.123023986816406 0.139144897460938 -0.118255615234375
0.069122314453125 -0.155670166015625 0.0818557739257813 -0.0762557983398438
0.0583953857421875 -0.130622863769531 0.070343017578125 -0.0102462768554688
0.0624237060546875 -0.147247314453125 0.0842132568359375 0.061767578125
0.100959777832031 -0.13092041015625 0.0623931884765625 0.122245788574219
0.138038635253906 -0.0628890991210938 -0.0130767822265625 0.160507202148438
0.15362548828125 0.0086212158203125 -0.0961532592773437 0.129364013671875
0.116058349609375 0.115005493164063 -0.152725219726563 0.020904541015625
0.02978515625 0.194320678710938 -0.074127197265625 0.0200958251953125
-0.0631866455078125 0.21466064453125 -0.0759963989257813 0.130744934082031
-0.128997802734375 0.115707397460937 0.109619140625 0.258697509765625
-0.08062744140625 0.176971435546875 0.105621337890625 0.347015380859375
0.019927978515625 0.168777465820312 0.203689575195313 0.229324340820313
0.113807678222656 0.132240295410156 0.22955322265625 0.0964508056640625
0.155029296875 0.0396881103515625 0.169876098632813 -0.0094757080078125
0.1602783203125 -0.080230712890625 0.110794067382813 -0.0581741333007813
0.106147766113281 -0.133758544921875 0.0617294311523438 -0.00992584228515626
0.0849685668945313 -0.116462707519531 0.0582466125488281 0.0481491088867187
0.0916213989257813 -0.131790161132813 0.0720977783203125 0.106986999511719
0.12420654296875 -0.107933044433594 0.05047607421875 0.151535034179688
0.143142700195313 -0.0356292724609375 -0.0140228271484375 0.171295166015625
0.140670776367188 0.0387725830078125 -0.0823135375976562 0.134857177734375
0.075469970703125 0.125328063964844 -0.123451232910156 0.0477523803710937
-0.0236358642578125 0.164505004882813 -0.0568389892578125 0.0711135864257813
-0.105743408203125 0.152252197265625 -0.0943450927734375 0.18707275390625
-0.120979309082031 0.00727844238281248 0.05474853515625 0.287109375
-0.11309814453125 0.0778274536132813 0.054443359375 0.373809814453125
-0.043121337890625 0.112045288085938 0.170074462890625 0.250595092773438
0.03741455078125 0.127967834472656 0.188369750976563 0.10931396484375
0.102691650390625 0.0769729614257812 0.122833251953125 0.0076904296875
0.151260375976563 -0.0195159912109375 0.0669670104980469 -0.0131607055664063
0.123138427734375 -0.08599853515625 0.0300750732421875 0.0451545715332031
0.0995635986328125 -0.0843124389648438 0.037750244140625 0.101753234863281
0.108627319335938 -0.101387023925781 0.0511474609375 0.150115966796875
0.136207580566406 -0.0751113891601563 0.0239715576171875 0.179000854492187
0.141342163085938 -0.0051116943359375 -0.0326690673828125 0.179122924804688
0.123817443847656 0.0690994262695313 -0.0869522094726562 0.130485534667969
0.0307540893554688 0.139976501464844 -0.110588073730469 0.0570831298828125
-0.0813217163085937 0.131675720214844 -0.0595855712890625 0.100387573242188
-0.148223876953125 0.0760498046875 -0.1256103515625 0.215072631835938
-0.0886917114257813 -0.101158142089844 0.0240478515625 0.2705078125
-0.10955810546875 -0.0355072021484375 0.0313720703125 0.355743408203125
-0.0844573974609375 0.0228652954101563 0.154449462890625 0.238616943359375
-0.0431060791015625 0.0871963500976563 0.161605834960938 0.0928497314453125
0.0303955078125 0.0923538208007813 0.085235595703125 -0.00109100341796874
0.109626770019531 0.0411224365234375 0.0206584930419922 0.00700569152832032
0.118598937988281 -0.025054931640625 -0.00675964355468749 0.0800094604492188
0.0981521606445312 -0.0388565063476562 0.0113525390625 0.141128540039063
0.108848571777344 -0.0555877685546875 0.0229949951171875 0.186843872070313
0.130393981933594 -0.0330429077148438 -0.011810302734375 0.204544067382813
0.124908447265625 0.024627685546875 -0.0650482177734375 0.187225341796875
0.0967483520507813 0.0912017822265625 -0.108680725097656 0.125038146972656
-0.014434814453125 0.140960693359375 -0.120498657226562 0.0565185546875
-0.129524230957031 0.0850830078125 -0.0868682861328125 0.109375
-0.175765991210938 -0.0102996826171875 -0.16937255859375 0.21417236328125
0.1435546875 0.097503662109375 0.172210693359375 -0.203704833984375
0.16827392578125 -0.06207275390625 0.129753112792969 -0.0884552001953125
0.0300445556640625 -0.138137817382813 0.131088256835938 -0.0568695068359375
-0.064208984375 -0.100578308105469 0.153915405273438 -0.122085571289063
-0.0962295532226562 -0.0398025512695313 0.107742309570313 -0.192230224609375
-0.123870849609375 0.01715087890625 0.0231475830078125 -0.224151611328125
-0.101600646972656 0.0303268432617188 -0.014373779296875 -0.211212158203125
-0.0949859619140625 0.0125656127929687 -0.000823974609375005 -0.156631469726562
-0.122421264648437 -0.0195999145507813 0.0268325805664062 -0.088470458984375
-0.0761337280273437 -0.08837890625 0.0177097320556641 -0.0208110809326172
0.0160675048828125 -0.118698120117188 -0.0648422241210938 0.0231895446777344
0.08843994140625 -0.0828704833984375 -0.14141845703125 -0.0404052734375
0.142349243164063 0.03582763671875 -0.154571533203125 -0.222991943359375
0.127975463867187 0.143478393554687 -0.074615478515625 -0.313690185546875
0.0652313232421875 0.184310913085937 -0.019378662109375 -0.218551635742188
0.106307983398438 0.179519653320313 0.220352172851563 -0.148880004882813
0.177581787109375 0.0328369140625 0.174575805664063 -0.043548583984375
0.083404541015625 -0.0811233520507813 0.173629760742188 -0.0324859619140625
0.00789642333984375 -0.0873641967773438 0.202056884765625 -0.106826782226563
-0.0352821350097656 -0.0660400390625 0.15484619140625 -0.189651489257812
-0.081451416015625 -0.046661376953125 0.0654754638671875 -0.240524291992188
-0.0782089233398438 -0.0387191772460938 0.0215606689453125 -0.22332763671875
-0.06671142578125 -0.0449180603027344 0.0289154052734375 -0.159347534179688
-0.0823822021484375 -0.0789642333984375 0.0585784912109375 -0.0784225463867188
-0.0214996337890625 -0.122795104980469 0.0478248596191406 0.00152587890624999
0.0734634399414062 -0.116645812988281 -0.0431137084960937 0.0622901916503906
0.139823913574219 -0.0551376342773437 -0.135650634765625 0.0148773193359375
0.159423828125 0.09063720703125 -0.179931640625 -0.158309936523438
0.111923217773438 0.212310791015625 -0.0946502685546875 -0.23870849609375
0.0356903076171875 0.252639770507813 -0.0254364013671875 -0.137443542480469
0.0437469482421875 0.240310668945313 0.249221801757813 -0.0573883056640625
0.150100708007813 0.136642456054687 0.21142578125 0.03656005859375
0.124977111816406 0.00494384765625 0.21881103515625 0.0126953125
0.0896224975585938 -0.0486068725585938 0.24822998046875 -0.0755615234375
0.0443038940429688 -0.0776290893554688 0.195724487304688 -0.168624877929688
-0.01641845703125 -0.105155944824219 0.103851318359375 -0.233047485351563
-0.0397262573242187 -0.1041259765625 0.0531768798828125 -0.205703735351563
-0.0276870727539063 -0.0957412719726563 0.0525054931640625 -0.135711669921875
-0.0346145629882813 -0.124763488769531 0.0796279907226562 -0.050384521484375
0.0251007080078125 -0.144561767578125 0.0690727233886719 0.0330123901367187
0.109298706054688 -0.109909057617188 -0.0218353271484375 0.101478576660156
0.1656494140625 -0.0401611328125 -0.120521545410156 0.0721588134765625
0.167739868164063 0.10943603515625 -0.191009521484375 -0.0806427001953125
0.103042602539063 0.238143920898437 -0.104476928710937 -0.1436767578125
0.0142822265625 0.282073974609375 -0.0360794067382812 -0.0416297912597656
-0.032501220703125 0.258682250976563 0.244979858398438 0.0555572509765625
0.08538818359375 0.2188720703125 0.221084594726563 0.142471313476563
0.133979797363281 0.10125732421875 0.248428344726562 0.0780029296875
0.155364990234375 0.0148468017578125 0.275405883789063 -0.0274658203125
0.12225341796875 -0.063629150390625 0.215988159179688 -0.127212524414063
0.0602874755859375 -0.141494750976563 0.129104614257813 -0.197647094726563
0.00918579101562501 -0.151931762695313 0.0730133056640625 -0.159988403320313
0.014556884765625 -0.130714416503906 0.0665435791015625 -0.0895767211914063
0.01336669921875 -0.152938842773438 0.0906829833984375 -0.00937652587890626
0.0641021728515625 -0.152862548828125 0.0800552368164063 0.0664291381835937
0.130386352539063 -0.0971603393554688 -0.000381469726562495 0.131141662597656
0.171463012695312 -0.0260772705078125 -0.0952606201171875 0.113334655761719
0.159469604492188 0.111053466796875 -0.173980712890625 -0.0118865966796875
0.084930419921875 0.231277465820312 -0.0887680053710937 -0.0504531860351563
-0.01165771484375 0.2747802734375 -0.0424957275390625 0.0548591613769531
-0.100433349609375 0.223968505859375 0.20751953125 0.167373657226563
-0.000839233398437503 0.246078491210938 0.198348999023438 0.251724243164063
0.0988006591796875 0.172225952148438 0.25030517578125 0.149063110351563
0.173599243164063 0.0869293212890625 0.2713623046875 0.028228759765625
0.17181396484375 -0.02301025390625 0.205001831054688 -0.0738525390625
0.128067016601563 -0.139152526855469 0.129539489746094 -0.138954162597656
0.05963134765625 -0.170425415039062 0.075531005859375 -0.0927200317382813
0.052520751953125 -0.144851684570313 0.0693893432617188 -0.0292892456054688
0.055206298828125 -0.162155151367187 0.0901107788085938 0.0391082763671875
0.097564697265625 -0.14776611328125 0.07855224609375 0.0997695922851562
0.144485473632813 -0.077728271484375 0.0113983154296875 0.149688720703125
0.167816162109375 -0.001434326171875 -0.0707168579101563 0.131874084472656
0.130928039550781 0.117576599121094 -0.13861083984375 0.0344314575195313
0.0450592041015625 0.2110595703125 -0.0595855712890625 0.0247535705566406
-0.05230712890625 0.239791870117188 -0.0503921508789063 0.138519287109375
-0.140228271484375 0.140716552734375 0.14727783203125 0.252197265625
-0.080108642578125 0.202651977539063 0.147369384765625 0.333251953125
0.0291900634765625 0.184860229492188 0.225799560546875 0.20391845703125
0.134849548339844 0.136917114257812 0.238006591796875 0.0726318359375
0.172454833984375 0.03009033203125 0.167953491210938 -0.028350830078125
0.165664672851563 -0.102569580078125 0.104713439941406 -0.07379150390625
0.100692749023438 -0.155990600585938 0.0609779357910156 -0.0204505920410156
0.081451416015625 -0.135940551757813 0.0619087219238281 0.0357437133789062
0.08746337890625 -0.152542114257812 0.08026123046875 0.0901947021484375
0.124343872070312 -0.131484985351563 0.0648651123046875 0.133834838867188
0.15478515625 -0.0523681640625 0.00633239746093751 0.161727905273438
0.159896850585938 0.0303192138671875 -0.06005859375 0.13299560546875
0.0925140380859375 0.134635925292969 -0.107460021972656 0.055023193359375
-0.0149383544921875 0.188568115234375 -0.03778076171875 0.0762481689453125
-0.104843139648437 0.181930541992188 -0.0689697265625 0.199783325195313
-0.145370483398438 0.0267333984375 0.08819580078125 0.291412353515625
-0.125350952148438 0.104583740234375 0.095672607421875 0.370513916015625
-0.0416259765625 0.133880615234375 0.193984985351563 0.227951049804688
0.0559539794921875 0.14208984375 0.194381713867188 0.088714599609375
0.125221252441406 0.0736007690429688 0.118385314941406 -0.004241943359375
0.165008544921875 -0.042083740234375 0.0614166259765625 -0.0200843811035156
0.122398376464844 -0.112106323242188 0.0333290100097656 0.0430374145507812
0.0973281860351563 -0.106857299804688 0.046356201171875 0.0962142944335937
0.106094360351562 -0.125518798828125 0.0626220703125 0.140899658203125
0.1395263671875 -0.10150146484375 0.03857421875 0.167694091796875
0.155960083007813 -0.0233306884765625 -0.0154266357421875 0.173309326171875
0.146743774414063 0.0605316162109375 -0.0691986083984375 0.130294799804687
0.049530029296875 0.1527099609375 -0.0947799682617187 0.0634078979492188
-0.0763702392578125 0.160659790039063 -0.0405120849609375 0.109603881835938
-0.15716552734375 0.107894897460938 -0.104080200195313 0.234970092773438
-0.121482849121094 -0.0894546508789062 0.046844482421875 0.280563354492188
-0.133888244628906 -0.015411376953125 0.0684814453125 0.357391357421875
-0.094268798828125 0.0460739135742188 0.176727294921875 0.217239379882813
-0.0312728881835937 0.107658386230469 0.162628173828125 0.0745086669921875
0.052947998046875 0.0966567993164063 0.0754623413085938 -0.00740051269531249
0.129844665527344 0.0228347778320313 0.0146903991699219 0.00952243804931641
0.123725891113281 -0.0512466430664063 -0.00270080566406249 0.0878829956054687
0.0997467041015625 -0.0614395141601563 0.022857666015625 0.143661499023438
0.109138488769531 -0.080535888671875 0.0367584228515625 0.186370849609375
0.13653564453125 -0.0598068237304687 0.00300598144531253 0.201828002929687
0.14031982421875 0.00728607177734375 -0.0498809814453125 0.18707275390625
0.120735168457031 0.0845108032226563 -0.0946426391601562 0.1287841796875
0.00531005859375 0.154739379882813 -0.105903625488281 0.0650558471679688
-0.128791809082031 0.117080688476563 -0.069793701171875 0.125022888183594
-0.192794799804687 0.02154541015625 -0.155960083007813 0.240753173828125
0.158920288085938 0.0776824951171875 0.164154052734375 -0.232528686523438
0.162445068359375 -0.08843994140625 0.117401123046875 -0.108322143554688
0.0102081298828125 -0.1461181640625 0.122421264648438 -0.0631790161132813
-0.0806045532226563 -0.0942001342773437 0.148300170898438 -0.1278076171875
-0.106193542480469 -0.0254669189453125 0.100723266601562 -0.198043823242188
-0.124443054199219 0.0400238037109375 0.0153961181640625 -0.229522705078125
-0.0983657836914063 0.0486068725585938 -0.0255279541015625 -0.219757080078125
-0.0934600830078125 0.0299606323242187 -0.011016845703125 -0.168014526367188
-0.127693176269531 0.00254058837890624 0.0233383178710937 -0.104011535644531
-0.0925521850585938 -0.0750961303710937 0.0234642028808594 -0.0351085662841797
-0.00426483154296876 -0.123970031738281 -0.0511093139648438 0.0221977233886719
0.0772857666015625 -0.0994873046875 -0.131759643554688 -0.0301742553710938
0.153976440429688 0.0145111083984375 -0.165191650390625 -0.207489013671875
0.1573486328125 0.128829956054688 -0.0947265625 -0.31512451171875
0.0970306396484375 0.179275512695313 -0.0256805419921875 -0.231414794921875
0.12335205078125 0.170196533203125 0.220062255859375 -0.183013916015625
0.178939819335938 0.0124969482421875 0.168609619140625 -0.070220947265625
0.0703277587890625 -0.0878448486328125 0.16705322265625 -0.0440521240234375
-0.00376129150390626 -0.084625244140625 0.198699951171875 -0.117538452148438
-0.0429229736328125 -0.0568771362304688 0.147933959960938 -0.201858520507812
-0.084075927734375 -0.03070068359375 0.0549774169921875 -0.251739501953125
-0.0787200927734375 -0.0270843505859375 0.00769042968750002 -0.23760986328125
-0.0681114196777344 -0.0347480773925781 0.016815185546875 -0.176010131835938
-0.0891036987304688 -0.0643768310546875 0.0546035766601562 -0.100090026855469
-0.0360336303710938 -0.118812561035156 0.0564231872558594 -0.0173606872558594
0.0594558715820313 -0.125335693359375 -0.0254325866699219 0.0567398071289063
0.134956359863281 -0.0721969604492188 -0.118545532226562 0.0234527587890625
0.17486572265625 0.0745849609375 -0.182586669921875 -0.141372680664063
0.142318725585938 0.20654296875 -0.106887817382812 -0.238037109375
0.067840576171875 0.2576904296875 -0.0221405029296875 -0.149444580078125
0.06024169921875 0.243331909179688 0.2586669921875 -0.093109130859375
0.158111572265625 0.126693725585938 0.214263916015625 0.00674438476562501
0.120445251464844 0.00066375732421875 0.2152099609375 -0.0040435791015625
0.0866622924804688 -0.0492935180664062 0.245880126953125 -0.0914459228515625
0.0404586791992188 -0.0760269165039063 0.188552856445313 -0.185134887695313
-0.0210800170898438 -0.0993270874023438 0.0916290283203125 -0.249588012695313
-0.0439910888671875 -0.10028076171875 0.0391693115234375 -0.223648071289062
-0.0307693481445313 -0.0930252075195313 0.041168212890625 -0.155288696289063
-0.0418701171875 -0.120697021484375 0.07672119140625 -0.074554443359375
0.0153045654296875 -0.146636962890625 0.077911376953125 0.00968170166015624
0.103172302246094 -0.120559692382813 -0.00181579589843749 0.0905914306640625
0.167022705078125 -0.0548248291015625 -0.10028076171875 0.0750808715820312
0.182876586914063 0.1004638671875 -0.186050415039062 -0.0655975341796875
0.129745483398438 0.240097045898438 -0.106124877929688 -0.143035888671875
0.0413818359375 0.29498291015625 -0.0244865417480469 -0.0503387451171875
-0.021270751953125 0.275390625 0.265151977539063 0.0257720947265625
0.097503662109375 0.224014282226563 0.236221313476562 0.114288330078125
0.139556884765625 0.103103637695313 0.250640869140625 0.0568695068359375
0.162277221679687 0.012420654296875 0.276168823242188 -0.045745849609375
0.124649047851563 -0.0696258544921875 0.2105712890625 -0.145965576171875
0.055145263671875 -0.1461181640625 0.11712646484375 -0.216506958007813
0.00314331054687501 -0.157791137695313 0.06158447265625 -0.177581787109375
0.009979248046875 -0.137496948242188 0.0578155517578125 -0.109046936035156
0.00694274902343749 -0.159255981445313 0.08837890625 -0.0325469970703125
0.0582122802734375 -0.16259765625 0.0881500244140625 0.0422592163085937
0.132087707519531 -0.109397888183594 0.0180130004882812 0.116859436035156
0.18048095703125 -0.037872314453125 -0.0735549926757812 0.111465454101562
0.174392700195313 0.108734130859375 -0.1630859375 -0.00137329101562498
0.105758666992187 0.241836547851562 -0.0816421508789063 -0.0519561767578125
0.00842285156250002 0.293365478515625 -0.0242271423339844 0.0506095886230469
-0.098358154296875 0.24884033203125 0.233749389648437 0.146713256835938
0.00897216796875 0.265090942382813 0.22210693359375 0.229415893554688
0.109298706054688 0.181396484375 0.258377075195312 0.127120971679687
0.19012451171875 0.0863037109375 0.274307250976563 0.0107879638671875
0.181671142578125 -0.03289794921875 0.202178955078125 -0.0914154052734375
0.126861572265625 -0.1546630859375 0.11944580078125 -0.155715942382812
0.0525665283203125 -0.184890747070313 0.0681228637695313 -0.108695983886719
0.0476226806640625 -0.1588134765625 0.0646820068359375 -0.0448112487792969
0.0502777099609375 -0.177764892578125 0.090179443359375 0.0197067260742187
0.095733642578125 -0.1654052734375 0.0855789184570313 0.0785064697265625
0.151565551757813 -0.0926361083984375 0.026519775390625 0.135383605957031
0.181900024414062 -0.011962890625 -0.0523300170898437 0.126014709472656
0.147293090820313 0.122268676757813 -0.125541687011719 0.038055419921875
0.0604400634765625 0.228988647460938 -0.04632568359375 0.0226173400878906
-0.040771484375 0.264328002929688 -0.0290145874023438 0.138603210449219
-0.149261474609375 0.1689453125 0.176712036132813 0.243759155273438
-0.0776824951171875 0.230453491210938 0.17767333984375 0.32061767578125
0.0398406982421875 0.202926635742188 0.238037109375 0.185165405273438
0.156402587890625 0.1417236328125 0.241806030273438 0.05670166015625
0.189712524414062 0.019805908203125 0.164154052734375 -0.0400390625
0.169586181640625 -0.124725341796875 0.0971298217773438 -0.0848388671875
0.0933074951171875 -0.177947998046875 0.0591163635253906 -0.0300102233886719
0.0763702392578125 -0.154922485351563 0.0615081787109375 0.0252685546875
0.0825042724609375 -0.173538208007813 0.0825271606445313 0.0764312744140625
0.125274658203125 -0.15374755859375 0.0701675415039063 0.117446899414062
0.165328979492188 -0.0690155029296875 0.017120361328125 0.150253295898437
0.179351806640625 0.0204925537109375 -0.0461273193359375 0.128562927246094
0.110794067382813 0.143661499023438 -0.09454345703125 0.0555419921875
-0.00158691406250002 0.213165283203125 -0.0214614868164063 0.074920654296875
-0.101287841796875 0.211837768554687 -0.0477752685546875 0.206405639648438
-0.16424560546875 0.0520782470703125 0.114105224609375 0.29351806640625
-0.133560180664063 0.133445739746094 0.12652587890625 0.366455078125
-0.0373687744140625 0.156570434570313 0.208389282226563 0.212158203125
0.0764312744140625 0.153854370117188 0.195510864257813 0.0764312744140625
0.146942138671875 0.067108154296875 0.113525390625 -0.0098724365234375
0.174636840820313 -0.0652618408203125 0.0562515258789063 -0.0243644714355469
0.119606018066406 -0.137359619140625 0.0347976684570313 0.0420188903808594
0.093719482421875 -0.128814697265625 0.0500335693359375 0.0919952392578125
0.101760864257812 -0.149688720703125 0.0681076049804688 0.135147094726563
0.140731811523438 -0.126937866210938 0.0439453125 0.158966064453125
0.16766357421875 -0.04229736328125 -0.00723266601562499 0.16650390625
0.167526245117188 0.05084228515625 -0.058807373046875 0.127052307128906
0.0696258544921875 0.163742065429688 -0.0833511352539063 0.0627593994140625
-0.0681304931640625 0.189117431640625 -0.0233917236328125 0.1129150390625
-0.161087036132812 0.14166259765625 -0.085906982421875 0.251190185546875
-0.148590087890625 -0.0733795166015625 0.066802978515625 0.29095458984375
-0.152511596679688 0.00909423828124999 0.09521484375 0.357818603515625
-0.098388671875 0.0682449340820313 0.187759399414063 0.202285766601563
-0.01611328125 0.125907897949219 0.158981323242188 0.0635986328125
0.0750198364257813 0.0970306396484375 0.0663833618164063 -0.00781249999999999
0.144744873046875 0.0025482177734375 0.0100345611572266 0.0151004791259766
0.124290466308594 -0.07550048828125 0.00247192382812501 0.0967254638671875
0.09698486328125 -0.0814208984375 0.0320281982421875 0.147705078125
0.105995178222656 -0.102745056152344 0.0471649169921875 0.186569213867188
0.137672424316406 -0.0843276977539063 0.0110626220703125 0.200576782226562
0.151397705078125 -0.010772705078125 -0.04205322265625 0.18597412109375
0.140220642089844 0.0743179321289063 -0.086639404296875 0.129295349121094
0.02508544921875 0.166763305664063 -0.0955429077148437 0.066558837890625
-0.124038696289063 0.145782470703125 -0.0520858764648438 0.135452270507813
-0.202621459960938 0.0535430908203125 -0.142929077148437 0.265304565429688
0.173049926757813 0.0582122802734375 0.155258178710937 -0.265090942382813
0.155624389648438 -0.114730834960938 0.105903625488281 -0.127250671386719
-0.00775146484375001 -0.151641845703125 0.116546630859375 -0.0670394897460938
-0.097442626953125 -0.0873336791992188 0.147750854492188 -0.135299682617188
-0.114120483398437 -0.010772705078125 0.099273681640625 -0.209030151367188
-0.121879577636719 0.0613937377929688 0.00946044921875 -0.241485595703125
-0.09234619140625 0.0653533935546875 -0.0389404296875 -0.232818603515625
-0.0896377563476563 0.045074462890625 -0.0237274169921875 -0.181442260742188
-0.129119873046875 0.0243911743164062 0.015716552734375 -0.121139526367187
-0.108024597167969 -0.0610504150390625 0.02532958984375 -0.0515518188476563
-0.0242156982421875 -0.127426147460938 -0.0402565002441406 0.0159492492675781
0.0650482177734375 -0.114913940429688 -0.124412536621094 -0.0261077880859375
0.164932250976563 -0.0074005126953125 -0.173721313476563 -0.199569702148438
0.18505859375 0.1109619140625 -0.113616943359375 -0.32232666015625
0.127471923828125 0.172988891601563 -0.034637451171875 -0.251388549804688
0.141082763671875 0.164215087890625 0.219390869140625 -0.220352172851563
0.180526733398438 -0.00543212890625 0.161285400390625 -0.093994140625
0.05877685546875 -0.0928802490234375 0.163116455078125 -0.0527496337890625
-0.0128326416015625 -0.0819015502929688 0.20013427734375 -0.1292724609375
-0.0482368469238281 -0.0487174987792969 0.14422607421875 -0.217849731445313
-0.0849685668945313 -0.017333984375 0.04571533203125 -0.26904296875
-0.0776519775390625 -0.01702880859375 -0.00788879394531251 -0.255935668945313
-0.0676116943359375 -0.026763916015625 0.00241088867187499 -0.195297241210938
-0.093414306640625 -0.0528640747070312 0.0460281372070313 -0.123046875
-0.0484542846679688 -0.112991333007813 0.0592002868652344 -0.0403251647949219
0.0467910766601563 -0.134025573730469 -0.0105400085449219 0.04571533203125
0.131462097167969 -0.087493896484375 -0.105964660644531 0.0242462158203125
0.189895629882813 0.0601043701171875 -0.185684204101563 -0.132644653320313
0.171890258789063 0.200790405273438 -0.118743896484375 -0.244216918945313
0.09820556640625 0.26251220703125 -0.0216522216796875 -0.167434692382812
0.076873779296875 0.252471923828125 0.267669677734375 -0.130355834960937
0.1688232421875 0.122482299804687 0.215301513671875 -0.020263671875
0.120414733886719 -0.000152587890625 0.215011596679688 -0.0169525146484375
0.0869369506835938 -0.0505752563476563 0.249069213867188 -0.10662841796875
0.0394744873046875 -0.0759811401367188 0.185684204101563 -0.205245971679688
-0.0242538452148438 -0.0954055786132813 0.080657958984375 -0.269851684570313
-0.0474853515625 -0.099853515625 0.0238189697265625 -0.245193481445313
-0.032958984375 -0.0954055786132813 0.0267333984375 -0.175613403320312
-0.0481033325195312 -0.119888305664063 0.0692977905273438 -0.0992279052734375
0.00617980957031251 -0.1517333984375 0.0812835693359375 -0.0151596069335938
0.0995330810546875 -0.133277893066406 0.01300048828125 0.0768356323242187
0.17132568359375 -0.069793701171875 -0.0836334228515625 0.0734405517578125
0.201248168945312 0.0929412841796875 -0.183135986328125 -0.057586669921875
0.159255981445313 0.244308471679687 -0.110366821289062 -0.148513793945312
0.069732666015625 0.31011962890625 -0.0158576965332031 -0.0637626647949219
-0.00863647460937502 0.2974853515625 0.284576416015625 -0.00634765624999998
0.113372802734375 0.233352661132812 0.24688720703125 0.08953857421875
0.148956298828125 0.107803344726563 0.254486083984375 0.0416107177734375
0.174087524414063 0.00921630859375 0.281951904296875 -0.062530517578125
0.130264282226563 -0.0763473510742188 0.208587646484375 -0.165451049804688
0.0526123046875 -0.15472412109375 0.1063232421875 -0.2373046875
-0.00433349609374999 -0.166397094726563 0.049346923828125 -0.198165893554688
0.0047149658203125 -0.147735595703125 0.046417236328125 -0.128410339355469
-0.000259399414062484 -0.16986083984375 0.0835952758789063 -0.0548782348632813
0.0538177490234375 -0.17718505859375 0.0909957885742187 0.0186843872070312
0.135215759277344 -0.126426696777344 0.0309906005859375 0.102073669433594
0.190750122070313 -0.050689697265625 -0.0575103759765625 0.106979370117188
0.193618774414063 0.108901977539063 -0.155792236328125 0.00254821777343753
0.131103515625 0.25482177734375 -0.07794189453125 -0.0575942993164062
0.0311279296875 0.3167724609375 -0.00935745239257812 0.041839599609375
-0.094573974609375 0.28155517578125 0.260589599609375 0.125656127929688
0.02410888671875 0.2890625 0.242782592773437 0.211181640625
0.125595092773438 0.195632934570312 0.26776123046875 0.11285400390625
0.2125244140625 0.084442138671875 0.282684326171875 -0.00555419921875
0.19573974609375 -0.0450286865234375 0.201614379882812 -0.108474731445312
0.125885009765625 -0.174240112304688 0.111129760742188 -0.174102783203125
0.0443878173828125 -0.20367431640625 0.0601043701171875 -0.123832702636719
0.041351318359375 -0.176986694335938 0.0566864013671875 -0.06011962890625
0.0423431396484375 -0.197235107421875 0.085968017578125 0.00302124023437499
0.093231201171875 -0.186859130859375 0.0880279541015625 0.0599288940429687
0.1607666015625 -0.111175537109375 0.0346450805664063 0.122444152832031
0.199386596679687 -0.0252227783203125 -0.0389556884765625 0.120025634765625
0.1680908203125 0.127151489257813 -0.11767578125 0.037689208984375
0.0825347900390625 0.250656127929688 -0.0361785888671875 0.0167121887207031
-0.025238037109375 0.294158935546875 -0.0104827880859375 0.137069702148438
-0.155929565429688 0.20458984375 0.206344604492188 0.237350463867188
-0.070587158203125 0.263900756835937 0.203277587890625 0.31353759765625
0.054656982421875 0.226547241210938 0.251419067382813 0.173187255859375
0.183319091796875 0.146041870117187 0.250045776367187 0.0446624755859375
0.2103271484375 0.00811767578125 0.163848876953125 -0.0520782470703125
0.173599243164062 -0.149856567382812 0.0912933349609375 -0.0969390869140625
0.085174560546875 -0.201980590820313 0.0555381774902344 -0.038299560546875
0.0696563720703125 -0.176284790039063 0.0594482421875 0.0175323486328125
0.075531005859375 -0.19952392578125 0.0827560424804688 0.0676116943359375
0.124038696289063 -0.180419921875 0.0728225708007813 0.10601806640625
0.178237915039063 -0.090911865234375 0.0231170654296875 0.14215087890625
0.200515747070313 0.0074462890625 -0.0370254516601563 0.1229248046875
0.1334228515625 0.15228271484375 -0.08721923828125 0.0524215698242188
0.0150909423828125 0.24005126953125 -0.00824737548828125 0.07110595703125
-0.09381103515625 0.246429443359375 -0.02899169921875 0.213882446289063
-0.180419921875 0.0829315185546875 0.141693115234375 0.299285888671875
-0.138473510742188 0.167816162109375 0.15435791015625 0.3675537109375
-0.030242919921875 0.184417724609375 0.22198486328125 0.2020263671875
0.1024169921875 0.166427612304688 0.200729370117188 0.0689239501953125
0.17095947265625 0.0593719482421875 0.111091613769531 -0.0134429931640625
0.184646606445313 -0.091522216796875 0.0530204772949219 -0.0256423950195313
0.11376953125 -0.164382934570312 0.037384033203125 0.0423431396484375
0.08837890625 -0.15081787109375 0.0547561645507813 0.091033935546875
0.094940185546875 -0.176025390625 0.0728530883789063 0.133407592773438
0.139434814453125 -0.155715942382813 0.0484466552734375 0.156097412109375
0.180694580078125 -0.0635833740234375 -0.00373840332031248 0.164642333984375
0.1904296875 0.038330078125 -0.0531005859375 0.124794006347656
0.093017578125 0.17486572265625 -0.0777130126953125 0.0596847534179688
-0.0548858642578125 0.220626831054687 -0.00740051269531249 0.114097595214844
-0.161392211914062 0.177261352539063 -0.0684356689453125 0.267013549804688
-0.172103881835938 -0.052947998046875 0.08740234375 0.304840087890625
-0.168426513671875 0.036865234375 0.1190185546875 0.365692138671875
-0.100906372070313 0.0939559936523437 0.199539184570313 0.192367553710938
0.00190734863281249 0.143264770507812 0.157791137695313 0.0592498779296875
0.0975265502929688 0.0941085815429688 0.0613555908203125 -0.00448226928710937
0.1566162109375 -0.0210113525390625 0.00725746154785157 0.0217647552490234
0.121383666992188 -0.100288391113281 0.00930786132812502 0.106132507324219
0.0931243896484375 -0.102134704589844 0.041900634765625 0.154708862304688
0.10015869140625 -0.126792907714844 0.056884765625 0.192901611328125
0.137115478515625 -0.110084533691406 0.01641845703125 0.205795288085938
0.16461181640625 -0.0308074951171875 -0.03900146484375 0.189804077148437
0.161727905273438 0.0626068115234375 -0.0831222534179688 0.130683898925781
0.046630859375 0.1768798828125 -0.089752197265625 0.06585693359375
-0.115814208984375 0.176437377929688 -0.036895751953125 0.14495849609375
-0.21124267578125 0.086639404296875 -0.130462646484375 0.29168701171875
0.186965942382813 0.0380706787109375 0.139892578125 -0.303436279296875
0.1455078125 -0.142562866210937 0.0899810791015625 -0.1461181640625
-0.0294952392578125 -0.157699584960938 0.114021301269531 -0.0732269287109375
-0.115272521972656 -0.0778121948242188 0.149139404296875 -0.148056030273438
-0.122047424316406 0.00548553466796875 0.095245361328125 -0.226821899414062
-0.1181640625 0.0847320556640625 -0.00213623046875003 -0.2601318359375
-0.0842056274414062 0.0829238891601563 -0.0590057373046875 -0.249908447265625
-0.0849761962890625 0.061248779296875 -0.0419921875 -0.197433471679688
-0.128768920898438 0.0477523803710938 0.00256347656249998 -0.141387939453125
-0.122398376464844 -0.0453720092773437 0.0221023559570312 -0.0708694458007813
-0.0468521118164063 -0.128761291503906 -0.0327873229980469 0.00633621215820311
0.0502471923828125 -0.130203247070312 -0.120063781738281 -0.026275634765625
0.1737060546875 -0.03399658203125 -0.186630249023437 -0.1956787109375
0.213241577148438 0.0869903564453125 -0.1419677734375 -0.332611083984375
0.160079956054688 0.162261962890625 -0.0522613525390625 -0.276107788085938
0.160919189453125 0.158782958984375 0.212203979492187 -0.264007568359375
0.18341064453125 -0.0242919921875 0.1514892578125 -0.119232177734375
0.0482940673828125 -0.097869873046875 0.161605834960938 -0.0629730224609375
-0.0213851928710938 -0.077545166015625 0.202590942382812 -0.147125244140625
-0.0529289245605469 -0.0406570434570313 0.140975952148438 -0.241134643554687
-0.0839462280273438 -0.00284576416015624 0.030914306640625 -0.293060302734375
-0.0759124755859375 -0.00834655761718749 -0.031524658203125 -0.278030395507813
-0.0668258666992188 -0.0205612182617187 -0.02001953125 -0.215301513671875
-0.0974578857421875 -0.0412673950195312 0.0310211181640625 -0.147735595703125
-0.0610427856445312 -0.108909606933594 0.0569877624511719 -0.0652961730957031
0.0333404541015625 -0.142471313476562 -0.00153732299804687 0.0316028594970703
0.126266479492188 -0.104774475097656 -0.09613037109375 0.0221786499023437
0.206573486328125 0.0413818359375 -0.192306518554688 -0.125823974609375
0.20703125 0.190841674804688 -0.138961791992187 -0.253738403320313
0.135009765625 0.265274047851563 -0.0290679931640625 -0.19012451171875
0.099761962890625 0.2633056640625 0.272598266601563 -0.175079345703125
0.184600830078125 0.117233276367188 0.214706420898438 -0.0483245849609375
0.123458862304688 -0.00240325927734375 0.217559814453125 -0.03125
0.08953857421875 -0.0544967651367188 0.255279541015625 -0.12823486328125
0.0397491455078125 -0.0781631469726563 0.182174682617188 -0.23150634765625
-0.0269088745117188 -0.09515380859375 0.06365966796875 -0.2967529296875
-0.0530776977539062 -0.101036071777344 0.000503540039062514 -0.270095825195313
-0.0381011962890625 -0.0993881225585938 0.00524902343749999 -0.197402954101563
-0.056396484375 -0.122062683105469 0.0551071166992188 -0.124946594238281
-0.00379943847656249 -0.159332275390625 0.079803466796875 -0.0412826538085938
0.0941162109375 -0.14874267578125 0.0231056213378906 0.0610504150390625
0.175872802734375 -0.0887908935546875 -0.0705490112304688 0.0689468383789062
0.223098754882813 0.0811309814453125 -0.18463134765625 -0.0523681640625
0.194992065429688 0.246627807617188 -0.120880126953125 -0.15667724609375
0.10638427734375 0.3248291015625 -0.0128250122070312 -0.0821685791015625
0.010955810546875 0.326202392578125 0.302001953125 -0.04547119140625
0.137252807617187 0.246337890625 0.259506225585938 0.063079833984375
0.165695190429688 0.113128662109375 0.263412475585938 0.025726318359375
0.190536499023438 0.0015869140625 0.291290283203125 -0.085784912109375
0.138198852539063 -0.0900192260742188 0.207199096679688 -0.192413330078125
0.0472564697265625 -0.167953491210938 0.090087890625 -0.263427734375
-0.015869140625 -0.178863525390625 0.029998779296875 -0.2213134765625
-0.00360107421875001 -0.161972045898438 0.02899169921875 -0.146987915039063
-0.0121002197265625 -0.185211181640625 0.07244873046875 -0.077789306640625
0.0447998046875 -0.195755004882813 0.0897903442382813 -0.00485229492187501
0.137588500976563 -0.148056030273438 0.0395431518554688 0.0875091552734375
0.204193115234375 -0.071044921875 -0.0443801879882812 0.100151062011719
0.219482421875 0.103561401367187 -0.153884887695313 0.00593566894531254
0.166412353515625 0.267913818359375 -0.078948974609375 -0.0654830932617187
0.063140869140625 0.342987060546875 0.00214004516601563 0.030487060546875
-0.08154296875 0.32080078125 0.289337158203125 0.1002197265625
0.049407958984375 0.31842041015625 0.267303466796875 0.193084716796875
0.15087890625 0.2113037109375 0.282257080078125 0.09716796875
0.2415771484375 0.0780792236328125 0.295013427734375 -0.025238037109375
0.212356567382813 -0.06427001953125 0.2017822265625 -0.1300048828125
0.122772216796875 -0.199691772460938 0.0984649658203125 -0.195068359375
0.0288543701171875 -0.225143432617188 0.048492431640625 -0.141387939453125
0.03009033203125 -0.198486328125 0.0475387573242188 -0.0731582641601563
0.0283203125 -0.222152709960938 0.0813980102539063 -0.0125732421875
0.086029052734375 -0.214599609375 0.08770751953125 0.0424423217773437
0.169036865234375 -0.13751220703125 0.0415725708007813 0.111007690429688
0.219406127929688 -0.0455169677734375 -0.0287322998046875 0.114479064941406
0.19683837890625 0.128768920898438 -0.113945007324219 0.037200927734375
0.11431884765625 0.273284912109375 -0.0302791595458984 0.00847053527832033
0.000518798828124989 0.328369140625 0.0079498291015625 0.135299682617188
-0.1541748046875 0.247390747070312 0.241180419921875 0.228179931640625
-0.05401611328125 0.3033447265625 0.236480712890625 0.307037353515625
0.079803466796875 0.250457763671875 0.269622802734375 0.160232543945313
0.218475341796875 0.147079467773438 0.2620849609375 0.031005859375
0.23431396484375 -0.0121307373046875 0.166107177734375 -0.063720703125
0.174896240234375 -0.182769775390625 0.0830230712890625 -0.109367370605469
0.0716552734375 -0.230117797851563 0.0517616271972656 -0.0468101501464844
0.05877685546875 -0.202590942382813 0.0584030151367188 0.0102920532226562
0.060882568359375 -0.229095458984375 0.0831375122070313 0.0602951049804687
0.117156982421875 -0.2139892578125 0.0746078491210938 0.097564697265625
0.189239501953125 -0.119979858398437 0.0277481079101563 0.137313842773438
0.225051879882813 -0.0133209228515625 -0.031280517578125 0.119102478027344
0.16387939453125 0.159698486328125 -0.0846176147460937 0.0503082275390625
0.0424346923828125 0.270584106445313 0.00521469116210938 0.0653800964355469
-0.0765380859375 0.28558349609375 -0.00718688964843753 0.22198486328125
-0.193740844726563 0.120452880859375 0.177093505859375 0.306854248046875
-0.135299682617187 0.208541870117188 0.19036865234375 0.37127685546875
-0.0143280029296875 0.214523315429688 0.240768432617187 0.192459106445312
0.135406494140625 0.176177978515625 0.210357666015625 0.06048583984375
0.198089599609375 0.0450592041015625 0.1116943359375 -0.017791748046875
0.189300537109375 -0.12542724609375 0.0501060485839844 -0.0289993286132813
0.10235595703125 -0.194793701171875 0.0414352416992188 0.0438995361328125
0.077789306640625 -0.17724609375 0.06109619140625 0.0934295654296875
0.0819091796875 -0.20599365234375 0.0806503295898438 0.134536743164063
0.132492065429688 -0.189376831054688 0.0534515380859375 0.157196044921875
0.192764282226563 -0.091888427734375 0.000167846679687504 0.1671142578125
0.215225219726563 0.0185546875 -0.04974365234375 0.125869750976563
0.122894287109375 0.184341430664063 -0.0747833251953125 0.057952880859375
-0.0329437255859375 0.254898071289063 0.00912475585937501 0.113777160644531
-0.154708862304688 0.219009399414063 -0.0478515625 0.288787841796875
-0.196243286132813 -0.027099609375 0.116546630859375 0.323455810546875
-0.18011474609375 0.0699615478515625 0.151947021484375 0.3763427734375
-0.09844970703125 0.123947143554688 0.216140747070313 0.185089111328125
0.0264434814453125 0.158920288085938 0.16180419921875 0.0557403564453125
0.123405456542969 0.0868682861328125 0.0582542419433594 -0.00054550170898437
0.166671752929688 -0.048248291015625 0.00728607177734376 0.0314426422119141
0.114852905273438 -0.127311706542969 0.0213851928710937 0.117385864257812
0.084930419921875 -0.125030517578125 0.0555572509765625 0.163299560546875
0.0909881591796875 -0.153244018554687 0.071258544921875 0.201492309570312
0.131813049316406 -0.139900207519531 0.0257720947265625 0.215286254882813
0.174728393554688 -0.0556640625 -0.034942626953125 0.20098876953125
0.184585571289063 0.04541015625 -0.0810623168945312 0.136466979980469
0.0736236572265625 0.1876220703125 -0.087188720703125 0.0676651000976563
-0.101150512695312 0.210250854492188 -0.0174713134765625 0.152816772460938
-0.214218139648438 0.125473022460937 -0.11285400390625 0.325836181640625
0.198715209960938 0.0107879638671875 0.109588623046875 -0.34368896484375
0.126327514648438 -0.172760009765625 0.067169189453125 -0.163558959960937
-0.0556640625 -0.15899658203125 0.109565734863281 -0.0805282592773438
-0.133842468261719 -0.0625534057617187 0.14569091796875 -0.167266845703125
-0.127708435058594 0.0267410278320312 0.0826416015625 -0.25140380859375
-0.105728149414063 0.109756469726562 -0.025177001953125 -0.2801513671875
-0.0710601806640625 0.100921630859375 -0.091339111328125 -0.264328002929688
-0.0755844116210937 0.0774307250976563 -0.07135009765625 -0.211044311523438
-0.122703552246094 0.0732955932617187 -0.0198822021484375 -0.15850830078125
-0.133651733398438 -0.0234832763671875 0.0123443603515625 -0.0904159545898438
-0.0722122192382813 -0.123672485351563 -0.0305137634277344 -0.00378608703613282
0.029144287109375 -0.143142700195312 -0.119392395019531 -0.0252151489257813
0.1771240234375 -0.06683349609375 -0.20654296875 -0.18804931640625
0.2379150390625 0.052764892578125 -0.181396484375 -0.339385986328125
0.19512939453125 0.14141845703125 -0.082427978515625 -0.29833984375
0.184524536132813 0.146316528320313 0.19036865234375 -0.314422607421875
0.182708740234375 -0.0488739013671875 0.133987426757813 -0.14532470703125
0.0357818603515625 -0.101463317871094 0.15985107421875 -0.0751953125
-0.0319976806640625 -0.0745697021484375 0.201370239257813 -0.173599243164063
-0.0567245483398438 -0.0312232971191406 0.128005981445312 -0.270889282226563
-0.0802459716796875 0.0105743408203125 0.00292968750000002 -0.320159912109375
-0.07489013671875 0.000663757324218755 -0.068328857421875 -0.297943115234375
-0.0655288696289063 -0.0136299133300781 -0.0525970458984375 -0.232772827148438
-0.101570129394531 -0.0284194946289063 0.00614929199218751 -0.17071533203125
-0.0750656127929688 -0.101226806640625 0.0464706420898437 -0.0911636352539063
0.014556884765625 -0.15081787109375 0.0047454833984375 0.0166692733764648
0.117027282714844 -0.125534057617188 -0.0893096923828125 0.0188980102539062
0.222640991210937 0.0150604248046875 -0.204391479492188 -0.11767578125
0.243621826171875 0.169570922851562 -0.168502807617188 -0.258621215820312
0.179214477539063 0.260299682617188 -0.0471038818359375 -0.214263916015625
0.132415771484375 0.271194458007813 0.26544189453125 -0.22857666015625
0.203460693359375 0.106277465820313 0.208831787109375 -0.08026123046875
0.12945556640625 -0.0072021484375 0.218719482421875 -0.0497283935546875
0.0924835205078125 -0.0619735717773438 0.256378173828125 -0.1595458984375
0.0385055541992188 -0.0836334228515625 0.169189453125 -0.264450073242188
-0.0317840576171875 -0.094512939453125 0.03387451171875 -0.32623291015625
-0.0618438720703125 -0.102378845214844 -0.03607177734375 -0.293060302734375
-0.047943115234375 -0.103652954101562 -0.025726318359375 -0.216049194335938
-0.068878173828125 -0.123138427734375 0.0316619873046875 -0.148345947265625
-0.0209808349609375 -0.167068481445313 0.0693855285644531 -0.0694732666015625
0.082916259765625 -0.168426513671875 0.03009033203125 0.0425529479980469
0.176773071289063 -0.114166259765625 -0.0593833923339844 0.0628547668457031
0.2471923828125 0.0604705810546875 -0.189071655273437 -0.0428619384765625
0.240707397460937 0.238082885742187 -0.13916015625 -0.161666870117187
0.153839111328125 0.332061767578125 -0.0172882080078125 -0.1026611328125
0.046051025390625 0.35479736328125 0.311981201171875 -0.09478759765625
0.172805786132813 0.253021240234375 0.26934814453125 0.029205322265625
0.190536499023438 0.113052368164063 0.271026611328125 0.00338745117187501
0.208877563476563 -0.0169525146484375 0.29730224609375 -0.117889404296875
0.143234252929688 -0.1103515625 0.197265625 -0.225051879882813
0.036712646484375 -0.18450927734375 0.061859130859375 -0.29052734375
-0.034027099609375 -0.192306518554688 -0.00036621093749998 -0.24371337890625
-0.02117919921875 -0.176788330078125 0.00460815429687501 -0.164260864257812
-0.0313720703125 -0.199783325195313 0.0542831420898437 -0.0982894897460938
0.02801513671875 -0.216232299804688 0.081573486328125 -0.028900146484375
0.132064819335938 -0.1761474609375 0.0452880859375 0.0706558227539062
0.213790893554687 -0.100082397460937 -0.0337142944335937 0.0934219360351563
0.25018310546875 0.089996337890625 -0.153427124023438 0.011260986328125
0.213577270507813 0.271255493164063 -0.0853118896484375 -0.0728988647460937
0.110321044921875 0.3631591796875 0.0114126205444336 0.016819953918457
-0.0523681640625 0.365447998046875 0.31768798828125 0.06256103515625
0.091094970703125 0.342987060546875 0.2933349609375 0.1663818359375
0.188522338867188 0.219833374023438 0.296875 0.07440185546875
0.274658203125 0.0577239990234375 0.305633544921875 -0.054595947265625
0.22589111328125 -0.09393310546875 0.196304321289063 -0.156875610351563
0.109085083007812 -0.229476928710938 0.0767364501953125 -0.21636962890625
0.00428771972656247 -0.247726440429688 0.0294189453125 -0.15814208984375
0.00878906250000002 -0.221282958984375 0.032440185546875 -0.0857315063476563
0.00332641601562503 -0.247451782226562 0.0723724365234375 -0.0277938842773438
0.06658935546875 -0.244766235351563 0.0844955444335938 0.024658203125
0.16961669921875 -0.173171997070313 0.046478271484375 0.099517822265625
0.23565673828125 -0.0776824951171875 -0.0191726684570312 0.107429504394531
0.23284912109375 0.12030029296875 -0.113006591796875 0.0405731201171875
0.16143798828125 0.2880859375 -0.0272445678710937 -0.00018692016601561
0.042572021484375 0.35906982421875 0.0279541015625 0.129875183105469
-0.137969970703125 0.296875 0.280685424804688 0.20849609375
-0.01885986328125 0.343536376953125 0.2783203125 0.2913818359375
0.119338989257812 0.27215576171875 0.290802001953125 0.1412353515625
0.260696411132813 0.134628295898438 0.276687622070313 0.00901794433593751
0.256378173828125 -0.0430450439453125 0.165237426757813 -0.0819854736328125
0.1654052734375 -0.222457885742187 0.0720062255859375 -0.121467590332031
0.0453033447265625 -0.260406494140625 0.04632568359375 -0.0554122924804688
0.035400390625 -0.231124877929687 0.0551643371582031 0.00508880615234374
0.0343475341796875 -0.259292602539063 0.0844192504882813 0.0530853271484375
0.0960540771484375 -0.250701904296875 0.077728271484375 0.0905914306640625
0.192291259765625 -0.159088134765625 0.0334701538085938 0.132843017578125
0.246231079101563 -0.0467681884765625 -0.023773193359375 0.117286682128906
0.201187133789063 0.156158447265625 -0.0828094482421875 0.0508346557617188
0.086761474609375 0.295501708984375 0.0147972106933594 0.0568389892578125
-0.043060302734375 0.327880859375 0.0211181640625 0.22967529296875
-0.195053100585938 0.166366577148437 0.22186279296875 0.305023193359375
-0.117630004882813 0.25213623046875 0.2373046875 0.36846923828125
0.01605224609375 0.244247436523438 0.263748168945313 0.17724609375
0.177291870117188 0.175628662109375 0.222625732421875 0.0467681884765625
0.2261962890625 0.01959228515625 0.112152099609375 -0.0237274169921875
0.185760498046875 -0.165664672851563 0.0452957153320313 -0.0292205810546875
0.0793609619140625 -0.225250244140625 0.0482254028320313 0.0445938110351562
0.056549072265625 -0.204254150390625 0.0715255737304688 0.0936126708984375
0.0559539794921875 -0.238555908203125 0.0932693481445313 0.134109497070312
0.114120483398438 -0.226333618164063 0.0632781982421875 0.158782958984375
0.197799682617188 -0.130905151367188 0.00909423828125001 0.172714233398438
0.239059448242187 -0.0126953125 -0.044921875 0.128761291503906
0.16094970703125 0.184844970703125 -0.0742111206054688 0.0583648681640625
0.00527954101562498 0.28619384765625 0.0270309448242188 0.1116943359375
-0.132827758789063 0.265396118164063 -0.014312744140625 0.30889892578125
-0.21533203125 0.00781250000000002 0.159576416015625 0.334808349609375
-0.182510375976563 0.111328125 0.19781494140625 0.3822021484375
-0.084747314453125 0.155868530273438 0.23583984375 0.173812866210938
0.0594635009765625 0.170516967773438 0.168807983398438 0.04888916015625
0.14898681640625 0.0713653564453125 0.0570259094238281 0.00433349609375
0.1693115234375 -0.0832977294921875 0.0113792419433594 0.0409164428710938
0.0988922119140625 -0.157485961914063 0.0376052856445313 0.12652587890625
0.0699920654296875 -0.148666381835938 0.078460693359375 0.170120239257812
0.0708160400390625 -0.179718017578125 0.093536376953125 0.207916259765625
0.117111206054687 -0.1734619140625 0.0431365966796875 0.226730346679688
0.179428100585938 -0.0885009765625 -0.02398681640625 0.215499877929687
0.207107543945313 0.01910400390625 -0.0767974853515625 0.145401000976563
0.107635498046875 0.190261840820313 -0.0852584838867188 0.0708160400390625
-0.0733795166015625 0.244781494140625 0.00595092773437501 0.157867431640625
-0.206832885742187 0.172317504882812 -0.0796813964843751 0.3616943359375
0.2008056640625 -0.0220184326171875 0.06072998046875 -0.3729248046875
0.0971221923828125 -0.194473266601563 0.036163330078125 -0.172943115234375
-0.0834197998046875 -0.153152465820312 0.101852416992188 -0.0877227783203125
-0.146011352539062 -0.0396575927734375 0.13372802734375 -0.186752319335938
-0.124107360839844 0.0511474609375 0.05841064453125 -0.27203369140625
-0.085113525390625 0.131782531738281 -0.058868408203125 -0.29144287109375
-0.052337646484375 0.11376953125 -0.132492065429688 -0.266937255859375
-0.0604782104492188 0.0891036987304688 -0.106430053710938 -0.2135009765625
-0.107536315917969 0.0987319946289063 -0.049774169921875 -0.16680908203125
-0.137283325195312 0.0053863525390625 -0.006256103515625 -0.105911254882813
-0.0956878662109375 -0.110137939453125 -0.0315704345703125 -0.0152702331542969
0.00350952148437501 -0.149627685546875 -0.119880676269531 -0.02294921875
0.16680908203125 -0.098846435546875 -0.222305297851563 -0.16986083984375
0.24920654296875 0.0091400146484375 -0.22393798828125 -0.328277587890625
0.220504760742188 0.107711791992188 -0.124237060546875 -0.3116455078125
0.203933715820313 0.126373291015625 0.14727783203125 -0.356109619140625
0.170928955078125 -0.0719146728515625 0.105865478515625 -0.165939331054688
0.0202789306640625 -0.1021728515625 0.152496337890625 -0.0906982421875
-0.0394439697265625 -0.0644454956054688 0.188491821289063 -0.200927734375
-0.0570564270019531 -0.0218315124511719 0.098388671875 -0.297454833984375
-0.0717544555664063 0.0240325927734375 -0.038909912109375 -0.33465576171875
-0.0686111450195313 0.00804901123046875 -0.1158447265625 -0.302276611328125
-0.0652275085449219 -0.00786209106445313 -0.09564208984375 -0.237457275390625
-0.10150146484375 -0.01312255859375 -0.0267486572265625 -0.182479858398438
-0.0864181518554688 -0.088836669921875 0.0262527465820312 -0.113136291503906
-0.00698852539062502 -0.153518676757813 0.00273895263671875 -0.00070357322692872
0.09991455078125 -0.142181396484375 -0.083099365234375 0.0155868530273437
0.227127075195313 -0.01922607421875 -0.213302612304687 -0.100509643554688
0.276229858398438 0.134140014648438 -0.2017822265625 -0.250244140625
0.223403930664062 0.235565185546875 -0.0750274658203125 -0.228485107421875
0.17095947265625 0.26519775390625 0.236480712890625 -0.28240966796875
0.219451904296875 0.084747314453125 0.19061279296875 -0.110244750976563
0.131980895996094 -0.01531982421875 0.214523315429688 -0.070343017578125
0.0908660888671875 -0.0726242065429688 0.244003295898438 -0.193344116210938
0.0341949462890625 -0.0899581909179688 0.1429443359375 -0.2960205078125
-0.0388259887695312 -0.0931320190429687 -0.010284423828125 -0.34112548828125
-0.0727005004882812 -0.100845336914063 -0.08367919921875 -0.300933837890625
-0.0587539672851563 -0.104644775390625 -0.067840576171875 -0.22161865234375
-0.0835113525390625 -0.118667602539062 -0.00135803222656252 -0.163970947265625
-0.0392913818359375 -0.169036865234375 0.0470504760742188 -0.0918807983398438
0.06439208984375 -0.1829833984375 0.029541015625 0.0232086181640625
0.167144775390625 -0.141098022460938 -0.0517196655273437 0.0550651550292969
0.264572143554688 0.029296875 -0.191360473632812 -0.0302886962890625
0.2813720703125 0.210601806640625 -0.16033935546875 -0.1593017578125
0.206756591796875 0.31951904296875 -0.0297393798828125 -0.120407104492188
0.094268798828125 0.3665771484375 0.300750732421875 -0.150238037109375
0.211669921875 0.243392944335938 0.268768310546875 -0.00738525390624999
0.214950561523438 0.099639892578125 0.271865844726563 -0.0240478515625
0.221389770507812 -0.04339599609375 0.28936767578125 -0.15313720703125
0.14093017578125 -0.136322021484375 0.172119140625 -0.254852294921875
0.0173492431640625 -0.198028564453125 0.02410888671875 -0.3079833984375
-0.0597381591796875 -0.197540283203125 -0.040924072265625 -0.25390625
-0.043487548828125 -0.186614990234375 -0.0279083251953125 -0.17352294921875
-0.0595855712890625 -0.20623779296875 0.0291671752929688 -0.112541198730469
-0.00248718261718751 -0.2303466796875 0.0649299621582031 -0.0485725402832031
0.115325927734375 -0.204864501953125 0.0475273132324219 0.05242919921875
0.212554931640625 -0.1351318359375 -0.0237274169921875 0.0828781127929688
0.275100708007813 0.061614990234375 -0.152664184570313 0.02044677734375
0.26336669921875 0.255996704101562 -0.0946807861328125 -0.0746002197265625
0.167449951171875 0.364288330078125 0.0163612365722656 -0.00251102447509763
-0.00677490234374998 0.394134521484375 0.332916259765625 0.0140380859375
0.143463134765625 0.349212646484375 0.314666748046875 0.126556396484375
0.227752685546875 0.21490478515625 0.305877685546875 0.04217529296875
0.301300048828125 0.02313232421875 0.305023193359375 -0.092010498046875
0.227615356445313 -0.13134765625 0.18017578125 -0.18048095703125
0.082122802734375 -0.256271362304687 0.045166015625 -0.2318115234375
-0.0292816162109375 -0.263458251953125 0.002593994140625 -0.167678833007813
-0.0236968994140625 -0.235549926757813 0.0137252807617187 -0.0912017822265625
-0.03411865234375 -0.26220703125 0.0582199096679688 -0.0382614135742188
0.0306549072265625 -0.271469116210938 0.0753860473632813 0.0123062133789062
0.155899047851562 -0.210067749023437 0.048858642578125 0.08782958984375
0.238510131835938 -0.116500854492188 -0.0113754272460937 0.097991943359375
0.264236450195313 0.096771240234375 -0.110191345214844 0.0428619384765625
0.213226318359375 0.282470703125 -0.0267257690429687 -0.0120124816894531
0.100067138671875 0.37451171875 0.0470046997070313 0.116935729980469
-0.101837158203125 0.341400146484375 0.316436767578125 0.1727294921875
0.030242919921875 0.370330810546875 0.315673828125 0.257904052734375
0.170913696289062 0.27691650390625 0.306396484375 0.110870361328125
0.30035400390625 0.10394287109375 0.281402587890625 -0.02099609375
0.26336669921875 -0.08740234375 0.159103393554688 -0.10003662109375
0.138290405273438 -0.258697509765625 0.053466796875 -0.130897521972656
0.00605773925781248 -0.2791748046875 0.0339508056640625 -0.0627288818359375
0.00207519531249998 -0.249435424804688 0.0535087585449219 0.00031661987304686
-0.00567626953125 -0.2789306640625 0.0842514038085938 0.045379638671875
0.05987548828125 -0.2822265625 0.0770797729492188 0.0816879272460937
0.178131103515625 -0.196365356445312 0.0376358032226563 0.128128051757813
0.256301879882813 -0.0878143310546875 -0.0172576904296875 0.11065673828125
0.238632202148437 0.136688232421875 -0.0806655883789062 0.0497665405273438
0.14117431640625 0.30535888671875 0.0231170654296875 0.0456047058105469
0.00927734374999998 0.353240966796875 0.0546112060546875 0.222305297851563
-0.17474365234375 0.214767456054688 0.269683837890625 0.28265380859375
-0.080108642578125 0.29315185546875 0.285491943359375 0.347259521484375
0.056732177734375 0.262344360351563 0.28619384765625 0.152069091796875
0.22100830078125 0.15423583984375 0.230331420898437 0.028167724609375
0.24017333984375 -0.01739501953125 0.109344482421875 -0.0319366455078125
0.162582397460938 -0.207443237304688 0.0418548583984375 -0.032958984375
0.04229736328125 -0.248794555664062 0.0588417053222656 0.0418128967285156
0.0247344970703125 -0.22637939453125 0.084136962890625 0.0879287719726562
0.017486572265625 -0.260406494140625 0.106536865234375 0.128280639648437
0.08099365234375 -0.257110595703125 0.07623291015625 0.156082153320313
0.188034057617188 -0.173873901367188 0.0215911865234375 0.176803588867188
0.248184204101563 -0.054107666015625 -0.0377273559570312 0.132431030273438
0.201614379882812 0.1717529296875 -0.0713043212890625 0.0584945678710938
0.056793212890625 0.302764892578125 0.04595947265625 0.102104187011719
-0.091400146484375 0.303436279296875 0.028106689453125 0.315887451171875
-0.223541259765625 0.0526275634765625 0.208251953125 0.329559326171875
-0.169097900390625 0.152572631835937 0.249603271484375 0.365753173828125
-0.059722900390625 0.183578491210938 0.253677368164063 0.14892578125
0.0974884033203125 0.167037963867187 0.176620483398438 0.0395050048828125
0.170364379882813 0.044403076171875 0.0573196411132813 0.00714492797851563
0.156326293945313 -0.118576049804688 0.0184974670410156 0.0503005981445313
0.070648193359375 -0.181747436523438 0.0607528686523438 0.128883361816406
0.0420684814453125 -0.167083740234375 0.103302001953125 0.169631958007813
0.03729248046875 -0.200225830078125 0.122100830078125 0.20489501953125
0.08917236328125 -0.201629638671875 0.066314697265625 0.230316162109375
0.171463012695313 -0.12384033203125 -0.00616455078125001 0.223342895507813
0.216461181640625 -0.0174102783203125 -0.0669097900390625 0.155838012695313
0.145233154296875 0.181243896484375 -0.0829086303710938 0.0734100341796875
-0.0319366455078125 0.267929077148438 0.0351409912109375 0.153182983398438
-0.181808471679688 0.212844848632813 -0.03131103515625 0.384490966796875
0.193435668945313 -0.0516510009765625 0.010101318359375 -0.3829345703125
0.0604705810546875 -0.20379638671875 0.00674438476562502 -0.17095947265625
-0.105827331542969 -0.134429931640625 0.0947036743164063 -0.0915069580078125
-0.15185546875 -0.0152130126953125 0.117080688476563 -0.197250366210938
-0.114288330078125 0.0699462890625 0.03070068359375 -0.281341552734375
-0.0597686767578125 0.143585205078125 -0.0914306640625 -0.292022705078125
-0.030426025390625 0.117454528808594 -0.167312622070312 -0.252716064453125
-0.0433807373046875 0.0961532592773438 -0.138946533203125 -0.201690673828125
-0.0848617553710938 0.112876892089844 -0.0800018310546875 -0.164093017578125
-0.130592346191406 0.0287094116210938 -0.02874755859375 -0.113861083984375
-0.112396240234375 -0.0897369384765625 -0.0366439819335938 -0.0242805480957031
-0.0217437744140625 -0.14532470703125 -0.117408752441406 -0.0225448608398438
0.14715576171875 -0.127334594726562 -0.234359741210937 -0.150192260742188
0.244918823242188 -0.0348358154296875 -0.2584228515625 -0.304351806640625
0.232223510742188 0.0677032470703125 -0.1650390625 -0.303131103515625
0.218902587890625 0.099365234375 0.0960083007812501 -0.37896728515625
0.156906127929688 -0.090789794921875 0.07440185546875 -0.17449951171875
0.00803375244140624 -0.0967864990234375 0.139984130859375 -0.099884033203125
-0.0458946228027344 -0.0554046630859375 0.167861938476563 -0.218231201171875
-0.0562362670898437 -0.0119438171386719 0.066162109375 -0.31048583984375
-0.0607109069824219 0.0332412719726563 -0.07830810546875 -0.33343505859375
-0.0619583129882813 0.0139198303222656 -0.159088134765625 -0.290740966796875
-0.0619316101074219 -0.00255584716796876 -0.132308959960938 -0.225570678710938
-0.0940704345703125 -0.000877380371093754 -0.06378173828125 -0.181930541992188
-0.0931930541992187 -0.0737762451171875 -0.000648498535156251 -0.124931335449219
-0.02703857421875 -0.145599365234375 -0.00306987762451172 -0.0161075592041016
0.0783233642578125 -0.152481079101563 -0.0803298950195313 0.00970458984375001
0.221328735351563 -0.04986572265625 -0.216888427734375 -0.0845794677734375
0.288970947265625 0.091217041015625 -0.22784423828125 -0.232406616210937
0.252182006835938 0.202056884765625 -0.104782104492187 -0.233673095703125
0.20330810546875 0.249740600585938 0.192169189453125 -0.315185546875
0.225784301757813 0.06231689453125 0.162307739257813 -0.132217407226563
0.132392883300781 -0.0234222412109375 0.199874877929688 -0.0886383056640625
0.0869064331054688 -0.0802078247070313 0.223037719726562 -0.21807861328125
0.0280075073242188 -0.0941009521484375 0.106109619140625 -0.311920166015625
-0.0436782836914063 -0.08831787109375 -0.05352783203125 -0.341705322265625
-0.0818710327148438 -0.0949554443359375 -0.12799072265625 -0.290069580078125
-0.071746826171875 -0.101829528808594 -0.10418701171875 -0.213455200195313
-0.0940704345703125 -0.111297607421875 -0.0350799560546875 -0.164382934570313
-0.0589752197265625 -0.163360595703125 0.02362060546875 -0.105514526367188
0.0420989990234375 -0.192138671875 0.0223579406738281 0.00632667541503905
0.150558471679688 -0.161331176757813 -0.046539306640625 0.0437240600585937
0.267822265625 -0.0034332275390625 -0.1881103515625 -0.0184783935546875
0.31060791015625 0.173858642578125 -0.17724609375 -0.148529052734375
0.249664306640625 0.292816162109375 -0.0452499389648437 -0.131278991699219
0.142822265625 0.364410400390625 0.275344848632813 -0.193588256835937
0.242340087890625 0.22222900390625 0.252090454101563 -0.04193115234375
0.23284912109375 0.0830841064453125 0.260421752929688 -0.0489349365234375
0.220809936523438 -0.0686798095703125 0.269805908203125 -0.185836791992188
0.128189086914063 -0.153610229492188 0.14093017578125 -0.274765014648438
-0.0049896240234375 -0.199951171875 -0.018829345703125 -0.308441162109375
-0.0841217041015625 -0.19378662109375 -0.0792236328125 -0.248077392578125
-0.070068359375 -0.186233520507813 -0.0594329833984375 -0.167037963867188
-0.0867767333984375 -0.202972412109375 0.000282287597656246 -0.115859985351563
-0.0303955078125 -0.233810424804687 0.0447845458984375 -0.0627212524414063
0.09197998046875 -0.223831176757813 0.0398750305175781 0.0365219116210937
0.1983642578125 -0.164352416992188 -0.0218696594238281 0.0691566467285156
0.288848876953125 0.02935791015625 -0.14752197265625 0.0255126953125
0.301422119140625 0.22467041015625 -0.104736328125 -0.0752716064453125
0.217437744140625 0.34588623046875 0.0138959884643555 -0.0175037384033203
0.0479736328125 0.408294677734375 0.325042724609375 -0.034332275390625
0.191864013671875 0.340972900390625 0.316162109375 0.08514404296875
0.264450073242188 0.193069458007812 0.3023681640625 0.0135498046875
0.312347412109375 -0.013031005859375 0.29156494140625 -0.12274169921875
0.215805053710938 -0.16436767578125 0.156234741210938 -0.20172119140625
0.0504302978515625 -0.270370483398437 0.013214111328125 -0.23419189453125
-0.0662994384765625 -0.261703491210938 -0.0241851806640625 -0.167449951171875
-0.0570526123046875 -0.240188598632813 -0.0055999755859375 -0.0925979614257813
-0.0727691650390625 -0.263046264648437 0.0409927368164062 -0.0461845397949219
-0.00477600097656251 -0.279632568359375 0.0628776550292969 -0.00154876708984377
0.129913330078125 -0.237152099609375 0.04718017578125 0.0748825073242187
0.230255126953125 -0.153106689453125 -0.00855255126953124 0.0893783569335937
0.28546142578125 0.066680908203125 -0.107322692871094 0.0445480346679688
0.259140014648438 0.26007080078125 -0.0294780731201172 -0.0195560455322265
0.152313232421875 0.366424560546875 0.0600357055664063 0.09912109375
-0.054290771484375 0.36761474609375 0.332366943359375 0.127716064453125
0.086517333984375 0.373748779296875 0.338043212890625 0.21636962890625
0.210250854492188 0.26544189453125 0.30987548828125 0.07952880859375
0.3211669921875 0.063323974609375 0.276382446289063 -0.0512237548828125
0.25958251953125 -0.125152587890625 0.144149780273438 -0.113677978515625
0.10284423828125 -0.280929565429688 0.0349807739257812 -0.133773803710938
-0.034027099609375 -0.28436279296875 0.0258140563964844 -0.0658531188964844
-0.035858154296875 -0.255950927734375 0.0473175048828125 -0.00448608398437502
-0.050140380859375 -0.285400390625 0.08111572265625 0.0358047485351562
0.01898193359375 -0.294677734375 0.0765914916992188 0.0724411010742187
0.154434204101563 -0.231582641601563 0.0428390502929688 0.12103271484375
0.247299194335938 -0.128631591796875 -0.0129241943359375 0.107429504394531
0.265853881835937 0.108123779296875 -0.08050537109375 0.0507736206054688
0.18988037109375 0.291778564453125 0.0280570983886719 0.0314788818359375
0.06060791015625 0.36090087890625 0.083099365234375 0.206893920898438
-0.147918701171875 0.250839233398438 0.30108642578125 0.24908447265625
-0.036773681640625 0.3106689453125 0.3204345703125 0.3072509765625
0.099578857421875 0.264602661132813 0.29193115234375 0.1219482421875
0.251052856445313 0.124221801757812 0.229263305664063 0.00515747070312501
0.24462890625 -0.0585784912109375 0.104949951171875 -0.0369873046875
0.133392333984375 -0.23297119140625 0.0388641357421875 -0.0299949645996094
0.00379943847656249 -0.25933837890625 0.0618324279785156 0.0369758605957031
-0.01104736328125 -0.23175048828125 0.0930404663085938 0.0806121826171875
-0.02410888671875 -0.266204833984375 0.117576599121094 0.118255615234375
0.0389251708984375 -0.273757934570313 0.0858612060546875 0.15106201171875
0.162078857421875 -0.205123901367188 0.0317230224609375 0.173583984375
0.244705200195313 -0.0938720703125 -0.0306320190429687 0.131431579589844
0.229904174804688 0.143905639648437 -0.0712051391601562 0.0592880249023438
0.105499267578125 0.302337646484375 0.0575103759765625 0.08551025390625
-0.044281005859375 0.322296142578125 0.069305419921875 0.306732177734375
-0.213333129882813 0.091552734375 0.249969482421875 0.307342529296875
-0.143218994140625 0.183242797851563 0.28668212890625 0.33642578125
-0.0269927978515625 0.2010498046875 0.261978149414063 0.12493896484375
0.129119873046875 0.151687622070313 0.174728393554687 0.02593994140625
0.179916381835938 0.01324462890625 0.0612220764160156 0.0090484619140625
0.136123657226562 -0.146896362304687 0.0289688110351563 0.0532951354980469
0.0374908447265625 -0.192733764648438 0.0827560424804688 0.12322998046875
0.016845703125 -0.1751708984375 0.127227783203125 0.155517578125
0.00559997558593751 -0.207183837890625 0.144851684570313 0.194931030273438
0.054229736328125 -0.216079711914062 0.0899658203125 0.2265625
0.151962280273438 -0.15411376953125 0.0143585205078125 0.2288818359375
0.215377807617188 -0.0529937744140625 -0.057037353515625 0.161727905273438
0.171905517578125 0.160247802734375 -0.0774688720703125 0.0749740600585938
0.012359619140625 0.27618408203125 0.0550994873046875 0.140823364257813
-0.143997192382813 0.243133544921875 0.020050048828125 0.3856201171875
0.181198120117187 -0.0711517333984375 -0.030670166015625 -0.3770751953125
0.0315399169921875 -0.202835083007812 -0.0144500732421875 -0.160446166992188
-0.118209838867188 -0.116714477539062 0.0870742797851563 -0.09210205078125
-0.148300170898438 0.00572204589843752 0.103164672851563 -0.201858520507812
-0.1025390625 0.0834274291992187 0.0072021484375 -0.284454345703125
-0.037078857421875 0.145767211914063 -0.116455078125 -0.28466796875
-0.0134201049804688 0.115264892578125 -0.19219970703125 -0.235137939453125
-0.0287857055664063 0.0973281860351563 -0.162078857421875 -0.18505859375
-0.0625076293945313 0.119468688964844 -0.102737426757813 -0.154022216796875
-0.119552612304688 0.0457000732421875 -0.0484237670898438 -0.11444091796875
-0.120506286621094 -0.0689620971679688 -0.0441207885742188 -0.0314178466796875
-0.04010009765625 -0.137649536132812 -0.116340637207031 -0.0231781005859375
0.124359130859375 -0.141845703125 -0.236175537109375 -0.13336181640625
0.23046875 -0.066680908203125 -0.277481079101563 -0.279205322265625
0.23199462890625 0.0363616943359375 -0.1922607421875 -0.291534423828125
0.223007202148438 0.0775299072265625 0.051666259765625 -0.382781982421875
0.1400146484375 -0.099639892578125 0.047943115234375 -0.170791625976563
0.000320434570312507 -0.0898590087890625 0.129989624023438 -0.102401733398438
-0.0467758178710938 -0.0464859008789063 0.149505615234375 -0.227066040039063
-0.0517539978027344 -0.00486373901367187 0.037139892578125 -0.3135986328125
-0.0489997863769531 0.0370216369628906 -0.11004638671875 -0.324676513671875
-0.0558509826660156 0.0161666870117188 -0.190322875976562 -0.2711181640625
-0.058441162109375 0.000312805175781262 -0.159805297851562 -0.20770263671875
-0.0858612060546875 0.00711059570312498 -0.0907745361328125 -0.1724853515625
-0.0949249267578125 -0.0608901977539063 -0.0246429443359375 -0.128494262695313
-0.041259765625 -0.137458801269531 -0.0135650634765625 -0.0266571044921875
0.0607452392578125 -0.15472412109375 -0.0795745849609375 0.00318908691406251
0.209243774414063 -0.07244873046875 -0.213653564453125 -0.0730133056640625
0.289215087890625 0.057037353515625 -0.242507934570313 -0.214370727539062
0.26611328125 0.168258666992188 -0.128448486328125 -0.230575561523437
0.225814819335938 0.229568481445313 0.150634765625 -0.331817626953125
0.2266845703125 0.0439300537109375 0.136619567871094 -0.14031982421875
0.132705688476563 -0.0289077758789063 0.187896728515625 -0.096527099609375
0.0823135375976563 -0.0854644775390625 0.202041625976563 -0.230758666992188
0.0236053466796875 -0.0965652465820313 0.076568603515625 -0.31634521484375
-0.045867919921875 -0.085205078125 -0.086639404296875 -0.3319091796875
-0.0873794555664063 -0.0899276733398437 -0.160903930664062 -0.272552490234375
-0.0802230834960938 -0.0973358154296875 -0.131927490234375 -0.197677612304688
-0.101188659667969 -0.102569580078125 -0.0631103515625 -0.156463623046875
-0.0725555419921875 -0.1561279296875 -0.000755310058593765 -0.110572814941406
0.0221405029296875 -0.193145751953125 0.0111236572265625 -0.0060710906982422
0.133224487304688 -0.173492431640625 -0.0472183227539062 0.0334243774414062
0.263961791992188 -0.0283355712890625 -0.183029174804688 -0.012847900390625
0.323883056640625 0.13934326171875 -0.186965942382812 -0.138198852539063
0.275375366210938 0.263214111328125 -0.0607681274414062 -0.137931823730469
0.180328369140625 0.35211181640625 0.243484497070312 -0.220138549804687
0.263015747070313 0.199356079101563 0.2313232421875 -0.0616607666015625
0.243453979492188 0.0659637451171875 0.248611450195313 -0.063568115234375
0.21685791015625 -0.089263916015625 0.249313354492188 -0.203125
0.1146240234375 -0.166366577148438 0.113082885742188 -0.280899047851563
-0.0208587646484375 -0.199142456054688 -0.05029296875 -0.298919677734375
-0.102554321289063 -0.1864013671875 -0.108566284179687 -0.235214233398438
-0.0897369384765625 -0.1800537109375 -0.08251953125 -0.156036376953125
-0.106979370117187 -0.1949462890625 -0.0229568481445313 -0.111915588378906
-0.0547332763671875 -0.231399536132812 0.0238494873046875 -0.0685272216796875
0.0695343017578125 -0.233932495117188 0.0299243927001953 0.0251350402832031
0.182174682617188 -0.18463134765625 -0.0224952697753906 0.0591011047363281
0.291717529296875 0.00311279296875 -0.142745971679687 0.027374267578125
0.324493408203125 0.192474365234375 -0.112136840820312 -0.074981689453125
0.25201416015625 0.3214111328125 0.00857543945312501 -0.0314445495605469
0.093719482421875 0.408203125 0.308746337890625 -0.06903076171875
0.2271728515625 0.321136474609375 0.307220458984375 0.054107666015625
0.288055419921875 0.171173095703125 0.292236328125 -0.00640869140624999
0.31317138671875 -0.046295166015625 0.27392578125 -0.14306640625
0.199111938476563 -0.18865966796875 0.1348876953125 -0.2086181640625
0.0220489501953125 -0.273971557617188 -0.0102386474609375 -0.226776123046875
-0.094512939453125 -0.2537841796875 -0.0448455810546875 -0.161651611328125
-0.0847015380859375 -0.234603881835938 -0.0216445922851563 -0.0882415771484375
-0.1015625 -0.25604248046875 0.0259437561035156 -0.0456008911132813
-0.0365447998046875 -0.2806396484375 0.0490226745605469 -0.00631332397460939
0.103775024414063 -0.253890991210938 0.0410346984863281 0.0659561157226562
0.214492797851562 -0.180374145507813 -0.00994873046874998 0.0795745849609375
0.295166015625 0.038848876953125 -0.1051025390625 0.04425048828125
0.2896728515625 0.2354736328125 -0.0339431762695312 -0.0252418518066406
0.193328857421875 0.350311279296875 0.0658340454101563 0.0790023803710938
-0.013153076171875 0.379241943359375 0.33270263671875 0.090545654296875
0.126953125 0.365325927734375 0.3414306640625 0.179046630859375
0.2442626953125 0.247940063476563 0.304931640625 0.056182861328125
0.331451416015625 0.02630615234375 0.26361083984375 -0.0691375732421875
0.246185302734375 -0.15740966796875 0.130302429199219 -0.120323181152344
0.069061279296875 -0.289825439453125 0.0199050903320312 -0.128578186035156
-0.0675201416015625 -0.27886962890625 0.0157852172851562 -0.0664405822753906
-0.067138671875 -0.251022338867188 0.0421409606933594 -0.00783157348632814
-0.0853424072265625 -0.278579711914063 0.0764083862304688 0.0316543579101562
-0.01812744140625 -0.297027587890625 0.0731277465820313 0.066925048828125
0.126907348632813 -0.252304077148438 0.0436477661132813 0.115371704101562
0.23291015625 -0.159225463867187 -0.0122756958007812 0.101425170898438
0.2806396484375 0.080230712890625 -0.0804061889648437 0.0505752563476563
0.226394653320313 0.271697998046875 0.028432846069336 0.0186481475830078
0.1036376953125 0.353271484375 0.0992431640625 0.188064575195313
-0.115692138671875 0.272979736328125 0.317047119140625 0.2164306640625
0.00238037109374998 0.317138671875 0.336669921875 0.2711181640625
0.13433837890625 0.257659912109375 0.289337158203125 0.097808837890625
0.268310546875 0.093414306640625 0.225051879882813 -0.00947570800781249
0.236984252929687 -0.090728759765625 0.101837158203125 -0.0398101806640625
0.101303100585938 -0.247116088867188 0.0357093811035156 -0.0273056030273438
-0.0292510986328125 -0.257156372070312 0.0650901794433594 0.03045654296875
-0.0406036376953125 -0.230224609375 0.099945068359375 0.07257080078125
-0.05859375 -0.2613525390625 0.123435974121094 0.109268188476562
0.00311279296874999 -0.277328491210938 0.0923004150390625 0.14459228515625
0.1370849609375 -0.226181030273438 0.0395660400390625 0.170547485351563
0.23260498046875 -0.124237060546875 -0.0261001586914062 0.12908935546875
0.247909545898438 0.116973876953125 -0.0702476501464844 0.05908203125
0.145294189453125 0.288726806640625 0.0640983581542969 0.0698699951171875
-0.00225830078125 0.325408935546875 0.097808837890625 0.289520263671875
-0.196990966796875 0.120864868164062 0.27362060546875 0.281112670898438
-0.115509033203125 0.202499389648438 0.3074951171875 0.303680419921875
0.00231933593749999 0.205581665039063 0.26153564453125 0.104660034179688
0.151229858398438 0.130889892578125 0.173446655273438 0.0186309814453125
0.179794311523437 -0.0125885009765625 0.0630302429199219 0.0125846862792969
0.110824584960938 -0.1632080078125 0.0380134582519531 0.0553970336914062
0.0104827880859375 -0.194290161132812 0.0971298217773438 0.113258361816406
-0.00817871093750002 -0.175857543945313 0.141998291015625 0.141677856445313
-0.023590087890625 -0.205657958984375 0.159271240234375 0.180252075195313
0.0231781005859375 -0.22125244140625 0.10546875 0.21856689453125
0.130081176757813 -0.172622680664063 0.0298919677734375 0.225662231445312
0.205795288085938 -0.0793304443359375 -0.0482177734375 0.1612548828125
0.189224243164063 0.137985229492188 -0.0747833251953125 0.0756149291992188
0.050079345703125 0.271865844726563 0.0689163208007812 0.124893188476563
-0.108612060546875 0.256683349609375 0.059661865234375 0.374847412109375
0.170761108398438 -0.086395263671875 -0.059722900390625 -0.372344970703125
0.01080322265625 -0.200225830078125 -0.02862548828125 -0.150375366210938
-0.125434875488281 -0.101692199707031 0.084197998046875 -0.0914154052734375
-0.143508911132813 0.021331787109375 0.094879150390625 -0.20709228515625
-0.091827392578125 0.0933074951171875 -0.010772705078125 -0.286651611328125
-0.0185546875 0.14630126953125 -0.13671875 -0.282501220703125
6.91335656365103E-18 0.112907409667969 -0.2105712890625 -0.221588134765625
-0.0180206298828125 0.0968780517578125 -0.17919921875 -0.172470092773437
-0.0456085205078125 0.121498107910156 -0.120391845703125 -0.145217895507812
-0.1092529296875 0.057952880859375 -0.065185546875 -0.113578796386719
-0.124771118164063 -0.0525970458984375 -0.0518035888671875 -0.0370445251464844
-0.0527801513671875 -0.129386901855469 -0.117332458496094 -0.0267562866210937
0.106491088867188 -0.151748657226563 -0.237075805664062 -0.124313354492188
0.216217041015625 -0.087982177734375 -0.289703369140625 -0.26373291015625
0.229400634765625 0.0120391845703125 -0.21337890625 -0.2847900390625
0.22576904296875 0.0616302490234375 0.019866943359375 -0.38421630859375
0.12890625 -0.10467529296875 0.0305328369140625 -0.16552734375
-0.00312042236328124 -0.0836029052734375 0.124588012695313 -0.1036376953125
-0.0457344055175781 -0.0395317077636719 0.137908935546875 -0.234054565429687
-0.0478439331054688 0.000274658203125003 0.01739501953125 -0.31707763671875
-0.0391845703125 0.0380096435546875 -0.13323974609375 -0.319854736328125
-0.05133056640625 0.0169715881347656 -0.213104248046875 -0.256484985351563
-0.0562477111816406 0.001739501953125 -0.179855346679688 -0.19305419921875
-0.0792465209960937 0.0105361938476563 -0.112060546875 -0.163070678710938
-0.0940322875976563 -0.0522384643554688 -0.0455245971679688 -0.128707885742188
-0.0502090454101563 -0.129684448242188 -0.0241355895996094 -0.0348453521728516
0.0480194091796875 -0.15557861328125 -0.0820388793945313 -0.00426483154296875
0.199386596679688 -0.0859832763671875 -0.21282958984375 -0.067779541015625
0.287750244140625 0.03173828125 -0.252716064453125 -0.202835083007813
0.274917602539063 0.144866943359375 -0.14666748046875 -0.231094360351562
0.242355346679687 0.215667724609375 0.119720458984375 -0.34088134765625
0.227371215820313 0.0319671630859375 0.117462158203125 -0.142669677734375
0.135627746582031 -0.0325088500976563 0.180648803710938 -0.09991455078125
0.0813140869140625 -0.08880615234375 0.187652587890625 -0.240188598632813
0.0201568603515625 -0.0991134643554688 0.054840087890625 -0.31964111328125
-0.0466690063476563 -0.0837783813476563 -0.1104736328125 -0.32464599609375
-0.09326171875 -0.08709716796875 -0.184677124023437 -0.257919311523438
-0.0872955322265625 -0.0943374633789063 -0.152694702148438 -0.18426513671875
-0.106582641601563 -0.0977554321289063 -0.0841522216796875 -0.148178100585938
-0.081024169921875 -0.150405883789062 -0.0220947265625 -0.111824035644531
0.00926208496093752 -0.19378662109375 -0.000821113586425781 -0.0140819549560547
0.120803833007812 -0.181594848632813 -0.0517082214355469 0.0248146057128906
0.262451171875 -0.045562744140625 -0.18072509765625 -0.0104827880859375
0.332550048828125 0.114013671875 -0.195785522460938 -0.132736206054687
0.292510986328125 0.24072265625 -0.073577880859375 -0.144256591796875
0.2081298828125 0.342742919921875 0.218460083007813 -0.237762451171875
0.276412963867188 0.184463500976563 0.214279174804688 -0.0727081298828125
0.255325317382813 0.0540924072265625 0.240859985351563 -0.07135009765625
0.21514892578125 -0.104461669921875 0.2353515625 -0.214614868164063
0.105239868164062 -0.17724609375 0.093505859375 -0.28387451171875
-0.0330047607421875 -0.198577880859375 -0.071685791015625 -0.290924072265625
-0.1168212890625 -0.180892944335937 -0.130325317382812 -0.223464965820313
-0.105300903320312 -0.176361083984375 -0.100784301757813 -0.14544677734375
-0.123397827148437 -0.189071655273438 -0.0404586791992188 -0.105133056640625
-0.072845458984375 -0.229522705078125 0.00578689575195311 -0.0691146850585938
0.0512237548828125 -0.242019653320312 0.0197372436523438 0.0187225341796875
0.170089721679688 -0.201034545898438 -0.0273475646972656 0.050628662109375
0.2957763671875 -0.016571044921875 -0.141937255859375 0.0272979736328125
0.34161376953125 0.16912841796875 -0.119644165039062 -0.075469970703125
0.275848388671875 0.302825927734375 0.00165939331054689 -0.04217529296875
0.12811279296875 0.40704345703125 0.295013427734375 -0.09185791015625
0.2530517578125 0.306640625 0.297271728515625 0.035003662109375
0.30865478515625 0.155670166015625 0.285247802734375 -0.017608642578125
0.314666748046875 -0.071746826171875 0.262176513671875 -0.155517578125
0.18695068359375 -0.207962036132813 0.120773315429687 -0.212387084960938
0.00148010253906252 -0.275680541992188 -0.027008056640625 -0.2188720703125
-0.11602783203125 -0.248306274414063 -0.059783935546875 -0.154983520507813
-0.107284545898438 -0.229873657226563 -0.0327911376953125 -0.0830764770507813
-0.125473022460938 -0.25 0.0143051147460937 -0.0418014526367188
-0.063018798828125 -0.279022216796875 0.0367813110351562 -0.00745773315429689
0.08258056640625 -0.266830444335938 0.0340003967285156 0.0617179870605469
0.20318603515625 -0.200485229492188 -0.0153350830078125 0.0735549926757812
0.3043212890625 0.017669677734375 -0.105903625488281 0.044036865234375
0.314483642578125 0.214141845703125 -0.0401229858398437 -0.0316238403320312
0.2222900390625 0.337677001953125 0.0666999816894531 0.0640029907226563
0.020751953125 0.388031005859375 0.331298828125 0.065338134765625
0.159820556640625 0.358917236328125 0.341522216796875 0.155548095703125
0.271759033203125 0.234695434570312 0.30084228515625 0.0433349609375
0.338653564453125 -0.00140380859375 0.256820678710938 -0.0809478759765625
0.235260009765625 -0.180801391601563 0.122673034667969 -0.122978210449219
0.043365478515625 -0.295806884765625 0.011810302734375 -0.122978210449219
-0.0928955078125 -0.2740478515625 0.00942611694335937 -0.0658073425292969
-0.0926666259765625 -0.247314453125 0.0385169982910156 -0.00867462158203127
-0.111968994140625 -0.27301025390625 0.0722427368164063 0.0316238403320312
-0.04730224609375 -0.297332763671875 0.0689659118652344 0.0655174255371094
0.104476928710937 -0.26739501953125 0.0423583984375 0.113151550292969
0.222091674804687 -0.182708740234375 -0.0154571533203125 0.0984268188476562
0.29296875 0.058319091796875 -0.0818099975585938 0.0497512817382813
0.256057739257813 0.254913330078125 0.0250167846679688 0.00859832763671877
0.135223388671875 0.34783935546875 0.1083984375 0.17242431640625
-0.08935546875 0.289794921875 0.3260498046875 0.1944580078125
0.03271484375 0.3203125 0.344970703125 0.2471923828125
0.163177490234375 0.252029418945313 0.288238525390625 0.0848388671875
0.280303955078125 0.06787109375 0.22113037109375 -0.01873779296875
0.229843139648438 -0.114883422851563 0.101089477539063 -0.0394287109375
0.0773162841796875 -0.257186889648438 0.0360145568847656 -0.0239601135253906
-0.055267333984375 -0.254150390625 0.0672645568847656 0.02606201171875
-0.0647735595703125 -0.22802734375 0.10321044921875 0.065643310546875
-0.085968017578125 -0.2564697265625 0.128242492675781 0.104591369628906
-0.025634765625 -0.278152465820313 0.0975341796875 0.14129638671875
0.11529541015625 -0.240951538085938 0.044464111328125 0.170364379882812
0.221969604492188 -0.147750854492188 -0.0254287719726562 0.128913879394531
0.260604858398438 0.0969085693359375 -0.0720596313476562 0.05889892578125
0.175811767578125 0.27691650390625 0.0664863586425781 0.0564308166503906
0.02978515625 0.326812744140625 0.116653442382812 0.276351928710938
-0.182907104492187 0.14288330078125 0.289794921875 0.263031005859375
-0.0924224853515625 0.215255737304688 0.320648193359375 0.2830810546875
0.0257415771484375 0.208358764648438 0.259735107421875 0.0939483642578125
0.16680908203125 0.112518310546875 0.172531127929688 0.014556884765625
0.179000854492188 -0.0338897705078125 0.0680656433105469 0.0158920288085937
0.0918121337890625 -0.173782348632813 0.0464859008789063 0.0572891235351562
-0.0115966796875 -0.192459106445313 0.108627319335938 0.104476928710938
-0.0270233154296875 -0.174285888671875 0.153671264648438 0.130462646484375
-0.046173095703125 -0.203140258789063 0.171539306640625 0.170578002929688
-0.000946044921875011 -0.222396850585938 0.117462158203125 0.213912963867188
0.112380981445313 -0.18658447265625 0.040069580078125 0.226318359375
0.1976318359375 -0.100021362304688 -0.0434417724609375 0.16278076171875
0.201614379882813 0.12091064453125 -0.0743331909179688 0.0760955810546875
0.0775909423828125 0.265777587890625 0.0762786865234375 0.111465454101563
-0.0809326171875 0.2640380859375 0.0872802734375 0.36566162109375
0.162994384765625 -0.101119995117188 -0.0872802734375 -0.37408447265625
-0.00582885742187501 -0.19873046875 -0.0404205322265625 -0.142669677734375
-0.133888244628906 -0.0913238525390625 0.08447265625 -0.0928955078125
-0.141159057617187 0.0354461669921875 0.0898590087890625 -0.215682983398438
-0.0826416015625 0.104179382324219 -0.0286865234375 -0.294219970703125
-0.00219726562499999 0.14752197265625 -0.1607666015625 -0.284088134765625
0.0111618041992187 0.11212158203125 -0.232666015625 -0.212799072265625
-0.0084228515625 0.0978469848632813 -0.197525024414063 -0.161575317382812
-0.0308990478515625 0.123710632324219 -0.137908935546875 -0.138763427734375
-0.100921630859375 0.0690841674804687 -0.0838165283203125 -0.113006591796875
-0.129318237304688 -0.0381698608398438 -0.0616302490234375 -0.0419349670410156
-0.0640335083007813 -0.123878479003906 -0.12255859375 -0.030517578125
0.092254638671875 -0.16143798828125 -0.243972778320313 -0.120803833007812
0.2056884765625 -0.107742309570313 -0.307830810546875 -0.256439208984375
0.230422973632813 -0.007659912109375 -0.236480712890625 -0.28375244140625
0.232254028320313 0.0478515625 -0.00796508789062497 -0.3914794921875
0.121467590332031 -0.10980224609375 0.016357421875 -0.161788940429687
-0.00456237792968751 -0.0806045532226563 0.123382568359375 -0.106498718261719
-0.0447731018066406 -0.0353431701660156 0.13031005859375 -0.245086669921875
-0.0446891784667969 0.00384521484375 -0.00201416015624998 -0.3251953125
-0.0317001342773438 0.0376167297363281 -0.15936279296875 -0.320556640625
-0.0486335754394531 0.0166587829589844 -0.238265991210937 -0.245407104492188
-0.0559349060058594 0.00346755981445312 -0.201980590820313 -0.181243896484375
-0.0759963989257813 0.0132675170898438 -0.132614135742188 -0.155654907226562
-0.0954208374023438 -0.0465240478515625 -0.066741943359375 -0.129676818847656
-0.0590438842773438 -0.124504089355469 -0.03570556640625 -0.0403404235839844
0.03802490234375 -0.15875244140625 -0.0881500244140625 -0.0101089477539063
0.194412231445313 -0.09967041015625 -0.217330932617188 -0.0653533935546875
0.2901611328125 0.01165771484375 -0.268386840820313 -0.197891235351563
0.28662109375 0.126495361328125 -0.166213989257812 -0.23486328125
0.262619018554688 0.206497192382813 0.093719482421875 -0.354461669921875
0.233322143554688 0.022308349609375 0.10284423828125 -0.144989013671875
0.143020629882812 -0.037506103515625 0.17889404296875 -0.105331420898438
0.0816726684570313 -0.095703125 0.179168701171875 -0.253265380859375
0.0173492431640625 -0.103614807128906 0.037078857421875 -0.328643798828125
-0.0487289428710938 -0.0859527587890625 -0.1346435546875 -0.32305908203125
-0.100471496582031 -0.0853195190429687 -0.209503173828125 -0.247268676757813
-0.0969696044921875 -0.0925216674804688 -0.174362182617188 -0.172836303710937
-0.1138916015625 -0.0951309204101562 -0.104461669921875 -0.140228271484375
-0.0919342041015625 -0.148529052734375 -0.0427703857421875 -0.112564086914063
-0.00354003906249999 -0.197479248046875 -0.0132484436035156 -0.0193729400634766
0.111907958984375 -0.193679809570313 -0.0584983825683594 0.0179901123046875
0.26617431640625 -0.0618133544921875 -0.18438720703125 -0.0101470947265625
0.34613037109375 0.093658447265625 -0.2083740234375 -0.130645751953125
0.313751220703125 0.2252197265625 -0.0883636474609375 -0.152359008789062
0.23907470703125 0.33917236328125 0.200820922851563 -0.25634765625
0.296539306640625 0.172882080078125 0.204254150390625 -0.08135986328125
0.272445678710938 0.042449951171875 0.239791870117188 -0.0780487060546875
0.216964721679688 -0.122589111328125 0.228042602539063 -0.229202270507812
0.09765625 -0.190475463867187 0.07867431640625 -0.29339599609375
-0.044281005859375 -0.202804565429688 -0.09228515625 -0.28826904296875
-0.132843017578125 -0.178955078125 -0.151275634765625 -0.21539306640625
-0.123397827148438 -0.17437744140625 -0.118110656738281 -0.136589050292969
-0.140716552734375 -0.187149047851563 -0.0566024780273438 -0.0978546142578125
-0.0917510986328125 -0.2301025390625 -0.01092529296875 -0.06890869140625
0.03497314453125 -0.253189086914063 0.00935077667236328 0.0162992477416992
0.16162109375 -0.218475341796875 -0.034393310546875 0.0465774536132812
0.305816650390625 -0.035400390625 -0.145355224609375 0.027587890625
0.36358642578125 0.150146484375 -0.129203796386719 -0.0771484375
0.303497314453125 0.2923583984375 -0.00603866577148435 -0.0532341003417969
0.164398193359375 0.412933349609375 0.287994384765625 -0.1123046875
0.28271484375 0.299102783203125 0.29443359375 0.02178955078125
0.334320068359375 0.14190673828125 0.287353515625 -0.0262451171875
0.31976318359375 -0.0972900390625 0.257720947265625 -0.169677734375
0.1781005859375 -0.229171752929687 0.110794067382812 -0.220687866210938
-0.01739501953125 -0.2838134765625 -0.0397796630859375 -0.215850830078125
-0.138961791992187 -0.246246337890625 -0.074432373046875 -0.151611328125
-0.130111694335937 -0.228561401367188 -0.0438308715820313 -0.0792312622070313
-0.1510009765625 -0.24822998046875 0.00459671020507811 -0.0361785888671875
-0.0872802734375 -0.2828369140625 0.0265331268310547 -0.00676155090332033
0.062957763671875 -0.28363037109375 0.0279464721679688 0.0622749328613281
0.194061279296875 -0.223663330078125 -0.0206985473632812 0.071533203125
0.3187255859375 -0.0028076171875 -0.109527587890625 0.0439071655273438
0.34234619140625 0.19775390625 -0.04656982421875 -0.0370292663574219
0.25384521484375 0.331451416015625 0.0679740905761719 0.0531730651855469
0.05389404296875 0.40185546875 0.335296630859375 0.046295166015625
0.192413330078125 0.35833740234375 0.34710693359375 0.1390380859375
0.302398681640625 0.224365234375 0.304931640625 0.033233642578125
0.35003662109375 -0.03021240234375 0.254440307617188 -0.092987060546875
0.22723388671875 -0.208053588867188 0.119705200195313 -0.127830505371094
0.020965576171875 -0.307098388671875 0.00598144531250001 -0.119026184082031
-0.11956787109375 -0.272674560546875 0.00379562377929687 -0.0660133361816406
-0.117660522460938 -0.247100830078125 0.03570556640625 -0.00966644287109377
-0.140426635742188 -0.270736694335937 0.0713272094726562 0.033172607421875
-0.075103759765625 -0.30194091796875 0.0668144226074219 0.0668258666992187
0.084136962890625 -0.285919189453125 0.04150390625 0.116500854492187
0.213531494140625 -0.208755493164063 -0.0187835693359375 0.0997772216796875
0.310394287109375 0.0386962890625 -0.08544921875 0.051025390625
0.2869873046875 0.242156982421875 0.0220394134521485 -0.000793457031249985
0.16754150390625 0.3463134765625 0.117568969726563 0.161712646484375
-0.06451416015625 0.310455322265625 0.34112548828125 0.17828369140625
0.06109619140625 0.327728271484375 0.35888671875 0.231964111328125
0.19329833984375 0.2489013671875 0.29266357421875 0.076019287109375
0.29608154296875 0.044219970703125 0.222579956054688 -0.026947021484375
0.226104736328125 -0.139892578125 0.1041259765625 -0.0412979125976563
0.0558624267578125 -0.268463134765625 0.0394248962402344 -0.0213584899902344
-0.080780029296875 -0.253829956054688 0.070953369140625 0.0223388671875
-0.0887603759765625 -0.228179931640625 0.10882568359375 0.0607833862304687
-0.111709594726563 -0.254837036132813 0.134765625 0.102806091308594
-0.053009033203125 -0.28265380859375 0.103134155273437 0.14276123046875
0.0961456298828125 -0.2587890625 0.04998779296875 0.1746826171875
0.21551513671875 -0.171051025390625 -0.0260772705078125 0.132850646972656
0.278213500976563 0.07904052734375 -0.0754776000976562 0.0612030029296875
0.206741333007812 0.269363403320313 0.0681495666503906 0.0462226867675781
0.059844970703125 0.33074951171875 0.134490966796875 0.269332885742188
-0.170822143554688 0.166473388671875 0.31072998046875 0.254730224609375
-0.0734405517578125 0.228973388671875 0.33734130859375 0.271148681640625
0.0498046875 0.213165283203125 0.264205932617188 0.0861358642578125
0.182861328125 0.0973968505859375 0.176956176757813 0.01116943359375
0.17779541015625 -0.0546417236328125 0.0759811401367188 0.01885986328125
0.07464599609375 -0.184799194335938 0.0578994750976563 0.0589790344238281
-0.0312957763671875 -0.193984985351563 0.120895385742188 0.097503662109375
-0.0465087890625 -0.175323486328125 0.166595458984375 0.122039794921875
-0.0672149658203125 -0.201934814453125 0.18597412109375 0.166091918945313
-0.0238494873046875 -0.225555419921875 0.131591796875 0.214736938476563
0.096099853515625 -0.202392578125 0.0519256591796875 0.23187255859375
0.191085815429688 -0.120529174804688 -0.0408172607421875 0.16949462890625
0.216644287109375 0.107192993164063 -0.0771560668945313 0.0779571533203125
0.104812622070313 0.261978149414063 0.0836715698242188 0.100723266601563
-0.0580291748046875 0.27313232421875 0.111968994140625 0.364532470703125
0.155624389648438 -0.119186401367188 -0.122344970703125 -0.380279541015625
-0.0264129638671875 -0.2003173828125 -0.0530014038085938 -0.137039184570312
-0.144744873046875 -0.0794219970703125 0.0848464965820312 -0.0982284545898437
-0.13885498046875 0.0506744384765625 0.08160400390625 -0.230682373046875
-0.071929931640625 0.116950988769531 -0.053436279296875 -0.30450439453125
0.0165863037109375 0.14971923828125 -0.194061279296875 -0.2852783203125
0.0249404907226562 0.112442016601563 -0.2615966796875 -0.2015380859375
0.00266265869140625 0.100746154785156 -0.222015380859375 -0.149368286132813
-0.0155410766601563 0.12750244140625 -0.160400390625 -0.129852294921875
-0.09185791015625 0.0816879272460937 -0.105201721191406 -0.110450744628906
-0.133842468261719 -0.021697998046875 -0.0744400024414063 -0.0449752807617187
-0.0781326293945313 -0.118019104003906 -0.133155822753906 -0.031646728515625
0.07598876953125 -0.174575805664063 -0.258041381835938 -0.113693237304688
0.19696044921875 -0.130722045898438 -0.336151123046875 -0.24560546875
0.233352661132812 -0.0306549072265625 -0.270660400390625 -0.281707763671875
0.243545532226562 0.031341552734375 -0.04315185546875 -0.405181884765625
0.115089416503906 -0.119514465332031 0.00117492675781251 -0.160934448242188
-0.00781250000000001 -0.0796432495117188 0.122871398925781 -0.113983154296875
-0.0449066162109375 -0.0316352844238281 0.119781494140625 -0.262466430664063
-0.0420417785644531 0.00785064697265625 -0.028167724609375 -0.338165283203125
-0.0250320434570312 0.0379638671875 -0.194183349609375 -0.319488525390625
-0.0479774475097656 0.0189361572265625 -0.271514892578125 -0.2318115234375
-0.0574722290039063 0.00610351562499999 -0.228805541992188 -0.16693115234375
-0.0737152099609375 0.0164260864257812 -0.158203125 -0.145492553710938
-0.0982208251953125 -0.0397415161132812 -0.092041015625 -0.1273193359375
-0.0692367553710938 -0.119842529296875 -0.0505104064941406 -0.0441780090332031
0.02618408203125 -0.164642333984375 -0.0977859497070313 -0.013336181640625
0.19097900390625 -0.117568969726563 -0.227996826171875 -0.0603179931640626
0.29791259765625 -0.0130615234375 -0.29248046875 -0.189697265625
0.304229736328125 0.106048583984375 -0.195846557617187 -0.238784790039063
0.290985107421875 0.194061279296875 0.064056396484375 -0.3740234375
0.243606567382813 0.0067901611328125 0.08929443359375 -0.149856567382812
0.150955200195313 -0.0475616455078125 0.179290771484375 -0.11541748046875
0.0809173583984375 -0.106147766113281 0.168975830078125 -0.273605346679687
0.0117645263671875 -0.109916687011719 0.011749267578125 -0.342803955078125
-0.05450439453125 -0.088409423828125 -0.16796875 -0.32391357421875
-0.111991882324219 -0.0825729370117188 -0.242691040039063 -0.235015869140625
-0.1102294921875 -0.0887908935546875 -0.2005615234375 -0.159347534179688
-0.125984191894531 -0.0923690795898438 -0.127609252929688 -0.130203247070312
-0.106735229492188 -0.147720336914063 -0.0664596557617187 -0.110733032226563
-0.020111083984375 -0.20428466796875 -0.0267581939697266 -0.0216026306152344
0.100753784179687 -0.20965576171875 -0.06756591796875 0.0159759521484375
0.272308349609375 -0.0857086181640625 -0.192459106445312 -0.00494384765624997
0.3668212890625 0.068389892578125 -0.228103637695313 -0.125457763671875
0.34307861328125 0.207733154296875 -0.10943603515625 -0.16015625
0.28094482421875 0.33599853515625 0.181320190429688 -0.280792236328125
0.32415771484375 0.156890869140625 0.197174072265625 -0.0937042236328125
0.293853759765625 0.0233154296875 0.242156982421875 -0.0915374755859375
0.218795776367188 -0.146835327148438 0.219024658203125 -0.250946044921875
0.0865478515625 -0.209197998046875 0.0587158203125 -0.30810546875
-0.0615386962890625 -0.209243774414062 -0.117919921875 -0.28863525390625
-0.155197143554687 -0.175430297851563 -0.178604125976562 -0.206787109375
-0.14727783203125 -0.170761108398438 -0.139144897460937 -0.126327514648438
-0.16455078125 -0.183502197265625 -0.0732421875 -0.0894699096679688
-0.1170654296875 -0.232147216796875 -0.0289955139160156 -0.0670623779296875
0.01361083984375 -0.267929077148438 -0.000797271728515623 0.015634536743164
0.149429321289063 -0.243896484375 -0.0421333312988281 0.0452537536621094
0.319671630859375 -0.062896728515625 -0.151885986328125 0.032440185546875
0.394775390625 0.124969482421875 -0.143630981445313 -0.0764312744140625
0.341217041015625 0.278472900390625 -0.016204833984375 -0.0637130737304687
0.211669921875 0.419097900390625 0.28277587890625 -0.138641357421875
0.3226318359375 0.288421630859375 0.29718017578125 0.00457763671875002
0.369781494140625 0.120635986328125 0.292938232421875 -0.0419921875
0.32763671875 -0.131317138671875 0.253692626953125 -0.191558837890625
0.1649169921875 -0.257492065429688 0.0995330810546875 -0.234085083007813
-0.04278564453125 -0.294189453125 -0.0561676025390625 -0.216278076171875
-0.168960571289063 -0.243301391601563 -0.093109130859375 -0.147003173828125
-0.1610107421875 -0.225875854492187 -0.0567092895507813 -0.0740966796875
-0.18304443359375 -0.244796752929688 -0.00291061401367188 -0.0316963195800781
-0.12078857421875 -0.2864990234375 0.0179157257080078 -0.00404930114746095
0.038360595703125 -0.30419921875 0.024261474609375 0.0642967224121094
0.182601928710938 -0.254196166992188 -0.025634765625 0.0739669799804687
0.337432861328125 -0.031890869140625 -0.115615844726562 0.0494766235351563
0.3792724609375 0.1756591796875 -0.0570182800292968 -0.0408859252929687
0.294952392578125 0.324554443359375 0.0688018798828125 0.0418930053710938
0.098358154296875 0.417449951171875 0.346771240234375 0.02313232421875
0.235504150390625 0.357635498046875 0.362945556640625 0.120147705078125
0.343353271484375 0.20916748046875 0.31439208984375 0.018402099609375
0.363922119140625 -0.065643310546875 0.255584716796875 -0.110595703125
0.216751098632813 -0.241073608398437 0.116844177246094 -0.137374877929688
-0.00778198242187502 -0.3209228515625 0.00148773193359375 -0.119338989257813
-0.152816772460937 -0.27142333984375 -0.00310134887695313 -0.0667343139648438
-0.150802612304688 -0.24554443359375 0.0333404541015625 -0.010274887084961
-0.176605224609375 -0.268020629882812 0.0738143920898437 0.034454345703125
-0.111175537109375 -0.3060302734375 0.0684013366699219 0.0690040588378906
0.05810546875 -0.309234619140625 0.0457382202148438 0.121040344238281
0.203109741210938 -0.2392578125 -0.019989013671875 0.105438232421875
0.3321533203125 0.0115966796875 -0.091094970703125 0.0562515258789063
0.32708740234375 0.225738525390625 0.0178356170654297 -0.00825309753417967
0.209014892578125 0.346710205078125 0.13116455078125 0.152435302734375
-0.033538818359375 0.332550048828125 0.3641357421875 0.160614013671875
0.098052978515625 0.337432861328125 0.38165283203125 0.21514892578125
0.232009887695313 0.24395751953125 0.305419921875 0.062591552734375
0.314239501953125 0.0147705078125 0.228042602539063 -0.03863525390625
0.219497680664063 -0.171463012695312 0.109397888183594 -0.0460891723632813
0.02935791015625 -0.285125732421875 0.0452766418457031 -0.0207176208496094
-0.111709594726562 -0.25433349609375 0.0763626098632813 0.017181396484375
-0.118438720703125 -0.227859497070313 0.116790771484375 0.0544052124023437
-0.145645141601562 -0.2529296875 0.148101806640625 0.099853515625
-0.088104248046875 -0.286651611328125 0.115570068359375 0.144134521484375
0.072296142578125 -0.280593872070313 0.061492919921875 0.181640625
0.206130981445313 -0.202529907226563 -0.023162841796875 0.142044067382813
0.30072021484375 0.055633544921875 -0.0788726806640625 0.0666122436523437
0.2457275390625 0.2591552734375 0.0704498291015625 0.0355453491210938
0.09613037109375 0.33819580078125 0.159805297851563 0.264358520507813
-0.156707763671875 0.19219970703125 0.3402099609375 0.243255615234375
-0.0499420166015625 0.246566772460938 0.36627197265625 0.257080078125
0.078704833984375 0.21832275390625 0.27703857421875 0.075714111328125
0.201492309570312 0.07928466796875 0.184524536132813 0.00595092773437501
0.177505493164063 -0.078399658203125 0.0868072509765625 0.018157958984375
0.0556640625 -0.199356079101563 0.0726089477539062 0.0601730346679687
-0.0561370849609375 -0.195220947265625 0.135147094726563 0.0887832641601562
-0.0692138671875 -0.1756591796875 0.183273315429688 0.110336303710937
-0.09393310546875 -0.200851440429688 0.207794189453125 0.158782958984375
-0.05078125 -0.229583740234375 0.153076171875 0.215164184570312
0.07696533203125 -0.219924926757813 0.06964111328125 0.240798950195313
0.184097290039063 -0.145782470703125 -0.0341796875 0.180877685546875
0.236419677734375 0.089691162109375 -0.078857421875 0.084564208984375
0.13824462890625 0.259933471679688 0.0923614501953125 0.0894851684570313
-0.030242919921875 0.28662109375 0.14654541015625 0.36639404296875
0.142410278320313 -0.139297485351563 -0.16900634765625 -0.379150390625
-0.0515594482421875 -0.198028564453125 -0.0682907104492187 -0.127891540527344
-0.15673828125 -0.0623626708984375 0.0820999145507812 -0.106025695800781
-0.133575439453125 0.0695724487304687 0.06378173828125 -0.24774169921875
-0.055633544921875 0.13037109375 -0.08856201171875 -0.30767822265625
0.0396270751953125 0.148178100585938 -0.237335205078125 -0.27276611328125
0.0419082641601563 0.110282897949219 -0.295196533203125 -0.17718505859375
0.01727294921875 0.101158142089844 -0.248519897460938 -0.12554931640625
0.00396728515624999 0.129112243652344 -0.184722900390625 -0.112258911132812
-0.0789031982421875 0.0943679809570313 -0.129425048828125 -0.0988082885742188
-0.136238098144531 -0.00156402587890627 -0.089935302734375 -0.0426406860351562
-0.094451904296875 -0.108291625976562 -0.144821166992188 -0.027252197265625
0.0533294677734375 -0.185882568359375 -0.275665283203125 -0.097015380859375
0.18182373046875 -0.156478881835938 -0.370758056640625 -0.223388671875
0.232437133789062 -0.0605621337890625 -0.3125 -0.26708984375
0.252822875976563 0.006500244140625 -0.091033935546875 -0.41217041015625
0.104957580566406 -0.131568908691406 -0.0170440673828125 -0.157821655273438
-0.0127944946289062 -0.0792007446289063 0.119163513183594 -0.125534057617188
-0.0455436706542969 -0.0272483825683594 0.098480224609375 -0.282989501953125
-0.0382537841796875 0.0124893188476563 -0.0667724609375 -0.344146728515625
-0.0170707702636719 0.0376014709472656 -0.239410400390625 -0.307830810546875
-0.0461196899414063 0.0221405029296875 -0.30914306640625 -0.206024169921875
-0.0579414367675781 0.0115928649902344 -0.258331298828125 -0.140151977539062
-0.0716629028320313 0.02117919921875 -0.18572998046875 -0.126617431640625
-0.1015625 -0.0304718017578125 -0.120010375976562 -0.117050170898438
-0.0821151733398438 -0.112762451171875 -0.0676155090332031 -0.0435295104980469
0.00892639160156249 -0.170120239257813 -0.109024047851563 -0.011260986328125
0.18218994140625 -0.141708374023437 -0.24072265625 -0.045989990234375
0.302276611328125 -0.045806884765625 -0.321685791015625 -0.1705322265625
0.3231201171875 0.07427978515625 -0.23260498046875 -0.233062744140625
0.323516845703125 0.169647216796875 0.0211181640625 -0.391143798828125
0.253311157226563 -0.016754150390625 0.0723419189453125 -0.155975341796875
0.156784057617187 -0.064849853515625 0.175704956054687 -0.131942749023438
0.0751876831054688 -0.119544982910156 0.147369384765625 -0.297760009765625
0.00197601318359376 -0.116264343261719 -0.025634765625 -0.353240966796875
-0.063873291015625 -0.0889892578125 -0.2100830078125 -0.313018798828125
-0.125205993652344 -0.0740432739257813 -0.279266357421875 -0.210891723632813
-0.1259765625 -0.079803466796875 -0.228256225585938 -0.133956909179687
-0.140884399414063 -0.0836944580078125 -0.152374267578125 -0.112838745117187
-0.126083374023438 -0.140884399414062 -0.0930404663085938 -0.101760864257813
-0.0432891845703125 -0.208236694335937 -0.0417404174804687 -0.0200958251953125
0.0807952880859375 -0.2279052734375 -0.076934814453125 0.0172576904296875
0.273178100585938 -0.11798095703125 -0.201156616210937 0.00740051269531249
0.38653564453125 0.0294189453125 -0.250167846679688 -0.110794067382812
0.377105712890625 0.177032470703125 -0.136886596679687 -0.161758422851562
0.33245849609375 0.317535400390625 0.151214599609375 -0.307098388671875
0.35504150390625 0.12713623046875 0.187210083007813 -0.108688354492187
0.314422607421875 -0.008270263671875 0.240463256835938 -0.112945556640625
0.212860107421875 -0.178558349609375 0.200271606445313 -0.277969360351563
0.0654754638671875 -0.227706909179688 0.02789306640625 -0.321990966796875
-0.086822509765625 -0.211410522460937 -0.152679443359375 -0.281768798828125
-0.183349609375 -0.162872314453125 -0.21044921875 -0.18804931640625
-0.175323486328125 -0.158401489257813 -0.1624755859375 -0.1077880859375
-0.194931030273438 -0.171279907226563 -0.0911407470703125 -0.0758056640625
-0.149993896484375 -0.226898193359375 -0.0485343933105469 -0.0597801208496094
-0.0185546875 -0.280380249023438 -0.0105190277099609 0.0180568695068359
0.127304077148437 -0.271408081054688 -0.0486335754394531 0.0482597351074219
0.327667236328125 -0.1021728515625 -0.157333374023438 0.0428619384765625
0.425079345703125 0.083740234375 -0.160629272460938 -0.0692596435546875
0.385589599609375 0.251708984375 -0.03045654296875 -0.071746826171875
0.272491455078125 0.41241455078125 0.271072387695312 -0.171112060546875
0.369842529296875 0.262908935546875 0.299957275390625 -0.0206298828125
0.404296875 0.0831298828125 0.296844482421875 -0.06683349609375
0.326080322265625 -0.1761474609375 0.241165161132813 -0.218887329101563
0.138671875 -0.28826904296875 0.079376220703125 -0.248992919921875
-0.0792236328125 -0.300750732421875 -0.078521728515625 -0.21392822265625
-0.206771850585937 -0.230621337890625 -0.114418029785156 -0.13702392578125
-0.197509765625 -0.212753295898438 -0.0707855224609375 -0.0640106201171875
-0.222824096679688 -0.23028564453125 -0.0100250244140625 -0.0246334075927735
-0.16156005859375 -0.281768798828125 0.00950145721435546 9.72747802734203E-05
0.00119018554687503 -0.321441650390625 0.0231094360351563 0.0673713684082031
0.158233642578125 -0.28759765625 -0.0278778076171875 0.0792617797851562
0.35089111328125 -0.073883056640625 -0.119819641113281 0.0582733154296875
0.41876220703125 0.1363525390625 -0.0686073303222656 -0.0423240661621094
0.34521484375 0.303070068359375 0.0694808959960938 0.028778076171875
0.15594482421875 0.423828125 0.354888916015625 -0.01116943359375
0.2891845703125 0.34307861328125 0.378143310546875 0.090911865234375
0.388214111328125 0.175933837890625 0.323883056640625 -0.00695800781249999
0.370758056640625 -0.113372802734375 0.25201416015625 -0.135162353515625
0.192596435546875 -0.2781982421875 0.109054565429688 -0.151092529296875
-0.048126220703125 -0.331268310546875 -0.00602722167968749 -0.120269775390625
-0.193893432617187 -0.259811401367188 -0.0119552612304688 -0.0662384033203125
-0.189224243164063 -0.232879638671875 0.0303783416748047 -0.0106010437011719
-0.219680786132813 -0.253524780273437 0.0792236328125 0.0334625244140625
-0.1566162109375 -0.300933837890625 0.0728836059570312 0.0687179565429687
0.01904296875 -0.329010009765625 0.0543670654296875 0.124870300292969
0.1798095703125 -0.276504516601563 -0.0172805786132812 0.11285400390625
0.350067138671875 -0.0294189453125 -0.093719482421875 0.0653839111328125
0.3701171875 0.193023681640625 0.0122442245483399 -0.0157175064086914
0.260040283203125 0.33489990234375 0.147567749023438 0.136550903320313
0.010955810546875 0.352264404296875 0.38995361328125 0.12994384765625
0.14605712890625 0.33819580078125 0.409393310546875 0.1849365234375
0.277069091796875 0.224807739257813 0.31719970703125 0.039520263671875
0.329376220703125 -0.02655029296875 0.230575561523438 -0.0573577880859375
0.203323364257813 -0.207794189453125 0.112442016601563 -0.0554275512695313
-0.00738525390624997 -0.297515869140625 0.0505409240722656 -0.0238075256347656
-0.150314331054687 -0.245803833007813 0.0805587768554687 0.00941467285156248
-0.1546630859375 -0.218414306640625 0.125190734863281 0.0438079833984375
-0.18603515625 -0.241546630859375 0.163742065429687 0.0908203125
-0.130096435546875 -0.2822265625 0.132759094238281 0.140274047851562
0.0362548828125 -0.300628662109375 0.0796661376953125 0.18572998046875
0.185791015625 -0.236587524414063 -0.0147247314453125 0.150863647460937
0.32122802734375 0.019287109375 -0.0797805786132812 0.0755538940429688
0.2891845703125 0.235260009765625 0.0714035034179688 0.0230789184570313
0.14337158203125 0.33660888671875 0.19232177734375 0.251937866210938
-0.132583618164062 0.220703125 0.3770751953125 0.219757080078125
-0.01654052734375 0.261337280273438 0.398834228515625 0.230682373046875
0.115402221679687 0.215423583984375 0.28961181640625 0.056488037109375
0.219863891601563 0.0527191162109375 0.192047119140625 -0.006256103515625
0.1693115234375 -0.106063842773438 0.0986099243164063 0.0125885009765625
0.0286407470703125 -0.211715698242188 0.0893173217773438 0.0540695190429687
-0.0852813720703125 -0.189987182617188 0.151199340820313 0.0739898681640625
-0.0972747802734375 -0.1700439453125 0.200836181640625 0.0908050537109375
-0.125640869140625 -0.192855834960938 0.233596801757812 0.142684936523437
-0.0856170654296875 -0.227081298828125 0.181365966796875 0.2083740234375
0.0486602783203125 -0.236801147460938 0.0966033935546875 0.245285034179687
0.1693115234375 -0.174835205078125 -0.0204315185546875 0.193084716796875
0.256622314453125 0.0625152587890625 -0.0774765014648437 0.0936431884765625
0.177291870117187 0.24786376953125 0.10205078125 0.0748825073242188
0.00625610351562501 0.295318603515625 0.191619873046875 0.35882568359375
0.120986938476563 -0.15576171875 -0.218475341796875 -0.3575439453125
-0.077972412109375 -0.1865234375 -0.0820541381835938 -0.113937377929688
-0.163558959960938 -0.039703369140625 0.0748825073242187 -0.112861633300781
-0.121009826660156 0.0880889892578125 0.0387115478515625 -0.256607055664063
-0.0331878662109375 0.137985229492188 -0.126983642578125 -0.297210693359375
0.063232421875 0.139144897460938 -0.276275634765625 -0.241455078125
0.0594863891601563 0.101425170898438 -0.3199462890625 -0.137481689453125
0.03253173828125 0.096832275390625 -0.266616821289063 -0.08966064453125
0.0242691040039063 0.123542785644531 -0.204010009765625 -0.0840911865234375
-0.061309814453125 0.103561401367188 -0.148971557617188 -0.0778961181640625
-0.131904602050781 0.0203628540039063 -0.103927612304688 -0.034637451171875
-0.107948303222656 -0.092071533203125 -0.153915405273438 -0.016143798828125
0.0250396728515625 -0.19024658203125 -0.2857666015625 -0.070068359375
0.155899047851563 -0.178756713867188 -0.39715576171875 -0.18304443359375
0.220077514648438 -0.0911865234375 -0.35052490234375 -0.23431396484375
0.252609252929688 -0.0247039794921875 -0.14605712890625 -0.40045166015625
0.0885162353515625 -0.140945434570313 -0.0362701416015625 -0.14825439453125
-0.0189437866210938 -0.0765228271484375 0.108474731445313 -0.135810852050781
-0.0459365844726563 -0.0215072631835938 0.0682373046875 -0.295257568359375
-0.0325660705566406 0.0170536041259766 -0.109771728515625 -0.33575439453125
-0.0090789794921875 0.0352516174316406 -0.282073974609375 -0.275177001953125
-0.0424079895019531 0.0253677368164062 -0.337158203125 -0.16259765625
-0.0565109252929688 0.0175132751464844 -0.27874755859375 -0.100753784179688
-0.0669441223144531 0.0269012451171875 -0.206512451171875 -0.0961456298828125
-0.102569580078125 -0.018402099609375 -0.144943237304688 -0.095794677734375
-0.0936660766601563 -0.0994873046875 -0.0835037231445312 -0.0358123779296875
-0.011932373046875 -0.168624877929688 -0.118331909179688 -0.00418090820312502
0.1629638671875 -0.162948608398438 -0.2474365234375 -0.0236968994140625
0.294525146484375 -0.083251953125 -0.34405517578125 -0.13629150390625
0.329864501953125 0.0338134765625 -0.268447875976563 -0.210769653320312
0.347015380859375 0.129638671875 -0.031280517578125 -0.392608642578125
0.252838134765625 -0.0464324951171875 0.05126953125 -0.155807495117188
0.154464721679688 -0.08538818359375 0.162750244140625 -0.1474609375
0.0633544921875 -0.130790710449219 0.1136474609375 -0.31439208984375
-0.0114593505859375 -0.117904663085938 -0.0684814453125 -0.34844970703125
-0.0734710693359375 -0.0850143432617187 -0.250274658203125 -0.284027099609375
-0.136573791503906 -0.0590896606445313 -0.30859375 -0.1697998046875
-0.137527465820313 -0.0632095336914063 -0.2481689453125 -0.096405029296875
-0.153289794921875 -0.067047119140625 -0.171646118164063 -0.08514404296875
-0.144638061523438 -0.12554931640625 -0.11602783203125 -0.0819473266601563
-0.0695648193359375 -0.202499389648438 -0.0552520751953125 -0.013763427734375
0.05230712890625 -0.23858642578125 -0.0843124389648437 0.0227203369140625
0.259841918945313 -0.153366088867188 -0.202957153320312 0.0256500244140624
0.3922119140625 -0.019866943359375 -0.266891479492188 -0.0858459472656249
0.4005126953125 0.13006591796875 -0.1646728515625 -0.152328491210938
0.377685546875 0.276123046875 0.108154296875 -0.324310302734375
0.37359619140625 0.083740234375 0.169570922851563 -0.123504638671875
0.320892333984375 -0.049713134765625 0.229049682617188 -0.135513305664063
0.192718505859375 -0.209136962890625 0.16827392578125 -0.299102783203125
0.036163330078125 -0.238876342773438 -0.010833740234375 -0.322906494140625
-0.114349365234375 -0.203811645507812 -0.186813354492188 -0.260223388671875
-0.206634521484375 -0.139022827148438 -0.236221313476562 -0.15679931640625
-0.199081420898437 -0.1343994140625 -0.178131103515625 -0.0793609619140625
-0.220779418945313 -0.145477294921875 -0.10394287109375 -0.0566024780273438
-0.18212890625 -0.207565307617187 -0.0656929016113282 -0.0454330444335938
-0.0575103759765625 -0.279815673828125 -0.0177650451660156 0.022836685180664
0.092071533203125 -0.290557861328125 -0.05206298828125 0.0530891418457031
0.319793701171875 -0.146209716796875 -0.157669067382812 0.0574188232421875
0.441253662109375 0.02838134765625 -0.174087524414062 -0.0547332763671875
0.41986083984375 0.203582763671875 -0.04736328125 -0.0748748779296875
0.332000732421875 0.380035400390625 0.24542236328125 -0.203018188476562
0.4078369140625 0.21624755859375 0.29168701171875 -0.0499267578125
0.42449951171875 0.029052734375 0.289306640625 -0.095672607421875
0.305908203125 -0.22210693359375 0.215927124023438 -0.24371337890625
0.099151611328125 -0.308624267578125 0.0505523681640625 -0.25628662109375
-0.119415283203125 -0.29217529296875 -0.102020263671875 -0.202316284179688
-0.240219116210937 -0.201568603515625 -0.133514404296875 -0.11834716796875
-0.229461669921875 -0.183425903320313 -0.081146240234375 -0.048553466796875
-0.258560180664063 -0.199005126953125 -0.0145301818847656 -0.0165557861328125
-0.204208374023437 -0.259429931640625 0.00285816192626952 0.00648212432861327
-0.04534912109375 -0.32440185546875 0.0240097045898438 0.0699043273925781
0.119354248046875 -0.3128662109375 -0.0266952514648437 0.0837249755859375
0.347930908203125 -0.123016357421875 -0.118217468261719 0.0700607299804688
0.4420166015625 0.08062744140625 -0.079437255859375 -0.038055419921875
0.388427734375 0.25927734375 0.0663070678710938 0.0138587951660156
0.218658447265625 0.406707763671875 0.350830078125 -0.0518798828125
0.3389892578125 0.30615234375 0.384735107421875 0.05072021484375
0.42144775390625 0.123565673828125 0.3212890625 -0.03887939453125
0.35931396484375 -0.16656494140625 0.236862182617188 -0.160049438476563
0.152496337890625 -0.306884765625 0.094146728515625 -0.162078857421875
-0.094512939453125 -0.32672119140625 -0.0157546997070312 -0.118553161621094
-0.231781005859375 -0.231887817382813 -0.0213661193847656 -0.0623207092285156
-0.225112915039062 -0.204574584960938 0.0273456573486328 -0.0107555389404297
-0.259078979492188 -0.2227783203125 0.0839309692382812 0.0281448364257812
-0.20172119140625 -0.278839111328125 0.0775375366210937 0.0661697387695312
-0.029388427734375 -0.334228515625 0.0655670166015625 0.123878479003906
0.140869140625 -0.304779052734375 -0.00983428955078125 0.118087768554688
0.3514404296875 -0.079559326171875 -0.0918807983398437 0.0751800537109375
0.402496337890625 0.142120361328125 0.00448036193847659 -0.0223560333251953
0.308685302734375 0.30120849609375 0.1605224609375 0.113815307617188
0.064483642578125 0.35400390625 0.404998779296875 0.086212158203125
0.195587158203125 0.319732666015625 0.4285888671875 0.139984130859375
0.31573486328125 0.186248779296875 0.319610595703125 0.00863647460937501
0.327392578125 -0.0745849609375 0.22467041015625 -0.0787353515625
0.171554565429688 -0.238082885742188 0.110420227050781 -0.0668182373046875
-0.050689697265625 -0.29669189453125 0.0545463562011719 -0.0307083129882813
-0.18658447265625 -0.222457885742188 0.0814743041992188 -0.00107574462890626
-0.18804931640625 -0.1932373046875 0.129058837890625 0.0297164916992187
-0.222549438476563 -0.212905883789062 0.177734375 0.072540283203125
-0.172744750976562 -0.262451171875 0.149658203125 0.128616333007812
-0.00900268554687499 -0.307098388671875 0.101577758789063 0.181121826171875
0.1507568359375 -0.264938354492188 -0.000473022460937505 0.157135009765625
0.327178955078125 -0.02618408203125 -0.0759963989257812 0.084625244140625
0.325531005859375 0.193328857421875 0.0690269470214844 0.00868988037109376
0.191314697265625 0.316192626953125 0.221359252929688 0.22412109375
-0.09710693359375 0.24066162109375 0.405303955078125 0.1785888671875
0.02349853515625 0.263046264648438 0.423858642578125 0.18670654296875
0.151611328125 0.198272705078125 0.294525146484375 0.0284423828125
0.228302001953125 0.01776123046875 0.193496704101563 -0.0230560302734375
0.150787353515625 -0.1331787109375 0.1070556640625 0.00313568115234374
-0.00434875488281252 -0.2149658203125 0.103012084960937 0.0411453247070312
-0.114501953125 -0.174758911132813 0.161376953125 0.0522613525390625
-0.123870849609375 -0.15301513671875 0.212005615234375 0.0633087158203125
-0.155120849609375 -0.171768188476562 0.254180908203125 0.113052368164062
-0.119735717773438 -0.212203979492187 0.208145141601563 0.189132690429688
0.012481689453125 -0.243545532226563 0.127609252929688 0.238372802734375
0.142669677734375 -0.198776245117187 0.000289916992187521 0.198959350585937
0.266845703125 0.0260467529296875 -0.0717086791992187 0.102714538574219
0.213638305664063 0.220260620117188 0.1065673828125 0.0568618774414063
0.048736572265625 0.291046142578125 0.237548828125 0.3316650390625
0.096343994140625 -0.162857055664063 -0.25408935546875 -0.321624755859375
-0.0968170166015625 -0.167388916015625 -0.089385986328125 -0.0964813232421875
-0.162185668945313 -0.016845703125 0.0661163330078125 -0.116157531738281
-0.104324340820312 0.100021362304687 0.0126953125 -0.254364013671875
-0.0111007690429688 0.136260986328125 -0.15643310546875 -0.272750854492188
0.0808181762695313 0.121673583984375 -0.297607421875 -0.199554443359375
0.0710525512695313 0.08673095703125 -0.3272705078125 -0.094482421875
0.0439071655273438 0.0876693725585938 -0.268951416015625 -0.052215576171875
0.0394515991210938 0.11199951171875 -0.21002197265625 -0.0525665283203125
-0.04248046875 0.105606079101563 -0.158294677734375 -0.0522003173828125
-0.120162963867188 0.0382156372070312 -0.112709045410156 -0.02276611328125
-0.113319396972656 -0.0727615356445313 -0.157012939453125 -0.00471496582031253
-0.0007476806640625 -0.184036254882812 -0.284393310546875 -0.0443115234375
0.125869750976563 -0.1895751953125 -0.4056396484375 -0.138641357421875
0.198837280273438 -0.113677978515625 -0.370849609375 -0.191619873046875
0.240859985351563 -0.050811767578125 -0.189544677734375 -0.37103271484375
0.0698394775390625 -0.14337158203125 -0.0501632690429688 -0.133346557617188
-0.0242767333984375 -0.0706787109375 0.0953598022460938 -0.140533447265625
-0.0442962646484375 -0.0158462524414062 0.03692626953125 -0.294097900390625
-0.0262260437011719 0.0183620452880859 -0.143798828125 -0.311309814453125
-0.00243186950683593 0.0297431945800781 -0.3067626953125 -0.231170654296875
-0.0369110107421875 0.0273590087890625 -0.346405029296875 -0.1143798828125
-0.0520362854003906 0.0226554870605469 -0.281982421875 -0.059539794921875
-0.0624008178710938 0.0307159423828125 -0.214004516601563 -0.061981201171875
-0.0989837646484375 -0.00736236572265627 -0.158157348632813 -0.06829833984375
-0.0994033813476563 -0.0836181640625 -0.0946121215820313 -0.0245285034179687
-0.0294036865234375 -0.159881591796875 -0.122802734375 0.00491333007812499
0.1380615234375 -0.174972534179688 -0.242767333984375 -0.00250244140625002
0.273178100585937 -0.113815307617187 -0.34967041015625 -0.0993347167968751
0.32159423828125 -0.00421142578125 -0.2901611328125 -0.179290771484375
0.352386474609375 0.087188720703125 -0.077880859375 -0.375579833984375
0.240982055664062 -0.0724639892578125 0.03253173828125 -0.149932861328125
0.14447021484375 -0.100982666015625 0.146148681640625 -0.155654907226562
0.0484237670898438 -0.135673522949219 0.079193115234375 -0.31536865234375
-0.022979736328125 -0.114654541015625 -0.104766845703125 -0.32794189453125
-0.0802383422851562 -0.0778884887695313 -0.275985717773438 -0.244491577148437
-0.139427185058594 -0.0416259765625 -0.31915283203125 -0.123931884765625
-0.141937255859375 -0.04473876953125 -0.251296997070313 -0.058013916015625
-0.158096313476563 -0.0482025146484375 -0.178207397460938 -0.054473876953125
-0.15533447265625 -0.105850219726563 -0.129981994628906 -0.0569305419921875
-0.090606689453125 -0.188186645507813 -0.0645179748535156 -0.00382995605468752
0.0240478515625 -0.237518310546875 -0.0880126953125 0.02923583984375
0.236328125 -0.178909301757813 -0.197708129882812 0.0410919189453125
0.37872314453125 -0.064727783203125 -0.271377563476563 -0.0587615966796875
0.40264892578125 0.081573486328125 -0.184982299804687 -0.133865356445313
0.4017333984375 0.225128173828125 0.06475830078125 -0.324676513671875
0.373199462890625 0.038665771484375 0.148361206054688 -0.130157470703125
0.311614990234375 -0.088287353515625 0.210052490234375 -0.150344848632813
0.165191650390625 -0.227127075195313 0.133544921875 -0.305572509765625
0.00700378417968749 -0.237228393554688 -0.044403076171875 -0.3092041015625
-0.134902954101563 -0.18701171875 -0.209228515625 -0.229782104492188
-0.218246459960938 -0.109756469726563 -0.247161865234375 -0.119003295898437
-0.210403442382812 -0.104705810546875 -0.181991577148438 -0.0485992431640625
-0.2349853515625 -0.11468505859375 -0.108650207519531 -0.0353469848632813
-0.20416259765625 -0.179443359375 -0.0757827758789063 -0.0274200439453125
-0.0900421142578125 -0.266952514648438 -0.02325439453125 0.0298480987548828
0.054290771484375 -0.294708251953125 -0.0537071228027344 0.0573310852050781
0.29705810546875 -0.181396484375 -0.151031494140625 0.068572998046875
0.43487548828125 -0.02447509765625 -0.179229736328125 -0.0377349853515625
0.43280029296875 0.150299072265625 -0.06329345703125 -0.0730438232421875
0.37054443359375 0.329345703125 0.212295532226563 -0.220687866210937
0.423126220703125 0.161468505859375 0.27349853515625 -0.07293701171875
0.42181396484375 -0.024749755859375 0.270431518554688 -0.1165771484375
0.27203369140625 -0.255264282226563 0.185501098632813 -0.2548828125
0.0574951171875 -0.31268310546875 0.0228118896484375 -0.251373291015625
-0.151947021484375 -0.271087646484375 -0.118408203125 -0.183807373046875
-0.258819580078125 -0.165145874023438 -0.143447875976563 -0.0953826904296875
-0.247314453125 -0.147506713867188 -0.0844268798828125 -0.0315170288085938
-0.277679443359375 -0.16015625 -0.0158672332763672 -0.00793361663818361
-0.231521606445313 -0.225616455078125 -0.0018434524536133 0.0142955780029297
-0.08673095703125 -0.311553955078125 0.0247955322265625 0.0709762573242187
0.07684326171875 -0.3211669921875 -0.02386474609375 0.0864410400390625
0.328338623046875 -0.16363525390625 -0.112586975097656 0.0788116455078125
0.443145751953125 0.02392578125 -0.087493896484375 -0.0316162109375
0.409820556640625 0.207855224609375 0.0584831237792969 0.000999450683593763
0.265533447265625 0.3709716796875 0.331787109375 -0.0870361328124999
0.36822509765625 0.257293701171875 0.3743896484375 0.013275146484375
0.430328369140625 0.066680908203125 0.306549072265625 -0.06536865234375
0.329833984375 -0.20806884765625 0.213912963867188 -0.1761474609375
0.108856201171875 -0.316986083984375 0.07659912109375 -0.164901733398438
-0.132965087890625 -0.30517578125 -0.024871826171875 -0.114173889160156
-0.254714965820313 -0.194000244140625 -0.0279350280761719 -0.0555763244628906
-0.246170043945312 -0.167312622070313 0.0237636566162109 -0.00922012329101564
-0.281890869140625 -0.1802978515625 0.0850448608398437 0.0221481323242187
-0.233306884765625 -0.24298095703125 0.0793991088867187 0.0620040893554687
-0.072540283203125 -0.32269287109375 0.0737686157226563 0.118171691894531
0.097442626953125 -0.315338134765625 -0.00196075439453124 0.119102478027344
0.336151123046875 -0.123046875 -0.0859832763671875 0.082550048828125
0.41168212890625 0.0867919921875 -0.00508117675781247 -0.0256404876708984
0.33636474609375 0.25506591796875 0.162567138671875 0.0883026123046875
0.110626220703125 0.33685302734375 0.402130126953125 0.042999267578125
0.232025146484375 0.28607177734375 0.426544189453125 0.09454345703125
0.33575439453125 0.139556884765625 0.309906005859375 -0.01959228515625
0.310516357421875 -0.1162109375 0.212310791015625 -0.0951080322265625
0.134124755859375 -0.25341796875 0.104927062988281 -0.07598876953125
-0.08856201171875 -0.280670166015625 0.0551300048828125 -0.0379905700683594
-0.20989990234375 -0.188552856445312 0.0794143676757812 -0.00975036621093751
-0.208099365234375 -0.160629272460937 0.127693176269531 0.0154647827148437
-0.245834350585937 -0.17523193359375 0.181610107421875 0.052154541015625
-0.20306396484375 -0.230712890625 0.1578369140625 0.112289428710937
-0.049774169921875 -0.2972412109375 0.117645263671875 0.168838500976562
0.111907958984375 -0.277236938476563 0.0127410888671875 0.156326293945312
0.317962646484375 -0.067657470703125 -0.0690078735351562 0.0904693603515625
0.34295654296875 0.14520263671875 0.0621871948242188 -0.00366210937499999
0.22589111328125 0.28155517578125 0.23590087890625 0.187835693359375
-0.05999755859375 0.24554443359375 0.414459228515625 0.133514404296875
0.058197021484375 0.251373291015625 0.429168701171875 0.140960693359375
0.177627563476563 0.17047119140625 0.286041259765625 0.00277709960937501
0.224349975585938 -0.0150604248046875 0.188613891601562 -0.0377197265625
0.125595092773438 -0.148544311523438 0.110733032226563 -0.00848388671875001
-0.0347137451171875 -0.204986572265625 0.110366821289063 0.0239334106445312
-0.134033203125 -0.151275634765625 0.162933349609375 0.0296173095703125
-0.140182495117188 -0.128921508789062 0.211807250976562 0.0371551513671875
-0.173446655273438 -0.143905639648437 0.26129150390625 0.0807342529296875
-0.14459228515625 -0.18670654296875 0.223785400390625 0.161727905273438
-0.021392822265625 -0.236801147460938 0.1502685546875 0.21868896484375
0.1116943359375 -0.210296630859375 0.01904296875 0.195999145507813
0.262847900390625 -0.0088348388671875 -0.0632781982421875 0.107460021972656
0.235809326171875 0.184555053710938 0.104690551757813 0.037567138671875
0.0838165283203125 0.272781372070313 0.267486572265625 0.29150390625
0.0767364501953125 -0.161956787109375 -0.272308349609375 -0.287261962890625
-0.106582641601562 -0.148773193359375 -0.0914154052734375 -0.0816726684570313
-0.1546630859375 0.00041198730468748 0.0601425170898437 -0.115257263183594
-0.0890045166015625 0.105499267578125 -0.0049285888671875 -0.247695922851563
0.00535583496093749 0.129058837890625 -0.17059326171875 -0.249114990234375
0.0891494750976563 0.103912353515625 -0.30206298828125 -0.16412353515625
0.0770339965820313 0.0730514526367188 -0.32269287109375 -0.060333251953125
0.050567626953125 0.0785064697265625 -0.262176513671875 -0.0243682861328125
0.0486526489257813 0.0994491577148438 -0.20648193359375 -0.0280609130859375
-0.0278167724609375 0.102890014648438 -0.158950805664063 -0.0308380126953125
-0.10736083984375 0.0488967895507813 -0.117088317871094 -0.0122833251953125
-0.113265991210938 -0.056915283203125 -0.1573486328125 0.00347900390625002
-0.0186614990234375 -0.173309326171875 -0.275344848632812 -0.026458740234375
0.10064697265625 -0.1898193359375 -0.400115966796875 -0.105804443359375
0.177597045898437 -0.124496459960938 -0.3756103515625 -0.1578369140625
0.226425170898438 -0.06689453125 -0.214080810546875 -0.339630126953125
0.0555572509765625 -0.140716552734375 -0.0565261840820313 -0.118522644042969
-0.0270347595214844 -0.0653457641601563 0.0858535766601563 -0.139152526855469
-0.0411567687988281 -0.0124130249023437 0.0150146484375 -0.285430908203125
-0.0203533172607422 0.0181446075439453 -0.16046142578125 -0.284881591796875
0.000974655151367188 0.0234928131103516 -0.31280517578125 -0.193389892578125
-0.0326766967773438 0.0264186859130859 -0.3416748046875 -0.076934814453125
-0.0477867126464844 0.0250625610351562 -0.2735595703125 -0.0279998779296875
-0.0571937561035156 0.0319976806640625 -0.211196899414063 -0.035064697265625
-0.0937652587890625 4.577636718751E-05 -0.161758422851563 -0.04425048828125
-0.099609375 -0.071075439453125 -0.101333618164063 -0.0134429931640625
-0.0399627685546875 -0.149261474609375 -0.125404357910156 0.0102462768554687
0.11724853515625 -0.17706298828125 -0.234786987304687 0.010009765625
0.250778198242188 -0.130783081054688 -0.344940185546875 -0.072601318359375
0.305877685546875 -0.028961181640625 -0.300018310546875 -0.153076171875
0.345794677734375 0.054534912109375 -0.10870361328125 -0.35260009765625
0.2254638671875 -0.087615966796875 0.019866943359375 -0.139320373535156
0.133567810058594 -0.110260009765625 0.131927490234375 -0.15655517578125
0.0370635986328125 -0.135421752929688 0.053924560546875 -0.3082275390625
-0.0297317504882813 -0.109336853027344 -0.124847412109375 -0.303375244140625
-0.0836563110351563 -0.0723800659179688 -0.283966064453125 -0.209503173828125
-0.137229919433594 -0.0289382934570312 -0.31561279296875 -0.087738037109375
-0.140457153320313 -0.030029296875 -0.2440185546875 -0.02813720703125
-0.157669067382813 -0.033660888671875 -0.176193237304688 -0.030181884765625
-0.158294677734375 -0.0885009765625 -0.1337890625 -0.0346832275390625
-0.102706909179688 -0.17333984375 -0.0712661743164063 0.0057373046875
0.00332641601562502 -0.229827880859375 -0.0903167724609375 0.0334548950195312
0.213287353515625 -0.191925048828125 -0.188995361328125 0.048980712890625
0.358306884765625 -0.0931396484375 -0.26837158203125 -0.03900146484375
0.392791748046875 0.047149658203125 -0.19683837890625 -0.11767578125
0.406280517578125 0.18182373046875 0.033111572265625 -0.31378173828125
0.36309814453125 0.005889892578125 0.130783081054688 -0.129692077636719
0.295440673828125 -0.1134033203125 0.192230224609375 -0.1544189453125
0.140304565429688 -0.234451293945313 0.10650634765625 -0.29998779296875
-0.0135955810546875 -0.229049682617188 -0.064971923828125 -0.290679931640625
-0.146530151367188 -0.170822143554687 -0.218414306640625 -0.201324462890625
-0.219375610351563 -0.0857543945312501 -0.246932983398438 -0.0892486572265625
-0.212295532226563 -0.0800628662109375 -0.1773681640625 -0.025238037109375
-0.238067626953125 -0.087615966796875 -0.107429504394531 -0.0179519653320313
-0.213577270507813 -0.154067993164063 -0.0795059204101563 -0.0100173950195313
-0.11199951171875 -0.248931884765625 -0.0268592834472656 0.0360946655273437
0.0260009765625 -0.289154052734375 -0.0540122985839844 0.0607032775878906
0.271835327148438 -0.2022705078125 -0.14410400390625 0.0737609863281249
0.418243408203125 -0.063232421875 -0.180526733398437 -0.026275634765625
0.42852783203125 0.108367919921875 -0.0751953125 -0.068084716796875
0.388153076171875 0.284393310546875 0.183029174804688 -0.226242065429687
0.420928955078125 0.11859130859375 0.254013061523438 -0.0844573974609375
0.407135009765625 -0.0628662109375 0.251708984375 -0.126541137695312
0.241302490234375 -0.271209716796875 0.159408569335938 -0.25531005859375
0.027374267578125 -0.305450439453125 0.00457763671875002 -0.240829467773438
-0.170989990234375 -0.248199462890625 -0.125717163085937 -0.166259765625
-0.263641357421875 -0.133560180664063 -0.144989013671875 -0.0755615234375
-0.251205444335938 -0.117462158203125 -0.0829010009765625 -0.0180511474609375
-0.283966064453125 -0.126251220703125 -0.0158443450927735 -0.00114727020263673
-0.245941162109375 -0.194229125976563 -0.00449180603027345 0.0228481292724609
-0.113677978515625 -0.292266845703125 0.0253372192382812 0.072479248046875
0.044647216796875 -0.3170166015625 -0.0216827392578125 0.0877532958984375
0.30419921875 -0.189453125 -0.106971740722656 0.0825729370117187
0.43182373046875 -0.018157958984375 -0.0927352905273437 -0.0265731811523437
0.41265869140625 0.165679931640625 0.0478706359863281 -0.00673294067382811
0.291259765625 0.332427978515625 0.310577392578125 -0.105987548828125
0.377197265625 0.213287353515625 0.356109619140625 -0.010345458984375
0.42413330078125 0.02239990234375 0.288665771484375 -0.079254150390625
0.2999267578125 -0.232269287109375 0.1939697265625 -0.180419921875
0.07464599609375 -0.313385009765625 0.0635223388671875 -0.1634521484375
-0.15692138671875 -0.281524658203125 -0.0302810668945313 -0.108207702636719
-0.262344360351563 -0.160079956054688 -0.0310516357421875 -0.0484771728515625
-0.251419067382813 -0.1351318359375 0.0220184326171875 -0.00661468505859376
-0.289520263671875 -0.144744873046875 0.084228515625 0.0170440673828125
-0.248519897460938 -0.21002197265625 0.0794525146484375 0.0598068237304687
-0.102294921875 -0.303070068359375 0.078765869140625 0.112838745117187
0.06396484375 -0.313629150390625 0.00417327880859374 0.118080139160156
0.315032958984375 -0.150787353515625 -0.0803985595703125 0.0852279663085938
0.408050537109375 0.043731689453125 -0.0124740600585937 -0.0267963409423828
0.34637451171875 0.21484375 0.155960083007813 0.0684356689453125
0.140869140625 0.313385009765625 0.389678955078125 0.0133056640625
0.249755859375 0.252487182617188 0.414215087890625 0.062408447265625
0.339080810546875 0.100006103515625 0.294342041015625 -0.034759521484375
0.28765869140625 -0.142913818359375 0.19854736328125 -0.102279663085938
0.103363037109375 -0.254989624023438 0.0986099243164063 -0.0810546875
-0.113021850585938 -0.259933471679688 0.0536766052246094 -0.0432586669921875
-0.219314575195313 -0.158432006835938 0.07550048828125 -0.0154647827148438
-0.21490478515625 -0.132003784179687 0.122917175292969 0.00599670410156249
-0.253936767578125 -0.142059326171875 0.179275512695312 0.035919189453125
-0.21832275390625 -0.199264526367188 0.159866333007813 0.099517822265625
-0.0785369873046875 -0.280471801757813 0.126007080078125 0.156219482421875
0.0804443359375 -0.277084350585937 0.022796630859375 0.15216064453125
0.301361083984375 -0.09674072265625 -0.064239501953125 0.0928268432617188
0.34490966796875 0.106231689453125 0.0538711547851563 -0.0112953186035156
0.241790771484375 0.249160766601563 0.237472534179688 0.158660888671875
-0.030670166015625 0.240432739257812 0.411376953125 0.09918212890625
0.0811004638671875 0.234161376953125 0.420623779296875 0.10662841796875
0.188461303710937 0.143936157226563 0.2740478515625 -0.0113372802734375
0.213455200195312 -0.038970947265625 0.182647705078125 -0.0451812744140625
0.1031494140625 -0.154159545898438 0.110641479492187 -0.0173568725585938
-0.0547637939453125 -0.19171142578125 0.111892700195312 0.00940704345703124
-0.1427001953125 -0.128936767578125 0.15802001953125 0.013671875
-0.147598266601563 -0.107101440429687 0.204452514648438 0.0175933837890625
-0.181228637695313 -0.117584228515625 0.2576904296875 0.054534912109375
-0.157699584960937 -0.163192749023438 0.227676391601563 0.138473510742188
-0.0453338623046875 -0.224288940429688 0.16326904296875 0.199813842773438
0.08514404296875 -0.211578369140625 0.031890869140625 0.18902587890625
0.252395629882813 -0.0337371826171875 -0.0568695068359375 0.107337951660156
0.243270874023438 0.1527099609375 0.0976715087890625 0.0233306884765625
0.103927612304688 0.251007080078125 0.277999877929688 0.255508422851563
0.063690185546875 -0.159866333007812 -0.283172607421875 -0.263031005859375
-0.111930847167969 -0.135162353515625 -0.0907974243164063 -0.07177734375
-0.1484375 0.011993408203125 0.0566635131835937 -0.115531921386719
-0.0773544311523438 0.108406066894531 -0.0155487060546875 -0.242431640625
0.0160980224609375 0.123199462890625 -0.178207397460937 -0.231857299804688
0.0934066772460937 0.0901947021484375 -0.30279541015625 -0.13897705078125
0.0798187255859375 0.0620193481445313 -0.317169189453125 -0.037872314453125
0.0545120239257813 0.0708694458007813 -0.255035400390625 -0.00566101074218755
0.0535888671875 0.090057373046875 -0.202713012695312 -0.010040283203125
-0.0173187255859375 0.0993118286132813 -0.157089233398438 -0.0157928466796875
-0.0964736938476562 0.0549545288085938 -0.121795654296875 -0.00443267822265625
-0.112205505371094 -0.0464630126953125 -0.15960693359375 0.0078125
-0.0312347412109375 -0.1640625 -0.270370483398438 -0.0175018310546875
0.08319091796875 -0.188522338867188 -0.395172119140625 -0.0843505859375
0.163238525390625 -0.13043212890625 -0.3768310546875 -0.135986328125
0.215774536132813 -0.0775146484375 -0.230560302734375 -0.317230224609375
0.0467529296875 -0.138107299804688 -0.0597381591796875 -0.108932495117188
-0.0277137756347656 -0.0613517761230469 0.0801467895507813 -0.138420104980469
-0.0384025573730469 -0.00964355468750001 0.00122070312499999 -0.279159545898438
-0.0164995193481445 0.0164432525634766 -0.17120361328125 -0.26708984375
0.00172615051269531 0.0175571441650391 -0.314605712890625 -0.16644287109375
-0.0306015014648437 0.0250453948974609 -0.336273193359375 -0.05120849609375
-0.0448570251464844 0.026580810546875 -0.265960693359375 -0.0072174072265625
-0.0542373657226563 0.0326385498046875 -0.207229614257813 -0.0152740478515625
-0.0900650024414063 0.00453186035156252 -0.161758422851563 -0.0260772705078125
-0.0983810424804687 -0.0623245239257812 -0.106796264648437 -0.00473022460937499
-0.047393798828125 -0.14190673828125 -0.128494262695313 0.0146560668945312
0.10260009765625 -0.177703857421875 -0.229568481445313 0.015777587890625
0.234664916992188 -0.140884399414063 -0.3408203125 -0.0560302734375001
0.29486083984375 -0.0447998046875 -0.3057861328125 -0.134979248046875
0.340606689453125 0.0330810546875 -0.127410888671875 -0.335113525390625
0.21453857421875 -0.097442626953125 0.0123138427734375 -0.131568908691406
0.126594543457031 -0.116325378417969 0.12408447265625 -0.155990600585938
0.0297698974609375 -0.135612487792969 0.03765869140625 -0.30169677734375
-0.0342788696289062 -0.106246948242188 -0.13641357421875 -0.28656005859375
-0.0866470336914063 -0.0689315795898438 -0.287078857421875 -0.183746337890625
-0.135780334472656 -0.0211105346679687 -0.310943603515625 -0.062042236328125
-0.138626098632813 -0.020172119140625 -0.236862182617187 -0.00755310058593749
-0.156845092773438 -0.02325439453125 -0.172943115234375 -0.01263427734375
-0.159805297851563 -0.076568603515625 -0.135200500488281 -0.01715087890625
-0.110137939453125 -0.16204833984375 -0.075714111328125 0.01458740234375
-0.00976562500000002 -0.224624633789062 -0.093719482421875 0.0366592407226562
0.196914672851563 -0.199676513671875 -0.185043334960938 0.0525054931640625
0.343536376953125 -0.1136474609375 -0.267166137695313 -0.0271148681640625
0.3848876953125 0.02374267578125 -0.205429077148437 -0.106491088867188
0.409088134765625 0.153472900390625 0.0112915039062501 -0.305511474609375
0.35455322265625 -0.016326904296875 0.119712829589844 -0.126907348632813
0.283843994140625 -0.1319580078125 0.1820068359375 -0.15521240234375
0.123977661132812 -0.238845825195313 0.0900268554687501 -0.295989990234375
-0.0270538330078125 -0.22314453125 -0.0771942138671875 -0.277053833007813
-0.154586791992187 -0.159408569335938 -0.222412109375 -0.182037353515625
-0.21905517578125 -0.0691680908203125 -0.243789672851562 -0.06805419921875
-0.211868286132813 -0.0634613037109375 -0.17230224609375 -0.00845336914062498
-0.239425659179688 -0.0683441162109375 -0.105316162109375 -0.00550842285156253
-0.219879150390625 -0.135574340820313 -0.0801620483398438 0.00405120849609376
-0.125900268554688 -0.235565185546875 -0.0297393798828125 0.0428085327148437
0.00695800781250002 -0.284912109375 -0.0561180114746094 0.0625343322753906
0.255325317382813 -0.215850830078125 -0.140228271484375 0.07586669921875
0.40509033203125 -0.0892333984375 -0.181991577148438 -0.0179901123046875
0.4244384765625 0.082427978515625 -0.0852890014648437 -0.0639877319335938
0.397613525390625 0.252197265625 0.16387939453125 -0.227767944335937
0.418243408203125 0.088775634765625 0.240646362304688 -0.0901641845703125
0.3958740234375 -0.091278076171875 0.239395141601563 -0.129669189453125
0.218475341796875 -0.281463623046875 0.144485473632813 -0.253631591796875
0.00662231445312503 -0.299835205078125 -0.00602722167968748 -0.232757568359375
-0.184005737304687 -0.231582641601563 -0.1300048828125 -0.15478515625
-0.265396118164063 -0.11212158203125 -0.1448974609375 -0.0619049072265625
-0.252838134765625 -0.095184326171875 -0.0806350708007813 -0.00794982910156252
-0.287139892578125 -0.10137939453125 -0.0146570205688477 0.00376605987548828
-0.2548828125 -0.170974731445312 -0.00452423095703127 0.0304489135742187
-0.132705688476563 -0.276840209960938 0.0253677368164062 0.0745849609375
0.022064208984375 -0.314208984375 -0.0210800170898437 0.0883331298828125
0.2872314453125 -0.20660400390625 -0.104049682617187 0.0843582153320313
0.42266845703125 -0.0484619140625 -0.097198486328125 -0.023101806640625
0.412506103515625 0.13720703125 0.0384254455566407 -0.0108108520507812
0.30841064453125 0.305877685546875 0.29473876953125 -0.11834716796875
0.38177490234375 0.183624267578125 0.34381103515625 -0.023590087890625
0.418426513671875 -0.0084228515625 0.276321411132813 -0.085235595703125
0.2769775390625 -0.24835205078125 0.18115234375 -0.182052612304688
0.051788330078125 -0.31005859375 0.0560760498046875 -0.161666870117188
-0.17327880859375 -0.262954711914062 -0.0327682495117188 -0.1051025390625
-0.265823364257813 -0.13580322265625 -0.0326614379882813 -0.0434532165527344
-0.254196166992187 -0.112335205078125 0.0217189788818359 -0.00462150573730469
-0.293548583984375 -0.1185302734375 0.0842208862304687 0.0145721435546875
-0.25860595703125 -0.185226440429688 0.0796279907226563 0.0596237182617187
-0.12359619140625 -0.2891845703125 0.08184814453125 0.110023498535156
0.03985595703125 -0.31134033203125 0.00788879394531249 0.117225646972656
0.300384521484375 -0.171539306640625 -0.07843017578125 0.0869293212890625
0.401885986328125 0.012603759765625 -0.0194091796875 -0.0277481079101562
0.35162353515625 0.18817138671875 0.149887084960938 0.056610107421875
0.161376953125 0.297088623046875 0.38006591796875 -0.00646972656249998
0.261367797851562 0.229156494140625 0.40350341796875 0.04449462890625
0.33984375 0.072174072265625 0.28424072265625 -0.042083740234375
0.271026611328125 -0.162353515625 0.19134521484375 -0.106002807617188
0.081268310546875 -0.254196166992188 0.0954132080078125 -0.0837936401367188
-0.128631591796875 -0.24365234375 0.0517234802246094 -0.0485076904296875
-0.223831176757813 -0.136215209960937 0.0724029541015625 -0.019500732421875
-0.218307495117188 -0.110488891601562 0.119606018066406 0.000289916992187493
-0.2576904296875 -0.117584228515625 0.176956176757813 0.0250396728515625
-0.228302001953125 -0.175933837890625 0.161285400390625 0.0908355712890625
-0.098052978515625 -0.26763916015625 0.131942749023438 0.147796630859375
0.0577392578125 -0.275634765625 0.0287628173828125 0.149185180664062
0.2890625 -0.11651611328125 -0.0608673095703125 0.0932998657226562
0.3450927734375 0.07666015625 0.0452842712402344 -0.0164756774902344
0.251190185546875 0.225601196289063 0.23602294921875 0.138870239257813
-0.010345458984375 0.235702514648438 0.40789794921875 0.0767822265625
0.095855712890625 0.221435546875 0.415557861328125 0.08660888671875
0.196182250976562 0.123062133789062 0.265625 -0.0175933837890625
0.2041015625 -0.05621337890625 0.17889404296875 -0.0497589111328125
0.086883544921875 -0.15667724609375 0.111366271972656 -0.0242767333984375
-0.0694580078125 -0.18084716796875 0.112335205078125 -0.00164794921875001
-0.147262573242188 -0.112518310546875 0.154800415039062 0.00212097167968749
-0.150482177734375 -0.0917510986328125 0.198471069335938 0.00476074218749999
-0.184356689453125 -0.099212646484375 0.253585815429688 0.03643798828125
-0.165802001953125 -0.144699096679687 0.230010986328125 0.122802734375
-0.0612640380859375 -0.214553833007813 0.17071533203125 0.186874389648438
0.0675048828125 -0.211044311523438 0.0406341552734375 0.185104370117188
0.243789672851562 -0.052093505859375 -0.0534439086914062 0.107879638671875
0.24755859375 0.128646850585938 0.0910568237304688 0.01397705078125
0.116348266601563 0.234649658203125 0.2828369140625 0.22955322265625
0.052886962890625 -0.160903930664063 -0.298126220703125 -0.247283935546875
-0.118179321289062 -0.126060485839844 -0.0931243896484375 -0.0648117065429688
-0.145355224609375 0.022003173828125 0.0552978515625 -0.118118286132813
-0.0683135986328125 0.113273620605469 -0.025604248046875 -0.243057250976562
0.0246429443359375 0.11871337890625 -0.187408447265625 -0.222457885742188
0.0971603393554688 0.0794677734375 -0.30731201171875 -0.120697021484375
0.0828704833984375 0.0531539916992188 -0.317596435546875 -0.01885986328125
0.0595436096191406 0.0658912658691406 -0.253173828125 0.011260986328125
0.0580062866210938 0.0835189819335938 -0.201934814453125 0.00471496582031248
-0.0085601806640625 0.0979461669921875 -0.1578369140625 -0.00386047363281249
-0.0889434814453125 0.06134033203125 -0.12835693359375 0.0037384033203125
-0.112823486328125 -0.037689208984375 -0.164779663085938 0.0130462646484375
-0.041351318359375 -0.158538818359375 -0.27117919921875 -0.0104522705078125
0.0690155029296875 -0.189346313476563 -0.399200439453125 -0.068695068359375
0.153839111328125 -0.137969970703125 -0.38665771484375 -0.12054443359375
0.20989990234375 -0.086456298828125 -0.248870849609375 -0.30352783203125
0.03961181640625 -0.13812255859375 -0.0635986328125 -0.10272216796875
-0.0284957885742187 -0.0588111877441406 0.0772857666015625 -0.140853881835938
-0.0366058349609375 -0.00820541381835938 -0.0109710693359375 -0.27862548828125
-0.01409912109375 0.0146827697753906 -0.18157958984375 -0.256942749023438
0.00139045715332031 0.0130329132080078 -0.320281982421875 -0.147613525390625
-0.0290336608886719 0.0236434936523438 -0.33660888671875 -0.0296630859375
-0.0424041748046875 0.0279884338378906 -0.263381958007813 0.0108489990234375
-0.05328369140625 0.0335311889648438 -0.206527709960937 0.00074768066406253
-0.088104248046875 0.00782012939453126 -0.163726806640625 -0.0108184814453125
-0.0988235473632813 -0.0559463500976562 -0.113540649414063 0.00449371337890624
-0.0528640747070313 -0.138282775878906 -0.134628295898438 0.0186233520507812
0.0923309326171875 -0.18060302734375 -0.230850219726563 0.02117919921875
0.224533081054688 -0.151824951171875 -0.34454345703125 -0.042816162109375
0.29083251953125 -0.058013916015625 -0.317901611328125 -0.122161865234375
0.34149169921875 0.015380859375 -0.147796630859375 -0.326080322265625
0.209121704101563 -0.107635498046875 0.00676727294921877 -0.127716064453125
0.121871948242188 -0.124130249023437 0.120346069335938 -0.158523559570312
0.023651123046875 -0.138458251953125 0.025482177734375 -0.30267333984375
-0.0389175415039063 -0.106475830078125 -0.148208618164062 -0.27777099609375
-0.0922088623046875 -0.0674819946289063 -0.29351806640625 -0.1668701171875
-0.136932373046875 -0.0147933959960938 -0.31158447265625 -0.04217529296875
-0.139266967773437 -0.0120697021484375 -0.233505249023437 0.00907897949218748
-0.158828735351563 -0.013885498046875 -0.172073364257813 0.00218200683593752
-0.1641845703125 -0.067657470703125 -0.137458801269531 -0.00116729736328127
-0.118865966796875 -0.15576171875 -0.0804290771484375 0.0235214233398437
-0.0224761962890625 -0.22393798828125 -0.0988311767578125 0.0400390625
0.18658447265625 -0.210357666015625 -0.185592651367188 0.0558624267578125
0.336669921875 -0.132965087890625 -0.27056884765625 -0.01751708984375
0.386505126953125 0.00543212890625 -0.21783447265625 -0.097991943359375
0.416290283203125 0.131134033203125 -0.00643920898437497 -0.303436279296875
0.35296630859375 -0.03558349609375 0.11334228515625 -0.127540588378906
0.2781982421875 -0.1500244140625 0.177764892578125 -0.159423828125
0.1104736328125 -0.246856689453125 0.078369140625 -0.298126220703125
-0.03875732421875 -0.221710205078125 -0.08831787109375 -0.2711181640625
-0.165252685546875 -0.151779174804688 -0.22808837890625 -0.169281005859375
-0.222793579101563 -0.0567626953125 -0.24542236328125 -0.051055908203125
-0.215850830078125 -0.0499114990234375 -0.169296264648438 0.00506591796874996
-0.244369506835938 -0.0531158447265625 -0.10382080078125 0.00549316406249998
-0.228302001953125 -0.121337890625 -0.08160400390625 0.0171966552734375
-0.14105224609375 -0.227584838867187 -0.0317840576171875 0.0499000549316406
-0.010009765625 -0.286773681640625 -0.0590095520019531 0.06610107421875
0.24420166015625 -0.232711791992187 -0.14105224609375 0.079254150390625
0.40069580078125 -0.11370849609375 -0.186859130859375 -0.0121917724609375
0.42950439453125 0.060455322265625 -0.0954360961914063 -0.0614166259765625
0.413299560546875 0.2305908203125 0.148727416992188 -0.232940673828125
0.42303466796875 0.0650634765625 0.234512329101563 -0.095855712890625
0.392791748046875 -0.116851806640625 0.23553466796875 -0.134628295898438
0.201904296875 -0.296844482421875 0.134689331054688 -0.256729125976563
-0.01043701171875 -0.299072265625 -0.0150299072265625 -0.230361938476563
-0.198623657226563 -0.2210693359375 -0.134933471679688 -0.1475830078125
-0.270782470703125 -0.0949859619140626 -0.146209716796875 -0.05145263671875
-0.257247924804688 -0.078399658203125 -0.0791702270507813 9.15527343749822E-05
-0.29388427734375 -0.08160400390625 -0.0138702392578125 0.00849914550781249
-0.2662353515625 -0.153701782226563 -0.00402069091796877 0.0383644104003906
-0.1519775390625 -0.26971435546875 0.0262832641601562 0.07928466796875
0.00180053710937501 -0.316680908203125 -0.020599365234375 0.091217041015625
0.276596069335938 -0.22784423828125 -0.104209899902344 0.0875930786132813
0.42071533203125 -0.07635498046875 -0.103271484375 -0.020538330078125
0.42010498046875 0.115631103515625 0.0306529998779297 -0.0136051177978516
0.328826904296875 0.286834716796875 0.2879638671875 -0.13006591796875
0.393035888671875 0.161102294921875 0.33978271484375 -0.034637451171875
0.418731689453125 -0.035980224609375 0.274276733398438 -0.0917205810546875
0.260787963867188 -0.267684936523438 0.175979614257813 -0.186172485351563
0.031829833984375 -0.312042236328125 0.0505828857421875 -0.162765502929688
-0.188934326171875 -0.251373291015625 -0.035491943359375 -0.1043701171875
-0.273239135742188 -0.1182861328125 -0.0342140197753906 -0.0405540466308594
-0.259475708007813 -0.0939483642578126 0.0224132537841797 -0.00335311889648438
-0.30096435546875 -0.0960083007812499 0.0851287841796875 0.0126190185546875
-0.271347045898438 -0.165328979492187 0.0823211669921875 0.0608062744140625
-0.142974853515625 -0.280502319335938 0.0854873657226562 0.110504150390625
0.019134521484375 -0.314483642578125 0.0109176635742187 0.1185302734375
0.29144287109375 -0.19287109375 -0.07794189453125 0.0907974243164062
0.4029541015625 -0.0157470703125 -0.0270233154296875 -0.0290737152099609
0.361572265625 0.168060302734375 0.147293090820313 0.04766845703125
0.182708740234375 0.28631591796875 0.380462646484375 -0.022491455078125
0.274917602539063 0.213043212890625 0.40496826171875 0.028839111328125
0.345947265625 0.04833984375 0.2825927734375 -0.048248291015625
0.259048461914063 -0.180908203125 0.189529418945313 -0.1109619140625
0.064666748046875 -0.258575439453125 0.094207763671875 -0.08856201171875
-0.145492553710938 -0.234054565429687 0.0507583618164062 -0.0535774230957031
-0.230392456054688 -0.120635986328125 0.0715179443359375 -0.02239990234375
-0.223663330078125 -0.0954742431640625 0.118721008300781 -0.00476074218750001
-0.2647705078125 -0.098358154296875 0.177902221679687 0.0161895751953125
-0.23931884765625 -0.159271240234375 0.165298461914062 0.0857086181640625
-0.1163330078125 -0.259780883789062 0.13934326171875 0.14361572265625
0.0398406982421875 -0.279098510742188 0.034088134765625 0.149215698242187
0.28216552734375 -0.137481689453125 -0.0602645874023438 0.0961456298828125
0.34967041015625 0.051666259765625 0.0390701293945313 -0.0208740234375
0.262466430664063 0.210296630859375 0.238632202148438 0.125717163085938
0.00692749023437502 0.234909057617188 0.414764404296875 0.059814453125
0.111709594726563 0.2132568359375 0.41796875 0.071044921875
0.204498291015625 0.10906982421875 0.26654052734375 -0.02276611328125
0.198028564453125 -0.072601318359375 0.180862426757813 -0.0540924072265625
0.0757904052734375 -0.161361694335938 0.114120483398438 -0.0307693481445313
-0.0817413330078125 -0.173110961914063 0.113426208496094 -0.01104736328125
-0.154403686523438 -0.0998992919921875 0.153610229492188 -0.00709533691406251
-0.15521240234375 -0.079071044921875 0.196151733398438 -0.00605773925781251
-0.189788818359375 -0.084228515625 0.254928588867188 0.0224761962890625
-0.174362182617188 -0.131423950195313 0.236419677734375 0.11260986328125
-0.0765380859375 -0.20855712890625 0.181106567382813 0.179061889648438
0.0525665283203125 -0.214157104492188 0.0493927001953125 0.18377685546875
0.241378784179688 -0.0692291259765625 -0.0517501831054687 0.110542297363281
0.254608154296875 0.109832763671875 0.0852127075195313 0.00698852539062501
0.128158569335938 0.226272583007813 0.292205810546875 0.21337890625
0.0410919189453125 -0.166030883789063 -0.322509765625 -0.229217529296875
-0.129035949707031 -0.117607116699219 -0.0978851318359375 -0.0573501586914063
-0.142807006835937 0.0340576171875 0.0521621704101562 -0.123825073242188
-0.0584640502929687 0.119407653808594 -0.03961181640625 -0.247207641601563
0.0359039306640625 0.116249084472656 -0.203765869140625 -0.21368408203125
0.102729797363281 0.0701217651367188 -0.31817626953125 -0.101287841796875
0.0866317749023437 0.0440750122070313 -0.32208251953125 0.00363159179687506
0.066253662109375 0.0604972839355469 -0.254928588867188 0.0308685302734374
0.0657424926757813 0.077850341796875 -0.203338623046875 0.0223541259765625
0.0011749267578125 0.0968551635742188 -0.160629272460938 0.0104827880859375
-0.0816650390625 0.067718505859375 -0.135856628417969 0.0149154663085938
-0.115653991699219 -0.0292510986328125 -0.173370361328125 0.021728515625
-0.0546722412109375 -0.1544189453125 -0.2772216796875 0.000579833984374992
0.0540924072265625 -0.194168090820313 -0.4093017578125 -0.048095703125
0.14483642578125 -0.149154663085937 -0.40472412109375 -0.098785400390625
0.206756591796875 -0.101425170898438 -0.276031494140625 -0.290618896484375
0.0304107666015625 -0.141525268554688 -0.0708847045898438 -0.0968780517578125
-0.0303955078125 -0.0574569702148438 0.073211669921875 -0.147308349609375
-0.0355987548828125 -0.006500244140625 -0.0263671875 -0.28350830078125
-0.0116739273071289 0.0139007568359375 -0.1990966796875 -0.24884033203125
0.000234603881835937 0.00935840606689453 -0.333038330078125 -0.126922607421875
-0.0289859771728516 0.0233783721923828 -0.341094970703125 -0.00531005859375006
-0.0405921936035156 0.0302505493164063 -0.263870239257813 0.0321960449218749
-0.0521965026855469 0.0369873046875 -0.207916259765625 0.02008056640625
-0.0869827270507813 0.01287841796875 -0.167236328125 0.00624084472656249
-0.10113525390625 -0.0500946044921875 -0.120040893554688 0.0169601440429687
-0.062164306640625 -0.135345458984375 -0.14361572265625 0.026641845703125
0.0808258056640625 -0.188720703125 -0.235687255859375 0.030731201171875
0.215316772460937 -0.168899536132813 -0.3543701171875 -0.025238037109375
0.291168212890625 -0.077972412109375 -0.3365478515625 -0.105621337890625
0.347564697265625 -0.007293701171875 -0.174896240234375 -0.319976806640625
0.204071044921875 -0.123886108398437 -0.000961303710937496 -0.126602172851562
0.11639404296875 -0.136543273925781 0.116180419921875 -0.166580200195313
0.0157470703125 -0.143325805664063 0.00860595703124999 -0.307464599609375
-0.0468826293945313 -0.107353210449219 -0.165985107421875 -0.270843505859375
-0.101417541503906 -0.06500244140625 -0.307403564453125 -0.148529052734375
-0.140182495117188 -0.00702667236328125 -0.317352294921875 -0.0179443359375
-0.141860961914063 -0.00239562988281248 -0.23382568359375 0.028656005859375
-0.163421630859375 -0.00213623046875002 -0.172348022460937 0.0196990966796875
-0.172164916992188 -0.05633544921875 -0.139350891113281 0.01568603515625
-0.131622314453125 -0.149887084960938 -0.0852127075195313 0.0350875854492187
-0.03814697265625 -0.227325439453125 -0.105110168457031 0.0471649169921875
0.174758911132813 -0.228195190429688 -0.188613891601563 0.06463623046875
0.33123779296875 -0.15985107421875 -0.278793334960938 -0.00355529785156256
0.393096923828125 -0.019775390625 -0.233612060546875 -0.0855865478515625
0.43316650390625 0.102874755859375 -0.0292053222656249 -0.3056640625
0.355194091796875 -0.0609130859375 0.106986999511719 -0.1326904296875
0.273330688476563 -0.175033569335938 0.174514770507813 -0.168731689453125
0.09503173828125 -0.26171875 0.0631103515625 -0.305389404296875
-0.055389404296875 -0.223892211914063 -0.104019165039063 -0.268753051757813
-0.180679321289063 -0.144760131835938 -0.241531372070313 -0.155838012695312
-0.230606079101563 -0.0410308837890625 -0.250503540039063 -0.0316314697265625
-0.221527099609375 -0.0338897705078125 -0.168701171875 0.0206298828125
-0.2525634765625 -0.034271240234375 -0.103164672851563 0.0174179077148437
-0.243011474609375 -0.104324340820313 -0.0808563232421875 0.0313034057617187
-0.16168212890625 -0.220901489257813 -0.0326004028320312 0.0593795776367187
-0.03125 -0.291839599609375 -0.0621566772460937 0.0713653564453125
0.2322998046875 -0.2568359375 -0.142822265625 0.0863037109375
0.39837646484375 -0.147430419921875 -0.1947021484375 -0.00195312500000005
0.4405517578125 0.033233642578125 -0.108306884765625 -0.0561981201171875
0.438720703125 0.203643798828125 0.135116577148438 -0.245468139648438
0.434234619140625 0.034820556640625 0.2314453125 -0.10784912109375
0.39068603515625 -0.15045166015625 0.2337646484375 -0.146469116210938
0.183013916015625 -0.31915283203125 0.123916625976563 -0.2669677734375
-0.03192138671875 -0.30377197265625 -0.02685546875 -0.232818603515625
-0.220077514648437 -0.210540771484375 -0.145523071289063 -0.140396118164063
-0.281585693359375 -0.0755615234375 -0.15106201171875 -0.0397491455078125
-0.266998291015625 -0.0595245361328125 -0.0782546997070313 0.00900268554687498
-0.305572509765625 -0.057708740234375 -0.011373519897461 0.0131282806396484
-0.283447265625 -0.132781982421875 -0.000682830810546891 0.0461463928222656
-0.176498413085938 -0.2618408203125 0.03009033203125 0.0840301513671875
-0.023895263671875 -0.323394775390625 -0.0205078125 0.0955963134765625
0.265945434570313 -0.255874633789063 -0.104911804199219 0.0939788818359375
0.4232177734375 -0.113128662109375 -0.111991882324219 -0.0154037475585938
0.436767578125 0.08892822265625 0.0236396789550782 -0.0159702301025391
0.357269287109375 0.2664794921875 0.283416748046875 -0.14892578125
0.41143798828125 0.133392333984375 0.342620849609375 -0.05291748046875
0.42364501953125 -0.071533203125 0.275100708007813 -0.105148315429687
0.244171142578125 -0.294281005859375 0.170578002929688 -0.1978759765625
0.00854492187499998 -0.319610595703125 0.044769287109375 -0.168441772460938
-0.212860107421875 -0.240188598632813 -0.0408172607421875 -0.104934692382813
-0.2864990234375 -0.0973815917968749 -0.0366897583007813 -0.0375022888183594
-0.270416259765625 -0.0747985839843749 0.0228748321533203 -0.00241851806640625
-0.31268310546875 -0.0723571777343751 0.0874710083007812 0.00831604003906249
-0.28857421875 -0.144317626953125 0.0891342163085937 0.061981201171875
-0.170913696289063 -0.273162841796875 0.0945663452148437 0.109931945800781
-0.00628662109374997 -0.3221435546875 0.0156326293945313 0.121223449707031
0.282867431640625 -0.2225341796875 -0.0771255493164062 0.0961685180664063
0.4088134765625 -0.05023193359375 -0.0351066589355468 -0.0281887054443359
0.381317138671875 0.146026611328125 0.14678955078125 0.0385589599609375
0.209732055664063 0.275726318359375 0.386962890625 -0.046600341796875
0.29620361328125 0.1943359375 0.411590576171875 0.00860595703125001
0.35540771484375 0.0205078125 0.2867431640625 -0.06060791015625
0.2471923828125 -0.207305908203125 0.189193725585938 -0.121826171875
0.044921875 -0.26812744140625 0.09332275390625 -0.0960617065429688
-0.167068481445313 -0.22515869140625 0.0494880676269531 -0.0595550537109375
-0.242095947265625 -0.102615356445313 0.0715713500976562 -0.0283660888671875
-0.2333984375 -0.076995849609375 0.119865417480469 -0.0119781494140625
-0.27618408203125 -0.0766906738281251 0.182052612304688 0.005218505859375
-0.25616455078125 -0.138504028320312 0.175506591796875 0.0794525146484375
-0.141143798828125 -0.253677368164063 0.151611328125 0.139404296875
0.01715087890625 -0.28656005859375 0.0439453125 0.151214599609375
0.27679443359375 -0.1639404296875 -0.0595703125 0.101959228515625
0.358489990234375 0.021087646484375 0.0327720642089844 -0.0253639221191406
0.28271484375 0.193389892578125 0.247909545898438 0.110931396484375
0.0297393798828125 0.236251831054687 0.429473876953125 0.035430908203125
0.130050659179688 0.206497192382813 0.428558349609375 0.051025390625
0.216598510742188 0.0911102294921875 0.271347045898437 -0.0338897705078125
0.193084716796875 -0.0926971435546875 0.184539794921875 -0.06365966796875
0.0621490478515625 -0.16900634765625 0.117561340332031 -0.039794921875
-0.098388671875 -0.167587280273438 0.116355895996094 -0.022491455078125
-0.1636962890625 -0.0872344970703125 0.154434204101563 -0.0188140869140625
-0.162384033203125 -0.0662841796875 0.19744873046875 -0.019195556640625
-0.1993408203125 -0.068115234375 0.25872802734375 0.00457763671875
-0.186965942382813 -0.115554809570312 0.247848510742188 0.0989990234375
-0.09527587890625 -0.204635620117188 0.195816040039063 0.170867919921875
0.036224365234375 -0.221054077148437 0.061279296875 0.184814453125
0.2386474609375 -0.0907135009765625 -0.048980712890625 0.1162109375
0.265655517578125 0.08758544921875 0.08172607421875 -0.000923156738281245
0.14599609375 0.217666625976563 0.31024169921875 0.194793701171875
0.02410888671875 -0.1693115234375 -0.350341796875 -0.199310302734375
-0.141128540039062 -0.103347778320313 -0.103530883789063 -0.0463409423828125
-0.137619018554688 0.04937744140625 0.0446548461914062 -0.129974365234375
-0.043792724609375 0.125518798828125 -0.0613861083984375 -0.248016357421875
0.0491714477539063 0.111038208007813 -0.223358154296875 -0.199386596679687
0.1080322265625 0.0568695068359375 -0.330078125 -0.07275390625
0.0892105102539063 0.0330581665039063 -0.323974609375 0.0357666015625
0.0731201171875 0.052337646484375 -0.252761840820313 0.056640625
0.0733108520507813 0.0697250366210938 -0.202133178710938 0.0442352294921875
0.011932373046875 0.094024658203125 -0.16094970703125 0.0281982421875
-0.0714797973632812 0.075469970703125 -0.140327453613281 0.030792236328125
-0.116973876953125 -0.0159988403320312 -0.180740356445312 0.0370635986328125
-0.070068359375 -0.146942138671875 -0.282623291015625 0.0206909179687499
0.0338134765625 -0.197463989257813 -0.4190673828125 -0.01513671875
0.13104248046875 -0.16400146484375 -0.42230224609375 -0.0652160644531249
0.198348999023438 -0.120849609375 -0.31036376953125 -0.266021728515625
0.015472412109375 -0.143798828125 -0.0799484252929688 -0.088714599609375
-0.033538818359375 -0.055389404296875 0.0650482177734375 -0.154815673828125
-0.0342788696289062 -0.0045013427734375 -0.050628662109375 -0.285400390625
-0.00906562805175781 0.0113887786865234 -0.221923828125 -0.234542846679688
-0.0014190673828125 0.00662994384765625 -0.3468017578125 -0.09619140625
-0.02911376953125 0.0237808227539063 -0.34326171875 0.029571533203125
-0.0377006530761719 0.0327682495117188 -0.259918212890625 0.0599365234375
-0.0494422912597656 0.0411300659179688 -0.206146240234375 0.0435943603515625
-0.0864486694335938 0.0199508666992188 -0.167434692382813 0.027587890625
-0.104911804199219 -0.0418014526367187 -0.124435424804687 0.0327301025390625
-0.074554443359375 -0.130592346191406 -0.150283813476563 0.039398193359375
0.06341552734375 -0.196044921875 -0.2391357421875 0.0465087890625
0.199630737304688 -0.18951416015625 -0.361968994140625 0.00271606445312501
0.286529541015625 -0.10601806640625 -0.35552978515625 -0.0773010253906251
0.351531982421875 -0.039825439453125 -0.209747314453125 -0.306304931640625
0.193939208984375 -0.143814086914063 -0.0118026733398437 -0.124526977539063
0.106658935546875 -0.149612426757813 0.10693359375 -0.17645263671875
0.0031280517578125 -0.14898681640625 -0.016448974609375 -0.31207275390625
-0.05670166015625 -0.106285095214844 -0.18963623046875 -0.259033203125
-0.111068725585938 -0.0581588745117187 -0.322723388671875 -0.12042236328125
-0.14385986328125 0.00518798828124999 -0.32000732421875 0.0144958496093751
-0.1429443359375 0.01116943359375 -0.23046875 0.0537261962890625
-0.1658935546875 0.01409912109375 -0.169403076171875 0.039794921875
-0.179367065429688 -0.0399322509765625 -0.138381958007813 0.036651611328125
-0.146453857421875 -0.138748168945313 -0.0867767333984375 0.048980712890625
-0.06005859375 -0.226058959960938 -0.109855651855469 0.0580596923828125
0.154998779296875 -0.248367309570313 -0.189926147460937 0.0777435302734375
0.318939208984375 -0.193817138671875 -0.28558349609375 0.0180969238281249
0.397308349609375 -0.056884765625 -0.251388549804687 -0.0661773681640625
0.449981689453125 0.06243896484375 -0.06048583984375 -0.305328369140625
0.3521728515625 -0.096588134765625 0.0957260131835938 -0.139564514160156
0.260345458984375 -0.205352783203125 0.164962768554688 -0.18280029296875
0.07061767578125 -0.275466918945313 0.039215087890625 -0.31292724609375
-0.0774993896484375 -0.22332763671875 -0.126510620117187 -0.262039184570313
-0.199356079101563 -0.129226684570313 -0.255783081054688 -0.135162353515625
-0.237350463867188 -0.0204010009765625 -0.253616333007813 -0.00628662109375005
-0.226821899414062 -0.0120849609375 -0.166290283203125 0.0397186279296875
-0.259567260742188 -0.00729370117187494 -0.100944519042969 0.0308456420898438
-0.256454467773438 -0.0794677734375 -0.0772247314453125 0.045989990234375
-0.186874389648438 -0.207839965820312 -0.0289192199707031 0.0690345764160156
-0.0614013671875 -0.293182373046875 -0.0626373291015625 0.0794448852539062
0.209503173828125 -0.285308837890625 -0.142562866210937 0.0964202880859375
0.388458251953125 -0.19000244140625 -0.201705932617187 0.013397216796875
0.452056884765625 -0.007843017578125 -0.121696472167969 -0.0465621948242188
0.465240478515625 0.163604736328125 0.111953735351563 -0.259765625
0.44158935546875 -0.00726318359375 0.223907470703125 -0.125656127929688
0.381134033203125 -0.1927490234375 0.227493286132813 -0.165023803710938
0.1524658203125 -0.342254638671875 0.103790283203125 -0.27886962890625
-0.063262939453125 -0.306182861328125 -0.0458221435546875 -0.232986450195313
-0.246109008789062 -0.190567016601563 -0.157928466796875 -0.1300048828125
-0.29193115234375 -0.047454833984375 -0.154586791992188 -0.0240631103515625
-0.274917602539062 -0.032470703125 -0.0768356323242188 0.0190505981445313
-0.314605712890625 -0.025177001953125 -0.00957775115966799 0.0175466537475586
-0.301177978515625 -0.1025390625 0.00532913208007811 0.0537071228027344
-0.206924438476563 -0.246231079101562 0.038116455078125 0.087432861328125
-0.058349609375 -0.327911376953125 -0.0159530639648438 0.10015869140625
0.24298095703125 -0.2890625 -0.103065490722656 0.103546142578125
0.41534423828125 -0.159423828125 -0.120338439941406 -0.00627899169921874
0.452911376953125 0.04730224609375 0.0169334411621094 -0.01806640625
0.39068603515625 0.233184814453125 0.273345947265625 -0.176467895507812
0.429534912109375 0.092681884765625 0.340576171875 -0.08038330078125
0.421905517578125 -0.117279052734375 0.272628784179688 -0.12408447265625
0.21575927734375 -0.324462890625 0.15789794921875 -0.212753295898438
-0.024871826171875 -0.324798583984375 0.032135009765625 -0.175048828125
-0.241989135742187 -0.221527099609375 -0.0503082275390625 -0.104286193847656
-0.298065185546875 -0.0688476562499999 -0.0394935607910156 -0.0332145690917969
-0.280380249023438 -0.0469970703124999 0.0237045288085937 -0.00246810913085938
-0.32415771484375 -0.038787841796875 0.0900421142578125 0.0020751953125
-0.307830810546875 -0.1124267578125 0.0972366333007813 0.0588302612304687
-0.202377319335937 -0.258148193359375 0.106620788574219 0.106155395507812
-0.040313720703125 -0.326568603515625 0.0244064331054688 0.122673034667969
0.26263427734375 -0.257537841796875 -0.0743942260742187 0.104438781738281
0.4078369140625 -0.095550537109375 -0.0435638427734375 -0.0263710021972656
0.40118408203125 0.11077880859375 0.148147583007813 0.025177001953125
0.242843627929688 0.256744384765625 0.388763427734375 -0.081207275390625
0.31976318359375 0.16546630859375 0.41790771484375 -0.024688720703125
0.3621826171875 -0.018585205078125 0.288604736328125 -0.0814208984375
0.2274169921875 -0.236663818359375 0.184280395507813 -0.137847900390625
0.0169677734375 -0.275634765625 0.0887908935546875 -0.106666564941406
-0.19378662109375 -0.208450317382812 0.0462265014648437 -0.0676803588867188
-0.255203247070313 -0.076690673828125 0.0697860717773437 -0.035003662109375
-0.24334716796875 -0.052764892578125 0.120201110839844 -0.0217666625976563
-0.28631591796875 -0.0465087890625 0.184112548828125 -0.011688232421875
-0.272598266601563 -0.11004638671875 0.185333251953125 0.0667572021484375
-0.170074462890625 -0.2413330078125 0.166915893554688 0.128799438476562
-0.013336181640625 -0.292236328125 0.0563201904296875 0.14923095703125
0.26300048828125 -0.196853637695313 -0.054901123046875 0.109153747558594
0.363189697265625 -0.018218994140625 0.0250301361083985 -0.0292949676513672
0.3052978515625 0.168792724609375 0.258468627929688 0.087677001953125
0.0577850341796875 0.233047485351562 0.4404296875 -0.00231933593749999
0.154281616210938 0.193115234375 0.44146728515625 0.01666259765625
0.228317260742188 0.0665435791015625 0.274978637695312 -0.0529327392578125
0.182876586914062 -0.11572265625 0.186187744140625 -0.0786895751953125
0.043304443359375 -0.17828369140625 0.118736267089844 -0.05316162109375
-0.117843627929688 -0.1571044921875 0.115386962890625 -0.037139892578125
-0.17333984375 -0.06903076171875 0.154296875 -0.0347900390625
-0.17010498046875 -0.04852294921875 0.196670532226563 -0.0371551513671875
-0.207809448242188 -0.0470733642578125 0.260650634765625 -0.019287109375
-0.20068359375 -0.094573974609375 0.2598876953125 0.079071044921875
-0.118331909179688 -0.194671630859375 0.21466064453125 0.1553955078125
0.01226806640625 -0.225662231445313 0.0780487060546875 0.18218994140625
0.231658935546875 -0.11798095703125 -0.0425643920898437 0.122955322265625
0.2752685546875 0.0589599609375 0.0773773193359375 -0.00899505615234374
0.168350219726563 0.2049560546875 0.3302001953125 0.16650390625
0.00437927246093749 -0.167877197265625 -0.368743896484375 -0.156219482421875
-0.150070190429688 -0.0856170654296875 -0.106925964355469 -0.0306930541992187
-0.127311706542969 0.0637969970703125 0.034576416015625 -0.132728576660156
-0.0264053344726563 0.127273559570313 -0.0845947265625 -0.241195678710937
0.0627593994140625 0.10125732421875 -0.240249633789063 -0.174072265625
0.110977172851563 0.0428848266601563 -0.33160400390625 -0.03607177734375
0.0903472900390625 0.0205230712890625 -0.31451416015625 0.0704345703125
0.0786514282226563 0.0414886474609375 -0.241897583007812 0.0842895507812499
0.079681396484375 0.0580368041992188 -0.192962646484375 0.0675201416015625
0.0237274169921875 0.0891342163085938 -0.155120849609375 0.0476837158203125
-0.0583038330078125 0.08062744140625 -0.139190673828125 0.04827880859375
-0.115592956542969 -0.00171661376953123 -0.180801391601563 0.05609130859375
-0.084930419921875 -0.134170532226562 -0.279220581054688 0.0442199707031249
0.0107421875 -0.195693969726563 -0.416259765625 0.024261474609375
0.110687255859375 -0.175125122070313 -0.427886962890625 -0.0220947265625001
0.181793212890625 -0.139053344726563 -0.33746337890625 -0.22698974609375
0.0013427734375 -0.14129638671875 -0.0883407592773438 -0.075347900390625
-0.0366783142089844 -0.0514755249023437 0.0531768798828125 -0.158599853515625
-0.0322895050048828 -0.00321769714355469 -0.077484130859375 -0.2779541015625
-0.0074920654296875 0.00913619995117188 -0.241867065429688 -0.207931518554687
-0.00366067886352539 0.00449180603027344 -0.3507080078125 -0.057769775390625
-0.0292835235595703 0.0248737335205078 -0.332763671875 0.066650390625
-0.0329151153564453 0.0351390838623047 -0.247177124023438 0.0887451171875
-0.0453224182128906 0.0443191528320313 -0.196136474609375 0.06756591796875
-0.082244873046875 0.0281143188476562 -0.161422729492188 0.04974365234375
-0.105354309082031 -0.03094482421875 -0.12261962890625 0.0508499145507813
-0.0866928100585938 -0.120712280273437 -0.151519775390625 0.0556488037109375
0.04168701171875 -0.197845458984375 -0.234527587890625 0.0655822753906249
0.175277709960938 -0.206817626953125 -0.359283447265625 0.0358276367187499
0.271331787109375 -0.134979248046875 -0.36431884765625 -0.0401306152343751
0.341339111328125 -0.07598876953125 -0.243148803710938 -0.276412963867188
0.174545288085938 -0.161392211914063 -0.0241622924804687 -0.117958068847656
0.0895538330078125 -0.160369873046875 0.092010498046875 -0.183395385742187
-0.0118865966796875 -0.149566650390625 -0.045867919921875 -0.306182861328125
-0.06683349609375 -0.101509094238281 -0.21234130859375 -0.236679077148438
-0.118736267089844 -0.04620361328125 -0.329010009765625 -0.0834045410156251
-0.143341064453125 0.01959228515625 -0.31158447265625 0.0501708984375
-0.139572143554688 0.0260696411132812 -0.218826293945313 0.07977294921875
-0.162689208984375 0.0326690673828125 -0.1605224609375 0.06060791015625
-0.181427001953125 -0.0188446044921875 -0.130638122558594 0.0566787719726562
-0.1595458984375 -0.121749877929688 -0.08245849609375 0.0626449584960938
-0.084136962890625 -0.217437744140625 -0.10943603515625 0.07073974609375
0.125579833984375 -0.259719848632812 -0.184249877929687 0.09295654296875
0.29229736328125 -0.226409912109375 -0.283538818359375 0.04437255859375
0.385986328125 -0.09747314453125 -0.260467529296875 -0.038238525390625
0.45159912109375 0.01373291015625 -0.09588623046875 -0.29345703125
0.334228515625 -0.132720947265625 0.07952880859375 -0.144393920898438
0.234573364257813 -0.232192993164063 0.148727416992188 -0.193984985351563
0.0390167236328125 -0.280654907226563 0.00970458984375003 -0.312896728515625
-0.101898193359375 -0.214019775390625 -0.150115966796875 -0.246002197265625
-0.21282958984375 -0.105377197265625 -0.264663696289063 -0.106704711914062
-0.236190795898438 0.00611877441406255 -0.248153686523438 0.023040771484375
-0.224227905273438 0.0130157470703125 -0.1558837890625 0.0587158203125
-0.256988525390625 0.0240020751953125 -0.0938949584960938 0.0458297729492187
-0.261627197265625 -0.0471954345703126 -0.0688934326171875 0.0595932006835938
-0.207962036132813 -0.183639526367187 -0.0223236083984375 0.075775146484375
-0.0947265625 -0.283721923828125 -0.060028076171875 0.087432861328125
0.174713134765625 -0.305816650390625 -0.135795593261719 0.108451843261719
0.36126708984375 -0.232666015625 -0.202789306640625 0.03216552734375
0.44683837890625 -0.0562744140625 -0.131484985351562 -0.03155517578125
0.478546142578125 0.10968017578125 0.0804901123046875 -0.266311645507813
0.433929443359375 -0.056060791015625 0.207962036132813 -0.143600463867188
0.354156494140625 -0.23443603515625 0.211166381835938 -0.182525634765625
0.1112060546875 -0.35687255859375 0.07720947265625 -0.285888671875
-0.0958251953125 -0.295318603515625 -0.0667266845703125 -0.224212646484375
-0.265960693359375 -0.159759521484375 -0.168991088867188 -0.113311767578125
-0.29345703125 -0.01416015625 -0.152862548828125 -0.00567626953125002
-0.274185180664063 -0.000381469726562524 -0.0711669921875 0.029296875
-0.313690185546875 0.0135498046875 -0.00512504577636721 0.0215530395507812
-0.30908203125 -0.06634521484375 0.0137557983398437 0.0564918518066406
-0.234512329101562 -0.220809936523438 0.0476531982421875 0.08575439453125
-0.09710693359375 -0.31719970703125 -0.010772705078125 0.103034973144531
0.206573486328125 -0.3160400390625 -0.0973358154296875 0.1114501953125
0.38916015625 -0.20556640625 -0.124725341796875 0.00579071044921874
0.45391845703125 -0.001251220703125 0.00835037231445315 -0.0180168151855469
0.41363525390625 0.1859130859375 0.250869750976563 -0.203201293945313
0.432952880859375 0.043243408203125 0.32818603515625 -0.111663818359375
0.403289794921875 -0.162933349609375 0.259613037109375 -0.14813232421875
0.1739501953125 -0.34710693359375 0.1358642578125 -0.223709106445313
-0.060791015625 -0.31884765625 0.0165863037109375 -0.177169799804688
-0.265274047851563 -0.188079833984375 -0.0596160888671875 -0.0992889404296875
-0.30206298828125 -0.0342712402343751 -0.041046142578125 -0.0278739929199219
-0.279556274414063 -0.0134124755859375 0.0253200531005859 -0.0021820068359375
-0.323150634765625 0.00125122070312499 0.0894775390625 -0.00592803955078125
-0.315521240234375 -0.073883056640625 0.103736877441406 0.0525970458984375
-0.231201171875 -0.231796264648437 0.118064880371094 0.0956954956054688
-0.07818603515625 -0.31854248046875 0.0340118408203125 0.120277404785156
0.22802734375 -0.285858154296875 -0.069183349609375 0.11029052734375
0.389312744140625 -0.142669677734375 -0.0518455505371093 -0.0211181640625
0.40948486328125 0.066680908203125 0.144668579101563 0.00990295410156251
0.271072387695313 0.224456787109375 0.37640380859375 -0.1202392578125
0.334136962890625 0.12493896484375 0.4107666015625 -0.0653076171875
0.354736328125 -0.060302734375 0.27923583984375 -0.106399536132813
0.193435668945312 -0.259902954101563 0.172042846679688 -0.153411865234375
-0.0170440673828125 -0.274261474609375 0.0782012939453125 -0.115455627441406
-0.215530395507812 -0.181381225585938 0.0380935668945312 -0.0749893188476563
-0.259384155273438 -0.0457000732421875 0.0654525756835937 -0.0415573120117188
-0.245162963867188 -0.02288818359375 0.115493774414062 -0.0324325561523438
-0.28741455078125 -0.010589599609375 0.180908203125 -0.0305633544921875
-0.2821044921875 -0.0740966796875 0.191146850585937 0.0491180419921875
-0.19818115234375 -0.217025756835938 0.179367065429688 0.111526489257812
-0.047607421875 -0.285614013671875 0.0693359375 0.142654418945313
0.236419677734375 -0.2264404296875 -0.046905517578125 0.114601135253906
0.354156494140625 -0.060394287109375 0.015289306640625 -0.0306167602539062
0.32049560546875 0.13250732421875 0.261383056640625 0.0597991943359375
0.0861358642578125 0.2203369140625 0.43780517578125 -0.046844482421875
0.172775268554687 0.169631958007813 0.4398193359375 -0.026824951171875
0.232696533203125 0.0378265380859375 0.269561767578125 -0.0753326416015625
0.164215087890625 -0.136978149414063 0.17987060546875 -0.095123291015625
0.01995849609375 -0.179946899414063 0.114524841308594 -0.0657577514648438
-0.135597229003906 -0.138496398925781 0.109626770019531 -0.0520095825195313
-0.177749633789062 -0.0449371337890625 0.14776611328125 -0.051605224609375
-0.17144775390625 -0.027313232421875 0.188674926757812 -0.057037353515625
-0.208831787109375 -0.0205230712890625 0.254150390625 -0.0464935302734375
-0.206802368164063 -0.06732177734375 0.265090942382813 0.0501251220703125
-0.14044189453125 -0.17803955078125 0.2301025390625 0.130569458007813
-0.014068603515625 -0.224472045898438 0.0941009521484375 0.172454833984375
0.213363647460938 -0.144668579101563 -0.0339813232421875 0.126594543457031
0.275604248046875 0.0250091552734375 0.0695571899414063 -0.0172004699707031
0.18963623046875 0.183380126953125 0.341644287109375 0.127593994140625
-0.0126190185546875 -0.157394409179688 -0.3704833984375 -0.111053466796875
-0.150070190429688 -0.0647125244140625 -0.102333068847656 -0.0141448974609375
-0.112014770507813 0.0733718872070312 0.0250091552734375 -0.131622314453125
-0.0095367431640625 0.123916625976562 -0.10296630859375 -0.226242065429688
0.0698013305664062 0.087493896484375 -0.246047973632812 -0.146957397460937
0.109161376953125 0.0263824462890625 -0.32049560546875 -0.00369262695312501
0.0865478515625 0.0087890625 -0.293060302734375 0.098663330078125
0.08013916015625 0.0309295654296875 -0.221023559570313 0.104888916015625
0.081787109375 0.0468215942382813 -0.176483154296875 0.084747314453125
0.0314254760742188 0.0791168212890625 -0.14544677734375 0.0610809326171875
-0.0448837280273437 0.082733154296875 -0.132789611816406 0.064483642578125
-0.107795715332031 0.01068115234375 -0.174697875976563 0.0724029541015625
-0.0911483764648437 -0.117919921875 -0.265487670898438 0.063934326171875
-0.00747680664062499 -0.184280395507813 -0.398834228515625 0.0596618652343749
0.0885772705078125 -0.1776123046875 -0.416015625 0.017822265625
0.161483764648438 -0.149078369140625 -0.347900390625 -0.181884765625
-0.0162811279296875 -0.133697509765625 -0.0899734497070313 -0.0600204467773437
-0.0379219055175781 -0.0460891723632813 0.03961181640625 -0.157196044921875
-0.0286674499511719 -0.00140762329101563 -0.0979766845703125 -0.26019287109375
-0.00638151168823242 0.00792598724365235 -0.250701904296875 -0.178268432617188
-0.00688266754150391 0.00315475463867188 -0.340423583984375 -0.021697998046875
-0.0275363922119141 0.0248928070068359 -0.309539794921875 0.09796142578125
-0.0283107757568359 0.0347385406494141 -0.226394653320313 0.1107177734375
-0.0409164428710938 0.04541015625 -0.1776123046875 0.08709716796875
-0.0746231079101563 0.0326156616210938 -0.149154663085938 0.067352294921875
-0.102622985839844 -0.0192718505859375 -0.115425109863281 0.0652084350585937
-0.0949859619140625 -0.107559204101562 -0.14776611328125 0.0699462890625
0.0217437744140625 -0.19281005859375 -0.22332763671875 0.0806884765625
0.147857666015625 -0.212478637695313 -0.345306396484375 0.0652770996093749
0.250595092773437 -0.155670166015625 -0.356964111328125 -0.004852294921875
0.320281982421875 -0.10601806640625 -0.261444091796875 -0.239837646484375
0.148345947265625 -0.169540405273437 -0.0347442626953125 -0.108016967773438
0.073486328125 -0.164581298828125 0.074493408203125 -0.184768676757813
-0.0265960693359375 -0.143402099609375 -0.070281982421875 -0.289520263671875
-0.0761566162109375 -0.0932235717773438 -0.222869873046875 -0.207611083984375
-0.121864318847656 -0.0331039428710938 -0.321746826171875 -0.0507507324218749
-0.137596130371094 0.032501220703125 -0.291839599609375 0.080047607421875
-0.130142211914062 0.0383529663085938 -0.199356079101563 0.0987548828125
-0.152008056640625 0.04638671875 -0.1455078125 0.0789031982421875
-0.17620849609375 0.000350952148437535 -0.119102478027344 0.0718231201171875
-0.164840698242188 -0.100921630859375 -0.0737075805664063 0.074737548828125
-0.103042602539063 -0.199264526367187 -0.105033874511719 0.0811843872070313
0.095611572265625 -0.261703491210938 -0.173553466796875 0.102951049804687
0.256057739257813 -0.244247436523438 -0.2725830078125 0.0648345947265625
0.362213134765625 -0.130218505859375 -0.260223388671875 -0.013427734375
0.43280029296875 -0.031341552734375 -0.123138427734375 -0.268112182617187
0.30694580078125 -0.159271240234375 0.0628814697265625 -0.14471435546875
0.203140258789063 -0.244674682617188 0.128753662109375 -0.199478149414063
0.00897216796875003 -0.275924682617188 -0.0189208984375 -0.302215576171875
-0.118743896484375 -0.195419311523438 -0.165481567382813 -0.22247314453125
-0.21685791015625 -0.0787811279296875 -0.260955810546875 -0.0766448974609375
-0.2293701171875 0.0282745361328125 -0.235214233398438 0.048370361328125
-0.212158203125 0.034210205078125 -0.141357421875 0.0753326416015625
-0.2431640625 0.049407958984375 -0.0833816528320313 0.0555191040039063
-0.255096435546875 -0.01800537109375 -0.0588226318359375 0.0685043334960938
-0.219039916992187 -0.1558837890625 -0.0130844116210938 0.07904052734375
-0.12139892578125 -0.263320922851563 -0.0556869506835938 0.0943222045898437
0.13763427734375 -0.312896728515625 -0.127586364746094 0.11676025390625
0.323577880859375 -0.25714111328125 -0.193862915039062 0.04925537109375
0.42498779296875 -0.096160888671875 -0.135841369628906 -0.0174789428710938
0.46929931640625 0.057861328125 0.048919677734375 -0.26220703125
0.40667724609375 -0.09686279296875 0.1864013671875 -0.151962280273437
0.3175048828125 -0.26324462890625 0.190872192382813 -0.192596435546875
0.0687255859375 -0.35455322265625 0.050811767578125 -0.281494140625
-0.122512817382813 -0.275802612304688 -0.084014892578125 -0.211410522460938
-0.274703979492187 -0.1251220703125 -0.173477172851563 -0.0932464599609375
-0.279830932617188 0.0166015625 -0.144744873046875 0.0121612548828125
-0.262344360351563 0.0258636474609375 -0.0627479553222656 0.0368194580078125
-0.2987060546875 0.045745849609375 -0.00145912170410158 0.0232048034667969
-0.30340576171875 -0.0262451171875 0.0228195190429687 0.0589065551757813
-0.251678466796875 -0.18621826171875 0.0571975708007812 0.0807647705078125
-0.127166748046875 -0.2965087890625 -0.00305175781250001 0.104866027832031
0.16668701171875 -0.325469970703125 -0.0866012573242187 0.118309020996094
0.350738525390625 -0.2379150390625 -0.125625610351562 0.0179519653320312
0.43804931640625 -0.046051025390625 0.00160598754882815 -0.0192604064941406
0.418548583984375 0.134033203125 0.21710205078125 -0.21630859375
0.4178466796875 -0.004119873046875 0.303375244140625 -0.13360595703125
0.372894287109375 -0.198211669921875 0.238418579101563 -0.160308837890625
0.131866455078125 -0.352874755859375 0.11724853515625 -0.22857666015625
-0.09222412109375 -0.300811767578125 0.00132751464843748 -0.170425415039063
-0.276535034179688 -0.153610229492188 -0.068634033203125 -0.0917739868164063
-0.29498291015625 0.000183105468750014 -0.0411338806152344 -0.0229949951171875
-0.271514892578125 0.0164794921875 0.0210895538330078 -0.00164413452148437
-0.310455322265625 0.03515625 0.0892562866210937 -0.0105514526367187
-0.311065673828125 -0.0362548828125 0.106246948242187 0.0437164306640625
-0.248016357421875 -0.199234008789062 0.122856140136719 0.0865249633789062
-0.109222412109375 -0.29693603515625 0.040985107421875 0.1153564453125
0.189422607421875 -0.300262451171875 -0.057220458984375 0.117752075195312
0.359405517578125 -0.180084228515625 -0.0569648742675781 -0.015106201171875
0.40093994140625 0.020843505859375 0.134391784667969 -0.0027008056640625
0.285491943359375 0.183990478515625 0.347900390625 -0.151123046875
0.333404541015625 0.0830078125 0.387786865234375 -0.097442626953125
0.3343505859375 -0.095947265625 0.263107299804688 -0.122879028320313
0.15740966796875 -0.270965576171875 0.15411376953125 -0.161346435546875
-0.0486907958984375 -0.2587890625 0.0665054321289063 -0.119606018066406
-0.227828979492188 -0.14935302734375 0.0290069580078125 -0.0747833251953125
-0.253616333007813 -0.0156707763671876 0.0587348937988281 -0.0471115112304688
-0.237442016601563 0.00321960449218747 0.109855651855469 -0.0399169921875
-0.276565551757813 0.02313232421875 0.169876098632812 -0.04315185546875
-0.27581787109375 -0.0409393310546875 0.190994262695313 0.030120849609375
-0.212615966796875 -0.185638427734375 0.184829711914063 0.09210205078125
-0.0772247314453125 -0.271774291992188 0.0764236450195313 0.129165649414063
0.199142456054688 -0.243728637695313 -0.038818359375 0.114936828613281
0.3328857421875 -0.096282958984375 0.00862693786621096 -0.0316715240478516
0.320953369140625 0.0960693359375 0.25299072265625 0.0320587158203125
0.10467529296875 0.196792602539063 0.418060302734375 -0.088653564453125
0.182373046875 0.144149780273438 0.420379638671875 -0.061859130859375
0.2239990234375 0.0091705322265625 0.254150390625 -0.0930633544921875
0.139984130859375 -0.14825439453125 0.170822143554687 -0.109176635742188
-0.00201416015625001 -0.17291259765625 0.102912902832031 -0.0745697021484375
-0.1470947265625 -0.115554809570312 0.09942626953125 -0.0630874633789063
-0.175323486328125 -0.0244293212890625 0.135772705078125 -0.06475830078125
-0.167816162109375 -0.00791931152343753 0.177078247070313 -0.0727386474609375
-0.202667236328125 0.000320434570312475 0.239654541015625 -0.0680389404296875
-0.204132080078125 -0.040374755859375 0.261077880859375 0.0248260498046875
-0.154647827148438 -0.156570434570312 0.230743408203125 0.106964111328125
-0.040008544921875 -0.2122802734375 0.105422973632812 0.157196044921875
0.189300537109375 -0.161087036132813 -0.0231781005859375 0.1270751953125
0.263351440429688 -0.0045318603515625 0.0619735717773438 -0.022674560546875
0.200515747070313 0.158462524414063 0.338409423828125 0.089263916015625
-0.0235748291015625 -0.14691162109375 -0.36083984375 -0.07550048828125
-0.147979736328125 -0.0481719970703125 -0.097869873046875 -0.00339508056640625
-0.100502014160156 0.076904296875 0.0191497802734375 -0.127822875976562
0.000465393066406243 0.115333557128906 -0.112808227539063 -0.209686279296875
0.0732269287109375 0.0748519897460938 -0.243698120117188 -0.124114990234375
0.103874206542969 0.016876220703125 -0.303985595703125 0.01910400390625
0.08148193359375 0.001068115234375 -0.272125244140625 0.115188598632813
0.0792999267578125 0.0198745727539063 -0.200180053710938 0.115020751953125
0.081634521484375 0.03424072265625 -0.160507202148438 0.0953521728515625
0.0371627807617188 0.0703659057617188 -0.131172180175781 0.0716552734375
-0.0345840454101563 0.0790786743164063 -0.122459411621094 0.0729293823242187
-0.100471496582031 0.0183868408203125 -0.1646728515625 0.082794189453125
-0.096649169921875 -0.101318359375 -0.252334594726563 0.0738067626953125
-0.0211029052734375 -0.173233032226563 -0.377655029296875 0.0787353515625
0.0714263916015625 -0.17437744140625 -0.398956298828125 0.0439453124999999
0.14306640625 -0.15179443359375 -0.34552001953125 -0.144500732421875
-0.0216827392578125 -0.12359619140625 -0.0901870727539063 -0.0469741821289062
-0.0375442504882812 -0.0423355102539062 0.030487060546875 -0.152175903320313
-0.0275936126708984 -0.00172615051269532 -0.111557006835937 -0.242523193359375
-0.00491905212402344 0.00475597381591797 -0.248519897460937 -0.152923583984375
-0.00702285766601562 0.00395584106445313 -0.323455810546875 0.00244140624999993
-0.0251827239990234 0.0253963470458984 -0.287109375 0.1146240234375
-0.0242481231689453 0.0343112945556641 -0.205062866210937 0.12060546875
-0.0341224670410156 0.0457649230957031 -0.161666870117188 0.0970458984375
-0.0694084167480469 0.0362739562988281 -0.134727478027344 0.0765457153320312
-0.0982284545898438 -0.01300048828125 -0.106460571289062 0.0742034912109375
-0.0954055786132813 -0.094512939453125 -0.140472412109375 0.079345703125
0.0064849853515625 -0.182327270507813 -0.210891723632813 0.087799072265625
0.12384033203125 -0.211578369140625 -0.3275146484375 0.080352783203125
0.225509643554688 -0.16412353515625 -0.346588134765625 0.02069091796875
0.298126220703125 -0.1224365234375 -0.269241333007813 -0.206100463867187
0.130752563476563 -0.170455932617188 -0.0389175415039062 -0.0954818725585938
0.0581512451171875 -0.16259765625 0.0638275146484375 -0.17962646484375
-0.035888671875 -0.137321472167969 -0.084228515625 -0.2720947265625
-0.0795669555664063 -0.0856704711914062 -0.224578857421875 -0.182968139648438
-0.119644165039062 -0.02166748046875 -0.308074951171875 -0.02490234375
-0.130363464355469 0.0411529541015625 -0.268844604492187 0.097503662109375
-0.123283386230469 0.0456466674804687 -0.179000854492188 0.110855102539062
-0.142776489257813 0.057373046875 -0.130592346191406 0.0863494873046875
-0.16650390625 0.0147857666015625 -0.104415893554688 0.08087158203125
-0.165359497070313 -0.0843048095703125 -0.0659713745117188 0.0803909301757812
-0.11224365234375 -0.183731079101563 -0.100265502929687 0.0881118774414062
0.07257080078125 -0.255966186523438 -0.163909912109375 0.10858154296875
0.22747802734375 -0.25079345703125 -0.258895874023438 0.0785064697265625
0.337432861328125 -0.149505615234375 -0.252853393554688 0.00773620605468748
0.4114990234375 -0.06121826171875 -0.139404296875 -0.244308471679687
0.279953002929688 -0.173049926757813 0.0494308471679688 -0.136032104492188
0.176605224609375 -0.2501220703125 0.114593505859375 -0.196823120117188
-0.011749267578125 -0.264663696289063 -0.034393310546875 -0.285919189453125
-0.130157470703125 -0.17926025390625 -0.168869018554688 -0.2008056640625
-0.2149658203125 -0.0574493408203125 -0.255111694335937 -0.05523681640625
-0.216400146484375 0.0452117919921875 -0.2178955078125 0.0626373291015625
-0.201553344726562 0.0501251220703125 -0.126396179199219 0.0824203491210937
-0.228607177734375 0.0668182373046875 -0.0740127563476563 0.0604019165039063
-0.244552612304688 0.00518798828124998 -0.0463638305664063 0.0759353637695313
-0.222824096679688 -0.130661010742188 -0.00769042968750002 0.0813140869140625
-0.136260986328125 -0.242965698242187 -0.0515213012695313 0.09686279296875
0.10675048828125 -0.308135986328125 -0.118072509765625 0.118553161621094
0.285552978515625 -0.27142333984375 -0.1878662109375 0.0573120117187499
0.400390625 -0.121734619140625 -0.133964538574219 -0.00572967529296873
0.453338623046875 0.018646240234375 0.0255126953125 -0.249755859375
0.379486083984375 -0.120819091796875 0.163925170898438 -0.156051635742187
0.283966064453125 -0.27215576171875 0.172454833984375 -0.1925048828125
0.03851318359375 -0.344085693359375 0.0333251953125 -0.269683837890625
-0.137725830078125 -0.25189208984375 -0.0899200439453125 -0.193435668945313
-0.27252197265625 -0.095703125 -0.170501708984375 -0.07684326171875
-0.270172119140625 0.03778076171875 -0.135871887207031 0.0218658447265625
-0.248687744140625 0.0476531982421875 -0.0543975830078125 0.0428466796875
-0.281143188476563 0.0693664550781251 0.00146484374999998 0.0239810943603516
-0.29034423828125 -0.000488281250000051 0.0272140502929687 0.05780029296875
-0.255233764648438 -0.157028198242188 0.05963134765625 0.0777053833007812
-0.145462036132812 -0.271759033203125 -0.00254821777343751 0.101982116699219
0.1324462890625 -0.323028564453125 -0.080169677734375 0.119392395019531
0.31658935546875 -0.2552490234375 -0.12109375 0.0246963500976562
0.41461181640625 -0.07501220703125 -0.00223922729492185 -0.0149259567260742
0.406219482421875 0.096160888671875 0.19183349609375 -0.219573974609375
0.396759033203125 -0.032562255859375 0.278244018554688 -0.14752197265625
0.33990478515625 -0.217529296875 0.220947265625 -0.167144775390625
0.09515380859375 -0.345245361328125 0.09674072265625 -0.222198486328125
-0.113540649414062 -0.277938842773438 -0.00845336914062501 -0.162429809570313
-0.274948120117187 -0.11956787109375 -0.0705718994140625 -0.0826492309570313
-0.280166625976563 0.0233154296875001 -0.0414505004882813 -0.0163688659667969
-0.256515502929688 0.03802490234375 0.0231609344482422 -0.00147247314453125
-0.2939453125 0.0620727539062499 0.0829696655273437 -0.017120361328125
-0.297149658203125 -0.00479125976562502 0.106925964355469 0.037200927734375
-0.254196166992187 -0.167221069335937 0.123695373535156 0.0728530883789063
-0.13079833984375 -0.275497436523438 0.0421829223632813 0.110794067382813
0.157470703125 -0.30230712890625 -0.0524063110351562 0.115959167480469
0.32696533203125 -0.19781494140625 -0.0585098266601562 -0.00954437255859375
0.385223388671875 -0.007659912109375 0.124969482421875 -0.0118255615234375
0.285919189453125 0.1512451171875 0.3218994140625 -0.1671142578125
0.322540283203125 0.05462646484375 0.3623046875 -0.116546630859375
0.310791015625 -0.117584228515625 0.244430541992188 -0.131729125976562
0.1260986328125 -0.270416259765625 0.139938354492188 -0.162979125976563
-0.06536865234375 -0.24395751953125 0.0581436157226562 -0.118637084960938
-0.2293701171875 -0.120376586914063 0.02239990234375 -0.0782852172851563
-0.24200439453125 0.00663757324218754 0.0532188415527344 -0.0484352111816406
-0.224746704101563 0.0223236083984375 0.102127075195312 -0.0442123413085938
-0.262451171875 0.0451202392578125 0.160202026367187 -0.0556640625
-0.26495361328125 -0.014007568359375 0.185836791992188 0.01812744140625
-0.2200927734375 -0.160110473632812 0.183425903320313 0.0748748779296875
-0.0958099365234375 -0.251251220703125 0.0794830322265625 0.123184204101563
0.171218872070313 -0.249053955078125 -0.0321044921875 0.115776062011719
0.30596923828125 -0.11859130859375 0.00154113769531252 -0.0291118621826172
0.314910888671875 0.0675048828125 0.242080688476563 0.0113525390625
0.117080688476562 0.178314208984375 0.392486572265625 -0.112548828125
0.185501098632813 0.118133544921875 0.3970947265625 -0.0865478515625
0.216583251953125 -0.0085296630859375 0.241744995117188 -0.10260009765625
0.120346069335938 -0.15289306640625 0.158721923828125 -0.11407470703125
-0.015899658203125 -0.163009643554688 0.09674072265625 -0.0815505981445313
-0.1497802734375 -0.09564208984375 0.08905029296875 -0.0694427490234375
-0.167190551757813 -0.00746154785156247 0.124809265136719 -0.0709762573242188
-0.16009521484375 0.00637817382812499 0.163162231445313 -0.0788116455078125
-0.191848754882813 0.0219268798828125 0.223770141601563 -0.08245849609375
-0.197509765625 -0.019500732421875 0.25177001953125 0.006317138671875
-0.160369873046875 -0.133575439453125 0.228668212890625 0.082611083984375
-0.0536956787109375 -0.199203491210938 0.108871459960937 0.144866943359375
0.164962768554688 -0.169342041015625 -0.0173187255859375 0.124092102050781
0.247421264648438 -0.0263671875 0.0531234741210938 -0.025390625
0.2017822265625 0.133651733398438 0.32757568359375 0.0570068359375
-0.03057861328125 -0.137298583984375 -0.351043701171875 -0.05072021484375
-0.144317626953125 -0.036163330078125 -0.0909042358398438 0.00544738769531248
-0.090240478515625 0.0776748657226563 0.0162887573242187 -0.124664306640625
0.00900268554687499 0.109405517578125 -0.118850708007813 -0.1986083984375
0.07427978515625 0.06640625 -0.241043090820313 -0.108932495117188
0.100227355957031 0.00962066650390625 -0.290252685546875 0.0329589843750001
0.0766372680664063 -0.00426483154296875 -0.254745483398438 0.12518310546875
0.0755996704101562 0.0125503540039062 -0.185501098632813 0.120834350585938
0.07952880859375 0.0277557373046875 -0.148406982421875 0.100799560546875
0.0400772094726562 0.0628662109375 -0.122238159179688 0.0762252807617187
-0.026641845703125 0.0756149291992188 -0.115997314453125 0.0805587768554687
-0.0921707153320313 0.0238723754882812 -0.157608032226562 0.090179443359375
-0.0970306396484375 -0.090606689453125 -0.24273681640625 0.0796966552734375
-0.0293731689453125 -0.162796020507813 -0.362335205078125 0.0909118652343749
0.05865478515625 -0.17169189453125 -0.38714599609375 0.0623168945312501
0.13043212890625 -0.151214599609375 -0.341094970703125 -0.117828369140625
-0.026763916015625 -0.115867614746094 -0.0863189697265625 -0.0369873046875
-0.0365867614746094 -0.0408973693847656 0.0269622802734375 -0.14935302734375
-0.0256481170654297 -0.00208473205566406 -0.11724853515625 -0.229766845703125
-0.00594568252563477 0.00248003005981445 -0.24627685546875 -0.136962890625
-0.00786733627319336 0.00427627563476562 -0.309295654296875 0.0189208984375
-0.0251369476318359 0.0259304046630859 -0.268692016601563 0.126556396484375
-0.022216796875 0.0330848693847656 -0.188827514648438 0.127304077148438
-0.0302391052246094 0.0451545715332031 -0.149063110351563 0.10308837890625
-0.0641021728515625 0.0377311706542969 -0.123184204101563 0.0838241577148438
-0.093902587890625 -0.00846099853515627 -0.0996322631835938 0.0808029174804687
-0.0949859619140625 -0.0859756469726562 -0.135566711425781 0.0866851806640625
-0.000747680664062508 -0.174026489257813 -0.204010009765625 0.093017578125
0.109405517578125 -0.208648681640625 -0.31549072265625 0.0905456542968751
0.208908081054687 -0.169113159179687 -0.337982177734375 0.037322998046875
0.28192138671875 -0.1317138671875 -0.271896362304688 -0.180831909179688
0.116958618164063 -0.169525146484375 -0.0422897338867188 -0.08587646484375
0.0500640869140625 -0.160812377929688 0.0570068359375 -0.176040649414063
-0.0418167114257813 -0.131645202636719 -0.093505859375 -0.2589111328125
-0.0816726684570313 -0.0792922973632812 -0.223800659179687 -0.16632080078125
-0.118881225585937 -0.0130386352539063 -0.296539306640625 -0.00839233398437495
-0.124961853027344 0.0466690063476562 -0.251678466796875 0.108062744140625
-0.115859985351563 0.0503005981445312 -0.162643432617187 0.116500854492188
-0.133644104003906 0.0638198852539063 -0.118858337402344 0.091949462890625
-0.158599853515625 0.0234375 -0.0932998657226563 0.0866546630859375
-0.164047241210938 -0.0721282958984375 -0.0597305297851562 0.0847625732421875
-0.11810302734375 -0.1708984375 -0.0970001220703125 0.094512939453125
0.0567779541015625 -0.249618530273438 -0.157852172851563 0.11090087890625
0.204421997070313 -0.253448486328125 -0.249832153320313 0.086273193359375
0.318359375 -0.161285400390625 -0.2479248046875 0.0215911865234375
0.39324951171875 -0.0792236328125 -0.148590087890625 -0.224563598632812
0.25872802734375 -0.179229736328125 0.0413742065429688 -0.128364562988281
0.1580810546875 -0.251617431640625 0.105239868164063 -0.19342041015625
-0.0278778076171875 -0.255569458007813 -0.044036865234375 -0.27349853515625
-0.13580322265625 -0.166244506835938 -0.170700073242188 -0.18463134765625
-0.212203979492187 -0.0417327880859375 -0.247573852539063 -0.0400390625
-0.207595825195312 0.0567626953125 -0.203811645507813 0.073089599609375
-0.191680908203125 0.060272216796875 -0.113838195800781 0.087982177734375
-0.216064453125 0.0796966552734376 -0.0648384094238282 0.0640296936035156
-0.234176635742188 0.0204010009765625 -0.037017822265625 0.0783309936523438
-0.223495483398438 -0.11224365234375 -0.00242614746093751 0.0829925537109375
-0.146347045898437 -0.2255859375 -0.0497283935546875 0.100578308105469
0.086944580078125 -0.302734375 -0.112815856933594 0.120613098144531
0.2608642578125 -0.276809692382813 -0.182891845703125 0.0639190673828125
0.38079833984375 -0.13787841796875 -0.133186340332031 0.00314331054687501
0.437103271484375 -0.007354736328125 0.00906372070312503 -0.2386474609375
0.358154296875 -0.136199951171875 0.150390625 -0.153411865234375
0.260574340820313 -0.278671264648438 0.1611328125 -0.192169189453125
0.015960693359375 -0.334075927734375 0.0220794677734375 -0.2611083984375
-0.149139404296875 -0.235427856445313 -0.094024658203125 -0.183349609375
-0.267242431640625 -0.0740966796875 -0.166854858398438 -0.06597900390625
-0.258636474609375 0.0530853271484375 -0.1285400390625 0.0298385620117187
-0.236648559570313 0.0606842041015625 -0.0480499267578125 0.0464630126953125
-0.267135620117187 0.0861663818359374 0.00428009033203123 0.0257740020751953
-0.278350830078125 0.0196990966796875 0.0335006713867187 0.0584144592285156
-0.257537841796875 -0.135147094726562 0.0621490478515625 0.0743179321289063
-0.15777587890625 -0.253677368164063 -0.000900268554687507 0.104469299316406
0.1090087890625 -0.319061279296875 -0.0763092041015625 0.120880126953125
0.290740966796875 -0.2630615234375 -0.120590209960938 0.0298843383789062
0.3980712890625 -0.093841552734375 -0.00664997100830076 -0.0123128890991211
0.39752197265625 0.0694580078125 0.171646118164063 -0.219146728515625
0.378326416015625 -0.053466796875 0.26031494140625 -0.15081787109375
0.31512451171875 -0.229736328125 0.208816528320313 -0.16949462890625
0.070465087890625 -0.337860107421875 0.086151123046875 -0.2186279296875
-0.124221801757813 -0.261123657226563 -0.01300048828125 -0.1563720703125
-0.272598266601563 -0.097259521484375 -0.0724029541015625 -0.0768280029296875
-0.268051147460938 0.040771484375 -0.0386276245117188 -0.0127754211425781
-0.245758056640625 0.05169677734375 0.0268630981445312 -0.000703811645507809
-0.279083251953125 0.0794677734375 0.0803070068359375 -0.0192718505859375
-0.285736083984375 0.01513671875 0.109832763671875 0.0330429077148438
-0.25726318359375 -0.143814086914062 0.124847412109375 0.0658493041992187
-0.145004272460937 -0.2578125 0.0430755615234375 0.107933044433594
0.13189697265625 -0.301055908203125 -0.0495986938476563 0.117111206054687
0.3013916015625 -0.210235595703125 -0.0610885620117187 -0.00482559204101565
0.372344970703125 -0.0272216796875 0.118812561035156 -0.0171890258789063
0.28436279296875 0.12847900390625 0.301025390625 -0.17657470703125
0.31195068359375 0.03369140625 0.342559814453125 -0.127716064453125
0.29412841796875 -0.132080078125 0.2335205078125 -0.135894775390625
0.104263305664063 -0.268600463867188 0.131118774414063 -0.16363525390625
-0.077850341796875 -0.23004150390625 0.0530929565429687 -0.117851257324219
-0.227310180664063 -0.098846435546875 0.016754150390625 -0.0766525268554687
-0.232025146484375 0.0229034423828125 0.0490570068359375 -0.04876708984375
-0.215621948242187 0.036773681640625 0.0972900390625 -0.0466156005859375
-0.250213623046875 0.060455322265625 0.15216064453125 -0.0598907470703125
-0.255340576171875 0.00532531738281256 0.181976318359375 0.01019287109375
-0.223876953125 -0.139877319335937 0.181808471679688 0.06292724609375
-0.109970092773437 -0.236541748046875 0.0811996459960937 0.118766784667969
0.150222778320313 -0.250381469726563 -0.0283889770507812 0.115859985351562
0.285919189453125 -0.131805419921875 -0.00388336181640623 -0.0268688201904297
0.307342529296875 0.04754638671875 0.23162841796875 -0.00128173828125
0.12274169921875 0.161529541015625 0.37359619140625 -0.12908935546875
0.1846923828125 0.102752685546875 0.37786865234375 -0.100616455078125
0.207473754882813 -0.02252197265625 0.232284545898437 -0.108749389648437
0.103927612304687 -0.154342651367188 0.150787353515625 -0.11700439453125
-0.028045654296875 -0.156158447265625 0.0919189453125 -0.0842971801757813
-0.147979736328125 -0.07916259765625 0.0815963745117188 -0.0717315673828125
-0.159271240234375 0.00416564941406249 0.116867065429687 -0.0758132934570313
-0.152801513671875 0.0175018310546875 0.152938842773438 -0.083984375
-0.183837890625 0.0338592529296875 0.211517333984375 -0.0901336669921875
-0.189971923828125 -0.00616455078124997 0.244247436523438 -0.0051422119140625
-0.1629638671875 -0.117874145507813 0.226165771484375 0.0682525634765625
-0.065155029296875 -0.18804931640625 0.110023498535156 0.135673522949219
0.1483154296875 -0.172271728515625 -0.0130081176757812 0.123016357421875
0.235397338867188 -0.0395660400390625 0.0464057922363281 -0.02569580078125
0.20123291015625 0.116714477539063 0.31744384765625 0.0372314453125
-0.035552978515625 -0.130950927734375 -0.34454345703125 -0.029052734375
-0.142105102539063 -0.025909423828125 -0.0848007202148438 0.0124969482421875
-0.0832138061523438 0.0800552368164063 0.0145492553710938 -0.124954223632813
0.016204833984375 0.104751586914063 -0.124313354492187 -0.189987182617188
0.0761260986328125 0.0595245361328125 -0.241943359375 -0.096710205078125
0.0973281860351563 0.00222015380859375 -0.281494140625 0.046295166015625
0.073089599609375 -0.00893402099609375 -0.243118286132813 0.135299682617188
0.0747146606445313 0.005828857421875 -0.174957275390625 0.127334594726563
0.079864501953125 0.0202789306640625 -0.138877868652344 0.106575012207031
0.0423393249511719 0.0571365356445313 -0.115875244140625 0.0813217163085938
-0.0201568603515625 0.0740890502929687 -0.110321044921875 0.08746337890625
-0.0865325927734375 0.0275802612304687 -0.153472900390625 0.0976104736328125
-0.097381591796875 -0.0814895629882812 -0.238601684570313 0.085845947265625
-0.036895751953125 -0.155654907226563 -0.354583740234375 0.10296630859375
0.048370361328125 -0.171035766601563 -0.38055419921875 0.0791015625
0.121627807617187 -0.15191650390625 -0.340118408203125 -0.0943603515625
-0.0320205688476563 -0.109703063964844 -0.0842132568359375 -0.0287628173828125
-0.0357856750488281 -0.0399971008300781 0.02337646484375 -0.148590087890625
-0.0251655578613281 -0.00226974487304688 -0.1246337890625 -0.22064208984375
-0.00666475296020508 0.0013127326965332 -0.247421264648437 -0.123779296875
-0.00967216491699219 0.00421142578125 -0.300750732421875 0.03253173828125
-0.0247230529785156 0.0265617370605469 -0.255279541015625 0.137847900390625
-0.0205497741699219 0.0324039459228516 -0.17559814453125 0.134689331054688
-0.0275077819824219 0.0449943542480469 -0.138641357421875 0.109413146972656
-0.0597801208496094 0.0398750305175781 -0.115287780761719 0.090057373046875
-0.0914764404296875 -0.00432586669921876 -0.09466552734375 0.0876617431640625
-0.0957412719726563 -0.0793075561523437 -0.132553100585938 0.09466552734375
-0.00769042968750002 -0.1693115234375 -0.200637817382813 0.0976409912109375
0.097137451171875 -0.2088623046875 -0.30902099609375 0.1019287109375
0.196975708007813 -0.176376342773437 -0.333831787109375 0.05364990234375
0.270584106445313 -0.14178466796875 -0.276229858398438 -0.159561157226562
0.105789184570312 -0.169036865234375 -0.0440750122070312 -0.0777587890625
0.0416259765625 -0.162155151367188 0.05218505859375 -0.17523193359375
-0.048187255859375 -0.127891540527344 -0.101226806640625 -0.249710083007812
-0.0854644775390625 -0.07366943359375 -0.225784301757813 -0.1534423828125
-0.118087768554688 -0.00493621826171876 -0.28924560546875 0.00640869140625002
-0.120994567871094 0.0534896850585938 -0.23968505859375 0.11865234375
-0.110969543457031 0.0547256469726562 -0.150955200195312 0.123214721679688
-0.127273559570313 0.0699310302734375 -0.10906982421875 0.0972366333007813
-0.153244018554688 0.0321197509765625 -0.0837554931640625 0.0923538208007813
-0.164596557617187 -0.061614990234375 -0.0542144775390625 0.0894851684570313
-0.1246337890625 -0.160842895507813 -0.0943984985351563 0.102027893066406
0.0443878173828125 -0.246444702148438 -0.154312133789063 0.115737915039062
0.186981201171875 -0.257400512695313 -0.246231079101563 0.09466552734375
0.30487060546875 -0.17315673828125 -0.246185302734375 0.03460693359375
0.381744384765625 -0.096588134765625 -0.157882690429688 -0.2083740234375
0.243362426757812 -0.1865234375 0.0347061157226563 -0.124015808105469
0.143356323242187 -0.256622314453125 0.0992431640625 -0.193984985351563
-0.0421142578125 -0.248245239257813 -0.053741455078125 -0.26617431640625
-0.141983032226563 -0.155075073242188 -0.173904418945313 -0.174972534179688
-0.210983276367188 -0.0270233154296875 -0.243179321289063 -0.0269622802734375
-0.2012939453125 0.0685882568359375 -0.193695068359375 0.083648681640625
-0.184768676757813 0.069122314453125 -0.103759765625 0.0935287475585938
-0.206771850585937 0.0908050537109375 -0.057952880859375 0.0682487487792969
-0.227142333984375 0.034637451171875 -0.028717041015625 0.0821380615234375
-0.226211547851563 -0.09625244140625 0.00247955322265624 0.0851058959960937
-0.156845092773437 -0.212310791015625 -0.0470352172851563 0.107063293457031
0.06915283203125 -0.300933837890625 -0.110198974609375 0.124656677246094
0.24005126953125 -0.28436279296875 -0.18145751953125 0.0711822509765625
0.3677978515625 -0.15478515625 -0.134048461914062 0.0116119384765625
0.428131103515625 -0.02978515625 -0.00497436523437496 -0.230804443359375
0.341705322265625 -0.15081787109375 0.139617919921875 -0.153472900390625
0.241302490234375 -0.28814697265625 0.15313720703125 -0.194442749023438
-0.00369262695312503 -0.328094482421875 0.01190185546875 -0.256423950195312
-0.160186767578125 -0.221511840820313 -0.097747802734375 -0.17584228515625
-0.265777587890625 -0.0545654296875 -0.166778564453125 -0.056304931640625
-0.250686645507813 0.06866455078125 -0.121856689453125 0.0369873046875
-0.228057861328125 0.073883056640625 -0.0410575866699219 0.0500907897949219
-0.256118774414063 0.101913452148438 0.00766754150390624 0.0264167785644531
-0.270111083984375 0.0369720458984375 0.0395584106445312 0.0583419799804687
-0.261459350585938 -0.114837646484375 0.0653915405273437 0.0725860595703125
-0.171188354492187 -0.23834228515625 0.00157165527343749 0.108169555664062
0.088897705078125 -0.319091796875 -0.0733642578125 0.125030517578125
0.268798828125 -0.27349853515625 -0.121688842773437 0.0356674194335938
0.38751220703125 -0.112945556640625 -0.0107192993164062 -0.0100774765014648
0.392425537109375 0.046478271484375 0.1549072265625 -0.219879150390625
0.366180419921875 -0.072052001953125 0.247024536132813 -0.15557861328125
0.297332763671875 -0.242706298828125 0.199539184570313 -0.173004150390625
0.048553466796875 -0.334503173828125 0.077362060546875 -0.2174072265625
-0.138427734375 -0.247787475585937 -0.01708984375 -0.153427124023438
-0.272079467773438 -0.0760955810546874 -0.0748748779296875 -0.0728683471679687
-0.259078979492187 0.0565643310546875 -0.0375480651855469 -0.0099639892578125
-0.236557006835938 0.06640625 0.0285797119140625 0.000192642211914067
-0.268661499023437 0.0966033935546875 0.0786666870117187 -0.0206451416015625
-0.2781982421875 0.032073974609375 0.112770080566406 0.0288314819335938
-0.262435913085938 -0.124038696289062 0.126792907714844 0.0598526000976563
-0.158416748046875 -0.24310302734375 0.0453948974609375 0.10943603515625
0.11297607421875 -0.303070068359375 -0.0461807250976563 0.120147705078125
0.282562255859375 -0.223236083984375 -0.0641517639160156 -0.00103759765625001
0.36566162109375 -0.0460205078125 0.111991882324219 -0.0216140747070313
0.2847900390625 0.108917236328125 0.285736083984375 -0.1851806640625
0.305511474609375 0.017120361328125 0.329681396484375 -0.137237548828125
0.28173828125 -0.1461181640625 0.225234985351563 -0.1419677734375
0.0847625732421875 -0.26873779296875 0.124465942382813 -0.166351318359375
-0.090423583984375 -0.220291137695313 0.04864501953125 -0.119186401367188
-0.22772216796875 -0.080718994140625 0.0119171142578125 -0.07586669921875
-0.225372314453125 0.0380401611328125 0.0460243225097656 -0.0497512817382813
-0.208663940429688 0.0500946044921875 0.0944061279296875 -0.0491104125976563
-0.241348266601562 0.07666015625 0.146881103515625 -0.06591796875
-0.2481689453125 0.0218048095703125 0.181381225585938 0.00152587890625
-0.229217529296875 -0.121749877929688 0.181930541992187 0.053375244140625
-0.122695922851563 -0.224517822265625 0.0839462280273438 0.115829467773438
0.132095336914063 -0.253936767578125 -0.02484130859375 0.118537902832031
0.27142333984375 -0.144424438476563 -0.0085926055908203 -0.0246868133544922
0.30487060546875 0.030364990234375 0.224807739257813 -0.012969970703125
0.128829956054688 0.149063110351563 0.360626220703125 -0.144073486328125
0.183090209960938 0.0897369384765625 0.36798095703125 -0.11407470703125
0.201797485351563 -0.03399658203125 0.22613525390625 -0.115066528320312
0.08984375 -0.15692138671875 0.145843505859375 -0.122604370117188
-0.03741455078125 -0.149154663085938 0.0885086059570312 -0.0887298583984375
-0.147964477539062 -0.065399169921875 0.076263427734375 -0.0758743286132813
-0.15496826171875 0.0155181884765625 0.110664367675781 -0.080291748046875
-0.148193359375 0.027740478515625 0.145889282226563 -0.089508056640625
-0.177963256835938 0.0461883544921875 0.203033447265625 -0.0992279052734375
-0.1851806640625 0.00634765625 0.240158081054687 -0.0164337158203125
-0.16790771484375 -0.1038818359375 0.224822998046875 0.056549072265625
-0.0750885009765625 -0.179336547851563 0.113380432128906 0.131202697753906
0.134323120117188 -0.177276611328125 -0.00925445556640625 0.124382019042969
0.226348876953125 -0.0511932373046875 0.0413780212402344 -0.0276565551757813
0.202850341796875 0.102920532226563 0.31024169921875 0.019317626953125
-0.0405044555664062 -0.125076293945313 -0.342437744140625 -0.00479125976562505
-0.141036987304687 -0.0145111083984375 -0.0795211791992188 0.0195236206054687
-0.0760879516601562 0.0838088989257813 0.0103530883789062 -0.127662658691406
0.0235366821289062 0.0999908447265625 -0.134506225585938 -0.183013916015625
0.0786514282226563 0.0516738891601563 -0.245742797851562 -0.0821533203125
0.0957183837890625 -0.00574493408203125 -0.275650024414063 0.0619354248046875
0.0701065063476562 -0.0146865844726562 -0.231338500976563 0.14892578125
0.0726318359375 -0.00240325927734375 -0.164230346679687 0.136199951171875
0.0793991088867188 0.0130615234375 -0.129562377929687 0.115081787109375
0.0455703735351563 0.0515365600585938 -0.109733581542969 0.0887832641601563
-0.0131149291992188 0.07208251953125 -0.104522705078125 0.0964584350585937
-0.0815582275390625 0.0319061279296875 -0.148529052734375 0.10748291015625
-0.0998382568359375 -0.0733184814453125 -0.235488891601563 0.0967559814453124
-0.0462493896484375 -0.150588989257813 -0.348724365234375 0.12139892578125
0.03643798828125 -0.171127319335937 -0.37548828125 0.102325439453125
0.113204956054688 -0.15673828125 -0.342620849609375 -0.0686340332031251
-0.0375289916992187 -0.104324340820313 -0.0823135375976563 -0.02032470703125
-0.0376358032226563 -0.0383720397949219 0.019073486328125 -0.150344848632813
-0.0242023468017578 -0.00183296203613281 -0.134780883789063 -0.212448120117187
-0.00712728500366211 0.00048971176147461 -0.252578735351563 -0.10845947265625
-0.00936031341552735 0.00494194030761719 -0.29486083984375 0.05072021484375
-0.0242557525634766 0.0280208587646484 -0.2423095703125 0.1522216796875
-0.0185337066650391 0.0321769714355469 -0.162841796875 0.143905639648438
-0.0243263244628906 0.04534912109375 -0.128288269042969 0.118843078613281
-0.0562705993652344 0.0416755676269531 -0.106742858886719 0.0980072021484375
-0.0898971557617188 0.000839233398437488 -0.0880126953125 0.0963668823242188
-0.0988845825195313 -0.0730056762695313 -0.1279296875 0.105194091796875
-0.0159759521484375 -0.166091918945313 -0.197433471679688 0.106369018554687
0.082366943359375 -0.21148681640625 -0.304229736328125 0.11761474609375
0.1837158203125 -0.1864013671875 -0.331634521484375 0.0751647949218749
0.260604858398438 -0.155685424804688 -0.283782958984375 -0.136077880859375
0.0932464599609375 -0.171142578125 -0.0467529296875 -0.071136474609375
0.0320281982421875 -0.164886474609375 0.045623779296875 -0.178024291992187
-0.0566787719726563 -0.124107360839844 -0.11297607421875 -0.24176025390625
-0.0901412963867188 -0.06787109375 -0.231155395507813 -0.139877319335937
-0.1180419921875 0.00433349609375002 -0.284759521484375 0.02362060546875
-0.117584228515625 0.0622482299804687 -0.2271728515625 0.133682250976562
-0.106124877929687 0.0614242553710938 -0.137474060058594 0.1319580078125
-0.120773315429688 0.0787277221679687 -0.0997161865234375 0.104393005371094
-0.148406982421875 0.0422210693359375 -0.0743408203125 0.0986557006835937
-0.166656494140625 -0.0495758056640625 -0.0470733642578125 0.096221923828125
-0.13311767578125 -0.150924682617187 -0.0903701782226563 0.111518859863281
0.0296783447265625 -0.246551513671875 -0.151077270507813 0.123077392578125
0.168594360351563 -0.2664794921875 -0.243499755859375 0.10791015625
0.29241943359375 -0.190673828125 -0.245269775390625 0.0513916015625
0.372772216796875 -0.1177978515625 -0.170822143554687 -0.19219970703125
0.227767944335937 -0.197280883789062 0.027435302734375 -0.1204833984375
0.1263427734375 -0.264389038085938 0.09063720703125 -0.197769165039063
-0.05908203125 -0.244491577148437 -0.0660552978515625 -0.260391235351563
-0.15203857421875 -0.14471435546875 -0.180023193359375 -0.165023803710938
-0.209579467773438 -0.00955200195312498 -0.240936279296875 -0.012176513671875
-0.1944580078125 0.082427978515625 -0.184249877929688 0.09539794921875
-0.177276611328125 0.0817108154296875 -0.092376708984375 0.100181579589844
-0.198455810546875 0.106597900390625 -0.05120849609375 0.072906494140625
-0.220916748046875 0.0504302978515625 -0.0191726684570313 0.08489990234375
-0.231704711914062 -0.0779876708984376 0.00867462158203123 0.0870895385742188
-0.169586181640625 -0.199600219726563 -0.04254150390625 0.11444091796875
0.04962158203125 -0.30352783203125 -0.105384826660156 0.131446838378906
0.218170166015625 -0.2965087890625 -0.180679321289062 0.0819244384765625
0.3560791015625 -0.176025390625 -0.135498046875 0.0224685668945313
0.421234130859375 -0.054840087890625 -0.0207061767578125 -0.2236328125
0.3267822265625 -0.1680908203125 0.128494262695313 -0.155136108398438
0.22076416015625 -0.30267333984375 0.144744873046875 -0.19970703125
-0.026824951171875 -0.323333740234375 -0.000747680664062484 -0.254409790039063
-0.173065185546875 -0.207794189453125 -0.104293823242188 -0.169448852539063
-0.265975952148438 -0.033782958984375 -0.167404174804688 -0.0451812744140625
-0.243270874023438 0.0874481201171875 -0.116607666015625 0.0449295043945313
-0.220474243164063 0.0891876220703125 -0.0335350036621094 0.0534782409667969
-0.245620727539063 0.120819091796875 0.0108680725097656 0.0271816253662109
-0.263046264648438 0.0566253662109375 0.0463600158691406 0.0565719604492188
-0.267974853515625 -0.0926971435546874 0.0701065063476562 0.0701408386230469
-0.187469482421875 -0.223663330078125 0.00713348388671873 0.112548828125
0.0672607421875 -0.322509765625 -0.0681533813476563 0.130424499511719
0.24676513671875 -0.28900146484375 -0.123260498046875 0.0431289672851562
0.378387451171875 -0.1358642578125 -0.0147838592529297 -0.00759983062744141
0.392303466796875 0.01983642578125 0.138763427734375 -0.223968505859375
0.3560791015625 -0.093414306640625 0.235214233398438 -0.164642333984375
0.279678344726563 -0.261489868164062 0.1923828125 -0.1820068359375
0.023345947265625 -0.333343505859375 0.0664825439453125 -0.22076416015625
-0.153945922851562 -0.234512329101563 -0.022705078125 -0.152740478515625
-0.272720336914063 -0.05389404296875 -0.0771484375 -0.066986083984375
-0.25274658203125 0.0759735107421875 -0.0354881286621094 -0.00592041015625
-0.229507446289063 0.0831298828125 0.0309333801269531 -0.000616073608398432
-0.25885009765625 0.11785888671875 0.0779647827148437 -0.02508544921875
-0.270919799804688 0.0542297363281249 0.116813659667969 0.0228958129882813
-0.26959228515625 -0.101852416992188 0.129173278808594 0.0524826049804687
-0.175888061523437 -0.228179931640625 0.0517959594726562 0.110755920410156
0.09033203125 -0.307525634765625 -0.0407638549804687 0.125160217285156
0.26251220703125 -0.239913940429687 -0.0683746337890625 0.00380706787109375
0.359832763671875 -0.069000244140625 0.107162475585938 -0.02764892578125
0.288848876953125 0.088104248046875 0.27056884765625 -0.198699951171875
0.30181884765625 -0.003082275390625 0.318023681640625 -0.152099609375
0.269760131835938 -0.164901733398438 0.218475341796875 -0.151901245117188
0.0629730224609375 -0.270538330078125 0.116561889648438 -0.172836303710938
-0.105682373046875 -0.209121704101562 0.0446319580078125 -0.122383117675781
-0.229629516601563 -0.0610198974609375 0.00775909423828124 -0.0764999389648438
-0.219284057617188 0.054473876953125 0.0428619384765625 -0.0509605407714844
-0.20245361328125 0.0658416748046875 0.0929794311523437 -0.0533599853515625
-0.2327880859375 0.0962982177734375 0.1412353515625 -0.074066162109375
-0.2427978515625 0.0412750244140625 0.183151245117188 -0.0083160400390625
-0.236358642578125 -0.101531982421875 0.182815551757812 0.0423126220703125
-0.139022827148438 -0.212234497070313 0.0900192260742187 0.114356994628906
0.112716674804687 -0.259872436523437 -0.0188522338867188 0.122550964355469
0.255599975585937 -0.161407470703125 -0.0134162902832031 -0.0230941772460938
0.30474853515625 0.009735107421875 0.218887329101563 -0.0273895263671875
0.135917663574219 0.137069702148438 0.3492431640625 -0.1632080078125
0.186294555664062 0.0756683349609375 0.357940673828125 -0.132476806640625
0.197219848632812 -0.048797607421875 0.220993041992188 -0.126083374023438
0.0753173828125 -0.160293579101562 0.140419006347656 -0.131378173828125
-0.0484466552734375 -0.143051147460938 0.0844497680664063 -0.09478759765625
-0.14990234375 -0.051513671875 0.0700912475585937 -0.079833984375
-0.150360107421875 0.027496337890625 0.103927612304688 -0.0864639282226563
-0.14324951171875 0.0383758544921875 0.140037536621094 -0.0969772338867188
-0.172607421875 0.0603179931640625 0.194656372070313 -0.111526489257813
-0.18145751953125 0.0212249755859375 0.238021850585938 -0.03204345703125
-0.173858642578125 -0.0887298583984375 0.2264404296875 0.0419464111328125
-0.08770751953125 -0.170791625976563 0.120315551757813 0.125846862792969
0.119186401367188 -0.183944702148438 -0.00419616699218749 0.126434326171875
0.217727661132813 -0.0662841796875 0.0360832214355469 -0.0293998718261719
0.207687377929688 0.0878448486328125 0.3065185546875 -0.00173950195312499
-0.047119140625 -0.118545532226563 -0.333740234375 0.0252685546875
-0.137359619140625 -0.000480651855468777 -0.0734024047851563 0.0269699096679688
-0.067596435546875 0.08660888671875 0.00337219238281251 -0.130027770996094
0.0318679809570312 0.0934906005859375 -0.145233154296875 -0.170303344726563
0.079864501953125 0.0419540405273438 -0.24786376953125 -0.06134033203125
0.0911941528320312 -0.0142898559570312 -0.2637939453125 0.081268310546875
0.0660972595214844 -0.0205421447753906 -0.21380615234375 0.165603637695313
0.0700340270996094 -0.0101852416992188 -0.149429321289063 0.145584106445312
0.0776138305664063 0.00324249267578125 -0.117156982421875 0.123275756835938
0.0486831665039063 0.0450210571289063 -0.100555419921875 0.0963897705078125
-0.00612258911132813 0.0694808959960938 -0.0950546264648438 0.10546875
-0.0751419067382812 0.0361175537109375 -0.139129638671875 0.118331909179687
-0.10174560546875 -0.0627059936523437 -0.228118896484375 0.110733032226562
-0.056060791015625 -0.141632080078125 -0.334503173828125 0.1446533203125
0.0212860107421875 -0.17041015625 -0.36322021484375 0.130279541015625
0.10101318359375 -0.161270141601562 -0.33966064453125 -0.03619384765625
-0.0441436767578125 -0.09637451171875 -0.079742431640625 -0.0109786987304688
-0.0397491455078125 -0.0359573364257812 0.010406494140625 -0.1513671875
-0.0243015289306641 -0.00197792053222656 -0.146820068359375 -0.19915771484375
-0.00733280181884766 0.00014495849609375 -0.255661010742188 -0.0877227783203125
-0.0101089477539062 0.00572967529296875 -0.28326416015625 0.07159423828125
-0.0224475860595703 0.0299816131591797 -0.224197387695313 0.168304443359375
-0.0167579650878906 0.0313472747802734 -0.145767211914063 0.153915405273438
-0.0201797485351563 0.0450096130371094 -0.114204406738281 0.126998901367188
-0.0506134033203125 0.0445709228515625 -0.0952224731445312 0.105392456054688
-0.0868911743164063 0.00672149658203125 -0.0781173706054688 0.104507446289062
-0.10125732421875 -0.064453125 -0.120330810546875 0.116111755371094
-0.02691650390625 -0.160491943359375 -0.190628051757813 0.118499755859375
0.06365966796875 -0.212005615234375 -0.29296875 0.138031005859375
0.165206909179688 -0.196456909179688 -0.321075439453125 0.10089111328125
0.2451171875 -0.172134399414063 -0.288848876953125 -0.10693359375
0.0782470703125 -0.1722412109375 -0.0489654541015625 -0.0622634887695313
0.0185089111328125 -0.165481567382813 0.03594970703125 -0.179519653320313
-0.0654754638671875 -0.11724853515625 -0.127273559570313 -0.2293701171875
-0.0939483642578125 -0.0595932006835938 -0.236602783203125 -0.12078857421875
-0.114982604980469 0.0148849487304687 -0.27532958984375 0.0446624755859375
-0.110160827636719 0.0714950561523438 -0.20947265625 0.148757934570313
-0.0994186401367188 0.0684738159179687 -0.120872497558594 0.139778137207031
-0.111854553222656 0.0871047973632813 -0.0868682861328125 0.111671447753906
-0.141128540039062 0.0540008544921875 -0.0616607666015625 0.10406494140625
-0.167205810546875 -0.033843994140625 -0.0381240844726563 0.100868225097656
-0.142364501953125 -0.136917114257813 -0.0816116333007813 0.120964050292969
0.0107574462890625 -0.244277954101563 -0.1439208984375 0.132354736328125
0.1434326171875 -0.272994995117188 -0.234710693359375 0.124435424804687
0.27154541015625 -0.209487915039062 -0.239120483398437 0.0720977783203125
0.3564453125 -0.1444091796875 -0.182861328125 -0.169677734375
0.206863403320312 -0.207855224609375 0.0189132690429688 -0.115165710449219
0.103302001953125 -0.270309448242188 0.078460693359375 -0.201065063476563
-0.07763671875 -0.233322143554688 -0.08221435546875 -0.251083374023438
-0.160232543945313 -0.128524780273437 -0.187362670898437 -0.14898681640625
-0.205322265625 0.00914001464843746 -0.236648559570313 0.00616455078125001
-0.183456420898438 0.099212646484375 -0.169998168945313 0.108291625976562
-0.165939331054688 0.0949859619140625 -0.0783920288085938 0.104690551757812
-0.183731079101563 0.122970581054687 -0.0410232543945313 0.0767059326171875
-0.210067749023438 0.069427490234375 -0.00917053222656252 0.0864105224609375
-0.233657836914063 -0.0551300048828125 0.0159759521484375 0.087890625
-0.182830810546875 -0.180023193359375 -0.0329437255859375 0.121192932128906
0.024566650390625 -0.301666259765625 -0.0972518920898437 0.138351440429688
0.189208984375 -0.30810546875 -0.176010131835938 0.094818115234375
0.3363037109375 -0.199920654296875 -0.133827209472656 0.0349884033203125
0.409698486328125 -0.08697509765625 -0.038238525390625 -0.212356567382813
0.305419921875 -0.187774658203125 0.115203857421875 -0.157745361328125
0.192657470703125 -0.315185546875 0.130813598632813 -0.206588745117188
-0.054229736328125 -0.312713623046875 -0.01678466796875 -0.249130249023438
-0.186309814453125 -0.187759399414063 -0.113632202148438 -0.160354614257813
-0.26177978515625 -0.00825500488281247 -0.166702270507813 -0.03167724609375
-0.229843139648438 0.107025146484375 -0.108543395996094 0.0539093017578125
-0.207305908203125 0.10687255859375 -0.0244102478027344 0.0553741455078125
-0.228607177734375 0.14190673828125 0.01519775390625 0.0269927978515625
-0.250579833984375 0.080169677734375 0.0535774230957031 0.053131103515625
-0.270645141601563 -0.065521240234375 0.0746994018554687 0.0653915405273438
-0.2020263671875 -0.201004028320312 0.01544189453125 0.114921569824219
0.03887939453125 -0.32232666015625 -0.0595703125 0.135391235351562
0.217132568359375 -0.302703857421875 -0.122055053710937 0.054229736328125
0.36151123046875 -0.163238525390625 -0.0175666809082031 -0.00387096405029298
0.38555908203125 -0.01190185546875 0.117355346679688 -0.226943969726563
0.33984375 -0.117828369140625 0.217864990234375 -0.175186157226563
0.253067016601563 -0.279647827148438 0.178253173828125 -0.190765380859375
-0.00567626953125001 -0.326629638671875 0.0514678955078125 -0.221328735351563
-0.169692993164063 -0.214553833007812 -0.032379150390625 -0.150161743164062
-0.26971435546875 -0.026519775390625 -0.0809173583984375 -0.0595245361328125
-0.23956298828125 0.097564697265625 -0.0338401794433594 -0.00314712524414062
-0.215545654296875 0.101531982421875 0.0343647003173828 -0.00293159484863281
-0.241256713867188 0.140670776367187 0.0756149291992187 -0.0301513671875
-0.259490966796875 0.0782623291015625 0.118942260742187 0.0135421752929688
-0.27398681640625 -0.072845458984375 0.132698059082031 0.042388916015625
-0.192001342773438 -0.206451416015625 0.0600051879882812 0.108680725097656
0.062347412109375 -0.309417724609375 -0.0312728881835937 0.128944396972656
0.235595703125 -0.256134033203125 -0.0702247619628906 0.0112686157226562
0.34930419921875 -0.09808349609375 0.100273132324219 -0.0337982177734375
0.28924560546875 0.062164306640625 0.249710083007813 -0.213394165039063
0.294342041015625 -0.027099609375 0.30072021484375 -0.1700439453125
0.251190185546875 -0.184600830078125 0.205886840820313 -0.16412353515625
0.036834716796875 -0.268295288085938 0.103515625 -0.178298950195313
-0.121200561523438 -0.194137573242188 0.0356369018554688 -0.125228881835938
-0.227859497070313 -0.037750244140625 0.00136566162109373 -0.0758743286132813
-0.208053588867188 0.0727996826171875 0.039215087890625 -0.0541839599609375
-0.191009521484375 0.0813751220703125 0.0887451171875 -0.059539794921875
-0.217514038085938 0.116714477539063 0.133262634277344 -0.0840530395507813
-0.23297119140625 0.0634307861328125 0.180313110351562 -0.023193359375
-0.241317749023438 -0.07550048828125 0.183059692382812 0.0264434814453125
-0.15521240234375 -0.194000244140625 0.0977096557617187 0.108726501464844
0.0879058837890625 -0.264129638671875 -0.010406494140625 0.124099731445312
0.235885620117187 -0.179214477539063 -0.0184478759765625 -0.0203819274902344
0.299224853515625 -0.01580810546875 0.209945678710938 -0.043975830078125
0.143280029296875 0.12127685546875 0.328643798828125 -0.186126708984375
0.187301635742187 0.059234619140625 0.342254638671875 -0.154754638671875
0.1890869140625 -0.0651397705078125 0.2093505859375 -0.139175415039063
0.0576629638671875 -0.162750244140625 0.130500793457031 -0.14007568359375
-0.0604324340820312 -0.133506774902344 0.07708740234375 -0.101554870605469
-0.14947509765625 -0.0363616943359375 0.06195068359375 -0.0847244262695313
-0.1431884765625 0.0402984619140625 0.0948257446289062 -0.093902587890625
-0.135505676269531 0.0511016845703125 0.130126953125 -0.10577392578125
-0.161300659179687 0.07672119140625 0.182052612304688 -0.125564575195312
-0.174896240234375 0.0377960205078125 0.231979370117188 -0.0509796142578125
-0.178482055664062 -0.069091796875 0.224578857421875 0.0229949951171875
-0.101181030273438 -0.158432006835938 0.12786865234375 0.116966247558594
0.0999603271484375 -0.189620971679687 0.00516510009765626 0.126716613769531
0.205078125 -0.0819854736328125 0.0302791595458984 -0.0315093994140625
0.210845947265625 0.069091796875 0.297119140625 -0.027313232421875
-0.05206298828125 -0.109695434570313 -0.31591796875 0.0523681640625
-0.129661560058594 0.0123367309570312 -0.064666748046875 0.0324859619140625
-0.0578079223632813 0.0875244140625 -0.00471496582031251 -0.128150939941406
0.0376510620117188 0.0840835571289063 -0.151748657226563 -0.154693603515625
0.0788421630859375 0.0323715209960938 -0.24285888671875 -0.040069580078125
0.084503173828125 -0.0216064453125 -0.245452880859375 0.0971374511718751
0.0598373413085938 -0.024932861328125 -0.191009521484375 0.174484252929687
0.0642280578613281 -0.0168304443359375 -0.131240844726563 0.15069580078125
0.0735015869140625 -0.00589752197265625 -0.100837707519531 0.127822875976563
0.0500373840332031 0.0367546081542969 -0.0886993408203125 0.10150146484375
0.000598907470703127 0.0646896362304688 -0.0818634033203125 0.110626220703125
-0.0684776306152344 0.0392875671386719 -0.126213073730469 0.125740051269531
-0.10009765625 -0.051116943359375 -0.214950561523438 0.122711181640625
-0.0646438598632812 -0.129058837890625 -0.3116455078125 0.16217041015625
0.00665283203124999 -0.1634521484375 -0.338134765625 0.15380859375
0.0860443115234375 -0.162765502929688 -0.32672119140625 -0.00476074218750004
-0.0479965209960938 -0.08587646484375 -0.0744476318359375 -0.00177764892578125
-0.0403709411621094 -0.0322074890136719 0.000793457031249997 -0.148941040039063
-0.0234775543212891 -0.00126075744628906 -0.154953002929687 -0.180221557617188
-0.00802040100097656 -0.000404357910156249 -0.250900268554688 -0.0650939941406249
-0.0100202560424805 0.00669765472412109 -0.264801025390625 0.0897216796875
-0.0200214385986328 0.0310745239257813 -0.199676513671875 0.178878784179688
-0.0143318176269531 0.0301437377929687 -0.125320434570313 0.157394409179688
-0.0158843994140625 0.0436935424804688 -0.0974655151367187 0.131172180175781
-0.0443878173828125 0.0455551147460937 -0.0816574096679687 0.109718322753906
-0.0819473266601563 0.0130538940429687 -0.0664749145507813 0.108734130859375
-0.101219177246094 -0.0545501708984375 -0.107826232910156 0.122978210449219
-0.0366058349609375 -0.151107788085938 -0.178237915039062 0.127700805664063
0.0443572998046875 -0.20611572265625 -0.273895263671875 0.154251098632813
0.143142700195313 -0.2000732421875 -0.301544189453125 0.123565673828125
0.222946166992187 -0.1837158203125 -0.2835693359375 -0.0758056640625
0.06207275390625 -0.167495727539063 -0.0500335693359375 -0.0527458190917969
0.00456237792968749 -0.16033935546875 0.0235748291015625 -0.17669677734375
-0.0724105834960938 -0.107292175292969 -0.137786865234375 -0.211105346679688
-0.0952301025390625 -0.04986572265625 -0.234954833984375 -0.09869384765625
-0.108253479003906 0.0240707397460938 -0.2593994140625 0.0632476806640625
-0.0996932983398437 0.07879638671875 -0.186752319335937 0.158645629882813
-0.0893707275390625 0.0728073120117188 -0.101425170898438 0.141555786132812
-0.0986480712890625 0.0926589965820313 -0.0719528198242188 0.114471435546875
-0.129188537597656 0.0629959106445313 -0.0481109619140625 0.105339050292969
-0.161529541015625 -0.0184783935546875 -0.0277023315429688 0.102516174316406
-0.146621704101563 -0.119522094726563 -0.0696945190429688 0.125602722167969
-0.00714111328124999 -0.235076904296875 -0.131759643554688 0.138236999511719
0.115066528320313 -0.271987915039063 -0.21990966796875 0.138336181640625
0.244903564453125 -0.221176147460937 -0.225570678710937 0.0899505615234375
0.330902099609375 -0.167236328125 -0.1883544921875 -0.144195556640625
0.181793212890625 -0.211074829101563 0.01055908203125 -0.108184814453125
0.0776824951171875 -0.268112182617187 0.0632476806640625 -0.20001220703125
-0.09368896484375 -0.215652465820313 -0.09539794921875 -0.234527587890625
-0.162460327148438 -0.109085083007812 -0.190048217773438 -0.129898071289063
-0.194549560546875 0.026763916015625 -0.224853515625 0.024169921875
-0.166656494140625 0.110916137695312 -0.152175903320313 0.116424560546875
-0.150360107421875 0.10418701171875 -0.0625381469726563 0.105804443359375
-0.16375732421875 0.133560180664063 -0.0310134887695313 0.07720947265625
-0.193679809570312 0.084014892578125 0.00123596191406249 0.0843887329101562
-0.227249145507813 -0.0316925048828125 0.0233078002929687 0.0852279663085938
-0.189041137695313 -0.156585693359375 -0.0225067138671875 0.122314453125
0.000671386718749974 -0.290435791015625 -0.0861358642578125 0.141799926757813
0.155487060546875 -0.30908203125 -0.165695190429688 0.105987548828125
0.306610107421875 -0.21795654296875 -0.12689208984375 0.045989990234375
0.384429931640625 -0.11529541015625 -0.0533599853515625 -0.196304321289063
0.276596069335938 -0.200881958007813 0.0985870361328125 -0.155685424804688
0.159515380859375 -0.31781005859375 0.113250732421875 -0.207504272460938
-0.07781982421875 -0.293212890625 -0.032867431640625 -0.237503051757813
-0.193222045898438 -0.163101196289063 -0.119232177734375 -0.146270751953125
-0.248641967773437 0.0153656005859375 -0.161422729492188 -0.0172271728515625
-0.209823608398438 0.123062133789063 -0.0975265502929688 0.0605621337890625
-0.188217163085938 0.119049072265625 -0.0148658752441406 0.0538253784179688
-0.204193115234375 0.157196044921875 0.0191421508789062 0.0254325866699219
-0.231002807617188 0.09893798828125 0.0582351684570312 0.0471687316894531
-0.263290405273438 -0.0373382568359375 0.0775909423828125 0.0587692260742188
-0.209884643554687 -0.17401123046875 0.0248794555664062 0.112876892089844
0.01080322265625 -0.3123779296875 -0.0485916137695313 0.136825561523437
0.1824951171875 -0.306793212890625 -0.116569519042969 0.0631179809570312
0.334259033203125 -0.185028076171875 -0.0193386077880859 0.000106811523437492
0.368408203125 -0.042327880859375 0.09393310546875 -0.22186279296875
0.314422607421875 -0.137359619140625 0.195510864257813 -0.180450439453125
0.219482421875 -0.28936767578125 0.158935546875 -0.196243286132813
-0.033355712890625 -0.309906005859375 0.034881591796875 -0.215606689453125
-0.179107666015625 -0.189910888671875 -0.040679931640625 -0.143508911132813
-0.257598876953125 -0.00160217285156249 -0.0824050903320313 -0.050811767578125
-0.219085693359375 0.114578247070313 -0.0310592651367188 2.8610229492199E-05
-0.196441650390625 0.115219116210938 0.0361366271972656 -0.00576400756835937
-0.215362548828125 0.157485961914062 0.0714874267578125 -0.0336990356445312
-0.2386474609375 0.0982208251953125 0.117111206054687 0.00331115722656251
-0.267471313476563 -0.0433502197265625 0.130226135253906 0.03155517578125
-0.201400756835938 -0.179397583007813 0.0667343139648437 0.102584838867187
0.03369140625 -0.3016357421875 -0.0216140747070313 0.128196716308594
0.203521728515625 -0.263671875 -0.0701370239257812 0.0182418823242187
0.3275146484375 -0.122222900390625 0.090545654296875 -0.0384597778320313
0.281021118164062 0.035888671875 0.221450805664063 -0.221328735351563
0.277694702148438 -0.0482635498046875 0.27557373046875 -0.183380126953125
0.224655151367188 -0.199005126953125 0.188018798828125 -0.171401977539063
0.0117034912109375 -0.2579345703125 0.0876312255859375 -0.1787109375
-0.131393432617188 -0.173599243164062 0.0256118774414063 -0.125038146972656
-0.218597412109375 -0.0151214599609375 -0.00429534912109376 -0.0734481811523438
-0.191619873046875 0.0882720947265625 0.0341873168945312 -0.0554122924804687
-0.174468994140625 0.0945892333984375 0.082855224609375 -0.0641937255859375
-0.195343017578125 0.133102416992188 0.121482849121094 -0.0903472900390625
-0.214630126953125 0.082244873046875 0.172195434570313 -0.0374755859375
-0.236831665039063 -0.04888916015625 0.1773681640625 0.0117034912109375
-0.1649169921875 -0.171005249023438 0.103240966796875 0.0988998413085937
0.061492919921875 -0.259628295898437 -0.000907897949218753 0.122222900390625
0.20941162109375 -0.190155029296875 -0.0225238800048828 -0.0171222686767578
0.285919189453125 -0.0399169921875 0.194381713867188 -0.0581817626953125
0.146377563476562 0.103195190429688 0.300537109375 -0.202362060546875
0.183197021484375 0.0415496826171875 0.318084716796875 -0.1724853515625
0.174880981445313 -0.0792083740234375 0.19244384765625 -0.1485595703125
0.0408935546875 -0.157974243164063 0.116287231445312 -0.145172119140625
-0.0685958862304687 -0.120330810546875 0.0666122436523438 -0.1058349609375
-0.144134521484375 -0.0198822021484375 0.0527267456054687 -0.0870513916015625
-0.132164001464844 0.0511550903320313 0.0834121704101562 -0.097503662109375
-0.124076843261719 0.0601806640625 0.117042541503906 -0.111663818359375
-0.145828247070313 0.088623046875 0.163558959960938 -0.13409423828125
-0.162429809570313 0.052703857421875 0.218582153320313 -0.0670928955078125
-0.175445556640625 -0.0494842529296875 0.216598510742187 0.004302978515625
-0.110305786132812 -0.14093017578125 0.132492065429688 0.104042053222656
0.078948974609375 -0.1884765625 0.0143890380859375 0.123237609863281
0.18780517578125 -0.094512939453125 0.0233669281005859 -0.0319595336914063
0.206207275390625 0.047515869140625 0.278778076171875 -0.0505218505859375
-0.0538482666015625 -0.101318359375 -0.29180908203125 0.069732666015625
-0.1182861328125 0.0201034545898438 -0.0561180114746094 0.0356292724609375
-0.0485763549804688 0.08544921875 -0.0111312866210937 -0.123298645019531
0.0398025512695313 0.0753021240234375 -0.152374267578125 -0.1383056640625
0.074859619140625 0.0244827270507812 -0.229522705078125 -0.02374267578125
0.0767974853515625 -0.026123046875 -0.225433349609375 0.1043701171875
0.053436279296875 -0.0275802612304688 -0.169296264648437 0.174957275390625
0.0569534301757813 -0.0209693908691406 -0.114044189453125 0.148452758789062
0.0669288635253906 -0.0115547180175781 -0.0865936279296875 0.125785827636719
0.0486488342285156 0.0300407409667969 -0.0773239135742187 0.101470947265625
0.00457763671875 0.0586776733398437 -0.07037353515625 0.1097412109375
-0.0612258911132812 0.0394096374511719 -0.113548278808594 0.126548767089844
-0.0958938598632813 -0.0419387817382813 -0.199142456054687 0.126358032226563
-0.0670089721679688 -0.116294860839844 -0.2867431640625 0.16900634765625
-0.00347900390625 -0.153549194335937 -0.310943603515625 0.163665771484375
0.0738525390625 -0.15899658203125 -0.305755615234375 0.0168457031250001
-0.0475006103515625 -0.0764541625976563 -0.0682182312011719 0.00470733642578125
-0.0402069091796875 -0.0289573669433594 -0.00630187988281251 -0.1429443359375
-0.0230884552001953 -0.000728607177734376 -0.155441284179688 -0.162490844726563
-0.00855493545532227 -0.000664234161376955 -0.239425659179687 -0.0479736328125
-0.00984096527099609 0.00693225860595703 -0.243408203125 0.098388671875
-0.0171623229980469 0.0313014984130859 -0.176788330078125 0.179611206054687
-0.013031005859375 0.0283145904541016 -0.107757568359375 0.15411376953125
-0.0129814147949219 0.0409355163574219 -0.0826034545898438 0.128959655761719
-0.0387153625488281 0.04437255859375 -0.0683212280273438 0.108749389648437
-0.0751953125 0.0153656005859375 -0.0552444458007812 0.108413696289063
-0.0976791381835938 -0.0463714599609375 -0.0956878662109375 0.124900817871094
-0.04119873046875 -0.141021728515625 -0.165023803710938 0.130233764648438
0.0307769775390625 -0.195556640625 -0.25262451171875 0.159759521484375
0.12359619140625 -0.19586181640625 -0.277908325195313 0.134185791015625
0.200653076171875 -0.185791015625 -0.269546508789063 -0.0507354736328125
0.0508880615234375 -0.157867431640625 -0.0479698181152344 -0.04339599609375
-0.00485229492187501 -0.152374267578125 0.0146636962890625 -0.169540405273438
-0.0749893188476562 -0.0965118408203125 -0.139785766601563 -0.192062377929688
-0.0924835205078125 -0.0414962768554688 -0.22613525390625 -0.081451416015625
-0.100288391113281 0.0302886962890625 -0.23974609375 0.0733184814453125
-0.0887985229492188 0.0817718505859375 -0.164749145507813 0.160110473632812
-0.080474853515625 0.0729827880859375 -0.0844039916992187 0.137649536132813
-0.0869216918945312 0.0932083129882813 -0.0583343505859375 0.111846923828125
-0.116584777832031 0.0663833618164063 -0.0370330810546875 0.102699279785156
-0.152694702148438 -0.00782775878906247 -0.018768310546875 0.100540161132813
-0.14373779296875 -0.104385375976563 -0.0588226318359375 0.1258544921875
-0.01922607421875 -0.221115112304687 -0.120735168457031 0.138435363769531
0.093109130859375 -0.2606201171875 -0.203079223632812 0.142913818359375
0.219070434570313 -0.221527099609375 -0.208587646484375 0.098052978515625
0.303802490234375 -0.17572021484375 -0.183929443359375 -0.120925903320313
0.15899658203125 -0.2059326171875 0.00561523437500002 -0.0983428955078125
0.0573577880859375 -0.257354736328125 0.05181884765625 -0.192855834960938
-0.101364135742187 -0.19696044921875 -0.101043701171875 -0.216690063476563
-0.159133911132813 -0.0929412841796875 -0.18511962890625 -0.113616943359375
-0.179702758789063 0.0380401611328125 -0.209442138671875 0.0351104736328125
-0.149795532226562 0.116073608398438 -0.134284973144531 0.118209838867188
-0.135276794433594 0.106239318847656 -0.0498580932617188 0.100860595703125
-0.144332885742187 0.13653564453125 -0.0220413208007813 0.0748977661132813
-0.175582885742187 0.0916748046875 0.00894165039062498 0.07928466796875
-0.214462280273438 -0.0145721435546875 0.028411865234375 0.0814971923828125
-0.186782836914063 -0.135665893554688 -0.0141448974609375 0.120040893554688
-0.0152587890625 -0.274505615234375 -0.0764999389648438 0.140220642089844
0.12811279296875 -0.29901123046875 -0.153228759765625 0.111190795898437
0.277679443359375 -0.222610473632813 -0.1180419921875 0.0526580810546875
0.356903076171875 -0.131744384765625 -0.0615081787109375 -0.1776123046875
0.248611450195313 -0.202011108398438 0.0850372314453125 -0.147689819335937
0.1318359375 -0.30963134765625 0.098480224609375 -0.202362060546875
-0.0909881591796875 -0.270309448242188 -0.0416412353515625 -0.222869873046875
-0.190261840820313 -0.141860961914062 -0.119453430175781 -0.133293151855469
-0.230926513671875 0.0313568115234375 -0.152786254882813 -0.00776672363281251
-0.18865966796875 0.129501342773438 -0.0865936279296875 0.0623855590820313
-0.169174194335937 0.123458862304688 -0.00776672363281251 0.0494575500488281
-0.180007934570313 0.162216186523437 0.0210933685302734 0.0232810974121094
-0.209030151367188 0.108184814453125 0.0604438781738281 0.0411911010742188
-0.249801635742188 -0.0163726806640625 0.0775680541992187 0.0528106689453125
-0.208160400390625 -0.14990234375 0.0306549072265625 0.108154296875
-0.00808715820312501 -0.295745849609375 -0.0400314331054688 0.133468627929687
0.152740478515625 -0.298492431640625 -0.109451293945312 0.068695068359375
0.305999755859375 -0.194061279296875 -0.0192699432373047 0.00283622741699218
0.34417724609375 -0.0615234375 0.0757598876953125 -0.21099853515625
0.2877197265625 -0.145294189453125 0.174346923828125 -0.1773681640625
0.19036865234375 -0.287017822265625 0.142349243164063 -0.192306518554688
-0.0501708984375 -0.2877197265625 0.0233612060546875 -0.205596923828125
-0.178878784179688 -0.167312622070313 -0.0452804565429688 -0.135795593261719
-0.239501953125 0.0151214599609375 -0.0799484252929688 -0.043609619140625
-0.197891235351563 0.122238159179688 -0.0276317596435547 0.00110054016113282
-0.176834106445313 0.120864868164063 0.0362739562988281 -0.00907135009765624
-0.19000244140625 0.162750244140625 0.06622314453125 -0.0353775024414063
-0.2158203125 0.109329223632812 0.11187744140625 -0.00373077392578124
-0.253326416015625 -0.021453857421875 0.124763488769531 0.0231552124023438
-0.200057983398438 -0.15521240234375 0.07049560546875 0.0956954956054688
0.01312255859375 -0.28619384765625 -0.01434326171875 0.124382019042969
0.174606323242188 -0.2603759765625 -0.0677986145019531 0.0224342346191406
0.302032470703125 -0.134521484375 0.0813522338867188 -0.0404586791992188
0.266433715820313 0.0155487060546875 0.196136474609375 -0.2181396484375
0.258392333984375 -0.0602569580078125 0.249908447265625 -0.18438720703125
0.200332641601563 -0.201812744140625 0.169448852539063 -0.17071533203125
-0.00514221191406248 -0.241256713867188 0.075531005859375 -0.1732177734375
-0.132980346679688 -0.15399169921875 0.0185546875 -0.121627807617188
-0.2044677734375 0.000564575195312512 -0.00821304321289063 -0.0698051452636719
-0.17327880859375 0.0954437255859375 0.0297317504882812 -0.0546379089355469
-0.15740966796875 0.0998077392578125 0.0757064819335937 -0.0662078857421875
-0.172348022460938 0.139450073242187 0.109443664550781 -0.0914459228515625
-0.195343017578125 0.0918121337890625 0.161056518554688 -0.045654296875
-0.22509765625 -0.0282135009765625 0.167449951171875 0.0014801025390625
-0.166030883789063 -0.148590087890625 0.103889465332031 0.088623046875
0.0412445068359375 -0.247970581054688 0.00530242919921876 0.116523742675781
0.183868408203125 -0.1912841796875 -0.0248622894287109 -0.0134201049804688
0.268020629882813 -0.0555267333984375 0.177078247070313 -0.064910888671875
0.14288330078125 0.0872650146484375 0.271942138671875 -0.205474853515625
0.17303466796875 0.0276641845703125 0.290863037109375 -0.179443359375
0.15997314453125 -0.087066650390625 0.175552368164063 -0.149322509765625
0.026885986328125 -0.149276733398438 0.103866577148438 -0.144302368164063
-0.0705947875976563 -0.107177734375 0.0571517944335937 -0.105010986328125
-0.134246826171875 -0.00865173339843748 0.044219970703125 -0.0859146118164063
-0.119804382324219 0.0567474365234375 0.0728759765625 -0.0977706909179688
-0.112068176269531 0.0642852783203125 0.104515075683594 -0.112358093261719
-0.128654479980469 0.0936279296875 0.145889282226563 -0.134780883789063
-0.147323608398438 0.061004638671875 0.20166015625 -0.0766754150390625
-0.167633056640625 -0.0334320068359375 0.203475952148437 -0.00836181640625
-0.112648010253906 -0.124473571777344 0.131378173828125 0.0916366577148438
0.062896728515625 -0.181610107421875 0.0196990966796875 0.117118835449219
0.170120239257813 -0.099517822265625 0.0173702239990234 -0.0306568145751953
0.19683837890625 0.03216552734375 0.25628662109375 -0.06353759765625
-0.0531463623046875 -0.0950851440429687 -0.271575927734375 0.0758514404296874
-0.1090087890625 0.0232620239257812 -0.0490074157714844 0.0364570617675781
-0.0432281494140625 0.0824432373046875 -0.013214111328125 -0.118934631347656
0.0388221740722656 0.0682792663574219 -0.148223876953125 -0.128204345703125
0.0703506469726562 0.0201416015625 -0.21795654296875 -0.0160675048828125
0.0707473754882813 -0.0272064208984375 -0.2095947265625 0.104782104492187
0.0491065979003906 -0.0277061462402344 -0.154327392578125 0.17132568359375
0.0514335632324219 -0.0223884582519531 -0.102935791015625 0.143798828125
0.060302734375 -0.0148086547851563 -0.0770797729492187 0.121353149414062
0.0464591979980469 0.0253791809082031 -0.0693511962890625 0.0995254516601562
0.00695419311523438 0.053375244140625 -0.0625457763671875 0.107246398925781
-0.0566062927246094 0.0385017395019531 -0.105674743652344 0.124671936035156
-0.09014892578125 -0.036376953125 -0.1890869140625 0.12445068359375
-0.0662078857421875 -0.106361389160156 -0.268295288085937 0.16693115234375
-0.0076141357421875 -0.144454956054688 -0.291015625 0.163604736328125
0.0661773681640625 -0.152999877929688 -0.286376953125 0.02789306640625
-0.0453948974609375 -0.068878173828125 -0.061279296875 0.00900268554687501
-0.0387306213378906 -0.0264625549316406 -0.00807952880859374 -0.13739013671875
-0.0216541290283203 -0.000846862792968747 -0.151519775390625 -0.150466918945312
-0.0084681510925293 -0.00101375579833984 -0.227218627929687 -0.0385284423828125
-0.00860738754272461 0.00767040252685547 -0.226852416992187 0.0991363525390625
-0.0153579711914063 0.0307502746582031 -0.15997314453125 0.175155639648438
-0.0125370025634766 0.0262660980224609 -0.0961456298828125 0.147506713867188
-0.011993408203125 0.0384101867675781 -0.0724945068359375 0.124282836914063
-0.0350990295410156 0.0419120788574219 -0.06011962890625 0.105720520019531
-0.0707626342773438 0.0155029296875 -0.0475921630859375 0.105186462402344
-0.0936126708984375 -0.04144287109375 -0.088348388671875 0.123092651367188
-0.04205322265625 -0.132125854492187 -0.1563720703125 0.12835693359375
0.023406982421875 -0.184310913085938 -0.237030029296875 0.158706665039063
0.11138916015625 -0.187606811523438 -0.260543823242188 0.135238647460938
0.185699462890625 -0.1824951171875 -0.254928588867188 -0.0371856689453125
0.04547119140625 -0.148712158203125 -0.0441856384277344 -0.0363235473632813
-0.00930786132812501 -0.144546508789063 0.0111541748046875 -0.162933349609375
-0.073944091796875 -0.08935546875 -0.136825561523437 -0.17919921875
-0.0887603759765625 -0.0366897583007813 -0.215774536132813 -0.0710906982421875
-0.093231201171875 0.0325698852539063 -0.22412109375 0.0762939453125
-0.0810623168945312 0.0813446044921875 -0.149429321289062 0.156341552734375
-0.0743255615234375 0.0704345703125 -0.0740280151367187 0.130409240722656
-0.0785598754882812 0.0904617309570312 -0.050018310546875 0.107032775878906
-0.106773376464844 0.0661087036132813 -0.0298004150390625 0.0986557006835938
-0.143539428710938 -0.00190734863281248 -0.0135421752929688 0.0975341796875
-0.139373779296875 -0.0945205688476563 -0.0527572631835938 0.123374938964844
-0.0239105224609375 -0.210006713867188 -0.11395263671875 0.135383605957031
0.0799560546875 -0.248794555664063 -0.191070556640625 0.142379760742187
0.201507568359375 -0.2158203125 -0.195281982421875 0.0998382568359374
0.28289794921875 -0.175262451171875 -0.176513671875 -0.104904174804687
0.14605712890625 -0.19677734375 0.00379943847656251 -0.0891342163085938
0.0464324951171875 -0.246566772460937 0.045928955078125 -0.184463500976563
-0.101791381835937 -0.18218994140625 -0.0998077392578125 -0.20263671875
-0.152816772460938 -0.084014892578125 -0.177261352539063 -0.103759765625
-0.166946411132813 0.0424957275390625 -0.196731567382813 0.0396575927734375
-0.13671875 0.1151123046875 -0.12152099609375 0.115936279296875
-0.124336242675781 0.10418701171875 -0.0412139892578125 0.094696044921875
-0.130073547363281 0.134178161621094 -0.0164794921875 0.071441650390625
-0.160659790039062 0.093017578125 0.0131683349609375 0.0750350952148438
-0.201629638671875 -0.00505065917968754 0.0307159423828125 0.07757568359375
-0.180618286132812 -0.121994018554687 -0.009613037109375 0.117424011230469
-0.02276611328125 -0.260650634765625 -0.0717086791992188 0.136100769042969
0.111328125 -0.28619384765625 -0.145233154296875 0.11126708984375
0.257522583007813 -0.219253540039063 -0.11138916015625 0.0543670654296875
0.333984375 -0.13446044921875 -0.0621185302734375 -0.162155151367188
0.229812622070313 -0.195541381835938 0.0772857666015625 -0.137565612792969
0.115234375 -0.298675537109375 0.0901947021484375 -0.19384765625
-0.09442138671875 -0.251571655273438 -0.042999267578125 -0.210174560546875
-0.182830810546875 -0.128997802734375 -0.115928649902344 -0.124641418457031
-0.214767456054688 0.0375213623046875 -0.143798828125 -0.00285339355468753
-0.1727294921875 0.130218505859375 -0.0782012939453125 0.0613174438476563
-0.155914306640625 0.12139892578125 -0.00302886962890626 0.0449180603027344
-0.161911010742188 0.159957885742188 0.0225048065185547 0.0219192504882813
-0.191574096679688 0.110122680664062 0.060272216796875 0.0372695922851563
-0.2349853515625 -0.00399780273437496 0.0759963989257812 0.0487594604492188
-0.20147705078125 -0.134002685546875 0.0330581665039062 0.103240966796875
-0.0169830322265625 -0.280120849609375 -0.0363235473632813 0.129058837890625
0.133758544921875 -0.287017822265625 -0.104331970214844 0.0701522827148438
0.284515380859375 -0.193206787109375 -0.0193634033203125 0.00437545776367186
0.324127197265625 -0.06890869140625 0.066070556640625 -0.197463989257813
0.267288208007813 -0.144195556640625 0.161056518554688 -0.16943359375
0.170486450195313 -0.279144287109375 0.131820678710938 -0.185455322265625
-0.0565032958984375 -0.269287109375 0.0186920166015625 -0.195068359375
-0.173202514648437 -0.15191650390625 -0.0460433959960938 -0.128387451171875
-0.223495483398438 0.02337646484375 -0.0766372680664063 -0.039642333984375
-0.1812744140625 0.123245239257813 -0.0252513885498047 0.00180053710937501
-0.162826538085938 0.119430541992187 0.0361709594726563 -0.01123046875
-0.170822143554687 0.161117553710938 0.0629425048828125 -0.0351715087890625
-0.197845458984375 0.111740112304688 0.10772705078125 -0.00744628906249999
-0.239242553710938 -0.00903320312499997 0.119087219238281 0.01922607421875
-0.194854736328125 -0.138275146484375 0.07000732421875 0.0897674560546875
0.002777099609375 -0.272323608398438 -0.0108642578125 0.119430541992187
0.1556396484375 -0.251022338867188 -0.06573486328125 0.0255584716796875
0.282867431640625 -0.136993408203125 0.07440185546875 -0.0392532348632813
0.252105712890625 0.0064239501953125 0.178863525390625 -0.209213256835938
0.242095947265625 -0.0639801025390625 0.23162841796875 -0.1798095703125
0.18218994140625 -0.198806762695313 0.158416748046875 -0.164718627929688
-0.01300048828125 -0.22662353515625 0.0685577392578125 -0.166824340820313
-0.129730224609375 -0.1405029296875 0.0151138305664062 -0.117263793945313
-0.190841674804687 0.00819396972656253 -0.0103759765625 -0.0665016174316406
-0.159164428710938 0.097442626953125 0.0268898010253906 -0.0532798767089844
-0.144668579101563 0.0995330810546875 0.0712890625 -0.0662918090820313
-0.154571533203125 0.138381958007812 0.101409912109375 -0.0895614624023437
-0.178909301757813 0.09454345703125 0.151535034179688 -0.0479888916015625
-0.21234130859375 -0.01641845703125 0.158416748046875 -0.0035858154296875
-0.161758422851563 -0.133941650390625 0.101936340332031 0.0821609497070312
0.030059814453125 -0.236236572265625 0.00830078125 0.111892700195312
0.166213989257813 -0.186279296875 -0.0263023376464844 -0.010406494140625
0.251419067382813 -0.0613555908203125 0.164108276367188 -0.06591796875
0.136756896972656 0.0771942138671875 0.251449584960938 -0.201004028320312
0.164718627929688 0.0212249755859375 0.270156860351563 -0.177215576171875
0.1478271484375 -0.0889892578125 0.164505004882813 -0.144393920898438
0.0196685791015625 -0.141326904296875 0.0965957641601563 -0.13934326171875
-0.070037841796875 -0.0980987548828125 0.0523681640625 -0.103103637695313
-0.125205993652344 -0.00340270996093749 0.0389022827148437 -0.0838699340820313
-0.110404968261719 0.0578079223632813 0.065521240234375 -0.0954055786132812
-0.102951049804687 0.0646514892578125 0.096221923828125 -0.11016845703125
-0.115875244140625 0.09344482421875 0.13299560546875 -0.131858825683594
-0.134811401367187 0.0635452270507813 0.188796997070313 -0.0789794921875
-0.159164428710938 -0.02392578125 0.19097900390625 -0.013885498046875
-0.1107177734375 -0.112869262695313 0.127677917480469 0.0836944580078125
0.0526580810546875 -0.173538208007813 0.0223159790039062 0.11181640625
0.155914306640625 -0.098541259765625 0.01300048828125 -0.0292167663574219
0.187042236328125 0.0232696533203125 0.238021850585938 -0.06707763671875
-0.0522994995117188 -0.0926361083984375 -0.259384155273438 0.0777282714843749
-0.102561950683594 0.0246047973632813 -0.0435256958007812 0.0379180908203125
-0.0400238037109375 0.0802154541015625 -0.0137786865234375 -0.117332458496094
0.0380287170410156 0.06414794921875 -0.145248413085938 -0.122573852539062
0.06781005859375 0.0178642272949219 -0.211105346679688 -0.012969970703125
0.0676536560058594 -0.0277481079101562 -0.201705932617187 0.10333251953125
0.0462226867675781 -0.0271835327148437 -0.145965576171875 0.167709350585937
0.0477638244628906 -0.0230484008789063 -0.0980987548828125 0.140495300292969
0.0563545227050781 -0.016937255859375 -0.0727767944335938 0.118637084960937
0.0451240539550781 0.0220565795898438 -0.0657958984375 0.0973587036132813
0.00735092163085938 0.0495796203613281 -0.0590362548828125 0.104965209960938
-0.0537528991699219 0.0376167297363281 -0.102302551269531 0.123603820800781
-0.0867080688476563 -0.0337448120117188 -0.184539794921875 0.123291015625
-0.06439208984375 -0.100799560546875 -0.259552001953125 0.164443969726563
-0.0093536376953125 -0.139167785644531 -0.280914306640625 0.161605834960938
0.0625762939453125 -0.150161743164063 -0.274749755859375 0.0330810546875
-0.0424652099609375 -0.0646400451660156 -0.056182861328125 0.0122604370117188
-0.0373916625976563 -0.0256271362304688 -0.00829315185546874 -0.134689331054688
-0.0217323303222656 -0.000528335571289059 -0.14794921875 -0.14495849609375
-0.00887584686279297 -0.00175285339355469 -0.22064208984375 -0.0355224609375
-0.00850629806518555 0.00770854949951172 -0.217880249023438 0.0986022949218749
-0.0148983001708984 0.0304603576660156 -0.151901245117188 0.171401977539063
-0.013336181640625 0.0253753662109375 -0.09051513671875 0.142990112304687
-0.0120582580566406 0.0365676879882813 -0.06683349609375 0.1212158203125
-0.0327301025390625 0.040130615234375 -0.0554275512695312 0.103103637695313
-0.0674896240234375 0.01568603515625 -0.0442123413085938 0.10394287109375
-0.0908279418945313 -0.0394134521484375 -0.085418701171875 0.122291564941406
-0.04119873046875 -0.127723693847656 -0.154373168945312 0.126678466796875
0.0206451416015625 -0.1773681640625 -0.230682373046875 0.1571044921875
0.106201171875 -0.182510375976563 -0.251861572265625 0.134124755859375
0.178176879882813 -0.1793212890625 -0.244888305664063 -0.0293884277343751
0.04376220703125 -0.1424560546875 -0.0405654907226562 -0.0310707092285156
-0.0109024047851562 -0.14056396484375 0.0107269287109375 -0.15887451171875
-0.0730361938476563 -0.0856552124023438 -0.133056640625 -0.173065185546875
-0.0868606567382813 -0.0356063842773438 -0.209121704101563 -0.0676116943359375
-0.0888748168945312 0.0333023071289063 -0.21490478515625 0.0762481689453125
-0.0764694213867187 0.0803756713867188 -0.140945434570312 0.152999877929688
-0.0723724365234375 0.0694580078125 -0.0687942504882813 0.125816345214844
-0.07464599609375 0.0881423950195312 -0.0452880859375 0.104866027832031
-0.101112365722656 0.0653839111328125 -0.0254592895507813 0.0963287353515625
-0.13818359375 -0.000137329101562479 -0.010772705078125 0.0964508056640625
-0.135848999023438 -0.08941650390625 -0.0506362915039063 0.122726440429688
-0.0247650146484375 -0.203842163085938 -0.112693786621094 0.133705139160156
0.073822021484375 -0.241119384765625 -0.186798095703125 0.141403198242187
0.193359375 -0.2113037109375 -0.189285278320313 0.09967041015625
0.271835327148437 -0.173843383789063 -0.170211791992187 -0.0956573486328125
0.140151977539063 -0.189651489257813 0.00471496582031251 -0.0824737548828125
0.0414886474609375 -0.240280151367188 0.0449676513671875 -0.180313110351563
-0.101150512695313 -0.174453735351562 -0.096954345703125 -0.196060180664063
-0.149002075195313 -0.0800323486328125 -0.172470092773437 -0.100677490234375
-0.159713745117188 0.0444488525390625 -0.188888549804688 0.039947509765625
-0.129501342773438 0.114875793457031 -0.114067077636719 0.11322021484375
-0.119491577148438 0.102920532226563 -0.0370330810546875 0.0903396606445312
-0.122718811035156 0.132171630859375 -0.0133819580078125 0.0695419311523438
-0.152008056640625 0.092926025390625 0.0158843994140625 0.0722198486328125
-0.194656372070313 -0.000946044921875013 0.031890869140625 0.0763626098632813
-0.176483154296875 -0.115432739257813 -0.00782012939453125 0.115821838378906
-0.0251617431640625 -0.2532958984375 -0.0711517333984375 0.134384155273437
0.103286743164062 -0.277877807617188 -0.142868041992187 0.111602783203125
0.247222900390625 -0.214981079101563 -0.108383178710938 0.0546798706054687
0.3214111328125 -0.13421630859375 -0.0614013671875 -0.152099609375
0.220993041992187 -0.189041137695313 0.0745925903320313 -0.130653381347656
0.10687255859375 -0.291656494140625 0.0882720947265625 -0.188888549804688
-0.09405517578125 -0.24053955078125 -0.041778564453125 -0.203369140625
-0.178421020507813 -0.122650146484375 -0.11273193359375 -0.122108459472656
-0.205673217773438 0.0399169921875 -0.139190673828125 -0.00147247314453126
-0.16387939453125 0.129745483398437 -0.0723724365234375 0.0597305297851563
-0.149002075195313 0.120407104492188 -0.000221252441406263 0.0418472290039063
-0.151718139648438 0.157699584960938 0.0243244171142578 0.0212116241455078
-0.181243896484375 0.110504150390625 0.0611534118652344 0.0348472595214844
-0.225799560546875 0.00143432617187497 0.0753860473632812 0.047271728515625
-0.196807861328125 -0.125885009765625 0.033447265625 0.101669311523437
-0.0206146240234375 -0.271835327148438 -0.0357208251953125 0.127822875976562
0.1243896484375 -0.279876708984375 -0.103118896484375 0.0712661743164062
0.274169921875 -0.1910400390625 -0.0197925567626953 0.00540924072265624
0.312774658203125 -0.071044921875 0.06231689453125 -0.188735961914063
0.257736206054688 -0.141021728515625 0.154464721679688 -0.162551879882813
0.1607666015625 -0.274398803710938 0.128631591796875 -0.179931640625
-0.0591888427734375 -0.258636474609375 0.01873779296875 -0.190048217773438
-0.168624877929688 -0.145431518554688 -0.0450592041015625 -0.126220703125
-0.214157104492187 0.0267181396484375 -0.0753097534179688 -0.0374526977539062
-0.171859741210938 0.123062133789062 -0.0233116149902344 0.00169181823730469
-0.155471801757813 0.11846923828125 0.0369186401367187 -0.0130805969238281
-0.159469604492187 0.1591796875 0.0619010925292969 -0.0342140197753906
-0.186996459960938 0.112579345703125 0.10552978515625 -0.00841522216796874
-0.229995727539063 -0.00177001953124999 0.115806579589844 0.017852783203125
-0.1907958984375 -0.129898071289062 0.06951904296875 0.087860107421875
-0.00202941894531252 -0.264053344726563 -0.0102081298828125 0.11761474609375
0.14544677734375 -0.245742797851562 -0.0659294128417968 0.0269699096679687
0.272979736328125 -0.138427734375 0.070770263671875 -0.0383453369140625
0.2435302734375 0.0021209716796875 0.171096801757813 -0.202178955078125
0.233932495117188 -0.06463623046875 0.222000122070313 -0.174591064453125
0.173049926757813 -0.197097778320313 0.154617309570313 -0.160171508789063
-0.01678466796875 -0.2177734375 0.0677490234375 -0.162506103515625
-0.127174377441406 -0.134262084960938 0.0135498046875 -0.116424560546875
-0.182464599609375 0.0118560791015625 -0.0112152099609375 -0.0642547607421875
-0.151382446289063 0.0977783203125 0.0253219604492187 -0.0527000427246094
-0.137809753417969 0.0986404418945313 0.0693855285644531 -0.0663833618164063
-0.144683837890625 0.1368408203125 0.0975341796875 -0.0875625610351562
-0.168853759765625 0.0955810546875 0.146652221679687 -0.0488433837890625
-0.204437255859375 -0.01031494140625 0.15277099609375 -0.0053253173828125
-0.158721923828125 -0.12542724609375 0.100204467773437 0.078826904296875
0.0245361328125 -0.229522705078125 0.00881195068359374 0.110237121582031
0.156997680664063 -0.1824951171875 -0.0278377532958984 -0.00909996032714844
0.243331909179688 -0.06353759765625 0.156402587890625 -0.0651092529296875
0.132820129394531 0.0718536376953125 0.240310668945313 -0.19580078125
0.1590576171875 0.0179290771484375 0.2601318359375 -0.173446655273438
0.140281677246094 -0.0898590087890625 0.160079956054688 -0.1412353515625
0.0162734985351563 -0.136451721191406 0.09454345703125 -0.13775634765625
-0.0684356689453125 -0.0932235717773438 0.049896240234375 -0.102851867675781
-0.120079040527344 -0.000694274902343746 0.0356979370117188 -0.082611083984375
-0.104835510253906 0.0585250854492188 0.0618057250976563 -0.0946502685546875
-0.0981292724609375 0.0640716552734375 0.0923919677734375 -0.108688354492188
-0.107711791992188 0.092742919921875 0.127273559570313 -0.128349304199219
-0.127967834472656 0.0639724731445312 0.181549072265625 -0.0786590576171875
-0.152984619140625 -0.0189208984375 0.183868408203125 -0.01593017578125
-0.109275817871094 -0.106010437011719 0.124488830566406 0.0793914794921875
0.04827880859375 -0.168487548828125 0.0218658447265625 0.108901977539062
0.149154663085938 -0.0973968505859375 0.0100212097167969 -0.0283088684082031
0.181228637695313 0.01861572265625 0.228103637695313 -0.0681915283203125
-0.0538101196289063 -0.0916519165039062 -0.253829956054688 0.08355712890625
-0.0995712280273438 0.0265350341796875 -0.03887939453125 0.0390892028808594
-0.0379409790039062 0.0807342529296875 -0.0155029296875 -0.118186950683594
0.0383262634277344 0.0622711181640625 -0.146881103515625 -0.1202392578125
0.066680908203125 0.015869140625 -0.208847045898438 -0.00852966308593746
0.0655632019042969 -0.0291938781738281 -0.198165893554688 0.105087280273437
0.0452079772949219 -0.0281791687011719 -0.141189575195312 0.169570922851563
0.0453872680664063 -0.02423095703125 -0.094390869140625 0.141220092773438
0.0534782409667969 -0.0187225341796875 -0.0695648193359375 0.119224548339844
0.0449028015136719 0.0191650390625 -0.0628280639648438 0.0988006591796875
0.00787734985351563 0.0480461120605469 -0.0570602416992188 0.106300354003906
-0.05279541015625 0.0379219055175781 -0.101295471191406 0.126312255859375
-0.085296630859375 -0.0316314697265625 -0.184402465820313 0.126846313476563
-0.064727783203125 -0.0975189208984375 -0.2576904296875 0.168136596679687
-0.0114059448242187 -0.137672424316406 -0.278884887695313 0.165252685546875
0.0597686767578125 -0.150848388671875 -0.26995849609375 0.039794921875
-0.0408973693847656 -0.0623893737792969 -0.0526657104492188 0.0149765014648437
-0.0377044677734375 -0.0243415832519531 -0.00986480712890624 -0.135757446289063
-0.0222911834716797 -0.000823974609375003 -0.149032592773438 -0.142501831054687
-0.00981426239013672 -0.00211811065673828 -0.219680786132813 -0.0313873291015625
-0.0082406997680664 0.00806856155395508 -0.214096069335938 0.101470947265625
-0.0135936737060547 0.0311069488525391 -0.146286010742187 0.17340087890625
-0.0139865875244141 0.0256767272949219 -0.0865020751953125 0.142730712890625
-0.0121192932128906 0.0357551574707031 -0.0637054443359375 0.120964050292969
-0.0315055847167969 0.0389518737792969 -0.0522842407226562 0.104148864746094
-0.0661468505859375 0.0163116455078125 -0.0413818359375 0.104995727539063
-0.0903091430664063 -0.0372390747070312 -0.084259033203125 0.125625610351563
-0.0428009033203125 -0.126724243164063 -0.155029296875 0.130279541015625
0.01708984375 -0.175735473632813 -0.228912353515625 0.161163330078125
0.103363037109375 -0.182907104492187 -0.250244140625 0.137969970703125
0.174423217773438 -0.182281494140625 -0.24200439453125 -0.022430419921875
0.0435943603515625 -0.140869140625 -0.0384407043457031 -0.0274848937988281
-0.013031005859375 -0.140083312988281 0.00938415527343752 -0.159500122070312
-0.0742645263671875 -0.08319091796875 -0.13427734375 -0.170440673828125
-0.0872573852539063 -0.0346755981445312 -0.20855712890625 -0.0646209716796875
-0.0867385864257813 0.0350418090820313 -0.212020874023438 0.0789794921875
-0.0734405517578125 0.0825653076171875 -0.135467529296875 0.15411376953125
-0.071380615234375 0.0703659057617188 -0.06488037109375 0.124900817871094
-0.0717620849609375 0.089141845703125 -0.0411300659179688 0.104644775390625
-0.0978775024414063 0.0662460327148437 -0.0222320556640625 0.0963211059570313
-0.136199951171875 0.00310516357421877 -0.00798034667968751 0.0973587036132813
-0.136360168457031 -0.086761474609375 -0.0491180419921875 0.125900268554688
-0.02813720703125 -0.202835083007813 -0.114234924316406 0.137161254882812
0.0683135986328125 -0.240325927734375 -0.186050415039063 0.146224975585937
0.189559936523438 -0.212631225585938 -0.18798828125 0.103271484375
0.267669677734375 -0.177886962890625 -0.169204711914062 -0.088836669921875
0.13916015625 -0.188522338867188 0.00540924072265626 -0.0785903930664063
0.0368499755859375 -0.240463256835938 0.0442352294921875 -0.180526733398438
-0.102951049804687 -0.170806884765625 -0.09820556640625 -0.194534301757813
-0.14990234375 -0.0774993896484375 -0.173141479492188 -0.0983734130859375
-0.15679931640625 0.047271728515625 -0.186477661132813 0.043060302734375
-0.125373840332031 0.117805480957031 -0.109580993652344 0.114822387695313
-0.117485046386719 0.104957580566406 -0.0334014892578125 0.0882949829101563
-0.11785888671875 0.133842468261719 -0.00926208496093751 0.0694313049316406
-0.14727783203125 0.09478759765625 0.0192947387695312 0.0720367431640625
-0.1922607421875 0.00404357910156246 0.0345993041992187 0.07684326171875
-0.177474975585938 -0.110549926757813 -0.0065155029296875 0.117729187011719
-0.0300140380859375 -0.252578735351563 -0.07110595703125 0.137214660644531
0.09661865234375 -0.277984619140625 -0.142471313476563 0.115005493164062
0.2437744140625 -0.219268798828125 -0.108131408691406 0.0576934814453125
0.31890869140625 -0.13897705078125 -0.0623016357421875 -0.1466064453125
0.21771240234375 -0.190536499023438 0.072998046875 -0.127662658691406
0.100341796875 -0.293182373046875 0.0877532958984375 -0.189559936523438
-0.09820556640625 -0.236434936523438 -0.0427093505859375 -0.202774047851563
-0.179428100585938 -0.120025634765625 -0.115020751953125 -0.121673583984375
-0.2015380859375 0.0435638427734375 -0.138427734375 0.00144958496093749
-0.158843994140625 0.133102416992187 -0.0699539184570313 0.0607070922851562
-0.145660400390625 0.123275756835938 0.00223159790039062 0.0391998291015625
-0.145187377929688 0.160537719726562 0.0263500213623047 0.0203285217285156
-0.17523193359375 0.114242553710938 0.0634574890136719 0.0338401794433594
-0.223419189453125 0.00741577148437497 0.0764541625976563 0.0472793579101563
-0.198440551757813 -0.120590209960937 0.0353317260742188 0.10260009765625
-0.027313232421875 -0.27142333984375 -0.0354461669921875 0.129707336425781
0.116897583007813 -0.280044555664063 -0.10345458984375 0.0748748779296875
0.269790649414063 -0.196044921875 -0.0201854705810547 0.00674438476562499
0.3099365234375 -0.076904296875 0.0595245361328125 -0.184921264648438
0.253860473632813 -0.143447875976563 0.15118408203125 -0.161056518554688
0.15325927734375 -0.277267456054688 0.128021240234375 -0.180908203125
-0.063507080078125 -0.25469970703125 0.0179290771484375 -0.190170288085938
-0.170364379882813 -0.141220092773438 -0.046905517578125 -0.127159118652344
-0.209732055664063 0.031585693359375 -0.0753097534179688 -0.0357131958007813
-0.16644287109375 0.127044677734375 -0.0219383239746094 0.00160598754882813
-0.151962280273437 0.121810913085938 0.0380325317382812 -0.015899658203125
-0.15234375 0.1622314453125 0.0628128051757812 -0.0357398986816406
-0.180435180664063 0.11700439453125 0.106346130371094 -0.0103225708007812
-0.227371215820313 0.00489807128906246 0.116493225097656 0.016632080078125
-0.192169189453125 -0.123764038085938 0.0709686279296875 0.0871734619140625
-0.00857543945312498 -0.263259887695313 -0.00965118408203126 0.118598937988281
0.138748168945313 -0.246337890625 -0.0673065185546875 0.0296287536621094
0.269317626953125 -0.142898559570312 0.0683860778808594 -0.0386428833007813
0.24249267578125 -0.003143310546875 0.167495727539063 -0.201126098632813
0.231124877929687 -0.067535400390625 0.218185424804688 -0.174789428710937
0.166915893554688 -0.2010498046875 0.153961181640625 -0.161361694335938
-0.0214691162109375 -0.214813232421875 0.0671539306640625 -0.164505004882812
-0.128219604492187 -0.130592346191406 0.0118408203125 -0.118133544921875
-0.179107666015625 0.0158843994140625 -0.0126075744628906 -0.0637397766113281
-0.146133422851562 0.101226806640625 0.0248565673828125 -0.0532264709472656
-0.134841918945313 0.101951599121094 0.0691070556640625 -0.0692367553710938
-0.138099670410156 0.139373779296875 0.0963897705078125 -0.0885467529296875
-0.163253784179688 0.099761962890625 0.145843505859375 -0.0511932373046875
-0.202041625976563 -0.0041656494140625 0.152099609375 -0.007293701171875
-0.160873413085938 -0.11993408203125 0.101112365722656 0.0777053833007812
0.0190582275390625 -0.229263305664063 0.0100173950195313 0.109725952148438
0.1514892578125 -0.1842041015625 -0.0306015014648437 -0.00776100158691408
0.240707397460937 -0.069488525390625 0.152862548828125 -0.067138671875
0.133216857910156 0.067962646484375 0.236541748046875 -0.196807861328125
0.158981323242187 0.0142974853515625 0.2554931640625 -0.175094604492188
0.13726806640625 -0.093841552734375 0.159652709960937 -0.143478393554687
0.012451171875 -0.134986877441406 0.0941238403320313 -0.140113830566406
-0.06915283203125 -0.091156005859375 0.0479202270507812 -0.105339050292969
-0.117752075195312 0.00270080566406249 0.0330886840820312 -0.0829544067382813
-0.102607727050781 0.061279296875 0.0589370727539062 -0.09515380859375
-0.0959243774414063 0.0665054321289062 0.0899658203125 -0.111320495605469
-0.103652954101562 0.0943679809570313 0.124359130859375 -0.13006591796875
-0.123893737792969 0.0678176879882813 0.179702758789062 -0.0816650390625
-0.15155029296875 -0.0137786865234375 0.182266235351563 -0.018707275390625
-0.110763549804688 -0.102851867675781 0.125236511230469 0.0779342651367188
0.0442352294921875 -0.168869018554688 0.0235977172851563 0.108230590820313
0.14508056640625 -0.099945068359375 0.00623703002929688 -0.0276737213134766
0.180450439453125 0.01397705078125 0.22344970703125 -0.0718994140625
-0.0590972900390625 -0.0908126831054688 -0.250350952148438 0.094512939453125
-0.096923828125 0.0312728881835937 -0.03436279296875 0.0417022705078125
-0.0336456298828125 0.0832366943359375 -0.0203475952148438 -0.119926452636719
0.040374755859375 0.0610733032226563 -0.1524658203125 -0.115646362304688
0.0667037963867188 0.0130882263183594 -0.209930419921875 -0.00016784667968747
0.0640754699707031 -0.0335578918457031 -0.194961547851563 0.112457275390625
0.0437698364257813 -0.0308876037597656 -0.13482666015625 0.176742553710938
0.0428047180175781 -0.0269203186035156 -0.08966064453125 0.145950317382813
0.050689697265625 -0.022247314453125 -0.064971923828125 0.123313903808594
0.045257568359375 0.0156784057617188 -0.059356689453125 0.1019287109375
0.0104637145996094 0.0465126037597656 -0.053375244140625 0.109695434570313
-0.0504531860351563 0.0401649475097656 -0.0981597900390625 0.133201599121094
-0.0859146118164063 -0.0281219482421875 -0.183242797851563 0.136337280273437
-0.06805419921875 -0.0938262939453125 -0.253402709960937 0.179672241210938
-0.016998291015625 -0.138198852539063 -0.275909423828125 0.17767333984375
0.0539398193359375 -0.154922485351563 -0.268112182617188 0.05133056640625
-0.0413284301757813 -0.0605278015136719 -0.0491256713867187 0.0190887451171875
-0.0381736755371094 -0.0231742858886719 -0.0144729614257813 -0.137008666992188
-0.0232257843017578 0.00019645690917969 -0.154891967773438 -0.137588500976562
-0.0108680725097656 -0.00197792053222656 -0.220565795898438 -0.023406982421875
-0.00818300247192383 0.00774335861206055 -0.210784912109375 0.109710693359375
-0.0116901397705078 0.032318115234375 -0.138946533203125 0.180252075195313
-0.0142765045166016 0.0262908935546875 -0.0810394287109375 0.146377563476562
-0.0118064880371094 0.0358543395996094 -0.0581512451171875 0.124862670898438
-0.0297279357910156 0.0392799377441406 -0.0478515625 0.107154846191406
-0.0659332275390625 0.0184516906738281 -0.036895751953125 0.108695983886719
-0.0921401977539063 -0.0344161987304688 -0.0807647705078125 0.132095336914063
-0.0475997924804688 -0.125755310058594 -0.15399169921875 0.13861083984375
0.01080322265625 -0.176025390625 -0.226150512695313 0.171859741210937
0.097198486328125 -0.188674926757812 -0.248580932617188 0.150115966796875
0.16839599609375 -0.191360473632812 -0.242080688476562 -0.0106964111328125
0.0404510498046875 -0.141998291015625 -0.0370674133300781 -0.0234222412109375
-0.0193939208984375 -0.141082763671875 0.0051116943359375 -0.162399291992188
-0.078643798828125 -0.0803985595703125 -0.140533447265625 -0.166702270507812
-0.0904693603515625 -0.0316162109375 -0.212753295898437 -0.0575714111328125
-0.0852584838867188 0.038787841796875 -0.209197998046875 0.0876007080078126
-0.0696640014648438 0.08648681640625 -0.1282958984375 0.160125732421875
-0.0696945190429688 0.0745620727539063 -0.0599136352539063 0.126296997070313
-0.06842041015625 0.0926895141601563 -0.03607177734375 0.106246948242188
-0.0951385498046875 0.0701904296875 -0.0166244506835938 0.097900390625
-0.136543273925781 0.00879669189453125 -0.00292205810546877 0.0992965698242188
-0.140548706054688 -0.0816726684570312 -0.0450668334960938 0.130851745605469
-0.03729248046875 -0.204238891601563 -0.112899780273438 0.144683837890625
0.0583343505859375 -0.242935180664062 -0.183792114257813 0.156005859375
0.182968139648438 -0.222244262695313 -0.186767578125 0.111923217773437
0.263442993164063 -0.190017700195312 -0.171920776367187 -0.0798187255859375
0.1343994140625 -0.193161010742188 0.00527954101562501 -0.076690673828125
0.02667236328125 -0.24407958984375 0.039764404296875 -0.184738159179688
-0.110382080078125 -0.167129516601562 -0.104415893554687 -0.193161010742188
-0.154312133789063 -0.0732269287109375 -0.178756713867188 -0.0939483642578125
-0.154052734375 0.0541534423828125 -0.18548583984375 0.050933837890625
-0.1195068359375 0.124916076660156 -0.103515625 0.11962890625
-0.114028930664063 0.111068725585937 -0.0289230346679688 0.0878982543945313
-0.111618041992188 0.139350891113281 -0.00483322143554688 0.0697402954101563
-0.142547607421875 0.101409912109375 0.0242462158203125 0.0716705322265625
-0.192062377929688 0.0135040283203125 0.039093017578125 0.0771255493164063
-0.1837158203125 -0.103683471679687 -0.00222778320312501 0.121475219726563
-0.042022705078125 -0.253936767578125 -0.0690460205078125 0.143478393554687
0.08447265625 -0.282318115234375 -0.140274047851563 0.123931884765625
0.23828125 -0.230377197265625 -0.10809326171875 0.062957763671875
0.315185546875 -0.15478515625 -0.0669097900390625 -0.142547607421875
0.213088989257813 -0.198257446289062 0.0702667236328125 -0.12725830078125
0.088134765625 -0.30096435546875 0.08380126953125 -0.194534301757813
-0.108123779296875 -0.232894897460938 -0.0485687255859375 -0.203598022460938
-0.18536376953125 -0.114044189453125 -0.120590209960938 -0.119583129882812
-0.19921875 0.05291748046875 -0.138603210449219 0.00722503662109375
-0.152023315429688 0.141769409179688 -0.0658111572265625 0.0633087158203125
-0.141159057617187 0.130386352539063 0.00514984130859374 0.0367431640625
-0.137069702148438 0.167343139648438 0.0290184020996094 0.0191726684570313
-0.168655395507812 0.122543334960938 0.0672492980957031 0.0311012268066406
-0.222900390625 0.018829345703125 0.0799713134765625 0.0450057983398438
-0.204421997070312 -0.11175537109375 0.0391845703125 0.104240417480469
-0.039794921875 -0.272994995117188 -0.0321731567382813 0.133766174316406
0.10491943359375 -0.2857666015625 -0.103225708007812 0.0814743041992188
0.264923095703125 -0.209381103515625 -0.0216732025146484 0.00845718383789062
0.309112548828125 -0.090576171875 0.053131103515625 -0.185638427734375
0.250534057617188 -0.153549194335938 0.147384643554688 -0.164215087890625
0.142303466796875 -0.286865234375 0.125198364257813 -0.187423706054688
-0.0744171142578125 -0.252105712890625 0.0126190185546875 -0.193954467773438
-0.177154541015625 -0.136199951171875 -0.0527496337890625 -0.128341674804688
-0.207931518554688 0.0411529541015625 -0.0767822265625 -0.0317535400390625
-0.16009521484375 0.135772705078125 -0.0209121704101563 0.00213050842285157
-0.1474609375 0.130126953125 0.0389671325683594 -0.0198516845703125
-0.143524169921875 0.170211791992188 0.0630912780761719 -0.0380859375
-0.17376708984375 0.12542724609375 0.10833740234375 -0.0148849487304687
-0.2266845703125 0.01654052734375 0.118431091308594 0.0122222900390625
-0.19818115234375 -0.115219116210937 0.07513427734375 0.0867538452148438
-0.0209197998046875 -0.2652587890625 -0.00588226318359375 0.120994567871094
0.126800537109375 -0.253128051757812 -0.0692520141601562 0.0346298217773437
0.26690673828125 -0.155471801757813 0.0655250549316406 -0.0403366088867188
0.244308471679688 -0.013275146484375 0.160614013671875 -0.206756591796875
0.229949951171875 -0.0773468017578125 0.213241577148438 -0.181686401367188
0.158294677734375 -0.210494995117188 0.151718139648438 -0.16827392578125
-0.031219482421875 -0.214859008789063 0.0630645751953125 -0.170028686523438
-0.134628295898438 -0.12738037109375 0.00727081298828124 -0.121055603027344
-0.177932739257813 0.0237579345703125 -0.0155677795410156 -0.0633811950683594
-0.14105224609375 0.1092529296875 0.0236091613769531 -0.0549774169921875
-0.130050659179688 0.108833312988281 0.0672225952148437 -0.0739212036132813
-0.130935668945312 0.146163940429688 0.093994140625 -0.0930709838867187
-0.15679931640625 0.108444213867188 0.145889282226563 -0.0577392578125
-0.202178955078125 0.00706481933593749 0.1524658203125 -0.012786865234375
-0.166351318359375 -0.112762451171875 0.104782104492187 0.074920654296875
0.00854492187499998 -0.231719970703125 0.013580322265625 0.111305236816406
0.143310546875 -0.191207885742188 -0.0336418151855469 -0.00519943237304689
0.2398681640625 -0.0811309814453125 0.149673461914063 -0.073638916015625
0.136589050292969 0.0623626708984375 0.230972290039063 -0.205352783203125
0.160552978515625 0.0069732666015625 0.250289916992188 -0.185287475585938
0.132919311523438 -0.101287841796875 0.15771484375 -0.150146484375
0.00582122802734375 -0.135536193847656 0.0912628173828125 -0.147018432617187
-0.073822021484375 -0.0889511108398438 0.044464111328125 -0.109458923339844
-0.116615295410156 0.00807952880859373 0.0291213989257812 -0.0847091674804688
-0.0988082885742188 0.0671005249023438 0.0555419921875 -0.0989532470703125
-0.09326171875 0.0712127685546875 0.0864944458007812 -0.116729736328125
-0.09820556640625 0.0992355346679688 0.120498657226563 -0.135841369628906
-0.118537902832031 0.0739212036132813 0.177871704101563 -0.089263916015625
-0.151702880859375 -0.00547790527343749 0.182037353515625 -0.025238037109375
-0.115821838378906 -0.09710693359375 0.128936767578125 0.0739669799804688
0.0365753173828125 -0.172348022460938 0.0269241333007812 0.108970642089844
0.141311645507813 -0.106033325195313 0.00199890136718751 -0.0277786254882813
0.1815185546875 0.00555419921875 0.2193603515625 -0.081695556640625
-0.0653915405273438 -0.0865402221679687 -0.2410888671875 0.110626220703125
-0.0928878784179688 0.0370407104492187 -0.0282173156738281 0.043548583984375
-0.0269317626953125 0.0856781005859375 -0.027984619140625 -0.119705200195313
0.04327392578125 0.0579986572265625 -0.158355712890625 -0.105178833007813
0.066925048828125 0.00868988037109375 -0.207489013671875 0.01275634765625
0.060791015625 -0.0382041931152344 -0.186874389648437 0.123275756835938
0.04052734375 -0.0345687866210938 -0.122039794921875 0.184295654296875
0.0393142700195313 -0.0296058654785156 -0.080108642578125 0.151138305664062
0.0467338562011719 -0.0262527465820313 -0.0564956665039062 0.127029418945313
0.0451545715332031 0.0107231140136719 -0.0529327392578125 0.105918884277344
0.013580322265625 0.0445976257324219 -0.0460739135742188 0.112991333007813
-0.0473518371582031 0.0433006286621094 -0.0902099609375 0.14068603515625
-0.086456298828125 -0.0220718383789062 -0.175338745117188 0.148788452148438
-0.072540283203125 -0.0876846313476562 -0.241241455078125 0.194534301757813
-0.0264663696289062 -0.136367797851563 -0.264617919921875 0.19451904296875
0.04254150390625 -0.158615112304688 -0.261474609375 0.06982421875
-0.0430870056152344 -0.0570869445800781 -0.04425048828125 0.0235710144042969
-0.0392494201660156 -0.0202827453613281 -0.0226974487304688 -0.136756896972656
-0.0233535766601563 0.001495361328125 -0.162017822265625 -0.127517700195313
-0.0118398666381836 -0.00120353698730469 -0.220809936523438 -0.00944519042968746
-0.00738525390625 0.00782918930053711 -0.202362060546875 0.121185302734375
-0.00977134704589844 0.0324287414550781 -0.125885009765625 0.187850952148438
-0.0141277313232422 0.0268726348876953 -0.0713958740234375 0.150527954101563
-0.0108871459960938 0.0361595153808594 -0.0495529174804688 0.127700805664062
-0.0271034240722656 0.0396842956542969 -0.039886474609375 0.10992431640625
-0.0636024475097656 0.022247314453125 -0.0297470092773438 0.110832214355469
-0.0937271118164062 -0.0284423828125 -0.0731124877929687 0.138740539550781
-0.0554046630859375 -0.121940612792969 -0.147079467773438 0.1500244140625
-0.000457763671875019 -0.173675537109375 -0.215438842773438 0.187057495117188
0.084808349609375 -0.194000244140625 -0.239456176757813 0.165390014648438
0.155227661132813 -0.2020263671875 -0.240432739257813 0.00596618652343749
0.033538818359375 -0.143280029296875 -0.0352973937988281 -0.0186691284179688
-0.0281448364257812 -0.139289855957031 -0.003448486328125 -0.163131713867188
-0.0831985473632813 -0.0750198364257813 -0.149017333984375 -0.158599853515625
-0.0930099487304688 -0.0264816284179688 -0.214813232421875 -0.04498291015625
-0.081512451171875 0.0438690185546875 -0.20196533203125 0.1002197265625
-0.0627288818359375 0.0909576416015625 -0.116165161132813 0.166900634765625
-0.0652923583984375 0.0790557861328125 -0.05072021484375 0.127525329589844
-0.0624008178710937 0.096954345703125 -0.0280838012695312 0.107841491699219
-0.0890274047851562 0.07470703125 -0.0087738037109375 0.0986557006835938
-0.134300231933594 0.0176467895507813 0.00434112548828123 0.0997238159179687
-0.145294189453125 -0.07232666015625 -0.037445068359375 0.136215209960938
-0.0507049560546875 -0.201431274414063 -0.105453491210937 0.154220581054688
0.0429229736328125 -0.243545532226563 -0.174972534179687 0.169082641601563
0.1689453125 -0.233718872070313 -0.180892944335937 0.123611450195313
0.25 -0.206314086914063 -0.17462158203125 -0.066680908203125
0.12353515625 -0.199920654296875 0.002197265625 -0.0732040405273438
0.0107421875 -0.245529174804688 0.030517578125 -0.18804931640625
-0.12091064453125 -0.159271240234375 -0.114471435546875 -0.1866455078125
-0.159210205078125 -0.063720703125 -0.18426513671875 -0.0829010009765625
-0.149154663085938 0.064117431640625 -0.180679321289063 0.062255859375
-0.108856201171875 0.132667541503906 -0.0937881469726563 0.124244689941406
-0.106796264648437 0.118659973144531 -0.0227432250976563 0.0871658325195313
-0.101181030273438 0.146133422851563 0.000976562499999996 0.069122314453125
-0.133346557617188 0.109817504882812 0.0305519104003906 0.0694236755371094
-0.188674926757813 0.02630615234375 0.0450210571289062 0.075347900390625
-0.18939208984375 -0.09112548828125 0.00571441650390623 0.123855590820312
-0.0590667724609375 -0.251113891601563 -0.06219482421875 0.150192260742187
0.064666748046875 -0.284637451171875 -0.134025573730469 0.134918212890625
0.223556518554688 -0.245498657226563 -0.105171203613281 0.0704269409179687
0.3038330078125 -0.1741943359375 -0.0742263793945312 -0.134788513183594
0.201187133789063 -0.20989990234375 0.0633544921875 -0.127944946289063
0.068389892578125 -0.30560302734375 0.0741119384765625 -0.200241088867188
-0.122589111328125 -0.224853515625 -0.0597686767578125 -0.201065063476562
-0.1932373046875 -0.102081298828125 -0.128288269042969 -0.112556457519531
-0.193206787109375 0.0655975341796875 -0.136566162109375 0.0167465209960938
-0.139892578125 0.151687622070312 -0.0597877502441406 0.0661773681640625
-0.131858825683594 0.139900207519531 0.00860214233398437 0.0340995788574219
-0.123641967773438 0.175918579101563 0.0319957733154297 0.0169734954833984
-0.157608032226563 0.132965087890625 0.0705337524414062 0.0269317626953125
-0.218978881835938 0.0345611572265625 0.0838775634765625 0.0409698486328125
-0.21099853515625 -0.0970611572265625 0.045562744140625 0.103370666503906
-0.0582275390625 -0.270477294921875 -0.0250167846679688 0.137763977050781
0.084442138671875 -0.29010009765625 -0.100006103515625 0.0897216796875
0.251296997070313 -0.225936889648438 -0.0229415893554687 0.0106182098388672
0.302947998046875 -0.111083984375 0.042144775390625 -0.185791015625
0.241165161132813 -0.16748046875 0.13677978515625 -0.169998168945313
0.1224365234375 -0.296142578125 0.116363525390625 -0.195785522460938
-0.0906219482421875 -0.245941162109375 0.00244140624999999 -0.195571899414063
-0.186737060546875 -0.125274658203125 -0.0614242553710938 -0.125801086425781
-0.202804565429688 0.0550537109375 -0.0782394409179688 -0.0265960693359375
-0.147964477539063 0.146743774414063 -0.0185127258300781 0.00259017944335938
-0.136985778808594 0.139511108398438 0.0383949279785156 -0.0246391296386719
-0.129531860351562 0.179183959960938 0.0618782043457031 -0.0424652099609375
-0.161529541015625 0.136764526367187 0.108070373535156 -0.022216796875
-0.222366333007813 0.033447265625 0.119499206542969 0.005615234375
-0.205917358398437 -0.100738525390625 0.080810546875 0.0827713012695313
-0.039703369140625 -0.263427734375 0.000518798828125007 0.122657775878906
0.108871459960938 -0.258941650390625 -0.0686073303222656 0.0404815673828125
0.255950927734375 -0.17449951171875 0.0616798400878906 -0.0443840026855469
0.242294311523438 -0.0299530029296875 0.148696899414063 -0.2125244140625
0.22454833984375 -0.0911712646484375 0.200729370117188 -0.19189453125
0.143310546875 -0.221084594726563 0.143264770507813 -0.178009033203125
-0.045135498046875 -0.21051025390625 0.05316162109375 -0.175155639648438
-0.1431884765625 -0.118423461914063 -0.00141143798828127 -0.122520446777344
-0.173751831054688 0.036773681640625 -0.0198593139648438 -0.0611076354980469
-0.131484985351563 0.119285583496094 0.0206489562988281 -0.0562171936035156
-0.12127685546875 0.117538452148438 0.0628280639648437 -0.0800247192382812
-0.118331909179688 0.154647827148437 0.0886459350585937 -0.0986328125
-0.14593505859375 0.117904663085938 0.142623901367188 -0.0669708251953125
-0.199478149414063 0.0219879150390625 0.15118408203125 -0.0219879150390625
-0.173049926757813 -0.0994110107421875 0.109832763671875 0.0692825317382813
-0.00796508789062499 -0.232101440429688 0.0193710327148438 0.111221313476562
0.1287841796875 -0.199081420898437 -0.0365982055664063 -0.00178909301757814
0.234085083007813 -0.0974578857421875 0.142120361328125 -0.0827789306640625
0.139602661132813 0.05194091796875 0.2183837890625 -0.21746826171875
0.160079956054688 -0.0041351318359375 0.23773193359375 -0.198471069335938
0.124732971191406 -0.111160278320313 0.149826049804688 -0.159698486328125
-0.0039520263671875 -0.134231567382813 0.0825958251953125 -0.154251098632813
-0.0792999267578125 -0.0839004516601563 0.0374221801757813 -0.11358642578125
-0.114479064941406 0.01666259765625 0.023773193359375 -0.0860748291015625
-0.0922775268554687 0.0746612548828125 0.04876708984375 -0.102157592773438
-0.0874176025390625 0.077728271484375 0.07916259765625 -0.122917175292969
-0.0892181396484375 0.105514526367188 0.111648559570313 -0.143142700195313
-0.110862731933594 0.0822830200195312 0.171920776367188 -0.1002197265625
-0.150436401367188 0.00558471679687501 0.179367065429687 -0.035980224609375
-0.121162414550781 -0.0882568359375 0.1336669921875 0.0661773681640625
0.0245361328125 -0.17388916015625 0.0323944091796875 0.107673645019531
0.132568359375 -0.114738464355469 -0.00311851501464843 -0.0270442962646484
0.180572509765625 -0.007232666015625 0.210983276367188 -0.0954742431640625
-0.0703964233398438 -0.0785293579101562 -0.2247314453125 0.12396240234375
-0.0857315063476562 0.041351318359375 -0.0206832885742188 0.0439071655273438
-0.0187225341796875 0.0844497680664063 -0.0349884033203125 -0.11474609375
0.0454940795898438 0.0535087585449219 -0.159698486328125 -0.092620849609375
0.0650138854980469 0.003814697265625 -0.198745727539063 0.0251922607421875
0.0547409057617188 -0.0418891906738281 -0.173721313476562 0.130783081054688
0.0359115600585937 -0.0366859436035156 -0.105606079101562 0.18695068359375
0.0338630676269531 -0.0308761596679688 -0.067779541015625 0.152374267578125
0.0413703918457031 -0.0282440185546875 -0.0462265014648437 0.12689208984375
0.0430450439453125 0.00573348999023438 -0.044921875 0.106620788574219
0.016204833984375 0.0408744812011719 -0.0385284423828125 0.113121032714844
-0.0426063537597656 0.0448379516601563 -0.0789947509765625 0.144180297851563
-0.08428955078125 -0.0145111083984375 -0.16094970703125 0.156906127929687
-0.0739898681640625 -0.0792694091796875 -0.221633911132813 0.203964233398438
-0.0357589721679687 -0.130126953125 -0.244857788085938 0.20654296875
0.029510498046875 -0.156158447265625 -0.247665405273437 0.0865936279296875
-0.0434532165527344 -0.0528602600097656 -0.0378227233886719 0.0264892578125
-0.0387840270996094 -0.01702880859375 -0.029815673828125 -0.132270812988281
-0.0226917266845703 0.00344657897949219 -0.164642333984375 -0.114212036132813
-0.0127468109130859 -0.000533103942871093 -0.213638305664063 0.00425720214843751
-0.00724554061889648 0.0073857307434082 -0.187789916992188 0.13018798828125
-0.00667381286621094 0.0320854187011719 -0.108413696289063 0.190109252929688
-0.0131950378417969 0.0271682739257813 -0.05926513671875 0.149826049804688
-0.00938415527343751 0.0361099243164063 -0.0390853881835938 0.126693725585938
-0.0244979858398437 0.038665771484375 -0.0314559936523437 0.109283447265625
-0.0593719482421875 0.0249786376953125 -0.0221481323242187 0.110092163085938
-0.0924530029296875 -0.0215072631835938 -0.0618438720703125 0.142044067382813
-0.0613861083984375 -0.114883422851563 -0.1336669921875 0.157684326171875
-0.0109100341796875 -0.166961669921875 -0.19708251953125 0.196273803710938
0.0688323974609375 -0.193267822265625 -0.222488403320313 0.176895141601563
0.13641357421875 -0.206390380859375 -0.231353759765625 0.0237884521484375
0.0250244140625 -0.1407470703125 -0.0326900482177734 -0.0134201049804688
-0.0362319946289062 -0.134002685546875 -0.0124969482421875 -0.159332275390625
-0.0859146118164063 -0.0665969848632813 -0.154006958007813 -0.144882202148438
-0.0931243896484375 -0.018951416015625 -0.21148681640625 -0.0294952392578125
-0.0760269165039062 0.04852294921875 -0.188186645507812 0.109710693359375
-0.0534515380859375 0.0927734375 -0.100021362304687 0.168426513671875
-0.0585174560546875 0.08160400390625 -0.0409164428710938 0.125816345214844
-0.05377197265625 0.0984344482421875 -0.0189132690429688 0.105422973632812
-0.08038330078125 0.07757568359375 -0.001129150390625 0.095947265625
-0.128082275390625 0.0256576538085937 0.0109634399414062 0.0970916748046875
-0.1455078125 -0.06060791015625 -0.0277862548828125 0.137336730957031
-0.06268310546875 -0.19207763671875 -0.0936279296875 0.158859252929688
0.0247344970703125 -0.237258911132813 -0.1593017578125 0.177108764648438
0.148880004882813 -0.237991333007813 -0.16876220703125 0.133636474609375
0.228256225585938 -0.217498779296875 -0.172821044921875 -0.0501556396484375
0.108169555664062 -0.201263427734375 -0.000232696533203125 -0.0679969787597656
-0.00619506835937499 -0.239715576171875 0.0190277099609375 -0.1856689453125
-0.127777099609375 -0.14599609375 -0.1221923828125 -0.175064086914063
-0.1605224609375 -0.0512847900390625 -0.184097290039062 -0.06866455078125
-0.138816833496094 0.0723724365234375 -0.169769287109375 0.0724029541015625
-0.0949249267578125 0.136337280273438 -0.0815048217773438 0.125778198242188
-0.0956039428710937 0.122779846191406 -0.0154342651367188 0.0837554931640625
-0.0865325927734375 0.148681640625 0.0067291259765625 0.0663261413574219
-0.119728088378906 0.115219116210938 0.0358009338378906 0.0645980834960938
-0.179824829101563 0.0384368896484375 0.0499801635742187 0.0698356628417969
-0.189834594726563 -0.0760498046875 0.0136184692382812 0.122322082519531
-0.07562255859375 -0.239471435546875 -0.0522308349609375 0.152755737304687
0.044036865234375 -0.278732299804688 -0.123077392578125 0.142135620117187
0.200729370117188 -0.253875732421875 -0.0990219116210937 0.0760498046875
0.28192138671875 -0.190277099609375 -0.0800628662109375 -0.122703552246094
0.182571411132813 -0.215087890625 0.0547866821289063 -0.124931335449219
0.045013427734375 -0.302154541015625 0.0606231689453125 -0.2001953125
-0.133926391601563 -0.20916748046875 -0.06964111328125 -0.19281005859375
-0.19610595703125 -0.08624267578125 -0.132240295410156 -0.101364135742188
-0.181076049804688 0.0770263671875 -0.129592895507813 0.0257568359375
-0.122512817382812 0.157058715820313 -0.0519828796386719 0.0676422119140625
-0.1177978515625 0.145126342773438 0.0112361907958984 0.0298175811767578
-0.105072021484375 0.179244995117188 0.0335216522216797 0.0131568908691406
-0.1412353515625 0.139083862304688 0.071807861328125 0.0199813842773438
-0.208236694335938 0.04931640625 0.0850143432617187 0.0340347290039063
-0.2110595703125 -0.07928466796875 0.0517501831054687 0.0992202758789062
-0.0762786865234375 -0.25732421875 -0.0168685913085937 0.138343811035156
0.0616455078125 -0.28472900390625 -0.0922927856445313 0.0961227416992188
0.229522705078125 -0.237335205078125 -0.0229301452636719 0.0127162933349609
0.285888671875 -0.128631591796875 0.030029296875 -0.180038452148438
0.222946166992187 -0.178253173828125 0.122039794921875 -0.169357299804688
0.09808349609375 -0.295928955078125 0.101837158203125 -0.197830200195313
-0.10443115234375 -0.231094360351562 -0.00990295410156249 -0.191329956054688
-0.190689086914063 -0.108535766601562 -0.0686187744140625 -0.118354797363281
-0.190872192382813 0.0673370361328125 -0.0764083862304688 -0.019622802734375
-0.130889892578125 0.152984619140625 -0.0167722702026367 0.00341224670410158
-0.122390747070312 0.1451416015625 0.0361862182617188 -0.0285682678222656
-0.109695434570313 0.182418823242187 0.0592460632324219 -0.0458259582519531
-0.143905639648438 0.143707275390625 0.105377197265625 -0.0295944213867187
-0.212020874023437 0.0485687255859375 0.116851806640625 -0.00244140625
-0.20574951171875 -0.0821075439453125 0.0836181640625 0.0771484375
-0.05828857421875 -0.252365112304688 0.00774383544921875 0.121452331542969
0.086639404296875 -0.257278442382812 -0.0656166076660156 0.0464019775390625
0.236541748046875 -0.1875 0.0550422668457031 -0.0462112426757813
0.232864379882812 -0.046722412109375 0.130767822265625 -0.213790893554688
0.212112426757813 -0.1036376953125 0.1820068359375 -0.1961669921875
0.122848510742188 -0.225677490234375 0.12939453125 -0.18206787109375
-0.059051513671875 -0.2000732421875 0.040924072265625 -0.174514770507813
-0.14752197265625 -0.104049682617188 -0.00997924804687501 -0.11993408203125
-0.163955688476563 0.0478973388671875 -0.0222854614257813 -0.0573539733886719
-0.115928649902344 0.125350952148438 0.01666259765625 -0.0568733215332031
-0.108283996582031 0.123420715332031 0.0560226440429687 -0.0838470458984375
-0.101165771484375 0.157806396484375 0.0806350708007813 -0.102310180664063
-0.130096435546875 0.125274658203125 0.135185241699219 -0.074920654296875
-0.189163208007812 0.0363311767578125 0.14520263671875 -0.03094482421875
-0.174560546875 -0.0833740234375 0.110992431640625 0.06109619140625
-0.024627685546875 -0.224258422851563 0.0250473022460937 0.108245849609375
0.110153198242188 -0.20074462890625 -0.0380058288574219 0.00313568115234373
0.220428466796875 -0.111572265625 0.130035400390625 -0.0892486572265625
0.138648986816406 0.0400161743164062 0.1978759765625 -0.222518920898438
0.153839111328125 -0.0151214599609375 0.218154907226563 -0.205657958984375
0.112289428710937 -0.116905212402344 0.136398315429688 -0.165130615234375
-0.0136947631835937 -0.128807067871094 0.0702362060546875 -0.1563720703125
-0.0830078125 -0.0752105712890625 0.0277252197265625 -0.113685607910156
-0.107902526855469 0.02447509765625 0.0167312622070312 -0.0842666625976563
-0.0826034545898437 0.0794754028320313 0.040496826171875 -0.103103637695313
-0.0784225463867187 0.0819473266601563 0.068359375 -0.125839233398438
-0.0777130126953125 0.108718872070313 0.0991668701171875 -0.14703369140625
-0.0987777709960937 0.087005615234375 0.160446166992188 -0.109542846679688
-0.144317626953125 0.017303466796875 0.17059326171875 -0.046051025390625
-0.123344421386719 -0.075469970703125 0.134056091308594 0.0562591552734375
0.0114593505859375 -0.170135498046875 0.0374603271484375 0.103507995605469
0.120155334472656 -0.119537353515625 -0.00807952880859374 -0.0238056182861328
0.174072265625 -0.0203399658203125 0.196807861328125 -0.106063842773438
-0.0719070434570312 -0.0704116821289063 -0.206863403320313 0.129348754882813
-0.0785903930664063 0.0430679321289062 -0.0146064758300781 0.0422782897949219
-0.01251220703125 0.0813980102539063 -0.0385208129882812 -0.109100341796875
0.0457305908203125 0.0489768981933594 -0.156356811523438 -0.082183837890625
0.0609283447265625 0.00060272216796875 -0.187484741210938 0.032012939453125
0.0487823486328125 -0.0429954528808594 -0.159896850585938 0.132339477539063
0.031494140625 -0.0373916625976563 -0.091461181640625 0.182891845703125
0.0292453765869141 -0.0305366516113281 -0.058013916015625 0.148452758789063
0.0354804992675781 -0.0289459228515625 -0.0386810302734375 0.123329162597656
0.0399818420410156 0.0017242431640625 -0.0378341674804687 0.104713439941406
0.0173072814941406 0.036651611328125 -0.0325241088867188 0.110702514648438
-0.0381202697753906 0.0446891784667969 -0.0690155029296875 0.142303466796875
-0.0799713134765625 -0.0098876953125 -0.146240234375 0.157791137695313
-0.0732421875 -0.0716476440429688 -0.202407836914063 0.203887939453125
-0.0409927368164063 -0.120933532714844 -0.225311279296875 0.2086181640625
0.0200347900390625 -0.149993896484375 -0.230728149414063 0.0949707031249999
-0.042724609375 -0.0483932495117188 -0.0315418243408203 0.0280208587646484
-0.036956787109375 -0.0150146484375 -0.0335464477539063 -0.126258850097656
-0.0214977264404297 0.00481414794921875 -0.161407470703125 -0.102920532226562
-0.0129365921020508 0.000349044799804689 -0.203048706054688 0.0126953125
-0.00684976577758789 0.00711584091186523 -0.173416137695313 0.132034301757813
-0.00519561767578125 0.0304355621337891 -0.0943603515625 0.185699462890625
-0.0123538970947266 0.0275325775146484 -0.05010986328125 0.144989013671875
-0.00873947143554688 0.0349407196044922 -0.031036376953125 0.122428894042969
-0.0222015380859375 0.0370292663574219 -0.0245590209960938 0.105888366699219
-0.0552978515625 0.0251579284667969 -0.0159530639648438 0.106834411621094
-0.0891952514648438 -0.0165786743164063 -0.053375244140625 0.141036987304688
-0.0635299682617188 -0.106155395507813 -0.12115478515625 0.158294677734375
-0.01727294921875 -0.157791137695313 -0.180252075195313 0.19647216796875
0.056488037109375 -0.18731689453125 -0.206222534179687 0.179595947265625
0.120529174804687 -0.203201293945313 -0.218185424804688 0.0353546142578125
0.0193862915039063 -0.135330200195312 -0.0283718109130859 -0.00987052917480469
-0.04052734375 -0.126289367675781 -0.01806640625 -0.152984619140625
-0.0846023559570313 -0.0593795776367188 -0.152587890625 -0.13275146484375
-0.0911026000976563 -0.0136871337890625 -0.20269775390625 -0.0196685791015625
-0.0700225830078125 0.0492477416992188 -0.173980712890625 0.112564086914062
-0.0454254150390625 0.0907516479492188 -0.0870513916015625 0.164825439453125
-0.0527572631835938 0.0812530517578125 -0.0331954956054688 0.1199951171875
-0.0470428466796875 0.0963668823242188 -0.0127944946289062 0.101493835449219
-0.0729217529296875 0.0768508911132813 0.004150390625 0.0911026000976563
-0.120330810546875 0.0299301147460938 0.0153579711914062 0.0926132202148438
-0.142059326171875 -0.0513763427734375 -0.0200653076171875 0.134513854980469
-0.0689544677734375 -0.180099487304688 -0.0827789306640625 0.158462524414063
0.01397705078125 -0.225784301757812 -0.144775390625 0.176895141601563
0.130874633789063 -0.233901977539063 -0.15673828125 0.135711669921875
0.207366943359375 -0.218368530273438 -0.165573120117188 -0.03741455078125
0.095794677734375 -0.196563720703125 -0.000507354736328122 -0.06207275390625
-0.0171966552734375 -0.229568481445313 0.011383056640625 -0.179550170898438
-0.128067016601563 -0.1331787109375 -0.123611450195313 -0.16314697265625
-0.156890869140625 -0.0414276123046875 -0.178817749023437 -0.0577392578125
-0.128387451171875 0.0753631591796875 -0.157485961914063 0.0763092041015625
-0.08251953125 0.134162902832031 -0.0706024169921875 0.122016906738281
-0.08526611328125 0.122238159179687 -0.0117721557617188 0.0785369873046875
-0.074859619140625 0.145553588867188 0.0109062194824219 0.0617599487304688
-0.107376098632813 0.114616394042969 0.0386123657226562 0.0590629577636719
-0.16900634765625 0.0450439453125 0.0510826110839844 0.0648574829101563
-0.184402465820313 -0.06341552734375 0.018707275390625 0.118499755859375
-0.08343505859375 -0.224868774414063 -0.0433197021484375 0.150985717773438
0.029144287109375 -0.265853881835937 -0.111618041992187 0.142410278320313
0.180511474609375 -0.252410888671875 -0.0930328369140625 0.0780105590820312
0.261337280273438 -0.194580078125 -0.0800094604492187 -0.110870361328125
0.165863037109375 -0.213821411132813 0.04876708984375 -0.117698669433594
0.028228759765625 -0.291778564453125 0.0512237548828125 -0.195480346679688
-0.1363525390625 -0.192123413085938 -0.074615478515625 -0.182220458984375
-0.192138671875 -0.0733489990234375 -0.130790710449219 -0.0916976928710938
-0.167449951171875 0.081817626953125 -0.120948791503906 0.0301513671875
-0.107101440429687 0.155532836914063 -0.0449752807617188 0.065216064453125
-0.105224609375 0.144195556640625 0.011810302734375 0.0256233215332031
-0.0901947021484375 0.175079345703125 0.0341548919677734 0.0100307464599609
-0.125144958496094 0.138519287109375 0.0710525512695312 0.0148391723632813
-0.19451904296875 0.0574493408203125 0.0833358764648437 0.0286331176757813
-0.205001831054687 -0.06463623046875 0.0543746948242188 0.09466552734375
-0.0859222412109375 -0.242156982421875 -0.0103225708007813 0.13531494140625
0.0451202392578125 -0.2730712890625 -0.084442138671875 0.0981292724609375
0.207962036132813 -0.238235473632813 -0.0228099822998047 0.0147380828857422
0.266494750976562 -0.136444091796875 0.0218505859375 -0.169815063476563
0.20599365234375 -0.180206298828125 0.110794067382813 -0.163589477539063
0.079071044921875 -0.288909912109375 0.0902099609375 -0.195220947265625
-0.110488891601562 -0.214889526367188 -0.017333984375 -0.183914184570313
-0.188079833984375 -0.0943145751953125 -0.0711135864257813 -0.1104736328125
-0.176910400390625 0.0733642578125 -0.0726242065429688 -0.0152359008789062
-0.114517211914062 0.152725219726563 -0.0150337219238281 0.00252819061279298
-0.109130859375 0.145034790039062 0.0330886840820312 -0.0316734313964844
-0.09423828125 0.178680419921875 0.0553359985351562 -0.0472908020019531
-0.127349853515625 0.143264770507813 0.100074768066406 -0.0342178344726562
-0.197586059570312 0.0575714111328125 0.111579895019531 -0.00736236572265625
-0.199935913085938 -0.06744384765625 0.08331298828125 0.0712814331054688
-0.067718505859375 -0.238037109375 0.0118789672851562 0.117904663085937
0.069915771484375 -0.248443603515625 -0.0619392395019531 0.049346923828125
0.217453002929688 -0.19073486328125 0.0484695434570313 -0.0454673767089844
0.21966552734375 -0.05560302734375 0.116775512695313 -0.207107543945313
0.197601318359375 -0.109283447265625 0.1658935546875 -0.192138671875
0.1058349609375 -0.222549438476563 0.116729736328125 -0.181198120117188
-0.065399169921875 -0.187286376953125 0.0310516357421875 -0.170486450195313
-0.146728515625 -0.0926055908203125 -0.01519775390625 -0.114219665527344
-0.15130615234375 0.05322265625 -0.0228919982910156 -0.0531997680664063
-0.10205078125 0.126060485839844 0.0137786865234375 -0.0559310913085938
-0.0967483520507813 0.123802185058594 0.0496826171875 -0.0846176147460938
-0.086395263671875 0.155426025390625 0.0732955932617188 -0.102317810058594
-0.114639282226563 0.125137329101562 0.126419067382813 -0.0787734985351562
-0.177764892578125 0.0450286865234375 0.137153625488281 -0.0362472534179688
-0.169784545898438 -0.0699310302734375 0.108551025390625 0.054443359375
-0.03515625 -0.21234130859375 0.02813720703125 0.104072570800781
0.0948333740234375 -0.1954345703125 -0.0381088256835937 0.00692749023437498
0.204727172851563 -0.117645263671875 0.11810302734375 -0.0902175903320313
0.133186340332031 0.0311813354492188 0.180511474609375 -0.219406127929688
0.14593505859375 -0.02215576171875 0.197982788085938 -0.204986572265625
0.100448608398438 -0.118461608886719 0.123626708984375 -0.163818359375
-0.019378662109375 -0.121070861816406 0.059600830078125 -0.154098510742188
-0.0836563110351563 -0.0668487548828125 0.0213775634765625 -0.110366821289063
-0.09991455078125 0.0289840698242188 0.0130462646484375 -0.0811538696289063
-0.0721969604492188 0.0805282592773437 0.0336227416992187 -0.100608825683594
-0.0694656372070313 0.0831451416015625 0.0594329833984375 -0.124961853027344
-0.0672073364257812 0.1080322265625 0.0886688232421875 -0.145553588867188
-0.0884246826171875 0.0876083374023437 0.148635864257813 -0.112167358398438
-0.13568115234375 0.024322509765625 0.160919189453125 -0.05120849609375
-0.121055603027344 -0.0651092529296875 0.130271911621094 0.0483169555664062
0.00198364257812499 -0.162322998046875 0.03961181640625 0.098724365234375
0.108795166015625 -0.119247436523438 -0.0114192962646484 -0.0213756561279297
0.164215087890625 -0.0285491943359375 0.17987060546875 -0.109054565429688
-0.0710906982421875 -0.0649337768554688 -0.1944580078125 0.129226684570313
-0.0733718872070313 0.0429153442382812 -0.0100593566894531 0.0401458740234375
-0.00913238525390624 0.0774002075195313 -0.03875732421875 -0.105110168457031
0.0455665588378906 0.0463027954101563 -0.151718139648438 -0.07659912109375
0.0586128234863281 -0.00067901611328125 -0.178909301757812 0.0330810546875
0.044189453125 -0.0429039001464844 -0.151229858398438 0.129425048828125
0.0278129577636719 -0.0374374389648438 -0.08367919921875 0.177886962890625
0.0260543823242188 -0.0299758911132813 -0.05279541015625 0.14422607421875
0.0309543609619141 -0.0278434753417969 -0.0344390869140625 0.119743347167969
0.0359992980957031 -0.000614166259765625 -0.034454345703125 0.101882934570313
0.0173206329345703 0.0333957672119141 -0.029205322265625 0.108421325683594
-0.0349998474121094 0.0433311462402344 -0.0630874633789063 0.139480590820313
-0.0756759643554687 -0.00725555419921875 -0.137054443359375 0.154434204101563
-0.0706253051757812 -0.067352294921875 -0.190444946289062 0.198471069335938
-0.0430908203125 -0.114204406738281 -0.212982177734375 0.204666137695312
0.01495361328125 -0.14373779296875 -0.217819213867187 0.097900390625
-0.0406990051269531 -0.0458259582519531 -0.0263137817382813 0.0281658172607422
-0.0347747802734375 -0.0137252807617188 -0.0348587036132812 -0.122406005859375
-0.0199756622314453 0.00530624389648438 -0.156723022460938 -0.0966339111328125
-0.0130405426025391 0.00103092193603516 -0.1943359375 0.0153656005859375
-0.00716304779052734 0.00706005096435547 -0.1632080078125 0.129486083984375
-0.004302978515625 0.0289802551269531 -0.0853424072265625 0.17974853515625
-0.0120906829833984 0.0273056030273438 -0.0457382202148437 0.140220642089844
-0.00826835632324219 0.0337009429931641 -0.0275115966796875 0.1185302734375
-0.021026611328125 0.034088134765625 -0.021026611328125 0.102447509765625
-0.0521888732910156 0.0243148803710937 -0.0130538940429688 0.104049682617188
-0.0855026245117188 -0.0143203735351563 -0.04827880859375 0.137939453125
-0.0626678466796875 -0.100341796875 -0.11297607421875 0.155471801757813
-0.018951416015625 -0.149703979492188 -0.169021606445312 0.192672729492188
0.049407958984375 -0.180191040039062 -0.1951904296875 0.178085327148438
0.109786987304688 -0.197738647460938 -0.206787109375 0.040924072265625
0.0170822143554688 -0.130157470703125 -0.0241851806640625 -0.00695419311523439
-0.0413360595703125 -0.120903015136719 -0.0196075439453125 -0.148300170898438
-0.0824203491210938 -0.0547332763671875 -0.14862060546875 -0.12554931640625
-0.0885238647460938 -0.0106964111328125 -0.194549560546875 -0.0154571533203125
-0.065673828125 0.0488052368164063 -0.164077758789063 0.11090087890625
-0.040802001953125 0.0877456665039062 -0.078887939453125 0.1588134765625
-0.0491867065429688 0.0797576904296875 -0.0301284790039063 0.115150451660156
-0.0426712036132812 0.0934982299804688 -0.00968170166015624 0.0966033935546875
-0.0676040649414063 0.0740509033203125 0.0066070556640625 0.0868606567382813
-0.114051818847656 0.0308609008789063 0.0171585083007812 0.0891571044921875
-0.136985778808594 -0.0461044311523438 -0.0157852172851562 0.132125854492188
-0.070281982421875 -0.171829223632813 -0.076995849609375 0.1558837890625
0.00830078125 -0.215606689453125 -0.136474609375 0.174331665039063
0.119979858398437 -0.227340698242188 -0.148666381835938 0.135055541992187
0.19378662109375 -0.214431762695313 -0.1578369140625 -0.029815673828125
0.0901336669921875 -0.190200805664063 0.00120162963867188 -0.056793212890625
-0.02191162109375 -0.221115112304688 0.00851440429687499 -0.174484252929688
-0.125930786132813 -0.124153137207031 -0.12188720703125 -0.155563354492187
-0.152786254882812 -0.0356292724609375 -0.17266845703125 -0.052520751953125
-0.120475769042969 0.0747451782226563 -0.148178100585937 0.0762481689453125
-0.0738372802734375 0.130699157714844 -0.0641403198242188 0.117713928222656
-0.0793609619140625 0.120170593261719 -0.0102462768554688 0.073699951171875
-0.0673828125 0.14178466796875 0.0120162963867187 0.0580062866210938
-0.0991134643554688 0.111473083496094 0.0393905639648437 0.05499267578125
-0.15985107421875 0.047149658203125 0.0511627197265625 0.0615158081054687
-0.177947998046875 -0.056304931640625 0.0206451416015625 0.115592956542969
-0.0853118896484375 -0.213958740234375 -0.039093017578125 0.148162841796875
0.02276611328125 -0.253829956054688 -0.104598999023438 0.141098022460937
0.168060302734375 -0.246353149414063 -0.0886688232421875 0.0786819458007812
0.24603271484375 -0.193695068359375 -0.07806396484375 -0.101768493652344
0.155746459960938 -0.207763671875 0.0468368530273438 -0.111228942871094
0.020477294921875 -0.282073974609375 0.046478271484375 -0.190902709960938
-0.13519287109375 -0.181396484375 -0.0751495361328125 -0.174713134765625
-0.18780517578125 -0.065460205078125 -0.128059387207031 -0.0852279663085937
-0.15692138671875 0.082550048828125 -0.113632202148438 0.031341552734375
-0.096588134765625 0.151687622070313 -0.0409736633300781 0.0621223449707031
-0.09698486328125 0.141632080078125 0.0116100311279297 0.0220851898193359
-0.080322265625 0.169967651367187 0.0342750549316406 0.00774765014648438
-0.114974975585937 0.135047912597656 0.0696029663085937 0.0114059448242188
-0.184249877929688 0.0600738525390625 0.0813980102539062 0.0256805419921875
-0.19793701171875 -0.057373046875 0.0547332763671875 0.0915451049804688
-0.0889129638671875 -0.23040771484375 -0.00746917724609374 0.132804870605469
0.036865234375 -0.261581420898438 -0.0797882080078125 0.0978775024414062
0.195144653320313 -0.234039306640625 -0.0225238800048828 0.015848159790039
0.252288818359375 -0.138534545898438 0.019073486328125 -0.160781860351562
0.194305419921875 -0.177154541015625 0.103729248046875 -0.155731201171875
0.0681915283203125 -0.2799072265625 0.08367919921875 -0.190460205078125
-0.110519409179688 -0.203048706054687 -0.0204010009765625 -0.176437377929688
-0.183914184570313 -0.0851898193359375 -0.070709228515625 -0.104698181152344
-0.165695190429688 0.073760986328125 -0.0678024291992188 -0.0129165649414062
-0.103118896484375 0.149063110351563 -0.0135440826416016 0.00138187408447267
-0.100143432617188 0.142196655273437 0.0302677154541016 -0.0334358215332031
-0.0833282470703125 0.173675537109375 0.0530204772949219 -0.0481948852539062
-0.1163330078125 0.139572143554688 0.0968551635742187 -0.0363388061523437
-0.1871337890625 0.0612945556640625 0.1070556640625 -0.009429931640625
-0.192657470703125 -0.0584869384765625 0.082733154296875 0.0677947998046875
-0.0714263916015625 -0.226425170898438 0.013946533203125 0.1153564453125
0.0610809326171875 -0.2381591796875 -0.0593681335449219 0.0509834289550781
0.204116821289063 -0.188858032226563 0.0445327758789063 -0.043365478515625
0.209503173828125 -0.0599212646484375 0.108657836914063 -0.198638916015625
0.186782836914063 -0.109130859375 0.155548095703125 -0.185211181640625
0.094696044921875 -0.217315673828125 0.109619140625 -0.176773071289063
-0.0680389404296875 -0.176910400390625 0.0261993408203125 -0.1641845703125
-0.144149780273438 -0.084564208984375 -0.01715087890625 -0.109809875488281
-0.142730712890625 0.05517578125 -0.0216522216796875 -0.0505943298339844
-0.0917129516601563 0.123725891113281 0.0123252868652344 -0.0549430847167969
-0.0882949829101563 0.121635437011719 0.0448226928710937 -0.0845947265625
-0.076751708984375 0.150894165039062 0.0694656372070313 -0.100784301757812
-0.104255676269531 0.121551513671875 0.1201171875 -0.079742431640625
-0.167922973632813 0.048583984375 0.130653381347656 -0.0376739501953125
-0.164016723632812 -0.061798095703125 0.106094360351562 0.0511245727539062
-0.0396728515625 -0.202438354492188 0.0287094116210938 0.101570129394531
0.0855560302734375 -0.188690185546875 -0.0381011962890625 0.00973892211914061
0.192626953125 -0.119293212890625 0.110305786132813 -0.087738037109375
0.128204345703125 0.0261306762695312 0.170684814453125 -0.212661743164062
0.138984680175781 -0.0254592895507813 0.185653686523438 -0.198776245117188
0.0921478271484375 -0.116935729980469 0.115753173828125 -0.1602783203125
-0.0221939086914063 -0.114456176757813 0.0538177490234375 -0.149215698242188
-0.0825881958007813 -0.0619735717773438 0.0174102783203125 -0.106674194335938
-0.0938720703125 0.03009033203125 0.010955810546875 -0.0780868530273438
-0.064422607421875 0.0794219970703125 0.0303802490234375 -0.0978240966796875
-0.0636215209960937 0.0820388793945313 0.053619384765625 -0.122909545898438
-0.06011962890625 0.104644775390625 0.08221435546875 -0.142166137695313
-0.0803680419921875 0.0855636596679688 0.1407470703125 -0.111862182617188
-0.128517150878906 0.0279769897460938 0.152587890625 -0.052490234375
-0.117095947265625 -0.0589752197265625 0.125953674316406 0.0441665649414062
-0.00299072265624998 -0.156158447265625 0.0397415161132813 0.0963211059570312
0.100875854492187 -0.116607666015625 -0.0133113861083984 -0.0174713134765625
0.156204223632813 -0.03204345703125 0.168746948242188 -0.107391357421875
-0.0710983276367187 -0.0617523193359375 -0.188507080078125 0.129684448242187
-0.0707473754882813 0.0419845581054688 -0.00683975219726563 0.0380134582519531
-0.0068206787109375 0.0753936767578125 -0.0386581420898438 -0.103431701660156
0.0461273193359375 0.0442008972167969 -0.149581909179688 -0.074798583984375
0.0572891235351563 -0.00130081176757813 -0.174972534179688 0.0321502685546875
0.0414886474609375 -0.0427398681640625 -0.148193359375 0.128082275390625
0.0250396728515625 -0.0374221801757812 -0.0798492431640625 0.17578125
0.0243892669677734 -0.0289115905761719 -0.0503997802734375 0.142929077148438
0.0284881591796875 -0.0267505645751953 -0.0328826904296875 0.118324279785156
0.033294677734375 -0.00206184387207031 -0.0334854125976562 0.101356506347656
0.0168609619140625 0.0309200286865234 -0.0286331176757813 0.107612609863281
-0.03363037109375 0.0425872802734375 -0.0608444213867188 0.138710021972656
-0.0732269287109375 -0.00617218017578125 -0.1329345703125 0.151214599609375
-0.0687103271484375 -0.0651130676269531 -0.185821533203125 0.195526123046875
-0.0440826416015625 -0.110176086425781 -0.20806884765625 0.203338623046875
0.0129547119140625 -0.140289306640625 -0.210464477539063 0.0993804931640625
-0.0390129089355469 -0.0446739196777344 -0.0220603942871094 0.0277500152587891
-0.0333786010742187 -0.0141315460205078 -0.0346145629882812 -0.120941162109375
-0.018463134765625 0.00525474548339844 -0.15484619140625 -0.0947418212890625
-0.0128965377807617 0.00184154510498047 -0.190231323242188 0.016082763671875
-0.00750732421875 0.00654125213623047 -0.159271240234375 0.127853393554688
-0.00444221496582031 0.0273666381835938 -0.0814056396484375 0.176971435546875
-0.0122337341308594 0.0270595550537109 -0.0436782836914063 0.138130187988281
-0.00903129577636719 0.0336589813232422 -0.025726318359375 0.116905212402344
-0.0216426849365234 0.0324382781982422 -0.0192718505859375 0.101127624511719
-0.050994873046875 0.022705078125 -0.01202392578125 0.103248596191406
-0.083709716796875 -0.0138092041015625 -0.045654296875 0.137809753417969
-0.0614776611328125 -0.0979385375976562 -0.109634399414062 0.153488159179688
-0.018951416015625 -0.145797729492187 -0.164825439453125 0.190536499023438
0.0464019775390625 -0.176712036132812 -0.191909790039063 0.177108764648437
0.105270385742188 -0.194793701171875 -0.20050048828125 0.04449462890625
0.016754150390625 -0.128364562988281 -0.0201950073242187 -0.0054912567138672
-0.041290283203125 -0.119163513183594 -0.020172119140625 -0.147796630859375
-0.080535888671875 -0.053131103515625 -0.147247314453125 -0.123123168945313
-0.0878829956054688 -0.008941650390625 -0.191024780273438 -0.0142822265625
-0.0630950927734375 0.0477180480957031 -0.159469604492188 0.10955810546875
-0.0382766723632813 0.085784912109375 -0.0751495361328125 0.155624389648438
-0.0474624633789062 0.079437255859375 -0.0289230346679688 0.112289428710938
-0.0412521362304688 0.0924148559570313 -0.0082244873046875 0.0942001342773437
-0.06585693359375 0.0720977783203125 0.00812530517578125 0.0847091674804688
-0.111442565917969 0.03082275390625 0.017333984375 0.0878143310546875
-0.135292053222656 -0.0444564819335938 -0.0145416259765625 0.132034301757813
-0.070404052734375 -0.167724609375 -0.07391357421875 0.155471801757813
0.00726318359375001 -0.210235595703125 -0.132568359375 0.172958374023438
0.11639404296875 -0.224563598632813 -0.146270751953125 0.134841918945313
0.188003540039063 -0.213180541992188 -0.153213500976563 -0.025390625
0.087921142578125 -0.1873779296875 0.00397109985351563 -0.0536880493164063
-0.024017333984375 -0.218048095703125 0.00732421874999999 -0.173843383789063
-0.124176025390625 -0.120956420898438 -0.120697021484375 -0.152618408203125
-0.151351928710938 -0.0330047607421875 -0.169754028320313 -0.0504913330078125
-0.115760803222656 0.0741424560546875 -0.143783569335938 0.075347900390625
-0.0691757202148438 0.128440856933594 -0.0610427856445313 0.11492919921875
-0.0764312744140625 0.118659973144531 -0.00963592529296876 0.0708084106445313
-0.063323974609375 0.13922119140625 0.013427734375 0.0559158325195313
-0.0952072143554688 0.1087646484375 0.0397415161132812 0.0527191162109375
-0.155227661132812 0.048126220703125 0.0505332946777344 0.0600662231445313
-0.17584228515625 -0.053497314453125 0.02191162109375 0.11529541015625
-0.085906982421875 -0.209365844726563 -0.03662109375 0.147811889648438
0.0202484130859375 -0.248428344726563 -0.102157592773438 0.140716552734375
0.162628173828125 -0.243728637695313 -0.0876235961914062 0.07952880859375
0.23968505859375 -0.192718505859375 -0.0758743286132812 -0.095855712890625
0.152847290039063 -0.204788208007813 0.0483322143554688 -0.106643676757813
0.0160675048828125 -0.278167724609375 0.04443359375 -0.190185546875
-0.134307861328125 -0.176162719726562 -0.0746307373046875 -0.171310424804688
-0.186050415039063 -0.0618438720703125 -0.126052856445313 -0.0833816528320312
-0.151321411132813 0.081634521484375 -0.109848022460938 0.0315399169921875
-0.0907745361328125 0.149276733398438 -0.0387535095214844 0.0600318908691406
-0.09320068359375 0.140823364257813 0.0105609893798828 0.0193233489990234
-0.075408935546875 0.167129516601563 0.0343284606933594 0.00566864013671876
-0.108787536621094 0.132186889648437 0.06976318359375 0.00930786132812501
-0.178085327148437 0.0624542236328125 0.0799789428710937 0.0251388549804688
-0.1944580078125 -0.0536956787109375 0.0550155639648437 0.091400146484375
-0.089935302734375 -0.224868774414062 -0.0056610107421875 0.132766723632813
0.03472900390625 -0.25555419921875 -0.0780029296875 0.0986785888671875
0.189178466796875 -0.2320556640625 -0.0230884552001953 0.0171222686767578
0.2462158203125 -0.138259887695312 0.01849365234375 -0.155364990234375
0.19049072265625 -0.174835205078125 0.102691650390625 -0.150909423828125
0.0627899169921875 -0.276519775390625 0.080841064453125 -0.189315795898438
-0.1112060546875 -0.197647094726563 -0.0210418701171875 -0.173843383789062
-0.182266235351563 -0.081268310546875 -0.0704269409179688 -0.102577209472656
-0.159439086914062 0.0743560791015625 -0.0650405883789063 -0.01220703125
-0.0966796875 0.146865844726563 -0.0124721527099609 0.000657081604003917
-0.0955352783203125 0.141555786132812 0.0287036895751953 -0.0347785949707031
-0.0783233642578125 0.170684814453125 0.05218505859375 -0.04901123046875
-0.109321594238281 0.136993408203125 0.0955276489257812 -0.0386505126953125
-0.180526733398438 0.06292724609375 0.105010986328125 -0.0103378295898437
-0.189468383789063 -0.0553436279296875 0.0819854736328125 0.0676193237304688
-0.0728759765625 -0.220733642578125 0.0153961181640625 0.114799499511719
0.0573577880859375 -0.232650756835938 -0.0584602355957031 0.0524711608886718
0.197967529296875 -0.18853759765625 0.0421180725097656 -0.0417327880859375
0.204757690429688 -0.0616455078125 0.106536865234375 -0.194427490234375
0.182876586914063 -0.109161376953125 0.152908325195312 -0.180023193359375
0.089599609375 -0.215744018554688 0.10614013671875 -0.175323486328125
-0.0685882568359375 -0.171981811523438 0.0244598388671875 -0.16180419921875
-0.143463134765625 -0.080047607421875 -0.0183258056640625 -0.108314514160156
-0.136962890625 0.0551223754882812 -0.0202598571777344 -0.0496940612792969
-0.0850372314453125 0.12152099609375 0.0120849609375 -0.0549125671386719
-0.084136962890625 0.120559692382812 0.0427017211914062 -0.0849456787109375
-0.0714263916015625 0.148117065429688 0.0673065185546875 -0.100753784179688
-0.09844970703125 0.119171142578125 0.117774963378906 -0.0803680419921875
-0.162445068359375 0.0511627197265625 0.128204345703125 -0.0373001098632813
-0.161041259765625 -0.0578460693359375 0.104743957519531 0.0500259399414063
-0.0416107177734375 -0.197769165039062 0.029693603515625 0.101585388183594
0.081695556640625 -0.185272216796875 -0.0379295349121094 0.0117568969726562
0.187759399414062 -0.119369506835937 0.106071472167969 -0.08612060546875
0.126617431640625 0.0233535766601563 0.166671752929688 -0.209213256835938
0.135971069335938 -0.0271682739257813 0.18170166015625 -0.193740844726563
0.0880889892578125 -0.116546630859375 0.113052368164063 -0.158111572265625
-0.0238876342773438 -0.110931396484375 0.051361083984375 -0.1480712890625
-0.0822296142578125 -0.0588760375976562 0.01641845703125 -0.105926513671875
-0.0901336669921875 0.030853271484375 0.0107269287109375 -0.0765609741210938
-0.0591812133789062 0.0782012939453125 0.0282669067382812 -0.0973739624023438
-0.059906005859375 0.0812759399414063 0.0506973266601562 -0.123153686523438
-0.0556640625 0.103355407714844 0.0802459716796875 -0.141937255859375
-0.0759963989257813 0.0841827392578125 0.13690185546875 -0.111953735351563
-0.12457275390625 0.0302886962890625 0.149505615234375 -0.0521087646484375
-0.115165710449219 -0.0557022094726563 0.124687194824219 0.0430526733398438
-0.00506591796875 -0.1529541015625 0.0399322509765625 0.0960540771484375
0.0975875854492188 -0.114341735839844 -0.0147809982299805 -0.0156993865966797
0.152099609375 -0.0338592529296875 0.163238525390625 -0.106842041015625
-0.072174072265625 -0.0590896606445313 -0.184112548828125 0.134841918945312
-0.0692901611328125 0.0433998107910156 -0.00401687622070313 0.0374336242675781
-0.00429534912109375 0.07452392578125 -0.0410232543945312 -0.103950500488281
0.0477333068847656 0.0427474975585938 -0.152313232421875 -0.073486328125
0.0574607849121094 -0.00308990478515625 -0.17596435546875 0.034332275390625
0.0392265319824219 -0.0437812805175781 -0.147247314453125 0.131423950195313
0.022735595703125 -0.0380516052246094 -0.0766143798828125 0.178466796875
0.0224647521972656 -0.0290031433105469 -0.0482177734375 0.146148681640625
0.0262126922607422 -0.0269546508789063 -0.0314559936523438 0.121055603027344
0.0314369201660156 -0.00350761413574219 -0.0317611694335937 0.103050231933594
0.0168418884277344 0.0290393829345703 -0.0265960693359375 0.110450744628906
-0.0323066711425781 0.0429191589355469 -0.0584259033203125 0.141799926757813
-0.0725936889648438 -0.00503540039062501 -0.131591796875 0.153457641601563
-0.0698966979980469 -0.0636787414550781 -0.184127807617187 0.198562622070313
-0.04620361328125 -0.109184265136719 -0.205322265625 0.208221435546875
0.00989532470703125 -0.140579223632813 -0.207000732421875 0.105819702148438
-0.0389976501464844 -0.0443649291992188 -0.0183067321777344 0.0280284881591797
-0.0333518981933594 -0.0146942138671875 -0.036895751953125 -0.122627258300781
-0.0179100036621094 0.00503730773925781 -0.15753173828125 -0.0929718017578125
-0.0131645202636719 0.00171470642089844 -0.19061279296875 0.0183258056640625
-0.00743722915649414 0.00625085830688476 -0.15740966796875 0.13128662109375
-0.00481033325195313 0.0269393920898437 -0.0777130126953125 0.1790771484375
-0.0126152038574219 0.0279464721679688 -0.0415420532226563 0.139999389648437
-0.00944900512695312 0.0346965789794922 -0.023956298828125 0.118743896484375
-0.0224571228027344 0.0322914123535156 -0.0175323486328125 0.102462768554688
-0.0511627197265625 0.0224571228027344 -0.010009765625 0.10516357421875
-0.08416748046875 -0.0125656127929687 -0.0435638427734375 0.1407470703125
-0.0625381469726563 -0.0974197387695312 -0.107391357421875 0.156906127929687
-0.0210418701171875 -0.145416259765625 -0.162841796875 0.19384765625
0.0439605712890625 -0.177719116210938 -0.189544677734375 0.182342529296875
0.101425170898438 -0.197021484375 -0.198150634765625 0.0502777099609375
0.0163192749023437 -0.128990173339844 -0.0174541473388672 -0.00437927246093751
-0.0438461303710937 -0.120559692382812 -0.0233612060546875 -0.150238037109375
-0.0816421508789062 -0.0518569946289063 -0.150070190429688 -0.122116088867188
-0.0892105102539062 -0.00673675537109375 -0.191726684570313 -0.0119476318359375
-0.0620269775390625 0.048583984375 -0.157272338867188 0.112152099609375
-0.0360794067382812 0.0859222412109375 -0.0713653564453125 0.156936645507813
-0.0467453002929688 0.0812301635742188 -0.02838134765625 0.113296508789063
-0.0396270751953125 0.0937271118164063 -0.00634002685546876 0.095062255859375
-0.0648651123046875 0.0723724365234375 0.0100173950195312 0.08465576171875
-0.110641479492188 0.032196044921875 0.0195541381835937 0.0888442993164062
-0.136238098144531 -0.0423049926757812 -0.0115509033203125 0.135032653808594
-0.0734100341796875 -0.167312622070313 -0.0715789794921875 0.1580810546875
0.0048370361328125 -0.210922241210938 -0.130447387695313 0.176620483398437
0.1134033203125 -0.227767944335938 -0.145858764648438 0.139663696289062
0.18438720703125 -0.217727661132813 -0.152175903320313 -0.019775390625
0.086700439453125 -0.1898193359375 0.00662231445312501 -0.0523910522460938
-0.0286712646484375 -0.219741821289063 0.0041351318359375 -0.177108764648438
-0.126052856445312 -0.119743347167969 -0.12396240234375 -0.152069091796875
-0.15399169921875 -0.0291595458984375 -0.17193603515625 -0.0485687255859375
-0.11358642578125 0.0760269165039063 -0.141799926757813 0.0775909423828125
-0.0657882690429688 0.129554748535156 -0.0582733154296875 0.115226745605469
-0.0740585327148438 0.121734619140625 -0.00967025756835938 0.0701560974121094
-0.0601348876953125 0.141204833984375 0.0150299072265625 0.0555381774902344
-0.0922164916992187 0.109619140625 0.0419387817382812 0.0511360168457031
-0.15386962890625 0.051544189453125 0.0528297424316406 0.059967041015625
-0.177520751953125 -0.0508270263671875 0.0247268676757812 0.117851257324219
-0.0905609130859375 -0.209152221679688 -0.03399658203125 0.150650024414062
0.0164337158203125 -0.249313354492187 -0.100372314453125 0.144546508789063
0.159469604492188 -0.248931884765625 -0.0870132446289062 0.0832061767578125
0.236419677734375 -0.198745727539062 -0.075347900390625 -0.09307861328125
0.151596069335938 -0.208969116210938 0.0493850708007813 -0.105537414550781
0.010345458984375 -0.28155517578125 0.0406951904296875 -0.194046020507813
-0.138015747070313 -0.173934936523437 -0.077972412109375 -0.17193603515625
-0.188812255859375 -0.056976318359375 -0.128204345703125 -0.0817337036132812
-0.148773193359375 0.0841064453125 -0.108528137207031 0.0330886840820313
-0.0854339599609375 0.150314331054688 -0.0367240905761719 0.059814453125
-0.0897369384765625 0.143569946289063 0.00992012023925781 0.0170984268188477
-0.0704498291015625 0.169052124023438 0.0351753234863281 0.00379562377929689
-0.104454040527344 0.133651733398438 0.0711746215820313 0.00674438476562501
-0.176223754882813 0.0662384033203125 0.0810470581054687 0.0237808227539063
-0.196670532226563 -0.04986572265625 0.0575790405273437 0.0924758911132813
-0.0947265625 -0.224349975585938 -0.00228118896484375 0.134834289550781
0.0304412841796875 -0.256210327148438 -0.0767745971679688 0.1021728515625
0.186630249023438 -0.237548828125 -0.0230922698974609 0.018777847290039
0.244674682617188 -0.14483642578125 0.017578125 -0.153472900390625
0.189132690429688 -0.179367065429688 0.102783203125 -0.150604248046875
0.055908203125 -0.281143188476563 0.077117919921875 -0.19293212890625
-0.115066528320313 -0.194900512695313 -0.0242767333984375 -0.174407958984375
-0.186126708984375 -0.0762786865234375 -0.0725173950195313 -0.102409362792969
-0.157363891601563 0.07672119140625 -0.0641059875488281 -0.0119972229003906
-0.0909881591796875 0.1480712890625 -0.0120000839233398 -0.00110816955566405
-0.09197998046875 0.14471435546875 0.0272026062011719 -0.0376853942871094
-0.0724029541015625 0.172515869140625 0.0528411865234375 -0.0520057678222656
-0.104667663574219 0.137977600097656 0.0956802368164063 -0.0412673950195312
-0.178436279296875 0.0687713623046875 0.105560302734375 -0.011749267578125
-0.190811157226562 -0.0509796142578125 0.084503173828125 0.067596435546875
-0.0782928466796875 -0.220535278320313 0.0183563232421875 0.117317199707031
0.05322265625 -0.233779907226563 -0.0578880310058594 0.0553398132324219
0.196533203125 -0.194442749023437 0.0412406921386719 -0.0417938232421875
0.204330444335938 -0.0666351318359375 0.104934692382813 -0.19439697265625
0.182342529296875 -0.113922119140625 0.150985717773438 -0.180389404296875
0.0834197998046875 -0.2191162109375 0.103073120117188 -0.178329467773437
-0.0725250244140625 -0.170211791992188 0.022003173828125 -0.162673950195313
-0.146621704101563 -0.075927734375 -0.0200271606445313 -0.108879089355469
-0.135231018066406 0.057647705078125 -0.0201225280761719 -0.0498237609863281
-0.0805587768554688 0.122787475585938 0.011138916015625 -0.0568008422851562
-0.079925537109375 0.123046875 0.04022216796875 -0.0890121459960937
-0.066497802734375 0.150665283203125 0.06695556640625 -0.105049133300781
-0.0947113037109375 0.1209716796875 0.117424011230469 -0.0840606689453125
-0.160125732421875 0.0560455322265625 0.12738037109375 -0.039794921875
-0.1629638671875 -0.0544891357421875 0.106643676757812 0.049468994140625
-0.046661376953125 -0.197784423828125 0.0331039428710938 0.103553771972656
0.0787200927734375 -0.1864013671875 -0.0393562316894531 0.014251708984375
0.186126708984375 -0.123977661132813 0.103691101074219 -0.087310791015625
0.127372741699219 0.0194931030273438 0.1639404296875 -0.211380004882812
0.135322570800781 -0.0303878784179688 0.179306030273438 -0.195846557617188
0.0836181640625 -0.119827270507812 0.110107421875 -0.160629272460938
-0.0263748168945313 -0.109024047851563 0.0489044189453125 -0.149246215820313
-0.0842132568359375 -0.0560073852539062 0.0144805908203125 -0.107521057128906
-0.0885467529296875 0.0320816040039062 0.010406494140625 -0.0774993896484375
-0.0560531616210938 0.0792999267578125 0.0263748168945312 -0.0992202758789063
-0.0565948486328125 0.0836410522460938 0.047393798828125 -0.125297546386719
-0.0518417358398437 0.104667663574219 0.0776824951171875 -0.146148681640625
-0.0725784301757813 0.0860214233398438 0.135932922363281 -0.116279602050781
-0.123275756835938 0.034027099609375 0.148330688476563 -0.05474853515625
-0.116310119628906 -0.052642822265625 0.126449584960938 0.0419845581054688
-0.0088043212890625 -0.153533935546875 0.0426406860351563 0.0973739624023437
0.09576416015625 -0.117095947265625 -0.0170927047729492 -0.0133762359619141
0.151840209960938 -0.037506103515625 0.1602783203125 -0.109771728515625
-0.0761871337890625 -0.0555877685546875 -0.17718505859375 0.144500732421875
-0.0666351318359375 0.046783447265625 9.15527343749988E-05 0.03680419921875
8.39233398437489E-05 0.0732879638671875 -0.0454177856445313 -0.104400634765625
0.0505790710449219 0.0397987365722656 -0.157089233398438 -0.067657470703125
0.0584983825683594 -0.0063018798828125 -0.176467895507813 0.0418853759765625
0.0365333557128906 -0.0461654663085938 -0.143768310546875 0.138885498046875
0.0187149047851563 -0.0402259826660156 -0.0689544677734375 0.183944702148438
0.0202980041503906 -0.0301589965820313 -0.041748046875 0.151290893554688
0.0240993499755859 -0.0275459289550781 -0.0261688232421875 0.125518798828125
0.0295524597167969 -0.00549507141113281 -0.027313232421875 0.106338500976563
0.01788330078125 0.0269432067871094 -0.0211944580078125 0.114395141601563
-0.030364990234375 0.0443458557128906 -0.052703857421875 0.146896362304688
-0.0723495483398438 -0.00175476074218751 -0.12664794921875 0.15972900390625
-0.0723190307617188 -0.0608367919921875 -0.177581787109375 0.20819091796875
-0.0514068603515625 -0.106147766113281 -0.199493408203125 0.220123291015625
0.00369262695312499 -0.141128540039063 -0.20111083984375 0.117843627929688
-0.0398445129394531 -0.0433845520019531 -0.0144844055175781 0.0282173156738281
-0.0335826873779297 -0.0150394439697266 -0.043243408203125 -0.123695373535156
-0.017608642578125 0.00508689880371094 -0.16339111328125 -0.087982177734375
-0.0131464004516602 0.00267887115478515 -0.192337036132813 0.0259552001953125
-0.00780916213989258 0.00593280792236328 -0.153396606445312 0.138626098632813
-0.00447463989257812 0.0270671844482422 -0.0699310302734375 0.183822631835938
-0.01251220703125 0.0288639068603516 -0.0358428955078125 0.144271850585938
-0.00810623168945313 0.0362892150878906 -0.0184860229492187 0.122177124023437
-0.0222263336181641 0.0328235626220703 -0.0130767822265625 0.104324340820313
-0.0508041381835937 0.024017333984375 -0.00499725341796874 0.107681274414063
-0.0858612060546875 -0.00912475585937501 -0.0367889404296875 0.1463623046875
-0.0671615600585938 -0.095794677734375 -0.1024169921875 0.163162231445313
-0.02618408203125 -0.1451416015625 -0.155838012695313 0.203720092773438
0.0364990234375 -0.181060791015625 -0.184234619140625 0.193878173828125
0.0936737060546875 -0.203643798828125 -0.1949462890625 0.0619964599609375
0.0124664306640625 -0.131271362304688 -0.0135927200317383 -0.0033407211303711
-0.050445556640625 -0.121452331542969 -0.030487060546875 -0.152877807617188
-0.0839691162109375 -0.0494537353515625 -0.156997680664063 -0.11724853515625
-0.0904388427734375 -0.00217437744140626 -0.194732666015625 -0.00396728515625
-0.0597953796386719 0.0512313842773438 -0.1533203125 0.119216918945312
-0.0325698852539063 0.087310791015625 -0.0642852783203125 0.161163330078125
-0.0434646606445312 0.0849075317382813 -0.023681640625 0.115303039550781
-0.0349197387695313 0.0967483520507813 -0.00157928466796875 0.0973129272460938
-0.0624160766601562 0.0746688842773438 0.0143966674804687 0.0847244262695313
-0.110527038574219 0.0367584228515625 0.024383544921875 0.0896072387695312
-0.140472412109375 -0.037445068359375 -0.00559997558593751 0.139389038085938
-0.0809478759765625 -0.166778564453125 -0.0653839111328125 0.163619995117188
-0.00340270996093748 -0.212310791015625 -0.124832153320313 0.185165405273438
0.105697631835937 -0.23541259765625 -0.1416015625 0.149551391601562
0.176467895507813 -0.228561401367188 -0.152191162109375 -0.010894775390625
0.0809173583984375 -0.196456909179688 0.00822448730468751 -0.0520057678222656
-0.0400390625 -0.222000122070313 -0.00502014160156251 -0.181259155273438
-0.132247924804687 -0.114784240722656 -0.131790161132813 -0.148895263671875
-0.157394409179688 -0.021148681640625 -0.175064086914063 -0.0412750244140625
-0.1107177734375 0.0811233520507813 -0.138580322265625 0.0839996337890625
-0.0588912963867188 0.131546020507813 -0.0527267456054688 0.118431091308594
-0.0693206787109375 0.12689208984375 -0.00756072998046875 0.0705718994140625
-0.05242919921875 0.1456298828125 0.0182723999023437 0.0544319152832031
-0.0878677368164062 0.113639831542969 0.0452461242675781 0.0490226745605469
-0.15252685546875 0.058868408203125 0.0565147399902344 0.0586471557617188
-0.1824951171875 -0.043731689453125 0.03118896484375 0.120452880859375
-0.100677490234375 -0.208099365234375 -0.0264739990234375 0.155120849609375
0.00701904296875 -0.251846313476563 -0.0948486328125 0.151809692382812
0.15185546875 -0.259719848632813 -0.0849761962890625 0.089263916015625
0.229736328125 -0.211990356445313 -0.0781021118164062 -0.0875473022460938
0.145278930664063 -0.218399047851563 0.0481033325195313 -0.106269836425781
-0.00439453124999999 -0.28564453125 0.0308685302734375 -0.199081420898438
-0.147247314453125 -0.169830322265625 -0.0859680175781251 -0.17071533203125
-0.194305419921875 -0.048370361328125 -0.133705139160156 -0.0769271850585937
-0.145355224609375 0.0915069580078125 -0.106285095214844 0.0367813110351562
-0.07745361328125 0.15374755859375 -0.0342063903808594 0.0611534118652344
-0.08331298828125 0.150009155273438 0.00990581512451171 0.015981674194336
-0.061737060546875 0.174179077148438 0.0368766784667969 0.00100326538085939
-0.0986785888671875 0.138511657714844 0.0729827880859375 0.00208282470703126
-0.173660278320313 0.075469970703125 0.0835494995117187 0.020782470703125
-0.201004028320313 -0.0413818359375 0.0637359619140625 0.092926025390625
-0.10711669921875 -0.222747802734375 0.00467681884765623 0.137596130371094
0.0200958251953125 -0.260055541992188 -0.0734176635742188 0.107917785644531
0.178680419921875 -0.250335693359375 -0.0225105285644531 0.0216350555419922
0.24017333984375 -0.158248901367188 0.012786865234375 -0.153518676757813
0.183929443359375 -0.190185546875 0.0997772216796875 -0.153457641601563
0.041351318359375 -0.2877197265625 0.068267822265625 -0.199462890625
-0.1246337890625 -0.191070556640625 -0.031768798828125 -0.17510986328125
-0.192413330078125 -0.067169189453125 -0.0774993896484375 -0.10052490234375
-0.15350341796875 0.0848236083984375 -0.0636100769042969 -0.00972366333007813
-0.08233642578125 0.152023315429688 -0.0121183395385742 -0.00150489807128906
-0.08526611328125 0.150802612304688 0.0244483947753906 -0.0411453247070312
-0.063140869140625 0.177352905273438 0.0511283874511719 -0.0569648742675781
-0.097930908203125 0.143112182617187 0.0955581665039063 -0.0472946166992187
-0.174362182617188 0.07855224609375 0.106742858886719 -0.016754150390625
-0.19573974609375 -0.042266845703125 0.0894622802734375 0.065704345703125
-0.0903472900390625 -0.22027587890625 0.0253067016601562 0.118606567382812
0.0438690185546875 -0.23895263671875 -0.0571098327636719 0.0605354309082031
0.18951416015625 -0.205917358398438 0.0391921997070313 -0.0424957275390625
0.202850341796875 -0.078155517578125 0.0985260009765625 -0.19927978515625
0.17901611328125 -0.12353515625 0.146347045898438 -0.186325073242188
0.0716094970703125 -0.226211547851563 0.0954437255859375 -0.184478759765625
-0.0811920166015625 -0.16705322265625 0.0157470703125 -0.165237426757813
-0.1512451171875 -0.0686187744140625 -0.0248489379882813 -0.109817504882813
-0.132827758789063 0.0639724731445313 -0.0212783813476563 -0.0497360229492187
-0.0730667114257813 0.126235961914063 0.00917816162109375 -0.0585136413574219
-0.0739212036132813 0.128814697265625 0.0355758666992188 -0.0927200317382812
-0.05804443359375 0.15478515625 0.0630340576171875 -0.110694885253906
-0.0878219604492188 0.12554931640625 0.115608215332031 -0.0923538208007813
-0.156906127929688 0.06536865234375 0.126823425292969 -0.0454940795898437
-0.167022705078125 -0.04644775390625 0.110504150390625 0.0462417602539062
-0.0566864013671875 -0.198226928710938 0.0392837524414063 0.104087829589844
0.071258544921875 -0.1912841796875 -0.0395240783691406 0.0181007385253906
0.182220458984375 -0.134933471679688 0.0997161865234375 -0.0926055908203125
0.128791809082031 0.013702392578125 0.157669067382813 -0.2198486328125
0.134407043457031 -0.0372161865234375 0.173309326171875 -0.203201293945313
0.0764617919921875 -0.125617980957031 0.1046142578125 -0.165969848632813
-0.0320892333984375 -0.107658386230469 0.0429229736328125 -0.15277099609375
-0.08758544921875 -0.0513458251953125 0.00934600830078123 -0.109733581542969
-0.0869140625 0.0364227294921875 0.00775146484375 -0.0789031982421875
-0.0503387451171875 0.0822525024414063 0.0223312377929687 -0.102394104003906
-0.051422119140625 0.0869903564453125 0.0405197143554688 -0.130439758300781
-0.0461502075195313 0.108306884765625 0.071990966796875 -0.153228759765625
-0.0677566528320313 0.0892410278320312 0.132614135742188 -0.124671936035156
-0.120841979980469 0.0420913696289062 0.14801025390625 -0.0615997314453125
-0.119606018066406 -0.046722412109375 0.129875183105469 0.037139892578125
-0.0172882080078125 -0.154937744140625 0.0486602783203125 0.0976333618164062
0.0907211303710937 -0.121734619140625 -0.0190086364746094 -0.0109500885009766
0.1510009765625 -0.04486083984375 0.15521240234375 -0.117218017578125
-0.0787582397460937 -0.0484771728515625 -0.1636962890625 0.156356811523438
-0.0622673034667969 0.050140380859375 0.00465202331542968 0.0347423553466797
0.0053558349609375 0.0717391967773438 -0.0520782470703125 -0.101402282714844
0.0535011291503906 0.0352668762207031 -0.161224365234375 -0.057708740234375
0.0581932067871094 -0.0113334655761719 -0.17303466796875 0.0524749755859375
0.0317764282226563 -0.0489044189453125 -0.13421630859375 0.14739990234375
0.0137100219726562 -0.0404090881347656 -0.0551300048828125 0.188232421875
0.0170974731445313 -0.0307445526123047 -0.0303192138671875 0.15478515625
0.0211696624755859 -0.0281448364257812 -0.0166702270507813 0.128433227539063
0.0272197723388672 -0.00711631774902344 -0.0203170776367188 0.108963012695313
0.0186290740966797 0.0240898132324219 -0.0133819580078125 0.116203308105469
-0.0261726379394531 0.0459480285644531 -0.0426025390625 0.150375366210937
-0.071075439453125 0.00293731689453125 -0.11663818359375 0.167251586914062
-0.075347900390625 -0.0555191040039063 -0.162750244140625 0.218536376953125
-0.0581130981445313 -0.101997375488281 -0.183181762695313 0.231948852539063
-0.0060882568359375 -0.139923095703125 -0.189453125 0.131362915039062
-0.0410614013671875 -0.0412368774414062 -0.009429931640625 0.0282745361328125
-0.0346145629882813 -0.0138931274414062 -0.0515670776367187 -0.120941162109375
-0.0164394378662109 0.00508785247802734 -0.168350219726563 -0.07708740234375
-0.0121364593505859 0.00315475463867187 -0.189651489257813 0.0380706787109375
-0.00764608383178711 0.00533676147460937 -0.143798828125 0.14715576171875
-0.00391960144042969 0.0265064239501953 -0.05633544921875 0.187744140625
-0.0105667114257812 0.0303802490234375 -0.025970458984375 0.146713256835938
-0.00572967529296875 0.0368728637695313 -0.00959014892578124 0.123825073242187
-0.0208969116210938 0.0335235595703125 -0.0054931640625 0.105194091796875
-0.0493392944335937 0.0256195068359375 0.00283050537109375 0.108383178710937
-0.085723876953125 -0.00390625000000002 -0.026611328125 0.1495361328125
-0.0719528198242187 -0.0913162231445313 -0.091522216796875 0.168807983398438
-0.034454345703125 -0.141998291015625 -0.141983032226563 0.21246337890625
0.0248870849609375 -0.18218994140625 -0.169845581054688 0.206634521484375
0.0792083740234375 -0.208587646484375 -0.186416625976563 0.0763092041015625
0.00534057617187499 -0.132415771484375 -0.0102691650390625 -0.00249099731445313
-0.0588455200195312 -0.118034362792969 -0.041748046875 -0.15093994140625
-0.0863571166992188 -0.0442123413085938 -0.16351318359375 -0.107101440429688
-0.0900344848632813 0.00457000732421876 -0.193466186523438 0.00906372070312503
-0.0559654235839844 0.0539741516113281 -0.144989013671875 0.127975463867188
-0.0265731811523437 0.0883026123046875 -0.05224609375 0.164199829101563
-0.0376434326171875 0.0880203247070312 -0.0159149169921875 0.117156982421875
-0.0275650024414062 0.0994033813476563 0.0056304931640625 0.0971603393554688
-0.0575790405273438 0.0780792236328125 0.0202789306640625 0.083251953125
-0.107109069824219 0.0431671142578125 0.030853271484375 0.088409423828125
-0.142547607421875 -0.0276336669921875 0.005401611328125 0.1414794921875
-0.091522216796875 -0.160919189453125 -0.0540924072265625 0.168121337890625
-0.01629638671875 -0.210708618164063 -0.1112060546875 0.193328857421875
0.089935302734375 -0.24163818359375 -0.130050659179688 0.159820556640625
0.159423828125 -0.239761352539063 -0.148193359375 0.00189208984375001
0.069671630859375 -0.201858520507813 0.00806045532226563 -0.0513763427734375
-0.056640625 -0.219512939453125 -0.01849365234375 -0.180496215820313
-0.139778137207031 -0.106117248535156 -0.140640258789062 -0.139312744140625
-0.157958984375 -0.00971984863281249 -0.17706298828125 -0.030181884765625
-0.103401184082031 0.0870208740234375 -0.131202697753906 0.0911178588867188
-0.049102783203125 0.134284973144531 -0.0437393188476563 0.119773864746094
-0.0596160888671875 0.131584167480469 -0.00311279296875001 0.0705718994140625
-0.041015625 0.148269653320313 0.0224723815917969 0.0525436401367188
-0.079010009765625 0.118263244628906 0.0487785339355469 0.044677734375
-0.147048950195312 0.0685272216796875 0.0609588623046875 0.0554733276367188
-0.185012817382812 -0.0306549072265625 0.0405502319335937 0.119819641113281
-0.114349365234375 -0.201492309570313 -0.01580810546875 0.156219482421875
-0.00863647460937501 -0.25079345703125 -0.0849151611328125 0.15838623046875
0.13421630859375 -0.269866943359375 -0.0779647827148438 0.0956268310546875
0.21405029296875 -0.226730346679687 -0.0805435180664062 -0.0785751342773438
0.1317138671875 -0.227218627929688 0.0440139770507813 -0.107048034667969
-0.025787353515625 -0.285186767578125 0.0157928466796875 -0.200668334960938
-0.157821655273438 -0.15924072265625 -0.0966949462890625 -0.164016723632813
-0.197006225585938 -0.032958984375 -0.137260437011719 -0.067962646484375
-0.137481689453125 0.099639892578125 -0.102317810058594 0.0427169799804688
-0.0657501220703125 0.15740966796875 -0.0288810729980469 0.0623397827148438
-0.0714111328125 0.155319213867188 0.00931072235107422 0.0145101547241211
-0.0476531982421875 0.177490234375 0.0366325378417969 -0.00298690795898436
-0.0873565673828125 0.143692016601562 0.0731582641601563 -0.00373077392578124
-0.165557861328125 0.087371826171875 0.0850982666015625 0.0150909423828125
-0.2034912109375 -0.0261993408203125 0.0709609985351562 0.0902481079101563
-0.121963500976563 -0.215805053710938 0.0149459838867187 0.137245178222656
0.00294494628906248 -0.259628295898438 -0.065887451171875 0.113754272460937
0.161026000976562 -0.262191772460938 -0.0207710266113281 0.024139404296875
0.227783203125 -0.174484252929688 0.00514221191406252 -0.150848388671875
0.171371459960938 -0.202362060546875 0.0918121337890625 -0.157135009765625
0.019500732421875 -0.290313720703125 0.0536956787109375 -0.2020263671875
-0.13690185546875 -0.180953979492188 -0.042449951171875 -0.171646118164062
-0.19537353515625 -0.052001953125 -0.0837020874023438 -0.0947036743164062
-0.146697998046875 0.093505859375 -0.0620956420898438 -0.00587844848632813
-0.07000732421875 0.155426025390625 -0.0108489990234375 -0.0011463165283203
-0.0731048583984375 0.1556396484375 0.0202407836914062 -0.0432701110839844
-0.0485687255859375 0.180694580078125 0.0472183227539063 -0.0620841979980469
-0.086456298828125 0.147994995117188 0.0926284790039063 -0.0550384521484375
-0.166656494140625 0.0904388427734375 0.1048583984375 -0.0227890014648437
-0.197540283203125 -0.027679443359375 0.0942764282226562 0.0613937377929687
-0.105148315429688 -0.212844848632813 0.0346145629882813 0.116889953613281
0.028045654296875 -0.240646362304688 -0.0531272888183594 0.0653038024902343
0.1749267578125 -0.219406127929687 0.036102294921875 -0.0442962646484375
0.195953369140625 -0.0921478271484375 0.0866546630859375 -0.202865600585938
0.169631958007813 -0.135299682617188 0.135009765625 -0.191970825195313
0.054229736328125 -0.23065185546875 0.081939697265625 -0.188674926757813
-0.091796875 -0.159698486328125 0.00537109374999998 -0.165481567382813
-0.155517578125 -0.055938720703125 -0.0322113037109375 -0.107559204101563
-0.126556396484375 0.0724563598632812 -0.0230178833007813 -0.0486869812011719
-0.0623703002929688 0.12860107421875 0.00541305541992187 -0.0596542358398437
-0.0634307861328125 0.13311767578125 0.0272369384765625 -0.095733642578125
-0.0449981689453125 0.157180786132813 0.0545730590820313 -0.11712646484375
-0.0771331787109375 0.129936218261719 0.108863830566406 -0.10076904296875
-0.14910888671875 0.0770721435546875 0.123062133789063 -0.0529403686523438
-0.1693115234375 -0.0337677001953125 0.113731384277344 0.0396957397460937
-0.0701751708984375 -0.193130493164063 0.047149658203125 0.101455688476563
0.05841064453125 -0.195083618164062 -0.0393028259277344 0.0224266052246094
0.172103881835938 -0.147796630859375 0.0923080444335938 -0.0982284545898438
0.128746032714844 0.003326416015625 0.143569946289062 -0.228103637695313
0.130622863769531 -0.046905517578125 0.159591674804688 -0.211288452148438
0.0662460327148437 -0.130294799804688 0.093536376953125 -0.170150756835937
-0.0386123657226563 -0.103141784667969 0.033203125 -0.154754638671875
-0.0906143188476563 -0.0433197021484375 0.00179290771484374 -0.110580444335938
-0.0828170776367188 0.0421524047851563 0.00438690185546874 -0.0789566040039063
-0.0425567626953125 0.0836715698242188 0.0155410766601563 -0.103965759277344
-0.0438766479492187 0.089996337890625 0.0301971435546875 -0.133460998535156
-0.0365676879882813 0.110610961914063 0.059844970703125 -0.159439086914063
-0.0595703125 0.093231201171875 0.123283386230469 -0.1341552734375
-0.115081787109375 0.0511245727539062 0.142547607421875 -0.0707550048828125
-0.122383117675781 -0.037139892578125 0.13201904296875 0.0285415649414062
-0.0278472900390625 -0.152206420898438 0.0562591552734375 0.0944671630859375
0.0819244384765625 -0.127731323242188 -0.0208377838134766 -0.00749778747558595
0.147216796875 -0.0560302734375 0.14495849609375 -0.127212524414063
-0.0785903930664062 -0.0401229858398438 -0.143966674804688 0.1607666015625
-0.0557746887207031 0.0518951416015625 0.00842475891113281 0.0310630798339844
0.0103492736816406 0.0674362182617188 -0.0567626953125 -0.0949325561523438
0.0539321899414063 0.0287933349609375 -0.159393310546875 -0.044891357421875
0.0550193786621094 -0.0165367126464844 -0.162933349609375 0.0613861083984375
0.0255126953125 -0.0498161315917969 -0.120407104492188 0.1514892578125
0.00856399536132813 -0.0388526916503906 -0.0397186279296875 0.184829711914063
0.0129909515380859 -0.0305023193359375 -0.0173492431640625 0.15240478515625
0.0175552368164063 -0.0278682708740234 -0.00583648681640626 0.126640319824219
0.0241069793701172 -0.008758544921875 -0.0122451782226563 0.107872009277344
0.0185832977294922 0.0210838317871094 -0.00437927246093751 0.113616943359375
-0.0219650268554687 0.0454864501953125 -0.0301513671875 0.148422241210938
-0.0667572021484375 0.00780868530273438 -0.102508544921875 0.16851806640625
-0.0753936767578125 -0.0487060546875 -0.142486572265625 0.22125244140625
-0.062744140625 -0.0933914184570313 -0.16064453125 0.236160278320313
-0.01519775390625 -0.133468627929688 -0.169998168945313 0.1392822265625
-0.0411300659179688 -0.0379486083984375 -0.0047149658203125 0.0266170501708984
-0.0341815948486328 -0.0122795104980469 -0.058013916015625 -0.113876342773437
-0.0151681900024414 0.00518989562988281 -0.167404174804688 -0.0634002685546875
-0.0113306045532227 0.00314617156982422 -0.179641723632813 0.0484466552734375
-0.00789070129394531 0.00504255294799805 -0.1287841796875 0.151473999023438
-0.00323486328125 0.0260601043701172 -0.041015625 0.18463134765625
-0.00957489013671875 0.0311031341552734 -0.013458251953125 0.144485473632813
-0.00296783447265625 0.0362892150878906 0.00109863281250001 0.121101379394531
-0.0190410614013672 0.0337276458740234 0.00177001953124999 0.102897644042969
-0.0467033386230469 0.0268821716308594 0.0105514526367187 0.104934692382813
-0.0825729370117188 0.00170135498046875 -0.014434814453125 0.147125244140625
-0.0743637084960938 -0.0838851928710937 -0.0776519775390625 0.168853759765625
-0.04119873046875 -0.13470458984375 -0.121994018554687 0.214706420898438
0.012420654296875 -0.177261352539062 -0.148956298828125 0.210647583007813
0.06219482421875 -0.206146240234375 -0.171035766601563 0.0872039794921875
-0.00264739990234374 -0.12921142578125 -0.00710678100585937 -0.00220203399658204
-0.065673828125 -0.110893249511719 -0.0517578125 -0.142562866210938
-0.0860595703125 -0.0377883911132813 -0.164230346679688 -0.0926971435546875
-0.0859832763671875 0.0107192993164062 -0.185333251953125 0.0208282470703125
-0.0504837036132813 0.0546340942382812 -0.130569458007813 0.132400512695312
-0.0195846557617188 0.0860595703125 -0.03900146484375 0.161636352539063
-0.0310821533203125 0.0881805419921875 -0.00734710693359375 0.114372253417969
-0.0189285278320313 0.097381591796875 0.0133819580078125 0.09393310546875
-0.050567626953125 0.0786590576171875 0.0257644653320313 0.07904052734375
-0.100173950195312 0.0481414794921875 0.0371551513671875 0.0832901000976563
-0.139778137207031 -0.0170364379882812 0.0163345336914062 0.13751220703125
-0.0987548828125 -0.1500244140625 -0.041015625 0.165664672851563
-0.028350830078125 -0.201751708984375 -0.094512939453125 0.1944580078125
0.0704193115234375 -0.240005493164062 -0.114181518554687 0.163604736328125
0.137252807617188 -0.241714477539063 -0.139533996582031 0.0135116577148437
0.0544586181640625 -0.199920654296875 0.00739669799804688 -0.0494194030761719
-0.071014404296875 -0.208892822265625 -0.0316009521484375 -0.17242431640625
-0.141357421875 -0.093170166015625 -0.14385986328125 -0.125656127929688
-0.152725219726562 0.00244140624999999 -0.1722412109375 -0.0175323486328125
-0.0936431884765625 0.0900726318359375 -0.119903564453125 0.0959854125976562
-0.0375595092773437 0.1314697265625 -0.03326416015625 0.118423461914063
-0.0484619140625 0.132194519042969 0.00120925903320312 0.0684623718261719
-0.0281982421875 0.146011352539063 0.0259628295898438 0.0485343933105469
-0.067596435546875 0.119125366210937 0.0504798889160156 0.0398368835449219
-0.136375427246094 0.0756454467773438 0.063446044921875 0.0497093200683594
-0.18072509765625 -0.0158843994140625 0.0491256713867187 0.11456298828125
-0.1243896484375 -0.1871337890625 -0.00444030761718751 0.152236938476563
-0.0246429443359375 -0.241195678710938 -0.071319580078125 0.160018920898437
0.111679077148437 -0.270645141601562 -0.0680389404296875 0.0985183715820312
0.190216064453125 -0.233367919921875 -0.0801010131835937 -0.0686492919921875
0.112701416015625 -0.229080200195313 0.0387496948242188 -0.10491943359375
-0.046905517578125 -0.273788452148438 0.000778198242187511 -0.1923828125
-0.162857055664062 -0.142623901367188 -0.103378295898438 -0.151657104492188
-0.191848754882813 -0.017059326171875 -0.136199951171875 -0.0569381713867188
-0.124710083007813 0.104957580566406 -0.094085693359375 0.0470962524414062
-0.0511016845703125 0.1546630859375 -0.023345947265625 0.0611724853515625
-0.057891845703125 0.155364990234375 0.00927257537841797 0.0128974914550781
-0.0319061279296875 0.173721313476563 0.0355300903320313 -0.00693511962890624
-0.0734405517578125 0.143341064453125 0.0706329345703125 -0.00966644287109374
-0.151901245117188 0.096099853515625 0.0836944580078125 0.00981903076171876
-0.198135375976563 -0.0101165771484375 0.0759201049804687 0.0832138061523438
-0.132095336914062 -0.200286865234375 0.0243072509765625 0.131149291992188
-0.0137939453125 -0.250457763671875 -0.0560455322265625 0.115768432617187
0.138290405273437 -0.265823364257812 -0.0184974670410156 0.025482177734375
0.207077026367187 -0.183578491210938 -0.00219726562499998 -0.143478393554688
0.151458740234375 -0.207061767578125 0.0807952880859375 -0.154815673828125
-0.00331115722656249 -0.280731201171875 0.0369720458984375 -0.196456909179688
-0.144149780273437 -0.164688110351563 -0.052001953125 -0.162353515625
-0.191879272460938 -0.0349273681640625 -0.0868682861328125 -0.0860977172851563
-0.133659362792969 0.100074768066406 -0.0584259033203125 -0.00239181518554687
-0.0562286376953125 0.152603149414062 -0.0104732513427734 -0.00150108337402343
-0.058746337890625 0.155105590820313 0.01513671875 -0.0436286926269531
-0.0323028564453125 0.177078247070313 0.0412750244140625 -0.0645866394042969
-0.0711517333984375 0.14727783203125 0.0858535766601563 -0.0608291625976562
-0.152145385742188 0.099639892578125 0.0996246337890625 -0.0285720825195312
-0.19256591796875 -0.0114898681640625 0.0961151123046875 0.0540237426757813
-0.117095947265625 -0.198318481445312 0.0424652099609375 0.1103515625
0.0110321044921875 -0.233261108398437 -0.0471115112304687 0.0681915283203125
0.153335571289063 -0.224838256835938 0.0306968688964844 -0.0445404052734375
0.181289672851563 -0.102752685546875 0.07196044921875 -0.199127197265625
0.1536865234375 -0.142181396484375 0.11944580078125 -0.19146728515625
0.0331878662109375 -0.22576904296875 0.066162109375 -0.1856689453125
-0.0989532470703125 -0.146102905273438 -0.00556945800781252 -0.158889770507813
-0.1531982421875 -0.041229248046875 -0.0382080078125 -0.101600646972656
-0.115982055664063 0.0788421630859375 -0.0234298706054688 -0.0462799072265625
-0.0495452880859375 0.12713623046875 0.0012054443359375 -0.0589942932128906
-0.050689697265625 0.1322021484375 0.0176467895507812 -0.0946807861328125
-0.0307464599609375 0.1544189453125 0.0431442260742188 -0.118453979492187
-0.0635910034179687 0.1297607421875 0.0978622436523438 -0.106208801269531
-0.136192321777344 0.0849990844726563 0.1153564453125 -0.0591201782226562
-0.165084838867188 -0.0192108154296875 0.113212585449219 0.0312271118164062
-0.08203125 -0.181594848632813 0.0531158447265625 0.0941543579101563
0.0428314208984375 -0.192169189453125 -0.0368576049804687 0.0262680053710937
0.155410766601563 -0.156158447265625 0.0811004638671875 -0.100532531738281
0.123237609863281 -0.006561279296875 0.124496459960938 -0.227584838867188
0.121322631835938 -0.0548934936523438 0.142059326171875 -0.212127685546875
0.0520401000976562 -0.130119323730469 0.07916259765625 -0.168685913085937
-0.0442047119140625 -0.0951614379882812 0.022491455078125 -0.150665283203125
-0.089630126953125 -0.0343399047851562 -0.00585174560546876 -0.106697082519531
-0.0765609741210938 0.0469894409179688 -0.000320434570312508 -0.0768508911132813
-0.034088134765625 0.0825653076171875 0.00714111328125 -0.101829528808594
-0.0348663330078125 0.0897750854492188 0.0180435180664063 -0.131340026855469
-0.0257110595703125 0.109375 0.0449981689453125 -0.1593017578125
-0.049468994140625 0.092864990234375 0.109169006347656 -0.13983154296875
-0.104827880859375 0.058013916015625 0.132606506347656 -0.0770111083984375
-0.120559692382813 -0.0259933471679688 0.1292724609375 0.0194854736328125
-0.038330078125 -0.144912719726563 0.061248779296875 0.0875244140625
0.0700225830078125 -0.129013061523438 -0.0216560363769531 -0.00356292724609376
0.137527465820313 -0.0646133422851563 0.128944396972656 -0.13165283203125
-0.0754547119140625 -0.0329437255859375 -0.12738037109375 0.157669067382813
-0.0496597290039063 0.0506401062011719 0.0105915069580078 0.0279979705810547
0.0126953125 0.0620040893554688 -0.058258056640625 -0.0880813598632813
0.0522117614746094 0.0237693786621094 -0.152740478515625 -0.036651611328125
0.0510635375976563 -0.0191688537597656 -0.152175903320313 0.0648040771484375
0.0199432373046875 -0.0484771728515625 -0.108505249023437 0.149688720703125
0.00513076782226563 -0.0355262756347656 -0.0283966064453125 0.177322387695312
0.0100231170654297 -0.0287151336669922 -0.00790405273437498 0.145904541015625
0.0144901275634766 -0.0269641876220703 0.00152587890624999 0.120529174804688
0.0212326049804687 -0.00881004333496094 -0.00641632080078125 0.103622436523438
0.0170097351074219 0.01776123046875 0.00108337402343749 0.107986450195313
-0.0174598693847656 0.0433578491210938 -0.021636962890625 0.142318725585938
-0.0615882873535156 0.00994110107421875 -0.09088134765625 0.163467407226562
-0.0723800659179688 -0.0428848266601563 -0.12451171875 0.215057373046875
-0.0634002685546875 -0.0848541259765625 -0.14154052734375 0.229690551757813
-0.020477294921875 -0.124221801757813 -0.151763916015625 0.13916015625
-0.0395660400390625 -0.0350914001464844 -0.00120353698730469 0.02392578125
-0.0338344573974609 -0.0107574462890625 -0.0604400634765625 -0.105133056640625
-0.0139188766479492 0.00424575805664062 -0.160247802734375 -0.0536346435546875
-0.0105981826782227 0.00301074981689453 -0.167572021484375 0.053131103515625
-0.00864315032958984 0.00435495376586914 -0.1162109375 0.149368286132813
-0.00249862670898437 0.0253543853759766 -0.0296783447265625 0.176605224609375
-0.00813865661621094 0.0305099487304687 -0.00570678710937501 0.138137817382813
-0.00189018249511719 0.0348281860351563 0.00782775878906249 0.115455627441406
-0.01776123046875 0.0324020385742188 0.00688934326171876 0.0979843139648438
-0.0439682006835938 0.0271186828613281 0.0149993896484375 0.0992813110351563
-0.0780410766601563 0.00496673583984376 -0.0063018798828125 0.141204833984375
-0.0733489990234375 -0.0765380859375 -0.066619873046875 0.162994384765625
-0.043701171875 -0.125701904296875 -0.105941772460938 0.208831787109375
0.00393676757812502 -0.168304443359375 -0.131378173828125 0.2059326171875
0.0491180419921875 -0.197250366210938 -0.154342651367188 0.0907135009765625
-0.00668334960937499 -0.123428344726563 -0.0044403076171875 -0.00223731994628907
-0.0678863525390625 -0.102767944335937 -0.0552215576171875 -0.1317138671875
-0.0830001831054688 -0.0322799682617188 -0.159210205078125 -0.08135986328125
-0.0804367065429688 0.0139236450195312 -0.174102783203125 0.026885986328125
-0.0457954406738281 0.0535812377929688 -0.117767333984375 0.13067626953125
-0.0151443481445313 0.0822219848632813 -0.0291595458984375 0.154296875
-0.02520751953125 0.0858993530273438 -0.00141906738281249 0.109367370605469
-0.01300048828125 0.0929946899414063 0.0177993774414062 0.0880661010742188
-0.044464111328125 0.07598876953125 0.0282974243164062 0.0741348266601563
-0.0930252075195312 0.0494842529296875 0.0391311645507813 0.0780792236328125
-0.132781982421875 -0.00961303710937498 0.0227432250976562 0.131034851074219
-0.100303649902344 -0.138809204101562 -0.0319671630859375 0.1591796875
-0.0343017578125 -0.190200805664063 -0.08056640625 0.189422607421875
0.056365966796875 -0.231307983398438 -0.0999603271484375 0.160110473632813
0.118621826171875 -0.2342529296875 -0.128288269042969 0.0200347900390625
0.04388427734375 -0.193130493164063 0.00781631469726563 -0.0466880798339844
-0.0781707763671875 -0.194778442382813 -0.0384979248046875 -0.16082763671875
-0.138252258300781 -0.08184814453125 -0.140777587890625 -0.112747192382812
-0.14447021484375 0.00982666015624999 -0.16326904296875 -0.0101318359375
-0.0847549438476563 0.0890426635742188 -0.108856201171875 0.0946731567382813
-0.0294342041015625 0.125831604003906 -0.02606201171875 0.112930297851563
-0.0394210815429688 0.127685546875 0.0037384033203125 0.0647850036621094
-0.0189743041992187 0.139175415039062 0.0271034240722656 0.0439987182617188
-0.0587387084960938 0.114997863769531 0.0498580932617187 0.034759521484375
-0.124526977539062 0.0780715942382813 0.0628623962402344 0.0449142456054688
-0.17181396484375 -0.00624084472656249 0.0529251098632812 0.107742309570313
-0.126663208007812 -0.172561645507813 0.00297546386718748 0.14459228515625
-0.032806396484375 -0.227142333984375 -0.059539794921875 0.155502319335937
0.0936737060546875 -0.26214599609375 -0.0595932006835937 0.0970916748046875
0.169052124023437 -0.228744506835937 -0.0750808715820313 -0.0595550537109375
0.0971832275390625 -0.222976684570313 0.0350570678710938 -0.0995712280273438
-0.0584564208984375 -0.257293701171875 -0.00831604003906249 -0.180679321289063
-0.159713745117187 -0.126983642578125 -0.104293823242188 -0.139389038085938
-0.181915283203125 -0.00598144531249999 -0.130966186523438 -0.0481033325195312
-0.113311767578125 0.104286193847656 -0.0860214233398438 0.0475616455078125
-0.0410614013671875 0.147537231445313 -0.0188255310058594 0.0579338073730469
-0.0470428466796875 0.1505126953125 0.00858306884765625 0.011601448059082
-0.0205078125 0.165618896484375 0.033111572265625 -0.0093860626220703
-0.0623245239257812 0.138389587402344 0.0663795471191406 -0.0133018493652344
-0.138252258300781 0.09765625 0.0802230834960937 0.00579071044921876
-0.188018798828125 0.000381469726562505 0.0770797729492187 0.0774993896484375
-0.136062622070312 -0.184371948242188 0.0286941528320312 0.123527526855469
-0.0236358642578125 -0.236679077148438 -0.0475311279296875 0.113258361816406
0.1187744140625 -0.259262084960938 -0.0161151885986328 0.0252227783203125
0.186065673828125 -0.182830810546875 -0.00582122802734374 -0.133544921875
0.134780883789063 -0.203826904296875 0.072723388671875 -0.148544311523438
-0.0182952880859375 -0.264877319335938 0.026397705078125 -0.185516357421875
-0.14324951171875 -0.1485595703125 -0.05523681640625 -0.1513671875
-0.183151245117188 -0.0235137939453125 -0.08587646484375 -0.0779647827148438
-0.120918273925781 0.099609375 -0.0542068481445313 -0.00118255615234375
-0.0456695556640625 0.145782470703125 -0.00935935974121094 -0.00200653076171874
-0.048004150390625 0.150588989257813 0.0114784240722656 -0.042877197265625
-0.0204010009765625 0.167922973632813 0.0345344543457031 -0.0645256042480468
-0.0595245361328125 0.141769409179688 0.0778656005859375 -0.0628280639648437
-0.137428283691406 0.100776672363281 0.0937347412109375 -0.0307846069335938
-0.181716918945312 -0.00067138671875001 0.0942611694335937 0.0483016967773437
-0.12066650390625 -0.182693481445313 0.044586181640625 0.102516174316406
-0.000106811523437513 -0.2215576171875 -0.042236328125 0.0685234069824219
0.134857177734375 -0.220947265625 0.0268669128417969 -0.0428695678710938
0.166427612304688 -0.106155395507813 0.0616302490234375 -0.189132690429688
0.139175415039062 -0.141983032226563 0.107101440429688 -0.184677124023437
0.01995849609375 -0.214248657226563 0.055511474609375 -0.176376342773438
-0.0997772216796875 -0.133293151855469 -0.011077880859375 -0.149490356445313
-0.146072387695313 -0.030975341796875 -0.0406723022460938 -0.0941085815429688
-0.104911804199219 0.0798873901367188 -0.0231781005859375 -0.0438079833984375
-0.0402908325195312 0.121788024902344 -0.00158691406250001 -0.0569381713867187
-0.041351318359375 0.127983093261719 0.0107498168945312 -0.0904541015625
-0.01971435546875 0.147171020507813 0.0339431762695313 -0.114959716796875
-0.0528564453125 0.125 0.0873336791992188 -0.106163024902344
-0.122917175292969 0.086700439453125 0.106491088867187 -0.059906005859375
-0.15673828125 -0.00866699218749998 0.109169006347656 0.0257492065429688
-0.0876312255859375 -0.167861938476563 0.0543975830078125 0.0869979858398437
0.0314178466796875 -0.184036254882813 -0.0344581604003906 0.0279293060302734
0.139312744140625 -0.155227661132813 0.0712051391601563 -0.097747802734375
0.115058898925781 -0.0114822387695313 0.108673095703125 -0.21893310546875
0.111610412597656 -0.056640625 0.125869750976563 -0.20526123046875
0.0419082641601563 -0.124702453613281 0.0693359375 -0.16143798828125
-0.0455703735351563 -0.0866317749023438 0.0150909423828125 -0.143585205078125
-0.0856475830078125 -0.0272369384765625 -0.0103530883789063 -0.100418090820313
-0.0694656372070312 0.0475387573242188 -0.00271606445312501 -0.0741424560546875
-0.0282516479492187 0.07904052734375 0.00175476074218749 -0.0977630615234375
-0.0282211303710937 0.0863494873046875 0.00912475585937501 -0.125114440917969
-0.017852783203125 0.104148864746094 0.03326416015625 -0.153839111328125
-0.04132080078125 0.0895614624023438 0.0968170166015625 -0.138259887695313
-0.0946502685546875 0.06011962890625 0.12188720703125 -0.0777435302734375
-0.1146240234375 -0.017852783203125 0.123176574707031 0.013641357421875
-0.04449462890625 -0.135025024414063 0.0621719360351563 0.080047607421875
0.0605239868164063 -0.125190734863281 -0.0220680236816406 -0.000427246093750011
0.12615966796875 -0.0682449340820313 0.114509582519531 -0.129005432128906
-0.0712356567382812 -0.0287857055664063 -0.11578369140625 0.151153564453125
-0.0462265014648437 0.0489349365234375 0.0115013122558594 0.0250396728515625
0.0130233764648438 0.0575485229492188 -0.0564651489257812 -0.0825729370117188
0.0502052307128906 0.0204277038574219 -0.146011352539062 -0.032318115234375
0.0473709106445313 -0.0205459594726563 -0.143753051757813 0.0632781982421875
0.0161819458007813 -0.0457839965820313 -0.100494384765625 0.14508056640625
0.00279998779296875 -0.0323810577392578 -0.0229949951171875 0.169677734375
0.0081787109375 -0.0263042449951172 -0.00360107421874999 0.139595031738281
0.0125961303710938 -0.0245800018310547 0.00585937500000001 0.115089416503906
0.0186176300048828 -0.00896263122558594 -0.00354766845703124 0.0993423461914063
0.0155038833618164 0.0162410736083984 0.003021240234375 0.103096008300781
-0.0152587890625 0.0411758422851563 -0.0173416137695312 0.136024475097656
-0.0570411682128906 0.0102958679199219 -0.08404541015625 0.156784057617188
-0.0687217712402344 -0.04010009765625 -0.114791870117188 0.205123901367188
-0.061798095703125 -0.0783615112304687 -0.130615234375 0.219573974609375
-0.0208892822265625 -0.116592407226563 -0.139114379882812 0.13421630859375
-0.0377082824707031 -0.0334205627441406 0.000560760498046875 0.0220603942871094
-0.0324192047119141 -0.0104331970214844 -0.05908203125 -0.0982589721679688
-0.0132179260253906 0.00341415405273438 -0.1536865234375 -0.048980712890625
-0.0105161666870117 0.00178813934326172 -0.15850830078125 0.052398681640625
-0.00932502746582031 0.00438880920410156 -0.108062744140625 0.143905639648438
-0.00293731689453125 0.0248641967773438 -0.0239410400390625 0.168563842773438
-0.00742340087890625 0.0302467346191406 -0.00190734863281249 0.132003784179688
-0.00141334533691406 0.0334281921386719 0.0112228393554687 0.109901428222656
-0.0174407958984375 0.0306415557861328 0.00865936279296875 0.0937347412109375
-0.0421409606933594 0.0258331298828125 0.016510009765625 0.094818115234375
-0.0740509033203125 0.00589752197265626 -0.0028076171875 0.13525390625
-0.0703964233398438 -0.0724945068359375 -0.0609130859375 0.1566162109375
-0.0429458618164062 -0.118988037109375 -0.096435546875 0.200088500976563
0.00122070312500001 -0.16009521484375 -0.120407104492188 0.198043823242188
0.0433349609375 -0.186767578125 -0.141647338867188 0.0889739990234375
-0.00789642333984374 -0.117889404296875 -0.00163471698760986 -0.00202286243438721
-0.0676498413085938 -0.0963897705078125 -0.0548324584960937 -0.123519897460938
-0.0796966552734375 -0.0296783447265625 -0.152359008789063 -0.07513427734375
-0.0764541625976562 0.0142898559570313 -0.164993286132813 0.0274505615234375
-0.0431938171386719 0.0513763427734375 -0.109870910644531 0.125511169433594
-0.0128631591796875 0.0792160034179688 -0.0238494873046875 0.1470947265625
-0.0227432250976563 0.0830535888671875 0.00120544433593749 0.104576110839844
-0.0103530883789063 0.088531494140625 0.0193710327148438 0.0832138061523437
-0.0412673950195312 0.0730209350585938 0.0285568237304688 0.0703659057617187
-0.0878677368164063 0.048370361328125 0.03900146484375 0.0739898681640625
-0.126472473144531 -0.00637817382812501 0.025634765625 0.125579833984375
-0.0972213745117187 -0.130630493164063 -0.027801513671875 0.152008056640625
-0.035186767578125 -0.180465698242188 -0.0728607177734375 0.181869506835938
0.0493316650390625 -0.220703125 -0.0918121337890625 0.15399169921875
0.10760498046875 -0.223968505859375 -0.118019104003906 0.0222244262695312
0.0385894775390625 -0.185638427734375 0.00980758666992188 -0.0442237854003906
-0.0792388916015625 -0.183624267578125 -0.0390625 -0.15020751953125
-0.132339477539063 -0.0748672485351563 -0.135810852050781 -0.10546875
-0.136665344238281 0.0121231079101563 -0.15509033203125 -0.00711059570312502
-0.0786056518554687 0.0854415893554688 -0.101356506347656 0.0912551879882812
-0.0258636474609375 0.120071411132813 -0.021514892578125 0.107032775878906
-0.0344390869140625 0.123680114746094 0.00474929809570312 0.0620079040527344
-0.0141143798828125 0.131996154785156 0.0265617370605469 0.040985107421875
-0.053436279296875 0.109397888183594 0.0482940673828125 0.0319900512695313
-0.116920471191406 0.0758438110351563 0.0608482360839844 0.0419044494628906
-0.163467407226563 -0.00239562988281251 0.0541763305664063 0.103172302246094
-0.124359130859375 -0.162399291992188 0.00449371337890624 0.138153076171875
-0.0347747802734375 -0.215728759765625 -0.05352783203125 0.149932861328125
0.0838470458984375 -0.25189208984375 -0.0544052124023437 0.0934677124023437
0.1558837890625 -0.220245361328125 -0.0693740844726562 -0.0538291931152344
0.0887908935546875 -0.2147216796875 0.0344467163085938 -0.094329833984375
-0.062103271484375 -0.242538452148437 -0.011138916015625 -0.169174194335938
-0.154312133789063 -0.117645263671875 -0.100273132324219 -0.130386352539062
-0.17266845703125 -0.00195312499999998 -0.124977111816406 -0.0438461303710938
-0.104782104492188 0.100601196289063 -0.0800628662109375 0.0452041625976563
-0.0359954833984375 0.140625 -0.0161056518554688 0.0543899536132813
-0.04144287109375 0.145172119140625 0.00774192810058594 0.0110845565795899
-0.01458740234375 0.15679931640625 0.0306072235107422 -0.00980567932128905
-0.0556564331054688 0.131019592285156 0.0631256103515625 -0.0143394470214844
-0.128173828125 0.0948562622070313 0.076568603515625 0.00454711914062501
-0.178146362304688 0.00482177734374999 0.0762252807617187 0.0734100341796875
-0.133651733398437 -0.1727294921875 0.029205322265625 0.116851806640625
-0.026763916015625 -0.224822998046875 -0.0436935424804688 0.109756469726562
0.107315063476562 -0.250106811523438 -0.0153083801269531 0.0247650146484375
0.172805786132813 -0.17706298828125 -0.00534820556640625 -0.124755859375
0.124908447265625 -0.196319580078125 0.069580078125 -0.141082763671875
-0.024261474609375 -0.250579833984375 0.022064208984375 -0.174514770507813
-0.138206481933594 -0.137733459472656 -0.054290771484375 -0.142364501953125
-0.17364501953125 -0.017547607421875 -0.0824050903320313 -0.0723648071289063
-0.112419128417969 0.0968170166015625 -0.0504798889160156 -0.00200653076171873
-0.0394287109375 0.139205932617188 -0.00900650024414063 -0.0023365020751953
-0.042266845703125 0.144943237304688 0.00835800170898438 -0.0403976440429687
-0.0151214599609375 0.159210205078125 0.030487060546875 -0.0626296997070312
-0.0526123046875 0.134391784667969 0.0726547241210938 -0.0621566772460937
-0.126518249511719 0.09881591796875 0.0889053344726562 -0.0302886962890625
-0.172576904296875 0.00442504882812498 0.091400146484375 0.0450668334960938
-0.11962890625 -0.1715087890625 0.0438690185546875 0.09674072265625
-0.00367736816406252 -0.21051025390625 -0.0388336181640625 0.0672073364257812
0.12286376953125 -0.214080810546875 0.0241546630859375 -0.04071044921875
0.154876708984375 -0.102783203125 0.057159423828125 -0.179611206054688
0.129417419433594 -0.137077331542969 0.100921630859375 -0.175567626953125
0.0126495361328125 -0.203460693359375 0.0506439208984375 -0.16583251953125
-0.0970458984375 -0.123863220214844 -0.0121307373046875 -0.141860961914063
-0.138702392578125 -0.0259628295898438 -0.0399322509765625 -0.0881729125976562
-0.0979156494140625 0.0767745971679688 -0.0216064453125 -0.0428352355957031
-0.0353317260742187 0.115249633789063 -0.00310516357421875 -0.0548820495605469
-0.0360565185546875 0.123191833496094 0.00743865966796874 -0.0864486694335938
-0.0143814086914063 0.139442443847656 0.0283279418945313 -0.110137939453125
-0.046722412109375 0.118644714355469 0.0808639526367188 -0.103500366210937
-0.112922668457031 0.0849609375 0.100471496582031 -0.0580291748046875
-0.1483154296875 -0.00382995605468753 0.104507446289062 0.0235824584960938
-0.0880279541015625 -0.157424926757813 0.0530929565429687 0.0813140869140625
0.025665283203125 -0.175552368164062 -0.0331306457519531 0.0291957855224609
0.128631591796875 -0.151260375976563 0.0643997192382813 -0.0926361083984375
0.107818603515625 -0.0133743286132812 0.101409912109375 -0.208175659179688
0.103843688964844 -0.0552291870117188 0.118316650390625 -0.195358276367188
0.0358963012695313 -0.118576049804688 0.065155029296875 -0.152694702148437
-0.0445098876953125 -0.081024169921875 0.0132980346679688 -0.136360168457031
-0.0814590454101563 -0.0236892700195312 -0.0115127563476563 -0.0952987670898438
-0.0641250610351562 0.0472526550292969 -0.00289154052734375 -0.0723114013671875
-0.0239486694335938 0.0747299194335938 -0.001251220703125 -0.0938034057617188
-0.024169921875 0.08270263671875 0.00489044189453126 -0.119094848632813
-0.0129928588867188 0.0990753173828125 0.0267181396484375 -0.14666748046875
-0.036376953125 0.0846710205078125 0.088226318359375 -0.133834838867188
-0.0871200561523438 0.0584259033203125 0.114349365234375 -0.0754623413085938
-0.1082763671875 -0.0128173828125 0.117225646972656 0.0110626220703125
-0.0457687377929687 -0.1270751953125 0.0604095458984375 0.0751190185546875
0.0538253784179688 -0.120269775390625 -0.0215625762939453 0.00174903869628906
0.117424011230469 -0.0676345825195313 0.104484558105469 -0.12347412109375
-0.0675888061523437 -0.0262413024902344 -0.110519409179687 0.145645141601563
-0.0442123413085937 0.0470199584960937 0.0119495391845703 0.02374267578125
0.0127410888671875 0.055084228515625 -0.0546035766601563 -0.0801315307617188
0.0488815307617188 0.0181198120117188 -0.141769409179688 -0.0313568115234375
0.0442695617675781 -0.0211257934570313 -0.139434814453125 0.0613021850585938
0.0140304565429687 -0.0435218811035156 -0.0972442626953125 0.142059326171875
0.00213813781738282 -0.0301380157470703 -0.0211181640625 0.165390014648438
0.007568359375 -0.0246028900146484 -0.00137329101562501 0.135940551757813
0.011016845703125 -0.023101806640625 0.00737762451171875 0.112442016601563
0.0166730880737305 -0.00860786437988281 -0.00318145751953124 0.0974349975585937
0.0138425827026367 0.0150213241577148 0.00365447998046875 0.100723266601563
-0.014190673828125 0.0391273498535156 -0.01593017578125 0.131973266601562
-0.0540580749511719 0.00901412963867187 -0.081573486328125 0.151885986328125
-0.0667915344238281 -0.0386772155761719 -0.1104736328125 0.197952270507813
-0.0598220825195312 -0.0747909545898438 -0.125686645507813 0.21270751953125
-0.0196762084960938 -0.111434936523438 -0.131507873535156 0.129928588867187
-0.0358810424804687 -0.03277587890625 0.00234031677246094 0.0208148956298828
-0.0321464538574219 -0.0108108520507813 -0.0572357177734375 -0.0949859619140625
-0.0124235153198242 0.00231552124023438 -0.148895263671875 -0.0474090576171875
-0.0111198425292969 0.00145435333251953 -0.153915405273438 0.0496673583984375
-0.010197639465332 0.00474643707275391 -0.104042053222656 0.139976501464844
-0.00303840637207031 0.0252704620361328 -0.0218048095703125 0.164291381835938
-0.00715255737304688 0.0306301116943359 0.00026702880859375 0.128646850585938
-0.00163841247558594 0.0328865051269531 0.0127410888671875 0.106880187988281
-0.0173568725585937 0.0304088592529297 0.00921630859375001 0.0914077758789063
-0.0414352416992188 0.0244369506835938 0.0165252685546875 0.0922927856445313
-0.071136474609375 0.00547027587890624 -0.000900268554687516 0.132278442382813
-0.0678787231445312 -0.0709991455078125 -0.058990478515625 0.151596069335938
-0.0410995483398438 -0.115684509277344 -0.0924530029296875 0.193328857421875
0.000396728515625 -0.154800415039063 -0.116531372070313 0.191558837890625
0.04193115234375 -0.180328369140625 -0.134239196777344 0.08648681640625
-0.00741577148437501 -0.115104675292969 0.00107800960540771 -0.00203812122344971
-0.0667572021484375 -0.0938720703125 -0.0530471801757813 -0.118362426757813
-0.0766830444335937 -0.0288848876953125 -0.147506713867188 -0.072998046875
-0.0742111206054688 0.0140914916992187 -0.159774780273438 0.0258941650390625
-0.0422401428222656 0.04998779296875 -0.105949401855469 0.121391296386719
-0.0123519897460937 0.0768890380859375 -0.0216064453125 0.143081665039063
-0.0213394165039063 0.0821990966796875 0.00207519531250001 0.101837158203125
-0.00893402099609376 0.0859222412109375 0.0198440551757812 0.0811386108398438
-0.0401229858398438 0.07110595703125 0.0286140441894531 0.0683403015136719
-0.0856094360351563 0.0467147827148438 0.0384521484375 0.0721511840820313
-0.12298583984375 -0.00624084472656252 0.0264968872070313 0.123161315917969
-0.0952301025390625 -0.127189636230469 -0.027008056640625 0.147903442382812
-0.0339202880859375 -0.174850463867188 -0.0696258544921875 0.176406860351563
0.04742431640625 -0.215301513671875 -0.0886993408203125 0.15045166015625
0.104278564453125 -0.21636962890625 -0.110969543457031 0.0226211547851562
0.0377655029296875 -0.180404663085938 0.0122756958007813 -0.0426216125488281
-0.0786285400390625 -0.177749633789063 -0.0380706787109375 -0.143508911132813
-0.1287841796875 -0.0722427368164062 -0.131591796875 -0.102386474609375
-0.132781982421875 0.0128173828125 -0.149887084960938 -0.00776672363281249
-0.076080322265625 0.0829925537109375 -0.0974578857421875 0.087646484375
-0.023956298828125 0.1160888671875 -0.0194778442382813 0.104156494140625
-0.0330734252929688 0.121795654296875 0.004974365234375 0.0605354309082031
-0.0127944946289062 0.127967834472656 0.0260696411132813 0.0396232604980469
-0.05078125 0.105789184570312 0.0474700927734375 0.0305061340332031
-0.112808227539063 0.0738525390625 0.0591964721679687 0.0412483215332031
-0.15869140625 -0.00112915039062502 0.0539474487304687 0.101341247558594
-0.12237548828125 -0.157669067382813 0.00386810302734375 0.134239196777344
-0.0332489013671875 -0.209716796875 -0.0510101318359375 0.145645141601563
0.0805511474609375 -0.246017456054688 -0.05328369140625 0.090850830078125
0.1505126953125 -0.213241577148438 -0.0640754699707031 -0.0508575439453125
0.08648681640625 -0.208892822265625 0.03619384765625 -0.0908050537109375
-0.062744140625 -0.234176635742188 -0.0103912353515625 -0.162796020507813
-0.149765014648438 -0.113616943359375 -0.0963897705078125 -0.126495361328125
-0.167404174804688 -0.000778198242187517 -0.121368408203125 -0.0430221557617187
-0.101593017578125 0.0973052978515625 -0.0771255493164062 0.0428924560546875
-0.0343093872070312 0.13616943359375 -0.014984130859375 0.0525474548339844
-0.0397796630859375 0.142303466796875 0.00613784790039062 0.0109014511108399
-0.0124969482421875 0.151397705078125 0.0288829803466797 -0.0101566314697266
-0.0526962280273438 0.126754760742187 0.0607681274414063 -0.0150985717773437
-0.123023986816406 0.09259033203125 0.0748214721679687 0.00489807128906251
-0.1729736328125 0.00621032714843746 0.0750656127929687 0.0731887817382813
-0.131744384765625 -0.16748046875 0.0277786254882812 0.113975524902344
-0.0262603759765625 -0.21820068359375 -0.0417633056640625 0.107696533203125
0.1025390625 -0.244354248046875 -0.0151882171630859 0.0247955322265625
0.16705322265625 -0.171157836914063 -0.00248718261718748 -0.119903564453125
0.119903564453125 -0.191543579101563 0.069122314453125 -0.135826110839844
-0.0258331298828125 -0.242477416992188 0.022552490234375 -0.166702270507813
-0.134689331054688 -0.132438659667969 -0.0521469116210938 -0.138214111328125
-0.168136596679688 -0.0158233642578125 -0.079681396484375 -0.0703811645507813
-0.107955932617188 0.0942153930664063 -0.0481910705566406 -0.00370407104492186
-0.0370712280273437 0.134292602539063 -0.00846719741821289 -0.00344038009643554
-0.0396728515625 0.141754150390625 0.00709152221679687 -0.0392799377441406
-0.0118865966796875 0.153701782226563 0.0279808044433594 -0.0614509582519531
-0.049468994140625 0.129737854003906 0.06976318359375 -0.0610275268554688
-0.120925903320313 0.0961074829101562 0.0861053466796875 -0.028900146484375
-0.166839599609375 0.0057373046875 0.0899505615234375 0.0451736450195313
-0.11834716796875 -0.165267944335938 0.0418853759765625 0.0940704345703125
-0.00439453124999998 -0.203781127929687 -0.0372695922851562 0.0663604736328125
0.117416381835938 -0.209609985351563 0.0224151611328125 -0.0383186340332031
0.149154663085938 -0.0996856689453125 0.05712890625 -0.172409057617188
0.124618530273438 -0.134063720703125 0.09918212890625 -0.169464111328125
0.010040283203125 -0.195816040039063 0.050323486328125 -0.159286499023438
-0.09344482421875 -0.118507385253906 -0.0111770629882813 -0.137771606445313
-0.134780883789062 -0.0234146118164062 -0.0387115478515625 -0.0861892700195313
-0.0938873291015625 0.0754623413085937 -0.0200462341308594 -0.0432662963867187
-0.0332183837890625 0.111221313476563 -0.00357818603515626 -0.0542984008789062
-0.0336074829101563 0.119956970214844 0.00519561767578125 -0.0838623046875
-0.0117111206054687 0.13385009765625 0.0256118774414063 -0.107772827148437
-0.04351806640625 0.114082336425781 0.076812744140625 -0.101608276367187
-0.10723876953125 0.0824203491210938 0.0969314575195312 -0.055694580078125
-0.142425537109375 -0.00218200683593751 0.101844787597656 0.023651123046875
-0.08746337890625 -0.151687622070313 0.0506668090820312 0.0792312622070313
0.0242767333984375 -0.170639038085938 -0.0325164794921875 0.0299758911132812
0.12286376953125 -0.147964477539063 0.0607681274414063 -0.0890121459960938
0.10382080078125 -0.0126113891601563 0.098846435546875 -0.201080322265625
0.0996322631835937 -0.0536041259765625 0.115234375 -0.188278198242188
0.0331878662109375 -0.113876342773438 0.0648193359375 -0.14703369140625
-0.0425643920898438 -0.0777664184570313 0.0134353637695312 -0.132293701171875
-0.0786514282226563 -0.0220108032226562 -0.0109634399414063 -0.092132568359375
-0.0620079040527344 0.0457572937011719 -0.00254058837890626 -0.0708847045898437
-0.0220794677734375 0.072021484375 -0.002960205078125 -0.0915603637695313
-0.0227508544921875 0.0802841186523438 0.00244903564453124 -0.116409301757813
-0.0111312866210938 0.0950164794921875 0.0235748291015625 -0.142333984375
-0.0341949462890625 0.0815811157226562 0.0840606689453125 -0.131477355957031
-0.082122802734375 0.0577545166015625 0.110939025878906 -0.0722274780273438
-0.103981018066406 -0.0105438232421875 0.114158630371094 0.01141357421875
-0.0468292236328125 -0.122230529785156 0.057464599609375 0.0730133056640625
0.0509109497070312 -0.1170654296875 -0.0223541259765625 0.00353050231933593
0.112289428710938 -0.0665283203125 0.0999679565429687 -0.117523193359375
-0.0652198791503906 -0.0247611999511719 -0.106735229492188 0.144927978515625
-0.0426254272460938 0.046661376953125 0.0131721496582031 0.0228328704833984
0.0128173828125 0.0542030334472656 -0.05389404296875 -0.0798873901367188
0.0483360290527344 0.0166244506835937 -0.1407470703125 -0.0303802490234375
0.0429191589355469 -0.0221481323242188 -0.138916015625 0.0604019165039063
0.0119895935058594 -0.0421791076660156 -0.0958099365234375 0.142242431640625
0.00156211853027344 -0.0282917022705078 -0.017608642578125 0.164825439453125
0.00741195678710938 -0.0227241516113281 0.00151824951171875 0.13592529296875
0.0103416442871094 -0.0223369598388672 0.00978088378906251 0.112129211425781
0.0150747299194336 -0.00812721252441406 -0.00219726562499999 0.097412109375
0.0126857757568359 0.0145950317382812 0.00438690185546874 0.100982666015625
-0.0134048461914062 0.0381736755371094 -0.0144805908203125 0.131477355957031
-0.0524864196777344 0.00880813598632812 -0.0800628662109375 0.150726318359375
-0.0660362243652344 -0.0382347106933594 -0.108078002929688 0.195602416992187
-0.0598907470703125 -0.072723388671875 -0.124130249023438 0.210617065429688
-0.0187606811523437 -0.110092163085938 -0.127426147460938 0.129417419433594
-0.0352783203125 -0.0330543518066406 0.00428199768066406 0.0200099945068359
-0.0327644348144531 -0.0105094909667969 -0.0567245483398437 -0.09393310546875
-0.0124025344848633 0.00179386138916016 -0.148651123046875 -0.0467376708984375
-0.0111560821533203 0.0010385513305664 -0.153213500976563 0.0494384765625
-0.0114755630493164 0.00549602508544922 -0.103225708007813 0.14013671875
-0.00246620178222656 0.0261440277099609 -0.018798828125 0.163131713867188
-0.00688934326171875 0.0315971374511719 0.00230407714843749 0.128639221191406
-0.00176811218261718 0.0332355499267578 0.014923095703125 0.106124877929688
-0.0180416107177734 0.0306377410888672 0.0106658935546875 0.09173583984375
-0.0422935485839844 0.0247268676757812 0.0177001953125 0.092193603515625
-0.07025146484375 0.00555038452148437 0.00118255615234374 0.131683349609375
-0.0674285888671875 -0.0708541870117188 -0.05828857421875 0.150955200195313
-0.04119873046875 -0.114822387695313 -0.0897674560546875 0.191314697265625
-0.00016784667968751 -0.152999877929688 -0.114395141601563 0.190536499023438
0.0416259765625 -0.17822265625 -0.12957763671875 0.0862808227539062
-0.0077667236328125 -0.114982604980469 0.00292205810546875 -0.00189876556396485
-0.0681076049804688 -0.0924911499023438 -0.0524520874023438 -0.11614990234375
-0.0766067504882813 -0.0283203125 -0.147384643554688 -0.07196044921875
-0.0738677978515625 0.0147247314453125 -0.1593017578125 0.0257110595703125
-0.042449951171875 0.0496139526367187 -0.104194641113281 0.121383666992187
-0.0112762451171875 0.0770111083984375 -0.0190887451171875 0.141815185546875
-0.02044677734375 0.0839004516601562 0.00390625000000001 0.102317810058594
-0.00824737548828124 0.0853042602539062 0.0213088989257812 0.0804214477539063
-0.0397796630859375 0.0707015991210938 0.0293464660644531 0.0676956176757813
-0.0849990844726563 0.0468215942382813 0.0389785766601562 0.0721282958984375
-0.122108459472656 -0.00531005859375 0.0291061401367187 0.123199462890625
-0.0963821411132813 -0.126411437988281 -0.026214599609375 0.1474609375
-0.034271240234375 -0.174087524414063 -0.067169189453125 0.174880981445312
0.0452728271484375 -0.213897705078125 -0.0871734619140625 0.149261474609375
0.1024169921875 -0.2147216796875 -0.107131958007813 0.023834228515625
0.0367279052734375 -0.180679321289062 0.0141563415527344 -0.0415878295898438
-0.0811920166015625 -0.175094604492187 -0.0374298095703125 -0.140914916992187
-0.128639221191406 -0.0709152221679688 -0.130989074707031 -0.100898742675781
-0.131721496582031 0.0142898559570312 -0.149520874023438 -0.00753784179687501
-0.0753402709960938 0.0825119018554688 -0.096527099609375 0.0865020751953125
-0.0223236083984375 0.115852355957031 -0.017547607421875 0.102775573730469
-0.0305099487304688 0.123077392578125 0.00547027587890625 0.0607681274414063
-0.0107498168945312 0.127357482910156 0.0264968872070312 0.0390777587890625
-0.0500411987304687 0.105010986328125 0.0474014282226563 0.0300102233886719
-0.111518859863281 0.073638916015625 0.0596389770507812 0.0411834716796875
-0.157257080078125 0.000427246093749989 0.0566787719726563 0.102325439453125
-0.123825073242187 -0.155960083007813 0.00442504882812499 0.134208679199219
-0.0348663330078125 -0.208099365234375 -0.049407958984375 0.1448974609375
0.0772552490234375 -0.246002197265625 -0.0521621704101562 0.0909347534179687
0.147994995117187 -0.2120361328125 -0.0606880187988281 -0.0492477416992188
0.0843353271484375 -0.208572387695312 0.037933349609375 -0.0897293090820313
-0.0652618408203125 -0.232498168945313 -0.00991821289062499 -0.158920288085938
-0.149459838867187 -0.110687255859375 -0.0968704223632813 -0.12542724609375
-0.1666259765625 0.001373291015625 -0.120445251464844 -0.0431747436523437
-0.0999603271484375 0.0974655151367188 -0.0763931274414062 0.0415496826171875
-0.0320510864257813 0.135086059570313 -0.0141487121582031 0.0514678955078125
-0.036895751953125 0.143768310546875 0.00643157958984375 0.0110092163085938
-0.0102081298828125 0.150436401367188 0.0282630920410156 -0.0102996826171875
-0.05126953125 0.125595092773438 0.0603866577148437 -0.015838623046875
-0.120262145996094 0.0926361083984375 0.0743942260742187 0.00544738769531251
-0.171340942382813 0.00836181640625 0.0767669677734375 0.0732421875
-0.133895874023438 -0.1654052734375 0.0279922485351563 0.113853454589844
-0.0276336669921875 -0.217437744140625 -0.0401840209960937 0.107688903808594
0.099395751953125 -0.243988037109375 -0.01568603515625 0.0254421234130859
0.164276123046875 -0.170516967773438 -0.000633239746093733 -0.118293762207031
0.11761474609375 -0.19110107421875 0.070343017578125 -0.133926391601563
-0.0283355712890625 -0.239273071289063 0.0224761962890625 -0.163803100585938
-0.134025573730469 -0.130287170410156 -0.0518569946289063 -0.136825561523438
-0.16766357421875 -0.013702392578125 -0.0790023803710938 -0.0699462890625
-0.106796264648438 0.0938034057617188 -0.04766845703125 -0.00471878051757811
-0.0355606079101562 0.13323974609375 -0.00812292098999023 -0.00414180755615234
-0.036865234375 0.142318725585938 0.00520324707031249 -0.0388526916503906
-0.00946044921874999 0.151763916015625 0.026397705078125 -0.0618019104003906
-0.04779052734375 0.128135681152344 0.0685462951660156 -0.0621376037597656
-0.117172241210938 0.0957412719726562 0.0855331420898437 -0.0286026000976562
-0.164230346679688 0.00845336914062501 0.0908279418945313 0.0450973510742188
-0.121063232421875 -0.163009643554687 0.04241943359375 0.0937881469726562
-0.00650024414062499 -0.202362060546875 -0.0367240905761719 0.0675697326660156
0.113739013671875 -0.210296630859375 0.0209465026855469 -0.0374565124511719
0.146697998046875 -0.09967041015625 0.057830810546875 -0.1707763671875
0.121566772460938 -0.134178161621094 0.099639892578125 -0.16705322265625
0.0069580078125 -0.19415283203125 0.05029296875 -0.157058715820313
-0.093902587890625 -0.116096496582031 -0.0114288330078125 -0.136581420898438
-0.13409423828125 -0.0214157104492188 -0.0380020141601563 -0.0855178833007813
-0.0919418334960938 0.0751953125 -0.0197563171386719 -0.0446624755859375
-0.0309982299804688 0.110176086425781 -0.00444793701171875 -0.0551834106445312
-0.0315322875976563 0.120895385742187 0.00332641601562501 -0.0832595825195312
-0.00992584228515626 0.132980346679688 0.0226516723632812 -0.107276916503906
-0.0418701171875 0.111648559570313 0.0744552612304688 -0.102302551269531
-0.104652404785156 0.0826950073242188 0.0961685180664062 -0.0556182861328125
-0.14068603515625 0.000457763671874977 0.102302551269531 0.02392578125
-0.0894927978515625 -0.149063110351563 0.0507431030273438 0.0790786743164062
0.0218505859375 -0.168853759765625 -0.0328655242919922 0.0318012237548828
0.119674682617188 -0.148727416992188 0.0587005615234375 -0.0873260498046875
0.102729797363281 -0.01251220703125 0.098480224609375 -0.199127197265625
0.0977935791015625 -0.0546035766601563 0.114639282226562 -0.186386108398438
0.0302505493164063 -0.113128662109375 0.064788818359375 -0.146133422851563
-0.0421066284179688 -0.0761337280273438 0.0131454467773437 -0.132026672363281
-0.0780868530273438 -0.0196380615234375 -0.0107269287109375 -0.0918502807617188
-0.0601654052734375 0.0467910766601562 -0.002410888671875 -0.0719528198242188
-0.0214004516601563 0.0710220336914063 -0.00418853759765625 -0.0918655395507813
-0.0213241577148437 0.0808258056640625 -0.000930786132812492 -0.115097045898438
-0.00926971435546874 0.0937881469726563 0.019927978515625 -0.142410278320313
-0.0328750610351562 0.0804061889648438 0.08111572265625 -0.131568908691406
-0.0798721313476563 0.0573654174804687 0.109634399414063 -0.0722274780273437
-0.102073669433594 -0.00843811035156252 0.113372802734375 0.012176513671875
-0.0487442016601562 -0.119697570800781 0.0572357177734375 0.0718917846679687
0.048248291015625 -0.117263793945313 -0.0229415893554687 0.00562286376953124
0.109352111816406 -0.0664901733398438 0.0964889526367188 -0.115692138671875
-0.0642471313476563 -0.0232429504394531 -0.101669311523438 0.146316528320312
-0.0406684875488281 0.0479011535644531 0.0151329040527344 0.021881103515625
0.0140838623046875 0.0535087585449219 -0.0555191040039062 -0.0786514282226563
0.0481605529785156 0.0141830444335938 -0.141372680664063 -0.02703857421875
0.0415840148925781 -0.023590087890625 -0.137702941894531 0.0640106201171875
0.0101051330566406 -0.0411796569824219 -0.0914764404296875 0.145889282226563
0.000270843505859376 -0.0272712707519531 -0.0118255615234375 0.165756225585938
0.00590896606445312 -0.022491455078125 0.0072784423828125 0.136329650878906
0.00973701477050781 -0.0217914581298828 0.0143966674804687 0.111862182617188
0.0142917633056641 -0.0081939697265625 0.000823974609374997 0.098846435546875
0.0117788314819336 0.0140609741210938 0.007080078125 0.101036071777344
-0.0123519897460938 0.03717041015625 -0.010101318359375 0.131568908691406
-0.0511398315429688 0.00857925415039062 -0.0766448974609375 0.152511596679687
-0.0670013427734375 -0.0359153747558594 -0.10296630859375 0.196945190429687
-0.0614242553710938 -0.069854736328125 -0.119155883789063 0.213302612304687
-0.0200271606445313 -0.109405517578125 -0.121803283691406 0.13153076171875
-0.0358695983886719 -0.0324935913085938 0.00727462768554687 0.0196094512939453
-0.0335578918457031 -0.00977134704589844 -0.0580902099609375 -0.0923690795898438
-0.0128355026245117 0.000988006591796872 -0.149688720703125 -0.04296875
-0.0122852325439453 0.00124073028564453 -0.152755737304688 0.0530853271484375
-0.0119524002075195 0.00654029846191406 -0.0994415283203125 0.143722534179687
-0.00207710266113281 0.0268440246582031 -0.013214111328125 0.16387939453125
-0.00568389892578125 0.0335655212402344 0.00804901123046876 0.129623413085938
-0.000726699829101562 0.0337944030761719 0.01898193359375 0.106132507324219
-0.0181388854980469 0.0311450958251953 0.01361083984375 0.0918807983398438
-0.0426788330078125 0.0258712768554687 0.0198516845703125 0.0923843383789063
-0.0705337524414063 0.00683593750000001 0.00604248046874999 0.132186889648438
-0.069061279296875 -0.0702095031738281 -0.0544281005859375 0.15264892578125
-0.0435943603515625 -0.113937377929688 -0.0847930908203125 0.193222045898438
-0.00450134277343751 -0.15252685546875 -0.109664916992188 0.193435668945312
0.0378570556640625 -0.179656982421875 -0.124488830566406 0.089874267578125
-0.0108184814453125 -0.115951538085938 0.00575542449951172 -0.00247764587402344
-0.0714797973632812 -0.0904083251953125 -0.05450439453125 -0.114128112792969
-0.077392578125 -0.02734375 -0.148880004882813 -0.0682830810546875
-0.07427978515625 0.0168685913085938 -0.159683227539063 0.029266357421875
-0.041259765625 0.0515670776367188 -0.101646423339844 0.123992919921875
-0.00917053222656251 0.0776748657226563 -0.0139617919921875 0.142654418945313
-0.016998291015625 0.0853347778320313 0.00768280029296874 0.102592468261719
-0.00574493408203125 0.0860977172851563 0.0247116088867187 0.0803070068359375
-0.03875732421875 0.0713958740234375 0.0317306518554688 0.0673065185546875
-0.084381103515625 0.0490341186523438 0.0409698486328125 0.0719451904296875
-0.122528076171875 -0.00188446044921876 0.0336837768554687 0.123275756835938
-0.100288391113281 -0.12518310546875 -0.0225372314453125 0.148361206054688
-0.03875732421875 -0.17352294921875 -0.062347412109375 0.17657470703125
0.0393524169921875 -0.215927124023438 -0.0831451416015625 0.151809692382813
0.0979461669921875 -0.217498779296875 -0.103042602539063 0.0266036987304687
0.03192138671875 -0.182754516601563 0.016204833984375 -0.0416908264160156
-0.086944580078125 -0.173324584960938 -0.0397872924804688 -0.138740539550781
-0.129905700683594 -0.0680465698242188 -0.133171081542969 -0.097320556640625
-0.132614135742188 0.0187301635742188 -0.15008544921875 -0.00456237792968747
-0.0731582641601563 0.085052490234375 -0.0944366455078125 0.0885696411132812
-0.0185623168945313 0.116363525390625 -0.01397705078125 0.102752685546875
-0.0261154174804687 0.125099182128906 0.007232666015625 0.0611228942871094
-0.00685882568359374 0.127571105957031 0.0276451110839844 0.0389823913574219
-0.0472946166992187 0.106147766113281 0.0487861633300781 0.0281181335449219
-0.109352111816406 0.0769271850585938 0.0617485046386719 0.0405464172363281
-0.157699584960938 0.00453186035156248 0.0610198974609375 0.101692199707031
-0.12945556640625 -0.153472900390625 0.00775909423828125 0.134902954101563
-0.0402069091796875 -0.207809448242188 -0.0455474853515625 0.147064208984375
0.0699310302734375 -0.249160766601563 -0.049713134765625 0.0929489135742187
0.143295288085938 -0.2161865234375 -0.0589447021484375 -0.0472412109375
0.0785980224609375 -0.212753295898438 0.0379409790039063 -0.0897979736328125
-0.0732879638671875 -0.229537963867188 -0.0128631591796875 -0.157150268554688
-0.152450561523438 -0.107147216796875 -0.0995407104492188 -0.123054504394531
-0.167144775390625 0.00717163085937502 -0.121803283691406 -0.0401840209960938
-0.0973892211914062 0.099822998046875 -0.075103759765625 0.0421142578125
-0.0277862548828125 0.13604736328125 -0.0121841430664063 0.0506553649902344
-0.0314788818359375 0.146240234375 0.00643157958984375 0.0111141204833984
-0.0052490234375 0.150772094726563 0.0268535614013672 -0.0110435485839844
-0.0474700927734375 0.125732421875 0.0597991943359375 -0.0181465148925781
-0.117210388183594 0.0960922241210938 0.075439453125 0.00399780273437501
-0.170822143554688 0.01373291015625 0.0809783935546875 0.0725326538085938
-0.1402587890625 -0.161468505859375 0.0303802490234375 0.11431884765625
-0.0341644287109375 -0.216384887695313 -0.037994384765625 0.109535217285156
0.091339111328125 -0.248153686523437 -0.0147552490234375 0.0266895294189453
0.160507202148438 -0.174270629882812 -0.000267028808593737 -0.117118835449219
0.112228393554688 -0.195404052734375 0.0690383911132813 -0.135055541992188
-0.037109375 -0.2381591796875 0.02001953125 -0.163192749023438
-0.137626647949219 -0.126045227050781 -0.0557327270507813 -0.135566711425781
-0.16839599609375 -0.00752258300781249 -0.0810317993164062 -0.0685043334960938
-0.103507995605469 0.0970535278320312 -0.0477027893066406 -0.00561523437499999
-0.0311203002929688 0.133171081542969 -0.00820064544677734 -0.00475215911865234
-0.0313720703125 0.144851684570313 0.00334548950195312 -0.0389442443847656
-0.00418090820312501 0.15234375 0.0230140686035156 -0.062286376953125
-0.0434951782226563 0.128746032714844 0.0658645629882813 -0.0646209716796875
-0.114395141601563 0.0991134643554687 0.0853195190429687 -0.0301666259765625
-0.163421630859375 0.013427734375 0.093994140625 0.0441818237304688
-0.127044677734375 -0.158676147460938 0.0440292358398437 0.093170166015625
-0.0127716064453125 -0.202301025390625 -0.0352630615234375 0.0696487426757812
0.106781005859375 -0.213027954101562 0.0195503234863281 -0.0363807678222656
0.145111083984375 -0.103607177734375 0.0555419921875 -0.170364379882813
0.1180419921875 -0.137702941894531 0.0966796875 -0.16851806640625
0.000228881835937494 -0.194046020507813 0.0474853515625 -0.156890869140625
-0.0964889526367188 -0.113731384277344 -0.0147552490234375 -0.136589050292969
-0.134834289550781 -0.0164871215820313 -0.0404052734375 -0.0853958129882812
-0.0895156860351562 0.0781631469726563 -0.0207977294921875 -0.0465850830078125
-0.0272750854492188 0.110206604003906 -0.00658035278320313 -0.0552215576171875
-0.0270538330078125 0.12188720703125 -0.000747680664062511 -0.0833587646484375
-0.00469207763671874 0.132705688476563 0.0178070068359375 -0.10772705078125
-0.0381011962890625 0.111930847167969 0.0704193115234375 -0.105369567871094
-0.1007080078125 0.0853729248046875 0.0950164794921875 -0.0570602416992187
-0.139762878417969 0.00518035888671877 0.104324340820312 0.0220947265625
-0.0957794189453125 -0.145767211914063 0.0519866943359375 0.0780487060546875
0.016021728515625 -0.169448852539062 -0.0325355529785156 0.0342330932617188
0.113555908203125 -0.151840209960938 0.0557174682617188 -0.0875091552734375
0.101974487304688 -0.0152511596679688 0.0951385498046875 -0.200576782226563
0.095428466796875 -0.0564727783203125 0.1104736328125 -0.1885986328125
0.0261764526367187 -0.113365173339844 0.0628662109375 -0.147506713867187
-0.0441741943359375 -0.0745010375976563 0.010498046875 -0.13262939453125
-0.0788726806640625 -0.01678466796875 -0.0130767822265625 -0.0914306640625
-0.0586471557617187 0.0480270385742187 -0.00448608398437501 -0.0745162963867188
-0.0178451538085937 0.0708770751953125 -0.00759124755859375 -0.091827392578125
-0.0174331665039063 0.080718994140625 -0.00580596923828126 -0.114593505859375
-0.00531005859375 0.0930557250976562 0.0138397216796875 -0.143035888671875
-0.0294189453125 0.0807113647460938 0.0762176513671875 -0.134696960449219
-0.0772857666015625 0.0595550537109375 0.107864379882813 -0.0738601684570313
-0.101539611816406 -0.00516510009765623 0.114120483398438 0.00974273681640625
-0.0531387329101562 -0.11785888671875 0.0581130981445313 0.07135009765625
0.0436553955078125 -0.11785888671875 -0.0233516693115234 0.00737571716308593
0.106719970703125 -0.06982421875 0.09271240234375 -0.116676330566406
-0.0631446838378906 -0.02081298828125 -0.0928955078125 0.147750854492188
-0.0378608703613281 0.0489120483398438 0.016815185546875 0.0201930999755859
0.0163650512695312 0.052459716796875 -0.0573577880859375 -0.0762710571289062
0.0478096008300781 0.0104942321777344 -0.140609741210938 -0.0214385986328125
0.0385932922363281 -0.0256004333496094 -0.134727478027344 0.0685501098632813
0.0074462890625 -0.0400199890136719 -0.0840911865234375 0.1488037109375
-0.000617980957031253 -0.0257987976074219 -0.00341796875000001 0.164321899414063
0.00548744201660156 -0.0218696594238281 0.0151519775390625 0.134529113769531
0.00839996337890625 -0.0212364196777344 0.0206985473632813 0.109848022460937
0.0125904083251953 -0.00787353515625 0.005828857421875 0.0990524291992188
0.0112190246582031 0.0133352279663086 0.0116348266601562 0.100631713867188
-0.0103378295898438 0.0366439819335938 -0.0041046142578125 0.129768371582031
-0.0499763488769531 0.0101585388183594 -0.069305419921875 0.15313720703125
-0.0675315856933594 -0.0326805114746094 -0.0937652587890625 0.19677734375
-0.0628929138183594 -0.0654067993164063 -0.108840942382812 0.214935302734375
-0.0231246948242187 -0.107498168945312 -0.112541198730469 0.133918762207031
-0.0359420776367188 -0.0309906005859375 0.00977134704589843 0.0184917449951172
-0.0336837768554688 -0.00819015502929688 -0.0598831176757813 -0.0890884399414062
-0.0132932662963867 0.000479698181152347 -0.149444580078125 -0.036529541015625
-0.0127086639404297 0.00180816650390625 -0.149368286132813 0.058685302734375
-0.0118341445922852 0.00754737854003906 -0.0919952392578125 0.146743774414063
-0.000625610351562497 0.0273628234863281 -0.00415039062500001 0.162155151367188
-0.00403404235839843 0.0340671539306641 0.0156478881835938 0.127937316894531
0.000690460205078122 0.0336761474609375 0.0254058837890625 0.104446411132813
-0.0175609588623047 0.0315380096435547 0.018310546875 0.0909500122070313
-0.0418357849121094 0.0277900695800781 0.02459716796875 0.091064453125
-0.0696640014648438 0.00949096679687499 0.0124359130859375 0.130241394042969
-0.0716552734375 -0.0677719116210938 -0.0476837158203125 0.152450561523438
-0.0477676391601563 -0.110946655273438 -0.076019287109375 0.193069458007813
-0.0107421875 -0.149932861328125 -0.0998992919921876 0.194793701171875
0.0304718017578125 -0.178680419921875 -0.116744995117187 0.093017578125
-0.0154647827148437 -0.114570617675781 0.00812721252441406 -0.00321102142333985
-0.0751571655273438 -0.08599853515625 -0.0572738647460938 -0.109848022460937
-0.07757568359375 -0.0243301391601563 -0.150421142578125 -0.0609588623046875
-0.0730056762695312 0.0203781127929687 -0.157211303710938 0.0350494384765625
-0.03875732421875 0.0527191162109375 -0.0953445434570312 0.127174377441406
-0.00518035888671875 0.077789306640625 -0.00636291503906251 0.140594482421875
-0.0119247436523437 0.0866851806640625 0.0139846801757812 0.101631164550781
-0.00174713134765626 0.0860061645507813 0.0290069580078125 0.0787277221679688
-0.0356979370117188 0.0721664428710938 0.0347251892089844 0.0655326843261719
-0.081939697265625 0.0522537231445313 0.0445823669433594 0.0701141357421875
-0.121650695800781 0.00360870361328123 0.040496826171875 0.120811462402344
-0.105598449707031 -0.119888305664063 -0.01641845703125 0.147964477539063
-0.0450897216796875 -0.170166015625 -0.05413818359375 0.176788330078125
0.028839111328125 -0.214889526367187 -0.075347900390625 0.153732299804688
0.088134765625 -0.219802856445313 -0.0975723266601563 0.0302886962890625
0.023040771484375 -0.182723999023438 0.0168342590332031 -0.0418205261230469
-0.0944061279296875 -0.1666259765625 -0.0429840087890625 -0.133773803710938
-0.131637573242188 -0.0617218017578125 -0.135238647460938 -0.0910263061523438
-0.129997253417969 0.0249786376953125 -0.149215698242188 0.00172424316406249
-0.0685653686523437 0.0870361328125 -0.0898513793945312 0.0908660888671875
-0.0129928588867188 0.115814208984375 -0.00881195068359374 0.101432800292969
-0.0191726684570313 0.126556396484375 0.0111923217773437 0.0603561401367188
0.000282287597656262 0.126594543457031 0.0299568176269531 0.0375137329101563
-0.04217529296875 0.106742858886719 0.0496864318847656 0.0260848999023438
-0.104904174804688 0.0805740356445313 0.0633010864257813 0.0379867553710938
-0.155502319335938 0.012359619140625 0.0672454833984375 0.098876953125
-0.136566162109375 -0.146331787109375 0.0128555297851562 0.133468627929688
-0.0487060546875 -0.204437255859375 -0.038665771484375 0.147140502929688
0.0567626953125 -0.249237060546875 -0.0454559326171875 0.0947036743164062
0.132919311523437 -0.219589233398438 -0.0577201843261719 -0.0439643859863281
0.06732177734375 -0.213897705078125 0.0367507934570313 -0.0898895263671875
-0.08343505859375 -0.223617553710938 -0.01727294921875 -0.15289306640625
-0.155227661132813 -0.099456787109375 -0.102973937988281 -0.116813659667969
-0.165176391601563 0.015655517578125 -0.122657775878906 -0.0353469848632812
-0.0917205810546875 0.103469848632813 -0.0728530883789063 0.0436325073242188
-0.02056884765625 0.134498596191406 -0.00912094116210937 0.0492782592773438
-0.0227508544921875 0.14727783203125 0.00642204284667968 0.0113239288330078
0.00231933593750001 0.148712158203125 0.0262966156005859 -0.0117282867431641
-0.041229248046875 0.126510620117188 0.058563232421875 -0.0208778381347656
-0.111480712890625 0.0996322631835937 0.0754318237304688 0.00159454345703126
-0.167724609375 0.0214080810546875 0.0853729248046875 0.0689773559570313
-0.147811889648437 -0.152999877929688 0.0345687866210937 0.111946105957031
-0.0436553955078125 -0.212326049804688 -0.0329055786132813 0.11029052734375
0.078277587890625 -0.249420166015625 -0.0141448974609375 0.0279426574707031
0.151214599609375 -0.17962646484375 -0.0032958984375 -0.11517333984375
0.102142333984375 -0.197723388671875 0.0650253295898438 -0.135673522949219
-0.0488433837890625 -0.233383178710937 0.01483154296875 -0.160415649414063
-0.141403198242188 -0.118515014648438 -0.060089111328125 -0.131729125976563
-0.166671752929688 0.000762939453125006 -0.0827407836914063 -0.0651092529296875
-0.0977859497070312 0.100936889648438 -0.0474624633789063 -0.0049896240234375
-0.0240554809570313 0.132537841796875 -0.0088653564453125 -0.0059518814086914
-0.0228729248046875 0.14581298828125 0.000621795654296871 -0.0379142761230469
0.0038604736328125 0.150680541992188 0.01904296875 -0.0619659423828125
-0.0373916625976562 0.128311157226563 0.0614738464355469 -0.067535400390625
-0.107315063476563 0.102569580078125 0.0833587646484375 -0.0325088500976563
-0.16070556640625 0.021148681640625 0.0968017578125 0.0405807495117188
-0.134048461914062 -0.150253295898438 0.0463180541992188 0.0911636352539062
-0.02252197265625 -0.199066162109375 -0.0324172973632813 0.071563720703125
0.0945281982421875 -0.216201782226563 0.0175209045410156 -0.0360221862792969
0.138435363769531 -0.108932495117188 0.0501556396484375 -0.169998168945313
0.109222412109375 -0.141387939453125 0.0903472900390625 -0.169998168945313
-0.0100555419921875 -0.191009521484375 0.0421905517578125 -0.156173706054688
-0.0999755859375 -0.108100891113281 -0.0197525024414063 -0.134193420410156
-0.134307861328125 -0.0096588134765625 -0.0434112548828125 -0.0831832885742188
-0.0843276977539063 0.0812454223632812 -0.022705078125 -0.0466728210449219
-0.0213699340820312 0.109214782714844 -0.0097198486328125 -0.0557174682617187
-0.0194931030273437 0.122238159179688 -0.0062408447265625 -0.0818099975585937
0.00290679931640626 0.130584716796875 0.0111618041992187 -0.107269287109375
-0.0324172973632812 0.111289978027344 0.06378173828125 -0.107612609863281
-0.0944595336914062 0.0885391235351563 0.0925369262695312 -0.0597152709960937
-0.13665771484375 0.0118179321289062 0.105056762695313 0.0183868408203125
-0.101966857910156 -0.138839721679688 0.0540771484375 0.0758056640625
0.00738525390625001 -0.168106079101563 -0.0307846069335938 0.0357704162597656
0.104598999023438 -0.155059814453125 0.05047607421875 -0.087493896484375
0.100456237792969 -0.0199203491210938 0.0867462158203125 -0.200973510742188
0.0912322998046875 -0.0603256225585938 0.102676391601563 -0.190231323242188
0.0193634033203125 -0.11279296875 0.05670166015625 -0.147842407226563
-0.0462722778320313 -0.0721664428710938 0.00439453125000001 -0.131019592285156
-0.0790557861328125 -0.0126266479492187 -0.0165176391601562 -0.0915145874023438
-0.0551490783691406 0.050567626953125 -0.00789642333984375 -0.0752792358398437
-0.0136528015136719 0.0699119567871094 -0.012542724609375 -0.0918045043945313
-0.0128860473632812 0.0811691284179688 -0.012451171875 -0.112586975097656
-2.28881835937511E-05 0.0923919677734375 0.00587463378906252 -0.140945434570313
-0.0252532958984375 0.0795059204101563 0.0676803588867188 -0.1365966796875
-0.0720062255859375 0.0616455078125 0.103797912597656 -0.0769271850585937
-0.0993728637695313 -0.000320434570312481 0.113632202148438 0.005218505859375
-0.0584259033203125 -0.112319946289063 0.0602455139160156 0.0684280395507813
0.0370025634765625 -0.118431091308594 -0.0241413116455078 0.0100803375244141
0.101264953613281 -0.0736083984375 0.0867080688476563 -0.118026733398438
-0.0610198974609375 -0.0181159973144531 -0.083038330078125 0.145553588867188
-0.0338706970214844 0.0486259460449219 0.0184726715087891 0.0183486938476563
0.0181083679199219 0.049346923828125 -0.0576095581054687 -0.0721893310546875
0.0457382202148438 0.007110595703125 -0.137130737304688 -0.0150375366210937
0.0355873107910156 -0.0263404846191406 -0.127647399902344 0.0715408325195312
0.00495147705078125 -0.0380134582519531 -0.075286865234375 0.14776611328125
-0.0014190673828125 -0.0239372253417969 0.0052337646484375 0.1595458984375
0.00389862060546875 -0.0211296081542969 0.0224838256835938 0.129440307617188
0.00615501403808594 -0.0206832885742187 0.0262680053710937 0.105064392089844
0.0103750228881836 -0.00762367248535156 0.0100021362304688 0.0966415405273438
0.0107841491699219 0.0127964019775391 0.0156784057617187 0.0979385375976563
-0.00796127319335938 0.0355339050292969 0.000892639160156243 0.125747680664063
-0.0474128723144531 0.010833740234375 -0.0619354248046875 0.149627685546875
-0.0666885375976563 -0.0285987854003906 -0.08343505859375 0.193222045898438
-0.0626792907714844 -0.0597381591796875 -0.097808837890625 0.21063232421875
-0.0261459350585937 -0.103775024414063 -0.101921081542969 0.13299560546875
-0.0362052917480469 -0.0287551879882812 0.0121231079101562 0.0161113739013672
-0.0328521728515625 -0.00679206848144531 -0.0606002807617188 -0.0841598510742188
-0.0133466720581055 0.00036144256591797 -0.145492553710938 -0.029510498046875
-0.0128211975097656 0.00251102447509766 -0.142868041992188 0.0621795654296875
-0.0117902755737305 0.00827407836914062 -0.0832977294921875 0.146026611328125
0.000692367553710935 0.0273017883300781 0.0038604736328125 0.157516479492187
-0.00182914733886719 0.03448486328125 0.02215576171875 0.123085021972656
0.00184440612792969 0.0333080291748047 0.0304641723632812 0.0998458862304688
-0.0168743133544922 0.0318393707275391 0.0215225219726562 0.088531494140625
-0.0405540466308594 0.0282020568847656 0.0272140502929687 0.0884857177734375
-0.0669441223144531 0.0116081237792969 0.0182342529296875 0.125579833984375
-0.0726699829101562 -0.0635299682617188 -0.040740966796875 0.148666381835938
-0.0499038696289062 -0.10491943359375 -0.0660552978515625 0.18878173828125
-0.015716552734375 -0.143890380859375 -0.089508056640625 0.191619873046875
0.02276611328125 -0.175308227539063 -0.106475830078125 0.0937042236328125
-0.0199661254882812 -0.110359191894531 0.0101594924926758 -0.00433540344238282
-0.076507568359375 -0.0800628662109375 -0.0577392578125 -0.104522705078125
-0.0766220092773438 -0.0206985473632812 -0.147216796875 -0.0532684326171875
-0.0698928833007813 0.0234260559082031 -0.151443481445313 0.0399932861328125
-0.0353736877441406 0.0531158447265625 -0.087554931640625 0.126739501953125
-0.00138092041015626 0.0753021240234375 0.000564575195312509 0.135887145996094
-0.0069732666015625 0.0855560302734375 0.019073486328125 0.098297119140625
0.00224304199218751 0.0838775634765625 0.0329666137695313 0.0749053955078125
-0.03228759765625 0.0717620849609375 0.03704833984375 0.0625839233398438
-0.0781173706054688 0.0542068481445313 0.0462074279785156 0.0668792724609375
-0.11785888671875 0.00844573974609377 0.0453109741210937 0.115760803222656
-0.108108520507813 -0.112129211425781 -0.010650634765625 0.143417358398438
-0.0498199462890625 -0.16314697265625 -0.04559326171875 0.172576904296875
0.0192718505859375 -0.208847045898438 -0.0668792724609375 0.151351928710937
0.07720947265625 -0.216354370117187 -0.090576171875 0.0322723388671875
0.0148773193359375 -0.178604125976563 0.0171928405761719 -0.0413856506347656
-0.099029541015625 -0.157089233398438 -0.0453414916992188 -0.127410888671875
-0.130035400390625 -0.0548934936523437 -0.134605407714844 -0.0826644897460938
-0.12518310546875 0.0299835205078125 -0.14556884765625 0.00662231445312501
-0.0630035400390625 0.0871429443359375 -0.0831451416015625 0.0910491943359375
-0.00731658935546874 0.112358093261719 -0.0035858154296875 0.0970001220703125
-0.0114364624023437 0.124366760253906 0.0135688781738281 0.0581169128417969
0.00608062744140624 0.122726440429688 0.0308761596679687 0.0353965759277344
-0.03680419921875 0.105018615722656 0.0493659973144531 0.022674560546875
-0.0981063842773438 0.0827713012695312 0.0631217956542969 0.0352516174316406
-0.150726318359375 0.0186004638671875 0.070831298828125 0.0926895141601563
-0.1395263671875 -0.135444641113281 0.0170822143554688 0.129074096679688
-0.055450439453125 -0.195892333984375 -0.031829833984375 0.144073486328125
0.04449462890625 -0.24395751953125 -0.0399627685546875 0.0933685302734375
0.119827270507813 -0.218704223632813 -0.0550804138183594 -0.0408401489257813
0.0568695068359375 -0.211135864257812 0.0352554321289063 -0.0886459350585938
-0.091278076171875 -0.212356567382813 -0.021148681640625 -0.146377563476562
-0.154556274414063 -0.090240478515625 -0.103584289550781 -0.109100341796875
-0.159225463867188 0.022796630859375 -0.121101379394531 -0.0298843383789062
-0.0839080810546875 0.103950500488281 -0.0689163208007813 0.0441474914550781
-0.0137557983398437 0.130973815917969 -0.0067138671875 0.0466651916503906
-0.0141448974609375 0.144577026367188 0.00671863555908203 0.0111560821533203
0.00965881347656249 0.143478393554688 0.0242977142333984 -0.0120697021484375
-0.0342330932617187 0.123504638671875 0.0547828674316406 -0.0228958129882812
-0.103492736816406 0.100944519042969 0.0732040405273438 -0.000877380371093744
-0.161575317382813 0.028167724609375 0.0874481201171875 0.0637741088867188
-0.1502685546875 -0.1414794921875 0.037353515625 0.108154296875
-0.0510406494140625 -0.203460693359375 -0.0275344848632812 0.109130859375
0.0645599365234375 -0.244918823242187 -0.0121803283691406 0.0280799865722656
0.140090942382813 -0.181045532226563 -0.00466156005859374 -0.111091613769531
0.0904998779296875 -0.196136474609375 0.0600967407226562 -0.133415222167969
-0.058349609375 -0.223190307617188 0.00971984863281248 -0.154586791992188
-0.141311645507812 -0.10943603515625 -0.0623855590820313 -0.124168395996094
-0.1610107421875 0.00840759277343749 -0.0834197998046875 -0.0608749389648437
-0.0902099609375 0.10137939453125 -0.046905517578125 -0.00454711914062499
-0.0169754028320312 0.128280639648438 -0.00879001617431641 -0.00653743743896484
-0.0143585205078125 0.142440795898438 -0.001983642578125 -0.0367088317871094
0.01153564453125 0.145004272460938 0.0155677795410156 -0.0602149963378906
-0.0304107666015625 0.125030517578125 0.0556564331054688 -0.0683975219726562
-0.0988845825195313 0.102958679199219 0.0810012817382813 -0.0343093872070313
-0.154266357421875 0.02728271484375 0.097381591796875 0.0360488891601563
-0.137809753417969 -0.138801574707031 0.0479202270507812 0.0871200561523437
-0.03045654296875 -0.19171142578125 -0.0290756225585938 0.0716705322265625
0.0814971923828125 -0.2130126953125 0.0149993896484375 -0.0347423553466797
0.130287170410156 -0.110923767089844 0.04388427734375 -0.165908813476563
0.0996246337890625 -0.14141845703125 0.0824127197265625 -0.166885375976563
-0.0193023681640625 -0.183792114257813 0.0357818603515625 -0.152511596679688
-0.101119995117187 -0.100616455078125 -0.023956298828125 -0.128768920898437
-0.12945556640625 -0.0027923583984375 -0.0450592041015625 -0.0794448852539063
-0.0774307250976563 0.0825271606445312 -0.0246696472167969 -0.0462303161621094
-0.015472412109375 0.105682373046875 -0.0121650695800781 -0.0545310974121094
-0.0121307373046875 0.120285034179687 -0.0105133056640625 -0.07818603515625
0.00937652587890625 0.126052856445313 0.00476837158203125 -0.103347778320312
-0.0264892578125 0.108505249023438 0.0556411743164063 -0.107429504394531
-0.086761474609375 0.088470458984375 0.0877838134765625 -0.06121826171875
-0.130867004394531 0.0169143676757812 0.103416442871094 0.0140838623046875
-0.105537414550781 -0.128692626953125 0.0546340942382813 0.07159423828125
-0.000366210937499993 -0.162139892578125 -0.0295295715332031 0.0374603271484375
0.0941619873046875 -0.15386962890625 0.044952392578125 -0.085479736328125
0.0964508056640625 -0.0239334106445313 0.0780487060546875 -0.196853637695313
0.0850601196289063 -0.0617141723632813 0.0931854248046875 -0.186691284179688
0.0121688842773438 -0.108833312988281 0.05078125 -0.144805908203125
-0.0483512878417969 -0.0677757263183594 -0.000495910644531257 -0.127037048339844
-0.0756378173828125 -0.00820159912109375 -0.019744873046875 -0.0888519287109375
-0.0503730773925781 0.0513343811035156 -0.0112762451171875 -0.0744094848632813
-0.00975036621093749 0.0667724609375 -0.0175247192382813 -0.0893020629882813
-0.00768280029296875 0.0790939331054688 -0.0182113647460938 -0.107711791992187
0.0048065185546875 0.0882644653320313 -0.00234985351562499 -0.135917663574219
-0.02142333984375 0.07769775390625 0.0582351684570312 -0.135292053222656
-0.0665283203125 0.061920166015625 0.098419189453125 -0.0787124633789063
-0.0953826904296875 0.00418853759765626 0.110931396484375 0.00141143798828125
-0.0625076293945313 -0.10546875 0.0598526000976562 0.0643081665039063
0.0295867919921875 -0.114944458007812 -0.0238704681396484 0.0130081176757812
0.0938796997070313 -0.0748825073242188 0.0782241821289063 -0.115577697753906
-0.0583839416503906 -0.0168190002441406 -0.076080322265625 0.140388488769531
-0.0309028625488281 0.0470046997070313 0.0193405151367187 0.0158634185791016
0.0185928344726562 0.0463676452636719 -0.0562248229980469 -0.0691032409667969
0.0424842834472656 0.00512313842773437 -0.131690979003906 -0.0121841430664063
0.0330333709716797 -0.0263423919677734 -0.122085571289063 0.0711669921875
0.00362014770507812 -0.0355033874511719 -0.06915283203125 0.143966674804687
-0.00188064575195313 -0.0221805572509766 0.00994873046875001 0.1529541015625
0.00342178344726562 -0.0192775726318359 0.026519775390625 0.123123168945312
0.00533294677734375 -0.0191555023193359 0.0283966064453125 0.0999298095703125
0.00925064086914063 -0.00719928741455078 0.0125656127929687 0.0938949584960938
0.00998020172119141 0.0121994018554688 0.0170440673828125 0.0945205688476563
-0.00597763061523438 0.0334892272949219 0.00303649902343751 0.1199951171875
-0.045318603515625 0.0106048583984375 -0.0571746826171875 0.143997192382813
-0.0645408630371094 -0.0252723693847656 -0.076812744140625 0.18505859375
-0.0602607727050781 -0.0550918579101563 -0.0905914306640625 0.202362060546875
-0.0263824462890625 -0.0993499755859375 -0.0937271118164062 0.128311157226563
-0.0349235534667969 -0.0271549224853516 0.0134677886962891 0.0143814086914062
-0.0318546295166016 -0.00584220886230469 -0.0581893920898437 -0.080169677734375
-0.0133485794067383 -0.000385284423828127 -0.140182495117188 -0.0259323120117187
-0.0128374099731445 0.00275611877441406 -0.137153625488281 0.0626373291015625
-0.0111856460571289 0.00870418548583985 -0.0767669677734375 0.141891479492188
0.00168800354003906 0.0265884399414063 0.00842285156250001 0.150115966796875
-9.15527343749983E-05 0.0338249206542969 0.025970458984375 0.117546081542969
0.00276374816894532 0.0324211120605469 0.032379150390625 0.0950927734375
-0.016143798828125 0.0314750671386719 0.0232009887695312 0.0851669311523438
-0.0391960144042969 0.0284194946289062 0.0282440185546875 0.0853347778320313
-0.0641708374023438 0.0117301940917969 0.0204086303710937 0.11944580078125
-0.0711135864257813 -0.0599441528320313 -0.036865234375 0.142379760742188
-0.0502700805664062 -0.0994720458984375 -0.0599212646484375 0.181427001953125
-0.0169906616210937 -0.137130737304688 -0.0821685791015625 0.184738159179688
0.018768310546875 -0.168533325195313 -0.0982513427734375 0.0904464721679687
-0.0209274291992187 -0.106117248535156 0.0120229721069336 -0.00551033020019532
-0.0751876831054688 -0.0750656127929688 -0.05584716796875 -0.0993576049804688
-0.0743865966796875 -0.0188522338867187 -0.14178466796875 -0.0487213134765625
-0.0671348571777344 0.0241661071777344 -0.145858764648437 0.0412445068359375
-0.0332832336425781 0.0521697998046875 -0.0812759399414062 0.123489379882813
0.000350952148437499 0.0727767944335937 0.00408172607421875 0.1298828125
-0.003509521484375 0.0834121704101563 0.02215576171875 0.093536376953125
0.00446319580078125 0.0808486938476563 0.0343399047851563 0.0712966918945313
-0.0295944213867187 0.0698356628417969 0.0373954772949219 0.0594215393066406
-0.0746841430664063 0.0539703369140625 0.0464515686035156 0.0643386840820313
-0.112815856933594 0.0103836059570313 0.047149658203125 0.109580993652344
-0.107063293457031 -0.105667114257813 -0.00837707519531251 0.137802124023438
-0.051513671875 -0.155563354492188 -0.0403900146484375 0.165802001953125
0.014617919921875 -0.200363159179687 -0.0612945556640625 0.145721435546875
0.069183349609375 -0.209320068359375 -0.0838699340820313 0.0317611694335937
0.010406494140625 -0.172195434570313 0.0189704895019531 -0.0411109924316406
-0.099365234375 -0.148269653320313 -0.0432510375976562 -0.121467590332031
-0.125923156738281 -0.0504837036132812 -0.129608154296875 -0.0767593383789063
-0.119430541992188 0.032470703125 -0.140243530273438 0.00878143310546874
-0.0585403442382813 0.0851669311523438 -0.0785140991210937 0.08892822265625
-0.00424194335937501 0.107658386230469 -0.00107574462890625 0.09222412109375
-0.0064544677734375 0.120834350585937 0.0149002075195312 0.0558242797851563
0.00919342041015626 0.117507934570313 0.0314769744873047 0.0333271026611328
-0.0332412719726563 0.101516723632813 0.0477676391601563 0.0209007263183594
-0.0928802490234375 0.0815582275390625 0.0623283386230469 0.033203125
-0.14410400390625 0.0213470458984375 0.0719985961914062 0.087860107421875
-0.137962341308594 -0.12701416015625 0.0187911987304687 0.123870849609375
-0.056640625 -0.186599731445313 -0.0276031494140625 0.138786315917969
0.037384033203125 -0.234375 -0.0366744995117188 0.0902862548828125
0.110885620117187 -0.212844848632813 -0.0505218505859375 -0.0387153625488282
0.0497894287109375 -0.20367431640625 0.035064697265625 -0.08587646484375
-0.0933074951171875 -0.201187133789063 -0.0206527709960938 -0.13946533203125
-0.14984130859375 -0.0833740234375 -0.100242614746094 -0.102302551269531
-0.152542114257813 0.0254364013671875 -0.116775512695313 -0.0271148681640625
-0.0781478881835938 0.101005554199219 -0.0661201477050781 0.0426292419433594
-0.0107421875 0.124839782714844 -0.00509262084960938 0.0441474914550781
-0.00865936279296877 0.139610290527344 0.00662899017333984 0.0106420516967774
0.0141067504882813 0.137641906738281 0.0237026214599609 -0.0117340087890625
-0.03009033203125 0.118675231933594 0.0519371032714844 -0.0236587524414062
-0.0970001220703125 0.0992050170898437 0.0716018676757813 -0.00165557861328124
-0.154067993164063 0.0305633544921875 0.0873489379882812 0.0594329833984375
-0.148406982421875 -0.131759643554688 0.0378494262695313 0.103515625
-0.0533294677734375 -0.194473266601562 -0.0246734619140625 0.105514526367187
0.05621337890625 -0.235504150390625 -0.0113563537597656 0.027557373046875
0.130783081054688 -0.177108764648437 -0.00437164306640624 -0.106834411621094
0.0816497802734375 -0.190078735351563 0.0571517944335938 -0.128486633300781
-0.061859130859375 -0.212066650390625 0.008514404296875 -0.147140502929688
-0.137832641601563 -0.10186767578125 -0.0613479614257813 -0.117462158203125
-0.15460205078125 0.012542724609375 -0.08099365234375 -0.0572052001953125
-0.0844497680664063 0.0990829467773437 -0.0458755493164063 -0.00465393066406248
-0.0135879516601562 0.122772216796875 -0.00949859619140625 -0.00774574279785155
-0.00899505615234376 0.138015747070313 -0.00223159790039063 -0.0348796844482422
0.0156707763671875 0.138053894042969 0.01275634765625 -0.0577163696289062
-0.0262374877929687 0.11944580078125 0.0513076782226562 -0.0670356750488281
-0.0922775268554688 0.101142883300781 0.077423095703125 -0.0340576171875
-0.14691162109375 0.029541015625 0.09564208984375 0.0326385498046875
-0.135543823242188 -0.129165649414062 0.0474014282226563 0.0833816528320312
-0.0333404541015625 -0.183334350585938 -0.0270156860351562 0.0703887939453125
0.0731353759765625 -0.205947875976563 0.0140266418457031 -0.0324764251708985
0.122817993164063 -0.110588073730469 0.0411376953125 -0.159942626953125
0.0921859741210938 -0.137138366699219 0.0778656005859375 -0.160919189453125
-0.02374267578125 -0.174301147460938 0.0335540771484375 -0.14569091796875
-0.099090576171875 -0.0937118530273438 -0.0249710083007813 -0.122756958007813
-0.124031066894531 0.00122833251953127 -0.0450668334960937 -0.0766067504882813
-0.072265625 0.0802764892578125 -0.0251007080078125 -0.0453453063964844
-0.0123672485351563 0.100601196289063 -0.0141677856445313 -0.0534324645996094
-0.00744628906249999 0.114845275878906 -0.0124282836914062 -0.0742263793945312
0.0132369995117187 0.119331359863281 0.00141906738281249 -0.0986709594726562
-0.022918701171875 0.103187561035156 0.0501556396484375 -0.103889465332031
-0.0803756713867187 0.086090087890625 0.0837478637695313 -0.0601043701171875
-0.124122619628906 0.0195083618164063 0.101333618164062 0.0115509033203125
-0.104354858398437 -0.119789123535156 0.0530128479003906 0.0679588317871094
-0.00422668457031251 -0.155502319335938 -0.0274543762207031 0.0383338928222656
0.0857086181640625 -0.14935302734375 0.0414886474609375 -0.0810699462890625
0.09210205078125 -0.025970458984375 0.0729522705078125 -0.18975830078125
0.07916259765625 -0.0608139038085938 0.0867919921875 -0.180389404296875
0.00816345214843749 -0.10333251953125 0.0470657348632813 -0.139495849609375
-0.0477066040039062 -0.0630035400390625 -0.00232696533203126 -0.121170043945313
-0.0726242065429688 -0.00502014160156249 -0.0199661254882812 -0.08563232421875
-0.0463943481445313 0.0506248474121094 -0.0129852294921875 -0.0726165771484375
-0.00764846801757813 0.0637588500976563 -0.0196151733398437 -0.0859146118164063
-0.004852294921875 0.07568359375 -0.0213394165039062 -0.101600646972656
0.00823974609375 0.0838546752929688 -0.00675201416015624 -0.130012512207031
-0.018829345703125 0.0738525390625 0.051513671875 -0.131271362304688
-0.0613059997558594 0.0608329772949219 0.0933914184570313 -0.0769805908203125
-0.0900039672851562 0.0057830810546875 0.107147216796875 -0.0006256103515625
-0.0624542236328125 -0.0980072021484375 0.0581626892089844 0.0613479614257813
0.0255661010742187 -0.110580444335938 -0.0228347778320313 0.014434814453125
0.0886611938476563 -0.0735626220703125 0.0727691650390625 -0.111412048339844
-0.0562629699707031 -0.0165176391601563 -0.0731658935546875 0.135322570800781
-0.02886962890625 0.0452308654785156 0.0198631286621094 0.0147552490234375
0.0183181762695313 0.0444717407226563 -0.0537872314453125 -0.0682525634765625
0.0404014587402344 0.00472640991210938 -0.127510070800781 -0.0123519897460937
0.03082275390625 -0.0251312255859375 -0.119522094726562 0.06890869140625
0.00357627868652344 -0.033782958984375 -0.0670318603515625 0.140731811523438
-0.00158500671386719 -0.0211124420166016 0.0120086669921875 0.148361206054688
0.00397109985351562 -0.0186080932617188 0.0275955200195312 0.118736267089844
0.00456428527832031 -0.0176162719726562 0.0283737182617187 0.096435546875
0.00774955749511719 -0.0055241584777832 0.0127487182617188 0.0923004150390625
0.00938224792480469 0.0120697021484375 0.0173110961914063 0.0926132202148438
-0.00629806518554687 0.0314292907714844 0.00246429443359374 0.116165161132813
-0.043609619140625 0.00936126708984376 -0.0565185546875 0.138198852539063
-0.061492919921875 -0.0240898132324219 -0.0746002197265625 0.178253173828125
-0.05712890625 -0.0530242919921875 -0.0887298583984375 0.194931030273437
-0.0255584716796875 -0.0960235595703125 -0.0898971557617187 0.123062133789063
-0.0335464477539063 -0.0265674591064453 0.015106201171875 0.0126380920410156
-0.0307731628417969 -0.00639152526855469 -0.055755615234375 -0.0788803100585938
-0.0138216018676758 -0.000786781311035153 -0.135414123535156 -0.025787353515625
-0.0123682022094727 0.00286293029785156 -0.133560180664063 0.060760498046875
-0.0112972259521484 0.00908088684082031 -0.074615478515625 0.138359069824219
0.00146484375 0.0265541076660156 0.0095672607421875 0.145645141601563
0.000484466552734373 0.0336589813232422 0.0268630981445313 0.113410949707031
0.00243377685546875 0.0327720642089844 0.032623291015625 0.0920791625976563
-0.0165023803710937 0.0311756134033203 0.0233993530273438 0.0833816528320313
-0.0387725830078125 0.0280418395996094 0.0279922485351562 0.0838241577148438
-0.0619125366210938 0.0113334655761719 0.0201568603515625 0.116287231445313
-0.0695610046386719 -0.0583381652832031 -0.0371856689453125 0.13824462890625
-0.0479660034179687 -0.096160888671875 -0.0582275390625 0.174667358398438
-0.0158004760742188 -0.132331848144531 -0.0811920166015625 0.177490234375
0.018707275390625 -0.163497924804688 -0.09356689453125 0.0866470336914062
-0.0205917358398438 -0.103195190429688 0.0131406784057617 -0.00653362274169922
-0.0739364624023437 -0.0723114013671875 -0.0524444580078125 -0.0969619750976563
-0.0725479125976563 -0.0186691284179687 -0.136833190917969 -0.0473861694335937
-0.0648651123046875 0.0243415832519531 -0.14239501953125 0.040283203125
-0.0322189331054688 0.0506401062011719 -0.0791473388671875 0.119270324707031
0.000747680664062497 0.0707473754882813 0.00514984130859374 0.125473022460938
-0.00212860107421875 0.0811004638671875 0.0229415893554688 0.0903701782226563
0.0051422119140625 0.07861328125 0.034393310546875 0.0687332153320312
-0.0294647216796875 0.0681991577148438 0.0366363525390625 0.0579833984375
-0.0727462768554688 0.0530166625976562 0.0457191467285156 0.0632057189941406
-0.109725952148438 0.0100860595703125 0.046783447265625 0.106681823730469
-0.104591369628906 -0.102714538574219 -0.009307861328125 0.134017944335938
-0.049407958984375 -0.150894165039063 -0.0394439697265625 0.160491943359375
0.0142974853515625 -0.19403076171875 -0.05999755859375 0.140853881835937
0.067169189453125 -0.203765869140625 -0.079254150390625 0.029815673828125
0.010101318359375 -0.166671752929687 0.0203857421875 -0.0412445068359375
-0.09747314453125 -0.14306640625 -0.0402374267578125 -0.117774963378906
-0.122573852539063 -0.0490493774414063 -0.1251220703125 -0.07489013671875
-0.115486145019531 0.0321884155273438 -0.137298583984375 0.00864410400390624
-0.056854248046875 0.08282470703125 -0.0766983032226563 0.0857620239257813
-0.00415802001953126 0.104209899902344 -0.000579833984375 0.0886306762695312
-0.00439453124999999 0.117774963378906 0.0156784057617188 0.0542488098144531
0.0101547241210937 0.11444091796875 0.0315456390380859 0.0322971343994141
-0.0321426391601563 0.098297119140625 0.0461158752441406 0.0204696655273438
-0.0906829833984375 0.0797576904296875 0.0612411499023437 0.0330429077148438
-0.140312194824219 0.0210113525390625 0.0709686279296875 0.0850677490234375
-0.13482666015625 -0.122756958007813 0.017486572265625 0.120674133300781
-0.0556182861328125 -0.181045532226563 -0.0279769897460938 0.135093688964844
0.035980224609375 -0.226974487304688 -0.0356292724609375 0.0873260498046875
0.107452392578125 -0.20672607421875 -0.0460243225097656 -0.0382919311523438
0.0476531982421875 -0.197479248046875 0.0353775024414062 -0.084259033203125
-0.092193603515625 -0.19427490234375 -0.0176239013671875 -0.135101318359375
-0.145217895507813 -0.0809326171875 -0.0966110229492188 -0.0988845825195312
-0.147323608398438 0.02618408203125 -0.114059448242188 -0.0264892578125
-0.0758819580078125 0.0983352661132812 -0.0643577575683594 0.0409622192382812
-0.00995635986328126 0.121620178222656 -0.00555801391601563 0.0414505004882813
-0.00601959228515625 0.136085510253906 0.00690555572509766 0.0105409622192383
0.0147781372070313 0.132919311523438 0.0238094329833984 -0.0114536285400391
-0.0289306640625 0.114479064941406 0.0497512817382813 -0.0229225158691406
-0.093658447265625 0.095947265625 0.0705413818359375 -0.00105285644531249
-0.14935302734375 0.0299530029296875 0.0864486694335937 0.0578765869140625
-0.14569091796875 -0.126983642578125 0.035369873046875 0.101432800292969
-0.0518798828125 -0.188552856445313 -0.0241851806640625 0.103240966796875
0.05426025390625 -0.228225708007813 -0.0113754272460938 0.0271282196044922
0.125869750976563 -0.171859741210938 -0.00113677978515625 -0.103919982910156
0.0786895751953125 -0.184219360351563 0.057708740234375 -0.125030517578125
-0.061492919921875 -0.204559326171875 0.0103302001953125 -0.142593383789063
-0.133369445800781 -0.098663330078125 -0.0586166381835938 -0.113555908203125
-0.149200439453125 0.013153076171875 -0.0796432495117188 -0.0563201904296875
-0.0809860229492188 0.0961380004882812 -0.0448493957519531 -0.00598526000976561
-0.0129547119140625 0.118453979492188 -0.00997161865234375 -0.00883483886718749
-0.00656890869140626 0.134193420410156 -0.00286293029785156 -0.0335750579833984
0.01666259765625 0.133445739746094 0.0122642517089844 -0.055633544921875
-0.025146484375 0.115394592285156 0.0484771728515625 -0.0652809143066406
-0.0884170532226563 0.0977630615234375 0.0758743286132813 -0.0328216552734375
-0.141387939453125 0.0294189453125 0.0936737060546875 0.0316543579101563
-0.132797241210937 -0.124053955078125 0.04534912109375 0.0821304321289063
-0.03289794921875 -0.176956176757812 -0.0265655517578125 0.0694198608398437
0.070404052734375 -0.199172973632813 0.0134010314941406 -0.0310897827148438
0.118621826171875 -0.108245849609375 0.0424041748046875 -0.155014038085938
0.0878677368164063 -0.132545471191406 0.077056884765625 -0.155838012695313
-0.0247039794921875 -0.167465209960937 0.034576416015625 -0.140525817871094
-0.095916748046875 -0.0905609130859375 -0.0227127075195313 -0.11834716796875
-0.120147705078125 0.00190734863281248 -0.0436935424804688 -0.0749664306640625
-0.06915283203125 0.0780868530273438 -0.0255851745605469 -0.0455856323242188
-0.0119400024414063 0.0967178344726562 -0.0143623352050781 -0.05328369140625
-0.00568389892578126 0.111709594726563 -0.0135040283203125 -0.0711212158203125
0.0140609741210938 0.115264892578125 0.00053405761718751 -0.0948638916015625
-0.0216903686523437 0.099945068359375 0.0474090576171875 -0.101051330566406
-0.077545166015625 0.083740234375 0.0816268920898438 -0.05792236328125
-0.119941711425781 0.0183868408203125 0.09881591796875 0.0113067626953125
-0.101943969726562 -0.114898681640625 0.0506935119628906 0.0672531127929687
-0.00477600097656249 -0.14996337890625 -0.0273933410644531 0.0388908386230469
0.08349609375 -0.144515991210938 0.0407257080078125 -0.077911376953125
0.0884017944335938 -0.0262680053710937 0.07244873046875 -0.183944702148437
0.0763320922851563 -0.0588760375976562 0.084716796875 -0.17364501953125
0.00689697265624999 -0.0989456176757812 0.047210693359375 -0.134689331054688
-0.0458984375 -0.0605278015136719 -0.0011444091796875 -0.117889404296875
-0.0699653625488281 -0.00486373901367188 -0.0198516845703125 -0.0835800170898438
-0.0444450378417969 0.0490150451660156 -0.0136032104492188 -0.0723876953125
-0.00752639770507812 0.0606002807617187 -0.0209503173828125 -0.084014892578125
-0.00276947021484376 0.0728759765625 -0.021270751953125 -0.0978240966796875
0.00887298583984376 0.0807876586914062 -0.00763702392578126 -0.124969482421875
-0.0174407958984375 0.0717239379882813 0.0490875244140625 -0.126785278320313
-0.0594100952148437 0.0581550598144531 0.0915756225585938 -0.0745697021484375
-0.0866012573242188 0.0056610107421875 0.104454040527344 -0.00014495849609375
-0.0608596801757812 -0.0940399169921875 0.0556716918945312 0.0602798461914062
0.023895263671875 -0.106254577636719 -0.0223579406738281 0.0160446166992187
0.08551025390625 -0.071044921875 0.0704193115234375 -0.107276916503906
-0.05517578125 -0.01641845703125 -0.072967529296875 0.132644653320313
-0.02777099609375 0.0445137023925781 0.0203475952148438 0.0137748718261719
0.0178871154785156 0.0438728332519531 -0.052642822265625 -0.0689849853515625
0.0391807556152344 0.00508499145507813 -0.126319885253906 -0.013824462890625
0.0305747985839844 -0.0249900817871094 -0.120124816894531 0.0683975219726563
0.0033721923828125 -0.0322494506835938 -0.0670394897460937 0.139785766601563
-0.00134086608886719 -0.0198841094970703 0.012298583984375 0.147201538085938
0.00398063659667969 -0.0177459716796875 0.0285110473632813 0.11773681640625
0.00425434112548828 -0.0165882110595703 0.0285186767578125 0.096282958984375
0.00726985931396484 -0.00439596176147461 0.0132522583007812 0.0930404663085938
0.00829410552978516 0.0120964050292969 0.0172653198242188 0.0930328369140625
-0.00628471374511719 0.0304470062255859 0.00145721435546875 0.115837097167969
-0.0436592102050781 0.00864410400390626 -0.0587921142578125 0.1361083984375
-0.0601997375488281 -0.0230369567871094 -0.0757904052734375 0.17498779296875
-0.0551223754882813 -0.0522689819335937 -0.0914306640625 0.191299438476562
-0.024322509765625 -0.0956878662109375 -0.0887603759765625 0.120338439941406
-0.0320892333984375 -0.0270881652832031 0.0156517028808594 0.0114269256591797
-0.0310306549072266 -0.00648307800292968 -0.0539169311523437 -0.0794448852539063
-0.0146675109863281 -0.00128364562988281 -0.134140014648437 -0.0267257690429688
-0.0127592086791992 0.00271987915039063 -0.133941650390625 0.0600814819335937
-0.0108518600463867 0.00926399230957031 -0.0750274658203125 0.137275695800781
0.00140762329101562 0.0268440246582031 0.00991821289062501 0.144439697265625
0.000734329223632815 0.0339927673339844 0.0281982421875 0.111991882324219
0.00249290466308594 0.0329132080078125 0.0331649780273438 0.0912551879882813
-0.0169277191162109 0.0322856903076172 0.0231781005859375 0.0840988159179688
-0.0391082763671875 0.0280570983886719 0.028106689453125 0.0839462280273438
-0.0617942810058594 0.0103530883789062 0.0192184448242188 0.115249633789063
-0.0687980651855469 -0.0587501525878906 -0.0392227172851562 0.136215209960937
-0.0457687377929688 -0.0955123901367188 -0.059417724609375 0.171661376953125
-0.0141372680664063 -0.131401062011719 -0.0829010009765625 0.175201416015625
0.019683837890625 -0.162261962890625 -0.0919723510742188 0.0840225219726562
-0.0196456909179687 -0.102493286132813 0.0154666900634766 -0.00794601440429688
-0.0736923217773438 -0.0720901489257813 -0.050384521484375 -0.0972824096679688
-0.072784423828125 -0.0194320678710938 -0.135047912597656 -0.0485458374023437
-0.06475830078125 0.0237884521484375 -0.142471313476563 0.0389251708984375
-0.0327491760253906 0.050384521484375 -0.079803466796875 0.118782043457031
0.000633239746093754 0.0703277587890625 0.00504302978515625 0.123786926269531
-0.00133514404296875 0.0817337036132812 0.0237960815429688 0.089508056640625
0.00469970703125001 0.0787277221679688 0.0350990295410156 0.0682601928710938
-0.0303153991699219 0.0678329467773438 0.0359764099121094 0.0583343505859375
-0.07330322265625 0.052734375 0.0454330444335937 0.0645751953125
-0.109382629394531 0.00949096679687499 0.0465011596679688 0.105598449707031
-0.104103088378906 -0.102531433105469 -0.010986328125 0.133560180664063
-0.0475311279296875 -0.149459838867188 -0.040802001953125 0.158599853515625
0.01641845703125 -0.191925048828125 -0.0621490478515625 0.1385498046875
0.0683135986328125 -0.201263427734375 -0.0767059326171875 0.0279541015625
0.010467529296875 -0.165313720703125 0.0228118896484375 -0.0418281555175781
-0.0973358154296875 -0.141876220703125 -0.0374526977539063 -0.11724853515625
-0.122001647949219 -0.0499343872070313 -0.122505187988281 -0.0752639770507812
-0.114997863769531 0.03192138671875 -0.136672973632812 0.00761413574218752
-0.056884765625 0.0817718505859375 -0.0771331787109375 0.0844039916992188
-0.00467681884765626 0.103645324707031 -0.000984191894531249 0.087127685546875
-0.0034942626953125 0.117393493652344 0.0163116455078125 0.0535469055175781
0.0105056762695312 0.113624572753906 0.0324535369873047 0.0318145751953125
-0.032989501953125 0.0974197387695313 0.0456962585449219 0.0207901000976563
-0.0901565551757813 0.0790634155273437 0.0614471435546875 0.0336875915527344
-0.139328002929688 0.0201644897460937 0.071563720703125 0.0849456787109375
-0.134223937988281 -0.122016906738281 0.0155029296875 0.120651245117188
-0.0538177490234375 -0.179840087890625 -0.0281219482421875 0.134201049804688
0.0381927490234375 -0.225311279296875 -0.0364837646484375 0.0863494873046875
0.1083984375 -0.204925537109375 -0.0437240600585937 -0.0388565063476563
0.0482940673828125 -0.195449829101563 0.0386428833007812 -0.0840682983398438
-0.0911865234375 -0.192352294921875 -0.0144195556640625 -0.134048461914063
-0.14434814453125 -0.08197021484375 -0.0937423706054688 -0.0987930297851563
-0.146759033203125 0.0261077880859375 -0.113906860351563 -0.02740478515625
-0.075927734375 0.09674072265625 -0.0648231506347656 0.0392227172851563
-0.0104598999023438 0.119903564453125 -0.00694656372070313 0.0401878356933594
-0.00514984130859376 0.135055541992188 0.00677585601806641 0.0104684829711914
0.0156478881835938 0.132240295410156 0.0240650177001953 -0.0111713409423828
-0.0297393798828125 0.113052368164063 0.0493850708007813 -0.022308349609375
-0.0933761596679688 0.0951995849609375 0.0710296630859375 -0.000259399414062494
-0.1485595703125 0.02911376953125 0.086822509765625 0.0572891235351563
-0.14471435546875 -0.125747680664063 0.03399658203125 0.101730346679687
-0.050567626953125 -0.186859130859375 -0.0249862670898437 0.102767944335937
0.0551300048828125 -0.226806640625 -0.0115890502929687 0.0271511077880859
0.1259765625 -0.170669555664062 0.00141143798828126 -0.103065490722656
0.0790863037109375 -0.182418823242188 0.0598068237304688 -0.124053955078125
-0.0614776611328125 -0.20135498046875 0.0133209228515625 -0.14068603515625
-0.131568908691406 -0.0985641479492188 -0.0553359985351562 -0.113113403320313
-0.148117065429687 0.01324462890625 -0.0790634155273438 -0.0566329956054688
-0.0808181762695312 0.0948028564453125 -0.0451507568359375 -0.0074005126953125
-0.0135269165039063 0.117431640625 -0.0106611251831055 -0.00947093963623046
-0.00577545166015624 0.132316589355469 -0.00295639038085938 -0.0325374603271484
0.0167999267578125 0.131660461425781 0.0122032165527344 -0.0552024841308594
-0.025665283203125 0.113677978515625 0.0479278564453125 -0.0644073486328125
-0.08843994140625 0.0964736938476563 0.0766372680664063 -0.0318374633789062
-0.139976501464844 0.0286102294921875 0.0944442749023437 0.0315933227539062
-0.131851196289063 -0.122642517089844 0.043487548828125 0.0825119018554688
-0.0319061279296875 -0.17547607421875 -0.0269622802734375 0.0696907043457031
0.071197509765625 -0.196823120117188 0.0135650634765625 -0.0298690795898438
0.1182861328125 -0.107276916503906 0.045440673828125 -0.1534423828125
0.0876388549804688 -0.130836486816406 0.079498291015625 -0.153701782226563
-0.0244598388671875 -0.164825439453125 0.0371017456054687 -0.138725280761719
-0.09454345703125 -0.0902786254882813 -0.0198822021484375 -0.117652893066406
-0.119026184082031 0.00191497802734373 -0.042877197265625 -0.075408935546875
-0.0690155029296875 0.0770416259765625 -0.0256156921386719 -0.0468597412109375
-0.0126876831054687 0.0955429077148438 -0.0153083801269531 -0.0533599853515625
-0.00454711914062499 0.110313415527344 -0.0134506225585937 -0.0701637268066406
0.0145263671875 0.112533569335938 0.000457763671874995 -0.094329833984375
-0.0220260620117187 0.098419189453125 0.046905517578125 -0.09991455078125
-0.0765762329101562 0.0820388793945313 0.0828399658203125 -0.0568466186523437
-0.118438720703125 0.0175399780273438 0.0991363525390625 0.0117874145507813
-0.101043701171875 -0.113327026367188 0.048797607421875 0.0679359436035156
-0.00465393066406251 -0.14837646484375 -0.0273475646972656 0.0401763916015625
0.08306884765625 -0.14300537109375 0.0410003662109375 -0.076171875
0.08660888671875 -0.0262527465820313 0.0753326416015625 -0.181488037109375
0.0744781494140625 -0.0574798583984375 0.0870208740234375 -0.17034912109375
0.00690460205078124 -0.0969772338867187 0.0489959716796875 -0.132713317871094
-0.0454788208007812 -0.0599250793457031 0.000938415527343752 -0.117233276367188
-0.0693550109863281 -0.00402450561523438 -0.01959228515625 -0.0838241577148437
-0.0434532165527344 0.0479850769042969 -0.014434814453125 -0.0732650756835938
-0.00780105590820312 0.0598793029785156 -0.0214080810546875 -0.0836257934570313
-0.00215148925781251 0.0711288452148438 -0.0220413208007813 -0.0964431762695313
0.00919342041015624 0.0790863037109375 -0.00827026367187499 -0.123626708984375
-0.0177574157714844 0.0700492858886719 0.0477371215820313 -0.125137329101563
-0.058135986328125 0.0568504333496094 0.092132568359375 -0.0731048583984375
-0.0849380493164063 0.00483703613281252 0.104507446289063 0.0005035400390625
-0.0601272583007812 -0.09259033203125 0.0537605285644531 0.0611076354980469
0.0233306884765625 -0.105033874511719 -0.0224857330322266 0.0177822113037109
0.0842971801757813 -0.0694961547851563 0.0709304809570313 -0.10479736328125
-0.0557174682617188 -0.0162925720214844 -0.0724868774414062 0.134452819824219
-0.0273361206054687 0.0445480346679688 0.0216274261474609 0.0131263732910156
0.0187225341796875 0.0438652038574219 -0.0532112121582031 -0.0701789855957031
0.038818359375 0.00483322143554687 -0.128326416015625 -0.0135650634765625
0.0303745269775391 -0.0260162353515625 -0.121772766113281 0.0705795288085938
0.00317192077636718 -0.0325450897216797 -0.0669403076171875 0.143234252929688
-0.00122642517089844 -0.0193347930908203 0.0151824951171875 0.148040771484375
0.00378131866455078 -0.0172138214111328 0.0317230224609375 0.117935180664063
0.00435161590576172 -0.015437126159668 0.0306777954101563 0.0971908569335938
0.00673818588256836 -0.00346803665161133 0.01507568359375 0.0954971313476563
0.0076904296875 0.0126304626464844 0.0184249877929688 0.0948333740234375
-0.00640678405761719 0.0300922393798828 0.00170898437500001 0.117279052734375
-0.0441207885742188 0.0086517333984375 -0.0598678588867188 0.137107849121094
-0.0600051879882813 -0.0226402282714844 -0.075775146484375 0.175048828125
-0.054962158203125 -0.0526351928710937 -0.0932769775390625 0.193405151367188
-0.0248336791992187 -0.0967254638671875 -0.0882492065429687 0.121017456054688
-0.0325965881347656 -0.0276603698730469 0.0173587799072266 0.00980091094970703
-0.0318889617919922 -0.00652122497558593 -0.0544204711914063 -0.0810089111328125
-0.0158605575561523 -0.0014801025390625 -0.135269165039063 -0.0270614624023438
-0.0128765106201172 0.00308132171630859 -0.1363525390625 0.0617294311523437
-0.0120019912719727 0.0100536346435547 -0.0748519897460937 0.140480041503906
0.0018157958984375 0.0278186798095703 0.0129547119140625 0.145431518554688
0.00205612182617188 0.0354995727539063 0.0311431884765625 0.1123046875
0.00312423706054687 0.0346031188964844 0.0353317260742188 0.0920333862304688
-0.0176277160644531 0.033538818359375 0.0250015258789063 0.0858001708984375
-0.0401115417480469 0.0291557312011719 0.0298309326171875 0.0857925415039063
-0.0626564025878906 0.0101966857910156 0.0206527709960938 0.116912841796875
-0.0705795288085937 -0.0589752197265625 -0.0402374267578125 0.138618469238281
-0.046234130859375 -0.0958099365234375 -0.0599212646484375 0.172836303710938
-0.013885498046875 -0.132514953613281 -0.0845794677734375 0.17681884765625
0.01904296875 -0.164093017578125 -0.0916519165039062 0.0845489501953125
-0.0201416015625 -0.103897094726562 0.0169620513916016 -0.00912475585937501
-0.07568359375 -0.071868896484375 -0.0503921508789063 -0.0984344482421875
-0.0742034912109375 -0.0192031860351562 -0.136276245117188 -0.0489349365234375
-0.0652885437011719 0.0250091552734375 -0.14483642578125 0.040802001953125
-0.0331192016601562 0.0511131286621094 -0.08001708984375 0.120811462402344
0.00139617919921875 0.0714263916015625 0.00686645507812499 0.124336242675781
0.000984191894531252 0.0833282470703125 0.0258331298828125 0.0895004272460938
0.00612640380859375 0.0804290771484375 0.0369949340820313 0.0683631896972656
-0.0303230285644531 0.069915771484375 0.0378227233886719 0.0599288940429688
-0.07440185546875 0.0550689697265625 0.0473403930664062 0.0657806396484375
-0.110939025878906 0.0100555419921875 0.049224853515625 0.10693359375
-0.107131958007812 -0.102806091308594 -0.01165771484375 0.135078430175781
-0.0480194091796875 -0.150924682617187 -0.04046630859375 0.160232543945313
0.0162200927734375 -0.1944580078125 -0.0627899169921875 0.140655517578125
0.06793212890625 -0.204864501953125 -0.0756683349609375 0.0277328491210937
0.00927734375000002 -0.167526245117188 0.0243110656738281 -0.0434799194335938
-0.100387573242188 -0.141815185546875 -0.0370941162109375 -0.119277954101563
-0.124069213867188 -0.0499343872070313 -0.123023986816406 -0.075347900390625
-0.115806579589844 0.0336837768554688 -0.139739990234375 0.00875091552734376
-0.0572662353515625 0.0829620361328125 -0.0777206420898438 0.0860824584960938
-0.00357818603515625 0.105209350585938 0.00019073486328125 0.0874710083007813
-0.00141143798828126 0.119743347167969 0.0174942016601563 0.0536422729492188
0.01239013671875 0.114997863769531 0.0336112976074219 0.0319690704345703
-0.032470703125 0.09857177734375 0.0466384887695313 0.0211524963378906
-0.0910797119140625 0.0814666748046875 0.0634193420410156 0.0346221923828125
-0.141693115234375 0.0215301513671875 0.0742645263671875 0.0850448608398438
-0.137969970703125 -0.121589660644531 0.0154495239257812 0.123306274414063
-0.055450439453125 -0.181884765625 -0.0282821655273438 0.135574340820313
0.037353515625 -0.228668212890625 -0.0376510620117187 0.0879669189453125
0.107437133789063 -0.208404541015625 -0.0427932739257813 -0.0404319763183594
0.0474090576171875 -0.198257446289062 0.0402297973632813 -0.0862884521484375
-0.0954132080078125 -0.19244384765625 -0.0136489868164062 -0.135978698730469
-0.146469116210938 -0.081817626953125 -0.0937423706054688 -0.0995407104492187
-0.148223876953125 0.0281982421875 -0.117042541503906 -0.02685546875
-0.0765304565429688 0.098419189453125 -0.0660247802734375 0.0396461486816406
-0.00944519042968751 0.121437072753906 -0.00615692138671875 0.0399742126464844
-0.00239562988281251 0.136947631835938 0.00721263885498047 0.0104160308837891
0.017608642578125 0.133598327636719 0.0243587493896484 -0.0115375518798828
-0.0295181274414062 0.114517211914062 0.0488929748535156 -0.0222625732421875
-0.0937881469726563 0.0972061157226563 0.0726394653320313 -0.000114440917968744
-0.150405883789063 0.030670166015625 0.0899124145507812 0.05694580078125
-0.14788818359375 -0.125656127929688 0.0340957641601562 0.103828430175781
-0.0521392822265625 -0.188812255859375 -0.024871826171875 0.105232238769531
0.0544586181640625 -0.230087280273438 -0.0118312835693359 0.0277652740478515
0.126068115234375 -0.174560546875 0.00279235839843751 -0.105384826660156
0.07830810546875 -0.184066772460938 0.0614852905273438 -0.125892639160156
-0.064453125 -0.201766967773438 0.01470947265625 -0.142257690429687
-0.133506774902344 -0.0995712280273438 -0.0556869506835937 -0.114303588867188
-0.149307250976563 0.014923095703125 -0.081207275390625 -0.0569992065429688
-0.0808486938476563 0.09661865234375 -0.0465736389160156 -0.00787353515624999
-0.0129928588867188 0.118812561035156 -0.0123958587646484 -0.0103139877319336
-0.00341796875000001 0.133651733398438 -0.00363922119140625 -0.0331096649169922
0.0193328857421875 0.132522583007813 0.0118179321289063 -0.0560531616210938
-0.0254974365234375 0.114273071289063 0.0474777221679688 -0.0654678344726562
-0.0882110595703125 0.0979385375976563 0.0783538818359375 -0.0322799682617187
-0.141677856445313 0.0293426513671875 0.0973739624023437 0.0306472778320313
-0.134841918945313 -0.122810363769531 0.0437545776367187 0.0851593017578125
-0.0333099365234375 -0.177597045898438 -0.0269927978515625 0.07232666015625
0.070953369140625 -0.200714111328125 0.0135440826416016 -0.0297336578369141
0.118179321289063 -0.109870910644531 0.0465087890625 -0.155670166015625
0.0870895385742188 -0.132255554199219 0.0808563232421875 -0.155593872070313
-0.026275634765625 -0.165390014648437 0.0390853881835937 -0.140106201171875
-0.0952606201171875 -0.0909957885742188 -0.0197067260742187 -0.118698120117187
-0.119819641113281 0.00317382812499998 -0.0445480346679687 -0.076568603515625
-0.0685958862304688 0.0784835815429688 -0.0275001525878906 -0.0481796264648437
-0.0120391845703125 0.0963363647460938 -0.0175971984863281 -0.0544357299804687
-0.002410888671875 0.110755920410156 -0.0141067504882813 -0.0709686279296875
0.01629638671875 0.113609313964844 -0.000968933105468755 -0.0947799682617187
-0.0214080810546875 0.0989837646484375 0.0454788208007813 -0.101310729980469
-0.0756912231445312 0.08306884765625 0.0845718383789062 -0.0578231811523437
-0.119216918945313 0.0187835693359375 0.1015625 0.0114669799804688
-0.103202819824219 -0.11260986328125 0.0491676330566406 0.0701332092285156
-0.00596618652343749 -0.1495361328125 -0.0274124145507813 0.0427398681640625
0.08245849609375 -0.144973754882813 0.0412063598632813 -0.07611083984375
0.0876922607421875 -0.0282516479492188 0.0771942138671875 -0.184051513671875
0.0748138427734375 -0.0576705932617188 0.0884857177734375 -0.172271728515625
0.00544738769531249 -0.0962905883789062 0.0504989624023438 -0.134086608886719
-0.0457115173339844 -0.060455322265625 0.00131225585937501 -0.118888854980469
-0.0693283081054688 -0.00356674194335938 -0.0201416015625 -0.0861053466796875
-0.0425910949707031 0.0494766235351562 -0.0163803100585938 -0.0749969482421875
-0.00749588012695312 0.0600967407226563 -0.0241851806640625 -0.0850830078125
-0.00115203857421875 0.0724258422851563 -0.0237350463867187 -0.0970382690429688
0.0111007690429687 0.0782623291015625 -0.0101318359375 -0.123802185058594
-0.0171051025390625 0.0705108642578125 0.0468826293945312 -0.126876831054687
-0.0577888488769531 0.057586669921875 0.0936508178710937 -0.0741195678710938
-0.0857467651367187 0.00492095947265626 0.10552978515625 0.00048828125
-0.0616607666015625 -0.092041015625 0.054290771484375 0.0630455017089844
0.02252197265625 -0.106132507324219 -0.0231418609619141 0.0199222564697266
0.084991455078125 -0.07171630859375 0.0718460083007813 -0.105430603027344
0.0216882192079923 0.0371515537613764 -0.148552709136174 0.00674027786883202
0.0503198485626275 -0.00636692695741052 -0.00416307109486929 0.0176110423540398
0.0326695647135865 -0.0359125021182252 0.0276463762718279 -0.0888357481110885
-0.011353566490559 -0.0364570109258203 -0.0563527594865152 -0.114705724504563
-0.0299371264268373 -0.0115124695248359 -0.130526788950291 -0.0693940706689387
-0.0166756962362673 0.00389778626163122 -0.155333802689719 0.00540641813384304
-0.0167112961108618 0.00187939468734973 -0.132328951422533 0.0685792386136758
-0.017969405872101 0.000436034471095942 -0.0959749836418629 0.0884791947355736
-0.0153151805927085 -0.00254999281466742 -0.0781061391092225 0.0705416217621382
-0.00821732778096677 -0.00895991856290793 -0.0759681945251184 0.0597554911619736
0.00470256820755686 -0.0184941878079443 -0.0818271479605844 0.063331346304677
0.0297268914713893 -0.0185736856116477 -0.110642559073346 0.0537149328084467
0.0440367118657807 0.0158433186707895 -0.144744108723656 0.020077376679875
0.0221562907433579 0.0492410331650975 -0.181580805652167 0.0169049678080608
-0.0111391025233148 0.0579649149309833 -0.198658186386887 0.044504554885489
-0.05781874186564 0.0552856265385921 -0.138372343089951 -0.00289501070911463
-0.00472305365402894 0.0435623884089992 0.00893828487097366 0.020300013394834
0.0204207463609877 0.0369313566844583 0.0544828752104948 -0.100820909283059
0.0224042849791326 0.0158704317814347 -0.039699908073831 -0.141544735527623
0.0242823884992747 -0.000280078674723031 -0.134028719514864 -0.0951243708115456
0.0256675614063936 -0.0107142139396825 -0.161386419883117 -0.00763086337265282
0.0234131493389531 -0.0257666038883521 -0.13623446913373 0.0595445749869523
0.0218367892242492 -0.0317554847037954 -0.0958709327575349 0.0828899541438353
0.0286084983944709 -0.029876354497825 -0.0746667231626399 0.0686227309216157
0.0357709707215389 -0.0123008713182309 -0.0636086396975557 0.0576982355253216
0.0490760632439362 0.0060003316675769 -0.0653314680753831 0.0634567487671786
0.0462669311573777 0.0426142394122264 -0.0915472704187975 0.0684314672652628
0.0162060659453661 0.0820502170509953 -0.128033763768956 0.0399202885606992
-0.0423795769501687 0.0813096143587504 -0.169992889265958 0.0385711180204382
-0.0940415169438722 0.0659984245132489 -0.185080777049423 0.0504408536617332
-0.134849312012606 0.059027865057007 -0.103227776600092 -0.0145513123127114
-0.074033813706831 0.0840025245460592 0.0380586476073102 0.0224106860190715
-0.00806946812020012 0.114098072578596 0.093177068880464 -0.108328012269216
0.0474709467664256 0.0814870888625128 -0.00763320958900171 -0.164977277255622
0.0798041293067284 0.0239799139029705 -0.120921031680707 -0.123341166748516
0.0706755071598744 -0.0171091840773701 -0.150223221853231 -0.0265728696782935
0.0634990231944887 -0.0462602390379765 -0.122605321497272 0.040574058511116
0.058108959596845 -0.0603710032891131 -0.0810062513916866 0.0649725706829703
0.0653724856900965 -0.0580326800212891 -0.055641047364952 0.0569172501386261
0.0721574007837182 -0.0236090356094252 -0.0371385824979068 0.0504896366203532
0.0899106964729943 0.0144836096014886 -0.0364443391942231 0.0644695359157557
0.0743615402552546 0.0848598755662919 -0.0618781126015412 0.0849400610257545
0.0108971139059351 0.136913343308872 -0.104456734042089 0.0633512464071403
-0.0840837461478947 0.116319425755674 -0.147208703238338 0.0553606160563802
-0.157867150709139 0.0743130833021005 -0.14753728787595 0.0532885881049979
-0.19432818371283 0.047365244829452 -0.0445839003380014 -0.0228037856908769
-0.145515863854333 0.102912996812578 0.0798595195393532 0.0262849527712174
-0.0531711520339204 0.178079007595145 0.139066846298806 -0.103737766533876
0.0554553127640458 0.148611785242845 0.0380177721826308 -0.175765976696487
0.123562221812577 0.0577560123883642 -0.0884895168420574 -0.144433996044
0.109458136657066 -0.0146478267663797 -0.120099500864071 -0.0461317335100844
0.0960032700419113 -0.057476232469353 -0.0925935993195624 0.0152720929706633
0.0857496655070885 -0.0798087557406932 -0.053748360773259 0.0379545698435635
0.0910509162916871 -0.0809706803778314 -0.0262689900767984 0.0358403249519948
0.0968727403883217 -0.0376898062576192 -0.00169217385331867 0.0361264160828832
0.119656651830785 0.00997587261716345 -0.000255256017928714 0.0600378834667309
0.101284858554158 0.105010983067611 -0.0265561174395241 0.0938618698726843
0.0180048853845608 0.171927233709507 -0.076309243454017 0.0780762061830323
-0.103284563579444 0.141515445664264 -0.118267191468301 0.0578584650019924
-0.195571666075903 0.077644052401422 -0.0937627806081005 0.0459027740332322
-0.221327796983393 0.0252734629516745 0.0293695864808219 -0.0261324203029704
-0.194937156725716 0.0958451936602537 0.127221547591318 0.0304763173182775
-0.100116449209432 0.204745080654126 0.177778046902636 -0.0830365434492441
0.040512856271458 0.192424446348542 0.085450391751611 -0.162519527727797
0.141356417510389 0.0891097649217092 -0.0401115562350757 -0.148249542374712
0.131570526556617 -0.00488251058179693 -0.0739522756208067 -0.0603280399110313
0.114743349287591 -0.057629597074194 -0.0507982956304328 -0.0106476566511926
0.100408793117838 -0.0871903714561229 -0.0179622065825327 0.00623131585541504
0.102987778771683 -0.0926466190058662 0.00916252622457661 0.0083868807700828
0.107049096547888 -0.0477850648073319 0.0353155816300539 0.0158286043257671
0.132186081665137 0.00303259197653388 0.0360821862220836 0.0502453203800892
0.113738220255949 0.108219706248745 0.00746861421067243 0.0925651137343056
0.0214990788566198 0.181778422837983 -0.0494682655393426 0.082646213540291
-0.110966990674319 0.145034965823918 -0.0908307731823281 0.0465607284150754
-0.205516063329419 0.0678305482983 -0.0342243253033425 0.031086077626917
-0.207629736480566 0.000509159403836425 0.104568328986178 -0.0237273087283137
-0.204045412218427 0.0654115395040423 0.168681951750094 0.0349460245774454
-0.128925594659852 0.185478289926663 0.197033427240111 -0.0518486289559432
0.0130184375180663 0.195551771096423 0.120918770606882 -0.128516533335472
0.129634186522286 0.10339107990431 0.0103361668799215 -0.131405638304046
0.129908164581402 0.00421706418150935 -0.0208172175219451 -0.064783353952317
0.113679182372744 -0.0500192112121867 -0.00431271921997687 -0.032811798913072
0.0999786593318134 -0.0814814728434925 0.0183546155299819 -0.0252736997977944
0.101179058253069 -0.0897725647129636 0.0448260303345445 -0.0221351262654888
0.104654009505766 -0.0489896386298123 0.070320787541048 -0.00571738063461939
0.127479421870952 -4.64683633879391E-05 0.0688939742698169 0.0398555909406462
0.106017687882126 0.102443607272093 0.034313123386977 0.0874891083352635
0.0131181998210627 0.171446811396623 -0.0290328326066892 0.0808277703487856
-0.112654279516951 0.125907978728615 -0.0656050111117305 0.0286635793588589
-0.191017753799789 0.0439384220441231 0.0236373592208435 0.0139061508641406
-0.1541411364142 -0.0194285429658958 0.16517560897222 -0.0201974230610516
-0.167711569149972 0.0279053774419671 0.196016951064307 0.0335569067961637
-0.122917380065863 0.132713600873793 0.194771390835468 -0.0232765324153754
-0.00930033783145276 0.156537513486978 0.135410244814715 -0.0894523646997697
0.0961190922770391 0.0921730112803162 0.0500652846420441 -0.102834073498096
0.105366681998996 0.00935466522801531 0.0255782170089136 -0.0626541623389924
0.0936636426604381 -0.0365875819153151 0.0377320209941763 -0.0510669895215057
0.0837700006434203 -0.0644891155136688 0.0515608279409632 -0.0529089384161299
0.0863384183033179 -0.0732723849848286 0.0772564728380168 -0.0487353923178888
0.0912565840052811 -0.039535327540503 0.101489684953676 -0.0220246266089281
0.108134587737413 0.00250740238793214 0.0953298780470968 0.0358159644245246
0.0826235649563692 0.0904132769886614 0.0525781523322337 0.0857101995055648
-0.00361219900378313 0.144047052663773 -0.0172723930732255 0.0793989750425808
-0.107370624938722 0.0901465974372687 -0.0441958211806835 0.0125245432773395
-0.154914498108425 0.0100678678672333 0.0746766674059896 0.00242437741983676
-0.0743125912358109 -0.0333672478524224 0.198070820926637 -0.0201952888885218
-0.0989655379828757 -0.00660173405643045 0.205288250123019 0.0201396861599395
-0.0844318295082345 0.0650765393413698 0.176186312835788 -0.00971223167282368
-0.0192613508970124 0.09177617200496 0.131291340687472 -0.0610320902882844
0.0516297643976356 0.0613691435610116 0.0719140599338041 -0.0773778855199714
0.0651431382753713 0.00944440529375603 0.056984854778884 -0.0583869022016987
0.0589780458109228 -0.0192172371364205 0.0672419193422432 -0.0623436219941504
0.0554160121301098 -0.038472232491228 0.0756431317115895 -0.0725349640498988
0.0587598865083677 -0.0456946808306861 0.103886838101434 -0.0673737841495642
0.0663240816893929 -0.0236428750397132 0.125402909802788 -0.029236421291567
0.0758116459845762 0.00734929855082673 0.116800556447511 0.0404809837113898
0.0492234335781739 0.0703320096086187 0.0614603801138988 0.0897205136968997
-0.0198520434793593 0.100978162036215 -0.0130527104565906 0.0811708898903243
-0.0911232173247627 0.0441830851272323 -0.0268353833223475 0.00285405562398805
-0.0995889348266087 -0.0257761287397975 0.114974174474504 0.00167406843683085
0.023128404668995 0.0360227700202477 -0.147829050996225 0.0137428444817632
0.0493748107260802 -0.00819279465539973 -0.00188842670082041 0.0175020971914944
0.031172821640232 -0.0369177040819136 0.0246620835015929 -0.0905988361707539
-0.012503247391444 -0.0352078366461709 -0.0607277709649758 -0.113221262918945
-0.0296326548047346 -0.00920261667224969 -0.134942370505197 -0.0638363124935013
-0.0160189331583938 0.00442289822947803 -0.155734788883363 0.0133684619577311
-0.0163656541691796 0.00158359003252886 -0.128041509695211 0.0763274234830542
-0.017882278036267 0.000612212297717743 -0.0907438975056736 0.0933403687987337
-0.0144446759665669 -0.00233388928747305 -0.0750708084784586 0.0753959945001713
-0.00818628722978643 -0.00936329803281557 -0.0740672313993528 0.0650212288623388
0.00425219358031418 -0.0187552215632366 -0.079416320555435 0.0677465770682887
0.0289445271081264 -0.0189281454500262 -0.108535870913809 0.0586839758617269
0.0450140718979843 0.0140245383578952 -0.144166641754334 0.0246689022362692
0.024070078791029 0.0468989853552799 -0.179947189432262 0.0229114369129195
-0.00839572153267756 0.0579088260323928 -0.199253765650553 0.0512729215977186
-0.0555663445739342 0.0580599910372257 -0.137426006419147 0.00272794926887013
-0.00337731645394956 0.044102387878462 0.011663895768888 0.0202005241273779
0.0233471667902084 0.0365766233643231 0.0512109186030496 -0.103807377466893
0.0235239789140991 0.0156311825464151 -0.0448454483996824 -0.140069341618879
0.0253722773337144 -0.000760626964361093 -0.140167471988408 -0.0893736264434211
0.0259906620491321 -0.0117130024678871 -0.162105125779805 0.000101943085266945
0.0226787622194939 -0.0269092801857783 -0.132230837915151 0.0667707864385974
0.0200961828201817 -0.0335005666120641 -0.0908506423623336 0.0881162995517467
0.0274777344767752 -0.0325354742254769 -0.0711721043209066 0.0733229160218394
0.0360886196938258 -0.0143082979109819 -0.0611879725244639 0.0619699015369074
0.0499265692265398 0.00346598884578939 -0.0629535076031764 0.0678501271377598
0.0485287751037953 0.0412769819196948 -0.0884679123273228 0.0720666745463223
0.0201553098585145 0.0814095849333318 -0.127273927152058 0.0449147508844351
-0.0397911151554125 0.0826886768661915 -0.167283751340612 0.0448883519010009
-0.0919630200987228 0.0698647258789586 -0.184115229831356 0.0577061594069663
-0.132796964266462 0.065246375873392 -0.102779715159002 -0.00946378550146411
-0.0709432065222679 0.0874883656365106 0.0408206914376969 0.0209102311182424
-0.0020497883484031 0.114862340575761 0.0897954618029855 -0.112726143283901
0.0512723934659644 0.080667112052472 -0.0134276009390507 -0.16526755257471
0.081695679720505 0.0202957473379451 -0.127924287801335 -0.118586443446135
0.0706635506705274 -0.0204695730806506 -0.151922216960738 -0.0197579241550929
0.0613385068524621 -0.0492882807024992 -0.120110701217489 0.0471955067912277
0.0548067776365191 -0.0640392124134864 -0.0769394087510292 0.069575908777253
0.0626598979010882 -0.0622667515685955 -0.0522939137013428 0.0605208939607517
0.0715225899825038 -0.0266828340834525 -0.0349619801850992 0.0537094837838045
0.0914564272744129 0.0101359056099945 -0.0332639725731312 0.0674657766749649
0.0788860393394853 0.0820735070838023 -0.0577714690438431 0.0884599375181296
0.0178194654192371 0.137150902008729 -0.103333924087828 0.0665288175454142
-0.0795389900003191 0.120283081424061 -0.144733490106872 0.0609962352594681
-0.15533641499545 0.0819133580726124 -0.146257027273737 0.0590044608820287
-0.192935743417545 0.0561040226594639 -0.0443523698053735 -0.0208865977508609
-0.140991144572988 0.110269060535135 0.0832220788376506 0.022572045557152
-0.0441129623655733 0.180170788462652 0.135492980926463 -0.109491047266049
0.0615874226875943 0.147335833169819 0.0308724728242716 -0.176995128388268
0.127050868329938 0.0515482758978232 -0.096592984284907 -0.141277664401473
0.109376196182764 -0.0195068417428974 -0.122721565515935 -0.040792950939274
0.0938789371513337 -0.0620138700239213 -0.0915310576873179 0.0198384839974041
0.0814377963679005 -0.0849179702432792 -0.0511030471516818 0.0411290543536232
0.0865468519042865 -0.0866509922301427 -0.0241509013593155 0.037637733721105
0.095660885107738 -0.0424583084715694 -0.000449867992595605 0.0370055797231378
0.120578412692593 0.00481858562939246 0.00252690594460136 0.0617720316890233
0.107674310716544 0.101201729144496 -0.0210862649875972 0.0953620424379643
0.0275075231449386 0.171812982019372 -0.0744297280799854 0.0807304135682085
-0.0980330179661498 0.146296382211754 -0.116887184539095 0.0633612016736269
-0.1928487868777 0.0870669627694394 -0.0925826317263119 0.0499067473973501
-0.220512160811922 0.0356571347676849 0.0298047874338966 -0.0270073185092773
-0.190435072463609 0.1046237929881 0.130554952652679 0.0251936289294234
-0.0897151442916271 0.209843810383513 0.175053577752537 -0.0902971050775079
0.0493909397965775 0.192087508741551 0.0795990744504711 -0.165795459329439
0.146022312328508 0.0826404222367095 -0.0474195508642795 -0.146549767083925
0.132206339533998 -0.0114992130580464 -0.076176175516504 -0.0576749039959012
0.112070778276741 -0.063328639849999 -0.0510822186795344 -0.00863744569113961
0.0957475372111047 -0.0930691806418753 -0.0176791877242296 0.00704419445269835
0.0981843065248724 -0.098252768688653 0.00996259925389228 0.00768719751555897
0.105333149809111 -0.0532652418287084 0.0355454261185777 0.0146810644610004
0.13249544640515 -0.00347377087407792 0.0391840974323434 0.0498098357869498
0.119445254575153 0.103425770499516 0.0127437683801556 0.0932992235166993
0.0313334957096879 0.18116015305688 -0.0472413083055404 0.0850939859767419
-0.104315968135074 0.150519800200357 -0.0892884604163015 0.0511422157128613
-0.203537898036228 0.0779068571348994 -0.0327491151805362 0.0323011807005472
-0.20742665241707 0.0103577579408592 0.104876671046517 -0.027721450275683
-0.201171334493421 0.0744898704154905 0.171531277546865 0.0283004420679508
-0.119083806617222 0.191721622729989 0.196351187814185 -0.0594182705589246
0.0222271094437151 0.196238557320867 0.116507475261367 -0.133054926529045
0.135149150876967 0.0967779259628078 0.00360181800596327 -0.132104638154789
0.130867952311723 -0.0020165445539818 -0.0239339118837271 -0.0645477638409551
0.11175148777465 -0.0553099303897707 -0.00594581253768536 -0.0344749904016712
0.0955384472841954 -0.0875053916764185 0.0170644748711562 -0.0269797559537657
0.0959019756494476 -0.0956570228080646 0.043900772501304 -0.0243394972270019
0.102800213981807 -0.053225247114541 0.0698387560193009 -0.00898252494151305
0.127947834410708 -0.00628443527003957 0.0711793243021365 0.0373974795772219
0.110542958529722 0.0982233384773538 0.0390962912916343 0.0861979995971968
0.0216812008034858 0.170738359631627 -0.0274979806083938 0.0834781861380904
-0.106707212947857 0.131396343185357 -0.0654168745731497 0.0327377646628377
-0.18968988676133 0.0533188892201055 0.0239830542083908 0.013714055291368
-0.155282499788276 -0.0118972768111071 0.165129472620926 -0.0261472157236501
-0.166049309409328 0.0347916035643748 0.197528581908001 0.0250518124555355
-0.115372368571831 0.138087504628444 0.194360901649182 -0.030640922866782
-0.00269539973348069 0.158146168130551 0.132643420537057 -0.0942718507515114
0.100953682962764 0.0871031642574072 0.0452138757800515 -0.106148649212307
0.105792564363911 0.00389182690744213 0.0228959549664982 -0.0645430500354566
0.0919767427282929 -0.0408799097964518 0.0355236184108328 -0.0541498697339693
0.0803616448016399 -0.0691156489176288 0.0484226049072583 -0.0561509463484244
0.0817464567865901 -0.0775545571396529 0.0747603869484974 -0.0527835249581982
0.0891966628795572 -0.0437127913990313 0.0999302889273359 -0.0269433906385328
0.107982212922018 -0.00271595784455988 0.0985562635123698 0.0327989039128397
0.0863092250987312 0.0868842526024374 0.0567622421652434 0.0837070973304614
0.00340731405954337 0.143701485683267 -0.0149718589822264 0.0812988007798804
-0.102691896117191 0.0948167734842654 -0.0449394374534374 0.0155151972505968
-0.154894578807935 0.0181470153610491 0.0752330621130353 -0.00054070909703813
-0.0756639928465205 -0.029056723955188 0.198550248338949 -0.027994350657148
-0.098372715525633 -0.0032091738066393 0.205312236317389 0.0122735193229799
-0.0806691478862701 0.0687715386231006 0.176713327776755 -0.0166032152463111
-0.0153044165985629 0.0928338037403974 0.129114873584484 -0.0659139433612976
0.0544721380548713 0.0583998198160638 0.0684417440378026 -0.0812040039421734
0.0655400788602327 0.00666080229777462 0.0542932994694233 -0.0624111806598989
0.0578043093143533 -0.0223915474564699 0.0642918930273657 -0.0671572155332873
0.0531414146858548 -0.0413258782979832 0.0706071080943854 -0.0768388703888505
0.0561640657390358 -0.0483453914620896 0.100186954773928 -0.0729690585290752
0.0648133178930893 -0.0266699259645547 0.124182904586979 -0.0354283527749326
0.0764399386786329 0.00370911947811537 0.119156036259624 0.0358648146416739
0.0521849639178507 0.0682424867381463 0.0651268393556633 0.0876931398267652
-0.0148461670629642 0.101609280611609 -0.0106251560241083 0.0829457429454447
-0.0880946615388347 0.0485094236254898 -0.0282879107969451 0.00458537653997414
-0.10059586050821 -0.0205775083316858 0.115303554762719 -0.00339402463139699
0.024113780085022 0.0337579351571121 -0.143757318174362 0.0198446564329359
0.0467801119495682 -0.00984985629379598 0.000107998513070636 0.0186171242534826
0.0285557079243707 -0.0372499347543822 0.0214309919265675 -0.0898824044358315
-0.0127990485797405 -0.0339585027689067 -0.0645129419996953 -0.109607660950369
-0.0291863141246839 -0.00674035076424595 -0.135332476697075 -0.0575681846360165
-0.0154689805264207 0.00463160192438145 -0.152957093724239 0.0206548860403529
-0.0162454063405456 0.00217226911951412 -0.12096384744505 0.0806149263788173
-0.0175555517275335 0.00129244109380067 -0.0829986590118867 0.0959091329475524
-0.0141725919086622 -0.0024649715200677 -0.0706705236517343 0.0784827467506203
-0.00777691178740257 -0.0089813977017952 -0.0699464236941827 0.0684735424463405
0.0039603152312376 -0.0187224824447373 -0.0753305761319122 0.0708150757501173
0.0272080693540761 -0.018945752570669 -0.104378474464966 0.0617042697734591
0.0443735364299401 0.0122146039904749 -0.141195080421828 0.0289639877902591
0.0243190446849961 0.0444488052260815 -0.175158261249106 0.0280340631099686
-0.00643785261576419 0.056899545628348 -0.194418480246496 0.0573851637095515
-0.0525212117255331 0.0587393285207393 -0.133937314189074 0.00895832245474293
-0.00199680134012459 0.043463351968749 0.0134960001861992 0.0195363075119861
0.0239509089975777 0.0348728894381407 0.0473580891267679 -0.103849975504884
0.0237624500829354 0.0153128708343537 -0.0492728512673331 -0.136307173290605
0.0247737718223463 -0.00112405638282474 -0.141566056168391 -0.0818179333479509
0.0254363973450436 -0.0130702170000393 -0.160197961110459 0.00734878377404318
0.0209172549945603 -0.0281755029658995 -0.12572787531232 0.0720631309433018
0.0176183036605066 -0.0344933168373677 -0.0826775691033921 0.0910789101944692
0.026028105716499 -0.0342331788237911 -0.0664861333799247 0.0759002582944716
0.0354474578413118 -0.0164466425958587 -0.0579012196075962 0.0649693857601318
0.0501511101642773 0.00136245700965937 -0.0590806724752199 0.0703090759894723
0.0498518445883927 0.0390805407160028 -0.0834283074253898 0.0747371365204672
0.024077277643949 0.0794140832424257 -0.124026362991103 0.047702819410911
-0.0362234462845604 0.0824058212456993 -0.162078790053235 0.0488784383343223
-0.0876759888750136 0.0721277842628882 -0.179483616731959 0.0632570765068183
-0.127953922462661 0.0696087801232284 -0.099741869756337 -0.00497077861593982
-0.0667086550800742 0.0884605800530122 0.0422085983812094 0.018960902360023
0.00284703405153503 0.112530093453108 0.084946113477242 -0.113923508780009
0.0541821511277467 0.0777673465597806 -0.0195232415173742 -0.161955163902199
0.0809528102280463 0.0166249870380154 -0.131285975843037 -0.111098542841865
0.0688988463148216 -0.0229566013387125 -0.150393661714888 -0.0125873128659122
0.0583060402870028 -0.0520750993554314 -0.114535866804167 0.0512573225831328
0.050216759240806 -0.0665365195316227 -0.0705137672725113 0.072370506402286
0.0582876177708946 -0.0649410595892012 -0.0480333383362088 0.0628025210280467
0.0699474076237084 -0.029687548639756 -0.0318698856954053 0.0552159622314861
0.090751841740757 0.00573115648005887 -0.0298135925321239 0.0693744582006247
0.0819143874078364 0.0779322845648193 -0.0520898095684134 0.0890642532057713
0.0238451963280832 0.134224756028736 -0.0995944503635224 0.0696915731148446
-0.0738860201746967 0.120924738550612 -0.139255157394265 0.0650484619458526
-0.149489517713656 0.0873168068620199 -0.141605933470018 0.0633362474833347
-0.18711021299432 0.0638625744192074 -0.04349843678602 -0.0178086890806824
-0.134110643289385 0.113424930565799 0.083471243540739 0.0186747295082701
-0.0344648220034263 0.179127856985408 0.129646562070179 -0.112657467341567
0.0669611238527421 0.143291672504427 0.0246857950290584 -0.175809005828495
0.127111086468398 0.0452234784924467 -0.101356559147726 -0.134467902057659
0.107592663237051 -0.0234911691204647 -0.122376479681133 -0.035437551515148
0.0892478281915111 -0.0652535870443551 -0.0884825578750638 0.0233513217862664
0.0753797553672721 -0.0881208769007452 -0.0464738164159334 0.0425316666936803
0.0804316645393127 -0.0899198023087313 -0.0209911179510075 0.0383510555566572
0.0922208932499733 -0.0455100007543731 0.00141289696881639 0.0368735807602871
0.11916370854455 -0.00161020975482853 0.00592056057561742 0.0615420087982441
0.110596505292914 0.0947572887946073 -0.0160932771312018 0.0946894777097908
0.0346486033919133 0.167799023561528 -0.0711325108618297 0.0834658144492715
-0.090401821004748 0.148268620165905 -0.111911585298101 0.066221255507045
-0.186108628605286 0.0941430840566106 -0.0890424921330777 0.0523798580314632
-0.215382928870657 0.0448999374509561 0.029207944832918 -0.026919225789997
-0.182597646557813 0.110119202265758 0.12941470762654 0.0196700845574194
-0.0776929620404296 0.209529411228715 0.169427206551288 -0.0951995616563103
0.0562402559329631 0.187891619671961 0.0727504868934089 -0.165278045242388
0.147696082603478 0.0740370465434685 -0.0543333720912291 -0.141901342394635
0.129915762074898 -0.0166896139359451 -0.0779027116693363 -0.0543124179382113
0.107314131469956 -0.0677724595088259 -0.0501308412119754 -0.00615253010349969
0.0885301602468995 -0.0973561214056145 -0.0164865013079697 0.00774460445342455
0.0905989365081206 -0.10183672215835 0.0102902817662637 0.0071470706333927
0.101106365860802 -0.0561046498362935 0.0355272816789144 0.0132861386748426
0.129914239138025 -0.0095892069331793 0.041186404335198 0.0485082500415474
0.122489149523622 0.0970960791065035 0.0177776744225095 0.0906156378830699
0.0394893981887675 0.176374239113569 -0.0444792454449 0.0860092464403039
-0.0959024801535271 0.152872114683274 -0.0859799460939681 0.0552449092315386
-0.19718395274298 0.0857214410299789 -0.0309595362061445 0.0331498492662228
-0.203507886125487 0.0201149723914809 0.102929007038602 -0.0301149708507828
-0.1939699524063 0.0808171604230311 0.169882255692371 0.0209457300405964
-0.108173368720336 0.192922678339895 0.191206380277444 -0.0649757675620042
0.0299460965289244 0.19236264359415 0.110053345099781 -0.134758465143016
0.137168048661011 0.0883733003844439 -0.00284839385028293 -0.129922862746225
0.128053805856024 -0.00776693307364862 -0.0260662593703234 -0.0629010910934606
0.107448048251369 -0.0595215755433269 -0.00741040117790466 -0.0339904864760063
0.0890347477270702 -0.0910244549682276 0.015999681640467 -0.0270875193436163
0.088062219290204 -0.0988148427450901 0.0420090203259945 -0.0259167348607686
0.0985226796818423 -0.0564150806900342 0.068278439296165 -0.0118676638012423
0.124333871982738 -0.0119922038830336 0.0725396608161638 0.0358473639709128
0.114063549374007 0.091772402655243 0.0427317794460859 0.0838382796636652
0.0291476597609308 0.166929376615367 -0.0247469992875416 0.0836677275677465
-0.0988731030757912 0.133349136684176 -0.0631477061286255 0.0357207813037986
-0.184140458105127 0.0617156618188534 0.0246682057448613 0.0114918925203167
-0.152927908394797 -0.00386219465858532 0.162082849554622 -0.0315128268797205
-0.1613775037209 0.0408196933482011 0.195344979312534 0.0178257003751424
-0.106115966145433 0.139829027422976 0.189882368693585 -0.0364756842923626
0.00445928593203821 0.155908814905398 0.128083241737834 -0.097373228900407
0.102781391456615 0.0804162724117187 0.0399046720295708 -0.105826563463508
0.104173421345098 -0.00118184785044494 0.0199894121120689 -0.0656470926553965
0.0883774986744614 -0.0445172392491496 0.0314387100061146 -0.0560881864363322
0.0751523068945823 -0.072058800592376 0.0441669150008295 -0.0581738606000188
0.0753111002650585 -0.0804577207335003 0.0701919917718024 -0.0557912224768182
0.0854093006220723 -0.0467462402851285 0.0965131190159854 -0.0311424227933173
0.105168881698435 -0.00747118252555728 0.0989225952204132 0.0275367709204275
0.0887264808353656 0.082791419551385 0.0596910722799065 0.0802636912614216
0.0104665285834168 0.140803063147873 -0.0126725943796397 0.0810138698100999
-0.0965163402056827 0.0976211028239725 -0.044010699504812 0.0185140547784121
-0.15137866783938 0.0245339038478396 0.0740217992535075 -0.00349429459693222
-0.0755265400881628 -0.0245680980429696 0.194782775034981 -0.0337321319946882
-0.0961375723908487 0.000662562483897965 0.201436960241588 0.00456169123738622
-0.0748492686441989 0.0699815993619286 0.172353920039375 -0.0225188113510363
-0.0108764762253619 0.091912205916934 0.125865695743909 -0.0698752032024303
0.0559455916789171 0.0540202229576273 0.0638165052640212 -0.0829912251957282
0.0639574133532748 0.00252758817196026 0.050759425680971 -0.0647139655791308
0.0557179259165485 -0.0243342258887883 0.0588616357823289 -0.0703964512984325
0.0496093526409757 -0.0426384739413501 0.0653806064013132 -0.0791058752476019
0.0521391346735909 -0.0499743001670191 0.0933289134151199 -0.0760811351872785
0.0624351945008677 -0.0288493205512705 0.119632376737405 -0.0412731670938314
0.0744140221118034 0.000281945073664213 0.119531321983485 0.0303343511285377
0.0541139303321954 0.0654300407578187 0.0677092590783849 0.0838491648291253
-0.00969037672183828 0.0996514043217321 -0.0086241650508438 0.0824467372160489
-0.0834251764877431 0.0506183265012149 -0.0279673721649984 0.00717108570346023
-0.0998298083651334 -0.0153051449947877 0.113438132285409 -0.00809990061297472
0.0329949660421039 0.0248793039707477 -0.127680118775421 0.0639298301519177
0.0401109931702242 -0.0251202834332188 0.00600124137941164 0.0188820087026035
0.0126815399242463 -0.0439926610219165 -0.00550535480166101 -0.0884869983367869
-0.0240259576788216 -0.0264197340762112 -0.0924235125192717 -0.0825990956030251
-0.0288353264179948 0.00341390184229288 -0.143628650564479 -0.0114935808416752
-0.0137549552588228 0.00860464865760862 -0.134224205722119 0.0699623830143357
-0.0149775537727153 0.00770395214386926 -0.0818954439001127 0.11501002394726
-0.0158462741219257 0.00746364649059526 -0.0418584178578069 0.114583853046321
-0.0138648774172381 0.00146367093978813 -0.0385323761219746 0.0954864585196239
-0.00958189081592913 -0.006342013115691 -0.0419066418117874 0.0864509476448274
-0.00215349532999904 -0.0185240827273025 -0.0455322145924994 0.089178261126272
0.0197030568342876 -0.0259628770720092 -0.0771736716281757 0.0892089123502084
0.044878813381675 -0.00224471100498702 -0.122658724005939 0.0688478876036611
0.0374104908682498 0.0328063750429407 -0.153133612297977 0.0763203982416713
0.0124030398506736 0.054044261719175 -0.160280951136708 0.10829222319772
-0.030356267693466 0.0750921820513141 -0.120946903260319 0.0473194600732246
0.0128967741162907 0.041400926273068 0.0183974205664272 0.0116238122450111
0.0336703641367576 0.0238856138499645 0.00893769585226741 -0.11111160498561
0.0270877282168953 0.0055529223215254 -0.0901765944392521 -0.111006057861607
0.0218465356628405 -0.00948795972771597 -0.157753324029758 -0.0300822916825491
0.0172469986366611 -0.0203680099676925 -0.144808371416491 0.0612398806654635
0.00938191483613016 -0.0332377326049905 -0.090343394983108 0.109660751162682
0.00441659027559225 -0.0369134810337167 -0.0424486317542154 0.110825823791114
0.011724611685308 -0.0400265295123084 -0.0351066086007791 0.0924674036983514
0.0282785370627049 -0.0264564375349521 -0.0323924277246669 0.0801781801791274
0.0464083797808073 -0.015582331348002 -0.0311186949467799 0.0845091696084811
0.0591746016006513 0.020871460556276 -0.0545487106821811 0.0933002261448916
0.0477666154549233 0.0656528020796553 -0.100111611241814 0.0801560689181833
-0.00638644907502178 0.0878917725417933 -0.132549133470433 0.0931784789152434
-0.0590990729161232 0.0929592724213169 -0.1431479584436 0.111783281986318
-0.0973106783829437 0.110978808336336 -0.0921354876399785 0.0213540321296362
-0.0314887810938559 0.106011192346234 0.0446385512686147 -0.0019756569386339
0.0413013849506173 0.102151126196744 0.0369131630647662 -0.135675739077065
0.0776053179775082 0.0516232832183075 -0.0744652769749562 -0.143432836366515
0.0789083477605482 -0.0121872823839524 -0.159128342348613 -0.0570379090166843
0.0540009980197459 -0.0437727852815392 -0.142803343336234 0.0408519652519492
0.0361198152610912 -0.0674468770445738 -0.0883147401910758 0.0882580094197662
0.0236390229486245 -0.0764368855923408 -0.0374288939756421 0.0903541933243153
0.0312780400938582 -0.0788406689805422 -0.0228779532672861 0.0743677348801498
0.0554813709040761 -0.0502457327147287 -0.0121824570077591 0.0634713218369106
0.084701572371769 -0.0247016202811882 -0.00579987828417895 0.0749228395055361
0.10120535087856 0.0461351288951469 -0.0216573122783338 0.0963989107285532
0.0655378891255708 0.116223650357312 -0.0703503780032337 0.0920793128083267
-0.0283204186980444 0.135452654250917 -0.106114797442186 0.102100297002025
-0.112305302937148 0.126868090564902 -0.106670593735538 0.102100741213766
-0.154654589976505 0.125436233113978 -0.0419012435327871 -0.0103499727044152
-0.0850316394993519 0.15183129857051 0.0831748960885054 -0.0183586286237072
0.0300906779405265 0.175110886393698 0.0757235748547496 -0.151390507041277
0.11292815785053 0.107388210304762 -0.0410284833078055 -0.170471951547762
0.130486462373738 -0.00207315126012521 -0.140447520629645 -0.0863792879625024
0.0892609768028214 -0.0571427909520031 -0.124989693934533 0.0116689127949777
0.0610488195752309 -0.0906920895084161 -0.074844979249333 0.0546377716189502
0.0389078281469141 -0.104552443855486 -0.0259778818584556 0.0569518020521679
0.0430947066051215 -0.108568549315348 -0.00554778316808969 0.0434658925093805
0.0705274341311596 -0.0715387343894321 0.012128067840966 0.0362472907605066
0.108228057063914 -0.0404840796963899 0.0238538963896656 0.0575648877718529
0.133011672351612 0.0524527215554137 0.0128583442102213 0.0901407214141453
0.0861420888920027 0.143013805041981 -0.0396385326309312 0.0961267734077109
-0.0349201373150767 0.165466074914976 -0.0792629245587978 0.095697444448393
-0.144928644920347 0.145515476079071 -0.0604611956726746 0.0776053701918242
-0.187342024697221 0.116969102896985 0.0231008901090348 -0.0417814814696941
-0.131218511258412 0.16550994508532 0.127563742601502 -0.0337962931053899
0.00061744093561196 0.217618709539964 0.1173308878635 -0.15005552086129
0.118837495861585 0.151530247609032 0.00494172505011443 -0.177347725215178
0.159280988899007 0.0171118270279333 -0.100917427155588 -0.108145771049981
0.112128432897657 -0.0584355527686762 -0.0905776478166079 -0.0197666886278102
0.0777699223127392 -0.0985158068374324 -0.0510681591613581 0.013872264050801
0.0489269493514988 -0.117075096435941 -0.0107962902103116 0.0150515302885612
0.047782839732999 -0.122836085383035 0.013357903469721 0.00477548489822164
0.0749091527519422 -0.0838577122059835 0.0362689030157842 0.00341816543689021
0.114898888611169 -0.0513037983922151 0.0516648243923335 0.0342896099673324
0.143401180335625 0.0498695432463385 0.0419599785856669 0.0768475685275657
0.0932212204645342 0.1501717820014 -0.0136752990489024 0.0905616723417164
-0.0380674763525134 0.171958696624034 -0.0591104163491634 0.077291385301132
-0.157826674542002 0.141910748534686 -0.0127880538961323 0.0427583827204171
-0.184308536781583 0.0891088086852146 0.0915061049655124 -0.0670064083513404
-0.151854675767219 0.141345264488239 0.167113480356595 -0.0441621835407515
-0.0323727250848232 0.212774544682743 0.148529852480446 -0.130094591278311
0.0958555969212244 0.165344015188182 0.0506730240446141 -0.162578214527597
0.154749018717958 0.0335028899849823 -0.0498401352903467 -0.114703023497179
0.114390950719072 -0.0495339188969283 -0.0461796513807876 -0.0458412875122257
0.0805209681957678 -0.0912361451588173 -0.0217879893945084 -0.0263797355928025
0.0508019381705211 -0.111242541633632 0.00545377919633595 -0.0275248550899323
0.0476711759032527 -0.118658695345186 0.0305361271393806 -0.0357628538424016
0.0723812069025502 -0.0837290850422474 0.0581027126640146 -0.0300644031009569
0.109364212626594 -0.0514114264045029 0.0760603061369953 0.0114322474995197
0.134195190097066 0.0482859656205464 0.0630820076191237 0.0627726721367058
0.0808352900815014 0.142672518354708 0.00357353496178212 0.0825249484318554
-0.0468221392377892 0.154278259686337 -0.0445457986051116 0.0537873947594852
-0.153121239042202 0.114837308354536 0.0308561390861615 0.00686232867464912
-0.144681473590413 0.0483974278551018 0.14506364000047 -0.084155800285671
-0.134750905536794 0.0917371123030944 0.189894241913856 -0.052663061565957
-0.0491351738267965 0.163281512757803 0.15978296718674 -0.10230650041025
0.059683712200324 0.140440885833134 0.0810180540006544 -0.134276779808504
0.12047119168161 0.0378588121549565 -0.00165070951189393 -0.107562029278604
0.0945817739624393 -0.0360563110693756 -0.00451188831357139 -0.0643901883364314
0.0683536542653679 -0.0715480256738688 0.00643984939320695 -0.0602162704522736
0.045115894000678 -0.0901969539718616 0.0209085093928649 -0.0652544625034134
0.0420840387085895 -0.0975552516941563 0.0465451634562658 -0.0727207856685855
0.0632577637819418 -0.0702355183759647 0.0776201481905335 -0.0574239195132585
0.0932194726242595 -0.040413451550303 0.0980982487414772 -0.00428119221716679
0.107793114008415 0.0476066330256594 0.0779017492511233 0.0547478076078879
0.0546714695671482 0.124807626189632 0.0132722362545957 0.0769559227455656
-0.0559680960226838 0.12060663348 -0.0330188732877006 0.0323132238636221
-0.134196488119819 0.0707897936898114 0.0697745475722602 -0.0220340041547614
-0.0779679673315378 0.00214849125659577 0.173545069073273 -0.0946250376497954
-0.088348612778988 0.0325384046654476 0.191596684072146 -0.062224254758305
-0.0440734882653046 0.088309986154086 0.150756843760935 -0.0804233626650117
0.0225458494834904 0.0874116388518626 0.0911884085008921 -0.10755520460313
0.0688536469825571 0.0295018383162326 0.0302746634030095 -0.0959042564420576
0.0590137221088202 -0.019990170083249 0.0244905709413066 -0.0745459668702435
0.0442054288379557 -0.0410885515209432 0.0277202983309109 -0.0836221842716882
0.0314341447853391 -0.0547826563569922 0.0317683161893596 -0.0921511468732557
0.0307022560105126 -0.062453226560112 0.0603302765708496 -0.0990368672705761
0.0476774564562095 -0.0468473736748521 0.0956267098320461 -0.0745091972144182
0.0679152798828689 -0.0232291748538066 0.117399929526839 -0.0101070535636741
0.070212396910553 0.0428759208151619 0.0867608869197253 0.0551738974711731
0.0234687186330977 0.0933224314548692 0.0185270454396161 0.0779156330527625
-0.0595297954889378 0.0733381524794492 -0.0220099299936345 0.0172813220475243
-0.0980062987725777 0.0172490214959252 0.102167312660158 -0.0390366503627139
0.0329056562038415 0.0236971286015559 -0.124086299177477 0.0639076460235403
0.0383395190456758 -0.0241786182925839 0.00830206353216952 0.0185996535942801
0.0110037863790794 -0.0427400572790348 -0.00577147714462394 -0.088171829444525
-0.0236739535873351 -0.0252841333721536 -0.0920014148981891 -0.0805510848729292
-0.0267765384082889 0.00427161656281603 -0.142164833644636 -0.00848989560357348
-0.0135834657358886 0.00809347531192254 -0.130735236403192 0.071773553371923
-0.0150924478606066 0.00761601077845667 -0.0773624918585888 0.113443955942041
-0.0156017276987054 0.00739620485068409 -0.0378870946846424 0.11193651660958
-0.0136866820312155 0.00156673617445285 -0.0353102455720144 0.0952622689592605
-0.00902957912692913 -0.00661461445760965 -0.0392603055171829 0.0871407747561498
-0.00196388446079043 -0.0183890449971296 -0.0432981044763766 0.0886912745768001
0.0185643372700398 -0.0249465084985467 -0.0747574035778212 0.0885568134890703
0.0436142086124056 -0.00282024817553128 -0.120551767886642 0.0686224167757546
0.0365200998520538 0.0321361187915549 -0.149429110441351 0.0753829650606629
0.0128917519952751 0.0523147394438815 -0.158221969301879 0.107913466165422
-0.0292892015502545 0.0743228047769381 -0.116878031202187 0.0479836837146665
0.0126617516549024 0.041723592182968 0.0191440111443873 0.0111514341306987
0.0329400856738514 0.0228894951190137 0.00843105781505602 -0.110120506414673
0.0277211798477445 0.00537805603887757 -0.0897821686922442 -0.108709093722697
0.0221026948398823 -0.00930318550872154 -0.156290271845297 -0.0268326602132273
0.0172151158860068 -0.0209901424379356 -0.141463373745312 0.0631619574844057
0.00858970061277076 -0.0327980011812236 -0.0854589481325132 0.108688362551374
0.00305346661594408 -0.0369502373256693 -0.0385138592623323 0.108814960237289
0.0103618322794851 -0.0404159075613564 -0.0314320701181962 0.0921313687396374
0.0275060516184618 -0.0271231727424415 -0.0291457559911327 0.0805127174111702
0.0461209922236775 -0.0165790679870115 -0.0290738544411536 0.0841717194997171
0.0586654255968332 0.0199132540782182 -0.0519701508186322 0.0925048498226395
0.0478635636276902 0.0647011745044463 -0.0979709080682174 0.0800757034485819
-0.00574093747654257 0.0865242438965494 -0.129631732875981 0.0920337767846612
-0.05698792446929 0.0928567916966525 -0.140514455112733 0.111294368896524
-0.0938916700214962 0.110882422427232 -0.088812408502363 0.021824046753876
-0.0296511811082823 0.104857530051572 0.0445968119954089 -0.0026666865275633
0.0425737983218553 0.0995054005715749 0.0356816126724793 -0.134159886259838
0.0779288192821763 0.0507672952484286 -0.0743200485158318 -0.141090546738133
0.0781102981693874 -0.0130617444687099 -0.158259737774962 -0.0534111650155419
0.0525911629751438 -0.0442542579668306 -0.139992879741623 0.0423901201195221
0.0344461714845964 -0.0670417537303654 -0.0841127623936719 0.088266712070001
0.0203345326588723 -0.0759747186895244 -0.0335273736849309 0.0892672833121977
0.0283676107874001 -0.0787425912991142 -0.0198516722186549 0.0740499024688584
0.054010986671495 -0.0502066279558438 -0.0097241017269666 0.0634355108557164
0.0829963742461525 -0.0266147977494568 -0.00378934935339335 0.074884245063572
0.101017872203412 0.0436605565446516 -0.0194098942778461 0.0950213147943297
0.0669421896683155 0.113201283050562 -0.0689282261584639 0.0921274453090633
-0.026723889183231 0.134163082050834 -0.102544085162453 0.100885767864131
-0.109199626837654 0.127034106385799 -0.104182194822664 0.101796678102396
-0.150176489648562 0.126287626561723 -0.0397519837263382 -0.00954231106925057
-0.0821772229820551 0.15075225546893 0.0825437979531103 -0.0193147079184667
0.0324345335030182 0.171075964209797 0.0734354795810273 -0.149799394755537
0.113121342902476 0.104303875802554 -0.0417011595096014 -0.167478915870939
0.128494817978745 -0.0044675961413331 -0.140294177986039 -0.0826569702883477
0.0873231239921679 -0.0580701861900879 -0.122494622571507 0.0135369705912649
0.0586372988857252 -0.090433074324058 -0.0715682533645698 0.0540257580253943
0.0348731769052318 -0.104478621519574 -0.0234673529643846 0.0557294575019788
0.038340240666946 -0.108005582740966 -0.00377487399540758 0.0435023885177874
0.0682028905221288 -0.0717482764886835 0.0134930333364763 0.0364454312741474
0.105426956123111 -0.0418347658736393 0.0256594448972191 0.0568513280790318
0.131954785436076 0.0487735284138863 0.0144791568790264 0.0889588449150371
0.0874661776619804 0.138726839972279 -0.0383136857639975 0.0959394924059606
-0.031810113126384 0.16373917724748 -0.0766840650976403 0.0950491093936288
-0.140946263527128 0.146285415423243 -0.0586557847611957 0.0771039558981552
-0.182055335402004 0.118785380315488 0.024472697577246 -0.0409151535823088
-0.127472586057065 0.163883788897723 0.125693297240973 -0.0348554114280066
0.00408275169375071 0.213646613173401 0.11394094524417 -0.148854192610052
0.119818405974987 0.148468378926763 0.00435716534973395 -0.175301294146422
0.156298177281625 0.0136700710422691 -0.10086712726571 -0.104235424695212
0.109861993020387 -0.0596371728721697 -0.0890108419165733 -0.0181957831556983
0.0745927407702806 -0.0987986479662925 -0.0494520817182368 0.0141738567289341
0.0443660985426691 -0.116374048727976 -0.010041047476384 0.0148383069675417
0.0432041810339367 -0.121865354992161 0.0132430493000187 0.00416870511237918
0.0725075638822478 -0.084168020477564 0.0357812403829539 0.00278357928178523
0.11160504252273 -0.0523192956917862 0.0528578477416024 0.0337106667296368
0.143140538730153 0.0462201667172844 0.0425072183439465 0.0747864508388316
0.0946750460682135 0.144893780074861 -0.013266374613314 0.0906209107720368
-0.035201306505103 0.169464474287563 -0.0566116607949448 0.0769489764142258
-0.153267652666867 0.143298202191576 -0.0121067168637589 0.0423305990609844
-0.179311250258776 0.0911698016739202 0.0901287129672522 -0.0664774529779985
-0.147911820680588 0.140610621921296 0.164093456631181 -0.0448403328365795
-0.0277528355947684 0.208545975566026 0.144983775507272 -0.129489875951737
0.0980200513156284 0.162160925115374 0.0492049682427492 -0.161431846089156
0.152441455246098 0.0302267191103718 -0.0506386533890829 -0.112075661619034
0.111418382367791 -0.0518034736385201 -0.0464005479919487 -0.0446093303766044
0.0775810769237909 -0.091249728108357 -0.0219652074865144 -0.0261385394316234
0.0463345577391751 -0.110935804869664 0.00491229863145553 -0.0268608489275828
0.043299248275168 -0.118278592903238 0.0293093688598466 -0.0358809339139833
0.069709080557601 -0.0841360763036096 0.0561462284011922 -0.0305761428469581
0.10615648968006 -0.0522649589945674 0.0762122524518993 0.0102558033437141
0.133287134226544 0.0449550081942483 0.0636355690811614 0.060690081328232
0.0826479600720158 0.139213123974378 0.00404658256442301 0.0825005351170824
-0.0433838675292575 0.152922243683474 -0.0427201519898993 0.05433249643396
-0.149135619080683 0.116626931807411 0.0309347765019715 0.00630155696830135
-0.140429685172935 0.050594618471087 0.143528167096566 -0.0843467059719427
-0.131468570236438 0.0923309825013337 0.186661253970905 -0.0528554093775548
-0.0455966448522113 0.160335366636314 0.156446352797502 -0.102518280424488
0.0616232565386538 0.137598681033066 0.0789512771163646 -0.133122689750921
0.119478768351299 0.0348957503354316 -0.0031807735037164 -0.106021390145254
0.091950113157018 -0.0370480531914259 -0.00543975887231042 -0.063971208020576
0.0658951165036341 -0.071477450332838 0.00487292916401945 -0.0598336637260316
0.0416697938920008 -0.0897364664972764 0.0186515064088639 -0.0638527285714254
0.0379633520397543 -0.0969610262260503 0.0432648451920689 -0.0722433537665237
0.0607321665589719 -0.0702076842953459 0.0748548092142351 -0.0580845562319381
0.0901907360297822 -0.0414506550767854 0.0975443728938765 -0.00549882130708131
0.106810018190276 0.0455729614490856 0.0774078648237745 0.0525785610289257
0.056370694084497 0.120842840853465 0.0142340148799401 0.0773787667072891
-0.0528583827832858 0.119196515665579 -0.0314896531514265 0.032839323724831
-0.130712302962926 0.0728244642275125 0.0685700937206182 -0.023123242138598
-0.0756707475883459 0.00325503999412479 0.170441055119755 -0.0944419688342223
-0.0862581163591194 0.0322208201005086 0.188116114640643 -0.0617786881206601
-0.0419848386497252 0.0867619983727263 0.148214506064692 -0.0799217750018303
0.0242918278862924 0.0852226847063565 0.0892318895753967 -0.106897371843048
0.0684338336424277 0.0270649854127733 0.0284613207876287 -0.0954518852939471
0.0568705569628639 -0.0203468061223402 0.0224000707809521 -0.0748197463067708
0.0420136842110577 -0.0416522462710069 0.024377601894054 -0.0827786814270511
0.0296131904519558 -0.055357206260981 0.0285063632994945 -0.0908739982018305
0.0284938035086799 -0.0616201880068495 0.0560513752833187 -0.0982143302769806
0.0458612657717001 -0.0470764125324253 0.0923713536916592 -0.0751152204592866
0.0657089659091687 -0.0241388606525302 0.116233362962227 -0.0117377953597418
0.070279535973716 0.0418930893201653 0.0865943812953869 0.0533816766152011
0.0241138061897522 0.0906523404954601 0.0186411513773041 0.0776316032145275
-0.0568442379569554 0.0723692070007416 -0.0215299019534613 0.0181773654034161
-0.0963371538559547 0.0190279571696542 0.100092880426169 -0.0396729856815179
0.0324882728476684 0.0232967417408368 -0.122013035317672 0.0656688711502427
0.0376501038337003 -0.0244613122080602 0.00968473584054596 0.0179350108942418
0.0099472687839348 -0.0419715205292638 -0.00606032801349498 -0.0889019786265871
-0.0237042408127481 -0.0245033483943693 -0.0930315743329301 -0.0794585371574034
-0.0256726851976825 0.00482874560985712 -0.143016964249669 -0.00591461183696617
-0.0132764898247915 0.00817330131373958 -0.129723319812386 0.0749996606297975
-0.0153247977593835 0.00747473604089214 -0.0740678866079576 0.114841737099191
-0.015545518878839 0.0078749056616854 -0.0339913986118952 0.111714539303578
-0.0135412228811907 0.00121555377168407 -0.0325969947352474 0.0973612985950432
-0.00900863968800253 -0.00688068858876484 -0.0366437522610336 0.0890347551638112
-0.00191243921569185 -0.0188707174625555 -0.0419580593164619 0.0900690618011409
0.0184747681068259 -0.0245437696045595 -0.0735159256829183 0.089432670211259
0.0434144213517645 -0.00340109407121479 -0.12094207318955 0.0697629261386062
0.0363554906545452 0.0321888079439896 -0.148348953120248 0.0753015443805596
0.0137043302213107 0.0518902011293756 -0.157689201746414 0.109847990941378
-0.0282997329654965 0.0750295935450184 -0.115605316703662 0.0489823769932338
0.0126518618128459 0.0420623442526735 0.020762148420691 0.0107075622858527
0.0331956582784622 0.0230768554730292 0.00769680396988668 -0.111054157096858
0.0281798285666549 0.00552916585197123 -0.0912379066996542 -0.107543206777792
0.0228112021637433 -0.00952020998702768 -0.157369475221179 -0.0233103566636934
0.0168106293251406 -0.0213873500563468 -0.140520594596184 0.0660255301150659
0.00728714255532924 -0.0330091205637197 -0.0822832038344573 0.110086847783675
0.00158310096252589 -0.0369476543498502 -0.034670300441489 0.10820028488084
0.00892585485753343 -0.0406641816938683 -0.028542457007131 0.0936388670063221
0.0275893268419585 -0.0284132942006688 -0.0272885356459734 0.0822187254670382
0.045713945708423 -0.017896371614006 -0.02695915357481 0.0857119173245061
0.0597974627165196 0.0197075221753965 -0.0503088117405959 0.0935124288703484
0.0488288300401614 0.0640828087581296 -0.0982273822269305 0.081154234515377
-0.0051974794256367 0.0871674578366068 -0.127836917887303 0.0926009858592867
-0.0557066690917653 0.0938508809566259 -0.139851104311954 0.11304429944407
-0.0924564150254678 0.112575066990074 -0.0872188104275853 0.0230081182593945
-0.0290212769556089 0.105352792503228 0.0455490963987628 -0.00310808459382986
0.0433850292396213 0.0986775406224476 0.0345322640768828 -0.134722762433085
0.0792803327199987 0.0500145282173782 -0.0750006058051992 -0.140727058543619
0.0782761885457044 -0.0145337105914401 -0.15928488736353 -0.0500609702694186
0.0520242457976894 -0.0455629963785961 -0.139527243001638 0.0456045856083626
0.0329290585929313 -0.0684662272368626 -0.0812693641035039 0.0886686884901775
0.0179258218863861 -0.0763890163166544 -0.0298774812077092 0.0889681825903726
0.0251412520566525 -0.0797512958332238 -0.016796350081284 0.0749095066317041
0.0533191243952207 -0.0519760246680655 -0.00782756375482512 0.0640701840213499
0.0829222186681092 -0.028487071835185 -0.00160877206372664 0.0756616296984356
0.102263987475751 0.0421965301038079 -0.0180865880681175 0.0955955205646223
0.0691767811165147 0.111876720837683 -0.0686043111890232 0.093527397414436
-0.0251715013991925 0.135333893103266 -0.100721713701268 0.101415969131413
-0.107567145636047 0.129678372748553 -0.103161934962955 0.103309791632214
-0.148385392000523 0.129480398096762 -0.037742555664045 -0.00884249615527742
-0.080257913770699 0.152121019439643 0.0827912432758156 -0.020721703159125
0.0354113266236446 0.170058733407414 0.0722356098092921 -0.150960634673982
0.115521008952052 0.103044626570799 -0.0428270840854881 -0.167395353299326
0.128599888143297 -0.00745050771634246 -0.141673416419504 -0.0790099428052319
0.0865011019178246 -0.0597904799165851 -0.122351601034645 0.015310772146516
0.0562492866663744 -0.0919902494326749 -0.0700714313226708 0.0558481699020591
0.0314275856875772 -0.105368168719348 -0.0208322824987589 0.055490651737608
0.0354085566652711 -0.108896777058186 -0.00188392292259673 0.0437936439946152
0.0675937399584814 -0.0737928486739856 0.0152025494451855 0.0359990270172581
0.10457733472473 -0.0444591900709119 0.0278402639295097 0.0570155740446987
0.133755947388592 0.0464402398160306 0.0158659882918523 0.088706258650155
0.0911354594755503 0.137257662706984 -0.0378790434542648 0.0971056434728614
-0.0299611371708477 0.165026884667044 -0.0744810670683956 0.0955221560101163
-0.137848781766885 0.149940656983636 -0.0577660091273913 0.0779123385446739
-0.179474983175768 0.122567657096501 0.0255153625386178 -0.0407028605493269
-0.125813250193694 0.166076069566646 0.126086581772927 -0.03554639241834
0.00873397453985943 0.212421393347981 0.11313067054495 -0.150393694107849
0.12283552553032 0.146821125285607 0.00335015230610356 -0.175985228022127
0.157136472922674 0.0103256384665385 -0.102896558532897 -0.102166048662132
0.108158006796781 -0.0620395083555804 -0.0892660571605639 -0.0170708788259433
0.0725195535366326 -0.100432474160425 -0.0485960456771382 0.0145274880830232
0.0405208561606363 -0.118102154095547 -0.00908925260440383 0.0148852486853158
0.0390560636251295 -0.122806285904953 0.0141512946306653 0.00461734063004879
0.0711075981589603 -0.0857370002839955 0.0362088183825365 0.00179346427893033
0.109691332714642 -0.0549931865523659 0.0548793007445033 0.0329599888830459
0.144498975938727 0.0434506739205155 0.0442644331684878 0.0749408353656844
0.0984603974432806 0.142689745840548 -0.0124319417899336 0.091873877164014
-0.0320086882151568 0.169867498786388 -0.0553261900005567 0.0783389048308022
-0.150813415712516 0.147168987069005 -0.0116182970904337 0.0424947405852478
-0.177259818214193 0.0948961798366696 0.0921104883359426 -0.0670002768409818
-0.146745532242407 0.142529575443176 0.16377781269741 -0.046135599500856
-0.0240813182545581 0.207900398525477 0.143605893287077 -0.130896683933907
0.100761938831412 0.161444936664232 0.0484503873433667 -0.162699901234874
0.152533050712433 0.0260499255765024 -0.0520165102802139 -0.110462674405079
0.109774333177622 -0.0539832935613628 -0.046419879239925 -0.0445818576587829
0.0756186892272191 -0.0935510014730459 -0.0225816401335305 -0.0259360599580364
0.0429688337197923 -0.112686770748396 0.00460513380030538 -0.0273768652266132
0.0389182436879996 -0.118453142473867 0.0281923780714096 -0.0363938333617805
0.067594661764923 -0.08537688928551 0.0554807075140401 -0.0317619817586168
0.104598745961297 -0.0541134106403419 0.0777657757443347 0.00879634330584456
0.134744456397148 0.0426546572662559 0.0646971117484587 0.0603203593223373
0.0857630538365465 0.136796257597658 0.00468543113512182 0.0837307351835005
-0.0405016542006686 0.154000018621882 -0.041304034789672 0.054928070982951
-0.147271001320317 0.12073904494097 0.0307137304179348 0.00574177787366283
-0.13874165730673 0.0534028443428277 0.144562599460306 -0.0852350508367967
-0.131739368838013 0.0936894083029208 0.186852467479861 -0.0540582311227073
-0.0422400595074706 0.159939132260603 0.155151711872106 -0.103483299462906
0.0640321706759162 0.136721264091138 0.0785330166146831 -0.135088063385459
0.119170190999388 0.0319087748985168 -0.00422811267687611 -0.105861753772757
0.0900750437565688 -0.0393753826749755 -0.00650806106859741 -0.0641037734597411
0.0644138146172908 -0.0729643084452552 0.0032224554721389 -0.060543199089871
0.0387104978729838 -0.0906639796100556 0.0171026087284437 -0.0639641012494262
0.034866367727308 -0.0971683963827469 0.0409776401150548 -0.0726497045210076
0.0592399761964242 -0.0715668498113112 0.0734834825206026 -0.0597390840557041
0.0891159758446073 -0.0425254023677394 0.0980325495105527 -0.0077684863817724
0.108418415056009 0.0439281294861028 0.0786892517795649 0.0515158413929889
0.0591301380358265 0.119306649100581 0.0151815536444556 0.0783325692015219
-0.0507587035979625 0.119713543128944 -0.030343947363152 0.0339002673414633
-0.129484647741442 0.0755943900034078 0.0678181279300108 -0.0240786889365745
-0.0751880979272385 0.00512653251876113 0.170874930751842 -0.0960399793608259
-0.0862955771290558 0.033613919144305 0.187694499577917 -0.0627854264516744
-0.0399273970012736 0.0864914632575766 0.147510696892858 -0.082007898929702
0.0252857774238231 0.0842238897407095 0.0888634831454207 -0.108835359081634
0.0680391611628488 0.0258008717447347 0.0271402239747211 -0.0962561892308991
0.0558277683949095 -0.0222414876806534 0.0216190992429292 -0.0761889611175021
0.0406181861189801 -0.0425311441875288 0.0225541202135446 -0.0835830976957344
0.0280738243700842 -0.0555905249128147 0.0259828576212498 -0.0909270400550084
0.0265001231509824 -0.0617321898451494 0.0528067678567932 -0.0986207342377829
0.044305142942084 -0.0477986906981743 0.0901028938499057 -0.0765286028096994
0.0645509332243476 -0.0251946062179279 0.116348620927199 -0.0138848158281461
0.0711285105588216 0.0405141818857892 0.0874883861141047 0.0528539306422698
0.0258912495745439 0.0895289973126166 0.0196232738699544 0.0788639143058908
-0.0551850610497479 0.0727656787922292 -0.0213804181027759 0.0191815996670127
-0.0954902970947024 0.0210671870194672 0.0996434492336622 -0.0422074594541774
0.0325517538365282 0.0217758527258867 -0.120823251447674 0.0701953129703681
0.0365062998259584 -0.0243993639813652 0.0116044626450629 0.0173956137598503
0.00876299259417237 -0.0414319587507201 -0.00798589461508351 -0.0907585416076551
-0.0239499061338804 -0.0232259111847491 -0.0962137085932133 -0.0780222403426551
-0.0249962739532427 0.00547989941575629 -0.144106768905037 -0.000614632512839161
-0.013608559978796 0.00868442245321321 -0.127736523585343 0.0812540528296083
-0.0152820689830932 0.00784037770686579 -0.0699861573897285 0.117671729838638
-0.0149991051332121 0.00866287924654468 -0.0292265982102198 0.11230551707717
-0.0146319309917847 0.00139410994672851 -0.0275626675377536 0.099448602899896
-0.00952655235904895 -0.00722877760822883 -0.0328415464053925 0.0922329848876546
-0.00250550708666067 -0.0189432766210294 -0.0381507068437652 0.092401409444757
0.0180351999011651 -0.0246844502145185 -0.0707257708306996 0.0923589531342231
0.0431099574198168 -0.00425893023964215 -0.120426727115435 0.0734683851974767
0.0369922878103965 0.0311620661545984 -0.147672469194733 0.0786377898086227
0.0150165370376178 0.0506161086914631 -0.156821553281228 0.115289185159931
-0.026401996463692 0.0761960942161348 -0.113760465783612 0.0525392081605783
0.0133455179543223 0.0424881705992817 0.0223379283493681 0.00950393444438265
0.0339810526358973 0.0226994844887331 0.00547648408403253 -0.112629811348933
0.0295557568758022 0.00524347908229982 -0.0948045403530272 -0.106180130906471
0.0232826321519272 -0.0109994340765014 -0.159186655425797 -0.0176699751221125
0.0163304133945182 -0.0220132419160888 -0.138600823944597 0.0723018564687139
0.00626391381264174 -0.0340439238818294 -0.0781148082622519 0.112971932629501
-0.000119387492387586 -0.0372768989888201 -0.0296867410914079 0.109118529877975
0.00622531479680743 -0.0413236226790008 -0.0231940972032302 0.0961709121996025
0.0268977730335916 -0.0298767114880144 -0.0233488921114645 0.0849367234894928
0.0458577148987836 -0.0197546327011003 -0.0237782930051636 0.0872256117614691
0.0614953654239662 0.0181557050015123 -0.0476176051347633 0.0954877499858369
0.0516821018166027 0.062611444039176 -0.097517389409643 0.0847870451780428
-0.00257691856220325 0.0882049566813072 -0.125927861629847 0.0954578732397758
-0.0530915424991339 0.0959377757582396 -0.137729186227141 0.118291511987256
-0.0894113887135454 0.116957108589741 -0.0855850708839561 0.0250774226117808
-0.0264526505392497 0.107881019144218 0.0471014746028517 -0.00507881282171392
0.0471860757923374 0.0978488518601361 0.0313602888207618 -0.137109436752149
0.0820463257590628 0.0483242363221222 -0.0794274400023845 -0.139781026184026
0.078412755204355 -0.0180162561661727 -0.161777433374607 -0.0439459099637806
0.0508094666689095 -0.0477599573999731 -0.138176921118072 0.051166050715535
0.0308306533902939 -0.070664763322493 -0.0778259646678083 0.0923344177794754
0.0137876850565618 -0.0779315805954773 -0.0252202594670348 0.0889691858668498
0.021022580754459 -0.0807033033692146 -0.012865188138476 0.0762683420985341
0.052518412147273 -0.0545178556423469 -0.00446482818669351 0.0656134658426405
0.0822382195995075 -0.0319518645706566 0.00182934322906901 0.0767224632266174
0.105032620080181 0.0389025525998006 -0.0146140965770428 0.0966617100285229
0.0745742066601126 0.110248533792521 -0.0665867535792427 0.0963740847506361
-0.020795659360081 0.137245765247296 -0.0981113666377498 0.104188125790147
-0.103732810134064 0.134409846374935 -0.100393886042876 0.107206330789745
-0.144335460790716 0.135241713007749 -0.0368034167260306 -0.0083968612885677
-0.0763723142012916 0.15614558732736 0.0839056598320087 -0.0234025188206338
0.0417481423036783 0.16918389978648 0.0683502933010156 -0.153858926611166
0.120276839311634 0.100879748596509 -0.0469271782508054 -0.167887986825011
0.129177138075019 -0.0121933666376971 -0.145663842783151 -0.0740151408647407
0.0847319062662637 -0.0636982419432858 -0.122446309355349 0.0202757293661991
0.0533822764231469 -0.0955204865274466 -0.0682176930824935 0.0581760301949392
0.0266117912140284 -0.107021862161691 -0.0178995568196188 0.0557791415814463
0.029138977700577 -0.110769257029359 0.00101437815909656 0.0445733685387843
0.0653550764542748 -0.0772112765704181 0.0173063295523251 0.0364228393619693
0.10360495428716 -0.0486732901569253 0.0309498656656301 0.056969557312709
0.136797630147986 0.0417853415580444 0.0195157470366803 0.088822856370363
0.0971587318574016 0.134591703435369 -0.0349823864716803 0.0998377063356146
-0.0243309475443673 0.167390541951676 -0.0712086584449969 0.0977228445927807
-0.133824753761524 0.156095130326387 -0.0557033912427755 0.0807040641027529
-0.176035148378487 0.129728854128083 0.0264906620371424 -0.0422825656643291
-0.121813453323177 0.171442342482756 0.126343417675664 -0.039763334583909
0.0159047295179079 0.21248095351286 0.109723524644081 -0.153928317557466
0.129365330309079 0.144047136390007 -0.000852034251210695 -0.17798119008283
0.157772599175032 0.00393358314219825 -0.106969918474344 -0.0986256485877942
0.10660595253881 -0.0669371941876035 -0.0905223506923364 -0.0143696264814356
0.0691411164723797 -0.10437434795899 -0.0484175656733587 0.0161088883333115
0.0350684495680476 -0.120513528682121 -0.00766302474969602 0.0148428515510621
0.0328103426015506 -0.12459014780291 0.0146177147046304 0.00416686939454957
0.0690063129846344 -0.0891608123187385 0.0368483447873684 0.000741183640744469
0.108205174676651 -0.0592443073223376 0.056951188849566 0.0308580075995097
0.147828354976872 0.03873941307232 0.0478315643416999 0.074052194324255
0.104632499086812 0.139678753423076 -0.00985311736668738 0.0942423517087359
-0.0260255715950869 0.172812358068631 -0.0524396889188626 0.0806580936862078
-0.146192429409811 0.154346194195966 -0.0101403756058881 0.0429018118157804
-0.174745756923372 0.101655481808702 0.0922427421535051 -0.0702247828790456
-0.143466398963836 0.148340558785209 0.164147879167084 -0.0506558266511002
-0.0169524521308959 0.209558742037707 0.140770142627878 -0.135666004614635
0.107402858971631 0.158649712948824 0.0446833352260233 -0.165812364947997
0.154272493926996 0.0198562010031992 -0.0562965213773974 -0.108896364155694
0.108432240055431 -0.0591224537621541 -0.0483402778568762 -0.0440831482070348
0.0727650796960439 -0.0975946342933764 -0.0234218938965101 -0.0248524116630215
0.0380753196782646 -0.115066004968167 0.00395590146764107 -0.0272175305701481
0.0332684653077301 -0.119988081567042 0.0271107912498682 -0.0373907524916483
0.0652309700260661 -0.0881107583622291 0.0549954029414151 -0.0345285095766821
0.102095106441676 -0.0583104063597773 0.0791759865376472 0.00632590010596288
0.137854229919975 0.0383210951889995 0.0680258907306689 0.0589401307613762
0.0916112610256463 0.133753021592214 0.00712765290322936 0.0856399585483232
-0.0353011605377702 0.156353425232058 -0.0390973599120084 0.0569198367781299
-0.143377559055453 0.127237883233787 0.0307666009616613 0.00466245048116544
-0.13740158507364 0.0584445785639278 0.144098231059768 -0.0897312976715689
-0.129780684678414 0.0983548334419281 0.186527207590275 -0.0592067154829292
-0.0370179228817589 0.161008325374584 0.153237123339221 -0.108692197582517
0.0686991808581996 0.135789438371325 0.075562115821684 -0.139288944701494
0.120673111006891 0.0265133803029367 -0.00809700395892215 -0.106042896045322
0.0883381226244352 -0.0430355896739425 -0.00822836405145014 -0.0654865304976921
0.0616247026841915 -0.0759653665311811 0.000387099366946167 -0.0608760003073054
0.0339853361488893 -0.0931990587377482 0.0140251256854092 -0.0642895669779616
0.0298991302599552 -0.0987098088667601 0.0379460179165813 -0.0743149421128499
0.0569730338075058 -0.0742479611453089 0.0712227843587759 -0.0633821628245287
0.0869078530001369 -0.046432711051283 0.0986609076101054 -0.0112965081996969
0.110672166156123 0.0401367603759107 0.0814523795784159 0.049885484757882
0.0644709323522248 0.117590406802563 0.0175391610584793 0.0795958773185801
-0.046459887461907 0.121606141951439 -0.0296208772725379 0.0358881328101184
-0.127010395994354 0.081757422762574 0.067524153162261 -0.0267120895124377
-0.0739939324400746 0.0078688514295966 0.171100536170701 -0.101109441961847
-0.0857523364192525 0.0364864537596129 0.18808192843548 -0.0685741310008514
-0.0368394049942395 0.0873642164014145 0.146000329047891 -0.0854047726289964
0.0284755962435207 0.0842072358131198 0.0859622198622049 -0.113249432811892
0.0689584701552745 0.0226692951584591 0.0242088270299436 -0.0981565278900465
0.0540029427411399 -0.0239951527999403 0.0189190568508059 -0.0779846656210988
0.0391070362772969 -0.0442585568391754 0.018158667304977 -0.0846654175069602
0.0253638281124043 -0.0567001968585133 0.021601006903697 -0.0913405092148627
0.0240475394194666 -0.0625045276447636 0.0483984437228809 -0.101210383504366
0.0427364155628316 -0.0500480983925656 0.0867789314717361 -0.0807094749738633
0.063395726849433 -0.0272747698746802 0.11698875616038 -0.0187028314149356
0.072893847679016 0.0386871441059363 0.0903162580956902 0.0512643790246643
0.0299012500213985 0.088248236957998 0.0219002336290131 0.079658636771384
-0.052688294771787 0.0745278470635977 -0.0209283403336996 0.0204929851363181
-0.0951629225286675 0.025473433899012 0.0983698601401889 -0.045733565668701
0.0324295212345996 0.0201110384374431 -0.116134121825629 0.0755091837093819
0.0344054392030994 -0.0258211724620885 0.0133611328920315 0.0160523987509069
0.00637531339090688 -0.0406534874512369 -0.0110061077054489 -0.0907712533739638
-0.024286514968591 -0.0217561757493827 -0.0995081559623205 -0.0729375232820654
-0.0235846346373594 0.00629403212066033 -0.143289588304388 0.00726634726141393
-0.0130280770512647 0.0091485617029846 -0.122314854125963 0.0885796943054403
-0.0152184936512366 0.00885157796704726 -0.0628177747980239 0.119655522974079
-0.0141382983152096 0.00924846169271288 -0.0227052802185247 0.111504371470482
-0.0146000414289905 0.00230648717752275 -0.0204778910890601 0.10095979614818
-0.0100310790991461 -0.00710202963005434 -0.0271752537344986 0.0944762815596471
-0.00306971600428256 -0.0188801534241428 -0.0334600447705188 0.0944611274178729
0.0167864064501557 -0.0255247059492118 -0.0660813599048051 0.0943189524698457
0.0425481522927152 -0.00600096325649408 -0.117104295463661 0.0778300110907641
0.0382233270268721 0.0283094401276497 -0.143605699208469 0.0840462453391818
0.0169209346393739 0.0487159144739275 -0.15108259936513 0.121972441375515
-0.0234014725041221 0.0772949964684088 -0.109076304598177 0.0574287128967327
0.0155651279757833 0.0424337170870665 0.023554577687128 0.00803340199385372
0.0345908414753821 0.0214029874718159 0.000605633120545421 -0.113168428149498
0.030375405568721 0.00360364605006094 -0.099292162403064 -0.101705049874121
0.0226958215355604 -0.0122911998551515 -0.159294533251164 -0.00898416498219882
0.0148567398907021 -0.0231305025195965 -0.134450613852645 0.0801198871737667
0.00405343449724154 -0.0349588294047233 -0.0710092659583082 0.116052596088295
-0.00272963559765436 -0.0371760077031171 -0.0225118636512942 0.108382384668413
0.00302500833990058 -0.0412323283551894 -0.0164833118450512 0.0970687584967619
0.0250884606095084 -0.0316329506819102 -0.0175888530762484 0.0859482025105875
0.0443110292468693 -0.0230687853350935 -0.0190221713580768 0.0886647999087975
0.0625063235878765 0.0154232846612467 -0.0421307016211992 0.0967365756099044
0.0545323147368762 0.0597696139026716 -0.0935467018779057 0.0887356952371846
0.00134064266119508 0.0881665134490425 -0.120978475065648 0.0996767339844538
-0.0483224302568998 0.0978070508145278 -0.132061900429659 0.124178936128086
-0.0828376428664504 0.120301600531218 -0.0826559072662218 0.0281447321796037
-0.0214594791993231 0.109018336376922 0.0468020192968964 -0.00794397733427774
0.0519978200434296 0.0944095664189861 0.0250670721437929 -0.137843073858949
0.084962705345527 0.0443403142166016 -0.084790804075842 -0.136081736830265
0.0772121249764155 -0.0221466208412588 -0.163033187988301 -0.0345723413234337
0.0484118593641861 -0.0503728518133133 -0.134953555054569 0.0583924043201979
0.0265982171464802 -0.0726579875061088 -0.0719259078389694 0.095393626293575
0.00853430243898364 -0.0784135897208524 -0.019969117502586 0.0884618005728177
0.0155342992835334 -0.0811889674707412 -0.00696312209390466 0.0763749545009627
0.0496352099173297 -0.0579018437398995 0.000193219706012859 0.0660170418683918
0.0800476084855191 -0.0366198935337292 0.0069157075195207 0.0764313874306806
0.107098492716901 0.0336659086491054 -0.00898683794957851 0.0967318429841414
0.0797163063015169 0.105162000838394 -0.0626274097931322 0.0992390472200751
-0.0141164418297564 0.13772811454227 -0.0926215774164768 0.107179434734879
-0.0962410989687467 0.138977787460745 -0.095111604368749 0.11124923569818
-0.136448820020263 0.141830100766188 -0.0353118366438202 -0.00750303447105131
-0.06935689465615 0.159602016966783 0.082969936143783 -0.0272102592602467
0.0494234195337957 0.165378391944711 0.0617485492264576 -0.156056782340159
0.125440596917298 0.0947856480074312 -0.0531986671173053 -0.165304777239891
0.127669959843879 -0.0195164862413652 -0.147751940886272 -0.0657063650751058
0.0810801386091714 -0.0679769185641895 -0.120242724713655 0.0264957803276587
0.0471346483923781 -0.0982272863081792 -0.0639788478531824 0.0612918127279835
0.0192942002022858 -0.107657306823153 -0.0141883494908401 0.0551941291030784
0.0220722171334204 -0.110706381334664 0.00450897419926996 0.0437486318703693
0.0612043615080672 -0.0804328566827397 0.0196577606505605 0.0356808966265076
0.0993568789089923 -0.0541047561310653 0.0345337033059234 0.0553273779771206
0.139094918458508 0.034498942013781 0.0251185571435169 0.0873367593399619
0.104080598042879 0.128259098624222 -0.0305526033295285 0.101683295244554
-0.0154577707244452 0.167735806166777 -0.0662910020637105 0.0999997524341666
-0.124543014545288 0.162579764728377 -0.0509890401805895 0.0825070684111765
-0.16812110434084 0.137645950519729 0.026455671281255 -0.0436200727371263
-0.113154846173367 0.176525188838321 0.124564450597741 -0.0449558751640359
0.0256898016317916 0.209500114826515 0.10283391708437 -0.157763361149884
0.136578433450029 0.137288946914852 -0.00883578681299652 -0.177799266264558
0.156592584733988 -0.00482971967621673 -0.110867615106729 -0.0916562015848527
0.102291270894834 -0.0723411947779983 -0.0903759742453976 -0.0103973817202176
0.062839891131156 -0.108502676577583 -0.046947454801695 0.0184190580139669
0.0263610197138483 -0.12117303501215 -0.00638251238268916 0.0146323576497996
0.0241230203282411 -0.12483911479013 0.0150835016559456 0.00361501130428558
0.0629730174496021 -0.0928250235466107 0.0372033729038303 -0.000362500217269585
0.104034487471178 -0.0646572350072007 0.0593536912876777 0.0281791375327367
0.149593264828242 0.0302818368808484 0.0517979072203213 0.0712136684391683
0.111973349997038 0.13316109157951 -0.00507539959647691 0.0955549400678717
-0.0169789698152179 0.172679495780158 -0.0479648366169945 0.0816190204116198
-0.136399497609632 0.161778906057448 -0.00815316269279047 0.0433219906900928
-0.166859643298366 0.110268314766173 0.0896801713070613 -0.0748601845668446
-0.135964628145939 0.154907467510062 0.161559523787396 -0.0577472962156158
-0.00660911622660311 0.206907053907015 0.134265343776949 -0.140542201658648
0.115287360225605 0.153452238295998 0.0374615334028728 -0.168143655249619
0.153905499451796 0.0105082897740587 -0.0611953330044525 -0.104363232672986
0.103762259993748 -0.0639800210808367 -0.050257028579779 -0.0422864317806522
0.065629284622676 -0.101591070844477 -0.0251488479707938 -0.0241753082812387
0.0293607138937361 -0.116295441451258 0.00267247637561748 -0.0266646064605835
0.0246396324280511 -0.120574443090097 0.0245748871735748 -0.0384388353754106
0.0601595015095158 -0.0912642489793969 0.0525430725445095 -0.0372616174893953
0.0980065130976674 -0.0632687184081758 0.0789253019461106 0.00249611422063687
0.139587287815328 0.0312130582999554 0.0708287037804387 0.0555145231305015
0.0985105329929616 0.127140699204783 0.0115149965841907 0.085944829111077
-0.0267682552504487 0.156683762595114 -0.0360458470800687 0.0585949678045835
-0.135241246083069 0.134580348755937 0.0303999765055574 0.00286136411695269
-0.132535532013341 0.0652234711967162 0.141167893883827 -0.0962031776803604
-0.124076699982602 0.103999415401197 0.183871388113208 -0.0670708027289423
-0.0285692805286944 0.16121138808187 0.148323464113689 -0.114196068305724
0.0759824678506026 0.131974752990174 0.0700512190288491 -0.142895024921261
0.120174630626766 0.019557002157972 -0.0137517132601281 -0.104479157143466
0.0846577912916582 -0.0477121699404127 -0.0114072351630104 -0.06566965395023
0.0564446220587338 -0.0797158069818578 -0.00339569640819812 -0.0604698511701855
0.0277177978108065 -0.0939519621107775 0.0105892009619885 -0.0642113393148869
0.0236758123007764 -0.0994304413577938 0.0332869275417341 -0.0745984931454767
0.0524029967210845 -0.0770898137262108 0.0663962953636996 -0.0664304016536132
0.0835111903884787 -0.0501428419524597 0.0980042903636288 -0.0164733803888855
0.112216770924065 0.0338020900196532 0.0837980593211391 0.0462890564179328
0.0699495120014345 0.11220445966955 0.0214042748948111 0.0797387576404022
-0.0393871019494287 0.12333475402655 -0.0272309859034682 0.0368527073256029
-0.12107021384288 0.0881802902034473 0.065844348450252 -0.0304613191232364
-0.0728414268150468 0.0110825767774929 0.166456799389315 -0.107997246866098
-0.0834119883265299 0.0403639668426774 0.184145948967969 -0.0760539174903554
-0.0327735725810676 0.0880067571380926 0.141059993849585 -0.0910354203111169
0.0320963740285989 0.0827017856839068 0.0807079612286323 -0.117279368636101
0.0687974102843239 0.0186450958438614 0.0192861344375927 -0.0990435400801066
0.0512596031416671 -0.0262213714004221 0.0149107482860514 -0.0799766406827616
0.0362906852256515 -0.0458484382166404 0.0128870330309801 -0.0852322006975392
0.0211071974253317 -0.0580434276728624 0.0165612035746605 -0.0909852920329321
0.0191919750052361 -0.0626060580670186 0.0414081748838019 -0.102368312350785
0.0396847754525929 -0.0519502657322985 0.0809359932864504 -0.0849244939788376
0.0612291546322159 -0.0300796316184877 0.114975210336646 -0.0241486655130102
0.0744584989191884 0.0348240563439394 0.0926979624369059 0.0466130226881384
0.0338950731683735 0.0850632555094207 0.0260635487259469 0.07920878084762
-0.0483806603216356 0.0758672459913738 -0.0199887500138372 0.0213176930467205
-0.0925019716270021 0.0307047798690894 0.094977936224003 -0.0503240406964401
0.0329196472718257 0.0166100427564427 -0.100018921311028 0.0891148104905298
0.0284299184293804 -0.0297640229774548 0.0157642938559255 0.0146240474425266
-0.00183247902706228 -0.040188954095003 -0.0231044148309089 -0.0844922052896708
-0.0289920211918466 -0.0177674565366655 -0.104829892237732 -0.0555010874515585
-0.0238007331047151 0.0110960105566445 -0.136584999017421 0.0286796805486864
-0.0128407311902294 0.0142392353952357 -0.102595004697345 0.103581464917401
-0.0128517176811015 0.0125923876480319 -0.0404776018754366 0.123614198488449
-0.0114054940217772 0.0121873286793987 -0.00486458165421931 0.108367560251998
-0.0126945104947112 0.00575190982160663 -0.00464117626922068 0.0998057160355875
-0.00984264548928778 -0.00555557244626453 -0.0129373838713858 0.0954429791724294
-0.00480420867811427 -0.017917690597417 -0.0196557594365314 0.0952949549126543
0.0138745806443633 -0.0264077435025627 -0.0525203193704099 0.0988895502968265
0.0418484166584259 -0.0111074857611677 -0.105663484025131 0.0898557372710814
0.0419061175060605 0.0222788499618343 -0.129322354478076 0.0967098410762288
0.0240443553994793 0.0455582409961923 -0.131615265585508 0.133668007675685
-0.0102650950757867 0.0801924217617498 -0.0968835815935884 0.0673497384227924
0.0221401713190689 0.0381196680619365 0.0218730736102106 0.00304291579093554
0.0360281795898777 0.0132826470306678 -0.0179729374586797 -0.107231740280893
0.0277232523074955 -0.00254345388406564 -0.111105840635832 -0.081348854943037
0.0172035900577726 -0.0142776850153234 -0.153480360614246 0.0179959632903921
0.0089115602654719 -0.0206706605486067 -0.114321421554666 0.0982122065728962
-0.00214333537082789 -0.0333480898896267 -0.0492487698380191 0.123014250792762
-0.00747229736509208 -0.0334275608003879 -0.00468320864803436 0.105261454960925
-0.00288699753768975 -0.0396831861043425 -0.00111865669387931 0.0956740609991319
0.0203900635451981 -0.0349493586997303 -0.00510551591908102 0.0867447410309833
0.0397581723184144 -0.0288466297427563 -0.0065445003877465 0.0883427138327044
0.065106232040602 0.0049501068586151 -0.0307089650177239 0.0977954523306579
0.0631018234058662 0.0501558185701344 -0.0809916756694189 0.0956479287949162
0.0151396057249034 0.0847346949937541 -0.103488079483497 0.11040776828271
-0.0323523606164988 0.101630283309702 -0.11025775321859 0.134351607976628
-0.0593369326380345 0.131143076577572 -0.0760140031786624 0.0317050427876092
-0.000870341800840609 0.107456869155252 0.0397538591477662 -0.0175031782345706
0.0647985935017331 0.0799683866525283 -0.00226762804444328 -0.135493314078197
0.0868350416355935 0.0258881291768589 -0.105700437072307 -0.114969768157703
0.0664972774492726 -0.0332203516097723 -0.161390433803702 -0.00426171488589774
0.0365510758972451 -0.0524491038558171 -0.118018143522246 0.0785444981108124
0.0126126600893014 -0.0736033958697443 -0.0532310384133417 0.104941963412459
-0.00291328031800519 -0.0742295090868813 -0.00430011179739767 0.086202647487439
0.00182080298139034 -0.0802211988666318 0.00530565375427612 0.0751078592716465
0.0396264358117883 -0.0645609520578153 0.00926277906413687 0.0660033185164933
0.0715674122036942 -0.0476216048779882 0.0161891330665442 0.0741902144114682
0.111403775763647 0.0151840976233783 0.000325885390651899 0.093760589166997
0.0938523102297769 0.0893497863753909 -0.0495279604862217 0.101477489077354
0.00789480143119835 0.13410619064758 -0.0735878969016169 0.113927511636403
-0.0731218921434725 0.148393100722231 -0.0737995324026146 0.118723644973449
-0.106270477663319 0.159480354553634 -0.0358089089155598 -0.0110698857071804
-0.0371746981820055 0.162795098463639 0.0700376053974446 -0.0442032042998876
0.0743046982383778 0.146811328610195 0.0266129099216377 -0.158959384926357
0.134924368499603 0.0662440686037128 -0.0838497060016341 -0.148154027261126
0.114249071096263 -0.0393965334155875 -0.151532392663783 -0.0330437619612825
0.0642753964747733 -0.0750296790908156 -0.108793501405202 0.0464282424116418
0.0287180982963861 -0.103742641819103 -0.0522914322923491 0.0723290334385381
0.00215892364998591 -0.104357965276778 -0.00318649300492379 0.0539939730641129
0.00267986757359793 -0.109739997780599 0.011912087296587 0.0417446809516435
0.046740822642364 -0.0884857745433785 0.0239807738788721 0.0340875762860738
0.0870367354786993 -0.0678861180074974 0.0403106344745884 0.0501817541844835
0.142498603015899 0.0100455855761102 0.0313378044167004 0.0812231070317941
0.120596732244311 0.106678664723842 -0.0187597198779784 0.0988512333020352
0.0110462280544049 0.163087031967941 -0.0477315164805848 0.103291560346374
-0.0969071715430118 0.175175067814518 -0.033880312493244 0.085643235829842
-0.13601472680101 0.159036251083301 0.0180123978422086 -0.0559466098062378
-0.0758318992871299 0.185926418689264 0.107042324902071 -0.069702446373513
0.0602651545433333 0.191660703745368 0.0635933205831956 -0.168588366694823
0.15347148051293 0.104766939762195 -0.0447381814984134 -0.167699006426781
0.144721684398872 -0.0311948665149253 -0.121321061840865 -0.0635359675388794
0.0836362593308809 -0.0835943765619045 -0.0857141581701245 0.00762686967162377
0.0414961705394925 -0.116859432798418 -0.0435522509788667 0.0292097627837755
0.00645954122895444 -0.118920382021951 -0.00160014820713725 0.0150092688214251
0.00210391880053753 -0.124078143914296 0.0164791640031971 0.00189799739859146
0.0461486830139706 -0.100453924104529 0.0359517027276643 -0.00376149958669186
0.0892221073622853 -0.0784367035954647 0.0602023183955164 0.0212211083489432
0.151838639286026 0.00455017791359594 0.0551983835855027 0.0625650098227654
0.129073317862629 0.109204062944003 0.00513067347935997 0.0896286234158122
0.0100946704291118 0.168639784586989 -0.0313324445620578 0.0840422773487185
-0.108817434430906 0.175533372526302 0.00304447878383274 0.0432799594105798
-0.139541022946824 0.131061836965636 0.0758394574566376 -0.0935140034838122
-0.100975216636028 0.168410311865315 0.142697447145608 -0.0881862647380866
0.0291308397400343 0.195683866828447 0.0974103878180147 -0.158366039205713
0.1370510071407 0.1227207987503 0.000599590532796411 -0.165741185295874
0.145737361791336 -0.0165525303764449 -0.0761106880846514 -0.0843607275237179
0.0861882791939427 -0.0771345650634276 -0.053140685119743 -0.0291466098088153
0.046091118599024 -0.111238181885931 -0.0294998478944495 -0.0146443792599571
0.0100736307495484 -0.11503205497339 0.000619644535807167 -0.0250862376748921
0.0028488558858596 -0.120016634364875 0.0194258296919462 -0.0391674163523643
0.0426734389635693 -0.0992072075530135 0.0454455672380609 -0.0405156100208455
0.0835431610149115 -0.0761242332826567 0.0771908874331013 -0.00598863473307258
0.140893534585293 0.00611840928343968 0.0724220601031244 0.0453659370538474
0.11532314388852 0.105071480702641 0.0206851531841062 0.07865565466296
-0.00144195904574737 0.153371555555647 -0.0234640260016169 0.0605765525718818
-0.111293855240466 0.149594878365007 0.034927719739343 0.000523330568997503
-0.113859010784575 0.0817077420023968 0.121441793207891 -0.119336438863481
-0.0982371779432673 0.117351507067706 0.16418793923906 -0.0985114144588882
-2.4957346177315E-05 0.154973413067451 0.117255940596548 -0.134619569671187
0.0960206873989396 0.109457101077691 0.0370476640736381 -0.147583374527369
0.115668416974705 -0.00258046631572208 -0.030509098933915 -0.0937463406620098
0.0713058524601823 -0.0594399186639873 -0.0201319690522121 -0.0588413047940429
0.0399051554585339 -0.0881288909743723 -0.0139246890863689 -0.0536606737735672
0.0113194127015737 -0.093861503555445 0.00191819288723589 -0.061104870904501
0.00541544684350318 -0.099277685160192 0.0218844698220665 -0.075766801771745
0.0375459910529844 -0.0833976712509209 0.0548956539154706 -0.0709454223312988
0.07140608199591 -0.0612762196482423 0.0913364939475999 -0.026794862318754
0.114819534410783 0.0137011543165148 0.0839312459528109 0.0347443423620558
0.0843207351543584 0.0954786865427853 0.0300754482075648 0.0717467088827655
-0.0187637144219246 0.123475826017361 -0.0181418600597 0.0397834173010962
-0.104978024690212 0.102078859153418 0.0628657343798094 -0.0341777631031641
-0.0657819614815518 0.0192897382179185 0.14451639047238 -0.130905501383631
-0.0705975414225591 0.0489234176825449 0.164896577632056 -0.104115462953972
-0.0158850568112296 0.0865650142261057 0.118799527970937 -0.110854114262871
0.045695716748595 0.0707099491941253 0.054824868522957 -0.125081258972963
0.0672900851948768 0.00394936191353284 0.00181823915403403 -0.0957715812074367
0.0430528700124679 -0.0343044913978883 0.0021649619781329 -0.077460735260301
0.0263200914410178 -0.0516751449936802 -0.00238914761339105 -0.0808083355913079
0.0106597545486842 -0.0590340400452355 0.003262623875231 -0.0869201059210293
0.00706836409736142 -0.0644081353389378 0.0260272399213794 -0.102008014142421
0.0287241758272679 -0.0569203425120446 0.0660848035365728 -0.09149207915571
0.0532975066907588 -0.0392357539985189 0.107176700215661 -0.0375431278025042
0.0781751670152564 0.0200140336900231 0.0936739639123197 0.0337389188186682
0.0453966684824301 0.0750660414633733 0.0349021009907887 0.0715387621190257
-0.0346206850969619 0.0794950219896724 -0.0146421513425197 0.0232856027384446
-0.0853098389905027 0.0416637480839567 0.086628351415159 -0.0575370328652524
0.0311392648580939 0.0153508670155476 -0.0925290484325866 0.0879966311690489
0.02581798404625 -0.0289550592538827 0.0153257117231757 0.0133435330640086
-0.00239413094326957 -0.0375798679864327 -0.0241028733209406 -0.0812100944912858
-0.027931681923059 -0.0156794017433063 -0.101170217095093 -0.0498341214824093
-0.0218209254531611 0.0108676203141873 -0.128732439477875 0.0317299011221267
-0.0108974599561055 0.0141145823080851 -0.093645365615232 0.102992958952169
-0.0123539900370894 0.0125292767950005 -0.0339417880120055 0.118659954919605
-0.010330153164707 0.0109947215676284 -0.00082832250318507 0.102568184415642
-0.0119025594307391 0.00581291250948528 -0.000260698932649358 0.0949895022126479
-0.009482797605748 -0.00506873410662319 -0.00815648620166975 0.0921722220800745
-0.00578360972524478 -0.0170774723722722 -0.0155700618002814 0.0919957015773941
0.0125753124034019 -0.0255056166876275 -0.0478054939659754 0.0955173836873569
0.0394273172889383 -0.0115096335257557 -0.099225797398585 0.0886106391082759
0.0399677791169999 0.020000382105689 -0.121394936382272 0.0947816792730249
0.0233068523251143 0.042052076322825 -0.122583796018266 0.130634480438932
-0.00753863326705129 0.0770638517042584 -0.090383355108449 0.0666832405626772
0.0221185633251551 0.0362173694135841 0.0205042831336163 0.0023716261276969
0.0352968585261879 0.0123730730114899 -0.0203134315104537 -0.102851215013207
0.0269200764926757 -0.00335499245920967 -0.10805440645781 -0.0751740372055319
0.0161734928449237 -0.0145458351700486 -0.14522770993775 0.0221119548863424
0.0078713961552799 -0.0204017834440145 -0.10531821694816 0.0980370653621912
-0.00397514803253617 -0.0316554912931145 -0.0419093300151899 0.118461408767178
-0.0084090056537179 -0.0320329591111412 -0.00081745602103964 0.099483174861844
-0.0039658564823781 -0.0374025743651807 0.00335853141809698 0.0906827148715989
0.0184235317279999 -0.0345939451779765 -0.0015361927703326 0.0835015370937947
0.0367916423566002 -0.0294385321185138 -0.00326168586144273 0.085025797003485
0.062370971341552 0.00247017287811581 -0.0265083901545964 0.0934920257325758
0.0615929971253928 0.0456585986952131 -0.0756031841898728 0.093585719244654
0.016183821355274 0.0796289747323586 -0.0964820968800158 0.107058940292896
-0.0284531573867119 0.0975652184472701 -0.101929162338565 0.131003231758256
-0.0530615265108423 0.126499242106591 -0.0710472367744941 0.0320528104864186
0.00245760914729432 0.102736362727139 0.0377541522447534 -0.0178957936730883
0.0639144504829849 0.0744549731689164 -0.00487065860892709 -0.12950799033323
0.0846232594254699 0.0223424030051965 -0.1042185982791 -0.107546676317674
0.0625011553148034 -0.03387798674041 -0.1529609028089 0.00170995156832868
0.0332578381895646 -0.0512382190978757 -0.109698600093613 0.078960315199351
0.0088652981091374 -0.0715132677503009 -0.0467243482033721 0.101566198696982
-0.00596089409415655 -0.0707651300715187 -0.000898015304623391 0.0806152791873697
-0.00145552888531463 -0.0760718933942183 0.00902938702922847 0.0707030043994499
0.0355022740568069 -0.0634201616372324 0.0121360969964344 0.0625712906292479
0.0662995256482294 -0.0481926728882762 0.0183971633202751 0.070366275328242
0.107921493311369 0.0103485268992788 0.00302016702342552 0.0892875182478653
0.0929381132648677 0.0818857964002639 -0.0449469740666458 0.0984610251938375
0.0115129188320277 0.127462921044066 -0.0672896998616597 0.109856619678133
-0.0646628892787766 0.143413159016934 -0.0676796680269594 0.114634566845054
-0.0959790670160597 0.154891784298598 -0.0335808807068945 -0.0104775155789622
-0.0308837282174233 0.156400539165019 0.0659553529277379 -0.0441744795508528
0.0749979400904764 0.137712093970963 0.0222209251356072 -0.152484203933395
0.132166507498818 0.0590844909222868 -0.0834102211559703 -0.140440683189222
0.108076738562554 -0.0414322892172489 -0.144799575344389 -0.0271439172750877
0.0586732146514592 -0.0742122310979703 -0.102652685669473 0.0479222217063798
0.0232959866899703 -0.100447073539869 -0.0465651652119191 0.0698199215804916
-0.00227771371716177 -0.0993605958893418 -0.0010937361105316 0.0505502448748362
-0.00247430004758696 -0.10417868633485 0.0141242276349323 0.0389999967604488
0.0415763590948195 -0.0863315731064224 0.0245229185622975 0.031163411263921
0.0806743640443454 -0.0677683530696378 0.0408076977309897 0.0465466817484785
0.137082784769142 0.00503495375718098 0.0330589670293518 0.0763698587783688
0.119158662125256 0.0972956807876626 -0.0153090361431388 0.0950889378556458
0.0152279833043902 0.154925350729257 -0.0429706504215969 0.0996088335943719
-0.0864335041271882 0.169816572417877 -0.0302664196558719 0.0824498583166238
-0.124613253177585 0.155295660277028 0.0161217455821673 -0.0549105884901273
-0.066923544636466 0.179865593859303 0.100733203996293 -0.0694835233485173
0.0624473247024878 0.180827001579651 0.057520956475159 -0.162179280228989
0.151440856689825 0.0955595475329781 -0.046782779855532 -0.159985056438961
0.136461143990477 -0.0350361419926654 -0.116401454853506 -0.0561346103496115
0.0765701225092836 -0.0824644946869359 -0.0815915562617174 0.0094619175428443
0.0345869070422658 -0.113673885751531 -0.0400560091566919 0.0297161092269118
0.0008959865195218 -0.113630289924522 -0.000754105073186913 0.0133708981707095
-0.00321993665821712 -0.117037779871314 0.0161716622783852 0.000773462321756029
0.040336330552058 -0.0979212816710688 0.0342816084213421 -0.00444088107847581
0.0821399086305959 -0.0778938985807252 0.0588776122108355 0.0187723098720255
0.145465936968574 -0.000738009590627593 0.0553325798223084 0.0580149810934244
0.125871735846776 0.098875567915017 0.00762615498957627 0.0859706979664814
0.0153366330076351 0.159404159257633 -0.0280951336597702 0.080570335460875
-0.0975865366804632 0.170745492381983 0.00395893933030186 0.0413109454328465
-0.128728547265148 0.128748718201155 0.0707142671777477 -0.092158021134105
-0.0907060522353575 0.163458010039205 0.133910735700021 -0.0880022801146713
0.0327270908037327 0.185683025892443 0.0904669958153143 -0.152636789518426
0.135230098264006 0.113690281242746 -0.00362010546131426 -0.159138108326516
0.137464678513706 -0.0202246977209273 -0.0745399635514447 -0.077121933830446
0.0794176840075154 -0.0762621255653418 -0.0519111449994852 -0.0274273185997735
0.0393429944311646 -0.10778856726754 -0.028293594084721 -0.0131236423111688
0.00471280394652069 -0.109608586383645 -0.000125294418849902 -0.024385471886146
-0.00199011355536049 -0.113622217551912 0.0175076490964071 -0.037703032163278
0.0367229059763921 -0.096284363945048 0.0412433777643927 -0.0399971712586199
0.0767203047927249 -0.075041162586407 0.0732373825433226 -0.00816072388420003
0.134732269238148 0.000802893695060229 0.0705026724385817 0.0412142805684313
0.112676425722334 0.0957435497058993 0.0218245098202935 0.0759047261773251
0.00363643449417897 0.146132276263411 -0.0212944332925077 0.058187120991453
-0.10039836893708 0.145806128297295 0.0334901047039508 -0.000943866714027139
-0.10565833725642 0.0806247465423769 0.11403242527676 -0.117824853302737
-0.0908308182466084 0.11530321479177 0.153889855046944 -0.0980704413078774
0.00409697881747405 0.147383480195545 0.109198855825191 -0.130754012563897
0.0955895824115321 0.101957577087656 0.0316741866281553 -0.142093487207945
0.110206100230559 -0.00707490336172552 -0.0320425291043229 -0.0879698176609911
0.065489907964092 -0.0584391424626116 -0.0216272780164474 -0.0562417718610972
0.0345094862225263 -0.0855353502153079 -0.0155666585172535 -0.0508665939953639
0.00686049999373999 -0.089995666644897 0.000166572920108039 -0.0580296913527305
0.00130713554250107 -0.0939436337970676 0.0183678476994342 -0.0718728271039584
0.0326671442721315 -0.0811475491975808 0.0490520447676675 -0.0694214208274567
0.066204275504011 -0.0607085217297308 0.0864965174944371 -0.0287113798702525
0.110554941892515 0.00855555571549947 0.0816722210293343 0.0303604723970217
0.0832849953672104 0.0870789331517305 0.0310285183400252 0.0681489949927778
-0.0137602612523826 0.116984309245665 -0.0169691779388787 0.0376072468953999
-0.0955498273479649 0.100518018911362 0.0592742891293195 -0.0352410303083772
-0.0614916286815565 0.0199549591142443 0.135410258568829 -0.128979831897396
-0.0662440849077085 0.0485335546236946 0.154863600478884 -0.102835837838589
-0.0133279571337772 0.0822543189575704 0.110840844586727 -0.107380760562563
0.0456889262932462 0.0658668165124205 0.0493727575512136 -0.120983719566327
0.063734097512849 0.00160486913995685 -0.00156140973935684 -0.0914818406948802
0.0390445821584521 -0.0337613626665635 -0.00093223230837161 -0.0752076750894327
0.0229938537050673 -0.0501581565430777 -0.00570329362965551 -0.0770352204190543
0.00774053729800183 -0.0567009009249306 -0.000379335751989841 -0.0819062870474465
0.00407918912085874 -0.0611263598575747 0.0214466869027034 -0.0970057661901851
0.0252327247955916 -0.0552110461115083 0.0591281458596171 -0.0885072155540991
0.0494246518549208 -0.0389313507889808 0.100653521916553 -0.0388451775011391
0.0757121458987483 0.0161359790634078 0.0904696699356799 0.0298333928430113
0.0454320018620906 0.0691794181809417 0.0358324073854573 0.0681893098851786
-0.0299714183696913 0.075585583577278 -0.0138820996740923 0.0233112095787486
-0.0789824774092662 0.0422818493055036 0.0805435694216803 -0.0582292806997948
0.029422089662071 0.0151120988030525 -0.0876971904469868 0.0843346603405035
0.0251895400369305 -0.0269658816392354 0.0153441547152198 0.0126776491076522
-0.00142212356013153 -0.0349418371784279 -0.0237936992392455 -0.0787640655621386
-0.0263532292792741 -0.0148335907767484 -0.097204723913584 -0.0479822762442624
-0.0202151877298283 0.00993240104197115 -0.122859342362573 0.0311128266659829
-0.0102081237076893 0.0135765307055813 -0.088037006528883 0.100267950025148
-0.0113864869867742 0.0124320780882168 -0.0312156232245816 0.113849248743515
-0.00995513829936663 0.0107505106618751 -0.000482742406719075 0.0975680122577001
-0.0110432432695358 0.00538340858999499 0.00162960537031425 0.0906898587392397
-0.00935281518027688 -0.00549960445988465 -0.00641411117898112 0.0892563267680821
-0.00513358155948679 -0.016555929071188 -0.0142635618801825 0.087757011370622
0.0124534517211209 -0.0241698600870413 -0.0463925679544131 0.0911467779125313
0.0380294095168748 -0.0111150657947965 -0.0965504761022842 0.0850693601937031
0.0369436965365756 0.0189608893158716 -0.116612146488247 0.0908879258707387
0.0215992449105801 0.0396148129508988 -0.118460589692401 0.125412341757958
-0.00724052403555421 0.074139055101988 -0.0862609994632687 0.0634443683846493
0.0214928406900786 0.0350120460662488 0.020108438520273 0.00218602952578662
0.0346343054384774 0.012273830921994 -0.0189999891333543 -0.0992741039272597
0.0271262157096283 -0.00322646952389798 -0.103321671953233 -0.0727058027228389
0.0157196788739818 -0.0144822178313143 -0.138499480609601 0.0221749996088522
0.00828862063493446 -0.0200089674859739 -0.0995216143699925 0.0960154594489182
-0.00463266774350738 -0.0305595460204939 -0.0387052454728938 0.113667205378826
-0.00885078439965599 -0.0309883854813737 -0.000865554942303307 0.0939866407135227
-0.00462201920535492 -0.0357660845790895 0.00517573203682812 0.0863987777675295
0.0175817754961767 -0.0338684870146827 0.000470421833188934 0.0801707128081465
0.0348624696692446 -0.0287569382972191 -0.00234179402100606 0.0816113600246583
0.0606124400485085 0.00246213733897756 -0.0256075057479104 0.0892940587756849
0.0594065977066311 0.0434441172388733 -0.0730180921433526 0.0901570925829788
0.0148258985682178 0.0763662544908063 -0.093180719207317 0.102101885068756
-0.0272879215562491 0.0933005336755015 -0.0984208408189052 0.125954574030412
-0.0501818317168661 0.121421445753453 -0.0681720729761573 0.0297289327566208
0.00261801342067115 0.0994907838759326 0.036474853559868 -0.0171958625812982
0.0620680163427653 0.0714756619122281 -0.00438982772877706 -0.124445196729046
0.0831397880385803 0.0214055385631688 -0.0998636686912321 -0.104263091815425
0.0600626423545531 -0.0334017383785852 -0.14592888602465 0.00241742343472682
0.0318327620451352 -0.0496919729054455 -0.104306504308663 0.0769260829820055
0.00742647692647537 -0.0689523254682191 -0.0435172485848944 0.0973207529919697
-0.00682343147914016 -0.0683286650601744 -0.000578268753402107 0.0761679355173467
-0.0022675605567628 -0.0724957488497549 0.0100032263866723 0.06725430038033
0.0333604501279431 -0.0615722718521785 0.0124123790456603 0.0599677127184799
0.0633134603553545 -0.0470579530989773 0.0184260232150163 0.0678639508601126
0.104091238686423 0.00931606512949234 0.00352417382896383 0.0852783926468166
0.0891972785536251 0.0779372113084189 -0.0434348438881656 0.0947044215149699
0.010302360792062 0.121949583842915 -0.0649623224519761 0.104927741580324
-0.0619102164863487 0.137574102972433 -0.0652689573028197 0.109920461659697
-0.0913834728909457 0.148007374375634 -0.0319128020999946 -0.0110318608448842
-0.0290963879511332 0.150270321400288 0.063089645339983 -0.0421584520443746
0.0725116424945202 0.131797538448971 0.0220525963201774 -0.146286951475939
0.128193684319017 0.0566092298707393 -0.0804065479857903 -0.135837712650461
0.103204084601195 -0.040843799070914 -0.137815062601273 -0.0248358792536295
0.0563119683710902 -0.0713988424846528 -0.0977953045825485 0.046566755404696
0.020694871206932 -0.0969573503731936 -0.0431622739975459 0.067405408752832
-0.00403792446343861 -0.0953626708948924 -0.00097615831332451 0.0475245959572564
-0.00344620873460443 -0.0989312072259551 0.0144898951659612 0.036596298623358
0.0388425214600329 -0.083957417391962 0.0237199470721781 0.0301991462473257
0.0770155187287641 -0.0655283948512862 0.0399137466897631 0.0449610883090993
0.132288479501047 0.00344388423187966 0.0319982285649811 0.0731512449299423
0.114062505975844 0.091714693944333 -0.0147096245148885 0.0922532637332736
0.0154991051661974 0.147830465502278 -0.0417555464584236 0.0951277381286374
-0.0816248504863516 0.16287186858766 -0.0290076498107491 0.0787103544748006
-0.118239344980544 0.148824996489664 0.0162120166094167 -0.053550113628673
-0.0636985263529331 0.172875993248988 0.0965704748740783 -0.0665339906476579
0.0604928080804207 0.173863752583419 0.0564928226430036 -0.15521292571275
0.14714255850297 0.091436690038095 -0.0450740189882768 -0.154664734484055
0.130883323203144 -0.034137943592766 -0.110921961144654 -0.052906764919391
0.0732734088787459 -0.0798238463529471 -0.078920170738587 0.00909941594246852
0.0316880812468764 -0.109693781906196 -0.0378581695837044 0.0285024776879017
-0.000880646922995237 -0.108400915774543 -0.000932438068304285 0.0124762516053775
-0.00482723050683342 -0.111117830961397 0.0162016428290757 0.000511355894766902
0.0376563486482242 -0.0944168921934782 0.0324222928256716 -0.00444411631275521
0.0776834837556859 -0.0749906098074296 0.0568863276926973 0.0177120272632479
0.1403399267003 -0.00251631253794249 0.0536711401388039 0.0557346222723901
0.121834217166888 0.0935332258084103 0.00753267918815585 0.0832424954552681
0.0154340410597756 0.152425775482097 -0.0275009650591802 0.0772000460849089
-0.0922973779916527 0.164378434787558 0.00411967004285292 0.0391361898225472
-0.121524174396953 0.123088744390537 0.0676530979696793 -0.0895831742278212
-0.0875518525320424 0.157196463885591 0.12844541456901 -0.0841868214258677
0.0317026120152103 0.177282166946268 0.0876138094094503 -0.146043756892452
0.131891557610673 0.10850742360228 -0.00342583421729338 -0.153803070079238
0.130905055439134 -0.0207330112977969 -0.0706405536078729 -0.073559313542658
0.0750800279064257 -0.0736228891229708 -0.050111847236162 -0.0262656397122715
0.0359618785773128 -0.104212410057596 -0.0272591123261597 -0.0125288478966034
0.0027508273852608 -0.105091671656084 -0.000780945017205055 -0.0236847704683295
-0.0033300779633397 -0.107761970863183 0.0162749504740885 -0.0364494075162404
0.0345114080285147 -0.0924184615774817 0.0385207515264731 -0.0381963257630648
0.0724882347142379 -0.0721357818272682 0.0706103286103614 -0.0087344892571277
0.12982219853096 -0.000580334526491901 0.0684351069407276 0.0393915010187755
0.108136134794855 0.0905852078376651 0.021444558603902 0.0726603236432439
0.00448409651269987 0.139017030320277 -0.0207029170048388 0.0555644082249328
-0.0948075777315133 0.140256499355134 0.0321399781886409 -0.00133483348019202
-0.100371134057482 0.0774282416982941 0.109620798572419 -0.113136620575154
-0.086556640384593 0.111358112859957 0.148147953155769 -0.0940891067492888
0.00419922956139873 0.141340272749281 0.105917309382569 -0.124725267114433
0.0930631236681786 0.0975188983788187 0.0300725024518853 -0.137500790995269
0.105020797666702 -0.00715014383635889 -0.030036207886965 -0.0840695659133794
0.0619941858935015 -0.0557080758763347 -0.021857324285204 -0.0551196575972885
0.031681352564148 -0.0821473279957535 -0.0154128852419665 -0.048201774288353
0.00553144999461136 -0.0862251342925731 -0.000751593182284529 -0.0554905152200982
-0.000340792474618705 -0.0893332520810901 0.0169524244017813 -0.0684348066703544
0.0300054273028879 -0.0776539209826921 0.0455784477862077 -0.0660786118591469
0.0624383372851885 -0.0582739689769942 0.082869364346051 -0.0274823248341035
0.106182577848228 0.00712604281726569 0.0788545196666529 0.0297137305231636
0.0798023936916881 0.0825620859957175 0.0295534790084512 0.0661859993732526
-0.0127661374558894 0.110836451025913 -0.0163977410494235 0.036764790610059
-0.0903152466119137 0.0970096167165146 0.0562953034707029 -0.0341647644994446
-0.0587819568391153 0.0188581655878256 0.130588314899625 -0.12393683750654
-0.0628113081464633 0.0469652542746751 0.148485972025175 -0.0989468840486775
-0.012088411392438 0.0785343952959699 0.107395230889399 -0.103222136607448
0.045080124154355 0.062614243770574 0.0470603151633112 -0.117026993407492
0.0607120877172396 0.00148544710318939 -0.00133330723218519 -0.0873997412360358
0.0364933817147381 -0.0315986863740177 -0.00205993466868885 -0.0728578460858296
0.0210642068800024 -0.0479799579472056 -0.00634650443515627 -0.0734997819600358
0.0064873611023004 -0.0542022391553197 -0.000848264525572914 -0.0775703868099485
0.00381290754632871 -0.0580241398496613 0.0193080546182925 -0.0923132258363706
0.0232946154538343 -0.0533647266531669 0.0548278922707001 -0.084381668596189
0.0466252000031924 -0.0374465846087391 0.0958528571374372 -0.0371506147379799
0.0725252584221237 0.0149172131543738 0.0872028842768059 0.0281324558395112
0.043274521544886 0.0658397299778298 0.0347328218304542 0.0654667550523987
-0.0285261239566164 0.0720187835801705 -0.0138043480347579 0.0228150347607364
-0.0753718455503844 0.0411729997434051 0.0766481541672393 -0.0558360120456684
0.0281122564104866 0.0158423493138625 -0.086180427419454 0.0812971128119401
0.0247763197506349 -0.0257560831963973 0.0145053108057784 0.0128340258920527
-0.000361412355287893 -0.034281111544595 -0.0219995615036217 -0.0780339113099429
-0.0248110395250215 -0.0146012386261582 -0.0942264052188822 -0.0492903427736764
-0.0189180389091856 0.00899548085781942 -0.120758927753265 0.0291308239121641
-0.00939460895990075 0.0125021771093529 -0.0860700527110996 0.0983327022028268
-0.0114331034547668 0.0119475529730645 -0.0313421994209589 0.110951201980332
-0.00980136153137983 0.0102847428821569 -0.00160374522895758 0.0946479585446826
-0.0106331603125463 0.00485734816823431 0.00131520270169813 0.088684041549462
-0.00892915533600453 -0.00557049754616496 -0.00634125107675905 0.0873810931785528
-0.00521739586893301 -0.0164338694394514 -0.0153441481388446 0.0857665738631127
0.0130661276083466 -0.02287209448301 -0.04743728097444 0.0880595638149173
0.0371388352575022 -0.0103464943072286 -0.0960311198895029 0.0823295687653951
0.0346520263758836 0.0191932166029085 -0.115578210450604 0.0864450246852809
0.0198684432705717 0.0401015453523311 -0.118424411942641 0.121155243842788
-0.00848391207469891 0.07255500566031 -0.0849178906803589 0.0604728712758187
0.0205134667508233 0.0350594227235229 0.02003407599051 0.00288635090138379
0.0340774023517705 0.012933968002799 -0.0167867830143556 -0.0977860408803051
0.0269228295554121 -0.00304601253274009 -0.10017091733822 -0.0729967011408771
0.0158880464718926 -0.0142695153310739 -0.135504914440554 0.020051140622145
0.00872415297752563 -0.0195333901480062 -0.0972035437293038 0.0935966294446119
-0.00472929334559286 -0.0298480221057768 -0.0380628046904997 0.110513467093712
-0.00855572293205818 -0.0308115100218287 -0.00173570515287976 0.0907954789043448
-0.00403628895545877 -0.0347877476918321 0.00472095358862641 0.0837509818976585
0.0172990449883381 -0.0334708912108547 2.8246385343117E-05 0.0791789851751674
0.0344306451981617 -0.0276643605914328 -0.00279607140650447 0.0800104075675313
0.0600607890731605 0.00297981045711018 -0.0269045382773823 0.0867086174247723
0.0573380915230436 0.043257486774071 -0.0735398718440526 0.0875925811743349
0.0124779684862926 0.0748385721567261 -0.0922392931001796 0.0978743523800264
-0.0289247055621601 0.0913297314880658 -0.098411592190037 0.121447865595081
-0.0508770734607887 0.118141248117894 -0.0665011748235662 0.0274032927666728
0.00153382509482418 0.0974657799030436 0.0356691221635062 -0.0157089850741811
0.0601897726707812 0.0707895727760017 -0.00192943119972298 -0.122305633903687
0.0823308133818785 0.0220134787481779 -0.0960042169123001 -0.104759946897144
0.0591941437655577 -0.032141967572803 -0.142224902050892 0.000972148112601596
0.0321591112352138 -0.048851947834159 -0.102188704782171 0.0747250935139206
0.00705229649983434 -0.067724565161463 -0.0422552749196094 0.0945918428961305
-0.00682199466725144 -0.067137717598099 -0.0014381779185807 0.0736218142933335
-0.00245435087149813 -0.0702610333121208 0.0102201454491272 0.0646770961597698
0.0331424683141292 -0.0608274304051912 0.0119597853198107 0.059228737602506
0.0622073897596702 -0.0460410162438269 0.0178646187296615 0.0662368624246671
0.102759401089664 0.00948673489602654 0.00202466760440831 0.0828609339835889
0.0865134387815081 0.0771341257993352 -0.0448299801484968 0.092571604578035
0.0082311333817975 0.119493005422435 -0.0657642520795734 0.101340010246732
-0.0626288985793563 0.133579330553909 -0.0655592455739322 0.106248091178301
-0.0908460696796474 0.143677461421648 -0.0311493590313911 -0.0121077377206996
-0.0304888100122736 0.147255265046957 0.0624941954180645 -0.0396473949550393
0.0693571687101542 0.129995398382076 0.0250104389230424 -0.14308797655022
0.126393738449765 0.0571737535050697 -0.0768891011166313 -0.135153217699477
0.101439265609992 -0.0392298891760658 -0.13335259344533 -0.0256950780290416
0.0562260006333931 -0.0699173812222889 -0.09559202960715 0.0446525029727306
0.0197601425840322 -0.0949255682586201 -0.0420871486486311 0.0650949310535554
-0.0040177761784469 -0.0934619201205639 -0.0016031934806855 0.0454956748879984
-0.00317424020647523 -0.0959570402611317 0.0149858810218961 0.0350985280203253
0.0383360142263561 -0.0820698596505671 0.0233012425678194 0.0298796532890216
0.0752946252115583 -0.0635968200120964 0.0393727195865857 0.0440251603640311
0.130687771862162 0.00379792329168525 0.0305821504923277 0.0715946875096188
0.111306279120658 0.0907428734744039 -0.0163624873633048 0.0903127066102296
0.0131068231932456 0.144755139046499 -0.0428110776439251 0.0922742488232267
-0.0819796054981023 0.158724368639031 -0.029415659347687 0.0764574888896599
-0.117424463964722 0.14284128243274 0.0165780420806097 -0.0527767474860678
-0.0648673306247758 0.168939184864581 0.0952122165512164 -0.0640876187245003
0.0568814767940201 0.170652609642896 0.058383590745229 -0.151155279226474
0.144921276609459 0.0910091835419777 -0.042006815995807 -0.152898430159827
0.128004880786669 -0.0326139889534242 -0.10654429999233 -0.0528346347079869
0.0725109643142606 -0.077163034023272 -0.0770812042449023 0.00753705632770446
0.0307902515477035 -0.107105138172471 -0.0360146564266131 0.0272212015934904
-0.000870235286488625 -0.106278831154824 -0.00143048713585339 0.0113319907354624
-0.00444548115908762 -0.107233281426653 0.0164554831897576 -5.03853326452209E-05
0.0375600862152551 -0.0922792945222349 0.0319801000964186 -0.00424339016795607
0.0765258182982586 -0.0729154142972137 0.0563482637528689 0.0178328231644495
0.138015488007073 -0.00208212076731219 0.0524763291175554 0.0548859933842093
0.118009716279404 0.0920157341460521 0.00603540502022941 0.0820686760479185
0.0133979480669163 0.148970638661337 -0.0283922107523433 0.0746761865576417
-0.0916323704293069 0.159386797689767 0.00350915119112317 0.0377065178712308
-0.120582060304526 0.118436065701786 0.0674548865529512 -0.0872164667512303
-0.0870756071440543 0.153005539346492 0.126424880838264 -0.080307586211354
0.0283747812269879 0.173655074412777 0.0896105017421221 -0.141506251083954
0.128886036412049 0.10781239303538 -0.0012537945947898 -0.151569950805051
0.128186039859413 -0.0194126322719675 -0.0676993635302865 -0.072406478843971
0.0741604784892146 -0.0703677362288728 -0.0491857758285487 -0.0269368861758538
0.0348003658945516 -0.101777408897095 -0.0261920735109594 -0.0126395916642212
0.00240432510611841 -0.102885471936593 -0.00047345493262547 -0.0237223638935976
-0.00329726834375063 -0.104231382967228 0.0161641397047393 -0.0355980889764334
0.0340861169836049 -0.090078304004263 0.0383516856170675 -0.0366765977009775
0.071480386521472 -0.0700391281917212 0.0698896568786817 -0.00765515092778614
0.127821636125647 -0.000365647077892162 0.0669264939730155 0.0390344236884778
0.105128024317689 0.0887710985548828 0.0198427015416594 0.0722892156019028
0.00287205935154452 0.134832810661137 -0.0216879539715414 0.0547035447201146
-0.0940576037426928 0.136014431215046 0.0310593662487585 -0.000938674149114921
-0.0990308845745694 0.0739550659551594 0.109414385871848 -0.109399141118844
-0.0860712328883423 0.107959465318152 0.145937557367243 -0.0897764197598492
0.00246694832743266 0.138180491751361 0.106351360572913 -0.119729418048386
0.091199984782786 0.0966592629732276 0.0309494352081448 -0.135573204191514
0.102050519101818 -0.00696494009512429 -0.0281789432808878 -0.0824359416425659
0.0605237418657258 -0.0534851157118372 -0.0211987943215637 -0.0550538669716399
0.0313334063648241 -0.0804858720006782 -0.0150367390090841 -0.0478398670638207
0.00504227773339335 -0.0842809664020123 -0.000341551597447883 -0.0540566630616406
6.8708728332605E-05 -0.0862171541126368 0.0173017395412059 -0.0666236274440835
0.0294726672317035 -0.0753881717809091 0.0446044415754118 -0.0640103709768954
0.0611685385681549 -0.0561093676339196 0.0818531139653101 -0.0263601933951827
0.104648829019879 0.00766106577179844 0.0774384966892371 0.0296446156747423
0.0770120720025418 0.0814538908332144 0.0286624443858264 0.0652575583085316
-0.0131639940953267 0.107653996601753 -0.017436370916269 0.0353533252825791
-0.089157819618866 0.0940394858741127 0.0553052553695421 -0.0330579923013618
-0.0572877370597515 0.0179252697947937 0.12986555787448 -0.119209766943333
-0.0622095661603482 0.0456953627474741 0.146629710536983 -0.0942520552696803
-0.012722451032696 0.0766297288466133 0.107404109967701 -0.098515075633902
0.0436561920884461 0.0615640021844655 0.0472120572857478 -0.114906944440081
0.0591282706069472 0.00190920621330951 -0.000565979483849421 -0.0856178782036899
0.0355162766818362 -0.029648688215482 -0.00205393314143475 -0.0723930432057343
0.0211311352177236 -0.0470133182962879 -0.00653400575500289 -0.0721952438648358
0.00639034261905913 -0.0529693615814024 -0.000138306329326989 -0.0756246012053605
0.00368579389271295 -0.0559353694443367 0.0191422015988284 -0.0892637446814277
0.0230801506063178 -0.0516787536877114 0.0535313052248903 -0.0813200676689707
0.045894278341114 -0.0363230516008679 0.0945699180514112 -0.0353460796966239
0.0712558636480154 0.0149314354616532 0.0848036522214324 0.0291382718556596
0.0417486395520107 0.0646346767396032 0.0328391241485139 0.0650235907130857
-0.0280837342497373 0.0690436871772938 -0.0144254096380093 0.0223847766504798
-0.0733539264318225 0.0396849593164166 0.07549839587891 -0.0540213057353352
0.028076193512979 0.0163586044969389 -0.0867448848386621 0.0806940121436627
0.0246830245112477 -0.0250772201236686 0.0158364550212327 0.0141494906085027
0.000826987975929346 -0.0346345948622481 -0.0209216366711346 -0.0789652789315081
-0.0246429667557825 -0.0150502093769056 -0.0946352298941233 -0.050939073444995
-0.0186166974964592 0.00835558820856871 -0.121352321180435 0.0282024334316549
-0.00880493039378621 0.0119309852316428 -0.0858431547416735 0.0986799353696801
-0.0115600597331953 0.0122386468075825 -0.0306874593585413 0.111071536023688
-0.0099865825461496 0.0102248963260253 -0.00200529373911039 0.095282700485516
-0.0109142103463155 0.00467625538309286 0.00160787433975947 0.0885854139557009
-0.00888879774702043 -0.0059311908452932 -0.00562998380409571 0.088212031776161
-0.00530904096244769 -0.0164742389197219 -0.0158665033564696 0.0861398265718094
0.0133294071164439 -0.0227993517257244 -0.0492966882209906 0.0879452564925536
0.0372989093219699 -0.0102207616697124 -0.0983067899199768 0.0820479517449151
0.0332495552311684 0.0201804172378051 -0.117392881199462 0.0842353115349382
0.0191131595427968 0.0399887215266144 -0.121573529706228 0.120179628772396
-0.0090717896593108 0.0731495075962386 -0.0857483092542206 0.0592466284718451
0.0202186557705747 0.0354081422426943 0.0205831489241711 0.00386234942057539
0.0350638886862819 0.0127099340652832 -0.0156160884861979 -0.0991640613808347
0.0281597034010434 -0.00303885576771082 -0.100413489048561 -0.0757473859279079
0.0165875379384501 -0.0146176415983448 -0.135688641905012 0.0194796184393395
0.00926597964817722 -0.0200083586760358 -0.0971114783298094 0.0937362574111645
-0.00484255348172233 -0.0301474217220892 -0.0377252208095044 0.110358418219008
-0.00938124454455816 -0.0310741643055069 -0.00229152124640388 0.0910522258336503
-0.00429188926961474 -0.0356467301478067 0.00556819926106028 0.083661511421119
0.0175855926368689 -0.0342535405332982 0.000868290147764166 0.0796546917866429
0.0344453312920967 -0.0279222580171059 -0.00324056803626467 0.0803609920757711
0.061396495914034 0.00311297912289587 -0.028139795554198 0.0866135913107829
0.0574560235264702 0.0436338310884654 -0.076272334731275 0.0878315330858071
0.0108759410094265 0.0760884650087477 -0.094496714373855 0.0963804133137003
-0.030225261609038 0.0914132349740699 -0.101095793134397 0.120590233988844
-0.0519959346180198 0.118256444901997 -0.0673933424784318 0.0265132487819929
0.000325787907819832 0.0981943661387144 0.0361559144927946 -0.0152486477166948
0.060671860825443 0.0720978614356392 0.000322009668755834 -0.124053529255573
0.0837800309085145 0.0228118599690243 -0.0957587472148629 -0.107346027539806
0.0602241149454838 -0.0322047636081731 -0.141727944920643 -0.000477807228187073
0.0331471920610519 -0.0493519068478383 -0.102286646737422 0.0750648429249965
0.00656333205684577 -0.0676167393348502 -0.0415168086066851 0.0939185052187782
-0.00739678245551012 -0.0674744316231031 -0.00229295758121509 0.0732326658878715
-0.002005577589434 -0.0703737025247558 0.0107641333361291 0.0642735198821021
0.0333123214368322 -0.0613462445839095 0.0128426117993896 0.0597296842308818
0.0625462712548431 -0.0454503043513497 0.0182902306382266 0.0671394811024506
0.103745861949275 0.0101638332033907 0.00124304803391565 0.0835759730157231
0.0867382914811736 0.0778755821580063 -0.0469427275969449 0.092988991881923
0.00651023195907308 0.120414291394613 -0.0674702770201649 0.100029861630609
-0.0646466619103631 0.134582114637006 -0.067398222840126 0.105807718530337
-0.0926548715882892 0.14242508716374 -0.0317060130772577 -0.013103747495523
-0.0317882765716963 0.148036652754294 0.0632298778791011 -0.0391122545041302
0.069039058292853 0.132114322154372 0.0269546861511061 -0.144185748637988
0.128877000619439 0.0582049221383767 -0.0763879793913189 -0.137937630267872
0.102338835614677 -0.0390270621152687 -0.132888277544238 -0.0266795873947785
0.0572413659286843 -0.0702654807785129 -0.0962835672553607 0.0440714800978866
0.0193893314303471 -0.0953614980753767 -0.041339877685729 0.0644722455977095
-0.00463603255258145 -0.0943449167151338 -0.00253053725563741 0.0451420025532644
-0.00270834924396655 -0.0952102832530673 0.0150098625057289 0.0343027320452892
0.0385037234649585 -0.0822396746101364 0.024440950529023 0.0302583106391046
0.0758593829995321 -0.0633400680597631 0.0400265697787852 0.0447688609560232
0.131990212457889 0.00408316408725226 0.0299178909958467 0.0719629486592556
0.111154056700267 0.0918184613656176 -0.0175819893606623 0.0914650744611259
0.011450518894649 0.145323559634008 -0.0443360157313351 0.0920497389634162
-0.0841919540984525 0.159180683730698 -0.0308508506246751 0.0762986621820087
-0.119549019031141 0.142258232532042 0.0168952688481916 -0.0534882127042612
-0.0669003297821787 0.169203835137396 0.0964244912147829 -0.0627428502004957
0.0557853109258766 0.172276098638178 0.0615643561380802 -0.152114037677595
0.146630134738852 0.0923611217116369 -0.0412551860777737 -0.15543397268729
0.128615152312545 -0.0325462721512202 -0.106052486243288 -0.0542589128149544
0.0736897907706034 -0.0770633188474385 -0.0776515656975455 0.00691549781618973
0.0303648136007528 -0.107741059699842 -0.0360860958450339 0.0266780111053413
-0.00162566823754782 -0.106859862816405 -0.00188860156904844 0.0105625635421677
-0.00433036621431388 -0.106924077167649 0.017066497465317 -0.000472420667153066
0.0372716175045327 -0.0928312668114221 0.0320039529370601 -0.00362570105116099
0.0776843186362649 -0.0725946904245315 0.0575337745907564 0.0180875905352434
0.139521135320535 -0.00226512881300135 0.0525856910777193 0.0551745998449948
0.118418548009717 0.0930946830171806 0.00499435767858256 0.0830989546474835
0.0121888871918017 0.14929618327319 -0.0295578013128817 0.0751832763837999
-0.0931992290444559 0.16009381381421 0.00293403871745564 0.0375581442070238
-0.122892530868772 0.117007468307969 0.0689009724085598 -0.0872308677867567
-0.0897707545457959 0.153552386513663 0.12764578386195 -0.0787167415951419
0.0273527467665872 0.175458271637148 0.0920135639229954 -0.141451410644639
0.130602133550858 0.108509610478133 -0.000649397348776574 -0.153178445670142
0.128841808450589 -0.0183127845667516 -0.0668464711789225 -0.0737878721806193
0.0753280571496982 -0.0702222951242373 -0.0498696843937383 -0.0281079791234757
0.0343273687812144 -0.101987628094698 -0.0255224907638287 -0.013089218373229
0.00180982124289231 -0.103561265741574 -0.00131564116582713 -0.0241640541656956
-0.00318106362618692 -0.103751856988258 0.0168065163988017 -0.0356583684385975
0.0343522809437032 -0.0904706161284183 0.038024540636297 -0.0361324519552871
0.0723546129787172 -0.069410074010442 0.0707620071873341 -0.0070049683186691
0.129094893815252 0.00011051939459524 0.0680954122245494 0.0398277955922867
0.105057206499667 0.0897457455960358 0.0190760772076905 0.0734589027104946
0.00160473241689609 0.135193478746359 -0.0225828179547651 0.0547350866821903
-0.094978303379379 0.13670136445395 0.031191633021816 -0.0014029296075716
-0.10044175004649 0.0729298434634521 0.111555386222634 -0.109060916355294
-0.087577898724101 0.107537913594638 0.147632810961678 -0.0878911500217023
0.00200722687142955 0.138957577330269 0.109123511574482 -0.119638375886492
0.0915095339821591 0.0967414990391997 0.0321877971738606 -0.135944999323224
0.102099147346246 -0.00608669812074345 -0.0271737393657793 -0.0831118243052639
0.0612820795085894 -0.0525632806916234 -0.0216293022223438 -0.0563921087998022
0.031008535951551 -0.0806431281241537 -0.0147797219928762 -0.0479727571040121
0.00485991254721205 -0.0849057402355755 -0.000396924528207172 -0.0546090933263201
5.49068142542712E-05 -0.085938034218718 0.0175393643203525 -0.0666056733309481
0.0298613463859492 -0.0761590101800882 0.0448214564673231 -0.0629584890255208
0.0620655883905685 -0.055829686978042 0.0828954217024288 -0.0260459133798919
0.105528434730432 0.0076730206026489 0.0779983514325791 0.0304058299175831
0.077167093097567 0.081642928319795 0.0276912983166466 0.0663202119007144
-0.0143280836858413 0.107342299700685 -0.0184724828282006 0.0361562265248887
-0.089195448909567 0.0937441048891105 0.0555280794164826 -0.0331852115652129
-0.0577080006265229 0.0172865803819117 0.13252720910412 -0.118676769363017
-0.0627719942948544 0.0452208394495526 0.148640545651523 -0.0924533933940754
-0.0131829826182238 0.076664565801687 0.109332393821532 -0.0975335881603331
0.0440783663182016 0.0622115796708707 0.0479054571454564 -0.115091521695759
0.0585829703874383 0.00183233246340384 -0.000135318485990326 -0.0862744290047972
0.0359562332335212 -0.0286199218653768 -0.00230889413060081 -0.0739766393732685
0.0212548447903065 -0.0471908431969816 -0.00643705186183143 -0.0722138779696767
0.00636671120594721 -0.0531767335781732 0.000455645925164133 -0.0757057365236667
0.0039374108085105 -0.0557067450814426 0.0194613219091508 -0.0889733469232958
0.0231217123172692 -0.0517349534424591 0.0535687308474677 -0.0804376787882237
0.0462847346894035 -0.0358903791068647 0.0951248363094131 -0.0353906292845126
0.0716990012510879 0.0148139721030907 0.0856826018754267 0.0303792412526214
0.0414562124008423 0.0644293113303609 0.0318402966302557 0.0659869300454925
-0.0292002451848506 0.068183671905919 -0.0154887483361201 0.0223113058875174
-0.0733466022313765 0.0391304731577857 0.0760897845188574 -0.053939906561248
0.030058513394268 0.0154213168519172 -0.0855341636846859 0.087222896272202
0.0223833075349111 -0.0272639372573548 0.0190269294783249 0.0156909752590964
-0.00341647180603409 -0.0348980667680946 -0.0234006231572356 -0.0789080142269652
-0.0274387920741035 -0.0119231182271367 -0.0972881608278768 -0.0482757848701642
-0.0189218193454547 0.0118169611489366 -0.121123617833329 0.0358049353845003
-0.00705928496521755 0.0148472185725665 -0.0788160534765804 0.104979124197126
-0.0102474103074016 0.0144414902805103 -0.0223343161113239 0.112499815868675
-0.00881948717436794 0.011099555685595 0.00509698584290774 0.0959121459808269
-0.0103055896534828 0.00533938532506781 0.00928098388783367 0.0910090828870074
-0.0103944283014504 -0.00558911547161319 0.00155045591387245 0.0923484428088192
-0.00784994559594614 -0.0165345584882341 -0.0101873227104523 0.0906850647966997
0.0109262216153324 -0.0257179218745404 -0.0469052632182563 0.0958698134016716
0.0358251320583046 -0.0152584012460984 -0.099101398360318 0.0932942314938718
0.0342460465879888 0.0166453847655702 -0.1181931054501 0.092361329864144
0.0203265834942515 0.0388075688482625 -0.121123225487558 0.127762159182143
-0.00142517298401492 0.0755381105662795 -0.0894969231699132 0.0620649939021698
0.0239520573512449 0.0338657376202808 0.0195275592798739 0.00402004839899078
0.0355807265034373 0.00883636016625233 -0.0233941377752197 -0.0968830634570247
0.0269567363136847 -0.00566092896244273 -0.10630633976553 -0.0691561872631904
0.0138879737507208 -0.0146854264746136 -0.134608996526498 0.0299144263128221
0.00839639957095721 -0.0196962688890303 -0.0896456864575143 0.102143507894252
-0.00852882768731506 -0.0289796683353231 -0.0266198576314151 0.115429207793872
-0.0118395711764261 -0.0301716300186066 0.00505097495686403 0.091289960289469
-0.00767927598442572 -0.0350011385430573 0.013011517753028 0.085118845335464
0.0137337820542311 -0.0368140260002357 0.00793274898734709 0.0840361934846039
0.0311240785582178 -0.0316373835916429 0.00215369340788984 0.0847159374553104
0.0617139610281001 -0.00394535576231051 -0.0265569903044745 0.0938234575262899
0.061012971924965 0.0379882285760349 -0.0769879033156868 0.0954309165403158
0.0148104202914617 0.0758763190273923 -0.0907503525432003 0.101964430808112
-0.027711379418699 0.0963057543934474 -0.0946221832479285 0.126148392102449
-0.0394650170042045 0.12396927539747 -0.0754847128030399 0.0249344834069265
0.00978203348609931 0.0975670213545586 0.0305497214844848 -0.0173985763905507
0.0674237606875582 0.064743659697344 -0.0137770880678132 -0.121346489175856
0.0852781292177399 0.0126558385775154 -0.107463088225459 -0.0972471733459404
0.0554466542500363 -0.0364745564031116 -0.14001667900636 0.0132562827924184
0.0296290647026224 -0.0508765989349137 -0.0952254542294768 0.0844495201355769
-0.00120381252145097 -0.0683620007243771 -0.030913555406498 0.1010318341392
-0.013175947528765 -0.0667011230978941 0.00375200749133195 0.0731045364213054
-0.00922692728677848 -0.0701687931903907 0.0170221812246091 0.0646385588950447
0.0272830267951381 -0.06544224288395 0.0184382239890329 0.0626775887289418
0.0576381618806276 -0.0515779085753347 0.0234620638753536 0.0701208092525086
0.105557670389182 -0.00116219824733178 0.00282278597524338 0.0884902313083148
0.0936682751308385 0.069959153265654 -0.0479530417641679 0.0981196772442917
0.0137607654950473 0.122026425292491 -0.0601780962445961 0.10234127829289
-0.0599601584551208 0.143791749469802 -0.0565562523645409 0.108073719405989
-0.077910784923106 0.151620772594352 -0.0425865107457176 -0.0199472200051709
-0.017404579647909 0.149776530538774 0.0534603195231809 -0.0450586173781432
0.0820932312934692 0.12363932587989 0.00754529116448549 -0.143456556571523
0.134638832451013 0.0419455380960346 -0.0932849496691844 -0.126217607549992
0.0961431868705468 -0.0472342486431017 -0.132781955834264 -0.0120972007028415
0.0517378557504429 -0.0740182618105651 -0.0904713379407975 0.0541340706739297
0.00834570789913725 -0.0980565794454718 -0.0317524711526841 0.0732598297606761
-0.0126360624737255 -0.0936859569740472 0.00187453562479606 0.0440356688936284
-0.0130572766110704 -0.0946782973146702 0.0185717509636574 0.0335120869545612
0.0302476999854866 -0.0872462659588301 0.0282482717258219 0.0320611121328315
0.0693405989424033 -0.0706789481205264 0.045272932564335 0.0461652253146436
0.133069045013453 -0.0103013263600627 0.0323994164280236 0.0752853411670767
0.120026696735709 0.0820061194997351 -0.0191164323767549 0.0942300347885588
0.0209812053985949 0.147376979854574 -0.0371087653549088 0.091355137398111
-0.0776643474271504 0.171329436477973 -0.0180680190488164 0.0743390967659407
-0.104532623130081 0.152651033523479 0.00527931572162693 -0.0645450856237634
-0.0506726839753456 0.173088214865743 0.0835688278543619 -0.0727918992854372
0.0726031934750139 0.164396372795945 0.0384691634042132 -0.154415085637005
0.156248765611104 0.0737023162264651 -0.0628797372883303 -0.145651905342799
0.123188475527083 -0.0440932959834144 -0.107518165523698 -0.0397012762205877
0.0670975172879925 -0.0826277892694635 -0.07427956254881 0.0157060716663758
0.0179248690270752 -0.111575062700666 -0.0290463135601436 0.0355403725332281
-0.0108217465295988 -0.106903158773482 -0.000157883555248174 0.00959053727360479
-0.0148574003243736 -0.106236483276737 0.0170303885505758 -0.00261528236621966
0.0284985321700465 -0.0968448075756386 0.0334086492110657 -0.00364089650432949
0.0699667607980485 -0.0788534936587736 0.0615614652643286 0.0175425835797426
0.13963545319288 -0.0163829839936904 0.0545286513861628 0.0563427756645745
0.127272716834237 0.0834521215584012 0.00374714007702388 0.0840988442058936
0.022746348112545 0.150696842523469 -0.0220298699965249 0.0724989858517339
-0.085878094560153 0.173243291870687 0.0153457670852962 0.0327981077987987
-0.11036533443941 0.127830289095122 0.0589181400894493 -0.100866688444861
-0.0748909936806556 0.158954322174721 0.116274899974389 -0.0923958000566954
0.0450393838869578 0.169908088813973 0.0700519229053535 -0.147874750224186
0.142228786767808 0.0916648195080049 -0.0217680221215256 -0.147214536064431
0.124651849846804 -0.0313771784061514 -0.0697907231745191 -0.0618110776205286
0.0690658681625852 -0.0757384820656574 -0.0496339204168898 -0.0219659808645494
0.0226305432579488 -0.10723136531067 -0.0231112604915283 -0.00472482707554304
-0.00691365538562301 -0.10327442486959 -0.00168855223179238 -0.0254026614194689
-0.0133421834439334 -0.10274560103747 0.0144879340056929 -0.0385029297547783
0.0254285413613372 -0.094186610730404 0.0369720521422636 -0.0376444422696169
0.0651002847337671 -0.0750923951512657 0.0731735413221567 -0.0101618744530017
0.129273856807422 -0.0124349814546721 0.0697394091039682 0.0391309072227897
0.112931478082873 0.0808144630295493 0.0184823958072426 0.0730203474226913
0.0113221918056113 0.137686170128649 -0.0161713868823383 0.0516604861399385
-0.0889484768815226 0.149108163536065 0.0420342494921756 -0.0071868988219226
-0.0926206155427746 0.0802999425821383 0.104044859809674 -0.123163526660938
-0.0768284834107271 0.112609670399532 0.138007845643658 -0.102737739963352
0.0153767447820574 0.136359208626874 0.0917955738905566 -0.128341849894172
0.102141814961485 0.084173651944288 0.0141680172864699 -0.134064456929744
0.0993690977226325 -0.0165345746856984 -0.0324520892475733 -0.0753488290989596
0.056090092172573 -0.0572768473197337 -0.0239111168189101 -0.0531100183440395
0.0213180314152957 -0.0851765330691942 -0.0159142482978871 -0.041717319903707
-0.00239761937145306 -0.0856218845236286 -0.00381056611628096 -0.0559339573004895
-0.00854839244061917 -0.0854773920130178 0.01287371260085 -0.0697656774557461
0.0230512722833771 -0.0783608416665462 0.042205399066084 -0.0663733986023629
0.0564580279408493 -0.0602154231868705 0.0847877514530247 -0.0306387144622501
0.106768245516296 -0.00168063700497179 0.0801420824017007 0.0280763997369269
0.083872732440317 0.0756287203664764 0.0289968287028691 0.0649799094263832
-0.00732484154354263 0.110443754624372 -0.0133730501183276 0.0343671970793078
-0.0853891043051173 0.105115360992899 0.0633239379872836 -0.0395010161552724
-0.0567842291358442 0.020543621177144 0.129401405179018 -0.129729258897607
-0.0583501928895198 0.0476670441542812 0.142773911375104 -0.105804082932567
-0.00512678984023778 0.075436477258933 0.0987006060299894 -0.106511175356414
0.0510902513085209 0.0542008483024842 0.0346345364300704 -0.11676927838434
0.0565179203613721 -0.00473297726934211 -0.00581424418237542 -0.0833486193948088
0.0324047078644702 -0.0317882827972348 -0.00707156036228938 -0.0732647151853718
0.0155503321952454 -0.050109822732388 -0.011393871665805 -0.0688236751694528
0.00159924897975328 -0.0537957371607377 -0.00417987772154597 -0.0770102682854116
-0.00166419018401111 -0.055609601168353 0.0135652035095696 -0.0926101905019782
0.0184840587655177 -0.053577509625736 0.0494785916520494 -0.0854043905424927
0.0426652133519668 -0.038485321255153 0.0967499254641427 -0.0421851604026384
0.073163056885566 0.00873348537421548 0.0890148844071932 0.0273310389327816
0.0462325790827859 0.0613419470471697 0.0350607508367155 0.0647776695584541
-0.0248018264117131 0.0714529139045627 -0.0114867266516751 0.022208109689186
-0.0720001012227221 0.0471727599537388 0.0803871963830136 -0.0592019412728565
0.0307128659835625 0.0152078065308136 -0.0830732149092589 0.0909379215820241
0.0213005117374179 -0.0272844335965936 0.0214283510831172 0.015169369958302
-0.00485330246769904 -0.0353713970196962 -0.026467039585152 -0.0792705020953575
-0.0278105432598754 -0.010864198464787 -0.100266903956338 -0.0453481315890676
-0.0180597830849021 0.0118327314459659 -0.120429277031499 0.0404777447328774
-0.00659988515062465 0.0146397205579704 -0.0736866138939548 0.108810065227618
-0.00928068388363792 0.0153770535934149 -0.0167469289914707 0.11418055906833
-0.00852632462587335 0.0116300252878434 0.00905715324595527 0.0961992620537138
-0.0101981439423924 0.00597863191580731 0.0140399098074377 0.0906297621584766
-0.0108215694563685 -0.00554569697790011 0.00679979717554462 0.0933502053091834
-0.0088093256592941 -0.0160802180376537 -0.00680202256028059 0.0920873193341672
0.0102040899789759 -0.0261390645976552 -0.0442013858434024 0.0988868877064132
0.0353853169145778 -0.0170452120593913 -0.0965930597492513 0.0980408786319212
0.0343464715317412 0.0163849094861371 -0.115968747626155 0.0963992424110427
0.0220340748911801 0.0390617036659777 -0.118032152991498 0.133458513877889
0.0018470899205124 0.0766952778702603 -0.0875990219939354 0.0658674151298412
0.0250713393104017 0.0336135938243755 0.0211370899843158 0.00405728167226584
0.0372051708166073 0.00717571374948419 -0.0267511172425114 -0.0981613830118286
0.0276825145843033 -0.00781614766002546 -0.110655215508467 -0.0656062311102664
0.013818675604598 -0.0158587828568543 -0.133362241184976 0.0347391733667433
0.007762480040134 -0.0202182970151704 -0.0850178764219592 0.10652885515794
-0.00981990793803863 -0.0281891349231543 -0.0206057452421556 0.115463590126117
-0.0136241026290482 -0.0293545608677695 0.0088339033700332 0.091669720245752
-0.0097712796059851 -0.0351663382628692 0.017198908673667 0.0846352098926801
0.0120194189772884 -0.0379613736792649 0.0128465589554034 0.0838026541560911
0.0299668291499193 -0.0333627778982047 0.00571532456305308 0.0852922932855558
0.0626621979728246 -0.00648917329235177 -0.0237421159840345 0.0951109973215996
0.0629028410200572 0.0355229343505636 -0.0741760222190423 0.100145746365215
0.017038417118833 0.0767223137767273 -0.087466988773101 0.105601782246065
-0.0238948264174156 0.0988562179195428 -0.0912347424731754 0.13118483219965
-0.0354075336980007 0.126952870582888 -0.0752561372476638 0.0280334866027852
0.0138534888100927 0.0983461753661294 0.0311089330296116 -0.0177956418011698
0.0712399416392577 0.0630425583317323 -0.018172398361443 -0.122850910628686
0.0880324698515296 0.00854920990190487 -0.112795271127907 -0.0948251780850878
0.0542709792124475 -0.0393600770559375 -0.140461546770547 0.0180519977522068
0.0277593212606007 -0.0529991399332187 -0.0915089490457152 0.0891819769916186
-0.00520729568824394 -0.0686210584425576 -0.0253982586835963 0.101777010234242
-0.0171971614578678 -0.0663766148656012 0.00654411380342022 0.0727814883258335
-0.0127720786860794 -0.0704339727051921 0.0203534376585726 0.0634247609946409
0.0240511933392248 -0.0673502648656545 0.0224917713786132 0.0626901791643779
0.0555851963179756 -0.0543988207953994 0.0273021023450118 0.0695987731486189
0.107234130768511 -0.00664908944319563 0.00591945688021391 0.0889353773570009
0.097283503491396 0.0663663316862657 -0.0447240500619195 0.102092312036992
0.0179085680611813 0.123804263206073 -0.0571148650156849 0.105236327348577
-0.0544915078832105 0.14826733984433 -0.0531637545456487 0.110962296177396
-0.0726925580437401 0.156592700759758 -0.0438898342393374 -0.0186475841889068
-0.0119067932060181 0.151737768893506 0.0525249211371023 -0.0468930524060217
0.0882623228236177 0.121456961226025 0.00230958938581339 -0.145966944193197
0.138864694574745 0.036200367494035 -0.09993719455884 -0.124486694337323
0.0954430535478823 -0.051759316383763 -0.133124752036471 -0.00746096869400918
0.0487780483894595 -0.0774520146135587 -0.089377305532833 0.0583443608603559
0.00323586359120696 -0.0989481679464279 -0.0281534257384878 0.0739936326630216
-0.0184763086525153 -0.0940379877195101 0.00348724935924743 0.0441835802080156
-0.0172673451281278 -0.0947183171971532 0.0204811770223532 0.0322623627663525
0.0264151931385366 -0.0894461489573199 0.0304958031222592 0.0311300734487995
0.0668483805684369 -0.0739862634173555 0.0484109535716052 0.0437943796560541
0.134008267890515 -0.0169445262027851 0.0355629617544704 0.0743626293045221
0.124790833582352 0.0776668476297692 -0.0158683364345319 0.0969999385609403
0.0266855816460959 0.148948004938657 -0.0332223899014281 0.092746839791251
-0.0708012420427936 0.176525728991366 -0.0156088066278271 0.075134556499677
-0.0997601169571984 0.158229661741851 0.00299124036013395 -0.0655009544264031
-0.0439955087624773 0.177289684906356 0.0822578219648349 -0.0756788184676863
0.0804896485312574 0.163177374285277 0.0340727202880479 -0.158326839078431
0.162157971206578 0.0671197417199942 -0.069201642069244 -0.144557656200576
0.122201095075705 -0.0494972613339633 -0.108924126551745 -0.0366279131166689
0.0646974996339494 -0.0863348673550856 -0.074640805551244 0.0187571614196678
0.0114607796989926 -0.113566656354807 -0.0271382490086829 0.0362698270960294
-0.0166688145735554 -0.106730498342718 -0.000406345316387696 0.00920564636952907
-0.0201056252762639 -0.105679677896366 0.0171066449141776 -0.0036737807580729
0.0244961256824598 -0.098897130430932 0.0344567456407316 -0.00454144931874823
0.0669676321998353 -0.0819155423699817 0.0635903964374812 0.0140601229901831
0.140462689067478 -0.0236576129957028 0.0577810363364896 0.0549271445571524
0.131234107075308 0.0778949686864622 0.00706826192265261 0.0859858300027111
0.0282205718536234 0.151664417226157 -0.0199893170745388 0.0739139442709811
-0.0790621308793952 0.17875919946552 0.0165551927535315 0.0316632997921612
-0.107283139321106 0.132427854936336 0.0560262823900937 -0.104123293779483
-0.0702692253098064 0.164014212681766 0.113761339843508 -0.0967662674779499
0.0526007782180724 0.170312143954508 0.0658788750054415 -0.1523412766551
0.148432604980791 0.0851397277922968 -0.0289927867980332 -0.147391802200063
0.124045209345093 -0.0369969250901317 -0.0724004228882824 -0.0596666315064999
0.0666110127665128 -0.0796897561858218 -0.0516115177270161 -0.0208278680434464
0.0169220598317668 -0.108713213430031 -0.0229620613066682 -0.00481786064325131
-0.0126981897017526 -0.103964307994795 -0.00341630129490854 -0.0260300513130102
-0.018418266989337 -0.102229271186632 0.0129425416214586 -0.0390572399727267
0.0212141437931012 -0.0960210256743336 0.03641028369923 -0.0391530143113386
0.0622459224086492 -0.0782598185347294 0.0738100144013309 -0.0139797350161597
0.130186991175527 -0.0199469246622959 0.0725632167487429 0.0361952018217431
0.117505905757806 0.0764297936284104 0.0215721807962599 0.0739185579274111
0.0162915094943367 0.138036715414048 -0.0145551214681339 0.0532986394564156
-0.0825869485213963 0.154596433673032 0.0415565509244475 -0.00942704761045105
-0.0909555591800615 0.0846357914018249 0.100894239342757 -0.128749040970658
-0.0734479816486116 0.116995554919009 0.135639675973081 -0.108266166536294
0.0220005236201731 0.136982972551142 0.0891359731551132 -0.133184063377091
0.107086728857921 0.0796453796736546 0.00813870725016964 -0.135099506807846
0.0991109020127041 -0.020795118888856 -0.0349685461409054 -0.0753715224446218
0.0540970212531378 -0.0599125426296026 -0.0274126887405148 -0.0527965941730847
0.0171667149546438 -0.0864696589368474 -0.0175615354817983 -0.0420863388416984
-0.00709775795402463 -0.085966946490297 -0.00617754384864886 -0.0564004836605065
-0.0120185219820526 -0.0854286095985358 0.00955449676690257 -0.0705800326807991
0.0190135301413921 -0.0804070432109942 0.0394453142411642 -0.0676130132399947
0.0539352381621013 -0.0628678994500879 0.0840060461204768 -0.0345665399900068
0.107422755141623 -0.00737007627526484 0.0823962028061464 0.0249542688844394
0.0877055058840263 0.0721494133265196 0.031371565131615 0.0658199182257313
-0.00285749450018631 0.111237897854671 -0.0126126579483184 0.0354879033197334
-0.0808088688435141 0.109915418944388 0.0623316499512286 -0.0429305139619354
-0.0564282602728342 0.023546620609702 0.126864808940212 -0.13659366913552
-0.0572347584737224 0.0510894339329526 0.140394523736658 -0.111313852099255
-0.00235437955495115 0.0760966437424292 0.0965601545523232 -0.111140845755039
0.0534460439868711 0.052780354083604 0.0303539705752966 -0.11851573558429
0.0568882387016285 -0.00705495026407381 -0.00895266759053062 -0.0837929018921866
0.0323168050985665 -0.0324006159150269 -0.0115099339255666 -0.0741029862129621
0.0128540814924148 -0.05089009849309 -0.0147418916463906 -0.0690826462848282
-0.00127831152645625 -0.0543375203672145 -0.00809519539508117 -0.0768921486729051
-0.00388460730450074 -0.0558366562810559 0.00895591763339073 -0.0933240335781417
0.015909535419013 -0.054141840058005 0.0461905966731793 -0.0873012408067767
0.041511899868857 -0.0400727836289004 0.095666275415068 -0.0458805954870431
0.0741856325728853 0.00535678688615711 0.0910589015892115 0.0232397102000211
0.0489167696427248 0.0595576195656285 0.0371889674968975 0.064776856978203
-0.0226659145804105 0.0724079231087629 -0.0111860382322842 0.0233262112022547
-0.0693876750103609 0.0511130565072576 0.0785325829622305 -0.063546772746043
0.0311754049422817 0.0142121848900707 -0.0777265462052207 0.093204524572332
0.019490398474091 -0.0269141454656536 0.0228910946700392 0.0137244441748594
-0.00563728628046008 -0.0345846893829213 -0.029761170949346 -0.0781169601396107
-0.0271842245370603 -0.0096348319316378 -0.100640403536755 -0.0411347709993679
-0.0163100725434791 0.0121928532743895 -0.116508691622568 0.0451825997594596
-0.00559388140815671 0.0141140609644356 -0.0656479385842711 0.109791728731284
-0.00846473934319958 0.015555180722646 -0.0104990709153671 0.11232207864465
-0.00800348354324142 0.012318017862616 0.0141442082693105 0.0936956770708188
-0.00990387318783548 0.00597627297922471 0.0189385544821169 0.0878576602207855
-0.0112022711915616 -0.00489320140785771 0.0125312282647569 0.0912487396232043
-0.00958177316444276 -0.0155555727579043 -0.00236484948360467 0.0910713893600916
0.00910616719801287 -0.0264791253580439 -0.0399305656613579 0.0997347618241874
0.0334376203203502 -0.0180021142363998 -0.0902887585473582 0.101112187897748
0.0338812476964066 0.0163179249879141 -0.110287941241724 0.0981953947687434
0.0233365596606731 0.0372479011627925 -0.111358996411155 0.137109464764057
0.00521278774544669 0.0760347650088659 -0.0835166223673116 0.0684188788262012
0.0261234286912189 0.0327647036465491 0.0220399590709923 0.00274214098827721
0.0376410992361509 0.00510219412669538 -0.0309410965532164 -0.0970906819256262
0.0276020945989229 -0.00922609830573264 -0.112751533280552 -0.0606661837312589
0.0132782127041339 -0.016441861413269 -0.129465888569047 0.0394667975133668
0.00711320575467668 -0.0211995484277366 -0.0770247827170547 0.108104149699047
-0.0113585833424048 -0.0268920352087533 -0.014490918702541 0.113878368552389
-0.0159365026494555 -0.027913906753331 0.0131052707641248 0.0883435712851786
-0.0115172423004864 -0.0342901644014146 0.0219563438364506 0.0815509948834956
0.00990120760040291 -0.0382620719075678 0.0178673565095945 0.0815145681798268
0.0275249003243218 -0.0340974382265792 0.0102236401432039 0.0833477246944846
0.0620022028705399 -0.0105217964033859 -0.0201388002011172 0.0947374955325938
0.0633979290579115 0.0321975492746902 -0.068660374705119 0.102310388533882
0.0199288589852487 0.0766471216933487 -0.0819017906095636 0.105958871098586
-0.019089494962433 0.0987036584275475 -0.0847162813262503 0.132743623031686
-0.0292477523601379 0.12670709684066 -0.0731616623785304 0.0306139437335586
0.0183077795339245 0.0963327130044121 0.0307703135718544 -0.0184494664405235
0.0737653754563908 0.0588776868816955 -0.0229238705090309 -0.121169726091456
0.087654752415297 0.00265192647666093 -0.115968647959369 -0.0890078627065856
0.0519046288769406 -0.041052398582072 -0.136922063223898 0.0230950020261319
0.0247569069883904 -0.0546470162174279 -0.0851401605906884 0.0916735106296544
-0.0091432256550817 -0.0665394200909874 -0.0193283868999932 0.0998744066631175
-0.0217932399328142 -0.0636737389062045 0.0100155172311376 0.0709906693654136
-0.0161742412608949 -0.0680469319893286 0.023770656947799 0.0607978538879517
0.0198065969358726 -0.0681553626654225 0.0257684649134669 0.0599010854754974
0.0518966536773096 -0.056497919444305 0.030711762036044 0.066385577793787
0.105378854569004 -0.0127631807751642 0.00934298161827623 0.0870904742832782
0.0985620661382654 0.0609962188011429 -0.0395006037761848 0.103595034035442
0.0232852489247082 0.122154009616584 -0.0516725965953284 0.104600828870632
-0.0464295893458854 0.148658179153904 -0.0480824198525403 0.110792559984606
-0.0649465792367247 0.156909394427219 -0.0439863514561481 -0.016344286988591
-0.00553777624200179 0.150298586805449 0.0501613608169981 -0.0470608006160323
0.0931186184177276 0.115687341469802 -0.00355367727389579 -0.14470413222497
0.139523184672329 0.0276879142851139 -0.104329070310424 -0.118584293655123
0.0909036101915769 -0.0557014058185315 -0.131278195776853 -0.00166486582769378
0.0446378030092817 -0.0793149771398021 -0.0845129997951341 0.0613225922357994
-0.00257755313728584 -0.0969045302563281 -0.0235404571677747 0.0725189421671316
-0.0241136740059336 -0.0905603914333829 0.00529719081788009 0.0426481201793042
-0.0225805187849055 -0.0920745519585397 0.0218295745125173 0.0299874566298115
0.0209792992449033 -0.088947967993208 0.0324220286110754 0.0288594394628669
0.0618633731425937 -0.0764091547652874 0.0497103335421487 0.0405466639512037
0.131768598374726 -0.0241540585503564 0.0381215033556599 0.0711593788860762
0.126456456375982 0.0701606861169626 -0.0110481349934436 0.0975603322973421
0.0332592457310671 0.14554837838923 -0.0290300252290722 0.0922727991204452
-0.0608259523969975 0.177872380053233 -0.0124740310525468 0.0738859525339724
-0.0912831375679064 0.160114890160129 -0.000113087486942743 -0.0642983246165056
-0.0359801562808162 0.17675710613678 0.0783461311910298 -0.0770543529045825
0.0876347078545735 0.156947683410271 0.0270701487563593 -0.157508563102779
0.16391748572354 0.0572189469219803 -0.0750260163513932 -0.139510339237436
0.116878126278408 -0.054997667827166 -0.108079540009983 -0.0312754133879278
0.0591235431782824 -0.0889420973791171 -0.0729053501585658 0.0216079336341578
0.00463924490730229 -0.111745340909611 -0.0243712046225406 0.0354032703520066
-0.0238489260366104 -0.103419551143255 -0.00053031494761104 0.00906498610391484
-0.0254975717929036 -0.102946520540482 0.0168296206122792 -0.00523076312176089
0.0178596122237711 -0.0985703029585 0.034184576305943 -0.00608757972500885
0.0618384761616129 -0.0842014436618619 0.0632148995881454 0.0104849661040696
0.137162628647012 -0.0308233922879911 0.0597579222865006 0.0510002521266602
0.133310005796394 0.0702395971606123 0.0110814913080668 0.0855496487239799
0.0346205622893464 0.148122207861041 -0.0166467081078485 0.0731343707657749
-0.0685382118801788 0.179696476624421 0.0169431939671743 0.0300196900241308
-0.0996682303243798 0.135355199829274 0.0511635313193098 -0.104708091549345
-0.0614995362133903 0.164654522399695 0.108224446540743 -0.0985766581612146
0.0598631189503369 0.165464539386267 0.059104387497232 -0.152817303342107
0.151111214801773 0.0765336941134269 -0.0347063216385796 -0.14414807760616
0.119512612957363 -0.0419201502726908 -0.0733071383961051 -0.056013931470757
0.0617096011042901 -0.0820211883565269 -0.0527958416532575 -0.0182472890285491
0.0100058172772695 -0.10760883718551 -0.0224679324833097 -0.00428332062374965
-0.0191353027775352 -0.101364351397294 -0.00494747832586537 -0.0249886644173091
-0.0234366786295461 -0.0992527502571138 0.0109653508995578 -0.0396664428280779
0.015809086905155 -0.0949093100840914 0.0338779695781147 -0.0399702534364302
0.0579125666343652 -0.0791335362571619 0.0723085347069868 -0.0176635856361955
0.12759445832135 -0.0261757671992988 0.0727250909562931 0.031904115903498
0.119042242707563 0.0690380431503605 0.025104380211229 0.0735555402077828
0.0220989702274981 0.134967440842335 -0.012285633330742 0.053096502855124
-0.0728564001222334 0.15641424858972 0.0398518212825032 -0.0119145935280819
-0.0855251490397575 0.0877668312589477 0.094655847279243 -0.130661781456724
-0.0671279488541419 0.118759520249167 0.129260831552205 -0.110770372190763
0.0280120437645184 0.133312712738002 0.082516368396867 -0.134334947380702
0.109686360238375 0.0727349094102485 0.00226721875377504 -0.133779815457296
0.0955239945271961 -0.0251528699234867 -0.0368533395806577 -0.0721803495993162
0.050711459272088 -0.0613194867052729 -0.030362698345834 -0.0511760839020626
0.0115812149239005 -0.0855141682490492 -0.0195113481869597 -0.0407876950527774
-0.0127981536366514 -0.0837459744988719 -0.00879791078151679 -0.0546272095519793
-0.0166156412224532 -0.082892755054497 0.00613357932276682 -0.0695352097480887
0.0144289719674665 -0.0791535643051926 0.0354461139421815 -0.067139947344998
0.0503242896191036 -0.0642465698915281 0.0810895222782093 -0.0383524204793921
0.105406960579682 -0.013084085982544 0.0830493248154913 0.0205765667937383
0.0893921284458614 0.0660844368481677 0.0339027321164514 0.0642289921929487
0.00134938397355674 0.108556444739628 -0.0108073412782783 0.0356970083155219
-0.0733665613572675 0.112039868047637 0.0584532301800887 -0.0451492456813116
-0.0547300466289908 0.0256806097633652 0.119459790135611 -0.139469850127007
-0.0533994451400389 0.053225875691622 0.133380261354891 -0.114536800746732
0.000942543546102553 0.0753160251647552 0.0916694237821024 -0.113539397677082
0.0551738370812071 0.0488467866061533 0.0247607779004169 -0.117409578438142
0.054383217773805 -0.00964810332827016 -0.0121525871188568 -0.0821286281105604
0.0299982984743061 -0.0331755341217639 -0.0157030953702136 -0.0727541143054613
0.0100544399443628 -0.050108378902428 -0.0176428556624798 -0.0667932950876479
-0.00479704759509459 -0.0534363290346202 -0.011366461329025 -0.0752818300460498
-0.00612443343099345 -0.054223182087426 0.00476183889481346 -0.0918018701284046
0.0127360499078331 -0.0540817707961575 0.0413174584887204 -0.0866312102377208
0.0384342177678403 -0.0411328535403269 0.0921382971298781 -0.0496229058720001
0.0731883241133506 0.00124913022008722 0.0910043559231953 0.0190110115554544
0.0511664920778877 0.0559622199172019 0.0392524060371218 0.0624549821544762
-0.0191873080834672 0.0717156563403304 -0.01059449330471 0.024215946407883
-0.0648838908937119 0.0532748816509729 0.0735445102088659 -0.065809898994822
0.0307664343557187 0.0133702830389568 -0.0730098570192271 0.0920468544710868
0.0185944625662439 -0.0256858470639351 0.0238366230691108 0.0122837852625321
-0.00611124088288234 -0.0333624777664793 -0.030935670273126 -0.0760147628209894
-0.0265382480236559 -0.00875429758827323 -0.0988682038451101 -0.0375025097043094
-0.0157975000500542 0.0111480659294517 -0.110762430293016 0.0464430986297268
-0.00477290407271306 0.0134258169895167 -0.059445715697652 0.107053723177496
-0.00694149979851222 0.0153220550695026 -0.0061554114660916 0.107838355968052
-0.00705314673032195 0.0120808672207456 0.0162849419918195 0.0896551247590682
-0.00941012838064806 0.00600234882774507 0.0215571819845336 0.0838054540676737
-0.0107584617923538 -0.00419471997484346 0.0155234095409766 0.0869632954579391
-0.00951280753750479 -0.0146687700309294 -4.95439687661267E-05 0.0887463718451328
0.00802107557009181 -0.0261089243149285 -0.0365800754576027 0.0980486831995398
0.0315002060197972 -0.0182655609987214 -0.0843282386989176 0.100197426061349
0.033075861568456 0.0162459729898991 -0.104096309391065 0.0958104039483496
0.0229687452892574 0.0357350732693182 -0.104765901612143 0.13573863824193
0.00694078034653191 0.0737626727345872 -0.0792255378074572 0.0686825613200774
0.0266620609496995 0.0314703486810892 0.0225870019978494 0.00202838212220949
0.0366888194110424 0.00414758855245648 -0.0324951675359854 -0.0936219689981705
0.0268710953515366 -0.0104672926228962 -0.110910291503458 -0.0564160863363541
0.0124230961758337 -0.017037226454826 -0.123778803894802 0.0411436763683755
0.00590884418039674 -0.0214971181953714 -0.0702794433713707 0.105954987733579
-0.0116975536569652 -0.0253444317294272 -0.0103892641557616 0.108659387951771
-0.0166026558658903 -0.0261586600339118 0.0153188307192863 0.0849820784210347
-0.0126085696120508 -0.0324535486040288 0.0238780990565539 0.0769699841540264
0.00809244992170712 -0.0372009930932615 0.0205240942765249 0.0776696718654196
0.0256244559260015 -0.0335978274856579 0.0124905074258897 0.080022941311664
0.0597580083146766 -0.0122320313109082 -0.0175745458959103 0.0927105002689571
0.0617472101918136 0.0295384424583884 -0.0632062708749845 0.100772547230193
0.0213159226408679 0.0744084496419472 -0.0770946888681663 0.102887838054588
-0.0155725497645293 0.0961791975921512 -0.0795539800485583 0.12994902113497
-0.0245683488895019 0.123813469853225 -0.0697900858482165 0.0312426135038782
0.0197060962158017 0.0933812038124699 0.0298685309941146 -0.0184081601856717
0.0734423607913057 0.0542914864870915 -0.0256110912611211 -0.117895153921532
0.0855810480098943 -2.11517786100623E-05 -0.114794042548616 -0.0832572401970566
0.0493557819384891 -0.0418340470558047 -0.131308589697863 0.0247252821164017
0.0222622322511458 -0.0540742048231866 -0.0788249529315089 0.0902244324696425
-0.0116424492344514 -0.0633520678831513 -0.0154438654203678 0.0949938237834614
-0.02397958389646 -0.0607245615736086 0.011360540748989 0.0676113312412489
-0.0182772848924537 -0.0651422991230299 0.0247549887824442 0.0566579335876729
0.0172753799145923 -0.0664687593797026 0.0278180699123307 0.0568817071467796
0.0479243861210841 -0.056077583273494 0.0316100357896178 0.0635320985370225
0.102085520589828 -0.0163689670439888 0.0109180970855021 0.0841686577640576
0.0970380416619408 0.0558889066611582 -0.0353320909121771 0.101662305485482
0.0248860315754682 0.118262893299054 -0.0478752456004879 0.101730352628608
-0.0406476148709207 0.144833449481141 -0.044546703026147 0.108158315405967
-0.0585245322717291 0.153654348651812 -0.0429774157001776 -0.0147281589272053
-0.00146194418994545 0.146049667728773 0.0483054870549883 -0.0462540964900501
0.093812318613067 0.109082253961178 -0.00644560927016675 -0.140694102412231
0.136450548677491 0.0212542547290422 -0.104306677075608 -0.112209480409429
0.0869778381380965 -0.0565734823513653 -0.126080812976709 -9.99908313051596E-05
0.0404609554470861 -0.0783258255712693 -0.0795029063106408 0.0609124563949659
-0.00652859761035536 -0.0927456402754422 -0.0202283804603464 0.0688096926890387
-0.0274744010179882 -0.0862309419113746 0.00630849775286112 0.0409712623888931
-0.0251033827180395 -0.0875920940023427 0.0217815876854917 0.0273303342633539
0.0174533201301706 -0.0868163229721437 0.0323774801144918 0.0263576266143621
0.0576996780817593 -0.0753836927234425 0.0495177010355292 0.037351351972246
0.126731008591082 -0.0287448225126576 0.0384881098303354 0.0683452491360831
0.124148285723087 0.0637428724516516 -0.00788844478282229 0.0953300267571282
0.0351624546566668 0.140208243752281 -0.0262804762562705 0.0893366914657394
-0.053073619330453 0.173509702494971 -0.0104185914530208 0.0708215979482728
-0.0843354449433833 0.156712644324099 -0.00115727606018027 -0.0623261213202162
-0.0308884112630881 0.172071061147965 0.0742445645808911 -0.0750506997209855
0.0894279791869519 0.149727445830012 0.0224589936332611 -0.153748946818476
0.160996166850526 0.0492028662651665 -0.0766391263581879 -0.133143048229082
0.111959021091027 -0.0565443625063065 -0.105081124119115 -0.0289539175670072
0.054736498387889 -0.0881322979489257 -0.0706404679389225 0.0230929903039606
0.000195318191398314 -0.106750880365064 -0.0222766873520552 0.0330012239691039
-0.0270265734055219 -0.0985187355373519 -0.000498605298839663 0.00888016528687944
-0.0281319557758665 -0.097687719120862 0.0156831503699284 -0.00535213725700746
0.0139902539758828 -0.0955089596520596 0.0330989995745047 -0.00681076198407565
0.0576047830255372 -0.0835158325185106 0.0617076291600194 0.00738917600292568
0.131660587116733 -0.0356629726741795 0.0584215340294621 0.0478849498639679
0.130654498034456 0.0629915012424376 0.0127994838656445 0.0839482673163641
0.0369188276317436 0.142022647650774 -0.0142794352723084 0.0712648965867697
-0.0603310791513515 0.175321908743195 0.0168712255313306 0.0280901448237281
-0.0932799304439475 0.133820506701425 0.0474453853129161 -0.102789755363286
-0.0554892711435894 0.161406157395111 0.102343886569359 -0.0973218763569135
0.0628004761103046 0.157801204211576 0.0543461400941293 -0.149222225003112
0.148542860883769 0.0681337831506972 -0.0375613694196279 -0.138341968110143
0.114026461107358 -0.0436213699057903 -0.0710701053797122 -0.0535983285743386
0.0572224924618846 -0.0807246669116259 -0.0520333830235399 -0.0161584479512284
0.00563823721412876 -0.103331140588644 -0.0221832809832934 -0.00488078418731005
-0.0235801072235007 -0.0965910006649305 -0.00572674806106672 -0.0234900440292279
-0.0262456931392402 -0.0947593965922917 0.00912084413482135 -0.0381250380590393
0.0117091677293274 -0.0917444133108959 0.0317054227845928 -0.0390170551926376
0.0537043974071791 -0.0777709849787479 0.069602566850228 -0.0197141606471184
0.121568108513068 -0.0302942473000883 0.0710850689185091 0.029519528155882
0.116850367830405 0.0621867172236133 0.0259674911107964 0.0709848733121101
0.0246668174708705 0.129649234619892 -0.010598949907665 0.0521525352916735
-0.0648363411823973 0.152681092033634 0.0375792089004612 -0.0127165489866313
-0.0805061784536295 0.0872462552814029 0.0891612732687812 -0.128756537117456
-0.0622843985200832 0.117285910957786 0.122630622087695 -0.109803890235542
0.030059158852892 0.127704548001065 0.0776045827190664 -0.131625576320656
0.108337592155481 0.0665906536081554 -0.000917424816611029 -0.128227018635502
0.091124305176437 -0.0265588371501836 -0.0372606730304314 -0.0701314822610922
0.0471000662025628 -0.0606857680859246 -0.0319340297540033 -0.048538471312168
0.00791953584625444 -0.0822192994738107 -0.0200713944399891 -0.0393501237670501
-0.0165560713779906 -0.0794401446197567 -0.00994022511675479 -0.0519091651834089
-0.0188877111661261 -0.0791037782368439 0.003161249721964 -0.0664633184723291
0.0114499364106274 -0.0765109325065802 0.0321679252839816 -0.0657864573666526
0.0467305750505384 -0.0631636029647713 0.0774373671835303 -0.0397600234098636
0.101289707194693 -0.0168185622263678 0.0802105931520211 0.0181241577376715
0.0879366478940985 0.0604649931695771 0.0343225666081448 0.0622386090493855
0.00416134309809606 0.104869932864008 -0.00985917598913212 0.0354041677694287
-0.0664186020150815 0.109617430700236 0.0546704501485183 -0.0454041569636931
-0.0517642020331356 0.027046168931176 0.113257302047651 -0.138164618147505
-0.0508445055063123 0.0529650299230765 0.126392252920845 -0.112917803033061
0.00284280674642407 0.0720467175143744 0.086334349813575 -0.111446236816717
0.0541639041476231 0.0454032614783327 0.02121490823541 -0.113382863348124
0.0518313206682077 -0.0101763143672854 -0.0136598364229052 -0.0788275830238312
0.0280399291849678 -0.0324074585310815 -0.0180057220239826 -0.0694465694467089
0.00760107403352988 -0.048276325564639 -0.0189183443554277 -0.0639430144296018
-0.00720145774829575 -0.051100777129252 -0.0127724795027213 -0.0715764521623191
-0.00821885624135538 -0.0522811617191895 0.00119700611596474 -0.087688883513696
0.00998643539845775 -0.0524384852109655 0.0370343509120302 -0.0835011095596294
0.0363372465757051 -0.0408486187370053 0.0875334407444293 -0.0501969690692199
0.0709809071051722 -0.001677131180596 0.0879492082084053 0.0164173568989225
0.0502009040435387 0.05216678309641 0.0399445778882332 0.0602358457391115
-0.0170456259216808 0.0694119455949659 -0.0104797892846799 0.0239790103944661
-0.0603343941106757 0.0529768405064953 0.0684917992675644 -0.0658071401104651
0.0294574751516409 0.0136599739238458 -0.0703102527375467 0.0893191293207031
0.0184411028353878 -0.0245034320648867 0.0239131621616136 0.0112630568899021
-0.0057858121358709 -0.0327495853312128 -0.0311524820599509 -0.0743738607553437
-0.0255243676934244 -0.00865623151781829 -0.0968741525134652 -0.0365027138278018
-0.0150369301319943 0.0102751113330513 -0.107925223067343 0.0453095817899882
-0.00463232098482989 0.012139324866212 -0.0561470789396133 0.103518405551449
-0.00661004198134311 0.0151922071449394 -0.00492136998544304 0.104715701921419
-0.00699485292919481 0.0120719943296012 0.0160995741994449 0.0868233724889988
-0.00917172030296161 0.0056410088123358 0.0214518995031758 0.0808496714503961
-0.0107550461353819 -0.00425509114576468 0.0158118794756722 0.0842801559301651
-0.0100224168569804 -0.0138398272092816 -9.40092786277427E-05 0.0865884829612525
0.00839430380982154 -0.0253930892020951 -0.0361779557774674 0.095539663510061
0.0299442235008302 -0.0171254429501237 -0.0818944172798606 0.097284509078295
0.0320734905210005 0.0169016658689632 -0.10241843854394 0.0919613875043152
0.0221018668266162 0.0346475033175877 -0.103850639133901 0.132193163832292
0.00725127544792826 0.0722132426914423 -0.0770450545314824 0.066399420161502
0.0256851721983604 0.0312104089668751 0.0229967180770402 0.0017090000669598
0.03651744604994 0.00326458053050742 -0.0324904339615262 -0.0916714286939686
0.0261671701908306 -0.0109297342836283 -0.108076009696258 -0.0550052514880388
0.0124481869519523 -0.0172950837460248 -0.120475205890391 0.0397627054320909
0.00539258435574226 -0.0214718257037364 -0.0673797920937036 0.102507501402549
-0.0118824894541081 -0.0243976707459363 -0.00929111288889118 0.10491684648579
-0.0168079741781918 -0.0251968591480284 0.015168459765998 0.0816845881412443
-0.0123358552113653 -0.0316778424969765 0.0240059170502626 0.0737160031363235
0.00760306689571356 -0.0365951704933361 0.0206634512971964 0.0751843355529872
0.0245817562784905 -0.0327282546711618 0.0119547803978575 0.0784061516251607
0.0580693010829158 -0.0129851603234327 -0.017686593656623 0.0911169001999523
0.0600437718574501 0.0288628905344903 -0.0611148182730539 0.0986221001877151
0.0203569666954764 0.0732219986563729 -0.0755619935711114 0.0987316883912169
-0.0151868688753101 0.0936107984615084 -0.0782828178638112 0.126437699351415
-0.0237529932151451 0.120756644625195 -0.0678215226269164 0.0302351372572694
0.0191420057737813 0.0917056736073134 0.0304323062272637 -0.0178542706709647
0.0720840042732755 0.0523146657436881 -0.0252912275458141 -0.115294752561608
0.083978223716125 -0.00175281009392441 -0.112456244742741 -0.081366813654801
0.0480687739872193 -0.0414205583780923 -0.127827408315586 0.0233017964767537
0.0212607685874055 -0.0535739689821224 -0.0759523434660821 0.0875893337275053
-0.0116516535788909 -0.0616687892734068 -0.0145827338932707 0.0913042253135988
-0.0242914429565165 -0.0581562346819778 0.0112245018275857 0.0653611369632133
-0.0186787360958737 -0.0631808829532975 0.0249382313232792 0.0542075115571772
0.0159628375713032 -0.0648068713500682 0.0277405344179729 0.0542297885997332
0.0461157068648528 -0.0549411039912167 0.0307415637608252 0.0614549548444999
0.0990641479003975 -0.0173322553377097 0.0100707839138542 0.0825831372036783
0.0939889711319123 0.0540032956739613 -0.0339064092925645 0.0997190332130785
0.0249445361181041 0.115486907489297 -0.0473124211773927 0.097652416449431
-0.038480583041885 0.141768697490878 -0.0439442459127429 0.104540847834773
-0.0570500685273123 0.149917390670344 -0.0416748544683071 -0.014179750598033
-0.00178385253230149 0.142441807636323 0.0476269550614676 -0.0443876261621209
0.0921632332855563 0.10551311126793 -0.00666762318581604 -0.137598944353403
0.133529200937869 0.019622494329517 -0.102287039920074 -0.10964892019809
0.08406386314531 -0.0555794613836006 -0.123269338403997 -0.00109053792089826
0.038418635319484 -0.0774312541692192 -0.0771050204242222 0.0598484419777432
-0.00732077278631623 -0.0896866032152743 -0.0194914515910675 0.0650397240185902
-0.0287038740203078 -0.0827984818143054 0.00557298077608118 0.0397079491514989
-0.0250829509471936 -0.0847109971264622 0.02152000095326 0.0257585312393762
0.015996730870289 -0.0848038230433668 0.0319861618438242 0.0250820717242049
0.0550425702369686 -0.0737283309352695 0.0481073083654233 0.0355429388714488
0.123092473708073 -0.0297433678178559 0.0367751712857778 0.0661140414377639
0.120347749651005 0.0611539824612633 -0.00718444156210175 0.0939342098928445
0.0342611903810559 0.136794407494055 -0.0255885676840188 0.0870530001033032
-0.0510235636296918 0.168262824282801 -0.0114682185422733 0.0689068421916802
-0.0824097890042904 0.153799892766535 -0.000723485942326553 -0.0606325982889409
-0.0297540085019163 0.168328430403903 0.0727481038543345 -0.0724583303398069
0.0874760900821227 0.14519000779624 0.0221313569764162 -0.14978978202192
0.156680171855612 0.0460426766610954 -0.0750149902934769 -0.129250083803707
0.108878557150972 -0.0547819833233311 -0.10213598525766 -0.0288981756461777
0.0523199950035843 -0.0865668824182289 -0.0686757329250438 0.0223473773174108
-0.0006003958181714 -0.102880480822812 -0.0224340353884809 0.0308142473817989
-0.0283575139627333 -0.0950003943808876 -0.000375218029754271 0.00852360936944548
-0.0277720287073524 -0.0942648237272631 0.0153956881320888 -0.00571858793076011
0.0128727119897399 -0.0926205346769463 0.0324335565090563 -0.00680339410520937
0.0551742632026065 -0.0811684708302979 0.0599068315916495 0.00686677826456537
0.127676635634486 -0.0362115181013739 0.0569729413743819 0.0467166506661907
0.127329004270738 0.0603073861610776 0.0133334108953934 0.0824022868843974
0.0361263119138718 0.138546677388508 -0.01434993571585 0.0690974098230559
-0.0572088241302149 0.170399035028586 0.015261884616921 0.0270466837773315
-0.0907899708216792 0.130237596099512 0.0464048042344605 -0.0996915931408419
-0.0536275958854504 0.157754409149103 0.100124419742232 -0.0943121410080691
0.0620215635335014 0.15306836795711 0.0530217536247911 -0.145996266916649
0.144783650792801 0.065176076431327 -0.0366406450948086 -0.134082868048001
0.110847860028583 -0.0429244380690223 -0.0693065065033528 -0.0528739705867047
0.0546911948868209 -0.0796210055605624 -0.0515739094041131 -0.0147490602855469
0.00446551664153162 -0.0994832529842448 -0.0214109808831625 -0.00548030955161666
-0.0242251848657763 -0.0922740941311478 -0.00594705686814281 -0.0226488541736062
-0.0264555127724439 -0.0913639081890412 0.00820527931484483 -0.0365272348203278
0.0104049884400312 -0.0887764849024191 0.0311765759020968 -0.037779007130794
0.0507066208558453 -0.0765945342403105 0.067660720032748 -0.0190878817429636
0.117977638896255 -0.0310000549825385 0.0692807239815343 0.0285965288384861
0.113821061044288 0.0601754774599159 0.0260091312368871 0.0697521930660286
0.0237467902399105 0.125400817003327 -0.0107443427159133 0.0507448692495336
-0.0618951158846786 0.148070967413008 0.0358018852956113 -0.0126110013665267
-0.0784588173317268 0.0853231511511042 0.0872069282001591 -0.125017017203587
-0.0600511882383083 0.113937600474806 0.118984059843399 -0.105747763342141
0.0301964405563592 0.124159802019618 0.0755868208888253 -0.128369816636511
0.105411556714172 0.0636684427485218 -0.0013408703636481 -0.124570351512501
0.08871311834513 -0.0258861022794931 -0.0354872345882065 -0.0680006423519973
0.0454970455976529 -0.0593884737422623 -0.0316336576295876 -0.0466920247699533
0.00660072716399619 -0.0790907793488283 -0.0202236896774744 -0.0387619210644869
-0.0173323530299958 -0.0764220605691281 -0.0100435010242703 -0.0499095119883753
-0.0191019843197951 -0.076284378932686 0.00325751823750781 -0.0645439405458152
0.0102280637248165 -0.0741936132740788 0.0318204631027939 -0.0631144687151076
0.0449983246546992 -0.0614432874772671 0.0746783176047281 -0.0387717573346721
0.0983077901365745 -0.0178378449522418 0.0774478624276152 0.0170686857385932
0.0855517414124684 0.057518657636773 0.0336986351194956 0.0616929163650911
0.00391088472402536 0.101504937990362 -0.0102830413257879 0.0349186287129931
-0.0633155640664435 0.10652233197788 0.0524796571425224 -0.0440856328043197
-0.0503324354749519 0.0265845055543531 0.11134693594713 -0.134392722592803
-0.0492063570115284 0.0517809920860645 0.123031941549391 -0.109250328292698
0.00280441928734478 0.0701130493503287 0.084860616128286 -0.108513698735
0.0528106631508552 0.0435886382159384 0.0207543065691686 -0.109666698523532
0.0500178314683872 -0.00973605992693414 -0.0129483938391502 -0.0766435851900193
0.0271587766453146 -0.0310638580206097 -0.01892803283314 -0.0672822927119718
0.00678678778802298 -0.0468855645242958 -0.0191979732815146 -0.0619621968290558
-0.00780186042744355 -0.0491618670290461 -0.0128768577655874 -0.0691501436448551
-0.0088376403770811 -0.0502572985689362 0.000836989930861032 -0.0843678230218586
0.00919946479948913 -0.0507661776745219 0.0357961626826249 -0.0810683358464253
0.0347378834912393 -0.0394008093287309 0.0852191854957638 -0.0491260545658579
0.0685348051250818 -0.00244318818595201 0.0859298236029357 0.015456104151175
0.0488301001397871 0.0500057961589177 0.0388148525442277 0.0590906172102321
-0.0164856292721384 0.0674021179034201 -0.00995382820692512 0.0241001363335433
-0.0578331998347938 0.0512746869874725 0.0664005592132725 -0.0640336676730952
0.0306970310100192 0.00839882326476519 -0.0549122592959471 0.105764555553004
0.0138312422998896 -0.026275013728844 0.0280944005245968 0.00690740136960624
-0.0119833110088507 -0.030524778291562 -0.0432826856074191 -0.070591610789355
-0.0272776912244732 -0.00312031734885435 -0.103923102044697 -0.0217558581033658
-0.0132146584342176 0.0135092464415198 -0.100470795166013 0.0641576453029735
-0.00126647509345534 0.0130450612743376 -0.0381949482196809 0.112147838876322
-0.00296148640955923 0.0163243428643282 0.0118310184454957 0.102835287443602
-0.00443648811233219 0.013321930774638 0.0312380050372662 0.0822381717317253
-0.00721909976598208 0.00730019253443264 0.0364569991857749 0.0757562015995037
-0.0109435576821244 -0.00156228813831302 0.0328125226921631 0.0811959961866437
-0.0119963980339869 -0.0104628478111719 0.0165102763899888 0.0870438340945996
0.00144386398923164 -0.0253212713744671 -0.0172948152302236 0.104282412516151
0.0236735804939005 -0.0209134941266344 -0.0636439097904303 0.114088107450361
0.0328459636755236 0.0107732150924089 -0.0875634816290619 0.111875876212995
0.0255004841393609 0.0309261529683129 -0.0834981805377458 0.15085263071898
0.0194323119191538 0.0672192875088073 -0.0693950938467881 0.0854523186220927
0.0311255348804093 0.0252081188706419 0.0237206255642777 -0.000824285832300841
0.0346651614782683 -0.00422902026088104 -0.0479868369203496 -0.0837178804094744
0.0213410231923649 -0.0159495279942654 -0.116860809282926 -0.0342101715872688
0.00805591077012235 -0.0174405455867569 -0.111714109559939 0.0600678092597877
0.0023125851913031 -0.0212539745983249 -0.0476920201014561 0.112530150304922
-0.0157222950729425 -0.0201767562348202 0.00997465557673636 0.102281480300521
-0.0204046770588939 -0.020480411425951 0.0294999103907299 0.0778342062867185
-0.016981044996193 -0.0276193188222154 0.0375849645239435 0.0693442500859891
0.000564083383858554 -0.0357456573589051 0.0358328990879526 0.0720667247487728
0.0177327523824194 -0.0338343953852302 0.0274895392312302 0.0770395502611968
0.0527126373715336 -0.0221792449626631 -0.000847715038864593 0.096552086222923
0.0604696017884502 0.0174209702539425 -0.0447585452483137 0.11305557330249
0.0320828716853337 0.0686729819394035 -0.0608974341033716 0.110787644005681
0.000287159560968187 0.0959572606635297 -0.0591666251548637 0.136105917397715
-0.00225043296068668 0.118061379570102 -0.0702467162872076 0.0476337785385728
0.0351035342220901 0.0836747253487728 0.0251771111995975 -0.0196627250019741
0.0779743600199605 0.0355773694632583 -0.0463616441237046 -0.103372374266436
0.0774790316263219 -0.0188457340816811 -0.124819518074278 -0.0554391842270847
0.0378122826753491 -0.0472732871819307 -0.119270030678714 0.046070801047765
0.011488454858527 -0.0544627302505168 -0.0568745775322753 0.0991462886000985
-0.0230326214085498 -0.0550788526008218 0.00502249773196507 0.0891469655123202
-0.0334238344005175 -0.0511674939774432 0.0226963398856718 0.0617437345560952
-0.0286629455031392 -0.0568064710862661 0.0342551948059344 0.0494827797564738
0.00403936768154114 -0.0648961328474848 0.0392521414791779 0.0504020374009866
0.0349826321774894 -0.0586977008103433 0.043478637716558 0.0567348155780086
0.0911725384795586 -0.0335330879182851 0.024973223542198 0.0836440830748658
0.0978872653953624 0.0358345946861678 -0.0181103094361607 0.110410046370957
0.0441461997863646 0.109205501330384 -0.0337864510921476 0.102187889581183
-0.013408873643075 0.146753710315373 -0.0293840567151405 0.105047256283707
-0.0289752453953638 0.150825383632571 -0.0541106782563379 -0.00277779041603558
0.0238117169510674 0.136708642286007 0.0356027072145729 -0.0491662448889395
0.106282416230818 0.0820391353573389 -0.0337784539394296 -0.125779780211389
0.128058173626159 -0.0086134449548042 -0.119336962098482 -0.0808074290234628
0.0695384354643985 -0.0674429809446759 -0.116645033789662 0.0215559631122381
0.0240201166681564 -0.0806290968401289 -0.0616768940113662 0.0718018435351965
-0.0243581908653269 -0.0827076065714318 -0.00200278841067548 0.0641518307115741
-0.0416442124516461 -0.073755226363411 0.0129937576337149 0.0372860208736281
-0.0386701532182328 -0.0766298573351798 0.0258896367299344 0.0224432284625095
0.0010051528042783 -0.0838695191653834 0.0386008772950898 0.0211482128370173
0.0402503766025328 -0.0782577893374135 0.0562581748175867 0.0276285619703345
0.112369831195495 -0.0499623278243186 0.0491580097119724 0.0633583595299695
0.124722897587105 0.0379410607522861 0.00727215250684451 0.100689719277677
0.0577305502529546 0.127615032682829 -0.0149318538555228 0.086252010100318
-0.0194148976784928 0.17538233624755 -0.00284362238931433 0.0612006034482382
-0.0518048261818321 0.158294943350738 -0.0218385570624827 -0.0582523326004188
0.00149023530151375 0.166255164496521 0.0543207558662064 -0.0823906098200615
0.10973347259518 0.120533586095276 -0.0100958187895051 -0.141461832353989
0.155607354296233 0.01113649063662 -0.0959175800692599 -0.102725258873925
0.0927223826759262 -0.0714348447386518 -0.0994164968381421 -0.00806937350416079
0.0350533489868628 -0.0915581664739282 -0.058654447313749 0.0341701802228328
-0.0213019133057206 -0.0970268419226955 -0.0092652806739992 0.0312387273012501
-0.0437794750172766 -0.0853291565762082 0.00161792430140863 0.00873203608571989
-0.0437218354388836 -0.0845033741803076 0.0143688084919985 -0.00713499845180935
-0.0034927941251563 -0.0909353342084986 0.0332085974000385 -0.0111962992196679
0.0396144425698572 -0.0854537825401628 0.0625101845477292 -0.00388284691920551
0.115597733775992 -0.0564816309977797 0.0652781971288947 0.0394669801952206
0.131313099735602 0.0356897447674403 0.0255811241997877 0.0856925621396587
0.0598255488094278 0.128518729810555 -0.00677169408703455 0.0673478243621663
-0.0249202669010661 0.177906151797265 0.0167847994972271 0.0142682725113683
-0.0633286311605227 0.138389709971063 0.0196886928590879 -0.108465348444587
-0.0238746195258637 0.159942414967734 0.0774017571433415 -0.110183851594364
0.0864595598445484 0.132672068515158 0.0198715032764061 -0.143730436153655
0.148385183957521 0.0315419585942557 -0.0606269658503145 -0.114121610989781
0.0969416102830452 -0.0607676106647755 -0.0714420885004867 -0.0371981915401019
0.0384084477753625 -0.0855494372715876 -0.0484073876243855 -0.00560477999772559
-0.0156435223210749 -0.094643831108515 -0.0152271618144415 -0.00447613630540403
-0.0400406664098415 -0.0842092758246559 -0.00949329459622108 -0.0217591040018929
-0.0410640444297883 -0.0824622281029887 0.00182189967944486 -0.0367988297523964
-0.00480464724648981 -0.0870072624613414 0.0260712285869698 -0.0420797912702327
0.0366397385249479 -0.0807379623395486 0.0648813852956621 -0.0315087088814251
0.107901276479331 -0.0495089155819997 0.0743704318775414 0.0185877788196099
0.117869678512013 0.0374989408498384 0.0364451878372181 0.0704551765168781
0.0454709946848975 0.117958617482071 -0.00556084067076412 0.0489561523834089
-0.0324611291346362 0.155896763134409 0.0311583901711693 -0.0284770869808508
-0.0590852299482298 0.0937708605253726 0.060096426446653 -0.143660617807251
-0.0372069118601287 0.119634639468481 0.0960796126233652 -0.126732483999237
0.0506863214887276 0.110946182371293 0.047101474218612 -0.134376065336852
0.110967486111805 0.0381173927188574 -0.0238187529391207 -0.113862429832712
0.0783534035953774 -0.0404503472132939 -0.0423731244288224 -0.0589740070566492
0.0327007294145119 -0.0642216778313528 -0.0359662185619074 -0.0400838889630435
-0.00943532811199638 -0.0757507866475803 -0.0206958778707132 -0.0361528327726759
-0.0301022587843307 -0.0703923308275219 -0.0180359028061329 -0.047575668003662
-0.0313827783512762 -0.0699988839743546 -0.00849724223712213 -0.0628448691888248
-0.00245154175304376 -0.0732226096189478 0.0210964364573229 -0.0671788283398708
0.0331336961151471 -0.065539911275243 0.068566294936571 -0.0524891479552991
0.0908522143498565 -0.0332906723960565 0.080675191019737 0.0052462092614686
0.0904610859887014 0.0405581701420249 0.042753707598245 0.0593720053952098
0.0219397764592741 0.0984217548757273 -0.00646472819186687 0.0330004065983309
-0.041212676246356 0.114690141822155 0.0443696701686255 -0.061149350703464
-0.041914698853656 0.0332375383168517 0.0866016167642862 -0.158349766184158
-0.0375538222605671 0.0577255592859236 0.102702496033546 -0.132336223793584
0.015091657110244 0.0646646729985412 0.0619744235073714 -0.118957864197142
0.0573430157542535 0.0294024181413488 0.000883641913279725 -0.107560344505854
0.0446879317555579 -0.0183486667327005 -0.0236730678811549 -0.0728307760602305
0.0196719875849168 -0.0343207075860633 -0.0280312914598191 -0.0629586688850049
-0.00304434842306091 -0.0453739326498932 -0.0257503955492086 -0.0580702111378627
-0.0161593251734973 -0.0454354737665377 -0.0245224157542986 -0.0651634917637207
-0.0170671810261322 -0.0472619334890821 -0.0142457700724521 -0.0824838238484485
0.000622198703625108 -0.0509927790823362 0.0220433027002818 -0.0860307526401133
0.0276349985314607 -0.0433293373287276 0.0761003743316839 -0.0650500387156332
0.0659462534379303 -0.0135458091872937 0.0889069397417519 0.00102981782226732
0.0542438108392532 0.0392183073940023 0.0482531895326813 0.0545034159073463
-0.00457593423225468 0.0680880212440075 -0.0070718322196733 0.0236209037009877
-0.0451421685992288 0.0592619462455263 0.0559050035841343 -0.0804544023475154
0.0325675436339756 0.00854371742337195 -0.0555909392846752 0.108119782357797
0.0144811113566521 -0.0267708009634338 0.0291735006923264 0.00675243445626886
-0.0121641734301899 -0.0315249186367565 -0.0447688059600535 -0.0717682860610587
-0.027565409146075 -0.00341262584927815 -0.106462271458511 -0.0217943705779527
-0.0139928458944447 0.0135520818857281 -0.101955296367209 0.0653122050909745
-0.00135182270485053 0.0125519681931429 -0.0379754640111091 0.113550333140762
-0.00210211879138081 0.0164540369555962 0.0124938211084757 0.1040277811506
-0.00405071358184619 0.0134617004586958 0.0323275691543896 0.0835984555662099
-0.00756460506109496 0.00739396892104484 0.0377750797658834 0.0769238689974739
-0.0114868798450232 -0.00174372696480274 0.0341005779349745 0.0826402084908964
-0.0121610250467666 -0.0103928057818225 0.017240291785532 0.0891900024321631
0.00156303094313276 -0.0256494306080563 -0.0177459100808008 0.107074333934686
0.0236705047623947 -0.0209269803454466 -0.0644943775311273 0.116322462467356
0.034013579150968 0.0117397125239506 -0.0907810638027997 0.112760200336996
0.0263794409976388 0.0314729373096194 -0.085659593313131 0.154818182489445
0.020633710255442 0.0686826239051304 -0.0710775430986076 0.0878222271635839
0.0320771868833718 0.0258107321573826 0.0245250476970494 -0.00101583067661803
0.0356519111788073 -0.0053216954993359 -0.0497334035772259 -0.0843953837713977
0.0220406953275682 -0.0169309692835772 -0.120028047808979 -0.0344790955675174
0.00764122569469365 -0.0185356329186889 -0.114115785801853 0.0619961663090603
0.00156855344424663 -0.022152039830791 -0.0472694258976018 0.11445447684198
-0.016026379939167 -0.0203783757373573 0.0106465691369203 0.103276847164108
-0.0209019933760415 -0.0202790617353441 0.0299943439139335 0.0788175969600071
-0.0182314698957375 -0.0280864237087807 0.03882717459344 0.0690553671430968
0.000568760318681872 -0.0370887084678575 0.0374643060109379 0.0727860472258107
0.0177658809993799 -0.0351126715718649 0.0286025559168714 0.0784251251864902
0.0532487106722341 -0.0232521568730054 -0.000638274951380353 0.0993579498857403
0.0616875006863119 0.017963435976976 -0.0449036756840759 0.115445284997879
0.0330774719096472 0.0707350502194328 -0.0627635104617539 0.112106865255259
0.00126951585170557 0.0977518776745425 -0.0610606361711832 0.139848859149806
-0.0016016252147144 0.12045061376744 -0.0718279462272162 0.0492447952655201
0.0363194060258011 0.085866217662959 0.0259368618474349 -0.0199423701083382
0.0802310373900818 0.0353968576731116 -0.0480092162423755 -0.10520752660157
0.0786941713808218 -0.0208250845455125 -0.128132043112273 -0.056036335525157
0.0380056974812316 -0.0487971111598343 -0.12206091486231 0.0471997771842908
0.0104485464488822 -0.0559403204830592 -0.0571462242633406 0.101081368517006
-0.0238543805089646 -0.0556756049127125 0.00504496346616742 0.0899141823379038
-0.0352158220079932 -0.0508365918253016 0.023323072087992 0.0625824703787253
-0.0302249574541797 -0.057370726776681 0.0347100524919589 0.0497512372064429
0.00309173643936156 -0.066679908464302 0.040615998913911 0.0510445273345094
0.0355406073522434 -0.0603407918969752 0.0448467392753142 0.0577441997990576
0.0923011225593017 -0.0358474185630024 0.0257962666584345 0.0863710006906327
0.10051855747866 0.0358223083378892 -0.0181381894040356 0.112946138947853
0.0453138853153949 0.111592862139283 -0.0349794812332591 0.104046016754204
-0.0125170396118765 0.149937851147715 -0.0305842233629918 0.107155730445365
-0.0289683633199552 0.154081036437101 -0.0555106298820203 -0.00267772735864053
0.0254598434165525 0.139787834127996 0.0365114492820922 -0.049622953426187
0.109758764659661 0.0825392948722534 -0.0353415865997316 -0.127590435113504
0.130594788917183 -0.0112785009186863 -0.12203840009411 -0.0810598455330698
0.070231909281028 -0.0699326883253845 -0.119043349186683 0.0225425787985974
0.0229433652944168 -0.0828003690784878 -0.0621766668239676 0.0740529819486211
-0.025966108473504 -0.0834929374643515 -0.00277685246549654 0.0646886116514411
-0.0438219526744768 -0.0734077832447488 0.0130276769170425 0.0381439846224733
-0.0404099106127867 -0.0772363193778716 0.0262650786220494 0.022674755689321
0.00021087870417564 -0.0855623943633104 0.0397701526626284 0.0205788445753577
0.0405268398126349 -0.0800800427047863 0.0570942479003481 0.0282440421657098
0.113415372781652 -0.0525741266124487 0.0504077673712533 0.0649804510739429
0.127414185068974 0.037353405883954 0.00789825751036107 0.102821504883664
0.0593903933611225 0.130454931990374 -0.0161608409742052 0.0882545247250702
-0.0187735166803615 0.178357653066758 -0.00358771068386802 0.0624485348876413
-0.0522082628057749 0.161796858231061 -0.0224058782129631 -0.0600265227301713
0.00196441426320033 0.169876422159902 0.0554117303629808 -0.0831896506676829
0.113150288783798 0.122074529633213 -0.0107818700218064 -0.14388595451753
0.158416321481789 0.00978943081316574 -0.0985943982053569 -0.10389504680182
0.0942120055447248 -0.0746019756923654 -0.102242941919984 -0.00822908090540567
0.0344085671813476 -0.0937339479496311 -0.0593542396574505 0.0358269250661808
-0.0225802127427985 -0.0980448463124415 -0.0101195232915293 0.0311756348141514
-0.0466045475673683 -0.0852150299914766 0.00159355272602304 0.00831473368585245
-0.0455027376356893 -0.0856079442385312 0.0145946759036543 -0.00757857351607538
-0.00404342868408571 -0.0931810166138589 0.0337982050550462 -0.0120063049503488
0.0395474559380231 -0.0877419664737331 0.0640020149668545 -0.00391446423373169
0.116926217413915 -0.0598916447650825 0.066644535761015 0.0404408459516597
0.133831413365714 0.035013352293655 0.0271617254513899 0.0880545135888118
0.0612181940623875 0.130980113476537 -0.00704703577570206 0.0687691312919572
-0.0239583053977849 0.180760324958232 0.0161373975359455 0.0143426735685313
-0.0635778218289143 0.141224476218175 0.020484528380886 -0.110658132195479
-0.0229109090159045 0.163564604202928 0.0787012042148803 -0.111859795167303
0.0895371572811858 0.134199987392704 0.0199444249711865 -0.146112430191788
0.151544890441411 0.030099834232066 -0.0617070221951413 -0.115651607557209
0.0984023434513425 -0.0622443418315777 -0.0730922179199048 -0.0379996051022699
0.0389383393684011 -0.0873921886409749 -0.0496709137256411 -0.00446435560721411
-0.0169115499210603 -0.0956592801706341 -0.0164467570987143 -0.00495392902319116
-0.0416725771674331 -0.08426964280325 -0.00931361897361051 -0.0220706268389282
-0.0431095063364423 -0.0832280119050241 0.00104731783886884 -0.037197411150662
-0.0054840053368207 -0.0886570272928647 0.0259880176442529 -0.0424183022469971
0.0367188772383331 -0.0824408867348261 0.0661202448689394 -0.0323254062664277
0.108981737855166 -0.0525887528552899 0.0762660401244935 0.0196880925315281
0.120066647129681 0.0367992046976268 0.0380130451605413 0.0728996931556922
0.0466060087624802 0.11979149501731 -0.0058326128961079 0.0499575891310398
-0.0314831803038415 0.158408435627723 0.0311338067846332 -0.0290971076475542
-0.0592995703269839 0.0959528814948426 0.0613937691351636 -0.146338877405036
-0.0368368764889937 0.122404259201906 0.0977316081935207 -0.129099898536956
0.0532440135828252 0.112677338031892 0.0476587867860912 -0.136276761586359
0.113471413628875 0.0370093506381616 -0.0241229560234853 -0.114631238380399
0.0800369105062285 -0.041630569473661 -0.0437261048180887 -0.0602793332019083
0.0332129248328195 -0.0657912755211744 -0.0369733872245578 -0.0403407135898465
-0.010482101505564 -0.0770009530499292 -0.021566751475469 -0.0371862810048013
-0.0318980369991849 -0.0703918396968132 -0.018792870194731 -0.0482724056129631
-0.0334270566672714 -0.0704579894554124 -0.00884815202174101 -0.0635823803605613
-0.00364812638876918 -0.074050502231819 0.0214636013598016 -0.068396172336807
0.0338908294077792 -0.0669344693111165 0.0688189917601125 -0.0538462907073825
0.0917420642685824 -0.034911547029667 0.0828888213703458 0.00585518057546845
0.0921872524565372 0.0399898601227854 0.0442814771356951 0.061477795331127
0.0223749850030798 0.0994735423799052 -0.00705036120118428 0.0346156476440159
-0.0410262923655512 0.116802918879749 0.0447188584672538 -0.0623495390267189
-0.0415825678242 0.0340310748768094 0.0886015893558033 -0.162992332231646
-0.0376015134610404 0.0587837588929685 0.104658650549757 -0.134735237643628
0.0157349163400643 0.0657415052216504 0.0640754443689036 -0.121695968852893
0.0589132963550966 0.029593026709837 0.000944292118441156 -0.108925177986314
0.0455276544408255 -0.0186685755038156 -0.0246286626196257 -0.0740577949570281
0.0204392082354682 -0.0349940694439602 -0.0292659057908656 -0.0637792407262273
-0.00371633201131612 -0.045566260814421 -0.0270999586657156 -0.0597486407195806
-0.0172978258185478 -0.0458023231597187 -0.0248456741208111 -0.0668871165587411
-0.0177498894962909 -0.0473386509940462 -0.0144848650336698 -0.0834671612715698
4.96031528791378E-05 -0.051574245424478 0.0222339455193461 -0.087486981728659
0.0278355324228716 -0.0446030803892186 0.0770231459563002 -0.0666091139155807
0.0661598481890419 -0.0147114426075514 0.0904283181157169 0.00210452881230204
0.054746480829055 0.0389052327134945 0.0499285688925612 0.0560942713189891
-0.004190108156547 0.0693130564210134 -0.00739359963362592 0.0248390709745952
-0.0451993813296673 0.0607408045472708 0.0564677003787422 -0.0824860446712396
0.0340059005058833 0.00756615230217805 -0.0532543787170724 0.11354185827889
0.0145646565366144 -0.027323012300961 0.0305813905540059 0.00527363782116929
-0.0139296412354832 -0.0320632235107279 -0.0487809547796699 -0.0716249938978237
-0.028602687818316 -0.0025030990612817 -0.109842650180454 -0.0188549534621989
-0.0139751470444141 0.0143089515726991 -0.102245775647363 0.0704846738751446
-0.00138206729699066 0.0121991438505228 -0.0342790337665521 0.11689700937771
-0.00137015493875255 0.0163402902310312 0.0172646199190109 0.105325214872486
-0.00378235712519551 0.0139355788852275 0.0367618458459777 0.0842510910313634
-0.00768748270522523 0.0076607311817128 0.0418040274238568 0.0772278447060593
-0.0117157317297267 -0.00163712837789468 0.0386525836520374 0.0827875538909767
-0.0124369592662092 -0.0100947304044305 0.0210816940061712 0.0911419513814836
0.000621818617865403 -0.0261435676027896 -0.0141507564450191 0.111093546006942
0.0232055855546893 -0.0215076715149303 -0.0622957485401894 0.120751671251338
0.0358362579411288 0.0112988343301703 -0.0904356072644945 0.118180017309659
0.0280845162621446 0.0314055638348731 -0.0832332621193341 0.162751575533939
0.0239910908507887 0.0696665080220935 -0.0696928452522197 0.0923847693161512
0.0341414818098022 0.0255850845152343 0.025368583706171 -0.00188009707793998
0.0366272959513855 -0.00761014430471261 -0.05426144157552 -0.0845117323797917
0.0217800279295277 -0.0189361844945226 -0.124274270212724 -0.0309529551783061
0.00725540671153286 -0.0195639939931666 -0.115270819000713 0.0680565739301331
0.000685359630944561 -0.0233567382708523 -0.043711317462688 0.118401089762918
-0.0167493587315409 -0.0203739864299254 0.0147409751067771 0.104512258610321
-0.0224926461667112 -0.0194624280102843 0.03372190630264 0.0790131352110996
-0.0201472065717897 -0.027736806523829 0.0423912326482118 0.0692427410856041
-0.00138485376778126 -0.0380777421115419 0.0418545130374725 0.0725722926112762
0.0173921903612614 -0.0367337467273119 0.0320096074023829 0.080064826105157
0.0531915863916491 -0.0268005363820886 0.00328717469472811 0.103053908870773
0.0638627076015848 0.0164954728402676 -0.0420395425892794 0.119737688047146
0.0370552241721751 0.0720466699631588 -0.0616192699117877 0.116012484327563
0.00501398739092904 0.100405536715211 -0.0589310313027213 0.145876433107769
0.00373468199041267 0.123472107964464 -0.0726276950174296 0.0531750860015969
0.0410217932070359 0.0869460898805841 0.0267435951406328 -0.0212903728996429
0.0837174934576665 0.0313316746519978 -0.0537479250817622 -0.105464468755603
0.0799389530079948 -0.0252768753168291 -0.13317892538542 -0.0522568717627522
0.0367078834480056 -0.052034203050565 -0.123885658147716 0.0529968813717478
0.00805440189587787 -0.0587667094188162 -0.0544377093128755 0.10572187690091
-0.026676372639882 -0.0559389833206348 0.00826191255844424 0.0910784447259562
-0.0381030728624508 -0.049583111072641 0.0260952023167938 0.0629241577709761
-0.0340411437156308 -0.0570075856500758 0.0376808978523166 0.0491711937262892
0.00117389249274526 -0.0685951927211514 0.0443803429785364 0.0496327547190583
0.0334042503322405 -0.0637188230450951 0.0481846358825622 0.0578693550877002
0.092995182176167 -0.0412960895489025 0.0297168887287647 0.0884019956748132
0.104403420296132 0.0332419560700724 -0.014066596103038 0.116232553175235
0.0511442486676244 0.113245795280713 -0.0333448071683857 0.107505511001043
-0.00655226206135619 0.153870001600496 -0.028456791415704 0.111145893898249
-0.0228646824923642 0.158869659035338 -0.0570572858193404 -0.000596340299342687
0.0316429071523878 0.142362478284647 0.0360655375316866 -0.0516294285016059
0.116120868006086 0.079773592520645 -0.0410621252602371 -0.128657349456906
0.133218384730074 -0.0173483064120641 -0.128056573834769 -0.0790256523333607
0.0692608382570082 -0.074782806244785 -0.122489668271747 0.0276709883617743
0.0199409229986769 -0.0858952586570319 -0.0606303189295341 0.0779443117967631
-0.0295535357356455 -0.0844030370854925 -0.00105844901335969 0.0654530380352194
-0.0482406626250603 -0.072092985581719 0.0148643837161328 0.0382220196422932
-0.0451702272333177 -0.0767257863353076 0.0273103934485917 0.0219367576121883
-0.0034647494142338 -0.0880661807439212 0.0417750814209863 0.019538309826534
0.0384538089445363 -0.0839137187662415 0.0601610889697242 0.0263706760252335
0.113194915730667 -0.0593137793286615 0.0543524960491452 0.0661207139446117
0.132273861696918 0.0334762980701765 0.0122164092614651 0.105891157047517
0.0663139216394664 0.13164569131779 -0.0143855373502614 0.0906362744743065
-0.0116885641929544 0.183464043102262 -0.00255132369667273 0.0643840268939025
-0.047082972162786 0.167667153927136 -0.02505327215668 -0.0606578514913806
0.00884729567695564 0.174788429978546 0.0538093948279162 -0.0868301454727487
0.121193504456661 0.119666363031502 -0.016636368704299 -0.145883329753989
0.162845356477675 0.00237490294361738 -0.1043970569055 -0.102125986355785
0.0937811261795286 -0.0797738789022194 -0.105131912822673 -0.00447260239244534
0.0313230486997048 -0.0978370900116684 -0.0593674826682679 0.0389960330199945
-0.0272221775646158 -0.0989336494363939 -0.010102972415799 0.0312128198555257
-0.0511533204243604 -0.0841496531024592 0.00180039450043363 0.00813524959859056
-0.0504943303432115 -0.0851946430468164 0.0140796808447784 -0.00801068815608316
-0.00768622885833319 -0.09474728660637 0.0338076123904226 -0.0138502280485342
0.0366828901404376 -0.0914025666803097 0.064940550745727 -0.00641308672342749
0.117392958764595 -0.0663849707707389 0.0703118299925719 0.0397032670315022
0.138520633768709 0.0307385296363158 0.031544943562348 0.0897617540666289
0.0680138717700317 0.131951358075283 -0.00593630251652984 0.0709183215827892
-0.0168987074864539 0.186019139031683 0.0165497137489314 0.0140109178820233
-0.0599291737335998 0.146913129856435 0.0173770454811583 -0.114135965306853
-0.0167026731644822 0.168880402584553 0.0771032901812072 -0.116779669932619
0.0973330478804933 0.133932050669685 0.0157258023212265 -0.149795095375598
0.155851530399609 0.0242279543463318 -0.0667498254560792 -0.115115672515226
0.0984973221913287 -0.0684095175750261 -0.0770063821442029 -0.0359944934298424
0.0363029474059818 -0.0910938620148218 -0.0506328601399392 -0.0031463384855148
-0.021284785532745 -0.0966279536751517 -0.017615123156561 -0.00472386365631191
-0.0467793647226482 -0.0830370402992719 -0.0111721893526759 -0.0218891729903555
-0.0479214540413298 -0.0828419941159599 2.78769469113446E-05 -0.0384110564047997
-0.00939256392197995 -0.0906274117365164 0.0250039551141753 -0.0442148859447685
0.034458747044379 -0.0859204476996769 0.065692475732436 -0.0352027352756744
0.108402579811767 -0.0589862784861602 0.0785344294997493 0.0179305222460828
0.124477063497983 0.0325574670919481 0.0418668255084132 0.0736460202782774
0.0521217774400862 0.121256050544927 -0.00482902146212449 0.0516024091870474
-0.0251336709603667 0.163607843605029 0.0306779417458688 -0.0316870846580007
-0.0569332742123273 0.100494050353657 0.0580621542087607 -0.152718016463888
-0.0326347621344112 0.126882560681537 0.0958677118781243 -0.134807091643304
0.0593261029878174 0.112738223720584 0.0447010980741677 -0.140610450297628
0.11759051525464 0.0335236015420094 -0.0282146181092928 -0.116563701801617
0.0801892619656518 -0.0455112019229143 -0.0464823137844814 -0.0603071413173316
0.031943132128313 -0.0690055898843468 -0.0392747135256596 -0.0396389134263354
-0.0139637383541121 -0.0776498295018276 -0.024336290267898 -0.0374541785940557
-0.0360443448818621 -0.0695869706476782 -0.0214082393590118 -0.0484105461348737
-0.0369901919459862 -0.069858114172324 -0.0117464216205674 -0.0642231862331998
-0.00686659253650301 -0.076144635332527 0.0195382118954129 -0.0701065837913183
0.0321205190638627 -0.0700242479794876 0.0686756884668608 -0.0574719956562639
0.0917277936095041 -0.0400251320234482 0.0849553271315911 0.00340924035796959
0.095998357759994 0.0370235097778338 0.0479901452667863 0.0617161272100953
0.026119858169621 0.100640559456115 -0.00588682618732511 0.0362977358008264
-0.0363953334435868 0.120266847606195 0.0428244184611503 -0.0658025628259832
-0.0411678394561085 0.0368164619036695 0.0863906113495871 -0.169770401872741
-0.0355373983852252 0.0617087107749451 0.102006020943793 -0.140731023669064
0.0192337317214501 0.0664717404660138 0.0617339693538709 -0.126299397783168
0.0607960006365049 0.0286069154806687 -0.00170498472067389 -0.111432250165203
0.0462697334912786 -0.0201516938122888 -0.0270374791112292 -0.075240169931687
0.0200523188525075 -0.0363973656540433 -0.0325556052967615 -0.0638524074461643
-0.0054532117673521 -0.0461916117013585 -0.0298451458995163 -0.0598486751443504
-0.0200793017475953 -0.0454152552147439 -0.0277198090795843 -0.0673370041666882
-0.0209713395255418 -0.0473686644402291 -0.0179800135618373 -0.0841120612349544
-0.00203465017743423 -0.052206058544075 0.0196716286234183 -0.0892281175274727
0.0268348594288112 -0.0464026096024295 0.0763281627346388 -0.0710219049322956
0.0670879568304477 -0.0180031108140103 0.092811734166309 -0.000984284975172221
0.0572304400065664 0.037735199048627 0.0531353648361333 0.0567706379725843
-0.0019914896325903 0.0707982560266922 -0.00670910218323974 0.026795187412237
-0.0433867327888347 0.0631564275999251 0.0542471418113848 -0.0874877486968352
0.0350731335939236 0.00541307673792132 -0.0465011501738142 0.117118508509644
0.0135310350196627 -0.028318541121054 0.0313047084438697 0.00363555594509567
-0.0161207215273245 -0.0313115198533036 -0.0528801473939035 -0.0678529319391838
-0.0282293370500401 -0.00141302205925004 -0.111237000807265 -0.0123722335322221
-0.0135108041971627 0.0150394611610485 -0.0980996268132277 0.0766696976471418
-0.000810622973546661 0.0119756753861669 -0.0270329052397287 0.118065910789403
-0.000426677741442443 0.015834371556023 0.024197217406499 0.103762346520265
-0.00259414508163951 0.0140128352295909 0.0420316682947987 0.0814369328739603
-0.00711112489668441 0.00852396610780877 0.0466534467481609 0.0736845576449178
-0.0116846119637275 -0.00107766983236385 0.0442704735028103 0.0797980951160304
-0.012509975786224 -0.00924169746013947 0.0267853301650662 0.0903252943027074
-0.00140586031440483 -0.0263741976039004 -0.00660107081952419 0.112471161510541
0.0219259935947158 -0.0223566443927767 -0.0551124771417538 0.123889602728964
0.0368574142301242 0.00986581108779387 -0.0844997675221012 0.122330159001412
0.0301467249787279 0.0295448620116152 -0.0741525890634024 0.168381720997268
0.0291085750749231 0.0677931265350271 -0.064284211392106 0.0976262749296979
0.0363338033923132 0.0233824646105591 0.0259824034038516 -0.00256142971049789
0.0358408126493859 -0.0103007184907373 -0.0593157992100431 -0.0801828805972579
0.0199837055040657 -0.0206590316205213 -0.125709311353553 -0.0236793958659352
0.00558593028543604 -0.020579573135134 -0.110946301579674 0.0747249228739294
-0.00151759564185326 -0.0231840473366849 -0.0361151176474299 0.120146057625996
-0.0184637155361436 -0.0189770326584659 0.0212256786973176 0.102883022483775
-0.02383597429155 -0.0174277278505814 0.0382406376954727 0.0766419553612156
-0.0224192441519782 -0.0267137785352165 0.0460515593239533 0.0662037666663651
-0.00413801804371602 -0.0383508661264828 0.0464046706393268 0.069261575794931
0.014558127000825 -0.0378213318228851 0.0371734751140175 0.077807201640663
0.0514445445321129 -0.030334801735772 0.00970958661475483 0.102988604206233
0.0646126478257444 0.0126002547038115 -0.0349716597025169 0.121880137432589
0.041917923676253 0.070148934433534 -0.0557634668433442 0.119070342895007
0.0116331872330778 0.0994963902079552 -0.0508206869866668 0.150018115922392
0.0117723762738958 0.122714657589292 -0.0695368645335498 0.0579350712433299
0.0462800813999109 0.0842768328800181 0.0254712777915787 -0.0223898889647827
0.0855602103031878 0.0259694903996736 -0.0597355940732819 -0.10087846186492
0.0786554579608443 -0.0311639814120573 -0.136265566559921 -0.0442062062395937
0.0329562836403677 -0.0546361333317873 -0.120415091876807 0.0608068713657542
0.00395158327200249 -0.0589432024372437 -0.0470434208657773 0.108364136140927
-0.0300583628918059 -0.0535895180678788 0.0132881174748622 0.0898629236728585
-0.0417377783876289 -0.0456771376235189 0.0298779743805821 0.0610491307032964
-0.0379072621450314 -0.0544802727851438 0.0399646459876518 0.0462493074018419
-0.0040341059742374 -0.0687973976092869 0.0471999267992652 0.0467046883533862
0.0296964600834654 -0.0660934921947005 0.0510654982497516 0.0545529216859724
0.0899452588854476 -0.0480186978056906 0.0357216569511342 0.0875460645433594
0.106360452628725 0.0269500621795901 -0.00759218296273529 0.116840646907063
0.0584909963646714 0.110524966281346 -0.0277373110679195 0.108805498996611
0.00380844980519448 0.153826201342294 -0.0231195740073798 0.113481415847777
-0.0136838867430442 0.160201805617081 -0.0572769579937773 0.00311958200513821
0.040574281434588 0.140619932925968 0.0332157054934904 -0.0529290119158696
0.121405703214062 0.0713519305175879 -0.0485276013306215 -0.125024186647005
0.132333646616043 -0.0265667577505125 -0.132498974048258 -0.0704770115302231
0.064184647418982 -0.0795458742007928 -0.120546160719335 0.0349875296604246
0.0144733240507644 -0.0869552949711904 -0.0550146096787873 0.0813710306323062
-0.035446702806347 -0.0812810766270962 0.00188214799543625 0.0646303919810733
-0.0532288669810725 -0.067483134624679 0.016817986153006 0.0370091886770303
-0.0504376409664534 -0.0730390968650676 0.0281970270274139 0.0203424038615389
-0.00941601776444766 -0.0878296781452885 0.0426738895983446 0.0165918271016681
0.0327244051175374 -0.0868560558583821 0.061344566921391 0.0231109440087638
0.10897581672939 -0.0673687216438984 0.0586213012955858 0.0632701132185243
0.134326354315795 0.0247834392580991 0.0187134040846101 0.105154736045227
0.07393738017663 0.127587815924317 -0.00963021306403008 0.0916379958677124
0.00103306038117227 0.183422841982379 0.000387898475892445 0.0642559898386705
-0.0367006054640794 0.1704092283444 -0.0285431620695985 -0.0584961835389362
0.0200904607508484 0.174236213970274 0.0492329727322334 -0.0890006420198054
0.128825775547943 0.111145986299661 -0.0248157616418117 -0.14395026653559
0.163438501705767 -0.00865274694035489 -0.110324429165108 -0.0951819661843368
0.0885108908391459 -0.0863943457850452 -0.105543120986362 0.00196255179314333
0.0252468774519101 -0.0999677309017358 -0.0562090132914093 0.0424104583404931
-0.0336195382898967 -0.096472655588669 -0.00919402297211204 0.0319734583952262
-0.0570077467635917 -0.0790573059381282 0.00155549991362687 0.00783571023172027
-0.0564590053384293 -0.0806411809786452 0.0128295243627725 -0.00904751214193589
-0.0134995853506316 -0.0938354043085302 0.0335858271013634 -0.0158406631064974
0.0313303945258988 -0.0939165048809594 0.0643154934767187 -0.0104904072552368
0.111608835771432 -0.074950916765611 0.0728697483829726 0.0365427290501569
0.139717098495274 0.020988888783482 0.0371802360530955 0.0881204164394936
0.0757693906972213 0.127464312731088 -0.0017863153894055 0.071776446775837
-0.00382784084348301 0.186187675263663 0.0162740626826349 0.012624416669507
-0.0499505089550977 0.150634955864567 0.0102617824194103 -0.115315641472965
-0.00617919304749069 0.169676474314252 0.0702572160798389 -0.119718361195406
0.106129747678378 0.127124958565938 0.00740864631389604 -0.149968921328225
0.157978334154851 0.013989588002711 -0.0727994424360243 -0.110240133218557
0.0938564968320512 -0.0739719033774729 -0.0785018597598963 -0.031370043044959
0.0303454393887657 -0.0935568477379709 -0.0504439770163264 -1.54040248343331E-05
-0.0272203911060091 -0.0947748294085632 -0.0188175579556516 -0.00391560232998397
-0.0522319877965665 -0.0785370797059161 -0.0123222669813107 -0.021273411186569
-0.0528986891567428 -0.0786151575412065 -0.00275671723227336 -0.0373720770204445
-0.0146727860860094 -0.089738347211548 0.0223654772090981 -0.0457033147579465
0.0289283896258214 -0.0878717596338864 0.0635005673349133 -0.0393337873159499
0.104291604171092 -0.0660977811918776 0.080028699134506 0.0132151502061451
0.12589758939303 0.0240595373018651 0.0470009641600993 0.0719527129364541
0.0597743632400333 0.117371859523227 -0.00191797126840797 0.0523352433904684
-0.0142449105895312 0.164034897202206 0.0276734101042441 -0.0332661875079273
-0.0494799015711882 0.103498388832166 0.0494151971371101 -0.1568293094509
-0.0243097630787353 0.128053684445995 0.0873349747469868 -0.139335320405578
0.0664492953992801 0.108225545380582 0.036666677005883 -0.142325815564036
0.120124270695198 0.0257243623873324 -0.0342551647934058 -0.114289761616381
0.0777750628564045 -0.0510383108096688 -0.0499492903226622 -0.0577954393903115
0.0275229584499949 -0.0702477796161807 -0.0413672169817102 -0.0370129626296194
-0.018316866958567 -0.0763820643765966 -0.027601353760009 -0.0359179886653255
-0.0406409728638116 -0.0657093495368863 -0.0242778354093905 -0.0471859168366959
-0.0417182150581432 -0.0666659076524679 -0.0153543047102858 -0.0628334520087573
-0.0112711360752666 -0.0746568456073872 0.015531555002595 -0.0707316881924759
0.0273872951344822 -0.0716373317892464 0.0649323139396351 -0.0616516075687276
0.0888620226694208 -0.0459459240151833 0.08560888963095 -0.00112246653950769
0.0971349888315834 0.0305668971317746 0.052810141869413 0.0594189507098939
0.0319834025381072 0.099417569814776 -0.00343426749878492 0.0369743607706506
-0.0276626833710692 0.122005731717204 0.0375971601403352 -0.0696545913065793
-0.0381216801119483 0.0384143839422602 0.0765995864806649 -0.175572826366432
-0.0309932312634025 0.0635010744025772 0.0939040006846036 -0.145884715894375
0.0236502500767427 0.0646957156834004 0.0541863509789282 -0.129271764329606
0.0634741862635489 0.02412157028269 -0.00743254184567135 -0.110683321245796
0.0451723660630299 -0.023235911990923 -0.032024995676662 -0.074302100567315
0.0182650712893751 -0.037566564631751 -0.0364176307090227 -0.0621606476345588
-0.00804637040236377 -0.0457584444316188 -0.0341029934249198 -0.0581060428740402
-0.0233294050759791 -0.0432915821712847 -0.0321153587723434 -0.0659089981091171
-0.0237411640007416 -0.045515510593626 -0.0230711841704644 -0.0823051316338662
-0.00548786628254919 -0.0518206635167097 0.0143723936887762 -0.0900522362502788
0.0236244418944723 -0.0478403267343241 0.0715980843626023 -0.0755762611482913
0.0648799700235799 -0.0223933478759341 0.0927697845869447 -0.00669536313447652
0.0592778336705152 0.0339768058952787 0.0568680458176629 0.0538952282518586
0.00188463340092698 0.0708357736417293 -0.00469724370048234 0.0277076407091734
-0.038989237101361 0.0651392546142045 0.0482082749383778 -0.0909396454279165
0.0347792299067315 0.00244107573031812 -0.0383847522002162 0.115204533463916
0.0118529411828013 -0.0280303019958859 0.0314470732689578 0.00201104697703808
-0.0175731453150291 -0.0289776594357002 -0.0537642806214334 -0.0624459124705256
-0.027569651458371 -2.91308739585189E-05 -0.107899896870072 -0.00620767825029628
-0.0122200610169286 0.0149525524371833 -0.0907216604273603 0.0779425515452055
-0.000679823346847941 0.0111058209623116 -0.0189704207709268 0.113945187728437
0.000646536744908058 0.0150875726700307 0.0289131540790978 0.0976819721782132
-0.00127889529801239 0.0133205560797429 0.0441249922219351 0.0749631770971268
-0.00685410446493617 0.00802159437843628 0.0488042263866805 0.0681238605746251
-0.0115058283325335 -0.000118836994728312 0.0472300181619014 0.0735683879548841
-0.0128755080432599 -0.00828097389271282 0.0312232700233151 0.0854353875921888
-0.00245352681987632 -0.0247246807890429 -0.000102248594620364 0.107717644561356
0.0198504654680582 -0.0223004300983767 -0.0467851457965073 0.12146557708688
0.0365419266796526 0.00770282663077765 -0.0764643521913955 0.121037244155516
0.0308773845657196 0.0260982762032846 -0.0627547955736585 0.16659016053724
0.0320614578966379 0.0629713718282574 -0.0572325546685168 0.0973342531764032
0.0363077263811321 0.0207235189549471 0.0256776518250711 -0.00409961652085974
0.0336839183290277 -0.0124251675619908 -0.0605541906194012 -0.0732271911272635
0.0183276370691277 -0.0216843285715701 -0.122545235696751 -0.0159573541217685
0.00429863413584255 -0.0199654721481516 -0.102656428651106 0.0774708482819997
-0.00288052232914855 -0.0227566297261897 -0.0278764638164702 0.116945685805145
-0.0188122006556109 -0.0173845062951126 0.0256759463996334 0.0973426131255314
-0.0235849548783384 -0.0144016110990926 0.0407241964436519 0.0709907061592052
-0.0230370253947264 -0.0237857610721857 0.0479618549089987 0.0604886200083284
-0.00579853916736034 -0.0370223803512706 0.0482496535713716 0.0634731440600537
0.0118454336146877 -0.0372522558502507 0.0400069196125442 0.0729839927455462
0.0474593491629255 -0.0323493248344517 0.0156663702409085 0.0988024834338882
0.0635074057333761 0.0092052448772717 -0.0277033964025001 0.118523589958001
0.0443997712180346 0.0655623288878237 -0.0489366818077129 0.116687935100614
0.0171114001226257 0.0941693763209845 -0.0420451249820654 0.147623411888943
0.0183371267280396 0.117003058710274 -0.064468688498995 0.0601101301264479
0.0493260896497609 0.0784552147919476 0.0240740846376499 -0.0223320716171695
0.0838616028592559 0.0194413837070115 -0.0620736937318575 -0.0931477499480918
0.0738104666530191 -0.0354131726785679 -0.133320426832268 -0.0347652997578401
0.0286267034313519 -0.0544435302326655 -0.113364705329642 0.0648621217080091
6.81228506940581E-05 -0.0574241787967998 -0.0388765515624321 0.106200263748732
-0.0323822437178252 -0.0496483758742167 0.0170843091393525 0.0854475755655172
-0.0426418665504729 -0.040822275384184 0.0317147965591034 0.0567028052610586
-0.0396324102440839 -0.0495537230479414 0.0406893513235414 0.0422361948428549
-0.00780165879143327 -0.0658685101668202 0.0477571097276208 0.0417083401392897
0.02461655447935 -0.0655339803534346 0.0523948282288163 0.0496894850663034
0.0827113679389505 -0.0516625162144494 0.0395031322240933 0.082493325332854
0.103876377176799 0.0195266792513705 -0.00132886083967456 0.112672464620875
0.0621921422129921 0.103354072095447 -0.0222959517065132 0.10581830515088
0.012395028246219 0.147320824569879 -0.016724707088528 0.110370544763358
-0.00398462825096017 0.154413309808685 -0.0552727832827259 0.00651451203303186
0.0464585942118063 0.133955529358988 0.0295986301224338 -0.0520811037320879
0.120486505816121 0.0609936795497995 -0.0530268385791721 -0.116662244464512
0.125664083995956 -0.0340736500828568 -0.130830093948233 -0.0604219330186858
0.0575537711823262 -0.080283935520035 -0.114416716620201 0.0404434865484595
0.00846898087643466 -0.0850189301657106 -0.047960876576935 0.0813811086169657
-0.0386894638605068 -0.0763101224571022 0.0046499847392999 0.0616067035800626
-0.0547339656060019 -0.0606354214406899 0.0179201877048016 0.0347158362833975
-0.0526664117361731 -0.0663079662409272 0.0277805291121899 0.0178180583532379
-0.0138921069322853 -0.0842494070110966 0.0420649503714793 0.0132786472650454
0.0269873784980868 -0.0853325796526772 0.0603749632937143 0.0186661747925228
0.100233505699686 -0.0716753282987371 0.0603545155782111 0.0579426517510143
0.13041417407684 0.0159787756777739 0.023661186007855 0.100203581075035
0.0782757352344654 0.119023342437497 -0.00522822135097153 0.088413673876294
0.0117210782183298 0.175265341187393 0.00255963438337419 0.0615118857606465
-0.0254117302585389 0.165669419775312 -0.0310375846085686 -0.0542815915627663
0.0293137934135686 0.165980485184973 0.042786157933202 -0.087192572119578
0.130176364135132 0.0986684587855165 -0.030889559610941 -0.136251009402281
0.156699770025045 -0.0185412884300195 -0.110002855507421 -0.0855342309440958
0.0799159464618146 -0.0878734628701555 -0.101136031311925 0.00734000953125662
0.0183795312694949 -0.097663997197118 -0.0515674695654239 0.0439368429890661
-0.0373216948388385 -0.0905095006753795 -0.0078594951964797 0.0303896737348065
-0.0591814482810664 -0.0715103937164931 0.00185697741966514 0.00746371159129558
-0.0587748607168062 -0.0729333771577178 0.012217603208543 -0.00931566490576167
-0.0192700665243483 -0.0895978101427622 0.0310541680107066 -0.0168183857349202
0.024344012842454 -0.09215087467384 0.0612784503339105 -0.0131778808632867
0.102215406379129 -0.0788501319631523 0.0731678859911328 0.0311490867545926
0.135536651556034 0.0119964946088406 0.0409881132812004 0.0831889727714872
0.0795514935740509 0.118772239518291 0.00129866084627738 0.0689658705053561
0.00758072389428887 0.177724050973887 0.0148483454335386 0.0112993154351737
-0.0394714173789224 0.147340957361792 0.00423669819287986 -0.11134612883003
0.00325420819373175 0.163227914623041 0.0606652274019011 -0.117367126679493
0.109071398308074 0.114799957286682 -0.000358641917114152 -0.143153616042297
0.152869311255641 0.00389479103535588 -0.0747526121988724 -0.102627929139862
0.0863662397456961 -0.0766498272573332 -0.0767788629035281 -0.0262825331343781
0.0243580945254366 -0.0915036985432101 -0.0476706445285153 0.00262443254546195
-0.0316437742877082 -0.0890972092478391 -0.0194555634334464 -0.00325685720017219
-0.0545746811882961 -0.0709735125764158 -0.0136889358625085 -0.0200982254037409
-0.0558945772555457 -0.0713447270967588 -0.00449846233821833 -0.0357331450772577
-0.0197710572780893 -0.0846785587872741 0.0189287678950031 -0.0448746472391844
0.0230542945806374 -0.0863814675924661 0.0584679738887333 -0.0412070548978599
0.0954075853366586 -0.0696589046212174 0.0786656445720989 0.0091598963084377
0.122053890804733 0.0156069886650461 0.0493064919902264 0.0666050048451094
0.0635315840923477 0.109875959281744 0.000537828632427256 0.0503435218855179
-0.00376434053721453 0.157166796196658 0.0232864429647321 -0.0340958309848231
-0.0418077194750294 0.102103841696115 0.0394220714554303 -0.15295879503353
-0.016167385190497 0.12411199218653 0.0767473739518091 -0.137120664304061
0.0702859943947772 0.099641915423689 0.0285820481412077 -0.13834768059782
0.116824714964292 0.0174393749311406 -0.0385052284204278 -0.107871525277715
0.0716025848214895 -0.0532366058731419 -0.0511363081472938 -0.052708537997852
0.0231877025363531 -0.0693423663334951 -0.0416977587569364 -0.0339550658392271
-0.0222111495437874 -0.0719535355474483 -0.028831314361349 -0.0332489031801263
-0.0423690732327168 -0.0598776590484074 -0.0259548280810386 -0.0446335420504266
-0.0440105211749777 -0.0607816712141312 -0.0179132454215549 -0.0590853325659148
-0.0153316219814447 -0.0708451728490998 0.0109401709506179 -0.0686541809690597
0.0225838886016318 -0.0703048856021961 0.0589057622731868 -0.062619163511592
0.0821260477881336 -0.0493420794160038 0.0832752546710801 -0.00531099577083818
0.0948029455903147 0.0234020056967235 0.0541778582393638 0.0544937212310514
0.0360786669363061 0.0932618022891038 -0.00162056334230322 0.0361249669898764
-0.0191786542722713 0.118079773122302 0.0315841361989604 -0.0689111184094104
-0.0338652165026923 0.0393339361714943 0.064733334387584 -0.173332594067808
-0.025427977603235 0.0621951019281716 0.0822479902004645 -0.143900359035495
0.026814895415699 0.0599781785035071 0.0466902439538222 -0.126364813601617
0.06201180514437 0.019803364053328 -0.0119203624085205 -0.105966185477651
0.0422188066385045 -0.0246540645636297 -0.0336783805489988 -0.0702516490639595
0.0156265566729759 -0.0370983079546845 -0.0385573507183386 -0.0583540469614832
-0.0102559710073573 -0.0428743427888892 -0.0362509879457233 -0.0537551111922946
-0.0249026835104566 -0.0394473925278939 -0.0346002807945628 -0.0620232606246079
-0.0255965623599228 -0.0418232863675938 -0.0260130499259153 -0.0777937393391925
-0.00834283372271609 -0.0486032776625613 0.00977338449408598 -0.0864768636355393
0.0202584120609028 -0.0473682017543448 0.0640055484734953 -0.0759407547972339
0.06108916716615 -0.0251888883868773 0.0890811142660216 -0.010544412382332
0.0577956132371733 0.0288228880398274 0.0583053310747695 0.0493994821240897
0.00574903840597209 0.0672202013694074 -0.00310343299241671 0.0271394802888399
-0.0334011557845026 0.0642853039726071 0.0403479962877938 -0.090085368758981
0.0337847797213208 -1.59346126654399E-05 -0.0149431721912601 0.114553700950702
0.00833370153543473 -0.0277044851957034 0.0314864059789525 -0.00465362077477102
-0.0211514744345892 -0.0236903888356977 -0.0604411967397915 -0.0523976710470366
-0.0259053845060835 0.00617942011062548 -0.104805288125628 0.00925609974474396
-0.00805977735317576 0.0173657852693713 -0.0742704838354226 0.088690126329599
0.00192892459830487 0.0103257039287592 -0.00140339358408903 0.110699587814219
0.00317056603851212 0.0133877143309284 0.0416720985049284 0.0894911123837978
0.000915605671881681 0.0125806443389746 0.0523756647122037 0.0646110529982723
-0.00470429171507115 0.00814487207897466 0.0567969258784737 0.0572623817696085
-0.0101718991094226 0.00110893672864394 0.0565468126264942 0.0617111166943982
-0.0119674582316969 -0.0057510725155696 0.0432412654607828 0.0753258474607196
-0.00542122737171375 -0.0211855512615946 0.0169674086395007 0.100948751605639
0.0155817490838088 -0.0209734666391564 -0.0247156365249413 0.121126998665516
0.0338185104652 0.00384586447712084 -0.0538381486884422 0.124785738304733
0.0315829632415819 0.0233955461709459 -0.0369982683253098 0.164829706905687
0.0379473247862889 0.0558269060886205 -0.0361230443817165 0.104228225994065
0.036556783561209 0.0136457399756733 0.0255978182751733 -0.00676583655612543
0.0274838008818303 -0.0151896224229592 -0.0652077173370132 -0.0595705317905789
0.0121828873901831 -0.0206197123939143 -0.116180575885539 0.00302429474191913
0.00185665663219965 -0.0166041733735187 -0.0849298071851371 0.0878151381536258
-0.00479474417943988 -0.0209279336095424 -0.00901367918247318 0.113417718703233
-0.0189268512796479 -0.0137571393121096 0.0375883723453456 0.0879729638308723
-0.0228441199108709 -0.0107691601946153 0.0484933909230974 0.0608290211478795
-0.0239966505768864 -0.0191822662193039 0.0549194830311884 0.0500850131480656
-0.0104509282308084 -0.0335834627780745 0.0570456195662294 0.052291071158962
0.00760919713597596 -0.0358159688874322 0.0494809075876517 0.0627956438345197
0.0402604416566539 -0.0354427841235174 0.029386783922862 0.0911937998412753
0.059354708562151 0.00259769364586015 -0.00655578306361963 0.116389093425301
0.0487763485348392 0.056598627347853 -0.030014740616799 0.116272047582512
0.0273582947841722 0.0889101669206547 -0.0202740940941655 0.14361269406087
0.0305905483351774 0.106977390546227 -0.0497527544759268 0.0726586546603489
0.0556550693308372 0.0653729720370502 0.0215484629885198 -0.0210243030606969
0.0766250772617805 0.00664881016164216 -0.0666946641861404 -0.0745979840654508
0.0599928755304615 -0.0405583751980618 -0.124999181370132 -0.0119676351971181
0.0198544638330091 -0.0517546306596481 -0.094336956958136 0.0756775402276458
-0.00616067297465194 -0.0529083838999139 -0.0209103306340359 0.103240783002986
-0.035687244244855 -0.0415817215243958 0.0274259185211677 0.0761007986323492
-0.0439554504405039 -0.0324082014677086 0.0376698679421444 0.0485404983201585
-0.0431198061274163 -0.0405056955276657 0.0461744990050629 0.0337577932680065
-0.0160845969953338 -0.0609639553087422 0.0533738749435746 0.0314805169128277
0.016342759027477 -0.0636875076417455 0.0576442029048182 0.0391645438914607
0.0709866824329734 -0.0584670468772925 0.0493002277784117 0.0729810760707261
0.0984323633613193 0.00705736043015268 0.0173668532911155 0.107706936872916
0.0707911967299258 0.0891427559682507 -0.00719124744831539 0.101731787463948
0.0298479907346899 0.137662299638606 -0.00311161662599404 0.105362703613052
0.0136952178204205 0.143111594446073 -0.0514803537166284 0.023412325815961
0.0596823346994917 0.115736266926256 0.0215834370475677 -0.0475179591014907
0.115531625155029 0.0390984718067938 -0.0600713351942964 -0.0945750024385709
0.106812464332999 -0.0473820904599209 -0.123761088568346 -0.0347384652449248
0.0421650707876458 -0.0788235732762269 -0.0965807460403114 0.0508152302869534
-0.00186767054769141 -0.0796642201253268 -0.0327323685565298 0.0797396255900881
-0.0452127386681784 -0.0650074319421579 0.0130237476565175 0.0538626269730795
-0.0575588152587399 -0.0491433218957587 0.021218317995462 0.0291835384209647
-0.0579352501406358 -0.0545453844095528 0.0307062067540967 0.0126740711904624
-0.024314740222063 -0.0771383676062674 0.0439608102259256 0.00564975939431713
0.0158974308739882 -0.0824777307216809 0.0596508312373575 0.00849279058867046
0.0849194143544703 -0.0791929308799708 0.0650245668721112 0.0469588714795061
0.122434725603742 0.000505589938507249 0.03972978624885 0.0920918263742633
0.0879731288836384 0.101294346502417 0.00590886302162391 0.0836103201442425
0.0325994887041777 0.163786851128295 0.00788872269868424 0.0571066981266527
-0.0054320563254259 0.155161420415463 -0.0394745057849298 -0.0379127793177332
0.047271322464795 0.147809830548716 0.0267387025420962 -0.0812051840411986
0.129086398321472 0.0719538194188169 -0.0420755927221634 -0.112806452346674
0.137431202828869 -0.0381412238732474 -0.106141538541661 -0.059380596854357
0.0616657103205752 -0.0894251754604584 -0.0878415743554981 0.0177060809066508
0.00533255631713329 -0.0927858000979728 -0.0411351139266945 0.0444553440555406
-0.0467390280077075 -0.0781100604196075 -0.00365724840944253 0.0253443477063788
-0.062706240546166 -0.0584296029445047 0.00253790147551023 0.00615503560423354
-0.0646708108887321 -0.0602995131462138 0.0115644691341256 -0.0104429143757964
-0.0293393629187588 -0.0814015924718901 0.0286584165678305 -0.0209917234992818
0.0133086259658001 -0.0887642641156986 0.0554749628338839 -0.0219631228941141
0.0861202022630059 -0.0867913381443797 0.0726052781046165 0.0206361789139729
0.126451057627676 -0.00386693609748273 0.0527956154718434 0.0738513967612239
0.0890105662289098 0.100599709425659 0.00854237093665437 0.0639002324260347
0.0284304185893955 0.165699381369965 0.0126334760943404 0.00807276627738019
-0.0207867478315477 0.138459636794147 -0.0166139544807359 -0.0975696144623336
0.023552651474936 0.148178301724183 0.0384696857577159 -0.113932991440824
0.112151390075973 0.088458115472915 -0.0162943566610708 -0.12488705639162
0.137236866652268 -0.0186400578983697 -0.0765912934972937 -0.0797497927288571
0.0681167527129557 -0.0805509613810969 -0.0705964442803973 -0.0171167757118171
0.0111299222199828 -0.0879355184438264 -0.0437078947449792 0.00514742571085969
-0.0408791187727605 -0.0769100300045476 -0.0189519943205822 -0.00503516866856369
-0.0590510247012425 -0.0586828906615274 -0.0158054563344135 -0.0182722570519058
-0.0617142212275916 -0.0588821508918055 -0.00781522054316485 -0.0328830391270727
-0.0295227843892128 -0.0770677546832087 0.013372819645784 -0.0450139108009667
0.0122932695645541 -0.0833928406927155 0.0489332098291553 -0.0475996739062132
0.0811886257470587 -0.0774895187237311 0.0745738280208159 -0.00198054464732244
0.114313915002185 0.00131375819568629 0.0588591594231206 0.0567593408353686
0.0727091220890848 0.0939340575555349 0.00604375061688922 0.0475791987562315
0.0155813112788388 0.146912103658777 0.0145748898488575 -0.0354516685207281
-0.027942518694711 0.0959464075184882 0.0100549977666327 -0.144793167071287
-0.000569571996505955 0.114063061871111 0.0498437283695813 -0.135245523948448
0.0745598455914378 0.0794808696990174 0.0094305447295905 -0.125608689096638
0.106481570219968 -0.000972506110122804 -0.0451582548716783 -0.0910471917854605
0.0576095388153286 -0.0578909550010332 -0.0508356817802205 -0.0454497153427931
0.0122018978884805 -0.0673838422578856 -0.043526934443512 -0.0292452823770256
-0.0300337548103874 -0.0630904796037656 -0.0324419702606178 -0.0316253127241047
-0.0470323150660809 -0.0498853496711883 -0.0310725281998026 -0.0392437578173483
-0.0496555660622026 -0.0508077033285043 -0.0244077973681496 -0.0533578279208866
-0.0235013368672426 -0.0645901418254601 0.00140156842499161 -0.0665660162376227
0.0135120930330418 -0.0685300170525816 0.0452280518831713 -0.0673233460778864
0.0712064659136752 -0.0572244187725688 0.0761677607852482 -0.0162376254002549
0.0898534624731118 0.0114542341178131 0.0604999625847004 0.0448588495190248
0.045452792642853 0.0822738480682423 0.00225593749619844 0.033753626993017
-0.00371763040322927 0.110883513676402 0.0177547005514603 -0.0692279748752727
-0.0274109459075373 0.036256562406896 0.0308371460409659 -0.170631288275758
-0.0171290069825732 0.0577303007937947 0.0540310571396844 -0.145280336869671
0.0305565537929219 0.0489450165547097 0.0260640941520224 -0.121189599895439
0.0576378929036474 0.00758072579537802 -0.0241622539753226 -0.0949682287025261
0.0343410978693729 -0.0282596337267794 -0.0398998782112221 -0.0623645688813916
0.00959501095702169 -0.035560762016697 -0.0446724027342538 -0.0512001960066104
-0.0157888545718687 -0.037626777420442 -0.0422426316738856 -0.0490243186255203
-0.0283650435883036 -0.0333401867959001 -0.0416129229649895 -0.0542843670301973
-0.0302790985065925 -0.0356874388850344 -0.0354796907023163 -0.0689131861464321
-0.0147472145269722 -0.0450208685136104 -0.00291980826883675 -0.0833373595970597
0.0140623191023585 -0.0472149817386478 0.0484033486379283 -0.0810109617596546
0.0543910036671435 -0.0311134072651751 0.0817473859766615 -0.0228753528192451
0.0565604519885227 0.0205770512258902 0.0629597532650609 0.0387680667837753
0.0138299468503487 0.0626880943545188 5.81727679530809E-05 0.0250397341448403
-0.0229582655668961 0.062113639055672 0.0237788480288721 -0.0906532466017549
0.0324789796367315 -0.000118092395969243 -0.0159228043309375 0.109828086920327
0.0087520701557651 -0.0262844324481571 0.0310567459832354 -0.00404339462731252
-0.0199124974833523 -0.0231856755328086 -0.056500896301465 -0.0514716160763461
-0.0245151246162857 0.00516974252431779 -0.100511659591171 0.00733833189610466
-0.00822832494141393 0.0162756024165793 -0.0728018964845197 0.0833984910381076
0.00122561730358066 0.00970096055844386 -0.00329922106681248 0.105181974848099
0.00302680819103034 0.0126418297326653 0.0388437099539319 0.0855524206103062
0.000880222266188226 0.0118115408818789 0.0493465423631615 0.0626363743415284
-0.00451473673614745 0.00775396247533705 0.053787216430954 0.0551355548492094
-0.00956160186812634 0.00116628324300905 0.0527218976682582 0.0593165718830111
-0.0114143476110973 -0.0054994891180503 0.0400951518860948 0.0731362770803345
-0.00437373428254846 -0.0203220193261774 0.0142417925632626 0.096411475078711
0.0156091171001182 -0.0192539160630967 -0.0261502114626139 0.114216511705318
0.0326274893607419 0.00491193958815555 -0.054928309752471 0.118115140734091
0.0295284789391194 0.0229126068648278 -0.0385130119319051 0.158020293752111
0.0357207022728104 0.0535099594120969 -0.0364084698223708 0.100046982610824
0.034923437036568 0.0140125524208698 0.0255877085324084 -0.00630551639663103
0.0262488630840555 -0.0146175578505115 -0.0608296857930199 -0.0581727381740776
0.0121201221008135 -0.020128616942764 -0.11196769000522 0.000842085426408422
0.00229027482325874 -0.0163559757728689 -0.0824936555645266 0.0823060092444649
-0.00463505835314738 -0.0197211754034622 -0.0103162401722895 0.10734293810868
-0.0177603754307134 -0.0132629835526161 0.034837537768921 0.0844422666299721
-0.0215182045188206 -0.0101963324762764 0.0456361058131299 0.0587244944475818
-0.0224727456133678 -0.0185088750995611 0.0518858766214862 0.0481282467337548
-0.00992701622776083 -0.0322682677128128 0.0531287870320753 0.050984151845618
0.00779080994112408 -0.0339351426194981 0.0465190957816953 0.0607474406417078
0.038801198600118 -0.0334853058666971 0.0268576034044947 0.0873635479216522
0.0569507607279557 0.00356758845388608 -0.00925261639480753 0.111030967879556
0.0460710688625312 0.0556117778618728 -0.0316485867488543 0.110361230224731
0.0246075621948162 0.0851730599634351 -0.0222958933640086 0.137826175576142
0.027753569549747 0.102672605553443 -0.048927756326008 0.0698767282203005
0.0526153679951047 0.0636964515153854 0.021540437279008 -0.0200198948131175
0.0732096184593369 0.00680788297294031 -0.061435656869475 -0.0727383789797424
0.05798245123487 -0.0389864108482834 -0.1196253008282 -0.0140600152593709
0.0195741479700321 -0.0493992690131068 -0.0913458123868913 0.0705991700250754
-0.00560854088670439 -0.0508711691612468 -0.021516854047196 0.0977278428186453
-0.0333777847544264 -0.0401347047155237 0.0248952194951275 0.0730790670664706
-0.0409757804554892 -0.0305026465751088 0.0348769803464956 0.046825721273889
-0.0406191386294585 -0.039224173216263 0.0433179043694796 0.0329443230514526
-0.014566484024998 -0.0585044146429806 0.050605899340124 0.0312603943051937
0.0163983933403252 -0.0606560323439694 0.054342719276475 0.0380711407529222
0.0686352966385307 -0.0551267768441528 0.0464164708677201 0.0702854697207918
0.0944511114179287 0.00830856653341304 0.0147648668459504 0.103464590770505
0.0664808213698364 0.0868899359303391 -0.00980502254950542 0.0974735854872479
0.0257672031813455 0.131681874165732 -0.00563316213940974 0.101538880188793
0.0113437561787725 0.137191884686334 -0.0493596576160282 0.0220108567432587
0.0556143211138923 0.112190259498378 0.021819641296109 -0.0442462447621433
0.109966250217053 0.0384439204848543 -0.0544340170943086 -0.0911057489164421
0.103395112555493 -0.0448299689943884 -0.117820466106545 -0.0356595064315505
0.0416794048957766 -0.0758457197882398 -0.093678468552374 0.0465496683686527
-0.00120816390957063 -0.0768106839050732 -0.0324631703053008 0.075077542704042
-0.0423065172548483 -0.0623940492803537 0.010466952944675 0.0519538983264161
-0.0543659971477772 -0.0467911292731293 0.0196080309833064 0.0280925907214303
-0.0542464625013292 -0.0520875763124539 0.0290474212701361 0.0121176823430126
-0.0223477385522429 -0.0739056342788212 0.0417117181037885 0.00580534898333913
0.0157616706426935 -0.0788801615655168 0.0572259922617334 0.00931805157806352
0.0815872021218085 -0.0751313898926856 0.0623269166428946 0.0462371985654928
0.117057565943783 0.00163561575257973 0.0366167499358865 0.0894176072693585
0.0826604945147362 0.0990530499906395 0.00359740927274968 0.0796774576415055
0.0284753068757306 0.15630633883989 0.00592868922133577 0.0554001373820281
-0.00723160796380774 0.148197500824209 -0.0372773209554058 -0.0366088657670611
0.0429780330736137 0.1428127787265 0.028342354900865 -0.0765027208640029
0.122332097617965 0.070201839965316 -0.0371213915631574 -0.108922582860348
0.132137507322295 -0.0350305550702445 -0.100217581087494 -0.0585809455381406
0.0602848467788462 -0.08516320174333 -0.0843954625883265 0.0139511576178976
0.00635873177203484 -0.089436362406491 -0.0399089645847986 0.041012831207678
-0.0435800975699315 -0.0750188777530234 -0.00492191729579913 0.0242938372054536
-0.0592123664156401 -0.055725206851236 0.00223394040224861 0.00572942680686887
-0.0605552607303338 -0.0573416574314164 0.0110137671203675 -0.00965110056655259
-0.0273681459716753 -0.0786413792467249 0.0276225853939217 -0.0197243327404978
0.013271414743895 -0.0847585212457083 0.053459708832398 -0.0199248432512225
0.0832136920506465 -0.0815975752096718 0.0703178407084357 0.020344568719229
0.121418631124122 -0.00196286567973403 0.0501553126711271 0.0719294302196119
0.0839852630754045 0.098147519979822 0.00677328185855437 0.0617436715442719
0.0250669268651574 0.157882061487261 0.0111711537787264 0.00818651682348294
-0.0216875424774821 0.131631667361635 -0.0142518404485297 -0.0932656175162733
0.0195432693955299 0.141680768909149 0.0399934207735739 -0.106360508498706
0.105514337336278 0.0861752365998731 -0.0120037738917775 -0.118931390407701
0.131626459605622 -0.0160411043860951 -0.0715247945747251 -0.0777357509003774
0.0666862809104847 -0.0766770155699799 -0.0668798543060851 -0.0180593873462202
0.011910122291497 -0.0846199048331505 -0.0418038209132423 0.00368698643672029
-0.0380012237891258 -0.0744054575150132 -0.0191457392455266 -0.00533202965655525
-0.055676808012738 -0.0563296330116128 -0.0152714256461957 -0.0171828882988339
-0.0577769261122886 -0.0557448434827704 -0.00674632820283809 -0.0318477293344053
-0.0271881984461207 -0.0745964092647631 0.0130825123063696 -0.0430083844747133
0.0128454508500907 -0.0793256651542204 0.0474182654996324 -0.0446303912323419
0.0784025098256663 -0.0731116883976223 0.0721306596437439 -0.00056981692841446
0.10925573156182 0.00248083828452828 0.0553218157552352 0.0559596405319007
0.0679855033810939 0.0914995058421036 0.0045233285407001 0.0455494293643724
0.0125685497672311 0.139307411626317 0.0135890063490251 -0.0335418478616498
-0.027627371192986 0.0910015949896776 0.0126656493593145 -0.138575214488618
-0.00167363398713683 0.108772473419264 0.0515985890806022 -0.127750964972841
0.069417407327281 0.0760891833656351 0.0125010475106599 -0.119869706787447
0.102151779741627 -0.000445796487336825 -0.0408965591771138 -0.0880145143835267
0.0558171803932638 -0.0545200187969748 -0.0478481320958619 -0.0447469740540196
0.0132130848704875 -0.0643746185267141 -0.0420702269262225 -0.0291111754397404
-0.0282330607224556 -0.0598944628030009 -0.030685478996053 -0.0310125033765396
-0.044394123525921 -0.0481110661178233 -0.0298854430571741 -0.0385655257786044
-0.0464386307056846 -0.0483230153644732 -0.0222301204673708 -0.0512222560810706
-0.0220099722472013 -0.0621774619007347 0.00292706206250562 -0.0633908781807613
0.0139055659742397 -0.0650950115807144 0.0444507905968944 -0.0637897227264868
0.0688279418073105 -0.0530930076794571 0.0738358093248254 -0.0141542386690896
0.0850974097383224 0.0124670729912365 0.057801366707787 0.0441832690085983
0.0418027289611702 0.0795132469431968 0.00154210253209418 0.0325827606619729
-0.00523147152490181 0.105287347544846 0.0174193738418873 -0.0661775571676997
-0.0265293660856824 0.0343262539015393 0.0326769971921882 -0.163957265340282
-0.0171866314017749 0.0547818278153815 0.0561758291800938 -0.13687777140802
0.0281911911522047 0.0468869673051787 0.0279732909002844 -0.115098030108591
0.0547784590503362 0.0080369044686126 -0.0209919968631868 -0.0922956944688862
0.0330759584448652 -0.0263274862488826 -0.0371982204235724 -0.0603370404457073
0.00986017731814273 -0.0342751526501186 -0.0425185969671634 -0.0498611737110805
-0.0143390500637591 -0.0360923466217004 -0.0403532482150198 -0.0471401316832184
-0.0265102159978245 -0.0318230962500861 -0.0393985344673989 -0.0525902859580403
-0.0283951933364527 -0.0341528082846097 -0.032633433391011 -0.0664040805011387
-0.0128784607872035 -0.0428577597278789 -0.00130520647819201 -0.0794286050422203
0.0140206299924653 -0.0447858727394557 0.0474193119919009 -0.0773938251870916
0.0524600831226058 -0.028860202112874 0.0786863649256069 -0.0202021538572078
0.0531340065269384 0.0206318298735659 0.0602336226272071 0.0385217493684858
0.0120804249732929 0.0597461572453645 -0.000595686471115295 0.0243744667050056
-0.0225862411413987 0.0581307050060207 0.0236029610912179 -0.0864770717533389
0.0323007123438428 0.000148510684013775 -0.0193038781930753 0.109057618859004
0.00959871201651251 -0.0260972637018649 0.0315431236032685 -0.00328449072097038
-0.0191014330356816 -0.0233505870727665 -0.0535888670503877 -0.0531341129234795
-0.0251190263959389 0.00427946616604263 -0.100205763102509 0.00429446098324659
-0.00840682856281375 0.0154865129094062 -0.0753087453456386 0.0804409880723655
0.000335374417135302 0.00953396083944499 -0.00642167917749615 0.103000417762181
0.00233849831524908 0.012537932512899 0.0354504944718294 0.084880944568452
0.000578779291172561 0.0120485502163948 0.0471677686114912 0.0634786478145678
-0.00496377304801293 0.00718252523938334 0.051425716382413 0.0558484568863392
-0.00980900736306658 0.000639765998806669 0.0505458456979806 0.0610385917091686
-0.0110705679906608 -0.00582161954245173 0.0373923256644996 0.0736829934253637
-0.00367035642492473 -0.0206040038355785 0.0101720427710329 0.0957042392458129
0.0167732159966115 -0.0185066859952842 -0.0305410908210996 0.111256834404206
0.032813766575593 0.00627187805679935 -0.0598196389030712 0.114378609727926
0.0280560025311552 0.0235232320955318 -0.0438697639471642 0.15621971739395
0.0332991372589519 0.0535328180441787 -0.0390577579981637 0.0987923834070594
0.0343730992382981 0.0152375031642754 0.0263289348265322 -0.00515414886882446
0.0261666324973715 -0.0134645430823855 -0.0575529782996031 -0.0602020408422015
0.0123803016046992 -0.0198040872228797 -0.110555226971215 -0.00311258385948956
0.00283530389643852 -0.0162679344432838 -0.0848340894346136 0.0784779913530867
-0.00455908512897219 -0.0202403957771916 -0.013583551928497 0.105485429479521
-0.0171401620701647 -0.0135190416317206 0.0312450690822911 0.0838818470540798
-0.0205738805278784 -0.0100273069473591 0.0429029410909697 0.059800356612844
-0.0218318844166556 -0.0187554482550819 0.0498131031316389 0.0490551107725462
-0.00872103119711165 -0.0323725065341095 0.0514354301713132 0.051709813483732
0.00872118059480131 -0.0334703747716971 0.043766120301263 0.0617982211558246
0.0399314695224986 -0.031915707166859 0.0234487704326574 0.0872252147034132
0.0567968698410756 0.0051093040999698 -0.0131286769735003 0.109170551607232
0.0440167223603958 0.0570759576756328 -0.0363514414524293 0.108168947587234
0.0210572166215381 0.0849459436273389 -0.0275230094783631 0.136523185066415
0.0241700386716415 0.102186915592937 -0.0506535120913783 0.0683310449300075
0.0501335579400192 0.0653878926120572 0.0229950716698586 -0.0180033810316372
0.0721086417617895 0.00910132289421714 -0.0578724715195113 -0.074138724066806
0.0581156916119905 -0.0373335712973087 -0.118108289608487 -0.0177695041573434
0.0211017390100094 -0.048982851085272 -0.0936360833649051 0.0665576240812015
-0.00413615474249326 -0.0512239214155725 -0.0243167791292029 0.0954187906883693
-0.0316882676580991 -0.0406899175319237 0.0216133623026006 0.0726231634538515
-0.039391325269075 -0.03084060876918 0.0328258296373512 0.0473389961977595
-0.0388132797552933 -0.0393947119777223 0.0412338533908604 0.0337088348777416
-0.0129971183311145 -0.0585051115965444 0.0490826372221135 0.0317884568476267
0.0181941887449943 -0.0595115792249155 0.0523418495436763 0.0391056669374757
0.0694041481482961 -0.0525502580926598 0.0436607501043859 0.0708062998845853
0.0932691949092784 0.0109722334110848 0.0109668455910214 0.103197608193047
0.0631167145024228 0.0888173626060793 -0.0138713791003148 0.0962063528354665
0.0214037557258496 0.130815821324023 -0.0100336949803513 0.100745107073888
0.00682510892857707 0.135973748422327 -0.0493574900459671 0.0210695674076474
0.0513583670486121 0.113777212180002 0.024829802920852 -0.0426397906408246
0.107356121449096 0.0409067211813046 -0.0503658968045543 -0.0925078100632159
0.103845972790206 -0.0418650199136101 -0.115046504926106 -0.0396925597829947
0.0436154496053232 -0.0738690489537199 -0.094638097579841 0.0427138327272876
0.000921692836515284 -0.0762660688297563 -0.0346573914350515 0.0726259480922758
-0.0405205992251313 -0.0627809211297773 0.00797335467502791 0.0512515667284833
-0.0520228950861828 -0.0470352661460466 0.0181770216740891 0.0286267159126471
-0.0519238519489829 -0.0524193078768396 0.0279602850106741 0.0132165444071982
-0.0201344254684532 -0.074174066848948 0.0407932627113184 0.00720091271437621
0.0181817467071668 -0.0778211458156586 0.0565399430246604 0.0111231541857908
0.0830480052781169 -0.0717091147531965 0.0607699321804995 0.0472157931198641
0.116043279073728 0.00515626282683164 0.0334524127181711 0.0901835478830592
0.0784795331190842 0.100957029121978 -2.09521179600929E-05 0.0791193632569745
0.0228737701303359 0.155059545621079 0.00281082147339644 0.0552512724438355
-0.01201842206094 0.14633507480354 -0.03476834118209 -0.0364502037824045
0.0378686965694303 0.142858950482551 0.0318689096385092 -0.0740524636183267
0.118329438514034 0.072599886238478 -0.0322338053524363 -0.109041925925132
0.131957983776586 -0.0315555105963869 -0.0970566628434888 -0.0623095745781998
0.0623004198748398 -0.0829006787169711 -0.0844137555309583 0.0110111569155584
0.00874127035897246 -0.0884804917706622 -0.0410304161727188 0.0389996907852479
-0.0409154562245476 -0.0751323792849241 -0.00650756743021007 0.0234513365062666
-0.0569167490274336 -0.056319165872303 0.00113216692836156 0.0058189847062768
-0.0580256749140122 -0.0576449853833726 0.0110654491935077 -0.00947611702627906
-0.024887003278121 -0.0785854805157642 0.028203405597402 -0.018387510863055
0.0158570945847765 -0.0835443220388127 0.0541568675222485 -0.0178938392592862
0.0848522896127188 -0.0785632665546002 0.0698033531468943 0.0218971851196774
0.119673414577 0.0011901193226285 0.0478146500550618 0.0736335016397303
0.0793947184571755 0.0996475915982146 0.00461685817433414 0.0615608424925601
0.0189327594739347 0.156462896800011 0.00972375398968591 0.00890009687219082
-0.0256741148331808 0.129912034758346 -0.00967470532724367 -0.0925381085830111
0.014428552002723 0.141789351754139 0.0442123438928682 -0.103033627367484
0.101715202211099 0.0875145520440158 -0.0070032139150497 -0.118094708616235
0.131198804226389 -0.0126774681344316 -0.0672330104269277 -0.0797848530621553
0.0684994704601772 -0.0740601603415255 -0.0657850562386971 -0.0206355430333829
0.014414710238653 -0.0836651358735783 -0.0419216590400171 0.00169606984005011
-0.0356815431453648 -0.0740671682554018 -0.0195636475402768 -0.00599536669558872
-0.0535077643067475 -0.0564800526626392 -0.0150634282874642 -0.018087540847597
-0.0552331379571395 -0.0561464285904713 -0.00582976872416842 -0.032355308027035
-0.0252660242107939 -0.0743379527419836 0.0149555496557912 -0.0416082588719957
0.0149094284548499 -0.0786399417655607 0.0487797807451394 -0.0425731670920267
0.0798850284511031 -0.0696822333783487 0.0716052753643824 0.00119467806416862
0.107465503639173 0.00542084246504057 0.0539210715892414 0.057465805543956
0.0641253638127159 0.0928794871413405 0.0026943807799815 0.0451335559869682
0.00782115801017032 0.137446554971541 0.013620474926691 -0.0321029972517378
-0.0301201328856149 0.0887752766799749 0.0178873207180867 -0.136941757675995
-0.00511592448298295 0.107850730772163 0.0561852505385083 -0.12405175263159
0.0661771531224601 0.0772447654954783 0.0174291496309991 -0.11826872764341
0.101062385597617 0.00200112324430188 -0.0372816789564385 -0.0887016603572775
0.0574447237227596 -0.0524375445524373 -0.0459095773731604 -0.0463930498273661
0.0148527501722954 -0.0634559043917096 -0.0406220306837577 -0.030693023192377
-0.0260393650245491 -0.0599192618122924 -0.0304366738315214 -0.0318646496801413
-0.0424714584870338 -0.0480709366927242 -0.0285584972400222 -0.0390944811915099
-0.0444606136039356 -0.0485919877590382 -0.0204463780817226 -0.0512101392056912
-0.0200019207164462 -0.0616921575356377 0.00535182102441765 -0.0624973984828854
0.0154748888898856 -0.0646688127490486 0.0462807109726498 -0.0614574588232561
0.0694988656930586 -0.050707294950518 0.0740001376198671 -0.0118682663086196
0.0836042326632169 0.014961331656453 0.0563819794484757 0.0456837528304522
0.0388909635905815 0.0802062684914778 0.000265776110780896 0.0322743788249116
-0.00840592138011082 0.102702722547505 0.0185849836405298 -0.0646737597661155
-0.0271950063311607 0.0322235168266131 0.0389672491054722 -0.160990192531081
-0.0186423739782658 0.0526870423928407 0.0614645116984904 -0.133064962017968
0.0259583173214105 0.046662737206548 0.0328548489692098 -0.113704725857144
0.0548516771845044 0.0090530196161566 -0.0170211348359605 -0.0920135442446898
0.0337741751931741 -0.0243580507993005 -0.0346511062370198 -0.0618136483109802
0.0110120140958788 -0.0335865910134987 -0.0407106169101343 -0.0513344789422871
-0.0132864594323627 -0.0360375957104472 -0.0392542626354537 -0.0490430390975228
-0.0251680233684589 -0.0318813572786523 -0.0383134078047463 -0.0540943529759983
-0.0271804837803717 -0.0338765878460903 -0.0298014494623489 -0.0664568481438626
-0.011706194277739 -0.0426905333618252 0.00166774879204703 -0.078450318625124
0.0149293237956161 -0.0439689419141813 0.0496354787246775 -0.0741412295586966
0.0522802077447782 -0.0265080794371297 0.0795635948947838 -0.0170311976301798
0.0513865672816058 0.0224829059754115 0.0582897888890508 0.0400212912643768
0.00993043642787113 0.0595393825870061 -0.00164126146082471 0.0239429658664526
-0.0239460808902916 0.0562265337042356 0.0249665187251592 -0.0851752958130957
0.0326287397214656 -7.81688584624984E-05 -0.0216098874420431 0.11221567691965
0.0107372470813019 -0.0272515834464486 0.0335141267815699 -0.00317926888830667
-0.0192128000542138 -0.024477032314142 -0.0533533784430597 -0.0563440533166679
-0.0258361960622099 0.00401797280460382 -0.102432753920483 0.00194415046921531
-0.0089081034722149 0.0158801539015044 -0.0794484919450013 0.0804299832122233
-0.000249460760567863 0.00980875023303179 -0.00912759688619327 0.105704355221253
0.00187720404051334 0.0124422226800728 0.0348923064077045 0.0873743656797482
0.000590447266390803 0.011994605180033 0.0472502419321876 0.0662755670606276
-0.00457289166127452 0.00704955727999707 0.0516734400304252 0.0585861300287883
-0.00981735613684819 0.000484690308380485 0.0510242389154175 0.0636599622238323
-0.0106304488097117 -0.00642357732026255 0.0363351535388062 0.0766694238501295
-0.00331983241904181 -0.0210416549535102 0.00772787483079979 0.0984655041355772
0.0179619886724994 -0.0177677313870593 -0.0344610303447429 0.113313059806467
0.0336555037521101 0.00786295391740067 -0.0657031468841928 0.115833590455932
0.0283834510209619 0.0250987611651539 -0.0491534137564485 0.159938095638469
0.0332530353050115 0.0549067364353395 -0.0416284443713469 0.10140710926584
0.0355102674300553 0.0161655480320655 0.0283748793381095 -0.00465258904980108
0.0269622882332069 -0.013462354817882 -0.0565466840749942 -0.0632418537298458
0.013118885265552 -0.0203687769668655 -0.113622552725695 -0.0060062655226544
0.00285897422632001 -0.0168977865707817 -0.0892323473383334 0.0792812492103377
-0.00455466797957886 -0.0208576792796116 -0.0164946320649408 0.106801168260586
-0.0173156081684272 -0.0144560907756684 0.0301047616664029 0.0861533264125105
-0.021036996027666 -0.0105784372477371 0.0429283654171096 0.0627089383289513
-0.0223008947733563 -0.0198453695220259 0.0496882471615647 0.0515994028869043
-0.00841846130876702 -0.0337441596912971 0.0521222439142076 0.0539724300884134
0.00990565635050189 -0.0342057591029794 0.0432363596194917 0.0652323524932812
0.0410487611436205 -0.0323011376163908 0.0217382743988535 0.0902293903219492
0.0589371446618349 0.00693643230111362 -0.0163616050528375 0.111385082616265
0.0440101214655084 0.060187463624999 -0.0406568327070733 0.110230807748048
0.0195063065687523 0.087646040027446 -0.0320524291223402 0.1408875114778
0.0228671594218946 0.10523370668278 -0.0529300645432967 0.0702457101750392
0.0502352824827801 0.0683175896636611 0.0253357202937497 -0.0178245140427235
0.0737962969118325 0.0101908121260433 -0.0568121560732545 -0.0774288310396775
0.0608495254732741 -0.0379877232240351 -0.120797219899699 -0.0212606969702474
0.0227400254995818 -0.0501912392610778 -0.0979224822396562 0.0664351383715539
-0.00354686616755405 -0.0530675403747313 -0.0271988614737392 0.0968175922733348
-0.0325073218104805 -0.0421791235895948 0.0201329939847649 0.0744021954530619
-0.0399195741095845 -0.0322694545415545 0.0326569757312949 0.049639676575759
-0.0390977594473138 -0.0405045767900519 0.0417272421816733 0.035519521033422
-0.0120207895061941 -0.0604481807013011 0.0493945103305611 0.0341236695420507
0.0193228138216779 -0.0605814927151878 0.0525578157157377 0.0422261295459922
0.0722853196296806 -0.0530901495175578 0.0429693987617961 0.0735983274618316
0.0959572104981814 0.0131786756726012 0.00857626034811074 0.106218587465611
0.0629226171801507 0.0935090431095284 -0.0173432315948502 0.0987526738075105
0.0185582476170874 0.134770695220941 -0.0134203732185219 0.104421681212476
0.00420613996853792 0.139159100425015 -0.0510403036888621 0.0215316362771869
0.0505887846246205 0.11836831691113 0.0278652733674709 -0.0423492407057548
0.109151952351754 0.0441442848698136 -0.0482456135085334 -0.0961547848751189
0.107538676742193 -0.0421359871099758 -0.116844640116323 -0.0437685915305659
0.046658696320488 -0.0760434481568495 -0.0985533115302317 0.041726722276985
0.00225599505006376 -0.0787869420401504 -0.0374049863568744 0.072851864432677
-0.0402723653763533 -0.0650606548489733 0.00610358927495951 0.0526243196737621
-0.0521771235613594 -0.0489472681367199 0.0174249717473052 0.029910480430605
-0.0522232436668005 -0.0543593089279436 0.0281702722029149 0.0136802243317269
-0.0196279877374122 -0.0769799621368506 0.0419262420840423 0.00807765688654132
0.0198143850518887 -0.0797075432353439 0.0573619096437441 0.0121040788597379
0.0869202065339574 -0.0726385336725852 0.0612749551704677 0.049252305713779
0.119346595524867 0.00731638260641357 0.0322667277250582 0.0938884313824537
0.0783951677551041 0.105566186591899 -0.00263282367291805 0.0813519878898658
0.0202335472268112 0.159128237759742 0.000470909252213281 0.0576571090448177
-0.0151500679630903 0.149758211346457 -0.0344891933285947 -0.0376519426055164
0.0358332910344539 0.148980518724017 0.0363181476168117 -0.0743866661828887
0.120187906984557 0.0765261654613104 -0.0293234809906774 -0.112588331151689
0.136162607868709 -0.030693026094763 -0.0979981837485235 -0.0665170799019318
0.066494290579431 -0.0846058648790247 -0.0876135720275843 0.00890376592708479
0.0105461014606318 -0.0913041004927541 -0.0432196942863946 0.0384702827559176
-0.0404131761147876 -0.0780830792994072 -0.00812281232340986 0.0238443988531515
-0.057273829766104 -0.0581612392275163 0.000590081323082564 0.00600499134092643
-0.0579145841170561 -0.0596927897839501 0.0109190968784916 -0.0100272274874582
-0.0239028152758229 -0.0812964427160207 0.0294566389646751 -0.0186517332588207
0.0178913181210872 -0.0857457456397187 0.0557173675648273 -0.0174241269053133
0.088525003209327 -0.0793522503692481 0.0710914613674552 0.0236162347023854
0.122893585115319 0.00322091678975656 0.0475311648773542 0.077066452357257
0.0792093149088762 0.104781965598259 0.00280925645898692 0.0635133556858398
0.0164150096990502 0.160342103271709 0.00839734005968278 0.0096531935549241
-0.0292919433332679 0.131976476150366 -0.0068670022107897 -0.0955526649186865
0.0121659154225241 0.146182166234254 0.0497669514012179 -0.103604783045442
0.101807267864637 0.091971646446539 -0.0034078471967424 -0.121345360350569
0.135394589267915 -0.0111521302796203 -0.0671354518253617 -0.0838230173031356
0.0723637859212754 -0.0753244435471911 -0.0671979960509833 -0.0237896158219534
0.016365593730423 -0.0861960341302689 -0.0434548575183633 0.000540777816439537
-0.0350597850650063 -0.0768650645247413 -0.0211829846656398 -0.00690590251307733
-0.0538073500480944 -0.0581715028637627 -0.0158270241082998 -0.019219703111051
-0.0552003224130316 -0.0581647909890832 -0.00562791183229957 -0.0331685912409441
-0.0245376993685947 -0.0762635914766472 0.0167752432870542 -0.0428280662537985
0.0163562310817982 -0.0805017382853692 0.0509943333056119 -0.0421341966350928
0.0834423067853055 -0.0701101068925134 0.0739889012908557 0.00232454783161086
0.110200929958125 0.00783186059272009 0.0551326173325733 0.0614400134959507
0.0638394672058538 0.0973191718236314 0.00161899784500925 0.0470242412431111
0.00508581041217337 0.140779217685539 0.0139878989576741 -0.033053981385066
-0.0330659797759196 0.0904332120262765 0.0225336859276827 -0.140773150981543
-0.00822218785958718 0.110444355913378 0.0624773981525213 -0.125064979701039
0.0657853870029736 0.0804940787496479 0.0217280033596897 -0.121037219329245
0.103874088537468 0.003565586924782 -0.0358962549230947 -0.0922609829556102
0.0606075692471757 -0.0533359762742755 -0.0459851632566592 -0.0490448291120459
0.0165500830014085 -0.065319521211033 -0.0411020594019251 -0.0330615046170611
-0.0251536294395056 -0.0618313135277087 -0.0320082522060298 -0.0337611658254549
-0.0424239624805599 -0.0493204137286966 -0.0297903003945443 -0.0409240668804676
-0.0443624304086905 -0.0500895741361186 -0.019815248368188 -0.0535657733199991
-0.0189749952614418 -0.0634823371945203 0.00721959924893191 -0.0640478568368048
0.01712064663355 -0.0659479532062372 0.0492098022562209 -0.0619469973778126
0.0728136348163214 -0.0506192716876884 0.0768793001715307 -0.0108631019911751
0.085183112752704 0.0166602150148841 0.0576161770000475 0.0490930155536382
0.0379979383344214 0.0833111260892971 -0.000767296737848524 0.0340685498505404
-0.0109324931594065 0.104827283555935 0.0195331455962435 -0.0665143140967463
-0.028313720079783 0.0321914424515945 0.0447551528546563 -0.165816221475306
-0.0209336199922963 0.0528685861945469 0.067527373139006 -0.135067615756962
0.025028016269017 0.0481023842192695 0.037580597552751 -0.115914819002084
0.0557005835745914 0.00962216180758617 -0.0145533595610469 -0.0950251206104028
0.0356079552995714 -0.0246794112459138 -0.0339472978907897 -0.0644786591863148
0.0124344774346648 -0.0347549049757186 -0.0411667806321204 -0.0536759440596112
-0.0123910592364549 -0.0372447867512548 -0.0404573416512513 -0.0510738633508261
-0.0254139683050077 -0.0324408106908329 -0.0387035440899541 -0.0566029819423037
-0.0270331693034202 -0.0349161599446797 -0.0289271554607939 -0.0698931058720823
-0.0114124878354162 -0.043517409918792 0.00418469570704141 -0.0806042130018027
0.0158387099928136 -0.0448690469920105 0.0528249421231545 -0.0746040523319412
0.0543086464137084 -0.0262281363343203 0.0823304983622913 -0.0160077454005864
0.052202315277494 0.0243245239874189 0.0597518074529588 0.0429583164716483
0.00873081737538221 0.0613127210630945 -0.0020340912197131 0.0255490598731683
-0.0256871929980144 0.0564503146230702 0.0265947966195511 -0.0866976024379844
0.033974033922215 -0.00109698308339834 -0.0203586544313182 0.11870640331222
0.0111290671165412 -0.0287476316288481 0.0362356008479662 -0.00447739227382101
-0.0205334755025049 -0.0250782645881462 -0.0561882919813251 -0.0589096676682857
-0.0270085332764573 0.00449009263711177 -0.107459077538017 0.00346902115467257
-0.00936531905543511 0.016282960605947 -0.0821191233130426 0.0853479633148927
-0.000333511181601198 0.0102343082762697 -0.00871735784152213 0.110285346036165
0.00215101781068782 0.0127723521384554 0.0382270871389283 0.0901423636183951
0.00140574600624315 0.0122356149470927 0.0506137160950573 0.0688635515597031
-0.00508306175298795 0.00736673838779853 0.0552870698295846 0.0607433323860365
-0.010085780917743 0.000434672808116966 0.054332512563133 0.0654593964637841
-0.0110032953454865 -0.0059518673194278 0.039300496605217 0.0805538348017273
-0.00349117934024273 -0.0223549702124034 0.00826715150417091 0.103253546040665
0.0188214822423031 -0.0186839217700011 -0.0354386211722567 0.118104362545453
0.0363087581714515 0.00831727269560234 -0.0683717876604134 0.121355647440362
0.0293593760018031 0.0254976613485628 -0.0502940070541122 0.169472412255766
0.035432248302898 0.0566604616998645 -0.0418374809364728 0.108028615080779
0.0374826732360896 0.0168158726645208 0.0306004162426726 -0.00472705288955165
0.0281584902697702 -0.0147973473055617 -0.0597885788580954 -0.065913549465811
0.0128446976735294 -0.0219927266248905 -0.11875497869994 -0.00448030001095733
0.00280446344188076 -0.0184239884924169 -0.0931622635903466 0.0837563756132861
-0.00544601855707217 -0.0220973777098928 -0.0162681558028642 0.111942964031882
-0.0184936709108956 -0.014737479532572 0.0327611996211849 0.0895488527687584
-0.0220308537230823 -0.0109380799194518 0.0459756770709785 0.0647581752653574
-0.0231174358703962 -0.0204596575138652 0.0531423607204483 0.053576215010323
-0.00968887533085785 -0.0355310132942164 0.0547512773441798 0.0557964093542951
0.00973980016633848 -0.0361468309021053 0.0459367088141251 0.0676974360257907
0.0427630496971045 -0.0347939837599552 0.0233069493167182 0.0938415240533661
0.0617826080018076 0.00651510325960444 -0.0162320586998685 0.116850535270022
0.0476044833593168 0.0632256897934231 -0.0427044996432873 0.115568436591458
0.02172868638412 0.0911304082971348 -0.0324833082391147 0.148858963567834
0.0251361280891832 0.109204404042067 -0.0537703156846604 0.0752708762643837
0.054012244658725 0.0713906200976218 0.0278516623236989 -0.0191986039488385
0.0772867018322988 0.00926510248290806 -0.059338664802338 -0.0809202852857238
0.063047935227634 -0.041419644071995 -0.126861867666332 -0.0208232083554299
0.0226261264755811 -0.0542606568190606 -0.102356060062546 0.0701389928768971
-0.00538939980209609 -0.0555631219073244 -0.027559751840549 0.101485399697086
-0.0346113824883728 -0.0434710152179617 0.0217173829248264 0.077491067228202
-0.042128516058482 -0.032542899847021 0.0352345307159598 0.0515817486429426
-0.0416184252714309 -0.0419002125555356 0.0436228981920307 0.0366434239399448
-0.0147357620939416 -0.0630572285652094 0.0523309198327456 0.0347680467109118
0.0189084353453885 -0.0639365607276434 0.0559700925961163 0.0436716997540317
0.0748407778444867 -0.0570029966215668 0.0460338582467846 0.0761796081656207
0.101491934729209 0.01181361718951 0.0107027475886347 0.111612584725431
0.0670948386613963 0.0973655433064896 -0.0176112138635473 0.103300161828837
0.021592811067736 0.140672549463304 -0.0135814064217713 0.109920422803309
0.00649349651551166 0.145397488118158 -0.0519293943925213 0.0238745151218885
0.0550146515508614 0.124048463673123 0.0300103151685974 -0.044577623114315
0.11489050381603 0.0440798080253146 -0.0505423464573843 -0.100466897712373
0.111791373954022 -0.0466227189901468 -0.123397959543295 -0.0441249468094321
0.0475817942256301 -0.0813406480887782 -0.102738566077482 0.0445905539564788
0.000533621140800624 -0.0829535932807224 -0.0383062644469624 0.0768336851543015
-0.043132759050361 -0.0674195649360771 0.00672042216949226 0.0553172808174644
-0.055498233252654 -0.0495542108334839 0.0184974348007753 0.0312099364888047
-0.05509476476795 -0.0553688722809215 0.0289555811943077 0.0139654055156047
-0.0217391384688285 -0.0800487361466885 0.0442124190031516 0.00811422108492986
0.0194974371515045 -0.0832291557423288 0.0604914039667508 0.012089372113624
0.0894905319097776 -0.0778653076453337 0.0649581267840905 0.0506906478818592
0.125614566783138 0.00523151230300441 0.0352867443849272 0.0984634715773131
0.0836429992608214 0.110890585994558 -0.00194253908632947 0.0851100061542912
0.023113645147983 0.16649531886572 0.000918049765435595 0.0609680527191166
-0.014197355431479 0.156620123770148 -0.0356642712471007 -0.0383849510482877
0.0401896516176546 0.155626202390965 0.0383739350304907 -0.0776505325818164
0.126756215469343 0.0776571294977808 -0.0308495461897072 -0.117576999263511
0.142341076794763 -0.0353113572606146 -0.103403198932335 -0.0683596199908841
0.068291731864802 -0.090588408747053 -0.092188122152663 0.0104969773813442
0.00898758028535297 -0.0959555631186812 -0.044317067785732 0.0403323343109198
-0.0439564874879709 -0.0809073932186382 -0.00897896841383067 0.0253682221490819
-0.0608388905844852 -0.0591334071473293 1.50880370252853E-05 0.00630456708610157
-0.0615312085360169 -0.0608752700897965 0.0109990292657594 -0.0106883019003187
-0.0265184633040599 -0.0844906023162422 0.0309828926712975 -0.0198065744288385
0.0170551487477071 -0.0898140937148743 0.0579650427243429 -0.0188342856768358
0.0909057625838322 -0.0854511071622991 0.0750070261315167 0.0234828848011697
0.12852412961458 0.000660865403649769 0.0515080206967766 0.0797722118770244
0.084406696257119 0.10925602959461 0.0031719303926486 0.066657529104728
0.0195518513953119 0.167109569974062 0.00793735870707842 0.010162622741602
-0.0285948747922377 0.138157835854476 -0.00805349583483474 -0.100380158827188
0.015296566615901 0.153410437159344 0.0522465991590407 -0.109207660976792
0.107969826061677 0.094272553873212 -0.00377433414249051 -0.126452475261829
0.141131646298736 -0.0147589624856619 -0.0710891572095823 -0.0869707153691028
0.0747908817468935 -0.0810473043742801 -0.0709014215198108 -0.0238803083487662
0.015143038495241 -0.0906487770045521 -0.0453155457141727 3.36966986081984E-05
-0.0378056219135021 -0.0799819575982702 -0.023267223175739 -0.00749175895035379
-0.0573321214894432 -0.0599447663461255 -0.0177666462657873 -0.0193812639088678
-0.0583216930561529 -0.059279534764586 -0.00666536741764294 -0.0345264267939046
-0.0263004965440298 -0.0794149081740139 0.0166824398031339 -0.0451288324106185
0.0163518268543617 -0.0847627859173865 0.0529612569713092 -0.045127843665962
0.0864225097163661 -0.075005700672317 0.078066388148431 0.00100728320352132
0.115260328353155 0.0061070218032051 0.0593195616768032 0.0637514380257718
0.067752020530963 0.101238802314248 0.00269943101334415 0.0492277225496679
0.00724006427307086 0.146862091591544 0.0130418914356491 -0.0346743734941136
-0.0326028170109455 0.0947659300098513 0.0222688314867667 -0.148592383091933
-0.0066619737215255 0.115997535710671 0.0652082746527108 -0.132025141707363
0.0694830055572158 0.0825791310781674 0.0221956653546141 -0.12664615862839
0.108667783578716 0.00102642983257793 -0.0380736730298794 -0.0962277971156564
0.0627734263740483 -0.0572099000178738 -0.0491164200588559 -0.0512428531270148
0.0165168569885644 -0.0692016692419135 -0.043979894662189 -0.0344344453312379
-0.0276381252045231 -0.0641612412514828 -0.0348675803081054 -0.0348929140303453
-0.0455517678596269 -0.0501478726832277 -0.0328254835231241 -0.0422857816153261
-0.0473231427216585 -0.0509749002034182 -0.0218994856115442 -0.055620579640835
-0.0213316144405503 -0.0662617160043839 0.00700909110468083 -0.0673295613277307
0.0167141223295129 -0.0695691772512101 0.0507127162803254 -0.0651175307278165
0.0752944255694451 -0.0545371766496103 0.0809140282318827 -0.0130076187113242
0.0890162553667137 0.016301833471721 0.0620852563104493 0.050996711606489
0.0404219239922538 0.0868677275321551 0.000193093228556008 0.035705900320702
-0.00954015900309877 0.109431937358224 0.0188430094079482 -0.0701458013546768
-0.0288409991888891 0.0334070712206627 0.0452246216178889 -0.176070087830952
-0.0208483644796151 0.0560065321643445 0.0699138989689197 -0.142313084166364
0.0261703877662615 0.0497635754304662 0.0387682314850769 -0.121877738476659
0.058812117019701 0.00863138916292106 -0.0156483694705017 -0.0988875698169751
0.0373184840405252 -0.0268594225774819 -0.0365938257605537 -0.0678506060862454
0.0126654186147055 -0.036758348369668 -0.0446324835799551 -0.0560039779561325
-0.0136433194554215 -0.0382061898656023 -0.0436581269231549 -0.0527958548878469
-0.0271488711099977 -0.0328008673072686 -0.0424269507756814 -0.0587760658375647
-0.0291503102319199 -0.0355336877420471 -0.0313077157530732 -0.0724209586294608
-0.0125413383453624 -0.045093616994781 0.00355179028162936 -0.0846111178214184
0.0163924817636897 -0.047348413788975 0.0548604668736079 -0.0789542798899462
0.0567143982169721 -0.0284857921600833 0.086659482091392 -0.018253741390752
0.0544477151311152 0.0245115542406096 0.0637493607707441 0.0447656124729639
0.00982006915251903 0.0636402507009396 -0.00218700547281101 0.0270089057254799
-0.0259490454273663 0.0588140884615641 0.0259943120364823 -0.0917666871293459
0.0355690972500007 0.00595673587907959 -0.0385856456112035 0.117250519203303
0.016229599223773 -0.027860593104226 0.0391791049021007 0.000451912957998446
-0.0172747217895331 -0.0279450372628562 -0.0480379765150296 -0.0712454039883425
-0.0283600250421509 0.00160747398047757 -0.112791477630796 -0.015518157578787
-0.0112710595220846 0.0163511028157626 -0.0991582562066773 0.0751442819706937
-0.00187564281802912 0.011252035615186 -0.0275015818293097 0.111531978988405
0.000539401069840604 0.0133637749350581 0.0241665903184464 0.0993825871477204
-0.000521145959252226 0.0128252063130704 0.0409265811060928 0.0790392226168202
-0.0062549315790144 0.00647404817630034 0.0476974489818383 0.0719030327655276
-0.00996465946876694 -0.00154285189090845 0.0458566212043951 0.0757099059258559
-0.00983743710167125 -0.00777913105217909 0.0276798234298899 0.0894461729479076
-0.000583836603818424 -0.0222695739891405 -0.00836922032393 0.108239757930805
0.0225520640513587 -0.0139466411723242 -0.0566018795336587 0.114476254296274
0.0343870797744489 0.0171312950122988 -0.0932918735856729 0.110481094654914
0.0259382861641447 0.0345049476664592 -0.0842977332594949 0.163303815957789
0.0259122220687937 0.0645316945258806 -0.0584554371196764 0.105263135213498
0.0350899030966636 0.022466658611619 0.0344483786784362 -8.22047600347852E-05
0.0290872004999965 -0.0096694334523421 -0.0476108526164342 -0.0782412847740142
0.0159115468310928 -0.0184185392561778 -0.120521041974167 -0.0256330323951855
0.00726288012222415 -0.0164131715081629 -0.109534284265007 0.0696304224480789
-0.000883645234080803 -0.0228208047594946 -0.0355213693025607 0.11089661823158
-0.0160880887563415 -0.017741638885613 0.0191220440396854 0.0966307353280352
-0.0192358547537298 -0.01501361609162 0.0361603163508358 0.0751981532712462
-0.0203436103912908 -0.0256235779981845 0.0470229603204445 0.0641154379561749
-0.00303316091692602 -0.0378184038611995 0.0489911375929827 0.0666958432258578
0.0181787620588468 -0.0344549582765437 0.0361174702754107 0.0778570909289954
0.049278813089627 -0.027262450457116 0.00629675320038346 0.103095657470809
0.061704029059117 0.0208282511321614 -0.0374036345103117 0.1159149339789
0.0355214411778414 0.0762221792511619 -0.0658463816194906 0.106022087659734
0.00354982362095134 0.10194140042906 -0.0606048912871659 0.141999021468709
0.00515867695873485 0.11542474722553 -0.0662665570357936 0.0721097698180513
0.0417923265979665 0.0804400870441897 0.034277307680372 -0.0122677252372513
0.0743040329859413 0.0234121491758852 -0.0418166829416836 -0.0914254655358744
0.0684033021040611 -0.0294046690412336 -0.122392837448021 -0.0441960190443227
0.0331265049913937 -0.0483292157538213 -0.116198983143876 0.052490237901747
0.0051322123007282 -0.0569685790835397 -0.0448113539818314 0.098175188479701
-0.0276535448560643 -0.0493364377528768 0.00967241444203448 0.081609138059494
-0.0354434846331539 -0.0404971416341631 0.0267078369088319 0.0595097536419198
-0.0342442132306803 -0.0505183736589029 0.0401260276906127 0.0449524271996272
-0.00279683496033699 -0.0671705936970899 0.0498802718810975 0.0450886090443159
0.0334229740028713 -0.0612559295654806 0.0492297381042438 0.0561470542195926
0.0866539715640991 -0.0450840585552027 0.0310357709069061 0.0905109745509147
0.100418662129639 0.0341840763655867 -0.00916724523869781 0.115243302794953
0.0494977007350784 0.115628118763173 -0.0387066050656593 0.0964954150762389
-0.00620486655226901 0.153381056011819 -0.0324917432969045 0.10378525522617
-0.0212151012244985 0.14800135565217 -0.0567135552797123 0.0218415092849027
0.0327393226565796 0.133219942086685 0.0405102945285274 -0.0364509335054794
0.105166754805775 0.0647597086839863 -0.0274916126952504 -0.107433297260953
0.117515595393839 -0.0271618743474457 -0.111953033048575 -0.0663945550251568
0.062383848696995 -0.0712068333102104 -0.111865359468568 0.0244743203948029
0.015713277514561 -0.084242498786748 -0.0515861648557301 0.0703126667864451
-0.032150306818016 -0.0749874499784378 -0.00249863079731715 0.0554208553040508
-0.0463602670204741 -0.0602466194390294 0.0132439020197802 0.0350330813592333
-0.0456130796575745 -0.0661818435296353 0.0284951598893796 0.01950667350354
-0.00741287912837887 -0.0858522094994304 0.0458630945798558 0.01644154043186
0.0377172311777356 -0.0821006967777883 0.0589585169779644 0.0255575906095159
0.106120124962252 -0.0640019798459379 0.0546961694708985 0.0680894117279975
0.127125790753641 0.0321242573878317 0.0176211756183441 0.105639176202989
0.0639875975814515 0.131493341597243 -0.0206257289029836 0.0806973798031726
-0.00885436001640802 0.180857153651033 -0.00873846365510602 0.0540006705826306
-0.0443229052445562 0.153749960729175 -0.0300471760145162 -0.0390292900598854
0.0122785429033152 0.162028086300034 0.0544410604781013 -0.0682269476876714
0.110117095870644 0.100302629368892 -0.00391502273581445 -0.119775763237795
0.146280155851857 -0.0113879530338638 -0.0845952196231687 -0.0861013941161357
0.0843917419137969 -0.0783237997499874 -0.0929268250390708 -0.0104865270633074
0.0266459219776334 -0.0963182818049114 -0.0520376669626366 0.0310047910258797
-0.0307399759760223 -0.0887736483631963 -0.0135781067663175 0.0212817609290912
-0.0501933372875944 -0.0717179037989179 -0.00206111827945885 0.00659336697073706
-0.0509875095862828 -0.0728732958823098 0.0144288845277761 -0.00895283725809559
-0.0119752108757128 -0.0920033908720477 0.0371252236440988 -0.014454618912593
0.0369582376623368 -0.0893197152572964 0.0608455571238646 -0.00735037094542397
0.10972628648585 -0.070972916407202 0.0690571808234 0.0421218342862015
0.131489824863029 0.0287243503725877 0.0380258465860713 0.0901490496816551
0.0653381259511645 0.130006398033316 -0.0115943481242448 0.0629047258541237
-0.0133385474385096 0.180425910360973 0.00844997050581707 0.00291821877115472
-0.0557487145637675 0.131578530437817 0.0072198152186225 -0.0972410170625665
-0.0136480365587527 0.154936757577049 0.0724048982714274 -0.0978841021770438
0.0883264627895246 0.112502868599309 0.0246050666965725 -0.123659562457201
0.141162351141108 0.0082260109066465 -0.0486655227721121 -0.0987438442188066
0.0887879994845001 -0.0671166984985147 -0.0655222651917233 -0.0421023213912108
0.0319277911664028 -0.0900220096331925 -0.0462838187415414 -0.00986760427177934
-0.0247118142480981 -0.0869511758819889 -0.022938962269617 -0.0137374692096631
-0.0467141566518641 -0.0709549501322399 -0.0160721050480173 -0.023317792444853
-0.0485855481921091 -0.070676042273691 -9.47570909464604E-05 -0.0368489840860232
-0.0124620064415573 -0.087004562493508 0.0268399778232148 -0.0423427553602179
0.0343211043128437 -0.0834452496339988 0.0603558977159141 -0.0349981600178081
0.103000627839782 -0.0624064619183417 0.0762697894542318 0.0198494185204034
0.11604030781311 0.0306596928144068 0.0487453581345754 0.0739411296519348
0.0492538810367246 0.118465407853893 -0.00874743936798676 0.045582430702304
-0.0219338982251013 0.155569932752733 0.0217774429435214 -0.0413902950195286
-0.0529036247101189 0.0852918415689856 0.0467829245856494 -0.143194182823883
-0.029029285583882 0.113291216369635 0.0891908967121017 -0.119932627179483
0.0524018122591979 0.0938260285048842 0.0488544264960782 -0.119615543806102
0.10593002797538 0.0184528521534799 -0.0149965656115425 -0.102692962896199
0.0720951752998704 -0.045902961674195 -0.0385193277476336 -0.0644305857217604
0.0284487998557708 -0.0680679607978974 -0.0387924789637142 -0.0450041096381829
-0.0170798121095865 -0.0694088542622043 -0.0301786345964886 -0.0441082392956766
-0.0371879406766208 -0.0597774252973496 -0.0274319369347672 -0.0492746410831592
-0.0379984196526877 -0.0603428658953612 -0.0127551852099232 -0.0613332043755391
-0.00940475089789701 -0.0717139073686502 0.0196435125646692 -0.0670557857185298
0.032006220130309 -0.0681058452181469 0.0613003027111368 -0.0562586086011087
0.0884641220057592 -0.0427038752275102 0.0819206856793837 0.00507070403456183
0.0872080088620027 0.0362863442347525 0.0541637566998671 0.061723816571886
0.0241206526027834 0.0977134271695941 -0.0080911154953953 0.0320558780861391
-0.0322774837660197 0.111622207158375 0.0341142586638068 -0.0739453615945938
-0.0373402316585465 0.024387151927747 0.0749811129759351 -0.168621600944867
-0.03270989098898 0.0498824773518977 0.0947235696803813 -0.132042487584808
0.0155958044667301 0.0528462216902115 0.0619777130130443 -0.11391243134867
0.0544825716873309 0.0167949253444923 0.00514294634587196 -0.102909562719972
0.0403826865982663 -0.0198708897871056 -0.0234560939761856 -0.0777558133636854
0.0186495799379027 -0.0357216232473209 -0.0361475111726952 -0.0661418297617386
-0.00760896757733147 -0.0409274180950929 -0.0363606393162514 -0.0638567141727704
-0.0214055407118184 -0.0387764817450781 -0.0353755600500581 -0.0673130767860498
-0.0224615140541461 -0.0411441569351579 -0.0200550250230125 -0.0801603916397727
-0.0048524696913194 -0.0488401377565944 0.0187609794475898 -0.0860056751942888
0.0272650780038496 -0.0461079876346597 0.0676218557373718 -0.0703138236517925
0.0648416856814961 -0.0194706169056343 0.089213687800873 -0.000580755262442428
0.0501567425947244 0.0375610820688958 0.0573178171945701 0.0554454465637406
-0.00262159931189549 0.0676271660635782 -0.0074698445903751 0.0242011885115238
-0.0388586300926117 0.0546872140617554 0.0446658845583713 -0.0917464986653938
0.0352944037038681 0.00325709324310318 -0.028441478785636 0.119493054871773
0.0139876351527694 -0.0285810060400436 0.0393445627193172 -0.00310243301200557
-0.0190607805227702 -0.0263710081835557 -0.0526493646932207 -0.0676318364704109
-0.0275078276321817 0.00362423057864573 -0.112503515522856 -0.00725381591215123
-0.0102834910522531 0.0166213708731425 -0.0927504377689495 0.0819591320887225
-0.00119680991263613 0.0112671597435709 -0.019384323264501 0.112618878538573
0.00157353057634739 0.0127516515882788 0.0312855038750728 0.0962330603082874
0.000979366802854214 0.0126837834920182 0.0468990095182872 0.0758426201606901
-0.0060928870896815 0.00663428062039216 0.0531502461403701 0.0680503718560764
-0.0100075142174794 -0.00121819062137003 0.0511897652800984 0.0721044002549757
-0.0100595463488013 -0.00717273620901865 0.0340204413395446 0.0864623561440152
-0.00181484690104887 -0.0221579434261401 -0.00128550560188602 0.108134011297285
0.0216755945947206 -0.0152896932886533 -0.0489389224401231 0.11674712380065
0.036247497290633 0.0144641059719793 -0.085892035186711 0.115606821812055
0.0275900393400532 0.0320350852372662 -0.0721260404655685 0.168647040877463
0.030156995972522 0.061501483096982 -0.0488656090866783 0.109385702881804
0.0367593033532387 0.0196274836320532 0.035132500555373 -0.00231639242790595
0.0282325616557418 -0.0115694464919556 -0.0520497422675623 -0.0748805695920552
0.0144227203140142 -0.0200725939221837 -0.120811995093787 -0.0169250422058427
0.00541395573665047 -0.0172411204193362 -0.103482651238542 0.0774006039301031
-0.0035262204271559 -0.0224686709111932 -0.0269546089018222 0.11230503594732
-0.0173846123118636 -0.0164704009985899 0.0254635061760439 0.0937002115945257
-0.0198254204223436 -0.0132950046700676 0.0419531581783229 0.0721360677984918
-0.0219251237138991 -0.0235267949550588 0.0513022667994229 0.0604246212974323
-0.0056032594877416 -0.0374066668449876 0.0530313490912446 0.0629447164568356
0.0153345821829851 -0.0355357064667224 0.0412765751999417 0.0756158469945051
0.0468805200009178 -0.0310700865242819 0.0132314623479338 0.101465899027474
0.0630141211696858 0.0155863892447586 -0.029239811384679 0.117418653592282
0.0417689917023698 0.0730636336621622 -0.0590726116532245 0.109598334930753
0.0112868010062325 0.0999328778276994 -0.0505146300545986 0.145895085458487
0.0135582666125853 0.113876575413368 -0.0596558649437541 0.0777834226354137
0.0476279115185274 0.0773343626684633 0.0343398513732634 -0.014464315995682
0.0750059851118789 0.0168905323577969 -0.0475710459360674 -0.087964264035685
0.0654387662229933 -0.03543763703532 -0.12390707273606 -0.0346531558451555
0.0292563837162452 -0.051085394411172 -0.111728289500043 0.0601258218968678
-9.65052837260034E-05 -0.0568716728977043 -0.0375350979771441 0.0998999829420753
-0.0309724348575783 -0.0466990714626545 0.014762981202722 0.0804275194625029
-0.0382164809010469 -0.0372141089307351 0.0311724702422474 0.056549361231706
-0.0381970490706395 -0.0471243065177334 0.0432744132095381 0.0423886193611864
-0.00804481868071192 -0.067156263268393 0.0528326350793573 0.0411252005932414
0.0290371388496404 -0.0635802061916484 0.0524472081274331 0.0523361838930267
0.0822628038446373 -0.0516923812298676 0.0370485214385988 0.0871883120629065
0.101974115109124 0.025960752735098 -0.00149842324381143 0.11447426228529
0.0575880122484922 0.111358733048042 -0.0325849462839112 0.0982537873057284
0.0053271147006291 0.151862937042354 -0.0254821679175332 0.105661281674409
-0.0105076612342778 0.147893294518078 -0.0538180333494788 0.0263302136243237
0.0433950237225913 0.130238860814457 0.0390468753386147 -0.0384762247751533
0.1086311823442 0.0557098271127731 -0.0335737889583294 -0.104485151377814
0.11435834107355 -0.0372878551599153 -0.114462740342442 -0.0576484245292956
0.0563055260079987 -0.0766841049242176 -0.109253406445394 0.0318912397477947
0.00842714314965429 -0.0849116377893865 -0.0463339213666918 0.0728379066154422
-0.0378657851263399 -0.0722146019825999 0.00114092692318257 0.0550880946781079
-0.0501592734384172 -0.0557879126693531 0.0153522761082869 0.0346554427000528
-0.0505082580226412 -0.0615183453692157 0.0294950065635562 0.0172626039038473
-0.0144059507334973 -0.0845234746471195 0.046882389986727 0.0130590293023737
0.0314716200218544 -0.0836692685413234 0.0599742789995553 0.0211346107607946
0.10036394612036 -0.0721537409001997 0.0588158021589245 0.063681734992467
0.127794712481477 0.0217467216069855 0.0254065246253513 0.103897504041029
0.0732906435021493 0.126831300007195 -0.0150367571526977 0.0808361346512236
0.00447849634930969 0.178698519016572 -0.00571257113367951 0.0548972997615301
-0.0332522330413396 0.155322942310519 -0.0320226958351713 -0.0359091622408279
0.0244096371706709 0.160711387880954 0.0497591428662383 -0.0707435384521513
0.116391350020402 0.0908424592597414 -0.0106572014606792 -0.117899967629176
0.143724502836269 -0.0241091838026643 -0.0890001939653742 -0.0800399951255043
0.0778427078020433 -0.0843718382656182 -0.0937000491722456 -0.00393797722636424
0.0188194940451538 -0.0976587157738573 -0.0498735948058901 0.0341613265511963
-0.0371548670436558 -0.0859715657911037 -0.0131385318002635 0.0225308446673017
-0.0549750490449061 -0.0663558432093206 -0.00149766416101946 0.00716488946615767
-0.0561218699296782 -0.0678284178362109 0.0128127640832407 -0.00960036922032123
-0.0185952728956255 -0.0900102839059806 0.035664764945698 -0.0166976851000899
0.0296657853391969 -0.0908952971133761 0.0600929723182734 -0.0109816028088603
0.103162273620464 -0.0792740090487315 0.0713118278361848 0.0367186158588882
0.131927813852856 0.0183659543849597 0.0445275707648496 0.0869427698657216
0.074474713689505 0.12473838781047 -0.00691527997509663 0.0628171293969559
0.000256889770170824 0.178547980334564 0.00797131377336566 0.00282093724382085
-0.0463686385562821 0.1340349619579 0.000834099531176797 -0.0976772315574048
-0.00167778941636792 0.154966429472279 0.0659993444233694 -0.101764936764146
0.0955852453964147 0.104576437860887 0.0171044217858724 -0.12361633464619
0.139993467222966 -0.00381011145176725 -0.0541734828346445 -0.0944922894194907
0.0825746272551276 -0.0744532942028241 -0.0676092232922803 -0.0368277737012574
0.0244659998062689 -0.09238449102564 -0.0474024594453004 -0.0069629781986119
-0.0312967816680463 -0.0841029543228528 -0.024085692583008 -0.0121683784906354
-0.0516899743380937 -0.066029586893007 -0.0178109646605287 -0.0213747441139438
-0.0536598594759517 -0.0660512926851393 -0.00363970233403114 -0.0361870270217949
-0.0190926804761405 -0.0844605324911282 0.0236085227487083 -0.0443778690991225
0.0279252230797284 -0.0849820173215367 0.0573337304538313 -0.0387029701698723
0.0974550664216498 -0.0702848896155523 0.0775590627597717 0.0142376242347538
0.116619814576251 0.0219818972571942 0.0543632311221156 0.0697744822436732
0.057561179030572 0.113977727828363 -0.0056833539917195 0.0457093159250498
-0.00975232049799083 0.154408017827007 0.0175048395802226 -0.0427099430042037
-0.0462611449042014 0.0880877370842127 0.0364925881805598 -0.145913251785115
-0.0203610477230945 0.113997865557614 0.0803004389768791 -0.125272236477446
0.0586377179745778 0.0888513541623651 0.0409576192590295 -0.121739071326509
0.106293076441871 0.00908902954612404 -0.0214142779990964 -0.100254288329065
0.0676920131740608 -0.0514872431770182 -0.0423873641489279 -0.0621309439676377
0.022901504848096 -0.0699672288185582 -0.0427499969133468 -0.0420764800665723
-0.0220975200246321 -0.0677790868628526 -0.034093093790379 -0.0414941647723093
-0.0413791217891844 -0.0555830759720556 -0.0319139122254211 -0.0463985060345335
-0.0427085000274947 -0.056378885642256 -0.0176217720200095 -0.0596139068730232
-0.0153717565705248 -0.0700115828057656 0.0148455508286282 -0.0679451090166983
0.0264984118168085 -0.0697628749925691 0.057111857880797 -0.0602774549932416
0.0843126867700871 -0.0493325798367103 0.0814441717177786 -0.0010977121774147
0.0882983367487591 0.0289892544190768 0.0589605886226605 0.0574773071738461
0.0309133800206151 0.0947787471362949 -0.00587578790424802 0.0329787274648624
-0.0234825730812916 0.112058910798686 0.0266862594298276 -0.0760101790695409
-0.0349841913163958 0.0268075515404661 0.0614697117635492 -0.173588339808006
-0.0283937542446246 0.0520082736423847 0.0852295456226652 -0.1373038793574
0.0187411485489947 0.050458678618756 0.0548793713645742 -0.117358064954377
0.0547607420733899 0.0119079810996022 -0.0013810961184949 -0.101659606844055
0.0387488306342365 -0.0233641678436212 -0.029009543296391 -0.0760051031457064
0.0155373237479416 -0.0368372739694093 -0.0410966587511507 -0.0636465661918548
-0.0105363838478342 -0.0400060042054274 -0.0415242330378153 -0.0606149310401888
-0.0245764091099901 -0.0362296921121342 -0.0405125808947294 -0.0637056347008712
-0.0262257738541661 -0.0388980581789824 -0.0264413155462811 -0.0773878616270549
-0.00841889091789607 -0.0473568891567638 0.0123715591204959 -0.0869042754130602
0.022747381850744 -0.0475688807603414 0.0624474592265371 -0.0739474757208217
0.0624069217387026 -0.0244452476440197 0.0889646166060398 -0.00687413959100039
0.0518196556197572 0.0339775514565356 0.0616332276437144 0.0507599427549593
0.00223597110304254 0.0664725947500843 -0.00556945932559458 0.0251793686586743
-0.0345743388848872 0.0562412149724855 0.0360813487046719 -0.0942771073991035
0.0330803387584798 0.000486172243068039 -0.0195202203539019 0.11601197656534
0.0121499490531175 -0.0282762230597747 0.0388020642357042 -0.00544744340455504
-0.0194107117201786 -0.0240451659252955 -0.0531242533983815 -0.062919239940196
-0.0261108386388005 0.00457013454880911 -0.107446098053351 -0.00212253405158828
-0.0089209838363996 0.0163139922001206 -0.0849337442757179 0.0826567528926361
-0.000824004330906407 0.0113161999249657 -0.0135916883383561 0.108134841837691
0.00163428998341109 0.0121747191936205 0.0347659391547371 0.0895218603803736
0.00163113049764024 0.0114010763970363 0.0489470476627477 0.0698616389290851
-0.00569613801578332 0.00650380771385888 0.0546761944309758 0.0627086094522034
-0.0097100867618799 -0.00094116441624219 0.0526231356653562 0.066623483133008
-0.00969687628468408 -0.00636451573567904 0.0367265042516623 0.0814194903268244
-0.00285280674833713 -0.0212657417188292 0.00334230217937335 0.103476853592466
0.0206826589030658 -0.0157687914894654 -0.0423431150214609 0.113332275221669
0.0360081659512819 0.0122454791561156 -0.0784529189932234 0.114390328837374
0.0276755372470861 0.0288657030968261 -0.0605414004041094 0.165248440477728
0.0312081634803549 0.0571147265342888 -0.0403790856366293 0.107796837502907
0.0364441413815806 0.0172813937472502 0.0347233591659975 -0.00443228763854986
0.0265225899437221 -0.0127053069707699 -0.0531701134833076 -0.0694084979563078
0.012692139674808 -0.0207529482765549 -0.115899276686172 -0.0111031091841764
0.00406365244866585 -0.0171469392625659 -0.0959099810169828 0.0788080027806903
-0.00493898299547358 -0.0208873248189262 -0.0206005041473525 0.108505471978446
-0.0176178591396395 -0.0146917009297129 0.0292698632106551 0.0885659569725537
-0.019465744684077 -0.0117324484626533 0.0438326658567314 0.0664644308246238
-0.022226186704547 -0.0212140063546119 0.0521983208145669 0.0552433732272137
-0.00735383011151767 -0.0359229356198068 0.0542308445091146 0.0574250987456167
0.013374244615222 -0.0346999431213177 0.0432399536327159 0.070749846867836
0.0436958199106687 -0.0318751892998628 0.0172804150355836 0.0963450635316018
0.0612837779520972 0.0118396569170946 -0.0230158898140607 0.112903218418241
0.0438914943231571 0.0684453609189229 -0.0525896550950622 0.106819915021001
0.0155034034744515 0.095111305836845 -0.0411399506080432 0.142967553199101
0.0180948067254897 0.107741271084889 -0.0517127854791134 0.0777074129763568
0.0501248520132707 0.0715833555663858 0.0333652334794182 -0.0151660242308856
0.0723042262947642 0.012186229817596 -0.0482749996084732 -0.0825047607910449
0.0604758512879403 -0.0385239026557109 -0.119617237426511 -0.0272059068266456
0.0247837567588012 -0.0512140331071507 -0.104259400582725 0.0626810716331218
-0.00351034164523638 -0.0543020203579353 -0.0310644284241285 0.0967747384585914
-0.0324782220674796 -0.0429742733342718 0.0179849426033343 0.0760118159043581
-0.038190723521556 -0.0331177355300066 0.0324773155228186 0.0534229945935326
-0.0387937844417714 -0.0429073540733273 0.0435904340793025 0.0385801334667782
-0.0114215913265186 -0.0636375606150354 0.0524223893062758 0.0365566858753188
0.0243729899757236 -0.0619626228354227 0.0530565624730829 0.0478964867457382
0.0754799855823865 -0.0538747273466489 0.0396343951089358 0.0813453768487758
0.0988782291780932 0.0188734713476182 0.00408728878658049 0.109394192485991
0.0614098000384124 0.104199770736252 -0.0276670755495547 0.0949516507830659
0.012691000734077 0.144829332516919 -0.0195329349845404 0.102903348412474
-0.00306981481666161 0.141452365445841 -0.0491354363956015 0.028218261600248
0.0484780581429841 0.122688411372314 0.0364007883225985 -0.0382796567236326
0.106794856223873 0.0469776902917014 -0.0355583523783469 -0.0987873302901022
0.106901150190945 -0.0427587355796023 -0.111491422824451 -0.0499024144551219
0.0492850683643526 -0.0769074576537938 -0.103558870421058 0.0355091728100875
0.0028805935202036 -0.0816756028424734 -0.0413081487660432 0.0715924292380757
-0.0402316075781154 -0.0667708043708159 0.00319743424673062 0.0527402456169243
-0.0508112517165995 -0.0500339559135381 0.016498527614623 0.0329632264808474
-0.0514059987756628 -0.0557507158036704 0.029267075990427 0.0153273814554189
-0.0178838118801989 -0.0804075600019321 0.0454136090872869 0.00995566744623828
0.0252293494996312 -0.0819225229284642 0.0585628316909233 0.0178121005937664
0.0911781113959772 -0.0748404438604123 0.0591055376251599 0.0576462020178634
0.122712830360462 0.01436599130472 0.0302363970061675 0.0980057363954974
0.0769781586639064 0.117543250005882 -0.0112801049239134 0.0777373350918632
0.0136587252449606 0.169557623487609 -0.0036500882078223 0.0527051613287172
-0.0243891085360906 0.150156687209539 -0.0321050585698357 -0.0330095784923346
0.0312764949657743 0.152452784608479 0.0450455827108082 -0.0695486389853803
0.115556129252206 0.0802080205295764 -0.0140304647203615 -0.11232519479951
0.135421979095039 -0.031701227374501 -0.0885937649187601 -0.0723419707278788
0.0691283032923345 -0.0857530438633422 -0.0899757268772283 0.000552347361062046
0.0119543430741347 -0.0948678303945014 -0.0466926622140972 0.034525583283064
-0.0401387508326263 -0.07992830911536 -0.0117490100799013 0.0221970265070475
-0.0563844766548039 -0.0592689182822351 -0.00171116547846564 0.0072427770185127
-0.0571503825190596 -0.062049742082538 0.0116601937971183 -0.0093263868312298
-0.0224787083155088 -0.0848541537388215 0.0333654936830146 -0.0181543098052656
0.0234635173160483 -0.0887834823838043 0.0570352673362371 -0.013159316298534
0.0943552818571556 -0.0822933711276351 0.0696389629018653 0.031195151890216
0.126477050124921 0.0106810676083642 0.047713248085346 0.0800885545819806
0.0774718264475651 0.115906805840475 -0.00475783171538927 0.0599995478547392
0.00947646102143788 0.169928015896349 0.00658822328716391 0.0022023413956554
-0.0381013993380353 0.129952302051114 -0.00287405144584456 -0.0933516405863642
0.00605692237184408 0.148104745386567 0.0593253277770013 -0.100214839771696
0.0960244949204633 0.0949400563163137 0.0115981481812164 -0.1189046270228
0.133278506507481 -0.0119816561559096 -0.0555173050948509 -0.087558619251596
0.0750710702338507 -0.0757490481118932 -0.0668862266452901 -0.0327324047461063
0.0182569306496054 -0.0892406574676679 -0.0461906179544689 -0.00507389323768168
-0.0345777891985938 -0.0784920754735874 -0.0250890065295266 -0.00982250561875366
-0.0527170355123892 -0.0595299666957482 -0.0186738670824818 -0.0190406143952293
-0.054363525544792 -0.0603695012878973 -0.00531177422778439 -0.0337277279927998
-0.0226456211992105 -0.0796378558771142 0.0204331564975097 -0.0439364460469736
0.0225848086426028 -0.0829856277979627 0.0530440543572058 -0.0391111078235917
0.0893058718721388 -0.0728675256113072 0.0745567311817107 0.00934652238709702
0.112337943596698 0.0151839297514529 0.0566670779558726 0.0636740488479176
0.0609555256032482 0.10685688713261 -0.00371187311136662 0.0436247952081177
-0.00189113285415095 0.147368603123712 0.0133907545189983 -0.040945889121309
-0.0401217220391236 0.0865195782109972 0.0278822742820603 -0.141565670450845
-0.0140527532311425 0.10988501872168 0.0716831917159539 -0.122485209723801
0.0600720341958775 0.081348523039921 0.0347330074345828 -0.118108846643909
0.10126032051489 0.00205363237055522 -0.0239439543382995 -0.094916622843176
0.0620704062459974 -0.0529387416352909 -0.0434768024862127 -0.0581885265182719
0.0175337460636578 -0.0683337747918474 -0.0436960570704522 -0.0389981424828065
-0.0246418568867729 -0.0635738829031093 -0.0354392594861546 -0.0381506334645772
-0.0424164053009487 -0.0500748339267919 -0.0333153114767612 -0.0420435109808238
-0.0442992595279182 -0.0515165414888927 -0.0205056741242141 -0.0556077561234745
-0.0177466597744123 -0.0657382815839952 0.0106826375094205 -0.0666313912989233
0.0218937022681644 -0.0680601146445814 0.0518417351348566 -0.0598929594106827
0.07761835196204 -0.0521722076500016 0.0780632317779017 -0.00522383733595401
0.0855034396134779 0.0237172164215847 0.0601330442566889 0.0513509091169123
0.0345863170584308 0.0892392809785778 -0.00436765748232112 0.0313050690239615
-0.0164684332969515 0.106966710746437 0.0204586041328218 -0.0740786511955498
-0.0323433103832833 0.0265891957196548 0.0504663332766262 -0.169945301564096
-0.0243105441069562 0.0510876153955885 0.0760068954706819 -0.134850329091078
0.0205661288621883 0.0473286275546593 0.0475288994703147 -0.114589378133477
0.0525866391279104 0.00763191101453814 -0.00545996016026077 -0.0972608918666457
0.0360154275393841 -0.0240184250536309 -0.0310050911510082 -0.0718632800022618
0.0128961215901872 -0.0362757671684878 -0.0429728995799775 -0.0596583410174811
-0.0120018790801602 -0.0378068112030978 -0.0433228614180014 -0.0559923415346916
-0.0256674327589727 -0.0325130253291008 -0.0426860369570887 -0.0586012941532977
-0.0271459141043084 -0.0351800567711959 -0.0293452162968495 -0.0722306734455547
-0.0105055766213791 -0.0447937618933207 0.00736082037833095 -0.08409086602099
0.0187218089082804 -0.0468526393981365 0.0563541504906173 -0.0732234537473278
0.0580039823705488 -0.0269686113469918 0.0849659799632734 -0.0110443887373699
0.0505480744136333 0.0298475758796592 0.0620091142589006 0.0453999146983548
0.00485861077940567 0.0631140972815009 -0.00416809480285961 0.0240933244290621
-0.0297065025870037 0.0542656053467788 0.0284522774155128 -0.0918932117189153
0.0311965144865441 -0.000117765410556731 -0.0165273444560797 0.110881290392556
0.0115637301486117 -0.026823909300486 0.0379158019182846 -0.00549621052784154
-0.0185648106340711 -0.0226736906133063 -0.0515490999741695 -0.0596568636369509
-0.0249241128989692 0.00446104953973544 -0.102437910426395 -0.00159863020116766
-0.00835705116057645 0.0153582092601454 -0.0805403833392892 0.0791820345919626
-0.000629856661218597 0.0103034708099654 -0.0118973244852839 0.103035670381785
0.00180668625633013 0.0117758476464831 0.0339241001633651 0.0842715141222962
0.00153104682914778 0.0104416055898597 0.047849848089253 0.0658971492191255
-0.0053681777817813 0.00606501703028576 0.0536605942798764 0.0591325664418697
-0.0094495429454129 -0.000998941880133099 0.0506918886389594 0.0631559888167484
-0.00919562517140372 -0.00564922672692866 0.0358701810984601 0.0776329707105437
-0.00274962941846291 -0.0199242819497064 0.00399608790467661 0.0988729390317664
0.0200699374600151 -0.0151817613743046 -0.0403828946339635 0.10747453563575
0.0352917954374556 0.0111091131873805 -0.0744711653606816 0.108984886359869
0.0260470169714671 0.0270484737733091 -0.0561404186714619 0.159217720498085
0.0298793646459069 0.0535509704277294 -0.0362420798176551 0.10290704627505
0.0352459548578925 0.0159197036083696 0.0339695333348815 -0.00476267729486368
0.0252692441189857 -0.0125208071603361 -0.0508566287689211 -0.0656822610209721
0.0113621147759698 -0.020511966847896 -0.110030840610305 -0.00946556558408713
0.00376001559967592 -0.0166078313537546 -0.0907802367629676 0.0754723996367025
-0.00515736332103777 -0.0201481099353169 -0.0187852495879492 0.103004472371049
-0.0173508789972194 -0.0137635658273226 0.0288409886073554 0.0832962771856837
-0.0185206983941752 -0.0104186235401557 0.0428850310848632 0.0627075963632501
-0.0216578291381291 -0.0199236470438797 0.0508469698494025 0.0521761982451138
-0.00761866216241589 -0.0345017050070824 0.0520073169554554 0.0540639166754707
0.0119896037774307 -0.0333984143795368 0.0422630234551528 0.0671301182979812
0.0404664654494315 -0.0311306275785211 0.0172779743003896 0.0913841165348989
0.0585435685785341 0.0103873177456082 -0.021104371254888 0.107015444374645
0.0431077649342646 0.0651377967469318 -0.0497457560255033 0.101891687749502
0.0156080694329627 0.0897361888715324 -0.037884549488041 0.137043502980007
0.018282145505456 0.101926225639565 -0.0470358165084442 0.0743528139208334
0.0491502998887893 0.0674611126226819 0.0330190738338592 -0.0148104641995369
0.0690623781952858 0.0100899882981728 -0.0458038939350313 -0.0787110929163999
0.0560294048899578 -0.0382111544014567 -0.113201667466253 -0.0252216511824908
0.022538717105397 -0.0494276971589371 -0.0985134914243119 0.0613435165004102
-0.0046432313963703 -0.0513595604527524 -0.0290806937503335 0.092395234224852
-0.03164870060888 -0.0403564611088449 0.0177766597810853 0.0719563922734223
-0.0365491819047969 -0.0304269177085564 0.0317621170198847 0.0507408584640598
-0.037737429230591 -0.0398999269507349 0.0421954546573565 0.0365270284122807
-0.011877175508858 -0.0609565581796519 0.0504589780676119 0.0344352817387818
0.02227290171416 -0.059666964004709 0.0508883383740264 0.0455086387651788
0.071308409478113 -0.0521846991271884 0.0384054188198565 0.0769360559087741
0.0943800473104733 0.0170166411999381 0.00557095544441951 0.103584852369357
0.0603032525662507 0.0987912262662543 -0.0257794756982985 0.0899052603562031
0.0134693800764958 0.136470863086471 -0.0184148795559782 0.0986718339365168
-0.00173602920198272 0.134280070779205 -0.0454037225890364 0.026940586423815
0.0477965822810094 0.115951548065815 0.0357885158587763 -0.0361574124361251
0.101713492049418 0.0428300854719017 -0.0340617686799073 -0.0938154939673629
0.100374489244584 -0.0436466149660413 -0.106209378063616 -0.0466689786171903
0.0454696068569113 -0.0742719040450508 -0.0987716229514993 0.034826476840192
0.00101606772658827 -0.0777029577822103 -0.0390796706930487 0.0680765091188649
-0.0395155431965196 -0.0627192193746593 0.00345883465259523 0.05076988882313
-0.0490741298527494 -0.0462114462043903 0.0162740819807225 0.0311265441466498
-0.0497478802143697 -0.0526123086447479 0.0279337744573079 0.0150084502007297
-0.0184732520988936 -0.0764590551822179 0.0433011667429958 0.0086614778029078
0.0231591056059798 -0.078691529474766 0.0562570308555137 0.0168551374909656
0.0856174416662714 -0.0732238128374177 0.0567748520547938 0.0541640784548411
0.116860514976506 0.0115383467356412 0.0295019214663976 0.0921787849174395
0.0746443116802468 0.111765804979711 -0.0111584514585332 0.0740269107839922
0.01427843947516 0.160325136578628 -0.00331960950941205 0.0506326873870367
-0.0219609397236841 0.143091773831023 -0.0299933224643209 -0.0311597512277079
0.0318012393486371 0.145327784787432 0.0437930314123987 -0.0663429190366637
0.111073644785519 0.074439026296107 -0.0135761912873608 -0.107111642454321
0.127891152855575 -0.033039850347279 -0.0842429382562914 -0.068109679123049
0.0643933260409831 -0.0828096663275038 -0.0859621987978063 0.00142464678375949
0.00927332747268156 -0.0905780388237389 -0.0445839546945144 0.0331903094128752
-0.0399086037853334 -0.0758120485561855 -0.0113361844352705 0.0218175381062968
-0.0543307085072777 -0.0549955608945038 -0.00160104919937516 0.00741575906143846
-0.0552041581587906 -0.0573913608264903 0.010961493797459 -0.00835664555046492
-0.0227711073769315 -0.08088897550456 0.0315939393595488 -0.0177567595783977
0.021213664465149 -0.0849340299776429 0.0541817811244267 -0.0127680002695351
0.0879347858393797 -0.0801415284730398 0.0672291949358688 0.0287201708120303
0.119683194670582 0.00840962867938396 0.0469120619973926 0.0760481716171914
0.0748819174121685 0.110499831746017 -0.00413046321414088 0.0571222129161661
0.0109714089021966 0.160126244398988 0.00514701769512578 0.00284098343789358
-0.0348491669923936 0.124458971583203 -0.0038210522030858 -0.089388758154138
0.00757390647785091 0.140646103837434 0.0557974411751999 -0.095753886780251
0.0922822044277668 0.0881375737646366 0.0109750517573506 -0.113420219364874
0.125688883017545 -0.0141743388697602 -0.0528547314950873 -0.0837441745447986
0.0700838094767551 -0.0737948986040109 -0.0641128144949705 -0.031322442538558
0.0155163151382443 -0.0854663210875145 -0.0447605666480643 -0.00443358548251003
-0.0340644703811435 -0.0746994899703398 -0.0241044210015374 -0.00901870811057595
-0.0511798782818619 -0.0550270423199659 -0.0187223996470944 -0.0169894770858696
-0.0528449462113617 -0.0559244307721503 -0.00589433459631813 -0.03148567372115
-0.022715360434819 -0.0756044698918867 0.0187942362382813 -0.041993005812887
0.020146188373092 -0.0796890868696192 0.0499333131656109 -0.0374538412933086
0.0834223388024959 -0.0716970520325504 0.0704931134624909 0.00761038869608746
0.106742263420272 0.0129834864036853 0.0548965340588786 0.0596173538831148
0.0596648144875426 0.101252875595215 -0.00362285323409663 0.0412677851353187
7.66551605055792E-05 0.138922664129563 0.011129645370073 -0.0394365303011548
-0.0373708684499122 0.0818762146227002 0.0244564392364264 -0.135443081914164
-0.0119661824793087 0.10472361827532 0.0674323995012041 -0.117122449180433
0.0580250519326735 0.0764365534742941 0.0326074265549109 -0.112456059160318
0.095244712454277 -0.000187811077284213 -0.0232644318819256 -0.0904603249120217
0.0576438241436029 -0.0516241745814996 -0.0421734745897476 -0.0554431234265906
0.0157626400609745 -0.0655469155387096 -0.0420748331826825 -0.0368343796099196
-0.0247220669007288 -0.0600439074860878 -0.035194333347605 -0.0356021117505922
-0.0409449942899003 -0.046044757552982 -0.0324766724113454 -0.0392556725687065
-0.0428084194371794 -0.0475271037436205 -0.0202037253111567 -0.0519382440336512
-0.0178274439345981 -0.062625059610502 0.00912347623980244 -0.0635783404920012
0.0197175164522363 -0.0653544489961034 0.048791282567934 -0.0569614945430556
0.0727660486706684 -0.0512243014099606 0.0741912937471843 -0.00568606112967674
0.0812720924099963 0.021953347819487 0.0580948303172727 0.04811103178261
0.033646945776275 0.0847695781040268 -0.00395561067898498 0.0299640481725023
-0.0148739737498408 0.100754265337209 0.0175974164652244 -0.070509565884908
-0.030665770217364 0.0253328858964375 0.0463442912656362 -0.162841801745879
-0.0227505836702039 0.0482456722953696 0.0703485333694238 -0.129408808224729
0.0195470150364493 0.0445340548099738 0.0451593524805034 -0.109842700189471
0.0494019793378016 0.00575967965816984 -0.00568161480504719 -0.0935865179759428
0.0337021973272408 -0.0238473480518015 -0.0304866067705672 -0.0691288189230318
0.0118939433068631 -0.034767515514448 -0.0423025360547446 -0.0560717547586234
-0.0121818142146105 -0.0356270255034773 -0.042835406308365 -0.0524658772526944
-0.02476124693172 -0.0300161313827399 -0.0418807196920601 -0.0549817101918492
-0.0262489109771546 -0.032773553633394 -0.0288053287641895 -0.0681605689419513
-0.0102655666273822 -0.0423969234248845 0.00598626741693584 -0.0805299965688771
0.017711673382986 -0.0446740598425239 0.0530682264830593 -0.0704144243551384
0.0548769449665088 -0.0266001402946133 0.0807315113457438 -0.01132353296163
0.0482352700842807 0.028789368082011 0.0598575956504892 0.0425033701387933
0.0052096604583956 0.0599313175467122 -0.00410176323011571 0.0231468103436221
-0.0274547670928425 0.0510247894779502 0.0245383321340654 -0.0880067574112147
0.0297491148942709 0.000317573737753184 -0.0161973638580885 0.107218857603954
0.0116350141696738 -0.0259570471800287 0.0374810115677846 -0.00610215497935716
-0.0176790697762197 -0.0221591340904414 -0.0491092008540576 -0.0592177371823896
-0.0245586277155059 0.00396837466656551 -0.0993049365334154 -0.00407276316826303
-0.00881982538618678 0.0146247805002961 -0.0799043969728324 0.0758868609329118
-0.000867466991599282 0.0102368742872879 -0.0136039938211063 0.0997576106366494
0.00101857007619754 0.0114378045302152 0.0321369000647696 0.0817634037530825
0.0015777007143883 0.0100257145290525 0.0466041390742567 0.0648754711322749
-0.00558350296875759 0.00549993794029604 0.0518880413110242 0.0579203453252676
-0.00853636675911679 -0.00122190668525965 0.0490841568914891 0.0624554470304818
-0.0089804354757308 -0.00606972623526298 0.0342610973658262 0.0757009673368449
-0.00234510760956855 -0.019444034494468 0.00192034922105224 0.0958891879539468
0.0201515506070035 -0.0144809130896183 -0.0410169405081993 0.103305981840237
0.0350287597549459 0.0112265721444851 -0.0754128288439655 0.10496939731676
0.0246111918157812 0.026380009828464 -0.0571592128735057 0.154597730721531
0.0279712890135668 0.0528234387462673 -0.0352305618131768 0.0994753025893525
0.0342190629775125 0.0159024683383952 0.0342183403508865 -0.00456250614229284
0.0246464648577425 -0.0120415084197096 -0.0479901218215418 -0.0659123815207138
0.0110245998893225 -0.019927514243443 -0.106675481057511 -0.0116464857524537
0.00347896477986949 -0.0161458266531769 -0.0902391338205523 0.0729764147881539
-0.00496247501771399 -0.0193999619213003 -0.0200328509220906 0.0999169118235762
-0.0166111520561367 -0.0131651101094391 0.0267529804965574 0.0813795154477123
-0.0177604373610531 -0.0102685272314395 0.0414023370803067 0.0616494967948872
-0.0212864415479279 -0.0197241631036769 0.0492494800095263 0.0516870610758946
-0.00723909294459678 -0.033792663606454 0.0502725234157227 0.0537226547038556
0.0121418541995579 -0.0325516369729973 0.040328457381064 0.0665816247813251
0.0397880917774847 -0.0296236815603913 0.01519697674217 0.0890997259443192
0.0569084731026568 0.0103810507241885 -0.0229976642911532 0.10376393516988
0.0418259858970689 0.0641659510143541 -0.0513967102324087 0.0985848906972282
0.0132781822457021 0.0868281042181299 -0.0395231119510366 0.133890158947162
0.016292825413763 0.0994649543051921 -0.045836308456414 0.0723047253178078
0.0471666295862187 0.0667628679194078 0.0334996071414785 -0.0143249640570655
0.0667771284299683 0.0102801523785392 -0.0424895628634603 -0.0779292595216986
0.054481660903805 -0.0374261088437237 -0.110127108802729 -0.0267960106350269
0.0221320884908242 -0.048230454950509 -0.0976977254052274 0.0580759115269157
-0.00403507660572953 -0.0500506134006836 -0.0296726324906548 0.0891545219083767
-0.0308636632302122 -0.0389945065167977 0.0167644206066901 0.0701075803788703
-0.0350964720420532 -0.0298114523551068 0.0310856278947174 0.0494838513104926
-0.0361641302886202 -0.0391139216468106 0.0410366202889531 0.0358339742131634
-0.0108906745437219 -0.0594173107757675 0.0490978037003838 0.0343709700688525
0.0226417574326239 -0.0580350236213172 0.0494974386068917 0.0460039570492387
0.0689975954875382 -0.05089208614776 0.0359215379724509 0.0756339260027751
0.0915689471630264 0.0174773685459849 0.00348542371535371 0.100679511457756
0.0577951307753405 0.0977058495533483 -0.0281402721482127 0.0869729247822429
0.0109150987374572 0.132465030046606 -0.0200748329900489 0.0966967491840919
-0.00345583110846843 0.130812170633088 -0.0439373255531348 0.0259417628827568
0.0457129424306843 0.114193700927297 0.0367762256360789 -0.0348740320945546
0.0984157110809609 0.0426050119659021 -0.0305002070429495 -0.0923506864816548
0.0973534494521278 -0.0420206524244527 -0.102217910598477 -0.0476544541845497
0.044315601162404 -0.0725643278335996 -0.0971387922909457 0.0322904622900534
0.00143368968133378 -0.0754191827517026 -0.0393133546084367 0.0656180045818069
-0.0382817718873629 -0.0612726822913848 0.00232226388354037 0.0494859761968431
-0.0470008858853615 -0.0447508368177057 0.0157349993614138 0.0306735632338375
-0.0480687011006146 -0.0511231508704287 0.0273522274442968 0.0151604336817033
-0.0173863482530016 -0.0747681585001852 0.0420792634477194 0.00906953961733066
0.0234445204298639 -0.075962030333877 0.0546838910755723 0.0176195823099161
0.0839230617480237 -0.0705525410202388 0.0545393057268189 0.0530284985698092
0.113212762312902 0.0127959077118045 0.0282010027539479 0.0896550443802184
0.0720992471285897 0.110304490116228 -0.0126297968412906 0.071180794664209
0.0117007187075248 0.155692108752636 -0.00532589096799559 0.0497391613263941
-0.0233759547789154 0.13890182697881 -0.0279252639646667 -0.0310503748130226
0.0293759236151898 0.141601640379379 0.0442410845287229 -0.063556072790827
0.106608825540072 0.0729628639572586 -0.0106206718416384 -0.104764730326208
0.123528832415035 -0.0311242938429728 -0.0801283303390416 -0.0681360552551757
0.0630249516483563 -0.0809886665527718 -0.0844203593819141 1.85421670812149E-05
0.00992445945678798 -0.0878578214249721 -0.043803272114097 0.0314935528778081
-0.038459409887828 -0.073753458902147 -0.0114723909425966 0.0214612897805161
-0.0522769143261274 -0.053125900489834 -0.0012441549083335 0.00731757687924184
-0.0534858120643337 -0.0560132279251315 0.010903857474975 -0.00769283300412601
-0.0214591639520896 -0.0789386666464841 0.0307558537525498 -0.0172531381995596
0.0213926834718216 -0.0825648384298156 0.0530331178240769 -0.010977406315088
0.0859354722930183 -0.0778540335333895 0.0644696656785528 0.028789642267729
0.116106376432151 0.0095212862738525 0.0453526417284792 0.0740353444853733
0.0717055078307706 0.108839394541597 -0.0058321923141669 0.0549708982880735
0.0083386392353478 0.155261731966417 0.00387430001596071 0.00275479749172638
-0.0363171265436601 0.12049676981974 -0.00253736720480037 -0.0868347192871215
0.00599295279358211 0.137695604950297 0.0564569792048697 -0.0920322889797667
0.0886391052245221 0.0866888515750665 0.0134258484054991 -0.110695809356638
0.121349675594775 -0.0132917229409153 -0.0491749188095416 -0.0825434685281571
0.0685165425033953 -0.071390936675515 -0.0630775987894614 -0.032038842879441
0.0155955852033454 -0.0833236215091785 -0.0439061290870712 -0.00545856099822922
-0.0326018434356661 -0.0724232380727229 -0.0237234819475264 -0.00922511162994012
-0.0492945973371097 -0.0531704068300922 -0.0179301014562056 -0.0168289452010279
-0.0513058797895267 -0.0540278263720549 -0.00526109845246012 -0.0305785339480746
-0.0213868023288613 -0.0742070734034107 0.0182690572034749 -0.0405775137684646
0.0200792534511739 -0.0773273621484384 0.0493472493759137 -0.0355510334044869
0.0817710030293567 -0.0691908410675515 0.0684688545716211 0.00796770410066813
0.103465895821962 0.0144220486315536 0.0532474522500567 0.058892473029883
0.0563667497625685 0.0991428518355146 -0.00464716027877457 0.0403511296567948
-0.00200925531744841 0.133989547535813 0.0104163353070149 -0.037886987620044
-0.0375139747211935 0.0796929441715028 0.0257174921272202 -0.132055942599278
-0.0132511378843355 0.101809028249599 0.0671834246823691 -0.113405370240915
0.0544833250887523 0.074469938156239 0.0345982051185215 -0.109332686653034
0.0919982363348687 0.000381125086292364 -0.0202686754711661 -0.0888388970150539
0.0567506544551332 -0.0500774592659588 -0.040216598732744 -0.0555622801396069
0.0163827709155188 -0.0638717885088973 -0.0415337056505906 -0.0367979185892082
-0.0237862635620242 -0.0588066550479222 -0.0343219729911302 -0.0351949331551766
-0.0391037239681687 -0.0440027909322318 -0.0317322017595901 -0.0384288172473392
-0.0414147398091323 -0.0464278583520665 -0.0184912439167875 -0.0510173804369293
-0.0170567748926264 -0.0612969901015646 0.00980010806145782 -0.0618480074635517
0.01951822018483 -0.0633753791097033 0.0484196127305826 -0.0543724898907006
0.0709488400070686 -0.0494799942487619 0.0721967726217973 -0.00501554877907197
0.0784395898595594 0.0231368059738378 0.0563312862040416 0.0468286636801598
0.031725579213604 0.0828812828385693 -0.00446541549382079 0.0288520853796588
-0.0158935871540807 0.0968258308485084 0.0164650322347761 -0.0683878031527756
-0.0300722077415943 0.0238345562675403 0.0463569647225428 -0.157935215078545
-0.0230882787936621 0.0466789527416736 0.0706367685138897 -0.12399503103281
0.0181991943158539 0.0429606542504214 0.0463025760097221 -0.10586832868652
0.0475758773459535 0.00630871556779131 -0.00345237003161263 -0.0911801815609093
0.0332634395492064 -0.0231665677784653 -0.0286591922884684 -0.0683005878187016
0.0115529522060903 -0.0336260542407475 -0.0410247446914225 -0.0563890241347319
-0.0113357207358065 -0.0345045124978575 -0.0419451631634912 -0.0521564627376432
-0.0237324756062644 -0.0283734929795985 -0.0410186764220059 -0.0532812897740978
-0.0254771301287017 -0.0314157624314634 -0.0270937949523777 -0.0666975149721656
-0.00951068490241426 -0.0410892664734612 0.0066692131311485 -0.0785306614408816
0.0176903914535633 -0.0433693596758292 0.0527492265829128 -0.0673549618121364
0.0533948478652707 -0.0255950709123309 0.0785223612308818 -0.01012051872685
0.0466455179411183 0.0291867665482167 0.0580659542929721 0.041904635148657
0.00433160096531765 0.0586162891005636 -0.00471021233496583 0.0230851452749963
-0.0279455831465642 0.0482626468314598 0.0237296935563387 -0.084884810725167
0.0286737973116716 -0.011719226838165 0.0294965608057637 0.103799346676899
0.000213832181554649 -0.0278851266752282 0.0316608446866826 -0.0222868679018935
-0.0241341315627598 -0.0124530243610206 -0.0704889107243418 -0.0347143630117576
-0.0195958464200811 0.0140584061619087 -0.0936155590393334 0.0381444307524261
-0.000229926403228782 0.017002715917498 -0.0409435164797849 0.104000482052615
0.0038508222786575 0.00962578188764247 0.0295267240189925 0.0968647735125487
0.00564860925735762 0.00984627726732843 0.0633415126102738 0.0613720870225834
0.00542297416593665 0.00799205489030339 0.0701652719751905 0.038909211638494
-0.00310505064536972 0.00764987800979618 0.0726090876741127 0.0305595639435126
-0.00881822911670848 0.00228975895997635 0.0713062283029811 0.0364929063080303
-0.0098679809826517 -0.00162640638369357 0.0627858842610484 0.054702346044315
-0.00996700436133731 -0.0150363145210444 0.0423828585587706 0.0864633183486162
0.0125744750516611 -0.0207132178509335 0.00449957619448429 0.111561728141328
0.0359570389182512 -0.0034069212952457 -0.0282714487486735 0.128643741203158
0.0338759703371389 0.0158873269508701 0.00797309934297397 0.167091305012197
0.0474122196986855 0.0373082086683701 0.0110619513954295 0.105722787213528
0.036782226993794 0.00107308335068525 0.0307103721216251 -0.0199124663507972
0.017568962906335 -0.0192130772205241 -0.0707450133166872 -0.0423579448005454
0.00204855697068003 -0.0208690112852942 -0.103327108407266 0.0319315479167183
-0.00158904105300291 -0.0161800813586584 -0.0523960858122066 0.10326949708912
-0.0115102591996155 -0.0158743062199093 0.0231252140690934 0.0993980200965875
-0.0204518623228579 -0.00525369712061375 0.057769862885945 0.0627895514364115
-0.0207741221288053 -0.0034521534498454 0.06456059822725 0.0381774590511888
-0.0274094566154366 -0.00908387348560542 0.0678090361299177 0.0253715406405616
-0.0201430786790124 -0.0285721785798168 0.0696839928529384 0.0271610182667675
-0.00104534526053148 -0.0353254498838429 0.0661725508456844 0.0441167872399786
0.0242751430950646 -0.0427992855231418 0.0532637288446223 0.0773019766410164
0.0571957180381286 -0.0118029549190628 0.0212457789259976 0.10535084441068
0.0646254876439667 0.0432283506458557 -0.0115920378147386 0.113091079478959
0.0504258084511012 0.0770407821245773 0.0125888747285168 0.139135116670319
0.053616812968691 0.0856270731100762 -0.00883774545179248 0.0860182954554606
0.0683743129319509 0.0418671599842546 0.0279950510401643 -0.0287578585353508
0.064481192355369 -0.0151790900100555 -0.0691869400544766 -0.057178817528418
0.0335520326298563 -0.0534710610448291 -0.1118134692414 0.0171072289054227
0.00212342468453777 -0.0522327095990693 -0.0667131462863727 0.0927091351193809
-0.0235916944820681 -0.0440279373632234 0.00881774642188694 0.0930506109337477
-0.0434180438847518 -0.0231069417074756 0.0429695103036509 0.0564152192944839
-0.0445778279243177 -0.0140026518900071 0.0492378768949537 0.0316907151291912
-0.0494237478939816 -0.0207931233880531 0.0536060674684975 0.0144803431380574
-0.0345849333415929 -0.0507743745943959 0.0607115460119505 0.00945459300411994
-0.00232587416194554 -0.0633348914876186 0.0670928231407119 0.0216980052556841
0.0426817209966503 -0.0743463274903442 0.0690559286546195 0.0570534150744813
0.0924512893611032 -0.0197300828211155 0.0442889004244563 0.0932544889073155
0.0936671070092213 0.0673131559242672 0.00345434774513456 0.0943426923783115
0.0681281783792769 0.119980983515657 0.0128242906897071 0.0961420956556893
0.0472625435670927 0.12247366936991 -0.0249177585299955 0.0442379961021841
0.0847073026856719 0.0854751916400172 0.02402847005546 -0.0483623548915295
0.105185871144741 0.00214234333672946 -0.0618080023810155 -0.0764255043800938
0.0695214421506428 -0.07436125395113 -0.112063243585449 -0.00730147996860903
0.0124932145697149 -0.0827495069464568 -0.0780377142952877 0.0678949822176617
-0.0282691439933434 -0.0697759910642012 -0.00980468408913584 0.07491385346429
-0.0595218792986771 -0.04004207511735 0.0210637844589539 0.0428640347509165
-0.0615618807794854 -0.0229044818663293 0.0273150701137981 0.0205303175510586
-0.0650672138016289 -0.0272977743739887 0.0325335560261555 0.00134514070111116
-0.0468550537936364 -0.0625633468243953 0.0438973044346605 -0.0111136972473468
-0.00904309586248137 -0.0809807700699388 0.0608607981955222 -0.00558237072536473
0.047304928709878 -0.0987330144877708 0.0788721877607147 0.0291065224636141
0.110820556066665 -0.0326641765730109 0.0634942269077073 0.0737799411552581
0.112529208854086 0.0734538992972282 0.0110267518965482 0.0744634482707855
0.0790479451769543 0.141601682301011 0.00639817200877437 0.0471362020217547
0.0309025843996376 0.137668233369724 -0.0337132012015882 -0.0138596578157605
0.0805618707869018 0.117425499092495 0.0193064175803933 -0.0767832636661391
0.12388087354777 0.0267472338722025 -0.0466730014000183 -0.0955989421280313
0.0973209019269822 -0.075539762763563 -0.0991624227977885 -0.0356987234663674
0.0258223202060157 -0.0976361506378825 -0.0799101648746372 0.0319367789250003
-0.0260879403375405 -0.0841184092165583 -0.0294675897493417 0.0458565455136276
-0.0647659746989282 -0.0515191788530271 -0.00467178908524935 0.0228397874259806
-0.0692086978277341 -0.0284162720625255 0.00195702064230456 0.00692380655321943
-0.0722899562313839 -0.0301141961011423 0.00766744110817043 -0.012916477603406
-0.0523192895980446 -0.0649331617987618 0.0222670984809047 -0.0300660119892888
-0.0135424546636317 -0.0864655971292102 0.0480074432244342 -0.0315640677714218
0.0465867857557275 -0.106660795163714 0.0782102519426107 0.0028893709017009
0.112644317607464 -0.0371724295807249 0.072343201317263 0.0528501687990681
0.112125155047252 0.0717152206975138 0.0109189860489009 0.0567494973819296
0.0759655296834739 0.142100685283917 -0.00490791419810565 1.56576058807975E-05
0.0112016544625284 0.125572432025324 -0.033082810921803 -0.075544725137224
0.0567187687680603 0.124027999347063 0.0182057552511848 -0.107315186555175
0.111912529268828 0.0461867292037292 -0.026905079483672 -0.109441222980012
0.101726448756368 -0.0582323568551542 -0.0763015200402724 -0.0606252515086753
0.0338665766439143 -0.0912500917649121 -0.0729479614655044 -0.00604003388326891
-0.0194266080289123 -0.0827436006387412 -0.0442009813032002 0.0114576240101386
-0.0591286006844041 -0.0530262541014556 -0.0288187960194579 3.00937027945293E-05
-0.0664130353521088 -0.0294830466706705 -0.0239371377496799 -0.00834651892091241
-0.0690046769109317 -0.0294349830415327 -0.0168527188577921 -0.0266749895695299
-0.0497310632137806 -0.0600294799018856 0.00107599938844271 -0.0469654071917618
-0.0124116147381607 -0.0807195753007078 0.0343959456294422 -0.0527438202725926
0.0458527509500326 -0.0970093427232264 0.0732449527819946 -0.0179172826048669
0.102712320592334 -0.0274535680989847 0.0729023572092515 0.0346368850094237
0.0936802420344979 0.0692152428975181 0.00658031379917638 0.0426524668732641
0.0564456850570017 0.126047562949246 -0.0147078941014015 -0.0403603955020373
-0.00655829784420691 0.0886496712885403 -0.0270427010630602 -0.129182632910819
0.0253842068295535 0.0985932848782717 0.0184290372757189 -0.130588324504788
0.0764731739968666 0.0479780754344456 -0.0085502838082893 -0.115581527188446
0.0809645396735797 -0.034816799833766 -0.052803459736373 -0.0766787415405997
0.031489232803819 -0.0671284863498255 -0.0616093925399281 -0.0365502273384423
-0.0112024946997446 -0.0645435562107282 -0.0551977450036692 -0.0179018425705755
-0.0448944711970315 -0.0438781739302045 -0.0490048047451988 -0.0190696805419004
-0.0537449093479442 -0.0249893830985852 -0.0457773753947837 -0.0217205431089952
-0.0569757353184921 -0.0255105493067393 -0.0382928138611365 -0.0391870305626654
-0.0402287769554417 -0.0496152488951274 -0.0161700638299928 -0.0620376024272458
-0.00791901160913395 -0.0675937214622798 0.0251052000042456 -0.0694202337874472
0.0443350759794875 -0.0749979058292106 0.0694820151655769 -0.0310931018338896
0.0834071076524466 -0.00979094490834744 0.0703613093700121 0.0224274879714401
0.0633321094894861 0.0635774787522716 0.00257106027940333 0.0308515194564878
0.0269741241644563 0.0974231623218276 -0.0183527414426726 -0.0715270116904495
-0.0209992149058865 0.0345292699799781 -0.0199468685708951 -0.163196077758458
-0.00500446005237068 0.0518276818587325 0.0148968560615144 -0.141731841277046
0.0307958933846837 0.0326440440858641 0.00178407448302724 -0.115996313274322
0.0428198020228638 -0.0121926958983366 -0.0391556195975546 -0.0846234166835002
0.0205585796709618 -0.0328427113972738 -0.0553945007930386 -0.0522982171084346
-0.00266838314278201 -0.035438515770845 -0.0621254222897622 -0.0346487898554219
-0.0243603635908827 -0.0271651664304192 -0.0623557154150122 -0.0309859782206698
-0.0328598195744249 -0.016687434774332 -0.0605774322690695 -0.0312924645302784
-0.0357919783594623 -0.0186328585976331 -0.0530639210421489 -0.0496204008776164
-0.0256583642298316 -0.034104147714847 -0.0264467133368812 -0.0748225680827438
-0.00170764788291651 -0.0483374601147792 0.0226433902969811 -0.0827248983662748
0.0388203281228316 -0.0455359362606218 0.0714407375881655 -0.0389694350270763
0.0561452792949465 0.00936277386233744 0.0686513707906069 0.0162071963480594
0.028106783736381 0.052434507279198 0.00147536024581192 0.0233937290142017
-0.00569472258208218 0.0564888178651263 -0.0155415571378896 -0.0898495958782144
0.028583083202434 -0.0119497818440551 0.0322414704039969 0.105057118092424
0.000257705698493353 -0.0288105644810908 0.0326929596132181 -0.0238572721603912
-0.0245344573547626 -0.0123724089012375 -0.0723834797963251 -0.0355276170661946
-0.0203027577101835 0.0149980813992387 -0.0964738971154162 0.0390946501126978
-0.000378475770210878 0.0170928440913172 -0.0416552964044842 0.106970744267633
0.00416546967351752 0.0095686617526828 0.0308732250788771 0.0990506937990405
0.00585306122017866 0.0102586410476736 0.0648263941737045 0.0616087899555214
0.00551372052960438 0.00790961528860319 0.0723270320860673 0.0388747367267289
-0.00311151878540478 0.00802277501576774 0.0751301976452641 0.0301169223061145
-0.00919502379976696 0.00215276728534481 0.0737572058318091 0.0366093958953881
-0.00971876447700334 -0.00177420811900468 0.0647210748128918 0.0555016643867818
-0.0100880010229067 -0.0151924403302421 0.0434432808821459 0.0884490952234474
0.0123818601613462 -0.0214950350815511 0.00443326666367118 0.113833353804468
0.0370789397899935 -0.00394915111430698 -0.0288194281497339 0.131671390313886
0.0346660989331011 0.0158851687840808 0.0103453790129815 0.171772537008146
0.0481941947305037 0.0379678592810945 0.0135673341917213 0.107304978362524
0.0384878815195187 0.000792472151228813 0.0316402371170675 -0.0216464408271486
0.0176356531752106 -0.0197563689353389 -0.0729284210184634 -0.0436671882068961
0.00129169007080553 -0.0214387306366395 -0.106062393945293 0.0331359039856378
-0.00231749249370043 -0.0165738428799194 -0.0532979538493667 0.106995047989971
-0.0124026588912308 -0.0159832920717175 0.0241363242393324 0.101519488032567
-0.0211717963361383 -0.00431082681781198 0.0595934885537258 0.0630938395542532
-0.0209929857257686 -0.00288385113142019 0.0667625630959716 0.0380053597308673
-0.0283560824426043 -0.00894775518281244 0.0704320084498083 0.0248238214002389
-0.0216082854076046 -0.0294202971051564 0.072031417416674 0.0272142542755528
-0.00127840717886271 -0.035727998431231 0.068788331519046 0.0448720682550815
0.0241687361083388 -0.0436492655243258 0.0553184583682575 0.0784796176226724
0.0582272043830761 -0.0130429205267197 0.021918563263662 0.107251791263047
0.0669959978701095 0.0431825391254565 -0.012231970886002 0.115776207625849
0.0515213528498306 0.0782988868507156 0.0144822549176241 0.143009739106599
0.0557258151294629 0.0865880706603012 -0.00707459048194562 0.0871997510620015
0.0704978448640837 0.0423503026969988 0.0295515681042227 -0.0303423969416613
0.0656505399333188 -0.0162139996761931 -0.071227772027409 -0.0587220030207859
0.0328076043597775 -0.0552519589662904 -0.114825280437412 0.0179163273591316
0.000747334727335463 -0.0532689528469339 -0.0679844155860385 0.0964373710267229
-0.0241826863230331 -0.0451269036952858 0.00991204735136736 0.0952657014278022
-0.0451602799878436 -0.0226546449334278 0.0445706677822489 0.0571539203492591
-0.0453783503989908 -0.0131566515720975 0.0512163613102499 0.0314941255437244
-0.0507551519409202 -0.0203530631294787 0.0554669359783095 0.0137533341929346
-0.0363193735627294 -0.0521161526529818 0.0626293476272963 0.00939218779818183
-0.00310320018372282 -0.0646595677782098 0.0696755754522371 0.0216670905467761
0.0423711142709959 -0.0762506573472598 0.0712981304085206 0.0579179579520895
0.0940537443893022 -0.0209195126846002 0.0458102242239795 0.0943806190689963
0.0973539155250638 0.0678395921458294 0.00326833421377195 0.0967889815234258
0.0704870422969755 0.122044283453425 0.0143395000056322 0.0990204441658879
0.0496061405386936 0.124638690276998 -0.0243158319664634 0.0451923087873811
0.087962507412572 0.0867325238451382 0.0246076103782051 -0.0500334789987523
0.107174041497218 0.000582125177541223 -0.063516293831497 -0.0785101702716263
0.0692284971717803 -0.0768869137038836 -0.114938368677275 -0.00689262370065222
0.0109831537682817 -0.0851413715077504 -0.0791169232243374 0.0709977758927705
-0.0305014700240039 -0.0711117510730833 -0.00992241429232148 0.0768008204580263
-0.0613542421275054 -0.0395146523680497 0.021482380190035 0.0434834620883528
-0.0626236380508541 -0.022182369112619 0.02809046346826 0.0205632167040415
-0.0667166359173405 -0.0264054442107034 0.0335065542004902 0.000732497816948061
-0.0491322705943126 -0.0638783448449524 0.0453126087427933 -0.0121063838280317
-0.010566558778707 -0.0828424342689375 0.063253097982588 -0.00656496289897739
0.0460758964681165 -0.101699451660077 0.0806792090481399 0.0294174270456398
0.113316571353181 -0.03466444777684 0.0649727060696154 0.0742996020202891
0.116260904268155 0.0738276414690651 0.0103636477869184 0.0766341325868396
0.0815721684833937 0.142849623645728 0.00595965744914311 0.0487975565502297
0.0335101288551439 0.140800452919456 -0.0339972312473214 -0.0138157404619663
0.0839544113016026 0.11988396066008 0.0201951138105194 -0.0792461157390298
0.126048709679957 0.0258988936660095 -0.0485794351880597 -0.0985950645398088
0.0973100525078678 -0.0782212916624223 -0.101801346188846 -0.0362873044115398
0.024632430505029 -0.10022237214673 -0.0828414308287888 0.0340746171668537
-0.0283690927942467 -0.085922806323752 -0.0298672889429229 0.0468171811519879
-0.0671426170386623 -0.0510959410196983 -0.00460217273487764 0.023400018852795
-0.0709530198256885 -0.0273841793409397 0.00216608968556153 0.00673467544676416
-0.073902752192168 -0.0285883436836812 0.00855989354813099 -0.0134634984756718
-0.0546497069491663 -0.0655430232335483 0.0228226526659233 -0.0306872150181379
-0.0150151034867763 -0.0880990442702896 0.0495847971280378 -0.0330833468257723
0.0448186368561674 -0.110063801617676 0.0801101319542445 0.00203507360118701
0.114945804984075 -0.0394395835919062 0.0744897611950772 0.0523553122404817
0.115603044303524 0.0720806407756364 0.0105748169729085 0.0582643543617157
0.0778586305441487 0.143883720188631 -0.00537495426674113 0.000516936674420774
0.0128067115672023 0.128340178774486 -0.0344713032209028 -0.0768608573762183
0.0593679112260636 0.126233960164058 0.0187491446646538 -0.109486896645641
0.114506423807755 0.0460011488114843 -0.0277002589057457 -0.112319440399413
0.102548685859022 -0.0611790796130707 -0.0779502945984872 -0.0620829197503659
0.032679906394249 -0.0939974416577079 -0.0756863917160833 -0.00544028085702396
-0.0216476877683441 -0.0848636429638147 -0.0456556474343286 0.0125522262006104
-0.0614993694071616 -0.0529672936861659 -0.029980847267464 0.00102356578228306
-0.0676757273287598 -0.0284962160505135 -0.0245997327656232 -0.00737522810441083
-0.0706164335716595 -0.0280095625595165 -0.0174886259140446 -0.0272246316167328
-0.0523473972122952 -0.0609700358076425 0.000243526202100574 -0.0477976623817433
-0.0142544176403185 -0.0824071967725552 0.0354899261630413 -0.0537833454434287
0.0444867040916722 -0.100088402275271 0.0743168865854885 -0.0181991897048232
0.104824606918219 -0.0291603837029793 0.0748011358150269 0.0343008777319614
0.0965940929697407 0.0697001316267121 0.00677614189419429 0.0437437675246034
0.0579067631731114 0.128080740315217 -0.0158948949168547 -0.0408901315751819
-0.00565165314235991 0.0906000144661818 -0.0287609559856264 -0.131387207072017
0.0270031196782763 0.100567218488148 0.0177483886754717 -0.133524300603135
0.0783644342874341 0.0481135407091133 -0.00892960470106986 -0.118377593345265
0.0811787229672062 -0.0358358928481854 -0.0541412921125275 -0.0789647727476634
0.0310695003249135 -0.0689660335589295 -0.0644846946115713 -0.0370216823327918
-0.0126275830034174 -0.0659379749294985 -0.0568104690831676 -0.0176188772705577
-0.0465788965741562 -0.0441542135240761 -0.0514479391252274 -0.0189946137451777
-0.0545663477810782 -0.024285972648973 -0.0471693253516865 -0.0211482625957434
-0.0579792398753712 -0.0246694168221052 -0.0404213232209838 -0.0397549358886091
-0.0424505413684034 -0.0501401905228238 -0.0176542232935227 -0.0630224514735708
-0.00876304845866773 -0.0688215665066937 0.0253988592308959 -0.0708704486901176
0.043833213508397 -0.0775098066439749 0.0704031895030763 -0.0322648361351608
0.0854736077158526 -0.0104536446164882 0.0718343023731924 0.0221845458527952
0.0654811265491872 0.0649049250764555 0.00279376554454996 0.0314538246014047
0.0280721726734523 0.0984611376450172 -0.020884241125386 -0.0718590474016609
-0.0209788719733634 0.0354042242584241 -0.022306888724916 -0.165965409832334
-0.00491522008309452 0.0523625546398807 0.0138725244896975 -0.144613105538369
0.031551715446935 0.0335314450047457 0.00135898343428427 -0.118078086153457
0.0432331245723061 -0.0123170326084712 -0.040479596724465 -0.0864800085294755
0.0204732919442413 -0.0343141968367806 -0.0576834921226833 -0.053485116864597
-0.00377406317179812 -0.0364141987062179 -0.0651869302632894 -0.0346608351303561
-0.0250765450343718 -0.0272281308162638 -0.0653867456863188 -0.0304188605817657
-0.032889043233074 -0.0162692087729302 -0.0627328301820417 -0.0311104157801295
-0.0368424233569141 -0.0179556548288645 -0.0552900516877149 -0.0502213850864984
-0.0263077720187776 -0.0347997185928466 -0.0277100849775281 -0.0760788605167003
-0.00265899750849004 -0.0489543772707898 0.0227102105571668 -0.0853889843967162
0.0385564580371969 -0.0474584744514935 0.0724247599979497 -0.0402815250257784
0.0582041352590755 0.00834438007362138 0.0703415594022763 0.0160240611298857
0.0288520697109461 0.0532132734983867 0.00153907540095386 0.0246990789684582
-0.00578159460056526 0.0575390665376304 -0.0179621013450599 -0.0908665053595129
0.027985281008317 -0.0130020324214696 0.0372257477624054 0.104424123974738
-0.000803573877748354 -0.0296697749923775 0.0325401140789216 -0.026700049941304
-0.0255503070081096 -0.0117669497018798 -0.0746627257018486 -0.0331609307485152
-0.0202704704360391 0.0163618229792788 -0.0968942864440232 0.0425786143718678
-0.000278390555469628 0.0173494911477844 -0.0385855677286834 0.110079428908446
0.00379521058643186 0.0100598709977657 0.0343862243692186 0.0998599308736758
0.00669949157444599 0.0104097857943027 0.0680585760832111 0.0596029630246698
0.00604540275099676 0.00804575639767441 0.0750748085478056 0.0361776017766048
-0.00277826100684364 0.00856900254068478 0.0779612626611122 0.0268788269342495
-0.00936272907543643 0.00256535261676864 0.0769031207996892 0.0340284093419959
-0.00990420363645488 -0.00132709675056512 0.0678045807778757 0.0538915299533281
-0.0108556349479139 -0.0150535059464093 0.0474114021546668 0.0878305773546631
0.0120152630207664 -0.0228604825883769 0.00717813972584934 0.115291016662438
0.0373659328112178 -0.00579161579496344 -0.0254538002368768 0.13509669666843
0.0352904407749179 0.0154962352835435 0.0176790724889883 0.173368860011381
0.0501980992487735 0.0363680184526249 0.0178833109774507 0.107059405178975
0.0389190998174621 -0.000638945299179398 0.0316342670978336 -0.0237528271324591
0.0170584025394335 -0.0211331813456159 -0.0756032833133035 -0.0425527345751108
-0.00019851965889879 -0.0213082804570347 -0.106982884822498 0.0366733729728419
-0.00350943759468567 -0.0163649253690549 -0.0503240537133086 0.11119960788504
-0.0132580217039587 -0.0156962978876936 0.0278123164208845 0.102347981139671
-0.0212940476137065 -0.00353227361128811 0.0619342024024202 0.0611069186180785
-0.0213329261301843 -0.00201035467739644 0.068986451618367 0.035402146853442
-0.0289193032261797 -0.00741293469400899 0.0724613084336879 0.0217421057056614
-0.0238276225038647 -0.0290613310056338 0.0748023234501291 0.0248210285877182
-0.00248023155003462 -0.0363504428776584 0.071083208618226 0.0430425560011926
0.0223981179866105 -0.0449453050651235 0.0584336506498047 0.0775703621773934
0.0584474185594923 -0.0153569332737663 0.0254861541997405 0.107317071196735
0.0699982594686043 0.0409586072105813 -0.00920786070262248 0.11804932661211
0.0545602715190376 0.0775531942896776 0.0206197116253293 0.144575709811807
0.0600500571028297 0.0854373186495427 -0.00317250875717943 0.0877359658742218
0.0734842041860585 0.0396889812274019 0.0291086806325754 -0.0325451480599047
0.0653383494381465 -0.0191161744344114 -0.0740916242413155 -0.0576538274915162
0.0304231556028484 -0.056948954230489 -0.116074788044627 0.0216636481615974
-0.00213075405318156 -0.0542301910395606 -0.0656291525717752 0.101238259928391
-0.0272695493696987 -0.044505567691672 0.0129954837651436 0.0963773022864166
-0.0462463964123058 -0.0205786962364834 0.0466197654265125 0.0554265648468503
-0.0459088850576043 -0.0116964855200679 0.0531750260633976 0.02971604867064
-0.0522130871561236 -0.0180825253384542 0.0574140867863527 0.0117210389223598
-0.0394575448787076 -0.0513948627304711 0.0647054455844335 0.00657077076073264
-0.00567328271332519 -0.0659762512778507 0.0723786517600378 0.0196526511157214
0.0392259185699924 -0.0788233761356621 0.0740338277031341 0.055955669577899
0.0944749884821994 -0.024753910110078 0.0490428925297192 0.0931286896627126
0.101759119445653 0.0652440981462839 0.00591110110017368 0.0979129220277826
0.0748589578050783 0.120444296884953 0.018076486282642 0.10038658661079
0.0549354589449993 0.124588259910777 -0.0221190240811013 0.046187613248208
0.0923626242393022 0.0848311232992515 0.0237278274363139 -0.0523828435374659
0.107607344930614 -0.00351853602922917 -0.0669920975951407 -0.0780478878837631
0.0657396007480587 -0.0803790442035613 -0.116658277299015 -0.00337094923615335
0.00699445803520717 -0.0869788021711531 -0.0785121469941806 0.0762782801768036
-0.0343600139150227 -0.0708733113436983 -0.00717090495139891 0.0786013896929078
-0.0637791367903966 -0.0370902009885417 0.0234528816415732 0.0428262325837812
-0.0637581424479933 -0.0192683038435745 0.0293856124692681 0.0198694936741093
-0.0686232224596084 -0.0231607512017788 0.0347046593440262 -0.00118248997128816
-0.0530230072163923 -0.0626053524681809 0.045571028264313 -0.0137362512989034
-0.0140911624916285 -0.083415181350908 0.0646168117928106 -0.00896251323230021
0.0422429682346074 -0.104761085478972 0.0824345194996357 0.0273179891644506
0.113484170506591 -0.0393411360275625 0.0684511932281915 0.0720738080052638
0.12084418642326 0.070250084232266 0.0128027564316615 0.0771430576021744
0.0872808564395893 0.141176052590233 0.00757202626871171 0.0498615334384584
0.0392620712150108 0.140855084447194 -0.0348112224014743 -0.0125590442711205
0.0895125802830342 0.118308917466999 0.0175799009899019 -0.0807939677468742
0.128202600423314 0.0212348719808155 -0.0520448072902581 -0.0978901449029524
0.0940254145414442 -0.0829950503687696 -0.104719673322302 -0.0335431429759885
0.0195962920892139 -0.102562224589295 -0.0827522652352207 0.038354979949914
-0.0329572130310496 -0.0863980438321103 -0.0288701248780211 0.0488838178544514
-0.0704469517534909 -0.0489715911611095 -0.00400862106518773 0.0237474102068081
-0.0718761833665845 -0.0245153468962219 0.0021059899493184 0.00726845293889897
-0.0756398674274179 -0.0252105644599203 0.00857511701453992 -0.0137750434910476
-0.0589187154917723 -0.0640417117822304 0.0222748427203286 -0.0320274820825918
-0.018846789172756 -0.0888261999127576 0.0502271208718075 -0.0350936772636291
0.0401698710107599 -0.113293691643325 0.0812825293325233 -0.000279921722232193
0.114781810399373 -0.0440226095590635 0.0775068984626235 0.0494659453516347
0.120460391047408 0.0681913560811317 0.0126103076975693 0.05923004576295
0.0837790444973664 0.142290701417861 -0.00667398030328618 0.00215910686055972
0.0184330498944244 0.129434315128052 -0.0372926495406987 -0.07698402324194
0.0647810770430531 0.12559820066786 0.0151639307550665 -0.110834460915488
0.117143308069089 0.0419124038756035 -0.0313924702406042 -0.11272629998549
0.0998697266719331 -0.065593707745244 -0.0812282798465142 -0.0604404502274053
0.0289391683501961 -0.0964371831768238 -0.0774762556549271 -0.00212017861397639
-0.0257454767872574 -0.0847107613692031 -0.0467536699828242 0.0146104549479135
-0.065133669946565 -0.0509888074106576 -0.0307498068465393 0.00221244470830288
-0.0692664053837725 -0.025412400428948 -0.0256270603569696 -0.00638170933097595
-0.0727353217153621 -0.0245133884346429 -0.0185525822275334 -0.0266381130171451
-0.0558545481957421 -0.0592942332708406 -0.00130212853336023 -0.0485728993646423
-0.0178454854229439 -0.0833686950840673 0.0341895200805807 -0.0563031621729267
0.0402918922538073 -0.103472527422425 0.0756276678862275 -0.0207167732205371
0.105054598604831 -0.0339147961962185 0.076846868442312 0.030987701397231
0.100633608338732 0.0669025539877462 0.00802443237423137 0.043982139310455
0.0630129404927161 0.127020291214582 -0.0192093741825521 -0.0396622556568184
-0.00218559392495379 0.0916399109620973 -0.0340314575493905 -0.131782468030355
0.0307172832174119 0.100681960615124 0.0135222839821728 -0.135030402323406
0.080470089463355 0.0460444020844836 -0.0126595955908115 -0.119189254606678
0.0798721483751999 -0.0395443424119927 -0.0570938451319753 -0.0781762690654318
0.02804168726925 -0.0717460498837091 -0.0671644035019388 -0.0351232076012914
-0.0161550844730545 -0.0668779343541158 -0.0595856732773985 -0.0156787802918974
-0.0491318077160114 -0.0424783570521053 -0.053581832216889 -0.0169476628583383
-0.055578284530442 -0.0220610253693054 -0.0492566786942064 -0.018979127847752
-0.0592442646624769 -0.0216518945418504 -0.0418343622469986 -0.0383871635421797
-0.0449677734740456 -0.049360437148711 -0.0199988700834167 -0.0627370574205861
-0.0118364087773657 -0.0695668565979914 0.0233870272601559 -0.0732296986687795
0.0402251039899945 -0.0801900976343344 0.0706232201452842 -0.0349794508350316
0.0863662151628025 -0.0140864158780958 0.0740867417235786 0.0195320031724403
0.0687323719460368 0.063242385715457 0.00374311560402477 0.0326671848129568
0.0315362586989669 0.0985039070755063 -0.0248562968568725 -0.0715236609764624
-0.0204027027344735 0.0362537251736028 -0.0288323492302075 -0.167027514086326
-0.00313368506825905 0.0534016492187513 0.0087739762577459 -0.145430682889767
0.033054099436264 0.0328186925613484 -0.00159889647409982 -0.119977959299622
0.0421011246886654 -0.0140855682932611 -0.0436714120321669 -0.0862383012285723
0.0190281213612924 -0.0358575714278358 -0.0610901939409103 -0.0524044021272252
-0.0054576680499759 -0.0371033206170976 -0.067568034037198 -0.0328521860316814
-0.0266593995662908 -0.0265675029929549 -0.0689092474017367 -0.0279064519568442
-0.0333992610341387 -0.0141135952450653 -0.065221785066446 -0.0280313433500908
-0.0377996185248526 -0.0157520958162154 -0.0578104214775852 -0.0480188987580453
-0.0285047360334307 -0.0339915917183279 -0.0314894776191711 -0.0755229984280281
-0.00437075401692103 -0.049235098353619 0.0203584846455764 -0.087580275186921
0.0369254042570556 -0.0495248393346034 0.0722642798967526 -0.0431299816402489
0.0586634245483154 0.00698109041209657 0.0719129877711209 0.0135507797955555
0.0308461039318614 0.0523209827837615 0.00222671875264007 0.0252202905134911
-0.00483334598316698 0.0585429138693895 -0.0226089883306717 -0.0907478852949882
0.0266201142872973 -0.0135413573642804 0.0415810142188099 0.0998868999884947
-0.00200408309781937 -0.029122918354396 0.0310170736070924 -0.0283719751352355
-0.0255042911080659 -0.0106398735692129 -0.0751453124557919 -0.0304368698290665
-0.0189956287833079 0.0175326060897286 -0.0947308061320646 0.0459139735591916
0.00035520821185666 0.0176585456262646 -0.0334173132282596 0.111100983330897
0.00413245511097378 0.00960857075045106 0.038781623017278 0.0975619528899222
0.0066327269383127 0.010395522634684 0.0694013457039023 0.0553212547958807
0.00595896574392637 0.00726411487661491 0.0762368870281833 0.0315030456734075
-0.00265629378355047 0.00836268383209091 0.0787715973400336 0.0225525639257296
-0.00984273079237336 0.00322583709277019 0.0779963212363406 0.0301287677067666
-0.0093264939389856 -0.00106580058759775 0.0693355551666002 0.0502771234123383
-0.0113449730756182 -0.0146000675775198 0.0499080389325579 0.0847996731002131
0.0105517755170731 -0.0230358719698135 0.0107485232808699 0.112976913970198
0.0370369224409145 -0.00757209086932607 -0.020629300214174 0.134331508376128
0.0345236021493389 0.0138134272149068 0.0245644961342486 0.170303205627764
0.0509515547584112 0.0340010663031785 0.0232117411591597 0.104278095384651
0.0384058777692922 -0.00235609259480982 0.0311983273727694 -0.0259749990217471
0.0160648724607406 -0.0220335423372709 -0.0764118033470337 -0.0388337678263512
-0.00134607763693271 -0.0203270160594107 -0.1042342969555 0.0405475720310271
-0.00465776359967039 -0.0160872590810441 -0.044523994354456 0.112690553047935
-0.0144586802777659 -0.0151879380901383 0.0317207052282707 0.100189841535992
-0.0214824156793214 -0.00227692102688272 0.0638513071325915 0.0571947524341939
-0.0210075163823763 -0.00120187929679392 0.0700566107312207 0.0316764552540961
-0.0295874530134439 -0.0057038103575425 0.0732170959254094 0.0180520265638674
-0.0253085104702946 -0.0275235668183389 0.075209123209763 0.0207818047990798
-0.00404790117541561 -0.0362208297693717 0.0724907914789943 0.0393193879288088
0.019917912155761 -0.0453671540033587 0.0603559236607537 0.0743556509376561
0.0571820433817373 -0.0175781829368832 0.0287870807775642 0.104510503293702
0.0707799676627315 0.0374461561248058 -0.00459082191351577 0.117859375525789
0.0566543041763857 0.0738031726746214 0.0265454387266209 0.142139698715315
0.0626085550004032 0.0813291317231871 0.000875668902163 0.0864204050785373
0.0742501635813305 0.0359869604836716 0.0280448432489155 -0.0339247112020986
0.0631646722223126 -0.0226438605638907 -0.0756045750252909 -0.0544460189353348
0.0261541044487465 -0.0571450148913376 -0.113703518284783 0.0258648379173379
-0.00508695107369083 -0.0532358308395029 -0.0604230631015866 0.103715109471857
-0.0293717194818687 -0.0432091366647239 0.0169544469008533 0.0948682517806755
-0.0467399564215817 -0.0174667631861278 0.0480355030576359 0.0522627974935917
-0.0456641069814807 -0.00912724229460051 0.0539079544744715 0.0266153969577342
-0.0525705665537711 -0.0149047563409025 0.057890704602043 0.00832899678736238
-0.0424414513129179 -0.0486671140654299 0.0641773647682512 0.00371239473296863
-0.00881280723275063 -0.0645724815401327 0.0727841337585061 0.0165698209340733
0.0347073299140756 -0.0795008725055328 0.0752752173800352 0.0524132881741445
0.0916179609580316 -0.0286400331937621 0.0518728540532703 0.0892779296753358
0.103460961346777 0.0597238505509482 0.00943593742601285 0.0969764028809188
0.0784242625535427 0.115374822681491 0.0221673806213906 0.0986040764119788
0.0596125694240459 0.119296572698397 -0.0195958456170829 0.0462793972226316
0.095141946976372 0.0790897977819102 0.0219792182118692 -0.0527619212813176
0.105283189392711 -0.0088119706600026 -0.0688245831424841 -0.0746530113322698
0.0605238860102048 -0.0816984987263646 -0.115796214824659 0.00168590813052296
0.0020735065830319 -0.0854760491864797 -0.0739448168017526 0.0801541053841753
-0.0375328439975369 -0.068690493728192 -0.0037162348536816 0.0776839953606936
-0.0648908409921373 -0.0329607201666043 0.0245441993948951 0.0412639744028219
-0.0629496575456178 -0.0159763147323182 0.0298275788466227 0.0181662468204951
-0.0691096041443482 -0.0190333498850049 0.0345743688736933 -0.00265555648940127
-0.0558361569799226 -0.0590399795111362 0.0447509000412714 -0.015597705657628
-0.017781917878394 -0.0817855103313013 0.064514425813037 -0.0118824551340044
0.0358874560507889 -0.10514612414296 0.0824854408707197 0.0233548094968247
0.109528905312164 -0.0443376208451416 0.0702446294391206 0.0676841661513749
0.122323294323707 0.0641142541325772 0.0157493858193431 0.0766261241039302
0.0917754363699082 0.134759049629014 0.0091350850432506 0.0497604902275959
0.0448308475380909 0.136903121264511 -0.0345142454918193 -0.0105180581861496
0.0935392398173906 0.112930134877665 0.0149840205821859 -0.0806119404226966
0.126489551517038 0.0145195523812018 -0.0548885211096196 -0.0948758825171232
0.0878292705760972 -0.0858432310190378 -0.104724550569454 -0.0282572042850419
0.0138461365620149 -0.10254077765573 -0.0799584519439441 0.0427997374308146
-0.0371088432195539 -0.0844262657548846 -0.0265556977373348 0.0498742501203849
-0.0716679906466657 -0.0446673976698469 -0.00353271233679093 0.0238882774717718
-0.0715414400897474 -0.0204672942474595 0.00187547645414764 0.00727528134949837
-0.0756662057535781 -0.0208500455011572 0.00741544035124658 -0.0144412025805059
-0.0615368830950544 -0.0605494266789158 0.0207201170524688 -0.0326966593289434
-0.0228922077405674 -0.0865375143524618 0.048755759041078 -0.0369192665316025
0.0332802861315789 -0.113474522087849 0.0801561214773973 -0.00317512607533001
0.111165608934115 -0.0490077389994424 0.0776003804103178 0.0445447554706609
0.121560792772326 0.0621352977042397 0.0147759145797066 0.0584776940997681
0.0878578545604177 0.136149646715601 -0.00705412670412391 0.00281649322597109
0.0237250992617755 0.126260204774403 -0.0396350981021632 -0.0734724530499098
0.0692353123560972 0.120698851027731 0.0105524686403674 -0.110168149582671
0.11690171090016 0.0365131171580751 -0.035073359259659 -0.11015609817403
0.0948459615891826 -0.0686703154521091 -0.082759343281874 -0.0565819123043357
0.0232974554928277 -0.0968197590855391 -0.0764038251807456 0.00218456805776324
-0.0300362790901767 -0.0829921617766766 -0.045576389875673 0.0169029634967083
-0.0663089811439886 -0.0468760697300837 -0.0312597206195508 0.00383159339345021
-0.0687175622957773 -0.0215822207668653 -0.0256620281919483 -0.00492610912574789
-0.0724306995173975 -0.0201619675488801 -0.019623200780721 -0.0253856118429681
-0.0586789021941004 -0.0557506662769511 -0.00328194808599808 -0.0474567789662723
-0.0217952272178265 -0.0810839418198299 0.0320456876057961 -0.0573783717978202
0.0337789085371216 -0.104032197666056 0.0732189340195886 -0.0232919856614085
0.102191462177003 -0.037924878993016 0.0770292209539457 0.0266428370191867
0.101790014970095 0.0614899099642157 0.00974778880013013 0.0439078127933894
0.0676565695898912 0.121941023832786 -0.0212622621413712 -0.0371979489776347
0.00161298805576587 0.0900921118232722 -0.0389174213097972 -0.128403851056212
0.0348991983049144 0.0978677951739301 0.00804601128835253 -0.133059231234194
0.0810083911524992 0.0418550108687568 -0.0168616022782334 -0.11721877387998
0.0761508374968997 -0.0423484113298204 -0.0601987666216242 -0.0745769235278841
0.0240229136531201 -0.0723592642232627 -0.0679423810791633 -0.0312671305278753
-0.0191723574541602 -0.065221584663394 -0.0600860034246236 -0.0127706499825596
-0.0508789438880298 -0.0394225327335978 -0.05474252869265 -0.0133724402046159
-0.0551323727795666 -0.0188952761506244 -0.0495954031788808 -0.0162170331575961
-0.0593585665088466 -0.0178690963469163 -0.0432162741598069 -0.0353012037373491
-0.0472503485902695 -0.0463177515043469 -0.0224302737209029 -0.0607168817235388
-0.0149165997566888 -0.0679465001814718 0.0207388180716968 -0.0735850954371124
0.0355729182308308 -0.0811384757348769 0.0687024924272144 -0.0368119780327073
0.0847977828452277 -0.0177506627326114 0.0733215438448944 0.0153449066422561
0.0701155556625918 0.0593449093183201 0.00483851698522537 0.0329204303228155
0.0350896736461493 0.0952729915339827 -0.0288298752099038 -0.0679829263026136
-0.0182177175641414 0.0366041401073503 -0.0352746407734317 -0.163081325588287
-0.00117032520787996 0.0525179554975396 0.00317653659884653 -0.142995075639212
0.0338105568297199 0.0306582061109171 -0.00581605003157565 -0.118531785188827
0.0403207434385851 -0.0156045509680151 -0.0461328356441959 -0.0833910802917363
0.0171079577412034 -0.0365224142207865 -0.0630032173114622 -0.0493020711154306
-0.00726575439391162 -0.0361528613656843 -0.0690434101408977 -0.0294175801865218
-0.0271745252704142 -0.0244721287595793 -0.0699098377889272 -0.023449740593731
-0.0327985100770514 -0.0128919008385454 -0.0661733101045059 -0.0238004330851599
-0.0372037291027502 -0.0131524970268799 -0.0598861943115688 -0.0441068531454664
-0.0299376690444173 -0.0316686824525397 -0.0342476749474047 -0.0735653499293248
-0.00670075676803477 -0.0481396589411417 0.0166584514209709 -0.0873599483685878
0.0337578112913175 -0.0499997589533346 0.069801073632622 -0.0452228205880447
0.0589405659391333 0.00374914868688613 0.0717519614178427 0.0103255584459757
0.0322808358787502 0.0508661766585136 0.00372351591802895 0.0252326388567631
-0.00164738999353408 0.0577469048008771 -0.0276025648766215 -0.0871598216970823
0.0247647835495521 -0.0131121569042203 0.0426476453751969 0.0951729152397174
-0.00281824828731812 -0.0281050124440349 0.029461099514086 -0.0285275243736774
-0.0244327071522458 -0.00977600488644534 -0.0736567935641079 -0.028262477933695
-0.0179875282657426 0.0179134958721361 -0.0914243102514379 0.045983772968052
0.000541147736509875 0.0173304880354358 -0.029137569566651 0.108955270846004
0.00420934295411426 0.00956962074454008 0.0401929324810225 0.0939635344667721
0.00706316614106518 0.0099000281029098 0.0681382353954573 0.0520619595149546
0.00595458953571173 0.00670916674873829 0.0749458497020177 0.0283319495596421
-0.0021364443769416 0.00808454450435844 0.0773221001096766 0.0192499485791721
-0.00955594178386915 0.00338982142252189 0.0770570702510408 0.0266983295853731
-0.00869432049434843 -0.000575259685677515 0.0678044347450306 0.0477136185637317
-0.0111055982029911 -0.0138677806854888 0.0500706637460073 0.0811285904564442
0.00998396650606511 -0.0218720495564741 0.0118263879034439 0.108203549673307
0.035934075617362 -0.0083820507274933 -0.0171656310490133 0.130787999510423
0.0334373597219326 0.0131636442760648 0.0287128178924689 0.163660083040943
0.0492750575263586 0.0313132844233966 0.0253089043142176 0.0991763196977319
0.0373997479076755 -0.00316656743772124 0.0301470659942728 -0.0266614845681965
0.0145025092273171 -0.0221769972475597 -0.0746611968421544 -0.0365537004210444
-0.00241940113391286 -0.0191131824627144 -0.100487556616063 0.0412740909818803
-0.00574780215383566 -0.0150880649438661 -0.0405190898580683 0.110633894200332
-0.0149549663894906 -0.0137565680821709 0.0335501289111471 0.0965321602270328
-0.020766627932883 -0.000976941034801765 0.0633461374214586 0.0536210402254527
-0.0204348177603653 -0.000452212087920211 0.0688331781734544 0.0281254485659287
-0.0289371615026441 -0.00438916469482466 0.0716867251362634 0.014395562227016
-0.0257612628101733 -0.0261354904601778 0.0738508363114046 0.0180776054296871
-0.00486124241976894 -0.0350841216598246 0.0714665840320459 0.0363622744930708
0.0181355884409597 -0.0444618455617849 0.0602744657975802 0.0706011507346292
0.0543650500473881 -0.0183020972584251 0.0292982874593145 0.100086046610561
0.0693879514333873 0.0341175100340391 -0.0026868435895215 0.114062839445361
0.0556893010150626 0.0703982379096264 0.0296563597599891 0.136836763869419
0.0624262005401961 0.0767248109974663 0.00390912152212131 0.0829306949699875
0.0727951050732091 0.0329442085753487 0.0272050650054704 -0.0337017122449449
0.0596675408205966 -0.0238221944227874 -0.0742939248408967 -0.051400381093844
0.023090375402607 -0.055698411129895 -0.109616279244318 0.028052594088885
-0.00723904224995512 -0.0509973607451805 -0.0553302354839112 0.10242477989835
-0.0303747213637807 -0.0402446185247248 0.0189418219887988 0.091012407625371
-0.0456405776568215 -0.0154930159722923 0.0479945750325659 0.0494579239629593
-0.0441821621099525 -0.00749455118387132 0.0530521408096091 0.0246894801996127
-0.0511184468028757 -0.012275883516831 0.0565780386316264 0.00582919789879808
-0.0428842988952203 -0.0462381476895152 0.0626435913749611 0.00199979831202415
-0.00999610116388106 -0.0626331385706608 0.0711329894028725 0.0137940263361222
0.0306647556629892 -0.0776151969996132 0.0740225665206801 0.0493596192674507
0.0880332296445831 -0.0299303713691034 0.0513844192636495 0.0846038498935065
0.101701179817018 0.0548486098430985 0.0101406153677742 0.0941100928989552
0.0779712474742803 0.109579982079588 0.023840390637087 0.095039276855193
0.0602542581304983 0.113163630975917 -0.0170017936193099 0.0453095056568966
0.0943339632565204 0.0741452091528075 0.0208762544110875 -0.0513794548533621
0.101124667578675 -0.0114772308479581 -0.0680422685306153 -0.0705768790775071
0.0549448121920238 -0.0806029626013048 -0.112043311747766 0.00404521729008983
-0.00119440405542417 -0.0827403161143082 -0.0688211920007192 0.0801111955629833
-0.0392131631313612 -0.0656141671885027 -0.00187697551833609 0.0760998203694756
-0.0637229933554955 -0.0298524470939797 0.0249008488456789 0.0395630510163344
-0.0613394900868721 -0.013553087724692 0.0293272335779831 0.0170345530551236
-0.0665531441169116 -0.0164122640737196 0.0336180893433347 -0.00434361478287639
-0.056519863409957 -0.0552815078643629 0.0434895316985232 -0.015874735582697
-0.0192138087478263 -0.0783804652121984 0.0625107771693481 -0.0134347230771198
0.0310587376470431 -0.102613493763755 0.0805829882028162 0.0214108051046967
0.104583614104885 -0.0454294508229745 0.0685805630546465 0.0627460905391692
0.11997878849926 0.0588596521462978 0.0162132249001115 0.0742585664932132
0.0907220922163501 0.127830859409739 0.00983009698289636 0.048681064252382
0.0470113715371905 0.130023248542642 -0.0332607260360039 -0.00940493857288567
0.0936895607254389 0.106717436627014 0.0135417399584954 -0.0775202408225227
0.122167216363717 0.0109966708074974 -0.0548169145613943 -0.0909436414717905
0.0815140237283839 -0.0849174584133511 -0.101466521041998 -0.0254036487915918
0.00964506586292128 -0.0995021157355441 -0.075499770535922 0.0444475707082355
-0.0386735273369368 -0.0806095476640019 -0.0246804693257902 0.0490253797458977
-0.0707114139109618 -0.0405096747259224 -0.00316769508300419 0.0235127832073409
-0.0695619043230874 -0.0175067464887067 0.00224321018191801 0.00755341232650871
-0.0725016376519812 -0.017222100741817 0.00721765664924576 -0.013756358552272
-0.0620740264043188 -0.0561952978006491 0.0194131273570303 -0.0320492457159784
-0.0246067333529833 -0.0828318085028822 0.0467665756228361 -0.0376256992063933
0.0282407651964657 -0.11053266339017 0.0774927768245069 -0.00430502496948921
0.106408446108976 -0.0500763792044991 0.0757338879032509 0.0402372855522652
0.118903231928132 0.0572246594371749 0.0149546292039199 0.0569360028070709
0.0875943742555714 0.128502640501749 -0.00740236255762504 0.0041267773106915
0.0259218991302241 0.120559350237699 -0.0399029188386289 -0.0699120865325943
0.0703318747162907 0.115478239885864 0.00858702560724983 -0.105779469695103
0.11318285272038 0.0323189287555398 -0.0354789690956999 -0.105719363882288
0.0889852726921892 -0.0684885618218259 -0.0807051989841396 -0.0531031604411584
0.0189333775046352 -0.094716518867358 -0.0732071444573583 0.00457431566574173
-0.0319531408106352 -0.0799670319805614 -0.0439322584065536 0.0174662372019018
-0.0657657604798868 -0.043157759906045 -0.0306421267298649 0.0051468936761865
-0.0666656373103457 -0.0188298025872499 -0.0255005708753674 -0.00315642786826242
-0.0694033242327962 -0.0166239282687642 -0.0193727388399413 -0.0237395896545164
-0.0586887325757472 -0.0522824146007237 -0.00405718685657933 -0.0450291155652292
-0.0228511568545358 -0.0776212748806298 0.0299953273659696 -0.0563114002448592
0.0294020954078971 -0.101488057703173 0.0704154415063088 -0.0238008589953276
0.0977742016519015 -0.0397999793819587 0.0748796932201222 0.0235859844701849
0.0997880997604262 0.0570963736099313 0.0103042228553349 0.0425883043269912
0.0671346405310902 0.115809877803804 -0.0220988172183328 -0.0340408582991626
0.00393682824191809 0.0861609704894486 -0.0403050849675453 -0.122874819292871
0.0358603975662245 0.0934787012733884 0.00524171206828157 -0.12723009884985
0.0787287430882264 0.0381058360373371 -0.0174778437949975 -0.112483354115055
0.0720041104163575 -0.0424721526862743 -0.0587137074910816 -0.0708385501791137
0.0204424083183509 -0.0706946516272677 -0.0663882518202044 -0.0283390000362503
-0.0211610455779728 -0.0628704608988265 -0.0590606066794172 -0.0104779174538794
-0.050621051380362 -0.036663616217036 -0.0541045157480622 -0.0104744290243532
-0.0532920061408779 -0.0167245609735583 -0.0487335439436039 -0.0132284525035317
-0.056417391057226 -0.0150638998057295 -0.0425610268265314 -0.0329129603493581
-0.0470898062427603 -0.043286678187835 -0.0231203500243625 -0.0582120570453294
-0.0165563098130249 -0.0655388354888594 0.0188729261241231 -0.0721224389799799
0.0312762330047258 -0.0789876584302791 0.0657318698064148 -0.0367883204618773
0.081348492682894 -0.0195455075025656 0.0711353784990382 0.0128195478473032
0.069488667943246 0.0559672602607185 0.00554211572054675 0.0313333920642069
0.035572568571542 0.0907995046899099 -0.0303938429002118 -0.064051609575112
-0.0166315662151859 0.034870464911897 -0.0379822151739939 -0.156478237379138
0.000348310541874929 0.0507730354802468 0.000384637629621795 -0.137956070696601
0.0327995414747383 0.0296731074375742 -0.00784338421566909 -0.114304945754544
0.0384722784620148 -0.0155786630568537 -0.0462217935061252 -0.0796759859738965
0.0148730004508088 -0.0361793130578935 -0.0619415127748061 -0.0458709048232584
-0.00863642454198425 -0.0345685104169881 -0.068827167922814 -0.0265309479751824
-0.0272325597744696 -0.0230910808313811 -0.0693730941390208 -0.0197725172035969
-0.0320058353967329 -0.0112613822324369 -0.0644572571635434 -0.0202815142262089
-0.0351947789473935 -0.0115152083828822 -0.0593586574204041 -0.0408914049869436
-0.0297166598683754 -0.0298091696208663 -0.0348110662347424 -0.0696429381869829
-0.00795955058006437 -0.0460802275142999 0.0138555799469028 -0.0852688504506212
0.0305368757792409 -0.049204484807758 0.06684366441247 -0.0452642401083792
0.056697082018187 0.00239375776756372 0.0696320763198683 0.00815007443634583
0.0323481855313585 0.0480295294274002 0.00350589606954354 0.0247334232912549
-0.000684950816168538 0.055155441847685 -0.0299213829487581 -0.0823137722193028
0.0258738011822552 -0.0115626263302266 0.0359609432931146 0.0929082345338317
-0.00100930315872587 -0.0272826416121734 0.0299595878407329 -0.0263524878798377
-0.0237834764155947 -0.0105915114551669 -0.0694004082151362 -0.0306839542870516
-0.0172535760237114 0.0167222495393951 -0.0909576815752741 0.0402239166888626
0.000567731014720246 0.0164294585565933 -0.0324928678282552 0.103896971185605
0.00343627269772422 0.00967158833639277 0.0347515691213566 0.0921436940927575
0.00636047808508789 0.0105973809176472 0.064113930836356 0.0530838699869957
0.00541541344122116 0.00685932561112236 0.0719395953006435 0.0292139950526329
-0.00214475818747383 0.00827467221154586 0.0748167318861721 0.0204668376609168
-0.00930655911902844 0.00283601709715042 0.0739868477970964 0.0288852973027496
-0.00787040551625499 -0.00134076900241272 0.0631277452180139 0.0492759494627378
-0.00866900359551503 -0.012811582712153 0.0442018409569205 0.0799021094089027
0.0105784705550283 -0.0190736189943699 0.005024359581823 0.10459558385137
0.0346867233067517 -0.00459483360891455 -0.0243909664108288 0.12603056505853
0.0326639546935128 0.0154178324042624 0.016863265306497 0.159449316405237
0.0471040686740901 0.0340034935024351 0.0211781424019226 0.0957807339847025
0.0360453576335397 -0.00103193519584998 0.0307847089860533 -0.0256752695973617
0.0150460430949503 -0.0198214417240185 -0.0705329768500514 -0.0404586300316375
-0.000349922773158774 -0.0175587058605945 -0.100277702766069 0.033731431715858
-0.00355576996178651 -0.0148406247868223 -0.0442517680738041 0.104862440069718
-0.0135708829113114 -0.0144055410311127 0.0268477167352236 0.0943776207691565
-0.019799063430815 -0.00139453401466127 0.0580999026413369 0.0551302947282516
-0.020206955380563 -0.00191684848074801 0.0656594569785288 0.0296063967408129
-0.0278404047004592 -0.00515403952317055 0.0696678984263017 0.0158655030079115
-0.0244702290375502 -0.0269429922579777 0.0716809186422168 0.0194565651945278
-0.00256419148536567 -0.0349584978844309 0.0687663467532089 0.0378604470606015
0.0205617561397166 -0.0414426688605272 0.0566111904037678 0.0701458755038739
0.0537318486716026 -0.0137666402928759 0.0226885721236693 0.0984538637722854
0.0660875255423236 0.0378683448008919 -0.0100753767772677 0.112309480705561
0.0523000704772156 0.0714595803334151 0.0176752143523877 0.134510590799984
0.0565497636200615 0.0789668714167709 0.00312106971898734 0.0791607542069628
0.0682615272717461 0.0365329207589592 0.0294859113506949 -0.0337426825354357
0.0590810564186955 -0.0185129461854679 -0.0687349248191756 -0.0564486901486415
0.025699739379379 -0.0503301805083531 -0.108447174225565 0.018340424329014
-0.00316744170402202 -0.0495807620963856 -0.058811661868143 0.0956887756018116
-0.0274146381556552 -0.0413251791188377 0.0123903044300545 0.0888854299217915
-0.0430506295558688 -0.016530902497932 0.0431351867123356 0.0503719461930339
-0.0429125245255449 -0.00960965679079281 0.0501452747115712 0.0252065508472024
-0.0492063232485941 -0.0140675440079617 0.0546333138524702 0.00673697711398971
-0.0409554377072968 -0.0468976255000448 0.0616805876241641 0.00288025619099046
-0.00690553820061883 -0.0628153071128695 0.0704880644329906 0.0152841367540264
0.0340064887620415 -0.0734389823367076 0.0723511443814426 0.049495981913932
0.0877202230477492 -0.0240465615628151 0.0461280493955724 0.0855976142082509
0.0964415274428603 0.0592058658582158 0.00323557242435276 0.0951015586686031
0.0722835418890846 0.109934803733505 0.0138653647450232 0.0960629429302532
0.0514909881618776 0.115146571941997 -0.0138629485681262 0.0419210000015709
0.0859267062902089 0.0787327359611087 0.0259764366210481 -0.0517441164989782
0.0982280143237706 -0.00345886102393818 -0.0608058521783128 -0.0764162466036288
0.0569706535534752 -0.0726149954189492 -0.109001544225536 -0.00614515334456961
0.0040651785446302 -0.0797689929152165 -0.0719952078210898 0.0726497279774167
-0.035000180558122 -0.0658065937504796 -0.00730476783703882 0.0724467301486161
-0.0597871702010635 -0.0319024866004445 0.0200675098767487 0.0403779182334802
-0.0595380872925291 -0.0166385357287751 0.0272747546041834 0.0178684356345868
-0.0642366827663749 -0.0181447501551491 0.0331246517638425 -0.00400193721789719
-0.0539633397870464 -0.0567714737203547 0.0431413058979154 -0.0151742556142678
-0.0152008536027198 -0.0786576720874135 0.0638175903958112 -0.0120104094993826
0.0351922528337765 -0.0976895604951091 0.0807441508255988 0.0226679367792743
0.105070870274362 -0.038185320171817 0.0649371007412237 0.0661164999259529
0.114319228147141 0.0637767851810078 0.0100606959036584 0.0767977082692545
0.0841500923489567 0.126938323304275 0.0032417672604705 0.051275321944576
0.0361387914130336 0.131490933576275 -0.024948836364869 -0.011172875225682
0.0829746642125403 0.11080146476086 0.0218932780803252 -0.0770949657099218
0.116922416800711 0.0200470638987066 -0.0454971704687859 -0.0951664908339055
0.082612277120314 -0.0752968528808346 -0.0971004054872195 -0.0351039147804038
0.0154731841421347 -0.094853833923507 -0.0777132023532044 0.0371286782333475
-0.0341884236963291 -0.0802986169883561 -0.0284076307467822 0.0459873431985138
-0.0668113751407422 -0.0428505590911508 -0.00700188483604141 0.0236344509963034
-0.0672105051354174 -0.021070823672216 0.00104984694318055 0.00795216856669552
-0.0699937908133448 -0.0193656018838972 0.00750591157539758 -0.0145867267967022
-0.0594536394810547 -0.057995046999867 0.0210727789343754 -0.0314395239128856
-0.020709606740066 -0.0834892954630203 0.0494881337066827 -0.0360304936487179
0.0324125812955503 -0.106082232445671 0.0797888238409744 -0.00287964778186899
0.106955307965949 -0.0432085168512761 0.0730381093266098 0.045182464143097
0.113634160202064 0.0617091154077561 0.00987966727626879 0.0595417327413842
0.0805056377709261 0.127602127737387 -0.0106949853390101 0.00768484960356581
0.0160454221955134 0.120985308601071 -0.0286265290751271 -0.0694486560263398
0.0599467994697431 0.11792107940223 0.0182821826771019 -0.103333179491821
0.106473116932869 0.0401230020902847 -0.0252664978801554 -0.107717482299865
0.0885907451390253 -0.0592877362427894 -0.0743264814822649 -0.0596862569823363
0.0238731812563137 -0.0898303215727382 -0.073587763351943 -0.00158798139651783
-0.0276070412926694 -0.079216827066157 -0.0458931425873036 0.0142563374979318
-0.0624908407723182 -0.0454096080230531 -0.0328595316313134 0.00452591668704241
-0.0645674330689474 -0.0220116066592089 -0.0255257723198458 -0.00348294303933287
-0.0672027627859897 -0.0192248111856709 -0.0182644442133234 -0.0245860699796304
-0.0562386243875962 -0.053763765638241 -0.00165159166806457 -0.04511987132888
-0.0195806442290442 -0.0782949887698104 0.0345493580926826 -0.0552046031795699
0.0326797375586702 -0.0974530600516882 0.073842174312309 -0.0216639167584666
0.0979561469444045 -0.0340895674624077 0.0725080093222881 0.0287321802886647
0.0949505281104428 0.0608103016166312 0.00559913880675771 0.0451934407940158
0.0607898559099399 0.113967546543635 -0.0228708575250067 -0.0309469976615271
-0.00387528264797901 0.0856639292114632 -0.0276297401567674 -0.120259594487359
0.0274056083032598 0.0944764514233704 0.0157226410365359 -0.123373028006238
0.0727366796947801 0.0434839154211089 -0.0072466252262809 -0.112402993179728
0.0705388048737132 -0.0354374937047719 -0.0519312736937391 -0.0752335558806055
0.0236810162482751 -0.0663228080581204 -0.0646809715927928 -0.0324165486227247
-0.0180623442094537 -0.0615284613410729 -0.0583700657185624 -0.0136104258618331
-0.0477768809138601 -0.0381869222722782 -0.0543138680452275 -0.01161521185907
-0.0514602468553224 -0.0192390128719887 -0.0476156078853821 -0.0132662595158047
-0.0545915516198339 -0.0170771078429074 -0.0409025170501443 -0.0337576365967403
-0.0454419755182692 -0.0445618082175807 -0.01977172539112 -0.0577975896986353
-0.0135626000892737 -0.0653763608354055 0.0232961824386737 -0.0702387047724076
0.0338836297394999 -0.0761426242945551 0.0695186373940102 -0.0337230477489948
0.0811782210263974 -0.0155418634963535 0.0693556347307119 0.0176121961788607
0.0648765694461797 0.0581365910859389 0.00189767890297928 0.0330493267573477
0.0309633044235008 0.0885511965454849 -0.0288022018851445 -0.060726464931839
-0.0208286156641933 0.0337757302734493 -0.0255622700968574 -0.152384009972879
-0.00497957993849482 0.0501391235484588 0.0104164930857802 -0.131833212284478
0.0286231439829363 0.031295684208362 0.00190662810616606 -0.111435207817678
0.0367355046135865 -0.0115876790004084 -0.0398038666212016 -0.0815813652522
0.0159642876489472 -0.033285077035743 -0.0587528751871468 -0.0487338581266159
-0.00651131937460317 -0.0337450763859442 -0.0663516278072955 -0.0290711372256286
-0.0256882501599883 -0.0237910380772456 -0.068161372679611 -0.021006105268189
-0.0304149790216143 -0.0129072454434353 -0.0625189944102713 -0.0204634824517658
-0.0341698697405435 -0.0129865130911428 -0.0560364528899802 -0.0415890908853048
-0.02821883432848 -0.0300386337383418 -0.0308226888040666 -0.0692758262884798
-0.00604568858784054 -0.0464245477959077 0.0187239689807135 -0.0827538474221229
0.0318626844379284 -0.0473041974756426 0.0696215102978843 -0.0409622287421729
0.0566398815382737 0.00486714373219758 0.0669949400838437 0.0132541457285116
0.0286864488003251 0.0487217866838224 0.000688321558696487 0.0250543479859292
-0.00296386692976748 0.0526548832399928 -0.026333469455924 -0.0795160202089655
0.025727324095993 -0.0105922730827856 0.0342036413365023 0.0921858130251591
-0.000547103812430188 -0.0277916278629023 0.0308681138188658 -0.0268327951537075
-0.0236115642745919 -0.0112119210139891 -0.0688983401051782 -0.0320647361899026
-0.0171039859862752 0.0162167881772133 -0.0919632088327032 0.0384319593611919
0.000388504036045376 0.016895161752091 -0.0342536180267262 0.102890920484944
0.00359980144923837 0.0103707713996782 0.0333038026088845 0.0924938674942079
0.00655033006848958 0.0106833119995695 0.0626400015781086 0.0542438283401109
0.00498641998663164 0.00688297416247425 0.0713446391807728 0.0295258711672353
-0.00266766216770577 0.00824546754661388 0.0741221225880328 0.0210123217077132
-0.00956835082343831 0.0027724812367381 0.0735202296577438 0.0294315325743854
-0.00770460033153259 -0.0019224764807823 0.0622053868941193 0.0503260321251611
-0.00860163329072907 -0.0124021910302878 0.0418081847756388 0.0797525392575272
0.010964074125673 -0.0187277132089982 0.0018481685103853 0.103980488945424
0.0343741749163547 -0.00475421865667454 -0.0274068987805718 0.12475371911264
0.0318950607304319 0.0165785891817287 0.0142715398277697 0.158540481727279
0.0458038483839647 0.0341310761967748 0.019106362810621 0.0946657004208272
0.0359352950878116 -0.000588839159630179 0.0319850951533785 -0.0255444773914426
0.0147462574078857 -0.0199320059708241 -0.0696142075584689 -0.0418898204757405
-0.000497520204333891 -0.0176020967855027 -0.101069216543468 0.0317960973384649
-0.00344707206415006 -0.0144568049359714 -0.0450411886020309 0.103712433172669
-0.0137915814469284 -0.0137014827201478 0.0256917864248552 0.0943395860363697
-0.0192000330077644 -0.00168967328915716 0.056848921499013 0.0552213983830853
-0.0199758334757311 -0.00202109786868752 0.0650972410989735 0.0295466820868571
-0.0274860736535368 -0.0050323992750432 0.0691949577194911 0.016096989882713
-0.0244319558304454 -0.0267488801741177 0.071470841487266 0.0205380754629005
-0.00185967476698006 -0.0355227946364587 0.0677309917461609 0.0393457021899797
0.0207823186626554 -0.0410667012116282 0.0546085223477246 0.071025391542323
0.0539495391946525 -0.0124768593993277 0.0192972215512756 0.0980379989832312
0.0648150014806493 0.0386549407536534 -0.0129853559325766 0.111164611586852
0.0502559664822388 0.0720005220097195 0.0153753483458754 0.13401145886135
0.0538176283025383 0.0789036632437471 0.00215932766722816 0.0784702187825576
0.0671548109614669 0.03744372440148 0.0308059626267384 -0.0334372490637732
0.0583190658890213 -0.0174373482220224 -0.0667201788506298 -0.0575344893931544
0.0255985015527984 -0.0494986730664608 -0.108423109041162 0.0157642009767767
-0.00283516432644036 -0.0487408269460387 -0.0594858742377365 0.0942207048464595
-0.0273436985553463 -0.0409165328805615 0.011165167392598 0.0886771875696248
-0.042399477399605 -0.0172909047118232 0.0418639212785538 0.0511459951270508
-0.0425166732662332 -0.0101154020386011 0.0496673115892778 0.0253812759806236
-0.0484324724398074 -0.0141820953297469 0.0541346603324997 0.00700694505267084
-0.0406871396772143 -0.0469059801989302 0.0616617330707213 0.00354125694732912
-0.0058676848709143 -0.0626884395536113 0.0704942533857066 0.0165250027329641
0.034282723315324 -0.0722612482584771 0.0707919313512547 0.0507506681017298
0.0874970548022647 -0.0219924807856302 0.0431358158049798 0.0856620035381731
0.0948945562596414 0.0607309769582161 0.000674874112071633 0.0943126314473331
0.0691334990130011 0.110285481867114 0.0120414283251133 0.0955358096189636
0.0488029266066688 0.11422188553242 -0.0140136417265803 0.0413543194223408
0.0842919870703241 0.0793333098808318 0.0282141849430009 -0.0506141196116428
0.0966252290562331 -0.0020846661811459 -0.0581197337276363 -0.0775728863180154
0.0574204235211844 -0.0707106161280334 -0.108054486853121 -0.00849523788737712
0.00440947955010469 -0.0788794908254168 -0.0719608738926842 0.0710343516425759
-0.0345202640106141 -0.0655798738581172 -0.00843820947881704 0.0721648896982032
-0.0594021263607031 -0.0325210800284983 0.019279848978945 0.040582994763102
-0.0582916190010174 -0.0171682177782743 0.0272442266652933 0.0188251968962565
-0.063210290740795 -0.0184053346126195 0.0326787959318072 -0.00367200404912491
-0.0535550542827653 -0.0571267407429804 0.0441844391311535 -0.0145532265892898
-0.0142066359511313 -0.0788583934758247 0.06417567750204 -0.0109186471110681
0.035316890575801 -0.0961041795930114 0.0799909367016945 0.0243832352805122
0.104853857774863 -0.0365093050602766 0.062061033740858 0.0666052281357421
0.112872130973164 0.0655887204881693 0.0080505461093059 0.0767037199333013
0.0803827265669216 0.127597224859835 0.00182018047241721 0.0515827914603469
0.0332643189765457 0.129978176161473 -0.0241779249635385 -0.0114438929738397
0.0808541581164731 0.111350378007752 0.0235557883102255 -0.0754971654475543
0.115204515576466 0.0216266969274403 -0.0424163262682269 -0.095829859378657
0.0823900267572036 -0.0730255674429961 -0.0948462038629967 -0.03707024702417
0.0157987403141786 -0.0940801328420412 -0.0774158468204093 0.0360551640575179
-0.0340417940974854 -0.0804410949599765 -0.0288529721158521 0.0455224571498866
-0.0659209942834463 -0.0431132205726903 -0.00737067215301338 0.0242310449738601
-0.0663503016755426 -0.0215064733823259 0.000850028228425034 0.00859177333851296
-0.0690458163953634 -0.0195721192428619 0.00745515709790973 -0.0143261153583272
-0.0587522453396265 -0.0583964184506216 0.0217371192443124 -0.0310617588741918
-0.019496468036685 -0.0836607215676849 0.0500849110869198 -0.03561460658909
0.0327055264964991 -0.10479473859729 0.0794951188703754 -0.000778463780737276
0.106884246549263 -0.041580570626749 0.0711584380664773 0.0457137714355292
0.111762040496648 0.0633240027992269 0.00875636811071824 0.0602088013927772
0.0768215467384058 0.12796360412702 -0.0116042430273043 0.00807126720210419
0.0134343476377732 0.119710970811662 -0.0268145098762968 -0.0686831677845816
0.0573904359799688 0.117885643058956 0.021143126545981 -0.100902518183435
0.104440609778452 0.0415853096517991 -0.0220149919323278 -0.107616377681732
0.087898068270718 -0.0567958081320669 -0.0726089199940804 -0.0614574199792584
0.0243079537845092 -0.0883171473332104 -0.0726647441871569 -0.00207185530286807
-0.0271553684714157 -0.0787265950999606 -0.0460059509067749 0.0136395115903676
-0.06132949458818 -0.0455427283062358 -0.0332631996203252 0.00540311554135812
-0.0631985143575066 -0.0229843666726851 -0.0247196847255884 -0.00269717541087568
-0.0655532312664867 -0.0194119768600876 -0.0177717614259324 -0.0244157717150004
-0.0551847919712652 -0.0536256950910921 -0.000178233287050132 -0.044743659998561
-0.0185159525729359 -0.0781526927764245 0.0353083058854793 -0.0545637433745778
0.0328185409298011 -0.0961299197276464 0.0742971969139516 -0.0196377514994532
0.0975916708212479 -0.0325021422451603 0.0711411262974553 0.0293201036757681
0.0936138510940223 0.062107628201175 0.00461152446881375 0.0448599722443244
0.0579621266542981 0.113723377121202 -0.02262474560025 -0.0297008589350296
-0.00546526657860749 0.0844539407393738 -0.0245736331801928 -0.119064858273179
0.0252668444107074 0.094270546099221 0.0193696764169506 -0.121088132585824
0.0705778565561369 0.0442200432666179 -0.00377655163242503 -0.111890636920114
0.0695425436836133 -0.0333874629383844 -0.0492985812355753 -0.0757883108200165
0.0235920127610682 -0.0656766700994663 -0.0633736280872139 -0.0330455674681891
-0.0174180943508888 -0.0617365109178168 -0.0583218473686751 -0.0141246846774731
-0.0471536484623173 -0.0384703581572513 -0.05457541463982 -0.0116634479294837
-0.0505514839474346 -0.0201107113579819 -0.0472361822007442 -0.0130468341405312
-0.0532687871307005 -0.0177258126266011 -0.0397788143276946 -0.033370620364869
-0.044143616433955 -0.04425554273871 -0.0181887986143008 -0.0575703377011398
-0.0127121557716494 -0.0654844564030071 0.0245680583044729 -0.0695582927700187
0.0341420405211174 -0.0749527463234733 0.0699840077051138 -0.0323727230550933
0.080524292955132 -0.0142405997399632 0.0681841695946704 0.0189187327603904
0.063290139233192 0.058692282409462 0.0010024623209928 0.0334696121166131
0.0285233535179079 0.0877617060884997 -0.0286278259971861 -0.0598496567991772
-0.0215091725634507 0.0335860307285698 -0.0224131993888074 -0.151631132570481
-0.00585509330392801 0.0493542587597333 0.0136004733684169 -0.130318627592135
0.0282062790600208 0.0313940242157187 0.0051296902781487 -0.110988652510722
0.0362457458792454 -0.0104505382493267 -0.0368414847157976 -0.0816526241225651
0.0160192075343912 -0.0329668076749671 -0.0583300395415634 -0.0493834813260179
-0.00680367946279411 -0.0335827252449923 -0.0663551753552237 -0.0300737688561905
-0.0255289316255757 -0.0241711940727866 -0.0684057633332293 -0.020838365483407
-0.0299216576331486 -0.0136246274815328 -0.0620870946389079 -0.0203824770596269
-0.0335091549941538 -0.0136059001989334 -0.0547835021293472 -0.0408676515250751
-0.0275838016702949 -0.0301151158664496 -0.029418804962865 -0.0692821755823651
-0.00549909346926319 -0.0456798684045099 0.0202940895621167 -0.0821228082664788
0.0323128255580981 -0.046458126904584 0.0703198825682054 -0.039363978376295
0.055983634353511 0.00556281985649862 0.065939373861554 0.0146398179226286
0.027655424927518 0.0488118301663171 -0.000111487786617922 0.025445581167786
-0.0042279918173894 0.0522437563231276 -0.025710875060879 -0.0786846600366932
0.025969319128913 -0.0102859267133164 0.0338639922432005 0.0939403207789989
0.000157834478105417 -0.0277698675008061 0.0319008252532413 -0.0271959057149781
-0.0238529716727665 -0.0117936605229193 -0.0699924500396255 -0.0345175106887456
-0.017413652988825 0.0163260683677589 -0.0952958055971673 0.0379054700753068
0.000503231748654092 0.0177575277749419 -0.0357561550722464 0.104557497732924
0.0034868497830581 0.010968388089874 0.0332188015206265 0.0951244250271151
0.0069334059425964 0.0107886278537394 0.0637850237272846 0.0561445964387774
0.00494024291498608 0.00687417521885877 0.0727496769182983 0.0299431619096966
-0.00276659647091247 0.0084726903359323 0.0764375037415005 0.0217524291640464
-0.00994393821957389 0.00311847343571049 0.0751712875598903 0.0309414410038052
-0.00739632208120873 -0.00230920739933026 0.0628870857313301 0.0527297760825789
-0.00838767432252455 -0.0131185683238173 0.0410886854581907 0.0822936604213897
0.0115609990321719 -0.0187588365170816 -0.00105120769075292 0.106158293702846
0.0352963248685727 -0.00417417802200365 -0.030254534694337 0.127268403349325
0.0318863014644495 0.0177994274008971 0.0124363162651104 0.161782547955976
0.0456753468596293 0.0351893011161791 0.0187364884721654 0.0965334644168312
0.0370366972551504 -0.000344882689050394 0.0334148162364277 -0.026324204630525
0.0150367034768104 -0.0204862821316709 -0.070215130663186 -0.0438693770321829
-0.000395271581024802 -0.0178378842138657 -0.104263408558988 0.0302406278630134
-0.00365197000890884 -0.0142424831580691 -0.0473194355533572 0.105264486469033
-0.0139607978828219 -0.013831794924669 0.0254802460890921 0.0971316085656251
-0.0191743256993437 -0.00191549329687065 0.0573194129776513 0.0573505177125322
-0.020127875178069 -0.00227147199859569 0.0670909152965939 0.0302965400036314
-0.0273077284156175 -0.00550549760144078 0.0711478951614382 0.0168856656655968
-0.0252274372577115 -0.0271543434165938 0.0736430553998776 0.0221335545345864
-0.00140167933747639 -0.0365970198350653 0.0690533155717715 0.0412220410516546
0.0214350800055356 -0.041658849451839 0.054221416271477 0.0735247494962216
0.0553744900702106 -0.0121365350544464 0.0168000174479589 0.100619613351381
0.0657254700603608 0.0402836609650984 -0.0156548487046601 0.114306903868302
0.0499290897494141 0.0744189752574868 0.013630559940509 0.137136021376101
0.053406177595815 0.0805677718820482 0.00155808593939145 0.0793046933386521
0.0688047985307913 0.0388359133451494 0.0327680580849538 -0.0342633521497813
0.0587061625303233 -0.0174217413583176 -0.0666516770415386 -0.0602968378004817
0.026410689090537 -0.0500461881237047 -0.111414924117807 0.0141942340926657
-0.00263312261265969 -0.0495169276324984 -0.0617088640032702 0.0960731176573698
-0.0279783287966541 -0.0415313730462996 0.0103451492910369 0.0909665056076649
-0.0431970801579257 -0.0177235277576018 0.0422752262102625 0.0528377408245122
-0.0430231185090974 -0.0107061564821923 0.0507863757403202 0.0267296601222845
-0.049180842269969 -0.0145554626371885 0.0553553355440936 0.0072632212094977
-0.0418110859858172 -0.048537521485363 0.0638029370915947 0.00453659624880514
-0.00546218843525461 -0.0644027445429475 0.0716902203842407 0.0183332136963033
0.0352768184705067 -0.0735046922522558 0.0713070099853347 0.0534975837226019
0.0896317315826007 -0.0215750881104858 0.0415042850160568 0.0880345317226223
0.0961952572867001 0.0630091275787856 -0.00127235846410429 0.0970384088877254
0.0685628491405788 0.113446077424548 0.0102853837365947 0.0982485299461809
0.0476414279956382 0.11659802556365 -0.0138579862892649 0.0421340491048314
0.0853909479896307 0.0823359758408652 0.030310555867589 -0.0510963319204214
0.097825475903319 -0.00098152274842811 -0.0573271997286012 -0.0798972717870968
0.0585890835783498 -0.0714019650176042 -0.110223722697022 -0.0109573471275799
0.00446771763802526 -0.080195359435962 -0.0733654476295407 0.0722775965263266
-0.0352874894223028 -0.0668880074677215 -0.00929450436325079 0.0740910391270517
-0.0604909793041984 -0.032859254214206 0.0186587788170267 0.0416319070353839
-0.0594858766601618 -0.0177106957120853 0.0282650055443872 0.0191603661469031
-0.0638934495748054 -0.0194512430941027 0.0334925111578415 -0.0031982043657716
-0.0550533455768555 -0.0586218101451431 0.0460529647436748 -0.0142031078765735
-0.0136078139824667 -0.0812113902740994 0.0660711938446083 -0.0105107194799837
0.0366836322789631 -0.0979232406427469 0.0814934797162788 0.0267971148367589
0.107121700171177 -0.0359206206827082 0.0615018952453565 0.068525473524417
0.114208142343017 0.0684665583853615 0.00661766417322489 0.0788272338593773
0.079383676753374 0.131807731561609 0.000669119682376685 0.0530492515316376
0.031603992301537 0.132150835929494 -0.0238252676567732 -0.0115588984176308
0.0812787479729975 0.114841087590528 0.0265299910595334 -0.0763625617526529
0.116391153062023 0.0237986129598926 -0.0411230259589394 -0.0984416180522088
0.0843686694008946 -0.0736273755119518 -0.0966804212792393 -0.039416139275047
0.0162395458078771 -0.0954605440224888 -0.0779519858674002 0.036451981656141
-0.0350792547735399 -0.0822905653596595 -0.0304672226342698 0.0458579579189132
-0.0673464060807292 -0.044097441355946 -0.00861704409148159 0.0247767162155903
-0.0669333504372877 -0.0226407574729808 0.00121307674034868 0.00907670074763636
-0.0695748705385287 -0.0208700831578225 0.00774125118571014 -0.014314406776689
-0.059757390802331 -0.0600391417561705 0.0232692099602466 -0.0309827479363701
-0.0191724373973353 -0.0858609332079454 0.0522732289183939 -0.0358540978155238
0.0336525323465612 -0.106567546068164 0.0814936045554837 0.000613691169479965
0.108959597372938 -0.0412463053300516 0.0709713032608378 0.0476619297602454
0.113695546798111 0.0664381449958182 0.00768672148604727 0.0618162378222063
0.0758152397468961 0.131706657017696 -0.0125542548964607 0.00871266688919084
0.0113176571579523 0.121111631943111 -0.0257583625456304 -0.0708822921456356
0.0569322914315654 0.121310595147362 0.0240193627524235 -0.102617966750835
0.105300000184426 0.0436846568496132 -0.0198180251801391 -0.110407441649485
0.0896664544897467 -0.056985433517987 -0.0725755031306115 -0.0638475601701961
0.0243482922669458 -0.0899079592615792 -0.0736077712460496 -0.00252992384031999
-0.0282098645422429 -0.0806819009026863 -0.0477980244503424 0.0137183673106142
-0.0630739851254749 -0.0470079741590624 -0.0345873429098228 0.0055375924289633
-0.0642684470401981 -0.0239288213204063 -0.0252192384926082 -0.00174764487544473
-0.0663534343577925 -0.0201976609716366 -0.0178177704675489 -0.0245544548099681
-0.0561680905021301 -0.0550838208473232 0.00080643910048307 -0.0459356111213233
-0.0181140588933727 -0.0804210390979068 0.037104291706241 -0.0560423650889597
0.0336805110390698 -0.0976567645143363 0.0769325572963809 -0.0184370232924198
0.100134493262303 -0.0321460603859942 0.0717645842744041 0.0307816940430714
0.0950199342265834 0.0647975962792812 0.00406157987458545 0.0465752514059153
0.057163144348545 0.116528960861517 -0.0238776013511671 -0.0298785513338061
-0.00715596164017308 0.0854824180887672 -0.0230537131276501 -0.121983664928738
0.0250161929287343 0.0965918718847818 0.0221065681385953 -0.122546632854683
0.0711104480839654 0.0463238718259796 -0.000879640512527323 -0.114337182704667
0.071473922598751 -0.032948489019548 -0.0490743700982001 -0.0784937273877174
0.0239971660616266 -0.0664630852349409 -0.0641775437516038 -0.033741572604716
-0.0180431575857237 -0.0629102839986683 -0.0600481809980957 -0.01468945781317
-0.0480158463700964 -0.0394273140206543 -0.056402455829172 -0.0115233329602221
-0.0509552330779652 -0.0205846990327611 -0.0482269776228067 -0.0126967834076377
-0.0534511162108907 -0.0182489782045268 -0.0403266741924062 -0.0339870010766924
-0.0448275947132663 -0.0453143156718374 -0.0178764747539631 -0.058986422867474
-0.012169773996385 -0.06660377548405 0.0260378577537042 -0.0712424079047744
0.0349924935304003 -0.075824248735294 0.0723465782734497 -0.0311583527237674
0.0821263356935092 -0.0136414771877795 0.0694050665776501 0.0204116243774951
0.0637942735683254 0.060791619483803 0.000576528275255298 0.0348893504497509
0.0277380267220125 0.0894870152407595 -0.0291500428871051 -0.06033569967368
-0.0224887312194198 0.0334778475413 -0.0200734938221379 -0.154540875334095
-0.00718235939268056 0.0502492717681433 0.01648660630395 -0.131485503852979
0.0277467548117426 0.032583315295418 0.00788293111125555 -0.112902786084573
0.036995683407921 -0.00978237554561249 -0.0357469889157452 -0.0838684701034013
0.0160312963417767 -0.0332981395555043 -0.0587173779396898 -0.0511643859245616
-0.0063421697948115 -0.0343281389420629 -0.068245218272848 -0.0309693712849719
-0.0260641262707242 -0.0244980215792916 -0.0703255530414126 -0.0212005214317096
-0.0298291205054798 -0.0139780759587551 -0.0631474289820693 -0.0203048770389201
-0.0331257918782077 -0.014037560366233 -0.0553153234757915 -0.0419235553642767
-0.0277812067922309 -0.0309907036523498 -0.0293335964140406 -0.070379472130897
-0.00496305825562315 -0.0463610197267595 0.0220186059747109 -0.0838428140498582
0.0329739435025686 -0.0470627429896201 0.0730843140061691 -0.0395302500731018
0.0566024716247754 0.00610933468108876 0.0675148447141038 0.0161923527034293
0.0275716416286685 0.0503502438954737 -0.000785611556301116 0.0265345244561171
-0.00517088699412707 0.0525495738895353 -0.0268206485859664 -0.0790371036159913
0.0263708350734623 -0.0104438511215794 0.0361525504363285 0.0965096548941925
-8.07333727550931E-05 -0.0296395178446033 0.032586200589569 -0.0290335478898997
-0.0251955986124324 -0.0118809055833274 -0.0735846502677115 -0.0358910883252421
-0.0176947688449878 0.0174988132629588 -0.0992539908916644 0.0402477770513765
0.000961817190695396 0.0182912105442363 -0.0357876764248893 0.108959593906153
0.00431147829987244 0.0116018667319119 0.0368014977604651 0.098251892909512
0.00757445014480658 0.011290677745152 0.0668280780928608 0.056362339475623
0.00504887564871733 0.00727400940075246 0.0758540715767001 0.0290802399492332
-0.0028905915366383 0.00910087205178976 0.0797862104991809 0.0205170359706494
-0.0107413305772651 0.00336587040944442 0.0795509710570271 0.0312836341595833
-0.0079551168375444 -0.00298581254745401 0.0660656604365161 0.0544270723220015
-0.00849403555365834 -0.0130500091107978 0.0431284779056255 0.0846961787163514
0.012243050317646 -0.0192632486467909 -0.00198961233230048 0.110851839793243
0.0364663102906818 -0.00517916020278225 -0.0311522009493874 0.132357785949132
0.0332796691777569 0.0186269441014807 0.0145945094366912 0.167459454072099
0.0469851471547971 0.0364925422858326 0.0212884971352945 0.0993192554607829
0.0386369361557086 -0.000845260069344672 0.0350025920384455 -0.0282060259997293
0.0147350872598051 -0.0209508171878896 -0.0729938428727363 -0.0452189698604805
-0.000651479220369788 -0.0184628482453992 -0.108471501861457 0.0325810058720713
-0.00380127811110188 -0.0146146403400416 -0.0470918990437692 0.110133802543365
-0.014926802724941 -0.0136642126333804 0.0281316220560238 0.100528348362081
-0.0202628253255798 -0.00149309024940733 0.0607595763991124 0.0585991820031137
-0.0209657635346366 -0.00198085667975813 0.0698669942992252 0.0300297443524792
-0.0291123157980238 -0.00475110263000803 0.074175192334706 0.0154094772557084
-0.0271748321827019 -0.0274200269674467 0.0776478524722835 0.0215427254008138
-0.00227790845501324 -0.0386947614538919 0.0722073554964515 0.0423896254183525
0.0216631846949493 -0.0435179555724871 0.0570474767036097 0.0761145553537274
0.0574630475886396 -0.0132837344996455 0.0172170221024349 0.103633671308362
0.068657911731444 0.0409420244249612 -0.0159811904140608 0.118513368200553
0.0522249316188471 0.0769391679838072 0.0155325387602513 0.141960446982411
0.0552927159394978 0.0828171455234886 0.00306550052765048 0.0819574570990959
0.0720535797920344 0.0394120158594704 0.0343762391948619 -0.0360748250267184
0.0601319188552601 -0.018788704423507 -0.0698677172551782 -0.0618694782398637
0.0261878821336422 -0.0525096495716249 -0.115728907062372 0.0157518997582552
-0.00392100007172239 -0.0509935130713069 -0.062028670072355 0.100390924354718
-0.0301312830225866 -0.0421199694970384 0.0122778666729156 0.0942186240140814
-0.0455786231232155 -0.0171536025961606 0.0443027275923084 0.0542926879770266
-0.0443679186636671 -0.0101978790342792 0.053575897891206 0.0264899831839267
-0.050766882390496 -0.0138517905156632 0.0582248186479668 0.00634353548144535
-0.0445833932580382 -0.0491180557174793 0.0669047929505104 0.00413196782236033
-0.00674742452129053 -0.0671995814955694 0.0746840052529846 0.0178979766242003
0.0352585093481482 -0.076870850729305 0.0749218651379219 0.0554755254708482
0.0925967590951902 -0.0236056156869945 0.0427241954342419 0.0911453847239533
0.100425026464551 0.0644107457830324 -0.00107611007541822 0.10117564352897
0.0712505395029458 0.116821293422004 0.0114521400605448 0.101990001858144
0.049567649817246 0.119608373259418 -0.0127463089137566 0.0432194098555991
0.0901806609590948 0.0844566398888877 0.0321716712824645 -0.0541270930101786
0.100647928197237 -0.00242611750355138 -0.0600367448671184 -0.0827156834107098
0.0595796741905033 -0.0746616629270244 -0.115065205363512 -0.0105416445453595
0.00321714471601685 -0.0824536317501443 -0.0745199682467902 0.0761275512025841
-0.0388315810075858 -0.0682019489742146 -0.00884665935463336 0.077121501237712
-0.06346530962463 -0.0332417568874883 0.0201597589222891 0.0434529256703297
-0.0617369930221544 -0.0171566684552392 0.0297943686030115 0.0196203644449584
-0.0660489561244433 -0.0189701748756688 0.0349349705046252 -0.00423731786182255
-0.0582790559788689 -0.0594246633093553 0.0480782492911437 -0.0155662201034934
-0.015823579541561 -0.0842836134748514 0.0684540570744187 -0.0119727572891344
0.035756851395892 -0.101875881830431 0.0850975755858346 0.0270217552012452
0.110767641740315 -0.0388696267091994 0.0638699158676412 0.0708878610188661
0.119722501240607 0.0695382112237539 0.0074684388913483 0.0819639575405745
0.0830464918124694 0.135746544850167 0.000775027123716486 0.0555042736176759
0.0329541119744646 0.135480275792693 -0.023788917206551 -0.0121440604621768
0.0859536363156208 0.118097048670395 0.0282604236702264 -0.0793332516663186
0.120151108155678 0.0229393280316383 -0.0424797038805564 -0.101988314488766
0.0860310965854813 -0.0767591840588036 -0.100486966207718 -0.0404936475275881
0.0145522447184738 -0.0988372588584669 -0.079780867138882 0.039129518150119
-0.0385303012734658 -0.0843656954478925 -0.0308810869209299 0.0485474311520765
-0.0708470689463235 -0.0446956997372183 -0.00814855100358396 0.0265095197127608
-0.0696418205554197 -0.0222020155470555 0.00199704220555368 0.00993848665245625
-0.072280252310341 -0.0201833471360668 0.00855511910475519 -0.0151885780980048
-0.0632577289752907 -0.0606491627229135 0.0241990460940886 -0.033019782213857
-0.0211288885522309 -0.0890649202503983 0.0541665573830359 -0.0381040796007328
0.0325093853953682 -0.111345667187715 0.0856076435800091 0.000307717194120594
0.112682223311959 -0.0444514692095077 0.0740241849381548 0.0485526202424573
0.119117017280005 0.0678415075386217 0.00804455322479872 0.0644080610267282
0.0792236418912155 0.135465182710273 -0.0133524626932831 0.0105971537973493
0.0118302894835923 0.124670791580697 -0.0262971743895539 -0.073087441614943
0.0610478046274355 0.125561541360109 0.0254058913236135 -0.106299071872263
0.108949986495969 0.0440139919652498 -0.0204313390490441 -0.114379649638986
0.0923302680598387 -0.0598265445819955 -0.0756818250825059 -0.0661899550834274
0.0233836570352108 -0.0934738365193961 -0.0755377834143025 -0.00134711279314738
-0.0315262085351236 -0.0829438151289839 -0.0499363277958119 0.0142994290377942
-0.0667061405090155 -0.0469114835172859 -0.0364190709389866 0.00697464840086587
-0.0667718354926968 -0.0240430578788376 -0.0258859940732948 -0.000939744864777713
-0.0686633756636499 -0.0198565423602766 -0.018776103715342 -0.0248228275668193
-0.0595820431711556 -0.0557733147284235 0.000500249109837826 -0.0476637815516929
-0.0200590979230125 -0.0831330506037939 0.0382580597419471 -0.0592704522284719
0.0327726796738268 -0.101656953403678 0.0796442796682703 -0.0196898262469754
0.10285718733668 -0.0354676387735988 0.0744657884068138 0.0315192198496331
0.0993956929202089 0.0661321969072724 0.00414561868336392 0.0485811362598735
0.0599679161598195 0.119981365882701 -0.0259574028821954 -0.0292843735423852
-0.00724026391588708 0.0878462337076368 -0.0238248488819809 -0.125814277128267
0.0266692492958767 0.10035956302865 0.0223294315390012 -0.126471063326156
0.0740524726553136 0.0472600472921742 -0.00170463047072935 -0.118805297475739
0.0735857393827237 -0.0348364779430221 -0.0510785563996974 -0.0812249492169826
0.0235253341651562 -0.0691678336062874 -0.0664842905708663 -0.0339594206869751
-0.0204172835408305 -0.0644813829010625 -0.0637068411447133 -0.0143267689719871
-0.050803135783439 -0.0393474660203404 -0.0593568457770592 -0.00973640482781834
-0.052859487630628 -0.0205274476961715 -0.0493714972088023 -0.0110734577428002
-0.0552494870842327 -0.0178958973923558 -0.0421748903504566 -0.034189625037896
-0.0471432424301193 -0.0456884665753906 -0.0192338492295917 -0.0605077147722157
-0.0138906250262066 -0.0689393568828999 0.0262946973905693 -0.0745749035769033
0.0343203337343426 -0.0793426316223881 0.0760175103929289 -0.033609897802133
0.0846884426865675 -0.0153541776211815 0.0718097992544132 0.0201473881862083
0.0670162114706031 0.0621121419953361 0.000260523645367906 0.0356378052088677
0.029161651990025 0.0921105478694675 -0.0321615846524743 -0.0608342709315383
-0.023288122811992 0.0343520306706826 -0.021591862588655 -0.159900329046646
-0.00674814592372364 0.0523572061628827 0.0166344621836793 -0.135506324004034
0.0290582146492725 0.0333529378807232 0.00784776014170266 -0.117879987796214
0.0379968010812938 -0.0103960556335698 -0.0374769388635304 -0.0869654491507022
0.0156822974568453 -0.0344696939019535 -0.0614309698835032 -0.0517679223078974
-0.00772531909827426 -0.0352563385871512 -0.072226543536331 -0.0311372241957468
-0.0271009456653401 -0.0245845584292533 -0.0738519886477323 -0.0196829930136535
-0.0309509866128104 -0.0147953191663769 -0.0659044939215372 -0.0188356938904691
-0.0340341514833735 -0.0139628984464432 -0.0576933820303529 -0.0419026625131518
-0.0288012519484374 -0.0314151270547926 -0.0310768717370475 -0.0729627672434794
-0.00617393645012007 -0.0481712362590511 0.0221044102905059 -0.0873987554805831
0.0333254882853021 -0.048784334965988 0.0760881448688279 -0.0415849965980294
0.0589604828269746 0.00588555900379013 0.0699850215559528 0.0159856497491663
0.0289691961328653 0.0520361965175965 -0.00117558127680669 0.027936301486787
-0.00542502438312593 0.0535240223877445 -0.0291528082469217 -0.0803901581670863
0.0265108848916097 -0.011050657899035 0.0413904639933514 0.0969357798473331
-0.000832760019293091 -0.030490487283211 0.0328778898935809 -0.031673056123302
-0.0261946835243498 -0.0109970959227276 -0.0776698636599283 -0.034136279159701
-0.0173022398895863 0.018622773341656 -0.10160017763027 0.0463055584079463
0.00202768506002207 0.0186054345676346 -0.0319714967957312 0.113650744596173
0.00511073562400517 0.0121375233492413 0.0426772359096165 0.0994880662106135
0.00861761114387461 0.0112012174034899 0.071415116839883 0.0549788990369945
0.00571236867928854 0.0073038567343986 0.079755822605042 0.0252159680330775
-0.00252927148942212 0.0097038661665529 0.0837939084694929 0.0165649983734069
-0.0107775606194154 0.00424228818107214 0.0842720573351819 0.0285877113557873
-0.00832644546205181 -0.00282353429821709 0.0707850202736396 0.0541304128392369
-0.00940774092611677 -0.0136119982351634 0.0470085388014208 0.0855419816082572
0.0117666681803135 -0.0206390937896628 0.00131072149422153 0.114636939646187
0.0374510627885893 -0.00694012568427683 -0.0272178750530571 0.137668734904541
0.0350526641030456 0.0182745800633389 0.0222582274364436 0.171630670868208
0.04941470107925 0.0358645213004273 0.0256925027740351 0.100664217075218
0.0402273200819549 -0.00253914195360471 0.0352659652515361 -0.0309001247401754
0.013709208325294 -0.0221843147889404 -0.0777557822987339 -0.0438764385538604
-0.00189597859052236 -0.0192851977783327 -0.111049420108081 0.0385185021618366
-0.00456989920738324 -0.0147695845125843 -0.0435987191508735 0.115622992545227
-0.0157022536774087 -0.0130875385508643 0.033994900139082 0.102623164208633
-0.0206937081577618 -0.000772827724256388 0.0649678517471535 0.0572942172513486
-0.0217758737881398 -0.000658297424330526 0.0734029339336646 0.0264077076621502
-0.0301550212707912 -0.00333427020684355 0.0775623081373859 0.0121459489118028
-0.0298407079759925 -0.02737087224653 0.081945009844339 0.0188667145252209
-0.00409634252125229 -0.0400654549752807 0.0767323274908969 0.0411279004219957
0.0202236052813679 -0.0455132855345586 0.0613298389744711 0.0759350696203039
0.0589106586432291 -0.0158970554518783 0.0207849201781732 0.106889195108158
0.0729711802066309 0.03946334334584 -0.011632349214967 0.123047091324372
0.0568647428919684 0.0776676854032841 0.0220888233061977 0.145785240571597
0.0592785493521163 0.0826276973132039 0.00723104361673199 0.0838563781230442
0.0760744850422964 0.0371735464415207 0.0345828672541429 -0.0387993785725529
0.0603005185376 -0.0216522970675579 -0.0746464396781396 -0.0612087140075862
0.0241991061279618 -0.0550870372725003 -0.118894875768913 0.0208496938026695
-0.00659662210149051 -0.0520130167514566 -0.0589490514856986 0.106622511566112
-0.0333150642191288 -0.0416062664365152 0.0171289925967537 0.0965480505926868
-0.047554413657173 -0.0152806331744652 0.0478271744950245 0.0535989173602945
-0.0461715727009326 -0.00827159232857571 0.0572093472624959 0.0246410402200817
-0.0533258056756289 -0.0118323362546185 0.0601605685522673 0.00371185521173607
-0.0493058381788133 -0.0482572201630432 0.0699286939428087 0.000911800797200768
-0.0101672899357722 -0.0695375514455254 0.0782755550059571 0.01518956281697
0.0325406382818377 -0.0807764833216079 0.0797106108302394 0.0541732345521489
0.0949278281911745 -0.0283960560472352 0.0465884684413518 0.092838218910626
0.106848108039338 0.0625868727587143 0.00238020368639091 0.104336061716127
0.0782349831003243 0.11749642375717 0.0159914136167162 0.105187864396577
0.0548519236517124 0.120979923523356 -0.0108803517197325 0.0447929939122689
0.0969204599363753 0.0829964280835248 0.031790151995018 -0.0566734053519889
0.102570382341837 -0.00641402244755262 -0.0648248829922008 -0.0832535390170324
0.0570177859727907 -0.079311258666019 -0.118670378355533 -0.00624360047220525
-0.00101475447069091 -0.0850394693276104 -0.0725943741609276 0.0822761119041208
-0.0438400883263255 -0.0683682494059718 -0.00524035472948399 0.0795801256169099
-0.0673525353221004 -0.0301080850901836 0.0224539862364659 0.043834056620121
-0.0639206965996102 -0.0149546158174376 0.0323415335479294 0.0182890680667865
-0.0685197829220356 -0.0157942711320958 0.0357163591959168 -0.00650054490829079
-0.0633077493660139 -0.0578741228880953 0.0498129472824104 -0.0187578208721322
-0.0202127778263141 -0.086771491487804 0.0705733711412945 -0.0156347237676207
0.0313162120057378 -0.107239782288232 0.0895394408211623 0.0248845217168699
0.112378784780156 -0.0455785977888987 0.0675586007233794 0.0702738219753577
0.126768417801445 0.0669553650091615 0.0102632613597853 0.084190735958668
0.0908212933252213 0.136258487321035 0.00277901760634364 0.058278722748713
0.0387618335916514 0.138184547488647 -0.024231024664436 -0.0116327354068698
0.0942346307252307 0.118171771011272 0.0264185882994362 -0.0823609751905501
0.124172265980612 0.0186813000226346 -0.0472182044618568 -0.103776402994516
0.0848073810526631 -0.0829121333228349 -0.10517517410897 -0.0380198507246817
0.0100172280397969 -0.102283482744028 -0.0793071519649698 0.0437838040719203
-0.0444988953393538 -0.0840775417631585 -0.0297918680007049 0.051395971508185
-0.0762096330260394 -0.0419001225887358 -0.00787127552792409 0.0282198460612231
-0.0722967559351965 -0.0194427246231319 0.00305462414967303 0.0104091180125937
-0.074557357023078 -0.0169401104242242 0.00782071529943649 -0.0155984678516149
-0.0688551890688797 -0.058888179177639 0.0240676101149137 -0.0353846713689281
-0.0262285148811478 -0.0910730371334773 0.0542555953844617 -0.0420426876562503
0.027089017164134 -0.115663336983246 0.0886841629942261 -0.00297104262489927
0.113688751630432 -0.0509498417080373 0.0774167860592557 0.0471938641044691
0.126412059178701 0.0645882675223677 0.010278419413622 0.0658488475762564
0.0870645316659038 0.136160791930653 -0.0139873838836958 0.0126626659681938
0.0168759162929009 0.127609876987618 -0.0294634080055695 -0.0741017426357029
0.0685621672459196 0.126946450165564 0.0230573025604977 -0.109741526466121
0.113845237243013 0.0409779590966436 -0.0246625166513415 -0.117596318983611
0.0920873400034821 -0.0656254523628631 -0.0801335986020406 -0.0650233998566565
0.0195269900313498 -0.0971074784217703 -0.076475130165513 0.00214003542250841
-0.0370882940376123 -0.08340070022968 -0.0511674522124546 0.0178328198177288
-0.0717965811740732 -0.0443209836818246 -0.0379284782555882 0.00945849547619623
-0.0698384473187078 -0.0207315934703671 -0.0261872503380027 0.000468522291433316
-0.0713836646182704 -0.0168166118436058 -0.0203801095464945 -0.0248555413793974
-0.0641867125515373 -0.0535728495422399 -0.00151532906400957 -0.0492356058926093
-0.0246303842678491 -0.084871841674465 0.0367888597257693 -0.062596009521917
0.0275133899806766 -0.106332881118666 0.0826228961661142 -0.0236327215124078
0.104590351690545 -0.0411420111570976 0.07757480678435 0.0292046751771087
0.105530675610914 0.0636155347900945 0.00633742379622826 0.0500746498982371
0.0660632688489525 0.120851598749655 -0.0286152368551749 -0.0278388658308826
-0.00411605606962051 0.0909717992735399 -0.0290937601955828 -0.129135047305874
0.0323348344744784 0.102113923902769 0.0188087014368187 -0.130485397030282
0.0780795459649102 0.0455458394618034 -0.00520270475617795 -0.1226632193439
0.0735368479054688 -0.0389177317934301 -0.0552537420710613 -0.081864856914018
0.020440360596353 -0.0720803610270034 -0.068898180651166 -0.0321393462305747
-0.0246418477772526 -0.0652523610818413 -0.0665762214536235 -0.0117020427204791
-0.0548769224407883 -0.037474017842963 -0.0625420707334245 -0.00607588436003118
-0.0555743660211393 -0.0187445950405082 -0.0511055804899172 -0.00808563399953077
-0.057702085085961 -0.0157062893050867 -0.0447034017754533 -0.0325590924157998
-0.0504003799905569 -0.0442696115765389 -0.0225647509157233 -0.061404728993125
-0.0177829339692085 -0.0705726123147274 0.0239952984192545 -0.0787600464867095
0.0310318051161375 -0.0826847589111408 0.0778325273186508 -0.0377599129502807
0.0865324291874857 -0.0197805386510081 0.0749199234308801 0.0175838737080602
0.0722786387032788 0.061062978190837 0.00127278447296965 0.037767429928282
0.0332608185449676 0.0932587007622301 -0.0364870143670361 -0.0595865589745068
-0.0231521378129321 0.0362861572056325 -0.0280257865105242 -0.163726939205301
-0.00495647698672311 0.0544847802720849 0.0125190442606229 -0.139192629273179
0.0313317742061983 0.0330685928293272 0.00401252445549489 -0.121981843744778
0.0388462373545834 -0.0121533949042577 -0.0417210087393119 -0.088286685122759
0.0140259814533572 -0.0360393208617009 -0.0651146082422656 -0.0507748376401284
-0.0100169925464298 -0.0356297483444335 -0.076509667628592 -0.0281335607170322
-0.0294496598609543 -0.0236308704734628 -0.0777398200591963 -0.0152098352476158
-0.032644828446422 -0.0134181424347009 -0.0681711947246405 -0.0148406340775879
-0.0353290172136019 -0.013166882079593 -0.0613576515334411 -0.0399658747672594
-0.0308755800367971 -0.0306282493288173 -0.0353356542189553 -0.0733098766932394
-0.00846342283207643 -0.0493678569815133 0.0188277447335395 -0.0917424839624886
0.031907675790981 -0.0518378926992065 0.0773987863667589 -0.0460049080871874
0.0609701773140868 0.003182977637597 0.0725384559470054 0.0131301704249469
0.0321732635569879 0.0524394381739977 -0.00050929390537019 0.0289926650294144
-0.00358345178163463 0.0552287831891677 -0.034114327296027 -0.0798685464505893
0.0293223492929314 0.00170734116012279 -0.00633884543246419 0.105898905596328
0.0115888461299456 -0.0285001838499366 0.044095831218932 -0.0139038352355922
-0.0191805064561846 -0.0202566686107523 -0.0552154834124664 -0.0642884917829381
-0.0225182298976267 0.00949789847329888 -0.112729233720462 -0.00236493294098671
-0.00474715659620492 0.0176094689592526 -0.0777866776896107 0.0894156258359703
0.000791758066458803 0.0132846251912079 -0.00500331826285481 0.108778310858379
0.0038681281904308 0.01458795158229 0.0403921197488861 0.0806138450065571
0.0022995931856702 0.0091194114402018 0.0614691967737048 0.0561120074362205
-0.00616491390750556 0.00725443344304642 0.0688669602396704 0.0503004075530795
-0.0113446054511938 -0.00113823882127536 0.0642749961758792 0.0617302295828047
-0.00598107083817791 -0.00660670100854843 0.0403776210808122 0.0799822176126541
-0.00146484611879831 -0.0152776896902398 0.00373520037105243 0.0975125614065926
0.0201527604498432 -0.011878442905816 -0.0514010311940208 0.104066353761202
0.0370438342430405 0.012009389679111 -0.0887828202318756 0.113925129512939
0.0243783118789665 0.032198797815987 -0.0619490392084265 0.165410454808838
0.0287818895435668 0.0540470313214428 -0.0198200206880278 0.102206192065356
0.0373874251143733 0.015098452406609 0.0450172832606817 -0.0135065455182175
0.022183720943948 -0.0127059009801621 -0.0518825195682982 -0.0742676781536603
0.00764335141985316 -0.0174334246996568 -0.119186039600894 -0.0136452543697354
0.00401834453394769 -0.0153141110295953 -0.0910758354137022 0.0860634783912632
-0.00807484532375857 -0.0185411943879565 -0.0149197306248197 0.108663750873928
-0.0178936112072244 -0.00886451987181708 0.0333986131777109 0.0802888157978941
-0.0190473722186456 -0.0102801270024079 0.0550525363244305 0.0548152029873049
-0.0254438490901083 -0.015994576965138 0.0652339286267497 0.0432073228451645
-0.0155565918972914 -0.0372655591168916 0.0661747551470767 0.0511008440650498
0.0139570022177082 -0.0388587572612343 0.0528820776542969 0.070275396802842
0.0386743972720694 -0.0314696770700954 0.0220351271653663 0.0957289499927036
0.0605571387621326 0.0133513508504704 -0.0300881067708521 0.107058211795962
0.0489841817708243 0.0690599100192395 -0.069694065262869 0.108209825884329
0.0174365782927603 0.095173180119984 -0.0512939859842242 0.142021010399712
0.0171998496350079 0.100890238574798 -0.0283655109511317 0.0780461344379756
0.0524798651070842 0.067458832621966 0.0482875420221167 -0.0222572059877532
0.0640287240664544 0.00836356016907501 -0.0413696366225694 -0.0899318269007256
0.0463173719695333 -0.038212890320537 -0.119762122191912 -0.03416693201943
0.0183273611040203 -0.0495275222259389 -0.101919654249175 0.0708333323277566
-0.0118011899589103 -0.0522201284827697 -0.0282195867870591 0.0965720872660887
-0.0363936211740333 -0.0338207582017916 0.0194181254987788 0.0700723122520254
-0.0382794552157931 -0.0275681762555272 0.0409373993307609 0.0463014685126237
-0.0430037161898313 -0.0333154676950001 0.053242780037876 0.028230277612006
-0.0248287763606354 -0.0648114172112557 0.0638218525856471 0.0296602489812718
0.0212332388761283 -0.0683927583210061 0.0660381437494683 0.0469514936684015
0.0647855624018355 -0.0575402167348047 0.0494176410619028 0.0834717243555477
0.0983387422459098 0.0172115515887482 0.000866891078684816 0.10683946544621
0.0695547508263409 0.104986183768425 -0.0493510269245647 0.0982876201492753
0.0196830990477925 0.14058994607632 -0.0383799992837204 0.102671849743302
-0.00474543728693041 0.134013329697186 -0.0261997087180568 0.034687569519797
0.0514309973844548 0.118560909166437 0.0541269345108167 -0.0409971326120067
0.0956088957539168 0.0412729002952025 -0.0225055822193362 -0.106595421788172
0.0863015267250259 -0.045692174118256 -0.107661040862345 -0.0604239393565656
0.0376178990711101 -0.0764399485917539 -0.104952582571378 0.0426420457876782
-0.0108559771375296 -0.080473015511965 -0.041527598454129 0.071247625441698
-0.0480427726652034 -0.0565106233628537 0.00037973683388989 0.0501347846709353
-0.0519542918244388 -0.0414482203235326 0.0206711844145919 0.0308082349878782
-0.0553736861896442 -0.0435149018320713 0.0353093086761999 0.00906518387186387
-0.0342874231250405 -0.0799668966090732 0.0537737848598696 0.00361187198993504
0.0191724671369014 -0.088436972714829 0.0724023711161616 0.0148965077491783
0.0740824396361427 -0.0828864628286825 0.0728578085762081 0.061190713494725
0.122297733461062 0.00964635847232439 0.0302957000097402 0.0963218250338485
0.0861093688158011 0.117384385420163 -0.0329470244407597 0.0842577431427132
0.0225166828400879 0.163178239574154 -0.0285305913470819 0.0541068078363691
-0.0271980711535576 0.142860199274854 -0.0123037594105107 -0.0224032443180097
0.0334419712541029 0.149878530807808 0.0615643545234439 -0.0670839901095455
0.103714305328181 0.0738141319414033 0.00314560910589293 -0.117852437899599
0.111908796020132 -0.0366543047945851 -0.0805817899399197 -0.0834613420131451
0.0545387261180398 -0.0868231102429321 -0.0949009819950816 0.00454923124182926
-0.00446198149022881 -0.0952595221910862 -0.0517445286563904 0.0349922660511867
-0.0520177336862781 -0.0696717076942572 -0.0205630583914202 0.0231886222837859
-0.057922642648244 -0.0496684234730467 -0.00191065569084184 0.0113542153246218
-0.060408051796689 -0.0466362683988181 0.0139090716391425 -0.0113133665494905
-0.038713505077547 -0.0830364555094825 0.0379246196743465 -0.0223209835340707
0.015539693429371 -0.0950784822446592 0.0696667291341737 -0.0164256028024673
0.0742061285976473 -0.0923716288318708 0.0852208568601472 0.0354793817357806
0.126216499957313 0.00483226598082866 0.0502683791339106 0.079513753111755
0.0866530249310635 0.115220312815536 -0.0238487634581542 0.0670135304606971
0.0190503302348269 0.161211618472485 -0.0219897207465236 0.00482156684497484
-0.0428125440600509 0.124227377099367 0.0109190077875159 -0.0809954859650601
0.00558945367128108 0.147309156577748 0.0708729453758231 -0.092653164414641
0.0845646372939399 0.0895262288557323 0.0303976143090556 -0.120915490951675
0.110691723144908 -0.0181340428253787 -0.0449130756919791 -0.0971223665208442
0.060267143779249 -0.0775330528093554 -0.0732325355641381 -0.0326433090587468
0.00179375811904826 -0.0909254161892682 -0.0561029841800812 -0.00518940510225848
-0.0468612792353672 -0.0703924733090852 -0.0394657005549732 -0.00649904906049174
-0.055207211360978 -0.0494625218866891 -0.0242922580652266 -0.00954299642041214
-0.0572496955711818 -0.0450770264509862 -0.00746809910565021 -0.0308262672570252
-0.0369334100641266 -0.0762327530610193 0.0209010591192656 -0.045276338846093
0.0138048502496438 -0.0892441280523167 0.0625788717390007 -0.0424408163473492
0.0701992769045817 -0.0844394711953528 0.0884569987179048 0.0141803653248323
0.113062587247196 0.00936344013204273 0.0590597475703547 0.0632744620783393
0.0682131856687425 0.104305326122234 -0.0211070069696905 0.0501662512415795
0.00663056997659682 0.137848890442136 -0.0158425636382416 -0.0385189755448097
-0.0464715450174424 0.0818010859483704 0.0340317278689711 -0.130519755796948
-0.0169688006865887 0.108664698417909 0.0765910575144217 -0.112270521931231
0.0491947487990222 0.0772349225619301 0.0505352450043426 -0.115465218833201
0.0828152023006015 -0.00176757571285494 -0.0138656663546937 -0.101173224082018
0.050011632668495 -0.055078921381192 -0.0505634363490203 -0.0607156762658886
0.00480018771738355 -0.0690011084733101 -0.0568996240075871 -0.039332216442476
-0.034911739236645 -0.0572268664072555 -0.0549263514290869 -0.0320155507745489
-0.0428466496134396 -0.0410715893454797 -0.0428251807954897 -0.028076075476699
-0.0451793020746161 -0.0378681403838324 -0.0258293693076157 -0.0480832633957973
-0.0282377693087569 -0.0619970729365623 0.00710148735157843 -0.0652368799526329
0.0135630391723261 -0.0720721524579101 0.057548553790935 -0.0612809788445142
0.0634353253251126 -0.0620750451160569 0.089482263728678 -9.54148011013781E-06
0.0877194833836067 0.0205735544018437 0.0608030579364302 0.0510883383810957
0.0387041762577411 0.0869735990897051 -0.0192238541880347 0.0363299714376016
-0.0108585132405497 0.0982002363484871 -0.00757269835329893 -0.0711482130073364
-0.0387838836089439 0.0244254258363463 0.0491792004896805 -0.160862186885263
-0.0299922416261202 0.0485850505420711 0.0740582250490937 -0.121027516661846
0.0125259181092741 0.045285421958862 0.0590686530861377 -0.109103299640443
0.0393815380660931 0.00764006427388718 0.00177914717450806 -0.0993816210043651
0.028069352883664 -0.0251777695693819 -0.0374707275474371 -0.07534363757181
0.00586771559315981 -0.0362173065284065 -0.0582001139363652 -0.0588632331781539
-0.0175867932948891 -0.0341539119653653 -0.0647870331919955 -0.0467111639197724
-0.0243784163465477 -0.0268941357841437 -0.0547823451180408 -0.0413292643878204
-0.026764291239197 -0.0268458431589178 -0.0379447987491333 -0.0617698879245305
-0.015805860915674 -0.0413803499962694 -0.000290177199284672 -0.0807771020097479
0.0131365816014882 -0.0487733536393063 0.057585197888947 -0.0745860829851017
0.0512508514553839 -0.0338878708440998 0.0926818351432841 -0.00698974652746844
0.0544788971322867 0.0302489221540237 0.0603985179039617 0.0464366871773526
0.00589184792811148 0.0610328473378221 -0.0159481573722322 0.0270566873859416
-0.0282613168888289 0.0472567755783884 0.0045710224200553 -0.0880159061349253
0.0289375705376673 0.00104615344004535 4.70337220910282E-05 0.104177696993293
0.0103101970144254 -0.0283292189687061 0.0429195513605214 -0.0159379912274918
-0.0193953387640558 -0.0186324624787263 -0.0578359950776383 -0.060170862841777
-0.0215477645735771 0.0100052279049376 -0.11101002193927 0.00375108251554871
-0.0033986874530282 0.0177482120925286 -0.0721168753974239 0.0912765790234754
0.00169149398954391 0.0136265900912291 0.00148821264760672 0.107403615679073
0.00504749400687498 0.0137730574942816 0.044250815496452 0.0765361528854814
0.0032005495645653 0.00856582931885877 0.063271658635707 0.0508379912147009
-0.00570492959300208 0.00787774508337593 0.07124442542852 0.0447517592051306
-0.0110730786621265 -0.000160156226640809 0.066861953505389 0.0572267642957373
-0.00624709890748193 -0.00602624466487153 0.0436150276887537 0.076683049962324
-0.00215033194652112 -0.0145777416405587 0.00729100941807785 0.0949989089931203
0.0194389164207376 -0.0122978900970302 -0.0468788891136642 0.104419787745336
0.0366485559371241 0.00939012086758142 -0.0820815808076782 0.11586727510715
0.025111276635462 0.0308793842526475 -0.0520760790469772 0.165070156856683
0.0302019736757875 0.05174639003894 -0.0139806726610037 0.100690522514368
0.037637024816064 0.0125620721386983 0.0444248318441401 -0.0155996963098763
0.0207616151411113 -0.0136293364577835 -0.0542122635150434 -0.0700108257401777
0.00647125885674519 -0.0175736178668769 -0.117849133031773 -0.00778665482274953
0.00292926826621238 -0.0152667990925937 -0.0840617720064008 0.089270942293668
-0.00895347416950335 -0.0171250520481239 -0.00839063129997773 0.106964936103075
-0.0177395032951458 -0.00739680844735155 0.036834636628511 0.0766055501082717
-0.0192421129010996 -0.00877043055187895 0.0568159890202343 0.0502156463351492
-0.0258959115018943 -0.0139575113816686 0.0664848409798817 0.0382506916627009
-0.0180307802333928 -0.0356330728479464 0.0685882497716178 0.0466782051817354
0.0114723553548384 -0.0393062759484407 0.0557000605122064 0.0667115695360758
0.0361386519495645 -0.0327803675249575 0.0265093024712293 0.0925025072077992
0.060617167731496 0.00982547264692512 -0.0259125525628693 0.106422366529579
0.0517876151225968 0.065357871424411 -0.0633890600491254 0.109092771256647
0.0215281900767107 0.0925680988945813 -0.042759682841478 0.141739178952254
0.0209813262990808 0.0979046162176746 -0.023237639436898 0.0774491170867664
0.0552610565654021 0.0634681049350628 0.0479108008707585 -0.0239200043101165
0.0623141992255818 0.00481399102275322 -0.04477319706848 -0.0862260670051462
0.0427288902703739 -0.0399355572162899 -0.119303980637165 -0.0276451663075685
0.0151623695368936 -0.0495037433223211 -0.0952360957686044 0.0745121861034734
-0.0149194861771364 -0.0495024757072242 -0.0218195644428651 0.0962377740451463
-0.0374475965414818 -0.0309101284198202 0.0227203521837157 0.0673194803034539
-0.0389441652286594 -0.0247995416404983 0.0429790667286918 0.0420460485927499
-0.043839854964912 -0.0298075986375023 0.0542719219400245 0.0244759297051743
-0.0283242102411693 -0.0616994245971169 0.0649074273736766 0.0258534689121198
0.0169502121833095 -0.0687794067399295 0.0676536818236227 0.0431589390583389
0.0595558820820748 -0.0604116082032843 0.0531658512690886 0.0801084866338889
0.0978053129575203 0.0121575888043058 0.00487460433582236 0.104134963632528
0.0739791162182341 0.0990551376667633 -0.0438816216067384 0.0992067385197425
0.0253940673824643 0.136976146406556 -0.0324047517631246 0.102784472459734
0.00102893279650185 0.130893841060464 -0.0228625621662726 0.0351133684093396
0.056734174086725 0.113733266248208 0.0524581411838871 -0.0421094835188717
0.0951268872185934 0.0352736378917479 -0.0267407713096503 -0.10335886483631
0.0810734772019289 -0.0494828070446827 -0.108403952412378 -0.0537872890363053
0.0326099408159243 -0.07685315738873 -0.0996211995200015 0.0469011457161178
-0.0150416511775978 -0.0778794008791477 -0.0367735997121678 0.0722934096710591
-0.0508979303918545 -0.0516256983447094 0.00250935517455754 0.0491919740324789
-0.0530800873368319 -0.0374634810026703 0.0221682999737572 0.0287024993574327
-0.0564648563928621 -0.0390497443383325 0.0356890764807316 0.00689989545031361
-0.0381505957663994 -0.0756887645389191 0.0537226571997246 0.000382125040135812
0.0133290220571599 -0.0887045144741398 0.0722215440814524 0.0113512302731046
0.0678525918014398 -0.084932475726327 0.074862708334416 0.0565568225926855
0.120385602215862 0.00313330510292838 0.0337586176811328 0.0923659994220006
0.0908163063674294 0.111334137499568 -0.0285043657214996 0.0846304345689658
0.0297289285243522 0.158214248967147 -0.0260323204170157 0.0550395651461641
-0.0210173428889656 0.140869697273854 -0.0129354080593797 -0.0209053849310798
0.0410589327363491 0.145312251432582 0.0587329520493406 -0.0680052201120725
0.104652722775785 0.0669685730380728 -0.00199112360470915 -0.116061588235228
0.106896053606333 -0.0416740563435404 -0.0827254490013499 -0.0784232305016815
0.048175473376465 -0.087584662075597 -0.0910762871698202 0.0092053722980022
-0.010732602350938 -0.0928051451783475 -0.0485410097098119 0.03709107877933
-0.0551669764254899 -0.0646986802116928 -0.0193924656261673 0.0239022181049261
-0.0597490704148518 -0.0445409820188804 -0.000893703595415535 0.0114278705617275
-0.0616126986588066 -0.0420924584826819 0.0131775223976947 -0.0119908400363921
-0.0428284090932048 -0.0786149277173773 0.0365235670509563 -0.0238417481666839
0.00962437159993942 -0.094749865651883 0.067944800830234 -0.0197689824085605
0.067074065609356 -0.0945499840775246 0.0858368136097237 0.0309215859375047
0.123751415764926 -0.00220170263042145 0.0527372059809509 0.0750011115193259
0.090878288627236 0.10843915795743 -0.0212578488736271 0.0673389034120723
0.0265945316699267 0.156782946709905 -0.0222455630047954 0.00693073824455627
-0.0370945451859689 0.123917264244501 0.00700537506982272 -0.0802883008625479
0.0138592645537246 0.144092333762856 0.0661138875143419 -0.093477398625883
0.0863852509287094 0.0834889695972128 0.0247415789600054 -0.119472289168346
0.107084242945023 -0.0234876071587982 -0.0482668915746709 -0.0939239907225163
0.0541015451843369 -0.0800150807952583 -0.0718899551955442 -0.0285247207228595
-0.00384892092275479 -0.0887728679735188 -0.055333340317583 -0.00213253802874876
-0.0505897040419521 -0.0656846416945493 -0.0398723017127799 -0.00374839461277825
-0.056865711295032 -0.0448339148509634 -0.0243297691168105 -0.00741412544090651
-0.0579020747935053 -0.0407557895833932 -0.0088357410448617 -0.0294730343944012
-0.0401652121603506 -0.0721301217396699 0.0178121038836294 -0.0457912422067077
0.00835003649728461 -0.0882523365072055 0.059441938956483 -0.0447853228307721
0.0633703586941471 -0.0860794770953612 0.0884142194867149 0.00980168309525473
0.111135377723865 0.00338415799632404 0.0605753378402225 0.0586449708960763
0.0719938540706217 0.0987636815631871 -0.0183939983954671 0.0509034804205211
0.0131572871202952 0.134354005557865 -0.0189051025705526 -0.0356862692315594
-0.0420049902127843 0.0822121053103807 0.0270486362215613 -0.129665228665387
-0.0107338894347607 0.107326136646131 0.070729667477434 -0.112342615874354
0.0516754336881779 0.0734668441642089 0.0451121966867995 -0.116027536891485
0.0808469019856365 -0.00598449950350635 -0.0181092607024354 -0.0987259950443512
0.0453013674847086 -0.0564119788003027 -0.0514193208143784 -0.0566861256109242
0.000783375911319273 -0.0677457427236105 -0.0583930824219357 -0.0356620045749688
-0.0376932971043999 -0.0532376605787439 -0.0562547678746015 -0.0273224178900028
-0.0445548147490084 -0.0377107243008916 -0.0433685735262096 -0.0242175016952303
-0.0464113206472604 -0.0347235105250138 -0.0278071855599932 -0.0456362640737017
-0.0305530942401976 -0.0585124236258252 0.00372350478908528 -0.0641754487434432
0.00925021421124113 -0.0715422220535785 0.0535100964558599 -0.0637829769692924
0.0580636779306991 -0.0641961294112096 0.0885643680836 -0.00454883846053143
0.0866241148978648 0.0151227545809617 0.0620356052635826 0.0466948180508113
0.0425148437681752 0.0834348791798581 -0.0169594856455854 0.0369444714482103
-0.00610169767117973 0.096504952072384 -0.0117924182807807 -0.0680557710267067
-0.0371631581721577 0.0256430350039207 0.0405133755622821 -0.15995676752622
-0.0262289126702039 0.0493544615154852 0.0681611840013673 -0.12099444552633
0.0141450446268618 0.0435412182983812 0.0537297965198322 -0.110110676317482
0.0391563130821909 0.00509501507105787 -0.0021311168101674 -0.0979377629386815
0.0257415971934433 -0.0260881320859238 -0.0402651129180713 -0.0722781815862108
0.00351172104797626 -0.0354134356611584 -0.060875399012573 -0.054850372538349
-0.0191730449404211 -0.0319275838302659 -0.0662377604275922 -0.0413278381576542
-0.0249455631330609 -0.0247608619935467 -0.0558944279716799 -0.0365246015285355
-0.0278018452409557 -0.0244020756363112 -0.0398639030232182 -0.0573231369199244
-0.0174336476279245 -0.0393722789681186 -0.00413933507812434 -0.0789886707454361
0.00992868445202318 -0.0486661370258926 0.053272283914972 -0.076916944379506
0.0475478771495674 -0.0361155161042651 0.0912618214737821 -0.011756874316389
0.0548020855810972 0.0266098177736041 0.0614422902450257 0.0418916953374131
0.00847335072948988 0.059935868298303 -0.0152038896356124 0.0279639407049814
-0.0257290389920934 0.047272219308233 -0.000739406282669127 -0.0851823776253148
0.0279720093678833 0.00106521615661536 0.00314584457023652 0.100819054846807
0.00935467408008764 -0.0279675981755228 0.0422199104596614 -0.0171126725882707
-0.0192049792963077 -0.017549033852385 -0.0574092077253312 -0.056113332811195
-0.0203710224739533 0.0107171224548309 -0.108232859815771 0.00742972113406894
-0.00245406949158973 0.0174213174062417 -0.0668472498429749 0.0909135740514342
0.00285938006823386 0.0127211254204789 0.00561540673376557 0.103912851956021
0.0061594605585229 0.0130371184656928 0.0456585058947553 0.0723127345837548
0.00364521122233962 0.00796741736255884 0.0631178303550679 0.046113708914195
-0.00496627413349243 0.0081162144290313 0.0709834343226036 0.0402385787124235
-0.0112896267300702 0.000381932167201426 0.0678594229087833 0.0530148944579344
-0.00609845323583748 -0.00619073663654442 0.0454628422618524 0.0739427684757253
-0.0024150640102419 -0.014044180763217 0.00939896715672545 0.0921540653333497
0.0186825745551068 -0.0126211759620132 -0.0432203642103695 0.103115457499027
0.0359874137637638 0.00792960461348845 -0.0760271819249998 0.114458217543747
0.0251568697100679 0.0292995211121965 -0.0450655506584835 0.161052468537294
0.0311709879430224 0.0500459988226303 -0.0104765680949085 0.0979287077433319
0.0374117733427012 0.011166255505684 0.0435753102686045 -0.0163302621388331
0.0197855207339073 -0.0140782152080065 -0.0545320420184312 -0.0662612034461623
0.00480557249994258 -0.0178210806720909 -0.115188484011747 -0.00327753601561215
0.00246491994812015 -0.0150142571730516 -0.0786231977186102 0.0886090718965215
-0.0086906933088449 -0.0164321624096911 -0.0041024618096312 0.104177088247527
-0.0172350421656945 -0.00645902875828695 0.0385580131996125 0.0730593969038343
-0.0184305931200873 -0.00777126267500323 0.0568211609723308 0.0457635418554368
-0.0257703297024163 -0.0120013843806076 0.0662925805965701 0.0340873794433415
-0.0187171297392598 -0.0339670103390602 0.0689371420480914 0.0425876894103891
0.00974957937434619 -0.0392707099330099 0.0568132296509282 0.0635523926674725
0.0341102042983922 -0.0331582372239061 0.0281916354582973 0.0889100234391662
0.0593270033788255 0.00776420395286383 -0.0230417796504903 0.104184519921782
0.0521370085263229 0.0614367698831356 -0.0587220749229288 0.108035594018761
0.0239308732518048 0.0889543704841995 -0.0371957142282772 0.138710893142182
0.022861338260026 0.0946141223083063 -0.0192245025154282 0.0757494136334507
0.0561828684677525 0.0595117809775444 0.0464470780325617 -0.0247296336721035
0.0605138795285966 0.00276333056251101 -0.0456467305529603 -0.0816455981425603
0.0389656342321483 -0.0404122353606657 -0.116282725109114 -0.0232381823274754
0.0127895383177493 -0.0484397578915804 -0.0892838907218272 0.0757611709986574
-0.0162938257676934 -0.0471590920467971 -0.0174484931531525 0.0938627695922966
-0.0373994618083648 -0.0281534127283011 0.0236000512948334 0.0643994443409847
-0.0385224977282362 -0.022248134306725 0.0430465854803861 0.0392414285490184
-0.043223068636279 -0.0266978937693556 0.0537046943055721 0.0211240272259718
-0.0304694936763808 -0.0585093250473306 0.0650386348812421 0.0225567606099583
0.0139218050950434 -0.0680641003918744 0.0674833579206591 0.0398535971199376
0.0557080216886139 -0.0604460150786789 0.0540537561006838 0.0759150663939386
0.0952820393081214 0.00859864945806279 0.00668383217696626 0.100723108282544
0.0755364936281389 0.0939320055048485 -0.0395129883248726 0.0970758060098022
0.0290963911266378 0.132169850925661 -0.0287993156851418 0.101148987944915
0.00479557367209355 0.127033082614703 -0.020393585028767 0.0347956816039237
0.0591826018318756 0.108393489098832 0.0510165562421852 -0.0419362301831034
0.0928400063623874 0.0314394820388198 -0.0285438582283132 -0.099455867370413
0.0765660059064406 -0.0508373104315052 -0.10694144867024 -0.0489003611438631
0.0280139497980746 -0.0754258944115893 -0.0939560203969488 0.0489664521094406
-0.018001856214021 -0.0744977006489209 -0.032689384626621 0.0715716838067636
-0.0514226806131851 -0.0473862964917358 0.00378128045965977 0.0475770640984582
-0.0526754669193396 -0.0336681588638467 0.0232242389728803 0.0264979444000807
-0.0559468207751638 -0.0351939279723496 0.0346154445853027 0.00527758117012661
-0.0404537523090429 -0.0717739096471462 0.0531295746100677 -0.0016738920871904
0.0096525206513834 -0.0868023110210415 0.071016252675243 0.00887413812877518
0.0622377938015312 -0.0849053623595649 0.0753561120714342 0.0525504367824867
0.116601385370504 -0.00105283678479428 0.0345080452206638 0.0885379092172121
0.092187391884906 0.105061295089023 -0.0255239600167912 0.082369387378186
0.0341971831626483 0.152778344160218 -0.0236083782623052 0.0548766828227443
-0.0165186755051407 0.137176535645247 -0.0119495457725518 -0.0205395826601791
0.0450000362561715 0.139810648477726 0.0556764332610031 -0.0670766303849425
0.103029652759434 0.0620124001651678 -0.00417482659066775 -0.112134708310913
0.101818786679549 -0.0445319174554566 -0.0826478560960364 -0.0740857727395632
0.0431668463120814 -0.0869072613286016 -0.0865858507926951 0.0119770317917415
-0.0144261046553878 -0.088804233051551 -0.0454562269194321 0.0373611705888407
-0.0563931756136422 -0.0599744240431659 -0.0189054049209668 0.0241485083173707
-0.0593343598964098 -0.0405799915702524 -7.54819184229313E-05 0.0108841462829982
-0.0613199508987459 -0.0378415263721059 0.0128888825688094 -0.0121370023758769
-0.0449753332092018 -0.0739921975556258 0.0356085072703396 -0.0245503512402718
0.00542139908724125 -0.0926335210051589 0.0653931303309299 -0.0214558095940802
0.060718709157141 -0.0939608040463157 0.0849984958892684 0.0269296773513399
0.119758607480732 -0.0066505569670253 0.0524585403048477 0.0707014989246953
0.0923539462248615 0.102232494720333 -0.0183624981759959 0.0659510616698087
0.0302668733028122 0.150692095337413 -0.0222102540641372 0.00846541084271243
-0.0323960471463245 0.120793024054604 0.00480387526770946 -0.0782292991167815
0.0184575133489141 0.139515831847936 0.0623275423141611 -0.0918108665272568
0.0856603218602317 0.078432147856595 0.0213406771454941 -0.116725874020133
0.102240565630857 -0.0262079379947317 -0.0495751766429443 -0.0896057802164236
0.0491269167341481 -0.0792176465500282 -0.0695270595267832 -0.0250910363764867
-0.007833507824903 -0.0854886156953619 -0.0535736074862315 -0.000405198344121509
-0.051663946461113 -0.0605739867939516 -0.0396489626550165 -0.00183296488287563
-0.0566270313528493 -0.040512225406647 -0.0228229080524235 -0.00585696493086928
-0.0579297612642484 -0.0367316355061874 -0.00911382894614887 -0.0284491421619677
-0.0417676828454954 -0.0677540440397652 0.0163666272056159 -0.0450398518992893
0.00445806972721892 -0.0861523178359342 0.0565507488540725 -0.0456085417778969
0.0575507222706477 -0.0856827228444486 0.0870779360789091 0.00582652739129271
0.107535985428083 -0.00061759655253214 0.0602655834356655 0.0544381398355821
0.0736499520681098 0.0934458105848432 -0.0167994802681763 0.0499029662428748
0.0173923709947746 0.129658266275773 -0.0202437691288141 -0.0328006175335793
-0.0384456913048719 0.0807075739199224 0.0227714233189088 -0.1269579391677
-0.00734977406456585 0.104835680775932 0.0658236962565432 -0.109671643266709
0.0523519985131084 0.0694910349947986 0.0416572007002539 -0.1136820193436
0.0773218111823672 -0.00831333105340245 -0.0198007943850132 -0.0954016699010462
0.0413849487679399 -0.0564171305355034 -0.0506241083486326 -0.0536043920744453
-0.00232366083071648 -0.0648190420817377 -0.0580133630023943 -0.0327542917656923
-0.0385741315258165 -0.0494381902436302 -0.0559299431579272 -0.0234761053917727
-0.0443694150747739 -0.0344781984071723 -0.0422520278606299 -0.0213795508054467
-0.0460251486731816 -0.0314217444510884 -0.0279602939765343 -0.0426712185260852
-0.0320734600979052 -0.055204671012166 0.00158884795454355 -0.0618634013603089
0.00627807112509174 -0.0695749926830675 0.0504221091928945 -0.0636571721488353
0.0528621799220625 -0.0640309902327869 0.0869702310749751 -0.00731914597922483
0.0845982561599263 0.0118236695361117 0.0613090784218956 0.0433150624681242
0.0435231821062097 0.079616933307424 -0.0159321191069484 0.0370907108446571
-0.00299651864155003 0.0933437614433943 -0.0147948952668615 -0.0635148162262944
-0.0350822033738604 0.0258896046751626 0.0346384234987059 -0.156591503569679
-0.0243043909080958 0.0487499388323622 0.0633321315004102 -0.11816198794293
0.0142426653247499 0.0417623273933223 0.0497042585401341 -0.108367889076691
0.0379070551604815 0.00406682508587021 -0.00422182328250183 -0.0951401475285889
0.0237419970301656 -0.0258981339623297 -0.039515831451284 -0.0686008454509032
0.00210553770864319 -0.0343454691200268 -0.0612674969686382 -0.0514590816484705
-0.0197426345813551 -0.029407186435751 -0.0662707027355829 -0.0370406273491669
-0.0249879049349265 -0.0227967145542923 -0.0549374523225313 -0.0323910073569296
-0.0274482700969357 -0.0222918960525439 -0.0400807898317093 -0.0537606865966125
-0.0181926432177676 -0.037389803550923 -0.00662776997064401 -0.0763457828614575
0.00782857295718633 -0.0472440058562274 0.0490777490993541 -0.0761875613793109
0.0445722995692792 -0.0365778133759549 0.0886048061305458 -0.0142649989993174
0.0539307350671096 0.0235713897700797 0.0606067839827867 0.038698852816594
0.0102461419374974 0.0576521638300679 -0.0141933727962545 0.0279961091015445
-0.0234898911714706 0.0466043421268328 -0.00414199672969031 -0.0813997016444606
0.0277175102751312 0.00122687936331941 0.00514979853163524 0.0979272587966289
0.00891762876614715 -0.0275576191019442 0.0418739166264484 -0.0176333607657798
-0.0188997209033611 -0.0167895716740647 -0.0567609412829244 -0.0538848687788234
-0.0202144516433682 0.0109749248454836 -0.105448392003883 0.00929135415873884
-0.00182696941693964 0.0166712410501015 -0.0636309743550531 0.0894571365594536
0.003246362208834 0.0123528918303992 0.00878977853006774 0.100253595736475
0.00639518250922382 0.0118818903369622 0.0461149903372696 0.0693300191054094
0.0038881384517967 0.00725312757135103 0.0620274660390946 0.0428858603519293
-0.00428371673779001 0.00818288236669814 0.0704503882491535 0.0374472924046296
-0.0110561302078137 0.000834372583326517 0.0682223984453617 0.0498560899349098
-0.00591205885984012 -0.00600964624146765 0.0456159058748959 0.0715085031019158
-0.00263780792816579 -0.0137173849000519 0.0102677464005665 0.089252226852238
0.01838402827418 -0.0126221571225655 -0.0414253650643347 0.101269339054459
0.0348552855055482 0.00643232684179937 -0.0723450370663827 0.11290225950657
0.0250473970835711 0.0282556670589767 -0.0409786978122676 0.157192527312636
0.0313654933776103 0.0483681789171316 -0.00774775359088819 0.0951374383171021
0.0369967846106175 0.00993224069044613 0.0435739058946226 -0.0167409346661441
0.0185706361512856 -0.0140374101511479 -0.0537521382197389 -0.0632188639246321
0.00382915673513963 -0.0171484754135713 -0.112066649717014 -0.000991697144200615
0.00208662189522694 -0.0144786670565758 -0.0747228879692451 0.0880098119762161
-0.0086403380195664 -0.0156305283941973 -0.000917005232820764 0.101309028463283
-0.0165067430009133 -0.00590989980927301 0.0386570684226619 0.0695325935739864
-0.017901288286235 -0.00730694052712504 0.0566118959550769 0.04259945745715
-0.0248538209467435 -0.0105767089940565 0.0659367822204841 0.0314839573095201
-0.0197490585548827 -0.0325012310266532 0.0695246677321866 0.0400686390525565
0.00853436848908923 -0.0387430108074463 0.0570052275733704 0.0612545520670048
0.0324182253694498 -0.0330451559413299 0.028412766961885 0.086630709796622
0.0578752983844291 0.00583114695383356 -0.0220686677329977 0.102121345901271
0.0523499823627048 0.0591074570711298 -0.0555429029234753 0.105695659614948
0.0245262023407822 0.0858199406026886 -0.0339834865306161 0.13571404479967
0.0231545535223834 0.092134628102026 -0.0169382346817756 0.0737073866588736
0.056131537667632 0.0565475820481796 0.0463287561397034 -0.0247262148292837
0.0586040555785139 0.00173905237693184 -0.0451237243798787 -0.0787598623539727
0.0367002076179186 -0.0399245767986902 -0.114187868093901 -0.0204208146383042
0.0112179113639102 -0.0471336204445009 -0.0846957096327395 0.0752098282063905
-0.0172961934270182 -0.045666077797815 -0.0144680410782431 0.0915628957642291
-0.0371872057794436 -0.0260286741296457 0.0245432407544302 0.0620530740275771
-0.0376496684126428 -0.0206713185152262 0.0426203073121426 0.0364530961842415
-0.0427544403838361 -0.0243718330564525 0.0527258572983644 0.0194530740245184
-0.0309727493608937 -0.0562666912740607 0.0645583241892326 0.0202493798785546
0.0117981549414065 -0.0670011889515635 0.0671908668563046 0.0380440174761855
0.0526733733029816 -0.0601095792146479 0.0543138345363349 0.0731318519874128
0.0928997266502151 0.00660565168039672 0.0067418324646195 0.0984169016113389
0.0755509171727628 0.0903723447142076 -0.0374843453225692 0.0954745393559078
0.030197278496457 0.127883069697806 -0.0265138897007702 0.0993339105812022
0.00583164842013947 0.123783291736639 -0.0188616777420991 0.0342621889004574
0.0601610940113322 0.104316231948038 0.0508526965175072 -0.0417729094612711
0.0903244447886197 0.0290045701503054 -0.0283658179829361 -0.0962243639456016
0.0723018772944207 -0.0505847875878517 -0.10456461850877 -0.0459931029133019
0.0250080097830585 -0.0739274924556605 -0.0889464278937433 0.0487786495460331
-0.0194563657428431 -0.0715897240038007 -0.0298636607415004 0.0696979143197586
-0.051049426023547 -0.044173434527273 0.00462347426418155 0.046750050283717
-0.0516844631576233 -0.0313817296642629 0.0232294046823506 0.0251971525824705
-0.0551702858935218 -0.0321218779026683 0.0340116476140074 0.00389964883885477
-0.0413130614802163 -0.0685203593545426 0.052585698924564 -0.00298516206797014
0.00714579909859226 -0.0854738968385212 0.0701209943279582 0.00721248812203003
0.0582199840616078 -0.0835827076890939 0.0742803496464503 0.0498091836713228
0.114059359999961 -0.00360807577643543 0.0340729119945404 0.0857136131631092
0.0922586845566542 0.100509307380686 -0.0238433708701903 0.080714324889919
0.0358004703299961 0.14781754921502 -0.0228153888886463 0.0548366952563511
-0.0145862578083052 0.134235789151311 -0.0114443713199855 -0.0199545526214443
0.0467158732900456 0.13521875860976 0.0550730086938198 -0.0657752066618968
0.100676789492768 0.0588049444411308 -0.0048967215938579 -0.109237818022708
0.0974949577539685 -0.0447103732080214 -0.0813418843570996 -0.0708349282007047
0.0397008522415088 -0.0855707265241429 -0.0825833497481739 0.0125055907903404
-0.0162774064815373 -0.0855945316076496 -0.04340276404659 0.0366770719115294
-0.0565579857281874 -0.0557290377072141 -0.0176481131284022 0.0240476135542923
-0.0581129965259186 -0.0373834301239943 0.000909050149184495 0.0108856136356367
-0.0600744560346745 -0.0346921974542378 0.0121229315314074 -0.012105940242672
-0.0457610988820723 -0.0707633177438162 0.0349343470250292 -0.0246977362600816
0.00273925228835887 -0.090619916898161 0.0639342983899453 -0.0222675670404458
0.0558332504374946 -0.0925511750000542 0.0842548042979934 0.024893518941029
0.116448253044879 -0.00898216603414597 0.0514838119460727 0.0680541153157968
0.0920559380463399 0.0983138507390453 -0.0172231049615578 0.0648944649504951
0.0320388563171352 0.14602808390936 -0.0218290386591089 0.00974930963803795
-0.0301703029504324 0.118271982296407 0.00369269983809124 -0.0760395028257218
0.0208630879026546 0.135684977741526 0.0605054008673379 -0.0894272898539739
0.0844537994791964 0.0748181649940854 0.0201302465768806 -0.113709831646552
0.0986628252288526 -0.0273277783704159 -0.0486147571542158 -0.0870763742223635
0.045382210926365 -0.0781406971716344 -0.0669079503182448 -0.0239763333598278
-0.0103564099149941 -0.0824702130545604 -0.0522819530385011 0.000642201133139439
-0.0519788058062166 -0.056646202983288 -0.0389875363977091 -2.78343649533722E-05
-0.0556729604214826 -0.0380477832504197 -0.0221124322024861 -0.00497095530280779
-0.0567907560485838 -0.0338484001589602 -0.00942721607275611 -0.0272389370440401
-0.0421644052930702 -0.0647007709965321 0.0162714420682005 -0.0440400884941635
0.00215985700864846 -0.0838140189449972 0.0547961707735563 -0.0458114204810059
0.0529868171893605 -0.0845466702684329 0.0857043678165664 0.00412738803903452
0.104471124072157 -0.00320338159901078 0.0583286878913066 0.0518368028079238
0.0735552323437383 0.0901405148576204 -0.0156728058284955 0.049525683792534
0.0186765032627261 0.125515780403529 -0.0208714453233147 -0.0305103298002926
-0.036418073920542 0.0792992585146625 0.0204046614747382 -0.123538517388079
-0.00423458529159748 0.102262254556019 0.0633477794499316 -0.107025853772961
0.0513524278973505 0.0670293072048166 0.0396018864035128 -0.11110303302961
0.0749879507408413 -0.00958704789771399 -0.0202718077193812 -0.0927286403491991
0.038802372530864 -0.0552247508430976 -0.0488901630944114 -0.0517056198638018
-0.00412706071940301 -0.063071042984409 -0.0576335699140847 -0.0307220216764376
-0.038836734108591 -0.0463058100726726 -0.0558841349068716 -0.0209615929003765
-0.0439079132182839 -0.0321673640602661 -0.0410193671691705 -0.0190246419625335
-0.0452896352388215 -0.0291913924675407 -0.0276016189424761 -0.0410472061879621
-0.0326506278218288 -0.0527263788249288 0.00118642021007429 -0.0602680133239148
0.0042135270312046 -0.0684367618653053 0.0478807779443532 -0.0630313383877222
0.0495668697046198 -0.063340973741071 0.0854449398185832 -0.00934390944199329
0.0820218572016713 0.0099643737028555 0.0600542873087519 0.0407350182718929
0.0439856252951188 0.0762976686866897 -0.0152572484189321 0.0362798908606319
-0.00197759336712726 0.0903386911035611 -0.016339497107911 -0.0606738590520231
-0.0340761756356742 0.0255861907349046 0.0309492257839191 -0.152304366538129
-0.0228976158756227 0.0478784326114649 0.0603966184577638 -0.114946038849667
0.0144794678352336 0.0403308492086701 0.0476380131959263 -0.10627119834735
0.0368356683114896 0.00312585399860683 -0.00483527998074038 -0.0927655567739111
0.0220725072298934 -0.0259711851396476 -0.0395709858865495 -0.0671143472198498
0.000959928060614155 -0.0330357641671301 -0.0617971694885707 -0.0485752047639015
-0.0194247745551267 -0.027881070763509 -0.0657934306213572 -0.0335873598854391
-0.0250020050960781 -0.0215766074964418 -0.0537295215193084 -0.0294799317252302
-0.0273448766161314 -0.0211153833477466 -0.0397389174416854 -0.0510849855998775
-0.0191375236161783 -0.0358935487760408 -0.00712052535541041 -0.073812209476364
0.00630523388344052 -0.0461709808200804 0.0470666240202254 -0.0755875835351655
0.0415315862492902 -0.036466695932057 0.0868869733495953 -0.0154043771891485
0.0527775919223412 0.0219192785463416 0.0598306694551573 0.0361313821213879
0.0104518797833896 0.056050913266793 -0.0136529613319355 0.0284687042319946
-0.0230465950333818 0.0453866279260743 -0.00656234004128097 -0.0778622809363843
0.0275324771163113 0.00141558176602035 0.0066341519373522 0.095777499064483
0.00838716607368516 -0.0275307637701703 0.0418652476442128 -0.0185036408171207
-0.0187378452632619 -0.016761186508174 -0.0557162678923189 -0.0517708532026658
-0.0197236490863965 0.0111883598794421 -0.103459070365958 0.0114261355057153
-0.00165452358435829 0.0166067209495035 -0.0615924402173301 0.0886717341405289
0.00411516734396257 0.0118542656086703 0.0102631268759036 0.0978785383574388
0.00684115274283408 0.0116295297545244 0.0469081042754728 0.0669343740128819
0.00396132537108131 0.00706554996644474 0.0611374001312522 0.0406087122533921
-0.00378918355746514 0.00825634860432811 0.0706228741787521 0.034774552309209
-0.0108400176920589 0.00110517182167135 0.0684870338435933 0.0477657918053448
-0.00581803035838657 -0.006099998987485 0.0465861950936279 0.0703640850519875
-0.00204433562189472 -0.0132177992866937 0.0105233054962464 0.0871172761096902
0.0180571065265339 -0.0127178431865366 -0.0412932316672902 0.100229742010284
0.0350194609702864 0.00543908182772458 -0.0701874902963405 0.110944951352199
0.0246287490726536 0.0271486022207838 -0.0377232316751066 0.153663080001754
0.0311496815083267 0.0473640410674694 -0.00587508148443555 0.0934660306241995
0.0364719817521264 0.00844305371348179 0.0437336810342878 -0.0174714786307274
0.0182721417971856 -0.0146068610209922 -0.0530513711851316 -0.0615886933423722
0.00257782788326483 -0.016596844856669 -0.110444769646658 -0.000110738830282485
0.00171058613796002 -0.0143512189687301 -0.0720080356026315 0.0871998312286983
-0.00869739118792491 -0.0149041664802274 0.00132334089123763 0.0992335719123977
-0.0161256073410028 -0.0052393932013593 0.0396703377427244 0.0677693226896234
-0.017236864711156 -0.00727717182977707 0.0562596872489008 0.0407755921381307
-0.0243876033464234 -0.0100458640958809 0.0659539075368378 0.0291159493203536
-0.0204602671062776 -0.0312384304773727 0.0694252749634808 0.0376186485771981
0.00745070479323664 -0.0389248432882884 0.0573337150403921 0.0601761889295013
0.0312604434407267 -0.0328887384002565 0.028825207859961 0.0846701219070199
0.0573693790834984 0.00505832071270523 -0.0213403646320155 0.100736855021633
0.052955960977379 0.0571152258122073 -0.0535193611546876 0.10395577186908
0.0250993452657187 0.0838975815952761 -0.0315620350388097 0.133850645774141
0.0239173053953015 0.0904009843399762 -0.0151617410160054 0.0724687151116533
0.0562779595996619 0.0541611486564468 0.0466591713358987 -0.0254169905823606
0.0568741466487021 0.00076377592883423 -0.044525820242644 -0.0764074473329477
0.0341305245594145 -0.0391361808537281 -0.111965861277838 -0.0190697214649933
0.0101616270747346 -0.0467684821919327 -0.0814810585606541 0.073951377474916
-0.0180061657993009 -0.0439402768970953 -0.0122653040528153 0.0897066431680752
-0.0364035476993277 -0.0240506921993607 0.0247845993149534 0.060881322447125
-0.0365752704351753 -0.0194717568937222 0.0430802644725611 0.0343936799486373
-0.0423412185222953 -0.0225963962628671 0.0522557292878327 0.0180774254158444
-0.0320127864365324 -0.0538864156840846 0.064758197131849 0.0182493638525521
0.0103575418738827 -0.0666025044303191 0.0674632120789757 0.0359970318504087
0.0499931565350185 -0.0599782372406976 0.0541764819891189 0.0711467247892136
0.0917650743915968 0.00458323929838034 0.00721568888285174 0.0966428348493468
0.0759289556294802 0.0874623733493885 -0.0356741410220172 0.0936421031905665
0.0310335087019632 0.12506748450111 -0.0247753743845195 0.098143863284029
0.00700205331902821 0.121688175699333 -0.0172653606442953 0.0332991163402094
0.0608243886195675 0.101056261274353 0.0504585983458851 -0.0420342629138953
0.0884515439264293 0.027267818414321 -0.0280763420116354 -0.0942863131135621
0.0693177903387354 -0.0507417322392697 -0.103284009861365 -0.0442595859813942
0.0233034437326283 -0.0728656171198185 -0.0855603948479138 0.0483512182771674
-0.0211477711754907 -0.069730264265808 -0.0277299457583418 0.0680890019087535
-0.0511236749713034 -0.0413994603075663 0.00495807338448795 0.0460525078133361
-0.0509961226391425 -0.0298327171679107 0.0235593166773089 0.024265876018709
-0.0545520656857637 -0.0297917063435881 0.0336699395835292 0.00345425765299689
-0.0424837332814132 -0.0665303517822814 0.0525419934079459 -0.00409903750114835
0.00544461837347285 -0.0842737329200349 0.0697071291441338 0.006202822813252
0.0548356986762537 -0.0830693788397634 0.0747729548597068 0.047897593372292
0.111712280071868 -0.00551087544618854 0.0335628094316252 0.0834768097473458
0.0926453425527717 0.0972276489366114 -0.0226376084011246 0.0795628837439498
0.0362117214367556 0.14394797074167 -0.0217463770840289 0.0552813964126911
-0.0129144069959752 0.131951251644913 -0.010577660961662 -0.0192079383983518
0.0482811137059127 0.132264192421709 0.0548276228025966 -0.0648980783747533
0.0989815240240303 0.0564982752590891 -0.00523490104243885 -0.106849001671376
0.0940638383948 -0.0458142622577189 -0.0804583689677927 -0.0687294389187049
0.0371693349966011 -0.0842108760546412 -0.0802412750441738 0.0130167279756275
-0.0179860791409048 -0.0833166697445784 -0.0416181656360611 0.0364134471294839
-0.0561366873787559 -0.0528808780112595 -0.0175411143551843 0.0243666545924589
-0.0570159928199985 -0.0358001144863888 0.00143612565311836 0.0103671324947074
-0.0595458212033683 -0.0329086548459651 0.0119852576268594 -0.0116834374201601
-0.0460742326950126 -0.0682367145748064 0.0347151808313671 -0.0253443426833952
0.000329903590739465 -0.0896295459860282 0.0633607755074419 -0.0231617299667074
0.0524605303954444 -0.0914000978622725 0.0838483335436697 0.0231755131728737
0.114185698278871 -0.010981669101831 0.051028751132961 0.066288017787295
0.0923226435211039 0.0948326080517835 -0.0158201687484883 0.0638622429091202
0.0330476219705456 0.14230737794938 -0.0217575372964727 0.0107013263203731
-0.0289008160009257 0.116370032150871 0.00340211661687596 -0.0747022079408893
0.0226118928607139 0.132686873248655 0.0598750809138882 -0.0879248478122702
0.0840785482934182 0.0726803879940549 0.020230539886421 -0.112002029293423
0.0959423076438548 -0.0282724636768158 -0.0485201485757996 -0.0847339818022972
0.0431240344123263 -0.0767985187909042 -0.0647933663983028 -0.0233857713319076
-0.0120298321665347 -0.080016304870648 -0.051404429663075 0.00051457570253719
-0.0517544948691611 -0.0535810428125316 -0.0384989750961362 0.00128711404471635
-0.055020604946192 -0.0359440607029535 -0.0207486613767097 -0.00493776174546019
-0.055952223401801 -0.0314566216297901 -0.00939364347768913 -0.0268962772013691
-0.0430831326353067 -0.062679408798383 0.0158414180159687 -0.0434879564437794
0.000173661603765031 -0.0824247494800584 0.0537241810963461 -0.0457601091177159
0.0497717454134451 -0.0838688625684926 0.0852347563263427 0.00242739653632809
0.101708945144258 -0.00538107139097379 0.0576422313635459 0.0503592492183362
0.0735979598992649 0.0870209683674346 -0.014920819887944 0.0488345964278326
0.0196837057944121 0.122175679419777 -0.0216375693858806 -0.0283681007147271
-0.0347542915301791 0.0779639296129053 0.0190961782295451 -0.121406904708889
-0.00259925343887891 0.10002135456945 0.0624415246211122 -0.104337523180322
0.0507659001545842 0.0655803968583118 0.0384670783753287 -0.108956018081031
0.0733338529634524 -0.0105983146830692 -0.0203767384036352 -0.0908182889804802
0.036714647368886 -0.0546566160682326 -0.0478349110857644 -0.0514737623122361
-0.0055921697230561 -0.061466199242345 -0.0580689996849735 -0.0299661252764647
-0.0389159756157087 -0.0440122028180306 -0.0555025640411382 -0.0184358200808287
-0.0430504793808198 -0.0305641821878911 -0.0400591161240287 -0.0175289434809884
-0.0445286715996418 -0.0272308039464982 -0.0278537247976428 -0.0388105108646361
-0.0324237143499481 -0.0512636486799821 0.000338045857207565 -0.0591665263518714
0.00286578843306765 -0.066875700019522 0.046420800111388 -0.0629477151443976
0.0469862547550068 -0.0631759892514938 0.0841767067937143 -0.0102771405986666
0.0804273465215728 0.00778810628943685 0.0588669575893157 0.0392494525570153
0.044333115021476 0.0744014251840344 -0.0147252856022592 0.0366574296400291
-0.000919736105895736 0.0885092655982193 -0.0174439064097337 -0.0577443118616878
-0.0332487922931673 0.0252194810783485 0.0287891897192881 -0.149466182030826
-0.0218036149002984 0.0469273932223298 0.0591755524755707 -0.112596935127214
0.0144619732577202 0.040093551782115 0.0462354162065721 -0.105274421634217
0.0363604075323287 0.00282274092042816 -0.00536426590292377 -0.090940486769604
0.0208567972868505 -0.0255106742663589 -0.0390193424157381 -0.0658047629550578
0.000387186062469373 -0.0322239474092486 -0.0619550618657407 -0.0468744288722126
-0.0197566623675302 -0.0268738121951406 -0.0655693878462316 -0.0305471894457701
-0.0246950694242331 -0.0208311152207501 -0.0526250821252136 -0.0273125772211778
-0.0270238661576545 -0.0202683064238501 -0.0391284063942718 -0.0495964929661716
-0.018918799561727 -0.0349026154611128 -0.008433277109996 -0.0721122358472878
0.00482528758044383 -0.0448926366139796 0.0449548235357028 -0.0750780688507031
0.0398041881207674 -0.0365884440406118 0.0853755718726349 -0.0170583694752872
0.0517064418955868 0.020459658464141 0.0588650507014605 0.0350395071065407
0.0112094928606262 0.0545347912251598 -0.0134296058158575 0.0285802099311875
-0.0219393094416251 0.0444863710248878 -0.00812890349847418 -0.0751193924049301
0.0252036073601368 0.00617079563163648 -0.0110925744073985 0.0946582580309518
0.0128616830499875 -0.0243812723787112 0.0459451143241724 -0.00932439599397415
-0.0129792289857435 -0.0199469399515766 -0.0421980254472993 -0.0608383979712704
-0.0193049752748925 0.00554790026145136 -0.102301845645355 -0.00930858219357136
-0.00400638831691809 0.013604698468548 -0.0764027949142162 0.0737825695928297
0.00170503754636981 0.0110411445925426 -0.00877574714387319 0.0960200463919778
0.00478115442435125 0.011721492312822 0.0323011185823967 0.0743192790834114
0.00292496903178315 0.0069100750427783 0.0505118518864361 0.0506210867864816
-0.00513827415133493 0.00702326722723404 0.0613122251959959 0.0463114122681341
-0.0107280005352183 -0.00133078636775871 0.0564729927439648 0.0591875735725069
-0.00409462240583394 -0.00748452894805607 0.0303688833241254 0.0770334469781985
0.00111322811442526 -0.0132859701465696 -0.00911415582889748 0.0862188701119397
0.0210149679977593 -0.00762302492851554 -0.0608920234141024 0.08828054790432
0.0326156894015909 0.0135361027704549 -0.0915079834551538 0.0945975053892218
0.0179317296697087 0.031150741843473 -0.0712728198017425 0.14378203784542
0.0194045245283722 0.0509515087682534 -0.0228434103578404 0.0898467385064726
0.0332786423365939 0.0149014783902616 0.046103472140825 -0.00783825027867268
0.0207488332950101 -0.0104303136107106 -0.0376595813697528 -0.0683293911063665
0.00687810131261836 -0.0153595088138976 -0.106162631819267 -0.0209370937203258
0.00473722694822368 -0.0149717996336172 -0.0853912093640288 0.0697050564406157
-0.0050336582292724 -0.0166707460962694 -0.01697428714103 0.095673545311688
-0.0140333856509339 -0.0087856469073111 0.0247675348235615 0.0732898255106189
-0.0155579090124033 -0.0104587044863705 0.045006269113219 0.0492687687096381
-0.0212110396326465 -0.0142076010794615 0.0581376395224153 0.0404698867989454
-0.0135047361494559 -0.0334478129239648 0.0597597550797771 0.0495088297083453
0.0151133294745381 -0.035677851052705 0.0434726027169214 0.068448051877519
0.0370558000064453 -0.0248055961469293 0.010664315280109 0.0864794000367926
0.0549022660301262 0.0189857111142499 -0.0408896966982558 0.0936470147609102
0.0390309834900832 0.0662103931530401 -0.074504692389963 0.0922138708127851
0.00566972202464055 0.0860883482014194 -0.0606449473183494 0.125378888510903
0.00308233452668469 0.0895075886758365 -0.0280772744803301 0.0684230302781669
0.0432111685455409 0.0617665748756473 0.0485517008005233 -0.0143895735881632
0.0547072457713686 0.0117031076056056 -0.0267415965743721 -0.0803154803770666
0.039832670588329 -0.0308530728403593 -0.103416342513461 -0.0390955349422966
0.0189541642783169 -0.04378099701415 -0.0921890800287017 0.0566282183942409
-0.00807290333503121 -0.0458022760987878 -0.0279211790460936 0.0840257762031711
-0.0298559603186414 -0.0296112249741724 0.0123562877844337 0.0643341459733478
-0.0316172268778297 -0.0267365428636048 0.0336665674719088 0.0417122107440659
-0.0353383145683569 -0.0298388778937257 0.0472143580875797 0.0267600175372405
-0.0204438579215324 -0.0585724772147879 0.0588116462880387 0.029264789085725
0.022731861744845 -0.0624471475585763 0.0582543683947622 0.0465452104891515
0.0606343171248697 -0.0464842222917981 0.0386974244140204 0.0778599587836648
0.088413460114774 0.025825295019325 -0.010832095569203 0.0958239580205484
0.0549515218821811 0.100751249221769 -0.0544407368144732 0.0866660527885101
0.00343942801835851 0.12591284518624 -0.0460604782563675 0.0928644350826988
-0.0183301879423915 0.115600727031251 -0.0231971540862137 0.0298864020548885
0.040008716478631 0.106823496153401 0.0537800506884008 -0.0291893391538169
0.0794134240933017 0.0432049620784097 -0.0084761120621475 -0.093305592705602
0.0743978798189031 -0.0345808751369837 -0.0896019076555784 -0.0610746671939622
0.0365503330057664 -0.0655908192572637 -0.0913417270092075 0.0312441849818994
-0.0063912843278032 -0.0704605654614319 -0.0384758312924813 0.060858489603095
-0.0407640033620669 -0.0490709988989994 -0.00424574219550446 0.0453707400674969
-0.0432632822211393 -0.0386690547406257 0.0177123904808433 0.027957148533857
-0.0454058606488944 -0.039492320642073 0.0315595872055024 0.00917382515860984
-0.0277288697634893 -0.0710545712936613 0.0515834075494048 0.00505966622057979
0.0216126283585187 -0.0804610231364924 0.0665273900144973 0.0170756049730164
0.0698975238350962 -0.067487557831868 0.0637708287977406 0.0592664766851538
0.110183322491926 0.0202257241108217 0.0181279024648862 0.0882219025808972
0.0687225389560228 0.113866232284397 -0.0396587753895977 0.076337690550605
0.00420577604951118 0.145808508791777 -0.0331254448874704 0.0511031402085505
-0.0388926612178289 0.12209242112116 -0.00690471220417139 -0.0191834075430288
0.0222836359853491 0.13443099801076 0.0613317213540357 -0.051442544092426
0.0845605244104817 0.0736797836632997 0.0150797198122968 -0.10083495377149
0.0971945544012175 -0.0244327690651114 -0.0627771559626344 -0.0799291255196576
0.0517610546453853 -0.0732675622786451 -0.079358348933973 -0.00179545679235431
-0.00112616522711108 -0.0827569150219302 -0.0463476786135547 0.0269967595207895
-0.0439748094904876 -0.0599595491848505 -0.0223171377791325 0.0195249618978922
-0.0485323950510274 -0.045161214268707 -0.000363829695488622 0.0105131650571776
-0.0493132818110181 -0.0428299619216784 0.0138432069451141 -0.0099765071006349
-0.0315147542719865 -0.0739617352657296 0.0390583157541984 -0.0188614414339404
0.0184822629728696 -0.0863094394281309 0.0654244220405909 -0.0124308968961319
0.0687992057422352 -0.0760633628510892 0.0783726726583521 0.0363939900847468
0.113209955622757 0.0154003333186527 0.0385393493020731 0.0738951633384475
0.0691882112891658 0.11093398988638 -0.0300830019411868 0.0621476413434986
0.00172259366550301 0.143411602232056 -0.0241628039124625 0.00696038063836851
-0.050443127045015 0.104755785162887 0.0167865861267719 -0.0700663473925369
-0.00143860880239524 0.130690313107584 0.0707908645756597 -0.073357394400481
0.0663307825630925 0.0858596187977355 0.0392280230888156 -0.10119111366221
0.0953843093285726 -0.00768428630316427 -0.0295877204783681 -0.0890273806587179
0.056097836795893 -0.0647102245450106 -0.057610986994161 -0.034129985150581
0.00402574226329505 -0.0784010619548886 -0.0486847854251525 -0.00960711038109562
-0.0398572010461462 -0.0606151800219561 -0.0382752197594698 -0.0066419070231644
-0.0461343512074814 -0.0449184534992457 -0.0187448418155992 -0.00770779178782097
-0.0467038181050027 -0.0411722445721208 -0.00433272168325391 -0.0275441073963827
-0.0287307834210262 -0.0674333269798571 0.0248195974843327 -0.0402665959645782
0.0166948094519986 -0.0794835330112612 0.0606082522213217 -0.0362195234695858
0.0644968095779669 -0.0686003015149452 0.0833001187260018 0.0173089953692048
0.100403915575927 0.0175702157947031 0.0483476320450079 0.0598408711979962
0.0528122051427782 0.099476299611204 -0.0253629923755673 0.0471600983275067
-0.00721982256219619 0.121733945916145 -0.0152476555462437 -0.0315724793553344
-0.0481029701398696 0.0674325689013277 0.0409778245230249 -0.112522362931874
-0.020085271107697 0.0958374327658692 0.0777630750441838 -0.0890453268641331
0.0367014496081716 0.0735322287128503 0.0567106429584675 -0.0958740798597876
0.0711387654226351 0.00489571925670366 -0.000786576435539502 -0.0898954376733919
0.0458847934633112 -0.0447170055826557 -0.0357018037314443 -0.0579873065217872
0.00674719000511828 -0.0585276771998202 -0.0496863109092029 -0.0400037908904057
-0.0291702789895687 -0.0482839209595381 -0.0501685699084062 -0.0294494762948462
-0.0364433740935068 -0.0378460443893978 -0.0343380049324616 -0.0240105015177839
-0.0365137998110681 -0.0347172725906871 -0.0192246909381853 -0.043266494936428
-0.0212474677986789 -0.0546481297959814 0.013389051978003 -0.0576091671698991
0.0159503548032369 -0.0639298937649004 0.0577246866198558 -0.0531524126983094
0.0569881740954281 -0.0500147907989431 0.0855581115722625 0.00513647677548607
0.0760540218783749 0.0249677923503247 0.0515064294318386 0.0499065352080584
0.0268704730850003 0.0809119592867219 -0.0226827653536315 0.0349307107823323
-0.0203067567248194 0.0847859300753213 -0.00465315071427123 -0.0601177299662235
-0.0353524794328596 0.0188560128889101 0.0562947684612656 -0.138858974534358
-0.0284420555296496 0.0426759982269262 0.0772917821642087 -0.0974696507884263
0.00658818750321531 0.0425896689221964 0.0642372534456533 -0.0913528452762517
0.0338488980235824 0.00991902499835054 0.0123722833132799 -0.0879425331691718
0.0254888439887376 -0.0194659380984482 -0.0252229917730093 -0.0711250952207503
0.00690558467998247 -0.0299493454804805 -0.0512202509027389 -0.0577296101073177
-0.0136279902450407 -0.0288716610889182 -0.0577623600056394 -0.0428442392774616
-0.02029981207231 -0.0247291629959763 -0.0439899802592744 -0.0359029829632769
-0.0217251789951045 -0.0242842037153237 -0.0279906787868982 -0.0548935032732157
-0.0109111857433845 -0.0366974641008743 0.00704818614348779 -0.0713658376638328
0.0138929479537037 -0.0420298600462355 0.058228024574356 -0.0648207616387915
0.0452297212731376 -0.0267003180011044 0.0879148723338423 -4.39284848618862E-05
0.045443614379082 0.0314457627420031 0.0516539127145889 0.0463550120999059
-0.000978542654119071 0.0546619017507606 -0.0203393922149077 0.0269027611850838
-0.0312308912683781 0.0380688735649628 0.00773557038761742 -0.0751026863342143
0.025436052021415 0.00594877696852004 -0.0096438123254606 0.092305893233089
0.0125826101759564 -0.0240220029880379 0.0459822355171436 -0.00991330673964999
-0.0133729700692767 -0.0190785294341352 -0.0414058173225972 -0.0596865348708076
-0.0188940283382547 0.00621709551055736 -0.100491493110994 -0.00855181771217679
-0.00304076021956565 0.0129359627241262 -0.0738489010599764 0.0722601194641214
0.00207325798985202 0.0104102750415749 -0.00687212657950523 0.0936177871486175
0.00484704136799982 0.0107407143338272 0.0326908883365287 0.0715942437819126
0.00261886129247483 0.00647880112472149 0.0499412326300448 0.0480564472559127
-0.00414594527861065 0.00713237802157409 0.0611800457523532 0.0435521437111529
-0.0104225703482824 -0.00102397411069767 0.0565596003910026 0.0570486976616295
-0.00431334393336082 -0.00737250293656542 0.0311179909735703 0.0750348910637107
0.0010740433922069 -0.0130277187232452 -0.00887504546515692 0.0841558776148224
0.0211016802931991 -0.00776311026021054 -0.0597378797111837 0.0872179553336808
0.0323286388811205 0.0125838676084224 -0.0886119286187896 0.0922927843159826
0.0174961272635507 0.0305030320593031 -0.0671214985882916 0.140442813582221
0.0193004943238624 0.0489073350255873 -0.0216611760362716 0.0877791091919557
0.0332044034725281 0.0132522383406355 0.0460801378500931 -0.00858018077479614
0.0198502616925249 -0.0104134775278291 -0.0364520537159021 -0.0668206204039156
0.0056820014702263 -0.0150750292654666 -0.103803310834424 -0.0199160858657656
0.00443615678464353 -0.0146713529236959 -0.082457516639708 0.0692191832589567
-0.00562356275368123 -0.0166157263079924 -0.0150934226985635 0.0925046811508469
-0.0138172179202365 -0.00801094498782865 0.0258891317120704 0.0718127471500554
-0.0149861159008997 -0.0102141810543931 0.0450660211433949 0.0475015688296586
-0.0205135244507668 -0.0135025640372587 0.0571111268351965 0.0386750259726669
-0.0139229972466766 -0.032364504905736 0.0599760525123042 0.0468817798057149
0.0139496795499098 -0.0356242511761619 0.044065647647214 0.0664032884394811
0.0356525650371487 -0.0246246828336785 0.0109026866618265 0.0845775717457377
0.0538069023982756 0.0170664497740544 -0.0395083134147257 0.0918175651932699
0.0391470094487152 0.0647265396785412 -0.0722832359137731 0.0900274489878409
0.00624462821461193 0.0833038275629498 -0.0581189527517948 0.122674379450763
0.00418060229759647 0.0876526076074979 -0.0264772002876834 0.0664488243767098
0.0430251167109547 0.0595915078132576 0.0483484817582461 -0.0144864466003615
0.0534097601156046 0.0106557399977298 -0.026117403527024 -0.0784232025610922
0.0381632302121195 -0.0305787203332527 -0.101364799570319 -0.0372302391219408
0.0178553755636066 -0.0427503786385533 -0.0890175732885277 0.0559031952698802
-0.00944736807074197 -0.044828872854679 -0.0262191673039098 0.0816164277497971
-0.0295641533052033 -0.0282850162127083 0.0131801496646017 0.0622978295479268
-0.0310218895402398 -0.0256617794010443 0.0341067925523542 0.040074128682118
-0.0347728051793438 -0.0284123169397271 0.0468997222900327 0.0253702337383574
-0.0206565512010515 -0.0557562227061506 0.05902128382445 0.0272214135903979
0.0210446099544447 -0.0615136154498253 0.0580370879916439 0.0450782255433212
0.0580817264665354 -0.0464399693342704 0.0384390549229588 0.0759491205151927
0.0863872208846418 0.023962150694584 -0.0107507702760629 0.0936020675259054
0.0552354227459082 0.0978032163097325 -0.0531223111940328 0.0846643467764258
0.00364885475807567 0.122169434239966 -0.0439891300402729 0.0908007731491043
-0.0174635942611595 0.113221704708745 -0.0223109547425874 0.0293099360954091
0.0408710946529882 0.103772926122742 0.053876330115801 -0.0296290435084351
0.0773626181907916 0.0414631083160887 -0.00819110896644282 -0.0904074586012294
0.072041763649847 -0.0345364505586608 -0.0884176860541016 -0.0589912398203853
0.0344208139839868 -0.0644764813382979 -0.0882640889360123 0.0312434966077166
-0.00795915770170519 -0.0685957769882629 -0.0370019522686829 0.0594108702718364
-0.0403484186000166 -0.0465089490019846 -0.00350587181110432 0.0443543812766307
-0.042767471667388 -0.0371335941425225 0.0179952480754462 0.0266146720619237
-0.0445850796027587 -0.0374837623566897 0.0320753098347308 0.00865668259321354
-0.0287123808384204 -0.0686558206291658 0.0515905425616014 0.00357239040125603
0.020243125717097 -0.0794660500315945 0.0656199758227554 0.0155943614122984
0.0666183346541172 -0.0665530339060989 0.0632984125867574 0.0572599556934094
0.107570443936055 0.0180062067738973 0.0176206669883092 0.0860636059382189
0.069034632765517 0.110422558333133 -0.0383514305035948 0.0740101208057238
0.00526671157432399 0.141658978508584 -0.0326346793361414 0.0504740212001396
-0.037382318413944 0.11967527849161 -0.00671068451969746 -0.0191334433162521
0.0235437792795945 0.130414745504414 0.0607929303924059 -0.0506043154496384
0.0827097013737161 0.07105102749355 0.0147082113431481 -0.0985194335048284
0.093826356710135 -0.0251018755061042 -0.0617664970239133 -0.0773956122528426
0.0490420258554641 -0.0721668413731309 -0.075987989958028 -0.00167865440007004
-0.00252324486008711 -0.0798868684076627 -0.0448125159718017 0.0265196970884308
-0.0436365930307349 -0.0567991367658723 -0.0217594942854466 0.0201209640706176
-0.047799655330507 -0.0433597696670993 -9.00437395430219E-05 0.0102299390430155
-0.0487702485257662 -0.0403005278361539 0.0138000536083035 -0.00942525352121602
-0.0317246341524977 -0.0712403716191889 0.0387006521135192 -0.0193517679490969
0.0169318702809925 -0.0840881453525915 0.0644304903162964 -0.0128681111448037
0.065266741354418 -0.0747316640230787 0.0779746677609737 0.0343089851858555
0.110666547238629 0.0125954936734173 0.0374252149138394 0.0717657626583631
0.0691391661360841 0.107659995745495 -0.0289701346828426 0.0603968879333951
0.00303315911368894 0.139278138623122 -0.0241116923391031 0.00831330776350731
-0.0484543980609555 0.102765715724726 0.0166573520682103 -0.0687065339985842
-0.000144243443219339 0.127204612009513 0.069094172795259 -0.0713211957556013
0.0656126572976461 0.0839618086348971 0.0381809581148735 -0.0989875597949449
0.0929024164331739 -0.00869285676347735 -0.0292347468336237 -0.0868080694871183
0.0534443090053865 -0.0634753243989164 -0.0554094150453209 -0.0337038351862132
0.00278390142090208 -0.0761558016668009 -0.048570616605608 -0.00905821746932146
-0.039201332919071 -0.057265823183236 -0.0376457347400052 -0.00575977521171609
-0.0454399480243246 -0.0434499251883689 -0.0183122828150706 -0.00777274331831673
-0.0455660210523332 -0.0389186818551604 -0.00393514532197612 -0.0268446345890733
-0.0292012576446148 -0.0651056299419047 0.0239818648281019 -0.0397084240818995
0.0151533585510774 -0.07788339016846 0.0596143952146175 -0.0367869336415313
0.0606737807377374 -0.0679327485629399 0.0823942418472973 0.0154541111514969
0.0978882490277426 0.0160019501526632 0.0474105701156267 0.0574028282176113
0.0530131035914086 0.0964576768342781 -0.0248694324124801 0.0464111133358372
-0.00633306994662557 0.117375168201951 -0.0159913751715408 -0.0294765486354561
-0.0465477372186565 0.0660601429512488 0.0394862997674949 -0.109971969702762
-0.0180576224448153 0.093851958203123 0.0759867537906014 -0.0875837759292572
0.0367136575802326 0.0718286804962541 0.055666711438783 -0.0936451839020047
0.0690874957497832 0.00412369081873833 -0.00124051527718931 -0.0874596524881863
0.0437851658595301 -0.0442537831596227 -0.0349432336991118 -0.0576770864167585
0.00561523568532643 -0.0570538450963858 -0.0501221263672555 -0.0383109732814269
-0.0285567829087411 -0.0465839293258038 -0.0500299010219271 -0.0276119164593106
-0.0358616102292359 -0.0365538563873549 -0.0330318817372537 -0.0231911440073357
-0.0353067493136295 -0.032711700023732 -0.0182773544901428 -0.0415067460529112
-0.0215466130520365 -0.0528384479825851 0.012462152709996 -0.0562158067762428
0.014016086028647 -0.0620636798135831 0.0555974947826344 -0.0531972648953527
0.0542290405080542 -0.0493671729617681 0.0845988403379549 0.0040196806278538
0.0742033327150733 0.0236777228901637 0.0504060465545265 0.048392585429145
0.0271048580812995 0.0783132421186301 -0.0225756523628517 0.0348303672908868
-0.0192604282255798 0.0819734306292578 -0.00611680014942202 -0.0570526653452375
-0.0345491878900591 0.0185651784930523 0.0539312263362292 -0.135066226851513
-0.0272669716583781 0.0417774842216307 0.075352346783955 -0.0952632294161808
0.00698697449064111 0.0417248732237515 0.0619563430694799 -0.0891459712563818
0.0331190440384981 0.00946288645308505 0.0130338111576182 -0.0852550222091335
0.0240366637271734 -0.0194391853911775 -0.0245030058060937 -0.0697763206515491
0.00641498072276882 -0.0287879930291335 -0.0516351694065007 -0.0550726268403189
-0.0139755839451062 -0.0278557934026037 -0.0581499399181455 -0.0405339646388476
-0.0198822151498794 -0.0238490327091763 -0.0432864068046005 -0.0341950831118402
-0.0210056035434738 -0.0231708782873518 -0.0275765419668588 -0.053087660272175
-0.0111800757442404 -0.0355598567966386 0.00617949383029346 -0.068991795890012
0.0129061025262629 -0.0409936075241973 0.0563018783132143 -0.0637480222942171
0.0427284854838697 -0.0266026860136457 0.0862133377450266 -0.00117072133988095
0.0447269798341178 0.0299468430182499 0.0506644578215833 0.0440502214600407
-0.000977155271117506 0.0537523852414355 -0.0199638706709661 0.0265269949862909
-0.0302803789742904 0.037105018994849 0.00585574819155185 -0.072010929676552
0.0251056235997632 0.00642770426753788 -0.00900373210440603 0.0902366890989026
0.011780015145103 -0.0241250882724599 0.0459261660936293 -0.0105301526981227
-0.013006156190208 -0.0191079153528031 -0.0394485343470718 -0.0586924052071768
-0.0185074490892329 0.00593381112056708 -0.0976076638419812 -0.0084283621992737
-0.00339901642014269 0.0125670811306007 -0.0730815379836725 0.0700882037340142
0.00181886161892962 0.00958793178500451 -0.00690875372458799 0.0908246958521877
0.00511277196053919 0.0101109726774097 0.0331652692113222 0.0693418874507083
0.00336040018817592 0.00580656429807756 0.0488350627215384 0.0469052758564665
-0.00425991471742856 0.0068056403574324 0.0599421399161903 0.0422521308085514
-0.010360714940001 -0.000455639058204511 0.05564942369708 0.0549580130266296
-0.004375669438524 -0.00733964568539016 0.0301840051239741 0.0739165283498775
0.000890920417667199 -0.0129066662700934 -0.00923719566914072 0.0818772464973561
0.0205367005310365 -0.00780829214741753 -0.059307176508269 0.0847409401657449
0.0314374995720546 0.0115803611372312 -0.0868750183876714 0.0893405458357654
0.016620744734646 0.0298693036023467 -0.0667532163385735 0.135357166187122
0.0187808445318227 0.0484941082358524 -0.0214680892770888 0.0858591336651972
0.0319021690504999 0.0128514845984433 0.045954088399308 -0.00888712343167935
0.0190153137259141 -0.0104760221758796 -0.0348865739537917 -0.0651523645024807
0.00511319047637385 -0.0145781783254475 -0.101005093638798 -0.0193165158317937
0.00402536295146413 -0.0145640836660858 -0.0810307611285836 0.0674590039877107
-0.00511495874199841 -0.0161865235491809 -0.0148792750137723 0.09011970592401
-0.01298290765451 -0.00761471177177587 0.0255710717239199 0.068817093401974
-0.0144319247823855 -0.010596744708389 0.0442931997228813 0.0461779161493569
-0.0198277459667773 -0.0133589790281868 0.056473735205667 0.036604223982119
-0.0140395332221193 -0.0317322328416022 0.0593239672533269 0.0455351896893641
0.0136674601529712 -0.0349795656499173 0.0430695449442434 0.0657836653563316
0.0348911744877574 -0.0246397217399516 0.0103142551628769 0.081964063344688
0.052652001528573 0.0173580620157855 -0.0400875780694073 0.0896256334673057
0.0378595868132035 0.0628376737594852 -0.0713732940158919 0.0872875982029156
0.00494171680256216 0.0808790495743544 -0.0570022466200334 0.119399967398249
0.00332059962369419 0.0856947269179159 -0.0260677956334217 0.0643900676270018
0.0423264295178529 0.0578027238788644 0.0487320624889526 -0.0146103707492716
0.0515112746499245 0.0110772750846509 -0.0245891147633354 -0.0766656565744371
0.0369494864626419 -0.0296910892128456 -0.0992027539875885 -0.0366727329490924
0.0170148143278307 -0.0419842947413697 -0.0869181345932039 0.0534652277384476
-0.00883199459513194 -0.0434486741323953 -0.0256600891314978 0.0794978497555099
-0.029020552802375 -0.0272756070327756 0.0128340291931691 0.0603199251635854
-0.0301510910753628 -0.0252903647132085 0.0332035189864497 0.0383064274839579
-0.0335820063989941 -0.0275199044108277 0.0462367959780427 0.024739352054239
-0.0211110304934877 -0.0538397048876683 0.0584043511612077 0.0266113341624814
0.02057815346292 -0.0607575824742968 0.0571091352806458 0.0441771361140505
0.0562908084965054 -0.0453806265257319 0.0376036668399145 0.0741556074764359
0.0846576047861154 0.0232507922138631 -0.0120866225139577 0.0909788402323865
0.0538825663507935 0.095616489428246 -0.052779333035994 0.0819329869548411
0.00281725397697908 0.118925721178831 -0.0431568731689621 0.0890536736376484
-0.0176539656617985 0.110638525372948 -0.0211783105386624 0.028365060013597
0.0396718910158095 0.101287428946379 0.0538669745663943 -0.0288365742684837
0.0753435812907485 0.0410198043389343 -0.00652501493717655 -0.0885232343444043
0.0697020704210362 -0.0331866478778099 -0.0857013321410982 -0.0582828938509435
0.0332130085146007 -0.0626676545698498 -0.0856134155666469 0.0289492627014444
-0.00782337550232812 -0.0665257674300811 -0.0366072255842006 0.0568408188517127
-0.0394078872114198 -0.0445440073919225 -0.00414097554528895 0.0434497296526237
-0.0417564340187923 -0.0360976774237738 0.0178204783553348 0.026014580682092
-0.0432817873175255 -0.0359676979887761 0.0315146371988829 0.00865674288731538
-0.027776190025931 -0.0661651752630606 0.0512911882307429 0.00257602667436287
0.019135634077669 -0.0778958443459012 0.064425178477899 0.0156322368725229
0.0640856611744564 -0.0651625673457383 0.0616795312195582 0.0556870254336804
0.104986848576744 0.0173655953928815 0.0164229771167834 0.084281191231036
0.0672195586654467 0.108057947739622 -0.0378351139319378 0.0716216065759303
0.00384053076783226 0.13737308670722 -0.0319716316903131 0.0499049632989162
-0.0375000644900747 0.116614596124373 -0.006199887545076 -0.0189603506268678
0.0233029234464074 0.127191824987164 0.0610990866526486 -0.049071004550222
0.080052377052474 0.0698722456938317 0.0155391113070489 -0.0959298489650291
0.0907990545941631 -0.023940937819578 -0.0596561647820959 -0.0760050951058697
0.0472856528140963 -0.0701390293523234 -0.0734991338808264 -0.00311996553159894
-0.00285843181386917 -0.0780671085513195 -0.0439109632884118 0.0249196685002332
-0.0429099930873828 -0.0546467818191472 -0.0216882383358518 0.0201043959809765
-0.0466873996117191 -0.041979868762323 0.000111953681729369 0.00975098984481289
-0.0471327842877866 -0.038830478225437 0.0135762040248377 -0.00872345459074645
-0.031538274707992 -0.0689051864264568 0.0381603008527699 -0.0198095723724394
0.0157255681639237 -0.0829771437218169 0.063721149178255 -0.0126989721196521
0.0623807219675727 -0.0727694579239755 0.0762031218101563 0.033402258404427
0.107787948400635 0.0123477308853496 0.0354956108642317 0.0704056559518053
0.0674295625696769 0.104596641868157 -0.0290591126301435 0.0581071519400309
0.00122060685237328 0.13521205059991 -0.0228392059066881 0.00827493241709761
-0.0484250421015271 0.0999902158529131 0.0170589603344639 -0.0673819531896322
0.000271983612559918 0.124228359320396 0.068891817696087 -0.0698610837788171
0.0635465085381595 0.0824343870527694 0.0388521580412474 -0.0954777417043036
0.0901470154787642 -0.00808091437285516 -0.0270824500411988 -0.0846877061061039
0.0516996435853537 -0.0621472904070262 -0.0527658790786708 -0.0336812481512829
0.00192613858874851 -0.0741964090366039 -0.0477263791141717 -0.00922557220195078
-0.0384703935437074 -0.0554096169126164 -0.037316614564203 -0.00480079013143293
-0.0445678144368872 -0.0415129127848958 -0.0170525624712317 -0.00728148451245185
-0.0439960101050999 -0.0371617898252818 -0.0036274936966111 -0.0257750488715941
-0.028935225246567 -0.0631096082631366 0.0242044531508534 -0.0388412631580028
0.0137739764475658 -0.0762116204753626 0.0579787461920564 -0.035303805235991
0.0582607731595342 -0.0656191771540825 0.0813304601965428 0.0155859829778216
0.0948718981735998 0.0148529468633473 0.0451445803851452 0.056441344884615
0.0516148375417486 0.0941690236389039 -0.0246170340036296 0.0454166320198321
-0.00737543277165361 0.114114852805887 -0.016290889549169 -0.0274874317645471
-0.046368659697995 0.0645717614325524 0.0393186820997515 -0.106688893710681
-0.017575238473667 0.0913581044829003 0.0748320392875707 -0.0842436336262942
0.0354814059451084 0.0704886272746922 0.0546900250612222 -0.0904442047608337
0.0671001793323322 0.00407044842574869 -3.35074432545638E-05 -0.0848917025988676
0.0423320348172127 -0.0431648612867262 -0.0329693531219799 -0.0567387654493121
0.00505790923013217 -0.0555427851496245 -0.0493029955610263 -0.0382172496920339
-0.027867991083754 -0.0447821663614476 -0.0497901658363257 -0.0255027081206704
-0.0352173339323029 -0.0352822054580314 -0.0325883275407234 -0.0222118091716273
-0.0348925083021643 -0.0321517987988714 -0.0177935494286744 -0.0402640073946306
-0.0212345832362119 -0.0515379535250406 0.0123856721922957 -0.0549153439758153
0.013390330940581 -0.0607810372518083 0.0541489288614917 -0.0518760880711583
0.0517747077327877 -0.0477595117309755 0.082773124994518 0.00379268372551402
0.0723911552575178 0.0225288325519313 0.0485531416288617 0.0464459601218826
0.0260401979836497 0.0767652258538628 -0.0223340365324122 0.0338366454142605
-0.0192998203271631 0.0794970345920451 -0.0068388873840108 -0.0545026278291021
-0.0343795622211235 0.0177546494934842 0.0542033711428031 -0.13159523967471
-0.0261440148421931 0.0408169310591761 0.0741482234554481 -0.0913478324045039
0.00707407113606141 0.0409280396553199 0.0620609883013356 -0.0862151946430872
0.0322637722830561 0.0092189969759358 0.0134031700474954 -0.0829692228129583
0.0236242387004559 -0.0186831918923161 -0.0228717009378898 -0.0689765668945354
0.00617333121211923 -0.0278351950939241 -0.0515956412359895 -0.0541084028007004
-0.0131855959640588 -0.0266955562090802 -0.0573472571686636 -0.0387655631078157
-0.0195645833410068 -0.0231362865070946 -0.0418911536490648 -0.0329860615047123
-0.0199777621127164 -0.0228711165175949 -0.0264376695674523 -0.0507182357944235
-0.0108705748930184 -0.0348899948670256 0.00618705527446388 -0.0678378132674212
0.0125531391759403 -0.0403664576233959 0.054564672601047 -0.062166375267925
0.0414124476826908 -0.0253700626517544 0.084673170989738 -0.00162188350050789
0.0433385263539656 0.0291218603809069 0.0483041843778821 0.0428550835201211
-0.00135832285134764 0.052244731503485 -0.0192634876909477 0.0263498335797219
-0.0299796365479849 0.0361338870599193 0.00529400605368436 -0.0696349545386283
0.0247979949864313 0.00711469485632588 -0.0103575378092304 0.0889579918478976
0.0119542863335962 -0.0238313699530298 0.0470163917645891 -0.0102773798653395
-0.0123068955614576 -0.0188256550806801 -0.0377338492536992 -0.0588656361770345
-0.0184761580664649 0.00558836169894107 -0.0967034615504173 -0.00964582575903908
-0.00382794187644902 0.0123719390800902 -0.0738327160451587 0.0684536061473102
0.00193370698233428 0.00899027952966626 -0.00789883822619629 0.0888283468397877
0.00503549872604568 0.0100573882838405 0.0317428888165869 0.0681633979806056
0.00257730341507883 0.005236531352141 0.0473905887407673 0.0459759590440264
-0.00394868525094309 0.00587780029700624 0.0593690705523055 0.0417790568240257
-0.0095281459295139 -0.000642221706857903 0.0550277565526578 0.0545385952046594
-0.00443572089562967 -0.00684431637047985 0.0292959781201446 0.0743029160187181
0.000904573630680759 -0.0129763992166282 -0.0118824550910078 0.0805444191070579
0.0205955424875524 -0.00740256607683905 -0.0607849518501976 0.0826385652667286
0.0305480145078763 0.011905745427308 -0.0875537042519122 0.0855429872591493
0.015351999418011 0.0302731456566466 -0.0679421716210658 0.131586257790955
0.0177514624308058 0.048675635224375 -0.0218774327229366 0.084207362800363
0.0314425313039678 0.013332849534237 0.0468951676701219 -0.00833329688044237
0.0188940263449367 -0.00995793533141355 -0.0324471685021333 -0.0650138004623744
0.00518557815094465 -0.014597965929736 -0.0997398808912622 -0.0204460844628424
0.00392012753890899 -0.0141972134438182 -0.0811105419603915 0.0644188399887217
-0.00550129143974018 -0.0162901900241905 -0.0158109722354785 0.0883922757328192
-0.0127934266237573 -0.00789827646184111 0.0252829510839544 0.0679003554423085
-0.0147169043283617 -0.0105942503936379 0.0435940767162477 0.0454801991885121
-0.0193883442008369 -0.0134237042829159 0.055722973614818 0.0365499209349251
-0.0131719737064726 -0.0308382689767253 0.0582991321663268 0.0451349116306206
0.0133977916079184 -0.0348620209128067 0.041785785040578 0.0651649966545364
0.0343519930573675 -0.0237438167394827 0.00797309966809718 0.0813079276364478
0.0517849465454302 0.0173417567183757 -0.0426657831166091 0.0878570924558787
0.0368179619317183 0.0620954559915549 -0.0714761213671798 0.0839470426874315
0.00246922240631674 0.0801805604920097 -0.0576425598919231 0.116186095212218
0.00170243596094832 0.0848956877710539 -0.026687744038723 0.0634081489961006
0.0413160920921067 0.0571469870638616 0.0499272302687321 -0.0142005891415112
0.0506813894584411 0.0114707160410976 -0.0220056932580223 -0.076054799951109
0.0362619097304321 -0.0284415756452335 -0.0969754947951557 -0.0383464552026053
0.0169943699554582 -0.0411477288375061 -0.0865333934244459 0.0510165700020041
-0.00857398759291722 -0.042970769623773 -0.0263375383827001 0.0775513323374097
-0.0278686940335332 -0.0271525818539979 0.0122801723034984 0.0595749249634947
-0.0295538905781906 -0.0250119346319557 0.0326610843984472 0.038314581886028
-0.032598579043815 -0.0278282206181005 0.0459883658881682 0.0248419379829161
-0.0202398481633115 -0.0533992773046859 0.0578889285891933 0.0258409803627497
0.0205748603599607 -0.0605178715374606 0.0558953542644296 0.0451686897969136
0.0558195112693475 -0.0436925848623605 0.0357919235231031 0.073644576678981
0.0830356246256721 0.0237234760954583 -0.0146187217570752 0.0901888455772693
0.0516613668405611 0.0952580367542293 -0.0539992795571655 0.0795849597884455
-0.000346896656846714 0.116937182179078 -0.0438054707819899 0.0870107696649197
-0.0200217556058497 0.109514269873196 -0.0207108282233034 0.0273047947648653
0.0381071857948102 0.100350875476319 0.0551178024503996 -0.0274222273971826
0.0735344448809038 0.0418722148744369 -0.00400235454743357 -0.0872585499944076
0.0687611064181841 -0.0318620326488615 -0.0831484558389347 -0.0593110258429933
0.033480163965894 -0.0616603781043932 -0.0847786033200797 0.0267022487568988
-0.00765994210031165 -0.0655816273463887 -0.0371328256160275 0.0553925800985864
-0.038041254503676 -0.044420411310725 -0.00453231062827458 0.0429180878242292
-0.0409388790921755 -0.0361690881527126 0.017481110810545 0.0256381775899557
-0.0421524413029547 -0.0358543425658697 0.0311322556363966 0.00885409912275774
-0.0274998559126057 -0.0656030841666515 0.0508690307390559 0.00278950393274776
0.0188255666568785 -0.0769275716633673 0.0637051862185921 0.0165012376013222
0.063286873492963 -0.0636107443372333 0.0604444523400083 0.0559208178873538
0.103573645471549 0.0182776782533548 0.0133653154188343 0.0832880198641676
0.0652190715769509 0.10739922286526 -0.0391895753322007 0.0695886403001951
0.000638495100389598 0.135016975333946 -0.0318703369851506 0.0491991771275417
-0.0395782610896727 0.114488108364323 -0.00531494593238859 -0.01901661619742
0.0212842935867378 0.125625549040348 0.0622082985166669 -0.0470678694347727
0.0783355431780694 0.0704998940647339 0.0187242460973087 -0.0943070657338381
0.0898155853749521 -0.0221363067920287 -0.057028208821362 -0.0762023794583964
0.0471783254249407 -0.0684803964746334 -0.0716986554371789 -0.00511638882516545
-0.00231356404669379 -0.0769158647004823 -0.0445876993099796 0.0237609557398029
-0.0412474744796733 -0.0543141168873964 -0.0219888765939584 0.0200408085800433
-0.0457006871144557 -0.0418559908227929 0.000168809555859075 0.00894469762978559
-0.045620775100802 -0.0383733444569972 0.0134809170601725 -0.00856481702568771
-0.030300149744011 -0.0673874715546501 0.0389697616816318 -0.0196702621863886
0.0159490262033417 -0.0816883695213089 0.0629003259822494 -0.0115091678490946
0.0618217207673991 -0.0708596611410657 0.0747433753477124 0.0336093258216976
0.105833369385329 0.0133185438106544 0.0331498411908088 0.0695284312182636
0.0651215613632688 0.104356741646905 -0.0300243626150787 0.057023045060759
-0.0016885686397232 0.132205256851441 -0.0235398168791373 0.00898383456757164
-0.0498334056553132 0.0983881726625194 0.018055855131907 -0.0661604525407045
-0.0010276709338487 0.122385942282387 0.0701788002801084 -0.0669168805942369
0.0621266495186759 0.0826454178286379 0.040625752710772 -0.09384193694083
0.089061390248953 -0.00619740483719408 -0.024750790838323 -0.0846405864337101
0.0513329767787455 -0.0604259422013884 -0.0511774674671117 -0.0356357122142562
0.00299860478915928 -0.0725558485380472 -0.0480297756800407 -0.0108607528985322
-0.0374047893163682 -0.0541282505912773 -0.0378217763390992 -0.00434062210788013
-0.0434844668646757 -0.0412752793264838 -0.0169746925317011 -0.00747576993484395
-0.0425356416231025 -0.0368617434416998 -0.00305613225738547 -0.0250216449627746
-0.0275311633293905 -0.0620051401039538 0.0250122169942874 -0.0386601693742459
0.0141716116364281 -0.0752774646480012 0.0582319037302836 -0.0344248506333615
0.0574662188610513 -0.0637851306760952 0.0800157834118695 0.0159690184660961
0.0938827438118657 0.0164129509891805 0.042658229728283 0.0562466573152028
0.0492691290918806 0.0936403940533239 -0.0255168779673927 0.0442719861741577
-0.00930052323810828 0.11185333412386 -0.01580567972534 -0.0269182493498712
-0.0475357024514192 0.0632026403237124 0.0414101856434481 -0.104966301279355
-0.018404680409619 0.0900074314379195 0.076555724946486 -0.0816561275583547
0.0343499346107864 0.0702951282193238 0.0570695812989698 -0.0883024589981856
0.0661878233580844 0.00450051120715759 0.00226956180124221 -0.0843481685009607
0.0418877893845265 -0.0418548187121495 -0.0310292072112548 -0.0575440388961071
0.00595207748290307 -0.0541926280115126 -0.0490768329382472 -0.0381920215959776
-0.0268575714185668 -0.0440383914205142 -0.0496297173930299 -0.0251037388129964
-0.0340035183298252 -0.0347831566467922 -0.0312542458547857 -0.0221837181998576
-0.0337571373015106 -0.0317852499504768 -0.0172164674183309 -0.0394725423318139
-0.0200011718297626 -0.050670534274416 0.0134311597250034 -0.0543903665247645
0.013951743839076 -0.0597499212790591 0.0546629929439075 -0.0500647538481209
0.0510648011987596 -0.0459076708115962 0.0816584206950896 0.00414202528389954
0.0709638103691655 0.0235174306976706 0.0465534163508287 0.047166893334689
0.0244412625040342 0.0759889278295796 -0.0226799310773253 0.0335904156507116
-0.0206485673742899 0.078035779467138 -0.00620198723361658 -0.0527129533609053
-0.0343976919474282 0.0167911094371243 0.0564037665149329 -0.1286000525865
-0.0260438072024349 0.0400680785682464 0.0751957332461048 -0.0885555587918792
0.00702428049311038 0.0400691047647348 0.0630994555716954 -0.0835837325651461
0.0317318411440434 0.0096122083081713 0.0159484385680394 -0.081865562396784
0.0234230459340406 -0.0183702165281557 -0.0212095473867403 -0.0691084659818365
0.00690616800734158 -0.0276048818762154 -0.0514924058497343 -0.0535944814747628
-0.0125659749381026 -0.0260879968701998 -0.0567813881836026 -0.0378587133731711
-0.01952218831349 -0.0227462383389059 -0.0404387668881117 -0.0330037232458146
-0.0195508958177569 -0.0226147927019112 -0.0252057322101691 -0.05064115154895
-0.0106533127159415 -0.0342311366309066 0.00714368335118676 -0.0662728445808694
0.0122810273740973 -0.0390774226709948 0.0547706673123365 -0.0605048604123135
0.0406771511255694 -0.0243274694732381 0.0837383971690458 -0.000198606721876459
0.0424679467219993 0.029497013065159 0.0465151155118659 0.0431517231315834
-0.00232721024762562 0.0514137219368958 -0.0201990035995833 0.0261200288959669
-0.0304432785561106 0.0349842135241132 0.00559204956383252 -0.067658027259784
0.025273141626951 0.0079527818561969 -0.0115025455751774 0.0903803193490338
0.0120149439179184 -0.023995910933055 0.0482424074712417 -0.0102164893827055
-0.0126652781184775 -0.0193433893870968 -0.0364594604411408 -0.0605833257795533
-0.0190195388158776 0.00564904835346803 -0.0975112675509665 -0.011731752740707
-0.00418632949526741 0.0119422403077057 -0.0765965259569461 0.0684091408870072
0.00138886464271522 0.00911086675906965 -0.00953848876335795 0.0888503944427473
0.00429718282421769 0.0100891149266744 0.0310797429589753 0.0683708856347179
0.00193428868389667 0.005412149619235 0.0474786411617487 0.0471901023903227
-0.00406605402727147 0.00630011873526989 0.0596709827291997 0.0422930837505351
-0.00991332635552638 -0.000654809405688032 0.0549848499984623 0.0560496052685185
-0.00416540301350076 -0.00720345106656259 0.0281243582996195 0.0756500822537287
0.00112326154570416 -0.0123815096949988 -0.0138648858518282 0.080636286771238
0.0210612727971815 -0.00735201321179127 -0.0646310438371679 0.0821208944014615
0.0305742899291779 0.0117219864641096 -0.0906810028533562 0.0834310563405311
0.0139289926121034 0.0307524436098053 -0.0712299732391089 0.130751767749012
0.0169770132958743 0.0490887539164781 -0.0237145282048596 0.0845541022788937
0.0314231635417338 0.0133343335034666 0.0486304802947766 -0.00824379313346705
0.0187473608672891 -0.00966616278710899 -0.0308124914148337 -0.0668795135354741
0.005264017793097 -0.0139204901294165 -0.100475793823759 -0.0231416556176747
0.00391627736475308 -0.0145565856099378 -0.083839515900567 0.0634935256600237
-0.00518030108090001 -0.0163910637645751 -0.0173677284271242 0.0886043766278184
-0.0126662873381905 -0.00824998364972016 0.0245452027837251 0.0689035599774577
-0.0150051507861461 -0.0108187544799528 0.0439095682081303 0.046615840107341
-0.0191533281827735 -0.013910951569674 0.056608015257997 0.0369845238919179
-0.0132280344048317 -0.0312438068555322 0.0588319151109641 0.0460602311354286
0.0137562701751459 -0.0355123071245909 0.0417861175264229 0.0668707345844629
0.0345357856218699 -0.0228741323293988 0.00590213300750142 0.0820223528384343
0.0523698082181797 0.0180774885026119 -0.0459977612756069 0.087734402917451
0.0357649067979854 0.0630900298035056 -0.074375959507958 0.0829373864560132
0.000350687374501208 0.080489829186133 -0.0606935916941161 0.115656237483435
-0.000439733276347673 0.0859223747587584 -0.0277401066402556 0.0632310527652833
0.0405225323870731 0.058136151116813 0.0514644852844921 -0.0133577047006903
0.050242642929491 0.0122618899907667 -0.0193877967200068 -0.0773035248997368
0.0362174627120698 -0.0278195839333302 -0.0975342186197325 -0.040873508254869
0.017559624168077 -0.0412716878995145 -0.0881878650624454 0.0492163783404978
-0.00857782497647858 -0.0435813886233809 -0.0283392384563649 0.0769480925076787
-0.0277218969634482 -0.0274060615506252 0.0115179436051498 0.0598075613196973
-0.0298102723093952 -0.0257244364730591 0.0324118173923061 0.0386284296039511
-0.0325740271760827 -0.0281396698138837 0.0466859743455746 0.0253139680560986
-0.0201902045055322 -0.0540475345698854 0.0586847820132239 0.0265955692330404
0.020733127429184 -0.0606827614804011 0.0563613842294793 0.0466868265495221
0.0561156723553587 -0.0433624359733488 0.0347394765556034 0.0746479006413728
0.0835639425525038 0.0251873251350847 -0.0179386155982136 0.0902734774111086
0.0507894445615635 0.0973191730074722 -0.0560359089773578 0.0784840527252188
-0.00368201415704889 0.117042262046499 -0.0460803385941178 0.0868406881813612
-0.0230200528529083 0.109915388043555 -0.0215469816875699 0.027246564139789
0.0367768985024473 0.10108368317288 0.0570571705735509 -0.0271897787913922
0.0729640379522731 0.0436588289354827 -0.00103174654843606 -0.0881599797379473
0.0693527208542303 -0.0301199247719674 -0.0828048530728286 -0.0616624968394578
0.0342588897497157 -0.0614528239854058 -0.0853597576802433 0.0245299893573582
-0.00702887973356328 -0.0662336310927369 -0.038712326468404 0.0544111227179449
-0.0377827497710438 -0.0442432846106105 -0.00543836334422011 0.0434644719218862
-0.0406300497693335 -0.0367096168698477 0.0173945669779887 0.0259052130465802
-0.0416672434760632 -0.0367069362893703 0.0315434630953994 0.00940502167556382
-0.0267442660179104 -0.0664963147360562 0.0516073648479983 0.00284883917435307
0.0195543452343296 -0.0778178077174034 0.0643309291954585 0.0181791059049289
0.064121577869203 -0.0623980560433574 0.0602160593282972 0.0568871178087339
0.103852273992656 0.0203583996286728 0.0109084183897696 0.084557147931498
0.06369671859868 0.109914752458406 -0.0408013447711446 0.0688068874277242
-0.00393494996900674 0.135356777114491 -0.0332676948548631 0.0497237488625778
-0.0432343616684247 0.114983494470577 -0.00465893175971257 -0.0194028297473839
0.0201873789339788 0.127111945516239 0.0649996960827379 -0.0469773334245238
0.0774955103462711 0.0730690737422963 0.0219978845122642 -0.0946154037006349
0.0906286221131009 -0.0207374110865892 -0.0551435586351085 -0.0786995958079347
0.0489753072277226 -0.0678732863090721 -0.072248765689518 -0.00770423120691325
-0.00180033344597268 -0.0773280199503423 -0.0459816325740667 0.0229469655620599
-0.0408951895022353 -0.0547346201968951 -0.0224689602167527 0.0200452023045995
-0.0456013450665163 -0.0426953761677635 8.99697863398578E-05 0.00928174813560019
-0.0453120932254065 -0.0392766345086277 0.0146654836024702 -0.00832558994559481
-0.0299542785392085 -0.0680852514082172 0.0398430082468784 -0.019713624836273
0.0163912820242146 -0.0823975052599826 0.0640674876203463 -0.0105032458325178
0.0627037191468965 -0.0701532592406457 0.0753780153749259 0.0352818382573324
0.106490413956869 0.015357474667805 0.0312535636344625 0.0707398761172219
0.0640010434862502 0.107076321921621 -0.0319276763990541 0.0564597682244505
-0.00487821212793278 0.132957529437183 -0.0243185000169368 0.00905005927800084
-0.0530334547241843 0.0975959248963083 0.0198618869312215 -0.0664516784987139
-0.00334371436740553 0.123363160205763 0.0728794417446916 -0.0662260671692187
0.0607836743398961 0.0844402650010763 0.0442411042693463 -0.0930572799112721
0.0896664455201028 -0.00487699090223211 -0.0225937920276416 -0.0862544346086155
0.0524817230523989 -0.0601618022221809 -0.0502996556615472 -0.0378546024761387
0.00393736539604922 -0.0734125263343742 -0.0491835500166167 -0.0112018386001216
-0.0367274784888958 -0.0550944062689991 -0.0383401575076038 -0.00405951101187066
-0.0433276338032157 -0.0417613236434742 -0.0173478678688659 -0.0075857309862134
-0.0423495959174771 -0.0378818030066697 -0.00255622641198455 -0.0251705428544904
-0.0270627682855261 -0.0629378834638063 0.025722142577866 -0.0394452271499103
0.0148239574996177 -0.0756929536061506 0.0597795481152232 -0.0336184507067542
0.058276880360192 -0.0631126672602342 0.0811509798121309 0.0172422438479264
0.0940239929505191 0.0177274256314831 0.0414317725181101 0.0579533624172962
0.0482876854871947 0.0949586452259304 -0.0272196284335299 0.0437418518372757
-0.0126848270179593 0.111732700305433 -0.015441152200678 -0.0265885176714417
-0.0495952645935561 0.062769449608568 0.0446736072425468 -0.104746961595413
-0.0199021180983859 0.0896181054583318 0.0795812304673955 -0.0800190574873349
0.0335155061123352 0.0711891400730517 0.0607301475844854 -0.0878569170675193
0.0663155118995365 0.0064919643061396 0.00498660740795718 -0.0848912522018288
0.0432153668445414 -0.0409324143563483 -0.0296082058006648 -0.0597063854679223
0.00693682230364092 -0.0551124339306806 -0.0498780728496677 -0.0391353348814518
-0.0264695279792509 -0.0444779066059423 -0.0498132822646962 -0.0248240792598258
-0.0338085304082969 -0.0346821112549714 -0.0310364469692026 -0.0227666674243613
-0.0331969417846297 -0.0319468629991179 -0.0163836606343867 -0.0399257855625419
-0.0196009299265129 -0.0512567835178418 0.0148407224147737 -0.0548038942153079
0.0144269477722309 -0.0600062838362569 0.055664858455447 -0.0496246624151804
0.0520121310961349 -0.0454098207977481 0.0828288087247873 0.00594346086542953
0.0706602055155423 0.0252463579234396 0.0448236649237802 0.0479890207500937
0.0227260618056785 0.0770165731183752 -0.0235990388564434 0.0332628906915192
-0.0229577240878364 0.0780393759333789 -0.00565876728485573 -0.0524393381556298
-0.0356615066827631 0.0164243278258348 0.0602704929703114 -0.128658383869215
-0.0273595213100952 0.0392577512872043 0.0790844815054104 -0.0871230853939781
0.00636731035808912 0.0403078666024441 0.0664331610033921 -0.0831026507792033
0.0317239701430136 0.010524584928341 0.0192729903637828 -0.0817693807212795
0.0239660152638104 -0.0180475171410751 -0.0197694161883849 -0.0703223127194571
0.00770627308280422 -0.0273717867612226 -0.051294107306237 -0.054787422591282
-0.0122220967333708 -0.0263098806122551 -0.05720654715116 -0.0381897352938801
-0.0193887743908423 -0.0231101188624147 -0.0400337372071143 -0.0333925005275563
-0.0197187878389313 -0.0228458524554291 -0.0244166090347058 -0.0509420064238907
-0.0100161070083245 -0.034692396616216 0.00905652878254658 -0.0666596885235482
0.0129771489288068 -0.0392739353579158 0.0569033855734598 -0.0601697713102569
0.0414047065428064 -0.0235071739952242 0.0845708312533606 0.000976036841363139
0.0422310878981306 0.0305014913449146 0.045084285641435 0.0444712264645593
-0.00336871305036183 0.0521621341158603 -0.0211191431313869 0.0265876540340168
-0.0320233241071073 0.0346758908047262 0.00642968254458357 -0.0672551695775076
0.0264775836190371 -0.00741465366781186 0.0459081617710243 0.0791979300384153
-0.00378030280747536 -0.0267138352754028 0.0335798235724773 -0.0395448594469404
-0.0224842193197607 -0.00885918993737381 -0.0674724649632192 -0.0291000323922117
-0.0126279516460253 0.016028225851511 -0.0887374340576395 0.0502348535225149
0.00407730757437132 0.0126614099898274 -0.0217075474709669 0.102621548537164
0.00684122181846429 0.00657098304272944 0.0464496656647538 0.0786709777753388
0.00999195016578174 0.00455205106687819 0.0678471324888709 0.0363270196970133
0.00480381991687154 0.00276967240937553 0.0676874630449575 0.00913940728911931
0.000814517713662166 0.00709740829991774 0.0749203739162129 -0.00276718976372763
-0.00821540377799155 0.00527321090411039 0.0804523248806169 0.0125308883350262
-0.00759782190609985 -0.00302672041966569 0.069466306986236 0.0453301700459137
-0.00608892295511995 -0.0104277246953418 0.0368189546718269 0.0764673362239889
0.0142196196467424 -0.0184465437152517 -0.00330609809476563 0.108363456666999
0.0329823829039686 -0.00760330669868301 -0.0233091193377961 0.126865660066046
0.0307360631963655 0.0196887616149171 0.0202957284535117 0.153197170309606
0.042597198947838 0.032726581446618 0.0355042213031785 0.0821021905394407
0.0325920783343499 -0.00720955026281201 0.0372620656631964 -0.0380351576740056
0.0092916673335405 -0.0182390742322278 -0.0649878614753009 -0.0389914109484631
-0.00450534654417029 -0.0136256130541739 -0.0982461817880224 0.0409216051361682
-0.00533929293071776 -0.0137014972730235 -0.0308672364036037 0.102439405440545
-0.0139006893048082 -0.0102691213073964 0.0391151419208153 0.0824720396689685
-0.0151242396441875 0.000443875969357936 0.0617910621058369 0.0412768372422156
-0.0190723378555297 -0.000200397606142205 0.0637504617769982 0.0111610932931563
-0.0239579696562442 0.000215267635550529 0.069566327724793 -0.0052253537204431
-0.0300348441856775 -0.0179053052297121 0.0777356178224422 0.00166858396285189
-0.0101645110461724 -0.0381539256159009 0.0764562896208363 0.0301304112934471
0.0159984378639242 -0.0398807833719196 0.0540574859749586 0.0650173333171838
0.0574343383625302 -0.0163709867196653 0.0154444422234129 0.101397160773727
0.0699490557528489 0.0325595137152021 -0.0113795222222398 0.116797346616192
0.0504101509455437 0.070982285461007 0.0188576278631515 0.132625264594278
0.0477995534973774 0.0738026815234741 0.0216330321345519 0.0676009445822072
0.0658787153098905 0.0239509855610889 0.0379377775762213 -0.0430143724114197
0.0478710560146852 -0.0183999885088442 -0.0599414181222044 -0.0553294190858621
0.0134572571981103 -0.0421338596355349 -0.105506370521161 0.0224047122876465
-0.00940758843603883 -0.0433777140512539 -0.0438713875560743 0.0930955604639335
-0.032234647623463 -0.030554430151124 0.0231187609354153 0.0794130905445013
-0.0386190748812488 -0.00601933926519077 0.0457129717260971 0.0428743117551056
-0.0403293351686558 -0.00283461171034039 0.0506535136150104 0.0113172885625395
-0.044046256539582 -0.00342373926828501 0.0549272128076634 -0.00906173000345854
-0.0500889279639232 -0.032258201804232 0.065547459453749 -0.01466740255466
-0.0199207007375513 -0.063846073530791 0.0747983854390623 0.0039027174318993
0.0219935660188435 -0.0707745882289692 0.0735946090425006 0.0410652194900564
0.0890540570530637 -0.0302189147407838 0.0396216378819343 0.0862400337893101
0.105036100784213 0.0512813617676396 -0.000499865682451081 0.102641189121942
0.0696573642406243 0.104776841617865 0.0115269913103374 0.0990002692697271
0.0418491366648653 0.106922868042839 0.00635441789505355 0.0355786278317823
0.087129557350199 0.0610496836610848 0.0359955504650265 -0.0562307181982422
0.0851121176930694 -0.00598075006244245 -0.0490154110408507 -0.0758529175481604
0.0389109261768203 -0.0630917268010765 -0.105971754200594 -0.0053825544081822
-0.00729506664937719 -0.0696211846861933 -0.0571496708321565 0.0697449589168352
-0.0443123417049291 -0.0499219158919566 0.000153247714456964 0.0667174315587924
-0.0568220529139199 -0.0135287718112954 0.0212510512907561 0.0393243248387318
-0.0564257796393751 -0.00519085351364912 0.0308872503402589 0.0102852910817062
-0.0568057460788739 -0.00507453720640941 0.0328860272906504 -0.0132735974804917
-0.0630868839578177 -0.0385196892531247 0.045132165407879 -0.0308135457586766
-0.0319980284979657 -0.0777970136345715 0.0641106755430587 -0.0240156817580605
0.0165725523053995 -0.0923608620247308 0.0840967024245472 0.0107985855797832
0.103561077115271 -0.0479294751195871 0.058941781757253 0.0638930211773519
0.124233911237614 0.0535647424779379 0.00604334824816453 0.0857220311526509
0.0820929246670266 0.119721994848049 -0.00262288364809476 0.0590410068717551
0.0278696920025422 0.122316917868731 -0.00683366092329166 -0.0116867969772092
0.0878401489986251 0.0917423123649453 0.0302118002183622 -0.0752502692744785
0.10554773918984 0.0160330196489137 -0.0326505758166515 -0.0939337202094201
0.0617944714903794 -0.0672328585007098 -0.0918440124097331 -0.0365958699280232
0.000664038670488621 -0.0838213287047541 -0.0652227706786904 0.0346534961864095
-0.0468832784998055 -0.0624660057049076 -0.0251881605584505 0.0449794989912546
-0.0650552091785513 -0.0198095817614862 -0.00762701791650805 0.0312062101836567
-0.0636207268217005 -0.00672989076172281 0.00596508832239735 0.00750647924118039
-0.0615166031598527 -0.00499542812822689 0.00829805437690624 -0.0171660152992413
-0.0670052017963876 -0.0384873090879104 0.021247530007464 -0.0415574373437474
-0.0375240392422698 -0.079543579871396 0.0459848850437894 -0.0473305813672916
0.0105605131977171 -0.0976874849503881 0.0835705903213861 -0.0165615043210665
0.102832745695796 -0.0542137075972759 0.0676351711793625 0.0402474671717428
0.122285718157763 0.0506627063483919 0.00565411299082442 0.0697700406727321
0.0786533106159862 0.117518084057221 -0.0190158481432269 0.0197907103898473
0.00940240067012442 0.112976422829195 -0.0154905384237805 -0.0643201387196973
0.0666693683155693 0.101406323594903 0.0251168537573926 -0.0953139251939872
0.0984328499848575 0.0342734665437349 -0.0126752012805269 -0.105034954869491
0.069512647700878 -0.0543903064936847 -0.0681903240609664 -0.0627025375399537
0.00845248374089109 -0.0796637406414022 -0.0653072917239284 -0.00335623619151389
-0.0398979556148321 -0.0622853677010165 -0.0488749509883149 0.0188338416811801
-0.0619412009893264 -0.0221046687906823 -0.0356937256555922 0.0209187085100042
-0.0613803583342525 -0.0073159936318002 -0.0184010255538561 0.00374509686043148
-0.0580300417433958 -0.00534384002408118 -0.0163843930569619 -0.0199710482403186
-0.0609954874358771 -0.0360397968228564 -0.00200581301098926 -0.0490948904069078
-0.0348302022879457 -0.072985095990894 0.0281872920049447 -0.063326048843812
0.0111023730902994 -0.0887704325671598 0.0774087930185219 -0.0355746894848189
0.0932402279924064 -0.0439231312781243 0.0676345260606411 0.0226727257877803
0.10096805958377 0.0512364593084316 0.0017552705400464 0.0560015003091217
0.0595268119762976 0.103540306244041 -0.0335542880171711 -0.0147643851026484
-0.0076196916981298 0.0806803445168363 -0.0214342356266912 -0.110600843394492
0.0336945979090309 0.0839463061929358 0.0195965841027913 -0.110476973354163
0.0685714417705327 0.0385373138384148 0.00283987443414459 -0.108749310920971
0.0570755034106723 -0.0325041508996648 -0.0441353800414279 -0.0772791369241997
0.0105544019425782 -0.0584503827260321 -0.0605749244172376 -0.0335034847220835
-0.0269764422268782 -0.0489112446061169 -0.0656261859030533 -0.00301503938020318
-0.0476906674873571 -0.0196044039863628 -0.0579691938396179 0.0111410997063134
-0.049322955539002 -0.00743140320446872 -0.0393182964608729 0.000499005748577432
-0.0476109430760228 -0.00704813720391864 -0.0366131493962051 -0.0234127876764658
-0.047720205382195 -0.0305807592684516 -0.0205782573566529 -0.0549382560657702
-0.0251892340772119 -0.0594350558992069 0.0157234954122193 -0.0743990604551181
0.0163817605668525 -0.0699713837344981 0.07149419933333 -0.0460513778732403
0.0782080179656309 -0.0237314895325066 0.0650659325539225 0.0123368480075468
0.0687104788716045 0.0515603872693167 -0.00157217377077099 0.0436909145404154
0.0290873059725324 0.0808280887953442 -0.0402208951604179 -0.0421474452984786
-0.0214864022328675 0.0330420318481749 -0.0265367969567574 -0.140118958099705
-0.000544010662199233 0.0469944477332 0.0132777342761847 -0.117276705570591
0.0284051780026277 0.0287550263685536 0.00796146775286382 -0.10910761684011
0.0312604612813792 -0.0103007566720078 -0.0315091851716292 -0.0817424915583178
0.00909266828216834 -0.0279825160870743 -0.0594844896451093 -0.0482061017896616
-0.0104749700644552 -0.0263371009125484 -0.0762462768341679 -0.0138516244518159
-0.0259261276910457 -0.013948837028096 -0.0711517399978272 0.00511422799670324
-0.0297441419286897 -0.00663452190747147 -0.053445520190575 -0.00250849591769626
-0.0307868564449681 -0.00730584601985001 -0.0512542704594589 -0.0274390021721062
-0.030120206938778 -0.0224916470805544 -0.0329030598952109 -0.0608171575105082
-0.0130446219198428 -0.040849659592264 0.00926228972834761 -0.0837129072818409
0.0206800085607417 -0.0452539043776761 0.0703159079901517 -0.0509465751829888
0.0565769836677589 -0.000686525875649384 0.0640330614174933 0.00887326693527359
0.0294524264232811 0.0469711304421218 -0.00221355515897079 0.0362594314658309
-0.00515090283817993 0.0492277621433347 -0.0371619155783226 -0.0613047829871663
0.0278144124573425 -0.00890155494117732 0.0498411518043329 0.0808916939094048
-0.00470456006082184 -0.0276318274366186 0.0351019928869468 -0.043343844225836
-0.023518479906383 -0.00829845270428673 -0.0703018471085609 -0.0295602877707611
-0.0124554745065279 0.0172022376250323 -0.0905801185546226 0.0537168485978479
0.00451914545419152 0.0132631230803012 -0.0204243210017982 0.107725825247714
0.0071447950315982 0.00651644012554145 0.049511089803692 0.0800411115381938
0.0103243944573878 0.00420503807291835 0.0702576768255181 0.0353532540169968
0.00481841123100733 0.00297269738570691 0.0701767728754054 0.00768765872304261
0.00097688128049902 0.00731006664723681 0.0772974127339905 -0.00570018432863185
-0.00812712726278892 0.00564550410815316 0.0842607591501316 0.0100085506908069
-0.00779310753822513 -0.00329155840633089 0.0741746437309291 0.0452571127578801
-0.0061574572144451 -0.0107570499616126 0.0387220617329144 0.0794532043457739
0.0141448154097559 -0.019748349706947 -0.00215590205322258 0.113472298285467
0.0332897833600475 -0.00857072841259253 -0.0223130011972485 0.132052095137891
0.0322291968773629 0.0208043322257375 0.0229679046206039 0.158192027196664
0.0446689000297797 0.0334938812299737 0.039457394177341 0.0840415169773631
0.0335409948249359 -0.00848765326560851 0.0378929627206796 -0.0413990817596437
0.00905659905883151 -0.0193846439582 -0.0677129411388042 -0.039513737880391
-0.00479550797664256 -0.0132224727713139 -0.101212888645214 0.0448071224440497
-0.00576942907488073 -0.0140668009558471 -0.0300783827667751 0.107531840759709
-0.014719100187574 -0.0102373161550982 0.0419636849164661 0.0844683885114764
-0.0149336595336729 0.00081777503890768 0.0654019867659965 0.0410188229214322
-0.0200940906572108 0.000482927727242213 0.0666903723049884 0.00910611852449947
-0.024486924992788 0.000907869571451228 0.0720076954363044 -0.00811422959273075
-0.0316469707776292 -0.0174684426925358 0.0810082270000953 -0.000849823528565815
-0.0113390213659575 -0.0394965697163506 0.0801671215275722 0.0294571788975198
0.0155234710957241 -0.0408959381407918 0.0569091454549017 0.0667059184828156
0.0591475199478514 -0.0181352237767213 0.0170244192465237 0.10596200387906
0.0726194187967536 0.0320637863178851 -0.010776429318192 0.121273219944616
0.0522950814240057 0.0735342568774795 0.0213301652970099 0.13680638934579
0.0513602789448087 0.0760946059371581 0.0240982071355231 0.0694881430512801
0.0683091828819655 0.0228227000299326 0.038767055404873 -0.0467676265556975
0.0494602338979659 -0.0199031710067362 -0.0626430407740215 -0.0571147309046103
0.0130401790332628 -0.0437776180754175 -0.10931374695034 0.0255712722171842
-0.0108565509453442 -0.0449503737905729 -0.0440246208029374 0.0973115884238556
-0.0341436002963446 -0.0307756205123022 0.0251348310227975 0.0818474165128573
-0.0394820586301332 -0.00503162330915852 0.0485566668124158 0.0433465714836974
-0.0422409572056318 -0.00223582283533165 0.0527928515823402 0.0107063274461594
-0.0455194384345576 -0.00251541641955798 0.0566152238005222 -0.0115956786847277
-0.0524968336376955 -0.0323397331258153 0.067582248639174 -0.0172914670466794
-0.0229578139099343 -0.0660560645714235 0.0786832993310331 0.00257306158856947
0.0210028166230655 -0.0730073627005103 0.0771088929726505 0.0405335067193281
0.0916039094981455 -0.033595395482214 0.0421827462481532 0.0896098930945973
0.108858369487615 0.0505920682359963 0.001304730839775 0.106714726897858
0.0732890198688419 0.108192005252797 0.013774698587085 0.101766443380552
0.0455313390381415 0.110938341287015 0.00743219817203618 0.036855398168539
0.0911916501382233 0.0616213732698364 0.0364726951030975 -0.0599050133391551
0.0884801131707387 -0.00752499045387548 -0.0515681762763744 -0.0786204406884597
0.0390316118020498 -0.0659282399026721 -0.109148068496672 -0.00352592616810492
-0.00939718643694423 -0.0723163888004918 -0.0583181974457608 0.0729824400758374
-0.0476597079913409 -0.0501957115648912 0.00117358060561582 0.0694518665363715
-0.0584387417824158 -0.0121174605592239 0.0236973719734261 0.040614062043205
-0.0578741015197598 -0.00345425717588887 0.032040884044845 0.00959164274309715
-0.0583645164548494 -0.00312329855673419 0.0346086950514607 -0.0150333824752999
-0.0666358154579645 -0.0378909870060864 0.0463775826213887 -0.0332030956361325
-0.0355797898472275 -0.0799255516412771 0.0668840567223834 -0.0266820281676467
0.0148107730475424 -0.0953495351241671 0.0878245314260013 0.00892644317646997
0.106371704131825 -0.0519792673315112 0.061760742918781 0.0658229010535909
0.129932854586649 0.0526587763183318 0.00693401227283857 0.0890375856474845
0.0867361818140139 0.122959056832211 -0.000854909020222878 0.0613487432884872
0.0306359326727364 0.126886150990412 -0.00745206107104758 -0.0122454538522326
0.092455520227511 0.0931877586697856 0.0302678128355128 -0.0794962177300084
0.109646040839649 0.014490108706328 -0.0340997622019681 -0.0973280725004904
0.0625848962834525 -0.0712031844557017 -0.0964379682492928 -0.0366394795607431
-0.00162556884324587 -0.0871564400539703 -0.0670264799754852 0.0365898266356607
-0.050680693217859 -0.0634280950964105 -0.0260280695050001 0.0475832895930119
-0.0672817677148296 -0.0184098012306208 -0.0065664355737955 0.0337528087889919
-0.0660538593961141 -0.005333970979793 0.00647676030797541 0.00764597904449871
-0.0635437848489762 -0.00314764152148801 0.00812552976281458 -0.0181263236770754
-0.0701861514466918 -0.0378474357151907 0.0207151291890112 -0.0450470420581387
-0.0417025100351342 -0.0816877446283721 0.0475529231390377 -0.0507739948871748
0.00815904685311828 -0.100556883299741 0.0863618719238929 -0.0197425999501014
0.105257929728841 -0.0586769446172612 0.0701776901928885 0.0412580221105677
0.127964408906369 0.0499354035883004 0.00649088113476644 0.0723632555337239
0.0826327557283801 0.120893230471177 -0.0192644517970889 0.021217083437587
0.0116067625601355 0.117439749631386 -0.0174719006389838 -0.0667565689590388
0.0711212460442785 0.103967974567548 0.0242864278879645 -0.0992938531623485
0.102683130467312 0.0337532715054482 -0.0142609294379287 -0.109729202770772
0.0708604088366399 -0.0577929417837048 -0.0717780970211641 -0.0646218787110286
0.00643982427488775 -0.0826603219874829 -0.0680639263297361 -0.003581515401608
-0.043070840428902 -0.0634945649331315 -0.0505174747271283 0.0214733900872266
-0.0642824993680248 -0.0206326657277989 -0.0354218797632942 0.0243284291742473
-0.0629870820845879 -0.00562337490167535 -0.0191739548977357 0.00469469013779924
-0.0597571959715909 -0.00424027335606668 -0.0168659270697062 -0.0207408545800971
-0.064308176154387 -0.0343033577044709 -0.00411979268089526 -0.0518440266093006
-0.0381720022099522 -0.0744659375304146 0.0283113812542942 -0.0662097272330108
0.00927430215891332 -0.0913688584213855 0.07896996778401 -0.0390504476005598
0.0956138107068392 -0.0476939436710327 0.0703098336523893 0.0228006121333206
0.106023974494509 0.0506703428555663 0.00298153672754002 0.0580346830893786
0.0623436035211959 0.106817883370289 -0.0347127422940217 -0.0142687648786417
-0.00630674175658862 0.0843067419168855 -0.0238015134962981 -0.114739110790972
0.0365592727440892 0.0861466439097381 0.0192201000882752 -0.115083301349373
0.071901485378125 0.0388666267384223 0.00191353690567933 -0.113597542668375
0.0580304490690857 -0.0353885076479563 -0.0466230293033183 -0.0802605715604547
0.00957136162379192 -0.0609087144891798 -0.0644401055588164 -0.0347739158235568
-0.0292563450057 -0.050211299044009 -0.0688246525823721 -0.000817619591246644
-0.0493850281582402 -0.0189713711992504 -0.0589263252526754 0.0142110826235462
-0.0511015582459988 -0.00624171633597722 -0.0403257797926914 0.00116260300563878
-0.0485888710869395 -0.00526791464341525 -0.0382640374499235 -0.0238339821560846
-0.0505880634538463 -0.0304619254962716 -0.0226330431726582 -0.0571937438371018
-0.0274217515301006 -0.0608325363578423 0.0148052483675159 -0.0778512551014577
0.0150698553766473 -0.0720251264788109 0.0738284974397081 -0.0497917376960447
0.079872111433915 -0.0265031925654763 0.0672924116598265 0.0118762125149324
0.0716609667975959 0.0518411342882831 -0.000901976564048752 0.0458314739036176
0.0312297071183489 0.0832158260760309 -0.0422725255544074 -0.0420941860611271
-0.0213985997079169 0.035263561424754 -0.0293348299144012 -0.144685424446433
0.000318537855960378 0.0484450751265622 0.0125826084504588 -0.121040527467696
0.0299053445134627 0.0285829672183562 0.00752293864522051 -0.113038494494924
0.0318419503001375 -0.0114189982480459 -0.0333998678121889 -0.0853603830047618
0.00785027702529942 -0.0295635299569364 -0.0623612905877381 -0.0501550639099993
-0.0117706688823555 -0.0282529045855719 -0.0796275698721226 -0.0124435752980666
-0.0268100935190818 -0.0136187899170608 -0.0730451526999386 0.00807934442479219
-0.0312311651275832 -0.00605513525148745 -0.0552891697981596 -0.00152673809213146
-0.031152003556347 -0.00669747090925649 -0.05364625439727 -0.0276139708253302
-0.0316089452144313 -0.0224203716111646 -0.0356152157972058 -0.0623288961419156
-0.0144395045729342 -0.0422504044727215 0.00846937436186903 -0.0866831954514553
0.0206412962188416 -0.047150622656554 0.071464949004028 -0.0543708216672853
0.0585917327580676 -0.00193335734648555 0.0656690377139964 0.00860469680138823
0.0320361688682812 0.0487180210928803 -0.0017120897971946 0.0372386463801768
-0.00492813265467532 0.0513259300151762 -0.0398362382721118 -0.0622374931928214
0.0279614222120906 -0.00981010440450197 0.0551021723619333 0.079703303486139
-0.00619430412340006 -0.0273974326671921 0.0338098714249306 -0.0473508556476353
-0.0244194693117443 -0.00752080862388556 -0.0735824272072573 -0.0277836251790919
-0.0119086102863654 0.0182769996865411 -0.090484680315717 0.0589971392400346
0.00546922516481632 0.0136454944250589 -0.0160531708955574 0.111972342167416
0.00765849493520255 0.00661039548923361 0.0543288613321662 0.0796063607936504
0.0103855369228124 0.00346967997336026 0.0729932437537625 0.0316921216826907
0.00470636457774005 0.00273502994886151 0.0715393378688204 0.00378506757179102
0.000778038539095265 0.00739221145345009 0.0785608728561057 -0.0102632364834926
-0.00799494408313901 0.00643515172195003 0.0872477204744971 0.00615127381017831
-0.00844263753644242 -0.00318584925393089 0.0781492034926823 0.0431647913286392
-0.00705412824025764 -0.0105255687695654 0.0420394200933285 0.0808331855439045
0.0132652518603925 -0.0207230304260346 0.00237216658370361 0.117435852656409
0.0330277502670688 -0.00994063593413266 -0.0177363093082028 0.134908072646455
0.0344229280049676 0.0205276768750967 0.0292622442488544 0.16019485507123
0.0472964071824523 0.0320767344567459 0.0442382470072597 0.0833971365418788
0.0336876703524352 -0.0103882056921328 0.0369745493645077 -0.0453029376178412
0.0086012517116602 -0.0201953757876149 -0.0702308308652928 -0.038884384616697
-0.00520545236207998 -0.0127745629116998 -0.100556463381645 0.0500283940315804
-0.0065356762594293 -0.0138293498403093 -0.0254927760819408 0.111926930642585
-0.0155800452644741 -0.00923212757763123 0.046514041849094 0.0842967002957454
-0.015319952408872 0.00154172766247352 0.0680817619077148 0.038054824129211
-0.0205499886127277 0.00155104344341164 0.0682008447999947 0.0055912098334084
-0.0252330407362454 0.00256372928325896 0.0729646376111358 -0.0131152882788486
-0.0330205793038894 -0.0163437712591306 0.0829237938762153 -0.00520843409611761
-0.0141480752181119 -0.0393189194252146 0.0836278168984058 0.0260400965759415
0.0139303116896813 -0.0427779726587503 0.0599038191289407 0.0660160340441917
0.0590765383564481 -0.0215259387804942 0.0213496887078097 0.108149564940671
0.0751374262292375 0.0295052056413087 -0.0055293608560033 0.124320893478528
0.0570167774165358 0.0744041937731036 0.0267725706857875 0.13812996833373
0.0556181057502639 0.0761272227656001 0.0279118717807369 0.0694391308629826
0.0709500183776592 0.0204346870298361 0.0381229726325806 -0.0508001432049809
0.0496463272846949 -0.0220588962240829 -0.0655677063107212 -0.0568918406518113
0.0114266964577148 -0.0444480993091754 -0.110748200265119 0.0310087633445832
-0.0136439270596553 -0.0449183195426114 -0.0406619303790721 0.101796821312644
-0.0365480089449818 -0.0289395738558848 0.0292955056635644 0.0822363548691418
-0.0400509223955472 -0.00316846440241438 0.0515817975571995 0.0414442250592099
-0.0428102563113546 0.000364119008347466 0.0538866687963438 0.00779120872103279
-0.046080494322788 -5.21425198728325E-05 0.0573782066858059 -0.0161198409872994
-0.0556977092114326 -0.0302585476486407 0.0683591566383518 -0.0219867105943759
-0.0269799732808727 -0.066131952179942 0.0810844121353987 -0.00193286152820058
0.0176615528188618 -0.0752403242139854 0.0797564869444997 0.0386856493705227
0.0918530284776843 -0.0379017951544171 0.046576117769513 0.0907896772004355
0.113321160170031 0.0467291234765449 0.00512415487832696 0.108332565369753
0.0792265060783586 0.109156183595881 0.0185388135036339 0.103397985530689
0.0509132099599868 0.111730361155572 0.00988483533385743 0.0368497016466278
0.0958625306532542 0.0585032940780427 0.0347630484393767 -0.0636874662874623
0.0902772607272422 -0.0115505896742181 -0.0548463476709446 -0.0792296606170855
0.0362397051434394 -0.068528912101381 -0.112707878427825 0.00104209530529121
-0.0135308197845173 -0.0731532736443732 -0.0562413218317656 0.0770307981158034
-0.0513626928931246 -0.0486759676214491 0.00420519396869984 0.0712141173177619
-0.0596165279848791 -0.00899768837756889 0.0263556882621385 0.0408062404844679
-0.0591982086687701 -0.000337612888227232 0.032688885299442 0.00731581496782061
-0.0594690340546071 -0.00061022501789337 0.0344030661474704 -0.018813130604731
-0.0699766000799592 -0.0355447724518136 0.044893429525291 -0.0374731521976104
-0.0408007050331706 -0.0799585905333101 0.0674608064976955 -0.0315124976127387
0.0104045486578831 -0.0974868458795354 0.0892495123842797 0.00505063278648178
0.105959543418912 -0.0585705036387621 0.0658420938768381 0.0650339396212321
0.135050358118296 0.0479857012305852 0.010333994673808 0.090865924285119
0.0928041048161319 0.123327198161174 0.00134121436586152 0.0628515166291654
0.0368730587060719 0.129237118119693 -0.00826291912022656 -0.0124689533465707
0.0987695693375365 0.0908822201785483 0.0277696819966984 -0.082806166693551
0.112862102326644 0.00955659833144676 -0.0380392819551308 -0.0991164478540549
0.0607772392785781 -0.0747897295968353 -0.100226839037993 -0.0339169713213318
-0.00677128313680202 -0.0882294602574388 -0.0677693880133764 0.0397798065526733
-0.0551572673058174 -0.0619615620578237 -0.0245063172554869 0.0502138349629791
-0.0693342285993633 -0.0147019490865253 -0.00478832051824023 0.0353338088454545
-0.0669473645818842 -0.00160078664571399 0.00687560520666477 0.0072218486529735
-0.0644990327096192 -0.000266452739096903 0.00820455068918162 -0.019808492077831
-0.0735624514264264 -0.0348356013944838 0.0178961107864852 -0.0476400580985169
-0.0465080835171266 -0.0811058143606379 0.0473354185813898 -0.0542274635347776
0.0037095901219678 -0.102552527874336 0.086380164159567 -0.0243750220736301
0.104542797556571 -0.0649339875525332 0.0729506158463713 0.039568586671584
0.132998038244309 0.0454495470320107 0.00895600668391445 0.073876598400295
0.0891138661730637 0.120685826395685 -0.0183229191490056 0.0228527140373813
0.0168064576576784 0.120503071722096 -0.0209913747882571 -0.0681304628679438
0.0774987889393248 0.102467615638203 0.0209606306611464 -0.103005250602869
0.106387337537448 0.0299309238220329 -0.0178821373668562 -0.111882088862981
0.0699154312590493 -0.0621143092806721 -0.0747898118130701 -0.0632556990478071
0.00197015593729871 -0.0846246763245151 -0.0701173278782567 -0.00146291391781914
-0.0476001260951953 -0.0625334084581097 -0.0507801545568298 0.024869247842827
-0.066210837866471 -0.017770814313302 -0.0348064627074083 0.0268260534650163
-0.064825195028719 -0.00219100597555229 -0.0191026557862212 0.00519514123807939
-0.0606516579591508 -0.00101372509381544 -0.0179817339138096 -0.0211677915809169
-0.066845638470616 -0.0322434423186807 -0.0066811418093152 -0.0528864538508444
-0.0425759909625073 -0.073794348382929 0.0268436739553618 -0.0697596612335652
0.00514610406945605 -0.0928911875512502 0.0791448723819871 -0.0438999478921998
0.0952668655741135 -0.0533673315795921 0.0718597521591119 0.0204417185080982
0.110326865711679 0.0471391572348208 0.00439969127922887 0.0597016137661556
0.0677290063239933 0.106532413281205 -0.0358808768873316 -0.0124634511463093
-0.00285332414790966 0.0871496226759794 -0.0293859130913804 -0.116550130853532
0.0414382470068003 0.0867150736831937 0.0150909488971425 -0.11804776562802
0.0749989326766408 0.0363708590788165 -0.00135893596726072 -0.116600003468393
0.0574698768403764 -0.038604599083922 -0.0503135956065714 -0.0806043744035285
0.0064107357215296 -0.0626843384497954 -0.067178265104354 -0.0337812435056912
-0.0327568633300819 -0.0498630604354563 -0.0709521589590909 0.0030770903409049
-0.0509096602330402 -0.0167525747489522 -0.0588410435312729 0.0184594735726594
-0.0522501450176003 -0.00336796602923268 -0.0406550517203389 0.00369551243407206
-0.0493233376478564 -0.00282271301370057 -0.0397580743071001 -0.0227529900855692
-0.0526324350230169 -0.0283870775945272 -0.0263123828041123 -0.0573816019491024
-0.0308180332408249 -0.0607771626709078 0.0125637987551396 -0.080556255229363
0.0118364338171516 -0.0733231080364667 0.0727813210987776 -0.0549494578233425
0.0800338476007799 -0.03028441577113 0.0689922750947945 0.0099790683478198
0.0752726143298865 0.0503512741969144 0.00111316288037053 0.0479799185044925
0.0347546487595528 0.0837291059852442 -0.0445387770060263 -0.0405210936082136
-0.0199415852928802 0.0370165402831335 -0.035822162626627 -0.147700631196205
0.00242638631071849 0.0496047332025334 0.00866558031420365 -0.123005361542221
0.0316642097108561 0.0281072165607856 0.00350313583009213 -0.115841603878744
0.0315262116729422 -0.0137470446630499 -0.0366882006598753 -0.0868028012901178
0.00659720556820294 -0.0307099668018738 -0.0667665734063926 -0.0491027793814413
-0.013083491824313 -0.0279908612626219 -0.0822594863962725 -0.00806134383256718
-0.0276544832061201 -0.0119127971070199 -0.0733879373359794 0.0129463487730783
-0.0317816613319608 -0.00444754862750588 -0.0561431304799221 0.00159218547913826
-0.0321075409491918 -0.00531113782943951 -0.0553814227658321 -0.0255048619797571
-0.0331612006492678 -0.0212284035858971 -0.0387387452391846 -0.0624720658925683
-0.0167632175039835 -0.0424029699856344 0.0053818504077701 -0.0893859356071043
0.0187199180136762 -0.0486167334622603 0.0707482009832918 -0.0591941515327048
0.0590125630942124 -0.00501068365869841 0.0674231838527147 0.00600705252134704
0.0347156809062052 0.0485539732066251 -0.000163592242477766 0.0389546406304353
-0.0033747554443911 0.0526347551853534 -0.0426644017288334 -0.0609215891709373
0.0275042449783321 -0.0119275786564065 0.0593342144580618 0.0758809450925431
-0.00781028812400896 -0.0272022692706959 0.0308964357104109 -0.0496453627407582
-0.0240836991891669 -0.00645137917882418 -0.0743971756871046 -0.0247854406739852
-0.0107473898740357 0.0189166233681749 -0.0869013608379135 0.0633204682350986
0.006023260585946 0.0131722832525633 -0.00976867895365689 0.112660113029011
0.00799294026771568 0.00643667015739436 0.0581679634197618 0.0764705375267047
0.0106526758646824 0.00286196251673985 0.0732445931217989 0.0275856569253592
0.00508172682711034 0.00255617017980297 0.0710027265962505 -0.00062415685698641
0.00145207207702562 0.00709047436687248 0.0774199363862105 -0.0157923986592037
-0.00754635795579596 0.00637256302596173 0.087383684710117 0.00112511295706432
-0.0085374019745935 -0.00254794983124021 0.0807462719614744 0.0392400901944372
-0.00685319649070879 -0.010239487593302 0.0447748789399406 0.0794919094563184
0.011620692716806 -0.0218411187679086 0.00783386593883842 0.117964170067944
0.0319733773005354 -0.0109248344321653 -0.0119216885393313 0.134468499132873
0.035108120752054 0.0202184027856561 0.0356900531418739 0.157731970169361
0.0490819859973157 0.0299767463677708 0.0484392801418937 0.0806337521084474
0.032143113537699 -0.0114558555369639 0.0345451352516577 -0.0489472211559345
0.00746469780989299 -0.0201512290799499 -0.0713794488899036 -0.0363550458992342
-0.00594287478972564 -0.0121712643084148 -0.0981594041416885 0.0543497111655201
-0.00715239334328463 -0.0133315485045995 -0.0199442033909375 0.113607464273989
-0.0160267911996242 -0.00799842439589843 0.0501747736137807 0.0816717754030663
-0.0151507071197937 0.00205301148176926 0.0694812316050561 0.0332179278494879
-0.0207721592116247 0.00310773145378584 0.0677448754719771 0.00173610226688764
-0.0241839640521448 0.00392606489124197 0.0716661988213909 -0.017886827893148
-0.0338383435257278 -0.0143783012248968 0.0823007190641736 -0.0102165866460903
-0.0158636121371232 -0.0388609863610692 0.0853928301450077 0.0219301984281648
0.0119864816494783 -0.0436344632931473 0.0620634423428183 0.0633520508923223
0.0578727313892493 -0.0244011430558639 0.0261991392263286 0.108454726190715
0.076113640732147 0.0257478547544863 -0.0012835089130163 0.122950995544269
0.0596668710366051 0.0723217202198174 0.0327808035334027 0.136601747606094
0.0595825414468442 0.0736440316525892 0.0313871904124139 0.0680952483496578
0.0717664299117214 0.0168579322723851 0.0355866205324835 -0.0537767751436381
0.0484886646593265 -0.0241987776145767 -0.0670387676852749 -0.0545179030614392
0.00923825043476447 -0.0449614586474383 -0.108938561522042 0.0358087235753972
-0.0162229980545075 -0.0438854592591858 -0.035422454119623 0.103579970763534
-0.0381386578772186 -0.0267391106598635 0.0333199479336264 0.0810227945621666
-0.0395695571991102 -0.001042789667155 0.0537383536990401 0.0386237170094585
-0.0421301504692599 0.0034510918861789 0.0540806335948086 0.00411976281195663
-0.0453869397287215 0.0024648187279606 0.0561133411399302 -0.0201218789640522
-0.056787514085555 -0.0268206158205553 0.0667352106732032 -0.0261151775221367
-0.030990493003814 -0.0644031066707443 0.0818868208537559 -0.0062010250127508
0.01380742374477 -0.0754327402267807 0.0807373903262036 0.0352046845877124
0.0896080143313935 -0.0431655216813989 0.0498048406905796 0.0893848091743843
0.115286886635108 0.0408726888307141 0.00950577813560072 0.107305058883723
0.0839051031947947 0.106222899614476 0.0229286455346142 0.101842812508367
0.0567882352107578 0.109838212233846 0.0109205928123813 0.0359938268729747
0.0987635723839257 0.0533647903195949 0.0313654733984485 -0.0659440155841973
0.0893257797800742 -0.0156067297609011 -0.056979504671645 -0.0775445108448853
0.0331349217746994 -0.0696564645510378 -0.111773868380915 0.00607057085611319
-0.0174365617133628 -0.0717177938595067 -0.0532182694229153 0.0795288251585134
-0.0540556025122825 -0.0451894352396216 0.00741255503448172 0.0708553435138764
-0.0596108253356563 -0.00585778436354589 0.0287207418795166 0.0395842658393383
-0.0590553288640148 0.00278928983843492 0.0325160772443841 0.00596522076676815
-0.0583264659683685 0.0026161932154578 0.0333545933542912 -0.0213930828549353
-0.0715503881962193 -0.0310066931298225 0.0424960785811215 -0.0396719109197347
-0.0451353562949484 -0.0772794008182227 0.0667126764506012 -0.0350952210886877
0.00543743616186882 -0.0968712053234622 0.0883685813628784 9.54552966132189E-05
0.10258753675327 -0.0633941447544842 0.06792599842505 0.0632941882781837
0.136989129585617 0.0411744904634581 0.0137138414564133 0.090376762500628
0.0979162124533151 0.119843417355657 0.00462578321464927 0.0624776959789055
0.0432206756568832 0.127878378440058 -0.00900426379667061 -0.0122827026220268
0.102982971915329 0.0858104439419656 0.0242363968417667 -0.0841488869704949
0.113746225736519 0.00437701366839201 -0.0415046812371702 -0.0986603101898251
0.0562466436798457 -0.0775887765494971 -0.100879449437369 -0.0291170241782213
-0.0115535179211599 -0.087768382036036 -0.065671627766931 0.0424952537258764
-0.0586600781611886 -0.0585856663007856 -0.0221179447945559 0.0514835681725884
-0.0688915602061608 -0.0110864999913923 -0.00229097308174584 0.0358452908317879
-0.0665286809671224 0.00221001617072413 0.00654445580578701 0.00648094957650514
-0.0629959135330794 0.00350855974293526 0.00698075357563336 -0.0213295135904617
-0.0749215442082058 -0.0307808546636838 0.0155699507808996 -0.0485846368451448
-0.0508064320486472 -0.0779982200851355 0.0448017906890095 -0.0574009495021923
-0.00136412862315903 -0.101432642634423 0.085208400924296 -0.0286186398431017
0.100357846418783 -0.0705148223401384 0.0744340371414195 0.03743979734663
0.134962463660538 0.0385753718359065 0.0119846909568893 0.0738159499741394
0.0932450751775821 0.117744616403785 -0.017339561199355 0.0240590586685079
0.0227828362713698 0.120029423610196 -0.0240861094508387 -0.0672911832320366
0.0823828965156858 0.0988906296854516 0.0161162036995863 -0.103186652917039
0.107513661648554 0.0248751606035941 -0.0217798910759667 -0.11183318176113
0.0660086733655705 -0.0652390275677268 -0.0777701161962573 -0.0600495922106362
-0.00262995371872926 -0.0845403701672895 -0.0702570287572712 0.00116059082650483
-0.0517172830426468 -0.0598460701955608 -0.0497893866984533 0.0277583334893695
-0.0662706868994628 -0.0142878697351943 -0.0320020586557013 0.0295745267237412
-0.0640030483287819 0.00183607128272261 -0.0182743215885412 0.00612759506883504
-0.0597996531034877 0.00232966639049813 -0.0191123080973944 -0.0203572333415462
-0.0684261821082318 -0.0284537516194633 -0.00952592609734687 -0.0525330241741867
-0.0460409035120889 -0.0713121517331631 0.0235382342275959 -0.0713574295097381
0.000412605526618719 -0.0921281246165145 0.0759209322197281 -0.0481371776885367
0.0916033331468165 -0.0582893228096824 0.0721412018744315 0.018235424589677
0.112482893731905 0.0416101074352355 0.00652146474286588 0.0595812923277708
0.0717530521909263 0.104075092822373 -0.0359089958631887 -0.00999413708504697
0.00128931282585748 0.0873084425048158 -0.0346596967011115 -0.114829732944029
0.0450731924026907 0.0833031374113102 0.0101768267789538 -0.117898177312016
0.0763733493896917 0.0328979952461102 -0.00600696011087532 -0.116627157044352
0.0548478514598979 -0.0411745512267216 -0.053640378416429 -0.0787625037708042
0.00270811521810255 -0.0625551515760059 -0.0694149604754371 -0.031064988465239
-0.0353023386763817 -0.0478031036394699 -0.0706112709547824 0.00691010513250446
-0.0515188407179987 -0.014101462456952 -0.0566099540756621 0.0220969654444248
-0.0519970853735197 -0.00069611547374875 -0.0406703750378977 0.00575719465717658
-0.049202698548663 -0.000818974153435513 -0.041201707798735 -0.0208191852531768
-0.0537692537505404 -0.0255671559046924 -0.0296992139142108 -0.0560947602065511
-0.034088462185056 -0.0584236555924132 0.0089600450861651 -0.0813052708713049
0.0085215103923214 -0.0735286486085358 0.069303933929109 -0.0583250697726282
0.0778671240851865 -0.034723268794953 0.068656273747364 0.00735815156335491
0.0774384329050233 0.0461659367237885 0.00249722638292091 0.0481250016532256
0.0378918040321229 0.0827253252712548 -0.0457347124226892 -0.0375809278650485
-0.0186553131534358 0.0380940938636511 -0.0425522005753854 -0.145523746277688
0.00498411087105796 0.0495056205932645 0.00372278414266521 -0.122561859694581
0.0329871882926495 0.0258833434374676 -0.000997519384001634 -0.115773512720166
0.0305424428005372 -0.0151154465662382 -0.0401571660172313 -0.0863130390221002
0.00465860553383735 -0.0303145450868752 -0.0694565320918325 -0.0468463926653516
-0.0149057872994907 -0.0275713128581315 -0.0822431569596628 -0.00321672310766214
-0.028137518388996 -0.0103647024695 -0.072547968176285 0.0172865100855542
-0.0320192152342538 -0.00237874720584243 -0.0550835446211358 0.00458185313642517
-0.0320802418644338 -0.00343161254036046 -0.0562880342116093 -0.0231975626595455
-0.0343085950762599 -0.019358485403607 -0.0417559475111882 -0.0600841631484601
-0.0183541534405888 -0.0410597077857867 0.00129085356420637 -0.0893293296360771
0.0158899584849492 -0.0492050801622168 0.0677380446136624 -0.0623545907405258
0.0587235351220791 -0.00812160156617214 0.0669130617284424 0.00416927442894232
0.0363989507943784 0.0469758312790767 0.00172698651300463 0.0393862938573654
-0.000866985923675989 0.0524024081133415 -0.0454669219495145 -0.057347431259822
0.0262908595173189 -0.0119385147661083 0.0610324479323493 0.072081224455586
-0.00874271871804213 -0.0262224847160102 0.0280127564345619 -0.0519341915173743
-0.024459302788723 -0.00561390799993859 -0.0735848842069481 -0.0229309947008085
-0.00972227639790165 0.0189425894651043 -0.0829134922734425 0.0645531190873977
0.0066936887515166 0.0129766820169586 -0.00529443941732298 0.111336565941859
0.00772015197278709 0.00579704133999451 0.0595283269511854 0.0728594211910904
0.00993657994135486 0.00193586631947159 0.0719966103669311 0.0235592202713467
0.00455604847546607 0.00183032538887352 0.0689533784341151 -0.00324622729483379
0.00177641238679365 0.00655694079829659 0.0745214795795423 -0.0186350627894332
-0.00705175503161734 0.00681562604088393 0.0860450108515175 -0.00294600099857235
-0.00822137163165639 -0.00236099935677277 0.0808207054114498 0.035765770164811
-0.00723327359814226 -0.00926988101868195 0.0457422821289124 0.0774982408699877
0.0106771901549566 -0.0216646526172355 0.0109721866838768 0.116193528125486
0.030731525422093 -0.0117752223504624 -0.00895809826838832 0.131564998009272
0.0361237293797067 0.0190530728874214 0.0391558542288724 0.153770895974901
0.0492419512172732 0.027807455265931 0.0501392202341705 0.0764984023617395
0.031892117960963 -0.0128579819154963 0.0319524689968841 -0.0498575890294951
0.00651491619090108 -0.0200222162056515 -0.071145744817696 -0.0340035858308119
-0.00667285526378725 -0.0114989012586889 -0.0946590183199008 0.0568696354418339
-0.0075665526850271 -0.0123635293497305 -0.0155528335010155 0.111987149199174
-0.0158486258277065 -0.00722845523438237 0.0524123719636344 0.078257290996498
-0.0147882315932165 0.00220872257346426 0.0686738866202317 0.0297683202754071
-0.0196802792847121 0.00355977231175176 0.0660614608919271 -0.000859570829766271
-0.0236476193643033 0.00492224364244463 0.0693454230434306 -0.0208470117784865
-0.0337355202452801 -0.0125162739183297 0.0806921301792639 -0.0139692426127892
-0.0176392808638591 -0.0373102263411348 0.0850580420900917 0.0182955563336318
0.0100493789672312 -0.0422083671891575 0.0621895355858207 0.0616097310187496
0.0551166165746771 -0.0256497177254052 0.0288252982811085 0.106426229953034
0.0754073012994887 0.0227780522600346 0.00142760419777767 0.120018279618764
0.0614922200019686 0.0702319004502017 0.0352401018461385 0.132383775777763
0.0611052744061656 0.0707665496082599 0.032817151096782 0.0651885838019999
0.0703676292591273 0.0140244788100524 0.0328816012855289 -0.0546520408608915
0.0469344126740129 -0.0252312159947 -0.0676091358191935 -0.0528186965418008
0.00710049259771442 -0.0437954882269154 -0.105513280355425 0.0388142506530697
-0.0173332946515622 -0.0420053867878483 -0.0308189930225421 0.102982172217381
-0.0387923722850433 -0.0244020126309251 0.0352759620343244 0.0782563991760551
-0.0388072447527853 0.000339789221166113 0.0538745438603113 0.0352433441203544
-0.0412735549426714 0.0046093723830546 0.0525835981711859 0.00122238561274934
-0.0443419391118738 0.00398531294878646 0.053349555047256 -0.0226543697698926
-0.0569365251768466 -0.0241196095269398 0.0643086851549226 -0.0287775617361158
-0.0327196093741282 -0.061762162545655 0.0802650437351561 -0.00949588101032557
0.0109310038860776 -0.0741060452983373 0.0795018476831117 0.0321788103323242
0.0857777744168643 -0.0453902591205022 0.0518685154115016 0.0872079751532958
0.114469091708295 0.0364637927401967 0.0114075417594144 0.104957986158553
0.0852728336908056 0.102510472366812 0.025051301556704 0.099146006718677
0.0594185722158444 0.106683484655329 0.0117677545125427 0.0342294745652124
0.0981005765746665 0.0485729121260909 0.0289072040720159 -0.0663382179639705
0.0870821012789869 -0.0180882138692482 -0.0578242653475174 -0.0756056860906107
0.0302011811268788 -0.0691602336368175 -0.108927384490589 0.00927773462483154
-0.0201813579003193 -0.0698306632808516 -0.0490761322147428 0.0795559591218073
-0.0546400487568447 -0.0422404061226148 0.00979224356769602 0.0695607891926719
-0.0576413013782895 -0.00392421537230529 0.0297555055058501 0.0377797863770849
-0.0570415253700765 0.00520364265467213 0.0317954309185577 0.00414699081947662
-0.0566897532129801 0.00457502963227526 0.0314787539041346 -0.0232582847979659
-0.0711851895433482 -0.0274507095358557 0.0400969634273411 -0.0410358591438407
-0.0472540564709471 -0.0739358078725924 0.0643479161386642 -0.0374049332766231
0.00159266581403876 -0.0943592457321766 0.0859391445283897 -0.00264679530242482
0.0980962938449197 -0.0658041838353765 0.068381138129767 0.0609574933845107
0.135497430492282 0.0354830684211993 0.0150690123418681 0.0879933120850794
0.0990443040138903 0.115925029954857 0.00575011405464676 0.0609565455247035
0.0468183744131236 0.124522831495103 -0.00944758762876569 -0.0116971859470299
0.103340827009394 0.0796789008145845 0.0214756250383026 -0.0833611307109997
0.111785618446825 0.000515553600127669 -0.0427779900209468 -0.096490489430674
0.0526807084722862 -0.078108294100211 -0.0999619823490252 -0.0260735779666394
-0.0147118219706633 -0.0856636510950797 -0.0632203682927642 0.0433575869872106
-0.059877896588076 -0.0545190041188434 -0.0205086558575697 0.0519706600871438
-0.0676733875730407 -0.00804747255857073 9.64451174290439E-05 0.0355893307052333
-0.0644930728631102 0.00545567341308166 0.00714066668789762 0.0060503053078476
-0.0609939150059611 0.00502893525347875 0.00589927614345487 -0.0222508974400742
-0.0742296954396287 -0.0268521692608287 0.0133209273602068 -0.0480204441301671
-0.0534216240982433 -0.074395327243086 0.042911311971187 -0.058453008936797
-0.0051644241220689 -0.0985875945809083 0.0818012358804386 -0.0312156047774229
0.096120158615206 -0.0722570933238344 0.073041170873881 0.035157815845473
0.133733778658662 0.033047644423125 0.0130308352667448 0.0726207167373022
0.0949012269973709 0.113536758278207 -0.0163394727443579 0.023999016123305
0.026114547556024 0.117299869852306 -0.0259867454429009 -0.0651165121215519
0.0838135504217352 0.0932185241682701 0.0133321121053984 -0.101452123401997
0.106207511948235 0.0210336347866539 -0.0231788915706638 -0.109783340220581
0.062411442879237 -0.0658870162191628 -0.0780334000328148 -0.0572064335391461
-0.00600705321601836 -0.0822472119044764 -0.0697015019177775 0.00236094431235691
-0.0531977627556225 -0.0563956991122222 -0.0485821350196768 0.0292400941076162
-0.0647071509597592 -0.011091689780946 -0.029331439635917 0.0303107132457348
-0.0622343469117379 0.00421471287565924 -0.0180536428954836 0.00708510232410106
-0.0575577077834736 0.00416233577504162 -0.0198819979446827 -0.0203500387779587
-0.0678854447218222 -0.0254548616555474 -0.0114741167842242 -0.0513256385953955
-0.0485129526369289 -0.0681157926602827 0.0213217407795985 -0.0714691754625029
-0.00302568286432913 -0.0890911126349698 0.0726846552277244 -0.0499870365261559
0.087356525342457 -0.0608886953571094 0.0711260279229528 0.0171770153839418
0.111634631359085 0.0360644813186475 0.00798953350461443 0.0589741318303513
0.0732359527014261 0.100769389200469 -0.0346073368717021 -0.00819509765009151
0.00457966232184841 0.085894881915896 -0.0377800752535893 -0.111468086030841
0.046887751391607 0.0803214485278603 0.00683352072554319 -0.114919416584365
0.075437166417343 0.029412762408878 -0.0089248227208918 -0.115193023840179
0.052820616809647 -0.0423194958935028 -0.0545482250996963 -0.077351949819536
7.13712047802732E-05 -0.0611146898926806 -0.069789588395499 -0.029182096903667
-0.0373729454076748 -0.0454200155651971 -0.069250767647002 0.010196901750204
-0.0500170742826398 -0.0115653746402627 -0.0539184901829084 0.0246154465737674
-0.0504641110740405 0.00201887833174499 -0.0394158257522984 0.00763488613433341
-0.0476959702189868 0.00151336616801407 -0.0405803735622434 -0.0196747871520253
-0.0536044032904652 -0.0228189036916881 -0.0303079958763878 -0.0539483886235779
-0.0357169128666038 -0.0561758234782415 0.00664946835758296 -0.0803964945246057
0.00583586290969323 -0.0714560293365975 0.066050768737348 -0.0596749603517822
0.074596875819487 -0.0364348889705943 0.0671407339329465 0.00615156270024781
0.0778455871222011 0.0430722132064545 0.00388911630748055 0.0472436092203021
0.0396004268144934 0.08017096861026 -0.0452119680748947 -0.0349695055870486
-0.0169995895395288 0.0384694875714817 -0.0455293573956666 -0.140695484523595
0.00638565279894565 0.0476209580969223 0.000998350133342367 -0.119482321070457
0.0328160246727563 0.0245964210971294 -0.00355312510128342 -0.114284274353481
0.0288323618181232 -0.01585804662705 -0.041978621266246 -0.0841409955843926
0.00297768402296023 -0.0290657626519468 -0.0695848193424459 -0.0444307444622019
-0.0161885524473342 -0.0265274287917489 -0.081239200474213 0.000180544204513038
-0.0278323916071286 -0.00945554625382736 -0.0692210616181626 0.0204266171425159
-0.0307546533173902 -0.00108812720810838 -0.0535103366397197 0.00607080750295726
-0.0314966527778563 -0.00244383133033831 -0.0558314918063895 -0.0204283063750325
-0.0345689948581844 -0.0181116992617421 -0.042762543443273 -0.0574077864460811
-0.0196208044808215 -0.0396165471967251 -0.00108166075250471 -0.0881775264774171
0.0143067044555681 -0.0485061506372153 0.0644585622333929 -0.0636372978363499
0.0569086036587185 -0.009466036370199 0.065519195826741 0.00239505922505054
0.0373769947517141 0.0448890444569496 0.00278694967559581 0.0394750881989873
0.000477576426841445 0.052134663853954 -0.0453517900347175 -0.0541653992710921
0.0301013440362327 0.000685378416167332 0.0237690436801605 0.0865396639277137
0.00342389393793942 -0.0263770399083777 0.0448100829430508 -0.0361173350810946
-0.0195421261134857 -0.0152968523070789 -0.0573322326829959 -0.050241430601581
-0.0157170175263203 0.0126272368038831 -0.10121783043301 0.0252381614662792
0.000930695540555926 0.0136221019137696 -0.0501157962311592 0.0974676030983795
0.00491824032368794 0.00807863773087632 0.0230843974943512 0.0890747777036239
0.00763229164690019 0.00573276098243281 0.0542613748691133 0.0496239247807926
0.00348658467093392 0.00406914545017933 0.0628236166346251 0.0244288659907005
-0.00042738468909201 0.00624586000064614 0.0735664687753359 0.0127600691644143
-0.00869473821832208 0.00269696964943464 0.0788725116358571 0.0320373996465592
-0.00570144528032741 -0.00560808697155438 0.0576351605005706 0.065145059104531
-0.00165087814560617 -0.01112283219204 0.00734000789195261 0.089439220172211
0.0198785170954578 -0.0157009968978966 -0.0378884108930387 0.108073086556564
0.0327657985402536 0.0028464127224168 -0.0606913112298322 0.114727950652076
0.0273443464938068 0.0330899836339896 -0.0308221113093331 0.155506641246194
0.0326402582191089 0.0482707672771757 0.0158358716096988 0.0836541149413926
0.0332849986796866 0.00268258677562077 0.048415761753166 -0.0349234346677457
0.0142610631834317 -0.0147891069042355 -0.0505572211306499 -0.0624044555282369
-0.000166455692136094 -0.0121561303079887 -0.109686009332809 0.0124187643644351
-0.000560200465907454 -0.0148181917020802 -0.0607382074294542 0.094722075655481
-0.0110536783649552 -0.01322122002578 0.0142395104412789 0.0914461672002406
-0.0140779384526222 -0.00396765924006477 0.0492313360899595 0.0543461778599252
-0.019044767788012 -0.0043055493489949 0.0591186545880703 0.0254836390324368
-0.022494576465166 -0.00596775331816935 0.0694996661604815 0.00796054303024887
-0.025701665821359 -0.0252141391289702 0.0789420397588983 0.0191731068108156
-0.000715256860177196 -0.0415114279411263 0.0684855829332511 0.0507201768887104
0.0264830372503849 -0.0344112425221599 0.0301998608746439 0.0808630695503055
0.0621351739628666 -0.00208367124676131 -0.0179551180108352 0.107726259924514
0.0607126081826358 0.0505281211476987 -0.0473336052711766 0.11152040722589
0.0313743951493439 0.0897409463381976 -0.0275313995831439 0.135261642329511
0.0237291351076064 0.0926632797619831 0.0091242621838983 0.0642227134472045
0.0557520157622289 0.0426953369335811 0.0534054049703084 -0.0405456770729297
0.0526131838958487 -0.0028979641399621 -0.0388935985751968 -0.0806736959150779
0.0253187072222851 -0.0344796346694838 -0.113705037316516 -0.00947604038475475
0.00279868826501505 -0.0449506607345372 -0.0727553983839457 0.0795949130005984
-0.0242559033145359 -0.0371614197534245 -0.0023837353595542 0.0855776838038736
-0.0339419785843376 -0.0152749024696391 0.0335551739798305 0.0536766243232554
-0.0387479649342479 -0.0121523351928138 0.0461842044158592 0.0218777530485862
-0.0405683836116083 -0.0136858329172924 0.0568807225893715 -0.000447900338672774
-0.0419196851902547 -0.0437332610824652 0.0698515595549966 -0.00135006753198605
-0.00588030713619123 -0.0692772007559854 0.0765856804799833 0.023347769929601
0.0389674582205201 -0.0628536676624605 0.0581962925093417 0.0615498949594696
0.0976128021653817 -0.00859693738479324 0.0107778779569364 0.100954010734218
0.0913759355461113 0.0767134725166762 -0.0330861387811509 0.104233809804713
0.0413750998530793 0.128179128222407 -0.0255564027122189 0.101459842347151
0.00637806521857578 0.125047762150083 0.00638071246339843 0.0268644833338647
0.0654081983592876 0.0853889365914878 0.0569783005256557 -0.0534759081005575
0.0855205550307106 0.0205650645786192 -0.0197688405007059 -0.0998330955639537
0.0560985747232951 -0.0472001924200022 -0.106559094193822 -0.0402209092944716
0.0121910654760001 -0.0701845865444632 -0.0810240087853027 0.0506979957132279
-0.0314228542828769 -0.0595210177799189 -0.0229271772547865 0.0668792508235796
-0.0489916314085436 -0.0268316937411464 0.0112922519918612 0.0464396908230786
-0.0533718012661205 -0.0177496879018689 0.0264643057520419 0.0162342062345726
-0.0520074506259473 -0.0180146267430936 0.0363230284753213 -0.0102492665228918
-0.0536400408893442 -0.0520868504047845 0.0532805860725074 -0.0223902028607104
-0.0146618461213427 -0.0857646440871409 0.0736276507023141 -0.00838163347630341
0.038619044727449 -0.0850410024693437 0.0785103746762288 0.0325039816297671
0.11675775308955 -0.0239416010841737 0.0368044482279195 0.0842009336222971
0.110846518568207 0.0833901979978142 -0.0226107768390774 0.092387007102647
0.048091127512123 0.144345336801579 -0.0270640127433588 0.0601249834874518
-0.0138530135529117 0.135085625838457 0.00867696927157276 -0.0219717495453692
0.056064787672599 0.115115469795974 0.0587487568566644 -0.0713805689847995
0.0995062459103024 0.0478786752288999 0.0042657674712341 -0.113402910027901
0.0794712138710293 -0.0449588835665985 -0.0831031930654003 -0.0698262983281348
0.0233008386083894 -0.0813968252669708 -0.079195102020079 0.011436545757303
-0.0313194816110731 -0.073091584976453 -0.0432479304026996 0.0388960212221307
-0.0557852693167252 -0.0345146747567538 -0.015165890458942 0.03245020206616
-0.0596290743421503 -0.0209924663962334 0.00384562283078088 0.00850364340443261
-0.0560935953506411 -0.0191219275816077 0.013341586529369 -0.0189596386787508
-0.0565888162106104 -0.0525808711309122 0.0316444558348976 -0.0394828280741186
-0.0202384818712529 -0.088500596240711 0.0621511363611736 -0.0356441970840751
0.0338543504748732 -0.0911996646490892 0.0863822150535988 0.00453956316752091
0.116784160850549 -0.0312553538918912 0.0516667083113547 0.0638564078937316
0.109883567205789 0.080082018064198 -0.0185072612282167 0.0774718447681107
0.0448741746113459 0.140479930642092 -0.0317717349602323 0.0178748896690266
-0.0296945936823014 0.119760147180917 0.0158307531380006 -0.0746540648471481
0.0326985457746543 0.118667969580929 0.0597429662426582 -0.0892039480073345
0.0860702071411262 0.0637566643943679 0.028500267627908 -0.116930969611614
0.0830442213561777 -0.0305310708650307 -0.0494324642138236 -0.0896752340181254
0.0294109125568768 -0.074531339110663 -0.0679887697831531 -0.0277776787849262
-0.0240000425420953 -0.0710168259596766 -0.05888674262356 0.00650352654390696
-0.0524900531490425 -0.0363961651394746 -0.0395673905527173 0.015991676893135
-0.0570534257906664 -0.0205694013414604 -0.0188937379038306 -0.000910254953638392
-0.0532296031904503 -0.0188762455798307 -0.00961659806566022 -0.0275848245304584
-0.0516524645270386 -0.0486535536879727 0.010885532846593 -0.052331077403696
-0.0180166672584919 -0.0799916514341293 0.0490127660916762 -0.0559610876081382
0.0323142148006782 -0.0818629058132051 0.0868586819522108 -0.0158624334024201
0.104030724877635 -0.0237938227412865 0.0571364414297639 0.0458624231491161
0.087904979193478 0.0757513492048384 -0.0178749670808674 0.0620111494993717
0.0290887719712106 0.120436261518436 -0.0342013110678554 -0.0197115045043425
-0.0354018174298372 0.0807997394368136 0.0218374192468237 -0.118011457122933
0.00595892478661154 0.0915065739329871 0.0592871094765826 -0.102066092872039
0.0542184947801639 0.0580557203201884 0.0440336383312857 -0.112332622645086
0.0635429100100223 -0.0144232759520886 -0.0188942091012293 -0.0969137303569399
0.0262826795661089 -0.052924790514202 -0.0533125649375967 -0.0571987343834805
-0.0144328960233737 -0.0555021261745194 -0.0687570732982491 -0.019071664184804
-0.0393862602314254 -0.0308688999108779 -0.0586766396522068 0.000863546041812628
-0.0462030203528323 -0.0178034433673651 -0.0378078647248658 -0.00888512244742402
-0.0429504246992451 -0.017512062246248 -0.0290027535629577 -0.035065978809861
-0.0395716524312988 -0.0411722960826546 -0.00535652850561835 -0.0619033336382486
-0.01150282754775 -0.0643737797365771 0.0395697795341478 -0.0701291252513195
0.0327801022194045 -0.0627229860447536 0.0843424691819244 -0.0273318872275731
0.0834544621707996 -0.00620398002410198 0.0570865089865112 0.0350216137122072
0.0548622546918959 0.0690555188161724 -0.0168436081765907 0.0491061008018299
0.00521715117850744 0.0884581852852865 -0.0309362037286985 -0.0487568228140622
-0.0328889605175469 0.0273613420946084 0.0221678169536637 -0.144244741248943
-0.0154941388461544 0.0449376756852895 0.0537957229382395 -0.106104251191386
0.0179393696138057 0.0351662955937019 0.0470482796820583 -0.106735919028841
0.0312580489766679 -0.00123041332314563 -0.00275805772804667 -0.0972043165202437
0.0152196118121617 -0.0238347438491755 -0.0458920972932791 -0.0707255240391678
-0.00357710567493729 -0.0301508017561177 -0.0743470184013079 -0.0329016574071079
-0.0201783355934801 -0.019732304611514 -0.0707068692305142 -0.00906313509426435
-0.0277221623222926 -0.0126204288373745 -0.0503190189540067 -0.0155325917223223
-0.0275718142152583 -0.0141773907331183 -0.0414631477828003 -0.0414631063760767
-0.0245389667700458 -0.0292230452036342 -0.0143406846427904 -0.0698139305578831
-0.00317647208628293 -0.0437515125498076 0.0348619488434493 -0.0793837041399726
0.0315501494419895 -0.0386836649458414 0.0852514948036275 -0.0311806122594241
0.0566566962544428 0.0115883775434062 0.05667704218732 0.0311008100116942
0.018159723495772 0.0558493141386546 -0.0151269180984073 0.0391899422890089
-0.0192855414020045 0.0475295698320008 -0.0209769111502081 -0.0677025290930119
0.0301123223113173 0.0004411653382816 0.0248381590328386 0.0854051483386408
0.00340459631392993 -0.0266249701234146 0.043752165577008 -0.0380093478547099
-0.0202222261247666 -0.0151131408604172 -0.0575887531884401 -0.0501871952276699
-0.0155539338308559 0.0132121968272479 -0.100623108567255 0.0258690732834531
0.00119876337332286 0.0134040611604085 -0.0483297877273114 0.0989333040720413
0.00494301672159832 0.00802727151080783 0.0244042041956332 0.0886726200154814
0.00767363647995116 0.00470903334877534 0.0537592404585657 0.0485681321591631
0.0033052106755711 0.00368354749094077 0.0629962433550629 0.0230852993157465
-0.000445316527929916 0.00584855863928473 0.0739663985038186 0.0110187894181804
-0.00854954315175543 0.00280850437070289 0.0798133576054082 0.0302192602211348
-0.00593182678744794 -0.00604368837079126 0.0580403921889885 0.0643813138769773
-0.00135517416335956 -0.0109142891773985 0.00736412786694535 0.0905179265538329
0.0195671093948755 -0.0154067080065429 -0.0368841973686294 0.109050418431083
0.0325325164471443 0.00292460413424726 -0.0605191573004021 0.115065668293461
0.0286056242925755 0.0333669896225544 -0.0297742827262424 0.155093446050421
0.0331480412109956 0.0484206782628994 0.017007038664091 0.0834865388490774
0.0331577736896023 0.00189219002373016 0.0476930938948122 -0.0362635356678455
0.0138348105385514 -0.0154602367008352 -0.0514914055613264 -0.0628811406228077
-7.4084850661025E-05 -0.0124877702182538 -0.109164855441 0.0136123896599199
-0.00124253583960484 -0.0149373150661118 -0.0593429004069965 0.0952792215734911
-0.011709086011007 -0.0126741420109696 0.0153762665593637 0.0911959541908195
-0.0139540085502458 -0.00413034102559638 0.0494239636736275 0.0528608320394644
-0.0189886228081564 -0.00436274118660697 0.0587329239171379 0.0235366891149009
-0.0222587083551074 -0.0056988404077046 0.0693188419797316 0.00556896231808404
-0.0258382787143517 -0.0242539882434339 0.07909510246139 0.0169091829441995
-0.00192752875569448 -0.041104595376422 0.0704063176419159 0.049148165573041
0.0262518653679466 -0.0341249547301666 0.0297900011666497 0.0817637093112151
0.0620439135101293 -0.00337586202591992 -0.0171827071000349 0.108533797758671
0.0609839518164328 0.0501172532346587 -0.0471493957346376 0.111242670734918
0.0326189687119895 0.0905398232954972 -0.0269042023938483 0.135523357783372
0.0250146416223059 0.0927982496388905 0.00972871363803028 0.063837834336211
0.0563216745904978 0.0415506965183932 0.0525966431911654 -0.042133215138148
0.0526065773555571 -0.00352274466799917 -0.0394479035448402 -0.0813251410645709
0.0249637171296301 -0.0347746027170377 -0.114265505982776 -0.00838159791162447
0.00200718788434303 -0.0448336216994145 -0.0717366799822166 0.0811618135416547
-0.0247804773151118 -0.0365324454763314 -0.00124717909927789 0.0853426059987984
-0.0340566666049942 -0.0151438097463848 0.0346700729635754 0.0527273951622104
-0.0391174829797093 -0.0113529172995218 0.046287667982113 0.0211006474846508
-0.040281495090478 -0.0129474726538271 0.0557838225308305 -0.00221288355776157
-0.0428192730786147 -0.042157978073296 0.0695511520422861 -0.0029709196576699
-0.00743141728685321 -0.0696231398248836 0.0773323936868047 0.0216608241193917
0.0382156474113462 -0.0628783610632837 0.0574299075563924 0.0610876484269009
0.0975480768366641 -0.0107824344067584 0.0117637504588433 0.101693345322959
0.0927005580716957 0.0757591142125342 -0.0330115481215762 0.104146954656034
0.0423422119686044 0.12943532720919 -0.0241686292313995 0.101322279115605
0.00812381090995365 0.125423988961529 0.00659791897564231 0.0272756100157197
0.0662664967302908 0.0839627768434648 0.0565096240874663 -0.0541816759064615
0.0858515292667892 0.0193239035927096 -0.0204071107148272 -0.101072208532326
0.0548830195120335 -0.0475315094329728 -0.107001991735024 -0.0383437153912707
0.0107170244503216 -0.070603257375401 -0.0799585844126242 0.0513118029205646
-0.0327553942090444 -0.0585594373922745 -0.0220078315737743 0.0675436110671157
-0.049356499826865 -0.0259099845124809 0.0121608058894554 0.0454504870873869
-0.0534732453439104 -0.0164226930879853 0.0269373063727554 0.0159314095280177
-0.0514204199261119 -0.0174858485918245 0.035367284808287 -0.0117198553318646
-0.0547799219640711 -0.0513173318930756 0.0524207620128586 -0.0235791298408933
-0.0167595875610319 -0.0850896929322836 0.0744286195433733 -0.0100381923580241
0.0370637687019499 -0.0850475404509108 0.0778831116528353 0.0320984783699554
0.116190750047846 -0.0262205549687201 0.0371289567136255 0.0850281302710249
0.112351182427523 0.0822981563305895 -0.0227861910741305 0.0922265560551473
0.0496232503538179 0.145773186157951 -0.0269906762576116 0.0603352931502412
-0.0119594988698861 0.136481809304739 0.00819903853951149 -0.0220507582432158
0.0576456521600566 0.114364897189475 0.0582901203980234 -0.0720003737023593
0.100470789381377 0.0468577653749001 0.00372286770195009 -0.114897341059193
0.078677745284269 -0.0457727875051867 -0.0835721577857472 -0.0689554725826702
0.021642181591775 -0.0816568851244572 -0.0791696820482115 0.0118065154224852
-0.0324470000877903 -0.0718722698895783 -0.0427106424214825 0.0398715819742353
-0.0558913188482755 -0.0341442030237181 -0.0143299508094812 0.033062074304681
-0.0594800001576468 -0.0192335103071218 0.00369941511118847 0.00818929775735725
-0.0558479225958428 -0.0185218724959678 0.0125825169246953 -0.0202342638851465
-0.0576992318855642 -0.0521572428958486 0.0303021240390902 -0.0404166395767563
-0.0220443938036115 -0.0881288956898538 0.0623750828318553 -0.0375154501447249
0.032564801015995 -0.0912359526246774 0.0856385258688195 0.00283805884137567
0.116363478652777 -0.0334438987236348 0.0517871545941648 0.064136890152853
0.111207387547685 0.0787341324410336 -0.0183820767131624 0.0775432477451658
0.0456688618261472 0.141029435634531 -0.0317508639871738 0.0183800107862983
-0.0276216881616141 0.120414423311398 0.014717280435665 -0.0748660976467047
0.0344445681479259 0.11786264115767 0.0592774230095519 -0.089279010143063
0.086961050825777 0.0631255209240984 0.0280579012492112 -0.118513778715895
0.0820580380273277 -0.0313748625426515 -0.0497871710760121 -0.0893793183711958
0.0283097083055997 -0.0747216438702198 -0.0680314925085956 -0.0279043698752857
-0.0259412877660665 -0.0707078259210318 -0.0588003024072728 0.00779824146462211
-0.0524823537165096 -0.0356424877497868 -0.0388846740870497 0.0168768854618206
-0.0570535222254094 -0.0194606768974857 -0.0189131205340813 -0.000360013025289289
-0.0524617038799604 -0.0184306544192372 -0.0106043140572415 -0.0274027910947835
-0.0522037999048449 -0.048240948950443 0.00962204603946106 -0.0525840400079936
-0.0194844736473946 -0.0794292845170499 0.0488794235779686 -0.0578867829637902
0.0308115397835654 -0.081676010058726 0.0860279375145629 -0.017247686911743
0.10319468800316 -0.0251075730514256 0.0566215332304253 0.046320979273775
0.0896651293717525 0.074772849510549 -0.0180492803024099 0.0632735484057442
0.0298449010445619 0.120847892872459 -0.0349132788564004 -0.0189988649484676
-0.0345664089193193 0.0811701044167069 0.020574426998042 -0.117961350575949
0.00720428273693738 0.0907631651813582 0.0590971027142038 -0.101458351261462
0.0555119237248943 0.0575495685892299 0.0436536939312872 -0.113383331167526
0.0629999849231031 -0.0147343106709649 -0.0191310584368337 -0.097658806785686
0.0249826472337449 -0.0528974986217816 -0.0543264784248235 -0.0579151288854884
-0.0158867970798181 -0.0548169261794845 -0.069322309073548 -0.0177348467958988
-0.0399440884660677 -0.0299611680168667 -0.0582514961299737 0.00228068861604939
-0.0456711721029222 -0.0166472586502002 -0.0378473087757286 -0.00789777090524393
-0.0428953963888024 -0.0166154043437274 -0.0297808623628775 -0.0346070163437169
-0.0404638383945842 -0.0402160952289237 -0.00608380392179575 -0.0624299546811346
-0.0119949647278555 -0.0645329167501514 0.0389560002529811 -0.0710814019318589
0.031812178405695 -0.0628177209363486 0.0842049383043745 -0.0284841745212165
0.0830508177977406 -0.00759794461081016 0.057352918985163 0.0345137243047805
0.0561447526801108 0.0681507983454033 -0.0170916065991653 0.0503743133746468
0.00545746868172503 0.0889856704506047 -0.0312370113639404 -0.0482751998744653
-0.0324990673204024 0.0281274501326973 0.0210811715808126 -0.144612486877674
-0.0150614866056269 0.0454043270510155 0.0533502090416207 -0.105536385874928
0.0184990598186801 0.0348959920506959 0.0465453700925323 -0.107604587281399
0.0308741750413697 -0.00161680571742433 -0.0032913057722832 -0.0974053113961024
0.0148053274974893 -0.0243803902659635 -0.0472729221846332 -0.0713433811166774
-0.00420021805469045 -0.029693702621575 -0.07489181301439 -0.0307809220412719
-0.0208171338263655 -0.0195753149873388 -0.0697345785339793 -0.00739369246455699
-0.0276808095076873 -0.011958477872836 -0.0502436833335534 -0.0140373175610006
-0.0278491230225132 -0.0137259781178562 -0.0427690656005745 -0.0408096018562659
-0.0253342797941977 -0.0285459970080016 -0.0153154868974314 -0.0693882139912606
-0.00380404661787021 -0.0439029393673194 0.0347415583312924 -0.0801491040946085
0.0305720735017893 -0.0390506053818221 0.0841896835513827 -0.0318471832043216
0.0566056640997162 0.0103675800220475 0.0568640606516049 0.0311860237797142
0.0185691290360568 0.0559704761346263 -0.0159265532392099 0.0404341217305409
-0.0192378057897322 0.0478457019491517 -0.0220068070179835 -0.06678876172843
0.0309370013153143 -0.000171523489683162 0.0274739038479179 0.0860452731269411
0.00282335063278587 -0.0266329999550409 0.0419596236700355 -0.0401006218219005
-0.0208135856669486 -0.0149066278638171 -0.0598897184220044 -0.0502720355106625
-0.0151092054605684 0.0133529654871716 -0.100717548549717 0.0280592948746587
0.00166413983527973 0.0130170079680541 -0.0457044716062317 0.101296418818366
0.00532863927181854 0.00800242421521788 0.0272103475326571 0.0883385446103199
0.00779555490079562 0.00501138427391537 0.0544983702980962 0.046647084921261
0.00373985614591019 0.00275644118014275 0.0636648295710596 0.0210234483410499
-0.000335829317006446 0.00550335060294216 0.074736144745405 0.00767400625780275
-0.00838448036704315 0.00291168111005182 0.081758218636477 0.0272857167054419
-0.00637559761539378 -0.00620703078179841 0.0611835088912613 0.063933518822032
-0.00165507419326579 -0.0106768691952683 0.00960598997593288 0.092561486491411
0.0188953812921052 -0.0165742161329378 -0.0347271183583378 0.111797926863089
0.0329454980296292 0.00221549841085424 -0.058650441299644 0.116691489915952
0.0298011454440222 0.0335958131913634 -0.0275411858737502 0.157896468126616
0.0355713425064307 0.048080564799486 0.0188807361274373 0.0833188921903101
0.0335716337061375 0.000939115015208639 0.0469945214294502 -0.0390822932367957
0.0139505627023951 -0.0158621061039958 -0.0529658769491858 -0.0632587189561459
-0.000712489740718879 -0.0118802381574528 -0.109630111565288 0.0163987061468962
-0.00159935509607571 -0.0146381033973824 -0.0561252481541406 0.0980395838676873
-0.0119424867363672 -0.01250335741602 0.0179574898544896 0.0911687830496679
-0.0142131714219546 -0.00370808755267251 0.0506943336460417 0.051024005349364
-0.0194968826679001 -0.00356927937220639 0.0601885738671951 0.0213293895152284
-0.0222415906651398 -0.00476976270476704 0.0696899486693883 0.00272878689266816
-0.0269754084542047 -0.0235266593167384 0.0809107346674529 0.0132978213539912
-0.00383358398354651 -0.0416555149891096 0.0725843238347582 0.0475652513459151
0.0254681597636394 -0.0351750956537104 0.0315155620043328 0.0826997473023148
0.0622274894514535 -0.00549063347186486 -0.0150228308258282 0.110938009458078
0.0631372240304285 0.0494363197053727 -0.0464836501700943 0.112390633054042
0.0354208258193743 0.0913259009874795 -0.0244541005481629 0.137438057825338
0.0282619963916083 0.0934246029455727 0.0113197073084509 0.0642714148091736
0.0580275729497259 0.0401554694511666 0.0516071539523962 -0.0446195110994853
0.0533124214110986 -0.00538323626635912 -0.0417197330300882 -0.0829032124814114
0.0239655925381793 -0.0353363860718308 -0.114962842745897 -0.00566654240031466
0.000344249211031325 -0.0454554758074434 -0.0695171864629295 0.083156421971818
-0.0263883400255385 -0.0357621223782023 0.00147603012808099 0.08588312333508
-0.0348467076099745 -0.0145334857875526 0.0360844547277702 0.0509153285069963
-0.0394125526873377 -0.00996540378578629 0.0473530924023936 0.019775690105808
-0.0407193548741133 -0.0123258176071209 0.0554404141010099 -0.00522355285819506
-0.0446363871020038 -0.0414138642536226 0.0708555208659904 -0.00629554476595572
-0.0101283840245667 -0.0697432938417299 0.0789970268639651 0.0194818374435245
0.0370138978931014 -0.0643827845432168 0.0590149768576655 0.0609953060477082
0.0980747649321987 -0.0137468990630524 0.0136191212055107 0.103238571661403
0.0949738525076882 0.074416349902982 -0.0318948155878287 0.105581793292491
0.0460208083085891 0.13026787703897 -0.0229767116924187 0.102677541658486
0.0118779915096933 0.126989488621864 0.00693695839976922 0.0273043347481641
0.0695005894161107 0.0823936117144101 0.0555398998379336 -0.0566333292648605
0.0878496590365171 0.0172886470414537 -0.0225804722452834 -0.102831211074886
0.0543259121127174 -0.0497392264499438 -0.108459380554441 -0.0365777181593452
0.00840364236477966 -0.0712386041039281 -0.0789081202944384 0.0535758015919219
-0.0349061599479727 -0.0576862516068879 -0.0199845124578986 0.0688089663015103
-0.0502348541144768 -0.0247273874446277 0.0136605709351874 0.0452895575203508
-0.0537613512602508 -0.0145268124644834 0.0273549127668349 0.0148515266752061
-0.0521029246936587 -0.0162153792730629 0.0350893443353122 -0.013684063917199
-0.0564325807550413 -0.0498800184357867 0.0517863051694645 -0.0264813051424035
-0.0197820855856765 -0.0857837904144423 0.0753197610114243 -0.0130874829395341
0.0352441728085337 -0.0866566323641557 0.078292825674786 0.0307849852524474
0.11626525119237 -0.0297212005334539 0.0385590103127048 0.0855973432091145
0.115645363019986 0.0804433014697949 -0.0222636521433042 0.0937484811121753
0.0536342697172198 0.147139109849167 -0.0257348097029143 0.0617375378217227
-0.00744635201853623 0.138138743056347 0.00718136713725705 -0.022606665413021
0.0616926836937612 0.113544786146333 0.0572008374316253 -0.0738127155821934
0.103228198999475 0.0443721875186662 0.00179952873307576 -0.117210556510868
0.0780279889169297 -0.0484693609710821 -0.0855633064777882 -0.0684590073252864
0.0194526900301003 -0.0831371933487319 -0.0793058763387333 0.0133961348413452
-0.035514771864252 -0.0709589113156791 -0.0416264264489098 0.0413056049842323
-0.0571891345844729 -0.0323999682370144 -0.0128263536932049 0.033331749104462
-0.0608324805990758 -0.0172569661433588 0.00398220234115362 0.00836634357662154
-0.056276380324585 -0.0173569655068052 0.0117724987727402 -0.0210328309332424
-0.060080541436265 -0.0504242422783994 0.0299838355149674 -0.0425143875423818
-0.025327283534537 -0.088093350554556 0.0624199937648184 -0.041049558062968
0.0300377179160974 -0.0926184972207138 0.0862289154583145 0.000842942047063558
0.116212609346738 -0.0369677377421401 0.0533209808833742 0.0645548228345887
0.114529152951174 0.077060151647059 -0.01791242968591 0.0797028613786587
0.0499000862072432 0.142931742968703 -0.031649062344719 0.0194759166209646
-0.0248040384446382 0.123291640320379 0.0128073948765765 -0.0753242696867247
0.037411332766357 0.117574340510337 0.0580887667886978 -0.0911634163232534
0.0897661019475477 0.0612794497836538 0.0264219645970459 -0.12137883579035
0.0823804870383557 -0.0342135309293703 -0.051751409342778 -0.0897733206556286
0.0259114455128958 -0.0758787236563345 -0.0698325204677244 -0.027726165327787
-0.0290143513365988 -0.0700189378864839 -0.0592567357208347 0.010438898487218
-0.0538647262689018 -0.0342311200136843 -0.0382913191640937 0.0182105278108861
-0.0577354203082285 -0.0171739369913412 -0.0188275060848401 0.000896993849262614
-0.0529605326906154 -0.0168000499231066 -0.0117864520127876 -0.0278448783784599
-0.0544893786169392 -0.0462277207267985 0.00787854536351664 -0.0538342227588533
-0.0223235741007533 -0.0796882261356902 0.0485456850614177 -0.0605160482595035
0.0288311686205502 -0.0829992105281218 0.0854142994260912 -0.019722015940541
0.103296210371843 -0.0287942678418558 0.0580085010194992 0.0466171008154421
0.0925563479169334 0.0732567299445912 -0.0171249207551814 0.064984188425194
0.0336967739029793 0.122745794867473 -0.0353460627412322 -0.0177460686804421
-0.0321702877397131 0.0832248886036372 0.0181551004208002 -0.11953248010889
0.00962535604500709 0.0911291056841699 0.0571537020683781 -0.102740218778077
0.0573337012603223 0.0563163423340005 0.0417289485108032 -0.116314076601456
0.062795643148131 -0.0168561081192421 -0.020526388480023 -0.0986352296266475
0.0234231433758534 -0.0542285885382425 -0.0563831834273524 -0.0579901053188806
-0.0179345471149761 -0.0542769907453124 -0.0709071488943256 -0.0155567399638243
-0.0413332057884506 -0.028900399013162 -0.0581929628648917 0.00424523688012433
-0.0464415696710811 -0.0147937470263632 -0.0386608946073954 -0.00692671381156303
-0.0433188995661601 -0.0157462951325969 -0.0312633857955448 -0.034247074822001
-0.0418869299651909 -0.0392385768304588 -0.00768856706959624 -0.0624227289985806
-0.0141254199120631 -0.0640072322359098 0.0373300080130107 -0.0734414939171018
0.0302297501465867 -0.0635622853802641 0.0835847445939725 -0.031329591577545
0.083256608540012 -0.00996555733433389 0.0579619352754136 0.0348474890237202
0.0586739343129174 0.0679993334444766 -0.0165712766639696 0.0517499081151282
0.00814682417996855 0.0907299835360015 -0.0330927229557699 -0.0473276026918123
-0.0316846828539552 0.0292441302134605 0.0183163253533745 -0.146632165024752
-0.0137281051259001 0.0457636203517651 0.0525133490937049 -0.106540718286758
0.0193198339441176 0.0348826518953816 0.0458867179019133 -0.109640145316031
0.0307972820830724 -0.00207506132133961 -0.00523867665524226 -0.0991067655110235
0.0142745128591559 -0.0246630685723123 -0.0505485815955762 -0.0719403142305576
-0.0056805175712176 -0.0295259642125988 -0.0768367920958686 -0.0289855036874052
-0.0219464652826846 -0.0191521303982598 -0.0709260665370435 -0.00466214069139793
-0.0280883515452063 -0.0107678061904677 -0.0507303320955065 -0.0121248409955838
-0.0284190937403571 -0.0123993075825894 -0.0438651468035932 -0.0395277731525316
-0.0263359396158333 -0.0277607994717747 -0.0173485278779036 -0.0695730286484412
-0.00496893338367678 -0.0437586565479015 0.0331435694384225 -0.0827675982925797
0.03020463245855 -0.0402299413948423 0.08386734836192 -0.034822064057724
0.056871104898339 0.00884390790876761 0.0577813183554736 0.0312223843251651
0.0205594998694927 0.0564078189272298 -0.0141195909162975 0.0419325044013346
-0.0185148315727589 0.0486363702660963 -0.023630755306666 -0.0664780255603196
0.030831916574993 -0.00186659167443229 0.0320197754234215 0.0838416670951268
0.000993361740322824 -0.0267024734154534 0.0395212052108494 -0.0425757222902777
-0.0216653564913129 -0.0142641738080708 -0.061824712823543 -0.0478013799429153
-0.0142642980063673 0.0143463460738047 -0.0990291705450915 0.0324305376937981
0.00277098172360406 0.0133771524253578 -0.0397642074907143 0.104061509866315
0.00552069914795488 0.00767658742470015 0.0313764371941893 0.0866516103239141
0.00762616900464474 0.00442036367833787 0.0560443257426014 0.0430626198681151
0.00326483797779131 0.00295343448773783 0.064504631279329 0.0168289900703008
-2.40211338734416E-05 0.00544420371334871 0.074252313681709 0.00277312412864036
-0.00790302234278592 0.00349832579724535 0.0833061319769139 0.0218140825121357
-0.00646991506534958 -0.00543294536925325 0.064299469303561 0.0613483207341606
-0.00194821024949046 -0.0101945415345981 0.0131922576295842 0.0935786288153948
0.0171281720634397 -0.0170116947254685 -0.0293418527324777 0.113437952558884
0.03265311591465 0.000927045590135916 -0.0544789236240956 0.118233711259092
0.0317520477197456 0.0318330782143559 -0.0208866932562674 0.158265752724033
0.0377656043252249 0.0461265442747154 0.0230065557576889 0.0825383541490299
0.0334302701585888 -0.000678227511561574 0.0439162900065937 -0.0417015366677778
0.0124943808220322 -0.0171025035728739 -0.0560405249992632 -0.0620632163919723
-0.00110551409631307 -0.0114506523666715 -0.108370536953797 0.0204698339799573
-0.00210185816091689 -0.0148643579024556 -0.0511528039817724 0.100227758185842
-0.0128307208507761 -0.0114878606022332 0.0228286293096615 0.0891878095239417
-0.0145321168459197 -0.00295421970866066 0.0522873925491814 0.0476317369810324
-0.0195084381359306 -0.00251875776692524 0.0603316875640629 0.0177352174536646
-0.0228000050866057 -0.00401932532841875 0.069435239632919 -0.0018285271772783
-0.0282761611919623 -0.0219057807457018 0.0814142065499018 0.0085894752746133
-0.00571126834852177 -0.0413961168277086 0.0749777264518027 0.0440403002102316
0.0239114829690825 -0.036113206366653 0.0345900451687738 0.0823763140355678
0.0615901805083255 -0.00832479933893874 -0.0101429033109673 0.112235826332541
0.0654120231740322 0.0466567581140953 -0.0416086260460098 0.113987649451683
0.0401608133457953 0.0906156670516488 -0.0183239950163896 0.137864232169743
0.0334076824146857 0.0923916253223573 0.0140985674424052 0.063461160353451
0.059835401007883 0.0368765855656943 0.0486011250967513 -0.0471940587675954
0.0526122311260408 -0.0080074268995956 -0.0455181462353011 -0.0820326376108046
0.0217369749982809 -0.0363059638773571 -0.11454120470734 -0.000612281833672327
-0.00227161519187423 -0.0450996755841278 -0.0649267046656704 0.0856683179454037
-0.0283135855384643 -0.0339762107231853 0.00567755670153408 0.0850262544207355
-0.0355618161549475 -0.0125292843319575 0.0383089845080826 0.0484748734609147
-0.0397251434107347 -0.0076263237958011 0.0477426268154468 0.0168053381046742
-0.0406753184761336 -0.00995645931924843 0.0550487356983224 -0.00889412300862817
-0.0469558837069576 -0.039007963382206 0.0699924033748534 -0.010665804539969
-0.0141746347488076 -0.0691930609416742 0.0807896029778406 0.0148031119182933
0.0335527807798781 -0.0658914991206877 0.0611399090837583 0.0593369732841133
0.0973574272807243 -0.0187645087773227 0.0172833944183691 0.10327512339953
0.0988171227081228 0.0700240086819827 -0.0279913974122868 0.106662727781183
0.0526274205542268 0.129106020146132 -0.018603049440571 0.103944925244127
0.0185914232551329 0.126078269748388 0.00780958059130887 0.0275348489442145
0.0731267896508126 0.0785792004098746 0.0527380866969776 -0.0592171758811425
0.088781747323112 0.0126601174477223 -0.0271242631817637 -0.103072143188784
0.0514500210892818 -0.0517513682314369 -0.109361940316859 -0.0320754059843483
0.00445410483265968 -0.0715636569916873 -0.0759743820568271 0.0572837107731396
-0.0384959438535199 -0.0552324363702962 -0.0161239696809486 0.0689710124575695
-0.0513535185314512 -0.0219116776909898 0.0160555130042715 0.0444591814521529
-0.0542710545608545 -0.0115599698090901 0.0281724545534136 0.0135024920111932
-0.0520180085917756 -0.0136626447368773 0.0335870444587614 -0.015775641060918
-0.0595451870405644 -0.0458969195314582 0.0510581082527906 -0.0296668464907147
-0.0246709796092582 -0.0842839440873741 0.07490741549248 -0.0174986771475294
0.0308667919772043 -0.0874761239762459 0.0793150786198638 0.0272104521886856
0.114329101887774 -0.0356083297553179 0.0416670314226784 0.0849817500473685
0.119728415846721 0.0744631112171788 -0.0185657492914196 0.0948922193610764
0.0607915279285844 0.145877174897326 -0.0227077461181688 0.0629487523701411
-0.000796158880337594 0.13845928373196 0.00566530602141069 -0.0226123093123463
0.0665918624064363 0.109467389787129 0.0533968023437976 -0.0762029010630639
0.105286429105714 0.0386227444088026 -0.00288283638172475 -0.11839275300111
0.0752375789899445 -0.0519777856975396 -0.0878109712559735 -0.0641729145421293
0.0145764609020355 -0.0838367422228289 -0.07897501320662 0.0161469035232464
-0.0398531048732048 -0.0680196780652271 -0.0399961716126125 0.0432121697571477
-0.0583820099046263 -0.0290929383550744 -0.0110350980289521 0.034158310561197
-0.060537594977244 -0.0133622138208676 0.00431803606066945 0.00805760787139463
-0.0567528240462146 -0.0146966708941802 0.00930108743972004 -0.022320923105247
-0.0629039514221388 -0.0466644007872881 0.0272687432844749 -0.0441981297437622
-0.0301513893380925 -0.0867039042687314 0.0611910803722823 -0.0445893735660295
0.0255626215150455 -0.0933876631807808 0.0850467894565417 -0.00249623023803911
0.113718161752345 -0.0433259364356878 0.0558433850305825 0.0630068116103462
0.118221287621478 0.0712282402968099 -0.0151988425701671 0.0807131798024432
0.0567438460921912 0.141297132156702 -0.0310931361217398 0.0209802466368876
-0.0183626894537325 0.123896431991841 0.0090074342062799 -0.0757195754128645
0.0430026950220743 0.115475748738057 0.0541879934707722 -0.0929575408068126
0.092883242410611 0.0563322223683418 0.0212602926882082 -0.123099820100916
0.0800743733853675 -0.0380366376583461 -0.0547810794923989 -0.0879209684848702
0.021481315162104 -0.0775810984155342 -0.0711487796129788 -0.0249032131895799
-0.0327121943752899 -0.0672952431134789 -0.058798828193828 0.0133401367145273
-0.055349188846895 -0.0313088981867063 -0.0368767290912818 0.0204522430336864
-0.0576049547408261 -0.0138138111104026 -0.0188086523113788 0.00195538113595085
-0.053179712223026 -0.0144088918563441 -0.0136943932449969 -0.0273980166908331
-0.0569614361072852 -0.0429094512911012 0.00561829614801391 -0.0546587955739537
-0.0267252158731753 -0.0781783741104686 0.0453905616976169 -0.0638323405239654
0.0242120886392516 -0.0842121672705701 0.0837248017650933 -0.0239741499254443
0.101790622715422 -0.034065145832219 0.0592654040795716 0.0446302257944668
0.0966922523704839 0.0684789322431686 -0.0144517611669758 0.0664772079177141
0.0388204844299733 0.121368875463479 -0.0360452593834829 -0.0166227580954256
-0.0276606645420071 0.0848569618237018 0.0126763021924019 -0.120693132241738
0.013641979531044 0.0902334540302667 0.0540591378275434 -0.104261095927242
0.0599581320772435 0.0537695893705052 0.0375421801501689 -0.118131866736695
0.0617604827876881 -0.0192700805740892 -0.0248176338006961 -0.0983444353265254
0.0203825342685973 -0.0554064085230102 -0.0598294325567382 -0.056110157382616
-0.0209593414096388 -0.0526403187508519 -0.0720742069276714 -0.0118092002513077
-0.0425564992319354 -0.0266174310053888 -0.0572918554482586 0.00744747065750563
-0.0466158192313364 -0.0115769816180798 -0.0378046398104178 -0.00462450280735454
-0.0434887811523286 -0.013192024679987 -0.0324726497325453 -0.0324217592920666
-0.043791942951489 -0.0361651485798599 -0.0105329850675334 -0.0623127536175106
-0.0172713618601744 -0.0634829964922057 0.0342952250808273 -0.0761255718761202
0.026565130115071 -0.0648348694161944 0.0817849326045467 -0.034706636376067
0.0816420825546966 -0.0140258032167599 0.0591937881536117 0.033194961791457
0.0624344360129454 0.0652655735030083 -0.0146874619202905 0.0529872623540254
0.0122746695932092 0.0904065316011506 -0.0349808071363009 -0.0458029102693225
-0.0300431752123244 0.030945188756951 0.0120668542053338 -0.147218185901524
-0.011651972093719 0.0466047737234627 0.0489798894285984 -0.108077411595672
0.0206281696924519 0.0338633537883758 0.0410165156789439 -0.111718221392802
0.0305125251715438 -0.00375459634179542 -0.00879594488716064 -0.0995954905977275
0.0126658435914862 -0.0250921732858622 -0.0543970715589785 -0.0703523866598882
-0.00718081944760874 -0.0291161064001708 -0.0786744964924708 -0.0244867388075046
-0.0228760207561087 -0.0174615367180438 -0.0697918402151066 -0.000527059213639753
-0.0277021602045297 -0.00902468891471458 -0.0512922664068012 -0.0100513069549825
-0.0284684518855988 -0.0110931006181442 -0.0451901066322543 -0.0367573836336782
-0.0285569389212902 -0.0258356577792873 -0.019955278337029 -0.068693909232668
-0.00717211230713685 -0.0429795190039606 0.029144925653417 -0.0847642550259611
0.0276427726881143 -0.0413146993975161 0.0826049274876692 -0.0388232353397463
0.05697805940196 0.00614941989530332 0.0588641502503155 0.0290980917714183
0.0232703350953832 0.055875944747909 -0.0124927317771849 0.0432657530205885
-0.0162116377303358 0.0504594195860665 -0.0270002477082025 -0.0650367156447713
0.0300936036458335 -0.00320677807336549 0.0350073053062652 0.0794142475785131
-0.000148704281966934 -0.0258895934056389 0.0353803640232218 -0.0430702261592631
-0.0215979752919746 -0.0126663508286875 -0.0622738710695317 -0.0440421528662834
-0.0131567378849916 0.0144617448996431 -0.0949235918847693 0.0350883361552299
0.00371494877833842 0.0127756819947179 -0.0334602770019259 0.102038667340071
0.0056775305804436 0.00661295398240089 0.034637456236981 0.0809627439872254
0.00743764328350387 0.0043453149941565 0.0555474616137561 0.0389676454605342
0.00331188348627419 0.00272286072219564 0.061937316547505 0.0124133691063147
8.83223907082964E-05 0.00513384368089457 0.0711740260126907 -0.00185400354733813
-0.00726577478613986 0.00326614942169777 0.0819710237201739 0.0163154406096234
-0.00665453787341548 -0.00514215603292238 0.0655632210181334 0.0560959730235061
-0.0019404324137722 -0.0100853044687552 0.0164161117459662 0.0915037927279891
0.0156662513023916 -0.0179001624375206 -0.0236857369720349 0.111684996367425
0.0320112357464168 -0.000578951164554659 -0.0489747734951265 0.116055250167526
0.0331737430943786 0.0296757416070006 -0.0133028570807435 0.154472427478482
0.0394139656854332 0.0432407232447378 0.026331623927679 0.0786481647433737
0.032013530709924 -0.00261222855070443 0.0400506739168314 -0.0422208141589345
0.0112512391136397 -0.0172654053547502 -0.0576798288269797 -0.0578711537695655
-0.001944917359068 -0.0108508414980048 -0.104317506816925 0.0248798332421142
-0.00291693777635489 -0.0137034997688673 -0.044384117157462 0.099599341949268
-0.0127715595040483 -0.0103501112909806 0.0264367598104984 0.085053158542259
-0.0143797567963082 -0.00193268107288132 0.0521254284232504 0.043221320055489
-0.0188714718084199 -0.00174539943969509 0.0592345484515831 0.0134315666505743
-0.0219802541335919 -0.00273345471997592 0.0661414421213201 -0.00629693882694355
-0.0288212971217949 -0.0197252169345458 0.0792874159287525 0.00324254654917326
-0.00838017719079371 -0.0395411491986394 0.0753467875867349 0.0385402532893438
0.0217856980709712 -0.0357865162833593 0.0370412431287216 0.0795310055215181
0.0590308665579727 -0.0114402331749937 -0.00474234185854671 0.109357999360732
0.0654566034498789 0.041955667990103 -0.0368505492791227 0.111920508668703
0.043844467428037 0.0857053958385981 -0.0117655405261427 0.134491170372287
0.0371075185691999 0.0878854024045419 0.0161201429343369 0.0613282304428518
0.059397705567456 0.0322709563117776 0.0444237097359239 -0.04766580715432
0.0502446295745525 -0.0106300357595039 -0.0478310283183003 -0.0777558083991674
0.0192304784754463 -0.0360927259214143 -0.110685438722315 0.00415038704508965
-0.00483503159880603 -0.043298043090569 -0.0587682757949946 0.0862722432068063
-0.029504468003744 -0.0308157509384619 0.00985080617521071 0.0815185857237061
-0.0346998738001982 -0.00991314955193818 0.0393699662147074 0.0445917595493471
-0.0383261108321931 -0.00529985907718294 0.0466930473049037 0.0133949525003106
-0.0396815871615193 -0.00798363891661433 0.0520319137391524 -0.0117561966462177
-0.0476212388488493 -0.0344543347686591 0.0674235537231004 -0.0149079335199964
-0.0180672205543077 -0.066127997320105 0.0791711090021194 0.00937018640470011
0.0294449316699468 -0.0649742969467747 0.0609181309472072 0.0548010635253669
0.092539953470831 -0.0231861081102151 0.0217067499191509 0.100080109519902
0.0990698794997113 0.0628290953742184 -0.0230605289285516 0.104416093648818
0.0571929515396525 0.123010479900249 -0.0131654264538313 0.101135324477207
0.0246612908278286 0.121258733147395 0.00848996070748317 0.0269635289501287
0.0743410789224335 0.0721241127498136 0.0473284668175064 -0.0595619323578596
0.0865031662403335 0.00738502869663956 -0.0305856095482951 -0.10039235617804
0.0471589107155637 -0.0528113896416454 -0.107028925960149 -0.0263170920303765
0.000432420957918099 -0.0690403311531003 -0.0709716184434325 0.0586491809066577
-0.0404466287027509 -0.0506822383746603 -0.0123427569117434 0.0682718346084474
-0.050933470868228 -0.0187783598758814 0.0180112048436163 0.0412175522412071
-0.0524412259443052 -0.00820962098977408 0.0279134425219995 0.0118249191673768
-0.0512419491177497 -0.0109106428322127 0.0313006588597127 -0.0175105694003577
-0.0602090050230186 -0.0412521083633004 0.047414658765557 -0.032132175988916
-0.0290557779073799 -0.0797994980315 0.0721080431914974 -0.0217923819316198
0.0250910193133728 -0.0858575073432521 0.0774468841928004 0.0236500893375212
0.10852239899209 -0.0407435548934541 0.0443239024382235 0.0812766092033983
0.119858602560064 0.0661155742267983 -0.0146617393871324 0.0938773549024531
0.0657546436632172 0.138879273898668 -0.0194612066654766 0.061863190547835
0.00617460772125723 0.134304698967297 0.00449618651179562 -0.0218033743635139
0.0696614402023876 0.103059317252892 0.0488378940674644 -0.0759172656105017
0.10398092638987 0.0324350700589617 -0.00795973921757382 -0.115888744479863
0.0703687083564964 -0.0543495648761689 -0.086888976738579 -0.058748903292084
0.00968520758022384 -0.0817008197236621 -0.0761466643344513 0.0187839710476804
-0.0418521482186506 -0.0634459676569432 -0.0363672857198185 0.0437639493966605
-0.0584425679148691 -0.0255229972086043 -0.00837331384502601 0.0333100859397969
-0.0587282490606299 -0.00943978650837585 0.00551573493212393 0.00730740296499214
-0.054917858527714 -0.011532341377985 0.00740306610952275 -0.0218436256060438
-0.0631565929038654 -0.0413968374266652 0.0241593495517446 -0.0451364327499778
-0.0337653207912071 -0.0821056959809722 0.0571444786835725 -0.0475512556628219
0.0193920708676628 -0.0913209830035951 0.0816454873719652 -0.00578157427343922
0.107683738160418 -0.0478910639673979 0.0568414222420723 0.0594448754510408
0.11851486743343 0.0633473294604697 -0.011358951959597 0.0796825088742591
0.0618554972483168 0.135030989063064 -0.0291439815227733 0.0221855609035755
-0.0113427547348487 0.121186512209773 0.00515856812911167 -0.0730811667233046
0.0466999587613133 0.10965988832458 0.0487222153007337 -0.0919739817467202
0.092769537490411 0.0498720900344068 0.0155620196883677 -0.121032377024297
0.0756331294292746 -0.0409149315271001 -0.0565178556344141 -0.0832215820598875
0.0164203652546869 -0.076156170350617 -0.0701096166185722 -0.022205155640096
-0.0349692790589632 -0.0631944834452938 -0.0569795198950627 0.0160566438978819
-0.0552091676545686 -0.0271665443302067 -0.0340463940023203 0.0220888160473822
-0.0563604951130665 -0.00996751397394268 -0.0176083077325374 0.00269994323334639
-0.05213687712339 -0.0111518547590314 -0.0147982474317035 -0.0257833896022197
-0.0566470902404775 -0.0386115663305898 0.00243297258801994 -0.0532373427145131
-0.0297984966553329 -0.0746552113711698 0.0411334637107045 -0.0651729005378587
0.0193266690630076 -0.0822477047377236 0.0796466380263052 -0.0268946690487047
0.0956706732484788 -0.0382587068234853 0.0594089012787862 0.0419370932888775
0.0970308181332183 0.0613373497184762 -0.0116326978828676 0.0658985467318845
0.0437357335129866 0.116647251771618 -0.0354399934002845 -0.0133989855330018
-0.0224088576090245 0.0835721570191048 0.00695017769991304 -0.116877854590996
0.0179079560146464 0.0871337555181211 0.0476762280552953 -0.103296868037603
0.0608618788634615 0.0485555497708589 0.031345208547602 -0.117345020610529
0.0589292262024956 -0.0220422141151601 -0.0276538587293462 -0.0945083684795353
0.0168288823427853 -0.0542823502049489 -0.0613469960707518 -0.0527520112982815
-0.0235441968178083 -0.0495943714451418 -0.0703180212728635 -0.00760010868380936
-0.0425165989142033 -0.0231117630310517 -0.0548796847948449 0.010615392240699
-0.0445120781842759 -0.0089304351020589 -0.0365767595772008 -0.00246201102147207
-0.0428588817609648 -0.0110751487110035 -0.0334479221637066 -0.0291145174201333
-0.0445165341795938 -0.0324819780830262 -0.0131417654570746 -0.0599013752577131
-0.0205952522327578 -0.0602328560628943 0.0295239786965615 -0.0759803574388002
0.0225980362148036 -0.0640906711518371 0.0772158516695257 -0.037507105244157
0.0778878020036677 -0.018432749040978 0.0583820466642862 0.0306114957241582
0.0635189040457899 0.0599810872941684 -0.0114581336912375 0.0531883012939832
0.0161862594205078 0.0875474500549158 -0.0365218121167456 -0.0422310284956386
-0.0275097566391328 0.0314519342917179 0.00503770058853218 -0.143143268522717
-0.00936743442620448 0.045738609573159 0.0433813856160839 -0.106977210089542
0.0220891154374373 0.0313952493425186 0.035183607701553 -0.110570153747514
0.0294270740093402 -0.00463228141706602 -0.0124038595605403 -0.0969911958109504
0.0107994120551734 -0.024788721768887 -0.0567111136931585 -0.0664737285090613
-0.00834202716533546 -0.0274833043575455 -0.0772519970109369 -0.0194971162696599
-0.0232453715001589 -0.0159807471215542 -0.0674283391245862 0.00376110671944142
-0.0274228793359136 -0.00674186845386993 -0.0493667040918506 -0.00668184465662671
-0.028004343815511 -0.00899536672899378 -0.0460898446428769 -0.0336229174390068
-0.0284661399908347 -0.0235181719027035 -0.0223703475124525 -0.065882672660235
-0.00894655759084045 -0.0416029438657987 0.0238326749915639 -0.0835710001726612
0.0243543745219832 -0.0411507665184356 0.0775722508849696 -0.0409425049098204
0.0553331863098151 0.00334436900239746 0.0586120438483459 0.0261614294701792
0.0260565498511355 0.0528329141454716 -0.00996248217098408 0.0436148342823418
-0.0127129832807946 0.0495671600973427 -0.0289614007615512 -0.0608965564804727
0.0296410298843652 -0.00644292691142005 0.0399130137409752 0.0713125121269166
-0.00256793586102057 -0.0245687510364763 0.0276344517054634 -0.0438306716443046
-0.0231921801979815 -0.00885606816228444 -0.0632656450853116 -0.0333963590428761
-0.0108824591654421 0.0152459625506146 -0.0843937568212911 0.0449597140919288
0.00452678003166491 0.0111420996676178 -0.0180275583229855 0.100138994915382
0.00649086244617131 0.00553091279398114 0.0416379117138089 0.0726699010198853
0.00774552865626052 0.00285967391747973 0.0567757132591237 0.0308143076576928
0.00309164782906162 0.00222251778654014 0.0598920307637061 0.00427582297646495
0.000204458714926259 0.00419213641536421 0.0662533353730471 -0.00983168698819106
-0.00683735320949307 0.00369099773773866 0.078815915220171 0.00466160719146778
-0.00701084926652024 -0.00474102355320815 0.0683123196703228 0.0460696982133792
-0.00227618968534354 -0.00935817958769815 0.0261844372147611 0.0859398696367033
0.0126446578380798 -0.0186168114633969 -0.00980400696824814 0.107288913344172
0.03099075139146 -0.0042217714629436 -0.0316956500024481 0.114107261773992
0.0362997493918126 0.0236194304118076 0.00614620423372932 0.148362658978518
0.0447386224460078 0.0369473663385748 0.0296427260737313 0.0683094853049741
0.0298355569221653 -0.00612882349588058 0.0313278808440449 -0.0443793624306807
0.00763855980309171 -0.0172369378988205 -0.0620049377150807 -0.0476934012993225
-0.00292635983366154 -0.00983876443565299 -0.0951396812822917 0.0366122836431353
-0.00499220139390646 -0.0127528817940593 -0.0296312403933585 0.100147391036307
-0.0126846294357022 -0.00783985432251155 0.0346141734418144 0.0775693689413354
-0.0129551917269868 1.21890028264892E-05 0.0538162921127136 0.0352420406170403
-0.0177341961659043 0.000799805741201883 0.0568973290833742 0.0056592726824583
-0.0205491964121041 -0.000514621100344004 0.0600667168854442 -0.013433645813498
-0.0290710918354245 -0.0154470262679593 0.0736859054216764 -0.00733297592340191
-0.0133655234029292 -0.0365429560107004 0.0746900067782592 0.0280195199877397
0.0167177415187974 -0.0365241801486704 0.0433325884688181 0.0711579360408798
0.0540929631273596 -0.0178889931583454 0.00883523828470095 0.102851046984029
0.0666269850114964 0.03098626631578 -0.0189960279069452 0.109353729374219
0.0531881999969837 0.0736654319052224 0.00475487068699277 0.131718387747334
0.0478644994658124 0.0802620764579593 0.018377609323279 0.0496928638748891
0.0595696522962574 0.0240819808533073 0.0340845308492531 -0.0509779213161285
0.0451067427146564 -0.0157454834399623 -0.0570998359818399 -0.0687324504439841
0.0139865417378391 -0.0353564331483873 -0.105217097509889 0.0185394022380144
-0.00972667435063818 -0.0399410347820228 -0.0450305017174996 0.0900580968735692
-0.030885142106117 -0.0254034728801808 0.0191773512033233 0.0774463339177243
-0.0333285204183276 -0.00551433127153523 0.0417292754948646 0.0385368404632613
-0.0362185483243359 -0.000378311130272049 0.0454459073541503 0.00650777822058177
-0.038161751826663 -0.00338690510105476 0.0458851204249428 -0.0176114509781789
-0.0488129774398725 -0.0263159300016242 0.0595956016665084 -0.0226193374871021
-0.0257082734372722 -0.0594911867819953 0.0743016669314004 -0.000419489340430057
0.020227990605886 -0.0642013399668002 0.0629732492828136 0.045402354997217
0.0836604893087026 -0.0336283094462205 0.0332872359201595 0.0895324094191029
0.0998058028609126 0.0461518847795696 -0.00512932205237615 0.10124112900518
0.0704972134607045 0.106867758822247 0.000438047695321382 0.101299363826063
0.0397472378889473 0.114099195561391 0.00751902966712986 0.0149929551273033
0.0774113051651861 0.0594433214411454 0.0353027979593797 -0.0641729316139925
0.0813701201911911 -0.00335696371822598 -0.0445213569552411 -0.0930458484305885
0.0385603923209373 -0.0545253004188009 -0.10660047228702 -0.0104348651065118
-0.00789980451815625 -0.0648975063068142 -0.061373935599666 0.0656407291728428
-0.0430985564570939 -0.0427372375647648 -0.00443408219128079 0.0677600819636929
-0.0492544749641501 -0.0113547358918092 0.0208877028291026 0.0387497135971078
-0.0501617517719769 -0.00113030832908395 0.0274664534206132 0.00685485723311839
-0.0489988680343125 -0.00435136981337164 0.025513503828417 -0.0200591978388515
-0.060809773091636 -0.0308468890906183 0.038193924013687 -0.0364213981036052
-0.0379617248650642 -0.0711156964300639 0.0636531132843042 -0.0292510380676751
0.013227171820487 -0.0831384996832536 0.0738988604075139 0.012109328561347
0.0960081583337216 -0.0527987358789096 0.0523221273130731 0.0692868436823805
0.119629849958862 0.0465913998021241 0.00342235389124176 0.0892178311268398
0.0797120935383245 0.119912151909335 -0.0102793315498894 0.0656473019464994
0.0234953997907527 0.12904104969158 -0.000714834620771333 -0.0316718553878344
0.0763814790291473 0.0889039449491809 0.0346177825818715 -0.0802571967796557
0.100330869112964 0.0181379233045734 -0.0255764716559873 -0.111816955985473
0.0596175321803104 -0.0581034354414452 -0.092823900516673 -0.0436403508370951
-0.000741537841007508 -0.077977013937742 -0.0718662215800882 0.0290259215781602
-0.0465611118775634 -0.0546479520997339 -0.0309669367723225 0.0486948820778169
-0.0568439423590402 -0.0167240254687077 -0.00502647181861799 0.034075406799755
-0.0556938948148257 -0.00188568901130873 0.00566547673439643 0.00603720857563056
-0.0528521884484658 -0.00471977178976897 0.0033001906992458 -0.0215862320707006
-0.0631799716432736 -0.0306718760807912 0.0148104331361226 -0.0451919666476452
-0.0430609373760988 -0.0718701708183124 0.045849279500648 -0.0515095498565936
0.00721488474984023 -0.0873524455970231 0.0745309736497953 -0.0161836351654054
0.0930698333472887 -0.0586879894557915 0.0608669478350357 0.0473708091774044
0.117623080351889 0.0439057190694408 0.00468409132344424 0.0769019431523626
0.0746429873645878 0.117777928968012 -0.0231578431935689 0.0286861541384788
0.00414490176103847 0.117816459171084 -0.00413568775530833 -0.0796060590142173
0.0554047935812993 0.0978433980097436 0.0339111148444335 -0.0955437154986812
0.0924879479648031 0.0360022064850055 -0.00358529080140323 -0.120217982882304
0.0664449325739123 -0.0454721431318883 -0.066804678302784 -0.0719183517845799
0.0067622114313078 -0.0735193925192223 -0.0728067010188974 -0.0103103668579324
-0.0406335207534779 -0.0552974883444287 -0.0528051313210322 0.0245457821022826
-0.0548353437300331 -0.0186375663281242 -0.0309999532700368 0.0264452693311605
-0.0536616197767451 -0.00241122724819173 -0.0161176167224111 0.00546346025013116
-0.0498587213229478 -0.00486046773892461 -0.0181438799168808 -0.0220007833033754
-0.0574164252033332 -0.0286899606687656 -0.00638817248466744 -0.0507085345171619
-0.0379553295521344 -0.0646564425482412 0.0292910752293337 -0.0667434442935988
0.00771441526411465 -0.0785221874446158 0.0704680269524606 -0.0363147033295491
0.08341708645942 -0.0488523096207321 0.0621851973624439 0.0305352801336112
0.0971709390963542 0.0452041797910395 0.00225760964554423 0.064239956687262
0.0548793823221325 0.102282372333042 -0.0347015260274568 -0.00486869573005514
-0.0114755104969917 0.0826189090641413 -0.00590989001664357 -0.118742978134735
0.0252116627416783 0.0796139240908946 0.032653509636274 -0.105141025116697
0.062276792103935 0.0386208002961946 0.0141701349608782 -0.11759394005208
0.0528080849821859 -0.0265087808726243 -0.0398400741135935 -0.0869091025929449
0.00985436371764916 -0.0532831470239381 -0.067206904040907 -0.0416533940090882
-0.0273051060620341 -0.0438339135831871 -0.0690473018870704 0.0029852017152852
-0.0422612861012142 -0.0167743998396899 -0.051583255251199 0.0181907144083919
-0.0425816960435617 -0.00268852146389937 -0.0347256688143694 0.00240246338270483
-0.0408470360176347 -0.00429627275049588 -0.0355539457873092 -0.0233152134198035
-0.0450910464478139 -0.0242241815118228 -0.0213858705377624 -0.0548144139668684
-0.0267413380291146 -0.053031652052145 0.0177973564796249 -0.0756523863513732
0.0133265793932363 -0.06187817380934 0.0674580098703086 -0.0459740598487543
0.0699530091996924 -0.0280378022945826 0.0602908277329572 0.020684529842645
0.0661878359596402 0.0472083430020559 -0.000126615514552779 0.0526937502343043
0.026179279205562 0.0791647636668154 -0.0392652915242807 -0.0329523337158281
-0.0230285817922152 0.0325217002109803 -0.00922991448113504 -0.138973190785441
-0.00377552052527325 0.0435171653273775 0.0292299957064919 -0.1072033648212
0.0236123905361905 0.0267420250503771 0.0199254749583236 -0.110609520956842
0.0266438282015443 -0.00766225777369811 -0.0251710249407877 -0.0911557127118566
0.00760495948367995 -0.0247614085277171 -0.0632246372251372 -0.0556800273282635
-0.0113018736519125 -0.0248984223527511 -0.0761803544202607 -0.00830630262305368
-0.02329917931346 -0.0114945951319434 -0.0644279566908464 0.0125034591706389
-0.0261269542612136 -0.00306567585632369 -0.0467733382948352 -0.000494203746200572
-0.0274629292809957 -0.00465419351017959 -0.0469656540338153 -0.0256664667758658
-0.0290130627345487 -0.0178019839667235 -0.0303264669636713 -0.0592161290714722
-0.014005417919809 -0.0373138923575374 0.0122625492102476 -0.0826241036818748
0.0174638585427924 -0.0413304060071855 0.0683572965772188 -0.0494834282452324
0.0512820683424268 -0.00487770368081078 0.0588745124361789 0.0176291370614697
0.0310118450256152 0.0449229316608259 -0.00162635789336632 0.0438982713467427
-0.00628378260813326 0.0477072030154679 -0.034928111561471 -0.0530807982782327
0.0285360107874354 -0.00589535439447965 0.0371907866907156 0.06830929548127
-0.00186721655268116 -0.0233222202085933 0.0270932151820633 -0.0414166448785716
-0.0217227012051068 -0.00836275620300718 -0.0594270201388771 -0.0329242452368349
-0.0105167649290512 0.0146142702917199 -0.0810844608602661 0.0410699557367218
0.0042231490622587 0.0106156715272585 -0.0185772101325173 0.094575866865152
0.00637940724073712 0.00557087498267283 0.0383244407420278 0.0688329153712951
0.00729405637954602 0.00291190152502011 0.0524592647116025 0.0299148491724825
0.00284398418236939 0.00203834976418136 0.0560443497065955 0.0038808824892002
0.000338256434379175 0.00366985407985492 0.0622187891438335 -0.00909753972781244
-0.00658508744133899 0.00321510318260879 0.0739831427234432 0.00384310036126394
-0.00683028442436694 -0.00489795004996016 0.0645315619339495 0.0445514180343357
-0.0019603223246474 -0.00908129065088619 0.024087188121866 0.0829499993738908
0.012651508080327 -0.0172233566674751 -0.0106796467277995 0.101640956585144
0.0293874332904983 -0.00377419564302811 -0.0330036917013744 0.107438303366642
0.0341310182340193 0.0224932048856364 0.00262417094724717 0.141548983446659
0.0417234576164305 0.0354705907129718 0.0274968764945978 0.0653350734756294
0.028438556262122 -0.00557882866403724 0.0300255720318196 -0.041191189703791
0.00696741645498409 -0.0162010818742933 -0.0581666238688853 -0.04597837348684
-0.00316656709335239 -0.00905600609705611 -0.0912977763128781 0.0331688342300089
-0.00442087749500548 -0.0118243116024801 -0.0287762766255616 0.0943263632660618
-0.0123615508114656 -0.00754969226876705 0.0320759220508781 0.0741606303250333
-0.012440043400214 -0.000388565676010623 0.050141499609075 0.0341383087580734
-0.0167739353021733 0.000550735983322139 0.053501530906697 0.00526759369802241
-0.0199154152546774 -0.000621643813402139 0.0563484902971936 -0.0126880240594669
-0.0279723820999953 -0.0145166349014729 0.0698007164727462 -0.00689458015531699
-0.0125634170019556 -0.0349098814169012 0.0707631104596645 0.0267768166462841
0.0160673903506592 -0.0344856885466269 0.0405725421671175 0.0693935755401998
0.0512586881936661 -0.0169008439474479 0.00699815309475156 0.097575715044457
0.0626372568824957 0.0302257684016528 -0.0201195159244804 0.103362054499885
0.0498391225455859 0.0708268996886161 0.00209612797447245 0.12491325683761
0.0451849224865889 0.0767916801217967 0.0172412697574361 0.0476257490004938
0.0557125476578504 0.0231462319449077 0.0327616123376249 -0.047341015900993
0.0428784869382106 -0.0150839284852189 -0.0535654146243255 -0.0665130280274747
0.0133038919722421 -0.0330292630177406 -0.0998599994710487 0.0155043021589359
-0.00898717070557372 -0.0379717020563442 -0.0440407273226615 0.0842615736787058
-0.0291291604355346 -0.0241038532335243 0.0169179539386698 0.0732415996666877
-0.0316744597947848 -0.00531802275191981 0.038450041311354 0.0367179340729416
-0.0344461847371011 -0.000419036059432862 0.0425811747974058 0.0064480009554718
-0.0364625050173875 -0.00342129680303913 0.0426408787934386 -0.0161785935390068
-0.0458712166851343 -0.0252177562604885 0.0565439520161944 -0.0217154430133627
-0.0243488162492202 -0.0568188347107028 0.0709180541439163 -0.000149073519802683
0.0197751466443338 -0.0608418597547188 0.0590425342613413 0.0442569079778037
0.0794359447558905 -0.0308089167638596 0.029556971747564 0.0864175549134433
0.0942809006435465 0.0447853119390437 -0.00679278518545202 0.0959627707848639
0.0660503954834148 0.102710154033496 -0.00137544988799821 0.096631872538801
0.0368998551251516 0.109065661092129 0.0073795548144442 0.0150009143058332
0.0724515763011865 0.0570819492878281 0.0348489005649099 -0.0592302876242774
0.0767111833141347 -0.00237009055367456 -0.0410780676499764 -0.0898004597531429
0.0367023025608565 -0.0507224713613636 -0.100441239772927 -0.0126850126720276
-0.00744367371871966 -0.0610972175906386 -0.0591914118368453 0.0605568813316814
-0.0409045256895815 -0.0408109181653172 -0.0053070243156625 0.0640384843957831
-0.0462251099393052 -0.0110157409496838 0.0196092970313177 0.0366559586019865
-0.0469621812437635 -0.00144739696735456 0.0255082617459495 0.00657710414810531
-0.0462405485688784 -0.00533104022314973 0.0238492328362514 -0.0192124937955763
-0.0575065543641631 -0.0292181407225638 0.0364385305447903 -0.0345285481317552
-0.0361867361035162 -0.0672438296445708 0.0609126048436451 -0.0280955777711702
0.0134530361485625 -0.0785457633287642 0.0704203077266427 0.0139587660451666
0.0906489796895192 -0.0491967697141998 0.0484504668441981 0.0670711785402129
0.112855596971781 0.0455641650567122 0.00156023841449751 0.0858054821132094
0.0746727660904666 0.115959908627481 -0.00979033257661102 0.0626916607099308
0.0204903786483691 0.122635466524459 -6.581610238861E-05 -0.0291573711601878
0.0712087523309127 0.0851878352061344 0.0341291929522654 -0.0749016897178628
0.0949405682534924 0.0178941447265808 -0.02270212185875 -0.107174730705636
0.0573921005726017 -0.0543237291822243 -0.087231504556345 -0.0441636916377304
-0.000709370525918062 -0.0738113376956967 -0.0686972099334401 0.0257301515734478
-0.0436902163459918 -0.0516252464888807 -0.0293852793171735 0.0456755769686404
-0.0541617909701597 -0.016107395580405 -0.00505169642993152 0.0321268569277253
-0.0524859381614632 -0.00198696235137403 0.00517967300735887 0.00583756705883912
-0.0498537722285658 -0.0053188844712506 0.00298915652853745 -0.0196088955238145
-0.0600258229935047 -0.0297884993290678 0.0143445543187356 -0.0429390726237318
-0.0403851768521314 -0.0685029776553102 0.0441393441406216 -0.0494230662237292
0.0075996577233633 -0.0827184970802698 0.0712089984350457 -0.0141198056675472
0.088638745136323 -0.0555727612819258 0.0571909644351744 0.0464498066559026
0.111465670613549 0.0433280536043518 0.00284140735992509 0.0736900166849797
0.0701969489216705 0.113315776119139 -0.0226843967763423 0.027140372420686
0.00233242968118091 0.111728076886714 -0.00332401454664431 -0.0754733232311933
0.0512109800624837 0.093917529692121 0.0338453505649283 -0.0897794533184055
0.0868439132816761 0.0350307472910076 -0.00111188024946382 -0.114526449357654
0.063352881719264 -0.0429428168947546 -0.0619806038453841 -0.0697521427659394
0.00671038958115912 -0.0696229043255677 -0.0694280229387508 -0.0117743431939652
-0.0379904567579897 -0.0522193986832045 -0.0506201845483646 0.0228721687592848
-0.0515079181149148 -0.0182156278922848 -0.029037291660228 0.0250377895266263
-0.0497139421865949 -0.00266180976391261 -0.0153909835695813 0.003874251755873
-0.0470150405844961 -0.00488802579542173 -0.0168968508781077 -0.0210779995771844
-0.0542362456651985 -0.0273894788272544 -0.00506849430962886 -0.048161150671912
-0.035845750929214 -0.0621511045497784 0.027871754813731 -0.0637703278855473
0.00838498287333807 -0.0744113008356259 0.067173301417065 -0.0324801776956012
0.0794661291571875 -0.045169022225862 0.0583041501169516 0.03085104205128
0.0921053303463742 0.0437590502560521 0.0010695000742257 0.061987374587304
0.0518681336350758 0.0989282586599216 -0.0328326838523663 -0.00475531670017759
-0.0117864812070512 0.0781765358474369 -0.00441742198740981 -0.112107653672135
0.0230013645673953 0.0760089865924155 0.0334919209013074 -0.0991611165843134
0.0581822003383119 0.0370857484763537 0.0151206956333264 -0.112178747932458
0.0497246280996335 -0.024454770032802 -0.0362623691007837 -0.084354478149623
0.0092440530319611 -0.0502074368021688 -0.0634743002827914 -0.0410023103500644
-0.0258166763788596 -0.0419892751708694 -0.0656353832574105 0.00312807810246033
-0.040448478245908 -0.0156660998282898 -0.0488534416723615 0.0166276124015644
-0.0397318799477679 -0.00289420453735411 -0.0329883673840545 0.00140884205126775
-0.0386519518308929 -0.00475906291847911 -0.0334283006943731 -0.0220131211371222
-0.0424155611456514 -0.0230225504531707 -0.0195688386863839 -0.052604638444866
-0.0247124295107549 -0.0507903804516559 0.0170663951895311 -0.0725147639289206
0.0124492758557908 -0.0585903369958376 0.0645693447573842 -0.042383183136624
0.0656048205594865 -0.0252703447352333 0.0568563434850338 0.0216305280904627
0.0622703773064579 0.0454984765247629 -0.000725744603236438 0.0499899951366474
0.0237764586323609 0.0752345430655765 -0.0365899826374168 -0.0311014435887091
-0.0218463279977531 0.0306595718462355 -0.00715059331585674 -0.131887404139796
-0.00383916325007854 0.0411096916597215 0.0302282561556344 -0.101088834290672
0.0221663477816417 0.0255451554874702 0.0212933305117102 -0.105454034635252
0.0253849134769716 -0.00671900010974361 -0.0224216955866415 -0.0879118758832682
0.00733696418813508 -0.0232458851597297 -0.0603050133108875 -0.0542227033981335
-0.0105206833759523 -0.0237979802055614 -0.0723944233183268 -0.00845519899343804
-0.0220820271294402 -0.011213042268338 -0.0605299952589875 0.0111255517506827
-0.0239744157984053 -0.00284320828775981 -0.0444370565718346 -0.000792292544479718
-0.0261077297631331 -0.00451167037663353 -0.0440333847402124 -0.0248251367664532
-0.027506427690018 -0.0166884577186 -0.0276912046195725 -0.0569404648167457
-0.0126981809411294 -0.0351274885259343 0.0124139498145042 -0.0784570107545418
0.0166771188468777 -0.0387004238197483 0.0652067518882031 -0.0458994274218879
0.0482635675499286 -0.00406121219871893 0.0554611738904986 0.0183058571323785
0.0288726217985847 0.0432107077913685 -0.0015497959041266 0.04229791095211
-0.00621692322061765 0.0450214732398268 -0.0327810205771942 -0.0502876839587546
0.0282338895892833 -0.00464784448597359 0.0338649059918488 0.0675836458093928
-0.00117898716627491 -0.0231206634544442 0.0281706867067339 -0.0388495270578519
-0.0213703878341161 -0.00904481723226364 -0.056858582362271 -0.035049948070698
-0.0108176427116032 0.0143604430395006 -0.0813449880922179 0.0368156771328563
0.00399987147025991 0.0102196594778006 -0.0213200671345017 0.0919554541254748
0.00542697757910429 0.00569840813242212 0.0346188775541989 0.0689313559078519
0.00692235632185332 0.00284902101306956 0.0491826298404705 0.0310358347778702
0.00254362962870251 0.00199941715181513 0.0538634215912583 0.00615104667369484
-3.02377753761051E-05 0.00350423359861412 0.0602794428814152 -0.00720571372033373
-0.00650972421026821 0.00273069166778818 0.0719645320772256 0.00638894848607292
-0.00665375290234294 -0.00501533055754904 0.0618568342775253 0.0459331840577693
-0.000834682078346491 -0.00911848389524922 0.0202335780648109 0.0823658295817857
0.0120819523559538 -0.0161917027086801 -0.0147190424869074 0.0982034926527644
0.0285539461766011 -0.00234801127247764 -0.0375868116288825 0.103212110786135
0.032882345513738 0.0230568342574636 -0.00309900655945081 0.138107022417985
0.0402953181452003 0.035915656866788 0.0249684206104712 0.0654809251762616
0.0277325599828797 -0.00418271833803896 0.0314110210281581 -0.0389688565848339
0.00706768530444684 -0.0153330466382443 -0.0548233007405786 -0.0482100327163618
-0.00258374188979683 -0.00879226809147783 -0.0897837727463045 0.0277329834522589
-0.00362968816812847 -0.0118326693290298 -0.0317672048776309 0.0907371720775416
-0.0118356704744758 -0.00784850499143291 0.0280760038144614 0.0735994305540337
-0.0122996500840503 -0.000632415097722826 0.04693241922056 0.0345621519193136
-0.0164103491863717 -0.000381844297730292 0.0515375203087295 0.00741979010257438
-0.0193319101332268 -0.00165919829363664 0.0548945481963118 -0.0105498127051991
-0.0264863887188409 -0.0154235194289574 0.0678546186473512 -0.00518869216916101
-0.0114025293328909 -0.0340894005579469 0.0685008326217866 0.0288946885901425
0.017237377888469 -0.0327931946084325 0.0368057956715731 0.0700914595228609
0.0499160389008968 -0.0145760704041819 0.00294161632096142 0.0958066915027102
0.0599598783779481 0.03185414432159 -0.0249574444772206 0.09972494236622
0.0458802949905031 0.0711515055034283 -0.00325161812499318 0.121854738929211
0.0415539467161776 0.076288350027666 0.0147397898558595 0.047732706487593
0.0530547784713453 0.0246317715478957 0.0340749219143772 -0.0440253522253463
0.0415333082445987 -0.0132269295723255 -0.048955861930445 -0.0673220826945436
0.0136119924813975 -0.0314754562677588 -0.0977830956629955 0.0104084096683622
-0.00740395682542054 -0.0368755470469432 -0.0459445902235083 0.0803267249643797
-0.0272810532274086 -0.0244678494985982 0.0134693954821101 0.072205493571825
-0.0299642250256108 -0.00626214874169511 0.0361815474368528 0.0365797132486635
-0.0335357580751397 -0.0019269758733953 0.0407691768268216 0.00802023489628971
-0.0351501245014718 -0.00500928602913707 0.0417820393652932 -0.0142658847390736
-0.044341371389478 -0.0259165458071044 0.0552868288710713 -0.0196805999131534
-0.0222755795694312 -0.055551376188637 0.0689598681088086 0.00196320157753059
0.0216959282288439 -0.0585099132296924 0.0562693817277365 0.0462231478770437
0.0778341179411075 -0.0276657627128462 0.0255151169410874 0.0860911117025167
0.0905075428176116 0.0474791079534891 -0.0116648811064874 0.0936105625921096
0.0603696889795512 0.103044524843054 -0.00558327363050778 0.0945500496780268
0.0319283515381604 0.107514019872308 0.00657576327963146 0.0156864195954724
0.0683898823454419 0.0587530267346299 0.0358033647364064 -0.0558437863075923
0.0747151447038993 1.7624146402334E-05 -0.0368121636774114 -0.0894181317565057
0.0369905670779962 -0.047960887050152 -0.0972413688594 -0.0167654183061639
-0.0052426314269836 -0.0598282377145089 -0.0607395767088692 0.0566640830921678
-0.0383407652993378 -0.0406495571380598 -0.00734142628430967 0.0624225678610167
-0.0448849766659689 -0.0124627007458788 0.0175328088235421 0.0364855998434686
-0.0452606590596103 -0.00319621224811778 0.0240812258716154 0.00677528549215654
-0.0449460522462301 -0.0067691796013433 0.0231869891231556 -0.0175300316420627
-0.0556918498871407 -0.0305548693592695 0.0363764438062055 -0.0330455467364921
-0.0336199063880995 -0.0666261369608689 0.0599126948705073 -0.0257549568060658
0.0155601294622405 -0.0759423349102928 0.0677454061967065 0.0161500828955179
0.0898155341290315 -0.0447370299207039 0.0448934695902603 0.0687403685540196
0.108733832129508 0.0481653450687344 -0.00270057231503821 0.084097540342148
0.068958845991654 0.116125146339233 -0.0129746057580591 0.0609609156870201
0.0159507066094069 0.120645287226241 0.00136135193485154 -0.0278841699724313
0.0659307531445273 0.0855146781143461 0.0360506035428333 -0.0709319732504307
0.0913779713498691 0.0207350009553778 -0.0177163661923728 -0.106000977784999
0.0574573896934511 -0.0508576586184114 -0.0827204229360937 -0.0478134100120964
0.00145666623006226 -0.0717415766515998 -0.0682571292965011 0.0220294446624555
-0.0411664849993409 -0.0516048605434703 -0.0307411903639161 0.0441101765206895
-0.0515392304672789 -0.0174425857151838 -0.00568399482757777 0.031382053432837
-0.0504984792108826 -0.00400586234359148 0.00485200352039593 0.00556775878185385
-0.0482180113161429 -0.00678563452534284 0.00314185026253413 -0.0190433147115728
-0.057588542635578 -0.0307343872853752 0.0151742978944503 -0.0414168473190882
-0.0376858173228794 -0.0681124153116189 0.0450458818041282 -0.0475295086473457
0.0103254385112715 -0.0795993043881806 0.0695291852792078 -0.0103623059428958
0.0879226402648149 -0.0510459978568155 0.0536328778955569 0.0488258621331575
0.107286004300654 0.0460935769262541 -0.000239501729402675 0.0726731989284109
0.0642889227855922 0.11350942563605 -0.0235998571200223 0.026264162690147
-0.00156453598727255 0.109295969344603 -3.15461796428358E-05 -0.0727822661610267
0.0462944079629294 0.0932723854956988 0.0365533755553623 -0.0851306630720619
0.0828147462251618 0.0369254078849253 0.00417062441961027 -0.112147278907821
0.0628587221472255 -0.0395672249168632 -0.0574053754944712 -0.0720928979084281
0.00868264416594243 -0.0673597180606429 -0.0680355028593982 -0.0147043870524068
-0.0352114253650211 -0.0519390605224219 -0.0502751132349707 0.0207918332018068
-0.0495633908393323 -0.0189879513512156 -0.0291748793068425 0.0235648013372602
-0.0481609108158098 -0.00409231843190941 -0.0150672427173369 0.0030498020936731
-0.0458693617505191 -0.00616723869831609 -0.0161246316847658 -0.0206912471176532
-0.0516089204598695 -0.0284249833952699 -0.00325770110426354 -0.0472811472348059
-0.0330264079601347 -0.0616898238243557 0.029555462660266 -0.0618467925844255
0.0102899054080925 -0.0715982748183077 0.0671125838199307 -0.0287196803056932
0.0778803798072442 -0.041274926109764 0.0558864120791707 0.0334961232245967
0.0887394428837829 0.0456931294019028 -0.00119926192254082 0.0605937697391142
0.046834062122963 0.0984742579525616 -0.0316837860047726 -0.00546556159976898
-0.0147423287185499 0.0757072010693205 0.00073702883364823 -0.109797087014034
0.0198194491167427 0.0750124114611132 0.0368260721298097 -0.094443901029414
0.0550520110077593 0.0379882052774385 0.0195753947340567 -0.109339518584165
0.0495613130694252 -0.0217580590401267 -0.031206369376144 -0.0849523419463529
0.010327939431879 -0.0485756805620528 -0.0610815208751553 -0.0428812710018733
-0.0238370390023287 -0.0414032233918235 -0.0643000165795729 0.000767394604317423
-0.0384858847979322 -0.016813657996393 -0.0479945185939946 0.0154363019879076
-0.0387578576096003 -0.00414446310525636 -0.0315643236839105 0.000561920178394597
-0.037384525537107 -0.00617758837749948 -0.0317011240709767 -0.0229468519392242
-0.040107544949956 -0.0238987263144434 -0.0171878859435712 -0.0517886574518245
-0.0227976719839403 -0.050423434933924 0.0194360876433034 -0.0700789819159508
0.0145047901989965 -0.0560126870161957 0.064165144464201 -0.0383794319574888
0.0648971259704786 -0.0223663290857501 0.0545748811638573 0.0242750856520458
0.0592241217018457 0.0464387495522556 -0.00241245774140326 0.0497376741714933
0.0204532138021402 0.0749799987686416 -0.0345719081731878 -0.031405057732239
-0.0232899455544512 0.0287064485134264 -0.00107060843175915 -0.128802852562276
-0.00535756976362316 0.0398730876841619 0.0342913656836891 -0.0960866955620111
0.0200375264484785 0.025274766795788 0.0248216508319897 -0.102016175094917
0.0243601705566532 -0.00515317162611032 -0.0178302222416628 -0.0878091151187242
0.00773168032342431 -0.0216990613230867 -0.0571747362642391 -0.0557457909406518
-0.00939234764985932 -0.0235354195874404 -0.0706989225983434 -0.0102987625453413
-0.021207459678138 -0.0114096421549034 -0.0590457741190277 0.00957756253149629
-0.0230046317955595 -0.00353758375631867 -0.042688088066285 -0.00251339460726486
-0.024501967111078 -0.00506823554325166 -0.0420163890550689 -0.0254297463206745
-0.0260453140520952 -0.0164691427242952 -0.0252822750984936 -0.0565373933739633
-0.0114335532810023 -0.0343426883951867 0.0149989618343523 -0.0764044205065864
0.0177447506571814 -0.0367198874781333 0.0650783961278516 -0.0421115654849867
0.0469470443742327 -0.00186585964751724 0.0537740279913535 0.0209092834104396
0.0269132395042795 0.0427958952950494 -0.0037194004090847 0.0411390332722865
-0.00779077797622867 0.0439014018805024 -0.0299861887224942 -0.049992135458219
0.0293094943942123 -0.00427525813181451 0.0316630091871163 0.0706284748679284
6.07611299971964E-05 -0.0230112869353265 0.0302925395624336 -0.0372542508304906
-0.0210896345714787 -0.00956268823181981 -0.056023108844962 -0.0376129925529922
-0.0112390609477754 0.0141382792424751 -0.084636040233496 0.0334300066907626
0.00339858007454442 0.0102950136217893 -0.0251053752015993 0.0917881396737947
0.00508208975266459 0.00565324666114586 0.0325940693662012 0.0712460679221505
0.00662848903334796 0.0033088613726036 0.0474827192064564 0.0342982161604144
0.00247255764166902 0.00203876225555492 0.0536633736389163 0.00809421041043376
-0.000513431476005728 0.00299714101506437 0.0606017755496809 -0.00464391048302516
-0.0068153719502274 0.00226935719782723 0.0720797752428625 0.00854201219647735
-0.00632090140477536 -0.00516983341920954 0.0609167483287995 0.0489389838066795
-0.000651255092293057 -0.00906380157665579 0.0169428272197865 0.0849736655657097
0.0127182336210724 -0.0157034440721919 -0.0192378198325417 0.0990568640316732
0.0291024478969942 -0.00119448134116082 -0.0437114058741778 0.102491790349387
0.0325813030358568 0.0244982676343203 -0.00974216546148386 0.139151233447479
0.0395089205238284 0.0378615008256861 0.0226097319997885 0.0673874995361585
0.0281047240756132 -0.00334031003505974 0.0333468330322503 -0.036990727574293
0.00761794340206921 -0.0151798141290963 -0.0531754085073364 -0.0511915488393122
-0.0027644206090942 -0.00868439636332854 -0.0925816843595531 0.0240530311133442
-0.00346860671128706 -0.0123089400754824 -0.0359058502348919 0.0900892827437812
-0.0114300495168688 -0.0085223399909728 0.0255714939566326 0.0751893642152258
-0.0119700472462571 -0.00101987032283227 0.045371814312461 0.037062261818039
-0.0168593917311592 -0.000397986975618738 0.0508779821408894 0.00837885914268499
-0.019719965701134 -0.00282911451038881 0.054867022823512 -0.0087876082691908
-0.0263948164099895 -0.0162199200015378 0.0685757781425769 -0.00275619013333459
-0.0107342790272589 -0.0353335915262137 0.0684057556462832 0.0314115472539946
0.0190941096659392 -0.0327004516686218 0.0340772892817564 0.0737225266057695
0.0512814062443555 -0.0121057878209251 -0.00166605044444641 0.0971356498656201
0.0597249151840578 0.0349400463802883 -0.0305752530702584 0.100363507943066
0.0438487884122674 0.0745298178690857 -0.00856121949573529 0.123423297673783
0.0396931008905892 0.0787950702306541 0.0135498762527933 0.0496444066260743
0.0525682446776923 0.0273471898749853 0.0367278271520068 -0.0428194042081104
0.042568571901067 -0.0114380603582941 -0.0467991886450859 -0.0708585282309588
0.0151856300509854 -0.0308652906043277 -0.0994857051178414 0.00606555836155871
-0.00638640807577386 -0.0377829411112637 -0.0503497604194309 0.0789248502361128
-0.0268840525260546 -0.0254498164825236 0.0109953225455809 0.0734540492094739
-0.030723224951991 -0.00716727116142083 0.034449702388786 0.0386635695175282
-0.0336486991583852 -0.00292972430614687 0.0405841784666508 0.00885909796863742
-0.0351274680661726 -0.00651113591105162 0.0418536422619611 -0.0132758688450686
-0.0440899326927318 -0.0281075665478267 0.0564930470251219 -0.0183724882829497
-0.02095780312617 -0.057167550220987 0.0696123775409674 0.00405388315889504
0.024491196930546 -0.0581664705752092 0.0551638475975629 0.0503512138803112
0.0798174967727097 -0.0249161344585715 0.0220285619294826 0.0890803343880015
0.0898770995368155 0.0515861006789618 -0.0165700013680816 0.0947581230205748
0.0567386692077593 0.107164403690946 -0.00972189006062698 0.0954524148953241
0.028688766617104 0.109952622294471 0.0063407528592444 0.0165724730914648
0.0671842701603264 0.0619390006484473 0.0390190835967513 -0.0542727763792098
0.0748698276272016 0.00325429034943209 -0.0332904730245552 -0.0928726163883368
0.0393983408864739 -0.046594226155733 -0.0973571391252143 -0.0218502567955902
-0.00343941872282994 -0.0606278169282661 -0.0636405581350189 0.0546891184151223
-0.0376836424499693 -0.0425525233261615 -0.00983982510142984 0.062852613058198
-0.0447422975396799 -0.0135691420254083 0.0157583679610941 0.0374022055361233
-0.0456964608433609 -0.00437833033104384 0.0242171210262089 0.00784814988851608
-0.0451584236542056 -0.00873045685496897 0.0241962843030032 -0.0167187760519344
-0.054704817054666 -0.0329029643526315 0.0377278904144711 -0.0326564181656825
-0.0323986014214698 -0.0688394719875177 0.0617345775439168 -0.0246901770847465
0.0190382203930813 -0.0760733209630984 0.06798933756101 0.0201815087206747
0.0920659777650414 -0.0419515109908508 0.0419841959099747 0.0720521284451488
0.108928764683319 0.0531126104801355 -0.0072068366711327 0.085849338421384
0.0646097873015409 0.120561059708499 -0.0154218740328263 0.0610751574179156
0.0111875722724951 0.122507306472483 0.00293254109809908 -0.0272777864247511
0.0635437906436997 0.0897592927798104 0.04008888152112 -0.0691660875591308
0.0915958513259009 0.0247116411558095 -0.0133367683113931 -0.109250159705651
0.0597978113311245 -0.0488158103283782 -0.0814964472818273 -0.0529649701568562
0.0036297932234741 -0.0723272346904312 -0.0710450923979502 0.0189413574027382
-0.0399428537070839 -0.0532203417607493 -0.0329387828403976 0.0436478535582384
-0.0513397159967267 -0.0193721518096875 -0.00681293777088041 0.0315057120607888
-0.0506197677128115 -0.00580218273108551 0.00456483024204069 0.00576494440398536
-0.0483297702467746 -0.00877422846026923 0.00340837187432015 -0.0195296618355675
-0.0571187771794967 -0.0328069095024856 0.0168308516042315 -0.0423012573231763
-0.0361876451078683 -0.0697242980316529 0.0470373097736909 -0.0474771937637045
0.0129744260781484 -0.0801417745916621 0.0706799727754444 -0.00723096000515915
0.0901734631330486 -0.0478921598151779 0.0525492982715819 0.0531163486531448
0.107803615847359 0.0500733866832836 -0.003376079723447 0.0741487556320113
0.0610144471254337 0.117676841088404 -0.0246803366737225 0.0258620434436533
-0.00612574842825492 0.110505462127075 0.00345144938335421 -0.0732872018694324
0.0429991220854331 0.0960898566849714 0.0412131134121641 -0.083250834225745
0.082167794397694 0.0410968880669938 0.0083960773813524 -0.114288433356415
0.0655493093021462 -0.0371402100583924 -0.0543528514083852 -0.076307737790132
0.0111880363874375 -0.0680585303165921 -0.0685581552091683 -0.018376379709568
-0.0343565235824664 -0.0536482564792366 -0.0520359092430194 0.019696965127645
-0.0493273468099683 -0.0206461515080795 -0.0299461352700301 0.0225469625376064
-0.0479865680974002 -0.00589891710474291 -0.0156671498688694 0.00275542854880016
-0.0457877604828645 -0.00862690887911335 -0.0156855410720508 -0.0212847099802147
-0.0515198926522863 -0.030373064395303 -0.00214398190717204 -0.0484632391305961
-0.0315639911209461 -0.0636234291459919 0.032718914585744 -0.062514749964085
0.0128222670931058 -0.0718260720171749 0.06826803417295 -0.0266378031068763
0.0803757035493191 -0.0389027914289436 0.0555914511523775 0.0371745568536661
0.0882836824918099 0.0497480594991678 -0.004085080101811 0.0621034519336656
0.0437574947318507 0.101647274029687 -0.0322361637308563 -0.00649227041908868
-0.0178162885549421 0.0761441614465598 0.00576205333855026 -0.110440212139591
0.0172448646743756 0.0767013725699931 0.0422241311403058 -0.0928144662556806
0.0539270226456054 0.0409956004722506 0.0247659016272648 -0.109706757789346
0.0509557542257965 -0.0203838458834107 -0.028257097656027 -0.0883086356695713
0.0119744959592065 -0.048575889554792 -0.0614987740534477 -0.0465181948473726
-0.0231632449292262 -0.0427767335256737 -0.0646428762824182 -0.00159919271318324
-0.0381675686771024 -0.0185882727907777 -0.0480577419371486 0.0140603351109536
-0.0377351607491844 -0.0053950226143721 -0.0320215822571833 -0.000476404954513575
-0.0373560140155673 -0.00744617062264845 -0.0313581413853898 -0.0242084338089938
-0.0398091984355875 -0.0256779579596078 -0.0153240192848481 -0.0536018315053152
-0.0210329145141318 -0.051818353199577 0.021628735971068 -0.071441555628853
0.016579229034756 -0.0560299888804008 0.0667666702603991 -0.0362252421360003
0.0653334053007561 -0.0202207532262085 0.0545382702767721 0.0276649160893891
0.0585366419081867 0.0491882668001245 -0.0047014383329724 0.050828320133166
0.0177725781660885 0.0766355366883791 -0.0335552662341644 -0.0329278635085316
-0.02443510360397 0.0284510932064484 0.00471655147152803 -0.130942556643964
-0.00685858994578356 0.0403708583525344 0.0397141483305174 -0.0956694569715066
0.0190202145559106 0.0263176261828976 0.0300009150362138 -0.102131427123461
0.02490457833928 -0.00396150121996856 -0.0136319281126165 -0.0906896763433006
0.00833790367744824 -0.0222173537200377 -0.0565049978637746 -0.0592104211042966
-0.00902345265903299 -0.0241782217094211 -0.0708855775864679 -0.0130605572027422
-0.0209387495819851 -0.0123765163127077 -0.059761631310305 0.00773231545391059
-0.0226583679907926 -0.00434599344746026 -0.0428583583479728 -0.00386199708366225
-0.0249833105800696 -0.00578043050211836 -0.04099096929762 -0.0276430794020557
-0.0253029735080101 -0.0176079666429812 -0.0230199384191875 -0.0585961342654666
-0.0102329003058884 -0.0359315750874202 0.017861847329675 -0.0768869475534823
0.0189801422716781 -0.0364590156178718 0.0677398123973641 -0.0397175233403977
0.0473422597373153 -0.000230963518778897 0.0537226186708665 0.0243511625759324
0.025468829561639 0.0442939898563158 -0.00497102854011781 0.0416586573964836
-0.00993346665919979 0.0437735435257909 -0.0288942629749615 -0.0516843953792878
0.0304841774968304 -0.00434078188183832 0.0322344918041491 0.0747857684731015
0.00051739854612199 -0.0243208917686032 0.0334178165337345 -0.0382733836808279
-0.0219480623518205 -0.0101804542914476 -0.0575320451435174 -0.0405627447350099
-0.0114488615903081 0.0143213068159204 -0.0896818541125466 0.0329892661076221
0.0037699174450561 0.0108554086802261 -0.0278876744626075 0.0954935289676738
0.00530838893087622 0.0059759817613713 0.0326241665458643 0.0749843685500005
0.00732081722170766 0.00347140171400295 0.0488097940016529 0.0370995994030796
0.00243909828440817 0.00208245056467806 0.0556368373735328 0.00949502208433448
-0.00111656871981412 0.00311043513408898 0.0629043956760215 -0.00438027230822535
-0.00705247545774648 0.0024240285576632 0.0753810176115099 0.00985193528124863
-0.00649783440912747 -0.00558986510403772 0.063146998612577 0.0517091151563585
-1.02618841000841E-06 -0.00980987730791233 0.0164857285439219 0.0902149676061244
0.0136572435098381 -0.0159375906469753 -0.0223366702461193 0.102529186355719
0.0299489525180475 -0.000938955562152084 -0.048744874301921 0.10613224216633
0.0334202216379773 0.0266818712253546 -0.012868423828656 0.145697523534245
0.040997131527998 0.0396108464237834 0.022834590334269 0.0718962390931989
0.0294696018002457 -0.00283430296128285 0.0355250108415093 -0.0374439087322717
0.00803532669873612 -0.015051843186415 -0.0549487878019732 -0.055006321499386
-0.00254896163938353 -0.00832478261563747 -0.0976381300884346 0.0227284540248701
-0.00303631811430893 -0.0125781540415184 -0.0383739876222125 0.0936715648532033
-0.0120825969393699 -0.00886215644685069 0.0253713763376368 0.0792238395320143
-0.0124285003480266 -0.00140071268759171 0.045948788312346 0.0400740439780427
-0.0174573706898491 -0.00116012483540531 0.0524079690629186 0.010034652311504
-0.0207264702240172 -0.00369931582652655 0.0572262260789222 -0.00831860311284634
-0.0281431090004571 -0.0177151772157436 0.0711166998438823 -0.00251377353352951
-0.010523793228875 -0.0364901367774949 0.0708573272840959 0.03347959179166
0.020321994261995 -0.0340475659299529 0.0348267220194381 0.0785979171713649
0.0536590208474338 -0.0117256352073225 -0.0040293753027788 0.101933002856949
0.0615944253087561 0.037090629897967 -0.0350428511421966 0.103972710030192
0.0449534733041322 0.0786068199771125 -0.0116451601869312 0.128782286540262
0.039999726108884 0.0830159070013974 0.0137080426966633 0.052923186574776
0.054760862681823 0.028988457503272 0.03968543453881 -0.0426475124316093
0.0441104279263327 -0.0110590729646762 -0.0474933079283098 -0.0759132872520037
0.0165393132815903 -0.0317714708017968 -0.104567026727452 0.00367133652182129
-0.00617392876873637 -0.0390435929488704 -0.0543117440197071 0.0813369001735911
-0.0276014075315087 -0.0266637789713716 0.0100753459817907 0.0768679343299278
-0.031755935529702 -0.00830891652482001 0.0348348109107217 0.0407528719602722
-0.0346674845859311 -0.00343653233294435 0.041527432327971 0.0093909910130922
-0.0367719868637019 -0.00768781958809613 0.0435624394230777 -0.0132743685423641
-0.0461193884064497 -0.0298711510557891 0.0587156451838073 -0.0186327695921727
-0.0213254517634521 -0.0597203389375078 0.0730498123055976 0.00453936158959014
0.0258511786159411 -0.0604769822363042 0.0565466624089421 0.0546575046434288
0.0836049055740105 -0.0244275013459197 0.0206164942873535 0.0942939204331981
0.0936453137740051 0.0552019878054255 -0.0204332662242863 0.0992148043403968
0.0578312460378859 0.113032330855757 -0.0118475017154914 0.100098038199186
0.0281117293211568 0.115763778997613 0.00700044205575796 0.0183796072193846
0.0688897897348879 0.065654014846789 0.0427573412981372 -0.0543020503426131
0.0782352881107011 0.0045517252370701 -0.032875912243831 -0.0981882743567942
0.0418023276512773 -0.0481842935627781 -0.101999471587863 -0.0257820460394034
-0.00296749340830329 -0.063153865956105 -0.0676314478110939 0.0555313955881695
-0.0388574652853088 -0.0443361313585114 -0.0116330032960168 0.066357357723904
-0.0467629378780451 -0.0150341958085644 0.0163075359394939 0.0387332118406914
-0.047195825429135 -0.00551370589229734 0.0247525895347513 0.00791389249943832
-0.0471580323853634 -0.0101410074308865 0.0241633364207394 -0.017215663095415
-0.0572877524487582 -0.0348881826781998 0.0390411341012023 -0.0336921127749867
-0.0335364983708451 -0.0717955633688433 0.0650369177935922 -0.0257853248975432
0.0208000404379177 -0.0793234945139667 0.0709821798977571 0.023520684566649
0.0969215579162809 -0.0423159649854238 0.042645859705518 0.0772802086012078
0.113406276260817 0.0570476069514906 -0.00967562583942378 0.0900105268433371
0.0672052005760098 0.127921025463464 -0.0173474317460963 0.0647552845814112
0.0103220208285966 0.128094785561046 0.00371304410442365 -0.0281567396514241
0.0648213223995109 0.0947180234058729 0.0440714976389231 -0.0704090463753325
0.0949614835807888 0.0275760819718083 -0.0117859407396848 -0.114598523550189
0.0636244762841667 -0.0499705935241659 -0.0838922571289676 -0.0574856999732668
0.00520321466972108 -0.0755125541074245 -0.0751728559893382 0.0182818118289991
-0.0416073469593598 -0.056317103909118 -0.0346514941190012 0.0453382378989424
-0.0536338256639344 -0.0205914950730612 -0.00739308630618837 0.0325952034412405
-0.0521891339985308 -0.00657682807763258 0.00421282978536147 0.00557038377608345
-0.0504742870798074 -0.0104108493597911 0.00342967219549339 -0.0204484664645781
-0.0596688994833746 -0.0352629557012701 0.0175498782499118 -0.0437528990620623
-0.0372704696642576 -0.0737011222565166 0.04930691361621 -0.0496109292225325
0.0148570925465727 -0.0834213785914098 0.073877905974835 -0.00598490552688267
0.0949773400931138 -0.0492033384540455 0.0541746403959636 0.058282037073353
0.11231430842829 0.0546503509580306 -0.00534294636911347 0.0784665379217048
0.0623558842945945 0.124395169182061 -0.0258975148073907 0.0269897777882815
-0.008263217517898 0.116030252884608 0.00534802042398856 -0.0764599542105887
0.0438311365880054 0.101315017294651 0.0455274394882227 -0.0850625204949413
0.0852124867752467 0.0441403624841812 0.0118579627571508 -0.119643415193908
0.0686802638276712 -0.0376526064566235 -0.0555953987775731 -0.0821189451598301
0.0115907122459297 -0.0705076039030614 -0.0724876471311527 -0.0209000593863897
-0.0356956533984031 -0.0571231208463723 -0.0551352404689653 0.0201544368318941
-0.0509333323826934 -0.022502230710169 -0.0313875540812552 0.0236969643501873
-0.0494620966061511 -0.00640890168861477 -0.0163457731685601 0.00272947593446104
-0.0475528289638486 -0.00943327813832119 -0.0166771164206085 -0.0229014792345256
-0.0534189945143057 -0.0324588609757298 -0.00191282807301026 -0.0507054332612583
-0.0325470161784391 -0.0669606500630176 0.0342464108489051 -0.0654053168907125
0.0143228011964346 -0.0743494986058049 0.0722515654181946 -0.026125700752995
0.0838202368854771 -0.0393521564161276 0.0572020533389141 0.0415885598469306
0.0917067223538967 0.0533917528345648 -0.00568822037057106 0.066176079677404
0.0444301884890254 0.10714449743708 -0.0335192278784648 -0.00695627239776768
-0.0202920974557043 0.0797822336770002 0.00810245039201661 -0.115789765680422
0.0168599490829839 0.0804817010231358 0.046395432093908 -0.0960278538803999
0.0551443550319252 0.0438485192109389 0.0279933462287158 -0.114496369141202
0.0533573917650113 -0.0199880033461042 -0.0273735365282022 -0.0937771124882897
0.012935138364641 -0.0498664117859293 -0.0643933947175791 -0.0503984678586826
-0.023914178863942 -0.0451365110957653 -0.0683916531164559 -0.00237441548578123
-0.0395437996723911 -0.0195104859877507 -0.0510500629406364 0.0138595176586326
-0.0387652529700836 -0.00569746476714799 -0.033612655741718 -0.00114325108862338
-0.0388806036119268 -0.00821586500066427 -0.0325636310842857 -0.0256753186066603
-0.0410105277083235 -0.0271850477680882 -0.0155577788486595 -0.0567865230507908
-0.0218141361268435 -0.0542162644672 0.0240227516810167 -0.0748892008622235
0.0185176706227222 -0.0579839348855333 0.0702531362532952 -0.036281892164334
0.0687129039444233 -0.0193382600088545 0.0561256998809153 0.0315598292954451
0.0605612451662196 0.0522569161588271 -0.00574488520375829 0.0538730723384367
0.0177699494862388 0.0799959565512543 -0.0349679455782041 -0.0349891828764262
-0.0261322468544336 0.0292412955548256 0.0069809325700206 -0.136543313956289
-0.00718886463377676 0.0418759255854444 0.0445172090874793 -0.0989984444941375
0.0194353046898627 0.0276481857284373 0.0336668681056127 -0.106474363543955
0.0263695942538571 -0.00392911935460497 -0.0124817486999285 -0.0959469500464469
0.00892025432635274 -0.0227293974812951 -0.0594866010124243 -0.0636055028701853
-0.00943873116314502 -0.0254508719973802 -0.0742032176090363 -0.0148127635585519
-0.021494930359545 -0.0135160896001531 -0.062172121310773 0.00750918920153866
-0.023093123417427 -0.0049722673406475 -0.0452840209188877 -0.00452282203405243
-0.0254207013494754 -0.00634764069189478 -0.0426359881067446 -0.0293476457373172
-0.0260986777299622 -0.0190995513933851 -0.023289693372172 -0.0609642330774388
-0.0102043619290665 -0.0375756505119169 0.019875565007705 -0.0803612053436801
0.0203484672838343 -0.0378596564434549 0.0710722333055041 -0.0403365967299542
0.0490179594835702 0.000636348767119699 0.0552744320254464 0.027764182556126
0.0262360651219083 0.04633709111222 -0.00629309606414817 0.0438753434674185
-0.0110811173726271 0.0455068167470486 -0.0293587633854503 -0.0540052259627888
0.0313470262854736 -0.00999990586523751 0.0440010018959205 0.0763076164693264
-0.0024539741548821 -0.0252823156750144 0.0307647238669745 -0.044516060443044
-0.0233366818234204 -0.00751441400034605 -0.0653961030484301 -0.0352356805576804
-0.00939770876816294 0.0155894040449123 -0.0882592885807251 0.0482990756834747
0.00423135213835316 0.00996409613317684 -0.0133739775625203 0.103653643126298
0.00556065992072695 0.00549199697583284 0.0454190672664838 0.0741040602125003
0.00795393394245487 0.00237247350723823 0.0567492779362565 0.0321453589406463
0.00264584177913977 0.00219432912985153 0.0585124445018065 0.00222411995748125
-0.000804844407744303 0.00320282819910248 0.0648614894711537 -0.013617384334276
-0.0075897283773926 0.00384005214635768 0.0798395832197949 -0.000869380542367727
-0.00850205752004603 -0.00408510374294241 0.0743778933680242 0.0462494826313595
-0.000960922011775832 -0.0109260725536867 0.0303269472482777 0.0938679102052735
0.0115698697082862 -0.0182057635673887 -0.00987269295658657 0.111095925680662
0.0308314323885104 -0.00561106074048508 -0.0371156631392661 0.117212460014659
0.0387314451433034 0.0216381519316164 0.00561238259150285 0.154938459584071
0.0498285730621214 0.0354666292298192 0.031141377069707 0.0722288358886984
0.031075360954616 -0.00665762594439777 0.0322600171726671 -0.0435705503058382
0.0071328550382003 -0.0171688701208719 -0.0657879035705203 -0.0492255343412709
-0.00241001148702438 -0.00908162747300847 -0.0988555233236983 0.0397558397917678
-0.00608838534411398 -0.013842118194352 -0.0254905993901047 0.104087657077374
-0.0141584589275534 -0.00770035852787698 0.0390718162054034 0.0795572579920068
-0.01323741601238 0.000194732998885685 0.0550271390093408 0.0352418302109349
-0.0183745704093146 0.00186173448585114 0.0552777486912798 0.00285245882004133
-0.0223901075181261 -0.000535620340891943 0.0581725185535479 -0.0167633933226503
-0.0314319273889036 -0.0133461707896745 0.0724225474295019 -0.0129446344356508
-0.0172539905686507 -0.0350584776003662 0.0795539175100791 0.0249231696672042
0.0167000912618234 -0.0385199129912232 0.0470339926636191 0.0787236502514102
0.0530463134692553 -0.0200585229572 0.00904465529470804 0.106713771452562
0.0685618422258831 0.0289417854468796 -0.0224543288116769 0.111793428114089
0.0579758387147434 0.0738189006430468 0.00516215327731152 0.137603924232946
0.0557561062029956 0.0812577391666743 0.0159612732469666 0.0514048892664645
0.061752166899103 0.0232572726806096 0.0331662796569183 -0.0505334539954815
0.0455659102066239 -0.0176098825367859 -0.063925995091858 -0.0713718841077119
0.0138293080932363 -0.0356811473731742 -0.109334124446428 0.0218013413646137
-0.0125377496991613 -0.0403279385776283 -0.0425240554778394 0.095733136568111
-0.0332942668340848 -0.0243688193344922 0.0234231204904263 0.080209682069733
-0.0339174514239225 -0.00419188010980036 0.043558089487205 0.0385803052358022
-0.0367180329232097 0.00121044616258455 0.0443845805629504 0.00381682939040878
-0.0394318262960904 -0.00272786294904443 0.0430774632256043 -0.0195623760488937
-0.0516081452278616 -0.0231743211080776 0.0576793889713446 -0.0283564073671453
-0.0313432326426682 -0.0577397840776366 0.0770441654292165 -0.00523217887853964
0.0184138503932434 -0.0660817328216008 0.0667153732033754 0.0512549539022112
0.0822773756633717 -0.0380827970525058 0.0344152247655652 0.0959219481763302
0.104560869923044 0.0432033864190517 -0.0071814330699221 0.104833694910051
0.0763749069634283 0.10762747814387 0.00113001478187116 0.108196214983201
0.0484614551334015 0.118706649328181 0.0019052916325882 0.0133604969815188
0.0818355487618922 0.0605460312475967 0.0335191807586051 -0.0638661483539298
0.0837314453755314 -0.00567017718446645 -0.0539058167088006 -0.0971823695199499
0.0386925519687478 -0.056661622187553 -0.1124443149353 -0.00837742433689587
-0.0123178420184632 -0.066258948588523 -0.0622364279254944 0.0722501064049342
-0.0474539739820917 -0.0411603148728563 0.000444097545271096 0.0728205063892017
-0.0503001571955695 -0.00933355898246091 0.0243102895816991 0.0396688411989181
-0.0494940272740213 0.00152091292649959 0.0268730604621427 0.00492225512348903
-0.050395780010094 -0.00326383005708434 0.0227916411646433 -0.0215148665112847
-0.0639824655955559 -0.02721658780956 0.0355793372353788 -0.0406487053589224
-0.0448324625410038 -0.0683659421767035 0.0643173231061657 -0.0354857477330454
0.0101577158259058 -0.0844174921217801 0.0770485887310497 0.0163936847666235
0.0930336006298638 -0.0581113529498706 0.0544968016590497 0.0749034747468884
0.125502125954137 0.041936652029653 0.00318899915172851 0.0935669962094818
0.0869765731760469 0.122166675564486 -0.00910996312744838 0.0708127801045384
0.0319510394396214 0.134876801853295 -0.00829596233353005 -0.0372720662163612
0.0816486878243413 0.0918598169385418 0.0321363131110939 -0.0819312067992416
0.104195039136515 0.0160166384408852 -0.0357232188569198 -0.118135370894214
0.0607384951777581 -0.0609052224160336 -0.100645989152692 -0.0449929805398972
-0.00536215396878643 -0.0797725461815962 -0.0767333579274717 0.0347506295865179
-0.0516928093309092 -0.0535035690017635 -0.0275256897059373 0.0556400922243622
-0.058636281368825 -0.0142283257977871 -0.000962443948398787 0.0371981323340936
-0.05477662447245 0.000365327984626962 0.0055033967166291 0.00553745765700351
-0.0541750814731075 -0.00315974802547713 0.000243311546740735 -0.0213833798905565
-0.0659587540056056 -0.0273098001148922 0.0111426253660601 -0.0480439877304942
-0.0499221663024296 -0.0690920043713886 0.0451344736139929 -0.0588248607700915
0.00346018137965732 -0.0881443388060744 0.0759996149556777 -0.0148797298064535
0.0901359607184075 -0.0647070733808594 0.063486302597698 0.0526464084726133
0.123671470678229 0.039400347325959 0.00672362122645998 0.0810810330853405
0.0827663221576771 0.118955329195247 -0.0237363646868603 0.0327447486605063
0.0104939570161702 0.124889826634779 -0.0129129029185962 -0.089251499115947
0.060375942323995 0.10195035904816 0.0317380969636533 -0.0989420417690236
0.0963541814917442 0.0353853065904735 -0.0123999851130188 -0.128565736332192
0.0683446696074417 -0.0484768322078827 -0.0748599331976427 -0.0761225501973097
0.00321944728353858 -0.0755571718977359 -0.080445196931628 -0.00694334738517636
-0.0452323338241069 -0.05423448186947 -0.0523403032533476 0.0322288861721654
-0.0566626911018251 -0.0164647955687618 -0.0282780078196933 0.0312551814883963
-0.0522021606126572 -0.000307933867752333 -0.0164822463680335 0.00461696910489089
-0.0506670051295925 -0.00272621689531841 -0.0203221098240896 -0.0213031121837275
-0.0588780625610622 -0.0260479965744945 -0.0103248560072672 -0.0524948702920564
-0.0433992411296493 -0.0630340101176179 0.0265925314382507 -0.0732791008620968
0.00493884360851988 -0.0782763778282466 0.0712938067105273 -0.0365262622368214
0.080231864189009 -0.0528286638673558 0.0645603107356709 0.0356132376722558
0.10233610391424 0.0408882956819086 0.00516803464907174 0.0681128922653854
0.061476798026579 0.104346973523084 -0.0360072663754351 -0.00245591975617573
-0.00759721983511821 0.0888753658715208 -0.0128799200031628 -0.129836980751053
0.0293043903894489 0.0837945734252713 0.0333135517148894 -0.109792556018711
0.0649426919593985 0.0397289290111286 0.00821298433678487 -0.126347168448769
0.0543946170171706 -0.0272981390985358 -0.0469408037111518 -0.0935167853750394
0.00775977746053074 -0.0546767588114246 -0.0768200486865247 -0.0402619359424041
-0.0312201524798253 -0.043948618980741 -0.0704921865767167 0.0101171515633728
-0.0439406959189902 -0.0154797698021315 -0.0504470683175364 0.0243968752359975
-0.041254075705838 -0.0014744651135522 -0.034644311462264 0.003339637062871
-0.0411172959079446 -0.00316904840421653 -0.0376324452541368 -0.0220327008823625
-0.0459117113293497 -0.0219604602006083 -0.0252056779446427 -0.056855713608853
-0.0301970044189666 -0.0523171145128886 0.0145708620406458 -0.0818983599933785
0.0109420518740733 -0.0616785436136436 0.0681915479239215 -0.0471624912310502
0.0672963777966714 -0.0302171559356452 0.0631944214057072 0.025090334790266
0.0703368737130056 0.0450829303574555 0.0025890832073818 0.0555945171751885
0.0294411008329616 0.0800687648183103 -0.0408421795867932 -0.0313025842439533
-0.0214857194593842 0.0364361590691293 -0.0138683527702843 -0.148621556051629
-0.00174740414778689 0.0460569737270412 0.0320575310408737 -0.112826833681825
0.0244927794824986 0.027860207118595 0.0181536907692536 -0.118740671218196
0.0281452423276852 -0.00644204127051375 -0.0300429059023776 -0.0988688081514117
0.00746623322857534 -0.0255364583470854 -0.0733994599685097 -0.0561441981774281
-0.0135968639913931 -0.0254039378747828 -0.0801091858401266 -0.00320920588979299
-0.0243751911791893 -0.0109226723102978 -0.0641721340030831 0.0186978997881448
-0.0243944433891744 -0.00246924403584966 -0.0475345079300692 0.00161935365939592
-0.0268009941893066 -0.0026917743593707 -0.048949653940905 -0.0245715542847591
-0.0282970670720634 -0.0159449486263535 -0.0335339993752998 -0.0611102407906969
-0.0153639630375392 -0.0369108521774522 0.00920967176277164 -0.0869619759770092
0.0165181338272428 -0.0410751711160564 0.0688278080881276 -0.0519691966340966
0.0500466080321873 -0.00618987276222742 0.0623932771483371 0.0209686318937726
0.0335897702727524 0.0435025238101211 0.000625805701516172 0.0462614051915962
-0.00481027138133893 0.0484269761108387 -0.0382907538010034 -0.0523316705860902
0.0315527540767374 -0.0126288515732098 0.0515873036168517 0.0744758398955009
-0.00430543047798412 -0.0258264623821192 0.0289422456846077 -0.0479436224982421
-0.0244562652897396 -0.00589900105860468 -0.0681003229291839 -0.0315241759943215
-0.00823418391765481 0.0165438194421522 -0.087843763902785 0.0551347356083059
0.0045278325622395 0.00919704460409809 -0.00652031763294054 0.106398245317855
0.00637232203154297 0.00527367359860865 0.0516573311861572 0.0717244562386556
0.00796940957932988 0.00198188610046249 0.0602167666955186 0.0294900208381287
0.00247295646327369 0.00165921884402122 0.0592210311755469 -0.00194896020277149
-0.000500205560037807 0.00379493312568834 0.0649495497735628 -0.0183212786323871
-0.00767372126082261 0.00459304856377477 0.0804659708136077 -0.0065788899889622
-0.00882933543705572 -0.00372856398662023 0.0782049661709073 0.042212631631089
-0.00165259411266727 -0.0108762797303107 0.0369834728594613 0.0945994424312282
0.0101752071806471 -0.0194043397151692 -0.00283264733253801 0.113410404912406
0.0310277143014576 -0.00775581211706746 -0.0314323063428764 0.121359099989943
0.0416057872539805 0.0189116681072331 0.0162283072849301 0.157506766889436
0.0532828206404867 0.0321311047091794 0.0375390113629613 0.0718606333243198
0.0310908720570944 -0.0096762836311939 0.0306418323566675 -0.0463699990995172
0.00585841060547878 -0.0177772659640174 -0.0696369367179518 -0.0463925981827686
-0.00321586633226849 -0.00867087667395626 -0.0983916801154271 0.0467530869396554
-0.00736078082674281 -0.0139526095644168 -0.0183609480195408 0.108168078340522
-0.015345910468547 -0.00676572375456379 0.0454342192280973 0.0782375431634431
-0.0133278242559848 0.000954939864914738 0.0578323244839183 0.0328204508448094
-0.0182527259351919 0.00255685137458541 0.0556925814548812 -0.000729079779594621
-0.022718111768548 0.000839825979891907 0.05706346649006 -0.021052141017953
-0.0333718377945443 -0.0108556101121984 0.0729961632516857 -0.0187226487385725
-0.0201368709422693 -0.0344712855188031 0.082285406403511 0.0197330173526076
0.014360961465832 -0.0406613112374779 0.0535322336862386 0.0782767762091419
0.0528082739002261 -0.024016619746451 0.0164219981053381 0.108891546850868
0.0713534453716875 0.0246497741434589 -0.0164309415582456 0.115845483106378
0.0639043588049618 0.0712209802189061 0.0144489583502046 0.140059254730401
0.0623941167121766 0.0781263943452684 0.0202389707004721 0.0519679336281827
0.0646040378235554 0.0189545148810187 0.0316389380833162 -0.0528236752136633
0.044751687326587 -0.0204974011483622 -0.0689757832786804 -0.0688142489417122
0.0117059244741971 -0.0371056789975484 -0.110555148238314 0.0292313991420757
-0.0159637841491161 -0.0405660000915058 -0.0370175646420055 0.100155022300078
-0.0354799464628509 -0.0217350908598084 0.0300422406273445 0.0797670789498802
-0.0341919369384331 -0.00153933281294577 0.0470601224504198 0.0362112233998262
-0.0367486616071686 0.00393041243069108 0.0445733610161373 0.00109094694922461
-0.0406412278699055 0.000376127334635024 0.0415574420252067 -0.0229326604946296
-0.0542253242145337 -0.0193573348603676 0.055579935971902 -0.0328130959531797
-0.037149299808286 -0.0557847023834385 0.0775031701842022 -0.0111580760854604
0.0143775162904146 -0.0686726344664708 0.0712713274787726 0.0487752776687657
0.0808275588130193 -0.0442240037233915 0.0415134962758821 0.0956900250669001
0.108281764560751 0.0361691514991315 -0.000188666518671378 0.107613628214363
0.085377721647441 0.104306839649763 0.00879212710300825 0.109704085583316
0.0583707306727942 0.116663830000416 0.0035352807844169 0.0142543800729483
0.0874165507942033 0.0552785695439611 0.0312849212489603 -0.0658850974375808
0.0843084050222574 -0.0114598771774804 -0.0612713037269751 -0.0957435528393953
0.0352026996260582 -0.0592981186713077 -0.115566829055068 -0.00176239634306842
-0.017788869960373 -0.0664373710883042 -0.0584775708220329 0.077157440139069
-0.0514604689519145 -0.0378388601903905 0.00565584267798 0.0742003196514301
-0.0520586142666355 -0.00588450196738589 0.0274560813953952 0.0384224676334026
-0.0497475052889622 0.00460580133550668 0.0264458780672748 0.00298864360737266
-0.0513450552026705 -6.44208755587763E-05 0.0206590153954955 -0.023109032244981
-0.0675178733853695 -0.022693113294529 0.0321834181798702 -0.0441770488482104
-0.0514731237581502 -0.0653864873858855 0.0621761722815701 -0.0416464974442202
0.0047914448834957 -0.0866063392204927 0.0793777830441486 0.0123211641070844
0.0902846237250986 -0.0660912015971372 0.0604992196395239 0.0737753611513803
0.129884292005618 0.0340519839222458 0.00961004776436302 0.0958553415967923
0.0977969377312999 0.11837589968703 -0.0044572253144723 0.0731042687086527
0.0423829140481938 0.135261568697008 -0.010581176092691 -0.0366290007504328
0.08973089144733 0.086775915887235 0.0280195783034527 -0.0841703121045565
0.106620251748458 0.00912952268769016 -0.0444889988496905 -0.118804137448665
0.0577434079678131 -0.0660567169856572 -0.106179438434169 -0.0397149484009815
-0.011428691279925 -0.0802213456871156 -0.0760860182352139 0.0405544133002342
-0.0566223712763203 -0.0495218141351773 -0.0241233272716882 0.0580711139283896
-0.0607358642150136 -0.0095299273222611 0.00145132338254673 0.0376930038031975
-0.0552760040286604 0.00442846899940744 0.00548236273361854 0.005217986647048
-0.0552996432835114 0.000862682581525505 -0.00172475436404265 -0.0214688296035192
-0.0695231300791932 -0.0226724411505139 0.00750378325982731 -0.0494104061023598
-0.0561447351700641 -0.0661747651092807 0.0407105296980316 -0.0641971208974359
-0.00256989359744312 -0.0893367478765451 0.0768362183070543 -0.0200682192284145
0.0856723726429762 -0.0720108033357395 0.0690394928408335 0.0506566266467791
0.12833095156304 0.0301436785252301 0.0118661847570017 0.0827629444838769
0.0927934851119318 0.115118867229734 -0.0216500039700098 0.0351496898477108
0.0201257925870888 0.126279463176513 -0.019089718903048 -0.0889745682072164
0.0684990485047207 0.0992539225535021 0.0264047401612057 -0.10186794047987
0.0999260343122369 0.0297016544303038 -0.0213096859064406 -0.129913180441287
0.0659231449841114 -0.0539799410008998 -0.0815872740443754 -0.0730324663398662
-0.00229477532229739 -0.0765434513147098 -0.083365498237714 -0.00193644597962272
-0.0509654711256886 -0.0510043900559621 -0.0511129557814749 0.0365286329266985
-0.058565749597381 -0.0120662300173905 -0.0262769412426731 0.0335261888169762
-0.0520905725249535 0.00315668628350553 -0.0164823804925838 0.00627683246571624
-0.0514520948048997 0.00077268145843297 -0.022903329319977 -0.0189949770312667
-0.0619596128372586 -0.0214127707671278 -0.0142947692458824 -0.0522810384537182
-0.0486726253667925 -0.0608451640849422 0.0205461068017855 -0.077016879914046
-0.000568796480625215 -0.0800402748145013 0.0699497653197417 -0.0409003360855235
0.0771878100766452 -0.0585516678484197 0.0691315743192271 0.0325893933808151
0.107071111173103 0.0340326701107155 0.00905336849581542 0.0698810853620285
0.070007777223338 0.101376874659612 -0.0362647988241543 0.000649786531823466
-0.000992815105550982 0.0909122062916824 -0.0218111372598319 -0.130333778387488
0.0356662210984754 0.0826454018812307 0.0274339371335204 -0.113742409756704
0.068233211599778 0.0357198187411055 -0.000146814590859898 -0.128942662716631
0.0538827361026423 -0.0312955005377189 -0.054153138667102 -0.0930382811993668
0.00363673570617182 -0.055835987138561 -0.0820849971814493 -0.035539671543288
-0.0360863475595798 -0.0423058868758942 -0.0711193916224304 0.0154362043917452
-0.0453875401570559 -0.0119904619693862 -0.0493827175788154 0.0280502937875999
-0.0411917050847783 0.00161808964255449 -0.0351725909566511 0.00637780938028836
-0.0414030679538954 0.000102158929124152 -0.0400830747288466 -0.0190914641791654
-0.047806887280089 -0.019204267164669 -0.0297125574201602 -0.0553836527200955
-0.0349052832505603 -0.0510146685692949 0.00819653302965659 -0.0847494096038655
0.00730605362301707 -0.0635044426400789 0.0653742841565873 -0.0528022720792763
0.0661037228567714 -0.0347641556436877 0.0663121624581379 0.0221346981158772
0.0747276468822214 0.0404975117400579 0.00637503246419444 0.0574755418991081
0.03571648937257 0.0789179033160324 -0.044210251645388 -0.0288637643332304
-0.0187348752832998 0.0383659381721623 -0.024302019983338 -0.150820623654167
0.00173129109173192 0.0468211631188881 0.0258215878632726 -0.116495842022166
0.026969670109898 0.0267618832854096 0.0108778816424184 -0.122141450949861
0.0280605206977429 -0.00879456807401362 -0.0377017088823283 -0.0996089215883792
0.00545659737032362 -0.0258546204442887 -0.0795481514024037 -0.0517952526532225
-0.0158626752144275 -0.0245648429119235 -0.0819977433578242 0.0032867964647673
-0.0249909400467083 -0.00925448493615704 -0.0633583589889239 0.0236187307005474
-0.0245596406373827 -0.000987262461562384 -0.0482476895903333 0.00478534792791951
-0.0268724958348257 -2.27663754657549E-05 -0.0511255165406196 -0.0209811467840139
-0.0303604347094135 -0.0138911665368699 -0.038228406635568 -0.0597225506385456
-0.0188142856483188 -0.0363364787172211 0.0030649283311594 -0.0896839285590139
0.0135584423118923 -0.0431334193345873 0.0665318305275171 -0.0570603647213622
0.0504105763010057 -0.00920762751791651 0.0650541796125095 0.0176018913922688
0.037241908267963 0.0419690977943496 0.00426432141084828 0.0477162300245308
-0.00147598315539646 0.0488384612099848 -0.0422935305185258 -0.0502259030224575
0.0295969378505225 -0.0146939723528032 0.0554434397315886 0.0690699109172944
-0.0057793336847035 -0.0253413847822526 0.0257178920983527 -0.0476598838340266
-0.0235922694608979 -0.00421715039817941 -0.0686019456256627 -0.0275748402517692
-0.00641468716005143 0.016463399026013 -0.0821831279315075 0.0586944352314598
0.00467213418932205 0.00864878235157835 0.000414147434441816 0.103255189148534
0.0068366415802148 0.00476943182899626 0.0542242283478565 0.0663380888504332
0.00773190492561954 0.000818961261743894 0.060106935412539 0.025800178654773
0.00231845229040639 0.00165759926067119 0.0567953275915105 -0.00540269244955813
-0.000743098148701206 0.00370757111151113 0.0608613768471808 -0.0216578158453075
-0.00696795044836097 0.0047714999794952 0.0770824455615732 -0.0119873713610831
-0.00814804262917227 -0.00328689274065776 0.0788794068338856 0.0357903533697114
-0.00207096805956444 -0.0110595965726384 0.0422890844547885 0.0899942332984374
0.00889037870620242 -0.0192685495291493 0.0036716895184145 0.109767838615751
0.0284789539360384 -0.00914110409065651 -0.0242050454551914 0.119799574755004
0.0414665305904642 0.0154786922066988 0.0246267689324041 0.15108200424058
0.053414552027435 0.0274783999580785 0.0413965294621815 0.067491110850684
0.0292943406357271 -0.0115635985720253 0.028263822103341 -0.0470604248213911
0.00421174249630644 -0.0175140155805993 -0.0703708433798867 -0.0409200082807749
-0.00313568714500267 -0.0085757384170229 -0.092895536985798 0.0515781317279181
-0.00787719537551203 -0.0126703518116725 -0.011891187702962 0.10464656134464
-0.0151425023978688 -0.00540802093481343 0.0491127136037396 0.0726593316583955
-0.0124970333808168 0.00132548598914393 0.0576117981072092 0.0285417591586666
-0.0175948701023279 0.00383174627900361 0.0540992814655965 -0.00399064654531129
-0.022337911720238 0.00236265151646208 0.0536680257405731 -0.0237306328004495
-0.0327630250595785 -0.00798446132474438 0.0686476720071644 -0.0231670898244301
-0.0213120344343936 -0.0320753196520396 0.080404510573036 0.0139406651429715
0.011755377899568 -0.0398288619106208 0.0569269982617926 0.0731879629224281
0.049282931654899 -0.0264540875768739 0.0221696750722584 0.105315164318935
0.0698569806306747 0.0192761884652471 -0.0100011981325913 0.11392254275874
0.0663955878625234 0.064753232201616 0.0225058875595684 0.135241356955897
0.0653797491049363 0.0712288741953327 0.0240406099699469 0.0495362542067518
0.0632762884957235 0.013996578944428 0.0292704236991289 -0.0524938053580378
0.0418849534498157 -0.0230341730651365 -0.0713928766636551 -0.0635031714179181
0.00941271967900557 -0.0364091933623814 -0.105766709324373 0.0347051349392271
-0.0185653785208062 -0.0378066522475246 -0.0301913894972349 0.0990165326378832
-0.036118521305809 -0.0184087501681272 0.0336856974517836 0.0758474901273345
-0.033263232036406 0.000255471832130384 0.0475462206817616 0.0325678566645307
-0.0352712973737094 0.00591264446260594 0.0424952057430472 -0.00155888807554181
-0.039830303094891 0.00262117225343912 0.0383671396427152 -0.0242558325145967
-0.0539470427690461 -0.0151151440945915 0.0509958793591782 -0.0355035282829322
-0.0396538413994353 -0.0512811695906024 0.0740724836906325 -0.0164854156903232
0.00975516003187646 -0.066653695719219 0.0728657285707349 0.0431982409444789
0.0753693064648528 -0.0480270302777543 0.045240213587918 0.0911851202518314
0.10711183058592 0.0277527592377985 0.004766433398299 0.104570479206772
0.0898506503543342 0.0960749023955843 0.0147757722042146 0.106489452621928
0.0636906818739106 0.108875825757161 0.0049303411244717 0.0139456876474792
0.0881474134257432 0.0481759032105956 0.0273099007517972 -0.0650540790037705
0.0805486291337147 -0.0162024686695752 -0.0648779664737674 -0.090403360910809
0.0305571676190436 -0.059642701485449 -0.113189923070899 0.0044398339679532
-0.0214017742750783 -0.0627626288739288 -0.0525940090883256 0.0784716613061451
-0.0522902360176767 -0.0327694163309564 0.00996512797062122 0.0711011629716681
-0.0499516022629079 -0.00170710181614228 0.0290766481386957 0.0356463106577618
-0.0472394167825187 0.00797141782064468 0.0257253182454944 0.00140862137586829
-0.0502691928020397 0.0036879430869754 0.0183679052601817 -0.0233400276059548
-0.0667153712449507 -0.0175274913594787 0.0275134798549649 -0.0444058203505016
-0.0544308784891358 -0.0597603142276907 0.0567436558435613 -0.0450840158408668
-0.000631839540256275 -0.0837476488756152 0.0780533405709967 0.00791832260229227
0.0826723228722677 -0.0692138650942677 0.0635661883891992 0.0687527697681426
0.128117318960446 0.0238449780508423 0.014411921943758 0.0932440951938945
0.102506519176708 0.108312907849468 0.000619362693925654 0.0712056320608929
0.0499998229516248 0.127922356616016 -0.0117054544959758 -0.0342830433832756
0.0922935489047117 0.078507650500822 0.0240035055632759 -0.0828986377466134
0.103973740691674 0.00270574655460729 -0.0504208200235681 -0.112984810753458
0.051513244404363 -0.0677389857094819 -0.105907248241635 -0.0330368020579508
-0.0165151629495088 -0.0768202203272209 -0.0720811834029863 0.0435661966153354
-0.0587420601533313 -0.0438366450050267 -0.0196023476752824 0.0579087056064897
-0.0584910197308936 -0.00566356801291149 0.00359979011801698 0.0362161204904071
-0.0526984419477604 0.00753857904645345 0.00483715622197783 0.00490548754237443
-0.0530348450341344 0.00478810593088826 -0.0035760298851195 -0.0205211494941994
-0.0686448806676462 -0.0174641340844908 0.0036286747295352 -0.0484449748581743
-0.0588901113014695 -0.059482741245584 0.0339857792501585 -0.0649713357925047
-0.00831435192511588 -0.0857030415058642 0.073561172083562 -0.0232479838296903
0.0782382378543208 -0.0746546977752884 0.0699451872267231 0.0456912996520248
0.125639302961857 0.0207012198850955 0.0158762786289433 0.0804342618916573
0.0967636070518806 0.106159573255903 -0.0179869617447698 0.0353453995802048
0.0274535875298407 0.120604521239878 -0.0234196555983715 -0.0843070955070034
0.0725390066813025 0.091356422591354 0.0210057791064899 -0.0991519698789212
0.0985329123325146 0.0228373189472538 -0.0281946614408419 -0.125051875228214
0.0607464024877303 -0.0560709507703244 -0.0837920872280736 -0.067053473959229
-0.00720157694493064 -0.0735609085780322 -0.081719809342507 0.00287738945926917
-0.0525746538615221 -0.0456036722973273 -0.047731546565064 0.0388274400873483
-0.0573095553590003 -0.00819286193906489 -0.0228283331178557 0.0341606170771112
-0.0502164841396477 0.00657803695112873 -0.0159102833793099 0.00724320611620237
-0.0488936727816062 0.00400011416970117 -0.0241595292230033 -0.0170195905763998
-0.0614420978478642 -0.016857017889103 -0.0169961415511062 -0.0497872453271245
-0.0517532674834798 -0.0553318305323308 0.014859412256468 -0.0761373337794856
-0.0056794158032321 -0.0769705979521069 0.0658616359427629 -0.043522240382199
0.0702384098650809 -0.0616938740867316 0.0694186125879877 0.0279780135084325
0.105638092079611 0.0255318553587064 0.0137628071572885 0.067958610635013
0.0736624207409909 0.0938008591601426 -0.0346687448059269 0.00309063118223005
0.00475870922496639 0.0877991647516475 -0.0286559226777309 -0.124114560325204
0.0397618958614286 0.0779274111075284 0.0205006829950995 -0.111070337145225
0.0683408149758688 0.0309628992231994 -0.00787364968205556 -0.125186841988523
0.0502254343385537 -0.0336263086796451 -0.0582669030859861 -0.0876072537947751
0.000110840365191752 -0.0539860621510452 -0.0819119122059787 -0.0291732983766114
-0.0372657619837407 -0.037790662563525 -0.0687620417028151 0.0197584393566419
-0.0444048460283715 -0.00839651999822337 -0.0456276599916595 0.0299508870207728
-0.0392706277397897 0.00417302923519644 -0.0335793256369301 0.00794486036566246
-0.0400011592518704 0.00263708276634174 -0.0403632163952546 -0.0158547339367569
-0.047728995321465 -0.0152742400724957 -0.032212378924341 -0.0520444866869303
-0.0373942685229713 -0.0467063700238254 0.00229377499144437 -0.0829568151596115
0.0029580209960063 -0.0618228452758849 0.0607147077126465 -0.0548533053025402
0.0613740445813259 -0.037617393128054 0.0662169235396783 0.0176733609031304
0.0745978965051825 0.0338671124460987 0.00998880114065252 0.0563109459702323
0.0393121253759141 0.0744247342762067 -0.044163927247987 -0.0250940501257954
-0.0153520259891482 0.0382854203298086 -0.0321704073866652 -0.14410779853805
0.00498899420347691 0.0445954586338098 0.0185323604592727 -0.114369903292142
0.0275598346666653 0.0241709376828652 0.00321606335094252 -0.118779463049801
0.0269725967604369 -0.0101031786297893 -0.0426473765055989 -0.0951856369456612
0.00378813718158152 -0.0257505682587189 -0.0809084722049172 -0.0454716541783922
-0.017663437075937 -0.0223856198401428 -0.0799489083450716 0.00822305810121258
-0.0247650384604565 -0.00742327874613519 -0.0598468473236041 0.0272271695778749
-0.0232726783214567 0.00116868505844717 -0.0462504390974726 0.00772282156024722
-0.0256219222990376 0.00131500700859643 -0.0508517855411367 -0.0173496895562739
-0.0299657515909097 -0.0116432858069315 -0.0410546820880683 -0.0556681599408856
-0.0208023670644465 -0.0336194925416781 -0.00304630247124849 -0.0874886937964787
0.0108471849188608 -0.0422238951805263 0.061739612423561 -0.0591556366613041
0.0480189553361082 -0.0118398472983878 0.0643151380143063 0.0136104657176474
0.0388425320383856 0.0378237127902977 0.00690987876823775 0.0462557040766699
0.00101954051828059 0.0475770184855015 -0.0443515029453682 -0.0457692878288035
0.0276733171118522 -0.0151840711765598 0.0547424385476031 0.0647004539136908
-0.00618574784102218 -0.0236110668814391 0.0243575357672767 -0.0467501441388808
-0.0224804090207223 -0.00339172286206778 -0.0652549958038775 -0.0253037127679487
-0.00574211428604459 0.015370646570094 -0.0770815885937812 0.0572126750953529
0.00475027564979122 0.00814017574742641 0.00242243894752977 0.0972003352775821
0.00658233534717525 0.00464598465075791 0.0526742651065966 0.0614221406537308
0.00758038280339655 0.000215974263640398 0.0571274987381017 0.0231017636324134
0.00252152269547666 0.00138783816282928 0.0538101321941467 -0.00551051482768673
-0.000629244533282664 0.0034388396174492 0.0570916518419019 -0.0215934770933635
-0.00679498916726273 0.00497627733519982 0.0726838727550169 -0.0129161192168951
-0.00810874527422177 -0.00259986094927096 0.0750498766140644 0.0329713259888636
-0.00240861699714706 -0.0102514089785997 0.0420555788191951 0.0848313595143236
0.00839771021993134 -0.0183893208405093 0.00500443555773454 0.103438106285396
0.0264858712743975 -0.00886171460525586 -0.0219148621307276 0.113381712681956
0.0396953391358255 0.0139632152839172 0.0257428276213792 0.142462688973677
0.0511934101240561 0.0239944138761519 0.0417738305464725 0.0634873350747036
0.0272833520960035 -0.0118296674408141 0.0270420525635228 -0.0455380656469505
0.00386702364039896 -0.0164566010521253 -0.0675011013862342 -0.0382816758304426
-0.00279989572337102 -0.00801578451516855 -0.0880410738899686 0.0505183519740363
-0.00869931501780229 -0.0117782391305201 -0.00858705144901598 0.10030662259965
-0.0142081952821893 -0.00483286686650878 0.0478312651706542 0.0677604873063064
-0.011837348307819 0.0016823810079852 0.0551765359453856 0.0260594328949099
-0.0167267193703683 0.00404050681155061 0.0502992563900312 -0.00445423529188448
-0.0213813730625786 0.00297737235946984 0.0497392333857259 -0.0232278747813711
-0.0313055160717041 -0.0070136806808918 0.0640728995541514 -0.0232775129160943
-0.0207577956164765 -0.0294495205589894 0.0763878583395013 0.0112407793509049
0.00987807280374596 -0.0384881141100103 0.0559045764320321 0.0686707232606612
0.045881372746988 -0.0261014002822458 0.0225101546722237 0.0990951172736489
0.066714505661324 0.0174367045881448 -0.00837948214795613 0.108634030104046
0.0642448519756819 0.0605975056742405 0.023559969344671 0.127577690729864
0.0640821789053459 0.0651761467850342 0.0244785383085179 0.0465398174051403
0.0601996233183635 0.0115459856771916 0.0278809287774314 -0.0510885302201056
0.0389039268437304 -0.0222899450985417 -0.0687104602046398 -0.0595259140717136
0.00863829875863506 -0.0346672685711643 -0.100508021439424 0.033887250877484
-0.0184386492470803 -0.0354810958888014 -0.0266754922552461 0.0940805326039112
-0.0343095045348953 -0.016125047983213 0.0338114697118234 0.0703423922887035
-0.0308380794825016 0.000792826708052231 0.0454866136687717 0.029659490615421
-0.0334368428585344 0.00659886656566361 0.0400106525417924 -0.00208827461279318
-0.037791320819778 0.00320997737056347 0.0350054070774066 -0.0232345179468815
-0.0517271421196573 -0.0130155004284462 0.0469085182506105 -0.0347279131874183
-0.0387355060673717 -0.0467798765239208 0.0688352832099742 -0.0172656650330027
0.00759719226084313 -0.0636846590147868 0.0697661414015207 0.0407618458251989
0.0699236382405269 -0.0471319472800552 0.0447309555091098 0.0857972269998478
0.102022855860657 0.0243557507334692 0.00627467800396987 0.0994283241278892
0.0868777312743486 0.0893479377926315 0.0167752782738945 0.100338059071522
0.0633367596740588 0.100843814699255 0.00607709370757042 0.0136808353691559
0.0838290669063092 0.0430593448504231 0.0262341212403874 -0.0623438677213936
0.0753668314275716 -0.0162656617003397 -0.0634506288654207 -0.0849206518655361
0.0277591812247328 -0.0571901156130087 -0.107190170013878 0.00570935884850964
-0.0220299921186128 -0.0586394931827081 -0.0485313621687877 0.0752746072707642
-0.0506874012505321 -0.0294691758780775 0.0107456215517801 0.0670176439336337
-0.0471508889618299 -0.000752691512872211 0.0275332176232983 0.0327967548601734
-0.0447217653568979 0.00833658133517362 0.0238987554031923 0.00149174086687036
-0.0471806545069352 0.00469148600215355 0.0159509403256769 -0.0218600424561247
-0.0638129468132498 -0.0145377695654781 0.0243370052613096 -0.0426569416611674
-0.0529975411469965 -0.0545426074289886 0.0515379533844939 -0.0441110572649023
-0.00304767887165774 -0.0794206830304273 0.0745640750817562 0.00661770841848694
0.0760301903861964 -0.0672803733674264 0.0617177403680891 0.0645131794869161
0.120819779991251 0.0196122716153568 0.0156590401869307 0.0889469366571907
0.0992106699056077 0.100675216899778 0.00265877622721087 0.0671921052697023
0.0499191465996046 0.118962971866514 -0.0112728505957906 -0.0311943206467217
0.0883617329519905 0.0723448973908476 0.0221651065479576 -0.0776539130278961
0.0976319422751416 0.000466946170145343 -0.0491307353207883 -0.106640292162807
0.0473031649451881 -0.0650937550431403 -0.101436308883816 -0.0296839659864647
-0.0176499242587662 -0.072164734410535 -0.0681349747652931 0.0424917614554958
-0.0565757460424084 -0.0393763382327104 -0.0177397468272228 0.0555620737934465
-0.0553034267148651 -0.00393065255029754 0.00388289008536987 0.0344228949870296
-0.0492221016207259 0.00864448663155069 0.00497993606151576 0.00509318229116482
-0.049848257289172 0.00582739749132106 -0.00413485334015546 -0.0182178157587222
-0.0662735899722234 -0.0143813405203731 0.00174828660704877 -0.0456269704461029
-0.0575248465154814 -0.0546693541732338 0.0299017502770962 -0.0625103314332951
-0.0097332690902072 -0.0810571496427834 0.0695346364143286 -0.0233744292003781
0.0721849969633197 -0.0721547312729735 0.0679915865709315 0.0433769812483559
0.119562162981104 0.016764036970351 0.0175490735626415 0.0764605243095887
0.0943546505275046 0.0983751833127633 -0.0160516060286861 0.0341631647859974
0.0286106176550173 0.113306315428739 -0.0226706939761973 -0.0783454818603949
0.0700718065182056 0.0848899994571454 0.0193970779607158 -0.0933096499025983
0.0936056018013768 0.0200141757704907 -0.0284873083089092 -0.117551868825809
0.0561502129481893 -0.0541395989543754 -0.0811777307730314 -0.0623396787040169
-0.00875903039024906 -0.069688855707948 -0.078583528961826 0.00515335866611309
-0.0512829696272305 -0.0414646027907802 -0.0445758953062019 0.0381941455793471
-0.0539250641171088 -0.00589216424453869 -0.0212643771582052 0.0323860295972077
-0.0460957427162995 0.00713865876180502 -0.0142865411281409 0.00741399476780949
-0.0457363948854307 0.00529540048304518 -0.0227292606147537 -0.015638722002782
-0.0586400261233007 -0.0139630623439809 -0.0176249346285487 -0.0470259279363118
-0.050896570869909 -0.0504434200948393 0.0111188184171223 -0.0731617914158186
-0.00653273873447792 -0.0724862185160769 0.0611034349741812 -0.042735350259028
0.0647883631517965 -0.0592491974294218 0.0668318354401722 0.0264831480822747
0.100316057331989 0.0216214138173829 0.0146241186786039 0.0649351389331587
0.0719738969286447 0.0870609660615032 -0.0325634043522039 0.00349846576506264
0.00679512861454448 0.0829211810016498 -0.0293859121978775 -0.116811971551568
0.0385942492569232 0.0731471209522128 0.0181804345921983 -0.104485876932666
0.0647341200867973 0.0279663797683977 -0.00909349004723532 -0.118269386178431
0.0468499401846749 -0.0330561651268031 -0.0575523496917624 -0.0823672387515081
-0.00150891552725163 -0.051301068700877 -0.0794452507086886 -0.0265081158421872
-0.0371078079735524 -0.0345020627808379 -0.0651557574582641 0.0210501258531275
-0.0425210778958886 -0.0066135311145371 -0.0423423695718087 0.0297198225199104
-0.0369338288468637 0.00427337772455851 -0.0319668506190702 0.00852166340974099
-0.0371674314478437 0.00386611745101959 -0.0386733591731786 -0.01384248655425
-0.0450969377196149 -0.0134629087359005 -0.0317804293547912 -0.0486247818943591
-0.0368650151978098 -0.04312687127906 -0.00117987781535548 -0.0790697998474757
0.00167641472748357 -0.0580758421374823 0.0562062813463466 -0.0530040026650991
0.0566164476580328 -0.0362300145854972 0.0633931520499529 0.0162856473212808
0.0712010532829308 0.0298187176114957 0.0108702127252407 0.0532049329043925
0.038397447194687 0.0695998634057304 -0.0422194746495381 -0.0221190328161828
-0.0139679768831398 0.036095861363064 -0.0334654867436269 -0.135683124920215
0.00625489082877477 0.0421152619964917 0.0159799733796389 -0.108798923229209
0.026129892167758 0.0229889492235649 0.000609115457315877 -0.11226039627987
0.0252871541367687 -0.010354023413093 -0.0424332117701537 -0.0896810564147519
0.00324376579705452 -0.0242121870173897 -0.0780296224776035 -0.0415330899315691
-0.0177362085746152 -0.0204961012855308 -0.0755300151877936 0.00999462827125986
-0.0239391799420058 -0.00645786925841704 -0.0564976760737268 0.0274280603382622
-0.0219490758927563 0.000818142291166733 -0.0436358922447305 0.00839481906883884
-0.0236288536700934 0.00200498623242373 -0.0492011807750588 -0.0149244792470231
-0.0286260958100441 -0.010570717665272 -0.0402085994183725 -0.0524399069041058
-0.0207555554579075 -0.0317776149842534 -0.00560334625060504 -0.0831882106553804
0.00909659494815989 -0.0404918847074115 0.0571317415273378 -0.05715778854991
0.0453640463153525 -0.0118369302653488 0.0616387011589388 0.0125785548371137
0.037257379284338 0.0351290601418097 0.00764645591349161 0.0444114854144957
0.00150645683551227 0.044852345421382 -0.043263530667011 -0.0421856787829517
0.0269254134975139 -0.0143895666834425 0.0519038725449559 0.0631175959829722
-0.00571617346177491 -0.0228760274579595 0.02514258806974 -0.0451503105812933
-0.0211991245873574 -0.0032504366338788 -0.0623846322257555 -0.026019558142358
-0.00558639386153747 0.0143099365360641 -0.0767970256196111 0.0533635475610865
0.00425990523150104 0.00773883801412387 0.00016588279878212 0.0938921788783966
0.0062033817981157 0.00488149153531969 0.0501578024997189 0.0600721155849573
0.00699451113204477 0.000462798621557787 0.055441643196078 0.0241196689802943
0.00205297364147207 0.000949992998217063 0.0521842758981831 -0.00421448672921327
-0.000993238331612922 0.00371520801085069 0.0558156918324608 -0.0197706447126534
-0.00661239021228147 0.00460141287098113 0.0695576653703506 -0.0111562885585492
-0.00749841002825412 -0.00321241463648774 0.0720698709067249 0.0328363636679813
-0.00202358659958707 -0.0104474972099504 0.0389331295691033 0.083291417189977
0.00817737125630652 -0.0170080783829137 0.00183813554500405 0.0995464775708509
0.025516073310476 -0.00751587158030729 -0.0238768030726679 0.109191486189967
0.0376278427329813 0.0144288149502176 0.0220994748318009 0.137844186754317
0.0487898789388436 0.0233901759160532 0.0407670726532839 0.0617034115606778
0.0254679131388573 -0.0108040609605284 0.0279151085865534 -0.0436811280425351
0.00378900042716485 -0.0149147022706768 -0.0642870596409273 -0.0395779438592481
-0.00202733457749469 -0.00803679580819791 -0.0859889215292798 0.0465346352006929
-0.00816420734072577 -0.0114589868419034 -0.0106523933775429 0.0959118451707523
-0.0129664020009154 -0.00432659135947158 0.0448078062784972 0.0661847628729762
-0.0116312115413972 0.00123346554741587 0.0525104434466548 0.0263206950906491
-0.016124207650617 0.00369901508230076 0.0488314933164039 -0.00325129734416266
-0.020925780569339 0.00266836579789882 0.0479968100286078 -0.0206961620707132
-0.0303161695002612 -0.00702208212765208 0.0614968107098815 -0.0213273686493978
-0.0198521768284098 -0.0286730995255379 0.0732689546879743 0.0127816563425775
0.0110187680911617 -0.0365092847247464 0.0527729294043628 0.0682763348850319
0.0447770779700144 -0.024164313218064 0.0188421338435097 0.0960339525564339
0.0632815931340027 0.0182266938839153 -0.0111313339451894 0.104995067204465
0.0606837167766504 0.0592235995126951 0.020015716389919 0.12262506547146
0.0604064636129037 0.0634804814738859 0.0241504858732732 0.0456689966771794
0.057133278683751 0.012427740687117 0.0297052814010209 -0.0482252371671923
0.0380160380171128 -0.0205967912696867 -0.0649274647941727 -0.0590428219983212
0.00952408930654346 -0.0334234872136674 -0.0979557797645901 0.0301177700994999
-0.0174647277655281 -0.0344909186537462 -0.0278090997375983 0.0901345689754841
-0.0331648422624942 -0.0160176985999894 0.0311449318826576 0.0686023711361399
-0.0300164562316686 0.000543904175423539 0.0429952189891794 0.0294209867788741
-0.031985446620913 0.00546144301861812 0.0384295403363744 -0.000632733463512568
-0.036550857764346 0.00265813179637108 0.0336055713059709 -0.0214887652412418
-0.0499973127629355 -0.013035701906564 0.0455025672797024 -0.0323745280518843
-0.0365270784484417 -0.0456695204153749 0.0660939406685919 -0.0155247268199693
0.0089912987494507 -0.0615759952984207 0.0673505767379303 0.0412118139578119
0.0679266194345462 -0.0431149828694976 0.0416463065281226 0.0841573071840022
0.0973528593305413 0.0253466156140404 0.00404705865035337 0.0968430993590848
0.0821756045147359 0.0881705224557843 0.0142225887918309 0.096369554147939
0.0587076886009005 0.0976594397742874 0.00683209273002706 0.0139090777124252
0.0795198561530351 0.0426159008002251 0.0280499703635076 -0.0593615691467122
0.0728895535687767 -0.0145346320122025 -0.0592660964724775 -0.0836137280492496
0.0277288663746075 -0.0545428473004391 -0.104335462993697 0.00312497483804755
-0.0203930915413997 -0.0570471782012111 -0.0485367132559739 0.0713275866062241
-0.0483205375148303 -0.0285691392656908 0.00926353810105128 0.0645800532159428
-0.0448892647844037 -0.00161930508564036 0.0262283564227829 0.0318629332958894
-0.0426334923165766 0.00679964486075139 0.0228308452118257 0.00164234815413185
-0.0455888723554852 0.00411945617847874 0.0153479448216783 -0.0197558483679731
-0.0616679566197165 -0.0144438042980463 0.0240292321958527 -0.0401224883754625
-0.0507088558192001 -0.0528490025885456 0.0494355429989057 -0.0415369121288392
-0.00155196428988111 -0.0764338640759373 0.0724235764840371 0.00831669791011796
0.0741643285310668 -0.0627680562628668 0.058961674361096 0.0646140117616956
0.116276686553915 0.0212612329875738 0.0128311246030462 0.0864056452347463
0.0937456721531195 0.0989157692314242 0.000852502646381247 0.0644506690197283
0.0460096311879552 0.115310534521637 -0.00892262378862964 -0.029833677568757
0.0832192153193237 0.0708505869041397 0.0250624824273715 -0.0737877473254977
0.0941678006726207 0.00280099866233101 -0.0451423763071248 -0.103734079871942
0.0474206125914025 -0.0617383052441825 -0.0974690116543364 -0.0312428271029558
-0.0165772846839365 -0.0694776510452796 -0.0670129947021297 0.0398714515335313
-0.054137189622036 -0.0379509198871545 -0.0180086463598578 0.053398258196397
-0.0532752293021849 -0.00401858990139491 0.00343610636051832 0.032837317523145
-0.0472119164326934 0.00707251100347055 0.00498248086097134 0.00459059559994334
-0.0476536401399927 0.00468778474517487 -0.00377694281337867 -0.0168539677286276
-0.0628199823783202 -0.0146342855461254 0.00186908724986045 -0.0439061018787576
-0.0556017641068354 -0.0525459680531879 0.0289831756214911 -0.0604080795666839
-0.00786304176540539 -0.0780190080156881 0.0671813376580588 -0.0202516595797785
0.070411082261023 -0.0673339780095063 0.0653979592825294 0.043406982403619
0.114280280352399 0.0177776451445679 0.0157552231576693 0.074484147330087
0.0889786565878053 0.0974261077691208 -0.0159663867638345 0.0320829758106193
0.0257431030530229 0.109282127468706 -0.020177338308896 -0.0756473298587468
0.0662454730711883 0.0826563103611423 0.0216677546933 -0.0889542476576778
0.0893655595614273 0.0214158071557455 -0.0248166342103824 -0.114106010222798
0.0552871139576086 -0.0514938983910419 -0.0772316773573959 -0.0624863482505016
-0.00760356779166991 -0.0671644423635505 -0.0765981136209398 0.00400728660987826
-0.0496204223145551 -0.0397868167934672 -0.0439089430235464 0.0363350984678747
-0.0519143747101673 -0.00634597953239366 -0.020587878581008 0.0311452517148025
-0.0448254619775693 0.00590564193813999 -0.0145382891568659 0.0069643212531538
-0.0442555019362499 0.00411894323908666 -0.0217373124633574 -0.0142230729488757
-0.0562218405549361 -0.0145796643803033 -0.0167019460614585 -0.045058340414562
-0.0483676561517078 -0.048884811756169 0.0111222054430508 -0.0703546695830514
-0.00543131864715238 -0.0697607078146043 0.0600504968836684 -0.0387445908092921
0.0632096393791937 -0.0551048701770971 0.064501554518848 0.0273840005044695
0.0959764961887937 0.0224340281704079 0.0135042772846548 0.0633279070783563
0.0675490227050837 0.0852417183597532 -0.0310457648091964 0.00242218169248252
0.0046207062775158 0.0791406884251909 -0.025386447004225 -0.112249574095341
0.0361054706875404 0.0710709738495729 0.0208314617827035 -0.0998852305880546
0.0620056348542575 0.029110522009709 -0.00599920274707077 -0.113887704009445
0.0460591700135184 -0.0312128319686527 -0.0537678006271103 -0.0810029468822848
-0.000482676328389265 -0.0493940637425826 -0.076554020261755 -0.0264772773373602
-0.0350689170700356 -0.032922676485417 -0.0628748795571032 0.0192849381945061
-0.040940614320719 -0.00755758019220089 -0.0415737857986736 0.0285569886249612
-0.0352694611135847 0.00369448040005403 -0.0313033314794249 0.00752989327999588
-0.035134752358378 0.0027952371873012 -0.0369886997745405 -0.0139214383177512
-0.0435616895740317 -0.0133124631053709 -0.0304615843851595 -0.0475247225654928
-0.0345271212140177 -0.0417133219103162 -0.000234398989742739 -0.076691626208491
0.00269013557907143 -0.0562405444332553 0.0559226451862912 -0.0495357869789077
0.0551518070057649 -0.0331236092762599 0.0616733721894341 0.0180096715566271
0.0674149355233134 0.0306689375779423 0.009817466255018 0.0516368203097967
0.035918079377873 0.0680545306982986 -0.0409401834349561 -0.0226020940432509
-0.0139224240023518 0.0341102084125432 -0.0288329176783117 -0.131401813567976
0.00514977226143394 0.0403476807493845 0.0180254520623668 -0.103532152940278
0.0250080964492156 0.0226674747677803 0.00392537940058472 -0.107940374582931
0.024374608814436 -0.00939877863269141 -0.0391306941511805 -0.0880568197075475
0.00356451242035875 -0.0231018639856242 -0.0747788860603186 -0.0410733407165835
-0.0167803805283668 -0.0192862803361627 -0.0739075708839627 0.00960453951545529
-0.0227353574963813 -0.00614838998952578 -0.0543666909889328 0.0254224707962135
-0.0206558759356631 0.000326356274031133 -0.0422324004110546 0.00774579988736214
-0.0223051657854185 0.00144638994511934 -0.0468962474969376 -0.0152443467061519
-0.0269909660163244 -0.00945096407418795 -0.0375633638617347 -0.0510943689672273
-0.0194205567552439 -0.03093537488087 -0.00432571371546976 -0.0801951203179123
0.0096962660203977 -0.0387158593357976 0.0559831922466797 -0.0534202121281952
0.044250288399075 -0.010042927479134 0.0594781515939101 0.0141968226216873
0.0347731778794221 0.0339373735251345 0.00736831994151743 0.0427990499762166
0.000322281187575333 0.0435441695386023 -0.0409936391247884 -0.0412921769388371
0.027810590779098 -0.0102166684692914 0.0432689917394777 0.0729150805423283
-0.00210610316012103 -0.023565718094727 0.0346861259527356 -0.0406462837270216
-0.0198804666912415 -0.00706856749356524 -0.0568736347479061 -0.0378165144551794
-0.00799245055528032 0.0124022107025003 -0.0838600945722316 0.0405065762449819
0.00247145055956853 0.00845004192784501 -0.015398138984854 0.0918717638050635
0.00565322552597615 0.00523559198028814 0.0393608862948502 0.0674980011992815
0.00686659059025616 0.00145809967853488 0.0513536793998078 0.0329016958844673
0.00210415602384214 0.00107107057961616 0.0518362779031635 0.00508171824066969
-0.00135574069349794 0.00318238123781311 0.0583155562926681 -0.0100037678282464
-0.00694109785744125 0.00267077699898459 0.0706063602083446 0.00169357188136232
-0.00579034898938735 -0.00446349421200804 0.0652166889059966 0.0463554500517956
0.00157997586702067 -0.0109587858350501 0.0233547422724036 0.0902069180460845
0.0122553393534295 -0.0138685764808924 -0.0177705946998082 0.0982457368230767
0.0273771001401258 -0.00105561907990809 -0.0463710138774487 0.102757546819635
0.0360426560015336 0.0210077895219109 -0.00517877050690906 0.140471636285112
0.0438938091002314 0.0300260242649187 0.0283424602946338 0.0696860932429871
0.0271323978286472 -0.00599913455200251 0.0358098629797309 -0.037983261635578
0.00666061164731126 -0.0145771279358872 -0.0567125023718499 -0.0493975029333896
-0.000712963720446797 -0.00872408183186504 -0.0922944883963512 0.0329786990195166
-0.00624645743122904 -0.0123262727570666 -0.0257222149811929 0.0926315920413961
-0.0121842390988566 -0.00694016401905781 0.0341801630097255 0.0723733134692437
-0.0118291308341777 -0.00127087328075587 0.0485740307064916 0.0353337170421273
-0.0164267586045104 0.00022248587962406 0.0481028571843333 0.00576368114321768
-0.0204503189027821 -0.00181381485172935 0.0511997069269887 -0.0116772536447198
-0.0283075493736805 -0.0125742211652132 0.0642750131935676 -0.00925798395670772
-0.0135121010702215 -0.0318025984303729 0.0689517249218853 0.0262444793392035
0.0185994034983947 -0.0350483986783512 0.0396887820323859 0.0782401171658467
0.0490480626768581 -0.013824828208701 0.000266501429217373 0.0973382464564885
0.0593688124766302 0.0301486595950187 -0.0314912912179295 0.0995535561786602
0.0502691915278679 0.0691048769563138 -0.00284938302092216 0.125193394771869
0.0496372942102854 0.0707393995210587 0.0114126983615046 0.0504728550307496
0.0531874429641386 0.0219274731921032 0.037063037141307 -0.0419752271947761
0.0406005007884132 -0.0132189040267447 -0.0551628086248564 -0.0676067382983568
0.0150007254570634 -0.0308547464282161 -0.100772403271512 0.0162683126017453
-0.0113503297615031 -0.0365849437772737 -0.0407751900715747 0.0851450518184635
-0.0294056131032075 -0.0214562663679317 0.0212844476317875 0.0728845407263794
-0.0297680011234274 -0.00502571600737256 0.0388185123286046 0.0363466897943107
-0.0320149717569774 -0.000379073698469026 0.0379410994250705 0.00588499399778073
-0.0360936792685685 -0.00400768425487809 0.0368764778610592 -0.0146172078074771
-0.0461366734545104 -0.0214137604068698 0.0500072120280518 -0.0227504879920363
-0.0271485189743906 -0.0509732641617421 0.0667105845984927 -0.00246197977423234
0.0206012087357526 -0.0592157076854542 0.0589095424949435 0.0543055415464168
0.0754016124625585 -0.0297798447432929 0.0243557307789327 0.090433548354716
0.0909597062384042 0.0423980260139325 -0.0149503253995551 0.0935358044126673
0.0654157997753215 0.102094380980874 -0.00403171314230355 0.0972995866074669
0.0426438892349772 0.104771529284881 -0.00280441473383887 0.0150609409452608
0.0706143312728913 0.0557763561266451 0.0350782483483563 -0.0516344961004176
0.0736954025907191 -0.00125924043088753 -0.0471794877235876 -0.0890487234873331
0.0376795258632022 -0.048431326914432 -0.102994413384437 -0.0108954975320086
-0.010190690213132 -0.0583882417595491 -0.0582009674566449 0.0644683354761803
-0.0422966323777733 -0.0358763005450484 0.000800436528099362 0.0652945357708048
-0.0444585059197394 -0.00985531377165236 0.0216693627073804 0.0361841251553231
-0.0431303403111251 -0.000952888218579442 0.0222513830413536 0.00615682154059269
-0.0449024473541691 -0.00461175921052107 0.019093840215436 -0.0154732039074459
-0.0576505771632829 -0.0248688018315918 0.0300506206483585 -0.0339498248754879
-0.0401277511828614 -0.0607264611455769 0.0547360950096797 -0.031643255500076
0.013137334077507 -0.0757581970102624 0.0697084810922316 0.023091164753206
0.0853039158537839 -0.0480628817775364 0.0444200562937116 0.0738088642156649
0.109823440284031 0.0417330465178725 -0.00374464736752408 0.0849564627077735
0.0740955955051693 0.114943485649045 -0.0110469946968258 0.0627487802625405
0.0270423846189313 0.119828276625643 -0.0130510723854906 -0.0321136484409326
0.0701292238276541 0.0836864744250363 0.0325751422466454 -0.0674908520129031
0.0920373192420702 0.0193245569660028 -0.0315129670355744 -0.10659576915608
0.0577915652452802 -0.052000763660433 -0.0913664571134619 -0.0428268676233764
-0.0029956303957339 -0.0707142742743231 -0.0708388420068866 0.0315617827307413
-0.0467569196485297 -0.0459473484153907 -0.0237687729263276 0.0501943924627706
-0.0519078844353464 -0.0134025769117498 -0.000913193846860455 0.0335312382828736
-0.0473866763037271 -0.00151462415997865 0.00366615755814545 0.00618286731084063
-0.0473340035345981 -0.00420775149424553 -0.000825278006294551 -0.016551847432032
-0.0596469489791801 -0.0253204591919067 0.00941006338872102 -0.0415595115024081
-0.0444036248935285 -0.0616490205148009 0.0375797187538497 -0.0528723395856975
0.00659813461309391 -0.0783314828794619 0.0705291416663215 -0.00611634741559638
0.0813172906654844 -0.0538764779400556 0.0552748441676313 0.055233304184924
0.108516860954882 0.0382704713713855 0.000948730105179554 0.0742276774931165
0.0695486788963425 0.111514572819863 -0.0215461763719817 0.0273346399229401
0.00808478563905671 0.110747043062646 -0.0149506834693396 -0.0802644150811023
0.0509596525067178 0.0928112588892559 0.0321832352617771 -0.0838109052294115
0.0843291727083868 0.0371081530088956 -0.00994457638096408 -0.114086588822711
0.0634379254426829 -0.0404793062777788 -0.0669209037528071 -0.0698720637910581
0.00498739409842949 -0.0665895594171962 -0.0746466850358516 -0.00520121647031223
-0.0413280384375109 -0.0467587613258521 -0.0465315845933503 0.0292326435463411
-0.0501438262653501 -0.0157549920131861 -0.0243744582397812 0.0285827469468478
-0.0444920417143895 -0.00213420905764691 -0.0157498002857332 0.00414117905557266
-0.043879905705342 -0.00368316491847131 -0.0193621480499314 -0.0174424773436138
-0.0529461794006472 -0.0233794622464714 -0.00874560311434675 -0.0466573605909879
-0.0390732167586119 -0.0562018969030453 0.022067603535343 -0.06696694344243
0.00768360619477471 -0.0706505359738484 0.066530707449987 -0.0269248745904242
0.0724280096083529 -0.0432676686619949 0.0577098835034407 0.0393767489358415
0.089972629616299 0.0392745600010606 0.00169293039973716 0.062542061054682
0.0503188487311627 0.0972490714798958 -0.0315871290275543 -0.00482654573331242
-0.00762811399927345 0.0788137579702102 -0.0124055312781389 -0.117459195204963
0.0238619342986216 0.0754530916138627 0.0337052226149519 -0.0959143917370513
0.0559378119339416 0.0396685033303345 0.00946093977320487 -0.111559081403931
0.050989049968391 -0.0221977384246456 -0.0412178650175649 -0.08596047644908
0.0088156270696007 -0.0484166573357572 -0.0707398091459422 -0.0357758966518864
-0.029371519907481 -0.0376812568825257 -0.063975748642163 0.00979866120573399
-0.0392358617245801 -0.013735757317673 -0.0450106474690368 0.0221642045122918
-0.0351843561572071 -0.00318743539564444 -0.0319573328821358 0.00203593580489841
-0.03440634321333 -0.00288326815313934 -0.0342092064204408 -0.0191235309211153
-0.0404542538081118 -0.0209408090129917 -0.0218091236371853 -0.0509933515319887
-0.0272132354822923 -0.0470953535896926 0.0123947786601184 -0.0755107322429938
0.0119091581987899 -0.0552603879042708 0.0642597763072331 -0.0379200156739176
0.0605351572637286 -0.0233739158322912 0.0571925950656158 0.0290822573488892
0.0606096537399506 0.0414517538601464 0.000796434667537593 0.0514685477502376
0.0216264150625092 0.073828220612138 -0.0363236151429423 -0.0311254003332923
-0.0187752715225044 0.0316138365212976 -0.00963460244124847 -0.136532320263899
-0.00152719105490205 0.040539086413789 0.0336938961280708 -0.100672908368828
0.0208829140754608 0.0268803414900029 0.0200961563162305 -0.106390440777284
0.0260911244731409 -0.00480653389589198 -0.0249957204065031 -0.0920298855868865
0.00788133483183014 -0.0222069710450395 -0.0674725397793875 -0.0513852953869091
-0.0132527378096697 -0.0212194273256104 -0.0736345480950471 -0.00270920517197322
-0.0216603299668376 -0.00971746016219993 -0.0578140564703439 0.0173960354704146
-0.0203282572073132 -0.00312924718213496 -0.0432875523464829 -0.000727209306848133
-0.0220096487138166 -0.00200145048912571 -0.0432292639619553 -0.0226683627024378
-0.0250898628827383 -0.0147961847010267 -0.0289171909815982 -0.0565874219687444
-0.0144452990370696 -0.0333819973412379 0.00952417195771236 -0.0798024106207902
0.0157681097932043 -0.0367371463943936 0.0656334639567411 -0.0430230442882424
0.0456885387844397 -0.00259495107205859 0.0558952629116408 0.0248979151444335
0.0281695372558198 0.0397902663741044 -0.00039006746159447 0.0425361209953325
-0.00915345695872174 0.0431922953039062 -0.0336877381402659 -0.0493925854152783
0.0289498806522203 -0.0102177645319488 0.0448724081728565 0.0750814662708531
-0.00175292496821539 -0.0237790504368425 0.0370657206477709 -0.0428115131427361
-0.0205245888481584 -0.00754443691696271 -0.0571851867941615 -0.0411139511931788
-0.00868523420459957 0.0124169882654246 -0.0874767072359666 0.0404909805610197
0.00238722748650865 0.00857707855822279 -0.0180070891999309 0.0945971983493272
0.00629060160929548 0.00586435197661664 0.0394543544961155 0.0706646692798903
0.00710314638521417 0.000931764637264766 0.0531717678457428 0.034366287309267
0.00172819857499708 0.00122666978107888 0.0542490496406896 0.0062540298379426
-0.0015118835656056 0.00297803240281235 0.0606080840944939 -0.00828855728333391
-0.00732228712544391 0.00272785013521815 0.0725280768918431 0.00255623083884132
-0.00573051914024805 -0.00496567662588411 0.067335806267634 0.0491643146031034
0.00174665482921743 -0.0116477578651163 0.0234173852970738 0.0945580454376022
0.0131726119188717 -0.0132279172336937 -0.0209438141201992 0.100828589690758
0.0281081764677666 -0.00050466651662444 -0.0503375572195182 0.105180887411439
0.0367964610233741 0.0220646315021965 -0.00762218719897103 0.144663541013743
0.0452390004108566 0.0311638602926245 0.029151425961995 0.0721124738291224
0.0271975340379749 -0.00566627200262576 0.039274452667084 -0.0390693958157522
0.00707315990778797 -0.0144744581778484 -0.0578061859568012 -0.0525393988310405
-0.000680649277233939 -0.00915603036043038 -0.0961741808661861 0.032627165800438
-0.00656665116671711 -0.0131193224760353 -0.0281025031622413 0.0954023673616113
-0.0122518735983104 -0.00693798867690257 0.0345110932987139 0.0751614093503926
-0.0118234573351937 -0.00143391814381457 0.0498831872419842 0.0370709130095533
-0.0172655530420138 -0.000660745182508265 0.0504031937305598 0.00687295095652967
-0.021684041984216 -0.00175714618977791 0.0535318563530803 -0.0108656951116221
-0.0292685087007525 -0.0131121461413301 0.0663670413433646 -0.00827685800206934
-0.013508931982373 -0.032719675616722 0.0710747986016451 0.028544140136651
0.0196972053991474 -0.0358930262906699 0.0404819243627721 0.0822671675891337
0.0506638376919942 -0.0137607439575672 -0.00185570114516659 0.101088262247177
0.0602704569434581 0.0325398696062326 -0.0346708821696607 0.102930031809596
0.0503718740074882 0.0728992262620614 -0.00510566901917775 0.128562611006288
0.0495878953035549 0.073307861044707 0.0125560003098344 0.0525189039266521
0.0546661208049562 0.0237620183863639 0.0401773126989586 -0.0425534712835387
0.0420084765082709 -0.0130015769549295 -0.0554458672783552 -0.0710915941796442
0.0160985344399168 -0.031439734298362 -0.104276195674092 0.0146976374093322
-0.0114701834709897 -0.0377978397140938 -0.0439783095707472 0.0876825296735525
-0.0298409607269167 -0.0222144577516311 0.0204341404874621 0.0753522981017117
-0.030395109936147 -0.00568829928949114 0.0391692698595979 0.0380477043168649
-0.0332143805005413 -0.00130758915130679 0.0391632111153654 0.00676772726400194
-0.0373719889812382 -0.0045900057698627 0.0388103443105069 -0.0135021625989251
-0.0479185340865036 -0.0223121552981243 0.0520700638325566 -0.0227593377657578
-0.02755867682522 -0.0529170704964661 0.0684653461776239 -0.00193770414544951
0.0222492538808832 -0.0621300997299539 0.0606055418112096 0.0576027324482856
0.0775902781339764 -0.0293160375389156 0.0237710517106969 0.0940196994269496
0.0929897826250079 0.0460893885351274 -0.0174662969327272 0.0972553477606936
0.0660138238641507 0.106659152983138 -0.00509387334180645 0.0997899005931127
0.041977737139679 0.107811326582302 -0.00221274858772139 0.0158252857461897
0.0716804409523181 0.0588475298103283 0.0397060167875503 -0.0524868773673342
0.0761506469116442 0.000399111335679601 -0.0465277881352742 -0.0932362298363894
0.0393750543636006 -0.0492602558277969 -0.106366312353536 -0.0134254488045327
-0.0101827143002134 -0.0609078438879617 -0.061306338601798 0.0662153429172143
-0.043424018122344 -0.0371420972857754 0.000160595995969337 0.0677081543943499
-0.0456893064033207 -0.0103553829609714 0.021987549897472 0.0377880841808905
-0.0443666673006926 -0.00195229947758799 0.0231482224714909 0.00680779800153373
-0.0464944884191017 -0.00547173930524974 0.0194281699704311 -0.0152802372203126
-0.0595039002142002 -0.0261744585910384 0.0309127762353153 -0.0347127618956947
-0.0409256540332857 -0.0626194897958462 0.0558808718132456 -0.0316983255406849
0.0142629172175788 -0.0779722351884227 0.0723834359447434 0.0249794799687536
0.087585672390906 -0.0476333347970095 0.045154146488428 0.0778441585176872
0.112614400897611 0.0449416849810116 -0.00498057524808891 0.0881246802142297
0.0754080185286344 0.120468717725719 -0.0112035521872236 0.06400795448137
0.0255582954747006 0.123411014659371 -0.0109699012225503 -0.0328977937272033
0.0705754854087804 0.0872939813438579 0.0365524970834148 -0.0687021858455089
0.0946600642385621 0.021245997538697 -0.0295433369885468 -0.110345097028974
0.0604310438476999 -0.0527355359556478 -0.0937771643352453 -0.0463960719260319
-0.00243144537267691 -0.0725669362141609 -0.0735232508766983 0.0317045705970687
-0.0473531988161868 -0.0473220347823679 -0.025006047616172 0.0518656806385718
-0.0533983619874751 -0.0145625762750324 -0.00131713885149864 0.0344804229727936
-0.0484878990127531 -0.00277915612776606 0.00328157983936478 0.0057711407969402
-0.0488338410496939 -0.00473525181444901 -0.000277325947826619 -0.0164240808794879
-0.0613929155939402 -0.0266419448363191 0.010038126432979 -0.0426407174392559
-0.0454204159888121 -0.0632839923005128 0.0381523723596829 -0.0542984553315587
0.0076557847498546 -0.0814972109359018 0.0735459952683672 -0.00412006517738011
0.0843644758139811 -0.0537576632763266 0.0568670744441005 0.058918006482663
0.111308355770955 0.040988704518214 0.000618626010780285 0.0769276822027612
0.0700977351924472 0.116793630897142 -0.0227867699958578 0.0274617795140231
0.00623813083590592 0.113703244318979 -0.0131254055335288 -0.0819696703506693
0.0503907958223501 0.0959775394734024 0.0363000945839796 -0.0850989027016537
0.0864923664871919 0.0402908913245673 -0.00755297099471638 -0.117811448940732
0.0663002596111228 -0.0411889256131357 -0.0681869297319937 -0.0740518090663451
0.00546355622355246 -0.0686162895388005 -0.0769600542613485 -0.0070812406880617
-0.042532503870131 -0.0480879107304928 -0.0484624030492977 0.0300410618865754
-0.0517888300182228 -0.0162208141838746 -0.0255362957018147 0.0289480659221108
-0.0456203333832201 -0.00361688964868543 -0.0163229475888361 0.00453374928565209
-0.0444864954750271 -0.0047256525503139 -0.0194751819168266 -0.0176579895711241
-0.0550858484542282 -0.0252165941656028 -0.00878052076791991 -0.0479003353457368
-0.0396659849668468 -0.0581425748178513 0.0225946019801343 -0.0687474061903079
0.00843255870444826 -0.0724887204155985 0.0699563093182978 -0.0263849441510056
0.074796016932966 -0.0426804481425096 0.0605777967963594 0.0422783789101543
0.0918547784391373 0.0418141122489862 0.00147847422220493 0.064690228449978
0.050516603242424 0.101200756861412 -0.0325388431665928 -0.0058427202580268
-0.00952503269316177 0.0804287403748997 -0.00945629763713899 -0.121087096746968
0.0230345977271612 0.0780187069162713 0.0377857569434188 -0.0974907793570751
0.0573887410640466 0.0418896772202618 0.0120667558925136 -0.114986886697857
0.0527507459290422 -0.0224756106752842 -0.0410198719790594 -0.0900028500580933
0.00918635377603953 -0.0499278807438735 -0.0732533274904593 -0.0381907052995324
-0.0294490028124705 -0.0381530152763461 -0.0662514522374673 0.00961771768027601
-0.0400483959606981 -0.014563050930253 -0.0459518333697382 0.0225384969843679
-0.0360981821114467 -0.00404340023414367 -0.0328371189216988 0.00183897411079696
-0.0352281111926901 -0.00411996118179354 -0.0344331166663978 -0.0198284830572714
-0.0417244128015239 -0.0216819193184635 -0.0220630506176932 -0.0533966399293191
-0.0279815779104844 -0.0484830293562284 0.0133098471696678 -0.0768406449259818
0.0127970334759382 -0.0570933964818127 0.067664105744777 -0.0377808879811819
0.0632576948671034 -0.0224354271733672 0.0592502785050564 0.031534971516273
0.0620305880516333 0.0442182105217974 0.000186800391919709 0.0526196557562902
0.0216566209619829 0.0768258623487874 -0.037031363860413 -0.0331864670029799
-0.0198760069958001 0.0319485977133328 -0.00684623092504193 -0.140495178618985
-0.00226064404478652 0.0409646089221684 0.0374988544335404 -0.101969198127745
0.0210849931536391 0.0286164701803575 0.0231477693200055 -0.108964579906651
0.0264918824844082 -0.00460632059073832 -0.0241536364804275 -0.0959524645790013
0.00812968253454116 -0.0232647540846801 -0.0691394798086748 -0.0544645229415073
-0.0136325836172693 -0.021458848102677 -0.0764878817864555 -0.00288114829603292
-0.0226775775941422 -0.00971674664811762 -0.0599213777636951 0.0175676158134277
-0.0209020255589865 -0.00389324225717499 -0.0450415008783537 -0.000627267988641036
-0.0220883182256769 -0.00263515089857251 -0.0445513982387143 -0.0237833126317679
-0.0253284149451248 -0.0154399903331528 -0.0294646173261242 -0.0586949313716
-0.0147963442847122 -0.0345002036181709 0.0103978647244016 -0.0823514642011398
0.0166474113222292 -0.0384676699433354 0.0688182895219694 -0.0429456303393302
0.0473646057891218 -0.00174340889782461 0.057807696728473 0.0277894669526053
0.0283318779661 0.0415092477731679 -0.00109020444870913 0.0442568417199792
-0.00960312952813605 0.0446845570191984 -0.0341317822793627 -0.051086195869036
0.0295788851245621 -0.0113443551222238 0.0499282371894908 0.0765071788928917
-0.002634291752819 -0.0249470271376607 0.0389390978008389 -0.0466133453448234
-0.0214202015487385 -0.00763942686612986 -0.0607982132991467 -0.0415303918041702
-0.00846199009904656 0.0130209288081699 -0.0912659927566323 0.0447977011551718
0.00216843169036181 0.00878917195816937 -0.016329725018063 0.099090941655049
0.00672206425224514 0.00526521688611586 0.0430292223705306 0.0715564774144634
0.00724903748622878 0.000806792933600731 0.0560754187425014 0.0346677721355773
0.00137621686215044 0.00117625182087443 0.0571118796705801 0.00499553497084691
-0.00213880374192986 0.00327025019773522 0.0636824339697181 -0.0110192562599669
-0.00793981511899531 0.0031206845494323 0.0756718799441125 0.0010753911234187
-0.00608649896404909 -0.00534877348408627 0.070820753384395 0.0496249289095305
0.00129289067557176 -0.0120099774553946 0.0258760193995824 0.0975547744768366
0.0133910573522835 -0.0144685301844201 -0.0204288516211307 0.105394753797627
0.0295233591704347 -0.000662556134117836 -0.0515020421497656 0.110975665425509
0.0385655246706594 0.0221441156175811 -0.00498632334770756 0.150098091904624
0.0467612433603968 0.0309016927302605 0.0337999037640662 0.0745234844275605
0.0281000936540341 -0.00653243051164524 0.041444589865244 -0.0429249589924974
0.00732696620858062 -0.0152148840338566 -0.061483165595898 -0.0539289059694813
-0.000785767273682342 -0.0096290214350608 -0.0998509616571104 0.0359822708201895
-0.00732967380507672 -0.0131229517257584 -0.0274972155693972 0.0999327099745349
-0.0127712829370511 -0.00727547722723234 0.0379015191550387 0.0766251476682864
-0.012070189654541 -0.00133102983957061 0.0530904650042865 0.0370156675287758
-0.0181384635335734 -2.58947206613006E-05 0.0526273814225381 0.00594691169016067
-0.0227495726154725 -0.00115381702418514 0.0553853157285267 -0.0127084583963785
-0.0309843788945972 -0.0124516358406835 0.068702592195649 -0.0103230594819673
-0.0152448470268926 -0.0339423493573041 0.0745948396244946 0.0282682558573225
0.0197453029549317 -0.0378056233863937 0.0435809328974132 0.0850938980039377
0.052673010718077 -0.0148694747793805 -0.000318223383998645 0.105190787544014
0.0636551066748192 0.0328904561464677 -0.0342479261420077 0.107769052598557
0.054810890853121 0.0746413972542528 -0.00271379306817213 0.133877957263138
0.0525926274005745 0.0742628236994574 0.0158560426137947 0.0546088290391036
0.0567587598519178 0.0232018558634692 0.0430360207752086 -0.0456553002135655
0.0433684832807368 -0.01415550290579 -0.0591497468549534 -0.0739985908518034
0.0164022229642291 -0.0333358104041795 -0.109332299002864 0.0172303015152302
-0.0133738062413723 -0.0384492458619553 -0.043809560316058 0.091797991923668
-0.0318782052889628 -0.0216736827941706 0.0235194160018855 0.0771684301792808
-0.0317836861083806 -0.00491144243678076 0.0417228559996443 0.0385699007522026
-0.0349060387503185 -0.000774113302814404 0.041382172232788 0.00663140491606423
-0.0387501690510136 -0.00355428662121246 0.0402551309275994 -0.0147508015393821
-0.0503730642133834 -0.0215521379016543 0.0530488167032034 -0.024377657798663
-0.0299555185506815 -0.0542086576136465 0.070422643242796 -0.00322090764381819
0.0210666459311216 -0.0644777128143616 0.064323213601756 0.0593140807973729
0.0803875365361909 -0.0314323389805396 0.0268854727293517 0.0980147748122177
0.0975755950466123 0.0463601434477716 -0.0164395965035176 0.101502509419618
0.0714345006579704 0.110001752270874 -0.00274798604273942 0.103207510469249
0.0457324734248037 0.109931829664286 -0.000262271318743407 0.016847977636112
0.0754141549003116 0.0589213481246256 0.0417500064860594 -0.0554526756751817
0.0789315311124038 -0.00156851447349461 -0.0504842145623748 -0.0962537357005844
0.0396386901549134 -0.0520925025674353 -0.111276673803272 -0.0120316122412826
-0.012708640910351 -0.0626056255288756 -0.0623246504177255 0.0705946568650986
-0.0458766336791432 -0.0363857337651544 0.0017853756964453 0.0704548938550095
-0.047989479828216 -0.00938816531163319 0.0233099736531494 0.038602275341202
-0.0463643557932348 -0.0014906076992285 0.0242495670419573 0.00669918451506028
-0.0488898518382834 -0.00438428309115648 0.0207125680410091 -0.0160918354246523
-0.0629768326445845 -0.0251938209445143 0.0316170912418367 -0.0365259866130991
-0.0443425408370503 -0.0638179726400679 0.056564949093273 -0.0342114638937742
0.0128016512678904 -0.0814322656193183 0.0762764952018264 0.025154968320059
0.0902440063417269 -0.05137395873346 0.0496991301297472 0.0808029899313113
0.117755539859704 0.0442161927285497 -0.00336148003849433 0.0918124449723464
0.081955254495042 0.123542345578992 -0.0103576962995301 0.0664464308452607
0.0288866140352527 0.126705602288723 -0.0111559170982659 -0.0330760372070984
0.0748651699256807 0.0893287627633261 0.0388254419358442 -0.0717058272188288
0.0992563433030475 0.0208113104740936 -0.0331393505277243 -0.114573093771143
0.061375451167883 -0.0570040011027086 -0.0991394263472468 -0.0466091135653046
-0.00560572394811891 -0.0753194857947757 -0.0764766481786562 0.0348826552584721
-0.0506168700457471 -0.0463406814649919 -0.0242807837501604 0.0540634501699101
-0.0558679587389266 -0.0135094283210379 -0.000753185386232052 0.0356152022202917
-0.0504105467004331 -0.00197378727528705 0.00395863892430686 0.00618619243464548
-0.0506577263607356 -0.00385701752645345 -0.000702071287865888 -0.0162345980460357
-0.0651379184096512 -0.0255173692344279 0.00895603501909432 -0.0444417610860754
-0.0499956173934571 -0.0643604943154947 0.0378714949973737 -0.0574447959553261
0.0056717470182393 -0.0846689546762749 0.0765061811756598 -0.00644981575426186
0.0864468614773314 -0.0575156886320478 0.0618440225759378 0.0603422981123692
0.116555034147746 0.039863290637514 0.0023108819706545 0.0798484559948834
0.0768598386726718 0.119961670986558 -0.0227373434468579 0.0283677290153381
0.00832382695422082 0.117801130047005 -0.0147018243241106 -0.0843867923331971
0.0550387376239241 0.0985237547876344 0.037630716374483 -0.0889875883680212
0.0916560813030925 0.0399932886679942 -0.0101988786679186 -0.122748325972757
0.0678993913042232 -0.0446547831852053 -0.0726335290167914 -0.0766637037608115
0.0034969971001727 -0.071670633182651 -0.0801754767802565 -0.00528169980207635
-0.0453966318866375 -0.0479204888301299 -0.0493241451477998 0.0331243289322256
-0.0546512438018517 -0.0147518987279708 -0.0259552795164815 0.0308568318325237
-0.0477161038036963 -0.0031485235424055 -0.0170994190268693 0.00477587623762782
-0.0460420334927677 -0.00376736583910141 -0.0204888091036574 -0.0171497216227946
-0.0580405850724235 -0.0244579151072851 -0.0101337818404156 -0.049532092882663
-0.0431407148076919 -0.0588767456187075 0.020865299468395 -0.0721721214677727
0.00667190665762507 -0.0755505711183311 0.0725464479024418 -0.0283404856506715
0.0764693967744488 -0.0462189058631446 0.0640765369205035 0.0424928486248625
0.096507117546174 0.0413013997915439 0.00354464393396205 0.0672804404139012
0.0554651739467868 0.103660010098173 -0.0338869307956358 -0.00517274634195707
-0.00803132194581079 0.0833441720021302 -0.0126358081829127 -0.125180066205076
0.0264856715404434 0.0801017678545797 0.0385179671774505 -0.101785442487475
0.0610975981921638 0.0422355325308584 0.0105253930440065 -0.12008087642816
0.0541299605071341 -0.0249400383227099 -0.0440739951355138 -0.0933463083932309
0.00785417288751902 -0.051917653248465 -0.0770270459908505 -0.0382330476358213
-0.0318440031109294 -0.0382255307420437 -0.068249447088008 0.0120786341437366
-0.0423720716787574 -0.013269038983096 -0.0478921686044193 0.0252618316162344
-0.0370917354320675 -0.0034754120661652 -0.0349543267661949 0.00279872265964733
-0.0362232101606413 -0.00353277851532417 -0.0366764582773609 -0.0194014661701562
-0.0442460209979371 -0.0210581500911266 -0.0246023750484229 -0.0542652378818776
-0.0307803699155248 -0.0496815637743859 0.0113905009718102 -0.0804292562817916
0.0117764420769093 -0.05976462208703 0.0698666091811217 -0.0408824303434882
0.0650124685368101 -0.0246529734947793 0.0630087369854621 0.0326588360794375
0.0654386162605648 0.044222415600883 0.00177186463824855 0.0548892264293796
0.0244459998438828 0.0793084684220186 -0.0398250566054709 -0.0327206428977539
-0.0197676665638837 0.0332569560481731 -0.0096644858134418 -0.145657922895491
-0.00137702081395253 0.0422350578210341 0.0373789176975803 -0.106797441607106
0.0223513520118355 0.028731685328124 0.0215978127384539 -0.114028346250706
0.0280279270529499 -0.00601105271928617 -0.026847393953232 -0.0998001682278365
0.00712727389217042 -0.0245696737851297 -0.0734696868287315 -0.0550665123654062
-0.0147559788864346 -0.0211750120631395 -0.0793243336190967 -0.000558509787005101
-0.0237065332472208 -0.00925288313349284 -0.0617509178194311 0.0206761398414279
-0.0217293831023955 -0.00398136738287244 -0.0471597994711769 5.34830751395252E-05
-0.0224987152660057 -0.00268218529096721 -0.0469764581196087 -0.0231304575456855
-0.0272117833397235 -0.0153091978339939 -0.0325137242178737 -0.0599071295365241
-0.0163821268509095 -0.0353251860919521 0.00822127342549668 -0.0857536399641649
0.0161040778332098 -0.0407303786863797 0.0706299785181266 -0.0462356466222437
0.0495987712936133 -0.00325665527395439 0.0617034303471256 0.0287443626877198
0.0304148077615783 0.0423116408764374 -3.59142701851759E-05 0.0456533352000863
-0.00878130445929085 0.0469212627710592 -0.0369943071244925 -0.0519116892246815
0.0292276088313065 -0.0135881628496768 0.0550149950379781 0.0745699828717354
-0.00390226282177819 -0.0252716121138004 0.0373815962940273 -0.0504165751466688
-0.0222118432000377 -0.00665071327091555 -0.0634885644720332 -0.039958617821467
-0.00810050390875555 0.0134369047949281 -0.0903344317171296 0.0498233576408786
0.00249953583844738 0.00864838370016373 -0.0117191525212759 0.101369948574691
0.00717591295374899 0.00449123488097021 0.0468669817764786 0.0702141285364511
0.00746194036199914 0.000419215158770852 0.059092467057588 0.0323467661191138
0.00136924157732036 0.000992069490843156 0.0586227989627672 0.00224748977976391
-0.00207740527436227 0.00337612286203667 0.0639324324596425 -0.0143686731975391
-0.00711753761355347 0.0038214495358292 0.0766276118008905 -0.00311078624070806
-0.00665873524257959 -0.00521195029667144 0.0751643068866413 0.0474006599080954
0.000555236838505363 -0.0124551140030597 0.031541575974516 0.0981058009612776
0.0131588862421615 -0.0147718663528507 -0.0164098375462808 0.107434749438827
0.0292118844977258 -0.00120146400506498 -0.0471721954271861 0.115305759671236
0.0405309401415643 0.0209303385890233 0.00199261565698771 0.152059245280518
0.0485249699136754 0.0285348508594868 0.0390781548901621 0.0720164346548292
0.0281557227758306 -0.00818346777034185 0.0404008273538657 -0.0461775885959614
0.00604003377833305 -0.0158959619565664 -0.0650214236538023 -0.0523465958598677
-0.0014136401840277 -0.00944752835611896 -0.0996377243504455 0.0414640578725507
-0.00874789377942324 -0.0130253802572445 -0.022748744523665 0.102958149410934
-0.0131197273511188 -0.00618105953082011 0.0422064595775885 0.0753381454651193
-0.0124204416158969 -0.000612414867351296 0.0557427454164066 0.0347862369229478
-0.0184878667311927 0.00099407696769452 0.0544304401827863 0.00360249364675625
-0.0233730347278611 6.17161685442769E-06 0.0555767285197185 -0.015555795941554
-0.0319187583411936 -0.0105011015031705 0.0688646206734087 -0.0142747647985435
-0.0170696192567194 -0.0336612070451992 0.0768913097108308 0.0246027713575949
0.0175496927518972 -0.0396352540215787 0.0486338839826392 0.0849101184697407
0.0528571062550907 -0.017049988996058 0.00463664650121416 0.106666419245915
0.0661690734723144 0.0308538146982216 -0.0300944883971909 0.110916433977979
0.0589547766115771 0.0731653947492352 0.00435079810696522 0.134211867472326
0.0569853892754456 0.0726908135010242 0.0201727367592616 0.0536191062234181
0.058582515885458 0.0202575670827033 0.0425968467940168 -0.0492393663088535
0.0425490079731793 -0.0163124663413579 -0.0633801144199499 -0.0724452116285514
0.014150909891115 -0.0347630742203499 -0.11003779913634 0.0230398150949716
-0.0160484031833978 -0.0384422980043452 -0.0392482875129876 0.0960243846797139
-0.0331196769186279 -0.0200580301066423 0.0280137608974793 0.0765006617036827
-0.0322475220331017 -0.00297619852420303 0.0444553445552523 0.0367713596664181
-0.0351443061041614 0.000918300752967581 0.0424221724530632 0.00464361495642375
-0.0396150302945906 -0.00150902580042627 0.0404920407870942 -0.016985412328235
-0.0529907742404069 -0.0184492007268484 0.0518906203359005 -0.0273621640899882
-0.0336696217178131 -0.0533723366900818 0.0710626342700315 -0.00651763658506926
0.0179224528251132 -0.066118180874748 0.0691914209399606 0.0574283980705569
0.0794739146524134 -0.0355596475723918 0.0325519033273469 0.0981061744345985
0.101289170340005 0.042528101301307 -0.0118069561268583 0.103626059318
0.078567002393117 0.107131122862858 0.00271811989950318 0.103773622850362
0.0514178526543926 0.109480007915855 0.00194327688676633 0.0170590734344669
0.078902680939683 0.0555361317339082 0.0413437922636048 -0.0590218622824775
0.0799687558334523 -0.00520899225609721 -0.0554645313012272 -0.0958061411024828
0.0372149188853043 -0.054972264211467 -0.113795549427343 -0.00718798176116671
-0.016545470769641 -0.0623452326267755 -0.0593583931824108 0.0738730698742853
-0.0482225199668188 -0.0339053032571022 0.0058239452641794 0.0712025508803773
-0.0485513907427336 -0.00634170901964991 0.0260321295400898 0.03753900731411
-0.0464282032203806 0.00114570599717614 0.0249910985444031 0.00571913860157356
-0.049120907045563 -0.00142526490086336 0.0206667150128121 -0.0171159941297656
-0.0656761623216881 -0.0214123547896427 0.0299671994204433 -0.0380936820195017
-0.0490815434922974 -0.0617571304044104 0.0549956645640805 -0.0366374818552425
0.00823687854851661 -0.0833793776616533 0.0789014008223547 0.0221060207885684
0.0889750819008545 -0.0562295450965843 0.0546198470111848 0.0794924616995172
0.121316126413171 0.0387216017025455 0.00137062105952249 0.0932643515815665
0.0896957586399497 0.12075877942017 -0.00718637053982384 0.0665229203794019
0.0357807672948222 0.12664564196027 -0.0121863203319067 -0.0324407280242285
0.0802572376688661 0.0857581502727733 0.0383127608674742 -0.0741402492130789
0.10156233426456 0.0162288593594173 -0.0386672473125119 -0.114125896454821
0.0582521080158058 -0.0608012586885825 -0.102533431124651 -0.0432371717755646
-0.0100801723695991 -0.0760843347752079 -0.0758783770842465 0.0393840534433355
-0.0542250657818923 -0.0437988399753417 -0.0220810836075821 0.0565400471160075
-0.0573500936524269 -0.00942452418776409 0.00135144543151261 0.0365367754402466
-0.0512122398777029 0.000316071349750807 0.00442382861231837 0.00638356461901894
-0.0514522701307164 -0.00160308832323025 -0.0010797418053362 -0.0161933251837494
-0.0673870734933678 -0.0213772511152591 0.00667292463288214 -0.0448640821317957
-0.0538087707364286 -0.0619709794804499 0.0339062360300347 -0.0591820466874704
0.000952229656094483 -0.0857639293485927 0.0780439637565466 -0.0100142112850046
0.084501881659958 -0.0620765767051581 0.0662502176347735 0.0580305855945027
0.119971928615925 0.0348342595681951 0.00630173105153949 0.0804131189242246
0.0846287471650784 0.117154181490031 -0.021712231123386 0.02925359796103
0.0143580877363438 0.11824101802766 -0.0182725465953681 -0.0843352220665183
0.0603579275105535 0.0958904879698615 0.0354114470041055 -0.0909187424527062
0.0947227524701367 0.0357191343353959 -0.0158962143062258 -0.122901878314766
0.0660401688682385 -0.0491899595625129 -0.07676302699323 -0.0741013994710542
-0.00031143538356538 -0.0727687844725882 -0.0812747932020567 -0.00184563594861993
-0.0486602678562188 -0.0448646385545299 -0.0479477728144448 0.0357859078019072
-0.0554287481263808 -0.0112193507267288 -0.0246998062766543 0.0330211981818749
-0.0483361887410783 -0.000540376657143361 -0.0166139167730489 0.00628015486169153
-0.0467931599099705 -0.00133377226046852 -0.0210871351739963 -0.0163842971039696
-0.060105013929182 -0.0205901351836932 -0.0131337258255773 -0.049071557369049
-0.0479361005991486 -0.0573533480895087 0.016854510260808 -0.0731120261487722
0.00217987093881952 -0.0768956597137971 0.0723909602516272 -0.0326837738572582
0.0756661545800342 -0.0499060995386755 0.0686728974148982 0.0411042537364156
0.0998835279964736 0.0366329852306667 0.00621016178652119 0.0674998485937868
0.0617546203897266 0.102453605339172 -0.0349481666253036 -0.00428145438263524
-0.00443625698775774 0.0843899306717138 -0.0183371510564412 -0.125329273032882
0.0303965473963579 0.0787844713744835 0.0352534940116178 -0.104217198216258
0.0644975433791525 0.0397167718428637 0.0053920598537027 -0.122165683119057
0.0534031085787038 -0.0283227961522858 -0.048929529329213 -0.092846735598403
0.00440369410357095 -0.0533639521163694 -0.0795855254989478 -0.0347398080999555
-0.0348768567146669 -0.0361715093652474 -0.0684379261072679 0.0164520203750193
-0.0438298471700727 -0.0106861653010223 -0.0468751372979537 0.0279048657835723
-0.0379915500225418 -0.0023628126363245 -0.0351087882257496 0.00526306358323205
-0.0362442211794243 -0.00131604890508416 -0.0377004811512565 -0.0177118809846359
-0.0459931155961716 -0.0188104427812067 -0.0278503521036595 -0.0538174089742134
-0.0344267800788791 -0.0482612415874819 0.00609524208768592 -0.0817037003259699
0.00889107027809853 -0.061070555814679 0.0684959821490755 -0.0447573494442617
0.0649388868477188 -0.0277530856657971 0.066445238318843 0.0298125043897312
0.0684091099798577 0.0411676127874445 0.0045598840735969 0.0553723777814126
0.0287684824516245 0.0788964185158366 -0.0420065040756063 -0.0313691815785341
-0.0190844268837784 0.0343494827316015 -0.0164339842278985 -0.146748102870126
0.000432830556179369 0.0420362820514082 0.0340787180769602 -0.108474202870946
0.0244702776021825 0.0280320656597618 0.017509569374149 -0.116015340219195
0.0278282581585516 -0.0075937924868527 -0.0322049009119202 -0.100664818998265
0.00599785088299429 -0.0248172709856435 -0.0777060756751037 -0.0517082855228297
-0.0156446206937157 -0.0196563366759961 -0.0805646552615797 0.00400977564679454
-0.0245784355875708 -0.00802681589023911 -0.0616173220445775 0.0240757176753927
-0.0216387929469613 -0.00313201186228564 -0.0476774762792575 0.00302786200152853
-0.0223188107359665 -0.00161950266671049 -0.0484307195627609 -0.0204092359573698
-0.0280166453702314 -0.0133502152844245 -0.0359979933670965 -0.0593071860570816
-0.018877472092021 -0.0342819328585209 0.00301131685238789 -0.0872697082337979
0.0139812055605217 -0.0414278761639206 0.069665396258803 -0.0502427487395868
0.0502469952853264 -0.00513134911729043 0.0651802102041851 0.0257106874745497
0.0330720919391993 0.0408808535496658 0.00200320197763311 0.0464275489301047
-0.00669619740175959 0.047646824086744 -0.0403630856831088 -0.0496822434953163
0.0271881683720262 -0.0146168171265121 0.0577742245657375 0.0684246118832209
-0.0059160908904112 -0.0239851066341944 0.0351063271281537 -0.0520226978046418
-0.0223491372592408 -0.00570909395032825 -0.0638318707808544 -0.0373713981896792
-0.00733978915818333 0.0135291872064717 -0.0860125771672745 0.0533518041052205
0.00272392077481949 0.00844825633133394 -0.00653404850510399 0.100295282831566
0.00758488042160261 0.00402378076164376 0.0488978557690102 0.0659384736915425
0.00723707221712028 -0.000197735086478402 0.0590365364565604 0.0292545222308682
0.00107797176089148 0.000651696273265358 0.0578398814546291 -0.000643005655531053
-0.00182822822268042 0.00391934158056383 0.0616983234369967 -0.0175597160252124
-0.00703414547134281 0.00414092331105826 0.0746012156670302 -0.00600697227002706
-0.00646687059160307 -0.00486610721450829 0.0755677259561796 0.0427952066048113
0.000194411673798243 -0.0115147634317047 0.0349367676519659 0.0948128662870134
0.0123874194474507 -0.0152539821358894 -0.0123821878628335 0.105189233657463
0.0290403495206942 -0.00200346049925182 -0.0415606458851648 0.113665452788027
0.0401425629288951 0.0181930804805049 0.00799482562775379 0.146950419020411
0.0483903132994613 0.0256402406447375 0.0419391332707027 0.0677788374059587
0.0265109640037935 -0.00906720041116631 0.0384446377801834 -0.047846918237194
0.00479123619913373 -0.0153939128965601 -0.0650278084420035 -0.0488885460937442
-0.00185839523423534 -0.00906874431039052 -0.0955472607119606 0.0448383480956379
-0.0092171689426991 -0.0117137723768914 -0.0172865787255931 0.102014614729842
-0.0131693929713279 -0.00536135034356607 0.0446967932597798 0.0711528109159985
-0.0120865843109556 -0.000229413346991831 0.0558826165079616 0.0313529901194487
-0.018003340578808 0.00213152510541806 0.0530479588062335 0.000197931460370825
-0.0230614508794996 0.00137905392185276 0.0545895689566416 -0.0181817589770062
-0.0316197073983899 -0.00867284413177313 0.0667406239273499 -0.017211694191615
-0.0186547249385477 -0.0320477443728969 0.0760127534972084 0.021454521451681
0.0149618271833396 -0.0394672573082136 0.0517308024206449 0.0804366720971138
0.0510101475107035 -0.0186250013331368 0.00850851192017528 0.103739284368131
0.0654806336975053 0.0276993290189974 -0.0252702176059474 0.109189415847768
0.0609406931359968 0.0686088114851067 0.00998067196756497 0.129740921726878
0.0579132798924437 0.0680614093990645 0.0236169300013928 0.0507266704150191
0.0571739107378636 0.0170147834583103 0.0405411028027725 -0.0507161446533171
0.0406741064616381 -0.0175664481886502 -0.0649827188705265 -0.0683075961024384
0.0119950295015845 -0.0342810009026077 -0.106697483001929 0.0270207417329904
-0.0179245556838391 -0.0364289565107871 -0.0341472733964112 0.0943202355301088
-0.0330792295459216 -0.0180851843843958 0.0308721313717574 0.0739003010852621
-0.0316640582246488 -0.0016150359143163 0.0450827856798566 0.0338642193935774
-0.034219413383378 0.00255134422854752 0.0417510283619771 0.00240500852927406
-0.0388411052066171 0.000314184434913881 0.0390099079225024 -0.0183943604388653
-0.05242598004396 -0.0147746445843229 0.0492733923112258 -0.0293451070852538
-0.0357980684495223 -0.05001911332934 0.0678028782932925 -0.00847078676855224
0.0141531457553169 -0.0655377963756706 0.0702026370446447 0.0527249750121674
0.0764981417928827 -0.0377439405472205 0.0357059273361726 0.0942724003213141
0.100318407395537 0.0368544326585979 -0.00746277191265352 0.101146479697808
0.0817308085078905 0.10066742822037 0.00667361481822076 0.100222217557682
0.0546026902639727 0.103899895454122 0.00407686905978228 0.0160611786795411
0.0791940220677639 0.0502461106042386 0.0394940636961756 -0.0596048449507074
0.0777479713111886 -0.00808932100327418 -0.0577010399659293 -0.0915503661242798
0.0334834680511203 -0.054805847037094 -0.110893616444627 -0.00226429203735148
-0.0195117280308132 -0.0594723398367682 -0.0549968477245331 0.0749280824067673
-0.0486170314737067 -0.0299849427211287 0.00850541310291466 0.0687105071418815
-0.0470442702801588 -0.00391937953954107 0.0261631388903273 0.0352163524478109
-0.0454907491524853 0.00266354492681108 0.0248294196071825 0.00436339449975744
-0.0478804235717793 0.000791911101237019 0.019511227630786 -0.0174308624240235
-0.0647116560860206 -0.0169598364762212 0.0272873255026432 -0.0384591833823941
-0.0505155153768345 -0.0574950730473617 0.0515220474393404 -0.0379072689328072
0.00362943350221877 -0.0810778050336244 0.0788566903943399 0.01837701377371
0.0840457122707664 -0.0585698926023812 0.056986355607024 0.074940284837882
0.120169392371896 0.0320878498348198 0.00524258639539433 0.0901419177026123
0.0935061872347853 0.112867224076577 -0.00434541951329545 0.0643735776563975
0.0392019915324101 0.121488850249334 -0.0117807078466559 -0.0310625581547377
0.0810438338316587 0.0794326602031256 0.035540154361856 -0.0744952447191465
0.100101214609553 0.0113130790731047 -0.0425997187051991 -0.110425025260801
0.0536289748008496 -0.062354619526824 -0.10193862716874 -0.0375157936045644
-0.0139790351511628 -0.0732262907443725 -0.0723280154448438 0.0410953615451518
-0.0542909448521331 -0.0394728848015714 -0.0188935239050892 0.0552122597807016
-0.0556481904543129 -0.00645596173905563 0.00252754470402726 0.0351127264409566
-0.0499607455563069 0.00223749302445333 0.00468532226022835 0.00638898060947056
-0.0503652102562502 0.000956376664270791 -0.00116982933985153 -0.015664113880395
-0.0667746004625857 -0.0173769612615591 0.00414262865508524 -0.0438934155315855
-0.056130949074673 -0.0574016026702574 0.029744915048095 -0.0584108222896921
-0.00365395784760674 -0.0828602047748914 0.0755612741530892 -0.0129890661686988
0.0793667885143372 -0.0638262756792043 0.0675898692071892 0.0537291460650896
0.118879764655183 0.0282636267983423 0.0094000788545766 0.0774672935790457
0.0881720568889142 0.109842885944867 -0.0206534085072565 0.028999049270014
0.0184332482419811 0.11384814190125 -0.0198170794929117 -0.0807666902554211
0.0627306472461204 0.0904746119035073 0.0321368102151303 -0.0905378163162205
0.0940824536517961 0.0304748502492309 -0.0199147252857282 -0.119111688556878
0.0621376916568258 -0.0510140635846486 -0.078382269353657 -0.0693652447965953
-0.00471237542994131 -0.0707555682616312 -0.0798074034647343 0.00159019388329833
-0.0493256652370851 -0.0408953157901365 -0.0448162796407082 0.0371928747260878
-0.0546009907945589 -0.00802338871329761 -0.022774484657529 0.033595628854228
-0.0466372463288609 0.000953624446011696 -0.0165611543313657 0.00711878089582
-0.0451467125992502 0.00045003708971548 -0.020799885940367 -0.0147945775458284
-0.0597445132338596 -0.0167802390747185 -0.0154905701456888 -0.0469966929143589
-0.0496485214553472 -0.0531393519248627 0.0119863847334059 -0.0713751059287478
-0.00182337893812577 -0.0747475897670012 0.0693527744917715 -0.0343686281232017
0.0721009873190814 -0.0516012053075171 0.0695513831063071 0.0366961995714669
0.0990463703848754 0.0308488773307041 0.00925141055112213 0.0648148811696986
0.0656103387585884 0.0959248985521429 -0.0343308650834231 -0.00318930136451781
-0.00114185745464373 0.0818992911374587 -0.0220155809009818 -0.120751924555573
0.0327948254232025 0.0750939532382141 0.031493046152156 -0.102738233226732
0.0650650226413325 0.036073167141424 9.16566426660553E-05 -0.119255383339515
0.0501575539614853 -0.0299534896862752 -0.0518674621772918 -0.0892721109010076
0.00155947386424899 -0.0522302934086783 -0.0794597974841514 -0.0309758289103767
-0.0353584391378936 -0.032921298712538 -0.0656359267895318 0.0194060194851937
-0.0431860638625322 -0.00770672214839987 -0.0443510022608148 0.0302345999007249
-0.0373868682235931 -0.000768968238494378 -0.0343092287362594 0.00721934154161483
-0.0349787691063344 -0.000584187852920428 -0.0370981116703581 -0.0151141975388611
-0.0460440395635206 -0.0149825069568412 -0.0297138503770572 -0.0506819078423295
-0.0359903189311195 -0.0451562350465868 0.00104766813756814 -0.0788816396651632
0.00577101187684087 -0.0593294845802802 0.0649643370558696 -0.0466485341173408
0.0623579067499389 -0.0301052293694895 0.0671264413368471 0.0265737231253337
0.0684888948160228 0.0372014832013744 0.00705945690220958 0.0533901890391862
0.031997440401622 0.0751615842140086 -0.0427442919090283 -0.0283238315994687
-0.0171249590736256 0.0341214182504132 -0.0223796114469326 -0.141820142830192
0.00229743644804616 0.0403783120126695 0.0292534168832042 -0.107026744894257
0.0253858926935963 0.0262818821499715 0.0116789516667451 -0.113433341327247
0.0263924310259408 -0.00879035690999694 -0.0350170092583951 -0.0972727667308981
0.0042889848729457 -0.0246473861317286 -0.0780027107037349 -0.0477060790190275
-0.016042206072637 -0.0177747905056168 -0.0780280001272515 0.00814753020340888
-0.0237649681341756 -0.00618022490302632 -0.058570124747442 0.0273186436192187
-0.0215323858042106 -0.0024617505131059 -0.0464071225628459 0.00578929764524171
-0.0214240919569642 -0.000922191238028665 -0.0481582393318268 -0.0171123906558249
-0.0282507084844263 -0.0114075615404654 -0.0379677365804026 -0.0560876584195157
-0.0201967521511048 -0.0327878761915573 -0.00118087000940994 -0.0845060386623938
0.0106366632537127 -0.0412229815687429 0.0661502301603763 -0.0523520023332949
0.0484522363228688 -0.00753222032559546 0.0647770422999342 0.0224815618250286
0.0334410095243032 0.0387106419087449 0.00418461748629556 0.0446554705313093
-0.00397813093077531 0.0467399357913735 -0.0424008808059805 -0.0466257469732465
0.027190793421623 -0.00994707594132488 0.0488399111534652 0.070904422154346
-0.00183029895044841 -0.0226632054213474 0.0399782100629774 -0.0467270285228772
-0.0200427854618422 -0.00790276611871172 -0.0554617633570685 -0.0445204216922943
-0.00907025808736624 0.0116080507648282 -0.0862083124045422 0.038883318919214
0.00110008368290526 0.0085004812360977 -0.0183078755772941 0.0929110162193706
0.00567750812736781 0.00376512031815064 0.0385728633946646 0.0676933522072936
0.00696096364153665 0.00021785047790456 0.0532038163470312 0.0342857685865195
0.00115753526002095 0.000812991295561609 0.0554361420064261 0.0059977362555578
-0.00289810602438632 0.0026580021523802 0.0616134699577982 -0.00965447447812279
-0.00786725471007471 0.00300195121317857 0.0732199773249394 0.00292695432814748
-0.00600466802187992 -0.00637180190112395 0.0682080856034442 0.0514377069020434
0.00216621983131775 -0.0127704790391335 0.0223459329721506 0.0973923168468765
0.0146945027707416 -0.0133182977013739 -0.0272043370597234 0.10057408196709
0.0291997003544282 0.00126233881418991 -0.0562679935507295 0.105606850370588
0.037140679855231 0.0214784107288172 -0.0125585287946744 0.144670048578061
0.0413266413899045 0.0297835522621246 0.0327927221886732 0.071057020950023
0.0256806951995427 -0.00468116061217165 0.043047633508263 -0.0410780095862611
0.0070560825483615 -0.0134776447460061 -0.0536804709814792 -0.0543615184227768
-0.000509223011980413 -0.00870196801368089 -0.0935397054350282 0.0300833885055797
-0.00733694923491474 -0.0124770177315747 -0.0275980711976507 0.0926252913287587
-0.0121126260909145 -0.00769352885891399 0.0336971869024206 0.0717037658049423
-0.0113007394843253 -0.00257136727384417 0.0494340284384033 0.0359743216613008
-0.0178774280326393 -0.000733986216390142 0.051246075276875 0.00691101228588165
-0.0225717298977042 -0.00167581905001122 0.054490283203122 -0.0111151217000181
-0.029491337589612 -0.0117671086277874 0.0665529108835162 -0.00781209938390045
-0.0139804686542443 -0.0331730954840188 0.0710762421756048 0.0321915062482178
0.0190108365915979 -0.0371825274987787 0.0401358025133359 0.0859521426897233
0.0527307020264605 -0.0128691443915175 -0.00729422180030704 0.10108045942538
0.0603788244361955 0.0343658123964426 -0.0416469818385891 0.101758946043229
0.0514412928451568 0.0730302878787726 -0.0104213452934595 0.126264140377601
0.0445728423656326 0.0697543746138812 0.0148320256008661 0.0551811454336339
0.0505698706667586 0.023709534049651 0.0461609633844116 -0.0411721092513773
0.0407408700210729 -0.0106325828052484 -0.0505034098370021 -0.0706729476180654
0.0159198796660333 -0.030630289700798 -0.101170128847037 0.0128874532539335
-0.0115754803595999 -0.0364075842589371 -0.0415567948929445 0.0840916650539438
-0.0294764214906075 -0.0211357615125684 0.0210888693429513 0.0711754121157266
-0.0293814720335593 -0.00526365925939 0.0390796741110025 0.0370696352109988
-0.0335622641470069 -0.00226449219743751 0.0396482360722024 0.00765437285967536
-0.0376790284641608 -0.00409110842378981 0.0404993025608435 -0.0127084540915068
-0.0486121647370671 -0.0202304713432018 0.0521799753150658 -0.0203075055723755
-0.0288122075305033 -0.0528724210743398 0.0678049176296794 0.00295781847497536
0.0213986463172209 -0.06227865763606 0.0616869333161172 0.0623213922175405
0.0789277409685946 -0.0280798857385417 0.0201226712546343 0.0958527000940114
0.092758256845627 0.0471782346781423 -0.0244208191555389 0.0956102825036593
0.0678074933437035 0.106142682650893 -0.0112870313493511 0.0960143693553958
0.037180650607591 0.10280216395031 -0.0020262182078995 0.0219220567462537
0.0657741933756507 0.0573974287632521 0.0461037024080386 -0.0474028952413509
0.0737848273922744 0.00306361262655478 -0.041072278220055 -0.0887211660911205
0.0391121932068117 -0.0472683906471469 -0.101583360062643 -0.0141626907045213
-0.0097815589756897 -0.0588398383120679 -0.0575838549984325 0.0637696911397303
-0.0416777775719975 -0.0350237707826963 0.00137029510454812 0.0634884632396216
-0.0442874058763208 -0.00940421105735375 0.0212657818506141 0.0362552447271033
-0.044210066681023 -0.00345383333475344 0.0228447961674409 0.00765237774459537
-0.0458328511840553 -0.005384318902922 0.0213976411927257 -0.0137712232116766
-0.0602598776018237 -0.0237751816212724 0.0324890763839071 -0.0322262972705434
-0.0421732509394063 -0.0615089336674086 0.0546060499704754 -0.0268264961309357
0.0125040973795535 -0.0779013880733741 0.0748394974911082 0.0297934436084417
0.0878625232340541 -0.0475415117785517 0.0432794559777708 0.0810126815245989
0.112509377086085 0.045274136278148 -0.0119738325718379 0.0870836321497799
0.0776111502774855 0.120266837335744 -0.0180744755362481 0.0599639627964877
0.0202912467415904 0.117466264109693 -0.0127568832240281 -0.0238608951225689
0.0639948731323282 0.084460718075436 0.0423032286816413 -0.0601636213912236
0.0919120672552084 0.0241554304027095 -0.0248500956587962 -0.102769236265676
0.0592876753142745 -0.0502578864481382 -0.0877695759648435 -0.0454862197803034
-0.00259667338077852 -0.0717335723959047 -0.0690535208888926 0.0299682351459407
-0.0455170197080018 -0.0441224755899932 -0.0229869395001936 0.0479478533199998
-0.0519884775776389 -0.0127753860700405 -0.0011393320254023 0.0338398393810742
-0.0484505774924546 -0.00415932186029303 0.0034009043053824 0.0067707869099451
-0.0479521195889923 -0.00600795567081128 0.00177375290696382 -0.0145879408819836
-0.0621086787848961 -0.0241345032005401 0.0108726643163027 -0.0400846792759523
-0.0472711008793557 -0.0613373989371586 0.0371442710995102 -0.0489047753705098
0.00549059665636326 -0.0800788535232103 0.0765595932313564 -0.000442694155025907
0.084482073567907 -0.0535136526614467 0.0561717732271563 0.0616297352165527
0.110923098278992 0.0401235803641448 -0.00591072329642878 0.0750709063162367
0.0727834041096048 0.116291831226035 -0.0293123491494098 0.0227170523007491
0.00212492202017955 0.108229395823607 -0.0153043615888209 -0.0735010084935302
0.0455214480223604 0.0922403890514474 0.0405805995709462 -0.0763998482052834
0.084253301170381 0.0416528400048881 -0.00432473001138585 -0.108397414934994
0.0657875950267512 -0.0387076648219125 -0.0621941720792053 -0.071338515351977
0.00547396167065994 -0.0676754008681275 -0.0716696702918522 -0.00640994253339406
-0.0405253097078008 -0.0448080131698688 -0.0456041193378976 0.0278991080772672
-0.0504105719336502 -0.0141602231141231 -0.0241030730956205 0.0291082530608479
-0.0455976210080019 -0.00487503675054456 -0.0165866351927526 0.00542704780924753
-0.0433929208871109 -0.00543010231458181 -0.0176079619624309 -0.0156526847336672
-0.0550423716737085 -0.0231852955866808 -0.00761260417774947 -0.0453576573654886
-0.0416942284011059 -0.056570581305683 0.0203452806963414 -0.0639902810275238
0.00639619999903099 -0.0713112482246308 0.0725986096060218 -0.0228216506749518
0.0747467637523461 -0.0426889511124196 0.0599400009672676 0.0457728337931132
0.092008659390713 0.0414474986744116 -0.00387277300384586 0.0626425838840661
0.0523545939422342 0.100654832993237 -0.0391094148046093 -0.00994211462343939
-0.0119419743737192 0.0760523157731592 -0.0117836706564332 -0.112863939435132
0.0197621657253535 0.0732524367532682 0.0402466617903801 -0.0894326057855423
0.0559481155853232 0.0425077088859572 0.0143629068142121 -0.106451582293909
0.051871803543559 -0.0212810019815221 -0.0358784389358996 -0.0875518040628689
0.00928317290760238 -0.0492693049865456 -0.0693829560844407 -0.0377925196089685
-0.0278079163626982 -0.0357251931549792 -0.0631359608693215 0.00907190069510711
-0.0390577880496347 -0.0125660264848067 -0.0450902073823899 0.0235990151593882
-0.0355558873151481 -0.00518468297032075 -0.0336903760513947 0.00283632364204002
-0.0334062079742217 -0.00527776372319381 -0.0338782644827229 -0.0178218407590156
-0.0417799888330153 -0.0197068422122304 -0.0215715855277651 -0.0505279866022615
-0.0292422818222414 -0.0470689313796529 0.0112654001662939 -0.0735009577764286
0.0112382680268429 -0.0563180597467239 0.0690572634538629 -0.0358607919941217
0.0629819067025949 -0.0226306085660255 0.0600271845919447 0.0344179387485551
0.0620050045324525 0.0432318555046025 -0.00348982461113209 0.0508211693477214
0.0223775035481883 0.0768799224066666 -0.0416085743789811 -0.0356887573957738
-0.0205979021859604 0.0289985144320492 -0.00678188585814235 -0.13446309399332
-0.00367005434388726 0.0374733926055801 0.0389849135565522 -0.095637763646025
0.0204401176599957 0.0279039644196592 0.0247312645054607 -0.103166074396354
0.0264757394945871 -0.00457292375375782 -0.0207087577289807 -0.0942140281328308
0.00760822252983641 -0.022952080650063 -0.0668050101533565 -0.053556997786291
-0.0119127634012028 -0.019214434051462 -0.0739099289106171 -0.00189730993767231
-0.021564101104747 -0.00805025696898596 -0.0585652213278401 0.0198267510947883
-0.0207404842554618 -0.00512649580888 -0.0459983447778194 0.000901352670619175
-0.0199551746799157 -0.00403655915002665 -0.0438140695439122 -0.0217774599133905
-0.0248444516488952 -0.0138077416974092 -0.0286917529091407 -0.0565779907520727
-0.0158172323888662 -0.032867072854298 0.00951115517795813 -0.0799269130977003
0.0145667775154821 -0.0373393341974546 0.0701647494429198 -0.0408789681170116
0.0473331941237929 -0.00275765947339794 0.0585527281952844 0.0301711209390791
0.0280342571470071 0.0409144982642271 -0.00321920951174219 0.042531537877198
-0.0091899603840148 0.0453630096298918 -0.0365513894997267 -0.0518224868025769
0.0259977362484431 -0.00909692504545494 0.0467190164617612 0.0697818615291842
-0.0015552834916731 -0.0218751815098969 0.0407380171380899 -0.0462788085929059
-0.0197225531452624 -0.00834779563614388 -0.0534829738905352 -0.0457542681817467
-0.0088767324558426 0.011023437002514 -0.0854773329357251 0.0361652855604003
0.000492402238739909 0.00830518181816141 -0.0199932499651847 0.0906993156670779
0.00574952878936885 0.00363129135242233 0.036187817732397 0.0667197870605022
0.0066316101902698 -0.000103958012024511 0.0516296159384249 0.033754291053174
0.000580539279112535 0.000480639118554184 0.0542057657148036 0.00684947548130981
-0.00324683847996277 0.00255317916987728 0.0610563772585548 -0.0088242810492994
-0.0075614809062053 0.00288619384419863 0.0716111123893222 0.00403750648443535
-0.00571534955995418 -0.00639751928297957 0.0656256134394683 0.0525701209667338
0.0016480689167179 -0.0122881983937695 0.019819640517506 0.0956072215339239
0.0152336320461841 -0.0129444861309903 -0.0297138331972679 0.0972527509390562
0.0286198745851312 0.00246593987998169 -0.0582761538206627 0.102831258765308
0.0355314711054457 0.0222189780812056 -0.0161369519344223 0.140232054865717
0.0394303444706948 0.0301301229974485 0.0311375502967351 0.0691420862931027
0.024691411417661 -0.00381842921797948 0.0444680724549703 -0.0401657152550987
0.00689271111172115 -0.0129254834649852 -0.0510793826210254 -0.055230975674765
-0.000509779910511456 -0.00893118993999765 -0.0928552678411502 0.0271795090279439
-0.00738898770792633 -0.0120978937918263 -0.028691344951318 0.0901856502602679
-0.0116756768369184 -0.00742180058677987 0.0312871947062186 0.0704576116933226
-0.0112668552066593 -0.00303427500714798 0.0481183062800887 0.0363454173694299
-0.0176552374063154 -0.00106202243476041 0.050313212938545 0.00761037576180379
-0.0222441646164328 -0.00202360094396829 0.0541022930083149 -0.00985438047615059
-0.0294251403597823 -0.0112338178732396 0.0657274998634285 -0.00598841487795577
-0.0132501453388563 -0.0327716141599521 0.0685708658258295 0.0331382360275518
0.0196299347252817 -0.0363588808863518 0.0377389298166229 0.0860299826736621
0.0518176756196214 -0.0109333695842426 -0.00987394139352301 0.0984695179647655
0.0586007311726562 0.0351585332299336 -0.0439638806445918 0.0982912428141916
0.0488678130211509 0.0721279961435016 -0.0140143478313459 0.122466340073201
0.041755978840926 0.0689973605393236 0.014211075847242 0.0535481372345155
0.0483950686953664 0.024409644835499 0.0472050281785435 -0.0399177351222343
0.0399196159294904 -0.00931501728776495 -0.0472604132206719 -0.0706338395232414
0.0160075017092798 -0.0293943731778307 -0.0995253741801693 0.00984230797939533
-0.011384853540259 -0.0358979436384878 -0.0425275984247056 0.0814145519802113
-0.0285570838116767 -0.0214193724772623 0.0193942593372826 0.0696821603674092
-0.028795695428318 -0.00644342866159353 0.037325719540683 0.0369009362535364
-0.0331619234412453 -0.00276090537709781 0.0392024332295802 0.00830368247981099
-0.0369203589479307 -0.00497393183787693 0.0403149163525966 -0.0112321536962558
-0.0472478172813985 -0.0202295818485647 0.0517209979613273 -0.0193325727035526
-0.0277907267386003 -0.0519080546962139 0.0658475564745997 0.00505189501877052
0.0218743864301573 -0.0600111532719419 0.0593203443653324 0.0629736973873156
0.0781936014645417 -0.0260261311390686 0.016745348363614 0.0939713009299313
0.0897805939002212 0.0484305312096689 -0.0271959707910602 0.0928236770275646
0.064465397690463 0.105068450512016 -0.0135689799209521 0.0928002359964953
0.0333279807991253 0.101197235315394 -0.00132995116673467 0.0211328622403263
0.0625653718049746 0.0578076413434932 0.0474241573736718 -0.0459390501439928
0.0726107436664779 0.00500324784331552 -0.0375384303602137 -0.0884516776915426
0.0391796368301753 -0.0448846346435063 -0.0987874289612535 -0.0168424426257582
-0.00933414101406638 -0.0576136425826078 -0.0575181190992412 0.0602060870395303
-0.0403980920747781 -0.0343378125349915 0.000117709732270336 0.0623601531155109
-0.0427977114367348 -0.0105827748198123 0.0201427497090055 0.0360465077325722
-0.0431263275449482 -0.00453637708376693 0.022550439278872 0.00818707937764094
-0.0449954708290282 -0.00606462045320676 0.0221190879474804 -0.0127911378325266
-0.0589121370057039 -0.0230405034009945 0.0323110619008857 -0.0306026954726741
-0.0408921246009483 -0.0604558061963207 0.0538579603566304 -0.0240031552710136
0.0137494540747378 -0.0759090684968221 0.0725929704944145 0.0317239498454611
0.0875208908856663 -0.0442059530076136 0.0402538674287959 0.0804508432606632
0.109008127839299 0.0468522673655347 -0.0140293142880987 0.0838970823044131
0.0737046067150537 0.117961906301757 -0.0196979206373437 0.0573680756613221
0.0171058664805594 0.115144129188462 -0.0108848359642338 -0.0238414514271496
0.0601976549421533 0.0842934395199761 0.0440032763283516 -0.0577553962049672
0.0897282777630092 0.0260736352457418 -0.0210241105895695 -0.101625941573115
0.0591914582929449 -0.0482912482521509 -0.0845220306519589 -0.0466827939330675
-0.00148805848289201 -0.069317035026399 -0.0684807400440866 0.0277025685700754
-0.0439514898265796 -0.0434049202312655 -0.0229807827833339 0.0463245091600357
-0.0501630147826496 -0.0133623778898257 -0.00203438094452608 0.0334610029304182
-0.0474133663483828 -0.00558385172936362 0.00319482578714066 0.00727833682469389
-0.0468931700537396 -0.00654223183338098 0.0020852644933522 -0.0135796251798645
-0.0605479294984587 -0.0234627679505057 0.0120331628543028 -0.0390735063418279
-0.0457136451722979 -0.0605241148863327 0.0365788898738267 -0.046740530465149
0.00644525564916263 -0.0777798727838825 0.0750979714692099 0.00116180825323898
0.0840889314548132 -0.050743422553259 0.0540373820519763 0.0618330683798867
0.1081773408392 0.0421453739247614 -0.0079580232040043 0.0725751880719795
0.0689879232004028 0.114637514596926 -0.0299061443412841 0.0210700416465709
-0.000870090173109352 0.105550901168146 -0.0123412201261657 -0.0718033890697332
0.041373749613374 0.0906588337865156 0.0427054311705404 -0.0735838703962132
0.0814576883421589 0.0424186552322005 -0.000753631424446384 -0.106106498994389
0.064621487705736 -0.0367063598947083 -0.0588665691387987 -0.0723262994341357
0.00642380296356991 -0.0656426181599196 -0.0705775970664358 -0.00872766090344759
-0.0386121938339964 -0.0437666446832907 -0.0449050958274409 0.0264371167906349
-0.0487226296602989 -0.0147703518402261 -0.0245888109146748 0.0282965546981513
-0.0443012645278768 -0.00549871791720147 -0.0167817890479211 0.00522866313227244
-0.0415086663917544 -0.00650598939172234 -0.0167487827936653 -0.0152775317000828
-0.0538873202354219 -0.0225165839731649 -0.00656029852286143 -0.0445442462419686
-0.0400187222622429 -0.0552773279175895 0.0211894054990005 -0.0616389695913476
0.00666918393604875 -0.0696476783854984 0.0713789128694423 -0.0209655603396517
0.0745887224808687 -0.0405464842936889 0.0584272884594073 0.0457007443854734
0.0888927834580644 0.0420755151903103 -0.00563420311585264 0.0610960507461284
0.0495674896855832 0.0988322466664939 -0.038453810340254 -0.0104756191289102
-0.0142517958994074 0.0736480325528052 -0.00763666961912561 -0.110502406720538
0.0172440382381523 0.072615561322278 0.0421967256960816 -0.0855454076456451
0.0540537026629268 0.0425485785760087 0.0171599802667393 -0.103730692983207
0.0507860092739607 -0.0193679373666229 -0.0322042776009356 -0.0871002610493417
0.00917663057503987 -0.0475284741582876 -0.067130346663934 -0.0385206264469182
-0.0262056143155681 -0.0344400688369656 -0.0617918243566521 0.00814447690268753
-0.0379890914508866 -0.0125945744897213 -0.0446214980672019 0.0227398931792022
-0.0353306454384147 -0.00683852902370239 -0.03355312976263 0.0029510370006032
-0.0324211133148334 -0.00591055269738149 -0.0315792591960544 -0.0181827971812234
-0.0403603656240805 -0.0198276651645185 -0.0195647998496269 -0.0501121037868805
-0.0279290056562835 -0.0455183187891297 0.0123673312686262 -0.0716108493708225
0.0116268163646831 -0.0546108658518656 0.068870340847401 -0.0332827242927779
0.0627079588970552 -0.0209397412634518 0.0580611920604312 0.0346600402839262
0.0593684148654011 0.0436967892676828 -0.00520577714072562 0.0499196210412962
0.0203072540177588 0.0751152752284959 -0.0405728069803145 -0.0356384157695136
-0.0212878909175075 0.0273490136159819 -0.0025856924934435 -0.131666603579192
-0.00447441127319542 0.0363836549085412 0.0409007839013891 -0.0915042267868532
0.0198006680537089 0.0277751056514281 0.026733626859206 -0.0991598189262279
0.0258928836270948 -0.00376539538685905 -0.0179873438845645 -0.0932892989483675
0.00768740321832487 -0.0216278404932644 -0.0642277645089083 -0.05430390982255
-0.0111027859054292 -0.0188164650761805 -0.0724990596164126 -0.00260572830646034
-0.0208755636797965 -0.00800393955127836 -0.0569470072871257 0.0186779576554784
-0.0202332760747255 -0.00526330276697771 -0.0450944368170362 0.000637535821737079
-0.0194716499056456 -0.00447318221364753 -0.0420502808406288 -0.0223270152084552
-0.0240657920125227 -0.0140640889396909 -0.0276744676523636 -0.0556662133967929
-0.0147145496322005 -0.0323623823774858 0.0105675830103709 -0.0776851351141035
0.0149240039630763 -0.0361219955415157 0.0697105913558064 -0.0388694364399722
0.0465256945700705 -0.00178968910017592 0.0568118298871517 0.0311863601538289
0.0270053385419382 0.0403388926787723 -0.00558534354695614 0.0416083156120869
-0.010366212214402 0.0437136114140946 -0.035447308637625 -0.0511697073100323
0.0264459211204749 -0.00837587294022399 0.0455432696253637 0.0707361655706656
-0.000795543016126954 -0.021754597735077 0.0433525656988913 -0.0467091090186108
-0.0195967204667304 -0.00846888646853889 -0.0518195317571535 -0.0488019676338863
-0.00931886815607495 0.0108829031543879 -0.0878588998801311 0.0342387870100756
0.000104298979808241 0.00863906254732803 -0.0226525388968105 0.0915810821169265
0.00537780799046025 0.00392835202929455 0.0341158869598941 0.0686752444837396
0.00662960679223199 -0.000387706893020497 0.0512639706860111 0.0361203232680945
0.000563483663249798 0.00109868312279911 0.055374353583158 0.00796109352071698
-0.00322491138142285 0.00276349373558948 0.061841037469015 -0.0075661165532634
-0.00822116007943148 0.00246813062222881 0.072821945123374 0.00601446121954567
-0.00603138150483376 -0.0067165575507677 0.0659722728506449 0.0553308354816486
0.00232425104144929 -0.0126595079462817 0.0168609375616747 0.0984495146215133
0.0158132227294841 -0.0122585363506375 -0.0346313639911712 0.0979153039428768
0.0290955129352175 0.00323190292250826 -0.0632963607506742 0.101797562345745
0.0348631477182927 0.0234303445708556 -0.0213275696736202 0.140997957756837
0.0383319153585699 0.0318283571026454 0.0302000243518125 0.0699384396007528
0.0249991037174182 -0.00281029906399757 0.047204812438604 -0.0404182689363146
0.00732671031777582 -0.0126119585206184 -0.0498503796603076 -0.0586774448874327
0.000130978564098815 -0.00834669817831738 -0.094821022106263 0.0245833388235723
-0.00727791043698279 -0.0123425549591891 -0.03176840128596 0.0908503929914708
-0.01190785354057 -0.00784707485303473 0.0300704231332599 0.0719440978851558
-0.0111590782013779 -0.00354893926091246 0.0474987861763492 0.038187389546292
-0.0180922820218134 -0.00189242679628671 0.0510085345059933 0.00882530719916056
-0.022631214744362 -0.00245604920076968 0.0549442696826341 -0.00882232707344344
-0.0293296176702974 -0.0123716416200752 0.0667537517487821 -0.00446663268306998
-0.0132921723743329 -0.0337269781956286 0.0693677655259783 0.0358963447969359
0.0205812868535221 -0.0356879239445925 0.0351324935264916 0.0888234397365313
0.0531822209440708 -0.00984741178503697 -0.0142737634327395 0.0998478120766925
0.0581255906934513 0.0381529032050927 -0.0482601567001085 0.0979730411516319
0.0475379347156876 0.0746408957805012 -0.0182602844553092 0.122327613420982
0.039767161734446 0.0715297432468964 0.013722660819999 0.0541593273921777
0.048012236157488 0.0264014172221613 0.0502691016559772 -0.0395065030199526
0.0404566244909074 -0.00810171050059839 -0.0448801102975675 -0.073820586798632
0.0171612823142384 -0.028782564413859 -0.101357657946565 0.00655124945935035
-0.0105264358616684 -0.036402699087267 -0.0460840540032287 0.0811672424299206
-0.0281764507813585 -0.0218235689182587 0.0176674290509986 0.0708098391315009
-0.0288586425395333 -0.00781959591823897 0.0366781947186782 0.0390896552306381
-0.0338198230973622 -0.00381930002685652 0.0400408016709634 0.00927528691802153
-0.0371141380661348 -0.00584381100270034 0.0413757967491535 -0.0105010865625424
-0.048096419334955 -0.0214383325371472 0.0530585253329134 -0.0182750505546085
-0.0272208545743896 -0.0529907006382686 0.0665424617413777 0.00741512015419652
0.0238571777073185 -0.059866549777815 0.0583621828495104 0.0660481138762063
0.0803339639350843 -0.0239649591982983 0.0137996694158129 0.0962125546528093
0.0899127941195872 0.0523484226785157 -0.0313162289991167 0.0929947302560565
0.0621061224186601 0.108441187768353 -0.0176009075218988 0.0924020027574098
0.0297641552410826 0.103653027410258 -0.000616739115887584 0.0207166426131599
0.0610759225949719 0.0601143522459964 0.0507324976352782 -0.0453138288032937
0.073283895947061 0.00686313063122611 -0.0342908136887206 -0.0909288597788245
0.0409828829752777 -0.044329279950965 -0.0997369562442154 -0.0204984141553084
-0.0081509763920296 -0.0586769675318238 -0.0604601351465335 0.0594619128145372
-0.0397682790618311 -0.0354588982847025 -0.00176241844134663 0.0627177612505969
-0.0428599547973679 -0.0120337325696856 0.0192220593041899 0.0377302879684453
-0.0442473789801537 -0.00547805202769066 0.0231190869875413 0.00807004296190695
-0.0455989424477971 -0.00768624797422833 0.0232858270543204 -0.0122801404584708
-0.059237822397123 -0.0247859090413453 0.0337190788429931 -0.030393603816834
-0.0402948177662483 -0.061936983349571 0.0552577483730308 -0.0219135291039322
0.0154106054914354 -0.0756521826332675 0.0731193298378071 0.0345658182469661
0.0904407304847963 -0.0431432750247942 0.0381634272253365 0.082541448322177
0.109214474271237 0.0506976495798123 -0.0181862998764327 0.0847706147481386
0.0712482274470375 0.121732063554356 -0.0229887619679269 0.055984097548451
0.0126763103481888 0.117610166043106 -0.00891182899484126 -0.0250678232157411
0.0579891832051871 0.0876327618275813 0.0489700211490232 -0.0572475557868297
0.0903007345979629 0.0291888913753933 -0.0172404866704694 -0.103229965686879
0.0613292363145823 -0.0468423622931642 -0.0842732424909815 -0.0510465821411709
-0.000393592662646432 -0.0704213877979405 -0.0709739808725921 0.0256443134641726
-0.0433593711525565 -0.0445342476571999 -0.024676657717523 0.0464220539162881
-0.0502137398475578 -0.0144911530207973 -0.00253939259100751 0.0336951648868614
-0.0480096612695378 -0.00683570225550711 0.00309090819941928 0.00752554052584702
-0.0468915749929439 -0.00815682534474645 0.00287075309646014 -0.0138509679778663
-0.060705892631134 -0.0246656715226644 0.0132127026195542 -0.0393755361448983
-0.0451183600182117 -0.0618971031785041 0.0379549926065128 -0.0451946270990279
0.00859196186686319 -0.0781728901481944 0.0759538039264037 0.00402802287883958
0.0860639953184758 -0.0487329335906501 0.0528608240928849 0.0644574328870373
0.108104337737811 0.0457369886714468 -0.0112668402857599 0.0737827601724091
0.0665423933482528 0.117564317413831 -0.0315275296999917 0.0199575592381818
-0.00496261236082992 0.106996015822093 -0.00922888329353848 -0.0729015822957713
0.0389735810824556 0.093575685645747 0.0465901072284497 -0.0719674419465655
0.0816551795884014 0.0454986083465531 0.00350490522156815 -0.107512242149122
0.0664889762087627 -0.0351180320815613 -0.057443773772051 -0.0760657437452376
0.00752880462354955 -0.0660171351016234 -0.0714099934455193 -0.0119197840607973
-0.0375975072950033 -0.0449980480951893 -0.0463170747686448 0.0255602125681557
-0.0487511195687262 -0.0158000246854086 -0.0257337497689126 0.0284775515177577
-0.0453475535502597 -0.00749024668669173 -0.0169372952685783 0.00512582899183955
-0.0419053798632893 -0.00812064174532977 -0.0160886391224435 -0.0157188354591025
-0.0536786558887745 -0.0239568509600198 -0.00506564493236773 -0.0448495189393075
-0.0398652906240766 -0.0564450888271772 0.0233042020668963 -0.0604699948910275
0.00904346387080279 -0.0689774211150127 0.0733239444709512 -0.0188264334257076
0.0766784552654195 -0.0390483481757737 0.0572833510061451 0.0481403034940014
0.0888906881525095 0.0446965117071174 -0.00960381290261138 0.0615378940174124
0.0469133334743572 0.101486780988744 -0.0397752283287703 -0.0126069091310097
-0.0169775474151472 0.0743149747886045 -0.00391234015937232 -0.11191567999592
0.0147368210104994 0.0737907550055586 0.0463878287106271 -0.084478078730292
0.0535608390458675 0.0444188806187005 0.0216369750199326 -0.10425286317014
0.0520651980969354 -0.018545721784556 -0.0302000581173114 -0.0906459606473734
0.0103890844519069 -0.0475609048120219 -0.0667264303793999 -0.0418977570022843
-0.0253836702766732 -0.0354216651196237 -0.063115273995101 0.00617777794468583
-0.0380188899408773 -0.0135571863421355 -0.045773937482501 0.0221574302822546
-0.0359135716776686 -0.0077729135270411 -0.034458792362458 0.00219035565564516
-0.0324493854711819 -0.00749019783605611 -0.0316362603829765 -0.0188776975611637
-0.0404029999554161 -0.0209030871536123 -0.0187614658077101 -0.0513171655803893
-0.0272583053079924 -0.0467331263884437 0.0144455521492425 -0.0709481342104443
0.0131235213333777 -0.0541338879906453 0.0710585034982938 -0.0309170341472994
0.0639332002736362 -0.0195803247076942 0.0576324133836292 0.0370303245600138
0.0590559053402046 0.0457613299814271 -0.008001324683753 0.0502014980234422
0.0183007475727212 0.0760365015475051 -0.0409504542484219 -0.037494084284443
-0.0225330188990888 0.0272783326921127 0.00203668065704367 -0.132784602462364
-0.00600906619964802 0.0361160999073424 0.0451405180249965 -0.0910521968226661
0.0185771671357714 0.0283274501455023 0.031076759750323 -0.0997658647946619
0.0259491255547179 -0.00329039894225481 -0.0148298187556902 -0.0961270758624734
0.00777707325357042 -0.0214004066044516 -0.0633942215934097 -0.0575466721085159
-0.0104221085953195 -0.0188613875364695 -0.0732446282436476 -0.00455769662443085
-0.0208116071200276 -0.00852400389591964 -0.0582189951557415 0.0185936636423901
-0.0210421342189855 -0.00660505599006909 -0.046003788244684 -0.000592113153305243
-0.0192505963880073 -0.00557978431275489 -0.0421287799154392 -0.0236176524183174
-0.0236109346365489 -0.0150288413326255 -0.0265671471161486 -0.057220764873163
-0.0144855773511895 -0.0326494751694853 0.0131134610972221 -0.0775599655368258
0.0160834817450781 -0.0360325673140739 0.0712842888928931 -0.0372938376905262
0.0473034172237444 -0.000869346743233554 0.0573502976962446 0.0338272087583274
0.0262371203739622 0.0421569540337181 -0.0071013688236221 0.0425340583944593
-0.0118864232950327 0.0439737123891436 -0.0347914426688511 -0.0523865716050359
