TRXV5
3
4
4
9
string Extension=J
integer IsArchMeasurement=1
integer IsSpherical=1
string Generator=SPM
string GeneratorVersion=1.3.1 Dev
double ArchRadius=0.449999988079071
integer FrequencyAxisIndex=0
integer AzimuthAxisIndex=1
integer ElevationAxisIndex=2
Frequency
5 136 690000000 960000000 LIN
Azimuth
7 8 0 2.74889357189107 LIN
Elevation
7 15 -2.74889357189107 2.74889357189107 LIN
Polar H Real Part
13
Polar H Imaginary Part
14
Polar V Real Part
13
Polar V Imaginary Part
14
Polar H Magnitude (dB)
12 0xC0000002 0 1
Polar H Phase
7 0xC0000003 0 1
Polar V Magnitude (dB)
12 0xC0000002 2 3
Polar V Phase
7 0xC0000003 2 3
0.0898590087890625 0.128936767578125 0.15863037109375 -0.148590087890625
0.156143188476562 0.0029144287109375 0.136184692382813 -0.032745361328125
0.0672683715820313 -0.103797912597656 0.160064697265625 -0.0355682373046875
-0.0191116333007813 -0.100837707519531 0.182327270507813 -0.11895751953125
-0.0599822998046875 -0.062774658203125 0.129486083984375 -0.192794799804688
-0.0997772216796875 -0.0325241088867187 0.0367431640625 -0.231491088867187
-0.0927658081054688 -0.0156097412109375 -0.0029296875 -0.20263671875
-0.081268310546875 -0.0290603637695313 0.00204467773437501 -0.135810852050781
-0.0873031616210938 -0.0672836303710938 0.0108985900878906 -0.0593376159667969
-0.0239486694335937 -0.1004638671875 -0.0196151733398437 -0.00283432006835938
0.0577926635742188 -0.0877304077148438 -0.109466552734375 0.00489044189453123
0.0974578857421875 -0.03497314453125 -0.1627197265625 -0.08612060546875
0.0969085693359375 0.069183349609375 -0.123077392578125 -0.270187377929688
0.05145263671875 0.144363403320313 -0.04083251953125 -0.318084716796875
-0.00912475585937501 0.1614990234375 -0.030975341796875 -0.205474853515625
0.0638580322265625 0.194931030273438 0.1854248046875 -0.0883331298828125
0.163864135742188 0.08270263671875 0.162384033203125 0.0207672119140625
0.114089965820313 -0.0532150268554688 0.193939208984375 0.000701904296874997
0.044525146484375 -0.0875091552734375 0.223556518554688 -0.09088134765625
-0.00483703613281249 -0.0835037231445312 0.17254638671875 -0.174652099609375
-0.056640625 -0.086700439453125 0.0810394287109375 -0.2305908203125
-0.0678176879882813 -0.0737075805664062 0.0327301025390625 -0.198104858398438
-0.0543365478515625 -0.07562255859375 0.0304412841796875 -0.122535705566406
-0.0524749755859375 -0.112991333007812 0.035980224609375 -0.0334892272949219
0.0197830200195312 -0.128036499023438 -0.000774383544921872 0.0345096588134766
0.102302551269531 -0.0887374877929688 -0.102912902832031 0.0527496337890625
0.141433715820313 -0.0155487060546875 -0.177047729492188 -0.0287017822265625
0.119026184082031 0.112602233886719 -0.168838500976563 -0.2137451171875
0.0490264892578125 0.200576782226563 -0.0828704833984375 -0.251800537109375
-0.0233612060546875 0.21868896484375 -0.0584564208984375 -0.135841369628906
0.019287109375 0.23583984375 0.194351196289063 -0.000595092773437486
0.137222290039063 0.163619995117188 0.178619384765625 0.103912353515625
0.144210815429688 0.022613525390625 0.22674560546875 0.0572662353515625
0.11102294921875 -0.0476913452148438 0.261825561523438 -0.0466156005859375
0.0641403198242188 -0.085662841796875 0.209014892578125 -0.139801025390625
0.00529479980468749 -0.128250122070312 0.120712280273437 -0.208221435546875
-0.028900146484375 -0.122398376464844 0.062469482421875 -0.169998168945313
-0.0197906494140625 -0.109870910644531 0.0521240234375 -0.0889968872070313
-0.0155181884765625 -0.141220092773438 0.05487060546875 0.00502777099609374
0.0494842529296875 -0.14324951171875 0.01513671875 0.0778884887695312
0.121536254882813 -0.0901031494140625 -0.0896453857421875 0.104866027832031
0.160171508789063 -0.0140838623046875 -0.178497314453125 0.0369110107421875
0.139762878417969 0.118583679199219 -0.2032470703125 -0.13671875
0.06072998046875 0.21759033203125 -0.115997314453125 -0.162506103515625
-0.02337646484375 0.2425537109375 -0.0844955444335938 -0.0496902465820312
-0.0320892333984375 0.238037109375 0.176345825195313 0.100234985351563
0.0806732177734375 0.218276977539063 0.168777465820313 0.20428466796875
0.142364501953125 0.100875854492188 0.241439819335937 0.129852294921875
0.156600952148438 0.0122528076171875 0.28033447265625 0.0119171142578125
0.125694274902344 -0.0633621215820313 0.22491455078125 -0.089141845703125
0.07177734375 -0.142684936523438 0.14385986328125 -0.1630859375
0.0175628662109375 -0.15032958984375 0.0788726806640625 -0.119705200195313
0.0160675048828125 -0.127487182617188 0.0635948181152344 -0.0414161682128906
0.0197601318359375 -0.15069580078125 0.0666351318359375 0.048858642578125
0.0695343017578125 -0.143112182617188 0.028839111328125 0.118927001953125
0.124000549316406 -0.0850143432617187 -0.06707763671875 0.150466918945313
0.15692138671875 -0.0164947509765625 -0.160537719726563 0.0949554443359375
0.142532348632812 0.104141235351562 -0.206375122070313 -0.0571441650390625
0.0658111572265625 0.202651977539063 -0.120735168457031 -0.0687332153320312
-0.0244598388671875 0.2330322265625 -0.0992202758789063 0.04022216796875
-0.0714569091796875 0.194580078125 0.1341552734375 0.191513061523437
0.0111846923828125 0.219711303710938 0.13037109375 0.296905517578125
0.102127075195313 0.150863647460938 0.227569580078125 0.202102661132813
0.157974243164062 0.073333740234375 0.268142700195313 0.0721893310546875
0.154861450195313 -0.0206146240234375 0.212356567382813 -0.0353851318359375
0.122566223144531 -0.122688293457031 0.142196655273438 -0.1031494140625
0.06109619140625 -0.149185180664062 0.0781784057617187 -0.058319091796875
0.0479354858398438 -0.124588012695313 0.0636520385742188 0.0137138366699219
0.0505523681640625 -0.142288208007813 0.06964111328125 0.093231201171875
0.0878448486328125 -0.126701354980469 0.035552978515625 0.153945922851563
0.122596740722656 -0.0671463012695312 -0.0464324951171875 0.179046630859375
0.140052795410156 -0.0035247802734375 -0.133453369140625 0.129646301269531
0.118827819824219 0.0947036743164062 -0.183059692382813 0.00447082519531253
0.04541015625 0.171234130859375 -0.103279113769531 0.00874328613281251
-0.0401611328125 0.192337036132813 -0.104873657226562 0.117729187011719
-0.086151123046875 0.111953735351562 0.0832061767578125 0.253982543945313
-0.0447235107421875 0.163925170898438 0.076690673828125 0.3577880859375
0.0404205322265625 0.14605712890625 0.191925048828125 0.253097534179688
0.1099853515625 0.105903625488281 0.232040405273438 0.115737915039063
0.137802124023438 0.0260543823242187 0.17669677734375 0.0052032470703125
0.140869140625 -0.07537841796875 0.116729736328125 -0.0451507568359375
0.0911407470703125 -0.11846923828125 0.0614891052246094 0.00165939331054687
0.0699920654296875 -0.103828430175781 0.0547027587890625 0.0669021606445313
0.07513427734375 -0.118858337402344 0.0636367797851563 0.133888244628906
0.103530883789063 -0.0985260009765625 0.031951904296875 0.182052612304688
0.120796203613281 -0.039306640625 -0.0382537841796875 0.193634033203125
0.121086120605469 0.0231475830078125 -0.113189697265625 0.140945434570313
0.07806396484375 0.0991058349609375 -0.154342651367187 0.0391845703125
0.00115966796875001 0.136886596679688 -0.0833282470703125 0.05950927734375
-0.0722274780273437 0.130516052246094 -0.11328125 0.173080444335938
-0.0725555419921875 0.00950622558593749 0.0441436767578125 0.276611328125
-0.0685234069824219 0.0675697326660156 0.032501220703125 0.376861572265625
-0.0168228149414063 0.0879287719726563 0.156463623046875 0.2720947265625
0.0347824096679688 0.0958480834960938 0.191909790039063 0.130157470703125
0.0815505981445313 0.0583953857421875 0.13580322265625 0.0207748413085938
0.121810913085938 -0.0136260986328125 0.0774383544921875 -0.0061492919921875
0.102989196777344 -0.0659103393554688 0.0344772338867188 0.0489387512207031
0.0817108154296875 -0.066070556640625 0.0370254516601563 0.111770629882812
0.0893707275390625 -0.0822372436523438 0.0481719970703125 0.16925048828125
0.112831115722656 -0.0591201782226563 0.0141143798828125 0.205123901367187
0.116416931152344 -0.00455474853515625 -0.0491943359375 0.200149536132813
0.100746154785156 0.0548934936523438 -0.11126708984375 0.14044189453125
0.0293731689453125 0.11138916015625 -0.1390380859375 0.0517730712890625
-0.0567550659179687 0.101669311523438 -0.0798568725585938 0.0850982666015625
-0.10955810546875 0.0540390014648438 -0.131210327148437 0.200729370117188
-0.0450515747070313 -0.091217041015625 0.02813720703125 0.261245727539063
-0.0650749206542969 -0.0383110046386719 0.020294189453125 0.358062744140625
-0.0550537109375 0.0041961669921875 0.144302368164062 0.261428833007813
-0.0410919189453125 0.0541954040527344 0.170883178710937 0.116043090820312
0.00841522216796875 0.0710296630859375 0.107070922851563 0.010528564453125
0.0775909423828125 0.0460281372070313 0.0388908386230469 0.00672149658203125
0.096710205078125 -0.0023956298828125 0.00322723388671876 0.073333740234375
0.081085205078125 -0.0185699462890625 0.0130157470703125 0.141250610351563
0.0899887084960938 -0.033172607421875 0.0222015380859375 0.197219848632813
0.108222961425781 -0.0129013061523438 -0.0176239013671875 0.222610473632813
0.0997238159179688 0.0297012329101562 -0.076629638671875 0.202880859375
0.0707931518554688 0.082183837890625 -0.128814697265625 0.132575988769531
-0.0223922729492187 0.113777160644531 -0.144851684570313 0.0494842529296875
-0.108177185058594 0.0575714111328125 -0.0981292724609375 0.0877304077148438
-0.137680053710938 -0.0294570922851563 -0.159912109375 0.197784423828125
0.1279296875 0.121223449707031 0.164993286132813 -0.187850952148438
0.175140380859375 -0.0319366455078125 0.143814086914063 -0.0657196044921875
0.0525283813476563 -0.131729125976563 0.157699584960938 -0.0613555908203125
-0.045654296875 -0.108833312988281 0.171737670898438 -0.145126342773438
-0.0842971801757813 -0.0560073852539062 0.1124267578125 -0.216964721679688
-0.121498107910156 -0.0107040405273437 0.0134735107421875 -0.2474365234375
-0.106697082519531 0.00679016113281249 -0.0233154296875 -0.217910766601562
-0.09710693359375 -0.00995635986328125 -0.00906372070312499 -0.151168823242188
-0.115158081054688 -0.0502090454101562 0.0143280029296875 -0.0720672607421875
-0.0535507202148438 -0.104248046875 -0.00620746612548828 -0.00472450256347657
0.0410079956054688 -0.112777709960938 -0.101371765136719 0.0247573852539062
0.101524353027344 -0.063812255859375 -0.176834106445312 -0.05865478515625
0.127799987792969 0.0562286376953125 -0.170867919921875 -0.261276245117187
0.093658447265625 0.154464721679688 -0.084075927734375 -0.335235595703125
0.0285491943359375 0.186019897460938 -0.045318603515625 -0.219009399414063
0.101242065429688 0.197998046875 0.206695556640625 -0.12701416015625
0.1898193359375 0.057037353515625 0.184539794921875 -0.0132293701171875
0.107566833496094 -0.0787124633789063 0.200927734375 -0.0304107666015625
0.0257415771484375 -0.0999374389648437 0.222274780273438 -0.122909545898438
-0.0250091552734375 -0.0840988159179688 0.162567138671875 -0.205673217773437
-0.079925537109375 -0.074310302734375 0.0610198974609375 -0.255859375
-0.084625244140625 -0.060302734375 0.0160675048828125 -0.221710205078125
-0.0711212158203125 -0.065277099609375 0.024749755859375 -0.144760131835938
-0.0791702270507812 -0.105567932128906 0.0466575622558594 -0.0520782470703125
-0.00583648681640626 -0.138778686523438 0.0223445892333984 0.029449462890625
0.0919876098632813 -0.115043640136719 -0.084808349609375 0.0732269287109375
0.150985717773437 -0.0432891845703125 -0.179641723632813 0.00396728515625002
0.151840209960938 0.104476928710937 -0.207366943359375 -0.193161010742188
0.0901336669921875 0.217681884765625 -0.1160888671875 -0.255538940429688
0.0128173828125 0.250244140625 -0.0620040893554687 -0.137077331542969
0.04931640625 0.250946044921875 0.23004150390625 -0.0322265625
0.166351318359375 0.1524658203125 0.215896606445313 0.0739898681640625
0.149566650390625 0.003662109375 0.24609375 0.0242767333984375
0.105308532714844 -0.06280517578125 0.269882202148438 -0.08416748046875
0.0517807006835938 -0.0954742431640625 0.206741333007813 -0.177581787109375
-0.0155105590820312 -0.129585266113281 0.104690551757813 -0.240737915039062
-0.046905517578125 -0.121170043945312 0.05084228515625 -0.1982421875
-0.0352401733398438 -0.110389709472656 0.0513839721679687 -0.114967346191406
-0.0372772216796875 -0.143295288085938 0.0718154907226563 -0.0160293579101563
0.0301513671875 -0.157958984375 0.0454254150390625 0.0696945190429687
0.117576599121094 -0.114204406738281 -0.0617523193359375 0.123664855957031
0.172271728515625 -0.0386962890625 -0.168991088867188 0.0720672607421875
0.169479370117188 0.112106323242188 -0.22900390625 -0.106292724609375
0.0962982177734375 0.236190795898438 -0.134780883789062 -0.154922485351562
0.00622558593749999 0.275634765625 -0.0780487060546875 -0.0387649536132813
-0.0150604248046875 0.261199951171875 0.223480224609375 0.081329345703125
0.10540771484375 0.224517822265625 0.22021484375 0.184539794921875
0.156753540039063 0.09393310546875 0.273818969726562 0.0982208251953125
0.165679931640625 -0.0002899169921875 0.29913330078125 -0.02679443359375
0.125831604003906 -0.0787277221679688 0.22998046875 -0.127593994140625
0.059234619140625 -0.157012939453125 0.135086059570313 -0.198699951171875
0.00209045410156249 -0.16156005859375 0.0737457275390625 -0.148101806640625
0.00494384765625 -0.136802673339844 0.0691184997558594 -0.0660743713378906
0.00479125976562502 -0.161651611328125 0.0884933471679688 0.0276031494140625
0.0596923828125 -0.1607666015625 0.0633544921875 0.109428405761719
0.126274108886719 -0.105056762695313 -0.0328216552734375 0.164031982421875
0.169708251953125 -0.03369140625 -0.1402587890625 0.126457214355469
0.1654052734375 0.101577758789062 -0.216690063476563 -0.0233306884765625
0.0916290283203125 0.220306396484375 -0.125442504882813 -0.0528564453125
-0.00447082519531251 0.264739990234375 -0.0832138061523438 0.0602569580078125
-0.071014404296875 0.219635009765625 0.186630249023438 0.188507080078125
0.0236663818359375 0.239410400390625 0.19189453125 0.2919921875
0.118484497070313 0.158447265625 0.270751953125 0.177108764648438
0.177841186523438 0.069061279296875 0.294921875 0.0377197265625
0.1678466796875 -0.034393310546875 0.222274780273437 -0.0697174072265625
0.122268676757813 -0.145782470703125 0.140777587890625 -0.134841918945313
0.0532989501953125 -0.170303344726563 0.0794525146484375 -0.0811386108398438
0.0429229736328125 -0.142822265625 0.0743560791015625 -0.00663757324218751
0.044219970703125 -0.1614990234375 0.0939559936523438 0.0745086669921875
0.08685302734375 -0.147979736328125 0.07110595703125 0.143936157226563
0.131332397460938 -0.0838851928710937 -0.0104827880859375 0.18768310546875
0.156402587890625 -0.013397216796875 -0.108123779296875 0.15521240234375
0.136909484863281 0.0987701416015625 -0.180526733398438 0.035369873046875
0.059906005859375 0.190444946289063 -0.095184326171875 0.0272979736328125
-0.0338287353515625 0.222366333007813 -0.0842132568359375 0.144577026367188
-0.102310180664063 0.130905151367188 0.13348388671875 0.267303466796875
-0.0492706298828125 0.187484741210938 0.13995361328125 0.369659423828125
0.0482177734375 0.16387939453125 0.241714477539063 0.236831665039063
0.132293701171875 0.115226745605469 0.260986328125 0.08734130859375
0.159683227539063 0.020477294921875 0.186264038085937 -0.0225372314453125
0.152908325195313 -0.09814453125 0.117752075195313 -0.0691909790039063
0.09295654296875 -0.146072387695313 0.0662956237792969 -0.0118675231933594
0.0721359252929688 -0.125930786132813 0.0695228576660156 0.05517578125
0.07635498046875 -0.142822265625 0.0887680053710938 0.121299743652344
0.11102294921875 -0.122222900390625 0.06561279296875 0.175506591796875
0.137016296386719 -0.0541458129882813 -0.00553894042968749 0.200592041015625
0.142730712890625 0.0191497802734375 -0.0883331298828125 0.16119384765625
0.0932464599609375 0.111892700195313 -0.145156860351563 0.0653839111328125
0.003509521484375 0.162002563476563 -0.0690689086914063 0.0799026489257813
-0.0806427001953125 0.159408569335938 -0.091796875 0.205474853515625
-0.103096008300781 0.0163955688476563 0.0855712890625 0.299102783203125
-0.0901107788085938 0.0855712890625 0.089630126953125 0.40130615234375
-0.02215576171875 0.109054565429688 0.206817626953125 0.262222290039062
0.0484695434570313 0.116813659667969 0.220001220703125 0.106552124023438
0.105598449707031 0.06390380859375 0.14178466796875 -0.000335693359374996
0.145553588867188 -0.0308074951171875 0.0772552490234375 -0.0198593139648438
0.114921569824219 -0.0935516357421875 0.040435791015625 0.0456390380859375
0.0902099609375 -0.089996337890625 0.0538787841796875 0.109771728515625
0.0969161987304687 -0.108558654785156 0.073089599609375 0.165512084960938
0.12774658203125 -0.0851211547851562 0.0448760986328125 0.204147338867187
0.137977600097656 -0.0183563232421875 -0.0200653076171875 0.208740234375
0.126594543457031 0.0555801391601563 -0.0894927978515625 0.1585693359375
0.0444412231445312 0.132148742675781 -0.12847900390625 0.0760269165039063
-0.0633087158203125 0.131927490234375 -0.0666046142578125 0.108177185058594
-0.132949829101563 0.0814895629882813 -0.115509033203125 0.237380981445313
-0.0822296142578125 -0.0990524291992188 0.05828857421875 0.283050537109375
-0.0990219116210938 -0.0332794189453125 0.0692138671875 0.381500244140625
-0.0748748779296875 0.0210037231445312 0.190872192382813 0.250778198242188
-0.0396499633789063 0.0817413330078125 0.193206787109375 0.0921783447265625
0.0287628173828125 0.08795166015625 0.105064392089844 -0.00714111328124999
0.106132507324219 0.0392837524414063 0.0323848724365235 0.0022735595703125
0.115730285644531 -0.0255355834960938 0.00556182861328125 0.080902099609375
0.094268798828125 -0.0407028198242188 0.0289306640625 0.14947509765625
0.103263854980469 -0.0581817626953125 0.0464324951171875 0.203582763671875
0.1265869140625 -0.0368270874023438 0.010009765625 0.230300903320313
0.124061584472656 0.018280029296875 -0.05242919921875 0.2176513671875
0.0987319946289063 0.0853729248046875 -0.112045288085938 0.153182983398438
-0.0072021484375 0.139167785644531 -0.136787414550781 0.0743789672851563
-0.121467590332031 0.0887527465820312 -0.09027099609375 0.116485595703125
-0.171951293945313 -0.00601196289062497 -0.155120849609375 0.237564086914062
0.160140991210937 0.0987396240234375 0.156112670898437 -0.228805541992187
0.177734375 -0.0728302001953125 0.137428283691406 -0.0998382568359375
0.026611328125 -0.1495361328125 0.144821166992187 -0.0825653076171875
-0.0726699829101562 -0.1055908203125 0.15374755859375 -0.162933349609375
-0.103607177734375 -0.039154052734375 0.0893096923828125 -0.229965209960937
-0.13134765625 0.0197601318359375 -0.0115509033203125 -0.250503540039063
-0.10980224609375 0.0335540771484375 -0.0469970703125 -0.224472045898438
-0.103103637695313 0.0146408081054687 -0.0240020751953125 -0.1617431640625
-0.132713317871094 -0.02142333984375 0.013336181640625 -0.0872116088867187
-0.082672119140625 -0.0945816040039063 0.00610065460205078 -0.012730598449707
0.0150833129882812 -0.12872314453125 -0.0847930908203125 0.0386428833007813
0.0918350219726563 -0.0918807983398438 -0.175811767578125 -0.029449462890625
0.151962280273438 0.0315399169921875 -0.206924438476563 -0.234085083007812
0.138626098632813 0.14581298828125 -0.1270751953125 -0.33355712890625
0.074737548828125 0.192520141601563 -0.0621490478515625 -0.2276611328125
0.136138916015625 0.18658447265625 0.211196899414062 -0.172103881835938
0.2015380859375 0.0228729248046875 0.188873291015625 -0.05364990234375
0.090576171875 -0.0986862182617188 0.194595336914063 -0.058837890625
0.00494384765624999 -0.102897644042969 0.208572387695313 -0.149703979492188
-0.0433197021484375 -0.0759429931640625 0.14208984375 -0.229644775390625
-0.0946807861328125 -0.0533676147460938 0.0344390869140625 -0.2705078125
-0.0942306518554688 -0.0412521362304687 -0.00736999511718752 -0.23779296875
-0.08154296875 -0.0485076904296875 0.0102996826171875 -0.164306640625
-0.0990142822265625 -0.0869216918945312 0.049224853515625 -0.0756607055664063
-0.0329055786132813 -0.137802124023438 0.0409622192382813 0.0132255554199219
0.072235107421875 -0.135025024414063 -0.0581512451171875 0.0823974609375
0.148727416992188 -0.0723419189453125 -0.165496826171875 0.0332183837890625
0.179275512695313 0.08367919921875 -0.230133056640625 -0.158798217773438
0.136138916015625 0.216217041015625 -0.144912719726562 -0.246902465820313
0.0598297119140625 0.265151977539063 -0.0631561279296875 -0.139228820800781
0.0813751220703125 0.252914428710938 0.250946044921875 -0.0772857666015625
0.186767578125 0.132339477539063 0.236007690429688 0.0307769775390625
0.14569091796875 -0.01483154296875 0.24859619140625 -0.011566162109375
0.0947494506835938 -0.072174072265625 0.263534545898438 -0.118179321289063
0.0380401611328125 -0.0975418090820313 0.190460205078125 -0.209075927734375
-0.0331573486328125 -0.122222900390625 0.080169677734375 -0.2645263671875
-0.0615005493164062 -0.113136291503906 0.030059814453125 -0.220916748046875
-0.047088623046875 -0.10369873046875 0.0408782958984375 -0.140274047851563
-0.0568084716796875 -0.136650085449219 0.0784072875976563 -0.0457687377929688
0.00881958007812501 -0.163101196289062 0.0697669982910156 0.0483016967773437
0.104751586914063 -0.133895874023437 -0.0276718139648437 0.126708984375
0.173721313476563 -0.0638580322265625 -0.143814086914063 0.0977935791015625
0.193679809570313 0.0955810546875 -0.235794067382813 -0.0692901611328125
0.136260986328125 0.238967895507813 -0.147003173828125 -0.14117431640625
0.046661376953125 0.29473876953125 -0.0649261474609375 -0.0341110229492187
0.00817871093750002 0.277359008789063 0.259445190429688 0.0438232421875
0.129730224609375 0.221420288085938 0.257736206054688 0.144363403320313
0.165817260742188 0.08355712890625 0.28912353515625 0.058135986328125
0.169540405273437 -0.012786865234375 0.30072021484375 -0.06646728515625
0.121498107910156 -0.0908737182617188 0.219268798828125 -0.163681030273437
0.0435333251953125 -0.164871215820313 0.114547729492187 -0.227218627929688
-0.014007568359375 -0.166305541992188 0.05859375 -0.172866821289063
-0.00692749023437501 -0.142303466796875 0.06341552734375 -0.0921859741210938
-0.01092529296875 -0.16705322265625 0.0980072021484375 -0.00315856933593751
0.0449066162109375 -0.17388916015625 0.0906829833984375 0.0839462280273438
0.122428894042969 -0.123603820800781 0.00436401367187502 0.159027099609375
0.176727294921875 -0.0532684326171875 -0.107650756835938 0.144744873046875
0.185440063476563 0.0918731689453125 -0.209442138671875 0.0107574462890625
0.121978759765625 0.227615356445313 -0.1199951171875 -0.0394668579101563
0.025665283203125 0.28759765625 -0.0584678649902344 0.0702857971191406
-0.0634613037109375 0.244659423828125 0.23394775390625 0.164718627929688
0.0414581298828125 0.254745483398438 0.244613647460938 0.263168334960938
0.135025024414063 0.160232543945313 0.298187255859375 0.13812255859375
0.194732666015625 0.060546875 0.3045654296875 -0.002410888671875
0.175628662109375 -0.0511322021484375 0.217727661132813 -0.104568481445313
0.113906860351563 -0.166793823242188 0.125823974609375 -0.162643432617188
0.0383758544921875 -0.187713623046875 0.07147216796875 -0.102890014648438
0.0326995849609375 -0.157882690429688 0.0753250122070313 -0.0293121337890625
0.0329437255859375 -0.17706298828125 0.106338500976562 0.0466156005859375
0.0793914794921875 -0.167831420898438 0.0982284545898438 0.118865966796875
0.136009216308594 -0.101699829101562 0.024932861328125 0.17889404296875
0.170166015625 -0.0276336669921875 -0.0748291015625 0.165054321289063
0.154953002929688 0.0979156494140625 -0.163604736328125 0.059844970703125
0.0797119140625 0.206741333007813 -0.0787124633789063 0.0388641357421875
-0.017120361328125 0.249221801757813 -0.052215576171875 0.159042358398438
-0.113510131835938 0.157196044921875 0.183303833007813 0.258682250976563
-0.0455169677734375 0.2137451171875 0.199737548828125 0.354156494140625
0.0618743896484375 0.17962646484375 0.2774658203125 0.202682495117188
0.156387329101563 0.117050170898438 0.274948120117188 0.0511322021484375
0.178558349609375 0.0065460205078125 0.1846923828125 -0.0505828857421875
0.157257080078125 -0.125625610351563 0.108444213867188 -0.0908279418945313
0.084014892578125 -0.1724853515625 0.06597900390625 -0.0260162353515625
0.0655670166015625 -0.148971557617188 0.076751708984375 0.0383529663085937
0.0691986083984375 -0.167465209960937 0.104698181152344 0.0995101928710937
0.109893798828125 -0.148651123046875 0.0917205810546875 0.154098510742188
0.148162841796875 -0.073699951171875 0.026702880859375 0.190811157226563
0.163375854492187 0.007965087890625 -0.0575408935546875 0.16705322265625
0.113487243652344 0.119606018066406 -0.12469482421875 0.0830459594726563
0.0147857666015625 0.18597412109375 -0.0470809936523437 0.0909347534179688
-0.078887939453125 0.191970825195312 -0.0583038330078125 0.224777221679688
-0.130683898925781 0.0367050170898437 0.130767822265625 0.302642822265625
-0.105110168457031 0.112701416015625 0.150665283203125 0.397552490234375
-0.0208587646484375 0.132637023925781 0.246688842773438 0.233673095703125
0.0708541870117188 0.131294250488281 0.232559204101563 0.0749053955078125
0.131729125976563 0.0599212646484375 0.137191772460938 -0.0206985473632812
0.161041259765625 -0.056854248046875 0.0710906982421875 -0.0309600830078125
0.114768981933594 -0.124443054199219 0.04510498046875 0.0419044494628906
0.0883331298828125 -0.116806030273438 0.0665817260742188 0.101654052734375
0.094268798828125 -0.137115478515625 0.092529296875 0.15179443359375
0.132118225097656 -0.1160888671875 0.0699005126953125 0.190322875976563
0.154281616210937 -0.039886474609375 0.0082855224609375 0.204071044921875
0.153121948242188 0.0452117919921875 -0.06304931640625 0.164505004882813
0.0677032470703125 0.145706176757813 -0.108078002929688 0.090667724609375
-0.05694580078125 0.1644287109375 -0.0430679321289063 0.123481750488281
-0.144149780273437 0.118988037109375 -0.08624267578125 0.263748168945313
-0.121627807617187 -0.0898666381835938 0.09259033203125 0.29119873046875
-0.12969970703125 -0.0124359130859375 0.1209716796875 0.382568359375
-0.0872268676757812 0.0455551147460938 0.227294921875 0.223342895507813
-0.0263137817382813 0.10601806640625 0.19940185546875 0.0634307861328125
0.0551910400390625 0.094573974609375 0.0941848754882813 -0.0212173461914062
0.130882263183594 0.0190277099609375 0.0246944427490234 0.001922607421875
0.124435424804688 -0.0561676025390625 0.0118484497070313 0.0888671875
0.098602294921875 -0.0667266845703125 0.0466461181640625 0.151092529296875
0.105941772460938 -0.087188720703125 0.0695648193359375 0.199874877929687
0.13616943359375 -0.0674514770507813 0.03570556640625 0.226089477539063
0.142318725585938 -0.00213623046875 -0.0262603759765625 0.220352172851563
0.127792358398438 0.0772781372070312 -0.089080810546875 0.16290283203125
0.01739501953125 0.15740966796875 -0.118698120117188 0.0913619995117188
-0.120887756347656 0.124748229980469 -0.0706329345703125 0.13934326171875
-0.194503784179687 0.030303955078125 -0.13433837890625 0.272903442382813
0.180252075195313 0.0692138671875 0.136947631835938 -0.26092529296875
0.167266845703125 -0.108047485351562 0.119598388671875 -0.12628173828125
-0.000991821289062513 -0.1573486328125 0.128341674804688 -0.09442138671875
-0.0943374633789063 -0.0939254760742187 0.137191772460938 -0.170684814453125
-0.114288330078125 -0.0189437866210937 0.07025146484375 -0.23406982421875
-0.130088806152344 0.0491561889648437 -0.02972412109375 -0.248580932617188
-0.103660583496094 0.05804443359375 -0.0670013427734375 -0.226242065429687
-0.0998764038085938 0.0371475219726563 -0.0391998291015625 -0.169662475585938
-0.138206481933594 0.00813293457031249 0.00721740722656249 -0.102127075195313
-0.104598999023438 -0.0773239135742188 0.0133495330810547 -0.0272750854492188
-0.01220703125 -0.133674621582031 -0.0649604797363281 0.04119873046875
0.07501220703125 -0.112495422363281 -0.16326904296875 -0.00880432128906252
0.1644287109375 0.0032501220703125 -0.223251342773438 -0.203262329101562
0.174148559570313 0.124526977539063 -0.158843994140625 -0.321624755859375
0.116226196289063 0.183212280273438 -0.074951171875 -0.233779907226563
0.159515380859375 0.168258666992188 0.202789306640625 -0.212844848632813
0.2005615234375 -0.0081787109375 0.179244995117188 -0.088714599609375
0.0707550048828125 -0.108596801757813 0.18060302734375 -0.07830810546875
-0.0132904052734375 -0.097198486328125 0.192474365234375 -0.165283203125
-0.0547065734863281 -0.0627861022949219 0.122146606445312 -0.24298095703125
-0.0992584228515625 -0.0309982299804687 0.0123443603515625 -0.27691650390625
-0.0949554443359375 -0.0228729248046875 -0.0308380126953125 -0.247390747070313
-0.0839462280273438 -0.0327529907226562 -0.00711059570312499 -0.180191040039063
-0.109489440917969 -0.065460205078125 0.0438003540039062 -0.0992584228515625
-0.0539398193359375 -0.127853393554687 0.0524253845214844 -0.00917053222656251
0.05047607421875 -0.145034790039063 -0.0323867797851563 0.0778427124023437
0.137504577636719 -0.0952682495117188 -0.143234252929688 0.0499420166015625
0.19549560546875 0.0587921142578125 -0.235321044921875 -0.126724243164063
0.17425537109375 0.202468872070312 -0.162933349609375 -0.23541259765625
0.102096557617188 0.2637939453125 -0.062530517578125 -0.145034790039063
0.106918334960937 0.248443603515625 0.25628662109375 -0.122222900390625
0.196563720703125 0.111328125 0.237838745117188 -0.0120849609375
0.136558532714844 -0.02557373046875 0.24005126953125 -0.040313720703125
0.0854949951171875 -0.075408935546875 0.24981689453125 -0.142974853515625
0.0285797119140625 -0.09515380859375 0.171310424804688 -0.229904174804687
-0.0437088012695313 -0.110374450683594 0.0559539794921875 -0.278228759765625
-0.068878173828125 -0.102890014648438 0.00720214843750001 -0.236373901367188
-0.0539703369140625 -0.0967941284179687 0.0245208740234375 -0.1600341796875
-0.0686569213867188 -0.126197814941406 0.0743331909179688 -0.0739593505859375
-0.0095672607421875 -0.162521362304688 0.082183837890625 0.0192108154296875
0.090667724609375 -0.14605712890625 0.00125122070312501 0.114707946777344
0.168975830078125 -0.084930419921875 -0.113548278808594 0.10791015625
0.20928955078125 0.0767059326171875 -0.227737426757813 -0.040130615234375
0.170303344726563 0.232681274414063 -0.1500244140625 -0.13079833984375
0.085784912109375 0.30126953125 -0.0500755310058594 -0.0385475158691406
0.028533935546875 0.28753662109375 0.2796630859375 0.00103759765625002
0.146499633789062 0.215789794921875 0.275070190429688 0.100662231445313
0.170074462890625 0.0765228271484375 0.288543701171875 0.02252197265625
0.171737670898438 -0.0220489501953125 0.29180908203125 -0.0966796875
0.116790771484375 -0.09893798828125 0.202728271484375 -0.189620971679688
0.0304718017578125 -0.16748046875 0.0911865234375 -0.245681762695313
-0.0277862548828125 -0.166976928710938 0.039703369140625 -0.19091796875
-0.016845703125 -0.144912719726563 0.0503997802734375 -0.11395263671875
-0.0238800048828125 -0.168838500976563 0.0963821411132813 -0.0324020385742188
0.0314788818359375 -0.181869506835938 0.10321044921875 0.0522384643554687
0.116592407226563 -0.137992858886719 0.0320892333984375 0.14227294921875
0.17926025390625 -0.07073974609375 -0.07537841796875 0.146240234375
0.199813842773438 0.0809326171875 -0.191864013671875 0.031219482421875
0.149078369140625 0.2294921875 -0.110282897949219 -0.0333099365234375
0.055511474609375 0.30047607421875 -0.0334281921386719 0.0678520202636719
-0.05291748046875 0.266891479492188 0.266998291015625 0.1314697265625
0.0599822998046875 0.267059326171875 0.276519775390625 0.223876953125
0.148818969726563 0.161972045898438 0.3076171875 0.099334716796875
0.209884643554688 0.050567626953125 0.300872802734375 -0.03448486328125
0.180496215820313 -0.066741943359375 0.2052001953125 -0.13037109375
0.104736328125 -0.182586669921875 0.106964111328125 -0.182388305664062
0.02288818359375 -0.200057983398438 0.059967041015625 -0.119346618652344
0.0215911865234375 -0.169342041015625 0.0685958862304688 -0.0494117736816406
0.0201873779296875 -0.189773559570313 0.106781005859375 0.0203018188476562
0.0700225830078125 -0.183517456054687 0.109611511230469 0.0885009765625
0.137008666992188 -0.119232177734375 0.049346923828125 0.158172607421875
0.17999267578125 -0.0428466796875 -0.0443267822265625 0.160842895507813
0.17095947265625 0.0946502685546875 -0.142364501953125 0.0713653564453125
0.100143432617188 0.218109130859375 -0.0606155395507812 0.0406265258789062
0.00347900390625001 0.271392822265625 -0.0220794677734375 0.158935546875
-0.11712646484375 0.186721801757812 0.222732543945313 0.238021850585938
-0.0369415283203125 0.239547729492188 0.24371337890625 0.325531005859375
0.077606201171875 0.192733764648438 0.293853759765625 0.16552734375
0.179412841796875 0.114990234375 0.275238037109375 0.02056884765625
0.194244384765625 -0.0098876953125 0.17535400390625 -0.0704345703125
0.154937744140625 -0.151199340820313 0.0959243774414063 -0.106170654296875
0.070892333984375 -0.194259643554688 0.0615386962890625 -0.0383071899414063
0.05511474609375 -0.16845703125 0.0767822265625 0.0232696533203125
0.0575103759765625 -0.188766479492188 0.109588623046875 0.0779647827148437
0.103500366210937 -0.172836303710938 0.103187561035156 0.128395080566406
0.1546630859375 -0.094512939453125 0.04730224609375 0.17340087890625
0.180206298828125 -0.0078125 -0.0318450927734375 0.160629272460938
0.133499145507813 0.123023986816406 -0.10260009765625 0.0881423950195313
0.031982421875 0.207794189453125 -0.0242156982421875 0.09149169921875
-0.068023681640625 0.22247314453125 -0.02593994140625 0.230682373046875
-0.150344848632813 0.0651702880859375 0.16845703125 0.29461669921875
-0.110107421875 0.14471435546875 0.19708251953125 0.3782958984375
-0.013336181640625 0.155471801757813 0.266815185546875 0.199142456054688
0.09539794921875 0.140823364257813 0.232803344726563 0.049072265625
0.154739379882813 0.0493621826171875 0.127761840820313 -0.03302001953125
0.168228149414063 -0.085906982421875 0.0632553100585938 -0.037567138671875
0.10595703125 -0.152191162109375 0.0468482971191406 0.0382652282714844
0.079681396484375 -0.14056396484375 0.0739669799804688 0.092498779296875
0.0842437744140625 -0.163177490234375 0.102470397949219 0.137161254882813
0.127304077148438 -0.144775390625 0.0837249755859375 0.172500610351563
0.163238525390625 -0.0637664794921875 0.0259552001953125 0.191207885742188
0.174118041992188 0.0291290283203125 -0.0423583984375 0.159332275390625
0.092681884765625 0.15301513671875 -0.0880279541015625 0.0936508178710938
-0.043182373046875 0.193771362304688 -0.018646240234375 0.127456665039062
-0.143310546875 0.15582275390625 -0.055999755859375 0.2786865234375
-0.154129028320312 -0.06744384765625 0.12103271484375 0.293609619140625
-0.150115966796875 0.0172576904296875 0.16339111328125 0.3712158203125
-0.0904006958007812 0.0722427368164063 0.245376586914063 0.191329956054688
-0.00670623779296875 0.125045776367188 0.19403076171875 0.0403594970703125
0.0812759399414063 0.0922164916992188 0.0806655883789062 -0.0262069702148437
0.147247314453125 -0.0069580078125 0.0190048217773438 0.00651741027832031
0.122627258300781 -0.0857772827148438 0.0190658569335938 0.09515380859375
0.0933303833007812 -0.0915908813476562 0.0605621337890625 0.150405883789063
0.0987701416015625 -0.114311218261719 0.085113525390625 0.1923828125
0.13348388671875 -0.097991943359375 0.052215576171875 0.217575073242187
0.15374755859375 -0.025787353515625 -0.00849914550781251 0.214584350585937
0.150497436523437 0.0614166259765625 -0.070404052734375 0.163131713867188
0.043365478515625 0.166336059570312 -0.0996322631835938 0.0969467163085937
-0.11053466796875 0.158248901367188 -0.0468292236328125 0.1522216796875
-0.203460693359375 0.0704498291015625 -0.109954833984375 0.29736328125
0.190536499023438 0.0430755615234375 0.11810302734375 -0.288848876953125
0.151962280273438 -0.135452270507813 0.100357055664063 -0.145233154296875
-0.0247955322265625 -0.159164428710937 0.116325378417969 -0.0985794067382813
-0.110435485839844 -0.0807647705078125 0.126617431640625 -0.174850463867188
-0.119773864746094 -0.000640869140624998 0.059295654296875 -0.2379150390625
-0.124183654785156 0.0738067626953125 -0.04119873046875 -0.25030517578125
-0.0929183959960938 0.0773162841796875 -0.08270263671875 -0.22900390625
-0.093414306640625 0.0551376342773437 -0.0538177490234375 -0.177398681640625
-0.136589050292969 0.0353927612304688 -0.000946044921874998 -0.117462158203125
-0.119377136230469 -0.0572433471679687 0.0159530639648437 -0.0428886413574219
-0.0365829467773438 -0.132583618164063 -0.0498313903808594 0.0354843139648437
0.0583572387695313 -0.127082824707031 -0.149078369140625 0.000503540039062508
0.170425415039063 -0.023681640625 -0.228729248046875 -0.18109130859375
0.201416015625 0.099212646484375 -0.181427001953125 -0.314239501953125
0.149154663085938 0.167938232421875 -0.0864715576171875 -0.24365234375
0.176254272460938 0.150375366210938 0.1912841796875 -0.24993896484375
0.195541381835937 -0.0313568115234375 0.164077758789062 -0.116592407226562
0.0536422729492187 -0.112380981445313 0.167953491210938 -0.0892181396484375
-0.0246505737304688 -0.0904998779296875 0.182861328125 -0.17498779296875
-0.0607795715332031 -0.0505905151367188 0.108322143554687 -0.252883911132813
-0.0980072021484375 -0.0120849609375 -0.00326538085937503 -0.28448486328125
-0.0910797119140625 -0.00866699218750001 -0.0512237548828125 -0.256790161132813
-0.0818328857421875 -0.0203399658203125 -0.0251617431640625 -0.192977905273438
-0.112297058105469 -0.0473251342773438 0.0334548950195312 -0.121078491210938
-0.06854248046875 -0.118217468261719 0.0553703308105469 -0.0337982177734375
0.03173828125 -0.149429321289063 -0.01312255859375 0.0661392211914062
0.126762390136719 -0.11151123046875 -0.122367858886719 0.0544509887695312
0.2064208984375 0.0364532470703125 -0.232376098632813 -0.105941772460938
0.204696655273438 0.185653686523438 -0.174636840820312 -0.22930908203125
0.137847900390625 0.25750732421875 -0.0623626708984375 -0.156341552734375
0.125396728515625 0.244918823242188 0.255081176757813 -0.162643432617187
0.20172119140625 0.0971221923828125 0.231781005859375 -0.04559326171875
0.130538940429688 -0.0300369262695313 0.229476928710937 -0.0584259033203125
0.0802993774414062 -0.0749969482421875 0.240386962890625 -0.159286499023438
0.023712158203125 -0.0915451049804688 0.15655517578125 -0.245559692382812
-0.047943115234375 -0.101028442382812 0.036529541015625 -0.290618896484375
-0.0719680786132813 -0.0956039428710938 -0.0135955810546875 -0.249618530273438
-0.0564346313476563 -0.0927886962890625 0.00614929199218751 -0.176437377929687
-0.0761566162109375 -0.118881225585938 0.0636138916015625 -0.099090576171875
-0.0215301513671875 -0.161209106445312 0.0855865478515625 -0.00953674316406251
0.079620361328125 -0.1553955078125 0.0202178955078125 0.0971145629882812
0.16461181640625 -0.101165771484375 -0.087799072265625 0.106155395507813
0.22216796875 0.0613555908203125 -0.217193603515625 -0.0234527587890625
0.199798583984375 0.225845336914062 -0.151153564453125 -0.126754760742188
0.1185302734375 0.304168701171875 -0.0392875671386719 -0.0499801635742187
0.045806884765625 0.29925537109375 0.291046142578125 -0.038055419921875
0.16143798828125 0.21612548828125 0.281890869140625 0.063568115234375
0.175827026367188 0.0743865966796875 0.28338623046875 -0.00164794921875
0.176345825195313 -0.0275726318359375 0.284881591796875 -0.11785888671875
0.115921020507813 -0.105155944824219 0.189605712890625 -0.208160400390625
0.02178955078125 -0.171112060546875 0.0713043212890625 -0.261093139648437
-0.037017822265625 -0.1700439453125 0.0220947265625 -0.205902099609375
-0.024566650390625 -0.14971923828125 0.0348739624023437 -0.131362915039063
-0.0330963134765625 -0.172744750976563 0.0866012573242188 -0.0572357177734375
0.0211944580078125 -0.189315795898438 0.105506896972656 0.023529052734375
0.1131591796875 -0.15087890625 0.0484237670898438 0.120635986328125
0.182647705078125 -0.0859375 -0.0504150390625 0.138763427734375
0.2142333984375 0.0724945068359375 -0.175460815429688 0.04010009765625
0.175308227539063 0.232589721679688 -0.102157592773437 -0.0351486206054687
0.08331298828125 0.312286376953125 -0.0146713256835938 0.0579719543457031
-0.04205322265625 0.2918701171875 0.289703369140625 0.099395751953125
0.077728271484375 0.281402587890625 0.2955322265625 0.190704345703125
0.162704467773437 0.16729736328125 0.30859375 0.07232666015625
0.225555419921875 0.0439300537109375 0.296234130859375 -0.057281494140625
0.187454223632813 -0.0809783935546875 0.19439697265625 -0.147384643554688
0.0955657958984375 -0.197845458984375 0.0907440185546875 -0.19708251953125
0.009002685546875 -0.211624145507813 0.0462646484375 -0.133621215820313
0.011444091796875 -0.181976318359375 0.0578269958496094 -0.06475830078125
0.00825500488281248 -0.204025268554688 0.101272583007813 -0.00171661376953126
0.0609893798828125 -0.201385498046875 0.11151123046875 0.062408447265625
0.138900756835938 -0.136459350585937 0.0622100830078125 0.137779235839844
0.190948486328125 -0.0585174560546875 -0.0240325927734375 0.14971923828125
0.188751220703125 0.093902587890625 -0.125762939453125 0.0727386474609375
0.121841430664062 0.230743408203125 -0.0456161499023437 0.0355072021484375
0.024261474609375 0.292510986328125 0.0015411376953125 0.15350341796875
-0.116714477539062 0.219558715820313 0.25250244140625 0.2176513671875
-0.025146484375 0.26708984375 0.27154541015625 0.299468994140625
0.0936279296875 0.207183837890625 0.301910400390625 0.13812255859375
0.203201293945313 0.111984252929688 0.274139404296875 0.00160217285156251
0.208343505859375 -0.026458740234375 0.167327880859375 -0.0834808349609375
0.150711059570313 -0.17620849609375 0.0836715698242188 -0.116081237792969
0.0565643310546875 -0.2139892578125 0.0559196472167969 -0.0468406677246094
0.0425567626953125 -0.186279296875 0.072235107421875 0.0107955932617187
0.044281005859375 -0.208892822265625 0.107902526855469 0.062255859375
0.0952606201171875 -0.197067260742188 0.104789733886719 0.108100891113281
0.16058349609375 -0.115707397460938 0.0560760498046875 0.155593872070313
0.19561767578125 -0.0234527587890625 -0.017486572265625 0.149551391601563
0.155288696289063 0.125137329101563 -0.08856201171875 0.084136962890625
0.051300048828125 0.228927612304687 -0.00649261474609375 0.0853271484375
-0.054168701171875 0.252395629882813 3.05175781249823E-05 0.231124877929688
-0.16265869140625 0.0976715087890625 0.1986083984375 0.287506103515625
-0.110076904296875 0.177017211914063 0.22900390625 0.3614501953125
-0.00161743164062502 0.177902221679688 0.276138305664063 0.174896240234375
0.120864868164063 0.146408081054688 0.229644775390625 0.03277587890625
0.17510986328125 0.0363922119140625 0.119132995605469 -0.0389175415039063
0.170989990234375 -0.11407470703125 0.0561294555664063 -0.0400962829589844
0.09344482421875 -0.177474975585938 0.0489158630371094 0.0360298156738281
0.0686187744140625 -0.16094970703125 0.0774002075195313 0.0862655639648437
0.07147216796875 -0.186279296875 0.106430053710938 0.128028869628906
0.119003295898438 -0.17193603515625 0.0882415771484375 0.159011840820313
0.170913696289063 -0.087249755859375 0.033538818359375 0.180007934570313
0.192230224609375 0.0119476318359375 -0.0309600830078125 0.151351928710938
0.11676025390625 0.158462524414063 -0.0739974975585938 0.0895843505859375
-0.0250091552734375 0.220596313476563 0.00227355957031249 0.125930786132812
-0.13690185546875 0.190673828125 -0.030487060546875 0.288421630859375
-0.177337646484375 -0.04168701171875 0.144927978515625 0.2967529296875
-0.162109375 0.0478973388671875 0.19195556640625 0.361053466796875
-0.0894088745117188 0.0985794067382812 0.253204345703125 0.168716430664063
0.0141983032226563 0.139358520507813 0.186782836914062 0.0277252197265625
0.104820251464844 0.0849761962890625 0.0699462890625 -0.0243492126464844
0.156036376953125 -0.033660888671875 0.0149517059326172 0.0132207870483398
0.114631652832031 -0.111412048339844 0.0271453857421875 0.101585388183594
0.0835342407226563 -0.1124267578125 0.0715484619140625 0.1502685546875
0.08795166015625 -0.136810302734375 0.0964813232421875 0.188995361328125
0.126548767089844 -0.126014709472656 0.0617218017578125 0.2125244140625
0.160552978515625 -0.0493927001953125 0.000854492187500026 0.210494995117187
0.16925048828125 0.04461669921875 -0.059173583984375 0.1595458984375
0.0680389404296875 0.172592163085938 -0.0866012573242188 0.0961761474609375
-0.0956573486328125 0.18829345703125 -0.0247344970703125 0.15826416015625
-0.204605102539062 0.107589721679688 -0.087677001953125 0.3173828125
0.19927978515625 0.0179443359375 0.0972900390625 -0.318603515625
0.135513305664063 -0.161026000976563 0.0810699462890625 -0.160476684570313
-0.0475006103515625 -0.15960693359375 0.107368469238281 -0.102264404296875
-0.125526428222656 -0.0681533813476563 0.12255859375 -0.181610107421875
-0.123939514160156 0.0175094604492187 0.0513153076171875 -0.247177124023437
-0.11529541015625 0.0963058471679687 -0.051605224609375 -0.258956909179688
-0.0819473266601562 0.0936279296875 -0.100494384765625 -0.236984252929688
-0.0842514038085937 0.0713119506835938 -0.0717315673828125 -0.187225341796875
-0.131584167480469 0.05853271484375 -0.0144424438476563 -0.133636474609375
-0.130706787109375 -0.037841796875 0.0129966735839844 -0.0611381530761719
-0.0588531494140625 -0.129493713378906 -0.0386543273925781 0.0267906188964844
0.0395584106445313 -0.139358520507813 -0.139381408691406 0.00319671630859371
0.17425537109375 -0.05059814453125 -0.235260009765625 -0.167877197265625
0.22613525390625 0.07110595703125 -0.2052001953125 -0.313629150390625
0.180282592773437 0.150772094726563 -0.101898193359375 -0.26031494140625
0.191024780273438 0.137710571289063 0.177764892578125 -0.287628173828125
0.190994262695313 -0.05126953125 0.147994995117188 -0.140411376953125
0.0393524169921875 -0.113967895507813 0.160385131835938 -0.09814453125
-0.0350494384765625 -0.083709716796875 0.179122924804688 -0.188003540039063
-0.0636329650878906 -0.03948974609375 0.098602294921875 -0.267318725585938
-0.0951156616210938 0.00364685058593749 -0.019378662109375 -0.2978515625
-0.086944580078125 0.00228118896484374 -0.073699951171875 -0.270401000976563
-0.078369140625 -0.0112991333007813 -0.0480194091796875 -0.207855224609375
-0.113227844238281 -0.031524658203125 0.0175628662109375 -0.142669677734375
-0.0800247192382813 -0.107765197753906 0.0520820617675781 -0.057525634765625
0.0151824951171875 -0.154525756835938 -0.000503540039062504 0.0512466430664062
0.11651611328125 -0.126564025878906 -0.1064453125 0.0526351928710938
0.217864990234375 0.0147552490234375 -0.231765747070312 -0.09222412109375
0.234649658203125 0.169342041015625 -0.190292358398437 -0.22900390625
0.17254638671875 0.251953125 -0.067230224609375 -0.174774169921875
0.145599365234375 0.247039794921875 0.251632690429688 -0.204986572265625
0.210662841796875 0.086029052734375 0.22418212890625 -0.0756683349609375
0.127883911132813 -0.0318679809570313 0.223831176757813 -0.0732269287109375
0.079071044921875 -0.0763015747070313 0.237518310546875 -0.176467895507812
0.0228729248046875 -0.0907974243164063 0.145782470703125 -0.26470947265625
-0.05047607421875 -0.0957717895507813 0.017303466796875 -0.30755615234375
-0.0763778686523438 -0.0927581787109375 -0.037353515625 -0.2666015625
-0.06072998046875 -0.0921173095703125 -0.016448974609375 -0.194122314453125
-0.081451416015625 -0.114997863769531 0.0483551025390625 -0.123023986816406
-0.0332794189453125 -0.16290283203125 0.0822219848632813 -0.0369110107421875
0.070556640625 -0.16705322265625 0.0333175659179688 0.0783920288085938
0.163314819335938 -0.1185302734375 -0.0700607299804687 0.09991455078125
0.237380981445312 0.04656982421875 -0.209487915039062 -0.0139923095703125
0.230926513671875 0.219619750976563 -0.156387329101563 -0.130386352539062
0.153167724609375 0.310028076171875 -0.0340194702148437 -0.0661888122558594
0.066802978515625 0.317352294921875 0.300537109375 -0.077301025390625
0.180267333984375 0.219757080078125 0.284912109375 0.03326416015625
0.185562133789062 0.0754547119140625 0.281158447265625 -0.02093505859375
0.186386108398438 -0.035430908203125 0.28326416015625 -0.138519287109375
0.119094848632812 -0.114875793457031 0.179916381835938 -0.229736328125
0.016265869140625 -0.177658081054688 0.0523529052734375 -0.278549194335938
-0.047637939453125 -0.175628662109375 0.00143432617187501 -0.223480224609375
-0.033111572265625 -0.158645629882813 0.016815185546875 -0.14691162109375
-0.0445556640625 -0.1802978515625 0.0738143920898438 -0.0795211791992188
0.0105133056640625 -0.201431274414062 0.102180480957031 -0.00259399414062501
0.110809326171875 -0.168701171875 0.0582962036132813 0.100830078125
0.189056396484375 -0.103713989257813 -0.0341415405273437 0.128097534179688
0.233840942382812 0.065155029296875 -0.165481567382812 0.0442047119140625
0.204910278320313 0.23699951171875 -0.0995635986328125 -0.040740966796875
0.114166259765625 0.32708740234375 -0.000946044921874989 0.0448112487792969
-0.02685546875 0.32177734375 0.30975341796875 0.067962646484375
0.0997314453125 0.300811767578125 0.31207275390625 0.16259765625
0.183135986328125 0.17559814453125 0.31329345703125 0.051300048828125
0.24700927734375 0.034942626953125 0.298309326171875 -0.07666015625
0.1956787109375 -0.0978546142578125 0.187606811523437 -0.165267944335937
0.0888519287109375 -0.216583251953125 0.0743560791015625 -0.212875366210937
-0.00592041015625 -0.226760864257813 0.03302001953125 -0.147720336914063
-0.00158691406249999 -0.197540283203125 0.0461959838867188 -0.0784835815429688
-0.00588989257812498 -0.220672607421875 0.0930938720703125 -0.0189132690429688
0.0517425537109375 -0.222335815429688 0.108253479003906 0.0411605834960937
0.142852783203125 -0.159164428710937 0.0683135986328125 0.1202392578125
0.204681396484375 -0.077606201171875 -0.00988006591796875 0.138908386230469
0.210906982421875 0.09185791015625 -0.116424560546875 0.0712127685546875
0.151092529296875 0.244659423828125 -0.0371894836425781 0.0261344909667969
0.049713134765625 0.31732177734375 0.022216796875 0.145263671875
-0.112213134765625 0.256515502929687 0.28125 0.200347900390625
-0.00680541992187498 0.2982177734375 0.29833984375 0.28070068359375
0.114715576171875 0.225692749023437 0.31072998046875 0.118621826171875
0.232711791992187 0.108413696289062 0.2762451171875 -0.015045166015625
0.22479248046875 -0.0455474853515625 0.161544799804688 -0.0964813232421875
0.145584106445313 -0.202865600585937 0.0738601684570313 -0.126075744628906
0.0397796630859375 -0.236068725585938 0.0506172180175781 -0.054718017578125
0.028656005859375 -0.205520629882813 0.06842041015625 0.00211715698242186
0.027984619140625 -0.231643676757812 0.105583190917969 0.0504379272460937
0.085113525390625 -0.2227783203125 0.10467529296875 0.0938873291015625
0.166030883789063 -0.141845703125 0.0608673095703125 0.1436767578125
0.215011596679687 -0.044403076171875 -0.00709533691406247 0.140945434570313
0.1815185546875 0.128158569335938 -0.0808029174804688 0.079559326171875
0.0789794921875 0.25213623046875 0.00766754150390626 0.0772628784179688
-0.035186767578125 0.283721923828125 0.0236968994140625 0.232437133789063
-0.170089721679688 0.135055541992187 0.23046875 0.28363037109375
-0.104248046875 0.213851928710937 0.26141357421875 0.35137939453125
0.014678955078125 0.202774047851563 0.286865234375 0.156829833984375
0.150787353515625 0.15118408203125 0.231689453125 0.0214385986328125
0.197250366210938 0.0200347900390625 0.114669799804688 -0.0431976318359375
0.171463012695313 -0.145339965820313 0.0510482788085938 -0.0421981811523438
0.0787353515625 -0.20355224609375 0.0515480041503906 0.0353622436523437
0.0547332763671875 -0.182937622070313 0.08197021484375 0.0830001831054687
0.0562744140625 -0.211471557617187 0.111770629882813 0.122550964355469
0.108413696289062 -0.201080322265625 0.091156005859375 0.153091430664063
0.1763916015625 -0.11395263671875 0.038604736328125 0.175491333007813
0.211944580078125 -0.0085601806640625 -0.024139404296875 0.146942138671875
0.144500732421875 0.1617431640625 -0.06756591796875 0.0846405029296875
-0.00144958496093751 0.248443603515625 0.0196075439453125 0.122077941894531
-0.125991821289063 0.228958129882812 -0.00585937500000001 0.2998046875
-0.196746826171875 -0.01214599609375 0.171905517578125 0.303497314453125
-0.170013427734375 0.0808258056640625 0.221893310546875 0.35821533203125
-0.0831451416015625 0.127021789550781 0.26141357421875 0.153076171875
0.038665771484375 0.152297973632813 0.1832275390625 0.0220947265625
0.12847900390625 0.0760879516601563 0.0642433166503906 -0.0200881958007812
0.161895751953125 -0.061859130859375 0.0142135620117188 0.0213699340820312
0.104827880859375 -0.137702941894531 0.0373687744140625 0.109153747558594
0.0720291137695313 -0.133377075195313 0.0848846435546875 0.152557373046875
0.075592041015625 -0.160232543945312 0.10888671875 0.189071655273438
0.117202758789063 -0.15191650390625 0.07000732421875 0.214309692382813
0.16644287109375 -0.074127197265625 0.00775146484375 0.212112426757813
0.188034057617188 0.025421142578125 -0.05523681640625 0.16009521484375
0.094482421875 0.1759033203125 -0.0790634155273438 0.0942001342773438
-0.0779571533203125 0.216949462890625 -0.00283813476562501 0.162139892578125
-0.202011108398437 0.145538330078125 -0.064483642578125 0.341766357421875
0.206939697265625 -0.009185791015625 0.06915283203125 -0.353363037109375
0.116226196289063 -0.1875 0.05780029296875 -0.176284790039063
-0.072052001953125 -0.1583251953125 0.101432800292969 -0.106185913085938
-0.14129638671875 -0.052337646484375 0.117919921875 -0.194671630859375
-0.127204895019531 0.0378799438476563 0.0405731201171875 -0.263900756835938
-0.102226257324219 0.120048522949219 -0.07000732421875 -0.273513793945313
-0.067352294921875 0.109825134277344 -0.12744140625 -0.248016357421875
-0.0737686157226562 0.0864410400390625 -0.095916748046875 -0.197158813476562
-0.123359680175781 0.0837554931640625 -0.0342559814453125 -0.148788452148438
-0.14056396484375 -0.0158767700195313 0.00457763671874999 -0.080108642578125
-0.0836029052734375 -0.123443603515625 -0.0331974029541016 0.0154037475585937
0.0185699462890625 -0.1505126953125 -0.133216857910156 0.00406646728515624
0.174972534179688 -0.0814361572265625 -0.247238159179688 -0.1563720703125
0.248077392578125 0.0364990234375 -0.237396240234375 -0.313446044921875
0.210342407226563 0.128204345703125 -0.128021240234375 -0.27880859375
0.210357666015625 0.1234130859375 0.155029296875 -0.331207275390625
0.186904907226562 -0.0726470947265625 0.129196166992188 -0.16400146484375
0.0260009765625 -0.115837097167969 0.154006958007813 -0.108428955078125
-0.0438308715820313 -0.0769882202148438 0.175155639648437 -0.207473754882813
-0.0662574768066406 -0.0293540954589844 0.08551025390625 -0.29022216796875
-0.0898056030273438 0.017974853515625 -0.043670654296875 -0.31689453125
-0.0824356079101562 0.0117034912109375 -0.105865478515625 -0.284454345703125
-0.076019287109375 -0.00367736816406251 -0.07720947265625 -0.221847534179688
-0.113838195800781 -0.01788330078125 -0.00579833984375001 -0.163131713867188
-0.0929489135742188 -0.09918212890625 0.042694091796875 -0.083038330078125
-0.0025634765625 -0.15887451171875 0.00674819946289062 0.0343418121337891
0.104965209960938 -0.14398193359375 -0.095703125 0.0488510131835937
0.22918701171875 -0.0107421875 -0.236160278320312 -0.0818939208984375
0.268280029296875 0.146652221679688 -0.213546752929687 -0.23089599609375
0.21173095703125 0.242431640625 -0.0811614990234375 -0.195388793945312
0.1729736328125 0.250274658203125 0.241867065429688 -0.2525634765625
0.224197387695313 0.0754852294921875 0.214157104492188 -0.106277465820313
0.129226684570313 -0.035308837890625 0.220535278320313 -0.0893402099609375
0.0797958374023438 -0.0810928344726563 0.234909057617187 -0.201553344726563
0.0210494995117188 -0.0928802490234375 0.1318359375 -0.290496826171875
-0.0534515380859375 -0.0927200317382813 -0.00970458984374999 -0.329437255859375
-0.08258056640625 -0.0923843383789063 -0.068939208984375 -0.28399658203125
-0.0667495727539063 -0.09442138671875 -0.0452117919921875 -0.20953369140625
-0.0913009643554688 -0.113555908203125 0.0262451171875 -0.145797729492188
-0.04656982421875 -0.166534423828125 0.073211669921875 -0.0641250610351563
0.0597076416015625 -0.181747436523438 0.0402946472167969 0.058013916015625
0.161468505859375 -0.139495849609375 -0.0561599731445312 0.0911178588867187
0.257186889648438 0.0268707275390625 -0.207992553710937 -0.00584411621093752
0.270217895507813 0.208206176757813 -0.169601440429687 -0.133651733398437
0.19573974609375 0.3131103515625 -0.035675048828125 -0.0851516723632812
0.096710205078125 0.338897705078125 0.305694580078125 -0.12420654296875
0.208465576171875 0.22271728515625 0.288909912109375 -0.00103759765624999
0.204010009765625 0.0746002197265625 0.283050537109375 -0.04107666015625
0.200424194335938 -0.0492401123046875 0.2838134765625 -0.16595458984375
0.122795104980469 -0.13055419921875 0.168136596679687 -0.254974365234375
0.0055389404296875 -0.188858032226562 0.026519775390625 -0.30023193359375
-0.0630950927734375 -0.184539794921875 -0.0263214111328125 -0.240982055664063
-0.0469512939453125 -0.169158935546875 -0.00717163085937501 -0.162857055664062
-0.060272216796875 -0.191513061523438 0.0559768676757813 -0.10040283203125
-0.00410461425781248 -0.217453002929687 0.093292236328125 -0.0282211303710938
0.105697631835938 -0.192092895507813 0.06500244140625 0.0811691284179687
0.19561767578125 -0.12823486328125 -0.020538330078125 0.118072509765625
0.2584228515625 0.0517730712890625 -0.160781860351562 0.04730224609375
0.245590209960938 0.23834228515625 -0.102325439453125 -0.0484619140625
0.155914306640625 0.34332275390625 0.00888252258300782 0.0295658111572266
-0.000335693359375038 0.358489990234375 0.331695556640625 0.031646728515625
0.134307861328125 0.321502685546875 0.3311767578125 0.133148193359375
0.213592529296875 0.182418823242188 0.321533203125 0.028564453125
0.2740478515625 0.018798828125 0.303558349609375 -0.102386474609375
0.206710815429688 -0.12255859375 0.179107666015625 -0.18878173828125
0.076873779296875 -0.241561889648438 0.0537261962890625 -0.230789184570312
-0.0276947021484375 -0.244400024414063 0.0145721435546875 -0.162109375
-0.019927978515625 -0.216476440429688 0.0304489135742187 -0.08966064453125
-0.0279998779296875 -0.2408447265625 0.082763671875 -0.034088134765625
0.0337982177734375 -0.248306274414063 0.102920532226563 0.0214309692382812
0.141952514648438 -0.188751220703125 0.07275390625 0.105598449707031
0.217391967773438 -0.10498046875 -0.000259399414062496 0.128364562988281
0.240753173828125 0.084075927734375 -0.110763549804687 0.0702362060546875
0.19091796875 0.256805419921875 -0.0313796997070312 0.0163135528564453
0.08685302734375 0.34320068359375 0.0419998168945312 0.137557983398438
-0.09710693359375 0.300079345703125 0.314697265625 0.177154541015625
0.02386474609375 0.33282470703125 0.33148193359375 0.25982666015625
0.149246215820313 0.242355346679688 0.324371337890625 0.098114013671875
0.26739501953125 0.0970458984375 0.2840576171875 -0.03448486328125
0.242095947265625 -0.073028564453125 0.157867431640625 -0.111007690429688
0.135772705078125 -0.237091064453125 0.0607757568359375 -0.137718200683594
0.0154876708984375 -0.260452270507813 0.0434112548828125 -0.0639266967773438
0.00793457031249999 -0.228805541992188 0.0643386840820313 -0.00376129150390626
0.00407409667968748 -0.257415771484375 0.103950500488281 0.0416336059570312
0.0667572021484375 -0.255020141601563 0.103736877441406 0.0836334228515625
0.167724609375 -0.175811767578125 0.0651321411132813 0.136642456054688
0.231887817382812 -0.073272705078125 -0.00121307373046873 0.133827209472656
0.214385986328125 0.123992919921875 -0.076385498046875 0.0762481689453125
0.117294311523438 0.273178100585938 0.019622802734375 0.0675392150878906
-0.00582885742187501 0.320556640625 0.0505828857421875 0.233108520507813
-0.170669555664062 0.177566528320313 0.268035888671875 0.277252197265625
-0.0874176025390625 0.255325317382813 0.30059814453125 0.341766357421875
0.041015625 0.229293823242187 0.303436279296875 0.14019775390625
0.187713623046875 0.14947509765625 0.23809814453125 0.00906372070312501
0.220474243164063 -0.004364013671875 0.113693237304688 -0.0477828979492188
0.166717529296875 -0.18145751953125 0.0458297729492188 -0.042877197265625
0.056854248046875 -0.231887817382813 0.0546798706054688 0.0350837707519531
0.0354766845703125 -0.206924438476562 0.0891876220703125 0.0804901123046875
0.03216552734375 -0.23895263671875 0.120094299316406 0.120140075683594
0.0904998779296875 -0.2337646484375 0.09759521484375 0.1514892578125
0.17919921875 -0.1478271484375 0.0442962646484375 0.175765991210938
0.231399536132813 -0.03753662109375 -0.0198822021484375 0.146316528320313
0.177841186523438 0.1605224609375 -0.0637588500976562 0.0820159912109375
0.0332183837890625 0.277114868164063 0.0378799438476562 0.117195129394531
-0.104507446289062 0.2706298828125 0.024749755859375 0.314178466796875
-0.21282958984375 0.023284912109375 0.20849609375 0.311126708984375
-0.172637939453125 0.12042236328125 0.259033203125 0.356414794921875
-0.07080078125 0.15618896484375 0.2755126953125 0.137649536132813
0.0699005126953125 0.161163330078125 0.185455322265625 0.01654052734375
0.151153564453125 0.06024169921875 0.0607795715332031 -0.0154953002929687
0.163116455078125 -0.094757080078125 0.0168380737304688 0.0304813385009766
0.088043212890625 -0.164901733398438 0.05279541015625 0.118324279785156
0.0569915771484375 -0.154205322265625 0.101898193359375 0.15643310546875
0.0553741455078125 -0.184600830078125 0.126922607421875 0.194137573242188
0.102828979492188 -0.1815185546875 0.082733154296875 0.219741821289062
0.169082641601563 -0.104278564453125 0.0153350830078125 0.2203369140625
0.206222534179688 0.0007171630859375 -0.05035400390625 0.165176391601563
0.125579833984375 0.177764892578125 -0.0748519897460938 0.0938949584960938
-0.05126953125 0.24713134765625 0.019012451171875 0.164993286132813
-0.192413330078125 0.187210083007812 -0.03411865234375 0.37005615234375
0.209854125976563 -0.0418548583984375 0.02447509765625 -0.385650634765625
0.0848541259765625 -0.213638305664063 0.0276336669921875 -0.188278198242187
-0.099609375 -0.152175903320312 0.0935134887695313 -0.113166809082031
-0.155838012695312 -0.029327392578125 0.107818603515625 -0.212371826171875
-0.124824523925781 0.0622024536132812 0.0198974609375 -0.284088134765625
-0.08160400390625 0.143020629882812 -0.101165771484375 -0.28564453125
-0.0475997924804687 0.123954772949219 -0.165557861328125 -0.251785278320313
-0.0589828491210938 0.101036071777344 -0.129653930664062 -0.2001953125
-0.108146667480469 0.109695434570313 -0.0634918212890625 -0.160308837890625
-0.145614624023438 0.0120086669921875 -0.011688232421875 -0.0973739624023438
-0.108940124511719 -0.109367370605469 -0.0321884155273438 0.00290298461914062
-0.00708007812499999 -0.157638549804688 -0.131614685058594 0.00705718994140624
0.167144775390625 -0.1165771484375 -0.265457153320313 -0.140365600585937
0.26287841796875 -0.008880615234375 -0.281036376953125 -0.30517578125
0.239898681640625 0.094512939453125 -0.167327880859375 -0.2913818359375
0.231643676757813 0.102386474609375 0.11566162109375 -0.37542724609375
0.177536010742188 -0.098297119140625 0.101654052734375 -0.185882568359375
0.010650634765625 -0.115402221679688 0.146682739257813 -0.121337890625
-0.0523796081542969 -0.0684852600097656 0.164337158203125 -0.233062744140625
-0.0676193237304688 -0.0175247192382813 0.059967041015625 -0.315643310546875
-0.0809783935546875 0.0320510864257813 -0.081573486328125 -0.333038330078125
-0.0766220092773438 0.020294189453125 -0.1502685546875 -0.292205810546875
-0.07379150390625 0.00320434570312499 -0.116897583007813 -0.228744506835938
-0.113075256347656 -0.00279235839843751 -0.0392913818359375 -0.1795654296875
-0.10601806640625 -0.08538818359375 0.0229721069335938 -0.107009887695313
-0.0251312255859375 -0.161849975585938 0.0087442398071289 0.0155830383300781
0.0882110595703125 -0.162704467773438 -0.0873794555664063 0.044464111328125
0.235687255859375 -0.0447998046875 -0.24566650390625 -0.0670013427734375
0.299896240234375 0.112579345703125 -0.245407104492187 -0.22412109375
0.256072998046875 0.221359252929687 -0.108551025390625 -0.212753295898438
0.210006713867188 0.246963500976563 0.215301513671875 -0.30731201171875
0.239776611328125 0.055633544921875 0.196273803710938 -0.138504028320313
0.1328125 -0.0423736572265625 0.2139892578125 -0.11041259765625
0.080108642578125 -0.0895767211914063 0.22503662109375 -0.233718872070313
0.0174026489257813 -0.0981826782226563 0.10589599609375 -0.321197509765625
-0.0591659545898438 -0.0904083251953125 -0.049957275390625 -0.347320556640625
-0.0922088623046875 -0.0899887084960938 -0.114501953125 -0.295440673828125
-0.0776901245117188 -0.0952377319335938 -0.0847625732421875 -0.218780517578125
-0.104949951171875 -0.110099792480469 -0.00590515136718752 -0.162948608398438
-0.066619873046875 -0.168487548828125 0.0542068481445312 -0.0903549194335938
0.0408172607421875 -0.196792602539063 0.042724609375 0.0363960266113281
0.153549194335938 -0.16607666015625 -0.0457611083984375 0.08203125
0.274429321289062 -0.0031585693359375 -0.208908081054688 0.00642395019531247
0.313751220703125 0.1837158203125 -0.190170288085937 -0.131912231445313
0.248199462890625 0.303375244140625 -0.0465011596679687 -0.105079650878906
0.142669677734375 0.354583740234375 0.300048828125 -0.17938232421875
0.246826171875 0.216598510742187 0.28948974609375 -0.0400390625
0.228729248046875 0.065582275390625 0.281463623046875 -0.069976806640625
0.21234130859375 -0.0724029541015625 0.278427124023438 -0.200790405273438
0.120071411132812 -0.15234375 0.145263671875 -0.28582763671875
-0.0127105712890625 -0.199874877929688 -0.011871337890625 -0.31915283203125
-0.0869140625 -0.191741943359375 -0.0656890869140625 -0.253692626953125
-0.06964111328125 -0.177597045898438 -0.038665771484375 -0.172866821289063
-0.0874786376953125 -0.20001220703125 0.0308151245117187 -0.11724853515625
-0.03070068359375 -0.232406616210938 0.0784225463867188 -0.0513839721679688
0.090789794921875 -0.219375610351563 0.0659332275390625 0.0625343322753906
0.195831298828125 -0.162338256835938 -0.00947570800781248 0.105842590332031
0.283935546875 0.02532958984375 -0.157546997070313 0.05322265625
0.294708251953125 0.2247314453125 -0.11065673828125 -0.0525360107421875
0.211029052734375 0.348541259765625 0.0151176452636719 0.010981559753418
0.044464111328125 0.39276123046875 0.3477783203125 -0.01708984375
0.18524169921875 0.3333740234375 0.350982666015625 0.094207763671875
0.253616333007813 0.178146362304688 0.328643798828125 -0.00115966796874999
0.301605224609375 -0.0120849609375 0.303375244140625 -0.136749267578125
0.209945678710938 -0.158187866210938 0.16424560546875 -0.215438842773437
0.0528564453125 -0.268051147460938 0.0239105224609375 -0.24822998046875
-0.06146240234375 -0.258987426757813 -0.0103759765625 -0.172348022460938
-0.0484466552734375 -0.23248291015625 0.0108871459960937 -0.098907470703125
-0.0626068115234375 -0.257293701171875 0.0681991577148438 -0.0484085083007813
0.00283813476562502 -0.273712158203125 0.0941238403320313 0.00329589843749998
0.130950927734375 -0.224594116210937 0.07562255859375 0.0916366577148437
0.224456787109375 -0.14324951171875 0.00852966308593752 0.118148803710938
0.274276733398438 0.0627593994140625 -0.105743408203125 0.0718154907226563
0.242233276367188 0.256057739257813 -0.0305423736572265 0.00492858886718752
0.141204833984375 0.361297607421875 0.0627517700195313 0.124778747558594
-0.06494140625 0.344329833984375 0.3497314453125 0.141204833984375
0.07354736328125 0.361328125 0.3687744140625 0.229248046875
0.195831298828125 0.252029418945312 0.34033203125 0.0689697265625
0.307464599609375 0.06988525390625 0.290069580078125 -0.06494140625
0.253555297851563 -0.114517211914063 0.149368286132813 -0.129989624023438
0.110580444335937 -0.27325439453125 0.0431671142578125 -0.14752197265625
-0.0216064453125 -0.28155517578125 0.0328292846679688 -0.0707855224609375
-0.02508544921875 -0.249420166015625 0.0599594116210937 -0.0112953186035156
-0.034576416015625 -0.280853271484375 0.102935791015625 0.0317535400390625
0.03265380859375 -0.286468505859375 0.104286193847656 0.0725555419921875
0.1578369140625 -0.216140747070313 0.0713348388671875 0.130134582519531
0.242416381835938 -0.113998413085938 0.00662994384765628 0.128089904785156
0.251861572265625 0.107772827148438 -0.0748672485351562 0.075347900390625
0.16998291015625 0.284454345703125 0.0294189453125 0.0546531677246094
0.042327880859375 0.35113525390625 0.083740234375 0.229217529296875
-0.156997680664062 0.225357055664063 0.31536865234375 0.2586669921875
-0.054229736328125 0.294525146484375 0.3463134765625 0.3209228515625
0.0811309814453125 0.249801635742188 0.322906494140625 0.11407470703125
0.231124877929688 0.134124755859375 0.246536254882813 -0.0101776123046875
0.239334106445313 -0.0400238037109375 0.111137390136719 -0.0552444458007812
0.148544311523438 -0.222213745117188 0.0417823791503906 -0.04443359375
0.0226593017578125 -0.256576538085938 0.0619659423828125 0.0331039428710937
0.00468444824218748 -0.228195190429688 0.0995330810546875 0.0767288208007813
-0.00483703613281248 -0.261627197265625 0.132575988769531 0.114677429199219
0.05877685546875 -0.267578125 0.108047485351563 0.147308349609375
0.17156982421875 -0.188385009765625 0.0535430908203125 0.175888061523438
0.245452880859375 -0.0774078369140625 -0.0120849609375 0.146469116210938
0.218124389648438 0.148223876953125 -0.061248779296875 0.080841064453125
0.082611083984375 0.297271728515625 0.05657958984375 0.107635498046875
-0.067413330078125 0.3109130859375 0.066192626953125 0.32305908203125
-0.221084594726563 0.067626953125 0.25787353515625 0.308624267578125
-0.161041259765625 0.165176391601563 0.309722900390625 0.344573974609375
-0.04632568359375 0.18524169921875 0.29443359375 0.115234375
0.107391357421875 0.16107177734375 0.189285278320313 0.00744628906250001
0.1754150390625 0.0342864990234375 0.0615882873535156 -0.0103683471679687
0.154739379882813 -0.132080078125 0.0237083435058594 0.0385894775390625
0.061798095703125 -0.1881103515625 0.0750961303710938 0.122688293457031
0.031402587890625 -0.172882080078125 0.126434326171875 0.15496826171875
0.026397705078125 -0.206405639648437 0.15228271484375 0.191253662109375
0.0767669677734375 -0.210159301757813 0.105178833007813 0.22412109375
0.163619995117188 -0.139923095703125 0.031158447265625 0.229232788085938
0.219467163085938 -0.033477783203125 -0.0420684814453125 0.173309326171875
0.162841796875 0.16912841796875 -0.0705947875976563 0.0955886840820313
-0.0124053955078125 0.274261474609375 0.0471038818359375 0.161788940429688
-0.170120239257812 0.232864379882813 0.012542724609375 0.394683837890625
0.200042724609375 -0.0770111083984375 -0.038177490234375 -0.400665283203125
0.0437469482421875 -0.226593017578125 -0.00767517089843748 -0.187652587890625
-0.129058837890625 -0.133399963378906 0.0831375122070312 -0.118675231933594
-0.161224365234375 6.10351562500018E-05 0.0874481201171875 -0.228164672851562
-0.114791870117187 0.08575439453125 -0.013519287109375 -0.29656982421875
-0.053741455078125 0.159454345703125 -0.14019775390625 -0.287689208984375
-0.0230941772460937 0.128471374511719 -0.2080078125 -0.236846923828125
-0.0395431518554687 0.109893798828125 -0.167037963867188 -0.188552856445313
-0.0837326049804688 0.129341125488281 -0.0978240966796875 -0.159271240234375
-0.141067504882813 0.0418243408203125 -0.035919189453125 -0.106971740722656
-0.131561279296875 -0.087615966796875 -0.0373878479003906 -0.00682449340820313
-0.0377655029296875 -0.155593872070313 -0.129791259765625 0.00946807861328124
0.145172119140625 -0.150070190429688 -0.280227661132813 -0.114120483398437
0.26129150390625 -0.060333251953125 -0.322845458984375 -0.27557373046875
0.258255004882813 0.0487823486328125 -0.213958740234375 -0.28582763671875
0.246627807617188 0.0701141357421875 0.054840087890625 -0.40545654296875
0.15887451171875 -0.121002197265625 0.0656890869140625 -0.197799682617188
-0.00438690185546876 -0.110946655273438 0.132545471191406 -0.132949829101563
-0.05767822265625 -0.0564842224121094 0.138336181640625 -0.257919311523438
-0.0649986267089844 -0.00557327270507813 0.02239990234375 -0.3343505859375
-0.0675582885742188 0.0429763793945313 -0.130096435546875 -0.33489990234375
-0.0689735412597656 0.0294837951660156 -0.202392578125 -0.28131103515625
-0.0697135925292969 0.00975036621093749 -0.1607666015625 -0.218643188476563
-0.105903625488281 0.0145645141601562 -0.08026123046875 -0.1802978515625
-0.114471435546875 -0.0679168701171875 -0.00463104248046877 -0.12359619140625
-0.0497589111328125 -0.155929565429688 0.00238418579101562 -0.00280213356018067
0.0606231689453125 -0.176971435546875 -0.0831527709960937 0.0411834716796875
0.2303466796875 -0.0830535888671875 -0.246780395507813 -0.04632568359375
0.319305419921875 0.062164306640625 -0.277297973632813 -0.203582763671875
0.29376220703125 0.182464599609375 -0.142669677734375 -0.21710205078125
0.248016357421875 0.225311279296875 0.165130615234375 -0.35015869140625
0.249542236328125 0.0293426513671875 0.165008544921875 -0.166091918945313
0.132850646972656 -0.0532608032226563 0.200424194335937 -0.133193969726563
0.074066162109375 -0.09765625 0.1990966796875 -0.264572143554688
0.00961303710937501 -0.102455139160156 0.0648193359375 -0.343048095703125
-0.0666656494140625 -0.0851516723632813 -0.101959228515625 -0.34881591796875
-0.102058410644531 -0.0853195190429688 -0.168243408203125 -0.28515625
-0.0911788940429687 -0.091583251953125 -0.130111694335938 -0.211837768554688
-0.118453979492188 -0.0995101928710937 -0.04443359375 -0.168487548828125
-0.090484619140625 -0.1630859375 0.0245208740234375 -0.108474731445313
0.0152740478515625 -0.208221435546875 0.0369834899902344 0.0150146484375
0.133941650390625 -0.190536499023438 -0.0382919311523437 0.0706024169921875
0.280258178710937 -0.041717529296875 -0.206893920898438 0.020263671875
0.349700927734375 0.141143798828125 -0.210189819335937 -0.118545532226562
0.301055908203125 0.27313232421875 -0.0635757446289063 -0.116714477539062
0.19720458984375 0.352752685546875 0.27093505859375 -0.233505249023438
0.286041259765625 0.192718505859375 0.2733154296875 -0.0824737548828125
0.245773315429688 0.0443572998046875 0.270828247070313 -0.0962371826171875
0.213943481445313 -0.10369873046875 0.258041381835938 -0.237747192382813
0.10748291015625 -0.175872802734375 0.110382080078125 -0.3092041015625
-0.037567138671875 -0.206527709960937 -0.062774658203125 -0.32305908203125
-0.115768432617188 -0.18701171875 -0.11090087890625 -0.25079345703125
-0.095794677734375 -0.177139282226563 -0.076995849609375 -0.16876220703125
-0.11895751953125 -0.193450927734375 -0.00068664550781252 -0.125213623046875
-0.06414794921875 -0.237319946289062 0.056396484375 -0.06927490234375
0.06439208984375 -0.242660522460937 0.0628013610839844 0.0409812927246094
0.178573608398438 -0.19659423828125 -0.0038604736328125 0.0931549072265625
0.30059814453125 -0.0113525390625 -0.151107788085938 0.062652587890625
0.340667724609375 0.188720703125 -0.121490478515625 -0.0510940551757812
0.27435302734375 0.3272705078125 0.0145759582519531 -0.00753402709960936
0.104248046875 0.407562255859375 0.345703125 -0.07611083984375
0.241790771484375 0.32275390625 0.3587646484375 0.046356201171875
0.29547119140625 0.158782958984375 0.32440185546875 -0.039276123046875
0.31500244140625 -0.05780029296875 0.287139892578125 -0.175628662109375
0.195968627929688 -0.199234008789063 0.136260986328125 -0.237533569335938
0.015777587890625 -0.28564453125 -0.0135345458984375 -0.251327514648438
-0.104248046875 -0.260467529296875 -0.0429840087890625 -0.175369262695313
-0.0857391357421875 -0.2353515625 -0.011688232421875 -0.0990219116210938
-0.107513427734375 -0.260787963867188 0.0464363098144531 -0.0567855834960938
-0.040130615234375 -0.28631591796875 0.0796279907226562 -0.0118026733398438
0.101287841796875 -0.258743286132812 0.0742263793945313 0.0744705200195313
0.2122802734375 -0.186676025390625 0.0160446166992188 0.106758117675781
0.299346923828125 0.028900146484375 -0.102386474609375 0.0750045776367188
0.29669189453125 0.233062744140625 -0.0340995788574219 -0.00282669067382811
0.20550537109375 0.356536865234375 0.07855224609375 0.104682922363281
-0.012420654296875 0.377410888671875 0.37274169921875 0.090545654296875
0.136322021484375 0.36895751953125 0.395538330078125 0.179473876953125
0.245758056640625 0.23828125 0.345855712890625 0.029998779296875
0.334381103515625 0.0263671875 0.281341552734375 -0.1002197265625
0.24835205078125 -0.161087036132813 0.135818481445313 -0.143798828125
0.07281494140625 -0.301544189453125 0.019287109375 -0.151016235351563
-0.0704345703125 -0.28729248046875 0.0211715698242187 -0.0774688720703125
-0.065155029296875 -0.257568359375 0.0524520874023437 -0.0153656005859375
-0.084259033203125 -0.289337158203125 0.1002197265625 0.021514892578125
-0.014892578125 -0.30584716796875 0.103256225585938 0.0618896484375
0.127777099609375 -0.254547119140625 0.0771026611328125 0.119728088378906
0.235336303710938 -0.158203125 0.0144500732421875 0.12384033203125
0.2818603515625 0.075042724609375 -0.0698013305664062 0.0740814208984375
0.2279052734375 0.27294921875 0.0364189147949219 0.0412216186523438
0.102630615234375 0.359344482421875 0.115203857421875 0.213882446289063
-0.123825073242188 0.269638061523437 0.35504150390625 0.21771240234375
-0.00372314453124997 0.32330322265625 0.390167236328125 0.279693603515625
0.128860473632813 0.253387451171875 0.332305908203125 0.077484130859375
0.26812744140625 0.100311279296875 0.247177124023438 -0.0397491455078125
0.242919921875 -0.084991455078125 0.104995727539063 -0.0640029907226563
0.11566162109375 -0.2587890625 0.0352249145507813 -0.0442085266113281
-0.02410888671875 -0.268753051757813 0.0692672729492188 0.0265464782714844
-0.0333404541015625 -0.236190795898438 0.110725402832031 0.0702056884765625
-0.053466796875 -0.272720336914063 0.1456298828125 0.101425170898437
0.00958251953125003 -0.28668212890625 0.121475219726562 0.141342163085937
0.144332885742188 -0.22509765625 0.0698394775390625 0.173248291015625
0.241989135742188 -0.123275756835938 -0.000640869140624969 0.147476196289063
0.252548217773438 0.1202392578125 -0.0580368041992187 0.0821151733398438
0.141510009765625 0.29632568359375 0.07281494140625 0.0899200439453125
-0.01263427734375 0.334869384765625 0.115631103515625 0.315093994140625
-0.214920043945313 0.112548828125 0.306915283203125 0.28167724609375
-0.133346557617188 0.203659057617188 0.3555908203125 0.310455322265625
-0.00761413574218751 0.206222534179688 0.3028564453125 0.08221435546875
0.1456298828125 0.14508056640625 0.189422607421875 -0.00875854492187499
0.189056396484375 -0.000732421875 0.0619850158691407 -0.009307861328125
0.131790161132813 -0.1673583984375 0.0359001159667969 0.0439987182617187
0.0255584716796875 -0.203109741210938 0.0963287353515625 0.115959167480469
-0.000411987304687486 -0.184967041015625 0.156143188476563 0.14141845703125
-0.01446533203125 -0.216995239257813 0.180801391601563 0.1793212890625
0.0361785888671875 -0.230316162109375 0.130218505859375 0.2197265625
0.140167236328125 -0.1727294921875 0.0542144775390625 0.232818603515625
0.21929931640625 -0.0728607177734375 -0.02728271484375 0.177719116210938
0.19842529296875 0.14495849609375 -0.0625534057617187 0.0987014770507813
0.03973388671875 0.286163330078125 0.074005126953125 0.14923095703125
-0.1287841796875 0.266128540039063 0.07183837890625 0.399200439453125
0.1820068359375 -0.105972290039063 -0.096038818359375 -0.387908935546875
0.00531005859375001 -0.223724365234375 -0.0392303466796875 -0.1741943359375
-0.144561767578125 -0.10791015625 0.0704421997070312 -0.119682312011719
-0.1568603515625 0.0258331298828125 0.063751220703125 -0.232818603515625
-0.0966339111328125 0.102073669433594 -0.047332763671875 -0.294708251953125
-0.020965576171875 0.162490844726562 -0.174087524414063 -0.2705078125
0.00148773193359375 0.127792358398438 -0.239730834960938 -0.209793090820312
-0.0172042846679688 0.109748840332031 -0.197189331054688 -0.165420532226563
-0.0548095703125 0.138275146484375 -0.126434326171875 -0.143386840820313
-0.12518310546875 0.0649566650390625 -0.0606689453125 -0.106666564941406
-0.140350341796875 -0.0597076416015625 -0.0449867248535156 -0.0146903991699219
-0.0628204345703125 -0.142868041992188 -0.12548828125 0.010467529296875
0.113983154296875 -0.170486450195313 -0.281341552734375 -0.08599853515625
0.239212036132812 -0.104248046875 -0.347991943359375 -0.236328125
0.255096435546875 0.0042877197265625 -0.252304077148437 -0.263931274414063
0.250076293945313 0.0390167236328125 -0.00552368164062497 -0.409027099609375
0.133377075195313 -0.135971069335938 0.028900146484375 -0.19659423828125
-0.019287109375 -0.102035522460938 0.115020751953125 -0.139511108398438
-0.0625 -0.0446586608886719 0.10980224609375 -0.26812744140625
-0.0603179931640625 0.00329208374023437 -0.01861572265625 -0.33380126953125
-0.0528984069824219 0.0509796142578125 -0.172454833984375 -0.3172607421875
-0.0591011047363281 0.0314559936523438 -0.242431640625 -0.250885009765625
-0.0638580322265625 0.0149612426757813 -0.196273803710937 -0.192092895507813
-0.0967788696289063 0.0256423950195313 -0.1143798828125 -0.164871215820313
-0.11700439453125 -0.048736572265625 -0.0355682373046875 -0.125068664550781
-0.069183349609375 -0.140853881835938 -0.00884056091308594 -0.0153579711914063
0.03594970703125 -0.177749633789062 -0.07916259765625 0.03253173828125
0.212081909179688 -0.11273193359375 -0.243820190429688 -0.025115966796875
0.320709228515625 0.011505126953125 -0.297576904296875 -0.17236328125
0.31292724609375 0.133453369140625 -0.173263549804687 -0.20916748046875
0.27569580078125 0.196426391601563 0.10791015625 -0.371612548828125
0.247116088867188 0.0002899169921875 0.128265380859375 -0.178207397460938
0.128456115722656 -0.0612869262695312 0.179519653320313 -0.144638061523438
0.0660247802734375 -0.105949401855469 0.165924072265625 -0.28289794921875
0.00167083740234376 -0.103965759277344 0.021087646484375 -0.345611572265625
-0.0702133178710937 -0.0789413452148438 -0.1485595703125 -0.332183837890625
-0.109649658203125 -0.0738983154296875 -0.21173095703125 -0.258575439453125
-0.100669860839844 -0.0832748413085938 -0.165191650390625 -0.187774658203125
-0.127876281738281 -0.0861663818359375 -0.0809326171875 -0.1571044921875
-0.10693359375 -0.149200439453125 -0.00525665283203127 -0.113624572753906
-0.0122528076171875 -0.207687377929688 0.0243873596191406 7.05718994140498E-05
0.1075439453125 -0.20648193359375 -0.035888671875 0.057586669921875
0.271835327148438 -0.0784454345703125 -0.196640014648437 0.0334625244140625
0.364227294921875 0.08953857421875 -0.222244262695313 -0.10089111328125
0.335357666015625 0.227752685546875 -0.084716796875 -0.122314453125
0.2459716796875 0.32928466796875 0.226409912109375 -0.27105712890625
0.30859375 0.15802001953125 0.244415283203125 -0.111419677734375
0.259368896484375 0.0183258056640625 0.251785278320313 -0.123077392578125
0.205291748046875 -0.131790161132813 0.22406005859375 -0.263137817382812
0.0874786376953125 -0.190628051757813 0.06640625 -0.31756591796875
-0.0606689453125 -0.20111083984375 -0.105255126953125 -0.308746337890625
-0.139541625976562 -0.173721313476563 -0.148651123046875 -0.22967529296875
-0.122467041015625 -0.169052124023437 -0.105987548828125 -0.15252685546875
-0.14569091796875 -0.181777954101562 -0.0306854248046875 -0.118362426757813
-0.097320556640625 -0.2301025390625 0.0280303955078125 -0.0761642456054688
0.0309600830078125 -0.252029418945313 0.0504531860351563 0.0261802673339844
0.153778076171875 -0.221145629882813 -0.00192260742187499 0.0777511596679687
0.300628662109375 -0.049957275390625 -0.1427001953125 0.0686798095703125
0.3680419921875 0.142974853515625 -0.129371643066406 -0.0465774536132812
0.31793212890625 0.289764404296875 0.00762176513671877 -0.0232086181640625
0.165496826171875 0.40057373046875 0.320648193359375 -0.125640869140625
0.290252685546875 0.29095458984375 0.345916748046875 -0.000793457031249982
0.322113037109375 0.1231689453125 0.309356689453125 -0.06988525390625
0.312713623046875 -0.10162353515625 0.260971069335937 -0.2054443359375
0.17242431640625 -0.22662353515625 0.103012084960938 -0.247833251953125
-0.02496337890625 -0.28900146484375 -0.0509796142578125 -0.241226196289063
-0.1400146484375 -0.245391845703125 -0.069854736328125 -0.16485595703125
-0.125152587890625 -0.226699829101563 -0.0321807861328125 -0.0926589965820313
-0.146011352539062 -0.247406005859375 0.0284690856933594 -0.058135986328125
-0.08349609375 -0.2823486328125 0.0629386901855469 -0.0188484191894531
0.066131591796875 -0.27679443359375 0.0686874389648438 0.062042236328125
0.189346313476563 -0.220321655273438 0.014984130859375 0.0930023193359375
0.306671142578125 -0.011932373046875 -0.0968399047851562 0.07708740234375
0.335418701171875 0.1925048828125 -0.0376167297363281 -0.0106124877929687
0.258148193359375 0.329498291015625 0.0862274169921875 0.0794296264648438
0.0482177734375 0.389007568359375 0.3724365234375 0.037017822265625
0.191497802734375 0.354217529296875 0.402679443359375 0.122589111328125
0.287384033203125 0.21026611328125 0.33551025390625 -0.00668334960937499
0.34454345703125 -0.027069091796875 0.264602661132813 -0.126800537109375
0.2283935546875 -0.200637817382812 0.114212036132813 -0.155487060546875
0.02435302734375 -0.313201904296875 -0.000885009765624984 -0.144699096679688
-0.113174438476562 -0.277206420898438 0.00716400146484374 -0.0746383666992188
-0.108993530273437 -0.247833251953125 0.0465545654296875 -0.0187911987304688
-0.130081176757812 -0.2760009765625 0.0923080444335938 0.0145339965820312
-0.063232421875 -0.3038330078125 0.0984420776367188 0.0516204833984375
0.0907745361328125 -0.2777099609375 0.0776138305664062 0.109771728515625
0.213775634765625 -0.199249267578125 0.0167694091796875 0.112579345703125
0.299713134765625 0.03460693359375 -0.0680084228515625 0.0753860473632812
0.274551391601563 0.241104125976563 0.0360603332519531 0.0240669250488281
0.1624755859375 0.348480224609375 0.140213012695313 0.184539794921875
-0.078155517578125 0.2962646484375 0.37774658203125 0.1693115234375
0.049713134765625 0.326080322265625 0.411285400390625 0.22265625
0.1748046875 0.239471435546875 0.329925537109375 0.041259765625
0.288543701171875 0.05645751953125 0.234527587890625 -0.05950927734375
0.232147216796875 -0.126861572265625 0.09771728515625 -0.0683746337890625
0.068939208984375 -0.273956298828125 0.0308799743652344 -0.0420150756835938
-0.0676422119140625 -0.264236450195313 0.0721969604492187 0.0179519653320312
-0.0754852294921875 -0.23272705078125 0.117225646972656 0.055999755859375
-0.0986175537109375 -0.263275146484375 0.152862548828125 0.0874481201171875
-0.035888671875 -0.28839111328125 0.129341125488281 0.12841796875
0.108627319335938 -0.251571655273438 0.081787109375 0.167709350585937
0.220596313476563 -0.164016723632813 0.00619506835937502 0.1424560546875
0.273406982421875 0.0810546875 -0.0556259155273437 0.0816879272460938
0.19207763671875 0.275604248046875 0.080322265625 0.0702362060546875
0.0455322265625 0.33831787109375 0.155029296875 0.289703369140625
-0.190414428710937 0.152694702148438 0.34002685546875 0.241424560546875
-0.094573974609375 0.226119995117188 0.386810302734375 0.260833740234375
0.0283660888671875 0.2098388671875 0.30035400390625 0.052276611328125
0.173736572265625 0.117813110351562 0.184585571289063 -0.0223388671875
0.187606811523438 -0.0347747802734375 0.0644149780273438 -0.00675201416015625
0.0967254638671875 -0.18621826171875 0.0444984436035156 0.0455322265625
-0.0123138427734375 -0.205245971679688 0.116539001464844 0.102005004882812
-0.032623291015625 -0.182662963867188 0.172409057617188 0.122283935546875
-0.0517730712890625 -0.212310791015625 0.200851440429687 0.156845092773438
-0.00405883789062501 -0.233917236328125 0.153594970703125 0.203292846679687
0.112274169921875 -0.198577880859375 0.0772247314453125 0.226303100585938
0.204299926757812 -0.11199951171875 -0.011932373046875 0.178192138671875
0.218826293945313 0.114974975585938 -0.0571136474609375 0.0996627807617188
0.0891876220703125 0.276565551757813 0.0933685302734375 0.127403259277344
-0.0797119140625 0.28546142578125 0.12640380859375 0.3828125
0.16070556640625 -0.122940063476563 -0.136962890625 -0.36590576171875
-0.0252838134765625 -0.211990356445313 -0.0585479736328125 -0.155471801757812
-0.150787353515625 -0.0831756591796875 0.0619354248046875 -0.117240905761719
-0.146575927734375 0.046630859375 0.0458831787109375 -0.231719970703125
-0.0789642333984375 0.112190246582031 -0.073638916015625 -0.28582763671875
0.00442504882812501 0.156143188476563 -0.197494506835938 -0.251724243164062
0.0194320678710938 0.119544982910156 -0.258193969726563 -0.180511474609375
-0.00174713134765625 0.105819702148438 -0.213485717773437 -0.139328002929687
-0.0292434692382812 0.136741638183594 -0.145462036132813 -0.12451171875
-0.107170104980469 0.0795135498046875 -0.08099365234375 -0.0997772216796875
-0.140625 -0.0347137451171875 -0.05303955078125 -0.0184478759765625
-0.078765869140625 -0.126205444335938 -0.122871398925781 0.01019287109375
0.084228515625 -0.178070068359375 -0.273452758789062 -0.0653839111328125
0.210678100585938 -0.13165283203125 -0.357391357421875 -0.200225830078125
0.242172241210938 -0.030487060546875 -0.276443481445313 -0.238189697265625
0.244705200195313 0.0136871337890625 -0.055511474609375 -0.395965576171875
0.112380981445313 -0.139389038085938 0.0011444091796875 -0.183868408203125
-0.02508544921875 -0.09002685546875 0.10089111328125 -0.140022277832031
-0.0607795715332031 -0.03424072265625 0.0848541259765625 -0.269363403320312
-0.0533256530761719 0.00987625122070312 -0.0501708984375 -0.3243408203125
-0.0387649536132812 0.0508499145507813 -0.200927734375 -0.293365478515625
-0.0512542724609375 0.0319175720214844 -0.267486572265625 -0.21685791015625
-0.0584869384765625 0.0171775817871094 -0.218505859375 -0.16290283203125
-0.084564208984375 0.0314712524414062 -0.139083862304688 -0.14617919921875
-0.113067626953125 -0.033843994140625 -0.0609207153320313 -0.120567321777344
-0.0809249877929688 -0.125389099121094 -0.0211143493652344 -0.0228652954101563
0.0163421630859375 -0.172332763671875 -0.0786514282226563 0.025909423828125
0.188949584960937 -0.131088256835938 -0.234481811523438 -0.0115814208984375
0.30596923828125 -0.025848388671875 -0.3048095703125 -0.144775390625
0.31414794921875 0.09173583984375 -0.195770263671875 -0.196243286132813
0.28961181640625 0.164581298828125 0.057464599609375 -0.372100830078125
0.238357543945313 -0.0207061767578125 0.0973968505859375 -0.17852783203125
0.124725341796875 -0.0668792724609375 0.160781860351563 -0.149948120117188
0.0587387084960938 -0.109092712402344 0.136627197265625 -0.28741455078125
-0.00457000732421876 -0.102836608886719 -0.013275146484375 -0.337005615234375
-0.0707778930664062 -0.072113037109375 -0.17974853515625 -0.306671142578125
-0.113487243652344 -0.0645217895507812 -0.237625122070313 -0.2274169921875
-0.107765197753906 -0.0743255615234375 -0.1871337890625 -0.1607666015625
-0.130905151367188 -0.073577880859375 -0.106903076171875 -0.138755798339844
-0.117225646972656 -0.134918212890625 -0.0321426391601563 -0.110092163085938
-0.0328216552734375 -0.199447631835938 0.00970077514648437 -0.00900459289550782
0.0829620361328125 -0.211288452148438 -0.0378074645996094 0.0472984313964844
0.256729125976563 -0.104629516601563 -0.18719482421875 0.0394134521484375
0.3626708984375 0.047698974609375 -0.227951049804687 -0.0852966308593749
0.3489990234375 0.18438720703125 -0.1009521484375 -0.122642517089844
0.278533935546875 0.299560546875 0.181915283203125 -0.28839111328125
0.31890869140625 0.12530517578125 0.213699340820313 -0.12689208984375
0.262313842773438 -0.003509521484375 0.229782104492188 -0.13372802734375
0.191329956054688 -0.15020751953125 0.19134521484375 -0.273147583007813
0.06756591796875 -0.199462890625 0.03387451171875 -0.31182861328125
-0.07818603515625 -0.192092895507813 -0.134368896484375 -0.2847900390625
-0.154159545898438 -0.156539916992187 -0.174240112304687 -0.204193115234375
-0.14031982421875 -0.154312133789063 -0.126602172851562 -0.132095336914063
-0.161849975585938 -0.163787841796875 -0.0539169311523438 -0.104904174804688
-0.120071411132813 -0.215591430664062 0.00492858886718749 -0.0749664306640625
0.00268554687499999 -0.253005981445313 0.0371780395507813 0.0170097351074219
0.129196166992188 -0.236404418945313 -0.00585556030273437 0.0655326843261719
0.292327880859375 -0.080108642578125 -0.135307312011719 0.068756103515625
0.3785400390625 0.10089111328125 -0.134689331054687 -0.042388916015625
0.34259033203125 0.249420166015625 -0.00242233276367186 -0.0351524353027344
0.209686279296875 0.37933349609375 0.29046630859375 -0.1551513671875
0.316650390625 0.25665283203125 0.322601318359375 -0.031707763671875
0.33636474609375 0.09039306640625 0.289703369140625 -0.08917236328125
0.299346923828125 -0.135223388671875 0.233078002929688 -0.21942138671875
0.145828247070313 -0.244873046875 0.0765838623046875 -0.246078491210938
-0.0553741455078125 -0.279144287109375 -0.0738372802734375 -0.223709106445313
-0.165069580078125 -0.22662353515625 -0.0891876220703125 -0.149551391601562
-0.150543212890625 -0.209930419921875 -0.0460128784179688 -0.0826644897460938
-0.17437744140625 -0.226699829101563 0.0129547119140625 -0.0525741577148438
-0.115936279296875 -0.269729614257813 0.0474052429199219 -0.0204048156738281
0.03155517578125 -0.282806396484375 0.0591621398925781 0.0543899536132812
0.163284301757813 -0.240646362304688 0.0133132934570313 0.0825424194335937
0.305267333984375 -0.044677734375 -0.092681884765625 0.0753707885742188
0.3551025390625 0.15301513671875 -0.0434455871582031 -0.0156021118164062
0.29180908203125 0.29498291015625 0.0862808227539063 0.0582962036132813
0.09515380859375 0.381591796875 0.359344482421875 -0.00326538085937498
0.231689453125 0.32684326171875 0.39227294921875 0.081024169921875
0.3126220703125 0.177581787109375 0.319671630859375 -0.029449462890625
0.338409423828125 -0.0675048828125 0.244003295898438 -0.1431884765625
0.201126098632813 -0.227157592773438 0.0969085693359375 -0.15679931640625
-0.01373291015625 -0.30877685546875 -0.0150604248046875 -0.134819030761719
-0.146102905273437 -0.258529663085938 -0.00209808349609376 -0.0720596313476563
-0.1387939453125 -0.232131958007812 0.0404891967773437 -0.0201377868652344
-0.164459228515625 -0.25439453125 0.0853347778320312 0.00955200195312498
-0.102081298828125 -0.291229248046875 0.0909881591796875 0.0461959838867187
0.054840087890625 -0.287200927734375 0.0771713256835937 0.102027893066406
0.186965942382813 -0.225509643554688 0.0164108276367188 0.105209350585937
0.302154541015625 -0.001068115234375 -0.065826416015625 0.0741195678710938
0.304107666015625 0.2052001953125 0.0315475463867188 0.0110015869140625
0.203948974609375 0.3238525390625 0.150436401367188 0.156875610351563
-0.0372314453125 0.305267333984375 0.379486083984375 0.125396728515625
0.092742919921875 0.3155517578125 0.4139404296875 0.174713134765625
0.207382202148438 0.2193603515625 0.3162841796875 0.015899658203125
0.293426513671875 0.01690673828125 0.22186279296875 -0.0731658935546875
0.210861206054688 -0.156753540039063 0.0908279418945313 -0.0686492919921875
0.0307159423828125 -0.27569580078125 0.0285301208496094 -0.0383148193359375
-0.102294921875 -0.248489379882812 0.0739212036132813 0.0116043090820312
-0.1058349609375 -0.218536376953125 0.119537353515625 0.04400634765625
-0.132369995117188 -0.244277954101563 0.153839111328125 0.074249267578125
-0.075286865234375 -0.278106689453125 0.13336181640625 0.117919921875
0.0729217529296875 -0.263992309570313 0.088470458984375 0.159133911132812
0.19635009765625 -0.18975830078125 0.0111923217773438 0.136909484863281
0.2806396484375 0.045623779296875 -0.0535430908203125 0.0803604125976563
0.227142333984375 0.247650146484375 0.0818710327148438 0.0511474609375
0.089569091796875 0.324615478515625 0.178573608398438 0.260040283203125
-0.162124633789063 0.177139282226562 0.354705810546875 0.2042236328125
-0.0585784912109375 0.235000610351563 0.394927978515625 0.21685791015625
0.0604705810546875 0.2042236328125 0.290496826171875 0.0299072265625
0.188095092773438 0.0879974365234375 0.17864990234375 -0.0305938720703125
0.176849365234375 -0.06304931640625 0.0673599243164063 -0.00530242919921875
0.0646820068359375 -0.194366455078125 0.0540771484375 0.0432090759277344
-0.0436859130859375 -0.196823120117188 0.1285400390625 0.0848770141601562
-0.0575408935546875 -0.172653198242188 0.181915283203125 0.101165771484375
-0.081695556640625 -0.199325561523438 0.210250854492188 0.134506225585938
-0.0381011962890625 -0.226959228515625 0.16680908203125 0.187774658203125
0.0821380615234375 -0.209259033203125 0.0933685302734375 0.216659545898437
0.183197021484375 -0.1370849609375 -0.0018463134765625 0.174758911132812
0.226608276367187 0.0838623046875 -0.0533599853515625 0.0965957641601562
0.125869750976562 0.256668090820313 0.101531982421875 0.105354309082031
-0.0364990234375 0.286834716796875 0.1640625 0.3546142578125
0.1424560546875 -0.134063720703125 -0.163970947265625 -0.345855712890625
-0.0454254150390625 -0.1986083984375 -0.0692825317382813 -0.138534545898438
-0.152297973632812 -0.0644073486328125 0.0573501586914062 -0.114608764648438
-0.135093688964844 0.0615081787109375 0.033905029296875 -0.230270385742188
-0.0637283325195312 0.117912292480469 -0.092315673828125 -0.278030395507813
0.0239105224609375 0.1484375 -0.215118408203125 -0.237762451171875
0.0318832397460938 0.110946655273438 -0.27008056640625 -0.156524658203125
0.0101776123046875 0.0999984741210938 -0.2244873046875 -0.11798095703125
-0.0107650756835938 0.132041931152344 -0.158843994140625 -0.108551025390625
-0.0910415649414062 0.088287353515625 -0.0971298217773437 -0.092681884765625
-0.137825012207031 -0.0162277221679688 -0.0620803833007813 -0.0215301513671875
-0.0882034301757813 -0.112403869628906 -0.122810363769531 0.00780487060546876
0.0614166259765625 -0.180160522460938 -0.268096923828125 -0.05389404296875
0.187057495117188 -0.147994995117187 -0.3607177734375 -0.175811767578125
0.2283935546875 -0.0536651611328125 -0.2911376953125 -0.219329833984375
0.238967895507813 -0.00445556640625 -0.08868408203125 -0.381195068359375
0.09637451171875 -0.139335632324219 -0.0163116455078125 -0.170166015625
-0.026580810546875 -0.0816421508789063 0.0927734375 -0.137809753417969
-0.0567817687988281 -0.0261383056640625 0.0687103271484375 -0.268280029296875
-0.0476150512695313 0.0133247375488281 -0.07275390625 -0.31591796875
-0.0284461975097656 0.0482254028320312 -0.2220458984375 -0.275360107421875
-0.0457916259765625 0.0310859680175781 -0.28216552734375 -0.19000244140625
-0.0552597045898438 0.018035888671875 -0.2318115234375 -0.138290405273438
-0.0754013061523438 0.0338363647460938 -0.156234741210938 -0.1278076171875
-0.108001708984375 -0.0241851806640625 -0.0811767578125 -0.113059997558594
-0.0868377685546875 -0.113044738769531 -0.0333290100097656 -0.0266799926757813
0.00227355957031251 -0.167007446289063 -0.0815200805664062 0.0196990966796875
0.1715087890625 -0.142013549804687 -0.228515625 -0.00555419921874999
0.292205810546875 -0.050933837890625 -0.30767822265625 -0.127471923828125
0.310638427734375 0.0623779296875 -0.211578369140625 -0.186126708984375
0.299652099609375 0.142059326171875 0.02203369140625 -0.367431640625
0.232391357421875 -0.033416748046875 0.0752410888671875 -0.172760009765625
0.124092102050781 -0.0703201293945313 0.148544311523438 -0.149978637695312
0.0535659790039062 -0.1114501953125 0.115570068359375 -0.28826904296875
-0.00893402099609374 -0.102447509765625 -0.036529541015625 -0.32891845703125
-0.0704193115234375 -0.0696334838867187 -0.2003173828125 -0.28662109375
-0.116264343261719 -0.058441162109375 -0.254302978515625 -0.200454711914063
-0.112937927246094 -0.0672836303710937 -0.201492309570313 -0.137191772460938
-0.13250732421875 -0.0655670166015625 -0.125 -0.121238708496094
-0.123558044433594 -0.124275207519531 -0.0531845092773438 -0.10302734375
-0.0475311279296875 -0.19287109375 -0.00454902648925781 -0.0130958557128906
0.0660858154296875 -0.213241577148438 -0.0433883666992187 0.03955078125
0.245269775390625 -0.120330810546875 -0.18060302734375 0.0413970947265625
0.359375 0.017242431640625 -0.23089599609375 -0.074371337890625
0.355865478515625 0.152191162109375 -0.115196228027344 -0.121551513671875
0.302520751953125 0.27716064453125 0.14691162109375 -0.294281005859375
0.324554443359375 0.101348876953125 0.19036865234375 -0.1319580078125
0.265640258789063 -0.0203399658203125 0.215179443359375 -0.138107299804688
0.180130004882813 -0.164505004882813 0.169967651367188 -0.276779174804688
0.0524444580078125 -0.203811645507813 0.01177978515625 -0.30548095703125
-0.0893402099609375 -0.185317993164062 -0.15289306640625 -0.2652587890625
-0.165939331054688 -0.14459228515625 -0.190643310546875 -0.182632446289063
-0.154373168945313 -0.142181396484375 -0.139419555664062 -0.114143371582031
-0.175125122070313 -0.149826049804688 -0.069549560546875 -0.0912704467773438
-0.137374877929687 -0.203964233398438 -0.0137176513671875 -0.0694732666015625
-0.0188140869140625 -0.252151489257813 0.0247611999511719 0.01324462890625
0.109054565429687 -0.244873046875 -0.0122833251953125 0.0577278137207031
0.285614013671875 -0.10064697265625 -0.131988525390625 0.0678558349609375
0.38348388671875 0.0687255859375 -0.140266418457031 -0.0392532348632812
0.3577880859375 0.21722412109375 -0.0121269226074219 -0.0438499450683594
0.241912841796875 0.361785888671875 0.264144897460938 -0.173202514648438
0.33514404296875 0.227996826171875 0.302093505859375 -0.04962158203125
0.346893310546875 0.0650634765625 0.274856567382813 -0.097991943359375
0.28729248046875 -0.159942626953125 0.212905883789063 -0.226348876953125
0.124404907226563 -0.256576538085938 0.058807373046875 -0.242218017578125
-0.076507568359375 -0.271224975585938 -0.0874481201171875 -0.2078857421875
-0.184310913085938 -0.209869384765625 -0.101661682128906 -0.135589599609375
-0.169952392578125 -0.195404052734375 -0.0556564331054688 -0.0730514526367188
-0.194412231445313 -0.209518432617187 0.00206756591796874 -0.0453033447265625
-0.140228271484375 -0.25677490234375 0.0346088409423828 -0.017913818359375
0.00543212890624997 -0.285186767578125 0.0507659912109375 0.0511398315429687
0.1416015625 -0.25494384765625 0.00694274902343751 0.0765304565429687
0.30279541015625 -0.0689697265625 -0.0919876098632812 0.0739898681640625
0.3685302734375 0.1212158203125 -0.0501670837402343 -0.0190849304199219
0.31475830078125 0.266357421875 0.0818023681640625 0.042144775390625
0.1319580078125 0.372772216796875 0.34539794921875 -0.029571533203125
0.259796142578125 0.304901123046875 0.3797607421875 0.054443359375
0.331878662109375 0.15216064453125 0.3067626953125 -0.043365478515625
0.330780029296875 -0.098388671875 0.228958129882813 -0.15228271484375
0.178512573242188 -0.24456787109375 0.08642578125 -0.154815673828125
-0.040924072265625 -0.302886962890625 -0.022247314453125 -0.124519348144531
-0.168838500976562 -0.241073608398438 -0.00890350341796876 -0.0679359436035156
-0.161758422851563 -0.216842651367187 0.0349235534667969 -0.0205478668212891
-0.188323974609375 -0.2359619140625 0.0800628662109375 0.00961303710937499
-0.130722045898438 -0.278121948242188 0.0860443115234375 0.0440521240234375
0.025970458984375 -0.29156494140625 0.0742950439453125 0.0988845825195312
0.165054321289063 -0.24261474609375 0.0138473510742188 0.101203918457031
0.30401611328125 -0.026641845703125 -0.0667266845703125 0.0733261108398437
0.32440185546875 0.175750732421875 0.025777816772461 0.00111389160156251
0.232025146484375 0.300933837890625 0.153533935546875 0.136032104492188
-0.00433349609375003 0.309814453125 0.37701416015625 0.096923828125
0.122802734375 0.3040771484375 0.40966796875 0.14361572265625
0.231033325195313 0.200653076171875 0.306854248046875 0.00109863281250001
0.294097900390625 -0.013946533203125 0.21136474609375 -0.0812530517578125
0.192581176757813 -0.177963256835938 0.0883331298828125 -0.0680694580078125
0.00192260742187497 -0.2735595703125 0.0295772552490234 -0.034088134765625
-0.125991821289062 -0.232711791992188 0.0742340087890625 0.00601196289062499
-0.128250122070313 -0.205459594726563 0.1202392578125 0.034423828125
-0.15716552734375 -0.227020263671875 0.15509033203125 0.065155029296875
-0.104522705078125 -0.26617431640625 0.135780334472656 0.110885620117187
0.0446014404296875 -0.268753051757813 0.092071533203125 0.154556274414062
0.175521850585937 -0.20782470703125 0.0117645263671875 0.134071350097656
0.28369140625 0.019500732421875 -0.0535812377929687 0.0795211791992187
0.251617431640625 0.221282958984375 0.0794830322265625 0.0365219116210938
0.12213134765625 0.310272216796875 0.192047119140625 0.235885620117187
-0.137680053710938 0.192413330078125 0.36163330078125 0.176513671875
-0.030670166015625 0.237030029296875 0.396331787109375 0.18707275390625
0.0850372314453125 0.197036743164063 0.28204345703125 0.016510009765625
0.196075439453125 0.0632476806640625 0.173385620117188 -0.0347900390625
0.164764404296875 -0.083221435546875 0.0720901489257813 -0.00380706787109376
0.0407562255859375 -0.19635009765625 0.0623054504394531 0.0428047180175781
-0.0654449462890625 -0.18603515625 0.136421203613281 0.0708160400390625
-0.0767364501953125 -0.1639404296875 0.187713623046875 0.08355712890625
-0.102645874023437 -0.185455322265625 0.216384887695313 0.118499755859375
-0.0635223388671875 -0.217086791992188 0.175994873046875 0.176284790039062
0.05731201171875 -0.214569091796875 0.1031494140625 0.210601806640625
0.1649169921875 -0.153366088867187 0.00354003906250001 0.172500610351563
0.231903076171875 0.0609588623046875 -0.0523452758789062 0.0959396362304688
0.151275634765625 0.238037109375 0.104576110839844 0.0871734619140625
-0.00444030761718748 0.280746459960938 0.187774658203125 0.332305908203125
0.127960205078125 -0.143417358398437 -0.188812255859375 -0.3338623046875
-0.0624542236328125 -0.188995361328125 -0.0775680541992188 -0.1259765625
-0.154220581054688 -0.050384521484375 0.0556793212890625 -0.114028930664062
-0.125411987304688 0.0735702514648437 0.0245513916015625 -0.233428955078125
-0.0507888793945312 0.123847961425781 -0.111038208007812 -0.274810791015625
0.0392608642578125 0.142440795898437 -0.235794067382813 -0.2276611328125
0.0424880981445312 0.105339050292969 -0.284210205078125 -0.1397705078125
0.0195541381835938 0.0966720581054688 -0.23675537109375 -0.100067138671875
0.0050048828125 0.128196716308594 -0.171920776367188 -0.093994140625
-0.0775680541992187 0.0947189331054688 -0.112785339355469 -0.08477783203125
-0.135116577148438 -0.0002899169921875 -0.071319580078125 -0.02294921875
-0.0973663330078125 -0.101158142089844 -0.12713623046875 0.0059967041015625
0.04345703125 -0.182952880859375 -0.268997192382813 -0.0459747314453125
0.168197631835938 -0.161941528320313 -0.370025634765625 -0.158294677734375
0.21942138671875 -0.072723388671875 -0.309814453125 -0.206085205078125
0.237564086914062 -0.0194244384765625 -0.117034912109375 -0.374053955078125
0.08587646484375 -0.139846801757813 -0.029296875 -0.160079956054688
-0.027130126953125 -0.0760650634765625 0.0885772705078125 -0.138130187988281
-0.0532493591308594 -0.0217819213867187 0.0561065673828125 -0.272750854492188
-0.0422821044921875 0.0161628723144531 -0.09442138671875 -0.31329345703125
-0.0204658508300781 0.0450515747070313 -0.2430419921875 -0.263046264648438
-0.0420761108398438 0.0303153991699219 -0.2989501953125 -0.1685791015625
-0.0534439086914063 0.0195465087890625 -0.245635986328125 -0.117431640625
-0.0699615478515625 0.0345993041992188 -0.171707153320313 -0.111770629882813
-0.104835510253906 -0.0177230834960937 -0.100624084472656 -0.105384826660156
-0.0924224853515625 -0.102462768554688 -0.0462379455566406 -0.0286140441894531
-0.00909423828125001 -0.16473388671875 -0.0877532958984375 0.0158843994140625
0.158843994140625 -0.152236938476563 -0.228225708007813 -0.000640869140625025
0.283935546875 -0.072021484375 -0.3160400390625 -0.11383056640625
0.31231689453125 0.039764404296875 -0.22930908203125 -0.180145263671875
0.3115234375 0.123443603515625 -0.00827026367187495 -0.366424560546875
0.231063842773438 -0.0451812744140625 0.0592803955078125 -0.168243408203125
0.126640319824219 -0.0766677856445313 0.142547607421875 -0.151641845703125
0.051544189453125 -0.115692138671875 0.1004638671875 -0.29400634765625
-0.0134429931640625 -0.104759216308594 -0.05755615234375 -0.326812744140625
-0.0723419189453125 -0.06903076171875 -0.220626831054688 -0.272445678710937
-0.121330261230469 -0.0531768798828125 -0.271926879882813 -0.179641723632812
-0.119895935058594 -0.0611572265625 -0.215728759765625 -0.11712646484375
-0.13720703125 -0.059326171875 -0.140037536621094 -0.105766296386719
-0.13134765625 -0.116607666015625 -0.0733489990234375 -0.0960617065429688
-0.060394287109375 -0.189544677734375 -0.0179157257080078 -0.0144691467285156
0.052276611328125 -0.219009399414063 -0.0509605407714844 0.0349693298339844
0.238845825195312 -0.136001586914063 -0.180526733398437 0.0436859130859375
0.3599853515625 -0.007537841796875 -0.239120483398438 -0.0665435791015625
0.365936279296875 0.127899169921875 -0.130905151367188 -0.122772216796875
0.326507568359375 0.258819580078125 0.1217041015625 -0.302337646484375
0.335174560546875 0.081939697265625 0.174285888671875 -0.13580322265625
0.272964477539063 -0.0370941162109375 0.208816528320313 -0.143341064453125
0.173629760742188 -0.179306030273438 0.153961181640625 -0.284698486328125
0.03997802734375 -0.211624145507813 -0.00714111328124998 -0.303985595703125
-0.100814819335937 -0.181838989257813 -0.170303344726563 -0.25250244140625
-0.178909301757813 -0.134567260742188 -0.206802368164062 -0.165054321289063
-0.168975830078125 -0.13238525390625 -0.151412963867188 -0.0979156494140625
-0.18878173828125 -0.139541625976563 -0.0820236206054688 -0.07806396484375
-0.1541748046875 -0.1959228515625 -0.0300750732421875 -0.0633926391601563
-0.0384979248046875 -0.253128051757813 0.0134944915771484 0.0128459930419922
0.092193603515625 -0.255767822265625 -0.0198974609375 0.0548439025878906
0.283935546875 -0.12176513671875 -0.132553100585937 0.0688934326171875
0.3935546875 0.041534423828125 -0.147735595703125 -0.0366058349609375
0.3753662109375 0.194183349609375 -0.0229072570800781 -0.0508232116699219
0.27655029296875 0.348968505859375 0.24609375 -0.188507080078125
0.35687255859375 0.20855712890625 0.289520263671875 -0.0618896484375
0.36187744140625 0.042724609375 0.267990112304688 -0.107467651367188
0.280075073242188 -0.184555053710938 0.199493408203125 -0.2353515625
0.1065673828125 -0.271133422851563 0.0454559326171875 -0.243667602539063
-0.0968475341796875 -0.268142700195313 -0.0988311767578125 -0.197311401367188
-0.203170776367188 -0.197784423828125 -0.113975524902344 -0.124626159667969
-0.189651489257812 -0.182968139648438 -0.0637969970703125 -0.0642967224121094
-0.214767456054687 -0.195770263671875 -0.00540161132812502 -0.0373611450195313
-0.164443969726562 -0.247283935546875 0.0246448516845703 -0.0140800476074219
-0.01849365234375 -0.29022216796875 0.0439453125 0.0511970520019531
0.123184204101562 -0.270614624023438 0.00134277343750001 0.0754928588867187
0.305633544921875 -0.09295654296875 -0.09332275390625 0.0746612548828125
0.384490966796875 0.09375 -0.0579872131347656 -0.0221214294433594
0.33807373046875 0.24688720703125 0.077972412109375 0.0295028686523438
0.166778564453125 0.36993408203125 0.336669921875 -0.0498046875
0.287200927734375 0.289154052734375 0.374664306640625 0.03570556640625
0.354705810546875 0.129852294921875 0.3026123046875 -0.054290771484375
0.327728271484375 -0.127960205078125 0.218734741210938 -0.160919189453125
0.159835815429687 -0.263626098632812 0.079803466796875 -0.156890869140625
-0.06646728515625 -0.301239013671875 -0.026702880859375 -0.117897033691406
-0.192245483398438 -0.228042602539063 -0.0146560668945313 -0.0656929016113281
-0.184112548828125 -0.20404052734375 0.0322818756103515 -0.0198230743408203
-0.212371826171875 -0.221084594726562 0.078155517578125 0.0111923217773437
-0.157821655273437 -0.26898193359375 0.0834579467773437 0.0447769165039062
0.000427246093749983 -0.29937744140625 0.073211669921875 0.0994644165039062
0.146377563476563 -0.260726928710938 0.011077880859375 0.101974487304687
0.309326171875 -0.051544189453125 -0.0684280395507812 0.0750274658203125
0.344940185546875 0.15008544921875 0.0194454193115235 -0.00609588623046874
0.2606201171875 0.2855224609375 0.157501220703125 0.120849609375
0.02667236328125 0.316314697265625 0.380462646484375 0.0751953125
0.1522216796875 0.2978515625 0.412384033203125 0.121795654296875
0.25555419921875 0.184188842773438 0.303375244140625 -0.01055908203125
0.296630859375 -0.041168212890625 0.207199096679688 -0.0889739990234375
0.17742919921875 -0.199630737304688 0.0896148681640625 -0.0686798095703125
-0.023284912109375 -0.274703979492188 0.0324363708496094 -0.0316123962402344
-0.14935302734375 -0.22149658203125 0.0753631591796875 0.000732421874999986
-0.149490356445312 -0.194869995117188 0.122024536132812 0.0274505615234375
-0.181243896484375 -0.213836669921875 0.1591796875 0.0601043701171875
-0.13043212890625 -0.256561279296875 0.140068054199219 0.107757568359375
0.0197601318359375 -0.275497436523437 0.0982666015625 0.153762817382812
0.158355712890625 -0.226348876953125 0.0137252807617188 0.1361083984375
0.290191650390625 -0.004364013671875 -0.0552291870117187 0.0814285278320313
0.275665283203125 0.200057983398438 0.0766830444335938 0.0254135131835938
0.151397705078125 0.300689697265625 0.204742431640625 0.219757080078125
-0.117080688476562 0.20770263671875 0.371002197265625 0.15753173828125
-0.00650024414062498 0.241287231445313 0.403656005859375 0.1654052734375
0.108261108398438 0.191421508789063 0.2803955078125 0.00712585449218751
0.20404052734375 0.04302978515625 0.172897338867188 -0.0385284423828125
0.156600952148438 -0.101730346679688 0.0792617797851563 -0.00407409667968751
0.01953125 -0.19854736328125 0.072479248046875 0.040130615234375
-0.0847015380859375 -0.177398681640625 0.143524169921875 0.0594024658203125
-0.0941009521484375 -0.155166625976563 0.194503784179687 0.0693817138671875
-0.12127685546875 -0.175140380859375 0.225555419921875 0.106658935546875
-0.085601806640625 -0.209823608398437 0.187164306640625 0.168930053710938
0.0355072021484375 -0.220672607421875 0.115142822265625 0.20867919921875
0.150787353515625 -0.16937255859375 0.00903320312500002 0.1748046875
0.238494873046875 0.04132080078125 -0.05267333984375 0.0974502563476562
0.17535400390625 0.223190307617188 0.107688903808594 0.0730438232421875
0.021942138671875 0.278350830078125 0.21044921875 0.3170166015625
0.113739013671875 -0.156036376953125 -0.22052001953125 -0.32293701171875
-0.0805511474609375 -0.181015014648438 -0.0872039794921875 -0.113746643066406
-0.158248901367188 -0.0350341796875 0.0533981323242187 -0.117515563964844
-0.117355346679687 0.0864410400390625 0.01177978515625 -0.240982055664063
-0.0358352661132812 0.130088806152344 -0.136077880859375 -0.272232055664063
0.0573883056640625 0.137229919433594 -0.26397705078125 -0.214080810546875
0.0548248291015625 0.09991455078125 -0.304107666015625 -0.117095947265625
0.0301895141601562 0.0941314697265625 -0.25115966796875 -0.0782012939453125
0.0206680297851563 0.12469482421875 -0.187591552734375 -0.0776367187499999
-0.0644607543945313 0.102394104003906 -0.130195617675781 -0.07373046875
-0.133094787597656 0.016387939453125 -0.083221435546875 -0.0208740234375
-0.107177734375 -0.090240478515625 -0.134101867675781 0.00746154785156248
0.0232696533203125 -0.186492919921875 -0.27581787109375 -0.034210205078125
0.149917602539063 -0.178497314453125 -0.387237548828125 -0.13800048828125
0.21173095703125 -0.094635009765625 -0.3349609375 -0.191192626953125
0.238723754882813 -0.0385284423828125 -0.1519775390625 -0.368194580078125
0.075531005859375 -0.144500732421875 -0.04254150390625 -0.151260375976563
-0.0287933349609375 -0.0736618041992188 0.0845794677734375 -0.143035888671875
-0.0510101318359375 -0.0176849365234375 0.039276123046875 -0.281890869140625
-0.0374679565429688 0.0185203552246094 -0.121429443359375 -0.311309814453125
-0.013641357421875 0.0426521301269531 -0.273162841796875 -0.2476806640625
-0.0399360656738281 0.0315742492675781 -0.320831298828125 -0.14276123046875
-0.0525550842285156 0.0225296020507813 -0.262954711914062 -0.0932006835937501
-0.065673828125 0.0364799499511719 -0.189727783203125 -0.093231201171875
-0.104057312011719 -0.0101699829101563 -0.122367858886719 -0.0946807861328125
-0.0997161865234375 -0.0939712524414063 -0.0600967407226563 -0.0275039672851562
-0.02227783203125 -0.163894653320313 -0.0958480834960938 0.0153427124023437
0.147705078125 -0.165969848632813 -0.23297119140625 0.00869750976562498
0.278854370117188 -0.096099853515625 -0.330963134765625 -0.0970153808593751
0.31732177734375 0.0133056640625 -0.25384521484375 -0.172134399414062
0.3291015625 0.101226806640625 -0.042877197265625 -0.368988037109375
0.23260498046875 -0.0616912841796875 0.0435333251953125 -0.166290283203125
0.129264831542969 -0.088043212890625 0.136871337890625 -0.159561157226562
0.0468597412109375 -0.123687744140625 0.082855224609375 -0.30535888671875
-0.0201187133789063 -0.107429504394531 -0.08428955078125 -0.326690673828125
-0.0766067504882813 -0.0684280395507813 -0.247833251953125 -0.258193969726563
-0.129035949707031 -0.0461578369140625 -0.294586181640625 -0.15496826171875
-0.129196166992188 -0.0525588989257813 -0.232894897460937 -0.0938568115234375
-0.145416259765625 -0.051177978515625 -0.15679931640625 -0.08740234375
-0.143280029296875 -0.108963012695313 -0.0938186645507813 -0.0855026245117188
-0.0767974853515625 -0.187774658203125 -0.03094482421875 -0.0132255554199219
0.03570556640625 -0.227218627929688 -0.059173583984375 0.0343132019042969
0.233428955078125 -0.158523559570312 -0.183609008789062 0.0499267578125
0.3660888671875 -0.0390625 -0.251953125 -0.054718017578125
0.382659912109375 0.100494384765625 -0.15020751953125 -0.12164306640625
0.359466552734375 0.23846435546875 0.09368896484375 -0.313720703125
0.350555419921875 0.057586669921875 0.160751342773438 -0.1429443359375
0.283966064453125 -0.060699462890625 0.202896118164063 -0.154495239257813
0.1650390625 -0.200637817382812 0.136871337890625 -0.2984619140625
0.0229339599609375 -0.2220458984375 -0.029571533203125 -0.307586669921875
-0.117294311523438 -0.180221557617187 -0.192169189453125 -0.239608764648438
-0.195465087890625 -0.122146606445313 -0.226547241210937 -0.145538330078125
-0.187362670898437 -0.1197509765625 -0.166412353515625 -0.0807037353515626
-0.20758056640625 -0.125946044921875 -0.0941085815429688 -0.064361572265625
-0.1766357421875 -0.186447143554688 -0.0455818176269531 -0.05511474609375
-0.0626220703125 -0.256973266601563 0.00433826446533203 0.0152711868286133
0.07183837890625 -0.271759033203125 -0.0266342163085938 0.0550498962402344
0.28466796875 -0.14984130859375 -0.1351318359375 0.0738372802734375
0.407806396484375 0.008026123046875 -0.159225463867187 -0.031280517578125
0.4012451171875 0.1666259765625 -0.0353775024414062 -0.0566482543945312
0.31732177734375 0.33489990234375 0.229507446289063 -0.208770751953125
0.385345458984375 0.1820068359375 0.282684326171875 -0.077850341796875
0.382720947265625 0.011566162109375 0.264373779296875 -0.121856689453125
0.272415161132813 -0.216018676757813 0.186050415039063 -0.250335693359375
0.083984375 -0.289459228515625 0.0289459228515625 -0.248382568359375
-0.12298583984375 -0.265945434570313 -0.113037109375 -0.189178466796875
-0.227691650390625 -0.182464599609375 -0.128349304199219 -0.113471984863281
-0.21417236328125 -0.169189453125 -0.0734100341796875 -0.0543975830078125
-0.24176025390625 -0.1795654296875 -0.0116672515869141 -0.0296554565429688
-0.19329833984375 -0.23681640625 0.0160799026489258 -0.00898742675781251
-0.048431396484375 -0.2984619140625 0.0412101745605469 0.0537109375
0.1011962890625 -0.291229248046875 -0.0027923583984375 0.0775299072265625
0.3101806640625 -0.1239013671875 -0.0959091186523438 0.07891845703125
0.40704345703125 0.060150146484375 -0.0671844482421875 -0.0229644775390625
0.369232177734375 0.22369384765625 0.0747299194335938 0.018707275390625
0.2099609375 0.365631103515625 0.33465576171875 -0.0745849609375
0.323699951171875 0.27056884765625 0.376495361328125 0.01202392578125
0.3824462890625 0.101226806640625 0.301239013671875 -0.0709228515625
0.3251953125 -0.163970947265625 0.21087646484375 -0.175506591796875
0.137054443359375 -0.287750244140625 0.07305908203125 -0.16265869140625
-0.096893310546875 -0.301300048828125 -0.0312576293945313 -0.113945007324219
-0.2200927734375 -0.213638305664063 -0.0215911865234375 -0.0629920959472656
-0.211074829101563 -0.189453125 0.0283966064453125 -0.0191879272460938
-0.241424560546875 -0.203903198242188 0.079864501953125 0.0116119384765625
-0.190139770507813 -0.257858276367188 0.0840835571289062 0.0450592041015625
-0.0318603515625 -0.30804443359375 0.0777359008789063 0.101409912109375
0.124053955078125 -0.283538818359375 0.0112533569335937 0.105537414550781
0.3162841796875 -0.082855224609375 -0.0702362060546875 0.0800704956054688
0.372039794921875 0.119537353515625 0.0126132965087891 -0.0124216079711914
0.294586181640625 0.268157958984375 0.1651611328125 0.105850219726563
0.062591552734375 0.323577880859375 0.390655517578125 0.050262451171875
0.1871337890625 0.290679931640625 0.422149658203125 0.0965576171875
0.28619384765625 0.164642333984375 0.30596923828125 -0.026123046875
0.30010986328125 -0.074127197265625 0.204452514648438 -0.100250244140625
0.159927368164063 -0.223556518554688 0.0909347534179688 -0.07379150390625
-0.0519256591796875 -0.277084350585938 0.0378189086914062 -0.03265380859375
-0.176361083984375 -0.208602905273438 0.0773544311523437 -0.00582122802734376
-0.174972534179687 -0.181671142578125 0.125694274902344 0.0179214477539062
-0.208343505859375 -0.19781494140625 0.167266845703125 0.05291748046875
-0.162277221679688 -0.2467041015625 0.149765014648438 0.103057861328125
-0.010406494140625 -0.285247802734375 0.108871459960937 0.154510498046875
0.1380615234375 -0.248764038085938 0.0184326171875 0.14117431640625
0.299224853515625 -0.03253173828125 -0.0556564331054687 0.086181640625
0.30462646484375 0.174652099609375 0.0741729736328125 0.0140914916992188
0.185394287109375 0.29156494140625 0.223342895507812 0.203323364257813
-0.0943603515625 0.225494384765625 0.390716552734375 0.135498046875
0.0210113525390625 0.246612548828125 0.41845703125 0.1414794921875
0.1353759765625 0.184967041015625 0.2833251953125 -0.00686645507812499
0.212738037109375 0.01898193359375 0.17572021484375 -0.0464324951171875
0.145645141601563 -0.122039794921875 0.0875091552734375 -0.00687408447265626
-0.00294494628906249 -0.20330810546875 0.0849380493164063 0.0352935791015625
-0.106277465820313 -0.168792724609375 0.152542114257813 0.04534912109375
-0.114990234375 -0.146820068359375 0.203582763671875 0.0524749755859375
-0.143997192382812 -0.16351318359375 0.23980712890625 0.0915985107421875
-0.111358642578125 -0.2020263671875 0.20452880859375 0.161041259765625
0.0115814208984375 -0.2291259765625 0.132492065429688 0.208114624023437
0.133773803710938 -0.188064575195313 0.017333984375 0.181365966796875
0.24798583984375 0.0186614990234375 -0.0519943237304688 0.102394104003906
0.20208740234375 0.206558227539063 0.1109619140625 0.059051513671875
0.0518646240234375 0.277664184570313 0.23980712890625 0.303070068359375
0.09393310546875 -0.168228149414063 -0.25823974609375 -0.30328369140625
-0.101577758789062 -0.169326782226563 -0.0966796875 -0.100608825683594
-0.162109375 -0.0161590576171875 0.047607421875 -0.121749877929688
-0.104301452636719 0.100654602050781 -0.00843811035156252 -0.246658325195313
-0.016204833984375 0.136062622070313 -0.16656494140625 -0.261474609375
0.076934814453125 0.127639770507813 -0.294708251953125 -0.18804931640625
0.0687179565429688 0.0912017822265625 -0.3221435546875 -0.08404541015625
0.043121337890625 0.0891571044921875 -0.264251708984375 -0.04803466796875
0.037933349609375 0.118446350097656 -0.202651977539062 -0.053131103515625
-0.0478439331054687 0.109245300292969 -0.1468505859375 -0.055572509765625
-0.127464294433594 0.0355300903320313 -0.0951309204101563 -0.01446533203125
-0.116889953613281 -0.074981689453125 -0.141525268554688 0.0148773193359375
-0.001068115234375 -0.188064575195313 -0.28192138671875 -0.01446533203125
0.126510620117188 -0.194473266601563 -0.406494140625 -0.105072021484375
0.19921875 -0.119338989257812 -0.364227294921875 -0.16351318359375
0.2362060546875 -0.0632476806640625 -0.1962890625 -0.355438232421875
0.0616302490234375 -0.150344848632813 -0.057891845703125 -0.140640258789063
-0.032928466796875 -0.0702705383300781 0.0763092041015625 -0.149520874023437
-0.0500946044921875 -0.0132064819335937 0.014556884765625 -0.289306640625
-0.0322608947753906 0.0222835540771484 -0.155853271484375 -0.30157470703125
-0.00630569458007813 0.0395660400390625 -0.306060791015625 -0.219879150390625
-0.03692626953125 0.0334587097167969 -0.342926025390625 -0.106201171875
-0.0510749816894531 0.0272026062011719 -0.277633666992188 -0.0597381591796875
-0.0610237121582031 0.0401687622070313 -0.206344604492188 -0.0664215087890625
-0.103050231933594 -3.05175781249854E-05 -0.143035888671875 -0.0755767822265625
-0.10784912109375 -0.0819854736328125 -0.0746307373046875 -0.0214996337890625
-0.0390625 -0.160537719726563 -0.104454040527344 0.0198974609375
0.130691528320313 -0.181594848632813 -0.23699951171875 0.024261474609375
0.268844604492188 -0.125732421875 -0.346435546875 -0.0693359375
0.320465087890625 -0.019622802734375 -0.2821044921875 -0.154205322265625
0.34649658203125 0.067901611328125 -0.0854492187499999 -0.367401123046875
0.23065185546875 -0.085113525390625 0.0258331298828125 -0.16326904296875
0.128128051757813 -0.104049682617188 0.126815795898437 -0.170181274414063
0.0371246337890625 -0.131858825683594 0.055450439453125 -0.3165283203125
-0.0306549072265625 -0.10858154296875 -0.119598388671875 -0.320770263671875
-0.084381103515625 -0.0654296875 -0.28021240234375 -0.2332763671875
-0.13714599609375 -0.0335617065429687 -0.316162109375 -0.119140625
-0.138572692871094 -0.039306640625 -0.247665405273438 -0.0620880126953125
-0.153854370117188 -0.0379791259765625 -0.171966552734375 -0.0629730224609375
-0.156295776367188 -0.0957794189453125 -0.114006042480469 -0.0686569213867188
-0.0980224609375 -0.18194580078125 -0.0439910888671875 -0.00711822509765627
0.0117034912109375 -0.234176635742188 -0.06658935546875 0.0374984741210937
0.221649169921875 -0.185394287109375 -0.1851806640625 0.06268310546875
0.367431640625 -0.0782470703125 -0.264251708984375 -0.034515380859375
0.398712158203125 0.060638427734375 -0.173019409179687 -0.114089965820312
0.395172119140625 0.20343017578125 0.058135986328125 -0.3245849609375
0.363922119140625 0.021636962890625 0.144012451171875 -0.152542114257812
0.288818359375 -0.094268798828125 0.192855834960938 -0.170074462890625
0.14837646484375 -0.224212646484375 0.110198974609375 -0.312347412109375
-0.00146484374999998 -0.230331420898437 -0.06072998046875 -0.30615234375
-0.138748168945313 -0.172607421875 -0.217819213867188 -0.219741821289063
-0.214569091796875 -0.101776123046875 -0.246429443359375 -0.11773681640625
-0.206222534179687 -0.0989227294921875 -0.17889404296875 -0.056243896484375
-0.228179931640625 -0.105056762695312 -0.105010986328125 -0.0458755493164062
-0.202011108398438 -0.169296264648437 -0.0604324340820313 -0.0421371459960937
-0.094573974609375 -0.255294799804687 -0.00435447692871094 0.0195388793945312
0.042755126953125 -0.287017822265625 -0.0313568115234375 0.0589866638183594
0.275924682617188 -0.18548583984375 -0.134841918945312 0.0836639404296875
0.417755126953125 -0.038665771484375 -0.170059204101562 -0.019866943359375
0.42718505859375 0.12689208984375 -0.0494956970214843 -0.0595207214355469
0.366302490234375 0.306549072265625 0.206466674804688 -0.231903076171875
0.414825439453125 0.1414794921875 0.273345947265625 -0.100845336914062
0.3974609375 -0.033111572265625 0.256927490234375 -0.142623901367187
0.253982543945313 -0.25225830078125 0.1644287109375 -0.2677001953125
0.050079345703125 -0.305633544921875 0.00668334960937501 -0.251998901367188
-0.154876708984375 -0.2572021484375 -0.13037109375 -0.177597045898438
-0.25360107421875 -0.1578369140625 -0.143173217773438 -0.0968475341796875
-0.240737915039063 -0.14324951171875 -0.0823745727539063 -0.041046142578125
-0.269989013671875 -0.153152465820313 -0.0158748626708985 -0.0207672119140625
-0.2276611328125 -0.21722412109375 0.00903224945068358 -0.00268077850341798
-0.086700439453125 -0.298309326171875 0.040130615234375 0.0564613342285156
0.0679931640625 -0.3099365234375 -0.00355529785156249 0.081268310546875
0.306427001953125 -0.164398193359375 -0.095550537109375 0.0874481201171875
0.4248046875 0.013336181640625 -0.0769271850585937 -0.0198440551757813
0.403564453125 0.186431884765625 0.0705108642578125 0.00578308105468751
0.261199951171875 0.35052490234375 0.327606201171875 -0.106475830078125
0.362823486328125 0.23834228515625 0.37664794921875 -0.01898193359375
0.40826416015625 0.056976318359375 0.29791259765625 -0.094970703125
0.31256103515625 -0.20660400390625 0.197006225585938 -0.193374633789063
0.103271484375 -0.310302734375 0.0603485107421875 -0.169876098632813
-0.134124755859375 -0.29449462890625 -0.0379409790039063 -0.110603332519531
-0.249893188476562 -0.188751220703125 -0.0286331176757813 -0.0590171813964844
-0.240249633789063 -0.16448974609375 0.0253219604492187 -0.0186500549316406
-0.272796630859375 -0.17584228515625 0.0825119018554687 0.00904846191406249
-0.227264404296875 -0.237411499023438 0.0868988037109375 0.04425048828125
-0.072540283203125 -0.3104248046875 0.0854110717773438 0.101791381835937
0.090545654296875 -0.304840087890625 0.0155715942382813 0.109626770019531
0.316802978515625 -0.12322998046875 -0.0691375732421875 0.0876617431640625
0.39605712890625 0.076141357421875 0.00516510009765628 -0.0174074172973633
0.332427978515625 0.23809814453125 0.172897338867188 0.0853729248046875
0.107757568359375 0.32342529296875 0.399444580078125 0.0145263671875
0.2275390625 0.273223876953125 0.43243408203125 0.060089111328125
0.318115234375 0.132598876953125 0.30548095703125 -0.04974365234375
0.297332763671875 -0.113861083984375 0.19891357421875 -0.115814208984375
0.131576538085938 -0.248062133789063 0.0903396606445313 -0.082733154296875
-0.0875701904296875 -0.273300170898438 0.0414962768554687 -0.0367202758789063
-0.206100463867188 -0.186874389648438 0.077850341796875 -0.013641357421875
-0.202316284179688 -0.160064697265625 0.128273010253906 0.00594329833984374
-0.237762451171875 -0.1727294921875 0.176956176757813 0.0388641357421875
-0.197158813476562 -0.227127075195312 0.161529541015625 0.0937347412109375
-0.047821044921875 -0.28863525390625 0.12493896484375 0.150375366210937
0.107345581054687 -0.270599365234375 0.028228759765625 0.144866943359375
0.30364990234375 -0.071197509765625 -0.0533676147460937 0.0927963256835938
0.33349609375 0.1383056640625 0.0712890625 0.00224304199218751
0.224868774414063 0.27264404296875 0.245132446289063 0.178924560546875
-0.0630340576171875 0.240585327148438 0.411376953125 0.1016845703125
0.0551605224609375 0.246719360351563 0.43548583984375 0.104705810546875
0.165679931640625 0.169097900390625 0.284271240234375 -0.0284423828125
0.218399047851562 -0.0111846923828125 0.176422119140625 -0.0590667724609375
0.128372192382813 -0.144424438476562 0.0956344604492188 -0.0143203735351563
-0.0308990478515625 -0.203964233398437 0.097808837890625 0.0251007080078125
-0.130523681640625 -0.153610229492188 0.160659790039063 0.0265045166015625
-0.136512756347656 -0.1312255859375 0.21112060546875 0.029571533203125
-0.168319702148438 -0.144561767578125 0.255264282226563 0.0681915283203125
-0.14013671875 -0.187484741210938 0.22503662109375 0.143875122070313
-0.0186767578125 -0.232696533203125 0.1563720703125 0.201248168945313
0.110504150390625 -0.20751953125 0.0334014892578125 0.185012817382813
0.254608154296875 -0.012115478515625 -0.0469207763671875 0.1090087890625
0.231216430664062 0.181854248046875 0.112800598144531 0.0427932739257813
0.087158203125 0.27142333984375 0.274871826171875 0.27838134765625
0.06964111328125 -0.17449951171875 -0.291839599609375 -0.266571044921875
-0.119781494140625 -0.149490356445313 -0.1036376953125 -0.08203125
-0.159469604492188 0.00610351562499998 0.0392303466796875 -0.1239013671875
-0.0878677368164062 0.112205505371094 -0.033447265625 -0.244216918945313
0.00624084472656249 0.134330749511719 -0.19488525390625 -0.237533569335938
0.093719482421875 0.11016845703125 -0.31561279296875 -0.147125244140625
0.0808258056640625 0.0774688720703125 -0.3292236328125 -0.04071044921875
0.0545501708984375 0.0798416137695312 -0.26641845703125 -0.0115203857421875
0.05426025390625 0.106536865234375 -0.2081298828125 -0.0224609375
-0.0289154052734375 0.110748291015625 -0.156845092773438 -0.03057861328125
-0.11517333984375 0.0530624389648438 -0.103309631347656 -0.00322723388671873
-0.122444152832031 -0.0561599731445313 -0.14501953125 0.026702880859375
-0.02685546875 -0.181503295898438 -0.279830932617188 0.0119476318359375
0.0962066650390625 -0.204086303710938 -0.41351318359375 -0.0621337890625001
0.176971435546875 -0.141357421875 -0.3839111328125 -0.1217041015625
0.22406005859375 -0.089080810546875 -0.23809814453125 -0.3258056640625
0.043914794921875 -0.151870727539063 -0.0704574584960938 -0.125602722167969
-0.037506103515625 -0.0651016235351563 0.0632781982421875 -0.153213500976563
-0.0477981567382812 -0.00824356079101563 -0.016265869140625 -0.286834716796875
-0.0259609222412109 0.0239887237548828 -0.188385009765625 -0.276596069335938
0.000566482543945311 0.0348720550537109 -0.330322265625 -0.176483154296875
-0.0318527221679688 0.0356521606445313 -0.350128173828125 -0.0582275390625
-0.0468215942382812 0.0316352844238281 -0.28021240234375 -0.0185394287109375
-0.0549201965332031 0.0433807373046875 -0.213241577148438 -0.0330810546875
-0.0989532470703125 0.0105209350585937 -0.157211303710938 -0.04925537109375
-0.112472534179687 -0.0659408569335938 -0.0854568481445313 -0.0101699829101563
-0.0564422607421875 -0.151336669921875 -0.108871459960938 0.0280990600585937
0.105728149414063 -0.19305419921875 -0.232742309570313 0.0452728271484375
0.246932983398438 -0.15521240234375 -0.35186767578125 -0.0332336425781249
0.31072998046875 -0.057464599609375 -0.303466796875 -0.122161865234375
0.3505859375 0.026458740234375 -0.131103515625 -0.348876953125
0.218551635742188 -0.109390258789063 0.00683593750000002 -0.155914306640625
0.118385314941406 -0.119392395019531 0.11004638671875 -0.177566528320313
0.0224685668945313 -0.13702392578125 0.021240234375 -0.316864013671875
-0.0421600341796875 -0.104339599609375 -0.15447998046875 -0.2991943359375
-0.0901336669921875 -0.05767822265625 -0.303924560546875 -0.193511962890625
-0.140228271484375 -0.017181396484375 -0.326690673828125 -0.073486328125
-0.142608642578125 -0.020965576171875 -0.251907348632813 -0.02398681640625
-0.158187866210938 -0.0201263427734375 -0.178680419921875 -0.03277587890625
-0.166046142578125 -0.0756988525390625 -0.127769470214844 -0.0443878173828125
-0.117599487304688 -0.166946411132813 -0.0536766052246094 0.00217819213867186
-0.0161895751953125 -0.232131958007812 -0.0704879760742188 0.0436325073242187
0.196975708007813 -0.210494995117187 -0.179428100585937 0.077911376953125
0.352935791015625 -0.122528076171875 -0.26763916015625 -0.00773620605468749
0.40032958984375 0.013092041015625 -0.192916870117187 -0.095916748046875
0.418121337890625 0.152862548828125 0.0150146484375 -0.324066162109375
0.36383056640625 -0.02349853515625 0.122726440429688 -0.157577514648438
0.278656005859375 -0.131179809570313 0.173324584960938 -0.18438720703125
0.120315551757812 -0.24188232421875 0.07476806640625 -0.317779541015625
-0.0307464599609375 -0.228042602539063 -0.094146728515625 -0.291473388671875
-0.158309936523438 -0.15557861328125 -0.239425659179688 -0.188629150390625
-0.225799560546875 -0.0725555419921875 -0.256942749023438 -0.0803833007812499
-0.217453002929688 -0.069244384765625 -0.183456420898438 -0.0255584716796875
-0.240615844726562 -0.073822021484375 -0.109939575195313 -0.024688720703125
-0.222015380859375 -0.141311645507812 -0.0715255737304688 -0.0240554809570313
-0.126708984375 -0.24053955078125 -0.00964355468750001 0.0262660980224609
0.00616455078125 -0.289398193359375 -0.0332603454589844 0.0629920959472656
0.252899169921875 -0.218856811523438 -0.129196166992187 0.0943984985351562
0.410308837890625 -0.090911865234375 -0.175125122070312 -0.00274658203125003
0.4375 0.073699951171875 -0.0652351379394531 -0.0569114685058594
0.404449462890625 0.2574462890625 0.1724853515625 -0.24871826171875
0.42938232421875 0.089202880859375 0.254302978515625 -0.121505737304688
0.394927978515625 -0.0858154296875 0.239120483398438 -0.163619995117188
0.22064208984375 -0.283905029296875 0.133102416992187 -0.2789306640625
0.00903320312499999 -0.308929443359375 -0.0205841064453125 -0.247268676757813
-0.18621826171875 -0.234893798828125 -0.145294189453125 -0.158401489257813
-0.27203369140625 -0.121383666992188 -0.152313232421875 -0.0740509033203125
-0.257888793945313 -0.107498168945312 -0.0867462158203125 -0.0236358642578125
-0.288482666015625 -0.113983154296875 -0.0173168182373047 -0.0114650726318359
-0.254776000976563 -0.183456420898438 0.00421810150146483 0.00524854660034179
-0.127471923828125 -0.2847900390625 0.0402984619140625 0.057708740234375
0.026397705078125 -0.31689453125 -0.00148010253906249 0.084320068359375
0.285614013671875 -0.203948974609375 -0.0899581909179688 0.096466064453125
0.425079345703125 -0.04241943359375 -0.0847625732421875 -0.013427734375
0.4234619140625 0.13433837890625 0.0623817443847656 -0.00632095336914062
0.307861328125 0.313201904296875 0.30865478515625 -0.13958740234375
0.391082763671875 0.1878662109375 0.364898681640625 -0.056243896484375
0.416900634765625 0.00103759765625 0.283111572265625 -0.120391845703125
0.28326416015625 -0.24774169921875 0.17413330078125 -0.208526611328125
0.059356689453125 -0.32012939453125 0.0435943603515625 -0.172988891601563
-0.17138671875 -0.272598266601563 -0.0449142456054688 -0.104934692382813
-0.272674560546875 -0.150070190429688 -0.0361366271972657 -0.0519905090332031
-0.260604858398438 -0.127517700195313 0.0217323303222656 -0.0172405242919922
-0.2955322265625 -0.13470458984375 0.08404541015625 0.00346374511718749
-0.257904052734375 -0.201522827148437 0.0885696411132812 0.039947509765625
-0.11590576171875 -0.2977294921875 0.0929489135742187 0.0954513549804687
0.048126220703125 -0.31585693359375 0.0235977172851563 0.111000061035156
0.300262451171875 -0.166168212890625 -0.0641403198242187 0.0941543579101562
0.40447998046875 0.02166748046875 -0.00387763977050779 -0.0206832885742188
0.361602783203125 0.192474365234375 0.174606323242188 0.0600738525390625
0.153900146484375 0.30517578125 0.394805908203125 -0.029022216796875
0.26300048828125 0.23907470703125 0.429931640625 0.0137939453125
0.337127685546875 0.086578369140625 0.294189453125 -0.076751708984375
0.279022216796875 -0.154937744140625 0.1846923828125 -0.131301879882812
0.0941009521484375 -0.263534545898437 0.0844955444335937 -0.0904541015625
-0.124404907226563 -0.25750732421875 0.0425529479980469 -0.0432090759277344
-0.2286376953125 -0.153610229492188 0.0751876831054687 -0.02288818359375
-0.221939086914063 -0.127838134765625 0.125404357910156 -0.00749969482421876
-0.260055541992188 -0.135543823242187 0.180908203125 0.0192718505859375
-0.226669311523438 -0.194015502929688 0.170608520507812 0.077972412109375
-0.0886383056640625 -0.278396606445313 0.141372680664063 0.138671875
0.067962646484375 -0.282073974609375 0.04132080078125 0.144180297851562
0.2923583984375 -0.11199951171875 -0.046875 0.0984573364257813
0.350067138671875 0.090972900390625 0.0634727478027344 -0.00963973999023437
0.257766723632813 0.237335205078125 0.259475708007813 0.144561767578125
-0.0251617431640625 0.24566650390625 0.419830322265625 0.055999755859375
0.090423583984375 0.235122680664063 0.439361572265625 0.058868408203125
0.190887451171875 0.141220092773438 0.276168823242187 -0.05316162109375
0.2138671875 -0.0435028076171875 0.170486450195312 -0.0723114013671875
0.103286743164063 -0.160598754882813 0.099639892578125 -0.0255355834960938
-0.0606231689453125 -0.194732666015625 0.105224609375 0.00936889648437499
-0.150314331054688 -0.130203247070313 0.160720825195313 0.00428771972656249
-0.1531982421875 -0.107498168945312 0.210479736328125 0.00205993652343749
-0.18682861328125 -0.116531372070312 0.261550903320313 0.036590576171875
-0.164810180664063 -0.162673950195312 0.24041748046875 0.117782592773437
-0.052764892578125 -0.225494384765625 0.178680419921875 0.183303833007812
0.0784149169921875 -0.218704223632813 0.0521240234375 0.182449340820313
0.250274658203125 -0.0460357666015625 -0.0389480590820312 0.113395690917969
0.252151489257813 0.145095825195312 0.110946655273438 0.0239334106445313
0.121597290039063 0.252090454101563 0.302886962890625 0.238677978515625
0.0454559326171875 -0.170730590820313 -0.30877685546875 -0.22393798828125
-0.128982543945313 -0.125900268554688 -0.103668212890625 -0.0643157958984375
-0.149871826171875 0.0256500244140625 0.0305709838867187 -0.122146606445313
-0.0686874389648437 0.116279602050781 -0.0534210205078125 -0.232803344726562
0.0242385864257812 0.12554931640625 -0.210342407226563 -0.2061767578125
0.103103637695313 0.0892791748046875 -0.319732666015625 -0.103271484375
0.0859375 0.060943603515625 -0.3189697265625 -0.00158691406250006
0.0613822937011719 0.0681571960449219 -0.255569458007813 0.0212860107421875
0.0638275146484375 0.0913238525390625 -0.2020263671875 0.0064544677734375
-0.01214599609375 0.106208801269531 -0.15606689453125 -0.00579833984374998
-0.0993270874023438 0.0644149780273438 -0.106864929199219 0.00895690917968749
-0.12078857421875 -0.037109375 -0.142288208007813 0.03662109375
-0.0472259521484375 -0.166473388671875 -0.266815185546875 0.0340576171875
0.0660400390625 -0.202590942382813 -0.401763916015625 -0.0213928222656251
0.150497436523438 -0.152877807617188 -0.384613037109375 -0.07916259765625
0.204483032226563 -0.107376098632812 -0.263671875 -0.284515380859375
0.026519775390625 -0.147186279296875 -0.07763671875 -0.106986999511719
-0.0397911071777344 -0.0579452514648438 0.0507049560546875 -0.150970458984375
-0.0444068908691406 -0.00345993041992188 -0.041259765625 -0.27410888671875
-0.019134521484375 0.0232887268066406 -0.208267211914063 -0.243942260742188
0.00496673583984375 0.02777099609375 -0.334716796875 -0.12994384765625
-0.0263919830322266 0.034698486328125 -0.340789794921875 -0.0137939453125001
-0.041290283203125 0.0341567993164063 -0.2681884765625 0.0183868408203125
-0.0483436584472656 0.0441246032714844 -0.207962036132813 -0.00120544433593747
-0.0917739868164063 0.0189666748046875 -0.159469604492188 -0.020599365234375
-0.111351013183594 -0.0502777099609375 -0.0913848876953125 0.00241851806640626
-0.068450927734375 -0.13690185546875 -0.109588623046875 0.0361785888671875
0.080352783203125 -0.193588256835938 -0.220230102539062 0.060546875
0.217941284179688 -0.173049926757813 -0.34210205078125 0.000274658203125027
0.289154052734375 -0.08660888671875 -0.310150146484375 -0.0885314941406249
0.339263916015625 -0.011810302734375 -0.164031982421875 -0.317901611328125
0.198516845703125 -0.126785278320313 -0.00773620605468749 -0.142730712890625
0.104408264160156 -0.128219604492188 0.0913543701171875 -0.177398681640625
0.00870513916015624 -0.135032653808594 -0.00973510742187501 -0.3038330078125
-0.0500030517578125 -0.0973587036132812 -0.177261352539062 -0.267288208007813
-0.0929718017578125 -0.0494842529296875 -0.310150146484375 -0.150054931640625
-0.136161804199219 -0.0017547607421875 -0.3197021484375 -0.0310058593749999
-0.139358520507813 -0.00325012207031249 -0.240997314453125 0.0115814208984375
-0.155029296875 -0.00215148925781253 -0.174468994140625 -0.00425720214843753
-0.167449951171875 -0.054718017578125 -0.131248474121094 -0.0184173583984375
-0.130416870117187 -0.146804809570313 -0.0586357116699219 0.0131912231445312
-0.0399627685546875 -0.22021484375 -0.0717697143554688 0.04913330078125
0.167388916015625 -0.222610473632813 -0.167633056640625 0.0877838134765625
0.3251953125 -0.15472412109375 -0.261306762695313 0.016265869140625
0.38360595703125 -0.02874755859375 -0.20318603515625 -0.0746612548828125
0.418609619140625 0.10003662109375 -0.02239990234375 -0.307769775390625
0.346832275390625 -0.061004638671875 0.10107421875 -0.155181884765625
0.258010864257813 -0.159576416015625 0.151351928710938 -0.188369750976563
0.0895233154296875 -0.246551513671875 0.042205810546875 -0.30902099609375
-0.0545196533203125 -0.215286254882813 -0.118133544921875 -0.267105102539063
-0.169662475585938 -0.134201049804688 -0.246856689453125 -0.153549194335937
-0.224380493164063 -0.0438079833984375 -0.252960205078125 -0.0445556640625
-0.216552734375 -0.0399627685546875 -0.175888061523438 0.00204467773437503
-0.240921020507813 -0.04278564453125 -0.106552124023438 -0.00423431396484376
-0.230056762695313 -0.109451293945312 -0.07501220703125 -0.00512695312500002
-0.149795532226563 -0.216995239257812 -0.0128021240234375 0.0330066680908203
-0.0270233154296875 -0.2796630859375 -0.0328407287597656 0.0656280517578125
0.221023559570313 -0.24005126953125 -0.118812561035156 0.100929260253906
0.385406494140625 -0.133392333984375 -0.17327880859375 0.012847900390625
0.4287109375 0.023895263671875 -0.0776138305664062 -0.0499954223632813
0.419464111328125 0.201690673828125 0.137115478515625 -0.252609252929688
0.42181396484375 0.03753662109375 0.228744506835938 -0.135589599609375
0.3734130859375 -0.130035400390625 0.2132568359375 -0.17437744140625
0.180328369140625 -0.298736572265625 0.102523803710938 -0.275634765625
-0.02740478515625 -0.29644775390625 -0.04248046875 -0.232513427734375
-0.205734252929688 -0.205062866210938 -0.152786254882813 -0.13629150390625
-0.274993896484375 -0.08306884765625 -0.153121948242188 -0.050323486328125
-0.260330200195312 -0.070587158203125 -0.084625244140625 -0.00769042968750002
-0.291900634765625 -0.072906494140625 -0.0163307189941406 -0.00386142730712891
-0.267135620117188 -0.14447021484375 0.00229263305664061 0.0136394500732422
-0.157196044921875 -0.259048461914063 0.0412330627441406 0.0576705932617187
-0.012451171875 -0.308990478515625 0.00128173828125 0.0847549438476562
0.2537841796875 -0.231063842773437 -0.0816574096679687 0.100631713867187
0.4063720703125 -0.090423583984375 -0.0892486572265625 -0.00559997558593749
0.421875 0.08172607421875 0.0509109497070313 -0.0147056579589844
0.334136962890625 0.26507568359375 0.27923583984375 -0.161849975585938
0.397186279296875 0.136138916015625 0.3402099609375 -0.083221435546875
0.404205322265625 -0.049407958984375 0.259429931640625 -0.136886596679688
0.243789672851562 -0.27117919921875 0.14801025390625 -0.2115478515625
0.017242431640625 -0.312774658203125 0.02728271484375 -0.16864013671875
-0.197021484375 -0.241043090820313 -0.0507125854492188 -0.0974044799804688
-0.278427124023438 -0.109664916992188 -0.0393829345703125 -0.0438804626464844
-0.263992309570313 -0.088409423828125 0.0190315246582031 -0.0144939422607422
-0.30035400390625 -0.0909423828125 0.082672119140625 -0.00211334228515626
-0.272430419921875 -0.160369873046875 0.0878524780273437 0.03558349609375
-0.147903442382813 -0.271697998046875 0.097381591796875 0.088104248046875
0.00765991210937497 -0.30877685546875 0.0296096801757813 0.108268737792969
0.27154541015625 -0.196975708007813 -0.0564651489257813 0.0977401733398437
0.3929443359375 -0.02862548828125 -0.0125350952148437 -0.0208415985107422
0.368896484375 0.1435546875 0.167327880859375 0.037017822265625
0.186767578125 0.274765014648438 0.375213623046875 -0.064453125
0.281524658203125 0.19830322265625 0.41015625 -0.0238037109375
0.337127685546875 0.040618896484375 0.273483276367188 -0.0965576171875
0.248870849609375 -0.183639526367188 0.1668701171875 -0.139846801757813
0.056243896484375 -0.262191772460938 0.0756607055664063 -0.0954360961914063
-0.15081787109375 -0.230072021484375 0.0400199890136719 -0.0488433837890625
-0.237167358398438 -0.116500854492188 0.0690460205078125 -0.0297622680664063
-0.2281494140625 -0.0923919677734375 0.118629455566406 -0.0193405151367188
-0.26580810546875 -0.09515380859375 0.17706298828125 -9.15527343750058E-05
-0.241241455078125 -0.15631103515625 0.17132568359375 0.0606231689453125
-0.119964599609375 -0.255264282226563 0.149368286132813 0.121688842773437
0.0298004150390625 -0.278518676757813 0.0524444580078125 0.137672424316406
0.268112182617188 -0.142807006835938 -0.0394973754882812 0.100776672363281
0.346649169921875 0.043701171875 0.0537605285644531 -0.0177536010742187
0.274520874023438 0.195953369140625 0.258865356445313 0.108306884765625
0.00932312011718751 0.2362060546875 0.409912109375 0.01434326171875
0.115615844726562 0.212127685546875 0.4246826171875 0.018280029296875
0.20220947265625 0.10888671875 0.259445190429688 -0.0709991455078125
0.198348999023438 -0.0699462890625 0.161178588867188 -0.0811920166015625
0.0762176513671875 -0.165359497070312 0.097869873046875 -0.0359115600585938
-0.0832366943359375 -0.17620849609375 0.106208801269531 -0.00692749023437501
-0.158721923828125 -0.1026611328125 0.154006958007813 -0.014984130859375
-0.159027099609375 -0.0809478759765625 0.200424194335938 -0.020904541015625
-0.192367553710937 -0.0859375 0.254730224609375 0.00604248046874999
-0.176895141601562 -0.1326904296875 0.242721557617187 0.088836669921875
-0.078887939453125 -0.208282470703125 0.19097900390625 0.159408569335938
0.047607421875 -0.217025756835938 0.0673370361328125 0.171798706054688
0.234207153320313 -0.0748138427734375 -0.030029296875 0.113143920898438
0.258453369140625 0.10723876953125 0.101982116699219 0.00807189941406251
0.144027709960938 0.22418212890625 0.313690185546875 0.1932373046875
0.0289459228515625 -0.162384033203125 -0.310028076171875 -0.1881103515625
-0.130630493164063 -0.106101989746094 -0.099334716796875 -0.0508346557617188
-0.137702941894531 0.0371475219726562 0.025604248046875 -0.118034362792969
-0.0538330078125 0.115242004394531 -0.0652923583984375 -0.21905517578125
0.035736083984375 0.113471984863281 -0.2130126953125 -0.179641723632813
0.104423522949219 0.0709304809570313 -0.309661865234375 -0.071441650390625
0.0863113403320313 0.0466461181640625 -0.302001953125 0.024932861328125
0.0635452270507813 0.0576820373535156 -0.238601684570312 0.0418243408203125
0.0670242309570313 0.0772323608398438 -0.190689086914063 0.025970458984375
5.34057617187513E-05 0.0987625122070313 -0.148818969726563 0.0118865966796875
-0.0841598510742188 0.069549560546875 -0.107246398925781 0.0180892944335938
-0.115371704101563 -0.0239181518554688 -0.139007568359375 0.041900634765625
-0.05853271484375 -0.15069580078125 -0.252304077148438 0.0443572998046875
0.043914794921875 -0.193572998046875 -0.382598876953125 0.00457763671875004
0.1279296875 -0.154434204101563 -0.3739013671875 -0.0500488281249999
0.185028076171875 -0.115036010742188 -0.272506713867187 -0.248779296875
0.0152130126953125 -0.138755798339844 -0.0783767700195312 -0.0916824340820313
-0.03985595703125 -0.0516624450683594 0.0424346923828125 -0.145706176757813
-0.039764404296875 -0.00116729736328125 -0.056640625 -0.257705688476563
-0.01416015625 0.0214786529541016 -0.212921142578125 -0.214080810546875
0.00585365295410156 0.0211410522460938 -0.325836181640625 -0.0952758789062501
-0.0230312347412109 0.0323600769042969 -0.322601318359375 0.015289306640625
-0.0363540649414062 0.0348052978515625 -0.250198364257813 0.041717529296875
-0.0435943603515625 0.0429611206054688 -0.196243286132813 0.0208587646484375
-0.0842514038085938 0.0233535766601563 -0.154449462890625 0.000259399414062468
-0.106842041015625 -0.0388107299804688 -0.0934295654296875 0.0128173828125
-0.0734405517578125 -0.123451232910156 -0.108749389648438 0.0403900146484375
0.06121826171875 -0.187469482421875 -0.207473754882813 0.06707763671875
0.192047119140625 -0.1783447265625 -0.325897216796875 0.02081298828125
0.265823364257813 -0.101089477539063 -0.306610107421875 -0.063446044921875
0.32080078125 -0.0362548828125 -0.1812744140625 -0.286163330078125
0.179885864257813 -0.133407592773437 -0.015655517578125 -0.128822326660156
0.091888427734375 -0.131378173828125 0.07891845703125 -0.1717529296875
-0.000556945800781237 -0.130294799804687 -0.027313232421875 -0.286712646484375
-0.05401611328125 -0.089599609375 -0.185287475585937 -0.239181518554688
-0.092864990234375 -0.04327392578125 -0.303497314453125 -0.11651611328125
-0.129783630371094 0.0084991455078125 -0.302581787109375 -0.00109863281249995
-0.132133483886719 0.00800323486328125 -0.22412109375 0.0341949462890625
-0.148513793945313 0.00967407226562499 -0.164398193359375 0.0160980224609375
-0.162872314453125 -0.0393829345703125 -0.127510070800781 0.00252532958984373
-0.134361267089844 -0.128799438476563 -0.0612983703613281 0.0223541259765625
-0.0537261962890625 -0.206100463867188 -0.0721817016601563 0.0526657104492187
0.142593383789063 -0.224136352539063 -0.157150268554688 0.0907745361328125
0.2967529296875 -0.1715087890625 -0.25006103515625 0.0316162109375
0.361297607421875 -0.054718017578125 -0.205596923828125 -0.0576324462890625
0.4061279296875 0.0625 -0.045989990234375 -0.287200927734375
0.32421875 -0.084197998046875 0.085845947265625 -0.147384643554688
0.234451293945313 -0.17401123046875 0.133148193359375 -0.184677124023438
0.0669097900390625 -0.242660522460938 0.0220947265625 -0.294189453125
-0.0683441162109375 -0.200775146484375 -0.128311157226563 -0.243133544921875
-0.172286987304688 -0.115097045898438 -0.242691040039063 -0.12664794921875
-0.216323852539063 -0.0223541259765625 -0.2410888671875 -0.0193328857421875
-0.208694458007813 -0.018890380859375 -0.163864135742187 0.0203094482421875
-0.233551025390625 -0.0193023681640625 -0.0995635986328125 0.00997161865234373
-0.228439331054687 -0.084228515625 -0.0725784301757813 0.0103225708007812
-0.160675048828125 -0.193588256835938 -0.0145835876464844 0.0384597778320312
-0.0479736328125 -0.263595581054688 -0.0330390930175781 0.0670585632324219
0.193069458007813 -0.246810913085938 -0.110694885253906 0.101791381835937
0.357147216796875 -0.15802001953125 -0.168380737304687 0.02203369140625
0.409149169921875 -0.008697509765625 -0.0855636596679687 -0.0427017211914062
0.415924072265625 0.158111572265625 0.109664916992188 -0.246063232421875
0.404388427734375 0.00250244140625 0.2059326171875 -0.13739013671875
0.346893310546875 -0.156494140625 0.192535400390625 -0.173660278320312
0.148193359375 -0.300628662109375 0.080902099609375 -0.266082763671875
-0.0506591796875 -0.278717041015625 -0.053466796875 -0.215789794921875
-0.212692260742187 -0.179183959960938 -0.15185546875 -0.118255615234375
-0.266677856445313 -0.055084228515625 -0.147750854492188 -0.0329132080078125
-0.251983642578125 -0.0430145263671875 -0.0785598754882813 0.00377655029296876
-0.283782958984375 -0.0428161621093749 -0.0142145156860352 0.00215148925781249
-0.267166137695313 -0.113067626953125 0.00232505798339842 0.020843505859375
-0.172714233398438 -0.2325439453125 0.0405311584472656 0.0579795837402344
-0.037933349609375 -0.293914794921875 0.00258636474609374 0.0837631225585937
0.224822998046875 -0.242202758789063 -0.0748519897460938 0.100654602050781
0.3807373046875 -0.1212158203125 -0.0908660888671875 -0.000213623046875016
0.406890869140625 0.0458984375 0.0388832092285157 -0.0183181762695312
0.340850830078125 0.2236328125 0.252059936523438 -0.170013427734375
0.3883056640625 0.09686279296875 0.3153076171875 -0.09710693359375
0.383056640625 -0.083770751953125 0.237350463867188 -0.141021728515625
0.209793090820313 -0.280426025390625 0.129058837890625 -0.207015991210938
-0.010162353515625 -0.29693603515625 0.01751708984375 -0.161209106445313
-0.207672119140625 -0.212081909179688 -0.0520401000976562 -0.0901641845703125
-0.27239990234375 -0.07830810546875 -0.039154052734375 -0.0364341735839844
-0.257476806640625 -0.0587921142578124 0.0183258056640625 -0.0119953155517578
-0.29339599609375 -0.057525634765625 0.0793228149414062 -0.00574493408203125
-0.272537231445313 -0.12646484375 0.0857696533203125 0.0333938598632812
-0.166458129882813 -0.24517822265625 0.0978775024414062 0.0811080932617187
-0.01971435546875 -0.294464111328125 0.0330123901367188 0.104171752929687
0.243545532226563 -0.212493896484375 -0.0509567260742187 0.0972976684570312
0.373016357421875 -0.06256103515625 -0.0193252563476562 -0.0199794769287109
0.360931396484375 0.106597900390625 0.154129028320313 0.0218963623046875
0.203140258789063 0.244003295898438 0.35186767578125 -0.084014892578125
0.284210205078125 0.1641845703125 0.385009765625 -0.0443115234375
0.325714111328125 0.0068359375 0.252899169921875 -0.10296630859375
0.220382690429688 -0.196807861328125 0.15234375 -0.140060424804688
0.029266357421875 -0.252029418945313 0.0684814453125 -0.0966796875
-0.164306640625 -0.20355224609375 0.0374526977539062 -0.0527305603027344
-0.233306884765625 -0.0877227783203125 0.0635757446289062 -0.0330734252929688
-0.22369384765625 -0.0648956298828125 0.11077880859375 -0.0255050659179688
-0.26080322265625 -0.0640869140625 0.168731689453125 -0.0122833251953125
-0.243408203125 -0.125091552734375 0.166854858398437 0.049041748046875
-0.137954711914062 -0.230941772460937 0.150955200195313 0.108749389648438
0.00334167480468753 -0.266616821289063 0.0584564208984375 0.130203247070312
0.244140625 -0.15985107421875 -0.0343780517578125 0.0991058349609375
0.333282470703125 0.00897216796875 0.0435295104980469 -0.0228195190429688
0.27532958984375 0.162384033203125 0.24871826171875 0.0816192626953125
0.03240966796875 0.221908569335938 0.39251708984375 -0.011749267578125
0.128173828125 0.189422607421875 0.4022216796875 -0.00790405273437499
0.203262329101563 0.0824432373046875 0.241180419921875 -0.0778045654296875
0.180526733398438 -0.0863494873046875 0.151397705078125 -0.085205078125
0.0555877685546875 -0.161880493164062 0.0953292846679687 -0.0425186157226563
-0.09552001953125 -0.157379150390625 0.102584838867187 -0.0193328857421875
-0.157638549804688 -0.0803680419921875 0.143997192382812 -0.027374267578125
-0.157196044921875 -0.0600738525390625 0.186203002929688 -0.03497314453125
-0.189895629882813 -0.061553955078125 0.242034912109375 -0.0140380859375
-0.179977416992187 -0.107208251953125 0.236984252929688 0.0680694580078125
-0.094207763671875 -0.1895751953125 0.1939697265625 0.138885498046875
0.025177001953125 -0.208740234375 0.074981689453125 0.161148071289063
0.216323852539063 -0.09149169921875 -0.0241546630859375 0.11041259765625
0.25372314453125 0.0765838623046875 0.0915069580078125 -0.00215911865234375
0.15386962890625 0.197998046875 0.30828857421875 0.1575927734375
0.018341064453125 -0.155609130859375 -0.309417724609375 -0.164215087890625
-0.129791259765625 -0.0927810668945313 -0.095245361328125 -0.0424652099609375
-0.128334045410156 0.0447235107421875 0.0234146118164062 -0.116119384765625
-0.0435256958007813 0.113258361816406 -0.07086181640625 -0.210296630859375
0.042938232421875 0.104438781738281 -0.211883544921875 -0.162506103515625
0.103370666503906 0.0579757690429688 -0.29949951171875 -0.05126953125
0.0844955444335937 0.0365982055664062 -0.28851318359375 0.040771484375
0.0643806457519531 0.0496025085449219 -0.226104736328125 0.054412841796875
0.0675621032714844 0.0672531127929688 -0.181365966796875 0.039398193359375
0.00773620605468751 0.091949462890625 -0.142532348632813 0.022857666015625
-0.072723388671875 0.0712966918945313 -0.108184814453125 0.0255966186523438
-0.110435485839844 -0.0151214599609375 -0.138397216796875 0.0450668334960938
-0.06549072265625 -0.138557434082031 -0.242889404296875 0.0483856201171875
0.0295562744140625 -0.185150146484375 -0.368927001953125 0.0181884765625
0.113571166992187 -0.152862548828125 -0.365997314453125 -0.0321350097656249
0.171463012695313 -0.118789672851563 -0.275909423828125 -0.224578857421875
0.00871276855468751 -0.132194519042969 -0.07659912109375 -0.0816421508789063
-0.0384941101074219 -0.0477523803710937 0.0386962890625 -0.141632080078125
-0.0367851257324219 6.10351562499997E-05 -0.0642547607421875 -0.2469482421875
-0.0108909606933594 0.0187015533447266 -0.213104248046875 -0.19537353515625
0.00502967834472656 0.0156707763671875 -0.31634521484375 -0.07373046875
-0.0212173461914063 0.0297203063964844 -0.3082275390625 0.0344238281250001
-0.0331268310546875 0.0344371795654297 -0.2359619140625 0.0561981201171875
-0.040802001953125 0.0420112609863281 -0.186386108398438 0.0353546142578125
-0.0783157348632813 0.0255355834960937 -0.148880004882813 0.01519775390625
-0.101600646972656 -0.0318984985351563 -0.0953216552734375 0.021453857421875
-0.0755996704101563 -0.114501953125 -0.109481811523438 0.0435714721679687
0.049468994140625 -0.181289672851563 -0.199111938476563 0.0686187744140624
0.173583984375 -0.179733276367188 -0.31475830078125 0.031585693359375
0.249847412109375 -0.109146118164063 -0.3035888671875 -0.04791259765625
0.30804443359375 -0.050567626953125 -0.189956665039062 -0.264739990234375
0.1658935546875 -0.137130737304688 -0.01910400390625 -0.118782043457031
0.083831787109375 -0.133071899414063 0.0727996826171875 -0.167190551757813
-0.00621032714843749 -0.127113342285156 -0.0373992919921875 -0.27484130859375
-0.0560150146484375 -0.086029052734375 -0.187240600585937 -0.219680786132813
-0.0931396484375 -0.0402755737304687 -0.296051025390625 -0.09552001953125
-0.124290466308594 0.0133590698242188 -0.288970947265625 0.0178222656249999
-0.127174377441406 0.0150299072265625 -0.210433959960937 0.0476226806640625
-0.143936157226563 0.0173492431640625 -0.1551513671875 0.0289154052734375
-0.159439086914062 -0.0295867919921875 -0.123123168945313 0.0170822143554688
-0.135795593261719 -0.116775512695313 -0.06317138671875 0.0306892395019531
-0.0625762939453125 -0.196258544921875 -0.0737075805664062 0.0547027587890625
0.126876831054687 -0.22357177734375 -0.150726318359375 0.090423583984375
0.27667236328125 -0.181289672851563 -0.243057250976562 0.0389251708984375
0.345550537109375 -0.069793701171875 -0.207901000976562 -0.045684814453125
0.396087646484375 0.03863525390625 -0.0598907470703125 -0.270614624023438
0.308258056640625 -0.09796142578125 0.076202392578125 -0.140235900878906
0.21905517578125 -0.183258056640625 0.123703002929688 -0.179183959960938
0.0520172119140625 -0.239761352539063 0.01019287109375 -0.282257080078125
-0.076263427734375 -0.190414428710938 -0.131988525390625 -0.226333618164063
-0.17364501953125 -0.10382080078125 -0.238113403320313 -0.108627319335937
-0.209732055664063 -0.00946044921875001 -0.231094360351563 -0.00283813476562497
-0.201400756835938 -0.00518798828124999 -0.153289794921875 0.0323028564453125
-0.227508544921875 -0.00398254394531255 -0.0931396484375 0.0192413330078125
-0.22576904296875 -0.067840576171875 -0.0698585510253906 0.0219879150390625
-0.166778564453125 -0.177520751953125 -0.0156974792480469 0.0448188781738281
-0.0614471435546875 -0.252777099609375 -0.033966064453125 0.0688285827636719
0.173751831054688 -0.251251220703125 -0.106033325195313 0.1015625
0.3367919921875 -0.17413330078125 -0.16632080078125 0.027923583984375
0.394561767578125 -0.02801513671875 -0.092193603515625 -0.03668212890625
0.411224365234375 0.12890625 0.092742919921875 -0.238937377929688
0.388916015625 -0.01959228515625 0.19189453125 -0.135223388671875
0.327789306640625 -0.1732177734375 0.180953979492188 -0.170730590820313
0.1265869140625 -0.300201416015625 0.0687103271484375 -0.256622314453125
-0.06427001953125 -0.265365600585938 -0.0593109130859375 -0.204010009765625
-0.216537475585938 -0.160385131835937 -0.15093994140625 -0.106658935546875
-0.259658813476563 -0.036376953125 -0.141815185546875 -0.0214385986328125
-0.245071411132812 -0.0255126953125 -0.0728607177734375 0.01165771484375
-0.276596069335938 -0.022125244140625 -0.0117673873901367 0.0065622329711914
-0.265182495117188 -0.0912628173828125 0.00350952148437499 0.0272731781005859
-0.182601928710938 -0.213790893554687 0.039886474609375 0.059661865234375
-0.0552978515625 -0.28216552734375 0.00258636474609374 0.0835952758789062
0.205230712890625 -0.250106811523438 -0.0721588134765625 0.0997848510742187
0.361358642578125 -0.141387939453125 -0.0931243896484375 0.00310516357421874
0.39544677734375 0.02264404296875 0.0296192169189453 -0.0188140869140625
0.34375 0.196563720703125 0.234054565429688 -0.173049926757813
0.38055419921875 0.070953369140625 0.297760009765625 -0.101959228515625
0.365814208984375 -0.106201171875 0.22430419921875 -0.139846801757813
0.18487548828125 -0.2841796875 0.118179321289063 -0.20233154296875
-0.027587890625 -0.285400390625 0.0117950439453125 -0.15570068359375
-0.213729858398438 -0.191452026367188 -0.0528945922851563 -0.0857391357421875
-0.26617431640625 -0.0577239990234375 -0.0389060974121094 -0.0313873291015625
-0.2508544921875 -0.0394439697265625 0.0182113647460937 -0.00984954833984375
-0.28704833984375 -0.035797119140625 0.077301025390625 -0.00762939453125
-0.272125244140625 -0.10302734375 0.0848007202148437 0.0332412719726562
-0.177078247070313 -0.225936889648437 0.0980987548828125 0.0773544311523437
-0.03802490234375 -0.2835693359375 0.0347366333007812 0.101699829101562
0.223617553710938 -0.222427368164063 -0.0480728149414062 0.096038818359375
0.357025146484375 -0.08502197265625 -0.0256423950195312 -0.0189685821533203
0.3544921875 0.082305908203125 0.1441650390625 0.0132598876953125
0.212570190429687 0.222808837890625 0.33624267578125 -0.095916748046875
0.284149169921875 0.14068603515625 0.3675537109375 -0.05548095703125
0.31610107421875 -0.01611328125 0.241012573242188 -0.103805541992188
0.199737548828125 -0.206161499023438 0.14410400390625 -0.138275146484375
0.0118865966796875 -0.243637084960938 0.0649642944335938 -0.0968170166015625
-0.171432495117188 -0.184402465820312 0.0349693298339844 -0.0559120178222656
-0.229171752929688 -0.067413330078125 0.0598335266113281 -0.0348968505859375
-0.218338012695313 -0.0471343994140625 0.105117797851562 -0.0284347534179687
-0.254501342773438 -0.042877197265625 0.162155151367187 -0.0200958251953125
-0.24212646484375 -0.102554321289062 0.163681030273437 0.0421142578125
-0.149002075195312 -0.213226318359375 0.151458740234375 0.099517822265625
-0.013671875 -0.25653076171875 0.0612258911132812 0.124984741210937
0.226654052734375 -0.171600341796875 -0.0320281982421875 0.0980758666992187
0.32269287109375 -0.01422119140625 0.0346717834472656 -0.0244960784912109
0.273941040039063 0.139907836914063 0.239547729492188 0.0660247802734375
0.0470428466796875 0.209915161132813 0.38092041015625 -0.0277099609375
0.136154174804688 0.173355102539063 0.386138916015625 -0.02154541015625
0.201553344726562 0.0634765625 0.230972290039063 -0.0788116455078125
0.166885375976563 -0.0970458984375 0.1466064453125 -0.0860443115234375
0.040924072265625 -0.157974243164063 0.093109130859375 -0.0480270385742188
-0.103118896484375 -0.143142700195313 0.0992813110351563 -0.0280075073242188
-0.156570434570312 -0.0651702880859375 0.136672973632813 -0.0344085693359375
-0.15411376953125 -0.045806884765625 0.175506591796875 -0.0424957275390625
-0.185760498046875 -0.0445098876953125 0.232284545898438 -0.026947021484375
-0.179122924804688 -0.0894012451171875 0.231597900390625 0.0550079345703125
-0.103485107421875 -0.17486572265625 0.194473266601563 0.125381469726563
0.01043701171875 -0.201370239257813 0.079010009765625 0.153274536132813
0.202590942382813 -0.102752685546875 -0.0218887329101562 0.108261108398437
0.247955322265625 0.0555877685546875 0.0818252563476563 -0.0081024169921875
0.157485961914063 0.179489135742188 0.3021240234375 0.134979248046875
0.010009765625 -0.152313232421875 -0.313873291015625 -0.147705078125
-0.1314697265625 -0.0840530395507812 -0.0937881469726563 -0.0363235473632813
-0.122085571289063 0.0515518188476563 0.0217971801757812 -0.116706848144531
-0.0348968505859375 0.114158630371094 -0.0774688720703125 -0.206451416015625
0.0478973388671875 0.0977249145507813 -0.214096069335938 -0.1524658203125
0.102386474609375 0.0482025146484375 -0.295989990234375 -0.036865234375
0.0839996337890625 0.028289794921875 -0.2818603515625 0.0545349121093751
0.0666542053222656 0.0440826416015625 -0.219558715820313 0.066162109375
0.0693702697753906 0.0605506896972656 -0.174880981445313 0.0497283935546875
0.0135879516601563 0.0874710083007813 -0.139076232910156 0.033111572265625
-0.06500244140625 0.0731353759765625 -0.110649108886719 0.0328445434570313
-0.107818603515625 -0.00866699218749999 -0.141128540039063 0.0486907958984375
-0.0711517333984375 -0.130195617675781 -0.239898681640625 0.05181884765625
0.018768310546875 -0.181564331054687 -0.365478515625 0.029083251953125
0.103668212890625 -0.154800415039063 -0.366455078125 -0.01812744140625
0.164520263671875 -0.123626708984375 -0.283721923828125 -0.2088623046875
0.00352478027343749 -0.129730224609375 -0.0767364501953125 -0.0752716064453125
-0.0374870300292969 -0.0455970764160156 0.0363311767578125 -0.1416015625
-0.0344257354736328 0.000276565551757807 -0.0718994140625 -0.24169921875
-0.00856781005859375 0.0158605575561523 -0.215866088867188 -0.183822631835937
0.00334739685058594 0.0116100311279297 -0.313232421875 -0.056854248046875
-0.0204601287841797 0.0283107757568359 -0.300537109375 0.049530029296875
-0.0315284729003906 0.0347652435302734 -0.227401733398438 0.0682373046875
-0.0387115478515625 0.0423164367675781 -0.179962158203125 0.048004150390625
-0.076019287109375 0.0270919799804687 -0.145843505859375 0.0276947021484375
-0.100105285644531 -0.027099609375 -0.0978775024414062 0.0298538208007813
-0.0782852172851562 -0.109214782714844 -0.113693237304688 0.0473403930664063
0.0404205322265625 -0.18048095703125 -0.197677612304688 0.0709991455078125
0.162277221679688 -0.184249877929688 -0.311981201171875 0.040557861328125
0.24176025390625 -0.117416381835938 -0.3072509765625 -0.035675048828125
0.301513671875 -0.06390380859375 -0.200653076171875 -0.25164794921875
0.158050537109375 -0.1417236328125 -0.0214614868164062 -0.113365173339844
0.0784912109375 -0.136581420898438 0.068878173828125 -0.166336059570313
-0.010528564453125 -0.126274108886719 -0.0456695556640625 -0.2696533203125
-0.058807373046875 -0.0839614868164063 -0.190673828125 -0.209625244140625
-0.0959320068359375 -0.038604736328125 -0.2938232421875 -0.080047607421875
-0.122932434082031 0.018524169921875 -0.2821044921875 0.033416748046875
-0.124610900878906 0.0207061767578125 -0.20159912109375 0.06024169921875
-0.142486572265625 0.0244598388671875 -0.14971923828125 0.0409698486328125
-0.159637451171875 -0.021240234375 -0.120590209960938 0.0302352905273438
-0.139266967773438 -0.109329223632813 -0.0646858215332031 0.0395393371582031
-0.070404052734375 -0.19140625 -0.0771026611328125 0.0579757690429687
0.115142822265625 -0.22784423828125 -0.1502685546875 0.0919952392578125
0.264236450195313 -0.192520141601563 -0.242355346679687 0.0458679199218749
0.339111328125 -0.08270263671875 -0.21331787109375 -0.0370635986328125
0.393341064453125 0.02008056640625 -0.0727996826171875 -0.2635498046875
0.300079345703125 -0.11151123046875 0.0717391967773438 -0.137016296386719
0.209396362304687 -0.194000244140625 0.119583129882813 -0.179367065429688
0.040924072265625 -0.240798950195312 0.00120544433593751 -0.278121948242188
-0.08416748046875 -0.185379028320313 -0.136489868164062 -0.217025756835938
-0.178253173828125 -0.0956573486328125 -0.23822021484375 -0.097259521484375
-0.207321166992188 0.000473022460937469 -0.225845336914063 0.010223388671875
-0.199310302734375 0.00549316406250004 -0.147171020507813 0.0416259765625
-0.225250244140625 0.00897216796874999 -0.0887680053710938 0.0282058715820313
-0.227203369140625 -0.053741455078125 -0.0666656494140625 0.0330047607421875
-0.174652099609375 -0.1676025390625 -0.0162200927734375 0.0507888793945312
-0.07281494140625 -0.248748779296875 -0.036163330078125 0.0712890625
0.160720825195312 -0.259231567382813 -0.1058349609375 0.101463317871094
0.32476806640625 -0.191009521484375 -0.167770385742187 0.0331573486328125
0.3892822265625 -0.04388427734375 -0.0991973876953125 -0.0323867797851562
0.41461181640625 0.10772705078125 0.08050537109375 -0.237548828125
0.38330078125 -0.03887939453125 0.184600830078125 -0.136581420898438
0.31689453125 -0.190521240234375 0.175140380859375 -0.17010498046875
0.11004638671875 -0.3045654296875 0.060943603515625 -0.25439453125
-0.0765838623046875 -0.2601318359375 -0.0637359619140625 -0.198532104492188
-0.2236328125 -0.148391723632812 -0.150665283203125 -0.0990905761718751
-0.258285522460938 -0.022491455078125 -0.139358520507813 -0.0129852294921875
-0.242156982421875 -0.0113525390625 -0.0694808959960938 0.0174636840820312
-0.275848388671875 -0.00459289550781249 -0.00994777679443361 0.00977706909179688
-0.268417358398438 -0.0755615234375 0.00587081909179686 0.0339317321777344
-0.19354248046875 -0.2020263671875 0.0413665771484375 0.0629768371582031
-0.069000244140625 -0.277267456054688 0.00270843505859375 0.08477783203125
0.191452026367188 -0.261444091796875 -0.0717926025390625 0.10101318359375
0.3507080078125 -0.16107177734375 -0.0965118408203125 0.00667572021484374
0.393646240234375 0.0057373046875 0.0216903686523438 -0.019287109375
0.352752685546875 0.176422119140625 0.224166870117188 -0.17822265625
0.379486083984375 0.051544189453125 0.2899169921875 -0.107452392578125
0.35882568359375 -0.126007080078125 0.219284057617188 -0.141571044921875
0.1683349609375 -0.29254150390625 0.112167358398438 -0.20159912109375
-0.0424957275390625 -0.2799072265625 0.0089569091796875 -0.154296875
-0.221603393554688 -0.177474975585938 -0.054107666015625 -0.0842971801757813
-0.26531982421875 -0.0418548583984375 -0.03912353515625 -0.0278205871582031
-0.249099731445313 -0.0245361328125 0.0183162689208984 -0.0085601806640625
-0.28564453125 -0.017242431640625 0.0766677856445312 -0.0092010498046875
-0.274276733398438 -0.0841522216796875 0.0860748291015625 0.0347213745117187
-0.18902587890625 -0.212860107421875 0.100616455078125 0.0770721435546875
-0.053070068359375 -0.279296875 0.0369873046875 0.101249694824219
0.210678100585938 -0.23480224609375 -0.0478668212890625 0.0976638793945312
0.349090576171875 -0.10565185546875 -0.0314159393310547 -0.0181522369384766
0.355133056640625 0.06494140625 0.137748718261719 0.0080718994140625
0.224685668945313 0.208282470703125 0.329437255859375 -0.10614013671875
0.288421630859375 0.123443603515625 0.361297607421875 -0.064117431640625
0.31256103515625 -0.035369873046875 0.236618041992188 -0.10595703125
0.185302734375 -0.21685791015625 0.141220092773438 -0.13885498046875
-0.00177001953124999 -0.240615844726563 0.0634918212890625 -0.0985336303710938
-0.179718017578125 -0.17193603515625 0.0329513549804687 -0.0586700439453125
-0.229278564453125 -0.05340576171875 0.0576629638671875 -0.0371360778808594
-0.217178344726563 -0.03228759765625 0.102188110351562 -0.03179931640625
-0.253250122070312 -0.0259246826171875 0.158905029296875 -0.026824951171875
-0.244186401367187 -0.08514404296875 0.164016723632813 0.03753662109375
-0.160720825195312 -0.201080322265625 0.155227661132813 0.094390869140625
-0.0281829833984375 -0.253219604492188 0.065032958984375 0.123870849609375
0.21630859375 -0.184478759765625 -0.03155517578125 0.099700927734375
0.317138671875 -0.033935546875 0.0278701782226563 -0.0262565612792969
0.276840209960938 0.1243896484375 0.235244750976563 0.0551910400390625
0.0598297119140625 0.203338623046875 0.376861572265625 -0.04022216796875
0.144821166992188 0.161605834960938 0.382354736328125 -0.03173828125
0.203109741210938 0.048980712890625 0.227828979492187 -0.0810699462890625
0.157562255859375 -0.10760498046875 0.146484375 -0.088165283203125
0.03094482421875 -0.157943725585938 0.0928726196289063 -0.0528640747070313
-0.110092163085937 -0.132820129394531 0.0970077514648438 -0.0350570678710938
-0.156265258789062 -0.05352783203125 0.132835388183594 -0.04150390625
-0.153518676757813 -0.0347900390625 0.170394897460938 -0.0495452880859375
-0.1851806640625 -0.032073974609375 0.226913452148438 -0.0372314453125
-0.181808471679687 -0.074920654296875 0.231857299804688 0.0446624755859375
-0.112594604492187 -0.165908813476563 0.198211669921875 0.116546630859375
-0.00134277343749999 -0.198562622070313 0.083770751953125 0.150009155273437
0.195114135742188 -0.11370849609375 -0.0200653076171875 0.109375
0.246368408203125 0.0389404296875 0.0758438110351563 -0.0129623413085937
0.1627197265625 0.16778564453125 0.302734375 0.11993408203125
-9.15527343749833E-05 -0.152267456054688 -0.3272705078125 -0.128997802734375
-0.137069702148438 -0.07452392578125 -0.0955734252929688 -0.0295562744140625
-0.116409301757813 0.0599822998046875 0.0190887451171875 -0.11932373046875
-0.0258865356445313 0.115463256835938 -0.0879058837890625 -0.2059326171875
0.0557785034179687 0.0931015014648438 -0.221878051757813 -0.142288208007813
0.103546142578125 0.0383224487304688 -0.298431396484375 -0.01861572265625
0.0840682983398437 0.02081298828125 -0.277908325195313 0.0734710693359376
0.0695075988769531 0.0387954711914063 -0.214141845703125 0.0810241699218751
0.0729751586914063 0.0541152954101563 -0.171783447265625 0.0629425048828125
0.0211181640625 0.083282470703125 -0.136619567871094 0.0448455810546875
-0.0570220947265625 0.0755844116210938 -0.114105224609375 0.0423736572265625
-0.106727600097656 -0.000434875488281256 -0.146240234375 0.0571441650390625
-0.0803604125976563 -0.123451232910156 -0.241012573242187 0.0616912841796875
0.00630187988281248 -0.180572509765625 -0.3670654296875 0.04608154296875
0.09375 -0.1610107421875 -0.374298095703125 0.000976562500000063
0.157562255859375 -0.132980346679688 -0.300750732421875 -0.1917724609375
-0.00457763671874999 -0.128700256347656 -0.0814895629882813 -0.0693511962890625
-0.0383110046386719 -0.0443496704101563 0.0327911376953125 -0.144638061523438
-0.0324859619140625 0.00202560424804687 -0.084228515625 -0.240081787109375
-0.00769329071044922 0.0138645172119141 -0.225112915039063 -0.173629760742187
0.00161027908325195 0.00859308242797851 -0.315643310546875 -0.038238525390625
-0.0207595825195312 0.0271987915039063 -0.2969970703125 0.0703125
-0.0290565490722656 0.0356101989746094 -0.221420288085938 0.084503173828125
-0.0377388000488281 0.0433616638183594 -0.17559814453125 0.062103271484375
-0.0730972290039063 0.0302810668945312 -0.14373779296875 0.04168701171875
-0.099884033203125 -0.0219573974609375 -0.101181030273438 0.0406646728515625
-0.08404541015625 -0.104911804199219 -0.118400573730469 0.0539932250976562
0.0295257568359375 -0.182144165039063 -0.19830322265625 0.07879638671875
0.151016235351563 -0.193557739257813 -0.31427001953125 0.055023193359375
0.23614501953125 -0.132354736328125 -0.31689453125 -0.0192260742187501
0.30035400390625 -0.08154296875 -0.21923828125 -0.238922119140625
0.1505126953125 -0.151779174804688 -0.0269088745117188 -0.109580993652344
0.07147216796875 -0.144699096679687 0.0641021728515625 -0.169647216796875
-0.0180206298828125 -0.128593444824219 -0.058990478515625 -0.26806640625
-0.0638809204101562 -0.08319091796875 -0.201766967773437 -0.200241088867188
-0.102378845214844 -0.034393310546875 -0.29791259765625 -0.063140869140625
-0.123687744140625 0.024749755859375 -0.278976440429688 0.05206298828125
-0.123321533203125 0.0286407470703125 -0.196319580078125 0.0745849609375
-0.142364501953125 0.033782958984375 -0.145248413085938 0.05352783203125
-0.16162109375 -0.0111236572265625 -0.117530822753906 0.0438613891601562
-0.14654541015625 -0.101486206054688 -0.0659027099609375 0.0487174987792969
-0.0828094482421875 -0.1885986328125 -0.0804519653320312 0.0635910034179688
0.10198974609375 -0.236724853515625 -0.150299072265625 0.097015380859375
0.253173828125 -0.210693359375 -0.244308471679687 0.058013916015625
0.3372802734375 -0.10186767578125 -0.2237548828125 -0.0251007080078125
0.3992919921875 -0.004669189453125 -0.08978271484375 -0.259017944335937
0.294830322265625 -0.130218505859375 0.0642471313476563 -0.138114929199219
0.199188232421875 -0.211029052734375 0.114089965820313 -0.183746337890625
0.025390625 -0.247390747070313 -0.0111236572265625 -0.279022216796875
-0.0963592529296875 -0.182708740234375 -0.147567749023438 -0.21087646484375
-0.187942504882813 -0.08563232421875 -0.242691040039063 -0.0833892822265625
-0.208755493164063 0.0137481689453125 -0.224700927734375 0.0256500244140625
-0.199111938476563 0.018829345703125 -0.141921997070313 0.0527191162109375
-0.227142333984375 0.0257720947265625 -0.0855941772460938 0.03656005859375
-0.233184814453125 -0.037567138671875 -0.063323974609375 0.044403076171875
-0.187911987304688 -0.15679931640625 -0.0147705078125 0.058319091796875
-0.0912628173828125 -0.246353149414062 -0.0381622314453125 0.0765838623046875
0.14544677734375 -0.273971557617188 -0.105049133300781 0.106620788574219
0.31396484375 -0.214935302734375 -0.170700073242187 0.0414276123046875
0.391632080078125 -0.0672607421875 -0.107841491699219 -0.0253143310546875
0.425689697265625 0.0810546875 0.0658416748046875 -0.241348266601563
0.38336181640625 -0.06439208984375 0.178939819335938 -0.142578125
0.307403564453125 -0.21527099609375 0.171051025390625 -0.177230834960938
0.088592529296875 -0.316650390625 0.0500335693359375 -0.25732421875
-0.0931854248046875 -0.257705688476563 -0.0726776123046875 -0.196258544921875
-0.236434936523437 -0.135269165039062 -0.15625 -0.0921478271484375
-0.260482788085938 -0.00543212890624997 -0.138809204101563 -0.00229644775390622
-0.2445068359375 0.00500488281250003 -0.066497802734375 0.02374267578125
-0.27777099609375 0.016021728515625 -0.00785732269287111 0.013981819152832
-0.275787353515625 -0.054595947265625 0.00935363769531248 0.0399360656738281
-0.210845947265625 -0.189422607421875 0.0446395874023437 0.0657501220703125
-0.0906219482421875 -0.276687622070312 0.00442504882812499 0.0877456665039062
0.176284790039063 -0.2799072265625 -0.0712127685546875 0.105201721191406
0.34307861328125 -0.188079833984375 -0.102195739746094 0.0112075805664063
0.397918701171875 -0.018585205078125 0.0153083801269531 -0.0200786590576172
0.368255615234375 0.153656005859375 0.216140747070313 -0.191360473632813
0.38623046875 0.026458740234375 0.286865234375 -0.12066650390625
0.35272216796875 -0.15386962890625 0.216217041015625 -0.150009155273438
0.148651123046875 -0.308624267578125 0.105087280273438 -0.208999633789063
-0.061187744140625 -0.279388427734375 0.00236511230468749 -0.154998779296875
-0.23614501953125 -0.162933349609375 -0.0579299926757813 -0.0826339721679688
-0.2686767578125 -0.0236358642578125 -0.0401420593261719 -0.0249710083007813
-0.250732421875 -0.00651550292968754 0.0184440612792969 -0.00704574584960938
-0.287628173828125 0.00497436523437502 0.0771331787109375 -0.0121383666992188
-0.2823486328125 -0.06231689453125 0.09075927734375 0.0339431762695312
-0.2073974609375 -0.199722290039062 0.106788635253906 0.0746231079101562
-0.075531005859375 -0.278427124023437 0.040618896484375 0.102317810058594
0.196746826171875 -0.255172729492188 -0.0476455688476562 0.102279663085938
0.343719482421875 -0.133697509765625 -0.03814697265625 -0.0159187316894531
0.362152099609375 0.043121337890625 0.134346008300781 0.000427246093750003
0.242919921875 0.19293212890625 0.32806396484375 -0.124267578125
0.299346923828125 0.10382080078125 0.361053466796875 -0.081695556640625
0.3128662109375 -0.058929443359375 0.235733032226563 -0.1143798828125
0.16986083984375 -0.231887817382813 0.138656616210938 -0.146636962890625
-0.01953125 -0.24200439453125 0.0602264404296875 -0.104362487792969
-0.193695068359375 -0.1588134765625 0.0308570861816406 -0.0633659362792969
-0.232574462890625 -0.0368499755859375 0.0557136535644531 -0.0404319763183594
-0.219619750976563 -0.016754150390625 0.101409912109375 -0.0365447998046875
-0.25677490234375 -0.00747680664062497 0.158660888671875 -0.036041259765625
-0.252227783203125 -0.0659942626953125 0.169479370117187 0.0311431884765625
-0.177047729492188 -0.190414428710938 0.162734985351563 0.0884246826171875
-0.047821044921875 -0.253448486328125 0.0717239379882813 0.122367858886719
0.204879760742188 -0.202255249023438 -0.0292816162109375 0.102798461914062
0.315582275390625 -0.059112548828125 0.021484375 -0.0282001495361328
0.287506103515625 0.107696533203125 0.237518310546875 0.0418701171875
0.0762176513671875 0.198074340820313 0.380218505859375 -0.0609130859375
0.156951904296875 0.1510009765625 0.3856201171875 -0.04876708984375
0.206924438476563 0.032928466796875 0.227951049804688 -0.0883636474609375
0.148178100585937 -0.122055053710937 0.147048950195313 -0.095367431640625
0.0185089111328125 -0.161117553710938 0.0936965942382813 -0.060028076171875
-0.12091064453125 -0.124076843261719 0.0946044921875 -0.0447921752929688
-0.159881591796875 -0.041229248046875 0.130134582519531 -0.0498046875
-0.155853271484375 -0.02325439453125 0.166900634765625 -0.0593109130859375
-0.1884765625 -0.017364501953125 0.224517822265625 -0.050689697265625
-0.186904907226563 -0.0608367919921875 0.236984252929688 0.032745361328125
-0.1265869140625 -0.157119750976563 0.20733642578125 0.106491088867187
-0.0146484375 -0.199432373046875 0.0929107666015625 0.147933959960938
0.187744140625 -0.128921508789063 -0.0168380737304687 0.112586975097656
0.249267578125 0.019195556640625 0.0693016052246094 -0.0177841186523438
0.173599243164063 0.157470703125 0.3096923828125 0.1015625
-0.0141448974609375 -0.150894165039062 -0.34075927734375 -0.098846435546875
-0.142837524414063 -0.0608673095703125 -0.0971298217773438 -0.018707275390625
-0.108634948730469 0.0701065063476563 0.0126419067382813 -0.121635437011719
-0.013031005859375 0.117118835449219 -0.103622436523438 -0.201080322265625
0.0643386840820312 0.0854949951171875 -0.23321533203125 -0.125244140625
0.104621887207031 0.0273666381835938 -0.299591064453125 0.00595092773437495
0.0834503173828125 0.0107040405273438 -0.272003173828125 0.0975341796875
0.0735549926757813 0.03033447265625 -0.205947875976563 0.1005859375
0.0768966674804688 0.0456695556640625 -0.165008544921875 0.0801849365234375
0.0297622680664063 0.0792312622070312 -0.132583618164063 0.0584945678710937
-0.0470809936523438 0.0795211791992187 -0.114097595214844 0.05596923828125
-0.104873657226563 0.0097503662109375 -0.147415161132813 0.0698699951171875
-0.0908355712890625 -0.113273620605469 -0.239700317382813 0.077056884765625
-0.0106964111328125 -0.177703857421875 -0.365966796875 0.073577880859375
0.0793304443359375 -0.168045043945313 -0.37908935546875 0.0304870605468751
0.146209716796875 -0.14544677734375 -0.320098876953125 -0.164459228515625
-0.0150222778320313 -0.126914978027344 -0.0864181518554688 -0.0604248046875
-0.0407981872558594 -0.0415725708007812 0.0243682861328125 -0.148056030273438
-0.0310287475585937 0.00277519226074218 -0.10235595703125 -0.235687255859375
-0.00577926635742187 0.0121669769287109 -0.2384033203125 -0.155731201171875
-0.000789165496826172 0.00692605972290039 -0.318115234375 -0.011749267578125
-0.0201187133789062 0.0266571044921875 -0.2891845703125 0.09613037109375
-0.0260505676269531 0.0368156433105469 -0.212234497070313 0.105209350585938
-0.0346221923828125 0.0459480285644531 -0.1678466796875 0.080078125
-0.0706787109375 0.0352706909179688 -0.138710021972656 0.0584335327148438
-0.0996856689453125 -0.0140533447265625 -0.100616455078125 0.0539321899414063
-0.092132568359375 -0.097381591796875 -0.120735168457031 0.0651473999023438
0.0140533447265625 -0.18292236328125 -0.196640014648438 0.09063720703125
0.133255004882813 -0.205490112304688 -0.313232421875 0.0774536132812499
0.225311279296875 -0.150970458984375 -0.3245849609375 0.00653076171875001
0.29425048828125 -0.107452392578125 -0.242141723632813 -0.219741821289062
0.136871337890625 -0.164596557617187 -0.0351943969726562 -0.104141235351563
0.060791015625 -0.152496337890625 0.0554656982421875 -0.174301147460938
-0.0284805297851563 -0.129013061523438 -0.0784759521484375 -0.265167236328125
-0.0715789794921875 -0.0798568725585937 -0.21636962890625 -0.184341430664062
-0.108245849609375 -0.0270843505859375 -0.302764892578125 -0.0380859375
-0.123085021972656 0.034332275390625 -0.272384643554688 0.07745361328125
-0.120918273925781 0.0392913818359375 -0.187026977539063 0.0938720703125
-0.140159606933594 0.0471420288085938 -0.138015747070313 0.069488525390625
-0.163589477539063 0.0040130615234375 -0.111579895019531 0.0595855712890625
-0.155807495117187 -0.0891265869140625 -0.063385009765625 0.0602188110351563
-0.0994415283203125 -0.182296752929688 -0.0819778442382812 0.0728607177734375
0.081512451171875 -0.246658325195312 -0.148544311523438 0.10693359375
0.234466552734375 -0.233718872070313 -0.244155883789062 0.075286865234375
0.33087158203125 -0.131072998046875 -0.232284545898438 -0.00547790527343753
0.400634765625 -0.0404052734375 -0.114242553710938 -0.250564575195313
0.282623291015625 -0.15625 0.054290771484375 -0.140281677246094
0.181198120117187 -0.231124877929687 0.104400634765625 -0.191604614257813
0.00273132324218748 -0.252090454101563 -0.0306854248046875 -0.278427124023438
-0.11334228515625 -0.176803588867188 -0.163116455078125 -0.199600219726562
-0.19879150390625 -0.0703887939453125 -0.2479248046875 -0.0636138916015625
-0.208282470703125 0.0315093994140625 -0.22003173828125 0.0465240478515625
-0.197616577148438 0.037322998046875 -0.134666442871094 0.0673904418945313
-0.225372314453125 0.0478515625 -0.0800247192382813 0.0479354858398438
-0.237106323242187 -0.0152587890625 -0.0568695068359375 0.0553207397460937
-0.204391479492188 -0.139083862304687 -0.0101165771484375 0.0651092529296875
-0.114028930664062 -0.24017333984375 -0.036895751953125 0.0819091796875
0.121246337890625 -0.289581298828125 -0.102470397949219 0.114341735839844
0.29534912109375 -0.2447509765625 -0.172637939453125 0.0545196533203125
0.38873291015625 -0.100982666015625 -0.116752624511719 -0.0155181884765625
0.435882568359375 0.041961669921875 0.044403076171875 -0.246780395507813
0.379547119140625 -0.09869384765625 0.168045043945313 -0.154296875
0.288909912109375 -0.2459716796875 0.161880493164063 -0.189132690429688
0.0604248046875 -0.326873779296875 0.032501220703125 -0.262008666992188
-0.117538452148438 -0.250900268554687 -0.0867919921875 -0.191452026367188
-0.2509765625 -0.112884521484375 -0.16339111328125 -0.0807037353515625
-0.26165771484375 0.0191802978515625 -0.138031005859375 0.010650634765625
-0.243865966796875 0.0283203125 -0.0624351501464844 0.0316390991210938
-0.276641845703125 0.0431671142578125 -0.00470542907714846 0.0166730880737305
-0.281494140625 -0.0263671875 0.0156822204589844 0.0439910888671875
-0.230026245117188 -0.17022705078125 0.0512046813964844 0.0671043395996094
-0.117645263671875 -0.270095825195313 0.00778961181640624 0.0901565551757812
0.149810791015625 -0.29913330078125 -0.0677871704101562 0.111427307128906
0.3255615234375 -0.223052978515625 -0.106353759765625 0.0202407836914062
0.39935302734375 -0.053009033203125 0.00884056091308596 -0.0197200775146484
0.38616943359375 0.119781494140625 0.200042724609375 -0.207977294921875
0.388885498046875 -0.009490966796875 0.278152465820312 -0.140716552734375
0.339141845703125 -0.18914794921875 0.20965576171875 -0.16387939453125
0.118560791015625 -0.32452392578125 0.0920257568359375 -0.215255737304688
-0.0880584716796875 -0.27423095703125 -0.00810241699218752 -0.157882690429688
-0.253814697265625 -0.141098022460938 -0.0638427734375 -0.0809555053710938
-0.27130126953125 0.00209045410156252 -0.0411643981933594 -0.0205879211425781
-0.2520751953125 0.017730712890625 0.0201015472412109 -0.0076904296875
-0.287994384765625 0.0338134765625 0.077667236328125 -0.0171585083007812
-0.28924560546875 -0.034271240234375 0.0960922241210937 0.0299758911132812
-0.229248046875 -0.180511474609375 0.114524841308594 0.0694122314453125
-0.102615356445313 -0.273025512695313 0.0475540161132812 0.101203918457031
0.1734619140625 -0.276535034179688 -0.0425643920898437 0.1070556640625
0.331329345703125 -0.16839599609375 -0.0448265075683593 -0.0122756958007813
0.369049072265625 0.011871337890625 0.131034851074219 -0.00966644287109375
0.263442993164063 0.169952392578125 0.320159912109375 -0.151580810546875
0.310211181640625 0.0755615234375 0.35675048828125 -0.10858154296875
0.30792236328125 -0.0904541015625 0.231597900390625 -0.130035400390625
0.14569091796875 -0.251296997070312 0.131072998046875 -0.156661987304688
-0.04217529296875 -0.240936279296875 0.0550155639648438 -0.110641479492188
-0.209335327148438 -0.140121459960937 0.0261077880859375 -0.0687332153320313
-0.235977172851563 -0.01336669921875 0.0528602600097656 -0.045074462890625
-0.220962524414063 0.00485229492187505 0.0987472534179687 -0.0440597534179688
-0.256546020507813 0.0193634033203125 0.156326293945312 -0.0484466552734375
-0.258499145507813 -0.0393829345703125 0.17352294921875 0.0188446044921875
-0.196807861328125 -0.173065185546875 0.171478271484375 0.076263427734375
-0.07177734375 -0.249435424804687 0.0806732177734375 0.117561340332031
0.185455322265625 -0.22509765625 -0.0241851806640625 0.106674194335937
0.309417724609375 -0.09051513671875 0.0140819549560547 -0.0290317535400391
0.298095703125 0.08148193359375 0.23876953125 0.0216522216796875
0.09735107421875 0.18878173828125 0.3807373046875 -0.093109130859375
0.17242431640625 0.134963989257813 0.3836669921875 -0.0777587890625
0.211090087890625 0.01116943359375 0.226333618164063 -0.103424072265625
0.134681701660156 -0.137504577636719 0.14483642578125 -0.10699462890625
0.00154113769531252 -0.161575317382812 0.0915069580078125 -0.0705642700195313
-0.133773803710938 -0.110549926757812 0.0920867919921875 -0.0564727783203125
-0.163009643554688 -0.0240936279296875 0.125198364257813 -0.062255859375
-0.156997680664063 -0.0070343017578125 0.16162109375 -0.0733642578125
-0.188003540039063 0.001678466796875 0.221099853515625 -0.0701446533203125
-0.192062377929688 -0.0407562255859375 0.240768432617188 0.0142822265625
-0.141769409179688 -0.144424438476563 0.217254638671875 0.0897064208984375
-0.0351409912109375 -0.19757080078125 0.104751586914062 0.141311645507813
0.174957275390625 -0.148208618164063 -0.0115890502929687 0.116043090820313
0.248672485351563 -0.0052947998046875 0.0631065368652344 -0.0229644775390625
0.188003540039063 0.142318725585938 0.3182373046875 0.07366943359375
-0.029052734375 -0.14349365234375 -0.344757080078125 -0.06060791015625
-0.144622802734375 -0.0428009033203125 -0.0945816040039063 -0.005828857421875
-0.096435546875 0.0788726806640625 0.00328826904296874 -0.121368408203125
0.000831604003906254 0.114021301269531 -0.120513916015625 -0.18951416015625
0.0732345581054688 0.0746002197265625 -0.23974609375 -0.102066040039062
0.103202819824219 0.01446533203125 -0.290618896484375 0.0341796875
0.0807113647460938 -0.0002288818359375 -0.25634765625 0.1219482421875
0.074676513671875 0.0207977294921875 -0.18853759765625 0.118728637695313
0.07952880859375 0.0345382690429688 -0.151641845703125 0.095855712890625
0.0374908447265625 0.0713043212890625 -0.123207092285156 0.072021484375
-0.034515380859375 0.0818023681640625 -0.108978271484375 0.0694427490234375
-0.0988922119140625 0.0203323364257813 -0.143692016601563 0.0840911865234375
-0.09881591796875 -0.09918212890625 -0.229888916015625 0.0937957763671875
-0.0281829833984375 -0.16961669921875 -0.352264404296875 0.103485107421875
0.060333251953125 -0.171173095703125 -0.371795654296875 0.0658874511718749
0.128738403320313 -0.154571533203125 -0.332000732421875 -0.126861572265625
-0.028167724609375 -0.121360778808594 -0.0892868041992188 -0.0483016967773438
-0.0417671203613281 -0.0374832153320313 0.0132904052734375 -0.147491455078125
-0.0285758972167969 0.00322914123535156 -0.119979858398438 -0.223129272460938
-0.00408840179443359 0.00932502746582031 -0.247726440429688 -0.132125854492188
-0.00243282318115234 0.00494956970214844 -0.312255859375 0.018524169921875
-0.0189743041992188 0.0273571014404297 -0.271621704101563 0.122268676757813
-0.0224342346191406 0.0369377136230469 -0.194091796875 0.124069213867187
-0.0303573608398438 0.0480232238769531 -0.153823852539063 0.0966796875
-0.0657157897949219 0.0402679443359375 -0.127914428710938 0.07537841796875
-0.0980682373046875 -0.00521850585937499 -0.0944442749023437 0.0681381225585938
-0.0988235473632813 -0.0866241455078125 -0.118339538574219 0.07763671875
-0.00334167480468748 -0.179168701171875 -0.188003540039063 0.10455322265625
0.109619140625 -0.212448120117188 -0.301544189453125 0.1024169921875
0.205856323242188 -0.1683349609375 -0.322540283203125 0.038482666015625
0.277725219726563 -0.13433837890625 -0.259811401367188 -0.18798828125
0.116668701171875 -0.173065185546875 -0.0433883666992187 -0.0963668823242188
0.04461669921875 -0.156021118164062 0.0426177978515625 -0.176559448242188
-0.0410537719726562 -0.126091003417969 -0.099395751953125 -0.252960205078125
-0.0781021118164063 -0.0737152099609375 -0.227615356445312 -0.160659790039063
-0.111717224121094 -0.0151901245117187 -0.2982177734375 -0.00750732421875
-0.119499206542969 0.0450057983398437 -0.255020141601563 0.103561401367188
-0.114303588867187 0.0502090454101563 -0.170242309570313 0.11102294921875
-0.132453918457031 0.0604248046875 -0.125076293945313 0.0829238891601562
-0.15887451171875 0.0206298828125 -0.100227355957031 0.0740966796875
-0.16162109375 -0.0714263916015625 -0.0576171875 0.070343017578125
-0.115554809570312 -0.169403076171875 -0.0794754028320313 0.0827178955078125
0.0542755126953125 -0.249420166015625 -0.140411376953125 0.117485046386719
0.205612182617188 -0.250274658203125 -0.2354736328125 0.0950927734375
0.311920166015625 -0.160919189453125 -0.232955932617187 0.018829345703125
0.3885498046875 -0.078155517578125 -0.138702392578125 -0.231918334960938
0.259918212890625 -0.180755615234375 0.0402069091796875 -0.139381408691406
0.155075073242188 -0.245315551757813 0.088836669921875 -0.196441650390625
-0.0222625732421875 -0.249176025390625 -0.053253173828125 -0.26983642578125
-0.129486083984375 -0.16290283203125 -0.176284790039063 -0.181503295898438
-0.204025268554688 -0.047821044921875 -0.247360229492188 -0.03961181640625
-0.20306396484375 0.051544189453125 -0.208465576171875 0.068389892578125
-0.18975830078125 0.056304931640625 -0.122230529785156 0.0811843872070312
-0.213760375976562 0.071075439453125 -0.0715103149414063 0.0566940307617188
-0.23419189453125 0.0117645263671875 -0.0464439392089844 0.0649681091308594
-0.215133666992188 -0.114212036132812 -0.00315856933593751 0.0696029663085937
-0.138412475585938 -0.224456787109375 -0.031707763671875 0.0876998901367188
0.0894775390625 -0.2972412109375 -0.0954818725585937 0.121047973632812
0.262893676757813 -0.271484375 -0.167892456054687 0.06951904296875
0.3720703125 -0.13763427734375 -0.120292663574219 -0.00165557861328127
0.431671142578125 -0.004364013671875 0.0170135498046875 -0.245529174804688
0.35888671875 -0.1356201171875 0.150711059570313 -0.164047241210938
0.25811767578125 -0.270492553710938 0.145660400390625 -0.198348999023438
0.024444580078125 -0.32745361328125 0.01007080078125 -0.257980346679688
-0.141708374023438 -0.234603881835938 -0.101638793945312 -0.180007934570313
-0.25927734375 -0.0830230712890624 -0.16650390625 -0.0638580322265625
-0.253799438476563 0.0457763671875 -0.132118225097656 0.0249404907226563
-0.23602294921875 0.053314208984375 -0.0547714233398438 0.0384025573730469
-0.266067504882812 0.073028564453125 -0.00136375427246096 0.019195556640625
-0.277572631835938 0.00672912597656246 0.0223884582519531 0.0466346740722656
-0.244857788085938 -0.142074584960938 0.0574951171875 0.0648918151855469
-0.144989013671875 -0.25274658203125 0.0129165649414062 0.0897445678710937
0.11529541015625 -0.3106689453125 -0.0604476928710938 0.116355895996094
0.294189453125 -0.25347900390625 -0.106346130371094 0.0310897827148437
0.38787841796875 -0.091522216796875 0.00204277038574221 -0.0181369781494141
0.3912353515625 0.07550048828125 0.175460815429688 -0.222488403320313
0.37908935546875 -0.05035400390625 0.25958251953125 -0.16015625
0.31201171875 -0.2196044921875 0.193099975585938 -0.175811767578125
0.080291748046875 -0.330657958984375 0.074188232421875 -0.219436645507813
-0.115478515625 -0.261550903320313 -0.020965576171875 -0.155349731445313
-0.265090942382813 -0.110488891601562 -0.0692062377929688 -0.0754623413085937
-0.265090942382813 0.03167724609375 -0.0407257080078125 -0.0163307189941406
-0.2430419921875 0.044403076171875 0.0193958282470703 -0.00813484191894531
-0.279144287109375 0.0653991699218751 0.0752716064453125 -0.0234909057617187
-0.285614013671875 -0.000579833984374968 0.100318908691406 0.0236053466796875
-0.2440185546875 -0.152313232421875 0.120353698730469 0.0597305297851562
-0.130340576171875 -0.257369995117188 0.0524444580078125 0.0968551635742187
0.139862060546875 -0.291259765625 -0.0355377197265625 0.110542297363281
0.3048095703125 -0.201080322265625 -0.0514335632324219 -0.00676345825195315
0.364227294921875 -0.0252685546875 0.124404907226563 -0.0210952758789063
0.27764892578125 0.1348876953125 0.301300048828125 -0.178802490234375
0.311737060546875 0.039581298828125 0.33935546875 -0.136077880859375
0.291015625 -0.12213134765625 0.21929931640625 -0.146224975585938
0.11474609375 -0.261886596679688 0.117507934570313 -0.165267944335938
-0.0684051513671875 -0.23046875 0.04510498046875 -0.115585327148438
-0.221038818359375 -0.11285400390625 0.019805908203125 -0.0734710693359375
-0.230728149414063 0.012725830078125 0.0472831726074219 -0.0483436584472656
-0.214035034179688 0.0294952392578125 0.0930862426757812 -0.0508880615234375
-0.248123168945313 0.0484161376953125 0.148468017578125 -0.0610198974609375
-0.255157470703125 -0.00888061523437503 0.174835205078125 0.0045013427734375
-0.212905883789062 -0.147735595703125 0.176040649414063 0.0592041015625
-0.09796142578125 -0.235748291015625 0.0879669189453125 0.109725952148437
0.157974243164063 -0.241241455078125 -0.0178756713867187 0.10919189453125
0.290435791015625 -0.12310791015625 0.00625228881835939 -0.0295066833496094
0.300506591796875 0.049652099609375 0.234786987304688 -0.0013885498046875
0.117416381835938 0.170578002929688 0.36676025390625 -0.1287841796875
0.182098388671875 0.110977172851562 0.370361328125 -0.1102294921875
0.20654296875 -0.01348876953125 0.216400146484375 -0.119674682617187
0.1136474609375 -0.150115966796875 0.135360717773438 -0.118843078613281
-0.0178985595703125 -0.1578369140625 0.0849380493164063 -0.0793380737304688
-0.143417358398438 -0.090423583984375 0.0827713012695312 -0.0660400390625
-0.160736083984375 -0.00488281249999998 0.114738464355469 -0.0748825073242187
-0.15399169921875 0.010711669921875 0.151962280273438 -0.0852813720703125
-0.183319091796875 0.023284912109375 0.21014404296875 -0.0890655517578125
-0.191314697265625 -0.0171966552734375 0.236862182617187 -0.0071563720703125
-0.15460205078125 -0.125457763671875 0.221145629882813 0.067108154296875
-0.0550994873046875 -0.188217163085938 0.114715576171875 0.128952026367188
0.154220581054688 -0.165542602539063 -0.0039215087890625 0.115608215332031
0.239715576171875 -0.032257080078125 0.0561180114746094 -0.0288658142089844
0.19793701171875 0.11883544921875 0.31732177734375 0.040130615234375
-0.0412979125976563 -0.132225036621094 -0.334381103515625 -0.0252685546875
-0.14178466796875 -0.0263671875 -0.0891265869140625 0.00489807128906249
-0.0822677612304688 0.0830307006835938 -0.00365447998046877 -0.116470336914063
0.013214111328125 0.105804443359375 -0.128616333007813 -0.172744750976562
0.0762481689453125 0.0625839233398438 -0.23712158203125 -0.0782012939453126
0.0976333618164063 0.00321197509765625 -0.274032592773438 0.0584869384765624
0.0743179321289063 -0.00704193115234375 -0.229522705078125 0.139633178710938
0.0710678100585938 0.010986328125 -0.167877197265625 0.129547119140625
0.0780563354492188 0.024627685546875 -0.132484436035156 0.104415893554688
0.0430450439453125 0.0618515014648438 -0.110557556152344 0.0818557739257812
-0.0248870849609375 0.0772857666015625 -0.100540161132813 0.0773162841796875
-0.0899810791015625 0.0292587280273438 -0.133316040039063 0.0942916870117187
-0.101837158203125 -0.0830841064453125 -0.216201782226563 0.1051025390625
-0.0407562255859375 -0.1563720703125 -0.33001708984375 0.125
0.041839599609375 -0.169326782226563 -0.352813720703125 0.094696044921875
0.110641479492188 -0.155960083007813 -0.32861328125 -0.089813232421875
-0.0377883911132813 -0.112556457519531 -0.086456298828125 -0.0348358154296875
-0.0399818420410156 -0.0331306457519531 0.00347900390625 -0.142379760742188
-0.0267181396484375 0.00367164611816406 -0.133544921875 -0.202774047851562
-0.0044097900390625 0.00527477264404297 -0.2459716796875 -0.104537963867188
-0.00480985641479492 0.00625085830688477 -0.29327392578125 0.0455322265624999
-0.0164585113525391 0.0258007049560547 -0.24615478515625 0.142471313476562
-0.01849365234375 0.0363311767578125 -0.171585083007813 0.135971069335938
-0.0244293212890625 0.0472564697265625 -0.137153625488281 0.105796813964844
-0.0576286315917969 0.0430641174316406 -0.112823486328125 0.0852890014648437
-0.0915603637695313 0.00215148925781249 -0.0849533081054688 0.0778121948242187
-0.100845336914063 -0.0727767944335937 -0.111244201660156 0.0856094360351563
-0.0181732177734375 -0.168212890625 -0.176467895507812 0.113082885742188
0.086517333984375 -0.2083740234375 -0.281402587890625 0.121337890625
0.182144165039063 -0.17901611328125 -0.307647705078125 0.06298828125
0.253921508789063 -0.151275634765625 -0.264511108398438 -0.155929565429688
0.0979461669921875 -0.174285888671875 -0.0489273071289062 -0.0842208862304688
0.0312652587890625 -0.153060913085938 0.02978515625 -0.169998168945313
-0.049468994140625 -0.118759155273438 -0.115692138671875 -0.233444213867188
-0.0820693969726563 -0.0652008056640625 -0.229583740234375 -0.132766723632813
-0.110572814941406 -0.00418853759765625 -0.283538818359375 0.018096923828125
-0.111061096191406 0.0528564453125 -0.23394775390625 0.120330810546875
-0.105567932128906 0.058837890625 -0.150070190429687 0.121002197265625
-0.120986938476563 0.0692214965820313 -0.109230041503906 0.0922622680664063
-0.150604248046875 0.03564453125 -0.0864334106445313 0.0828781127929688
-0.159912109375 -0.053314208984375 -0.0489730834960938 0.0775375366210938
-0.12579345703125 -0.149642944335938 -0.0732421875 0.08837890625
0.0310821533203125 -0.24176025390625 -0.128715515136719 0.120689392089844
0.174392700195313 -0.25775146484375 -0.220001220703125 0.106903076171875
0.284454345703125 -0.177886962890625 -0.22412109375 0.03741455078125
0.361846923828125 -0.111663818359375 -0.154800415039062 -0.208084106445313
0.231475830078125 -0.192535400390625 0.0277557373046875 -0.130455017089844
0.124099731445312 -0.249252319335938 0.0746002197265625 -0.194259643554688
-0.046112060546875 -0.235748291015625 -0.069610595703125 -0.25408935546875
-0.136428833007813 -0.145553588867188 -0.180770874023438 -0.159225463867188
-0.19964599609375 -0.0279083251953125 -0.237701416015625 -0.0183258056640625
-0.190444946289063 0.067901611328125 -0.190658569335938 0.0854339599609375
-0.175857543945313 0.0720062255859375 -0.108123779296875 0.0911712646484375
-0.199432373046875 0.0874786376953125 -0.0601348876953125 0.0634422302246094
-0.2222900390625 0.0355682373046875 -0.0347976684570313 0.0705795288085938
-0.217788696289062 -0.09051513671875 0.00225067138671873 0.0730209350585937
-0.152420043945313 -0.199981689453125 -0.0272369384765625 0.0880966186523437
0.057586669921875 -0.292694091796875 -0.0839691162109375 0.121307373046875
0.224411010742188 -0.280731201171875 -0.159042358398438 0.079742431640625
0.342803955078125 -0.162811279296875 -0.1175537109375 0.0119705200195313
0.40997314453125 -0.042633056640625 -0.00640869140624998 -0.231719970703125
0.33135986328125 -0.160247802734375 0.13067626953125 -0.169326782226563
0.222381591796875 -0.282318115234375 0.124267578125 -0.20025634765625
-0.00982666015625002 -0.313079833984375 -0.0092010498046875 -0.245330810546875
-0.160018920898438 -0.21026611328125 -0.109390258789063 -0.16485595703125
-0.2579345703125 -0.05523681640625 -0.164505004882813 -0.04766845703125
-0.241256713867187 0.0662841796875 -0.122642517089844 0.0365982055664063
-0.2178955078125 0.0732269287109375 -0.0433540344238281 0.0441436767578125
-0.24755859375 0.095947265625 0.00251293182373045 0.0175304412841797
-0.262374877929688 0.0334014892578125 0.0310096740722656 0.0458297729492187
-0.248016357421875 -0.111007690429687 0.0634307861328125 0.0593223571777344
-0.164108276367188 -0.228240966796875 0.0170974731445312 0.0890121459960937
0.079345703125 -0.31011962890625 -0.0522384643554687 0.118019104003906
0.2574462890625 -0.271408081054688 -0.104812622070313 0.0368804931640625
0.36517333984375 -0.121795654296875 -0.00388908386230467 -0.0159168243408203
0.377899169921875 0.0321044921875 0.14752197265625 -0.226654052734375
0.35595703125 -0.07965087890625 0.2337646484375 -0.170516967773437
0.278839111328125 -0.24188232421875 0.175674438476563 -0.182464599609375
0.04443359375 -0.325927734375 0.055389404296875 -0.21380615234375
-0.132888793945313 -0.235275268554687 -0.030517578125 -0.145401000976563
-0.263565063476562 -0.0773162841796875 -0.0767059326171875 -0.0660324096679688
-0.24835205078125 0.05328369140625 -0.0381317138671875 -0.0111007690429688
-0.227508544921875 0.0655670166015625 0.0207233428955078 -0.00755882263183593
-0.257339477539063 0.0892333984375 0.0746612548828125 -0.0282974243164062
-0.270263671875 0.0293426513671875 0.0993194580078125 0.018218994140625
-0.2510986328125 -0.120254516601563 0.122283935546875 0.0485305786132813
-0.151397705078125 -0.2352294921875 0.0572433471679687 0.0896377563476562
0.105194091796875 -0.292236328125 -0.0261917114257813 0.110771179199219
0.272476196289063 -0.220077514648438 -0.0506782531738281 -0.00285720825195313
0.344451904296875 -0.05804443359375 0.114669799804688 -0.0298919677734375
0.279037475585938 0.100601196289063 0.271209716796875 -0.19580078125
0.29693603515625 0.009063720703125 0.312347412109375 -0.156494140625
0.26654052734375 -0.1444091796875 0.2015380859375 -0.155136108398438
0.081298828125 -0.25970458984375 0.1029052734375 -0.16412353515625
-0.0902099609375 -0.214080810546875 0.0377044677734375 -0.115028381347656
-0.221343994140625 -0.08245849609375 0.0106048583984375 -0.0725555419921875
-0.217315673828125 0.034912109375 0.0391921997070312 -0.0515174865722656
-0.199539184570313 0.048309326171875 0.0851516723632812 -0.0563125610351563
-0.229034423828125 0.0699615478515625 0.136711120605469 -0.0708084106445313
-0.242462158203125 0.016998291015625 0.167449951171875 -0.0106353759765625
-0.216705322265625 -0.119537353515625 0.175933837890625 0.0438995361328125
-0.11907958984375 -0.214889526367188 0.093505859375 0.0980758666992187
0.125534057617187 -0.246246337890625 -0.007293701171875 0.110908508300781
0.2650146484375 -0.144485473632813 -4.95910644531076E-05 -0.0275115966796875
0.2908935546875 0.01873779296875 0.221084594726563 -0.019989013671875
0.128158569335938 0.151763916015625 0.342864990234375 -0.1539306640625
0.182083129882813 0.0847015380859375 0.345916748046875 -0.13616943359375
0.194656372070313 -0.0349884033203125 0.201873779296875 -0.129684448242188
0.0907440185546875 -0.152938842773438 0.12359619140625 -0.126220703125
-0.03509521484375 -0.148056030273438 0.07647705078125 -0.0835037231445313
-0.144134521484375 -0.0684814453125 0.0734405517578125 -0.07110595703125
-0.152145385742188 0.0108184814453125 0.103591918945312 -0.0849990844726563
-0.142837524414063 0.0258026123046875 0.138832092285156 -0.094757080078125
-0.173660278320313 0.042266845703125 0.190444946289063 -0.105743408203125
-0.181976318359375 0.00308227539062504 0.225509643554687 -0.02984619140625
-0.158355712890625 -0.10479736328125 0.218338012695313 0.0463714599609375
-0.0702056884765625 -0.176513671875 0.121726989746094 0.115768432617188
0.130889892578125 -0.171768188476563 0.00440979003906251 0.114692687988281
0.221176147460937 -0.053802490234375 0.0452003479003906 -0.0272445678710938
0.1978759765625 0.0953216552734375 0.30059814453125 0.00903320312500001
-0.0461578369140625 -0.120086669921875 -0.316650390625 0.000701904296875044
-0.134208679199219 -0.014068603515625 -0.0810928344726563 0.0141372680664062
-0.070526123046875 0.0821990966796875 -0.00579833984375001 -0.112045288085938
0.0206527709960938 0.0979995727539063 -0.133804321289063 -0.158248901367187
0.074127197265625 0.0523452758789062 -0.228286743164062 -0.0609588623046875
0.09130859375 -0.003082275390625 -0.253799438476563 0.0701141357421875
0.0685386657714844 -0.0119743347167969 -0.2105712890625 0.146255493164062
0.0698585510253906 0.00342559814453125 -0.149063110351563 0.132736206054688
0.0753326416015625 0.01666259765625 -0.119743347167969 0.109359741210938
0.0431480407714844 0.0530204772949219 -0.0978469848632812 0.083404541015625
-0.016510009765625 0.07318115234375 -0.0900955200195312 0.0849456787109375
-0.0814590454101563 0.0337142944335938 -0.124458312988281 0.100379943847656
-0.0995101928710938 -0.069427490234375 -0.2010498046875 0.108642578125
-0.0483551025390625 -0.142333984375 -0.3070068359375 0.135009765625
0.0305023193359375 -0.159622192382813 -0.332275390625 0.10858154296875
0.094451904296875 -0.15313720703125 -0.3155517578125 -0.06048583984375
-0.0397186279296875 -0.100479125976562 -0.0826187133789063 -0.0241317749023438
-0.0396957397460938 -0.0300788879394531 -0.00125885009765626 -0.135215759277344
-0.0234565734863281 0.00388336181640625 -0.136123657226562 -0.1861572265625
-0.00395750999450684 0.00409078598022461 -0.23748779296875 -0.08538818359375
-0.00542736053466797 0.00511550903320312 -0.272613525390625 0.0605010986328125
-0.0164947509765625 0.0263862609863281 -0.222488403320312 0.148727416992187
-0.0145339965820313 0.0340919494628906 -0.151687622070313 0.138473510742187
-0.0208473205566406 0.0455703735351563 -0.119773864746094 0.110923767089844
-0.052215576171875 0.0436134338378906 -0.100059509277344 0.0892868041992188
-0.0862884521484375 0.0068206787109375 -0.0772247314453125 0.0819473266601563
-0.0983657836914062 -0.062896728515625 -0.104705810546875 0.0925674438476562
-0.026336669921875 -0.15716552734375 -0.163787841796875 0.114028930664062
0.0679168701171875 -0.201980590820312 -0.262527465820313 0.127532958984375
0.163009643554688 -0.1796875 -0.291900634765625 0.0796813964843749
0.2315673828125 -0.156784057617187 -0.262802124023438 -0.12640380859375
0.0795135498046875 -0.167770385742188 -0.0493087768554687 -0.0742263793945313
0.0208282470703125 -0.148406982421875 0.022705078125 -0.163467407226563
-0.0552139282226563 -0.110641479492188 -0.120101928710937 -0.215911865234375
-0.082672119140625 -0.0571746826171875 -0.223312377929688 -0.114654541015625
-0.105377197265625 0.00389099121093748 -0.264907836914063 0.03326416015625
-0.1029052734375 0.0585174560546875 -0.21026611328125 0.129714965820312
-0.0951919555664062 0.0611801147460938 -0.130851745605469 0.124771118164062
-0.109451293945313 0.0747756958007813 -0.095001220703125 0.0957717895507813
-0.139228820800781 0.0427398681640625 -0.07244873046875 0.0867996215820312
-0.154891967773438 -0.040435791015625 -0.04052734375 0.0794906616210938
-0.128440856933594 -0.135185241699219 -0.068634033203125 0.0924758911132812
0.0147705078125 -0.230056762695313 -0.119544982910156 0.121841430664063
0.146987915039063 -0.2529296875 -0.207046508789062 0.11322021484375
0.259353637695313 -0.18682861328125 -0.215118408203125 0.0518951416015625
0.336944580078125 -0.124542236328125 -0.160293579101562 -0.182464599609375
0.204696655273438 -0.195602416992188 0.0180816650390625 -0.123908996582031
0.10345458984375 -0.243087768554688 0.0626983642578125 -0.187545776367188
-0.058990478515625 -0.222274780273438 -0.0792694091796875 -0.23687744140625
-0.141510009765625 -0.128753662109375 -0.178863525390625 -0.139663696289063
-0.193649291992188 -0.00939941406250003 -0.225723266601562 -0.00122070312499996
-0.175445556640625 0.0777130126953125 -0.172271728515625 0.09136962890625
-0.161666870117188 0.0778961181640625 -0.0911483764648438 0.0925521850585937
-0.18121337890625 0.098297119140625 -0.0507850646972656 0.0639801025390625
-0.205718994140625 0.048126220703125 -0.0248947143554688 0.0716400146484375
-0.212158203125 -0.07025146484375 0.00878906249999998 0.071380615234375
-0.159027099609375 -0.180526733398438 -0.025848388671875 0.0908584594726562
0.0357513427734375 -0.2801513671875 -0.078125 0.122962951660156
0.1943359375 -0.281280517578125 -0.15020751953125 0.0839996337890625
0.3173828125 -0.17626953125 -0.116180419921875 0.0189895629882812
0.385955810546875 -0.0672607421875 -0.0217742919921875 -0.21563720703125
0.299163818359375 -0.170135498046875 0.112197875976563 -0.162033081054688
0.191650390625 -0.281082153320313 0.1124267578125 -0.194091796875
-0.029998779296875 -0.297088623046875 -0.0198516845703125 -0.2333984375
-0.163604736328125 -0.18914794921875 -0.110183715820313 -0.148651123046875
-0.246231079101563 -0.03179931640625 -0.158203125 -0.035675048828125
-0.221588134765625 0.0811614990234375 -0.11102294921875 0.042724609375
-0.2025146484375 0.0827178955078125 -0.0389633178710938 0.0463790893554688
-0.225799560546875 0.109344482421875 0.00543594360351561 0.0195446014404297
-0.245574951171875 0.0523376464843751 0.0345687866210937 0.0444068908691406
-0.243911743164063 -0.08740234375 0.0641670227050781 0.0549049377441406
-0.171340942382813 -0.204177856445312 0.017547607421875 0.0873794555664062
0.053619384765625 -0.29656982421875 -0.0467987060546875 0.117546081542969
0.222869873046875 -0.271514892578125 -0.09942626953125 0.0441360473632812
0.33837890625 -0.137908935546875 -0.0071296691894531 -0.0125885009765625
0.363128662109375 0.008148193359375 0.123687744140625 -0.221176147460937
0.330657958984375 -0.100067138671875 0.21038818359375 -0.17523193359375
0.2486572265625 -0.246231079101563 0.157821655273438 -0.181182861328125
0.01806640625 -0.30908203125 0.0429229736328125 -0.206466674804688
-0.145156860351562 -0.215896606445313 -0.0356369018554688 -0.136802673339844
-0.25347900390625 -0.05255126953125 -0.0736923217773438 -0.0593109130859375
-0.231414794921875 0.0689544677734375 -0.0370330810546875 -0.00740814208984374
-0.21002197265625 0.078033447265625 0.0206165313720703 -0.00598907470703125
-0.237579345703125 0.105224609375 0.0682334899902344 -0.0295753479003906
-0.253173828125 0.0482635498046875 0.0989761352539062 0.0120010375976563
-0.245742797851563 -0.0958709716796875 0.119117736816406 0.0391845703125
-0.160980224609375 -0.20965576171875 0.0568695068359375 0.0856857299804687
0.0792236328125 -0.283843994140625 -0.0241622924804688 0.1087646484375
0.23870849609375 -0.227340698242188 -0.0530357360839844 0.00363922119140623
0.324310302734375 -0.075927734375 0.103599548339844 -0.033111572265625
0.2694091796875 0.0753326416015625 0.243942260742188 -0.19964599609375
0.28277587890625 -0.011962890625 0.287567138671875 -0.165557861328125
0.240951538085937 -0.15521240234375 0.183319091796875 -0.155914306640625
0.058563232421875 -0.252044677734375 0.090057373046875 -0.163177490234375
-0.0993499755859375 -0.1937255859375 0.0279006958007812 -0.11077880859375
-0.215072631835937 -0.060333251953125 0.00509643554687499 -0.0691337585449219
-0.20330810546875 0.049652099609375 0.0362548828125 -0.0509529113769531
-0.186920166015625 0.06005859375 0.0783843994140625 -0.05670166015625
-0.214569091796875 0.0838623046875 0.125221252441406 -0.0749969482421875
-0.225982666015625 0.035614013671875 0.160354614257813 -0.0182342529296875
-0.214248657226563 -0.0971527099609375 0.167587280273438 0.0295562744140625
-0.127700805664063 -0.195602416992188 0.09197998046875 0.0905685424804687
0.100082397460937 -0.241424560546875 -0.0065765380859375 0.1053466796875
0.238494873046875 -0.15509033203125 -0.00463676452636718 -0.0229835510253906
0.277557373046875 0.0004119873046875 0.205795288085938 -0.033905029296875
0.130485534667969 0.128288269042969 0.314483642578125 -0.1658935546875
0.17950439453125 0.0685272216796875 0.320709228515625 -0.145416259765625
0.180862426757812 -0.0457611083984375 0.186248779296875 -0.132400512695313
0.074493408203125 -0.150131225585938 0.113807678222656 -0.126136779785156
-0.0426254272460938 -0.137130737304688 0.0684890747070313 -0.0866165161132813
-0.14263916015625 -0.05413818359375 0.06298828125 -0.0755538940429687
-0.141128540039063 0.02276611328125 0.091888427734375 -0.0826644897460938
-0.133430480957031 0.033782958984375 0.122886657714844 -0.097503662109375
-0.159835815429687 0.0516510009765625 0.17437744140625 -0.109176635742188
-0.171005249023437 0.0170745849609375 0.21307373046875 -0.0397186279296875
-0.159225463867188 -0.084625244140625 0.209335327148438 0.0297698974609375
-0.0807952880859375 -0.15899658203125 0.118881225585937 0.103782653808594
0.11004638671875 -0.1727294921875 0.00738525390625001 0.109107971191406
0.205368041992188 -0.0669708251953125 0.0380020141601563 -0.0297203063964844
0.195358276367188 0.07733154296875 0.2867431640625 -0.011016845703125
-0.048004150390625 -0.110404968261719 -0.301788330078125 0.01629638671875
-0.127311706542969 -0.00676727294921876 -0.0740966796875 0.0190811157226562
-0.0630722045898437 0.0811538696289063 -0.00718688964843751 -0.108634948730469
0.0255203247070312 0.0910110473632813 -0.133468627929687 -0.1480712890625
0.0735244750976563 0.0437698364257812 -0.22174072265625 -0.05059814453125
0.0864105224609375 -0.00872039794921875 -0.239395141601563 0.076812744140625
0.0643157958984375 -0.0158157348632813 -0.193511962890625 0.14825439453125
0.0661087036132813 -0.001373291015625 -0.135772705078125 0.132949829101563
0.0715789794921875 0.0101089477539063 -0.107620239257813 0.109878540039063
0.0437240600585938 0.0469322204589844 -0.0898895263671875 0.0853118896484375
-0.00992584228515625 0.0690193176269531 -0.0836715698242187 0.0877304077148438
-0.0742111206054688 0.0350570678710938 -0.117630004882813 0.102546691894531
-0.0971527099609375 -0.06109619140625 -0.191619873046875 0.108978271484375
-0.0517959594726562 -0.132896423339844 -0.29180908203125 0.137847900390625
0.021026611328125 -0.155075073242187 -0.317291259765625 0.116912841796875
0.0855712890625 -0.149368286132812 -0.30517578125 -0.041534423828125
-0.0419769287109375 -0.0932388305664063 -0.0779800415039063 -0.01702880859375
-0.037750244140625 -0.0282554626464844 -0.00188446044921874 -0.130775451660156
-0.0225486755371094 0.00309181213378906 -0.137832641601563 -0.173919677734375
-0.00513839721679688 0.00353336334228516 -0.230758666992188 -0.07421875
-0.00673675537109375 0.00554466247558594 -0.258087158203125 0.0677642822265625
-0.0168571472167969 0.0259380340576172 -0.204940795898438 0.152023315429688
-0.0129489898681641 0.0324745178222656 -0.136970520019531 0.13922119140625
-0.0178413391113281 0.043792724609375 -0.107872009277344 0.11187744140625
-0.0474624633789062 0.0427894592285156 -0.0896835327148438 0.0912322998046875
-0.080902099609375 0.00899505615234375 -0.0700531005859375 0.0850906372070313
-0.0952377319335937 -0.056304931640625 -0.0989913940429687 0.0962448120117188
-0.0301666259765625 -0.147369384765625 -0.156570434570313 0.113296508789062
0.0567474365234375 -0.19512939453125 -0.250503540039063 0.13092041015625
0.14801025390625 -0.178253173828125 -0.279998779296875 0.0885620117187501
0.214981079101563 -0.158859252929687 -0.257095336914062 -0.106246948242187
0.069793701171875 -0.16265869140625 -0.0489120483398438 -0.0650978088378906
0.0145721435546875 -0.144332885742188 0.0183868408203125 -0.158370971679688
-0.0579147338867188 -0.103958129882813 -0.121994018554687 -0.201950073242188
-0.08233642578125 -0.0527114868164062 -0.216018676757812 -0.10174560546875
-0.102424621582031 0.00968933105468751 -0.250762939453125 0.0427703857421874
-0.0970001220703125 0.0608901977539063 -0.194122314453125 0.133529663085937
-0.088836669921875 0.0623855590820313 -0.11761474609375 0.125152587890625
-0.101913452148438 0.077056884765625 -0.0844955444335937 0.0967941284179688
-0.129867553710938 0.0479583740234375 -0.0630874633789063 0.088775634765625
-0.15093994140625 -0.0323944091796875 -0.0353240966796875 0.0811767578125
-0.129356384277344 -0.12359619140625 -0.0653915405273438 0.0960159301757813
0.00518798828124999 -0.220809936523437 -0.114341735839844 0.121292114257813
0.129806518554687 -0.24835205078125 -0.197418212890625 0.115310668945313
0.241485595703125 -0.189956665039063 -0.206710815429687 0.05999755859375
0.3172607421875 -0.134063720703125 -0.161544799804687 -0.163406372070312
0.187774658203125 -0.195022583007813 0.01336669921875 -0.115325927734375
0.090362548828125 -0.239181518554688 0.0556793212890625 -0.180328369140625
-0.067047119140625 -0.20965576171875 -0.0834808349609375 -0.223236083984375
-0.142059326171875 -0.117645263671875 -0.174346923828125 -0.127227783203125
-0.186233520507813 0.00172424316406252 -0.215347290039063 0.00755310058593753
-0.1654052734375 0.0834197998046875 -0.158645629882813 0.0958099365234375
-0.150466918945313 0.083160400390625 -0.0812225341796875 0.0932388305664062
-0.168289184570313 0.103744506835937 -0.0441474914550781 0.0649948120117187
-0.193740844726562 0.0574493408203125 -0.017547607421875 0.0722274780273438
-0.208282470703125 -0.056304931640625 0.0125045776367187 0.0703659057617188
-0.161849975585938 -0.164657592773437 -0.0239181518554688 0.0937118530273437
0.0208740234375 -0.26995849609375 -0.07464599609375 0.121742248535156
0.17193603515625 -0.277297973632813 -0.1444091796875 0.0862274169921875
0.297271728515625 -0.1812744140625 -0.112983703613281 0.0257034301757812
0.365997314453125 -0.082000732421875 -0.031036376953125 -0.202743530273437
0.278701782226562 -0.175399780273438 0.100906372070313 -0.155227661132813
0.171798706054688 -0.279144287109375 0.10321044921875 -0.189315795898438
-0.043304443359375 -0.283203125 -0.025177001953125 -0.22259521484375
-0.1658935546875 -0.173507690429687 -0.109375 -0.138267517089844
-0.23797607421875 -0.016571044921875 -0.152114868164063 -0.0276947021484375
-0.208755493164063 0.0888366699218751 -0.103111267089844 0.046142578125
-0.189163208007813 0.0906219482421875 -0.0322952270507813 0.0465316772460938
-0.210357666015625 0.117202758789062 0.00770378112792968 0.0199432373046875
-0.231277465820313 0.063079833984375 0.0379219055175781 0.0427360534667969
-0.239517211914062 -0.0699920654296875 0.0649261474609375 0.0518989562988281
-0.17596435546875 -0.186355590820313 0.0178909301757812 0.0881729125976562
0.03765869140625 -0.2886962890625 -0.0434951782226563 0.115592956542969
0.199996948242188 -0.270950317382813 -0.0981369018554687 0.0463638305664062
0.3193359375 -0.146728515625 -0.0100488662719726 -0.00966072082519532
0.347869873046875 -0.010284423828125 0.108673095703125 -0.21429443359375
0.31036376953125 -0.110076904296875 0.19439697265625 -0.17230224609375
0.225753784179688 -0.24725341796875 0.147262573242188 -0.178268432617188
0.002044677734375 -0.297454833984375 0.0356903076171875 -0.198410034179688
-0.148666381835938 -0.198272705078125 -0.0369644165039063 -0.130439758300781
-0.2457275390625 -0.0354766845703125 -0.073638916015625 -0.0532989501953125
-0.218597412109375 0.0795288085937499 -0.0345935821533203 -0.00474739074707031
-0.197418212890625 0.0856475830078125 0.0215950012207031 -0.00527191162109374
-0.222000122070313 0.114593505859375 0.0641212463378906 -0.0299797058105469
-0.238906860351563 0.060577392578125 0.0983963012695312 0.00865936279296875
-0.24114990234375 -0.0775909423828125 0.117317199707031 0.0337905883789063
-0.166015625 -0.192291259765625 0.0556716918945312 0.0842666625976563
0.0606231689453125 -0.276748657226563 -0.0213851928710938 0.108451843261719
0.217514038085938 -0.229324340820312 -0.0538063049316406 0.00710296630859373
0.3094482421875 -0.0867919921875 0.0950088500976563 -0.034912109375
0.260696411132813 0.0590362548828125 0.224990844726563 -0.201339721679688
0.269271850585937 -0.0251617431640625 0.268402099609375 -0.166046142578125
0.225143432617188 -0.160446166992188 0.174148559570313 -0.154159545898438
0.0418243408203125 -0.243499755859375 0.0828704833984375 -0.16046142578125
-0.104568481445313 -0.18060302734375 0.0246429443359375 -0.108322143554688
-0.208389282226563 -0.0445556640625 0.000267028808593738 -0.0678176879882813
-0.191452026367188 0.05889892578125 0.0328178405761719 -0.0494766235351562
-0.175613403320313 0.0670928955078125 0.0734710693359375 -0.0560531616210937
-0.199951171875 0.0937042236328125 0.117843627929687 -0.076416015625
-0.214584350585938 0.04766845703125 0.1553955078125 -0.0233917236328125
-0.211868286132813 -0.08001708984375 0.164169311523438 0.0213775634765625
-0.132476806640625 -0.180877685546875 0.0895767211914062 0.0866470336914062
0.08380126953125 -0.236572265625 -0.00424194335937499 0.104034423828125
0.21856689453125 -0.159698486328125 -0.00868225097656249 -0.0203990936279297
0.266647338867188 -0.01177978515625 0.193359375 -0.0403900146484375
0.131248474121094 0.115158081054688 0.295806884765625 -0.17181396484375
0.17254638671875 0.0563507080078125 0.302398681640625 -0.1500244140625
0.171279907226562 -0.05322265625 0.177215576171875 -0.131759643554687
0.06170654296875 -0.147491455078125 0.107688903808594 -0.124763488769531
-0.0486221313476563 -0.1263427734375 0.0643692016601563 -0.0868988037109375
-0.137580871582031 -0.0419387817382812 0.0567398071289062 -0.0749664306640625
-0.133575439453125 0.0308303833007812 0.0847244262695312 -0.084136962890625
-0.125381469726563 0.0406417846679688 0.114326477050781 -0.0971527099609375
-0.149383544921875 0.0591583251953125 0.162750244140625 -0.111572265625
-0.1610107421875 0.0260467529296875 0.204864501953125 -0.045684814453125
-0.15716552734375 -0.0723724365234375 0.20245361328125 0.0202484130859375
-0.085052490234375 -0.147293090820313 0.116706848144531 0.0968704223632812
0.0958099365234375 -0.170181274414063 0.00972747802734377 0.107002258300781
0.191375732421875 -0.0726776123046875 0.0333595275878906 -0.0287094116210938
0.189468383789063 0.065155029296875 0.272247314453125 -0.0225982666015625
-0.050018310546875 -0.103935241699219 -0.292724609375 0.030792236328125
-0.122871398925781 0.000534057617187486 -0.0680770874023438 0.0231666564941406
-0.057647705078125 0.0794677734375 -0.00760650634765626 -0.108322143554688
0.0296173095703125 0.0853424072265625 -0.135391235351562 -0.140373229980469
0.0726165771484375 0.0375137329101563 -0.218551635742188 -0.0431365966796875
0.0823440551757813 -0.0129318237304688 -0.229141235351563 0.08355712890625
0.0603485107421875 -0.0187835693359375 -0.182876586914063 0.152435302734375
0.062835693359375 -0.0065765380859375 -0.126724243164063 0.134468078613281
0.0699806213378906 0.00510025024414063 -0.0995712280273438 0.111595153808594
0.0443458557128906 0.0419654846191406 -0.0840072631835938 0.0874786376953125
-0.00589752197265625 0.0652885437011719 -0.0786819458007813 0.091644287109375
-0.0688934326171875 0.0371246337890625 -0.113235473632812 0.106414794921875
-0.0949249267578125 -0.0542068481445313 -0.187179565429688 0.1104736328125
-0.055572509765625 -0.125465393066406 -0.282501220703125 0.143218994140625
0.0142669677734375 -0.151107788085938 -0.30853271484375 0.12725830078125
0.0785369873046875 -0.146957397460938 -0.298187255859375 -0.02532958984375
-0.043853759765625 -0.0876312255859375 -0.0740509033203125 -0.0109710693359375
-0.0371208190917969 -0.0280952453613281 -0.00363159179687499 -0.129096984863281
-0.0218944549560547 0.00232124328613281 -0.139801025390625 -0.165420532226562
-0.005889892578125 0.00240421295166016 -0.226974487304688 -0.0652618408203125
-0.0069742202758789 0.00576353073120117 -0.247055053710937 0.0753631591796875
-0.0161190032958984 0.0267906188964844 -0.193161010742187 0.155670166015625
-0.0119152069091797 0.0308818817138672 -0.12615966796875 0.140777587890625
-0.0158500671386719 0.0425491333007812 -0.0991134643554688 0.114456176757812
-0.0445404052734375 0.0434188842773438 -0.08209228515625 0.0937042236328125
-0.0786819458007813 0.0111541748046875 -0.0652084350585937 0.088653564453125
-0.0941619873046875 -0.0516433715820312 -0.0960006713867187 0.100868225097656
-0.0334625244140625 -0.142532348632813 -0.152969360351563 0.114547729492188
0.0480804443359375 -0.191009521484375 -0.244232177734375 0.135055541992188
0.137741088867188 -0.179306030273438 -0.273849487304688 0.09832763671875
0.204345703125 -0.161666870117187 -0.256301879882813 -0.08935546875
0.0611572265625 -0.158798217773438 -0.0480384826660156 -0.0586128234863281
0.00891113281249999 -0.143112182617188 0.016082763671875 -0.15576171875
-0.0615005493164062 -0.0997161865234375 -0.124771118164062 -0.1934814453125
-0.0833969116210937 -0.0482406616210938 -0.2132568359375 -0.0931549072265625
-0.100456237792969 0.0150909423828125 -0.241607666015625 0.0509948730468751
-0.0933380126953125 0.064727783203125 -0.182022094726562 0.137222290039063
-0.08428955078125 0.0638427734375 -0.106857299804687 0.126869201660156
-0.095550537109375 0.0799102783203125 -0.076171875 0.0982818603515625
-0.123741149902344 0.0523147583007813 -0.055206298828125 0.0904006958007813
-0.148696899414063 -0.02490234375 -0.0305862426757813 0.0834808349609375
-0.130119323730469 -0.115394592285156 -0.0629196166992188 0.100494384765625
-0.00244140625 -0.215103149414062 -0.111480712890625 0.122245788574219
0.11590576171875 -0.24652099609375 -0.19287109375 0.119171142578125
0.229476928710938 -0.194046020507813 -0.202529907226563 0.0684661865234375
0.3055419921875 -0.142181396484375 -0.165069580078125 -0.149581909179687
0.174392700195313 -0.194778442382813 0.00983428955078126 -0.109451293945313
0.0788116455078125 -0.238006591796875 0.0520172119140625 -0.178451538085938
-0.0757904052734375 -0.202224731445313 -0.0873260498046875 -0.2142333984375
-0.14453125 -0.108184814453125 -0.172576904296875 -0.119216918945313
-0.18121337890625 0.0112457275390625 -0.20831298828125 0.0155792236328125
-0.158294677734375 0.0889739990234375 -0.149795532226562 0.100540161132813
-0.143798828125 0.0884857177734375 -0.0718612670898438 0.0947799682617188
-0.159439086914062 0.110519409179688 -0.0373191833496094 0.0662155151367187
-0.185348510742188 0.065338134765625 -0.0110702514648438 0.0728378295898438
-0.205947875976562 -0.044342041015625 0.0164337158203125 0.0704345703125
-0.16522216796875 -0.153091430664062 -0.0218429565429688 0.097381591796875
0.00959777832031252 -0.263946533203125 -0.0718765258789063 0.123527526855469
0.155487060546875 -0.277740478515625 -0.14202880859375 0.090087890625
0.283935546875 -0.189208984375 -0.112632751464844 0.0315093994140625
0.354766845703125 -0.0938720703125 -0.03912353515625 -0.192855834960937
0.262374877929688 -0.180755615234375 0.093353271484375 -0.151077270507813
0.156448364257813 -0.280410766601563 0.097900390625 -0.18756103515625
-0.055694580078125 -0.274673461914063 -0.0298614501953125 -0.216583251953125
-0.169540405273437 -0.160552978515625 -0.109466552734375 -0.131462097167969
-0.23150634765625 -0.00329589843750004 -0.148834228515625 -0.0216217041015625
-0.199493408203125 0.09722900390625 -0.0972671508789063 0.05010986328125
-0.1796875 0.0976409912109375 -0.0267601013183594 0.0483169555664063
-0.199325561523438 0.126449584960938 0.0100975036621094 0.0205230712890625
-0.221038818359375 0.0738677978515625 0.0424995422363281 0.0422554016113281
-0.238021850585937 -0.0551300048828125 0.0662841796875 0.0500869750976563
-0.181137084960937 -0.173370361328125 0.0191116333007812 0.0903091430664062
0.02447509765625 -0.28326416015625 -0.0414657592773438 0.117164611816406
0.183975219726562 -0.272247314453125 -0.0972061157226563 0.05047607421875
0.307586669921875 -0.156219482421875 -0.0122900009155273 -0.00728988647460938
0.337677001953125 -0.02471923828125 0.0966796875 -0.209823608398438
0.295196533203125 -0.119049072265625 0.182937622070313 -0.1707763671875
0.21075439453125 -0.251480102539063 0.141220092773438 -0.176956176757813
-0.0125732421875 -0.287811279296875 0.0304412841796875 -0.195266723632813
-0.154754638671875 -0.18548583984375 -0.0382308959960938 -0.126434326171875
-0.240005493164063 -0.020538330078125 -0.0735321044921875 -0.0496902465820313
-0.20880126953125 0.089599609375 -0.0333499908447266 -0.00222015380859374
-0.188827514648438 0.0937957763671875 0.0235805511474609 -0.00521850585937499
-0.210418701171875 0.123794555664063 0.0623779296875 -0.0305633544921875
-0.228744506835938 0.0720977783203125 0.0992050170898438 0.00587463378906251
-0.240493774414062 -0.0621948242187499 0.116188049316406 0.0290451049804688
-0.17181396484375 -0.178802490234375 0.057525634765625 0.0845413208007812
0.0456695556640625 -0.272537231445313 -0.0190505981445312 0.110160827636719
0.2005615234375 -0.233139038085938 -0.0555839538574219 0.0107955932617187
0.300018310546875 -0.097930908203125 0.0893325805664063 -0.036468505859375
0.256179809570313 0.0450439453125 0.211593627929688 -0.2020263671875
0.259140014648438 -0.034637451171875 0.255401611328125 -0.16778564453125
0.212783813476562 -0.167022705078125 0.167465209960938 -0.154998779296875
0.027252197265625 -0.238876342773438 0.0777435302734375 -0.159317016601563
-0.111083984375 -0.169097900390625 0.0226211547851563 -0.107612609863281
-0.20379638671875 -0.03082275390625 -0.00114059448242189 -0.0664482116699219
-0.183547973632813 0.0672607421875 0.0305328369140625 -0.0496559143066406
-0.167404174804688 0.0751190185546875 0.0712432861328125 -0.0568923950195313
-0.190048217773437 0.102890014648438 0.112480163574219 -0.0790786743164063
-0.205322265625 0.05780029296875 0.153076171875 -0.028564453125
-0.211380004882813 -0.066070556640625 0.161727905273438 0.0153350830078125
-0.1387939453125 -0.169052124023438 0.0901718139648437 0.08489990234375
0.06976318359375 -0.234695434570312 -0.0017547607421875 0.104759216308594
0.204376220703125 -0.165679931640625 -0.0125083923339844 -0.0178031921386719
0.2601318359375 -0.0235137939453125 0.185333251953125 -0.047271728515625
0.130844116210938 0.104042053222656 0.281402587890625 -0.17840576171875
0.168441772460938 0.0462799072265625 0.290771484375 -0.154510498046875
0.1634521484375 -0.0607452392578125 0.170791625976563 -0.133819580078125
0.0505523681640625 -0.14593505859375 0.103096008300781 -0.126487731933594
-0.0540695190429687 -0.119155883789063 0.0603256225585937 -0.0881118774414063
-0.135154724121094 -0.0318374633789062 0.0518264770507812 -0.0753402709960937
-0.127578735351563 0.03692626953125 0.0794677734375 -0.085113525390625
-0.119384765625 0.0457611083984375 0.108413696289062 -0.0990524291992188
-0.14154052734375 0.06634521484375 0.154953002929688 -0.115692138671875
-0.15484619140625 0.034637451171875 0.19903564453125 -0.0522308349609375
-0.157501220703125 -0.061279296875 0.198043823242188 0.011505126953125
-0.090667724609375 -0.139503479003906 0.116828918457031 0.092926025390625
0.084686279296875 -0.169525146484375 0.0117950439453125 0.106742858886719
0.1807861328125 -0.079010009765625 0.02935791015625 -0.0279655456542969
0.187042236328125 0.05377197265625 0.263702392578125 -0.0337371826171875
-0.052459716796875 -0.0986785888671875 -0.2861328125 0.04656982421875
-0.120452880859375 0.00848388671875001 -0.0628890991210938 0.0277481079101563
-0.0516281127929687 0.080596923828125 -0.0101547241210938 -0.10931396484375
0.034271240234375 0.0804290771484375 -0.140296936035156 -0.133758544921875
0.0731201171875 0.0317764282226563 -0.218704223632813 -0.0321197509765625
0.0788192749023438 -0.0182952880859375 -0.221527099609375 0.0926513671875
0.0566062927246094 -0.022247314453125 -0.172149658203125 0.159698486328125
0.0612144470214844 -0.011962890625 -0.116989135742187 0.138473510742188
0.0685615539550781 -0.000453948974609375 -0.0914840698242187 0.115577697753906
0.0457572937011719 0.0375518798828125 -0.0782623291015625 0.091278076171875
-0.00114822387695312 0.0627365112304688 -0.0730361938476563 0.0970458984375
-0.0643310546875 0.0385551452636719 -0.108184814453125 0.112884521484375
-0.0945053100585938 -0.0473403930664062 -0.183853149414063 0.116561889648437
-0.06048583984375 -0.119209289550781 -0.27435302734375 0.154006958007813
0.0054931640625 -0.1497802734375 -0.301055908203125 0.141632080078125
0.0715484619140625 -0.148117065429688 -0.2952880859375 -0.00665283203125
-0.0465927124023438 -0.0819320678710938 -0.0706710815429688 -0.00518798828125001
-0.0369415283203125 -0.0267219543457031 -0.00640106201171875 -0.129661560058594
-0.0217609405517578 0.00187110900878906 -0.144393920898438 -0.15789794921875
-0.00656652450561524 0.00157594680786133 -0.2274169921875 -0.05377197265625
-0.00760698318481445 0.00612401962280273 -0.239105224609375 0.0853118896484375
-0.0157966613769531 0.0273876190185547 -0.18048095703125 0.16375732421875
-0.0106983184814453 0.0299758911132813 -0.115631103515625 0.144973754882812
-0.0140266418457031 0.0420761108398438 -0.0900344848632813 0.11798095703125
-0.0411415100097656 0.0438003540039062 -0.0745925903320313 0.0974349975585938
-0.0758056640625 0.014404296875 -0.0589218139648438 0.0938873291015625
-0.094818115234375 -0.0467758178710937 -0.0914230346679687 0.107368469238281
-0.03826904296875 -0.13751220703125 -0.150192260742188 0.11981201171875
0.0376739501953125 -0.190048217773438 -0.238662719726563 0.144622802734375
0.126144409179688 -0.18359375 -0.268417358398438 0.112228393554687
0.19525146484375 -0.169052124023438 -0.256484985351563 -0.0715789794921875
0.05279541015625 -0.157516479492188 -0.0484199523925781 -0.052734375
0.00195312499999999 -0.143356323242188 0.011871337890625 -0.155731201171875
-0.0665359497070313 -0.0955963134765625 -0.130828857421875 -0.185516357421875
-0.0857009887695313 -0.0428466796875 -0.213897705078125 -0.0831451416015624
-0.09796142578125 0.0217742919921875 -0.234451293945313 0.061309814453125
-0.0888900756835938 0.069580078125 -0.171035766601563 0.144912719726563
-0.0797805786132813 0.0676498413085937 -0.0961761474609375 0.130088806152344
-0.0898666381835937 0.0843124389648438 -0.0681381225585938 0.102218627929688
-0.118553161621094 0.0583343505859375 -0.0469818115234375 0.0936813354492187
-0.147171020507813 -0.0164947509765625 -0.0247573852539063 0.0871963500976562
-0.134452819824219 -0.106239318847656 -0.0586776733398438 0.106903076171875
-0.0125579833984375 -0.212539672851563 -0.108192443847656 0.126663208007813
0.1016845703125 -0.24871826171875 -0.188995361328125 0.127639770507812
0.21728515625 -0.203155517578125 -0.199356079101563 0.07977294921875
0.29461669921875 -0.155975341796875 -0.171005249023437 -0.135498046875
0.160797119140625 -0.198806762695313 0.00658416748046877 -0.104522705078125
0.0655517578125 -0.240447998046875 0.0467529296875 -0.17938232421875
-0.0861968994140625 -0.1949462890625 -0.0937042236328125 -0.208450317382812
-0.148208618164062 -0.09832763671875 -0.174560546875 -0.111083984375
-0.177474975585938 0.0226898193359375 -0.203369140625 0.0255279541015625
-0.150619506835937 0.0991363525390625 -0.139938354492188 0.106338500976562
-0.135948181152344 0.0953521728515625 -0.0622787475585937 0.097198486328125
-0.150405883789063 0.119003295898437 -0.0314903259277344 0.0685539245605469
-0.177459716796875 0.07611083984375 -0.00349426269531251 0.0736236572265625
-0.205459594726562 -0.0302734375 0.0211181640625 0.0710906982421875
-0.17205810546875 -0.14080810546875 -0.0175323486328125 0.101898193359375
-0.00314331054687501 -0.261764526367188 -0.0686874389648437 0.127067565917969
0.139129638671875 -0.281524658203125 -0.140609741210937 0.0966033935546875
0.27203369140625 -0.201675415039063 -0.11212158203125 0.0394439697265625
0.344818115234375 -0.1104736328125 -0.048675537109375 -0.184402465820313
0.249069213867188 -0.19000244140625 0.0854949951171875 -0.14910888671875
0.13983154296875 -0.286041259765625 0.0917205810546875 -0.189483642578125
-0.0716552734375 -0.267166137695313 -0.0375518798828125 -0.21240234375
-0.176116943359375 -0.148101806640625 -0.112144470214844 -0.126838684082031
-0.2276611328125 0.0122222900390625 -0.147262573242188 -0.0135650634765625
-0.190399169921875 0.108612060546875 -0.0916290283203125 0.0544052124023438
-0.17132568359375 0.107559204101562 -0.0200424194335938 0.0493545532226563
-0.188079833984375 0.138076782226563 0.0130290985107422 0.0207004547119141
-0.212158203125 0.0869140625 0.0474624633789062 0.0408096313476563
-0.239120483398438 -0.0384521484375 0.0696258544921875 0.048248291015625
-0.1900634765625 -0.15936279296875 0.0238571166992187 0.0930938720703125
0.0086212158203125 -0.28106689453125 -0.036895751953125 0.120635986328125
0.164093017578125 -0.278854370117188 -0.0980987548828125 0.0553665161132812
0.296539306640625 -0.170440673828125 -0.0146188735961914 -0.00434970855712892
0.33172607421875 -0.042999267578125 0.0845794677734375 -0.209030151367188
0.284454345703125 -0.132049560546875 0.173187255859375 -0.172775268554688
0.195526123046875 -0.259567260742188 0.133773803710938 -0.180740356445313
-0.02984619140625 -0.282623291015625 0.0230712890625 -0.194580078125
-0.163009643554688 -0.172500610351563 -0.0417098999023438 -0.124809265136719
-0.2362060546875 -0.00474548339843745 -0.0748138427734375 -0.04547119140625
-0.199539184570313 0.101272583007812 -0.0316734313964844 -0.000278472900390616
-0.179641723632812 0.104080200195313 0.0259552001953125 -0.00565910339355468
-0.198699951171875 0.137786865234375 0.0618782043457031 -0.0331993103027344
-0.219161987304687 0.085693359375 0.101303100585938 0.00150299072265626
-0.241943359375 -0.0439910888671875 0.117210388183594 0.0240325927734375
-0.18121337890625 -0.164459228515625 0.0609359741210937 0.0847702026367188
0.029449462890625 -0.271484375 -0.0140228271484375 0.112533569335937
0.183670043945313 -0.241226196289063 -0.0576057434082031 0.0154228210449219
0.292633056640625 -0.11297607421875 0.0839614868164063 -0.0393142700195313
0.254409790039063 0.0293121337890625 0.199356079101563 -0.208343505859375
0.252120971679687 -0.047943115234375 0.24517822265625 -0.175643920898438
0.201171875 -0.17779541015625 0.160858154296875 -0.160171508789063
0.0121002197265625 -0.235977172851563 0.07183837890625 -0.161895751953125
-0.119522094726563 -0.159149169921875 0.0188522338867187 -0.109649658203125
-0.201019287109375 -0.017059326171875 -0.00525665283203126 -0.0658645629882813
-0.175857543945313 0.07818603515625 0.0284652709960937 -0.0502548217773437
-0.1595458984375 0.085052490234375 0.0696449279785156 -0.0591697692871094
-0.180694580078125 0.115402221679688 0.107948303222656 -0.0832290649414062
-0.198348999023438 0.07025146484375 0.152069091796875 -0.0355224609375
-0.21337890625 -0.0498046875 0.160507202148438 0.00732421875
-0.148391723632812 -0.156906127929688 0.0934982299804687 0.0818862915039063
0.054351806640625 -0.234939575195312 0.00299072265625001 0.106765747070312
0.19091796875 -0.174102783203125 -0.015650749206543 -0.0160694122314453
0.257003784179688 -0.037353515625 0.177978515625 -0.055877685546875
0.133979797363281 0.094818115234375 0.269638061523438 -0.189559936523438
0.167068481445312 0.0370941162109375 0.281463623046875 -0.16424560546875
0.158187866210937 -0.070068359375 0.165542602539063 -0.139541625976563
0.0393218994140625 -0.14605712890625 0.0982513427734375 -0.131553649902344
-0.061004638671875 -0.112525939941406 0.0564727783203125 -0.0923004150390625
-0.133392333984375 -0.021453857421875 0.0468368530273437 -0.0778884887695313
-0.121879577636719 0.0443572998046875 0.074127197265625 -0.0888137817382813
-0.114326477050781 0.0531845092773437 0.102180480957031 -0.103111267089844
-0.134574890136719 0.0750656127929688 0.147018432617188 -0.122756958007813
-0.148880004882812 0.0448455810546875 0.1951904296875 -0.0622100830078125
-0.158737182617188 -0.049102783203125 0.196487426757813 0.001708984375
-0.0985488891601563 -0.130401611328125 0.119293212890625 0.08868408203125
0.0726165771484375 -0.171798706054688 0.015533447265625 0.107070922851562
0.172088623046875 -0.0870208740234375 0.0252456665039063 -0.0287647247314453
0.187423706054688 0.0420989990234375 0.255340576171875 -0.0477294921875
-0.05511474609375 -0.0927276611328125 -0.27490234375 0.067413330078125
-0.115081787109375 0.0183944702148437 -0.0563812255859375 0.0319099426269531
-0.0450439453125 0.0815505981445312 -0.015350341796875 -0.109687805175781
0.039093017578125 0.0736618041992188 -0.146102905273438 -0.122695922851562
0.0723190307617188 0.0247268676757813 -0.21661376953125 -0.0167236328125
0.0748138427734375 -0.0243988037109375 -0.209808349609375 0.10479736328125
0.052703857421875 -0.0258331298828125 -0.156753540039062 0.1676025390625
0.0571975708007813 -0.0175666809082031 -0.105087280273438 0.142776489257813
0.0657920837402344 -0.00753021240234375 -0.08074951171875 0.119552612304688
0.0469589233398438 0.0312271118164062 -0.0709686279296875 0.0949859619140625
0.00389480590820312 0.0595588684082031 -0.0642547607421875 0.10162353515625
-0.0585556030273438 0.0404930114746094 -0.100196838378906 0.119216918945313
-0.0937347412109375 -0.0390853881835938 -0.176177978515625 0.1248779296875
-0.0665359497070313 -0.111175537109375 -0.261154174804688 0.1676025390625
-0.00544738769531251 -0.145797729492187 -0.28717041015625 0.1597900390625
0.062408447265625 -0.149093627929687 -0.288055419921875 0.016387939453125
-0.0503158569335938 -0.074676513671875 -0.0672378540039063 0.00172805786132811
-0.0383148193359375 -0.0252647399902344 -0.0123672485351563 -0.129051208496094
-0.0211868286132813 0.0017242431640625 -0.151260375976563 -0.146102905273437
-0.00716352462768555 0.00159215927124023 -0.225296020507812 -0.0385894775390625
-0.00796890258789063 0.00728273391723633 -0.2275390625 0.0990447998046875
-0.0145549774169922 0.0287971496582031 -0.164413452148438 0.172088623046875
-0.00937080383300781 0.0289440155029297 -0.101455688476563 0.148635864257813
-0.0104789733886719 0.0411758422851563 -0.078369140625 0.122489929199219
-0.0367889404296875 0.0452804565429688 -0.06463623046875 0.101394653320312
-0.0725784301757813 0.0184783935546875 -0.0510787963867188 0.09844970703125
-0.0947036743164062 -0.0400238037109375 -0.0840225219726563 0.114433288574219
-0.0450286865234375 -0.131927490234375 -0.143096923828125 0.126998901367187
0.0243988037109375 -0.18695068359375 -0.227523803710937 0.156982421875
0.111785888671875 -0.187698364257812 -0.256942749023438 0.130126953125
0.181304931640625 -0.178054809570313 -0.25518798828125 -0.0493316650390625
0.04132080078125 -0.15521240234375 -0.049102783203125 -0.0457954406738281
-0.00790405273437499 -0.140899658203125 0.00514221191406252 -0.155685424804688
-0.0718841552734375 -0.0896377563476563 -0.138229370117187 -0.173873901367188
-0.0873947143554687 -0.035888671875 -0.214492797851562 -0.0684814453125
-0.093902587890625 0.0290756225585937 -0.224136352539063 0.0749053955078125
-0.0821456909179688 0.0758819580078125 -0.154739379882813 0.152938842773437
-0.0732345581054688 0.0713043212890625 -0.0816116333007813 0.132957458496094
-0.081207275390625 0.08905029296875 -0.0573043823242188 0.105209350585938
-0.1107177734375 0.065277099609375 -0.0372314453125 0.0956344604492188
-0.144577026367188 -0.00473022460937498 -0.0172805786132813 0.089263916015625
-0.138664245605469 -0.094482421875 -0.0510406494140625 0.112571716308594
-0.0253753662109375 -0.20654296875 -0.101936340332031 0.131904602050781
0.082000732421875 -0.248687744140625 -0.180435180664063 0.137985229492187
0.198944091796875 -0.213058471679688 -0.192001342773437 0.093536376953125
0.277938842773438 -0.171463012695313 -0.175430297851562 -0.116607666015625
0.143707275390625 -0.203292846679688 0.000823974609375016 -0.0998001098632813
0.047515869140625 -0.240325927734375 0.0373992919921875 -0.179306030273438
-0.0987091064453125 -0.184097290039063 -0.102996826171875 -0.1983642578125
-0.152496337890625 -0.0845184326171875 -0.177474975585938 -0.098541259765625
-0.17047119140625 0.0366668701171875 -0.196823120117188 0.0381011962890625
-0.140060424804688 0.108657836914062 -0.127113342285156 0.113662719726562
-0.125511169433594 0.102653503417969 -0.051025390625 0.098663330078125
-0.136924743652344 0.128341674804688 -0.0240936279296875 0.0696029663085938
-0.166412353515625 0.0875244140625 0.00474548339843749 0.0727996826171875
-0.20294189453125 -0.013031005859375 0.0261459350585937 0.0706329345703125
-0.17822265625 -0.124526977539062 -0.0103530883789063 0.105819702148438
-0.021270751953125 -0.255950927734375 -0.0615615844726563 0.130233764648437
0.114898681640625 -0.284027099609375 -0.135055541992187 0.105697631835938
0.253555297851563 -0.214630126953125 -0.108551025390625 0.0482711791992188
0.32928466796875 -0.1314697265625 -0.0603179931640625 -0.173171997070312
0.22900390625 -0.200424194335937 0.07464599609375 -0.1480712890625
0.1170654296875 -0.29132080078125 0.0813751220703125 -0.191696166992188
-0.08966064453125 -0.25421142578125 -0.04833984375 -0.206069946289063
-0.183013916015625 -0.130996704101562 -0.116966247558594 -0.118965148925781
-0.21966552734375 0.0298614501953125 -0.144073486328125 -0.00381469726562497
-0.177474975585938 0.121536254882813 -0.0838546752929688 0.0594558715820313
-0.158203125 0.117507934570312 -0.0129852294921875 0.04913330078125
-0.1719970703125 0.150650024414063 0.015716552734375 0.0200881958007813
-0.19891357421875 0.10137939453125 0.0521621704101562 0.0364608764648438
-0.23583984375 -0.0173187255859375 0.0722122192382812 0.0433120727539062
-0.197280883789063 -0.140533447265625 0.0302658081054687 0.093841552734375
-0.01220703125 -0.275192260742188 -0.0305099487304688 0.122673034667969
0.1402587890625 -0.2830810546875 -0.0960159301757812 0.063690185546875
0.279617309570313 -0.18682861328125 -0.017251968383789 -0.000391006469726575
0.321258544921875 -0.0650634765625 0.068359375 -0.206527709960937
0.267440795898438 -0.147003173828125 0.158355712890625 -0.177734375
0.17230224609375 -0.26983642578125 0.122482299804688 -0.184600830078125
-0.05072021484375 -0.272201538085937 0.01239013671875 -0.19219970703125
-0.171585083007812 -0.155670166015625 -0.0472793579101563 -0.121444702148438
-0.22882080078125 0.0147705078125 -0.0757064819335938 -0.0398406982421875
-0.186447143554688 0.11474609375 -0.0285625457763672 0.00155067443847657
-0.166854858398438 0.11541748046875 0.0278530120849609 -0.00717926025390624
-0.181777954101563 0.151397705078125 0.0589332580566406 -0.0360794067382812
-0.205459594726562 0.101608276367188 0.101570129394531 -0.00544738769531249
-0.2391357421875 -0.022430419921875 0.116607666015625 0.016754150390625
-0.190032958984375 -0.145980834960938 0.066314697265625 0.0823974609375
0.0084991455078125 -0.267532348632813 -0.00784301757812499 0.11358642578125
0.160400390625 -0.2474365234375 -0.0581169128417969 0.0205039978027344
0.278594970703125 -0.131134033203125 0.0770034790039063 -0.0421981811523438
0.25091552734375 0.01019287109375 0.179855346679688 -0.215072631835938
0.241912841796875 -0.063995361328125 0.229095458984375 -0.18524169921875
0.184051513671875 -0.189010620117188 0.14984130859375 -0.165863037109375
-0.00708007812500001 -0.229537963867187 0.0613555908203125 -0.164108276367188
-0.128570556640625 -0.1448974609375 0.012298583984375 -0.111091613769531
-0.195846557617188 0.000305175781249978 -0.00927352905273439 -0.0643424987792969
-0.164138793945313 0.0896759033203125 0.0253181457519531 -0.0514602661132812
-0.14886474609375 0.095184326171875 0.0657577514648437 -0.0622444152832031
-0.165283203125 0.128799438476563 0.10009765625 -0.0891876220703125
-0.18603515625 0.0851287841796875 0.147857666015625 -0.0450592041015625
-0.21221923828125 -0.030426025390625 0.1573486328125 -0.0032958984375
-0.156997680664063 -0.140777587890625 0.0981292724609375 0.0767974853515625
0.035430908203125 -0.233352661132812 0.00923919677734376 0.106620788574219
0.172500610351563 -0.183074951171875 -0.0192527770996094 -0.0136184692382813
0.248764038085938 -0.0553436279296875 0.1676025390625 -0.0661773681640625
0.136856079101562 0.0818023681640625 0.250900268554688 -0.202804565429688
0.164642333984375 0.0240478515625 0.266021728515625 -0.177993774414063
0.14935302734375 -0.0807952880859375 0.155792236328125 -0.146804809570313
0.0259552001953125 -0.143173217773437 0.0896148681640625 -0.135879516601563
-0.0682907104492188 -0.102867126464844 0.0504989624023437 -0.096435546875
-0.12969970703125 -0.00899505615234377 0.0403289794921875 -0.0801162719726563
-0.114608764648438 0.0533065795898437 0.0664749145507812 -0.0919723510742188
-0.106544494628906 0.0608291625976563 0.0936965942382813 -0.106948852539063
-0.124916076660156 0.0859451293945312 0.134536743164063 -0.129768371582031
-0.140716552734375 0.0558624267578125 0.18719482421875 -0.074371337890625
-0.15850830078125 -0.034210205078125 0.191207885742187 -0.011322021484375
-0.106399536132813 -0.118820190429687 0.124008178710938 0.080841064453125
0.057830810546875 -0.171859741210938 0.0224227905273437 0.106544494628906
0.159683227539063 -0.0963897705078125 0.0202693939208984 -0.0291976928710938
0.185775756835938 0.0275421142578125 0.24407958984375 -0.065093994140625
-0.0570297241210937 -0.0857009887695313 -0.255844116210938 0.0848846435546875
-0.1063232421875 0.02655029296875 -0.0489692687988281 0.0348014831542969
-0.0370635986328125 0.0802764892578125 -0.0211563110351562 -0.107421875
0.0417594909667969 0.0658836364746094 -0.14764404296875 -0.109405517578125
0.0698318481445313 0.0172920227050781 -0.208221435546875 -0.00169372558593747
0.06829833984375 -0.0287437438964844 -0.193649291992188 0.11346435546875
0.0473213195800781 -0.0285224914550781 -0.137924194335937 0.170547485351563
0.0511054992675781 -0.0220909118652344 -0.0902862548828125 0.143112182617188
0.0607261657714844 -0.0136337280273438 -0.0680160522460937 0.119529724121094
0.04595947265625 0.0248184204101562 -0.0607223510742188 0.0966949462890625
0.00811004638671875 0.0543060302734375 -0.0539779663085938 0.103904724121094
-0.0530929565429688 0.0414047241210938 -0.0891799926757812 0.121879577636719
-0.0913925170898438 -0.0305862426757812 -0.16387939453125 0.130859375
-0.0703887939453125 -0.100212097167969 -0.24053955078125 0.17742919921875
-0.0149688720703125 -0.137710571289063 -0.264450073242188 0.172698974609375
0.0516204833984375 -0.1475830078125 -0.272857666015625 0.037689208984375
-0.0513572692871094 -0.0660324096679687 -0.0620498657226563 0.00727081298828124
-0.0384025573730469 -0.0222625732421875 -0.0189971923828125 -0.125984191894531
-0.020355224609375 0.00203704833984375 -0.153366088867187 -0.131591796875
-0.00734281539916992 0.00116634368896484 -0.218368530273438 -0.022125244140625
-0.00758695602416992 0.00742578506469726 -0.21002197265625 0.109298706054688
-0.0118885040283203 0.0294418334960938 -0.144287109375 0.175079345703125
-0.008270263671875 0.0274791717529297 -0.084808349609375 0.147613525390625
-0.00778961181640625 0.0391159057617188 -0.0647735595703125 0.122169494628906
-0.0316238403320313 0.0443382263183594 -0.0541152954101563 0.102691650390625
-0.0675582885742188 0.02197265625 -0.0410919189453125 0.099365234375
-0.09295654296875 -0.03265380859375 -0.073760986328125 0.117599487304688
-0.0508346557617188 -0.122627258300781 -0.133209228515625 0.131668090820312
0.0106353759765625 -0.179458618164063 -0.21014404296875 0.165542602539063
0.09442138671875 -0.186614990234375 -0.238876342773438 0.143569946289063
0.16229248046875 -0.183349609375 -0.245895385742188 -0.026885986328125
0.030181884765625 -0.148223876953125 -0.0476531982421875 -0.0378952026367188
-0.0171279907226562 -0.135627746582031 -0.00341796875000001 -0.151077270507812
-0.0756072998046875 -0.0807723999023438 -0.142257690429687 -0.1588134765625
-0.0863418579101563 -0.0286788940429688 -0.20892333984375 -0.052490234375
-0.0877838134765625 0.0353546142578125 -0.209426879882812 0.0860443115234375
-0.0735397338867187 0.0793609619140625 -0.136505126953125 0.156951904296875
-0.0653305053710938 0.0724945068359375 -0.0669479370117187 0.131393432617188
-0.0703506469726562 0.0909347534179688 -0.0451202392578125 0.105010986328125
-0.100173950195312 0.0701141357421875 -0.0265350341796875 0.0945816040039062
-0.138031005859375 0.00569915771484372 -0.00957489013671876 0.0893630981445313
-0.138839721679688 -0.0808944702148437 -0.0415725708007812 0.114425659179687
-0.037353515625 -0.196731567382813 -0.0927886962890625 0.133941650390625
0.06134033203125 -0.24298095703125 -0.166976928710938 0.145065307617187
0.1773681640625 -0.216842651367188 -0.178085327148437 0.104080200195312
0.255340576171875 -0.183212280273438 -0.174484252929687 -0.0960540771484375
0.124465942382813 -0.201065063476563 -0.00453948974609375 -0.0920562744140625
0.029266357421875 -0.2344970703125 0.027130126953125 -0.176040649414063
-0.106796264648437 -0.168212890625 -0.11004638671875 -0.183700561523438
-0.150833129882813 -0.070343017578125 -0.174484252929688 -0.0845947265625
-0.159103393554688 0.048492431640625 -0.184982299804688 0.048370361328125
-0.125137329101563 0.114952087402344 -0.112052917480469 0.116981506347656
-0.112373352050781 0.10699462890625 -0.0390548706054688 0.0960540771484375
-0.119972229003906 0.133346557617188 -0.0157203674316406 0.0682029724121094
-0.15106201171875 0.095855712890625 0.0122947692871094 0.0698966979980469
-0.19403076171875 0.00384521484374996 0.030853271484375 0.0676803588867188
-0.178482055664063 -0.106597900390625 -0.00149536132812501 0.105476379394531
-0.0375518798828125 -0.243560791015625 -0.0532684326171875 0.130844116210937
0.089874267578125 -0.278976440429687 -0.125686645507813 0.111923217773437
0.229461669921875 -0.223114013671875 -0.102020263671875 0.0554885864257812
0.30767822265625 -0.148895263671875 -0.0686798095703125 -0.157958984375
0.205184936523438 -0.204193115234375 0.0630035400390625 -0.14288330078125
0.092071533203125 -0.287109375 0.067291259765625 -0.188522338867188
-0.103836059570312 -0.234893798828125 -0.057861328125 -0.194290161132813
-0.182907104492188 -0.111846923828125 -0.118499755859375 -0.108352661132813
-0.2059326171875 0.045318603515625 -0.1375732421875 0.0052947998046875
-0.159820556640625 0.129913330078125 -0.07415771484375 0.0620498657226562
-0.142013549804688 0.123672485351562 -0.00588607788085939 0.0469398498535156
-0.15106201171875 0.158294677734375 0.0187816619873047 0.0185260772705078
-0.180465698242188 0.112884521484375 0.055267333984375 0.0312271118164063
-0.226394653320313 0.00306701660156246 0.0729904174804687 0.0379409790039063
-0.198471069335937 -0.118896484375 0.0362625122070312 0.0912933349609375
-0.031158447265625 -0.263427734375 -0.0226058959960938 0.1219482421875
0.113113403320313 -0.280548095703125 -0.0900421142578125 0.0691680908203125
0.25531005859375 -0.198944091796875 -0.0174322128295898 0.00288486480712889
0.302398681640625 -0.08404541015625 0.0512237548828125 -0.198974609375
0.24468994140625 -0.157012939453125 0.140625 -0.17730712890625
0.145767211914063 -0.271072387695313 0.108047485351563 -0.184768676757813
-0.0684051513671875 -0.2552490234375 0.00155639648437499 -0.185302734375
-0.174331665039063 -0.13525390625 -0.0524444580078125 -0.114883422851563
-0.215316772460938 0.032440185546875 -0.0750961303710938 -0.0331039428710938
-0.168212890625 0.1240234375 -0.0264968872070313 0.00354385375976563
-0.149444580078125 0.122772216796875 0.0293731689453125 -0.00984001159667968
-0.16009521484375 0.159957885742188 0.0554428100585937 -0.0377998352050781
-0.187347412109375 0.113540649414062 0.0985488891601562 -0.0127410888671875
-0.230133056640625 -0.000656127929687492 0.113777160644531 0.00833892822265625
-0.191879272460938 -0.124237060546875 0.0704269409179688 0.0773468017578125
-0.011962890625 -0.256881713867188 -0.000640869140625004 0.111404418945312
0.134841918945312 -0.248001098632812 -0.0572700500488281 0.0256309509277344
0.258514404296875 -0.145782470703125 0.0694198608398438 -0.0442352294921875
0.239837646484375 -0.0084228515625 0.157608032226563 -0.215301513671875
0.225799560546875 -0.0770721435546875 0.208328247070313 -0.190444946289062
0.16217041015625 -0.19537353515625 0.134262084960938 -0.16864013671875
-0.0243377685546875 -0.21685791015625 0.049957275390625 -0.161148071289063
-0.132240295410156 -0.127693176269531 0.00572204589843748 -0.108848571777344
-0.184219360351563 0.01593017578125 -0.0129737854003906 -0.0617256164550781
-0.149032592773437 0.0989532470703125 0.02044677734375 -0.0512008666992187
-0.1336669921875 0.101783752441406 0.0600166320800781 -0.0648193359375
-0.146194458007813 0.136932373046875 0.0895004272460937 -0.091064453125
-0.169113159179687 0.096466064453125 0.139366149902344 -0.0539016723632813
-0.204910278320313 -0.010650634765625 0.150360107421875 -0.013763427734375
-0.160598754882813 -0.121368408203125 0.100105285644531 0.0693435668945312
0.016632080078125 -0.226058959960938 0.0159454345703125 0.103446960449219
0.150436401367188 -0.18682861328125 -0.0216560363769531 -0.00995063781738282
0.23419189453125 -0.0710906982421875 0.154083251953125 -0.07415771484375
0.135452270507813 0.0673141479492188 0.226806640625 -0.209442138671875
0.158203125 0.0116119384765625 0.24444580078125 -0.186630249023438
0.136764526367188 -0.0889663696289063 0.141555786132813 -0.150466918945313
0.0128173828125 -0.137351989746094 0.0783309936523438 -0.137336730957031
-0.0718917846679688 -0.0917816162109375 0.0420074462890625 -0.0975112915039063
-0.122970581054688 0.00170135498046873 0.0328521728515625 -0.07965087890625
-0.104736328125 0.0593414306640625 0.056732177734375 -0.0932159423828125
-0.0963592529296875 0.0661468505859375 0.08306884765625 -0.10919189453125
-0.110382080078125 0.0927505493164063 0.119140625 -0.13275146484375
-0.129234313964844 0.0648727416992188 0.1748046875 -0.084991455078125
-0.153472900390625 -0.018951416015625 0.1815185546875 -0.0247039794921875
-0.109931945800781 -0.104225158691406 0.124549865722656 0.0704193115234375
0.042144775390625 -0.167831420898438 0.0276641845703125 0.102516174316406
0.144683837890625 -0.103668212890625 0.0146751403808594 -0.0286159515380859
0.179473876953125 0.012420654296875 0.225997924804688 -0.078460693359375
-0.0567474365234375 -0.0785598754882813 -0.234756469726562 0.0930938720703125
-0.0968399047851563 0.030487060546875 -0.0419197082519531 0.0361976623535156
-0.0310897827148437 0.07696533203125 -0.024383544921875 -0.103034973144531
0.0415229797363281 0.058258056640625 -0.144699096679687 -0.09808349609375
0.0654296875 0.0120658874511719 -0.196212768554688 0.00785827636718746
0.0613746643066406 -0.0307388305664063 -0.176742553710937 0.114852905273438
0.0419502258300781 -0.0291099548339844 -0.121551513671875 0.167373657226563
0.0450363159179688 -0.0237541198730469 -0.0779800415039063 0.138534545898438
0.0544319152832031 -0.0178451538085938 -0.0576705932617187 0.116279602050781
0.0440902709960938 0.019805908203125 -0.0523757934570313 0.0946273803710938
0.0107955932617187 0.0486793518066406 -0.0455474853515625 0.100814819335937
-0.0474815368652344 0.0405502319335938 -0.0797958374023438 0.120620727539062
-0.0856704711914063 -0.024505615234375 -0.152023315429688 0.1307373046875
-0.070068359375 -0.090179443359375 -0.220962524414062 0.177215576171875
-0.0205078125 -0.128974914550781 -0.242767333984375 0.175094604492188
0.0426788330078125 -0.142059326171875 -0.253341674804687 0.051055908203125
-0.0492210388183594 -0.0586204528808594 -0.0557289123535156 0.0114250183105469
-0.0375862121582031 -0.0192222595214844 -0.02215576171875 -0.119514465332031
-0.0197982788085938 0.00226593017578125 -0.149826049804687 -0.1181640625
-0.00762176513671875 0.000922203063964844 -0.20648193359375 -0.0118560791015625
-0.00723695755004883 0.00823640823364258 -0.192657470703125 0.11163330078125
-0.0103435516357422 0.02850341796875 -0.126419067382812 0.171905517578125
-0.0072174072265625 0.0258884429931641 -0.0718994140625 0.141525268554688
-0.00597763061523438 0.0367660522460938 -0.0537567138671875 0.118019104003906
-0.0272941589355469 0.0425338745117188 -0.0445175170898438 0.0999374389648438
-0.0620269775390625 0.022857666015625 -0.032806396484375 0.0973587036132813
-0.0885848999023438 -0.0272750854492187 -0.0648345947265625 0.116561889648437
-0.0524444580078125 -0.113723754882813 -0.123245239257813 0.130218505859375
0.00236511230468752 -0.167739868164063 -0.193374633789063 0.16546630859375
0.0801544189453125 -0.179718017578125 -0.218917846679688 0.146942138671875
0.146392822265625 -0.180160522460938 -0.231735229492188 -0.010833740234375
0.0229339599609375 -0.13897705078125 -0.0444831848144531 -0.0310478210449219
-0.0226287841796875 -0.127670288085938 -0.00823974609374999 -0.144546508789063
-0.0755157470703125 -0.0718917846679687 -0.14031982421875 -0.144607543945313
-0.0825042724609375 -0.0236358642578125 -0.19866943359375 -0.041107177734375
-0.0806503295898438 0.0378265380859375 -0.1923828125 0.0899200439453125
-0.0648040771484375 0.0791549682617187 -0.119277954101563 0.153610229492188
-0.0585861206054688 0.0706787109375 -0.0548629760742188 0.125076293945313
-0.0617599487304687 0.0891647338867188 -0.035614013671875 0.1004638671875
-0.089569091796875 0.0702667236328125 -0.0182876586914062 0.0902481079101563
-0.128829956054688 0.0129165649414062 -0.00297546386718752 0.0863189697265625
-0.134162902832031 -0.0700607299804688 -0.034088134765625 0.112632751464844
-0.0435791015625 -0.183792114257813 -0.0850296020507812 0.131729125976562
0.046661376953125 -0.230636596679688 -0.154251098632813 0.145355224609375
0.15704345703125 -0.213027954101563 -0.16424560546875 0.108078002929688
0.23297119140625 -0.184310913085938 -0.168167114257812 -0.079010009765625
0.108383178710938 -0.192367553710938 -0.00711822509765625 -0.0838394165039063
0.016265869140625 -0.2237548828125 0.0199127197265625 -0.16815185546875
-0.10894775390625 -0.152145385742188 -0.110992431640625 -0.169052124023437
-0.14508056640625 -0.0596160888671875 -0.168319702148438 -0.0728302001953125
-0.145858764648438 0.05401611328125 -0.171310424804688 0.054473876953125
-0.111297607421875 0.115341186523437 -0.098602294921875 0.1153564453125
-0.100662231445312 0.10552978515625 -0.0297927856445313 0.0902481079101563
-0.104240417480469 0.131881713867188 -0.00958633422851563 0.0654945373535156
-0.134757995605469 0.0983200073242188 0.0174026489257812 0.0653038024902344
-0.181732177734375 0.0147705078125 0.0337715148925781 0.0642433166503906
-0.17352294921875 -0.09051513671875 0.00379180908203124 0.102210998535156
-0.046661376953125 -0.228515625 -0.0468215942382813 0.12750244140625
0.0709381103515625 -0.266387939453125 -0.115859985351563 0.113327026367188
0.205841064453125 -0.221603393554688 -0.094268798828125 0.0587158203125
0.2825927734375 -0.154144287109375 -0.07208251953125 -0.141860961914063
0.18389892578125 -0.199676513671875 0.0543670654296875 -0.134468078613281
0.0728912353515625 -0.27630615234375 0.058197021484375 -0.181427001953125
-0.108779907226563 -0.21527099609375 -0.06097412109375 -0.181671142578125
-0.176681518554688 -0.096221923828125 -0.115837097167969 -0.0982894897460937
-0.189529418945313 0.0542144775390625 -0.128837585449219 0.0110931396484375
-0.142868041992188 0.130935668945312 -0.0651168823242188 0.062225341796875
-0.127899169921875 0.123451232910156 -0.000911712646484384 0.0425987243652344
-0.131271362304688 0.157196044921875 0.0204868316650391 0.0162334442138672
-0.162002563476563 0.116378784179687 0.0551834106445312 0.026458740234375
-0.211135864257812 0.01666259765625 0.0712203979492187 0.0345993041992188
-0.192413330078125 -0.10040283203125 0.03936767578125 0.087066650390625
-0.0421295166015625 -0.246932983398437 -0.0176849365234375 0.117897033691406
0.09222412109375 -0.268280029296875 -0.08428955078125 0.0717239379882813
0.232864379882813 -0.199844360351563 -0.0170497894287109 0.0045795440673828
0.280715942382813 -0.094207763671875 0.0394287109375 -0.186691284179687
0.22320556640625 -0.157379150390625 0.126083374023438 -0.170822143554688
0.123489379882813 -0.26373291015625 0.0958251953125 -0.179122924804688
-0.0778961181640625 -0.234725952148438 -0.00498962402343751 -0.174972534179688
-0.169815063476562 -0.1192626953125 -0.0539932250976563 -0.108085632324219
-0.198257446289063 0.042083740234375 -0.0720443725585938 -0.0281219482421875
-0.150985717773438 0.125457763671875 -0.0231361389160156 0.00407600402832032
-0.133293151855469 0.122444152832031 0.0291309356689453 -0.01251220703125
-0.139984130859375 0.1597900390625 0.05096435546875 -0.0380401611328125
-0.16796875 0.117828369140625 0.09326171875 -0.0171890258789062
-0.21490478515625 0.013458251953125 0.107818603515625 0.00347900390625
-0.187408447265625 -0.105133056640625 0.0709686279296875 0.071014404296875
-0.02392578125 -0.241531372070313 0.00394439697265626 0.106613159179687
0.114044189453125 -0.239974975585937 -0.0549468994140625 0.0289230346679687
0.237152099609375 -0.150177001953125 0.0619316101074219 -0.04339599609375
0.22509765625 -0.020172119140625 0.138809204101562 -0.207656860351562
0.208709716796875 -0.08258056640625 0.18804931640625 -0.186813354492188
0.143035888671875 -0.19342041015625 0.12158203125 -0.163467407226563
-0.03424072265625 -0.201431274414063 0.0425262451171875 -0.154922485351563
-0.130035400390625 -0.112213134765625 0.00109100341796873 -0.104156494140625
-0.171051025390625 0.0250091552734375 -0.0156745910644531 -0.0578155517578125
-0.133674621582031 0.101341247558594 0.0175857543945312 -0.0502700805664062
-0.1199951171875 0.102546691894531 0.0549087524414062 -0.0650711059570313
-0.127410888671875 0.1376953125 0.080169677734375 -0.089935302734375
-0.152175903320312 0.100692749023438 0.129409790039063 -0.0582351684570313
-0.192474365234375 0.00299072265625002 0.14068603515625 -0.0200653076171875
-0.157058715820313 -0.104904174804687 0.0991058349609375 0.0615921020507812
0.0034637451171875 -0.21331787109375 0.0189666748046875 0.0986099243164062
0.130996704101562 -0.182830810546875 -0.0231800079345703 -0.00736999511718751
0.2178955078125 -0.079254150390625 0.139915466308594 -0.0759506225585937
0.130027770996094 0.0555496215820313 0.204421997070313 -0.206146240234375
0.149139404296875 0.003173828125 0.222518920898438 -0.18634033203125
0.123558044433594 -0.0922012329101563 0.12841796875 -0.147781372070313
0.00466156005859375 -0.128036499023438 0.06939697265625 -0.133590698242188
-0.072021484375 -0.0815963745117188 0.035980224609375 -0.0952911376953125
-0.113189697265625 0.00826263427734375 0.026824951171875 -0.0781173706054688
-0.0934371948242188 0.0612411499023438 0.049163818359375 -0.0906829833984375
-0.0860748291015625 0.0668487548828125 0.0736846923828125 -0.107879638671875
-0.0968704223632813 0.0941390991210937 0.105522155761719 -0.130897521972656
-0.116104125976562 0.0685806274414063 0.160568237304688 -0.088409423828125
-0.144393920898438 -0.00828552246093751 0.169967651367188 -0.0317535400390625
-0.10894775390625 -0.0910797119140625 0.121620178222656 0.0609054565429688
0.030609130859375 -0.159393310546875 0.031005859375 0.0962677001953125
0.129989624023438 -0.103591918945313 0.0100288391113281 -0.0270061492919922
0.168991088867188 0.0023193359375 0.20623779296875 -0.084014892578125
-0.0551528930664062 -0.0744781494140625 -0.218185424804687 0.094268798828125
-0.0883941650390625 0.0312042236328125 -0.0362777709960938 0.0357208251953125
-0.02728271484375 0.07354736328125 -0.0248260498046875 -0.0991134643554688
0.0400543212890625 0.0527114868164063 -0.139373779296875 -0.0909042358398438
0.0610618591308594 0.0095977783203125 -0.185623168945313 0.0114288330078125
0.05657958984375 -0.0303497314453125 -0.16448974609375 0.1121826171875
0.0381431579589844 -0.0286140441894531 -0.1102294921875 0.161148071289063
0.0407867431640625 -0.0243377685546875 -0.070648193359375 0.13250732421875
0.049346923828125 -0.0188713073730469 -0.0512008666992187 0.110862731933594
0.0416450500488281 0.0167465209960937 -0.0468673706054688 0.0910873413085937
0.0108795166015625 0.0443229675292969 -0.0405044555664062 0.0972442626953125
-0.0441322326660156 0.0382308959960937 -0.0749053955078125 0.117172241210938
-0.0802154541015625 -0.0211868286132812 -0.144577026367187 0.126708984375
-0.06732177734375 -0.0826339721679688 -0.207351684570313 0.17181396484375
-0.0222625732421875 -0.121025085449219 -0.2276611328125 0.170303344726563
0.0385208129882813 -0.136344909667969 -0.236862182617187 0.055084228515625
-0.0459327697753906 -0.0533065795898437 -0.0496864318847656 0.0137252807617187
-0.0360870361328125 -0.0183906555175781 -0.022705078125 -0.114959716796875
-0.0192737579345703 0.00186538696289062 -0.144149780273438 -0.10992431640625
-0.00737857818603516 0.000547409057617189 -0.195358276367188 -0.00718688964843748
-0.00636911392211914 0.0083165168762207 -0.179855346679688 0.109085083007813
-0.00926017761230469 0.0278301239013672 -0.114883422851562 0.165069580078125
-0.00748634338378906 0.0241241455078125 -0.0645370483398438 0.135017395019531
-0.00554084777832031 0.0340213775634766 -0.0470809936523438 0.1129150390625
-0.0245513916015625 0.0395240783691406 -0.0383377075195313 0.0956802368164063
-0.0576667785644531 0.0219230651855469 -0.0281448364257813 0.0938644409179688
-0.0840377807617188 -0.0237808227539062 -0.06005859375 0.113723754882813
-0.0505828857421875 -0.107131958007813 -0.117301940917969 0.126716613769531
-0.00111389160156252 -0.158340454101563 -0.182266235351563 0.161178588867187
0.072784423828125 -0.171218872070313 -0.205490112304687 0.14349365234375
0.135299682617188 -0.174087524414063 -0.21673583984375 -0.00251770019531247
0.0209121704101563 -0.130577087402344 -0.0403518676757813 -0.0258827209472656
-0.0240325927734375 -0.121353149414063 -0.00876617431640626 -0.138092041015625
-0.0731353759765625 -0.0665664672851562 -0.134925842285156 -0.134750366210938
-0.0789566040039063 -0.0208206176757812 -0.189102172851563 -0.0358428955078125
-0.074951171875 0.0386123657226562 -0.179611206054687 0.088897705078125
-0.0585784912109375 0.0775985717773437 -0.10797119140625 0.147506713867188
-0.0548553466796875 0.0680351257324219 -0.0478973388671875 0.117568969726563
-0.055450439453125 0.0855026245117188 -0.0301132202148437 0.0953216552734375
-0.08203125 0.0683517456054687 -0.0134201049804687 0.0861129760742188
-0.120712280273437 0.014984130859375 -5.34057617187484E-05 0.0830154418945313
-0.128334045410156 -0.0634536743164062 -0.0303573608398438 0.109817504882813
-0.044677734375 -0.174163818359375 -0.0808792114257812 0.127494812011719
0.0390625 -0.218765258789063 -0.14544677734375 0.141738891601562
0.1451416015625 -0.2042236328125 -0.1541748046875 0.10675048828125
0.21734619140625 -0.1800537109375 -0.158676147460938 -0.0682525634765625
0.100143432617188 -0.181686401367188 -0.006072998046875 -0.0761871337890625
0.0108795166015625 -0.21282958984375 0.0177459716796875 -0.160110473632813
-0.106155395507813 -0.14111328125 -0.106826782226563 -0.158950805664063
-0.138107299804688 -0.0532989501953125 -0.160293579101563 -0.0677032470703125
-0.136039733886719 0.0545730590820313 -0.161209106445313 0.0546417236328125
-0.101860046386719 0.1129150390625 -0.0889663696289062 0.11077880859375
-0.0925750732421875 0.101577758789063 -0.02410888671875 0.0839309692382812
-0.0936431884765625 0.127532958984375 -0.00557327270507813 0.0614967346191406
-0.124183654785156 0.0962600708007812 0.01959228515625 0.0609474182128906
-0.170135498046875 0.01861572265625 0.0347251892089844 0.0616111755371094
-0.165695190429687 -0.082061767578125 0.00578308105468748 0.0992889404296875
-0.04876708984375 -0.216567993164063 -0.0441818237304688 0.122886657714844
0.0611114501953125 -0.253067016601563 -0.109832763671875 0.111564636230469
0.191787719726562 -0.213897705078125 -0.0886611938476562 0.0589523315429687
0.264846801757813 -0.152084350585937 -0.0692901611328125 -0.129440307617188
0.17034912109375 -0.190383911132813 0.0502243041992188 -0.125045776367188
0.0625762939453125 -0.264144897460938 0.0536651611328125 -0.172714233398438
-0.108291625976563 -0.200546264648438 -0.0599212646484375 -0.171417236328125
-0.168106079101562 -0.0872955322265625 -0.110763549804688 -0.0924758911132812
-0.175827026367188 0.0560302734375 -0.121711730957031 0.0133819580078125
-0.130699157714844 0.128730773925781 -0.0589485168457031 0.0595893859863281
-0.1173095703125 0.119155883789062 0.00220489501953124 0.0381813049316406
-0.11798095703125 0.152145385742188 0.0213947296142578 0.0152111053466797
-0.14874267578125 0.11444091796875 0.0549201965332031 0.0237503051757813
-0.198348999023437 0.022796630859375 0.0693817138671875 0.031829833984375
-0.184280395507813 -0.0898284912109375 0.0400848388671875 0.0833358764648437
-0.0460968017578125 -0.23419189453125 -0.015869140625 0.113571166992187
0.0801544189453125 -0.256011962890625 -0.0807418823242187 0.0720596313476563
0.21722412109375 -0.19464111328125 -0.0168581008911133 0.00663757324218749
0.263824462890625 -0.0955047607421875 0.034423828125 -0.174697875976562
0.207763671875 -0.152236938476563 0.116165161132813 -0.160995483398438
0.110946655273438 -0.25360107421875 0.089813232421875 -0.170562744140625
-0.07843017578125 -0.219345092773437 -0.00595092773437501 -0.166427612304688
-0.162246704101563 -0.107803344726562 -0.0526046752929688 -0.103340148925781
-0.184982299804688 0.045074462890625 -0.0687751770019531 -0.0250129699707031
-0.137687683105469 0.123687744140625 -0.021270751953125 0.00371551513671875
-0.122970581054687 0.119178771972656 0.0287742614746094 -0.0140151977539062
-0.125732421875 0.155120849609375 0.049163818359375 -0.0370712280273437
-0.154067993164063 0.116043090820312 0.0895767211914063 -0.0188064575195312
-0.202484130859375 0.0204010009765625 0.102691650390625 0.00146484375
-0.179489135742188 -0.093658447265625 0.069793701171875 0.0675888061523438
-0.029022216796875 -0.228683471679688 0.00504302978515624 0.102645874023437
0.101211547851563 -0.22906494140625 -0.0534439086914062 0.0306777954101562
0.221969604492187 -0.148345947265625 0.0569419860839844 -0.04132080078125
0.212417602539063 -0.0243377685546875 0.127822875976563 -0.197479248046875
0.195938110351562 -0.0814971923828125 0.175094604492188 -0.1785888671875
0.130142211914063 -0.187698364257813 0.114791870117188 -0.156723022460938
-0.03729248046875 -0.188262939453125 0.03955078125 -0.148757934570313
-0.125030517578125 -0.103538513183594 -0.000732421875000002 -0.100730895996094
-0.159164428710938 0.028564453125 -0.0163154602050781 -0.0553474426269531
-0.122909545898437 0.099365234375 0.0161514282226562 -0.0482902526855469
-0.110206604003906 0.0999374389648437 0.0521774291992187 -0.0641250610351562
-0.1142578125 0.133514404296875 0.0743637084960937 -0.087005615234375
-0.139595031738281 0.0998153686523438 0.121871948242188 -0.057952880859375
-0.180343627929688 0.00968933105468752 0.133598327636719 -0.0217819213867188
-0.151412963867188 -0.09393310546875 0.0961761474609375 0.0573654174804687
-0.0024261474609375 -0.20196533203125 0.0204696655273438 0.0943374633789062
0.119064331054688 -0.17559814453125 -0.0239429473876953 -0.00450325012207032
0.204864501953125 -0.080841064453125 0.129653930664063 -0.0739898681640625
0.123748779296875 0.0486526489257813 0.189437866210937 -0.19830322265625
0.140625 -0.0006866455078125 0.208084106445313 -0.180084228515625
0.113929748535156 -0.0908279418945313 0.121795654296875 -0.141326904296875
0.00102996826171876 -0.121292114257813 0.0652694702148438 -0.129081726074219
-0.0690383911132813 -0.074462890625 0.0319442749023437 -0.0927505493164063
-0.105812072753906 0.0117034912109375 0.023040771484375 -0.0757598876953125
-0.0863800048828125 0.0601882934570312 0.04400634765625 -0.0880050659179688
-0.0795364379882812 0.0652999877929688 0.0687332153320312 -0.104042053222656
-0.0867843627929688 0.0912551879882812 0.097412109375 -0.126129150390625
-0.106391906738281 0.0688323974609375 0.149856567382813 -0.087860107421875
-0.136474609375 -0.00232696533203122 0.15948486328125 -0.0337371826171875
-0.105743408203125 -0.0830612182617187 0.116912841796875 0.05615234375
0.0245819091796875 -0.151504516601563 0.0311126708984375 0.0922317504882813
0.120735168457031 -0.100318908691406 0.00699615478515626 -0.0246791839599609
0.159759521484375 -0.00201416015625 0.191741943359375 -0.0832977294921875
-0.053558349609375 -0.07269287109375 -0.208480834960938 0.0931549072265625
-0.0837249755859375 0.0307083129882812 -0.0318679809570313 0.0354042053222656
-0.0257339477539062 0.0713424682617187 -0.0236434936523438 -0.0983123779296875
0.0387344360351563 0.0503425598144531 -0.135757446289062 -0.0887222290039063
0.0586891174316406 0.00827407836914063 -0.179153442382813 0.0114288330078125
0.0541343688964844 -0.030120849609375 -0.159347534179688 0.108367919921875
0.0362586975097656 -0.0277557373046875 -0.105697631835938 0.15679931640625
0.0381507873535156 -0.0241546630859375 -0.0680084228515625 0.128555297851562
0.0461502075195313 -0.0199165344238281 -0.0482864379882813 0.107879638671875
0.04046630859375 0.0143928527832031 -0.0445556640625 0.089263916015625
0.0110244750976563 0.0419044494628906 -0.0385589599609375 0.095062255859375
-0.041839599609375 0.0371551513671875 -0.0735397338867187 0.115364074707031
-0.0768814086914063 -0.020050048828125 -0.142745971679687 0.124176025390625
-0.0645523071289063 -0.0786209106445313 -0.202789306640625 0.16705322265625
-0.0224227905273438 -0.116439819335938 -0.221725463867187 0.166275024414063
0.0369186401367187 -0.133392333984375 -0.2269287109375 0.056396484375
-0.042999267578125 -0.050201416015625 -0.0453376770019531 0.015472412109375
-0.0347213745117188 -0.0174102783203125 -0.0217361450195313 -0.113212585449219
-0.0189342498779297 0.00134849548339844 -0.140090942382813 -0.107032775878906
-0.00762844085693359 0.000159740447998046 -0.189376831054688 -0.00671386718750002
-0.00631999969482422 0.00799894332885742 -0.173141479492188 0.106002807617187
-0.00880813598632813 0.0277862548828125 -0.109176635742187 0.1605224609375
-0.00849533081054688 0.0231418609619141 -0.061431884765625 0.129981994628906
-0.00584602355957031 0.032470703125 -0.043792724609375 0.108917236328125
-0.0233726501464844 0.0376968383789063 -0.0356216430664063 0.092803955078125
-0.0557937622070313 0.0208969116210938 -0.02606201171875 0.0920867919921875
-0.0816268920898438 -0.0232467651367188 -0.0589675903320313 0.1129150390625
-0.049072265625 -0.104148864746094 -0.116317749023438 0.124259948730469
-0.00134277343750001 -0.152374267578125 -0.17877197265625 0.157470703125
0.0704498291015625 -0.166091918945312 -0.200531005859375 0.140899658203125
0.1317138671875 -0.169998168945313 -0.208297729492188 0.00111389160156248
0.0220260620117188 -0.124794006347656 -0.0375137329101563 -0.0227622985839844
-0.0242843627929688 -0.118186950683594 -0.007720947265625 -0.135185241699219
-0.0715560913085938 -0.0643386840820312 -0.130462646484375 -0.131729125976563
-0.0772171020507812 -0.0205307006835938 -0.183151245117187 -0.03533935546875
-0.0717926025390625 0.0378341674804687 -0.1734619140625 0.0861663818359375
-0.0551910400390625 0.0763473510742188 -0.102493286132813 0.143585205078125
-0.0536117553710938 0.0667572021484375 -0.04473876953125 0.112678527832031
-0.0528717041015625 0.0830154418945313 -0.0270156860351563 0.092742919921875
-0.078216552734375 0.0665740966796875 -0.0112686157226563 0.0838546752929687
-0.116722106933594 0.015167236328125 0.00160980224609374 0.0819473266601563
-0.124679565429688 -0.061187744140625 -0.0291748046875 0.109375
-0.0431365966796875 -0.169998168945313 -0.08111572265625 0.125297546386719
0.036651611328125 -0.21160888671875 -0.1435546875 0.139785766601563
0.141036987304688 -0.198287963867188 -0.150405883789063 0.104461669921875
0.2108154296875 -0.175521850585937 -0.15264892578125 -0.0627593994140625
0.09832763671875 -0.174697875976562 -0.00424194335937499 -0.0707015991210938
0.00910949707031249 -0.2073974609375 0.018798828125 -0.156448364257813
-0.103599548339844 -0.135963439941406 -0.102081298828125 -0.154769897460938
-0.133506774902344 -0.0521011352539062 -0.15509033203125 -0.0671844482421875
-0.129524230957031 0.0542221069335937 -0.155303955078125 0.0533905029296875
-0.0970611572265625 0.110641479492187 -0.0843276977539063 0.107475280761719
-0.0893936157226563 0.0992889404296875 -0.0220565795898438 0.0797653198242188
-0.0890960693359375 0.1241455078125 -0.00365066528320313 0.0596961975097656
-0.118087768554688 0.094451904296875 0.0212478637695312 0.0589828491210938
-0.1639404296875 0.020111083984375 0.0349769592285156 0.0607223510742187
-0.160919189453125 -0.0782318115234375 0.00614166259765624 0.0982208251953125
-0.0487060546875 -0.211196899414062 -0.0449676513671875 0.121742248535156
0.057647705078125 -0.245254516601563 -0.108512878417969 0.110107421875
0.185455322265625 -0.208465576171875 -0.0868301391601563 0.0584182739257812
0.257110595703125 -0.148681640625 -0.0665969848632813 -0.122322082519531
0.165847778320313 -0.183135986328125 0.0499725341796875 -0.118560791015625
0.0594329833984375 -0.257598876953125 0.0542755126953125 -0.168502807617188
-0.10528564453125 -0.192764282226563 -0.05657958984375 -0.166671752929688
-0.163314819335938 -0.0842742919921875 -0.10797119140625 -0.09075927734375
-0.168777465820313 0.0557403564453125 -0.117355346679688 0.0132675170898438
-0.123931884765625 0.126266479492188 -0.0555801391601563 0.0575065612792969
-0.112998962402344 0.11663818359375 0.00374794006347656 0.0349903106689453
-0.110946655273438 0.149154663085937 0.0225582122802734 0.0149078369140625
-0.140945434570313 0.112228393554687 0.0551986694335937 0.02264404296875
-0.190567016601563 0.0251617431640625 0.0684242248535156 0.031158447265625
-0.179901123046875 -0.08489990234375 0.0396728515625 0.0822525024414063
-0.0460205078125 -0.227798461914063 -0.0165023803710938 0.112403869628906
0.0759124755859375 -0.24835205078125 -0.0800552368164063 0.0718765258789062
0.210586547851563 -0.190475463867188 -0.0169973373413086 0.00688648223876952
0.255081176757813 -0.0941314697265625 0.0333709716796875 -0.166427612304688
0.201202392578125 -0.146759033203125 0.113449096679688 -0.154098510742188
0.105636596679687 -0.248580932617188 0.0898284912109375 -0.16534423828125
-0.0778961181640625 -0.211151123046875 -0.0040435791015625 -0.1622314453125
-0.157119750976563 -0.10418701171875 -0.0508956909179687 -0.101593017578125
-0.176971435546875 0.04510498046875 -0.06707763671875 -0.024566650390625
-0.131309509277344 0.121849060058594 -0.0200862884521484 0.00330162048339844
-0.118446350097656 0.116554260253906 0.0289192199707031 -0.0158557891845703
-0.118270874023437 0.1513671875 0.0481071472167969 -0.0358657836914062
-0.1461181640625 0.114700317382813 0.0876998901367187 -0.0191497802734375
-0.19427490234375 0.0232391357421875 0.0999298095703125 0.00182342529296875
-0.174896240234375 -0.0891876220703125 0.0687332153320312 0.066070556640625
-0.030426025390625 -0.222213745117188 0.00444793701171875 0.101158142089844
0.0955963134765625 -0.222824096679688 -0.0534896850585937 0.0308914184570312
0.21539306640625 -0.14532470703125 0.0541343688964844 -0.0391426086425781
0.205734252929688 -0.025238037109375 0.123626708984375 -0.189773559570312
0.189193725585938 -0.0788726806640625 0.1695556640625 -0.171798706054688
0.12481689453125 -0.184432983398438 0.113067626953125 -0.151748657226563
-0.03753662109375 -0.18170166015625 0.039459228515625 -0.144775390625
-0.121177673339844 -0.0992507934570313 -0.000724792480468766 -0.0995941162109375
-0.152084350585938 0.0290985107421875 -0.016448974609375 -0.0535888671875
-0.116683959960938 0.0984039306640625 0.0159111022949219 -0.0473785400390625
-0.105575561523437 0.0976028442382813 0.051300048828125 -0.0639533996582031
-0.107734680175781 0.130477905273438 0.072479248046875 -0.0845260620117187
-0.132347106933594 0.0987396240234375 0.118537902832031 -0.056915283203125
-0.173294067382813 0.0124969482421875 0.129142761230469 -0.0213851928710938
-0.147506713867188 -0.0888214111328125 0.0936737060546875 0.05572509765625
-0.00402832031249999 -0.1964111328125 0.0197601318359375 0.0925827026367187
0.1134033203125 -0.1705322265625 -0.0253429412841797 -0.00351905822753907
0.19842529296875 -0.080535888671875 0.123771667480469 -0.0716781616210938
0.119697570800781 0.0457916259765625 0.183364868164062 -0.191925048828125
0.13665771484375 -0.00116729736328125 0.20135498046875 -0.174789428710938
0.108757019042969 -0.0902481079101563 0.119621276855469 -0.137008666992188
-0.000686645507812491 -0.116043090820313 0.0649490356445313 -0.126541137695313
-0.0667953491210938 -0.0714035034179688 0.0316238403320312 -0.0920791625976563
-0.100440979003906 0.0115737915039062 0.0208969116210938 -0.0738525390625
-0.0822296142578125 0.0602645874023437 0.041717529296875 -0.0864715576171875
-0.0764007568359375 0.0643463134765625 0.0660400390625 -0.102165222167969
-0.0815582275390625 0.0888442993164063 0.0937423706054688 -0.122673034667969
-0.100807189941406 0.067718505859375 0.145172119140625 -0.0856170654296875
-0.130889892578125 -0.000350952148437519 0.153701782226563 -0.0326080322265625
-0.102920532226562 -0.0790863037109375 0.113800048828125 0.0544586181640625
0.0227203369140625 -0.14727783203125 0.0300979614257812 0.0907440185546875
0.115158081054687 -0.0972900390625 0.00477218627929688 -0.0235767364501953
0.15472412109375 -0.0030517578125 0.183578491210937 -0.081939697265625
-0.0543136596679688 -0.0721054077148438 -0.20489501953125 0.0957489013671875
-0.0813446044921875 0.0317535400390625 -0.0284042358398437 0.0362281799316406
-0.0240097045898437 0.0715103149414063 -0.02484130859375 -0.0994644165039062
0.0380020141601563 0.0489540100097656 -0.136436462402344 -0.0869522094726563
0.0578384399414063 0.0072021484375 -0.178359985351563 0.0137786865234375
0.0531196594238281 -0.0305900573730469 -0.157028198242188 0.108673095703125
0.03564453125 -0.0278053283691406 -0.103256225585938 0.157318115234375
0.0360107421875 -0.02484130859375 -0.0666885375976563 0.129158020019531
0.043670654296875 -0.0209999084472656 -0.0470199584960938 0.108421325683594
0.0398139953613281 0.0121955871582031 -0.0433120727539062 0.0904159545898438
0.0113258361816406 0.0399322509765625 -0.0371932983398437 0.0957717895507813
-0.0412864685058594 0.037139892578125 -0.0728225708007812 0.11761474609375
-0.0758895874023438 -0.0189132690429687 -0.143280029296875 0.126327514648438
-0.064361572265625 -0.076507568359375 -0.20159912109375 0.168670654296875
-0.022735595703125 -0.115730285644531 -0.22015380859375 0.167953491210938
0.0359115600585937 -0.134246826171875 -0.223663330078125 0.059661865234375
-0.0410957336425781 -0.0493583679199219 -0.0422401428222656 0.0170021057128906
-0.0342521667480469 -0.0179576873779297 -0.0217056274414063 -0.114349365234375
-0.0196380615234375 0.00127792358398437 -0.140518188476563 -0.105598449707031
-0.0085911750793457 -0.000294685363769531 -0.188400268554688 -0.00561523437499997
-0.00609970092773437 0.00793933868408203 -0.171096801757813 0.106704711914062
-0.00831794738769531 0.0279693603515625 -0.106170654296875 0.160858154296875
-0.00915908813476562 0.0232906341552734 -0.059295654296875 0.129302978515625
-0.00649642944335938 0.0321044921875 -0.0416641235351563 0.108741760253906
-0.0228500366210937 0.03680419921875 -0.0337905883789063 0.0934906005859375
-0.0545692443847656 0.0211982727050781 -0.0240097045898438 0.0929489135742188
-0.0811614990234375 -0.0227813720703125 -0.0584564208984375 0.1146240234375
-0.0493392944335938 -0.103599548339844 -0.118217468261719 0.126411437988281
-0.002838134765625 -0.150680541992188 -0.178680419921875 0.160507202148438
0.0692901611328125 -0.165664672851562 -0.199905395507813 0.142486572265625
0.129745483398438 -0.17193603515625 -0.205276489257813 0.00485229492187502
0.0227127075195312 -0.123359680175781 -0.0345554351806641 -0.0200672149658203
-0.0253524780273438 -0.117958068847656 -0.00799560546875 -0.136299133300781
-0.0716400146484375 -0.0626983642578125 -0.130126953125 -0.130508422851563
-0.077545166015625 -0.0201950073242188 -0.182754516601563 -0.0345458984375
-0.0695457458496094 0.0387649536132813 -0.171234130859375 0.0871124267578125
-0.05401611328125 0.0775604248046875 -0.0993804931640625 0.143722534179687
-0.0530891418457031 0.0674781799316406 -0.0425643920898438 0.111251831054688
-0.0515289306640625 0.0833816528320313 -0.0246734619140625 0.09210205078125
-0.0760345458984375 0.0661239624023438 -0.00870513916015626 0.083648681640625
-0.115547180175781 0.0166778564453125 0.00341796875 0.0826950073242188
-0.124427795410156 -0.0588302612304687 -0.0283966064453125 0.111366271972656
-0.044891357421875 -0.169525146484375 -0.0821533203125 0.128242492675781
0.0337066650390625 -0.210250854492188 -0.143905639648437 0.142898559570313
0.139389038085938 -0.199325561523437 -0.150436401367188 0.106246948242187
0.208984375 -0.177719116210938 -0.150924682617188 -0.0588531494140625
0.098541259765625 -0.1732177734375 -0.00239181518554687 -0.0675163269042969
0.00654602050781248 -0.2073974609375 0.01898193359375 -0.15673828125
-0.1041259765625 -0.134368896484375 -0.10198974609375 -0.154190063476562
-0.134330749511719 -0.0510101318359375 -0.1558837890625 -0.0667724609375
-0.127593994140625 0.05560302734375 -0.15350341796875 0.05462646484375
-0.0935516357421875 0.112464904785156 -0.0812454223632812 0.107994079589844
-0.0889358520507813 0.100746154785156 -0.0199508666992188 0.0775527954101563
-0.0856246948242187 0.125221252441406 -0.00130081176757812 0.0592803955078125
-0.114768981933594 0.0953903198242188 0.0236854553222656 0.0586967468261719
-0.162078857421875 0.022796630859375 0.0369415283203125 0.0610237121582031
-0.1612548828125 -0.0758209228515625 0.00745391845703123 0.100479125976562
-0.0508575439453125 -0.211029052734375 -0.0460128784179688 0.123802185058594
0.0535736083984375 -0.243850708007813 -0.109344482421875 0.113410949707031
0.18414306640625 -0.2109375 -0.0869369506835938 0.0596694946289063
0.254669189453125 -0.151351928710938 -0.065765380859375 -0.1182861328125
0.164825439453125 -0.182510375976562 0.0493621826171875 -0.115608215332031
0.0552215576171875 -0.258438110351563 0.0552520751953125 -0.168731689453125
-0.106826782226563 -0.18975830078125 -0.0553741455078125 -0.167221069335938
-0.16412353515625 -0.083221435546875 -0.108406066894531 -0.0919036865234375
-0.16552734375 0.0579376220703125 -0.116561889648438 0.0146026611328125
-0.120658874511719 0.128067016601563 -0.0531349182128906 0.0577163696289063
-0.110870361328125 0.118202209472656 0.00558090209960937 0.0327777862548828
-0.107559204101563 0.150039672851563 0.0233268737792969 0.0141258239746094
-0.137222290039063 0.113937377929687 0.0564918518066406 0.021881103515625
-0.188339233398437 0.028961181640625 0.0698013305664062 0.0314865112304688
-0.18011474609375 -0.08245849609375 0.0408477783203125 0.0832443237304687
-0.0495147705078125 -0.2274169921875 -0.0166549682617188 0.113800048828125
0.071441650390625 -0.247848510742188 -0.0810775756835937 0.0743484497070313
0.208847045898438 -0.19354248046875 -0.0174989700317383 0.0083332061767578
0.254119873046875 -0.0969085693359375 0.0326080322265625 -0.163665771484375
0.199752807617188 -0.146942138671875 0.112335205078125 -0.151687622070313
0.101287841796875 -0.24951171875 0.0899810791015625 -0.165451049804688
-0.0796356201171875 -0.208740234375 -0.00332641601562499 -0.16253662109375
-0.15771484375 -0.102508544921875 -0.0518798828125 -0.103172302246094
-0.174453735351563 0.047576904296875 -0.0673789978027344 -0.0232353210449219
-0.127899169921875 0.123748779296875 -0.0186843872070313 0.00338745117187501
-0.115989685058594 0.118209838867188 0.0302944183349609 -0.0174922943115234
-0.1126708984375 0.152847290039063 0.048828125 -0.036407470703125
-0.140823364257813 0.116729736328125 0.0884552001953125 -0.0196151733398437
-0.192153930664062 0.0273284912109375 0.0997543334960937 0.0011138916015625
-0.175033569335938 -0.0855865478515625 0.0693321228027344 0.0667915344238281
-0.033935546875 -0.221527099609375 0.00490570068359375 0.102142333984375
0.0916748046875 -0.22320556640625 -0.0547218322753906 0.032989501953125
0.213760375976562 -0.148590087890625 0.0529708862304688 -0.0391578674316406
0.204833984375 -0.0277862548828125 0.1224365234375 -0.188186645507813
0.187820434570313 -0.08038330078125 0.167938232421875 -0.1708984375
0.120529174804688 -0.186233520507813 0.114501953125 -0.152420043945313
-0.0396881103515625 -0.179412841796875 0.0404205322265625 -0.14605712890625
-0.121322631835937 -0.0978622436523438 -0.00224304199218751 -0.101409912109375
-0.149688720703125 0.030731201171875 -0.0174751281738281 -0.0532417297363281
-0.114051818847656 0.100120544433594 0.0153388977050781 -0.0476455688476563
-0.103378295898438 0.0987625122070312 0.0514373779296875 -0.0654449462890625
-0.102973937988281 0.131782531738281 0.07208251953125 -0.0849838256835937
-0.127403259277344 0.100479125976563 0.117988586425781 -0.058380126953125
-0.17138671875 0.01654052734375 0.127517700195312 -0.0218963623046875
-0.147903442382813 -0.085113525390625 0.0942840576171875 0.0552139282226562
-0.007293701171875 -0.19610595703125 0.0199356079101563 0.09326171875
0.109832763671875 -0.171035766601563 -0.0270633697509766 -0.00251579284667969
0.196441650390625 -0.08319091796875 0.121337890625 -0.0726242065429688
0.119461059570313 0.0438690185546875 0.181747436523437 -0.191070556640625
0.136322021484375 -0.0033111572265625 0.19927978515625 -0.1751708984375
0.106719970703125 -0.09283447265625 0.120582580566406 -0.137596130371094
-0.00254058837890625 -0.115341186523438 0.0655364990234375 -0.128067016601563
-0.0667152404785156 -0.0701675415039062 0.0303497314453125 -0.0945205688476563
-0.0987472534179688 0.0133743286132812 0.019378662109375 -0.0742950439453125
-0.0802383422851563 0.0613632202148438 0.0402679443359375 -0.08673095703125
-0.0750350952148438 0.065155029296875 0.0653076171875 -0.103317260742188
-0.0783767700195312 0.0899429321289063 0.0925979614257812 -0.122711181640625
-0.0976715087890625 0.06915283203125 0.143173217773438 -0.086761474609375
-0.129531860351563 0.00299072265624998 0.152023315429688 -0.0341644287109375
-0.103401184082031 -0.0759429931640625 0.11407470703125 0.0532379150390625
0.02056884765625 -0.146774291992187 0.031097412109375 0.0902786254882813
0.11346435546875 -0.0980224609375 0.00180816650390626 -0.0234584808349609
0.154098510742188 -0.0062408447265625 0.180252075195313 -0.0831298828125
-0.0578079223632812 -0.0718536376953125 -0.201797485351562 0.103317260742188
-0.0793914794921875 0.0348892211914063 -0.0240936279296875 0.0376434326171875
-0.0213699340820313 0.0734329223632813 -0.028839111328125 -0.101020812988281
0.0394058227539063 0.0475997924804688 -0.140098571777344 -0.08349609375
0.0580062866210938 0.00554275512695313 -0.178268432617188 0.01953125
0.0517654418945312 -0.0337753295898437 -0.154861450195312 0.113662719726563
0.0346469879150391 -0.0298862457275391 -0.0978546142578125 0.162826538085938
0.0340614318847656 -0.0263404846191406 -0.0624313354492188 0.132057189941406
0.0410881042480469 -0.0228042602539063 -0.0433197021484375 0.11083984375
0.0399131774902344 0.00952911376953125 -0.0405731201171875 0.0924301147460938
0.0131187438964844 0.0389060974121094 -0.0342330932617188 0.0983505249023437
-0.0399208068847656 0.0385513305664062 -0.0705642700195313 0.122772216796875
-0.0765380859375 -0.0164031982421875 -0.142608642578125 0.1334228515625
-0.0665512084960937 -0.0739212036132813 -0.198760986328125 0.177230834960937
-0.0271377563476563 -0.115776062011719 -0.218368530273438 0.176467895507813
0.0308914184570313 -0.137092590332031 -0.221267700195313 0.0688323974609375
-0.0409011840820313 -0.0480995178222656 -0.039093017578125 0.0202064514160156
-0.0350799560546875 -0.0163211822509766 -0.0255050659179688 -0.1163330078125
-0.0201416015625 0.00198554992675781 -0.144790649414063 -0.102279663085938
-0.00961494445800781 -0.000533103942871092 -0.189590454101563 0.000564575195312491
-0.00580072402954101 0.00808191299438477 -0.16796875 0.112442016601562
-0.00683975219726563 0.0288887023925781 -0.1009521484375 0.165557861328125
-0.00923919677734375 0.0238151550292969 -0.054931640625 0.131858825683594
-0.00611305236816406 0.0321979522705078 -0.0374069213867187 0.110954284667969
-0.0216026306152344 0.0366973876953125 -0.0301971435546875 0.0949783325195313
-0.0541000366210938 0.0225791931152344 -0.0209426879882813 0.09564208984375
-0.0822601318359375 -0.0196990966796875 -0.0556488037109375 0.1201171875
-0.0527191162109375 -0.103195190429687 -0.117599487304688 0.133331298828125
-0.00746154785156251 -0.150726318359375 -0.176498413085938 0.168365478515625
0.064727783203125 -0.16943359375 -0.19818115234375 0.151153564453125
0.12518310546875 -0.178253173828125 -0.205047607421875 0.013031005859375
0.0207138061523438 -0.124671936035156 -0.0331192016601563 -0.0173091888427734
-0.0297317504882813 -0.118110656738281 -0.011260986328125 -0.138748168945312
-0.0748138427734375 -0.061126708984375 -0.134910583496094 -0.128303527832031
-0.0797119140625 -0.01812744140625 -0.185760498046875 -0.0291748046875
-0.0689888000488281 0.0415916442871094 -0.168975830078125 0.0933074951171875
-0.0507125854492187 0.0806350708007813 -0.09442138671875 0.147430419921875
-0.0519142150878906 0.0698623657226562 -0.038787841796875 0.112342834472656
-0.0492095947265625 0.0856552124023438 -0.0206756591796875 0.0934295654296875
-0.0743408203125 0.0688552856445312 -0.00482940673828126 0.0845794677734375
-0.115104675292969 0.020843505859375 0.00727081298828124 0.0841293334960938
-0.127944946289063 -0.0557098388671875 -0.0256195068359375 0.115753173828125
-0.051727294921875 -0.170684814453125 -0.0818328857421875 0.134468078613281
0.02703857421875 -0.211898803710938 -0.141799926757812 0.1505126953125
0.134689331054688 -0.2060546875 -0.14923095703125 0.113479614257813
0.205520629882812 -0.186599731445313 -0.152313232421875 -0.0518646240234375
0.0953369140625 -0.177047729492188 -0.00278091430664062 -0.0655136108398438
-0.000686645507812504 -0.210128784179688 0.0159912109375 -0.160568237304688
-0.10992431640625 -0.131515502929688 -0.106491088867188 -0.153717041015625
-0.13775634765625 -0.0477981567382812 -0.160018920898438 -0.06280517578125
-0.125640869140625 0.0604476928710938 -0.152740478515625 0.0603790283203125
-0.0897216796875 0.117347717285156 -0.077301025390625 0.110649108886719
-0.086151123046875 0.104972839355469 -0.0166091918945313 0.0773849487304688
-0.0814361572265625 0.129058837890625 0.0019683837890625 0.0592918395996094
-0.111572265625 0.0997085571289062 0.0276412963867187 0.0580635070800781
-0.161453247070313 0.02947998046875 0.04058837890625 0.0612030029296875
-0.165298461914063 -0.0704803466796875 0.0107040405273437 0.103080749511719
-0.059539794921875 -0.21173095703125 -0.0442276000976563 0.129341125488281
0.0450439453125 -0.24755859375 -0.108482360839844 0.119972229003906
0.18011474609375 -0.219253540039063 -0.0871124267578125 0.0635833740234375
0.252456665039063 -0.16180419921875 -0.0689697265625 -0.114707946777344
0.1614990234375 -0.188217163085938 0.0485763549804688 -0.115516662597656
0.046722412109375 -0.262969970703125 0.05267333984375 -0.172836303710938
-0.114013671875 -0.18768310546875 -0.0599822998046875 -0.167724609375
-0.168594360351563 -0.0789947509765625 -0.113121032714844 -0.0903854370117187
-0.163421630859375 0.063690185546875 -0.116752624511719 0.0186386108398437
-0.115348815917969 0.134292602539063 -0.0500907897949219 0.0594139099121094
-0.107620239257813 0.123580932617187 0.0079669952392578 0.0306835174560547
-0.10028076171875 0.15521240234375 0.0258121490478516 0.0135116577148438
-0.132003784179688 0.119888305664062 0.0595245361328125 0.0199317932128906
-0.187759399414063 0.0370635986328125 0.0721893310546875 0.03021240234375
-0.184219360351563 -0.075653076171875 0.0439453125 0.0845413208007813
-0.059234619140625 -0.22857666015625 -0.01434326171875 0.117591857910156
0.06231689453125 -0.2513427734375 -0.0803985595703125 0.0799331665039062
0.205352783203125 -0.202987670898438 -0.0187206268310547 0.0102348327636719
0.253509521484375 -0.10687255859375 0.0280609130859375 -0.163818359375
0.197708129882813 -0.154067993164063 0.108840942382813 -0.154144287109375
0.093017578125 -0.256301879882812 0.0887603759765625 -0.170654296875
-0.0874786376953125 -0.206466674804688 -0.00683593750000002 -0.165924072265625
-0.163070678710938 -0.0980072021484375 -0.0563812255859375 -0.104087829589844
-0.17193603515625 0.054351806640625 -0.0685081481933594 -0.0209274291992187
-0.1224365234375 0.130058288574219 -0.0171594619750977 0.00330734252929688
-0.112510681152344 0.124076843261719 0.0309066772460937 -0.0205707550048828
-0.105712890625 0.157791137695313 0.0490303039550781 -0.03857421875
-0.135650634765625 0.122932434082031 0.089996337890625 -0.02349853515625
-0.19085693359375 0.0359954833984375 0.101844787597656 -0.00164031982421875
-0.1798095703125 -0.07855224609375 0.072906494140625 0.0660552978515625
-0.0425262451171875 -0.223846435546875 0.00736999511718751 0.104446411132812
0.0832061767578125 -0.227203369140625 -0.0559158325195312 0.0372810363769531
0.21087646484375 -0.158187866210938 0.050537109375 -0.0407485961914063
0.205810546875 -0.035552978515625 0.118301391601562 -0.191452026367188
0.187271118164063 -0.0873565673828125 0.164352416992188 -0.175521850585938
0.114715576171875 -0.193145751953125 0.112579345703125 -0.156951904296875
-0.0467376708984375 -0.178512573242188 0.0378265380859375 -0.150375366210937
-0.126625061035156 -0.0951461791992188 -0.00582122802734375 -0.103981018066406
-0.148239135742188 0.0369873046875 -0.0195770263671875 -0.0529098510742187
-0.109115600585938 0.106048583984375 0.0142669677734375 -0.0489158630371094
-0.100364685058594 0.104286193847656 0.0498275756835937 -0.0697364807128906
-0.0966796875 0.136383056640625 0.0707550048828125 -0.088348388671875
-0.122909545898438 0.106071472167969 0.117912292480469 -0.0628433227539063
-0.170684814453125 0.024444580078125 0.128616333007813 -0.0254135131835937
-0.152511596679687 -0.0797271728515625 0.0972900390625 0.0538101196289063
-0.015045166015625 -0.197891235351563 0.0226593017578125 0.094268798828125
0.103271484375 -0.175811767578125 -0.0296134948730469 0.000181198120117172
0.1956787109375 -0.0919342041015625 0.118812561035156 -0.0767745971679688
0.121253967285156 0.0395965576171875 0.17779541015625 -0.196746826171875
0.136573791503906 -0.00836181640625 0.195755004882813 -0.181869506835938
0.103240966796875 -0.0979766845703125 0.1195068359375 -0.143203735351563
-0.0073394775390625 -0.115158081054687 0.0637283325195313 -0.133697509765625
-0.069732666015625 -0.0683708190917969 0.0268707275390625 -0.0971603393554687
-0.0982513427734375 0.0177841186523438 0.0169677734375 -0.0753707885742188
-0.0777816772460938 0.065704345703125 0.0369796752929687 -0.0893402099609375
-0.0724105834960938 0.069000244140625 0.0626068115234375 -0.107734680175781
-0.0739593505859375 0.0933609008789063 0.089263916015625 -0.126632690429688
-0.0941390991210937 0.0738525390625 0.14251708984375 -0.092376708984375
-0.1297607421875 0.00828552246093749 0.152084350585938 -0.0385894775390625
-0.10687255859375 -0.072021484375 0.117179870605469 0.0505828857421875
0.0152435302734375 -0.148834228515625 0.0335769653320312 0.09075927734375
0.109992980957031 -0.102508544921875 -0.00168609619140624 -0.0227413177490234
0.155075073242188 -0.0131378173828125 0.177200317382813 -0.09033203125
-0.0630683898925781 -0.0683364868164062 -0.194107055664062 0.11517333984375
-0.0758895874023438 0.0388336181640625 -0.0191612243652344 0.038543701171875
-0.0158920288085938 0.07421875 -0.0344696044921875 -0.100090026855469
0.0417556762695313 0.0456085205078125 -0.144699096679688 -0.075408935546875
0.0572929382324219 0.00191879272460938 -0.17578125 0.029022216796875
0.0488357543945313 -0.0377082824707031 -0.148193359375 0.121734619140625
0.0321216583251953 -0.03204345703125 -0.088134765625 0.16766357421875
0.0308055877685547 -0.0281200408935547 -0.0546417236328125 0.135734558105469
0.0376510620117188 -0.0261154174804688 -0.0369186401367188 0.113174438476563
0.0390281677246094 0.0057373046875 -0.0353546142578125 0.0946731567382812
0.0150680541992187 0.0371589660644531 -0.0290679931640625 0.100639343261719
-0.0371742248535156 0.0408515930175781 -0.0641021728515625 0.1278076171875
-0.0760498046875 -0.0116119384765625 -0.136474609375 0.143142700195313
-0.0690994262695313 -0.0686492919921875 -0.188873291015625 0.188369750976562
-0.0346221923828125 -0.114212036132813 -0.208969116210938 0.1893310546875
0.0224456787109375 -0.139213562011719 -0.215423583984375 0.082305908203125
-0.0420188903808594 -0.0454635620117188 -0.0347270965576172 0.0235424041748047
-0.0354843139648438 -0.0143241882324219 -0.03155517578125 -0.115257263183594
-0.0202865600585938 0.00381278991699219 -0.149429321289063 -0.0948486328125
-0.010737419128418 0.000603675842285154 -0.188735961914063 0.010955810546875
-0.00570154190063477 0.00776338577270508 -0.161605834960938 0.121368408203125
-0.00489616394042969 0.0290889739990234 -0.0906829833984375 0.171005249023438
-0.00916862487792969 0.0248489379882813 -0.0475311279296875 0.134178161621094
-0.00559234619140625 0.0322895050048828 -0.0307846069335937 0.113136291503906
-0.0195960998535156 0.0366477966308594 -0.0239944458007812 0.09716796875
-0.0524559020996094 0.0249519348144531 -0.0152587890625 0.0969924926757813
-0.083221435546875 -0.0154876708984375 -0.0496139526367188 0.124984741210938
-0.0584945678710938 -0.100082397460938 -0.111221313476562 0.14263916015625
-0.0155792236328125 -0.148956298828125 -0.167388916015625 0.179290771484375
0.05517578125 -0.173141479492188 -0.190948486328125 0.16278076171875
0.114471435546875 -0.1859130859375 -0.202774047851562 0.0260772705078125
0.016082763671875 -0.125358581542969 -0.0309963226318359 -0.0128841400146484
-0.0370864868164062 -0.116806030273438 -0.0179519653320312 -0.138526916503906
-0.0784683227539063 -0.0562057495117188 -0.140975952148438 -0.121490478515625
-0.0815200805664063 -0.013153076171875 -0.186859130859375 -0.01885986328125
-0.066162109375 0.0452766418457031 -0.163253784179688 0.102188110351562
-0.044708251953125 0.0837936401367188 -0.0844879150390625 0.151901245117187
-0.0484619140625 0.0731201171875 -0.0320663452148438 0.112831115722656
-0.04388427734375 0.0885543823242188 -0.0144500732421875 0.0944061279296875
-0.06903076171875 0.0723724365234375 0.001068115234375 0.084442138671875
-0.112998962402344 0.0279006958007813 0.0129241943359375 0.0845947265625
-0.130790710449219 -0.0482635498046875 -0.0193862915039063 0.119377136230469
-0.0619354248046875 -0.167800903320313 -0.0760345458984375 0.141586303710938
0.015106201171875 -0.212127685546875 -0.134536743164063 0.160110473632813
0.1234130859375 -0.214187622070313 -0.14459228515625 0.1220703125
0.194503784179688 -0.199050903320313 -0.153396606445313 -0.041839599609375
0.0870513916015625 -0.180831909179688 -0.00422286987304687 -0.0626220703125
-0.012939453125 -0.210235595703125 0.00891113281249998 -0.162185668945313
-0.117393493652344 -0.124221801757813 -0.11358642578125 -0.14837646484375
-0.1414794921875 -0.039642333984375 -0.163619995117188 -0.0545196533203125
-0.121231079101563 0.0679702758789063 -0.148284912109375 0.06854248046875
-0.0815200805664062 0.122543334960938 -0.0692138671875 0.113777160644531
-0.079864501953125 0.110565185546875 -0.011932373046875 0.075958251953125
-0.0725936889648438 0.1339111328125 0.00700378417968749 0.0585556030273438
-0.103446960449219 0.105987548828125 0.0321083068847656 0.0558280944824219
-0.158157348632813 0.03961181640625 0.0453834533691406 0.0592765808105469
-0.169784545898438 -0.06005859375 0.016448974609375 0.104705810546875
-0.0728759765625 -0.208587646484375 -0.0389556884765625 0.1341552734375
0.030181884765625 -0.24847412109375 -0.102729797363281 0.128135681152344
0.168060302734375 -0.22955322265625 -0.0845718383789062 0.0701522827148437
0.242889404296875 -0.176864624023438 -0.0737991333007812 -0.108413696289063
0.152297973632812 -0.196502685546875 0.0433578491210938 -0.115142822265625
0.0305938720703125 -0.266555786132813 0.044952392578125 -0.176773071289063
-0.124740600585937 -0.18048095703125 -0.0683746337890625 -0.16552734375
-0.174301147460938 -0.06964111328125 -0.118820190429688 -0.085296630859375
-0.15838623046875 0.0735321044921875 -0.114875793457031 0.0259628295898438
-0.105255126953125 0.141159057617188 -0.04534912109375 0.0611763000488281
-0.0994949340820313 0.129875183105469 0.0101299285888672 0.0280895233154297
-0.08929443359375 0.160751342773438 0.0284805297851562 0.0109062194824219
-0.122283935546875 0.12738037109375 0.0618858337402344 0.015716552734375
-0.183670043945313 0.0493621826171875 0.0749969482421875 0.0264663696289063
-0.188400268554688 -0.0639801025390625 0.0490570068359375 0.0839767456054688
-0.0734100341796875 -0.224700927734375 -0.00903320312500002 0.120597839355469
0.046722412109375 -0.253982543945313 -0.0777053833007812 0.0865478515625
0.194366455078125 -0.215301513671875 -0.0201053619384765 0.0118999481201172
0.247268676757813 -0.121566772460938 0.0206756591796875 -0.162979125976563
0.18927001953125 -0.1649169921875 0.101104736328125 -0.157333374023438
0.0773773193359375 -0.262191772460938 0.0809326171875 -0.176895141601563
-0.099700927734375 -0.200286865234375 -0.0151824951171875 -0.166824340820313
-0.169570922851563 -0.089599609375 -0.0632476806640625 -0.10198974609375
-0.167327880859375 0.0644378662109375 -0.068695068359375 -0.0163383483886719
-0.111885070800781 0.137886047363281 -0.0166788101196289 0.00349712371826173
-0.10430908203125 0.130668640136719 0.0303001403808594 -0.0246543884277344
-0.094512939453125 0.16436767578125 0.0484085083007812 -0.0415534973144531
-0.125381469726562 0.131027221679688 0.090545654296875 -0.0289688110351562
-0.1861572265625 0.048675537109375 0.102386474609375 -0.00672149658203125
-0.183380126953125 -0.0670166015625 0.0766067504882812 0.0629653930664063
-0.0575408935546875 -0.220474243164063 0.0123291015625 0.105300903320312
0.0684814453125 -0.230789184570313 -0.0555610656738281 0.0422019958496094
0.202163696289063 -0.17181396484375 0.0470314025878906 -0.0431785583496094
0.20355224609375 -0.048492431640625 0.107757568359375 -0.196090698242188
0.182601928710938 -0.0986480712890625 0.154251098632813 -0.182342529296875
0.10223388671875 -0.20074462890625 0.105789184570313 -0.1641845703125
-0.05810546875 -0.174957275390625 0.03009033203125 -0.154327392578125
-0.13226318359375 -0.0873565673828125 -0.0121078491210938 -0.104766845703125
-0.144317626953125 0.046173095703125 -0.02227783203125 -0.05084228515625
-0.10089111328125 0.11334228515625 0.0117645263671875 -0.0501976013183594
-0.0932083129882812 0.110633850097656 0.0461959838867188 -0.0739059448242188
-0.086456298828125 0.142120361328125 0.0664901733398438 -0.0921859741210937
-0.113655090332031 0.113388061523438 0.115547180175781 -0.0704879760742187
-0.1671142578125 0.035888671875 0.126754760742188 -0.0326614379882813
-0.156723022460938 -0.069580078125 0.100181579589844 0.0491104125976562
-0.027679443359375 -0.196670532226563 0.0272369384765625 0.093780517578125
0.0917816162109375 -0.18109130859375 -0.0321750640869141 0.00341224670410156
0.1904296875 -0.10418701171875 0.112144470214844 -0.0830230712890625
0.123306274414063 0.0316925048828125 0.167587280273438 -0.204696655273438
0.135429382324219 -0.0170211791992188 0.185104370117187 -0.1912841796875
0.09661865234375 -0.105049133300781 0.11309814453125 -0.150588989257813
-0.0149154663085938 -0.113273620605469 0.0559616088867187 -0.139328002929688
-0.0743789672851563 -0.064239501953125 0.0216064453125 -0.100608825683594
-0.0956573486328125 0.0237503051757813 0.0121688842773437 -0.0758590698242188
-0.0720291137695312 0.0711593627929688 0.0316314697265625 -0.0915451049804688
-0.0673904418945312 0.0734634399414063 0.0563507080078125 -0.112007141113281
-0.06744384765625 0.0975418090820313 0.0823516845703125 -0.13201904296875
-0.0871810913085937 0.0797271728515625 0.137702941894531 -0.101303100585938
-0.127464294433594 0.0177841186523437 0.149444580078125 -0.0469512939453125
-0.110801696777344 -0.0642547607421875 0.11993408203125 0.0447616577148437
0.00590515136718749 -0.150146484375 0.0377349853515625 0.0894546508789062
0.10345458984375 -0.109359741210938 -0.00534248352050781 -0.0217456817626953
0.153411865234375 -0.0223236083984375 0.170455932617188 -0.100143432617188
-0.0667076110839844 -0.0613861083984375 -0.180465698242187 0.124313354492188
-0.0699615478515625 0.0422019958496094 -0.01275634765625 0.0383872985839844
-0.0095977783203125 0.07366943359375 -0.039794921875 -0.0958023071289062
0.0431289672851563 0.0419502258300781 -0.144607543945313 -0.0655517578125
0.0552749633789063 -0.00170135498046875 -0.167648315429687 0.0387115478515625
0.0434951782226563 -0.0401420593261719 -0.136878967285156 0.12689208984375
0.0280685424804687 -0.0338993072509766 -0.0742645263671875 0.168807983398438
0.02685546875 -0.0289134979248047 -0.0452728271484375 0.135368347167969
0.0330982208251953 -0.0274982452392578 -0.0289535522460937 0.112228393554688
0.0372734069824219 0.0018310546875 -0.0288009643554687 0.0949554443359375
0.0169048309326172 0.0338077545166016 -0.022705078125 0.0998077392578125
-0.0332717895507813 0.0412368774414062 -0.0545730590820312 0.130409240722656
-0.07354736328125 -0.00608825683593751 -0.1240234375 0.148544311523437
-0.0701828002929688 -0.0619659423828125 -0.172836303710937 0.194320678710938
-0.0411911010742188 -0.108627319335938 -0.19244384765625 0.197799682617187
0.0123062133789063 -0.136276245117188 -0.202911376953125 0.0941314697265625
-0.0417404174804688 -0.0415916442871094 -0.0291519165039063 0.0254058837890625
-0.0349712371826172 -0.0118961334228516 -0.0371932983398438 -0.111320495605469
-0.0199241638183594 0.00514411926269531 -0.15032958984375 -0.0837249755859375
-0.010859489440918 0.0012655258178711 -0.181961059570313 0.02142333984375
-0.00563526153564453 0.00767278671264648 -0.149215698242188 0.127105712890625
-0.00247764587402344 0.0281467437744141 -0.076171875 0.171188354492188
-0.008697509765625 0.0250358581542969 -0.0381393432617187 0.132911682128906
-0.0044708251953125 0.0319175720214844 -0.0227203369140625 0.111824035644531
-0.0171356201171875 0.0354957580566406 -0.017242431640625 0.0959854125976563
-0.0491256713867188 0.0265922546386719 -0.00897216796875 0.0958709716796875
-0.081695556640625 -0.0102005004882812 -0.040496826171875 0.127052307128906
-0.0624771118164063 -0.0934677124023438 -0.100967407226563 0.147705078125
-0.023956298828125 -0.142303466796875 -0.152511596679688 0.185409545898437
0.042449951171875 -0.171707153320313 -0.176712036132813 0.170745849609375
0.0992431640625 -0.187957763671875 -0.194412231445313 0.039825439453125
0.0090484619140625 -0.122421264648438 -0.0284023284912109 -0.00918960571289063
-0.0427093505859375 -0.111183166503906 -0.0244903564453125 -0.134719848632813
-0.0797042846679687 -0.0498199462890625 -0.143524169921875 -0.1107177734375
-0.0812835693359375 -0.0080718994140625 -0.18255615234375 -0.00807189941406247
-0.0605278015136719 0.0476531982421875 -0.151687622070313 0.109359741210937
-0.03753662109375 0.083465576171875 -0.071868896484375 0.151596069335938
-0.0431442260742188 0.0748519897460938 -0.0242233276367188 0.110382080078125
-0.037139892578125 0.0884780883789063 -0.00696563720703125 0.0917816162109375
-0.0619049072265625 0.0738143920898438 0.0074462890625 0.08148193359375
-0.107620239257812 0.0338058471679688 0.0179519653320312 0.081329345703125
-0.130012512207031 -0.0387954711914063 -0.0114593505859375 0.119476318359375
-0.0707550048828125 -0.158767700195312 -0.06640625 0.1451416015625
0.00122070312499999 -0.2054443359375 -0.122039794921875 0.165664672851563
0.106796264648438 -0.216552734375 -0.134063720703125 0.1290283203125
0.176498413085938 -0.20574951171875 -0.150375366210938 -0.0287017822265625
0.0746917724609375 -0.181503295898438 -0.00538635253906249 -0.0588493347167969
-0.0259857177734375 -0.203842163085938 -4.57763671874845E-05 -0.159881591796875
-0.120964050292969 -0.11285400390625 -0.119209289550781 -0.139518737792969
-0.141265869140625 -0.030609130859375 -0.162612915039063 -0.0436859130859375
-0.112335205078125 0.0735702514648437 -0.138877868652344 0.0754013061523438
-0.0692901611328125 0.124481201171875 -0.0587005615234375 0.114250183105469
-0.0708847045898437 0.113426208496094 -0.00701904296875 0.0721054077148438
-0.061187744140625 0.134597778320313 0.011444091796875 0.0557899475097656
-0.0929031372070312 0.108818054199219 0.0360565185546875 0.0515594482421875
-0.150299072265625 0.0485076904296875 0.0485153198242187 0.0551567077636719
-0.168777465820313 -0.0476531982421875 0.0223007202148437 0.10333251953125
-0.084320068359375 -0.198516845703125 -0.030853271484375 0.135452270507813
0.013763427734375 -0.241744995117187 -0.09307861328125 0.133155822753906
0.150131225585938 -0.23492431640625 -0.0795135498046875 0.073883056640625
0.225189208984375 -0.187255859375 -0.0774459838867188 -0.0990142822265625
0.137481689453125 -0.199752807617188 0.0366287231445313 -0.111770629882813
0.012664794921875 -0.261459350585938 0.034942626953125 -0.176132202148438
-0.1319580078125 -0.166305541992188 -0.0759429931640625 -0.15850830078125
-0.174407958984375 -0.057098388671875 -0.1207275390625 -0.0761184692382813
-0.148406982421875 0.081390380859375 -0.108474731445313 0.0325393676757813
-0.0914459228515625 0.144378662109375 -0.0389976501464844 0.0611114501953125
-0.088531494140625 0.133697509765625 0.0112056732177734 0.0245208740234375
-0.0750274658203125 0.161651611328125 0.0292816162109375 0.00816917419433595
-0.108505249023438 0.131401062011719 0.0630455017089844 0.010986328125
-0.173629760742188 0.0601043701171875 0.0756988525390625 0.0215988159179688
-0.186691284179688 -0.049591064453125 0.0534820556640625 0.0800628662109375
-0.0868377685546875 -0.214157104492188 -0.00231933593750001 0.120109558105469
0.0289459228515625 -0.24810791015625 -0.0711517333984375 0.0907821655273438
0.17547607421875 -0.223007202148438 -0.0201358795166016 0.0128612518310547
0.23260498046875 -0.134674072265625 0.0113677978515625 -0.1568603515625
0.17474365234375 -0.171966552734375 0.0902099609375 -0.15576171875
0.0584259033203125 -0.261016845703125 0.06982421875 -0.177490234375
-0.108871459960938 -0.187637329101563 -0.02392578125 -0.162490844726563
-0.171432495117187 -0.076385498046875 -0.0680999755859375 -0.0957183837890625
-0.156875610351562 0.0731201171875 -0.0667304992675781 -0.0112190246582031
-0.0977935791015625 0.141754150390625 -0.014286994934082 0.00324630737304688
-0.0922088623046875 0.134117126464844 0.0279426574707031 -0.027923583984375
-0.07843017578125 0.164825439453125 0.045684814453125 -0.0441436767578125
-0.110794067382813 0.135017395019531 0.0872268676757813 -0.0345916748046875
-0.176910400390625 0.05999755859375 0.09954833984375 -0.0126495361328125
-0.182388305664063 -0.0521240234375 0.0784378051757812 0.0576248168945313
-0.0714874267578125 -0.2105712890625 0.0176239013671875 0.103828430175781
0.05145263671875 -0.227752685546875 -0.0530433654785156 0.0464630126953125
0.185470581054687 -0.18109130859375 0.0415573120117188 -0.0437889099121094
0.1943359375 -0.060638427734375 0.0941162109375 -0.194747924804688
0.171142578125 -0.107284545898438 0.13946533203125 -0.183792114257813
0.085784912109375 -0.201675415039062 0.0947723388671875 -0.16693115234375
-0.0672149658203125 -0.165573120117188 0.0196380615234375 -0.153060913085938
-0.134872436523438 -0.076507568359375 -0.01910400390625 -0.101661682128906
-0.135322570800781 0.0545120239257813 -0.0237541198730469 -0.0476570129394531
-0.0888290405273437 0.116950988769531 0.00934982299804687 -0.0504646301269531
-0.0823593139648437 0.114509582519531 0.0406341552734375 -0.0766220092773437
-0.072998046875 0.143234252929688 0.059539794921875 -0.094573974609375
-0.100944519042969 0.117424011230469 0.108390808105469 -0.0764083862304687
-0.159225463867188 0.0465087890625 0.121040344238281 -0.0394363403320313
-0.156387329101563 -0.0562286376953125 0.100700378417969 0.0422897338867188
-0.0406646728515625 -0.189102172851563 0.0311737060546875 0.0912399291992187
0.0766754150390625 -0.180816650390625 -0.0327205657958984 0.00699806213378905
0.178192138671875 -0.114822387695313 0.102302551269531 -0.0871200561523438
0.121482849121094 0.021881103515625 0.151473999023438 -0.207916259765625
0.130271911621094 -0.0254898071289063 0.168777465820313 -0.195968627929688
0.0861892700195313 -0.109138488769531 0.101882934570312 -0.15362548828125
-0.0219192504882813 -0.10882568359375 0.046600341796875 -0.140151977539063
-0.0768203735351562 -0.0575714111328125 0.013916015625 -0.099822998046875
-0.0897598266601563 0.0297927856445312 0.00752258300781249 -0.0737457275390625
-0.063812255859375 0.074249267578125 0.0259246826171875 -0.0910415649414063
-0.0597763061523437 0.0770339965820313 0.047637939453125 -0.113365173339844
-0.0578689575195313 0.09906005859375 0.07257080078125 -0.133842468261719
-0.0776824951171875 0.0826263427734375 0.127113342285156 -0.107063293457031
-0.121978759765625 0.0261917114257812 0.14251708984375 -0.054473876953125
-0.111518859863281 -0.054412841796875 0.119331359863281 0.0366363525390625
-0.00465393066406251 -0.145736694335938 0.041748046875 0.0858154296875
0.0930633544921875 -0.111740112304688 -0.00891494750976562 -0.019256591796875
0.146652221679688 -0.032562255859375 0.157241821289063 -0.107330322265625
-0.0670051574707031 -0.0546760559082031 -0.165817260742187 0.12725830078125
-0.0639495849609375 0.0432586669921875 -0.00861740112304688 0.0365333557128906
-0.0048065185546875 0.0701789855957031 -0.0416259765625 -0.0910720825195313
0.0431747436523438 0.0384941101074219 -0.14080810546875 -0.0575103759765625
0.0525169372558594 -0.00400161743164063 -0.15863037109375 0.0425872802734375
0.0386161804199219 -0.0402984619140625 -0.126228332519531 0.126480102539063
0.024383544921875 -0.0341396331787109 -0.0636138916015625 0.163970947265625
0.0230770111083984 -0.0285072326660156 -0.0379180908203125 0.132179260253906
0.0283470153808594 -0.0270233154296875 -0.0229415893554687 0.109031677246094
0.0339603424072266 -0.000993728637695313 -0.0234146118164063 0.0927505493164063
0.0175247192382813 0.0305805206298828 -0.0183258056640625 0.0974349975585938
-0.0295143127441406 0.0410499572753906 -0.0475082397460937 0.128128051757813
-0.0696640014648438 -0.00240707397460938 -0.112167358398438 0.147308349609375
-0.0684165954589844 -0.0563774108886719 -0.157485961914063 0.191940307617188
-0.0450057983398438 -0.100868225097656 -0.177734375 0.196731567382813
0.00516510009765625 -0.130859375 -0.188735961914063 0.100082397460938
-0.0407028198242188 -0.0383529663085937 -0.0238971710205078 0.0255126953125
-0.0329704284667969 -0.00998497009277344 -0.03936767578125 -0.10601806640625
-0.0184726715087891 0.00583839416503906 -0.146499633789063 -0.075225830078125
-0.0109272003173828 0.00197792053222656 -0.172760009765625 0.02703857421875
-0.00567245483398437 0.00720071792602539 -0.13787841796875 0.127212524414063
-0.00166893005371094 0.0265769958496094 -0.0653076171875 0.166641235351563
-0.00775718688964844 0.0250606536865234 -0.0311737060546875 0.128372192382813
-0.004119873046875 0.0311603546142578 -0.0166397094726563 0.107429504394531
-0.0156116485595703 0.0336570739746094 -0.0121307373046875 0.0922698974609375
-0.0453376770019531 0.0267715454101562 -0.00432586669921875 0.09283447265625
-0.0781097412109375 -0.00646972656249999 -0.0337295532226563 0.124580383300781
-0.0637130737304688 -0.0867233276367188 -0.0901641845703125 0.146621704101563
-0.0276947021484375 -0.134468078613281 -0.139068603515625 0.183975219726563
0.0334014892578125 -0.16558837890625 -0.16326904296875 0.17132568359375
0.0865631103515625 -0.184188842773438 -0.182815551757813 0.047607421875
0.00567626953124999 -0.117424011230469 -0.0245494842529297 -0.0064373016357422
-0.045135498046875 -0.105247497558594 -0.02813720703125 -0.129631042480469
-0.0782241821289062 -0.0439300537109375 -0.141189575195313 -0.101486206054687
-0.0793685913085938 -0.00391387939453126 -0.175033569335938 -0.000534057617187516
-0.0554924011230469 0.0483741760253906 -0.140029907226563 0.109939575195312
-0.0310211181640625 0.0816421508789062 -0.0614013671875 0.147689819335937
-0.0382156372070313 0.0738372802734375 -0.01910400390625 0.105300903320313
-0.03204345703125 0.0862655639648438 -0.0030364990234375 0.0875701904296875
-0.0559234619140625 0.0723037719726563 0.011474609375 0.07733154296875
-0.10064697265625 0.0357894897460937 0.020965576171875 0.0777053833007812
-0.126365661621094 -0.03173828125 -0.00583648681640625 0.116973876953125
-0.0744171142578125 -0.14959716796875 -0.05828857421875 0.1436767578125
-0.00646972656249999 -0.194915771484375 -0.110382080078125 0.164688110351563
0.0937042236328125 -0.211761474609375 -0.12457275390625 0.129989624023438
0.159820556640625 -0.204513549804687 -0.143814086914062 -0.019378662109375
0.06561279296875 -0.176300048828125 -0.00495529174804687 -0.0536537170410156
-0.033843994140625 -0.195205688476563 -0.004669189453125 -0.154891967773438
-0.120841979980469 -0.102760314941406 -0.1187744140625 -0.130294799804687
-0.137939453125 -0.0224456787109375 -0.15716552734375 -0.036041259765625
-0.103584289550781 0.0754013061523437 -0.128814697265625 0.077728271484375
-0.0597381591796875 0.122108459472656 -0.0504531860351563 0.110153198242188
-0.0630950927734375 0.111885070800781 -0.00366592407226562 0.0680618286132813
-0.0515518188476563 0.131034851074219 0.01373291015625 0.0518989562988281
-0.0826416015625 0.106925964355469 0.0376243591308594 0.0470428466796875
-0.140625 0.052764892578125 0.0490531921386719 0.0509109497070312
-0.16326904296875 -0.0382537841796875 0.0260086059570312 0.0998001098632813
-0.08966064453125 -0.186019897460938 -0.0241317749023438 0.133338928222656
0.00285339355468752 -0.230300903320313 -0.084686279296875 0.133026123046875
0.133621215820313 -0.231689453125 -0.0741806030273437 0.075531005859375
0.207168579101562 -0.1890869140625 -0.0765609741210937 -0.0887680053710938
0.1246337890625 -0.196044921875 0.0326461791992187 -0.10540771484375
0.000427246093749989 -0.25244140625 0.02789306640625 -0.1717529296875
-0.13330078125 -0.153961181640625 -0.0779571533203125 -0.150070190429688
-0.1702880859375 -0.0469818115234375 -0.11932373046875 -0.0684127807617187
-0.136474609375 0.0839385986328125 -0.101158142089844 0.0351791381835937
-0.0790863037109375 0.141433715820313 -0.0338973999023438 0.0590019226074219
-0.078033447265625 0.131675720214844 0.0118389129638672 0.0205173492431641
-0.062774658203125 0.157516479492188 0.0297183990478516 0.00592803955078126
-0.0961532592773437 0.129554748535156 0.0618400573730469 0.00649261474609376
-0.162460327148438 0.065185546875 0.0741348266601562 0.01708984375
-0.1806640625 -0.039154052734375 0.0547943115234375 0.0763473510742188
-0.09326171875 -0.20037841796875 0.00242614746093751 0.117568969726563
0.0166778564453125 -0.237197875976563 -0.064971923828125 0.0921554565429688
0.158584594726563 -0.221588134765625 -0.0190048217773437 0.0145530700683594
0.21673583984375 -0.139312744140625 0.00523376464843751 -0.148483276367188
0.160980224609375 -0.171218872070313 0.0811920166015625 -0.14990234375
0.0438232421875 -0.25360107421875 0.0610198974609375 -0.174636840820313
-0.112503051757813 -0.174575805664063 -0.029388427734375 -0.155838012695313
-0.168060302734375 -0.06536865234375 -0.0693740844726563 -0.0892410278320313
-0.14501953125 0.0767822265625 -0.0630569458007813 -0.00796508789062499
-0.0852508544921875 0.140052795410156 -0.012812614440918 0.00339984893798829
-0.0814208984375 0.133338928222656 0.0254592895507812 -0.0294723510742187
-0.0659332275390625 0.161270141601563 0.0429039001464844 -0.045135498046875
-0.0973892211914063 0.133193969726563 0.083160400390625 -0.0379638671875
-0.16412353515625 0.0654144287109375 0.0945968627929688 -0.01617431640625
-0.176345825195312 -0.0410003662109375 0.078277587890625 0.053802490234375
-0.0782928466796875 -0.198013305664062 0.0210723876953125 0.100982666015625
0.0385284423828125 -0.217941284179688 -0.0494766235351563 0.0485801696777344
0.170211791992187 -0.181961059570313 0.0365829467773438 -0.0426025390625
0.182815551757813 -0.0670013427734375 0.0836029052734375 -0.188278198242188
0.15972900390625 -0.10980224609375 0.127197265625 -0.179458618164063
0.072235107421875 -0.198516845703125 0.0851593017578125 -0.164505004882813
-0.0713348388671875 -0.154541015625 0.0125579833984375 -0.14794921875
-0.1331787109375 -0.0669326782226563 -0.0224761962890625 -0.097137451171875
-0.125137329101563 0.0582427978515625 -0.0240058898925781 -0.0444869995117187
-0.0769424438476563 0.115760803222656 0.00699234008789062 -0.0494117736816406
-0.0726776123046875 0.113700866699219 0.0351181030273438 -0.0762939453125
-0.0612030029296875 0.140144348144531 0.053985595703125 -0.0938262939453125
-0.0883407592773438 0.115959167480469 0.101455688476563 -0.0786514282226562
-0.148513793945312 0.052276611328125 0.114570617675781 -0.0423583984375
-0.151260375976563 -0.0457305908203125 0.0982589721679687 0.037506103515625
-0.0481414794921875 -0.17877197265625 0.0334243774414063 0.0875778198242187
0.0652923583984375 -0.174652099609375 -0.0323772430419922 0.0108318328857422
0.165267944335937 -0.118301391601562 0.0927734375 -0.0865859985351563
0.116989135742187 0.0158538818359375 0.1375732421875 -0.203750610351563
0.123435974121094 -0.0302581787109375 0.15350341796875 -0.192245483398438
0.0766143798828125 -0.109169006347656 0.091888427734375 -0.151412963867188
-0.0263290405273438 -0.101524353027344 0.0381393432617188 -0.136749267578125
-0.0766754150390625 -0.0512161254882813 0.00914764404296874 -0.0966415405273438
-0.0832138061523438 0.0320205688476563 0.004241943359375 -0.0710906982421875
-0.054962158203125 0.0744400024414062 0.0203475952148437 -0.0887985229492188
-0.0529098510742188 0.076324462890625 0.0398712158203125 -0.111869812011719
-0.049224853515625 0.097442626953125 0.06396484375 -0.131599426269531
-0.0684356689453125 0.0816650390625 0.118171691894531 -0.108726501464844
-0.114479064941406 0.0311203002929687 0.133293151855469 -0.0573501586914063
-0.108634948730469 -0.0463180541992187 0.116127014160156 0.0307159423828125
-0.0114364624023438 -0.139114379882813 0.0422821044921875 0.0820159912109375
0.0836257934570313 -0.110633850097656 -0.0113983154296875 -0.0161161422729492
0.138725280761719 -0.0384902954101563 0.1441650390625 -0.10791015625
-0.0665626525878906 -0.0503044128417969 -0.1552734375 0.125686645507813
-0.0595932006835938 0.0417251586914062 -0.00493812561035156 0.0339698791503906
-0.00214767456054687 0.067138671875 -0.0421066284179687 -0.0876617431640625
0.0422477722167969 0.0360069274902344 -0.136474609375 -0.0539321899414062
0.0499763488769531 -0.00474929809570313 -0.151229858398438 0.0420989990234375
0.0344696044921875 -0.0396804809570313 -0.119949340820313 0.123382568359375
0.0213623046875 -0.0337677001953125 -0.058013916015625 0.1590576171875
0.0202960968017578 -0.0271472930908203 -0.033935546875 0.127983093261719
0.0247058868408203 -0.0261459350585938 -0.0205841064453125 0.105415344238281
0.0311241149902344 -0.00267219543457031 -0.0215072631835937 0.090606689453125
0.0171108245849609 0.0276851654052734 -0.0163803100585938 0.0952682495117188
-0.0272216796875 0.0398216247558594 -0.0430755615234375 0.125572204589844
-0.0660934448242188 -0.00108718872070312 -0.10528564453125 0.143692016601563
-0.0660934448242187 -0.0520744323730469 -0.14874267578125 0.186386108398438
-0.0454330444335938 -0.0952072143554688 -0.1678466796875 0.192764282226562
0.00182342529296875 -0.124763488769531 -0.17840576171875 0.100616455078125
-0.0381736755371094 -0.036346435546875 -0.0196456909179688 0.0252189636230469
-0.0310077667236328 -0.00952911376953125 -0.0392913818359375 -0.102622985839844
-0.0169286727905273 0.00612354278564453 -0.1422119140625 -0.07098388671875
-0.011204719543457 0.0023956298828125 -0.16571044921875 0.028045654296875
-0.00507926940917969 0.00709390640258789 -0.130119323730469 0.123825073242187
-0.00152587890625 0.0250377655029297 -0.0590667724609375 0.160964965820312
-0.00798225402832031 0.0246429443359375 -0.0285110473632812 0.12371826171875
-0.00419044494628906 0.0301151275634766 -0.0141372680664063 0.10369873046875
-0.0151557922363281 0.0313835144042969 -0.00947570800781251 0.0896530151367188
-0.043548583984375 0.0253677368164063 -0.0030670166015625 0.0904998779296875
-0.075469970703125 -0.00528717041015626 -0.0303192138671875 0.122787475585938
-0.0624618530273438 -0.0818862915039063 -0.08489990234375 0.143295288085938
-0.0285186767578125 -0.127685546875 -0.130615234375 0.178985595703125
0.0286865234375 -0.15948486328125 -0.15521240234375 0.168838500976563
0.079071044921875 -0.178634643554688 -0.173583984375 0.0509185791015625
0.00450897216796875 -0.113426208496094 -0.0209579467773438 -0.00461006164550782
-0.045318603515625 -0.1005859375 -0.0290069580078125 -0.126083374023437
-0.07562255859375 -0.0403900146484375 -0.13726806640625 -0.096527099609375
-0.077117919921875 -0.00191497802734374 -0.16796875 0.00154113769531253
-0.0523185729980469 0.0474395751953125 -0.132057189941406 0.107536315917969
-0.0280532836914063 0.0787124633789062 -0.0554046630859375 0.142242431640625
-0.0357742309570313 0.0726165771484375 -0.0169754028320313 0.100433349609375
-0.0290985107421875 0.0834426879882813 -0.000755310058593743 0.0837478637695313
-0.0523338317871094 0.0691108703613281 0.0124359130859375 0.0737686157226563
-0.0957183837890625 0.0362091064453125 0.0217361450195312 0.0749282836914063
-0.121963500976563 -0.0285263061523437 -0.00321197509765625 0.114883422851563
-0.0746917724609375 -0.142486572265625 -0.0533905029296875 0.141006469726563
-0.00933837890625002 -0.186309814453125 -0.104034423828125 0.1612548828125
0.085968017578125 -0.205459594726563 -0.119056701660156 0.128311157226562
0.149642944335938 -0.200302124023438 -0.137351989746094 -0.013519287109375
0.061920166015625 -0.171173095703125 -0.00280380249023438 -0.049346923828125
-0.0365447998046875 -0.187896728515625 -0.00640869140625 -0.150680541992188
-0.117568969726563 -0.0963973999023438 -0.116317749023438 -0.12451171875
-0.134262084960938 -0.0191268920898437 -0.152175903320313 -0.0320587158203125
-0.0972900390625 0.073822021484375 -0.121025085449219 0.0760726928710937
-0.0535430908203125 0.118522644042969 -0.0459518432617187 0.105545043945313
-0.0582046508789062 0.109092712402344 -0.00322341918945313 0.063629150390625
-0.0462188720703125 0.126304626464844 0.0147705078125 0.0488014221191406
-0.076080322265625 0.103164672851563 0.037872314453125 0.0437164306640625
-0.133377075195313 0.0530471801757813 0.0485115051269531 0.0484771728515625
-0.157363891601563 -0.0343780517578125 0.0276336669921875 0.0974578857421875
-0.090423583984375 -0.177581787109375 -0.0212020874023438 0.130760192871094
-0.00102233886718752 -0.22015380859375 -0.0788726806640625 0.130622863769531
0.124740600585938 -0.225387573242188 -0.0715484619140625 0.0750579833984375
0.195770263671875 -0.185989379882813 -0.0737228393554687 -0.0814056396484375
0.117752075195313 -0.19049072265625 0.032012939453125 -0.0992355346679688
-0.00483703613281249 -0.243927001953125 0.0247955322265625 -0.167587280273438
-0.130767822265625 -0.144729614257813 -0.077392578125 -0.143936157226563
-0.166244506835938 -0.041748046875 -0.116119384765625 -0.0642166137695313
-0.128265380859375 0.0829238891601563 -0.0954360961914063 0.03533935546875
-0.070892333984375 0.137596130371094 -0.03045654296875 0.0559616088867188
-0.0720901489257813 0.129020690917969 0.0110893249511719 0.0178012847900391
-0.0558624267578125 0.1517333984375 0.0295753479003906 0.00352668762207032
-0.088104248046875 0.124763488769531 0.0608024597167969 0.00378417968750001
-0.153167724609375 0.066192626953125 0.0716171264648437 0.0150833129882813
-0.174148559570312 -0.0337066650390625 0.0548553466796875 0.0744400024414063
-0.09375 -0.190811157226562 0.00431060791015625 0.115386962890625
0.0115814208984375 -0.226943969726563 -0.0610885620117187 0.0913925170898437
0.148452758789063 -0.216705322265625 -0.0194721221923828 0.0161037445068359
0.205368041992187 -0.139022827148437 0.00431060791015626 -0.139938354492188
0.152313232421875 -0.167327880859375 0.0769805908203125 -0.142288208007813
0.0355987548828125 -0.245635986328125 0.0565338134765625 -0.170135498046875
-0.11114501953125 -0.165145874023437 -0.0308074951171875 -0.149993896484375
-0.164138793945313 -0.0588226318359375 -0.0686111450195313 -0.084808349609375
-0.135772705078125 0.0762939453125 -0.0597419738769531 -0.00658416748046874
-0.0767669677734375 0.135635375976563 -0.0118808746337891 0.00206565856933595
-0.0746383666992188 0.130195617675781 0.0229415893554687 -0.0314083099365234
-0.058380126953125 0.155181884765625 0.041412353515625 -0.0459136962890625
-0.0886306762695312 0.128913879394531 0.079864501953125 -0.0388031005859375
-0.155654907226563 0.067596435546875 0.0910263061523437 -0.0173568725585937
-0.1700439453125 -0.03533935546875 0.0768508911132812 0.0513687133789063
-0.0790863037109375 -0.188385009765625 0.0219268798828125 0.0981674194335937
0.033050537109375 -0.209426879882813 -0.0471839904785156 0.0500640869140625
0.159881591796875 -0.178817749023437 0.0339317321777344 -0.0403938293457031
0.17474365234375 -0.0685882568359375 0.078460693359375 -0.180435180664063
0.151748657226563 -0.108474731445313 0.119415283203125 -0.171676635742188
0.06451416015625 -0.193679809570313 0.0797882080078125 -0.1600341796875
-0.071990966796875 -0.146270751953125 0.00985717773437499 -0.1436767578125
-0.130012512207031 -0.0604705810546875 -0.0237655639648438 -0.0930938720703125
-0.117591857910156 0.0582656860351562 -0.0226669311523438 -0.0422592163085937
-0.0689239501953125 0.113075256347656 0.00603485107421874 -0.0482101440429687
-0.0664520263671875 0.111038208007812 0.0315399169921875 -0.0759124755859375
-0.0538406372070313 0.135704040527344 0.0511093139648438 -0.0920181274414062
-0.0804443359375 0.112861633300781 0.0967483520507813 -0.0782012939453125
-0.140434265136719 0.0548019409179688 0.109588623046875 -0.04290771484375
-0.146102905273438 -0.0401611328125 0.095794677734375 0.0348892211914063
-0.050140380859375 -0.170455932617188 0.0335006713867187 0.0862655639648437
0.059326171875 -0.168777465820313 -0.0323371887207031 0.0123424530029297
0.155899047851563 -0.117431640625 0.0867691040039063 -0.08380126953125
0.112403869628906 0.0117721557617187 0.130142211914063 -0.196990966796875
0.117591857910156 -0.0322494506835937 0.144805908203125 -0.185928344726563
0.06988525390625 -0.107574462890625 0.086273193359375 -0.14727783203125
-0.0278778076171875 -0.096588134765625 0.03399658203125 -0.132980346679688
-0.0747146606445313 -0.047088623046875 0.00682830810546875 -0.0939865112304688
-0.0776901245117188 0.0331039428710938 0.00298309326171875 -0.0679817199707031
-0.0492477416992187 0.0730667114257813 0.0180130004882813 -0.0866546630859375
-0.0478668212890625 0.0749740600585938 0.035888671875 -0.109748840332031
-0.04364013671875 0.0945358276367188 0.0594100952148437 -0.128715515136719
-0.06243896484375 0.0793304443359375 0.1121826171875 -0.106842041015625
-0.108192443847656 0.0334320068359375 0.127593994140625 -0.0571746826171875
-0.104721069335938 -0.0417633056640625 0.112205505371094 0.028167724609375
-0.0142135620117188 -0.133399963378906 0.0419692993164063 0.0801010131835937
0.0775604248046875 -0.107261657714844 -0.0132207870483398 -0.0132646560668945
0.131462097167969 -0.0400848388671875 0.135299682617188 -0.105628967285156
-0.0651206970214844 -0.0484275817871094 -0.150833129882813 0.125152587890625
-0.0573272705078125 0.0413246154785156 -0.00283813476562501 0.0324134826660156
-0.000423431396484379 0.0652198791503906 -0.0413818359375 -0.0864944458007813
0.0423469543457031 0.0349502563476563 -0.134742736816406 -0.053375244140625
0.0487861633300781 -0.00543212890625 -0.148635864257813 0.0411529541015625
0.0327110290527344 -0.0393829345703125 -0.11773681640625 0.121192932128906
0.0188102722167969 -0.0336341857910156 -0.0559234619140625 0.157318115234375
0.0188388824462891 -0.0261039733886719 -0.032958984375 0.1270751953125
0.0225162506103516 -0.0245113372802734 -0.01995849609375 0.104866027832031
0.0287208557128906 -0.00363731384277344 -0.0207748413085937 0.0897445678710937
0.0166149139404297 0.0256748199462891 -0.0160293579101563 0.0950241088867188
-0.0263786315917969 0.0390129089355469 -0.0415725708007812 0.1243896484375
-0.0642166137695313 -0.000617980957031242 -0.103073120117188 0.14117431640625
-0.0642509460449219 -0.0506439208984375 -0.145538330078125 0.18310546875
-0.0456466674804687 -0.0919113159179688 -0.164703369140625 0.190521240234375
0.000564575195312511 -0.121681213378906 -0.17279052734375 0.101425170898438
-0.037078857421875 -0.0357246398925781 -0.0165424346923828 0.0248126983642578
-0.0304393768310547 -0.00987243652343749 -0.0389862060546875 -0.102058410644531
-0.0158510208129883 0.00571441650390625 -0.140510559082031 -0.0700225830078125
-0.011082649230957 0.00289154052734375 -0.162429809570313 0.02777099609375
-0.00567007064819336 0.00647878646850586 -0.127166748046875 0.121719360351563
-0.00153541564941406 0.0239677429199219 -0.0565643310546875 0.158111572265625
-0.00813674926757813 0.0248470306396484 -0.02783203125 0.121978759765625
-0.00523948669433594 0.0299263000488281 -0.0131912231445312 0.102272033691406
-0.0159931182861328 0.0298671722412109 -0.00897979736328125 0.0883331298828125
-0.0427436828613281 0.0237998962402344 -0.0024261474609375 0.0891342163085938
-0.0735397338867187 -0.00512695312499999 -0.0290298461914063 0.121986389160156
-0.0612564086914063 -0.0801849365234375 -0.0824737548828125 0.141647338867187
-0.027008056640625 -0.124732971191406 -0.127731323242187 0.17681884765625
0.026824951171875 -0.155609130859375 -0.152679443359375 0.16717529296875
0.07659912109375 -0.175872802734375 -0.168060302734375 0.0526123046875
0.00530242919921875 -0.111618041992188 -0.0172348022460938 -0.0036916732788086
-0.045013427734375 -0.0998764038085938 -0.028289794921875 -0.125534057617188
-0.0735092163085938 -0.0391006469726562 -0.135581970214844 -0.0953903198242188
-0.0767822265625 -0.0010223388671875 -0.1650390625 0.00132751464843749
-0.0504379272460938 0.0460052490234375 -0.129020690917969 0.106124877929687
-0.0262374877929687 0.0765914916992188 -0.0531768798828125 0.139350891113281
-0.0348281860351563 0.0720062255859375 -0.0169448852539063 0.09893798828125
-0.0280227661132812 0.0827484130859375 -0.000160217285156249 0.0820159912109375
-0.0508041381835938 0.0673828125 0.0135421752929688 0.0720062255859375
-0.0936050415039063 0.0349273681640625 0.0221023559570312 0.0741958618164063
-0.119918823242188 -0.0274505615234375 -0.00196075439453126 0.114761352539062
-0.0736618041992187 -0.139556884765625 -0.051605224609375 0.139938354492188
-0.00941467285156251 -0.181640625 -0.102157592773437 0.1597900390625
0.0835113525390625 -0.202194213867188 -0.116744995117187 0.1275634765625
0.145599365234375 -0.197891235351563 -0.1329345703125 -0.0108108520507812
0.061767578125 -0.168136596679688 -0.0003509521484375 -0.0467147827148438
-0.0372314453125 -0.185043334960938 -0.0066070556640625 -0.150741577148438
-0.115638732910156 -0.0943832397460938 -0.115524291992187 -0.122215270996094
-0.132713317871094 -0.0166091918945312 -0.149627685546875 -0.0313720703125
-0.0939178466796875 0.0723419189453125 -0.117889404296875 0.0751113891601563
-0.05023193359375 0.115501403808594 -0.0439300537109375 0.102951049804688
-0.0562362670898438 0.108268737792969 -0.0032806396484375 0.0617828369140625
-0.0440673828125 0.124725341796875 0.0152206420898437 0.0467681884765625
-0.0736770629882813 0.100784301757812 0.0381278991699219 0.04180908203125
-0.130081176757813 0.0534133911132812 0.0485115051269531 0.0478019714355469
-0.155181884765625 -0.032989501953125 0.0282363891601562 0.0972747802734375
-0.0899810791015625 -0.173858642578125 -0.019683837890625 0.130813598632813
-0.00170898437499998 -0.215774536132813 -0.0773239135742188 0.130027770996094
0.122451782226563 -0.222885131835938 -0.0702285766601562 0.0753250122070313
0.190719604492188 -0.184982299804688 -0.07159423828125 -0.0778274536132813
0.115615844726562 -0.188079833984375 0.0336380004882813 -0.0956344604492188
-0.00704956054687499 -0.239974975585938 0.02337646484375 -0.167144775390625
-0.128814697265625 -0.14190673828125 -0.07672119140625 -0.142044067382813
-0.1646728515625 -0.0394439697265625 -0.114845275878906 -0.0622634887695312
-0.124000549316406 0.081787109375 -0.0923995971679688 0.0345306396484375
-0.0666656494140625 0.134712219238281 -0.029083251953125 0.0540847778320313
-0.0696487426757813 0.127548217773438 0.0102310180664062 0.0161342620849609
-0.05255126953125 0.149887084960938 0.0297412872314453 0.00247192382812501
-0.0837554931640625 0.122383117675781 0.0602073669433594 0.00266265869140626
-0.149032592773438 0.0666046142578125 0.0706634521484375 0.0153045654296875
-0.171340942382812 -0.0313720703125 0.05487060546875 0.0742340087890625
-0.09429931640625 -0.187271118164063 0.00544738769531249 0.114845275878906
0.0107879638671875 -0.222640991210938 -0.0602035522460938 0.091827392578125
0.144989013671875 -0.2144775390625 -0.0196781158447265 0.0172004699707031
0.20111083984375 -0.138137817382813 0.00499725341796877 -0.135780334472656
0.149185180664063 -0.16558837890625 0.077178955078125 -0.138175964355469
0.0328826904296875 -0.242660522460937 0.055450439453125 -0.16900634765625
-0.110275268554687 -0.1611328125 -0.031097412109375 -0.14813232421875
-0.162872314453125 -0.0559539794921875 -0.0678558349609375 -0.0835800170898437
-0.131004333496094 0.0752944946289063 -0.0569381713867188 -0.00672531127929688
-0.0719833374023438 0.133079528808594 -0.0108861923217773 0.000806808471679698
-0.0716400146484375 0.128929138183594 0.0216331481933594 -0.0327186584472656
-0.054962158203125 0.152420043945313 0.0416603088378906 -0.0462226867675781
-0.083953857421875 0.126091003417969 0.079010009765625 -0.0399551391601562
-0.15081787109375 0.068603515625 0.0896377563476563 -0.0174789428710937
-0.167022705078125 -0.0331878662109375 0.0765609741210937 0.051300048828125
-0.0798492431640625 -0.184768676757813 0.0227890014648438 0.0985641479492187
0.031005859375 -0.205154418945313 -0.0466804504394531 0.0507965087890625
0.156036376953125 -0.177734375 0.0324172973632813 -0.038116455078125
0.17108154296875 -0.0692596435546875 0.0774688720703125 -0.176177978515625
0.148422241210938 -0.107955932617188 0.117721557617188 -0.167068481445313
0.0601806640625 -0.191558837890625 0.0776214599609375 -0.158782958984375
-0.071929931640625 -0.142074584960938 0.00891113281250001 -0.14141845703125
-0.129402160644531 -0.0578231811523438 -0.023956298828125 -0.09197998046875
-0.1136474609375 0.057952880859375 -0.0215835571289063 -0.0416717529296875
-0.0639801025390625 0.110977172851563 0.00575256347656249 -0.0481834411621094
-0.0632858276367188 0.110069274902344 0.0300369262695313 -0.0767135620117188
-0.0503005981445313 0.132957458496094 0.0501632690429688 -0.0923385620117187
-0.0759811401367187 0.110015869140625 0.0953598022460937 -0.0782394409179688
-0.135963439941406 0.05615234375 0.107231140136719 -0.0426025390625
-0.143325805664063 -0.0378875732421875 0.0943222045898438 0.0346145629882813
-0.05108642578125 -0.1671142578125 0.03436279296875 0.0859756469726562
0.0569915771484375 -0.165130615234375 -0.0321521759033203 0.0137863159179687
0.152236938476563 -0.117507934570312 0.0837631225585938 -0.0820465087890625
0.110183715820313 0.0104522705078125 0.128555297851563 -0.193161010742188
0.114730834960938 -0.0328903198242188 0.142196655273438 -0.1810302734375
0.066619873046875 -0.106948852539063 0.0851898193359375 -0.145339965820313
-0.0280532836914063 -0.0929183959960938 0.0329208374023438 -0.131080627441406
-0.0748062133789063 -0.0443191528320313 0.00608062744140624 -0.0931243896484375
-0.0753631591796875 0.0330276489257813 0.00321960449218749 -0.0674934387207031
-0.0454559326171875 0.0713043212890625 0.0169906616210937 -0.085723876953125
-0.0454635620117188 0.0742568969726563 0.0339279174804688 -0.109130859375
-0.0405120849609375 0.092803955078125 0.0585861206054688 -0.128242492675781
-0.0593948364257813 0.07781982421875 0.1097412109375 -0.106513977050781
-0.104972839355469 0.03546142578125 0.124404907226563 -0.0561294555664063
-0.102714538574219 -0.03936767578125 0.110862731933594 0.0279541015625
-0.0154266357421875 -0.130897521972656 0.0417861938476562 0.08062744140625
0.0756607055664062 -0.105216979980469 -0.0140180587768555 -0.0112314224243164
0.128395080566406 -0.0404815673828125 0.131294250488281 -0.104118347167969
-0.0660362243652344 -0.0464401245117187 -0.147735595703125 0.128860473632813
-0.0564079284667969 0.0421791076660156 -0.000423431396484377 0.0320186614990234
0.00152587890625 0.0641326904296875 -0.0429153442382812 -0.0873031616210938
0.0439491271972656 0.0335693359375 -0.136276245117187 -0.05267333984375
0.0492630004882813 -0.0063323974609375 -0.148895263671875 0.0424346923828125
0.0309638977050781 -0.040374755859375 -0.1173095703125 0.123588562011719
0.0170879364013672 -0.0346412658691406 -0.0531463623046875 0.15948486328125
0.0174350738525391 -0.0263271331787109 -0.0312881469726563 0.129226684570313
0.0212745666503906 -0.0245418548583984 -0.0184478759765625 0.106399536132813
0.0267505645751953 -0.00410842895507813 -0.0196304321289062 0.0910797119140625
0.0164985656738281 0.0241737365722656 -0.0147171020507813 0.0974349975585938
-0.0253982543945313 0.03936767578125 -0.0400161743164062 0.126556396484375
-0.0633964538574219 0.000640869140624987 -0.10211181640625 0.142303466796875
-0.0647201538085938 -0.0502510070800781 -0.144699096679687 0.185684204101563
-0.0470428466796875 -0.0907440185546875 -0.163040161132813 0.194732666015625
-0.00185394287109374 -0.122169494628906 -0.170181274414063 0.105667114257812
-0.0365791320800781 -0.0356903076171875 -0.0137271881103516 0.0248699188232422
-0.0300579071044922 -0.01043701171875 -0.0407867431640625 -0.103477478027344
-0.0156984329223633 0.00574016571044922 -0.142288208007813 -0.0694580078125
-0.011749267578125 0.00328540802001953 -0.163650512695313 0.029296875
-0.00561904907226563 0.0062251091003418 -0.126457214355469 0.123733520507813
-0.00185966491699219 0.0237369537353516 -0.05401611328125 0.159759521484375
-0.00876998901367187 0.0255699157714844 -0.025970458984375 0.123489379882812
-0.00505828857421875 0.0307388305664062 -0.01220703125 0.103874206542969
-0.0165348052978516 0.0299034118652344 -0.00773620605468751 0.089141845703125
-0.0426216125488281 0.023895263671875 -0.00121307373046876 0.0910491943359375
-0.0743331909179688 -0.0042572021484375 -0.0268325805664062 0.124824523925781
-0.0616683959960938 -0.0799179077148438 -0.0814666748046875 0.143630981445313
-0.028564453125 -0.124435424804688 -0.126663208007812 0.179443359375
0.02484130859375 -0.156600952148438 -0.1519775390625 0.17193603515625
0.0737762451171875 -0.177749633789063 -0.165878295898438 0.0572509765625
0.0049591064453125 -0.112815856933594 -0.0143594741821289 -0.00275135040283204
-0.0468978881835938 -0.101119995117188 -0.0304489135742187 -0.127838134765625
-0.0744400024414063 -0.0390701293945313 -0.137947082519531 -0.0942611694335937
-0.0772933959960938 0.000938415527343755 -0.166290283203125 0.00338745117187503
-0.049591064453125 0.0466957092285156 -0.128105163574219 0.107833862304687
-0.0248336791992188 0.0764389038085938 -0.0507965087890625 0.140792846679688
-0.0339508056640625 0.0735855102539062 -0.0162124633789063 0.0990066528320313
-0.026611328125 0.0840835571289063 0.00130462646484375 0.082489013671875
-0.0503005981445312 0.067596435546875 0.0151901245117188 0.0721969604492188
-0.093353271484375 0.0364532470703125 0.0234603881835937 0.0748138427734375
-0.121086120605469 -0.0265350341796875 1.52587890625043E-05 0.1177978515625
-0.0759429931640625 -0.139556884765625 -0.050079345703125 0.142608642578125
-0.01141357421875 -0.182037353515625 -0.100509643554688 0.162429809570313
0.081573486328125 -0.204833984375 -0.116233825683594 0.131935119628906
0.142990112304688 -0.201400756835938 -0.1322021484375 -0.00669097900390627
0.0611572265625 -0.170440673828125 0.0022430419921875 -0.04595947265625
-0.0413970947265625 -0.18768310546875 -0.00941467285156251 -0.153411865234375
-0.117393493652344 -0.0936355590820313 -0.117393493652344 -0.121864318847656
-0.134422302246094 -0.0138092041015625 -0.150970458984375 -0.0300140380859375
-0.0927276611328125 0.0741348266601562 -0.116180419921875 0.0762252807617187
-0.047271728515625 0.116287231445313 -0.0416641235351563 0.103225708007813
-0.054443359375 0.110626220703125 -0.00354385375976562 0.0612106323242188
-0.0416259765625 0.126449584960938 0.0169677734375 0.0459518432617188
-0.0720062255859375 0.101181030273437 0.0394706726074219 0.0405769348144531
-0.129112243652344 0.055633544921875 0.0499343872070312 0.0475082397460938
-0.156509399414062 -0.03076171875 0.0302886962890625 0.0995559692382813
-0.093505859375 -0.174163818359375 -0.0175628662109375 0.133552551269531
-0.00340270996093748 -0.216217041015625 -0.0765380859375 0.132225036621094
0.119964599609375 -0.2266845703125 -0.0701980590820312 0.0784912109375
0.189208984375 -0.189239501953125 -0.07086181640625 -0.0748214721679688
0.114837646484375 -0.19110107421875 0.0353012084960938 -0.0948104858398438
-0.012237548828125 -0.243545532226563 0.0208587646484375 -0.170059204101563
-0.131851196289063 -0.140060424804688 -0.07989501953125 -0.142364501953125
-0.16705322265625 -0.03558349609375 -0.116127014160156 -0.061553955078125
-0.122291564941406 0.08349609375 -0.0911941528320313 0.0351181030273438
-0.0630264282226562 0.135520935058594 -0.0278778076171875 0.0538063049316406
-0.067108154296875 0.130020141601563 0.00957107543945312 0.0140085220336914
-0.049072265625 0.150787353515625 0.0303363800048828 0.000711441040039072
-0.0803909301757812 0.123031616210938 0.0612220764160156 0.000362396240234383
-0.147781372070313 0.0698699951171875 0.0721664428710937 0.013824462890625
-0.173233032226563 -0.029205322265625 0.0569686889648437 0.0756454467773438
-0.097808837890625 -0.18743896484375 0.00844573974609375 0.117195129394531
0.00807189941406252 -0.223037719726563 -0.05938720703125 0.0944290161132812
0.143035888671875 -0.21905517578125 -0.0195713043212891 0.0186901092529297
0.199478149414063 -0.142745971679688 0.0045318603515625 -0.134330749511719
0.149383544921875 -0.168487548828125 0.0779495239257813 -0.137298583984375
0.02728271484375 -0.245773315429688 0.0530853271484375 -0.17144775390625
-0.11328125 -0.1597900390625 -0.0330352783203125 -0.148193359375
-0.165618896484375 -0.0522613525390625 -0.069976806640625 -0.0827407836914063
-0.129631042480469 0.0773544311523437 -0.0563621520996094 -0.00621795654296875
-0.0671844482421875 0.134025573730469 -0.0109577178955078 0.000286102294921884
-0.0686874389648438 0.131011962890625 0.0202484130859375 -0.0346908569335937
-0.050384521484375 0.154144287109375 0.0416526794433594 -0.0486793518066406
-0.080780029296875 0.126235961914063 0.0791854858398437 -0.0423660278320312
-0.148818969726563 0.071685791015625 0.08984375 -0.0192031860351563
-0.168533325195313 -0.0299072265625 0.0784988403320312 0.051666259765625
-0.0836639404296875 -0.184234619140625 0.0259017944335938 0.100227355957031
0.028961181640625 -0.2060546875 -0.0466423034667969 0.0533523559570312
0.154495239257813 -0.182144165039063 0.0316276550292969 -0.03814697265625
0.170425415039063 -0.0731658935546875 0.0768280029296875 -0.176681518554687
0.148162841796875 -0.110855102539063 0.117233276367188 -0.167755126953125
0.0560455322265625 -0.195037841796875 0.07525634765625 -0.161636352539063
-0.0752105712890625 -0.141159057617187 0.00714111328125001 -0.142532348632813
-0.131370544433594 -0.0543975830078125 -0.025177001953125 -0.0928115844726563
-0.111610412597656 0.0593338012695312 -0.0208854675292969 -0.0417633056640625
-0.0604934692382813 0.111358642578125 0.0054473876953125 -0.0499229431152344
-0.0601348876953125 0.111595153808594 0.0278396606445312 -0.0794448852539063
-0.046630859375 0.134284973144531 0.0499649047851562 -0.0954971313476563
-0.07269287109375 0.11114501953125 0.0947036743164063 -0.0816421508789062
-0.134002685546875 0.0597076416015625 0.107063293457031 -0.0436782836914062
-0.14434814453125 -0.034576416015625 0.0965347290039062 0.0348434448242188
-0.054840087890625 -0.16717529296875 0.0366973876953125 0.0878753662109375
0.0543670654296875 -0.1661376953125 -0.0332584381103516 0.0165653228759766
0.151290893554688 -0.12060546875 0.0820541381835938 -0.08306884765625
0.110771179199219 0.00746917724609375 0.126922607421875 -0.195709228515625
0.114540100097656 -0.035797119140625 0.141021728515625 -0.182342529296875
0.0632553100585938 -0.109367370605469 0.0833892822265625 -0.147048950195313
-0.0304641723632812 -0.0924530029296875 0.0315322875976562 -0.13250732421875
-0.0756683349609375 -0.0426254272460938 0.00469970703124999 -0.0938873291015625
-0.07415771484375 0.0343551635742187 0.00300216674804687 -0.0676956176757813
-0.0424957275390625 0.0721282958984375 0.0149307250976563 -0.0872421264648438
-0.0427093505859375 0.0757217407226563 0.0309066772460937 -0.111663818359375
-0.0376510620117187 0.0938720703125 0.0568389892578125 -0.131103515625
-0.0566177368164062 0.0788116455078125 0.109405517578125 -0.110198974609375
-0.103538513183594 0.0379638671875 0.124267578125 -0.0573501586914063
-0.103988647460938 -0.0377197265625 0.1121826171875 0.0269546508789062
-0.0181732177734375 -0.131187438964844 0.0440521240234375 0.0820693969726562
0.0739517211914063 -0.107177734375 -0.0158529281616211 -0.00924015045166016
0.12799072265625 -0.0433197021484375 0.129043579101563 -0.105720520019531
-0.0688629150390625 -0.0428314208984375 -0.14166259765625 0.136550903320313
-0.0546493530273438 0.0449142456054687 0.002899169921875 0.0312690734863281
0.00501632690429688 0.0632133483886719 -0.0470657348632813 -0.0873260498046875
0.0461006164550781 0.0311737060546875 -0.140899658203125 -0.0478973388671875
0.0499000549316406 -0.00937652587890625 -0.149658203125 0.04815673828125
0.028411865234375 -0.0424461364746094 -0.113899230957031 0.129859924316406
0.0139617919921875 -0.035308837890625 -0.046478271484375 0.163681030273438
0.0159587860107422 -0.0273170471191406 -0.0257949829101563 0.13336181640625
0.0190563201904297 -0.0246467590332031 -0.0141220092773438 0.110160827636719
0.0254020690917969 -0.00554656982421875 -0.0158920288085938 0.0942230224609375
0.0167655944824219 0.0224952697753906 -0.0104522705078125 0.0998458862304688
-0.0239143371582031 0.0406684875488281 -0.0350799560546875 0.131103515625
-0.0631446838378906 0.00291061401367187 -0.0987701416015625 0.147903442382813
-0.0666389465332031 -0.0480766296386719 -0.139328002929688 0.193161010742188
-0.0513381958007813 -0.0890121459960938 -0.157699584960937 0.203994750976563
-0.00679016113281251 -0.122718811035156 -0.16497802734375 0.11566162109375
-0.037139892578125 -0.0352020263671875 -0.0103244781494141 0.0249309539794922
-0.0306034088134766 -0.0107040405273438 -0.0456695556640625 -0.104515075683594
-0.0152072906494141 0.00574874877929688 -0.147491455078125 -0.0648956298828125
-0.011042594909668 0.00376510620117188 -0.164306640625 0.03515625
-0.00581216812133789 0.00605440139770508 -0.12298583984375 0.130195617675781
-0.00151824951171875 0.02337646484375 -0.0472869873046875 0.16357421875
-0.00818061828613281 0.0267066955566406 -0.021087646484375 0.127235412597656
-0.00442886352539062 0.0321254730224609 -0.00725555419921875 0.106582641601563
-0.0165138244628906 0.0299777984619141 -0.0043182373046875 0.0909347534179688
-0.0425262451171875 0.0248222351074219 0.00335693359375 0.0934066772460938
-0.075042724609375 -0.00177764892578124 -0.0215301513671875 0.128929138183594
-0.0649795532226563 -0.0783309936523438 -0.0766143798828125 0.148269653320313
-0.0328140258789062 -0.124168395996094 -0.120681762695312 0.187362670898438
0.0195159912109375 -0.159210205078125 -0.146942138671875 0.18084716796875
0.0670623779296875 -0.182815551757812 -0.162948608398438 0.0661773681640625
0.00184631347656251 -0.11444091796875 -0.0115690231323242 -0.0024251937866211
-0.0521087646484375 -0.101768493652344 -0.0367584228515625 -0.129486083984375
-0.0763092041015625 -0.037017822265625 -0.143569946289063 -0.0911865234375
-0.078155517578125 0.00494384765625001 -0.168304443359375 0.00967407226562503
-0.0480155944824219 0.0487174987792969 -0.124397277832031 0.113258361816406
-0.0216751098632812 0.0775909423828125 -0.044921875 0.143112182617188
-0.0315399169921875 0.0762405395507812 -0.012664794921875 0.101692199707031
-0.02301025390625 0.086090087890625 0.00514984130859375 0.0835952758789063
-0.0486793518066406 0.0695953369140625 0.0183029174804687 0.07177734375
-0.0929794311523438 0.039520263671875 0.02764892578125 0.0756683349609375
-0.124397277832031 -0.02197265625 0.00546264648437499 0.120437622070313
-0.082672119140625 -0.138717651367188 -0.0447845458984375 0.146881103515625
-0.0175018310546875 -0.183486938476562 -0.09503173828125 0.16937255859375
0.0743255615234375 -0.210617065429687 -0.112953186035156 0.139610290527344
0.136276245117188 -0.210220336914063 -0.131217956542969 0.00106048583984374
0.056304931640625 -0.175506591796875 0.00305557250976563 -0.0460090637207031
-0.050628662109375 -0.18902587890625 -0.01678466796875 -0.156158447265625
-0.122459411621094 -0.0902328491210938 -0.123977661132813 -0.119407653808594
-0.137260437011719 -0.00733947753906252 -0.154296875 -0.0239410400390625
-0.0899887084960938 0.077880859375 -0.114479064941406 0.0806350708007812
-0.0417709350585938 0.117988586425781 -0.0374298095703125 0.105720520019531
-0.0500259399414062 0.114570617675781 -0.00176239013671876 0.0612716674804688
-0.0352096557617188 0.129470825195312 0.0190353393554688 0.0454483032226563
-0.0673828125 0.104507446289062 0.0426368713378906 0.0391654968261719
-0.127906799316406 0.0618972778320312 0.0531730651855469 0.0461692810058594
-0.160690307617187 -0.0244140625 0.0358352661132813 0.101272583007813
-0.101547241210938 -0.17266845703125 -0.0116729736328125 0.13665771484375
-0.0110626220703125 -0.218032836914062 -0.07196044921875 0.138969421386719
0.112548828125 -0.235198974609375 -0.0678634643554688 0.0832672119140625
0.182830810546875 -0.200042724609375 -0.072265625 -0.070556640625
0.109771728515625 -0.198974609375 0.0346527099609375 -0.0956192016601563
-0.0235137939453125 -0.24700927734375 0.01318359375 -0.17413330078125
-0.138755798339844 -0.136276245117188 -0.0854949951171875 -0.14178466796875
-0.171340942382813 -0.0276336669921875 -0.119873046875 -0.0575790405273438
-0.119300842285156 0.0886306762695312 -0.0897293090820313 0.03863525390625
-0.05633544921875 0.138595581054688 -0.0255546569824219 0.054718017578125
-0.061676025390625 0.13482666015625 0.00945472717285156 0.0131816864013672
-0.0416717529296875 0.154464721679688 0.0314369201660156 -0.00175857543945312
-0.0752487182617188 0.126907348632813 0.0624809265136719 -0.00316238403320312
-0.144744873046875 0.076995849609375 0.0734329223632812 0.0118255615234375
-0.177017211914063 -0.0214385986328125 0.0616607666015625 0.0756683349609375
-0.106781005859375 -0.185226440429688 0.0141830444335937 0.119491577148438
-0.000442504882812508 -0.225250244140625 -0.0566558837890625 0.0992431640625
0.136489868164063 -0.228652954101562 -0.0192184448242187 0.0210189819335937
0.19622802734375 -0.153518676757812 0.00115203857421875 -0.134391784667969
0.144424438476563 -0.177322387695313 0.075469970703125 -0.140251159667969
0.015716552734375 -0.25103759765625 0.045166015625 -0.176544189453125
-0.121200561523437 -0.155990600585938 -0.0394134521484375 -0.149368286132812
-0.169708251953125 -0.044830322265625 -0.0740890502929688 -0.0815048217773438
-0.126571655273438 0.0829696655273437 -0.0557403564453125 -0.0045623779296875
-0.0606155395507813 0.136917114257813 -0.0108356475830078 -0.00045299530029296
-0.0630569458007812 0.135574340820312 0.0177536010742187 -0.0370826721191406
-0.042633056640625 0.157745361328125 0.0405731201171875 -0.0528335571289062
-0.0750808715820312 0.130203247070313 0.0791091918945313 -0.0478897094726562
-0.145599365234375 0.0801239013671875 0.09039306640625 -0.0227127075195313
-0.171218872070313 -0.022735595703125 0.0826644897460937 0.05078125
-0.092987060546875 -0.183273315429687 0.0309677124023437 0.101371765136719
0.0203857421875 -0.209335327148438 -0.0450897216796875 0.0572738647460937
0.148513793945313 -0.191848754882812 0.0301055908203125 -0.0392189025878906
0.169021606445313 -0.0821075439453125 0.071441650390625 -0.179855346679688
0.14532470703125 -0.11920166015625 0.113906860351563 -0.171554565429688
0.046783447265625 -0.199783325195312 0.0692901611328125 -0.165603637695312
-0.0814590454101563 -0.138092041015625 0.00196838378906248 -0.144210815429688
-0.135498046875 -0.0482711791992188 -0.029296875 -0.0932464599609375
-0.10980224609375 0.0639114379882812 -0.0214729309082031 -0.0421371459960937
-0.054351806640625 0.113700866699219 0.00318527221679687 -0.0514068603515625
-0.0546188354492188 0.115989685058594 0.023529052734375 -0.08251953125
-0.039459228515625 0.137115478515625 0.0462646484375 -0.100120544433594
-0.0671005249023437 0.114128112792969 0.0929489135742188 -0.0874099731445312
-0.131240844726563 0.0673370361328125 0.106727600097656 -0.0482330322265625
-0.147247314453125 -0.028289794921875 0.0993804931640625 0.0324172973632813
-0.0632476806640625 -0.166702270507813 0.041748046875 0.0873641967773437
0.0482940673828125 -0.170623779296875 -0.0334320068359375 0.0193920135498047
0.1478271484375 -0.129135131835938 0.079559326171875 -0.0863800048828125
0.112327575683594 0.00222015380859375 0.121658325195313 -0.201583862304687
0.113265991210938 -0.0411911010742188 0.135635375976563 -0.18817138671875
0.0581588745117187 -0.113372802734375 0.07830810546875 -0.15130615234375
-0.0343475341796875 -0.0903778076171875 0.0268402099609375 -0.135360717773438
-0.077972412109375 -0.0384521484375 0.000289916992187502 -0.0960922241210938
-0.07281494140625 0.0369491577148437 0.00130081176757811 -0.0689620971679687
-0.0379562377929688 0.0743865966796875 0.0114593505859375 -0.0895233154296875
-0.0387115478515625 0.0784530639648437 0.0261688232421875 -0.115257263183594
-0.0324478149414063 0.09600830078125 0.0510406494140625 -0.136604309082031
-0.0525131225585938 0.0813751220703125 0.105888366699219 -0.117134094238281
-0.100982666015625 0.0438003540039062 0.122871398925781 -0.0631561279296875
-0.106513977050781 -0.03265380859375 0.115081787109375 0.0234451293945312
-0.0245819091796875 -0.132095336914063 0.04901123046875 0.0817031860351562
0.07037353515625 -0.111671447753906 -0.0177650451660156 -0.00755882263183595
0.127197265625 -0.049713134765625 0.124679565429688 -0.111923217773438
-0.070587158203125 -0.0373306274414063 -0.130172729492187 0.145156860351563
-0.0504531860351563 0.0475502014160156 0.006988525390625 0.0291976928710938
0.00874710083007812 0.0612106323242188 -0.0519332885742188 -0.0847625732421875
0.0479583740234375 0.0272598266601563 -0.143630981445313 -0.0390472412109375
0.0495185852050781 -0.0129241943359375 -0.1461181640625 0.056884765625
0.0244140625 -0.0442085266113281 -0.106246948242188 0.136154174804687
0.00951004028320312 -0.0354461669921875 -0.035308837890625 0.165924072265625
0.012939453125 -0.0276317596435547 -0.0160675048828125 0.135734558105469
0.0172080993652344 -0.0253734588623047 -0.00569152832031251 0.111907958984375
0.0232715606689453 -0.00763702392578125 -0.0096282958984375 0.0958251953125
0.0174217224121094 0.0199871063232422 -0.00352478027343749 0.101425170898438
-0.0202865600585937 0.0416679382324219 -0.0264205932617188 0.13311767578125
-0.0617141723632812 0.00662994384765625 -0.0899810791015625 0.152679443359375
-0.0684547424316406 -0.0437545776367187 -0.126800537109375 0.200592041015625
-0.0565032958984375 -0.08428955078125 -0.144134521484375 0.213516235351563
-0.01446533203125 -0.120933532714844 -0.154006958007813 0.125381469726563
-0.0381088256835938 -0.0331954956054688 -0.00535011291503906 0.0244979858398437
-0.0311985015869141 -0.00994110107421875 -0.0523757934570312 -0.101882934570313
-0.01416015625 0.00590705871582031 -0.150558471679688 -0.0559539794921875
-0.0103340148925781 0.00389575958251953 -0.161361694335938 0.045318603515625
-0.00583744049072266 0.00549507141113281 -0.114997863769531 0.136894226074219
-0.00113677978515625 0.0232448577880859 -0.0363311767578125 0.166000366210938
-0.00698471069335938 0.0274524688720703 -0.012420654296875 0.128936767578125
-0.00230789184570312 0.0321826934814453 0.000183105468749998 0.107917785644531
-0.0158042907714844 0.0308094024658203 0.00243377685546875 0.0915451049804688
-0.0409927368164063 0.0264625549316406 0.00936126708984375 0.0937576293945313
-0.074951171875 0.00263214111328126 -0.0128250122070312 0.131309509277344
-0.0687255859375 -0.0748367309570313 -0.0677642822265625 0.15325927734375
-0.0393218994140625 -0.121429443359375 -0.1090087890625 0.194366455078125
0.0098876953125 -0.160018920898438 -0.134536743164062 0.190597534179688
0.054962158203125 -0.1859130859375 -0.155380249023438 0.077606201171875
-0.004150390625 -0.11529541015625 -0.0086970329284668 -0.00183916091918946
-0.0589447021484375 -0.0987091064453125 -0.0457916259765625 -0.1275634765625
-0.0779266357421875 -0.0323562622070313 -0.148681640625 -0.08148193359375
-0.0772323608398438 0.0102081298828125 -0.166763305664063 0.019622802734375
-0.0446586608886719 0.0507125854492188 -0.116935729980469 0.119720458984375
-0.0168914794921875 0.0780792236328125 -0.0349578857421875 0.14532470703125
-0.026947021484375 0.07843017578125 -0.0059967041015625 0.102409362792969
-0.0166168212890625 0.0875167846679688 0.0111846923828125 0.0834121704101563
-0.0446548461914063 0.0720672607421875 0.0234222412109375 0.07073974609375
-0.0898056030273438 0.04473876953125 0.0330352783203125 0.0739822387695313
-0.125801086425781 -0.0142669677734375 0.0142974853515625 0.121803283691406
-0.0900344848632812 -0.133796691894531 -0.03521728515625 0.14947509765625
-0.027496337890625 -0.181396484375 -0.0845947265625 0.175567626953125
0.061767578125 -0.215377807617188 -0.103439331054688 0.14764404296875
0.1219482421875 -0.218109130859375 -0.127944946289062 0.0108871459960937
0.0463409423828125 -0.179153442382812 0.00389480590820313 -0.0450668334960938
-0.06365966796875 -0.186065673828125 -0.027801513671875 -0.155136108398437
-0.127815246582031 -0.082122802734375 -0.130485534667969 -0.111862182617187
-0.137420654296875 0.00224304199218749 -0.154953002929688 -0.0150909423828125
-0.0835952758789063 0.0822296142578125 -0.107696533203125 0.0872421264648438
-0.0339736938476563 0.119346618652344 -0.0305023193359375 0.10662841796875
-0.0423736572265625 0.117713928222656 0.00152206420898437 0.0613594055175781
-0.0256500244140625 0.131095886230469 0.0227241516113281 0.0430908203125
-0.06085205078125 0.107917785644531 0.0451622009277344 0.0354766845703125
-0.122428894042969 0.0692062377929688 0.0563430786132812 0.0432929992675781
-0.161941528320313 -0.0135498046875 0.0438385009765625 0.100570678710937
-0.11273193359375 -0.16705322265625 -0.00244140625000002 0.1373291015625
-0.0244140625 -0.216720581054687 -0.06317138671875 0.143997192382813
0.0981292724609375 -0.2430419921875 -0.0618438720703125 0.0885391235351563
0.169479370117188 -0.211227416992188 -0.073944091796875 -0.0637054443359375
0.0986175537109375 -0.205703735351563 0.03143310546875 -0.0960693359375
-0.0413360595703125 -0.245040893554687 0.000534057617187479 -0.174209594726563
-0.146636962890625 -0.126556396484375 -0.09381103515625 -0.135498046875
-0.172576904296875 -0.0152587890625 -0.122810363769531 -0.0508499145507813
-0.112266540527344 0.0956192016601563 -0.0856170654296875 0.0436248779296875
-0.0463027954101563 0.139884948730469 -0.0215339660644531 0.05548095703125
-0.0521392822265625 0.138900756835938 0.00861167907714843 0.011744499206543
-0.0301361083984375 0.156295776367188 0.0311775207519531 -0.00543212890624999
-0.0663986206054688 0.1297607421875 0.0623092651367188 -0.00851440429687499
-0.137786865234375 0.0863723754882812 0.0745391845703125 0.00714874267578126
-0.17779541015625 -0.00942993164062501 0.0675277709960938 0.07318115234375
-0.118988037109375 -0.179336547851563 0.0222854614257813 0.118125915527344
-0.0137481689453125 -0.224517822265625 -0.0498886108398437 0.104034423828125
0.122406005859375 -0.23822021484375 -0.0177059173583984 0.0228862762451172
0.185317993164063 -0.166152954101563 -0.00510406494140623 -0.131431579589844
0.133773803710938 -0.186798095703125 0.06878662109375 -0.142181396484375
-0.00201416015625 -0.25152587890625 0.03302001953125 -0.178619384765625
-0.130767822265625 -0.147186279296875 -0.0478973388671875 -0.145751953125
-0.172210693359375 -0.032073974609375 -0.0780563354492188 -0.07684326171875
-0.119903564453125 0.0900115966796875 -0.0543060302734375 -0.00191879272460937
-0.0503921508789063 0.138343811035156 -0.0102996826171875 -0.000811576843261712
-0.0531463623046875 0.139640808105469 0.0142707824707031 -0.0393524169921875
-0.0306854248046875 0.159332275390625 0.0368537902832031 -0.0567169189453125
-0.0646133422851563 0.133346557617188 0.0760040283203125 -0.0541229248046875
-0.137214660644531 0.08953857421875 0.08917236328125 -0.0276412963867187
-0.172378540039062 -0.0106964111328125 0.0859909057617187 0.0460052490234375
-0.105499267578125 -0.176925659179688 0.0383987426757812 0.099273681640625
0.00769042968750001 -0.209304809570313 -0.0416603088378906 0.0614776611328125
0.135971069335938 -0.201705932617188 0.0270233154296875 -0.0401802062988281
0.163192749023438 -0.092987060546875 0.061676025390625 -0.18212890625
0.137275695800781 -0.128646850585938 0.104598999023438 -0.176010131835938
0.031341552734375 -0.202423095703125 0.0580596923828125 -0.168319702148438
-0.0899734497070313 -0.13165283203125 -0.0066986083984375 -0.143173217773438
-0.138130187988281 -0.0377655029296875 -0.0354995727539063 -0.0910415649414062
-0.104263305664063 0.0710906982421875 -0.0230064392089844 -0.0412712097167969
-0.0452804565429688 0.115646362304687 0.000228881835937498 -0.0523567199707031
-0.0464096069335938 0.118927001953125 0.016754150390625 -0.0844573974609375
-0.0282669067382813 0.13909912109375 0.0390853881835938 -0.104804992675781
-0.057769775390625 0.117195129394531 0.0875473022460938 -0.0946197509765625
-0.124183654785156 0.0759811401367187 0.103271484375 -0.0550308227539062
-0.148895263671875 -0.017669677734375 0.101959228515625 0.0261764526367187
-0.0745849609375 -0.162078857421875 0.0487442016601562 0.0850601196289063
0.03759765625 -0.173324584960938 -0.0326004028320313 0.0232219696044922
0.138916015625 -0.139457702636719 0.0726776123046875 -0.0908584594726563
0.11102294921875 -0.00630950927734375 0.1097412109375 -0.207901000976563
0.109443664550781 -0.0483322143554688 0.12506103515625 -0.193984985351563
0.048828125 -0.116943359375 0.0695037841796875 -0.154037475585938
-0.0403518676757813 -0.0864105224609375 0.0188674926757812 -0.136154174804688
-0.0806808471679688 -0.031768798828125 -0.00605773925781251 -0.0962905883789062
-0.0691070556640625 0.0422019958496094 -0.00183486938476564 -0.0692520141601563
-0.0320358276367188 0.0746307373046875 0.00604248046874999 -0.0908279418945313
-0.0319671630859375 0.0803375244140625 0.0169906616210938 -0.117530822753906
-0.0249099731445312 0.0979385375976563 0.0417938232421875 -0.1407470703125
-0.0455398559570313 0.0843353271484375 0.0980682373046875 -0.123687744140625
-0.0963973999023438 0.05126953125 0.118812561035156 -0.0701141357421875
-0.107650756835938 -0.0243606567382813 0.1165771484375 0.0161590576171875
-0.0340194702148438 -0.130149841308594 0.0552825927734375 0.0785751342773437
0.0626144409179688 -0.115615844726562 -0.0185070037841797 -0.00428962707519532
0.123558044433594 -0.0582962036132813 0.116020202636719 -0.118965148925781
-0.0703277587890625 -0.0300979614257812 -0.114044189453125 0.148162841796875
-0.0448341369628906 0.0482025146484375 0.0100307464599609 0.0261268615722656
0.0130119323730469 0.0573921203613281 -0.0561676025390625 -0.0791702270507813
0.0482444763183594 0.0219039916992188 -0.140884399414063 -0.028961181640625
0.0468368530273438 -0.0173492431640625 -0.137855529785156 0.0641708374023437
0.01947021484375 -0.0444450378417969 -0.0951004028320312 0.139137268066406
0.00528526306152344 -0.0340728759765625 -0.022705078125 0.16265869140625
0.00966835021972656 -0.0268707275390625 -0.00527954101562499 0.133277893066406
0.014007568359375 -0.0249614715576172 0.00310516357421875 0.109962463378906
0.0202922821044922 -0.00863838195800781 -0.00324249267578124 0.0943222045898438
0.0171937942504883 0.0172395706176758 0.00372314453124999 0.0987319946289062
-0.0162544250488281 0.0411224365234375 -0.0163726806640625 0.1309814453125
-0.0577812194824219 0.0101776123046875 -0.0776214599609375 0.15252685546875
-0.0683250427246094 -0.0377883911132813 -0.110153198242188 0.201217651367187
-0.06011962890625 -0.0777587890625 -0.125244140625 0.21527099609375
-0.0213470458984375 -0.114952087402344 -0.137191772460938 0.13092041015625
-0.0377235412597656 -0.0304183959960937 -0.00182533264160157 0.0225086212158203
-0.0308322906494141 -0.00845909118652344 -0.057647705078125 -0.0955886840820312
-0.0131950378417969 0.00518608093261719 -0.148712158203125 -0.04473876953125
-0.00967502593994141 0.00387859344482422 -0.152694702148437 0.0530242919921875
-0.00633716583251953 0.00504159927368164 -0.1026611328125 0.138961791992188
-0.000595092773437499 0.0226116180419922 -0.023773193359375 0.162185668945313
-0.00594520568847656 0.0275459289550781 -0.00318145751953125 0.125480651855469
-0.000293731689453126 0.0315685272216797 0.00867462158203126 0.104751586914063
-0.0139961242675781 0.0309085845947266 0.008514404296875 0.0884246826171875
-0.0387039184570312 0.0270423889160156 0.0159072875976562 0.0901412963867188
-0.0719757080078125 0.00688934326171874 -0.002960205078125 0.128822326660156
-0.070343017578125 -0.0678863525390625 -0.056060791015625 0.152236938476563
-0.0442657470703125 -0.114601135253906 -0.0929107666015625 0.194976806640625
-0.000244140625000005 -0.154998779296875 -0.116806030273438 0.193527221679688
0.0412445068359375 -0.182418823242188 -0.14154052734375 0.085784912109375
-0.0104522705078125 -0.112190246582031 -0.00580644607543945 -0.00150156021118165
-0.0640335083007812 -0.0917510986328125 -0.0529708862304688 -0.120063781738281
-0.0778121948242188 -0.02655029296875 -0.148101806640625 -0.069854736328125
-0.0739212036132813 0.0148696899414062 -0.159622192382813 0.029083251953125
-0.0403556823730469 0.0511016845703125 -0.105224609375 0.122047424316406
-0.011383056640625 0.076141357421875 -0.0236663818359375 0.141983032226563
-0.0211944580078125 0.0783309936523438 0.000846862792968741 0.0994338989257813
-0.01007080078125 0.0855636596679688 0.0173263549804688 0.0798797607421875
-0.038543701171875 0.0716400146484375 0.0272979736328125 0.0671501159667969
-0.083740234375 0.0484619140625 0.0371475219726562 0.0696754455566406
-0.122383117675781 -0.00557708740234377 0.0233154296875 0.117729187011719
-0.0957565307617188 -0.124160766601563 -0.0251007080078125 0.1468505859375
-0.0373077392578125 -0.17352294921875 -0.0701141357421875 0.175949096679687
0.0462188720703125 -0.212646484375 -0.089630126953125 0.150131225585938
0.103363037109375 -0.21826171875 -0.11962890625 0.0199203491210938
0.033966064453125 -0.177154541015625 0.00350189208984375 -0.0433578491210938
-0.0751495361328125 -0.176712036132813 -0.03802490234375 -0.147598266601563
-0.129058837890625 -0.071441650390625 -0.132415771484375 -0.0998153686523438
-0.132095336914062 0.0121078491210938 -0.149688720703125 -0.00514221191406248
-0.0753326416015625 0.0842437744140625 -0.0978775024414063 0.0898513793945313
-0.0240325927734375 0.11651611328125 -0.0219039916992187 0.104385375976563
-0.0330734252929688 0.1171875 0.00516128540039063 0.0590744018554688
-0.0149917602539062 0.128257751464844 0.0254478454589844 0.0402336120605469
-0.0511245727539063 0.107040405273437 0.04632568359375 0.0308265686035156
-0.112808227539062 0.07464599609375 0.0579681396484375 0.0385360717773438
-0.157501220703125 -0.00224304199218753 0.0504989624023437 0.0955123901367188
-0.119430541992188 -0.154739379882812 0.006439208984375 0.132438659667969
-0.0368194580078125 -0.207809448242188 -0.0516204833984375 0.144058227539062
0.07952880859375 -0.242431640625 -0.0536117553710937 0.0905532836914062
0.149490356445312 -0.214706420898437 -0.0728530883789062 -0.0550994873046875
0.0828704833984375 -0.205886840820313 0.02734375 -0.0937423706054688
-0.057464599609375 -0.23468017578125 -0.0115203857421875 -0.16693115234375
-0.149978637695313 -0.112960815429688 -0.0987014770507813 -0.124702453613281
-0.167251586914063 -0.00210571289062498 -0.121452331542969 -0.0412673950195312
-0.101325988769531 0.0987014770507813 -0.0789260864257813 0.0461654663085938
-0.03509521484375 0.137199401855469 -0.01708984375 0.0540542602539063
-0.0408096313476562 0.138084411621094 0.00853729248046875 0.0103073120117188
-0.0167083740234375 0.152511596679688 0.0298023223876953 -0.00812911987304687
-0.0545883178710937 0.12872314453125 0.0603370666503906 -0.0128860473632812
-0.125595092773438 0.0928955078125 0.0726394653320312 0.00266265869140626
-0.172622680664063 0.00343322753906247 0.0716018676757812 0.0672454833984375
-0.127532958984375 -0.165252685546875 0.02978515625 0.11297607421875
-0.027557373046875 -0.21630859375 -0.041473388671875 0.104705810546875
0.1025390625 -0.238754272460937 -0.0151405334472656 0.0237865447998047
0.166244506835938 -0.172760009765625 -0.0110397338867188 -0.124946594238281
0.117767333984375 -0.189529418945313 0.0601272583007813 -0.14019775390625
-0.020965576171875 -0.242477416992187 0.019805908203125 -0.172149658203125
-0.135528564453125 -0.13299560546875 -0.0551834106445313 -0.137382507324219
-0.16754150390625 -0.0178985595703125 -0.0803451538085938 -0.0695266723632813
-0.109397888183594 0.0946731567382813 -0.0516510009765625 0.000576019287109373
-0.0385055541992187 0.135536193847656 -0.00989151000976563 -0.000472068786621087
-0.0413742065429687 0.138191223144531 0.0102195739746094 -0.0389633178710937
-0.0168609619140625 0.155426025390625 0.0308799743652344 -0.0589027404785156
-0.0522079467773438 0.132217407226563 0.0697135925292969 -0.0581130981445313
-0.124893188476563 0.0957107543945312 0.0843963623046875 -0.0319900512695312
-0.167205810546875 0.00245666503906252 0.087677001953125 0.0401687622070313
-0.1143798828125 -0.164215087890625 0.0441970825195313 0.0938034057617187
-0.00590515136718748 -0.202255249023437 -0.0363578796386719 0.0634613037109375
0.117843627929688 -0.205108642578125 0.0229988098144531 -0.0399169921875
0.149642944335938 -0.1016845703125 0.0497894287109375 -0.177886962890625
0.123802185058594 -0.133247375488281 0.091461181640625 -0.174697875976563
0.014984130859375 -0.197494506835938 0.0455780029296875 -0.164627075195313
-0.0950088500976563 -0.120124816894531 -0.0151748657226563 -0.137290954589844
-0.13507080078125 -0.0258941650390625 -0.0400161743164063 -0.0857009887695312
-0.0948562622070313 0.0751266479492187 -0.0237236022949219 -0.0392990112304687
-0.0349884033203125 0.11297607421875 -0.00320053100585938 -0.0508651733398438
-0.035614013671875 0.117912292480469 0.0089263916015625 -0.0831985473632812
-0.0164031982421875 0.135406494140625 0.0295639038085938 -0.104942321777344
-0.0469512939453125 0.116539001464844 0.0778884887695313 -0.0978775024414062
-0.112228393554688 0.0819625854492187 0.0965728759765625 -0.0587158203125
-0.144332885742188 -0.00587463378906251 0.100799560546875 0.0192642211914063
-0.0835418701171875 -0.151519775390625 0.0530548095703125 0.0789108276367188
0.0251007080078125 -0.169265747070313 -0.03057861328125 0.0262184143066406
0.124603271484375 -0.14453125 0.0627670288085938 -0.0912933349609375
0.106002807617188 -0.0139617919921875 0.0937347412109375 -0.20635986328125
0.101478576660156 -0.0541305541992188 0.109756469726563 -0.19305419921875
0.0372161865234375 -0.1156005859375 0.0576629638671875 -0.151351928710938
-0.0440139770507813 -0.0797348022460938 0.00997924804687499 -0.132255554199219
-0.079498291015625 -0.0242462158203125 -0.0117950439453125 -0.0925521850585938
-0.0630683898925781 0.0452537536621094 -0.00535964965820314 -0.0675582885742188
-0.0250930786132813 0.0732040405273438 -0.000457763671875008 -0.088592529296875
-0.024810791015625 0.0793914794921875 0.00682830810546876 -0.115119934082031
-0.0156478881835938 0.095947265625 0.0292205810546875 -0.140609741210938
-0.0373001098632812 0.0833816528320313 0.0863113403320313 -0.127174377441406
-0.0874176025390625 0.056549072265625 0.110336303710938 -0.074371337890625
-0.105514526367188 -0.0153045654296875 0.113639831542969 0.0085296630859375
-0.0422286987304688 -0.123138427734375 0.0590667724609375 0.07232666015625
0.0531005859375 -0.116004943847656 -0.0190181732177734 -0.000907897949218756
0.114715576171875 -0.06512451171875 0.102027893066406 -0.121826171875
-0.0671157836914063 -0.0243263244628906 -0.09967041015625 0.143829345703125
-0.0402946472167969 0.0467796325683594 0.01123046875 0.0225429534912109
0.0145263671875 0.0529289245605469 -0.055908203125 -0.0729904174804688
0.0464019775390625 0.0176162719726563 -0.135055541992188 -0.0224151611328125
0.0430259704589844 -0.0197830200195313 -0.128242492675781 0.065277099609375
0.0146675109863281 -0.042572021484375 -0.0853500366210937 0.136390686035156
0.0022430419921875 -0.03125 -0.0140533447265625 0.155471801757813
0.00741195678710937 -0.0254287719726562 0.00118255615234374 0.126899719238281
0.0113925933837891 -0.0236301422119141 0.00894927978515624 0.104942321777344
0.0181026458740234 -0.00893783569335938 0.00148773193359375 0.0902633666992188
0.0158014297485352 0.0145988464355469 0.00750732421875 0.09417724609375
-0.013031005859375 0.0389900207519531 -0.01007080078125 0.125320434570313
-0.0531349182128906 0.0120048522949219 -0.0685577392578125 0.148086547851563
-0.0656051635742187 -0.0334930419921875 -0.0956573486328125 0.194717407226563
-0.0599822998046875 -0.0704727172851563 -0.10906982421875 0.208648681640625
-0.0249786376953125 -0.106925964355469 -0.122329711914062 0.12939453125
-0.0362892150878906 -0.0283775329589844 0.000293731689453121 0.0202198028564453
-0.0302448272705078 -0.00788497924804688 -0.0589675903320313 -0.0883712768554687
-0.0121135711669922 0.00477218627929687 -0.142929077148438 -0.037139892578125
-0.00924491882324219 0.00326156616210938 -0.142333984375 0.0562591552734375
-0.00688982009887695 0.00463056564331055 -0.0919189453125 0.135894775390625
-0.000494003295898437 0.0226364135742188 -0.015716552734375 0.154769897460938
-0.0046844482421875 0.0272750854492188 0.00348663330078126 0.11993408203125
0.000839233398437501 0.03045654296875 0.0137786865234375 0.0993499755859375
-0.0128860473632812 0.0294685363769531 0.011993408203125 0.0846405029296875
-0.0365142822265625 0.0263938903808594 0.0193405151367188 0.0854034423828125
-0.0679512023925781 0.00931167602539063 0.00349426269531249 0.123077392578125
-0.0690956115722656 -0.0624237060546875 -0.0472564697265625 0.146713256835938
-0.0458526611328125 -0.1068115234375 -0.079681396484375 0.188186645507812
-0.00685119628906251 -0.146957397460938 -0.102340698242187 0.187530517578125
0.030975341796875 -0.173965454101563 -0.127960205078125 0.0875473022460937
-0.0135269165039062 -0.106658935546875 -0.00264382362365723 -0.00186228752136231
-0.0657196044921875 -0.0854873657226563 -0.0561981201171875 -0.111183166503906
-0.0747222900390625 -0.0227813720703125 -0.14324951171875 -0.0608978271484375
-0.0692176818847656 0.0173530578613281 -0.149505615234375 0.0335845947265625
-0.0365791320800781 0.049530029296875 -0.0946044921875 0.119758605957031
-0.00764465332031249 0.0728607177734375 -0.0162353515625 0.135505676269531
-0.0166091918945313 0.0759506225585938 0.0050048828125 0.09490966796875
-0.00559234619140625 0.0814285278320313 0.0206832885742187 0.0750503540039063
-0.0340728759765625 0.0696029663085938 0.0290412902832031 0.0620994567871094
-0.0776138305664063 0.0486984252929688 0.0387725830078125 0.0651741027832031
-0.116203308105469 0.000106811523437489 0.0278091430664062 0.112030029296875
-0.0958404541015625 -0.114761352539063 -0.01788330078125 0.140625
-0.041168212890625 -0.163330078125 -0.059478759765625 0.170425415039063
0.035369873046875 -0.204345703125 -0.07818603515625 0.14556884765625
0.088531494140625 -0.211074829101563 -0.109451293945313 0.0244369506835938
0.0258941650390625 -0.170440673828125 0.00455093383789063 -0.0409660339355469
-0.0794830322265625 -0.163833618164063 -0.0424270629882813 -0.136802673339844
-0.124671936035156 -0.0624237060546875 -0.129295349121094 -0.0902862548828125
-0.124374389648437 0.01702880859375 -0.14208984375 0.000808715820312487
-0.0682830810546875 0.0821456909179687 -0.0891036987304688 0.0885086059570313
-0.01763916015625 0.111328125 -0.0159988403320312 0.09954833984375
-0.026214599609375 0.113441467285156 0.00724411010742188 0.0560798645019531
-0.00769805908203126 0.122116088867188 0.026153564453125 0.0364265441894531
-0.0436019897460938 0.103736877441406 0.0453529357910156 0.0270042419433594
-0.103111267089844 0.0753936767578125 0.0570869445800781 0.0347251892089844
-0.149154663085938 0.00502014160156247 0.052886962890625 0.0906143188476563
-0.120574951171875 -0.141799926757813 0.011627197265625 0.125640869140625
-0.0424346923828125 -0.195693969726563 -0.0422821044921875 0.140045166015625
0.06500244140625 -0.234222412109375 -0.04638671875 0.0885009765625
0.131912231445313 -0.209884643554688 -0.0678634643554688 -0.048065185546875
0.07037353515625 -0.199661254882813 0.024932861328125 -0.0888290405273438
-0.066131591796875 -0.219650268554688 -0.0185089111328125 -0.155975341796875
-0.146499633789062 -0.100112915039063 -0.0977325439453125 -0.11468505859375
-0.158477783203125 0.00599670410156247 -0.116065979003906 -0.0349884033203125
-0.0915451049804687 0.0975265502929688 -0.071807861328125 0.0460052490234375
-0.0272903442382813 0.130332946777344 -0.0136604309082031 0.0510711669921875
-0.0322036743164063 0.133354187011719 0.0077066421508789 0.00997543334960938
-0.0079803466796875 0.144500732421875 0.0276126861572266 -0.00961112976074218
-0.0457000732421875 0.123306274414062 0.0567131042480469 -0.0158424377441406
-0.114456176757813 0.0932235717773437 0.0694236755371094 0.000118255615234381
-0.162994384765625 0.011383056640625 0.0720596313476562 0.0624771118164063
-0.12884521484375 -0.152313232421875 0.0323333740234375 0.106040954589844
-0.03460693359375 -0.2037353515625 -0.0349197387695313 0.101799011230469
0.0867462158203125 -0.232818603515625 -0.01348876953125 0.0236759185791015
0.150527954101563 -0.169906616210938 -0.013458251953125 -0.116653442382813
0.103897094726563 -0.185073852539062 0.0542221069335938 -0.133621215820313
-0.0321044921875 -0.228546142578125 0.011749267578125 -0.1622314453125
-0.133163452148438 -0.119453430175781 -0.0563125610351563 -0.12725830078125
-0.15948486328125 -0.0091094970703125 -0.0786819458007813 -0.0628585815429688
-0.0988235473632813 0.0942916870117187 -0.047698974609375 0.00150680541992188
-0.0302886962890625 0.128921508789063 -0.00882148742675781 -0.00129508972167968
-0.0328216552734375 0.133125305175781 0.00649642944335937 -0.0373649597167969
-0.007720947265625 0.14776611328125 0.0257606506347656 -0.0576133728027344
-0.0431442260742187 0.126167297363281 0.0637435913085937 -0.0596199035644531
-0.112617492675781 0.0957717895507813 0.079193115234375 -0.0331573486328125
-0.158172607421875 0.0105743408203125 0.0853195190429687 0.0353622436523438
-0.11627197265625 -0.151138305664062 0.0454254150390625 0.08673095703125
-0.01422119140625 -0.19183349609375 -0.0320663452148438 0.0632591247558593
0.103103637695313 -0.2005615234375 0.0192794799804688 -0.0385284423828125
0.13702392578125 -0.102142333984375 0.0419921875 -0.169036865234375
0.110984802246094 -0.131362915039063 0.08233642578125 -0.167678833007813
0.004150390625 -0.186737060546875 0.037353515625 -0.156036376953125
-0.09454345703125 -0.109039306640625 -0.0187911987304688 -0.129806518554688
-0.128364562988281 -0.0177536010742188 -0.0412216186523438 -0.080047607421875
-0.0860748291015625 0.0753707885742187 -0.0231094360351563 -0.0374107360839844
-0.0278472900390625 0.107452392578125 -0.00534057617187501 -0.0492630004882812
-0.0283432006835937 0.113059997558594 0.00385284423828124 -0.0790557861328125
-0.00808715820312501 0.128593444824219 0.0221405029296875 -0.10150146484375
-0.0389404296875 0.110855102539063 0.0689315795898438 -0.0975189208984375
-0.101219177246094 0.0823287963867188 0.0885086059570313 -0.0590591430664063
-0.136634826660156 0.00196838378906247 0.0967788696289062 0.0147705078125
-0.0863418579101562 -0.139976501464844 0.053497314453125 0.072723388671875
0.016693115234375 -0.161636352539062 -0.0284290313720703 0.0276679992675781
0.1112060546875 -0.14337158203125 0.0550689697265625 -0.0881805419921875
0.098602294921875 -0.0175704956054688 0.0818328857421875 -0.197830200195313
0.0933761596679688 -0.05499267578125 0.097320556640625 -0.186065673828125
0.0286712646484375 -0.110557556152344 0.0501556396484375 -0.144790649414063
-0.0437088012695313 -0.0723724365234375 0.0053253173828125 -0.125602722167969
-0.0753936767578125 -0.01873779296875 -0.014984130859375 -0.0870742797851562
-0.0573692321777344 0.045440673828125 -0.00671005249023438 -0.0650520324707031
-0.0197067260742188 0.0698318481445313 -0.00475311279296876 -0.0850143432617188
-0.0194473266601562 0.0764694213867188 0.000236511230468758 -0.109375
-0.00931549072265625 0.0909652709960938 0.0196990966796875 -0.135002136230469
-0.0309295654296875 0.0798110961914063 0.0755767822265625 -0.125
-0.07891845703125 0.0572357177734375 0.101676940917969 -0.0746688842773438
-0.100425720214844 -0.00841522216796877 0.10845947265625 0.00412750244140625
-0.046295166015625 -0.114273071289063 0.0587387084960938 0.0661888122558594
0.044830322265625 -0.111991882324219 -0.0191593170166016 0.00117683410644531
0.105262756347656 -0.0671310424804687 0.090240478515625 -0.118507385253906
-0.0632438659667969 -0.0210533142089844 -0.0912628173828125 0.137260437011719
-0.0373764038085938 0.045257568359375 0.0114688873291016 0.0203018188476563
0.0147285461425781 0.0494956970214844 -0.0542335510253906 -0.0693168640136719
0.0448074340820313 0.0151138305664062 -0.128990173339844 -0.019866943359375
0.0400619506835938 -0.0203819274902344 -0.120841979980469 0.0637054443359375
0.0122909545898438 -0.0403938293457031 -0.0793075561523438 0.132003784179688
0.000879287719726561 -0.0285873413085938 -0.010589599609375 0.149078369140625
0.00606727600097656 -0.0230178833007813 0.00466918945312499 0.121528625488281
0.00984382629394531 -0.0219745635986328 0.0119552612304687 0.100090026855469
0.0159215927124023 -0.00812911987304688 0.00269317626953124 0.08685302734375
0.0136327743530273 0.0132827758789062 0.00902557373046875 0.0897903442382813
-0.0116615295410156 0.0366554260253906 -0.0069122314453125 0.119712829589844
-0.0491752624511719 0.0117034912109375 -0.0637359619140625 0.141555786132813
-0.0623397827148438 -0.0309829711914062 -0.087921142578125 0.185928344726563
-0.0581474304199219 -0.0648727416992187 -0.101303100585937 0.199508666992188
-0.0248184204101563 -0.100425720214844 -0.112167358398438 0.123886108398437
-0.0345821380615234 -0.0272579193115234 0.00224685668945312 0.0186710357666016
-0.0293598175048828 -0.00780868530273437 -0.0570297241210937 -0.082733154296875
-0.0114326477050781 0.00394344329833984 -0.136505126953125 -0.0338973999023438
-0.00922679901123047 0.00287818908691406 -0.134796142578125 0.054229736328125
-0.00804758071899414 0.0045924186706543 -0.0858612060546875 0.131324768066406
-0.000394821166992185 0.0219974517822266 -0.0111236572265625 0.147994995117188
-0.00430679321289063 0.0269107818603516 0.00590515136718749 0.11456298828125
0.00131416320800781 0.0292205810546875 0.0160751342773438 0.094879150390625
-0.0130100250244141 0.0286159515380859 0.0130844116210938 0.0807037353515625
-0.0352134704589844 0.0252418518066406 0.0201797485351563 0.0813217163085938
-0.0642433166503906 0.00964355468749999 0.00615692138671876 0.11798095703125
-0.0660514831542969 -0.0591812133789063 -0.0435867309570313 0.1400146484375
-0.0446243286132813 -0.101234436035156 -0.0732879638671875 0.180313110351562
-0.00839996337890626 -0.139556884765625 -0.0942077636718751 0.179290771484375
0.0271148681640625 -0.165206909179688 -0.117271423339844 0.0845947265625
-0.0139846801757812 -0.101982116699219 -0.00127530097961426 -0.00245428085327149
-0.0647201538085938 -0.0801773071289062 -0.0551986694335938 -0.104217529296875
-0.0710601806640625 -0.020782470703125 -0.13690185546875 -0.056915283203125
-0.0656242370605469 0.0171279907226562 -0.141738891601563 0.0331573486328125
-0.0341796875 0.0473709106445313 -0.0882720947265625 0.115028381347656
-0.00659942626953125 0.0696640014648438 -0.0129318237304687 0.129142761230469
-0.014312744140625 0.0734481811523438 0.00694274902343749 0.0905380249023438
-0.00352478027343751 0.07733154296875 0.0211715698242187 0.0712890625
-0.0315895080566406 0.0662727355957031 0.0289840698242187 0.0589981079101563
-0.0736236572265625 0.0470809936523438 0.0377731323242187 0.0614776611328125
-0.110504150390625 0.00176239013671874 0.0295028686523437 0.107444763183594
-0.0926589965820312 -0.108375549316406 -0.0152130126953125 0.134140014648438
-0.040863037109375 -0.154983520507813 -0.053253173828125 0.1629638671875
0.031036376953125 -0.195556640625 -0.07232666015625 0.140121459960938
0.080596923828125 -0.201263427734375 -0.100502014160156 0.0256118774414063
0.0231475830078125 -0.163116455078125 0.00574111938476562 -0.0393562316894531
-0.0798492431640625 -0.155364990234375 -0.042022705078125 -0.128410339355469
-0.119285583496094 -0.0574722290039063 -0.124015808105469 -0.0839462280273438
-0.118293762207031 0.0183639526367188 -0.135040283203125 0.0021209716796875
-0.0636672973632813 0.0789260864257812 -0.0832138061523438 0.0845260620117187
-0.0152740478515625 0.105720520019531 -0.0128860473632813 0.094512939453125
-0.0230865478515625 0.109375 0.00730133056640625 0.0533638000488281
-0.00457000732421875 0.115982055664062 0.0257434844970703 0.0340328216552734
-0.0399627685546875 0.0987014770507813 0.0440101623535156 0.0250167846679688
-0.0968704223632813 0.072784423828125 0.0555191040039062 0.0326004028320313
-0.142013549804688 0.00788879394531249 0.05316162109375 0.0866622924804688
-0.11773681640625 -0.133827209472656 0.012451171875 0.120513916015625
-0.0419921875 -0.185195922851563 -0.0385589599609375 0.134590148925781
0.0583648681640625 -0.224136352539063 -0.0428848266601563 0.0850296020507812
0.122360229492188 -0.200698852539063 -0.0624732971191406 -0.0432624816894532
0.0647735595703125 -0.19158935546875 0.0252761840820313 -0.0838851928710938
-0.0675048828125 -0.207534790039063 -0.01910400390625 -0.146804809570313
-0.141311645507813 -0.09320068359375 -0.0942764282226563 -0.107978820800781
-0.150405883789063 0.00808715820312499 -0.111068725585938 -0.0320358276367188
-0.085906982421875 0.0933380126953125 -0.0675811767578125 0.0435714721679687
-0.023223876953125 0.123992919921875 -0.0113067626953125 0.0482559204101563
-0.0282516479492187 0.128280639648438 0.00654411315917969 0.00944995880126954
-0.00417327880859376 0.137245178222656 0.0254344940185547 -0.0106277465820312
-0.0410537719726563 0.117195129394531 0.0535621643066406 -0.0161056518554687
-0.106491088867188 0.0898971557617187 0.0671348571777344 -0.000797271728515619
-0.154800415039063 0.0146942138671875 0.0705718994140625 0.0592193603515625
-0.126083374023438 -0.143096923828125 0.03240966796875 0.100654602050781
-0.03546142578125 -0.193984985351563 -0.031036376953125 0.09881591796875
0.078857421875 -0.223724365234375 -0.0131702423095703 0.0234889984130859
0.138870239257813 -0.164215087890625 -0.0116500854492187 -0.109130859375
0.09619140625 -0.177734375 0.0519256591796875 -0.1273193359375
-0.0355072021484375 -0.215789794921875 0.00970458984374999 -0.152587890625
-0.128623962402344 -0.111236572265625 -0.0551376342773438 -0.121139526367188
-0.15203857421875 -0.00520324707031248 -0.07568359375 -0.0587692260742188
-0.092132568359375 0.0902786254882813 -0.0443801879882813 0.000457763671875015
-0.0269088745117188 0.122520446777344 -0.00855064392089844 -0.00168561935424804
-0.0282821655273437 0.128440856933594 0.00453948974609375 -0.0360679626464844
-0.00344085693359376 0.138870239257813 0.0228157043457031 -0.0560493469238281
-0.0383071899414063 0.119903564453125 0.059112548828125 -0.0585212707519531
-0.104400634765625 0.0932388305664063 0.0750808715820313 -0.0322494506835937
-0.149612426757813 0.013641357421875 0.0825271606445312 0.0335006713867188
-0.114486694335938 -0.141937255859375 0.0450286865234375 0.0821914672851562
-0.0163116455078125 -0.182525634765625 -0.0299949645996094 0.0617904663085937
0.0943603515625 -0.193603515625 0.0177536010742188 -0.0357894897460938
0.128105163574219 -0.0989913940429688 0.03955078125 -0.160568237304688
0.103973388671875 -0.126785278320313 0.0778961181640625 -0.159515380859375
-0.000915527343749987 -0.176956176757813 0.03485107421875 -0.14715576171875
-0.0910797119140625 -0.101173400878906 -0.0189132690429688 -0.122833251953125
-0.121917724609375 -0.014251708984375 -0.0401535034179687 -0.0748748779296875
-0.0795669555664063 0.0726089477539062 -0.021087646484375 -0.0364532470703125
-0.0241928100585937 0.102012634277344 -0.00615310668945313 -0.0479583740234375
-0.0243453979492187 0.108917236328125 0.00115966796875 -0.075653076171875
-0.00452423095703125 0.122268676757812 0.018218994140625 -0.0977859497070312
-0.0342025756835937 0.105430603027344 0.06365966796875 -0.09503173828125
-0.09320068359375 0.0805511474609375 0.084075927734375 -0.0572052001953125
-0.12921142578125 0.00497436523437498 0.092803955078125 0.0138778686523438
-0.085601806640625 -0.131950378417969 0.0513153076171875 0.0685691833496094
0.0127716064453125 -0.154205322265625 -0.0267562866210938 0.0281276702880859
0.103164672851563 -0.138992309570313 0.049774169921875 -0.083648681640625
0.0925979614257813 -0.0178985595703125 0.0762939453125 -0.187957763671875
0.0869903564453125 -0.0536727905273437 0.0915374755859375 -0.177291870117188
0.0243148803710937 -0.10467529296875 0.0473785400390625 -0.136390686035156
-0.0427284240722656 -0.0671005249023438 0.00334930419921873 -0.119293212890625
-0.0714263916015625 -0.0162200927734375 -0.0159835815429688 -0.0823974609375
-0.05328369140625 0.0443077087402344 -0.00677871704101562 -0.0623855590820313
-0.016815185546875 0.0656356811523438 -0.00690460205078125 -0.0813522338867188
-0.0167922973632813 0.0729904174804688 -0.00310516357421875 -0.104354858398438
-0.00603485107421875 0.086212158203125 0.0150604248046875 -0.129310607910156
-0.0271682739257813 0.0756149291992188 0.0691070556640625 -0.121856689453125
-0.0724716186523438 0.0555343627929687 0.09539794921875 -0.0718612670898438
-0.0944366455078125 -0.00556945800781249 0.102874755859375 0.00323486328125
-0.0467529296875 -0.107559204101562 0.0562477111816406 0.0624771118164062
0.040740966796875 -0.107460021972656 -0.0187702178955078 0.00367164611816405
0.0982284545898438 -0.0660324096679688 0.083221435546875 -0.112098693847656
-0.0601654052734375 -0.0196762084960937 -0.0872650146484375 0.132400512695313
-0.0360641479492188 0.0434608459472656 0.0119075775146484 0.0191154479980469
0.0134010314941406 0.0468330383300781 -0.0521812438964844 -0.0673789978027344
0.0429763793945313 0.0138626098632813 -0.125190734863281 -0.0196380615234375
0.0376243591308594 -0.0203895568847656 -0.118026733398438 0.060882568359375
0.00989151000976563 -0.0382881164550781 -0.076904296875 0.12921142578125
0.000587463378906249 -0.0261631011962891 -0.00917053222656249 0.14459228515625
0.00532913208007813 -0.0214385986328125 0.00585937499999999 0.118217468261719
0.00881385803222656 -0.0207118988037109 0.012451171875 0.0979080200195313
0.0140094757080078 -0.00793647766113281 0.003021240234375 0.0846481323242188
0.0124635696411133 0.0127239227294922 0.009002685546875 0.0876846313476563
-0.0109062194824219 0.0348777770996094 -0.00619506835937499 0.115989685058594
-0.0473442077636719 0.0108451843261719 -0.0623321533203125 0.137222290039063
-0.059906005859375 -0.0302505493164063 -0.0858001708984375 0.179306030273437
-0.0564613342285156 -0.0625228881835938 -0.09881591796875 0.192367553710938
-0.0230026245117188 -0.096405029296875 -0.106834411621094 0.119598388671875
-0.0333404541015625 -0.0263442993164062 0.00378990173339843 0.0176639556884766
-0.0287456512451172 -0.00798416137695313 -0.05499267578125 -0.0802154541015625
-0.0110940933227539 0.00316429138183594 -0.132476806640625 -0.0333633422851563
-0.00911140441894531 0.00228118896484375 -0.131401062011719 0.05157470703125
-0.00869655609130859 0.00499391555786133 -0.0837020874023438 0.127662658691406
-0.000560760498046875 0.0221366882324219 -0.010009765625 0.143783569335938
-0.00449562072753906 0.0277156829833984 0.00672912597656251 0.111671447753906
0.000818252563476562 0.0290489196777344 0.01690673828125 0.0924453735351562
-0.0130424499511719 0.027679443359375 0.0127944946289062 0.0789947509765625
-0.035369873046875 0.0240859985351563 0.0193099975585937 0.0794296264648438
-0.0623855590820313 0.00872802734375001 0.00698089599609374 0.115066528320313
-0.0633621215820313 -0.0582351684570312 -0.0428466796875 0.136367797851563
-0.0422821044921875 -0.0987701416015625 -0.0704803466796875 0.174392700195313
-0.00807952880859374 -0.134780883789063 -0.091827392578125 0.174087524414062
0.02685546875 -0.159088134765625 -0.111442565917969 0.08233642578125
-0.0128860473632813 -0.0996856689453125 0.000710725784301757 -0.00246787071228028
-0.0633316040039063 -0.0779495239257812 -0.0526809692382813 -0.100303649902344
-0.0689430236816406 -0.0205726623535156 -0.132553100585938 -0.055938720703125
-0.0640449523925781 0.0167999267578125 -0.137893676757813 0.030548095703125
-0.0340423583984375 0.0460281372070312 -0.0860824584960938 0.111396789550781
-0.00644302368164063 0.0677528381347656 -0.011383056640625 0.125404357910156
-0.0137557983398438 0.0727081298828125 0.00695037841796875 0.0889968872070313
-0.00312042236328125 0.075469970703125 0.0217933654785156 0.0692253112792969
-0.0311470031738281 0.0642471313476562 0.0287322998046875 0.0577354431152344
-0.0716018676757813 0.04608154296875 0.0374908447265625 0.0603256225585938
-0.107681274414063 0.00183105468749998 0.0299758911132812 0.105506896972656
-0.0903549194335938 -0.105812072753906 -0.0151290893554688 0.130386352539063
-0.038726806640625 -0.150863647460938 -0.0509490966796875 0.158599853515625
0.0297088623046875 -0.190185546875 -0.0697708129882813 0.135932922363281
0.078826904296875 -0.194595336914063 -0.0951614379882813 0.0255508422851562
0.022796630859375 -0.159805297851563 0.00820159912109375 -0.03790283203125
-0.0784454345703125 -0.15045166015625 -0.0405807495117188 -0.123847961425781
-0.1158447265625 -0.0559616088867188 -0.120048522949219 -0.0818634033203125
-0.115013122558594 0.0184555053710937 -0.130996704101563 0.00131225585937502
-0.0623397827148437 0.0767288208007813 -0.0808868408203125 0.0811767578125
-0.0146408081054688 0.102897644042969 -0.0117111206054688 0.0915603637695313
-0.0221633911132813 0.107749938964844 0.00714111328125 0.0520553588867188
-0.0041656494140625 0.111915588378906 0.0249729156494141 0.0331974029541016
-0.0386886596679688 0.0953140258789063 0.0427474975585938 0.0238151550292969
-0.0937042236328125 0.070098876953125 0.0540351867675781 0.0322265625
-0.13824462890625 0.008087158203125 0.0530624389648437 0.0851058959960938
-0.115409851074219 -0.13092041015625 0.011871337890625 0.117286682128906
-0.0405120849609375 -0.180953979492188 -0.03662109375 0.131278991699219
0.0561981201171875 -0.219573974609375 -0.0418701171875 0.0828704833984375
0.1182861328125 -0.193588256835938 -0.0578880310058594 -0.0413284301757813
0.063568115234375 -0.186813354492187 0.0268707275390625 -0.0810470581054688
-0.0669097900390625 -0.200469970703125 -0.0178070068359375 -0.140701293945312
-0.136825561523437 -0.0900650024414063 -0.090728759765625 -0.105293273925781
-0.1456298828125 0.00897216796874998 -0.107452392578125 -0.0313491821289062
-0.082794189453125 0.0906524658203125 -0.0653305053710938 0.0410957336425781
-0.0224685668945313 0.12054443359375 -0.0105056762695312 0.0464019775390625
-0.0266876220703125 0.125625610351563 0.00606155395507812 0.00907707214355469
-0.00279998779296875 0.132583618164063 0.0243129730224609 -0.0105419158935547
-0.0393218994140625 0.113365173339844 0.0521049499511719 -0.0163612365722656
-0.102241516113281 0.0877304077148438 0.0648345947265625 0.000122070312500005
-0.14984130859375 0.015106201171875 0.0699806213378906 0.0592308044433594
-0.123565673828125 -0.138786315917969 0.0307083129882813 0.0987396240234375
-0.034027099609375 -0.188430786132812 -0.0308914184570313 0.0969924926757812
0.076263427734375 -0.218490600585938 -0.0122795104980469 0.0230369567871094
0.135238647460937 -0.158645629882813 -0.0081939697265625 -0.104827880859375
0.0937042236328125 -0.17315673828125 0.0526504516601563 -0.122184753417969
-0.0363006591796875 -0.2093505859375 0.0106048583984375 -0.14617919921875
-0.124320983886719 -0.107589721679687 -0.0526046752929687 -0.117546081542969
-0.147140502929688 -0.00462341308593751 -0.07269287109375 -0.0577926635742188
-0.0888900756835938 0.0874557495117188 -0.0424919128417969 -0.00136947631835936
-0.02520751953125 0.118186950683594 -0.00817537307739258 -0.00286912918090819
-0.0265045166015625 0.125732421875 0.0037994384765625 -0.0348644256591797
-0.00230407714843751 0.134620666503906 0.0206565856933594 -0.0550575256347656
-0.0364151000976562 0.115684509277344 0.0576095581054688 -0.057342529296875
-0.100059509277344 0.0904312133789063 0.0734481811523438 -0.0303497314453125
-0.144683837890625 0.014495849609375 0.0815200805664062 0.0340957641601563
-0.112472534179688 -0.137672424316406 0.042633056640625 0.0800018310546875
-0.0159454345703125 -0.177337646484375 -0.0291328430175781 0.0611801147460937
0.090667724609375 -0.1893310546875 0.0164775848388672 -0.0337448120117188
0.12396240234375 -0.0958099365234375 0.0404205322265625 -0.154312133789063
0.100563049316406 -0.122947692871094 0.0778045654296875 -0.153411865234375
-0.00186157226562499 -0.171005249023438 0.0350799560546875 -0.141357421875
-0.0882339477539063 -0.0977783203125 -0.0175628662109375 -0.119606018066406
-0.1182861328125 -0.012908935546875 -0.038543701171875 -0.0731277465820313
-0.07720947265625 0.0702972412109375 -0.0201530456542969 -0.0371131896972656
-0.0229339599609375 0.0985946655273438 -0.00641250610351562 -0.0470695495605469
-0.0231399536132812 0.105918884277344 -0.000465393066406246 -0.0731582641601563
-0.00293731689453124 0.117454528808594 0.0161514282226563 -0.095001220703125
-0.0321731567382812 0.101692199707031 0.060943603515625 -0.0929641723632813
-0.0891571044921875 0.07769775390625 0.0818405151367188 -0.0542984008789062
-0.124465942382813 0.00601196289062501 0.0905838012695312 0.0144805908203125
-0.0845565795898438 -0.126853942871094 0.0495262145996094 0.0667572021484375
0.0115203857421875 -0.149246215820312 -0.0268650054931641 0.0288734436035156
0.0988082885742188 -0.1358642578125 0.0475387573242188 -0.0802459716796875
0.0901260375976563 -0.0172882080078125 0.0753936767578125 -0.181396484375
0.084014892578125 -0.052001953125 0.0906219482421875 -0.171615600585938
0.0226058959960937 -0.100563049316406 0.0482864379882812 -0.132522583007813
-0.0410423278808594 -0.0652694702148438 0.00468444824218749 -0.116050720214844
-0.0690803527832031 -0.0150604248046875 -0.0146942138671875 -0.0796279907226563
-0.0512275695800781 0.0435829162597656 -0.00597000122070313 -0.0622634887695312
-0.0157623291015625 0.0636444091796875 -0.00711059570312501 -0.07965087890625
-0.0155868530273438 0.0712661743164062 -0.00443267822265626 -0.100746154785156
-0.0046234130859375 0.0828323364257813 0.0128173828125 -0.125900268554688
-0.0254135131835938 0.07244873046875 0.0663604736328125 -0.118560791015625
-0.0687637329101562 0.0539741516113281 0.0923690795898438 -0.0692062377929688
-0.0913162231445313 -0.00385284423828126 0.100120544433594 0.0037689208984375
-0.0470199584960938 -0.103965759277344 0.0541572570800781 0.0602798461914063
0.03790283203125 -0.105224609375 -0.0188751220703125 0.00518989562988281
0.0939102172851563 -0.0640792846679688 0.07940673828125 -0.107284545898438
-0.0578193664550781 -0.0189132690429688 -0.0847015380859375 0.13104248046875
-0.0346260070800781 0.0427970886230469 0.0131492614746094 0.0185661315917969
0.0131683349609375 0.0464706420898437 -0.0513458251953125 -0.0673599243164063
0.0427131652832031 0.0119590759277344 -0.124557495117188 -0.0192031860351562
0.0367202758789063 -0.0210952758789063 -0.117660522460938 0.0598602294921875
0.00876617431640625 -0.0368919372558594 -0.0758209228515625 0.129165649414063
0.000146865844726564 -0.0248985290527344 -0.00704956054687499 0.144927978515625
0.00516700744628906 -0.0205116271972656 0.00759124755859375 0.118583679199219
0.00829315185546875 -0.0198020935058594 0.0144805908203125 0.0973281860351563
0.013031005859375 -0.00739383697509766 0.00395202636718749 0.0849456787109375
0.0114955902099609 0.0123672485351563 0.00932312011718749 0.08782958984375
-0.0102272033691406 0.0341625213623047 -0.00540924072265625 0.115875244140625
-0.0454521179199219 0.00983047485351563 -0.06207275390625 0.136093139648438
-0.0595741271972656 -0.0302276611328125 -0.084014892578125 0.176803588867188
-0.0560226440429688 -0.06072998046875 -0.097747802734375 0.190811157226563
-0.0221633911132812 -0.0951385498046875 -0.103797912597656 0.118873596191406
-0.0327835083007813 -0.0268650054931641 0.00504302978515625 0.0172510147094727
-0.028961181640625 -0.00807571411132812 -0.0548171997070313 -0.0794677734375
-0.0114049911499023 0.00249195098876953 -0.131790161132813 -0.032989501953125
-0.010040283203125 0.00210857391357422 -0.13116455078125 0.0511245727539063
-0.00958347320556641 0.00543594360351562 -0.0826034545898438 0.127708435058594
-0.000734329223632812 0.0227909088134766 -0.00811767578124999 0.143463134765625
-0.00433731079101562 0.0281963348388672 0.00839996337890625 0.111709594726562
0.000993728637695311 0.0293922424316406 0.0181884765625 0.0919952392578125
-0.0140094757080078 0.0275211334228516 0.013824462890625 0.0789031982421875
-0.0355491638183594 0.0241737365722656 0.0197830200195312 0.0792999267578125
-0.0620193481445313 0.00875854492187499 0.00791931152343749 0.1151123046875
-0.0629806518554687 -0.0584945678710938 -0.0425643920898438 0.135604858398438
-0.04205322265625 -0.0983352661132813 -0.06915283203125 0.172821044921875
-0.00804138183593751 -0.133781433105469 -0.091217041015625 0.173233032226563
0.027099609375 -0.157501220703125 -0.107810974121094 0.0819015502929688
-0.013031005859375 -0.100372314453125 0.00287580490112305 -0.00282835960388184
-0.064544677734375 -0.0771026611328125 -0.0520706176757813 -0.0987396240234375
-0.0687408447265625 -0.0205841064453125 -0.131675720214844 -0.0551910400390625
-0.0640182495117188 0.0171661376953125 -0.137733459472656 0.0307388305664063
-0.0339813232421875 0.0461959838867188 -0.085174560546875 0.110565185546875
-0.00571823120117188 0.0681533813476563 -0.00947570800781251 0.124794006347656
-0.0132293701171875 0.0736541748046875 0.00840759277343749 0.0890579223632812
-0.00267028808593751 0.0755615234375 0.0227508544921875 0.0693130493164062
-0.0304985046386719 0.0635948181152344 0.0292739868164062 0.0578155517578125
-0.07171630859375 0.0458526611328125 0.03802490234375 0.0606193542480469
-0.107353210449219 0.00244140624999998 0.0315628051757812 0.105804443359375
-0.0912704467773437 -0.105911254882813 -0.0148391723632813 0.130722045898437
-0.0388031005859375 -0.150344848632813 -0.049957275390625 0.157318115234375
0.0277099609375 -0.190170288085938 -0.0690841674804688 0.135406494140625
0.078582763671875 -0.193084716796875 -0.091796875 0.0258102416992187
0.0218353271484375 -0.159713745117187 0.0101356506347656 -0.037628173828125
-0.0801544189453125 -0.148727416992188 -0.0401458740234375 -0.120841979980469
-0.115554809570312 -0.0554046630859375 -0.119667053222656 -0.0812911987304687
-0.114669799804688 0.0193023681640625 -0.130790710449219 0.000602722167968768
-0.0611648559570312 0.0759735107421875 -0.08038330078125 0.080047607421875
-0.0140762329101563 0.10235595703125 -0.0105209350585938 0.0905685424804687
-0.020172119140625 0.108627319335938 0.00745773315429688 0.0530471801757813
-0.00253295898437499 0.111793518066406 0.0248870849609375 0.0327777862548828
-0.0384368896484375 0.0947418212890625 0.0429344177246094 0.0234870910644531
-0.0931243896484375 0.0706100463867188 0.0545692443847656 0.0325355529785156
-0.137107849121094 0.00888061523437499 0.0547332763671875 0.08575439453125
-0.11639404296875 -0.130447387695313 0.0118026733398437 0.117279052734375
-0.041290283203125 -0.17999267578125 -0.0356674194335938 0.130897521972656
0.054412841796875 -0.219436645507813 -0.041534423828125 0.083160400390625
0.117904663085937 -0.192550659179688 -0.054901123046875 -0.0406112670898438
0.0616302490234375 -0.18743896484375 0.0287246704101563 -0.0801773071289063
-0.0688323974609375 -0.1993408203125 -0.0169143676757813 -0.138168334960938
-0.136329650878906 -0.0890045166015625 -0.0908737182617188 -0.103973388671875
-0.145233154296875 0.00981140136718752 -0.107086181640625 -0.031646728515625
-0.0824127197265625 0.0899581909179688 -0.0645790100097656 0.0395126342773438
-0.0213546752929687 0.119552612304688 -0.00995254516601563 0.0452499389648438
-0.0249099731445312 0.127067565917969 0.00537967681884765 0.0091695785522461
-0.00116729736328124 0.131370544433594 0.0236282348632813 -0.0104198455810547
-0.0382232666015625 0.112251281738281 0.0512466430664063 -0.0168647766113281
-0.100364685058594 0.0871505737304688 0.0650558471679688 0.00036239624023438
-0.148834228515625 0.0157928466796875 0.0714263916015625 0.0600433349609375
-0.12493896484375 -0.138153076171875 0.0307693481445313 0.0984649658203125
-0.035125732421875 -0.187210083007813 -0.0295867919921875 0.09765625
0.07391357421875 -0.218643188476563 -0.0132293701171875 0.0235538482666015
0.1336669921875 -0.157119750976563 -0.00622558593749998 -0.103759765625
0.0917205810546875 -0.173385620117188 0.05401611328125 -0.120536804199219
-0.038330078125 -0.207168579101563 0.011505126953125 -0.143997192382813
-0.123641967773437 -0.106010437011719 -0.0527801513671875 -0.117156982421875
-0.146163940429687 -0.00300598144531252 -0.072174072265625 -0.0576934814453125
-0.0884246826171875 0.0871124267578125 -0.0420417785644531 -0.00217437744140624
-0.0244674682617188 0.117835998535156 -0.00830078125 -0.00348520278930664
-0.0251617431640625 0.126754760742188 0.00240898132324219 -0.0344257354736328
-0.000396728515625005 0.133705139160156 0.0193061828613281 -0.0549430847167969
-0.0356292724609375 0.113960266113281 0.0557518005371094 -0.0579643249511719
-0.097808837890625 0.0902328491210937 0.072723388671875 -0.030242919921875
-0.143356323242188 0.015960693359375 0.0819168090820312 0.0345077514648438
-0.113754272460938 -0.135879516601563 0.0423507690429687 0.0800094604492187
-0.0173797607421875 -0.176513671875 -0.0289726257324219 0.0620803833007812
0.088226318359375 -0.189529418945313 0.0156402587890625 -0.0331382751464844
0.122604370117187 -0.094970703125 0.041534423828125 -0.152755737304688
0.099395751953125 -0.123176574707031 0.0780029296875 -0.15203857421875
-0.00427246093749999 -0.169281005859375 0.035858154296875 -0.139739990234375
-0.087310791015625 -0.0967025756835937 -0.0167694091796875 -0.119369506835938
-0.117744445800781 -0.0116653442382812 -0.0381317138671875 -0.0729446411132813
-0.0760421752929687 0.0704574584960938 -0.01983642578125 -0.0383758544921875
-0.0216445922851563 0.0976333618164063 -0.00648117065429688 -0.0475006103515625
-0.0214996337890625 0.106842041015625 -0.00196075439453126 -0.07275390625
-0.001220703125 0.116386413574219 0.013519287109375 -0.0945892333984375
-0.0308761596679688 0.0997238159179688 0.0592498779296875 -0.0933074951171875
-0.0866622924804688 0.0772476196289063 0.0807647705078125 -0.05352783203125
-0.122970581054688 0.0077667236328125 0.0909957885742187 0.0154266357421875
-0.0867462158203125 -0.12567138671875 0.0488815307617187 0.0663909912109375
0.00979614257812498 -0.148956298828125 -0.0268707275390625 0.0302333831787109
0.095977783203125 -0.135719299316406 0.0462493896484375 -0.0785369873046875
0.0887908935546875 -0.016998291015625 0.0758209228515625 -0.1795654296875
0.0832595825195313 -0.0521621704101563 0.0903778076171875 -0.169677734375
0.0209503173828125 -0.0998153686523438 0.0485763549804687 -0.130966186523438
-0.0407791137695312 -0.064056396484375 0.00448608398437501 -0.11578369140625
-0.0692710876464844 -0.0140533447265625 -0.0145950317382813 -0.0796356201171875
-0.050140380859375 0.0439453125 -0.00610733032226563 -0.0627326965332031
-0.014739990234375 0.0632400512695313 -0.009033203125 -0.079803466796875
-0.014373779296875 0.0711822509765625 -0.00643157958984376 -0.100624084472656
-0.00388336181640625 0.0820465087890625 0.00992584228515625 -0.124549865722656
-0.024566650390625 0.0714492797851563 0.06414794921875 -0.118667602539062
-0.0673065185546875 0.0544509887695312 0.0924453735351563 -0.0682220458984375
-0.089813232421875 -0.00259399414062498 0.09991455078125 0.0043182373046875
-0.0482559204101563 -0.10235595703125 0.0543441772460938 0.0602645874023438
0.0362625122070313 -0.103935241699219 -0.0197219848632812 0.00691032409667968
0.0918502807617188 -0.0643157958984375 0.0773162841796875 -0.106010437011719
-0.0570106506347656 -0.0177955627441406 -0.0811996459960938 0.132232666015625
-0.0332527160644531 0.0434341430664063 0.0143833160400391 0.0180644989013672
0.0143089294433594 0.046295166015625 -0.0522308349609375 -0.0668716430664063
0.0425910949707031 0.0103797912597656 -0.125495910644531 -0.0166015625
0.0351276397705078 -0.0221080780029297 -0.117683410644531 0.0624313354492188
0.00714492797851562 -0.0362968444824219 -0.0731353759765625 0.131820678710938
-0.000593185424804687 -0.0238437652587891 -0.00279235839843751 0.145004272460938
0.0045928955078125 -0.0198593139648438 0.0128555297851563 0.119148254394531
0.00768280029296875 -0.0195140838623047 0.0179443359375 0.0969924926757813
0.0120229721069336 -0.00719642639160156 0.0059356689453125 0.0862808227539062
0.0110225677490234 0.0119218826293945 0.0115814208984375 0.0884323120117188
-0.00887107849121094 0.0334186553955078 -0.00220489501953124 0.115730285644531
-0.0450210571289063 0.00983428955078125 -0.05908203125 0.13751220703125
-0.0606269836425781 -0.0287017822265625 -0.080596923828125 0.177581787109375
-0.0571746826171875 -0.0583724975585938 -0.0941619873046875 0.192642211914063
-0.0231094360351562 -0.0953140258789063 -0.099090576171875 0.120674133300781
-0.0328617095947266 -0.0268001556396484 0.00745105743408203 0.0162668228149414
-0.0298595428466797 -0.00709724426269531 -0.0556488037109375 -0.0779190063476563
-0.0114421844482422 0.00171947479248047 -0.13311767578125 -0.0302200317382812
-0.0104360580444336 0.00184726715087891 -0.131004333496094 0.0535964965820312
-0.00996208190917969 0.00642299652099609 -0.0798110961914062 0.130096435546875
-0.000141143798828125 0.0236053466796875 -0.0035247802734375 0.143829345703125
-0.00323486328125 0.0297966003417969 0.0126419067382813 0.112556457519531
0.00127410888671875 0.0297698974609375 0.0219650268554688 0.092193603515625
-0.0143070220947266 0.0286102294921875 0.0163726806640625 0.0796432495117188
-0.0361824035644531 0.024810791015625 0.0220870971679687 0.0801239013671875
-0.0619735717773438 0.00984954833984374 0.0121002197265625 0.115020751953125
-0.0643730163574219 -0.0584640502929688 -0.039825439453125 0.137092590332031
-0.0438308715820312 -0.0975875854492187 -0.0651092529296875 0.173828125
-0.0116806030273437 -0.13372802734375 -0.0868072509765625 0.175323486328125
0.02392578125 -0.158645629882813 -0.103828430175781 0.084381103515625
-0.0150833129882812 -0.100776672363281 0.00512313842773437 -0.00319480895996094
-0.0672225952148438 -0.0754928588867188 -0.0530014038085938 -0.0974044799804688
-0.0695343017578125 -0.0193748474121094 -0.133148193359375 -0.0526580810546875
-0.06396484375 0.0186309814453125 -0.13787841796875 0.0331573486328125
-0.0334358215332031 0.0474929809570313 -0.0831146240234375 0.113113403320312
-0.00369644165039062 0.06866455078125 -0.0055694580078125 0.124900817871094
-0.0104751586914063 0.0756454467773438 0.0115509033203125 0.0896148681640625
-0.000740051269531248 0.0757827758789062 0.0255355834960937 0.0689201354980469
-0.0300483703613281 0.0643844604492188 0.0308303833007812 0.0574073791503906
-0.0714874267578125 0.0476760864257812 0.0400581359863281 0.06048583984375
-0.107452392578125 0.00464630126953123 0.0359115600585937 0.10601806640625
-0.094757080078125 -0.105133056640625 -0.0122528076171875 0.131507873535156
-0.0416717529296875 -0.150146484375 -0.04656982421875 0.158447265625
0.0238037109375 -0.19073486328125 -0.0658645629882812 0.138023376464844
0.0751190185546875 -0.194961547851563 -0.0881729125976562 0.0279693603515625
0.01873779296875 -0.161788940429688 0.0123710632324219 -0.0370979309082031
-0.0851593017578125 -0.146347045898437 -0.0414581298828125 -0.119331359863281
-0.117088317871094 -0.052886962890625 -0.121574401855469 -0.0788497924804687
-0.114715576171875 0.0226516723632813 -0.131393432617188 0.00330352783203125
-0.0597000122070313 0.077606201171875 -0.0784225463867188 0.0819091796875
-0.0103912353515625 0.102790832519531 -0.00739288330078125 0.090179443359375
-0.0165176391601563 0.110664367675781 0.00917434692382812 0.0531158447265625
0.000389099121093754 0.112068176269531 0.0265464782714844 0.0329189300537109
-0.0360183715820313 0.0952987670898438 0.0442352294921875 0.0223541259765625
-0.0916213989257813 0.0728073120117188 0.0557861328125 0.0322418212890625
-0.137580871582031 0.0126495361328125 0.0589981079101562 0.0858688354492188
-0.12188720703125 -0.127937316894531 0.0140609741210938 0.11785888671875
-0.0450897216796875 -0.1802978515625 -0.0324172973632813 0.132118225097656
0.048431396484375 -0.221908569335938 -0.0395431518554688 0.0843505859375
0.114303588867187 -0.196121215820312 -0.0536041259765625 -0.0390167236328125
0.058074951171875 -0.189910888671875 0.0294952392578125 -0.0808181762695313
-0.075225830078125 -0.197357177734375 -0.0188522338867188 -0.136688232421875
-0.138534545898437 -0.0860366821289063 -0.0927886962890625 -0.102432250976563
-0.145828247070313 0.0145416259765625 -0.10858154296875 -0.0303497314453125
-0.0798416137695313 0.092254638671875 -0.0640487670898438 0.0399742126464844
-0.0177078247070313 0.120063781738281 -0.00809478759765626 0.0449066162109375
-0.0209884643554687 0.129081726074219 0.00563430786132812 0.00965595245361329
0.00261688232421876 0.131935119628906 0.0231246948242188 -0.0107383728027344
-0.0348129272460938 0.1131591796875 0.0511093139648438 -0.0186424255371094
-0.098480224609375 0.0896530151367188 0.0659408569335938 -0.000442504882812495
-0.148269653320313 0.020538330078125 0.0741424560546875 0.0593719482421875
-0.130325317382813 -0.134651184082031 0.032684326171875 0.0988845825195312
-0.040283203125 -0.1871337890625 -0.027862548828125 0.0987396240234375
0.06768798828125 -0.22210693359375 -0.0123119354248047 0.0246162414550781
0.13104248046875 -0.161163330078125 -0.00586700439453125 -0.102943420410156
0.087921142578125 -0.17626953125 0.0539169311523438 -0.122077941894531
-0.0442352294921875 -0.2069091796875 0.00953674316406251 -0.143402099609375
-0.126304626464844 -0.103775024414063 -0.0546417236328125 -0.115997314453125
-0.146820068359375 0.00125122070312497 -0.0742263793945313 -0.05670166015625
-0.0860671997070313 0.089447021484375 -0.0424880981445313 -0.002655029296875
-0.0199813842773437 0.117843627929688 -0.00819826126098633 -0.00439834594726562
-0.0204238891601562 0.128311157226563 0.000934600830078124 -0.0338516235351562
0.00370788574218751 0.133468627929688 0.0166397094726562 -0.0555610656738281
-0.0320358276367187 0.114494323730469 0.0539779663085937 -0.0597610473632812
-0.0949935913085938 0.0922393798828125 0.0727081298828125 -0.0311431884765625
-0.142471313476563 0.020172119140625 0.0846939086914063 0.0335311889648438
-0.119163513183594 -0.132339477539063 0.0437850952148438 0.079986572265625
-0.022064208984375 -0.176010131835937 -0.0276451110839844 0.0638275146484375
0.0827178955078125 -0.192474365234375 0.0145664215087891 -0.0322456359863281
0.120765686035156 -0.0983428955078125 0.0401611328125 -0.152862548828125
0.0957794189453125 -0.126274108886719 0.076507568359375 -0.15338134765625
-0.00956726074218749 -0.16900634765625 0.0344467163085938 -0.139793395996094
-0.0897369384765625 -0.0942916870117188 -0.0197525024414063 -0.118873596191406
-0.11865234375 -0.00778961181640624 -0.039337158203125 -0.0728225708007813
-0.0738372802734375 0.0729141235351563 -0.0207748413085938 -0.0400047302246094
-0.0184249877929687 0.0977249145507813 -0.00877761840820313 -0.0485458374023438
-0.0176467895507812 0.108291625976563 -0.0054168701171875 -0.0723876953125
0.00205230712890624 0.116539001464844 0.00999450683593749 -0.0951614379882812
-0.0280838012695313 0.0995712280273438 0.0561599731445312 -0.0957489013671875
-0.0839767456054688 0.0797348022460938 0.0804367065429688 -0.0549087524414062
-0.122451782226562 0.0111618041992187 0.0918426513671875 0.0139083862304687
-0.0910415649414063 -0.122467041015625 0.0501556396484375 0.0657386779785156
0.0053558349609375 -0.1492919921875 -0.0268039703369141 0.0324077606201172
0.0918960571289063 -0.138717651367188 0.0434646606445313 -0.078460693359375
0.0887298583984375 -0.01861572265625 0.073333740234375 -0.180328369140625
0.0811767578125 -0.0540237426757813 0.087432861328125 -0.170486450195313
0.018157958984375 -0.100204467773438 0.047149658203125 -0.132438659667969
-0.0417366027832031 -0.0630149841308594 0.00203704833984375 -0.116806030273437
-0.0693511962890625 -0.0118637084960937 -0.0162429809570313 -0.0802536010742187
-0.0490493774414063 0.0451393127441406 -0.00744247436523438 -0.0647392272949219
-0.0122947692871094 0.0629653930664063 -0.01202392578125 -0.0804595947265625
-0.011871337890625 0.0717315673828125 -0.0107650756835937 -0.0996856689453125
-0.000274658203124995 0.081939697265625 0.00520324707031249 -0.125213623046875
-0.022491455078125 0.0713348388671875 0.0602188110351562 -0.121864318847656
-0.0650367736816406 0.0554389953613281 0.0908203125 -0.0698318481445313
-0.089111328125 7.6293945312504E-05 0.100334167480469 0.0027313232421875
-0.05194091796875 -0.100151062011719 0.0549774169921875 0.0598106384277344
0.0326919555664063 -0.105003356933594 -0.0207271575927734 0.00835227966308593
0.089935302734375 -0.0662765502929687 0.0745315551757813 -0.106582641601563
-0.0560111999511719 -0.0157699584960937 -0.073699951171875 0.133193969726563
-0.0306663513183594 0.0444564819335938 0.0164060592651367 0.0160684585571289
0.0162239074707031 0.044708251953125 -0.0540580749511719 -0.0647048950195312
0.0419120788574219 0.00745773315429688 -0.124870300292969 -0.0115280151367188
0.0331840515136719 -0.0239639282226562 -0.114830017089844 0.0667343139648437
0.00498580932617188 -0.0355224609375 -0.0671005249023438 0.134437561035156
-0.00159645080566406 -0.0226402282714844 0.00497436523437501 0.144546508789062
0.00371360778808594 -0.0194034576416016 0.0194854736328125 0.117301940917969
0.00629997253417969 -0.0190467834472656 0.0233383178710938 0.0952377319335938
0.0105257034301758 -0.00716400146484375 0.010040283203125 0.0862045288085938
0.0105075836181641 0.011754035949707 0.01519775390625 0.0878677368164063
-0.0079193115234375 0.0327224731445313 0.00264739990234376 0.1143798828125
-0.0433158874511719 0.0109443664550781 -0.0532455444335938 0.137611389160156
-0.0609550476074219 -0.025970458984375 -0.0733795166015625 0.178054809570313
-0.0582237243652344 -0.0548896789550781 -0.0860595703125 0.193801879882812
-0.024932861328125 -0.0937652587890625 -0.092193603515625 0.122230529785156
-0.0335464477539063 -0.0255184173583984 0.0096750259399414 0.0150775909423828
-0.0301361083984375 -0.00584220886230468 -0.0570297241210938 -0.075469970703125
-0.0119457244873047 0.00159835815429688 -0.132652282714844 -0.0251617431640625
-0.0111169815063477 0.00227069854736328 -0.128242492675781 0.05804443359375
-0.00975131988525391 0.007659912109375 -0.0738449096679687 0.1322021484375
0.000957489013671878 0.0241470336914063 0.00352478027343748 0.142318725585937
-0.00157356262207031 0.030487060546875 0.019500732421875 0.111343383789063
0.00261688232421875 0.0302562713623047 0.027130126953125 0.09039306640625
-0.0135383605957031 0.0288333892822266 0.0200424194335938 0.0789108276367188
-0.0356674194335938 0.0264930725097656 0.0257339477539062 0.079193115234375
-0.060882568359375 0.0121650695800781 0.0172195434570313 0.113838195800781
-0.06622314453125 -0.0561599731445313 -0.0345001220703125 0.136512756347656
-0.0474472045898438 -0.0951156616210938 -0.0576171875 0.173614501953125
-0.01629638671875 -0.131027221679688 -0.0791473388671875 0.176666259765625
0.0186920166015625 -0.1583251953125 -0.097137451171875 0.0867691040039062
-0.0185394287109375 -0.0998458862304688 0.00723505020141601 -0.00359773635864258
-0.0702972412109375 -0.0719070434570313 -0.0553359985351563 -0.0939407348632813
-0.0696678161621094 -0.0171737670898437 -0.134368896484375 -0.0467987060546875
-0.0631103515625 0.021728515625 -0.136344909667969 0.0375442504882813
-0.0312309265136719 0.0483055114746094 -0.0778579711914063 0.114990234375
-0.000942230224609378 0.0680580139160156 0.000358581542968751 0.123527526855469
-0.00637817382812501 0.0769577026367188 0.0164642333984375 0.0885543823242188
0.00305938720703125 0.0756912231445313 0.0289192199707031 0.0680389404296875
-0.0273056030273438 0.0653076171875 0.0335731506347656 0.0556297302246094
-0.0697097778320313 0.0501289367675781 0.0426712036132812 0.0592155456542969
-0.106460571289063 0.00884246826171873 0.0412979125976563 0.103485107421875
-0.0992584228515625 -0.1007080078125 -0.00695037841796876 0.1307373046875
-0.04742431640625 -0.147674560546875 -0.0392913818359375 0.158462524414063
0.01531982421875 -0.190093994140625 -0.0599899291992187 0.138801574707031
0.0667572021484375 -0.196441650390625 -0.0836563110351563 0.0306854248046875
0.0113067626953125 -0.161468505859375 0.0131874084472656 -0.0376853942871094
-0.0911407470703125 -0.141647338867188 -0.0438156127929688 -0.115699768066406
-0.118682861328125 -0.047454833984375 -0.123008728027344 -0.0736465454101563
-0.1131591796875 0.0280227661132812 -0.130683898925781 0.00753784179687501
-0.055999755859375 0.0798416137695313 -0.074462890625 0.08380126953125
-0.00598907470703124 0.102455139160156 -0.0028839111328125 0.088592529296875
-0.0104522705078125 0.111885070800781 0.0115776062011719 0.0524711608886719
0.00573730468749999 0.111297607421875 0.0277786254882813 0.0313911437988281
-0.0317153930664063 0.0953521728515625 0.0446891784667969 0.0200462341308594
-0.0879898071289063 0.0758590698242188 0.0569496154785156 0.0300445556640625
-0.136329650878906 0.0181732177734375 0.0637588500976563 0.0832595825195313
-0.126983642578125 -0.12213134765625 0.01849365234375 0.116737365722656
-0.052215576171875 -0.1766357421875 -0.0268783569335937 0.132217407226563
0.03802490234375 -0.222244262695313 -0.035675048828125 0.0856552124023438
0.1055908203125 -0.199508666992188 -0.0515594482421875 -0.0361557006835938
0.049774169921875 -0.1912841796875 0.02813720703125 -0.0810089111328125
-0.0841064453125 -0.192184448242188 -0.0220489501953125 -0.133354187011719
-0.140823364257813 -0.079620361328125 -0.0959396362304687 -0.097869873046875
-0.14410400390625 0.0208740234375 -0.109046936035156 -0.0259475708007812
-0.0753402709960938 0.0948944091796875 -0.0618743896484375 0.0408477783203125
-0.0122299194335937 0.119384765625 -0.00590896606445313 0.0435791015625
-0.0132980346679687 0.130157470703125 0.00580406188964844 0.00963211059570313
0.00912475585937501 0.130462646484375 0.0218887329101562 -0.0114326477050781
-0.0302047729492187 0.112617492675781 0.0495338439941406 -0.0208473205566406
-0.0927963256835938 0.0929641723632813 0.0657691955566406 -0.00255584716796874
-0.146408081054688 0.0263519287109375 0.0784683227539063 0.0561904907226563
-0.136375427246094 -0.127593994140625 0.03594970703125 0.0975723266601562
-0.04742431640625 -0.183624267578125 -0.0237350463867187 0.0991439819335937
0.0561370849609375 -0.222640991210937 -0.0114059448242187 0.0255355834960937
0.124191284179688 -0.165069580078125 -0.00775909423828125 -0.1015625
0.079376220703125 -0.178634643554687 0.0504989624023438 -0.122398376464844
-0.0536651611328125 -0.202163696289062 0.00531005859374998 -0.141281127929688
-0.129646301269531 -0.0966720581054687 -0.0585250854492187 -0.112403869628906
-0.145904541015625 0.0084991455078125 -0.0756149291992188 -0.0539474487304688
-0.0810165405273438 0.09228515625 -0.0423011779785156 -0.00293350219726561
-0.0145797729492188 0.116867065429688 -0.00854921340942383 -0.00461626052856445
-0.0132522583007813 0.128684997558594 -0.00172996520996094 -0.0336818695068359
0.01025390625 0.131980895996094 0.0132827758789062 -0.0550117492675781
-0.02655029296875 0.11431884765625 0.0500717163085938 -0.0624504089355469
-0.0895614624023438 0.0949859619140625 0.0715179443359375 -0.0330352783203125
-0.139930725097656 0.0262451171875 0.086761474609375 0.030029296875
-0.125350952148438 -0.125907897949219 0.0458526611328125 0.0778732299804687
-0.0298614501953125 -0.173309326171875 -0.0253677368164063 0.0650482177734375
0.07208251953125 -0.194320678710938 0.0126743316650391 -0.0320377349853516
0.115875244140625 -0.102272033691406 0.0359344482421875 -0.152297973632812
0.0887832641601563 -0.129264831542969 0.0712738037109375 -0.153640747070313
-0.0177459716796875 -0.166610717773438 0.03009033203125 -0.139144897460938
-0.0926055908203125 -0.0896682739257813 -0.0236358642578125 -0.117073059082031
-0.117706298828125 -0.00211334228515625 -0.0417709350585938 -0.071441650390625
-0.069580078125 0.0750503540039063 -0.0228729248046875 -0.0405044555664063
-0.0136184692382812 0.09649658203125 -0.0117263793945313 -0.0486106872558594
-0.0112380981445313 0.108070373535156 -0.00950622558593751 -0.0715866088867188
0.00890350341796874 0.114143371582031 0.00414276123046875 -0.0943145751953125
-0.0230865478515625 0.0995941162109375 0.05084228515625 -0.0976333618164062
-0.0788345336914063 0.0821075439453125 0.0781173706054688 -0.0572280883789062
-0.119705200195313 0.0164718627929688 0.0929183959960937 0.0107955932617188
-0.0960311889648438 -0.116432189941406 0.05169677734375 0.0643692016601562
-0.00173950195312499 -0.147659301757813 -0.0261516571044922 0.0339775085449219
0.08392333984375 -0.141159057617188 0.0397262573242188 -0.0786361694335938
0.0867919921875 -0.0226211547851563 0.0673828125 -0.180816650390625
0.0772628784179688 -0.0566482543945313 0.0811767578125 -0.171890258789063
0.012176513671875 -0.0990142822265625 0.0426712036132813 -0.132522583007813
-0.04443359375 -0.0609321594238281 -0.0023345947265625 -0.115608215332031
-0.0691452026367188 -0.00767517089843749 -0.0188369750976563 -0.0799713134765625
-0.0454139709472656 0.0470123291015625 -0.0106925964355469 -0.0660514831542969
-0.00909805297851563 0.0617103576660156 -0.0162200927734375 -0.0799026489257813
-0.00773620605468751 0.0718231201171875 -0.0166778564453125 -0.0979232788085938
0.00432586669921876 0.0808181762695313 -0.0019378662109375 -0.124427795410156
-0.0190658569335938 0.071044921875 0.0534744262695313 -0.123191833496094
-0.0608024597167969 0.0571365356445313 0.08795166015625 -0.0720062255859375
-0.0868911743164063 0.00409698486328126 0.100143432617188 -0.000457763671875
-0.0563583374023438 -0.09600830078125 0.0561676025390625 0.0570907592773437
0.0272293090820313 -0.105239868164063 -0.0207042694091797 0.0110206604003906
0.0852127075195312 -0.0690460205078125 0.0690155029296875 -0.1072998046875
-0.0544166564941406 -0.0138130187988281 -0.0654220581054688 0.131294250488281
-0.0273818969726563 0.0438919067382813 0.0172328948974609 0.0141401290893555
0.017669677734375 0.0425071716308594 -0.0541000366210937 -0.0615386962890625
0.04034423828125 0.00446701049804688 -0.121406555175781 -0.00727081298828125
0.0300521850585937 -0.02435302734375 -0.109397888183594 0.06854248046875
0.00335311889648438 -0.03326416015625 -0.05926513671875 0.133094787597656
-0.00187110900878906 -0.0205879211425781 0.0115509033203125 0.1400146484375
0.00287437438964844 -0.0185813903808594 0.0255203247070313 0.112640380859375
0.00464439392089844 -0.0180835723876953 0.0272750854492188 0.0912933349609375
0.00946426391601563 -0.00663852691650391 0.0133743286132813 0.0846786499023438
0.00989913940429687 0.0108461380004883 0.018310546875 0.0853424072265625
-0.00602912902832032 0.0316925048828125 0.00659179687499999 0.110649108886719
-0.0416412353515625 0.0111236572265625 -0.0471420288085938 0.134376525878906
-0.0598106384277344 -0.0225677490234375 -0.065032958984375 0.17449951171875
-0.0574188232421875 -0.0499191284179687 -0.076263427734375 0.190048217773438
-0.0279388427734375 -0.0899658203125 -0.08294677734375 0.120620727539063
-0.0328578948974609 -0.0238552093505859 0.0118780136108398 0.0133152008056641
-0.0294761657714844 -0.00490760803222657 -0.0571060180664062 -0.0714569091796875
-0.0120248794555664 0.00105094909667969 -0.129219055175781 -0.0195388793945313
-0.0111942291259766 0.00289440155029297 -0.123016357421875 0.0610504150390625
-0.00984001159667969 0.00811958312988281 -0.0669784545898438 0.131813049316406
0.00209808349609375 0.023834228515625 0.0109786987304688 0.137847900390625
1.33514404296864E-05 0.0304183959960938 0.0250015258789062 0.107391357421875
0.00358200073242188 0.0293922424316406 0.0310592651367188 0.086639404296875
-0.0127906799316406 0.0288467407226563 0.02288818359375 0.0763015747070313
-0.0344562530517578 0.0269355773925781 0.0281524658203125 0.0767898559570313
-0.0589065551757813 0.0134658813476563 0.0220413208007812 0.109375
-0.0670356750488281 -0.0525321960449219 -0.0285491943359375 0.133064270019531
-0.0490798950195312 -0.0908737182617188 -0.0499114990234375 0.16973876953125
-0.0205078125 -0.125968933105469 -0.0703887939453125 0.17291259765625
0.0126190185546875 -0.155426025390625 -0.088897705078125 0.0866241455078125
-0.0219955444335937 -0.09661865234375 0.0088663101196289 -0.00447559356689454
-0.071563720703125 -0.0671005249023437 -0.05572509765625 -0.0889358520507813
-0.0682754516601563 -0.0145721435546875 -0.1317138671875 -0.0406341552734375
-0.0605049133300781 0.0237007141113281 -0.13104248046875 0.041656494140625
-0.0289077758789062 0.0481796264648438 -0.0712661743164063 0.114715576171875
0.0023040771484375 0.0661964416503906 0.00641632080078125 0.119384765625
-0.00217437744140625 0.0756988525390625 0.0210113525390625 0.0850143432617188
0.00618743896484376 0.073516845703125 0.0321197509765625 0.0643501281738281
-0.0247077941894531 0.0645790100097656 0.0352783203125 0.0527534484863281
-0.0659523010253906 0.0513458251953125 0.0438385009765625 0.0566673278808594
-0.103256225585938 0.0130462646484375 0.045257568359375 0.0992050170898438
-0.100624084472656 -0.0943450927734375 -0.00286865234375002 0.127311706542969
-0.051239013671875 -0.141433715820313 -0.0326690673828125 0.154495239257813
0.0075225830078125 -0.184478759765625 -0.0524368286132813 0.136505126953125
0.0579376220703125 -0.193756103515625 -0.0776901245117188 0.0324478149414062
0.00469970703124999 -0.15771484375 0.0135955810546875 -0.037353515625
-0.0947036743164063 -0.133201599121094 -0.0451736450195313 -0.110214233398438
-0.116714477539063 -0.0423583984375 -0.121818542480469 -0.0666351318359375
-0.10845947265625 0.0323104858398437 -0.127601623535156 0.0115432739257813
-0.05126953125 0.0795822143554688 -0.0692520141601563 0.0835113525390625
-0.00140380859374999 0.0985641479492188 0.000923156738281246 0.0855789184570313
-0.00447082519531251 0.109634399414063 0.0142555236816406 0.0510635375976563
0.0109100341796875 0.107879638671875 0.0293388366699219 0.0291900634765625
-0.0271530151367188 0.09405517578125 0.0433502197265625 0.0175704956054688
-0.082733154296875 0.0776824951171875 0.0571212768554688 0.0278663635253906
-0.131698608398438 0.023651123046875 0.0666122436523437 0.0786895751953125
-0.129173278808594 -0.113258361816406 0.0216293334960937 0.112991333007813
-0.057647705078125 -0.169677734375 -0.0217437744140625 0.129364013671875
0.0280303955078125 -0.216629028320313 -0.0313186645507813 0.0847702026367187
0.0944976806640625 -0.197662353515625 -0.0487861633300781 -0.0335311889648438
0.0400390625 -0.187362670898437 0.02685546875 -0.07958984375
-0.0902252197265625 -0.18267822265625 -0.0242843627929688 -0.128105163574219
-0.139984130859375 -0.0719451904296875 -0.0955429077148437 -0.0912246704101563
-0.1387939453125 0.0269546508789063 -0.10723876953125 -0.0217514038085938
-0.0690994262695313 0.0947341918945313 -0.0591964721679688 0.0408973693847656
-0.00669097900390625 0.115501403808594 -0.00442886352539062 0.0413589477539063
-0.00614166259765625 0.127853393554688 0.00569820404052734 0.00940418243408204
0.0154342651367188 0.126113891601563 0.020965576171875 -0.0115375518798828
-0.024627685546875 0.109962463378906 0.0472640991210938 -0.0229568481445312
-0.0867385864257813 0.0938262939453125 0.0647850036621094 -0.00438690185546874
-0.140701293945313 0.031890869140625 0.080108642578125 0.0520477294921875
-0.138671875 -0.117988586425781 0.0381088256835937 0.093475341796875
-0.0535888671875 -0.176895141601563 -0.0191726684570313 0.097900390625
0.045379638671875 -0.218719482421875 -0.00985527038574218 0.026214599609375
0.114028930664062 -0.1654052734375 -0.00894927978515624 -0.0981826782226563
0.06915283203125 -0.1768798828125 0.0466537475585938 -0.119827270507813
-0.0612335205078125 -0.193572998046875 0.00189971923828125 -0.136474609375
-0.129302978515625 -0.08917236328125 -0.0604705810546875 -0.106727600097656
-0.140838623046875 0.0150909423828125 -0.0755233764648438 -0.0498275756835938
-0.07452392578125 0.0930709838867188 -0.0421257019042969 -0.00289535522460937
-0.00928497314453124 0.113471984863281 -0.00889492034912109 -0.00526332855224609
-0.0065155029296875 0.125999450683594 -0.00358200073242188 -0.0321521759033203
0.0163040161132813 0.126998901367188 0.0102043151855469 -0.0536613464355469
-0.0207901000976563 0.111167907714844 0.0454978942871094 -0.062896728515625
-0.0821609497070313 0.0954055786132813 0.0692787170410156 -0.034423828125
-0.134132385253906 0.0308837890625 0.08697509765625 0.0262069702148438
-0.127395629882812 -0.115653991699219 0.047210693359375 0.0751724243164062
-0.036590576171875 -0.167037963867188 -0.0221748352050781 0.0651817321777344
0.062042236328125 -0.191177368164063 0.0112953186035156 -0.0301952362060547
0.108772277832031 -0.10430908203125 0.031463623046875 -0.149154663085938
0.0803298950195312 -0.128997802734375 0.06488037109375 -0.151077270507813
-0.0250091552734375 -0.159408569335937 0.0250701904296875 -0.135398864746094
-0.092926025390625 -0.0834884643554688 -0.0267333984375 -0.112312316894531
-0.113983154296875 0.00324249267578127 -0.0435562133789063 -0.0687484741210938
-0.0643386840820313 0.0760116577148438 -0.0239143371582031 -0.0402374267578125
-0.00911712646484374 0.093536376953125 -0.0138130187988281 -0.047637939453125
-0.00572967529296875 0.105865478515625 -0.0129470825195313 -0.0681648254394531
0.0143051147460938 0.109779357910156 -0.000473022460937502 -0.0914993286132813
-0.0187759399414063 0.09600830078125 0.0439834594726562 -0.0971908569335938
-0.0725173950195312 0.0820541381835938 0.073883056640625 -0.0578765869140625
-0.114410400390625 0.0211029052734375 0.0916519165039062 0.006866455078125
-0.0990829467773438 -0.107902526855469 0.0520172119140625 0.0603599548339844
-0.0075531005859375 -0.14312744140625 -0.0241813659667969 0.0356597900390625
0.074981689453125 -0.140060424804688 0.0349807739257813 -0.0767440795898438
0.08331298828125 -0.025909423828125 0.0599212646484375 -0.176986694335938
0.0720062255859375 -0.0578536987304687 0.0732879638671875 -0.1689453125
0.00641632080078125 -0.0960922241210938 0.03753662109375 -0.129981994628906
-0.0451393127441406 -0.0572090148925781 -0.00601196289062501 -0.1116943359375
-0.0666313171386719 -0.00397109985351563 -0.0213623046875 -0.0776824951171875
-0.0417137145996094 0.0473480224609375 -0.0136909484863281 -0.0653839111328125
-0.00597763061523438 0.0589141845703125 -0.0198593139648438 -0.0772628784179687
-0.00355911254882813 0.0699310302734375 -0.0214614868164063 -0.0939178466796875
0.00771331787109375 0.0772933959960937 -0.00821685791015626 -0.119682312011719
-0.0152549743652344 0.06878662109375 0.0450973510742187 -0.121475219726562
-0.0556259155273438 0.0567817687988281 0.0835189819335937 -0.0732269287109375
-0.0834274291992187 0.00703430175781251 0.0978317260742188 -0.0037078857421875
-0.0591964721679688 -0.0898590087890625 0.0561180114746094 0.0542564392089844
0.0215072631835938 -0.102424621582031 -0.0205192565917969 0.0133190155029297
0.0792770385742188 -0.070159912109375 0.0627212524414063 -0.10491943359375
-0.0520820617675781 -0.0127143859863281 -0.0600814819335937 0.126136779785156
-0.0251426696777344 0.0425033569335938 0.0179691314697266 0.0125236511230469
0.018280029296875 0.0401649475097656 -0.0527839660644531 -0.0584640502929688
0.0378227233886719 0.00337600708007813 -0.116317749023438 -0.00521850585937499
0.0277805328369141 -0.0241184234619141 -0.104705810546875 0.06805419921875
0.00218772888183594 -0.0314826965332031 -0.0550308227539063 0.129806518554688
-0.00240325927734375 -0.0193462371826172 0.015411376953125 0.134124755859375
0.00277614593505859 -0.0169601440429688 0.0281219482421875 0.107437133789063
0.00419235229492187 -0.0171022415161133 0.0292739868164063 0.0867691040039063
0.00766372680664063 -0.0061039924621582 0.0153732299804687 0.0823898315429688
0.00909614562988281 0.0100650787353516 0.0192642211914062 0.0825958251953125
-0.00518608093261719 0.0295085906982422 0.00818634033203126 0.105781555175781
-0.0397720336914062 0.0107307434082031 -0.0444259643554687 0.129478454589844
-0.0577392578125 -0.0201873779296875 -0.0598602294921875 0.167282104492188
-0.055023193359375 -0.0463180541992188 -0.07177734375 0.18328857421875
-0.0271759033203125 -0.0862579345703125 -0.0766754150390625 0.116264343261719
-0.0316925048828125 -0.0223865509033203 0.0130786895751953 0.0116090774536133
-0.0284328460693359 -0.00456428527832031 -0.0549354553222656 -0.0682830810546875
-0.0121049880981445 0.000688552856445314 -0.124626159667969 -0.0171661376953125
-0.0113973617553711 0.00298023223876953 -0.1182861328125 0.0607223510742188
-0.00922298431396485 0.00838470458984375 -0.06170654296875 0.128204345703125
0.00253486633300781 0.0235462188720703 0.0139999389648437 0.131744384765625
0.00131607055664063 0.0298957824707031 0.0274200439453125 0.102157592773437
0.00383758544921875 0.0286235809326172 0.032928466796875 0.0822219848632813
-0.0126285552978516 0.0285930633544922 0.0242691040039063 0.073486328125
-0.0330562591552734 0.0267677307128906 0.0292129516601562 0.0739669799804688
-0.0561485290527344 0.0136947631835937 0.0235137939453125 0.104881286621094
-0.0654678344726563 -0.0500640869140625 -0.026214599609375 0.128273010253906
-0.048309326171875 -0.0860366821289063 -0.044921875 0.16290283203125
-0.0211563110351562 -0.120223999023438 -0.0653076171875 0.167160034179688
0.00907897949218749 -0.149337768554687 -0.082427978515625 0.0838623046875
-0.023529052734375 -0.092376708984375 0.0106573104858398 -0.00582313537597657
-0.0703277587890625 -0.0627899169921875 -0.0534896850585938 -0.0848007202148438
-0.066802978515625 -0.0134468078613281 -0.126533508300781 -0.0368804931640625
-0.0578422546386719 0.0247688293457031 -0.126441955566406 0.0422210693359375
-0.0268287658691406 0.0472030639648437 -0.0666961669921875 0.11212158203125
0.00368881225585938 0.0637283325195313 0.00885772705078126 0.113929748535156
0.000526428222656251 0.0734405517578125 0.02301025390625 0.0810699462890625
0.0074462890625 0.0712814331054688 0.0334243774414063 0.0611457824707031
-0.0227470397949219 0.06304931640625 0.0353240966796875 0.0508537292480469
-0.0631752014160156 0.0510482788085938 0.0438003540039062 0.05419921875
-0.0990676879882813 0.0147857666015625 0.0467147827148438 0.0946807861328125
-0.099090576171875 -0.0889358520507813 -0.00134277343750001 0.122207641601563
-0.0516433715820313 -0.134963989257813 -0.0283355712890625 0.148773193359375
0.00381469726562502 -0.176910400390625 -0.0488433837890625 0.131874084472656
0.05218505859375 -0.187484741210937 -0.0716476440429688 0.0315322875976562
0.00137329101562499 -0.15191650390625 0.01483154296875 -0.0375747680664063
-0.0942230224609375 -0.126075744628906 -0.0439453125 -0.105255126953125
-0.113136291503906 -0.0391998291015625 -0.117340087890625 -0.0622482299804687
-0.103263854980469 0.033447265625 -0.1234130859375 0.0133590698242188
-0.04736328125 0.0777740478515625 -0.0657196044921875 0.0810012817382812
0.000732421874999995 0.095001220703125 0.00289154052734374 0.0812530517578125
-0.00034332275390626 0.106704711914063 0.0155029296875 0.0482597351074219
0.0137100219726563 0.103523254394531 0.0294971466064453 0.0280590057373047
-0.0247650146484375 0.0905380249023438 0.0427894592285156 0.0160980224609375
-0.07830810546875 0.07623291015625 0.0560340881347656 0.0261611938476563
-0.126190185546875 0.025726318359375 0.0671615600585937 0.0739593505859375
-0.127182006835937 -0.105606079101563 0.022552490234375 0.109054565429687
-0.058258056640625 -0.162109375 -0.0186538696289063 0.124969482421875
0.0228118896484375 -0.208663940429688 -0.0289154052734375 0.0815582275390625
0.0880584716796875 -0.192535400390625 -0.045501708984375 -0.0322837829589844
0.0348663330078125 -0.181564331054688 0.02703857421875 -0.0775680541992188
-0.091400146484375 -0.1732177734375 -0.0237045288085938 -0.122093200683594
-0.135704040527344 -0.0668563842773438 -0.0926971435546875 -0.085723876953125
-0.133201599121094 0.0293045043945312 -0.104560852050781 -0.0198516845703125
-0.0647964477539063 0.0927581787109375 -0.05615234375 0.0403671264648438
-0.0040435791015625 0.111099243164063 -0.00336837768554688 0.0389747619628906
-0.00215911865234375 0.123359680175781 0.00647544860839844 0.00896263122558594
0.0183181762695313 0.120704650878906 0.0199222564697266 -0.0115032196044922
-0.021697998046875 0.105781555175781 0.0445976257324219 -0.0231590270996094
-0.0812835693359375 0.0915145874023437 0.0628013610839844 -0.00472640991210937
-0.134574890136719 0.0337753295898438 0.0795211791992187 0.048187255859375
-0.136398315429687 -0.109977722167969 0.0382156372070312 0.0896224975585938
-0.0552978515625 -0.168869018554687 -0.0171585083007812 0.0952987670898438
0.03887939453125 -0.210769653320313 -0.00948143005371093 0.0254096984863281
0.107421875 -0.161392211914063 -0.00749206542968748 -0.0941696166992188
0.063140869140625 -0.171234130859375 0.0446090698242187 -0.116844177246094
-0.063873291015625 -0.183395385742188 0.00101470947265626 -0.13043212890625
-0.125801086425781 -0.0833740234375 -0.058990478515625 -0.101234436035156
-0.134857177734375 0.0175247192382813 -0.0741195678710938 -0.0473403930664063
-0.0694427490234375 0.0903472900390625 -0.0403099060058594 -0.00274658203125
-0.00714111328125001 0.108123779296875 -0.00893783569335938 -0.00659179687499999
-0.00186157226562501 0.12103271484375 -0.00427436828613281 -0.0305271148681641
0.01971435546875 0.121170043945312 0.00904083251953125 -0.0517578125
-0.017852783203125 0.105926513671875 0.0418167114257813 -0.0614509582519531
-0.0765380859375 0.092620849609375 0.06640625 -0.0340194702148437
-0.127464294433594 0.0323028564453125 0.0851593017578125 0.0244903564453125
-0.125442504882813 -0.108062744140625 0.0455169677734375 0.0715560913085938
-0.038482666015625 -0.159912109375 -0.0203361511230469 0.0639305114746094
0.05517578125 -0.1845703125 0.0103111267089844 -0.0286865234375
0.102851867675781 -0.1029052734375 0.0294647216796875 -0.143325805664063
0.0746002197265625 -0.12530517578125 0.06182861328125 -0.146316528320312
-0.0285491943359375 -0.152130126953125 0.0237197875976562 -0.129631042480469
-0.0909194946289062 -0.0779800415039063 -0.0268096923828125 -0.106735229492187
-0.108604431152344 0.00659942626953124 -0.0432243347167969 -0.06573486328125
-0.0598831176757813 0.0738067626953125 -0.0247077941894531 -0.0395660400390625
-0.00682830810546874 0.0889358520507813 -0.0147743225097656 -0.04620361328125
-0.00129699707031249 0.101493835449219 -0.0145645141601563 -0.0645713806152344
0.016571044921875 0.104782104492188 -0.00290679931640625 -0.0873336791992188
-0.0155105590820312 0.09234619140625 0.0395355224609375 -0.094146728515625
-0.067352294921875 0.0795974731445313 0.0712356567382813 -0.0570220947265625
-0.108444213867188 0.0222702026367187 0.0896072387695312 0.0056610107421875
-0.0973892211914063 -0.100738525390625 0.0503921508789062 0.0578880310058594
-0.0107498168945313 -0.136573791503906 -0.0226325988769531 0.0360565185546875
0.0691909790039063 -0.135124206542969 0.0321807861328125 -0.0729141235351563
0.0794677734375 -0.0273818969726563 0.0564727783203125 -0.171615600585938
0.068084716796875 -0.0568733215332031 0.068206787109375 -0.16265869140625
0.00337982177734374 -0.091278076171875 0.035064697265625 -0.125457763671875
-0.0449180603027344 -0.0534248352050781 -0.00777435302734375 -0.107254028320313
-0.0635643005371094 -0.00179290771484375 -0.0215682983398438 -0.074859619140625
-0.0389823913574219 0.0456657409667969 -0.0148582458496094 -0.0642547607421875
-0.00436019897460938 0.0559959411621094 -0.0215225219726562 -0.0746002197265625
-0.00121688842773437 0.0669364929199219 -0.0230560302734375 -0.08856201171875
0.01043701171875 0.0733413696289063 -0.0118865966796875 -0.114227294921875
-0.0129508972167969 0.0654716491699219 0.0402069091796875 -0.117408752441406
-0.0517768859863281 0.0556678771972656 0.0790634155273438 -0.071502685546875
-0.0789108276367187 0.00839233398437499 0.0944671630859375 -0.00493621826171875
-0.0592193603515625 -0.083831787109375 0.0541801452636719 0.0513801574707031
0.0181121826171875 -0.0983047485351563 -0.0196933746337891 0.0144882202148437
0.0742340087890625 -0.0687332153320313 0.058441162109375 -0.100845336914063
-0.0502777099609375 -0.0121879577636719 -0.0588455200195312 0.12188720703125
-0.0235328674316406 0.0411949157714844 0.0178775787353516 0.0116004943847656
0.0179481506347656 0.0386238098144531 -0.0505523681640625 -0.0583229064941406
0.0352859497070313 0.00279998779296875 -0.112907409667969 -0.00603485107421874
0.0265941619873047 -0.0232963562011719 -0.102363586425781 0.06591796875
0.00184059143066406 -0.0297260284423828 -0.0529861450195312 0.126678466796875
-0.0023193359375 -0.0181655883789062 0.0159759521484375 0.130577087402344
0.00262928009033203 -0.0165901184082031 0.02899169921875 0.103813171386719
0.00368022918701172 -0.0155239105224609 0.029022216796875 0.0841751098632813
0.0065770149230957 -0.00492525100708008 0.0151824951171875 0.0810546875
0.00823688507080078 0.0103683471679688 0.0191802978515625 0.0809783935546875
-0.0043792724609375 0.0279655456542969 0.00717926025390625 0.10302734375
-0.0385475158691406 0.00992202758789062 -0.0441818237304687 0.124832153320313
-0.0555038452148438 -0.0190315246582031 -0.059051513671875 0.161026000976562
-0.0525436401367188 -0.04473876953125 -0.071014404296875 0.17620849609375
-0.02630615234375 -0.0840377807617188 -0.0732803344726563 0.112068176269531
-0.0308303833007813 -0.0222511291503906 0.0138225555419922 0.0101842880249023
-0.0284671783447266 -0.00424575805664063 -0.0524635314941406 -0.0673179626464844
-0.0125761032104492 -7.82012939453118E-05 -0.121116638183594 -0.0176162719726563
-0.0108156204223633 0.00384807586669922 -0.115501403808594 0.0585174560546875
-0.00927352905273438 0.00860214233398438 -0.0602035522460937 0.125373840332031
0.00279808044433594 0.0233230590820313 0.0145950317382812 0.128318786621094
0.00215530395507813 0.0299243927001953 0.0284881591796875 0.0988998413085937
0.00368499755859375 0.0289554595947266 0.032958984375 0.079437255859375
-0.0128459930419922 0.0285739898681641 0.0238800048828125 0.0726776123046875
-0.0332050323486328 0.0266971588134766 0.0284652709960937 0.0724716186523437
-0.0546302795410156 0.0129890441894531 0.0228958129882812 0.101448059082031
-0.0642127990722656 -0.0486488342285156 -0.0268020629882812 0.123847961425781
-0.0462417602539062 -0.0832977294921875 -0.0445556640625 0.156982421875
-0.0193939208984375 -0.116813659667969 -0.06463623046875 0.160690307617187
0.00961303710937499 -0.145294189453125 -0.0781631469726563 0.0804977416992187
-0.0221481323242187 -0.0902175903320313 0.0120620727539062 -0.00655746459960938
-0.0684471130371094 -0.0611152648925781 -0.0503692626953125 -0.0835037231445313
-0.06549072265625 -0.013641357421875 -0.122451782226563 -0.0364227294921875
-0.0561599731445313 0.0246849060058594 -0.1241455078125 0.0407485961914062
-0.0266036987304687 0.0460929870605469 -0.0651779174804688 0.108787536621094
0.00372695922851563 0.0622901916503906 0.00954437255859376 0.110122680664063
0.00149536132812499 0.0721969604492188 0.02362060546875 0.0786666870117188
0.00768280029296874 0.0695343017578125 0.0332412719726562 0.0591087341308594
-0.0229988098144531 0.0613822937011719 0.0347518920898438 0.0495033264160156
-0.0618667602539062 0.0501708984375 0.0434074401855469 0.0537300109863281
-0.0970458984375 0.0139617919921875 0.0461273193359375 0.09173583984375
-0.0973587036132812 -0.08624267578125 -0.00219726562500001 0.119255065917969
-0.049713134765625 -0.131492614746094 -0.0283203125 0.144134521484375
0.0045166015625 -0.172409057617188 -0.04791259765625 0.127601623535156
0.0509490966796875 -0.1826171875 -0.0682868957519531 0.0290718078613281
0.00144958496093752 -0.14764404296875 0.0166511535644531 -0.0375938415527344
-0.0924530029296875 -0.122467041015625 -0.0406265258789063 -0.102035522460938
-0.110626220703125 -0.0383682250976563 -0.113410949707031 -0.0609359741210937
-0.101043701171875 0.0333938598632813 -0.1209716796875 0.0131301879882812
-0.0462570190429688 0.0756683349609375 -0.06463623046875 0.0785369873046875
0.00153350830078125 0.0925140380859375 0.00292968749999999 0.0780105590820313
0.000892639160156245 0.104507446289062 0.0158920288085938 0.0469779968261719
0.0139083862304688 0.10040283203125 0.0290107727050781 0.0269279479980469
-0.024139404296875 0.0877532958984375 0.0416336059570312 0.0157051086425781
-0.0761642456054688 0.074462890625 0.055328369140625 0.0262413024902344
-0.122817993164063 0.024658203125 0.06634521484375 0.071868896484375
-0.124267578125 -0.102912902832031 0.0207443237304687 0.106285095214844
-0.056610107421875 -0.157546997070313 -0.0185623168945313 0.121620178222656
0.0224456787109375 -0.202743530273437 -0.0284271240234375 0.0793075561523438
0.08599853515625 -0.187713623046875 -0.0418586730957031 -0.0318031311035156
0.0339813232421875 -0.176284790039063 0.0284500122070312 -0.0759201049804688
-0.089263916015625 -0.16802978515625 -0.0208511352539063 -0.118423461914063
-0.132095336914063 -0.064971923828125 -0.08856201171875 -0.0833740234375
-0.129280090332031 0.0292892456054687 -0.102081298828125 -0.0197601318359375
-0.0626907348632813 0.0894012451171875 -0.0557289123535156 0.0381278991699219
-0.00415802001953124 0.107093811035156 -0.00376510620117188 0.0367012023925781
-6.86645507812555E-05 0.120567321777344 0.00594329833984375 0.00887870788574219
0.0185928344726563 0.117156982421875 0.0201396942138672 -0.0109786987304687
-0.0208053588867187 0.102584838867188 0.0425834655761719 -0.0220947265625
-0.0789031982421875 0.0890655517578125 0.0618171691894531 -0.00425720214843749
-0.13043212890625 0.0324478149414063 0.0787734985351562 0.0471115112304687
-0.133445739746094 -0.106704711914062 0.0358200073242188 0.0882415771484375
-0.0535125732421875 -0.16424560546875 -0.0169830322265625 0.0927810668945312
0.0378570556640625 -0.204681396484375 -0.00912666320800781 0.0250606536865234
0.103652954101562 -0.157684326171875 -0.00556182861328125 -0.0920486450195313
0.0608673095703125 -0.166046142578125 0.0456619262695312 -0.113105773925781
-0.062957763671875 -0.177810668945313 0.00369262695312499 -0.126533508300781
-0.122360229492188 -0.081634521484375 -0.0560836791992188 -0.0983352661132813
-0.130897521972656 0.0177764892578125 -0.0723037719726563 -0.0462493896484375
-0.0672531127929687 0.0877456665039063 -0.0401382446289063 -0.00388717651367187
-0.0065155029296875 0.104820251464844 -0.00964546203613281 -0.00751495361328124
1.52587890625062E-05 0.118392944335937 -0.00409317016601562 -0.0289993286132812
0.0202407836914063 0.116905212402344 0.00840377807617188 -0.0494842529296875
-0.0175628662109375 0.102287292480469 0.0401191711425781 -0.0595932006835937
-0.0743255615234375 0.0900115966796875 0.0655097961425781 -0.0323982238769531
-0.123855590820313 0.0317840576171875 0.0849761962890625 0.023590087890625
-0.122451782226563 -0.103744506835938 0.044158935546875 0.0705337524414063
-0.037506103515625 -0.1551513671875 -0.0205764770507813 0.0634613037109375
0.05352783203125 -0.178863525390625 0.00989151000976563 -0.0268783569335938
0.0998001098632813 -0.100723266601563 0.0306320190429687 -0.139808654785156
0.0724029541015625 -0.120819091796875 0.0620574951171875 -0.141326904296875
-0.028717041015625 -0.147369384765625 0.0248184204101562 -0.125328063964844
-0.0883941650390625 -0.0761489868164062 -0.0249710083007813 -0.1038818359375
-0.105598449707031 0.00685882568359376 -0.0414352416992188 -0.0643959045410156
-0.0573043823242187 0.0718231201171875 -0.0241813659667969 -0.039794921875
-0.00650024414062499 0.0859222412109375 -0.0154037475585938 -0.0457229614257812
-0.000564575195312493 0.09893798828125 -0.0147171020507812 -0.0623397827148437
0.0176315307617188 0.100662231445313 -0.00379180908203125 -0.0842361450195313
-0.015106201171875 0.0888442993164063 0.0372314453125 -0.091094970703125
-0.0644912719726563 0.0768814086914063 0.0700721740722656 -0.0547103881835937
-0.105094909667969 0.021514892578125 0.08837890625 0.00525665283203125
-0.0953750610351563 -0.0971298217773438 0.0481681823730469 0.0574798583984375
-0.0106353759765625 -0.132118225097656 -0.0223350524902344 0.0358200073242188
0.0668487548828125 -0.131538391113281 0.0318756103515625 -0.0701141357421875
0.076690673828125 -0.0268630981445313 0.056793212890625 -0.166244506835938
0.065185546875 -0.0547294616699219 0.067718505859375 -0.157257080078125
0.0021514892578125 -0.0876846313476563 0.0355987548828125 -0.1212158203125
-0.0426254272460938 -0.05169677734375 -0.00599670410156251 -0.104782104492188
-0.0615501403808594 -0.00130844116210938 -0.0212478637695313 -0.0728836059570312
-0.0369377136230469 0.0446739196777344 -0.0152664184570312 -0.0637397766113281
-0.00421142578125 0.0538406372070313 -0.0219268798828125 -0.0733413696289063
0.000370025634765621 0.064605712890625 -0.0231475830078125 -0.0852584838867188
0.01068115234375 0.0702667236328125 -0.0120468139648437 -0.109870910644531
-0.0127944946289063 0.0633201599121094 0.0376663208007813 -0.114364624023438
-0.0497817993164062 0.0536308288574219 0.0780105590820313 -0.0691909790039063
-0.0760879516601563 0.00824737548828123 0.0924911499023438 -0.00510406494140625
-0.0570755004882813 -0.0802383422851563 0.0518264770507812 0.0510520935058594
0.0166091918945313 -0.0949783325195313 -0.0191364288330078 0.0157108306884766
0.07232666015625 -0.0666275024414063 0.0574188232421875 -0.0967941284179688
-0.0491905212402344 -0.0128593444824219 -0.05865478515625 0.119956970214844
-0.0231742858886719 0.0401992797851563 0.0191173553466797 0.0110588073730469
0.0175209045410156 0.03802490234375 -0.0489959716796875 -0.0594711303710938
0.0341510772705078 0.00286483764648437 -0.112380981445313 -0.00733947753906248
0.0260696411132813 -0.0229053497314453 -0.103897094726562 0.06500244140625
0.00200653076171875 -0.02880859375 -0.05413818359375 0.126441955566406
-0.00156116485595703 -0.0172891616821289 0.0167312622070312 0.129592895507813
0.00308895111083984 -0.0158367156982422 0.030059814453125 0.102485656738281
0.00341606140136719 -0.0145664215087891 0.0292282104492187 0.08392333984375
0.00633907318115234 -0.00372171401977539 0.0156402587890625 0.0817337036132813
0.00774383544921875 0.0105752944946289 0.0192642211914062 0.081512451171875
-0.00475311279296875 0.0273113250732422 0.005889892578125 0.102218627929687
-0.0385360717773438 0.00930404663085937 -0.0461959838867187 0.123077392578125
-0.0542144775390625 -0.0188751220703125 -0.0604248046875 0.158370971679688
-0.0507774353027344 -0.0443687438964844 -0.07366943359375 0.173507690429687
-0.0255661010742188 -0.0837326049804688 -0.0731735229492187 0.109771728515625
-0.0297145843505859 -0.0223617553710937 0.01458740234375 0.00872325897216797
-0.0281200408935547 -0.00502777099609375 -0.0509872436523438 -0.0684700012207031
-0.0134506225585938 -0.000208854675292971 -0.119453430175781 -0.0189285278320313
-0.0110187530517578 0.00308895111083984 -0.116432189941406 0.0581817626953125
-0.00921821594238281 0.00887489318847656 -0.06097412109375 0.124519348144531
0.00238800048828125 0.0236911773681641 0.0148086547851562 0.126991271972656
0.00247001647949219 0.030517578125 0.0291824340820312 0.0980224609375
0.00368690490722656 0.0296249389648438 0.0326766967773437 0.0792617797851563
-0.0136890411376953 0.0288581848144531 0.0240631103515625 0.0732269287109375
-0.0335464477539062 0.0264148712158203 0.028656005859375 0.0735855102539063
-0.0547828674316406 0.011932373046875 0.0222091674804687 0.101516723632813
-0.0636978149414063 -0.0496139526367187 -0.0287551879882813 0.122795104980469
-0.0444488525390625 -0.0824661254882813 -0.0460968017578125 0.154953002929688
-0.0174789428710937 -0.115913391113281 -0.0673065185546875 0.158905029296875
0.0108795166015625 -0.14453125 -0.0771102905273438 0.077850341796875
-0.0214080810546875 -0.0900497436523438 0.0138149261474609 -0.00775623321533204
-0.0682716369628906 -0.0610084533691406 -0.048492431640625 -0.0841827392578125
-0.0652389526367188 -0.0140228271484375 -0.121139526367187 -0.0377120971679687
-0.0565910339355469 0.0241165161132813 -0.1246337890625 0.040069580078125
-0.0269851684570313 0.0459022521972656 -0.0658721923828125 0.107826232910156
0.00359725952148438 0.0620155334472656 0.00933074951171874 0.109031677246094
0.00251007080078125 0.072479248046875 0.0239334106445312 0.0781478881835938
0.00791168212890625 0.0694351196289063 0.0335540771484375 0.0587501525878906
-0.0235366821289063 0.0616722106933594 0.0343894958496094 0.0503311157226563
-0.0625228881835938 0.0500373840332031 0.0429306030273437 0.0544242858886719
-0.0963897705078125 0.0132369995117187 0.045562744140625 0.09185791015625
-0.0964508056640625 -0.086639404296875 -0.00428009033203126 0.119140625
-0.0479965209960937 -0.130989074707031 -0.0294342041015625 0.142623901367188
0.00698852539062499 -0.170867919921875 -0.0494155883789063 0.1259765625
0.0520782470703125 -0.181747436523438 -0.066436767578125 0.0277442932128906
0.0024261474609375 -0.146896362304687 0.018890380859375 -0.0382232666015625
-0.092376708984375 -0.121894836425781 -0.0376358032226563 -0.102760314941406
-0.109817504882812 -0.0390853881835938 -0.111312866210938 -0.0614395141601563
-0.100440979003906 0.0331344604492187 -0.121315002441406 0.0116424560546875
-0.0468826293945313 0.0743942260742188 -0.0654067993164062 0.0777511596679688
6.10351562499899E-05 0.0922164916992187 0.00267791748046875 0.0767898559570313
0.0016326904296875 0.103843688964844 0.0162353515625 0.0467529296875
0.0136566162109375 0.100074768066406 0.0296516418457031 0.0268535614013672
-0.0252304077148438 0.0876235961914063 0.0410919189453125 0.0162353515625
-0.0770797729492188 0.0738372802734375 0.0554084777832031 0.0269050598144531
-0.122879028320313 0.0233917236328125 0.0670394897460938 0.0714797973632813
-0.124168395996094 -0.102523803710938 0.01898193359375 0.106529235839844
-0.054840087890625 -0.157302856445313 -0.019805908203125 0.120529174804687
0.02423095703125 -0.201065063476563 -0.0295257568359375 0.0788116455078125
0.0873260498046875 -0.18621826171875 -0.0394821166992187 -0.0330772399902344
0.034515380859375 -0.175430297851562 0.0308837890625 -0.0760116577148438
-0.08843994140625 -0.166213989257813 -0.0181655883789063 -0.118316650390625
-0.131019592285156 -0.0660324096679688 -0.0865554809570313 -0.08355712890625
-0.128707885742188 0.0286788940429688 -0.10211181640625 -0.0203933715820313
-0.0631942749023438 0.0883255004882812 -0.0557899475097656 0.0366706848144531
-0.00471496582031249 0.106597900390625 -0.00433731079101562 0.0352897644042969
0.00067138671874999 0.119552612304688 0.00658845901489258 0.00878047943115235
0.0182266235351563 0.116539001464844 0.0203838348388672 -0.0107021331787109
-0.0216140747070312 0.10150146484375 0.0421333312988281 -0.0219345092773437
-0.0792617797851562 0.0881805419921875 0.0627021789550781 -0.00329208374023437
-0.130058288574219 0.0314407348632813 0.0796279907226562 0.0472030639648438
-0.133003234863281 -0.106361389160156 0.0344161987304688 0.0891342163085938
-0.051727294921875 -0.163406372070313 -0.0177841186523438 0.0930252075195312
0.0393829345703125 -0.203048706054688 -0.00995063781738281 0.0250434875488281
0.104385375976563 -0.1568603515625 -0.00293731689453125 -0.092041015625
0.06201171875 -0.1641845703125 0.0483169555664063 -0.1119384765625
-0.0620880126953125 -0.175994873046875 0.00650787353515626 -0.125282287597656
-0.120407104492188 -0.081390380859375 -0.0535736083984375 -0.0978851318359375
-0.130203247070313 0.0182647705078125 -0.0718231201171875 -0.0474166870117188
-0.0678558349609375 0.0860748291015625 -0.040618896484375 -0.00508499145507811
-0.00732421875000001 0.103981018066406 -0.0101909637451172 -0.00796699523925781
0.000427246093750005 0.117881774902344 -0.00427818298339844 -0.0288619995117187
0.0202102661132813 0.116004943847656 0.00859832763671875 -0.0496444702148437
-0.0180816650390625 0.101455688476563 0.0394096374511719 -0.0588417053222656
-0.074066162109375 0.0887069702148438 0.0658721923828125 -0.03155517578125
-0.122428894042969 0.0306777954101562 0.0855178833007812 0.0237045288085938
-0.121147155761719 -0.103416442871094 0.042449951171875 0.0713043212890625
-0.0361328125 -0.154220581054688 -0.02142333984375 0.0641822814941406
0.0546417236328125 -0.177398681640625 0.0102481842041016 -0.0264530181884766
0.0994033813476563 -0.0997314453125 0.0335845947265625 -0.138648986816406
0.072021484375 -0.119255065917969 0.0638427734375 -0.139732360839844
-0.0277099609375 -0.144866943359375 0.0275802612304688 -0.124305725097656
-0.0863876342773437 -0.0760498046875 -0.0226821899414063 -0.103652954101563
-0.104774475097656 0.00663757324218751 -0.0409088134765625 -0.065032958984375
-0.0576095581054688 0.0707855224609375 -0.02484130859375 -0.0409660339355469
-0.00742340087890626 0.0844802856445313 -0.0163345336914063 -0.0467414855957031
0.000724792480468747 0.0975265502929688 -0.0149078369140625 -0.0613670349121094
0.0177001953125 0.0995025634765625 -0.00314331054687499 -0.0828781127929688
-0.0159530639648438 0.0872726440429688 0.0371475219726563 -0.09033203125
-0.0645751953125 0.0756378173828125 0.0707550048828125 -0.0538558959960937
-0.104011535644531 0.0203475952148437 0.0887908935546875 0.00621795654296875
-0.0942153930664063 -0.0960464477539063 0.0469474792480469 0.0587692260742187
-0.00989532470703125 -0.130950927734375 -0.0227584838867188 0.0373916625976562
0.067352294921875 -0.130142211914063 0.0328788757324219 -0.0681037902832031
0.0756378173828125 -0.026702880859375 0.0597076416015625 -0.163986206054688
0.0641708374023437 -0.0528640747070312 0.0703125 -0.154998779296875
0.00245666503906251 -0.0859832763671875 0.0381546020507812 -0.120307922363281
-0.0417098999023438 -0.0517005920410156 -0.00424194335937501 -0.103691101074219
-0.0609016418457031 -0.00151443481445312 -0.0203857421875 -0.0738296508789063
-0.0363960266113281 0.0440559387207031 -0.0156745910644531 -0.063934326171875
-0.00476455688476563 0.0526924133300781 -0.0230484008789062 -0.07281494140625
0.00056838989257813 0.0633316040039063 -0.0233306884765625 -0.0840530395507812
0.0108299255371094 0.0689163208007813 -0.0123748779296875 -0.108718872070312
-0.0127487182617188 0.0620002746582031 0.0373306274414063 -0.112823486328125
-0.049591064453125 0.0520477294921875 0.0791397094726563 -0.0684127807617188
-0.0752029418945313 0.00696563720703126 0.0927734375 -0.00344085693359375
-0.0567474365234375 -0.0790939331054688 0.0500602722167969 0.0522499084472656
0.0169525146484375 -0.0932693481445313 -0.0193824768066406 0.0175819396972656
0.0722885131835938 -0.0655364990234375 0.0579910278320313 -0.0949859619140625
-0.0498428344726563 -0.0128097534179687 -0.0585784912109375 0.1214599609375
-0.0223350524902344 0.0403518676757812 0.0196895599365234 0.0102005004882813
0.0179252624511719 0.0377197265625 -0.0496826171875 -0.0608291625976563
0.0342178344726563 0.00272178649902344 -0.114219665527344 -0.00749969482421877
0.0258388519287109 -0.0233497619628906 -0.104934692382813 0.0675430297851562
0.00124549865722656 -0.0284919738769531 -0.0534820556640625 0.129135131835938
-0.00167083740234375 -0.0167961120605469 0.0197067260742188 0.130607604980469
0.0027008056640625 -0.015345573425293 0.0323715209960938 0.103004455566406
0.00351428985595703 -0.0140810012817383 0.030364990234375 0.0851974487304688
0.00578832626342773 -0.00255870819091797 0.017303466796875 0.0841293334960938
0.00705814361572266 0.0111312866210938 0.0203704833984375 0.083282470703125
-0.0048675537109375 0.0269317626953125 0.00611114501953125 0.103935241699219
-0.0392875671386719 0.009033203125 -0.047698974609375 0.124176025390625
-0.054229736328125 -0.0181808471679687 -0.0610504150390625 0.159225463867188
-0.0505409240722656 -0.0446701049804688 -0.0759735107421875 0.175613403320313
-0.0252532958984375 -0.0849227905273438 -0.073333740234375 0.110649108886719
-0.0295372009277344 -0.0230979919433594 0.0159206390380859 0.00816154479980469
-0.0287380218505859 -0.00457572937011718 -0.0514678955078125 -0.0699195861816406
-0.0142068862915039 8.2015991210935E-05 -0.1212158203125 -0.0188217163085938
-0.0115194320678711 0.00333404541015625 -0.118499755859375 0.0599899291992187
-0.00953865051269531 0.00952720642089843 -0.0608139038085937 0.127357482910156
0.00288772583007812 0.0244617462158203 0.0173797607421875 0.12847900390625
0.00314903259277344 0.0315666198730469 0.0318069458007813 0.0981979370117188
0.00356864929199219 0.0307483673095703 0.0347518920898437 0.0801162719726563
-0.0142021179199219 0.0309581756591797 0.0255889892578125 0.0752334594726563
-0.034423828125 0.0280227661132813 0.0296783447265625 0.075286865234375
-0.0558128356933594 0.01214599609375 0.022918701171875 0.1026611328125
-0.0655479431152344 -0.049835205078125 -0.0300369262695312 0.124565124511719
-0.0444869995117188 -0.0833663940429688 -0.04632568359375 0.156600952148438
-0.0174713134765625 -0.117408752441406 -0.0692138671875 0.160736083984375
0.010223388671875 -0.14605712890625 -0.0772857666015625 0.0774383544921875
-0.0218124389648437 -0.0912933349609375 0.0149860382080078 -0.00945186614990235
-0.0701217651367188 -0.0612983703613281 -0.0481109619140625 -0.0856246948242187
-0.0668754577636719 -0.0143280029296875 -0.12298583984375 -0.0382766723632812
-0.0571937561035156 0.0248489379882812 -0.126876831054688 0.0414810180664062
-0.0275459289550781 0.0470237731933594 -0.0665435791015625 0.110000610351563
0.00413894653320313 0.0636863708496094 0.0106430053710937 0.109748840332031
0.0037078857421875 0.0739593505859375 0.0263519287109375 0.0785675048828125
0.00897979736328125 0.0710601806640625 0.0354576110839844 0.0592918395996094
-0.0236740112304688 0.0631866455078125 0.0356979370117187 0.0515937805175781
-0.0636367797851563 0.0515213012695312 0.0448646545410156 0.0562362670898437
-0.09857177734375 0.013458251953125 0.047637939453125 0.0929641723632812
-0.0995254516601562 -0.0871200561523438 -0.00447082519531252 0.120735168457031
-0.0487289428710938 -0.131904602050781 -0.0301361083984375 0.144287109375
0.006927490234375 -0.173477172851563 -0.0510635375976563 0.127700805664063
0.0519561767578125 -0.184341430664063 -0.0659866333007813 0.0269279479980469
0.0018157958984375 -0.149215698242188 0.0201034545898437 -0.0398635864257813
-0.0942459106445312 -0.121879577636719 -0.0373306274414063 -0.104179382324219
-0.111434936523437 -0.0391159057617188 -0.112388610839844 -0.0627365112304688
-0.101478576660156 0.0342559814453125 -0.123931884765625 0.0126113891601563
-0.0478668212890625 0.0756454467773437 -0.0656814575195313 0.0792617797851563
0.00131988525390625 0.0938262939453125 0.0026397705078125 0.0775604248046875
0.00400543212890626 0.105644226074219 0.0172348022460937 0.0467109680175781
0.0154266357421875 0.101737976074219 0.0311393737792969 0.0269527435302734
-0.025115966796875 0.089202880859375 0.0423240661621094 0.0167350769042969
-0.0776519775390625 0.0760116577148438 0.0578193664550781 0.0282630920410156
-0.124618530273438 0.0249786376953125 0.0694656372070313 0.0720596313476563
-0.127494812011719 -0.102668762207031 0.0191116333007813 0.108970642089844
-0.055999755859375 -0.159072875976563 -0.0197677612304687 0.122657775878906
0.02362060546875 -0.204360961914062 -0.0298309326171875 0.0797958374023437
0.0874481201171875 -0.189498901367188 -0.0391311645507813 -0.0344200134277344
0.0341339111328125 -0.17767333984375 0.0323104858398438 -0.07818603515625
-0.0919952392578125 -0.166900634765625 -0.0167388916015625 -0.119613647460938
-0.133056640625 -0.0667190551757813 -0.086944580078125 -0.0850677490234375
-0.1302490234375 0.0307998657226563 -0.104278564453125 -0.019561767578125
-0.06365966796875 0.09027099609375 -0.0572509765625 0.0377197265625
-0.00403594970703126 0.107757568359375 -0.00474929809570312 0.0355262756347656
0.003387451171875 0.121406555175781 0.00680732727050781 0.00920867919921876
0.0209503173828125 0.117393493652344 0.0214710235595703 -0.0116939544677734
-0.0220108032226563 0.102371215820313 0.0425071716308594 -0.0219078063964844
-0.0790176391601563 0.0899505615234375 0.064422607421875 -0.00298309326171874
-0.132530212402344 0.0328216552734375 0.0818939208984375 0.0468902587890625
-0.136138916015625 -0.105659484863281 0.0348281860351562 0.0915069580078125
-0.053558349609375 -0.1651611328125 -0.017791748046875 0.0953369140625
0.0391845703125 -0.206100463867188 -0.009796142578125 0.0256328582763672
0.104705810546875 -0.159561157226563 -0.00189208984374998 -0.0941543579101563
0.061767578125 -0.1661376953125 0.0500106811523438 -0.114501953125
-0.0650634765625 -0.17626953125 0.00802612304687501 -0.126808166503906
-0.122528076171875 -0.0823822021484375 -0.0532913208007813 -0.0995712280273438
-0.131614685058594 0.0194244384765625 -0.0738067626953125 -0.0478973388671875
-0.067596435546875 0.088134765625 -0.0417518615722656 -0.00565338134765625
-0.00676727294921874 0.104827880859375 -0.0114812850952148 -0.00898551940917968
0.00298309326171875 0.119102478027344 -0.00451278686523438 -0.0289726257324219
0.0222015380859375 0.116912841796875 0.00809860229492187 -0.0497169494628906
-0.0181045532226563 0.102012634277344 0.0393295288085938 -0.059722900390625
-0.074005126953125 0.0906143188476562 0.0680503845214844 -0.0324668884277344
-0.124137878417969 0.0317459106445313 0.087005615234375 0.0233306884765625
-0.124404907226562 -0.102836608886719 0.0430145263671875 0.0739898681640625
-0.0375518798828125 -0.155517578125 -0.0205154418945313 0.0661201477050781
0.0547332763671875 -0.180526733398438 0.0104694366455078 -0.0262336730957031
0.0995635986328125 -0.102455139160156 0.0353240966796875 -0.140495300292969
0.0724334716796875 -0.120513916015625 0.06610107421875 -0.141677856445312
-0.02972412109375 -0.145050048828125 0.0287933349609375 -0.126197814941406
-0.0880355834960938 -0.07659912109375 -0.0222549438476563 -0.104843139648438
-0.105819702148438 0.00782775878906249 -0.0426788330078125 -0.0664024353027344
-0.0577011108398437 0.0718612670898438 -0.0269508361816406 -0.0423469543457031
-0.00679779052734375 0.0858306884765625 -0.0183906555175781 -0.0477523803710937
0.0020904541015625 0.0986557006835938 -0.0157356262207031 -0.0617141723632813
0.0190200805664063 0.10028076171875 -0.00470733642578125 -0.0842208862304688
-0.015655517578125 0.088409423828125 0.0359420776367188 -0.0915603637695312
-0.0643234252929687 0.0764923095703125 0.0724639892578125 -0.05487060546875
-0.104560852050781 0.021453857421875 0.0908126831054688 0.00506591796875
-0.0962371826171875 -0.0958404541015625 0.0469398498535156 0.0606040954589844
-0.0116729736328125 -0.132514953613281 -0.0227699279785156 0.039886474609375
0.0677566528320313 -0.132354736328125 0.0333786010742188 -0.0690841674804688
0.0757217407226563 -0.028045654296875 0.061431884765625 -0.166107177734375
0.0647048950195313 -0.0537681579589844 0.071319580078125 -0.156463623046875
0.0015106201171875 -0.0862579345703125 0.0395965576171875 -0.121986389160156
-0.0424270629882813 -0.051666259765625 -0.003021240234375 -0.105377197265625
-0.0613975524902344 -0.000328063964843758 -0.0212249755859375 -0.075653076171875
-0.0358619689941406 0.0452613830566406 -0.0173225402832031 -0.0664596557617188
-0.00468826293945313 0.0532493591308594 -0.024688720703125 -0.0741424560546875
0.00142669677734374 0.0635757446289062 -0.0250015258789063 -0.0847320556640625
0.0121688842773438 0.0691795349121094 -0.013458251953125 -0.109512329101563
-0.012939453125 0.0630111694335938 0.0367279052734375 -0.114280700683594
-0.0491180419921875 0.0522880554199219 0.0808486938476563 -0.0692596435546875
-0.075408935546875 0.00708007812500001 0.0941009521484375 -0.0040740966796875
-0.05767822265625 -0.0789871215820312 0.0508689880371094 0.053802490234375
0.0163345336914063 -0.0944290161132813 -0.0191326141357422 0.0194091796875
0.0720596313476563 -0.0668182373046875 0.05914306640625 -0.09619140625
0.0204071480145818 0.0322768009949864 -0.130909738890729 0.0116504037302063
0.0447201856910311 -0.00714275577255187 -0.00191425613016837 0.0155839729914846
0.0277789513699677 -0.032559357686592 0.0214377625521351 -0.0803752356228143
-0.0109650954280646 -0.0318933353623271 -0.0544167450621459 -0.100283794599284
-0.0267236812608489 -0.00942565583071356 -0.118881951161683 -0.0566454641006576
-0.0148010053344896 0.003470554156638 -0.137422838367376 0.0110540514276864
-0.0147754053199927 0.00166872271080316 -0.115115686966173 0.0661202420994326
-0.0158602461826637 0.000317436340989008 -0.0821438846160582 0.0816532677982535
-0.0134396357919114 -0.00164367433753619 -0.066673754296503 0.065563953352455
-0.0076458972750046 -0.00785781545554579 -0.0652086828545486 0.05610715390188
0.00347803250824071 -0.0169852221626805 -0.0707116587684589 0.0593036585112595
0.0259182254993698 -0.0174378434452094 -0.0964948365542674 0.0522863735833217
0.0397966710486045 0.0128623553631322 -0.128079759797596 0.0234074481377289
0.0218204834207412 0.0428443517503503 -0.161425392967005 0.0217593368224738
-0.00802192292771784 0.0519442614087764 -0.175744889600763 0.0470669557700125
-0.0495038061694397 0.0509008420878804 -0.122308614943708 0.00290804085943357
-0.00280341073011842 0.0390623323731092 0.00931995041118794 0.0180799708038802
0.019832853879371 0.0320544473522135 0.0443536285072719 -0.0922950089550353
0.0203132995034526 0.0133462364793212 -0.04022048846971 -0.124092548771639
0.0221338252285462 -0.0016001812463118 -0.122397688398299 -0.0798059077382026
0.0222712908514369 -0.010565787376147 -0.143310337153688 -0.000992592819932569
0.0196152200000839 -0.02375673620442 -0.118828654495832 0.0578411172130002
0.0180029486649746 -0.0296806978246289 -0.0823621282954344 0.0770483679817874
0.0242407391260972 -0.0279185693970904 -0.0635975809751086 0.0632530584939454
0.0319320906322861 -0.0128229641016104 -0.0543554238141578 0.0535805482148916
0.0442744388764289 0.00295049182127696 -0.0554082533512952 0.0591290494077662
0.043375739169766 0.0360104581741855 -0.0783786592095368 0.0639470589581613
0.0179170549835285 0.0724063218181227 -0.112550111045611 0.0405329436881977
-0.0347671916090821 0.0740201025585368 -0.150084603605002 0.0408075023430652
-0.0811014947408377 0.0619616419857306 -0.163325008571898 0.0520497595680239
-0.117742499668061 0.0573473326609698 -0.0917696907903799 -0.00894433432419759
-0.0627619631696921 0.0776892986262907 0.0356773667306996 0.018959765263335
-0.00269557298713053 0.101911145262114 0.0785107743592515 -0.100106636250171
0.0455285137349733 0.0704088975522024 -0.0127216908432433 -0.146408889392426
0.0724656780073164 0.0178484798334771 -0.11220280748253 -0.105539873331804
0.0618861706018854 -0.0181345434348104 -0.134058810305155 -0.0185223167655852
0.0546103779638929 -0.0438469446031714 -0.107632275176369 0.04066031402347
0.0492278599987791 -0.0558457203157037 -0.0693604822574624 0.0605903090046307
0.0556182448655623 -0.0539486288358557 -0.0470051361334093 0.0523085307924566
0.0632076925214573 -0.0237606052149359 -0.030622648969451 0.0462261296475843
0.0803752136614089 0.0094905245507877 -0.0296897601745408 0.0583209791792224
0.0702502996918913 0.0725392182440817 -0.0511636446758184 0.0779442636410243
0.0151534894703082 0.12241253428314 -0.0905430362906096 0.0597643168624689
-0.0701416331727254 0.106668334920322 -0.129759398154502 0.0548998805625137
-0.137541390603564 0.072409183974598 -0.12989574066693 0.0528715451759676
-0.170836277597293 0.0497654869394345 -0.0399984378104061 -0.018279062646807
-0.125450731976583 0.0971043221116037 0.0726085530396057 0.0205473305321609
-0.0398949293882238 0.160229738648393 0.119734140284416 -0.0978181103519383
0.0548149959244077 0.129325797211363 0.0265180293004919 -0.157421894373747
0.111836119804724 0.0464630251051713 -0.0837959642958362 -0.125384579866472
0.0968741395156906 -0.0167785167937894 -0.108425716759329 -0.0370536702890066
0.083457605284061 -0.0545373330686662 -0.0819493560952807 0.017187747919334
0.0731997919395245 -0.073685206352442 -0.0462705217305649 0.0354588207268289
0.0778588343197094 -0.0755734779292674 -0.0219650743038562 0.0325242032131262
0.0843081610366437 -0.037391567297235 -0.000117000139424854 0.0319833841832803
0.106740672981185 0.00430877597218825 0.00213356639435318 0.0527763921578057
0.0942095840412236 0.0891673711694245 -0.0194488374515224 0.0840092047623534
0.0229939440189595 0.152491609372776 -0.0646850558849488 0.0727245231823463
-0.0867213091966974 0.129491450371549 -0.103742189495833 0.0563818786370206
-0.170578630642757 0.0769485898192507 -0.0823405313154279 0.0445143314299321
-0.195877692970288 0.031065207242699 0.0257804903936025 -0.0241360661851293
-0.169288672287373 0.0929277654707761 0.114823119399498 0.0222257734586475
-0.0816024932726473 0.185808735270954 0.154830897274512 -0.0807236113614015
0.0434073699532462 0.169342763016921 0.0695959893426176 -0.147014565224439
0.12907614370411 0.0743390200071479 -0.0403070357088108 -0.130513155085472
0.116528529627818 -0.00976036029451409 -0.0675806125280612 -0.0508790137870916
0.0997518427724711 -0.0552429593541079 -0.0450584006420093 -0.00810644736637949
0.0860519178328767 -0.0808671199460883 -0.0158429782439198 0.00606797816365465
0.0878351280623549 -0.0859151434133042 0.00842071593876517 0.00640874862445886
0.0938003119478784 -0.0466373508219794 0.0315049711947711 0.0125057939827227
0.117599899830133 -0.00218520266180273 0.0341314554048915 0.0428744918874261
0.104879659392002 0.0918399285606731 0.0104898404749977 0.0822238420805432
0.0255149672329927 0.161146903804208 -0.0408794415894643 0.0757340722557736
-0.0927767312850703 0.133301954360314 -0.0792179785511682 0.0456302039960081
-0.180240540269509 0.0682668764540809 -0.0300372722999158 0.0285752151614886
-0.183883776798341 0.00868766989607357 0.0925668898484185 -0.0246257750128219
-0.178227523605178 0.0664079472499635 0.151339906578424 0.0246676580379193
-0.107488945885075 0.170245181821987 0.173706898903346 -0.0533363448622956
0.0195489846358168 0.173103525226414 0.103120255756618 -0.119109843263883
0.118905762467974 0.0863703482179158 0.00469478436036453 -0.117465952590413
0.1154806555632 -0.000997343375069107 -0.0211057534822095 -0.0573843062847443
0.0989242352836554 -0.0482117219667408 -0.00470329194035159 -0.0297044878907444
0.085615429901858 -0.076661506729431 0.0156101791517803 -0.0238878704421988
0.086667073516093 -0.083394589153751 0.0387916939731465 -0.0215072352633822
0.0915662564319309 -0.0468952856052716 0.0623722878208377 -0.0076592803253507
0.11381085156179 -0.004800334567686 0.0627907178464799 0.0327358343007478
0.0982109945136578 0.0869812662383446 0.0342499318357067 0.0768372411852064
0.0177453661033885 0.151569905890963 -0.0227523616701102 0.0743659908464527
-0.0946438928621463 0.116785707862024 -0.0580431617000692 0.0285462762216665
-0.168171933280535 0.0467663182101943 0.0208877025634699 0.0116394739363561
-0.137716148672662 -0.0109023227102828 0.14692498297651 -0.0244664997444041
-0.147793709134971 0.0316624794694267 0.176367353898825 0.0218388962710268
-0.103477113972356 0.12183523524768 0.171896615907879 -0.0277868820227448
-0.00197508149016632 0.139598178258006 0.117013232353923 -0.0847442291491522
0.0885090778831101 0.0778320916848278 0.0405270297680542 -0.0936688327901136
0.0936945714040496 0.00433695335693408 0.0206757865698377 -0.0564978401813813
0.0816843274425949 -0.035407870217608 0.0316003591938288 -0.04754218353923
0.0717817981183045 -0.0604400813098405 0.0436302354061483 -0.0494156246738641
0.0739428551566019 -0.0684674210475028 0.0666041846324483 -0.0466436879063951
0.07938145526835 -0.0384088491603648 0.0890585542582214 -0.0238464454197364
0.09602953267617 -0.00152670324843842 0.0865847959966308 0.0281504606855362
0.0763374931939396 0.0774282991778449 0.0500885605702426 0.0738845559085229
0.00263275566604537 0.128133848692522 -0.0123330053709888 0.0718906261936552
-0.0920553740395482 0.0840817743817026 -0.0394263102580603 0.013178772757537
-0.137286795926666 0.0152258219583593 0.0659590941679118 -0.000871281967198659
-0.0671176785062533 -0.0263789488490774 0.175800862644997 -0.0257468873649329
-0.08783741884598 -0.00261805769944666 0.183264463357866 0.0100238465994693
-0.072294401345989 0.0609383960503434 0.156337912262079 -0.0160013727179256
-0.013927932551801 0.0817203274326287 0.114140183579979 -0.0591244276681789
0.0474104366230886 0.0519203360717758 0.0610908850270037 -0.0710559622336252
0.0582199480833346 0.00619502979602904 0.0480524518442593 -0.0545384366061678
0.0513932222131721 -0.0191536068672004 0.0574877756524802 -0.0580023873050514
0.048000719349954 -0.0356664572886423 0.0645032415709351 -0.0673831327831758
0.0510168737019799 -0.0420115564781851 0.0895455425559317 -0.0632330788254311
0.0577643094779033 -0.0227996906879991 0.110450203061945 -0.0306463323689851
0.0678495895897204 0.00363970141199935 0.105139771462371 0.0322966685149459
0.0460410837068257 0.06072691756366 0.0582639704420031 0.0777655694474823
-0.0142230706833495 0.0904035072832326 -0.00847208483176194 0.0734676681836719
-0.079001855114232 0.0425577838328661 -0.0244186305036524 0.00355020208805055
-0.089452660326973 -0.0187922762871506 0.101168993941026 -0.00330502159133847
0.0220622470146235 0.0311820417916156 -0.129937815814106 0.0172730297267496
0.0431723205781761 -0.0091851411485534 -0.000631614306203237 0.0161452170744053
0.0261057754889513 -0.0335219110207846 0.0194657524342273 -0.0820983659352216
-0.0118335233337781 -0.0313890129049557 -0.0584898539102208 -0.0981679654279596
-0.0266566715157602 -0.00771509134063253 -0.122355848681521 -0.0515606554146433
-0.014096217338278 0.00401217293407866 -0.138215461406023 0.0180601440974779
-0.0144679551359482 0.00238175946665979 -0.111173548502719 0.0724503101752088
-0.0159857262046062 0.000934108119356659 -0.0772783558884423 0.0860231363846296
-0.0130688314207018 -0.00181939839408863 -0.0641578999093518 0.0696166203026948
-0.00737457471193964 -0.00806720622493915 -0.0632124786352807 0.060749708332859
0.00327297992730331 -0.0170701845862718 -0.0678803784157385 0.0633439971046982
0.024559329501745 -0.0175842283883324 -0.0946116052539663 0.0562591786769941
0.0402326287902669 0.011467925487415 -0.127755014208652 0.0275666016462808
0.0227416375045661 0.0413446184752412 -0.159863376161652 0.0272150404257413
-0.00594580426883067 0.0520683401227633 -0.175850086811007 0.0532329723353178
-0.0474687360845298 0.0533899414339139 -0.121417748947092 0.00764658183278265
-0.00169869543615441 0.0393307078522131 0.0115318443274894 0.017937013078388
0.0217014814833811 0.0320304618120081 0.0418963553969172 -0.0947821121858069
0.0217300447351002 0.0131724310126056 -0.0452306039006061 -0.12342175248184
0.022326188445193 -0.00212397175366301 -0.127077839999753 -0.0743956369217595
0.0227403747182931 -0.0117052625524018 -0.14420521264637 0.00581697129476261
0.019011551719168 -0.0251931302314511 -0.115625233156069 0.0642914658732273
0.0164633314512256 -0.0311627435870765 -0.0771911600137053 0.0813985212137414
0.0233632678865883 -0.0302617640025946 -0.060384603480424 0.0676335236119873
0.0317789621458687 -0.0142719385946043 -0.0523458625777877 0.0573474652169719
0.0451227550679725 0.000986304615986966 -0.0535601451655458 0.0625683601351992
0.0450150003684406 0.0354280433802676 -0.0756416127102836 0.0677161214465719
0.0212444079361845 0.0722848597981367 -0.112078382920413 0.0448073524327472
-0.032494711878336 0.0751627517702128 -0.148645404013627 0.0461991994341609
-0.0787203408252823 0.0652677522361966 -0.163061441103697 0.0582134914120762
-0.115866644427811 0.0624292242293547 -0.0914839333487904 -0.00462898407168595
-0.0603990104716244 0.0804032403578548 0.0379571172913275 0.0169682126948836
0.00259953845699609 0.102623446996003 0.0761746778603788 -0.104094017491396
0.0492676612849269 0.0701080927496851 -0.0179758465462263 -0.147027544937309
0.073086527162352 0.0146396741496059 -0.11816826650836 -0.100678951290684
0.0621123525457199 -0.0212488156136267 -0.136231517013533 -0.0123013417212414
0.0526981333261716 -0.0466841961800644 -0.105098417060874 0.0456698715812214
0.0461956116268563 -0.05913990535964 -0.0660408850205165 0.0643764417164601
0.0536654047093649 -0.0579592984546678 -0.0448975536617797 0.0557724727808458
0.0630702039195916 -0.0266278713146239 -0.0288276106956759 0.0488063065571085
0.0818221718945897 0.00523245013325229 -0.0272955538873305 0.0612983982681133
0.073511981615092 0.0699370421623614 -0.0478201161217438 0.0807104343495361
0.0210653920885145 0.122007141864042 -0.0897920324096856 0.0638188162339846
-0.0667036561901586 0.109905804160914 -0.127277760398078 0.0602598601061023
-0.135314358588377 0.0783123122199823 -0.128761176006833 0.0583308576939464
-0.169239885133609 0.0572455710831698 -0.0397922378250404 -0.0164880566882028
-0.121076614984716 0.10339785986302 0.0750072823371721 0.0172741631512676
-0.0319673498882984 0.162090304795276 0.116087190278017 -0.102712160177843
0.0610311682243501 0.128447673581047 0.0211440692630314 -0.159014039457762
0.114767520292158 0.0414328122908752 -0.0904635286139254 -0.122317889342107
0.0966236684370811 -0.0212787138651145 -0.110220339862188 -0.0321866321715771
0.0813492923080083 -0.0586267097890557 -0.0808255483507143 0.0214765264547963
0.0694869995767361 -0.0788039123803451 -0.0436056686636479 0.0383489207780362
0.0740130252070586 -0.0799793272755005 -0.0200822500650982 0.0342550417424917
0.0834460236521019 -0.040864806353937 0.000923861987587978 0.032934441065948
0.107590099235657 -0.00090915127806786 0.00490806638731708 0.0545771512062
0.0997004574472007 0.0859357395379966 -0.0147401271832857 0.0855415729412327
0.0302372361166817 0.152065321208455 -0.0629529037245555 0.0756098840256919
-0.0817652865447013 0.133485572023928 -0.102529656071877 0.060791612575705
-0.168632700083031 0.0849869005009055 -0.0809783348915646 0.0478110455753456
-0.194962545913853 0.040949947434008 0.0258332435379893 -0.0249004563889127
-0.165584053160385 0.100102475343377 0.117455833474089 0.0176797693483899
-0.0721862008854415 0.190276602058713 0.1528115763887 -0.0866839039278982
0.0511476032886414 0.168991143225468 0.0653057516419085 -0.150305461795575
0.133299807257342 0.0677155313442871 -0.0476420691591578 -0.12902337170913
0.116775202864582 -0.0147622876213146 -0.0701007292153463 -0.0487263410965
0.0977249344039062 -0.0605298706240731 -0.0456069201502321 -0.00595288267588814
0.0821949059228685 -0.0862953568768966 -0.0155141058057573 0.0065730623057001
0.0831885007114089 -0.0911880035401604 0.00865244716209475 0.0062471935939445
0.0916122086459708 -0.0509563511530738 0.0317342785976942 0.0112418820540296
0.117823152809883 -0.00798274392361063 0.0361337078178654 0.0423117341011395
0.109967707080371 0.0878019291119052 0.0151051653629038 0.0824801180138468
0.0336691080953595 0.16047788552387 -0.0390554787191199 0.0781258970378524
-0.0878174493434258 0.137499021091031 -0.0782389047421019 0.0492234934342834
-0.178540916528097 0.0775236236113828 -0.0289154592553931 0.030418652121609
-0.184290287237238 0.0181681451420833 0.0930073281187752 -0.0285087432305181
-0.175523519615122 0.0741968216726326 0.153547589379145 0.01867372018294
-0.0989278045285853 0.174367618792108 0.172222907338577 -0.0595094351437043
0.0274763502548575 0.173815853450349 0.0993099284891255 -0.122912203424622
0.123851043346087 0.0806199958070693 -0.000979786835079807 -0.117957655520379
0.115872219733093 -0.00692244529174732 -0.0238087027874328 -0.0572606289867786
0.0969075753502563 -0.0529612705025778 -0.00628174906623359 -0.0301104297411814
0.0814942813021964 -0.0817962530281352 0.0139076630708572 -0.0244230989779734
0.0817360462453566 -0.088497134356541 0.0382526082931085 -0.0232337351110736
0.089699138403668 -0.0511578585570646 0.061464723900046 -0.0109644448058621
0.113355280987439 -0.0106066689093615 0.0649608774611871 0.0306787487730588
0.102540899268083 0.0828600880074578 0.0384329884689865 0.0753119820663725
0.025819307948769 0.151175821119249 -0.0213901989658855 0.0758021572956849
-0.089198045508575 0.121032866556642 -0.0578373672592466 0.0324699734288572
-0.167285296238989 0.0549672058789688 0.0215955615587764 0.0107564853945819
-0.138821925911634 -0.00383273135990637 0.146862848971858 -0.0298939318683041
-0.145881922118265 0.0378076253221674 0.177594230968411 0.0149282844198948
-0.0972709741908336 0.126252313373089 0.172220006985791 -0.0345813120916091
0.00459771758020625 0.140189816566859 0.114556566824157 -0.0894802813302345
0.0928391653117147 0.0735106879499951 0.0363647012624171 -0.095841664918894
0.0942434625131016 -0.00034388066022693 0.0184275786304877 -0.0586794468379294
0.0807122557716242 -0.0396551105589286 0.0289869068725579 -0.04984344909835
0.0689658596072574 -0.064193545914481 0.0409710468088279 -0.0520211351532926
0.0698064464987107 -0.0726201633703074 0.0642415700223341 -0.0503121172765997
0.0782521843263546 -0.0416869734420918 0.0880248007497914 -0.0282714249020278
0.0959010020754506 -0.00566860795510686 0.0892299905360012 0.0250934831748312
0.0805493459057291 0.0747259674739247 0.0542022402018562 0.0723042388640941
0.00880115482771446 0.127704614392616 -0.0104225060548024 0.0734309335089246
-0.0880100855006787 0.0882984343756108 -0.0397446031558699 0.0160752839777506
-0.137398155994085 0.0222582491316982 0.0665008384737536 -0.00276959378410532
-0.0684745549927951 -0.0229532673577529 0.176284435113168 -0.032099291394668
-0.0874623204772124 0.000622701368894616 0.183560852263461 0.00321459849949823
-0.0690372239303615 0.0638252821210225 0.156571838916451 -0.0215798090973205
-0.00999367521322394 0.0827484564207575 0.113058439257658 -0.0638875863081453
0.0498808577362766 0.049599741120532 0.0579660636274187 -0.0754592915126637
0.0582397857936117 0.00323575700612776 0.0460218566699527 -0.0577651402991485
0.050803170383394 -0.0212289154112037 0.0543693634770627 -0.0623649541958301
0.0457793118453937 -0.0383082739099531 0.0602984479568832 -0.0710303443019133
0.0481775396295154 -0.0445606598214243 0.0862593639822378 -0.0684115882296557
0.0566755406637105 -0.0258063738343737 0.108962102142065 -0.0357223128775686
0.0676444286249196 0.000730540221424777 0.107573403926865 0.0278559997907222
0.0488288838042282 0.0591308108479197 0.0619339414126332 0.0764240984550183
-0.00938482563328968 0.0902835660196997 -0.00666059513555512 0.0745854391116681
-0.0767336119194113 0.0455968365599649 -0.0254606096785501 0.00578827642978886
-0.090305498468767 -0.0149664183236111 0.101352484342112 -0.00759961438089479
0.0221401672959617 0.029632900308505 -0.126519368793478 0.0226654426023037
0.0416433507290241 -0.0101769996995642 0.00144280661399977 0.016213642665666
0.0237868548213632 -0.0337117590823137 0.0166655682762631 -0.0816389749531785
-0.0123550350636261 -0.029597788535636 -0.0610048020575483 -0.0954272175214724
-0.0258305964846275 -0.00515102082853688 -0.123084778530328 -0.0460436457656611
-0.0133549232340517 0.00384267471774159 -0.13566135495866 0.0239979054216919
-0.0144255824193435 0.00224406421854027 -0.104896893849977 0.0763626994745024
-0.0157383044368402 0.00157388556395533 -0.0705541366561682 0.0882183331985869
-0.012749209233462 -0.00216385408846007 -0.0602057740022415 0.0723708976726825
-0.00715044237956914 -0.0081927313100562 -0.0597075646373452 0.0639810439772619
0.00356684793313523 -0.016999931802374 -0.0645494773291474 0.0652278741186895
0.0238644774927771 -0.0176872014612733 -0.09099623920661 0.0590772030096742
0.0401520406445619 0.00977914117363834 -0.124994707667542 0.0310837311794526
0.0233871667187499 0.0388160296243858 -0.155686810767427 0.0309713311470546
-0.00386326108803108 0.0505966593815765 -0.171963922904135 0.0578536799902
-0.0450293220123268 0.0545192007104923 -0.118141018975315 0.012631007812666
-0.000350308352049502 0.0388426475711932 0.0132511333540252 0.017019609827383
0.0228406105537126 0.0303824419577524 0.0385113906974048 -0.094479971658522
0.0220559123572763 0.0129339514247889 -0.0483574739603457 -0.119975689582002
0.0225081195369863 -0.00220913111958292 -0.129031932915371 -0.0681940170257378
0.0225688793784217 -0.0126223541189634 -0.141916908336644 0.0124298795956977
0.0173949810125168 -0.0258589821770919 -0.109382672704363 0.068292440017581
0.014484743466839 -0.0316370239073692 -0.0706816357857592 0.0839467580446784
0.0216243466086014 -0.0314952728564817 -0.0564044661852676 0.069853964385077
0.0313568653766039 -0.0157830156402962 -0.048870488081306 0.059933138772765
0.0449523095266985 -0.000977749518351784 -0.0496216950102975 0.0647815280423124
0.0460050980353229 0.0331702936522809 -0.0716083830787307 0.0698927987503169
0.0240140905651081 0.0705855792273669 -0.109039863523101 0.0474985907610648
-0.0293987477682758 0.0751332535805032 -0.143598461105234 0.0502072676289979
-0.0756399114257241 0.0676976259004772 -0.158744091738898 0.0630388608089519
-0.111357498382554 0.0664998187860284 -0.0889217259006937 -0.00113418868230345
-0.0557756991038911 0.0818010432626403 0.0387249981829104 0.0150643576483849
0.00672228422288183 0.10073829767165 0.0719749228476298 -0.105294692379261
0.0514941365773474 0.0676230583904877 -0.0227021031027256 -0.143873122904366
0.0728499657732044 0.0117333879170844 -0.120879801294963 -0.0944646790155035
0.0608144350731015 -0.0231645016368241 -0.134439035867686 -0.00632215650396847
0.0500221354072169 -0.0483637729169385 -0.100763741986837 0.0497955956245081
0.0423579475013875 -0.0612800151809929 -0.060357193375933 0.066721160890408
0.0496338315016326 -0.0600564518531351 -0.0409756951249789 0.0572145778665249
0.0611887322549423 -0.0295822976924253 -0.0265091958040999 0.0504615147535566
0.0811773599297275 0.00175180659159692 -0.023779245756874 0.0627020692332078
0.0763264508275294 0.0663928307109937 -0.0434913164563768 0.0816601609269969
0.0264554568854841 0.119210760320743 -0.0865983524303707 0.0659873957096525
-0.0616554034493706 0.11078068734187 -0.122607743648492 0.0634154305715368
-0.129790845325157 0.0828868550167043 -0.125261959058936 0.0616270875959545
-0.164373935101218 0.0642605241392007 -0.038625474741986 -0.0139142027849219
-0.115104457898034 0.10591423507014 0.0753782289850468 0.0135965491241684
-0.0238276666196896 0.16044237547678 0.111588377057531 -0.105426595503366
0.0649918351950594 0.125354187751934 0.015612986865612 -0.157176336426389
0.114801503690444 0.0357233044564059 -0.0947630353250752 -0.1163374241721
0.0952393283151747 -0.0257479741110362 -0.110501860987725 -0.0275343180862231
0.077322683662421 -0.061311599941019 -0.0780131710514807 0.0240107821730196
0.0638642598997113 -0.0815383135470449 -0.0403487855608623 0.0394082435777244
0.0684701437423614 -0.0831023270539966 -0.0175240858693669 0.035163048154519
0.0806847699800799 -0.0442913974769767 0.00277505468337698 0.0326053331362122
0.10615076172741 -0.00567012485998199 0.00726244582338353 0.0546863002328902
0.102070611221797 0.0805878099000632 -0.0101045284051912 0.0850822863127536
0.037477456363663 0.148468404489909 -0.0604881403627159 0.0772178388445025
-0.0749102666048046 0.135143952966214 -0.0977088783027113 0.0638023226632129
-0.162690229024199 0.0908860880086016 -0.0782575508989466 0.0501977949417583
-0.190044839178202 0.0486878559187019 0.0258706094128758 -0.0249852166748011
-0.15879484035951 0.104795095879485 0.116725962778499 0.0128288924058257
-0.0619480145884463 0.189306651863402 0.147375177241102 -0.090568609501856
0.0571852445035981 0.165089438663131 0.0594039991935741 -0.149729669725717
0.134040548269931 0.0606033947425954 -0.0526419472471013 -0.124585932510109
0.115190872109548 -0.0198166780499917 -0.0710615870926226 -0.0456601607801312
0.0934744089985672 -0.0633968104966538 -0.0452325698913898 -0.00474565137411788
0.0752359348801407 -0.0893275217493492 -0.014529585986997 0.00710884470678611
0.0776100948030948 -0.0942040728171633 0.00985168416839613 0.00577200358061643
0.0887054854611383 -0.0534651811466883 0.0326739666191597 0.00975916295289596
0.115350223326867 -0.0135746728137118 0.0387453208828221 0.0416022579823711
0.112566553264186 0.0814535289473232 0.0187788855388082 0.080482366911442
0.0408344186645994 0.156424250384607 -0.036552563479561 0.0788026865593917
-0.0805957414214853 0.139436648467135 -0.0753429683501418 0.0518932418030417
-0.172429453405897 0.0840421903433918 -0.0273487568949473 0.0311664732268052
-0.180864129495393 0.0257624661052413 0.0909836951770234 -0.0306769791111027
-0.169921503634184 0.0797072610108245 0.152431366925322 0.0124938696640369
-0.0889368983530968 0.175798610776938 0.168208896759899 -0.0646292565558764
0.0337887903652265 0.170239769424324 0.0935305105141189 -0.124109279846499
0.125495576619394 0.073644719884761 -0.00615204159641892 -0.115959577802936
0.114102286435579 -0.0110208411681791 -0.0252421978532834 -0.0563795947167187
0.0933310352105505 -0.0563748970605588 -0.00794796688090035 -0.0306116250561899
0.0758748206282313 -0.0844725324998645 0.0124318277116273 -0.0252637628113056
0.0758070120372985 -0.091101730783435 0.0363948381138394 -0.0253317607765059
0.0862458016685524 -0.0537713328686608 0.0605931879308693 -0.0134980643139977
0.110736511032134 -0.0153179909202691 0.0660216717586343 0.028200339192508
0.104966289068388 0.0775953167669114 0.0416664884871598 0.0734370751568524
0.0324356268205809 0.147506508966825 -0.019039193050731 0.0762007769796902
-0.0828215781843628 0.122803157745724 -0.0555937580392569 0.0350058911728944
-0.162070651224966 0.0615839862073849 0.0217006882682722 0.010047656205216
-0.136246351456217 0.00313111125365918 0.144845956685994 -0.0342709003718161
-0.141439162837755 0.0423274596511574 0.175016280844899 0.00862797216229278
-0.0895876231209416 0.128427256571303 0.168172635317154 -0.0393464308628
0.00990507870846142 0.138217885203804 0.110734478325006 -0.0915857789795247
0.0940410692664608 0.0679844738054651 0.0316950086351111 -0.095642883991212
0.0926388742013334 -0.00511763287151389 0.0155580264899071 -0.0593681541637658
0.0772515029364101 -0.0427456243135297 0.0258360134674327 -0.0514388143501863
0.0645439765653849 -0.0665381969809903 0.0370424517967904 -0.0535703112390538
0.0648509864614506 -0.0745167173800466 0.0607266423586456 -0.0524916817749398
0.0747896494642513 -0.0439872741689488 0.0851988005506537 -0.0314387515511972
0.09351980049378 -0.0102942061526911 0.0887366527569803 0.0210263070680951
0.0822895635989352 0.0700042555303285 0.0563693840518421 0.0694504881203648
0.0150716160505194 0.124545216746638 -0.00840554833111357 0.0729815278186646
-0.081941254628586 0.0904427535755507 -0.0397427282063673 0.018603709496545
-0.134076135025382 0.027785448880579 0.0651143074713254 -0.00582999452504918
-0.0677573218005865 -0.018586735344368 0.172979808721005 -0.0372708974894814
-0.0854408653179927 0.00417640869933851 0.180595761974695 -0.0031990408496116
-0.0641186411841216 0.0652661801479613 0.152949002571971 -0.0270215480874342
-0.00662692038121122 0.0815740105409719 0.109642254702924 -0.0663453232961128
0.0513629557451452 0.0461001313274023 0.0539619587288723 -0.0766298248438619
0.0568661652885167 0.000160041408540972 0.0432349644279282 -0.0594631559072797
0.0484523406400394 -0.0236340300861203 0.0496849715728956 -0.0647985893435139
0.0426899963408593 -0.039440497261648 0.0555299380007941 -0.0724822601878128
0.044713707221852 -0.0458261854298195 0.0808196055567516 -0.0715071427693204
0.0548770233803184 -0.0273688650189895 0.1052289230737 -0.0408023733953718
0.0663913566002705 -0.00257036419558541 0.107640552683152 0.022443701079137
0.0504490200428795 0.0562103217111438 0.0638440435412522 0.0722814733217046
-0.00493307887431057 0.0888671690709303 -0.00465004127369252 0.0745094714350253
-0.0723433094372869 0.0477568831896901 -0.0259717390914353 0.00769499809014062
-0.0894548971388104 -0.00991919647121748 0.100085808184949 -0.0114921616731284
0.0300392024171325 0.0212881032382527 -0.110692552117985 0.0614038794053076
0.0346633662269295 -0.0231910370012029 0.00708008540956573 0.0162411045161819
0.00994798983545905 -0.0392337139349947 -0.00789593630127804 -0.0796769477439523
-0.0218548049777744 -0.0228138578845608 -0.0856055367437445 -0.0707989875957451
-0.0253640014918495 0.00368711640012559 -0.128463602288443 -0.00460990723441492
-0.0122105845931203 0.00804402382356243 -0.117464593419527 0.0670888311275652
-0.0133618547913055 0.00721350204098819 -0.069154453057755 0.104857024515311
-0.0135774591495275 0.006896528423238 -0.0333316782544767 0.103246735402938
-0.012143386974231 0.00170278832477526 -0.031070602387989 0.0866619858842482
-0.00854802155544974 -0.00567267116778392 -0.0338589524837198 0.0788974297271671
-0.0022403688403031 -0.0168387074268759 -0.037736361136913 0.08143082333153
0.0168366294715794 -0.023638298034525 -0.0657017036607339 0.0825524876434838
0.0398027963825824 -0.00306818494627263 -0.106816288292286 0.0663138946147526
0.0344365293883158 0.0282368200916789 -0.134119186414191 0.0732395988714739
0.0128622178925519 0.0476510126601139 -0.140638246740388 0.102558236123869
-0.0244630336083054 0.067827610881093 -0.105630427732777 0.0461268671038382
0.0127667823939342 0.0372287384177813 0.0173917640790092 0.00970961193216891
0.0308052622392483 0.0201775493749273 0.00447312792584926 -0.100373790444228
0.0249164342983015 0.0038208029782992 -0.0845222149911277 -0.0960886816779344
0.0189657807231939 -0.00945078305705122 -0.141931875625338 -0.0210055104956687
0.0147539543147396 -0.0191429257227271 -0.126978795527172 0.0594774328652906
0.00692046833769489 -0.0296952124982422 -0.0766760334561991 0.100343528295336
0.00261085539521731 -0.0334310453748522 -0.0349934493357639 0.100463073774089
0.00895311582142162 -0.0363723457646379 -0.0278835772318171 0.083816030562824
0.024448408917419 -0.0250360885228853 -0.0260660569097665 0.0724953247579175
0.0412263315336977 -0.0158360008368602 -0.0254008326885857 0.076503528422742
0.0533422838982666 0.016477058659405 -0.0449823008348233 0.0853958706666507
0.0446668097460039 0.0573408415740584 -0.0864867355385932 0.0757483702281442
-0.00311717245554448 0.0785758628592556 -0.115649353814566 0.088201900081351
-0.0495995749749361 0.0856959353970229 -0.124880356747988 0.105119619139774
-0.0826578390977072 0.102016694252104 -0.0808904995815561 0.0219039663496514
-0.0243048969944273 0.0955686964908873 0.0397770973575116 -0.00340855086155328
0.0403007851018426 0.0896689262294102 0.0278880188396365 -0.122263420535011
0.0713583175345729 0.0436947675942473 -0.071198210180503 -0.125901696195599
0.0698197556622972 -0.0136781936944716 -0.144441916422448 -0.0457619311305826
0.0468427568420974 -0.0415503452184023 -0.126249696466249 0.041416181151602
0.0298460915100651 -0.0616791050691025 -0.0760230645747367 0.0817410097857536
0.0180109012383049 -0.0691526957364779 -0.0302564068503656 0.0818041750895679
0.0251673761193756 -0.0712515803518754 -0.0176693592534746 0.0674266346996409
0.0477993266170749 -0.0470476485865689 -0.00889062621002591 0.0569936644791273
0.0750639968310217 -0.0254576273444982 -0.00255934691129239 0.0670330902814923
0.0923916284563522 0.036947733401683 -0.0159037743251443 0.0867522602808314
0.0625789619809638 0.101076011835524 -0.0594485874118241 0.0859965193974682
-0.0203243487709015 0.122155525562828 -0.0913455543136539 0.095105870524903
-0.0957936131918925 0.117561961317259 -0.0920125524121328 0.0952134823981412
-0.133488216891015 0.117511894365833 -0.0369622488114502 -0.00797262788005016
-0.0704699207156476 0.138579069407383 0.0740643421688131 -0.0196345104776531
0.0330466811012255 0.155217091286244 0.0621936273697887 -0.137779271700955
0.104272239629101 0.091722612478918 -0.0424503882487141 -0.15036118617074
0.116266638892064 -0.00603787620678826 -0.128762977790386 -0.0735075426576804
0.0778297676398407 -0.0543311503605843 -0.111021747170997 0.0146678919453506
0.0513198845764115 -0.0830429541750238 -0.0647294027174202 0.0510856682570256
0.0310865113435887 -0.0945109796456175 -0.0212117213418168 0.0512508809242781
0.0340903970119913 -0.0985932599059365 -0.00306326002048651 0.0389505566810709
0.0601467619075601 -0.0663108741382125 0.0126001203025537 0.0321834430393054
0.0950731929586475 -0.0400979052203987 0.0233679717552277 0.0502125601137101
0.120656489798537 0.041189764520888 0.0150738048432937 0.0803368234892705
0.0823437820639152 0.124652642140029 -0.0317367126207877 0.0874306539810526
-0.0252637796858344 0.149152985912237 -0.0682222934233644 0.0888169327662985
-0.124389424465894 0.135253091977311 -0.0516881436462202 0.0716303866250059
-0.16245219089249 0.111573646992888 0.0197747784863976 -0.0381235983967813
-0.110851838477748 0.152175054996041 0.112616427108804 -0.0348314449033667
0.00803569862827393 0.194638019790505 0.0995102978141326 -0.137933210490224
0.111304768089542 0.131044984428291 -0.00135692807078203 -0.158632060082241
0.142500437382506 0.00961810110055377 -0.0935414091965457 -0.0938731315699752
0.0976415532384467 -0.0559546294391335 -0.0812950771070494 -0.0148352248907131
0.0660122436839925 -0.0906391057645213 -0.0452422096993552 0.0137626839018053
0.0399868286882075 -0.105588116231401 -0.00930982608623111 0.0134995903434578
0.038814546003228 -0.111429883167062 0.0114303404505139 0.00359500300826971
0.0638848568919022 -0.0779105172980262 0.0322555546345012 0.00171187564784858
0.100856815494241 -0.049643439638195 0.0474178213070338 0.0286090976372779
0.130529446666477 0.0389433268251179 0.0398550130793747 0.0669955435152722
0.0882825473793034 0.130714992566681 -0.0090172033122899 0.0816484887345123
-0.0284797023301338 0.154302810909864 -0.0505296637911492 0.0719187452721517
-0.135415220342601 0.132392009108134 -0.0105357954984116 0.0390128920372555
-0.160831088536572 0.0866423292405242 0.0796131328575353 -0.0635375198039991
-0.129903585546281 0.131790892647254 0.147763084355281 -0.0460811111432387
-0.0212594633287988 0.190642839129563 0.127294148263052 -0.121962386361154
0.0921858027361505 0.144104800264863 0.0391568880529506 -0.146975146330755
0.138279713866636 0.0244991410236829 -0.0473206488515154 -0.10074775582447
0.10054719649799 -0.0481231076876763 -0.043049423959088 -0.0402195039934468
0.0686603590947704 -0.0842836836173883 -0.0203600146016223 -0.02282087053123
0.041457325567811 -0.101111986689515 0.00485022883830225 -0.0253146426442838
0.0385021799263715 -0.10790028691018 0.0260881982352566 -0.0335871456602817
0.0617878256175812 -0.0772714286170124 0.050629897355482 -0.0288247227648676
0.0956639591638168 -0.0498057455372263 0.0684544722080232 0.00712846083169006
0.121333123814883 0.0378884948782446 0.0588872108471317 0.053371889523816
0.0774473948222921 0.124703692932758 0.00621000277079715 0.0741511252683235
-0.0358953084533701 0.139989130671713 -0.0383936820078574 0.0504234543797532
-0.133034808530371 0.108153236965535 0.0269422518363292 0.00520481233091158
-0.126857155546696 0.0491973858054051 0.127428574094976 -0.0809862162153251
-0.116977439944666 0.0873963959770865 0.1678634550207 -0.0536147127110506
-0.038027194568162 0.146816030446827 0.138599306610233 -0.0969011873276014
0.0580849918889547 0.122756353361598 0.0672661293608866 -0.122373885272605
0.108415528538236 0.0295196481197826 -0.0051134440108675 -0.096456709733876
0.0827770783346262 -0.0351018247156266 -0.00655410782434392 -0.0573938750523751
0.0585076121525619 -0.0658946240057548 0.00342565781390936 -0.0542584709339202
0.0372338629552644 -0.0817529285276416 0.0160484014627177 -0.0591055487733586
0.0341998925257133 -0.0884349712613669 0.0383457340146608 -0.0664391749391526
0.0541309718980128 -0.0650298823178629 0.067249452459566 -0.0546428553387698
0.0816154633168377 -0.0392989877017638 0.0875226630290731 -0.00747581233739566
0.0979481180281245 0.0387027605501507 0.0718073529951291 0.0460003386868805
0.0538944311358235 0.109408730646155 0.014773537452398 0.0688110664602096
-0.0459148224798675 0.109686123694888 -0.0284391377932068 0.0304954229735145
-0.1171621777028 0.068232323803403 0.0612798978174523 -0.0218894828526676
-0.0690853448902928 0.0047202456110662 0.151713011690789 -0.0908774912441078
-0.0773141452402792 0.0314124023366628 0.168883766196792 -0.0625097810371167
-0.0370318655968292 0.080110416259458 0.132215175073318 -0.0772635899433473
0.023135037753058 0.076605080159091 0.0778752888448413 -0.0989973773807498
0.0629963891398106 0.0241183530136202 0.0230855055452857 -0.0873092349776875
0.051558636750618 -0.0194166338928622 0.0190258563654236 -0.0675148045902581
0.0380909496477514 -0.0382758392786472 0.0215046862421294 -0.0756886344492345
0.026763647147199 -0.0500502518443063 0.0249823673769318 -0.0840627102587707
0.0258554941052161 -0.0561419698638878 0.0500794743318226 -0.0910139609524897
0.0417532866435463 -0.0431091107889148 0.0826609265203749 -0.069967289013467
0.0599645076641756 -0.0227296848254603 0.10525482926028 -0.0125861397173069
0.0640271723455815 0.0358782215864338 0.0794946803659248 0.0466750854267543
0.0233633438788951 0.0822692158038359 0.0188558664611369 0.0694571846291103
-0.051164491843235 0.0674180143052791 -0.0204344048604419 0.0167578023145388
-0.0868101630071594 0.0187191584213645 0.0892912293854011 -0.0386204000272407
0.0294709371446125 0.0205529297398025 -0.107583279677658 0.0614884730660851
0.033155288774972 -0.022479557315415 0.00856788102926365 0.0157907432643507
0.00875193580187321 -0.0382453039765836 -0.00814078361636893 -0.0791596709846195
-0.0213026402524967 -0.0218502326831902 -0.0853890625394028 -0.0693871397213924
-0.0241457346627912 0.00418468346581993 -0.127365968304213 -0.00268602508318894
-0.0121015420897404 0.00748644110786252 -0.114890284176229 0.0687807818889108
-0.013429947852202 0.00715056130545498 -0.0653784496087263 0.104064693192356
-0.0137902875319996 0.00699033894026682 -0.029436855517244 0.101440609923411
-0.012345859806872 0.00152953808975314 -0.0283521593765733 0.0863643707904708
-0.0084069070885853 -0.00585317234697373 -0.0318662202580248 0.079459732597642
-0.00189154453184178 -0.0165522443928399 -0.0358790119516706 0.0812182268028474
0.0163387117338607 -0.022619752740033 -0.0638234345139733 0.0822693411533504
0.0393016758657785 -0.00363663971725439 -0.105831446088183 0.0654261702656394
0.0336410775507945 0.0279276033448578 -0.131769657191345 0.072812849336359
0.0132179861963053 0.0465234888836981 -0.137943847667821 0.101976654782197
-0.0234923849365691 0.067328453298924 -0.102489690486185 0.0461726400517449
0.0124394925269129 0.0369767582574239 0.0178681779520549 0.00894955202851089
0.030633460764016 0.0197962421710666 0.00362796189984183 -0.0992742672136443
0.0255004011330566 0.00365074669960288 -0.0842907977205867 -0.094432303942225
0.019630195045104 -0.00960651563388839 -0.140836110651533 -0.0185247833798311
0.0143632193421475 -0.0189852653704728 -0.12445799754539 0.0613334692288563
0.00629658213471547 -0.0296732584524874 -0.072607836626494 0.0997782233138248
0.00126853532555308 -0.0329336252413488 -0.0306682526934328 0.0982305246324344
0.00793440701858678 -0.0365017345136302 -0.0252669893188592 0.0834127667222721
0.0238914861856779 -0.0251776638502497 -0.0238144455675734 0.073099979438945
0.0406009248360364 -0.0165068159518745 -0.0233440048857685 0.0763425409426482
0.0538149578508002 0.0158393651763732 -0.0429369741181202 0.0845657479569214
0.0449610699071025 0.056180117360265 -0.0850111572939845 0.0759701180092621
-0.00209555426746222 0.077807277501396 -0.113246817367656 0.0870514801689608
-0.0476896286242092 0.0848028173403997 -0.12271122854596 0.104685213605763
-0.0804039588606639 0.102336618566167 -0.0783339451999911 0.0226566634007338
-0.0231776913189719 0.094849519710025 0.0405926822509605 -0.00425269244903949
0.0414761208074988 0.0877294895475328 0.027107974697817 -0.121330942615855
0.0716248441158547 0.042799970537009 -0.0708975711490929 -0.123736680304586
0.0695018404296567 -0.0148437074909575 -0.143396901237028 -0.0423929196074512
0.0456547846346549 -0.0413255395149497 -0.123574729658398 0.0426058640215727
0.0283555614823449 -0.0615434742785584 -0.0721669443885644 0.0813027044276634
0.0158921409104009 -0.0684835081787555 -0.0266316058042965 0.0801701934900737
0.0222129074709817 -0.0717372288046749 -0.0154399293347495 0.0667045225567369
0.0464431266747692 -0.0472887575133374 -0.00671059356561764 0.05691582214799
0.0738234555981756 -0.0270198836223848 -0.000512240731261535 0.0666436563424077
0.0919366429104137 0.0357031599652928 -0.0140992747032409 0.0857053948410011
0.063615136558261 0.0992712675055963 -0.0586782688976295 0.085174485088956
-0.0193522467637301 0.120909109939076 -0.0889644793165699 0.093782895978785
-0.093231948715335 0.117425931457224 -0.0903711183778247 0.0947296000056266
-0.12997460962694 0.118287066201874 -0.0347351839400171 -0.00651048022308449
-0.0677287353148447 0.137925819159119 0.0731568898491028 -0.0202901825759501
0.0352311697057432 0.151929818667807 0.0607142740153789 -0.136776631909495
0.105132352022326 0.0894406825941009 -0.0427922123437729 -0.148743534468459
0.114768576549378 -0.00848287726403557 -0.127993794469541 -0.0691799975437152
0.0757347145069575 -0.0547267160752082 -0.108928146413151 0.0157391986454764
0.049391414037308 -0.0828052692127068 -0.062202570333761 0.0508515557274513
0.0275479906100915 -0.0948037679290636 -0.0191550777762022 0.0501725094761164
0.0310278672995495 -0.0980060887384706 -0.00196812299308713 0.0382814940835003
0.0584950711579828 -0.0667413066587685 0.0137368661731475 0.0314173416135597
0.0925002797121383 -0.0413461450269213 0.0251229323998964 0.049613736398941
0.120357346790798 0.0383532124481144 0.0156513850051291 0.0787315589663206
0.0836759731530469 0.121027362417851 -0.0310167947779959 0.0874151999866609
-0.0230396131014158 0.147710747898208 -0.0655824277225898 0.0880273600526852
-0.120351222148821 0.136161877336346 -0.0502240046125137 0.071130627440842
-0.158053355336559 0.113209522313197 0.0212253441632482 -0.0373857869632311
-0.108345070527087 0.151027949288377 0.111407584821088 -0.0349494476371846
0.0116933140124325 0.191063818656689 0.0972295008411829 -0.137376359603778
0.11219589751853 0.12803646991065 -0.00243071218465005 -0.156914356786933
0.14037500790294 0.00687950661221117 -0.0934370922113234 -0.0904983627012622
0.0955581850534817 -0.0573506031877074 -0.0804277577399687 -0.0137461798433084
0.0635007076408545 -0.0903090067656888 -0.044250717478609 0.0138007340754739
0.0355470072176354 -0.105387503773165 -0.00868012608718653 0.0133243133152496
0.0342097337290632 -0.110552540178294 0.0117705766398378 0.00338022464555952
0.0620714635420498 -0.077701967427199 0.0320610300998672 0.000872277767428972
0.0979544356105013 -0.0510310715687732 0.0481218498857287 0.0276710435262349
0.129744637446871 0.0366118382986014 0.0406992315922244 0.0651364650694814
0.0897800041387386 0.126893645654192 -0.00870577799604917 0.0818351029971117
-0.0255301323673905 0.152870549678453 -0.0483750111836217 0.0715875096066028
-0.131807827115126 0.133441613272873 -0.00991352678113522 0.0383974160269795
-0.156288671053632 0.0880372224856564 0.079130767347722 -0.0631161374290857
-0.126780467398388 0.13091957739163 0.145164958283014 -0.0459765060959158
-0.0177665129214913 0.18728383983111 0.12558050809343 -0.120306328082901
0.0929833593864828 0.141036338755147 0.0383840659584349 -0.146069970594688
0.137145418106159 0.0212412272291269 -0.0487807014419585 -0.0989324308106944
0.0973444063555517 -0.0495246137512112 -0.0428526035689679 -0.0388836321224696
0.066182194014032 -0.0843767345448701 -0.020629080174156 -0.0234756744581621
0.0378285989367746 -0.100884122463001 0.00351460691588243 -0.0245406499073695
0.0345321358620152 -0.106860036892172 0.0245667402925883 -0.0333876471132881
0.0595743913776416 -0.0768372991779681 0.0490853874340421 -0.0295641665019997
0.0929756490023238 -0.0506263619150932 0.0686540232394181 0.00631370999332952
0.120267738050625 0.0352734755821831 0.0592847895297605 0.0519314988534692
0.0787954974093939 0.121287724498261 0.00637646864857218 0.0737810535694767
-0.0333404914432111 0.138469329188864 -0.036394157441682 0.0506038696248034
-0.129027398894678 0.109707099692452 0.0270567012450541 0.00500710760308495
-0.123639889477033 0.0509659999872908 0.126190383248636 -0.081210289303883
-0.114175090116199 0.086697560977583 0.165056023598865 -0.0541452042931091
-0.0343097270380531 0.144282445454361 0.1357239473456 -0.0967393453009214
0.0594015061929871 0.120132276122522 0.0665632090553601 -0.121881151094326
0.107461850791615 0.0266189535477797 -0.00611071864213651 -0.0947304022588904
0.0809091661962889 -0.0364827843163292 -0.00696606924762497 -0.0568662592480805
0.0562153322733732 -0.0659188107103085 0.0017484353690229 -0.0537849868124769
0.0341303775912987 -0.0812462822290837 0.0141620527236287 -0.0577875928818065
0.0304901462035078 -0.087348081495561 0.0358778178171094 -0.0659675974667103
0.0522145695408832 -0.0648358673654245 0.0650125396538366 -0.0549128431766869
0.0796595353972976 -0.0395397022150364 0.0870202097842834 -0.00894045357926229
0.0971539050295616 0.0364502174285661 0.0718489366043121 0.0444183507982008
0.0552099192820613 0.106918161270727 0.0157453163695437 0.068506793542575
-0.0432880405035634 0.108480474609712 -0.027046838187299 0.0314164240152078
-0.114207792369294 0.0699985621183462 0.0596692445688049 -0.0225547593745355
-0.0675541423245714 0.00605133358509165 0.150199605738996 -0.0902859952175002
-0.0756896609160633 0.031394907378446 0.166517458340245 -0.0620437851714186
-0.0342250529872939 0.0788162563124324 0.129125246360016 -0.0770919274386899
0.0244704082970172 0.0754604851646397 0.0763759523709216 -0.0993737031393914
0.0613689788940381 0.0219857776501104 0.0221893992739314 -0.0866118334025005
0.0501476027697474 -0.0204716669708927 0.0178020069949401 -0.0680166295498266
0.0362923130801264 -0.0382359096598519 0.0188765735434302 -0.0750289117137861
0.024626704244288 -0.0496960054698674 0.0225140617706209 -0.0823561815225117
0.0236042687799624 -0.0555971513614667 0.0465021717680969 -0.089453754250567
0.0400285884580468 -0.0431931036106874 0.0800812910602191 -0.0707439487204484
0.0577751448747304 -0.0232009482158135 0.103521476102104 -0.0143880078812304
0.0641224103217111 0.035270260364782 0.0797983768130226 0.0455653568640425
0.0249135879719149 0.0802279950238427 0.0195374436497387 0.0691669879948423
-0.0485322712638654 0.066313530840081 -0.0193539851595543 0.0172114615957477
-0.0850562844143683 0.0206678853617968 0.0874733132414323 -0.0394321013823712
0.0297460231086782 0.0196107140908582 -0.106608743552179 0.0629632203967858
0.0325829535358449 -0.022612334637689 0.00983756367491158 0.0155423915701385
0.00772754600044376 -0.0377832486401916 -0.00831267271299936 -0.0801568302257776
-0.0212586961435281 -0.0209522598954174 -0.0863147580076654 -0.0683188501861936
-0.0232810128221174 0.00478394698649449 -0.127739602219389 -0.000433287623192556
-0.011685496298974 0.00745598056974093 -0.113303119138987 0.0717003819959508
-0.0135370435194098 0.00686968209987773 -0.0625388935233777 0.105258090402786
-0.0136346298438755 0.00741612972057162 -0.0265888012060141 0.10125969729744
-0.012896421308843 0.00145215907266449 -0.0255579741185434 0.0880468379326993
-0.00805524985904349 -0.00627977834245129 -0.0298656897653481 0.0812573495180962
-0.00217229821895145 -0.0169207684179384 -0.0342936717187934 0.0823285239265003
0.0159620695554778 -0.0228000023609995 -0.0625763798598313 0.0828695082404467
0.0385785956712918 -0.00375262118165287 -0.105650383466397 0.0666558527806378
0.0332919635802426 0.0276146440605061 -0.130509561412189 0.072938141618028
0.0136277809993865 0.0455860293905154 -0.138278944361303 0.103999246635969
-0.0228398088364247 0.067810520518524 -0.100768708321068 0.0477556583751649
0.012827251711904 0.0378168196021085 0.019565207417257 0.0083975821968091
0.0303901380274191 0.0198855685253638 0.00325250539276119 -0.0998441638474422
0.0263554455209289 0.00409580244606559 -0.0853397891382811 -0.0940807493803348
0.0201848273345595 -0.00982332268815529 -0.141505182912395 -0.0162727248272947
0.0143853192222711 -0.019729954993482 -0.123645865162637 0.063674523147633
0.00527137138751501 -0.0302913997783474 -0.0698981365106986 0.10114160040879
-0.000142705983218014 -0.0333513794833601 -0.0273969696038359 0.0977882219407613
0.00662564013304359 -0.0370539991354938 -0.0226612028763153 0.0848352809919361
0.0237593779137613 -0.0262913320112016 -0.0215658274649199 0.0740436564587488
0.0403968983005114 -0.0175733450254094 -0.0215001835505664 0.0775753903856842
0.05432448260819 0.0158537390162413 -0.0413159511442467 0.0850999780749632
0.0459410729008982 0.0560431861379507 -0.0855098372014662 0.0765577504675035
-0.0016756848562875 0.0784180975283812 -0.11227055098536 0.0867571481608691
-0.0469044597294997 0.085589120645197 -0.122633911088222 0.106506261661378
-0.0789387647592628 0.104498119674809 -0.0765531660891474 0.0232503706350808
-0.0228767700411186 0.0956979538363818 0.0412235195389806 -0.00463060226759488
0.0424806708765583 0.0870140165028955 0.0265382218421632 -0.121861739256852
0.0726836458901304 0.0431344116762379 -0.072069161197781 -0.123692529452268
0.0693581182676646 -0.0161569490008282 -0.144193806417009 -0.0396845797129881
0.0448815576905651 -0.0424674823859829 -0.122965647465207 0.0446636516904434
0.0271783161435523 -0.0622854632461993 -0.0701918265007259 0.0824229691696702
0.0132893097578435 -0.0689623982384671 -0.0242119072193584 0.0801121573302397
0.0198706835934853 -0.072379187092748 -0.0125710650364875 0.0675997060351288
0.0457663814082273 -0.0483600101274588 -0.00485001945980721 0.0576497252803892
0.0731710354666008 -0.0282985033738357 0.000839942220661446 0.0677310082658809
0.0928716572671861 0.0341453792121126 -0.0126848103862268 0.0860478262069076
0.066097897006114 0.0980946237136893 -0.0579964560941432 0.0862425375767637
-0.0179030970828132 0.122022823054886 -0.0875526965863352 0.0941455073590855
-0.0918248539938506 0.119870969337144 -0.0895233624746797 0.0964164316990995
-0.128150032014823 0.120884694991123 -0.0335825626695745 -0.00686910091520697
-0.0664470062821281 0.139502284910948 0.0741235740775606 -0.0210039484432053
0.0374485399576051 0.150530804714305 0.0596641335998458 -0.137237114795272
0.106549118572874 0.088683495973023 -0.0436680305304539 -0.148372685395678
0.114962322961575 -0.0101047941215636 -0.129012957264594 -0.0663176391160515
0.0751070370914964 -0.0562167913101114 -0.108974934360128 0.0176392984317083
0.0475456685510893 -0.0841861310109272 -0.0612821650447257 0.0519600457596998
0.0245463811517672 -0.0951132937919512 -0.0166902831255017 0.0502531558757837
0.0274055044986478 -0.0989048863371366 -3.82102568455608E-05 0.0385581758022484
0.0575870252270385 -0.0677453266574744 0.0148342513034511 0.0316447644130196
0.0919253245398049 -0.0430579078729907 0.0266831714718518 0.0500216334615546
0.121435874012497 0.036868481658066 0.0175467640252136 0.0784212214602297
0.0862119731663582 0.119955738428697 -0.0300479408962602 0.0882332895791358
-0.0207060104054399 0.14850340836485 -0.0640731882243645 0.0887894206467331
-0.118023356413741 0.139125233405627 -0.0494080689685157 0.0721723771221912
-0.15617899597149 0.116693655670409 0.022331087311952 -0.0377720516154152
-0.107029782100416 0.152661928962377 0.112094965266209 -0.0363841931223886
0.0147761900540159 0.190010891816147 0.0964710719607116 -0.138264178246887
0.114701218422919 0.12761961760393 -0.00242188253027739 -0.157599240023281
0.140454339186885 0.00364839866048005 -0.094922545317027 -0.088386091228401
0.0945519443251955 -0.0591173061846112 -0.0803429940296905 -0.0125426504028952
0.0618078133592202 -0.0920919245492999 -0.0437207168480403 0.0141292371370081
0.0326215119712755 -0.106261538325686 -0.00741166597434371 0.0133711579413975
0.0308856023046442 -0.110719977428868 0.0120037428797362 0.00297754580712984
0.0607922900265062 -0.0791963207599268 0.0322773588078311 0.000411789112380608
0.0969827592810532 -0.0526938108026083 0.0494077637702295 0.0271478479443201
0.130977806233204 0.0341710719645516 0.0425263260561146 0.0653389997553265
0.0926559282014114 0.124929443699987 -0.00849199749879862 0.0830815724843929
-0.0230843779232403 0.153451937921826 -0.0467382012512507 0.0724096522866493
-0.130195196717022 0.1368139317453 -0.00934176296553957 0.0391651498145529
-0.15482431359251 0.0914649859408567 0.0803387457275972 -0.063215711801008
-0.125867585895004 0.132929114502662 0.145664971833757 -0.0468757515622828
-0.0141980054396249 0.187311408268801 0.12453661364137 -0.122438580651862
0.0959625633287683 0.141062793386109 0.0378944920931502 -0.147726182472719
0.137617720190198 0.018282314926786 -0.0500557260639769 -0.097381872764474
0.0965937284979288 -0.0516802754761251 -0.0434038930859582 -0.0390318293464024
0.0642331687768859 -0.085806265539048 -0.0214820286264662 -0.0228080765626955
0.0349138519798047 -0.102431174938919 0.00329048655878685 -0.0249786294173249
0.0306635435411742 -0.106960662597097 0.0239308961231093 -0.0336547435296891
0.0583588789955981 -0.0784125973229225 0.0488641567358642 -0.0310127518976347
0.0915415991775001 -0.0522715728537614 0.0695299505090614 0.005130134399231
0.121275437225436 0.0330443479082001 0.0605825699035977 0.0517175068275999
0.0810952922341384 0.119389391828826 0.00751461235729993 0.075209219684451
-0.0308512254629048 0.138833735886108 -0.0352994071707653 0.0513331917139345
-0.128108795435528 0.113098765606369 0.0268011965522195 0.00463701511002906
-0.12245793206884 0.0532229668826355 0.126865897126533 -0.0816711802190381
-0.113577728786181 0.0885446111742158 0.165103647229376 -0.0548840498333927
-0.0325669871864228 0.144103046314949 0.135175265404834 -0.0978141506839792
0.0617640260060953 0.119955892936951 0.0662659225570079 -0.123594470159198
0.107217948472298 0.0241149623839294 -0.0078996993166048 -0.094857807222318
0.0793754835734175 -0.0385091955011614 -0.00806678594745659 -0.0578965954650548
0.0551468206670392 -0.0680294400662888 0.00039497894377365 -0.0541891430708883
0.0311018745481906 -0.0823958952603893 0.0126438968061912 -0.0578505185515673
0.0282632729573524 -0.0880056865359854 0.0340851792532493 -0.066842721223072
0.0508797065249297 -0.0661171490257709 0.0633070586641094 -0.0562568731443485
0.0783099925429161 -0.0413529216203502 0.087707444984846 -0.0103941560205887
0.0980190942611002 0.0352543929863725 0.0728133341585756 0.0443009567778917
0.0567393061057802 0.10494051796274 0.0162499276301776 0.0700726197978859
-0.0410538664013907 0.108627551529781 -0.0265640144982073 0.0321659899410422
-0.112904560549341 0.0725060434568807 0.0596806727380265 -0.0238147631559921
-0.0663362673944931 0.00772180930326988 0.150053645426472 -0.0919790641272216
-0.0755782028894849 0.0323640117344423 0.1661277538024 -0.0630604974019518
-0.0327550223137698 0.0786605696503116 0.128813238654219 -0.0787862891561409
0.0256209852212699 0.0748647843199717 0.0758932715508539 -0.100889970177489
0.0615579139780794 0.0211506895844491 0.021011855336763 -0.087658493289179
0.0485206312158602 -0.0208168245737196 0.0168792585989921 -0.0692187962376256
0.0352138472391527 -0.0384848690789383 0.0166859198276383 -0.075548710803179
0.0229719557925513 -0.0503112820586699 0.0202422780968174 -0.0817688590779116
0.0217474868149005 -0.0557203002600142 0.0441577034005866 -0.0903293233475731
0.038468563016011 -0.043903032838441 0.0778775919909048 -0.072279083865855
0.0571075940512479 -0.0240275962709359 0.103977718405442 -0.0162669316359163
0.0640871991314008 0.0342572399127257 0.0802026976446176 0.0450527339513046
0.0259187468033143 0.0792763541720259 0.0206836959328861 0.0700693338684276
-0.0468408057878546 0.066582205452301 -0.0189932973279716 0.0179055380572984
-0.0844371889531447 0.0227448287804262 0.0871701115280636 -0.0409748095373514
0.0297595655353191 0.0186533829588342 -0.105021006583976 0.0663687255799766
0.0316917460076 -0.0233306340840518 0.011266669688519 0.0148708716568761
0.00626659761433312 -0.0370015288091881 -0.00972857158795884 -0.0814584277585319
-0.0216884473823715 -0.0206183301609375 -0.0895566531220118 -0.0665816638390706
-0.0219881230790897 0.00534422931657305 -0.12944048801451 0.00408463850650118
-0.01183213531355 0.00776273436575054 -0.111957242854381 0.0766682103531081
-0.0135324414806925 0.00722341002107004 -0.0586811649805758 0.107591019750638
-0.0135707247163583 0.00791881081033039 -0.0224541022958146 0.101461575589615
-0.0129770268453468 0.00143230813722655 -0.0212737530706427 0.0899955172295899
-0.00910865367173568 -0.00662860336885232 -0.0260493910776005 0.0837461837465157
-0.00243886886772419 -0.0170707490911913 -0.0312888704067991 0.0842478841412109
0.0154240488537379 -0.0226862751557702 -0.0603439430542372 0.0854837070413807
0.0389821167010267 -0.00495192432058463 -0.105132921358756 0.069364413540318
0.0342812470379084 0.0267195584140487 -0.130450892571242 0.0752906395985348
0.0150282499969312 0.0452551918217378 -0.137261153750253 0.10800528418749
-0.0217209995623568 0.0691917677265775 -0.0994180513512354 0.0509536344706489
0.0137582880362525 0.037841392326994 0.0208787681807008 0.00792081593763221
0.0309456083463216 0.0192676842967936 0.00139861343036882 -0.101531460865576
0.0268976949975526 0.00308454512319667 -0.088294127511776 -0.0927068591201861
0.020463346960472 -0.0105569469845181 -0.143123980506177 -0.0109951092580893
0.0132904251426113 -0.0203370862852847 -0.121966510355309 0.0694571646127705
0.00452999532191038 -0.0311150953015235 -0.0660377790528479 0.103609914907553
-0.00161594604655324 -0.0336467643230412 -0.0230866710811511 0.0982251476416396
0.00414043005397647 -0.0373286820756896 -0.0178686542173292 0.0867245378054209
0.0229755703122913 -0.0279557832926761 -0.0185092895878175 0.0763292580682646
0.0401760691191832 -0.0197007261525324 -0.0185539701298171 0.0791910520565562
0.0559196208402558 0.0138889597284258 -0.0389564826212442 0.0871781853900292
0.0485043496328189 0.0548209423521595 -0.0841011549740519 0.0795029827595644
9.4677703807274E-05 0.0794323259641509 -0.11035130359938 0.0898837031963632
-0.0443378039149066 0.0878760952147964 -0.120546670461934 0.110412834256466
-0.0765889428583036 0.107469046507889 -0.0751731160331409 0.025208232209752
-0.019865085825664 0.0975434770356266 0.0422926445428187 -0.00623456180003735
0.045446757352185 0.0860591726313157 0.0234668382079927 -0.124136155350698
0.075642740685555 0.0405972380038757 -0.0756098709020085 -0.122660562829089
0.0695029326955539 -0.0186588349699574 -0.14638227708039 -0.0348565854706978
0.043788202929616 -0.0444665600073094 -0.122329232709677 0.0495651088519336
0.0250027736887893 -0.063956237697697 -0.0666452578777302 0.0851063465061932
0.00974607710209002 -0.0700993570330257 -0.0201001431608872 0.0802360567521769
0.0158809354368212 -0.0735099238034827 -0.00909787630952334 0.068650513191351
0.0448246418445452 -0.0512636807266966 -0.00181497274060369 0.0591128267671276
0.0731214780257978 -0.0313257689844562 0.00430483483754979 0.0684436151709812
0.0955074122634957 0.0313625239102719 -0.00959255314819624 0.0870010219625734
0.0701614067384135 0.0965908160583149 -0.0566118485861477 0.0888577443194567
-0.0144629631733966 0.123400140553877 -0.0853490238962235 0.0967755337436719
-0.0889274258390804 0.123785675820429 -0.0875751437559628 0.0996743202363206
-0.124555641962084 0.126006155066785 -0.0329293110756555 -0.00592177244820278
-0.0638756984548368 0.142642671465278 0.0747906317294845 -0.0230726096286261
0.042741208367419 0.14957366627348 0.0563932883448491 -0.14059846646236
0.111646701780527 0.0858943844061962 -0.0478166527998164 -0.149303562519502
0.115588332012897 -0.0155802418229204 -0.132437800897396 -0.0619499477870446
0.0736596485882346 -0.0598016071539514 -0.108577022858785 0.0216589384739232
0.0451516258435787 -0.0874001834976379 -0.0589675307840001 0.0538767185227237
0.0201788225754918 -0.0968257105045761 -0.0146364241899205 0.0503960498288843
0.0221860502148021 -0.100196532400233 0.00195256015506869 0.0395002348974676
0.055759644424683 -0.0712659608882242 0.0166009381263666 0.0316845110883356
0.090513976632686 -0.0469656615755082 0.0296031454575422 0.0496099740957832
0.124634988057548 0.0326735533135737 0.0207560083882466 0.0787426329840159
0.0919274246996908 0.117622671465767 -0.0280753698812832 0.0909559050536649
-0.0163057738865075 0.150543897828457 -0.0616393526702177 0.0905106443963427
-0.114855942274892 0.144760169827162 -0.047616998601739 0.0739370546890558
-0.15328381592938 0.122652323208054 0.0230187165839791 -0.0388974646245433
-0.103218351575917 0.158011594182003 0.112083327158065 -0.0400477916383892
0.0214062266135348 0.189442623109963 0.0928393725121561 -0.141548086370295
0.120762038079808 0.124609253018666 -0.00672246174369257 -0.159505471625594
0.141723353014086 -0.00214934651181726 -0.0986424578591538 -0.0848304995938277
0.0931911428978617 -0.0632517501760483 -0.0812105303709339 -0.0100528801753589
0.0590912237907296 -0.0958033786619778 -0.0431528515773127 0.015279635024071
0.0270242363135576 -0.108542584155361 -0.00691336917156101 0.0133779022939514
0.0253736604764896 -0.11247670926674 0.012695342097069 0.00289534685767633
0.0586324023744444 -0.082214627791856 0.0330217801717506 -0.000382896065753808
0.0950570230741325 -0.0566826662345418 0.0521154368690296 0.0257402080295958
0.134041714898409 0.0299226076370126 0.0449474553446025 0.0645236186459422
0.0983691112211738 0.122018613480068 -0.00551205196416666 0.0850013550037507
-0.0179708176204962 0.155168129014783 -0.0449441111368441 0.074177128156725
-0.126469902641931 0.14320097519766 -0.00839369154352222 0.0393615744489757
-0.152754028024983 0.0971637942189596 0.0809374643221683 -0.0661042761069767
-0.122807212733781 0.138504127142781 0.145668894779942 -0.0515606048502917
-0.00904560125880375 0.187748546562986 0.122560117156533 -0.125881355730336
0.10172492675019 0.138727623399308 0.0350201546837907 -0.150301174896739
0.138669092662629 0.0130687473935162 -0.053481853163293 -0.0959940731025178
0.0954222748820377 -0.0558061262637152 -0.0448852205836744 -0.0386888921015923
0.0616108787000438 -0.0896648156252322 -0.0224789231314423 -0.0220615760801703
0.0296362623205241 -0.104503943940051 0.00189925638042023 -0.0249135304260783
0.0258545512946936 -0.10906294165099 0.0225324934923764 -0.0349189660646103
0.0557782010739209 -0.08092991045303 0.0475707483435962 -0.0327808266278573
0.0893628386356105 -0.0551979018741063 0.0714465966480374 0.0028536990901877
0.123723377611472 0.0299545826320822 0.0628007994968303 0.0500167798257358
0.086433456712506 0.11642969044879 0.00959816192660952 0.0772545567918
-0.0260843314789678 0.140433494260244 -0.0338293144597891 0.0534916992583986
-0.124358295681995 0.119187616176312 0.0271909720442634 0.00328480707701421
-0.120519738787001 0.0579861891932283 0.126988876422416 -0.0859697708570355
-0.112912951690681 0.0927821987856572 0.166088808102228 -0.059298477272937
-0.0281027331729291 0.145400730275166 0.1338535886552 -0.101971442587643
0.0660821620816165 0.119243096350579 0.0633693596641416 -0.127269815677725
0.108899351666441 0.019336116984548 -0.0110654635852503 -0.0951839271798132
0.077440612846375 -0.0416156234483946 -0.00961879295554833 -0.0589058905666693
0.0522457941980293 -0.0701037745745935 -0.00209132292002852 -0.0545218411596082
0.0278257779588137 -0.0844435307587687 0.0101230734255371 -0.0585244482789058
0.0241463068142344 -0.0891594218278089 0.0312583476848572 -0.068120642090979
0.0488819265685922 -0.0685043523420789 0.0613415978423559 -0.0590019923858619
0.0769138753306676 -0.0441597573799757 0.0879419209753015 -0.0140877638507018
0.100443733635522 0.0320414278219532 0.0749093065140568 0.0420336374218699
0.0614010474935344 0.102862718326244 0.018626295797336 0.0711596969952216
-0.0373714075653094 0.110749538459704 -0.0259019057582323 0.0332528160580207
-0.11098695053701 0.078153514286508 0.0592435857054381 -0.0258426707476149
-0.0657324705471493 0.00949243211675336 0.150227320402907 -0.0966499854577235
-0.0759337016036821 0.0349693446574093 0.165947053152733 -0.0669811761342115
-0.0304935794489038 0.0791670695711611 0.128025931017554 -0.0822533715362928
0.0277883774275235 0.0743272482767893 0.0736813354331719 -0.104040201938528
0.0618252462317741 0.0187191556349242 0.0187130879671329 -0.0895916768257338
0.0472769258334006 -0.0229255176516274 0.0146926675378702 -0.0710633738165523
0.0342951365238598 -0.0406825968063934 0.0130300712002518 -0.0771437221642059
0.0205079626981127 -0.0517236497907225 0.0166609591558556 -0.0820254923019895
0.0193101735719872 -0.0564218488793809 0.0404045045369472 -0.0917731589486111
0.0373255924760738 -0.0456370864328086 0.0752382167913749 -0.0750299319133954
0.0560781599193656 -0.026016653205339 0.104424973680859 -0.0205025012094538
0.0662848996167701 0.0323326248935142 0.0832512868258813 0.0427699645979261
0.0292839753372962 0.0780409842648083 0.0223793355476976 0.0711888816952344
-0.0451061410986094 0.0682509410595252 -0.0183542724212702 0.0189182711130109
-0.0839324422425793 0.0259934392589514 0.0862796345955958 -0.0443614546354885
0.0295789784537221 0.0172212107747837 -0.100790722026392 0.070922850375377
0.030062025213706 -0.0237563440512519 0.0130099959302291 0.0131037982454614
0.00449173677680884 -0.0362061472009527 -0.012771105575076 -0.0816585459249102
-0.0224156062490846 -0.0192205608795606 -0.0913030847398945 -0.0622455023387051
-0.0211932397717721 0.00656046813106676 -0.12872753270943 0.0109867900661348
-0.0118100319651884 0.00834568384320243 -0.107284320652017 0.0833295491846996
-0.0135506642450256 0.00765358420506957 -0.0524360037296285 0.10930670136022
-0.0125345818108295 0.00831469257604142 -0.0168171374634494 0.100659879624725
-0.01302031665562 0.00236320672278487 -0.0153014258445585 0.0909656313963809
-0.00915252939982069 -0.0065195800422217 -0.020951220342833 0.0854890990109758
-0.00325047463839627 -0.0174274554832613 -0.0268711776159621 0.0855624708289568
0.0145271320782567 -0.0228951058173665 -0.0558508543134791 0.0870612130039032
0.0382713553643742 -0.0060945498634611 -0.10290692281846 0.0735983035899381
0.0350036582076844 0.0247985469425342 -0.126725413813364 0.0800148423220936
0.0167892527507724 0.0435705399625953 -0.132310269636222 0.114456806252216
-0.0188749944463075 0.0698855922506858 -0.0952211524282686 0.0546527634847665
0.0148663563271449 0.0377021596024831 0.0218827442112891 0.00601464847912376
0.0320921252925703 0.0185818140799577 -0.00277896564568475 -0.10179564633367
0.0278176984991381 0.00236060486038502 -0.0920642159606492 -0.0884061530906852
0.0205293680182941 -0.0120477189953088 -0.143008414013832 -0.00282815822760713
0.0129383806968143 -0.0214225718742764 -0.118385063177603 0.0757878869470349
0.00306227454127384 -0.0315109673962056 -0.0601681438154969 0.106252234095581
-0.00368134243546077 -0.0332157766052583 -0.0172971290591454 0.0978853057231891
0.00144766349299203 -0.0376090711738913 -0.0117767620634931 0.0872946874895423
0.0218335742187581 -0.0294134312332369 -0.0126302542015913 0.0774545213109883
0.0392658859564948 -0.022044618799848 -0.0139132297983541 0.0799442391104594
0.057066537878652 0.0116998300780421 -0.0344482339071858 0.0877875165441576
0.050989914657661 0.0523161758709354 -0.0814603425689121 0.0830025737518009
0.00378020875216109 0.079069729772011 -0.106208711406157 0.0935129765382244
-0.040628067728119 0.0893272917723816 -0.115317813139891 0.116098867919973
-0.0714521619470463 0.110835738168875 -0.0723206407406684 0.0281475963933904
-0.0157992908777234 0.0985143513007425 0.0423481303029719 -0.00860971668458875
0.0499404882253549 0.0838229313988901 0.0183421091089791 -0.124727350195811
0.0777961763122311 0.0373060068341866 -0.0799561527795545 -0.11915217885897
0.0687101935811204 -0.0228216403069464 -0.147376222398263 -0.0264472296667966
0.0422391514702138 -0.0470428165923666 -0.11870173507683 0.0561824335718727
0.0212517175831818 -0.0659287184184995 -0.06153621677999 0.0878308439024455
0.005341639163307 -0.0703940024170688 -0.0150263893747121 0.0797505091808885
0.0112954531496067 -0.0740083769695994 -0.00401858923993733 0.0686887994707295
0.042178279090757 -0.0541726938765924 0.00220530539466385 0.0590953600125861
0.0707873521747815 -0.035569937577509 0.00862595309149949 0.0681992573673433
0.0976165404616583 0.0264636804247443 -0.00484590710204589 0.0873672253309272
0.07517942960933 0.0924467217180216 -0.0526626585750001 0.0917994225893946
-0.00815257510040225 0.124140613104088 -0.0802912981257711 0.0989917177918188
-0.0824316955570274 0.127537928653686 -0.0824188057219821 0.103467125830387
-0.117554759801609 0.131415057791744 -0.0309460083503062 -0.00539678782275171
-0.0564593896774582 0.145259311650747 0.073826228731781 -0.0262807074175405
0.0496824105096931 0.146847098854539 0.0503709061014787 -0.142299766762984
0.11566492692316 0.0809061301122937 -0.0529624423155758 -0.146216455657095
0.113708197300307 -0.0212698306231588 -0.134316375199859 -0.0543735133091183
0.0701679890115946 -0.0635129570292821 -0.106902476155896 0.026954368336315
0.0395308201513654 -0.0903894433043079 -0.0555933673812252 0.056055696270382
0.0137384992505194 -0.0972601388631157 -0.0111179674539549 0.0498434614019548
0.0158985213953465 -0.100806786855557 0.0052143468932779 0.0388628115241461
0.052060219328044 -0.0740503902436895 0.018840841175924 0.0308808347326966
0.0871411230254666 -0.0518520798567914 0.0328269937612713 0.048090810115959
0.126415049097741 0.0261187824246593 0.0245628748376608 0.077614420625125
0.0973890975484857 0.11181242159541 -0.0242944099786563 0.0929509739828455
-0.00854290395987588 0.151017622171843 -0.0566861981627998 0.0927991442591577
-0.10693308400453 0.149890817803187 -0.0440696007909092 0.075772705915969
-0.145736306312445 0.129575128414902 0.0229647686170196 -0.04064481605394
-0.0957342905581157 0.162018915464045 0.110330664151301 -0.0444314121133867
0.0299006198825745 0.187015402761783 0.0870779835620724 -0.144366656590873
0.127336215641215 0.118749051547008 -0.0130612085339956 -0.159320178445138
0.140610723936893 -0.00936068905923887 -0.10168761972705 -0.0792049685016864
0.0893023199792673 -0.0681101174470294 -0.0810324109337861 -0.00695133254553645
0.0535594078149419 -0.0994765359182163 -0.0420657695592818 0.0175150508896085
0.020221430843824 -0.109403008813312 -0.00535404049392465 0.0129820494308093
0.0178863433309735 -0.113074108358249 0.0134640603487068 0.00254340540636125
0.0541426373454645 -0.0853555300575054 0.0331875874387352 -0.0019957631468447
0.090974185383996 -0.0612230223896799 0.0544309365641767 0.022993681838062
0.135108287440488 0.0233523344073381 0.0487623162153536 0.0623967444640489
0.104318208647449 0.115633160078819 -0.00171544429921835 0.0861793038162675
-0.0101341671583449 0.155909741044543 -0.0404438524087268 0.0755796944387101
-0.117459131512633 0.149712955641422 -0.00625571477444841 0.0392560596757254
-0.146147333117212 0.104063971277049 0.0787631820140669 -0.0699489948103287
-0.116908560647427 0.143494551471837 0.143380187166438 -0.057332579021005
0.000367138142180101 0.185423445507131 0.116271990243614 -0.129761520236955
0.108531599206838 0.133657117178137 0.028864177158264 -0.151783661530574
0.137887864526586 0.00491018711866146 -0.0578067850832674 -0.0925366261420162
0.0908883401653285 -0.0606928993908959 -0.0462448431900253 -0.0366025205804441
0.055970840402864 -0.0928561315073563 -0.0233831867324211 -0.0205859721830469
0.0230873169124081 -0.10526580541069 0.00129593664348163 -0.0254341507480692
0.0181620361996112 -0.10889122366465 0.0209284341603567 -0.0353133176604133
0.0511776761477164 -0.0843115739937693 0.0456053435951804 -0.0347132029867085
0.0854774977522051 -0.0597042724964311 0.0715800018830436 -0.000385881660640849
0.125777267631833 0.0230400339634255 0.0658412617374167 0.047727864327757
0.0926846293931742 0.110430737985238 0.013375557241267 0.0778456752401265
-0.0182944245298307 0.141106058902035 -0.0309793749035833 0.0540366233534874
-0.116631284873574 0.12554224618799 0.0271259388791966 0.00185325998065046
-0.116522047517219 0.0630475751297082 0.123731968868909 -0.0913105849207579
-0.107769782628106 0.0977507688940853 0.16319136058957 -0.0661419757570552
-0.0208602300031957 0.144775569333438 0.128995703992488 -0.106601253626801
0.0716191032307802 0.115048114632501 0.0574666378298364 -0.130062981253864
0.108480260330148 0.0136162574643429 -0.0153525399450042 -0.094068132617981
0.0742941142530744 -0.0453914452171947 -0.0124828864618309 -0.0589677720128934
0.0481128581239983 -0.0729800534428914 -0.00504903102196767 -0.0538786078612717
0.0222270064135975 -0.0849071758684747 0.0071243907803347 -0.0575392122447566
0.0182543164812541 -0.0892528297012553 0.0275249201076658 -0.0683477345080259
0.0450410634214075 -0.0702164938941655 0.058005070756893 -0.0621995189240041
0.0729244845737116 -0.0473925216110307 0.0872422160559987 -0.0178670762053654
0.102106079743599 0.0270840031424411 0.0775194165728599 0.0387298809299341
0.0663490529815115 0.0982594671593248 0.0220128975877589 0.0713032058329506
-0.031361266235762 0.11204320796766 -0.0232493454474421 0.0346754488270314
-0.105469737274131 0.0831486904587388 0.0576203469007033 -0.0289290964103219
-0.0647545589178354 0.013009456247644 0.146972459832891 -0.102658906730787
-0.0732109291441763 0.038330511978651 0.163792426812828 -0.074329577429035
-0.0269284155995522 0.0793930366670126 0.124021008173358 -0.0866676033446954
0.0308609774838006 0.0731458148274613 0.0689009802569263 -0.107336933702887
0.062165710793169 0.0141459397948578 0.0141603759103535 -0.0901594540615669
0.0451351196048217 -0.0253177512727534 0.0113578160587133 -0.0727997213886339
0.0311966473347279 -0.041836552646358 0.00891128683418758 -0.0768052520268047
0.0168936851209343 -0.0525942906234247 0.0119955632165779 -0.0817084524808082
0.0160463414874792 -0.0568474737760153 0.0342841587802931 -0.0925320352698577
0.0339476718990445 -0.0467585391476544 0.0701724275018122 -0.0786675757977215
0.053987209748127 -0.0281421412439373 0.102244862612779 -0.0254737994772605
0.0675299561881158 0.0285192391925199 0.0848765970255635 0.0394722015509357
0.0325285956007961 0.0753049065983032 0.0260159178709801 0.0711268958417215
-0.0406892189214721 0.0695447170035063 -0.0175490577136484 0.0198053099780351
-0.0816096183596455 0.0303400168766848 0.0828377505756777 -0.0479601298551752
0.0298921149518866 0.0141893846310202 -0.0864487325634707 0.0827731205473608
0.0246928164165722 -0.0274917554502187 0.01532304295304 0.0122365928229226
-0.00275496280895374 -0.0356006586902209 -0.0229043463152147 -0.0764052534517703
-0.0260038769226324 -0.0148106678626139 -0.0958650514494701 -0.0470799114864998
-0.0212710300402215 0.0102738096131153 -0.121880717078205 0.029755966217061
-0.0109392126892448 0.0129188709840882 -0.0889511460862995 0.0957652229332452
-0.0112312610500264 0.0115696902046976 -0.0325011566434666 0.112033267709851
-0.0100302199595136 0.010957201687054 -0.00103003724210454 0.0973647196920384
-0.0114365715378116 0.00518620862277628 -0.0013791463197135 0.0898158975438144
-0.0091239453166552 -0.00515250986597492 -0.00822087141226062 0.0864532371122236
-0.00484621151443972 -0.0161585740272001 -0.0143117349608557 0.0864252815612965
0.0120462577430214 -0.0242487873134333 -0.0442140346873109 0.0912419763446252
0.0372866655850245 -0.0104828334304508 -0.0920066757199424 0.0835849985297335
0.0381568773527543 0.0191696205786348 -0.113238458389056 0.0908969947904485
0.0226251424216008 0.0402665837167668 -0.114025808794903 0.124228326553517
-0.00752381996139783 0.0724459882863175 -0.0843218012478232 0.0635190531669381
0.0209846234701189 0.034062401782427 0.020180929454041 0.00223328842326337
0.0330278567771376 0.0112651805154871 -0.0192156427298591 -0.0964379263478073
0.0248268131234609 -0.00371061453589938 -0.101870859160015 -0.0694486528058746
0.0147241126411782 -0.0137380829237872 -0.13749973443141 0.0205942817931456
0.00717739634845876 -0.0187949346263712 -0.0995588675931254 0.0915659548942162
-0.00320245742458939 -0.0301016921169255 -0.0406174046697974 0.111539841034918
-0.00801651390549718 -0.029912316320287 -0.000979457204784283 0.09425484201136
-0.0041333479010436 -0.0356832559176736 0.00175364770987088 0.0852209946433571
0.0176118083327748 -0.0325230173966154 -0.00210281934610598 0.0778577385347567
0.0348886506673185 -0.0272955336672723 -0.00279030902148328 0.0795041732110279
0.0589457794362302 0.00235992498503884 -0.024312002185938 0.0889463715796575
0.058465210809891 0.0433176503593084 -0.0698714464846952 0.0888926566425363
0.0161740097782559 0.0755903238562219 -0.0897601522798461 0.102459836413986
-0.026153518037609 0.0924192484390088 -0.0956396826381861 0.124359782060481
-0.0494994681494634 0.119630973050461 -0.066646083981254 0.0312824074539008
0.00266838289491168 0.0967391057244644 0.035902932149099 -0.0172463972031015
0.0610061490703912 0.069649306464003 -0.00613991373819879 -0.121749703220133
0.0793735591567817 0.0207433724261803 -0.0986251047993322 -0.100653725536792
0.0589361371176792 -0.0317126073168984 -0.145452451810566 0.000837043499442947
0.0309312894651284 -0.0481305313713277 -0.103123323201247 0.0736894363181438
0.00912106288830124 -0.0669556380252159 -0.0451794705505414 0.0956674091143698
-0.00520139952113937 -0.0670839571707977 -0.00154434233659499 0.0770686724273459
-0.000986241429959448 -0.0718963591866338 0.00767796390331836 0.0668641178504985
0.0333082141900312 -0.0593635228806849 0.0102306814462268 0.0586370741956941
0.0625710573561233 -0.0453260378411638 0.0170147347849899 0.065910017310537
0.100841218610389 0.00961445696708864 0.00325616725210556 0.0843471026021831
0.087350013757411 0.0774838739688448 -0.0418325968462835 0.0924377763500771
0.0109760661309101 0.120840453957549 -0.0629687360591658 0.104591116234506
-0.0613029472052104 0.135244097469226 -0.0637423166290443 0.109128243911734
-0.0900967873607864 0.146552261000682 -0.0317212702038678 -0.00886856953253888
-0.028328811340483 0.14720892115114 0.062098505973492 -0.0419500248467331
0.0714248214690149 0.12948725451053 0.0194675887145345 -0.14396800968168
0.123392504128978 0.0555612761037546 -0.0795913582954614 -0.130840469299243
0.101283728008309 -0.0388923577031028 -0.137134087755975 -0.0261764687216629
0.055489465557873 -0.0693585153474222 -0.0965362905680034 0.0451206968477658
0.023217709146326 -0.0941053397357632 -0.0449532860504125 0.0657879978821076
-0.00154196154290715 -0.0935324632637501 -0.00120206598108541 0.0487634818725504
-0.00159308452079984 -0.0990639519720533 0.0120501104231956 0.0368931043926862
0.0388909891631842 -0.080892744366636 0.0226755014985394 0.0293855775600949
0.0762047137430922 -0.0637055208727928 0.0381276459615469 0.0439032282203236
0.127980756155972 0.00483221600289522 0.0304869281544544 0.0715789274630977
0.112337860956002 0.0917182063977062 -0.0138926484124237 0.0900855666409179
0.014853539647867 0.145795272019119 -0.040337400264478 0.0953835155064308
-0.0817288745830255 0.160677675720507 -0.0289052136695823 0.0784545672378443
-0.116894304431214 0.147424747564906 0.015373933986001 -0.0510063968098048
-0.0621849891443848 0.169458297856006 0.0946247704272507 -0.0660094714527905
0.0597976445808544 0.170295627139046 0.0521714824646547 -0.153433409719357
0.141103974203282 0.0889061827136661 -0.0445266015378319 -0.14865910019881
0.128920798720191 -0.032706390135512 -0.11061619632172 -0.0534167711328565
0.0725414997035402 -0.0776842342990939 -0.076699619430144 0.00893149481986024
0.0344174646423986 -0.106002155727306 -0.0378237631545127 0.0276728538358777
0.00229134139370324 -0.106625315526212 -0.000649154585170995 0.0139557678634136
-0.00192851654893227 -0.111514679657639 0.0144824352805232 0.000469290441367273
0.0383096259965095 -0.0917883663005509 0.0318911881517416 -0.00416873634212386
0.0777378754957149 -0.0734449184322479 0.0550245687504935 0.0170901238954086
0.136033610190848 -0.000771616772480315 0.0517882958574304 0.0543340645111707
0.118958087150015 0.0943960873853922 0.00756842499928555 0.0804644693246157
0.0137964560359216 0.15065734811322 -0.0263044095111917 0.0769552631160293
-0.0918807556850256 0.161010688358269 0.00345849680092337 0.0394205974147038
-0.120748324118573 0.122137764483781 0.0652422435417155 -0.086602594768469
-0.0844154866624768 0.154273824270834 0.125217426980067 -0.0834541003644401
0.0315107237452266 0.174496230440219 0.0826033176044279 -0.144541742116278
0.126987473011987 0.105792059247365 -0.00424666083498035 -0.149640655567832
0.129898222705208 -0.0191752565545843 -0.0709070400756429 -0.0738133688530583
0.0756113560655891 -0.07180799467552 -0.0486954366244334 -0.0253541940418078
0.0379462453602661 -0.100722326270674 -0.0267776036816768 -0.0128901382604207
0.00586508994130719 -0.103847696204051 -0.000671412939193616 -0.0230837674638166
-0.0010082749222088 -0.108184610412098 0.0159051367155751 -0.0357196972702248
0.0356590618056343 -0.09056073948957 0.0388511468998683 -0.0378292927267793
0.0724805663224827 -0.0713670306029607 0.0684581160273549 -0.00834911674191792
0.126372578953668 0.000661172724761155 0.0661358951345521 0.0381120419082246
0.106094086217731 0.0909431397050234 0.020981475880737 0.0704800159589781
0.00335252809204168 0.137816440929802 -0.0197905808834082 0.0560253480822484
-0.0956839421421616 0.137934144636443 0.0307689136338617 0.000109133103317812
-0.0990388563155323 0.0770880756177926 0.105903504768007 -0.111370448504924
-0.0839993544913686 0.108708023614565 0.144336604045228 -0.093509111220487
0.00496678478441466 0.138723571932236 0.101179288203765 -0.124623023214451
0.0895669354045665 0.0952305989713927 0.0286774624254511 -0.133817351391433
0.103680136944387 -0.00629753514735858 -0.0310072583664717 -0.0825476626072037
0.0618890395414336 -0.0551972459721062 -0.0199961543294287 -0.0523300588320401
0.0331616168229616 -0.0800252416030623 -0.0145432594498727 -0.0479536988678913
0.0075301643977203 -0.0843900335848456 -0.000418069272887258 -0.0552623265191282
0.00186674699057668 -0.0894397137166779 0.0171848820591175 -0.0688588189795172
0.0309830922687477 -0.0761210314097319 0.0472270722833091 -0.0655248519452627
0.0624462459938207 -0.0573424935059408 0.08119060757523 -0.0274833476065058
0.103897573568144 0.00884917460469155 0.0774553398736112 0.0275686460768011
0.0789300681385204 0.0828489771246804 0.0297117317754594 0.0639592600647608
-0.0133122749637793 0.111067341573033 -0.015725383652387 0.0365522065432236
-0.0905500582129668 0.0951632487044769 0.0549246661660294 -0.0328527908942307
-0.0580372112424307 0.0194527470328784 0.126306280533442 -0.12236260368875
-0.0619335415397372 0.0462206092739642 0.145363313117414 -0.0987707062134927
-0.0122366221474173 0.0777342607354943 0.10292701142363 -0.103582787795708
0.0427718604384086 0.0617379382366035 0.0459988371453087 -0.114365707969332
0.0602666504359168 0.0017908412155654 -0.00171424105831421 -0.0860125371564856
0.0375021743612336 -0.0324096015619166 -0.000517499387307959 -0.0702561774504465
0.0218436912583137 -0.0474737204314111 -0.00436217579219757 -0.0724162078483394
0.00782520392266196 -0.0532094425667315 -8.17954279925714E-05 -0.0778628532846248
0.00516473332110635 -0.0581092652050805 0.0201541846291175 -0.0925900819771139
0.0242314321206528 -0.0520354422701939 0.0567587219131719 -0.0840890407472297
0.0466222700053947 -0.0364437719832263 0.0955300537611405 -0.0367536015427187
0.0707381206993502 0.0158680709511708 0.0851001293272444 0.0277631242522015
0.0429912747410493 0.0658677738532288 0.0334290915767313 0.0635939557341975
-0.0284550786333813 0.0720508454012046 -0.0128331698908642 0.022115693854094
-0.0749268668759469 0.040106851711112 0.0754783630876772 -0.0545284350180022
0.0281400002375418 0.0125804633658237 -0.0793777830474009 0.0818029255568536
0.0227806442724936 -0.0264386845881383 0.0146834161664078 0.0113208382017628
-0.00298361406852096 -0.0337620406492828 -0.0243182390824388 -0.0721637525397339
-0.0256207823121887 -0.0132715022640462 -0.0925558736925386 -0.0424640031486048
-0.0190226829346445 0.0100485253591401 -0.115022796644363 0.0323255901662036
-0.00975616430734386 0.0128618528401813 -0.0812619381235369 0.0952261035319535
-0.0106217657572845 0.0113494834571291 -0.0274585223187517 0.107657307088806
-0.00906505474366709 0.0108498529708327 0.00190240760417162 0.0919164651261507
-0.0108071623587592 0.00499864570490797 0.00275227055211874 0.0854854472586961
-0.00832319757671085 -0.00486251453981857 -0.00488664408639768 0.0829220877485819
-0.00515636057325303 -0.015836588307812 -0.0112694805230275 0.083185012273477
0.0114739662076754 -0.0231489726968377 -0.0402112874502626 0.0878940921389323
0.0356763305847571 -0.0110434538058999 -0.0868939412699771 0.0823708457052174
0.0359390178455802 0.0168870039836444 -0.106743672787588 0.0897556784705131
0.0219033701126994 0.0370733628655454 -0.10674214319677 0.121108064996042
-0.00467145468704118 0.0692698894843703 -0.078812960233134 0.0625685424797005
0.0207407427748969 0.0321647035492737 0.0192969036368813 0.001111500805033
0.0321859636469457 0.010047772645406 -0.0208478895649307 -0.0918451509332304
0.0245155281514843 -0.00346240856359155 -0.09888099538705 -0.0648620947841861
0.0139967962215411 -0.0136222445942954 -0.129883841734098 0.0240537931534588
0.00667345907338753 -0.0188008237972503 -0.091685452715514 0.0912777881725417
-0.00431022636046693 -0.028289693940565 -0.034366786686336 0.107466460513073
-0.00873853434625268 -0.0286261787489825 0.00182016629491925 0.0890398059066772
-0.00547636680691199 -0.0336266572613758 0.00557649043178745 0.0812854736282822
0.015366519032341 -0.0318454196674404 0.00147926193417961 0.0747968392815256
0.0323820077106878 -0.027338963873076 -0.000391984241948423 0.0763679784482313
0.0567945376273845 0.000408635271894505 -0.0212627014876692 0.0851144095249588
0.0573309460372141 0.0394185511796738 -0.0651025938221448 0.0867379487256016
0.0167525295216539 0.0716008198042308 -0.0840219300588854 0.0995448522160577
-0.0227663840368308 0.0884760520349449 -0.0886265532566462 0.121040536797871
-0.0438876597718469 0.115429000254578 -0.0624798894057223 0.0308522295007522
0.00509061264758241 0.0924876644576122 0.033724360343045 -0.017360031310027
0.0597185589390187 0.0654146985675891 -0.00844890635148939 -0.116689925630522
0.0771478891454427 0.0174073199715139 -0.0962154802839259 -0.0939660221505047
0.055353285726659 -0.0328365644967621 -0.137794228117003 0.00603545488477821
0.0287470253289729 -0.0473743017746821 -0.0965055780639417 0.0738539620741573
0.00589974546045508 -0.0646663174162232 -0.0396096663964566 0.0929381758570607
-0.00747740853941142 -0.0632724356029445 0.00150384982314983 0.0726081265745748
-0.00415793909262555 -0.0683574939948154 0.0101812080028991 0.0631382877398202
0.0295014450040082 -0.0583323419130298 0.0123188011924116 0.0555608380249807
0.0584683303274465 -0.0459344512257487 0.0186943199331446 0.0625649645775432
0.0974464069656094 0.00631396304816347 0.00576765937714888 0.0799896090121171
0.0858338687104527 0.0712361305317891 -0.0377125758478853 0.0901143435572063
0.0136448814115395 0.114267165095472 -0.0577469070864778 0.100938857140658
-0.0543911543785598 0.130834881277527 -0.0580662640739516 0.105414871804163
-0.081660216244149 0.141816342501923 -0.0301637241042033 -0.00847280010480957
-0.0226197358003065 0.141235736369137 0.058241381997033 -0.0418176403577503
0.0714385867033667 0.121266078440657 0.0154276998076223 -0.137874432079208
0.120439792488676 0.0494510650684288 -0.0788920898529605 -0.123827505883551
0.0953950211302493 -0.0407311741760914 -0.130789516130579 -0.0200344950198409
0.0508712707120615 -0.0684391016292898 -0.090712195202466 0.045453074943449
0.017877574594315 -0.0913887260988184 -0.0398153580666689 0.064306443450105
-0.00571707734243591 -0.0892182763843748 0.000541238154742896 0.0454703236817766
-0.00513455150552457 -0.0933773355353164 0.0133440663635079 0.0341616410063315
0.0342388012642077 -0.0791006866580544 0.0230308832055327 0.0270011616417342
0.0704197445470205 -0.0630865354111099 0.037820628558669 0.040825115019866
0.123347731934875 0.000136601427041945 0.032009942483408 0.0673798586485958
0.109847912688609 0.0839106389833194 -0.0105466490437652 0.086446390816109
0.0183579652947503 0.139085305358341 -0.0359150207263538 0.0913422940794602
-0.0726449596096932 0.155776121029017 -0.0250053063082629 0.0753150821826993
-0.106533504930409 0.143879196829779 0.0134964114103331 -0.0498822752219402
-0.0547507342978713 0.163690552229841 0.0886900148958586 -0.0653972954127428
0.0614911208075835 0.160862158662181 0.0471684120733222 -0.147236163337399
0.138596431578165 0.0814964369225296 -0.046577286710131 -0.14230008936619
0.121516209907717 -0.0354327417023833 -0.106140418177736 -0.047604549701275
0.0661797845446656 -0.0760829514286669 -0.0730698963211205 0.0108486499821416
0.0285973996468092 -0.103035175115166 -0.0356431871101753 0.0273115811239714
-0.00217949178737723 -0.101518095814385 -0.000911119501575943 0.0120948809568082
-0.00650771731623768 -0.105396528182676 0.0142760592394457 0.000427738755316951
0.0338938503039034 -0.0892386020035495 0.030308687544964 -0.00530146202904903
0.0715987818190923 -0.0724631698465269 0.0529908616902095 0.0146206995087562
0.130746887893028 -0.00554362889210678 0.0513495521492971 0.0505306461745639
0.116182634844074 0.0855509649315094 0.00966377238200513 0.0777681914847661
0.017848063271306 0.143143266058387 -0.0237196030815113 0.0738269157675238
-0.0825652582406469 0.15646951305918 0.00466210446740031 0.037276127455422
-0.111477555644993 0.119379548033515 0.0611240248297299 -0.0851914820640574
-0.0768974030965006 0.149891503275205 0.117687014115959 -0.0827799243205901
0.0344996259235752 0.16532472910647 0.0765314606650447 -0.139779929197253
0.125280124860251 0.0980323166886511 -0.00783384547300878 -0.142836658350368
0.122551453535959 -0.0227143735328241 -0.0689135145209533 -0.0676393760746729
0.0692906006510303 -0.0705401605092936 -0.0472554236753084 -0.023116301404576
0.0318448607680197 -0.0981671152141079 -0.0258958145385831 -0.011249771439186
0.000630022430941846 -0.0986479869558294 -0.00121857418857728 -0.0222630258532308
-0.00518676514091707 -0.101847818431498 0.0147042191473084 -0.0343130061665135
0.0306646738419951 -0.0876992581265845 0.0359235163494056 -0.0373608160554766
0.0665029848596091 -0.0699578212045676 0.0658845990156273 -0.0101735853567899
0.121067926690312 -0.0037105535320375 0.0648433041494487 0.034740816815492
0.104608713656611 0.0828510649135972 0.0229237514252492 0.0673306084422251
0.00836277463627503 0.130676166434689 -0.0171564094696387 0.0534638787214471
-0.0854295969136416 0.134514950513354 0.0293899698832189 -0.00125524547604314
-0.0917787355697618 0.0759686453338823 0.099202411636609 -0.109306387737512
-0.0772100039716452 0.106431155479644 0.135585670195255 -0.0927859086233147
0.00800903410917143 0.131986128165021 0.0952847086394664 -0.120566088363311
0.0887867259319535 0.0885609422799396 0.0247246117972333 -0.128767314249462
0.0979329419197646 -0.0094024644335079 -0.0311206954956553 -0.0780993556888817
0.0568124677287485 -0.0543319278883327 -0.0211993441046883 -0.0505147913511712
0.0283879108213525 -0.077669205160015 -0.0155883180871018 -0.0453449705384609
0.0037732141010094 -0.0806991462905726 -0.00195291702678146 -0.0522548998272568
-0.00193604629139191 -0.0844974705942059 0.0143947311406197 -0.065250289264484
0.026564343719115 -0.0732247098416194 0.0422735924507976 -0.0639851681746458
0.0576023043871586 -0.0565906288483239 0.0769179849740507 -0.0283686772646338
0.0990805762803741 0.00464414518442976 0.075130908980698 0.0247005461051458
0.0778901919160087 0.0758490518118024 0.030515805833888 0.0605464425672122
-0.0090837355961738 0.105749044712188 -0.0144584547146327 0.0348925213000154
-0.0826725897680097 0.0932187002696128 0.0516868205333603 -0.0331397703384183
-0.0547162468752381 0.0203648440474942 0.118784906639024 -0.119669704375035
-0.0576654263199921 0.0456882468570009 0.135967417073718 -0.0975126955322017
-0.00899042593664659 0.0737736180478882 0.0965657684146991 -0.100467009444823
0.0428363247275449 0.057996081014877 0.0406621209938457 -0.110685806244297
0.0568826011819489 -0.000164632351568882 -0.00400706570941512 -0.081734335127102
0.0341297538448887 -0.0312985784468774 -0.00330311476184197 -0.0673733221653312
0.0193737163155513 -0.0456890547334246 -0.00753759028376683 -0.0691816091269553
0.00535750377690437 -0.0510138979099374 -0.00254074618938086 -0.0736035754128187
0.00253129190959623 -0.0548513801478561 0.0161097210648134 -0.0874974432017864
0.0206799208852866 -0.0505926834162253 0.0505880028340377 -0.0812021638016725
0.0429819814706101 -0.0366252769563867 0.0894290039182819 -0.0367596412165404
0.0680867650615051 0.0123578833576588 0.0822909403756642 0.0243989743959054
0.0422965526879731 0.0609999274876166 0.0343254305337416 0.0602634002345811
-0.0246989453493164 0.0691815942074704 -0.0116989101853728 0.0218984765547331
-0.0698497328977958 0.040590069808315 0.0703450472756676 -0.0540596357416215
0.0266727223859236 0.0127829012990607 -0.0759559515136151 0.0785564159900048
0.0215590745444204 -0.0249418289721055 0.0141781540396732 0.0109276518150209
-0.002260165084384 -0.0318274606666589 -0.0235059297395608 -0.0709485522739467
-0.023642720163522 -0.0128233457098181 -0.0884842311174366 -0.0412394408160746
-0.0173560105081547 0.0092609215934214 -0.110248233383657 0.0313996397916116
-0.00864621066018929 0.0121651641594773 -0.0766100845491819 0.092815240651683
-0.0103043111186303 0.0108504292317047 -0.0251905222496244 0.103490744666548
-0.00840762458356707 0.00973439230709045 0.00244523026192747 0.0877900996436801
-0.00964947951525462 0.00474528041534773 0.00370996465851861 0.0815877935950294
-0.00851438593573388 -0.00491814486947912 -0.00316082575332707 0.0808152796359205
-0.00538723009492229 -0.0151264229460878 -0.0104926861846193 0.0798702628406166
0.0112144739093681 -0.0222460540811893 -0.0392134590935908 0.083412833515637
0.0342322790574339 -0.0104575141476036 -0.0840962210152221 0.0792281765250293
0.0338040689426403 0.0160282745372379 -0.1027829178543 0.0849318253664226
0.0205035820194617 0.0352141032799783 -0.104105400604783 0.116349574010818
-0.00496487116777827 0.0668240454555357 -0.0747360831587563 0.0592903157581057
0.0203788540607216 0.0313379161712928 0.0189469517761843 0.0013378964026889
0.0316848942804486 0.0098754086899445 -0.0201636745301697 -0.089030248252907
0.0242435196428557 -0.00337846752933897 -0.094959989281893 -0.0628598749868183
0.0137995431617441 -0.0137950384030352 -0.123982543337366 0.0239394092947642
0.00678211979732414 -0.0180973798843508 -0.0871465009136506 0.0889259532311484
-0.00507997647276739 -0.0274356244227689 -0.0313203264638768 0.103283347396798
-0.00898493667133325 -0.027766465989925 0.00204666551870796 0.0841850391863757
-0.00536964357996479 -0.0322068988521524 0.00664809549008246 0.0775082050300313
0.0142171323145328 -0.0311933562978317 0.0026741988487443 0.0719568943137857
0.030732773359874 -0.0270145624619559 0.000210830792020622 0.0733870956738718
0.0553696317190601 0.000199185162189248 -0.0203998264201702 0.0812329895737813
0.0549412984646412 0.0374730745269169 -0.0634197652149333 0.0836031212076333
0.0155441526166571 0.0684753252810306 -0.081151066704581 0.0947519495121546
-0.0220311165366038 0.0846706276368151 -0.0855204471675638 0.116267857165177
-0.0419711451480977 0.110577235445315 -0.0590680530741828 0.0291625944628269
0.00520152371530326 0.0892850230829762 0.0327218340046726 -0.0170806343214955
0.0580685480109679 0.0629146696126302 -0.00732643400045579 -0.11223583214264
0.0748852610417428 0.0167574530474016 -0.0926112755402114 -0.0911449226750004
0.0527095048023758 -0.0317149146210702 -0.131171095885141 0.00660334531012983
0.0271747728392163 -0.0457927384147217 -0.0911985285004175 0.0716557744755841
0.00442941826249606 -0.0624975024304114 -0.0360264317939261 0.0890234564561575
-0.00805334923111803 -0.0613766502445166 0.00153737673572909 0.0683909353064452
-0.00467001897871736 -0.0650358006002031 0.0109951973835323 0.0599237645069737
0.0280403696391021 -0.056544724256102 0.013218012287621 0.0534904276298107
0.0555445615038916 -0.0447923082924324 0.0183988404888412 0.0605442415318
0.0942696933520763 0.00514326702438988 0.00553239238518805 0.0768024861792119
0.0830268760504979 0.0675274063099556 -0.0368258025763731 0.0869773426411607
0.0128864028933312 0.10961142829479 -0.0560244050234662 0.0967294634311401
-0.0526767570075918 0.125317844789907 -0.0556575012763822 0.101303843988468
-0.0777084811680629 0.136271419330809 -0.0284255224459775 -0.00919199239641792
-0.0220892636804549 0.136462552920384 0.0558953081565884 -0.0395748359036112
0.0687815543590232 0.116780115953139 0.0157663513345818 -0.132441460104149
0.117324174658062 0.0474234810177097 -0.0760951234194735 -0.119559546448157
0.091726307874313 -0.0394758737762944 -0.125016191011871 -0.018598056708693
0.0483776291638092 -0.0661600448107289 -0.0866262683823369 0.0443478963852771
0.0159421576855855 -0.0879304708703691 -0.0374174063891215 0.0620844726116331
-0.00629686939629031 -0.0859889330756681 0.000308026091957596 0.0425721690198251
-0.00660609139554963 -0.0886954420292836 0.0144214547251795 0.0324905767556771
0.0321095272785951 -0.0765700833807569 0.0221052938201069 0.0261035867130017
0.0669011174234956 -0.0614688222772463 0.0371822835369618 0.0392034971112765
0.11927359377176 -0.00135015322899362 0.0305128205752765 0.0644981913337605
0.105799380638007 0.0798809233171476 -0.010637416627999 0.0835250855269899
0.0180083950313499 0.132783461518714 -0.0349776585883589 0.0874235638652368
-0.0694945530502931 0.148975941675104 -0.0243165033176349 0.0719628618768652
-0.102119275804211 0.137192296768274 0.0137517951007911 -0.0486346050000619
-0.0526900833465598 0.157290788594043 0.0856151653533581 -0.0628793862173579
0.0591317799541661 0.154414117395576 0.0461381572357378 -0.141358084808314
0.135110989192054 0.0779296502229556 -0.0446169077124777 -0.138198892094765
0.11634464920036 -0.0347732657028434 -0.101323687221996 -0.0446142553133485
0.0632784864359273 -0.0732086669465845 -0.0702809522310064 0.00992244601699538
0.0254302639985729 -0.0989246663259777 -0.0333157389698708 0.0267796775103671
-0.00361047595480135 -0.0974049295593181 -0.000636036785290396 0.0109934122864467
-0.00756819852674104 -0.0992425518684067 0.0147249204142362 -0.000444379204700749
0.0316962042290639 -0.0856660653520928 0.0287941040229901 -0.00518200047514829
0.068030015778078 -0.0698904824937499 0.0516414405403713 0.0134942637208231
0.125710575368258 -0.00669852045183942 0.0498899949375807 0.048419369488511
0.112364998323844 0.0808009104913513 0.00930503964481431 0.0746522179498692
0.0179893098078785 0.136819308501746 -0.022881522544801 0.0707294958521419
-0.0783125493586582 0.150343295833299 0.00429514588164813 0.0350027343305466
-0.105921641516307 0.114174835343692 0.0587599666340341 -0.0826739806767198
-0.073714402593843 0.144052067110202 0.113164840001035 -0.0795952864050848
0.0335132400303634 0.158482548508831 0.0751330824653146 -0.13350198449357
0.121489522630882 0.0934572726575066 -0.00757406480366092 -0.137626417008494
0.117282357273031 -0.0220143880408373 -0.0652879971284902 -0.0645581840124841
0.0656604387184129 -0.0676837121374053 -0.0460708200344261 -0.0228487566502269
0.0288882166410982 -0.0941013180211934 -0.0246186983533866 -0.0107412531608754
-0.000506809741373846 -0.0941075996573599 -0.00141833846218139 -0.021628067164086
-0.00608229503593465 -0.0966896675689919 0.0136296683137797 -0.0332703434539948
0.028102289866512 -0.0843333699196742 0.0342007787383345 -0.0360014926740894
0.0634997742164181 -0.0668622083572875 0.0632332867976667 -0.00978467414075972
0.116762784452926 -0.00453423043165899 0.063401561069998 0.0333143824211199
0.0999584083954323 0.0780909009436853 0.0221959509711889 0.0656791595208257
0.00843082477762447 0.1245411731936 -0.0173415948075978 0.0513350982162625
-0.0812071062686035 0.128995497392332 0.0282521442958962 -0.00144957539079664
-0.0876399374431121 0.0728816092753323 0.0952665463067304 -0.106006885250912
-0.0738574033098845 0.10192519390753 0.130195613938506 -0.0893405795815617
0.00794839596647507 0.126814741690184 0.0922860013921658 -0.115180111195856
0.0862403310433553 0.0842349803497598 0.0235420855880238 -0.124441439833737
0.0932934732577442 -0.00978218466105667 -0.0297412351328142 -0.0747748205632374
0.0534209679567721 -0.051719028807043 -0.0211991962109651 -0.0489419595259624
0.0260259436384065 -0.0747077751579872 -0.0153252182588716 -0.0431666287492931
0.00223866066386613 -0.0774416289087619 -0.00242142842060358 -0.049834804786719
-0.00257858008206735 -0.0801142330653552 0.0133604208479541 -0.0625385346931445
0.0248550560093654 -0.0708193422007039 0.0394684678259538 -0.0610329272258801
0.0544550723517911 -0.0541309967337473 0.0736125418132966 -0.0275306176299574
0.0960550897863031 0.0038078146710504 0.0725294012107115 0.0238311065302666
0.0743675202430213 0.0716717999878276 0.0293544053544932 0.0588843903977265
-0.00758155645566293 0.100404196154471 -0.0146330819419044 0.0339769176427745
-0.0784746059529006 0.0903058557816997 0.0491192108457374 -0.0319361199729938
-0.0521537762003262 0.0192162633857593 0.114351752007649 -0.115324512231186
-0.0551053067792269 0.0438160232690991 0.130878263103666 -0.0935399499363548
-0.00875655101254066 0.0706662718022606 0.0932998895749267 -0.0960267575490883
0.0416163699986595 0.0552341672787214 0.039384570058663 -0.106492653430762
0.054093714049602 -0.00102537220012838 -0.00431648462568096 -0.0788301987362983
0.0317825429051604 -0.0293933294641857 -0.00399903496740758 -0.0659630935214469
0.0175277776136781 -0.0438524838033062 -0.00851115057130618 -0.0661085663533917
0.00479964577341211 -0.0484820381288376 -0.00272111476703881 -0.0702336748197273
0.00189540833743829 -0.0521449378939651 0.0148389210510151 -0.0830276441491012
0.0195790041916141 -0.0483264165617803 0.0469689618472718 -0.0773677695131476
0.041325839278992 -0.034577957813547 0.0855696179880351 -0.0363908921138143
0.0657567243088591 0.0117640152285377 0.0791109793353628 0.0231534253483463
0.0406517178795249 0.0580596311175177 0.032799850619944 0.0580886264408035
-0.0230986876300683 0.0652591438676684 -0.0117946237187426 0.0209512674775799
-0.0662034426948553 0.0395627761743871 0.0671505615603298 -0.0524493904127478
0.0256314627481157 0.0131785988334433 -0.0747079219767071 0.0753133651941093
0.0213152803839348 -0.0235501419308516 0.0142327464759447 0.0114709821394498
-0.000563169480287151 -0.0307823149894039 -0.022283473867703 -0.0701494277983347
-0.0230191776725159 -0.0128843907220251 -0.0864154363070216 -0.0415323870863786
-0.0169515952154544 0.00851557732426618 -0.107858512152396 0.0295872126987614
-0.0081649323826911 0.0110271090368575 -0.0754574946134429 0.0906757558644356
-0.0102234315309962 0.0106155148894407 -0.0249326072437071 0.100818273417769
-0.00851920681664848 0.00937675146882616 0.00117070102864962 0.0854070687977961
-0.00944980988851657 0.00468232307332636 0.00354650255347528 0.0793492956758821
-0.0082377649476133 -0.00493773122370643 -0.00281202590747495 0.0791325459832661
-0.00518265571910862 -0.0150121811527231 -0.0107734811944604 0.0780464391586345
0.0115066932452109 -0.0210725050293443 -0.0403018624505096 0.0810516472457402
0.0336583989831795 -0.00989360003079565 -0.0844677391619527 0.0766902870494426
0.0316780699792868 0.0165395780099045 -0.102253168680188 0.0809866982688761
0.0189586826542788 0.0350051793948189 -0.104143020094017 0.112495099144032
-0.00552434190063501 0.065472838764052 -0.0742594429872909 0.0564931328657679
0.0195703297190337 0.030885028444581 0.0187227485503651 0.00194578979483461
0.0313690931285575 0.0107005607715523 -0.0178863653444287 -0.0885355904651393
0.0246143038124829 -0.00333862161599916 -0.0920462340179172 -0.0638718217476164
0.0141693770638845 -0.0134648528977304 -0.12130832105322 0.021741362641229
0.007199373802771 -0.0181862074672543 -0.0854487428061811 0.0866423320515732
-0.00503000518584038 -0.0266325339812601 -0.0308184566350351 0.100404159658244
-0.00874711739724367 -0.0274463210390799 0.00096308530401749 0.0817558581650534
-0.00484158305325476 -0.0314330712887945 0.00745363898867761 0.0751071173210931
0.0145333226224638 -0.0308690667141303 0.00302925940012823 0.0709480849674723
0.0303100777161106 -0.0261245713000453 -0.000188591892169154 0.0721051518987005
0.0544933671120064 0.000411797010878591 -0.0216524991041669 0.0792680146166022
0.0534568841631833 0.0377899730264968 -0.0639441416848363 0.0810180075542736
0.0132604055824252 0.0672697987058014 -0.0812034990146019 0.0912703859583131
-0.023440024331191 0.0828499527399637 -0.0860258424965462 0.112480559616076
-0.0425834811339589 0.107849012500059 -0.0585383398054196 0.0267187941638335
0.00379812690065463 0.087468606719016 0.0320766014101284 -0.0155302485216887
0.0565260281539626 0.0626934335282077 -0.0051076119467965 -0.110392901523273
0.0745855722617112 0.0173773821081746 -0.0891330093626671 -0.0919468514094587
0.0524406522745033 -0.0307474277936033 -0.12766044597711 0.00433977600418718
0.027455107988401 -0.0452621638512884 -0.089997781854459 0.0700799047731545
0.00407096063241143 -0.0612326683044732 -0.035480063048997 0.0864674565539565
-0.00806061051823673 -0.0602308978324653 0.000432579885424906 0.0662151352641302
-0.00375835806013711 -0.0635337666271667 0.0113386881872667 0.0578122789818469
0.0278588510894026 -0.0558093843259922 0.012933565107777 0.052867785935611
0.0548913216636683 -0.0434459930987497 0.0184285214877459 0.05914973942734
0.0928011868730814 0.00523794695388215 0.00411397137052373 0.0746574542739291
0.0805339061903725 0.0669643111121726 -0.0377330990111683 0.0850823604389627
0.0105659490831554 0.107354489253653 -0.0571795605004726 0.0934450519495652
-0.0532933127948036 0.122598561928235 -0.0564067409524459 0.0983016201571483
-0.077956373419991 0.131915965988139 -0.0279839806237028 -0.00981976900236512
-0.0231155808356595 0.13379365221281 0.0553444970146818 -0.0377852690216572
0.0663650514971647 0.11526902859215 0.0185935831241501 -0.130161516443749
0.116166602402241 0.0477264980187266 -0.0730895088172463 -0.119978978580722
0.0904246422857331 -0.0378509584807914 -0.120901483234834 -0.0199314532179856
0.048114042604356 -0.0646796768816928 -0.085164884031075 0.0427598923377028
0.0157830348012139 -0.0864250094258652 -0.0360637345005972 0.059630978579054
-0.00657247504936631 -0.0844331826380514 -0.000661443554148149 0.0408584317173167
-0.00578159212559344 -0.0861905343213775 0.0142539678600821 0.0313691963329124
0.0321687883076594 -0.0745359019364731 0.0220043403181626 0.0257919743421922
0.0663583973299144 -0.0595691625894598 0.0364761805199719 0.0386774167246835
0.117534790743555 -0.000384943492361202 0.0296011609461562 0.0637514713976633
0.102707793391859 0.0789613979900072 -0.0117218352780867 0.0823010847764277
0.0161154988747023 0.130199923430675 -0.0363689477855857 0.0847416860921326
-0.0695827034999205 0.145583208978318 -0.0245955279546642 0.0701913884334635
-0.101387808748676 0.133019939150937 0.0142369245575037 -0.0479181613642315
-0.0533538872736029 0.153892251999525 0.084192521132831 -0.0598886097546845
0.0559199375218346 0.151820402961738 0.0486937636228568 -0.13787895441458
0.132388479700282 0.0774437404436362 -0.0419406081758704 -0.136564632001588
0.115091652524504 -0.0330341927427961 -0.0973315736789844 -0.0453434624081717
0.0632031763276724 -0.0714274295134002 -0.0693319290984445 0.00922166045836684
0.024831842030233 -0.0973389070363635 -0.0322722573542394 0.0250432751402944
-0.0035571353391595 -0.0954493502729911 -0.00120874353875526 0.0097805762319282
-0.00692915309521416 -0.0967449947184057 0.0147081318639968 -0.000830696018997285
0.0314011986972143 -0.0843712924156303 0.0283809699666373 -0.00450003985306467
0.0673501051894644 -0.0682642574847929 0.0513410862625212 0.0139754944677025
0.123632732787366 -0.00550634240841033 0.0490601889121552 0.048098638591401
0.109001520701868 0.0802294544192856 0.00794973868715897 0.0741037745926062
0.0161079983642555 0.133692974351494 -0.0238966377659868 0.0693017353400079
-0.0779035052015771 0.146067078659587 0.00344008209797923 0.0342260028836713
-0.105290232818921 0.110438862066192 0.0589108082857499 -0.0805122558073176
-0.0741486140994369 0.140583932686854 0.111856590754526 -0.0759982360442374
0.0305632450171227 0.155778702118691 0.0767646619704608 -0.129993459115312
0.11917718751303 0.0930108461530722 -0.00576525531913582 -0.13662844973868
0.114449362491773 -0.0209190407000114 -0.0628285296582547 -0.0637956285895167
0.0650208859632769 -0.0654305112123086 -0.0449728300030282 -0.0234550386838835
0.0287272871863627 -0.092222111282753 -0.0239916434449451 -0.0108030495836077
-0.000620429271733814 -0.0929761131426641 -0.00163358188425751 -0.0214758218958018
-0.00563834359516379 -0.0936248978087927 0.014060979949513 -0.0323137442968042
0.0283346273841484 -0.0815796155039681 0.0331484143954185 -0.0341469404270104
0.0623601638909911 -0.0648895997188385 0.062306573279939 -0.00921385647146237
0.114872221012419 -0.00380598618285168 0.0617613126339004 0.0332316873465606
0.0972721403598696 0.0769451763908442 0.0201049408333819 0.0643920839490704
0.00732802501177304 0.121673261421561 -0.0179150839608897 0.0501316925542387
-0.0805712276955993 0.125286838545679 0.0275516274317014 -0.00161007776633801
-0.0874285604757469 0.0692686809256787 0.095494640024667 -0.101991484106014
-0.0741177310750077 0.0997396994313473 0.129538260160107 -0.0848262791579386
0.00610172933002039 0.123687010843665 0.0928599474295006 -0.111168097749792
0.0846094352200538 0.0836145593883686 0.0241779231741653 -0.122377699836941
0.091141909605887 -0.00894725087964931 -0.0277943091462173 -0.0737692295506173
0.0527718469247038 -0.049734602024792 -0.0206078381340781 -0.0489260219524471
0.0257354821603628 -0.073308914132797 -0.0149353141879052 -0.0425841772442407
0.00241353638000959 -0.0756677984889859 -0.00226609089864159 -0.0487570061177326
-0.00270992203161039 -0.0777756458852653 0.0133929866452881 -0.0603090913280181
0.0247745421619111 -0.0693776018034105 0.0382902182627713 -0.0585447007179261
0.05360925932175 -0.0524941772888518 0.0728023498068911 -0.0258190705157764
0.0938766328601328 0.00374707253566323 0.0706942478628064 0.0248317276017019
0.0717610501471457 0.0704414390929144 0.0277794226078082 0.0583522196367784
-0.00900092415863018 0.0972686774270629 -0.0147462932310649 0.0331499344985375
-0.0772501581150271 0.0874064859181343 0.04842181443664 -0.0312523372769299
-0.0512149830068083 0.0177933180510223 0.113969774646054 -0.111338193176023
-0.0548478014775481 0.0421027003116985 0.130119146400894 -0.0892527943768389
-0.00935800161761275 0.0691272272498934 0.0937528035462377 -0.0924067614106983
0.0410822711051199 0.0536272000720119 0.0394832381926233 -0.104457451181964
0.0527950888180745 -0.000457426517838452 -0.00290035313139553 -0.0776684052941572
0.0311024957752711 -0.0275170558118871 -0.0038910220332876 -0.0654725284846863
0.0179675591208205 -0.0425501948117051 -0.00804281065098325 -0.0649163597918404
0.00475195793317647 -0.0475963687185253 -0.00205625738142276 -0.0680726918804782
0.00231120939578237 -0.0504467603796687 0.0149059959961371 -0.0809820001450561
0.0191785567062534 -0.0477955812041321 0.045917548368093 -0.0748698511684252
0.0403223987033278 -0.0336795892147577 0.0846000650155596 -0.0341316635396056
0.0647079880371014 0.0119355595316295 0.0776439034444533 0.023826146454043
0.0391200939629315 0.0567063743913407 0.0317043205117347 0.0577408142035404
-0.0237914559331065 0.0627070389407926 -0.0127786632047247 0.0207014983433221
-0.0648747695000039 0.0381087649362597 0.0657721357146878 -0.0503873936136198
0.0253678987279691 0.0139258188585937 -0.07609792715724 0.075219286189214
0.0215058647108925 -0.0231205595337297 0.0149417460705862 0.0119803564159221
-0.000230096006311681 -0.0312192216921588 -0.0213987626499719 -0.0709733419187789
-0.0219717732396769 -0.0130837753413883 -0.0864582783532696 -0.044083059498703
-0.0166757275721259 0.00788892882479639 -0.108708525242279 0.0288765130949154
-0.00798731503531109 0.0110281124475999 -0.074799037456404 0.091244393430164
-0.0102245383337134 0.0111983352831566 -0.0250487064446585 0.101026097269432
-0.00890573322779943 0.00893991885469308 0.000771355462445358 0.0857524835771705
-0.00992215757115086 0.0042795565516366 0.00348909705194876 0.0799204431543301
-0.00833520915064788 -0.00541862530617105 -0.00258547510085058 0.0797445500307817
-0.00505060600771326 -0.0153426254422856 -0.0117902400264071 0.078407717495452
0.0123580025064429 -0.0209133141470243 -0.0420107003725048 0.0805298267252141
0.0336539273579454 -0.00970368227211909 -0.0861955786169211 0.0765671197890552
0.0303945502715322 0.0174823964141903 -0.103749734144626 0.0793993175019318
0.0180661329351031 0.0353871329248615 -0.107124610558219 0.112051711181973
-0.00632785386024293 0.0664364620694724 -0.0751142543213598 0.0558615321034418
0.0189811614618556 0.0317254649670218 0.0189852110772907 0.0024808899357695
0.0324474087004785 0.0111833427119809 -0.0170124325456075 -0.0896310394333919
0.0256725577021565 -0.00315127790032808 -0.0926341750586042 -0.065669436402352
0.0149114876518058 -0.0140860637602934 -0.121891839786852 0.0205821750815706
0.00768591799576937 -0.0181628474972946 -0.0851986574598905 0.0872947195269805
-0.00519215204810988 -0.0269240952577472 -0.0309987647499466 0.100603237768933
-0.0093498814488388 -0.0278264577398421 0.000272727500808905 0.0814977710148552
-0.00482299451183717 -0.0319604813498343 0.00718343005584834 0.0750870842762743
0.0148426386752726 -0.0312017912701298 0.00314770165280876 0.071598696174453
0.0306297375506359 -0.0261229628711842 -0.000726902873544873 0.0726594584920136
0.0558188822241161 0.00121609796830357 -0.0229559645309251 0.0794453797015318
0.0532655694103026 0.0387462985248916 -0.0658595448334945 0.0817400047710833
0.0116946328733625 0.0679778701563769 -0.0833050514984902 0.0902535763576407
-0.0249830179761047 0.0834301708932884 -0.0886837937954953 0.112352525833623
-0.0439490744460151 0.108162427353196 -0.0596186607892496 0.0256623088821328
0.00257709538532864 0.0884820399152613 0.0325229632980713 -0.0146724552491747
0.0569338805774947 0.0636551463836555 -0.00317335233941481 -0.111748137886437
0.0766213926692811 0.0182805548672819 -0.0894556147357429 -0.0943506099330844
0.0533409709799718 -0.0307980093843498 -0.127573747621502 0.00302498750236928
0.0285498058831469 -0.0459842773029365 -0.0904545359667532 0.0698270813906146
0.00372047555229822 -0.0618018125182691 -0.0354992443434719 0.0858596279380828
-0.00908779958936239 -0.0610224625838293 -0.000324351230548902 0.0655526444342677
-0.00369327057681705 -0.0634701340966634 0.0116288690677784 0.0577859505163785
0.0285595604541491 -0.0566099858954523 0.0131535358343138 0.0532909260271246
0.0556020194240426 -0.0433140716211082 0.0181424582256537 0.0594342382376802
0.094469201177421 0.00584604656355847 0.00364348266849426 0.0747042830984543
0.0809290273806608 0.0685956859907605 -0.0398591229674069 0.085664229067009
0.00901826075869798 0.108489468929253 -0.0585008591477466 0.0931309857117043
-0.0546445501341992 0.122653268674164 -0.0586377482417023 0.0974645997481953
-0.0799431899076012 0.131523180335108 -0.0282651380924966 -0.010938355852311
-0.0248310848212983 0.134529259298282 0.0562008423318815 -0.0369476512523301
0.0660420978308145 0.117023947482949 0.0207653551278527 -0.131032261054303
0.117715528853041 0.0487824503115392 -0.0726036350541392 -0.122634428161567
0.0913939063034094 -0.0377320728130216 -0.120379922153255 -0.0212121936557773
0.0495933886298503 -0.0645618090211315 -0.085803917187527 0.042069771494664
0.0148741604835247 -0.0865844439845271 -0.0358117065563957 0.0592060456734316
-0.00670613137528829 -0.0847753011660941 -0.000893037412428607 0.0403874709761652
-0.0056759112120877 -0.0857144278462886 0.0148239425843601 0.0305821987686768
0.0324629743544239 -0.0756210603219768 0.0225925984339479 0.0267367804006538
0.066882945990613 -0.0595821063258482 0.0373639066233493 0.0390736266955024
0.11869896826669 -0.000315624994206735 0.0295603826054654 0.0642497294204863
0.103302865516424 0.0800547880925519 -0.0134375813682877 0.0836834389978277
0.0145905516013544 0.131173726798992 -0.0377416035803529 0.0849729132984948
-0.0716942996631576 0.146074839357215 -0.0261646444665285 0.069668655935344
-0.103776816173049 0.131975645836346 0.0148732040643657 -0.0486124873488146
-0.0556200437956638 0.15464284278327 0.0853521739879731 -0.0586709665962997
0.0545709940703898 0.153457035081583 0.0515494020267414 -0.138438980436245
0.134606465974519 0.0792389814850433 -0.0411434344437817 -0.139431451392928
0.115627293337832 -0.0327880828363142 -0.096888065206225 -0.0465935783794922
0.0642344025061819 -0.0715804756541908 -0.0697011631541686 0.00789788870335015
0.0239879487796111 -0.0978639718441039 -0.0318349081227304 0.0247771223952855
-0.0039802081139415 -0.0962907162554488 -0.00192091488426593 0.00933875982322143
-0.00651484373466668 -0.0966381636786357 0.0150109196272474 -0.00124781198423802
0.031467349933074 -0.0847056483938677 0.0285819952507909 -0.00431912133615941
0.0678029965004893 -0.0674128939452645 0.0520767962230679 0.014504551236632
0.125497976545161 -0.00557758563775654 0.0489400825861631 0.0486446583814984
0.109257703240668 0.0812694221659455 0.0065953376730921 0.0753225997308717
0.0144555043989188 0.13405315575371 -0.0251614773106866 0.0691348780317607
-0.0797240837799509 0.146658636022541 0.00302615887678844 0.0342221708336756
-0.1074081056917 0.108827283739805 0.0604136518167157 -0.0805015381652912
-0.0766149397009398 0.141062919315632 0.11351819528825 -0.074563972077928
0.0294593975319888 0.157166628650837 0.0795442617004978 -0.129980672667813
0.121176456941661 0.0945593844987635 -0.00442895983424219 -0.138620089748298
0.115665730284417 -0.0201805236640941 -0.0617245700062769 -0.0652734096974273
0.0660977056627702 -0.0651318297705525 -0.045812548442868 -0.0245076805409635
0.0285485031971759 -0.0927142847800062 -0.0234827945978503 -0.0113989858811624
-0.0011365760582751 -0.0937147194455516 -0.00191804561246984 -0.0214649355739868
-0.0055373848775454 -0.0937125229561788 0.0143715414536651 -0.032678460460894
0.0280926399620112 -0.0822315241081229 0.0330934277172198 -0.0335424840480352
0.0626631266015604 -0.0647085754630427 0.0633958884644756 -0.00834258562758549
0.116043082142791 -0.00353615064781993 0.0624599577564131 0.0342487170719992
0.0972353250464394 0.0780742508998202 0.019712155608118 0.0656573776690023
0.00559060187163547 0.121209813675778 -0.0191813235106741 0.0507233680130509
-0.0816511177519919 0.125601425008415 0.027344725502537 -0.00165508364665035
-0.0880011631926797 0.0685180396465794 0.0974899861044397 -0.102184954839472
-0.0756580615883091 0.0991907317647838 0.130671656335776 -0.0837863576656119
0.00535221108585788 0.124914918233667 0.0953519539808265 -0.110757117014822
0.0850295291278055 0.0844070085782896 0.0256257265210528 -0.123612660292412
0.0917105607706526 -0.00822465394702027 -0.0273145541811521 -0.0747184693638566
0.0535545762990134 -0.0489752204003664 -0.021364114077573 -0.0505334428037294
0.0258015782770944 -0.0737245184290267 -0.0150240282101739 -0.0429933391611522
0.00184827359722526 -0.076118851811742 -0.00189008320631645 -0.048781231890487
-0.00185191812084462 -0.0773812321436821 0.0140523756953819 -0.0606066623484849
0.0246935533742294 -0.069097507254217 0.0384633374541527 -0.0582409405087422
0.0544242009859749 -0.0517726753793468 0.0739337499344228 -0.0254681115277703
0.094650304194865 0.00440505623123193 0.0713015712209657 0.025131508826553
0.0721083516069937 0.0710767888406592 0.0269547585895673 0.0595511182690017
-0.00976092858759487 0.0973340759964671 -0.0159022953952676 0.0336755670588753
-0.0778981090682959 0.0873876563262578 0.0485206555589075 -0.0311759446463021
-0.0515435133573527 0.0171577752878921 0.116902207459367 -0.11031886307095
-0.0549257073130185 0.0420477912062141 0.131902883928903 -0.0882792055993115
-0.00985533883453909 0.0690914986291781 0.0960825066480321 -0.0915859630956458
0.0406398822423758 0.0546512003846608 0.0401961015069937 -0.104841565532502
0.0527570743230689 0.000130756847496536 -0.00261491294490448 -0.078210358292415
0.0315427638889142 -0.0270258003586789 -0.00438444349634604 -0.0668431946149542
0.0177283110705083 -0.0425213322893883 -0.00775863789094901 -0.0650488223409484
0.00436215596281877 -0.0483213409599619 -0.00185263742997651 -0.0680372677369663
0.00262969095974147 -0.0501815081490388 0.015246375594614 -0.0805158383943215
0.0195907572751251 -0.0473199697870267 0.0458902796841498 -0.0737357453047624
0.0408812876987971 -0.0328356585732746 0.0852806235715736 -0.0337757513703338
0.0650812405299949 0.0119526625990557 0.0781111018627657 0.0251792740802688
0.0386680212411204 0.0567597478403866 0.0305876754778555 0.0590595118235908
-0.0244933912623229 0.0619628265355685 -0.0138482886766263 0.0213330691065867
-0.0647850320246858 0.0376518869984762 0.0666290797495943 -0.0504570259842474
0.02733374379727 0.0133373744927422 -0.0742650386125293 0.0806555128843
0.0192778010652822 -0.0248980249217825 0.0177987180771533 0.01323625200516
-0.0040331802941196 -0.0313467631113671 -0.0233377607213985 -0.0708884368974677
-0.0247352921576737 -0.0103475963411995 -0.0887533445742363 -0.0414647377582906
-0.0165640385995328 0.0109759047150031 -0.10930244206586 0.034915586654401
-0.00622809055165271 0.0133457349063426 -0.0688320600835381 0.0966563401548361
-0.00903892731538395 0.013114562023985 -0.0169709198912004 0.102465031766002
-0.00800084539790044 0.0102858511975509 0.00692188226677234 0.086121583243202
-0.00935297340102287 0.00524275478522026 0.0107272837257286 0.082052617767288
-0.00930834314363241 -0.00495091562339668 0.00415723706763847 0.0840929672411222
-0.00743500866043766 -0.0151389050174269 -0.00658378558778589 0.0826611770091935
0.00924656699506464 -0.0234686609787448 -0.0396597801959846 0.0881797799608935
0.0325297928135619 -0.0142761178308267 -0.0872866985014614 0.0864558996323584
0.0314215860123073 0.0140215638488027 -0.104701226888298 0.0865588181605454
0.0192812548214591 0.0346958636827833 -0.106251318463434 0.118484001386283
0.00091960494267232 0.0679707496756036 -0.0787485161604391 0.058661509261685
0.0226717525807131 0.0303122844444033 0.0180700700839236 0.00298788174109254
0.0328860716619785 0.00693628738490218 -0.0232904685576489 -0.0874674187490542
0.0241380695696215 -0.00602668545519565 -0.097970706419317 -0.0595563095754985
0.0119864780675666 -0.0139278968090069 -0.120956685788973 0.0295174913808252
0.00704351078073886 -0.0179112654029408 -0.0786467888835341 0.0941009949155442
-0.0084541556391167 -0.0256580791716813 -0.021144094962649 0.104313619095829
-0.0115025984100991 -0.0270049440161381 0.00662494334462252 0.0820469939613643
-0.00793586293802299 -0.0314705746874584 0.0140214770924346 0.076394176678826
0.0112254388515378 -0.0339854594003916 0.00911297350441568 0.0754763693189812
0.0269516876407412 -0.0293870806141031 0.00496799001672817 0.0765946495884626
0.0556580355399612 -0.00522380357157468 -0.0211902741264773 0.0851724497837865
0.0567324032998467 0.0324265212833211 -0.0672318796673801 0.0885276577146498
0.0152581545705444 0.0681962571419908 -0.0796541118990006 0.0950419562127634
-0.0224191189638438 0.0879994558064842 -0.0827722232867367 0.116487490061438
-0.0327767087518222 0.112930168868595 -0.0667876655857215 0.0244777236198727
0.01124926312016 0.0879067740573592 0.0280748625159476 -0.0161415380752932
0.0627834669110768 0.0573238098757894 -0.0159546097755542 -0.109530944254918
0.0774581094592356 0.00925400763764606 -0.0995718399740126 -0.085337920904207
0.0490202496193398 -0.0345771557719802 -0.12662679101661 0.014926708273374
0.0253970021599916 -0.0468935953574203 -0.0840374987461792 0.0783753610011934
-0.00283092863626947 -0.0617005747904585 -0.0248453158835361 0.0920709881336686
-0.0133968117471624 -0.0598559913748601 0.00498748765330143 0.0657035018585095
-0.0103706184280786 -0.0630903351783051 0.0164408718483993 0.0581929772301753
0.0228632695670738 -0.0599067989358509 0.0188085059383857 0.0562882311682354
0.0506109720349034 -0.0484928241073518 0.0232103118507603 0.0627662490791742
0.0957538708148779 -0.00427751132223448 0.00450879959664287 0.0794065888527177
0.0868746169461612 0.0607684255913292 -0.0406195997652671 0.0902812662212071
0.0153258196244698 0.110040847394777 -0.0523304302460158 0.0947752067615464
-0.0507329149359822 0.131429976510643 -0.0490213368288084 0.0992850402742339
-0.0656756439279266 0.138931398814787 -0.038133897170383 -0.0170938855527149
-0.0116010517608896 0.13560846587077 0.0470716368516436 -0.0422617445834107
0.0770393347343576 0.109431206997693 0.00297810068574251 -0.129755577875322
0.122578427327045 0.0342501103216222 -0.0878459761474241 -0.112160321791816
0.0857794809271339 -0.0446713563673179 -0.120429986251787 -0.00782814422961871
0.0445831353432669 -0.0676244045879369 -0.0808999925862467 0.0508096706840961
0.00508063133335927 -0.0891410920730983 -0.0272315549622095 0.0672276809331112
-0.0135484638104996 -0.0845583441201308 0.0030580851240862 0.0400155963159243
-0.0146807834675597 -0.0854462736282782 0.0176005417127159 0.0298810902944649
0.0254899583272999 -0.079349182759194 0.0263075953863343 0.0278688873595972
0.0607820112880262 -0.0654306460083789 0.0422922253142231 0.0400946541082895
0.119924265698396 -0.0127644033991093 0.0314650343071848 0.0670561246015643
0.110876321567178 0.0718403581571962 -0.0142446950891308 0.0857633000931885
0.0233888149546272 0.132831319098624 -0.0304852126126039 0.0834081201418181
-0.0654059238270267 0.157171493912345 -0.0143410403222197 0.0681047929345946
-0.0895993719140791 0.141106168953862 0.00360546504876894 -0.0586558733921367
-0.0412051041653534 0.158029854559767 0.0747154952987558 -0.0678710717579718
0.0700986315733993 0.146865726706959 0.0306778498457886 -0.140355703417818
0.142865849675433 0.0626455390637717 -0.0598314949092565 -0.129806709401135
0.110006097365572 -0.0430983218138467 -0.0977832348071424 -0.0331924601923583
0.058444295985594 -0.0759734179844966 -0.0669457383543484 0.0158121031049041
0.0129948094436002 -0.101465534881709 -0.0258428181215831 0.0327598580460994
-0.0121331323088594 -0.0958749967040447 -0.000205166804309122 0.00827344812000273
-0.0163826403502881 -0.0955637232627849 0.0155978449756191 -0.00261796229405219
0.0236692023822138 -0.0880909013223009 0.0300862048187717 -0.0043560208340003
0.0611719545174248 -0.0730893490966323 0.055983718690606 0.0134760311813922
0.125814626231436 -0.0184728090233819 0.0511239139378388 0.0495103827223054
0.116896392852109 0.0722453333549237 0.00567669021490991 0.0761906593497166
0.024295013812573 0.136410789230008 -0.0189787655762569 0.066505074525823
-0.0730745579823002 0.158455578125062 0.0142047951138857 0.0298674093888082
-0.0961924338738043 0.118365325254314 0.0506242134347999 -0.0931775235698098
-0.0627742370172046 0.145415033929955 0.102485688858155 -0.0866431485259484
0.045544187509008 0.152849713462606 0.0595832041269665 -0.135142592087751
0.130947072378253 0.0791033949926394 -0.0240382572995378 -0.13234286085095
0.111102123873853 -0.0312611948635621 -0.0647430655974465 -0.0543709845778526
0.0604382149321113 -0.0701987900801156 -0.0454922992002676 -0.0189354962080289
0.0174806619365354 -0.0971369262743017 -0.0209426435975251 -0.0039095663445613
-0.00881891007113568 -0.0936826834736511 -0.0027278003481389 -0.0230175464109374
-0.0145071629669562 -0.0926465576486348 0.0120792719898141 -0.0346036577049656
0.0208645709554548 -0.0853838578527448 0.0329657650115185 -0.0351808366880292
0.0571956848856581 -0.0697443334763133 0.0660220841431305 -0.0114878522214877
0.116289608164559 -0.0153994139067438 0.0641253545294481 0.0342803349960473
0.104134589822379 0.0700651330237374 0.019193315857755 0.0657803671319894
0.014159778650416 0.12348706274297 -0.0137112626275279 0.0477003795702126
-0.0766979967726983 0.137219731768865 0.0371591328496718 -0.00704431515845374
-0.0812787129986818 0.0752574228545508 0.0906768081517897 -0.115119650426388
-0.0663665343140209 0.103200411092002 0.122095583035893 -0.0962018126280649
0.0178504985851819 0.122164488212672 0.0798419597085923 -0.117899515173154
0.0944218725633002 0.0733098545890222 0.00932225026604501 -0.121831087449661
0.089216667720493 -0.0176195025243401 -0.0309989290416186 -0.0677440528514401
0.0490990378338368 -0.053447771818794 -0.0233620460880178 -0.0472247280753217
0.0175629605049996 -0.0776610771686135 -0.0158822575939685 -0.0374886563018029
-0.00442249864402046 -0.0770844208722771 -0.00460857696210427 -0.0503404116547319
-0.00963031586068054 -0.0770158907918404 0.0097621930770101 -0.06297656077561
0.0185781911072623 -0.0717733646701887 0.0359737336519991 -0.0605084364193741
0.0496799716328101 -0.0555724767278682 0.0756669225369377 -0.0300071614856389
0.0962117406135216 -0.00452292159571242 0.0739053175666077 0.0229204895526268
0.0780056369319453 0.065233989212388 0.0276962439875987 0.0585141961382518
-0.0036137061168608 0.100044340088639 -0.0113337180054797 0.0318763373295946
-0.0740408576402009 0.0975371161593524 0.0558643109103629 -0.0367084683924461
-0.0500332256315957 0.0205659453134305 0.113852270142161 -0.12096694392802
-0.0514117925250245 0.0448856962699897 0.126781296464107 -0.0995245722259002
-0.00330132367394261 0.0677485958287555 0.0864414587617205 -0.0993064420622442
0.0466135177659805 0.048396679735534 0.0284121196133085 -0.106357738944475
0.0507731287165901 -0.00591056437529158 -0.00768665303608793 -0.0751365311048479
0.02835614903823 -0.029908624398763 -0.00796173875087429 -0.0659424669285652
0.0127477414129431 -0.0452660325082249 -0.0118808391879971 -0.0621007408346973
8.45568474805601E-05 -0.0486778394617006 -0.00588101715707543 -0.0693604705100553
-0.00230856700274836 -0.0502789019350986 0.0101934223758698 -0.084209153625666
0.0158491794575619 -0.0484668652117539 0.0425905284657469 -0.0783257969143728
0.0378516379128225 -0.0349991855610965 0.0865192475218079 -0.0398581558162577
0.0660574980070885 0.00653524007539597 0.0814499181514344 0.0222498342678064
0.0430561622565662 0.0543045513559524 0.0332824040791936 0.057614526073895
-0.0207115702611553 0.0648552129700657 -0.010434553484506 0.0208352381548215
-0.0635509309374107 0.0449651204050006 0.0707976449686576 -0.0554522519511586
0.0279550075699052 0.0128479858606407 -0.0720562884971222 0.0842897477115165
0.0183784752917703 -0.0249991651108133 0.0196955157736449 0.0126422623509741
-0.00473941195058547 -0.0316202906485582 -0.0261142141609931 -0.0719475976688527
-0.0249675715457821 -0.00916343036319147 -0.0919527070054592 -0.0390058339367516
-0.0160309146053363 0.0109578820062707 -0.108091368745079 0.0400028951252172
-0.00545749461312135 0.0127580696559259 -0.0641088034798438 0.100661303423586
-0.00883898386440505 0.0138303065779726 -0.0120578644522652 0.104185325442576
-0.00766598233045776 0.010516063454689 0.0105207706517787 0.0866141296454784
-0.00939367816857236 0.00514317581657867 0.0151611199574479 0.0816112382394447
-0.00963344784424958 -0.00474298053520051 0.00916297673458432 0.0840073650818796
-0.00825665868460221 -0.0152422243403533 -0.00346936269197074 0.0836577623821816
0.00876502601698599 -0.0240307003172076 -0.0376159231434956 0.0909217356652478
0.0317853287217232 -0.0158877478208405 -0.0850396776183758 0.0917150732527757
0.0313167513457291 0.0143419471460103 -0.102953187600613 0.0905232881510505
0.020778411723235 0.0344277210737449 -0.104468032005259 0.124188739771664
0.00321019195116189 0.0693550229830872 -0.0774236236492414 0.0616233637802519
0.024102517365975 0.0301829316740563 0.01914057789408 0.00282334759752946
0.0338085241961175 0.00563077235355686 -0.0268951489657764 -0.0882942981073772
0.0251451688289762 -0.00739456559230789 -0.101799577442108 -0.0570536695871112
0.0124397231512086 -0.0148872520277516 -0.120208164144473 0.0345072322421082
0.00650698898929245 -0.0186810490198252 -0.0742157553139723 0.0979930625112707
-0.00997287497402492 -0.0254466390947141 -0.0159200933751828 0.104946511147457
-0.0134023116252996 -0.0267858946454191 0.0101426904121353 0.082008230019604
-0.00952521089887992 -0.0313355302878268 0.0181594017690025 0.0760158762070944
0.00990332787364089 -0.0346984121276756 0.0139103224092136 0.0759593258296278
0.0260933598886315 -0.0307252619422072 0.00769937842063827 0.0770097633208352
0.0570434567553642 -0.00799793500143237 -0.0189956774228691 0.0868709625834454
0.0581563216705299 0.0305834433399436 -0.0648158682904853 0.093278381109204
0.0176913546966521 0.0693914333992508 -0.0775445456353199 0.0979213182671307
-0.0190063622702992 0.0900556674963427 -0.0804086967987858 0.120977545415522
-0.028525213264987 0.115377370020353 -0.0669241002315247 0.0270036935412621
0.0150451703196562 0.0886651718441411 0.0278800627965689 -0.0174328653089984
0.0663084067094638 0.0554806950053088 -0.0194357547106839 -0.110943307630373
0.0801090608555441 0.00533572406829157 -0.104502837146543 -0.0832757044172069
0.048420296754392 -0.036742636352198 -0.126669885772678 0.0195638070829185
0.0238194109398441 -0.0491086838986519 -0.0805343813475892 0.0822701044688795
-0.00623936876367486 -0.0620577977633373 -0.0208071229656842 0.0924047691151552
-0.0176918864593355 -0.0597747090449494 0.00743632041894725 0.0655752279843446
-0.0137480582050264 -0.0634074389977135 0.0195733721282964 0.0566999403423477
0.0202637843572052 -0.0621144464616026 0.0218424772282066 0.055835681593406
0.0488469598852471 -0.0511739282824817 0.0266724535462456 0.0619947722200284
0.0970541053461547 -0.00875605611382343 0.00768768447278994 0.0804374161051515
0.0900508933003057 0.0581686701174022 -0.0377643811611336 0.0939046281183434
0.0195661609217267 0.111639755440369 -0.0492813589022233 0.0969933023782313
-0.0458174101746012 0.135476068348818 -0.0462456212455313 0.101769333797351
-0.0620343020735687 0.143203300345741 -0.0394169650085497 -0.0160256364730054
-0.00715733076458065 0.137713526575207 0.0463206338665492 -0.0433193177206511
0.0830192665223196 0.107842855944238 -0.000982127198542331 -0.132171950478905
0.126534686787726 0.0290909648376873 -0.0935451510022919 -0.110412042584476
0.084411810063744 -0.0494478124587211 -0.121045948253464 -0.00367292525856209
0.0426239032312209 -0.0712294256205855 -0.0794024866646257 0.0542439181313236
0.000464412176063405 -0.089680455059972 -0.0235396981356219 0.0674970004592524
-0.0190774400976017 -0.0840614460077854 0.00434597735749054 0.0396007447775943
-0.0186497473044143 -0.085459430504963 0.019246565874188 0.0288141685656132
0.0215664601750427 -0.0820916477461932 0.0280982346074968 0.0268903513605787
0.0587176333029918 -0.0685451097702596 0.04512111935731 0.0382618753087233
0.120968296377957 -0.0188929599308291 0.0340124386149629 0.0661651580933866
0.115106186880897 0.0670321476581067 -0.0117577272740767 0.0885999154389895
0.0277433927209662 0.133527656858348 -0.0286851684840701 0.0858771628531582
-0.0599260062249244 0.162072024872679 -0.0124774026699603 0.0686766311142318
-0.0859359488021476 0.145931773513453 0.00154166220734028 -0.0596832396829958
-0.0355101939863917 0.161337831153012 0.0731176646931275 -0.0702783396794949
0.0771685341314471 0.145864012664672 0.0264979318213413 -0.143761001155306
0.148169210416504 0.0561319670474557 -0.0659038450185039 -0.129273209228752
0.109383069010255 -0.0482047544539524 -0.099451556060115 -0.0305359791695754
0.0560523814223596 -0.080000268125764 -0.0672360568414074 0.0183348210697332
0.00749932398858462 -0.102421155528272 -0.024045758223572 0.0331947906829875
-0.0176474390638898 -0.0959672503416941 -0.000252120144541237 0.00863811492895259
-0.0206482002982534 -0.0956853827143996 0.0152366547207473 -0.00395883885433323
0.0194799506761351 -0.0903111658056996 0.0307055800291248 -0.0051963311906058
0.0590036232128774 -0.0763441884647453 0.0575848702197002 0.0107086780509307
0.126634860150863 -0.0246357287690527 0.0539350352440827 0.0481997680599158
0.121311263950635 0.0680526201676044 0.00856161621388679 0.0777919612962234
0.0287793832842684 0.136626609851241 -0.0163516495562293 0.0677840468991494
-0.0670073013873067 0.163350382079419 0.0151923184066593 0.0288166619377468
-0.0923672652597112 0.123123722316262 0.047926500104365 -0.0958210860141793
-0.0577396964794362 0.150393067947938 0.100195610702791 -0.0906566780355278
0.0523651884074314 0.152012354968414 0.0558737863527262 -0.139293688264064
0.136687072511615 0.0740607240969678 -0.0295258083129105 -0.133054397639962
0.111226971828865 -0.0362488952273805 -0.0671677826458489 -0.0528703829728646
0.0583735065379498 -0.0733785551322965 -0.0477320187095526 -0.0177036101376395
0.0125834671018795 -0.0985041724560474 -0.0210701492483603 -0.00409032253716791
-0.0143697871965669 -0.0937583282475546 -0.00425811138149931 -0.023029741984589
-0.0192138567908509 -0.0923919167621527 0.0105178791026617 -0.0361489926424574
0.0168773790786086 -0.0870494153365406 0.0316683275446237 -0.0361180027302358
0.0547685988173639 -0.0720585080966313 0.0663772458579887 -0.0145831007920991
0.116960005567403 -0.0209494793197895 0.0665771812794507 0.0311157432244045
0.108122352491972 0.0661207472248231 0.0220095855051563 0.0666891863699064
0.0194131060511691 0.124378529950394 -0.0121021249716318 0.0487288806797194
-0.0706123901714363 0.142196239377551 0.0365386495942815 -0.00915530506331924
-0.0792152308273652 0.0797449565063817 0.0882150977116229 -0.118919827020517
-0.0628522345130131 0.108011375668265 0.120388426685961 -0.101013274418964
0.0227085366072332 0.122481115494852 0.0766648802929587 -0.122104198822336
0.0990264255583113 0.069207439589815 0.00418300391970658 -0.122599069045067
0.0886047380991806 -0.0215587437379552 -0.0336704366013927 -0.0675100042498589
0.0473149144100205 -0.0555371294778205 -0.0263877997614352 -0.0475677166528648
0.0132676096182379 -0.0789506450146418 -0.0175773369618377 -0.0374574757220961
-0.00880854896926653 -0.0774204490465438 -0.00741315648452389 -0.0502282395999632
-0.0135857964097775 -0.0768084813013019 0.00712834798737085 -0.0636412065681728
0.0154614516444679 -0.0726057209803634 0.0336186941457644 -0.0619927452093109
0.0476483275195775 -0.05783728363092 0.0754260880264876 -0.0341547662401123
0.0969923656322546 -0.00971163935838964 0.0755217556227034 0.0204024021434828
0.0813964227185568 0.0622276091801853 0.030285440053218 0.0592092119314566
0.000204090611315708 0.100459764300019 -0.0104362216228303 0.0325786508305591
-0.0700996536714996 0.101513754135069 0.05414784979246 -0.0400046994295319
-0.0503456083426408 0.0230889442970312 0.111448711591911 -0.126103557351394
-0.0503195458859758 0.0472973138276191 0.124036086558329 -0.104474497670808
-0.000271794862161849 0.0690415272580754 0.0847622224417127 -0.103634500106992
0.0492942114008921 0.0465162773751913 0.0253019065184807 -0.108341950803412
0.0503028567299578 -0.00774680870756488 -0.0102085676548306 -0.0758713660462251
0.0278268275083219 -0.0301355337496604 -0.0122562768317388 -0.0666695776105876
0.0110015138874791 -0.0457177602211961 -0.0151572780088047 -0.0618642069865575
-0.00217793875874673 -0.0489797721087307 -0.00915758131508197 -0.0694326821523358
-0.00415936813446956 -0.050138199662888 0.00604497496419528 -0.0843826608210265
0.0132774276535382 -0.0496036392948584 0.0398618120787699 -0.0796242328526719
0.0365072652796501 -0.0369326891713693 0.0862001510941069 -0.0439544020439488
0.0676562770027753 0.00369926545311435 0.0831937598890557 0.0192753977615369
0.0456080738589748 0.0528649569534829 0.0358980191003375 0.0575946846056917
-0.0185171719372175 0.0657862568200026 -0.0100848553063992 0.0219655191575578
-0.0617016477666104 0.0483049903539547 0.0692253257281851 -0.0586454820355194
0.0283430722509275 0.012093538798373 -0.0674397832460898 0.0855432156250365
0.016984810882158 -0.0246557031945918 0.0216094860950499 0.0108082648660958
-0.00620693773513582 -0.0309056308162661 -0.0285785814422132 -0.0707127164064949
-0.0247269115199526 -0.00830670949739256 -0.0928822082661697 -0.0349353749167211
-0.0150182694937883 0.0111122439661014 -0.104300576248783 0.0443811502785034
-0.00475362621615937 0.0125894666879875 -0.0569778943945537 0.101200983327566
-0.00749757537645835 0.0143165716930367 -0.00674565416557357 0.102033790712076
-0.00692866866717417 0.0110723699998807 0.0149752220558623 0.084548143229382
-0.00876651531267679 0.00535389707066372 0.0189455377227488 0.0792357003880171
-0.0102977197663082 -0.00431803243149176 0.0137338835049075 0.0821568202709447
-0.00936611167102636 -0.0139949803932192 0.000464615538168091 0.082945166230874
0.00795764547749264 -0.0242068213198345 -0.0337005084582372 0.0913798322961807
0.0297391778553786 -0.0168190430052198 -0.0794490323355891 0.0937703027373593
0.030795936921154 0.0139363020305022 -0.0978025071670497 0.0918551950559107
0.0216941512940588 0.0328736480579535 -0.0976848052275497 0.126847569289733
0.00675335505955135 0.0685858727896664 -0.0737139506552571 0.063623038078326
0.0245783826309481 0.0292238919553767 0.0205321517948452 0.00165693092385106
0.0340686269119486 0.00436398254930991 -0.0301535154774893 -0.0871976458616047
0.0249466520024343 -0.00933900435875408 -0.10313387616918 -0.0526572901537673
0.0117660187529297 -0.0159453088999386 -0.11688938235898 0.0389726004334031
0.00505910212953915 -0.0196557305144791 -0.0675698950011525 0.0994156178152549
-0.0112413038101804 -0.0243231429748442 -0.0102090229619564 0.103010371613789
-0.0149723226988092 -0.024976181911907 0.0137786290496736 0.0799809107736234
-0.0112297771839567 -0.0307070088538216 0.0221117697345377 0.0729909334204324
0.00773214411823948 -0.0346809602966945 0.0184390716419125 0.0734847635198661
0.0242970870873385 -0.0320528276760379 0.0115643116386296 0.0755828707358592
0.0562999101564401 -0.0112488043892067 -0.0156072143110018 0.0866031915325065
0.0586447162391208 0.0277397317199409 -0.0595801390581175 0.0951255872045481
0.0199551285753047 0.0693615924620551 -0.0717918019098194 0.0980382987692918
-0.0150177788562478 0.0900287329564213 -0.0741041736178079 0.122723475775502
-0.0236663543931277 0.115765089175159 -0.0647420854048966 0.0298289312047333
0.0181910828784752 0.0869369236535979 0.0279290658816866 -0.0179220179570408
0.0685268407288457 0.0517575510249009 -0.0237473627342341 -0.109631204315754
0.0796995444947692 0.000304904898619675 -0.107063315320634 -0.0781687768826841
0.0463936484228474 -0.0388468799565892 -0.123025949009765 0.0237556693849707
0.0210114796721001 -0.050104032997261 -0.0748160024623499 0.084543553874176
-0.00991457880976368 -0.0599503151721136 -0.0154164961460415 0.090502551445578
-0.0212202765948807 -0.057338641761742 0.0107660379338768 0.0639186299427756
-0.0164040173103217 -0.0614611855135031 0.0226876260711204 0.0542674934369734
0.016452177320912 -0.0621053776122641 0.025234746308641 0.0534895540301987
0.0455016243794444 -0.0525462043078369 0.029376812374139 0.0595909797174217
0.0953486516738483 -0.0141794115333771 0.011122400985574 0.0785896639243196
0.0913341092029723 0.0528910377511254 -0.0331080511386504 0.0949392859070273
0.0238711588383642 0.109985790533516 -0.0449664655801368 0.0964884804043195
-0.0388112017965776 0.136122125712987 -0.0411239682626199 0.102063194600146
-0.0548922726033823 0.143667003441827 -0.0398672417865833 -0.0139133641346507
-0.000944435215352591 0.136009509732933 0.0450834848460653 -0.0440914550908062
0.0874500179683131 0.102149776847601 -0.00692267556758561 -0.13137911832516
0.127208670610463 0.0216641949323083 -0.0972658973322826 -0.105000072978243
0.0812299895070117 -0.0524122735529589 -0.118688916191427 0.000309937110234334
0.0387247565109532 -0.0728412841658583 -0.0751196012959444 0.0569888755823908
-0.00485448006911144 -0.0877429602170735 -0.0198457252204701 0.0658140547074441
-0.0243737195098391 -0.0816275499865735 0.00560223669369898 0.0382053541931868
-0.022322731105852 -0.0826797550737044 0.0206139333733393 0.0262592224235956
0.0166044853499037 -0.0816558826913089 0.0297965905088677 0.025444820697211
0.0536877256188475 -0.0701524423257271 0.0461715211796827 0.0354000549684577
0.118266109051455 -0.0254504815781885 0.0362399612663118 0.0638548135839069
0.116509627201192 0.0605573948213277 -0.0073348914228828 0.0888480268643781
0.0332099612918944 0.131052636952343 -0.0246180504615272 0.085123105808904
-0.0505266732269032 0.16308712691089 -0.0095947545528269 0.0673579941897521
-0.0780411027374637 0.147360230653165 -0.000762962386054904 -0.0586716503469849
-0.0278619592768959 0.160765789579592 0.0692079156339579 -0.0716809386592247
0.0836942067350843 0.139507530528541 0.019987556282394 -0.143440714512685
0.149594034816875 0.0471855872216086 -0.071203884502046 -0.124285724049721
0.105070076231342 -0.052353515809094 -0.0987612588594211 -0.0266651934377019
0.0509923094233196 -0.0815299000776164 -0.0657828932299738 0.0210518228226586
0.00158715748825065 -0.10102366655522 -0.0217418338369643 0.0323572008160798
-0.023627129234438 -0.0931880934954581 -0.000203356566929733 0.00789323675878283
-0.0255523162511937 -0.0921718625533152 0.0151098039194869 -0.0051385252894939
0.0142354969956063 -0.0899776923521803 0.030489784404594 -0.0066415307521005
0.0544430942539374 -0.0780932535569446 0.057086104215971 0.0073258848580823
0.123552749513319 -0.0315582502840415 0.0547322807217613 0.0448478890892799
0.122511510737061 0.0606075980032202 0.0122061667721921 0.0773922793760437
0.0344722144137136 0.133073057340584 -0.0134140571615623 0.0677934335719099
-0.0575848896485769 0.164618035463801 0.0156759173280691 0.0273191878720966
-0.086651672519233 0.124865267534576 0.0435904147618936 -0.0962974876428777
-0.0509022546607456 0.15096618831873 0.0953061367409084 -0.0928437607222424
0.0589711789196688 0.148192719353791 0.0498439794629209 -0.13992271114393
0.13881404718073 0.0649230072138145 -0.0348666232397939 -0.129877437005943
0.107018283668891 -0.0410361864393208 -0.0670745630279199 -0.0495240527786112
0.0539847157043135 -0.0750872866577542 -0.0483351301452064 -0.0159601600446145
0.00641154450633599 -0.0973891454663993 -0.0203337979318328 -0.00385562979723905
-0.019776652371199 -0.0908286882749122 -0.00578034105826972 -0.0227412292441729
-0.0234586376274186 -0.0894814834744069 0.00819857932090455 -0.0357207306784727
0.0119785292681555 -0.0858725060189313 0.0293968492582688 -0.0369566593370573
0.0501660301161464 -0.073488843070251 0.065181463431303 -0.0180457554666697
0.114175071189444 -0.0266140104360481 0.0667202440411259 0.0271752044334651
0.109575490298531 0.059580101245805 0.0245617883598676 0.0662069821869718
0.023582936373646 0.12096671128733 -0.00971313138922918 0.0492607888622966
-0.0627407570227196 0.143363522223265 0.0355085152493611 -0.0109318790860592
-0.0747326793559706 0.0818474003358522 0.0824749668082398 -0.121336743726305
-0.0578179929592532 0.109244554840064 0.114029148852244 -0.103773766451532
0.0282900638797549 0.120037505051888 0.0719436158925413 -0.123825587271061
0.101380927485035 0.0625095040863335 -0.00144570399842062 -0.120831590233863
0.0853176846344796 -0.0251280185193865 -0.0352208821990048 -0.0650724103706593
0.0442999236393253 -0.0569032861599838 -0.0293702739378627 -0.0458657090357389
0.00854030896442369 -0.0771784060903155 -0.0194092715119434 -0.0365439422524125
-0.0135125022593084 -0.0752856260264935 -0.00938767515322956 -0.048951313525462
-0.0168809220710327 -0.074308279915596 0.00352451068912796 -0.0626046445384512
0.0112412684502685 -0.0724550354891422 0.0301067155901964 -0.0624394676264986
0.0438260258361996 -0.059004848495112 0.0729897907360016 -0.0373757880701363
0.0949133137155098 -0.0142107751533426 0.0754178071506856 0.0167007265494756
0.0827169769712061 0.0573434717252338 0.0328176678925208 0.0578712722966397
0.00431082783812379 0.0988706996683713 -0.00909211787555139 0.0333319273812883
-0.0631966368813686 0.102933271256206 0.0512729326470571 -0.0422881706332836
-0.0477745010356224 0.0249270275038888 0.105354826467189 -0.130053522506794
-0.0475095378125071 0.0486346606064246 0.118279722725243 -0.1077896543739
0.00278210233643204 0.0675354172666965 0.0802815312760159 -0.105139847211854
0.0508141166000891 0.0429597349918587 0.0195099517575747 -0.107084017427462
0.0488781317173689 -0.00951581540765648 -0.0132693215162339 -0.0749003084694582
0.0261871785061071 -0.0303140484704063 -0.0161323345700738 -0.0657748666860158
0.00784097106043579 -0.0456023721881475 -0.0178689925709202 -0.0600275924286414
-0.00537880838309597 -0.0481317020908544 -0.0122893121511071 -0.0678756864219027
-0.00730132278864115 -0.0490659981385846 0.001865540587644 -0.0826219239722273
0.0103964491940484 -0.0490465821373755 0.0353109084954008 -0.079249783373129
0.0343755515034621 -0.0378912326531211 0.0827990920358385 -0.047373190665439
0.0662637260343532 -0.000493099806434036 0.08302309728546 0.0154025112008944
0.0470195257080643 0.0492385747147739 0.0371182588259852 0.0559070262853245
-0.0160697868641506 0.0655006059088192 -0.00974930768171016 0.0223904760527329
-0.0573481103488834 0.0501116992862772 0.0642391481863095 -0.0614968066314137
0.0276884958247454 0.0116298445644281 -0.0632053637997891 0.0844705954167093
0.0164578510227929 -0.0232768420483146 0.0222263008239707 0.01007769517215
-0.00640846926650258 -0.0296695027251473 -0.0300467386624373 -0.068595825701627
-0.0242540446814962 -0.0080092817618824 -0.091077508456979 -0.0316075981771761
-0.0136071162604965 0.0102098914692374 -0.0996433588398121 0.0450649150911168
-0.00432349480001993 0.0119591346738924 -0.0510428448175547 0.0984035775889373
-0.00662213753085401 0.0139596273020837 -0.00284749005336248 0.0979278446862852
-0.00661610580555372 0.0109865247952449 0.0165364753977181 0.0808456490165593
-0.00864813843182907 0.00552517843831439 0.0215086930799729 0.075665408205112
-0.00997695599085859 -0.00393821029262329 0.0163116356622697 0.0784994577454867
-0.00907458817644761 -0.0130357146691562 0.00234740791001165 0.080387576523518
0.00718253530937592 -0.0240306944906802 -0.0310157339228406 0.0896671666550579
0.0281116468173048 -0.0167474813869706 -0.0744198877870972 0.0924931384064898
0.0299994002850373 0.0141567134092096 -0.0929930259013664 0.0902812773765798
0.0214715470973335 0.0315054949399067 -0.092597663413994 0.125439246299932
0.00819115114278423 0.0669116386631899 -0.0696588463931467 0.0636556158896151
0.0244843995990345 0.0279943187920738 0.0209821051217142 0.00144028515175971
0.033557792838822 0.00271486062420487 -0.0315396155232693 -0.0841880057924188
0.0241644073078065 -0.0108180911752245 -0.102113897097725 -0.0485043164539892
0.011341708272104 -0.015700164862556 -0.1115727052885 0.0400949978764185
0.00467986162349567 -0.0197280593015635 -0.0615375188412159 0.0979978782978352
-0.0114753418854687 -0.0229376978305905 -0.00663960338545699 0.0988838803701608
-0.015909497475257 -0.0234349575381815 0.0157889577627477 0.0764638754052202
-0.0125659339140831 -0.0290856719221412 0.023670958455609 0.0693894977242695
0.00627855934819126 -0.0343340408613213 0.0201987685245927 0.0696140584789508
0.0224809706501027 -0.0315146756424236 0.0133815122956856 0.0728741894026073
0.0545703448420032 -0.0130043459812967 -0.0135778008267047 0.0846936317980515
0.0574952501641783 0.0258482325454962 -0.0545626652316466 0.0935248973801287
0.020690988712624 0.067097266479619 -0.0674608509138654 0.0957818175849751
-0.0121895251330229 0.0877022211281698 -0.06960961648211 0.120025665121966
-0.019469696166093 0.112689055780693 -0.0624209957717693 0.0299793376096081
0.0200460813435013 0.0846872206990401 0.0271808936760467 -0.0176546929743805
0.0682906310572102 0.0477090992535756 -0.0258699127066228 -0.106116123063242
0.0776815986185625 -0.00263415256222333 -0.105960116456737 -0.0729848995031807
0.0433983871235229 -0.0391379889987299 -0.118361920767732 0.0256039744559171
0.0186147425899591 -0.0501107745282585 -0.0693463440430021 0.0832707859266059
-0.0123017927883424 -0.0575525504073638 -0.0118741004294518 0.0864163927430639
-0.0229514072319631 -0.0542863651127639 0.0122279386278778 0.0610898539476762
-0.0181383221812729 -0.0585108902824256 0.0239515896312379 0.0507345834269408
0.0135199733599226 -0.0605095349171445 0.0263097984635508 0.0502192647766446
0.042287204840896 -0.0523576569521252 0.0300227594726527 0.0563699384221619
0.0918844270674439 -0.0176543648525711 0.012339913422437 0.0760064929151243
0.0895893430709635 0.0486204243713918 -0.0297497014392989 0.0933060796938743
0.0258760511526863 0.106390596486738 -0.0415597148772027 0.0936316660707671
-0.0335985398863837 0.132621151286833 -0.0384835255506254 0.0992904799008322
-0.0493380792209585 0.14079512359857 -0.0386971491238819 -0.0122281144584921
0.00206285552116305 0.132661254551117 0.0425841455065144 -0.0433890343561255
0.0875133611092654 0.0963423287846082 -0.009292630287557 -0.127183510746898
0.12414662739784 0.0163171319049452 -0.097366493352862 -0.0996174012885196
0.0771579196967754 -0.053333563933543 -0.114147148958369 0.00221956058229403
0.0346897594573396 -0.0721421824206645 -0.0707153021132151 0.0566722209780555
-0.00808908574292192 -0.0845010515187476 -0.0167077764060833 0.0628484975752263
-0.0273471169456636 -0.0774318942332583 0.00596499759425368 0.0367824899013493
-0.024494074573148 -0.0790052707616384 0.0205571200833339 0.0239316833172296
0.013718217544668 -0.0790875441235922 0.0302167662211856 0.0226947294362451
0.0498140037855083 -0.0695864103598762 0.0459605026114902 0.03267067597643
0.113925782675878 -0.0291418023558619 0.036514810835961 0.0607281782611689
0.113902061740073 0.0548896349317139 -0.00441003254218883 0.0870871920114268
0.0352527314308417 0.126424707356757 -0.0217921956837294 0.0826491854053911
-0.0446732371407561 0.158495232014932 -0.0080443932910834 0.0657652321544746
-0.0730595459599994 0.145095886223351 -0.00202950051298997 -0.056645988576836
-0.0236519338221974 0.157116237845276 0.0660918827473272 -0.0699435194980927
0.0846834272914287 0.133143277335324 0.0167955389706314 -0.139808142546124
0.146390806555876 0.0403663535310741 -0.0721341435536729 -0.118534507027827
0.100291821275 -0.053934139186405 -0.0956198605493005 -0.0237741745845388
0.0471187580221315 -0.0809649160572582 -0.0635572428785552 0.0220596067491607
-0.00154859054623255 -0.0968017366247068 -0.0196303210500683 0.0306352831886688
-0.0268040855739455 -0.0885675887710865 -0.000320089075005962 0.00781747705156709
-0.0278895881439763 -0.087479114181387 0.014343840006118 -0.00568609203069762
0.0103914287403824 -0.0869883706950527 0.0296601554853727 -0.00703332471764686
0.0499362356704661 -0.0770498502799288 0.0560658286364728 0.00503324462058382
0.118503281057926 -0.0351709550847744 0.0544653238067737 0.0422353117962856
0.119863704118039 0.0549611307719404 0.014101120799598 0.076054906500944
0.0367193807781002 0.127930104957845 -0.0115313186310134 0.0657597708078855
-0.0506108859957211 0.160603293304626 0.0152286619221911 0.0256284979921349
-0.0807437715683021 0.123268516454137 0.0403974733166744 -0.0941162360753302
-0.0454832421532542 0.14750415555783 0.0903853342564269 -0.0911130643810994
0.0607793736552533 0.141205691097697 0.0455805651716963 -0.137010279587017
0.136272415714054 0.0577032572112463 -0.0370884267388567 -0.124037596649775
0.102247916499763 -0.0422202092416702 -0.0663261324983453 -0.0470211292628278
0.0502478683638327 -0.0747564070004582 -0.0474926667337855 -0.0140474575917017
0.00278036816481069 -0.0933253485849531 -0.0202435170518642 -0.00432014972111674
-0.0234055598121078 -0.0869443550546368 -0.00616025132392017 -0.0212390449404511
-0.0257224995781388 -0.0852398558468392 0.00720942277835814 -0.0349098452814867
0.0085377694478424 -0.0828817638568858 0.0274914687708526 -0.0363363965839167
0.0463764836712854 -0.0725621203935241 0.0625800813262624 -0.0201976733005401
0.109828607031463 -0.03047726957287 0.0650541077685424 0.0245846399994748
0.107569614059999 0.0539606812360321 0.0255854283100644 0.0640509743554337
0.0256247148861526 0.116104322699829 -0.00881671371319554 0.0485578836435563
-0.0548187083244737 0.140160491889321 0.033172957486955 -0.0121139075021962
-0.0703527605861692 0.0813441912662483 0.0777128258859744 -0.119387504271935
-0.0529447008350228 0.10751592867804 0.108584281276812 -0.102630151308409
0.0304881760959354 0.114769294167495 0.0674549850158376 -0.121772362210922
0.100022869184786 0.0566575823675759 -0.00438579539749064 -0.116085319882664
0.0815958620451436 -0.0262890500432363 -0.0354588594711668 -0.0627349524376652
0.0412449879237914 -0.0561373440408383 -0.0305522838827296 -0.0436304886888911
0.0052264328446761 -0.0744306120685064 -0.0191818973973893 -0.0351821775333065
-0.0162977705432016 -0.0717067300927017 -0.0107232690638175 -0.0469880273530318
-0.0189011127847501 -0.0707985304046644 0.000989520629182243 -0.060447922484746
0.00827688929380611 -0.0694254682268122 0.0271680602815989 -0.0600173641632183
0.0406124111253757 -0.0580439308947196 0.0689272121776617 -0.0382663403718974
0.0910486861305527 -0.017331515141103 0.0735011216456109 0.0141290781861984
0.0814609249384224 0.0522844258898919 0.0329259035185332 0.056234342362552
0.00588662006337424 0.094971924775089 -0.00835510117593007 0.0328550712339731
-0.0572069481320337 0.10100606311762 0.0475368179878989 -0.0422655523904783
-0.0462269253226127 0.0256662671377604 0.10018940191068 -0.128001594511508
-0.0444976459082912 0.049058695166754 0.112064414610401 -0.105805773777567
0.00411999832013649 0.0649349274771527 0.0755890158131857 -0.10336917567778
0.0503287343908258 0.0396118731780147 0.0168600841425815 -0.103596129387769
0.0462517079893872 -0.0103529812121857 -0.0146157643241652 -0.0716577349420445
0.0243691557208927 -0.0296193711678652 -0.0181523148766515 -0.0625273557069299
0.00583052992202385 -0.0437787311292086 -0.0193398089758345 -0.0576294281320924
-0.00732089490902094 -0.0459134664596794 -0.0135112597995308 -0.0640144756174092
-0.00836473985996786 -0.0470529196473607 -0.000549712495718625 -0.0794349449261749
0.00833771188175791 -0.0479378382012765 0.0318340289399387 -0.0771129787694103
0.0320870683159636 -0.0378917920315302 0.0785122392882424 -0.0477878185523312
0.0639853652543656 -0.00303384248365874 0.0803269737020282 0.0128665047478832
0.0462459312296642 0.0459594453600462 0.0375034193766152 0.0539616373766129
-0.0140392663763973 0.0634179876469421 -0.00881742892330458 0.022550607122756
-0.0532810857286582 0.0494628593552948 0.0598807150962451 -0.0608716685062405
0.0272920409036361 0.0115450933786986 -0.0614397034070632 0.0823207400007687
0.0164650128970864 -0.022240235631468 0.0220263575852082 0.00916569027122705
-0.00554469777241235 -0.0290682608188364 -0.0301034370721583 -0.0671559842607769
-0.0232357904275401 -0.00767264102808785 -0.0889173173689908 -0.0310930688954875
-0.0137233172201178 0.00937526559997457 -0.096792754425886 0.0435001928923738
-0.00409923823002067 0.0111688699147812 -0.0488166865819515 0.0954785487955632
-0.00634713732965611 0.0138088960671301 -0.00189392709804513 0.094936192369648
-0.0064422813991149 0.0105577542656879 0.0160890020799619 0.0780593861217092
-0.00826847732650459 0.00539297527908161 0.0216510461186613 0.0726989493515848
-0.00964999601736795 -0.00399135986634662 0.016458964245522 0.0762029045609511
-0.00900427095535962 -0.0125231885241317 0.00225318831867992 0.0789033063083641
0.00763795360121787 -0.0230553721986484 -0.0304808366705377 0.0878179307772882
0.0273445284250162 -0.0159244553165629 -0.0720924623115676 0.0901553711705687
0.0295552270630292 0.0147894169552745 -0.0911115276263566 0.0862608202409367
0.0207390319416019 0.0306188855879281 -0.0909426665373116 0.122704535175855
0.00807755389423223 0.0655114282816761 -0.0680238160243649 0.0619727779586368
0.0242519006174179 0.0280323741602917 0.0212421503548716 0.00073456643616229
0.0332842940447269 0.00251507808656637 -0.0313466116470357 -0.0826158855780614
0.0238587197629661 -0.0107338229646467 -0.0999088126453443 -0.0475408461916243
0.0107701320384739 -0.0159776092736302 -0.10808997556899 0.0386400944857864
0.00421792455839394 -0.0197008307140749 -0.0590015887413459 0.0944408016462552
-0.011658391986797 -0.0221608419642335 -0.0056514118377507 0.0952759783543427
-0.0160900299345468 -0.022508528766849 0.0150172226095167 0.0738183242379499
-0.0124148988078207 -0.028655677973725 0.0230692949428176 0.0663257109754032
0.00577015236634118 -0.0335664372453946 0.0205290176947553 0.0676918699582928
0.0215669272160376 -0.0306642639979311 0.0126475853229403 0.0709329334208923
0.0529068508298849 -0.0133251922037596 -0.0137104189815645 0.0832106633086452
0.0555826428981414 0.025004086286945 -0.0534536983163606 0.0910941033263624
0.0197807381942324 0.0663887083253076 -0.0666277934589974 0.0924056115285965
-0.0114753815428519 0.0856355022240627 -0.0683700914072627 0.116814911054189
-0.0191514178657755 0.109899508137298 -0.060648282947228 0.0292647380816335
0.0193892166060568 0.0825256453325056 0.027839984071 -0.0167304021469456
0.0673631114353643 0.0455834511845005 -0.0261291712725635 -0.103681755403148
0.0761716065428389 -0.00368876504025206 -0.103885211752416 -0.0713198117076119
0.0423212482313091 -0.0392086733964063 -0.115797055198944 0.0239477802800688
0.0175814852575623 -0.0490034214504196 -0.0671809326989527 0.0814497120508692
-0.0124763172756329 -0.0554671453153533 -0.01128591969677 0.0830054084280671
-0.0237376415923019 -0.0523281293568201 0.0117046756472665 0.0591060769749372
-0.0185409363541372 -0.0567417094560401 0.0233036930032075 0.0487423568792739
0.012707507107313 -0.0593300644788774 0.0265298586500896 0.0480316196327479
0.040866626988795 -0.0511908593237221 0.0297303891796056 0.0544275243545995
0.0901774829956362 -0.0185518004643732 0.0113272333414769 0.0743742907473655
0.0872934328070123 0.0470916616053466 -0.0286115545051338 0.0911111840986713
0.0246881266574515 0.104048159662907 -0.0406124020938694 0.0908977492306335
-0.0319910376852124 0.129213874519923 -0.0379972186905248 0.0966563082274395
-0.0483856482844305 0.13724446035182 -0.0376109176005317 -0.0118679982547839
0.00212691385054836 0.129523732544502 0.0423708999855957 -0.0418997585150599
0.086086984178388 0.0936819878910004 -0.00917105725119303 -0.124919954418435
0.121156063101305 0.0141267841189023 -0.0955531481079419 -0.0969160031897371
0.0747939940591944 -0.0523822072645944 -0.111140404379609 0.00134801714790465
0.0333818554804865 -0.0708192205252075 -0.068781745477338 0.0556542353328449
-0.00883209568365299 -0.0809574228356132 -0.0163357150587996 0.0595853217809653
-0.0281045199835744 -0.0744158697818088 0.00596739784456428 0.0357551721118201
-0.0244567923448246 -0.0760503401269048 0.0198891836707288 0.0228914297102931
0.0126020712920461 -0.0769724867303009 0.0298190228184828 0.0219444367281032
0.0484619154304275 -0.0681281083586995 0.0447741310496316 0.0311236523533118
0.110991347880139 -0.0300404921691692 0.0353381967915573 0.0595027447873876
0.111358232005184 0.0528554322009803 -0.00402309215130587 0.0861007885581893
0.033874486085123 0.123445353742646 -0.0214800658681835 0.0801579612196757
-0.0421180152783199 0.15474406775756 -0.00897252656973172 0.0632913783959673
-0.0705287121940528 0.141586896144562 -0.00155218758275176 -0.0551438020803984
-0.0234372460284538 0.153285971987685 0.0649163573045672 -0.0676779640782716
0.0830276810418399 0.129971126680401 0.0163591239097629 -0.136657303104295
0.143382106086041 0.0381979672896494 -0.0707409296271838 -0.115819581593493
0.0974973050097204 -0.0527331896316046 -0.0931795715025642 -0.0241801112014281
0.0452408782059113 -0.0798948259442835 -0.0620233527035302 0.0220566272963504
-0.00310122792561345 -0.0938799691825077 -0.0197465675508359 0.0288728795619086
-0.0277891560696354 -0.0853861594614186 -0.000375463319327056 0.00746533706386186
-0.0283819936422705 -0.0849999172997953 0.0134776161287781 -0.0057788450887577
0.0094150331130772 -0.0838939839755563 0.0293191791871819 -0.00734723357635924
0.0482875687355799 -0.0747852414094925 0.0546426823465008 0.00439696842469105
0.115133345532871 -0.0356916388685301 0.0530084303514827 0.0406650448974383
0.116900837580796 0.0519287603663943 0.0140125743823515 0.0746128002910562
0.0357467990942238 0.124495624613692 -0.0113596723446172 0.0635692433128516
-0.0481526674128898 0.156033839304295 0.0141274572266264 0.0246721263727842
-0.0787194905098152 0.120554291308099 0.0402217214115021 -0.0915632206594321
-0.0446835423252089 0.144216239540239 0.0885799299471303 -0.087980117634584
0.0597235871492894 0.137359735238389 0.0449101567392407 -0.133431041541919
0.13309177999306 0.0555425192605713 -0.0362631453336383 -0.120489066644499
0.0991449625328319 -0.041657795516683 -0.0642741077488579 -0.0463526930722885
0.0479735634804782 -0.0732419762153579 -0.0469247150616574 -0.0128350541711766
0.0016430289096231 -0.0903880105838483 -0.0200616996118108 -0.00488990566949797
-0.0244351058652685 -0.0835236808090347 -0.00614156738048987 -0.0206628546375135
-0.0260924061881649 -0.0818955584289978 0.00681326855777951 -0.0338257718600111
0.00805653218456735 -0.0802953063837155 0.0270302880792572 -0.0350196553575498
0.044318126198712 -0.0709217518757739 0.060544193082021 -0.0194587846816149
0.106375325783184 -0.0313363536424137 0.0638201326789366 0.0243265394260969
0.104240071953428 0.0516686758112197 0.0255592343109618 0.0632431312722463
0.0252212330498414 0.113288950198583 -0.00887785106712574 0.0469269338246501
-0.0525977197992581 0.135885953757413 0.0319562674289404 -0.0119253812628301
-0.0684350587824383 0.0796885090147489 0.0766594199477495 -0.116080593679905
-0.0516074970795429 0.105109228508888 0.105911320388068 -0.0989348341623384
0.0297776104266396 0.111521397582819 0.0662292375014567 -0.118283002332791
0.0972358543241566 0.0544238476789086 -0.00405330719418883 -0.113156602955301
0.0793707293133204 -0.0253032256187548 -0.0344168455877191 -0.0614140260543019
0.0396884365748896 -0.0545461176776793 -0.0303094746378372 -0.0418560106385941
0.00463190584154699 -0.0717468084384337 -0.0196167515364164 -0.0347530257864714
-0.0174663906337854 -0.0688828821202336 -0.010428149856487 -0.0452390655462828
-0.0190978879292365 -0.0689323487251905 0.000901252047435575 -0.0579539378512833
0.00770639996177921 -0.0677649942669997 0.0264024919090734 -0.0582582937141371
0.0394752693105648 -0.0567390041530042 0.067177386301654 -0.0373356294961377
0.0883956144431875 -0.0183790227059031 0.0713211588865334 0.0142661461040348
0.0790910954664073 0.0503426581112423 0.0325301146515846 0.0554825825929164
0.00587830687028578 0.0920766602738096 -0.00816518529099066 0.0328954149473747
-0.0542442749744505 0.0980091958262908 0.0461375334168169 -0.0413479547727656
-0.0445114893997606 0.0252969036894263 0.0979857822607249 -0.125123444400175
-0.0432357447886677 0.0479917519038069 0.109747673577762 -0.10181843392656
0.00414135330111595 0.0630822553751431 0.0746029286802998 -0.100281122698396
0.0487387815390655 0.0385173061343743 0.0167946073686127 -0.100574873132002
0.0444359480222371 -0.00969703294036253 -0.0135015599576867 -0.0697055929183294
0.0237260471632621 -0.0289269599635643 -0.0187051547183937 -0.0611549221743368
0.0053115005157592 -0.0421831018099863 -0.0190889676648343 -0.0558379249305283
-0.00840648619909076 -0.0441545980748984 -0.013443548536873 -0.0619022235478545
-0.00922698720208878 -0.0452275327008849 -0.00128688916948618 -0.0762496119979645
0.00780237086152072 -0.0460140261306916 0.0305623907576259 -0.074176604019524
0.0310304947528345 -0.0368099980954785 0.0760522625102237 -0.0463401212355105
0.0618108340071554 -0.00334300212243829 0.0788544084971964 0.0123857715388213
0.0448960567345687 0.0438159161463711 0.0370608613180309 0.0533153482367171
-0.0135059357638948 0.0614984301153774 -0.00924718087578755 0.0229378233515158
-0.0507997409390817 0.0473828537061623 0.0582902031122807 -0.0591817067175561
0.0278146688263864 0.00704732147606917 -0.0469645073546933 0.0970749781129839
0.0121665427744474 -0.0240170212268522 0.0264989044585005 0.00486915350567013
-0.0111930374933131 -0.0268485138820181 -0.0410257320471601 -0.0643361719719474
-0.024393887646988 -0.0024664473473936 -0.0948126926211695 -0.0177749359954518
-0.0121467769232984 0.0122734523278014 -0.0897464947717798 0.060514291148554
-0.0011679856992035 0.0113760897955013 -0.0320565551163901 0.102659214363296
-0.00259572101189559 0.0148347735573046 0.012966770170044 0.0926736789037992
-0.00381709265041904 0.0119137303766526 0.0301895307278026 0.0741032616905215
-0.00687243826165979 0.00668668954606068 0.0350055812824554 0.0685252422078606
-0.0102282717267919 -0.00150647301202578 0.0319090806969665 0.0731275657061593
-0.0106670584281466 -0.00937524065666553 0.0175294166572783 0.0788599162348468
0.00109280756152178 -0.023088110114752 -0.013784283057815 0.0952828116768166
0.0214784890158902 -0.0193064369097375 -0.0550291208533571 0.105247955857318
0.0300354943948281 0.00957286366330455 -0.0774965918787053 0.103423173215741
0.0235047969783579 0.0278363362701611 -0.0725612243338932 0.13943512540211
0.0185453903065341 0.0606326076552725 -0.0606491658460594 0.0792859688698984
0.028587832759717 0.0223612817207403 0.0218766933959347 -0.00132035797619415
0.0319407335523223 -0.00423757015303691 -0.0456377752814742 -0.0752063114414849
0.0191856976328547 -0.0149878362121641 -0.106907036792847 -0.0290840172683491
0.00678909768388874 -0.0163868264116888 -0.100028529713725 0.0572411250438624
0.00141248569783951 -0.0192528757657707 -0.0406879766167154 0.103171531399953
-0.014640481228973 -0.0177396799449201 0.0117634916003012 0.0924965228454369
-0.0187716353544169 -0.0180499005310718 0.0279477268660694 0.0697340309948397
-0.016621422827632 -0.0244235495923128 0.0357700131127567 0.061718413192739
3.24693020877474E-06 -0.033078907641028 0.0343351551728141 0.0641558599932506
0.0153085672108934 -0.0314581230930317 0.0268093065973279 0.0691598658495477
0.0474784663939542 -0.0216883770856455 0.00156562466081223 0.0879132233141502
0.055372503654884 0.0145280531130158 -0.0379938418037451 0.104070866689379
0.030731560201767 0.0617422978643082 -0.0527767487965389 0.102618159675796
0.00236963940713659 0.0873673771944502 -0.0511581363397076 0.125720796812471
0.000521639923727613 0.107669487399001 -0.0622505474626029 0.0446158874208598
0.0335154116178238 0.075720001899647 0.0228709724441176 -0.018634646252111
0.0717469869793281 0.0306445025511571 -0.044448067666823 -0.0933824940729427
0.0700373025927286 -0.0191513961006768 -0.114519276248571 -0.0478536059834719
0.033010039112696 -0.0439448538752256 -0.107336803582566 0.0445897622325186
0.0091563248575164 -0.0499058742304885 -0.0493583048524204 0.0911670991277997
-0.0222364590676299 -0.0495156252337868 0.00628475085610455 0.0805598184812944
-0.0319531741278504 -0.0454265401730446 0.0218997455500637 0.0555020539683881
-0.0273938249502652 -0.0506957991948743 0.0320796391475903 0.0443428658306387
0.0016193047269314 -0.059247267761181 0.0369395618901014 0.0448050914685076
0.0304857194826938 -0.0545162548146621 0.0410940914629995 0.0501963616700737
0.0821366912164607 -0.0331787559119812 0.024611465050799 0.0755888760825364
0.0900940476677833 0.0302104234467832 -0.0141884344169076 0.101082191248861
0.0425627088337521 0.0981002288181353 -0.028471196590605 0.0946828092644994
-0.0090150336454879 0.133711570944071 -0.0245036892744029 0.0965957150463427
-0.0228533248707047 0.1378810857464 -0.0485730899485989 -0.00152766112667626
0.0256826583857875 0.123945620903279 0.0311382119191713 -0.0457399252687584
0.09860768358094 0.0716381666119458 -0.0338014842050802 -0.113503269581959
0.115887108600968 -0.0108182187167685 -0.110010427938956 -0.0709275382713993
0.0617333730641088 -0.0629439732670847 -0.105381828086578 0.0225899355482662
0.0197842944858823 -0.0735478589056249 -0.0543963281716212 0.0668723945151374
-0.0241062546978545 -0.0748182568026297 -0.000130533688096281 0.0583970471994247
-0.039469355706771 -0.0658567049039069 0.0124844726732215 0.0334382116236641
-0.0368699014769141 -0.0683543413175048 0.0242017558664893 0.0198356086995527
-0.00138309376450331 -0.0761464619211636 0.0357661509588642 0.0177438832035968
0.0350915220440089 -0.0720991181992081 0.0519052477790012 0.0237387943174677
0.100741227096506 -0.0479077715254598 0.0462439415152495 0.056199738099528
0.114190257550995 0.0315123462131937 0.00916393215290587 0.091504311396823
0.0549649235627709 0.114851045392652 -0.0118241595680985 0.0799061289264909
-0.0136303195816485 0.159834745978996 -0.00151401532093201 0.0560482939501566
-0.043159056576287 0.145242647531041 -0.020647771188319 -0.0529931226799874
0.00517318478259886 0.150808962942211 0.0476215369049849 -0.0759673036662132
0.102462899080114 0.107020715812101 -0.01240443011308 -0.127673908519138
0.141426035726642 0.00682120943644764 -0.0896504804391135 -0.091100490357671
0.0825046380959136 -0.0671961513188461 -0.0907393843957261 -0.00555275931457549
0.0296848824936551 -0.0839230772904268 -0.0530261947911217 0.032167118788852
-0.0213717181224724 -0.0877408308543244 -0.00783851993539073 0.0286415273878108
-0.0416108586235376 -0.0764757970548608 0.00139804809097459 0.00749352567766552
-0.0412147477554376 -0.0762119103455741 0.0124765976572789 -0.00681412594393974
-0.0045621780452163 -0.0828314023842936 0.0296764247649041 -0.0110354869016174
0.033838901801988 -0.0786781848736582 0.0566908679448749 -0.00456152166042899
0.104414041153664 -0.0541337621594621 0.0602877179399326 0.0341229533959485
0.119651857562823 0.0298438268953031 0.025535370511688 0.0777705640029654
0.0567544204252303 0.115382538261553 -0.00529454570114911 0.0617012668878136
-0.0184233008025677 0.162490337961492 0.015334617464069 0.0131107660346166
-0.0538901340202917 0.126761477439335 0.015676418896768 -0.098993161809243
-0.0175836100495716 0.145695340219142 0.0678692486261126 -0.101432169494225
0.082294307821432 0.118524291542874 0.0153832535603225 -0.131367994995418
0.135679301581472 0.0249812323199394 -0.057455513857165 -0.102644242264455
0.0864714664789847 -0.0568270567205382 -0.0656918258315618 -0.0324626044683113
0.0331301618228273 -0.0784036264036155 -0.0446252725593042 -0.00443468644211598
-0.016515089222144 -0.085459808276809 -0.0140764740928389 -0.00372397974655463
-0.03760657789023 -0.0755923988177711 -0.00929094697917065 -0.0194472496591486
-0.0390233771041981 -0.0743778400054156 0.000372104566043586 -0.0332950888119766
-0.00635799920451421 -0.0789023170835325 0.0224363438935319 -0.0382320548373181
0.0312869057116339 -0.0741799331989443 0.0579880092100811 -0.030279114935155
0.0964896885052147 -0.0483214199003645 0.0676000152835421 0.01514858597542
0.108417402659552 0.0311729258254006 0.0349896051699645 0.0634332193414172
0.0442890843692128 0.106170950095734 -0.00397940543464855 0.0450199224815046
-0.025498826861442 0.142618457830944 0.0276647916391834 -0.0259085886996713
-0.0511618952970744 0.0865247600114259 0.0513913606573549 -0.13229972407827
-0.0309992888578439 0.108827591592988 0.0848050895207112 -0.117558209773699
0.0489333738253335 0.0992803413981008 0.0400499473271438 -0.122786677487607
0.10159675475291 0.0311524306882729 -0.0246057174420542 -0.102572477108776
0.0699157129034507 -0.0387995862169266 -0.0399292899107737 -0.0525397791074521
0.028147700078344 -0.0591422398268129 -0.0340007067342065 -0.0359633920502784
-0.0104908215197904 -0.068835685250342 -0.0196279741061025 -0.0321873686403803
-0.0290237821018607 -0.0630849015679914 -0.0178588367160048 -0.0427053295188198
-0.030216688225555 -0.0626105141754274 -0.00909874983444366 -0.056729650962457
-0.00437731819088615 -0.0664595262571264 0.0173317710039065 -0.061787333717429
0.0291880622250553 -0.0601444677608304 0.0607344727222444 -0.0494409007344676
0.0814547801355192 -0.032406165276644 0.0741983509205656 0.00299090241983431
0.0835701133314978 0.0344480137450469 0.0407166570818023 0.0531311820155134
0.0223465639299319 0.0884826860441303 -0.00575769847985687 0.0308877222088037
-0.0347810395528225 0.105226562966084 0.0383140490079844 -0.0558822165765097
-0.037209665220461 0.0313826438867627 0.0754739855224792 -0.145912621317906
-0.0327815896953276 0.0528572987184488 0.0904079115159107 -0.122815806074726
0.0151882524530878 0.0580758009238728 0.0540506825614806 -0.110194644398572
0.0525593750458262 0.0255041027067443 -0.00143879862386065 -0.0979553050485494
0.0399675021605894 -0.0171626960400157 -0.0229260329963187 -0.0656113562809464
0.0173555675029203 -0.031542935628292 -0.0274384544892646 -0.056661516726286
-0.00391007348239492 -0.0411131604681649 -0.0251897511997163 -0.05212798143064
-0.0155399949148454 -0.041065794400861 -0.0232211976566577 -0.0587068633283229
-0.0166462509429739 -0.0424770552768349 -0.0146812487397118 -0.0744225599846989
-0.00041921007241775 -0.0458972285711981 0.0185419086717944 -0.0787632861122919
0.0243960754667989 -0.0396991630228462 0.0679706241617444 -0.0607910288826741
0.0592400939671462 -0.0135392521720045 0.0806775684530985 -0.00067752393927828
0.0498756237038269 0.0343064536217957 0.0455064545560743 0.0492121829852352
-0.00238215946135967 0.062010331059427 -0.00646097711815174 0.0221823816141504
-0.0398381885231374 0.0555923597871549 0.0487173584747552 -0.0734995682037458
0.029535355674543 0.00767948058534898 -0.0475202750538223 0.0990693922408586
0.0127469257073814 -0.024347605143162 0.0272263274863547 0.00459445261524592
-0.0115713276578007 -0.027967618538263 -0.0425802448821068 -0.0646829982948172
-0.02498950174326 -0.00292629155409262 -0.0973661155100991 -0.0176019784247
-0.0125332850735348 0.0123916746666916 -0.091620487175117 0.0621238126711864
-0.00126303647229594 0.0112188256823146 -0.031875290766495 0.10379075159107
-0.00191946652901803 0.0148731714872914 0.0140123260132857 0.0938248299764826
-0.00388748614971262 0.0120750090386821 0.0309400833828295 0.0751794135775972
-0.00691133067324357 0.00669379053838139 0.0360569522813936 0.0691420832788348
-0.0104620260320536 -0.00153917921067631 0.0333241763049053 0.0740185027845753
-0.0110541153724562 -0.00973297262021133 0.0183165251513021 0.0809150924888901
0.00119967524223542 -0.0233512633577212 -0.0138764544743447 0.0978862501724942
0.0214734035427861 -0.0195700288862068 -0.0562667675437467 0.107346103700072
0.0307293090373061 0.0101543888535886 -0.0796411261725279 0.105165636500093
0.0245723357577978 0.0280471847892356 -0.0752454777803141 0.142725494648766
0.0204581478222016 0.0624641124005122 -0.061796173238155 0.0809202758893757
0.0298445094222097 0.0231110686038187 0.0224390162640858 -0.0015350866341291
0.032810718289996 -0.00538432170460081 -0.047011260360255 -0.0760651980735402
0.0198814699574961 -0.0161596284150808 -0.110269278194079 -0.028929796737549
0.00657671816536641 -0.0170161410261703 -0.10245231172526 0.0588172726434825
0.000921187680439044 -0.0202063288257653 -0.04066897947504 0.104866984894268
-0.0150347217619839 -0.0183200877615969 0.0120383893061084 0.0938464564572615
-0.0198148441748423 -0.0179462602507598 0.0294093224641256 0.0706148420142261
-0.0172501734795447 -0.0257330717954107 0.0366882725639134 0.0621790774576888
-0.000809948418613922 -0.0338296903971371 0.0362255728223432 0.065208132981597
0.0155325788812984 -0.0322177539746977 0.0281421757614744 0.0708654013456684
0.0478414195652156 -0.0228207977990357 0.00197245319624103 0.0909509198502003
0.0566128166914376 0.0150895372713304 -0.0384318026789869 0.106262831818789
0.0316880916415997 0.0637617145506651 -0.0546338278203873 0.103901466336039
0.00297927556047012 0.0890284566658998 -0.0531158888143014 0.128956954090682
0.00132145304519087 0.109830057691591 -0.0638780403877234 0.0457636920299154
0.0348461288876488 0.0776837812696511 0.0239002229020594 -0.0190471934187512
0.0733906687969665 0.0300666258409904 -0.0462801520567816 -0.0944848061481
0.0712694929643873 -0.0208213030094482 -0.117746570450816 -0.0482560959086115
0.0333542882872024 -0.0455160629730841 -0.110174119772302 0.0457103152641308
0.00839055547602299 -0.0515314957986686 -0.0495578379102042 0.0929442870877892
-0.0232532187054373 -0.0500737496137567 0.00656215246621219 0.0814664109896235
-0.0336140755576024 -0.0451682542590564 0.0225202252937696 0.0562105622832528
-0.0287430894033754 -0.0512371341832526 0.0328685085850561 0.0441979264846439
0.00141832826162453 -0.0605339567739604 0.038361229603495 0.0451075953591028
0.0306643495542356 -0.0560219356428579 0.0421740467092521 0.0513694850952498
0.0836095263585793 -0.0349653482712463 0.0256551420978272 0.0776906097990608
0.0921699128403099 0.0303892169879753 -0.0139490909890171 0.103390762531888
0.0437263632846919 0.100547271575302 -0.0298692612934978 0.0962374334230678
-0.00847162474059315 0.136807952358686 -0.0258765541570909 0.0989039218632949
-0.0223383172137689 0.141006687794527 -0.0495171768677941 -0.000847302977516451
0.0265671981934583 0.126772626477411 0.0326940897147698 -0.0462280821629652
0.101887745345368 0.0723819941835255 -0.0353051436994513 -0.115082440622476
0.11868307374388 -0.0128554992282219 -0.11355880426883 -0.0714139813814255
0.0624721619261262 -0.0651848699466902 -0.108432206608939 0.022629148893097
0.0188735249313795 -0.0755986481621821 -0.0546582139951352 0.0681839500973933
-0.0252970849030433 -0.0756239891576615 -0.00144518533132588 0.0584578801709588
-0.0414619008549621 -0.0660468837490032 0.0124822389673283 0.0341147087971644
-0.0388338354670149 -0.0686864114830047 0.0240488784567829 0.0199187906865847
-0.00181794129247731 -0.0780129792902136 0.036601048959472 0.0178845729780379
0.0351946250532559 -0.0735005332728889 0.0530441945190053 0.024226759998045
0.101688288422783 -0.0504986066751453 0.0474584830812007 0.0580946143615961
0.116852071962463 0.0313545361192922 0.0101071982074965 0.0940644664477215
0.0568375070708664 0.117032736023778 -0.0123235391983882 0.0816473763861229
-0.0122948545163905 0.162960012474251 -0.00230063181793562 0.0573040342833288
-0.0435471084539977 0.148884930208831 -0.0211319775960166 -0.0541703342066642
0.00620669450713018 0.154388898351206 0.048846586256356 -0.0769576214134462
0.105438698869261 0.108294038263848 -0.013254102549384 -0.130438902059211
0.145014406920693 0.00526988140025085 -0.0917101803827225 -0.0927203900543421
0.0841822347335535 -0.0690258103074351 -0.0927939860684697 -0.00588704769979669
0.0291502342393325 -0.0857323297689633 -0.0534310197636365 0.0331402352874981
-0.0228940580275039 -0.0890442688968545 -0.00870173843902982 0.0284721358465529
-0.0435519090575282 -0.0764373479871559 0.00148783686904131 0.00712430470517307
-0.0432056408959484 -0.0767827245499534 0.0123810542270432 -0.00707406593094638
-0.00566849633167889 -0.0842813854331865 0.0301188354209542 -0.011628765935815
0.03388402093207 -0.0806796778306094 0.0574311772137629 -0.00516426488968324
0.105527627287521 -0.0571222146313252 0.0616636122545341 0.0358999333087962
0.121994834639777 0.0294324932972856 0.0267622893205553 0.0799183405547221
0.0584697100767853 0.117390546314707 -0.00563924488196044 0.063128330962344
-0.0170975554375059 0.165146750047501 0.0146554840578846 0.0132376486929322
-0.053938126474825 0.130380096228081 0.0163018221423599 -0.101392777982152
-0.0165654105337167 0.149372701648833 0.0691508524942659 -0.103592752929548
0.084481264747835 0.119876336386017 0.0153001459301402 -0.133387825146189
0.138390578466694 0.0237151494042299 -0.0580420609192504 -0.103756923406094
0.0875736449374775 -0.0590179616227881 -0.0673764725428352 -0.0333068323993059
0.0332129236059381 -0.0801468435137564 -0.0448549863622905 -0.00384640266119058
-0.0174769063948843 -0.0865283827373019 -0.0151085976329485 -0.0043269600314378
-0.0401186715528079 -0.0756212581661159 -0.00943125833440204 -0.0196780093627154
-0.0407540942414209 -0.0747690768393896 0.000263302430288512 -0.0342137876315791
-0.00696673718931073 -0.0805097314478041 0.0223106829919674 -0.0392598618197961
0.0314120367916435 -0.0755940260275062 0.0589048443913927 -0.030943992155083
0.0974275040173878 -0.0501978824003042 0.0697375820836098 0.0154321007398681
0.110266313695172 0.0305149945029903 0.0365906134738637 0.0657602999341249
0.0452733913768127 0.107711325621113 -0.00431337749627166 0.0462608350659141
-0.0247996368773405 0.144983462368426 0.0273201672345683 -0.0267509233899158
-0.0510768182450707 0.0885215580684613 0.0522166335156034 -0.135560210553721
-0.0307273632053833 0.111932942143946 0.0864208608553475 -0.1196045438352
0.0509767007251334 0.101059839562624 0.0403110379772098 -0.125339885957294
0.103831003631128 0.0312095050646684 -0.0248446271287259 -0.104103320964386
0.0712470230985682 -0.0397410999573047 -0.0413358065042264 -0.0541608981417143
0.0284930620558187 -0.0606399419614824 -0.0350630569853875 -0.0363996636455794
-0.011459211106316 -0.0693084158008477 -0.0210910333964498 -0.0331113273804113
-0.0304526434047056 -0.0631831572379269 -0.0186665810935529 -0.0430712265559949
-0.0312733241350105 -0.0632449974107804 -0.00965894577951185 -0.0576469111464023
-0.00439163050866328 -0.0674900420780337 0.0176813413424344 -0.0629362804080327
0.029170128676953 -0.0617780576184476 0.0619618416736953 -0.0506332553045842
0.0823689327736767 -0.0339923308774682 0.0759337575292909 0.00314031959918253
0.0846646904051182 0.0339733484518401 0.042451159287122 0.0549865127242795
0.022484945879993 0.0900942457256625 -0.00563304180084057 0.0322091363036242
-0.0339117124193105 0.107063501430574 0.0383134769987801 -0.0578090848698018
-0.0369791061989878 0.0322643047589061 0.0768644465658688 -0.149972436354703
-0.0331338384761797 0.0543567004598848 0.092239739517195 -0.124863148501059
0.016328833091582 0.0594010637828699 0.0550481819934507 -0.112791542551872
0.054161489321374 0.025600428235077 -0.00104807094733891 -0.10043592263422
0.0409981426037754 -0.0173737961169955 -0.0238849523410351 -0.0676900378746907
0.0180580648210607 -0.032030100403363 -0.0284712800831244 -0.0575636482702773
-0.00408010713287663 -0.0414907249675994 -0.0259480344003813 -0.0533523293141539
-0.0165581121655211 -0.0410008494874875 -0.0243066325828093 -0.0601201468375062
-0.0173120820883466 -0.0431661214864795 -0.0151106507481363 -0.0756718093439282
-0.000673922430070088 -0.0469234567578946 0.0183144723727239 -0.079889414561143
0.024683694143416 -0.0411633127899513 0.0687473189708021 -0.0619958741987078
0.0596730842314596 -0.0141439444499159 0.0826456702557463 -0.000301939331654949
0.0506769194474379 0.0347291656136581 0.0467635726483267 0.0502837997901047
-0.00272543545081438 0.0630538608799361 -0.00605031575530556 0.0235653461957796
-0.0400636283303876 0.0562183147155779 0.0490438069129196 -0.0756747834794664
0.0312315679551507 0.00594392758812076 -0.0450897732502071 0.103828289383671
0.0126764062755886 -0.0252765370559081 0.0285619087649667 0.00383661365633865
-0.0131026130037202 -0.0287630783200863 -0.0460994868790421 -0.0646230627521746
-0.0258358349131321 -0.0022849055267659 -0.100831691258473 -0.0146811575653286
-0.0126779610548093 0.0128436779255894 -0.0917842947960413 0.066561634004498
-0.000965533735086468 0.010981082175786 -0.028745079443653 0.107269777886725
-0.00140342936753642 0.014948124325228 0.0181127678293031 0.0953229007249045
-0.00324098878140921 0.0123674642579708 0.0349299524724645 0.0753232774475711
-0.00672426647164259 0.00684436460746723 0.0397169439871634 0.0691142084551018
-0.0108685233978719 -0.00169777386059446 0.0374027156650834 0.0747219977231276
-0.0112148890801736 -0.00928673358739738 0.02154216001571 0.0826047272864634
0.000184575335066983 -0.0239834510455068 -0.00983224601309595 0.101832885069025
0.0210062490689539 -0.0199402567254771 -0.0543186442275307 0.111736222072784
0.032530502383115 0.00994310412944942 -0.0796218533767353 0.109861264366698
0.0260605170777633 0.0278312858972717 -0.072546866650281 0.150496789319724
0.0235584488289149 0.0628823136234246 -0.0612024092708006 0.0855922038837173
0.0318875234157639 0.0230027685713535 0.0237223354522416 -0.00218889640794987
0.0327738112138454 -0.00733657927937847 -0.0513149739543336 -0.0757731903324489
0.0196875248631138 -0.0179304118684877 -0.113902488043315 -0.0257622193248288
0.005831374843739 -0.01817720271073 -0.10339708999004 0.0642256380930124
-0.000243416273127814 -0.0213328932709748 -0.0378971839165911 0.108260655967066
-0.0161133583215523 -0.0178512551730278 0.0155058694668115 0.0952728265106624
-0.0213224680420527 -0.017134870629623 0.0325156107603054 0.0711943548028112
-0.0191777459750085 -0.02518812026794 0.0396403643347243 0.0620007657238997
-0.00237154989113997 -0.0348495561793941 0.0397039423911581 0.0649601479160031
0.0147826127389097 -0.0340898933723322 0.0309118678330036 0.0722970843729804
0.0482171085781489 -0.0256456449208006 0.00518278526149176 0.0938728124739553
0.0587759577305039 0.0137494806054914 -0.0357183258824711 0.11072046697516
0.0352443361083571 0.065026967317757 -0.0535197659851366 0.10798413353979
0.00672296857520042 0.0913742138910645 -0.0507094304729159 0.134970386942227
0.00571856164065939 0.112590343607654 -0.0642981532329145 0.0496024753602124
0.0387608637634309 0.078479205409964 0.0240925044138959 -0.0198093664172729
0.0772813836480946 0.0275978071207594 -0.0506147147529076 -0.094717734767087
0.0723925783246679 -0.025032404810415 -0.122447438128293 -0.0449323960974746
0.0322438364306487 -0.0483300952951108 -0.111774495624535 0.0511206266138621
0.00596653099961746 -0.0537486365560712 -0.0471491302571153 0.0969948993193235
-0.0259760261631093 -0.0500220145283634 0.00865759212810058 0.0827698994614736
-0.0362103347617368 -0.044270519923418 0.024863337769345 0.0567644659049867
-0.0321021023480969 -0.0512429018602339 0.0349168957021624 0.0439030977295282
-0.00127082923472192 -0.0627123089289381 0.0412160424510734 0.0440566318646979
0.029211887310988 -0.0589991765899015 0.0450891050290622 0.0509715335650376
0.0837544083718917 -0.0399992267119942 0.0291163925482682 0.0801563589090887
0.0957767032677056 0.0277236815734446 -0.0102306871963372 0.106536700105259
0.0489900860693083 0.102086006848816 -0.0285028575093741 0.0992872164033918
-0.00279070064685236 0.140574196603825 -0.0240797142586907 0.102528823595656
-0.017061237158603 0.145423075297425 -0.0514846407194783 0.000389256469073408
0.0318023104282402 0.129257092180167 0.0316392693825733 -0.0478815854151719
0.107047046871849 0.0698429827430619 -0.0406180567029529 -0.115866928111334
0.121381417683878 -0.0188643480668264 -0.118826590061591 -0.0690196061005426
0.061052585636542 -0.0697202077141748 -0.11069480722746 0.0278606708744746
0.016536174053796 -0.0786188067977574 -0.0537527241797472 0.07198275836608
-0.0288189674459188 -0.0760694784330531 7.38470734239936E-05 0.059731824112322
-0.0457013142496743 -0.0647949375634607 0.0138216221047509 0.0349107067427996
-0.0429627894204847 -0.068609977591204 0.0253416626821631 0.0191166383153017
-0.00508477500827804 -0.0798624177529498 0.0382668968380223 0.0164815431149173
0.0330503292771457 -0.077626903545281 0.0550071970709924 0.0228085138445807
0.102451291723348 -0.0567270411974075 0.0510362279489243 0.0587803085007185
0.121246116814383 0.0277669023120002 0.0143487289088162 0.096403828578956
0.0626251195931218 0.11811517878045 -0.011071593561305 0.0840171027896054
-0.00610538761410191 0.167507181858758 -0.00134842838400124 0.0591437703190178
-0.0383002691601881 0.153935873188178 -0.0239242359810711 -0.0545098029167585
0.0123032559550702 0.158568825303401 0.0476759677070166 -0.0803235817599666
0.112687492025245 0.106609639992902 -0.0180755239722229 -0.132834336255625
0.149006893096892 -0.00142216302024332 -0.096921649937681 -0.0910262145228022
0.083424636782143 -0.0750360094390559 -0.0955078952103641 -0.00206882146567063
0.0260489815311791 -0.0893539505354654 -0.0532055885790542 0.0361832692881136
-0.0268633783285802 -0.0894070210461155 -0.00907336181002132 0.0288035690165936
-0.0484791484834641 -0.0753456865053149 0.00140355914512278 0.00762642880274636
-0.0476363438587955 -0.0764418683046814 0.012355302774504 -0.00810925075323894
-0.0090863533688581 -0.0864022750504821 0.0305655849874353 -0.0130691860414114
0.0317079564138546 -0.0840642769751184 0.0588481499358447 -0.00788655907987519
0.104901340504575 -0.0634284647331457 0.0650944858941319 0.0350980697799548
0.126481412787061 0.0245694713685812 0.0307625530800951 0.0812986806251367
0.0642849051731529 0.118573980838584 -0.00380606475408568 0.0655391175065239
-0.0106531460477889 0.169757048794056 0.0150304186610035 0.0129308495655601
-0.0501897594970617 0.135605484716517 0.0134750717840189 -0.104925986327551
-0.0112239378939887 0.153965607781777 0.0681475199935901 -0.107693327347218
0.0919334945005601 0.119538759617313 0.0111177480624375 -0.136542979219037
0.143003409829096 0.0185345540177674 -0.0632433478454979 -0.103911279465644
0.0877878326023885 -0.0638145749628986 -0.0704394125557779 -0.0317669764236417
0.0307807780354208 -0.083158931681954 -0.046003565791531 -0.00210965215698672
-0.021711060909719 -0.0874791721263691 -0.0167266267529791 -0.00436373559577457
-0.0444753715772217 -0.0741555952041921 -0.0106964976347568 -0.0198862080382371
-0.0452959096641235 -0.0743153186192999 -0.00137352691367903 -0.0343510059717155
-0.0105361407795671 -0.0820052759411009 0.0216597356596268 -0.0408775675174307
0.0289437813760691 -0.079355734549386 0.059164476724443 -0.0339819212945915
0.0974763388486091 -0.0558487772308175 0.0723044731984183 0.0140287060718447
0.113663193968767 0.0265279824324356 0.0405962437933961 0.0667607984113604
0.0507950154222985 0.108555785073543 -0.00336525424087545 0.0480711805310221
-0.0191456974739968 0.149181004740302 0.026477848945322 -0.0290516954928023
-0.0483987383085719 0.0932994113790497 0.0493211717814321 -0.141498814604037
-0.0262857034410733 0.116114588854744 0.0849082674077982 -0.125264954419736
0.0560712073776393 0.101402990120181 0.0379873951644451 -0.128890921166023
0.107498885113349 0.0272709307198647 -0.028202137246314 -0.10563526755898
0.0717528219813161 -0.0434883271760325 -0.044051824178707 -0.0541571138201431
0.0274293237335698 -0.0627147831654792 -0.037102296066573 -0.0354236177341218
-0.0142982769787187 -0.0704177645995625 -0.0231430570720309 -0.0329980044093028
-0.0340146114496836 -0.0623066101871773 -0.0205857050195028 -0.0440693181967351
-0.0351748581006007 -0.0628965055546349 -0.0118742903756539 -0.0578980321228378
-0.00760030951133344 -0.0687255371751824 0.0156507019999539 -0.0645268381933209
0.0274670535421338 -0.0644280556483167 0.0613943544904777 -0.0541068750540366
0.0827615361220735 -0.038525799848139 0.0777343022736874 0.00102315795279951
0.0876997855146755 0.031013768920996 0.0458638941985189 0.0556883095303691
0.0263896267630413 0.0914269404463726 -0.00472160368277448 0.0337220453244384
-0.0299944183036294 0.110623918432143 0.0365446463305736 -0.0610997456968096
-0.0361809189543107 0.0341669270269614 0.074928890249265 -0.15732774291898
-0.0307854802030832 0.0568890699297895 0.0903959272435106 -0.130393047888043
0.0188142917420384 0.0599299674353246 0.0530452874070851 -0.117075457948056
0.0561038793419243 0.0239849062545683 -0.00394131094726848 -0.101952138132297
0.0416158264636304 -0.0194365000097996 -0.026272331694574 -0.0685213772711662
0.0173927043079446 -0.0333751426892462 -0.0316124826955731 -0.0576707308401672
-0.00593662419188251 -0.0417683371582881 -0.0287229312208154 -0.0537454951867447
-0.0189040609767384 -0.0404890900958759 -0.0266233681232389 -0.0609529220292192
-0.0194411950725672 -0.0426420693159132 -0.0181067331719293 -0.0761030142484299
-0.00291739978964072 -0.0475160763618838 0.0164849758230307 -0.0822222189302707
0.0235262498619075 -0.0425999327785866 0.0684291766526372 -0.0660402936717446
0.0604820258960368 -0.01762607743729 0.0853194623390459 -0.00310927853052519
0.0526728558599246 0.0334557367672502 0.0500590729491406 0.0508306447647843
-0.000522588024506754 0.0643074784545067 -0.00551783086487235 0.0250204868283547
-0.0380107959999343 0.0587169880379981 0.0470013189135158 -0.0800534458593211
0.0321664930722707 0.00397238788956058 -0.0390528673613778 0.10727118134417
0.0113649974417868 -0.0257135462772263 0.0293849052826504 0.0018428750183482
-0.0154002940733551 -0.0283341191197203 -0.0496632641414008 -0.0611587271230295
-0.0257408026422905 -0.00078928024077432 -0.101802550667815 -0.00849337716907895
-0.0118778785326171 0.0134521233072765 -0.0876038081435573 0.0716834990712835
-0.000560631128877458 0.0104659183512658 -0.0219287283063337 0.10815216586864
-0.000142538292676976 0.0147635915882638 0.0242369450088469 0.0941362633771889
-0.00240772359847413 0.0125551199110168 0.0392372605166934 0.07301690208985
-0.00675028048656929 0.00739684472049389 0.0440824035453305 0.0662634530191796
-0.0106146901183599 -0.000854298195692616 0.0422022440664977 0.0716477072131781
-0.0118154827188425 -0.00857101068462498 0.0268386403498307 0.0816569372187153
-0.00138824099459513 -0.024014599129018 -0.00385937548063561 0.10274827796907
0.019726715609242 -0.0205466259137318 -0.0474363379414901 0.11417034277183
0.0336568001003479 0.00831013010220711 -0.0742948166002616 0.113407412966837
0.0278755998352304 0.0260860324596831 -0.0643808156014287 0.155340830417897
0.0279121003013115 0.0609597386397951 -0.0564360787693139 0.0895660666010965
0.033922089350174 0.0207198313996891 0.0237065507214804 -0.00373689706657049
0.0327400470626996 -0.0101023809377729 -0.0555617707858747 -0.0722857695634912
0.0184206234198909 -0.0196087466576318 -0.115472131740014 -0.0185036931806739
0.00439745300211376 -0.0189649376784106 -0.099614305998785 0.0703881709490408
-0.00218320527695539 -0.0215048323517084 -0.0301192107132901 0.110364413711105
-0.0169875811304091 -0.0169411826800653 0.0212001817085497 0.0930134504462623
-0.022147127566181 -0.0151846410304026 0.0367608393362055 0.0687621124247508
-0.0206467257906621 -0.0235461132542018 0.043529398297285 0.0585713709947453
-0.00471323821611075 -0.0350799183687599 0.0436691182548361 0.0618776658652911
0.0125999580620282 -0.0353015800199669 0.0358153650392871 0.070482341467871
0.0463489232841461 -0.02967729951339 0.0116309151973434 0.0940367483690511
0.0597868557096108 0.0104758251768123 -0.0291578435415974 0.112208632856181
0.0393903435623947 0.063259585671134 -0.0483749973400272 0.110741143791105
0.0128834324971846 0.090464564656924 -0.0435626751797553 0.138477964093867
0.0128612668471267 0.112079092809918 -0.061727505002597 0.0539152323738073
0.0440934358950667 0.0759575919523126 0.0233696791530586 -0.021296594738649
0.0792612579912231 0.0218126731235513 -0.0565060989805394 -0.0904237133371424
0.0704884608142369 -0.030417307374774 -0.124879320998854 -0.0371168098101647
0.0288742077423643 -0.0505451528060894 -0.108916938593213 0.0581111137489407
0.00220361784827603 -0.0543299523476459 -0.0403840953615697 0.0998745817882098
-0.0287717323061839 -0.0481300541627729 0.0134147454705542 0.0814097761225619
-0.0394959004734487 -0.0407825741964056 0.0280540276323093 0.0548072467764484
-0.0361362627545401 -0.0483946986503491 0.0373229690153884 0.0415158805746643
-0.00510783115927509 -0.06241229330538 0.0440033138479894 0.0411621697470354
0.025443810811314 -0.0609493839563927 0.0481227338832916 0.0481997797477351
0.0806528643409832 -0.0458801145058388 0.0346586022857568 0.0791435088227551
0.0979608166578512 0.0215373418315082 -0.00392806328644814 0.106938713032486
0.0555423497873027 0.0996886355769366 -0.0233795392348889 0.100684102487237
0.00664103435452477 0.140339793165252 -0.0185272657383367 0.104361773373058
-0.00817842370423409 0.14604556319476 -0.051875100288772 0.0042135131007019
0.0398795215081622 0.127300658456129 0.0292977140829503 -0.0491857682280055
0.111999719936833 0.0620135547364131 -0.0472043133548327 -0.112854937500304
0.119947007274334 -0.0272258889220354 -0.12208499392416 -0.0611647457604231
0.0567357279192803 -0.0737120429889034 -0.109297633907292 0.0344941562394935
0.011047538827262 -0.0802150940095986 -0.0489360772611883 0.0754389871103929
-0.0337514198500097 -0.0738318590023981 0.00303699234392132 0.0588874462120417
-0.0501835959934366 -0.0600995758742267 0.0156287133325911 0.0334181601207288
-0.0477848648217989 -0.0648422296900718 0.0260248462398716 0.017229937028065
-0.0107169949933966 -0.0803170813181676 0.0394615474517162 0.0139716000551745
0.0280744467522338 -0.0793447507785691 0.0565088409535157 0.019642241580115
0.0976771166937531 -0.0639195699539335 0.0549674161070621 0.0560149031718222
0.123003262417464 0.0196553112365265 0.0201914181317123 0.0955950653450043
0.070561559864381 0.115133065330469 -0.00647546739647749 0.0845554124171178
0.00464610454030566 0.167153506059606 0.00118388424705513 0.0589205950722224
-0.0289059898302596 0.156579701979914 -0.0272463803831522 -0.0530416229228311
0.0220162667704576 0.158144940561559 0.0430736879298429 -0.0822261022694867
0.11973468601472 0.0983200338860474 -0.0257285673451773 -0.130302424818668
0.148529449182639 -0.0114427870156163 -0.101979884719961 -0.0845829492703796
0.0788979430605128 -0.0807362383122691 -0.0958057176485273 0.00360044179354966
0.0206617804648326 -0.091345002755869 -0.050693355795712 0.039557792327856
-0.0327062723772808 -0.0877179204259007 -0.0078584575421252 0.0288803228702998
-0.0531744872944599 -0.0701920909598771 0.00143526056375166 0.00705677993990528
-0.0530167023211263 -0.0720905063684441 0.011529862397382 -0.0083266893769134
-0.0145533646611723 -0.0854739870123149 0.0298622967943509 -0.0153587392756409
0.0263918939739934 -0.0861886527905667 0.0583784587092785 -0.0108727522571678
0.100022819383438 -0.0700357222688803 0.0678708440067736 0.0311469579006796
0.127844971555498 0.0166793847057243 0.0361242765288075 0.0798299827795868
0.0713578214478822 0.114663834018364 -0.000219355977486949 0.065549266204606
0.000798934686348144 0.169625149153895 0.0147412348977177 0.0114886714574262
-0.0422535321837282 0.13822408255697 0.00756032882719553 -0.105605051149486
-0.00127782985037798 0.154512877467671 0.0612121915536866 -0.11077346314396
0.0999019169853423 0.113312966997199 0.00328758625183397 -0.136687637003431
0.144155931913851 0.00864303552352401 -0.0686262025140185 -0.0993425818313609
0.0841854469224776 -0.0696537331897187 -0.0726208918091745 -0.0272939346458769
0.0258864998992924 -0.0853108593166685 -0.0457788027818068 0.00103459498876183
-0.0271434771644106 -0.0857430544955317 -0.0176549806678623 -0.00318375524937536
-0.0493218125533238 -0.0703281060620672 -0.0122109074337429 -0.0198901229679423
-0.0503543259628539 -0.0707487101992073 -0.00344638134736541 -0.0335327758587955
-0.0155405638679877 -0.0812511023213431 0.0191651839251419 -0.0421042007249718
0.0239396789028283 -0.0808449465787271 0.0570247150905036 -0.0372956529546954
0.0928702235241676 -0.0622983825485121 0.073637331700544 0.0100238595758959
0.115355712756539 0.0188774826579834 0.0453120818744372 0.0647605183618171
0.0572674536957863 0.105690892354969 -0.000914303278574918 0.048020096491984
-0.00927556835612717 0.149483601680437 0.0239313326031962 -0.0303434829960147
-0.0424934679242363 0.0954465427287968 0.0414209445476196 -0.143828282258192
-0.0193512070875848 0.117482128098357 0.0772612914140704 -0.128577509534184
0.0630676899205506 0.0971112594040823 0.0302279962072073 -0.130730994379385
0.109416053618195 0.0200789458863665 -0.0340446819509184 -0.103352177265394
0.0689900148542603 -0.0481202034652238 -0.0466976009511873 -0.0513389208473859
0.0233311891521452 -0.0645629640958388 -0.0389162759023664 -0.0333402013260989
-0.018425188860674 -0.0688657527507178 -0.0263175245780625 -0.0321864024783503
-0.0384539980989601 -0.0589036818556843 -0.0229625082870689 -0.0425576430790566
-0.0395113376983022 -0.0595414414326384 -0.0154638576249912 -0.0565712955936971
-0.0118112290016732 -0.068019048772559 0.012268720120622 -0.0649943344145062
0.0238328067645387 -0.0657796942620017 0.0577299463463766 -0.0577583300582655
0.079751063581964 -0.0439742699101968 0.0781668481708922 -0.00322385203361387
0.0895349719368454 0.0253559510072388 0.0494075865391681 0.0531099835253637
0.0320749298731376 0.0895443521471689 -0.0026751746356145 0.0342941913990852
-0.0223106371188816 0.111620939670886 0.0321572887933206 -0.0632455269607782
-0.033113263979476 0.0362424881848634 0.0661502067928505 -0.162247326876906
-0.0266516181439073 0.0580423898529169 0.0824297667234692 -0.135210713863
0.0231607310687696 0.0581342157326973 0.0465392613093362 -0.119363742834136
0.0576194325154833 0.0205907268786488 -0.00927718638696469 -0.101183619963806
0.0400574621444276 -0.021565468762517 -0.0305340071016889 -0.0666784356231213
0.0161461137605997 -0.0345131476805366 -0.0348763279180076 -0.0556287808856697
-0.00808059845405254 -0.0411835202321204 -0.0326088476287792 -0.0520778670102052
-0.021929823210617 -0.0389747479054482 -0.030019819013037 -0.0594551277002331
-0.0222848186654745 -0.041223501751614 -0.0230164920040992 -0.0743329867167925
-0.00636069391685071 -0.0469336480844751 0.0118505308032425 -0.0820600794898037
0.0210299389075366 -0.0437226997055515 0.064172292872466 -0.0705283357190898
0.0586244375071276 -0.0214727052510556 0.0851267318835291 -0.00763974511961128
0.0541337375663181 0.0294663120064383 0.0532846772959868 0.048341544245242
0.0031510880814231 0.0642610416939097 -0.00403939684131249 0.0257960273374039
-0.0342163128552004 0.0606627801527803 0.0414728816441482 -0.0831558787217029
0.0315164630069536 0.0015639170445148 -0.0320407000983003 0.105641606830958
0.0107218181469693 -0.0253942906141512 0.0287611515236552 0.000300745469045771
-0.0161983803156988 -0.0259037645384793 -0.0508246080859433 -0.0558482973455882
-0.0248944233277701 0.000458458371465616 -0.0983585864348391 -0.00326261642801928
-0.0106450518165492 0.0138925089036154 -0.0810686693092071 0.0736772160386851
-0.000741220459863172 0.0101445023340677 -0.0149869569668879 0.104528451432976
0.00064292435007328 0.013525443638946 0.0282936781179488 0.0886603069321567
-0.00143412387934341 0.0124945978891887 0.0420865835890833 0.0680990904599495
-0.00598085997721681 0.00758654781751935 0.0461030344647606 0.0610090493515693
-0.0105432716273043 -0.000487569779001161 0.0447607425335026 0.0662642699030447
-0.0115392641640788 -0.00758621451093989 0.0302731737588272 0.0770694502932309
-0.00247296731010761 -0.0225624008439841 0.00245406915574173 0.0988411036709208
0.018064131895408 -0.020480407276155 -0.0401321253314057 0.111672473900238
0.0329520813750982 0.00674281588248943 -0.0669680480521063 0.112774904809151
0.0279438824095364 0.0234685192866401 -0.0540012002385747 0.1535164120716
0.0307491344576262 0.056961031592012 -0.0498032948473173 0.0900864236288169
0.0334701878471038 0.0184611664590006 0.0235431390825801 -0.00482443394715879
0.0306129776712877 -0.0118310245357669 -0.0571014540260006 -0.0660774563465238
0.0166941942255861 -0.0204196205302873 -0.112384085282972 -0.011940173619864
0.00339926802210583 -0.0183199422736753 -0.0919154434064788 0.0725997497287228
-0.00359679742146018 -0.0208082786705966 -0.0232775209850363 0.107020026038355
-0.017299246797774 -0.0154240663014639 0.0254319962771932 0.0881360910373696
-0.0221433380313288 -0.013131004040854 0.0385825257372168 0.0639992304086635
-0.0215771738504495 -0.0211490290124372 0.0448095629649737 0.0538356452884571
-0.00685579203855298 -0.0334588303495232 0.0453030614854745 0.0566036764173985
0.00984925843578292 -0.0345171502154756 0.0382204107806038 0.0660049017302864
0.0428312014350589 -0.0308986434362321 0.0164671531092998 0.089994491450512
0.0584103731630039 0.00709251250915876 -0.0224727967126846 0.109041937157309
0.0418987896662725 0.0586267770604606 -0.0422712103759556 0.108134563135144
0.0171362505074206 0.0859919367087209 -0.0355562890544342 0.1356711982215
0.0187756493114216 0.106803716310318 -0.0571140012590809 0.0562025250448484
0.046229537521951 0.0707359357438751 0.0220406942357532 -0.0210943174427097
0.076985670110153 0.0156799032151354 -0.0587631903274825 -0.0839775407878626
0.0665940725475202 -0.0338122281234799 -0.12211772531077 -0.0293164548974439
0.0246529351787589 -0.0504879333519536 -0.101522788762156 0.0614026847755937
-0.000979157604133588 -0.0525460479721695 -0.0334741252491069 0.0974077412750087
-0.0302704155651904 -0.0443343143681706 0.0169022429338321 0.0773738649453471
-0.0397439397384237 -0.0362821008028591 0.0299265087554233 0.0509137761303828
-0.0371808766405397 -0.0440981037569661 0.0376271291308449 0.037058122730902
-0.0092663919126568 -0.0598723642271762 0.0449669491917855 0.0365032154635857
0.0208116925119741 -0.0604151248151614 0.0486773749302207 0.044161263666161
0.0741428802084869 -0.0492121615026069 0.0377099376186094 0.0744697657529995
0.0960319245112913 0.0156242765028727 0.00159764990645965 0.103594579275512
0.0592090911701232 0.0926730542714957 -0.0182668869910156 0.0979039848777261
0.0139435806910582 0.133896648328982 -0.0137091845600763 0.101557878562293
-3.18118610204035E-06 0.140787164612141 -0.0498445251851053 0.0070141107816452
0.0452430197100798 0.120662830199522 0.0265035089565402 -0.048394148749091
0.111126487510383 0.0527014312717535 -0.0506728619207288 -0.105294448930795
0.113678353448002 -0.0339414287205829 -0.120777825160162 -0.0520451557118167
0.0506990977771415 -0.0743718525124067 -0.10299130673695 0.0390828320338499
0.00580373234505439 -0.0777282005766364 -0.0420042392758228 0.0745838430619372
-0.0366512356975455 -0.0686733565535212 0.00540014646169029 0.0562920658611524
-0.0515309619941888 -0.0540885143425452 0.0163405074301297 0.0306159099726788
-0.0497756026281639 -0.0586284439841474 0.0256452704993068 0.0149300092642464
-0.0147476626444836 -0.0763476710560373 0.0384771601761494 0.0109055718418104
0.0222642102479779 -0.0782910122669176 0.0555927225176897 0.0156604879270296
0.0894825700845268 -0.0676295482002293 0.0566372004780738 0.051287417308811
0.119320480128784 0.0113712247314858 0.0241691355306279 0.0915530958495963
0.0737355220804422 0.106554602338527 -0.00287426160731678 0.0817636122196009
0.0146097971619684 0.159857523213603 0.00335388859868333 0.0566321351945737
-0.0193505090020147 0.152083679292168 -0.0286366828191344 -0.0496387442265913
0.029826175230292 0.150833524081524 0.0375791642779598 -0.080211423470746
0.120976278329571 0.0872424581524694 -0.0314624153513904 -0.123455263398909
0.142674885013366 -0.0196888515727713 -0.101991520514848 -0.0760445783702645
0.071729249947139 -0.082006329138444 -0.0924649908430416 0.00859842136483827
0.0144408289208215 -0.0896272022296614 -0.045833424134439 0.0409210529252433
-0.036168613209685 -0.0815665929338741 -0.00683554830996161 0.0276413977033258
-0.0551524859740115 -0.0639907162024274 0.00197821579198512 0.00716596824067892
-0.0548448116073488 -0.0650622409387084 0.0103821950012286 -0.00903605108836559
-0.0187710662221256 -0.0813118979631796 0.0276193083907765 -0.016226579972513
0.0204726208597087 -0.0841712014222804 0.055429955453363 -0.0135438782210487
0.091778670238723 -0.073812934403021 0.0674666270296363 0.0270742275116484
0.123426147141292 0.00870841298811754 0.0392437207594551 0.07559496738026
0.0748424135997182 0.106177145929157 0.00258674159919625 0.0634758432230216
0.0107207944648109 0.162086605603103 0.0137693533331621 0.0102522711050053
-0.0325964724285134 0.135266718492832 0.00158086581467781 -0.101921389247628
0.00675364521526075 0.148985788214526 0.0537176444884649 -0.10854303300077
0.102492535265317 0.101980099648305 -0.00357570748872468 -0.131000100279312
0.139236194431493 -0.000183786579130891 -0.0707081749520823 -0.0917363870145712
0.0772124429509591 -0.0722628121034745 -0.0709685214995139 -0.0224340445246788
0.0204182156462893 -0.0838985102803789 -0.0439711741974352 0.00322454140240332
-0.0304629546287598 -0.0797355001123784 -0.0180602667987246 -0.00283638583222682
-0.0512480342194978 -0.0636718934775806 -0.0130563340534044 -0.0183195135984177
-0.0525116425311729 -0.0636989946975529 -0.00479237941717537 -0.0326971220176937
-0.0196283772723843 -0.0771168824382687 0.0161038353032189 -0.0411392462049479
0.0191391825188467 -0.0791270636436962 0.0526408917001686 -0.0389616893108624
0.085789993991164 -0.0656578212600366 0.0721559627194264 0.00609110927244049
0.111551449105514 0.0116838046258999 0.0468192678816831 0.0600407696066799
0.0606668838784331 0.0981359831971522 0.00159073842385364 0.0468417770534047
0.000261973937215367 0.143065080695986 0.0198352176429837 -0.0308453150031181
-0.0350883242181358 0.0940953579226781 0.0326777719279311 -0.14108475381664
-0.0117616616607331 0.113497716948787 0.0680962058905949 -0.127404362270703
0.0661026457841289 0.0887482049316717 0.0236011759098476 -0.12630680805204
0.106667277282375 0.0130566080152265 -0.0371303233650474 -0.0973628427778063
0.0640345667322766 -0.049802414161158 -0.0481377060148615 -0.0474644217637878
0.0193836372770489 -0.0636093325764893 -0.0393004098086108 -0.0302749511371451
-0.0216514356123266 -0.0650082510813891 -0.027177386480106 -0.0297438677226385
-0.0399794109072909 -0.0532315347733491 -0.0253662647819415 -0.0403634967775955
-0.0415875409802884 -0.0547660980643864 -0.0179713763186194 -0.0536684616367987
-0.0151965305665471 -0.0642341130337384 0.00834830293697229 -0.0631234009732878
0.0190074789257553 -0.0644349850512427 0.0523248347340051 -0.0579387789713893
0.0733898271714665 -0.0469545957706117 0.0753629988977745 -0.00683791296485867
0.0867310890249922 0.0193513376466986 0.0512293488017235 0.049030791665179
0.0352861588111933 0.0838445508560073 -0.000694132655143956 0.033606296801996
-0.0149855196357957 0.107467400892077 0.0269732268866104 -0.0629926051767599
-0.0296258366333036 0.0362962203450357 0.0559622430663302 -0.159776439460221
-0.0222903568086527 0.0568573851881502 0.0723315737810053 -0.132427467557912
0.0255154321304206 0.0538430173265766 0.0396708037847359 -0.116884644286561
0.0569126831030386 0.0162479889898513 -0.0137427622971196 -0.0967669848522796
0.0378833342999715 -0.0228939496729275 -0.0326717597333971 -0.0633865732713149
0.0134577763852164 -0.033996974386195 -0.0366974578749633 -0.0521672168739939
-0.0098310587675589 -0.038581002436752 -0.034524605388481 -0.0485351946371465
-0.0234548144393327 -0.0355959437013995 -0.0325764265417562 -0.0556651912661952
-0.0237187380727517 -0.0380015448553859 -0.0255205473707006 -0.0699224538388688
-0.00825406518706124 -0.0444712630228914 0.00691402447222554 -0.079381667165185
0.0174854090993787 -0.0435197694867783 0.0575345319231265 -0.0707785374521106
0.0545376502686375 -0.0241415104801457 0.0814942103487842 -0.0117911965017275
0.0534394725019558 0.0253872686967774 0.054500554945289 0.0439784376392749
0.00639120738748429 0.061594090683574 -0.00249352669273954 0.0254552923593789
-0.0285909115108706 0.0592344184527515 0.0346735775667547 -0.0828484875816942
0.0304842152295632 -0.000912326881582706 -0.0107808647421166 0.10425009070579
0.0065822070823437 -0.0255656917572182 0.0284853834583652 -0.00540557829274299
-0.0199008242292651 -0.0214487009624413 -0.0564675375861073 -0.0469442268455424
-0.0232774639987426 0.00601274268745714 -0.0955960299199744 0.0106386105688257
-0.00704820475555268 0.0154699207321466 -0.0656276109535677 0.0824439907567369
0.00156591252592908 0.00961637765162926 0.00101021150403047 0.101188035793259
0.00311321035252318 0.0120745243484412 0.0397576687178735 0.0810626604420327
0.0012395629730485 0.0113315263091061 0.0491693178099656 0.0579762022690098
-0.00447050148629755 0.00759299990726602 0.0532602328939956 0.0501424703719188
-0.009231241721987 0.00128905835732595 0.0531833529096601 0.0548688730082094
-0.0112164534146221 -0.00516523114048638 0.0413395100676351 0.0681239192182274
-0.0050492138149202 -0.0199288750462013 0.0178246506507537 0.0920683850625172
0.0142945249296315 -0.0195476652863144 -0.0198543021134121 0.11062131685271
0.0310732332580108 0.00325504121302973 -0.0465936431683189 0.115231935840316
0.0291739581750367 0.0210363386537779 -0.0302799480491933 0.152114730826306
0.0357549478820596 0.05035193850225 -0.0302717700404505 0.0951756865260803
0.0334050032141003 0.0124806859355961 0.0234527572318829 -0.00737624679034911
0.0249267646886756 -0.0147131184573057 -0.0605582857531171 -0.0533787416384288
0.0108024590674462 -0.0192116614009692 -0.10642894859477 0.00464723605000242
0.00132917146304472 -0.0156035902290675 -0.0755854727362244 0.0816608034776906
-0.00472316963506607 -0.0186919626374006 -0.00598401866609065 0.103427470192406
-0.017462943977684 -0.0117134427984782 0.0361440675104452 0.0790959169732892
-0.021371923790414 -0.00910354969463558 0.0452252890237722 0.054401534736587
-0.0229093212605554 -0.0170703466996024 0.0511841440393363 0.0441997466814176
-0.0105324551499718 -0.0304781719901506 0.0529215151055906 0.0462728984033647
0.00624867137080055 -0.0330357730189296 0.046569786361044 0.0564469160509746
0.0362387308423918 -0.0338356670393802 0.0291671302119714 0.082427854299287
0.0545816852107661 0.000825871145038645 -0.00370896165695944 0.106561537926201
0.045652877665316 0.051162833294113 -0.0248453297069198 0.106893063297143
0.0263484055249482 0.0805136890071841 -0.0160689521009914 0.132763774264134
0.0299786242092816 0.0974780082468714 -0.0436471670186341 0.0672819560981066
0.0523445489571303 0.0587745831292646 0.0196703127697072 -0.0201725053178355
0.0704374537008483 0.00420828868499262 -0.0623923143064827 -0.0668148446221412
0.0539712658830833 -0.0386388449559264 -0.114721421270755 -0.00872917817978487
0.0165899065879951 -0.0477275699802718 -0.0844787571039134 0.070818466681811
-0.00691454356764924 -0.0480446469635255 -0.0170196985147716 0.0948490853579242
-0.0337511617740574 -0.0373688249243741 0.0263136877431644 0.0686512450403954
-0.0407067157984892 -0.0284252100001055 0.035530974539327 0.0435056068764722
-0.0402974609305085 -0.0364721432659115 0.0425647362813505 0.0298272432385061
-0.0158438966186239 -0.0551730734316612 0.0497502052854911 0.027451363226986
0.013501893096634 -0.0584069710264344 0.053578457782615 0.0343741540850424
0.0636791931527644 -0.0552935157803492 0.0465551130382093 0.0650625683751987
0.0903251949811948 0.00452714386508378 0.0185553320094127 0.0982124113011565
0.0665842472370761 0.0796726383669174 -0.00459000860728703 0.0937793766481997
0.0298908905595618 0.125188009727762 -0.000589153834539986 0.0973137177328899
0.0161191137345758 0.130673440742161 -0.0459566874493408 0.0220840714679334
0.0570655163738867 0.104289423283188 0.0186036719397917 -0.0440764374275678
0.105827604798491 0.0334754280938214 -0.0566721334108053 -0.0851833144859719
0.0967644270819337 -0.0454546503293835 -0.113361178302046 -0.0290447854635261
0.0368221026007405 -0.0731409333630182 -0.0875704284793574 0.0479954084070375
-0.0034381005589712 -0.0729397237222104 -0.0283992936745019 0.073405451346276
-0.0422574608632246 -0.0583056858409809 0.0123475206192439 0.0492270941673187
-0.0532316464017349 -0.0433754657924818 0.0199824429464313 0.0262749993209775
-0.0539658634437907 -0.0483177279091448 0.0280977795927888 0.0107552901790738
-0.0236827371893328 -0.0699356090631394 0.0401010588422629 0.00403737799486599
0.0125432628292483 -0.0756801031354822 0.0551133372491849 0.0062915205282441
0.0756162701835846 -0.0744980251443635 0.0607601157367619 0.0412260486375053
0.111817386788314 -0.00211470536998898 0.0383758749779562 0.0839743045720135
0.0821384866754699 0.0907177634863402 0.00712629477728638 0.0765309292623504
0.0335066747106708 0.148735816067253 0.00848925110701015 0.0523746900204911
-0.00119390471274771 0.141806004076752 -0.0362248273550881 -0.0342090754470709
0.0464593403860611 0.133686706168971 0.0234775620146103 -0.0749697506655966
0.119320538694008 0.0623443343434094 -0.0408447417528307 -0.102954242496543
0.12436813793841 -0.0374407493889813 -0.0981394402386878 -0.0520034011397765
0.0543621056930446 -0.0834682787243674 -0.0801653900040321 0.0174296969742562
0.00328419636731608 -0.0847314699816957 -0.03692165478393 0.0409953073070236
-0.0443388940801941 -0.0706430321136702 -0.00299529436711772 0.0232527634847582
-0.0585695556935864 -0.0519716505376335 0.00243769010547306 0.00537993717954651
-0.0600542355971168 -0.0531585017112842 0.0101205846819857 -0.00966098759920693
-0.0283060719128365 -0.0742821637452592 0.0257182600968162 -0.0196921787303388
0.010092040802888 -0.081285319072139 0.0499850401474744 -0.0212580922985297
0.0766351514665048 -0.0808413506316225 0.0671584289040291 0.0171505312814095
0.115220659341391 -0.00590416491938514 0.050571467877299 0.0664314040975085
0.0835887730970226 0.0901736705513763 0.00953983018980694 0.0587346728650553
0.0298381161125209 0.150799280444327 0.0117468676521397 0.00760745488945254
-0.0153127718322113 0.126357620801097 -0.016866762341914 -0.0892238761398057
0.0247570246347666 0.134088182662938 0.0327201292334368 -0.104327005480931
0.104015272494252 0.078427163430466 -0.0171970610404802 -0.113047067416267
0.124683838321697 -0.0190381628705897 -0.0714092614874295 -0.0712277107226122
0.0604984180809018 -0.074776554148567 -0.0648780743570209 -0.0146574620754447
0.00832235346915598 -0.0803171291298409 -0.040277903942751 0.00537336334955522
-0.0391998691378649 -0.0695799201501943 -0.0176940017702453 -0.00452666115086884
-0.0554695277595866 -0.052343397592295 -0.0149471632430062 -0.016084874681603
-0.0574089945526642 -0.0522710670935542 -0.00813277720334449 -0.0296094229464809
-0.0282215932083995 -0.0694988240354569 0.0109681954535994 -0.0415692364879809
0.00981861014636544 -0.0762111993570278 0.0432511872204289 -0.044336723409885
0.0724643423356822 -0.0726088620894008 0.0678005508285948 -0.00328817021269272
0.104147750209928 -0.00156758719118313 0.0554311478211909 0.0509172738483938
0.0682389600679195 0.0840121224035005 0.00649251387120804 0.04351315493236
0.0175448074558967 0.133414924645285 0.0123048905497472 -0.0320713383806888
-0.0227954073129269 0.0881562467859429 0.00586746156854421 -0.132975930556461
0.00253274176456733 0.103640000717471 0.0430277428897575 -0.124835121870998
0.06978405153818 0.0705689441044752 0.00632613401921344 -0.115034429953179
0.0970329453916084 -0.00376949749936692 -0.0434312828839736 -0.0819726958667919
0.051084633146221 -0.0534999591833833 -0.0478901104097842 -0.040393129410041
0.00955631034987205 -0.0614777405747901 -0.0407719303614701 -0.026259343087792
-0.0286774862339922 -0.0562880696516847 -0.0305377865504139 -0.0280680823916424
-0.0435855277951627 -0.0446031513932042 -0.0295835595333339 -0.0348847840449744
-0.0458968834767627 -0.0448321514653288 -0.0233304013664102 -0.047861855737862
-0.022883659259376 -0.0584432655716686 -0.000160213568135244 -0.0609248560963239
0.0109983668222366 -0.0628389742070845 0.0397450277305627 -0.0629718169041572
0.0633931113556047 -0.0531426817315449 0.0692351226793911 -0.0165834975410519
0.0822410455082369 0.00835880215930831 0.0568501445113696 0.0396546773167898
0.0433296826201575 0.0740435047370316 0.00276276031847297 0.0313337181028057
-0.000682675287677583 0.101065689493272 0.0145351813996081 -0.0632042890507501
-0.024239137201789 0.0337119882330158 0.024764821561631 -0.157014177495254
-0.0146964359931153 0.0527268528405051 0.0462842399060423 -0.133950773828658
0.0286720138881044 0.0440925059827636 0.020919326867479 -0.112051036888095
0.0522470334887227 0.00584516965596884 -0.0235210387430687 -0.0866004772291382
0.030624174434363 -0.0258501885614677 -0.0380734745110654 -0.0560054254912072
0.0078978932567507 -0.0326655616194918 -0.0422148025978169 -0.0458594531629057
-0.0148234890839524 -0.0338844447358338 -0.0399267554551595 -0.0440491694410257
-0.0261099340481778 -0.0298036387546259 -0.0390713352735776 -0.0485074402975242
-0.0279640432085015 -0.0318765479004171 -0.033582066105566 -0.062132103307505
-0.0140719593729539 -0.040899554021853 -0.00436926200440057 -0.0754838904300829
0.0120780650341795 -0.0431579771586713 0.0425855473859403 -0.0754094181089506
0.0492497030474586 -0.0290311745788417 0.0742321735696815 -0.0227974293411004
0.0521170990144861 0.0175629196244053 0.0589708766719071 0.0344885404812515
0.0139284097739422 0.0567633638235917 0.000525961886914952 0.0233396114676428
-0.0190798657866782 0.0573124997579081 0.0192766701415161 -0.0828091276982365
0.0293579252360116 -0.000933802363433287 -0.0120549414830377 0.099725970408045
0.00730153773628473 -0.0245109239717293 0.0279782626719917 -0.00514259194414372
-0.0187322052476915 -0.0208165386482099 -0.0529869723995462 -0.0463965754977762
-0.0222625268589905 0.00501633862382283 -0.091733168017923 0.00863593240687458
-0.0072381780859779 0.014783151206205 -0.0646840590907469 0.0782468091632913
0.000992984280214484 0.00866490649512606 -0.000480814943029095 0.0960451255192336
0.00268102267730602 0.0115381493197751 0.0370129226411974 0.0769856766051527
0.00107176958900533 0.0106564713055064 0.045958384551776 0.0563223470049004
-0.00400858369271132 0.006650978824747 0.0498952920107688 0.049183971375587
-0.00914891769455573 0.00122665408738301 0.0498771333779646 0.0536143238931052
-0.0104495666850292 -0.00523801661847772 0.0383081780568823 0.0657277863544529
-0.00386769559679395 -0.0189688837424232 0.0149581654593385 0.0875269261574042
0.0143270494844788 -0.0180676783318176 -0.0216318761444814 0.105146153863154
0.0296974275497494 0.00398481700820057 -0.0477774541679749 0.109073217867454
0.0271701541096758 0.0202208927651951 -0.0319083850893375 0.145623382334453
0.0336724212929113 0.0482508322759312 -0.0305216080983937 0.0915167626913701
0.0325500516226217 0.0122103010323757 0.0233267665405522 -0.00640470840437494
0.0235739139233212 -0.0138625848722933 -0.0570146556032746 -0.0525526648684379
0.010699117768542 -0.0186342293903976 -0.102195264413491 0.00343303846548569
0.00174918168339999 -0.0150172434528967 -0.0739067841404478 0.0769847912677084
-0.00461370453508153 -0.018276715722476 -0.0074322511075701 0.0979365278736861
-0.0166521919796898 -0.0119322105467056 0.033229362898557 0.0762635208113466
-0.0201029092365153 -0.00885650580554917 0.0422597062178866 0.0529918276460379
-0.0214256240887108 -0.0163341100153849 0.0480025248914378 0.0431311723895052
-0.00982911454267432 -0.0295258188511993 0.0500352095683818 0.0450034103857119
0.00666917527086283 -0.0316875456618693 0.0435594929613582 0.0546549333994405
0.0351433195515062 -0.0316080686557902 0.0262995555598671 0.079003063702128
0.0529561992006537 0.00188442369035271 -0.00602785359406612 0.101840708908068
0.0432584015494321 0.050022630008728 -0.0266160363621415 0.101943653924304
0.0236669946712222 0.0771874680903141 -0.0181315258427496 0.126975733297097
0.0275405493696893 0.0931142170232927 -0.0424080655067385 0.0646618585528249
0.049051639960859 0.0574139379848847 0.019394001660871 -0.018684362481424
0.0670516846430963 0.00492903090699106 -0.0578765199176457 -0.0649959385998068
0.0521603798956184 -0.0368177181655256 -0.109677515774063 -0.0103225363568769
0.0164469345487073 -0.0454685957692657 -0.082460459782295 0.0661360752882026
-0.00633605893055774 -0.0467052826049671 -0.0178078159407704 0.0894120081521356
-0.0315544408878043 -0.0358870399517506 0.0237784560194386 0.0658134727867965
-0.0380815582884609 -0.0270289365244757 0.0328357836644674 0.0417649127450549
-0.0382514888031934 -0.0344734854472088 0.0398947709585888 0.0290101723677583
-0.0149734931941098 -0.0533085395489555 0.0464005091780603 0.0270356872581435
0.0135688721912751 -0.0559443079166603 0.0504535925535022 0.0336461227011221
0.0614471097751955 -0.0517240789723455 0.0438292682305132 0.0632691388197171
0.0864809027314549 0.00525435500927038 0.0159538358825965 0.0947557761819253
0.0627636732186814 0.0783320937528363 -0.00700993223102659 0.0899756044558778
0.0263051573335884 0.119766322668432 -0.00323850117258778 0.0934685817346554
0.0133035263886943 0.124929872016059 -0.0442436688030873 0.0209898214974836
0.0530366691993927 0.101109542925081 0.0198855547265823 -0.0414295236941829
0.100831837484025 0.0330490711005798 -0.0517554623873566 -0.0825356054592259
0.0935066332283066 -0.0432037532008523 -0.108258025737343 -0.0300580365700964
0.0366513759200984 -0.0695288519681452 -0.0846898739121923 0.0444820848231292
-0.00247377494788989 -0.0700926807979099 -0.028525215944306 0.0687480835914897
-0.0398422619849236 -0.0563081790814365 0.0101993610836609 0.0470214417846526
-0.0502873449178783 -0.0415285570011528 0.0182417279080161 0.0249671010543634
-0.0507921935542842 -0.0460319976654061 0.0265345272149732 0.0105508905768495
-0.021770380997258 -0.0672554151998443 0.0383495600169862 0.00437148029790613
0.0129282643468921 -0.0723341081996761 0.0527739643920175 0.0067237155241102
0.073025768791537 -0.0703681852330975 0.057704715819667 0.0404786653845742
0.10728029914471 -0.000667804449294201 0.0352766931766584 0.0810496014782268
0.0773463773095569 0.0884835240090056 0.00473280819908364 0.0733498719016411
0.0291009491233964 0.142096269373186 0.00608621064704026 0.0510008966604244
-0.00314581829606555 0.135609890737028 -0.0341965287879012 -0.0325829851863386
0.0421534739633927 0.129465314883518 0.0245710394828963 -0.0701159498617551
0.113317152245555 0.0613667574027224 -0.0357674881635302 -0.0985652849377512
0.119626334486402 -0.0350770870868248 -0.0923705912001993 -0.0521400737060923
0.0535719015738741 -0.0793304320422592 -0.0768003811274651 0.0144074398084062
0.00366877328933781 -0.0811109570165321 -0.036062671741718 0.038275537284128
-0.0412559364290966 -0.0673432412095743 -0.00429634677138127 0.0220301850528417
-0.0553413242076853 -0.0495844331333726 0.00126550230262067 0.00518355435524228
-0.0565691459583027 -0.0512466341682029 0.00954526564743333 -0.00924086907184628
-0.0267595429352263 -0.0713118557716928 0.0249504290670524 -0.0185506411292212
0.0106778251144412 -0.0780558867503698 0.048130026393306 -0.019238291505095
0.0744520826079226 -0.0762566952121002 0.0647424489605826 0.0168596524371335
0.110677767856387 -0.00449213525437787 0.047565778031336 0.0650952772459716
0.0785118546270452 0.0882350646075835 0.00733868875591529 0.056528563218425
0.0261114558004323 0.143861877760235 0.00997171098498412 0.00784096845663482
-0.0166638135407164 0.120983471821492 -0.0138889098495489 -0.0855894601112854
0.0212856498086372 0.129129937616207 0.0343175695827895 -0.0980808676358282
0.0985194501858166 0.075915830270439 -0.013544671719393 -0.108640012118441
0.119631469598124 -0.0175160891364712 -0.0665001498955831 -0.0700082690448834
0.0590794401628071 -0.0709970487628498 -0.0615476200960766 -0.0158728016750174
0.00907848096306639 -0.0771597260981947 -0.0387204606702226 0.00400704564070826
-0.0363837582089947 -0.0671007922511621 -0.0176398102064823 -0.00444057636467564
-0.0523527620942658 -0.0500134091408513 -0.0142931695059564 -0.0159900095438115
-0.054106065224218 -0.0498931061845359 -0.00691164756396816 -0.0285871784832626
-0.0264043846270849 -0.0669332305385015 0.0113184417415603 -0.0396646704055631
0.0100849998291441 -0.0729599695392302 0.0424485833859219 -0.0421059510690543
0.0700165638282959 -0.0682348389940434 0.0660471253449133 -0.00234284914703751
0.0995064362929476 -0.000417069341852129 0.0528791004204546 0.0498736225592518
0.064018018353276 0.0817931210696191 0.00537505492077801 0.0420835568372945
0.0147989212538242 0.12705753442669 0.0113040288714215 -0.0304679359481437
-0.023111463376164 0.0837103096843123 0.00867917633571272 -0.127144245435405
0.000972774019680155 0.0988916168208281 0.0449125701044541 -0.117715118001185
0.0650861421709019 0.0682298961055318 0.0087066283982235 -0.109487673206965
0.0930135085471189 -0.00262674112527922 -0.0388512228151781 -0.0796574832135681
0.0497998176093335 -0.0507667544752507 -0.0453619949029429 -0.0400687715686078
0.0102862067249208 -0.0587536175209146 -0.0387583196156573 -0.0260071944970969
-0.0270509523519462 -0.0542633801259349 -0.0294142330760778 -0.0278108954756807
-0.0412283492683967 -0.0426248580455339 -0.0282944163101628 -0.0342750320413962
-0.0434768956923029 -0.0429712315445167 -0.0215069100978955 -0.0462706637628776
-0.0210433719712056 -0.0559576118949748 0.00105179419167293 -0.0580472713519246
0.0111979394109051 -0.0598724259834207 0.0390736381356605 -0.0592197202042738
0.0614876447527501 -0.0498423587869812 0.0675536834860512 -0.0149315994627493
0.0779794308815009 0.00917120169272442 0.0540513688211605 0.0392648676390779
0.0397462458036462 0.0716672301765204 0.0021730302781699 0.0301880764634418
-0.00243224303642436 0.0959559369893843 0.0141784261775208 -0.0601086248910035
-0.0233741088352822 0.031427744221729 0.0271011179937978 -0.150787466232158
-0.0144737584437231 0.050024545394205 0.048304270503218 -0.12647221701082
0.02644762309066 0.0420780493705957 0.0231013511678761 -0.106451955857714
0.0500085613160979 0.00541451196842794 -0.0206144828134894 -0.0837922244724035
0.0294317802606988 -0.0242167994740531 -0.0355806078793038 -0.0549758085222535
0.00825703024028388 -0.0316327476575414 -0.039969247210039 -0.0446773934120384
-0.0137260566265031 -0.0326260867775522 -0.0380940885409094 -0.0430236927999389
-0.0245130038261526 -0.0283664094372166 -0.0369984132086133 -0.0475096386429165
-0.0260907810289921 -0.0301859864973246 -0.0312015068944816 -0.0604340182846195
-0.0130243874806354 -0.0388385603113056 -0.00301050626522502 -0.0724505677106451
0.0116662090101588 -0.041018850402932 0.0425387973030075 -0.0711672075947192
0.0475130537264329 -0.0270852680581744 0.0719161321017396 -0.0201995420381119
0.0489131709894936 0.018217562648498 0.0554784439848093 0.0336803708391537
0.0123977047804424 0.0545333728060826 -0.000223259013593375 0.0226683968787246
-0.0194305134669178 0.0539430719683704 0.0190277904346152 -0.0790764248910731
0.029475540611916 -0.000727983927017506 -0.0150620890665482 0.0996111571271514
0.0084416028175036 -0.0241199999839204 0.0291381989436879 -0.00414696554293775
-0.017871422937752 -0.0208404579381732 -0.0501557438189123 -0.0477528263112214
-0.0220061381198904 0.00424417492857627 -0.0915357622067684 0.00566672668295422
-0.00768395102399747 0.0141537431655754 -0.0675442071521479 0.0749809867963712
0.000541664184657514 0.00898457318821549 -0.00420147873485035 0.0947828190886015
0.0022462330759992 0.0111904467164287 0.0344162250932503 0.0769709387980331
0.000752581580652997 0.0107990958544402 0.0440096586016429 0.057009753168394
-0.00426749488997849 0.00659560761518355 0.047998416983981 0.050147991050045
-0.00881981233874467 0.000661898447470524 0.0475997033306826 0.0543322244173056
-0.0100536190555242 -0.00520271888791712 0.0355019882552454 0.0664825738105967
-0.00355025517745468 -0.0191043093970793 0.0111747477369227 0.0873148447023379
0.0149382229556223 -0.0168295906968874 -0.0249508842525754 0.10269665491753
0.029715635679888 0.00519906129122496 -0.0523317793533077 0.10624303506508
0.0255360117873415 0.0209361128024438 -0.0371131699595706 0.143265095732828
0.031601096143086 0.0483276335261435 -0.0330808536389944 0.090008172854574
0.0319485682793172 0.0133901979822623 0.0241780192752357 -0.00563480698754706
0.0238828079664496 -0.0128870991111012 -0.0536100695052324 -0.0539600159897091
0.0111738816913175 -0.018500277253792 -0.101347560131727 -0.000876993914920315
0.0021168715677079 -0.014998954999539 -0.0757008107660767 0.0738420664568429
-0.00444563797873751 -0.0184682917595775 -0.0104292069737175 0.0965359748599423
-0.0159450398561065 -0.012319051526459 0.0306237913063243 0.0758391094464265
-0.0196972125917463 -0.00893252342337721 0.0401832223695843 0.0538301242708515
-0.0204058419421239 -0.0166614094394388 0.0464222557339761 0.043945777296997
-0.00875250459951217 -0.0293513312802506 0.0481366943023728 0.0458470815275024
0.00719411662706515 -0.0311257101717836 0.0414194383407291 0.0560803555326998
0.0355379591195744 -0.0302872324040162 0.0234162647865749 0.0785576352912187
0.0524393982445389 0.00390894204163538 -0.0094858395963109 0.100485645163777
0.0410776534974486 0.0514889782079211 -0.0313101178969188 0.0999449889786767
0.0208559533123987 0.0772305566338056 -0.0228352765792801 0.126412397202701
0.0241015099240503 0.0930097815418662 -0.0444396881416045 0.0632750725097648
0.046970374576808 0.0588837535544244 0.0212789725826494 -0.0174547736710079
0.0663424736337604 0.00680816221075905 -0.054096793680896 -0.0670152695642821
0.052823836280332 -0.0353076497178858 -0.108268370446803 -0.0141216148219013
0.0183428585988875 -0.0450757079096685 -0.0841438820368173 0.0625253302394463
-0.0048133084112448 -0.0465394486994349 -0.0202288355792802 0.0873798965483009
-0.0304050383877957 -0.0364228565453013 0.0212210977239947 0.0655042943733331
-0.0367589215571808 -0.0275248435878265 0.0307674314377182 0.0427554279165173
-0.0368466446987782 -0.0349715349549678 0.0380123321990659 0.0298451742920963
-0.0134958536338607 -0.0533078468413863 0.0455707467838864 0.0283972279091792
0.0150303203138153 -0.0551458617554778 0.0487191566436781 0.0348998860619185
0.0625458911682355 -0.0501752103678425 0.0418370608225167 0.0637687822352234
0.0857964136219488 0.00793199015331859 0.0123815763345521 0.0942398784640151
0.0596045237095183 0.0799979610926635 -0.0107351868544637 0.0886289423109208
0.0217584936220074 0.119174897467351 -0.00728487668469731 0.0931975846651721
0.0091479076254191 0.124533034737443 -0.0446809703365046 0.019675899741222
0.0494675658581898 0.102637622327328 0.0220346071416112 -0.0395437277699916
0.0988518322240007 0.0352322866771117 -0.0472823179997506 -0.0833081516332446
0.0938750227065997 -0.0402751621299528 -0.106076638753031 -0.0339373885508327
0.0385971294307788 -0.0683984182295933 -0.0858339569542937 0.0407463944324245
-0.000579710832242458 -0.0698052228611654 -0.0300770425851758 0.0666097707267196
-0.0382953588749877 -0.0563575392377243 0.00783799520912307 0.0465319752241195
-0.0487696885748557 -0.0421674344466195 0.0169739001986032 0.026065959433912
-0.0487699265524228 -0.0465395599791083 0.0258684931204223 0.0110279528829869
-0.0200238730496975 -0.0673537239781185 0.0373658794766305 0.00565411729735601
0.014652981080046 -0.0713621821161605 0.0516942431865441 0.00854671485172893
0.07403505905678 -0.0676282047902285 0.0564255228141161 0.0418165455008861
0.106429464334537 0.00206001342511761 0.0326515450193899 0.0819376281365417
0.0737603335770426 0.0906634552426507 0.00189792076786717 0.0731658217726458
0.0243150854832171 0.141405551200222 0.00374540507153312 0.0514427267216057
-0.00776838951079622 0.133911999857684 -0.0320846806370629 -0.0330853189941611
0.0376697988511014 0.130281898803252 0.0280908354508298 -0.0677387373968178
0.109806609723754 0.0639861468916788 -0.0316416584136017 -0.098957383143649
0.119486629441046 -0.0319232338597008 -0.0895321000029058 -0.0554614748850607
0.0557930201157505 -0.0770666760499155 -0.0772086770004078 0.0116843963189385
0.00593625401955609 -0.080877788621788 -0.036720287526082 0.0360843687865892
-0.0386874188110741 -0.0681749604064663 -0.00555285309847453 0.0216947786925117
-0.052566367483083 -0.0503302939131898 0.000912916823421068 0.00492233042381068
-0.0541430790508342 -0.0516371221640484 0.00955160535630735 -0.00905143034801244
-0.0241194565596906 -0.0713414924766777 0.0253261941659295 -0.0171619595567714
0.0126264054452324 -0.0768446359475543 0.0486115121904282 -0.0172985337868654
0.0759653418899838 -0.0733546484898079 0.0640453160597716 0.0184393167170219
0.109380530457324 -0.00156112869855562 0.0454039901911937 0.0664495785921749
0.0742561194363299 0.0898859302073856 0.0051658526339948 0.0567218514553967
0.0208310487785209 0.142310812250496 0.00874741717758721 0.0084757382492516
-0.0201972183866641 0.118906435935527 -0.0108117441146508 -0.0850831965567059
0.0168971157138143 0.1290929511414 0.0389010524262058 -0.0952717789961103
0.094482867575237 0.0778146349402442 -0.00854893670966478 -0.107789671346922
0.119177632682584 -0.0144311583513898 -0.0629149872442982 -0.0720368192227897
0.06090444050088 -0.0689547058981758 -0.0604963578422195 -0.0180701499686759
0.0116471125172583 -0.0765802918002021 -0.0387010630894765 0.00213518061361808
-0.033988708672107 -0.0668813809704499 -0.0181385836542653 -0.00534378552845897
-0.0495979193078863 -0.0505110871728646 -0.0142940617129594 -0.0163255512244269
-0.0514549218661573 -0.0506145538035661 -0.00617439662299939 -0.0289282941952222
-0.0242264826815672 -0.0672488511668071 0.0127181749979989 -0.0388115121677585
0.0121881879415053 -0.0719622868742482 0.043302064367259 -0.0407147657187833
0.0713845915342655 -0.0653370739884208 0.0659626350970352 -0.000623293607269101
0.0980013301785269 0.00274584006705647 0.0510214321583959 0.0517690232288779
0.0608693036844131 0.0831961182058197 0.00339691046958585 0.0421630110961941
0.00984380483489271 0.125358143596728 0.0116967822710247 -0.0292662682881035
-0.0254820999659222 0.0822346113552159 0.0133425226504647 -0.125890325710071
-0.00259925063556539 0.0983300651836907 0.0500192575299222 -0.114233390900357
0.0622469804623062 0.0693285709104932 0.0135039703499209 -0.108429201440973
0.0921669265733684 -0.000644920219018827 -0.0357087934229766 -0.0803468336790971
0.0510329229951175 -0.0485838997346318 -0.0431881763606744 -0.0416538173269041
0.0121252053580875 -0.0580281847365172 -0.0376613935950797 -0.0273626277821875
-0.0249292581416213 -0.0543976855171607 -0.0292134621949989 -0.0286624117719243
-0.0395252909955844 -0.0428707713290956 -0.0271033662575298 -0.0349062370463861
-0.0411156849228666 -0.0435901243997587 -0.0199322867836121 -0.0467729003209717
-0.0188314624321104 -0.0558712635429961 0.00331181452034541 -0.0573063217043532
0.0126982866124679 -0.0590026177647659 0.0410297344004822 -0.0571152917501483
0.0626790065120749 -0.0473653259303557 0.0677538778662532 -0.0130042985756037
0.0763622330879772 0.0118985444944498 0.053319718888306 0.0409978263731478
0.0368701951657542 0.072248074848708 0.000964609698607072 0.0300090112529912
-0.00546262768583685 0.0944695558845204 0.0148890995869799 -0.0590200314349597
-0.0238846709935615 0.0302317407461983 0.0327150123978101 -0.149064974504843
-0.0161315330875986 0.0485054589909037 0.0532960188747881 -0.123586548903917
0.0241982325715864 0.0416067141278309 0.0276066162068516 -0.10440565365277
0.049424222249515 0.00731668452802588 -0.0166832119045081 -0.0841111707558459
0.0303825074545384 -0.023071334858987 -0.0330945448542008 -0.0556230041268174
0.00921842327330947 -0.0307732416336753 -0.0385953503605941 -0.0460101219634615
-0.012786380666875 -0.032490106805644 -0.0371553897427268 -0.0436423128521698
-0.0234837408419034 -0.0285665644443935 -0.0356740605519765 -0.0486369054139111
-0.025034237713589 -0.030537073922351 -0.0286912075975499 -0.0602712800808618
-0.0115905219269284 -0.0385229251410348 0.000461903078006588 -0.071642232484077
0.0131301399121033 -0.0405579095490783 0.0444133673026977 -0.0691210801974104
0.0473907710133523 -0.0252802085434051 0.0723460008648092 -0.0176019101613978
0.0473211993155424 0.0192718436222113 0.0548652916556188 0.0356634863723115
0.0102042093016443 0.0544346264842721 -0.000693136939128665 0.0227992631634771
-0.0208322399421967 0.0517734161362306 0.0207658624599164 -0.0777031332445585
0.0299063652047482 -0.00075331221499951 -0.0170938758081981 0.102572134239439
0.00952615415761952 -0.0247431672707522 0.0310460617491586 -0.00393868063354366
-0.0180366504065725 -0.0218809956808311 -0.0502273523889074 -0.0503647081843483
-0.0233631834740774 0.00347962281979585 -0.0937747990411348 0.00331926783374233
-0.00813677224273482 0.0139089342670465 -0.0708099434811675 0.0756185640980202
-0.000164944728692893 0.00894895929156909 -0.00635340379418661 0.096648275937989
0.00169935049428013 0.0113629115818364 0.0337305719517955 0.0788852510508752
0.000744251249491337 0.0111704088787619 0.044165979307962 0.0599134813330019
-0.00460852959424032 0.00679438522238103 0.0484085684225899 0.0524080948222422
-0.00906232425424139 0.000485145145340639 0.04808371848198 0.0568865165091654
-0.00981768937525483 -0.00559663357126132 0.0351772376370941 0.0693240025693537
-0.00287958371241302 -0.0194213097336855 0.008963605965671 0.0901286058000449
0.016333803062948 -0.0165163977439057 -0.0294542740438138 0.104119962185034
0.0307876153550773 0.00672681489966419 -0.0574617008015929 0.107672711503737
0.025866813051437 0.0221532990470552 -0.0420835977492516 0.147172253311534
0.0314739736413015 0.0495135893200632 -0.0359598621616456 0.0929899018794962
0.0327761928357731 0.0143559957799353 0.0258988783209625 -0.00515159632591339
0.0241223974650765 -0.0128945708424319 -0.0534777484533883 -0.0568299773247147
0.0112986850699594 -0.0189819198650741 -0.104194086923473 -0.00321459779015142
0.00204029842400192 -0.0161320619136934 -0.080493440918078 0.0731649556754272
-0.00453613972906198 -0.0188866205636864 -0.0130855245665602 0.098258483718106
-0.0165579617980751 -0.0125206230819692 0.0295487183081176 0.0779490886980462
-0.0198999432154872 -0.0093318600617584 0.0402501405665299 0.0561370034708595
-0.0210249647909696 -0.0175567191668016 0.0463112684570691 0.0464280014707483
-0.0085133813758305 -0.0308014707073054 0.0486091883802225 0.0485469298309046
0.00812706543081657 -0.0314733096698962 0.0416631660435471 0.0584317732176947
0.0369776472114575 -0.030449558373996 0.0217990393783615 0.082053290458827
0.0541440856421455 0.00525199219824453 -0.0127944494485454 0.102862064823924
0.0417577790366299 0.0544633219806221 -0.0350836401170559 0.101904474145233
0.0192138447078841 0.0794931426673054 -0.0267834205524664 0.130233609982833
0.0227286515962239 0.0956865193208387 -0.0465575083732429 0.0652250103496527
0.0473236197356611 0.0619386849193728 0.0234070803723548 -0.0169124050641019
0.0683208306586376 0.00799315201844029 -0.0531153761849101 -0.0703005457606011
0.0545780006318606 -0.0360730574600572 -0.11097056833164 -0.0169487656874601
0.0196152336198717 -0.0466419316550541 -0.0883904855515247 0.0620929349859716
-0.00475685248402901 -0.0484494566858229 -0.0233098597650942 0.0888588292478295
-0.0303620067519038 -0.0378806529162765 0.0193154495221454 0.0676384218131587
-0.0368867963189232 -0.0284989044411549 0.0306600991280281 0.0446517299478834
-0.0362897522810377 -0.0362525404558034 0.0388640938025429 0.031527287219891
-0.012918416212929 -0.0551543483990913 0.0458148861523451 0.0299398441289028
0.0166541180735556 -0.0561050152287136 0.0493846432784632 0.0373747392181714
0.0651554671824942 -0.0505022816179078 0.0414670919357892 0.0665974765993522
0.0884079561777276 0.00977331638045521 0.0102898207526108 0.0971878788753006
0.0593146162983469 0.0841982989941028 -0.0141608034168627 0.0909204722308353
0.0194475236433667 0.122983427179148 -0.0101492466653937 0.0964725389133005
0.00667492732199062 0.127303111059508 -0.0452985270205439 0.0207230506700374
0.0490861377526336 0.107084166802166 0.0247945537568206 -0.0395709468453791
0.100359167290335 0.0379254261448913 -0.0456762778050501 -0.0867107503234627
0.0975878542705866 -0.0407932877361012 -0.108202452506047 -0.0375011446385692
0.0409538757390124 -0.070248700488881 -0.0891116747150205 0.0396950386501793
0.000496707556549336 -0.0719827526996038 -0.0331116596384201 0.067454469131217
-0.0379274263709931 -0.0585915678288179 0.00666776042097967 0.0481974371060698
-0.0491526709379285 -0.0435805682097565 0.0162641502756214 0.0272303561902446
-0.0491492939158673 -0.0481647588607784 0.0259616892718901 0.0122605356402883
-0.0194065501652133 -0.0697594079359738 0.0381820686156506 0.00658354503091429
0.0162044913161876 -0.0734528352982384 0.0528349923330777 0.0102847511460999
0.0775782539815608 -0.0678388795679918 0.0571663665497377 0.0437804590625447
0.109368878927383 0.00427557585109178 0.0315883498292669 0.0854337576003349
0.0734984896754753 0.0953028008601232 -0.000471732451227508 0.0752024782874852
0.0215996246320761 0.145187764726945 0.00154919796228197 0.0531430919795634
-0.010831042169046 0.136885029441842 -0.0317362085462408 -0.0338527723795156
0.0359628912935845 0.135264171249045 0.0319854665675699 -0.0689748996785779
0.111485489491613 0.0672523415892305 -0.028414027162553 -0.102404777397047
0.124259985774584 -0.0309698373970167 -0.0906461845562047 -0.059133099304126
0.058594135137619 -0.0789020353098898 -0.0803357811313088 0.00956317594494746
0.00768748645143178 -0.0833589497516022 -0.0388556343530588 0.0358580357469211
-0.0382776523379171 -0.070282265803609 -0.0074129834016996 0.021827626553565
-0.053085649998647 -0.0519994435007768 3.55821378459137E-05 0.00517895990332857
-0.0542140810830384 -0.0531984573180928 0.0102094464678782 -0.00930746255299392
-0.0232726522811998 -0.0737527103305862 0.0262754665498366 -0.0172490988520051
0.0142856781836137 -0.07896453578779 0.0502803390341697 -0.0173874446400513
0.0790903707916755 -0.0740711765798853 0.0653122213384913 0.0199622901239081
0.112581746723924 0.000789402957638738 0.0456034276123734 0.069839007118325
0.0743314135824169 0.094470111197831 0.00389887260998199 0.0585780639410236
0.0182250551580204 0.146608807562016 0.00774766177879675 0.00924501039958123
-0.0238046413314679 0.121510659226348 -0.00789893043701078 -0.0876047857723643
0.0143126874476427 0.133496252965477 0.0433223104831167 -0.0963275111219955
0.0948265351401283 0.0819520484111943 -0.00493493873123827 -0.11156025576077
0.122739372558816 -0.0133807305206312 -0.063038596970533 -0.0751481731212344
0.0642940374121223 -0.0701699017815778 -0.0619412429253346 -0.0204366229453771
0.013459631672942 -0.0789375409091942 -0.039794207635958 0.000814944804119642
-0.0334981435310929 -0.0692559339633969 -0.0199836054014235 -0.00608318735281417
-0.0506660400566245 -0.0521729732046165 -0.0150575591222446 -0.016830903600281
-0.0517271674498926 -0.0522394260905863 -0.00587815850469953 -0.0297853985716284
-0.0230952022412605 -0.069304631264837 0.0139137706539397 -0.0396309676796189
0.013584193402599 -0.0736353346816401 0.0460096312929566 -0.0399022032712663
0.0748354397707029 -0.0660008014961778 0.0679627442916582 0.000213769876855875
0.10069835228043 0.00500570520134784 0.0518546174138151 0.054378355809636
0.0603004842500747 0.087220153880374 0.00248271689149006 0.0433703743141843
0.00751496565335455 0.128692717080068 0.0119638157530564 -0.0298681886785875
-0.027572036231271 0.0833592553266347 0.0178368446088209 -0.129916232299369
-0.00491267796132473 0.100943619364065 0.0548970056785083 -0.115948042548675
0.0618854751165964 0.0720248776937443 0.0180661519376618 -0.111098434510522
0.0946962294353051 0.000954849326981695 -0.0344812704736429 -0.0838152144776008
0.05386397430325 -0.0498244799102862 -0.0431227305837073 -0.0443465023088643
0.0137525265790445 -0.0603237343471855 -0.0386398016652394 -0.0291701437760704
-0.0244019087724484 -0.055963098208765 -0.0300678547322423 -0.0303135738575995
-0.0400397824545166 -0.0440882665234238 -0.0276034884682157 -0.036990022762811
-0.0413627556612456 -0.0448681847308885 -0.0191936323172828 -0.0485947071648929
-0.0187166699222243 -0.0574199274330094 0.00491757449678216 -0.0586198308572346
0.014370984714195 -0.0600903814638969 0.0440617380506793 -0.0578154463470612
0.0651714414375003 -0.0478465647242189 0.0701025911469391 -0.011422241734171
0.0784870983538735 0.0136512351951684 0.0539836268567285 0.0438698959831381
0.0365915924398738 0.0753033401088823 0.000331168328463361 0.0310821812584533
-0.0072233080937274 0.0955338895932331 0.0161793766475601 -0.0606901708107347
-0.0245527363719777 0.0299938185581359 0.0379843229814376 -0.152707104210743
-0.0175485184993113 0.0491599537708053 0.0588176008693299 -0.125374388743581
0.0239237344866926 0.0430299150088992 0.0317253278093348 -0.107261054047168
0.0510901141813005 0.00766877444219067 -0.0146397757545548 -0.0870309607545915
0.0319477981029618 -0.0229726028186921 -0.032791728388986 -0.0585858829070778
0.0106003640450961 -0.0313923831734707 -0.0388621722615629 -0.0483298581862092
-0.0118867094432961 -0.0334269417608095 -0.0381674452561629 -0.0459438765130222
-0.0237476476804157 -0.0291361059213845 -0.0363672105372025 -0.0511872160674367
-0.0254110092273573 -0.0316349229526181 -0.0278993166673388 -0.0628263074735988
-0.0113759565233182 -0.0396081885553299 0.00244735307765433 -0.0739087421799613
0.0137631001550493 -0.0411894987983895 0.0471950745047086 -0.0693942941059302
0.0497972235050082 -0.0246777957257312 0.0749721129838993 -0.0163735160706796
0.0476791849533533 0.0212066650094664 0.0555857382918926 0.0384751866006404
0.00936761262214385 0.055515867610538 -0.00181150742902228 0.0236666767081514
-0.0222332533609381 0.0522597472211371 0.0225653261317497 -0.0799857016354725
0.0309317524659388 -0.002008489747083 -0.015826698033159 0.108633711074308
0.00971601410376573 -0.0263516913893452 0.0333382387589797 -0.00497337355601457
-0.019041277394244 -0.0225898745942016 -0.052814509596195 -0.0528344397809093
-0.0241291464294884 0.00416029184853074 -0.0983059943097644 0.00451351395675172
-0.00847673278846461 0.0148403426348253 -0.0735840556814293 0.0796689396081812
-0.000573498651861744 0.00968445464110623 -0.0057253840448541 0.100860636649058
0.00220983957815552 0.011881690904916 0.0362674708547876 0.0815278847789082
0.00119995739396728 0.011307876581197 0.0472895746050123 0.062125478484492
-0.0045607014807284 0.00635857411321879 0.0519082734497384 0.0546420423183185
-0.00963465276403331 0.000586741114209992 0.0514901031387443 0.0589732793145434
-0.0106132073275964 -0.00563462874673434 0.0379808058142613 0.0730191040081044
-0.00336630656795374 -0.0206571601664792 0.00971331162054651 0.0945059773823194
0.017322062704501 -0.0172784495406072 -0.0301417349697581 0.10928695147619
0.0331742455382456 0.00708618633729651 -0.0602337601629883 0.112846569233909
0.0274100825721297 0.0228897548260465 -0.0427911337742575 0.156061748146578
0.0334485936376879 0.0511710078280548 -0.035503763825063 0.0998609202512369
0.0349229404476521 0.0145522624275956 0.0285346313326884 -0.00607020576431393
0.0256217887935573 -0.0140100801335177 -0.0560792485449162 -0.0598184511373363
0.01166533106412 -0.0209926605551797 -0.108842038683345 -0.00219736835713001
0.00234307437880003 -0.0171975804076602 -0.0832075962383948 0.077965127111915
-0.00585453833878857 -0.0202017013897925 -0.0127611160788862 0.102657415190479
-0.0178177969484835 -0.0129833120902093 0.0314740901079743 0.0810606495344007
-0.0203707133751902 -0.00941490141632906 0.0431891789813294 0.0583216035244492
-0.0221832324871347 -0.0182318747929747 0.0491952647335504 0.048411630694529
-0.0096200703028582 -0.0320199473814901 0.0513411295820093 0.0500963672757571
0.00832475238021618 -0.0333331650022861 0.0438472309776009 0.060748988253512
0.0391000433682669 -0.0328142832538926 0.0236909269798388 0.0852042015723028
0.056969807688869 0.00441176601721317 -0.0122705728522658 0.108119362491826
0.0448196271833795 0.0569401781337839 -0.0368109862332946 0.106668198270667
0.0214694800118007 0.0829261970890766 -0.0276325961049089 0.137452098445088
0.0249722469465429 0.0994191104504842 -0.0471001376798486 0.070072544596799
0.0507959447075817 0.0644336167455467 0.0259218851994161 -0.0181610076857828
0.0711784135582282 0.00706701729448542 -0.0559691649725892 -0.0731301089543684
0.0569793843597466 -0.0394746498640693 -0.116597897830481 -0.0167221085408231
0.0200440939993683 -0.0497508827894675 -0.092227506720691 0.0659754914484116
-0.00615480326356277 -0.050784218286876 -0.0230139753265641 0.0923539912287511
-0.0326459566565438 -0.0389967076928726 0.0209226484147668 0.070302205440439
-0.0392794632862893 -0.0286643642662436 0.0325407008714614 0.0465647000156595
-0.0387475293071636 -0.037499882525833 0.0405500825587447 0.0327136386450604
-0.0148172615002437 -0.0578095619421339 0.0486499169612466 0.030907886426359
0.0160180028808723 -0.0591479186738733 0.0522047072974116 0.0384291927235186
0.0672712823776988 -0.0538088323017649 0.0440010270389149 0.0690027315478109
0.0932164340599424 0.00832731948768409 0.0119342064656407 0.102150370278793
0.0635061058946851 0.088319365709654 -0.0143936925689564 0.095219853417568
0.0218469660395603 0.128220654014385 -0.0102734564110072 0.101743158442933
0.00886885087492306 0.132994746714178 -0.0466219444401707 0.0229305522256456
0.053114496580296 0.112516311232066 0.0269534628456457 -0.0414658073075294
0.105885853204902 0.0382784390601462 -0.0486140381637918 -0.0910053307551136
0.100994474762986 -0.0450458426922517 -0.113859002442195 -0.03817543787112
0.0420014604157881 -0.0752362459150701 -0.0936488654924033 0.0428355855637384
-0.00100488779159002 -0.0759752845070063 -0.0335872999022492 0.0707730691814577
-0.0411585323386358 -0.0607068218788702 0.00692466005622851 0.0500816194628236
-0.0519797163427752 -0.0442325283746914 0.0174517160531276 0.0283137992140138
-0.0515721489783664 -0.0490224017207575 0.0264834948802698 0.0120883727261806
-0.0217509838247284 -0.0726008542827513 0.0407022281304565 0.0065383078471492
0.0160514587549651 -0.0767241477818821 0.0555627072048225 0.00980891528222787
0.0802909979550399 -0.0731549408744615 0.0609746972196245 0.04500602972928
0.11475083731199 0.00237241919640655 0.0345003344774409 0.0896758205301421
0.0785346853773522 0.0996878502920629 -0.000189430154615029 0.078697050704376
0.0245733466704349 0.152150933241728 0.00149737863334038 0.056490229924448
-0.00907692982783853 0.143501609846629 -0.0323749390698451 -0.035441476620901
0.0393141474538281 0.141921979826401 0.0341919483024143 -0.0721820598113326
0.117130084886495 0.0687856538835765 -0.0304405633913633 -0.107061109735881
0.129693200036236 -0.0354790284650498 -0.0957101442977385 -0.0606886198834085
0.0603072595288 -0.0846705753121611 -0.0840486795252684 0.0108035676915484
0.00658753654414838 -0.0880519295674304 -0.0403494054966397 0.0375429286158762
-0.0414945437098155 -0.0726910049291928 -0.00826942733366406 0.0229605946537608
-0.0565543638161651 -0.0528405443909918 3.79903723113455E-05 0.00546160962972715
-0.0569463355335292 -0.0543671182412245 0.00933584650764071 -0.0101813112752897
-0.0258889942916471 -0.0767840831065968 0.0274697254093164 -0.0189056268663534
0.0139915301973333 -0.0829142984665119 0.0527217500589 -0.0185623108115591
0.0820991446429532 -0.079413522851374 0.0690660342798979 0.0195642934972427
0.117861508847739 -0.00114721724997332 0.0495049138198208 0.0726381478411165
0.0789975320061737 0.0984494113598545 0.0042637192697075 0.0613954261770355
0.0213417011639608 0.152910064748337 0.00762618819999836 0.0099202512615252
-0.0234582385014377 0.127128014999907 -0.00858732151582469 -0.091828933419699
0.0172227743999633 0.139894369362686 0.0459930652874673 -0.101376453714286
0.100635133329041 0.0843743269293386 -0.00552400687845356 -0.116209712631274
0.128752924636133 -0.0166995284375814 -0.0669627394497496 -0.0781969042403286
0.0666454553219271 -0.074766195524255 -0.0653696963552095 -0.0215021703386164
0.0127699799381278 -0.0836407884469252 -0.041880060196372 0.000470796109476349
-0.0363855908133697 -0.0720185528190182 -0.0219282974923659 -0.00575723838502038
-0.053641565758595 -0.0530288897133175 -0.0167506697696821 -0.0177798584717906
-0.0546467012279796 -0.0529800482127013 -0.00731797732100229 -0.0311572111970689
-0.0255435273986937 -0.0723332759506862 0.0146128306884063 -0.0414800479343844
0.0131298320006189 -0.0773673210177932 0.0474985717687301 -0.0431794639868287
0.0777421756003632 -0.0707386920413686 0.0715528838626311 -0.00080393235679132
0.105068733744247 0.00294862315232621 0.0557695096958594 0.0570579913606268
0.0643469739050593 0.0913034346838111 0.00328718289314806 0.0457685244804871
0.00983375811478103 0.134314071854511 0.0112044940339106 -0.0314521749083304
-0.0276373700979733 0.0868510360559432 0.0174088717378854 -0.136736962842396
-0.00378586623325561 0.105909272020762 0.0575044173915093 -0.122120608066154
0.0651235359415521 0.0739631875159388 0.0183952317829118 -0.116277441608965
0.0995633441761909 -0.00157305706634554 -0.0364338509953083 -0.0870969552466488
0.055720270942096 -0.0533811931664305 -0.0457873393978791 -0.0462009757179252
0.0136556147830426 -0.063456536242911 -0.0410545599744046 -0.030561842497029
-0.02616570494862 -0.0580978291933438 -0.0325126856532333 -0.0310096361525448
-0.042354949405487 -0.0449284491872263 -0.0307979985315918 -0.0380673455090001
-0.0436279654638165 -0.045831616581741 -0.0210547880753361 -0.0511075741047009
-0.0208002105707195 -0.0600578225562605 0.00496935962994717 -0.0615938759047933
0.0142806562645305 -0.0633906960799297 0.0453560543656041 -0.061045249601094
0.067388961178682 -0.0510674660247455 0.0737957386780106 -0.0135805214426029
0.0818192141375171 0.013115078070868 0.0582126696955619 0.0452749684331211
0.0388518322979492 0.0784982326025384 0.000507999942985626 0.0329994881766296
-0.00658473208909938 0.0998629177006506 0.0149395258787166 -0.0642655991953935
-0.0255538445473801 0.0310815375401471 0.0387048895905027 -0.161998915501928
-0.0183815807299978 0.051518853991233 0.0611897311821938 -0.132686092757536
0.0248495355671915 0.0449086138645444 0.0333473480695403 -0.112956360253611
0.0532483707464188 0.00643852948239362 -0.0162418011247161 -0.0909216393599967
0.0335954781780667 -0.0248117416968451 -0.0348015562865244 -0.0611181048765617
0.0107746944244646 -0.0334737717446511 -0.0419417676349656 -0.0503422754348729
-0.0135236810666562 -0.0343721687851898 -0.0409400840775388 -0.0473246303158243
-0.0253057538828108 -0.0297039762813296 -0.0403657107942264 -0.052322513106597
-0.0271752595530008 -0.0318158195479654 -0.0298844921703231 -0.0655163760231773
-0.0121158522681781 -0.0409369227659892 0.00188846654711607 -0.07743282771625
0.0141512208976888 -0.0433479123384891 0.0489058893393156 -0.0726660881095948
0.0509457285370896 -0.0270087650637083 0.0788974006310747 -0.0179947059626753
0.0501200202143963 0.0214223020416287 0.0593252543504299 0.0398827575900281
0.00971015379532188 0.057640454033694 -0.00154563460160151 0.0253420631526765
-0.0225434702576187 0.0539719887661027 0.0216078934363657 -0.0838775952102385
0.03268290243471 0.00496146057498187 -0.0324414241832855 0.108005400753557
0.0143292248044354 -0.025360462879294 0.0359808750609132 -0.000769452552969313
-0.0161562925974701 -0.025089039215055 -0.045768499319088 -0.0643220913921821
-0.0255421380466387 0.00159465285859874 -0.103895545862614 -0.0119043397860564
-0.0104323900103694 0.0147257636186369 -0.0894814789704347 0.0710255033075608
-0.00128831923407014 0.00998122099882577 -0.0228793903946879 0.10269767717434
0.000396012903323798 0.0121751955703555 0.0241486518828617 0.0903667180319639
-0.000465836324571921 0.0116402711198517 0.0388711020074757 0.0719734454171437
-0.00643536395175822 0.00538437083705446 0.0452141632696358 0.065516930437491
-0.00949728290268214 -0.00170016250864298 0.0437314666767078 0.0689554641660982
-0.009031552998678 -0.0075411549089556 0.0273782888048947 0.0813152906468646
-0.000278819537806489 -0.0206352212157927 -0.00603277508486139 0.0994800615991612
0.0205729067505817 -0.0129141533433613 -0.0492933846430947 0.106112047599385
0.0314707382060757 0.0153420475862434 -0.0829910881642426 0.103551198336898
0.0243251067290332 0.0312142684637797 -0.0741723652555631 0.151082846919883
0.025217100090317 0.0584759372886959 -0.0514552381909988 0.0973600619712097
0.0320331810151319 0.0203084171534573 0.0322087010704662 -0.000994830017182173
0.0267993455965091 -0.00919182429517225 -0.0452842343504069 -0.0714194283934968
0.0145397342164956 -0.0169707613711575 -0.110655609083736 -0.021097593323797
0.00628440280340596 -0.0151062184847766 -0.0986367044330169 0.0658565244562184
-0.00175190505386132 -0.0210264309856152 -0.0304045533618771 0.102262974306968
-0.015312744406513 -0.0161785826138765 0.019205170946841 0.0882061241829425
-0.0181035384733915 -0.0131398239473172 0.0346533397386718 0.0678555201850669
-0.0192636095420296 -0.0229023275394005 0.0438382285523972 0.057773057894205
-0.0036462333471092 -0.0344598757861031 0.0463785654813901 0.0596344430888206
0.016177890680051 -0.032212672726531 0.0345936645377846 0.0707985959798743
0.0453621036587725 -0.0258627997375266 0.00817391917847535 0.0937137605965382
0.0568227836367374 0.0178885995745406 -0.0324205337183118 0.107369066668845
0.0341600151567216 0.0694119011589288 -0.0584147921447363 0.0989183145761318
0.00530864169138934 0.093549287737422 -0.0533996585041475 0.131695181148971
0.00695032396594289 0.105832918473769 -0.0585386400298746 0.067125008775119
0.0397998313068874 0.0731107505979313 0.0320956494755819 -0.0120841585194435
0.0688164347346052 0.0198468295859762 -0.0400779682369408 -0.0829687640117282
0.0624726165660406 -0.0288282412755836 -0.113058585789845 -0.0377443485213477
0.0297611972423114 -0.0451969934160087 -0.105245921807534 0.0497959390507508
0.0031156716496813 -0.0525400035000754 -0.0393107095686629 0.0901700016799713
-0.0261411060841408 -0.0445422056894885 0.00983225493182122 0.0739505005505428
-0.0334996489364848 -0.0367912394798522 0.0253065432280416 0.053540947852866
-0.0323242435874106 -0.0452047038004554 0.0374990818811574 0.0408437225325142
-0.00414774293966461 -0.0614813071582282 0.0467685091793738 0.0408245371351758
0.0294692680866638 -0.0573088368767589 0.0458654853008595 0.0500512265790047
0.0787786730338612 -0.0428542308470859 0.0303017381545425 0.0818051432215052
0.092971856219728 0.0294106427318447 -0.00672225008118788 0.105825532068101
0.0475271860743616 0.104547792475442 -0.0343449935183199 0.0895743622433974
-0.00274289372544787 0.141101342290934 -0.0282187399770806 0.096197657792133
-0.0161793285302139 0.135555519464239 -0.0510353448553891 0.0205376736719504
0.033093273406576 0.121189576081897 0.0371200997656574 -0.0340746918066249
0.0975970611013297 0.0575899531280576 -0.0268624970738154 -0.0979276097007559
0.107323273161862 -0.0273461728417926 -0.103049833636905 -0.058520444937771
0.0558662714859067 -0.0662517438409603 -0.101639743053768 0.0239502138550516
0.0121110010943649 -0.0774061543504951 -0.0462629882602587 0.0646124922049141
-0.0307910943629538 -0.068474769587138 -0.00149688362696702 0.0508702997464716
-0.043636979345986 -0.0548854956359544 0.012678583196851 0.0320233709290821
-0.043500687279029 -0.0596600252058508 0.0266074356138263 0.0177220545012431
-0.00848709692158252 -0.0780597748998663 0.0425924837295405 0.01376512027829
0.032934041022163 -0.0754028663821213 0.0544303121412592 0.0219529590169018
0.0958046526605192 -0.0606449132132649 0.0516341275873608 0.0616055717942677
0.116505012397204 0.0271953264629766 0.0186273439279031 0.0966669090438706
0.0608452005214215 0.119236982377345 -0.017381866472738 0.0747078527687486
-0.00442010285810883 0.165578861393885 -0.00695185759540905 0.0499723425891151
-0.0377835438199542 0.14209466937341 -0.0278780445531125 -0.0350224902640074
0.0143407349658982 0.148067616557275 0.0488757261715307 -0.063056504865913
0.103131563835334 0.089725183877072 -0.00537327380881601 -0.109651735655217
0.133342498819595 -0.0132671438849389 -0.0794320494690993 -0.0782598910756587
0.0753625938146811 -0.0727006350401907 -0.0860843778060036 -0.00794943195840037
0.0224125022216104 -0.0884383266235264 -0.0474217594239214 0.0293121052429112
-0.0295276385928702 -0.0809160780557218 -0.0121842781407032 0.0200475740828284
-0.0467214528207911 -0.0645661344389512 -0.00187381606176337 0.00587933113091864
-0.0479802515789082 -0.065376483382726 0.0128003456328133 -0.00844426380712852
-0.0122736814202022 -0.0839212869513911 0.0334954747792501 -0.0138621922703122
0.0321887777216215 -0.0820056405591598 0.0559216513763817 -0.00811982221502353
0.0992709312382456 -0.0670954403170841 0.063693742474968 0.0374890472450114
0.12056720566363 0.0241319891155589 0.0363046490534132 0.082039945912224
0.0612851557930551 0.118279744212993 -0.00947635009251228 0.0584608719891529
-0.00832001783068415 0.165068690027087 0.0075033617706765 0.00328160412315671
-0.0485071610823088 0.122034210008013 0.00588710533821837 -0.0897157519346198
-0.0089642842773688 0.141393734779541 0.0648640508851684 -0.0910749935772143
0.0826111219960562 0.101235062242399 0.0204530203481446 -0.113042974909714
0.128912617319842 0.00441952396500371 -0.0465089106905872 -0.0892613052495347
0.0797467564976554 -0.06312607008274 -0.0604637755537944 -0.0373751187991695
0.0274035967157086 -0.082861782938123 -0.0432933792627742 -0.00873842437452807
-0.0242227694589064 -0.0785555525070536 -0.0211407781759158 -0.0123628130683145
-0.0445944834007533 -0.0642146084912239 -0.0151099804020267 -0.0210704033966755
-0.0455247252956708 -0.0640655473983659 -0.0011885659990922 -0.0332605684892746
-0.0128944461293067 -0.0791742713450717 0.023230534534479 -0.0393866722964716
0.0298655831713536 -0.0774103961688203 0.0543194378002259 -0.0331042842922473
0.092794576168836 -0.0592463786176947 0.0707081991131893 0.0168170556900701
0.106809472192587 0.0256429487714917 0.046336629695443 0.0673569657442085
0.047409653245228 0.106864592439466 -0.00713437398120027 0.0426237106956195
-0.0169638480950286 0.142445690821909 0.0190250073727212 -0.0377563346791063
-0.0458749580381047 0.0794186065245389 0.0402122818209652 -0.132140842489388
-0.023926790735432 0.103821137063049 0.0796279005967435 -0.111505016658981
0.0499206566762904 0.0841340469996491 0.0424749673600881 -0.110617710719466
0.0970918458142322 0.0142709453606849 -0.0157241272072747 -0.0933943093494257
0.0644384337789315 -0.0431309196490331 -0.0369905898329043 -0.0588266074581584
0.0248760549814303 -0.0624032148287582 -0.037514515394207 -0.0403166731021413
-0.0164286874669914 -0.0632652131873064 -0.0289620277967963 -0.0396179123303147
-0.0346042221466609 -0.0537247041232161 -0.0257328178986894 -0.0442998206316265
-0.0361234551871325 -0.0545834721538278 -0.0130968298264118 -0.0558159762733209
-0.0102065169231102 -0.0652598968665578 0.0167596862456321 -0.0617608562538573
0.0283810239190168 -0.0628471937800399 0.0551724868672904 -0.0528570607189084
0.0797955193289919 -0.0405039747934341 0.0751967021346802 0.00232430814388743
0.0807737332483098 0.0305782616875701 0.0508609049245752 0.0553954645014867
0.0241486829600011 0.0887397377563532 -0.00674595032286184 0.0303858039385462
-0.0274026465102944 0.102641373469545 0.0289726394386535 -0.0676351886744846
-0.0338975214337902 0.0233157442304405 0.065285155069219 -0.15644404876627
-0.0287762142384891 0.0460569393337204 0.0844228481361935 -0.122712442483171
0.0153081955201274 0.0474714674824773 0.0542613240707932 -0.105515569858482
0.0496363741462968 0.014625876307136 0.00309233146585804 -0.0936235363748725
0.0364219176368016 -0.0189553872250865 -0.0234019274953174 -0.0703152132069829
0.0162660743336996 -0.0329396497038242 -0.0343438696971182 -0.0598658238625806
-0.00739940049683191 -0.0369962424624511 -0.0340748114457846 -0.0571657010747204
-0.0201232566199677 -0.0349287972912563 -0.0330902888468339 -0.0611927767034411
-0.020840804930647 -0.0375145666455755 -0.0197061635138566 -0.0729414101657025
-0.00523316149751786 -0.0447085767131565 0.0152510379824135 -0.0794577494100084
0.0236824198367242 -0.0420139105706919 0.0610906659864179 -0.0650671217173621
0.0588877437260373 -0.0188397127698437 0.0818528740250532 -0.00218723704382497
0.0464294767216647 0.0334261157544504 0.0537479477357106 0.049775836757261
-0.001331181188052 0.0617113392458272 -0.0062476023641938 0.0231085144973432
-0.0344570699026981 0.0511289796880833 0.038253875606145 -0.0846999400638478
0.0319147066583461 0.00215875238248478 -0.0234740292198902 0.110018189348807
0.0122312377977913 -0.0264812637087986 0.0366345448497844 -0.00408340016442395
-0.0177934008679673 -0.0242469755990518 -0.0496350663091534 -0.0612338504920122
-0.0251751617717787 0.00325418209351295 -0.103217552428279 -0.00497439727479912
-0.00939092389966086 0.015279519969264 -0.083789663856174 0.0768495877297991
-0.000932722948085725 0.0101090024481852 -0.0157149537287465 0.103048532646811
0.000897277572032967 0.0117487973745946 0.0304081380127866 0.0874494607449418
0.000804151556920817 0.0114585823161604 0.0439361826320578 0.068690036393545
-0.00565171235959971 0.00552125394804133 0.0497089934954154 0.0612224472635539
-0.00910231640253604 -0.00104878514775807 0.0483273168485231 0.0646639900053078
-0.00944508667489705 -0.00654868422283119 0.0333545630212621 0.0791551452208237
-0.00148985810145337 -0.0201689986241377 0.000652345635347208 0.0991241422174636
0.0202287892723668 -0.013946935946335 -0.0431082908722045 0.10806194369821
0.0332863965779093 0.0130956166003593 -0.0764111010426957 0.108052159167606
0.0258511510957805 0.0288805685179001 -0.0630409579163786 0.155996725038236
0.0285733842534667 0.0557945129241386 -0.0425395638034267 0.101042493875776
0.0338645912889256 0.0178787528684985 0.0321981870154256 -0.00358653831716685
0.0263757033401965 -0.0111094629710038 -0.0493638545171511 -0.067702556138435
0.0131297548663877 -0.019108303714463 -0.111193126437785 -0.0136455101941378
0.00467124584739021 -0.0162668198536633 -0.0939591694201449 0.0723068558858418
-0.00351628819121913 -0.0207666753824413 -0.0227626012637313 0.103611664468382
-0.0163794282169716 -0.0145815024407421 0.0249723073734286 0.0856678238547883
-0.01868545948238 -0.011919834032254 0.0396256087388763 0.0647927376359727
-0.0207754216495718 -0.0212814828214208 0.0478341002160302 0.0543862915582057
-0.00566455384498589 -0.0342528344352737 0.0499773089442206 0.0562048409551516
0.0133448392210987 -0.0332017947529715 0.0392090044556217 0.0684918897653642
0.0429210198515165 -0.0292246708909004 0.0141461727703902 0.0930277827502035
0.0581861169083652 0.0133711627708351 -0.0246006769864318 0.108419910237703
0.0393356606262801 0.066246531056249 -0.0520516333436563 0.101813094999732
0.0116981769664381 0.0918752204335392 -0.0435259669649995 0.13520305700446
0.0145392244345416 0.103988135504437 -0.0521815174527341 0.0717388798312101
0.0452505972832373 0.070108345519895 0.0317448266018092 -0.0141297962396247
0.0694030055783966 0.0144396019046549 -0.0449137847419087 -0.079982566977893
0.0593231931546248 -0.0338364259743418 -0.114259129270296 -0.0297311931287706
0.0254171300456789 -0.0472770019720634 -0.101375165425415 0.0570424118733848
-0.0011858859873813 -0.0526015599569714 -0.03238581912077 0.091933819652545
-0.0295217315786872 -0.0421468448823652 0.0147738383884029 0.0733602746801992
-0.0358171759028352 -0.0332289031110928 0.0288321769917072 0.0521011802236904
-0.0354978747927454 -0.0419454864333308 0.0402663853113668 0.0379521604737684
-0.00895871396079388 -0.0613320751242019 0.0492312348340658 0.0363947939864752
0.0250134639486972 -0.0589086838155232 0.0495518873022749 0.0470155986815488
0.0747146375454713 -0.0487369252430579 0.0359643562375779 0.0793921060236029
0.0944145975163764 0.0218218532785096 0.000738623959658026 0.105340327365529
0.0551627573193032 0.101205107704821 -0.028177076150283 0.0905713292436819
0.0074963791337205 0.139533972992109 -0.021572679830338 0.0979886629248809
-0.00676347575834926 0.135508486903567 -0.0484660206845063 0.0247453080399061
0.0424901014293768 0.118667211980839 0.035340896532775 -0.0363661601027357
0.100631302341784 0.0487805035528207 -0.0328791133154962 -0.0952193012197867
0.10420982464267 -0.0364308736715254 -0.10607052542015 -0.051097349697211
0.0500190790296958 -0.0713173707044932 -0.099501553555978 0.0311627255953258
0.00618275657939644 -0.0780175205723079 -0.0413123399469424 0.0674723734665571
-0.036108698068201 -0.0654006472382654 0.00141979316278464 0.0505022822810898
-0.0474733244238593 -0.0501960019696669 0.0145563247664519 0.0313447670753924
-0.0473199506445088 -0.0554964167312935 0.0272282422092032 0.0153983003602657
-0.0150023531484605 -0.0771567814456019 0.0431642056014379 0.0107677434708655
0.027015459932252 -0.0774935680789871 0.0550588249868377 0.0183168709933883
0.0901210310830044 -0.0681399410424487 0.0550966257630724 0.0571710438759614
0.117413650629823 0.0177836034078745 0.0254049078904417 0.0945393931751014
0.069565521140033 0.114944328550176 -0.0121109271109077 0.0753626362622544
0.00711598609134576 0.163919402088264 -0.00458025709496289 0.050420379057547
-0.0272583256425566 0.143479114080768 -0.0295160098043621 -0.0327306883115193
0.0252578766211879 0.146642844206823 0.0448724964118925 -0.0652689604398221
0.10845943639914 0.0810921357445193 -0.0120354199921124 -0.108073302846024
0.130786788663012 -0.024593602169313 -0.0831233093577068 -0.0716587420185586
0.0694153587193072 -0.0785506060510623 -0.0857642412467838 -0.00255573485733555
0.0157120101534321 -0.0899280890501561 -0.0455284497481399 0.031862618754706
-0.0355587377609852 -0.0779861056003191 -0.0117856475952012 0.0209173277199455
-0.0520536977236092 -0.0595897993328697 -0.00131255368103695 0.00644551958069795
-0.0523921783889053 -0.0611608890512794 0.0112399601888224 -0.00908374498488501
-0.0185720682350623 -0.0816558210140683 0.0322962758382515 -0.0165502806194794
0.0254646568465411 -0.0836014099493865 0.0550974086131751 -0.0113477084563513
0.0931139994577897 -0.0747647916204249 0.0662772616819071 0.0321347404077531
0.121107689172033 0.0143835285007636 0.0428865845253896 0.0789874370965661
0.0699566002177721 0.11316165016304 -0.00573420868205056 0.0579009549940207
0.00365643038087513 0.163823902356734 0.00669169354847883 0.00312786913610181
-0.0396128549510065 0.12407177071008 -0.000656679469484231 -0.089176664873365
0.00184977534061028 0.141548776255402 0.0581813883923981 -0.0944600033076387
0.089271244089987 0.0938050783547148 0.0130671352848825 -0.113713503504805
0.128017935082523 -0.0066817567687885 -0.0514962381300521 -0.0857872503522065
0.0738674477321227 -0.068893619933348 -0.0630680465999806 -0.0332561641384098
0.0207215549534521 -0.0850639947033453 -0.0438711159645257 -0.00615674228500471
-0.0299806130976472 -0.07639603884855 -0.0228868847420271 -0.0103095732912269
-0.0488160809180234 -0.0595104346004187 -0.0170765448467506 -0.0191078044757666
-0.0503133742768661 -0.0596526703137252 -0.00422634789293886 -0.0329372359573093
-0.0189336204648368 -0.0773035109752242 0.0205647608926154 -0.0413199251296549
0.0240639994319602 -0.0788109384113281 0.0512626219332534 -0.0369850408371679
0.0877219080670917 -0.0658790542217166 0.0712087473868663 0.0112947384840336
0.107288481355611 0.0175717645596313 0.0513495274608914 0.0633142600900668
0.0548377914390759 0.103033181649854 -0.00412505971597503 0.0431393962714206
-0.00619625528207884 0.142266257585569 0.0150899924189304 -0.0386133444501526
-0.0398142616790937 0.0819389006716892 0.0300856363908505 -0.134678906202042
-0.0161740014475679 0.104616248544764 0.0717867848097856 -0.116032159534279
0.055327164396076 0.0796805370867007 0.0356973825201531 -0.112129730872813
0.0969352799197406 0.00603151976925962 -0.0213227148617124 -0.0917393321993453
0.0606856975413897 -0.0480775730632497 -0.040389263639992 -0.0560654936863352
0.019541718250605 -0.0642806374876295 -0.039869964184987 -0.0379505883677512
-0.0214038628523468 -0.0611466014841486 -0.0321237626694461 -0.0374281120683821
-0.0388378993400417 -0.0500415514103458 -0.0298918519176057 -0.0416503748225618
-0.039963100293317 -0.0510114999468863 -0.0174880943318867 -0.0544372250302391
-0.0150318836264469 -0.0641424052858699 0.01199216558523 -0.0628154954844895
0.0232539599077808 -0.0642352854960991 0.0513082351149604 -0.0557220612242887
0.0757707428064215 -0.0467554848798977 0.0749180483207321 -0.00275983851242321
0.0812406686875554 0.0249759954540035 0.0555052026075965 0.0514783754575178
0.0303696636390587 0.0862804681021776 -0.00449349615752836 0.0303602218487103
-0.0186596265262295 0.103026889549406 0.0226859755706696 -0.0696837516571954
-0.0316531795717522 0.0249046563117479 0.0541901524838967 -0.161303414214045
-0.0247810153695922 0.0479128139202864 0.0754832067875931 -0.12749891655991
0.0182620575089128 0.0456988193586039 0.0477792323609182 -0.10881212340093
0.0500812082849989 0.00982609725981023 -0.00274207983185938 -0.0941177281521764
0.0347224426600979 -0.0221803056216408 -0.0277923063827579 -0.0689551451815506
0.013784395212044 -0.0339272667175574 -0.0392073921004829 -0.0576073912154775
-0.0102005381112241 -0.0362096845047226 -0.0393655330738584 -0.054614354845583
-0.0229370547815325 -0.0322624410693942 -0.0383921045831259 -0.0573327566141093
-0.0240779112811572 -0.0352156098413404 -0.0257030531204291 -0.0702039514636644
-0.0081891463697889 -0.0433272691818853 0.00987646026390715 -0.0800326680748072
0.0200882287450215 -0.0438447057761576 0.0561331105701225 -0.0686660508773244
0.0566607298025661 -0.0231902894869472 0.0814593575244671 -0.00794515969317956
0.0475640954169997 0.0303611408907966 0.0580067881562728 0.0460200180946793
0.00313656382619038 0.0611012396506616 -0.00455722522466528 0.0236178733632873
-0.030130970488746 0.0516555928976039 0.0306631756522626 -0.0868731279301735
0.0302280936731427 0.000181904412127383 -0.0157414246194506 0.106128814529791
0.0105828977428884 -0.0256193983368339 0.03555378286413 -0.00615920551572826
-0.0179807589420503 -0.0217097131781609 -0.0498465671622992 -0.0568492948706654
-0.0241122366102355 0.00433819733552223 -0.0986585216471118 -0.000262354188023828
-0.00820960776659301 0.0148570225169285 -0.0766103229873824 0.077355853662285
-0.000626236843770598 0.00988879569503608 -0.0103980623370399 0.0993001806487988
0.00106130921952266 0.0112312710296044 0.0337406481241446 0.0810085869783179
0.0011601226808351 0.010231040966874 0.0457438524924073 0.0634409039118341
-0.00561732970921945 0.00586348389370569 0.0517216945963686 0.0564428316646366
-0.00910947351948309 -0.000659508873849449 0.0494088842666825 0.0602490170336457
-0.00900579477457123 -0.00599524011836658 0.0354669748445692 0.0741511962246686
-0.00251901758679274 -0.0196601251834646 0.00526759028252303 0.094579113206628
0.0191957909563497 -0.0145470730842656 -0.0366825408428368 0.104594783059935
0.0331595447269187 0.0107369593847971 -0.0692701885601883 0.106469855009198
0.0258491822583679 0.0258896601646648 -0.053398346543977 0.153177235102111
0.029458312491675 0.0517664878081778 -0.0347770159438223 0.0990663822880088
0.0336634861230818 0.0150984466260182 0.0319619224950411 -0.00532402961817413
0.0244129668119934 -0.0118908218861461 -0.049878863390229 -0.0630527078414483
0.0113442999371361 -0.0195324670034492 -0.106678345707435 -0.00791711213838752
0.00355897468377866 -0.0160589861860606 -0.0864198034592301 0.07341047948546
-0.00501854569156843 -0.0193154020430407 -0.0171546311714781 0.0998288197835867
-0.0167645541858245 -0.0135848239542513 0.0282096390802928 0.0804109272964478
-0.0182924790686873 -0.0100699633935445 0.0410535821220278 0.0603002623755912
-0.0212562072733745 -0.0192409171986317 0.049164706346861 0.0497561974530411
-0.00739142646351205 -0.0329404801491286 0.0505532069635464 0.0517388823682269
0.0114306599397943 -0.0322842133709906 0.040899759706468 0.0638991840621829
0.0392682538174794 -0.0304603963365847 0.0181265210908799 0.0878339064000924
0.0562053152292147 0.00998819729205115 -0.0184106913817046 0.10463277144661
0.0413025031790727 0.06223246494255 -0.0465809409989723 0.0995656085060294
0.0157407706184001 0.0867715214171442 -0.0362468854646184 0.132509835639731
0.0187094365340201 0.0984157094709872 -0.0451391025464628 0.071843783309052
0.0470563772716074 0.0647593566164308 0.0306134144828859 -0.0148906272837277
0.0669415737481802 0.00968289444105729 -0.0456773131705135 -0.074720473809652
0.0545513607651694 -0.0363271364860831 -0.110164288722037 -0.0233016057758381
0.0218502469754888 -0.0475013491992618 -0.0941878280940393 0.0594446546196886
-0.00421729259684709 -0.0501825920878551 -0.0272188409183112 0.0891252460486443
-0.0305586068855248 -0.0387384062436201 0.0176260564279384 0.0691396074548478
-0.0353669323919171 -0.0296503032596526 0.0304064493231018 0.0485824836421989
-0.0364114660644038 -0.0382496342148501 0.0402747434053976 0.0345975337284622
-0.0115848146640252 -0.0580483995696853 0.049165075570248 0.032478980203493
0.0207294426937571 -0.0578024795827146 0.0495049849314007 0.0431869070148526
0.0687929953488397 -0.0507474974880042 0.0381922281536782 0.0739995698031526
0.0915595854239179 0.0160590643472021 0.00621794301562445 0.100421835014931
0.0577393901841957 0.0945723988350498 -0.0236341178780108 0.0878883883416204
0.0138027225223805 0.132043818293239 -0.016609953757527 0.0954913195280095
-0.000207579626394234 0.129929969645861 -0.0441199150039404 0.0265976621997748
0.046737998309302 0.111212576774582 0.0332706402298442 -0.0357915466606625
0.0987140125490396 0.041243901475964 -0.0341216151242216 -0.0897945984820192
0.0969542225367024 -0.0410517847447644 -0.103470933567318 -0.0441941213254872
0.0439742555299284 -0.0716375716043288 -0.0944396307208077 0.033890252589529
0.00118679214103771 -0.0747193171145454 -0.0368737180666494 0.0658589938258497
-0.0377590562392491 -0.0603832064992508 0.00358898196535206 0.0487578347002191
-0.047392040839433 -0.0449937291587551 0.0157493867712097 0.0297993052014415
-0.0482924879057116 -0.0505172677220841 0.0267533022531717 0.0140085102655264
-0.0182241852202667 -0.072808537694697 0.0418460996328553 0.00791803674123784
0.0218865998581473 -0.0752742061691507 0.0537065409474742 0.0148667059748213
0.0823945575182002 -0.0701628196677228 0.055671345002519 0.0516573640277954
0.113091089466252 0.0111479532466129 0.0294078461858252 0.0892455283163954
0.0722533842837512 0.106888947797314 -0.00884100762332797 0.0720522266348832
0.0151992420245652 0.155619442533292 -0.00295327958357727 0.0488592331793639
-0.0190548044584389 0.137775314806883 -0.0289677118592244 -0.0300419813511374
0.0317294978513851 0.138904867704251 0.040580533051342 -0.0645087711586909
0.107694691345263 0.0712872820764338 -0.0150872442425008 -0.102481645620928
0.12346130155027 -0.0313068613373808 -0.0820943846538438 -0.0649675171137572
0.061972402724677 -0.0802403267354946 -0.0829724175337537 0.00223751470121161
0.00925659042950265 -0.086687640785471 -0.0421621869812362 0.0325972292706894
-0.0383802368254039 -0.0727739856466004 -0.0107445715786081 0.0205366764068879
-0.0527387203073071 -0.053404091259207 -0.00102122630539483 0.00683115732033985
-0.0539467625475022 -0.0556220758471328 0.0101843390797423 -0.00902406265575944
-0.0220592711832767 -0.0777849381086357 0.0296603410564085 -0.0169891218322184
0.0196612828238413 -0.0817003395669479 0.0520890443753566 -0.0133302452528328
0.0846202622514233 -0.0769735995378435 0.0647712836458594 0.0276159078053203
0.115839571608632 0.00773448662944173 0.0457489668360855 0.0734706865268263
0.0724253317813275 0.105916340097815 -0.0032580028822726 0.0555498845034076
0.0117392438321471 0.1550191901804 0.00564343488411816 0.00271300204734698
-0.0324686138726008 0.12037608848934 -0.00373803318651541 -0.0864743502988068
0.00870519458093458 0.135564919662601 0.0525409613951305 -0.092960012324335
0.0897291838143344 0.0854312474827979 0.0087884089113339 -0.109099596892963
0.121591884583542 -0.0133241618208628 -0.0522013748235741 -0.0796506427166972
0.067167101530608 -0.0705500840651883 -0.0618645273606538 -0.0295153319598655
0.0145285180856183 -0.0824618035165163 -0.0427399550388527 -0.00393801034964335
-0.032555201067083 -0.0715214317925868 -0.0234324266735769 -0.00879383514359283
-0.0497474417785968 -0.0535109869848866 -0.0177713537901175 -0.0169222746497373
-0.0510934143775631 -0.0543057925426117 -0.00620484325382909 -0.0308396034900413
-0.0221050331750041 -0.0728130389049334 0.0176108269385173 -0.0408315614616545
0.0187641211067187 -0.0765854585961221 0.0473018288676192 -0.0377939528685957
0.0804092825168008 -0.068521278660252 0.0686397290848564 0.00680828400829181
0.10278497462681 0.0113724556142187 0.053257685269238 0.0577986668105321
0.0575536911776873 0.0960749872299973 -0.00223637768648385 0.041028932751938
0.00133123501323751 0.135034084568068 0.0113314998184207 -0.0376294344479136
-0.0346706211329434 0.079761691671038 0.0230441842307245 -0.130456271336827
-0.0103522031772782 0.100380312437939 0.0632139148516568 -0.114112429821593
0.0565492273012928 0.0734359172909446 0.0298372030204553 -0.108855112130284
0.0924265068913167 -0.000192311693548048 -0.0232603950694347 -0.0872413612890749
0.0553335507343673 -0.0497375928340563 -0.0413989421188185 -0.0526866881758082
0.0146614987445326 -0.0630979075647609 -0.0407482225131506 -0.0353035638367103
-0.0239031671931897 -0.0575914728531275 -0.0332668951107694 -0.0337379587791285
-0.0396812680509366 -0.0447170513207571 -0.0313180469473244 -0.0379561859172482
-0.0415967418584944 -0.0460525004548431 -0.0197675662340463 -0.0503218607395641
-0.0176275390990034 -0.0601454525467305 0.00883647469863083 -0.0611603153513507
0.0190131077626585 -0.0629256606203667 0.0462866772487033 -0.0553419308926474
0.0700506812080842 -0.0495142187785637 0.071492113757625 -0.00647560523664802
0.0787247524364622 0.0199294118680165 0.0563048040749693 0.0463988607953153
0.0331187274547592 0.0814769897644013 -0.00339355927320632 0.0291786408282833
-0.0130938546579596 0.0984981351505931 0.0169836774007444 -0.0676503460237679
-0.0288975959920311 0.0251445442138987 0.0437329112544763 -0.156989436789279
-0.021510005833527 0.0463983255965522 0.0665430538757037 -0.125680995307686
0.0195069232634571 0.0425562725690397 0.0416807465662263 -0.106593603177978
0.0480564516124913 0.00618215268864779 -0.00665440895951877 -0.0901364478492176
0.0322971898235626 -0.0228556901919796 -0.0301777814052191 -0.0652821439097075
0.0114919970561674 -0.0334112521021593 -0.0408106858404589 -0.053481109355037
-0.0115961147203719 -0.0345299941267786 -0.0409001471287457 -0.0506023268103541
-0.0235075429356455 -0.0291899598820691 -0.0401960605653868 -0.052483426384762
-0.0249871216172606 -0.032077756086657 -0.0282235892570766 -0.0654507663108499
-0.0101961918000259 -0.0407292160451645 0.00568541675395503 -0.0773037072457194
0.0172674787820707 -0.0431762243973616 0.0507527006122041 -0.0680264089993211
0.0528093897200084 -0.0251535307010569 0.0777019750871099 -0.0119806619189114
0.0469383861360214 0.0267638071722861 0.0577715171209478 0.0407169925397153
0.00554324678650793 0.0580943282971982 -0.00365070594793283 0.022895018598492
-0.025989067703465 0.0502835417544386 0.0242963813823335 -0.0848627221783906
0.0284982151684474 -0.000452041162403415 -0.0128773960925395 0.101493678638852
0.00995398699171473 -0.0244226115675918 0.0343796230472073 -0.00664221894412953
-0.0173569667334866 -0.0206831883751993 -0.0484412429326508 -0.0543243970603955
-0.0227622847677395 0.0042409196820714 -0.0937050264123959 0.000245397711565089
-0.00767209197435594 0.014021159477917 -0.0729714762145994 0.0744260193648865
-0.000532585978988395 0.00937506319014589 -0.00876917074694452 0.0942946561038092
0.00144117572151083 0.0107956788049605 0.0323568242544494 0.0763321256820091
0.00180561131756653 0.00946379751210269 0.0445424857276061 0.0595671443131141
-0.00531235382189035 0.00550966234736881 0.0506462832441532 0.0528872414498696
-0.00859528877071294 -0.00073610949714782 0.0479472058513349 0.0569438045039201
-0.00840623176650308 -0.00556074440754102 0.0348443379778192 0.0706239582577369
-0.00238211917125823 -0.0184692016747879 0.00522385720770337 0.0903715300044488
0.0183224543387689 -0.013885134425539 -0.0347945927667869 0.0996525708015644
0.032363804356158 0.00987822338293631 -0.0664438404838401 0.101757290449377
0.0241739311112342 0.0242564181914103 -0.0493098922560033 0.147454610071327
0.0283691856029036 0.0489572768025474 -0.0309307279869722 0.0949097260384835
0.0323994015386159 0.0143312366203978 0.0312586830006069 -0.00581082786523863
0.0231457990588371 -0.0117750465405025 -0.0474810326612271 -0.0599682760246797
0.00996374684703543 -0.0189758354708696 -0.101283272247038 -0.00754940057247278
0.00288011587448423 -0.0156424630752396 -0.0817880373320259 0.0707884574070158
-0.00528632410130738 -0.018209583425386 -0.015449724377716 0.0948401121750968
-0.0162895982696696 -0.0122627489224415 0.0277821670826367 0.0758296987464611
-0.0172565127816082 -0.00928104221061828 0.0402887990274079 0.0565200739472514
-0.0205311033022908 -0.0181369142454596 0.0476357556645238 0.0468750020838219
-0.00746524591596951 -0.0314894590738025 0.048563172142934 0.0485523576299385
0.0107048112146675 -0.031014650458944 0.0399440010503391 0.0613081320505493
0.0370239606401321 -0.0296553581696355 0.017671656824893 0.0838873703352465
0.0540841092260541 0.00881426482953715 -0.0173338764869183 0.0992177168349903
0.0409942358782776 0.0589072773841067 -0.0443609078804118 0.0950952271292606
0.0157825322015042 0.0820655302345326 -0.033161636965141 0.127305244682812
0.0183906217199522 0.093677789369182 -0.0413766245999549 0.0687532127677568
0.0461630695593211 0.0611068163334448 0.0301931405145781 -0.0144847891292991
0.0637598770503882 0.0082863361568876 -0.0436239512275032 -0.0714307957624518
0.0512406043177612 -0.036236635484534 -0.104596305937003 -0.0212543479373559
0.0197495470993452 -0.045579811434973 -0.0899378134989484 0.0577246780493423
-0.00528168918253335 -0.0471345918082307 -0.0251723026456982 0.0848789764991664
-0.029751063352209 -0.0359563421068151 0.0173105674562939 0.0659670571486983
-0.0340246804562692 -0.0271324239328343 0.0297748364674076 0.0455417688426723
-0.0357563855588571 -0.0357581111600743 0.0394154195145557 0.0324790805825611
-0.0121966678694689 -0.055256905860324 0.0469764997577763 0.0303541304722147
0.019657314695595 -0.0555751067128095 0.0477588783092559 0.0407735658507038
0.0643881393110141 -0.0494638292642999 0.0366857145899344 0.0700318695815369
0.087338978118827 0.0137479213689826 0.00648728127317153 0.0952905597121394
0.0570259423711406 0.0897896769961716 -0.0225499314222022 0.0835784727113946
0.014664363819249 0.125249735335093 -0.0152055162265212 0.0914211995074331
0.000806591137479044 0.123591155954534 -0.0407730478529387 0.0258644649945611
0.0460370191443081 0.105472309724991 0.0325135147091848 -0.0341733737680568
0.09441550402046 0.037394376990491 -0.0322432410451885 -0.0855985332047228
0.0912187661465129 -0.041710084867712 -0.098257855678784 -0.0407996059503425
0.0404531491422499 -0.0691350594749049 -0.0902409744138104 0.0335874454586252
-0.000457739435739189 -0.0712004878272269 -0.0348716467959686 0.0629825003262778
-0.037289497287018 -0.0566432477228998 0.00357038242373362 0.0464326869882394
-0.0461610290494286 -0.041444651263196 0.015313691895824 0.0283032561786134
-0.0469561200909545 -0.0475001818325117 0.0257893430675259 0.0132757230955434
-0.018751730093778 -0.069748284762687 0.0402067402155408 0.00707456888651151
0.0195636170983411 -0.0723089687014093 0.0515465606371454 0.0143976927804753
0.0771232348700083 -0.0685039440702318 0.0532783084770835 0.0485313396489138
0.107449090176428 0.00894597023541387 0.0294439607365362 0.0841884597573964
0.0701978683893477 0.101254081301618 -0.00842923909473336 0.0686572912566922
0.0164717710417443 0.147303391571593 -0.00253302054369478 0.047275300111031
-0.0168553963030236 0.131400025521619 -0.0277872319902588 -0.0281183925842936
0.0321844878250205 0.132269795549271 0.039136542576038 -0.0611579364418325
0.103194203117378 0.065877449375622 -0.0144112633898075 -0.0978098848068488
0.116381852302386 -0.0326570954101898 -0.0782361558785139 -0.0616054965670796
0.0575844862528282 -0.0774418721912777 -0.07931446140822 0.0017365906040756
0.00698631415851524 -0.0830933637461603 -0.040742948357757 0.0309369387994651
-0.0379310850412572 -0.0681611038659164 -0.0103269655504118 0.0203403898604191
-0.0508911119435941 -0.0492034518366905 -0.000991309702975739 0.00693789709813611
-0.0519283596861674 -0.051727156400821 0.00944214453217608 -0.00791747449480283
-0.0223633968326224 -0.0738901120203443 0.0283205356729835 -0.016597283758352
0.0180708452362334 -0.0781671295283962 0.0495027910551636 -0.012687560739967
0.0792883784134665 -0.0748526310933769 0.062137038515485 0.0250747825504683
0.109987150804274 0.00545520810299019 0.0445959467869269 0.0684161939414052
0.0708608836958842 0.0999002622156414 -0.00307110593983376 0.0524088696588733
0.0128574500294734 0.146964033013638 0.00448656411561245 0.00273024871293905
-0.0296666221527611 0.114726120625528 -0.00448443092194374 -0.0820558569128941
0.0101540987682401 0.129203659031147 0.0501069899859469 -0.0884447962187425
0.0865396057657387 0.0794220074440145 0.00848371212656269 -0.104726957284664
0.114645747633957 -0.0157969030119332 -0.0502062992970015 -0.0758265752383417
0.0623110070665191 -0.0684147447439422 -0.0594786415476564 -0.0277404823754744
0.0124089608322072 -0.0790403636202843 -0.0414173882712219 -0.00333757522974251
-0.0324180389349377 -0.0676492748386354 -0.0228343905684009 -0.00778954981556929
-0.048060675531424 -0.0496576111788939 -0.0174950600719958 -0.0155701264440508
-0.049563085076248 -0.0504439432615861 -0.00606019416431436 -0.0286326950494276
-0.0220423737172703 -0.0689828442902566 0.0162471644042942 -0.0395153547404411
0.0169481531979156 -0.0732480552122522 0.0453241220117168 -0.0357827084074654
0.0751757869171078 -0.0666566089709061 0.0653489920688681 0.00535059683718985
0.097832064436174 0.00993360939024471 0.0519548688037895 0.0536849874515019
0.0566546915277687 0.0911548520818879 -0.00233551518906802 0.0387850964738243
0.00339833033298814 0.127198993590578 0.00899813994126012 -0.0358863821003739
-0.0324866474479538 0.0759238944388405 0.0203220209402857 -0.125271141122315
-0.00858945144411711 0.0958830130333273 0.0602729282930068 -0.109272357151604
0.0541207801014242 0.0687814498235639 0.0286310786233066 -0.104390386845529
0.0869524731408162 -0.00255244462238034 -0.0227717321140697 -0.0830334470181877
0.0516571773103905 -0.0482058407937843 -0.0402501536448316 -0.0504907755795964
0.0134905012502028 -0.0601023913768943 -0.0399178671688966 -0.0328130130800085
-0.0235863067782599 -0.0547189491204698 -0.0326933246835146 -0.0319143374845955
-0.0378499419897301 -0.0415334859171709 -0.0306788001063623 -0.0350379066240977
-0.0399601949762202 -0.0430735793502701 -0.0193321285146722 -0.0470384409868822
-0.0174621026260268 -0.0569244714258919 0.0072828165252489 -0.0587068514646347
0.0171479905878897 -0.0600106529511926 0.0435304392602697 -0.0533090679511921
0.065836273289333 -0.0479012737335765 0.0680838167886684 -0.00702594276878362
0.0745752096856866 0.0185139288279848 0.0545708057152122 0.0429578602287498
0.0323248913936061 0.0770715730565724 -0.00279471416963899 0.0278567570373806
-0.0114524536994349 0.0927314604455993 0.0145917673437649 -0.0646835510269064
-0.0273295699802365 0.0240734919017175 0.0393336028281972 -0.150112524192924
-0.0202695915497038 0.0443852493603435 0.0623634131789745 -0.11983326483999
0.0189093476550151 0.0403608480577469 0.0393342783216401 -0.101900644112846
0.044865191574303 0.00502939689405074 -0.00644048716400992 -0.0859185187024768
0.0301809787316409 -0.0220573929844974 -0.0292709867906489 -0.062923745695116
0.0103638278262813 -0.0320207114000366 -0.0402869112113845 -0.0512025547844251
-0.0116169869375788 -0.0326218401789515 -0.0405474281815043 -0.0471298619450447
-0.023069195593379 -0.0266385679876316 -0.0398333795512078 -0.0491124392365898
-0.0245039588795543 -0.0296781975045302 -0.0275985356152325 -0.0619220555358217
-0.0101908745742044 -0.0382650616502776 0.00464301183211638 -0.0738823402987809
0.0153115110093479 -0.0406723135804643 0.0481474555219038 -0.0649607430623519
0.0496147320760143 -0.0250002009175501 0.0742086548126372 -0.0121274659101702
0.0444167919748594 0.0254323820910839 0.0559428872677582 0.0384160183697328
0.00620007274672353 0.0550817109387752 -0.0034104915257067 0.0215553394010476
-0.0248339438693876 0.0470306382593446 0.0208904467362143 -0.0803268554126569
0.0272802586865851 0.000333313687815835 -0.0126178507722878 0.0981362144197147
0.010372826460832 -0.0236382596430799 0.0342599923733513 -0.00671222838441515
-0.01606962623143 -0.0201447317912759 -0.0460272290169532 -0.0542177222094474
-0.0225241963548037 0.00386119902842577 -0.0913261987479567 -0.00197429678856807
-0.00751963235218639 0.0135825467434123 -0.0718678580470989 0.0715302458666354
-0.000768714600206756 0.00942466800595222 -0.0102143095458205 0.0918714790077151
0.00100934520160955 0.0104334822183541 0.0308364679781189 0.074636775146968
0.00180527551443073 0.00902399789944306 0.0434329712723006 0.0581878444094497
-0.00539815931317213 0.00475058992258321 0.0487442043321577 0.0523059049891293
-0.00853346822287284 -0.00157077780487021 0.0460904637829716 0.0563084224862173
-0.00817016408465573 -0.00556188713678222 0.0332820818021634 0.0691211521620651
-0.00225512538295988 -0.0179089233892002 0.00381254820036155 0.0885346850993318
0.0184240074601806 -0.0135967781526524 -0.0361515170907533 0.0957384336989471
0.0317336730860603 0.0102680312528298 -0.0675199572428768 0.0979985804769376
0.0228896338512289 0.0237624019476685 -0.0502857052061261 0.142889776739922
0.0267885634349003 0.0478939522904294 -0.0302920464356514 0.0919042603146816
0.0316129077613752 0.0144368918572684 0.0318582044722891 -0.00485995853275289
0.0225273918904318 -0.0114262381256127 -0.0454350978944196 -0.0601070180416859
0.0100267835587308 -0.0187997065519914 -0.0982116806004275 -0.00933555599600122
0.00265071791305186 -0.0157564965232603 -0.0812112245689234 0.067639572971236
-0.00493363521822968 -0.0176307155752563 -0.0162868585447181 0.0921968462271996
-0.0159405356923953 -0.0122885900825699 0.0259443073189763 0.0740163814208338
-0.0167564845666813 -0.00927152737959954 0.039528615320891 0.055909515611764
-0.0201060536146249 -0.0175046267926024 0.0465039035938619 0.0463736007446151
-0.00712205936400413 -0.0309901346870906 0.0473332492257759 0.0482022135081446
0.010511671493216 -0.030205140938754 0.0382140047533756 0.0604937615548336
0.0362367497024191 -0.0286597233353096 0.0157770021715231 0.0824754715296822
0.0526446498207592 0.00926392963439509 -0.0189095820450638 0.0959358718733564
0.0393762095144923 0.0577385271368898 -0.0458013104265259 0.0911598466928539
0.0136321535865872 0.0795115494654966 -0.0342898973119192 0.123741600756925
0.0160864758437682 0.0912923881193583 -0.0403107865255903 0.0665991323532679
0.0441939289514255 0.0606211519923311 0.0308143343432964 -0.0140160378033267
0.0616796676579843 0.00864226056004794 -0.0404414058864391 -0.0711712910448559
0.0492117670335015 -0.0354597045765892 -0.101105903253082 -0.0231636046973337
0.0193422455053083 -0.0449394071909171 -0.0887625201592635 0.0544215670229695
-0.00480852789530445 -0.0459760637219545 -0.0256104178125595 0.0826552279735866
-0.0291309573569372 -0.0353338514513634 0.0163714520194964 0.0642616359713278
-0.0327198618273254 -0.0262813419071827 0.0288223322914702 0.0451663470892873
-0.0345386783352066 -0.0350486094967764 0.038489966879375 0.0322326966401943
-0.0114536982311493 -0.0544066701425172 0.0458372847084422 0.0304911528391875
0.0193691483283709 -0.0539985905922637 0.0461502158504067 0.0408550789849701
0.0630184846989609 -0.0478665137918928 0.0344603904160389 0.0688995733845987
0.084317499523517 0.0144531056812911 0.0051867565482791 0.0925921066410081
0.0547031610725379 0.0888165475986304 -0.0244831708509915 0.0807267180038797
0.0119992101717237 0.121645371431231 -0.0169097464906575 0.0897050773362383
-0.000568632205512586 0.120409890172334 -0.0393920470010355 0.0243111125688681
0.0440253457226924 0.103956885052702 0.0334028968219521 -0.0328674970878154
0.0912254247511019 0.0374790875469631 -0.0294352339056659 -0.0844245515152258
0.0888524047840502 -0.0401958813848009 -0.0947196765860555 -0.0424669017468982
0.0397592066133988 -0.0676010004283397 -0.0885498495623748 0.0313252759318159
1.85721974443561E-06 -0.0694105762733998 -0.0350749681694843 0.0609165938807178
-0.0358530937463564 -0.0553675758474272 0.00298262463939734 0.0452490023203594
-0.0443812159877586 -0.04022938395034 0.0148415837018558 0.0274838928568525
-0.0447301099256971 -0.0456554449201851 0.0255381965112668 0.0139204556059335
-0.0174699794695193 -0.0681997970784215 0.0387040637200562 0.00784420698195873
0.0202040587974651 -0.0702190904929573 0.0506556142019935 0.0149753535417061
0.0754502853722862 -0.0665101462906739 0.0510725116129839 0.0476828532224956
0.104695004836489 0.00984423625602846 0.0277854468126315 0.0822002754119355
0.067898207744124 0.0998659623450501 -0.0105478168111402 0.066413874624035
0.0130467946402239 0.142672589394166 -0.00392095846482174 0.0465263891076211
-0.0189798623336948 0.128360232077795 -0.0263827663543566 -0.0282303227519561
0.0296689687417805 0.129749046066838 0.0405046513945541 -0.0590850235910545
0.0991337092662994 0.0649245115637989 -0.0111556562068169 -0.0963835057146726
0.112965423035673 -0.0310267112321827 -0.0744743848194046 -0.0615914606107904
0.0564913201220766 -0.0751921740744575 -0.0777513220173555 0.00103217103931537
0.00746835267840271 -0.0808358244136465 -0.0401771670869387 0.0293518051385443
-0.0363241854828117 -0.0664690942658978 -0.0101053739917515 0.019134318827819
-0.048627139141378 -0.0478453445610722 -0.00116718334223895 0.00729005656728712
-0.0501071305377092 -0.0502222563556625 0.00986940154549972 -0.00726079351414496
-0.0212696981557546 -0.0725136481650056 0.0278091625191128 -0.01569604854806
0.0182711574622713 -0.0761486357471641 0.0480545966295249 -0.0112604546890258
0.0776526128558132 -0.0728367697292428 0.0598987954018359 0.0251188529078669
0.10706690631875 0.00734612517983855 0.04289617227415 0.0668808221444355
0.0676056238045804 0.0987196586615545 -0.00431638240064033 0.0510379048287278
0.0102034301262472 0.142935386191267 0.00344922320343531 0.0030029003120215
-0.0307290701435976 0.111460244772258 -0.00291356853369295 -0.0800117263025312
0.00796662591830121 0.126161337434852 0.0503097918515737 -0.0853165702484642
0.0826335507797699 0.0779724631033112 0.0106407506657292 -0.102036891921241
0.111524849539786 -0.0149031015478875 -0.0467782624628542 -0.07533195414971
0.0616775977358983 -0.0666167835179129 -0.0583434831984115 -0.0284643855098178
0.0129970309417496 -0.0765259280221195 -0.0406311023656841 -0.00441170479589301
-0.0316091064774385 -0.0659446378936705 -0.0225972642475518 -0.0076944055506339
-0.0460666476597187 -0.0477023094056231 -0.0165080976241247 -0.0150651628923608
-0.0479468882580432 -0.048759340747873 -0.00550569299459472 -0.0278373996552718
-0.0207408157066008 -0.067434029783892 0.016216960408104 -0.0381340707897155
0.0172359285669163 -0.0715098101398574 0.0446394672193102 -0.0338764580671789
0.0734396167779692 -0.0650573994156143 0.063499193648859 0.00622753464236875
0.094911161915158 0.0113022562342609 0.0504068497193419 0.0528426129163633
0.0535600277842748 0.0898770069574912 -0.00332797609761819 0.0378135879151771
0.00091796261140547 0.123403234062926 0.00851894434237392 -0.0346742673828162
-0.0326484752003052 0.0738151960757739 0.0215924552994571 -0.121681847981085
-0.0099473188755898 0.0929031288261431 0.0608010807253521 -0.105349532646914
0.0517349894723393 0.0675197121540588 0.0297491367318923 -0.101490162353144
0.084169530047284 -0.00129985021196591 -0.0207211560710996 -0.0818834607218254
0.0509854941843632 -0.0465979012781499 -0.0388865976915306 -0.0506728033071789
0.0139272345344383 -0.0586299319055801 -0.0389285744261549 -0.0330127769959844
-0.022628684392047 -0.0529595434653649 -0.0325036093884879 -0.0319085908557615
-0.0366626583958982 -0.039957564008028 -0.0297589456244825 -0.0344343783709091
-0.0384745537628273 -0.0414401850593074 -0.0182602166682281 -0.0461787615534433
-0.0161962260830869 -0.0557348937139703 0.00770143923272054 -0.0570600130952135
0.017225445248693 -0.0587311592495559 0.0435919536749392 -0.0510260819800007
0.0639589081506712 -0.0470397612404 0.0660728944789196 -0.00580672305502887
0.0724943619001466 0.0195762941201274 0.0526818376220032 0.042563305184918
0.0306509672953381 0.0757405208619047 -0.00394614550963608 0.0269770259280103
-0.0123956267967441 0.0894191274304947 0.0135881992633465 -0.0628254420272691
-0.0269619340969998 0.0229696346479678 0.040783548743757 -0.145751957099724
-0.0206238652117344 0.0428208288688749 0.0628846786128826 -0.115990188051995
0.0168696568782531 0.0391948197725403 0.0407839279614524 -0.0983308576754802
0.0431735856316247 0.00504431016694021 -0.00419085864160367 -0.08400007346743
0.0298071027559834 -0.0216132926883082 -0.0273297643725298 -0.0624461274729423
0.0105586671189785 -0.031134338271312 -0.0392356427612438 -0.0503414921815921
-0.0106843621384508 -0.0308568623267225 -0.0400148038815909 -0.0471030648372166
-0.0218935538761792 -0.0256744451748104 -0.0382413524446028 -0.048057425564705
-0.0235737411526987 -0.0282101568970278 -0.0261261564337094 -0.0604209589034057
-0.00945931660002565 -0.0374011815644295 0.00519249896911471 -0.0719766083964448
0.0156741129846781 -0.0400048144457571 0.0475640823375584 -0.0624455544283987
0.048217627503393 -0.0237807838782823 0.0722835244424027 -0.0105968721619604
0.0430306122502473 0.0255673097568352 0.0536812906116095 0.0378564503855613
0.00544869232801437 0.0532798392938502 -0.00429907438912371 0.0214080028732521
-0.0245928114622268 0.0445584688809767 0.0200822790202693 -0.0782612059472821
0.0260695607044944 -0.0111563834616802 0.0290285967251057 0.0945881297519909
-0.000104657446074975 -0.0258945813433865 0.0287329401163676 -0.0216429093508846
-0.0222178305583055 -0.0109137892532859 -0.0655618354512947 -0.0306236835897037
-0.0177992112125011 0.0134889444323301 -0.085802353179713 0.0367400736159159
-0.000402358136007638 0.0153886545873621 -0.035865683366215 0.0957909867137995
0.00373963827092635 0.00858535022718613 0.0291984986678481 0.0884320904623459
0.00539721880904291 0.00930352684797415 0.0589130283467554 0.0554314320485351
0.00500787890753922 0.00731397904812778 0.0649864422883373 0.0349422953430276
-0.0029014431573321 0.00731539975173082 0.0672973868124728 0.0267104953023056
-0.00828458562966596 0.0016222969324031 0.0664059358524569 0.0318358702633237
-0.00937428342281068 -0.00179009656142756 0.0589996395408793 0.0493174777786704
-0.0092540076789363 -0.0141450926241356 0.0405067284102978 0.0789917761308134
0.0112187989156042 -0.0191550877384094 0.00625474107655804 0.102509632556809
0.0331498661382279 -0.00324624383053911 -0.0237525785903328 0.119043473028353
0.0313590341334975 0.0141388236444429 0.010262426785226 0.153449357198781
0.0436312270455188 0.0335245064852776 0.01204201330162 0.0961788813624102
0.0339344470919169 0.000968559528567773 0.0279678264414452 -0.0194247757187248
0.0163958318181661 -0.01810263502117 -0.0659836402277866 -0.0378475556598046
0.00190226350396705 -0.019779909008952 -0.0947943575908664 0.0307148573920506
-0.00193143245984306 -0.014990306366647 -0.0467105621890226 0.0959921143585843
-0.0110980226651316 -0.0141963594655889 0.0224521654377788 0.0906148514808632
-0.0190017121798242 -0.00438321704284658 0.0536703676715863 0.0561305363682671
-0.0193876704638981 -0.00252955937667177 0.0596504369982418 0.0342365865976449
-0.0256463836982647 -0.0084170541573425 0.0625096415503655 0.0220708963373537
-0.0191807392944324 -0.0263374006796912 0.0640544724446789 0.0235903394679224
-0.00189015723904017 -0.0326584485003255 0.0614094209243469 0.0395298782359903
0.021602493016182 -0.0394857412706135 0.0511012643258085 0.0702731039803402
0.0525069780160426 -0.0118904893973775 0.0217136714006474 0.0963027619396175
0.0602947992170644 0.0383835095383325 -0.0090789250123358 0.104655383012145
0.047280010978371 0.0698858850649117 0.0136730821385078 0.128785493014908
0.0510762655707156 0.0776650167153819 -0.00620265383139753 0.0785820331502304
0.0638691475184727 0.03765770366035 0.0252761182124381 -0.0269150195175145
0.0592224464024677 -0.0149025061638253 -0.0645684134724904 -0.0517971447680673
0.030288411464761 -0.0499232051592784 -0.102319401702225 0.0174842671970395
0.000950749102008196 -0.0482580809517821 -0.0600583146924825 0.0862320526607474
-0.0221713507175786 -0.040269679977244 0.00964991511869068 0.0851717109131199
-0.0408010862400663 -0.020215035786787 0.0400004647163066 0.0509712088233327
-0.0408612661671397 -0.0119956818234307 0.0455964104655389 0.0285550620205252
-0.0456622867908353 -0.0183028761614348 0.0493276698287847 0.0122324884111667
-0.0327570712006578 -0.046173223304061 0.0557970747063787 0.00754897260974766
-0.00322102992658306 -0.0583695562078834 0.0624127118579044 0.0187816894705322
0.037971511192446 -0.0688201746231139 0.0648315437553932 0.0508390247716093
0.0848252912377401 -0.0199439157431214 0.0426057389176152 0.0851505254382603
0.0876671814953383 0.0602357637007443 0.00461233983040465 0.0868780576144409
0.0646726968245363 0.109230147148243 0.0133491722917722 0.0888583377204636
0.0455248224711456 0.111407520741023 -0.0217457349812897 0.0405660705601363
0.0793467963951191 0.0775875015923282 0.0210770573029404 -0.0451390245792928
0.0962468598058985 6.02955234816926E-05 -0.058282849005427 -0.069872672365196
0.0625987737004358 -0.0694959147322028 -0.103256160468533 -0.00448632785096262
0.0103944713823783 -0.0763466119846367 -0.0702491853332083 0.0634554194454675
-0.0274638681824417 -0.0632841422006958 -0.00822081061675711 0.0688119632017508
-0.0556861193122342 -0.0358673743079565 0.0196187029894085 0.0387372494871303
-0.0568134403959805 -0.0201352503734189 0.0256716438424055 0.0185982220854364
-0.0603465058519976 -0.0236460529844483 0.0298357031237572 0.000807517677230447
-0.0438313748210739 -0.0564097640281179 0.0400744749720127 -0.0107447545246629
-0.00985910095527027 -0.0742302284680757 0.0559082299650844 -0.00657628460971418
0.0416847365610538 -0.0913004829851547 0.0731341034417087 0.0251509720746987
0.101732428383613 -0.031921635214433 0.0596966812046059 0.0672308317978355
0.10462142134577 0.0654530478100085 0.0114662504312391 0.0687721541204021
0.0748764114157022 0.128644507345871 0.00615314875202817 0.0440058055451529
0.0310096307073317 0.12589426286495 -0.0308171149942545 -0.0120737210979279
0.0757775206863363 0.106823542794947 0.0167935791118049 -0.0712265856638124
0.113986135330186 0.0224839615377987 -0.0445140095220289 -0.0872016910448019
0.0879090856021975 -0.0708914046146863 -0.0918182039951447 -0.0310711191201666
0.0220564959147679 -0.0901975277189902 -0.0731291598104538 0.0303763895098145
-0.0255217333401958 -0.0769729216130595 -0.0265126811303545 0.0423472878917942
-0.0603450428022083 -0.0461960400134091 -0.00417288687895008 0.0209311012324503
-0.0640055721912696 -0.025339908150503 0.00120233352219593 0.00582563925929058
-0.0668491798536831 -0.0260370735191556 0.00684004926487788 -0.0116340393398312
-0.0490242697564769 -0.0585968487366863 0.0202297450235053 -0.0281893110812181
-0.0139995702033428 -0.0787852471223643 0.0435163927169457 -0.0303575047931961
0.0411932467145146 -0.098993044694594 0.0722581134137844 0.00098908625101582
0.103476826021964 -0.0358986354674474 0.0671832888812016 0.0470621097755182
0.103858495461093 0.06447815551092 0.0110989118019451 0.0525559900953372
0.0720920191614013 0.129011735737686 -0.00435491029858807 0.000524490536243265
0.0128915523483436 0.115313075440262 -0.0316624167313942 -0.0691957571062354
0.0548637992524158 0.112608309063368 0.0154928301486317 -0.0990311559558375
0.104031544127372 0.0401353568200455 -0.0270253781852314 -0.100294500416158
0.0923665766202255 -0.0553486297630225 -0.0713050406383218 -0.0546570699616805
0.0295981046812874 -0.0841911245331829 -0.0674704219664076 -0.00526541832815121
-0.0190554138482595 -0.0753365207248431 -0.0408448511156779 0.0117217235707477
-0.0554397060440185 -0.0471213243757087 -0.0266325086428154 0.000872734193021272
-0.0617373978527185 -0.0257709453305904 -0.0224294008529777 -0.00696567615497437
-0.063951470074527 -0.02551654701202 -0.0155835498105647 -0.023988698042775
-0.0468485240358154 -0.054384279827069 0.000106468394315563 -0.0435463486502297
-0.0129087389333559 -0.0742018846878491 0.0301687197814196 -0.0488128126564334
0.040405837483822 -0.089934589669373 0.0666243232791009 -0.0174578678947643
0.0938219090546187 -0.0268504791440986 0.0678678996769672 0.030460104358068
0.0875278053037336 0.0613922812761323 0.00701459589802129 0.0392498671755266
0.0543806528613828 0.115201500928724 -0.014049793459232 -0.0363617527111986
-0.00413098421226515 0.0810359296640753 -0.0267718002192465 -0.118344920675182
0.0251480832076029 0.0895230971957065 0.0145677107961285 -0.120358470489266
0.0708122181007225 0.0422658166952029 -0.00918977695032384 -0.105951347438532
0.073357778210162 -0.033355280981065 -0.0497265836477737 -0.0701740489543643
0.0271850825095241 -0.0619756762628435 -0.0578940319419787 -0.0324339061124997
-0.0114434410186536 -0.058929003072582 -0.0511299962196888 -0.0154205451115989
-0.0420181293668172 -0.0392466438109348 -0.0457832355064611 -0.0163046769828528
-0.0495701676213291 -0.0221445513709422 -0.0419734642551974 -0.019156124034625
-0.052412092870024 -0.0222356894838632 -0.0358750940250616 -0.0353302622700866
-0.0382318070692571 -0.0450534587086275 -0.0159428903843727 -0.0567861633064673
-0.00775146736490001 -0.062131181370121 0.0212508063145401 -0.0641830749353955
0.0394446693394682 -0.0692736157572301 0.0637450587069292 -0.0300993871033609
0.076451115229446 -0.0103287886537426 0.0652143349699951 0.0196923609748733
0.0596277198362124 0.0576815133020679 0.00334762066154647 0.0286458864513636
0.0267600790118932 0.0888041092997514 -0.0183136866817514 -0.0647107696864804
-0.0187210420493591 0.0323766480510807 -0.0209300761248105 -0.149623727633326
-0.00399071985425125 0.0474265891070397 0.0109862878755675 -0.131269174171231
0.0290314208328194 0.0297705364391222 -0.000925255315463517 -0.106971888666744
0.038865447137454 -0.0118129506513854 -0.0373300186180954 -0.0774090651822948
0.0178571143047067 -0.0302110970197447 -0.0523889175667406 -0.0468784269321402
-0.00311430880839816 -0.0322396229148727 -0.0579157383136469 -0.0308273194333519
-0.0224107357892732 -0.0241319224961954 -0.0583321624926668 -0.0269435509534142
-0.0299550025388277 -0.0147547009774223 -0.0558691671139064 -0.027876446359278
-0.0330112169164442 -0.0166345946962043 -0.049659634737787 -0.044547131217325
-0.0240318476456673 -0.0312416824109878 -0.0253966237222955 -0.0687284389027839
-0.00214073139971094 -0.0437847614927222 0.0192421519223504 -0.0766153030601022
0.034626979340564 -0.0423524057730108 0.0653842839855054 -0.037080851429448
0.051566412409742 0.0074418876873514 0.0639496549255721 0.0135839565098215
0.0266239175733001 0.0473207106360938 0.0019091021383042 0.021749752583525
-0.00417604326145832 0.0519877395493203 -0.0164096298816995 -0.0813758647228212
0.0260041741009801 -0.0114449964524125 0.0318126135609698 0.0958774101563565
-8.7040594160861E-05 -0.026524397776445 0.0293763272504852 -0.0228620201623484
-0.0225527565307438 -0.0107724634148589 -0.0677529367255043 -0.0314218227157926
-0.0184927984760467 0.0143376771475279 -0.0881702547726708 0.0376738999044077
-0.00017418957340636 0.0155584911258946 -0.0362352144413819 0.0990050775188005
0.00349669238541091 0.00889727988502802 0.0298153848612155 0.0906310148811828
0.00519610014095413 0.00963499205593266 0.0607765441879164 0.0556474781546557
0.00516343526926181 0.00731457306820977 0.066838590229319 0.0346574744871311
-0.00267891077025669 0.00756601037766389 0.0699060660125589 0.0260677936413612
-0.00834967791412666 0.00145978342880161 0.0684989030487215 0.0322272465517924
-0.00906299589865787 -0.00142593077481791 0.0604328224226024 0.0497989905431631
-0.00908040180173982 -0.0143209523022073 0.0416713761381147 0.0803979116039798
0.0113167767928684 -0.0197206936240049 0.00593581347289661 0.104639138542581
0.033857384455465 -0.00365735157196635 -0.0244893327326845 0.122115350466884
0.0319292287801344 0.0144508812191912 0.012077272407397 0.157799758688934
0.0449356005518921 0.0338771598096362 0.0142348033256909 0.0980556340835985
0.0353055611241341 0.000238075478378525 0.0293074294835364 -0.0208414648322301
0.016803847291139 -0.0194729572070598 -0.067742694294087 -0.038910137476316
0.00115216309857996 -0.0198655919464111 -0.097565603158719 0.0323474924413684
-0.00263224425963296 -0.0153041645573834 -0.047646288196836 0.0991464028799853
-0.0116808996659635 -0.0143706468286242 0.0237129686408918 0.092589197986392
-0.019678442526004 -0.00384232377133278 0.0555518198922935 0.0566299702844665
-0.0198114048935395 -0.00217437441062386 0.0617710111235013 0.0338942000383548
-0.0264592374070463 -0.00730841592714711 0.0646097676076315 0.0213384370456769
-0.0205833295815742 -0.0271656733630168 0.0670158627378561 0.0236255546452037
-0.002139522103823 -0.0335313978877656 0.0635719993522131 0.0399564803618244
0.0214980981142307 -0.0412336963132445 0.0524367323721443 0.0713468452543105
0.0536357759806485 -0.0130452812052368 0.0222794678126858 0.0984616198954558
0.0621080614736089 0.0387974046020209 -0.00936977061490958 0.107202274445124
0.0487216545941281 0.0712578355992023 0.0154698228245824 0.131678478344119
0.0526809293098166 0.0787786355782039 -0.00491897174542024 0.0798524253687159
0.0655944233933563 0.0377279056923914 0.0268513475429602 -0.029022676561835
0.0602431858917622 -0.0162012257156318 -0.0662977112712294 -0.0530057973209234
0.0293335263802136 -0.0511617399963117 -0.10533845290035 0.0180985234574011
-3.53627850161128E-05 -0.0495784861971563 -0.06122606572622 0.0896846097879384
-0.0233578837179758 -0.0410163550378551 0.0105498320627914 0.0871745056674786
-0.0420590808426492 -0.0195023851833602 0.0412542660947549 0.0517184582448484
-0.0415538627905696 -0.0114185904925255 0.0472795310606455 0.0283096880619603
-0.0475320792492622 -0.0179576750705316 0.0511079373344753 0.0119931783615658
-0.0343852525127754 -0.0471681039078269 0.0576663761489063 0.00704399581420834
-0.00441981781183782 -0.0596410564767865 0.0644652779519915 0.0189451694351713
0.0375920209425446 -0.0710788243824368 0.0666258589285439 0.0516729072738599
0.0864566086524474 -0.0212377135664931 0.0436978940289986 0.086310836833178
0.0907706672525833 0.0613315644358829 0.00459572267271407 0.0893181427992415
0.0665859840212692 0.111506037718728 0.0149536971113022 0.0914088618340416
0.0478051816768731 0.113592179055281 -0.021330605438912 0.0414984975869554
0.0823187210739687 0.0782403733786545 0.0222499291488762 -0.046619984707268
0.0982771061573483 -0.00125116932849023 -0.0593096631507175 -0.0712823492281988
0.0622891591284769 -0.072053966733456 -0.105793676825064 -0.00429696190670076
0.00842129029715238 -0.0783797690469138 -0.0725172528801855 0.06647699330265
-0.0293101902804288 -0.0645841911748114 -0.007969088022212 0.0706526010108597
-0.0571275044456704 -0.035498683400285 0.020479212972132 0.0396087254189257
-0.0578603544190629 -0.0191451670044554 0.0260657591727892 0.0184120469908031
-0.0619714498791604 -0.0233800074817338 0.0308977784165385 0.00031195584843725
-0.0463215389561833 -0.0573600066998133 0.0409873967759446 -0.0116561412733249
-0.0111258146357105 -0.0760477109390867 0.0580106847569247 -0.00677317124344338
0.0402321774041609 -0.0943372281070464 0.0747614760760182 0.025798464921988
0.103536093893854 -0.0337275653920022 0.0615703034153417 0.0673548452123568
0.10796870619017 0.0661827368716415 0.0116968336008236 0.0708903475832454
0.0777871537130215 0.13037132580915 0.00660624996717641 0.0451199488213693
0.0332650011727064 0.128724727826856 -0.0311007303766649 -0.0125463662754738
0.0789666119341627 0.108670906994465 0.0174553446912087 -0.0733210296355176
0.116757616828098 0.0216619708428128 -0.0460390377878631 -0.0900648153305108
0.0881069211126182 -0.0738408697220003 -0.0945177748709446 -0.0319077471099816
0.0204922390805291 -0.092479813228181 -0.0759665195330943 0.0321138650151467
-0.0273355416007248 -0.078894400827591 -0.0269850856879258 0.0437796994414372
-0.0622184090646389 -0.0457411698167849 -0.00423512067034288 0.0218567092621044
-0.0656937785141577 -0.024120870587697 0.00214317009498917 0.00601319087552161
-0.0682339677145287 -0.025202015381707 0.00716074444110288 -0.0120594818211452
-0.0514005649605232 -0.0596407982604331 0.0204992812800949 -0.0286656243013778
-0.0154827494219985 -0.0808054023586306 0.0450843808653265 -0.0309099575159632
0.0397815303701322 -0.101868932767531 0.0735433199807562 0.000533779613833271
0.105232989347341 -0.0375583490701115 0.0695226772091729 0.0469436944014565
0.107717149918011 0.0645948174668519 0.0112877065231878 0.0539683627145461
0.0741864482483125 0.131011349062312 -0.00509265912396261 0.00147987505117998
0.0141890941152227 0.117908521654611 -0.0329142736198764 -0.0707711870439554
0.056910874225685 0.11459958873784 0.0148222970940383 -0.100975068415337
0.105723234250103 0.039897691205416 -0.0271710457129602 -0.102834268263397
0.0932425311891389 -0.0577758715237397 -0.0732936138336334 -0.0559319117940224
0.028584058820782 -0.0865305885793895 -0.0697197286849586 -0.00403404890572342
-0.0210352486781221 -0.0768561231451039 -0.0424677466877645 0.0120162288844317
-0.0573630947093909 -0.047707409757647 -0.0279101499157314 0.00130626970013886
-0.0626763559848035 -0.0248605391773379 -0.0226566748884784 -0.00652920579338109
-0.0653938472968169 -0.0245643658359484 -0.0164832004105871 -0.0244567400956347
-0.0491014451977146 -0.0549639030564143 -0.000644875149907416 -0.0438368031626121
-0.0144539994753633 -0.0761502859815518 0.0311851008665598 -0.0504499163786941
0.0394160565653312 -0.0927445137621564 0.0683953495433623 -0.0183489754630877
0.0958357274149025 -0.0282948038367392 0.0696879765302211 0.0299095618707142
0.0897242038695541 0.0615916546980206 0.00717343566752379 0.040855050209659
0.0557654755621745 0.116845028856202 -0.0154875403006788 -0.0366180997950299
-0.00335059783739778 0.0831159384500268 -0.0287085008918555 -0.120640997482126
0.0265438530101309 0.0917308353159671 0.0139003342278814 -0.123221727786767
0.0727909049964467 0.0424516804514496 -0.00987869828508594 -0.10844315705544
0.0736910515840227 -0.034533714579605 -0.051172147924195 -0.071780831675756
0.027375757507282 -0.0634738551589303 -0.0601846134994473 -0.0325688332189435
-0.0126943810529163 -0.0601593736308977 -0.0530263461164244 -0.0151968997497025
-0.0435956579109962 -0.0395356713649023 -0.0477972178334095 -0.016285130459106
-0.0504753439875814 -0.021554081281268 -0.0443453937070876 -0.0187745027362885
-0.0535542173878466 -0.021165505806697 -0.0372001568397647 -0.0353405561499603
-0.0396122836956293 -0.0456645394999832 -0.0171492451912837 -0.0577700148703857
-0.0090704432601935 -0.0632704262283929 0.0222005510745813 -0.0661214197437279
0.0386086004423859 -0.0716102060266252 0.0648871989963988 -0.0306216895988399
0.0785399832316589 -0.0113497675197855 0.0672216057133638 0.0183078747605186
0.0610384633615543 0.058206024342958 0.00332394978551301 0.0299721285655121
0.0276422284571762 0.0897439698342412 -0.0207320306044926 -0.065661440998081
-0.018356319805866 0.0329873615906587 -0.0234244815571039 -0.152722565276667
-0.003660515607752 0.0485371657414578 0.0103745694802092 -0.133566575901021
0.0293709516418241 0.0303120443451854 -0.000895056876639833 -0.109339221217012
0.0392556607648319 -0.0118032898740194 -0.0384225406827945 -0.079022559246655
0.0180879023030102 -0.0315150873190701 -0.0539100486265065 -0.0488157765711248
-0.00391803594565097 -0.0331638898821136 -0.0601501599991552 -0.0306802113208981
-0.0234068865293828 -0.0243736655795615 -0.0610647093832115 -0.0267101580215115
-0.0308835810678784 -0.0140992595548064 -0.05802252707737 -0.02734671003727
-0.0341607983380043 -0.0159441397277238 -0.0512415246930206 -0.0452496800785934
-0.0249016499835113 -0.0315623785231746 -0.0268711122520192 -0.0697004668841075
-0.00307207973175204 -0.0449582436474275 0.0199200166902922 -0.0789391430092171
0.0349261068489662 -0.0436326071415705 0.0663460728871184 -0.0380428779903252
0.0529029573380415 0.00715653178302855 0.0654243671179391 0.0136794804384599
0.0268907484231501 0.0484274056692188 0.00191679913266985 0.0230460715143897
-0.00417215578326516 0.0527530604625254 -0.0181273323996149 -0.0824692847878225
0.0255929973442914 -0.0122032261743358 0.0358109178814341 0.0947724997014964
-0.000979591842898928 -0.0268210795448431 0.0291596823912386 -0.0255384248984633
-0.0234279433236212 -0.01032851959715 -0.0696529078257081 -0.0296681006761096
-0.0182537453560203 0.0152183764409938 -0.0890170098846444 0.0404128563146737
0.000259443482263589 0.0159391588546362 -0.0334982966806124 0.102185247775756
0.00382171346600782 0.00925415464351533 0.0335639649364642 0.0912909175009301
0.00563429016990651 0.00960446007891041 0.0632927116746968 0.0541779897495786
0.00538745778919667 0.00703331925439592 0.0694456225462499 0.0314022562917125
-0.00286302878844295 0.0075393086649415 0.0721566236677686 0.0232907523290126
-0.00894756125425812 0.00241159338352421 0.071874574128177 0.0302273110544664
-0.00908417749562253 -0.00119253071190364 0.0635946136143838 0.0484702954233532
-0.0099861476707426 -0.0137264637818671 0.0447026699289074 0.0800724451680938
0.0111044655687251 -0.0208932710447381 0.00863258918338076 0.106166462934866
0.0346069449433587 -0.0051942715864301 -0.0213596078215397 0.125059936319253
0.0325473633525957 0.0133140112402164 0.0186197439794987 0.159945837028002
0.0466312550211422 0.0329256596203988 0.0186871545337981 0.09816284476375
0.0357572180609459 -0.00111870265273185 0.0292122695924204 -0.0228513646434357
0.0157619159563933 -0.0194752918004594 -0.0705921046274377 -0.0372867321693648
-7.25555806706112E-05 -0.0197662782714772 -0.0980819385154809 0.0352952113412023
-0.00424658634694216 -0.0157463493966104 -0.0450953982304913 0.103087627630751
-0.0125706994176931 -0.0144346699985783 0.0271194859149694 0.0937213240566219
-0.0197741285291027 -0.00254945735145749 0.0580955697883161 0.0550460520554656
-0.0200939442958163 -0.00181851837068737 0.0639587966893191 0.0317424995737612
-0.0272997338219856 -0.00621620658425835 0.0670186577612358 0.018562604450526
-0.0225569754754456 -0.0264022129114188 0.0689366277561877 0.0213768639137914
-0.00335281433610894 -0.0336987122068628 0.0662571630363039 0.0384935306083473
0.0200684237067714 -0.0423661859760939 0.0556321063753836 0.0705363808574881
0.0541589329994033 -0.0150705413697001 0.0254507331660473 0.0988419219730753
0.0653692675838284 0.0369336234156018 -0.006823748555881 0.109225394589417
0.0513912980035332 0.070234110082811 0.0207330678095501 0.133359351742704
0.0561236907208145 0.0778522388364061 -0.00157274985359989 0.080928192180445
0.0681300445080908 0.0360886126410881 0.0264833121559663 -0.0308862206419332
0.0598699276432797 -0.018834685770374 -0.0689490730290225 -0.051865469001369
0.0268215513579664 -0.0530317213086771 -0.106262362762342 0.0215921459559318
-0.00267231185430287 -0.0497581533920856 -0.0591244607682865 0.0937559902056459
-0.0260163140899383 -0.0406316437586547 0.0129296997450104 0.0879297218561835
-0.0431946174488449 -0.0178273388643995 0.0437393833136589 0.0502662268430319
-0.0424236533047882 -0.00944145296856221 0.0491350250032252 0.0262883843029069
-0.0488140925439641 -0.0157760672354434 0.0528724295710912 0.00968547755439015
-0.0372507151708794 -0.0464616949244105 0.0592356815775113 0.00520118821338153
-0.00674817775968031 -0.0609689556740893 0.0667891884457515 0.0166938643723963
0.0348430119128752 -0.0733576384921515 0.0691058561432151 0.0501071112611222
0.0864774294416654 -0.0245785737654202 0.047161809804958 0.0854944962460065
0.0947291067223745 0.0584992849968307 0.00729169043605068 0.0909710006097567
0.0712462586894416 0.110225058739664 0.0182653924691218 0.0928030134781079
0.052837456553549 0.113160973251026 -0.0198097618574621 0.0421783552207264
0.086817612759636 0.0762289177678332 0.0218890505150469 -0.0486648365641238
0.0992768245944579 -0.0055085695658642 -0.062593206386077 -0.0709639562520918
0.059405442077654 -0.0753311903547979 -0.108278286496495 -0.00119018625393033
0.00478611984682996 -0.0798406710601763 -0.0713444586934411 0.0711056099825037
-0.0328939179705955 -0.0644997983076546 -0.0060148463589052 0.0723431120866877
-0.0598065008767523 -0.0332107285715946 0.0222451527584698 0.0396591238241083
-0.0591722862455047 -0.0168598120938211 0.0270408020729904 0.0173332960687051
-0.0634927821540906 -0.020280598833006 0.0319895427982333 -0.00146027830003125
-0.0497661638773096 -0.0566822592914204 0.0415199338237539 -0.0131957690706771
-0.0141643155053819 -0.0765378996311864 0.0591013291354499 -0.00918235168829554
0.0369298746559519 -0.0972929488383361 0.0762147697869387 0.0238321725066102
0.103759121771405 -0.0383389648072045 0.0644544640444289 0.0654498548966668
0.112027498937531 0.0630497960234131 0.0132823600535452 0.0717937388123768
0.0830775884003066 0.128743032754753 0.00752000013281603 0.0461607209190154
0.0387196830331219 0.128620833831176 -0.0318251618793072 -0.0114686457637734
0.0842520671687112 0.107288314150457 0.0156674859857968 -0.0750504375698904
0.117990383336513 0.0171774551635284 -0.0491144908110867 -0.0896394692444599
0.084699800950843 -0.0779344017117913 -0.0966520920533254 -0.0294312990849708
0.016593217671374 -0.0949195088826192 -0.0765404877182522 0.0362672026299202
-0.0314104754226376 -0.0787894740467154 -0.0260797506000288 0.0453871398889011
-0.0652122509540377 -0.0436710209284188 -0.00400949308591454 0.0221433450787791
-0.066544430063791 -0.0215409241022668 0.00152474469703318 0.00660638169046183
-0.069859378960607 -0.0218476488610177 0.00726409518412934 -0.0133850504569574
-0.0548809783556874 -0.0583844357503436 0.019393333408161 -0.0299256046330963
-0.0190886261774836 -0.0811701687413182 0.0452920477497826 -0.033263979941553
0.0355890258121291 -0.104762864943981 0.074973402237912 -0.00170547535828825
0.10507373088023 -0.0424144308843491 0.0719819235095445 0.0444089301808744
0.111260593224585 0.0615067770232252 0.012593826612453 0.0550578384360351
0.0795896126198132 0.129308963817665 -0.00626406177110987 0.00196230246465767
0.0193152277758407 0.118502658273684 -0.0355653649063587 -0.0702005739596166
0.061843647079743 0.114384680779371 0.0121409663771736 -0.102595827951925
0.10820044733399 0.0363825806752038 -0.0305267987633134 -0.103561192289174
0.0910295509879657 -0.0618404562934697 -0.0759959714069663 -0.0546067414157447
0.0248490729339718 -0.0891078699438874 -0.0711772870790748 -0.00107327326181923
-0.024588441390111 -0.0779850318934468 -0.0429924371724703 0.014218937166027
-0.0605822634574316 -0.0453436594159405 -0.0291258254502727 0.00300216979226796
-0.0636583471057323 -0.0222651994193282 -0.0234132560495085 -0.00555425948735703
-0.0671387181089003 -0.0214934022171571 -0.0177167137808013 -0.0238965963681433
-0.0527336025360474 -0.0538363937017662 -0.00199410215256994 -0.0443232138225452
-0.0178289856172462 -0.0757520227857571 0.0302553678467703 -0.0524034180508209
0.0349955041445097 -0.0953452267525062 0.0686605877500047 -0.0206747824792703
0.0960851335347306 -0.0328656641135854 0.0716159754018049 0.0269987951545761
0.0936173252256558 0.0598799361634196 0.00861961284781291 0.0409802821865306
0.0607699294107606 0.115900515514401 -0.0179707841272588 -0.035632466676065
0.000272008438233904 0.0839678029872559 -0.0335062458559126 -0.120852231858938
0.0302116036585443 0.0919803645149967 0.0107097364129092 -0.124773691518607
0.074750020413643 0.0405983515934012 -0.0133972198170925 -0.109815467677799
0.0723683771147152 -0.0378790431204057 -0.0543948738526585 -0.0716471035116165
0.0244820284819949 -0.0661655764573011 -0.0629396126010739 -0.030961569884001
-0.0160031656359667 -0.0607257351747979 -0.0550110866635202 -0.0135569656891087
-0.0458673797256896 -0.0382943610479325 -0.0498477080049319 -0.0143292238698631
-0.0514138217798411 -0.0194165459859965 -0.0455171225362564 -0.0162428720685513
-0.0548868303451041 -0.01897613402471 -0.0392373091283567 -0.034391466738648
-0.0419990384486532 -0.0443914036224662 -0.0195977201737647 -0.057184193576556
-0.0121685624510789 -0.0635804382164935 0.0205267999588582 -0.0677981119707966
0.0362190796236384 -0.074275067166843 0.0647425873333504 -0.0330780561569564
0.0790703949835622 -0.0146258967893161 0.0690750216908134 0.0166045388555512
0.0644486453064862 0.0571158484176533 0.00446735102116583 0.030272837337999
0.0308834917087946 0.0899889353020946 -0.0244251084302826 -0.0647083228539022
-0.0180860443663465 0.033927342128313 -0.0288410006251783 -0.153784024986463
-0.00220145064776787 0.0490024053598891 0.00599267950096966 -0.134616876642679
0.0308293343880675 0.0293992013191677 -0.00474491534558201 -0.110600080352426
0.0383816477184955 -0.0134373735830126 -0.0420498116028112 -0.0791131678543
0.01687779820782 -0.0329252327338619 -0.0574239131615165 -0.047343545745326
-0.00547628874286849 -0.0337542368233725 -0.06272325477804 -0.0291313499259719
-0.02459988877592 -0.0234656898459875 -0.063237295761741 -0.0239782368125561
-0.030807305108914 -0.0125530132239731 -0.060449798768695 -0.0247909148927541
-0.0346497800268921 -0.0142560008777307 -0.0540421998885917 -0.0431110090534345
-0.0269122359862282 -0.0311102424190133 -0.0296653219717957 -0.0694361412575915
-0.00483827988200996 -0.0450255832949971 0.0177468108682941 -0.0807901731291433
0.032937385261301 -0.0454385826970471 0.0665060081310469 -0.0408038682553018
0.05420137501081 0.00550176009348394 0.0671084579357884 0.0116073496061678
0.0287730597923174 0.0477395450597261 0.00268330448797157 0.0235730890533477
-0.00273240553037695 0.0535863696869958 -0.0229098611140423 -0.0826685218784669
0.0239138422496643 -0.0130805230597439 0.0400845044873042 0.0910897671190925
-0.00189584830591468 -0.0265189584252751 0.0279112970604353 -0.0266333281426825
-0.0232846468574737 -0.009571710777453 -0.0705343161609776 -0.0270238056213868
-0.0172792952159432 0.0163146336759925 -0.0862173215272657 0.0431165711087794
0.000496090850609844 0.0157018219869357 -0.0290302613869691 0.1028745726025
0.00371863363002997 0.00904797333916937 0.0369660661110851 0.0892899063157551
0.00580315302118559 0.00940450000732001 0.0642464057954648 0.0504911537680431
0.00536339924157984 0.00660315994798379 0.0700055394988211 0.02784233161578
-0.00236762812258954 0.0077739042861317 0.0727443368661768 0.0191982689445872
-0.00906607446460251 0.00278125256068395 0.0723184192805789 0.0261265513688468
-0.00890260502981048 -0.000963542600829752 0.0648517804890032 0.0453884380197099
-0.0102845790091166 -0.0134974814883948 0.0473267491594993 0.0776128516200395
0.00979377338930802 -0.0210067284029834 0.0116200595955932 0.103928774199777
0.0344883216190465 -0.00708962321276002 -0.0171011577570453 0.124604984706618
0.0321422910906444 0.0124876000413493 0.0258411681823194 0.156611231224242
0.0470668718471256 0.030219103234479 0.02308395802066 0.0951554709011203
0.0355145883270689 -0.00271482561463692 0.0283407822189778 -0.0248024867181066
0.0146695938439839 -0.0204768127084749 -0.0713273660213621 -0.0345373645724911
-0.00146045785484785 -0.0192030583965643 -0.0958373388564079 0.0386714898278742
-0.0051392013075312 -0.0146993986573837 -0.0395536527120609 0.104792193342699
-0.0136370221105414 -0.0133683446144054 0.031017209099941 0.0918095276577614
-0.0202824073734275 -0.00169621224761284 0.0595725601546789 0.0519093157885058
-0.0197164334991892 -0.000633360662977934 0.0646292472094086 0.0278553508065395
-0.027667570507951 -0.00457925874432339 0.0671660311401242 0.0152212341609109
-0.023882503379614 -0.0251153780449466 0.0698210933364524 0.0178402800110828
-0.00462196686985859 -0.033633805794426 0.0676050744168644 0.0347529564668857
0.0174471350396459 -0.0426502293725376 0.0574289120895495 0.0673261424452331
0.0523892677458477 -0.0171789252590249 0.0285127300809155 0.0961334449513035
0.0661842551610528 0.0333839227985942 -0.00280078888833739 0.108792870343948
0.0536046705771038 0.0671365721918716 0.0260397928264715 0.130681184797341
0.0586771398844869 0.0741156701678348 0.00261760572611802 0.0790969140717975
0.0688032750019582 0.0322723084599249 0.0255295235928073 -0.0321170536361438
0.057667948358058 -0.0215452651664404 -0.0705492540104876 -0.0487736600088318
0.0231159347742687 -0.0529733247252999 -0.104090236685983 0.0255571130048726
-0.00570527573029981 -0.0490930370622055 -0.0541489867851241 0.0965288208478344
-0.0280232151945948 -0.0391364582482436 0.0170064430437097 0.0869206577758903
-0.0436536810405943 -0.0153850354182228 0.0452853802020528 0.0477423735664734
-0.0423013338005039 -0.00757919209515082 0.0495184146125194 0.023500206788559
-0.0489230123737612 -0.0126025977900869 0.0533261941266597 0.0068712102535416
-0.0398349849789134 -0.0441231910686721 0.0592494230603978 0.00195390811933434
-0.00956446829624802 -0.0594501449153892 0.0672212476494159 0.0137148924736592
0.0303139504971455 -0.0741010747053806 0.0699725787775028 0.0466509483700797
0.0844658359177838 -0.0280087649944511 0.0495485111664795 0.0817632860422628
0.096004339516365 0.0535072451724838 0.0101554494840245 0.0894684359869311
0.0744140631201734 0.104800312101707 0.021725931940325 0.0907595785968442
0.0573619714234894 0.108926567009991 -0.0170561308642078 0.0429845655235565
0.0892435567674998 0.0714379725821934 0.0196457017050342 -0.0491170987643562
0.0969250523450206 -0.00946643054103129 -0.0641789371430938 -0.0678801208146567
0.0539956194078983 -0.0767870573177111 -0.106280687480044 0.00272905547369905
0.000743430948441287 -0.079057747670793 -0.0671979771678666 0.0743811412852733
-0.035871573315164 -0.062381991993812 -0.00306135664862431 0.0716966607369169
-0.0603391637876196 -0.0297376729251222 0.0229498839835435 0.0379113296307375
-0.0583592592762499 -0.0134352240340682 0.0277725635306219 0.0163054507410702
-0.0636736275789628 -0.0164046489772747 0.0315841137873102 -0.00310258132008624
-0.0527623867210356 -0.0532864360969519 0.0410255742772717 -0.015213537361663
-0.0176846422468964 -0.0749168366453456 0.0588768396826333 -0.0118142937243183
0.0308691705640589 -0.0972853875184411 0.0764477469879832 0.0205385536453644
0.100266320219711 -0.0422237602191051 0.0660172668629035 0.0612480647673035
0.113878749297976 0.0571720674884132 0.0158090958999651 0.0710240128135708
0.086169207259334 0.12315362168438 0.0092000428174784 0.0462535633448334
0.0440107662417938 0.124831290191376 -0.0311853740437394 -0.0101659787928801
0.0883221975258166 0.101619564235541 0.0130319216674759 -0.074232272372847
0.117066716072899 0.0118936674531264 -0.0518764046163974 -0.0870289587962827
0.0793563902532693 -0.0805367399931737 -0.0967709208792199 -0.0249518077034075
0.0108660025585758 -0.0944265440062687 -0.0730849708962728 0.040193120091791
-0.0353567839250665 -0.0767258911017488 -0.0239220060051758 0.0461121892910355
-0.0668744225237327 -0.0397080884073975 -0.00303079995764564 0.0221584976264177
-0.0664291436330648 -0.0178512138666649 0.00234562760502893 0.00695533006576784
-0.0694983890370706 -0.0175313085042793 0.00618859097378986 -0.0130225920710001
-0.0579816116413554 -0.0548267803353644 0.0183831864884506 -0.0305331415288137
-0.0224194071920293 -0.0793976793201708 0.0436745156650275 -0.0350323143318388
0.0291377330044681 -0.105208345544845 0.0735744350826968 -0.00412482293650809
0.102011304750453 -0.0463514712441206 0.0728112155461704 0.0401266552156299
0.112795234544715 0.0553117985477762 0.0143535482449338 0.0545753496577401
0.0830896639694732 0.124186009029313 -0.00679904145332051 0.00353786780894211
0.0243110168780659 0.115899395927136 -0.0379277305651784 -0.0677451330755541
0.0668724132501372 0.109836505053449 0.00850595468659843 -0.101301579314879
0.107822706546208 0.0314004097247682 -0.0339668774765098 -0.101095229566631
0.0859512354644963 -0.0650743158101304 -0.0775598149136872 -0.0508300051677716
0.0198447860770754 -0.0891720482778313 -0.0707400244169538 0.00317742555431637
-0.0288026073303978 -0.0757605474380778 -0.0422787429715515 0.0156943693254568
-0.0616506441434845 -0.041624842575233 -0.028979748002485 0.00426483224471949
-0.0635694610265067 -0.0187169477815397 -0.0239520434908396 -0.00368012537485497
-0.0667505014334828 -0.017472228334387 -0.0183541597384153 -0.02258229295143
-0.0546642253636083 -0.0501879121583833 -0.00387152280389749 -0.0429717922608124
-0.0208281596913061 -0.0742406086221734 0.0286659123895486 -0.0533872659913444
0.0296172772788355 -0.095885111355282 0.0672651263686521 -0.0225396750726369
0.0932368939781771 -0.0367222151440439 0.0719838928988805 0.0232192019903054
0.0949121207035295 0.0550137741383494 0.0102046098973128 0.0410932264470166
0.0639761112007614 0.110568679027232 -0.0202157458938583 -0.0333244719224629
0.0038401874604971 0.0824769733633452 -0.0379008575879143 -0.117987700163302
0.0342132128283306 0.089163503427779 0.00546313066204162 -0.12289539054507
0.074848955225093 0.0370668929535484 -0.017245630797459 -0.107801347790287
0.0689850760475711 -0.0401727918729595 -0.0562631068137483 -0.0680228441877281
0.0207675018560021 -0.0666722253492021 -0.0637300344755623 -0.0275308900589617
-0.019109526141533 -0.0593166729020957 -0.0557145480072689 -0.0104608112052942
-0.0472296415642235 -0.0353658371398733 -0.0509118061371734 -0.0115114835847782
-0.051254834816463 -0.0165279083198993 -0.0461764021944909 -0.013722324198287
-0.0544237555474524 -0.0154665068150061 -0.0402656968179586 -0.0315264344131343
-0.0439842330627908 -0.0417715165920978 -0.0214505101836898 -0.0552487672426065
-0.0146060850083592 -0.0620210948384071 0.0173375443993987 -0.0683000696182956
0.0314097458857587 -0.0750384938022515 0.0626780475014387 -0.0352156381901607
0.0773333285320302 -0.0178071571655829 0.068545737671616 0.0130433507869807
0.0658836727928502 0.0535240678259743 0.00545371016225603 0.0302091621904867
0.0340145625112386 0.0871056818198485 -0.0278381010406406 -0.0616259614917944
-0.016056551085675 0.0338309315793333 -0.0352260243479848 -0.150063722838963
-0.000106550375901095 0.048137068706735 0.000430661292611904 -0.132291094252199
0.0310581007126046 0.0278289514355287 -0.00753190521483892 -0.108738313615526
0.0369099992098195 -0.0146788764593567 -0.0443098713873873 -0.0760398443758211
0.0147935358768079 -0.0336088913839592 -0.059080339726641 -0.0444175565462505
-0.00718709534079681 -0.0329345082789099 -0.0646187478082314 -0.0260008136365327
-0.0253960814791819 -0.022004313772658 -0.0648738473816729 -0.0201874439184709
-0.0305282380091733 -0.0113098937212733 -0.0607739388243599 -0.020685438396771
-0.034031117585741 -0.0121746493355897 -0.0555447396269653 -0.0397135742875925
-0.0277756281004156 -0.0286830547740879 -0.0324401748056506 -0.06711966976016
-0.00680869396158573 -0.0444912330555694 0.013955583860888 -0.0803388970788805
0.0303004849183579 -0.0462959947522942 0.0636958721073976 -0.0430115572087098
0.0540793368402191 0.00300489213593721 0.0664630783821775 0.00822360174516185
0.0301756973342694 0.0463208489527806 0.00384340167973345 0.0236487415222429
-0.000688197350603575 0.0530474203207833 -0.0267257170145419 -0.0793916762801823
0.0225098173728003 -0.0126419357465023 0.0411231791793629 0.0865445529390233
-0.00286167336292095 -0.0256521132428072 0.0269101591649039 -0.0270947400684913
-0.0225193203859092 -0.00898881682075016 -0.0682991507709067 -0.0249663888054804
-0.0160120279160472 0.0162243092999146 -0.0834332226169619 0.0434619142511485
0.000353530323265836 0.0157239180772034 -0.0254642490102515 0.100523757459708
0.00370799936995821 0.00870337169124577 0.0381158536417106 0.085680359233044
0.00631364125912301 0.00891257076745309 0.0633403781939781 0.046750932457076
0.00509035200691389 0.00592630657841719 0.0690247958024986 0.0247358900179096
-0.00222691033814522 0.0075493881345068 0.0712597661587004 0.0161405854452216
-0.00926544170368633 0.00283324504862696 0.0713963577993641 0.0233697253282901
-0.00845918446631029 -0.00100866279150366 0.0640448188391767 0.0427355760361212
-0.0102907378374 -0.0124221816742386 0.0475700886931725 0.0740909484981053
0.00897108557348431 -0.0202099644687396 0.0128805938322873 0.100106404841236
0.0329767057274283 -0.00769313260255302 -0.0140420353072795 0.120779423512903
0.0307576936988465 0.0118238872448334 0.0288488752833461 0.150767797200076
0.0458593721828109 0.0281134876903332 0.025170898502262 0.0911330052813016
0.034344045525342 -0.00363029229490949 0.0273304722102397 -0.0254367808762381
0.0134021038893399 -0.0206055379403107 -0.0693745866121481 -0.0324593431682178
-0.00221367864561604 -0.018121263965089 -0.0924460296635489 0.0390913290934932
-0.00590247939987886 -0.0137538738308306 -0.0357345962901834 0.102668276068133
-0.0141081777813997 -0.0123704459168972 0.0321533066479005 0.0885416977783942
-0.0191029800320524 -0.000929796619045345 0.0591195259988646 0.04817689341791
-0.0192984712053673 -0.000464674733727614 0.0639669865919387 0.0250799543562869
-0.0265931193269351 -0.0032685562641867 0.0662606146165656 0.012257293020362
-0.0245114313141364 -0.0236362312369408 0.0682968902314166 0.01566397110167
-0.00521077437849052 -0.0325922992571405 0.0665912616974058 0.0327059518846829
0.0156191331999567 -0.0415980660018569 0.0575413424591878 0.0642935801705197
0.0500230668910328 -0.0176934288181905 0.0284024941451082 0.0918731152181856
0.0644302633620874 0.0303068217943866 -0.000998197525439278 0.105718049590197
0.0521164646966642 0.0642557865161596 0.0290608714516937 0.126038720005799
0.0586347087267557 0.0694350299107301 0.00500883764353155 0.0761923896669037
0.0674998344510281 0.0291632747604481 0.0244643633370126 -0.0319941626468059
0.0548854954997015 -0.0228625884733642 -0.0693265388552314 -0.0460334687413062
0.0205232605821559 -0.051437398205597 -0.100578040002288 0.0271268496954003
-0.007587918654399 -0.0469316906014548 -0.0492709914769123 0.095232803355552
-0.0287252463569567 -0.0369468489863611 0.0181951973609542 0.0837923191727193
-0.0424569120329475 -0.0134878813092829 0.0448392188529354 0.0449959581625577
-0.0405134789636666 -0.00581920219375878 0.0487050549492233 0.0215780755005394
-0.0475488412603593 -0.00995362680632978 0.051917648184373 0.00435163536009641
-0.0408529958753122 -0.0415903908036738 0.0575428754323859 0.000508149128822128
-0.0106344232849817 -0.0574428647854408 0.0662068093343291 0.0111031589331957
0.0267482183943796 -0.0723894275828013 0.0690335870551255 0.0441684611629487
0.0809052437891202 -0.0296056395770537 0.0489192033408292 0.0776073240638329
0.0942543220002085 0.0492829165904922 0.0112035190451234 0.087081428573133
0.073258217372657 0.0995409567763106 0.0231766480336597 0.0880976940045185
0.0577872220075241 0.103307957752656 -0.0146999747753229 0.0409402680716409
0.0882688431404977 0.0669567722994369 0.0189485265331503 -0.0476752056354765
0.0927691110205092 -0.0121129348333328 -0.063840442434283 -0.0644362696511094
0.0494125804402705 -0.0747484785066395 -0.102820243756892 0.00523891056117567
-0.00268546923284621 -0.0762287530181465 -0.0625654920521047 0.0746442987462435
-0.0372336789281618 -0.0597242791975946 -0.000905482088629241 0.0698206806081127
-0.0591726660218083 -0.0266617887498017 0.0230993155714619 0.0357243591501212
-0.056957110384288 -0.0116402163874734 0.0270649731698901 0.0154801808424796
-0.0618009569718072 -0.013791910685498 0.0307768369504666 -0.00457932467928724
-0.0528811998577157 -0.0503143710770774 0.0399677679049322 -0.0153250663204741
-0.0191413350038434 -0.0720767601406407 0.0572913728480479 -0.0129069501803649
0.026115213617095 -0.0951430900455219 0.0740891328190646 0.0183121184753583
0.0958388954522333 -0.0439686780715741 0.0647458834473192 0.0574061231203519
0.111357123948093 0.052719554115476 0.0168019313448438 0.068749301252363
0.0857904929465057 0.116774071079602 0.0097764741415173 0.0451254627990148
0.0452085113377112 0.118816232443463 -0.0298158278574001 -0.00874156929281815
0.0882374865236605 0.0964683493384586 0.0113057733321223 -0.0717136605199674
0.112484911821487 0.00828139112085745 -0.0518808158543475 -0.0828839968739046
0.0738306584284039 -0.0796413195067965 -0.0937534875050033 -0.0220860092857041
0.0072379744071292 -0.0919918063692472 -0.0693631904985523 0.0421639396226046
-0.037437035820748 -0.0733381172005214 -0.0221139827888517 0.0455296890816609
-0.0655442547596053 -0.036293311818096 -0.00315339458786486 0.0219802034013996
-0.0640353926015968 -0.0149476724410864 0.00171425896408201 0.00722024325107296
-0.067651560738311 -0.0146220636251319 0.00620260945120976 -0.0131671642625681
-0.0581172578520467 -0.0512949443333552 0.0175308900842177 -0.0293914504695979
-0.0239385064474041 -0.0760943766049116 0.0423350069498707 -0.0354540478577231
0.024356501564998 -0.102129654835767 0.071204776682429 -0.0051852456410729
0.0970390749006673 -0.047684185067192 0.0708128648091361 0.0366740794427265
0.110443579388362 0.0510209246879494 0.0149374571544832 0.0527077802944588
0.0828331466347582 0.117637643559301 -0.00664520498725135 0.00446194790171003
0.0261949234156235 0.11095535896484 -0.0379422136500622 -0.0644076477546251
0.0672921211556779 0.10507880626948 0.00645559088855736 -0.0971620806761296
0.105079496526072 0.0278357941138456 -0.034866606796011 -0.0967805812471867
0.0808329543283752 -0.0644487127301037 -0.0753072822030998 -0.0476537651454424
0.0157413033786721 -0.0877686191918582 -0.0679194409717161 0.00508769928390817
-0.0304393674669265 -0.073163970448346 -0.0407241434546197 0.0165436898816521
-0.0609797128561607 -0.0384850612384131 -0.0285560933460482 0.00569258482565887
-0.0616018006421668 -0.0163037051811488 -0.0235685590365257 -0.00237152634958026
-0.0643240726422583 -0.0144446906373884 -0.0185132776684132 -0.0215302941740559
-0.0545525777414508 -0.047078737554611 -0.00466995855754549 -0.0414193646437113
-0.0222482532367611 -0.0714831415410653 0.0267669169731866 -0.0527129615165683
0.0253963786713308 -0.0935294243550113 0.0648047414880963 -0.0230234460410544
0.0887820996603265 -0.0384259154057757 0.0699034690331631 0.0206397739236129
0.09332575221463 0.0504411258935132 0.00991591555562639 0.0399670423131765
0.0643865618920339 0.105682443190903 -0.0214897669167415 -0.0309251399207514
0.00563544345368306 0.079094303218397 -0.0393661460300009 -0.112536195045779
0.0349045271981033 0.0854126357273773 0.00293537101662208 -0.117652942480007
0.0728904009788984 0.0334239609859648 -0.0175283718710317 -0.103691816323125
0.0651965594042573 -0.0404024354099057 -0.0551923508563578 -0.0648100960440169
0.0175525112030656 -0.0653613241307524 -0.0621975948394336 -0.0246831330227976
-0.0205553457507045 -0.0574845482559431 -0.0549143943874163 -0.00914533933514624
-0.0469363040856749 -0.0328819634863246 -0.0501289532913656 -0.00871082569793187
-0.0492327603271577 -0.0142150373005673 -0.0452933932812063 -0.0108683889249674
-0.0526353306940309 -0.0130793934420941 -0.0401126387828482 -0.0294012579322845
-0.0436484321774673 -0.0389696029075974 -0.0222147378167689 -0.0528790020132317
-0.0162148874565857 -0.0597307965574999 0.0158806059620028 -0.0667153195369262
0.0275097659653305 -0.0730788874943408 0.0600870444834273 -0.0354473908519222
0.0742984661989698 -0.0195103257806018 0.0659192439208337 0.00967757795947608
0.0642529940565928 0.0500121809072994 0.00590753903190836 0.029383920696705
0.034787406783305 0.0825685310963981 -0.0296539904175103 -0.0579817922629423
-0.0147054320585435 0.0327744177824873 -0.0369012458098471 -0.144225370988305
0.00089191317641674 0.0463807691272653 -0.00166019574910482 -0.127263598775685
0.0306266890679765 0.026659299855174 -0.00873602024709771 -0.105698188583828
0.0347091802494418 -0.0145132964359909 -0.0439778583534482 -0.0731179868075487
0.013170006832219 -0.0335368419484941 -0.0584122681815029 -0.0415333922659687
-0.00834245469765614 -0.031685227877758 -0.063841832339468 -0.0236805939137902
-0.0252706668452967 -0.0205751234070659 -0.064500643292591 -0.0172977045339987
-0.029223751800782 -0.0098885068540105 -0.0598902457521217 -0.0174757815067932
-0.032630985496758 -0.0106590740770179 -0.054614374833166 -0.0368875959512784
-0.0275973366236522 -0.0265129587814986 -0.0333148787579789 -0.0638058200022502
-0.00746614006694819 -0.0420914919073725 0.0120852232233154 -0.0786152683036581
0.0275816299905402 -0.0458388433446886 0.0614960496792533 -0.0433856359096469
0.0520332251357389 0.00109313611983244 0.0644535501156965 0.00637187292316662
0.0299008636287124 0.0438733250048745 0.00409391202234199 0.0232088204231101
0.000618873926258352 0.0507774097470119 -0.0293428474155841 -0.0749384991515876
0.0233767844842615 -0.0107897820455398 0.0347127239108295 0.0846577463969997
-0.00113150143730544 -0.0254933253680229 0.026960406144278 -0.025084978787157
-0.02158455596612 -0.00956273929529042 -0.0651767764425764 -0.0276090224897864
-0.0157719967603963 0.0154204670558087 -0.0834644869822969 0.0388869155955332
0.000754847265539506 0.0149543931133533 -0.0278919493296969 0.0960785502209822
0.00321136401063209 0.00878908324708899 0.0333076307735949 0.0841253100355689
0.00591875692125074 0.00974914983105596 0.0596932614253908 0.0484505521668722
0.00468379752735482 0.0062823019807194 0.0664122626375531 0.0256466275379238
-0.00251837884113515 0.00790322664144834 0.0690069336134084 0.0175648387685198
-0.00894502069225518 0.00248134985928839 0.0687517385554257 0.0249218102903377
-0.00733925496268685 -0.00143947938810795 0.0596206790117597 0.0437816540863506
-0.00808368878164869 -0.011799431322232 0.0418835063105371 0.0726392419264797
0.00999741988696248 -0.0176744824530105 0.00597200346830976 0.096570012682779
0.0319018683352078 -0.00444503245406586 -0.020546019095391 0.116871486351725
0.0302006084423725 0.0138094048221052 0.0182401912999879 0.147421997876619
0.0436269204062969 0.0303750785120432 0.0209067404834085 0.0874833546659733
0.0333223673937327 -0.00157747212503716 0.0280859897802653 -0.0244106096704483
0.0141513739782145 -0.0186160179064193 -0.0656442764746159 -0.036202709487588
-0.000670336976177928 -0.0164406340834968 -0.0922537429347511 0.0322299547254255
-0.00358459587837175 -0.0138838251724185 -0.0395698727369837 0.0972185192189526
-0.0130449669983079 -0.0129574575131175 0.0264342097037633 0.0865632076427213
-0.0180632114851118 -0.00144334147781979 0.0543895394690934 0.0498423327790331
-0.0187839065461289 -0.00104156165780499 0.0608102208379509 0.0260261098006635
-0.0258156069339674 -0.00414840627016216 0.0645482117449842 0.0132456640840046
-0.0232224544144303 -0.0244293741841002 0.066366316464521 0.0169057636441313
-0.00332817426387435 -0.0329057796047358 0.06412437602224 0.0344049122006009
0.0185208178614563 -0.0391236227872587 0.0536189553841766 0.0637116676817998
0.0500299985545191 -0.0139374728289819 0.0227606877749041 0.0905896951633086
0.0616042445893245 0.0343221161118617 -0.00797841860821647 0.103780343609007
0.0494027926116887 0.0644942348419214 0.0178159488837026 0.124770602904057
0.053147749804606 0.0721661880271928 0.00429872547932675 0.0723466744170092
0.0633081066842492 0.0326302756440658 0.0270624929762456 -0.0319718913537871
0.054360816139471 -0.0176510301084759 -0.0640267904543858 -0.0507038633709214
0.0227135425045698 -0.0472524657745946 -0.0997935746431866 0.0179578512075365
-0.00343527680138438 -0.0456584828797249 -0.0528867202377868 0.0888756449351346
-0.0261763009940182 -0.0376694846314839 0.0123808712320179 0.0814934902063725
-0.040151311457226 -0.0146110774963749 0.040174414086819 0.0463034658433616
-0.0396176806166347 -0.00788619694380916 0.0463627196142021 0.0224665576290233
-0.0456206544020595 -0.0120651829052769 0.0501565895925848 0.00515679560352825
-0.0385099438811749 -0.0427949165636953 0.0565069277652352 0.00145463361391223
-0.00756417461047085 -0.0576860902957608 0.0650950633187922 0.0128229483617609
0.0299659402562846 -0.0682958018842601 0.0675293323702772 0.0447558081167124
0.0807858153285838 -0.0234380506661162 0.0440698587452097 0.0783536292730421
0.0900502939296996 0.053431918429192 0.00439351518776185 0.0877475504458016
0.0684316758663907 0.100132291071771 0.014453983414822 0.0888567107908919
0.0495229238430224 0.105207217989013 -0.0117259299394564 0.0384795027212885
0.0809597210450076 0.071167709758624 0.0234539582422794 -0.0480003712335018
0.0905271963444452 -0.0045558105244588 -0.0572178230796994 -0.0698277343836808
0.051552848166868 -0.0678918341377714 -0.100728277201691 -0.00440043441547587
0.00258061246599135 -0.0735872019980112 -0.0653684166887513 0.0678563753402298
-0.0331871712036117 -0.0599161672594183 -0.005963466736436 0.0670491853434219
-0.0557703535343229 -0.028439320655842 0.0187271421600923 0.0365808463717386
-0.0550551527509466 -0.0141502603079521 0.0249916153981657 0.0159963624643768
-0.059541396022481 -0.0157625311029454 0.029986018994574 -0.00424899722624331
-0.0508096587846803 -0.0517482672992657 0.0400369241562979 -0.0150296131410159
-0.0159867602285679 -0.0726226884998933 0.0584244102290397 -0.0120620554110185
0.0302083810686039 -0.0908306915021374 0.0754562586781672 0.0196414866309647
0.096465163514706 -0.0370461277458586 0.0611092799912285 0.0601047194859161
0.10675111570206 0.0573252240456637 0.0105882994192486 0.0706346532933581
0.0793641471886407 0.115864791018857 0.0036911860324948 0.0478143289117884
0.0361119819235225 0.120266611448589 -0.0230392078942921 -0.010175605468612
0.0781098482234643 0.100932625456357 0.0190602326859136 -0.0712617410419585
0.108022840156129 0.0164589826035842 -0.0428740147271549 -0.0871302212786278
0.074186793777044 -0.07048409334924 -0.0898425880999115 -0.0310744902882182
0.0127607494344426 -0.0875613267848492 -0.0710522943495529 0.0348447580641756
-0.0324526198485902 -0.0728407065372498 -0.0255908209243866 0.042779868448305
-0.0617749046834476 -0.0381793147312665 -0.00608919979083828 0.0220394921385399
-0.0619794672509147 -0.0184311493725094 0.000535737096883718 0.00750088246037556
-0.0650334306831349 -0.0169676514884283 0.00675151967641684 -0.0133371102258381
-0.055906312976655 -0.0529446593466799 0.01883617343 -0.029303307510108
-0.0205395444450735 -0.0767469936321637 0.0451138663686064 -0.0345149134643672
0.0282791056190938 -0.098271534468573 0.0738716235214219 -0.0040685060563938
0.0977339165837111 -0.0415198859659902 0.0682956646762059 0.0407298039347018
0.106020607413319 0.0553271869958005 0.00989851214028995 0.0557620203359704
0.076468794980279 0.116596678016413 -0.00990818127631562 0.0073481983308312
0.0166547204576582 0.111257635140072 -0.027614011485101 -0.0639672441655155
0.0571974828493525 0.107510778819723 0.0155562169004242 -0.0954195048408443
0.0986185404545197 0.0350084758829379 -0.0249957673625385 -0.098830251724966
0.0800916779845253 -0.0560955818813841 -0.0698839773464403 -0.0547633039271018
0.019991404073411 -0.0825374888590112 -0.0681949082781582 -1.18642474421919E-05
-0.0262544319387608 -0.0722642996468149 -0.0424268377957186 0.0140754497916895
-0.0581129555090437 -0.0404170629356035 -0.0302628116394253 0.00485473305311604
-0.0594136290039301 -0.0199005261186465 -0.0238684337434951 -0.0026042967610533
-0.0623702685276293 -0.0167386298982655 -0.0172017835096956 -0.0223101624288829
-0.0522846308570728 -0.0485669288335167 -0.0022022285172814 -0.0418599441378246
-0.0191064065705394 -0.0716666897538072 0.0305251483724575 -0.0516725757984393
0.0285370606020874 -0.0900723801680566 0.0676515653443716 -0.0211302213973913
0.0896242436093911 -0.0332505611199958 0.0683124500225912 0.0250009210749362
0.088608736087219 0.0537534895475528 0.00655319909679478 0.0416859381218244
0.0583638826602581 0.103954748524691 -0.0217847854208823 -0.027504996428623
-0.00181230155664017 0.0788928209750784 -0.0276243453483515 -0.110430480858006
0.0272544039403258 0.0863584652311595 0.012526357189424 -0.114174958411876
0.0674332589657958 0.0386167291043551 -0.00823444192347389 -0.103884772215491
0.0635554429576986 -0.0332979549416706 -0.0490981445523158 -0.0687540391408879
0.0203890757567679 -0.0610291148980186 -0.0606099067181292 -0.0289089681561404
-0.0172579226407294 -0.0563511846528053 -0.0542075287668682 -0.0114853289393575
-0.0439439440520729 -0.0343149947617368 -0.0507338750658273 -0.00954378331357608
-0.0474561736515053 -0.0169389863754867 -0.0441909108395369 -0.0115027817288836
-0.0504335600902632 -0.015054914543563 -0.0382944537336764 -0.0301299815894238
-0.0422265201389296 -0.0399297157694173 -0.0190023643834359 -0.0529533614425992
-0.013297351827299 -0.0602438947414021 0.0203371340100182 -0.0649851982532746
0.029898353193374 -0.0705578193411322 0.0633502552437575 -0.0326758845257717
0.0746903568706777 -0.0154861804760678 0.0642424560131178 0.0152660850078266
0.0609077685810345 0.052198283230975 0.00234953702082568 0.0311817217092356
0.0306408672200906 0.081079040444972 -0.0274939725269866 -0.05514046589954
-0.0182689557503615 0.0318445574110265 -0.0261666971754017 -0.140556190271183
-0.00402753321514238 0.0457909442316317 0.00759430163108735 -0.121785930667028
0.0267994850286475 0.0281712819722953 -2.42641589118566E-05 -0.103245180754675
0.0329688563185939 -0.0112588116101925 -0.0373932161023362 -0.0747479187156718
0.0140041152309257 -0.030348675908316 -0.0556357437148924 -0.0440324197937632
-0.00655469267618183 -0.0311459202133603 -0.0617190184777206 -0.0253978839439139
-0.0239597382886927 -0.0218588039579189 -0.0631123809780515 -0.018340862061391
-0.0280139999191063 -0.0117505792303338 -0.0579524164775087 -0.0179482189900004
-0.0314541241496714 -0.0114436472327439 -0.0522299323528227 -0.0373574633543075
-0.0265752616433745 -0.0277941585868014 -0.0295479817599559 -0.0635379120229908
-0.00612439141790616 -0.0425150307043006 0.0160896308596909 -0.0762122943205248
0.0293119381781942 -0.0438004841100407 0.0643055566383588 -0.0392796664593115
0.052143400513622 0.0035708219521971 0.0621751918092642 0.0110611137989148
0.0272626068770615 0.044641396467076 0.00125216655887234 0.0239097551326165
-0.00163280441502102 0.0484875094022045 -0.0255455743938471 -0.0726273812897104
0.0234737828262663 -0.0102646788144968 0.0328373542705767 0.0837968691276917
-0.000624898573195272 -0.0249656991794499 0.0277990947659973 -0.0250510036236308
-0.0216141577259178 -0.0100355497413737 -0.0639048832483155 -0.0289795386201771
-0.0154676841482779 0.0151581261404857 -0.0840071891437786 0.0367880904748634
0.000696446049922631 0.0155927947124173 -0.0297636615697302 0.0954345416281967
0.00336810168686403 0.00934550031793731 0.0321197531457795 0.0848163219752771
0.0059055333285788 0.00979304338488909 0.0585861387027686 0.0488707226197202
0.00447925376816938 0.00635345670518822 0.0660221083498886 0.026429605069907
-0.00242648822083366 0.00769364812575753 0.0695952792951063 0.0182389909836947
-0.00902698568939839 0.00278496484401665 0.0680550198870753 0.0258453303297959
-0.00711283597416079 -0.00207183727487976 0.0583495051169976 0.0450844427549321
-0.00760154593740538 -0.0116096524154452 0.0403387389732497 0.0732224771595563
0.0101949991478489 -0.0172389205828762 0.0029566318913142 0.0957043398106089
0.0320114050354902 -0.00436950095507181 -0.0234559840090749 0.115975554285876
0.029227475982133 0.0149530373569434 0.015557811571454 0.146373061093287
0.0426829377751553 0.0312005860668577 0.0197732539301735 0.0867350124110838
0.033588328644929 -0.000930353972678919 0.029080860387601 -0.0244181851207612
0.0134962517404687 -0.0186192868383851 -0.0643988888439956 -0.0373227841635914
-0.000547528239142375 -0.0163888002710392 -0.0928567832852574 0.0302657159228557
-0.00378476924441193 -0.0134624326035747 -0.0404900837307195 0.0961507977368172
-0.012710293744559 -0.0124313760861337 0.0249761558940483 0.0867100035601601
-0.0180729203551377 -0.00105139603834535 0.0532950062160727 0.0502229332158576
-0.0186252830373796 -0.00129581742757231 0.060406654076119 0.0264777134791764
-0.0253520233117475 -0.00431113348623214 0.0639255832045351 0.013457443747882
-0.0235593352646717 -0.0244678284983054 0.0663705662066074 0.0177412184833643
-0.00224934123662888 -0.0327304790580748 0.0633898301804378 0.0348190699365449
0.0185668393568216 -0.0383097158396925 0.0517053814743514 0.0650678889252227
0.0500311834946645 -0.0120316385436237 0.0194877669911947 0.0901136739695114
0.0603981940493507 0.0350111012200821 -0.0107995343480035 0.103453266927292
0.0473365395228155 0.0659571770383649 0.0158764635379865 0.12422916418871
0.0511167356034129 0.0719741059474492 0.00338937722841306 0.0716729034851575
0.0626834534669452 0.0336013341742244 0.0279904988855806 -0.0316642526022225
0.0533994334922371 -0.0172608351571546 -0.0626201621426208 -0.0522391367218311
0.022682674845502 -0.0464775789033026 -0.0997537527574721 0.0160079912745451
-0.003713645431786 -0.0450803616725689 -0.0536325670172417 0.0879249585040248
-0.0258006524103641 -0.0375984050777761 0.0113037491203704 0.080915712214441
-0.0399327964420561 -0.0147679255882769 0.0389579337804338 0.0467961813424152
-0.0393941053274935 -0.0084967814140046 0.0458834510102087 0.0227624311156465
-0.0451856907602241 -0.0123351393916234 0.0505266095491985 0.00583435360235008
-0.0383014958675636 -0.042787637486476 0.0568962629968069 0.00257218628687125
-0.00657819682340034 -0.0579892201104559 0.0651065709451392 0.0137148999997244
0.0301774100740949 -0.0673615518276226 0.0662296229794977 0.0462579160943407
0.0806814238235682 -0.0221998884951887 0.0411588526501527 0.078730402630457
0.0883694748141442 0.0547289337425856 0.00222066893473333 0.0879101386530089
0.0654880430530945 0.100282075704184 0.0122817509145837 0.0887993473426655
0.0471894707145292 0.104952039830741 -0.0115340149852589 0.0380102748645918
0.0794787281918224 0.0721785754664753 0.0250780254556976 -0.0474579818383459
0.089388235679586 -0.00350450021308904 -0.0547227189325498 -0.070408848237076
0.0514039952714052 -0.0660440523124222 -0.100086942446628 -0.00628677668361728
0.00283765671702739 -0.0726497817421885 -0.0658647626783315 0.0664677496542566
-0.0328807295673478 -0.0599714772991421 -0.00701756225859138 0.0667681885999417
-0.055526896907107 -0.0290973930262506 0.0178300698259863 0.0371863697361326
-0.0540449842856072 -0.0149054631219245 0.0247558646077845 0.0165159242626347
-0.0583735024951504 -0.0158536973031718 0.0298985162446882 -0.00416771928332528
-0.0503315636034054 -0.0517667723130555 0.0401951062006448 -0.0142809509747354
-0.0143293979700026 -0.0726253121596345 0.0585908431988462 -0.0114299405481536
0.0311521106857039 -0.089586977668736 0.0743588524616541 0.020926415361182
0.0963542367770886 -0.0352140847848836 0.0587806996562849 0.060677829509022
0.105265649309945 0.058726643261685 0.00902039170720569 0.0710666462046832
0.0758235010957481 0.117029515872313 0.00234263641432394 0.0476641169409417
0.0328742691562606 0.119577220156134 -0.0220200746345 -0.0103725259588485
0.0764702748422906 0.101879641019634 0.0212553281400804 -0.069931491688137
0.106192989914862 0.0183117251096693 -0.0399934739115012 -0.0877320966078139
0.0751575166203469 -0.0685412087363889 -0.0884973720482724 -0.0328875885562465
0.0132704432605911 -0.0868571511896175 -0.0705126269384422 0.0343576376948504
-0.0326467842641993 -0.0732048460292246 -0.0259761457082108 0.0416932694542486
-0.0615575651561869 -0.0389292116995331 -0.00676574550307656 0.0220562028105308
-0.0612346854738094 -0.0190620941220834 0.000778843338440216 0.00823199303728746
-0.0640738440442144 -0.0174340194384422 0.0063311644044882 -0.0129061166032552
-0.0555451419231821 -0.0533135070285472 0.0196667508311775 -0.0288185224672832
-0.0192736263568205 -0.0768678642885751 0.0456721671517646 -0.0338994635921066
0.0290455194065307 -0.0973433202104835 0.0733023060429153 -0.00175773779461036
0.0979073794841756 -0.0397849706983007 0.066326349662035 0.0413532143060975
0.103963264117891 0.0572755159967829 0.00911925410641745 0.055818175495556
0.0730417678473594 0.117278757786601 -0.0105135096603833 0.00846693262969702
0.01486305779274 0.109630634359816 -0.0255589129035424 -0.0638585682857462
0.05516264178389 0.107450658117471 0.0181950420095607 -0.0940972176453648
0.0969787821264014 0.0363830697705561 -0.0218696687404542 -0.0993402019327988
0.0799661098932417 -0.0545057250102014 -0.0681091659875794 -0.0558467083466359
0.0204601603084732 -0.0819327973623299 -0.0670152361869388 -0.00123989944255321
-0.0260480563102254 -0.0721924176187677 -0.042569236007345 0.0131081710743559
-0.0576268251428555 -0.0405679650992643 -0.0307859989114438 0.00532625297285105
-0.058702740875939 -0.0199980865072436 -0.0236108067557843 -0.00215230420178572
-0.0611636889500337 -0.0171881346215472 -0.0168221697383229 -0.02157673495019
-0.0520791256899514 -0.0484545644074497 -0.000783795336031741 -0.0409822304202871
-0.0181564105980545 -0.0720074456481264 0.0313886963552982 -0.0511910283756628
0.028925567326803 -0.0886914890256721 0.0683743772401115 -0.0195837979919568
0.089353827039071 -0.0315967455040398 0.066480854876955 0.0260348191707464
0.0875193265561867 0.055378769337127 0.00534368731466671 0.0421644554658207
0.0551618634406306 0.104146387575591 -0.0215181918765874 -0.0267051795387192
-0.00329078718693413 0.0777513061845192 -0.0249164415223104 -0.110063459949677
0.0252941122434391 0.0864814808290167 0.0155973133722125 -0.112566935925899
0.0659988498626971 0.0395333430529205 -0.00514300996950001 -0.103268966600441
0.0635776285968127 -0.0322016399312344 -0.0475267167261887 -0.0697336224716652
0.0206170058774428 -0.0606146084146927 -0.0592115094000603 -0.0292534450673425
-0.0171409757784654 -0.0560826722046251 -0.0546579258294952 -0.0119235785252209
-0.0440682574404069 -0.0345990951256072 -0.0508103446727159 -0.00956142932099975
-0.0466503107897156 -0.0174000044491055 -0.0438122608389854 -0.01105087297269
-0.0495304442195208 -0.0151783606330962 -0.0369545332398962 -0.0301967533625701
-0.041384137496948 -0.0403129316647147 -0.0178924938623892 -0.0530586793564454
-0.012187089898805 -0.0597829693042093 0.0213960812020868 -0.0646500278960636
0.0307480434063515 -0.0693322741083949 0.0641508713703993 -0.0309003503612979
0.074161345358004 -0.0146877227412862 0.0637723046405746 0.0167138603696188
0.0595768123653134 0.0525918035898836 0.00151820155499161 0.0312052869874138
0.0282589034521135 0.0806399494429478 -0.0273596859947928 -0.0542325066013542
-0.0192691274496389 0.0311990497633068 -0.0228263277600928 -0.139570854312498
-0.00448161809291516 0.0452765644242786 0.0106159853983137 -0.120116941477377
0.0255877596417053 0.0279293099302956 0.00287393201299715 -0.102574542647669
0.0332322038662434 -0.00998842283342176 -0.0354509138955717 -0.0751357959850803
0.0141695284401479 -0.0302473776579809 -0.0548296633805375 -0.0447390199066802
-0.00681242626481927 -0.0309037552841769 -0.0618409154503004 -0.0266796663123462
-0.0233240902924266 -0.0218398863678179 -0.06322019443786 -0.0183628900012368
-0.0271903113561174 -0.0119419003456382 -0.0577406418689908 -0.017629006167835
-0.0306416251332687 -0.01220319707471 -0.0513645347338633 -0.0370121575402022
-0.0259554042965802 -0.0276283580716239 -0.0283959925129742 -0.0634881546828549
-0.00549576085915239 -0.0419835574567712 0.0176025362813959 -0.0759382902556325
0.0290237122449406 -0.0430510033724209 0.0646792827841553 -0.0373980730509364
0.0512765322251515 0.00449545242477995 0.0614042762375609 0.012361295026241
0.026217605944545 0.0451773661360745 0.000698482189904043 0.023925950628009
-0.0029588267999902 0.0479080918955387 -0.0251299676816234 -0.0714388833306734
0.0236666791634194 -0.00963365698592657 0.0325122660231522 0.0855626837961324
-0.000158745455527135 -0.0257247351556173 0.0291228504346391 -0.0259876061126587
-0.02185274954877 -0.010558290703822 -0.0653127501710212 -0.0312836397600933
-0.0156502362903611 0.0149446855507136 -0.0877223311683279 0.0361121385250612
0.000921323276013725 0.0160524140125204 -0.0316405150076294 0.0972555098932148
0.00360203076859441 0.0100102763320537 0.0317984482344086 0.0872511266440071
0.00623564204228194 0.0101584294797113 0.0590655551779615 0.0504452216408374
0.00446040728718994 0.0063222897659818 0.0676844793596481 0.0264470158397618
-0.00264422053330972 0.00806871506480666 0.0709854998825876 0.0188230522759848
-0.00961637283565212 0.00265489688784767 0.0698680791158323 0.0274605833300445
-0.00706266192178757 -0.00237569977783567 0.0593354539757935 0.0474656344499109
-0.00763648427166111 -0.0120035163464554 0.0395183864313834 0.0755445050694504
0.0109181161889463 -0.0172587506122915 0.000101527579835671 0.0983185860024187
0.0324629304249948 -0.00418117863181239 -0.0260293583801544 0.118156446356017
0.0296326300377706 0.0159766384751394 0.0138396843112905 0.149105118328513
0.0425324889075464 0.0317941836551424 0.0193937953980166 0.0883876416828017
0.0342608152680924 -0.000619834498442742 0.0304893989402504 -0.0251515380984323
0.0139298723910231 -0.0190372734600523 -0.0656211447339467 -0.0396295629811375
-0.00047654700307911 -0.0167248932943609 -0.095850808232867 0.0292978769542888
-0.00383024820563236 -0.0131658986259942 -0.0423610446356636 0.0982645109147806
-0.0130601174471166 -0.0124236700309043 0.0247050291082573 0.0889611256593384
-0.0182509985293095 -0.00149847871514545 0.0538531459219543 0.0519781318740157
-0.0189752305639744 -0.00126949283878127 0.0619843739064354 0.0270274914391301
-0.0259140691972492 -0.00459179503345815 0.0654354410395362 0.0143492623571895
-0.0242703238306032 -0.0250449790979239 0.0681531395641202 0.0189764150685973
-0.00222395832653798 -0.0341040263358109 0.0644533355894689 0.0367785128349416
0.0195266244289148 -0.0389027347155869 0.0516429686473881 0.0670408282861081
0.0512627945681887 -0.0120456875728155 0.0176261674651018 0.0929989621532004
0.061474752258848 0.0365427176301137 -0.0128848606870937 0.105709822344575
0.0467892781303236 0.0680666806183759 0.0148433546530981 0.127077920746054
0.0507064843653072 0.0739336526123047 0.00289354161194751 0.0731090981397518
0.0637367551698105 0.0349642328825125 0.030140496265638 -0.032322400386744
0.0546228531456067 -0.0168025956990345 -0.0625304903411719 -0.0545258016771771
0.0236770463810027 -0.0468184583022355 -0.102600091354894 0.0148230007945043
-0.00361120099169738 -0.0456737562375855 -0.0554380573877513 0.0893104996241582
-0.0268734998391229 -0.0379557239666334 0.0104157270129058 0.0836726156445437
-0.0403808068281573 -0.0156622008976898 0.0390343208973596 0.0484034448311427
-0.0398332030511476 -0.00916676480894722 0.0471258058650059 0.0235301002128835
-0.0460784023735454 -0.012613965249333 0.0514417107539811 0.00576801965140197
-0.0399511245794395 -0.0439386829730607 0.0586879918019659 0.00315207142254042
-0.00625830314885221 -0.0594992223701997 0.0666574219609276 0.0151058432778541
0.0314238605619912 -0.0687301571185688 0.0667111199865264 0.0483119991720829
0.0825021080803374 -0.0213107406505129 0.0397745448903586 0.0811755826154198
0.089976141750094 0.0571891407791843 0.000545373639777806 0.0899807244977238
0.0646078482644559 0.103710825833356 0.0111699517655122 0.0912219042947413
0.045841047151487 0.10656493851018 -0.0118403854839863 0.0386550083812167
0.0805459095590398 0.0742279650506403 0.0274996824381554 -0.0480898512978182
0.0900235047886848 -0.00249345619481559 -0.0540737407802244 -0.0731911776488223
0.0531674981660921 -0.0671844045066437 -0.101769139862223 -0.00853637995275442
0.00309093722879187 -0.0739914171056792 -0.0668951199799746 0.0677891748230389
-0.033688189958354 -0.0613061117677601 -0.00778278117658655 0.068538633739296
-0.0562255905228801 -0.0298048577468737 0.0175206703421571 0.0385634234520878
-0.0551046232802931 -0.0154786375022769 0.0257933945068101 0.0174300278199204
-0.058996574747036 -0.016544357507744 0.0305563265023831 -0.00340273758441994
-0.0517546497664016 -0.0528863540946812 0.041952689581639 -0.0138788514115204
-0.0140266174612256 -0.0746184290907964 0.0600499401616868 -0.0110903020794224
0.0321284683601563 -0.0911349660463282 0.0755285631830136 0.0232979774613884
0.0986003961284583 -0.0347999442472578 0.0581098933175615 0.0627129601178942
0.106695092761508 0.0611845175039668 0.00751276063520747 0.0730620189779977
0.0754278904588546 0.120720247015401 0.00123038659734925 0.0497979169194387
0.0312611095378632 0.12114190786181 -0.0220532061456295 -0.0108303310021677
0.0770030071783311 0.104589265790178 0.0238434151897197 -0.0708764033524554
0.107877199538617 0.0198980596181966 -0.0389407800300465 -0.0904524844612828
0.076183882571177 -0.0691218691707467 -0.0895372074741166 -0.0354893361296345
0.013919462371363 -0.0878303920738597 -0.0718986991756566 0.0345759234611708
-0.0334869398993868 -0.0748409361828175 -0.0276216094254436 0.0430035536040396
-0.0628970100838855 -0.0398829704122438 -0.00760503549598766 0.0231994706009682
-0.0620006224013724 -0.0199717572144695 0.00105652251133625 0.00866963949778082
-0.064884124543221 -0.0179123316498071 0.00705175999769922 -0.01302980227781
-0.0560509112026529 -0.0546026098260621 0.020854170019646 -0.0291668248125121
-0.0189822238786933 -0.0786959821805225 0.0479202639688176 -0.0342369437160588
0.0294037941085306 -0.0989106904509692 0.0752467838133704 -0.000688762875401642
0.10033235523669 -0.040099734274602 0.0664996636600722 0.0431310667997971
0.105732096520328 0.0598877459625587 0.00826260614718298 0.0571435152367715
0.0721773068869221 0.120131458976879 -0.0113203559758025 0.00897436562429397
0.0123745941700629 0.11137695906307 -0.024425840833669 -0.0652364265694826
0.0550851368144552 0.110926392247684 0.020784232977045 -0.0952840510554269
0.0977277528354564 0.0383994151001542 -0.0197373938733737 -0.101388144309702
0.0822168558367675 -0.0541196428428671 -0.0685604766467974 -0.058282321269925
0.0211654998675272 -0.0830182379882389 -0.0682908104747082 -0.00130751375373158
-0.0269947463275007 -0.0738730343051089 -0.0441003961828627 0.0133522953607704
-0.0587989408596468 -0.0420245579440335 -0.0321239167750346 0.0057232655514646
-0.0591998212417596 -0.0208745661268146 -0.0237997963243893 -0.00136919998634339
-0.0617265497079639 -0.0179991537527353 -0.0172029652504003 -0.022298523995223
-0.0527797686380389 -0.0499319421510561 -0.000338951058423876 -0.0422022018049629
-0.0177310256959984 -0.0738990215152689 0.0335848711610601 -0.0526201464491154
0.0296954573455663 -0.0906043807223462 0.0702203315406641 -0.018714390272222
0.0912954364751948 -0.0314083808956934 0.0672806311430707 0.0273212855823382
0.0885446009568873 0.0577491185439408 0.00474660833471236 0.0433217860514785
0.0552047523589618 0.106502420859021 -0.0225592591415398 -0.0265726859630775
-0.00485522154268764 0.0791010017089726 -0.0228966365885952 -0.112433123203754
0.0248914854725981 0.0886718599082464 0.0183902391065137 -0.113675604334586
0.0664343676313877 0.0409488909708841 -0.00302942471124284 -0.105582286824764
0.0648417735044497 -0.0314874868577859 -0.0465833551025456 -0.0722723317513398
0.0210398886601901 -0.0613736077955234 -0.0603579380983228 -0.0303720276036966
-0.0176483085629008 -0.0574538509876006 -0.0561573574399498 -0.0130316726887848
-0.0449304330652381 -0.0350200846361836 -0.052362805537675 -0.00927893894245705
-0.0472845014063145 -0.0185232645885906 -0.0446375442236502 -0.0105803775234149
-0.0493995011015967 -0.0159655662508444 -0.0377859546820781 -0.0308004856313188
-0.0415865084149154 -0.0410704220539914 -0.0176451235666855 -0.0538526787410496
-0.0120887987478114 -0.0612670959254021 0.0227512596925064 -0.0663553548533009
0.0309782864603284 -0.0706733218531905 0.0669442886761846 -0.0303331821511412
0.0757473317714142 -0.0144137515635206 0.0644561351393361 0.0175232903821041
0.0600981326607418 0.0551047583782987 0.000790611770351299 0.0325010019634309
0.026985377301414 0.0820197519318712 -0.0278829444045855 -0.0546032497266354
-0.0201549929233943 0.0307074364120093 -0.0206819411109904 -0.142394318300496
-0.00548119762069058 0.0461154448443764 0.0132129788093932 -0.121803228925247
0.0256218068284628 0.0292914854563712 0.00520704070138813 -0.105032518941055
0.0337162197524111 -0.00948353062077905 -0.0343161965220616 -0.0771358696288817
0.0142302509453807 -0.0304049722725971 -0.0555938834559557 -0.0459594995277088
-0.00606515416202915 -0.0312927403459263 -0.0635873884973134 -0.0275758804080459
-0.0242441446100232 -0.0221630451605694 -0.0651791710522059 -0.0182765307734344
-0.0274493813038217 -0.0126131457891155 -0.0586846136129527 -0.0180002380318741
-0.030545590629282 -0.0126197451578407 -0.0517411309654304 -0.0377985573355961
-0.0259217194839216 -0.0279288509988047 -0.0280532705123252 -0.0651471841017168
-0.00531264768859474 -0.0427575328875379 0.0188403586030594 -0.0778578934183613
0.0299471109627886 -0.0435311312216859 0.0670305268281873 -0.0370343770117622
0.0521887636125488 0.00520858994325248 0.0626315345969092 0.0135533318478012
0.0258668430032346 0.0458918061798195 -0.000377943551322108 0.0250928234321981
-0.00365367993580033 0.0480750402667301 -0.0259649563824875 -0.0721717516555426
0.0238355837712938 -0.00984356344455361 0.0348884294722146 0.0876854789184342
-0.000363755425417352 -0.026981090607065 0.0299568352681357 -0.0278097184775019
-0.0230425137256419 -0.0106859081281009 -0.0683851437265575 -0.0320376990877238
-0.016056372325736 0.015658151900302 -0.0912493432642452 0.0386877936450007
0.000960984480676657 0.0166410478550826 -0.0314105033685097 0.101382111963196
0.00389627786616645 0.0105774451840576 0.0349308000717726 0.0898167925086531
0.00672078177728342 0.0102894456842464 0.0624728082241562 0.051042792207726
0.00462335748652795 0.00684148695006776 0.0704661930050041 0.0257086347803045
-0.00232349084433823 0.00838521595133996 0.0744719208360174 0.0178484892959496
-0.00971379528730708 0.00259500994780308 0.073916846745303 0.0278420096514382
-0.00729691107096423 -0.00300736743996439 0.0618571150667012 0.0494057798685343
-0.00784951762512087 -0.0127296981600859 0.0409985840949151 0.0774900269040452
0.0110864605024017 -0.0181917890964915 5.06728082414131E-05 0.102337004414654
0.0336463318671761 -0.00487419263658314 -0.0268458955719443 0.123070526631342
0.0306480653225535 0.0166538494197216 0.0158881935662694 0.15440505677359
0.0439552276796403 0.0330631486548225 0.0208263609572027 0.0912543337985051
0.0360186981688897 -0.00141574124078711 0.0314947853913068 -0.0268472913213432
0.01362731981492 -0.0200246902592376 -0.0683023718641619 -0.0410417478639659
-0.00112998658285049 -0.017339879812463 -0.0997721278209931 0.0314585274209953
-0.00407773408368913 -0.0133127555058338 -0.0420792508148871 0.102542251346996
-0.0141089655063104 -0.0122925956382472 0.0274639286674927 0.0923463251449797
-0.0182511062327004 -0.00106194630492813 0.0565910457844417 0.0528625673634417
-0.0195636000993595 -0.00120619784344565 0.0649588635314015 0.0268654597372897
-0.0268089561232065 -0.00382127463619548 0.0682898128716241 0.0132070716841374
-0.025686079974098 -0.0251755801768981 0.0716701953738506 0.0182183968584177
-0.00268876648411478 -0.0357819018623777 0.0675905231014584 0.0379589973890285
0.0195025150055707 -0.0405381812406341 0.0542385901171867 0.06934291830766
0.0531282205285425 -0.0130135509596061 0.0178136364918613 0.0965194391910326
0.0643556379330107 0.0370650867305929 -0.013452449469203 0.1102615146425
0.0493846105196927 0.0707016764676197 0.0162406302814675 0.131614602776284
0.0522797887151302 0.0754110081626993 0.00449394148517011 0.0752678288310168
0.0668506954470447 0.0353187948785877 0.0315514497334448 -0.0341835666910301
0.0555300324298575 -0.0182130958922371 -0.0655444282613264 -0.0563393064295074
0.0232697122885696 -0.0485315603465859 -0.106546665830979 0.015772441893869
-0.00437525636065002 -0.0468896463144243 -0.0560682389460508 0.0937681926274
-0.0287829360372279 -0.0388106026247079 0.0123975893451082 0.0867299990255602
-0.0421824694269348 -0.0153972824820499 0.0414550424989818 0.0490551852323911
-0.0414875239917625 -0.00868292029825246 0.0497716105619183 0.0235643192625589
-0.0475806294219552 -0.0119968035275701 0.0533536289755516 0.0050760890062319
-0.0423162577712748 -0.0445439453486637 0.0618437610038343 0.0022974913696502
-0.00750779797299483 -0.0623544938790446 0.0694518826867203 0.015453926724633
0.0316074525583809 -0.0712205256947807 0.0703763299323125 0.0502065200243202
0.0856048772116333 -0.0235211993134815 0.0410541247548183 0.0838082216944167
0.0938967304293176 0.0585460751639013 0.000586051086098838 0.0940080336108282
0.0678221598460471 0.106954673721735 0.012080200667127 0.0947866603734459
0.0475621393337936 0.109682551058214 -0.011155078620894 0.0395620819393656
0.0841044492857647 0.0765137758055612 0.0290932287046654 -0.0501783761752682
0.0926031475494987 -0.00360988623205077 -0.0562773663678935 -0.0755124004245135
0.0536180149564428 -0.0698817723643258 -0.106122407529593 -0.00802422688161294
0.00152528782817869 -0.0765006898411621 -0.0684204555833914 0.0714141954764932
-0.0370130053314906 -0.0626899465946016 -0.00735530369525764 0.070705168574633
-0.0590170585904516 -0.0297316841876815 0.0188205896846022 0.0396730752205721
-0.0572213383068656 -0.0151900144799694 0.0272495339842446 0.01741240971906
-0.0614051330967352 -0.0158691387335385 0.0319549951801043 -0.0047135778880169
-0.0550023214180422 -0.0539906937850694 0.0439710252264187 -0.0153804507377989
-0.0155256845872408 -0.0776395733874244 0.0631707787164478 -0.0121641000344373
0.031361994125203 -0.0952469594952338 0.0795178513091786 0.0234685548804091
0.101568757221187 -0.0375701593118667 0.0602290207013667 0.0646004493708103
0.111960740140209 0.0626541553630074 0.00850692581123221 0.0756212785810704
0.0788141050444407 0.124396398202514 0.00157647072634956 0.0519226631564177
0.0333075902269839 0.124869838341537 -0.022086261302616 -0.0113119664311543
0.0815373765743841 0.107892590168329 0.0250872103754006 -0.073767782992458
0.111357941544216 0.0195555339969852 -0.0404382690897207 -0.0935642290508573
0.078054727126158 -0.0720120254347868 -0.0934094426831724 -0.0364063921493556
0.011907875114242 -0.0916477018543452 -0.073473872632379 0.0372573830691894
-0.0366226622018128 -0.0766465035052881 -0.0279640303864924 0.0448286755405577
-0.0664351150718348 -0.0398341221676099 -0.00779610093947157 0.0245803346061804
-0.0644445861559485 -0.0194977711626149 0.00166771508070853 0.00934900449025992
-0.0669003156109602 -0.0175457978076683 0.00688372875332819 -0.0141060326056623
-0.0596274221901043 -0.0552292231338246 0.0213308208691075 -0.0308023564956705
-0.0207674653264619 -0.0817140924296321 0.0490585193264089 -0.0361327384326469
0.0283620651238373 -0.102910404963985 0.0788057942981795 -0.0013232793060828
0.103497607940279 -0.0425569650152826 0.0694741314193386 0.0444205586781035
0.110885277836021 0.0613214149255847 0.00884323848567344 0.059513679068522
0.0755448564857412 0.123433337713437 -0.0125313429359565 0.0105075309932798
0.0130799099709894 0.115201207247508 -0.0252786866586105 -0.0672776905590111
0.0587566510100496 0.114874343776395 0.0217362407842974 -0.0983941164550903
0.101596031584044 0.0386645801258068 -0.0204267941978473 -0.10538389942644
0.0843450876906571 -0.0570116064193839 -0.0705547869261142 -0.0601121243632107
0.0201326613604511 -0.0863613810215751 -0.0699078351996126 -0.000550877969156958
-0.0300359980266906 -0.0760650809938743 -0.0462300288324198 0.0142342838698507
-0.062152010151796 -0.0417699151149713 -0.033281595243896 0.00722310325656955
-0.0620623048989654 -0.0207704893808896 -0.0243954418317021 -0.00051799284079626
-0.0636521212090771 -0.0172601934086677 -0.0179002146438794 -0.0227136635420149
-0.0556918540440324 -0.0507669643329682 -0.000450996271097848 -0.0436060506489093
-0.0195240169592725 -0.0766440160576351 0.0342192823119499 -0.0552544519599214
0.0283504082053947 -0.0946188327839618 0.0737410157180834 -0.0197429003940976
0.0942414117322301 -0.0337330124435896 0.0696554151908025 0.0275108626477052
0.092669612087842 0.0587315438271463 0.00495969789699359 0.0453568018477865
0.0573076096458573 0.109840913353517 -0.024675722821229 -0.0264978556240263
-0.00476689398024251 0.0811672508634989 -0.0241529384968145 -0.116281715112844
0.0268315143438764 0.0916076480521359 0.0192483317171821 -0.117582097440718
0.0690839796837025 0.0418001723801064 -0.0027257069848905 -0.109909145109548
0.0664917721998889 -0.0333228852209848 -0.0483379477488822 -0.0748085784814546
0.0202739411935416 -0.0638216792287573 -0.0623961868326357 -0.0302098862233929
-0.0197623839968299 -0.0588439490201437 -0.0591724937273392 -0.0121768549807128
-0.0478233598854738 -0.0354457344464534 -0.0551658188008217 -0.0080875258710849
-0.0491858539529734 -0.0184228312137133 -0.0458250681176975 -0.00945727898421874
-0.0512579648098374 -0.0156807157823144 -0.0392139567254642 -0.0308637463312465
-0.0440249536300936 -0.0412601064185591 -0.0187549094741575 -0.0554254616627939
-0.0134242476064014 -0.0635134375087323 0.0232968561347385 -0.0694007127439873
0.0304900835475227 -0.0734499780612942 0.0694080772786647 -0.0321572522225309
0.0778966535628525 -0.0158431510670972 0.0671464962006939 0.0175574803218871
0.0627793170466454 0.0564151647047817 0.000763990254328175 0.0341006345345643
0.0284731132259102 0.0844005186408311 -0.030859928393022 -0.0552283772208302
-0.0209134638371035 0.032285727607511 -0.0218806200581059 -0.147613638287395
-0.005393658036355 0.0482708137041471 0.0130540382465703 -0.125550893720771
0.0268979629859713 0.0300425858336551 0.00521478002541965 -0.109028932674121
0.0347176058412036 -0.0098402674646596 -0.0358488052883096 -0.0797242387024928
0.0140619781450709 -0.0317727566177622 -0.0578339761147411 -0.0469589920705271
-0.00742271971414008 -0.0324171441928338 -0.0672698777794909 -0.0274084512250584
-0.0251440875886716 -0.0223481570531815 -0.0685813596937225 -0.0167124614659096
-0.0286588198790575 -0.0129548668873296 -0.0608573658872361 -0.0165456694744515
-0.0316408180093644 -0.0122469208204255 -0.0541600164607301 -0.0380542467476007
-0.0270074749678965 -0.028693516779017 -0.0298442036406319 -0.0666985903443612
-0.00624053068922402 -0.0441422660355775 0.0192251587740456 -0.0815748228978295
0.0301478071921368 -0.0455794638358612 0.0697279052011004 -0.0396431111724232
0.054453864309364 0.00464046176027759 0.0652440605915384 0.0137213119965299
0.0276606426687434 0.0474473462156502 -0.000422228148283874 0.0261572773006955
-0.00400261074276244 0.0494791311992852 -0.0283402987559511 -0.0733858413807466
0.024037572920197 -0.0104181262365272 0.0401022098688791 0.0883188780842891
-0.0011484949239868 -0.0280784681690353 0.0299664682462598 -0.0305858101660544
-0.0243977944993658 -0.00953506970449831 -0.0723929872075057 -0.0300761727480381
-0.0160245081138946 0.0168970180352023 -0.0928877503807821 0.0441640655019225
0.00216577945565383 0.0170804390375256 -0.0280215728351551 0.105843050015373
0.00492262394214313 0.0109123577172611 0.0405987558557926 0.0915084063899965
0.00799434643486075 0.0101312514385492 0.0667256606106632 0.0495260352559894
0.00514105738881276 0.00667194860570444 0.0734142197553295 0.0222244054188739
-0.0023711225702581 0.0088032162877284 0.0776310999217178 0.0140073804739073
-0.0106790268009533 0.00393433725266152 0.078290096541029 0.0253901584741143
-0.00776886231895995 -0.00284057482804771 0.0666251115088433 0.0488472768353246
-0.00873082214951527 -0.0126582893733158 0.044997695254576 0.0785034548771185
0.010995713419496 -0.0188945359698122 0.00288202581346334 0.106117298264924
0.0342687139552341 -0.00629131326069358 -0.0230519723554009 0.128267044394818
0.0323932718619745 0.0162336843843191 0.0230500626111869 0.158813659100181
0.0459173809517837 0.0324330447100434 0.0258358188752796 0.0920598204658871
0.036976014082158 -0.00294494818156717 0.0319415392337271 -0.0296309076357347
0.0127063433107167 -0.0207596976187627 -0.0726170909709507 -0.0398525287603615
-0.00192084340258032 -0.017676034078932 -0.102159828068845 0.0364270137607115
-0.00503932891810576 -0.0134455870815745 -0.0384069443625139 0.107350134486142
-0.0148621893723949 -0.0116771891829654 0.0324800211703929 0.0943176581587388
-0.0192017540053115 6.72983205794102E-05 0.0605160379584451 0.0516822445756694
-0.0200605867322517 -0.00032242118279553 0.0680906489281793 0.0234198999642332
-0.0275646759399245 -0.00261912819982849 0.0715324319849552 0.00989558371739373
-0.0280882405256051 -0.0246726849152822 0.0756115361777399 0.0158264955744836
-0.00443332753699535 -0.0372782749980579 0.0718387326246509 0.0367825587265094
0.0177482920430891 -0.0425869275015481 0.0582237368160842 0.0692521272162945
0.0547893007750165 -0.0156970735896388 0.0209913734635323 0.0990015025057726
0.0681179922177575 0.035350081579001 -0.00948482475286511 0.114387775944614
0.0534069293099513 0.07087814117632 0.0219577471859569 0.134848446509853
0.0561829644580004 0.0758254031755642 0.00829242428123394 0.0771672026920635
0.0708500922645603 0.0335409936125752 0.0318123038448965 -0.0369309295813598
0.0552609703125457 -0.0212043645603524 -0.0698343276027229 -0.0555665414244704
0.0215105786502381 -0.0512205101889024 -0.110039952087623 0.0210600529679586
-0.00688301195902294 -0.0478482708128892 -0.0526356020381481 0.0989475633829918
-0.0318389720763567 -0.0379744284669266 0.0170767951718888 0.0891082096452597
-0.0442876544102608 -0.0136184324196823 0.0446858387625023 0.0490850901088939
-0.0431332124379478 -0.00660552386142368 0.0525674471298977 0.0218331974079643
-0.0490094481950506 -0.00982348150288314 0.0555702181939583 0.00247771440753197
-0.0460270274140535 -0.0437777444703328 0.0647106670718916 -0.000275210148907753
-0.0106505971382562 -0.0643633556416244 0.0728016530313249 0.0126990589544736
0.028554709222396 -0.0750708522121322 0.0743476650105546 0.0489633488347989
0.0872259900003433 -0.0276875449185782 0.0447103307694532 0.0851381003486269
0.09964711837794 0.0565187274783327 0.00379406220800876 0.0968140340553319
0.0737379633378425 0.107904351754361 0.0164435094487355 0.0972312300846456
0.0521781811601127 0.110419718357833 -0.00893366032417103 0.0415049878105191
0.0909302439920644 0.0750510900519611 0.0285330592620474 -0.0531863708771716
0.0944360865025945 -0.00778066876535523 -0.0606820187097664 -0.0756289752149501
0.0516396638923436 -0.0737968931100764 -0.109950597138897 -0.0040827763081326
-0.00232379406056471 -0.0785433782569877 -0.0658702024196755 0.0767207343919077
-0.0418031574927417 -0.0624779054473751 -0.00378703464747789 0.0737692005325175
-0.0626984624104348 -0.0271264787007756 0.0209497611988406 0.040583503389724
-0.059692528751828 -0.0125316267470031 0.029466845604472 0.0169420107546337
-0.0635682211295741 -0.0134187316012676 0.0326635881625148 -0.00659883947286335
-0.0597198224867176 -0.0523249876070678 0.0450803159423427 -0.0179652703540937
-0.020089292974896 -0.0797386746715115 0.064414523595781 -0.0154320640324798
0.0271969498406211 -0.0992802974023805 0.0833952223739168 0.0217955799215499
0.103199720639855 -0.0434141391801093 0.0640524606607895 0.0641937934587252
0.118400416630552 0.059851854213853 0.0112223032903012 0.0784919575593601
0.0860890839488733 0.124567063199935 0.00349345536181792 0.0543364459028827
0.0379222897389936 0.127004558941259 -0.0221294238394583 -0.0106991926598808
0.0889434774969756 0.107822925410443 0.0238644949948252 -0.0767902309357848
0.11463290492194 0.0156519966516237 -0.0450088680562419 -0.0954520660777258
0.0769225244982258 -0.077972027568165 -0.0974856891850048 -0.0335785695633027
0.00768421220784974 -0.0944057677831123 -0.0727547223036166 0.0413824789972729
-0.0423937901798028 -0.0770778847480153 -0.0270570864689206 0.0477582397678051
-0.0707035526925213 -0.0373709108055503 -0.00747464154331919 0.0258960948888377
-0.0671681799276617 -0.0167488197259417 0.00323991925251864 0.00998108268288087
-0.0691736340061454 -0.0144429527000715 0.00675600702565544 -0.0144146322250852
-0.0643386461944718 -0.0535560933677855 0.0215666925724903 -0.0329556304032502
-0.0255086036661838 -0.0837977465402319 0.0494948819330884 -0.0399436999688068
0.0236889358560632 -0.107175992791481 0.0821593721262275 -0.00443399302298257
0.104260924675644 -0.0485983108502062 0.0719878108552405 0.0426277367600992
0.1175288983981 0.0578312057460747 0.0109879258104502 0.0613410877475296
0.0825713349991 0.124312650858198 -0.0131459146467938 0.0122717025386092
0.0179818750496009 0.117828985943449 -0.0282215635752929 -0.0687004667217043
0.0658257660593554 0.115796084174532 0.0193556037025058 -0.10215736998716
0.105644324650303 0.0355349222838194 -0.0245985449507252 -0.108207831992642
0.0838104434495794 -0.0618700569322924 -0.075415824212465 -0.0593909059854763
0.0161400791983169 -0.0898361316438393 -0.0708970442830959 0.00297317881771821
-0.0353067247885266 -0.0761725970353689 -0.047064939908457 0.0170558738057569
-0.0662445178189053 -0.039652321820349 -0.03513491174564 0.00955558655942894
-0.0647174139119801 -0.0180369363441615 -0.0242879650187865 0.00125814872959342
-0.0658916844993069 -0.0146372286229292 -0.0188951401124601 -0.0228290966228937
-0.0603131917344824 -0.0486249856438132 -0.00153737578161798 -0.0452677392690283
-0.0241610691208705 -0.0779130796653937 0.0328039517828947 -0.0585241439353742
0.0246757230975583 -0.0984030656283012 0.0757616656716463 -0.0235814420554026
0.0953613608830307 -0.0396952459896035 0.0728927844473186 0.0254746927409841
0.0987277466656151 0.0569709071525172 0.0063936083892079 0.0467789283452261
0.063439668494759 0.110468885666862 -0.027412882829565 -0.0248357570485486
-0.00222381027568498 0.0836613288562089 -0.0291084328595593 -0.119130286721043
0.0317061794394005 0.0932439396347223 0.0154334803091082 -0.121076941342025
0.0725736303228077 0.0406243468256436 -0.0065269555052383 -0.113288860747649
0.0673488663193733 -0.0373106819065873 -0.0521968186771535 -0.0752616039326149
0.0175085375434435 -0.0665798570619045 -0.0643433316682664 -0.028529688338517
-0.0240145607232196 -0.0595579095213167 -0.0619419518018793 -0.00962166323335415
-0.0506176254565738 -0.0337331045747428 -0.0579264389680528 -0.00480061213289776
-0.0511253185286232 -0.0160891634098963 -0.0478497732499952 -0.00626002683199918
-0.0531953048558138 -0.0135420046803497 -0.0414781151620602 -0.029586109281172
-0.0468012168298908 -0.0403309636361878 -0.0216862341098831 -0.0565778938664154
-0.0172691930690544 -0.0648197866266448 0.0209035353182778 -0.0726765171170836
0.0276653081233438 -0.0769455461083433 0.0708273238057164 -0.0357389106055752
0.0796215263906741 -0.0196940222793672 0.0696969080463918 0.014930056470995
0.0672623916161201 0.0554557435295737 0.00191696953906207 0.0352583443256893
0.0325464488383492 0.0851941398861367 -0.0347184338270403 -0.0539292838800997
-0.0198542923495287 0.034104649764344 -0.0286421493744496 -0.151202977167796
-0.00374575202090098 0.0498205994761006 0.0093383837781995 -0.128717611759371
0.0287318461025869 0.029914974760304 0.00170519516698198 -0.112850586027123
0.0356082408154413 -0.0117523900382745 -0.0393012519344238 -0.0814253612525941
0.0123616137088383 -0.0331540647873499 -0.0610219516341364 -0.0459493048711221
-0.00918454117018561 -0.032452047919421 -0.071137850547397 -0.0246390656072287
-0.0277254224649884 -0.0215918704903259 -0.0716784103057802 -0.0129373454563505
-0.0299316862645247 -0.0120934137949217 -0.0633000485964141 -0.013256471027473
-0.032909736035701 -0.0115113734340822 -0.0569186182710622 -0.0357651409737274
-0.0293360451596859 -0.0280281409248358 -0.0335648031144792 -0.0670128520898198
-0.00864593421107102 -0.0454090990367803 0.0161538067639881 -0.0845589430658208
0.0287065562224834 -0.0479101302031904 0.0708647308141614 -0.0435621781971203
0.0562585607749504 0.00213895938955669 0.0676284828626473 0.0114897078973146
0.0300426740796587 0.0477696430375439 1.03519335989227E-05 0.0274546857826921
-0.00248545035990352 0.0509459103361228 -0.0331808213846651 -0.0725777799964993
0.0268019852518552 0.0011519407269551 -0.00379474118516721 0.0979219169053551
0.0105332020062281 -0.0260943965966698 0.0411640636509544 -0.0144561633987241
-0.0175608793463116 -0.0185315472190095 -0.0524538509532624 -0.0590879569452264
-0.0200566142149393 0.00858611931872692 -0.104728398046539 -0.00068400829276248
-0.00394200692376217 0.0160454789079684 -0.0715563637199122 0.0838336311508061
0.000299998614311728 0.0120587187150615 -0.00294251822603337 0.100539064235071
0.00349073259062695 0.0135061633154495 0.038682355428815 0.0737444926815788
0.00210460627974003 0.00836980497351247 0.0569535465026694 0.050949616908695
-0.00553530189988361 0.00672747639742782 0.0646282565247669 0.0454247531556157
-0.0103220199786484 -0.00108808856143825 0.0602381601243375 0.0554401462456863
-0.0054302417684127 -0.00600605869500887 0.0386492531616058 0.0730795696617842
-0.00161910259656213 -0.0136959091016773 0.00490672663718277 0.0900292520808686
0.0188976614979689 -0.0106295020635916 -0.0460780555668712 0.0970503144449957
0.0336777290660434 0.0106307060595749 -0.0806648323421349 0.106917753559455
0.022782966795515 0.0295979121120625 -0.0549555808349264 0.153719303561926
0.0277619650008741 0.0495496209026075 -0.0166723703068326 0.0942530853905263
0.034682625466492 0.0131348751721933 0.0420111879367525 -0.0131458056855335
0.0207456605926574 -0.0121520537737969 -0.0484374132401793 -0.0682200338382555
0.00679469337353649 -0.0165146254635747 -0.110314568567906 -0.0116990368201015
0.00333867945605023 -0.0145432980063789 -0.0829484953368109 0.0804972182411306
-0.0078393035717952 -0.016928696371109 -0.0125558591429096 0.100404978689128
-0.0168342358193537 -0.00770258876295651 0.0321976008532087 0.0735965182435153
-0.0178780026632918 -0.00890692528901117 0.0514381913006339 0.0498681231963235
-0.0240347129470611 -0.0146696750801796 0.0607259555539465 0.0390403435152338
-0.015442632997137 -0.0346123542842611 0.0620640625294453 0.0459719465345219
0.0124713098829393 -0.0365355747452792 0.049975288024007 0.0642249860276362
0.0359413763628174 -0.0297878513188651 0.022308457187083 0.0882413963754935
0.0563647074829869 0.0116983570828138 -0.026472413388516 0.100125133980618
0.0459573719161661 0.0635515109686412 -0.0634592618003737 0.100429468592319
0.0178931691551833 0.08747399745271 -0.0460673123980845 0.132403091866516
0.016964274671771 0.0930562679359486 -0.0242652825577303 0.072419139855612
0.0493077056425641 0.0614053224461444 0.0445765277901867 -0.0211664992780373
0.0593906405712124 0.00649634603191658 -0.0393244876013061 -0.0828698408093334
0.0420021274514287 -0.0360530792170774 -0.111090050283644 -0.0304534751082054
0.0166756348761404 -0.04608364287673 -0.0930924741447131 0.066864746293213
-0.011672411780178 -0.0475035552782854 -0.0249798202980927 0.0893843903367495
-0.0340085603775956 -0.0306428533546754 0.0183282986213666 0.064267326623943
-0.0357185613624707 -0.0248169946175841 0.0380878276216677 0.0412279094406342
-0.0403776267227936 -0.0301466287297797 0.0496662164667684 0.0252433778497206
-0.0240186605020698 -0.0594106472719177 0.059178502899658 0.0260068391634927
0.0181058454356863 -0.0638297764313536 0.0620529156192652 0.0421997675384459
0.0591266637556778 -0.0548044936275539 0.0476870956511873 0.0764968374222412
0.0915967207336548 0.0150685351901655 0.00251147703963827 0.0985411682704107
0.0653944935515715 0.0962558097516272 -0.0440607781156568 0.092209437289165
0.0196681955752425 0.129966066022798 -0.0341260209295371 0.0957916442361422
-0.00198412657102146 0.123590710478776 -0.023517886901724 0.0322541091192739
0.0492563392416869 0.108969429891286 0.0502291643946953 -0.0384567193409142
0.0890050261700374 0.0362726501428713 -0.0223610957532391 -0.0981049997776462
0.0786491860648106 -0.0434669340473209 -0.100311140562367 -0.0541503618979594
0.0338143763939263 -0.0711327888632386 -0.0969182453207983 0.0406399468157946
-0.010923369881029 -0.0741082382597106 -0.0379464009150046 0.0663131359898385
-0.045709502211761 -0.051217327568711 0.000526806284349632 0.0463033691534826
-0.0488294737408084 -0.0375123705033904 0.0199402720258072 0.0281373232263802
-0.0519128916408043 -0.0390472808465105 0.0326895960920626 0.00800074600581683
-0.0331033758624682 -0.0733804048766254 0.0495803534651177 0.00251547842554904
0.0162639929348349 -0.082640266995251 0.0664003093069222 0.0126166987061581
0.06758981142081 -0.0776710153207173 0.0687350524595043 0.0553189420160325
0.113151036045719 0.00752986860219264 0.0298587091810872 0.088645593454887
0.0813386533215093 0.107057528977193 -0.0295994125193834 0.0787966746318844
0.0230775619637502 0.150513744911728 -0.0256586223097846 0.0510588777456115
-0.0231266907775351 0.132543499166995 -0.0110381456587957 -0.0203646726997204
0.0330520606566947 0.137963112308183 0.0564168401297813 -0.06302965982608
0.0967160453054166 0.0665305849958873 0.00114126987230287 -0.109358337293178
0.102847062450007 -0.0353985120470241 -0.0754379200688086 -0.076331408984835
0.0489845406221965 -0.0809975867349232 -0.0875946574291308 0.0051374072884652
-0.00557323710413966 -0.0874737137684146 -0.0478176509411184 0.0327185651294184
-0.0493647263517117 -0.0637979419816985 -0.0192014824666121 0.0214521118765256
-0.0540393259793189 -0.0446519675223219 -0.00185464696752295 0.0107698465841518
-0.0569217282248667 -0.042252683046702 0.0131462429572848 -0.0107258790476825
-0.0368644019340804 -0.0760158924158549 0.0343099641782884 -0.0213076354194394
0.0128331424154648 -0.0883786610516524 0.0640920999351507 -0.0164229600632079
0.0675765406332773 -0.0865016606318511 0.0791549975127957 0.0312501913461531
0.116834300802882 0.0028029309179562 0.0478004506335913 0.0726857672216136
0.0812000821628401 0.105405953434868 -0.0215341329529278 0.0631192800347922
0.0200933296719629 0.148279138924066 -0.0206985774851032 0.00554723269230344
-0.0377871834240698 0.115392591244693 0.00880463474206063 -0.0756505531460757
0.00827237629930214 0.135837458874122 0.064289236357485 -0.087130017695053
0.0789930692840072 0.0810966813202291 0.0262137895029139 -0.112410718399461
0.102115979317703 -0.0182005485963013 -0.0432480132379058 -0.0898255956952373
0.0541679658167498 -0.072896380840386 -0.0682421589874536 -0.0295203121533449
0.000728347162702941 -0.084375037971328 -0.0522035585672475 -0.00422712881230075
-0.0444509793796458 -0.064310850061844 -0.0368434689169899 -0.00565809341446129
-0.0513701090265559 -0.0445606182080193 -0.022982072302705 -0.00805876742497174
-0.0536495785331139 -0.0412385010105199 -0.00748763527148403 -0.0284832955879359
-0.0345816972456033 -0.0697536813811954 0.0182077810855 -0.0425192479756996
0.0115576044165362 -0.0818173409560926 0.0572423615235297 -0.0403148531068607
0.0634007879674104 -0.0784032194384337 0.0817122183238579 0.0114862668351086
0.104569027086316 0.00728119782304674 0.0556308022837355 0.0573568398035124
0.0643723079232944 0.0949360950090943 -0.0184788297864098 0.047497806731346
0.00839815879392313 0.126979525210382 -0.0154486400261675 -0.0347275406185294
-0.0408324725392423 0.0766321929181737 0.0290476401797952 -0.121695170611559
-0.0132423809247939 0.100368838617464 0.0692800066981443 -0.104454965917535
0.0467191627205505 0.0707208190685012 0.0451465560197089 -0.107434530881744
0.0759474883906156 -0.00306754639788871 -0.0141616227613018 -0.0937684976766321
0.044636633186043 -0.0514760033214426 -0.048167164164356 -0.0555225225021846
0.00354779334869353 -0.063857534901833 -0.0537661635510773 -0.0356105534445337
-0.0333796873625388 -0.0523372186168427 -0.0511719399320839 -0.0283377046558168
-0.040356124368047 -0.0373279854234143 -0.0399437470758772 -0.0251252635010651
-0.042681580777268 -0.0350380486947188 -0.0245849098166848 -0.044269681155084
-0.0266992079576907 -0.0567146232503462 0.00528173081694518 -0.0602985012746709
0.0122541122946371 -0.066756241443051 0.0525221906164334 -0.0582600090495048
0.0577558666169492 -0.0585694068112046 0.0826560523222045 -0.00183784426368018
0.0810165408649136 0.0177464854446204 0.0575018993129109 0.0470248827065461
0.0369411766693583 0.0800405775314027 -0.0170418247686524 0.0343639371707024
-0.00830918104100375 0.091012848387574 -0.00836180313755571 -0.0647505798200956
-0.0353438788187361 0.0234979842309516 0.0433067000702107 -0.150553464981588
-0.0265584595766546 0.0450599653113791 0.0670319807597958 -0.113464121297805
0.0117109570684136 0.041098908664073 0.0529793591449724 -0.102272456543298
0.0365480724457679 0.00646679142626941 0.000372419915148412 -0.0926461379835004
0.0251049486196792 -0.0232418896013812 -0.0365790135427505 -0.0689411464048743
0.00473008434468389 -0.0331138335167227 -0.0550595499884514 -0.0535977005250491
-0.0164126824181719 -0.0308831676449651 -0.0605378995809985 -0.042254973221486
-0.0224334078969976 -0.0245824730780997 -0.0517107550030582 -0.0370374263586532
-0.0248900048246664 -0.0244661817660397 -0.0357338059804032 -0.0560749587538727
-0.0150318031101005 -0.0377489825445903 -0.00120391112576354 -0.0748664359208647
0.0111510942871512 -0.0451935138785904 0.0526350106916748 -0.0700538784591735
0.0470178895551541 -0.0318095138781727 0.0858152072209468 -0.00773354116179117
0.0501651234438829 0.0270822571112247 0.0569699254461107 0.0425930944706174
0.00614655066308364 0.0565653803924529 -0.0146587393117879 0.0256383995836396
-0.024586522008362 0.0445034513546218 0.00298452560853684 -0.0807523277932152
0.0263389816293213 0.000504230538745613 0.00179480464386702 0.096019035160255
0.00926079119372263 -0.0262887528959911 0.0400551699677973 -0.0159311319827106
-0.0179252556624625 -0.0171550317424035 -0.0540850258361503 -0.0549398126853133
-0.0197144561811016 0.00933628467561731 -0.103062941015593 0.00509583515715131
-0.00311743868870633 0.0159968344918729 -0.0654267807611295 0.0855480440688428
0.00159780709741626 0.0118786125867308 0.00260931195204543 0.0987735551840642
0.00498971059806124 0.0125912824502202 0.0417406523603358 0.0701142253676588
0.00296041933406233 0.00797629921185178 0.0588506960749133 0.0459365638437269
-0.00516934533516825 0.0074338215711706 0.0663751916478254 0.0401626528643611
-0.010432199060835 -0.000207303065945243 0.0626972092912102 0.0515088970573465
-0.00549228108191111 -0.00591217651730667 0.0418467571380923 0.0702203951167308
-0.00157599908215929 -0.013134298263878 0.00851979689377739 0.0880043613507127
0.0181699185877345 -0.0114317451340516 -0.0420200212040427 0.0978499820496923
0.0338503997090496 0.00840269917449541 -0.0743556985434741 0.108790230342308
0.0236400957765776 0.0281924479784446 -0.0464988926248722 0.153330378202097
0.0286385792328895 0.0479750728467979 -0.0109955798334032 0.0931614615410297
0.0350745997516434 0.0115263191525783 0.0411610432859218 -0.0153429084596365
0.0193483498133877 -0.0128011196172153 -0.0514751220216444 -0.0645562537859302
0.0053458715775134 -0.0166530396851874 -0.109337192958892 -0.00568672865266955
0.00237905430824265 -0.014472540380555 -0.0766136366618044 0.0831823123843874
-0.00826524743791165 -0.0160456140632613 -0.00627119548022531 0.098673911364252
-0.0164142551427468 -0.00656347872930449 0.0349635786721577 0.0699841036024316
-0.0179574143074172 -0.00786209133004678 0.0528359574608867 0.045225810049817
-0.0245331461284958 -0.0127197987062551 0.0621007965524825 0.0340185493897892
-0.017181980069474 -0.0330697328980842 0.0639021445089403 0.041879375064213
0.0100828634145464 -0.0370094116167302 0.0520306258243589 0.0612003314486535
0.0334689029591818 -0.031294221410493 0.0260640478865642 0.0854767774901994
0.0563532921175855 0.00874951141616995 -0.0222683898193966 0.0992263568623936
0.0486969991955187 0.0602267775048077 -0.0575929060037251 0.101867622920423
0.021246813082773 0.0853185416514588 -0.0379484809393024 0.132153822846668
0.0204760799339774 0.0904574841880932 -0.0200599006126751 0.0717784254872162
0.0516804506255112 0.0580839644752513 0.0437439172625148 -0.0232571648588144
0.0578615530351146 0.00360737399107954 -0.0428273845637875 -0.0786211649297487
0.0386020487195009 -0.0377381750919436 -0.110410507729104 -0.0239787643694265
0.0131440813744418 -0.0461975492046396 -0.0872341294016857 0.0702951724894483
-0.0147523747975693 -0.0458495694955768 -0.0196155966547007 0.0891606558692013
-0.0353506916264569 -0.0278563344025559 0.0213197388651506 0.0617528250384319
-0.0362531742512945 -0.0223938096690205 0.0399279524243329 0.0384725758509789
-0.0409719944093637 -0.0267195025849891 0.0505285904358133 0.0217402803491803
-0.0275094052326836 -0.057078656967693 0.0604860446995186 0.0228152475953091
0.0143331635133565 -0.0640125551758052 0.063270766311368 0.0385436827546357
0.054812642002104 -0.0568273722552429 0.0503958910046119 0.0731403330536186
0.0904760687148657 0.0100942857023004 0.00586571737255407 0.0964789967647996
0.0697042520426476 0.0910983544839082 -0.03867106964109 0.0925429530525472
0.0257988032694364 0.126362527694893 -0.0288147148811693 0.0958155734648562
0.0030887648922849 0.121143337882462 -0.0202861511990553 0.0326254726732665
0.0541183528424703 0.103940355925492 0.0479942744273875 -0.0402398430797596
0.0883474390840223 0.0312033145443352 -0.0259816231489008 -0.0950864032701869
0.0741527931984666 -0.0468272589744963 -0.101022857557807 -0.0478755655596962
0.0285852335452508 -0.0717996817893946 -0.0910732337124137 0.0448312940174633
-0.0153642631402208 -0.0714661978350258 -0.0331821611175411 0.0673337239946976
-0.0478422761715948 -0.0468119707585153 0.00285567464457362 0.0450971641628888
-0.0497440732538938 -0.033456305654187 0.021057305764067 0.0264998698885555
-0.0529000610832631 -0.035138167305351 0.0326438086497101 0.00590496321076894
-0.0365972348701044 -0.0692861369978058 0.0494439702897643 -0.000522754958113964
0.0109169099015613 -0.0823687523801664 0.0667996747714381 0.00936288089641919
0.0612969087034313 -0.0797635832479423 0.0706634844123551 0.0510963719381007
0.111581976121939 0.00124531975645898 0.0327611486396765 0.0850284986233303
0.0855379280218467 0.101369076753839 -0.0250583007138593 0.0788647335926148
0.0295507879665725 0.146247088277318 -0.0235081296597548 0.0517827579418604
-0.017176952752629 0.131050750230157 -0.0113771801247053 -0.0193945514258818
0.0399003401099251 0.134192573351789 0.0533400792655399 -0.06368046270691
0.097546797079237 0.0604491215059066 -0.00308543972735774 -0.107225556297254
0.0983286903418907 -0.0404826926349178 -0.0775728395128113 -0.0715012035936541
0.0432660749140786 -0.0818952556179451 -0.0846572098026107 0.00975153903434439
-0.0112101754340064 -0.0853904795941055 -0.0446276002015336 0.0347811414298649
-0.0522694697471549 -0.0588326164891208 -0.0180254455498327 0.0218972618583707
-0.0557624648084261 -0.0400374693086127 -0.000848487389704589 0.010416583480338
-0.0580427716817035 -0.0380796451576146 0.0119725549238497 -0.0111416743476329
-0.0407156411461228 -0.0718958005376783 0.0333351581217631 -0.0226987119094042
0.00709325488325161 -0.087626338099478 0.0625535330328242 -0.0193647763406006
0.0607758487192133 -0.0883184411959782 0.0803175424083391 0.0271389773801
0.114569117245706 -0.00363051974402628 0.0501210118988301 0.0690062786838513
0.0852286644278931 0.0988995964984018 -0.0182435573276031 0.0632085363593843
0.0271980372293028 0.144631181405261 -0.0208075546669308 0.00692570784139566
-0.0317593411452259 0.11490928195221 0.00569942870568071 -0.0748126469087952
0.0149859667843757 0.13313151128829 0.0595912422068127 -0.0875672276416094
0.0811333011641008 0.0753802771674639 0.0210146659039617 -0.110746249239264
0.0985384706451322 -0.0230755958542044 -0.0462033051647615 -0.0864425492043862
0.0483618521585131 -0.0742202461858913 -0.0674903800000678 -0.0256834470519908
-0.00512483750520446 -0.082070773621121 -0.0517567285864024 -0.00139187824140185
-0.0476508028957956 -0.0596445187040115 -0.0370107345424285 -0.00288809545495082
-0.0530661724143324 -0.040409486037676 -0.0226358482490877 -0.00629786165853123
-0.0546884338427311 -0.0367232889062215 -0.00837706225956244 -0.0277068533178443
-0.0378391287410865 -0.065968989550035 0.0160865261673111 -0.042548589901697
0.00638054832412295 -0.081378687337345 0.0544812666075515 -0.0425606518106509
0.057391229722974 -0.0805543391699689 0.0821501483774494 0.0074188911832362
0.102495299852165 0.00111199489071048 0.0575446291452339 0.053030511542644
0.0683900265827165 0.0900064214098045 -0.0160190342208399 0.0478984098724261
0.0145767262739818 0.124063400196652 -0.017992626453617 -0.0321492022396075
-0.0371423174110736 0.0768622877523559 0.0235708651283987 -0.120648457760994
-0.00803353467723537 0.0998333637523314 0.0636357010334766 -0.10515823652809
0.048601763721276 0.0666446577333011 0.0400703009055732 -0.107210290686195
0.0741205376728428 -0.00665108335855849 -0.0180716639035099 -0.091040913857627
0.0407043461960711 -0.0525362098609376 -0.0484632916057374 -0.0517973439055406
-0.000745815978719695 -0.0621496289128564 -0.054936985565168 -0.0323715679565293
-0.0355090483319232 -0.0481185464421408 -0.0527375752733098 -0.0242265241423276
-0.0413345535394511 -0.0340585424983569 -0.0401898605883841 -0.0215348078642167
-0.0433170418553721 -0.0314632856916155 -0.0263428081842796 -0.0418081960499006
-0.0290410192595807 -0.053680538472242 0.00243977830065071 -0.0591262106052932
0.00762997887267132 -0.0658803102496266 0.0488667078640328 -0.0599479802260368
0.0527923894587439 -0.0599885678160942 0.0822058361956624 -0.00553065149051571
0.0804541885115345 0.0128295793276703 0.0585204458585281 0.0425894199039921
0.0405350549273126 0.0764722603097733 -0.0153573524749587 0.03461583949803
-0.00393002514178851 0.0891917413082084 -0.012351308924689 -0.0615580820943729
-0.0339684223307648 0.0246525382292912 0.035140982660006 -0.149392576489663
-0.0239659986452258 0.0456730301944442 0.0617308876598808 -0.113079988311959
0.0132328568526075 0.0397784116234861 0.04761240269508 -0.10294123149045
0.0356534835719282 0.00432104926509082 -0.00370553053513653 -0.0905999406257508
0.02311040447271 -0.0240541809643638 -0.0383874235614626 -0.0660910987980091
0.00271504124692857 -0.0326071603444786 -0.057515058992724 -0.0498611819222569
-0.0180208566799731 -0.0288055942881469 -0.0620607395202721 -0.0369688640687055
-0.0230677939370985 -0.0221968736312936 -0.0523239001013331 -0.0329055013338642
-0.0259343061391141 -0.0218983665398625 -0.0377409213645073 -0.0526048819957987
-0.0164585653655929 -0.0358818733920378 -0.00496315852703475 -0.0731203373730978
0.00881227069748132 -0.0446964810287906 0.0485525921181465 -0.0717679262576257
0.0432880763927421 -0.033666470679479 0.084473650227093 -0.0120210311058927
0.0507138252514028 0.0239843954175178 0.057667509553482 0.03864738830145
0.008712545247758 0.0548691350858066 -0.0134425197594736 0.0266987435693312
-0.0226771056215837 0.0443214963138971 -0.00248756585043349 -0.0782690971299382
0.0257177386200759 0.000655365283176254 0.0050003074811892 0.0927582193313762
0.00806439901606374 -0.0254296359241856 0.0392835101247187 -0.0163716518929974
-0.0178276913559354 -0.0158197433377306 -0.0539941840949154 -0.051584486759056
-0.019016894466077 0.00961709350645603 -0.100061215749021 0.00838896352754075
-0.00209026856918211 0.0158051829324836 -0.0606793841865548 0.085034406029137
0.00248717550533133 0.011653383431155 0.00682784460949499 0.0955107175616785
0.00531393486869625 0.012093135581416 0.0435080859910496 0.066284492511282
0.00341624471910346 0.00758448105704432 0.0587679803860189 0.0420165696925727
-0.00468645503298156 0.00734136103060174 0.0663698168705237 0.0361073839623268
-0.0103681977114383 0.000284398657401846 0.0636693130961494 0.0478905934420737
-0.00547657546506796 -0.00565239061361501 0.0429933049718044 0.0680861263099018
-0.00242505697142541 -0.0133311782851585 0.0105037971063842 0.0850968692737522
0.0173811361272217 -0.0118034831390011 -0.0383122820628206 0.0962537916448401
0.0334903964053247 0.00695843964099712 -0.0693286911626756 0.10707297046678
0.0236126417711849 0.026643301699673 -0.0397873106021575 0.149942469313044
0.0294178423362538 0.0453888005255089 -0.00725810475099771 0.0907191469421488
0.0345026593926711 0.0097260602838681 0.0405224571100167 -0.0159425126953836
0.018186876448779 -0.0132295329658361 -0.0518710606691834 -0.0605107096665425
0.00414840526752443 -0.0162380842280498 -0.106339781405526 -0.00201993158852753
0.00210815052038267 -0.0139331703013037 -0.0714460064455672 0.0827338032116683
-0.00862183069827427 -0.0150125720785363 -0.00222028548762261 0.096183259415346
-0.0163190911150608 -0.00572674372697623 0.0364213080956203 0.0666022758201058
-0.017299119079526 -0.00696523101866113 0.0529712918374765 0.0415467955586001
-0.0240230833675207 -0.0109216624802642 0.0618460773115845 0.0307011098911605
-0.0182442007402174 -0.0312603097487093 0.0646955004250155 0.0383914427351618
0.00863167402671313 -0.0365112645901555 0.0536735669371351 0.0578530375429922
0.0310505063086554 -0.031165616042273 0.027569287925012 0.082227437703615
0.0551215417193825 0.00661975389054022 -0.0196135333821478 0.0967929521812609
0.0493994837058542 0.0566202617881949 -0.0529688324340725 0.100950567122973
0.0228457704004115 0.0819605195464718 -0.0330505779393705 0.129285445815613
0.0223332656119399 0.087429306249975 -0.0161277539983947 0.0703724736653546
0.0529723753540579 0.054636964725543 0.0431054132409485 -0.0237460298034165
0.0563016198655395 0.00170387709282133 -0.0434568709759188 -0.075380121350429
0.0357835592220505 -0.0379624624651117 -0.107801414548309 -0.0202661403775618
0.0107559517782682 -0.0452082424938537 -0.0819465862800352 0.0711286373184648
-0.0160774173820429 -0.0435009608184097 -0.015319161668576 0.0872873198994892
-0.0352958197245917 -0.0251368785317452 0.0230406790647789 0.0590911256257324
-0.0357189013951355 -0.0198082207860625 0.039842675435897 0.0357314271488501
-0.0407635016341783 -0.0238532572925646 0.0499204032196037 0.0188094887942619
-0.0289421501366239 -0.0540385425947926 0.0601880807103141 0.0195230212626101
0.011580875171927 -0.063213996675787 0.063184139781614 0.0355675937454879
0.0507852746851401 -0.0571471982580321 0.0514840792326857 0.0698731909423943
0.0884709284759203 0.00651586656625743 0.00766365448612025 0.0937327989600592
0.0708807515538703 0.086127139564777 -0.035473337867323 0.0909634546451582
0.0282503416539972 0.121844146958895 -0.0256494992642596 0.0944045232566934
0.00623257609629721 0.117306457631226 -0.0181174879189414 0.0326291919024236
0.0563799729031969 0.0994192289834734 0.0467445962315361 -0.040219530395636
0.0859838989406874 0.027683843565104 -0.0276729235297378 -0.0915251318261328
0.0694626274185167 -0.0480781704175086 -0.0990486809408845 -0.0436926402643945
0.0246363903606292 -0.0699708845327364 -0.0859617622070921 0.046113519233383
-0.0177406039902627 -0.0685598455944276 -0.0292890408296195 0.0662291075113669
-0.0482216837569916 -0.0430777418196673 0.00380031111333428 0.0439900725886712
-0.0491566216977446 -0.030211051334453 0.0217659256288931 0.0245686962244107
-0.0524349910253442 -0.0315826596148501 0.0318070310885741 0.00410725707295198
-0.038728556172086 -0.0655420104629694 0.0487106346342829 -0.00261943805928537
0.00798279176555128 -0.0804399027006812 0.0658540993360618 0.00696533515564394
0.0562165873138782 -0.0794287187938169 0.070299538430111 0.0474999905935109
0.108146987048722 -0.00236376465117775 0.0334760172032147 0.0818991531233919
0.0867851567026297 0.0955697720775379 -0.0225370156330518 0.0774958136817897
0.0333662536562825 0.140881259068958 -0.0215844520130989 0.0517010281107641
-0.0128651244175131 0.127286692607936 -0.0107413489470872 -0.0190166798774056
0.0434522880968334 0.12885207105973 0.0507907414819709 -0.0628831895819198
0.096064788502813 0.0557965514083508 -0.00526215732524439 -0.103932629854737
0.0935438830968565 -0.0425738193795745 -0.0771370740182574 -0.0671737551710347
0.0387854441049141 -0.0810767326327946 -0.0796874559197168 0.0117419147064887
-0.0144647169444961 -0.0820821905517018 -0.0419355817167186 0.0351645782797345
-0.0526418741669023 -0.0541428461405336 -0.0171621627716337 0.02252491650291
-0.0553709406407398 -0.0366213294711143 -0.000289638126903157 0.0102220108506459
-0.056984575406416 -0.0342382254589943 0.0114919840694761 -0.0113103902360653
-0.042428125854306 -0.0681933732042157 0.0324989800018093 -0.0232159591925095
0.00382932620106964 -0.0858407075774787 0.060463933442686 -0.0205524346258658
0.0547365296951466 -0.0874468458817699 0.0793657986109224 0.0237933478274452
0.110636624305596 -0.00744566914112949 0.0501947795177954 0.0648758493208886
0.0863120430331331 0.0932496421594394 -0.0158488464551962 0.0619052219484248
0.0308886666825004 0.139139206037749 -0.0204723608736484 0.00825295835981509
-0.0283690847473135 0.112589763696371 0.00340398730785715 -0.0725223333573821
0.0197134191971276 0.128744748819981 0.0560165758519173 -0.0858428908306992
0.0809660415362826 0.0709196635842608 0.0184643813852892 -0.108242545154035
0.0939410501653626 -0.0261396335262418 -0.0469695384240437 -0.0822686137061799
0.0437249435582339 -0.073727438340985 -0.0647975222163674 -0.0225812388700047
-0.00853580450022486 -0.078414475286553 -0.0500639565038803 7.37092465131769E-07
-0.0488660895849981 -0.054953185415677 -0.0370026364646077 -0.00102961752542295
-0.0525606100951214 -0.0368414221096822 -0.0217218215778248 -0.00524151651303588
-0.0539166364809236 -0.03316422453861 -0.00932337855307911 -0.0259299212938916
-0.040064792107607 -0.0618921942450619 0.0147533614026155 -0.0416362806273047
0.00292231961162778 -0.0793794985916773 0.0516911923324878 -0.0431794513526231
0.0516523957274294 -0.0801590570839883 0.0811572039224856 0.00449652399246653
0.0992477362753494 -0.00261554702271131 0.0567161163466547 0.0494469664551007
0.0695498422579652 0.085090734090936 -0.0145862727044328 0.0469934052947556
0.0177423723887653 0.119753818755362 -0.0195768225898991 -0.0297908705633779
-0.0337196531226787 0.07558344651402 0.0194411910892551 -0.117910985121816
-0.00420215027057951 0.0966814807613807 0.0598439421987127 -0.102861288893079
0.0493844700361827 0.0633103196866034 0.0365856839590802 -0.105291290354966
0.0709544393397366 -0.00898726947910192 -0.0195328600341502 -0.0880497865702657
0.0370325110619707 -0.0522987430658588 -0.0479083956734236 -0.0489901977442038
-0.00351273141474333 -0.0597464622727414 -0.0549015276544422 -0.0294297633485356
-0.0363456789215336 -0.0449195378868719 -0.052542041725741 -0.0208797055214234
-0.0415044169362579 -0.0311550413216917 -0.03931548426705 -0.0190250990608031
-0.0427598373012708 -0.0287681480686549 -0.0264405893697909 -0.0389452569264231
-0.0299700440270207 -0.0508660058221511 0.000366965212253081 -0.0572692972203121
0.00508139725960478 -0.0645502641622402 0.0455388254126633 -0.0597934111612398
0.0481469696579645 -0.0596989975487042 0.0803808227683877 -0.00828504179304241
0.0780711347027097 0.00940022938996615 0.0575196562198235 0.0392821195196453
0.0416895507390214 0.0729359445069846 -0.0141602439318212 0.0348003961985868
-0.00135288082374432 0.086316598111728 -0.0153179434352519 -0.0584293236837286
-0.0319900495959553 0.0246475564433504 0.0298494892452147 -0.145691694243705
-0.0218068666523959 0.0453582223069353 0.0569141169688258 -0.110362470230985
0.0138112323585985 0.038046063836667 0.0445860325426692 -0.101134164115613
0.0349914800232765 0.00349348980170163 -0.00471833794445642 -0.0883950830418043
0.0212897739650321 -0.0241711059662551 -0.0383076969868501 -0.0632703689576589
0.00114272733843748 -0.0309707444817742 -0.0577338060015393 -0.0465731050145431
-0.0185814012969295 -0.0268499330431927 -0.0618021366297987 -0.0329334250745138
-0.0233929332428077 -0.0206262741870691 -0.051760681458573 -0.0291334967020082
-0.0253756161430875 -0.0204880555240301 -0.0378414654224708 -0.0492409336533757
-0.017230149134198 -0.0339800383628315 -0.00707551936159622 -0.0704600062869988
0.00698772308321516 -0.0439270370608561 0.0446191441908915 -0.071075206083364
0.0406940327501877 -0.0339335703925336 0.0820803879433233 -0.0141857422117821
0.0497617339689405 0.0211237184246132 0.057051272466134 0.0351937466533492
0.0100903525413574 0.0531608539259849 -0.0128459642910139 0.026712921447558
-0.0208001561737478 0.0433913565349237 -0.00595163489382561 -0.0747991638794455
0.0253337859078614 0.000856188215450617 0.00657508449607317 0.0899639471570839
0.00787158731222611 -0.0254528616021849 0.0390024463453274 -0.0173479086434258
-0.0175790547807747 -0.0153239571682577 -0.0534053210359458 -0.0491225146070506
-0.0183249031041981 0.0102347461537882 -0.0973220068486045 0.00980471516036087
-0.00168950936309774 0.0152773278240374 -0.0576465064641787 0.0838209130964797
0.00297720680938815 0.0112474042419448 0.00873108737174804 0.0924899857836536
0.00584329673764587 0.0112252490612627 0.0436907115414329 0.0636792502204691
0.00333854464359805 0.00667364296454022 0.0579135849100633 0.0389926847801189
-0.00407768518629175 0.00784770125485456 0.0659390299498071 0.0334814498805052
-0.0105355363784191 0.000604739295459776 0.0639260080740721 0.0452262114286625
-0.00539297002672827 -0.0057257640141597 0.0437538055394606 0.0657966738144649
-0.0024477942584627 -0.0127168516916432 0.0110051334564542 0.0829355348112607
0.0174383987201653 -0.0118198905092348 -0.0372439181225407 0.0947165527263423
0.0326310952374495 0.00593598341358665 -0.0655985140213286 0.105131621780398
0.0234268968588551 0.0256060853574378 -0.0361788464437335 0.146259565909756
0.0293429717862222 0.044219381000627 -0.00493698280145336 0.0880461105509356
0.0340215466771708 0.00870808069909508 0.040005094038662 -0.0167993773755336
0.0175048768621553 -0.0131353938051826 -0.0506494257487103 -0.0579991127534748
0.00329063283990539 -0.0159306046161938 -0.10398138964909 0.000303699665426778
0.00167628187491207 -0.0136010535735296 -0.0680569779658974 0.0819784626677121
-0.00881504753748393 -0.0142935655128382 0.000521761398275389 0.0937760029120221
-0.0158002676537572 -0.00484209085183018 0.0369662045561605 0.064015375573274
-0.016946209185195 -0.00637866020640042 0.0524876082068623 0.0387763946496347
-0.0236699229205737 -0.00970803058619052 0.0611555853846807 0.0279031284075362
-0.0189122970020271 -0.0295535599519968 0.0648181445960381 0.0358233537326655
0.00734742619286525 -0.0361848165495092 0.0532087239012695 0.0559339156398237
0.0300030408645311 -0.030990785870515 0.027897403040188 0.0793900238535085
0.0540926569782515 0.00522399432132881 -0.0188738537860943 0.0946470430076122
0.0494418277359053 0.0542367841167641 -0.0504413997575092 0.0988608955592872
0.0237492217371288 0.0793563780908221 -0.0299176443290573 0.126251861473735
0.0228267448978503 0.0847307654704236 -0.0143647598792794 0.0682090471826245
0.0527370072491448 0.0519618552315288 0.0426841302101853 -0.0238700792646817
0.0543176472990483 0.000628272900058882 -0.0428367871476339 -0.072657371339605
0.033194729967753 -0.0378212325650578 -0.105933181434543 -0.0181106531163073
0.00955899420211614 -0.0439055334378125 -0.077694698792673 0.0705517245339853
-0.016664509742881 -0.0419893309596343 -0.0127496680390788 0.0849872223896087
-0.0346947223893615 -0.0232678517876427 0.023078014519275 0.0574827390816121
-0.0350213257503842 -0.0184735022353942 0.039755764683614 0.0333332524985242
-0.0399378076862824 -0.0221394773896987 0.0491694925222967 0.0167288298368748
-0.0301249035168486 -0.0514395405243152 0.0603223559157684 0.0175397771706627
0.00951336615754193 -0.0625003597520604 0.0628380594898182 0.0340192639493547
0.0478849885627628 -0.0562761919895639 0.0517998486389223 0.0669007024376782
0.0864460225613635 0.00442961265999913 0.00777925738240751 0.0912371180655104
0.0709721375916294 0.0827176006753039 -0.0329352442944087 0.0890634140793503
0.0294377305927485 0.117803465055592 -0.023098412760447 0.0927555709169958
0.00720387667919499 0.114364545017103 -0.0165777111080146 0.0311863256518445
0.0576639773873056 0.0955780136159056 0.0466709138174572 -0.0394598028553088
0.083872345377477 0.024956867089515 -0.0281503044338944 -0.088828679281762
0.0662034585234347 -0.0481224247740198 -0.097578291303084 -0.041250771915024
0.0222874747188919 -0.0688412679322674 -0.0816739618213383 0.0461827947971108
-0.0194731078738063 -0.0660507303479758 -0.0271435950820732 0.0645044196973075
-0.0478872708055342 -0.0402744305203685 0.00423151884814394 0.0428741553569301
-0.0480530292863016 -0.0282181056440103 0.0214279620186179 0.0231010461505497
-0.0514868948286897 -0.0287669207585172 0.0312676829044947 0.00315176321834464
-0.0392956945462338 -0.0629795802201751 0.0484134770371699 -0.00347388947952814
0.0053023997531302 -0.0790225691007887 0.0651390317776153 0.00558039598157845
0.0526719875439961 -0.0782976545589053 0.0699224084729135 0.0451424569861342
0.105542003017124 -0.00506116305541186 0.0331439368648237 0.0790010824303165
0.08663545776184 0.0919976644244562 -0.0208299253457415 0.0754746310029487
0.0349060512599105 0.136560664521424 -0.0206192069590742 0.0512898890622074
-0.0109125672228622 0.124460053854365 -0.0103753045617297 -0.0184756924866745
0.0453887909326556 0.124769358783035 0.0502219264893917 -0.0614057947567828
0.0939432815402229 0.0528478351326959 -0.00581587462283285 -0.101366003322956
0.0890776519216713 -0.0434784734581714 -0.0760214138559587 -0.0645658943826546
0.0351954177468951 -0.0796792667939714 -0.0767009743025544 0.0125550751792294
-0.0160931636590372 -0.078627306531294 -0.0397789443792214 0.0348153074619297
-0.0523084848744873 -0.0508430301189974 -0.0166722172899728 0.0225913622503425
-0.0541994876675467 -0.0340024498595932 0.000400477003287908 0.00985845978379479
-0.0562601876151327 -0.0313890722843411 0.0110542530575031 -0.0111944073868274
-0.0433081458451681 -0.0646877011248836 0.0316080893434328 -0.0234123109692373
0.00158917621595622 -0.0842265787827021 0.0591365170551264 -0.0215909513925399
0.0508222755447733 -0.0863881580614066 0.0786440178615719 0.0214980691786426
0.108002047518757 -0.00945832500400889 0.0487912096046548 0.0623656492302193
0.0860163907508004 0.0893364195515747 -0.0151687485094085 0.0605756495301391
0.0318918037925996 0.134837794314536 -0.0202753380729444 0.00968296824620257
-0.0261366405246532 0.10984149836852 0.00270057499183097 -0.0706342158755666
0.0212639525895378 0.12505708549062 0.0549011314439555 -0.0836787892961437
0.0792633473517342 0.0680242456050236 0.0172362493361479 -0.105670332923045
0.090401931008993 -0.027020753132221 -0.0465067948822456 -0.08018642410914
0.0407854906299077 -0.0722796915990016 -0.0621344115458066 -0.0217899288408607
-0.0105533940359698 -0.0760008960049009 -0.0487053826258311 0.000475221428292438
-0.0487286588158759 -0.0514673315257375 -0.0363312308837894 0.000628522813787324
-0.0519008876068748 -0.0341868301867168 -0.0206267774306887 -0.00444892325764264
-0.0525717121351528 -0.0304128640439844 -0.00922370490516023 -0.0250919502062831
-0.0399618204773579 -0.059292974926668 0.0141648395650631 -0.0409136990933759
0.000606491778269237 -0.0778044084882638 0.0499597189638994 -0.0435077461000366
0.0476998156126001 -0.0789709682433472 0.079770530832598 0.00262484261640121
0.0963505171924231 -0.00456431603282358 0.0556410923474571 0.0470034178777184
0.0694474693036206 0.0816123760665568 -0.0137470970533063 0.0467815943854471
0.0192940721343391 0.115754998777425 -0.0203438750627597 -0.0274118302194634
-0.0320967045357964 0.0738428068941106 0.0171586425685812 -0.115146094584779
-0.00219440328684331 0.0942499875607474 0.0579574169888884 -0.0995442053214483
0.0485359240319349 0.0614189947230949 0.0354130878705169 -0.103544893391945
0.0687550601045804 -0.010063638496994 -0.0201288437051705 -0.0859140779605933
0.0347046214764619 -0.0516445003020124 -0.046404698404172 -0.0475557675449807
-0.00496636664088622 -0.0579859711020655 -0.0543985660715228 -0.028030839047051
-0.0364855528422046 -0.0419762341293434 -0.0518882775794361 -0.0185176482643474
-0.0406272402537017 -0.0289759625108897 -0.0380890049633674 -0.0171134055622662
-0.0421793980020573 -0.0266810256473791 -0.0264285789211751 -0.0367975659420223
-0.0302913125499416 -0.0483524282363939 -0.000308792086144876 -0.0559332809908739
0.00311078326962684 -0.0630577621781094 0.0433711339928703 -0.0590285247566379
0.044773620478475 -0.0593988662445768 0.0792482864647 -0.00963817497780946
0.0757664578899317 0.00748866854916104 0.0563597051666478 0.0370521075456196
0.0419579193041376 0.0700919165080997 -0.0134997941671916 0.0349482948575072
7.3369643204597E-05 0.0836621559420161 -0.0163840766709525 -0.055292925914668
-0.0306674532647321 0.0244247487698066 0.0266872149448867 -0.142128840394231
-0.0205373176943545 0.044673517789308 0.0547147794228385 -0.107807247381387
0.013780502248427 0.0368578706234353 0.0428162468402618 -0.0996136111084624
0.0341134889478084 0.00226944313147997 -0.00581566174396746 -0.0861072336974165
0.0201119608062879 -0.023827236863091 -0.0375929488795572 -0.0612178110872134
0.000590274277095692 -0.0299978199123223 -0.0581902537632461 -0.0443646496710543
-0.0183042357915239 -0.025561660036319 -0.0612236593208805 -0.0300484941508514
-0.0232083535331735 -0.0194753486484952 -0.0498945593798096 -0.026610218232529
-0.0251897720636646 -0.0194623519530882 -0.0374113252549129 -0.0465381292492239
-0.0174253596916252 -0.0327591898480366 -0.0079982201475069 -0.0681685003638603
0.00549961381487204 -0.0425838623101487 0.0423243057102121 -0.0707718110708787
0.0383527364902546 -0.0337707942384025 0.0804117079808439 -0.0154417002792291
0.0486252884640362 0.0195837399896605 0.0560120234377086 0.0332316975711484
0.0105420628728279 0.0516017125414026 -0.0123072616564563 0.0269378579929388
-0.0199988958114977 0.0424136189849647 -0.00756698556031263 -0.0717403251170709
0.0255357924717328 0.000949736148517373 0.0082825103632068 0.0885309389805743
0.00766876910522182 -0.0254341006224362 0.0388490258268402 -0.0176868728554972
-0.0170899991645111 -0.0152210119968581 -0.0524700873877632 -0.0476794523881988
-0.0180471129470133 0.0101165165047346 -0.0959950878691586 0.0115207655128648
-0.00121628591785899 0.0149345707884002 -0.0558073909958122 0.0826184488568766
0.00340833912900725 0.010583523831896 0.0109112164803701 0.0904665461770405
0.00621494984647316 0.0111281243189204 0.0439450876588602 0.061614705597499
0.00367613996996248 0.00653270542752588 0.0573344604837067 0.0364654015489504
-0.00350700129406781 0.00735330206429488 0.0658590245520987 0.0310444826023898
-0.0102255548307755 0.000683877738614915 0.0644188310996666 0.0430459166263693
-0.00537297219035262 -0.00556343740637664 0.0440899113756206 0.0647358677381583
-0.00236661723011721 -0.0129554593329436 0.0112428057392541 0.0813119984884075
0.017041318781139 -0.0118786626306467 -0.0368681184470495 0.0936226313738852
0.0320428689903374 0.00493012042750308 -0.0634861237896037 0.103954731930567
0.0231597907807262 0.025178987167938 -0.0331680058920949 0.143560681696895
0.0292216339221339 0.0438486817217089 -0.00409490858948284 0.0860590358250656
0.0341959618729806 0.00780703762472897 0.0403962474906705 -0.0171599820712688
0.0168901824202148 -0.0134811693782494 -0.0502134490819339 -0.0561379922543838
0.00275523246672434 -0.0152511958776771 -0.102471865230205 0.0011284532343271
0.00118221599163341 -0.0134428133253134 -0.0655531674718761 0.081615450638253
-0.00871228495672522 -0.013601088836055 0.00239560056716022 0.0914240236880891
-0.0154683694777052 -0.00466589999387286 0.0376446827654916 0.062076880058387
-0.0164348061198228 -0.00642938444646198 0.0522144879315881 0.0361875213731741
-0.0228365683630602 -0.00890691500651202 0.0614004956840893 0.0261099460881036
-0.0194702408015265 -0.0285152391989834 0.0651516738107097 0.0336353301577948
0.00633272484309823 -0.0357918977155651 0.0541119103016936 0.0541649289960069
0.0285560297934587 -0.0311286835776671 0.0285739751941581 0.0781643411548611
0.0533331287720838 0.00428572387029635 -0.0181444724115828 0.0938994958544372
0.0494089451191943 0.0522677355856014 -0.0482003089381707 0.0975932779123414
0.0240926728668194 0.0774661460125485 -0.0273927068666161 0.124532616315377
0.0231671186327754 0.0838099969982706 -0.0127100916571537 0.0669805088614598
0.052978877583089 0.0499161995034634 0.0432027821922154 -0.024388585632852
0.0529159580118852 -0.000404424651500636 -0.0417920298143788 -0.0703274762090016
0.0315842207208919 -0.0372122097071705 -0.104465696381524 -0.0162245329749694
0.0087419691212872 -0.0434684492931047 -0.0747925344377694 0.0693372307436345
-0.0171269764162085 -0.0404381793799127 -0.0103956906878924 0.0829331753858784
-0.034283080983492 -0.0221575153549173 0.0239245743739352 0.0557720478757321
-0.0342445693340037 -0.0178715389076453 0.0396289335219923 0.0313042399779315
-0.0396988702220874 -0.0204834531496395 0.0488024470852131 0.015686087359959
-0.0306465730969568 -0.0495017004290118 0.0602553938600012 0.0157782338393015
0.00824149219733578 -0.0622726701238493 0.0627225275104474 0.0325121591609523
0.0457923037895874 -0.0560849564465802 0.0517353552066791 0.0655220639645541
0.085025999913714 0.00324756268036275 0.00805965488838902 0.0897624845362099
0.0713436370522046 0.0802304081936237 -0.0320715324846858 0.087841843724824
0.0301882955285243 0.114906558050028 -0.0216379754760193 0.0917435470970143
0.00797592231738126 0.112477091989295 -0.0154672723623917 0.030469315112022
0.0581609027052111 0.0928003557187261 0.0464519900128114 -0.0394700247523834
0.0825184832812689 0.0237036430021551 -0.0270606301536454 -0.0869907772444298
0.0633488235121798 -0.0481372819330128 -0.0955354966289246 -0.0395808844006353
0.0204529311869026 -0.0676053898944008 -0.0790567631201598 0.0458467495807055
-0.0204868130159774 -0.0644168325535899 -0.0252568541968475 0.0632160080283091
-0.0476151123817182 -0.0381736335987166 0.00477093629516938 0.0424635127941263
-0.0475122396220774 -0.026778759573727 0.0219643337637499 0.0226390172529629
-0.0510361710125403 -0.0269536390641236 0.0310967362974527 0.00257176152107123
-0.0402632129613632 -0.0606827636827027 0.0484080797446272 -0.00469066990042555
0.00378262205310634 -0.0781056998345553 0.0645626098975222 0.00403834577722907
0.0499030449922863 -0.077679011549025 0.06988650802035 0.0438881745576925
0.10384973786645 -0.00686499360916125 0.032345058594884 0.0769741666136269
0.0868942321210477 0.0892299191488448 -0.0199388748382018 0.0745381542982137
0.0360019888886292 0.132965346797879 -0.0197633372418157 0.0515486816015318
-0.0102555119819865 0.122033116290702 -0.00997596557885882 -0.0184503347444079
0.046843009833786 0.121281848119111 0.0505793771043469 -0.0609368234401174
0.0929874198638557 0.0506347916550972 -0.00602773519900941 -0.0991081489817515
0.0862340142157122 -0.0429474550005199 -0.0751887758693864 -0.0626525475438413
0.0328499397551016 -0.0783684991750988 -0.0744437488756746 0.0126992179462304
-0.0176986379912584 -0.0765340922281018 -0.0386084387936383 0.0339648324933794
-0.0524034744916649 -0.0481150724792224 -0.016287275351108 0.0230727128032222
-0.0535032751638536 -0.0319892676971822 0.000693313606502446 0.0100921693837072
-0.0551897079970836 -0.0291706589393442 0.0103737744189372 -0.0109287058624225
-0.0438292693042946 -0.062522946655178 0.0316858986644955 -0.0237206778950717
-0.00074457741540485 -0.0831495208456043 0.058262497511909 -0.0222929074574132
0.0474541394173494 -0.0857815444094691 0.0782484603524383 0.0201625731240805
0.105274741717339 -0.0113122368594885 0.0477140557720554 0.0606429599138769
0.0864965260331624 0.0864684517299161 -0.0144132444004139 0.0597035475334611
0.0330872975524402 0.130855064029811 -0.0204477356226165 0.0108135174114891
-0.0246808900079077 0.107842099604472 0.00227750384417858 -0.069788282698613
0.0236226961417422 0.12213507982781 0.0540095898216038 -0.0823816508874966
0.0781391721873932 0.0658459310073584 0.0163346829807129 -0.104115246680111
0.0878985090806498 -0.0275630044675657 -0.045892410457606 -0.0783339356866526
0.0381482145630711 -0.0715493732488649 -0.0602930456559848 -0.0208039631531987
-0.0117965863349522 -0.0737460706632708 -0.048667866400201 0.00100710450352914
-0.0484587004930248 -0.0488906715598499 -0.0362709315760835 0.00220652988018032
-0.051270328763014 -0.0319778678402912 -0.0200793894179717 -0.00370970520283226
-0.0517054602632917 -0.0282254301240615 -0.0100985348979772 -0.0240821004274582
-0.0409231452140258 -0.057118157775074 0.0141056579568188 -0.0403136290560807
-0.000898144859634457 -0.0764790637394626 0.0489121314100381 -0.0436619024642818
0.0446946169255774 -0.0777001490147684 0.0790376118955726 0.00107807218691663
0.0946947266967036 -0.00619723642380427 0.0547124238785833 0.0454747694071376
0.0699466458732855 0.0787558684690694 -0.0128518656016057 0.0459136959797624
0.020250681934026 0.112763948402512 -0.0205201296189343 -0.0257155905701831
-0.0307604595912663 0.0727745740545381 0.0153372900787266 -0.1123900649417
-0.00129081809311628 0.0921850425937173 0.0557730203512719 -0.0977141595174506
0.0482883123511584 0.0595771003086761 0.034241060650744 -0.1024246997104
0.0669156830053961 -0.0111449276939744 -0.0201745054519024 -0.0843534201818084
0.0326871512791587 -0.0511867341136392 -0.045189522653418 -0.0470580623188267
-0.00629683363187261 -0.0561818384669599 -0.0542500166657638 -0.0269192788065186
-0.0364510735173416 -0.0396764260186327 -0.051868805226118 -0.0164322257716437
-0.0405689855734644 -0.0275760972114388 -0.0372926717013049 -0.0152461053929017
-0.0415346530746381 -0.0243766076873218 -0.0265593537113523 -0.0357111873955508
-0.0311740625672425 -0.0470220974848924 -0.000655011556805446 -0.0549411358227588
0.00165195042387624 -0.0617249029461209 0.0416058985959713 -0.0589413687625603
0.0423720597053451 -0.0585827211790894 0.0787447001245897 -0.0113337191401186
0.0745402565232317 0.00601481530869881 0.0556601832581156 0.0351083549776085
0.0420853568884427 0.067666380026054 -0.0133122109376409 0.0344790943613259
0.000136202772331705 0.0818791217656509 -0.0172225823604346 -0.0526477837620839
-0.0297901729985123 0.024172789214668 0.0250230810711052 -0.138992345574932
-0.0193677128490678 0.0434777677233917 0.0531774165118216 -0.105134033109809
0.0138429319166828 0.0363552934692456 0.0413523009716341 -0.09848234920789
0.0328609848950299 0.00208068053551377 -0.00680263611367333 -0.0839145577356897
0.0189087019443944 -0.0238050797192164 -0.0375266716531769 -0.0608578312364894
0.000339011950124426 -0.0292320583728605 -0.0580322096065693 -0.0427412649350903
-0.0183420626483633 -0.0249679286532182 -0.0614202023444888 -0.027947043112015
-0.0229066327929005 -0.0187279371433097 -0.0484992982224399 -0.0247483044268609
-0.0250245588987575 -0.017975242249404 -0.0370993115320113 -0.0447656164817141
-0.0174227521748064 -0.0320064881698605 -0.00885989045813608 -0.066682990171214
0.00448709778252428 -0.0416347425377693 0.0403791417941981 -0.0702625300534016
0.0365530417458 -0.0337663067105081 0.0795170518182149 -0.016512179774362
0.0478982996224903 0.0184911883561719 0.0550457458659947 0.0317483881887242
0.0107498507768347 0.0504671915073474 -0.0121520821987711 0.0269326191574077
-0.0196878186183346 0.0417556187056801 -0.00896527684100738 -0.0689207901043617
0.0230377975922075 0.00547259974049831 -0.00877951999906478 0.0871732923376172
0.0114538929744091 -0.0223078547688017 0.0423678568559046 -0.00949688251356485
-0.0125612157287839 -0.0178413405220462 -0.039929281367254 -0.0562642476685995
-0.0176610822709313 0.00573294071367669 -0.0949860751247538 -0.00809879745675053
-0.00312647929861415 0.0124526863399043 -0.0695740617748293 0.0690484146470283
0.00159807830067416 0.00984985300515602 -0.00708660943571766 0.0892301384527264
0.00441853792525614 0.010568984655024 0.0307329616607078 0.0684257298217817
0.00261193945616918 0.00671860187310938 0.0470115788751881 0.045577976107432
-0.00461043844834422 0.00639181924802204 0.0572081305404418 0.0418472231389576
-0.00978719845052155 -0.00141690840120642 0.0530341260482296 0.0536678627831265
-0.00438309085044461 -0.00689042530702106 0.0296427940374456 0.0712308318446601
0.00114092592252083 -0.0124752799371955 -0.00728995149004613 0.0807417360405704
0.0197641588638626 -0.0072796877107914 -0.0553739932578908 0.0835900490849995
0.0300635343804909 0.0121306318563641 -0.0837318308179275 0.0893715453839076
0.0166356649836807 0.0290036145876706 -0.0644942135062609 0.134674053219036
0.0182139313066191 0.0462732385102397 -0.0192868562599987 0.083518278119924
0.0306926440729774 0.0136430911340528 0.0428223365897043 -0.00791662059478222
0.0193236402512275 -0.00950943549518066 -0.0356600699489943 -0.0632264168717645
0.00581635996677718 -0.014911207088995 -0.0984441306693369 -0.0185758347294742
0.00401805233376528 -0.0140106949330831 -0.0782552352129255 0.0659017656593942
-0.00527671523501411 -0.0158936504098336 -0.0147955896014844 0.0886692600259125
-0.013095137123573 -0.00746992653243241 0.0239270764297946 0.0680796987932087
-0.014727534461886 -0.00995968436252412 0.0426209446506908 0.0450609782893658
-0.0196857363931491 -0.0129075867239171 0.0535668976460475 0.0364605191395701
-0.0128947168270284 -0.0313213517629906 0.0557857073053944 0.0445321050013913
0.0133261636003353 -0.0336969703589341 0.0417317909162238 0.0624260405949328
0.0347223704062249 -0.0233299079962817 0.0116888623026374 0.0800992104376124
0.0509345827182323 0.016676587813386 -0.0364691837612682 0.0876351968557683
0.0369196083921302 0.0613901867837377 -0.0679336585079398 0.0867357357405407
0.00626653487190724 0.0794288636963125 -0.0548331689403126 0.117766816435364
0.00482103820072161 0.0827742790009155 -0.0248215685845019 0.0634464076645394
0.0410661312336386 0.0570276259027027 0.0449333727249103 -0.0138394816367605
0.0507032281846441 0.0102232513218389 -0.0256421187985264 -0.0740678794679268
0.0367930663522334 -0.0292545579672622 -0.096802711728458 -0.0350482267586878
0.0167566763007144 -0.0408523225448941 -0.085431940193095 0.0534092359284706
-0.00865566511236376 -0.0427037300265861 -0.0250574968731531 0.0779464878072472
-0.0283639250045114 -0.0272448308441271 0.0116815203877709 0.059028861199286
-0.0295593527368096 -0.0244848554328388 0.031703535698339 0.0380550737332821
-0.0337380104663367 -0.0271427561738508 0.044273547953551 0.0243831177567695
-0.0199046114528633 -0.0533746466843698 0.0547135642666764 0.0263284090329869
0.0204308670770987 -0.0582721451161796 0.0549695535757647 0.0420727023846231
0.056021103946683 -0.043904562960489 0.0370873934973061 0.0718965567445613
0.0822472655098261 0.022649351511235 -0.00871428277501154 0.0892949907106076
0.0526153846409543 0.0931884177159736 -0.050184201024874 0.0812102204839884
0.00428764947039657 0.117155639886775 -0.0415118839803869 0.0867190416229618
-0.0158318429961149 0.107616332810485 -0.0206126820743902 0.0282521928782198
0.0380466607813381 0.0986630508391612 0.0502416358161391 -0.0280837591521516
0.0743367766240025 0.0388640678012919 -0.00866322969088669 -0.0866910937275726
0.0687963942482223 -0.0329026489332974 -0.0838578874428803 -0.0554882098024953
0.03315690889813 -0.0612103679349059 -0.0842834886135352 0.0300694297135332
-0.00722963532065615 -0.0652680856185231 -0.0352583964319045 0.0564667330319659
-0.0389774782428152 -0.0447141492078473 -0.00380700466666076 0.0417647329912783
-0.0403392483714766 -0.0353908102931581 0.0166497023915926 0.0254260010832315
-0.0431085354696659 -0.0355772726985292 0.0298545121737878 0.00798455680148786
-0.0266695970200277 -0.0657121485527417 0.0475341393585423 0.00397726100832858
0.0193492664817398 -0.0750701198842625 0.0615216222221798 0.0147237198795292
0.063636852260309 -0.0634829990955554 0.0602823427991304 0.0538505361529327
0.102225087259239 0.0170628387255738 0.0184203839557271 0.081783229765299
0.0652611245899655 0.104709129771945 -0.0353551228115959 0.071312830706305
0.00575439531162536 0.135443849928063 -0.0306649811071322 0.0476681171439733
-0.0343050890378343 0.113449431406041 -0.00655874175590607 -0.0174015573518152
0.0226535459050708 0.123866756178643 0.0567490629363022 -0.0483372848074256
0.0788486132383805 0.0666050252520679 0.0127788958709421 -0.0935907689142775
0.0894374293929374 -0.024348600328449 -0.0588615075272655 -0.0735124740860727
0.0469829652351904 -0.0682941337696082 -0.0731108371573511 -0.00129926335124929
-0.00236368446274735 -0.0762432875229638 -0.0426852797139402 0.0253395407146066
-0.0417799088837379 -0.0551958403084846 -0.0207435729483553 0.0185065852996388
-0.0454268385599245 -0.0414282700366224 -0.000756296819409798 0.00995985983804712
-0.0467629815740304 -0.0390640196800069 0.0130211916912006 -0.00885810596709233
-0.0301669652380983 -0.0679337234527658 0.0356940460807448 -0.0179830466647223
0.0164844474202109 -0.0800146149179777 0.0607168396794795 -0.0124381256037319
0.0626878370856907 -0.0708708171395964 0.0728693870561872 0.0328561663970291
0.104870683496067 0.0125329027314062 0.0369252212008908 0.0685950887761827
0.0653175672442773 0.102610602300299 -0.0271278303633055 0.0577797406181518
0.00374488258818273 0.13312294429123 -0.0225798126775815 0.00735045308921558
-0.044588725715511 0.0980861569596154 0.0148814823602525 -0.0652547666275741
0.000991308934922559 0.121118953772363 0.0638322718196529 -0.0689927690818642
0.0626516489053078 0.0786947092754725 0.0351555305740048 -0.0940453784520571
0.0877512343761521 -0.00830956748149755 -0.0284147328924103 -0.0826545855681835
0.0507744495106609 -0.0607535560083856 -0.0535751876242148 -0.031346179744802
0.00290304827224573 -0.073058394018486 -0.0460943003610842 -0.00804459766853348
-0.0373844528634866 -0.0551296289257157 -0.0356425802321614 -0.00586525144387856
-0.0433842085737433 -0.0410735571857274 -0.0181802147608963 -0.00720225657145665
-0.0441323702888403 -0.0371073419942986 -0.00422099654548515 -0.025369640879858
-0.0280303678987518 -0.0621014854391153 0.0221936393194525 -0.0373917287621277
0.0147042950467784 -0.0735232698333633 0.0556272730547423 -0.0344172277317035
0.0585313771357907 -0.0642313673121265 0.0778304246600439 0.0149851782336049
0.0926922278133659 0.0148123863912911 0.046381094016868 0.0549155848912092
0.0506317732284199 0.0910545924298296 -0.0232276194817808 0.0443926193439158
-0.00500004260247642 0.112702837152793 -0.0156489712427899 -0.0286053253386341
-0.0432058605674346 0.0636880647094385 0.0362663765431207 -0.10490373748636
-0.0168911134464161 0.0886971266522174 0.0710761164372342 -0.0838162249611526
0.0351662465657501 0.067192218174909 0.0522058203209057 -0.0895619720866933
0.0649270674258189 0.00334760282420697 -0.00232184188702803 -0.0835027788970616
0.0416136137564913 -0.0418197170076346 -0.0342823325975016 -0.0534215604213654
0.00543647182275163 -0.0544636429664102 -0.0469510621399736 -0.0360587037031949
-0.0273288140243002 -0.0442889461216119 -0.0471264425967314 -0.026226148433347
-0.0333238388652071 -0.0347225761715126 -0.0321515803822805 -0.0218255271225026
-0.0342798305898934 -0.0317823028857772 -0.0178526145246486 -0.039643803649605
-0.0203720529757479 -0.0503927690815555 0.0112667724347174 -0.0530829518123817
0.0137652254023367 -0.0595278932337849 0.0528842670976332 -0.0502661216053418
0.0517541706509023 -0.0469801105666034 0.0797020979501239 0.00361349971043526
0.0707944971785326 0.0224734511623351 0.0488665316935463 0.0455275063838535
0.0261835818549708 0.0747712347992169 -0.020857928782611 0.0328920239534412
-0.0172729043209877 0.0786620388082485 -0.00661185396180397 -0.0549683576485885
-0.0324921048656616 0.0180619203668016 0.0504790071275648 -0.129254959670836
-0.0253642732342809 0.0394994020135427 0.0710534183072703 -0.0917102508374826
0.0067816862588562 0.0388208799766446 0.0587191951147179 -0.0856705055706348
0.0309139939727793 0.00879999748085557 0.0103718256234194 -0.0819080932389756
0.0232086639514621 -0.0181037984196098 -0.0242304763365347 -0.066159579792135
0.00602314729831489 -0.0274595770353948 -0.0487448513989458 -0.052364153702523
-0.0127151722506416 -0.0264420403602556 -0.0542856468310899 -0.0387023117554791
-0.018614732603988 -0.0224781036861086 -0.0414147700238743 -0.0326684755443109
-0.019580277974082 -0.0222971715087966 -0.0264096406352832 -0.0507009462179001
-0.0105839353936981 -0.0334536887710317 0.00615778009774888 -0.0656564995402714
0.0125187002684854 -0.0391084377691796 0.0535094082879972 -0.060417991248183
0.0412870649843887 -0.0249357083550883 0.0815978071889806 -0.00131434928357657
0.0426023014354875 0.0288092124118663 0.0487000100517488 0.0424995888337303
-0.000363289496118674 0.0505583631412721 -0.0184451885746667 0.0254800638994451
-0.0282616411844437 0.0355730261819954 0.00593474507858218 -0.0692291513272978
0.0231622923575997 0.00581979361322567 -0.0071577906634803 0.0853385946396862
0.0114597042125337 -0.0223877915409185 0.0424799821694156 -0.0102974650542947
-0.0121174392592442 -0.0172703139738243 -0.0392897772147597 -0.0547615302038097
-0.0172223059167308 0.00554614547641265 -0.0931439507793903 -0.00662202458742243
-0.00285209867977647 0.0119900937514075 -0.0672224504725276 0.0682308303017352
0.00178658694414542 0.00944036754292179 -0.00533868649730318 0.0865585244002193
0.00463108541940868 0.0100303752222355 0.0306538017112867 0.0656489229685019
0.00270871232562209 0.00612897017260049 0.0462797155006443 0.0439149477663452
-0.00420127976171562 0.00643895450879356 0.0571834802608452 0.0399679132474879
-0.00946771045671598 -0.00117028608182704 0.0534543723253958 0.0515082735238934
-0.00422411943283429 -0.00665515162924443 0.0299564847204013 0.0697547716398759
0.00132075717443839 -0.0122698683684174 -0.00759918598126033 0.0783309985723264
0.0191542558023149 -0.00703804390666338 -0.0538885970264615 0.0815638341616577
0.0300798332701399 0.0109333086306242 -0.0813191279921199 0.0870257748381448
0.0167269739147754 0.028051976851244 -0.0613048030001484 0.130843936198726
0.0183965901872595 0.0452008129204271 -0.0180451676696802 0.0812234468059283
0.0304937985719774 0.0122853100274212 0.0427547183405328 -0.00896099998314194
0.0190832108567584 -0.00986209072739177 -0.0348199965390482 -0.061549576371475
0.00524956669883147 -0.0144979372532535 -0.0965951822546766 -0.0169694245136947
0.00396369760663553 -0.0141188580935713 -0.0755486925785114 0.0650403581823875
-0.00542858590763264 -0.0154484948438328 -0.0129130630243 0.086655725371101
-0.0130117315043735 -0.00747269428987137 0.0248837361143385 0.0656722217995362
-0.0142570488505403 -0.00942630317419055 0.0425999427986062 0.0432258891641575
-0.0192161897786868 -0.0123166739138743 0.0534721690037933 0.0344669779442066
-0.0131085294208628 -0.0302094988079382 0.0564044819620424 0.0428661886576891
0.012719151337937 -0.0336064158545568 0.041198854047004 0.0610403972464356
0.0331730052016391 -0.0238946991075523 0.0115868925684006 0.0780993184746547
0.0503217669135639 0.0157685051033504 -0.0357615936495087 0.0859540856639405
0.0365386806350583 0.0595056954995913 -0.0658567107719629 0.0847185592467589
0.00672258711368424 0.0774944592572631 -0.0521872847905891 0.114736829789209
0.00489026618550277 0.0809194868124421 -0.0231892117544838 0.0618277264093222
0.0406419752380743 0.0544388301590827 0.0454076627742093 -0.0141800489089897
0.0494825417252432 0.00927414633701323 -0.0254841573551896 -0.072708829733304
0.0349114442525327 -0.0288993339941779 -0.0943904161973224 -0.0336068956210463
0.0154985270564923 -0.0399279194216121 -0.0819858347134503 0.0527642264668471
-0.00924093911781073 -0.0412597002436791 -0.0234956927876075 0.0758924813749494
-0.0276211855097965 -0.02586550726448 0.0124668361266139 0.0572448029650011
-0.0292332782349261 -0.0234315289799736 0.0313587460937543 0.0366603806139356
-0.0327330132557077 -0.0261989211675256 0.0438922274441737 0.0227070795018251
-0.020667376649966 -0.0514848612961351 0.0548727831814634 0.0245171920122902
0.0188232025410107 -0.057919111605622 0.0542605389571819 0.0406346428036677
0.0533986346595343 -0.0438189010093721 0.0374053991055153 0.0702182881129825
0.0807161197038506 0.0210958844591439 -0.0088813533587818 0.0866545234858155
0.0522580156890801 0.0898639717615504 -0.0484984477892337 0.0798861268300755
0.00514064594730335 0.113657052255977 -0.0397383749944927 0.0852957433094217
-0.0146256543007569 0.105376005763852 -0.0195376333012808 0.0272418219417109
0.0387174168354017 0.0956418014830315 0.0495912620158578 -0.028179967235895
0.072448938524223 0.0374047886350042 -0.00884097003188888 -0.0840804567402324
0.0662638226659378 -0.0328739715901726 -0.0822618496543479 -0.0533101838669462
0.0310539404878943 -0.0600905194552551 -0.0819352340721187 0.0295097206983041
-0.00852283445653786 -0.0626684835852501 -0.0337870037112436 0.0554877739928362
-0.0381100400181016 -0.0423881418907064 -0.00363663630371591 0.0410138215125328
-0.0399076892600037 -0.033374255385635 0.0163080747405778 0.0244228285503096
-0.0419386117181665 -0.0339923282669381 0.0289560947370759 0.00778823593807455
-0.027934727702351 -0.0633805778371348 0.0476033078014985 0.00252093393025339
0.0175016204081619 -0.0736358011395594 0.0611556433114184 0.0142852946986206
0.0607531700925609 -0.063034773399985 0.0597806741027197 0.0521261629212166
0.100130443521366 0.0152481107444656 0.0179257164539537 0.0793177688711577
0.0650765337953954 0.10132630478557 -0.0348087793064209 0.069711607133922
0.00720322848962336 0.131273503263219 -0.0297447557496289 0.0475627730812576
-0.0326122965731519 0.111401630697579 -0.00617436752400046 -0.0177779371489188
0.0240632893446101 0.120823599091745 0.0556411455027976 -0.0478904267707111
0.0771938458467917 0.0646413270151188 0.0126360738989752 -0.0911998813949265
0.0868954080026956 -0.0247139307242019 -0.0575635951078275 -0.0710202168400104
0.0444649812157891 -0.0675009898914399 -0.0705591022149499 -0.00112256788605569
-0.00325504628691963 -0.0739403401561697 -0.0409359651847143 0.0246929079586639
-0.0406444177239734 -0.0520069178607432 -0.020198053487284 0.019186762337463
-0.0451300635284703 -0.0394251304082684 -0.000107645375280859 0.00901656347652345
-0.0453955078162273 -0.0366117868804436 0.0122232902964643 -0.00867626059239803
-0.0300958714542688 -0.0650215723523351 0.0354460517489454 -0.0183684642755897
0.0143250250141109 -0.0781586320412447 0.0596958938552559 -0.0131045705525443
0.0599312048289231 -0.0706281959108272 0.072364139787853 0.0310120584035831
0.102458512531793 0.0111565019227532 0.0361010327731061 0.0661796291530979
0.0651408009497573 0.099618366565777 -0.0262748193878454 0.0566127625689188
0.00420251912479265 0.128888285092169 -0.022025080714768 0.00825278319139925
-0.0434377907677109 0.095604354861501 0.014520536050728 -0.0640746237894166
0.00216302864204586 0.11834262850681 0.0632492484215251 -0.0675622736082982
0.0616401743476396 0.0765108555633388 0.0337261088183038 -0.0919210872640487
0.0851818187662605 -0.00903626072080955 -0.0276228683293123 -0.0807083714516282
0.0483223375464656 -0.0595610258090622 -0.0516443722633483 -0.0308650298580367
0.00134062482284398 -0.070391801451535 -0.0452700125826538 -0.00743514718145243
-0.0372923413721996 -0.0522252713563767 -0.0351873013705918 -0.00475465942958991
-0.0425832756253813 -0.0389432379812348 -0.0174470452922794 -0.0066716011329596
-0.0430144427486401 -0.0353614226933662 -0.00450648946384164 -0.0245784992047853
-0.0282274859820249 -0.0600094231857788 0.0218657378092434 -0.036643589017278
0.0129558599483517 -0.0724084979798519 0.0544724963334561 -0.0346327798033032
0.0554793005412117 -0.0632822386937657 0.0765647635304669 0.0132693965581492
0.0908203549455496 0.0130996063462605 0.0445496361792533 0.0530253879304074
0.0504723758385534 0.087925875108607 -0.0224923322445189 0.0433954650676244
-0.0037427126429027 0.109488436149214 -0.0156444848257536 -0.027104486063084
-0.0419155711883156 0.0627992401570673 0.0351642022806305 -0.10289154465195
-0.0151906116220001 0.0865236513662709 0.0692794063905238 -0.0820696370850649
0.0351197752402017 0.0653539530087832 0.0501113446122966 -0.0873706245688905
0.0632033583599448 0.00252160272986477 -0.00211217192883015 -0.0812756482383925
0.0398433174156483 -0.0415679423588943 -0.0338804375592517 -0.0524641671232361
0.00426689793991244 -0.0526100914484369 -0.0470901505084421 -0.0353485394337845
-0.0271874515278111 -0.042118340422011 -0.047427781716554 -0.0241360118090331
-0.0334566838982636 -0.0331088363618416 -0.031479770571704 -0.0209505368124218
-0.0336859768963785 -0.0299885013813616 -0.0180256024898054 -0.0384872655398646
-0.0206771252511125 -0.0488669263588393 0.0103731256593573 -0.0520239270154156
0.0129540536321431 -0.0579593000632984 0.0506734383786926 -0.0497907104674735
0.0492536280136536 -0.0459923685848749 0.0781940798678316 0.00232476225656917
0.0692465164566693 0.0207359292925407 0.047220135794569 0.0439692469017717
0.026456447507587 0.0721434575065424 -0.0203910889742245 0.0325418507638179
-0.0159276245778754 0.0762300709986266 -0.00714991148645706 -0.0521804292311504
-0.031376243251826 0.0176222072851875 0.0487010307318999 -0.126538964745733
-0.0243053856790418 0.0390206799483157 0.0688885760217378 -0.0894020597514038
0.00726181869482948 0.0380741029232482 0.0564700522479216 -0.0842155810353589
0.0305549460910705 0.00842449727171537 0.0106546854729439 -0.0796019649969009
0.0225255458158311 -0.0176660384346535 -0.0240379121396803 -0.0646879542252578
0.00582661027653571 -0.0263518278457497 -0.0488614439875035 -0.0504744732468037
-0.01280454534599 -0.0250205779556414 -0.0540218766155651 -0.0363712009167776
-0.0184599599953067 -0.0217772705663494 -0.0404201033046786 -0.0305644576171695
-0.0191750764414379 -0.0214554766799814 -0.0264416268760922 -0.0483902556590265
-0.0108413184664368 -0.0325909104616694 0.00473597158111146 -0.0640957708938583
0.0116524889278113 -0.0381675397502683 0.0511929364921489 -0.0597482927525558
0.0394800884622938 -0.0247110641280669 0.0797476667057579 -0.00232150779398743
0.0416013854192665 0.0273693279021781 0.0479822993835479 0.0403331424342581
-0.000339255765033712 0.0499425252927012 -0.018277399568503 0.0253488294137572
-0.0279328391695116 0.0347109976316975 0.00403740278224642 -0.0664809568554292
0.0234774741490832 0.00549873324944443 -0.00675997802691897 0.0834737955762408
0.0108148409148516 -0.0221465879697681 0.0427176626127423 -0.0102586939798738
-0.012533046437499 -0.0172086797883115 -0.0377468008630063 -0.0543025195032803
-0.0170686534036314 0.00534265177929323 -0.0909406685799298 -0.00717279829729871
-0.00295187663734536 0.0114868183111001 -0.0665858888763826 0.0663520244748235
0.00210643803522137 0.00917475925923834 -0.00505225377963048 0.0843770837407284
0.00492788400034957 0.0097542749573467 0.031200447572587 0.0639435418218964
0.00229587994082872 0.00530267241529815 0.0458924298624186 0.0420315134258557
-0.00392439990928676 0.00622284170366393 0.0563317336902273 0.0379813547520267
-0.00942758088514007 -0.000797241371109761 0.0526630409261357 0.0502434208301243
-0.00411763286452038 -0.00705759690862086 0.0290956209878007 0.0686300488376876
0.0011261142091672 -0.0117013473866325 -0.00782107643962613 0.0765264646097095
0.0191527197527503 -0.00713611463353726 -0.0540770434760946 0.0798597333687272
0.0291934174061792 0.0109802383580144 -0.0801197528691882 0.0840504494846759
0.0153391060472211 0.0275638104841858 -0.0605320681445015 0.126720390541767
0.0179190075873837 0.0446542185062113 -0.0175156205828262 0.079860220869725
0.0298621424318603 0.0116311750394964 0.0426727861413955 -0.00865041069253425
0.0176573628325103 -0.00934541116367305 -0.0334069230719267 -0.0603279211020633
0.00492173141169442 -0.0137983809749699 -0.0944094116443782 -0.0169845675393051
0.00397321789583735 -0.0138253951763408 -0.0742392681715537 0.0630324715185856
-0.00548547455841907 -0.0154586708458417 -0.0128394387875273 0.08399969879074
-0.0125240828652764 -0.00718107935263479 0.0248401739134642 0.0638004913351229
-0.0138969499542456 -0.00965649495385709 0.0414523942117186 0.0419454137653717
-0.0186462409979765 -0.0121018541024384 0.0527397726797016 0.0336990030931674
-0.0132954150268428 -0.0287538467368447 0.0556888889767092 0.0415161920398139
0.0123451244928491 -0.0329029849958296 0.0410811269331859 0.0597644537180855
0.0319027084543202 -0.0233024880891586 0.0102627904885928 0.0765525908844374
0.0493276714872112 0.0151289527493744 -0.0361906905726072 0.0842119866043237
0.0363100367318494 0.057725733905913 -0.0647450020340299 0.0823319900545846
0.00541574267483727 0.0745756816401244 -0.05153667289932 0.111623213779629
0.00414278867638991 0.0792156836095254 -0.0225142032935933 0.0604053772555108
0.0402073699994452 0.0529938501673523 0.0452955608921813 -0.0144717287548901
0.0481061637367106 0.00882548180001291 -0.0235283681314588 -0.0710623109590871
0.0337725246243543 -0.0277935078546742 -0.0921573038285422 -0.0329448675986564
0.0152779563841172 -0.0387018337608175 -0.0798681113686238 0.0506297161505213
-0.00912439306330966 -0.0400897633012582 -0.0226952565641863 0.0736661218119094
-0.0272036939663884 -0.0246263739279737 0.0126788735142481 0.0557289413415023
-0.0287478523244898 -0.022904602577009 0.0309166651097841 0.0356085418381558
-0.031816842911439 -0.0252642528695901 0.0431882165238844 0.0219143346860544
-0.0204717936993531 -0.0500989178516712 0.0542509230697578 0.0232514802092763
0.0174036115369479 -0.0566869631014308 0.0538724867305214 0.0401098630376313
0.0519170072057571 -0.0427875972671135 0.0362277319882242 0.0683368470911956
0.0787012051013739 0.0205506874935519 -0.00996215698391982 0.0849211553820286
0.0511966788163702 0.0881375189965699 -0.0479375906366997 0.076671265480281
0.00371033503020223 0.110021310009508 -0.0394363437009199 0.0833535705209651
-0.0147448417520518 0.103105045765763 -0.0195499589796275 0.0261150771414633
0.0381928955404168 0.093279954341089 0.0501366961249469 -0.0270996511089377
0.0704639019651818 0.0367889851404537 -0.00744350264016418 -0.0823735436973808
0.0638318825135535 -0.0320823114844709 -0.0799780638715945 -0.0534299369227889
0.030527600393132 -0.0581688539855442 -0.0786534099429556 0.0278295021945193
-0.00873914303271394 -0.0617108773446961 -0.0331935303798794 0.0530299739641238
-0.0375115892611977 -0.0408434454037399 -0.00320936028106496 0.03994034502372
-0.0392549496978402 -0.0331670230721352 0.0162545195144237 0.0242307409621709
-0.0410301500476789 -0.0328137979639471 0.0290654534906358 0.00729173331913165
-0.0270848356246073 -0.0612727529959035 0.0472787234061112 0.0018167092926819
0.0165938570878294 -0.0728156178354437 0.0598139653002722 0.0132035090713614
0.0587071163152733 -0.0610369706724106 0.0590024013361219 0.0507670929374717
0.0979959481855518 0.0154803946321074 0.0157839054246432 0.0775304352136112
0.0637434286489948 0.099564336384865 -0.0340938108060591 0.0678942130753584
0.00520936594282844 0.127492999185168 -0.028863551655239 0.0470475375422507
-0.03320857727173 0.108710058842603 -0.00567481089589842 -0.0175015881735837
0.0232836458198398 0.118066869831384 0.0558415685139069 -0.04606754942297
0.0754579770769687 0.0635631265692493 0.0140229218308164 -0.0890270378022393
0.0842146437411239 -0.0234039291805617 -0.0556779492201518 -0.0695926653278087
0.0429423445019634 -0.0656160853539445 -0.0683836394569254 -0.00203540514398394
-0.00408980798600096 -0.0725065460165428 -0.0410560137666617 0.0233692362324002
-0.0398977980382356 -0.050053205807455 -0.0196614964209672 0.0187266460961017
-0.0442397976636548 -0.0387067607400781 0.00025131235162989 0.00947349776625187
-0.044088840054795 -0.0356027433973097 0.0120546959217416 -0.00870032500208733
-0.0303976380986244 -0.0635616742088239 0.035193608594489 -0.0186687593510551
0.0134128052785851 -0.0771376115414651 0.0584013823169805 -0.0124586833803117
0.0580223896363472 -0.0685794672994565 0.0703046496889554 0.0303410913261638
0.100128841315124 0.0104151789928556 0.0339489888144596 0.0647801292622915
0.0638012691865024 0.0968899857990111 -0.0264308088597544 0.0547642332332652
0.0037961028093587 0.125509688097561 -0.0218858569407988 0.00842884820597363
-0.0429122909153054 0.0933051707994846 0.0149051244212982 -0.0625578985601278
0.00232712889322504 0.115431061573453 0.0629198179109147 -0.0653825924116858
0.0600973587865851 0.0752311661770487 0.0347144980540368 -0.0895002773479339
0.0835597020228006 -0.00829715377731814 -0.0259187007207885 -0.0787742041827345
0.0468238468750917 -0.057747787884338 -0.0497690453299491 -0.0312413525942732
0.000870181917954288 -0.0685986388847777 -0.0448846664457063 -0.00821099277166326
-0.0363844711217791 -0.0504734980819156 -0.0346965967977016 -0.00408132189855989
-0.042065778225004 -0.0383897706594035 -0.0167056404539104 -0.00701989981330951
-0.0412354866510248 -0.0343362607702896 -0.00407918061389039 -0.0240003523595763
-0.0278319514783808 -0.0574549844598579 0.0213671118853936 -0.036491289862447
0.0115764431476677 -0.0708372154280341 0.0532716836756464 -0.0340437960473213
0.0531946025510417 -0.0618942391662365 0.0755067235411091 0.0131974048829314
0.0887509687219284 0.0128600799319737 0.0426461062134973 0.0518785643171377
0.0488248274936161 0.0868916806671027 -0.021929671762634 0.0425044171127449
-0.00493077447831889 0.106262962797455 -0.0154116129476698 -0.0252079017315864
-0.0415708643413275 0.0606046872240523 0.0353707286082409 -0.0996183494703491
-0.0147189773039992 0.08467912149803 0.0686081955257027 -0.0791868987084886
0.0339572220865318 0.064543533477254 0.0505448081536355 -0.0850009224841286
0.061845977994326 0.00300391669693003 -0.000803767672115402 -0.0790714846204067
0.0382866572580527 -0.0406080935021439 -0.0318188119811025 -0.0520916956926216
0.00421236122425721 -0.0513701390979799 -0.0465837578374369 -0.0345546563259127
-0.0266085729508379 -0.0406234948442069 -0.0469924268624051 -0.0231815152428269
-0.0330188969695047 -0.0316778923029944 -0.0307095205183449 -0.0201121842230589
-0.0322032413017183 -0.0289307602168559 -0.0173653557848062 -0.0373236126586678
-0.0195672492512948 -0.0475596890257914 0.0109212699880432 -0.0512981697860411
0.012001708417324 -0.0564306785341305 0.0497696162318324 -0.0489604568723294
0.0472920927091681 -0.0449950294914565 0.0766922593433466 0.00233439957859929
0.0672196320220979 0.0202432694279448 0.0453770591234557 0.0424732203575431
0.0252055723169813 0.0705350069542636 -0.020492451266428 0.0322261211654687
-0.0167564259227286 0.0740691069367938 -0.00745805376227019 -0.0500606106614413
-0.0312974256156563 0.0170982562805303 0.0483997111882939 -0.12242097012971
-0.0239939704787553 0.0379577702519478 0.067620622929426 -0.0867832258896731
0.00725619991568333 0.0375406558854081 0.0564600713112981 -0.081915308297998
0.0296299613554529 0.00810837074747067 0.0118951789220365 -0.077023383547268
0.0218123637465593 -0.0172291291432358 -0.0224331535289741 -0.0632722674513888
0.00566424772900547 -0.0258514575756818 -0.0482105525632796 -0.0497077046992044
-0.012454919437059 -0.0242523628232038 -0.0533995059938871 -0.0349253889993529
-0.0185577534211899 -0.0212383411396997 -0.0388207014871958 -0.0296487024600322
-0.0187467946070343 -0.0206088978912899 -0.0252979753261826 -0.0471293538761469
-0.0101168602140324 -0.0315188573341575 0.00465870549053877 -0.0625164624759505
0.011228206224743 -0.0366477067950009 0.0500163177121086 -0.0584321133623823
0.0380579288540523 -0.023941087620671 0.0781536516631563 -0.00226908413567273
0.0407350658590055 0.0264301523711036 0.0454640540762295 0.0399376074905008
-0.000401419680960742 0.0483224023148014 -0.0182449595861716 0.0250809280458874
-0.0269093652376825 0.0339633855060348 0.00374156755063035 -0.0643433672670862
0.0230662042607642 0.00596142000755407 -0.00820388527938312 0.0823638008555153
0.0106928636355156 -0.0216979062000305 0.0434520560599796 -0.0100787811139866
-0.0115992944330882 -0.0174884638519582 -0.03555335687475 -0.0546966956830558
-0.016782684994191 0.00540056979989154 -0.0898800858084428 -0.00786615079122484
-0.0033647958206907 0.0113896528125752 -0.0675667251353869 0.0647070508068256
0.00174576610505439 0.00849851855239175 -0.00583448820276585 0.0825516654632909
0.00448159846406134 0.00923233476602836 0.0304017756748355 0.0624022011463613
0.00212533574286249 0.00484909789791924 0.0445148735532755 0.0423276524662529
-0.00386231014473476 0.00541801257480391 0.0556938905946037 0.0373325911714726
-0.00929093939708974 -0.000576692238838252 0.0522319629308986 0.0500644000259678
-0.00398340491185394 -0.00657898762210513 0.0282105916882653 0.0690694680158339
0.000907278007283833 -0.0116184745916104 -0.0096722922662649 0.0755583111224658
0.0192557227028812 -0.00687959952061034 -0.0556620157039259 0.0777391737259141
0.0284747035628451 0.0104967885870569 -0.0809286825293588 0.0805782209344943
0.0141478355695497 0.0276833045308877 -0.0618324684393574 0.123292041988658
0.0170010690682308 0.044704204163813 -0.0185478123624791 0.0786115225176558
0.0290458059188405 0.0115773274690026 0.0438293513903427 -0.00833090012740834
0.0176671879691823 -0.00925249247041218 -0.0310138651469581 -0.060230061651341
0.00460861042904719 -0.0132897551049466 -0.093037799511705 -0.0186725157930799
0.00340194167185979 -0.0138671340578617 -0.0747804137154449 0.0608449447621025
-0.00523414132980764 -0.0149017711246593 -0.0132280206185856 0.081702178967606
-0.0120256111132562 -0.00724280320917801 0.023820600489358 0.0625939666470441
-0.0141152777219095 -0.00992344379135493 0.040433971351879 0.0414405353740906
-0.0184319352277947 -0.0122369632489837 0.0519556066846547 0.0331172925529722
-0.0129421471160724 -0.02865524942075 0.0546783931178238 0.0407176606040024
0.0121003985872407 -0.0328576724463457 0.0403228035885995 0.060552279936093
0.0317666099004908 -0.0222525532776752 0.00865202761065036 0.0755566740814857
0.0485964015430418 0.0156234753466204 -0.0382700450673993 0.082370640301553
0.0345916422513954 0.0572739257873155 -0.065684258799292 0.0795517156790486
0.00355294665147037 0.0738846571163454 -0.0523135098883177 0.10857945313577
0.00204077368325476 0.0785518457055087 -0.0233983015077264 0.0585264100307888
0.0390719998187239 0.0526447214329542 0.0463430792196337 -0.0140380588672117
0.0469578654657034 0.0100324236157165 -0.021267910553839 -0.070582673037823
0.0333173880146587 -0.0267628536524136 -0.0904845690350927 -0.0345779103317365
0.014794944345312 -0.0383821270195009 -0.0796408779848096 0.0482304821030889
-0.0087081208532648 -0.0400120468886331 -0.0237062431443168 0.0719512422975928
-0.0261932076411362 -0.0245810624147596 0.011743479385463 0.054800622385623
-0.0279902380501172 -0.0231473445724021 0.0303269938157934 0.0352753147700152
-0.0306282798039083 -0.0252569137320081 0.0426731844146119 0.0220218750739808
-0.0199738952368161 -0.0493249333588255 0.0539875919552672 0.0232199387800857
0.018266913201825 -0.056167323264901 0.0528131550723405 0.0411421791449351
0.0512365819893306 -0.0414670373552196 0.0348804238628252 0.0676698961230309
0.0773720623146394 0.0211704900089968 -0.0121817637885356 0.0839133618894354
0.0493572388780481 0.0877103241741798 -0.0489787023722717 0.0747312793865139
0.000923905381006432 0.108355804663611 -0.0399997711937703 0.0816466590309333
-0.0170477408841824 0.101499972350599 -0.0188019901824498 0.0256137317070086
0.0365477818045413 0.092066853749669 0.0511662558399399 -0.0262519185399241
0.0687853695505509 0.0375555576271141 -0.00467837238626505 -0.0808851293805067
0.0634277564730954 -0.0305698624054446 -0.0778300679174371 -0.0537399560383415
0.0298831567993087 -0.0572312209544663 -0.0783667398948563 0.0253570564453942
-0.00776659192059827 -0.0609094330991522 -0.0340105104171755 0.0515660529555207
-0.0357772725341308 -0.0401522868930892 -0.00368241008069578 0.0397219603006469
-0.0380882109493388 -0.0326168280408417 0.016420328958251 0.023406422011857
-0.0397287161175583 -0.032478278841605 0.0291627775555655 0.00751842609018096
-0.0265058894488809 -0.0601065734896624 0.0473313038550748 0.00145108396314682
0.0169338834602132 -0.0720017062844992 0.0594771705768157 0.0146490594272288
0.0581994492731345 -0.0597892180398938 0.0571656691933688 0.0509128632058659
0.0962602785734097 0.0159025452141443 0.0139398582311348 0.076880152653941
0.0617288493723439 0.0986946237973647 -0.0357511747343912 0.0654724865802162
0.00228381682243526 0.125440463137878 -0.0296067349020709 0.0463375971091578
-0.0348584623057976 0.106743265239853 -0.00468375264780208 -0.0174490495047461
0.0217661184782037 0.116424875429775 0.0569568149794161 -0.0445841941872064
0.0738260307916407 0.0644756238396806 0.0159900123997885 -0.0876591524161604
0.0828697016187048 -0.0216232526561327 -0.0537011150207043 -0.0706768048669089
0.0428253770579023 -0.0641587966230271 -0.0668435807078373 -0.0044416222052163
-0.00348968878336475 -0.0711446902868962 -0.0410428978566765 0.0222342866708367
-0.0385974161386666 -0.0494844000135404 -0.0203036747313943 0.0188883286147946
-0.043197067731318 -0.0380528317394882 1.61404166432417E-05 0.00864241410297495
-0.0426858173054966 -0.0352333160547932 0.0124274491022376 -0.00830755192457748
-0.0288807722808408 -0.062517824840027 0.0359078722466196 -0.0184780520529821
0.0135198779050923 -0.0765719977697358 0.0583299869557405 -0.0115786661318958
0.0567914584039805 -0.0667659891753507 0.0700119546230662 0.0303581081797759
0.0986960827507145 0.0115149555938495 0.0320290445383698 0.0646705606103068
0.0618096901155796 0.096946140055777 -0.027369434035683 0.0538347655860802
0.00053546760824615 0.12356395366791 -0.0219467453456587 0.00913627912755876
-0.0453017555051824 0.091544222596726 0.0164730582015829 -0.0617370813718378
0.00094839318648092 0.113648927401911 0.0645527646207941 -0.0632400571709035
0.0582239084378282 0.0757844925712793 0.0367408033534297 -0.0871905370693832
0.0815350900424882 -0.00711065801201869 -0.0236949375219249 -0.0787799017237541
0.04668439524496 -0.0569542882372154 -0.0480794072518648 -0.0322744528139666
0.00188910141767119 -0.0671535732509594 -0.0448038113102791 -0.00918648812448271
-0.0354137222195249 -0.0496281042522081 -0.0349595667244305 -0.00362206492403925
-0.0408786794474993 -0.0373416961777311 -0.0156994042027461 -0.00697991863048326
-0.039841212643876 -0.0338742315069165 -0.00344682250507368 -0.0235225224229297
-0.0267560334666674 -0.0574985361267926 0.0220940492350183 -0.0363003843528264
0.012095704541664 -0.0701841189259205 0.0535974402993449 -0.0329432039954289
0.0525587381533692 -0.0599180777302278 0.0747040656373167 0.0136255201574702
0.0870466058706615 0.0139151066718673 0.0408453288159604 0.051859821649647
0.0469435166285643 0.0859061284541304 -0.0234689633379634 0.0420947072529764
-0.00698930586363833 0.104127439669409 -0.0149805591507682 -0.023893702584483
-0.0425241780857516 0.0593379254267981 0.036743260833625 -0.0979135835812099
-0.0160802814702741 0.0829511348557268 0.0699956831545018 -0.076550740524875
0.0328585822986637 0.0641163656281 0.0519110910288928 -0.0822565347586944
0.0612333266013544 0.00364205192897121 0.000981389768317449 -0.0787108122583037
0.0384742663733047 -0.0393395647695597 -0.0298571459689503 -0.0531231723586594
0.00478356823898644 -0.0501864159571398 -0.0464716033030526 -0.0345511317953155
-0.0255048709058268 -0.0401744321771844 -0.0464214631063195 -0.0223960394368021
-0.0319637316358224 -0.0318828864548067 -0.0295632672875922 -0.0202352325675473
-0.0317244602337329 -0.0286823182412873 -0.016404307539666 -0.0371947883865171
-0.0190392944504877 -0.0463442386380411 0.0114756542741611 -0.0503741766076258
0.0119583116067838 -0.0557778073261292 0.0498760132652501 -0.0474656458991602
0.0468107293953893 -0.043282613319133 0.0764380932868195 0.00265020764720927
0.0655104811648815 0.0208438105049711 0.0434756228087871 0.0426948089987144
0.0237573711356934 0.0703869329643507 -0.0206318138648539 0.0313891923718486
-0.0181659899320466 0.0725784780794121 -0.00691844375857052 -0.0487124729890235
-0.0312979646125375 0.0161051651342458 0.0505226890413634 -0.120455786366775
-0.0237002299971652 0.0367955505929965 0.0695242782546922 -0.0829684413927773
0.00680663193314901 0.0365835292751838 0.0577336223442402 -0.0793349112904962
0.029474141446499 0.00854319756394048 0.0141148032197403 -0.0762879159636515
0.0215812716644146 -0.0165507939275241 -0.021039047507231 -0.0642639750157248
0.00604821336100399 -0.0250423254680395 -0.048327880593509 -0.0494115760610154
-0.0119293207958283 -0.0240495660585943 -0.0528698022280453 -0.0340590797768069
-0.0177212889459576 -0.0210803821576926 -0.0381743996834899 -0.029851285775718
-0.0182959195352619 -0.0207818896171873 -0.0240756388332589 -0.046788101839165
-0.0100344710002325 -0.0318156378660953 0.00619790536666591 -0.0615525181560991
0.0114321177400443 -0.0357441973476301 0.050420553136408 -0.0570671450409216
0.0376542219954826 -0.022993466790924 0.077742607911663 -0.00126667694256641
0.0400544293389022 0.0266432601864923 0.0436117917608583 0.0397028251641814
-0.00126454248870314 0.047897706309762 -0.0184790291214775 0.0247758947612829
-0.0278805386646805 0.0331164101016692 0.00374893178817529 -0.0623621230653457
0.0232540277577093 0.00653572142467147 -0.00951074510053767 0.0831125445149307
0.0109395860564734 -0.0220833947684993 0.0449825207331424 -0.0106276681502806
-0.0116834967079455 -0.0180363125637792 -0.0345204239100301 -0.0560417205815733
-0.0175808821474794 0.00493746487383866 -0.0911782909201108 -0.0100235652447261
-0.00356569450062482 0.0110421735681962 -0.0700071149285 0.0638804222764311
0.00122053941605489 0.00849452203782799 -0.00794934009386792 0.0826387044892856
0.00416994936417453 0.00902863336384195 0.0296983194749148 0.0626951985101648
0.00183168674672633 0.00493121518374505 0.0447012350467233 0.0425528687491263
-0.00405638496304824 0.00573596698260896 0.0558974626678772 0.0378646069281367
-0.00885746391369887 -0.000641324467697357 0.0523120633434828 0.0513227357625914
-0.00400882264366051 -0.00663570354688176 0.0273398772880785 0.0701315869560384
0.00106601225541791 -0.0117660586621542 -0.0121225016011092 0.0752783353682058
0.0196286255146071 -0.00676761258654004 -0.0594018313830057 0.0772285839211933
0.0282961237373296 0.0112856497080419 -0.0833043417395409 0.078799205359672
0.0132012159409851 0.0286102352176298 -0.0652185666377514 0.122116573779802
0.0163099472106138 0.0455896846320564 -0.0201170747424323 0.0788134945133689
0.0290002953330418 0.0120809920992051 0.0453021654820758 -0.00824209126146876
0.0171423224190613 -0.00885016396419887 -0.0295174056951305 -0.0613258991554416
0.004592377410249 -0.0132350718323941 -0.0937844223845544 -0.0202470268942546
0.00333985806812975 -0.0136839348523308 -0.0770697062331312 0.0597762985751218
-0.0051359551835516 -0.0150409191697165 -0.0154759395686842 0.0818940003269658
-0.0120819822920069 -0.00724839660746272 0.0231430763146903 0.0628190573506375
-0.0140389472740225 -0.0103599734770748 0.0402890805626388 0.041960051325038
-0.0182268554588523 -0.0124249800402845 0.0528255833463419 0.0334771517997214
-0.012728586185928 -0.0289495657929856 0.0552401331803782 0.041914069216463
0.012241541128293 -0.0328940451374753 0.0397112672182282 0.0618432271574559
0.0318604730177118 -0.0220473474833182 0.00707983368042281 0.0764647093826247
0.0490013850697349 0.0161963006858196 -0.0408610681564037 0.0822224667179098
0.0337668650258198 0.0584836140400985 -0.0680719872595333 0.0783097863732082
0.00118584927820457 0.0747972505438615 -0.0550241763903226 0.108314484338569
0.000607133785858426 0.0794222132379746 -0.0241654599264771 0.0593194037710475
0.0386193314089616 0.053812321594297 0.0482536126729055 -0.0133472255407196
0.0467512397234308 0.0109231173746529 -0.0187944478039717 -0.0720230557244248
0.0334841207302064 -0.0263710790636313 -0.0912727510811333 -0.0366857797192181
0.0155418292135076 -0.0381558372827035 -0.0817508302954676 0.0466512261947082
-0.00831592904098463 -0.0402384404509342 -0.0253267818935054 0.0720495078793492
-0.0260700416929182 -0.0253010144269556 0.0112170880314829 0.0554233905880969
-0.0279402815995242 -0.0235321588227505 0.0306213805674451 0.0354896165496084
-0.0305668667259494 -0.025691053413276 0.0437666543037027 0.0225193570792915
-0.0193075831992876 -0.0499227960728295 0.0549054041202336 0.0238182360549947
0.0187262663286774 -0.0569508258808461 0.0532256482505403 0.0425830900661055
0.0518582829682077 -0.0407986295386845 0.0335524606375946 0.0690795915845704
0.0780721212931836 0.0224262207467657 -0.0153177902462649 0.0847738593638438
0.0483004857728038 0.0896375983551924 -0.0512499207465264 0.0741981728112411
-0.00222912313071769 0.109202254760693 -0.0421977298194075 0.0816128701723559
-0.0194935769684314 0.102295092507973 -0.0196184046331542 0.0253346735358968
0.0355877164786661 0.0932679714273674 0.053024478666877 -0.0257045793285215
0.0684205770875306 0.039847062095178 -0.00207925925265904 -0.0820975219750588
0.0636303523710013 -0.0291485496264812 -0.0772930948945886 -0.0562364394932183
0.0310518740528274 -0.0573921518081487 -0.0791760493219881 0.0236016753839401
-0.00707334221365345 -0.06109791943659 -0.0354366698380148 0.0510252476742325
-0.0357095305498612 -0.0407483462358934 -0.00436988621253567 0.04059606266688
-0.0385303436878099 -0.0332778996767866 0.0162196009865258 0.0241590200208622
-0.0389085129389848 -0.033619820334029 0.0301687430950735 0.00799795297863784
-0.0261493838368427 -0.0610448683408401 0.0485616820510408 0.00211984252277078
0.0172053480876855 -0.0727301438497648 0.0601806867002094 0.0160895273076858
0.0591469744883631 -0.059201003572267 0.0570983844456553 0.0517434916938834
0.0968887316292904 0.0177491971216483 0.0113093731771062 0.0782069344454564
0.0609180109896133 0.101300806792706 -0.0374891283426547 0.0653448688688592
-0.00170725271610858 0.126240549702708 -0.03044547640549 0.0462836699911835
-0.038844061239861 0.106922630333027 -0.00398221760764147 -0.0177478019251549
0.0195509051820642 0.117560221563241 0.0593558701727557 -0.0439892823814607
0.0723963845006638 0.0663227325608347 0.0194732313248495 -0.087774735564884
0.0839830639450915 -0.0200359818075957 -0.0520677587926208 -0.072552192460239
0.0440299948419444 -0.0641963720064697 -0.0673458782626706 -0.00616275022324255
-0.00249479158449694 -0.0720353011192482 -0.0429937690598203 0.0213782201921017
-0.0387475768119282 -0.0498643193029082 -0.0210743575352862 0.0191050377572695
-0.0427641347353933 -0.0387084731607911 -0.000168968204596913 0.00894378877899948
-0.0422187265148175 -0.0359565440405652 0.0130914561538466 -0.00785887905395673
-0.0286768195128791 -0.0628994067095349 0.0365118532701989 -0.0192224952146275
0.0145967730795263 -0.0770784553671778 0.0590605484022971 -0.0105772428136033
0.057893931863661 -0.0655476163283025 0.0704491718760844 0.0318986751997664
0.0992668165690709 0.0132956749182752 0.0292730974261712 0.0657205074092272
0.0604313936400121 0.0986866213649863 -0.0293100907801513 0.0534651259532785
-0.00268966221545626 0.123992260374586 -0.0223081496869691 0.00891387604471896
-0.0477171508517915 0.0912621497142124 0.0181431040466127 -0.061904301030748
-0.000948051115371922 0.114034661282269 0.0671622612251361 -0.0622141240379514
0.0574756939644397 0.0773944343206188 0.0400772534163249 -0.0873855426690802
0.0827738992382377 -0.00577882166488435 -0.0218471277608426 -0.0796828635761782
0.0480022705971501 -0.0563851324989129 -0.0475668086283812 -0.0344280629928679
0.00289003330751698 -0.0679064006795353 -0.0459248855852517 -0.0101695214318021
-0.0348089864128233 -0.0502818357818183 -0.0355932447079765 -0.00339819626547868
-0.0409516985417598 -0.0379996472275089 -0.0162644732119672 -0.00649676322438762
-0.0395076380085598 -0.0343964586278438 -0.00227612330383707 -0.0234877843179313
-0.026136996741458 -0.0576862529857223 0.0233597674056233 -0.0366107178459913
0.0127185021550297 -0.0702663506818222 0.0550729676980968 -0.0321539084029083
0.0532140400877284 -0.0587676888645583 0.0761109064500615 0.0147464750159695
0.0876162379126108 0.0152004294990255 0.0392762969629594 0.0529131659081375
0.046103903693337 0.0875381499887652 -0.0244798907462486 0.0415565549312582
-0.0100512908746605 0.104151415636561 -0.0149846041188524 -0.0236258022970654
-0.0445427557995967 0.0589942793982266 0.0398907025591159 -0.0979917187385119
-0.0173027036536904 0.0832280720446985 0.0729551811739135 -0.0755974261933966
0.0320221404560641 0.0654084591215475 0.0551915486931578 -0.0820211066210666
0.0612645354399757 0.00483956129292402 0.0038430157164102 -0.0791276852396365
0.0392442257371715 -0.0388505596689942 -0.0291436720358049 -0.0548431145734579
0.00550634299979755 -0.0508524946096608 -0.0473826098115761 -0.0358603875825402
-0.0250039803036879 -0.0405047178540016 -0.0468102594948653 -0.0226090145877653
-0.0320935939200036 -0.0318913808062573 -0.0290075401164181 -0.0207744830648656
-0.0308809515846036 -0.0287844396944165 -0.0154060398365789 -0.0373063632646077
-0.0188732602406607 -0.04718613775951 0.0128176916737194 -0.0511427545529671
0.0127595960012834 -0.0556332167537506 0.0513467830111336 -0.0467913193207813
0.0474166446085383 -0.0424224622563519 0.0769298035268879 0.00397765448874238
0.0657404646714649 0.0222473644902718 0.0427604144494341 0.0442382608496685
0.0225178070931805 0.0715216618658403 -0.0217240557034039 0.0312885961949497
-0.020509354064627 0.0724067480678663 -0.00602151194815706 -0.0485349877325935
-0.0327832023091408 0.0159343561494508 0.0546109775020894 -0.120107649240517
-0.0247184232761932 0.0369474608455231 0.07185827653357 -0.0819958193349574
0.00680579711234761 0.0368990043978357 0.0606448567067342 -0.0781173936365962
0.029538170114622 0.0090650076086483 0.0163281510435459 -0.0767122517841365
0.0221055170196518 -0.0167810910607109 -0.0192059554494972 -0.0658375559962625
0.00675776251610681 -0.0255678038872252 -0.0486948089813504 -0.050556923912993
-0.0116817668735591 -0.0242426503991788 -0.0537957505875983 -0.0344183275120148
-0.0178069703650533 -0.0210005651380294 -0.0375904949742553 -0.0307334062977519
-0.0178407269154542 -0.0209363880109251 -0.0232316662974571 -0.0469847230489101
-0.00927730736539015 -0.0317120266366799 0.00721681646620486 -0.0621586921115974
0.0119198477279105 -0.0357664506759679 0.0519276901775998 -0.0566289145582939
0.0377151187529964 -0.0215206706755852 0.0788909549417909 -0.000479513222487272
0.0393209604334331 0.0277753653385971 0.0424291057444533 0.0410691771931181
-0.00240435233622949 0.048422424314333 -0.0196136980364569 0.0253395692687062
-0.0284609663249711 0.0326046526522558 0.00475050612027776 -0.0620085856885781
0.0245242245327846 -0.00733289094676472 0.0439397287977455 0.0723052264314305
-0.00328224465106132 -0.0246927181565301 0.0312913130696571 -0.0373615039643589
-0.0205469369951017 -0.00784987502936096 -0.0629418169891535 -0.0265412898889278
-0.0111040004686784 0.0146237580646056 -0.0824163759258653 0.0473148798635079
0.00353677967198788 0.0117948221774707 -0.0193031061593767 0.0955692516312362
0.00604275620743873 0.00611327745180252 0.0437235293628132 0.0728482615528118
0.00899468143980449 0.00432270917267644 0.06300048764653 0.0332331924092305
0.00425269293898905 0.00293663133939369 0.0629366632532498 0.00757599557279901
0.000671434924956646 0.00692513852868571 0.0698480095946281 -0.00402638454355409
-0.00756235346209639 0.00475880073286198 0.0750530596305365 0.0107621479080111
-0.00694107960192356 -0.0034809710707099 0.0658413243406323 0.0411910710566703
-0.00547499801301477 -0.00985538755343112 0.0356527561728305 0.0707758183163166
0.0131133821538147 -0.017147595201809 -0.00170334024845306 0.101261341107964
0.0303945401637689 -0.00701195963231312 -0.0199044686165655 0.118514255926909
0.0283554863660927 0.0188165301945187 0.020437807208707 0.142857911873215
0.0396563964356469 0.0301611079859631 0.0343766232438428 0.0748551531154692
0.0302938851934323 -0.00690484301026446 0.0344112118206521 -0.0359535623664516
0.00833347411379563 -0.0172274084888351 -0.0605013724351928 -0.0352729766887445
-0.00442792404478404 -0.0123919181168852 -0.090984658026507 0.039211881298093
-0.00508457283470165 -0.0132195841945383 -0.0276254097776743 0.095953028402572
-0.0130963974491101 -0.00931188262856923 0.0369712114789052 0.0766578921619676
-0.0137845445152716 0.000814266583360484 0.0579372302651854 0.0374566071457804
-0.0176812958548469 -4.77649969769396E-05 0.0593422517387837 0.00955262489631933
-0.0225850404701298 0.000651064222994178 0.0645743339992397 -0.00568296198449491
-0.0281995127769719 -0.0162804429670299 0.0721955176159347 -6.21432626741679E-05
-0.0100499425186222 -0.0358302774670054 0.0709078479729615 0.0268992357269224
0.0141756557407454 -0.0379598820532489 0.0516305845249163 0.0598429435531702
0.0535413255796303 -0.0155669930465274 0.0152910157393203 0.0941809179574446
0.0652357528771989 0.0295944340867103 -0.0093589520886494 0.108839925507095
0.0470712070186882 0.0654321926819533 0.0184065745146635 0.123399095398429
0.0451905199835178 0.0679906465702533 0.021111248244396 0.0623459174295713
0.0611868275057653 0.0215400849110432 0.0347730217446936 -0.0408961695877014
0.0441249115713182 -0.0177914278784211 -0.0565298475123573 -0.0508911574065405
0.0119934942926125 -0.0394263770129254 -0.0982056847516167 0.021498338599221
-0.009258177577407 -0.0400782167565117 -0.0400164361445264 0.086332987621922
-0.0305292742488329 -0.0279445575709024 0.0221019493166551 0.073529016350701
-0.0357002730013513 -0.00519489488244549 0.0431033427742612 0.0385901744236906
-0.0375535829372379 -0.00242639963280102 0.0469351867109863 0.0101276968141867
-0.0410949365634699 -0.0029028201198249 0.0504596180764943 -0.00893206027810958
-0.04697216513179 -0.0292795378034199 0.0605763756002682 -0.0143446867943704
-0.0195647085051658 -0.0596326942287921 0.0697720952973493 0.00274088874028207
0.0196051410754215 -0.065959227306348 0.0694227783790917 0.0367600238601655
0.0823985028700237 -0.0291547616500662 0.0381913026761883 0.0795085397731744
0.0969580846144262 0.0463897979436371 0.000786982242044632 0.0958265952758703
0.0662628016216043 0.0967230670560948 0.0116693357320078 0.0924000939967568
0.040486243321878 0.0987335961408183 0.0068979225580082 0.0324151384130096
0.081276733060485 0.0557501264661517 0.0327408363887271 -0.0526876374724318
0.0789990885455217 -0.00646262961795809 -0.0464655464730138 -0.06990041134496
0.0352298154489451 -0.0589037600042813 -0.0980631221651721 -0.00365104158091394
-0.00761111145708973 -0.0646548356424183 -0.0521041032013223 0.0652368152379829
-0.0422709913760662 -0.0458559311615024 0.000321669959561797 0.0616950084654347
-0.0528039626335283 -0.0117846506482844 0.0201294783849771 0.0365348112922871
-0.0519481212665528 -0.00435945497276828 0.0282437994524794 0.00936138272325152
-0.0526152268505045 -0.00401015163067558 0.0305025896578829 -0.0123948118474943
-0.0594482538276099 -0.0344117159810615 0.0415508014996919 -0.0291344232430622
-0.0307022396266259 -0.0719319358962397 0.0592109597568447 -0.0233550963934856
0.0142884780853551 -0.0857482798695649 0.0787353939014858 0.00872446941330278
0.0954042673807778 -0.0458200084450052 0.0560709781653107 0.058156126024859
0.115401816644031 0.0483320007076315 0.00654980085453776 0.0803146042294236
0.0778105648488235 0.109815174290784 -0.00169923620154998 0.0557023147669788
0.0275146297991697 0.112952578826192 -0.00613787638583667 -0.0110328457127346
0.0826182697328244 0.0843205997981497 0.0272517456587965 -0.0703444259225918
0.0983614910322619 0.0130200009495617 -0.0312666360315293 -0.0868723947849394
0.0564728008500946 -0.0631783648538172 -0.0858963040000479 -0.0329967435914849
-0.000645037116229686 -0.0776779840707221 -0.0605799511268522 0.0331075020166763
-0.0446664182628888 -0.057183420815599 -0.0234336217417824 0.041891727713316
-0.0610256305300855 -0.0174972773642046 -0.00683731584929276 0.0292826871240239
-0.0592987454947612 -0.0058131651673292 0.00553638191790618 0.00698015296137058
-0.0571332624408109 -0.00389260870672048 0.00726388679815963 -0.0149387292512556
-0.0628486052836688 -0.0349925318727688 0.0191406084976799 -0.0387844696307442
-0.0356976156222997 -0.0735451983063443 0.0422253055561009 -0.0449487013609439
0.00891504530950091 -0.0910258728894222 0.0777440146755465 -0.0164574627120639
0.0950773334782825 -0.0516300456604228 0.0631540846516859 0.0367438472178214
0.114194522985847 0.046045939255236 0.00619000171330219 0.0653769364525933
0.0750761232938688 0.108524145072268 -0.0181019789868544 0.0190821981772853
0.010371051551765 0.104573544119016 -0.0154545310623486 -0.0603814317032798
0.0630908067262061 0.0929101160508921 0.0218402320432439 -0.0887621641222128
0.0918809669384453 0.0303698672741349 -0.0131549622139484 -0.0980699130621345
0.063803740453533 -0.0511818468252641 -0.0637454213196454 -0.0573450862557849
0.00626374552236878 -0.0737835413610792 -0.0608074899759822 -0.00310474508498644
-0.0377286074271285 -0.0568012160346861 -0.0452678209747268 0.018557766348853
-0.0575341058840031 -0.0195664295420327 -0.032794435213031 0.0201725871758076
-0.0565028686578924 -0.00593456722696966 -0.0173387325879556 0.0036102010470738
-0.0540922565632339 -0.00477767845042569 -0.0161101564486601 -0.018537921200575
-0.0572073229479684 -0.0322104922976227 -0.00268263622246699 -0.0455835915692826
-0.0334252758267679 -0.066987643575891 0.0249816416990592 -0.0594969535308238
0.00881437879081173 -0.0824466245126783 0.0711708844707682 -0.0339454038838255
0.0855370763131618 -0.04245846707887 0.0638990881523539 0.0200916290528753
0.0947659555503083 0.0460578917491549 0.00220617248301925 0.0517464198921723
0.056831411240079 0.0956436114903888 -0.0311891156626209 -0.0122178893744967
-0.00575101481820914 0.0750007991257287 -0.0214686608499787 -0.102722120295663
0.0324090911257029 0.0771653801463291 0.0171385418829986 -0.103433374958902
0.0639435866796102 0.0350053422707198 0.00141837314496581 -0.101537538880971
0.0524363706877815 -0.0310633945639656 -0.0417567034082769 -0.071667119478527
0.00895653778552155 -0.054637677716999 -0.0574319003121089 -0.0302855446604104
-0.0255534180176987 -0.0448406189722187 -0.0613152300259432 -0.00124897692778587
-0.0445369127586566 -0.0175777256075777 -0.053487468215227 0.011735245909821
-0.0459750654647492 -0.00692715038038498 -0.0368640306250884 0.000978081637692591
-0.0439045037821829 -0.00526468994163997 -0.0347080099487962 -0.0209971457089369
-0.0447209764084861 -0.027856349020444 -0.0205355532402225 -0.0512694279632172
-0.0241731696976067 -0.0546828416849463 0.0128944173926592 -0.0695652687581185
0.0141051626864969 -0.0644382484029476 0.0662176877321428 -0.0440081304833486
0.0717109882858531 -0.0226957164364804 0.0611321794886999 0.010353175998093
0.0636628322064839 0.0468737016273644 -0.000362025789468492 0.0412487853943329
0.028019339819714 0.0744564689846445 -0.0380822873198992 -0.0384782460116673
-0.0190812608102201 0.0311106437860037 -0.0258031643182538 -0.130030268406859
0.000230331729473094 0.0434297950667106 0.0110324143840777 -0.10919212679855
0.0269670881791091 0.0260752084844203 0.00654185069606945 -0.101347721486151
0.0285505008281892 -0.0100478663935393 -0.0306269383409018 -0.0761495289385358
0.0076790806777939 -0.0266657472089891 -0.0555922864939849 -0.0434481161704209
-0.00950983511346419 -0.0249281544851854 -0.0712956604236433 -0.0117058173707538
-0.0238531404312981 -0.0119359107479448 -0.0660553953664665 0.00539321512331707
-0.0278739865407828 -0.00608166818198841 -0.0493118659394455 -0.00182223828098656
-0.0286068693106268 -0.00648212134230086 -0.0476530485073804 -0.0249876490215713
-0.0276029582943379 -0.0207334608573426 -0.0311227150303301 -0.056031757350227
-0.0122502084166365 -0.0381862354038181 0.00774438916008387 -0.0778290751997447
0.0190204772213765 -0.041822879730291 0.0652918299831515 -0.0485945447102264
0.0522203664759838 -0.00133043925247667 0.05977813598779 0.00799321595972112
0.0278323622392343 0.0428630086680064 -0.00119558194452085 0.0333700613362178
-0.00425882823375297 0.0456346800931512 -0.0359763366540127 -0.0559396411192311
0.0255605291970241 -0.00801428931182296 0.0470985637236884 0.0738012822045895
-0.0044382537617005 -0.0248127590575125 0.0317820550417778 -0.0412037396058949
-0.021445815152269 -0.00760287215345514 -0.0658292633866375 -0.0267103926642091
-0.0111965909198241 0.0158015653731621 -0.0841530802676737 0.0508654958694485
0.00402348430187472 0.0121860930543183 -0.0178593233059413 0.100336153263358
0.00647587447569609 0.00643072370808676 0.0471094335856695 0.0737690256295929
0.00926265605017529 0.00395315050599023 0.0654416349250254 0.0317592403928455
0.00391724240220079 0.00266249936372457 0.065065665090179 0.00591707370747907
0.000524611633828246 0.00688460812321821 0.0719554229192358 -0.00630532059349822
-0.00763824372564598 0.00502595901948714 0.078276328593782 0.00849555397321018
-0.00731912351046991 -0.00316798592226683 0.0695693263764014 0.041341587256806
-0.00608428234712087 -0.0101828569924137 0.0372305861319711 0.0736947083801478
0.0133493002562116 -0.0181892856599161 -0.00051366601613689 0.106058600472934
0.0308146856414087 -0.00762796527741526 -0.0191937630363005 0.122931806319493
0.0298588282830715 0.0191393634550858 0.0227382151844214 0.147605739056529
0.0416626002020202 0.0302183648249986 0.0375156158910097 0.0771499429578138
0.0311032564880565 -0.00798145948196504 0.035143593241132 -0.0399110420445715
0.00833295112026042 -0.0181552083007877 -0.0635687558063669 -0.0359819453544559
-0.00437221959210946 -0.012513953171777 -0.0935335904147491 0.0424450665248469
-0.00576238503537793 -0.012833116614174 -0.0267242716707897 0.100053111922183
-0.0139635421403761 -0.00900431237134207 0.0395589368358749 0.07770271942235
-0.0141228931659252 0.000782597489733321 0.0602654469520462 0.0372979209639721
-0.0188599574195818 0.000603960011256847 0.0616222702784751 0.00797411243067388
-0.0233668840596923 0.00123524887728276 0.0673663112596839 -0.00854949593967167
-0.0297823002026406 -0.0164609957117738 0.0749900565173569 -0.00252058374742338
-0.0113227187299613 -0.0363775961288128 0.074895910727213 0.0261731853064425
0.0141295087155684 -0.0389961706243386 0.0537481188892933 0.0615139767850648
0.0546243601030836 -0.0173486387531249 0.0174061812980132 0.0980357406824389
0.0683465707635305 0.028685166845831 -0.00844762677562185 0.112898655368983
0.0500055719199345 0.0676069862477658 0.0211309279557484 0.127586213912983
0.0483368906377105 0.0701079554439322 0.0235568900689426 0.0641255621111014
0.063943553800431 0.0208771232515434 0.0355673807302984 -0.0442968426824743
0.0459594272648345 -0.0191015720690619 -0.0585338505108866 -0.0526734198707889
0.0115481091518356 -0.0407808582073649 -0.101889340632103 0.0248746291550019
-0.0108183334421671 -0.0411580858959562 -0.0400584281954008 0.0910248929633544
-0.0328463977599976 -0.0277196821581726 0.0238487130329838 0.075846065894724
-0.037188387447567 -0.00391235028060398 0.0457273268580047 0.0395728313758739
-0.0390415400145543 -0.00119663561544819 0.0492917740404568 0.00912662851659345
-0.0425141124470691 -0.00150143849556295 0.052579042283091 -0.0116869759846158
-0.0497208373193401 -0.0290229857786693 0.0621553652330808 -0.0172165109614439
-0.0228832710023301 -0.0615058821562389 0.0729675172008264 0.000969560906983471
0.0181410629063286 -0.0681473132975917 0.0725824752052948 0.0371893225275515
0.084948095988376 -0.0318416938269081 0.0406895024152253 0.083019889248482
0.101882594239457 0.045957157031456 0.00183765281297305 0.0992453911714781
0.069185803997637 0.100029730127054 0.013961056012954 0.095298316453884
0.0438913900083158 0.102270952582725 0.00756476295260288 0.033409559739956
0.0854419451208061 0.0554617784435848 0.0330166061329338 -0.0570066143520776
0.0817743756218017 -0.00804715667491745 -0.048674890133663 -0.072714709689427
0.0351497875034853 -0.0616401318746819 -0.102360849251807 -0.00235119613623365
-0.00975396250898679 -0.0667390050773026 -0.0533606921856164 0.0686064213718882
-0.0447864234943133 -0.0461272433925274 0.00134771020364607 0.0646676666789298
-0.0545277697525853 -0.0102076772894915 0.0220117849846434 0.037456811014422
-0.0541850802011663 -0.00271359985182432 0.029330380058402 0.00871638362963518
-0.0545644583608816 -0.00217438116788899 0.031708479459466 -0.0146756241700364
-0.06293742562673 -0.0347639238337353 0.0420227750200028 -0.0314962875848074
-0.0342342585967203 -0.0741933879376362 0.0617576172191431 -0.0257354490741228
0.0122084347464016 -0.0883118190816607 0.0811215550205509 0.00703341577681374
0.0983165434454765 -0.049476366871021 0.0584159871330176 0.0601012577013272
0.121339181661671 0.0474560271631459 0.00790158469815413 0.0836302190778936
0.0815392864499222 0.113187929283323 -0.000321025542669979 0.0573212572672074
0.0304137563041153 0.117308256705747 -0.00679117972819752 -0.0120284155217867
0.0873507772946993 0.0851483106056323 0.0273601018184801 -0.0741608695203573
0.102608631998383 0.0114504589280866 -0.0328761516766903 -0.0906693719069134
0.0571876433432842 -0.066604178084978 -0.0895772655612988 -0.0334344006049163
-0.00314691885233281 -0.0806579868074295 -0.062147225014003 0.0346755802661957
-0.0477459369259338 -0.058321193446184 -0.0234989405493085 0.0443041241851353
-0.0626668993975365 -0.0155538522343171 -0.00589482967873409 0.0312894671881905
-0.0611097639031312 -0.00372013513990147 0.00583795824693076 0.00669490118809796
-0.0584558966165067 -0.00187255593887092 0.00776395993968551 -0.0167445665397868
-0.065602552260181 -0.0345378286085964 0.0184270351593336 -0.0415027587624518
-0.0398404123684389 -0.0753423440357081 0.0436592546409974 -0.0479405407936742
0.00686181092825096 -0.0937869635909896 0.0796477306846291 -0.0194688766133619
0.097303890573421 -0.0555265722464241 0.0660252487924999 0.0371623959612555
0.11970939350489 0.045443905178402 0.00693935808465139 0.0672792435348868
0.0789696043055442 0.111768999391649 -0.0179156260649036 0.0202081257445194
0.012474323958316 0.109223316093089 -0.0171103924518668 -0.0622947468917156
0.0676066811751065 0.0954012574392083 0.0213056272958736 -0.0931041217508247
0.0962216574988185 0.0300265400213141 -0.014176195999701 -0.102023227298432
0.0647536007205801 -0.0545289560413081 -0.0673633606706105 -0.0592762215823971
0.00503188659538937 -0.0765231426885445 -0.0633505935814946 -0.00270382467227186
-0.0410685513540186 -0.0582477771396229 -0.046976586405772 0.0205589850212277
-0.0600065472035268 -0.0182118404146949 -0.0332389264352862 0.0228629422212496
-0.0588389712459892 -0.00462338884087298 -0.0179382120116742 0.00417685318194415
-0.0551502039079614 -0.00356561115577786 -0.0159670833787848 -0.0188942757065967
-0.0599311621131675 -0.0316927838242935 -0.00409647359007649 -0.0479528987861649
-0.036426674067073 -0.0685619248725272 0.0253164214852086 -0.0627093030632883
0.00743501268504148 -0.0845658385991072 0.0733391990157061 -0.0377381278279421
0.0879189916275339 -0.0460686647953694 0.065967611826317 0.0201037160570088
0.099198502184567 0.0454161274653608 0.00376616060526505 0.0540480623776654
0.059443691156826 0.098265509978261 -0.0322009321372035 -0.0119146031228503
-0.00455239771338906 0.0785996124905321 -0.023741033628145 -0.106673102201297
0.0351890127920033 0.079352557453847 0.0161510900058659 -0.106919671187167
0.0670628783189069 0.0349226505258306 0.000918302540059823 -0.105553052116516
0.053608654681752 -0.0333158532981467 -0.044527576702802 -0.0744193312796674
0.00792416326706377 -0.0563999954261588 -0.0602432348002179 -0.0316460174001062
-0.0277273995805684 -0.0462663576463817 -0.0642418246282618 0.000538185996819044
-0.0461108819279393 -0.0167412710246622 -0.0548851889617095 0.0140957383143343
-0.0475627810087193 -0.00519484372675937 -0.03797448766941 0.00168528909310231
-0.0451655332785801 -0.00452405961080135 -0.0360170753302409 -0.0215265057444068
-0.0468914030078622 -0.0273266396164766 -0.0225747260371451 -0.052648559080335
-0.0258687292093543 -0.0559579817709517 0.0125444051290723 -0.0729815763526644
0.0134613875232787 -0.0666826463988557 0.067945092129416 -0.0476477911889231
0.0737896801000093 -0.0253733628402271 0.0633519803091031 0.0102847145735986
0.0675112670511495 0.0472093029832174 -4.4356607298935E-05 0.0432791817491692
0.0298869843893213 0.0767058050309064 -0.0400352805536836 -0.0377647012973973
-0.0192432796539824 0.0328030884492984 -0.0288122147095863 -0.134767131332002
0.000613538935193917 0.0451549935028597 0.0100095315327195 -0.112978755743077
0.0276979243723111 0.0260117889577622 0.00547697285150645 -0.104991504064671
0.0290309070109973 -0.0112806374304419 -0.0322909452315073 -0.0790542401313485
0.0070960465843291 -0.0274303983063333 -0.0592785523406794 -0.0451884850624939
-0.0105811428763008 -0.0256776498721773 -0.0743678361101723 -0.010428584472747
-0.0247350772113384 -0.0121495071850521 -0.0680561370832569 0.00871975132808756
-0.0286741998834296 -0.00564591041880176 -0.0507677605394487 -0.000340156195628186
-0.0289391959763234 -0.00576389938701719 -0.0494219639208379 -0.0247843383866635
-0.0295292724602047 -0.02068693750682 -0.0335487859590617 -0.0573513439709891
-0.013721747085516 -0.0382666780181381 0.00737668953099831 -0.0810948204705227
0.0191511412645326 -0.0435276449141923 0.0661546052383017 -0.0514764520883804
0.0538373817933937 -0.00266626303464015 0.062313169587728 0.00745325181767558
0.0299757646451128 0.0448268673611343 -0.0011714841217298 0.0352639799887572
-0.00376925566418974 0.0470476816482598 -0.0378444063174716 -0.0567716676971506
0.0254436763048424 -0.00948943682334408 0.052566019753553 0.0730806149272738
-0.00619986970277492 -0.0255330203880899 0.0307917340711435 -0.0443475376366591
-0.0223236702471722 -0.00671161897990496 -0.0685294670973588 -0.0250227089427864
-0.0106538723889556 0.0170958450129717 -0.0829907911444932 0.0562733300577986
0.00473010303574931 0.0123663047388331 -0.0133968672942756 0.104160036818385
0.00704362044696538 0.00615952995667309 0.0514265906479232 0.0737657632704883
0.0098075491398442 0.00344924836601101 0.068075916112849 0.0287150863503219
0.00405427804707056 0.00248825902403368 0.066040584503264 0.00236479308796038
0.00130055859637224 0.00654456534548884 0.0729154043900961 -0.0108661583587259
-0.00749960836290292 0.00555885706793527 0.0811354950421792 0.00415197900095546
-0.00788266654960729 -0.00301254070072031 0.0733145762605728 0.0393258481429789
-0.0059519038705688 -0.0100233880850447 0.0404019314387456 0.0743686690285474
0.0126572681010442 -0.0194149971753312 0.00337707985301286 0.109002310905441
0.0307423813077234 -0.00932211811766027 -0.0147241154602438 0.12570980313828
0.0313919736626055 0.0190788917185477 0.0284021841079886 0.149630012048983
0.0445273937792311 0.0295466815615789 0.0427788139665456 0.0765818848968563
0.0315809966657939 -0.00971498434044983 0.0338096617027897 -0.0430516741842986
0.00788313897418878 -0.01841300410709 -0.0658932729462293 -0.0350482128105225
-0.00554097174843209 -0.012082092687164 -0.0941344087049444 0.0470899618592456
-0.00649953489730483 -0.0126531814983724 -0.0230502128806964 0.104024025286452
-0.0146691711079719 -0.00839108311773893 0.0443533199281788 0.077304789891877
-0.0142909343179717 0.00234006991080921 0.0633761258751038 0.0343547046888319
-0.0189585321967162 0.00189037554418491 0.0631225407698555 0.00476092429977294
-0.0236316264743031 0.00199871759307468 0.0676660143717816 -0.0132986199244397
-0.031616353325082 -0.0146780710308127 0.0766075784248823 -0.00636903655517829
-0.013399453249467 -0.0367270745430281 0.0785386932337019 0.0229730319534818
0.0125574150799885 -0.0402977506965581 0.0574988067596802 0.0606430598807106
0.0548542137808587 -0.0203812787926083 0.021390941257729 0.101040080606221
0.0706873308830105 0.0265261328540737 -0.00455694588317219 0.115162424130763
0.0534188030713303 0.0678903225083548 0.0263407162102945 0.128171261109931
0.0525484357038246 0.0700130227573556 0.0271341356911431 0.0642467057411873
0.066328415758328 0.0183524603774707 0.0347355179262625 -0.0482206316773752
0.0457313949596452 -0.0211882332188313 -0.0613463389049544 -0.0523234470902923
0.00993827329504702 -0.0416174888947958 -0.10302643703009 0.0298643570142647
-0.0132417956823265 -0.04138189357251 -0.037176597648942 0.0953476454721098
-0.034839809861858 -0.026377833073671 0.0277267150852636 0.0763062439863433
-0.0376263015560184 -0.00189424194813373 0.0480028682012981 0.0378029659452475
-0.0398849724008383 0.000908804606807539 0.0501316141860258 0.00638632875487707
-0.0427555119491653 0.000652324139906856 0.052621048116093 -0.0154493527611109
-0.0518665103129031 -0.0271267839777819 0.0632266945570058 -0.02134050292055
-0.0262677021966554 -0.0612095889559413 0.0757307351729961 -0.00275397305953524
0.0154456278842857 -0.0702229005046048 0.075042009476511 0.0349777656026654
0.0848482350353065 -0.0367596067606312 0.0446923467731581 0.0841631907686451
0.106770636088763 0.042432389324477 0.00523174265483821 0.10107287729804
0.074537109127073 0.100441483377659 0.0179563228776992 0.0963952924663599
0.0492026923104584 0.103462603534136 0.00930555313850717 0.033634465042584
0.0896517088736142 0.0528370631145331 0.0314311804097252 -0.0598418295105781
0.0833717533109886 -0.0117902359888158 -0.0518983446493571 -0.0729149195084905
0.0328789479964459 -0.0640939096824113 -0.103881406028818 0.00190053230705184
-0.0132632001217766 -0.067584298817705 -0.0516993864627732 0.0721130464605995
-0.0485955063676669 -0.044425432919393 0.00408201347916659 0.0659931929403417
-0.0552827188667383 -0.00751276834757223 0.0242485646454485 0.0377201192759382
-0.0551919560696237 -1.20363051340754E-05 0.0302573193428232 0.00702658762041393
-0.0551616142131485 0.000364519520764682 0.0315378477016661 -0.0178534662019361
-0.0655284731452262 -0.031702606580893 0.0414629847233313 -0.035174689782621
-0.0389061536970412 -0.0730301850834898 0.0624766973257046 -0.0301973015842726
0.00825115194927265 -0.0904857033574163 0.0828786939554496 0.00351819576920888
0.0977816275151928 -0.0554210987370869 0.0621666607963867 0.0604669812017467
0.125871564398849 0.0427052795033667 0.0108123070196988 0.0848229338665408
0.0875965081428938 0.113435627478399 0.00197649417220681 0.0584969245703935
0.036226374908371 0.119522500634713 -0.00726779627729715 -0.0117474134714527
0.0929245434299372 0.0831180949695916 0.0247941113960768 -0.0770369117645801
0.105117808838725 0.00741227034334766 -0.0360929404424402 -0.0919193402259886
0.0552869749270683 -0.0706806255888069 -0.0931133799173101 -0.030439826165818
-0.00722144012091899 -0.0824003505164359 -0.0623228785651764 0.0373251178687369
-0.0519178848710584 -0.0562793922908429 -0.0224841039012097 0.0470612261856428
-0.0644366652120917 -0.0124774675939883 -0.00414722417690561 0.0329465625337919
-0.0620712956877192 -0.00050004824181635 0.00633842714410587 0.00639492230811385
-0.0595442801249951 0.000406070085062778 0.00711674310558241 -0.0182740882609437
-0.0688858443126532 -0.0316740350511348 0.0160344040957397 -0.0442898350690261
-0.0444731496336146 -0.07482891934796 0.0430951819700394 -0.0511727739656667
0.00218485928749295 -0.0949330874078512 0.0807204020423165 -0.0234777554448493
0.0966929001866795 -0.0619328544565457 0.0686429003573124 0.0360717482415862
0.124345998683976 0.0401767436035984 0.00924785633745857 0.069053228824321
0.084158292734297 0.111604517255492 -0.0169610550430515 0.0219594235766494
0.0176288690437056 0.111781034955168 -0.0199235103372642 -0.0636666885401041
0.073336948803492 0.0940923140436072 0.0181236098909081 -0.0959501795236268
0.0994246424702662 0.0262946370558434 -0.017532595386212 -0.104185336764048
0.0637847151557998 -0.0587983078865872 -0.0708321574870387 -0.0578235755473191
0.000463757596225165 -0.0782514039375489 -0.0654661563927033 -0.000563136317811618
-0.0451961763764086 -0.0575024941616309 -0.0474211551348373 0.0236050128477075
-0.0614041476720883 -0.0155596858828289 -0.0320261373851879 0.025369128184564
-0.060008801507225 -0.00144294400379565 -0.0178118129002223 0.00517144812112953
-0.0562416530671192 -0.000248786590683249 -0.0170090013338162 -0.0191992502327887
-0.0624109808928969 -0.0294765091455878 -0.00690750103045052 -0.0491225228274836
-0.0404485808554786 -0.0680073825986689 0.0237171460017002 -0.0651536327825055
0.00356959868493268 -0.0865734771605405 0.0731711285830516 -0.0415719986056254
0.0876913243777255 -0.0505973394832082 0.0680791036227108 0.0182195859281369
0.103383686541991 0.0417386868271387 0.00498159679374983 0.0557347889395177
0.0649693036580937 0.0987659306152422 -0.0337536382081165 -0.0101415663122257
-0.00128201769329107 0.0805632668963922 -0.0286370968148478 -0.108206530832623
0.0395148156238539 0.0792725647246842 0.0122731866674385 -0.11003823293325
0.0699579498939029 0.0324304447296524 -0.00297430163906848 -0.108580906933822
0.0527942912800744 -0.0363209585173235 -0.0477870365482517 -0.0742347563434028
0.00497801991560664 -0.0580619263674126 -0.0636472251995125 -0.0302556690062723
-0.0309468840889054 -0.0458834698683441 -0.0660980581203028 0.00364951595833459
-0.0473235086330601 -0.0145245098815925 -0.054744414492041 0.0184983096864566
-0.0483646768803024 -0.00248164376040864 -0.0381361574070235 0.00414315282830192
-0.0457987352057089 -0.00203357520425597 -0.0372765098697083 -0.0203137892173238
-0.0490435638932828 -0.0256226127197949 -0.024856895484115 -0.0534658646295775
-0.0293376652471607 -0.0561652667190677 0.0102157998984539 -0.0750460153671281
0.0106640374502776 -0.0685792933373676 0.0669896528952352 -0.0520456334753666
0.0737945292752074 -0.0294013525798576 0.0642558030667554 0.00854020284339242
0.0708944838102664 0.0454985537553473 0.00199561783729134 0.0446831326547018
0.0330924175295316 0.0778834610949478 -0.0421749755392217 -0.0367643640859045
-0.01815258841049 0.0349256857637161 -0.035027913454262 -0.136226225254177
0.0030060872084045 0.0458458100278689 0.0061089070251324 -0.114669475620246
0.0294016049365761 0.0248848560238054 0.00185350132728658 -0.10770684431216
0.0290660759226014 -0.0122599416608294 -0.0354193240938388 -0.0804282775259194
0.0056639917806393 -0.0281214013230736 -0.0628427119672319 -0.044921673787624
-0.0125024865157888 -0.025878167905394 -0.0764655307225745 -0.00626769684315426
-0.0253579967745053 -0.0110798630963352 -0.0683093828660389 0.0130733063467955
-0.0291576515308738 -0.00358394461879503 -0.0519099923457963 0.002053618081121
-0.0298845602913278 -0.00476400754665827 -0.0516022547053341 -0.0236313755474714
-0.0312015896686636 -0.0196992729182929 -0.0363811556700954 -0.0576879189233999
-0.0153641178725778 -0.039417191117797 0.00390507620850116 -0.0835286458202613
0.0171356925240139 -0.0451718519738322 0.0659513187429633 -0.0560215018519622
0.054805252165536 -0.004745615507525 0.0628518310425473 0.00538995714941157
0.0329076465217164 0.0445340521114064 0.000425301973042592 0.0366151596755659
-0.00192129873196496 0.0483260334862162 -0.0406588925495637 -0.0551899793086159
0.0253321431076788 -0.0109183463578606 0.0563507630801762 0.0695652953413252
-0.00708284186348887 -0.0248357496385741 0.02816136398446 -0.0481151983107494
-0.0229019430999086 -0.00606575081803737 -0.0691335180059059 -0.0223474019610445
-0.00965577029058092 0.0172040379692012 -0.0807600918483566 0.059685352438788
0.00584859670292567 0.0125763747628274 -0.00778638366449602 0.104748289085363
0.0074260507933356 0.00582339425905677 0.0544300580146134 0.0705673644773857
0.00969916942369548 0.00238536755426991 0.0680786055771991 0.0246098659139481
0.00432625008284617 0.00265073477804816 0.0656956082713471 -0.000744718164631584
0.00144341448558814 0.00657134719928947 0.0715767755735096 -0.015227093466488
-0.00739932547906282 0.00636520224369359 0.0816346660308068 -0.000554860515629849
-0.00838519153338284 -0.00247421720220693 0.0758213628539849 0.0360997272592794
-0.00653885100976116 -0.00969118517623602 0.0427025618369592 0.0730677348016367
0.0115668153910147 -0.0205057368993364 0.00808968214121983 0.109048392291908
0.0300150854565205 -0.0100303018202711 -0.0101677677156425 0.125306411709899
0.0325587943231059 0.0182212693601703 0.0344447967795106 0.146865431805604
0.0457898466083231 0.0272729304228112 0.0462576625969041 0.0740403860361502
0.0301852776104791 -0.0112109553049777 0.0314643828978311 -0.0460522997223283
0.00681713787321875 -0.0192046403613842 -0.0674675994010012 -0.0336127540574884
-0.00596449688706919 -0.0117053260824524 -0.0907407029645024 0.0518258883004199
-0.00695592301481098 -0.0120092649411632 -0.0173343573176746 0.104976737244192
-0.0152670460695193 -0.00753075209735432 0.0475088625396531 0.0753057539629238
-0.0141355225089222 0.00257767814495222 0.0644889860590211 0.0307776692612443
-0.0187228140870644 0.00289367361546111 0.0625224803430552 0.000473555494402056
-0.0229860266492401 0.00383573804638338 0.0664502418299874 -0.0175122399296805
-0.0322048903607069 -0.0126646256555196 0.0763755137013352 -0.0108471918409489
-0.0159621219394271 -0.0361086822674497 0.0797366339667898 0.0193645052919561
0.0106769342642105 -0.0404868237814455 0.0595758252733386 0.058025201788717
0.0534722084652563 -0.0236764068270495 0.0260595067420213 0.101259880892939
0.0711032567371977 0.023449023732686 0.000633129430840917 0.114214853401698
0.0567443124828636 0.0669860694047006 0.0317093298918612 0.127174889485356
0.0561739443731133 0.0676971623851919 0.0304891331538015 0.0622954741533651
0.0664938790259417 0.0150219638806281 0.0323540235915091 -0.050750541110612
0.0449832221666256 -0.0230712119736641 -0.0635318914240172 -0.0500845962745441
0.007602113540743 -0.0416364439589377 -0.101090095404411 0.0345853124825358
-0.0154387624568078 -0.0406909735232817 -0.0322582144939145 0.0969297109147017
-0.0362340554004032 -0.0240875591364896 0.0314921078130353 0.0747532845981154
-0.0372982894877878 -0.000380445231604998 0.050111133641593 0.0351180981980056
-0.0396753360252517 0.00313641464714407 0.0500411118528876 0.00304033619172321
-0.0424079556240368 0.00319964940804588 0.051277011460777 -0.0193409077979558
-0.0536299714798663 -0.0240991649420523 0.0620910764408343 -0.0251600531478997
-0.0295396093452335 -0.0597244252461714 0.0761509223987898 -0.00733625831928923
0.0120887231686634 -0.0703561317950633 0.0754156102965232 0.0311547160134511
0.082765613497504 -0.0414139353001859 0.0478040534383331 0.0830055308872904
0.107702205628113 0.0369816621530797 0.00966270774564938 0.100050859271179
0.0789917306732945 0.097735410727881 0.021987445400533 0.0947740270798442
0.0541373705011429 0.101594711826672 0.0108253366510872 0.0332540366689632
0.092021176248805 0.0482015432675783 0.0289102116727617 -0.0616526065779358
0.082443760483014 -0.0160975768385526 -0.0544719269135429 -0.0714791708313739
0.0292394766543854 -0.065563022400002 -0.103628239931026 0.00699249830885995
-0.0172695808408501 -0.0664278129264179 -0.0482843001803953 0.0744060910771085
-0.0509791918675304 -0.0412141585316582 0.00741772836724906 0.0661825255965275
-0.0551360102416175 -0.00457086193362119 0.026780132411614 0.0366193867141466
-0.0543615796018057 0.00390859206154343 0.0304149318665901 0.00490977002345608
-0.0544374506507213 0.003414445183411 0.0305124334567721 -0.0202657469136347
-0.0668545388629918 -0.0274590305816746 0.038801332418856 -0.0373157890295973
-0.042752143888511 -0.071015474118801 0.0613583026311583 -0.0335209797948459
0.0034686311036656 -0.089935632810887 0.082466768045936 -0.000811822431507433
0.0944223321345316 -0.0605448210760724 0.0641588587510442 0.0577382872100662
0.127740407194155 0.0372433552024176 0.0138905794042828 0.0844454396874219
0.0924787552789886 0.11027082827548 0.00444810393050929 0.0579961863768046
0.041898826665377 0.118027520881674 -0.00797695314188254 -0.0118451521556735
0.0970082454056495 0.0780655745687838 0.0212904018483318 -0.0781889318461577
0.105921854699952 0.00248769451633638 -0.0390537204969897 -0.0908616883206671
0.0517213472726487 -0.0731174690789991 -0.0939282613038561 -0.0265861008448074
-0.0120567106227546 -0.0814456980149418 -0.0608077229068736 0.0396689619108876
-0.0550847086625505 -0.0535711892292073 -0.0205133481224044 0.048262855849333
-0.0640053290518605 -0.00909081719748325 -0.00151585926544348 0.0337522387890436
-0.0614400402956829 0.0026759816708778 0.00651134353695385 0.00647864723375715
-0.0585621428046061 0.00351972563551492 0.0058076835911839 -0.0199688236162824
-0.0701747462498819 -0.027804379203531 0.0140360542222369 -0.0451426199782727
-0.0484847734047683 -0.0716502564602087 0.0409895827641922 -0.0540946872415471
-0.00269755772532027 -0.0946229034721316 0.0792026544368249 -0.0277834377551944
0.0931291116699495 -0.0660701685734019 0.0697204537383097 0.034273571849051
0.125860041352435 0.0346791040631714 0.011997226867939 0.0684335589031418
0.0891498826978633 0.108010624130949 -0.0162306001851239 0.023051942590544
0.0229337785192407 0.111388160760839 -0.0234347406847615 -0.0626045752501834
0.077592256991859 0.0899776056870505 0.0141190135563797 -0.0965490468857044
0.100152574414171 0.0212981626162719 -0.0214848256820867 -0.103808508654179
0.060383030729031 -0.0615423064691871 -0.0734359147985038 -0.0556170154148776
-0.00355768650896855 -0.0780448897538491 -0.0658012054157129 0.00162217020301942
-0.0484282840476141 -0.0547980456714843 -0.0458605878996179 0.0261933613106339
-0.0612690183329729 -0.0121839200600785 -0.0299467706164032 0.0282397678745981
-0.0592894849179683 0.00247337620841985 -0.0173451176049979 0.00638489080121793
-0.0548302616792162 0.00285937871512521 -0.0175915750010345 -0.0190028015126871
-0.0637976878458668 -0.025945982159776 -0.00971681773519425 -0.0487217689875424
-0.0438880189929104 -0.0659955768822896 0.0208119930273458 -0.0665963914543093
-0.00103745684058153 -0.085658254274024 0.0705146738716578 -0.0458840318466023
0.0845605921182973 -0.0551652659977777 0.0676653256070212 0.0158968246880129
0.10525411763534 0.0365044084936971 0.00673203823971725 0.0556660555007079
0.0680353354630421 0.095791601508596 -0.0333462833506974 -0.00778115642236005
0.00263536391761599 0.0808460212265111 -0.0337989187795846 -0.106458819393878
0.0431306256362719 0.0765287891985788 0.0081588661698585 -0.109530325469893
0.0707187880961446 0.0286901102327191 -0.00713144699817188 -0.108897989645986
0.0504694783602367 -0.0388477397000852 -0.0510282740344148 -0.0736233688515813
0.00143155100047987 -0.0575899222391785 -0.0655744381866021 -0.0281290582869139
-0.0334261942613595 -0.0439300426652931 -0.0655169935479838 0.00734424584070364
-0.04779183535074 -0.0118166683203951 -0.0531917611490586 0.0212970015285612
-0.0476338081387955 0.000115928940452164 -0.0373634075501442 0.00574258403968836
-0.0453196859234977 0.000309707442437278 -0.0384121952261095 -0.019047229766513
-0.0499343761912709 -0.0229795273711321 -0.0283465355122566 -0.0516609416975763
-0.0319872850628289 -0.0539284519153642 0.00696106417604205 -0.07601689694227
0.00685670734640561 -0.0681165456744245 0.0638794062054283 -0.0551920309964616
0.0719682608245119 -0.0330885740339698 0.0640448311216311 0.00570261970576234
0.0728347229284872 0.0421103701881032 0.00365841603131074 0.0451443049617096
0.0360804498402833 0.0764555510345916 -0.0431722368242842 -0.0340050962356615
-0.0161816959131678 0.0355700933344733 -0.0409599759270218 -0.134591860503272
0.00578731915517185 0.0450923303867425 0.00121156047297474 -0.114447101189107
0.0302434352618225 0.0238960890941949 -0.00243998998021044 -0.108566378831868
0.0280045795369163 -0.0143145494029205 -0.0388410973742861 -0.079942066073636
0.00425387680708978 -0.028092625664533 -0.0648989904754929 -0.0425993242088744
-0.0142541921271786 -0.0255940486129908 -0.0768695825314624 -0.00176526500814313
-0.026235491566874 -0.00970130942965169 -0.0671501369636596 0.0166717485353088
-0.0296145231183119 -0.00189175339515476 -0.050864148316141 0.00500065335131445
-0.0298262876532048 -0.0032801742470837 -0.0524767394452279 -0.0204721363106509
-0.0319598166586053 -0.017742038903959 -0.0391872866577788 -0.0552019328321161
-0.0174177196625801 -0.0381942098673685 0.000156693963968646 -0.0832355381128874
0.014246631232334 -0.045478031951932 0.0623288068300166 -0.0593648354595477
0.0541896906748415 -0.00780977263440674 0.0624514912085933 0.00309792646596689
0.0343937340584699 0.0432670451854493 0.00190219080122551 0.0371598902051133
0.000168819079529284 0.0487406643141503 -0.0427910843485316 -0.0527001178315066
0.024181001849248 -0.0117577052905118 0.0580117051707324 0.0658130202796516
-0.00820295595759312 -0.0240926206107285 0.0250134356587255 -0.0491346377450554
-0.0223223141707265 -0.00484777123765925 -0.0689421764416102 -0.0207380498457084
-0.00851220648201592 0.0178317676386418 -0.076624967415869 0.0611120511328781
0.00616617435206939 0.0121893274885001 -0.00381758699933435 0.103899682978409
0.0073606468602893 0.0052676561696473 0.0558607065643901 0.0671074358673816
0.00897658688078744 0.00175466558986353 0.0669224919895915 0.0213527168898401
0.00409887058009018 0.00208322018617384 0.063950489672651 -0.00392402841150864
0.00167880481473587 0.00592235264687467 0.0690983933262458 -0.0183741807185198
-0.0069799858257322 0.0063750965641868 0.0801854578842176 -0.00407208754089337
-0.00764446444751585 -0.00220152250472432 0.0756429538812143 0.0322956422390502
-0.00631530003339867 -0.00887863276418751 0.0439183383195407 0.0716361265652141
0.010433531455005 -0.0202307262009974 0.0115771107251876 0.108379625049785
0.0284463117627839 -0.0108035855716719 -0.00689306569153941 0.122813386603551
0.03314651568602 0.0174857440700198 0.0372573409472051 0.143166349890704
0.0459393979548383 0.0253480175531408 0.0481713020442593 0.0706582985824738
0.0292881994239089 -0.0117759740963262 0.0295276174093995 -0.0472822560018656
0.00630198216554013 -0.0187926735912554 -0.0666116302653108 -0.0312802533603505
-0.00580351212387385 -0.0105697964623469 -0.0873269607749846 0.0538634325088308
-0.00741620060948005 -0.0118687188186311 -0.0135509374668809 0.103892414177456
-0.0146851075801988 -0.00638953194696217 0.0494040152819381 0.0724842804971381
-0.0136860114384752 0.00268947877836513 0.0639140536215183 0.0271658254363891
-0.0183965801165182 0.00365876681359415 0.0607992407377073 -0.00154473010206056
-0.0222888840213584 0.00437286054886475 0.063606714635483 -0.0201694872431521
-0.0321835494128989 -0.0113716986776768 0.0747578913764548 -0.0141400892155813
-0.0172750604353632 -0.0341170052721871 0.079796865715574 0.0156052795513926
0.00885343785273143 -0.0399824453302692 0.0589772053346969 0.0563517330218367
0.0517099286283568 -0.0249605768775408 0.0286429057123953 0.0990011138968044
0.0705828793485017 0.0209327272866545 0.00308933549892835 0.112178795147121
0.0576677280665639 0.0646392324405731 0.0346835150432197 0.122722067412257
0.0574897426897845 0.0651553524616135 0.0318391935741871 0.0602303195643348
0.0657815669019283 0.0123769138644654 0.0299388902200612 -0.0517849052701194
0.0432516450025238 -0.0245280765143372 -0.0631330039022437 -0.0485190241372932
0.00626537120736247 -0.0404755902066157 -0.0976306717841413 0.0371315628282823
-0.0166633234564246 -0.0388800813626292 -0.0280243777789689 0.0959852615556691
-0.0362336231798884 -0.022405467422686 0.033468224295017 0.0727370814314082
-0.036219478077996 0.000949886903499582 0.0506225306606088 0.0319973417761665
-0.0384193679985377 0.00482406179639254 0.0486681483027746 0.00111368617958677
-0.0408860105242192 0.00501580741631283 0.0492659753397417 -0.0218753071782993
-0.0533199350285756 -0.0209887035629082 0.0591374868438898 -0.0272241510394877
-0.0316091841605987 -0.0571290268643026 0.0746634295753004 -0.0103809439339653
0.00906340835522771 -0.0690273800113114 0.074758948553951 0.0285201675695248
0.0798147550506303 -0.0431280743082646 0.049296250645347 0.0808372110720117
0.10670853501363 0.0329369815235378 0.0119037311983401 0.0980771497821063
0.0799215492202851 0.0947613150862787 0.024430082602109 0.0921954713680666
0.0571212104881316 0.0983738859756538 0.0114991838691549 0.031859140309252
0.0919559550503173 0.0434042732472234 0.0258437393072939 -0.0621870563204917
0.081168958749575 -0.0181338623192881 -0.054488936675003 -0.0699448951288823
0.0269628850563551 -0.0649427559881923 -0.101342973461426 0.0100643279967848
-0.0196370536366097 -0.0644680177541696 -0.0453445531064663 0.0750193035756779
-0.0520445257446421 -0.0383315324667543 0.00960503500784964 0.0645183706357913
-0.0535627893904945 -0.002840950732211 0.0283082185455054 0.0345127740982578
-0.0530773434077781 0.00561100381963791 0.0294570220921546 0.00356655937363579
-0.0527006749179328 0.00514622998650906 0.0284117432544404 -0.0215143858441701
-0.066736203852653 -0.0248295536462825 0.0366880173637097 -0.038500726265407
-0.0449441369336785 -0.0681073031495539 0.0597424666012536 -0.0357623200615784
0.000537786203012924 -0.0879444948172657 0.0800220331517251 -0.00305194164388953
0.0908606459435815 -0.0624815456666714 0.0647180894535896 0.0557753315545878
0.126568290403675 0.0317946402356016 0.0155097267025219 0.0824915696610288
0.0938899992008822 0.106116534589246 0.00641151793908529 0.0574135138184025
0.0455160384334617 0.115399180726789 -0.00851694214924636 -0.0118056471428326
0.0977477904459077 0.072594135469703 0.0185235831433105 -0.0779738173933013
0.10386718618645 -0.00108896172858674 -0.040898284990822 -0.0890560934364059
0.0477636052614617 -0.0729941147268371 -0.0929786660656755 -0.023542672728461
-0.0145867259837401 -0.079309698850204 -0.0581463317637998 0.0409120081587282
-0.0563644421512775 -0.0498405130208847 -0.018530217354037 0.0486971177166034
-0.062333671261597 -0.00661705810855924 0.000397210389730791 0.0327125424977391
-0.0597582709187855 0.00563693787800366 0.00609968193487024 0.00560668270632643
-0.0568811285352707 0.00529654965230654 0.00499610216520642 -0.0204098686747621
-0.0699465776190419 -0.0240645790011184 0.0113580936059548 -0.0449685666401618
-0.0506990575710242 -0.0684855055242439 0.0387236067279835 -0.0547515884783505
-0.0059621886003736 -0.0917139655125027 0.0760311207245844 -0.0299286875674521
0.0889199392273827 -0.0686701056112111 0.0686095061004517 0.0324188438616973
0.124689218119336 0.0295436870269209 0.013233919025662 0.0677682432841117
0.0899087745591418 0.104435316935357 -0.0153860841497057 0.0232572865231953
0.0259225140460072 0.109168150815922 -0.0247647601368283 -0.0601994692995596
0.0793128977044031 0.0851891752252855 0.0107940291635587 -0.0942750303365732
0.099518137384253 0.0178078437685267 -0.023017676891827 -0.102171053096245
0.0570502713308364 -0.062308330232394 -0.0733584104420924 -0.0523744549008908
-0.00658831981464876 -0.0761662259036167 -0.0647879861849433 0.00346453224534148
-0.0498427641600197 -0.0514487780718695 -0.0449990092782591 0.0280152840261121
-0.0602369775114268 -0.00984466505895226 -0.027262582620046 0.0287024450327129
-0.0577391076149031 0.00484469136471512 -0.0164320380126638 0.00702215581790306
-0.0534073644504219 0.00452664842522116 -0.0187337491231754 -0.0187286085312955
-0.0632821412374891 -0.0226689449890325 -0.0115835771692077 -0.0479051483432729
-0.0455824614858002 -0.0625022493812825 0.0188814850065981 -0.0668844834836168
-0.00365440741916723 -0.0831935403574422 0.0670137829308107 -0.0476486090116013
0.0804121820445566 -0.0570174168164536 0.0667362997749056 0.0144674999271891
0.103986204380155 0.032425283996667 0.00838254854094913 0.0555088915954818
0.0692742941663025 0.0928179148686466 -0.032705482038655 -0.00663883380294813
0.00520908924748984 0.0798856727855216 -0.0365578460812219 -0.10367656500358
0.0448927615082509 0.073734269652284 0.00510272384318353 -0.106925109105453
0.0709141175235226 0.0263737893525103 -0.00951431046538976 -0.107148507368906
0.0472515544742862 -0.0400702045361233 -0.0515825075407603 -0.0708875080669773
-0.000633252084724415 -0.0566930896313898 -0.0655578601573891 -0.0266544998698425
-0.0353409134486452 -0.0419067813612971 -0.0647201139774286 0.0103559883352208
-0.0468970250545886 -0.0103365623673571 -0.0502535038549798 0.0241990034198276
-0.0463448777062508 0.00233545729987502 -0.0366395033837161 0.00755317666849049
-0.0443055308510192 0.00158428337963231 -0.038475868842114 -0.0172527992376635
-0.0499057122537539 -0.0202979823831764 -0.0287578714026434 -0.0495884679930705
-0.0334195809031144 -0.0516292646352298 0.00488890999592207 -0.0750730249380022
0.00482185385421419 -0.0664790795320869 0.0607660158768736 -0.0568475960703187
0.0688970752871108 -0.0349674816701804 0.0628412202926726 0.00463410394296526
0.0732096178650953 0.0389292716650521 0.00453066969154139 0.0450489530459743
0.0380834561546903 0.0745825615359973 -0.0430179446383291 -0.0315264478689054
-0.0148027936785854 0.0356580180814325 -0.0439418652680242 -0.131074994899561
0.00662232682429704 0.0443239955481716 -0.00113741896208141 -0.111608422584776
0.0305064020039886 0.0219884360065 -0.00498017411290213 -0.106437146306103
0.026147015116024 -0.0146265154012566 -0.0401331048516659 -0.0782947219412333
0.00238203094969351 -0.0271426085626038 -0.0656503452134666 -0.040377021468217
-0.0148747861474935 -0.023948995329978 -0.0755887830061107 0.00128184130961198
-0.0254850009066861 -0.00879676171217133 -0.0641084599932942 0.0200109293022375
-0.0290039455346756 -0.000675212419142987 -0.049673993378163 0.00688331867097763
-0.0292444660024879 -0.00171031266017479 -0.0518873162501328 -0.0182023899638995
-0.0320423985169329 -0.0160849994342241 -0.0402511384720186 -0.0528614747058593
-0.0182384725601228 -0.0366173752605123 -0.00245836861371193 -0.0818171359036572
0.0129079373309356 -0.0446408817458592 0.0597898587113164 -0.0605352412414225
0.0529426639529473 -0.00978986109372139 0.061097360577967 0.00222179103555742
0.0352962382941625 0.0418316829499593 0.00288730003106024 0.0366416832651197
0.00160599518054183 0.048158585383036 -0.0434394844864175 -0.049125796362706
0.0276594640722133 0.000433885412951446 0.023435174779798 0.0801608774485747
0.00311631644332775 -0.0245404216996986 0.0415757737930094 -0.0344199865827635
-0.0182212185006607 -0.0141276162194519 -0.053670628305361 -0.0464567666594349
-0.0143293363859316 0.011632481429389 -0.0940571594872818 0.024438668221177
0.000558841980528935 0.0125264291605838 -0.0455654148929946 0.0914209055185472
0.00447468223360354 0.00773913496351531 0.0224769298902897 0.0823807078006405
0.00715588966593077 0.00533014206040583 0.0506292029094421 0.045763154774077
0.00306744670549983 0.00344760858237331 0.0588864126622838 0.022037105138937
-0.000800876972548087 0.00528681192325454 0.0689484839984103 0.0111170765552806
-0.00824371433826828 0.0026469339834073 0.0739966275828226 0.028723576197115
-0.00530231645012519 -0.00608302736561625 0.0539971764004108 0.0597551047260793
-0.0011870984125951 -0.0107517473867886 0.0083595911694081 0.0833116819351472
0.0187564516525844 -0.0139517393435333 -0.0342392965552419 0.101411970515059
0.0309740564573215 0.00294515888680349 -0.0553015176820154 0.108152427480672
0.0256829389533828 0.0308437403735042 -0.0278970490505956 0.14507030788283
0.0304044499614027 0.0443229493887948 0.0163009156614197 0.0772418713472174
0.0308058426861081 0.00192447780305704 0.0453553588503081 -0.0331883206001605
0.0133194805684596 -0.0141247050004948 -0.0479393820982554 -0.0576914581799911
-8.7526193312306E-05 -0.0116581893283561 -0.102282532366788 0.0132589067946434
-0.00113150164000879 -0.0138421129664609 -0.055349179298821 0.0886260816493078
-0.0107560897704195 -0.0122221037345067 0.0138212913114328 0.0853652903452845
-0.0130564968341017 -0.00329278092587386 0.0459784121896388 0.0499768813422311
-0.0184080610822224 -0.0040453899762621 0.0552721729615003 0.0227363724510844
-0.0212016936332837 -0.00508179330143543 0.0652425809710479 0.00614449364826214
-0.0245904767591743 -0.0229259204180191 0.0731277240562476 0.0164639939189879
-0.00149453005043481 -0.0384835331325585 0.0644975265468477 0.046041240336407
0.0245469659409046 -0.032400692171457 0.0290367115260855 0.0752537035453006
0.0581347096684648 -0.00276124630349366 -0.0153385054045438 0.100781889996316
0.0569077894668504 0.0470296343028042 -0.0431999503044426 0.104831382304932
0.03022816093089 0.0832700816944743 -0.0243782412306872 0.125886109774088
0.0234292954006638 0.0856560990406431 0.00984200278167796 0.0589694293451481
0.052279594761441 0.0387937818978325 0.0495390908723125 -0.0380878543423135
0.0491698035261607 -0.00335843285249295 -0.0371119271061257 -0.0749233131178578
0.0229904772898558 -0.0326212219602793 -0.106683151486651 -0.00799254431665902
0.00173770815120914 -0.041814932473652 -0.0671620485778965 0.0750776446852857
-0.0234177677064544 -0.0347075338617352 -0.00168517593118084 0.0792786533639652
-0.0320423605209627 -0.0140826978254994 0.0319492196224683 0.0498001555427781
-0.0361740453709179 -0.0104959600882015 0.0427841835260709 0.0199741877044757
-0.0381804125062872 -0.012456921371913 0.0523917859350041 -0.00102495496945182
-0.0400446351956144 -0.0399046899192777 0.0649657841895808 -0.00228549043212827
-0.00646200646629309 -0.0647979677518708 0.0715014318046901 0.0207318240258215
0.0362282362707595 -0.0588647752210779 0.0548371884862089 0.0563914124762967
0.0910532372567814 -0.0100631131813237 0.0115646036889509 0.0941646205497316
0.0852867462451974 0.0709241544311623 -0.0296133195854964 0.0979638130776307
0.0393092393879086 0.118851043085244 -0.0226006770985449 0.094956300421375
0.00765132368644915 0.115967054063667 0.00684303410906432 0.024892534449253
0.0620279802801131 0.0785387206636494 0.0527807773910999 -0.0506640804848184
0.0803919687944797 0.0186597231896726 -0.0197284466138846 -0.092896666629882
0.0513755914120931 -0.0446514121454294 -0.0995618153670154 -0.035816675539947
0.0105841971414748 -0.0655584720933309 -0.0754244653606468 0.0481692402884288
-0.0302823483712121 -0.0550137202959742 -0.0208473193347761 0.0625147949271463
-0.0457124901855467 -0.0241143815651297 0.0100063802533653 0.04311416135226
-0.0497369705436659 -0.0159532093163222 0.0246693854417979 0.0153257732201848
-0.0486993443979979 -0.0159600084349153 0.033646700077828 -0.00966014605288669
-0.0510077190934254 -0.0477224069079388 0.0494860666811309 -0.0216555933164158
-0.0150312362594672 -0.0794894728608713 0.0685012010414122 -0.00881211160357577
0.0349219137117787 -0.0796656664079822 0.0739189601932269 0.0294473398099189
0.108636603289185 -0.0235895403432976 0.0352667929374898 0.0781470965434014
0.103784831066514 0.0766613152012769 -0.0199797484868341 0.0861594262717122
0.046142306544565 0.134494681332957 -0.0246897292413215 0.0566298484576203
-0.0110208681303239 0.126194777001038 0.00849528265444693 -0.0212743634349545
0.0541857465064006 0.106766946708891 0.0543779532625235 -0.0671740048659656
0.0929165696202299 0.0432432414218086 0.00294136967490122 -0.105620770878826
0.0734782440941449 -0.0432111748347708 -0.0781924563753645 -0.0642465700598433
0.0206854175848112 -0.0763569826966076 -0.0738501926625908 0.0109409092601442
-0.0298709227684104 -0.0672114461977818 -0.0395549479427693 0.0362760972912097
-0.0520036622886245 -0.0312333478468678 -0.0136849348841476 0.0307348462086879
-0.0558216556357175 -0.018594006575624 0.00314308262670848 0.00742335776676104
-0.052439211933152 -0.0173267343871015 0.0118629445198136 -0.0179723470749803
-0.0533563540644865 -0.0482932682343643 0.0285945698183928 -0.0372865874583415
-0.0197020846363867 -0.0819448412210395 0.0576258894212013 -0.0341885688737981
0.0304979827575666 -0.0858025269798684 0.0816420942286444 0.00328761597546064
0.108536936760167 -0.0299837152980664 0.0491909729433043 0.0589456751023786
0.103203013600647 0.0737293138249145 -0.0160860371586919 0.0726758736423644
0.0440084230889035 0.130513179923738 -0.0298960137520897 0.0174174916106499
-0.0255873067913649 0.111605405255091 0.0142782590934668 -0.0694461698650571
0.0324325615787679 0.109381945875046 0.0546563309248194 -0.0838925875425502
0.0809007026795285 0.0582215968695238 0.0254180704111245 -0.109435980660269
0.0762501697516772 -0.029477884298909 -0.0472107866752957 -0.0833305855754651
0.0264224716278599 -0.0693201432015479 -0.0632142686150727 -0.0254810169766259
-0.0232067719374183 -0.0664149274317225 -0.0548420272503311 0.0076239019717132
-0.0487163323425563 -0.0328000436633308 -0.0366833358015536 0.0154927297421054
-0.0533773354176033 -0.0185522812342491 -0.0178086099694705 -0.000231224981030216
-0.0494728867015211 -0.0169688031500543 -0.00951257250079652 -0.025267986143704
-0.0487193344815968 -0.0447597523364125 0.00916379085845444 -0.0488197960126431
-0.0179226736757584 -0.0744319754481451 0.0447051120021874 -0.0534445933220077
0.0287407408322315 -0.0765232931721565 0.0803848371486991 -0.0161798148738095
0.0963091232713981 -0.0227749053365187 0.0539109115401913 0.0422649990184769
0.0832200162765529 0.0690301114331591 -0.0156452725304495 0.0584488877219221
0.0285220657254493 0.111761127643054 -0.0326061357712976 -0.0171816548764748
-0.0314240806547597 0.0755380797578935 0.0187005373086664 -0.110468908864077
0.00693763017696705 0.0844440857343233 0.0541919205461076 -0.0957706138895501
0.0514674164802788 0.0527810211363192 0.0396897470952266 -0.105370330710106
0.0587322869215584 -0.0140454200973192 -0.0183992007208306 -0.090430828814152
0.0231718654624441 -0.0492632798371722 -0.0510029963474634 -0.0527511437901765
-0.0142035594895143 -0.051213921750639 -0.064610344167298 -0.0168932722982166
-0.0366312818466638 -0.0279059848774557 -0.0550386013132987 0.00188012210362758
-0.0423387352473059 -0.0157236507750937 -0.0356183258967267 -0.00780825711036094
-0.0399228951868456 -0.0156471653733019 -0.0276321176250503 -0.0321572101883842
-0.0376977112449012 -0.0371713098094178 -0.00552286325845918 -0.0577336305582643
-0.0109945595353234 -0.0598706569850646 0.0356536127552931 -0.0656205770401723
0.0296629445633193 -0.0586364025872932 0.0791520541589286 -0.0265952978263025
0.0771762512759116 -0.00632434590169746 0.0543139960652311 0.0318239836393037
0.0524481796431778 0.0632661069951051 -0.0153450937269248 0.0461502068730606
0.00587047698142768 0.0823926825684323 -0.0297836012364993 -0.0447962299945631
-0.0302017832368205 0.0259813195213723 0.0191845724503303 -0.135142477302288
-0.0136757565792938 0.0417776054859436 0.0487870439192147 -0.0991119915427788
0.0172991361806383 0.0320554188986145 0.0424302807251118 -0.100530445880803
0.0286830976203633 -0.00110052770971944 -0.00355674309418095 -0.0905325479481005
0.0137901213178917 -0.0227122922675218 -0.0437884647645296 -0.0653514223066186
-0.00336395630213773 -0.0279354083868318 -0.0698017997317861 -0.0296120612178881
-0.0192205911619217 -0.0182068064351979 -0.0657244364560491 -0.00788915211233647
-0.0254773857937759 -0.011850589899042 -0.0471254332019388 -0.0138113294832507
-0.0257560534471656 -0.0129905378401065 -0.0388827111554607 -0.0379368496730241
-0.0229771867999372 -0.0266823623584334 -0.0146940661264565 -0.0645678894372079
-0.00332288175287329 -0.0404343727757595 0.0321407237762492 -0.0741332782818438
0.0290763089660596 -0.0363319429311482 0.0789521898490883 -0.0294973903382719
0.0524529980194713 0.0100669587877239 0.0537017686986543 0.0283885282094284
0.0170054077494795 0.05178945219269 -0.0139280296106823 0.0372227987633861
-0.0172926744102294 0.044333361848354 -0.0210550093305411 -0.0623801860059083
0.0278300113178244 6.42500834304599E-05 0.0249703324153961 0.0793819140143083
0.00291611755619666 -0.0248547241812785 0.0402651454135358 -0.0361599261589933
-0.0185817941173116 -0.0137478600097947 -0.0545959281669036 -0.046893617517709
-0.0144643390527308 0.0119085387421344 -0.0935635771924107 0.0249513818974923
0.00120728265969482 0.0119846570141346 -0.0437243203673398 0.0926761096919417
0.00438734545281313 0.0071547701398026 0.0233986672284241 0.0821941934252578
0.00666303043929614 0.00461250393659854 0.0508157845419028 0.044374404511931
0.00310684956514642 0.00340897121173925 0.058882125921237 0.0204563850279995
-0.000658177078454013 0.00531865457545523 0.0688852148666454 0.00929883397103532
-0.0082290682551272 0.00266163572441965 0.0748806572739776 0.0261891109610957
-0.00547184588772719 -0.00605104212625894 0.055280130371593 0.059238726758745
-0.00115791127892626 -0.0104607514983399 0.00840355403695845 0.0845960597464067
0.0178989128010242 -0.0145972321408436 -0.0331358618113699 0.102664112393013
0.0308379033606733 0.00237437268167194 -0.0552073799899463 0.107646727944062
0.0262794735082362 0.0308261335370167 -0.0268434448463138 0.145348935488575
0.0311586179989038 0.0443948968418068 0.0172487702911624 0.0769156494644967
0.0309142116101109 0.00133391912824221 0.0442184837764302 -0.0349866820051684
0.0132574466615601 -0.0144515412446251 -0.0481476999670323 -0.0578155426796336
-0.000443654992646712 -0.011424952519486 -0.101767407332182 0.0138906201701994
-0.00113474600302135 -0.0137882643463371 -0.0541257141889728 0.0895954095068835
-0.0108357007797194 -0.0117552680400068 0.0154268281269062 0.0847082750884416
-0.013175794120312 -0.00348354822047848 0.0459528386393251 0.047950926228361
-0.0179933747347874 -0.00376205673665467 0.0554788714773772 0.02107134278972
-0.0211529594969966 -0.00459247631735714 0.064507495648341 0.00434378132347086
-0.024693046320395 -0.0224788933203931 0.074113118924951 0.0146888670736605
-0.00211283775671992 -0.0389857161624506 0.0657579827116273 0.0449024384902576
0.0245102645282537 -0.0327520748462787 0.0291383290757505 0.0757522352979149
0.057821183663696 -0.00329556777366155 -0.0142966595008195 0.101625295264073
0.0574335395588315 0.0463871886779825 -0.0429624781098136 0.104779155949381
0.0316590430789729 0.0836930490946199 -0.0240029398241098 0.126713401794666
0.0244123712004705 0.0859333291443986 0.0102336023695274 0.058893336879476
0.0528370726155313 0.0379908928537489 0.0486345478420299 -0.0404175423361533
0.0492441874730243 -0.00371407688557373 -0.0370130705974924 -0.0755294557990366
0.0225917396872353 -0.0327305623460539 -0.106379597562056 -0.00641128278852002
0.00115184184302098 -0.0420885308387881 -0.065827067861134 0.0757314802106019
-0.0237720214765338 -0.0338022080129046 -0.00038558633454846 0.0792497620926703
-0.0319219108271024 -0.0134780810762695 0.0322435757661096 0.0485187523377143
-0.036460932480997 -0.00999319821524144 0.0428989258910423 0.0193434621885647
-0.0375302828092161 -0.0114926988808526 0.0516979385296123 -0.0031497931793936
-0.0408879604578727 -0.0392809781169518 0.0654811134591123 -0.00372425180491863
-0.00790084955864927 -0.0647713153987452 0.0722437937243796 0.0194129166358183
0.0349203428268641 -0.0593276087279444 0.0541627612835921 0.0565747708091398
0.0905791493871405 -0.01103742147415 0.0119024476660396 0.0947512976713586
0.0866978286304489 0.0699754009035514 -0.0297052888071236 0.0979557335319465
0.0407036510839367 0.119808962732733 -0.0221568710121863 0.0955171380969385
0.0092286234311197 0.11691993915005 0.00689242071370594 0.0247296524848811
0.0630615739472129 0.077418974848843 0.0517655352603187 -0.0513391327641792
0.0805402893953402 0.0172889757253971 -0.0195898474152164 -0.0941331376561725
0.050886340872096 -0.0454483609616799 -0.0991524239665188 -0.0351811129735746
0.00921273494202628 -0.0653638167682916 -0.073848790374736 0.0486742728088481
-0.0314526600918037 -0.0540612885920754 -0.0195682934431375 0.063218806717373
-0.0463377404564438 -0.0236831845440335 0.0116924539199751 0.0423721223358466
-0.0494859002758744 -0.0148375214845036 0.0251714468642128 0.0144614771283656
-0.0480335367752319 -0.0153303250654203 0.0337180622700001 -0.011366851890231
-0.0517544512213039 -0.0466304448006548 0.0485684065103015 -0.0228071953530094
-0.0171404495408798 -0.0792256780719199 0.0686915537544738 -0.0100995370534775
0.0335639643390755 -0.0791145600570459 0.0731123430139941 0.0284148036365133
0.10829865829129 -0.02531154632201 0.0354915814673465 0.0786596899823375
0.105517441335893 0.0756984077097661 -0.0201674937935768 0.0867776553651259
0.0477480425971249 0.1351765738261 -0.0247503247171628 0.0570172677884628
-0.00890305982370571 0.126944087352201 0.00789555821173028 -0.0209787458819365
0.0554447391891966 0.105318448207944 0.0532848025316601 -0.0679988079941696
0.0943333362965334 0.0418193658545711 0.00282305899935492 -0.106629664650658
0.0727759834708044 -0.0437587064326056 -0.0781022884758475 -0.0637684423389024
0.019470427683037 -0.0762902052398419 -0.073824476924747 0.0118135584151897
-0.0312640640874514 -0.0664332799228871 -0.0394712556648096 0.0374321128947606
-0.0521227943582558 -0.0303292811439517 -0.0129833412797058 0.0305971723196265
-0.0556195823334258 -0.0173346459594673 0.00348503576243006 0.0081095719667469
-0.0517339026295584 -0.0166092855534145 0.0108647755335444 -0.018947222051836
-0.0542340183981882 -0.0478085830374073 0.0277056860614766 -0.0375558470889231
-0.0215614906999703 -0.081689659265786 0.0575044391952708 -0.0360898086805512
0.0290764341564236 -0.0854318753072805 0.080173234612444 0.00220324624049485
0.107665215664508 -0.031937527711456 0.0488901412370466 0.0593016784869814
0.104223710893141 0.0726544597957024 -0.0160752304619418 0.0733639639321133
0.0447618130215732 0.131604593261599 -0.0295033214476151 0.0180243364549619
-0.0245253958175118 0.112314629298569 0.0131386143443837 -0.0698351359599972
0.0339465215405255 0.108933565137666 0.053918409787439 -0.0839884812609483
0.0815897816626448 0.0574571080849817 0.0248242066810932 -0.110780604974434
0.07582920660559 -0.0305685699270152 -0.0476232514100848 -0.083343538510662
0.0252411991715591 -0.0700524020720143 -0.0640316108797171 -0.0254568665661712
-0.0248626759722978 -0.0650544667138285 -0.0547206177077691 0.00845229532609616
-0.0487084779222442 -0.0321313015154193 -0.035942369804282 0.0156790446591621
-0.0531344669258444 -0.017149513869904 -0.0178245659160133 9.45125546333627E-05
-0.0488852989454168 -0.0163359482199338 -0.0103567584186173 -0.025831331578677
-0.0495005254625294 -0.0436354179182995 0.00827520125349089 -0.0491028879194959
-0.0191165892984877 -0.0739556382749577 0.0445410348133754 -0.0544575985213353
0.0281540900048866 -0.0768344910881895 0.0801943689163697 -0.0170103933445725
0.0957607798210625 -0.0247480326931998 0.0540617248362706 0.0426230799029454
0.0845371336148522 0.0680215570545944 -0.0160746269396963 0.0593977593567007
0.0296456178378828 0.112531950241718 -0.0329927435140999 -0.0164361956027055
-0.0303457318769722 0.0761104110898436 0.0177884051437403 -0.11096852927183
0.00802617104173247 0.0842273928633482 0.0532434298294065 -0.0952518608772639
0.0520299399995388 0.0523606001927635 0.0397551664168796 -0.105617333780774
0.0580463028959751 -0.0146753548133444 -0.01887286083511 -0.0911249414294135
0.0223406645461426 -0.049433269915899 -0.0518090478788351 -0.0532913766425842
-0.0157623419014465 -0.050488475217931 -0.0647950816721835 -0.0156863737978225
-0.0370468879264665 -0.0273846297719086 -0.0542700508674675 0.00278030936718288
-0.0426903752621944 -0.0146151590784875 -0.0354434735847744 -0.00660433720751908
-0.0394135521638167 -0.0149785327239525 -0.0278205655591206 -0.0315357610652735
-0.037993316920084 -0.0365547991379211 -0.00662613080576378 -0.0576438686137124
-0.0117872827791083 -0.0594433332807816 0.0352027665232102 -0.0667560624827003
0.028692292770894 -0.0588390121773185 0.0773523653502095 -0.0275383990330676
0.0771086407830428 -0.00764350854638968 0.054650888186906 0.0320554312536759
0.0532662106348693 0.0628363312765459 -0.0152613755163058 0.0472356942938847
0.00678239488009275 0.0826504421559313 -0.0304196705428208 -0.0433735544404881
-0.0298430235463271 0.0266452162851736 0.0181949282557433 -0.135382238441614
-0.0135260533676553 0.0419618352726127 0.0488906187623684 -0.0994663285524218
0.0175420579936689 0.031757900835286 0.0425445769005286 -0.100528850788326
0.028590991847779 -0.00168710699513686 -0.00416532473226472 -0.0908854675140027
0.0132550339837734 -0.0222608435354809 -0.0453491197495582 -0.0661316544171818
-0.00413616941430895 -0.0276109442919378 -0.0706674665145989 -0.0283053806123012
-0.0196235600013061 -0.0178680259468439 -0.0655457028674584 -0.00572799191972065
-0.0255675019206745 -0.0109827626447853 -0.0470308725066797 -0.0124323439173763
-0.0258447396721669 -0.0122607598571576 -0.039491387280409 -0.0372819227080713
-0.0236184826075585 -0.026538579241645 -0.0148562913478363 -0.064402737582049
-0.00383182964137842 -0.0402518228996592 0.031574277540278 -0.0757533546942168
0.0283447947600966 -0.036316205925794 0.0784434679147467 -0.0306791560217699
0.0524194132965153 0.00957021426527481 0.053822921711744 0.0287504266907512
0.0175630412406458 0.051795976537165 -0.0136238213711158 0.0385919489142229
-0.0173524663857807 0.0450647332747725 -0.0217442689667762 -0.0614135193193455
0.0285136004073641 -0.000777774570567412 0.0273301990286221 0.0790522233055318
0.00201166505689089 -0.0249258926514854 0.0391766810989914 -0.0384912826053951
-0.0194818518812314 -0.0139492411602275 -0.0564588240472187 -0.0463273429580653
-0.0138179973653059 0.0127611406102801 -0.0933732455328524 0.0273742516953051
0.00182847434201058 0.012449906724665 -0.0415822261286462 0.0949691193073878
0.0047511411063808 0.00719021835527139 0.0267009743221577 0.0817855627159386
0.0071116152290129 0.00462032250907824 0.0514870758627921 0.0430451565730483
0.00271768681597656 0.00354358935403988 0.0597773404607776 0.0186118394395043
-0.000609020274462009 0.00549121096641045 0.0693836382591169 0.00635806091436854
-0.00747602052886346 0.00288017796518521 0.0765691296791552 0.0235680291166644
-0.00588769972574241 -0.00556324570263933 0.057770891696207 0.0591676154582597
-0.00160921681686171 -0.0102439889679959 0.00979321241331994 0.0861279576746213
0.0173644867061415 -0.0151613257304813 -0.0309620279793256 0.104317561422053
0.0304830380969321 0.00218322160082524 -0.0543248007398643 0.109373169527171
0.0280550168477498 0.03090142012644 -0.0241971762006344 0.147197554501164
0.0332837653048284 0.0442138224641037 0.0192019587449874 0.0771297626341141
0.0311538209208819 0.000671728064554488 0.0432925483096417 -0.0371015229667842
0.012855032330524 -0.015382650834586 -0.0505527490069353 -0.0585144229123794
-0.000620591697745038 -0.0112971852675047 -0.102354728448702 0.0159961215012339
-0.0015300240224957 -0.013968829962323 -0.0519729170777641 0.0918784870799616
-0.0114762749630959 -0.0113053175981198 0.0180728619632614 0.084902592754716
-0.0138878475188961 -0.00274493143484829 0.0471540131928337 0.0469626659604208
-0.0178952040073146 -0.00308886861340156 0.0561223554812551 0.0191157168549622
-0.0210919900707016 -0.00392078582966669 0.0649520137110429 0.0015408291215262
-0.0258606459576409 -0.02140017634256 0.0757839882889026 0.0118152106048461
-0.00437933623986768 -0.0389962279874477 0.068215719127864 0.0436618525066729
0.0232603541379267 -0.033403070881053 0.0306999665157461 0.0766193411649972
0.0580767125623131 -0.00559670322404417 -0.012591578903763 0.103578508087586
0.0590433590553097 0.0454249989707505 -0.0418838160431456 0.106005974064014
0.0339441819002212 0.0848932137810089 -0.0214700953522801 0.128016001943282
0.0273809089898253 0.0866847511854986 0.0117742073616201 0.0590273795980834
0.0545569741839697 0.0367421594406032 0.0478767475483889 -0.0423956710565624
0.0497021355378611 -0.00559182425410249 -0.0395617729012004 -0.0765508475699696
0.0217335132274997 -0.0333728635042413 -0.106976705493893 -0.00429251095661883
-0.000568373909800096 -0.0420749877374388 -0.0640634268140888 0.0779080579987628
-0.0249941659092777 -0.0329795206887697 0.00227412544717578 0.0797000569259485
-0.0325788876615993 -0.0129176259290046 0.0342751104152445 0.0469915804560246
-0.036813433259375 -0.00868650005031044 0.0438362913927125 0.017683651881093
-0.037835995218562 -0.0105445779824503 0.0520086632094034 -0.0054357738710604
-0.0423666479425053 -0.0380149965866085 0.0654478344149706 -0.00670354442347818
-0.0105847871647346 -0.0651457626710519 0.0740289189339396 0.0171391467744199
0.0336045631589684 -0.0607889993797443 0.0557030235903973 0.0562878832966278
0.0913394941752818 -0.0139253405117354 0.013854777859649 0.0964525244573559
0.0893116425220034 0.0688874486726689 -0.0285356024029983 0.0990046566529789
0.0440559368643151 0.120963072359058 -0.0201145953741841 0.0968514332042211
0.0129307308816937 0.118022040569181 0.00728438364213793 0.0252929459370986
0.0653534110696855 0.0761025858339446 0.0511739885034495 -0.0538371581794954
0.0818696518616669 0.0149485244313591 -0.0214325943290911 -0.0956306422082387
0.0497416108720216 -0.0468815497900908 -0.10100197251808 -0.033668185203508
0.00650510489863355 -0.0661889222884572 -0.0732846280377552 0.0508886952783158
-0.03347696605347 -0.0529138120968802 -0.0178486384470583 0.0644510010692374
-0.0469425101183763 -0.0224216848177934 0.0130128226663608 0.0416995664131812
-0.0502867678610976 -0.0128587021999054 0.0253700832525873 0.0138127332257205
-0.0487271492195997 -0.0136777575714696 0.0323190890737981 -0.0125513648087322
-0.0538089600660824 -0.0452725908835072 0.048195193130324 -0.0251772028606319
-0.0199264735353832 -0.0794709413506829 0.0700496015397005 -0.0132773421380777
0.0314987048506619 -0.0806122218918379 0.0741048653935862 0.0274691608003617
0.108232478011291 -0.028988931767348 0.0371972474500978 0.0793937599766514
0.108863800290584 0.0734927406767028 -0.0188413824350003 0.088618883901544
0.0516952297031597 0.136989339287088 -0.0233139616987908 0.0580317641292927
-0.00536176981438676 0.12890739809928 0.00770108374451602 -0.0216096782657052
0.0589794013620073 0.104688661675109 0.0522981093885715 -0.0695131771531263
0.0963943857821955 0.0397264042981568 0.000922408687149326 -0.109375458503241
0.0720994041927411 -0.0460593230066855 -0.0799099449447166 -0.062593224813828
0.0166343913719201 -0.077485893474139 -0.0739064645598478 0.013302848402622
-0.0339961615899251 -0.0654478982936169 -0.0388160359515244 0.0387587607747187
-0.0535719060796971 -0.0294450921360873 -0.0115280484729362 0.0313032738059185
-0.0560761536900697 -0.0150691551152417 0.00334517657126019 0.00777626945105049
-0.052174247277042 -0.015198256185618 0.0103170812987439 -0.0199211663612658
-0.056458522129238 -0.0460816146459983 0.027014610807034 -0.0396180140783717
-0.0245788113595536 -0.082063067410627 0.0580090487900341 -0.0386503011634894
0.0271265958607193 -0.0861824197008101 0.0802046668899822 -8.4274149062695E-05
0.107654466508011 -0.0357862098156085 0.0501548462880713 0.0595073123457166
0.107868487715267 0.0703372364217094 -0.0158008504199706 0.0747623238212393
0.0487363293864547 0.132189111355271 -0.0295541015644432 0.0191154785534921
-0.0210058574535153 0.114710425477772 0.0115589383564021 -0.0704191625523567
0.036898576239489 0.108759632691347 0.0530757138002776 -0.0854316128316615
0.0846608933681345 0.0555300165943488 0.0230454673860289 -0.112926808940378
0.0756710385767995 -0.0330456009773666 -0.0493440522100387 -0.0829541348366466
0.0230837734376389 -0.071646877281978 -0.0655525554651782 -0.0250417256278354
-0.0275198820713135 -0.0647544098746198 -0.0555344214492614 0.0105088699471069
-0.0506976265372765 -0.0309403079959921 -0.0351887702774545 0.0176139611630619
-0.0537219508242111 -0.0152746679874898 -0.0179515565491196 0.00079240095418687
-0.0492507436683189 -0.015278226989593 -0.0116673943420694 -0.0261241672976361
-0.0511334105480692 -0.0424609764677624 0.006833052900847 -0.0501841291410539
-0.0218424591450152 -0.0736278296293656 0.0442812984614283 -0.0572828700844199
0.0257144130310461 -0.0779170409709243 0.0798789290882749 -0.0197073466265393
0.096096331120532 -0.0279523126201021 0.0546138432096114 0.0423767451993485
0.0873697343001215 0.0669647488763628 -0.0152925956720016 0.0612667258410177
0.0328742370846198 0.113678908927338 -0.0335982881104109 -0.0154636715248818
-0.0286707010573083 0.0783174241294947 0.0153873076623508 -0.112317227724079
0.0103843354256546 0.0847001633900008 0.0527085418772009 -0.0968910160703668
0.0540495142946374 0.0517115444990194 0.0381458364331088 -0.108535592967291
0.0581667206559833 -0.0163501883696441 -0.0210507120711045 -0.091667894373934
0.0211245320413263 -0.0507755841228039 -0.0540059835582218 -0.0532170875418599
-0.0174194761233546 -0.0504306898034653 -0.0667312764425036 -0.013443285575226
-0.0385843695842211 -0.0262573880695622 -0.0545275122507496 0.00496931414169231
-0.0431519014418744 -0.0133628526091376 -0.0357141967069364 -0.00577583616351561
-0.03994123457045 -0.0140307126693268 -0.0295056440317645 -0.0310452504039157
-0.03953177650935 -0.0352494034437201 -0.00805531038739381 -0.0578642693672218
-0.0139283386294964 -0.0595516060574966 0.0341811744829337 -0.0693575152678971
0.0276066658387908 -0.0597097658108003 0.0776803100139215 -0.0300587607195357
0.0771472237960552 -0.0106228873617462 0.0548788719615138 0.0320823185330711
0.0554748512512654 0.0619699022012654 -0.015117853016399 0.049045704850826
0.00862458977300867 0.0838567453633376 -0.0318716938925167 -0.0433810459584726
-0.0287222487772926 0.0276525330895049 0.015449027888057 -0.13746854024009
-0.0124863062787761 0.0424735405366652 0.0480918770210282 -0.100488643519739
0.0182243666164329 0.0319159493250866 0.0410525617507689 -0.103196164240495
0.0283561022297821 -0.00206225514579019 -0.00601752084904088 -0.0928272665172809
0.0127588836873187 -0.0226772903157175 -0.0473798583976943 -0.0664765983006944
-0.00540582426649341 -0.0273096892883773 -0.0723177217393898 -0.0257125991008808
-0.0201206403014861 -0.0174422508107245 -0.0662201116931186 -0.00301493547748072
-0.0259363693921544 -0.0100304174211745 -0.0476793973393028 -0.0114010546615131
-0.0258147477462498 -0.0118123355341121 -0.0407062741637496 -0.0363867296622962
-0.0245211071202408 -0.0255143454322736 -0.0165366173695339 -0.0647940987524616
-0.00534349494141466 -0.0406072646737315 0.030569173597601 -0.0774254703890652
0.027721915270831 -0.0374778543995923 0.0783277795566061 -0.0334490149581594
0.0533675268707384 0.00788444901015682 0.0539700006867493 0.0281054924989418
0.0197236047610065 0.052197893429613 -0.0133712614792436 0.0395806004967958
-0.0161501888196141 0.0453594018868676 -0.0236493694708675 -0.0609951041071937
0.0285951661155392 -0.00148282489994362 0.0312713842223205 0.0773253585071391
0.000954289180959351 -0.0245108381137567 0.0363458379337745 -0.0407196227249948
-0.0200338549932457 -0.0126460285243343 -0.0584899456278031 -0.0444890706784393
-0.0131617131167541 0.013166321142488 -0.0924179450744246 0.0306037932739142
0.00254701219858993 0.012311489332123 -0.0360660515269139 0.0967120132671819
0.00469858185673042 0.00708383828661591 0.0299373821391068 0.0802055869871061
0.00686921086396567 0.00425107842870807 0.05231956115122 0.0395705489967898
0.00331405190292772 0.00289932981759575 0.059902868532319 0.0152516669855116
-0.000162625042312252 0.00526256544129922 0.0692121009651607 0.00158482689412526
-0.00748726945910205 0.00311453362844597 0.0777008303229021 0.0191994810633873
-0.00587974925061897 -0.00552474174052827 0.0608885158720609 0.0561021337774598
-0.00190427659686455 -0.0103173954431038 0.0133954675605705 0.0873461756454212
0.0160527595870206 -0.01629868405157 -0.0265802516969724 0.106179167462876
0.0310222398425303 0.000947053099190519 -0.0501584637083007 0.110777516933944
0.0299520930564744 0.029542777864127 -0.0182515481129287 0.148193272752654
0.0354602348825963 0.0424627961566451 0.0226576249595304 0.0760421274173111
0.0311185813843029 -0.000989039268157337 0.0405406950916509 -0.0400086906782325
0.0118169085404489 -0.0157746318265951 -0.0529423797120269 -0.0564529026886763
-0.00111077370590922 -0.0111694384336787 -0.100976811359709 0.0206510360635345
-0.00229914961844366 -0.0137577366462643 -0.0466433249340013 0.0941359945261147
-0.0119643149649968 -0.0105428548285 0.0219218606824324 0.0835113187287882
-0.0138567963689751 -0.00230266673366874 0.049006802934886 0.0439187016760043
-0.018465351352079 -0.00212112406574265 0.0564002595743013 0.0161873175821158
-0.0213429848771002 -0.00304513520645479 0.0640709033501969 -0.00271659552479944
-0.0267517449855013 -0.0202567152680604 0.0760829855864788 0.00722568386715157
-0.00611151315686194 -0.0387091498381773 0.0707448784239252 0.0402772644576929
0.0221383714969001 -0.0339865770361191 0.0334276121585072 0.076284076112199
0.0576779599930715 -0.00834593324100328 -0.00787777808160763 0.104351552880456
0.0611451941707919 0.0430621941576586 -0.038204280805154 0.107457417654844
0.038277841032578 0.0833415180527237 -0.0160955196490172 0.128669532019071
0.0321562298008957 0.0852527482254837 0.0142967529974106 0.0584160057717432
0.0560471107277653 0.0335880306769629 0.0450807012875209 -0.0446665944032149
0.0490063498286481 -0.00817904539343883 -0.0427987623339513 -0.0756940353561572
0.0199650830793049 -0.0343686711740187 -0.106959275077279 0.00039953275835393
-0.00253219765219036 -0.041795682180019 -0.0598340943872337 0.0807380844298998
-0.0269988433098873 -0.0313292888159016 0.00607164737337557 0.079179336528006
-0.0330397992463487 -0.0110766265561384 0.0359904539756116 0.0451458444873407
-0.0370223547645909 -0.00645014290772429 0.0447531746538326 0.0152653106405351
-0.0383943932545897 -0.00924422957372077 0.0509627149809402 -0.00876262977420464
-0.0447521788374027 -0.0353767410634976 0.0649613797124166 -0.0106318496393381
-0.0142979869027473 -0.0645044346638584 0.0754440995480743 0.012882213210121
0.0307829980932294 -0.0618849411743027 0.0580587765258016 0.0542006711900364
0.0904042325518924 -0.0184815630082077 0.0180289163794459 0.0961572760005069
0.0924596063907773 0.0641473793124439 -0.0253407033400515 0.0999571630284455
0.0499362095846671 0.119949382165707 -0.0161722592511252 0.0976239961837566
0.0184417976666415 0.117639995692595 0.00794689476751383 0.0249057650091934
0.0688293025928397 0.0725332266143258 0.0480061186051041 -0.0558695037465048
0.0832663419968888 0.0106284906754728 -0.025963191234222 -0.0959310388847325
0.0471558705313584 -0.0495663755829033 -0.102025643790373 -0.0283868786178358
0.00337918241287039 -0.0663274921958495 -0.0702955224385321 0.0534868734609861
-0.0364019500778492 -0.0508261284684012 -0.014833466799215 0.0648152554576981
-0.0483065985559437 -0.0198440886414012 0.0154033034925851 0.0406325887922452
-0.050409451458736 -0.0102607506803608 0.0264570280530141 0.0123151167367678
-0.0492730745882177 -0.0120960324734246 0.0312818048436784 -0.0152721492521002
-0.0561389150445404 -0.0417948328510994 0.0463174038842095 -0.0283999299309153
-0.0247119621738315 -0.0780734921688395 0.0694056719922804 -0.0176665651082615
0.0273925851023424 -0.0816479232319305 0.0742907072517406 0.0240703004582375
0.105945614287766 -0.034621312483747 0.0407807166359865 0.0786749294312523
0.112208914848528 0.0682661246574504 -0.0159293222001968 0.0894516887050738
0.0586200242154534 0.134859041912325 -0.0211052560409555 0.0595876036599343
0.000909891059251396 0.129093476826271 0.00543921604713447 -0.0214846601101458
0.0636885844915328 0.101179202254866 0.049245997955622 -0.0715069329491308
0.0981351037970131 0.0350975338203253 -0.00343716428653035 -0.110255237949704
0.0696912887575144 -0.0496061174344711 -0.0822925199074316 -0.0589169366334728
0.0126075755011015 -0.0779710135211949 -0.0732006546196291 0.0157265142234827
-0.0377750209990828 -0.0630673954864285 -0.036907807872949 0.0407519127643403
-0.0546736297116873 -0.0263932604348068 -0.0100875698692443 0.0319505369830616
-0.0562926753136597 -0.0118139412963098 0.00400808109060948 0.00793860684244026
-0.0528068329082359 -0.0127174763430729 0.008865649992138 -0.0202556658220645
-0.0587264333638089 -0.0427557711426459 0.0249245664531435 -0.0416427948260002
-0.0289947610722424 -0.0799845990180021 0.0559601416572068 -0.0426813213838385
0.0225083597954998 -0.0873354510750663 0.0796819945212789 -0.0034894668633698
0.105413059592169 -0.0412456272562821 0.052620304378832 0.0582531322160974
0.110734962940166 0.065557232935122 -0.0127417488884134 0.0763850192476992
0.0548929430201487 0.131083627494064 -0.0284175665640466 0.0207066393167378
-0.0152594049221907 0.115624380326903 0.00762932921764015 -0.0706525851612206
0.0416470022214972 0.106690433613326 0.049702479845856 -0.0872927354004821
0.0872998656017464 0.0509306903500727 0.0186323619527885 -0.1149381352383
0.0736944836448366 -0.0366727419783642 -0.0524622788907372 -0.0816184059205273
0.0192104129580845 -0.0725083366026073 -0.0669480024878773 -0.0226942537901523
-0.0313319885277983 -0.0628421807256433 -0.0553314776985614 0.0125677542958046
-0.051609026346581 -0.0278045412769325 -0.0338222651823095 0.0197848483921041
-0.0536277304812201 -0.0119220390333487 -0.0173782846897633 0.0018875775447992
-0.0491768241279086 -0.0128624450529493 -0.0132008668332555 -0.025216548524521
-0.0531183871788993 -0.0391528261136679 0.00461646915852384 -0.0506106650286908
-0.0261293341360298 -0.0724026490328382 0.0417697124706112 -0.0603541888565892
0.0217342727319656 -0.0787340043427031 0.0781978251935055 -0.0234943785744438
0.0941871743721072 -0.0331037221190259 0.0564320635678343 0.0410501767953778
0.0908550629376276 0.0624801019855527 -0.0130156188069046 0.0625661537206902
0.038286345794626 0.112736684501685 -0.0341340121845619 -0.0140006658065142
-0.0243549272951173 0.0793415340641791 0.010121814244806 -0.112402171818428
0.0139555112648797 0.0836267231854156 0.0485171425909715 -0.0982147098281267
0.0565903448090066 0.0488569401991951 0.0335591942354611 -0.111051777890281
0.0571243705846065 -0.0188918787578735 -0.0239701756589681 -0.0913481940433073
0.0182707937657894 -0.0513120570246487 -0.0571405032530105 -0.051810960578322
-0.020154768181069 -0.0490741171358003 -0.0675282969180306 -0.010038138588925
-0.0400673643692796 -0.0241887190445222 -0.0533407083987252 0.00785885511909259
-0.043007546006899 -0.010297760103573 -0.0352722287487044 -0.0035226487046711
-0.0405634735854823 -0.0119505302394663 -0.0314558519738357 -0.0293946336088112
-0.041422943971153 -0.0335341921811187 -0.0109274625731348 -0.0578225745204804
-0.0165743123289819 -0.0583251139578866 0.030801784074394 -0.0718132822420862
0.0241271701096235 -0.0604084224911524 0.0759436113453051 -0.0335971534509057
0.0760813563699702 -0.0143213158013749 0.0559247323679513 0.0301481217884566
0.0585978911626964 0.0596050768707112 -0.0124954245091845 0.0501580680858796
0.0127401112696108 0.0843657831959985 -0.0338512280631279 -0.0414523682727278
-0.0273153835615609 0.0288347998614106 0.0097960221629042 -0.137435352287239
-0.0104427232656432 0.0433945596346938 0.0441072586344643 -0.10226072521532
0.0197955613098649 0.0308064796228423 0.036985452065246 -0.105161101581635
0.0280881636563066 -0.00355023835431655 -0.00941019327738018 -0.092906631148463
0.0117421915135606 -0.0230347921681901 -0.0512741532136265 -0.0650148878910294
-0.00661695978185928 -0.027094525911308 -0.0734524421890676 -0.021938451326919
-0.0213815635340903 -0.0161895564018651 -0.0652179748304942 0.000454656038920693
-0.0263320196899179 -0.00807692766676632 -0.0478728906379288 -0.00866859667089256
-0.0266279346379754 -0.00990764670939699 -0.0427604904247335 -0.0337190971561245
-0.0264866092179176 -0.0243420147266718 -0.0198274722112838 -0.0636353972575059
-0.00701118705562647 -0.0403346447060022 0.0264229435439805 -0.0794422444921599
0.0258980322536816 -0.0388430100545818 0.0759702201469524 -0.0373185550710332
0.053243679838315 0.00512950554998624 0.0554292558081772 0.026315518630793
0.0225052008434645 0.0510899304541475 -0.0109214746868371 0.0406586229485403
-0.0145645669909534 0.0468306906360433 -0.0260160105258113 -0.0595458907489995
0.0277663832772445 -0.00328442693496865 0.0340085487779799 0.0732304953879269
-0.000259595140589968 -0.0235045338107789 0.0330754514991905 -0.0412435124063804
-0.0202045920257243 -0.011348888513812 -0.0593154795151031 -0.0403536891505397
-0.0117713039572454 0.0139367415848179 -0.088191644138189 0.0330692363160856
0.00350835377458919 0.0118869896839618 -0.0301533685156158 0.0957917251420904
0.00526501510613936 0.0067085941743491 0.0329263247740202 0.0756936031066307
0.00644839700055167 0.00374249296686953 0.0520568797096372 0.0354273699105128
0.00258497977621056 0.00257550100176061 0.0586090336868357 0.0108734669013864
4.04686520777196E-05 0.00490809671267147 0.0666486538032409 -0.00244017286536898
-0.00697278747684629 0.00303999286326491 0.0762198170600386 0.0137044059946058
-0.00618398682568621 -0.00497001264788391 0.0624727525829566 0.0515923386552569
-0.00201627245667401 -0.00901952458877602 0.0167197736409462 0.0847020126174566
0.014761118650658 -0.0163346047665995 -0.0201846379771659 0.104371584501346
0.0300488089672138 -0.000533306941547614 -0.044654799464443 0.109193723370407
0.0310469333376983 0.0272600995129347 -0.0115816042274688 0.144617207434795
0.0368427520157448 0.0392537401509789 0.0257209507714507 0.0729839957050457
0.0300799919247771 -0.00250944183479376 0.0368733009151997 -0.0403400678761237
0.010453326607305 -0.0157716856282351 -0.0542746953064126 -0.0531927366248771
-0.00204568589675542 -0.0106256889982182 -0.0963523699126115 0.0237355489179463
-0.00280038894406933 -0.0129719552202375 -0.0403658853921358 0.0932975752699409
-0.0126237621731652 -0.00971309909546104 0.0255491463974069 0.0787976619823751
-0.0137004899356985 -0.00154666330796476 0.0488059170197833 0.0389836022373387
-0.0176518958615919 -0.00107410066556126 0.0553771348116565 0.01211701134498
-0.0204831701157914 -0.00206340311628614 0.0617141822497514 -0.00642128104534041
-0.0269615507570405 -0.017800019316718 0.0738760460388904 0.00168141648488903
-0.0083978599736416 -0.0366436866403246 0.0709227019363517 0.0348450488988187
0.0199169849302331 -0.0339951554854136 0.0355305550663247 0.0733905468925859
0.0554398965822864 -0.0112522177706966 -0.00300078481103171 0.102342028474327
0.0611982276538996 0.0385624357241208 -0.0331638967940313 0.105264139702396
0.0417596076267837 0.079822891225757 -0.0101976890056227 0.125683922251609
0.0356126046009064 0.0813718249444902 0.0164699795942022 0.0563280556060979
0.0557726608518793 0.029855796882934 0.0416642414361682 -0.0453521058172922
0.0469292008570854 -0.0103931465113112 -0.0451063985212159 -0.0723892742051899
0.0178732007893629 -0.0339044304993498 -0.103193448530359 0.004358234764997
-0.00480718250884254 -0.0402158357384541 -0.0544321722918266 0.0808691673195407
-0.0277561965928269 -0.0283754637363353 0.0097618872536389 0.0754560366467911
-0.0327919911588065 -0.00890657613893856 0.0365976413569745 0.0406671369442212
-0.035813018134856 -0.00424200981013256 0.0437196154141165 0.0122256309443224
-0.0372405155310234 -0.0066218175117383 0.04761838793106 -0.0122427018762424
-0.0451876354816345 -0.0311877536971632 0.0620437625506369 -0.0146712753101555
-0.0178901344603302 -0.0615338652879892 0.0742913394890984 0.00850882216554916
0.0263529646380378 -0.0608328393861275 0.0582273509652133 0.0505207507211085
0.086484976072799 -0.0221592205197335 0.0216953712136785 0.0930295482021111
0.0931768167821889 0.0578890899395755 -0.0208454007031051 0.0981045783036947
0.0549884391156621 0.114135570487897 -0.0113536752200344 0.0954328631158075
0.0243251453583543 0.113388144105653 0.00891922583344723 0.0242142292047942
0.0703330665247768 0.0662663421688422 0.0438696717826819 -0.0564605784824777
0.0804872623291581 0.00596251652967097 -0.0296245965427149 -0.0927768690960426
0.0432085756564346 -0.0498979084680792 -0.0998598456874642 -0.0239700992710572
-0.000605103682880182 -0.0637519958728209 -0.0658429426818985 0.0548340199436875
-0.0382464338990726 -0.0467643360658585 -0.0110709814093878 0.0630728023910679
-0.0474445904114697 -0.0164153148715109 0.0167487794137397 0.0389122807887266
-0.0490978366616097 -0.00680722546396911 0.025827907654066 0.0104503375748604
-0.0473888947742354 -0.0092861720106669 0.0287297419593083 -0.01675734214831
-0.0566035717009626 -0.0373129922730278 0.0440594227025766 -0.0300390874938858
-0.0280124288119332 -0.0743693515049263 0.0668119643318754 -0.0213506836250199
0.0226973267224608 -0.0805455523571616 0.0727381206484906 0.0205386959450298
0.100985607570121 -0.0389327708226384 0.0426276328608176 0.0751408953170305
0.112833162384893 0.0604922055082879 -0.0123649342194639 0.0876160207436753
0.0631561034204962 0.128562662752889 -0.0180071340635165 0.0587373720015252
0.00746910957119773 0.12514366846286 0.00429571447934822 -0.0206994578482065
0.066595194030841 0.0948638117057529 0.0444755855704551 -0.0713440272268039
0.0969347949295331 0.0284959493283214 -0.00816669595420151 -0.107743731074139
0.0650944550908958 -0.0513873253708979 -0.0819425046013433 -0.0538820268129879
0.00740013126099808 -0.0767311069853809 -0.0701700738326665 0.0178469660982137
-0.0399997870248209 -0.0586031909888347 -0.0340802350287516 0.0411191458902715
-0.0544617301991024 -0.0226458428264933 -0.00762203142590905 0.0311096185560823
-0.0547781832686403 -0.00834534355026023 0.00475671738205942 0.00707497052068965
-0.0511797442209588 -0.00954705316905981 0.00676018980397814 -0.0206854058378559
-0.0592580333474622 -0.0382522331791419 0.021942932390703 -0.0420430222944106
-0.0328616774726467 -0.0762546442779214 0.0524104443989594 -0.0452033336499821
0.0170691851318122 -0.0853057171323099 0.0769765219682166 -0.00649956127660464
0.0993937821680507 -0.0453717861499737 0.0533483181963994 0.055349705591049
0.110898224086652 0.0583489029194414 -0.00965992566007172 0.0750447592784625
0.059545398320307 0.125526031986943 -0.0266325812141971 0.0216242755118111
-0.00905444713836126 0.112659297211589 0.00431819572939341 -0.0684475743944722
0.0452810482090002 0.101205046728036 0.0445505541530271 -0.086182642597323
0.0869270909530208 0.0454295109963189 0.0133447144440296 -0.113145911769569
0.06977405111426 -0.0387872424028984 -0.0541334944244546 -0.0770278508805705
0.0142118353901768 -0.0711200213179193 -0.066001296352934 -0.0203035414538074
-0.0336853386419797 -0.0585975797593917 -0.0527953463738525 0.0154944211894961
-0.0522571092717727 -0.0243965331037053 -0.0320226150096655 0.0211327369973738
-0.0524062091151128 -0.00799007941080809 -0.0165249660474855 0.00283314957170505
-0.048141623065981 -0.00987926962597403 -0.0144144406789431 -0.0236875824560246
-0.0533800829395091 -0.0350064369238685 0.00154398589462313 -0.0493994601045644
-0.0293820172713399 -0.0685387363030307 0.0375391444390154 -0.0614283351781475
0.0172051066494352 -0.0768954179509594 0.074085991549599 -0.0260780503623041
0.088924670946521 -0.0371011822917988 0.0558842246989155 0.0382744789414775
0.0910210932542064 0.0564642540445535 -0.00968206258085156 0.061960931144549
0.0422852255930634 0.108254727983851 -0.0336668536413436 -0.0117271075251729
-0.0194206969601014 0.0779786928295507 0.00468393324756657 -0.109167590682251
0.0177711215739978 0.0800919877955773 0.0430180918032155 -0.0969068824659476
0.0572224448559174 0.0444565803363927 0.028217715968703 -0.109521874941064
0.054355358353945 -0.0210797502637271 -0.0269353039032733 -0.0878125701024382
0.0147480821219661 -0.0506261845753053 -0.0581925118319956 -0.0485722345465011
-0.0222982088231122 -0.0458753099483574 -0.0659399064330302 -0.00639261672984019
-0.0397804132304169 -0.0209371025184641 -0.0514547261115882 0.0109893196555248
-0.0417539662960819 -0.00774790913541975 -0.0339163976562775 -0.00132586281531457
-0.0395498810845192 -0.00941874406295621 -0.0316530053417383 -0.0268138024809375
-0.0418001552707443 -0.0293927782560671 -0.0134916358521763 -0.0555652768957329
-0.0194495294741266 -0.0557399850341994 0.0265055010570313 -0.071931656511301
0.0202847800720421 -0.0596019788560079 0.0714348972295558 -0.0363928363447187
0.0723876068792969 -0.0177549421507572 0.0550435738098689 0.0277496431789226
0.0600353341905921 0.0545204599963972 -0.0101825014169212 0.0499404554268756
0.0164449683777339 0.0812004224072542 -0.0347867984764174 -0.038239083222032
-0.0249057703883653 0.0294594039544141 0.00315849520309195 -0.133203591332449
-0.00784135196707645 0.0423543147544802 0.0393076279646616 -0.100363158580206
0.0206170986775028 0.0287963880367648 0.0316053886829786 -0.10393237794239
0.0265904263867858 -0.00485352766126963 -0.0125428732732208 -0.0905744890371603
0.00972492861696276 -0.0234460354963457 -0.0536460077386345 -0.0615545305503208
-0.0080109113551306 -0.0254998323671588 -0.0726969406991198 -0.0173053110743532
-0.0210917075247098 -0.0145422528684514 -0.0633402319435604 0.00424632441680522
-0.0252110921310721 -0.00626143730575133 -0.0458967798942868 -0.00574612065059303
-0.0260514294072176 -0.00818627864795036 -0.043067793759605 -0.0301880955805973
-0.0266040437497511 -0.0216117342360234 -0.0218433709525048 -0.0606682245475187
-0.00863428327827222 -0.0385871485816874 0.0218355859749391 -0.0786605709794004
0.0225380440123995 -0.0384222489389051 0.0722821248296196 -0.0394584382884024
0.0513809195255742 0.00241545207637086 0.0545764781258202 0.023959879827108
0.0247847012650783 0.0486166015323769 -0.00890726109979417 0.0410832622981558
-0.0114476581018367 0.046805582689865 -0.0285158512031848 -0.0562749452705289
0.0270833674067348 -0.00593183269255787 0.0382633296999441 0.0657798961834847
-0.00266063630281541 -0.0227551029717148 0.0257131667466305 -0.0417483900433004
-0.0211666887435104 -0.00822549300744119 -0.0600655885165366 -0.0310977568462663
-0.00996376843752741 0.0140160349266206 -0.0778979384959464 0.0423381750261987
0.00422938368592324 0.010614554457204 -0.0161493887308816 0.0931370864969543
0.00609479215459148 0.00508767176269418 0.0397304631852925 0.0671592667298167
0.00719594354679525 0.00261312097175241 0.0526340697254619 0.0274047960566297
0.00275128649171136 0.00188349682505805 0.0553742492165873 0.00313731362744606
0.000402867021144928 0.00411929280273205 0.0616151300009083 -0.0104148640945593
-0.00667224734060682 0.00313480850055291 0.0732387834649694 0.00279651871644472
-0.00631600983575733 -0.00476199699352488 0.0642356521484999 0.042086928360601
-0.00244546931445352 -0.00893762411624483 0.0253908408907434 0.0796755670572648
0.0121624487704704 -0.0169802455442944 -0.00774563567924037 0.0997716758355773
0.0288395115033919 -0.00408682803985315 -0.0285523068902477 0.106667512377442
0.0342569607496676 0.0216596153902545 0.00634416938127349 0.139213605117381
0.0416798406749023 0.0340618980973499 0.0289835668650073 0.0631821520622918
0.027521500600514 -0.00579317054844629 0.0288915468902311 -0.0418955197622323
0.00713747954096211 -0.0163191012000711 -0.058143943486839 -0.0437658608397902
-0.00293983225550354 -0.0093782115923036 -0.088258111969888 0.0351678922545358
-0.00453220455674747 -0.0115449946789412 -0.0266409961142132 0.0934358081478164
-0.0124507583397185 -0.0074332631142987 0.033284751628326 0.0726512369948049
-0.0125695782122647 0.000250171130113665 0.0505671329063012 0.0327543126096954
-0.0167139664959544 0.00111051308054012 0.0524443124718437 0.00435989566782908
-0.0192221139045578 -0.000159531983840777 0.0552292947429769 -0.0135170527957848
-0.0277078223516031 -0.0131224686419794 0.0686967400390612 -0.00762430103561498
-0.0131109459110507 -0.0337568515118522 0.0703991382006436 0.0246136069335182
0.0151233202780482 -0.0341583492173427 0.0415174072174796 0.0657744386837348
0.0505706463006762 -0.0176457811069642 0.00960765416587361 0.0957830855971274
0.062291661369857 0.0284751775841935 -0.0163388894108302 0.102358904530266
0.0501417228751597 0.0679662965841767 0.00595433345848826 0.122620439825222
0.0452239633475005 0.0741339478788598 0.0178146356607389 0.0456084244073537
0.0556063184910073 0.0220548819959728 0.03108630402985 -0.0482717317581293
0.0418377289219471 -0.0152104831520403 -0.0535849853472884 -0.0637776760740711
0.012510717036383 -0.0330507322254001 -0.0975370079224193 0.0184265420283918
-0.00947180484877711 -0.0370960944381897 -0.0412186905129452 0.0840429494730715
-0.0291193759545572 -0.0234230647230602 0.0181643946701007 0.0719995054473441
-0.0311818257146359 -0.00435890245966096 0.0391939384323116 0.0354171562188965
-0.0342786230551721 6.04562659960455E-05 0.0421361399903292 0.00572533418178673
-0.0353706400872393 -0.00261567946379778 0.0422613382692835 -0.0166205104698035
-0.045513426722969 -0.0236653047820695 0.0549191775053777 -0.021522142355348
-0.0250550530529609 -0.0553151223871529 0.0687733230734419 -0.00131338917741197
0.0182846433695918 -0.0601358549999705 0.0595252301223844 0.0409073446342176
0.0774446147710208 -0.0325823879188254 0.031934686865482 0.0834059710666295
0.0936420710476741 0.0421814126031664 -0.00331243386212636 0.0947926503965819
0.0664978265577847 0.0988817063050864 0.00139125083207803 0.095074458903791
0.0391935929719297 0.106404562910265 0.00724278345650828 0.0133249575068038
0.0728349778984803 0.0550118143244374 0.0325598762622388 -0.0597141937091379
0.0761631144537493 -0.00398736851101894 -0.042479701229421 -0.0865022558229609
0.0350472044045007 -0.0510211631834824 -0.0987940768863081 -0.00888972088340526
-0.0085314382781273 -0.06039880942333 -0.0569214781789353 0.0618540298186947
-0.0409257479376214 -0.0392978593546169 -0.00376101979285784 0.0631771997023671
-0.045470386691282 -0.0100060641798773 0.0197752658574003 0.035819534660439
-0.0463111389055845 -0.00101102241666427 0.025414128752218 0.00632455111035483
-0.0455708999128325 -0.00307888666480421 0.0234533745684436 -0.0187598294213791
-0.0572341286412155 -0.0274611640480411 0.0355005120257585 -0.0341741179802783
-0.0363210210349967 -0.0656831312169482 0.0586744829932881 -0.0282514884810761
0.0116043111094217 -0.078018204305278 0.0694906317310302 0.0104191000530368
0.0887580449155642 -0.0502473324178892 0.0496590209852329 0.0637651663253871
0.11143232697923 0.0425416993998237 0.00353241752839427 0.0835989512155583
0.0758601352399679 0.111428766971671 -0.00920187221852934 0.0619634644182375
0.023959461666701 0.120008036952593 -0.00105400476591752 -0.0301600271344573
0.0722534274966206 0.0816497587246766 0.0313518714955276 -0.0745505989359163
0.093924697331902 0.0152959686106963 -0.0250134214151085 -0.104121772848788
0.0551372246410495 -0.0548933046482698 -0.0871889953254226 -0.0403901595121917
-0.00162774397344533 -0.0726763257130675 -0.0667180806931454 0.0276972857225976
-0.0439490049217774 -0.050083047022034 -0.0280090067456211 0.045215326019094
-0.0531253338427382 -0.0146158022208353 -0.00501981238673508 0.0321849076114279
-0.0516243590771675 -0.00181179481689425 0.00495872723954619 0.00614283422591588
-0.049237290911523 -0.00361706174856332 0.00273354741104812 -0.019930890912754
-0.0594647085162604 -0.027919555029365 0.0134731852534297 -0.0421549463931558
-0.0405298715922302 -0.0662928808198428 0.0419996474425282 -0.0489622075262317
0.0059328450367184 -0.0816521847793306 0.0694146296780066 -0.0160174222925424
0.0866962452617273 -0.0564640634025471 0.0573004482137763 0.0431360576740011
0.109576101717466 0.0402722753062425 0.00538016066918024 0.0722341532059595
0.0711078162543781 0.108346822624675 -0.0218182849911214 0.0277168332048959
0.00578210028014452 0.109345565173193 -0.0049466383182549 -0.0748039567553049
0.0532917897360794 0.0899558552301328 0.0302898341136341 -0.0894371411063344
0.0866807184173337 0.0323014471777187 -0.00371446330813347 -0.111968354536029
0.0613987908916827 -0.0438586502570846 -0.0631675991009385 -0.0668399062922391
0.00509945001812153 -0.0683173310535441 -0.0676972184209243 -0.00913340519901268
-0.0382727709685596 -0.0510263143198958 -0.0492017933636096 0.023283308258714
-0.0508721011634024 -0.0164533766054293 -0.0284828614112473 0.0255796979375016
-0.0496611407367796 -0.00137722397519916 -0.0149736515902526 0.00430782445940687
-0.0466327290942608 -0.0042104688498319 -0.0173251121737361 -0.0199026586453693
-0.0536400690284979 -0.025888350249059 -0.00618371409855056 -0.0465239242501709
-0.0360001829463532 -0.0600862477839155 0.0262059598952575 -0.0622907402184712
0.00619747423981572 -0.0732004714407724 0.0651651047341047 -0.0344055923481964
0.0773026202678204 -0.0463031943667189 0.0585933745946268 0.0273761832328405
0.0912790819810602 0.0405142779175015 0.00299001838002776 0.0601948901485324
0.0528208782176797 0.0953107300804772 -0.0324598943817225 -0.00334367507261054
-0.00929565489488466 0.0773349354044851 -0.00719723611175688 -0.110518893350679
0.0247264358056364 0.0734351226457934 0.0293641196183052 -0.0982066032213025
0.0587405640434546 0.0348429165978724 0.0114494109583666 -0.110460955197986
0.0486463952646843 -0.0253109557201307 -0.0382469910129666 -0.0810412563176146
0.0081220023982526 -0.0493553811980785 -0.0634482362319034 -0.0380186765666366
-0.0263487839215737 -0.0404074880388286 -0.06411669857774 0.00405012320239206
-0.0394310651625218 -0.0153612009870957 -0.0476893829688399 0.0177307764084619
-0.0393412042277834 -0.00214108899292951 -0.0322178557118354 0.00246250601285435
-0.038189231891385 -0.00354247879665456 -0.0337783302232598 -0.0213134138045928
-0.042022261008092 -0.0221080320567242 -0.020029982534878 -0.0505671922665372
-0.0251968155736777 -0.0493646448663391 0.0149989533054012 -0.0706434211381739
0.0114190406360864 -0.0575248196678683 0.0625422024815901 -0.0438116814056734
0.0642871158985743 -0.0267102997223546 0.0562929372255895 0.0183521667795318
0.0626657548461662 0.0429571630072709 0.000623037243219721 0.0497176874638327
0.0254788057361957 0.0738583602552596 -0.0367524415586189 -0.0294865828683694
-0.0205778449620136 0.0309278178688505 -0.00994403956922767 -0.129845961328674
-0.00305478640924228 0.0403852876968275 0.0270199971292153 -0.100730002703435
0.0223021176150352 0.0240777593335622 0.0177413448765023 -0.104187821100403
0.0241062009237415 -0.00671482155748535 -0.0246170655622981 -0.0851002710245852
0.00685057634508394 -0.0228562461779399 -0.0600182116600052 -0.0516191249924347
-0.0108154438381519 -0.0230647926847618 -0.0714316198566213 -0.00655422749665591
-0.021756544976395 -0.0106791130522388 -0.0598622106792609 0.0128991186807874
-0.0238291407904555 -0.00248474311296487 -0.0437736897387267 -0.000447433038612872
-0.0255260112990489 -0.00415102135397565 -0.0438043901010925 -0.0235827158518689
-0.0273725344505679 -0.0157730318037506 -0.0284284438318134 -0.0548454410825355
-0.0134355086013347 -0.0343718770396406 0.0105768111986449 -0.0768101520951358
0.0156911873232718 -0.0384885900248392 0.0634299362907473 -0.0464776787141548
0.0476115538617905 -0.00495921540443465 0.0558896301913197 0.015994025965449
0.0290172109383002 0.0415569656976278 -0.00110749512394778 0.0410133563103355
-0.00540158898561178 0.0444063138212881 -0.0338959024049157 -0.0478672479468131
0.0260513307558114 -0.00571725525176027 0.0358940238306776 0.0626272326275315
-0.0023745576112505 -0.0213509949335015 0.0251371194062002 -0.03894022038773
-0.0203572937090144 -0.00772851114964217 -0.0566115601410688 -0.0300854079644313
-0.00976018063986939 0.0134284346646498 -0.0755172427456702 0.0386160070064588
0.00374794056190211 0.00982574050931378 -0.015844795327502 0.08833563780277
0.00568163907148343 0.00531578423885144 0.0367926436685995 0.0636830744689621
0.00634774299264564 0.00300250372925646 0.0489183984270976 0.0272192249463129
0.00247117284699445 0.00179726900268754 0.0527410699616794 0.00340512438858121
-7.44131757493519E-05 0.00354171841467565 0.0578526569501191 -0.00938745497653772
-0.00613983231627981 0.00317800505258026 0.0696783381783922 0.00269888559832052
-0.00640785630045767 -0.00475262082161598 0.0608735234239937 0.0405332016933691
-0.00124616027755155 -0.00864319414871483 0.0233680936024116 0.0767527160404279
0.0113441785365706 -0.016133081145823 -0.00914520154954269 0.094721226440749
0.0275668587763277 -0.00301997441773261 -0.0297800067734789 0.10109237416117
0.0323762434651411 0.0204547195278597 0.00403111747686041 0.132486182352685
0.0396490902775744 0.0325328212170682 0.0271971267360841 0.0608375985467948
0.0260690034112452 -0.00530270302780791 0.0276699650295945 -0.0393906528011647
0.00676374298015332 -0.0153723198981206 -0.0548114540407577 -0.0429754294743822
-0.00300808408475771 -0.00862520935517107 -0.0842820978715439 0.0316901897684338
-0.0042059476271925 -0.0112954596723278 -0.0264217584011672 0.0879859758491527
-0.0118053984176483 -0.00724211284604868 0.0300902524574436 0.0683547673878116
-0.0117149933765036 0.000321206980170169 0.0468951711417042 0.0310846051884084
-0.0156866150075171 0.000679123508072425 0.0492684192571199 0.00425448647299026
-0.0185440723736151 -0.000181900816683347 0.0522687329725228 -0.0123401152231664
-0.0258047790333821 -0.0130966648238956 0.0650937282261438 -0.0072626717943233
-0.0123231332485665 -0.0323152131757463 0.0663470261536337 0.0239779972701786
0.0149415266191645 -0.0321983427037077 0.0392193134546709 0.0642074284605956
0.0478887670740048 -0.0162254442018014 0.00760292049322171 0.0912453479184292
0.0589493378271516 0.0274230159728363 -0.0177710286154647 0.0970431412682629
0.0463947322092865 0.0652525767199533 0.00397029468971075 0.117066994457249
0.0426209779917881 0.0705027047691244 0.016665966284561 0.0437616351303459
0.0521854200968609 0.0212513121480443 0.0302177295953146 -0.0451368810477517
0.0396809029637657 -0.0143095955566122 -0.0502269049182101 -0.0615540503506115
0.0121554129721246 -0.0308328310544805 -0.0930871806663451 0.0152839577768967
-0.00905747734460596 -0.0351877096775368 -0.0405737453780997 0.0786152406605722
-0.0272083103116593 -0.0220159794708614 0.0158936622000903 0.0679404573643059
-0.0293292103636975 -0.00460377337278818 0.0364986134244319 0.0341340523315581
-0.0323711048455892 -0.000516073317480857 0.039350210805112 0.00534086272458063
-0.0335496744093358 -0.00307347024724287 0.0393195662254727 -0.0153644158701197
-0.0433637968304897 -0.0228623089228064 0.052163343935341 -0.0208367768760038
-0.023521185021901 -0.052309759355706 0.0656329374494802 -0.0009211066990726
0.0175256759882558 -0.0571277658058962 0.0561399974751892 0.0410200871336813
0.0735494575757543 -0.029920762076296 0.0291636010716464 0.0799806418341521
0.0885212786415202 0.0413838671999405 -0.00579692636494533 0.0903155719697578
0.0625695106178703 0.0947085471671772 -0.000573708882746588 0.0909150295379532
0.0357586883290763 0.100867105483113 0.00710085295289928 0.0137921579165424
0.0678867250733581 0.0526201097421055 0.0319878474442446 -0.055459330651499
0.0715568695219725 -0.00314837481097709 -0.0392432950742475 -0.0831232339286617
0.0334386019561215 -0.0478792359037226 -0.093765398357055 -0.010145230023652
-0.00769567471188036 -0.0568741618793228 -0.0550085486937654 0.0572233468377223
-0.0388368492978821 -0.0373354423624088 -0.00444325576909939 0.0595703595342769
-0.0433481926844109 -0.00973556394300366 0.0183166346582763 0.0341133629437184
-0.043957357221087 -0.000907882773536542 0.0236639216054713 0.00639457445497431
-0.0429448806146484 -0.00378378887206698 0.0221895332727841 -0.0177343138341041
-0.054086019753725 -0.0270907991255036 0.0332888714452357 -0.0325624644183019
-0.0347005367627122 -0.0631197880222868 0.0560843700772948 -0.0268221971394099
0.0118497614189964 -0.0733211187775149 0.065834901167513 0.011346403896852
0.0844282159779496 -0.047120974044321 0.046416854822508 0.0621149885618278
0.106217257332522 0.041670328797756 0.00209634566666991 0.0803291333412583
0.0708357085549261 0.107119010815313 -0.00934692077709588 0.058703804383351
0.0213403083763273 0.113994772211398 -0.000179955477736869 -0.0278060491543622
0.0675379807154821 0.0785648177576362 0.0312379365569264 -0.0703521618740615
0.0888839357995014 0.0153572882523338 -0.0219082772668312 -0.0993179452264359
0.052808753293921 -0.0510912890188171 -0.0812678096692209 -0.0406456598546258
-0.00164443251340083 -0.0687669773648985 -0.0643217414733797 0.0251990007468399
-0.041447970101431 -0.0474563837414022 -0.0273690558725916 0.0431864701675911
-0.0502228038825071 -0.0148576908344357 -0.00455817877026084 0.0305454246787282
-0.0490005065851198 -0.0013212809484608 0.00479994977949332 0.0053892004888797
-0.0470318678358476 -0.0038271166006254 0.0022753124412815 -0.0186990575656576
-0.0560934117663589 -0.0267976354675287 0.0130707272510307 -0.0402629136666241
-0.0387923723117158 -0.0633722321988483 0.0404990087321935 -0.0464875557531666
0.00642428965366127 -0.0766000114180998 0.0660918313718393 -0.0143836988355994
0.0823649984102499 -0.0522797028539439 0.0543253646363476 0.043233531138165
0.104180043401026 0.0391396303888654 0.00389550741326217 0.0689813816778474
0.0670234162449895 0.104201957368914 -0.0208854936558024 0.0261076737362911
0.00405801337250148 0.104095225215623 -0.00398882559264261 -0.070149846046747
0.0492265408715198 0.0857250237421283 0.0301663486416204 -0.0841608773694716
0.0815561090209452 0.0312358616112288 -0.00229841408505227 -0.106750563428204
0.0584135676797711 -0.0405203954753498 -0.0587361599677526 -0.0653765006965986
0.00540120926815188 -0.0645183166336907 -0.0653211950128127 -0.010382253359222
-0.0358436327341441 -0.0485949165002751 -0.0473819008043488 0.0222995153413407
-0.048143382805228 -0.0159347626185297 -0.0273078316055855 0.0239250298981562
-0.0464150806117513 -0.00173851189385871 -0.0143802728918989 0.00392033738975421
-0.043821318584405 -0.00419279407892927 -0.0161160854733779 -0.0193216482859633
-0.0506831770307064 -0.0244237003577278 -0.00536817008862479 -0.0447629679870834
-0.0341165023146176 -0.0571802174629474 0.0252747163630453 -0.0594619704715155
0.00643506686462149 -0.0693123971552851 0.0625367317577005 -0.0318765951650847
0.0728656363486645 -0.0431437048443659 0.055030248873545 0.0281911957989094
0.0863068575233298 0.0392326132208508 0.00185389149236803 0.0575516555071692
0.0489274260150499 0.091102780000631 -0.0309118833076842 -0.00330006969096973
-0.00967903151238634 0.0728245402193092 -0.00533749038226297 -0.105222900250131
0.02250102889461 0.0699824596341792 0.0299764215032031 -0.0928044540102654
0.0546737131545792 0.0336781791203973 0.0129332791057362 -0.104721911637247
0.0457865186909344 -0.0235877764511202 -0.0347324464798986 -0.078554924233033
0.00756176522850316 -0.0465628293012328 -0.0599822512996255 -0.0372943172887194
-0.0246001185211136 -0.0380141412478351 -0.0611798285369905 0.003191727281269
-0.0374603553589962 -0.0144304353466993 -0.0453254464758182 0.0166544856420037
-0.0368353128471321 -0.0028227211383043 -0.0304556700694276 0.00186448317918643
-0.0356107736867759 -0.00399835050700129 -0.0317308979725139 -0.0201215809495667
-0.0393626510327131 -0.0213388890020153 -0.018536646711958 -0.0486598302530818
-0.0239553302987658 -0.0469296252735838 0.0152022316879667 -0.0676622331167634
0.01145751286325 -0.054038578700812 0.0599327739071754 -0.0404885028044909
0.0609372972177717 -0.0240408457583968 0.0535393759061197 0.0193199644707539
0.0590447484595321 0.04154740347848 -0.000181861238195137 0.0473370803487755
0.0232827801544739 0.0702580273332219 -0.034750332247298 -0.0281403704266865
-0.019974953274811 0.0288810828293844 -0.00775788557364078 -0.123357065638247
-0.00332809033949943 0.0380841194647495 0.0270929738768937 -0.0944299554510285
0.0207489529337174 0.0233173448817315 0.0186643362150067 -0.0989650836740223
0.0233032036186926 -0.00645900357863387 -0.0216609667719326 -0.0827472801912432
0.00676261500389801 -0.0213213426799591 -0.0576029350098863 -0.0497866872240205
-0.0100673748148945 -0.0218742151276802 -0.0678002338676814 -0.00663035554615161
-0.0204536284349684 -0.0102552964239436 -0.0564676026668359 0.0119208635281894
-0.0223506136900998 -0.00281758982090113 -0.041339283134486 -0.000323460273232228
-0.0239511538230866 -0.00372934860886692 -0.0412461468080749 -0.0224559795949017
-0.0256842279716789 -0.0152365901710512 -0.0261143789772328 -0.0529627092734696
-0.0121018923086984 -0.0323721304101149 0.011099970078851 -0.0735357180435787
0.0151352477510373 -0.0362092130802159 0.0601118473787426 -0.0430422732578591
0.0446006788318354 -0.00426364622143448 0.0519655657605578 0.0166558659619812
0.0270700262425934 0.0398787046565147 -0.00130195730893576 0.0393725533782015
-0.00561860348298691 0.0420749342003492 -0.0317378064327328 -0.0455424316775923
0.0264722511768071 -0.00485315534697527 0.032449379579082 0.0625031481000153
-0.00124318944324548 -0.0209277096048923 0.0261222694078232 -0.0364554886725043
-0.0195651585036856 -0.00791333619876516 -0.0534939586614832 -0.0318499827772796
-0.00971761167868979 0.013114922199754 -0.0754303409656215 0.0344237369620209
0.00352467648219287 0.00949985019329395 -0.0193005956407978 0.0858480930709849
0.0051648899551197 0.00480721129445167 0.0331595045736128 0.0637731128895292
0.00635222279153379 0.00263034621316179 0.0461250097348615 0.0288844606373085
0.00231050647276564 0.00205770845754795 0.0501096975606663 0.00501123403320979
-9.82875666645644E-05 0.00348278622236719 0.0560765354936726 -0.00740088261080381
-0.00628232634266144 0.00271320158108581 0.0670798668796329 0.00469591351377264
-0.00579653132264957 -0.00473121677460277 0.0583885092824303 0.0418104889824069
-0.00123595269020934 -0.00866016446372943 0.0203039447858896 0.0770393479090577
0.0117345687448336 -0.0150652874519513 -0.0125938125173266 0.0919461204682558
0.0267010377765832 -0.00213431554356287 -0.033975664805038 0.0964538329326423
0.0308915384115698 0.0210342338832013 -0.00152801361516238 0.129514709402012
0.0374318412729302 0.0331829238151005 0.0243226208725969 0.0598633626108426
0.0254068287063655 -0.00415445209814316 0.0285556915434951 -0.0364646941270521
0.0068079393178034 -0.0143104619446352 -0.0514781990635964 -0.043849653827583
-0.00263557984157091 -0.00807282468756208 -0.0839211355126017 0.0272530318453372
-0.00372867046798569 -0.0108826180745775 -0.0288670232594435 0.0850861725068074
-0.0112043177438152 -0.00748215333070485 0.0268535071259719 0.0680565834816469
-0.0113800986142407 -0.000319479419426217 0.0437714031643806 0.0319253498277443
-0.0153820642080489 0.000223998964729713 0.0476592345685 0.00555220275799491
-0.0184623133378298 -0.00200655152754872 0.0506361552100531 -0.0101408081424852
-0.0253033839395026 -0.0136765629220521 0.0629264155456714 -0.00568495493841163
-0.0108520482958769 -0.031835823072421 0.0639993508167576 0.0255294872685383
0.0160940806527814 -0.0315054356865142 0.0355884981162976 0.06481517566392
0.0467614634766496 -0.0136396922614463 0.00309234391959762 0.0897802013703197
0.0564366177557581 0.0295469377841064 -0.0223100544337386 0.0939668308252803
0.0437433709433038 0.0660284782686758 -0.00194660822545895 0.113758151303748
0.0396794011099182 0.0701937241802715 0.014616723525131 0.0435720306146312
0.0500524426559678 0.0223845606355428 0.0314016283803001 -0.0418251384482221
0.0386167450402441 -0.0125908685924071 -0.0466508851783505 -0.0623684019542407
0.012628914860234 -0.0295010073920006 -0.0909098926562228 0.0107762183861664
-0.00794290281489753 -0.0341605030390605 -0.0426446054141323 0.0751486554778169
-0.0257611463202054 -0.0223868649618902 0.0129925984045733 0.0669655786814325
-0.0285779356555779 -0.00531990753193349 0.033932659721371 0.0344148846445065
-0.0309623104000059 -0.00121176451369231 0.0380900658475512 0.00633094279606937
-0.0331525315306488 -0.00417357823798588 0.0386593592518043 -0.013825527473294
-0.0417161483845915 -0.0233112803956178 0.0515115509268885 -0.0188997014181619
-0.0219141866610087 -0.0519823468136725 0.0645154496997113 0.000977320406766599
0.0193497476630458 -0.0542170198457875 0.0535268203840561 0.0431090592050433
0.0725358428930773 -0.0266158951871685 0.0251877876944051 0.0800996739578492
0.0845901859575062 0.0434558195519021 -0.0100923421904139 0.0881760002609601
0.0572802435851136 0.0954952570518137 -0.00394987736638769 0.0886169947971874
0.0306996609936031 0.100045443540508 0.00652313388393268 0.0140815705959893
0.0648019666118377 0.0537003912150766 0.0331847703018327 -0.0526038146992795
0.0699119462978448 -0.000854914421443004 -0.0351123281781858 -0.083380975174013
0.0341283699527538 -0.0453855734323996 -0.0907825725634086 -0.0148983356469879
-0.00612422335205076 -0.0557694810736091 -0.0561408428887126 0.0533879192136239
-0.0366574294721937 -0.0374305932596436 -0.0064568289212647 0.0583931636372099
-0.042132796459407 -0.010422291027823 0.016608607825617 0.0336477235523102
-0.0422943942175034 -0.00221652341293124 0.0229065538990302 0.00646911030549318
-0.0417462162872436 -0.00552464356119878 0.0212662824892419 -0.0165945366714509
-0.0519428947917892 -0.0272959389066696 0.0335700790780699 -0.0308571713849458
-0.0317795576390272 -0.0620897769718725 0.0556866037249522 -0.024684479995061
0.0139192448901414 -0.0712576034797382 0.0635993553404945 0.0143897096994976
0.0834696302546662 -0.0424205624436063 0.0426102805284738 0.0632437309055087
0.102205267045393 0.0442983436138493 -0.0015575227923631 0.0790725607977183
0.0659684726801632 0.107746632056266 -0.0113171550644961 0.0575057223211315
0.0162240017417294 0.111406404407945 0.000713202633973118 -0.0266348122352094
0.0622908030386411 0.0793941492759218 0.0330384057357511 -0.0662130918476101
0.0855273324860999 0.0182479058455227 -0.0176676004657538 -0.0987515532303303
0.0528530870491151 -0.0480519244318316 -0.0775657093343101 -0.0432785436503526
0.000549954407045109 -0.0667110689070575 -0.0640311201229683 0.0213093908076797
-0.0394678392178178 -0.0475773776539104 -0.0285804272553315 0.0415608833662988
-0.0480295644233263 -0.0155064778714752 -0.0050952865585442 0.0294054299204088
-0.0472963560366078 -0.0030052371428295 0.00437359317521737 0.00527853675404199
-0.0451920268340145 -0.006028298667185 0.00240409162051736 -0.0181597891059922
-0.0539729801140375 -0.0282011175048475 0.0136552179664583 -0.0388155388806191
-0.0360302294288831 -0.0627278042986181 0.0413553870801859 -0.0446535963158696
0.00878265404932227 -0.074753536247265 0.0649196447249095 -0.0103216650990054
0.0815504021103625 -0.0480811065394078 0.05049165788073 0.0453963849771013
0.100674869460394 0.0417745596348149 0.000794446282355788 0.0678346303881449
0.0618276225359546 0.105436070724121 -0.0215095245076084 0.0251417407832957
0.000324130748466305 0.101563184560419 -0.000701152380166478 -0.0682120060090397
0.0443756883362497 0.085717133339987 0.0334969467911779 -0.0802987161152932
0.077699040223106 0.033425031661947 0.00213864265006726 -0.104874894544326
0.0581174244618655 -0.037465087147883 -0.0540708449543907 -0.0666920151655745
0.00694883192281946 -0.0627938081528021 -0.0634666905644272 -0.0131545306610011
-0.0336046506479969 -0.0479506993625436 -0.0470855276940079 0.0201790825496912
-0.0458670463492028 -0.017122890341075 -0.0272493530966795 0.0220126050430371
-0.0447141830337329 -0.0033516073139409 -0.0140664161285177 0.00320453438782967
-0.0422025484952781 -0.00570071560110796 -0.0148978203102155 -0.0188562231661758
-0.0485395873083215 -0.0256134748916882 -0.00396711952531973 -0.0438120230976386
-0.0313608615060626 -0.0569836152195697 0.0268174546383102 -0.0578013414993707
0.00877709447281135 -0.0672070484741429 0.0619101145325678 -0.0282987477619204
0.0724220104201741 -0.0396188542057127 0.0525754403953571 0.0306227275362899
0.0833080451862485 0.0415138444505874 -0.000527740864940079 0.0570500454053337
0.0450820823199532 0.0915880331363626 -0.0299094763678812 -0.00473116411042283
-0.0126242400785388 0.0712810346398678 -0.000386119167092688 -0.102247422575427
0.0197866973362894 0.0695071672892956 0.0332261718972419 -0.0888098083242992
0.0516492351518308 0.0345639376613973 0.0168663561756676 -0.102026899962894
0.0457901490107311 -0.0210592314276388 -0.0303477645200088 -0.0789018191984142
0.0095061880185055 -0.0450174940537715 -0.0582152529578972 -0.0394927207171461
-0.0226136291707381 -0.0381779094332758 -0.0602475152479059 0.00185767055750796
-0.0357467342122794 -0.0150323269192358 -0.04404200634598 0.0149501920884015
-0.0351786140768391 -0.00350820837876629 -0.0295373410940803 0.000759409986299492
-0.034660326466059 -0.00513899094829113 -0.0297452714974189 -0.0210679098698911
-0.0373271797244122 -0.0215604036573214 -0.0168295913705932 -0.0480664813987608
-0.0214170045087695 -0.0467917753476957 0.0171357915680667 -0.0661678714070536
0.0127197418570739 -0.0524559952484276 0.0598043141883736 -0.0368901697094294
0.0595962544700744 -0.021492288188314 0.0514877913059584 0.0220264275856611
0.0564253709403562 0.0422942731129319 -0.00216560051407208 0.0466520939896167
0.0201055253917951 0.0691731471914031 -0.0328725176720928 -0.0284489682189392
-0.0206260860271062 0.0270241574954253 -0.00256228368727219 -0.120227427049208
-0.00435452144892039 0.037097096057425 0.0307937610378448 -0.0903481545127156
0.0193425575424268 0.0233723687556296 0.0218258148653741 -0.0959795838901368
0.0226122716944575 -0.00506716454518436 -0.0175990405416621 -0.081561569855091
0.00692900264396727 -0.0206371727811988 -0.0545257090862964 -0.0510451957974522
-0.00910578017770598 -0.021588752440796 -0.0659510381900848 -0.00847287533142966
-0.019925537113312 -0.0105490686339746 -0.0548660325934504 0.0095522465560699
-0.0212480392081978 -0.00319516243820752 -0.0399469820218758 -0.00178170499910587
-0.0228287355659405 -0.00429952079256357 -0.0391011762907262 -0.0235871973787306
-0.0237712782812296 -0.0156791192352375 -0.0239059521484275 -0.0526259863450314
-0.0106825220717132 -0.0325755372965261 0.0132892593679034 -0.0710914121247802
0.0162999759574418 -0.0343004262834463 0.0609660545418975 -0.0394008235324673
0.0434602095292759 -0.00219856567789739 0.0504525286441014 0.0191679863499953
0.0253101892280118 0.0397356638035329 -0.00242110542602363 0.0386262628819288
-0.00678510193060271 0.0409823229376541 -0.0289662679469837 -0.0456112894336999
0.0269067509422283 -0.00403170089767313 0.0305891932395433 0.0654349019581435
-8.60517138106251E-05 -0.0211361906670645 0.0279614387486567 -0.0357964277507098
-0.0197882151635752 -0.00867724474532411 -0.0528601912208207 -0.0348732195046426
-0.010133806092886 0.0128919831379298 -0.078648547772214 0.0316269760185881
0.00320877967454395 0.00962195499920509 -0.0221786509185926 0.085815229506274
0.00464157702069785 0.00543009235031358 0.0310505938015589 0.0661357388019143
0.00649460936088772 0.00266702493349138 0.0446613794633268 0.0312067103072532
0.00207337188119627 0.00153571897635689 0.0501781343646085 0.00766807470698027
-0.000248677978036281 0.00307438426766931 0.0564331992904665 -0.00570268419353829
-0.00598503474020823 0.00212447166366963 0.0673030877415748 0.00660252741446501
-0.00604387556766107 -0.00512202686688625 0.0575008756383771 0.0447532992469551
-0.000402388619969769 -0.00870985385601582 0.0169720344814349 0.079439652790692
0.0121172246088184 -0.0147641014103096 -0.0173206079186232 0.092260739043794
0.0268513672523602 -0.00127337170873701 -0.0397925393837655 0.0959303583976279
0.0306708068126797 0.022602878473969 -0.00807539442324569 0.13099980985745
0.0372267706868649 0.0347798718210736 0.0225590784473344 0.0621256838104628
0.0261819380421201 -0.00319279236345596 0.0307419654746366 -0.0350744923948804
0.0070802952835533 -0.0142727668922578 -0.0500441509385932 -0.0476042036284882
-0.00247237488956943 -0.00776153155216493 -0.0860400635607536 0.0238696477184587
-0.00341472114528098 -0.0113391247371362 -0.0328828015416527 0.0850293637341106
-0.0105418770911695 -0.00765982823727175 0.0243846861342292 0.0698713560791014
-0.011505893546129 -0.00100291794069542 0.0422362803757937 0.0340726931861052
-0.0154837302804105 -0.000581121038321698 0.0472846929785021 0.00743667376450879
-0.0185608428750224 -0.00249190304071193 0.0515008626167882 -0.00868919582750855
-0.0251086370604544 -0.0144730966962893 0.0634851750530111 -0.00378176493902026
-0.0103053664921121 -0.0325394314990925 0.0639791188131105 0.0281664093533337
0.0171502680436377 -0.030708238266556 0.0332801636695674 0.068387466858093
0.0478710672409994 -0.0117545046248929 -0.000525274504254691 0.0915190905888053
0.0560268442921798 0.0319725942376237 -0.0280459096221726 0.0943470110771542
0.0416022751880691 0.0684959025168389 -0.00716854587768316 0.115809179449618
0.0376240647632419 0.0729582284183558 0.013627631937498 0.0456523466396017
0.0499184712342299 0.0248116442397947 0.0338643801549005 -0.0404671622255368
0.0394112742970262 -0.0110843523015077 -0.0440017976125147 -0.0654661259608648
0.0138827498701449 -0.0289664032664675 -0.0926261741353191 0.00621788885087061
-0.00651395485130277 -0.0347496885888718 -0.0460412352436406 0.0744418387869202
-0.0256228709444338 -0.0236597025337831 0.0104799772188403 0.0684308960502303
-0.0286812022604677 -0.00632350534023789 0.0323576258984808 0.0358579709922574
-0.031490144969364 -0.00232999707745444 0.0375310640199443 0.00784666247722101
-0.0329891643332481 -0.00591244540477172 0.0389954022297715 -0.0127869175007882
-0.0415546319217434 -0.0255560922056703 0.0528497980808845 -0.017901487965977
-0.0204863394516428 -0.053321114785768 0.065522745098633 0.00262423414393166
0.0219920494405721 -0.0548510340459778 0.0520222081008718 0.0461753811540596
0.0743323001072165 -0.0238006509601777 0.0218520632004693 0.082954253767178
0.0846640260440954 0.0473227193292142 -0.015082391806067 0.0890378841771742
0.0540067927959933 0.0994946240393498 -0.00795940320846382 0.0902237545441828
0.0280226088942621 0.102213774313817 0.00660649367794593 0.0150002468190098
0.0633926884237893 0.057156346347447 0.0364067744693651 -0.0509534603817499
0.0699543101665034 0.00196559325942439 -0.0317584438550348 -0.0865971650098936
0.0357472516340727 -0.0440080685837026 -0.091111551320931 -0.0194652429055341
-0.00389161830721998 -0.0563845693767632 -0.0593611943702857 0.0516760675213721
-0.0355645237726324 -0.038798162843194 -0.0086772664938544 0.0590243909880136
-0.0416798009828332 -0.0120590894490262 0.015701897542003 0.0347946358574492
-0.0426515385712714 -0.00376210002806432 0.022325985308412 0.00726583748346754
-0.0425114713223385 -0.00719046364818269 0.0223325311205646 -0.0158569231622937
-0.0516118881639292 -0.0299148644002013 0.0343092756073508 -0.0307229947030342
-0.0306918065944032 -0.0640265731147127 0.0576322063802727 -0.0235086910230372
0.0167803210595094 -0.0713810984551786 0.0638395231266509 0.0179498280769543
0.0857520580476588 -0.0402299660031616 0.0398997441574542 0.0667987777605058
0.101856751726056 0.0488117544427009 -0.00560708905357659 0.0803256555047804
0.0619770059333394 0.112051013179036 -0.0143275667404338 0.0575710921450864
0.012442258964451 0.114201117211908 0.00284178848879915 -0.0259082858121885
0.0602061033170766 0.0828027014537906 0.0366989184896996 -0.0645410867673686
0.0853733081474033 0.0217330529637253 -0.0130713006063804 -0.101384815255847
0.055714573160448 -0.046385860668473 -0.0767661337658846 -0.0490499665573414
0.00289960769097608 -0.0674920644405581 -0.0660612844543115 0.0180521009152954
-0.0375269422594856 -0.0492131073415823 -0.0301795412061394 0.0411332300505616
-0.0484722745933382 -0.0174747041191769 -0.0064610762000866 0.0293546354336779
-0.0471384889373113 -0.0046227139355353 0.00416067087571197 0.00530363315092356
-0.0451855923714786 -0.00798987670134259 0.00307366576533876 -0.0179372448390528
-0.0536668276269359 -0.0302675859031027 0.014969532904956 -0.039058446651572
-0.0343020659035964 -0.0645562209405825 0.0431193015818437 -0.0444453288218667
0.0114791985235038 -0.0746847116972949 0.0665530567457115 -0.00722099295674773
0.0836959863784687 -0.0455686680852882 0.0497218238812802 0.0492208459159803
0.100847171601679 0.0465107325240586 -0.00253991356424549 0.0696019911399811
0.0585159681095528 0.10904474083963 -0.0232265088364519 0.0250382797442361
-0.00428495235680006 0.103066688723405 0.00260007957778125 -0.0686790224248474
0.0417603411309926 0.0886837550837843 0.037275846612122 -0.0784571633828741
0.0768642641071665 0.0366692162088833 0.00703050023188149 -0.106624204510377
0.0599571706900237 -0.0352766405642478 -0.0518843432332421 -0.0710174934968552
0.00921587027138866 -0.0632653775383884 -0.0643340897014995 -0.0166921331126672
-0.0320940063590987 -0.0499171484041943 -0.0487905472897029 0.0189941159200247
-0.0464859134263659 -0.0188051519921373 -0.027658749156277 0.0216606400669853
-0.0448722384578061 -0.00480066962676522 -0.0145154496975501 0.00263066549785663
-0.0423985454738364 -0.00750747650236958 -0.0149586988011631 -0.0197491147868024
-0.0476344824752437 -0.0276337987922977 -0.00259008203430015 -0.0447916303195505
-0.0296330504596142 -0.0588515017346066 0.0290686550379756 -0.0581871695811894
0.0111416513280754 -0.0675024351602796 0.0638723494369786 -0.0252861168584904
0.0741307335318261 -0.0368905397919374 0.0523371503627344 0.0348850092959191
0.0830806472436349 0.0451723103059483 -0.00267082992954885 0.0588138989239362
0.042229146674799 0.0943772977715875 -0.0301696755835407 -0.0054433231894749
-0.0158776548642405 0.0713670170832734 0.00381661141146665 -0.10363441520107
0.0171058501134802 0.0714462089108211 0.0385723016375072 -0.0875713210625732
0.0507487901457752 0.0369294923073424 0.0219278523874932 -0.102739064549931
0.0467886801571114 -0.0194725792443226 -0.0271762855580983 -0.0826196588979794
0.0104864536936939 -0.0449250303359693 -0.0578892937731367 -0.0429808990594436
-0.0219041489874275 -0.0394461870775818 -0.0605427886228034 -0.000501838864490109
-0.0355295949145014 -0.0162918541100923 -0.0453651267061152 0.0134594870784494
-0.0356649405279093 -0.00486203877644726 -0.0301136247910954 -0.000263618186750004
-0.0353025990916548 -0.00649589535525007 -0.0292609120584098 -0.0222246799886472
-0.0373302415687048 -0.0233194093832724 -0.0152951540957654 -0.0497927871783446
-0.0208766438663728 -0.0479646056812891 0.0195938789646083 -0.0669233339828995
0.0148571247810684 -0.052111832091597 0.0619055445954943 -0.03456544080629
0.0611574417011219 -0.0190960078234052 0.0509966395075788 0.0253384224427651
0.0551187591271131 0.0451628545018819 -0.00379866713252948 0.0483279200048306
0.017814514566671 0.0713088555047944 -0.0323369914481003 -0.0300751191766828
-0.0222745873161865 0.0263650120421871 0.00236800169807191 -0.122114007907863
-0.00566235860000051 0.0374504458182407 0.0362861592366335 -0.0898170493543093
0.0181017134795392 0.0242657284433362 0.0264770358944733 -0.0960667107513835
0.0228917266028643 -0.00408842247270856 -0.0137239009509035 -0.0846390118306492
0.00748458188773357 -0.0203863926716828 -0.0536831307039044 -0.0548103290737865
-0.00872230911736878 -0.022380519929527 -0.06685915905803 -0.0110665818836814
-0.019289740396451 -0.0114386339496145 -0.0556912520388372 0.00804571849319968
-0.0207889796427606 -0.00354689889739803 -0.0401666817655829 -0.00314724604477384
-0.0230756569784835 -0.00515078124456921 -0.0386557355752038 -0.0249898999665342
-0.0232280393657549 -0.0163660803593171 -0.0219853683179434 -0.0541853487744831
-0.00997420705033504 -0.0330843240066722 0.0158392238550688 -0.0715421135690805
0.0176437669538614 -0.0336331082363957 0.0631916835115164 -0.0376446821115934
0.0439036941145344 -0.000497439240263419 0.0506281395118558 0.0228738047021027
0.0238133231750281 0.0408202390851889 -0.00406007754128051 0.0394582515176848
-0.00803237515204734 0.0408966783737071 -0.0280447886711995 -0.0470585794013474
0.0282415029544004 -0.0043067412422166 0.0316565318883005 0.0685650064094259
0.000356816241308676 -0.0224201483873797 0.0308694801149512 -0.0364130298504035
-0.0202710767680515 -0.00930107166863193 -0.0544011273266001 -0.0377034616035158
-0.0104638818808556 0.0136898384530198 -0.0837660073284882 0.0310515653789447
0.00327990613624574 0.00993107742318007 -0.024816906503288 0.0897022869123638
0.00474053219635114 0.00563594252701247 0.0311035650493048 0.069864795002341
0.00677589350511282 0.00335992738429662 0.0450532066055646 0.034366300875367
0.0021996161544584 0.00206565507429121 0.0517927868719937 0.00781936549860622
-0.000923300457093807 0.00262948487862059 0.059014002388397 -0.0049931337079481
-0.00681322209602781 0.0022225369597451 0.0703967406265185 0.00802719578034895
-0.00656889439555797 -0.00537902704337299 0.0598770213740799 0.0481558592205518
0.000229292874528906 -0.00919797169931437 0.0168827196482808 0.0840313156098819
0.0129471507147445 -0.0147883603490281 -0.0203162917390173 0.0964424631841564
0.0280110556654648 -0.000738975177171785 -0.0445280107932938 0.0997883971707261
0.0315600581253884 0.0248414689404039 -0.0110812144176033 0.136659152855864
0.0385825492769754 0.0365488118486111 0.022855958656315 0.0662164497116691
0.027427433013322 -0.00297989661530978 0.033060183384091 -0.0360366561704664
0.00729166301352746 -0.0145420901526947 -0.0516573522882223 -0.050545568165908
-0.00197762527314485 -0.00757571692435076 -0.0914510389212791 0.0224438473378111
-0.00354188663421632 -0.0120518184942656 -0.035668624388755 0.0878237052787225
-0.0113601554826925 -0.00818657535057997 0.0242439697675486 0.0731920879525411
-0.0119078464851816 -0.00102588377708273 0.042895345820103 0.0367889085217704
-0.0162723495038714 -0.000573377940777666 0.0487330731028557 0.00886440551273411
-0.0197222279724937 -0.00345801130930734 0.0530921348567242 -0.00782410406955025
-0.0261931473795557 -0.0157589636395932 0.0666519786609127 -0.00315307372020941
-0.010317250792725 -0.034384248799826 0.0670612492184915 0.0303177622613694
0.0188140953403561 -0.0320191282422168 0.0335602851757515 0.0731751897675653
0.0502719963585233 -0.0116242946255686 -0.00231143513128068 0.0955168767920645
0.0578029354933509 0.0341971430662686 -0.0319269804220483 0.0980680961433977
0.0421980539815207 0.0726777043874823 -0.0100168818282332 0.121200014398426
0.0382204739614374 0.0773595016444383 0.0133821593680132 0.0486354169909497
0.0513546342524913 0.026162014115933 0.0371419956225411 -0.0408324989142774
0.0415831416717573 -0.0110435081874137 -0.0447726647905287 -0.070283178349887
0.0151715664910395 -0.0296411609421317 -0.0971934021928175 0.00410208416384881
-0.00642468359196335 -0.0366474948196216 -0.0497287704098296 0.0767157249995448
-0.0261229052663967 -0.0244058959446373 0.0102487490083182 0.0717852003404445
-0.029357387996563 -0.006769662238817 0.0326135466260294 0.0376017229518093
-0.0326083344787712 -0.00286288174179026 0.0385434575643114 0.00857545523654366
-0.0342771012264171 -0.00707127533129535 0.0401576938241661 -0.0127831649025492
-0.0430301983207517 -0.0272286293138649 0.0544968239071835 -0.0183876602547247
-0.0208429904331174 -0.055745949396253 0.0683507567932324 0.00348299769828988
0.0233064306505512 -0.0568877753287417 0.0538351123869326 0.0503488134285427
0.0778521504360052 -0.0236831997416541 0.0210202535456292 0.0881688198485271
0.087591512611509 0.0505334611656879 -0.0181509834099032 0.0933589622455027
0.0556418783264229 0.10543441714124 -0.0101059107183379 0.0940772863160993
0.0277523014874546 0.107663448229875 0.00746158540228785 0.0167000667546573
0.0649355343271387 0.0603955235476315 0.0388410560483365 -0.0514644527627753
0.0731898931165119 0.00338486545696758 -0.0314237942685618 -0.0916987134190871
0.0383533302583674 -0.0454139907329832 -0.0948882920388112 -0.0231533875933151
-0.00366873599703803 -0.0589854223343479 -0.0630678270040304 0.0526569089053086
-0.0367235772081247 -0.0410268994022897 -0.0100708593348191 0.0614925979535216
-0.0432682949674472 -0.0131983322407289 0.0154582940342867 0.0362793415280956
-0.0441344760551852 -0.00422041768334857 0.023152718893955 0.00763326058821779
-0.044277032301449 -0.00863147991057152 0.0224093665069394 -0.0160877350820171
-0.0538137956459782 -0.0315635772320575 0.0362917080569637 -0.0321905567955671
-0.0318555792733588 -0.0669280050313195 0.0599848192487103 -0.0247045561142245
0.0185261443025794 -0.0743998973620632 0.0661853095202166 0.0208541619092538
0.0903190361444421 -0.0404213063861589 0.0408083054017106 0.0722925584681564
0.106424715902624 0.0526869475488831 -0.00785213726452474 0.0846662129306809
0.063494726344217 0.118726302673326 -0.0157100663124321 0.0608139668417034
0.0111167638329162 0.120097865913368 0.00368456253343938 -0.0265865298801555
0.0617521982138573 0.0873079650877331 0.0401264563173033 -0.0661195654031125
0.0893157084955609 0.0239730067186144 -0.0119163073008739 -0.106829355580267
0.0583903787800592 -0.0473462329869325 -0.0789371130406439 -0.053437559034182
0.00344589910034496 -0.0704717393324523 -0.0700922701263877 0.0174863928407238
-0.039417220359371 -0.0519789873103312 -0.0320793529019806 0.0426062611483767
-0.0500400161571371 -0.0189382813886009 -0.00672425518516385 0.0308855620271766
-0.0487126994822951 -0.00524893042365814 0.00403061620813794 0.0056002540375785
-0.0474693226917825 -0.00890100860621071 0.00281404170153171 -0.018803316302996
-0.0554924137821027 -0.031794471966549 0.0158675957746927 -0.0407549356679576
-0.0361932806307601 -0.0684569271109522 0.0454341758441782 -0.0469491468530978
0.0129514334715215 -0.0778787163404822 0.0694893589713821 -0.00601469222395179
0.0880114958026383 -0.0465266057090054 0.0512892184597308 0.0534645564242259
0.105096726247284 0.0495803436074587 -0.00458317167530456 0.0742251845625439
0.0600592980064195 0.115603275762238 -0.0243960521488734 0.0260306083569783
-0.0062356535296673 0.108043450396669 0.00461749207467787 -0.0714362494782937
0.0423231572966258 0.0937051495728491 0.0415520156111175 -0.0800908325376298
0.0796154537129106 0.0397813993763357 0.00976382348605663 -0.111829372197485
0.0631673362740843 -0.0363280189496687 -0.0529363096808304 -0.076767832532426
0.0100677816209656 -0.0658754485261544 -0.0684170057104376 -0.0191574866800779
-0.0336728499890085 -0.0523901605176017 -0.0510990014794957 0.0194581089650131
-0.0478037935562829 -0.020030531260533 -0.0291061921523268 0.0223272354175034
-0.0461188235157166 -0.0055696107065894 -0.0152284437341023 0.00280702889725267
-0.0444165654177722 -0.00827952123369632 -0.0151605811128848 -0.0208015392585459
-0.0499476808618102 -0.0294069219312072 -0.00225948140883821 -0.0476201449132132
-0.0309609059091244 -0.0621059623527011 0.0314298510522666 -0.0612940118233271
0.0130673353015999 -0.0698655416621583 0.0672656585757954 -0.0249476650372448
0.0777518937729689 -0.0379121456484733 0.0542712121088788 0.0381354473566641
0.0867665950681743 0.0485617881347699 -0.0042663899639055 0.0619253874494193
0.0429066284962939 0.0994388933335168 -0.0317769669460699 -0.0059151251634876
-0.0178108735119483 0.0746162882197458 0.00618957545868744 -0.107585558249329
0.0165033154128431 0.0744750383237031 0.0422149771802942 -0.0900212903511761
0.0525473805558888 0.0399024044572919 0.025372622570941 -0.107490107560507
0.0493596739301891 -0.0193885522444015 -0.026719084016421 -0.0876709295741255
0.0116073927754544 -0.0468483374409976 -0.0609790250013724 -0.0465295381359572
-0.0229697806189882 -0.0417174580022292 -0.0639642371393113 -0.00120881204422319
-0.0367641148420506 -0.0176230358466431 -0.0469373901805693 0.0142297730919302
-0.036625149250941 -0.00520324422177179 -0.031243322378347 -0.000913412887951161
-0.0360093867583402 -0.00728150663042851 -0.0306213735368472 -0.0229961506888926
-0.0386979698126136 -0.024843670076118 -0.0155724033190374 -0.0521826882286688
-0.0208038879277897 -0.0507854217123535 0.0215393588087902 -0.0701122735916497
0.0166198186642888 -0.0536538775221831 0.0656183035848795 -0.0349575754696063
0.0634862676804531 -0.0190505831699926 0.0534164043349362 0.0288531065645734
0.0572377148020596 0.0477940323479752 -0.00500756923518739 0.0506267953898732
0.0177420785249944 0.0745627025827743 -0.0332601860456481 -0.0315437663794997
-0.0236149786187178 0.0276394688669876 0.00548219070243115 -0.128123490848468
-0.00668869990864138 0.0389479420334192 0.0404889566174201 -0.0930308924632301
0.0182477173356156 0.0255297292203652 0.0298677379604351 -0.100350210935129
0.0238944894548576 -0.00372740755125823 -0.0124391013451302 -0.0900393444536749
0.00821907078283753 -0.0210050104078923 -0.0561291326015189 -0.0586780501835317
-0.00898845227048688 -0.0235507805449876 -0.0700415503863962 -0.0128458142753996
-0.0199552148893126 -0.0121028997142581 -0.0583173232314354 0.0076041334479364
-0.0216517940951954 -0.0042775865380652 -0.0419401411064072 -0.00337389842656803
-0.023928989257491 -0.00570050490303348 -0.0400911844626369 -0.0265072924073052
-0.0240572723044381 -0.0175214522987999 -0.0224529624641306 -0.0573256672112639
-0.00962642576470819 -0.0352200801554064 0.0176679982292875 -0.0756490680400958
0.0188760014087764 -0.0349159880372064 0.0665799742993439 -0.0381784998643481
0.0458968201302092 0.000369890199608553 0.05259339397041 0.0252721256172116
0.0244710857943994 0.0426279565226435 -0.00496362914962456 0.0414503252124971
-0.00894921104976872 0.0421145859922229 -0.0281864576377599 -0.0490474447805181
0.0291683159172877 -0.00931999164896849 0.0428509784295706 0.0704564771350089
-0.00223936670169964 -0.0232823344869802 0.0278402425365851 -0.0423861204586524
-0.0218495315711913 -0.00679925186200099 -0.0614131756369962 -0.0319331314370876
-0.00895480671925762 0.0144976904143623 -0.0827729209921814 0.0458748965299237
0.00344353020184953 0.00898358326248808 -0.0117902592912635 0.0973237717243271
0.00532384045007091 0.00508314953579843 0.0434310605748307 0.0683093267790657
0.00695955841609866 0.00248466296279538 0.0531948932758023 0.0291748593766599
0.00204179538859667 0.00171476761714106 0.0544864412523414 0.000854983817651553
-0.000713468932617907 0.00342818634116589 0.0604507486426693 -0.0134159142395418
-0.00724750116996447 0.00323826855227949 0.0745903011343328 -0.00191934545063831
-0.00807166456037779 -0.00406540982424725 0.0693927600318005 0.0421758196500658
-0.00131466303635672 -0.0104484358671112 0.02953976947349 0.0871688137422429
0.0109783853864227 -0.0174517588114726 -0.00811051547659929 0.103768062696938
0.0292029994119164 -0.00566052359659265 -0.0338976201704569 0.109782364076239
0.0366502174580328 0.0196198388887254 0.00596751322747141 0.145537910594024
0.0463626772644695 0.0322990374309603 0.0302884062538055 0.0670982124224348
0.0290585950395796 -0.00696268730752298 0.0296222083207636 -0.041292796179451
0.00638323870847997 -0.0160808032341095 -0.0618351394633734 -0.0451054954580367
-0.0029967774194684 -0.0087561380795757 -0.0919195876911012 0.0384575000938841
-0.00643944967185872 -0.0130836131921866 -0.0226082425541348 0.098119536665103
-0.0132367861564212 -0.00701242462703179 0.0373397076605464 0.0740468595845422
-0.0126820490807341 0.000772716456278067 0.0518161412078673 0.0329220650889568
-0.0171276484370362 0.00213500236323364 0.0514405544415423 0.00151470648156395
-0.0206434013658066 -0.000384643028519539 0.0539959935368978 -0.0165694721279933
-0.0294547453522622 -0.0119317876699001 0.06836111177427 -0.0131278838808897
-0.0166330050729865 -0.0328177349837949 0.0747345977381134 0.0221038521920077
0.0153741993304029 -0.0361433693661146 0.045216463026002 0.0730626571806205
0.0496780571607793 -0.0190529606708372 0.00961686429310389 0.100663689885066
0.0647530924038648 0.0262561589476665 -0.0196543261298606 0.105472504566183
0.0550387271690685 0.0685814343611122 0.00629412149735395 0.128648070492675
0.0530257345342979 0.0754088221190623 0.0155616138638702 0.0474377267840481
0.0578809274393143 0.021305586118588 0.031038614257943 -0.0478722518751042
0.0424160626660488 -0.0169123590830811 -0.0597381464295229 -0.0659947911797304
0.0124590679850387 -0.0335519605090462 -0.102029468224862 0.0209369662530049
-0.0128464787900524 -0.0376063291932375 -0.0390008454381814 0.0900526386084369
-0.0315921332450464 -0.0223310979000468 0.0226009187258313 0.0746639683092899
-0.0319569542968407 -0.00340194780281898 0.0412500976982896 0.0359793835607848
-0.0341441318823751 0.00131016548931813 0.0412067205188653 0.00275020128513059
-0.0367664952897288 -0.0022444772863885 0.0398224779616216 -0.0188184707809999
-0.0486138723057501 -0.0210227576781422 0.0532335246054396 -0.026776700912194
-0.030714941112806 -0.053276440053433 0.0721147055858933 -0.00561418731686522
0.0166072304715021 -0.0621836886838129 0.0625789378656215 0.0469300095083818
0.0770035810805093 -0.0363007520144295 0.0330115628075041 0.088951370041492
0.0974922184179005 0.0395180095587613 -0.00533820439328888 0.098380584323481
0.0724551648551732 0.100043002335607 0.00213130349388302 0.10091128569541
0.0468908917213881 0.110191010073108 0.00207580234229178 0.0114667528909213
0.0771318484563811 0.0557170610284637 0.0307744548988769 -0.0599704411929118
0.0781193012405704 -0.00611773868774881 -0.051132329801991 -0.0905284450853967
0.0348158956714229 -0.0529074923432805 -0.105091108252292 -0.00682196882690125
-0.012232350183019 -0.0614451175605383 -0.0575219379630569 0.0679405368005642
-0.0444159430253685 -0.037791515691353 0.000755598686073731 0.0677835971071907
-0.0475515117365644 -0.00834220160056931 0.0227275115561325 0.0366442530235415
-0.0465202701786666 0.00164023501698673 0.0248959432583562 0.0046617149024369
-0.0471626304761725 -0.00225890256611399 0.0204873965181312 -0.0204560382506502
-0.0600810430937124 -0.0245546212925681 0.0320552650276995 -0.038058518482154
-0.0432189316891069 -0.063116646685908 0.0588537681600408 -0.0343727990019642
0.00854909801251807 -0.0788562922624214 0.07210051038399 0.0143331177198512
0.0864751122893691 -0.0557099156636923 0.0517429526183735 0.0692926348876347
0.117106209100285 0.0384857695416989 0.0044002817671232 0.0881329063548656
0.0828625367631062 0.112993127349217 -0.00779774016815528 0.0669086212754872
0.0320676708594198 0.126231808980141 -0.00800293757708685 -0.0353537051132896
0.0773350108692839 0.0845333536046673 0.0288533984057618 -0.0766731028002299
0.0977153113840448 0.0134639561346564 -0.0344520483328659 -0.110071612261265
0.0562111746552682 -0.0576561035944968 -0.0944583310332394 -0.0412025039281178
-0.0061562329524806 -0.0746268765773478 -0.0712092056103952 0.033274835683859
-0.0495348489532509 -0.0488620664169021 -0.0251589985322999 0.051884200011066
-0.0548724771378254 -0.0124487232090144 -0.00135777148103655 0.0347727710296879
-0.051361949562846 0.00165332075944238 0.00526057592083692 0.00499703372819094
-0.0500258256972756 -0.00217402179007562 -0.000388830715416786 -0.0195186430606357
-0.0622884889753783 -0.0245436118832691 0.00976790192052314 -0.0450327961978326
-0.047117719833262 -0.0640062124887916 0.0412519625107509 -0.0554735049144114
0.00277096683102191 -0.0822250908467823 0.0715439614977748 -0.0148609328358985
0.0834597414107714 -0.0609405284306872 0.0600532467190786 0.0490886581892828
0.116057106213139 0.0356449300873845 0.00662867965412673 0.0757176229239565
0.0785097234137379 0.110445741614409 -0.0219459461684861 0.0316505392062256
0.0118497522296748 0.116442999202561 -0.0129685485163954 -0.0828952690281013
0.0576715298551536 0.0942170883138565 0.0285565557736443 -0.0925948928495476
0.0900046149048504 0.0322619767210415 -0.0127132483784899 -0.119624276346182
0.0627279396122378 -0.0462236630183412 -0.0709933490440961 -0.0704496479905589
0.00210226045148199 -0.0702787547860923 -0.0752750265460748 -0.00618315040226079
-0.0427975518026243 -0.0501657297339041 -0.0490552303144351 0.0303565477813428
-0.0526275659575963 -0.0145045862487647 -0.0260014363621422 0.0297065245259468
-0.0489989326642894 0.000572131009339212 -0.0153102014789692 0.00459593689364817
-0.0474196621972181 -0.00230557112432854 -0.0194923368247233 -0.0190826105815601
-0.0555497346821549 -0.0234764670995607 -0.00986117008490144 -0.0485103895553238
-0.0413507881514933 -0.0582508233031183 0.0237724458009393 -0.068686176133868
0.00369746447929258 -0.0732844214018464 0.0660507469480599 -0.03473089033814
0.0739406265140227 -0.0504339148837921 0.0616832667016013 0.0325523551592647
0.0961936034243514 0.0370894186990129 0.00546860652943367 0.0641819807643416
0.058425805710939 0.0966489675717517 -0.0340519279127104 -0.000774801443913674
-0.00558363364344785 0.082973980538952 -0.0136231108283053 -0.121590068745047
0.0278537286953561 0.0774944404623885 0.029735423138327 -0.103029899173581
0.0606161588166899 0.035674412922386 0.00615320598738209 -0.117986976558037
0.0500778901958268 -0.0261247186762251 -0.0440929320735038 -0.0875559080910842
0.00652346212167479 -0.0507636360902128 -0.0728072985869906 -0.0371932129015857
-0.0294497859091038 -0.0403881599155582 -0.0660631458035171 0.0102451429949686
-0.0409108191353817 -0.0134603028495699 -0.0470160180626979 0.0235701979099527
-0.0377448517720726 -0.00102813912100275 -0.0326717299655315 0.00358085827463107
-0.0381445158050843 -0.00237784072321483 -0.0357220895730762 -0.0198760962474356
-0.042574316230655 -0.0203976643916789 -0.0239889649798456 -0.0522046023697668
-0.0287085065220678 -0.0483173448015158 0.0123026533330593 -0.0766363178225087
0.00955675614297474 -0.0574725614301272 0.0630731516128355 -0.0454986500043167
0.0620722371070494 -0.0293801648166185 0.0593129854118113 0.0224818573603688
0.0660650156120955 0.0410093366547049 0.00329803236020512 0.0528077277111925
0.0289985273160251 0.074327958194719 -0.0393670681915854 -0.0281324255372701
-0.0194401602993327 0.0340730381560282 -0.0138180870021089 -0.139152035623434
-0.00115206967570983 0.0424237957021805 0.0285300928799811 -0.106048868615926
0.0230410215896816 0.025373872337832 0.0151176074598815 -0.11125167957296
0.0259524477174296 -0.00659816120971128 -0.0296562120999933 -0.0927384264494577
0.00652200350091617 -0.0236907206133217 -0.0691042973589673 -0.0515394747004914
-0.0125617344559347 -0.0238537059417554 -0.0746074485528577 -0.00152601314723674
-0.0221941401881467 -0.0100662925217229 -0.0596667418268217 0.0183998199351415
-0.0224824798642116 -0.00159534043041578 -0.0442799649674298 0.00178955483166919
-0.0252437886432334 -0.00191208181647411 -0.0461528353023072 -0.0218416591475926
-0.0269990767578923 -0.0144193890217038 -0.0320489180369168 -0.0570931430572149
-0.0147358043669592 -0.0347070542451534 0.00808337372972214 -0.0812679507085194
0.0147353997835419 -0.0386036707022794 0.0643980440904321 -0.0490987051342509
0.0471024651167523 -0.00612445665108311 0.0584067842816416 0.0195068510641826
0.0315864149550883 0.0403492494566433 0.00168203135374263 0.0439278963493576
-0.00403251477576208 0.0444815462297802 -0.0367125671878562 -0.0475217583359205
0.0287541462019508 -0.0122440192550516 0.0492926456026664 0.0689348420728485
-0.00414723359123336 -0.0242011947153188 0.0260674849988479 -0.0447381351074775
-0.0226319429066024 -0.00520507872843725 -0.0647707388206725 -0.0292724631310408
-0.00786740930067 0.0155031648415159 -0.0818747909717426 0.0523242032112539
0.00436525650619589 0.0084373457777745 -0.00519373504924102 0.0997300842797541
0.0057922557210364 0.00461083799198981 0.04861921463178 0.0667561228655527
0.00717436712677113 0.00171517904205579 0.0558590656447685 0.0270063585915677
0.00230802646696677 0.00172106331563387 0.0550778099987927 -0.0019810844197651
-0.00075144641098539 0.00312486361494229 0.0598989558013637 -0.017769843031555
-0.00713323036905901 0.0039017481803345 0.0750250707130217 -0.00743795401186375
-0.00823406298209592 -0.00319254113114895 0.0740931018014927 0.0385245082700283
-0.00125472828395511 -0.01053614668374 0.035956032421229 0.0871507914484956
0.0099778952305611 -0.0185963815098972 -0.00204691664154694 0.106389006583603
0.0288875946084036 -0.00771557056498936 -0.0283962770249487 0.114179387806157
0.0390522014863629 0.0173402523582658 0.0160913336365633 0.14737793141776
0.0504790727728494 0.0291161715950512 0.0358544785737297 0.0658802676175812
0.0286581377785152 -0.00887342878534909 0.0280588489072536 -0.0442311163974636
0.00558642115614291 -0.0166654079081926 -0.0658780705817057 -0.0422232368443905
-0.00302016599294815 -0.00885659465256177 -0.091390937378796 0.0446538153726728
-0.00744497036688407 -0.0126697742319709 -0.0161825134913169 0.100917047681195
-0.0142689455819938 -0.00634370446392592 0.0432540432748312 0.0723760724276731
-0.0122500397632632 0.00110586942705492 0.0540041712593804 0.0304893052951066
-0.0175917517102801 0.002521232803836 0.0515573603732537 -0.00154735997761842
-0.0215692413597924 0.000849013737991261 0.0531214147662615 -0.0203293141385289
-0.0312111889603771 -0.0100994673653805 0.0677399268052582 -0.0189791247879615
-0.0191693885230609 -0.0326468095664644 0.0773442014395566 0.0176523408008227
0.0127881121780046 -0.0382227214672057 0.0509467569257464 0.0714933918126918
0.0488607882618618 -0.0229361603539271 0.016596757104718 0.102258853743298
0.0672460871255516 0.0223433782581143 -0.0141748919001508 0.109125737249558
0.0604407696673661 0.0656828636036572 0.0151042394228319 0.131479487050796
0.0595692532284006 0.0724517739196852 0.0197368351786147 0.0476350710000084
0.0603236526237611 0.0170875376012396 0.0290052852789495 -0.0502311719024064
0.041942954462884 -0.019995629971842 -0.0651618326347475 -0.0639657940447667
0.0109834979556585 -0.0348311242076961 -0.103041334391941 0.0279224396293004
-0.0158381382570912 -0.0378594076218083 -0.0341098639703815 0.0939561289984151
-0.0336530517508406 -0.0199595881493325 0.0283334866715992 0.0741956591260183
-0.0325151036830212 -0.00114812917690044 0.0442158543916483 0.03367668186229
-0.034679176984506 0.00423738163183709 0.0414434125336274 0.000622300955271021
-0.0378367210604087 0.00025478159368567 0.0384627648034237 -0.0215164960691822
-0.0512811274562918 -0.0175282135691507 0.0512842700869828 -0.0312200584085765
-0.0350843925598757 -0.0517276957606901 0.0723363253118532 -0.0117781389971136
0.0123939028744037 -0.0644332629154876 0.0675323275348613 0.0444447959469522
0.0753351820724824 -0.0419693563689961 0.0397280812136137 0.0891763559249272
0.102185782078428 0.0329450910429074 0.000771458982787098 0.100969865069332
0.081075126519272 0.0971334026034861 0.00894196630093384 0.102916061622067
0.0558433243608951 0.108392541535886 0.00358372557187643 0.0125340521775987
0.0828003404710592 0.0508671469731384 0.0286114527153514 -0.0620481706759429
0.0783390773692048 -0.0113724100456737 -0.0584121715197663 -0.0891067992563915
0.0322198324018378 -0.0559047175492468 -0.107879439529887 -0.00118813419871479
-0.0172643178560602 -0.0614277097512205 -0.0544069761263876 0.0729315947589362
-0.0483393259272824 -0.0349591423443879 0.00539578892987628 0.0690403777597184
-0.0482447640862886 -0.00479644688704573 0.0254852456637413 0.0357965919889803
-0.0465054828394571 0.00507804948223499 0.0250306223634592 0.00271130767882954
-0.0478936940176835 0.00121141912539228 0.0188980584570702 -0.0216127159098004
-0.0633196398743864 -0.0201502033212893 0.0290363279405247 -0.04117147031668
-0.0486251590732716 -0.0606491292678362 0.0569255772279909 -0.039765072922947
0.00307268940134222 -0.0811953993457679 0.0748756094258891 0.0104561467297439
0.0837155399666232 -0.0626200959013715 0.0577076903629522 0.0683559294702601
0.122345887148381 0.0307332526438878 0.0100925937012386 0.0900430933474931
0.0928742739780667 0.10990366063452 -0.00333589932671627 0.0687512196373221
0.0407145917876706 0.125673154088193 -0.009722973989419 -0.0344619565236974
0.0846511989084014 0.0804829470896696 0.025640761904453 -0.078984581020331
0.100104178866759 0.00718465306724624 -0.0419948648342418 -0.110439840620236
0.0529247837690868 -0.0623339326321054 -0.0993764546602515 -0.0366955262527926
-0.0118509582923132 -0.0749646230668583 -0.0707326008321426 0.0385562087534936
-0.0538387093668003 -0.0456596317886208 -0.0220809815025815 0.0547176778665113
-0.0563272989911508 -0.00840934174255394 0.00164112780254752 0.0351582326179571
-0.0517641444411615 0.00491898763634955 0.00503785699268634 0.0050160669834864
-0.0509981019499632 0.00100644264659256 -0.00205338728488614 -0.0198532340276538
-0.0652615549272694 -0.0207818093016731 0.00642016519302407 -0.0466157894302888
-0.0525745703480208 -0.0611952684417321 0.0369471982991228 -0.0601065450923918
-0.0032360769365056 -0.0841080434048084 0.0716671509845075 -0.019286784554798
0.0798418160748122 -0.0676963094818347 0.0651911593544959 0.0466894708716542
0.119759973457156 0.0278859160625675 0.0120735718493647 0.0778781498899668
0.0879759970243736 0.107048222151615 -0.0198691841097368 0.0338669675470869
0.0202602722291854 0.117557689470968 -0.0186400433212001 -0.0832717566768023
0.065418923959243 0.0913204396730222 0.0239471104197566 -0.0951970031241367
0.0937071344920536 0.0266689607134193 -0.0205803411120562 -0.121288179911924
0.0607881122324873 -0.0512021004196189 -0.0772182927493403 -0.0675224433017267
-0.00322497254368871 -0.0712439782033334 -0.0780354394891598 -0.000807243351106813
-0.0475376410950864 -0.0476821765160852 -0.0478757401568939 0.0343275026231148
-0.0542551071632355 -0.0114022078278396 -0.0245084077268979 0.0320574836538315
-0.0483362929373998 0.00406747391288828 -0.0152785367240119 0.00582658461191246
-0.0475877930285717 0.000962146584323838 -0.0219120356740216 -0.0178108004752629
-0.0583556326800182 -0.0192656865571863 -0.014099055317464 -0.0489663297520243
-0.0462972249666742 -0.055840072155719 0.0186871910315451 -0.0726114950770621
-0.00145511848566698 -0.0744901542187405 0.0650815240242577 -0.0393234858701354
0.0711480630747791 -0.0558407710549014 0.0648777525773531 0.0297691560125591
0.100324706699096 0.0306768456229384 0.00982346046642937 0.0656462824180838
0.0665871620783604 0.0937377583517114 -0.0344692490130972 0.00143957003229715
0.000429700091435823 0.0847598139794569 -0.0222548729455761 -0.121906854560848
0.0342000473174533 0.076265695864725 0.0241705554375379 -0.106432002317609
0.0637860648460981 0.0324114734800166 -0.0012028521888766 -0.120970685154302
0.0495688703175658 -0.0299893399894296 -0.0514318682049168 -0.0869514707573372
0.00255897977877687 -0.0519313608165567 -0.0776162061831636 -0.0323340188403084
-0.0337557699332695 -0.0387023954814666 -0.0665843765269474 0.0158808564487752
-0.0424554514776411 -0.0104304040298038 -0.0455134811192245 0.0268318696276668
-0.0380802926307396 0.00157231997682075 -0.0329137051356092 0.00653460467826262
-0.0387235123598403 0.000482159181390089 -0.0372687696871636 -0.0175454075591568
-0.0447141595592334 -0.0171452626973466 -0.0280019265598729 -0.0518097019152454
-0.0329505363137987 -0.0473128981549833 0.00697468067792693 -0.0794146761332026
0.00585808415410953 -0.0591823273080896 0.0613417886341325 -0.0499843134662794
0.0608632517344091 -0.0334514517079713 0.0630591931838198 0.0195986017529824
0.0700531103060151 0.0365201599708461 0.00669326180108195 0.0536853671894334
0.034706863189645 0.0731630552194816 -0.0418616794755991 -0.0251307227896294
-0.016943679436883 0.0360402896890473 -0.023722077232555 -0.140885340509133
0.00244615475443651 0.0432409257631593 0.0231084295377586 -0.109317601285279
0.0250968461787078 0.024630953522479 0.00838706334640447 -0.114391746833427
0.0259270085563407 -0.00878171308277138 -0.0367695703672981 -0.0928313936264156
0.0049899322319082 -0.0241325417758101 -0.0751180766069534 -0.0476904774004488
-0.0151253287616214 -0.0230244208327824 -0.0769255177362257 0.00356743751695939
-0.0236612891316064 -0.00827378329604925 -0.0591195448181989 0.0229816595831994
-0.0227548788931505 -0.000509714409752252 -0.0448025076077775 0.00527874527709244
-0.0250944402609007 -0.000499370144636415 -0.0483891212021094 -0.0194890407473694
-0.0278660737463571 -0.0134025539617522 -0.0362909084439271 -0.0553133787527217
-0.017333852651313 -0.0336586978151462 0.00171714655847573 -0.0841997569266806
0.0126368162601126 -0.0403368365323682 0.0617227528230133 -0.0540886625158035
0.0466883075250353 -0.00912371254577903 0.0612875018150239 0.0161987551274615
0.0349365438745588 0.0389195558442933 0.00441090260984094 0.0450033324058422
-0.000886424433180482 0.0455963300544475 -0.0409466319335887 -0.0456049031975455
0.0277719944708078 -0.014259304782077 0.0521555239029625 0.0636292153005371
-0.0056736337958489 -0.0233211639387756 0.023632925226965 -0.0457250873082414
-0.0219946636572208 -0.00355057165907228 -0.0641792273921798 -0.0253326954385987
-0.00582157880963988 0.014847421478147 -0.0767921515766852 0.05514128615569
0.00480923513671719 0.00763114374125997 0.00103346266625474 0.0964782956944984
0.00612328655784966 0.00475023528658117 0.0511700735722785 0.0619006398898617
0.00746110740039007 0.00100853482551897 0.0557370983299311 0.0233780478854369
0.00206135295380021 0.00134058505472897 0.0531684753024899 -0.00538335592431729
-0.00067062130985124 0.0036163468640467 0.0565266218397089 -0.0215465049438085
-0.00747652293789227 0.00474019108881549 0.0718342876670045 -0.0120961051770708
-0.00846041883290103 -0.00309215348620835 0.0738576220634444 0.0326500709838535
-0.00193813817096193 -0.0103081040499666 0.0404930827685944 0.0833280836659639
0.00888567364789095 -0.0181850445552161 0.00394659268281434 0.103095067936321
0.0265816938143866 -0.00836144765998068 -0.0217740490599982 0.112486130354728
0.0386119896686183 0.0141639656083464 0.0241879545743691 0.141360695930692
0.0504026959395839 0.0247042304329175 0.0400815636234124 0.0621801881742443
0.0269882713627148 -0.0111319939799826 0.0260069652029171 -0.0446517853372656
0.00395809444720684 -0.016090223897957 -0.0665323552174695 -0.0377146057598321
-0.00273033123758489 -0.00798155323815168 -0.0871114723798453 0.0485495257777497
-0.00798898660951225 -0.0120980124970545 -0.0100361513371884 0.098692424711859
-0.0139209824714894 -0.00490159289061384 0.0463570067080254 0.0673646641512356
-0.0117849633555737 0.00157965100501545 0.0542709979309387 0.0263191199110929
-0.0165005264614307 0.00398670079035099 0.0495697168394477 -0.00431430329937801
-0.0212765772620697 0.0025383445148073 0.0494653291291873 -0.0223696047986228
-0.0307636330261215 -0.00752272870125684 0.0638460933124458 -0.0225464643940739
-0.0208268795781344 -0.029500078245481 0.0755467575922096 0.012016350055826
0.0105868426966965 -0.0379550675797952 0.054106787778863 0.0678435012412515
0.0463023775308584 -0.0251607805693777 0.022004986562191 0.0981505831830167
0.0659094729949046 0.0177822748611309 -0.00847660876342963 0.107136273748241
0.0625315916200955 0.0594775763022824 0.0223277031095949 0.126399633401115
0.0621807624873034 0.0658712059222537 0.0233394429865595 0.0455064308071146
0.0598684282855936 0.0123418063212169 0.0264168943234885 -0.0500433161496811
0.0386700191214919 -0.0212485593981198 -0.0667742820796577 -0.0588452400265531
0.00836018609857321 -0.0343553051606312 -0.0988229864649179 0.0330947386586426
-0.0175054618175468 -0.0354160857027127 -0.0272470865998908 0.0925876371256639
-0.0335565789352984 -0.0171355635358511 0.0327860386236848 0.07003009227553
-0.0311327456257378 0.00105255465601905 0.0448405490619855 0.0295750635494246
-0.0330485233255606 0.006010688173994 0.0399709286945861 -0.00218963592671672
-0.0371020270350924 0.0028348296679039 0.0353641962191326 -0.0228818779217996
-0.050746740609136 -0.0135961157863175 0.0474220500798365 -0.0339648399430283
-0.0376432399132134 -0.0479081418638816 0.0689557940254399 -0.0161057780667845
0.00853228135545207 -0.0633873241681742 0.0687645964458472 0.039404166814244
0.0695491652066857 -0.0458440987992969 0.0438304690584438 0.0851984624413491
0.100410159692396 0.0251744762975157 0.0058853604091565 0.0986240797010801
0.084649816817588 0.0891247155284278 0.0150226785074783 0.0999254864043853
0.060714643468745 0.100740769517566 0.00503651932260216 0.0128943049538568
0.0826497385894823 0.0438287352476897 0.0254451870420777 -0.061866902545462
0.0749862611406509 -0.0154406899923787 -0.0616298519005822 -0.0837177859471204
0.0279721387364352 -0.0556634136906713 -0.105077482791761 0.00533838913178771
-0.0205840764779185 -0.0582581554664132 -0.0485317221951963 0.073316051764941
-0.049006379223051 -0.0305066300132218 0.00969896571657899 0.0667257210473353
-0.0466296594133902 -0.00127025416269037 0.0271192390845134 0.0328258814083771
-0.0446900250856301 0.00761214227899124 0.0241254775874248 0.00154672593488608
-0.046475036672503 0.0040799436721136 0.0166320728605765 -0.0215993315763149
-0.0626251054345896 -0.0152255846266262 0.0252623917358895 -0.0418036664117996
-0.0513881035932373 -0.0554433309147354 0.0522244503383534 -0.0423282580303364
-0.00189690143870573 -0.0786419262171369 0.073213740129154 0.00629008946685155
0.0767118259274934 -0.0652390193839277 0.0603534852274728 0.0636610987416771
0.119343229881334 0.0212196703731094 0.0147639870209564 0.0875694313739011
0.0967713927881572 0.100423195949894 0.00104458650133263 0.067135297989448
0.0484963024573368 0.118677459438274 -0.0114804377811742 -0.0324930274835461
0.0872085891850881 0.0720089602865028 0.0216167547074716 -0.0776429496635907
0.0964453338854847 0.00105809413297846 -0.0471677972767097 -0.104855559495605
0.0476302331086322 -0.0637567887222086 -0.0991313663860849 -0.0303076591014185
-0.0162311401135165 -0.071260105748083 -0.0667773481256836 0.0409396890745254
-0.0550252983072775 -0.040066234259277 -0.0182832356874473 0.0541079073729331
-0.0542802858876427 -0.00475444367916009 0.00336865689705776 0.0341895775113165
-0.0490413917246431 0.00798745636453972 0.00491816255245055 0.00510259030468419
-0.0494563204860277 0.00502416882988413 -0.00346809818426415 -0.0186437063536166
-0.0642209637447958 -0.015129270175465 0.00249983967961748 -0.0456148033575054
-0.0557048368549339 -0.0549800234669065 0.031155168078713 -0.0612123398554493
-0.00804596141085693 -0.0802915646019177 0.0685450121912879 -0.0221116521665095
0.0725145552584986 -0.0702360949168715 0.0659983053025853 0.0424135377075173
0.118010470291796 0.0180110778487956 0.0157633030896938 0.0755325837992105
0.0920993918617766 0.0977331592249651 -0.0168271323354329 0.0341802911555706
0.0276319805421876 0.112670002172899 -0.0218456230428851 -0.0793099072027249
0.069189592840401 0.0841504561844625 0.0187072168080306 -0.0932273710653578
0.0921136464408599 0.0199986960047708 -0.0278230687340431 -0.116415916630029
0.0556128452063585 -0.0533951555761819 -0.0794010468500569 -0.0612701953159066
-0.00813852646697785 -0.0690091789681565 -0.0768532804438084 0.00381966389679112
-0.0495579402934073 -0.0420526211677919 -0.0447068397754595 0.0367520143886186
-0.0529442867158429 -0.0070908514420384 -0.0212303338227995 0.0322092309193739
-0.0464190915908923 0.00652320588112884 -0.0146090415304657 0.00712990421813999
-0.0461467306780759 0.00422105530554025 -0.0218157405786653 -0.0156501451417689
-0.0576166512119285 -0.014596566028386 -0.0169486305107406 -0.0466957141965847
-0.0487222225940841 -0.0513482269986791 0.0123404659219896 -0.0717967418332928
-0.00589474129828749 -0.0713771964053342 0.0610965364396917 -0.0415698988513203
0.0651224583834424 -0.0580939403690891 0.0659272170280101 0.0262798140021146
0.0988882518052966 0.0228330749024318 0.0138470120605153 0.063668948040921
0.070630078809362 0.0869126652963044 -0.0324899285666874 0.00366706998476687
0.00589988857119961 0.0815692652366119 -0.0282954406378606 -0.116350094419788
0.0378794062550326 0.071809762929764 0.0176664712518396 -0.103964957077934
0.0638638603123868 0.0275979631446399 -0.0083005640418795 -0.11706117768076
0.0460598401268444 -0.0322776521616233 -0.0559912489494176 -0.0814490519422562
-0.000296536723252879 -0.0502878257862166 -0.0777847701276339 -0.0267002011962246
-0.0355602248735376 -0.0348883431220271 -0.0642728115095137 0.0191661641605774
-0.0414805085774486 -0.00753818943818565 -0.042484765859961 0.029228942368408
-0.0367702623626614 0.0037463683631089 -0.0313939808608565 0.00792563948206589
-0.0366737767065305 0.00294119779349504 -0.0374731316694397 -0.0145573489996165
-0.0444035082412218 -0.0137422241441969 -0.0309745771083949 -0.0484036691570829
-0.0348568335300502 -0.0434526660579567 0.000923329399084325 -0.0778781477056446
0.00219484065003508 -0.057265447340883 0.056380130936206 -0.0520889776198731
0.0568183857865322 -0.0352411378293989 0.0626574263999818 0.0156947289297889
0.0701584504764202 0.03102753642217 0.00998329902675268 0.052520266835508
0.0377911360036347 0.0687169114234862 -0.0416032177484057 -0.0221621319442399
-0.0142098098454928 0.0361830021860069 -0.0312674262255943 -0.135356939504743
0.0049603852841637 0.041921933297352 0.0161577018330963 -0.107024099034848
0.0254979214348939 0.0220472311243581 0.00139975117619256 -0.111270640690507
0.0245741221770643 -0.0096798717423486 -0.0411333941751862 -0.0887708097571798
0.00322457095111964 -0.0238169782868897 -0.076089657258492 -0.0414765439038506
-0.0164729185510788 -0.0210781648982744 -0.0748096806878805 0.00888940545947609
-0.0231355343974922 -0.00671302223670148 -0.055467386766483 0.0259619552476647
-0.0211208998045687 0.0008859939542858 -0.0430170662833541 0.00809608427852577
-0.0233416880396151 0.00160251440792808 -0.0481439731548575 -0.0154883892018231
-0.027775967065253 -0.0104164259899682 -0.0390657718830028 -0.0516653282022225
-0.0195000348771563 -0.0318347821245301 -0.00340382923789629 -0.0819134715817751
0.00940917162117873 -0.0396427331422634 0.0570638220378797 -0.055897020119855
0.0443866996509917 -0.0114753642027512 0.0605294159123156 0.0127484831757421
0.0363025386633521 0.0355247334575918 0.00747248322767002 0.0436013037960271
0.00154484124527876 0.044308481321599 -0.0425394759557881 -0.0417401543726108
0.0255609774418163 -0.0144052956953357 0.0515497315997903 0.0595103349232079
-0.00589327495298915 -0.0217450385865434 0.0223990812500128 -0.0442212908471043
-0.0207888609018256 -0.00261887401132453 -0.0612433531419522 -0.0228969433212726
-0.00520846178511869 0.0142398778727697 -0.0722119893823168 0.0542666154015906
0.00428875566349749 0.00736099181398212 0.00281890430227766 0.0912935191302914
0.0056408101281086 0.00426912814879445 0.0497230623583463 0.056755906581123
0.00670602201606576 0.000451303362232962 0.0539023779105697 0.0214095534333728
0.00180778915303913 0.00108236260833213 0.0503406376520449 -0.00570124741573593
-0.000933124933416427 0.00354334545873398 0.0533730650012384 -0.020668194632213
-0.00678090033386419 0.00445381564032455 0.0671653885298556 -0.0133211044162292
-0.00748791736070095 -0.00255458245022338 0.070875501292247 0.0299489620194283
-0.00198638684911507 -0.0100844848769869 0.0408227478282644 0.0788024764627259
0.00735431058439195 -0.0170961326695804 0.00515170894862069 0.0971778862602514
0.0245526230115134 -0.00852734175955344 -0.0198454432738629 0.10700808077404
0.0366214866379345 0.0127353315798079 0.0251270330485187 0.1335346269651
0.0485785081370845 0.0214627391893083 0.0399381539508225 0.0584288129889226
0.0252949856076369 -0.011188721308371 0.0247172355830853 -0.0426981512901234
0.00363232236558478 -0.0152448269673646 -0.0637670750571887 -0.0356127517950811
-0.00294657948063156 -0.00763205280536621 -0.0822377084902466 0.0479100362014507
-0.00786695923659434 -0.0113138287788762 -0.00734121098575876 0.0937036731613455
-0.0133250277155124 -0.00411041014292605 0.0448848607170749 0.0626096921756826
-0.0109631617224447 0.00162022906339368 0.0519024442450724 0.0236604010342534
-0.0153901911607526 0.00380703708297182 0.0470073458298925 -0.00477215818540366
-0.0200287428738104 0.00280943870052293 0.046166636440068 -0.0220923651443403
-0.0296328464403449 -0.00596611509122947 0.0597485540090691 -0.0220440310111473
-0.0201125263408868 -0.027623841364748 0.0714639742528532 0.00989560795788451
0.00942395702533144 -0.0363251108005758 0.0532942486542972 0.0634682550735094
0.0428313379780395 -0.0246977230606315 0.0223865951635931 0.0925320898523589
0.0625250466644652 0.0159251608180271 -0.0063348208240574 0.101996549098115
0.0608059758205591 0.0557598143401963 0.0232410305817184 0.118943227819375
0.0603549149099113 0.0602582526504833 0.0236177536239403 0.0429553197751533
0.0558547524413647 0.0104145495591184 0.0255780314202776 -0.0481669807362091
0.0360774921868819 -0.0211664648078795 -0.0645959914831181 -0.0549077265829674
0.00753149202145076 -0.0323473281963744 -0.094027334193245 0.0326511841155877
-0.0174602166581536 -0.0331346669861571 -0.024541249283612 0.0883035130048667
-0.0324031234037428 -0.0151728038647374 0.0319188049907461 0.0651364340157056
-0.0294111627842846 0.00107665953078529 0.0422789598691377 0.0277755222006547
-0.0307197428913312 0.00627640620170186 0.0372343353506945 -0.00235861329159397
-0.0351926029459839 0.00359526265573668 0.0325262695926395 -0.0225754609334133
-0.048601830563241 -0.0114175745991117 0.043869906671799 -0.0329209361043244
-0.0370451167941626 -0.0437431374491946 0.0643818269710125 -0.0169113022715136
0.00642873651690769 -0.0597860893357373 0.0659008052629976 0.0366705681574892
0.0652264755566091 -0.0443905898600053 0.0433289060882774 0.0798371014838322
0.0953513996943793 0.0215439712346992 0.00693143883737133 0.0937577922212013
0.0817876018398824 0.0828104877199555 0.0164815862036432 0.0936553122522846
0.060002483316914 0.0939102020800019 0.00612550274274971 0.0123377017507672
0.0787306364718417 0.0395629000568386 0.024003881379631 -0.0582814715136328
0.070484622857012 -0.0164657040563869 -0.0599205783726891 -0.07875734612217
0.0254997109657615 -0.0532646034562026 -0.10008377113556 0.00637087608384407
-0.021238965791799 -0.054523256965811 -0.0450133731865837 0.0706148170033089
-0.0476684970083556 -0.0269226060984512 0.0099800160637693 0.0627431751114116
-0.0440281605257077 -0.000176774906065427 0.0256845369325298 0.0306467407021224
-0.0415826280948025 0.00808142761977344 0.022800001830698 0.000998105461234145
-0.0442288387437563 0.0048603469304262 0.014649486597594 -0.0200343232348986
-0.0600245603654384 -0.012471328113615 0.0224076804310376 -0.0398865518061558
-0.0502597591694283 -0.0507526449369795 0.0473820253443722 -0.0416278390475703
-0.00292742224379561 -0.0741129073992547 0.0699781180308959 0.00487886158317903
0.0712059287271891 -0.0638863850593712 0.0585985744083703 0.0596822705611201
0.112977099280017 0.0172801149540353 0.0149288613067053 0.0831200696680147
0.0936867931476823 0.0929034137941533 0.00277718650232216 0.0638469131514459
0.0479100876508252 0.11100402539327 -0.0102339281792503 -0.0295063936687126
0.0836333576309209 0.0662235558262627 0.0204853165670175 -0.0731473789291907
0.0913363255595211 -0.00053043710052498 -0.0467415870485438 -0.0991979319890335
0.0439761316286332 -0.0613404810165452 -0.0948022035529511 -0.0270833287186092
-0.0173614661754979 -0.0671475294943797 -0.0636035997825707 0.0401994963732101
-0.0536529082660123 -0.0359976903835215 -0.0163421862786498 0.0521542052612397
-0.0517870477915835 -0.00262005734588443 0.00422649778606414 0.0322323393751608
-0.0456136679438571 0.00875819597981793 0.00422403183235445 0.00431370388058833
-0.0467710429264985 0.00540180452743952 -0.00420550905080353 -0.017137129087326
-0.0615787972416562 -0.0125920822600735 0.00103898094643175 -0.0428662033670794
-0.0543434240377396 -0.0504489324364947 0.0272535750900239 -0.058871741796059
-0.00947505294646157 -0.0757340695568813 0.065141671598337 -0.0220396780747336
0.0665690179743554 -0.0678027589009204 0.0642661839573491 0.0394996192343253
0.111635143973331 0.0143842803365107 0.0173713296900528 0.0719305068409172
0.089006854615024 0.0907450592121335 -0.0146386740963923 0.0329909788895682
0.0282277615020542 0.105244708959161 -0.0221678671987291 -0.0736372856072448
0.0669191204761984 0.0780497360523939 0.0171259966214248 -0.0880062947699839
0.0876701191851084 0.0174500048060354 -0.0277382684269825 -0.109763902308484
0.0518164054555021 -0.0514259078693551 -0.0766047826271198 -0.0574813547454059
-0.00902803392353491 -0.0644084198412496 -0.0731236400382924 0.00520679716690896
-0.0484932251520881 -0.0379130418782648 -0.0415294483841794 0.0357652199360967
-0.0509011154834212 -0.0049270151818632 -0.0195308809467336 0.0304282002293476
-0.0430825607079189 0.00751645783679499 -0.0140273367509432 0.00710602944291733
-0.0434974737268758 0.00543077382911757 -0.0216462781905982 -0.014225899487895
-0.054822271524876 -0.0127586541656464 -0.0170689975130185 -0.0436497849135882
-0.0481173806124391 -0.0465126305007455 0.00917184644137642 -0.0684305889279822
-0.00721714349492591 -0.0672835410888595 0.0569253508527064 -0.0402856446273323
0.0599099933439162 -0.0560158573092282 0.0627599988992235 0.0240533138835356
0.0939304024500342 0.0190354927360279 0.0144114580744385 0.0602909553343692
0.0681494908638229 0.080960843191953 -0.0308088408309318 0.00419997491954503
0.00710821029693576 0.0771909547018901 -0.0285179537718364 -0.108547571236714
0.0377923628744041 0.0674037815484411 0.0162158814865358 -0.0983271708346136
0.0609904180561744 0.0254239867982409 -0.00984350278484727 -0.110761756930394
0.0432365084576058 -0.0314901986143203 -0.0548781324313335 -0.0768885072149742
-0.00179681567100859 -0.0475192621988768 -0.0755169414717875 -0.0235926797320749
-0.0352102202400017 -0.0316735271282275 -0.0606126358735247 0.0205885000496754
-0.0397131879292586 -0.00601142100787583 -0.0391823361557779 0.0290063116327166
-0.0341001988506576 0.00462325864829029 -0.0293900456367229 0.00798869011250899
-0.0340835201876256 0.00343765911088186 -0.0359114381255208 -0.012641445081773
-0.04200932996023 -0.011710070826016 -0.0302881371659972 -0.045094347894198
-0.0349105635034648 -0.0399420799026225 -0.00126047605435375 -0.0744880070117775
0.000920905218099768 -0.054213294438708 0.052578694485269 -0.0500820947318622
0.0524481485787416 -0.0339786158846108 0.0603496170071742 0.0139748351056913
0.066880258092396 0.0272793537324256 0.0108268218211427 0.0497207403143939
0.0365765715276006 0.0641763865856968 -0.0399692376372768 -0.0199787767191998
-0.0119077046677784 0.0338329739984149 -0.0323261858697657 -0.127352736924958
0.00563263632800754 0.0390077878657048 0.0143125317768468 -0.101489972568385
0.0245754101629867 0.0207037371279587 2.74745269778398E-05 -0.10539446545829
0.0232037284388692 -0.00977022342868018 -0.0410213671889437 -0.0833698466614873
0.00251472485821424 -0.0225267224258554 -0.0742215265594063 -0.0380780398884173
-0.0162849454950831 -0.0187624794695368 -0.0712417526466911 0.0106607642542384
-0.0219251305638754 -0.00572199798023855 -0.0522934314669019 0.0258442187639609
-0.0202504208725376 0.000711313509861839 -0.0409479737198765 0.00865924076793137
-0.021780956448624 0.00193367526500004 -0.0455139200526259 -0.013514526972808
-0.0267833176520971 -0.00919462163122918 -0.0377000488888907 -0.0488024413405617
-0.0195540717239162 -0.0291129046683026 -0.00598708681969541 -0.0777199580368305
0.00838068269075338 -0.0373873266933263 0.0531318109269257 -0.0536278542741294
0.0418867236576224 -0.0112378747544155 0.0579583006470218 0.0115876193137952
0.0346242068693078 0.0323918327114329 0.00834850734572629 0.0417132867842513
0.00172357165734687 0.0418478060845863 -0.0410379516787324 -0.0380967635365675
0.0247222056921415 -0.0133404385640453 0.0498729292787289 0.0576443481820039
-0.00542592744055945 -0.0213209121281972 0.0233260285156314 -0.0429012573110974
-0.0205123273860402 -0.003118270375476 -0.0586644747325458 -0.0243365263923305
-0.00536842558728799 0.0134653990539538 -0.0715328150751345 0.0512173636437726
0.00378173455428752 0.00660160566411399 0.000957561075089945 0.0878283112859091
0.00567461836135789 0.0042513986793933 0.0471314894096277 0.0552956341143516
0.00653208031789067 0.00064502623832758 0.0520507513102975 0.0219909919334224
0.00181332415401389 0.00123766680663338 0.0484524274765919 -0.00430502080331636
-0.00125934713174241 0.00368833164588998 0.0517362326612308 -0.0187688624534283
-0.00612338062391915 0.00417298912707304 0.0650883165612289 -0.0115249133452923
-0.00684407878710172 -0.00252416095223108 0.0676705291335615 0.0299350425766049
-0.00184804366671239 -0.0094745773211254 0.0373935908589417 0.0773462297391982
0.0077798691919089 -0.0161148999726311 0.00253747746198582 0.093393238963041
0.0238574047572453 -0.00702722526383391 -0.0223470127850132 0.102527511044662
0.0356590280300858 0.0132880324842147 0.0213842169284881 0.12879773137448
0.0456122267463528 0.021219564832313 0.0382036877693102 0.0565552143396067
0.0240807327634561 -0.0103361749744374 0.025876314352611 -0.0419425004201169
0.00352469919946012 -0.014653091041639 -0.0606681938585818 -0.0365772981351232
-0.00204226896895236 -0.00737566001691368 -0.0807876145479161 0.0447974747889956
-0.0076354754829466 -0.0109610100831499 -0.00923662295064921 0.0897838126265996
-0.0125261345855021 -0.00386444458849285 0.0423381502676199 0.061041844634992
-0.0109884070572351 0.00119751968211573 0.0492593516527935 0.0245606149279724
-0.0150580786682964 0.00321866252181778 0.0451668158434753 -0.00354105013443298
-0.0198589544928904 0.00265079954107431 0.044627691177925 -0.0199947290432966
-0.028592577112659 -0.00620799908569791 0.0573525949554941 -0.0205649853774015
-0.0189712272162923 -0.0265905941113899 0.0689718138742986 0.0104932169325202
0.00985528897850615 -0.0343838307675692 0.0502318246427274 0.0632417790798989
0.0413598386683861 -0.0224624307411947 0.0190655481715574 0.0901202124187467
0.0597170155699353 0.0162713098529191 -0.00928236578448337 0.0979888726813251
0.0574626991682937 0.0552797721485226 0.0206587897112772 0.11461799000681
0.0570276007972726 0.0583174937742221 0.0231878346615383 0.0426956395243377
0.0532095556512461 0.0109415356404235 0.0272982664887369 -0.0454509843971018
0.0352906094598003 -0.0194608120878847 -0.0613228977308883 -0.0550329417870752
0.00794378199654696 -0.0313580858375154 -0.091408624944349 0.029299099316923
-0.0163835981795909 -0.032193122831031 -0.0258439620037904 0.0846558983961119
-0.0309548306676927 -0.0144629187248076 0.0296282971113411 0.0635626067139315
-0.0283408332693754 0.000712419531879426 0.0405616335637221 0.0273117916963788
-0.0298980242787242 0.00508784574875465 0.0359956663764783 -0.000879479440712155
-0.0340025904490825 0.00318157257583034 0.0319224318137897 -0.020253903531717
-0.0471150008311846 -0.0113133329182973 0.0419664619898941 -0.0307525913911292
-0.0348921179654328 -0.042126574789922 0.0617873439794459 -0.0154699689890845
0.00759870466826887 -0.0578791780861119 0.063498967343875 0.037329027635381
0.0633269822916657 -0.041433475973181 0.0402021327454116 0.0780534791847984
0.0911524671267921 0.023054496065047 0.00430212612874136 0.091072057550696
0.0770448632659205 0.0818485561874912 0.0143065696116769 0.090217239581616
0.0560359033837043 0.0903834132016611 0.00632873819658353 0.0126548196214278
0.0748190396353871 0.0393978576017998 0.026283622323209 -0.0553634536879731
0.0679804765926433 -0.0138139963156448 -0.056367902471238 -0.0776491692912703
0.0254720944303649 -0.0511849251260833 -0.0973928189779841 0.00354373891112512
-0.0198206368496578 -0.052529700567201 -0.0450889635394342 0.0667651178952635
-0.0450495102233637 -0.0260591165124693 0.00876552917231096 0.0607786680712448
-0.0425349992930382 -0.000782941974751122 0.0241702563527314 0.029727356075762
-0.0398185467127689 0.00700237350380229 0.0218012225707676 0.00191561681232726
-0.04278415874577 0.00386640999961871 0.0140806453892057 -0.0187331149547077
-0.0575271943961594 -0.0121349943465303 0.0218146650729065 -0.0383217839610398
-0.0479390837501041 -0.04889613227624 0.0460298212136235 -0.0394432066624353
-0.00183376985459642 -0.0716597783158058 0.06754020475242 0.00654303481520248
0.0692141298034917 -0.0594933409661405 0.0553801919618681 0.0594218192202391
0.108647405446412 0.0189297411435701 0.0132561151497586 0.0810514706436617
0.0891601607082454 0.0914573281804898 0.00181734171184965 0.0609968620035624
0.0444100450845522 0.107121498658105 -0.00852634816056483 -0.0283139166591089
0.0789171889274572 0.0654009209295935 0.0224913910702509 -0.0689084833148285
0.0881764243305656 0.00149930324055677 -0.0427790676101438 -0.0966436423515645
0.0435439441752269 -0.0583151746143227 -0.0910191013232918 -0.0286143660208375
-0.0160872143869982 -0.0650159102655212 -0.0622888969574589 0.0384048487164428
-0.0514643902399529 -0.0350113485447151 -0.0164222224228757 0.0498524812873333
-0.0499698767954777 -0.00268175660133427 0.0033918707934887 0.0313033719412954
-0.0439595758902856 0.00713611148974581 0.00399618958480164 0.00456655842374984
-0.0449890370940584 0.00477131107004555 -0.00413121582720239 -0.0160463099553659
-0.0593795912528012 -0.0127251851200315 0.00113453197046555 -0.041247881898168
-0.0517021112121579 -0.0490898327966478 0.0262845539668944 -0.0562646038529488
-0.00772073399684454 -0.0730403694555845 0.0635873478212798 -0.0198166597700325
0.0649011131136254 -0.0638956264058803 0.0614567307401378 0.0399273220130436
0.107104370384852 0.0157080823066636 0.0157861204683198 0.0702261609088586
0.0844546600990937 0.0899269910631238 -0.0143121214380268 0.03073271679753
0.0253690062844023 0.101506414171944 -0.0191195345297688 -0.0706232037566948
0.0633256380941328 0.0762711863306083 0.0194600204680293 -0.0835594140679198
0.0836994105980372 0.0188529120075007 -0.0243078148606373 -0.107131162856038
0.0509071433078236 -0.0486938545899671 -0.0728284163657411 -0.0577639044433718
-0.00791847737245504 -0.062499032719189 -0.0716804963131229 0.00381794260840998
-0.0463579878681752 -0.0369221729634418 -0.0409555838048503 0.034354730449786
-0.0478807805627997 -0.00549626831515445 -0.0191030026063174 0.0295898244418973
-0.0413077088424838 0.00581999923063351 -0.0136174721990772 0.00666376506248636
-0.0417504781693624 0.00414307509741259 -0.0206539638242131 -0.0133112039141413
-0.052976327777463 -0.0128258363643213 -0.0162097745829667 -0.0418542388799389
-0.0457678530327923 -0.0449033490680427 0.00957528683783078 -0.0664766752786577
-0.00542903403723937 -0.0655222003826155 0.0560464738656627 -0.0378787387167226
0.0584699545308414 -0.0521232051407156 0.0608866438971275 0.0252906929591609
0.0898679060675906 0.0199722839394408 0.0133153806766365 0.0592054657772339
0.0637887195868133 0.0790090469321249 -0.0297978207528384 0.00319221698809404
0.00543047108887572 0.0738203774122168 -0.0252891140626452 -0.104726016375183
0.0348778567440859 0.0651377164503654 0.0180788476354228 -0.0934255662472109
0.0579693899835461 0.0259147678727604 -0.0065378744058799 -0.1065901489312
0.0421173991451092 -0.0296825690131758 -0.0510340779327659 -0.075650687883175
-0.00113465787874132 -0.0457919144899726 -0.0723363912784397 -0.0239619094322597
-0.0332804456754794 -0.0307060042320605 -0.058800249397293 0.01913420397531
-0.0379479237899269 -0.00636268065856459 -0.0383374833873206 0.0272095379834352
-0.0325821721578397 0.00353283706502992 -0.0289475721565479 0.00777753453842247
-0.0331784850915704 0.00328413234590599 -0.0341283776149549 -0.0127656538430985
-0.0410103193193473 -0.0121025844072906 -0.0284158157632701 -0.0437030287182328
-0.0330658935754333 -0.0391133625199872 -0.000893702930215673 -0.0715102046957591
0.00193178605312414 -0.0525036245073764 0.0521502902447514 -0.0467597807704429
0.0512317225425598 -0.0315735152490246 0.0578139027984444 0.0155695989206624
0.0634583386543827 0.027401685716974 0.00982543872123012 0.0490948617787942
0.0339673730285208 0.0628878296722533 -0.0384222816738043 -0.0204418520198335
-0.0122014146992771 0.0323019548967884 -0.0280976556817513 -0.122637276419965
0.00493690989173813 0.0373268153583031 0.0157855497725735 -0.0973089774770998
0.0233015173808035 0.0209420068830177 0.00251446700720677 -0.101356447352197
0.0229097383418701 -0.00897470675260107 -0.0376406061529369 -0.082027168197166
0.00253950229416244 -0.0215721965311054 -0.0712348216495626 -0.0373634360835491
-0.0156108639415868 -0.0180098508342184 -0.0691929123133864 0.00963931977918112
-0.02179302314878 -0.00610131653884496 -0.0507592931162248 0.0246434597427195
-0.019289974585965 0.000612151666030745 -0.0394980263928255 0.00737893607255627
-0.0208725342480322 0.00136345863201619 -0.0439195898433476 -0.0138334036534909
-0.0255117367928459 -0.00937319902363059 -0.0360834364401788 -0.0471296614855646
-0.0182646407396681 -0.0281688515557454 -0.00468067091027224 -0.0750405597193954
0.00864097969267166 -0.036073344578875 0.0530452135261111 -0.0508651402616046
0.0406723130098054 -0.00948603403429558 0.0561898111146574 0.0125730241247963
0.0331126558477234 0.0319103986012405 0.00691193477857068 0.040628698785009
0.00103645204816729 0.0403938584058195 -0.039029177695966 -0.0377801038422609
0.0256666675465734 -0.00969965307105419 0.0417123972433104 0.0670335195069071
-0.00245558971692746 -0.0217408036184717 0.0318633245344878 -0.0391382832628493
-0.0187568765697655 -0.00656375072049715 -0.0536826304786233 -0.0354417083352621
-0.00722831502420498 0.0112890422584368 -0.0784840047984531 0.0387917702865154
0.00213521173445246 0.00757374131593347 -0.0135064459908173 0.0861257009327462
0.00486816118572264 0.00456974537826443 0.0372505587763682 0.0629411490888968
0.00638713412338001 0.00101645687098986 0.0482839900610415 0.0302986805529303
0.00139825623388751 0.00119717159525715 0.0490844909080753 0.0041085229470861
-0.00149325501835561 0.00261265195899308 0.0546619433101538 -0.00976800237087382
-0.00671471419673302 0.00240621573760583 0.0659335693767292 0.000462712138587354
-0.00540473838030277 -0.00424359874773718 0.0619680277831062 0.0422942986402272
0.00116230077167094 -0.0107522595574511 0.0229965648172684 0.0843158894473719
0.0119323075077341 -0.0125797191664822 -0.0156831363033814 0.0920012868151668
0.0259389091163217 -0.000999974995613992 -0.0422958500109964 0.0967882048785909
0.0335602986924809 0.0194428790031332 -0.00345865497132237 0.131978027129377
0.0417872645251172 0.0278183988564375 0.0270625034163073 0.0643774281485376
0.0247239875117832 -0.00583536303391673 0.0333805976475733 -0.03560072343278
0.00616402579330043 -0.0135069415609085 -0.0536006569600182 -0.0457545673554417
-0.000561242209565741 -0.00833563419281242 -0.0858359652409688 0.0315601990434545
-0.00589973490757997 -0.0119893766879798 -0.0226812075446288 0.0871015768864346
-0.0117182104651046 -0.00627081132329632 0.0327405578430176 0.0674037020840226
-0.0108927522719085 -0.000600806286318915 0.0456864799929591 0.0317360854920109
-0.0151327938933888 0.000558904271263119 0.0455985013795701 0.00482915975204047
-0.0196582707391188 -0.00117730213673123 0.0479402311923027 -0.0113524308836706
-0.0266598611638608 -0.0115440919030439 0.0602119868808474 -0.00968408029729748
-0.0133305433473691 -0.0297299024589586 0.0657261895790396 0.0238087204849412
0.0171817473826262 -0.0327168165975358 0.0383388567559756 0.0731339508378606
0.0464256770806865 -0.0138123826063048 0.00138740355757679 0.0912053164828544
0.0556973927621848 0.0277396269706848 -0.0276968075006927 0.0939589057765384
0.0473343841137686 0.0644180897358535 -0.00214786391607324 0.117769827803903
0.046991059372635 0.0657867988620404 0.0116359648846616 0.0468939720014576
0.0504944549207816 0.0198761953046885 0.0336854550099451 -0.0391899310440033
0.0378862538459035 -0.0127023408086407 -0.0523742763564881 -0.0629286622501366
0.0140024288752451 -0.0292713250258008 -0.0946862580305915 0.0157746959111231
-0.0108446935092566 -0.0345346370652538 -0.0378114855147355 0.0801425412004831
-0.027511286055883 -0.0192477210509179 0.0199222183306234 0.0675002132990123
-0.0279543984106816 -0.00418938967103316 0.0364820455241811 0.0338145703598721
-0.0304129116113411 1.08877129292524E-05 0.0355737307818877 0.00537671901438513
-0.0336355606402913 -0.00324459448559064 0.034572067240506 -0.0136900384008221
-0.0436899407272461 -0.0192206025088782 0.0467992690705873 -0.022429711733347
-0.0259121772578072 -0.0470646151998451 0.0628834379797765 -0.00313338883067163
0.0189459227019692 -0.0562692415475703 0.0560947323881227 0.0500338673408267
0.0703043557514214 -0.0282502411443597 0.0239672126013321 0.0839854775680223
0.0853178691288104 0.0393476981819252 -0.0131192899953856 0.0877626648471316
0.0619985628281282 0.0948563825011669 -0.00287149652080698 0.0914438251729325
0.0407682124623925 0.0971773680594818 -0.00260489681390985 0.0137145504601182
0.0669226481804036 0.0512454332172783 0.0323258764128654 -0.0486857781976582
0.0686659954179269 -0.00192043161011827 -0.0444694146134102 -0.0823965982644817
0.0344184275085527 -0.0455742485162952 -0.0959232949964066 -0.00902302200717092
-0.0102837633105032 -0.0547116139004058 -0.0534003661335098 0.0613620427446567
-0.03948108892842 -0.0326136752314347 0.000950594999993559 0.0615464735992355
-0.0416601459493248 -0.00798143371571337 0.0207136202884853 0.0333867333496037
-0.0401384303585756 -0.000576552317703193 0.0206591488226983 0.00530837481305247
-0.0421541283713905 -0.00324781110770393 0.0172130050927794 -0.0152055063148077
-0.0544192258720284 -0.0228949626039878 0.0273723877346245 -0.0323638651178397
-0.0380247675555127 -0.0563616168898324 0.0508575220514021 -0.0302359259096161
0.0112329907944436 -0.0714802086673283 0.0658892153604915 0.0207307844561821
0.0784730686680077 -0.0457213442879681 0.0428544865795291 0.0688050181739198
0.103326091452905 0.0377156365015512 -0.00239560322061174 0.0802477279218351
0.0706190405682225 0.106888675319572 -0.00962146539413973 0.0591404494752705
0.0267771207716257 0.111599953366818 -0.0122309837345327 -0.0300096168690805
0.0662171876581436 0.0779019443593556 0.0296660807856509 -0.063385794529668
0.0865035380338234 0.0165384290334947 -0.0299144573139578 -0.09903002875578
0.0536321453678774 -0.0492430035225662 -0.0854343685821208 -0.0392704042116566
-0.003937785847158 -0.0661648201803277 -0.0658031740857125 0.029488567897348
-0.0442502161719854 -0.0421197534175838 -0.0221286886430423 0.0476482811400782
-0.0483016411710013 -0.0119391447215134 -0.000871794125705626 0.0316213983991994
-0.0438687114368949 -0.00107758508781056 0.00317340496940272 0.00527969570929721
-0.0442038906912069 -0.00330204325294297 -0.00120243611851457 -0.0153061358138977
-0.0557043745479603 -0.0228904965349746 0.0077800179093827 -0.0386747216512833
-0.0420772843813233 -0.0567771436258228 0.0341139487682188 -0.0498535310344375
0.00512387030951138 -0.0740035930802237 0.0664488197608091 -0.00615594050973132
0.0753095552645372 -0.0509627313214884 0.0523217714546922 0.0511017972792294
0.101901112505453 0.0348912611686747 0.00213804721867903 0.0696504466251636
0.0665178419521572 0.103705031949951 -0.0200535644980496 0.0266973381370094
0.00921405344282962 0.103195229143879 -0.014941046988986 -0.0751765187974671
0.0491362182077864 0.0859190672224251 0.0290257171842373 -0.0785223218104
0.0794788392778739 0.0338251486595443 -0.00979366241897258 -0.106463814568533
0.0589615720493756 -0.0383407745407902 -0.0636819808052595 -0.0647584293514124
0.00311957531606394 -0.0622659882234383 -0.0696911687443353 -0.0041352336789873
-0.0392190969342289 -0.0429678315794428 -0.0434505174737134 0.0278644638984094
-0.0466546050553965 -0.0132064007679075 -0.0228315956619419 0.0267282382214464
-0.0416802438144365 -0.00167598378987471 -0.0144197742381481 0.00453607996868611
-0.0408069247294947 -0.00301343215796389 -0.0182704370123802 -0.0155780518823978
-0.0494515619387645 -0.0217250497362788 -0.00879869867269146 -0.0435822115706543
-0.0371966829518769 -0.0522106176849535 0.0195350955503508 -0.0626217652728015
0.00626351552401409 -0.0660840269086451 0.0624183234533569 -0.0254073676393776
0.0667713670331636 -0.0411354445939223 0.054548321104262 0.0356770309161075
0.0848277587946417 0.035249685274471 0.00237791122096541 0.0586040494718048
0.0481126568673956 0.0902255675691097 -0.0305909356874497 -0.00347588003875037
-0.00591073942971044 0.0736144725801419 -0.0124672731683223 -0.110603569494211
0.0231186439380008 0.0697182846909473 0.0311227987100017 -0.0902121944038933
0.0525963912672008 0.0363332659559833 0.00789724762734902 -0.105313025383895
0.0469650801662157 -0.0210580380127767 -0.0395401995971443 -0.0805643696424704
0.00750144006335929 -0.0450908712890477 -0.0673821278175744 -0.0330390237097728
-0.0273726478797442 -0.0344106186846843 -0.0601783682403579 0.0101101464628645
-0.0365020186692717 -0.0125106862453077 -0.0417857886297517 0.0214331367646017
-0.0327984073163363 -0.00251656370103963 -0.0297600454614204 0.0026253603974768
-0.0323064270596157 -0.0027566438501618 -0.0320919625698248 -0.0173572032186974
-0.0382054266421601 -0.0186830599448064 -0.0207074339331063 -0.0479815301924671
-0.0260611577170551 -0.0439119097703385 0.0110383132738414 -0.0697375801155992
0.0106521895914264 -0.0516512596180712 0.0599316170251911 -0.0365973759945405
0.0563689270428978 -0.0222451683095722 0.0539766266320489 0.0265031268417535
0.0574869488624409 0.0385709135620302 0.000870921778315248 0.0482306845994845
0.020902637982359 0.0686909361473732 -0.033981148773814 -0.0282615318570242
-0.0170923699180996 0.0297679057055441 -0.00969548117796036 -0.127758780837981
-0.000934242699596443 0.0376197335195422 0.0308555705386405 -0.0945510447778867
0.0194001147457547 0.0247146560030419 0.0169559341152604 -0.0997629973641501
0.0241564432953506 -0.00490212764228494 -0.0248094835062618 -0.0861954314868984
0.00659239240571029 -0.020719372764997 -0.063918110613903 -0.0468402701587619
-0.0122886600845662 -0.0194812352736008 -0.0689159865852311 -0.00149660211302658
-0.0201127966499621 -0.00910574612164164 -0.0537102426476959 0.016932176753661
-0.0191694807241049 -0.00285427097199131 -0.0403415430529374 0.000250689076538211
-0.0201717398335623 -0.00231123847914423 -0.0409178406160412 -0.021052284701872
-0.0233990119777097 -0.0133270509516373 -0.0273899474681503 -0.0527553096318178
-0.0136662406114156 -0.0317761011661072 0.0080784359952891 -0.0752086881229672
0.0145984774121285 -0.0350218893563019 0.061181180720624 -0.040506345382255
0.0422145285929923 -0.00314675330323064 0.0526963498903267 0.0229823962241889
0.0265801002561599 0.0367357608660076 0.00047940142906641 0.0403416688134586
-0.00714744040348686 0.0400832916816525 -0.0322730999820906 -0.0451355670303754
0.0266668202188901 -0.00990460406599122 0.042717739562066 0.0692208824312806
-0.00222830132231892 -0.0222546777036122 0.0342635109728177 -0.0406482224263398
-0.0188621508501505 -0.00725914438234411 -0.0548328379280983 -0.0370746946292767
-0.007790674878404 0.0114355222144736 -0.0820859006637097 0.0388483980950609
0.0015052685431616 0.00765089253798092 -0.0159335082090694 0.0891470859598913
0.00569599088742947 0.00506189890712056 0.0380517282632914 0.0653543769153608
0.00642071639406134 0.00103937423883465 0.0494269050879994 0.0319849598609555
0.0018950221065339 0.00132922040494308 0.0504916103907447 0.00525428467891542
-0.00187382839171093 0.00308593561097497 0.056636178471509 -0.00880191815466023
-0.0069404722283421 0.00262761764954552 0.06848218015641 0.00139253044704211
-0.00597176046133202 -0.00482857942684023 0.0632140451522001 0.0453414088616386
0.00124272168939163 -0.0113220770273194 0.0223541840110957 0.0883005897752337
0.0124292116535869 -0.012945125289023 -0.0190509819986998 0.0950161994619078
0.0267106580051826 -0.0002732872568181 -0.046676427775502 0.100051011509912
0.0343669135592264 0.0210728339575869 -0.00685176404503572 0.13605286196837
0.0419391526977229 0.0287575664885509 0.028854509079359 0.0667914960010162
0.0257196756549922 -0.00534972675598573 0.0365219462430193 -0.0376958398990707
0.0069734293923958 -0.0134500090507992 -0.0548817883694371 -0.0487786397333092
-0.000485991388468644 -0.00873754407937993 -0.0899566992958989 0.0311956936375215
-0.00613314801812891 -0.0123089974222226 -0.0256264330891453 0.0892784978395727
-0.0116380401364603 -0.00680087768826673 0.0327238304176145 0.0698301854537631
-0.0114436288239034 -0.00123222031577569 0.0468996239613798 0.0337472678726736
-0.0158998897263169 -4.61735563896746E-05 0.0467531335950372 0.00589888438631909
-0.0205846442548575 -0.00154149486579335 0.0499240824802221 -0.0112501802724883
-0.027911567234954 -0.0119435326912545 0.0621420564345037 -0.00882526722175035
-0.0132603818730839 -0.0310589602570329 0.0670541957173698 0.0256106073491812
0.0183452381117864 -0.0341734834444076 0.0382911792466808 0.0764541686573125
0.0478061412308074 -0.0133147946449568 -0.00119021879650439 0.0948086275581103
0.0566619995679757 0.0303468490621696 -0.0317337581002929 0.0969812339609292
0.0480571244234249 0.0674494076627362 -0.00384319778081629 0.120903049642237
0.04708233333927 0.0682131820719287 0.0130359269742034 0.0484074120561745
0.0515157067534022 0.0214334650266962 0.0371004775963668 -0.0403564588373509
0.0391740189127952 -0.0126969402814498 -0.0524008156281127 -0.0664531866075174
0.0151753905576114 -0.0301850133896699 -0.0982823133261067 0.0142497522222995
-0.0111974551076383 -0.0352591153656276 -0.0399031404983136 0.0817834367932876
-0.0283011188382543 -0.0204176018605803 0.0200220781241923 0.0704339825852209
-0.0286050467511436 -0.00492916884832028 0.0373363597369213 0.0355229292928417
-0.0309800510445626 -0.000722177540494684 0.0364360098340279 0.00614945718893511
-0.0350033359519703 -0.00356725533441124 0.0360932458135688 -0.0132906008136637
-0.0446213881450957 -0.0206734558992746 0.0480264512374331 -0.0214752085904243
-0.0264166839422259 -0.0494837018777548 0.0639595555885311 -0.00269481541098885
0.0202308015566095 -0.0578265210722665 0.0573593546397287 0.0535970955216703
0.0730826657345635 -0.0281542277597525 0.02324333108862 0.0881483746044679
0.0873678280703069 0.0425292979296624 -0.0155581422990208 0.0913544395940306
0.062841706255972 0.0991019169083304 -0.00428039829945569 0.0942901727930597
0.04085025235003 0.100239277812307 -0.00136096678768321 0.0144393723585422
0.0675260530620769 0.0538453520455253 0.0362617381662636 -0.0495013210773768
0.0711392443097995 -0.000396878325134238 -0.0440929373013982 -0.0864968207878166
0.0362423220658543 -0.0462428355852722 -0.0994579733443605 -0.0115638410430201
-0.0100466268723226 -0.0564122044129259 -0.0568417478811269 0.0619147851937959
-0.041166171461501 -0.033895143162965 0.000476065079862455 0.0631856594039142
-0.0427454434977122 -0.00950849514362748 0.0200674238529181 0.0349236928139275
-0.0415673195241595 -0.00106879198960926 0.0215554046649725 0.00665489853526939
-0.0432510474748436 -0.00454171701531973 0.0179863919677195 -0.0145297793199085
-0.0561766480123142 -0.0232427149141873 0.0287554309713542 -0.0327171016810112
-0.0387727425345812 -0.058209334220031 0.0526896361024868 -0.0305442047304661
0.0126956520537904 -0.0733952359525539 0.0683113576285332 0.0229626388313642
0.0815917486687833 -0.0457690657608353 0.0434214149224059 0.0729855181511059
0.105752043038971 0.0410544610200418 -0.00363038394600962 0.0825803831345009
0.0719612816066068 0.111728592086187 -0.0109183741959945 0.0606145157602793
0.0255259905726528 0.115088946137923 -0.0106140639959691 -0.0304535579354657
0.0668369706251176 0.0814093907934646 0.0338033185212905 -0.0643244283202326
0.0887098430740185 0.019153208116074 -0.0285031338929084 -0.102786355941501
0.055529622204784 -0.0500564006878507 -0.0876489753026587 -0.0424109704908273
-0.00342532883110655 -0.0680958173190184 -0.0690155654015433 0.0304228814747771
-0.0454434085645117 -0.0431988382606814 -0.0232215447642862 0.0484134575796913
-0.0501533592335609 -0.0130311045961113 -0.000865889461817774 0.0322331070994309
-0.0450368294081838 -0.00207720837390373 0.00316537341155396 0.00569117990202744
-0.0455978643408514 -0.00419562554927886 -0.000876404121548682 -0.0153301238205843
-0.0578581376192557 -0.0240398547472451 0.00851788432669578 -0.0401558490229015
-0.0430177847171607 -0.0587259680626507 0.0357419017757587 -0.051318343398288
0.00688257392424586 -0.0763055640675107 0.0687659980854304 -0.00470941741530833
0.0781708259690355 -0.0506163930368284 0.054275694195129 0.0545031709823762
0.104716225601265 0.0376466117202538 0.0014150037854816 0.0716996350746989
0.0671281149612958 0.108856020988914 -0.0211705821749088 0.026464550786604
0.0076690736340584 0.106593180117319 -0.0130759375329751 -0.0773660253075266
0.0489892822802473 0.0890358541814263 0.0332892026299169 -0.0800329744106373
0.0811092410552565 0.0368603459829574 -0.00818043502266961 -0.110299700325435
0.0611272510618334 -0.0394709480943966 -0.0646868181417783 -0.0691421737643642
0.00434317464040274 -0.0641966263331643 -0.0722685624929265 -0.00588640162491241
-0.0400818937455522 -0.0446633183344413 -0.0456719737826666 0.0284577960475608
-0.0481223944342753 -0.0144666594913304 -0.0234880602578243 0.0272663599788841
-0.0424088643122403 -0.00284460068033942 -0.0151996763322639 0.00408161953608932
-0.041551144874925 -0.0039135245250737 -0.0182570671350894 -0.0157857321062343
-0.0514884535084649 -0.0225919254155643 -0.00889682943744651 -0.0444758609726849
-0.0377944678851813 -0.0537105784283562 0.0209318476286964 -0.0648484241483477
0.00696069871031707 -0.0679748710549475 0.0654219966272529 -0.0250750102418072
0.0698490887714631 -0.0407754351399828 0.0568142256606468 0.0388211106758719
0.0866749196462502 0.0381425208573694 0.0018089195043501 0.0606256794921276
0.0486126704420088 0.0943271970131766 -0.0308305435185749 -0.00427701360577342
-0.00770768200873112 0.0754426087753367 -0.01131131578399 -0.113629639380934
0.0227351720238941 0.0723029062508101 0.0346400687322171 -0.0917008913365681
0.0541779087514309 0.0383625289380179 0.0104733964936296 -0.108271597501391
0.0486109219973343 -0.0214069294464428 -0.0385458487732621 -0.0844790914133965
0.00787782147719989 -0.0466075518982388 -0.0690869881827353 -0.03494229940309
-0.0278378095413047 -0.0350591802412734 -0.0616716668612797 0.00940388694544132
-0.0379039535718994 -0.0125821946593258 -0.0433008827278567 0.0220878481913384
-0.0330451303649931 -0.00340408437402698 -0.0309700403011179 0.00165699035087608
-0.0333341678091174 -0.00339056051489795 -0.0328862867870223 -0.0184102082050773
-0.0389480214886525 -0.0193439943373029 -0.0216192386921108 -0.0492937650322584
-0.0267810369132587 -0.0454314510165639 0.011699371948122 -0.0719777804918282
0.0119751046150403 -0.0535354010035273 0.0630462004972883 -0.0362529073087753
0.0586932965722617 -0.021163439785931 0.0559289453953942 0.0292508890550723
0.0587071686344847 0.0408958909371519 0.000891692537883029 0.0499048398962319
0.0206757436118942 0.0711641514375947 -0.0353974609148592 -0.0293497342401447
-0.0179023837521053 0.0299317347835866 -0.00795446796370229 -0.131661823419033
-0.00159668126129708 0.0384967507986182 0.0342280892072962 -0.0959865290895619
0.0197895377098562 0.0260118080862217 0.0201547202775668 -0.102808328661159
0.0250485491818701 -0.00448486273285679 -0.0237737142534287 -0.0901947487470873
0.00744822661840913 -0.0217170428665929 -0.0655281420280422 -0.0499467014802883
-0.01262123760792 -0.019413978511736 -0.0711331793767061 -0.00171614574372901
-0.0210925353923807 -0.00891386706876724 -0.0559334573008251 0.0175137044129847
-0.0192422017646593 -0.00351699518418864 -0.0417278788917599 -0.000392896741089034
-0.0207100678245921 -0.0023498913032573 -0.0421157369657645 -0.022119031259337
-0.0237570008655111 -0.0140934626436177 -0.0277697806841963 -0.0547315455536343
-0.0139283472075745 -0.0324279456439801 0.00904339938180116 -0.0774715023139124
0.0153337550258893 -0.0356438188616354 0.0640588004446003 -0.0412334697546104
0.0438776140000791 -0.00204268541872849 0.054521802515299 0.0256906748419858
0.0266857051564797 0.0384083425803305 -0.00060956624343085 0.04158986386022
-0.00835491615291531 0.0418808841175869 -0.0328018579679026 -0.0466849668071569
0.0273462900597681 -0.0109266625146115 0.0472604859275537 0.0706424718263097
-0.00265787754012701 -0.0230872278369876 0.0362849090010315 -0.0443287587394233
-0.0200192605849828 -0.00697191147132775 -0.0574445103198209 -0.0384467910530802
-0.00818480478245069 0.0122392922462693 -0.0850537193345048 0.042745868393832
0.00185684072676918 0.00769539006884705 -0.0146858151243753 0.0931980483473293
0.00637427220369033 0.00505960805810547 0.0406078524171366 0.0668510561504104
0.00700879389856048 0.000941277770430294 0.052796249709247 0.031707366584791
0.00116249480745105 0.00103148688457359 0.0531667008428633 0.00450195086917337
-0.00198772699412477 0.00290679793377178 0.059524152089868 -0.010666778203883
-0.00746304775148126 0.00315025558834136 0.0708884724459285 -7.74240469185734E-05
-0.00589827063058661 -0.00513506998423298 0.0667026512736641 0.0457245029633546
0.00104970495007328 -0.0116892273269794 0.0261373887328195 0.0918269664782158
0.0123830359954189 -0.0134223188470787 -0.0181554253764136 0.0989896925488936
0.0273552322649465 -0.000404650955460147 -0.0469330012565872 0.104645322756713
0.0355558285276265 0.0205387292594709 -0.00429704946684035 0.141704031446924
0.0440056065191204 0.0283668166729588 0.0324220403901645 0.0687638664343111
0.0263070093429967 -0.00642029971030938 0.0381920107210867 -0.040544461774574
0.00652886035137161 -0.0144324778610929 -0.0577672605406579 -0.050065586314101
-0.000826451264320931 -0.00914510037027523 -0.0935059879422249 0.0348502877679056
-0.00731093232576597 -0.0127597059492566 -0.0248984198292942 0.0942317762448178
-0.0124225588772015 -0.00643118713900474 0.0360054956696083 0.0716548235552693
-0.0116824277482939 -0.00084834099543002 0.0497825274287383 0.0340981811296612
-0.0168690918414807 0.000457946455524894 0.0492686056104858 0.00484975974846052
-0.0217084656104356 -0.000792446743960495 0.0514609869222821 -0.0127291477790968
-0.0292073198248537 -0.0112664403476245 0.0640533821203877 -0.0106173524107673
-0.0149022784566376 -0.0318158413192853 0.0698915194721799 0.0252979875639733
0.017699426588569 -0.0357814464870596 0.0421569028115437 0.0792047658239211
0.049755306934115 -0.0142725611939521 0.00109391018461368 0.0987880902772154
0.0596368751113718 0.0308227030573529 -0.0314182425579621 0.101467979681872
0.0515824405095918 0.0692902844545155 -0.00148662189098606 0.125446340914864
0.0500232662617816 0.0693760537016967 0.0157187280079455 0.0501680024649315
0.0534702839102229 0.0208027057647679 0.0393910875016484 -0.0437128877803145
0.0406355526660115 -0.0134304989577519 -0.0562460316510173 -0.0690095797618579
0.0147569622445873 -0.0317740918008694 -0.102330138675859 0.0169284564818353
-0.0127431895101344 -0.0362679808044335 -0.0406406936018656 0.0864111489655687
-0.0300285234458056 -0.0201656056333309 0.0224662903332224 0.0723021983413322
-0.0301886134948851 -0.00408883810149166 0.0392872258059678 0.0360511892840872
-0.0325745467535546 -0.000215086751068157 0.038658996409129 0.00528099283468932
-0.0367544605166982 -0.00281452746657468 0.0378623151078395 -0.0142150378517467
-0.0479015436719901 -0.0193405814255332 0.0494526687812561 -0.0237435995050862
-0.028984464800618 -0.0507737533010476 0.0660862585574909 -0.00361416056064761
0.0196462025870481 -0.0608406758510824 0.0608567685218819 0.0550161236200406
0.0750533764544291 -0.030298595942104 0.0264937628154385 0.0915986733356453
0.0914734167663011 0.0424757478726692 -0.0146034430772057 0.0957562284013468
0.0683226291722942 0.101652850957232 -0.00192630316602825 0.0974657494117368
0.0442159306168812 0.10293755519015 0.000165979303526289 0.0154952797886173
0.0711139306256028 0.0541524302172153 0.0383958656045257 -0.0527332488038193
0.0741664437330664 -0.0019502122887099 -0.0481881174774523 -0.0896602368395707
0.0364693337011642 -0.0495520794713469 -0.103810678132378 -0.0103875821305157
-0.0126581847597842 -0.0581165866486944 -0.0579588656800409 0.0660430068356885
-0.0429471442060524 -0.0338366884100273 0.00193967275318228 0.0660561714448825
-0.0447754116069555 -0.00787628001651042 0.021979225114288 0.0359904109249522
-0.0427819346031672 -0.00046601929434948 0.0220113072613066 0.00604963899072951
-0.0453728918338038 -0.00302845131737032 0.0189727207767693 -0.0154602676632701
-0.0592376806904914 -0.0223783476055406 0.0291308595192792 -0.0343615353196642
-0.0421415638101718 -0.0592373768049785 0.0532271650523501 -0.032525838102876
0.0113593107420058 -0.0767689180763881 0.0714713579763829 0.0228001152979634
0.0841946970599407 -0.0488085172756348 0.0475397401923424 0.0750595572682603
0.111056916149086 0.040488311196061 -0.00218110792649872 0.0862645563888742
0.0777507153241944 0.115141045467142 -0.00947396713472714 0.0628121358275613
0.0288621115152403 0.118382363921795 -0.0109193271559865 -0.0311294078815884
0.0713258733439302 0.0826897554688751 0.0362300260896784 -0.0677905596077673
0.0932550124540065 0.0181951278984643 -0.0316104424359489 -0.107039091742525
0.0566322346696852 -0.0538228990751655 -0.0924314522328589 -0.04310532805846
-0.00585959026093089 -0.0705833834136809 -0.070902201700027 0.0333526181883936
-0.0479863482101747 -0.0425695204549301 -0.0228467975267897 0.0511516734455981
-0.0521322697975669 -0.0113923802205121 -0.000423231851213532 0.0338158323155831
-0.0470689360064786 -0.00143180809889178 0.00354795448865213 0.00613003211315117
-0.0472552272459646 -0.00313790536821239 -0.00124665561064216 -0.0153365069246471
-0.0612686750032364 -0.0229951687456949 0.00773855495992818 -0.0417330180881436
-0.0465331211424454 -0.0592230136947094 0.0345845305812332 -0.0540389831859438
0.00437080373253548 -0.0795628628454864 0.0724524424223166 -0.00650796423249196
0.0800958284630427 -0.0543627266127348 0.0583777664459717 0.0561574526364091
0.109487122419363 0.0366888155493738 0.00277433407454978 0.074976027806748
0.0733084760498266 0.111618855029934 -0.0211501127888849 0.0274701106797026
0.00967539708387104 0.109792532764775 -0.0141731530232396 -0.0796388796243885
0.0526566956708782 0.091237034398223 0.0350610174463548 -0.0835099692543484
0.0856719834346614 0.035834716281648 -0.0103166604142694 -0.114566528156078
0.0627794377218553 -0.0426020597113073 -0.068979282445305 -0.0709894480215625
0.00207445964078866 -0.0671723943846124 -0.0755460552256588 -0.00426291652393101
-0.0428843673617869 -0.0443018829470739 -0.0465386419545817 0.0312164856336278
-0.0504143353798657 -0.0129315385001897 -0.0238498222672193 0.0292493334238688
-0.0444405303801086 -0.00209674375995858 -0.0158342145883763 0.00489884389611767
-0.0429153614348229 -0.00322967682689115 -0.0189529797985934 -0.01631313959567
-0.0544768800643844 -0.0218824480454863 -0.0103310035645701 -0.046303758963934
-0.0413031708088651 -0.0551712489215622 0.0187366626868186 -0.0678631211869104
0.00548300780889929 -0.0706948418992735 0.0678403622764275 -0.0274301016189199
0.0712198384173827 -0.0431335101016889 0.0610100086725152 0.0403033326391477
0.0904815004976325 0.0374895786198726 0.0037671592350248 0.0635780697624866
0.0530240503258595 0.0965768525936415 -0.0323108849168506 -0.00465390642619231
-0.00642734621154862 0.0779923503267126 -0.0127316526626169 -0.117084345192381
0.0253290943483791 0.0742033702092803 0.0352934681597218 -0.0951030037951676
0.0574854344749982 0.0385675174865424 0.00898985182916361 -0.11287448692878
0.0500669077472708 -0.0239553843226348 -0.0417929483697426 -0.0876038708780485
0.00679088504116727 -0.0486670494030612 -0.0726774135148784 -0.03496025131042
-0.0303080049202738 -0.0352058633199213 -0.0637111614765661 0.012136385902371
-0.0397467653802562 -0.0121692685854351 -0.0445096258005439 0.0239985539396319
-0.0348881453712635 -0.00343037197879518 -0.0329191821487552 0.00279538980341113
-0.0338568414050971 -0.00307563977571575 -0.0337189611183351 -0.0179266531004652
-0.0412094298394942 -0.0195733848182838 -0.0234318358467677 -0.0510088058072976
-0.0291204484731758 -0.0459473028084061 0.00959026179997151 -0.0756281930794991
0.0103092687754237 -0.0558749846912431 0.0647458463580401 -0.0393861414960628
0.0601872036070692 -0.0236664125387609 0.0595594927904995 0.029702795963891
0.0618579823820647 0.0408415888440935 0.00198553935929432 0.0519251626653711
0.0239429815316201 0.0738373931628991 -0.0373099909423444 -0.0296726361141758
-0.0180638094749523 0.0314355061582104 -0.0105960262248139 -0.136457916374514
-0.000618330986171614 0.0393031111692382 0.0344633351180077 -0.0999392140134659
0.0212730486773987 0.0264741895689885 0.0195714645332464 -0.106950248947557
0.0258539610322299 -0.00578075550120675 -0.0263121128244525 -0.0944576713969283
0.00671851595127132 -0.0227391719759617 -0.069584743840336 -0.050718599903624
-0.0137547242293891 -0.0198336180737698 -0.0745617536455248 0.000712385930762243
-0.0219079745977535 -0.00835753526537425 -0.0577331771915793 0.0198244167193586
-0.0201682905976795 -0.00332864505562331 -0.0437486416694558 0.000625780563304247
-0.0212495108030096 -0.00227417855984222 -0.0440664742203669 -0.0215419864443907
-0.0255253598885984 -0.01351500271142 -0.0302840651181786 -0.0563301208001435
-0.0154771489963435 -0.0326972257909303 0.00702489240863744 -0.0802204702640133
0.0148381790899703 -0.0377040982238321 0.0661604665294608 -0.0439127612719855
0.0455517280605938 -0.00293037947377177 0.0584441329622742 0.0262263267796603
0.0287323096115074 0.0392818692704797 0.000472447308875798 0.0427231484495014
-0.00797640617302595 0.0438585390103139 -0.0353614563752591 -0.047001780367164
0.0268291188120883 -0.0129728971145034 0.0527961471140517 0.0682999068507808
-0.00415116622915464 -0.023081821784565 0.0349603887951257 -0.0474610598559666
-0.0206584195370421 -0.006399736959962 -0.0596015064685666 -0.0371416152004496
-0.00741155728045968 0.0125830390836169 -0.0845685705877975 0.0479152904181799
0.00230997018597664 0.00812485126530076 -0.0101829209505727 0.0948103150820196
0.00731527330401424 0.00406955754865753 0.0446301903388282 0.0653349140687527
0.00676985230134962 0.000185202536228659 0.0552595403360063 0.0299130005551875
0.000671721218351754 0.00106197048714102 0.0545209017658519 0.00166082416409847
-0.0020550131252576 0.00310523105012019 0.0599028097123877 -0.0142102331874611
-0.00728821281889328 0.00375200368937224 0.0721587181814335 -0.00374515521697585
-0.00661602144475138 -0.00477870710677123 0.0708401048087154 0.0434817587059835
0.000620388650153853 -0.0119842814600766 0.0308352116224379 0.0918166048390182
0.012238977345465 -0.0137394596651645 -0.0147324120652446 0.100851204056264
0.0278427989317373 -0.0016099479588153 -0.0430085215472482 0.108608019239273
0.0374717946406066 0.0190365802069282 0.00315567067116582 0.142399226193637
0.0458384379444347 0.0262847990619869 0.0378262641235875 0.0666850876941741
0.0261310338708588 -0.00749717614554288 0.0377292670789153 -0.0439634593894205
0.00595908896595718 -0.0149034701023316 -0.0611002170520231 -0.0483414978026392
-0.00142548715359959 -0.00914371678920409 -0.0932886907644819 0.0397617942381031
-0.00844170674168833 -0.0119468652238818 -0.0207101131648254 0.0965997878920455
-0.0126963288220666 -0.00560110436866821 0.0400153726115218 0.0703868396579256
-0.0115955487219645 -0.000441006100894133 0.0523533359506674 0.0320882851115409
-0.0175636358215028 0.000910465648795462 0.0503487802180605 0.00256377426568739
-0.0219364479040921 0.00035281464271257 0.0519979684976249 -0.0153292291605078
-0.0303672285341657 -0.00952350887562133 0.0644173999260906 -0.0138186034070174
-0.0166773343133428 -0.0313715758161 0.0723454954757932 0.0223661278804819
0.0159076713204765 -0.0374269490563675 0.0469797105919849 0.0786733061572516
0.0492152070633397 -0.016504603711002 0.00547887233043991 0.100119768166525
0.0620823550253371 0.0283459743566367 -0.0269839692362212 0.10429360085838
0.0560728686749464 0.0677085577583086 0.00514358964059282 0.126164669511122
0.0535072656279402 0.0671923388229037 0.0198789408437645 0.0495994252950748
0.0547111872691495 0.0183769462897967 0.039286449572741 -0.0467041497796859
0.0400351922549943 -0.0155634284113268 -0.0597675049965967 -0.0675999243619782
0.0129461828545027 -0.0327045265390337 -0.102560160543687 0.0220896952498179
-0.0157876510227342 -0.0357482697373944 -0.0367224902881934 0.0894217741038758
-0.031337009413382 -0.01837176769414 0.0268880072874366 0.071387670174284
-0.0308690301132461 -0.00283412919848514 0.0416142813683179 0.0338553122361697
-0.0329859876788078 0.0013982579578152 0.0394736787807684 0.00381502689861838
-0.0377444706788657 -0.000709638918164642 0.0371653081934023 -0.0160485595763306
-0.0499577713780244 -0.0165212758950426 0.0485602704430478 -0.0263285053071582
-0.0322804755453606 -0.0494450303666291 0.0664439788640996 -0.0063716563151699
0.0159333787696097 -0.0625163134894843 0.0653324871729216 0.0526566907547002
0.0744158572778104 -0.0340316431360066 0.0314155911787024 0.0912588854996599
0.0948760130946491 0.038472497722843 -0.0102144375466597 0.097467448736036
0.0744902971576881 0.0994551277790834 0.00318121297829973 0.0979033437067547
0.0490707836729592 0.101391124873084 0.00267917986736942 0.0158480681569029
0.0749981501469805 0.0510390568037168 0.0381451128666513 -0.0556773068333348
0.0749305374654294 -0.00542768492449436 -0.0526872525858781 -0.0888872985850935
0.0340858241591113 -0.05177739338528 -0.106146932284478 -0.00569642459375058
-0.0162274110452227 -0.058078115641425 -0.0550424576009124 0.0699104329338703
-0.0454987390897807 -0.0308913637493756 0.00538860531327324 0.0666699394616068
-0.0451531391467072 -0.00560497740631352 0.0240646397954443 0.0352933539529265
-0.0432927872795954 0.00160076319096637 0.0229914889997649 0.00528995012158075
-0.0464572458173223 -0.000884726878922502 0.0186456500616337 -0.0161467252728614
-0.0615892710707332 -0.01881560617734 0.0273361648309064 -0.0367714737940739
-0.0466474186289521 -0.0574333248034672 0.0511852014126608 -0.0347940333799186
0.00658333364459767 -0.0780976126844947 0.0745575362239295 0.0196353515613287
0.0828158532832902 -0.0535330524380806 0.0526323094095658 0.0738973217121311
0.114156621111009 0.0356422449955906 0.0021766590721944 0.0875252457052621
0.0852144869776391 0.111835468497867 -0.00609170146393033 0.0629805322567106
0.0344691145514626 0.118215712180887 -0.0108702370549064 -0.0303556395084523
0.0756759108384553 0.0793622559539422 0.0349615654420543 -0.0697857761279668
0.0954137409601924 0.0136604653310855 -0.0368646454960429 -0.106757827203583
0.053768167560549 -0.0573257370491177 -0.0962566466276417 -0.0393769969349502
-0.0101170766307838 -0.0706752853034304 -0.0705578027756206 0.0372266980697378
-0.0506882688164085 -0.0402108612981594 -0.0200398672591447 0.0530443419152356
-0.0530392496228294 -0.00847594866233467 0.00139758786701904 0.0341189678027379
-0.0476663502399546 0.000619204607519185 0.00377750928330835 0.00598687954902821
-0.0479204814496327 -0.000753030706003882 -0.00118087837040793 -0.015425236667564
-0.063260968774789 -0.0194440022262977 0.00558295135755282 -0.0424633843476916
-0.0508599120801162 -0.0575583086728709 0.0312128550242113 -0.0555599074566848
-0.000108791827812296 -0.0799989213718528 0.0737365282192882 -0.0101355305521307
0.0788446418279683 -0.0587499531512742 0.0626509771089314 0.054117539208858
0.112778274244693 0.0315390972909779 0.00710093023132926 0.075256348843021
0.0802246022206735 0.109588139484377 -0.0202865680154878 0.0278525752042132
0.0148478039574235 0.11037083445799 -0.0177481892346416 -0.0798042570519974
0.0580979631750249 0.0887741303675378 0.0324089331778009 -0.0856751703305714
0.0888971809130016 0.0326459015378021 -0.0156542931343025 -0.11548328761929
0.0608331117553615 -0.0465060319843377 -0.0733058372771158 -0.0690224486189478
-0.00149114685133306 -0.068256240615291 -0.0765314360385641 -0.000819608130286972
-0.0455132872629035 -0.0416511308537692 -0.0449850145852562 0.0340842567160856
-0.0517978046040373 -0.0105549009056603 -0.023006764434887 0.0314356619691393
-0.0449710648828625 0.000188702369740865 -0.0155855523854279 0.0064540713206569
-0.0436811870844614 -0.000833179358115597 -0.0197645504900153 -0.0145881192103215
-0.0563773421230222 -0.0193101880584226 -0.013063791524188 -0.0458303857071756
-0.0452859857932436 -0.053386640992447 0.0144181195726589 -0.0691072356670065
0.00131881480037547 -0.0718943247505849 0.0675893788380447 -0.0310125596483335
0.0702053143368515 -0.0477414102325662 0.0649755999549315 0.0374843872213307
0.0942881581531889 0.0334189834526832 0.00709730669667574 0.0634166059737069
0.0590856379874642 0.0948054481894844 -0.0331197588685957 -0.00307953672654229
-0.00295892458674684 0.0791723790789502 -0.0185617043471295 -0.117465334216365
0.0293981588914888 0.0731483603389455 0.0325843544827855 -0.0971911437979479
0.0602220062710506 0.0367626579761787 0.00435746046969729 -0.114441006899129
0.0494214240032166 -0.0265633377862958 -0.0466354952279463 -0.0871880225136887
0.00369073565743403 -0.0494888776928879 -0.0757581764146616 -0.032151525332591
-0.0327696116964981 -0.0335294147772038 -0.0639594205782727 0.0155902757919418
-0.0410590404044461 -0.00952397162513553 -0.0436731014402464 0.0271852885867693
-0.0354473685990754 -0.0018334180914281 -0.0331734993823784 0.0052258123804221
-0.0338128111691352 -0.00144598766217939 -0.0358447475869984 -0.0160021555569139
-0.0432957279228633 -0.0167659730860605 -0.0264101428665218 -0.0503877719915148
-0.0322522784762186 -0.0451857750641294 0.00459908792570708 -0.0767921922849557
0.00773056721390188 -0.0565260236385071 0.0639713616256198 -0.0430075570220129
0.0608286745324302 -0.0265960386201446 0.0631476068783742 0.0270754159319652
0.064518485105166 0.0377739390044791 0.00485477733305083 0.0520810697458179
0.0281744478723905 0.0733942683511685 -0.0397488601854306 -0.0281642273154969
-0.0168820462920724 0.0319955051150638 -0.016955583698189 -0.137301733939753
0.00131712719611221 0.039424811891324 0.0301180468997699 -0.102557327550056
0.023366458185018 0.0256997514186427 0.0147490890569227 -0.109213147627511
0.0254801219904906 -0.00706420605646366 -0.0309644420331253 -0.0942391602353956
0.00498954560501989 -0.0232561538410154 -0.0735837836752366 -0.0476690776418976
-0.0153503928287151 -0.0183493043145381 -0.0752419557424185 0.00477804748915717
-0.0230286480399698 -0.007211021471844 -0.0574376688262724 0.0239198321943763
-0.0205264210524225 -0.00299872732590482 -0.0447321324203741 0.0036356623658408
-0.0206503410023763 -0.00101353022469747 -0.0455063823563735 -0.0188235335056419
-0.0261553401326294 -0.0124805688438076 -0.0341689452050249 -0.055030646416251
-0.0176526616420365 -0.0319743293129192 0.00291479386064057 -0.0817338227778124
0.0125217680111338 -0.0392093359497889 0.065163811514127 -0.0482981475916265
0.0461871601354272 -0.00550711442132465 0.0611241709213389 0.0240167327345019
0.0313037497684456 0.0384977348925913 0.00271435698139674 0.0435148373489263
-0.00542192178093601 0.0449814938873859 -0.0383285134721273 -0.0457283824029558
0.0250676981059098 -0.0142198270593872 0.0550372437437948 0.0633889961285164
-0.00517867495355741 -0.0222106801796248 0.0321753933656076 -0.0494776161393266
-0.0206830507639575 -0.00519234058835577 -0.0600114249873898 -0.0341692130330877
-0.00686622554521538 0.0126525278802776 -0.0802621966998356 0.050594039920944
0.00226187011235388 0.0077098196637981 -0.00571006904237532 0.0941426263873767
0.00685829501815123 0.00333027288596457 0.0462544420786284 0.0613913962234615
0.00685699135994583 -0.000345624430982832 0.0555994018925096 0.0265231593070982
0.00110647307129488 0.00104301226449772 0.0538476072528958 -0.00137972323626272
-0.00221699505061495 0.00348595589325665 0.0575720612997371 -0.0172742380994583
-0.00664112565999518 0.00406441768266127 0.0702221986453477 -0.00700437050553833
-0.00622364097761237 -0.00466727903372134 0.0712936235557829 0.0395138591004645
0.000420472823394105 -0.0115289385130404 0.0337752304871582 0.0886653942770301
0.0115519590136995 -0.0138216986870199 -0.0112188924892002 0.0984982414926957
0.0273267686751633 -0.00185647497244549 -0.0380311775415927 0.107634795583334
0.0377489799801742 0.0167497542556698 0.00850718950628684 0.138318825009262
0.0450679367913594 0.0239240189427488 0.040747793356603 0.0623549156341179
0.0244366000254793 -0.00867305408696882 0.0355181238361158 -0.0459301257649123
0.00470498514625591 -0.0146369997652331 -0.0615494037019246 -0.04590214364299
-0.00150849104039659 -0.00871603737909854 -0.0895352173302099 0.0425950949681438
-0.00874182624471477 -0.0110905512180065 -0.0157551280005642 0.0953508801240276
-0.0125540103746914 -0.00499465830448372 0.0419993146974632 0.0664969630053408
-0.0110752279885483 -0.000348766086881217 0.0523529373775188 0.0290917195652499
-0.0171808103370205 0.00219776970865449 0.0497411329351738 0.000476349719385538
-0.0213270407186462 0.00159896045931253 0.0504245652141199 -0.0172625546711439
-0.0303929694513295 -0.00749877147715352 0.0621457105200746 -0.0165638318088642
-0.0177229949776716 -0.0299223413756622 0.0714411776518382 0.0189352923245872
0.0134629656840617 -0.0370705053712747 0.0495121451675111 0.0745804398309602
0.0476775251891169 -0.0180445215312601 0.00931830263066322 0.0971123359173447
0.0618342185019922 0.0255289995164946 -0.0226175034267071 0.102840611446216
0.0576314597687949 0.0634615122164719 0.0101487809077654 0.121615970421731
0.0547047877782296 0.062766144763126 0.0227254377083069 0.0466635286350944
0.0537754176620811 0.0153033283224593 0.0377789449649689 -0.0480455127258043
0.0382108867031212 -0.0172282437525774 -0.0609473556926213 -0.0636336914441295
0.0107241009413182 -0.031994711311909 -0.0995781122663541 0.025796428575846
-0.0173116942620384 -0.0340119273021929 -0.03192225406708 0.0890181250865362
-0.0313495443580895 -0.0158333977922249 0.0296679870033925 0.0683029433793864
-0.029717025069614 -0.00114968272516999 0.0419500266116491 0.031530140263926
-0.0322480317261557 0.0028518673418925 0.039038168924158 0.00177720876803497
-0.0365629883848267 0.00126346677694968 0.0362267139209989 -0.017373744499316
-0.0496315563945492 -0.0132702906239239 0.0459883965770876 -0.0280791770363944
-0.034481006168531 -0.0464682253942874 0.0637788688248754 -0.00884896172807868
0.0122907775637141 -0.0614199072632358 0.0669141694308369 0.0490265737183617
0.071394664686329 -0.0361065868293963 0.0347135746455245 0.0879379894733039
0.0946028200092998 0.0338220599891803 -0.00583209912969514 0.0953424162045672
0.077378716107726 0.0933143313334202 0.00691758790285054 0.0944466536498395
0.052022246541489 0.0964473564472785 0.00409949447725349 0.0147764481378964
0.0745841162878405 0.0460096656322308 0.0367475296591954 -0.0563093473313726
0.072510767966682 -0.00870031922658484 -0.0549985303444347 -0.0851300635226314
0.0304198698326379 -0.0518851258808919 -0.104488326804943 -0.00155958949430393
-0.0186274585539717 -0.0554902817404921 -0.0506725413785839 0.0706886931713475
-0.046029565700087 -0.0277737581374735 0.00866403904058659 0.0642232178914275
-0.0443682662002215 -0.00294650309953865 0.0250233008554103 0.0333710861468073
-0.0421861697011027 0.00306565072900344 0.0232823983391207 0.00395267204762332
-0.0449193749516506 0.00155244042343948 0.0182066047635536 -0.0164672271028895
-0.060858825434116 -0.0150772322400095 0.0251968496864712 -0.0365510800091926
-0.0487383520565955 -0.0537372236920651 0.0479626216986745 -0.0361497720607705
0.002354805430363 -0.0758701541312887 0.0744241649317341 0.0160174165737215
0.0783664913407484 -0.055932154939818 0.0553284080372947 0.0700797589728666
0.113168213050938 0.0292539439078889 0.0056944027528773 0.0851508138244295
0.0886737167575664 0.105281478488845 -0.00328447231038952 0.0609208454944267
0.0381130527091955 0.113779709131608 -0.01055487437428 -0.0291988917339453
0.0769167095904697 0.0737062414922219 0.0331429514743179 -0.070042320829313
0.0933280421555899 0.00951720321578926 -0.040324430720848 -0.103099950544917
0.0498706634481595 -0.0583501825684246 -0.0961536553542017 -0.0351220783659885
-0.0137337754974241 -0.0685618718186346 -0.0672341491847373 0.0388450547665017
-0.0511215628950421 -0.0362822802345952 -0.0169574316204094 0.0522626067866014
-0.0520185763076074 -0.00514005440973562 0.00238102914216529 0.0331443639505919
-0.046633695444801 0.00271868246945749 0.0037976214501791 0.00598933685095757
-0.0468085380011313 0.00159206663285418 -0.00143133101817466 -0.0141425586790225
-0.0628197741955154 -0.0148825868990065 0.00377435802088522 -0.0409488162294489
-0.0523969016909246 -0.0531865235303596 0.0273351388990318 -0.0548091303128006
-0.00395323449769616 -0.0780812675366508 0.0715638436740289 -0.0125711955373605
0.0745474018270804 -0.0602942638907638 0.0645727936026756 0.0499262083564869
0.11181383716049 0.0253709685087816 0.0103062017564876 0.0727235480277131
0.0835100795340511 0.102080130097716 -0.0188549706474169 0.0273889256159109
0.0190178525784098 0.106602897313631 -0.0192516113054402 -0.0761299927985709
0.0597305902695091 0.0834981264049807 0.0297241466220938 -0.0847607736089798
0.0886948372900334 0.027873413397562 -0.0194911320327974 -0.112129171226871
0.057227956538347 -0.0481266389585729 -0.0742075296566216 -0.0648027619493599
-0.00490132430669527 -0.06592133740592 -0.074827896210206 0.0025838199884608
-0.0466676407910674 -0.0376108230430914 -0.0419132131145422 0.0351642775900967
-0.0506172916046834 -0.00689960328329109 -0.020827518545438 0.0314261083595278
-0.0438591183632096 0.00119766478166561 -0.0155095130546971 0.00700557394188592
-0.0419272489775833 0.000748457840516922 -0.019471849390253 -0.0128290680162586
-0.0560921421497972 -0.0150133115818836 -0.0146252695494784 -0.0434884209987375
-0.0468153406139146 -0.0493221843342044 0.0103900487614578 -0.0672396798984512
-0.00253818068177178 -0.0697186048296743 0.0649498353414587 -0.0339347310264516
0.066703567210726 -0.0492931267973241 0.0657461428663498 0.0339823433065176
0.0926166509679391 0.0277948488955099 0.00942663138258546 0.0610964545886564
0.0625880145106537 0.0895549335377014 -0.032899541952938 -0.00209732624679884
-0.00024290317823689 0.0766191437044248 -0.0219836248483409 -0.113282239048814
0.0313270227587774 0.0693993691447051 0.0282944421677318 -0.0959448688139966
0.0607390429489894 0.0326613350079952 -0.00044559243620397 -0.111502037324138
0.0463740091549317 -0.0286173829017861 -0.0492741357018429 -0.083713655261198
0.000766093466801978 -0.0485619471277298 -0.0752192526797639 -0.028066762269017
-0.0332048662145972 -0.0303444085330364 -0.0615437407121724 0.0189206947717958
-0.0401074413659647 -0.00690712864984959 -0.0411886678631891 0.0292437657868264
-0.0343830203263331 -0.000268826720089345 -0.0319402539840282 0.00709822722142575
-0.0332059446172691 -8.91673067838251E-05 -0.0350271804723013 -0.0133228829802371
-0.0426233649185198 -0.0140875668467018 -0.0282286061863957 -0.047407287971332
-0.0347227359040983 -0.042218458559901 0.000852362556680476 -0.0738260363450741
0.00406481587715089 -0.0558107864389249 0.0608890826866781 -0.0446316221336992
0.0581555858460056 -0.0286676348076181 0.0634421397494493 0.0242610260755211
0.0644277369569595 0.0336650148243743 0.0070419089637481 0.050418240176357
0.0310797168096156 0.0700442675869818 -0.0404965719373645 -0.0260928890897641
-0.0152702485244935 0.0313029786859642 -0.0224445531107432 -0.132874872423439
0.00275123894414319 0.0375540962571996 0.02637583878343 -0.100565615451895
0.0242430342221842 0.0242339789818864 0.0103290741599481 -0.107465181410128
0.0247798872198907 -0.00827384328932705 -0.0345042723513834 -0.0907831367156413
0.00368959190187557 -0.0228525168886105 -0.0741698740740381 -0.0437466645327186
-0.0146281169398781 -0.0163883294638597 -0.0729525541695402 0.00867187892587298
-0.0222101395652699 -0.00529622553126506 -0.0541684526857698 0.0261973161724046
-0.0201625123342486 -0.00235695138632743 -0.0436650953764752 0.0063118937701873
-0.0200317484717672 -0.000592328539039976 -0.0450642731491674 -0.0158651819556588
-0.0262344109229715 -0.010807908214152 -0.0360278209184106 -0.0518022090579905
-0.0189756106650059 -0.030538813672928 -0.00186426142452925 -0.0797025481119075
0.0104119453574692 -0.0380669711522224 0.0613126320552657 -0.0493492507651858
0.0450611783498139 -0.00751924775781987 0.0613466699607912 0.0210446119740166
0.0316101281962367 0.0357985052535206 0.00374210143781135 0.0418509452469834
-0.00299602878923355 0.0434395805459316 -0.0401406290214917 -0.0428145302512027
0.0248960819298078 -0.00951005149080818 0.0465059915523824 0.0653669990113177
-0.00209081220873531 -0.0212934790876833 0.0367942465248885 -0.0449768891545596
-0.0183828916050016 -0.00728085663822273 -0.0525014775959362 -0.0414683775988214
-0.00853696216988136 0.0108243940799765 -0.0808360594096921 0.0371175052978082
0.000832202611324166 0.00790349339319472 -0.0163072991112341 0.0873560669381757
0.00514526815677657 0.00381105031006928 0.0368101555268524 0.0633237390446563
0.00621773348598674 -0.000306183302859915 0.0497538924807722 0.0315930810164846
0.000715297677216128 0.000699960897505583 0.0518555365364405 0.00523466190166158
-0.00282416782569063 0.00292978832132803 0.057719579055947 -0.0100222686260146
-0.00740474166309295 0.00263095860692814 0.0683862077917887 0.00166614197728882
-0.00587268805820885 -0.00599520478197795 0.0644745034548221 0.0480405221663788
0.00155299067268377 -0.0125994980022361 0.0218462329283955 0.0911762690471571
0.0140976190124358 -0.0127059552671621 -0.0245890966282637 0.0947349053776144
0.0275072124396884 0.00103462613330603 -0.0521231889338002 0.100484431481788
0.0348896387261269 0.0197264297470513 -0.0110519170244981 0.135547127816325
0.0385749076812859 0.0273246999156238 0.0316635641152765 0.0661315190689409
0.0239367923199303 -0.0041507706601008 0.0405062092874077 -0.039262778144541
0.0061434087496341 -0.0127612518891242 -0.0514279617060487 -0.0505535533657242
-0.0009505643120439 -0.00851132337534476 -0.0877370890678396 0.0292136674492866
-0.00716272128156865 -0.0119431667237081 -0.0251391938254379 0.0869145504714137
-0.0116058738144921 -0.00715368738947111 0.0322946174053165 0.066892933989986
-0.0108858293773617 -0.00197087666970943 0.0469729473662743 0.0337634950626087
-0.016433534146674 -0.000251171663679431 0.0475948719927509 0.00609537889540937
-0.0212799689176005 -0.00155251703911087 0.0513009897732623 -0.0110362492454
-0.0283090741972736 -0.0105592866870406 0.0623738328851718 -0.00834852302987262
-0.0139016764325993 -0.0311446558234927 0.0671376794729818 0.0291234126982109
0.0177420491952347 -0.0349834435577975 0.0386202119700896 0.0806788186102723
0.0494544283032995 -0.0117781891771045 -0.00526237072283273 0.0951813460215357
0.0571687688142603 0.0318329137053011 -0.0381077685026231 0.0960640467826675
0.0488221351806736 0.0675778167168256 -0.0083094859346262 0.118539759052382
0.0425576686185233 0.0651331355106497 0.0146931702741398 0.050539774100941
0.0474210530769985 0.0217073159520896 0.042798174392692 -0.0397922116705688
0.0379789336079187 -0.0104016548547511 -0.0480634825006479 -0.0660164515668025
0.0149229085271739 -0.0289381642044088 -0.0941572990651286 0.0125306239862059
-0.0116401315702986 -0.0345221020982699 -0.0383725759902959 0.0794888229623213
-0.0276946855597294 -0.0197631584897886 0.0203999454690765 0.0661405771509475
-0.0279527976267887 -0.00438880259785717 0.0369831857922984 0.0346059520461295
-0.0315975507922915 -0.00144225910967334 0.0369853186206377 0.00709917783796093
-0.035522397645142 -0.00349537738695969 0.0380224364213783 -0.0120404966165707
-0.0461441736153508 -0.0184165851244603 0.0489100019982183 -0.019891733290948
-0.0279201718934373 -0.0489446192471359 0.0636067791012 0.00210050701400621
0.0191782286746675 -0.0582316520888657 0.0587552470437367 0.0579663779858043
0.074149798015413 -0.0273949576866533 0.0199458928708584 0.0898455257842521
0.0869839557724122 0.0438095940036895 -0.0223019920962097 0.0906215061368248
0.0641461039634313 0.0991001562222319 -0.00937398067037767 0.0906003872557044
0.035657735709931 0.0958520758956089 -0.00131526285883366 0.0204577344569903
0.0620658290957222 0.0529289765866992 0.0427141119327202 -0.0450393912357144
0.0694627501968627 0.00227399954892342 -0.0393366219563425 -0.0825286311951883
0.0361754247508568 -0.0445631162194211 -0.0946229653748927 -0.0122851177247233
-0.0097111224627704 -0.0551428226564837 -0.0531302285845092 0.0599850135008228
-0.0396913092542956 -0.0322896889495784 0.0011814728743745 0.0592791353683213
-0.0412614766683131 -0.00872922984371438 0.0202279885891476 0.0338114851921312
-0.041324432671156 -0.00265345801975527 0.0214399536648952 0.00684556882114936
-0.0433590839453188 -0.00450951505268094 0.0202814083674456 -0.0128947405169862
-0.0568470853909141 -0.0212677638033899 0.0296286369398926 -0.0309408838584232
-0.0403443383012641 -0.0569452024787332 0.0509903008519865 -0.0254504681638735
0.0107597959950627 -0.0735227408065375 0.0707662695595413 0.0274031098196445
0.0816161135266407 -0.0454646952615888 0.0416417826245335 0.0759710138018384
0.105131970700268 0.041281718761668 -0.0102230139717907 0.081650326885099
0.0742725606431341 0.111835331344721 -0.0170954238756202 0.0563090929111624
0.0207223679039884 0.110195226877202 -0.0118095961998299 -0.0227673618720745
0.0612944955806529 0.0789532199940085 0.039466999837207 -0.0571131537039804
0.0864036552679006 0.0216550832174958 -0.0239270656888582 -0.0963423138327921
0.0552551019277529 -0.0477763926779863 -0.0828008906856884 -0.0421204779935689
-0.00339114399020207 -0.0664473095039592 -0.0644936955068918 0.0290392737814217
-0.0432562253928498 -0.0407655577280144 -0.0210765435552451 0.0452402765719255
-0.0488090742127716 -0.0112260758693854 -0.00128212184481425 0.0314205540384189
-0.0453239755493713 -0.00325006281544824 0.00296044502753367 0.00619398877746296
-0.044347157636087 -0.00467950134334683 0.00135286070624644 -0.0131697261635704
-0.0583480275211909 -0.0214791331163787 0.00961572629757182 -0.0377328415035169
-0.0446311758024689 -0.0572191439474052 0.0338330821320262 -0.0463836097404654
0.004491078753778 -0.0751383398051064 0.0714710738018057 -0.00110220518968897
0.0788754585954679 -0.0507632009551159 0.0534472175449486 0.0576380105746165
0.104473401857496 0.0369605118351337 -0.00414215636301599 0.0707648798384858
0.0694230217868073 0.108603659360148 -0.0276963055006922 0.0217626572263785
0.00290960116552604 0.101792136446645 -0.0148574002307152 -0.0689722449790828
0.0435806155887644 0.0855807412238904 0.0366825589950999 -0.071497928719412
0.0789929122250896 0.0381171116644335 -0.00452384202760651 -0.102261347329616
0.060884616442309 -0.0370428809940481 -0.0591850721287886 -0.0668492346404663
0.00450529984442711 -0.0630828927158246 -0.0679122511070761 -0.00604699147702675
-0.0383639026426296 -0.04122025384833 -0.0425527229014776 0.026549524405134
-0.0470481297684249 -0.0122960190076044 -0.0221247681176057 0.027361206839002
-0.0430305377288801 -0.004307698475047 -0.0152304329071358 0.00530314128716505
-0.0403914233074301 -0.00482545543938082 -0.0167838545472641 -0.0145737521840842
-0.0518377909027885 -0.0205640288865069 -0.00778691377196998 -0.0429010539876421
-0.0393321367965997 -0.0521879796177679 0.0188257671950247 -0.0606073045108371
0.00502336756918857 -0.0670605880575175 0.0676061711537652 -0.0221582600506491
0.0697037775068879 -0.040901327385507 0.057321816041649 0.0422230695394199
0.0864211838375381 0.0373138969465529 -0.00295688693135916 0.0590862807209494
0.0503081396633933 0.0940373388973547 -0.036731066497798 -0.00832528070216675
-0.0100134574996478 0.0709655723541794 -0.0115293791090989 -0.105994386090867
0.0193962825645628 0.0688574018637327 0.0362475479937269 -0.0840252915545376
0.0528714816342671 0.0390897657742236 0.012328440402468 -0.100654177167726
0.048198551934629 -0.0205478380899637 -0.0341650858693579 -0.0817659164165656
0.00795066147365373 -0.0458707804723321 -0.0651316316819513 -0.034782618731367
-0.0264263143320352 -0.0325234087197534 -0.0589585758338332 0.0092449366577498
-0.0369601618969319 -0.0112950771713771 -0.0419647347631609 0.0231658966556922
-0.0329574576620165 -0.0048422745354541 -0.0317483326382553 0.00372333650765443
-0.0309704928181526 -0.00438975895149278 -0.0312386967566907 -0.0167450354932291
-0.0388534648918325 -0.0179814896514863 -0.0207178821296924 -0.0475136167469715
-0.0277025362810942 -0.0435900451960359 0.00976863001159452 -0.0688582388703962
0.00963024857293508 -0.0530699383790312 0.0646483601624547 -0.0340304646044805
0.0592110651350651 -0.0219287250215305 0.0565770473527564 0.0315361698388553
0.058459612583997 0.0396535324542615 -0.00271400021178086 0.0485390104340571
0.0219154495501056 0.0713587067734125 -0.0397310215439718 -0.0324655203548586
-0.018590695145812 0.0268029868389763 -0.00748047013256395 -0.126043950693828
-0.0028095258525214 0.0346926592237435 0.0353457518411031 -0.0901912997527804
0.0193850762114154 0.025645629306991 0.0218717167556234 -0.0972781640066442
0.0239424475959636 -0.00442684178327624 -0.0199037465509082 -0.0879123438705741
0.00659187325451913 -0.0212523966252178 -0.0635444777968713 -0.0493608519270476
-0.0108801697062024 -0.0176138545018483 -0.0693839167471999 -0.000629926682751502
-0.0199292592107685 -0.00707505980760417 -0.0537430045561616 0.0189399890076507
-0.01919853853308 -0.00486612798804125 -0.0431323763709511 0.000930095522329866
-0.0187898515647709 -0.00331882296057826 -0.0411833534928149 -0.0201995338324646
-0.0238183579684985 -0.013019677410963 -0.0275825983953646 -0.053326844264741
-0.0150832052159641 -0.0311222951697176 0.00771561609299168 -0.0753436985579843
0.013346022350898 -0.0351448696702625 0.0658633101715288 -0.0396955210059745
0.0440321943601709 -0.00308722912740005 0.0553366272129277 0.0280163631221188
0.0265874769456669 0.0378846222843726 -0.00324149568926062 0.0399882027191428
-0.00804959218187272 0.0421273453744944 -0.0356132722039413 -0.0477381022447741
0.0242685077256119 -0.00871498744829885 0.0440869460627007 0.0638479484612133
-0.00163219377651088 -0.0206750350759124 0.0376847139280855 -0.0438455337968587
-0.0182178129709858 -0.00764013349480738 -0.0502992858165987 -0.0425279206424106
-0.00815540119281524 0.0100889931937509 -0.0802880079349188 0.0346171011617081
0.000269825422791454 0.00791549340667793 -0.0177595738658014 0.0853205945175653
0.00475288090740745 0.00373613420690111 0.0345762068755309 0.062148663821481
0.00576230736087467 1.13110446862442E-05 0.0483706909444506 0.0318170413079351
0.000229072389039105 0.000710537529876166 0.0512008520876941 0.00569401784639298
-0.00301534411436361 0.00296739981939545 0.0569631697756813 -0.0088695255224888
-0.0077394091590658 0.00277839413938182 0.0667945177007669 0.00290840932046922
-0.00576701215406755 -0.0062819685001846 0.0622917550135415 0.0486413028731398
0.00189041457625933 -0.0120466973890787 0.0196991339716782 0.0903270940655182
0.014556905731962 -0.011801996965159 -0.0273472400313618 0.0916934964691437
0.0271667716652373 0.00176833686872991 -0.0541079911473373 0.0967501458870536
0.0336638690294459 0.0202943280401822 -0.0147144061010602 0.132045014872252
0.036997362598193 0.0273627795578179 0.0304671986260761 0.0638019605354226
0.0233041209520006 -0.00323759622077975 0.0414120363715259 -0.0384983983341176
0.00627064021955496 -0.0121572350536173 -0.0488954477442343 -0.0517537583458084
-0.000161798143024296 -0.00803587977834421 -0.0864839261237214 0.0262922001819989
-0.00735956754609185 -0.011385468507505 -0.0265064739476793 0.0847980347834948
-0.0108677192572277 -0.0071642866051491 0.0299333767382907 0.066176386518662
-0.010782832497333 -0.00236488791129181 0.0450863126221106 0.0337804896494233
-0.0166532065773074 -0.000593417028779645 0.04683838723396 0.00667015230673915
-0.0207707671770193 -0.00155089012854734 0.0504493113711145 -0.00955373514338471
-0.027574657261864 -0.010633973377477 0.0611302316279599 -0.00639402396983354
-0.0136387014028726 -0.0311216708841789 0.0654080372931189 0.0305178321206727
0.0179397637618021 -0.0344730839972136 0.036394856101238 0.080536805059351
0.0489276963901904 -0.0109978859507701 -0.008422192496564 0.0927520043685594
0.0553644995822425 0.0330400321386938 -0.0397208069433437 0.0931501889355326
0.0464998934139107 0.0669170143097492 -0.011990913871211 0.115263245552122
0.039806630259878 0.0643015136462768 0.0139276861994004 0.0493205450932325
0.0456001445631169 0.0226660740336834 0.0442546538687224 -0.0381804711688219
0.0375318631926691 -0.00923119276316442 -0.0447830593165014 -0.0662131214043243
0.0147291474337094 -0.0276326872137819 -0.0928819421283718 0.00993743977912291
-0.0109995874221742 -0.0337253924219021 -0.0394602238617192 0.0767983453753012
-0.026829285110148 -0.0192454395119511 0.0184814351215148 0.065233318106859
-0.0268139978156287 -0.00553940085735589 0.0349914457084411 0.0342962841626689
-0.0310879969972477 -0.00243823417683645 0.0363057963299747 0.00736680132718842
-0.0346721406149953 -0.00401538667374286 0.0373838329555225 -0.0115696125536549
-0.0448713269082115 -0.0180781597326887 0.0482709524902924 -0.0181347300443242
-0.0265201973663205 -0.048290163930635 0.0616554753658842 0.00376046481101389
0.0196824843318545 -0.05652814482981 0.0566920071234958 0.0580639258196534
0.0731889239505999 -0.0250014942890627 0.0168702163781811 0.0884154653140803
0.0836936173143322 0.0446263878342807 -0.0243615061998839 0.0874275352137895
0.0609983551942894 0.0983628777348973 -0.0122280294925836 0.0870661064451941
0.0323220839167783 0.0946542705775614 -0.000530363514048461 0.0192845780070615
0.0593356527437929 0.0531236385626983 0.0440281438173454 -0.043435321333335
0.0675677914459629 0.00370196161034301 -0.0353555804859376 -0.0827776323767554
0.0359301630242199 -0.042543314701303 -0.0919835444000058 -0.0150506121965317
-0.00895511686651618 -0.0534892110305785 -0.0537940247270677 0.0567651766488428
-0.0383010825783744 -0.03186481267223 0.000489413426623925 0.0581114750018772
-0.0402133131152852 -0.00926482467643831 0.0186905459867868 0.0337869409937456
-0.0402013896326728 -0.00389712898072187 0.0209083096604908 0.00755882272420627
-0.0425148087271449 -0.00538797556777709 0.0202102048416906 -0.01197958144675
-0.0551701302357768 -0.0211466437131275 0.030283521671986 -0.0294006409651051
-0.0394160588250401 -0.0562471415350099 0.0502332486207234 -0.0227349529842628
0.0120855925959897 -0.0710429624821611 0.068439158412704 0.0286227521786063
0.0817898762730878 -0.0424829153773902 0.038620194671377 0.074672855301505
0.102521743500332 0.0428591815213815 -0.0128354323222798 0.0793487328514442
0.070252780397722 0.110174606519043 -0.0184434895714996 0.0540667677441628
0.0174151337732233 0.107944334370851 -0.0103701012921535 -0.0228179347642295
0.0573489623824472 0.0782637691895991 0.0411156777595305 -0.054706577942924
0.0840801266203547 0.0229738365010713 -0.0211754872491374 -0.0948329669740202
0.0550618114541203 -0.0453346164544653 -0.079725671865466 -0.0435848434343662
-0.00219653303286573 -0.0646643721631824 -0.0637804328190951 0.0266919298286553
-0.0416607621014294 -0.0399397783930361 -0.0213388697467309 0.0439247437534395
-0.0471671745994703 -0.0118100645369193 -0.00180628128878925 0.0315103770093808
-0.0446161661291327 -0.00444130082033233 0.00269244952352116 0.00665293006256103
-0.043543347538769 -0.00562095305106848 0.00176629501024449 -0.0129324048683446
-0.0569874432720546 -0.0214139884489301 0.0106767604911741 -0.0364550827892557
-0.0436002305398373 -0.0561438843019756 0.0342621948137205 -0.0441025723658966
0.00571815931066015 -0.0729957935509412 0.0707590350806006 0.000730267595293416
0.0780256880185876 -0.0479230716206045 0.0512680352144089 0.0578778554821344
0.101445558578932 0.0385902117655601 -0.00647597781779967 0.0691233764664223
0.0665417740677114 0.106941471039886 -0.0282396582211063 0.0205538459760978
0.000216090179827395 0.0991037870834811 -0.01182879128759 -0.0673790622491972
0.0403764968711008 0.0845121859934457 0.0387821483539585 -0.0688787622063219
0.0770627355504928 0.0388893756374479 -0.00165508021377732 -0.0997993913735094
0.0600220986345729 -0.0351498658240398 -0.0563698899203514 -0.0674985353274405
0.00504241800072129 -0.060889916717246 -0.0664691166993253 -0.00783477881565193
-0.0359827201853376 -0.0410805555341795 -0.0418411188612905 0.0250722223327043
-0.0452805985349099 -0.013387782987247 -0.023194998808324 0.0268363668586282
-0.0414858016333109 -0.00495058371565454 -0.0157339214303431 0.00479553855850637
-0.0385247065876116 -0.00528020150943349 -0.0152786685856189 -0.0142749736488002
-0.0499783905070395 -0.0204655753228165 -0.00651270882192045 -0.041492267512416
-0.0382670361404409 -0.0513143849470925 0.0193591469783596 -0.0573858011134416
0.00596096800197534 -0.0651790215262101 0.067626056436933 -0.0203533180094158
0.0694114824500022 -0.0384314985953311 0.0554219711164549 0.0423861226308291
0.0835915861146046 0.0385113915157152 -0.00491475507543576 0.0575752024083215
0.0478212655346317 0.0923221689342552 -0.0365147421051075 -0.00905745468688393
-0.0121044471826956 0.0693585173312957 -0.00852193735771697 -0.103491306405803
0.0169438356030351 0.0672467580476605 0.0387417200517228 -0.0805144075136916
0.0509848796861998 0.0392185312263469 0.0153138458522422 -0.0979038583152003
0.0473120911852595 -0.0191192391789115 -0.0316675993938916 -0.0815120910984171
0.00789164611439759 -0.0440063875791722 -0.063224566852274 -0.0359890683576617
-0.0247122226270932 -0.0321408137336271 -0.0582223637949224 0.00743314716550789
-0.0359235046103484 -0.0113602291749944 -0.0413039279829983 0.0221786801281769
-0.0326925522153566 -0.00557863863506024 -0.0311572249806289 0.00328309465917614
-0.0299398571131948 -0.00540486074581042 -0.0304379649235516 -0.016647011160263
-0.0378444597485637 -0.0177437780193693 -0.0188156886904176 -0.0467203662674439
-0.0268725416858385 -0.0427923063211629 0.0111185497378384 -0.0665339425794266
0.0104113036119168 -0.0510893928147679 0.0643298927128644 -0.0322722596639706
0.0582303523373178 -0.0205410940820165 0.0550128738172842 0.0322610383508248
0.0562822903674522 0.0399810895694433 -0.00464289367686533 0.0467724053063191
0.0194385454617117 0.0701540476520734 -0.0386799221726462 -0.0319721777645617
-0.0195189087131318 0.0256812288923767 -0.00379656324924603 -0.122944589009731
-0.00375668073479905 0.0339389991911442 0.0377705752640414 -0.0867516054316728
0.0184646300099918 0.0252662625614356 0.0244900071978667 -0.0938909280356282
0.0239918185585441 -0.00345017411273242 -0.0175076447071556 -0.0877047495413373
0.00660237002965608 -0.0202916991949673 -0.0607152682899195 -0.0501706606984643
-0.0105496374265078 -0.0175386197273038 -0.0679990534770317 -0.00191674576916559
-0.0193014418425579 -0.00807710574550436 -0.0535625513013752 0.0188262127156267
-0.0190656358362276 -0.00526392829872301 -0.04230525910479 0.000743135935592349
-0.0180207082664996 -0.00347436939173178 -0.0392714342984212 -0.0202568996947042
-0.0222166808576925 -0.0128955889665783 -0.0262327893651366 -0.0523547050705113
-0.0139584961991327 -0.0298712568225192 0.00923579499731529 -0.0727328934012069
0.0135539995950055 -0.0341560337309395 0.0649116434686822 -0.0367182931189807
0.0429873753588134 -0.00197919405602103 0.054002567634293 0.0289652566584751
0.0252500755533661 0.0378479741259065 -0.00473589317873715 0.0399152633385746
-0.00872012735673732 0.0407817245437628 -0.0339311377525908 -0.0469232487466911
0.0247793123295539 -0.00781351600879531 0.0436793958789832 0.0655138559537258
-0.00116083089720819 -0.0202903721757076 0.0398932918720853 -0.0443823927966572
-0.0178393569015349 -0.00782393561741723 -0.0493808779332072 -0.0457930909208975
-0.00864252670705198 0.0104852915068531 -0.082148957753183 0.0324491588190593
-0.000232339371139893 0.00782460272466966 -0.0202277967746628 0.0861626274379559
0.00510451644481989 0.00338778069543709 0.033233354694929 0.0638700601337413
0.00587736633499907 -0.000398189213088378 0.0481068247321414 0.0334559323322387
-0.000274495092951956 0.000774801419613006 0.0514699170067726 0.00678559786666315
-0.00269689854965429 0.00293144613902282 0.0583431363370745 -0.00742720724365071
-0.00736098084612035 0.00282882573747454 0.0682707105555021 0.00445933494525456
-0.00599076659205783 -0.00669690605599262 0.0618721167661218 0.0513409771918397
0.00251120674799882 -0.012374387961951 0.0163112255348454 0.0921864555046819
0.0151234748904493 -0.0113822585445124 -0.0317916150978952 0.0919188410218809
0.027875590733122 0.00329112768217066 -0.0586981545701703 0.0958158274203703
0.033357846077478 0.0217185329577137 -0.0192498297468129 0.132302005247806
0.0362713845294102 0.0290234042836969 0.0293668999840611 0.0653650280688275
0.0234845448230929 -0.00229643883536483 0.0438100664268251 -0.0387770508997991
0.00658276918740311 -0.011791603983435 -0.0474063630427912 -0.0544712056804839
-0.00013760933712297 -0.00799595226332007 -0.088677044125708 0.0234686535455368
-0.00726426038042023 -0.011566297542527 -0.0296620529909478 0.0855158283164973
-0.011023995262869 -0.00740503594917188 0.0282957850245068 0.067384951343093
-0.0109103243797824 -0.00313497998279557 0.0449287106994462 0.0358479748723867
-0.0170767911114651 -0.00157408723992106 0.0479362596308965 0.0080991832425605
-0.0214499330579468 -0.00191721624019541 0.0516290990174361 -0.00875499694600942
-0.0277749972942442 -0.0111961058118551 0.0622310853095264 -0.00484204893478041
-0.0129829359304457 -0.031955727525667 0.0650908154929831 0.0331298458799424
0.0194898037254933 -0.0340608211413592 0.0339408671050496 0.0829026705540821
0.0498835524664405 -0.00937364679856384 -0.0123393835471032 0.0936799365505779
0.055457154256936 0.0355660769710161 -0.0444557793736131 0.0928625311672781
0.0449222170712459 0.0693789056503474 -0.0159331083659236 0.11582356269395
0.0378026425433706 0.0666347845150698 0.0135136826455251 0.0500245415605664
0.0450784414986891 0.024210909530592 0.0469765629665197 -0.0379574277555249
0.0380859063740645 -0.00754080718175182 -0.0421342739460189 -0.0694593600494911
0.0159838162354046 -0.0275063144585346 -0.0947764064889804 0.00699581002931603
-0.0101886055286011 -0.0343863479774153 -0.042133553450244 0.0764479254721352
-0.026509737177525 -0.0201036489410608 0.0170840782488349 0.0661818259196277
-0.0271241825301018 -0.00642945246084081 0.0347097949501706 0.0359728681419684
-0.0318301004638905 -0.00300886623365798 0.0374393084105717 0.00859038186208974
-0.0353697850694333 -0.00511815472060935 0.0387544625411543 -0.010487450177251
-0.0447145363496964 -0.0192640106769287 0.0494488916366409 -0.018246189563385
-0.0267261854407541 -0.0493934659934843 0.0626872061396882 0.00663697053485545
0.0215087601223029 -0.0568489569149443 0.0552663108537867 0.0612539399832944
0.0752071950033285 -0.0231950954217439 0.0136379339293529 0.0894765613791985
0.0842468859565272 0.0485981019826561 -0.0284455024081619 0.0878321874337656
0.0596480670965693 0.100868659558516 -0.0160059355340589 0.0871961337435384
0.0292713880375401 0.0968597530753114 -0.000790632784761581 0.0193481775692615
0.0578406194658078 0.0558025192632281 0.0473646659089059 -0.0428118526835233
0.0688969107927105 0.00594574347362611 -0.0327576012558808 -0.0852468278415409
0.0380443533929845 -0.0418165186443805 -0.0934408638077508 -0.0185941360428246
-0.00808706381607158 -0.054151307069236 -0.0561949168478049 0.0559938554476383
-0.037461687463523 -0.0326925894973543 -0.00120833237305482 0.0587789992249383
-0.0403289685420271 -0.0111489154824657 0.0184793086453401 0.0348759740532453
-0.0417779567197888 -0.00468031914677047 0.0213472263571865 0.00759555754758937
-0.0431287148606319 -0.00619298073043858 0.021197812009524 -0.0117504834075739
-0.056079060376542 -0.0221055578944232 0.0313386375197307 -0.0288310024179659
-0.0386420086982403 -0.0574108584611845 0.0515060224718674 -0.0214645725623001
0.0142773230654801 -0.0713813933056231 0.0690657423182006 0.03173902880365
0.0842247364250483 -0.0412532940354255 0.0370759042154072 0.0769181232203985
0.102834715529768 0.046848732718129 -0.0162441751914082 0.0796303229318489
0.0678240243970368 0.113724961983785 -0.0215205581840777 0.0531751252744293
0.0136475886288342 0.109705115645278 -0.00843516988881752 -0.0237855011952431
0.0551718238374112 0.0810780825900523 0.0450517579950995 -0.0540328666881256
0.0849952083589814 0.0258080734063656 -0.0168031266630884 -0.0968364319511368
0.056490985439892 -0.0447675817120764 -0.0795809185214828 -0.046996388572577
-0.000967339562428378 -0.0660641547276429 -0.0659478842304293 0.024406272199593
-0.0411940012956193 -0.0411360816741222 -0.0227975894500914 0.0436910044287582
-0.0472975247387026 -0.0127733579899326 -0.00230460040451018 0.0317251963854349
-0.045122922622361 -0.0058643424150671 0.00245347734990508 0.00705617570125172
-0.0440672441774936 -0.00689864950670416 0.0030119461749256 -0.012435036211895
-0.0568910218398281 -0.0223738743693896 0.0120019749651297 -0.0368575758093661
-0.0427907223727593 -0.0572788784084601 0.0352658925638061 -0.0427140289498164
0.00728289577288211 -0.0731243829472867 0.071511265037807 0.00321001709349228
0.0805707422871784 -0.0467247846750752 0.0503989212466106 0.0596651904846719
0.102008817208375 0.0416237879822868 -0.00996926642045049 0.0693421582667872
0.0638076675359816 0.110003065986009 -0.0298979612496011 0.0189936089004347
-0.00351819925709595 0.101034481919727 -0.00889366002660129 -0.0691381470643516
0.037717499010077 0.0871094122263022 0.0425393825857453 -0.0679509994716822
0.0766565320447776 0.0413577370300376 0.00213025457851703 -0.100677960418654
0.0616816425502592 -0.0334818637657663 -0.0545964177997852 -0.0714031371170363
0.00620172440638313 -0.0619663718797973 -0.0674758249294612 -0.0104064851569604
-0.035945817407822 -0.0415684703749487 -0.0436494839816842 0.0239507428393748
-0.0453885207169929 -0.0145671988715645 -0.0239117253214833 0.0270754203930118
-0.0422736172118743 -0.00675356791259755 -0.016203954398378 0.00503880901227945
-0.0393722131720032 -0.00706835957177216 -0.0148695028552482 -0.0143462338011332
-0.0502803029504671 -0.0216780735597709 -0.00506821438505764 -0.0423077868978216
-0.0379789006074724 -0.0523930312616578 0.0209806463463138 -0.0574266647386735
0.00732367991929581 -0.0653850218554761 0.0685953296552914 -0.0179751022171944
0.0710077089673989 -0.0374218348484403 0.0548793472030856 0.0444554733520327
0.0843324918338511 0.0412394128778985 -0.00797433731998206 0.0583935835417667
0.0454024337702262 0.0943693358683183 -0.0373946784112697 -0.0106624343087272
-0.0148574242825674 0.0695788295739551 -0.00378162656705671 -0.104715954989553
0.0143668871802475 0.0688247494115623 0.0430208636342765 -0.0792031071558043
0.0504023379078037 0.041039069012982 0.0192261699608124 -0.0982109274127111
0.048452446893587 -0.017704606650632 -0.0288042281032497 -0.0843532278683585
0.00906700539920607 -0.044778146784774 -0.0633472627060705 -0.0384806204841036
-0.0242250205263048 -0.0324837953538573 -0.0593225325713696 0.00659094513990417
-0.0355446685176711 -0.0120375761689018 -0.0429511029621254 0.0216326634371548
-0.0332530216225827 -0.00672306680839523 -0.0321435276166542 0.00236581825057284
-0.0306835681020329 -0.00643230998421012 -0.0291381433988875 -0.0176998052213138
-0.037666370386496 -0.0190582253245182 -0.0180998431554079 -0.0476432871165905
-0.0261988260441866 -0.0432411749408763 0.0130205953448865 -0.066621366564523
0.0117518375700648 -0.0507309897166576 0.0663565375304491 -0.0304236125048986
0.0597808975435317 -0.0192161000515531 0.0548921855620377 0.0345644968329495
0.0558856713855551 0.0426915356305401 -0.00707291549712898 0.0477947339985861
0.0182105993731053 0.0713469235407842 -0.0391821535603887 -0.0335989002261077
-0.0210617258116999 0.026148257446721 0.000594747938896695 -0.124324429762426
-0.00537182432287022 0.0340462511550145 0.0412535138306559 -0.0854031990309262
0.0181305206795592 0.0262545286133737 0.0278318029326387 -0.0943007605281663
0.0239579849539785 -0.00304316787820699 -0.0144833486559208 -0.0904475300665357
0.00712464514352503 -0.0199113132871491 -0.0606095119731426 -0.0529172877361613
-0.00990651426694196 -0.0175782688277281 -0.0684874798724874 -0.00346546100739937
-0.0193759320655072 -0.00791656529927813 -0.0544164685405968 0.0177148856047277
-0.0198781771949676 -0.00628868649744298 -0.0432202183731673 0.000235698705396454
-0.0179580014845143 -0.00519829546777213 -0.0392847142507408 -0.0217665945202614
-0.0223789646238481 -0.0134913001192304 -0.0249322755602466 -0.0533633085150208
-0.0137458653787968 -0.0310097125435951 0.0114580772071821 -0.0729263442624832
0.0146062913584611 -0.0335827955453158 0.0671669552741224 -0.0356568812109372
0.044018993523752 -0.000960027150397029 0.0541670453435616 0.0312587249034275
0.0246971877381906 0.0390041800379896 -0.00666867514522931 0.0400218878517037
-0.00981495047191674 0.0413340388123615 -0.0331226021285961 -0.0486591593141918
