TRXV5
3
4
4
9
string Extension=J
integer IsArchMeasurement=1
integer IsSpherical=1
string Generator=SPM
string GeneratorVersion=1.3.1 Dev
double ArchRadius=0.449999988079071
integer FrequencyAxisIndex=0
integer AzimuthAxisIndex=1
integer ElevationAxisIndex=2
Frequency
5 136 690000000 960000000 LIN
Azimuth
7 8 0 2.74889357189107 LIN
Elevation
7 15 -2.74889357189107 2.74889357189107 LIN
Polar H Real Part
13
Polar H Imaginary Part
14
Polar V Real Part
13
Polar V Imaginary Part
14
Polar H Magnitude (dB)
12 0xC0000002 0 1
Polar H Phase
7 0xC0000003 0 1
Polar V Magnitude (dB)
12 0xC0000002 2 3
Polar V Phase
7 0xC0000003 2 3
-0.00926589965820312 0.0604438781738281 0.0850982666015625 -0.009185791015625
0.0450515747070313 0.0399284362792969 0.0469207763671875 0.0196037292480469
0.0432167053222656 -0.013397216796875 0.0518798828125 0.0286140441894531
0.0183143615722656 -0.0318737030029297 0.0805282592773438 0.0106124877929687
-0.00116539001464844 -0.0316600799560547 0.0844802856445313 -0.025054931640625
-0.0201168060302734 -0.0331649780273438 0.06610107421875 -0.0580825805664062
-0.0221519470214844 -0.0259799957275391 0.0482521057128906 -0.0589218139648438
-0.0157012939453125 -0.0266208648681641 0.0335197448730469 -0.0390777587890625
-0.00860977172851563 -0.0388336181640625 0.0184612274169922 -0.0145130157470703
0.0172386169433594 -0.0328826904296875 -0.00360822677612305 -0.00424766540527344
0.0373458862304688 -0.00982666015625 -0.0332145690917969 -0.0236282348632813
0.0352439880371094 0.0158042907714844 -0.0263938903808594 -0.0636253356933594
0.00846099853515625 0.0424461364746094 0.0323486328125 -0.106689453125
-0.0200080871582031 0.0522918701171875 0.0665283203125 -0.0962982177734375
-0.0455818176269531 0.0442161560058594 0.0378036499023438 -0.0601158142089844
-0.033294677734375 0.0721511840820313 0.0773086547851563 0.015045166015625
0.0273704528808594 0.0640029907226563 0.0419998168945313 0.0425987243652344
0.0439338684082031 0.0125007629394531 0.0544929504394531 0.047576904296875
0.0331039428710938 -0.0126323699951172 0.086273193359375 0.02783203125
0.0197467803955078 -0.0243816375732422 0.0924072265625 -0.010009765625
0.0050201416015625 -0.0378608703613281 0.078155517578125 -0.048004150390625
-0.000965118408203127 -0.0367202758789063 0.0569076538085938 -0.0491752624511719
0.00326347351074218 -0.0336074829101562 0.0378875732421875 -0.0281791687011719
0.01275634765625 -0.0438003540039063 0.0190372467041016 -0.000949859619140628
0.0372962951660156 -0.0308074951171875 -0.00801277160644531 0.0104990005493164
0.0512161254882813 0.00080108642578125 -0.0428352355957031 -0.00928497314453124
0.0431709289550781 0.0321502685546875 -0.0435981750488281 -0.0512962341308594
0.00420761108398438 0.0610885620117187 0.00591278076171875 -0.101325988769531
-0.0349998474121094 0.0681228637695313 0.039093017578125 -0.0860977172851562
-0.0635643005371094 0.0573310852050781 0.0121917724609375 -0.0466995239257812
-0.0562744140625 0.0729217529296875 0.0584030151367188 0.0422935485839844
-5.34057617187555E-05 0.080902099609375 0.0262680053710938 0.0709686279296875
0.0342254638671875 0.041168212890625 0.0505752563476563 0.0726089477539063
0.0429534912109375 0.01470947265625 0.0882339477539063 0.0491790771484375
0.0397071838378906 -0.0087127685546875 0.0947647094726563 0.0080413818359375
0.0322113037109375 -0.0344924926757813 0.0841445922851563 -0.0327682495117188
0.02197265625 -0.0412101745605469 0.0579757690429688 -0.034088134765625
0.0212039947509766 -0.0347080230712891 0.0354957580566406 -0.0135688781738281
0.0299911499023438 -0.0433425903320313 0.0142078399658203 0.0143957138061523
0.049407958984375 -0.0281486511230469 -0.0147380828857422 0.0262470245361328
0.0573196411132812 0.00498580932617188 -0.0521621704101562 0.00799179077148437
0.0487556457519531 0.0368881225585938 -0.059478759765625 -0.0339698791503906
0.00879669189453125 0.0674057006835937 -0.0211715698242188 -0.087890625
-0.035888671875 0.0757522583007813 0.00836181640625 -0.0676193237304688
-0.0696449279785156 0.0636711120605469 -0.0168914794921875 -0.0277366638183594
-0.0716018676757812 0.0605926513671875 0.0279426574707031 0.0669021606445313
-0.0297927856445312 0.0831451416015625 -0.00100708007812501 0.0980377197265625
0.0146903991699219 0.0640716552734375 0.0380706787109375 0.097625732421875
0.0414276123046875 0.0432395935058594 0.0802459716796875 0.0705413818359375
0.0524635314941406 0.0122299194335937 0.0878524780273438 0.0251617431640625
0.0554275512695313 -0.0235176086425781 0.07916259765625 -0.0149307250976563
0.0417900085449219 -0.0383071899414063 0.0496788024902344 -0.0164527893066406
0.0357589721679688 -0.0316162109375 0.0267753601074219 0.00290107727050781
0.04254150390625 -0.0377349853515625 0.00646018981933594 0.0303726196289062
0.0548858642578125 -0.0233192443847656 -0.0211181640625 0.041412353515625
0.0570907592773438 0.00729751586914062 -0.0578041076660156 0.0265274047851562
0.0484542846679688 0.035400390625 -0.0684242248535156 -0.0139541625976563
0.0131378173828125 0.0646553039550781 -0.0404853820800781 -0.0657768249511719
-0.0309982299804687 0.0733261108398438 -0.0151023864746094 -0.0418701171875
-0.0681190490722656 0.0604286193847656 -0.0431022644042969 -0.00478363037109375
-0.0718307495117188 0.0384750366210937 -0.0074920654296875 0.0820159912109375
-0.0496826171875 0.0669136047363281 -0.0352096557617188 0.116447448730469
-0.00890731811523438 0.0689773559570313 0.0168914794921875 0.115798950195312
0.0278244018554688 0.0605583190917969 0.0628433227539063 0.084716796875
0.0503730773925781 0.0311927795410156 0.0709457397460937 0.0370101928710937
0.0648918151855469 -0.006256103515625 0.06378173828125 0.00146102905273437
0.0534095764160156 -0.0279045104980469 0.0338077545166016 0.000730514526367186
0.0429000854492188 -0.0231208801269531 0.0134544372558594 0.0192203521728516
0.04827880859375 -0.0279083251953125 -0.00347518920898437 0.0443878173828125
0.0561981201171875 -0.0148277282714844 -0.0278701782226562 0.0534934997558594
0.0520362854003906 0.011566162109375 -0.058807373046875 0.0398330688476562
0.0404853820800781 0.0344161987304688 -0.0689926147460938 0.00258255004882812
0.0091705322265625 0.0559501647949219 -0.04815673828125 -0.0430107116699219
-0.029296875 0.0590438842773438 -0.0284309387207031 -0.0149192810058594
-0.0624961853027344 0.0450630187988281 -0.0642051696777344 0.0160255432128906
-0.0550727844238281 0.0118751525878906 -0.0384750366210938 0.0879364013671875
-0.05126953125 0.0375556945800781 -0.0656509399414062 0.120269775390625
-0.0247726440429688 0.0522499084472656 -0.00618743896484376 0.121871948242188
0.007110595703125 0.0585823059082031 0.0421905517578125 0.0882492065429687
0.0350608825683594 0.0397071838378906 0.05035400390625 0.0402603149414063
0.0581512451171875 0.0110244750976563 0.0421524047851563 0.01171875
0.0538291931152344 -0.0123863220214844 0.0143775939941406 0.0144805908203125
0.0442123413085938 -0.0121383666992187 -0.00283622741699219 0.0322456359863281
0.0488014221191406 -0.0160560607910156 -0.014892578125 0.0542526245117188
0.0524024963378906 -0.00349807739257813 -0.0363311767578125 0.0607757568359375
0.0446014404296875 0.0183753967285156 -0.0608978271484375 0.0457191467285156
0.0287590026855469 0.0375938415527344 -0.0668907165527344 0.0105018615722656
-0.00394821166992188 0.0471954345703125 -0.0482444763183594 -0.02587890625
-0.0333290100097656 0.0381240844726563 -0.0347099304199219 0.00464439392089844
-0.0560493469238281 0.0189437866210937 -0.0805435180664063 0.0301437377929688
-0.0252513885498047 -0.0141277313232422 -0.0545425415039063 0.0851058959960938
-0.0342121124267578 0.00447845458984375 -0.0823974609375 0.114372253417969
-0.0264434814453125 0.0224189758300781 -0.0219955444335938 0.117881774902344
-0.011383056640625 0.0367851257324219 0.0257110595703125 0.0831375122070312
0.0109500885009766 0.0351295471191406 0.0346870422363281 0.0355377197265625
0.0376319885253906 0.0240402221679687 0.0219287872314453 0.0141658782958984
0.0442924499511719 0.00527191162109375 -0.00359153747558594 0.0218257904052734
0.03778076171875 0.000919342041015625 -0.0178413391113281 0.0413703918457031
0.0433349609375 -0.00182342529296875 -0.0283393859863281 0.0606613159179687
0.0453872680664063 0.00954818725585938 -0.0461769104003906 0.0628890991210938
0.0349941253662109 0.0267448425292969 -0.0643806457519531 0.0451011657714844
0.0153617858886719 0.0406951904296875 -0.0657501220703125 0.0116043090820312
-0.0205345153808594 0.0388145446777344 -0.0482521057128906 -0.0185279846191406
-0.0411262512207031 0.0142402648925781 -0.04119873046875 0.0115127563476562
-0.0476417541503906 -0.0110740661621094 -0.0913162231445312 0.0322647094726563
0.00815963745117188 -0.0358085632324219 -0.05401611328125 0.0766067504882813
-0.00724029541015625 -0.0258808135986328 -0.081390380859375 0.104461669921875
-0.015777587890625 -0.0114622116088867 -0.0236282348632813 0.109931945800781
-0.0230026245117188 0.00548553466796875 0.021697998046875 0.073822021484375
-0.0134449005126953 0.0207405090332031 0.0281810760498047 0.0265178680419922
0.00999641418457031 0.0299167633056641 0.00712966918945313 0.00920867919921875
0.0268402099609375 0.0217056274414063 -0.0186672210693359 0.0211238861083984
0.0255584716796875 0.0141410827636719 -0.0315818786621094 0.0440902709960938
0.0318641662597656 0.0120487213134766 -0.0416412353515625 0.062164306640625
0.0324192047119141 0.0212421417236328 -0.0589752197265625 0.060211181640625
0.0215358734130859 0.0318870544433594 -0.0723190307617187 0.0401153564453125
0.000862121582031248 0.0407676696777344 -0.0688323974609375 0.00565338134765624
-0.0350246429443359 0.0267925262451172 -0.0507164001464844 -0.0203590393066406
-0.0447349548339844 -0.0110626220703125 -0.0483245849609375 0.00697326660156249
-0.0349082946777344 -0.0415763854980469 -0.0993881225585938 0.024078369140625
0.000869750976562506 0.0680694580078125 0.0976409912109375 -0.0152130126953125
0.05810546875 0.0363731384277344 0.0571517944335938 0.0148582458496094
0.0466995239257813 -0.0224418640136719 0.0569381713867188 0.0234870910644531
0.0150985717773438 -0.0402946472167969 0.0846786499023438 0.0045928955078125
-0.00817108154296875 -0.036895751953125 0.0871353149414063 -0.0322799682617188
-0.0302982330322266 -0.0333251953125 0.0666656494140625 -0.0656509399414062
-0.0300006866455078 -0.0239944458007813 0.0489082336425781 -0.066741943359375
-0.0233707427978516 -0.0262832641601563 0.0366477966308594 -0.0446052551269531
-0.0183067321777344 -0.0416603088378906 0.0233898162841797 -0.0161113739013672
0.0124282836914062 -0.0411911010742188 0.000526189804077149 -0.00143265724182129
0.0399169921875 -0.0189285278320313 -0.0350475311279297 -0.0173797607421875
0.0430755615234375 0.00998306274414063 -0.0341300964355469 -0.061004638671875
0.0181884765625 0.0477180480957031 0.0223312377929687 -0.116264343261719
-0.0135612487792969 0.0653877258300781 0.0649261474609375 -0.109512329101563
-0.0436782836914062 0.0600814819335938 0.0403938293457031 -0.0658607482910156
-0.0268783569335937 0.08221435546875 0.0928802490234375 0.0129547119140625
0.0385398864746094 0.0649070739746094 0.0551033020019531 0.0407752990722656
0.0480575561523438 0.00556182861328125 0.0620689392089844 0.0436744689941406
0.0322818756103516 -0.0193538665771484 0.093505859375 0.0229110717773438
0.0156154632568359 -0.0290470123291016 0.0986480712890625 -0.0174636840820313
-0.0024871826171875 -0.0401115417480469 0.0813369750976563 -0.056915283203125
-0.00695037841796875 -0.0377235412597656 0.0600166320800781 -0.058258056640625
-0.00224876403808594 -0.0349159240722656 0.0436935424804688 -0.0344619750976563
0.00549697875976563 -0.0481681823730469 0.0269622802734375 -0.0027618408203125
0.0348243713378906 -0.0384254455566406 -0.000485420227050779 0.0147829055786133
0.0555839538574219 -0.00658798217773438 -0.04193115234375 -0.000495910644531257
0.0516281127929688 0.0287246704101563 -0.0501594543457031 -0.0458183288574219
0.0128173828125 0.0673294067382813 -0.00469207763671874 -0.106170654296875
-0.0313568115234375 0.0817718505859375 0.035736083984375 -0.0945205688476563
-0.0645751953125 0.0738525390625 0.0144996643066406 -0.0469818115234375
-0.0550155639648437 0.0830078125 0.0744552612304688 0.0454940795898438
0.00700378417968749 0.0850296020507813 0.0408401489257813 0.0737838745117188
0.038543701171875 0.0391044616699219 0.0618362426757813 0.0706405639648438
0.0446701049804688 0.0114479064941406 0.0972900390625 0.0456161499023438
0.0396232604980469 -0.0124931335449219 0.103668212890625 0.00145721435546875
0.0291252136230469 -0.0389251708984375 0.0893478393554688 -0.0421905517578125
0.0191612243652344 -0.0445556640625 0.0632667541503906 -0.0424842834472656
0.0191574096679687 -0.0380859375 0.0427207946777344 -0.0189399719238281
0.0271110534667969 -0.0481719970703125 0.0239963531494141 0.0137405395507812
0.0501556396484375 -0.0348663330078125 -0.00538253784179687 0.0316333770751953
0.0622444152832031 0.000118255615234375 -0.0500030517578125 0.0178108215332031
0.0573806762695312 0.0362930297851563 -0.0644912719726563 -0.0244407653808594
0.0150604248046875 0.0746994018554688 -0.0320205688476562 -0.0874404907226563
-0.03466796875 0.0887069702148438 0.0051727294921875 -0.0710983276367188
-0.0730209350585938 0.0783462524414063 -0.0155258178710938 -0.0235157012939453
-0.076385498046875 0.0691070556640625 0.042327880859375 0.0758132934570313
-0.028594970703125 0.0902557373046875 0.0134124755859375 0.106391906738281
0.01739501953125 0.0663185119628906 0.0515365600585938 0.0993270874023438
0.0455169677734375 0.0441741943359375 0.091888427734375 0.0682754516601563
0.05615234375 0.0106124877929688 0.0978164672851563 0.0195693969726563
0.0569305419921875 -0.0281562805175781 0.0863113403320313 -0.0233688354492188
0.0423660278320313 -0.0438156127929688 0.0567893981933594 -0.0231094360351563
0.036590576171875 -0.0357284545898438 0.0346508026123047 -0.00095176696777344
0.0429763793945313 -0.0428504943847656 0.0166969299316406 0.0304698944091797
0.0582618713378906 -0.0284538269042969 -0.0111579895019531 0.0469207763671875
0.0630569458007813 0.00463485717773438 -0.0529289245605469 0.0365753173828125
0.0554084777832031 0.0372123718261719 -0.07098388671875 -0.00286865234374998
0.0175323486328125 0.0714263916015625 -0.0488014221191406 -0.0616607666015625
-0.0324325561523437 0.0835342407226563 -0.0172615051269531 -0.0403900146484375
-0.0740127563476563 0.0724945068359375 -0.0433921813964844 0.00312423706054687
-0.0804519653320313 0.0424880981445313 0.00345611572265625 0.0951309204101563
-0.055084228515625 0.0737075805664062 -0.0224609375 0.129379272460938
-0.00925445556640624 0.0746917724609375 0.0297775268554687 0.121391296386719
0.0316848754882812 0.066650390625 0.07525634765625 0.0854415893554688
0.0564994812011719 0.0331344604492188 0.0806350708007813 0.0328826904296875
0.0708236694335938 -0.00948333740234375 0.0710983276367188 -0.00494384765625
0.0585212707519531 -0.0336112976074219 0.0401496887207031 -0.003509521484375
0.0484580993652344 -0.0276756286621094 0.0203380584716797 0.0177135467529297
0.05322265625 -0.0327644348144531 0.00597381591796875 0.0454750061035156
0.0620689392089844 -0.0186042785644531 -0.0182342529296875 0.0586738586425781
0.0592498779296875 0.0116767883300781 -0.0529022216796875 0.0486793518066406
0.0466384887695313 0.0381507873535156 -0.069427490234375 0.0126609802246094
0.0104598999023438 0.0627861022949219 -0.0538444519042969 -0.0368614196777344
-0.0331382751464844 0.0673179626464844 -0.0298290252685547 -0.00931930541992187
-0.0713577270507813 0.0528335571289063 -0.0657424926757813 0.027130126953125
-0.0651359558105469 0.0106620788574219 -0.0321044921875 0.102859497070313
-0.0606231689453125 0.040130615234375 -0.056976318359375 0.137313842773438
-0.0295066833496094 0.0590782165527344 0.00602722167968749 0.130386352539062
0.00873184204101563 0.0671348571777344 0.0525970458984375 0.0902328491210938
0.0406761169433594 0.0452384948730469 0.0590591430664062 0.036956787109375
0.0668678283691406 0.011077880859375 0.0479888916015625 0.00768661499023438
0.0627937316894531 -0.0162239074707031 0.0191631317138672 0.0125217437744141
0.0512580871582031 -0.0159111022949219 0.00260162353515625 0.0328521728515625
0.0562667846679688 -0.0193557739257813 -0.00789260864257812 0.0572891235351562
0.0614471435546875 -0.00508499145507813 -0.0278091430664062 0.0665054321289063
0.051849365234375 0.020538330078125 -0.0552978515625 0.05462646484375
0.0339393615722656 0.0438499450683594 -0.0656700134277344 0.0194931030273438
-0.00547027587890624 0.0551300048828125 -0.052001953125 -0.0188751220703125
-0.0413475036621094 0.044525146484375 -0.0356216430664063 0.0119400024414063
-0.0676689147949219 0.0235137939453125 -0.0842514038085937 0.0412750244140625
-0.0348911285400391 -0.0209999084472656 -0.0535430908203125 0.100044250488281
-0.0452156066894531 0.00139617919921874 -0.0781936645507812 0.132492065429688
-0.0346889495849609 0.0256977081298828 -0.0102157592773437 0.12713623046875
-0.0148124694824219 0.0455436706542969 0.03570556640625 0.0845260620117188
0.0147438049316406 0.0433998107910156 0.0396995544433594 0.0331764221191406
0.0476493835449219 0.0272483825683594 0.023895263671875 0.0121536254882813
0.0546493530273437 0.0029144287109375 -0.00298309326171875 0.0229625701904297
0.0468711853027344 -0.00153350830078125 -0.0148773193359375 0.0443611145019531
0.052398681640625 -0.00498199462890625 -0.0227241516113281 0.0646018981933594
0.0556869506835938 0.00843048095703125 -0.0407676696777344 0.0683250427246094
0.0429649353027344 0.0302696228027344 -0.0609092712402344 0.052825927734375
0.0202255249023438 0.0484352111816406 -0.0656356811523438 0.0189895629882812
-0.0230636596679688 0.0481033325195313 -0.0511589050292969 -0.0123443603515625
-0.0519828796386719 0.0193672180175781 -0.0431976318359375 0.0193367004394531
-0.0609931945800781 -0.011505126953125 -0.097930908203125 0.0435333251953125
0.00203323364257813 -0.0476722717285156 -0.0556488037109375 0.0877914428710938
-0.0163955688476563 -0.0339088439941406 -0.0790634155273438 0.120109558105469
-0.0253849029541016 -0.0132312774658203 -0.012939453125 0.118881225585937
-0.0296993255615234 0.0116195678710938 0.0304183959960937 0.0740737915039062
-0.013153076171875 0.0295772552490234 0.0310688018798828 0.0217781066894531
0.018096923828125 0.0358047485351563 0.00652647018432617 0.00684165954589844
0.0370445251464844 0.0220222473144531 -0.0213832855224609 0.0241527557373047
0.0343952178955078 0.0132427215576172 -0.0312118530273438 0.0491256713867188
0.0416984558105469 0.0104560852050781 -0.0390853881835937 0.0685157775878906
0.0437355041503906 0.021392822265625 -0.0565376281738281 0.0671730041503906
0.0298728942871094 0.0360221862792969 -0.0714874267578125 0.0468597412109375
0.00589752197265625 0.0488204956054688 -0.0698738098144531 0.0124702453613281
-0.0387725830078125 0.0365562438964844 -0.0541496276855469 -0.0142555236816406
-0.0566139221191406 -0.00796127319335938 -0.053009033203125 0.0145339965820313
-0.0486488342285156 -0.045562744140625 -0.108940124511719 0.03314208984375
0.0134124755859375 0.0714263916015625 0.107109069824219 -0.0247802734375
0.0691299438476563 0.0292243957519531 0.06365966796875 0.00582504272460938
0.0460891723632813 -0.0331230163574219 0.0585823059082031 0.0171852111816406
0.00854110717773438 -0.0461692810058594 0.0849609375 -0.0012969970703125
-0.0158233642578125 -0.0380783081054688 0.0867385864257813 -0.0388259887695313
-0.0398597717285156 -0.02978515625 0.0643234252929688 -0.0710601806640625
-0.0372200012207031 -0.0200386047363281 0.0479888916015625 -0.073211669921875
-0.030487060546875 -0.0227642059326172 0.0380744934082031 -0.0505447387695313
-0.0290298461914062 -0.0402069091796875 0.0288677215576172 -0.0199928283691406
0.00379562377929687 -0.0465126037597656 0.00647068023681641 -0.00104618072509766
0.0382957458496094 -0.0287971496582031 -0.0331611633300781 -0.0110530853271484
0.0483131408691406 0.00225067138671875 -0.0393829345703125 -0.0549964904785156
0.0295562744140625 0.0491065979003906 0.010345458984375 -0.118118286132813
-0.00245666503906251 0.0750579833984375 0.0588912963867187 -0.118873596191406
-0.0354080200195313 0.0733795166015625 0.0423736572265625 -0.0706100463867188
-0.0173416137695313 0.0883865356445313 0.1064453125 0.0057525634765625
0.0489845275878906 0.0607643127441406 0.0657958984375 0.0332374572753906
0.0494155883789062 -0.00165176391601562 0.0669326782226563 0.0373344421386719
0.0284805297851562 -0.024932861328125 0.097076416015625 0.01641845703125
0.00971412658691407 -0.0315437316894531 0.100563049316406 -0.0247802734375
-0.0104255676269531 -0.0394859313964844 0.0819854736328125 -0.0649185180664063
-0.013153076171875 -0.0353469848632813 0.0616111755371094 -0.0665435791015625
-0.00777435302734375 -0.0343074798583984 0.0468826293945313 -0.0422821044921875
-0.00245285034179688 -0.0489692687988281 0.0345821380615234 -0.00755119323730469
0.0291328430175781 -0.0443992614746094 0.00835800170898438 0.0150747299194336
0.0561294555664062 -0.0147438049316406 -0.0377349853515625 0.00741958618164063
0.05755615234375 0.0228080749511719 -0.0524024963378906 -0.03607177734375
0.022979736328125 0.0704803466796875 -0.0160369873046875 -0.104423522949219
-0.0229339599609375 0.0938949584960938 0.0309219360351563 -0.0999755859375
-0.0596847534179688 0.0880355834960937 0.017791748046875 -0.0475082397460937
-0.0505523681640625 0.0908966064453125 0.09039306640625 0.0426864624023438
0.0144500732421875 0.0863876342773438 0.0555343627929688 0.0697479248046875
0.0410537719726563 0.0354957580566406 0.0694389343261719 0.0646514892578125
0.0442085266113281 0.00820159912109375 0.10418701171875 0.038848876953125
0.0371017456054688 -0.0152587890625 0.108360290527344 -0.007049560546875
0.0242042541503906 -0.0409049987792969 0.091766357421875 -0.0512542724609375
0.0151710510253906 -0.0460624694824219 0.0666885375976563 -0.0520858764648438
0.0166664123535156 -0.0395278930664063 0.0478591918945312 -0.0270500183105469
0.0224037170410156 -0.0507125854492188 0.0331878662109375 0.00890159606933593
0.0478706359863281 -0.040283203125 0.00621795654296875 0.0319499969482422
0.0652008056640625 -0.00577545166015625 -0.0422019958496094 0.0261726379394531
0.0633354187011719 0.0325736999511719 -0.0642356872558594 -0.0135002136230469
0.0230484008789063 0.078155517578125 -0.0399932861328125 -0.081787109375
-0.0299835205078125 0.0999755859375 0.00238037109375 -0.0716400146484375
-0.0711822509765625 0.0925140380859375 -0.0115470886230469 -0.0189647674560547
-0.0772171020507812 0.0773162841796875 0.0593795776367187 0.077789306640625
-0.0254669189453125 0.0949554443359375 0.0298233032226562 0.107170104980469
0.0202369689941406 0.0681800842285156 0.062530517578125 0.09539794921875
0.04931640625 0.0439529418945313 0.100959777832031 0.0622177124023438
0.0580596923828125 0.00887298583984375 0.104248046875 0.011810302734375
0.056396484375 -0.0320167541503906 0.0906448364257813 -0.0326766967773438
0.0416946411132813 -0.0478706359863281 0.0607566833496094 -0.0310325622558594
0.0373420715332031 -0.0391349792480469 0.0400619506835938 -0.00785446166992188
0.0425338745117187 -0.0467758178710938 0.0269508361816406 0.0260238647460937
0.0596389770507813 -0.0338897705078125 0.0011444091796875 0.0471382141113281
0.0672149658203125 0.00100326538085938 -0.0437698364257812 0.043548583984375
0.0619544982910156 0.0362358093261719 -0.0675582885742188 0.00739288330078124
0.0221633911132813 0.0757522583007813 -0.0533866882324219 -0.0543251037597656
-0.030609130859375 0.0929641723632812 -0.0176239013671875 -0.036224365234375
-0.0758514404296875 0.0844879150390625 -0.0384101867675781 0.0110816955566406
-0.0875473022460938 0.0487289428710937 0.0180130004882813 0.102897644042969
-0.057464599609375 0.0803451538085938 -0.0063629150390625 0.135902404785156
-0.00811004638671874 0.0805130004882813 0.0435562133789063 0.119804382324219
0.0364227294921875 0.0702285766601563 0.0849456787109375 0.0804367065429688
0.0625572204589844 0.0336723327636719 0.0877838134765625 0.0267562866210938
0.0755996704101563 -0.0141983032226563 0.0755615234375 -0.0127944946289063
0.0611114501953125 -0.0404548645019531 0.0446395874023438 -0.00939178466796875
0.0513496398925781 -0.0324478149414063 0.0258579254150391 0.0126495361328125
0.0569267272949219 -0.0380287170410156 0.0151519775390625 0.0415115356445313
0.066986083984375 -0.0234756469726563 -0.0064544677734375 0.0588531494140625
0.0651741027832031 0.0103492736816406 -0.0432395935058594 0.0545806884765625
0.053619384765625 0.0405082702636719 -0.0640029907226563 0.0218162536621094
0.0132637023925781 0.0689468383789063 -0.054840087890625 -0.0294227600097656
-0.0362777709960938 0.0760879516601563 -0.0273971557617188 -0.00400352478027343
-0.077178955078125 0.06298828125 -0.06182861328125 0.0369186401367188
-0.0760040283203125 0.0126419067382813 -0.0211563110351563 0.114952087402344
-0.0693321228027344 0.0456504821777344 -0.043548583984375 0.147705078125
-0.0328903198242187 0.0664443969726563 0.0201263427734375 0.1314697265625
0.0114822387695312 0.0746612548828125 0.0629348754882813 0.0868988037109375
0.0478477478027344 0.0488204956054688 0.0633430480957031 0.0326194763183594
0.0756301879882813 0.0079345703125 0.0509033203125 0.0013885498046875
0.0684661865234375 -0.0240592956542969 0.0223808288574219 0.0105190277099609
0.0572853088378906 -0.0216140747070312 0.00781631469726563 0.0315284729003906
0.0627784729003906 -0.0257987976074219 0.000225067138671879 0.0557403564453125
0.0690574645996094 -0.0102996826171875 -0.0181236267089844 0.0664863586425781
0.0603179931640625 0.0206642150878906 -0.0461044311523438 0.0584678649902344
0.0420417785644531 0.0475349426269531 -0.0605278015136719 0.0267753601074219
-0.00438690185546875 0.0633125305175781 -0.0505714416503906 -0.0124702453613281
-0.0476188659667969 0.05224609375 -0.0322513580322266 0.0183734893798828
-0.07696533203125 0.030487060546875 -0.081207275390625 0.0530624389648437
-0.0466880798339844 -0.0247611999511719 -0.0476150512695313 0.11151123046875
-0.056793212890625 0.00315093994140626 -0.0680389404296875 0.145538330078125
-0.0412712097167969 0.031036376953125 0.00263214111328124 0.130462646484375
-0.0149116516113281 0.054840087890625 0.0435104370117188 0.0819931030273438
0.0207443237304687 0.04986572265625 0.0421409606933594 0.0286827087402344
0.0578269958496094 0.0265960693359375 0.0246219635009766 0.00888633728027344
0.0629158020019531 -0.002655029296875 -0.00169754028320312 0.023681640625
0.0540657043457031 -0.00696563720703125 -0.0114860534667969 0.0453414916992188
0.0610542297363281 -0.0109977722167969 -0.0168228149414062 0.0658493041992187
0.0652427673339844 0.00376510620117188 -0.0333251953125 0.0703048706054688
0.0520172119140625 0.0301322937011719 -0.0544624328613281 0.0565147399902344
0.0287437438964844 0.0541877746582031 -0.0612983703613281 0.0249061584472656
-0.0228309631347656 0.0572586059570312 -0.0495719909667969 -0.00581359863281249
-0.0604248046875 0.026824951171875 -0.0413970947265625 0.0273933410644531
-0.0741424560546875 -0.00701141357421875 -0.0995330810546875 0.0552597045898437
-0.00904083251953125 -0.0562515258789063 -0.05413818359375 0.0984344482421875
-0.0292396545410156 -0.0379562377929688 -0.0718612670898437 0.132583618164063
-0.0351715087890625 -0.0106048583984375 -0.000854492187499994 0.121307373046875
-0.0344104766845703 0.0213985443115234 0.0365638732910156 0.0699005126953125
-0.00955963134765625 0.0380325317382813 0.0303745269775391 0.0172996520996094
0.0294570922851563 0.0384674072265625 0.00345087051391602 0.00621795654296875
0.0467605590820313 0.0173530578613281 -0.0229110717773437 0.0275688171386719
0.0428199768066406 0.00883865356445313 -0.0300331115722656 0.0532989501953125
0.0501899719238281 0.00554275512695313 -0.0358810424804687 0.07257080078125
0.053192138671875 0.0174369812011719 -0.0517044067382812 0.0705795288085938
0.0393905639648438 0.0374221801757813 -0.0677337646484375 0.0528564453125
0.0137176513671875 0.0551834106445312 -0.0676841735839844 0.0183753967285156
-0.0389480590820313 0.046722412109375 -0.0534439086914063 -0.00772857666015624
-0.0673027038574219 -0.000492095947265617 -0.0541496276855469 0.0236015319824219
-0.063079833984375 -0.0444793701171875 -0.114646911621094 0.0438308715820312
0.0247955322265625 0.0705337524414063 0.113487243652344 -0.0344085693359375
0.0755767822265625 0.0193862915039062 0.0671272277832031 -0.00333404541015625
0.0433692932128906 -0.0411109924316406 0.05755615234375 0.0122642517089844
0.0023193359375 -0.0497856140136719 0.0839614868164062 -0.00458526611328125
-0.0235710144042969 -0.0372695922851563 0.0852203369140625 -0.0418777465820313
-0.0472831726074219 -0.0234870910644531 0.0624465942382813 -0.0737686157226562
-0.0420379638671875 -0.0135574340820312 0.04693603515625 -0.078155517578125
-0.0353736877441406 -0.0176506042480469 0.0382308959960938 -0.0555381774902344
-0.0374488830566406 -0.0350265502929688 0.0322723388671875 -0.0249404907226563
-0.00486373901367188 -0.0479545593261719 0.0129175186157227 -0.00262260437011719
0.0344505310058594 -0.0365180969238281 -0.0278282165527344 -0.00597953796386719
0.0507240295410156 -0.0063629150390625 -0.03961181640625 -0.0480003356933594
0.0395393371582031 0.0467300415039063 0.00196838378906251 -0.115966796875
0.00986480712890624 0.0802154541015625 0.052947998046875 -0.124565124511719
-0.0246429443359375 0.0820693969726563 0.0447616577148438 -0.0757675170898438
-0.0096435546875 0.0907745361328125 0.116973876953125 -0.00289916992187499
0.0553245544433594 0.0548286437988281 0.0726318359375 0.0240859985351563
0.0478973388671875 -0.00806427001953125 0.0682144165039063 0.0310859680175781
0.0243568420410156 -0.0272026062011719 0.09765625 0.0119552612304687
0.00423431396484375 -0.0308952331542969 0.101028442382813 -0.0300827026367188
-0.0167274475097656 -0.03558349609375 0.0808944702148438 -0.0700454711914063
-0.0172958374023438 -0.0318622589111328 0.0618362426757813 -0.0739288330078125
-0.0113391876220703 -0.0310516357421875 0.0485649108886719 -0.0495071411132812
-0.00861740112304688 -0.0467262268066406 0.0403938293457031 -0.0138816833496094
0.0232048034667969 -0.0476722717285156 0.0174446105957031 0.0125455856323242
0.0547943115234375 -0.0220832824707031 -0.0304489135742188 0.0116519927978516
0.0620384216308594 0.0166015625 -0.0508003234863281 -0.0279617309570312
0.0319976806640625 0.0706558227539063 -0.0222930908203125 -0.0996780395507813
-0.0130691528320312 0.101112365722656 0.0274581909179688 -0.102500915527344
-0.0514297485351562 0.098876953125 0.0224266052246094 -0.0483932495117188
-0.0463104248046875 0.096038818359375 0.104171752929688 0.0363998413085938
0.0196075439453125 0.0851364135742188 0.0656471252441406 0.0619659423828125
0.0409698486328125 0.0326080322265625 0.0737152099609375 0.0580215454101563
0.0432281494140625 0.00619888305664063 0.106712341308594 0.0330734252929688
0.0349006652832031 -0.0160732269287109 0.110176086425781 -0.0136489868164063
0.0202789306640625 -0.0404548645019531 0.0922393798828125 -0.058624267578125
0.0122146606445313 -0.0455703735351563 0.0676078796386719 -0.0599555969238281
0.0150527954101562 -0.0392684936523438 0.0509681701660156 -0.0355873107910156
0.0192489624023438 -0.0510520935058594 0.040679931640625 0.00148391723632812
0.0449943542480469 -0.0437889099121094 0.0163974761962891 0.02838134765625
0.0662689208984375 -0.010650634765625 -0.0326194763183594 0.0302600860595703
0.0679664611816406 0.0283203125 -0.0588188171386719 -0.00510787963867188
0.0298614501953125 0.0800704956054688 -0.0436019897460938 -0.0751571655273438
-0.0232009887695313 0.107864379882813 0.00167083740234375 -0.0710525512695312
-0.06719970703125 0.103370666503906 -0.00510883331298829 -0.0164861679077148
-0.078216552734375 0.0836257934570313 0.074127197265625 0.0753707885742187
-0.0237197875976563 0.0986099243164062 0.0430145263671875 0.103004455566406
0.0206985473632813 0.0691375732421875 0.0689620971679688 0.0891036987304688
0.0509834289550781 0.0447349548339844 0.105918884277344 0.0566940307617188
0.0595359802246094 0.00782012939453125 0.107200622558594 0.00446319580078125
0.0555305480957031 -0.0346946716308594 0.0919952392578125 -0.0402908325195312
0.0414657592773438 -0.0503616333007812 0.0624160766601563 -0.0391082763671875
0.0378341674804688 -0.0416908264160156 0.0440444946289063 -0.0154953002929688
0.0423965454101563 -0.04986572265625 0.0337696075439453 0.0186805725097656
0.060546875 -0.0373878479003906 0.0117034912109375 0.0425605773925781
0.0707321166992188 -0.00162506103515625 -0.032867431640625 0.0458297729492188
0.0667266845703125 0.0348243713378906 -0.0601463317871094 0.01470947265625
0.0266571044921875 0.078826904296875 -0.0538253784179687 -0.0472145080566406
-0.0278854370117188 0.101081848144531 -0.0148048400878906 -0.0340328216552734
-0.0756149291992188 0.09503173828125 -0.0310249328613281 0.0157337188720703
-0.0934066772460938 0.054901123046875 0.0322418212890625 0.105789184570313
-0.0603713989257813 0.0879135131835937 0.00794219970703125 0.136283874511719
-0.00839233398437499 0.0852432250976563 0.0523681640625 0.115043640136719
0.0406875610351563 0.0746536254882813 0.0907974243164063 0.0753555297851563
0.0672874450683594 0.0331535339355469 0.0907669067382812 0.02056884765625
0.0792007446289063 -0.018707275390625 0.0777740478515625 -0.0203628540039063
0.0632133483886719 -0.0455818176269531 0.0469818115234375 -0.0149803161621094
0.0537033081054688 -0.0370445251464844 0.0301799774169922 0.00639152526855468
0.0593528747558594 -0.0426979064941406 0.0216903686523438 0.0353050231933594
0.0709152221679688 -0.0280838012695312 0.00330734252929688 0.0545005798339844
0.0704116821289063 0.00862884521484375 -0.0336532592773437 0.0551795959472656
0.0592460632324219 0.0419845581054687 -0.0568008422851562 0.0268630981445312
0.0155792236328125 0.0746307373046875 -0.0523338317871094 -0.0228462219238281
-0.0373764038085938 0.0842132568359375 -0.0228481292724609 0.000221252441406254
-0.0805816650390625 0.0721969604492187 -0.0548896789550781 0.0438385009765625
-0.0868148803710938 0.015960693359375 -0.00972747802734374 0.120445251464844
-0.0768814086914063 0.0524749755859375 -0.0303802490234375 0.15228271484375
-0.034881591796875 0.0732879638671875 0.0303115844726563 0.128471374511719
0.0152053833007812 0.0815353393554687 0.0677490234375 0.0819473266601563
0.0554084777832031 0.0519180297851562 0.0660438537597656 0.0274124145507813
0.0826492309570313 0.0029754638671875 0.0519523620605469 -0.00297927856445312
0.0735015869140625 -0.030517578125 0.0239105224609375 0.00710868835449219
0.0615997314453125 -0.0273017883300781 0.0113029479980469 0.0278053283691406
0.0672378540039063 -0.0324211120605469 0.00548553466796876 0.0518875122070313
0.0757064819335937 -0.015411376953125 -0.0100135803222656 0.0626716613769531
0.0675621032714844 0.019775390625 -0.0387191772460937 0.0584220886230469
0.0495414733886719 0.0510177612304688 -0.0535850524902344 0.0301246643066406
-0.00207519531250001 0.070404052734375 -0.0469741821289062 -0.00788497924804686
-0.0519638061523438 0.0621719360351562 -0.0281352996826172 0.0233364105224609
-0.0850372314453125 0.0386962890625 -0.0765914916992188 0.0607376098632813
-0.0595321655273437 -0.0247535705566406 -0.0400543212890625 0.119895935058594
-0.0686912536621094 0.00709533691406249 -0.056793212890625 0.15191650390625
-0.0474433898925781 0.0376815795898438 0.0124130249023437 0.128509521484375
-0.0135078430175781 0.0638961791992188 0.0479736328125 0.0775909423828125
0.0278358459472656 0.0556488037109375 0.0428123474121094 0.0243797302246094
0.0678215026855469 0.024078369140625 0.0242633819580078 0.0058746337890625
0.0700531005859375 -0.010101318359375 -0.000734329223632806 0.0233135223388672
0.0595817565917969 -0.0136184692382813 -0.00826263427734375 0.0448799133300781
0.0670280456542969 -0.0176773071289062 -0.0131912231445313 0.0649261474609375
0.0733718872070313 -0.00171661376953125 -0.0279426574707031 0.0686912536621094
0.0603981018066406 0.0295333862304688 -0.0486946105957031 0.0572547912597656
0.0370674133300781 0.05780029296875 -0.0557098388671875 0.0277328491210937
-0.0209083557128906 0.0661239624023438 -0.04541015625 -0.00209426879882811
-0.0674209594726563 0.0370025634765625 -0.037994384765625 0.0332565307617188
-0.0849533081054688 0.000274658203124987 -0.0981597900390625 0.0637969970703125
-0.0210189819335938 -0.0606651306152344 -0.0520172119140625 0.105964660644531
-0.0420646667480469 -0.0376625061035156 -0.0635833740234375 0.139778137207031
-0.0431861877441406 -0.00640869140624999 0.008056640625 0.119659423828125
-0.0355682373046875 0.0306053161621094 0.0399246215820313 0.064605712890625
-0.00384902954101562 0.0450286865234375 0.0279960632324219 0.0139923095703125
0.0397262573242188 0.0384368896484375 0.000849246978759769 0.00583314895629883
0.0544967651367188 0.011749267578125 -0.0241317749023437 0.0305519104003906
0.0490646362304687 0.00243759155273437 -0.0279998779296875 0.0570182800292969
0.0567359924316406 -0.0009918212890625 -0.0324554443359375 0.0745391845703125
0.0614547729492188 0.0113296508789063 -0.04803466796875 0.0714340209960938
0.0475883483886719 0.0352249145507813 -0.0637664794921875 0.0535812377929688
0.0216903686523437 0.0587615966796875 -0.0644416809082031 0.0209617614746094
-0.036590576171875 0.055938720703125 -0.0504035949707031 -0.00354385375976562
-0.0743331909179688 0.00862884521484374 -0.0534324645996094 0.0313873291015625
-0.07568359375 -0.0387344360351563 -0.117446899414063 0.0531539916992188
0.0335502624511719 0.0683021545410156 0.118827819824219 -0.043670654296875
0.0799179077148438 0.0103759765625 0.0679855346679688 -0.0110092163085938
0.0393562316894531 -0.0477867126464844 0.0556144714355469 0.00945663452148437
-0.00438690185546875 -0.0522537231445313 0.0830764770507813 -0.00548553466796875
-0.0291519165039062 -0.0352249145507812 0.0850372314453125 -0.0425949096679687
-0.0524711608886719 -0.017242431640625 0.0637359619140625 -0.0758819580078125
-0.0447120666503906 -0.00774765014648437 0.04705810546875 -0.0831451416015625
-0.0383110046386719 -0.0119171142578125 0.0392837524414063 -0.0610618591308594
-0.0438346862792969 -0.0301017761230469 0.0354499816894531 -0.0297279357910156
-0.012847900390625 -0.0479736328125 0.0185890197753906 -0.00560188293457032
0.0303382873535156 -0.0433273315429687 -0.0224018096923828 -0.00396156311035156
0.0506057739257813 -0.0135498046875 -0.0367431640625 -0.0431671142578125
0.0477104187011719 0.0430526733398438 -0.00243377685546874 -0.112518310546875
0.0217971801757813 0.0831069946289063 0.049285888671875 -0.128753662109375
-0.0141983032226563 0.088134765625 0.0484390258789063 -0.080902099609375
-0.00276184082031249 0.0910568237304687 0.125572204589844 -0.010772705078125
0.0591926574707031 0.0499725341796875 0.0761642456054687 0.0158920288085938
0.0453262329101563 -0.0126800537109375 0.0679664611816406 0.0276756286621094
0.0197982788085938 -0.02862548828125 0.09857177734375 0.0103073120117187
0.000177383422851562 -0.0289802551269531 0.102066040039063 -0.03265380859375
-0.0209789276123047 -0.0312595367431641 0.0829010009765625 -0.0736236572265625
-0.0189781188964844 -0.0279445648193359 0.0628585815429688 -0.0801773071289063
-0.0127677917480469 -0.0285911560058594 0.0502166748046875 -0.0565299987792969
-0.0129814147949219 -0.0437774658203125 0.0454216003417969 -0.0216102600097656
0.0180091857910156 -0.0486526489257813 0.0248470306396484 0.00815010070800781
0.05267333984375 -0.0263938903808594 -0.0225582122802734 0.0136489868164062
0.06396484375 0.011260986328125 -0.0456924438476562 -0.0226249694824219
0.03900146484375 0.0704345703125 -0.0244369506835937 -0.0955734252929688
-0.00453186035156249 0.105796813964844 0.0272445678710937 -0.104652404785156
-0.0445709228515625 0.107368469238281 0.0284690856933594 -0.0512962341308594
-0.0444183349609375 0.100021362304687 0.115486145019531 0.0300750732421875
0.0224075317382812 0.0848770141601563 0.0726776123046875 0.054168701171875
0.0399398803710938 0.0307273864746094 0.07525634765625 0.05322265625
0.0424270629882813 0.00604629516601563 0.109375 0.0311355590820313
0.0331516265869141 -0.0153408050537109 0.11273193359375 -0.0179595947265625
0.0186920166015625 -0.038665771484375 0.0941696166992187 -0.06414794921875
0.0114479064941406 -0.0450401306152344 0.0693206787109375 -0.0683517456054688
0.014434814453125 -0.0390777587890625 0.0530853271484375 -0.0435638427734375
0.0180435180664063 -0.0503387451171875 0.0452919006347656 -0.00664520263671875
0.0436859130859375 -0.0460891723632812 0.0247058868408203 0.0224266052246094
0.0672073364257812 -0.0139312744140625 -0.0238456726074219 0.0304164886474609
0.0713729858398438 0.0258636474609375 -0.0523490905761719 -0.00120925903320312
0.035858154296875 0.0819931030273438 -0.04364013671875 -0.0699615478515625
-0.0175628662109375 0.115005493164063 0.0030975341796875 -0.0712509155273437
-0.0635223388671875 0.112701416015625 0.00210952758789062 -0.0176525115966797
-0.0810165405273437 0.0898208618164063 0.0864334106445313 0.0724563598632813
-0.0231857299804688 0.102752685546875 0.0525970458984375 0.0978546142578125
0.0202789306640625 0.0718154907226563 0.072174072265625 0.0845947265625
0.0538139343261719 0.0460357666015625 0.108001708984375 0.0539398193359375
0.0614089965820313 0.00792312622070313 0.110862731933594 0.0008087158203125
0.0574836730957031 -0.0362625122070313 0.0939865112304688 -0.0464248657226563
0.0420913696289062 -0.0536422729492187 0.0650634765625 -0.0457229614257813
0.0395622253417969 -0.0436019897460938 0.0463409423828125 -0.0228118896484375
0.0437240600585938 -0.0521621704101563 0.0379142761230469 0.0115509033203125
0.0623931884765625 -0.0414390563964844 0.0193977355957031 0.0368995666503906
0.0745086669921875 -0.00363922119140625 -0.0245895385742187 0.0446891784667969
0.0707015991210938 0.0347442626953125 -0.0520515441894531 0.01800537109375
0.0303497314453125 0.0833816528320313 -0.0516166687011719 -0.0427436828613281
-0.0266036987304687 0.10986328125 -0.0114002227783203 -0.0332145690917969
-0.0750274658203125 0.104438781738281 -0.0237541198730469 0.0179443359375
-0.1009521484375 0.0620193481445313 0.0439224243164062 0.105850219726562
-0.064300537109375 0.0943527221679688 0.0182876586914062 0.13482666015625
-0.00923919677734376 0.0915756225585938 0.0569000244140625 0.1112060546875
0.0444793701171875 0.0795211791992188 0.0941848754882813 0.07281494140625
0.0721664428710938 0.03466796875 0.0932998657226563 0.0171279907226563
0.0828475952148438 -0.0219879150390625 0.0791244506835937 -0.0256423950195313
0.0657081604003906 -0.0504417419433594 0.0489349365234375 -0.0209770202636719
0.0574531555175781 -0.0421562194824219 0.0325069427490234 0.00084114074707031
0.0619316101074219 -0.0477027893066406 0.0260753631591797 0.0286750793457031
0.0756988525390625 -0.0323410034179687 0.00876617431640626 0.0489044189453125
0.0763626098632813 0.00720977783203125 -0.0264434814453125 0.0530166625976563
0.0661163330078125 0.0438346862792969 -0.0493583679199219 0.0283012390136719
0.0191192626953125 0.0799942016601562 -0.0486221313476562 -0.0197601318359375
-0.039337158203125 0.0944595336914063 -0.017481803894043 0.00108146667480469
-0.0845184326171875 0.082489013671875 -0.04888916015625 0.0472869873046875
-0.0971603393554688 0.0206222534179688 -0.00109863281250001 0.125831604003906
-0.0849533081054688 0.0602340698242187 -0.0208740234375 0.154632568359375
-0.0382537841796875 0.0808944702148437 0.0356979370117188 0.126472473144531
0.0186920166015625 0.0893630981445313 0.070648193359375 0.079986572265625
0.0620574951171875 0.0543136596679688 0.0667381286621094 0.0244178771972656
0.0902786254882813 -1.52587890625E-05 0.0532379150390625 -0.00583648681640625
0.0772323608398438 -0.0377426147460938 0.026092529296875 0.00460624694824218
0.0655593872070313 -0.0338096618652344 0.0135002136230469 0.0245532989501953
0.0720748901367188 -0.0387725830078125 0.00830841064453126 0.0476570129394531
0.081756591796875 -0.0219192504882813 -0.00616836547851561 0.0589256286621094
0.0754013061523438 0.0188827514648438 -0.0337371826171875 0.0559806823730469
0.0571136474609375 0.0537872314453125 -0.0480422973632812 0.0303497314453125
-0.000396728515624998 0.0784530639648438 -0.0428619384765625 -0.006103515625
-0.0557632446289062 0.072509765625 -0.0220718383789063 0.0259628295898438
-0.0922622680664063 0.048583984375 -0.0725936889648438 0.065399169921875
-0.0718612670898438 -0.0229949951171875 -0.0356979370117188 0.126373291015625
-0.0793304443359375 0.0130767822265625 -0.0500335693359375 0.156204223632812
-0.0528182983398438 0.0460319519042969 0.0178985595703125 0.126045227050781
-0.0111160278320312 0.0729446411132813 0.0495758056640625 0.0752716064453125
0.0348701477050781 0.0597305297851563 0.0408821105957031 0.0231819152832031
0.0771026611328125 0.0210723876953125 0.0236358642578125 0.00420951843261719
0.0756149291992188 -0.0172348022460938 -0.000415802001953121 0.0236053466796875
0.0649566650390625 -0.0199775695800781 -0.00692367553710937 0.0454635620117187
0.0724029541015625 -0.0255889892578125 -0.0116119384765625 0.0635261535644531
0.0799407958984375 -0.00893402099609375 -0.0253562927246094 0.06597900390625
0.0696792602539063 0.0272254943847656 -0.0459632873535156 0.0550384521484375
0.0459480285644531 0.0607566833496094 -0.05206298828125 0.0265884399414063
-0.0185623168945312 0.0753936767578125 -0.0413131713867188 -0.000377655029296872
-0.0730972290039063 0.0473251342773438 -0.0334625244140625 0.0378379821777344
-0.0943450927734375 0.00839996337890623 -0.0969314575195312 0.0710601806640625
-0.0332679748535156 -0.0626602172851563 -0.0504837036132813 0.112815856933594
-0.05401611328125 -0.0359573364257812 -0.058990478515625 0.145523071289063
-0.0507850646972656 -0.000312805175781255 0.0126266479492188 0.117843627929688
-0.0356559753417969 0.0395622253417969 0.0381584167480469 0.0617942810058594
0.00269699096679688 0.0503425598144531 0.0241317749023438 0.0127067565917969
0.0480117797851563 0.0360260009765625 -0.00213336944580078 0.00669240951538086
0.0611610412597656 0.00481414794921875 -0.0250835418701172 0.0339279174804688
0.0537757873535156 -0.00355911254882813 -0.0275001525878906 0.0596580505371094
0.0616226196289063 -0.00912094116210938 -0.0320281982421875 0.0764312744140625
0.0679512023925781 0.00452041625976563 -0.0473098754882812 0.0719757080078125
0.0552940368652344 0.0340156555175781 -0.0625572204589844 0.0538063049316406
0.0302505493164062 0.0607376098632813 -0.0623550415039063 0.021026611328125
-0.0336494445800781 0.0639076232910156 -0.0473403930664063 -0.00174331665039062
-0.08056640625 0.0183868408203125 -0.0507240295410156 0.0376434326171875
-0.0856399536132813 -0.033050537109375 -0.121002197265625 0.0609359741210937
0.0415763854980469 0.0666351318359375 0.125267028808594 -0.0533447265625
0.0834732055664063 0.00299072265625 0.0691146850585938 -0.0187225341796875
0.0366249084472656 -0.05340576171875 0.0547904968261719 0.00785064697265624
-0.0101470947265625 -0.053955078125 0.08526611328125 -0.0054168701171875
-0.0349521636962891 -0.0333633422851563 0.0885772705078125 -0.0445327758789063
-0.05670166015625 -0.0103378295898437 0.0664443969726563 -0.0798187255859375
-0.0480194091796875 -0.00127792358398437 0.0485382080078125 -0.08966064453125
-0.0409736633300781 -0.00683975219726563 0.0405426025390625 -0.0682754516601563
-0.0482101440429687 -0.0245895385742188 0.0384788513183594 -0.0375328063964844
-0.0201644897460938 -0.0476608276367188 0.0239124298095703 -0.0101127624511719
0.0257987976074219 -0.0482139587402344 -0.0164566040039063 -0.00419807434082032
0.0509910583496094 -0.0200614929199219 -0.0336418151855469 -0.040985107421875
0.0559883117675781 0.0399131774902344 -0.00386810302734375 -0.112113952636719
0.0330886840820313 0.0842971801757813 0.04827880859375 -0.134880065917969
-0.00389099121093749 0.0928878784179688 0.0530014038085938 -0.0879287719726562
0.0016326904296875 0.093475341796875 0.135108947753906 -0.0203857421875
0.0630912780761719 0.0461196899414063 0.0801849365234375 0.00787353515625
0.0431175231933594 -0.0153694152832031 0.0679664611816406 0.0247650146484375
0.0171070098876953 -0.0298557281494141 0.101325988769531 0.0096435546875
-0.0032958984375 -0.0282840728759766 0.10662841796875 -0.0364151000976563
-0.0238189697265625 -0.0271205902099609 0.0862884521484375 -0.0795059204101562
-0.0202198028564453 -0.0255451202392578 0.0652084350585938 -0.089019775390625
-0.0139541625976563 -0.0255184173583984 0.0513954162597656 -0.0660781860351563
-0.0160903930664062 -0.0406761169433594 0.0489654541015625 -0.0305747985839844
0.0146064758300781 -0.0492668151855469 0.0314998626708984 0.00197029113769531
0.0523185729980469 -0.0311737060546875 -0.0146284103393555 0.0124721527099609
0.0667076110839844 0.00692367553710938 -0.0406417846679687 -0.0202484130859375
0.0465736389160156 0.0696296691894531 -0.0250625610351563 -0.0931243896484375
0.00417327880859375 0.111732482910156 0.02667236328125 -0.108657836914062
-0.0373458862304687 0.115821838378906 0.0345802307128906 -0.0570182800292969
-0.0437164306640625 0.105995178222656 0.127143859863281 0.0225296020507813
0.0249404907226562 0.0859146118164062 0.0783462524414063 0.047576904296875
0.0391426086425781 0.0316085815429688 0.0771102905273438 0.0510940551757813
0.042266845703125 0.00739669799804688 0.113761901855469 0.0296096801757813
0.0337352752685547 -0.0143413543701172 0.117759704589844 -0.0220184326171875
0.0177688598632812 -0.038116455078125 0.0971832275390625 -0.0715179443359375
0.0117645263671875 -0.0458412170410156 0.0713653564453125 -0.0764541625976563
0.0154647827148438 -0.0401573181152344 0.0552444458007813 -0.0524482727050781
0.0174713134765625 -0.0515060424804688 0.0494194030761719 -0.0159530639648438
0.0427207946777344 -0.0490379333496094 0.0317115783691406 0.0160369873046875
0.0696144104003906 -0.0168037414550781 -0.0158405303955078 0.0291957855224609
0.0762252807617188 0.0236587524414063 -0.0466346740722656 0.00167465209960937
0.0413284301757812 0.0847625732421875 -0.0431060791015625 -0.0680465698242188
-0.0123748779296875 0.123634338378906 0.00518035888671874 -0.0737457275390625
-0.0607147216796875 0.123428344726563 0.00945281982421875 -0.0200901031494141
-0.0850677490234375 0.0986480712890625 0.0987625122070313 0.0691452026367187
-0.0241928100585937 0.109268188476563 0.0600433349609375 0.093902587890625
0.020294189453125 0.0766525268554687 0.0756607055664063 0.08245849609375
0.0561065673828125 0.0497589111328125 0.113883972167969 0.052703857421875
0.0658607482910156 0.008758544921875 0.115730285644531 -0.0031585693359375
0.0587425231933594 -0.0380439758300781 0.0968856811523438 -0.0541534423828125
0.043670654296875 -0.0570259094238281 0.0673370361328125 -0.0543937683105469
0.0418777465820312 -0.0471649169921875 0.0480995178222656 -0.0311203002929688
0.0458602905273438 -0.05645751953125 0.0416831970214844 0.0029449462890625
0.065521240234375 -0.0449256896972656 0.0254898071289063 0.0300350189208984
0.079681396484375 -0.00592041015625 -0.0170211791992187 0.0418052673339844
0.0779342651367188 0.0345611572265625 -0.0467300415039063 0.0189208984375
0.0346527099609375 0.0884475708007813 -0.049468994140625 -0.0406608581542969
-0.0244827270507812 0.120338439941406 -0.00683021545410157 -0.0342826843261719
-0.0773773193359375 0.115951538085938 -0.0167083740234375 0.0180244445800781
-0.109298706054688 0.0702056884765625 0.0557708740234375 0.107673645019531
-0.0679702758789063 0.104927062988281 0.0263214111328125 0.133460998535156
-0.0106353759765625 0.100975036621094 0.061126708984375 0.109565734863281
0.04962158203125 0.0853500366210938 0.0989456176757813 0.0724334716796875
0.0795211791992188 0.036895751953125 0.0970535278320313 0.0143585205078125
0.0887298583984375 -0.0258407592773438 0.0809707641601563 -0.0313262939453125
0.0684585571289063 -0.0578804016113281 0.0512771606445313 -0.0259056091308594
0.0613250732421875 -0.048248291015625 0.0340290069580078 -0.00505828857421875
0.0673332214355469 -0.0555496215820313 0.0275363922119141 0.0237350463867187
0.0817794799804688 -0.038330078125 0.0126190185546875 0.0431976318359375
0.0846786499023438 0.0050506591796875 -0.0210380554199219 0.0495452880859375
0.0743637084960938 0.0462493896484375 -0.0440711975097656 0.0278472900390625
0.0214080810546875 0.0880889892578125 -0.04571533203125 -0.0189743041992187
-0.0398025512695312 0.10565185546875 -0.0126466751098633 0.00150394439697266
-0.0897369384765625 0.09344482421875 -0.04351806640625 0.0503158569335938
-0.1087646484375 0.0285720825195313 0.00784301757812498 0.130531311035156
-0.0928726196289063 0.0710601806640625 -0.0126190185546875 0.157669067382813
-0.0416946411132813 0.092376708984375 0.0394668579101562 0.125732421875
0.0244216918945313 0.0982589721679688 0.0733871459960938 0.0802154541015625
0.0707473754882813 0.0575103759765625 0.0683364868164063 0.0229530334472656
0.0975723266601563 -0.005401611328125 0.0535659790039063 -0.0109100341796875
0.0824050903320313 -0.0460357666015625 0.026123046875 0.00170516967773437
0.0701980590820313 -0.0412330627441406 0.0140056610107422 0.0213680267333984
0.0775680541992188 -0.0475997924804688 0.00948715209960938 0.0447463989257813
0.08917236328125 -0.0285568237304688 -0.00489425659179687 0.055694580078125
0.0848846435546875 0.016265869140625 -0.0308494567871094 0.0540122985839844
0.0659713745117188 0.0559043884277344 -0.0447158813476562 0.0291213989257813
0.00349426269531249 0.0876235961914063 -0.0399169921875 -0.00593185424804686
-0.0598220825195312 0.0845870971679687 -0.0176200866699219 0.0269832611083984
-0.0997161865234375 0.0594635009765625 -0.0704116821289063 0.0717315673828125
-0.0851364135742187 -0.019134521484375 -0.0309829711914062 0.134552001953125
-0.0902862548828125 0.0209884643554688 -0.0453643798828125 0.1627197265625
-0.0580406188964844 0.0559043884277344 0.0220565795898438 0.126800537109375
-0.00801849365234376 0.08306884765625 0.05084228515625 0.075531005859375
0.0436744689941406 0.0638427734375 0.0417213439941406 0.0221939086914063
0.0860748291015625 0.0156478881835938 0.0227890014648438 0.00346946716308594
0.0812911987304688 -0.0264816284179688 -0.000272750854492181 0.0240516662597656
0.0695648193359375 -0.0280838012695313 -0.00671768188476562 0.0464744567871094
0.0774688720703125 -0.0341339111328125 -0.0113563537597656 0.0642356872558594
0.0874176025390625 -0.0163650512695313 -0.0255622863769531 0.0655326843261719
0.0785369873046875 0.0256805419921875 -0.0453453063964844 0.0539474487304688
0.0547714233398438 0.0639114379882813 -0.0508308410644531 0.0263214111328125
-0.015472412109375 0.0841751098632813 -0.038665771484375 -0.00121688842773437
-0.0772705078125 0.0589447021484375 -0.0297355651855469 0.0410003662109375
-0.10430908203125 0.0186386108398438 -0.0976409912109375 0.0790939331054687
-0.0451889038085938 -0.0625228881835937 -0.0500259399414063 0.121498107910156
-0.0654144287109375 -0.0316658020019531 -0.0566864013671875 0.151596069335938
-0.0582389831542969 0.00662612915039062 0.0149154663085937 0.117294311523438
-0.0351791381835938 0.0493965148925781 0.0382461547851563 0.0609054565429687
0.00909805297851563 0.0560150146484375 0.0212078094482422 0.0126380920410156
0.0578651428222656 0.0331802368164062 -0.00579118728637695 0.00848007202148438
0.0662422180175781 -0.00282669067382813 -0.0254402160644531 0.0391311645507813
0.0574760437011719 -0.0101203918457031 -0.0275802612304687 0.0641670227050781
0.0657730102539063 -0.0159378051757813 -0.0324783325195312 0.0794448852539063
0.0736465454101563 -0.00212860107421875 -0.0486373901367187 0.0738906860351563
0.0638313293457031 0.0311622619628906 -0.0644645690917969 0.0538215637207031
0.0385246276855469 0.0639114379882813 -0.0619277954101563 0.0209426879882813
-0.0314865112304688 0.0714340209960938 -0.0451393127441406 -0.0024566650390625
-0.0855255126953125 0.0281600952148438 -0.04803466796875 0.0433387756347656
-0.0956039428710938 -0.0262527465820313 -0.124496459960938 0.0698089599609375
0.0489006042480469 0.0641288757324219 0.131439208984375 -0.0658111572265625
0.0876693725585938 -0.00720977783203125 0.06988525390625 -0.027435302734375
0.0323410034179688 -0.0596427917480469 0.0547027587890625 0.00706863403320312
-0.0169868469238281 -0.0554847717285156 0.0888137817382813 -0.00725555419921875
-0.0407257080078125 -0.0303192138671875 0.09344482421875 -0.048919677734375
-0.0611228942871094 -0.00282669067382813 0.0698623657226562 -0.0865631103515625
-0.0493202209472656 0.00458526611328125 0.04925537109375 -0.0982284545898437
-0.043121337890625 -0.001800537109375 0.0406036376953125 -0.0769805908203125
-0.0542259216308594 -0.0175704956054688 0.0404205322265625 -0.0465583801269531
-0.0275421142578125 -0.045989990234375 0.0285663604736328 -0.0167503356933594
0.0196380615234375 -0.0534858703613281 -0.0118989944458008 -0.00575542449951172
0.0504302978515625 -0.0272064208984375 -0.0311660766601562 -0.040771484375
0.0636711120605469 0.0351638793945313 -0.00580596923828126 -0.11456298828125
0.0462799072265625 0.0856246948242187 0.0461578369140625 -0.1439208984375
0.00675964355468751 0.0979461669921875 0.055816650390625 -0.0989608764648437
0.007171630859375 0.0965728759765625 0.144805908203125 -0.032623291015625
0.0671539306640625 0.0418128967285156 0.082550048828125 -0.00146484375
0.0415000915527344 -0.0189247131347656 0.0691452026367187 0.0236282348632813
0.0132465362548828 -0.0308341979980469 0.106452941894531 0.00772857666015625
-0.00570106506347656 -0.0269050598144531 0.112205505371094 -0.0417938232421875
-0.0261917114257813 -0.0226402282714844 0.0887374877929688 -0.0889739990234375
-0.0210742950439453 -0.0229530334472656 0.065338134765625 -0.100044250488281
-0.0148048400878906 -0.0234146118164063 0.051849365234375 -0.0764541625976563
-0.019805908203125 -0.0384025573730469 0.0513954162597656 -0.0406265258789063
0.00996780395507812 -0.0511817932128906 0.0377388000488281 -0.00608444213867188
0.0503959655761719 -0.0365333557128906 -0.0078277587890625 0.0105667114257812
0.0691986083984375 0.00159454345703125 -0.0367012023925781 -0.0194206237792969
0.0540771484375 0.0694656372070313 -0.0263595581054688 -0.0937576293945313
0.015716552734375 0.117347717285156 0.0265426635742187 -0.11627197265625
-0.0301284790039062 0.124801635742187 0.0401725769042969 -0.0646324157714844
-0.0423126220703125 0.113883972167969 0.139793395996094 0.0125198364257813
0.0280303955078125 0.0885467529296875 0.0841598510742188 0.040069580078125
0.0391082763671875 0.0337028503417969 0.0793991088867188 0.0488662719726563
0.0439071655273438 0.0081787109375 0.120185852050781 0.02740478515625
0.0345783233642578 -0.0144519805908203 0.123443603515625 -0.0281753540039063
0.0174407958984375 -0.0372695922851563 0.100906372070312 -0.0820999145507813
0.0117034912109375 -0.0469284057617187 0.0722885131835938 -0.0885696411132813
0.0160064697265625 -0.0422706604003906 0.0544281005859375 -0.0638275146484375
0.0164566040039063 -0.0544662475585938 0.0516929626464844 -0.0266990661621094
0.0431327819824219 -0.052215576171875 0.0378150939941406 0.00794601440429687
0.0726852416992188 -0.0220947265625 -0.00887489318847656 0.0260276794433594
0.0811920166015625 0.0213546752929688 -0.0405044555664062 0.00181961059570312
0.0486526489257813 0.0879974365234375 -0.0428428649902344 -0.0672569274902344
-0.00503540039062501 0.133491516113281 0.00642395019531249 -0.0794830322265625
-0.0566329956054688 0.135719299316406 0.0162773132324219 -0.02410888671875
-0.0878067016601563 0.11016845703125 0.1129150390625 0.062835693359375
-0.0226211547851562 0.119049072265625 0.0683441162109375 0.0898208618164063
0.0224075317382813 0.0826950073242188 0.0791397094726563 0.08099365234375
0.0624237060546875 0.053192138671875 0.120780944824219 0.0509109497070313
0.0704803466796875 0.009063720703125 0.121719360351563 -0.0092315673828125
0.0617218017578125 -0.0420761108398437 0.0999984741210938 -0.0636672973632813
0.0446624755859375 -0.0628700256347656 0.0686073303222656 -0.0651359558105469
0.0443458557128906 -0.0537185668945313 0.0481185913085938 -0.0398750305175781
0.0476303100585938 -0.063232421875 0.04443359375 -0.00604629516601563
0.0690345764160156 -0.051300048828125 0.0306529998779297 0.0223426818847656
0.0874710083007812 -0.00994110107421875 -0.0112266540527344 0.0385398864746094
0.0869064331054687 0.034515380859375 -0.0410614013671875 0.0187339782714844
0.0416946411132813 0.0949478149414063 -0.0480804443359375 -0.0406532287597656
-0.0201187133789063 0.132362365722656 -0.00420379638671875 -0.0383033752441406
-0.0769119262695313 0.130844116210937 -0.0106534957885742 0.0174388885498047
-0.116676330566406 0.0845947265625 0.068328857421875 0.108489990234375
-0.07110595703125 0.118568420410156 0.034759521484375 0.134994506835938
-0.00952148437500001 0.111808776855469 0.0667495727539063 0.110305786132812
0.0582962036132813 0.0930633544921875 0.105690002441406 0.07208251953125
0.0888519287109375 0.0365753173828125 0.102745056152344 0.009185791015625
0.0949172973632813 -0.03265380859375 0.08306884765625 -0.0394439697265625
0.07135009765625 -0.0659561157226563 0.0520095825195313 -0.0343093872070313
0.0644645690917969 -0.0564689636230469 0.0340995788574219 -0.0107135772705078
0.070831298828125 -0.0646209716796875 0.0294570922851563 0.0179996490478516
0.0870895385742188 -0.0463333129882813 0.0163955688476563 0.0376319885253906
0.093963623046875 0.0009307861328125 -0.0178947448730469 0.0472030639648438
0.0848617553710938 0.0460891723632813 -0.0398941040039063 0.0277900695800781
0.0277481079101563 0.0964813232421875 -0.0431785583496094 -0.0200691223144531
-0.0383682250976563 0.120101928710938 -0.00820446014404297 -0.000373363494873041
-0.0928268432617187 0.108421325683594 -0.037750244140625 0.0530662536621094
-0.120895385742188 0.0395736694335938 0.0173797607421875 0.136909484863281
-0.100120544433594 0.0860443115234375 -0.00595092773437501 0.164230346679688
-0.0417327880859375 0.105575561523438 0.04473876953125 0.127304077148437
0.032958984375 0.108856201171875 0.0797042846679687 0.0804977416992187
0.0815353393554688 0.0595932006835938 0.072052001953125 0.021087646484375
0.106544494628906 -0.01348876953125 0.0549240112304688 -0.0166816711425781
0.0870513916015625 -0.0565567016601563 0.0277976989746094 -0.00181770324707032
0.0746688842773438 -0.0503463745117188 0.0142459869384766 0.0198135375976562
0.0825576782226562 -0.0588760375976563 0.0102615356445313 0.0428962707519531
0.0961227416992188 -0.0380477905273437 -0.00256729125976561 0.0523300170898438
0.0957183837890625 0.01202392578125 -0.0301780700683594 0.05242919921875
0.0779571533203125 0.0583877563476563 -0.041839599609375 0.0288810729980469
0.00861358642578124 0.0977630615234375 -0.0375213623046875 -0.00707244873046875
-0.0607681274414062 0.100227355957031 -0.0127601623535156 0.0275764465332031
-0.106117248535156 0.0741729736328125 -0.0666656494140625 0.0784530639648438
-0.0978851318359375 -0.0118408203125 -0.025177001953125 0.144622802734375
-0.100440979003906 0.0331192016601563 -0.0386810302734375 0.172088623046875
-0.0624847412109375 0.06817626953125 0.0262222290039062 0.129135131835938
-0.0016632080078125 0.095428466796875 0.0539779663085938 0.0764083862304688
0.0540199279785156 0.067169189453125 0.0411605834960938 0.0219039916992188
0.0966033935546875 0.0084075927734375 0.0218086242675781 0.00265121459960938
0.085906982421875 -0.036651611328125 -0.000329971313476556 0.0260505676269531
0.0741348266601563 -0.0374755859375 -0.0064697265625 0.0477371215820312
0.0818939208984375 -0.0451126098632813 -0.0109481811523438 0.0660476684570312
0.0939865112304687 -0.0264816284179688 -0.0260772705078125 0.0654029846191406
0.08892822265625 0.0219650268554688 -0.0469627380371094 0.0542144775390625
0.0663108825683594 0.0656013488769531 -0.0502052307128906 0.0258407592773438
-0.0102691650390625 0.094635009765625 -0.0368919372558594 -0.00264358520507812
-0.0812149047851563 0.0744247436523438 -0.0252799987792969 0.0447578430175781
-0.113258361816406 0.0309829711914063 -0.0979232788085938 0.0882339477539062
-0.0577278137207031 -0.0622100830078125 -0.048492431640625 0.1329345703125
-0.0772705078125 -0.0253524780273438 -0.0532073974609375 0.1624755859375
-0.0651779174804688 0.0152587890625 0.0194854736328125 0.118881225585938
-0.0331535339355469 0.0597152709960938 0.0382728576660156 0.0616874694824219
0.017852783203125 0.0601997375488281 0.0186100006103516 0.0141963958740234
0.0673370361328125 0.0275306701660156 -0.00811767578125 0.0119409561157227
0.0710906982421875 -0.0114898681640625 -0.0270652770996094 0.0444145202636719
0.0610275268554688 -0.0180168151855469 -0.0272941589355469 0.0696220397949219
0.0701560974121094 -0.0251617431640625 -0.0320587158203125 0.08636474609375
0.0802688598632813 -0.0107955932617188 -0.0505599975585938 0.0780258178710937
0.07257080078125 0.0282516479492187 -0.0667915344238281 0.0564155578613281
0.0489082336425781 0.0655708312988281 -0.0639610290527344 0.0214195251464844
-0.0270309448242187 0.08197021484375 -0.0443077087402344 -0.00188064575195312
-0.0912094116210938 0.0412216186523437 -0.0451889038085937 0.0497322082519531
-0.106399536132813 -0.0158920288085937 -0.130477905273438 0.0817489624023438
0.058868408203125 0.0596389770507813 0.134597778320313 -0.0837631225585937
0.0889816284179688 -0.018646240234375 0.067901611328125 -0.0382041931152344
0.026092529296875 -0.066619873046875 0.054534912109375 0.0050811767578125
-0.0253639221191406 -0.0561180114746094 0.0915069580078125 -0.0113143920898438
-0.0468254089355469 -0.0270347595214844 0.0969772338867188 -0.0571670532226563
-0.0643768310546875 0.00553131103515626 0.0702362060546875 -0.0966567993164063
-0.0489883422851562 0.0132064819335937 0.0458297729492188 -0.109954833984375
-0.0441131591796875 0.00506591796875001 0.0369873046875 -0.0868453979492188
-0.0573234558105469 -0.00968551635742187 0.0400238037109375 -0.0565948486328125
-0.0354652404785156 -0.0427970886230469 0.0311374664306641 -0.0252857208251953
0.0106391906738281 -0.0586967468261719 -0.00722980499267578 -0.00890445709228516
0.0471611022949219 -0.0358123779296875 -0.030548095703125 -0.0412063598632813
0.07208251953125 0.0278472900390625 -0.0106353759765625 -0.116989135742188
0.0611495971679688 0.0820541381835938 0.0392913818359375 -0.1551513671875
0.0207977294921875 0.099884033203125 0.0546951293945312 -0.11248779296875
0.0146865844726563 0.0988998413085938 0.152572631835938 -0.0513153076171875
0.0714645385742188 0.035308837890625 0.0830459594726563 -0.0121688842773437
0.0384902954101563 -0.0220069885253906 0.0703125 0.0210800170898438
0.00924491882324219 -0.031158447265625 0.114051818847656 0.00159454345703125
-0.00815391540527344 -0.0253028869628906 0.117431640625 -0.0512619018554688
-0.0284957885742188 -0.0184364318847656 0.0896835327148438 -0.101730346679688
-0.0229835510253906 -0.0195331573486328 0.0611801147460938 -0.114410400390625
-0.015228271484375 -0.0228519439697266 0.047454833984375 -0.0901718139648438
-0.0227012634277344 -0.0356292724609375 0.0503044128417969 -0.0542869567871094
0.00516128540039063 -0.0514450073242188 0.0418815612792969 -0.0164413452148438
0.0474739074707031 -0.0428733825683594 -0.00186634063720703 0.00536060333251953
0.070953369140625 -0.005523681640625 -0.0319442749023437 -0.0196399688720703
0.0642433166503906 0.0674781799316406 -0.0298080444335937 -0.0938262939453125
0.030059814453125 0.121932983398438 0.0219802856445312 -0.125282287597656
-0.0170822143554688 0.133819580078125 0.0431900024414063 -0.0748825073242187
-0.0373001098632813 0.124427795410156 0.151779174804688 -0.00422668457031249
0.0354461669921875 0.0910568237304688 0.0889205932617188 0.0311203002929688
0.041748046875 0.0342941284179688 0.0831298828125 0.046112060546875
0.0472602844238281 0.007354736328125 0.127326965332031 0.0212860107421875
0.0358352661132813 -0.0155487060546875 0.128425598144531 -0.038848876953125
0.0171852111816406 -0.03680419921875 0.100151062011719 -0.0950851440429688
0.0109138488769531 -0.0494232177734375 0.0694580078125 -0.103103637695313
0.0156173706054687 -0.0458641052246094 0.0510635375976563 -0.0767364501953125
0.0149459838867187 -0.0578422546386719 0.0514373779296875 -0.0396652221679688
0.0412750244140625 -0.0577049255371094 0.0417633056640625 -0.00346755981445313
0.0748367309570313 -0.0292434692382813 -0.00220870971679687 0.0211830139160156
0.0882415771484375 0.0153656005859375 -0.0353775024414062 0.00110244750976563
0.0593185424804688 0.0897674560546875 -0.0443153381347656 -0.0675277709960938
0.007843017578125 0.142684936523437 0.00434112548828125 -0.08563232421875
-0.0474395751953125 0.149826049804688 0.0217952728271484 -0.0310192108154297
-0.0878753662109375 0.126663208007813 0.127204895019531 0.0538101196289063
-0.016143798828125 0.130447387695312 0.0773239135742188 0.0835189819335938
0.0270156860351563 0.0899200439453125 0.0845794677734375 0.0777740478515625
0.0705413818359375 0.0554580688476563 0.130401611328125 0.0449447631835937
0.0769577026367188 0.005126953125 0.127067565917969 -0.01861572265625
0.0632743835449219 -0.0486717224121094 0.100486755371094 -0.0764694213867188
0.0431938171386719 -0.0699691772460938 0.0670242309570313 -0.0789031982421875
0.0440864562988281 -0.062286376953125 0.0462417602539063 -0.0517234802246094
0.048095703125 -0.0718154907226563 0.0438156127929688 -0.0168113708496094
0.0702972412109375 -0.0604324340820313 0.0335407257080078 0.0127029418945312
0.0929412841796875 -0.0172576904296875 -0.00608825683593749 0.0345973968505859
0.096160888671875 0.030303955078125 -0.034912109375 0.0181159973144531
0.051727294921875 0.0997238159179688 -0.0476875305175781 -0.0409049987792969
-0.0100250244140625 0.146331787109375 -0.00331878662109375 -0.0423851013183594
-0.07061767578125 0.147857666015625 -0.00410842895507813 0.0144414901733399
-0.121910095214844 0.100852966308594 0.08428955078125 0.105079650878906
-0.0694732666015625 0.135704040527344 0.0461196899414062 0.134674072265625
-0.00189208984375001 0.124458312988281 0.0731277465820312 0.108558654785156
0.0708236694335937 0.0992660522460938 0.11480712890625 0.0690078735351562
0.098541259765625 0.0338211059570313 0.106781005859375 0.00225830078125
0.0992813110351563 -0.0432052612304688 0.0836639404296875 -0.0493087768554688
0.0720367431640625 -0.0765380859375 0.0511093139648438 -0.0438270568847656
0.0656776428222656 -0.0677146911621094 0.0331707000732422 -0.0174922943115234
0.0709457397460938 -0.0765228271484375 0.0291938781738281 0.0109939575195312
0.09027099609375 -0.0592727661132813 0.018524169921875 0.0315837860107422
0.103363037109375 -0.00652313232421875 -0.0136375427246094 0.043060302734375
0.097076416015625 0.042633056640625 -0.0355567932128906 0.0251846313476563
0.039154052734375 0.105148315429687 -0.0423164367675781 -0.0206260681152344
-0.0313568115234375 0.135215759277344 -0.00391697883605957 -0.00259280204772948
-0.0903472900390625 0.127540588378906 -0.0312957763671875 0.0556564331054688
-0.129646301269531 0.0562973022460937 0.03192138671875 0.13958740234375
-0.103492736816406 0.104438781738281 0.00697326660156248 0.167755126953125
-0.03802490234375 0.12060546875 0.05322265625 0.129074096679687
0.0465316772460937 0.117912292480469 0.0875473022460938 0.0785293579101563
0.094573974609375 0.0580215454101563 0.0749130249023438 0.0170059204101563
0.115463256835937 -0.0247116088867187 0.0545158386230469 -0.0203895568847656
0.0886459350585938 -0.070953369140625 0.0290412902832031 -0.00567054748535157
0.075225830078125 -0.062530517578125 0.0149574279785156 0.0191001892089844
0.0829315185546875 -0.07330322265625 0.01129150390625 0.0413742065429688
0.100845336914063 -0.0526885986328125 -0.000949859619140621 0.0508804321289063
0.107376098632813 0.004669189453125 -0.0285530090332031 0.0503005981445312
0.0904006958007812 0.0562210083007813 -0.0410041809082031 0.0276947021484375
0.0194168090820313 0.107780456542969 -0.0373191833496094 -0.00867462158203124
-0.0579071044921875 0.116828918457031 -0.00816917419433594 0.0285968780517578
-0.107963562011719 0.0925140380859375 -0.0620193481445313 0.08636474609375
-0.1107177734375 -0.000175476074218741 -0.014373779296875 0.155532836914063
-0.1077880859375 0.0487136840820313 -0.02789306640625 0.182296752929688
-0.062835693359375 0.0837326049804687 0.034149169921875 0.131202697753906
0.00936889648437499 0.1055908203125 0.0581588745117188 0.0768814086914063
0.067169189453125 0.0678672790527344 0.042510986328125 0.0223274230957031
0.105445861816406 -0.00171661376953125 0.0214653015136719 0.00051116943359375
0.0879745483398437 -0.051177978515625 0.00193786621093751 0.027130126953125
0.0747528076171875 -0.0493087768554688 -0.00415420532226562 0.0488433837890625
0.084564208984375 -0.0608444213867188 -0.00986480712890624 0.0685272216796875
0.0991439819335938 -0.0405960083007813 -0.0247955322265625 0.0665473937988281
0.0995025634765625 0.0121307373046875 -0.0474433898925781 0.0572700500488281
0.0802001953125 0.0630645751953125 -0.0512428283691406 0.0260353088378906
-0.000534057617187499 0.10406494140625 -0.0383224487304688 -0.00260543823242187
-0.0792236328125 0.0928802490234375 -0.0194244384765625 0.0476188659667969
-0.118721008300781 0.0475006103515625 -0.0956573486328125 0.099517822265625
-0.0720901489257813 -0.0573806762695313 -0.0426177978515625 0.145782470703125
-0.0880661010742188 -0.0135879516601562 -0.045196533203125 0.171585083007812
-0.06964111328125 0.0261764526367188 0.0262069702148437 0.120445251464844
-0.0269584655761719 0.0699005126953125 0.040252685546875 0.0628280639648438
0.0293197631835937 0.0626029968261719 0.015751838684082 0.0154600143432617
0.0756378173828125 0.0191802978515625 -0.0099191665649414 0.0161666870117188
0.0735321044921875 -0.023529052734375 -0.0250167846679687 0.0519866943359375
0.0619430541992188 -0.0270500183105469 -0.0236968994140625 0.0768585205078125
0.07232666015625 -0.0378875732421875 -0.030029296875 0.0926361083984375
0.084075927734375 -0.0220565795898438 -0.0502853393554687 0.0841827392578125
0.0805816650390625 0.0198135375976562 -0.0685844421386719 0.0607643127441406
0.0602798461914063 0.0637168884277344 -0.065521240234375 0.0241127014160156
-0.0205917358398437 0.0916976928710938 -0.0457191467285156 -0.00193786621093749
-0.0936126708984375 0.056976318359375 -0.0405387878417969 0.0557823181152344
-0.115699768066406 -0.00262451171875002 -0.130027770996094 0.0977096557617187
0.0632820129394531 0.0519790649414063 0.130332946777344 -0.0992431640625
0.0860977172851563 -0.0333709716796875 0.0609169006347656 -0.0454788208007813
0.0187835693359375 -0.0712966918945313 0.0551643371582031 0.00478744506835937
-0.0321540832519531 -0.0536575317382813 0.0938568115234375 -0.0169677734375
-0.0500946044921875 -0.0192527770996094 0.0969161987304688 -0.066558837890625
-0.0635261535644531 0.0150642395019531 0.0657806396484375 -0.107208251953125
-0.0472679138183594 0.021636962890625 0.0377120971679688 -0.121429443359375
-0.0445022583007813 0.0115089416503906 0.02777099609375 -0.0965499877929688
-0.0598297119140625 0.000724792480468754 0.034027099609375 -0.0649337768554688
-0.0441780090332031 -0.0373115539550781 0.0283260345458984 -0.0344772338867188
0.0015869140625 -0.05859375 -0.00497055053710938 -0.0116081237792969
0.0424346923828125 -0.0409049987792969 -0.0289573669433594 -0.0414352416992187
0.0765609741210938 0.0167160034179688 -0.0169754028320312 -0.117027282714844
0.0734100341796875 0.0718612670898438 0.0283660888671875 -0.161361694335937
0.0360260009765625 0.09747314453125 0.0498504638671875 -0.124435424804688
0.0230636596679688 0.0986404418945313 0.151397705078125 -0.0713653564453125
0.0751953125 0.028411865234375 0.0799713134765625 -0.024505615234375
0.0338840484619141 -0.0240402221679687 0.0706100463867187 0.0166549682617187
0.0058746337890625 -0.0300731658935547 0.11602783203125 -0.005706787109375
-0.0116291046142578 -0.02069091796875 0.114387512207031 -0.062774658203125
-0.0269565582275391 -0.0165519714355469 0.0831756591796875 -0.116058349609375
-0.0215816497802734 -0.0151042938232422 0.05096435546875 -0.126190185546875
-0.0143356323242188 -0.0200290679931641 0.0396194458007813 -0.0999603271484375
-0.0258769989013672 -0.0332717895507813 0.0436668395996094 -0.0651206970214844
0.000473022460937503 -0.05126953125 0.040863037109375 -0.0270462036132813
0.0414886474609375 -0.0455856323242188 0.00304222106933594 0.000797271728515622
0.0702400207519531 -0.0119171142578125 -0.0290126800537109 -0.0196018218994141
0.07281494140625 0.0596847534179687 -0.0340576171875 -0.0923004150390625
0.0455856323242188 0.118087768554688 0.0126953125 -0.132675170898438
-0.0014190673828125 0.137413024902344 0.0418777465820312 -0.087554931640625
-0.0290145874023438 0.130577087402344 0.15447998046875 -0.0225677490234375
0.0421600341796875 0.0894851684570313 0.0909347534179688 0.0176010131835938
0.041900634765625 0.0337028503417969 0.0870513916015625 0.0407333374023437
0.0472145080566406 0.0072174072265625 0.131095886230469 0.012298583984375
0.0358772277832031 -0.0168037414550781 0.129119873046875 -0.0513916015625
0.0149688720703125 -0.0372543334960938 0.0940780639648438 -0.110488891601563
0.00708389282226562 -0.0510215759277344 0.0590438842773438 -0.117141723632812
0.0144577026367187 -0.0486793518066406 0.0421524047851563 -0.08746337890625
0.0116081237792969 -0.0583877563476563 0.0473899841308594 -0.0501747131347656
0.0372200012207031 -0.0600776672363281 0.0417861938476563 -0.0129013061523438
0.0745010375976563 -0.037017822265625 0.00360107421875001 0.0144243240356445
0.0912551879882813 0.00771331787109375 -0.0306129455566406 0.000173568725585939
0.0701751708984375 0.086029052734375 -0.0452117919921875 -0.0643424987792969
0.0248260498046875 0.146163940429688 0.00133514404296875 -0.0907211303710937
-0.0319976806640625 0.156768798828125 0.0242767333984375 -0.0392494201660156
-0.0793304443359375 0.14337158203125 0.137947082519531 0.0356979370117188
-0.00617218017578126 0.136520385742188 0.08660888671875 0.073822021484375
0.0337066650390625 0.0929107666015625 0.090087890625 0.0734710693359375
0.0816421508789063 0.0551376342773438 0.136611938476563 0.0389404296875
0.0830078125 -0.00043487548828125 0.12799072265625 -0.0309600830078125
0.062530517578125 -0.0539932250976563 0.0920333862304687 -0.090118408203125
0.0394515991210937 -0.0758514404296875 0.0614700317382813 -0.0899429321289063
0.0436477661132813 -0.0675163269042969 0.0405082702636719 -0.0589332580566406
0.041778564453125 -0.0773849487304688 0.0403785705566406 -0.0274314880371094
0.0679855346679688 -0.0679206848144531 0.0340385437011719 0.00191497802734375
0.096649169921875 -0.028076171875 -0.000593185424804679 0.0292072296142578
0.10406494140625 0.0223007202148438 -0.0296611785888672 0.0147686004638672
0.0646820068359375 0.0981903076171875 -0.0477523803710938 -0.0390167236328125
0.00564575195312499 0.152618408203125 -0.00243759155273438 -0.0466156005859375
-0.0582275390625 0.160446166992187 0.00159549713134765 0.00927734375000001
-0.118698120117188 0.122627258300781 0.0990982055664062 0.092742919921875
-0.0585784912109375 0.144744873046875 0.0586090087890625 0.128288269042969
0.00679016113281251 0.132156372070312 0.081451416015625 0.104713439941406
0.0872039794921875 0.093536376953125 0.123329162597656 0.0589141845703125
0.108161926269531 0.0251998901367188 0.110977172851563 -0.0063323974609375
0.099090576171875 -0.0535888671875 0.0791549682617188 -0.0603179931640625
0.0659561157226562 -0.089385986328125 0.0455589294433594 -0.0518264770507813
0.0608749389648437 -0.079437255859375 0.0302104949951172 -0.0256137847900391
0.066497802734375 -0.0900039672851563 0.0278034210205078 0.00362396240234374
0.0889434814453125 -0.0704116821289063 0.0208740234375 0.0278568267822266
0.109062194824219 -0.0183181762695313 -0.0125617980957031 0.0403861999511719
0.108543395996094 0.0378189086914063 -0.0336589813232422 0.0241870880126953
0.0518264770507812 0.107414245605469 -0.0393562316894531 -0.0209197998046875
-0.0193328857421875 0.148696899414063 -0.00111293792724609 -0.00627613067626952
-0.0823822021484375 0.143966674804688 -0.0225715637207031 0.0579452514648438
-0.132438659667969 0.079864501953125 0.0480499267578125 0.1385498046875
-0.0958480834960938 0.124122619628906 0.0202484130859375 0.169113159179688
-0.0313186645507813 0.134796142578125 0.0634918212890625 0.123451232910156
0.0643692016601563 0.119354248046875 0.0983352661132812 0.072723388671875
0.109710693359375 0.0484161376953125 0.0757217407226563 0.00930023193359375
0.118278503417969 -0.0391082763671875 0.0501632690429688 -0.0268096923828125
0.0815582275390625 -0.0813217163085938 0.0277500152587891 -0.00890350341796875
0.0736770629882813 -0.0753173828125 0.0133523941040039 0.0165224075317383
0.0788421630859375 -0.0875167846679688 0.0116157531738281 0.0382804870605469
0.10113525390625 -0.068511962890625 0.000656127929687511 0.0497398376464844
0.112190246582031 -0.00991058349609375 -0.0249481201171875 0.0499916076660156
0.104759216308594 0.0461883544921875 -0.0369224548339844 0.0259590148925781
0.0325546264648438 0.112297058105469 -0.0345134735107422 -0.00856590270996093
-0.0475387573242188 0.130165100097656 -0.00328063964843751 0.0246715545654297
-0.105461120605469 0.110328674316406 -0.0510635375976563 0.0922012329101562
-0.118019104003906 0.0187911987304688 -0.00152587890625001 0.159622192382813
-0.108474731445313 0.0672988891601563 -0.0130462646484375 0.187606811523438
-0.0577774047851563 0.09912109375 0.0411224365234375 0.128509521484375
0.02276611328125 0.111015319824219 0.0637893676757813 0.0724639892578125
0.080810546875 0.065155029296875 0.0447654724121094 0.0204620361328125
0.108680725097656 -0.0172271728515625 0.0207653045654297 0.00207901000976562
0.0878982543945313 -0.0646438598632813 0.00248908996582032 0.0286979675292969
0.0736923217773438 -0.0611572265625 -0.00191497802734374 0.0536231994628906
0.0796279907226563 -0.072296142578125 -0.00593566894531249 0.0713729858398438
0.097320556640625 -0.0580368041992188 -0.0242652893066406 0.0701103210449219
0.106315612792969 0.00237274169921875 -0.0455093383789062 0.0574569702148437
0.0933303833007813 0.0565719604492187 -0.0494575500488281 0.028717041015625
0.010955810546875 0.110198974609375 -0.0359268188476563 -0.00313949584960937
-0.073516845703125 0.110321044921875 -0.0133132934570313 0.0488853454589844
-0.119178771972656 0.0674057006835938 -0.0867538452148438 0.1107177734375
-0.0867233276367188 -0.0460739135742187 -0.0312957763671875 0.1552734375
-0.0954666137695313 0.00146484374999999 -0.031402587890625 0.178390502929688
-0.0709075927734375 0.0412216186523437 0.0327377319335937 0.120841979980469
-0.0161209106445312 0.0812225341796875 0.0430450439453125 0.0611686706542969
0.0397605895996094 0.0614013671875 0.0148258209228516 0.0165672302246094
0.0839614868164062 0.0091400146484375 -0.00992584228515624 0.0212345123291016
0.0731124877929688 -0.0365447998046875 -0.0178909301757812 0.0587882995605469
0.0614891052246094 -0.0385093688964844 -0.0183334350585938 0.0808944702148438
0.0667304992675781 -0.050201416015625 -0.023834228515625 0.0993804931640625
0.084197998046875 -0.035247802734375 -0.0468063354492188 0.0890579223632813
0.0870590209960938 0.0098114013671875 -0.0672149658203125 0.0663681030273438
0.0723037719726563 0.0573577880859375 -0.0667953491210938 0.0263519287109375
-0.0090484619140625 0.0980911254882812 -0.0407447814941406 -0.00141143798828125
-0.0892105102539063 0.0743865966796875 -0.0335159301757813 0.0627822875976563
-0.118301391601563 0.01385498046875 -0.123092651367188 0.115364074707031
0.0690689086914063 0.0437049865722656 0.119735717773438 -0.113426208496094
0.0803146362304687 -0.0411224365234375 0.0526275634765625 -0.0524215698242188
0.00814819335937499 -0.0707321166992188 0.050994873046875 0.00210189819335937
-0.0404624938964844 -0.0480194091796875 0.092864990234375 -0.0207901000976563
-0.0539398193359375 -0.0125236511230469 0.0926589965820313 -0.0725936889648438
-0.0593070983886719 0.0250930786132813 0.060546875 -0.113143920898437
-0.0426292419433594 0.0256690979003906 0.0281143188476562 -0.124900817871094
-0.0401954650878906 0.0154151916503906 0.0206222534179688 -0.101051330566406
-0.0565032958984375 0.00965118408203124 0.0255889892578125 -0.0726394653320312
-0.0451812744140625 -0.0294532775878906 0.0274429321289062 -0.0421295166015625
-0.00678634643554688 -0.0587425231933594 -0.00268745422363281 -0.0169668197631836
0.0360794067382813 -0.04638671875 -0.0262069702148437 -0.0417137145996094
0.0775527954101563 0.00412750244140625 -0.021820068359375 -0.11370849609375
0.0801315307617188 0.0608978271484375 0.018463134765625 -0.161483764648437
0.0459213256835938 0.09088134765625 0.0416259765625 -0.131721496582031
0.031707763671875 0.0951919555664063 0.143905639648438 -0.085968017578125
0.0725631713867187 0.0205078125 0.0740203857421875 -0.032470703125
0.0295619964599609 -0.0262584686279297 0.0690269470214844 0.0141677856445312
0.00372314453125 -0.0293521881103516 0.114433288574219 -0.0123672485351563
-0.0112895965576172 -0.0192394256591797 0.112564086914062 -0.071441650390625
-0.0272846221923828 -0.00671577453613281 0.075286865234375 -0.121452331542969
-0.0202617645263672 -0.0137138366699219 0.0399551391601563 -0.132713317871094
-0.0148601531982422 -0.0184288024902344 0.028167724609375 -0.105880737304688
-0.0260715484619141 -0.0260143280029297 0.035430908203125 -0.07281494140625
-0.00397872924804687 -0.0482521057128906 0.0385551452636719 -0.0371475219726563
0.0358352661132813 -0.0489578247070313 0.00462007522583008 -0.00647211074829102
0.067108154296875 -0.0197982788085938 -0.0255622863769531 -0.0212669372558594
0.0766067504882813 0.0516357421875 -0.0353622436523437 -0.0896224975585937
0.0555572509765625 0.111526489257812 0.005523681640625 -0.131965637207031
0.0107879638671875 0.133979797363281 0.0369110107421875 -0.0930938720703125
-0.0177459716796875 0.134544372558594 0.15277099609375 -0.039459228515625
0.0471954345703125 0.086181640625 0.0864944458007813 0.00714111328125001
0.0442047119140625 0.033355712890625 0.0843124389648438 0.0344924926757813
0.0484428405761719 0.0042572021484375 0.131996154785156 0.00269317626953125
0.0375251770019531 -0.0187759399414063 0.125129699707031 -0.0611572265625
0.0152435302734375 -0.0381050109863281 0.0847625732421875 -0.11669921875
0.00543975830078125 -0.0516090393066406 0.0479049682617188 -0.124244689941406
0.0120964050292969 -0.0506591796875 0.0332565307617187 -0.0945587158203125
0.00770187377929688 -0.0597457885742187 0.0379753112792969 -0.05950927734375
0.033966064453125 -0.0652236938476563 0.0382652282714844 -0.0243759155273438
0.0707855224609375 -0.04229736328125 0.00490951538085938 0.00756645202636718
0.0922012329101563 0.00022125244140625 -0.0253639221191406 -0.00312042236328125
0.0766983032226563 0.0795974731445313 -0.0465164184570312 -0.0627059936523438
0.0368194580078125 0.14276123046875 -0.0032501220703125 -0.091644287109375
-0.017578125 0.161148071289063 0.0242271423339844 -0.0456390380859375
-0.070465087890625 0.149978637695312 0.140457153320312 0.0213470458984375
0.00345611572265624 0.139007568359375 0.0862503051757813 0.0612106323242188
0.041046142578125 0.0948410034179688 0.0902938842773438 0.0646133422851563
0.084564208984375 0.0472412109375 0.136810302734375 0.0265045166015625
0.0849075317382813 -0.005584716796875 0.123771667480469 -0.0409088134765625
0.0595741271972656 -0.0593147277832031 0.084869384765625 -0.0992507934570313
0.034149169921875 -0.0821762084960938 0.049163818359375 -0.0950546264648438
0.0362548828125 -0.0749359130859375 0.030670166015625 -0.0668182373046875
0.037750244140625 -0.0845870971679688 0.0331764221191406 -0.0348529815673828
0.0626220703125 -0.076416015625 0.029937744140625 -0.00570297241210938
0.0945510864257813 -0.0365524291992188 -0.00055503845214843 0.0230789184570312
0.107254028320312 0.0139999389648437 -0.0259132385253906 0.0121364593505859
0.0718612670898438 0.0966567993164062 -0.046142578125 -0.0373611450195313
0.018707275390625 0.154983520507812 -0.00428009033203125 -0.0481033325195312
-0.0434722900390625 0.16705322265625 0.006744384765625 0.00448894500732423
-0.112045288085938 0.134658813476563 0.106132507324219 0.08477783203125
-0.046905517578125 0.158554077148437 0.0663528442382813 0.118492126464844
0.017913818359375 0.136833190917969 0.083770751953125 0.096923828125
0.095733642578125 0.0920333862304687 0.125381469726563 0.0518798828125
0.113578796386719 0.0157852172851562 0.106277465820313 -0.0149993896484375
0.0956268310546875 -0.0633621215820313 0.0711669921875 -0.0663375854492187
0.059112548828125 -0.0970077514648438 0.0419120788574219 -0.0561332702636719
0.05584716796875 -0.0879592895507813 0.0237178802490234 -0.0291347503662109
0.0587158203125 -0.0980987548828125 0.0245876312255859 -0.000501632690429693
0.0838699340820312 -0.0831985473632813 0.0183200836181641 0.0179653167724609
0.109336853027344 -0.0312118530273438 -0.0104179382324219 0.035186767578125
0.114387512207031 0.0254058837890625 -0.0291099548339844 0.0202865600585937
0.0616683959960937 0.105300903320313 -0.0408477783203125 -0.0206451416015625
-0.0048675537109375 0.154220581054687 0.00149822235107422 -0.00840950012207031
-0.0675811767578125 0.153945922851563 -0.0136260986328125 0.0537223815917969
-0.129058837890625 0.0923309326171875 0.0595703125 0.132797241210938
-0.0871810913085938 0.135223388671875 0.031890869140625 0.162506103515625
-0.0178070068359375 0.142868041992187 0.0667266845703125 0.117202758789063
0.0771713256835938 0.116806030273438 0.0970916748046875 0.0683364868164063
0.11614990234375 0.0405197143554688 0.0767898559570313 0.00783538818359375
0.113510131835937 -0.0522994995117188 0.0481147766113281 -0.0312042236328125
0.0756988525390625 -0.0937042236328125 0.0250263214111328 -0.0118541717529297
0.0662384033203125 -0.0856781005859375 0.015110969543457 0.0129070281982422
0.07061767578125 -0.0975799560546875 0.0108146667480469 0.0343551635742188
0.0941390991210938 -0.0798797607421875 -0.000282287597656243 0.0436668395996094
0.115226745605469 -0.0210113525390625 -0.0241966247558594 0.0477294921875
0.112152099609375 0.0377578735351563 -0.0362014770507812 0.0243148803710938
0.0426254272460938 0.112823486328125 -0.0353355407714844 -0.0119285583496094
-0.033721923828125 0.14239501953125 0.00288009643554687 0.0223312377929688
-0.0930404663085938 0.123954772949219 -0.0413665771484375 0.0922012329101563
-0.119636535644531 0.0296096801757813 0.013214111328125 0.16009521484375
-0.103912353515625 0.0816574096679688 0.000991821289062479 0.184173583984375
-0.0494537353515625 0.108009338378906 0.0475845336914063 0.123794555664063
0.0381851196289063 0.112594604492187 0.06591796875 0.0690116882324219
0.0889129638671875 0.0547409057617188 0.0425643920898438 0.0188179016113281
0.108505249023438 -0.0295791625976563 0.0176334381103516 0.00235939025878906
0.0771026611328125 -0.0756072998046875 0.00599861145019532 0.0296230316162109
0.06573486328125 -0.0713424682617188 0.00131225585937501 0.0534477233886719
0.0721511840820313 -0.084686279296875 -0.00211334228515625 0.0698089599609375
0.0921478271484375 -0.0678787231445313 -0.0212287902832031 0.0702400207519531
0.108200073242188 -0.0114517211914063 -0.0433769226074219 0.0598793029785156
0.0996170043945313 0.0462875366210938 -0.0467414855957031 0.0281143188476562
0.023223876953125 0.1129150390625 -0.0354652404785156 -0.0041656494140625
-0.0612945556640625 0.11962890625 -0.006011962890625 0.0456428527832031
-0.113082885742187 0.0816879272460938 -0.07513427734375 0.116943359375
-0.0898284912109375 -0.0362319946289062 -0.01800537109375 0.15997314453125
-0.0963211059570313 0.012237548828125 -0.019317626953125 0.1802978515625
-0.0666732788085938 0.0515556335449219 0.036895751953125 0.115814208984375
-0.003875732421875 0.0828170776367187 0.0441017150878906 0.0594711303710938
0.0493507385253906 0.0555458068847656 0.0150947570800781 0.0213832855224609
0.0835723876953125 -0.00434112548828125 -0.0108776092529297 0.0246562957763672
0.0660896301269531 -0.0457725524902344 -0.0157127380371094 0.0606918334960937
0.055267333984375 -0.047027587890625 -0.0101165771484375 0.0839309692382813
0.0628128051757813 -0.0584945678710938 -0.01629638671875 0.099700927734375
0.0779800415039063 -0.0464706420898438 -0.0425949096679687 0.092376708984375
0.0909805297851563 -0.0013275146484375 -0.0646209716796875 0.0712661743164063
0.0793304443359375 0.0498275756835938 -0.0643234252929688 0.0299072265625
0.0023345947265625 0.0993118286132813 -0.0428962707519531 -0.00252532958984375
-0.080841064453125 0.0841827392578125 -0.0248641967773438 0.0630378723144531
-0.116165161132812 0.0282669067382813 -0.112998962402344 0.125373840332031
0.0708541870117188 0.036956787109375 0.111724853515625 -0.119178771972656
0.0725326538085938 -0.0465011596679688 0.0454254150390625 -0.0528030395507812
0.00206756591796875 -0.0689048767089844 0.0500221252441406 0.00159835815429687
-0.0437736511230469 -0.0432281494140625 0.0915679931640625 -0.0223617553710938
-0.0535964965820313 -0.00806045532226562 0.0904769897460937 -0.0766983032226563
-0.0544357299804688 0.0301475524902344 0.0558929443359375 -0.115394592285156
-0.0381240844726563 0.0284271240234375 0.020050048828125 -0.125152587890625
-0.0360221862792969 0.0185813903808594 0.0134735107421875 -0.102142333984375
-0.0519523620605469 0.0147590637207031 0.0201187133789062 -0.0753707885742188
-0.0463447570800781 -0.0228042602539063 0.0235748291015625 -0.0468177795410156
-0.0124931335449219 -0.0551872253417969 -0.000907897949218749 -0.0221786499023438
0.03033447265625 -0.0485725402832031 -0.0234756469726563 -0.0422325134277344
0.0755081176757813 -0.0015106201171875 -0.0219497680664062 -0.108993530273437
0.083404541015625 0.0511016845703125 0.0127410888671875 -0.159637451171875
0.0519485473632813 0.0825119018554688 0.0357742309570313 -0.1346435546875
0.0350570678710937 0.0912857055664063 0.135627746582031 -0.0941925048828125
0.0696296691894531 0.0155181884765625 0.0662918090820313 -0.0354194641113281
0.0261611938476563 -0.0241909027099609 0.0660438537597656 0.0121498107910156
0.000827789306640627 -0.0261344909667969 0.112167358398438 -0.0160751342773438
-0.0125312805175781 -0.0165386199951172 0.107749938964844 -0.0760726928710938
-0.0243587493896484 -0.00355911254882813 0.0697708129882813 -0.124740600585938
-0.0187225341796875 -0.0124397277832031 0.0307388305664062 -0.134796142578125
-0.0145492553710938 -0.017390251159668 0.0202865600585937 -0.107582092285156
-0.0243797302246094 -0.0239315032958984 0.02838134765625 -0.0765838623046875
-0.00579452514648438 -0.0445404052734375 0.0336456298828125 -0.0441360473632813
0.0316276550292969 -0.0491790771484375 0.00538921356201172 -0.0120458602905273
0.0638275146484375 -0.0218391418457031 -0.0211982727050781 -0.0246105194091797
0.077392578125 0.0448684692382812 -0.0340652465820312 -0.0867080688476563
0.0612869262695313 0.1036376953125 0.00240325927734376 -0.130165100097656
0.0199356079101562 0.129386901855469 0.0341644287109375 -0.0973434448242187
-0.0115890502929687 0.134002685546875 0.146743774414062 -0.0494537353515625
0.0487442016601563 0.0828704833984375 0.0817718505859375 0.000831604003906255
0.043853759765625 0.033905029296875 0.0814285278320313 0.0322418212890625
0.0486488342285156 0.00307846069335937 0.128990173339844 -0.0015411376953125
0.036376953125 -0.01898193359375 0.119720458984375 -0.06585693359375
0.01458740234375 -0.0369796752929688 0.0778350830078125 -0.120864868164063
0.00441360473632813 -0.0519027709960938 0.0389862060546875 -0.126518249511719
0.00958251953124999 -0.0516014099121094 0.0238418579101562 -0.096160888671875
0.00565719604492188 -0.0593605041503906 0.0304374694824219 -0.0640182495117188
0.02996826171875 -0.0647087097167969 0.0337028503417969 -0.0321178436279297
0.0670623779296875 -0.0450057983398438 0.00533342361450196 -9.53674316406526E-06
0.0903778076171875 -0.00463104248046875 -0.0223426818847656 -0.00746917724609375
0.079437255859375 0.0743179321289063 -0.0435142517089844 -0.0608177185058594
0.0443496704101562 0.138038635253906 -0.0053253173828125 -0.0915374755859375
-0.00747680664062499 0.159164428710938 0.0236663818359375 -0.0506820678710937
-0.062774658203125 0.154296875 0.138046264648438 0.010345458984375
0.00984954833984374 0.1373291015625 0.0829086303710938 0.0528335571289063
0.0456619262695312 0.0949249267578125 0.0881500244140625 0.0601806640625
0.088165283203125 0.0442581176757812 0.134696960449219 0.0207366943359375
0.08428955078125 -0.00988006591796875 0.118728637695313 -0.045379638671875
0.0567245483398438 -0.0610275268554688 0.077178955078125 -0.100479125976563
0.030670166015625 -0.0832290649414063 0.0411605834960938 -0.0996246337890625
0.0320281982421875 -0.0779800415039063 0.0236320495605469 -0.0687370300292969
0.0325469970703125 -0.0874710083007813 0.0272064208984375 -0.0381507873535156
0.0578994750976562 -0.080352783203125 0.0264034271240234 -0.0123214721679688
0.0934524536132813 -0.0422592163085938 -0.000267982482910151 0.0149040222167969
0.108604431152344 0.00751495361328125 -0.0236148834228516 0.00643348693847657
0.0774078369140625 0.092498779296875 -0.0445213317871094 -0.0373573303222656
0.027740478515625 0.154098510742188 -0.00386428833007812 -0.05096435546875
-0.0328369140625 0.168441772460938 0.0102052688598633 0.000577926635742198
-0.104156494140625 0.141845703125 0.108154296875 0.0734634399414063
-0.0382080078125 0.160858154296875 0.066802978515625 0.109329223632813
0.0247344970703125 0.138671875 0.0821914672851563 0.09051513671875
0.101638793945313 0.08660888671875 0.122749328613281 0.0457916259765625
0.115234375 0.00914764404296875 0.103157043457031 -0.018951416015625
0.0916290283203125 -0.0688095092773438 0.0648956298828125 -0.0676765441894531
0.0531463623046875 -0.0997085571289063 0.0357894897460938 -0.058746337890625
0.0504150390625 -0.09130859375 0.0192394256591797 -0.0306205749511719
0.051849365234375 -0.102584838867188 0.0198440551757813 -0.00484466552734376
0.07781982421875 -0.0889739990234375 0.0144329071044922 0.0132617950439453
0.109237670898438 -0.0379867553710938 -0.01116943359375 0.0293865203857422
0.116218566894531 0.01873779296875 -0.0273265838623047 0.0161018371582031
0.068023681640625 0.102996826171875 -0.0392532348632813 -0.0223541259765625
0.00407409667968749 0.155593872070313 0.00194168090820312 -0.0132017135620117
-0.059234619140625 0.157958984375 -0.00924301147460937 0.0488777160644531
-0.124557495117187 0.101463317871094 0.0642776489257813 0.124870300292969
-0.0788421630859375 0.142318725585937 0.036956787109375 0.154464721679688
-0.00930786132812499 0.146530151367188 0.0668182373046875 0.11151123046875
0.0846099853515625 0.111656188964844 0.0961761474609375 0.0631866455078125
0.118499755859375 0.032135009765625 0.0733871459960938 0.00466156005859375
0.109046936035156 -0.0600433349609375 0.0426712036132813 -0.0310020446777344
0.0681304931640625 -0.0989532470703125 0.0225296020507813 -0.0135097503662109
0.0593185424804687 -0.0909271240234375 0.0122241973876953 0.0117416381835937
0.063201904296875 -0.103256225585937 0.0100193023681641 0.0332984924316406
0.0866928100585938 -0.0879058837890625 -0.00168228149414062 0.0410957336425781
0.114295959472656 -0.0302581787109375 -0.0247879028320312 0.0452651977539063
0.114601135253906 0.0301742553710937 -0.03497314453125 0.0217113494873047
0.051055908203125 0.110443115234375 -0.0345897674560547 -0.0126304626464844
-0.023681640625 0.146133422851563 0.00577926635742187 0.0189857482910156
-0.0838623046875 0.131195068359375 -0.0341033935546875 0.0899276733398438
-0.118316650390625 0.04052734375 0.021026611328125 0.153854370117188
-0.0973052978515625 0.0896148681640625 0.00720214843749999 0.177703857421875
-0.0432891845703125 0.114875793457031 0.0486831665039063 0.117881774902344
0.0464248657226562 0.109550476074219 0.0662689208984375 0.0665245056152344
0.0944900512695313 0.0475387573242188 0.0404510498046875 0.019134521484375
0.104927062988281 -0.03887939453125 0.0161781311035156 0.00206279754638672
0.0708160400390625 -0.0810012817382813 0.00572586059570313 0.0290622711181641
0.0597915649414062 -0.0769577026367188 0.00283432006835937 0.0518455505371094
0.0643692016601563 -0.0904006958007813 -0.00135040283203124 0.069183349609375
0.085968017578125 -0.0755844116210938 -0.0204277038574219 0.0687217712402344
0.107460021972656 -0.0207061767578125 -0.0432624816894531 0.05877685546875
0.103492736816406 0.0381927490234375 -0.047393798828125 0.0259666442871094
0.0309982299804687 0.109703063964844 -0.0352287292480469 -0.006256103515625
-0.050872802734375 0.124946594238281 -0.000991821289062505 0.0435371398925781
-0.104400634765625 0.0901107788085937 -0.0669021606445313 0.117103576660156
-0.0937271118164062 -0.0270462036132812 -0.011260986328125 0.157989501953125
-0.0938339233398438 0.0216140747070313 -0.01080322265625 0.176528930664063
-0.0622329711914063 0.0584220886230469 0.0377120971679687 0.109931945800781
0.00319671630859376 0.0826797485351563 0.0413818359375 0.0587310791015625
0.0545158386230469 0.05096435546875 0.0126304626464844 0.0215740203857422
0.0800552368164063 -0.0125503540039063 -0.00903320312499999 0.0275917053222656
0.0617523193359375 -0.0514373779296875 -0.00964736938476562 0.0625495910644531
0.0510444641113281 -0.05206298828125 -0.00579071044921875 0.0843582153320313
0.0563087463378906 -0.0645408630371094 -0.0128555297851563 0.0998306274414063
0.07330322265625 -0.0543136596679688 -0.0395355224609375 0.0932159423828125
0.0897445678710937 -0.00890350341796875 -0.0633621215820312 0.0712356567382813
0.0825271606445313 0.0415420532226563 -0.0631065368652344 0.0284919738769531
0.00875091552734374 0.0971145629882813 -0.0422477722167969 -0.00248336791992186
-0.071502685546875 0.0907135009765625 -0.017913818359375 0.0597915649414063
-0.111610412597656 0.037811279296875 -0.103660583496094 0.128509521484375
0.0716171264648438 0.0333251953125 0.107475280761719 -0.121261596679688
0.0681800842285156 -0.0480079650878906 0.04052734375 -0.0524559020996094
-0.001129150390625 -0.0669403076171875 0.0492935180664063 0.00373077392578125
-0.0446586608886719 -0.039276123046875 0.091400146484375 -0.0216903686523438
-0.0535392761230469 -0.00490951538085938 0.0902557373046875 -0.0787734985351563
-0.0511283874511719 0.0333824157714844 0.055328369140625 -0.118438720703125
-0.0350837707519531 0.0294971466064453 0.0172271728515625 -0.126594543457031
-0.0345058441162109 0.0199508666992188 0.00994873046874999 -0.10345458984375
-0.0493316650390625 0.0179939270019531 0.0160598754882812 -0.077392578125
-0.0465774536132813 -0.0178489685058594 0.0213470458984375 -0.0515289306640625
-0.0160293579101562 -0.0530967712402344 -7.43865966796893E-05 -0.0258560180664063
0.0266036987304688 -0.049102783203125 -0.0205154418945312 -0.0450401306152344
0.074127197265625 -0.00629425048828125 -0.0196914672851562 -0.108612060546875
0.0840072631835938 0.0445709228515625 0.011993408203125 -0.158889770507813
0.0545120239257812 0.0777511596679688 0.0344390869140625 -0.13720703125
0.0369873046875 0.0899124145507813 0.132469177246094 -0.0982666015625
0.0672607421875 0.0144233703613281 0.0613212585449219 -0.0366744995117188
0.0244293212890625 -0.0223045349121094 0.0642623901367188 0.0133094787597656
-0.000339508056640627 -0.0239925384521484 0.111846923828125 -0.0157546997070313
-0.0122470855712891 -0.0146999359130859 0.10797119140625 -0.0777130126953125
-0.0216102600097656 -0.00163078308105469 0.0676651000976563 -0.127731323242187
-0.0169401168823242 -0.0116252899169922 0.02606201171875 -0.136566162109375
-0.01361083984375 -0.0176239013671875 0.0148544311523438 -0.109519958496094
-0.0221729278564453 -0.0220489501953125 0.0232391357421875 -0.0800857543945313
-0.00632476806640625 -0.0423545837402344 0.0300750732421875 -0.0496177673339844
0.0290756225585938 -0.0485420227050781 0.00564098358154297 -0.017425537109375
0.0618438720703125 -0.022796630859375 -0.0186004638671875 -0.0283222198486328
0.076812744140625 0.0418930053710938 -0.0307235717773437 -0.0861282348632813
0.0634536743164063 0.0996780395507813 0.00247955322265626 -0.130950927734375
0.0230560302734375 0.126556396484375 0.0340957641601563 -0.101699829101562
-0.00897216796875001 0.1351318359375 0.143966674804688 -0.054962158203125
0.0486602783203125 0.0816726684570313 0.0768051147460938 -0.00232696533203124
0.0440254211425781 0.0356636047363281 0.079010009765625 0.0325775146484375
0.0490646362304688 0.00426101684570313 0.128189086914063 -0.0018463134765625
0.0374031066894531 -0.0187149047851563 0.1181640625 -0.0675735473632813
0.0159568786621094 -0.03594970703125 0.0747833251953125 -0.122299194335938
0.0044403076171875 -0.0520744323730469 0.0334930419921875 -0.128242492675781
0.00915145874023438 -0.0523681640625 0.0188140869140625 -0.0982894897460938
0.00553512573242188 -0.0592193603515625 0.0249862670898438 -0.0668601989746094
0.0287818908691406 -0.0651016235351563 0.0303611755371094 -0.0374412536621094
0.0656547546386719 -0.0461692810058594 0.00438737869262696 -0.00520133972167969
0.09039306640625 -0.006591796875 -0.0200119018554687 -0.0120429992675781
0.080047607421875 0.0735092163085937 -0.0407676696777344 -0.0610771179199219
0.04766845703125 0.136337280273438 -0.00469207763671875 -0.0936126708984375
-0.003875732421875 0.157470703125 0.0255088806152344 -0.0553054809570312
-0.05975341796875 0.156982421875 0.136016845703125 0.00424957275390626
0.0121002197265625 0.138420104980469 0.0797348022460938 0.048492431640625
0.0474853515625 0.0974578857421875 0.0859603881835937 0.0605621337890625
0.0896759033203125 0.0438766479492188 0.132957458496094 0.0201568603515625
0.0855255126953125 -0.012542724609375 0.117668151855469 -0.046844482421875
0.0559768676757812 -0.0621376037597656 0.0737152099609375 -0.100982666015625
0.02886962890625 -0.0849380493164063 0.036468505859375 -0.101020812988281
0.03057861328125 -0.080474853515625 0.019622802734375 -0.0705184936523438
0.0303955078125 -0.0891647338867188 0.0217666625976563 -0.0410003662109375
0.0565719604492188 -0.082611083984375 0.0228824615478516 -0.0171413421630859
0.0933914184570312 -0.04534912109375 -0.00153064727783203 0.0101766586303711
0.109664916992188 0.0043487548828125 -0.0228958129882812 0.00190544128417969
0.080078125 0.0923385620117188 -0.0422744750976562 -0.0394096374511719
0.0325775146484375 0.154571533203125 -0.00292205810546875 -0.0539512634277344
-0.0291748046875 0.169540405273438 0.0113687515258789 -0.00412750244140624
-0.10174560546875 0.147964477539063 0.107780456542969 0.0678024291992188
-0.0344696044921875 0.163650512695313 0.0656280517578125 0.10406494140625
0.0286102294921875 0.14190673828125 0.080413818359375 0.0895233154296875
0.105812072753906 0.0845413208007813 0.120307922363281 0.044036865234375
0.11761474609375 0.006256103515625 0.101104736328125 -0.0194320678710938
0.0903472900390625 -0.0721664428710938 0.0622024536132813 -0.0680694580078125
0.0503616333007813 -0.102470397949219 0.0326995849609375 -0.0603713989257813
0.0471649169921875 -0.0955886840820313 0.0171070098876953 -0.0323982238769531
0.0488204956054688 -0.106048583984375 0.0157012939453125 -0.00615501403808594
0.0745925903320312 -0.0933074951171875 0.0111465454101563 0.00966548919677734
0.109855651855469 -0.0427474975585938 -0.012765884399414 0.0258216857910156
0.118843078613281 0.0145034790039062 -0.0275077819824219 0.0114078521728516
0.0720367431640625 0.104530334472656 -0.0386276245117188 -0.0242385864257812
0.0103912353515625 0.157882690429688 0.00324535369873047 -0.0171985626220703
-0.0543060302734375 0.161544799804687 -0.00663375854492188 0.0447769165039063
-0.122772216796875 0.108718872070313 0.0654220581054687 0.120330810546875
-0.0745391845703125 0.146926879882813 0.03729248046875 0.149917602539063
-0.0054168701171875 0.151138305664063 0.0646896362304687 0.110466003417969
0.0904083251953125 0.110572814941406 0.0950393676757813 0.061859130859375
0.121650695800781 0.0276412963867188 0.0712890625 0.00527191162109375
0.108230590820313 -0.0643997192382813 0.0399932861328125 -0.0301933288574219
0.0635833740234375 -0.102821350097656 0.0213527679443359 -0.0141811370849609
0.0562362670898437 -0.0951004028320313 0.0107288360595703 0.01068115234375
0.058746337890625 -0.108406066894531 0.00740242004394531 0.0312728881835937
0.0841827392578125 -0.0924758911132813 -0.0047454833984375 0.0386962890625
0.114776611328125 -0.0361557006835938 -0.0276565551757812 0.0429420471191406
0.1177978515625 0.0253753662109375 -0.0359840393066406 0.0175361633300781
0.0558929443359375 0.11077880859375 -0.0343952178955078 -0.0148391723632812
-0.0178680419921875 0.149688720703125 0.0074462890625 0.0150604248046875
-0.0799026489257813 0.135887145996094 -0.0308990478515625 0.0865020751953125
-0.119270324707031 0.0473251342773437 0.0227203369140625 0.152557373046875
-0.09515380859375 0.0954971313476563 0.008697509765625 0.174224853515625
-0.0393829345703125 0.11968994140625 0.0467681884765625 0.116111755371094
0.0531387329101563 0.10888671875 0.0648117065429688 0.0659942626953125
0.0982894897460938 0.0431365966796875 0.0390892028808594 0.0200729370117188
0.103004455566406 -0.0439071655273437 0.014622688293457 0.00388431549072265
0.0667877197265625 -0.084808349609375 0.00684356689453125 0.0289955139160156
0.0558242797851563 -0.0812606811523438 0.00441741943359375 0.0513725280761719
0.0599288940429688 -0.0948867797851563 -0.001953125 0.0690040588378906
0.0825042724609375 -0.0814590454101563 -0.0218391418457031 0.06878662109375
0.108573913574219 -0.0261001586914063 -0.04443359375 0.0581169128417969
0.106849670410156 0.0337371826171875 -0.0480499267578125 0.0233230590820313
0.0356216430664062 0.11041259765625 -0.0355911254882813 -0.0084991455078125
-0.0455398559570312 0.129600524902344 0.0015411376953125 0.0406875610351563
-0.100471496582031 0.0952682495117188 -0.0632171630859375 0.116294860839844
-0.0957565307617188 -0.0214691162109375 -0.00901794433593752 0.158065795898438
-0.0929031372070313 0.0268020629882813 -0.009552001953125 0.17462158203125
-0.0600090026855469 0.06402587890625 0.035980224609375 0.108871459960938
0.00821685791015626 0.0835494995117188 0.0402984619140625 0.0595169067382812
0.058319091796875 0.0467872619628906 0.0117874145507813 0.0250663757324219
0.0796356201171875 -0.0174713134765625 -0.00926399230957031 0.0299949645996094
0.0578041076660156 -0.0552864074707031 -0.006744384765625 0.063201904296875
0.0486297607421875 -0.0554656982421875 -0.00299072265625 0.0845794677734375
0.0526313781738281 -0.0690383911132813 -0.0111236572265625 0.100929260253906
0.0700912475585938 -0.0591697692871094 -0.038909912109375 0.0935592651367188
0.0889892578125 -0.01409912109375 -0.063629150390625 0.071929931640625
0.0851287841796875 0.0378189086914063 -0.0641860961914063 0.0271644592285156
0.01312255859375 0.0971908569335938 -0.0419692993164063 -0.00502014160156249
-0.0666427612304688 0.09429931640625 -0.0141639709472656 0.058135986328125
-0.108451843261719 0.0429763793945312 -0.100563049316406 0.129379272460938
0.0729904174804688 0.031402587890625 0.108833312988281 -0.126289367675781
0.0666580200195313 -0.0510635375976563 0.0388298034667969 -0.0531806945800781
-0.00312423706054687 -0.0674819946289062 0.049468994140625 0.00592422485351562
-0.0465202331542969 -0.0381507873535156 0.095184326171875 -0.0209426879882813
-0.05517578125 -0.00217056274414063 0.0930862426757813 -0.0819778442382813
-0.0494461059570313 0.0365333557128906 0.0574569702148437 -0.1243896484375
-0.0341377258300781 0.0317878723144531 0.0158843994140625 -0.131240844726563
-0.0336418151855469 0.021484375 0.00689697265625 -0.107666015625
-0.0481376647949219 0.0213508605957031 0.0140838623046875 -0.0815048217773438
-0.0475616455078125 -0.0154304504394531 0.0195732116699219 -0.0562248229980469
-0.01898193359375 -0.0509834289550781 0.000616073608398438 -0.0308036804199219
0.0245323181152344 -0.0505599975585938 -0.0184326171875 -0.0490760803222656
0.0743179321289063 -0.00946044921875 -0.0168991088867188 -0.111190795898438
0.085968017578125 0.04168701171875 0.0135040283203125 -0.163284301757813
0.0573577880859375 0.0759811401367188 0.0360260009765625 -0.143234252929688
0.0388870239257812 0.0906829833984375 0.133697509765625 -0.103240966796875
0.0672492980957031 0.0140151977539063 0.0591316223144531 -0.0375213623046875
0.02459716796875 -0.021514892578125 0.0647926330566406 0.0156974792480469
0.000217437744140627 -0.0221786499023438 0.114913940429688 -0.0153656005859375
-0.0120582580566406 -0.01336669921875 0.110267639160156 -0.0812759399414063
-0.0197010040283203 -5.91278076171881E-05 0.0684890747070313 -0.132499694824219
-0.0163860321044922 -0.0120143890380859 0.0243377685546875 -0.14111328125
-0.0127487182617188 -0.0176486968994141 0.0108642578125 -0.113571166992187
-0.0209407806396484 -0.0218524932861328 0.0205764770507812 -0.0837249755859375
-0.00642776489257812 -0.0421028137207031 0.0279502868652344 -0.0551948547363281
0.0280723571777344 -0.0481605529785156 0.00576400756835938 -0.0230388641357422
0.06201171875 -0.0235710144042969 -0.0166282653808594 -0.0336112976074219
0.0780715942382813 0.0413589477539063 -0.028411865234375 -0.0887680053710938
0.0657806396484375 0.10028076171875 0.00442504882812501 -0.134994506835938
0.0263214111328125 0.128105163574219 0.0358810424804688 -0.1080322265625
-0.00793457031249999 0.139801025390625 0.146316528320313 -0.0595245361328125
0.0496444702148438 0.0842666625976563 0.0740966796875 -0.00350189208984374
0.0456123352050781 0.0392036437988281 0.0784149169921875 0.0351486206054688
0.0515251159667969 0.005279541015625 0.131011962890625 -0.00101470947265625
0.0395622253417969 -0.0187339782714844 0.120880126953125 -0.0698928833007813
0.0177574157714844 -0.0368423461914063 0.0750885009765625 -0.126983642578125
0.00580215454101563 -0.0544013977050781 0.0310821533203125 -0.132827758789063
0.00954818725585938 -0.0556526184082031 0.0146331787109375 -0.101898193359375
0.00625228881835938 -0.0613594055175781 0.0210113525390625 -0.0709228515625
0.0293426513671875 -0.0665626525878906 0.0277175903320313 -0.0436668395996094
0.0669937133789063 -0.0479927062988281 0.00357151031494141 -0.010650634765625
0.0924911499023437 -0.00762176513671875 -0.0194244384765625 -0.0172786712646484
0.0834197998046875 0.0749282836914063 -0.0383567810058594 -0.0652313232421875
0.0508956909179688 0.139549255371094 -0.00408935546875 -0.0981674194335937
-0.0023193359375 0.16168212890625 0.0272483825683594 -0.0615501403808594
-0.0601654052734375 0.164840698242187 0.138633728027344 0.00077056884765626
0.01318359375 0.142715454101562 0.0775604248046875 0.0471649169921875
0.0517501831054687 0.102958679199219 0.0851058959960938 0.06280517578125
0.095123291015625 0.0443267822265625 0.135902404785156 0.0207748413085938
0.0890350341796875 -0.0136032104492188 0.119544982910156 -0.0476226806640625
0.0586700439453125 -0.0641021728515625 0.073944091796875 -0.104537963867188
0.0285110473632812 -0.0890350341796875 0.0342864990234375 -0.104789733886719
0.0300521850585937 -0.0847320556640625 0.0159530639648438 -0.0742645263671875
0.0307083129882812 -0.0940093994140625 0.0178756713867188 -0.0434341430664063
0.0569610595703125 -0.0873184204101563 0.0200386047363281 -0.0213890075683594
0.0950546264648437 -0.0493698120117187 -0.00370025634765624 0.00576686859130859
0.113754272460938 0.003082275390625 -0.0227432250976562 -0.00327873229980469
0.0845413208007813 0.095794677734375 -0.0421829223632813 -0.0431251525878906
0.0362091064453125 0.159439086914063 -0.00278091430664062 -0.0584259033203125
-0.0271453857421875 0.175399780273438 0.0137739181518555 -0.00893878936767577
-0.102767944335938 0.1575927734375 0.110847473144531 0.06640625
-0.0336456298828125 0.170608520507812 0.0643692016601563 0.1033935546875
0.0325164794921875 0.150100708007813 0.0792770385742188 0.0923995971679688
0.111778259277344 0.0864639282226563 0.122802734375 0.045654296875
0.122360229492188 0.0046234130859375 0.103187561035156 -0.0198974609375
0.0927352905273438 -0.0756072998046875 0.0622024536132813 -0.0691108703613281
0.0502395629882813 -0.108268737792969 0.0300407409667969 -0.0634841918945312
0.04644775390625 -0.100662231445313 0.0145626068115234 -0.0345802307128906
0.0480804443359375 -0.111648559570313 0.0118484497070313 -0.0076436996459961
0.075347900390625 -0.0989456176757813 0.00785875320434571 0.00680446624755859
0.112709045410156 -0.0475692749023438 -0.0154800415039062 0.0235061645507813
0.124397277832031 0.012237548828125 -0.0284404754638672 0.00807762145996094
0.0774154663085938 0.108558654785156 -0.0382843017578125 -0.0275077819824219
0.014739990234375 0.164642333984375 0.00480461120605469 -0.0201358795166015
-0.05328369140625 0.168014526367188 -0.00535964965820313 0.0425491333007813
-0.125801086425781 0.117401123046875 0.0672760009765625 0.121055603027344
-0.074371337890625 0.154815673828125 0.0367584228515625 0.150741577148438
-0.00241088867187499 0.15960693359375 0.063140869140625 0.113540649414063
0.097381591796875 0.111991882324219 0.096649169921875 0.063018798828125
0.127403259277344 0.0256576538085937 0.0722579956054688 0.00628662109375
0.109146118164063 -0.0682525634765625 0.0400886535644531 -0.02923583984375
0.06268310546875 -0.1083984375 0.0215930938720703 -0.0161571502685547
0.054901123046875 -0.101570129394531 0.0100831985473633 0.00997161865234374
0.0570449829101562 -0.114761352539063 0.00461959838867188 0.0327568054199219
0.0841064453125 -0.100082397460938 -0.00746536254882812 0.0388755798339844
0.118461608886719 -0.0420913696289063 -0.0305976867675781 0.0416030883789063
0.124153137207031 0.0225982666015625 -0.0386390686035156 0.0159225463867188
0.061248779296875 0.115150451660156 -0.0358085632324219 -0.0172767639160156
-0.0127716064453125 0.157333374023438 0.00864791870117188 0.0120019912719727
-0.0788726806640625 0.142822265625 -0.0303573608398437 0.0862350463867188
-0.122459411621094 0.054718017578125 0.02337646484375 0.155105590820313
-0.09661865234375 0.101997375488281 0.00828552246093749 0.175796508789063
-0.0373458862304687 0.127952575683594 0.0450820922851562 0.118980407714844
0.0595550537109375 0.112007141113281 0.0646934509277344 0.0684776306152344
0.104019165039063 0.0408477783203125 0.038818359375 0.0228652954101563
0.104591369628906 -0.0491256713867187 0.0140552520751953 0.00749778747558593
0.0655517578125 -0.0906143188476562 0.00765228271484375 0.0299816131591797
0.0551681518554687 -0.0872116088867188 0.00406646728515626 0.0526390075683594
0.058380126953125 -0.101371765136719 -0.003143310546875 0.0713348388671875
0.0821151733398438 -0.08758544921875 -0.0246047973632812 0.0692787170410156
0.1107177734375 -0.0317230224609375 -0.0485267639160156 0.0591812133789063
0.112197875976563 0.0306777954101563 -0.0511093139648438 0.0217399597167969
0.0401763916015625 0.114120483398438 -0.0364761352539063 -0.0115242004394531
-0.0416793823242187 0.136405944824219 0.0039520263671875 0.038421630859375
-0.099884033203125 0.101760864257813 -0.0627517700195313 0.117919921875
-0.0990142822265625 -0.0167083740234375 -0.00949096679687501 0.162445068359375
-0.0946884155273438 0.0319976806640625 -0.010650634765625 0.177520751953125
-0.0589179992675781 0.0700721740722656 0.0336761474609375 0.11029052734375
0.0132675170898438 0.0854263305664063 0.0385475158691406 0.0624923706054688
0.0631752014160156 0.0441665649414063 0.0114898681640625 0.0286121368408203
0.0806732177734375 -0.0215606689453125 -0.00838279724121093 0.0332202911376953
0.0562477111816406 -0.0592384338378906 -0.00477600097656249 0.0655250549316406
0.0471611022949219 -0.0598068237304688 -0.00153350830078124 0.0860671997070313
0.0503082275390625 -0.0732192993164063 -0.011627197265625 0.1038818359375
0.0692253112792969 -0.0644378662109375 -0.041046142578125 0.096527099609375
0.092071533203125 -0.018096923828125 -0.066864013671875 0.0738067626953125
0.0881500244140625 0.0352325439453125 -0.0673446655273438 0.0256500244140625
0.0161514282226563 0.0998458862304688 -0.0433120727539063 -0.00754547119140625
-0.0644607543945312 0.100021362304688 -0.0111808776855469 0.0568389892578125
-0.108055114746094 0.0484390258789062 -0.100807189941406 0.133224487304687
0.0766372680664062 0.0287017822265625 0.111541748046875 -0.135391235351562
0.0659713745117188 -0.055511474609375 0.0363731384277344 -0.0553131103515625
-0.00624847412109375 -0.0698013305664063 0.0519332885742188 0.0080108642578125
-0.05035400390625 -0.0367660522460938 0.100486755371094 -0.0226058959960938
-0.0575447082519531 0.0021514892578125 0.0966339111328125 -0.0888900756835937
-0.0478897094726562 0.0414276123046875 0.0567779541015625 -0.135185241699219
-0.0329246520996094 0.0348663330078125 0.0123443603515625 -0.139572143554688
-0.0332546234130859 0.0242881774902344 0.00293731689453124 -0.114334106445313
-0.0467338562011719 0.0250129699707031 0.010467529296875 -0.0876693725585938
-0.0489120483398438 -0.0124244689941406 0.0167732238769531 -0.0630416870117188
-0.0233535766601562 -0.0509719848632813 0.000812530517578121 -0.0370864868164063
0.0227737426757813 -0.0532951354980469 -0.0172157287597656 -0.0547943115234375
0.07611083984375 -0.014373779296875 -0.0162582397460937 -0.116600036621094
0.090087890625 0.0383377075195312 0.0130615234375 -0.172134399414063
0.0633697509765625 0.0757522583007813 0.0363006591796875 -0.154434204101563
0.0425491333007812 0.0933990478515625 0.13763427734375 -0.112960815429688
0.0690765380859375 0.0132713317871094 0.0575637817382813 -0.0400047302246094
0.0247383117675781 -0.0205860137939453 0.0671501159667969 0.0172500610351563
0.000341415405273436 -0.0217628479003906 0.120773315429688 -0.0171356201171875
-0.0124359130859375 -0.0124244689941406 0.11395263671875 -0.0889968872070312
-0.0178871154785156 0.00156974792480468 0.0681304931640625 -0.142852783203125
-0.0160980224609375 -0.0121021270751953 0.0194549560546875 -0.150070190429688
-0.0134181976318359 -0.0186042785644531 0.00638580322265626 -0.119888305664063
-0.0204086303710937 -0.0216293334960938 0.015289306640625 -0.0904159545898438
-0.00655364990234375 -0.0422477722167969 0.0247535705566406 -0.0627670288085938
0.02703857421875 -0.0503997802734375 0.00482177734375 -0.0291213989257813
0.06329345703125 -0.0261650085449219 -0.0155906677246094 -0.0389938354492188
0.0824508666992188 0.0405502319335938 -0.0280685424804688 -0.093902587890625
0.0707473754882813 0.101005554199219 0.00369262695312502 -0.14239501953125
0.0306320190429688 0.132133483886719 0.0377120971679687 -0.118186950683594
-0.0048828125 0.147415161132812 0.150772094726563 -0.0675811767578125
0.0533828735351562 0.0879058837890625 0.0739593505859375 -0.00556182861328124
0.0502128601074219 0.0425834655761719 0.081329345703125 0.037689208984375
0.0557670593261719 0.0056304931640625 0.137458801269531 -0.0028076171875
0.0415840148925781 -0.0205612182617188 0.124763488769531 -0.076385498046875
0.0201187133789062 -0.038421630859375 0.074920654296875 -0.135269165039063
0.00526046752929687 -0.0584564208984375 0.0266647338867187 -0.140571594238281
0.00832366943359374 -0.0591163635253906 0.00923919677734374 -0.108451843261719
0.00593185424804687 -0.0656661987304688 0.015960693359375 -0.07586669921875
0.0294647216796875 -0.0711135864257813 0.0236778259277344 -0.0503120422363281
0.0687255859375 -0.0521125793457031 0.00179862976074219 -0.0163602828979492
0.0971221923828125 -0.010040283203125 -0.0192298889160156 -0.0225658416748047
0.0898361206054688 0.0774917602539062 -0.0388717651367187 -0.0691947937011719
0.0576019287109375 0.1446533203125 -0.00399017333984375 -0.104560852050781
0.00273132324218749 0.16937255859375 0.0289421081542969 -0.0692062377929687
-0.0577392578125 0.176589965820313 0.144058227539063 -0.00500488281249999
0.01751708984375 0.151641845703125 0.0785598754882812 0.046783447265625
0.0582199096679688 0.110305786132813 0.0884780883789063 0.0661544799804688
0.102401733398437 0.0453643798828125 0.141799926757812 0.0198516845703125
0.0948867797851563 -0.0168838500976563 0.124496459960938 -0.0526351928710937
0.0611991882324219 -0.0693855285644531 0.074066162109375 -0.110443115234375
0.0276107788085938 -0.0961151123046875 0.0301513671875 -0.111236572265625
0.0283126831054688 -0.091796875 0.0116195678710938 -0.0784072875976563
0.0286636352539062 -0.100837707519531 0.0129814147949219 -0.0468902587890625
0.0567703247070313 -0.0946502685546875 0.0161228179931641 -0.0269241333007813
0.0999069213867188 -0.0558090209960938 -0.00624704360961913 0.00137233734130859
0.121368408203125 -0.0008697509765625 -0.024658203125 -0.00751686096191407
0.093109130859375 0.100051879882813 -0.04205322265625 -0.0473594665527344
0.0439605712890625 0.168960571289063 -0.002532958984375 -0.0637550354003906
-0.0240478515625 0.1854248046875 0.0160064697265625 -0.0138540267944336
-0.103485107421875 0.171310424804688 0.115447998046875 0.064239501953125
-0.0297393798828125 0.182174682617188 0.0659561157226563 0.105377197265625
0.0403900146484375 0.160614013671875 0.0823974609375 0.096435546875
0.122932434082031 0.0879669189453125 0.129127502441406 0.0460433959960938
0.131172180175781 -0.000762939453125 0.107025146484375 -0.0216598510742188
0.0959854125976563 -0.0830535888671875 0.0619735717773438 -0.0722198486328125
0.047821044921875 -0.1173095703125 0.0285110473632813 -0.0674667358398438
0.0441360473632812 -0.109481811523438 0.0113792419433594 -0.0366401672363281
0.0460662841796875 -0.121902465820312 0.00868082046508789 -0.00815057754516602
0.07452392578125 -0.109184265136719 0.00444698333740235 0.00478315353393554
0.118125915527344 -0.0562820434570312 -0.0187644958496094 0.0220489501953125
0.132850646972656 0.00799560546875 -0.0317039489746094 0.00461769104003907
0.0870361328125 0.113655090332031 -0.0402183532714844 -0.0311622619628906
0.022247314453125 0.175949096679688 0.00520133972167969 -0.0243053436279297
-0.0509185791015625 0.179702758789063 -0.00201034545898438 0.0410690307617188
-0.128952026367188 0.131088256835938 0.07275390625 0.123367309570313
-0.07354736328125 0.167282104492188 0.0391998291015625 0.155136108398437
0.00370788574218752 0.171859741210938 0.0659027099609375 0.117340087890625
0.108146667480469 0.115638732910156 0.100860595703125 0.0655288696289063
0.136436462402344 0.020904541015625 0.0763702392578125 0.0070037841796875
0.113525390625 -0.077301025390625 0.0402069091796875 -0.029083251953125
0.0611953735351563 -0.117706298828125 0.0203018188476563 -0.0170078277587891
0.0531005859375 -0.110435485839844 0.00950336456298828 0.0101919174194336
0.0549774169921875 -0.124801635742188 0.00335693359375 0.0347442626953125
0.0832901000976562 -0.110382080078125 -0.0106086730957031 0.0392532348632813
0.123863220214844 -0.0504913330078125 -0.0343894958496094 0.0428924560546875
0.13275146484375 0.018157958984375 -0.0422248840332031 0.0145683288574219
0.0702056884765625 0.1214599609375 -0.037841796875 -0.0206108093261719
-0.00669860839843749 0.168350219726563 0.0108823776245117 0.0098104476928711
-0.078125 0.15423583984375 -0.027984619140625 0.0884323120117188
-0.128662109375 0.0652008056640625 0.0273284912109375 0.161209106445313
-0.0976791381835937 0.113922119140625 0.00988769531250001 0.182342529296875
-0.0334091186523438 0.140205383300781 0.0465164184570313 0.123695373535156
0.0693511962890625 0.11614990234375 0.067352294921875 0.0711898803710938
0.113388061523438 0.0376434326171875 0.0414085388183594 0.0260963439941406
0.108161926269531 -0.0564117431640625 0.0157575607299805 0.00945186614990234
0.0638580322265625 -0.0994033813476563 0.00905227661132813 0.0308914184570312
0.0534820556640625 -0.0952911376953125 0.00556564331054688 0.0542793273925781
0.0560150146484375 -0.110153198242188 -0.00316619873046874 0.0759506225585938
0.0813522338867188 -0.09716796875 -0.0259780883789063 0.0734786987304687
0.116439819335938 -0.0397186279296875 -0.0518302917480469 0.0622138977050781
0.120460510253906 0.0269927978515625 -0.0551071166992187 0.0217132568359375
0.04840087890625 0.119918823242187 -0.0389137268066406 -0.0132293701171875
-0.0371246337890625 0.147064208984375 0.00635147094726562 0.0376167297363281
-0.100997924804688 0.112144470214844 -0.0618438720703125 0.123886108398437
-0.10577392578125 -0.0111312866210937 -0.00762939453125001 0.171417236328125
-0.098358154296875 0.0398330688476562 -0.0086517333984375 0.185684204101563
-0.05859375 0.07952880859375 0.0350799560546875 0.115570068359375
0.02032470703125 0.0897064208984375 0.0405693054199219 0.0661849975585938
0.0695953369140625 0.0427932739257813 0.0124549865722656 0.0336513519287109
0.0830078125 -0.02789306640625 -0.00738906860351562 0.038787841796875
0.0545005798339844 -0.0661582946777344 -0.00233459472656249 0.0687103271484375
0.0454826354980469 -0.0661506652832031 0.00169372558593749 0.0909881591796875
0.0489120483398437 -0.079925537109375 -0.00983428955078124 0.110603332519531
0.0684432983398438 -0.0718231201171875 -0.0425338745117187 0.103507995605469
0.0959701538085938 -0.0250091552734375 -0.0702133178710938 0.0792236328125
0.0950088500976563 0.0315780639648438 -0.0714797973632813 0.027252197265625
0.0218505859375 0.105094909667969 -0.045928955078125 -0.00844573974609374
-0.0613861083984375 0.108451843261719 -0.00856399536132812 0.0584030151367188
-0.110588073730469 0.0554275512695313 -0.101455688476563 0.142166137695312
0.08111572265625 0.0241851806640625 0.109909057617188 -0.149200439453125
0.0637359619140625 -0.0616416931152344 0.0336875915527344 -0.057861328125
-0.0109024047851562 -0.0717849731445313 0.0547599792480469 0.00812149047851562
-0.0547752380371094 -0.0337867736816406 0.105934143066406 -0.027496337890625
-0.05999755859375 0.00793838500976562 0.0971450805664063 -0.0991592407226563
-0.0458946228027344 0.0478973388671875 0.052001953125 -0.147628784179688
-0.0304946899414063 0.0393638610839844 0.0040283203125 -0.148895263671875
-0.0319976806640625 0.0282764434814453 -0.00524139404296874 -0.120521545410156
-0.0447845458984375 0.0299034118652344 0.00352478027343751 -0.093963623046875
-0.0508804321289062 -0.00751113891601563 0.0110244750976562 -0.0700759887695313
-0.0281867980957031 -0.049591064453125 -0.00156784057617188 -0.0428886413574219
0.019012451171875 -0.0568122863769531 -0.0190200805664063 -0.0601730346679688
0.0777053833007813 -0.0212478637695313 -0.020172119140625 -0.122688293457031
0.09619140625 0.0327606201171875 0.00708007812500001 -0.182052612304688
0.0708999633789063 0.0733642578125 0.0312042236328125 -0.1671142578125
0.0497665405273438 0.0961074829101563 0.138381958007813 -0.127304077148438
0.0714645385742188 0.010772705078125 0.0556182861328125 -0.0439033508300781
0.0251312255859375 -0.0217704772949219 0.0707244873046875 0.0174407958984375
7.43865966796869E-05 -0.0214080810546875 0.127304077148438 -0.0228805541992188
-0.0127096176147461 -0.0103702545166016 0.115089416503906 -0.099334716796875
-0.016118049621582 0.00297069549560547 0.063140869140625 -0.156204223632813
-0.0158662796020508 -0.012171745300293 0.0104217529296875 -0.15960693359375
-0.0145053863525391 -0.0189647674560547 -0.003265380859375 -0.127174377441406
-0.0206775665283203 -0.0215568542480469 0.00778198242187499 -0.0972518920898438
-0.008636474609375 -0.0422782897949219 0.0189743041992188 -0.0711135864257813
0.02496337890625 -0.0521888732910156 0.00258636474609375 -0.0357017517089844
0.0644912719726562 -0.0306167602539062 -0.016693115234375 -0.0446205139160156
0.0881500244140625 0.0370101928710938 -0.0315933227539062 -0.098907470703125
0.079925537109375 0.101043701171875 -0.00213623046875001 -0.151565551757813
0.0394668579101562 0.136016845703125 0.0352706909179688 -0.12994384765625
0.00343322753906251 0.156463623046875 0.154144287109375 -0.0810089111328125
0.0597381591796875 0.0908203125 0.0733795166015625 -0.00894165039062499
0.0560760498046875 0.0448760986328125 0.0858078002929687 0.0378494262695312
0.0605201721191406 0.00374603271484375 0.144256591796875 -0.0087432861328125
0.0446052551269531 -0.0233917236328125 0.127349853515625 -0.0873489379882813
0.021148681640625 -0.0415153503417969 0.0703277587890625 -0.147079467773438
0.00198745727539062 -0.0625152587890625 0.0178375244140625 -0.150039672851563
0.00495147705078124 -0.0636482238769531 8.3923339843762E-05 -0.114471435546875
0.00335693359374999 -0.0698661804199219 0.00860595703125001 -0.0815887451171875
0.02764892578125 -0.0763320922851563 0.0176010131835938 -0.0576210021972656
0.0691566467285156 -0.0585060119628906 -0.00110626220703125 -0.0215301513671875
0.10174560546875 -0.0161590576171875 -0.0210552215576172 -0.0273380279541016
0.0994873046875 0.0769424438476562 -0.0419082641601563 -0.0736618041992187
0.0694122314453125 0.149505615234375 -0.008544921875 -0.111663818359375
0.0117950439453125 0.17864990234375 0.0286102294921875 -0.07867431640625
-0.0501861572265625 0.191879272460938 0.149673461914063 -0.014404296875
0.0278167724609375 0.160308837890625 0.0809097290039063 0.044189453125
0.068939208984375 0.115852355957031 0.0939102172851563 0.0668792724609375
0.112106323242188 0.0424957275390625 0.149246215820313 0.015167236328125
0.0998764038085938 -0.0240097045898438 0.127571105957031 -0.0614089965820312
0.0615997314453125 -0.0771942138671875 0.0708389282226563 -0.119316101074219
0.0231170654296875 -0.1031494140625 0.0229949951171875 -0.119636535644531
0.0230255126953125 -0.0995712280273438 0.00420379638671876 -0.0838699340820313
0.0237808227539063 -0.109748840332031 0.00785446166992188 -0.0504875183105469
0.0544586181640625 -0.104148864746094 0.0105247497558594 -0.0318775177001953
0.102508544921875 -0.0657882690429688 -0.010075569152832 -0.0012502670288086
0.12921142578125 -0.00855255126953125 -0.0271835327148437 -0.0112113952636719
0.105545043945313 0.101295471191406 -0.0455741882324219 -0.0503425598144531
0.056915283203125 0.176651000976563 -0.00500488281249999 -0.0699386596679687
-0.0145263671875 0.197967529296875 0.0172691345214844 -0.0199069976806641
-0.098480224609375 0.189773559570313 0.123756408691406 0.0597381591796875
-0.020782470703125 0.19573974609375 0.0714263916015625 0.1060791015625
0.0537261962890625 0.170639038085938 0.0884780883789063 0.0986404418945313
0.136970520019531 0.08575439453125 0.136482238769531 0.0430450439453125
0.138832092285156 -0.010162353515625 0.110893249511719 -0.026763916015625
0.095855712890625 -0.0938720703125 0.0607070922851563 -0.0774917602539063
0.0425033569335937 -0.127166748046875 0.0247116088867188 -0.0729598999023438
0.0382919311523438 -0.119781494140625 0.00656890869140626 -0.039306640625
0.0390243530273437 -0.13311767578125 0.00529956817626953 -0.00879287719726564
0.071380615234375 -0.120933532714844 0.000193595886230473 0.00275659561157226
0.121475219726563 -0.0686569213867188 -0.0218601226806641 0.02130126953125
0.142471313476563 -0.001007080078125 -0.0349674224853516 0.00304794311523438
0.100791931152344 0.11669921875 -0.0435600280761719 -0.0333480834960938
0.035919189453125 0.186538696289063 0.00531196594238281 -0.0293006896972656
-0.0419464111328125 0.194183349609375 0.000728607177734371 0.0387687683105469
-0.127914428710938 0.149581909179688 0.081787109375 0.125213623046875
-0.0674285888671875 0.18280029296875 0.0460205078125 0.159317016601563
0.0168914794921875 0.184722900390625 0.071197509765625 0.121597290039062
0.123214721679688 0.115943908691406 0.106956481933594 0.0653457641601563
0.1470947265625 0.0119476318359375 0.0803909301757813 0.00534820556640625
0.114944458007813 -0.0894851684570313 0.0407180786132813 -0.0301055908203125
0.0550384521484375 -0.12908935546875 0.019683837890625 -0.01922607421875
0.0467605590820312 -0.121505737304688 0.00845909118652344 0.0100212097167969
0.0477447509765625 -0.136909484863281 0.00260162353515625 0.03741455078125
0.0797042846679688 -0.123397827148438 -0.0116424560546875 0.0419082641601562
0.128273010253906 -0.0633468627929688 -0.0361785888671875 0.0454559326171875
0.142547607421875 0.0088653564453125 -0.0448532104492187 0.0149421691894531
0.0846481323242188 0.125785827636719 -0.041168212890625 -0.0223159790039062
0.005584716796875 0.180145263671875 0.0125541687011719 0.00651741027832032
-0.0726165771484375 0.169403076171875 -0.0240936279296875 0.0915298461914063
-0.130783081054688 0.080047607421875 0.0366668701171875 0.168716430664063
-0.0952377319335938 0.128379821777344 0.01776123046875 0.190383911132813
-0.0237884521484375 0.15380859375 0.0526046752929688 0.127998352050781
0.0824508666992188 0.117935180664063 0.0728378295898438 0.0733566284179688
0.122650146484375 0.029571533203125 0.0447921752929688 0.0273666381835938
0.109786987304688 -0.068389892578125 0.0173206329345703 0.0128145217895508
0.0592498779296875 -0.110130310058594 0.0113525390625 0.0322036743164062
0.0481719970703125 -0.1051025390625 0.00876617431640625 0.0567855834960938
0.0499343872070313 -0.121749877929688 -0.000244140624999998 0.08099365234375
0.0773849487304688 -0.109748840332031 -0.0254898071289063 0.079742431640625
0.120597839355469 -0.0516433715820313 -0.0535430908203125 0.068572998046875
0.129432678222656 0.019134521484375 -0.0593299865722656 0.0245361328125
0.0609512329101563 0.125244140625 -0.0424728393554687 -0.0143585205078125
-0.02783203125 0.158920288085938 0.00957107543945312 0.0367317199707031
-0.0974349975585937 0.126029968261719 -0.0571060180664063 0.132888793945313
-0.112030029296875 -0.00238800048828126 -0.000106811523437491 0.182113647460938
-0.100914001464844 0.05078125 -0.00205993652343752 0.19500732421875
-0.0546188354492188 0.0903701782226562 0.039215087890625 0.120208740234375
0.0294113159179687 0.0928192138671875 0.0435943603515625 0.0699005126953125
0.0777435302734375 0.0382614135742188 0.0154304504394531 0.0379791259765625
0.0845947265625 -0.0364761352539063 -0.00343322753906249 0.0445442199707031
0.0512313842773437 -0.07373046875 0.003387451171875 0.0731201171875
0.0417251586914063 -0.07379150390625 0.00772857666015625 0.0955276489257813
0.0435714721679688 -0.0881881713867188 -0.00389862060546874 0.118377685546875
0.0655517578125 -0.0814895629882813 -0.0402679443359375 0.112586975097656
0.0987777709960938 -0.0341110229492188 -0.07171630859375 0.0880203247070312
0.102287292480469 0.0256805419921875 -0.0762863159179688 0.0315017700195313
0.0311660766601562 0.10986328125 -0.0492897033691406 -0.00849151611328125
-0.0557632446289062 0.119255065917969 -0.00390625 0.0587615966796875
-0.11077880859375 0.066162109375 -0.09716796875 0.154495239257813
0.0843048095703125 0.0172348022460938 0.101730346679688 -0.162506103515625
0.0586128234863281 -0.0678443908691406 0.0283775329589844 -0.0599708557128906
-0.01812744140625 -0.0723724365234375 0.0565681457519531 0.00710296630859375
-0.0589752197265625 -0.0290603637695312 0.108535766601563 -0.0344009399414063
-0.0601539611816406 0.0153121948242188 0.0923919677734375 -0.109298706054688
-0.0404014587402344 0.0534095764160156 0.040496826171875 -0.15740966796875
-0.0262222290039063 0.0437355041503906 -0.00897216796875 -0.153778076171875
-0.0296478271484375 0.0325126647949219 -0.0168228149414063 -0.123527526855469
-0.0407943725585938 0.0346336364746094 -0.00611877441406251 -0.0980453491210938
-0.0509223937988281 -0.00169754028320313 0.00270080566406249 -0.07452392578125
-0.0343246459960938 -0.0454826354980469 -0.00554275512695312 -0.0479316711425781
0.0130615234375 -0.0587844848632813 -0.0223655700683594 -0.0641059875488281
0.0763702392578125 -0.0286865234375 -0.026214599609375 -0.124992370605469
0.100067138671875 0.0241470336914063 -0.00340270996093751 -0.188308715820313
0.0786056518554688 0.0684967041015625 0.0210113525390625 -0.1776123046875
0.0576705932617188 0.0942916870117187 0.132537841796875 -0.14227294921875
0.072723388671875 0.0066986083984375 0.0512962341308594 -0.0473670959472656
0.0242404937744141 -0.0224514007568359 0.0732421875 0.015594482421875
-0.00161170959472656 -0.0208721160888672 0.130294799804688 -0.0313568115234375
-0.0128259658813477 -0.00846481323242187 0.110809326171875 -0.110870361328125
-0.0139636993408203 0.00518703460693359 0.0514984130859375 -0.16607666015625
-0.0161905288696289 -0.0108575820922852 -0.00323486328124999 -0.16546630859375
-0.0157451629638672 -0.0185451507568359 -0.0153961181640625 -0.13031005859375
-0.0212001800537109 -0.0203819274902344 -0.00333404541015625 -0.101097106933594
-0.01068115234375 -0.0417518615722656 0.00983428955078126 -0.0772247314453125
0.0210800170898438 -0.0541343688964844 -0.00107955932617188 -0.0410003662109375
0.063018798828125 -0.0359420776367188 -0.0195503234863281 -0.048797607421875
0.0925064086914063 0.031219482421875 -0.0361251831054687 -0.101142883300781
0.0893020629882813 0.097503662109375 -0.01104736328125 -0.156829833984375
0.0508499145507813 0.135826110839844 0.0275344848632813 -0.140365600585938
0.015594482421875 0.162078857421875 0.1517333984375 -0.09552001953125
0.0681533813476563 0.0898361206054688 0.0716781616210938 -0.014007568359375
0.0621910095214844 0.0439491271972656 0.0900344848632813 0.0350570678710938
0.0632286071777344 0.00014495849609375 0.147384643554688 -0.017791748046875
0.0444984436035156 -0.0268898010253906 0.123817443847656 -0.0985946655273438
0.0205345153808594 -0.0444793701171875 0.060546875 -0.157073974609375
-0.00222015380859375 -0.0648384094238281 0.00395202636718749 -0.155685424804688
-6.10351562500023E-05 -0.0663337707519531 -0.0118942260742187 -0.116683959960937
-0.00183868408203124 -0.073333740234375 -0.00121307373046875 -0.0848236083984375
0.0229949951171875 -0.0806121826171875 0.00856399536132813 -0.0636024475097656
0.0671119689941406 -0.065765380859375 -0.00566482543945312 -0.0262470245361328
0.104171752929688 -0.0241012573242188 -0.0232925415039062 -0.031097412109375
0.108238220214844 0.0724411010742188 -0.046356201171875 -0.0747604370117188
0.083282470703125 0.148941040039063 -0.0151748657226562 -0.116615295410156
0.0257110595703125 0.182464599609375 0.0249252319335938 -0.0873947143554687
-0.0364227294921875 0.203125 0.151901245117188 -0.02764892578125
0.0409088134765625 0.163543701171875 0.0823440551757813 0.0395278930664063
0.0821914672851563 0.116363525390625 0.09930419921875 0.0638580322265625
0.120590209960938 0.0354461669921875 0.15362548828125 0.006103515625
0.101737976074219 -0.0331802368164063 0.125831604003906 -0.071624755859375
0.0585784912109375 -0.0847244262695313 0.0634613037109375 -0.127143859863281
0.0151824951171875 -0.108978271484375 0.01220703125 -0.124435424804687
0.0145416259765625 -0.10565185546875 -0.00630950927734374 -0.0858383178710938
0.0150985717773437 -0.115882873535156 -0.000389099121093747 -0.0523452758789063
0.0473709106445313 -0.112800598144531 0.00356292724609375 -0.0357627868652344
0.100318908691406 -0.0772018432617188 -0.0138416290283203 -0.00459098815917969
0.132530212402344 -0.0196380615234375 -0.0299434661865234 -0.0132389068603516
0.117713928222656 0.0979995727539063 -0.0495223999023437 -0.0515289306640625
0.0741119384765625 0.178604125976563 -0.00894165039062499 -0.073974609375
0.000762939453124989 0.2056884765625 0.0174160003662109 -0.0264091491699219
-0.086029052734375 0.2060546875 0.130416870117188 0.0508651733398438
-0.00401306152343751 0.2049560546875 0.0772171020507813 0.103050231933594
0.0722503662109375 0.17431640625 0.095794677734375 0.0962142944335938
0.148605346679688 0.0780029296875 0.142333984375 0.03631591796875
0.142730712890625 -0.022674560546875 0.111740112304688 -0.0344161987304688
0.092681884765625 -0.105766296386719 0.0568084716796875 -0.0822830200195313
0.0322647094726563 -0.135032653808594 0.0171356201171875 -0.0769424438476563
0.0277175903320313 -0.127357482910156 0.000999450683593751 -0.0410118103027344
0.0274810791015625 -0.14178466796875 0.00191164016723633 -0.00836944580078126
0.0625686645507812 -0.132270812988281 -0.00381112098693847 0.00145888328552245
0.120071411132812 -0.0821533203125 -0.0242557525634766 0.0218601226806641
0.147933959960938 -0.01385498046875 -0.0373191833496094 0.00251388549804687
0.115692138671875 0.113861083984375 -0.0468177795410156 -0.0336875915527344
0.0532073974609375 0.190750122070313 0.00359725952148438 -0.033761978149414
-0.027313232421875 0.2044677734375 0.00478363037109375 0.0364265441894531
-0.119400024414062 0.167160034179688 0.0916824340820312 0.122100830078125
-0.0531463623046875 0.19635009765625 0.0559234619140625 0.158767700195313
0.0354156494140625 0.19244384765625 0.0799026489257813 0.120353698730469
0.139259338378906 0.109298706054688 0.112770080566406 0.0604324340820313
0.152664184570313 -0.00177001953125 0.0826492309570313 0.00122833251953125
0.110458374023437 -0.103752136230469 0.0405044555664063 -0.0318870544433594
0.0443191528320312 -0.138572692871094 0.0172672271728516 -0.0212249755859375
0.0356369018554688 -0.13055419921875 0.00748062133789063 0.00897884368896484
0.0352935791015625 -0.146774291992187 0.00371170043945313 0.0392189025878906
0.069793701171875 -0.135757446289063 -0.0127410888671875 0.043243408203125
0.126480102539063 -0.0781021118164063 -0.0374565124511719 0.0495071411132812
0.149200439453125 -0.0045318603515625 -0.0480079650878906 0.016448974609375
0.0997390747070313 0.123863220214844 -0.0439872741699219 -0.0225372314453125
0.022735595703125 0.186981201171875 0.0141067504882813 0.0029888153076172
-0.0600128173828125 0.181991577148438 -0.016510009765625 0.0936203002929688
-0.128425598144531 0.0967559814453125 0.0481719970703125 0.170684814453125
-0.086456298828125 0.142898559570313 0.029571533203125 0.1937255859375
-0.00946044921875001 0.163314819335938 0.0604324340820312 0.12823486328125
0.0969390869140625 0.1142578125 0.0775299072265625 0.0721206665039063
0.129447937011719 0.0186386108398438 0.0485420227050781 0.0277366638183594
0.106803894042969 -0.0811691284179687 0.0205307006835938 0.0145053863525391
0.0486526489257813 -0.119239807128906 0.0141849517822266 0.0324268341064453
0.0377960205078125 -0.113677978515625 0.0132637023925781 0.0576744079589844
0.038970947265625 -0.130569458007813 0.00538635253906251 0.085357666015625
0.0684738159179688 -0.1209716796875 -0.02301025390625 0.0839080810546875
0.118904113769531 -0.0656890869140625 -0.0523223876953125 0.0745849609375
0.135505676269531 0.007080078125 -0.0612678527832031 0.0286827087402344
0.0747756958007813 0.12469482421875 -0.0455474853515625 -0.0131645202636719
-0.012786865234375 0.167526245117188 0.0138664245605469 0.0338554382324219
-0.0887527465820312 0.138946533203125 -0.0476531982421875 0.138969421386719
-0.115188598632813 0.0103759765625 0.011627197265625 0.1888427734375
-0.098541259765625 0.0634613037109375 0.00930786132812501 0.200225830078125
-0.0461502075195313 0.100959777832031 0.0454788208007813 0.121223449707031
0.040863037109375 0.0928268432617188 0.047515869140625 0.070953369140625
0.0837554931640625 0.029541015625 0.0190773010253906 0.0409317016601562
0.0820846557617188 -0.0469436645507813 0.00265884399414063 0.0489692687988281
0.044464111328125 -0.0810623168945313 0.0102310180664062 0.0748062133789063
0.0339279174804688 -0.0799331665039062 0.0161590576171875 0.0968399047851563
0.0358047485351562 -0.095733642578125 0.00504302978515625 0.1229248046875
0.0581436157226563 -0.0904922485351563 -0.0337448120117188 0.1190185546875
0.098052978515625 -0.0455093383789062 -0.0690765380859375 0.0961837768554688
0.107467651367188 0.0163345336914063 -0.0771560668945313 0.037689208984375
0.0425491333007812 0.110343933105469 -0.051849365234375 -0.00754547119140624
-0.0453262329101563 0.128105163574219 0.00152969360351562 0.0579872131347656
-0.106460571289063 0.07794189453125 -0.087860107421875 0.16650390625
0.0844573974609375 0.0104751586914062 0.0899200439453125 -0.170608520507812
0.0528030395507812 -0.0715484619140625 0.0230216979980469 -0.0600395202636719
-0.0241203308105469 -0.0701141357421875 0.0575065612792969 0.00627899169921874
-0.0610008239746094 -0.0236244201660156 0.107704162597656 -0.0401458740234375
-0.0578231811523437 0.0217971801757813 0.0851287841796875 -0.115364074707031
-0.0338401794433594 0.056793212890625 0.028533935546875 -0.160491943359375
-0.0210418701171875 0.0460929870605469 -0.020477294921875 -0.153106689453125
-0.0261936187744141 0.0347366333007813 -0.0276031494140625 -0.12200927734375
-0.0364608764648438 0.0379409790039063 -0.0149993896484375 -0.0976104736328125
-0.0497169494628906 0.00369262695312501 -0.00580596923828125 -0.0759201049804688
-0.0377006530761719 -0.0404434204101563 -0.00971603393554688 -0.0508384704589844
0.00771713256835937 -0.0577735900878906 -0.025115966796875 -0.0663490295410156
0.0725173950195313 -0.0348434448242188 -0.0313262939453125 -0.124481201171875
0.100517272949219 0.0150909423828125 -0.0143280029296875 -0.188888549804687
0.0824356079101563 0.0611648559570313 0.010284423828125 -0.181716918945312
0.0634536743164063 0.0906829833984375 0.122406005859375 -0.15216064453125
0.0720138549804688 0.00228118896484375 0.045928955078125 -0.0490798950195313
0.0229110717773438 -0.0232143402099609 0.0736312866210937 0.0137939453125
-0.00216293334960938 -0.0194435119628906 0.128936767578125 -0.0381240844726563
-0.0121078491210938 -0.00578880310058594 0.102729797363281 -0.117744445800781
-0.0108404159545898 0.00574874877929688 0.0388336181640625 -0.17010498046875
-0.0157108306884766 -0.00967979431152344 -0.0169525146484375 -0.164276123046875
-0.0170831680297852 -0.0172281265258789 -0.0272750854492188 -0.12762451171875
-0.0214786529541016 -0.0192108154296875 -0.0136795043945313 -0.100852966308594
-0.0132942199707031 -0.04052734375 -4.57763671875005E-05 -0.07928466796875
0.0172309875488281 -0.05426025390625 -0.00632858276367188 -0.0447578430175781
0.0594825744628906 -0.0392723083496094 -0.0224761962890625 -0.0511245727539063
0.0935897827148438 0.0250778198242188 -0.0404891967773437 -0.099700927734375
0.0947341918945313 0.0903472900390625 -0.0196685791015625 -0.157638549804688
0.0591583251953125 0.131462097167969 0.0190277099609375 -0.146072387695313
0.0266571044921875 0.161239624023438 0.143936157226563 -0.10723876953125
0.0736083984375 0.0861740112304688 0.0680580139160156 -0.0173721313476562
0.0664634704589844 0.0413131713867188 0.090667724609375 0.0313034057617188
0.0644302368164063 -0.0031890869140625 0.146804809570313 -0.0255126953125
0.0434074401855469 -0.0289535522460938 0.116348266601563 -0.10589599609375
0.0192146301269531 -0.0464401245117187 0.0489501953125 -0.160995483398438
-0.00605010986328125 -0.0652542114257813 -0.0090179443359375 -0.154937744140625
-0.00550079345703124 -0.0668907165527344 -0.0233612060546875 -0.115097045898438
-0.00648498535156251 -0.0743408203125 -0.0108184814453125 -0.0841903686523438
0.01727294921875 -0.0826416015625 -0.000583648681640617 -0.0650291442871094
0.0625190734863281 -0.0700340270996094 -0.0103549957275391 -0.0293731689453125
0.102027893066406 -0.0316085815429688 -0.0264854431152344 -0.0337543487548828
0.114250183105469 0.0654373168945313 -0.0491485595703125 -0.0738449096679687
0.09356689453125 0.14385986328125 -0.0213241577148437 -0.117820739746094
0.0381011962890625 0.180618286132812 0.0199050903320313 -0.093536376953125
-0.0215301513671875 0.207504272460938 0.148361206054688 -0.0389251708984375
0.0527191162109375 0.161956787109375 0.0817413330078125 0.035491943359375
0.0922698974609375 0.1129150390625 0.101112365722656 0.0601959228515625
0.124061584472656 0.02783203125 0.15301513671875 -0.0018157958984375
0.100257873535156 -0.0406494140625 0.120201110839844 -0.0785446166992188
0.0537109375 -0.0898818969726563 0.0542221069335938 -0.13079833984375
0.00624084472656251 -0.110679626464844 0.00131988525390624 -0.124534606933594
0.00585937500000001 -0.106925964355469 -0.0154266357421875 -0.0838394165039063
0.00525665283203124 -0.118087768554688 -0.00676345825195313 -0.0518989562988281
0.03887939453125 -0.117057800292969 -0.00408554077148438 -0.0371475219726563
0.0947799682617188 -0.0853958129882813 -0.0175247192382812 -0.0060882568359375
0.13250732421875 -0.0296478271484375 -0.0320816040039062 -0.0147781372070313
0.12677001953125 0.0904312133789062 -0.0515213012695312 -0.0504302978515625
0.0872802734375 0.174911499023438 -0.01312255859375 -0.075958251953125
0.015045166015625 0.206832885742188 0.0162010192871094 -0.0321292877197265
-0.0698699951171875 0.214950561523438 0.132583618164063 0.0413589477539063
0.0103607177734375 0.206283569335938 0.0802459716796875 0.0981292724609375
0.08770751953125 0.17169189453125 0.0990676879882812 0.0926361083984375
0.156845092773438 0.0676116943359375 0.14263916015625 0.0294647216796875
0.141799926757813 -0.03436279296875 0.108558654785156 -0.0405807495117187
0.0852203369140625 -0.113555908203125 0.0521621704101563 -0.0851821899414063
0.0207977294921875 -0.138145446777344 0.0105438232421875 -0.0770492553710938
0.0162353515625 -0.130226135253906 -0.00402069091796875 -0.0402679443359375
0.0161895751953125 -0.145584106445313 -0.00138950347900391 -0.00756025314331056
0.051605224609375 -0.138092041015625 -0.00811386108398437 0.00156259536743163
0.113746643066406 -0.0933990478515625 -0.0264263153076172 0.0219535827636719
0.147720336914063 -0.0265960693359375 -0.0393943786621094 0.00296783447265624
0.126792907714844 0.106742858886719 -0.0494728088378906 -0.0330390930175781
0.0700531005859375 0.1885986328125 0.00175857543945313 -0.0367050170898437
-0.013214111328125 0.207321166992188 0.00807380676269531 0.0318470001220703
-0.106582641601563 0.178955078125 0.098297119140625 0.115730285644531
-0.0383148193359375 0.201675415039063 0.06317138671875 0.155120849609375
0.0517730712890625 0.192840576171875 0.0845260620117188 0.116218566894531
0.149154663085938 0.099395751953125 0.115608215332031 0.0550460815429688
0.153182983398438 -0.01458740234375 0.0829696655273438 -0.0027618408203125
0.102676391601563 -0.112380981445313 0.0407562255859375 -0.0327682495117188
0.032470703125 -0.142257690429687 0.0151138305664063 -0.0215358734130859
0.0239105224609375 -0.134254455566406 0.0063018798828125 0.0090646743774414
0.0223846435546875 -0.151077270507813 0.00496673583984375 0.0403175354003906
0.0574798583984375 -0.14141845703125 -0.0130996704101562 0.0442161560058594
0.120758056640625 -0.0901718139648438 -0.0371360778808594 0.0511512756347656
0.149124145507813 -0.01708984375 -0.0489845275878906 0.01763916015625
0.1114501953125 0.118095397949219 -0.0459632873535156 -0.0216293334960937
0.0389862060546875 0.187423706054688 0.01385498046875 -0.000678062438964832
-0.0451812744140625 0.1875 -0.00981903076171874 0.0913009643554688
-0.12066650390625 0.109321594238281 0.0581512451171875 0.1683349609375
-0.0748443603515625 0.150482177734375 0.0389404296875 0.191726684570313
0.00587463378906249 0.166610717773438 0.0650482177734375 0.125076293945313
0.10809326171875 0.107063293457031 0.0799026489257812 0.0688400268554688
0.13116455078125 0.00707244873046875 0.0504531860351563 0.0267753601074219
0.0997390747070312 -0.09027099609375 0.0233955383300781 0.0149021148681641
0.0375289916992187 -0.122840881347656 0.0166797637939453 0.0318946838378906
0.0267486572265625 -0.117057800292969 0.0157814025878906 0.0569000244140625
0.0263519287109375 -0.134162902832031 0.0106277465820313 0.0853958129882812
0.0573654174804687 -0.126853942871094 -0.0187530517578125 0.0857620239257812
0.113670349121094 -0.0770339965820313 -0.0492477416992187 0.0788955688476563
0.136611938476563 -0.0047607421875 -0.0620155334472656 0.0317955017089844
0.0864486694335938 0.119766235351563 -0.0468978881835937 -0.0122222900390625
0.0015716552734375 0.169677734375 0.0166034698486328 0.0304908752441406
-0.0774078369140625 0.146286010742188 -0.0373916625976563 0.139976501464844
-0.113853454589844 0.0215530395507812 0.0226287841796875 0.190109252929688
-0.0922622680664063 0.0724029541015625 0.01983642578125 0.199325561523438
-0.0363006591796875 0.106216430664062 0.0502853393554687 0.118659973144531
0.0501785278320313 0.0895156860351563 0.049957275390625 0.0704879760742187
0.0861053466796875 0.0222930908203125 0.0232772827148438 0.0426788330078125
0.0778884887695313 -0.0547866821289063 0.00853729248046876 0.0502052307128906
0.0358200073242187 -0.0843429565429687 0.01629638671875 0.0734405517578125
0.0264129638671875 -0.0828399658203125 0.0222244262695313 0.0956649780273437
0.0256118774414063 -0.0989151000976563 0.0141830444335937 0.123313903808594
0.0491104125976562 -0.0951385498046875 -0.0266342163085938 0.121734619140625
0.0936813354492187 -0.054290771484375 -0.0636138916015625 0.101776123046875
0.107978820800781 0.00673675537109375 -0.0768585205078125 0.042083740234375
0.0523605346679688 0.107536315917969 -0.0530509948730469 -0.00622558593749998
-0.0335159301757813 0.132339477539063 0.0067138671875 0.0552444458007813
-0.0989303588867188 0.0852813720703125 -0.0752716064453125 0.17156982421875
0.0833892822265625 0.0063018798828125 0.08245849609375 -0.173110961914063
0.0473556518554688 -0.0717697143554688 0.0196685791015625 -0.0582923889160156
-0.0277328491210938 -0.067138671875 0.0573539733886719 0.00671005249023437
-0.0611495971679687 -0.0191726684570312 0.106765747070313 -0.0427322387695313
-0.0551719665527344 0.0252037048339844 0.0799713134765625 -0.116752624511719
-0.0285491943359375 0.0574111938476562 0.01971435546875 -0.159774780273438
-0.0167083740234375 0.04644775390625 -0.0279388427734375 -0.1513671875
-0.0230941772460937 0.0353317260742188 -0.0334091186523437 -0.118705749511719
-0.0324020385742188 0.0392723083496094 -0.0224533081054688 -0.0955047607421875
-0.0478401184082031 0.0077362060546875 -0.011474609375 -0.075103759765625
-0.0391693115234375 -0.0357780456542969 -0.0131454467773437 -0.0539665222167969
0.0040130615234375 -0.05657958984375 -0.02642822265625 -0.0677833557128906
0.0685539245605469 -0.0383872985839844 -0.0328750610351563 -0.122894287109375
0.0982208251953125 0.00942230224609375 -0.0192413330078125 -0.187850952148438
0.083404541015625 0.0553741455078125 0.0040740966796875 -0.182601928710938
0.0656814575195312 0.0866928100585938 0.115371704101563 -0.156539916992188
0.0704879760742187 -0.00043487548828125 0.0422019958496094 -0.0487403869628906
0.0217170715332031 -0.0221500396728516 0.0733871459960937 0.0132293701171875
-0.00238418579101563 -0.0185203552246094 0.127243041992188 -0.0410079956054687
-0.0109825134277344 -0.00499343872070313 0.0971450805664063 -0.119735717773438
-0.00809240341186523 0.0053553581237793 0.02978515625 -0.16937255859375
-0.0150852203369141 -0.00934696197509765 -0.0255126953125 -0.161575317382813
-0.016566276550293 -0.016270637512207 -0.0344390869140625 -0.124237060546875
-0.0207633972167969 -0.0194015502929688 -0.0210342407226563 -0.0984725952148438
-0.0133018493652344 -0.0392532348632813 -0.00734710693359375 -0.0788345336914063
0.0147285461425781 -0.0521965026855469 -0.0103263854980469 -0.0477943420410156
0.0569267272949219 -0.0401649475097656 -0.0240898132324219 -0.0539398193359375
0.09326171875 0.0209579467773438 -0.0406494140625 -0.0994491577148438
0.0974578857421875 0.0848007202148437 -0.023681640625 -0.156982421875
0.0629959106445313 0.126884460449219 0.0139312744140625 -0.148712158203125
0.03314208984375 0.159454345703125 0.13800048828125 -0.112724304199219
0.0760574340820313 0.0826339721679688 0.0639495849609375 -0.0185089111328125
0.0686798095703125 0.0393829345703125 0.0897216796875 0.0311203002929688
0.06463623046875 -0.005401611328125 0.14434814453125 -0.029327392578125
0.0428199768066406 -0.030426025390625 0.110725402832031 -0.108055114746094
0.0184860229492188 -0.0475234985351563 0.0403594970703125 -0.1602783203125
-0.00927734375 -0.064483642578125 -0.0170440673828125 -0.152557373046875
-0.00899887084960938 -0.0661697387695313 -0.0306930541992188 -0.110641479492188
-0.00991058349609376 -0.0738296508789063 -0.0179519653320312 -0.0820770263671875
0.0139236450195313 -0.0829849243164062 -0.0080718994140625 -0.0649642944335938
0.0584716796875 -0.0719070434570313 -0.0144691467285156 -0.0315132141113281
0.100135803222656 -0.0348968505859375 -0.0281448364257812 -0.0359268188476563
0.115318298339844 0.0611801147460938 -0.0493621826171875 -0.0735397338867188
0.0990753173828125 0.138847351074219 -0.0244293212890625 -0.117835998535156
0.0438232421875 0.178070068359375 0.0160064697265625 -0.097747802734375
-0.012359619140625 0.207244873046875 0.144332885742187 -0.0446929931640625
0.0587310791015625 0.159103393554688 0.0780715942382812 0.0323410034179688
0.0982513427734375 0.109367370605469 0.100227355957031 0.0579376220703125
0.125831604003906 0.0223388671875 0.150848388671875 -0.005767822265625
0.0976791381835938 -0.0442276000976563 0.115303039550781 -0.0808258056640625
0.0505523681640625 -0.0920257568359375 0.0476608276367187 -0.131233215332031
0.00107574462890625 -0.10992431640625 -0.005462646484375 -0.122276306152344
3.81469726562459E-05 -0.105979919433594 -0.02099609375 -0.080810546875
-0.000595092773437491 -0.11859130859375 -0.0117874145507812 -0.0497322082519531
0.032501220703125 -0.118133544921875 -0.0102272033691406 -0.0376358032226563
0.0905914306640625 -0.089599609375 -0.0218181610107422 -0.00794029235839844
0.130569458007813 -0.035247802734375 -0.03424072265625 -0.0166568756103516
0.131256103515625 0.0852127075195313 -0.0522842407226563 -0.0505027770996094
0.0955963134765625 0.171051025390625 -0.01513671875 -0.077667236328125
0.0232391357421875 0.204345703125 0.0150108337402344 -0.0368385314941406
-0.060089111328125 0.216827392578125 0.131614685058594 0.0358428955078125
0.019989013671875 0.204147338867188 0.0799484252929688 0.09375
0.096343994140625 0.168121337890625 0.0981826782226563 0.08966064453125
0.1597900390625 0.059600830078125 0.1412353515625 0.0246124267578125
0.138618469238281 -0.0403060913085938 0.105941772460938 -0.042694091796875
0.0796966552734375 -0.1171875 0.0485382080078125 -0.0849838256835938
0.0137710571289062 -0.138206481933594 0.00519561767578124 -0.0762557983398438
0.008697509765625 -0.130210876464844 -0.00879287719726563 -0.0383872985839844
0.00686645507812499 -0.145233154296875 -0.00424480438232422 -0.00664043426513673
0.043426513671875 -0.1402587890625 -0.012944221496582 0.00204277038574218
0.108619689941406 -0.098907470703125 -0.0288181304931641 0.021331787109375
0.146560668945313 -0.033905029296875 -0.0408821105957031 0.002410888671875
0.132125854492188 0.101425170898438 -0.04986572265625 -0.0332679748535156
0.079803466796875 0.185775756835937 0.000846862792968757 -0.0390663146972656
-0.00405883789062501 0.2081298828125 0.00853347778320313 0.0272274017333984
-0.0975341796875 0.18414306640625 0.10003662109375 0.1104736328125
-0.028289794921875 0.202163696289063 0.0651092529296875 0.15118408203125
0.0626068115234375 0.19036865234375 0.0840072631835938 0.11309814453125
0.15460205078125 0.09197998046875 0.11407470703125 0.0525588989257813
0.151016235351563 -0.0223388671875 0.0823516845703125 -0.00408935546875
0.0959396362304688 -0.117462158203125 0.03948974609375 -0.0328178405761719
0.0243072509765625 -0.14215087890625 0.0133647918701172 -0.0216159820556641
0.0153579711914063 -0.133018493652344 0.00516510009765625 0.00957870483398437
0.0130767822265625 -0.151443481445313 0.00569915771484375 0.0407142639160156
0.048187255859375 -0.14483642578125 -0.0138816833496094 0.044647216796875
0.1153564453125 -0.097137451171875 -0.0376052856445312 0.0523223876953125
0.148025512695313 -0.0251617431640625 -0.0500106811523438 0.0191917419433594
0.118003845214844 0.113075256347656 -0.0473785400390625 -0.0214385986328125
0.049530029296875 0.1846923828125 0.0139064788818359 -0.0045785903930664
-0.0370635986328125 0.188125610351563 -0.00615692138671875 0.0877609252929688
-0.114021301269531 0.116180419921875 0.0623016357421875 0.165786743164063
-0.066375732421875 0.15380859375 0.0425567626953125 0.187530517578125
0.0156707763671875 0.166580200195313 0.065216064453125 0.122283935546875
0.113616943359375 0.100723266601563 0.0801010131835938 0.0673904418945313
0.129714965820313 -0.00074005126953125 0.0516586303710938 0.0265159606933594
0.09368896484375 -0.0956039428710938 0.0259552001953125 0.0150814056396484
0.0300216674804688 -0.123176574707031 0.0171623229980469 0.0308952331542969
0.0196075439453125 -0.117027282714844 0.0171470642089844 0.0559577941894531
0.0171585083007812 -0.135002136230469 0.0137710571289063 0.0850448608398437
0.0482406616210937 -0.129470825195312 -0.0171661376953125 0.0863571166992187
0.108230590820313 -0.0825958251953125 -0.047698974609375 0.0801010131835938
0.134956359863281 -0.012237548828125 -0.0615692138671875 0.0331993103027344
0.0927276611328125 0.115196228027344 -0.0478553771972656 -0.0120201110839844
0.011810302734375 0.16925048828125 0.0177383422851563 0.0266647338867188
-0.06951904296875 0.148086547851563 -0.0315322875976563 0.138015747070313
-0.111160278320313 0.02874755859375 0.0282745361328125 0.188644409179688
-0.0869140625 0.0775909423828125 0.02423095703125 0.19720458984375
-0.0284194946289062 0.107940673828125 0.0503005981445313 0.116691589355469
0.0564422607421875 0.0856475830078125 0.04998779296875 0.0710220336914063
0.0857772827148438 0.0156784057617188 0.0257797241210938 0.0436935424804687
0.072998046875 -0.0590286254882812 0.0129241943359375 0.050628662109375
0.029815673828125 -0.0852432250976563 0.0198516845703125 0.0720291137695313
0.0194015502929687 -0.0831146240234375 0.0266799926757813 0.0925827026367188
0.0186614990234375 -0.0992507934570313 0.020050048828125 0.121902465820313
0.0421142578125 -0.0972366333007813 -0.0224533081054687 0.122138977050781
0.089630126953125 -0.059783935546875 -0.059722900390625 0.104339599609375
0.107398986816406 -9.918212890625E-05 -0.0759201049804688 0.0447998046875
0.05810546875 0.104583740234375 -0.0535697937011719 -0.00598526000976561
-0.0250701904296875 0.133079528808594 0.00916671752929687 0.0515861511230469
-0.0927505493164063 0.0889434814453125 -0.066802978515625 0.171493530273438
0.0828781127929687 0.00391387939453125 0.079071044921875 -0.1768798828125
0.0448837280273438 -0.0727386474609375 0.01812744140625 -0.0576896667480469
-0.0303878784179688 -0.065887451171875 0.0583229064941406 0.00763702392578125
-0.062255859375 -0.0167999267578125 0.108177185058594 -0.0436172485351562
-0.0529708862304688 0.0273094177246094 0.0784378051757813 -0.117683410644531
-0.0246009826660156 0.0576171875 0.0162506103515625 -0.160430908203125
-0.0138282775878906 0.0464439392089844 -0.031646728515625 -0.151260375976563
-0.0215072631835938 0.0364189147949219 -0.03729248046875 -0.118453979492188
-0.0298576354980469 0.039398193359375 -0.0266952514648438 -0.0952606201171875
-0.0464210510253906 0.0102920532226563 -0.015869140625 -0.0747451782226563
-0.0405387878417969 -0.0328330993652344 -0.0156478881835938 -0.0564804077148438
0.00172805786132813 -0.0560531616210938 -0.026702880859375 -0.0715408325195313
0.0662994384765625 -0.0402793884277344 -0.031494140625 -0.124412536621094
0.0970458984375 0.006378173828125 -0.0205841064453125 -0.189376831054688
0.0841751098632813 0.0530624389648438 0.001434326171875 -0.186325073242187
0.0674514770507813 0.0858917236328125 0.112335205078125 -0.160385131835938
0.069793701171875 -0.000965118408203125 0.0404586791992188 -0.0478515625
0.0209808349609375 -0.0218887329101563 0.07421875 0.0146865844726563
-0.00242424011230469 -0.0174655914306641 0.127891540527344 -0.042938232421875
-0.00983810424804688 -0.00307083129882813 0.0952911376953125 -0.120559692382813
-0.00560092926025391 0.00518798828125 0.026092529296875 -0.169754028320313
-0.0136623382568359 -0.0096120834350586 -0.0300445556640625 -0.161163330078125
-0.0171842575073242 -0.0157623291015625 -0.0393600463867187 -0.12274169921875
-0.0206375122070313 -0.0191230773925781 -0.0257720947265625 -0.0977859497070313
-0.0133323669433594 -0.038238525390625 -0.0126953125 -0.0792007446289063
0.0142021179199219 -0.05194091796875 -0.0136528015136719 -0.0505828857421875
0.0562667846679688 -0.0404472351074219 -0.0244178771972656 -0.0578422546386719
0.093231201171875 0.0190963745117188 -0.0394973754882812 -0.100372314453125
0.0985260009765625 0.0833816528320312 -0.02484130859375 -0.15838623046875
0.0651626586914063 0.126365661621094 0.0120849609375 -0.1529541015625
0.0359039306640625 0.15985107421875 0.136154174804688 -0.116912841796875
0.0777664184570313 0.0820846557617188 0.0620841979980469 -0.0184288024902344
0.0708465576171875 0.039459228515625 0.0899276733398438 0.0320510864257813
0.0652198791503906 -0.00582122802734375 0.144989013671875 -0.0304718017578125
0.0431747436523438 -0.0308990478515625 0.109336853027344 -0.109481811523438
0.0195732116699219 -0.0490150451660156 0.037139892578125 -0.1607666015625
-0.00992202758789063 -0.0649452209472656 -0.0218505859375 -0.152191162109375
-0.0106544494628906 -0.0661697387695313 -0.0349273681640625 -0.109390258789062
-0.0116424560546875 -0.0742950439453125 -0.022735595703125 -0.0814208984375
0.0125808715820312 -0.0836715698242188 -0.0146446228027344 -0.0649757385253906
0.0577316284179687 -0.0734786987304688 -0.0188827514648438 -0.033843994140625
0.100090026855469 -0.0368499755859375 -0.0294303894042969 -0.0390815734863281
0.117889404296875 0.0596160888671875 -0.0485000610351562 -0.0750350952148438
0.102828979492188 0.1376953125 -0.0256423950195313 -0.119873046875
0.046600341796875 0.177734375 0.0146026611328125 -0.102462768554688
-0.00827026367187498 0.209503173828125 0.143173217773438 -0.0486602783203125
0.0620880126953125 0.159088134765625 0.0767288208007813 0.0320510864257813
0.103477478027344 0.108932495117188 0.0999526977539063 0.0593032836914063
0.128067016601562 0.0198898315429687 0.151412963867188 -0.006439208984375
0.0978317260742188 -0.04693603515625 0.114509582519531 -0.081573486328125
0.0498123168945313 -0.0947494506835938 0.0460739135742188 -0.131622314453125
-0.00127410888671874 -0.110801696777344 -0.009918212890625 -0.122024536132812
-0.00299835205078126 -0.106292724609375 -0.0250930786132812 -0.0787200927734375
-0.00456237792968751 -0.119682312011719 -0.0155868530273438 -0.0487480163574219
0.0287628173828125 -0.120796203613281 -0.0158882141113281 -0.0364151000976563
0.0884170532226563 -0.0925140380859375 -0.0251350402832031 -0.00838470458984376
0.131149291992188 -0.039306640625 -0.0362281799316406 -0.0187759399414063
0.13531494140625 0.083587646484375 -0.0526809692382812 -0.0522384643554687
0.101394653320313 0.170669555664063 -0.0159530639648437 -0.0802841186523437
0.026031494140625 0.205642700195313 0.0138130187988281 -0.0416030883789062
-0.0550384521484375 0.221099853515625 0.131462097167969 0.0325164794921875
0.0242462158203125 0.205795288085938 0.07830810546875 0.0933380126953125
0.103302001953125 0.167449951171875 0.0974044799804688 0.0900039672851563
0.163803100585938 0.05645751953125 0.141098022460938 0.025177001953125
0.139129638671875 -0.0440597534179688 0.106124877929688 -0.0432586669921875
0.0770187377929688 -0.12060546875 0.0473403930664063 -0.0858688354492188
0.00920867919921874 -0.138946533203125 0.00250244140625 -0.0764312744140625
0.00410461425781249 -0.130317687988281 -0.0118141174316406 -0.0377388000488281
0.000915527343750002 -0.1474609375 -0.00635623931884766 -0.00483942031860352
0.0386199951171875 -0.143234252929688 -0.0166959762573242 0.0024881362915039
0.106941223144531 -0.104194641113281 -0.0310153961181641 0.0214576721191406
0.146835327148438 -0.038482666015625 -0.0435676574707031 0.000720977783203123
0.137603759765625 0.0992431640625 -0.05035400390625 -0.0349159240722656
0.0868072509765625 0.185379028320313 -0.000591278076171871 -0.0427665710449219
0.000656127929687517 0.20965576171875 0.00889015197753906 0.0229835510253906
-0.0930633544921875 0.189804077148438 0.101287841796875 0.109634399414063
-0.0233154296875 0.204833984375 0.0645904541015625 0.15045166015625
0.07080078125 0.191452026367188 0.0831451416015625 0.113746643066406
0.159332275390625 0.0879669189453125 0.114265441894531 0.0532989501953125
0.15106201171875 -0.0269927978515625 0.082977294921875 -0.00348663330078125
0.0926895141601562 -0.121665954589844 0.0397758483886719 -0.0334053039550781
0.0188140869140625 -0.143661499023438 0.0121536254882813 -0.0210323333740234
0.0103912353515625 -0.134811401367188 0.00389862060546875 0.00969409942626952
0.00691223144531249 -0.15313720703125 0.00554656982421875 0.0414695739746094
0.043487548828125 -0.14776611328125 -0.016387939453125 0.0456390380859375
0.112335205078125 -0.102012634277344 -0.0385475158691406 0.0528068542480469
0.14910888671875 -0.031005859375 -0.0523529052734375 0.018646240234375
0.1240234375 0.110633850097656 -0.0477752685546875 -0.0224075317382812
0.0562744140625 0.185867309570313 0.0143165588378906 -0.00769901275634765
-0.0325469970703125 0.190444946289062 -0.00490570068359375 0.0845489501953125
-0.111373901367188 0.121917724609375 0.0644683837890625 0.166488647460938
-0.0627593994140625 0.157623291015625 0.0428009033203125 0.188385009765625
0.02252197265625 0.1680908203125 0.0636978149414062 0.123832702636719
0.119186401367188 0.0980377197265625 0.0801162719726563 0.0696792602539063
0.130577087402344 -0.00527191162109375 0.0528068542480469 0.02734375
0.0904159545898438 -0.0997085571289063 0.0271835327148438 0.0148334503173828
0.0249099731445313 -0.1243896484375 0.0179481506347656 0.0310497283935547
0.0148468017578125 -0.118331909179688 0.0173873901367188 0.0556259155273437
0.0117263793945312 -0.136123657226563 0.0153350830078125 0.085174560546875
0.04315185546875 -0.131988525390625 -0.017608642578125 0.087677001953125
0.105697631835938 -0.0874862670898438 -0.0479736328125 0.0825347900390625
0.135459899902344 -0.0172042846679688 -0.0632133483886719 0.0339012145996094
0.0980453491210938 0.114212036132813 -0.0487174987792969 -0.0131607055664062
0.018646240234375 0.170089721679688 0.0181331634521484 0.0235443115234375
-0.0652923583984375 0.150726318359375 -0.029693603515625 0.136726379394531
-0.110176086425781 0.0338821411132813 0.030242919921875 0.191940307617188
-0.0846023559570313 0.0811004638671875 0.024871826171875 0.197998046875
-0.0237808227539062 0.110572814941406 0.0485382080078125 0.117347717285156
0.0607070922851563 0.0837326049804687 0.0502243041992188 0.0726699829101563
0.0861968994140625 0.0125350952148437 0.0274887084960938 0.0455093383789062
0.0701179504394531 -0.0623931884765625 0.0163726806640625 0.0508041381835937
0.0258865356445312 -0.0858001708984375 0.0217971801757812 0.0712661743164062
0.01605224609375 -0.0839157104492188 0.0282058715820312 0.0923614501953125
0.0145034790039062 -0.100738525390625 0.0225601196289063 0.121978759765625
0.0380172729492187 -0.09906005859375 -0.0211029052734375 0.124069213867188
0.0873031616210938 -0.0636978149414063 -0.0590667724609375 0.106513977050781
0.106781005859375 -0.00342559814453125 -0.0772247314453125 0.0454559326171875
0.0618209838867187 0.103462219238281 -0.0547866821289062 -0.00690841674804686
-0.019927978515625 0.134147644042969 0.0109977722167969 0.048675537109375
-0.0901641845703125 0.0907135009765625 -0.063934326171875 0.172821044921875
0.084228515625 0.001953125 0.07958984375 -0.184478759765625
0.0444183349609375 -0.07568359375 0.0177383422851563 -0.0592269897460938
-0.0329360961914062 -0.0659408569335938 0.0612373352050781 0.009552001953125
-0.0640335083007813 -0.0147972106933594 0.1119384765625 -0.0452499389648438
-0.0527839660644531 0.0306472778320313 0.0796432495117188 -0.12115478515625
-0.0220718383789063 0.0586166381835938 0.013427734375 -0.164840698242187
-0.0119361877441406 0.0470924377441406 -0.0356597900390625 -0.155014038085938
-0.0208778381347656 0.0384101867675781 -0.0414199829101562 -0.120101928710938
-0.0289955139160156 0.040863037109375 -0.0304718017578125 -0.0971832275390625
-0.0454292297363281 0.01202392578125 -0.0194015502929688 -0.0763626098632813
-0.0414009094238281 -0.0309829711914062 -0.0186996459960938 -0.0607719421386719
-0.000133514404296874 -0.0570182800292969 -0.0272979736328125 -0.0772552490234375
0.0658187866210938 -0.0427436828613281 -0.0311050415039062 -0.129173278808594
0.098419189453125 0.00389862060546875 -0.0213775634765625 -0.19512939453125
0.0870285034179688 0.0522842407226563 0.00019836425781252 -0.194442749023438
0.0700531005859375 0.0880050659179687 0.113235473632813 -0.168136596679688
0.0709152221679688 -0.001922607421875 0.0401878356933594 -0.0494728088378906
0.0222015380859375 -0.0220432281494141 0.0765380859375 0.0161590576171875
-0.00199508666992187 -0.0166988372802734 0.132354736328125 -0.0443267822265625
-0.00844335556030273 -0.00190591812133789 0.0969696044921875 -0.125045776367188
-0.00428533554077148 0.00385570526123047 0.02386474609375 -0.173828125
-0.0133028030395508 -0.010096549987793 -0.0351409912109375 -0.164688110351563
-0.0181732177734375 -0.0159873962402344 -0.0430450439453125 -0.124069213867187
-0.0206432342529297 -0.0201854705810547 -0.0303726196289063 -0.0990524291992188
-0.01416015625 -0.0380973815917969 -0.017913818359375 -0.0803680419921875
0.0135536193847656 -0.0521354675292969 -0.0177841186523438 -0.0545654296875
0.056976318359375 -0.0414390563964844 -0.0260734558105469 -0.0632057189941406
0.095428466796875 0.0179519653320313 -0.0393295288085938 -0.105506896972656
0.102622985839844 0.0837249755859375 -0.0255889892578125 -0.164535522460938
0.0682754516601563 0.129081726074219 0.011383056640625 -0.161575317382812
0.0387115478515625 0.16436767578125 0.138015747070313 -0.123199462890625
0.0799179077148438 0.0834121704101563 0.0618782043457031 -0.018096923828125
0.0747909545898438 0.0405197143554688 0.0923080444335938 0.0343780517578125
0.0682373046875 -0.006927490234375 0.148391723632813 -0.032073974609375
0.0454940795898438 -0.032196044921875 0.110740661621094 -0.113166809082031
0.020843505859375 -0.0518875122070313 0.0351104736328125 -0.165084838867187
-0.0102882385253906 -0.0672187805175781 -0.02655029296875 -0.155227661132813
-0.0120620727539062 -0.0684089660644531 -0.0395050048828125 -0.110313415527344
-0.01324462890625 -0.0773391723632813 -0.0270919799804688 -0.0821609497070313
0.0116424560546875 -0.0867919921875 -0.0196800231933594 -0.0667610168457031
0.058624267578125 -0.0763397216796875 -0.0229873657226563 -0.0367774963378906
0.102851867675781 -0.0392837524414063 -0.03125 -0.0439529418945313
0.123664855957031 0.0597686767578125 -0.0490341186523438 -0.0796127319335938
0.108856201171875 0.140838623046875 -0.0264358520507812 -0.125831604003906
0.0504150390625 0.18402099609375 0.0135726928710938 -0.109298706054687
-0.00477600097656248 0.216949462890625 0.146484375 -0.052703857421875
0.0673828125 0.163314819335938 0.076934814453125 0.0327606201171875
0.109756469726562 0.111167907714844 0.101570129394531 0.0623245239257813
0.133689880371094 0.0184707641601563 0.155502319335938 -0.006866455078125
0.100509643554688 -0.0488739013671875 0.116439819335937 -0.0837631225585937
0.0506439208984375 -0.0998306274414063 0.0455551147460938 -0.1343994140625
-0.00382232666015625 -0.113883972167969 -0.0134658813476562 -0.124427795410156
-0.00598144531249999 -0.109893798828125 -0.0285110473632813 -0.0800018310546875
-0.00799560546875001 -0.124122619628906 -0.0192680358886719 -0.0490875244140625
0.0267181396484375 -0.125900268554688 -0.0216598510742188 -0.03717041015625
0.08953857421875 -0.097808837890625 -0.0295467376708984 -0.0093975067138672
0.135162353515625 -0.0436859130859375 -0.0389785766601562 -0.0214385986328125
0.142822265625 0.0843658447265625 -0.0538825988769531 -0.0559730529785156
0.109268188476563 0.175338745117188 -0.016754150390625 -0.084869384765625
0.0301666259765625 0.21319580078125 0.0132522583007813 -0.0461235046386719
-0.0533905029296875 0.22979736328125 0.134162902832031 0.0321197509765625
0.0290069580078125 0.212677001953125 0.07952880859375 0.0953140258789063
0.111282348632813 0.172286987304688 0.0992507934570313 0.0937652587890625
0.171859741210937 0.0547943115234375 0.144515991210938 0.026611328125
0.14251708984375 -0.047637939453125 0.107955932617188 -0.044097900390625
0.0772933959960938 -0.126937866210938 0.048126220703125 -0.0887908935546875
0.00601196289062499 -0.14324951171875 0.000656127929687498 -0.0769424438476563
0.000633239746093754 -0.134078979492188 -0.0135688781738281 -0.0368995666503906
-0.00251770019531249 -0.152297973632813 -0.00777578353881836 -0.00466156005859376
0.0357818603515625 -0.148895263671875 -0.0207843780517578 0.00309371948242187
0.107673645019531 -0.111244201660156 -0.0358734130859375 0.0222511291503906
0.151779174804688 -0.0435791015625 -0.0464591979980469 -0.00033950805664063
0.146194458007813 0.101150512695313 -0.0526809692382812 -0.0380859375
0.0937957763671875 0.190673828125 -0.0010833740234375 -0.0458908081054687
0.003082275390625 0.216659545898438 0.008331298828125 0.0207920074462891
-0.0913543701171875 0.198379516601563 0.105018615722656 0.112716674804688
-0.0201873779296875 0.213287353515625 0.065948486328125 0.153793334960938
0.077880859375 0.196807861328125 0.0837936401367188 0.117965698242188
0.167800903320313 0.0870361328125 0.117156982421875 0.0566482543945313
0.1553955078125 -0.03082275390625 0.0839462280273438 -0.00342559814453125
0.0929794311523438 -0.12847900390625 0.0421028137207031 -0.0339317321777344
0.016815185546875 -0.1490478515625 0.0107192993164063 -0.0224514007568359
0.00677490234374999 -0.138046264648438 0.002960205078125 0.0109100341796875
0.00242614746093751 -0.157882690429688 0.00461959838867188 0.0434989929199219
0.0389251708984375 -0.1541748046875 -0.0196723937988281 0.0481643676757812
0.113235473632813 -0.110389709472656 -0.0420951843261719 0.0552978515625
0.154632568359375 -0.0357666015625 -0.0546417236328125 0.0190010070800781
0.132728576660156 0.112678527832031 -0.0498390197753906 -0.024749755859375
0.0644378662109375 0.19140625 0.0144462585449219 -0.0116596221923828
-0.0300140380859375 0.19683837890625 -0.00508880615234376 0.0851593017578125
-0.111770629882813 0.129585266113281 0.0666656494140625 0.171371459960938
-0.06097412109375 0.164413452148438 0.0440521240234375 0.193466186523438
0.0276031494140625 0.173553466796875 0.063690185546875 0.128074645996094
0.127098083496094 0.09783935546875 0.0814208984375 0.0739364624023438
0.133918762207031 -0.00804901123046875 0.0559577941894531 0.0295372009277344
0.090240478515625 -0.105712890625 0.0299911499023438 0.0156230926513672
0.0225143432617188 -0.128486633300781 0.0193023681640625 0.0309333801269531
0.0109100341796875 -0.121955871582031 0.0180282592773438 0.0574951171875
0.0074462890625 -0.140701293945313 0.0169219970703125 0.0877151489257812
0.040069580078125 -0.137443542480469 -0.01861572265625 0.0914840698242188
0.106513977050781 -0.094024658203125 -0.0495834350585937 0.0864486694335938
0.139495849609375 -0.021270751953125 -0.0658645629882812 0.0349159240722656
0.105819702148437 0.115791320800781 -0.0508003234863281 -0.0151710510253906
0.0248870849609375 0.175048828125 0.0195503234863281 0.0209827423095703
-0.064208984375 0.156295776367188 -0.02923583984375 0.139312744140625
-0.112602233886719 0.038818359375 0.0328521728515625 0.199188232421875
-0.0842819213867188 0.0864334106445312 0.0247650146484375 0.204299926757812
-0.0197906494140625 0.115371704101562 0.047332763671875 0.123161315917969
0.0656661987304688 0.0824356079101563 0.0517501831054688 0.0771713256835938
0.0892410278320313 0.0103836059570313 0.0297813415527344 0.0485992431640625
0.0694770812988281 -0.0667724609375 0.0193214416503906 0.0525856018066406
0.0230560302734375 -0.089447021484375 0.0242233276367188 0.0740966796875
0.0134811401367188 -0.0865402221679688 0.0308914184570313 0.0940170288085938
0.0114288330078125 -0.103439331054688 0.0251922607421875 0.124267578125
0.0348358154296875 -0.102867126464844 -0.021148681640625 0.128646850585938
0.0869979858398438 -0.06768798828125 -0.06036376953125 0.110870361328125
0.109916687011719 -0.00632476806640625 -0.0789718627929688 0.0478897094726562
0.0671005249023438 0.10565185546875 -0.0572395324707031 -0.00812911987304686
-0.0159072875976563 0.138534545898438 0.0118637084960937 0.0474853515625
-0.0903167724609375 0.0954132080078125 -0.063323974609375 0.177459716796875
0.08758544921875 -0.0015411376953125 0.076446533203125 -0.197341918945313
0.0424270629882813 -0.0800857543945313 0.0154647827148437 -0.0620384216308594
-0.0379371643066406 -0.0673255920410156 0.0649147033691406 0.00951385498046875
-0.0681114196777344 -0.0120582580566406 0.117683410644531 -0.0497970581054688
-0.0523262023925781 0.0354804992675781 0.0804977416992188 -0.129005432128906
-0.0184974670410156 0.0607795715332031 0.0097808837890625 -0.17205810546875
-0.00819015502929688 0.0488204956054688 -0.043243408203125 -0.160629272460938
-0.0193519592285156 0.04144287109375 -0.0480880737304688 -0.124099731445313
-0.0277175903320312 0.0435867309570313 -0.0367431640625 -0.100059509277344
-0.0457496643066406 0.01513671875 -0.02392578125 -0.0801544189453125
-0.0444984436035156 -0.0290107727050781 -0.0233955383300781 -0.0659980773925781
-0.00320053100585937 -0.0583534240722656 -0.0315399169921875 -0.0843963623046875
0.0662155151367188 -0.0477752685546875 -0.0329055786132812 -0.13641357421875
0.101829528808594 0.0001220703125 -0.02618408203125 -0.205032348632813
0.09222412109375 0.0514678955078125 -0.004364013671875 -0.2066650390625
0.0757522583007813 0.0890350341796875 0.1126708984375 -0.181228637695312
0.0745697021484375 -0.00380706787109375 0.0393753051757813 -0.0526123046875
0.0226783752441406 -0.0221786499023438 0.080474853515625 0.0171356201171875
-0.00252532958984375 -0.0168514251708984 0.137527465820313 -0.0491485595703125
-0.0080113410949707 -0.00171756744384766 0.0985870361328125 -0.131797790527344
-0.0027308464050293 0.00250935554504395 0.01934814453125 -0.182708740234375
-0.0128641128540039 -0.0113544464111328 -0.0422210693359375 -0.170852661132813
-0.0182666778564453 -0.0160884857177734 -0.0511932373046875 -0.127952575683594
-0.0221843719482422 -0.0209426879882813 -0.0372695922851563 -0.101181030273437
-0.015167236328125 -0.0401840209960938 -0.02410888671875 -0.0839996337890625
0.0134468078613281 -0.05389404296875 -0.0231475830078125 -0.0590438842773437
0.0584373474121094 -0.0445442199707031 -0.0290756225585938 -0.0694046020507812
0.0992279052734375 0.016632080078125 -0.0419692993164062 -0.112274169921875
0.109237670898438 0.0832672119140625 -0.0293121337890625 -0.173126220703125
0.0746994018554687 0.133354187011719 0.00762939453125 -0.173385620117188
0.046478271484375 0.170578002929688 0.140365600585938 -0.134963989257813
0.0869064331054688 0.0854034423828125 0.0629539489746094 -0.0206756591796875
0.0810699462890625 0.0410232543945313 0.0977249145507812 0.0356521606445312
0.0722122192382813 -0.009307861328125 0.155532836914063 -0.0353546142578125
0.0472908020019531 -0.0352439880371094 0.113319396972656 -0.119613647460938
0.0209732055664062 -0.0572433471679688 0.03167724609375 -0.173507690429688
-0.0123825073242187 -0.0711517333984375 -0.03399658203125 -0.160385131835938
-0.0151290893554687 -0.0706253051757813 -0.0460357666015625 -0.11236572265625
-0.0170440673828125 -0.081146240234375 -0.0330123901367188 -0.0835418701171875
0.00875854492187501 -0.0918121337890625 -0.0266914367675781 -0.0685997009277344
0.0586471557617188 -0.0818023681640625 -0.0290794372558594 -0.0396270751953125
0.107368469238281 -0.0449066162109375 -0.0353813171386719 -0.0485496520996094
0.131637573242188 0.0588455200195312 -0.0518646240234375 -0.0851058959960938
0.1192626953125 0.1435546875 -0.0302581787109375 -0.132850646972656
0.0576324462890625 0.191635131835937 0.0106735229492187 -0.119277954101562
0.00276184082031251 0.227096557617188 0.15106201171875 -0.06072998046875
0.075347900390625 0.1693115234375 0.0801315307617188 0.0333099365234375
0.120658874511719 0.113510131835938 0.106956481933594 0.0648574829101563
0.141494750976563 0.014556884765625 0.162307739257813 -0.00872802734375
0.104812622070313 -0.0552215576171875 0.119979858398438 -0.0903472900390625
0.0499038696289062 -0.107475280761719 0.0435028076171875 -0.14263916015625
-0.00845336914062501 -0.120399475097656 -0.0189590454101563 -0.129150390625
-0.0107879638671875 -0.115089416503906 -0.034210205078125 -0.0816268920898438
-0.01348876953125 -0.129730224609375 -0.0246620178222656 -0.0484123229980469
0.0224685668945312 -0.133193969726563 -0.0278167724609375 -0.0371360778808594
0.0904159545898437 -0.107452392578125 -0.0351943969726563 -0.0100822448730469
0.140762329101563 -0.05059814453125 -0.0426750183105469 -0.0250740051269531
0.153778076171875 0.0840606689453125 -0.0562362670898437 -0.0591468811035156
0.122299194335938 0.179550170898438 -0.0195846557617187 -0.090850830078125
0.037384033203125 0.223068237304688 0.01129150390625 -0.0533180236816406
-0.0473175048828125 0.243881225585938 0.141738891601563 0.0283355712890625
0.0381317138671875 0.22198486328125 0.0834274291992188 0.0988616943359375
0.12420654296875 0.176666259765625 0.103996276855469 0.0972366333007813
0.183425903320312 0.0512542724609375 0.1522216796875 0.0261077880859375
0.148574829101563 -0.0554656982421875 0.112648010253906 -0.0480270385742188
0.076904296875 -0.137687683105469 0.0485382080078125 -0.092529296875
0.000534057617187501 -0.15045166015625 -0.00334930419921876 -0.07989501953125
-0.00507354736328126 -0.140098571777344 -0.0175285339355469 -0.0365409851074219
-0.011138916015625 -0.159713745117187 -0.0108556747436523 -0.00311851501464845
0.0302581787109375 -0.158340454101562 -0.0257339477539062 0.00534820556640624
0.107894897460938 -0.122482299804688 -0.0397224426269531 0.023651123046875
0.157989501953125 -0.052581787109375 -0.0492286682128906 -0.00187301635742188
0.159866333007813 0.100204467773438 -0.0555839538574219 -0.0407638549804687
0.108612060546875 0.196044921875 -0.00216674804687499 -0.0514755249023437
0.0106048583984375 0.228561401367188 0.00834369659423828 0.0174760818481445
-0.088531494140625 0.213348388671875 0.113204956054688 0.114494323730469
-0.0127716064453125 0.224807739257813 0.0702972412109375 0.160614013671875
0.0917816162109375 0.203384399414063 0.088958740234375 0.124603271484375
0.180618286132813 0.0842437744140625 0.123100280761719 0.0573272705078125
0.161636352539063 -0.0391693115234375 0.0896148681640625 -0.0041961669921875
0.0926895141601563 -0.139015197753906 0.0431137084960938 -0.036041259765625
0.0105438232421875 -0.15576171875 0.0117263793945313 -0.0217514038085938
0.000793457031249994 -0.145828247070313 0.00168514251708984 0.0119171142578125
-0.00596618652343749 -0.16632080078125 0.00548553466796875 0.0458869934082031
0.0340423583984375 -0.162643432617188 -0.0213813781738281 0.0519447326660156
0.113922119140625 -0.121086120605469 -0.0454216003417969 0.0600128173828125
0.15966796875 -0.04443359375 -0.0577964782714844 0.0210762023925781
0.144805908203125 0.11285400390625 -0.0534515380859375 -0.02667236328125
0.07769775390625 0.198593139648438 0.0135889053344727 -0.0147085189819336
-0.0250091552734375 0.2086181640625 -0.00279998779296875 0.0862808227539063
-0.111541748046875 0.142486572265625 0.0756378173828125 0.178985595703125
-0.0569915771484375 0.175323486328125 0.0485076904296875 0.202728271484375
0.03790283203125 0.182113647460938 0.0674591064453125 0.134559631347656
0.139144897460938 0.0963363647460938 0.0863494873046875 0.0775527954101563
0.14117431640625 -0.014434814453125 0.0591049194335938 0.0306396484375
0.0897216796875 -0.115341186523438 0.0340480804443359 0.0152397155761719
0.0170745849609375 -0.135810852050781 0.0201644897460938 0.0323696136474609
0.00612640380859376 -0.127456665039063 0.020477294921875 0.0596961975097656
-0.000167846679687494 -0.14776611328125 0.019744873046875 0.091552734375
0.0335693359375 -0.145782470703125 -0.0186538696289062 0.0968170166015625
0.107719421386719 -0.104148864746094 -0.0504531860351562 0.0923309326171875
0.1453857421875 -0.029205322265625 -0.0687637329101563 0.0388336181640625
0.11700439453125 0.117195129394531 -0.0546112060546875 -0.0159034729003906
0.0356292724609375 0.182907104492188 0.02032470703125 0.0186290740966797
-0.06182861328125 0.166152954101563 -0.0263824462890625 0.145782470703125
-0.115219116210938 0.0471038818359375 0.0389556884765625 0.2100830078125
-0.0837326049804687 0.0946273803710938 0.029296875 0.215072631835938
-0.0139617919921875 0.121803283691406 0.0496902465820313 0.130157470703125
0.0745315551757813 0.0837631225585938 0.05633544921875 0.0830154418945313
0.0943374633789063 0.00586700439453125 0.034515380859375 0.0515098571777344
0.0688629150390625 -0.0736083984375 0.0237541198730469 0.0543785095214844
0.0191421508789063 -0.0931930541992188 0.0279083251953125 0.0754928588867188
0.00912475585937499 -0.0896148681640625 0.0342254638671875 0.0972061157226562
0.00518798828125001 -0.108299255371094 0.029693603515625 0.129989624023438
0.031036376953125 -0.10968017578125 -0.0187835693359375 0.136085510253906
0.088287353515625 -0.0763702392578125 -0.0613479614257813 0.119224548339844
0.1148681640625 -0.0120773315429688 -0.0830459594726562 0.051605224609375
0.0760421752929688 0.10772705078125 -0.0606651306152344 -0.00875854492187499
-0.00933837890624999 0.144454956054687 0.0141792297363281 0.0466461181640625
-0.0909194946289063 0.102203369140625 -0.0606231689453125 0.187957763671875
0.0904693603515625 -0.007293701171875 0.0678863525390625 -0.212326049804688
0.0384597778320312 -0.08642578125 0.0111427307128906 -0.06573486328125
-0.043548583984375 -0.0657920837402344 0.0686492919921875 0.008392333984375
-0.0710067749023438 -0.00637817382812499 0.121238708496094 -0.0580368041992188
-0.0515708923339844 0.0399627685546875 0.0779953002929688 -0.138984680175781
-0.0143852233886719 0.0638427734375 0.000457763671875011 -0.180267333984375
-0.0039825439453125 0.0501632690429688 -0.0550689697265625 -0.165069580078125
-0.0162773132324219 0.0444221496582031 -0.0586700439453125 -0.125984191894531
-0.0244636535644531 0.0467987060546875 -0.0449142456054687 -0.101325988769531
-0.0451011657714844 0.0195350646972656 -0.0317916870117187 -0.0816116333007813
-0.0471305847167969 -0.0256195068359375 -0.0305595397949219 -0.0697708129882813
-0.00733184814453124 -0.0603370666503906 -0.0379486083984375 -0.089874267578125
0.0636940002441406 -0.0537223815917969 -0.03985595703125 -0.142593383789063
0.104522705078125 -0.0067138671875 -0.036468505859375 -0.214279174804688
0.09942626953125 0.0475616455078125 -0.015625 -0.218734741210938
0.0835342407226563 0.0891494750976563 0.106979370117187 -0.19781494140625
0.0761947631835938 -0.00859832763671875 0.03668212890625 -0.0566024780273438
0.0222606658935547 -0.0232906341552734 0.0856170654296875 0.0158462524414063
-0.00298595428466797 -0.0160760879516602 0.1424560546875 -0.057586669921875
-0.00670671463012695 -0.00165367126464844 0.0959320068359375 -0.142868041992188
-0.000877499580383301 0.00157546997070313 0.0093536376953125 -0.19195556640625
-0.0128173828125 -0.0117578506469727 -0.055328369140625 -0.175018310546875
-0.0192050933837891 -0.0157604217529297 -0.0614013671875 -0.128875732421875
-0.0236034393310547 -0.0209426879882813 -0.046356201171875 -0.102386474609375
-0.0171165466308594 -0.04071044921875 -0.032806396484375 -0.0854263305664063
0.0113296508789062 -0.0558967590332031 -0.0303688049316406 -0.0621719360351563
0.0576248168945313 -0.0495643615722656 -0.0349807739257812 -0.0749664306640625
0.104026794433594 0.010589599609375 -0.04754638671875 -0.1170654296875
0.118125915527344 0.0803298950195313 -0.03863525390625 -0.181655883789063
0.0860443115234375 0.135124206542969 -0.00166320800781249 -0.185256958007813
0.05804443359375 0.176055908203125 0.137985229492188 -0.150192260742188
0.0952835083007813 0.083587646484375 0.0626602172851563 -0.0245437622070313
0.0871505737304688 0.0384063720703125 0.102561950683594 0.0348052978515625
0.0763168334960938 -0.0133438110351563 0.161270141601563 -0.0449371337890625
0.0486984252929688 -0.0395889282226563 0.113059997558594 -0.130180358886719
0.0192985534667969 -0.0626792907714844 0.0233154296875 -0.182403564453125
-0.0170211791992188 -0.0738601684570313 -0.0456390380859375 -0.164810180664062
-0.0195465087890625 -0.0727310180664063 -0.055816650390625 -0.113166809082031
-0.0233612060546875 -0.0842132568359375 -0.0418472290039062 -0.0837783813476563
0.0030059814453125 -0.09674072265625 -0.0356864929199219 -0.068878173828125
0.056884765625 -0.08917236328125 -0.0364227294921875 -0.0418281555175781
0.109909057617188 -0.053436279296875 -0.0402679443359375 -0.0530204772949219
0.141433715820312 0.053375244140625 -0.0567550659179688 -0.0891036987304688
0.133056640625 0.142181396484375 -0.0375823974609375 -0.139015197753906
0.0718536376953125 0.197357177734375 0.00390625 -0.129249572753906
0.016082763671875 0.23883056640625 0.1531982421875 -0.0740814208984375
0.08929443359375 0.17181396484375 0.0833511352539063 0.0304718017578125
0.134246826171875 0.111808776855469 0.114036560058594 0.0650634765625
0.150466918945313 0.0064849853515625 0.16912841796875 -0.0169677734375
0.107795715332031 -0.0644149780273437 0.121315002441406 -0.099761962890625
0.0455322265625 -0.117233276367187 0.0377655029296875 -0.150222778320313
-0.0157394409179688 -0.125144958496094 -0.0289764404296875 -0.133155822753906
-0.0185470581054687 -0.119331359863281 -0.0418777465820313 -0.0809326171875
-0.023590087890625 -0.135269165039063 -0.0295906066894531 -0.0479545593261719
0.01446533203125 -0.141403198242188 -0.0351028442382812 -0.0362434387207031
0.087982177734375 -0.118331909179687 -0.0408668518066406 -0.00990676879882814
0.145034790039063 -0.06304931640625 -0.0471878051757812 -0.0270347595214844
0.168304443359375 0.07781982421875 -0.0610809326171875 -0.0621986389160156
0.139297485351563 0.179534912109375 -0.0247879028320312 -0.096710205078125
0.0524749755859375 0.231491088867188 0.00812530517578126 -0.0601387023925781
-0.033966064453125 0.259765625 0.14886474609375 0.020843505859375
0.054046630859375 0.229461669921875 0.091156005859375 0.099578857421875
0.143218994140625 0.177322387695313 0.112068176269531 0.0999298095703125
0.195770263671875 0.04156494140625 0.159408569335938 0.0208740234375
0.153045654296875 -0.0680389404296875 0.115425109863281 -0.054931640625
0.0711517333984375 -0.150405883789063 0.0464935302734375 -0.0993270874023438
-0.00828552246093751 -0.157180786132812 -0.009033203125 -0.0831222534179688
-0.01470947265625 -0.147079467773438 -0.0213546752929687 -0.0362625122070313
-0.02288818359375 -0.16644287109375 -0.0125265121459961 -0.00184345245361329
0.0194244384765625 -0.168624877929688 -0.0293731689453125 0.00823593139648437
0.105155944824219 -0.13555908203125 -0.0432205200195313 0.0280647277832031
0.162689208984375 -0.0661773681640625 -0.0531883239746094 -0.000782012939453134
0.1754150390625 0.0938262939453125 -0.0595893859863281 -0.0423469543457031
0.127777099609375 0.197921752929688 -0.00533676147460937 -0.0566215515136719
0.0250244140625 0.238983154296875 0.0084381103515625 0.014887809753418
-0.078460693359375 0.230194091796875 0.124397277832031 0.11370849609375
0.00166320800781252 0.235885620117188 0.08062744140625 0.164596557617188
0.109603881835938 0.2078857421875 0.0966644287109375 0.126937866210938
0.195419311523438 0.0758056640625 0.131462097167969 0.055877685546875
0.166549682617188 -0.0510711669921875 0.0937652587890625 -0.00742340087890625
0.0865936279296875 -0.153030395507813 0.04498291015625 -0.0405197143554688
0.000534057617187483 -0.163543701171875 0.0092620849609375 -0.0247097015380859
-0.00843811035156249 -0.1519775390625 0.00139141082763672 0.0132570266723633
-0.01849365234375 -0.173385620117188 0.00754928588867187 0.0488166809082031
0.0222320556640625 -0.173004150390625 -0.0219764709472656 0.0579948425292969
0.110458374023437 -0.134635925292969 -0.0451736450195312 0.065948486328125
0.16497802734375 -0.0582275390625 -0.0603981018066406 0.0230445861816406
0.162063598632812 0.107528686523437 -0.0574684143066406 -0.0274238586425781
0.0961761474609375 0.201309204101563 0.0140132904052734 -0.0194473266601562
-0.0135345458984375 0.22052001953125 0.00136566162109375 0.088134765625
-0.107177734375 0.158111572265625 0.0882110595703125 0.183792114257813
-0.047821044921875 0.188308715820313 0.0599517822265625 0.209503173828125
0.0531005859375 0.1876220703125 0.0748977661132813 0.140235900878906
0.152084350585938 0.0901947021484375 0.0940399169921875 0.0781478881835938
0.146804809570313 -0.0261383056640625 0.0648155212402344 0.0301322937011719
0.0847702026367188 -0.127632141113281 0.0376472473144531 0.0151023864746094
0.00778198242187499 -0.1424560546875 0.0234661102294922 0.0324840545654297
-0.00260925292968751 -0.133094787597656 0.0235061645507813 0.0608291625976562
-0.011260986328125 -0.15460205078125 0.0259780883789063 0.0952682495117187
0.0241241455078125 -0.154815673828125 -0.0149993896484375 0.104171752929687
0.104843139648438 -0.117530822753906 -0.0490036010742187 0.0998458862304688
0.150299072265625 -0.041168212890625 -0.0702362060546875 0.0437202453613281
0.131912231445313 0.114219665527344 -0.0589942932128906 -0.0163383483886719
0.050994873046875 0.186996459960938 0.0220546722412109 0.0149497985839844
-0.0547027587890625 0.178024291992188 -0.01922607421875 0.152008056640625
-0.115798950195313 0.058135986328125 0.0526275634765625 0.219955444335938
-0.0800552368164063 0.105873107910156 0.0404815673828125 0.224700927734375
-0.00533294677734375 0.127578735351563 0.0568695068359375 0.135475158691406
0.0843658447265625 0.0807113647460938 0.0623397827148438 0.086090087890625
0.0984573364257813 -0.00070953369140625 0.0400428771972656 0.0533180236816406
0.0659027099609375 -0.0821990966796875 0.0302543640136719 0.0555343627929687
0.012481689453125 -0.0979080200195313 0.034576416015625 0.0765533447265625
0.00260162353515625 -0.0943450927734375 0.0408477783203125 0.0990829467773438
-0.00228118896484375 -0.112739562988281 0.0393753051757813 0.133804321289063
0.0238418579101562 -0.115409851074219 -0.011871337890625 0.144454956054688
0.0865707397460938 -0.0859603881835938 -0.0565261840820312 0.128662109375
0.119400024414063 -0.0206069946289063 -0.0848236083984375 0.0589752197265625
0.0873489379882813 0.106735229492188 -0.0650787353515625 -0.00780868530273436
0.0011444091796875 0.1505126953125 0.0173454284667969 0.0447845458984375
-0.0884017944335938 0.11163330078125 -0.0523223876953125 0.198348999023438
0.0915145874023438 -0.01513671875 0.0518035888671875 -0.2227783203125
0.0317459106445312 -0.0908584594726563 0.00567245483398438 -0.0674285888671875
-0.0498542785644531 -0.0630874633789063 0.071014404296875 0.00543975830078125
-0.0723876953125 -0.000434875488281248 0.122573852539063 -0.066314697265625
-0.0476264953613281 0.0448074340820313 0.0716094970703125 -0.147323608398438
-0.009490966796875 0.0658950805664063 -0.0123138427734375 -0.184036254882813
-0.000114440917968755 0.0503158569335938 -0.069183349609375 -0.164108276367188
-0.011505126953125 0.0464057922363281 -0.0691146850585938 -0.124168395996094
-0.0204544067382812 0.0486907958984375 -0.053741455078125 -0.0996856689453125
-0.0439453125 0.0239791870117188 -0.0400314331054688 -0.0794296264648438
-0.048614501953125 -0.0206260681152344 -0.0387344360351562 -0.0715866088867188
-0.0125770568847656 -0.0596923828125 -0.0459442138671875 -0.0927734375
0.0588493347167969 -0.0596733093261719 -0.0480804443359375 -0.144866943359375
0.104141235351563 -0.0150985717773438 -0.0501708984375 -0.216293334960938
0.103340148925781 0.0400009155273438 -0.0301055908203125 -0.225616455078125
0.0894012451171875 0.084716796875 0.095245361328125 -0.211700439453125
0.0756149291992188 -0.0141983032226563 0.0324211120605469 -0.0610923767089844
0.0209522247314453 -0.0244369506835938 0.088714599609375 0.0127105712890625
-0.00262355804443359 -0.0148439407348633 0.141983032226563 -0.0684051513671875
-0.00580978393554688 -0.0010075569152832 0.0897979736328125 -0.152130126953125
-0.00106418132781982 -0.000382006168365478 -0.0040130615234375 -0.195648193359375
-0.0138540267944336 -0.0127420425415039 -0.06951904296875 -0.174240112304688
-0.0200366973876953 -0.0150775909423828 -0.0727157592773437 -0.125137329101563
-0.0249614715576172 -0.0201492309570312 -0.056396484375 -0.101799011230469
-0.0203742980957031 -0.0406265258789063 -0.0420150756835937 -0.085662841796875
0.00765228271484375 -0.057342529296875 -0.0374183654785156 -0.0637474060058594
0.0552597045898438 -0.0551872253417969 -0.0427703857421875 -0.0786285400390625
0.106849670410156 0.0040740966796875 -0.0545806884765625 -0.118904113769531
0.12591552734375 0.0728912353515625 -0.0502471923828125 -0.184555053710938
0.0967864990234375 0.132766723632813 -0.0150604248046875 -0.19268798828125
0.07208251953125 0.176101684570313 0.129974365234375 -0.165863037109375
0.103004455566406 0.0774765014648437 0.0608711242675781 -0.02935791015625
0.09344482421875 0.0337371826171875 0.106948852539063 0.0306854248046875
0.0784225463867187 -0.0190505981445313 0.163253784179688 -0.0551910400390625
0.0484046936035156 -0.0438156127929688 0.107040405273438 -0.140594482421875
0.0159034729003906 -0.067474365234375 0.0110626220703125 -0.187271118164063
-0.0224075317382813 -0.07550048828125 -0.0601043701171875 -0.162445068359375
-0.024871826171875 -0.0744552612304688 -0.0665512084960937 -0.110069274902344
-0.0303115844726563 -0.0850906372070312 -0.050201416015625 -0.081298828125
-0.00437927246093749 -0.0997467041015625 -0.0440330505371094 -0.0664482116699219
0.0525054931640625 -0.0958938598632813 -0.0425376892089844 -0.0406646728515625
0.108108520507813 -0.064056396484375 -0.04632568359375 -0.0557937622070313
0.149642944335938 0.043487548828125 -0.0628433227539063 -0.0905075073242187
0.146682739257813 0.136138916015625 -0.0458831787109375 -0.143386840820313
0.086151123046875 0.196929931640625 -0.00563049316406251 -0.136512756347656
0.03326416015625 0.243988037109375 0.150436401367188 -0.0874481201171875
0.102828979492188 0.16802978515625 0.0858306884765625 0.0254135131835938
0.1461181640625 0.105224609375 0.119400024414063 0.0612030029296875
0.155990600585938 -0.0050048828125 0.172683715820313 -0.0270538330078125
0.105209350585938 -0.0740280151367188 0.1177978515625 -0.108856201171875
0.0372314453125 -0.125289916992188 0.027679443359375 -0.155715942382813
-0.023681640625 -0.127738952636719 -0.0399932861328125 -0.131927490234375
-0.02752685546875 -0.120582580566406 -0.0489959716796875 -0.078582763671875
-0.0354537963867188 -0.137779235839844 -0.0349578857421875 -0.0460014343261719
0.0014801025390625 -0.146224975585938 -0.0418891906738281 -0.0323829650878906
0.0805816650390625 -0.129302978515625 -0.0459976196289062 -0.00694656372070314
0.144851684570313 -0.076263427734375 -0.051055908203125 -0.0279464721679688
0.178009033203125 0.066650390625 -0.0648727416992187 -0.0636520385742188
0.15673828125 0.173309326171875 -0.030975341796875 -0.0992202758789062
0.0704498291015625 0.233840942382813 0.00202941894531251 -0.0655326843261718
-0.0143890380859375 0.268356323242188 0.154022216796875 0.00895690917968752
0.0729522705078125 0.228424072265625 0.0971832275390625 0.0958404541015625
0.160247802734375 0.168746948242188 0.120758056640625 0.0973052978515625
0.205047607421875 0.0258331298828125 0.164718627929688 0.01300048828125
0.151016235351563 -0.08087158203125 0.113906860351563 -0.0630722045898438
0.060577392578125 -0.160507202148438 0.0400848388671875 -0.103988647460938
-0.0211029052734375 -0.161087036132813 -0.016387939453125 -0.0825881958007813
-0.0259857177734375 -0.147933959960937 -0.0260429382324219 -0.0339851379394531
-0.03936767578125 -0.167861938476563 -0.0137081146240234 -0.000192642211914071
0.006256103515625 -0.172958374023438 -0.0328140258789063 0.0121746063232422
0.0970306396484375 -0.148666381835938 -0.0447959899902344 0.0325889587402344
0.163558959960938 -0.08221435546875 -0.0565147399902344 0.00120925903320311
0.187850952148438 0.082977294921875 -0.064849853515625 -0.0407752990722656
0.147308349609375 0.191802978515625 -0.00986480712890624 -0.0601921081542969
0.0427703857421875 0.245407104492188 0.00922393798828125 0.0119476318359375
-0.0610198974609375 0.241806030273438 0.133773803710938 0.104812622070313
0.0207061767578125 0.240142822265625 0.0914154052734375 0.16363525390625
0.128372192382813 0.203277587890625 0.105476379394531 0.126487731933594
0.20611572265625 0.0605926513671875 0.138412475585938 0.050018310546875
0.16717529296875 -0.0667724609375 0.0966720581054688 -0.0120315551757813
0.0757293701171875 -0.163970947265625 0.0457916259765625 -0.044097900390625
-0.0126190185546875 -0.166656494140625 0.00687408447265625 -0.025320053100586
-0.0211334228515625 -0.154754638671875 0.00184345245361328 0.0147027969360351
-0.0331878662109375 -0.175064086914062 0.00991439819335938 0.0496444702148437
0.009033203125 -0.178268432617188 -0.0219879150390625 0.0615158081054687
0.101272583007813 -0.148513793945313 -0.042327880859375 0.0714187622070312
0.1654052734375 -0.0740509033203125 -0.0616378784179688 0.0247459411621094
0.17578125 0.096405029296875 -0.0622406005859375 -0.0272216796875
0.115371704101562 0.19732666015625 0.0120525360107422 -0.0233001708984375
0.00379943847656251 0.227615356445312 0.00648498535156249 0.0873794555664063
-0.095611572265625 0.170654296875 0.103897094726563 0.182907104492188
-0.0332183837890625 0.19549560546875 0.074127197265625 0.210418701171875
0.069793701171875 0.18878173828125 0.083099365234375 0.140205383300781
0.16326904296875 0.0790863037109375 0.100395202636719 0.076934814453125
0.147232055664063 -0.0388641357421875 0.0691604614257813 0.0275917053222656
0.0751724243164062 -0.137603759765625 0.0408821105957031 0.0114097595214844
-0.0027923583984375 -0.145355224609375 0.0263614654541016 0.0308456420898437
-0.0139007568359375 -0.136993408203125 0.0271530151367188 0.0605926513671875
-0.0240631103515625 -0.156585693359375 0.0335693359375 0.09600830078125
0.0109710693359375 -0.158645629882813 -0.00952911376953126 0.108123779296875
0.0964508056640625 -0.128768920898438 -0.0435867309570312 0.106742858886719
0.150604248046875 -0.056060791015625 -0.0703277587890625 0.0474929809570313
0.145034790039063 0.105636596679688 -0.0620918273925781 -0.0132637023925781
0.06756591796875 0.18707275390625 0.0232467651367188 0.0120983123779297
-0.0419921875 0.186294555664063 -0.00914001464843749 0.155227661132813
-0.111557006835937 0.0699539184570313 0.0683746337890625 0.22418212890625
-0.0728530883789063 0.112220764160156 0.05474853515625 0.228683471679688
0.00518798828125001 0.131393432617188 0.0647354125976562 0.137657165527344
0.0926055908203125 0.074188232421875 0.0679244995117188 0.0870361328125
0.099151611328125 -0.0100555419921875 0.0458221435546875 0.0533027648925781
0.0608444213867188 -0.0907974243164063 0.036285400390625 0.0521087646484375
0.0052490234375 -0.100875854492187 0.0417709350585937 0.0764541625976563
-0.00478363037109374 -0.0967559814453125 0.04840087890625 0.09844970703125
-0.0127487182617187 -0.11529541015625 0.049163818359375 0.13336181640625
0.0125350952148438 -0.119422912597656 -0.00209045410156251 0.148468017578125
0.0802459716796875 -0.0957870483398438 -0.0504074096679688 0.135902404785156
0.121002197265625 -0.0304107666015625 -0.0828094482421875 0.0652313232421875
0.0988693237304687 0.100296020507812 -0.0692138671875 -0.00503921508789063
0.0143890380859375 0.152374267578125 0.02081298828125 0.0427017211914063
-0.0814208984375 0.120353698730469 -0.03851318359375 0.205856323242187
0.0865478515625 -0.0210800170898438 0.0354156494140625 -0.224990844726563
0.02484130859375 -0.0923385620117188 0.0012054443359375 -0.0651321411132813
-0.0517616271972656 -0.0572433471679688 0.07196044921875 0.00373077392578125
-0.0703582763671875 0.00618743896484375 0.11981201171875 -0.0753250122070313
-0.042877197265625 0.0470314025878906 0.061737060546875 -0.150863647460938
-0.00463485717773438 0.0647315979003906 -0.024200439453125 -0.180770874023438
0.00322341918945312 0.0469932556152344 -0.078582763671875 -0.159271240234375
-0.00804519653320312 0.0463104248046875 -0.07501220703125 -0.118011474609375
-0.0164108276367188 0.049560546875 -0.0604782104492188 -0.0942916870117187
-0.041015625 0.0274925231933594 -0.0461349487304688 -0.0764617919921875
-0.047576904296875 -0.0159683227539062 -0.0439834594726563 -0.0703811645507813
-0.015228271484375 -0.0571556091308594 -0.05303955078125 -0.0905914306640625
0.0537033081054687 -0.0611038208007812 -0.0523681640625 -0.142654418945313
0.101737976074219 -0.0208892822265625 -0.0608978271484375 -0.21441650390625
0.106338500976562 0.0359420776367188 -0.042938232421875 -0.222686767578125
0.0971221923828125 0.0779037475585938 0.0782318115234375 -0.217849731445313
0.0730514526367188 -0.0184555053710938 0.0239524841308594 -0.0616645812988281
0.0186767578125 -0.0266647338867188 0.0902252197265625 0.0084075927734375
-0.00339698791503906 -0.0147733688354492 0.141036987304688 -0.0768280029296875
-0.00457763671875 -0.000343799591064453 0.0818939208984375 -0.156997680664062
0.000608921051025391 -0.00132930278778076 -0.0134124755859375 -0.195114135742188
-0.0129280090332031 -0.0153026580810547 -0.0811920166015625 -0.16973876953125
-0.0203533172607422 -0.0136375427246094 -0.0811767578125 -0.118995666503906
-0.0261306762695313 -0.0175933837890625 -0.0637893676757813 -0.093902587890625
-0.0222053527832031 -0.0384368896484375 -0.0482101440429688 -0.0806808471679688
0.00496292114257813 -0.0579490661621094 -0.0459403991699219 -0.0619697570800781
0.0510673522949219 -0.058013916015625 -0.0495376586914063 -0.0791473388671875
0.107475280761719 -0.0009002685546875 -0.0611648559570313 -0.117218017578125
0.12823486328125 0.065826416015625 -0.059906005859375 -0.182907104492187
0.103561401367188 0.126457214355469 -0.02569580078125 -0.193374633789063
0.0821380615234375 0.172836303710938 0.117874145507813 -0.175140380859375
0.107566833496094 0.0706329345703125 0.0570030212402344 -0.0316619873046875
0.0942306518554688 0.028106689453125 0.110084533691406 0.0276947021484375
0.0775909423828125 -0.0239181518554688 0.158233642578125 -0.062530517578125
0.0482101440429688 -0.0488204956054688 0.0995635986328125 -0.145858764648438
0.0103073120117188 -0.0702743530273438 -0.00102233886718749 -0.187850952148438
-0.0268020629882813 -0.0754013061523438 -0.0703125 -0.159622192382812
-0.030181884765625 -0.072540283203125 -0.073760986328125 -0.105842590332031
-0.0343704223632813 -0.0821380615234375 -0.0552444458007813 -0.0770187377929687
-0.0102386474609375 -0.0996627807617187 -0.05181884765625 -0.0633049011230469
0.0477676391601563 -0.097564697265625 -0.0477256774902344 -0.0374908447265625
0.10687255859375 -0.0701141357421875 -0.0502815246582031 -0.0569801330566406
0.150238037109375 0.0359039306640625 -0.066375732421875 -0.0900115966796875
0.154556274414062 0.125732421875 -0.0532379150390625 -0.140701293945313
0.0990447998046875 0.195297241210938 -0.014373779296875 -0.138267517089844
0.04815673828125 0.239166259765625 0.144760131835938 -0.0980682373046875
0.113006591796875 0.1611328125 0.0862960815429688 0.0202102661132813
0.151901245117188 0.0969085693359375 0.123863220214844 0.0579071044921875
0.156036376953125 -0.0163116455078125 0.17047119140625 -0.034454345703125
0.104141235351562 -0.0820541381835938 0.114570617675781 -0.113998413085938
0.0273513793945312 -0.131179809570313 0.018524169921875 -0.15667724609375
-0.0333786010742188 -0.127655029296875 -0.0485610961914062 -0.12646484375
-0.0344772338867187 -0.122039794921875 -0.0528030395507812 -0.0741424560546875
-0.0471420288085938 -0.1368408203125 -0.0388336181640625 -0.0405921936035156
-0.0091552734375 -0.146530151367188 -0.0447158813476562 -0.0265464782714844
0.0740127563476563 -0.134780883789063 -0.0466346740722656 -0.00458908081054689
0.1402587890625 -0.0851593017578125 -0.0568008422851562 -0.0275611877441406
0.182281494140625 0.0552825927734375 -0.0676422119140625 -0.0620841979980469
0.17034912109375 0.163619995117188 -0.0380096435546875 -0.0987319946289062
0.0835418701171875 0.232376098632813 -0.00332260131835937 -0.0665206909179687
0.00506591796875001 0.268096923828125 0.154052734375 7.62939453125164E-05
0.0865478515625 0.223175048828125 0.101547241210938 0.0874481201171875
0.172866821289063 0.159515380859375 0.125106811523437 0.0936203002929687
0.20599365234375 0.0156402587890625 0.166763305664063 0.0029144287109375
0.14349365234375 -0.09356689453125 0.109260559082031 -0.0665740966796875
0.0485992431640625 -0.165634155273438 0.0351104736328125 -0.105903625488281
-0.03289794921875 -0.160125732421875 -0.022705078125 -0.082000732421875
-0.036529541015625 -0.147720336914063 -0.0270919799804688 -0.0321292877197266
-0.0511322021484375 -0.165481567382813 -0.0142040252685547 0.00250530242919921
-0.007354736328125 -0.176223754882813 -0.0350303649902344 0.0159263610839844
0.0878143310546875 -0.155990600585938 -0.0449867248535156 0.0337486267089844
0.160552978515625 -0.0940399169921875 -0.0571861267089844 0.00154495239257811
0.194381713867187 0.068878173828125 -0.066070556640625 -0.0416221618652344
0.1593017578125 0.179428100585938 -0.0130538940429687 -0.0619850158691406
0.057159423828125 0.241439819335938 0.00700759887695313 0.00740051269531251
-0.045623779296875 0.244674682617188 0.140975952148438 0.0982513427734375
0.0346832275390625 0.237503051757813 0.0996551513671875 0.156387329101563
0.142242431640625 0.19549560546875 0.110260009765625 0.124221801757813
0.2076416015625 0.0471954345703125 0.1414794921875 0.0452423095703125
0.164703369140625 -0.0735015869140625 0.0938186645507813 -0.0162277221679688
0.0654449462890625 -0.170364379882813 0.0405731201171875 -0.045135498046875
-0.0251617431640625 -0.166641235351562 0.00678634643554687 -0.0271549224853516
-0.032318115234375 -0.155838012695313 0.00043392181396484 0.0166959762573242
-0.045867919921875 -0.169143676757813 0.0134849548339844 0.0486297607421875
-0.0058135986328125 -0.174758911132813 -0.016326904296875 0.0658073425292969
0.0915069580078125 -0.155914306640625 -0.0408172607421875 0.0730514526367188
0.1612548828125 -0.08343505859375 -0.0628662109375 0.0288505554199219
0.184738159179687 0.0833740234375 -0.060577392578125 -0.0266075134277344
0.127334594726563 0.1893310546875 0.00870895385742188 -0.026193618774414
0.0160369873046875 0.2265625 0.00981140136718751 0.084381103515625
-0.0822296142578125 0.175003051757812 0.11541748046875 0.17645263671875
-0.0173187255859375 0.196319580078125 0.084320068359375 0.20745849609375
0.0815277099609375 0.182388305664063 0.0892105102539062 0.137245178222656
0.169265747070313 0.067108154296875 0.105758666992188 0.0713577270507813
0.144332885742188 -0.0518035888671875 0.0728225708007813 0.02392578125
0.066864013671875 -0.141525268554688 0.0465354919433594 0.00860214233398437
-0.0143280029296875 -0.145904541015625 0.0278415679931641 0.0309028625488281
-0.0230712890625 -0.132316589355469 0.0319480895996094 0.0585136413574219
-0.0357513427734375 -0.152999877929688 0.0385208129882812 0.0923004150390625
0.000564575195312516 -0.156982421875 -0.002410888671875 0.10821533203125
0.0877838134765625 -0.139114379882813 -0.0397262573242188 0.111480712890625
0.148956298828125 -0.066741943359375 -0.0679168701171875 0.050140380859375
0.151947021484375 0.095428466796875 -0.065155029296875 -0.0116767883300781
0.081787109375 0.179214477539063 0.0234203338623047 0.00775909423828126
-0.031219482421875 0.189056396484375 -0.0027923583984375 0.152664184570313
-0.105690002441406 0.07763671875 0.0829010009765625 0.220138549804688
-0.064666748046875 0.116935729980469 0.06463623046875 0.226181030273437
0.0149917602539063 0.132568359375 0.072418212890625 0.136016845703125
0.0988082885742187 0.0646591186523438 0.0730667114257813 0.0872344970703125
0.10162353515625 -0.016021728515625 0.0508155822753906 0.0509872436523438
0.0542373657226563 -0.0938186645507812 0.041778564453125 0.0531044006347656
-0.00138092041015624 -0.099090576171875 0.0486068725585938 0.0729827880859375
-0.012115478515625 -0.0951690673828125 0.0564041137695313 0.0961227416992188
-0.0236892700195313 -0.113960266113281 0.0574188232421875 0.130470275878906
0.00475311279296876 -0.121353149414062 0.00677490234375 0.14813232421875
0.0715789794921875 -0.10162353515625 -0.041046142578125 0.136184692382813
0.115180969238281 -0.0401840209960937 -0.0785751342773437 0.0707855224609375
0.107452392578125 0.0931472778320313 -0.06640625 -0.00395965576171874
0.02435302734375 0.148818969726563 0.021697998046875 0.0388031005859375
-0.0736618041992187 0.125556945800781 -0.0247039794921875 0.20623779296875
0.0855941772460938 -0.0246429443359375 0.0260772705078125 -0.225128173828125
0.0204391479492188 -0.0914993286132813 -0.00510787963867187 -0.0640068054199219
-0.05328369140625 -0.0531425476074219 0.0726699829101563 0.00374603271484375
-0.0686264038085938 0.00994491577148438 0.116691589355469 -0.0762557983398438
-0.039306640625 0.0494651794433594 0.059295654296875 -0.151626586914063
-0.000461578369140622 0.0625419616699219 -0.0284881591796875 -0.179351806640625
0.00675582885742187 0.0466690063476563 -0.0839691162109375 -0.155059814453125
-0.0045928955078125 0.0478019714355469 -0.0788421630859375 -0.112556457519531
-0.0130462646484375 0.0500526428222656 -0.0645370483398437 -0.0909881591796875
-0.0367240905761719 0.0284156799316406 -0.0479049682617188 -0.0753631591796875
-0.0476646423339844 -0.0126762390136719 -0.0495567321777344 -0.0692138671875
-0.0185737609863281 -0.0543251037597656 -0.0557861328125 -0.0927886962890625
0.0498886108398438 -0.0641021728515625 -0.0543670654296875 -0.143508911132813
0.0992889404296875 -0.0249099731445313 -0.06512451171875 -0.214309692382813
0.106109619140625 0.0296096801757812 -0.04986572265625 -0.224807739257813
0.0961074829101563 0.0752792358398438 0.0698089599609375 -0.220504760742188
0.0710372924804688 -0.0208587646484375 0.0212516784667969 -0.0604400634765625
0.0200881958007813 -0.0240554809570313 0.090240478515625 0.009735107421875
-0.00223636627197266 -0.0125694274902344 0.137283325195313 -0.078460693359375
-0.00270819664001465 -0.000603199005126953 0.0767822265625 -0.156524658203125
6.41345977783206E-05 -0.00398826599121094 -0.020538330078125 -0.191665649414063
-0.0134143829345703 -0.0137796401977539 -0.085540771484375 -0.163253784179687
-0.0187778472900391 -0.0129241943359375 -0.0835952758789063 -0.114944458007812
-0.0251121520996094 -0.0178680419921875 -0.0668792724609375 -0.09130859375
-0.0225372314453125 -0.0372390747070313 -0.0531234741210937 -0.0774383544921875
0.0044708251953125 -0.0550613403320312 -0.0494728088378906 -0.0605125427246094
0.048919677734375 -0.0578804016113281 -0.0513839721679688 -0.0799102783203125
0.103057861328125 -0.0051727294921875 -0.0593414306640625 -0.119216918945313
0.128715515136719 0.0601043701171875 -0.0609893798828125 -0.183380126953125
0.107719421386719 0.121810913085938 -0.0326690673828125 -0.194747924804688
0.0866241455078125 0.16851806640625 0.1087646484375 -0.177383422851563
0.106956481933594 0.0677871704101562 0.0543746948242188 -0.0329971313476562
0.0967864990234375 0.0266494750976563 0.10845947265625 0.0272140502929688
0.0782394409179688 -0.0260467529296875 0.15740966796875 -0.066314697265625
0.0474128723144531 -0.0496101379394531 0.0951080322265625 -0.145736694335938
0.0090484619140625 -0.0716094970703125 -0.00422668457031251 -0.185256958007813
-0.029449462890625 -0.0752334594726563 -0.074462890625 -0.153915405273438
-0.0317344665527344 -0.0697746276855469 -0.0764312744140625 -0.098358154296875
-0.0384445190429687 -0.0815353393554688 -0.0597686767578125 -0.0719451904296875
-0.0151138305664063 -0.097198486328125 -0.0550308227539062 -0.0577926635742188
0.0421829223632813 -0.0996780395507813 -0.0518646240234375 -0.0359039306640625
0.102493286132813 -0.0731201171875 -0.0552597045898437 -0.0574569702148438
0.151473999023438 0.0299835205078125 -0.0665130615234375 -0.089141845703125
0.156112670898438 0.117965698242188 -0.0553741455078125 -0.142562866210938
0.10394287109375 0.188735961914063 -0.0189285278320312 -0.140556335449219
0.0583343505859375 0.237869262695313 0.137298583984375 -0.10345458984375
0.115966796875 0.154251098632813 0.0820999145507813 0.0173873901367188
0.1556396484375 0.0903472900390625 0.122932434082031 0.0561676025390625
0.155746459960938 -0.02081298828125 0.169097900390625 -0.0370330810546875
0.0999221801757812 -0.0844879150390625 0.107185363769531 -0.11572265625
0.02227783203125 -0.129081726074219 0.0148773193359375 -0.155380249023438
-0.0385513305664063 -0.126029968261719 -0.051910400390625 -0.124900817871094
-0.0394058227539063 -0.117355346679688 -0.0581169128417969 -0.0688362121582031
-0.0502700805664063 -0.133712768554688 -0.04132080078125 -0.0389022827148438
-0.014801025390625 -0.143951416015625 -0.0488128662109375 -0.0226783752441406
0.0672607421875 -0.138084411621094 -0.050262451171875 -0.00106048583984375
0.135063171386719 -0.09222412109375 -0.0586318969726562 -0.0298919677734375
0.1834716796875 0.04833984375 -0.0718536376953125 -0.063446044921875
0.17291259765625 0.1546630859375 -0.0391464233398437 -0.101165771484375
0.091217041015625 0.22802734375 -0.00571441650390625 -0.0703582763671875
0.0116424560546875 0.266799926757812 0.1500244140625 -0.00755310058593748
0.091949462890625 0.2176513671875 0.099884033203125 0.084320068359375
0.176727294921875 0.153167724609375 0.1239013671875 0.0906753540039063
0.20611572265625 0.0047454833984375 0.163742065429688 0.0020904541015625
0.142013549804688 -0.097076416015625 0.107269287109375 -0.0687255859375
0.04217529296875 -0.167266845703125 0.0317611694335937 -0.107200622558594
-0.0372161865234375 -0.158126831054687 -0.0251541137695313 -0.0784912109375
-0.0419464111328125 -0.144485473632813 -0.0293407440185547 -0.0277233123779297
-0.0574798583984375 -0.161834716796875 -0.016026496887207 0.00370311737060546
-0.016754150390625 -0.170333862304687 -0.0362930297851563 0.0198135375976562
0.078460693359375 -0.159561157226563 -0.0450210571289062 0.0374755859375
0.152664184570313 -0.100128173828125 -0.059173583984375 -0.000389099121093751
0.196365356445313 0.0602569580078125 -0.0694770812988281 -0.0415458679199219
0.165786743164062 0.172637939453125 -0.0162811279296875 -0.0638084411621094
0.065582275390625 0.2396240234375 0.00726938247680664 0.00626087188720705
-0.034576416015625 0.244659423828125 0.140579223632813 0.0899200439453125
0.0428619384765625 0.233779907226563 0.101242065429688 0.1533203125
0.149185180664062 0.189117431640625 0.111282348632813 0.120803833007813
0.212203979492188 0.037322998046875 0.139717102050781 0.0429458618164063
0.15972900390625 -0.08441162109375 0.0942153930664063 -0.0178909301757813
0.055572509765625 -0.171096801757813 0.0418586730957031 -0.0488471984863281
-0.0308074951171875 -0.16302490234375 0.00375938415527343 -0.0237350463867188
-0.0378265380859375 -0.150436401367188 9.72747802734361E-05 0.0157537460327148
-0.05523681640625 -0.168914794921875 0.0137557983398437 0.0494804382324219
-0.0157928466796875 -0.175323486328125 -0.0189971923828125 0.0676536560058594
0.0839385986328125 -0.160385131835937 -0.0385818481445312 0.0749130249023437
0.15521240234375 -0.0941925048828125 -0.0620040893554687 0.0255661010742187
0.185150146484375 0.0762176513671875 -0.0655097961425781 -0.0269927978515625
0.1339111328125 0.18060302734375 0.00787734985351563 -0.0285701751708984
0.0252532958984375 0.2266845703125 0.0118026733398438 0.082977294921875
-0.073699951171875 0.179611206054687 0.117416381835938 0.171524047851562
-0.012451171875 0.195541381835938 0.088958740234375 0.202392578125
0.089599609375 0.17913818359375 0.09088134765625 0.135459899902344
0.169921875 0.056365966796875 0.105216979980469 0.0714645385742188
0.142730712890625 -0.05517578125 0.0716323852539063 0.0234298706054687
0.056549072265625 -0.143890380859375 0.04388427734375 0.00613784790039062
-0.0212554931640625 -0.14324951171875 0.0294933319091797 0.0286579132080078
-0.0286941528320312 -0.132804870605469 0.031158447265625 0.0585784912109375
-0.0435638427734375 -0.152389526367188 0.0397262573242187 0.0916671752929687
-0.00944519042968751 -0.1558837890625 -0.00260162353515624 0.110321044921875
0.0802154541015625 -0.140731811523437 -0.0351104736328125 0.110710144042969
0.142486572265625 -0.0727081298828125 -0.0667266845703125 0.0511512756347656
0.156021118164063 0.086456298828125 -0.0651321411132812 -0.0129356384277344
0.0869598388671875 0.17376708984375 0.0227127075195313 0.0046215057373047
-0.023193359375 0.18939208984375 0.00442504882812499 0.151351928710938
-0.100051879882813 0.0803756713867188 0.089630126953125 0.217010498046875
-0.056549072265625 0.118499755859375 0.072509765625 0.222564697265625
0.0216903686523438 0.128448486328125 0.0724258422851563 0.135841369628906
0.100425720214844 0.060791015625 0.0761260986328125 0.0845870971679688
0.0966339111328125 -0.02288818359375 0.0525703430175781 0.05157470703125
0.0451812744140625 -0.0954132080078125 0.0438728332519531 0.048187255859375
-0.00920104980468749 -0.0987472534179688 0.0493698120117188 0.0714035034179688
-0.01641845703125 -0.0935745239257813 0.055908203125 0.0931243896484375
-0.0271835327148438 -0.112167358398437 0.061737060546875 0.128105163574219
-0.00177001953125 -0.116859436035156 0.0091094970703125 0.148345947265625
0.0675048828125 -0.104248046875 -0.0371322631835937 0.139556884765625
0.113960266113281 -0.04498291015625 -0.078582763671875 0.06982421875
0.110450744628906 0.0872268676757813 -0.0694999694824219 -0.00326538085937499
0.031463623046875 0.145156860351563 0.0219841003417969 0.0354995727539063
-0.0686874389648438 0.128379821777344 -0.0178680419921875 0.205947875976563
0.0837554931640625 -0.0248947143554688 0.0218658447265625 -0.227920532226563
0.0173263549804688 -0.0917282104492188 -0.00804519653320312 -0.0624732971191406
-0.0544853210449219 -0.0525245666503906 0.0731887817382813 0.00528717041015625
-0.0677223205566406 0.0120697021484375 0.118782043457031 -0.0787200927734375
-0.0360450744628906 0.0512123107910156 0.0593414306640625 -0.153182983398438
0.00133514404296875 0.0635337829589844 -0.03106689453125 -0.179595947265625
0.00816726684570313 0.0469474792480469 -0.086639404296875 -0.154327392578125
-0.0018310546875 0.0472145080566406 -0.0813522338867188 -0.112274169921875
-0.0103836059570313 0.0503082275390625 -0.0666275024414062 -0.0898208618164063
-0.0345382690429688 0.0291957855224609 -0.0499649047851562 -0.074615478515625
-0.0471038818359375 -0.0105972290039062 -0.0528335571289063 -0.069244384765625
-0.0198860168457031 -0.0527305603027344 -0.059295654296875 -0.0948944091796875
0.0483016967773438 -0.0634346008300781 -0.0543212890625 -0.146148681640625
0.0973968505859375 -0.0257339477539063 -0.06591796875 -0.2166748046875
0.107933044433594 0.0280227661132812 -0.0518798828125 -0.229385375976563
0.0965728759765625 0.0743179321289063 0.064697265625 -0.22314453125
0.0704193115234375 -0.02154541015625 0.0193290710449219 -0.0603179931640625
0.0213775634765625 -0.0232639312744141 0.0905838012695312 0.0110397338867187
-0.000644683837890626 -0.0129737854003906 0.138648986816406 -0.079833984375
-0.00024867057800293 -0.000854611396789551 0.07647705078125 -0.158676147460938
0.000295162200927735 -0.00409507751464844 -0.02337646484375 -0.191879272460937
-0.0145044326782227 -0.0150032043457031 -0.088836669921875 -0.162384033203125
-0.0186595916748047 -0.0130863189697266 -0.0863113403320312 -0.11236572265625
-0.0255069732666016 -0.017364501953125 -0.0692214965820312 -0.0898056030273438
-0.0218544006347656 -0.036865234375 -0.0558395385742188 -0.0751190185546875
0.00387191772460937 -0.0549087524414062 -0.0533447265625 -0.0612106323242188
0.0487327575683594 -0.0579071044921875 -0.0558853149414063 -0.082916259765625
0.103050231933594 -0.00572967529296875 -0.0591278076171875 -0.122146606445313
0.130195617675781 0.05902099609375 -0.0626983642578125 -0.18634033203125
0.110877990722656 0.121452331542969 -0.035400390625 -0.199569702148438
0.088897705078125 0.16876220703125 0.105438232421875 -0.182708740234375
0.107681274414063 0.0661697387695313 0.050933837890625 -0.0336265563964844
0.0992813110351563 0.0263900756835938 0.109962463378906 0.0286407470703125
0.0795974731445313 -0.0282745361328125 0.158447265625 -0.0673980712890625
0.0469703674316406 -0.0511131286621094 0.0942230224609375 -0.147064208984375
0.00650787353515626 -0.073333740234375 -0.00735473632812498 -0.185791015625
-0.030517578125 -0.0759963989257813 -0.07861328125 -0.152542114257812
-0.0322189331054687 -0.0705795288085938 -0.0794296264648438 -0.0972824096679688
-0.0411453247070312 -0.0808486938476562 -0.0618209838867188 -0.0703506469726563
-0.0167312622070313 -0.0972747802734375 -0.0581512451171875 -0.0558891296386719
0.04132080078125 -0.1015625 -0.0555419921875 -0.036285400390625
0.101669311523438 -0.075286865234375 -0.0596389770507812 -0.0602645874023438
0.152542114257813 0.028594970703125 -0.0678024291992187 -0.0932464599609375
0.160263061523438 0.117950439453125 -0.0564422607421875 -0.145156860351563
0.107315063476563 0.189849853515625 -0.0224151611328125 -0.144271850585938
0.0601043701171875 0.239227294921875 0.135009765625 -0.10833740234375
0.11883544921875 0.15435791015625 0.0805740356445313 0.0172500610351563
0.159591674804688 0.0897979736328125 0.124252319335938 0.05859375
0.15679931640625 -0.0246124267578125 0.169113159179688 -0.038604736328125
0.0985031127929688 -0.0886459350585938 0.107650756835938 -0.116195678710938
0.0195236206054687 -0.132820129394531 0.013031005859375 -0.156936645507813
-0.0405654907226562 -0.126937866210938 -0.0565185546875 -0.1231689453125
-0.0423126220703125 -0.116706848144531 -0.0610427856445313 -0.0668373107910157
-0.05462646484375 -0.131477355957031 -0.0440216064453125 -0.0373039245605469
-0.0185546875 -0.144058227539062 -0.0522308349609375 -0.021026611328125
0.064178466796875 -0.140640258789063 -0.0533065795898437 -0.000362396240234393
0.134666442871094 -0.0952072143554688 -0.0626220703125 -0.0312957763671875
0.186737060546875 0.0453338623046875 -0.0723190307617188 -0.066253662109375
0.176544189453125 0.151824951171875 -0.03997802734375 -0.10491943359375
0.0955657958984375 0.229843139648438 -0.00761413574218749 -0.0734405517578125
0.0167999267578125 0.268600463867187 0.148880004882813 -0.010589599609375
0.0960845947265625 0.218063354492188 0.0996932983398438 0.0838699340820313
0.181060791015625 0.152297973632813 0.125137329101563 0.0933990478515625
0.208633422851562 0.000244140625 0.164947509765625 0.0020904541015625
0.141799926757812 -0.100784301757813 0.109466552734375 -0.069183349609375
0.0372314453125 -0.169403076171875 0.0312652587890625 -0.108329772949219
-0.041717529296875 -0.15875244140625 -0.0263900756835938 -0.0769729614257813
-0.0456695556640625 -0.144149780273438 -0.0328712463378906 -0.0261516571044922
-0.0628204345703125 -0.162673950195313 -0.0174932479858398 0.00522518157958983
-0.0211029052734375 -0.17169189453125 -0.0379409790039062 0.0225372314453125
0.0757598876953125 -0.163528442382813 -0.046630859375 0.0382575988769531
0.151260375976563 -0.105560302734375 -0.0640907287597656 -0.00170898437500001
0.19921875 0.057281494140625 -0.0712661743164062 -0.0436782836914063
0.170578002929688 0.170578002929688 -0.0159835815429687 -0.0668373107910156
0.0689544677734375 0.24102783203125 0.00615406036376954 0.00379991531372072
-0.029266357421875 0.248153686523438 0.141693115234375 0.0888519287109375
0.0466461181640625 0.234283447265625 0.101409912109375 0.151153564453125
0.154647827148438 0.188156127929687 0.11285400390625 0.1231689453125
0.214889526367188 0.0321807861328125 0.141082763671875 0.042877197265625
0.158157348632813 -0.087615966796875 0.0955886840820313 -0.018280029296875
0.0504150390625 -0.174041748046875 0.0415000915527344 -0.0492324829101563
-0.036285400390625 -0.164764404296875 0.00260734558105469 -0.0238208770751953
-0.041839599609375 -0.150238037109375 -0.000888824462890627 0.0179824829101562
-0.059906005859375 -0.169662475585937 0.0127754211425781 0.0496139526367187
-0.01959228515625 -0.17633056640625 -0.018310546875 0.0694808959960937
0.0801849365234375 -0.16473388671875 -0.0390472412109375 0.077972412109375
0.15411376953125 -0.0985870361328125 -0.0650787353515625 0.0265960693359375
0.190032958984375 0.072265625 -0.0682144165039063 -0.0269317626953125
0.140609741210938 0.179916381835937 0.00729370117187501 -0.0317611694335937
0.02850341796875 0.22894287109375 0.0120697021484375 0.0811767578125
-0.0703582763671875 0.182052612304688 0.120498657226563 0.171127319335937
-0.00784301757812501 0.196945190429688 0.090240478515625 0.202560424804688
0.0949249267578125 0.17901611328125 0.0918502807617188 0.138450622558594
0.172576904296875 0.0541229248046875 0.108001708984375 0.07391357421875
0.141204833984375 -0.0601654052734375 0.073486328125 0.025299072265625
0.0520782470703125 -0.147048950195313 0.0444869995117188 0.00642395019531249
-0.025604248046875 -0.14337158203125 0.0292129516601563 0.0289783477783203
-0.0327606201171875 -0.13262939453125 0.0306434631347656 0.0599250793457031
-0.048797607421875 -0.1519775390625 0.04193115234375 0.0931549072265625
-0.014129638671875 -0.157562255859375 -0.0016326904296875 0.113861083984375
0.0766143798828125 -0.144668579101562 -0.0344085693359375 0.112625122070312
0.1422119140625 -0.0777435302734375 -0.0697174072265625 0.0506019592285156
0.16058349609375 0.0835723876953125 -0.0671768188476562 -0.0143585205078125
0.0923309326171875 0.173110961914063 0.0212936401367188 0.00242233276367189
-0.0198974609375 0.1922607421875 0.0066070556640625 0.151321411132813
-0.0954513549804688 0.0837631225585938 0.0928955078125 0.217239379882813
-0.0538558959960938 0.120361328125 0.0743865966796875 0.22406005859375
0.0254592895507813 0.128501892089844 0.0733489990234375 0.138168334960938
0.102638244628906 0.0568466186523437 0.0776290893554688 0.0879592895507813
0.0963363647460938 -0.02606201171875 0.0538444519042969 0.051849365234375
0.0411224365234375 -0.0967864990234375 0.0447502136230469 0.0479736328125
-0.0116348266601562 -0.0989837646484375 0.0497474670410156 0.0702743530273438
-0.0188674926757813 -0.094024658203125 0.057037353515625 0.0925140380859375
-0.0304946899414062 -0.112045288085937 0.063690185546875 0.12774658203125
-0.00530242919921874 -0.117942810058594 0.0110931396484375 0.150726318359375
0.0650711059570313 -0.107101440429687 -0.035125732421875 0.141082763671875
0.114166259765625 -0.0479202270507813 -0.0791549682617187 0.0703811645507813
0.112983703613281 0.085540771484375 -0.071746826171875 -0.00308990478515624
0.0346221923828125 0.144821166992188 0.0223369598388672 0.0334339141845703
-0.0655059814453125 0.129737854003906 -0.01409912109375 0.20562744140625
0.08465576171875 -0.026397705078125 0.0175323486328125 -0.234588623046875
0.0154800415039062 -0.0945663452148437 -0.0106239318847656 -0.0621452331542969
-0.0554351806640625 -0.0524482727050781 0.0777053833007812 0.007537841796875
-0.0686492919921875 0.0142364501953125 0.122093200683594 -0.081939697265625
-0.0358085632324219 0.0524673461914062 0.060546875 -0.1591796875
0.00333023071289062 0.0646514892578125 -0.033966064453125 -0.184112548828125
0.0103340148925781 0.0470962524414063 -0.0915985107421875 -0.157623291015625
0.000751495361328128 0.0487060546875 -0.0852813720703125 -0.113815307617187
-0.00862884521484375 0.0520172119140625 -0.070587158203125 -0.0908050537109375
-0.0333614349365234 0.0304489135742187 -0.05316162109375 -0.0758743286132813
-0.04754638671875 -0.00810623168945313 -0.0572586059570312 -0.0722274780273438
-0.0209541320800781 -0.0517196655273437 -0.0628662109375 -0.0995941162109375
0.0472259521484375 -0.0645370483398437 -0.054412841796875 -0.153366088867188
0.098663330078125 -0.0283966064453125 -0.0677337646484375 -0.224990844726563
0.111282348632813 0.0267257690429688 -0.0562591552734375 -0.239028930664062
0.0988082885742188 0.0763092041015625 0.0610809326171875 -0.2310791015625
0.0704498291015625 -0.022674560546875 0.0173835754394531 -0.061004638671875
0.0222682952880859 -0.0232124328613281 0.0948257446289063 0.0130691528320312
0.000198364257812499 -0.0131387710571289 0.142959594726563 -0.0828704833984375
0.000422596931457519 -0.00189554691314697 0.0782470703125 -0.16448974609375
-0.000140666961669922 -0.00471067428588867 -0.02593994140625 -0.1971435546875
-0.01483154296875 -0.0160951614379883 -0.0940093994140625 -0.165115356445313
-0.0187053680419922 -0.0131492614746094 -0.090667724609375 -0.113632202148438
-0.0260429382324219 -0.0177097320556641 -0.0742034912109375 -0.0900039672851563
-0.022369384765625 -0.0374641418457031 -0.0596542358398438 -0.0754318237304688
0.00426864624023437 -0.0561752319335937 -0.0583114624023438 -0.0625038146972656
0.0500640869140625 -0.0592689514160156 -0.0610198974609375 -0.0878524780273438
0.105400085449219 -0.0054168701171875 -0.0608444213867188 -0.128425598144531
0.133766174316406 0.0593719482421875 -0.0649566650390625 -0.193496704101563
0.115531921386719 0.124191284179688 -0.038818359375 -0.208999633789063
0.0926666259765625 0.1729736328125 0.103424072265625 -0.190460205078125
0.110549926757813 0.0666046142578125 0.0501861572265625 -0.0344505310058594
0.103340148925781 0.0261306762695313 0.113594055175781 0.0319671630859375
0.0817337036132813 -0.0302047729492188 0.163177490234375 -0.069732666015625
0.04833984375 -0.0543403625488281 0.0973358154296875 -0.152023315429688
0.00521087646484376 -0.075958251953125 -0.00930786132812498 -0.189682006835938
-0.0336380004882813 -0.0785446166992188 -0.082611083984375 -0.15447998046875
-0.034454345703125 -0.0725021362304688 -0.0839614868164062 -0.0965042114257813
-0.0434188842773438 -0.0830001831054688 -0.0657386779785156 -0.0699043273925781
-0.0191650390625 -0.099456787109375 -0.0626182556152344 -0.05413818359375
0.0409393310546875 -0.105476379394531 -0.0605354309082031 -0.0366744995117188
0.1036376953125 -0.0787200927734375 -0.0651931762695313 -0.0637969970703125
0.156982421875 0.02838134765625 -0.0705795288085937 -0.0987091064453125
0.166427612304688 0.119354248046875 -0.0580902099609375 -0.152481079101563
0.113006591796875 0.19464111328125 -0.02569580078125 -0.151077270507813
0.064483642578125 0.245529174804688 0.135368347167969 -0.113945007324219
0.1224365234375 0.156692504882813 0.0805816650390625 0.01727294921875
0.166900634765625 0.091278076171875 0.127548217773438 0.0616531372070313
0.161514282226563 -0.0281982421875 0.174942016601563 -0.0405120849609375
0.101104736328125 -0.09283447265625 0.111129760742187 -0.118988037109375
0.0169525146484375 -0.136909484863281 0.0113983154296875 -0.160964965820313
-0.04510498046875 -0.13092041015625 -0.0590362548828125 -0.12481689453125
-0.0456085205078125 -0.119796752929688 -0.06378173828125 -0.0649566650390625
-0.05975341796875 -0.134849548339844 -0.0470657348632813 -0.0359573364257813
-0.0224609375 -0.147933959960938 -0.0556449890136719 -0.0185203552246094
0.0626983642578125 -0.146774291992188 -0.0578079223632812 -3.43322753906416E-05
0.13720703125 -0.100669860839844 -0.0686798095703125 -0.0336189270019531
0.193145751953125 0.0449066162109375 -0.0757980346679688 -0.0702972412109375
0.185028076171875 0.154434204101563 -0.0422134399414062 -0.111434936523438
0.101333618164063 0.236328125 -0.0108642578125 -0.0783920288085937
0.0211944580078125 0.277191162109375 0.150588989257813 -0.0141448974609375
0.101364135742188 0.222869873046875 0.100090026855469 0.0851898193359375
0.189315795898437 0.155487060546875 0.129226684570313 0.0985794067382813
0.214645385742188 -0.004180908203125 0.169708251953125 0.002349853515625
0.144454956054688 -0.107498168945313 0.112556457519531 -0.0699005126953125
0.033203125 -0.174407958984375 0.0312271118164063 -0.111503601074219
-0.047760009765625 -0.16326904296875 -0.02960205078125 -0.0792312622070313
-0.0507354736328125 -0.148788452148438 -0.0355796813964844 -0.0246505737304688
-0.068756103515625 -0.166412353515625 -0.0191650390625 0.00632667541503905
-0.0262603759765625 -0.175186157226563 -0.0398025512695312 0.0272712707519531
0.0731658935546875 -0.1717529296875 -0.0491600036621094 0.0414047241210937
0.153823852539063 -0.1121826171875 -0.0694847106933594 -0.00197219848632814
0.207290649414062 0.05584716796875 -0.0758743286132812 -0.0471725463867187
0.17901611328125 0.172988891601563 -0.018310546875 -0.0719833374023437
0.0750732421875 0.249649047851563 0.00528478622436524 0.00128364562988283
-0.027862548828125 0.256881713867187 0.145156860351563 0.08892822265625
0.05230712890625 0.23992919921875 0.103286743164063 0.154617309570313
0.163345336914063 0.192733764648438 0.115562438964844 0.129203796386719
0.221832275390625 0.0289764404296875 0.144607543945313 0.0453338623046875
0.161270141601563 -0.094085693359375 0.098297119140625 -0.0179519653320313
0.0460357666015625 -0.179779052734375 0.0423088073730469 -0.0522346496582031
-0.041473388671875 -0.16925048828125 0.0023956298828125 -0.0235633850097656
-0.0470428466796875 -0.153839111328125 -0.00135421752929688 0.0204410552978516
-0.067779541015625 -0.173782348632813 0.0129432678222656 0.0535621643066406
-0.0255126953125 -0.18048095703125 -0.0195083618164063 0.0736846923828125
0.0776824951171875 -0.172500610351563 -0.0397720336914062 0.0810394287109375
0.156356811523438 -0.106048583984375 -0.070159912109375 0.0266609191894531
0.197189331054688 0.0703887939453125 -0.0724029541015625 -0.0287322998046875
0.1483154296875 0.18115234375 0.00679016113281251 -0.0355148315429687
0.032470703125 0.236434936523437 0.0138702392578125 0.0811691284179688
-0.0682373046875 0.1884765625 0.124649047851562 0.174514770507813
-0.00460815429687498 0.202346801757813 0.0931854248046875 0.207565307617187
0.102188110351563 0.183639526367188 0.0946044921875 0.144256591796875
0.179519653320313 0.0511016845703125 0.110923767089844 0.0765609741210938
0.143341064453125 -0.0649566650390625 0.07659912109375 0.027069091796875
0.0477752685546875 -0.1524658203125 0.046539306640625 0.00545120239257812
-0.02984619140625 -0.146835327148437 0.0300312042236328 0.0303211212158203
-0.037445068359375 -0.135688781738281 0.0318527221679688 0.0625724792480468
-0.05517578125 -0.155899047851563 0.04351806640625 0.0961151123046875
-0.019134521484375 -0.161575317382813 -0.000190734863281242 0.119186401367187
0.0750274658203125 -0.151824951171875 -0.0342254638671875 0.117210388183594
0.144729614257813 -0.083770751953125 -0.0740203857421875 0.0520172119140625
0.166824340820313 0.0823974609375 -0.072540283203125 -0.0152587890625
0.0981292724609375 0.175125122070313 0.0212230682373047 -9.72747802734268E-05
-0.0178375244140625 0.19903564453125 0.00898742675781251 0.155181884765625
-0.0953903198242187 0.0880889892578125 0.098114013671875 0.224014282226563
-0.053070068359375 0.1236572265625 0.07635498046875 0.231277465820313
0.02886962890625 0.132217407226563 0.076416015625 0.14471435546875
0.106765747070313 0.0549240112304688 0.0816650390625 0.0919570922851562
0.0973587036132813 -0.030029296875 0.0575141906738281 0.0547828674316406
0.0386123657226563 -0.100387573242188 0.0472450256347656 0.0483818054199219
-0.0154342651367187 -0.101295471191406 0.052032470703125 0.0717620849609375
-0.0225601196289063 -0.0963134765625 0.0599441528320313 0.0952377319335938
-0.0351638793945313 -0.114242553710938 0.0671463012695313 0.131271362304687
-0.00944519042968751 -0.120567321777344 0.012664794921875 0.157257080078125
0.0639495849609375 -0.112823486328125 -0.0352935791015625 0.145660400390625
0.116142272949219 -0.0535888671875 -0.0833740234375 0.0728607177734375
0.117965698242188 0.0843582153320313 -0.0758819580078125 -0.0044403076171875
0.0382232666015625 0.1470947265625 0.0221900939941406 0.0322303771972656
-0.0656204223632813 0.134956359863281 -0.01104736328125 0.210601806640625
0.0861587524414063 -0.0285186767578125 0.010101318359375 -0.245468139648438
0.0111160278320312 -0.0977630615234375 -0.0141830444335937 -0.0624885559082031
-0.0590591430664063 -0.0530242919921875 0.0832443237304687 0.00863647460937499
-0.069915771484375 0.018646240234375 0.127235412597656 -0.0886077880859375
-0.03424072265625 0.0562858581542969 0.05987548828125 -0.169235229492188
0.00680923461914062 0.0666236877441406 -0.0398101806640625 -0.191604614257813
0.0124092102050781 0.0476799011230469 -0.100540161132813 -0.161865234375
0.00395965576171875 0.0499458312988281 -0.0924758911132813 -0.115959167480469
-0.00518035888671875 0.0548591613769531 -0.0772171020507812 -0.0925750732421875
-0.0324840545654297 0.033233642578125 -0.0580825805664062 -0.077880859375
-0.0488777160644531 -0.00579071044921875 -0.0645980834960938 -0.0739669799804688
-0.0228118896484375 -0.0523147583007813 -0.0701828002929688 -0.104042053222656
0.0462646484375 -0.0679397583007813 -0.0595855712890625 -0.162353515625
0.101158142089844 -0.0317916870117188 -0.076141357421875 -0.235214233398438
0.116744995117188 0.02398681640625 -0.0664520263671875 -0.251296997070313
0.105270385742188 0.0781631469726563 0.05511474609375 -0.24462890625
0.0716171264648438 -0.025604248046875 0.0136833190917969 -0.06317138671875
0.0238761901855469 -0.0245628356933594 0.101242065429688 0.0140838623046875
7.34329223632802E-05 -0.0132169723510742 0.1480712890625 -0.090576171875
0.00124967098236084 -0.00180602073669434 0.078216552734375 -0.174468994140625
-0.000462055206298828 -0.00591754913330078 -0.0333709716796875 -0.20538330078125
-0.0159034729003906 -0.01776123046875 -0.1033935546875 -0.169830322265625
-0.0185413360595703 -0.0130348205566406 -0.0985183715820313 -0.1143798828125
-0.0272464752197266 -0.0174541473388672 -0.0808944702148438 -0.0911331176757813
-0.0242767333984375 -0.0382156372070312 -0.0661392211914063 -0.0767059326171875
0.00298309326171875 -0.0581398010253906 -0.0648918151855469 -0.0639801025390625
0.0506324768066406 -0.0626792907714844 -0.0687484741210937 -0.0925369262695313
0.109245300292969 -0.007720947265625 -0.0657196044921875 -0.136329650878906
0.141357421875 0.058380126953125 -0.07220458984375 -0.204864501953125
0.124061584472656 0.126747131347656 -0.0488433837890625 -0.220733642578125
0.101211547851563 0.179473876953125 0.100723266601563 -0.203033447265625
0.115776062011719 0.0661849975585938 0.0489463806152344 -0.0361671447753906
0.109687805175781 0.0245437622070313 0.120719909667969 0.03271484375
0.0854263305664063 -0.0348663330078125 0.1697998046875 -0.075897216796875
0.0494308471679687 -0.0587005615234375 0.0988006591796875 -0.160247802734375
0.00159454345703125 -0.08056640625 -0.01483154296875 -0.19842529296875
-0.0384674072265625 -0.0825729370117188 -0.091949462890625 -0.158233642578125
-0.0382843017578125 -0.0747222900390625 -0.09112548828125 -0.0964126586914063
-0.0490875244140625 -0.0851058959960938 -0.0726242065429688 -0.070709228515625
-0.0237655639648438 -0.102882385253906 -0.0686874389648438 -0.0531044006347656
0.0396957397460938 -0.111671447753906 -0.0667724609375 -0.036346435546875
0.106277465820312 -0.0858612060546875 -0.0734024047851563 -0.06744384765625
0.16534423828125 0.026458740234375 -0.0764236450195313 -0.105552673339844
0.17730712890625 0.119659423828125 -0.0654144287109375 -0.162246704101563
0.124130249023438 0.201858520507813 -0.032958984375 -0.160369873046875
0.0741729736328125 0.25677490234375 0.135574340820313 -0.123939514160156
0.131179809570313 0.159622192382813 0.0815887451171875 0.0162734985351563
0.178329467773438 0.090972900390625 0.135078430175781 0.065826416015625
0.16876220703125 -0.0346527099609375 0.182342529296875 -0.0445098876953125
0.10260009765625 -0.101631164550781 0.115089416503906 -0.126243591308594
0.0115203857421875 -0.144119262695312 0.0078277587890625 -0.168487548828125
-0.0531387329101563 -0.135475158691406 -0.066925048828125 -0.127273559570313
-0.0518951416015625 -0.123588562011719 -0.070465087890625 -0.0633697509765625
-0.068634033203125 -0.138702392578125 -0.0518684387207031 -0.0347785949707031
-0.02978515625 -0.152755737304688 -0.0605278015136719 -0.0150184631347656
0.0596923828125 -0.156784057617188 -0.0628318786621094 0.00227355957031248
0.140762329101563 -0.110610961914062 -0.0774002075195312 -0.0350570678710938
0.204025268554688 0.0404815673828125 -0.0825958251953125 -0.0750732421875
0.198211669921875 0.15509033203125 -0.0477142333984375 -0.118576049804687
0.112380981445313 0.246292114257812 -0.01470947265625 -0.0844192504882812
0.03045654296875 0.289459228515625 0.154708862304688 -0.019744873046875
0.110977172851563 0.228118896484375 0.10418701171875 0.0864715576171875
0.20428466796875 0.158111572265625 0.136558532714844 0.103012084960938
0.224472045898438 -0.013427734375 0.178131103515625 9.15527343749992E-05
0.146759033203125 -0.116668701171875 0.116691589355469 -0.07489013671875
0.0272674560546875 -0.183670043945313 0.0288848876953125 -0.116844177246094
-0.0568389892578125 -0.1688232421875 -0.0341339111328125 -0.0799407958984375
-0.05926513671875 -0.153076171875 -0.0393218994140625 -0.0214653015136719
-0.0795745849609375 -0.171188354492188 -0.0208034515380859 0.00916671752929686
-0.0350341796875 -0.182296752929687 -0.0428695678710937 0.0317192077636719
0.0683441162109375 -0.183013916015625 -0.0515975952148437 0.0461044311523437
0.156356811523438 -0.123809814453125 -0.0766983032226562 -0.00101470947265625
0.219497680664063 0.051483154296875 -0.0822830200195312 -0.0497207641601562
0.193038940429688 0.174545288085938 -0.0214767456054687 -0.077880859375
0.0859375 0.261550903320313 0.00373387336730958 -0.000770330429077132
-0.0200653076171875 0.269805908203125 0.15252685546875 0.088348388671875
0.0611114501953125 0.24945068359375 0.109054565429687 0.15875244140625
0.177932739257813 0.197219848632813 0.123268127441406 0.134529113769531
0.232254028320313 0.0211944580078125 0.153274536132813 0.0463104248046875
0.164382934570313 -0.10455322265625 0.104087829589844 -0.0189208984375
0.0393829345703125 -0.18853759765625 0.0425872802734375 -0.0549888610839844
-0.0513916015625 -0.174575805664063 0.000881195068359373 -0.0236167907714844
-0.0561981201171875 -0.158782958984375 -0.00220680236816407 0.0239124298095703
-0.0799713134765625 -0.179107666015625 0.01422119140625 0.0560493469238281
-0.03521728515625 -0.186538696289062 -0.0192718505859375 0.0806732177734375
0.07330322265625 -0.185089111328125 -0.040008544921875 0.0869979858398437
0.158859252929688 -0.117584228515625 -0.0763473510742187 0.0299224853515625
0.2093505859375 0.0665435791015625 -0.0793914794921875 -0.0310211181640625
0.161514282226563 0.184371948242188 0.00480651855468751 -0.0400314331054687
0.0414276123046875 0.248291015625 0.01495361328125 0.0832061767578125
-0.0646820068359375 0.199386596679688 0.134246826171875 0.178680419921875
0.00111389160156248 0.212295532226563 0.0998992919921875 0.215347290039063
0.113693237304688 0.189208984375 0.100906372070313 0.15167236328125
0.188888549804688 0.0455474853515625 0.119468688964844 0.0792312622070313
0.146926879882813 -0.07373046875 0.082611083984375 0.0283584594726562
0.042266845703125 -0.160552978515625 0.0491752624511719 0.00466918945312499
-0.038543701171875 -0.152069091796875 0.0322017669677734 0.0321369171142578
-0.0456314086914062 -0.140182495117188 0.0340309143066406 0.0663528442382812
-0.06591796875 -0.161468505859375 0.0481414794921875 0.0994110107421875
-0.0282440185546875 -0.167572021484375 0.00257873535156249 0.126480102539063
0.07086181640625 -0.1630859375 -0.0336151123046875 0.124031066894531
0.146835327148438 -0.09381103515625 -0.0791015625 0.05657958984375
0.177932739257813 0.080078125 -0.0781402587890625 -0.0150146484375
0.108657836914063 0.1798095703125 0.0216655731201172 -0.00213241577148436
-0.011962890625 0.209823608398437 0.0138702392578125 0.160293579101563
-0.0967254638671875 0.094024658203125 0.109024047851562 0.23175048828125
-0.0507888793945313 0.130767822265625 0.0845947265625 0.241348266601563
0.035736083984375 0.137809753417969 0.081573486328125 0.151718139648438
0.112991333007813 0.0517120361328125 0.0882949829101563 0.0972061157226563
0.0999374389648437 -0.03619384765625 0.0631752014160156 0.0576667785644531
0.0343399047851563 -0.105865478515625 0.0510292053222656 0.0491714477539063
-0.0207901000976562 -0.103828430175781 0.0571441650390625 0.073822021484375
-0.0286712646484375 -0.098388671875 0.064422607421875 0.0988006591796875
-0.0436782836914062 -0.118911743164063 0.0737380981445313 0.136245727539063
-0.01580810546875 -0.125709533691406 0.0183868408203125 0.164901733398437
0.0610122680664063 -0.121284484863281 -0.0321197509765625 0.154312133789062
0.118247985839844 -0.0606460571289063 -0.08697509765625 0.0785293579101563
0.126243591308594 0.0833511352539063 -0.0815811157226562 -0.00339508056640625
0.0445098876953125 0.152084350585938 0.0243988037109375 0.0315456390380859
-0.0636444091796875 0.142959594726563 -0.00437927246093749 0.220046997070312
0.08740234375 -0.032379150390625 -0.00418090820312499 -0.255126953125
0.0048980712890625 -0.101417541503906 -0.0197792053222656 -0.0621299743652344
-0.0638694763183594 -0.0514450073242187 0.090179443359375 0.00696563720703125
-0.0696182250976562 0.0243873596191406 0.129280090332031 -0.0982742309570313
-0.0308990478515625 0.0599136352539063 0.0534210205078125 -0.179458618164063
0.0114898681640625 0.0679740905761719 -0.050933837890625 -0.19671630859375
0.01617431640625 0.0484085083007813 -0.114181518554687 -0.163253784179688
0.0080108642578125 0.051116943359375 -0.102699279785156 -0.115150451660156
-0.00104904174804687 0.0569877624511719 -0.0856094360351562 -0.0906829833984375
-0.0306739807128906 0.0362434387207031 -0.06536865234375 -0.078216552734375
-0.0491752624511719 -0.00228881835937499 -0.072540283203125 -0.0738677978515625
-0.0261077880859375 -0.0516815185546875 -0.0792999267578125 -0.106582641601562
0.043701171875 -0.0716323852539063 -0.068695068359375 -0.1683349609375
0.1024169921875 -0.0386734008789063 -0.0901336669921875 -0.242935180664062
0.122306823730469 0.018280029296875 -0.0830841064453125 -0.260162353515625
0.112991333007812 0.0778350830078125 0.041595458984375 -0.257354736328125
0.0710372924804688 -0.0294876098632812 0.00937271118164063 -0.0645408630371094
0.0239162445068359 -0.0266895294189453 0.107955932617188 0.0121078491210938
0.00140953063964844 -0.0139932632446289 0.150466918945313 -0.100112915039063
0.00210452079772949 -0.00262117385864258 0.07305908203125 -0.18572998046875
-3.86238098144525E-05 -0.00676250457763672 -0.04425048828125 -0.210861206054688
-0.0173740386962891 -0.0182743072509766 -0.117401123046875 -0.169692993164063
-0.0191802978515625 -0.0135879516601563 -0.1085205078125 -0.112335205078125
-0.0281505584716797 -0.0168609619140625 -0.0899734497070313 -0.0893325805664063
-0.0264739990234375 -0.0372543334960938 -0.07427978515625 -0.0751419067382812
0.000343322753906246 -0.0603485107421875 -0.0737457275390625 -0.0627288818359375
0.0498733520507813 -0.0667724609375 -0.078582763671875 -0.0939865112304688
0.113052368164063 -0.012298583984375 -0.07464599609375 -0.142318725585938
0.149276733398438 0.053253173828125 -0.0860443115234375 -0.212173461914063
0.135467529296875 0.125259399414063 -0.062957763671875 -0.229080200195313
0.114181518554688 0.18316650390625 0.091400146484375 -0.216522216796875
0.121803283691406 0.0627822875976563 0.0462493896484375 -0.0389938354492187
0.116775512695313 0.0208892822265625 0.1287841796875 0.0323333740234375
0.08758544921875 -0.0404052734375 0.17376708984375 -0.0863037109375
0.0483131408691406 -0.0645408630371094 0.0957489013671875 -0.172149658203125
-0.0037689208984375 -0.083831787109375 -0.02545166015625 -0.204971313476562
-0.0462112426757812 -0.0839462280273438 -0.104156494140625 -0.158584594726562
-0.043609619140625 -0.0756301879882813 -0.100006103515625 -0.0925979614257813
-0.0564041137695312 -0.0856781005859375 -0.0803375244140625 -0.0671844482421875
-0.0305023193359375 -0.104866027832031 -0.0758819580078125 -0.0497207641601563
0.034332275390625 -0.118400573730469 -0.0739898681640625 -0.0340576171875
0.105758666992187 -0.0945510864257812 -0.0835418701171875 -0.06805419921875
0.174209594726563 0.0196380615234375 -0.08441162109375 -0.109642028808594
0.190811157226563 0.115219116210937 -0.0760955810546875 -0.16912841796875
0.13970947265625 0.204574584960938 -0.04412841796875 -0.167938232421875
0.09002685546875 0.26397705078125 0.13250732421875 -0.136222839355469
0.143310546875 0.158981323242188 0.0825271606445313 0.0135879516601563
0.191909790039062 0.0862274169921875 0.14453125 0.0647430419921875
0.173065185546875 -0.046142578125 0.188369750976562 -0.0533905029296875
0.101066589355469 -0.111190795898437 0.114181518554688 -0.135513305664063
0.00241088867187501 -0.150360107421875 -0.000366210937500005 -0.175186157226562
-0.0642929077148438 -0.138145446777344 -0.0769500732421875 -0.127532958984375
-0.061767578125 -0.124961853027344 -0.0764083862304688 -0.05926513671875
-0.0803375244140625 -0.139328002929688 -0.0562820434570313 -0.0316505432128906
-0.039825439453125 -0.156402587890625 -0.0654144287109375 -0.00954055786132814
0.05169677734375 -0.166915893554688 -0.067413330078125 0.00654602050781248
0.139389038085938 -0.123390197753906 -0.0864105224609375 -0.033599853515625
0.215713500976563 0.0325164794921875 -0.0904998779296875 -0.0769882202148438
0.214752197265625 0.150924682617188 -0.056243896484375 -0.124710083007812
0.129745483398438 0.251296997070313 -0.0209121704101562 -0.0892715454101563
0.04583740234375 0.30078125 0.156906127929688 -0.0298614501953125
0.125930786132813 0.231124877929688 0.10943603515625 0.0853500366210938
0.222686767578125 0.153839111328125 0.146682739257813 0.10345458984375
0.231903076171875 -0.026153564453125 0.185638427734375 -0.00604248046875
0.1456298828125 -0.130172729492188 0.119789123535156 -0.0825576782226563
0.01605224609375 -0.191543579101562 0.0247573852539063 -0.12322998046875
-0.0706634521484375 -0.172576904296875 -0.0400543212890625 -0.08013916015625
-0.0703582763671875 -0.155029296875 -0.0417900085449219 -0.0172615051269531
-0.095733642578125 -0.172332763671875 -0.0221481323242188 0.0123271942138672
-0.0485992431640625 -0.186050415039063 -0.0437583923339844 0.0378570556640625
0.0590057373046875 -0.194808959960938 -0.0537605285644531 0.0504913330078125
0.154052734375 -0.138778686523438 -0.0841751098632812 0.00211334228515625
0.231597900390625 0.04193115234375 -0.0899810791015625 -0.050079345703125
0.211135864257813 0.17059326171875 -0.027496337890625 -0.083221435546875
0.102767944335938 0.26788330078125 0.0018751621246338 -0.00298070907592772
-0.00668334960937502 0.28167724609375 0.160736083984375 0.0826568603515625
0.0755462646484375 0.254287719726563 0.118438720703125 0.160598754882813
0.197540283203125 0.195632934570313 0.133430480957031 0.137397766113281
0.241470336914063 0.0080108642578125 0.162399291992188 0.0423126220703125
0.164398193359375 -0.118850708007813 0.109054565429688 -0.0230789184570313
0.0286407470703125 -0.198043823242187 0.04168701171875 -0.0595016479492188
-0.0645751953125 -0.1787109375 -0.000658035278320316 -0.0232887268066406
-0.0683441162109375 -0.160934448242188 -0.000978469848632816 0.0275211334228515
-0.0959014892578125 -0.180282592773438 0.0170135498046875 0.0588645935058594
-0.04925537109375 -0.191925048828125 -0.0165557861328125 0.0875625610351562
0.0621185302734375 -0.196945190429688 -0.0387954711914062 0.0927581787109375
0.15692138671875 -0.132949829101563 -0.0813980102539062 0.0349273681640625
0.222091674804688 0.0568389892578125 -0.085662841796875 -0.02899169921875
0.178390502929688 0.18206787109375 0.00135421752929688 -0.044281005859375
0.0565948486328125 0.257095336914063 0.01971435546875 0.0841522216796875
-0.0561676025390625 0.210540771484375 0.147232055664063 0.178619384765625
0.0126190185546875 0.218734741210938 0.11309814453125 0.219757080078125
0.130157470703125 0.191131591796875 0.112060546875 0.1553955078125
0.198959350585937 0.0348358154296875 0.127777099609375 0.0789871215820313
0.147125244140625 -0.0858001708984375 0.0887908935546875 0.0263290405273437
0.03265380859375 -0.167953491210938 0.0512542724609375 0.00274276733398436
-0.049652099609375 -0.155029296875 0.0349750518798828 0.0320663452148437
-0.05548095703125 -0.1416015625 0.0390205383300781 0.0687179565429687
-0.0808563232421875 -0.162322998046875 0.0555648803710937 0.101890563964844
-0.0406494140625 -0.17181396484375 0.00927734374999999 0.133682250976563
0.0615997314453125 -0.174346923828125 -0.0282516479492188 0.131172180175781
0.146728515625 -0.106903076171875 -0.08197021484375 0.0634307861328125
0.189971923828125 0.0727386474609375 -0.0839157104492188 -0.012420654296875
0.123001098632812 0.179550170898437 0.0217304229736328 -0.00575065612792968
-0.000808715820312496 0.219131469726563 0.022552490234375 0.164520263671875
-0.0941543579101563 0.103187561035156 0.124221801757813 0.236526489257812
-0.0449752807617187 0.138504028320313 0.0991363525390625 0.249099731445313
0.0460052490234375 0.141372680664063 0.0917816162109375 0.156082153320312
0.12017822265625 0.0456008911132813 0.09710693359375 0.098114013671875
0.0998001098632813 -0.043670654296875 0.0699729919433594 0.0576171875
0.0280685424804688 -0.110931396484375 0.0568504333496094 0.0479774475097656
-0.0285263061523438 -0.106147766113281 0.063568115234375 0.074127197265625
-0.0361404418945313 -0.100334167480469 0.0726776123046875 0.0998077392578125
-0.05413818359375 -0.119575500488281 0.0843582153320313 0.137893676757813
-0.0249786376953125 -0.128890991210938 0.0277862548828125 0.171127319335938
0.0540771484375 -0.129859924316406 -0.025115966796875 0.161956787109375
0.118766784667969 -0.0701751708984375 -0.0885162353515625 0.0864334106445312
0.136085510253906 0.0793228149414062 -0.087615966796875 1.52587890625195E-05
0.054595947265625 0.15423583984375 0.0269584655761719 0.0296497344970703
-0.0582275390625 0.152297973632813 0.00712585449218748 0.22747802734375
0.0877456665039063 -0.0366287231445313 -0.02099609375 -0.258865356445313
-0.00307464599609375 -0.101997375488281 -0.0247230529785156 -0.0597457885742188
-0.0679359436035156 -0.0481300354003906 0.0944442749023438 0.0040130615234375
-0.0673141479492188 0.028472900390625 0.127899169921875 -0.107521057128906
-0.0266647338867187 0.0620918273925781 0.04425048828125 -0.186782836914063
0.0166740417480469 0.0675392150878906 -0.0624847412109375 -0.197402954101563
0.01983642578125 0.0471153259277344 -0.126220703125 -0.159332275390625
0.0131759643554687 0.0501785278320312 -0.111038208007812 -0.111167907714844
0.00442886352539062 0.0572700500488281 -0.093505859375 -0.0872039794921875
-0.0279922485351563 0.0385818481445312 -0.0727996826171875 -0.0757904052734375
-0.0482711791992188 0.00102615356445313 -0.08001708984375 -0.0707550048828125
-0.0283622741699219 -0.0505714416503906 -0.0884475708007813 -0.105499267578125
0.0392532348632813 -0.0746917724609375 -0.0788726806640625 -0.172225952148438
0.101097106933594 -0.0447463989257813 -0.104949951171875 -0.245162963867187
0.125381469726563 0.011077880859375 -0.1004638671875 -0.261917114257813
0.120002746582031 0.074615478515625 0.0248870849609375 -0.263778686523437
0.068878173828125 -0.0332221984863281 0.00373077392578125 -0.0645561218261719
0.0237464904785156 -0.0286769866943359 0.113075256347656 0.00859832763671875
0.00177383422851562 -0.0141658782958984 0.149124145507813 -0.11053466796875
0.00297665596008301 -0.00341463088989258 0.064056396484375 -0.193557739257813
-0.00098419189453125 -0.00781440734863281 -0.0567169189453125 -0.212142944335937
-0.0203113555908203 -0.0185909271240234 -0.130126953125 -0.16571044921875
-0.0193233489990234 -0.0137138366699219 -0.117233276367188 -0.10650634765625
-0.0289993286132812 -0.0158805847167969 -0.0974273681640625 -0.0845184326171875
-0.0285797119140625 -0.0361480712890625 -0.0814743041992188 -0.0710830688476563
-0.00204467773437499 -0.0607528686523438 -0.0810317993164063 -0.0595550537109375
0.0478897094726563 -0.0706939697265625 -0.0878982543945312 -0.0938949584960938
0.114593505859375 -0.0182952880859375 -0.083465576171875 -0.14508056640625
0.154327392578125 0.0452117919921875 -0.0988006591796875 -0.214431762695313
0.144485473632813 0.120315551757813 -0.079376220703125 -0.232177734375
0.12750244140625 0.182037353515625 0.07781982421875 -0.2255859375
0.125625610351563 0.0575637817382813 0.0427703857421875 -0.0414352416992187
0.121635437011719 0.0141983032226563 0.134124755859375 0.0277786254882812
0.08709716796875 -0.0468978881835938 0.173233032226563 -0.0964813232421875
0.0460205078125 -0.068634033203125 0.0891265869140625 -0.180465698242188
-0.00974273681640626 -0.0852813720703125 -0.03778076171875 -0.2069091796875
-0.0533065795898438 -0.0833587646484375 -0.115798950195313 -0.154617309570313
-0.0488967895507813 -0.074859619140625 -0.106208801269531 -0.0863189697265625
-0.0626449584960937 -0.0837631225585938 -0.0866851806640625 -0.0617523193359375
-0.0377578735351562 -0.103950500488281 -0.0816726684570313 -0.044830322265625
0.0272293090820312 -0.12249755859375 -0.0805206298828125 -0.02960205078125
0.102066040039062 -0.101890563964844 -0.0924758911132813 -0.0657424926757813
0.178314208984375 0.0111541748046875 -0.0928878784179688 -0.110725402832031
0.200515747070313 0.106338500976563 -0.0880126953125 -0.17132568359375
0.154098510742188 0.201263427734375 -0.056549072265625 -0.170501708984375
0.106552124023437 0.265594482421875 0.123886108398437 -0.1474609375
0.153167724609375 0.153671264648438 0.0821456909179688 0.00955200195312501
0.201278686523437 0.076873779296875 0.151763916015625 0.0609283447265625
0.1734619140625 -0.0580596923828125 0.190109252929688 -0.0631866455078125
0.096435546875 -0.119293212890625 0.110366821289062 -0.144317626953125
-0.00753784179687502 -0.152816772460938 -0.00973510742187501 -0.178054809570313
-0.0750656127929688 -0.136878967285156 -0.0861740112304687 -0.123771667480469
-0.0704574584960937 -0.123970031738281 -0.081634521484375 -0.0529708862304687
-0.0919342041015625 -0.136978149414063 -0.0606689453125 -0.026763916015625
-0.0519561767578125 -0.156280517578125 -0.0684013366699219 -0.00348281860351564
0.0409393310546875 -0.172714233398438 -0.0709915161132812 0.0109100341796875
0.13427734375 -0.134040832519531 -0.0931396484375 -0.0300750732421875
0.22259521484375 0.0211029052734375 -0.097442626953125 -0.0762710571289063
0.227340698242188 0.140426635742187 -0.0657196044921875 -0.127647399902344
0.147064208984375 0.250167846679688 -0.028900146484375 -0.0912704467773437
0.06390380859375 0.305084228515625 0.155242919921875 -0.040191650390625
0.139389038085938 0.228485107421875 0.113311767578125 0.080780029296875
0.237213134765625 0.144744873046875 0.155410766601563 0.10076904296875
0.233840942382813 -0.041839599609375 0.189300537109375 -0.01470947265625
0.140304565429688 -0.140899658203125 0.119606018066406 -0.0901947021484375
0.003021240234375 -0.195205688476563 0.0182037353515625 -0.127029418945313
-0.083892822265625 -0.170516967773438 -0.0457687377929688 -0.0778121948242188
-0.0817718505859375 -0.153106689453125 -0.043243408203125 -0.0121841430664063
-0.110595703125 -0.168731689453125 -0.0227642059326172 0.0155887603759766
-0.06280517578125 -0.185379028320313 -0.0430374145507812 0.0442428588867187
0.0450439453125 -0.202590942382813 -0.0538673400878906 0.0554389953613281
0.148452758789063 -0.151443481445313 -0.0894241333007812 0.00745391845703122
0.2398681640625 0.029052734375 -0.0954971313476562 -0.0474319458007813
0.22589111328125 0.160446166992188 -0.0347976684570312 -0.0863189697265625
0.120330810546875 0.268325805664063 0.000147819519042976 -0.00448131561279295
0.00891113281249999 0.289031982421875 0.1661376953125 0.07470703125
0.090179443359375 0.254623413085938 0.127105712890625 0.157501220703125
0.214691162109375 0.188995361328125 0.143356323242188 0.134429931640625
0.245758056640625 -0.008087158203125 0.168167114257813 0.036102294921875
0.159393310546875 -0.130157470703125 0.111785888671875 -0.0290985107421875
0.01446533203125 -0.201461791992188 0.0394859313964844 -0.06280517578125
-0.07867431640625 -0.177474975585938 -0.00265312194824219 -0.022674560546875
-0.0803375244140625 -0.158401489257813 0.00058555603027343 0.0313720703125
-0.111785888671875 -0.175445556640625 0.0207328796386719 0.0598411560058594
-0.0643463134765625 -0.190078735351563 -0.011749267578125 0.0923309326171875
0.0478973388671875 -0.205322265625 -0.035369873046875 0.0978851318359375
0.150863647460938 -0.145462036132813 -0.0840225219726562 0.0410079956054687
0.230316162109375 0.0447845458984375 -0.0908050537109375 -0.025970458984375
0.19384765625 0.173126220703125 -0.00248336791992186 -0.0479469299316406
0.0736541748046875 0.260360717773438 0.0233383178710938 0.0828170776367188
-0.04449462890625 0.218536376953125 0.158294677734375 0.1732177734375
0.0245361328125 0.2213134765625 0.124435424804687 0.219085693359375
0.1453857421875 0.187026977539063 0.121505737304688 0.15484619140625
0.20294189453125 0.0220489501953125 0.1348876953125 0.0756607055664063
0.143417358398438 -0.0963287353515625 0.0938720703125 0.0232696533203125
0.021484375 -0.171630859375 0.0530166625976563 -0.000484466552734386
-0.061798095703125 -0.153411865234375 0.0375709533691406 0.0310096740722656
-0.0667037963867188 -0.140380859375 0.0438423156738281 0.07000732421875
-0.09503173828125 -0.157989501953125 0.0616607666015625 0.100837707519531
-0.053619384765625 -0.171157836914063 0.0172042846679687 0.136528015136719
0.0491180419921875 -0.181167602539062 -0.02142333984375 0.135406494140625
0.141250610351563 -0.119781494140625 -0.08203125 0.0703964233398437
0.198028564453125 0.061492919921875 -0.0883865356445312 -0.00843048095703126
0.136734008789063 0.174179077148438 0.0208892822265625 -0.00984573364257811
0.0131378173828125 0.224319458007813 0.0319976806640625 0.164413452148438
-0.0888900756835938 0.109886169433594 0.138565063476563 0.233917236328125
-0.0383453369140625 0.143356323242188 0.113372802734375 0.249435424804688
0.0570220947265625 0.141159057617188 0.102096557617187 0.15679931640625
0.1240234375 0.037628173828125 0.105575561523438 0.0964126586914062
0.0975418090820313 -0.0507354736328125 0.0766677856445313 0.0556488037109375
0.019744873046875 -0.113174438476563 0.0617637634277344 0.0460586547851563
-0.03662109375 -0.105361938476563 0.0695114135742188 0.0721588134765625
-0.0429229736328125 -0.0988082885742187 0.0800323486328125 0.0985183715820313
-0.065093994140625 -0.11669921875 0.0943145751953125 0.135490417480469
-0.0352325439453125 -0.128265380859375 0.039215087890625 0.1741943359375
0.0452194213867187 -0.135536193847656 -0.0165557861328125 0.166656494140625
0.114952087402344 -0.0798873901367187 -0.0871200561523438 0.0942153930664063
0.143203735351563 0.071563720703125 -0.0907974243164062 0.00440216064453127
0.0654144287109375 0.152572631835938 0.0288352966308594 0.0262126922607422
-0.0498809814453125 0.158905029296875 0.02130126953125 0.229095458984375
0.0865402221679688 -0.039215087890625 -0.0342559814453125 -0.25799560546875
-0.00885772705078124 -0.100318908691406 -0.0287246704101562 -0.0564727783203125
-0.070281982421875 -0.0450096130371094 0.0982284545898437 0.000755310058593747
-0.0651473999023438 0.0311241149902344 0.125740051269531 -0.113616943359375
-0.0231361389160156 0.0625648498535156 0.03662109375 -0.189376831054688
0.0206375122070313 0.0657234191894531 -0.070770263671875 -0.19561767578125
0.0216522216796875 0.0457725524902344 -0.133987426757813 -0.154693603515625
0.0165672302246094 0.0482597351074219 -0.116020202636719 -0.107002258300781
0.00946807861328126 0.0557479858398438 -0.09783935546875 -0.0830459594726563
-0.0249519348144531 0.0401420593261719 -0.0775299072265625 -0.0729293823242188
-0.0471229553222656 0.00416946411132813 -0.0854873657226563 -0.0670547485351563
-0.0301246643066406 -0.0486793518066406 -0.0950546264648438 -0.104393005371094
0.0358810424804688 -0.075592041015625 -0.0853729248046875 -0.17327880859375
0.098175048828125 -0.0490798950195313 -0.114517211914063 -0.244293212890625
0.125473022460938 0.0053863525390625 -0.111663818359375 -0.260757446289063
0.124031066894531 0.0709609985351563 0.011444091796875 -0.266098022460938
0.0658454895019531 -0.0349159240722656 -0.00101470947265624 -0.0635337829589844
0.0232276916503906 -0.0296096801757813 0.115760803222656 0.005950927734375
0.00154209136962891 -0.0148658752441406 0.146636962890625 -0.116561889648438
0.00318050384521484 -0.00457096099853516 0.057220458984375 -0.196548461914063
-0.00155067443847656 -0.00821638107299805 -0.065673828125 -0.210556030273437
-0.0215721130371094 -0.0174522399902344 -0.13787841796875 -0.160263061523437
-0.0191249847412109 -0.0138530731201172 -0.121353149414063 -0.101654052734375
-0.0288944244384766 -0.015350341796875 -0.1021728515625 -0.0789260864257813
-0.0298137664794922 -0.0348281860351563 -0.0861740112304687 -0.0667877197265625
-0.00449371337890625 -0.0605545043945313 -0.086273193359375 -0.0560302734375
0.0453643798828125 -0.0721969604492188 -0.0946273803710937 -0.0920028686523438
0.114105224609375 -0.0215072631835938 -0.0894622802734375 -0.14617919921875
0.155868530273437 0.039459228515625 -0.1083984375 -0.214309692382812
0.149932861328125 0.114639282226563 -0.090545654296875 -0.2314453125
0.135726928710938 0.17877197265625 0.0648193359375 -0.23046875
0.126083374023438 0.0541229248046875 0.03802490234375 -0.0419731140136719
0.12359619140625 0.00923919677734375 0.137908935546875 0.02459716796875
0.0855941772460938 -0.0513458251953125 0.171463012695313 -0.103485107421875
0.04351806640625 -0.071380615234375 0.082794189453125 -0.184310913085937
-0.014434814453125 -0.0857772827148438 -0.046112060546875 -0.206558227539063
-0.0583877563476562 -0.0814743041992188 -0.12371826171875 -0.1488037109375
-0.0521240234375 -0.0736160278320312 -0.109825134277344 -0.0797882080078125
-0.0672531127929688 -0.081207275390625 -0.0903701782226563 -0.0567550659179688
-0.0427627563476563 -0.102264404296875 -0.0849075317382812 -0.0393600463867188
0.0215606689453125 -0.12359619140625 -0.0842361450195313 -0.0257644653320313
0.098358154296875 -0.106903076171875 -0.0987777709960938 -0.0636215209960938
0.180831909179688 0.004241943359375 -0.0984268188476563 -0.1114501953125
0.205902099609375 0.0979156494140625 -0.0963592529296875 -0.172378540039063
0.162933349609375 0.196868896484375 -0.065521240234375 -0.170684814453125
0.11834716796875 0.2633056640625 0.114456176757813 -0.152908325195312
0.157073974609375 0.148818969726563 0.080047607421875 0.00734710693359376
0.207229614257813 0.068817138671875 0.155929565429688 0.057769775390625
0.171356201171875 -0.06640625 0.189193725585938 -0.069366455078125
0.0915679931640625 -0.123794555664063 0.10595703125 -0.149200439453125
-0.01568603515625 -0.152297973632813 -0.0173187255859375 -0.17840576171875
-0.0831069946289062 -0.13409423828125 -0.0920562744140625 -0.119400024414063
-0.0764007568359375 -0.1212158203125 -0.0824966430664063 -0.04669189453125
-0.0997848510742188 -0.131996154785156 -0.0631065368652344 -0.0222702026367188
-0.0598602294921875 -0.152572631835938 -0.0696258544921875 0.00171661376953124
0.031341552734375 -0.17510986328125 -0.0734024047851563 0.0153274536132812
0.12841796875 -0.140609741210938 -0.098052978515625 -0.025970458984375
0.225296020507813 0.012115478515625 -0.102775573730469 -0.0757827758789062
0.2349853515625 0.131057739257813 -0.0726242065429687 -0.128875732421875
0.15869140625 0.246536254882813 -0.0347747802734375 -0.0916519165039062
0.07781982421875 0.305206298828125 0.150833129882813 -0.0470428466796875
0.14794921875 0.223190307617188 0.113571166992188 0.0781707763671875
0.245819091796875 0.134765625 0.16021728515625 0.0979766845703125
0.232452392578125 -0.0522613525390625 0.190505981445313 -0.020538330078125
0.134307861328125 -0.147537231445313 0.118026733398438 -0.0943984985351563
-0.00749206542968749 -0.194992065429688 0.0127029418945312 -0.127960205078125
-0.0933074951171875 -0.166549682617187 -0.0495758056640625 -0.0748291015625
-0.0889892578125 -0.149810791015625 -0.0433578491210938 -0.00783157348632813
-0.120040893554688 -0.162307739257813 -0.0231189727783203 0.0181770324707031
-0.0727691650390625 -0.181747436523437 -0.0418510437011719 0.0483970642089844
0.033843994140625 -0.20574951171875 -0.0531234741210937 0.0586814880371094
0.14111328125 -0.158370971679688 -0.0919647216796875 0.0122222900390625
0.242691040039063 0.0181427001953125 -0.0999832153320312 -0.0463409423828125
0.23333740234375 0.151138305664063 -0.0401077270507812 -0.0883865356445312
0.133041381835938 0.266464233398437 -0.00161457061767577 -0.00551176071166991
0.022491455078125 0.289337158203125 0.166671752929688 0.068328857421875
0.09918212890625 0.251449584960938 0.131149291992188 0.153274536132813
0.225509643554688 0.181137084960938 0.148300170898438 0.132781982421875
0.245147705078125 -0.0195465087890625 0.170272827148438 0.0316925048828125
0.153213500976563 -0.138336181640625 0.113510131835938 -0.0322952270507813
0.00402832031250002 -0.201751708984375 0.0373344421386719 -0.0647239685058594
-0.0886383056640625 -0.172775268554688 -0.00355529785156251 -0.0216083526611328
-0.087890625 -0.155563354492188 0.00293731689453125 0.0336494445800781
-0.12261962890625 -0.168975830078125 0.0226593017578125 0.0599861145019531
-0.0750732421875 -0.186553955078125 -0.00772857666015626 0.0949935913085937
0.035797119140625 -0.208526611328125 -0.0327224731445313 0.100494384765625
0.14349365234375 -0.153518676757812 -0.0850372314453125 0.0452423095703125
0.234481811523438 0.0340576171875 -0.0945663452148437 -0.0235061645507813
0.202346801757813 0.1646728515625 -0.00647735595703124 -0.0509872436523437
0.086090087890625 0.259765625 0.0250167846679688 0.0802841186523438
-0.0339202880859375 0.221221923828125 0.16351318359375 0.168075561523438
0.0337371826171875 0.221282958984375 0.132369995117187 0.215118408203125
0.155914306640625 0.181549072265625 0.127487182617188 0.153457641601562
0.204513549804688 0.01190185546875 0.138534545898438 0.0727996826171875
0.138618469238281 -0.102859497070313 0.09674072265625 0.0204620361328125
0.0123748779296875 -0.171875 0.0537185668945313 -0.00271224975585939
-0.0700531005859375 -0.151016235351563 0.0398902893066406 0.0305366516113281
-0.0735244750976562 -0.136978149414063 0.0476760864257812 0.0699195861816406
-0.104843139648438 -0.152206420898437 0.06646728515625 0.0990371704101562
-0.063629150390625 -0.16748046875 0.02337646484375 0.137550354003906
0.0382843017578125 -0.185012817382813 -0.0165786743164062 0.13739013671875
0.13482666015625 -0.127166748046875 -0.081634521484375 0.075286865234375
0.202423095703125 0.052215576171875 -0.0910568237304687 -0.00548553466796875
0.1446533203125 0.167510986328125 0.0190505981445313 -0.0132484436035156
0.0230712890625 0.225799560546875 0.038970947265625 0.161880493164063
-0.0833892822265625 0.114227294921875 0.148574829101563 0.22943115234375
-0.0323486328125 0.144744873046875 0.123672485351563 0.247512817382813
0.0649948120117188 0.139427185058594 0.107513427734375 0.156036376953125
0.125679016113281 0.0305709838867187 0.109901428222656 0.0953292846679688
0.094024658203125 -0.0552825927734375 0.080841064453125 0.0541000366210938
0.0135421752929688 -0.113533020019531 0.0649337768554688 0.0433158874511719
-0.0419921875 -0.102973937988281 0.0735092163085938 0.0696334838867188
-0.0484771728515625 -0.0966567993164062 0.0850601196289063 0.0967636108398438
-0.0720138549804688 -0.111968994140625 0.10076904296875 0.131271362304688
-0.0429763793945313 -0.126152038574219 0.04754638671875 0.173370361328125
0.0370941162109375 -0.137916564941406 -0.00944519042968751 0.167816162109375
0.110923767089844 -0.0860671997070313 -0.0850906372070313 0.0986862182617187
0.146530151367187 0.064422607421875 -0.0924758911132812 0.00717163085937499
0.0715484619140625 0.149002075195312 0.0296077728271484 0.0230388641357422
-0.0431671142578125 0.16162109375 0.0310211181640625 0.227508544921875
0.087371826171875 -0.0409088134765625 -0.0417327880859375 -0.258026123046875
-0.01171875 -0.0990066528320313 -0.0316085815429688 -0.0542068481445312
-0.0722274780273438 -0.0436553955078125 0.101211547851563 -0.000419616699218753
-0.0636215209960938 0.0331001281738281 0.126060485839844 -0.117538452148438
-0.0213050842285156 0.0626792907714844 0.033447265625 -0.191970825195313
0.0219154357910156 0.0647392272949219 -0.0746307373046875 -0.196640014648438
0.0232048034667969 0.0448036193847656 -0.138534545898438 -0.152877807617188
0.0185546875 0.0471153259277344 -0.119178771972656 -0.105514526367188
0.0122032165527344 0.0544204711914063 -0.100669860839844 -0.0806350708007813
-0.0224075317382812 0.0406723022460937 -0.08038330078125 -0.072113037109375
-0.0453567504882812 0.00506591796875 -0.0879058837890625 -0.0661087036132813
-0.0306816101074219 -0.048492431640625 -0.0986099243164063 -0.105842590332031
0.0339126586914063 -0.0754776000976563 -0.0894622802734375 -0.176239013671875
0.096710205078125 -0.0506210327148438 -0.12005615234375 -0.246978759765625
0.125846862792969 0.00279998779296875 -0.118057250976562 -0.262893676757813
0.126869201660156 0.0700531005859375 0.00318908691406251 -0.267288208007813
0.063201904296875 -0.0349006652832031 -0.00484848022460938 -0.0625190734863281
0.0226211547851563 -0.0301094055175781 0.119331359863281 0.004791259765625
0.00234794616699219 -0.0153865814208984 0.147323608398437 -0.120223999023437
0.00424957275390625 -0.00490808486938477 0.0542755126953125 -0.200103759765625
-0.00256443023681641 -0.00904273986816406 -0.069854736328125 -0.21063232421875
-0.0226192474365234 -0.0178031921386719 -0.142913818359375 -0.157913208007813
-0.0188846588134766 -0.014801025390625 -0.124313354492187 -0.0986557006835938
-0.0291805267333984 -0.0156173706054688 -0.104972839355469 -0.0758438110351562
-0.0299358367919922 -0.0345745086669922 -0.0892715454101563 -0.0647430419921875
-0.00460052490234375 -0.0606575012207031 -0.0898361206054687 -0.0535888671875
0.0444564819335938 -0.0737762451171875 -0.0993118286132813 -0.0923080444335938
0.115432739257813 -0.0229263305664063 -0.093170166015625 -0.15008544921875
0.15753173828125 0.037109375 -0.113479614257812 -0.217361450195313
0.153045654296875 0.113235473632813 -0.09564208984375 -0.233963012695313
0.141006469726562 0.178955078125 0.0577239990234375 -0.233062744140625
0.125762939453125 0.053466796875 0.0345535278320313 -0.0419273376464844
0.125526428222656 0.0065460205078125 0.141738891601563 0.024261474609375
0.0857162475585938 -0.0543594360351563 0.172698974609375 -0.106704711914062
0.0430221557617188 -0.072845458984375 0.0816497802734375 -0.187469482421875
-0.0170516967773437 -0.0856552124023438 -0.0506591796875 -0.206924438476563
-0.0621871948242187 -0.0804443359375 -0.12841796875 -0.14642333984375
-0.05389404296875 -0.0738677978515625 -0.111259460449219 -0.0770339965820312
-0.069580078125 -0.0801544189453125 -0.09228515625 -0.0533447265625
-0.04583740234375 -0.101448059082031 -0.0874481201171875 -0.03594970703125
0.0186996459960937 -0.124977111816406 -0.0875244140625 -0.0233154296875
0.0975723266601562 -0.110092163085937 -0.103385925292969 -0.06304931640625
0.183685302734375 0.001678466796875 -0.102691650390625 -0.114700317382812
0.2095947265625 0.09442138671875 -0.101348876953125 -0.175567626953125
0.168258666992188 0.19635009765625 -0.070220947265625 -0.172866821289062
0.124725341796875 0.265045166015625 0.109130859375 -0.15667724609375
0.159210205078125 0.1480712890625 0.0769805908203125 0.00717926025390626
0.211471557617187 0.0655059814453125 0.159286499023438 0.0578155517578125
0.171340942382813 -0.0704498291015625 0.190841674804687 -0.0718536376953125
0.0904922485351563 -0.126426696777344 0.106399536132813 -0.151962280273438
-0.0204010009765625 -0.152984619140625 -0.0211181640625 -0.179473876953125
-0.0884170532226563 -0.133010864257812 -0.0956344604492188 -0.117256164550781
-0.0796279907226562 -0.121238708496094 -0.083343505859375 -0.0436325073242188
-0.10528564453125 -0.129753112792969 -0.0640411376953125 -0.0193405151367188
-0.0645599365234375 -0.151657104492188 -0.0708389282226562 0.00497436523437498
0.0269317626953125 -0.177215576171875 -0.0755538940429688 0.0180511474609375
0.125900268554688 -0.145263671875 -0.102485656738281 -0.0247116088867188
0.22943115234375 0.0075531005859375 -0.1058349609375 -0.077728271484375
0.2398681640625 0.127410888671875 -0.07745361328125 -0.131919860839844
0.16534423828125 0.247909545898437 -0.0380477905273437 -0.09356689453125
0.084320068359375 0.30657958984375 0.148391723632813 -0.0500946044921875
0.150848388671875 0.222564697265625 0.11297607421875 0.0773162841796875
0.253173828125 0.131271362304688 0.163787841796875 0.098388671875
0.232589721679688 -0.058074951171875 0.192306518554688 -0.0215606689453125
0.132888793945313 -0.151214599609375 0.119598388671875 -0.0962677001953125
-0.0133056640625 -0.195083618164062 0.0104141235351562 -0.129547119140625
-0.099853515625 -0.1658935546875 -0.0513839721679688 -0.0727462768554688
-0.093109130859375 -0.1494140625 -0.0425033569335938 -0.00434875488281251
-0.126922607421875 -0.158676147460938 -0.0234031677246094 0.0206623077392578
-0.079315185546875 -0.180160522460937 -0.0420188903808594 0.0512847900390625
0.026885986328125 -0.207672119140625 -0.0544013977050781 0.0614166259765625
0.137786865234375 -0.164596557617188 -0.0950927734375 0.0139389038085937
0.2467041015625 0.012969970703125 -0.103286743164062 -0.0465316772460938
0.239425659179688 0.14678955078125 -0.0439453125 -0.0913543701171875
0.14031982421875 0.267166137695312 -0.00331878662109374 -0.00690317153930662
0.02813720703125 0.29217529296875 0.166854858398438 0.066375732421875
0.104415893554688 0.251220703125 0.132095336914063 0.152679443359375
0.233566284179687 0.178466796875 0.151290893554688 0.13372802734375
0.2467041015625 -0.025390625 0.172775268554688 0.0312347412109375
0.152450561523438 -0.1416015625 0.116043090820313 -0.0335235595703125
-0.00175476074218751 -0.202178955078125 0.0368881225585937 -0.0658798217773438
-0.0942230224609375 -0.17138671875 -0.00400733947753907 -0.0200920104980469
-0.0927734375 -0.155197143554688 0.00466918945312499 0.035980224609375
-0.128875732421875 -0.16497802734375 0.0234947204589844 0.0612373352050781
-0.0813751220703125 -0.184890747070313 -0.00617218017578126 0.096923828125
0.0283660888671875 -0.210586547851563 -0.03204345703125 0.102149963378906
0.139877319335938 -0.15838623046875 -0.0864791870117187 0.0487747192382812
0.238296508789063 0.0283355712890625 -0.097747802734375 -0.0228729248046875
0.207687377929688 0.160720825195313 -0.00866317749023436 -0.053375244140625
0.0917510986328125 0.261474609375 0.0262374877929688 0.0797805786132813
-0.02960205078125 0.224136352539063 0.166519165039062 0.166427612304688
0.03802490234375 0.222274780273438 0.135482788085937 0.215408325195313
0.163803100585938 0.180038452148438 0.13067626953125 0.154769897460938
0.205307006835938 0.0070343017578125 0.141586303710938 0.0732574462890625
0.137046813964844 -0.106414794921875 0.100120544433594 0.020263671875
0.00711059570312501 -0.1719970703125 0.0546722412109375 -0.00400543212890626
-0.07568359375 -0.150009155273438 0.0414009094238281 0.0304527282714844
-0.0774307250976563 -0.136375427246094 0.0505294799804687 0.0711746215820312
-0.1109619140625 -0.147720336914063 0.0684738159179688 0.0990066528320312
-0.070281982421875 -0.16595458984375 0.0265579223632812 0.139015197753906
0.031951904296875 -0.187088012695313 -0.0142059326171875 0.138755798339844
0.132034301757813 -0.131507873535156 -0.0822372436523438 0.0777587890625
0.205963134765625 0.047882080078125 -0.093536376953125 -0.00460815429687499
0.150390625 0.164871215820313 0.0185050964355469 -0.0157852172851562
0.0285491943359375 0.228683471679687 0.0417633056640625 0.160903930664063
-0.0809402465820313 0.116531372070313 0.1527099609375 0.229019165039063
-0.0291900634765625 0.146514892578125 0.12799072265625 0.248184204101562
0.0702896118164063 0.13848876953125 0.110641479492187 0.157241821289063
0.126724243164063 0.0267868041992188 0.113754272460938 0.09674072265625
0.0930557250976563 -0.05743408203125 0.0843658447265625 0.0533676147460937
0.0101547241210937 -0.113082885742188 0.0669631958007813 0.0420036315917969
-0.0453033447265625 -0.102554321289062 0.0768051147460938 0.0685882568359375
-0.0517425537109375 -0.0960311889648438 0.088531494140625 0.0964508056640625
-0.0766983032226563 -0.108634948730469 0.103965759277344 0.130607604980469
-0.0475997924804687 -0.12493896484375 0.0516357421875 0.17425537109375
0.032073974609375 -0.140357971191406 -0.00692749023437501 0.169235229492188
0.108642578125 -0.089569091796875 -0.0843505859375 0.101730346679688
0.149551391601563 0.06158447265625 -0.0947265625 0.00875854492187502
0.075714111328125 0.147293090820313 0.0302352905273438 0.0208415985107422
-0.0390167236328125 0.164276123046875 0.0364532470703125 0.227294921875
0.0911026000976562 -0.042510986328125 -0.0467681884765625 -0.263763427734375
-0.014068603515625 -0.1005859375 -0.0350189208984375 -0.0534706115722656
-0.0752944946289063 -0.0440521240234375 0.10723876953125 -0.000717163085937503
-0.0643386840820313 0.0337905883789063 0.130363464355469 -0.123023986816406
-0.0203666687011719 0.0635490417480469 0.032806396484375 -0.198532104492188
0.0235481262207031 0.0662841796875 -0.077972412109375 -0.201919555664063
0.0247077941894531 0.0450706481933594 -0.145858764648438 -0.15618896484375
0.0205726623535156 0.0468063354492188 -0.124336242675781 -0.108169555664062
0.0145263671875 0.0543899536132813 -0.104759216308594 -0.082427978515625
-0.0212440490722656 0.04217529296875 -0.08453369140625 -0.0730743408203125
-0.045684814453125 0.00572586059570312 -0.0926132202148438 -0.0675811767578125
-0.03192138671875 -0.0497627258300781 -0.104095458984375 -0.110260009765625
0.033966064453125 -0.0775070190429688 -0.0932464599609375 -0.1849365234375
0.0986328125 -0.052764892578125 -0.125335693359375 -0.256195068359375
0.130058288574219 0.00153350830078125 -0.123321533203125 -0.272781372070313
0.133201599121094 0.0720748901367188 -0.000961303710937522 -0.274505615234375
0.0637283325195313 -0.0343513488769531 -0.00807189941406249 -0.0619049072265625
0.0234241485595703 -0.0313014984130859 0.125007629394531 0.0052337646484375
0.0032501220703125 -0.0160446166992188 0.1527099609375 -0.125106811523438
0.00519371032714844 -0.00597763061523437 0.055145263671875 -0.2069091796875
-0.00231742858886719 -0.00920295715332031 -0.0733184814453125 -0.216690063476563
-0.0245208740234375 -0.0182914733886719 -0.149612426757812 -0.160781860351563
-0.0196571350097656 -0.0165443420410156 -0.127983093261719 -0.100486755371094
-0.0295543670654297 -0.0165767669677734 -0.109886169433594 -0.07672119140625
-0.0304527282714844 -0.0344028472900391 -0.093597412109375 -0.065277099609375
-0.00494384765625 -0.0622482299804687 -0.0945892333984375 -0.05438232421875
0.0461959838867188 -0.0765838623046875 -0.105262756347656 -0.09576416015625
0.119606018066406 -0.0236129760742188 -0.098358154296875 -0.157913208007813
0.162155151367188 0.03631591796875 -0.119964599609375 -0.227066040039063
0.158905029296875 0.116165161132813 -0.101181030273438 -0.242645263671875
0.147872924804688 0.185150146484375 0.0545806884765625 -0.239959716796875
0.128662109375 0.05609130859375 0.0318336486816406 -0.0416374206542969
0.131065368652344 0.0062103271484375 0.147689819335937 0.0259857177734375
0.0878829956054688 -0.0567474365234375 0.17803955078125 -0.110733032226562
0.04425048828125 -0.0761871337890625 0.083740234375 -0.194732666015625
-0.0192794799804688 -0.0876922607421875 -0.053619384765625 -0.21319580078125
-0.066497802734375 -0.0827102661132813 -0.13409423828125 -0.1492919921875
-0.0557174682617188 -0.07733154296875 -0.114303588867187 -0.077301025390625
-0.072845458984375 -0.0817947387695313 -0.0966720581054688 -0.0531997680664062
-0.047760009765625 -0.103233337402344 -0.0908737182617188 -0.0349502563476563
0.0180130004882813 -0.128982543945313 -0.0925369262695313 -0.022705078125
0.0998458862304688 -0.114677429199219 -0.109474182128906 -0.0656890869140625
0.191574096679688 0.00054931640625 -0.1075439453125 -0.121292114257813
0.216766357421875 0.0957183837890625 -0.107528686523438 -0.184280395507812
0.175857543945313 0.202560424804688 -0.07427978515625 -0.179306030273438
0.131423950195313 0.27386474609375 0.107986450195313 -0.16168212890625
0.163040161132813 0.153549194335938 0.0763092041015625 0.00793457031250001
0.220550537109375 0.065521240234375 0.165985107421875 0.06109619140625
0.176025390625 -0.07489013671875 0.197555541992187 -0.0746917724609375
0.0934219360351563 -0.132102966308594 0.1104736328125 -0.157867431640625
-0.0231475830078125 -0.156524658203125 -0.0232696533203125 -0.184722900390625
-0.0943756103515625 -0.135902404785156 -0.100074768066406 -0.119049072265625
-0.0836944580078125 -0.125877380371094 -0.0844650268554687 -0.0424652099609375
-0.110763549804688 -0.131340026855469 -0.0668411254882812 -0.0174484252929688
-0.069183349609375 -0.154434204101563 -0.0735549926757813 0.00756835937499998
0.02410888671875 -0.183319091796875 -0.0792922973632812 0.0202102661132812
0.12847900390625 -0.151336669921875 -0.108314514160156 -0.0254364013671875
0.238723754882812 0.0064849853515625 -0.111862182617187 -0.0827255249023437
0.24853515625 0.128494262695313 -0.0826797485351562 -0.138816833496094
0.172683715820312 0.255905151367187 -0.0408554077148437 -0.0980224609375
0.089752197265625 0.317413330078125 0.14947509765625 -0.05255126953125
0.15570068359375 0.230361938476563 0.113838195800781 0.0794677734375
0.263931274414063 0.134048461914063 0.169281005859375 0.103836059570313
0.239181518554687 -0.0620269775390625 0.199234008789063 -0.021942138671875
0.136322021484375 -0.15740966796875 0.125152587890625 -0.0999984741210938
-0.016143798828125 -0.200836181640625 0.01007080078125 -0.133956909179688
-0.10614013671875 -0.169281005859375 -0.0539321899414063 -0.073638916015625
-0.0987396240234375 -0.153854370117188 -0.0423011779785156 -0.00181198120117188
-0.133163452148438 -0.160537719726563 -0.024261474609375 0.0230731964111328
-0.08514404296875 -0.183029174804688 -0.0428504943847656 0.0554885864257813
0.0238037109375 -0.214492797851563 -0.0570068359375 0.0648536682128906
0.139205932617188 -0.171066284179688 -0.100090026855469 0.0154647827148438
0.257354736328125 0.010498046875 -0.108879089355469 -0.0498428344726563
0.248703002929688 0.148544311523437 -0.0482025146484375 -0.0970535278320312
0.147659301757813 0.27752685546875 -0.00410270690917968 -0.00845479965209959
0.031829833984375 0.30242919921875 0.169677734375 0.066925048828125
0.10797119140625 0.260482788085938 0.134597778320313 0.157257080078125
0.244400024414063 0.181106567382812 0.157058715820313 0.140625
0.253509521484375 -0.0294952392578125 0.1800537109375 0.033721923828125
0.156219482421875 -0.147186279296875 0.12139892578125 -0.0350799560546875
-0.00402832031250002 -0.206314086914063 0.037353515625 -0.0689926147460938
-0.101028442382813 -0.175247192382813 -0.00445175170898438 -0.0194015502929688
-0.0981597900390625 -0.15911865234375 0.00632095336914062 0.0388679504394531
-0.136306762695313 -0.166244506835937 0.0243988037109375 0.0643272399902343
-0.087493896484375 -0.18743896484375 -0.00560760498046876 0.101936340332031
0.02447509765625 -0.217681884765625 -0.0332107543945313 0.1068115234375
0.141403198242188 -0.166183471679688 -0.0909194946289062 0.050933837890625
0.247467041015625 0.026214599609375 -0.102378845214844 -0.024200439453125
0.216644287109375 0.162979125976563 -0.0108146667480469 -0.0576438903808594
0.0984954833984375 0.270904541015625 0.027496337890625 0.0813369750976563
-0.0278472900390625 0.232192993164063 0.171859741210938 0.17083740234375
0.040252685546875 0.229690551757813 0.139022827148438 0.221527099609375
0.173370361328125 0.184356689453125 0.134536743164063 0.162002563476562
0.211639404296875 0.0041961669921875 0.147613525390625 0.077056884765625
0.14031982421875 -0.110694885253906 0.106178283691406 0.0210723876953125
0.00456237792968749 -0.176620483398438 0.057281494140625 -0.00490188598632814
-0.0809783935546875 -0.152374267578125 0.0435104370117187 0.0311698913574219
-0.0821456909179688 -0.1396484375 0.0545730590820313 0.0746002197265625
-0.117233276367188 -0.149551391601563 0.0715408325195312 0.102462768554687
-0.0759735107421875 -0.168167114257813 0.0286407470703125 0.144668579101563
0.028228759765625 -0.192886352539062 -0.0141448974609375 0.143569946289063
0.133766174316406 -0.13775634765625 -0.08477783203125 0.0814361572265625
0.213638305664063 0.046722412109375 -0.0976715087890625 -0.00464630126953123
0.157211303710938 0.167098999023438 0.0185985565185547 -0.0184383392333984
0.0330810546875 0.23626708984375 0.0447235107421875 0.164993286132813
-0.08203125 0.12091064453125 0.158523559570313 0.235946655273438
-0.028900146484375 0.151626586914063 0.133880615234375 0.256591796875
0.0758209228515625 0.141876220703125 0.114410400390625 0.16387939453125
0.130851745605469 0.0254745483398438 0.119293212890625 0.102096557617188
0.0949172973632813 -0.06036376953125 0.09033203125 0.0555648803710937
0.00886535644531249 -0.115554809570313 0.0707244873046875 0.0416946411132812
-0.0491256713867188 -0.104415893554687 0.081085205078125 0.0694351196289062
-0.0543746948242188 -0.0984268188476562 0.0934066772460938 0.0998001098632813
-0.0807418823242188 -0.10986328125 0.107986450195313 0.134239196777344
-0.0521087646484375 -0.126243591308594 0.0551605224609375 0.180145263671875
0.02996826171875 -0.14398193359375 -0.00529479980468751 0.17413330078125
0.111251831054688 -0.09375 -0.087249755859375 0.105484008789063
0.155258178710938 0.061279296875 -0.0983047485351562 0.00916290283203127
0.079010009765625 0.150802612304688 0.0317649841308594 0.0187892913818359
-0.0384063720703125 0.170455932617188 0.0395660400390625 0.232467651367188
0.0966720581054688 -0.0476913452148438 -0.0555419921875 -0.276473999023438
-0.0170974731445313 -0.103813171386719 -0.0392723083496094 -0.052093505859375
-0.081329345703125 -0.0446701049804688 0.115036010742187 -0.0023345947265625
-0.0667228698730469 0.0364570617675781 0.136054992675781 -0.133384704589844
-0.01995849609375 0.0677871704101562 0.0301666259765625 -0.210357666015625
0.0274696350097656 0.069122314453125 -0.0858306884765625 -0.212432861328125
0.0274200439453125 0.046478271484375 -0.158050537109375 -0.161712646484375
0.0235404968261719 0.0471076965332031 -0.133995056152344 -0.111595153808594
0.0180778503417969 0.0548210144042969 -0.113151550292969 -0.0845413208007813
-0.0197181701660156 0.0450439453125 -0.0920333862304688 -0.0755996704101563
-0.0466575622558594 0.00750732421875 -0.100105285644531 -0.0693130493164062
-0.0348625183105469 -0.0509223937988281 -0.114448547363281 -0.116569519042969
0.0339813232421875 -0.0821609497070313 -0.10284423828125 -0.197296142578125
0.101280212402344 -0.0575408935546875 -0.138092041015625 -0.270339965820313
0.137435913085937 -0.00133514404296875 -0.1361083984375 -0.288421630859375
0.143203735351563 0.073699951171875 -0.009124755859375 -0.288238525390625
0.0656967163085937 -0.0357170104980469 -0.0124473571777344 -0.0622940063476563
0.0248527526855469 -0.0337753295898438 0.134574890136719 0.00394439697265625
0.00338363647460938 -0.0183963775634766 0.159530639648437 -0.135787963867187
0.00592279434204101 -0.00637531280517578 0.0543670654296875 -0.219955444335938
-0.00289440155029297 -0.00933074951171875 -0.0826416015625 -0.228195190429687
-0.0265312194824219 -0.0189228057861328 -0.162353515625 -0.16607666015625
-0.0209693908691406 -0.018646240234375 -0.137557983398437 -0.103012084960938
-0.0305404663085938 -0.0178432464599609 -0.117469787597656 -0.0779647827148438
-0.0315055847167969 -0.0354156494140625 -0.100914001464844 -0.0656967163085937
-0.00578689575195313 -0.0659370422363281 -0.102500915527344 -0.0551300048828125
0.0474777221679688 -0.08160400390625 -0.115776062011719 -0.101318359375
0.126487731933594 -0.0272445678710937 -0.108474731445313 -0.169647216796875
0.171371459960938 0.03521728515625 -0.132339477539062 -0.2412109375
0.170120239257813 0.120620727539063 -0.112930297851563 -0.25750732421875
0.161285400390625 0.193954467773438 0.0498809814453125 -0.25335693359375
0.135459899902344 0.0588150024414063 0.0299720764160156 -0.0428276062011719
0.139511108398438 0.0035247802734375 0.158706665039063 0.0262298583984375
0.0920867919921875 -0.0623397827148438 0.18798828125 -0.119537353515625
0.04638671875 -0.0826416015625 0.085968017578125 -0.207870483398438
-0.0229034423828125 -0.092193603515625 -0.0613250732421875 -0.224197387695313
-0.072998046875 -0.0850067138671875 -0.1455078125 -0.15264892578125
-0.0614471435546875 -0.08160400390625 -0.121543884277344 -0.0778274536132812
-0.0791854858398438 -0.0847244262695313 -0.103866577148438 -0.0523300170898437
-0.0523300170898437 -0.10748291015625 -0.0974807739257813 -0.03326416015625
0.015777587890625 -0.136207580566406 -0.100265502929687 -0.0208358764648437
0.103462219238281 -0.123466491699219 -0.120407104492188 -0.0684738159179688
0.203826904296875 -0.0029144287109375 -0.118110656738281 -0.13037109375
0.230728149414063 0.09576416015625 -0.119827270507812 -0.196319580078125
0.190017700195312 0.212112426757813 -0.0828857421875 -0.190887451171875
0.145172119140625 0.28851318359375 0.10833740234375 -0.172378540039062
0.174285888671875 0.16131591796875 0.0773468017578125 0.00830841064453126
0.236373901367188 0.065460205078125 0.17755126953125 0.064056396484375
0.184188842773438 -0.083038330078125 0.209091186523438 -0.0809326171875
0.0971221923828125 -0.141708374023438 0.116241455078125 -0.169708251953125
-0.0291900634765625 -0.16436767578125 -0.02838134765625 -0.19561767578125
-0.103836059570312 -0.140670776367188 -0.108444213867188 -0.121772766113281
-0.0917739868164062 -0.131607055664063 -0.0887374877929688 -0.0418167114257813
-0.120071411132812 -0.135467529296875 -0.0710678100585938 -0.015716552734375
-0.07696533203125 -0.160675048828125 -0.0781097412109375 0.0120010375976562
0.0205078125 -0.193588256835938 -0.085479736328125 0.0239944458007812
0.132614135742188 -0.163650512695313 -0.117805480957031 -0.0256271362304688
0.255142211914063 0.0010528564453125 -0.122123718261719 -0.0893173217773438
0.265640258789063 0.129989624023438 -0.092681884765625 -0.1488037109375
0.189102172851563 0.269149780273437 -0.0457382202148438 -0.104598999023437
0.101898193359375 0.335357666015625 0.1531982421875 -0.0577239990234375
0.167587280273438 0.242218017578125 0.117698669433594 0.0836181640625
0.28436279296875 0.135711669921875 0.1820068359375 0.110244750976563
0.2520751953125 -0.071197509765625 0.211990356445313 -0.0243988037109375
0.142196655273438 -0.169158935546875 0.132514953613281 -0.108245849609375
-0.0218048095703125 -0.21063232421875 0.0078277587890625 -0.142166137695313
-0.117477416992188 -0.175613403320313 -0.0589447021484375 -0.07525634765625
-0.108169555664063 -0.161422729492188 -0.0423355102539063 0.00112152099609375
-0.145523071289063 -0.165496826171875 -0.0259532928466797 0.0271072387695312
-0.095733642578125 -0.189620971679688 -0.0445709228515625 0.06097412109375
0.0182342529296875 -0.226425170898438 -0.0607376098632812 0.0707931518554687
0.144195556640625 -0.184616088867188 -0.108306884765625 0.01824951171875
0.2742919921875 0.00482177734375 -0.118576049804687 -0.0533294677734375
0.26708984375 0.150604248046875 -0.054473876953125 -0.104743957519531
0.16259765625 0.2921142578125 -0.00530052185058593 -0.0104131698608398
0.04119873046875 0.320648193359375 0.17791748046875 0.067962646484375
0.11883544921875 0.273834228515625 0.142333984375 0.164657592773438
0.264923095703125 0.186782836914063 0.16864013671875 0.148941040039063
0.267181396484375 -0.036407470703125 0.191009521484375 0.035003662109375
0.162689208984375 -0.15960693359375 0.130668640136719 -0.0392837524414063
-0.01055908203125 -0.216995239257813 0.0377273559570313 -0.0745849609375
-0.112335205078125 -0.181365966796875 -0.00424766540527345 -0.0205821990966797
-0.108474731445313 -0.1666259765625 0.0101127624511719 0.0433235168457031
-0.148910522460938 -0.170867919921875 0.0272216796875 0.0693740844726562
-0.098907470703125 -0.194671630859375 -0.00415802001953125 0.109443664550781
0.01861572265625 -0.229949951171875 -0.0340576171875 0.114395141601562
0.145004272460938 -0.179534912109375 -0.0962982177734375 0.0561294555664063
0.264801025390625 0.02069091796875 -0.110076904296875 -0.0256195068359375
0.232452392578125 0.166030883789062 -0.0139312744140625 -0.0631370544433594
0.110321044921875 0.2857666015625 0.030517578125 0.0844039916992188
-0.02496337890625 0.246475219726563 0.1822509765625 0.178146362304688
0.046295166015625 0.242507934570313 0.149856567382813 0.232101440429688
0.188949584960938 0.190658569335938 0.14501953125 0.171783447265625
0.223373413085938 -0.0007781982421875 0.1591796875 0.081939697265625
0.146621704101563 -0.120376586914063 0.115020751953125 0.0205307006835937
0.000274658203124999 -0.185348510742188 0.0606193542480469 -0.00741577148437501
-0.09027099609375 -0.158248901367188 0.0471878051757812 0.0326728820800781
-0.0912017822265625 -0.145675659179688 0.0613479614257812 0.07916259765625
-0.12890625 -0.15289306640625 0.078155517578125 0.107887268066406
-0.085418701171875 -0.174346923828125 0.0337677001953125 0.153961181640625
0.0235137939453125 -0.203872680664063 -0.0124664306640625 0.152374267578125
0.137619018554688 -0.149795532226563 -0.0890960693359375 0.0885238647460938
0.2286376953125 0.0438232421875 -0.105178833007812 -0.003662109375
0.170013427734375 0.173019409179688 0.0185050964355469 -0.0225296020507812
0.040771484375 0.249969482421875 0.05029296875 0.172164916992188
-0.0832901000976562 0.128799438476563 0.169845581054688 0.24688720703125
-0.0262451171875 0.161666870117188 0.145767211914063 0.269241333007813
0.0853424072265625 0.1475830078125 0.123611450195312 0.175079345703125
0.138114929199219 0.0234832763671875 0.129722595214844 0.107803344726563
0.0993423461914063 -0.0655364990234375 0.0987014770507813 0.0575637817382813
0.00516510009765626 -0.121734619140625 0.0765838623046875 0.0421295166015625
-0.0552749633789063 -0.108596801757812 0.087890625 0.0718841552734375
-0.0605087280273438 -0.102737426757813 0.102058410644531 0.104118347167969
-0.0882720947265625 -0.112586975097656 0.117576599121094 0.140426635742188
-0.0588531494140625 -0.131385803222656 0.0619964599609375 0.189773559570313
0.0267486572265625 -0.15301513671875 -0.00286865234374998 0.184158325195313
0.113807678222656 -0.102279663085937 -0.0907745361328125 0.113777160644531
0.166580200195313 0.0608673095703125 -0.105453491210937 0.0112457275390625
0.0871734619140625 0.157135009765625 0.0340652465820313 0.016510009765625
-0.0350189208984375 0.1807861328125 0.047027587890625 0.2432861328125
0.101364135742188 -0.0568313598632812 -0.073699951171875 -0.29052734375
-0.02374267578125 -0.108108520507812 -0.045745849609375 -0.0500679016113281
-0.0891647338867188 -0.04254150390625 0.125083923339844 -0.00811004638671876
-0.0682487487792969 0.0416030883789062 0.139022827148437 -0.148895263671875
-0.0169448852539062 0.0722808837890625 0.0223236083984375 -0.225677490234375
0.0339431762695313 0.0713119506835937 -0.101470947265625 -0.222244262695312
0.0325126647949219 0.0473403930664063 -0.176712036132813 -0.164474487304687
0.0277786254882813 0.0476417541503906 -0.14837646484375 -0.1129150390625
0.0233650207519531 0.055145263671875 -0.12542724609375 -0.0841293334960938
-0.0164756774902344 0.0482330322265625 -0.102485656738281 -0.076446533203125
-0.0485916137695313 0.0106277465820313 -0.110847473144531 -0.0693893432617187
-0.0394630432128906 -0.052734375 -0.129615783691406 -0.120590209960938
0.0313720703125 -0.088409423828125 -0.121322631835938 -0.209060668945312
0.103843688964844 -0.06524658203125 -0.160430908203125 -0.283355712890625
0.14666748046875 -0.00836181640625 -0.1588134765625 -0.30364990234375
0.158370971679688 0.0712127685546875 -0.025909423828125 -0.305328369140625
0.0677833557128906 -0.0394172668457031 -0.0183830261230469 -0.0629806518554688
0.0249099731445313 -0.0366706848144531 0.145797729492187 -0.001312255859375
0.00264358520507812 -0.0201930999755859 0.16461181640625 -0.151779174804687
0.00665378570556641 -0.00943756103515625 0.047515869140625 -0.236602783203125
-0.00301933288574219 -0.00986576080322266 -0.0986175537109375 -0.239089965820312
-0.0300388336181641 -0.0185775756835937 -0.181610107421875 -0.16815185546875
-0.0230693817138672 -0.019989013671875 -0.151092529296875 -0.102981567382812
-0.0331516265869141 -0.0186958312988281 -0.129364013671875 -0.076324462890625
-0.0344505310058594 -0.0361328125 -0.11114501953125 -0.064666748046875
-0.00890350341796875 -0.0692787170410156 -0.113487243652344 -0.0538864135742187
0.0463104248046875 -0.0892791748046875 -0.131340026855469 -0.104454040527344
0.134422302246094 -0.0348587036132812 -0.125869750976562 -0.179885864257813
0.183197021484375 0.028961181640625 -0.154983520507813 -0.252914428710938
0.187850952148438 0.120758056640625 -0.1331787109375 -0.271209716796875
0.183181762695313 0.198898315429688 0.0388946533203125 -0.272048950195313
0.146530151367188 0.0582275390625 0.0270919799804688 -0.0444068908691406
0.14935302734375 -0.0034942626953125 0.17218017578125 0.021881103515625
0.0951995849609375 -0.0719223022460938 0.195892333984375 -0.136123657226563
0.0465621948242188 -0.0916061401367188 0.0823822021484375 -0.22607421875
-0.029266357421875 -0.0966567993164063 -0.0764312744140625 -0.2362060546875
-0.08343505859375 -0.0860748291015625 -0.162796020507812 -0.155136108398438
-0.069915771484375 -0.0849380493164063 -0.131980895996094 -0.0759429931640625
-0.0894775390625 -0.086639404296875 -0.112953186035156 -0.0493927001953125
-0.060699462890625 -0.111091613769531 -0.106582641601563 -0.0288925170898438
0.00970458984375 -0.145736694335938 -0.109169006347656 -0.0164413452148438
0.104484558105469 -0.137397766113281 -0.134613037109375 -0.0683441162109375
0.218902587890625 -0.013580322265625 -0.134422302246094 -0.138336181640625
0.250732421875 0.0902252197265625 -0.139297485351563 -0.206283569335937
0.214065551757813 0.21893310546875 -0.09857177734375 -0.201705932617188
0.1712646484375 0.302459716796875 0.104660034179688 -0.188247680664062
0.191543579101563 0.165573120117187 0.0790786743164063 0.00762939453125001
0.257766723632813 0.0577850341796875 0.194412231445313 0.06317138671875
0.192596435546875 -0.0977783203125 0.220596313476563 -0.0951995849609375
0.097747802734375 -0.157730102539063 0.11767578125 -0.187591552734375
-0.03955078125 -0.172927856445313 -0.040008544921875 -0.207626342773438
-0.119461059570313 -0.143951416015625 -0.121627807617187 -0.122879028320313
-0.105377197265625 -0.13665771484375 -0.0946884155273438 -0.0388641357421875
-0.135986328125 -0.137580871582031 -0.0770950317382813 -0.0115890502929688
-0.0903472900390625 -0.16595458984375 -0.0831527709960938 0.018829345703125
0.0108642578125 -0.207077026367188 -0.0920257568359375 0.0311050415039062
0.133697509765625 -0.1817626953125 -0.129905700683594 -0.0222244262695313
0.274246215820313 -0.012359619140625 -0.137886047363281 -0.0929641723632813
0.290802001953125 0.124359130859375 -0.108688354492188 -0.157440185546875
0.215576171875 0.280517578125 -0.0552902221679687 -0.111488342285156
0.1263427734375 0.35491943359375 0.157928466796875 -0.0678558349609375
0.188247680664062 0.252609252929688 0.126777648925781 0.08489990234375
0.312896728515625 0.13140869140625 0.20062255859375 0.11199951171875
0.2652587890625 -0.089202880859375 0.226821899414063 -0.033935546875
0.144454956054688 -0.189117431640625 0.1385498046875 -0.122940063476563
-0.0351104736328125 -0.222030639648438 0.000183105468749984 -0.152297973632812
-0.1358642578125 -0.179763793945313 -0.0658721923828125 -0.0756149291992188
-0.125167846679687 -0.1669921875 -0.04315185546875 0.00466537475585937
-0.165496826171875 -0.166427612304687 -0.0256328582763672 0.0323276519775391
-0.112136840820312 -0.195709228515625 -0.0449295043945313 0.0703964233398438
0.00567626953124998 -0.241744995117188 -0.0622177124023437 0.07989501953125
0.143280029296875 -0.204666137695313 -0.117034912109375 0.0241622924804688
0.2955322265625 -0.009124755859375 -0.131103515625 -0.0535736083984375
0.29345703125 0.146026611328125 -0.0656509399414062 -0.111854553222656
0.190185546875 0.30670166015625 -0.00677394866943358 -0.0122404098510742
0.059844970703125 0.342010498046875 0.189453125 0.0652313232421875
0.138946533203125 0.288116455078125 0.1563720703125 0.170059204101563
0.294158935546875 0.186279296875 0.187545776367188 0.155563354492188
0.282958984375 -0.053192138671875 0.2086181640625 0.0308837890625
0.167144775390625 -0.17913818359375 0.14007568359375 -0.0488052368164063
-0.02276611328125 -0.230484008789063 0.0367813110351563 -0.0810470581054688
-0.130645751953125 -0.186920166015625 -0.00429153442382813 -0.0198879241943359
-0.124786376953125 -0.171646118164063 0.0153579711914062 0.0475730895996094
-0.168777465820313 -0.171676635742188 0.032440185546875 0.0745315551757812
-0.116851806640625 -0.200042724609375 0.00093841552734375 0.119583129882813
0.00552368164062501 -0.2449951171875 -0.0308074951171875 0.124031066894531
0.144729614257813 -0.199737548828125 -0.10211181640625 0.0643692016601563
0.285614013671875 0.007598876953125 -0.120613098144531 -0.022979736328125
0.257614135742188 0.164199829101563 -0.0196495056152344 -0.0701408386230468
0.133453369140625 0.3016357421875 0.0367050170898438 0.0867462158203125
-0.0125274658203125 0.265243530273437 0.200241088867188 0.182052612304688
0.0617523193359375 0.25750732421875 0.168807983398438 0.241653442382813
0.2139892578125 0.193252563476563 0.163375854492188 0.180206298828125
0.237884521484375 -0.01263427734375 0.176300048828125 0.082275390625
0.151168823242188 -0.1363525390625 0.126205444335938 0.016357421875
-0.0103912353515625 -0.195877075195312 0.0641822814941406 -0.0110816955566406
-0.106536865234375 -0.162322998046875 0.0524215698242187 0.0331649780273437
-0.1058349609375 -0.150192260742187 0.0712356567382813 0.0830307006835937
-0.14666748046875 -0.153549194335938 0.0883407592773437 0.112983703613281
-0.102142333984375 -0.178939819335938 0.0435943603515625 0.163803100585938
0.0118255615234375 -0.21697998046875 -0.00657653808593751 0.163253784179688
0.137527465820313 -0.16748046875 -0.092315673828125 0.0985031127929687
0.247695922851563 0.03350830078125 -0.113128662109375 -0.000404357910156271
0.19073486328125 0.174179077148438 0.0177192687988281 -0.0282859802246094
0.057098388671875 0.266860961914063 0.0623321533203125 0.179901123046875
-0.0822296142578125 0.141891479492188 0.191696166992188 0.256881713867188
-0.019989013671875 0.173965454101563 0.166900634765625 0.280868530273438
0.10052490234375 0.152862548828125 0.140350341796875 0.183761596679688
0.148452758789062 0.01690673828125 0.1463623046875 0.111679077148438
0.103080749511719 -0.0753402709960938 0.109565734863281 0.0570144653320313
-0.00070190429687501 -0.129013061523438 0.0835952758789063 0.041107177734375
-0.066070556640625 -0.112228393554688 0.0979537963867187 0.0720443725585938
-0.0705795288085937 -0.105812072753906 0.115638732910156 0.107009887695312
-0.100563049316406 -0.113487243652344 0.132186889648438 0.1446533203125
-0.0705795288085937 -0.134498596191406 0.0754852294921875 0.200607299804687
0.01837158203125 -0.163955688476563 0.00549316406249999 0.196380615234375
0.115242004394531 -0.115592956542969 -0.0926132202148437 0.126312255859375
0.181167602539063 0.0559234619140625 -0.112373352050781 0.0159835815429687
0.100906372070313 0.163101196289063 0.0372390747070313 0.0131874084472656
-0.02716064453125 0.194854736328125 0.062835693359375 0.25579833984375
0.102546691894531 -0.069122314453125 -0.10162353515625 -0.29833984375
-0.03387451171875 -0.1099853515625 -0.0527496337890625 -0.0451850891113281
-0.09814453125 -0.0363235473632812 0.132408142089844 -0.0181350708007813
-0.0687065124511719 0.0481414794921875 0.135284423828125 -0.1668701171875
-0.0124969482421875 0.0768508911132813 0.00599670410156249 -0.237823486328125
0.0427780151367188 0.07147216796875 -0.12322998046875 -0.226486206054688
0.0388145446777344 0.0473060607910156 -0.199142456054687 -0.15802001953125
0.0338897705078125 0.0454788208007813 -0.165512084960938 -0.107528686523437
0.0299339294433594 0.0541801452636719 -0.138717651367188 -0.0789947509765625
-0.0115585327148437 0.0512733459472656 -0.113990783691406 -0.0729751586914063
-0.04833984375 0.015380859375 -0.122840881347656 -0.06573486328125
-0.0453987121582031 -0.0518341064453125 -0.148330688476563 -0.118057250976563
0.0258102416992187 -0.0942611694335938 -0.145553588867188 -0.212615966796875
0.102752685546875 -0.0750961303710938 -0.191741943359375 -0.287200927734375
0.15380859375 -0.021148681640625 -0.191741943359375 -0.309906005859375
0.172348022460938 0.061553955078125 -0.052886962890625 -0.31719970703125
0.067840576171875 -0.0442733764648438 -0.026123046875 -0.0606155395507813
0.0227546691894531 -0.0397148132324219 0.154525756835938 -0.0116119384765625
0.000858306884765623 -0.0222911834716797 0.161407470703125 -0.171920776367188
0.00613880157470703 -0.0109615325927734 0.031890869140625 -0.252609252929688
-0.00340557098388672 -0.0105953216552734 -0.121337890625 -0.243667602539063
-0.0327243804931641 -0.0170059204101563 -0.2041015625 -0.161834716796875
-0.0261859893798828 -0.0208415985107422 -0.166229248046875 -0.0962371826171875
-0.0359077453613281 -0.0184669494628906 -0.1422119140625 -0.0695037841796875
-0.0371208190917969 -0.0355453491210938 -0.122932434082031 -0.0584640502929687
-0.0143051147460937 -0.0714950561523438 -0.124687194824219 -0.0477066040039062
0.0426559448242187 -0.0975341796875 -0.148788452148438 -0.101028442382813
0.1385498046875 -0.0472183227539063 -0.149139404296875 -0.18212890625
0.193679809570313 0.016265869140625 -0.18353271484375 -0.255783081054688
0.207794189453125 0.112075805664063 -0.161911010742187 -0.278610229492188
0.209396362304687 0.195693969726562 0.0177001953125 -0.28826904296875
0.1573486328125 0.053009033203125 0.0219917297363281 -0.0457267761230469
0.158065795898438 -0.0152587890625 0.184677124023438 0.011871337890625
0.094268798828125 -0.0836257934570313 0.196365356445313 -0.15673828125
0.0421905517578125 -0.101448059082031 0.069976806640625 -0.245071411132813
-0.0383987426757812 -0.0986862182617187 -0.098785400390625 -0.242034912109375
-0.095245361328125 -0.083221435546875 -0.183151245117188 -0.148468017578125
-0.0813140869140625 -0.0847244262695312 -0.143142700195313 -0.0695648193359375
-0.100852966308594 -0.0842666625976562 -0.122245788574219 -0.0417098999023437
-0.0721588134765625 -0.111335754394531 -0.114646911621094 -0.0212020874023438
-0.0013427734375 -0.153289794921875 -0.117904663085937 -0.00811004638671874
0.0989227294921875 -0.153030395507813 -0.150177001953125 -0.062530517578125
0.2305908203125 -0.0318145751953125 -0.155807495117187 -0.13800048828125
0.268814086914063 0.07470703125 -0.164657592773437 -0.20892333984375
0.243072509765625 0.214736938476563 -0.120468139648437 -0.207077026367188
0.2044677734375 0.305084228515625 0.0930023193359375 -0.20477294921875
0.213150024414062 0.161895751953125 0.0807723999023438 0.00399780273437501
0.277236938476563 0.0393218994140625 0.211227416992188 0.053863525390625
0.195114135742188 -0.11871337890625 0.226715087890625 -0.115707397460938
0.0913848876953125 -0.175003051757813 0.110183715820312 -0.206924438476563
-0.05517578125 -0.178131103515625 -0.05841064453125 -0.214553833007813
-0.13861083984375 -0.139945983886719 -0.137130737304688 -0.11785888671875
-0.122787475585937 -0.135345458984375 -0.100028991699219 -0.0318603515625
-0.154983520507813 -0.13299560546875 -0.0811843872070313 -0.00341796875
-0.10845947265625 -0.165435791015625 -0.0858688354492188 0.028717041015625
-0.00645446777343749 -0.217254638671875 -0.0951919555664063 0.0414276123046875
0.126449584960938 -0.202133178710938 -0.142242431640625 -0.0140838623046875
0.28912353515625 -0.0362548828125 -0.155471801757812 -0.090301513671875
0.313873291015625 0.10693359375 -0.1292724609375 -0.159805297851562
0.250747680664063 0.279449462890625 -0.0669708251953125 -0.114913940429687
0.161224365234375 0.364410400390625 0.158233642578125 -0.082794189453125
0.216751098632813 0.252777099609375 0.135398864746094 0.08135986328125
0.341033935546875 0.112518310546875 0.221420288085938 0.106231689453125
0.2716064453125 -0.114334106445313 0.23797607421875 -0.0516815185546875
0.13909912109375 -0.211822509765625 0.138259887695313 -0.140762329101563
-0.0551605224609375 -0.22930908203125 -0.012237548828125 -0.159332275390625
-0.159423828125 -0.175582885742187 -0.0749588012695313 -0.0722503662109375
-0.145736694335938 -0.165603637695313 -0.0418777465820313 0.0101394653320312
-0.187713623046875 -0.1600341796875 -0.0241432189941406 0.0378684997558594
-0.134796142578125 -0.19390869140625 -0.040924072265625 0.0800018310546875
-0.0150604248046875 -0.253616333007813 -0.0601348876953125 0.0905990600585937
0.134201049804688 -0.22772216796875 -0.124008178710937 0.0343780517578125
0.3116455078125 -0.0357666015625 -0.145187377929687 -0.0483245849609375
0.3192138671875 0.12890625 -0.080352783203125 -0.115165710449219
0.225067138671875 0.30987548828125 -0.00858592987060545 -0.0141334533691406
0.0904541015625 0.3558349609375 0.201858520507813 0.05523681640625
0.1676025390625 0.29412841796875 0.174148559570312 0.16754150390625
0.326507568359375 0.17156982421875 0.211349487304688 0.152816772460938
0.292572021484375 -0.0782470703125 0.224319458007813 0.0178070068359375
0.162582397460938 -0.203140258789063 0.14532470703125 -0.062774658203125
-0.0427398681640625 -0.238296508789062 0.0308151245117187 -0.087615966796875
-0.154388427734375 -0.182907104492188 -0.0062999725341797 -0.019012451171875
-0.146499633789063 -0.169876098632813 0.0221443176269531 0.04986572265625
-0.192916870117188 -0.164871215820313 0.040679931640625 0.0779571533203125
-0.139511108398438 -0.197402954101562 0.0105133056640625 0.127456665039063
-0.0152435302734375 -0.256393432617187 -0.0236434936523438 0.134208679199219
0.135543823242187 -0.2218017578125 -0.104263305664062 0.0764083862304688
0.302398681640625 -0.016326904296875 -0.130989074707031 -0.0165557861328125
0.283660888671875 0.1510009765625 -0.0280990600585937 -0.07476806640625
0.166107177734375 0.308319091796875 0.0449371337890625 0.08685302734375
0.00883483886718748 0.280792236328125 0.222366333007813 0.177444458007813
0.0852508544921875 0.266754150390625 0.192733764648437 0.2412109375
0.242172241210938 0.18634033203125 0.186630249023438 0.180404663085938
0.248367309570313 -0.03253173828125 0.193359375 0.074676513671875
0.149139404296875 -0.156112670898438 0.136367797851563 0.00699615478515624
-0.027191162109375 -0.203826904296875 0.0656280517578125 -0.0165786743164063
-0.12646484375 -0.160369873046875 0.0585823059082031 0.0318603515625
-0.124618530273438 -0.149032592773438 0.08380126953125 0.0828628540039062
-0.166290283203125 -0.147369384765625 0.102531433105469 0.113746643066406
-0.122467041015625 -0.176437377929688 0.0592193603515625 0.170639038085938
-0.00703430175781249 -0.228500366210938 0.006103515625 0.173004150390625
0.130355834960938 -0.187637329101563 -0.0903778076171875 0.110847473144531
0.263778686523438 0.0136871337890625 -0.120643615722656 0.00704193115234377
0.213973999023438 0.166671752929688 0.0151653289794922 -0.0339012145996094
0.083282470703125 0.276657104492188 0.0799102783203125 0.182098388671875
-0.0738525390625 0.156356811523438 0.219757080078125 0.257095336914063
-0.00624084472656252 0.184738159179688 0.195709228515625 0.28338623046875
0.119476318359375 0.15203857421875 0.162750244140625 0.185745239257813
0.156753540039063 0.0043182373046875 0.165130615234375 0.107925415039062
0.1021728515625 -0.0878372192382813 0.122245788574219 0.0509719848632812
-0.0125808715820312 -0.134208679199219 0.0908660888671875 0.0361251831054687
-0.0804519653320312 -0.111030578613281 0.109451293945313 0.0684051513671875
-0.0835113525390625 -0.104942321777344 0.132270812988281 0.10400390625
-0.11517333984375 -0.109184265136719 0.1514892578125 0.142868041992188
-0.086700439453125 -0.133079528808594 0.0955047607421875 0.206634521484375
0.00498962402343749 -0.172897338867188 0.0207672119140625 0.20648193359375
0.11090087890625 -0.131477355957031 -0.0882568359375 0.139633178710937
0.195892333984375 0.04315185546875 -0.118301391601562 0.024017333984375
0.119155883789063 0.161972045898437 0.0390739440917969 0.00686264038085938
-0.0117340087890625 0.207611083984375 0.0861968994140625 0.262588500976563
0.09820556640625 -0.0811538696289063 -0.12921142578125 -0.294036865234375
-0.043609619140625 -0.107368469238281 -0.0576553344726562 -0.0376548767089844
-0.102920532226562 -0.0274124145507813 0.135078430175781 -0.0295639038085938
-0.0665092468261719 0.0544967651367188 0.12469482421875 -0.180389404296875
-0.00585174560546875 0.0783920288085938 -0.012481689453125 -0.240951538085938
0.0507850646972656 0.0672378540039063 -0.143218994140625 -0.221237182617188
0.0442276000976562 0.0439643859863281 -0.216644287109375 -0.144317626953125
0.0384521484375 0.040863037109375 -0.177993774414062 -0.096282958984375
0.03564453125 0.0493049621582031 -0.1483154296875 -0.0686798095703125
-0.004913330078125 0.051422119140625 -0.123184204101563 -0.0656585693359375
-0.046783447265625 0.0200233459472656 -0.131706237792969 -0.057525634765625
-0.0503997802734375 -0.0481338500976562 -0.162811279296875 -0.109161376953125
0.0177841186523437 -0.0966949462890625 -0.168045043945312 -0.205642700195313
0.097320556640625 -0.08380126953125 -0.21826171875 -0.276687622070313
0.15521240234375 -0.035552978515625 -0.221954345703125 -0.30145263671875
0.180892944335938 0.047088623046875 -0.0819091796875 -0.318511962890625
0.0652503967285156 -0.0480232238769531 -0.033447265625 -0.0560531616210938
0.0199661254882812 -0.0414848327636719 0.1580810546875 -0.0242767333984375
-0.00116729736328125 -0.0227890014648438 0.151840209960938 -0.187973022460937
0.00494670867919922 -0.0131101608276367 0.011993408203125 -0.259185791015625
-0.00345039367675781 -0.0112590789794922 -0.1429443359375 -0.238433837890625
-0.0347461700439453 -0.0140419006347656 -0.221588134765625 -0.14654541015625
-0.0286521911621094 -0.0204238891601562 -0.177169799804688 -0.0841522216796875
-0.0380783081054687 -0.0172882080078125 -0.150604248046875 -0.0583038330078125
-0.0392913818359375 -0.0332412719726562 -0.130401611328125 -0.0483932495117188
-0.01953125 -0.0713348388671875 -0.131614685058594 -0.0386505126953125
0.03558349609375 -0.1029052734375 -0.163436889648437 -0.0913848876953125
0.136985778808594 -0.0586624145507812 -0.169937133789063 -0.17559814453125
0.196990966796875 0.001312255859375 -0.209030151367188 -0.246856689453125
0.221694946289063 0.0971832275390625 -0.189849853515625 -0.272689819335938
0.23065185546875 0.181442260742188 -0.008392333984375 -0.293060302734375
0.164779663085938 0.04327392578125 0.0158233642578125 -0.0446891784667969
0.160263061523438 -0.0288238525390625 0.190994262695312 -0.0013580322265625
0.08843994140625 -0.0928955078125 0.189376831054687 -0.175201416015625
0.0344772338867188 -0.109024047851562 0.05224609375 -0.254714965820313
-0.0475540161132813 -0.0971298217773438 -0.120376586914063 -0.238052368164062
-0.104743957519531 -0.0753021240234375 -0.198379516601563 -0.13427734375
-0.0900344848632812 -0.0804977416992188 -0.150192260742187 -0.058624267578125
-0.110336303710938 -0.0773544311523438 -0.127960205078125 -0.031524658203125
-0.0812606811523437 -0.106414794921875 -0.118431091308594 -0.0101165771484375
-0.014617919921875 -0.15594482421875 -0.121208190917969 0.00260162353515625
0.089111328125 -0.164794921875 -0.162017822265625 -0.052154541015625
0.232696533203125 -0.052703857421875 -0.174270629882812 -0.13018798828125
0.279052734375 0.0538482666015625 -0.187637329101562 -0.200790405273438
0.266754150390625 0.198486328125 -0.141326904296875 -0.203903198242188
0.23529052734375 0.29461669921875 0.0744476318359375 -0.215087890625
0.23101806640625 0.150588989257812 0.0785903930664063 0.000762939453125009
0.287261962890625 0.017791748046875 0.2220458984375 0.039764404296875
0.188888549804688 -0.13726806640625 0.223983764648437 -0.1353759765625
0.0794219970703125 -0.188201904296875 0.096160888671875 -0.22076416015625
-0.071868896484375 -0.175613403320312 -0.077606201171875 -0.212722778320313
-0.15447998046875 -0.128829956054688 -0.148818969726563 -0.1068115234375
-0.1373291015625 -0.128036499023438 -0.101799011230469 -0.0243759155273438
-0.169464111328125 -0.120651245117188 -0.08233642578125 0.00515747070312497
-0.124191284179687 -0.157058715820313 -0.0844650268554688 0.0384292602539063
-0.0257110595703125 -0.220489501953125 -0.0940780639648438 0.05157470703125
0.1116943359375 -0.216903686523438 -0.149200439453125 -0.00273132324218755
0.2923583984375 -0.06280517578125 -0.169387817382813 -0.081390380859375
0.328582763671875 0.08123779296875 -0.147918701171875 -0.15411376953125
0.280624389648438 0.2655029296875 -0.0792388916015625 -0.114402770996094
0.196746826171875 0.358062744140625 0.151321411132813 -0.0955352783203125
0.241897583007813 0.242218017578125 0.140380859375 0.074188232421875
0.359283447265625 0.08636474609375 0.2362060546875 0.0929718017578125
0.267364501953125 -0.139450073242188 0.2412109375 -0.0716552734375
0.124542236328125 -0.230148315429688 0.130264282226563 -0.155746459960938
-0.0757293701171875 -0.228057861328125 -0.0258636474609375 -0.160232543945313
-0.178970336914062 -0.163742065429688 -0.080535888671875 -0.065582275390625
-0.163558959960938 -0.15606689453125 -0.0386505126953125 0.0137939453125
-0.2056884765625 -0.145034790039062 -0.0202980041503906 0.0432014465332031
-0.1539306640625 -0.183624267578125 -0.0345306396484375 0.0872268676757812
-0.0386199951171875 -0.255538940429687 -0.0542144775390625 0.098876953125
0.1160888671875 -0.243820190429688 -0.126304626464844 0.0454483032226563
0.315216064453125 -0.064453125 -0.155349731445312 -0.0389251708984375
0.335205078125 0.103240966796875 -0.09405517578125 -0.112945556640625
0.25750732421875 0.298004150390625 -0.0110139846801758 -0.0163326263427734
0.12396240234375 0.356109619140625 0.207382202148438 0.0406494140625
0.195404052734375 0.288116455078125 0.187469482421875 0.158096313476563
0.35028076171875 0.147216796875 0.229782104492188 0.141387939453125
0.292388916015625 -0.1048583984375 0.232711791992188 0.00152587890624999
0.14886474609375 -0.222976684570313 0.1441650390625 -0.076446533203125
-0.0646820068359375 -0.237548828125 0.0230789184570312 -0.0904922485351563
-0.1746826171875 -0.171188354492188 -0.00611305236816407 -0.0171012878417969
-0.164901733398438 -0.159912109375 0.0303878784179687 0.0499496459960937
-0.210540771484375 -0.14874267578125 0.04833984375 0.0780792236328125
-0.16009521484375 -0.18585205078125 0.0226516723632812 0.131324768066406
-0.038818359375 -0.258697509765625 -0.0130844116210937 0.139595031738281
0.118408203125 -0.23822021484375 -0.102180480957031 0.086181640625
0.306976318359375 -0.0440673828125 -0.137336730957031 -0.00749206542968751
0.30029296875 0.128692626953125 -0.0381317138671875 -0.0763778686523437
0.19775390625 0.302032470703125 0.052154541015625 0.0826339721679688
0.03253173828125 0.2862548828125 0.238800048828125 0.163955688476563
0.10992431640625 0.266098022460938 0.213516235351562 0.231460571289063
0.264862060546875 0.168777465820313 0.206207275390625 0.17205810546875
0.250076293945313 -0.0551605224609375 0.2064208984375 0.060943603515625
0.139053344726563 -0.17291259765625 0.141250610351562 -0.00520324707031251
-0.0461578369140625 -0.203887939453125 0.0648117065429688 -0.0213890075683594
-0.144729614257812 -0.150192260742188 0.0633316040039062 0.0286788940429687
-0.141036987304687 -0.140533447265625 0.0951995849609375 0.0782699584960937
-0.182876586914063 -0.133895874023438 0.114776611328125 0.108779907226562
-0.1402587890625 -0.165359497070312 0.0755462646484375 0.171310424804687
-0.0287933349609375 -0.23028564453125 0.0197906494140625 0.176620483398437
0.11578369140625 -0.201797485351563 -0.0849685668945312 0.120941162109375
0.27020263671875 -0.0091552734375 -0.124168395996094 0.01531982421875
0.23162841796875 0.150421142578125 0.0105247497558594 -0.0392341613769531
0.109710693359375 0.275955200195313 0.0958251953125 0.177017211914063
-0.0611572265625 0.165191650390625 0.2432861328125 0.246353149414062
0.0099639892578125 0.188720703125 0.220672607421875 0.273117065429688
0.136703491210938 0.144195556640625 0.182235717773438 0.178253173828125
0.15936279296875 -0.009735107421875 0.1795654296875 0.097137451171875
0.0969772338867188 -0.0992202758789063 0.129867553710938 0.0420074462890625
-0.0245590209960937 -0.133888244628906 0.0955429077148438 0.0297698974609375
-0.0930023193359375 -0.104034423828125 0.118087768554688 0.0604324340820312
-0.0958786010742188 -0.0992355346679687 0.145965576171875 0.0955657958984375
-0.127113342285156 -0.099578857421875 0.167327880859375 0.134124755859375
-0.0994415283203125 -0.124862670898437 0.115280151367187 0.204025268554688
-0.011260986328125 -0.175872802734375 0.0376739501953125 0.207992553710937
0.10076904296875 -0.14215087890625 -0.079681396484375 0.150039672851563
0.203170776367188 0.027130126953125 -0.119644165039062 0.0333328247070312
0.13519287109375 0.154434204101563 0.0392723083496094 -0.000396728515624991
0.00668334960937501 0.212081909179688 0.10986328125 0.257553100585938
0.0916061401367188 -0.08837890625 -0.148468017578125 -0.283905029296875
-0.0497894287109375 -0.1029052734375 -0.0594100952148438 -0.02923583984375
-0.104072570800781 -0.0191879272460937 0.134452819824219 -0.0369338989257812
-0.0630722045898438 0.0589523315429687 0.115524291992188 -0.187606811523438
-0.000839233398437497 0.0782394409179687 -0.0261383056640625 -0.238983154296875
0.0556449890136719 0.0624961853027344 -0.156158447265625 -0.213485717773438
0.048187255859375 0.0390586853027344 -0.225875854492187 -0.12994384765625
0.0403861999511719 0.0369186401367188 -0.1846923828125 -0.085845947265625
0.0379905700683594 0.043975830078125 -0.153564453125 -0.0596466064453125
0.000434875488281252 0.0496940612792969 -0.128379821777344 -0.05804443359375
-0.0434799194335938 0.0231437683105469 -0.136726379394531 -0.050201416015625
-0.0531654357910156 -0.0445022583007813 -0.172210693359375 -0.10028076171875
0.0112380981445312 -0.0965728759765625 -0.180908203125 -0.195602416992188
0.09136962890625 -0.0882110595703125 -0.234375 -0.264297485351563
0.151779174804688 -0.04656982421875 -0.240875244140625 -0.289764404296875
0.183822631835937 0.0342559814453125 -0.103607177734375 -0.311187744140625
0.0624160766601563 -0.0508232116699219 -0.038177490234375 -0.0492324829101563
0.0179214477539062 -0.0421600341796875 0.158462524414063 -0.03271484375
-0.0033111572265625 -0.0222129821777344 0.141799926757813 -0.196334838867188
0.00454425811767578 -0.0145244598388672 -0.00265502929687503 -0.258834838867188
-0.00435256958007813 -0.0108938217163086 -0.157394409179688 -0.22979736328125
-0.0352058410644531 -0.0114936828613281 -0.230819702148438 -0.132080078125
-0.0306129455566406 -0.0203056335449219 -0.181671142578125 -0.07373046875
-0.0394401550292969 -0.0168304443359375 -0.15447998046875 -0.0488739013671875
-0.0392684936523438 -0.0320014953613281 -0.133827209472656 -0.0402297973632812
-0.0226211547851562 -0.0696144104003906 -0.134796142578125 -0.0302810668945313
0.0292739868164062 -0.104736328125 -0.171951293945313 -0.082183837890625
0.133369445800781 -0.0669479370117188 -0.18328857421875 -0.165573120117188
0.195877075195313 -0.009979248046875 -0.225570678710938 -0.234893798828125
0.2275390625 0.082489013671875 -0.20758056640625 -0.263458251953125
0.242706298828125 0.166549682617188 -0.02984619140625 -0.291595458984375
0.167221069335938 0.035369873046875 0.0103378295898438 -0.0413894653320313
0.159881591796875 -0.0385894775390625 0.19366455078125 -0.01104736328125
0.0826492309570312 -0.0982513427734375 0.180526733398438 -0.185760498046875
0.0276107788085937 -0.112899780273437 0.037078857421875 -0.258316040039063
-0.0538864135742187 -0.0940170288085938 -0.134811401367188 -0.230026245117188
-0.109397888183594 -0.0678024291992187 -0.206222534179688 -0.121719360351563
-0.0963668823242188 -0.0760040283203125 -0.152374267578125 -0.050079345703125
-0.115097045898438 -0.0705795288085938 -0.129249572753906 -0.0226669311523438
-0.0872421264648438 -0.1005859375 -0.11859130859375 -0.001739501953125
-0.0236663818359375 -0.153762817382812 -0.122428894042969 0.0107421875
0.0789337158203125 -0.170181274414062 -0.168731689453125 -0.0424957275390625
0.230087280273438 -0.067718505859375 -0.185226440429687 -0.120819091796875
0.281021118164063 0.0365447998046875 -0.201568603515625 -0.1910400390625
0.279891967773438 0.182723999023438 -0.155380249023438 -0.198074340820313
0.255020141601563 0.279693603515625 0.057525634765625 -0.218673706054687
0.239730834960938 0.138824462890625 0.0746688842773438 -0.000656127929687491
0.290313720703125 -0.000518798828125 0.227188110351563 0.028717041015625
0.180618286132813 -0.149063110351563 0.218124389648438 -0.148818969726563
0.067718505859375 -0.195419311523438 0.083709716796875 -0.2271728515625
-0.0833587646484375 -0.170242309570313 -0.0916595458984375 -0.206771850585938
-0.162811279296875 -0.117416381835937 -0.153900146484375 -0.0959930419921875
-0.147125244140625 -0.119979858398437 -0.100746154785156 -0.0178680419921875
-0.177505493164063 -0.108795166015625 -0.0811920166015625 0.0118179321289062
-0.133575439453125 -0.1473388671875 -0.0813522338867188 0.0457687377929687
-0.0395965576171875 -0.217514038085937 -0.0913238525390625 0.058380126953125
0.0974578857421875 -0.225173950195313 -0.153152465820312 0.00654602050781246
0.289581298828125 -0.082275390625 -0.178329467773438 -0.0723114013671875
0.33160400390625 0.06103515625 -0.16009521484375 -0.146240234375
0.299041748046875 0.24847412109375 -0.0878067016601563 -0.111862182617187
0.220458984375 0.34716796875 0.141326904296875 -0.10394287109375
0.256378173828125 0.2305908203125 0.140960693359375 0.068267822265625
0.3665771484375 0.063934326171875 0.244979858398438 0.0810546875
0.258941650390625 -0.155990600585937 0.238967895507813 -0.08514404296875
0.110427856445313 -0.240646362304688 0.121978759765625 -0.164382934570313
-0.0904693603515625 -0.2213134765625 -0.036712646484375 -0.156570434570313
-0.190231323242188 -0.149246215820312 -0.0841140747070313 -0.0584259033203125
-0.174468994140625 -0.145736694335938 -0.0349922180175781 0.0169658660888672
-0.21490478515625 -0.128829956054688 -0.0163002014160156 0.0458526611328125
-0.165008544921875 -0.17071533203125 -0.0276031494140625 0.0921707153320312
-0.054901123046875 -0.251785278320313 -0.0485305786132813 0.102706909179687
0.10089111328125 -0.251815795898438 -0.126190185546875 0.0538711547851562
0.311614990234375 -0.085693359375 -0.161788940429687 -0.0311126708984375
0.34002685546875 0.08111572265625 -0.104034423828125 -0.108406066894531
0.27825927734375 0.283294677734375 -0.0130195617675781 -0.0174188613891601
0.146881103515625 0.349334716796875 0.206878662109375 0.029510498046875
0.212295532226563 0.277313232421875 0.19244384765625 0.14788818359375
0.3614501953125 0.124298095703125 0.240142822265625 0.130233764648438
0.28460693359375 -0.1234130859375 0.234878540039063 -0.0128021240234375
0.135787963867188 -0.23406982421875 0.140144348144531 -0.0864486694335938
-0.0801239013671875 -0.231277465820313 0.0174713134765625 -0.0902023315429688
-0.186203002929688 -0.1563720703125 -0.00583648681640626 -0.0152759552001953
-0.176101684570313 -0.149276733398437 0.0364761352539062 0.0477447509765625
-0.220352172851563 -0.131500244140625 0.0551681518554687 0.0769577026367187
-0.171661376953125 -0.172103881835937 0.0320968627929687 0.133003234863281
-0.0573883056640625 -0.254730224609375 -0.00474548339843751 0.141860961914062
0.102127075195313 -0.245849609375 -0.0995941162109375 0.093292236328125
0.304718017578125 -0.06524658203125 -0.14117431640625 -0.000366210937500032
0.307281494140625 0.108856201171875 -0.0448074340820312 -0.0759429931640625
0.218414306640625 0.29058837890625 0.0561904907226563 0.0776214599609375
0.051422119140625 0.284759521484375 0.245681762695313 0.151443481445313
0.125579833984375 0.260498046875 0.224273681640625 0.21923828125
0.27752685546875 0.151046752929688 0.217880249023438 0.161453247070312
0.245941162109375 -0.071563720703125 0.211669921875 0.048675537109375
0.127517700195313 -0.183929443359375 0.141082763671875 -0.0140838623046875
-0.0599822998046875 -0.19842529296875 0.063262939453125 -0.0240707397460938
-0.155136108398438 -0.137161254882813 0.0663642883300781 0.0252914428710937
-0.15093994140625 -0.130203247070313 0.103073120117187 0.0722579956054687
-0.191497802734375 -0.118576049804688 0.122444152832031 0.103622436523437
-0.150894165039062 -0.153182983398438 0.0872650146484375 0.168228149414063
-0.045013427734375 -0.22735595703125 0.030120849609375 0.175796508789062
0.100906372070313 -0.209182739257813 -0.079193115234375 0.126693725585938
0.269622802734375 -0.0279541015625 -0.126014709472656 0.0219650268554688
0.2396240234375 0.135299682617188 0.00566482543945314 -0.0421562194824219
0.128570556640625 0.26910400390625 0.10638427734375 0.1688232421875
-0.049774169921875 0.169097900390625 0.256195068359375 0.233474731445312
0.02252197265625 0.188705444335938 0.235214233398438 0.259796142578125
0.147491455078125 0.134353637695312 0.193954467773438 0.16888427734375
0.157562255859375 -0.0207672119140625 0.187423706054688 0.0856781005859375
0.0898590087890625 -0.10638427734375 0.134140014648438 0.0335617065429688
-0.0343093872070313 -0.129966735839844 0.096923828125 0.0242843627929687
-0.100883483886719 -0.0948028564453125 0.123001098632813 0.0533218383789062
-0.10308837890625 -0.0918655395507813 0.153778076171875 0.086639404296875
-0.134025573730469 -0.0890731811523437 0.17645263671875 0.125244140625
-0.107429504394531 -0.115776062011719 0.129150390625 0.198226928710938
-0.02374267578125 -0.173995971679688 0.0494842529296875 0.205917358398438
0.089996337890625 -0.149063110351562 -0.0716705322265625 0.1549072265625
0.205337524414063 0.013397216796875 -0.120559692382812 0.038787841796875
0.143844604492187 0.14605712890625 0.0368881225585938 -0.00605392456054687
0.0217742919921875 0.210891723632813 0.125045776367188 0.248733520507813
0.0869522094726563 -0.0931320190429687 -0.160797119140625 -0.277877807617188
-0.053924560546875 -0.100059509277344 -0.0592918395996094 -0.0238075256347656
-0.104591369628906 -0.0133819580078125 0.135017395019531 -0.04254150390625
-0.0614891052246094 0.06201171875 0.110397338867188 -0.193145751953125
0.00225830078124999 0.0783462524414063 -0.0328826904296875 -0.238861083984375
0.0583572387695312 0.0581169128417969 -0.163818359375 -0.20928955078125
0.0507125854492188 0.0355300903320313 -0.23248291015625 -0.121902465820313
0.0414581298828125 0.0335769653320313 -0.18927001953125 -0.0797882080078125
0.0390853881835938 0.0399017333984375 -0.156524658203125 -0.054840087890625
0.00384521484375 0.0480155944824219 -0.132148742675781 -0.0540008544921875
-0.040802001953125 0.0251693725585937 -0.14068603515625 -0.0469818115234375
-0.0550384521484375 -0.0418777465820313 -0.177978515625 -0.094024658203125
0.007232666015625 -0.0962066650390625 -0.188369750976563 -0.189849853515625
0.0885391235351562 -0.091033935546875 -0.244247436523437 -0.257247924804688
0.148910522460938 -0.0536041259765625 -0.252777099609375 -0.283355712890625
0.185073852539063 0.0272064208984375 -0.117889404296875 -0.30633544921875
0.0605239868164062 -0.0508537292480469 -0.0404510498046875 -0.04364013671875
0.0169601440429688 -0.0417251586914063 0.159439086914063 -0.0379791259765625
-0.00390625 -0.0216388702392578 0.137115478515625 -0.2022705078125
0.0036773681640625 -0.0157527923583984 -0.00993347167968752 -0.259323120117188
-0.00436973571777344 -0.0118913650512695 -0.165908813476563 -0.224746704101563
-0.0344448089599609 -0.0106086730957031 -0.236297607421875 -0.12286376953125
-0.0321006774902344 -0.0204944610595703 -0.184600830078125 -0.06854248046875
-0.040802001953125 -0.0171241760253906 -0.156448364257813 -0.0437164306640625
-0.0386734008789063 -0.0316734313964844 -0.136528015136719 -0.0356216430664063
-0.0237617492675781 -0.0683975219726562 -0.138282775878906 -0.0260772705078125
0.0261383056640625 -0.105911254882812 -0.178054809570313 -0.076324462890625
0.131156921386719 -0.0716781616210938 -0.190658569335937 -0.159942626953125
0.194595336914063 -0.0163421630859375 -0.235336303710938 -0.227706909179688
0.230712890625 0.07373046875 -0.219024658203125 -0.2589111328125
0.250076293945312 0.15679931640625 -0.043426513671875 -0.28997802734375
0.169509887695312 0.031280517578125 0.00638198852539063 -0.03753662109375
0.16021728515625 -0.04437255859375 0.196304321289063 -0.0172271728515625
0.079071044921875 -0.101707458496094 0.176406860351563 -0.193191528320313
0.0230789184570313 -0.115577697753906 0.0290069580078125 -0.2601318359375
-0.0566482543945312 -0.0916671752929688 -0.143142700195313 -0.224761962890625
-0.112205505371094 -0.06219482421875 -0.210433959960938 -0.112396240234375
-0.100639343261719 -0.0730438232421875 -0.153533935546875 -0.0452117919921875
-0.118423461914063 -0.0666046142578125 -0.129798889160156 -0.0172348022460937
-0.0898590087890625 -0.0975265502929688 -0.119010925292969 0.00394439697265626
-0.0286102294921875 -0.152862548828125 -0.123008728027344 0.015045166015625
0.0731964111328125 -0.173812866210937 -0.174301147460938 -0.03607177734375
0.228378295898438 -0.0766448974609375 -0.193511962890625 -0.115478515625
0.28179931640625 0.026824951171875 -0.211441040039062 -0.184463500976563
0.287628173828125 0.1729736328125 -0.16485595703125 -0.195098876953125
0.267105102539062 0.271408081054688 0.0463714599609375 -0.220230102539062
0.245635986328125 0.133193969726563 0.072052001953125 0.000389099121093758
0.292816162109375 -0.011688232421875 0.23236083984375 0.0224609375
0.175277709960938 -0.156402587890625 0.215621948242188 -0.1563720703125
0.0596160888671875 -0.201187133789063 0.0767822265625 -0.230850219726563
-0.0901947021484375 -0.16632080078125 -0.09857177734375 -0.202560424804687
-0.16802978515625 -0.108718872070313 -0.157211303710937 -0.0891265869140625
-0.153640747070313 -0.115203857421875 -0.0998153686523438 -0.0147933959960937
-0.182281494140625 -0.101181030273438 -0.0795745849609375 0.0152664184570312
-0.138961791992188 -0.140975952148438 -0.0787811279296875 0.0504684448242187
-0.0482330322265625 -0.215545654296875 -0.0904083251953125 0.0628509521484375
0.0894317626953125 -0.2293701171875 -0.157135009765625 0.013153076171875
0.287322998046875 -0.0936279296875 -0.185256958007813 -0.0666656494140625
0.333526611328125 0.0487060546875 -0.168594360351562 -0.142318725585937
0.310089111328125 0.23956298828125 -0.0940475463867187 -0.110923767089844
0.235931396484375 0.33978271484375 0.134468078613281 -0.107650756835937
0.265182495117188 0.2242431640625 0.140159606933594 0.0666961669921875
0.37359619140625 0.048797607421875 0.252487182617188 0.0748291015625
0.253707885742188 -0.166458129882813 0.23858642578125 -0.09326171875
0.101409912109375 -0.247894287109375 0.11700439453125 -0.169952392578125
-0.0993194580078125 -0.216262817382813 -0.0425262451171875 -0.154251098632813
-0.196533203125 -0.139114379882813 -0.0849227905273438 -0.0545730590820313
-0.182373046875 -0.13916015625 -0.0311565399169922 0.0177154541015625
-0.221176147460937 -0.119049072265625 -0.013031005859375 0.0482368469238281
-0.170791625976563 -0.161941528320312 -0.022705078125 0.0948104858398437
-0.0661773681640625 -0.248672485351563 -0.0452117919921875 0.106231689453125
0.0909881591796875 -0.256607055664063 -0.128364562988281 0.059539794921875
0.31005859375 -0.09893798828125 -0.166778564453125 -0.025482177734375
0.342864990234375 0.069000244140625 -0.111213684082031 -0.106193542480469
0.2913818359375 0.27459716796875 -0.0157070159912109 -0.0184307098388672
0.161865234375 0.345733642578125 0.205184936523437 0.0245361328125
0.223129272460937 0.272384643554688 0.194305419921875 0.144577026367188
0.37066650390625 0.109954833984375 0.248275756835938 0.123870849609375
0.28082275390625 -0.13507080078125 0.236251831054688 -0.0206451416015625
0.126968383789063 -0.2425537109375 0.138572692871094 -0.0922775268554688
-0.0899505615234375 -0.2269287109375 0.0132293701171875 -0.0891647338867188
-0.193511962890625 -0.146255493164062 -0.00538158416748048 -0.0138330459594727
-0.183792114257813 -0.1417236328125 0.04144287109375 0.0461311340332031
-0.22625732421875 -0.121200561523437 0.059844970703125 0.07666015625
-0.178558349609375 -0.162033081054687 0.0388259887695312 0.133842468261719
-0.0697479248046875 -0.251312255859375 0.000350952148437481 0.142562866210938
0.091705322265625 -0.250274658203125 -0.098419189453125 0.0976715087890625
0.302978515625 -0.078094482421875 -0.145172119140625 0.00459289550781252
0.310821533203125 0.09686279296875 -0.050933837890625 -0.0758743286132813
0.23193359375 0.28387451171875 0.0579452514648438 0.0741806030273438
0.064178466796875 0.283966064453125 0.249191284179688 0.145401000976563
0.136917114257813 0.25787353515625 0.229080200195312 0.213394165039063
0.28680419921875 0.1392822265625 0.226348876953125 0.155441284179688
0.243026733398438 -0.0821685791015625 0.214828491210938 0.0417327880859375
0.120574951171875 -0.191787719726563 0.142242431640625 -0.0196685791015625
-0.06787109375 -0.194473266601563 0.0620079040527344 -0.0244941711425781
-0.161331176757813 -0.12762451171875 0.0690231323242188 0.0235977172851562
-0.158035278320312 -0.1234130859375 0.108551025390625 0.067779541015625
-0.197418212890625 -0.108734130859375 0.128509521484375 0.100410461425781
-0.156982421875 -0.14422607421875 0.095489501953125 0.167129516601562
-0.0559844970703125 -0.224838256835938 0.036376953125 0.175704956054688
0.09161376953125 -0.21258544921875 -0.076629638671875 0.130470275878906
0.269424438476562 -0.0393829345703125 -0.129005432128906 0.0264129638671875
0.244491577148437 0.125762939453125 0.000850677490234389 -0.0445480346679687
0.140655517578125 0.264877319335938 0.111236572265625 0.163803100585938
-0.042724609375 0.171524047851563 0.264053344726562 0.226852416992188
0.0301666259765625 0.188064575195312 0.243545532226563 0.252914428710938
0.155197143554688 0.127365112304688 0.201278686523438 0.163040161132813
0.156295776367187 -0.02764892578125 0.191970825195313 0.079376220703125
0.0849380493164063 -0.110923767089844 0.137222290039063 0.0287094116210937
-0.0397720336914063 -0.127471923828125 0.09783935546875 0.0217208862304687
-0.105415344238281 -0.0878753662109375 0.126655578613281 0.0489273071289062
-0.108184814453125 -0.0869216918945313 0.159530639648438 0.080596923828125
-0.138473510742188 -0.0817184448242188 0.183563232421875 0.119964599609375
-0.112472534179688 -0.109184265136719 0.137893676757812 0.194915771484375
-0.0325469970703125 -0.1719970703125 0.05731201171875 0.204681396484375
0.0836029052734375 -0.152557373046875 -0.0677642822265625 0.159072875976563
0.206756591796875 0.0047760009765625 -0.122352600097656 0.042755126953125
0.1492919921875 0.140151977539063 0.0339221954345703 -0.0097827911376953
0.03057861328125 0.210723876953125 0.133987426757812 0.242202758789062
0.0854873657226563 -0.0976333618164063 -0.17193603515625 -0.278488159179688
-0.0566253662109375 -0.0998916625976563 -0.0600395202636719 -0.0193595886230469
-0.106117248535156 -0.00945281982421873 0.138450622558594 -0.046478271484375
-0.0608863830566406 0.0658493041992187 0.109954833984375 -0.200653076171875
0.00479888916015625 0.0806961059570312 -0.0369873046875 -0.243896484375
0.0617942810058594 0.0562629699707031 -0.172531127929688 -0.212142944335938
0.0535926818847656 0.0327873229980469 -0.241195678710938 -0.1190185546875
0.0427970886230469 0.0318717956542969 -0.197463989257813 -0.0781097412109375
0.0399703979492188 0.03680419921875 -0.162994384765625 -0.0531463623046875
0.0067138671875 0.0458450317382813 -0.138076782226563 -0.0529937744140625
-0.0389747619628906 0.0257797241210937 -0.146881103515625 -0.04541015625
-0.0566215515136719 -0.0410537719726562 -0.186370849609375 -0.0930633544921875
0.00496673583984376 -0.0970001220703125 -0.196533203125 -0.1903076171875
0.0884323120117188 -0.0939712524414063 -0.254653930664062 -0.258499145507813
0.149581909179688 -0.0590362548828125 -0.265411376953125 -0.285491943359375
0.189239501953125 0.0221099853515625 -0.13018798828125 -0.3087158203125
0.0611686706542969 -0.0519218444824219 -0.043182373046875 -0.0395393371582031
0.0175704956054687 -0.0420875549316406 0.165664672851562 -0.042236328125
-0.00496292114257813 -0.0212345123291016 0.137161254882813 -0.210372924804687
0.00240421295166016 -0.0165138244628906 -0.0150604248046875 -0.265838623046875
-0.00417041778564453 -0.0126428604125977 -0.174224853515625 -0.225906372070313
-0.0346012115478516 -0.0103855133056641 -0.243911743164063 -0.119277954101563
-0.0340042114257813 -0.0216026306152344 -0.191574096679688 -0.0660552978515625
-0.0428314208984375 -0.0178146362304688 -0.16217041015625 -0.0410614013671875
-0.0388984680175781 -0.0332374572753906 -0.14093017578125 -0.0327301025390625
-0.0239944458007812 -0.0696449279785156 -0.143447875976562 -0.0231781005859375
0.0247421264648437 -0.108695983886719 -0.186737060546875 -0.074310302734375
0.132438659667969 -0.0755462646484375 -0.20025634765625 -0.159683227539063
0.197891235351562 -0.01953125 -0.246261596679688 -0.2288818359375
0.236968994140625 0.0702972412109375 -0.232040405273438 -0.261627197265625
0.260147094726563 0.153915405273438 -0.054473876953125 -0.2933349609375
0.174636840820313 0.029998779296875 0.00375556945800782 -0.0342121124267578
0.16424560546875 -0.0489349365234375 0.203506469726563 -0.0214385986328125
0.078399658203125 -0.1048583984375 0.177841186523438 -0.201797485351563
0.020263671875 -0.120048522949219 0.024658203125 -0.267654418945313
-0.0599212646484375 -0.0922698974609375 -0.151077270507813 -0.226119995117188
-0.11529541015625 -0.0599365234375 -0.21697998046875 -0.109527587890625
-0.10577392578125 -0.0729522705078125 -0.15753173828125 -0.0430908203125
-0.123893737792969 -0.06494140625 -0.133193969726563 -0.0146942138671875
-0.0928497314453125 -0.097686767578125 -0.12115478515625 0.00734710693359373
-0.031982421875 -0.15557861328125 -0.126808166503906 0.01898193359375
0.0713348388671875 -0.179931640625 -0.182785034179688 -0.0330810546875
0.231582641601563 -0.0836029052734375 -0.202606201171875 -0.114044189453125
0.28741455078125 0.021820068359375 -0.222152709960937 -0.18548583984375
0.299163818359375 0.171234130859375 -0.175308227539062 -0.197952270507813
0.28125 0.271270751953125 0.0386962890625 -0.223983764648437
0.254531860351563 0.13323974609375 0.0711441040039063 0.00354766845703126
0.302398681640625 -0.019775390625 0.242813110351563 0.017791748046875
0.1763916015625 -0.163909912109375 0.218673706054688 -0.164794921875
0.0553131103515625 -0.2095947265625 0.073699951171875 -0.238677978515625
-0.09588623046875 -0.166183471679688 -0.105377197265625 -0.202606201171875
-0.174514770507813 -0.10455322265625 -0.161163330078125 -0.08648681640625
-0.160995483398438 -0.11376953125 -0.100273132324219 -0.0143890380859375
-0.190109252929687 -0.097686767578125 -0.0803909301757813 0.0185012817382813
-0.143386840820312 -0.140396118164063 -0.0785675048828125 0.0548934936523437
-0.054901123046875 -0.218826293945313 -0.0918731689453125 0.0671234130859375
0.0867462158203125 -0.2373046875 -0.163604736328125 0.0175628662109375
0.292938232421875 -0.103759765625 -0.19427490234375 -0.064056396484375
0.340972900390625 0.042724609375 -0.178298950195312 -0.142807006835938
0.3243408203125 0.238800048828125 -0.101188659667969 -0.113632202148437
0.2501220703125 0.343170166015625 0.13189697265625 -0.11041259765625
0.277145385742188 0.226165771484375 0.140556335449219 0.0694732666015625
0.386260986328125 0.039947509765625 0.264236450195313 0.071502685546875
0.255462646484375 -0.176162719726563 0.243896484375 -0.100936889648438
0.096893310546875 -0.257659912109375 0.116973876953125 -0.176864624023438
-0.106369018554688 -0.216690063476562 -0.0467987060546875 -0.154251098632813
-0.204254150390625 -0.133941650390625 -0.0866165161132813 -0.0527114868164063
-0.191543579101563 -0.13665771484375 -0.0290164947509766 0.0177936553955078
-0.229034423828125 -0.113967895507813 -0.0106277465820313 0.0510025024414063
-0.178207397460938 -0.15899658203125 -0.0195388793945313 0.0999755859375
-0.0754852294921875 -0.251785278320312 -0.0444564819335938 0.110549926757812
0.0865020751953125 -0.265289306640625 -0.133087158203125 0.0644073486328125
0.314971923828125 -0.110107421875 -0.174942016601562 -0.021759033203125
0.351104736328125 0.062744140625 -0.119087219238281 -0.107337951660156
0.306640625 0.27520751953125 -0.0186176300048828 -0.0201549530029297
0.175048828125 0.350311279296875 0.20684814453125 0.0223541259765625
0.235000610351563 0.276123046875 0.197952270507813 0.146820068359375
0.38458251953125 0.10198974609375 0.26080322265625 0.122406005859375
0.2840576171875 -0.1456298828125 0.242355346679688 -0.026336669921875
0.122390747070313 -0.253570556640625 0.140579223632813 -0.0972900390625
-0.0970458984375 -0.227203369140625 0.0122756958007813 -0.0889434814453125
-0.201217651367188 -0.140960693359375 -0.00408267974853517 -0.0128364562988281
-0.193222045898438 -0.138763427734375 0.0464630126953125 0.0452384948730469
-0.234756469726563 -0.115615844726563 0.0645751953125 0.079010009765625
-0.185714721679688 -0.158111572265625 0.0448226928710937 0.136940002441406
-0.0791015625 -0.253570556640625 0.00360107421874999 0.14715576171875
0.086181640625 -0.258163452148438 -0.100898742675781 0.104034423828125
0.308563232421875 -0.0882568359375 -0.15203857421875 0.00830078124999999
0.319793701171875 0.09246826171875 -0.0569305419921875 -0.0782470703125
0.2457275390625 0.284515380859375 0.0588455200195313 0.0734024047851563
0.073211669921875 0.28961181640625 0.255752563476563 0.14501953125
0.146286010742188 0.260971069335938 0.235809326171875 0.215560913085938
0.2989501953125 0.1348876953125 0.23724365234375 0.154388427734375
0.246429443359375 -0.090545654296875 0.2215576171875 0.038299560546875
0.116806030273438 -0.200103759765625 0.146453857421875 -0.02301025390625
-0.074737548828125 -0.195159912109375 0.062896728515625 -0.0249099731445313
-0.168106079101563 -0.121978759765625 0.0726318359375 0.0230484008789062
-0.166015625 -0.120010375976563 0.115745544433594 0.0661697387695312
-0.20416259765625 -0.10345458984375 0.136154174804688 0.1016845703125
-0.162872314453125 -0.14044189453125 0.103164672851562 0.170761108398437
-0.064544677734375 -0.226669311523437 0.0408172607421875 0.17901611328125
0.087799072265625 -0.220565795898438 -0.0772628784179687 0.135917663574219
0.274642944335938 -0.0485076904296875 -0.134536743164062 0.0304946899414063
0.252593994140625 0.123138427734375 -0.00239181518554686 -0.0474662780761719
0.1514892578125 0.26800537109375 0.11676025390625 0.163833618164063
-0.0386505126953125 0.176925659179688 0.274307250976563 0.229110717773438
0.0368804931640625 0.191436767578125 0.252059936523438 0.254913330078125
0.164230346679688 0.1239013671875 0.210113525390625 0.163162231445313
0.157745361328125 -0.032806396484375 0.199005126953125 0.077392578125
0.0833358764648438 -0.116744995117188 0.142318725585937 0.0267181396484375
-0.0441665649414063 -0.127159118652344 0.100593566894531 0.0215606689453125
-0.11004638671875 -0.0831832885742187 0.1319580078125 0.0472640991210937
-0.113792419433594 -0.0833892822265625 0.167312622070313 0.078094482421875
-0.143905639648437 -0.0777435302734375 0.19256591796875 0.119125366210938
-0.116897583007813 -0.106101989746094 0.147216796875 0.197006225585938
-0.03973388671875 -0.173538208007812 0.062835693359375 0.208084106445312
0.08038330078125 -0.157821655273438 -0.0668487548828125 0.164901733398438
0.211181640625 -0.001190185546875 -0.127693176269531 0.0467300415039063
0.156234741210937 0.140045166015625 0.0317268371582031 -0.0135536193847656
0.037017822265625 0.214019775390625 0.142318725585938 0.243240356445313
0.0840530395507813 -0.105293273925781 -0.19171142578125 -0.283294677734375
-0.0624313354492188 -0.101341247558594 -0.0622062683105469 -0.0148124694824219
-0.1092529296875 -0.00433349609375001 0.145294189453125 -0.0524139404296875
-0.0603561401367187 0.0720062255859375 0.110366821289063 -0.214202880859375
0.00738525390624999 0.0839385986328125 -0.0451202392578125 -0.254669189453125
0.0662307739257813 0.0549278259277344 -0.187088012695313 -0.217422485351562
0.0574188232421875 0.0296058654785156 -0.257125854492188 -0.115753173828125
0.045318603515625 0.0305023193359375 -0.211761474609375 -0.0751495361328125
0.0418548583984375 0.0355148315429688 -0.17431640625 -0.051666259765625
0.00911331176757812 0.0443496704101563 -0.146881103515625 -0.0509490966796875
-0.0376052856445313 0.0273094177246094 -0.157669067382813 -0.0436248779296875
-0.0606231689453125 -0.0404319763183594 -0.199874877929688 -0.0914154052734375
0.00186920166015624 -0.100433349609375 -0.210205078125 -0.194198608398437
0.0894012451171875 -0.100349426269531 -0.273590087890625 -0.264495849609375
0.1527099609375 -0.0674285888671875 -0.287750244140625 -0.2928466796875
0.197967529296875 0.0167694091796875 -0.149017333984375 -0.316009521484375
0.0628128051757813 -0.0545692443847656 -0.0457115173339844 -0.0354118347167969
0.01922607421875 -0.0434150695800781 0.174270629882812 -0.0490570068359375
-0.00457191467285156 -0.0210647583007812 0.138412475585937 -0.224960327148437
0.00187492370605469 -0.0176410675048828 -0.0222320556640625 -0.277618408203125
-0.00457668304443359 -0.0135259628295898 -0.189102172851563 -0.231613159179687
-0.0360832214355469 -0.0112037658691406 -0.2601318359375 -0.116363525390625
-0.03680419921875 -0.0228385925292969 -0.203628540039063 -0.0638427734375
-0.0464515686035156 -0.0185012817382813 -0.1727294921875 -0.0387420654296875
-0.0404319763183594 -0.0354537963867187 -0.149139404296875 -0.0299072265625
-0.0254974365234375 -0.0723342895507813 -0.1529541015625 -0.0200958251953125
0.023101806640625 -0.114120483398438 -0.200820922851563 -0.071807861328125
0.136497497558594 -0.0821456909179688 -0.214569091796875 -0.161956787109375
0.205368041992188 -0.025299072265625 -0.26458740234375 -0.233444213867188
0.24951171875 0.0665130615234375 -0.251983642578125 -0.268264770507812
0.277267456054688 0.152435302734375 -0.0700378417968749 -0.302490234375
0.183883666992188 0.0284423828125 0.00188446044921876 -0.0309047698974609
0.172210693359375 -0.05682373046875 0.216140747070312 -0.0297393798828125
0.0799026489257813 -0.11224365234375 0.180709838867187 -0.217041015625
0.0159683227539062 -0.1279296875 0.0183868408203125 -0.281036376953125
-0.0652313232421875 -0.093475341796875 -0.164520263671875 -0.231338500976563
-0.121070861816406 -0.0581512451171875 -0.230117797851563 -0.106536865234375
-0.114036560058594 -0.0735092163085938 -0.165695190429688 -0.0421905517578125
-0.132888793945312 -0.0632095336914063 -0.140312194824219 -0.0107650756835937
-0.0989608764648438 -0.0994415283203125 -0.126625061035156 0.0125961303710938
-0.03753662109375 -0.1614990234375 -0.133773803710938 0.0242538452148437
0.0700225830078125 -0.191421508789062 -0.195907592773438 -0.0283355712890626
0.241104125976562 -0.0947113037109375 -0.217269897460937 -0.113006591796875
0.30047607421875 0.015228271484375 -0.23944091796875 -0.188247680664063
0.319610595703125 0.17138671875 -0.1925048828125 -0.203689575195313
0.304779052734375 0.274444580078125 0.0292816162109375 -0.232833862304687
0.271682739257813 0.133926391601563 0.0719757080078125 0.00659179687500001
0.31866455078125 -0.03179931640625 0.258621215820313 0.0110931396484375
0.179718017578125 -0.176528930664062 0.224807739257813 -0.179367065429688
0.0493011474609375 -0.222579956054688 0.070465087890625 -0.252700805664063
-0.10516357421875 -0.169967651367188 -0.115341186523437 -0.208099365234375
-0.184555053710937 -0.10107421875 -0.170501708984375 -0.084564208984375
-0.173614501953125 -0.113372802734375 -0.103630065917969 -0.0127639770507812
-0.203079223632813 -0.094696044921875 -0.0821151733398438 0.023101806640625
-0.1539306640625 -0.141128540039063 -0.0790481567382813 0.0612258911132813
-0.0650177001953125 -0.226516723632813 -0.0949172973632813 0.0741348266601562
0.0832366943359375 -0.252410888671875 -0.174285888671875 0.024688720703125
0.304534912109375 -0.11834716796875 -0.208053588867188 -0.0606231689453125
0.35833740234375 0.034881591796875 -0.193817138671875 -0.14447021484375
0.34881591796875 0.24169921875 -0.112533569335937 -0.116874694824219
0.274322509765625 0.3525390625 0.130958557128906 -0.117851257324219
0.297393798828125 0.231048583984375 0.145904541015625 0.0724029541015625
0.409027099609375 0.027252197265625 0.282379150390625 0.065521240234375
0.262222290039063 -0.194244384765625 0.253021240234375 -0.11328125
0.091705322265625 -0.275772094726563 0.1173095703125 -0.189346313476563
-0.11785888671875 -0.221359252929688 -0.0527496337890625 -0.157669067382813
-0.21636962890625 -0.12957763671875 -0.0908050537109375 -0.0511322021484375
-0.206497192382813 -0.135452270507813 -0.027130126953125 0.0184593200683594
-0.244522094726563 -0.109176635742187 -0.00770187377929689 0.0555305480957031
-0.190536499023438 -0.158477783203125 -0.0152969360351563 0.106552124023437
-0.0888214111328125 -0.259170532226563 -0.0435256958007813 0.118019104003906
0.0816650390625 -0.281280517578125 -0.140312194824219 0.073486328125
0.32757568359375 -0.12554931640625 -0.187240600585938 -0.0166778564453125
0.3687744140625 0.054840087890625 -0.130455017089844 -0.108833312988281
0.332427978515625 0.279815673828125 -0.0225982666015625 -0.0214347839355469
0.196502685546875 0.36151123046875 0.214462280273437 0.019622802734375
0.255523681640625 0.283416748046875 0.20867919921875 0.150711059570313
0.4085693359375 0.091156005859375 0.279373168945313 0.118759155273438
0.292236328125 -0.1617431640625 0.254180908203125 -0.034210205078125
0.117446899414062 -0.271591186523438 0.144485473632813 -0.1064453125
-0.108871459960938 -0.232803344726562 0.0112457275390625 -0.0908203125
-0.213653564453125 -0.135543823242188 -0.00303554534912111 -0.0130729675292969
-0.20831298828125 -0.137771606445313 0.0533447265625 0.0444564819335937
-0.25030517578125 -0.110382080078125 0.0729141235351562 0.0821151733398438
-0.197921752929688 -0.156417846679688 0.0532684326171875 0.1439208984375
-0.093475341796875 -0.261001586914063 0.00842285156249999 0.154312133789062
0.0814361572265625 -0.273391723632813 -0.105369567871094 0.113204956054687
0.320709228515625 -0.104278564453125 -0.162216186523437 0.0150299072265625
0.337066650390625 0.086212158203125 -0.0643539428710938 -0.0804519653320312
0.268768310546875 0.29241943359375 0.062652587890625 0.0748977661132813
0.087890625 0.30145263671875 0.270263671875 0.147171020507813
0.161941528320313 0.270034790039063 0.249847412109375 0.220260620117188
0.320404052734375 0.127899169921875 0.254104614257813 0.153884887695313
0.253173828125 -0.102706909179688 0.234039306640625 0.032928466796875
0.114120483398438 -0.215057373046875 0.153274536132813 -0.0290374755859375
-0.0841217041015625 -0.199249267578125 0.0660285949707031 -0.0251045227050781
-0.179473876953125 -0.118545532226563 0.07843017578125 0.021942138671875
-0.179046630859375 -0.1181640625 0.125923156738281 0.0640487670898437
-0.21710205078125 -0.09869384765625 0.148605346679688 0.10284423828125
-0.173858642578125 -0.138931274414063 0.116119384765625 0.176422119140625
-0.078399658203125 -0.232864379882813 0.0478363037109375 0.186309814453125
0.08306884765625 -0.233688354492188 -0.0782470703125 0.146331787109375
0.28668212890625 -0.060150146484375 -0.142303466796875 0.0378875732421875
0.267776489257813 0.121047973632813 -0.00727462768554686 -0.0511817932128906
0.169509887695313 0.275665283203125 0.126358032226563 0.166061401367188
-0.033599853515625 0.186553955078125 0.29254150390625 0.23291015625
0.0460357666015625 0.19903564453125 0.268814086914063 0.260696411132813
0.176742553710937 0.122085571289062 0.225021362304688 0.16473388671875
0.162216186523438 -0.040863037109375 0.211013793945312 0.074798583984375
0.0810012817382812 -0.126068115234375 0.150924682617188 0.023162841796875
-0.0499420166015625 -0.130523681640625 0.106781005859375 0.0206069946289062
-0.11688232421875 -0.0799560546875 0.141220092773438 0.045074462890625
-0.122589111328125 -0.0813369750976562 0.180938720703125 0.0746917724609375
-0.153427124023438 -0.07489013671875 0.209121704101563 0.11962890625
-0.125045776367188 -0.105339050292969 0.162445068359375 0.202301025390625
-0.0502471923828125 -0.178817749023438 0.07098388671875 0.216079711914063
0.0781707763671875 -0.167724609375 -0.0661163330078125 0.175735473632813
0.221649169921875 -0.009185791015625 -0.134918212890625 0.0544586181640625
0.167800903320313 0.140625 0.0304737091064453 -0.0174884796142578
0.0466766357421875 0.223175048828125 0.155426025390625 0.248397827148438
0.0807342529296875 -0.115921020507813 -0.219146728515625 -0.283721923828125
-0.0713119506835937 -0.101531982421875 -0.0643157958984375 -0.00805282592773437
-0.113410949707031 0.00283050537109374 0.1517333984375 -0.063812255859375
-0.0583267211914063 0.0803604125976563 0.104782104492188 -0.233489990234375
0.0140762329101562 0.0887603759765625 -0.0607452392578125 -0.266830444335938
0.0740203857421875 0.0518035888671875 -0.2099609375 -0.219100952148438
0.0626487731933594 0.0248260498046875 -0.2789306640625 -0.106353759765625
0.0488967895507812 0.0277442932128906 -0.229507446289062 -0.065887451171875
0.0449905395507813 0.0329017639160156 -0.189910888671875 -0.0435943603515625
0.0125617980957031 0.0435447692871094 -0.160308837890625 -0.0457611083984375
-0.0356979370117188 0.0302009582519531 -0.171188354492187 -0.0357208251953125
-0.0657768249511719 -0.0380935668945312 -0.21783447265625 -0.0847625732421874
-0.00387573242187499 -0.10400390625 -0.231658935546875 -0.194442749023438
0.0879669189453125 -0.109931945800781 -0.302764892578125 -0.2645263671875
0.156417846679687 -0.079071044921875 -0.321197509765625 -0.29278564453125
0.208328247070313 0.005523681640625 -0.177734375 -0.319915771484375
0.0633468627929688 -0.0588188171386719 -0.0489044189453125 -0.0295906066894531
0.0202522277832031 -0.0460853576660156 0.183456420898437 -0.06256103515625
-0.00520133972167969 -0.0209522247314453 0.1339111328125 -0.245498657226562
0.00140762329101563 -0.0182762145996094 -0.03936767578125 -0.29168701171875
-0.00415897369384766 -0.0146465301513672 -0.2113037109375 -0.233001708984375
-0.0376014709472656 -0.0113716125488281 -0.280715942382812 -0.105621337890625
-0.0408821105957031 -0.0228500366210937 -0.220291137695312 -0.0550689697265625
-0.0508766174316406 -0.0173072814941406 -0.185821533203125 -0.02960205078125
-0.043731689453125 -0.0368080139160156 -0.159255981445313 -0.0228424072265625
-0.0289993286132813 -0.0753631591796875 -0.16473388671875 -0.0113983154296875
0.0184555053710937 -0.122116088867188 -0.218826293945313 -0.0636291503906251
0.139694213867187 -0.093292236328125 -0.236526489257813 -0.159027099609375
0.21405029296875 -0.0377655029296875 -0.293670654296875 -0.231414794921875
0.266693115234375 0.0563812255859375 -0.2843017578125 -0.269073486328125
0.301055908203125 0.1439208984375 -0.094970703125 -0.310546875
0.196487426757813 0.0223388671875 0.000152587890625011 -0.0274505615234375
0.181304931640625 -0.0700836181640625 0.229095458984375 -0.0446319580078125
0.0785598754882813 -0.121658325195313 0.179168701171875 -0.239883422851563
0.008087158203125 -0.135597229003906 0.00387573242187499 -0.297210693359375
-0.0731430053710937 -0.09429931640625 -0.185073852539063 -0.233474731445313
-0.1300048828125 -0.053680419921875 -0.248336791992187 -0.0976715087890625
-0.125495910644531 -0.0709228515625 -0.177490234375 -0.034637451171875
-0.144210815429688 -0.058624267578125 -0.149383544921875 -0.0026092529296875
-0.109016418457031 -0.0998992919921875 -0.132469177246094 0.0210800170898437
-0.0486297607421875 -0.16748046875 -0.140716552734375 0.034515380859375
0.0627593994140625 -0.206573486328125 -0.212417602539063 -0.017425537109375
0.249923706054687 -0.113433837890625 -0.23779296875 -0.106536865234375
0.316497802734375 0.000701904296875 -0.265426635742188 -0.184799194335938
0.347259521484375 0.162750244140625 -0.217575073242188 -0.204147338867187
0.33734130859375 0.271942138671875 0.0132293701171875 -0.24285888671875
0.29541015625 0.128326416015625 0.0742874145507813 0.00762939453125001
0.336181640625 -0.053802490234375 0.276382446289063 -0.00555419921875
0.179214477539063 -0.196807861328125 0.22833251953125 -0.202804565429688
0.0376129150390625 -0.238632202148438 0.0603485107421875 -0.270599365234375
-0.119842529296875 -0.1712646484375 -0.132904052734375 -0.210235595703125
-0.199249267578125 -0.0941619873046875 -0.183807373046875 -0.0773162841796875
-0.191070556640625 -0.10882568359375 -0.109397888183594 -0.00842285156250003
-0.220260620117188 -0.085693359375 -0.0855484008789063 0.0296707153320313
-0.168838500976563 -0.13818359375 -0.0784912109375 0.069671630859375
-0.08282470703125 -0.233428955078125 -0.0960159301757813 0.084381103515625
0.072601318359375 -0.2718505859375 -0.186538696289063 0.03741455078125
0.314849853515625 -0.142913818359375 -0.225128173828125 -0.0502777099609375
0.37884521484375 0.017578125 -0.214630126953125 -0.141586303710937
0.38433837890625 0.23577880859375 -0.127723693847656 -0.116889953613281
0.311798095703125 0.3543701171875 0.126502990722656 -0.127792358398437
0.3287353515625 0.2286376953125 0.156112670898438 0.0727081298828125
0.436065673828125 0.0023193359375 0.304656982421875 0.05023193359375
0.264663696289063 -0.21978759765625 0.261245727539062 -0.133834838867188
0.078155517578125 -0.2977294921875 0.113082885742188 -0.205825805664063
-0.137359619140625 -0.225234985351562 -0.0634307861328125 -0.161468505859375
-0.234481811523438 -0.120712280273437 -0.0971832275390625 -0.0484161376953125
-0.226806640625 -0.129898071289062 -0.0261058807373047 0.0185470581054687
-0.264419555664062 -0.097442626953125 -0.00294113159179689 0.0598106384277344
-0.208663940429687 -0.1534423828125 -0.00762176513671876 0.1141357421875
-0.110321044921875 -0.265960693359375 -0.0391006469726563 0.127784729003906
0.068389892578125 -0.3028564453125 -0.146621704101563 0.0873260498046874
0.339599609375 -0.15350341796875 -0.200241088867187 -0.00457763671875003
0.391754150390625 0.037811279296875 -0.146682739257813 -0.107986450195312
0.368896484375 0.27679443359375 -0.0267772674560547 -0.0219306945800781
0.229827880859375 0.37030029296875 0.22430419921875 0.0119476318359375
0.287017822265625 0.285614013671875 0.225677490234375 0.150497436523438
0.438629150390625 0.069671630859375 0.303741455078125 0.107330322265625
0.297821044921875 -0.187103271484375 0.265853881835937 -0.050689697265625
0.106658935546875 -0.29510498046875 0.147125244140625 -0.120376586914063
-0.127410888671875 -0.236740112304687 0.00721740722656249 -0.0944290161132813
-0.232131958007813 -0.127243041992188 -0.00273895263671876 -0.0126132965087891
-0.228546142578125 -0.130767822265625 0.0616378784179687 0.0414390563964844
-0.269515991210938 -0.0977783203125 0.0848159790039062 0.0829620361328125
-0.216506958007813 -0.150375366210938 0.067230224609375 0.149337768554687
-0.115859985351563 -0.26690673828125 0.0170135498046875 0.162368774414063
0.06884765625 -0.293670654296875 -0.106742858886719 0.126968383789063
0.332550048828125 -0.129241943359375 -0.171829223632812 0.0275115966796875
0.359832763671875 0.071197509765625 -0.07537841796875 -0.0821304321289062
0.303619384765625 0.29290771484375 0.069061279296875 0.0742721557617188
0.112945556640625 0.312347412109375 0.291046142578125 0.141326904296875
0.188552856445313 0.275650024414063 0.27264404296875 0.220474243164063
0.3470458984375 0.1126708984375 0.276885986328125 0.146469116210938
0.259201049804688 -0.12420654296875 0.2489013671875 0.0214385986328125
0.104843139648437 -0.234619140625 0.160552978515625 -0.03912353515625
-0.0998382568359375 -0.20343017578125 0.0681800842285156 -0.0281143188476563
-0.194320678710938 -0.110549926757812 0.0853500366210937 0.0193252563476562
-0.196365356445313 -0.111846923828125 0.139892578125 0.0574569702148438
-0.235641479492188 -0.087615966796875 0.166351318359375 0.100326538085938
-0.190597534179688 -0.133529663085938 0.134689331054688 0.17950439453125
-0.0979461669921875 -0.238525390625 0.06134033203125 0.192672729492187
0.0728759765625 -0.251983642578125 -0.0751953125 0.159942626953125
0.29925537109375 -0.0819091796875 -0.150680541992187 0.0494537353515625
0.28857421875 0.11199951171875 -0.0131416320800781 -0.0552597045898437
0.196380615234375 0.281585693359375 0.142532348632813 0.166748046875
-0.0216827392578125 0.198410034179688 0.32110595703125 0.230865478515625
0.060791015625 0.205886840820313 0.2957763671875 0.260528564453125
0.195114135742188 0.115966796875 0.2457275390625 0.16021728515625
0.166580200195312 -0.05279541015625 0.226898193359375 0.0670623779296875
0.0759048461914063 -0.138252258300781 0.1617431640625 0.0159912109375
-0.0599441528320312 -0.133003234863281 0.114303588867188 0.0169601440429687
-0.127174377441406 -0.0739898681640625 0.152633666992188 0.03900146484375
-0.1343994140625 -0.076019287109375 0.196563720703125 0.0656585693359375
-0.166290283203125 -0.06695556640625 0.230331420898438 0.113174438476563
-0.137870788574219 -0.100608825683594 0.185211181640625 0.203872680664063
-0.0659332275390625 -0.182907104492188 0.0868072509765625 0.223968505859375
0.0711669921875 -0.181442260742187 -0.06048583984375 0.190216064453125
0.2337646484375 -0.0241546630859375 -0.140945434570312 0.066864013671875
0.185089111328125 0.138809204101563 0.0285854339599609 -0.0225143432617187
0.063079833984375 0.23138427734375 0.178390502929687 0.251052856445313
0.0730514526367188 -0.126792907714844 -0.251174926757812 -0.27276611328125
-0.0805587768554688 -0.0979461669921875 -0.0647239685058594 -0.000423431396484394
-0.115272521972656 0.0130157470703125 0.153732299804688 -0.078857421875
-0.0519332885742188 0.088348388671875 0.090667724609375 -0.251113891601562
0.023406982421875 0.0915679931640625 -0.0836944580078125 -0.272689819335938
0.0821533203125 0.0458831787109375 -0.235671997070313 -0.213104248046875
0.0664024353027344 0.0172386169433594 -0.29913330078125 -0.087188720703125
0.0522041320800781 0.0230560302734375 -0.246978759765625 -0.048583984375
0.0479888916015625 0.0292396545410156 -0.203765869140625 -0.0291595458984375
0.0168266296386719 0.04150390625 -0.172149658203125 -0.034759521484375
-0.0322837829589844 0.0325832366943359 -0.182723999023437 -0.0233612060546875
-0.070770263671875 -0.03338623046875 -0.234664916992188 -0.070098876953125
-0.012115478515625 -0.106307983398437 -0.255859375 -0.185516357421875
0.0826339721679688 -0.119491577148438 -0.33599853515625 -0.250701904296875
0.15478515625 -0.0945892333984375 -0.35882568359375 -0.279327392578125
0.215972900390625 -0.01104736328125 -0.211883544921875 -0.312835693359375
0.0626220703125 -0.063751220703125 -0.0516738891601562 -0.0217971801757813
0.0188140869140625 -0.050201416015625 0.1875 -0.0807952880859375
-0.00443077087402344 -0.0207557678222656 0.120635986328125 -0.265869140625
0.000391006469726564 -0.0188026428222656 -0.0628662109375 -0.3001708984375
-0.00439071655273438 -0.0161676406860352 -0.237747192382812 -0.225967407226563
-0.0400238037109375 -0.0101280212402344 -0.300811767578125 -0.086639404296875
-0.0454788208007813 -0.0213394165039062 -0.235076904296875 -0.0390319824218749
-0.0553321838378906 -0.0140228271484375 -0.198532104492188 -0.0144195556640625
-0.04815673828125 -0.0365943908691406 -0.168685913085937 -0.0102386474609375
-0.0341415405273438 -0.0767364501953125 -0.173614501953125 0.00279235839843747
0.0103683471679687 -0.128562927246094 -0.2357177734375 -0.0471954345703125
0.138374328613281 -0.107147216796875 -0.258285522460938 -0.147872924804688
0.218795776367188 -0.0540008544921875 -0.324920654296875 -0.21728515625
0.2818603515625 0.0382080078125 -0.319091796875 -0.256622314453125
0.324676513671875 0.124664306640625 -0.126373291015625 -0.3089599609375
0.207489013671875 0.0098419189453125 -0.00173950195312499 -0.0231742858886719
0.184524536132813 -0.0896759033203125 0.236175537109375 -0.067718505859375
0.0722274780273437 -0.1328125 0.167953491210938 -0.263275146484375
-0.003326416015625 -0.14166259765625 -0.01904296875 -0.309234619140625
-0.0827713012695312 -0.0915374755859375 -0.210952758789062 -0.227340698242188
-0.138351440429688 -0.0451507568359375 -0.265182495117188 -0.0800628662109376
-0.137992858886719 -0.0640869140625 -0.188232421875 -0.0219268798828125
-0.155364990234375 -0.0476226806640625 -0.156021118164062 0.011383056640625
-0.120429992675781 -0.0954360961914063 -0.13592529296875 0.033294677734375
-0.0626068115234375 -0.170639038085938 -0.144500732421875 0.048828125
0.0486602783203125 -0.220611572265625 -0.225173950195313 0.00135803222656246
0.252044677734375 -0.137680053710938 -0.256210327148437 -0.09173583984375
0.329132080078125 -0.023590087890625 -0.293182373046875 -0.17132568359375
0.375579833984375 0.141998291015625 -0.245269775390625 -0.194259643554688
0.3741455078125 0.2548828125 -0.00892639160156245 -0.248825073242188
0.319305419921875 0.1123046875 0.0771484375 0.00762939453125001
0.3477783203125 -0.086578369140625 0.28826904296875 -0.03143310546875
0.171157836914063 -0.219375610351563 0.220993041992188 -0.228195190429688
0.01776123046875 -0.251876831054688 0.041107177734375 -0.2855224609375
-0.137588500976562 -0.167587280273438 -0.15350341796875 -0.206817626953125
-0.213272094726562 -0.079345703125 -0.196243286132813 -0.06451416015625
-0.20880126953125 -0.0972442626953125 -0.114036560058594 -0.00149536132812499
-0.23602294921875 -0.0688629150390625 -0.0844497680664063 0.0391311645507813
-0.186187744140625 -0.129150390625 -0.0751266479492188 0.0804672241210937
-0.104690551757813 -0.234848022460938 -0.0942840576171875 0.097198486328125
0.052764892578125 -0.2900390625 -0.194061279296875 0.056854248046875
0.317596435546875 -0.175018310546875 -0.239639282226562 -0.0335693359375
0.395172119140625 -0.01080322265625 -0.236709594726562 -0.13037109375
0.421478271484375 0.214569091796875 -0.144760131835937 -0.110870361328125
0.3538818359375 0.34259033203125 0.117767333984375 -0.138809204101563
0.3631591796875 0.213592529296875 0.16571044921875 0.0678558349609375
0.45440673828125 -0.036865234375 0.321319580078125 0.02398681640625
0.257095336914063 -0.2501220703125 0.260787963867188 -0.159988403320313
0.0538330078125 -0.316253662109375 0.101425170898438 -0.22308349609375
-0.159805297851562 -0.221221923828125 -0.0777740478515625 -0.160079956054688
-0.251388549804688 -0.104248046875 -0.103553771972656 -0.040679931640625
-0.247970581054687 -0.114990234375 -0.0243053436279297 0.0197429656982422
-0.282745361328125 -0.07672119140625 0.00461578369140623 0.0629692077636719
-0.228607177734375 -0.140579223632813 0.00298309326171873 0.120468139648437
-0.136825561523438 -0.2646484375 -0.0309677124023437 0.137184143066406
0.044830322265625 -0.321380615234375 -0.148971557617187 0.10540771484375
0.341217041015625 -0.1888427734375 -0.209442138671875 0.013336181640625
0.41021728515625 0.007843017578125 -0.163955688476562 -0.101043701171875
0.410552978515625 0.258087158203125 -0.0314254760742187 -0.0203742980957031
0.272125244140625 0.36492919921875 0.229873657226563 -0.00230407714843748
0.323455810546875 0.27362060546875 0.24322509765625 0.142471313476563
0.463836669921875 0.032806396484375 0.32275390625 0.083526611328125
0.29290771484375 -0.2198486328125 0.27239990234375 -0.07305908203125
0.083099365234375 -0.314849853515625 0.143722534179687 -0.13671875
-0.151275634765625 -0.234451293945312 0.00132751464843749 -0.0954513549804688
-0.249130249023438 -0.110519409179688 -0.00215244293212892 -0.0122880935668945
-0.248855590820313 -0.115203857421875 0.0684471130371093 0.0362281799316406
-0.28875732421875 -0.07623291015625 0.0985641479492187 0.0790328979492188
-0.2357177734375 -0.136337280273437 0.084686279296875 0.1513671875
-0.1436767578125 -0.264556884765625 0.0305633544921875 0.167999267578125
0.04522705078125 -0.31146240234375 -0.10284423828125 0.142440795898438
0.336181640625 -0.163818359375 -0.177642822265625 0.0445556640625
0.37908935546875 0.04534912109375 -0.0877456665039062 -0.080078125
0.342498779296875 0.280364990234375 0.076507568359375 0.0707550048828125
0.144622802734375 0.314300537109375 0.311248779296875 0.12615966796875
0.21954345703125 0.271102905273438 0.297637939453125 0.2100830078125
0.37109375 0.084136962890625 0.298248291015625 0.127960205078125
0.25714111328125 -0.150680541992188 0.259902954101563 0.00346374511718749
0.08673095703125 -0.252792358398438 0.16424560546875 -0.053619384765625
-0.12060546875 -0.202301025390625 0.07000732421875 -0.0324859619140625
-0.20904541015625 -0.0956878662109375 0.09161376953125 0.012908935546875
-0.2137451171875 -0.0978240966796875 0.151016235351563 0.0462493896484375
-0.25152587890625 -0.0679931640625 0.184921264648437 0.0893707275390625
-0.208023071289062 -0.119674682617188 0.157501220703125 0.175933837890625
-0.1243896484375 -0.235671997070313 0.078887939453125 0.196365356445312
0.0528717041015625 -0.268096923828125 -0.0671539306640625 0.173660278320312
0.3043212890625 -0.111358642578125 -0.153274536132813 0.066741943359375
0.308868408203125 0.092559814453125 -0.0212631225585937 -0.0572700500488281
0.2303466796875 0.276168823242188 0.161178588867188 0.16046142578125
-0.0048675537109375 0.207199096679687 0.350311279296875 0.21551513671875
0.081451416015625 0.208023071289062 0.324951171875 0.24871826171875
0.212387084960937 0.100692749023437 0.265426635742188 0.147689819335938
0.166183471679688 -0.06842041015625 0.241348266601563 0.052154541015625
0.0645599365234375 -0.149917602539063 0.170394897460938 0.00294494628906249
-0.073699951171875 -0.1324462890625 0.120994567871094 0.0102767944335937
-0.136116027832031 -0.0639724731445313 0.163436889648438 0.0279083251953125
-0.146316528320313 -0.06597900390625 0.2122802734375 0.049713134765625
-0.178207397460938 -0.053131103515625 0.2523193359375 0.097198486328125
-0.150772094726563 -0.090850830078125 0.211166381835938 0.197738647460938
-0.0855560302734375 -0.181930541992188 0.107757568359375 0.2255859375
0.0561370849609375 -0.195327758789063 -0.048126220703125 0.202667236328125
0.241317749023438 -0.0461273193359375 -0.14141845703125 0.0824432373046875
0.203811645507813 0.129043579101563 0.0248470306396485 -0.0279903411865234
0.0862579345703125 0.235260009765625 0.20574951171875 0.243194580078125
0.0611724853515625 -0.132759094238281 -0.27484130859375 -0.249755859375
-0.0885238647460937 -0.0906753540039063 -0.0622062683105469 0.00788497924804688
-0.113433837890625 0.02288818359375 0.150100708007812 -0.092498779296875
-0.04254150390625 0.0944137573242187 0.0713043212890625 -0.261459350585938
0.0342025756835938 0.090545654296875 -0.105499267578125 -0.268966674804687
0.0873870849609375 0.03643798828125 -0.25543212890625 -0.196884155273438
0.0667610168457031 0.00887298583984375 -0.309600830078125 -0.0609130859375
0.0535316467285156 0.0166168212890625 -0.25543212890625 -0.0262451171875
0.0500907897949219 0.0241012573242188 -0.21051025390625 -0.00956726074218746
0.0210227966308594 0.0375289916992188 -0.17852783203125 -0.020355224609375
-0.0276641845703125 0.0338249206542969 -0.187652587890625 -0.00695800781250003
-0.0731582641601563 -0.0264129638671875 -0.243972778320313 -0.0505218505859375
-0.0211181640625 -0.104469299316406 -0.2725830078125 -0.167938232421875
0.0735855102539063 -0.126213073730469 -0.35894775390625 -0.225250244140625
0.147293090820313 -0.108673095703125 -0.385284423828125 -0.2513427734375
0.21612548828125 -0.0294342041015625 -0.240203857421875 -0.291961669921875
0.0595359802246094 -0.0677909851074219 -0.05181884765625 -0.0140571594238281
0.0167198181152344 -0.0523872375488281 0.18316650390625 -0.0981597900390625
-0.0050506591796875 -0.0201187133789063 0.099700927734375 -0.277908325195313
-0.000196456909179686 -0.0184555053710938 -0.087738037109375 -0.29705810546875
-0.00439548492431641 -0.0166692733764648 -0.258285522460938 -0.209701538085937
-0.0412635803222656 -0.00878143310546874 -0.30999755859375 -0.060211181640625
-0.0490036010742188 -0.0187759399414063 -0.242477416992188 -0.0181884765625
-0.0573501586914063 -0.00909423828125 -0.202880859375 0.00460815429687499
-0.0510520935058594 -0.0347557067871094 -0.172454833984375 0.00456237792968753
-0.0394058227539063 -0.0760498046875 -0.175872802734375 0.018341064453125
-0.000183105468749988 -0.130332946777344 -0.24359130859375 -0.0260162353515625
0.131996154785156 -0.117881774902344 -0.273056030273438 -0.128448486328125
0.216583251953125 -0.0709991455078125 -0.3466796875 -0.192138671875
0.287628173828125 0.015045166015625 -0.345245361328125 -0.231414794921875
0.3377685546875 0.0977783203125 -0.155487060546875 -0.29510498046875
0.212371826171875 -0.0052947998046875 -0.00272369384765624 -0.0177249908447266
0.179946899414063 -0.107589721679688 0.23370361328125 -0.08935546875
0.06329345703125 -0.140182495117188 0.148513793945312 -0.27899169921875
-0.0157470703125 -0.14227294921875 -0.044097900390625 -0.310302734375
-0.08990478515625 -0.0855255126953125 -0.229721069335937 -0.211639404296875
-0.1434326171875 -0.0342254638671875 -0.27410888671875 -0.057098388671875
-0.145965576171875 -0.0534210205078125 -0.193130493164063 -0.00581359863281255
-0.160995483398437 -0.03424072265625 -0.157196044921875 0.0263824462890625
-0.128921508789063 -0.0864334106445312 -0.134140014648437 0.0461578369140625
-0.0759735107421875 -0.166839599609375 -0.1427001953125 0.062835693359375
0.0303802490234375 -0.227615356445313 -0.230026245117188 0.0227508544921875
0.244125366210938 -0.160781860351563 -0.26690673828125 -0.0714569091796875
0.330322265625 -0.049041748046875 -0.310943603515625 -0.147918701171875
0.393707275390625 0.112518310546875 -0.265548706054687 -0.174789428710938
0.40045166015625 0.2247314453125 -0.033233642578125 -0.244384765625
0.33367919921875 0.0882568359375 0.0775909423828125 0.00655364990234376
0.34521484375 -0.120635986328125 0.28759765625 -0.058502197265625
0.154510498046875 -0.236068725585938 0.204696655273438 -0.248245239257813
-0.0050811767578125 -0.255462646484375 0.018280029296875 -0.290802001953125
-0.151748657226563 -0.156478881835938 -0.169754028320313 -0.194732666015625
-0.22064208984375 -0.0623626708984375 -0.2021484375 -0.0475616455078125
-0.221115112304688 -0.079559326171875 -0.115303039550781 0.00788879394531248
-0.244033813476562 -0.0467376708984375 -0.0809860229492188 0.0475692749023437
-0.197219848632813 -0.1136474609375 -0.0678558349609375 0.088653564453125
-0.124847412109375 -0.226852416992188 -0.0879898071289063 0.107467651367187
0.02789306640625 -0.298309326171875 -0.193923950195313 0.0765380859375
0.3082275390625 -0.204986572265625 -0.24517822265625 -0.0130615234375
0.3985595703125 -0.04217529296875 -0.251541137695313 -0.110794067382813
0.447174072265625 0.181793212890625 -0.15753173828125 -0.0988311767578125
0.388397216796875 0.314788818359375 0.103759765625 -0.144851684570312
0.385223388671875 0.18719482421875 0.16998291015625 0.0595550537109375
0.456787109375 -0.079437255859375 0.323944091796875 -0.00549316406250001
0.238372802734375 -0.274993896484375 0.250137329101563 -0.181869506835938
0.025482177734375 -0.323883056640625 0.084564208984375 -0.233505249023438
-0.179153442382812 -0.208831787109375 -0.0895843505859375 -0.15301513671875
-0.26031494140625 -0.0818939208984375 -0.106452941894531 -0.0315170288085937
-0.261520385742188 -0.093658447265625 -0.022216796875 0.0198135375976562
-0.29168701171875 -0.049652099609375 0.01239013671875 0.063018798828125
-0.240631103515625 -0.12060546875 0.0150909423828125 0.121498107910156
-0.161865234375 -0.252838134765625 -0.0198822021484375 0.141876220703125
0.016265869140625 -0.328125 -0.144149780273438 0.121597290039062
0.330108642578125 -0.221099853515625 -0.2110595703125 0.03192138671875
0.41448974609375 -0.025177001953125 -0.176559448242187 -0.0880889892578125
0.438629150390625 0.22698974609375 -0.0343246459960937 -0.0173168182373047
0.30584716796875 0.343536376953125 0.228515625 -0.0175933837890625
0.3521728515625 0.25115966796875 0.254348754882813 0.128921508789063
0.471893310546875 -0.010528564453125 0.32977294921875 0.055908203125
0.275955200195313 -0.246414184570313 0.268844604492188 -0.095947265625
0.053802490234375 -0.3250732421875 0.133956909179688 -0.1500244140625
-0.17218017578125 -0.221771240234375 -0.00467681884765626 -0.0944137573242188
-0.258163452148438 -0.088287353515625 -0.00167942047119142 -0.0112819671630859
-0.262451171875 -0.0938568115234375 0.0733413696289062 0.0284423828125
-0.297149658203125 -0.047943115234375 0.108833312988281 0.0700454711914063
-0.248367309570313 -0.114852905273438 0.100845336914062 0.145919799804688
-0.168701171875 -0.251144409179687 0.044097900390625 0.167678833007812
0.016815185546875 -0.31884765625 -0.0941925048828125 0.154632568359375
0.3265380859375 -0.19525146484375 -0.175430297851562 0.061126708984375
0.38763427734375 0.014801025390625 -0.0984039306640625 -0.0739517211914063
0.372528076171875 0.253753662109375 0.082672119140625 0.0639190673828125
0.174041748046875 0.303253173828125 0.320953369140625 0.10455322265625
0.245346069335937 0.25494384765625 0.31439208984375 0.19146728515625
0.38214111328125 0.049560546875 0.308837890625 0.104217529296875
0.2449951171875 -0.173599243164062 0.262054443359375 -0.01678466796875
0.063079833984375 -0.262252807617188 0.161346435546875 -0.06781005859375
-0.138381958007813 -0.191543579101562 0.0701675415039062 -0.0360260009765625
-0.216140747070313 -0.07666015625 0.0958786010742187 0.0054931640625
-0.224502563476562 -0.0791015625 0.157958984375 0.0308837890625
-0.259109497070313 -0.0435333251953125 0.197235107421875 0.0718536376953125
-0.218338012695313 -0.10101318359375 0.176498413085937 0.164718627929687
-0.146469116210938 -0.223846435546875 0.0952301025390625 0.191574096679688
0.0274505615234375 -0.274978637695313 -0.0545501708984375 0.182525634765625
0.298675537109375 -0.140838623046875 -0.14892578125 0.0810394287109375
0.32049560546875 0.067779541015625 -0.0292625427246094 -0.0578804016113281
0.257720947265625 0.259017944335938 0.174972534179688 0.14605712890625
0.013763427734375 0.207534790039063 0.368865966796875 0.191497802734375
0.100265502929688 0.202056884765625 0.34661865234375 0.22705078125
0.223281860351562 0.08013916015625 0.276870727539063 0.127639770507813
0.159957885742188 -0.08294677734375 0.247589111328125 0.0333404541015625
0.050140380859375 -0.155853271484375 0.172531127929688 -0.012176513671875
-0.08587646484375 -0.125633239746094 0.124771118164062 0.00260162353515624
-0.141220092773438 -0.0512542724609375 0.168869018554688 0.01361083984375
-0.153030395507813 -0.0521087646484375 0.219528198242188 0.0291900634765625
-0.18426513671875 -0.035064697265625 0.265899658203125 0.0737152099609375
-0.158798217773438 -0.076690673828125 0.232803344726562 0.1815185546875
-0.102645874023438 -0.172622680664062 0.12689208984375 0.218780517578125
0.0383758544921875 -0.2010498046875 -0.0324859619140625 0.209121704101562
0.239456176757813 -0.068817138671875 -0.136329650878906 0.0962982177734375
0.217117309570312 0.112884521484375 0.0192184448242188 -0.0316734313964844
0.108657836914063 0.229598999023438 0.227188110351563 0.2249755859375
0.0500259399414062 -0.1348876953125 -0.287017822265625 -0.22711181640625
-0.0917587280273438 -0.083953857421875 -0.0581550598144531 0.0132865905761719
-0.108795166015625 0.02923583984375 0.1444091796875 -0.100784301757813
-0.0346832275390625 0.0964889526367188 0.0562286376953125 -0.26434326171875
0.0418548583984375 0.0867691040039063 -0.120361328125 -0.261764526367187
0.088836669921875 0.0279922485351563 -0.268051147460938 -0.182296752929688
0.0647163391113281 0.00186920166015625 -0.312744140625 -0.0406494140625
0.0527915954589844 0.0116462707519531 -0.256515502929688 -0.00692749023437495
0.0500564575195313 0.0192222595214844 -0.211334228515625 0.00682067871093753
0.0223979949951172 0.0339412689208984 -0.180282592773438 -0.00852966308593749
-0.0236434936523438 0.0329418182373047 -0.1878662109375 0.00564575195312496
-0.0733642578125 -0.0206756591796875 -0.246658325195312 -0.0333709716796875
-0.026275634765625 -0.100502014160156 -0.280670166015625 -0.151779174804688
0.06561279296875 -0.128593444824219 -0.36907958984375 -0.201904296875
0.138595581054688 -0.116966247558594 -0.397369384765625 -0.226348876953125
0.21063232421875 -0.0416412353515625 -0.254959106445313 -0.270172119140625
0.057098388671875 -0.0697746276855469 -0.0494041442871094 -0.00738143920898438
0.0153732299804687 -0.0538444519042969 0.175582885742188 -0.109573364257813
-0.00454330444335937 -0.0193748474121094 0.08441162109375 -0.282073974609375
0.000324249267578127 -0.0183582305908203 -0.10321044921875 -0.289825439453125
-0.00495147705078125 -0.0185947418212891 -0.269546508789062 -0.193069458007813
-0.0429191589355469 -0.00797653198242188 -0.312225341796875 -0.03948974609375
-0.0516166687011719 -0.0170364379882812 -0.243179321289063 -0.00117492675781247
-0.058135986328125 -0.00665664672851563 -0.202362060546875 0.02008056640625
-0.0524711608886719 -0.03314208984375 -0.172027587890625 0.015655517578125
-0.0423583984375 -0.0748443603515625 -0.174560546875 0.0300140380859375
-0.00776672363281251 -0.1290283203125 -0.245559692382813 -0.00917053222656255
0.125251770019531 -0.123802185058594 -0.27911376953125 -0.11224365234375
0.211715698242188 -0.0818939208984375 -0.356292724609375 -0.168975830078125
0.286834716796875 -0.002899169921875 -0.3572998046875 -0.20794677734375
0.340057373046875 0.07598876953125 -0.172622680664062 -0.277145385742188
0.212173461914063 -0.0167083740234375 -0.00249671936035155 -0.0131254196166992
0.173583984375 -0.119766235351563 0.225372314453125 -0.104171752929688
0.0549468994140625 -0.143280029296875 0.131500244140625 -0.286102294921875
-0.0239410400390625 -0.139854431152344 -0.06134033203125 -0.30450439453125
-0.0931549072265625 -0.0803756713867188 -0.240264892578125 -0.196380615234375
-0.144271850585937 -0.0253753662109375 -0.275115966796875 -0.0383453369140624
-0.149795532226563 -0.0438079833984375 -0.193161010742188 0.00708007812499998
-0.16217041015625 -0.022613525390625 -0.155227661132813 0.0381011962890625
-0.133071899414063 -0.0785369873046875 -0.130599975585938 0.0550613403320313
-0.0853729248046875 -0.161514282226563 -0.138885498046875 0.0722732543945313
0.01605224609375 -0.228286743164063 -0.229446411132813 0.0393524169921875
0.23486328125 -0.174285888671875 -0.269989013671875 -0.0544891357421876
0.32586669921875 -0.06671142578125 -0.3194580078125 -0.12725830078125
0.3985595703125 0.08770751953125 -0.27569580078125 -0.156356811523438
0.410247802734375 0.19793701171875 -0.049835205078125 -0.234527587890625
0.338958740234375 0.06903076171875 0.077239990234375 0.0076446533203125
0.3355712890625 -0.143096923828125 0.280349731445313 -0.077545166015625
0.139816284179687 -0.24468994140625 0.189483642578125 -0.2587890625
-0.0221099853515625 -0.253326416015625 0.002410888671875 -0.289337158203125
-0.158981323242188 -0.146255493164063 -0.178817749023438 -0.18255615234375
-0.222213745117187 -0.0477447509765625 -0.203399658203125 -0.0334625244140625
-0.226348876953125 -0.064849853515625 -0.114677429199219 0.0146636962890625
-0.244857788085938 -0.0287933349609375 -0.0770492553710938 0.0533599853515625
-0.202651977539063 -0.101028442382812 -0.0614089965820313 0.09295654296875
-0.137664794921875 -0.2169189453125 -0.0811538696289063 0.113204956054687
0.00753784179687503 -0.297943115234375 -0.191268920898437 0.0912322998046875
0.29443359375 -0.22393798828125 -0.245468139648437 0.00140380859374997
0.393524169921875 -0.06512451171875 -0.25946044921875 -0.093902587890625
0.45733642578125 0.1529541015625 -0.162841796875 -0.08758544921875
0.405059814453125 0.28839111328125 0.0913543701171875 -0.143997192382812
0.396942138671875 0.163116455078125 0.171371459960938 0.054779052734375
0.449462890625 -0.11175537109375 0.318756103515625 -0.025848388671875
0.219879150390625 -0.28863525390625 0.237640380859375 -0.194900512695312
0.00326538085937503 -0.32354736328125 0.0708160400390625 -0.236175537109375
-0.189788818359375 -0.1954345703125 -0.0962066650390625 -0.144622802734375
-0.262710571289063 -0.06488037109375 -0.106437683105469 -0.02349853515625
-0.26727294921875 -0.076324462890625 -0.0206871032714844 0.0205173492431641
-0.291778564453125 -0.02825927734375 0.0184555053710937 0.061065673828125
-0.24542236328125 -0.103240966796875 0.0242080688476563 0.120674133300781
-0.17626953125 -0.238815307617187 -0.011932373046875 0.14361572265625
-0.00628662109375 -0.327880859375 -0.138259887695313 0.13226318359375
0.31585693359375 -0.242401123046875 -0.20806884765625 0.04498291015625
0.410736083984375 -0.050018310546875 -0.183486938476563 -0.0763397216796875
0.453094482421875 0.1976318359375 -0.0361442565917968 -0.0154800415039062
0.326171875 0.32147216796875 0.222579956054688 -0.025665283203125
0.366424560546875 0.22894287109375 0.257156372070313 0.117172241210938
0.4666748046875 -0.043853759765625 0.3275146484375 0.0347900390625
0.257492065429687 -0.262405395507813 0.261260986328125 -0.110183715820313
0.031402587890625 -0.325225830078125 0.124908447265625 -0.15740966796875
-0.1844482421875 -0.208877563476563 -0.00817108154296877 -0.0907974243164063
-0.260452270507813 -0.0700988769531249 -0.000566482543945328 -0.0103340148925781
-0.267822265625 -0.0753021240234375 0.074981689453125 0.0212478637695312
-0.296966552734375 -0.025421142578125 0.115211486816406 0.061309814453125
-0.251495361328125 -0.0960693359375 0.111892700195313 0.137870788574219
-0.183792114257813 -0.234939575195313 0.0531158447265625 0.164215087890625
-0.00616455078125004 -0.317138671875 -0.085693359375 0.161270141601563
0.312896728515625 -0.217193603515625 -0.170150756835937 0.0722503662109375
0.385772705078125 -0.008758544921875 -0.105033874511719 -0.0678329467773437
0.388824462890625 0.227783203125 0.0849838256835938 0.05712890625
0.192779541015625 0.289306640625 0.32269287109375 0.089447021484375
0.260391235351563 0.2374267578125 0.32049560546875 0.175567626953125
0.381591796875 0.02105712890625 0.308990478515625 0.08612060546875
0.2310791015625 -0.187026977539063 0.259201049804688 -0.031219482421875
0.04425048828125 -0.263351440429688 0.156631469726563 -0.0770111083984375
-0.149307250976562 -0.180999755859375 0.069854736328125 -0.0378608703613281
-0.217453002929688 -0.0609588623046875 0.0973968505859375 -0.000679016113281254
-0.228302001953125 -0.062835693359375 0.159194946289063 0.0180511474609375
-0.259262084960938 -0.024169921875 0.202957153320312 0.0561981201171875
-0.2215576171875 -0.0839996337890625 0.18817138671875 0.15118408203125
-0.15997314453125 -0.209457397460938 0.105270385742188 0.18511962890625
0.00738525390624999 -0.273834228515625 -0.0447845458984375 0.185577392578125
0.288116455078125 -0.16033935546875 -0.142471313476562 0.0901947021484375
0.3226318359375 0.04730224609375 -0.0357780456542968 -0.0565872192382813
0.274826049804688 0.239501953125 0.181869506835938 0.131607055664063
0.0267791748046875 0.203155517578125 0.376708984375 0.1710205078125
0.111602783203125 0.19256591796875 0.35528564453125 0.207061767578125
0.2259521484375 0.0626678466796875 0.280654907226563 0.11279296875
0.151824951171875 -0.091552734375 0.247528076171875 0.0196990966796875
0.0384368896484375 -0.156753540039063 0.170822143554687 -0.0227508544921875
-0.0936279296875 -0.118629455566406 0.126296997070313 -0.00392150878906251
-0.1417236328125 -0.0404510498046875 0.170669555664063 0.0020751953125
-0.154998779296875 -0.040771484375 0.220611572265625 0.0118408203125
-0.18475341796875 -0.0204315185546875 0.270111083984375 0.0531463623046875
-0.161224365234375 -0.0639495849609375 0.2451171875 0.164657592773437
-0.113723754882813 -0.1614990234375 0.138290405273438 0.209121704101563
0.022857666015625 -0.201614379882813 -0.020782470703125 0.210342407226563
0.2333984375 -0.0855865478515625 -0.129570007324219 0.104278564453125
0.2232666015625 0.09832763671875 0.0136642456054688 -0.0344257354736328
0.12353515625 0.219451904296875 0.23760986328125 0.206527709960937
0.0423049926757813 -0.134033203125 -0.292755126953125 -0.213104248046875
-0.09393310546875 -0.0799407958984375 -0.0553359985351563 0.0167350769042969
-0.105361938476562 0.032745361328125 0.141433715820313 -0.106353759765625
-0.0283050537109375 0.0974807739257813 0.0474090576171875 -0.2667236328125
0.04718017578125 0.0835952758789063 -0.128341674804687 -0.2574462890625
0.0885696411132813 0.0203857421875 -0.276443481445313 -0.17230224609375
0.0620079040527344 -0.00206375122070312 -0.315185546875 -0.02728271484375
0.0517654418945313 0.00899505615234375 -0.257858276367188 0.00517272949218753
0.0498237609863281 0.0165367126464844 -0.212188720703125 0.017852783203125
0.0235519409179688 0.0312347412109375 -0.182662963867188 -0.00126647949218748
-0.0216217041015625 0.031463623046875 -0.1885986328125 0.0130157470703125
-0.0726318359375 -0.0164794921875 -0.248565673828125 -0.023590087890625
-0.0293121337890625 -0.097503662109375 -0.286407470703125 -0.143096923828125
0.0614776611328125 -0.129936218261719 -0.37548828125 -0.187530517578125
0.133026123046875 -0.121978759765625 -0.40350341796875 -0.211181640625
0.206497192382813 -0.048126220703125 -0.264450073242188 -0.254989624023438
0.0559463500976563 -0.0706329345703125 -0.0486831665039063 -0.00238800048828125
0.0146598815917969 -0.0553321838378906 0.171981811523438 -0.115814208984375
-0.003936767578125 -0.0193443298339844 0.075042724609375 -0.28497314453125
0.00131797790527344 -0.0194873809814453 -0.11151123046875 -0.2860107421875
-0.00572967529296875 -0.0213394165039063 -0.27691650390625 -0.184066772460937
-0.045013427734375 -0.00714111328124999 -0.31396484375 -0.02593994140625
-0.054412841796875 -0.0158271789550781 -0.24456787109375 0.0102386474609375
-0.059326171875 -0.00484848022460938 -0.202194213867188 0.030792236328125
-0.0541343688964844 -0.0329437255859375 -0.17254638671875 0.023834228515625
-0.0439376831054687 -0.07476806640625 -0.17437744140625 0.0375823974609375
-0.0124740600585937 -0.128074645996094 -0.247970581054688 0.00218200683593753
0.12200927734375 -0.127471923828125 -0.28399658203125 -0.102508544921875
0.209152221679688 -0.0874481201171875 -0.36199951171875 -0.154205322265625
0.28668212890625 -0.013214111328125 -0.363616943359375 -0.194122314453125
0.341827392578125 0.06390380859375 -0.18353271484375 -0.263931274414063
0.213760375976563 -0.02374267578125 -0.00244617462158202 -0.00906562805175781
0.1697998046875 -0.12774658203125 0.220077514648438 -0.113189697265625
0.050201416015625 -0.145462036132813 0.12237548828125 -0.29022216796875
-0.0292434692382812 -0.139228820800781 -0.070831298828125 -0.3021240234375
-0.0953598022460938 -0.077392578125 -0.246307373046875 -0.187591552734375
-0.145736694335938 -0.02020263671875 -0.276473999023437 -0.0261383056640625
-0.154083251953125 -0.037567138671875 -0.194122314453125 0.015533447265625
-0.162857055664063 -0.015472412109375 -0.1531982421875 0.045623779296875
-0.135269165039063 -0.0743942260742187 -0.129020690917969 0.0612258911132812
-0.0903778076171875 -0.159088134765625 -0.136940002441406 0.0789871215820313
0.00675964355468752 -0.228775024414062 -0.230422973632813 0.0510711669921875
0.230133056640625 -0.183853149414063 -0.273300170898438 -0.0457000732421876
0.324066162109375 -0.07720947265625 -0.3243408203125 -0.113922119140625
0.40350341796875 0.07232666015625 -0.281158447265625 -0.144485473632812
0.416900634765625 0.1812744140625 -0.059600830078125 -0.225631713867187
0.3436279296875 0.057373046875 0.0768508911132813 0.00974273681640625
0.33050537109375 -0.15936279296875 0.274169921875 -0.0874176025390625
0.129348754882813 -0.24951171875 0.180007934570313 -0.264175415039063
-0.0329132080078125 -0.25213623046875 -0.00686645507812503 -0.288726806640625
-0.163894653320313 -0.139511108398438 -0.183868408203125 -0.1751708984375
-0.223709106445312 -0.0384368896484375 -0.203582763671875 -0.0244140625
-0.23114013671875 -0.0550537109375 -0.11517333984375 0.0185775756835937
-0.245513916015625 -0.017181396484375 -0.0741729736328125 0.0561065673828125
-0.205429077148438 -0.0918121337890625 -0.057037353515625 0.0960540771484375
-0.146194458007812 -0.210281372070313 -0.07745361328125 0.117294311523438
-0.00476074218749998 -0.298583984375 -0.190093994140625 0.101058959960937
0.287445068359375 -0.236724853515625 -0.245437622070312 0.0103607177734375
0.391265869140625 -0.0787353515625 -0.264617919921875 -0.0833587646484375
0.466888427734375 0.134857177734375 -0.167221069335937 -0.0811614990234375
0.415985107421875 0.270294189453125 0.08349609375 -0.141082763671875
0.404388427734375 0.14892578125 0.172134399414063 0.0536041259765625
0.44354248046875 -0.1324462890625 0.313323974609375 -0.037933349609375
0.207183837890625 -0.29608154296875 0.231002807617188 -0.202682495117188
-0.011199951171875 -0.322113037109375 0.0626678466796875 -0.237640380859375
-0.196426391601563 -0.186569213867187 -0.0986480712890625 -0.139732360839844
-0.2635498046875 -0.0533905029296875 -0.105987548828125 -0.01806640625
-0.271896362304688 -0.0644073486328125 -0.0201263427734375 0.019866943359375
-0.291900634765625 -0.013885498046875 0.0214958190917969 0.0590629577636719
-0.24725341796875 -0.091827392578125 0.0306930541992187 0.11968994140625
-0.18511962890625 -0.229156494140625 -0.00756835937500001 0.144561767578125
-0.021270751953125 -0.326080322265625 -0.135894775390625 0.140113830566406
0.30657958984375 -0.257659912109375 -0.20684814453125 0.0518951416015625
0.409698486328125 -0.066162109375 -0.1885986328125 -0.06890869140625
0.4647216796875 0.17919921875 -0.0377235412597656 -0.0145339965820312
0.33721923828125 0.30718994140625 0.218826293945313 -0.028778076171875
0.375640869140625 0.2149658203125 0.25958251953125 0.113113403320313
0.46441650390625 -0.065643310546875 0.32403564453125 0.024169921875
0.246475219726563 -0.271270751953125 0.256195068359375 -0.118179321289063
0.01641845703125 -0.326019287109375 0.118316650390625 -0.16070556640625
-0.191192626953125 -0.199295043945312 -0.00793457031250002 -0.0889053344726563
-0.260818481445313 -0.059478759765625 0.0010700225830078 -0.0100288391113281
-0.272445678710938 -0.0628814697265624 0.0757522583007812 0.0169906616210938
-0.295654296875 -0.010467529296875 0.119087219238281 0.0546646118164063
-0.253189086914063 -0.084747314453125 0.118995666503906 0.132682800292969
-0.1932373046875 -0.224838256835937 0.0586395263671875 0.163467407226563
-0.020751953125 -0.31549072265625 -0.08245849609375 0.167190551757812
0.304168701171875 -0.232513427734375 -0.1680908203125 0.0781707763671875
0.386474609375 -0.024200439453125 -0.110176086425781 -0.064117431640625
0.399383544921875 0.2115478515625 0.0857772827148438 0.052642822265625
0.202301025390625 0.2801513671875 0.323760986328125 0.081146240234375
0.270065307617188 0.227294921875 0.325042724609375 0.16766357421875
0.380340576171875 0.003509521484375 0.308349609375 0.076934814453125
0.222122192382812 -0.19451904296875 0.257720947265625 -0.0394134521484375
0.0322723388671875 -0.264175415039062 0.153640747070313 -0.0831451416015625
-0.15625 -0.172760009765625 0.0712432861328125 -0.03875732421875
-0.218154907226563 -0.0511016845703125 0.0993194580078125 -0.00481414794921875
-0.231765747070313 -0.0529327392578125 0.160324096679687 0.00917053222656249
-0.258743286132813 -0.0102386474609375 0.206268310546875 0.045013427734375
-0.222488403320313 -0.0730743408203125 0.1956787109375 0.142471313476563
-0.168045043945312 -0.199554443359375 0.111221313476562 0.181320190429687
-0.00605773925781251 -0.272552490234375 -0.0396881103515625 0.188995361328125
0.28045654296875 -0.174972534179688 -0.1392822265625 0.0951004028320313
0.32489013671875 0.03326416015625 -0.04119873046875 -0.056365966796875
0.285369873046875 0.22735595703125 0.184478759765625 0.122314453125
0.0344085693359375 0.201004028320312 0.380584716796875 0.159088134765625
0.119232177734375 0.186599731445312 0.3602294921875 0.196990966796875
0.226058959960938 0.051025390625 0.281768798828125 0.106109619140625
0.146316528320313 -0.0955810546875 0.2481689453125 0.0118560791015625
0.0309295654296875 -0.157028198242188 0.169662475585938 -0.028961181640625
-0.097991943359375 -0.112960815429687 0.128730773925781 -0.00679779052734376
-0.142257690429688 -0.033111572265625 0.172683715820313 -0.00592041015625
-0.15728759765625 -0.033966064453125 0.221405029296875 0.000946044921874998
-0.184188842773438 -0.010589599609375 0.273147583007813 0.0384521484375
-0.1622314453125 -0.05535888671875 0.25372314453125 0.1527099609375
-0.119888305664063 -0.153533935546875 0.144912719726563 0.20440673828125
0.0123291015625 -0.201400756835938 -0.0136566162109375 0.211471557617187
0.229293823242188 -0.0969696044921875 -0.125152587890625 0.108856201171875
0.227401733398438 0.0880889892578125 0.00889968872070314 -0.0364646911621094
0.132980346679688 0.2130126953125 0.242965698242188 0.194046020507813
0.0382461547851563 -0.134536743164063 -0.30267333984375 -0.205780029296875
-0.0979232788085938 -0.0782699584960938 -0.0542945861816406 0.0207366943359375
-0.105842590332031 0.0358352661132813 0.141845703125 -0.111770629882812
-0.0246047973632813 0.0998001098632813 0.04193115234375 -0.274169921875
0.0522918701171875 0.0817642211914063 -0.136550903320312 -0.260040283203125
0.0882720947265625 0.0159912109375 -0.288177490234375 -0.168182373046875
0.0600814819335938 -0.00471878051757813 -0.32366943359375 -0.0166320800781251
0.0508842468261719 0.00686264038085938 -0.265151977539063 0.0156707763671875
0.04913330078125 0.0140151977539063 -0.217041015625 0.0274200439453125
0.0240745544433594 0.0288143157958984 -0.188201904296875 0.00448608398437497
-0.0203819274902344 0.0304393768310547 -0.193145751953125 0.019073486328125
-0.0734024047851562 -0.0139389038085938 -0.25469970703125 -0.0158538818359375
-0.0313186645507813 -0.0960159301757813 -0.296661376953125 -0.138427734375
0.059722900390625 -0.133750915527344 -0.38592529296875 -0.1805419921875
0.130393981933594 -0.128097534179688 -0.416168212890625 -0.206146240234375
0.207992553710937 -0.052764892578125 -0.275283813476562 -0.248031616210938
0.0565032958984375 -0.0729827880859375 -0.0484504699707031 0.00105285644531249
0.0146865844726562 -0.0583419799804688 0.171417236328125 -0.122802734375
-0.00251197814941406 -0.0197486877441406 0.069427490234375 -0.293060302734375
0.00179481506347656 -0.0208034515380859 -0.119781494140625 -0.289520263671875
-0.00700950622558594 -0.0237331390380859 -0.28802490234375 -0.17962646484375
-0.0477371215820313 -0.00649261474609374 -0.32183837890625 -0.0153808593750001
-0.0586471557617187 -0.014007568359375 -0.250991821289063 0.01971435546875
-0.0617561340332031 -0.00322341918945313 -0.206298828125 0.03985595703125
-0.0568351745605469 -0.0332756042480469 -0.176849365234375 0.029754638671875
-0.0463790893554687 -0.076995849609375 -0.177886962890625 0.0437164306640625
-0.0150222778320312 -0.130020141601563 -0.254425048828125 0.0116424560546875
0.123451232910156 -0.132637023925781 -0.292633056640625 -0.0977478027343751
0.211517333984375 -0.093414306640625 -0.372161865234375 -0.14703369140625
0.292083740234375 -0.021331787109375 -0.3753662109375 -0.188140869140625
0.348175048828125 0.056854248046875 -0.193496704101563 -0.259124755859375
0.219619750976563 -0.0298309326171875 -0.00213217735290526 -0.00431680679321289
0.170089721679688 -0.137130737304688 0.219406127929688 -0.12030029296875
0.048126220703125 -0.148666381835937 0.11773681640625 -0.299041748046875
-0.0339508056640625 -0.1417236328125 -0.077911376953125 -0.30670166015625
-0.099822998046875 -0.0778732299804688 -0.256454467773438 -0.184844970703125
-0.14996337890625 -0.0164337158203125 -0.282928466796875 -0.016754150390625
-0.160980224609375 -0.0334014892578125 -0.198867797851563 0.0225830078125
-0.166778564453125 -0.00988769531249999 -0.155914306640625 0.05267333984375
-0.1400146484375 -0.0726776123046875 -0.130302429199219 0.0666656494140625
-0.09674072265625 -0.160659790039063 -0.138130187988281 0.084869384765625
0.000488281250000016 -0.234130859375 -0.236465454101563 0.0614166259765624
0.231124877929688 -0.1944580078125 -0.280807495117188 -0.0400238037109375
0.329132080078125 -0.085906982421875 -0.335174560546875 -0.105865478515625
0.415679931640625 0.06231689453125 -0.2911376953125 -0.13970947265625
0.428802490234375 0.173736572265625 -0.067626953125 -0.222518920898438
0.35479736328125 0.049560546875 0.0785369873046875 0.0128250122070313
0.331756591796875 -0.173736572265625 0.273391723632813 -0.0958099365234375
0.125473022460938 -0.258544921875 0.177398681640625 -0.27423095703125
-0.04119873046875 -0.256622314453125 -0.01312255859375 -0.29461669921875
-0.170455932617188 -0.137771606445312 -0.190582275390625 -0.173110961914063
-0.229248046875 -0.0313568115234375 -0.207443237304688 -0.017181396484375
-0.240097045898438 -0.0482940673828125 -0.117744445800781 0.02252197265625
-0.249542236328125 -0.008453369140625 -0.0736846923828125 0.0600128173828125
-0.211212158203125 -0.0875396728515625 -0.0552597045898438 0.100189208984375
-0.154815673828125 -0.209716796875 -0.0767364501953125 0.122856140136719
-0.0150146484375 -0.304534912109375 -0.194259643554687 0.112152099609375
0.288360595703125 -0.25177001953125 -0.251708984375 0.017425537109375
0.398193359375 -0.090179443359375 -0.273757934570313 -0.0768890380859376
0.48297119140625 0.1239013671875 -0.172988891601562 -0.0783843994140625
0.428680419921875 0.26446533203125 0.0800323486328125 -0.139419555664062
0.419342041015625 0.1416015625 0.176284790039063 0.0555572509765625
0.4482421875 -0.151763916015625 0.314422607421875 -0.046112060546875
0.202606201171875 -0.308197021484375 0.230392456054687 -0.212127685546875
-0.02239990234375 -0.328826904296875 0.0594024658203125 -0.244094848632813
-0.205093383789062 -0.184951782226563 -0.10186767578125 -0.1395263671875
-0.270462036132813 -0.0462493896484375 -0.107124328613281 -0.0145187377929688
-0.282928466796875 -0.056243896484375 -0.0206089019775391 0.0198688507080078
-0.296844482421875 -0.00268554687500003 0.0240898132324219 0.0588493347167969
-0.253753662109375 -0.0854034423828125 0.035797119140625 0.120552062988281
-0.195159912109375 -0.226486206054688 -0.00437927246093751 0.148880004882813
-0.032135009765625 -0.3316650390625 -0.137222290039063 0.150527954101563
0.306060791015625 -0.27398681640625 -0.2110595703125 0.0585479736328125
0.416717529296875 -0.07708740234375 -0.1966552734375 -0.064056396484375
0.481597900390625 0.168670654296875 -0.0393829345703125 -0.0145225524902344
0.35174560546875 0.30364990234375 0.220108032226563 -0.029693603515625
0.39111328125 0.209075927734375 0.266311645507813 0.113723754882813
0.470855712890625 -0.083526611328125 0.328155517578125 0.017364501953125
0.242340087890625 -0.28302001953125 0.258926391601563 -0.126190185546875
0.00643920898437497 -0.3331298828125 0.117385864257812 -0.1661376953125
-0.200607299804688 -0.197479248046875 -0.00682830810546876 -0.08917236328125
-0.2672119140625 -0.0520172119140625 0.00258731842041014 -0.0103435516357422
-0.28277587890625 -0.054656982421875 0.0769424438476562 0.0127182006835937
-0.301116943359375 0.000823974609374958 0.123947143554687 0.0495452880859375
-0.259765625 -0.0780181884765625 0.126815795898437 0.131362915039062
-0.203369140625 -0.220703125 0.0630340576171875 0.165756225585937
-0.03289794921875 -0.3201904296875 -0.0818939208984375 0.175384521484375
0.30267333984375 -0.24981689453125 -0.170211791992188 0.083099365234375
0.393463134765625 -0.035675048828125 -0.117301940917969 -0.0623931884765625
0.416656494140625 0.20245361328125 0.087005615234375 0.04925537109375
0.214065551757812 0.278518676757813 0.330047607421875 0.07928466796875
0.28240966796875 0.223236083984375 0.3343505859375 0.166290283203125
0.386566162109375 -0.010101318359375 0.31402587890625 0.0726318359375
0.219329833984375 -0.204193115234375 0.261199951171875 -0.04559326171875
0.02362060546875 -0.269760131835938 0.155197143554688 -0.0872039794921875
-0.164016723632813 -0.171218872070312 0.0758514404296875 -0.0403060913085938
-0.222915649414063 -0.04443359375 0.103263854980469 -0.00885772705078125
-0.239273071289063 -0.0454559326171875 0.16357421875 0.0021209716796875
-0.26263427734375 -0.000442504882812474 0.212509155273438 0.0368499755859375
-0.227691650390625 -0.065765380859375 0.206436157226562 0.13897705078125
-0.176605224609375 -0.194793701171875 0.11676025390625 0.182723999023437
-0.015960693359375 -0.27679443359375 -0.037445068359375 0.194976806640625
0.280746459960938 -0.189926147460938 -0.140205383300781 0.100051879882813
0.3336181640625 0.024261474609375 -0.0468215942382812 -0.0567512512207031
0.29949951171875 0.221343994140625 0.188980102539063 0.11761474609375
0.0399017333984375 0.202423095703125 0.391082763671875 0.155731201171875
0.12628173828125 0.1861572265625 0.37164306640625 0.193572998046875
0.230361938476563 0.04290771484375 0.288909912109375 0.103546142578125
0.144943237304688 -0.100906372070313 0.25396728515625 0.00733947753906249
0.026275634765625 -0.16107177734375 0.17218017578125 -0.032562255859375
-0.103660583496094 -0.111625671386719 0.134498596191406 -0.00969696044921876
-0.14556884765625 -0.0283966064453125 0.1773681640625 -0.0129852294921875
-0.161392211914063 -0.0275115966796875 0.225067138671875 -0.008880615234375
-0.187164306640625 -0.00233459472656251 0.280364990234375 0.0277557373046875
-0.165802001953125 -0.0503997802734375 0.264175415039063 0.146530151367188
-0.12628173828125 -0.149856567382813 0.15240478515625 0.205093383789063
0.00431823730468749 -0.203628540039063 -0.010833740234375 0.216629028320313
0.2291259765625 -0.108428955078125 -0.12603759765625 0.113914489746094
0.23529052734375 0.081268310546875 0.00434875488281251 -0.0390586853027344
0.142074584960938 0.210617065429688 0.249618530273437 0.188796997070313
0.0344696044921875 -0.138298034667969 -0.322174072265625 -0.200469970703125
-0.104225158691406 -0.076263427734375 -0.0552291870117188 0.0256576538085938
-0.108200073242187 0.0411911010742188 0.144760131835937 -0.121688842773437
-0.0194625854492188 0.104476928710937 0.033447265625 -0.28851318359375
0.0590286254882813 0.0809783935546875 -0.150924682617188 -0.26849365234375
0.0904769897460938 0.0108108520507813 -0.309478759765625 -0.164642333984375
0.0595054626464844 -0.0078887939453125 -0.339752197265625 -0.00115966796875007
0.0511245727539062 0.00520706176757812 -0.277633666992188 0.0310516357421875
0.0501556396484375 0.0122795104980469 -0.226409912109375 0.040313720703125
0.0243759155273438 0.0268516540527344 -0.198593139648438 0.01275634765625
-0.0200538635253906 0.0304431915283203 -0.202239990234375 0.0275421142578125
-0.0754776000976562 -0.0113677978515625 -0.266189575195313 -0.00570678710937504
-0.0342559814453125 -0.0969314575195313 -0.314178466796875 -0.133880615234375
0.0575714111328125 -0.141265869140625 -0.407073974609375 -0.17413330078125
0.129119873046875 -0.137985229492187 -0.440948486328125 -0.20001220703125
0.2138671875 -0.0599822998046875 -0.29510498046875 -0.244476318359375
0.0581741333007813 -0.0771713256835938 -0.0489463806152344 0.00690841674804688
0.013214111328125 -0.0626373291015625 0.174072265625 -0.132781982421875
-0.00121307373046875 -0.0205154418945313 0.0623779296875 -0.30914306640625
0.000865936279296876 -0.0239658355712891 -0.1351318359375 -0.2996826171875
-0.00986099243164063 -0.0259265899658203 -0.309356689453125 -0.17724609375
-0.0520553588867188 -0.00461959838867188 -0.3370361328125 -0.000213623046875052
-0.0646133422851563 -0.01177978515625 -0.263381958007813 0.03436279296875
-0.0656166076660156 -0.00138473510742188 -0.2139892578125 0.0525970458984375
-0.06048583984375 -0.0346908569335938 -0.185012817382813 0.0391845703125
-0.0514602661132812 -0.0810165405273438 -0.185379028320312 0.053070068359375
-0.0197296142578125 -0.135322570800781 -0.266250610351563 0.024139404296875
0.125350952148438 -0.142501831054688 -0.309234619140625 -0.09136962890625
0.218276977539062 -0.105209350585937 -0.39263916015625 -0.137908935546875
0.30364990234375 -0.032745361328125 -0.399078369140625 -0.182525634765625
0.36419677734375 0.04864501953125 -0.210906982421875 -0.256637573242187
0.229598999023438 -0.0383148193359375 -0.00170791149139403 0.000721931457519529
0.17138671875 -0.152587890625 0.221939086914062 -0.1324462890625
0.0458221435546875 -0.157943725585937 0.112548828125 -0.316375732421875
-0.0411529541015625 -0.1478271484375 -0.091094970703125 -0.318695068359375
-0.107620239257812 -0.078460693359375 -0.274185180664063 -0.182785034179687
-0.158279418945313 -0.00984191894531248 -0.295684814453125 -0.00411987304687494
-0.172607421875 -0.0272979736328125 -0.20819091796875 0.0334930419921875
-0.175125122070313 -0.003570556640625 -0.160659790039063 0.0629730224609375
-0.149017333984375 -0.0711669921875 -0.134391784667969 0.0765304565429688
-0.107009887695313 -0.16485595703125 -0.142471313476562 0.095184326171875
-0.00834655761718748 -0.244415283203125 -0.246185302734375 0.07708740234375
0.235458374023438 -0.212448120117188 -0.295989990234375 -0.0307006835937501
0.341217041015625 -0.101715087890625 -0.353118896484375 -0.09674072265625
0.436614990234375 0.048675537109375 -0.309722900390625 -0.13470458984375
0.4527587890625 0.165985107421875 -0.0792694091796875 -0.222488403320313
0.3748779296875 0.038482666015625 0.0826644897460938 0.016021728515625
0.339019775390625 -0.19830322265625 0.279296875 -0.108612060546875
0.120254516601563 -0.27447509765625 0.175445556640625 -0.292633056640625
-0.054962158203125 -0.266586303710938 -0.02374267578125 -0.307586669921875
-0.18377685546875 -0.13818359375 -0.203781127929687 -0.173004150390625
-0.239822387695313 -0.022705078125 -0.215911865234375 -0.00746154785156254
-0.256683349609375 -0.0384521484375 -0.122703552246094 0.0283126831054687
-0.26104736328125 0.00285339355468752 -0.0751113891601563 0.0657196044921875
-0.223434448242187 -0.0828857421875 -0.0530319213867188 0.106956481933594
-0.169387817382813 -0.212692260742188 -0.0760650634765625 0.132469177246094
-0.027862548828125 -0.31732177734375 -0.200912475585938 0.129638671875
0.291290283203125 -0.2781982421875 -0.263900756835937 0.0269622802734375
0.41265869140625 -0.1090087890625 -0.289764404296875 -0.068817138671875
0.509490966796875 0.108673095703125 -0.184188842773438 -0.07525634765625
0.456878662109375 0.26068115234375 0.0782318115234375 -0.14178466796875
0.44573974609375 0.132476806640625 0.184539794921875 0.0569915771484375
0.460784912109375 -0.179534912109375 0.322998046875 -0.057403564453125
0.199005126953125 -0.329010009765625 0.23291015625 -0.229217529296875
-0.037811279296875 -0.343109130859375 0.0537261962890625 -0.256973266601563
-0.22088623046875 -0.185012817382813 -0.108963012695313 -0.14166259765625
-0.282989501953125 -0.036529541015625 -0.110580444335938 -0.010009765625
-0.300689697265625 -0.045318603515625 -0.021270751953125 0.0204830169677734
-0.30902099609375 0.01104736328125 0.0277557373046875 0.058929443359375
-0.267105102539062 -0.0784149169921875 0.0437164306640625 0.124496459960938
-0.21282958984375 -0.227645874023438 -0.000457763671875018 0.156280517578125
-0.049102783203125 -0.3447265625 -0.140472412109375 0.166671752929687
0.3084716796875 -0.302642822265625 -0.220504760742187 0.0688934326171875
0.4326171875 -0.098419189453125 -0.20947265625 -0.05865478515625
0.5118408203125 0.1541748046875 -0.0434722900390625 -0.0142326354980469
0.378143310546875 0.303375244140625 0.227767944335938 -0.0327301025390625
0.41790771484375 0.202606201171875 0.281158447265625 0.112548828125
0.486541748046875 -0.1094970703125 0.33843994140625 0.00872802734374999
0.240966796875 -0.304473876953125 0.265106201171875 -0.140625
-0.00796508789062502 -0.349090576171875 0.117706298828125 -0.17822265625
-0.21722412109375 -0.198562622070313 -0.00772857666015627 -0.09228515625
-0.279830932617188 -0.0412750244140624 0.00399494171142576 -0.010676383972168
-0.29925537109375 -0.0439147949218749 0.0814895629882812 0.00820159912109375
-0.313568115234375 0.014556884765625 0.131637573242187 0.04443359375
-0.271759033203125 -0.069549560546875 0.139190673828125 0.130241394042969
-0.219894409179688 -0.219650268554687 0.0706024169921875 0.171249389648438
-0.048858642578125 -0.33087158203125 -0.081024169921875 0.188980102539062
0.305419921875 -0.275482177734375 -0.176193237304687 0.0929565429687499
0.409393310546875 -0.054046630859375 -0.127586364746094 -0.0604629516601563
0.44573974609375 0.1912841796875 0.0904159545898438 0.0477294921875
0.232391357421875 0.282196044921875 0.3453369140625 0.074798583984375
0.304962158203125 0.221099853515625 0.35406494140625 0.16375732421875
0.401611328125 -0.02801513671875 0.32708740234375 0.06671142578125
0.220046997070313 -0.220535278320313 0.27197265625 -0.055633544921875
0.011810302734375 -0.282470703125 0.1595458984375 -0.096954345703125
-0.178192138671875 -0.17138671875 0.0815582275390625 -0.04437255859375
-0.23388671875 -0.036346435546875 0.109245300292969 -0.014251708984375
-0.25360107421875 -0.0356903076171875 0.170913696289062 -0.00726318359375
-0.272735595703125 0.0126953125 0.223892211914062 0.0269317626953125
-0.237945556640625 -0.05902099609375 0.222518920898437 0.133544921875
-0.191787719726563 -0.193862915039063 0.12811279296875 0.186431884765625
-0.02984619140625 -0.28582763671875 -0.0338134765625 0.207427978515625
0.282958984375 -0.21258544921875 -0.14361572265625 0.108734130859375
0.348175048828125 0.010009765625 -0.0545730590820312 -0.0585861206054688
0.3226318359375 0.215576171875 0.19927978515625 0.114212036132813
0.048431396484375 0.209564208984375 0.4124755859375 0.150421142578125
0.138504028320313 0.18792724609375 0.393035888671875 0.191131591796875
0.241607666015625 0.0335540771484375 0.30450439453125 0.100616455078125
0.147308349609375 -0.10992431640625 0.265792846679688 -6.73070081553376E-18
0.0188751220703125 -0.168609619140625 0.179183959960938 -0.0398712158203125
-0.112709045410156 -0.111236572265625 0.144027709960938 -0.014862060546875
-0.151275634765625 -0.022552490234375 0.185699462890625 -0.0234222412109375
-0.170944213867188 -0.0205841064453125 0.234603881835938 -0.0223236083984375
-0.1937255859375 0.00717163085937502 0.2939453125 0.013519287109375
-0.172836303710938 -0.04412841796875 0.28363037109375 0.140045166015625
-0.137496948242188 -0.148681640625 0.164764404296875 0.207916259765625
-0.00534057617187502 -0.210586547851563 -0.00462341308593748 0.227630615234375
0.2332763671875 -0.125381469726563 -0.128036499023437 0.122489929199219
0.24896240234375 0.0733795166015625 -0.000236511230468736 -0.0423965454101563
0.15625 0.211868286132812 0.264373779296875 0.18499755859375
0.0275421142578125 -0.14349365234375 -0.348876953125 -0.18597412109375
-0.114387512207031 -0.072296142578125 -0.0544776916503906 0.0328712463378906
-0.110572814941406 0.0497665405273437 0.144805908203125 -0.135574340820313
-0.0108795166015625 0.109046936035156 0.016571044921875 -0.304107666015625
0.0682220458984375 0.0786895751953125 -0.175323486328125 -0.273468017578125
0.0928573608398438 0.00382232666015625 -0.33721923828125 -0.151275634765625
0.0591354370117188 -0.0117950439453125 -0.356781005859375 0.0242919921875
0.0527687072753906 0.00247955322265625 -0.290191650390625 0.05511474609375
0.0524101257324219 0.00951766967773438 -0.2352294921875 0.06072998046875
0.0261173248291016 0.0246868133544922 -0.209930419921875 0.027374267578125
-0.0192203521728516 0.0310230255126953 -0.211883544921875 0.0432586669921875
-0.0778656005859375 -0.00677490234375 -0.2794189453125 0.0121002197265625
-0.0399093627929688 -0.0987091064453125 -0.33758544921875 -0.120819091796875
0.0514373779296875 -0.151748657226563 -0.435455322265625 -0.156646728515625
0.124282836914063 -0.15185546875 -0.475067138671875 -0.182342529296875
0.221649169921875 -0.0730133056640625 -0.3221435546875 -0.231719970703125
0.0563812255859375 -0.0842971801757813 -0.0489540100097656 0.0147209167480469
0.00962829589843749 -0.0679855346679688 0.173736572265625 -0.148239135742188
-0.00102615356445313 -0.0228519439697266 0.045562744140625 -0.32794189453125
-0.000745773315429689 -0.0263900756835938 -0.15966796875 -0.3074951171875
-0.0143413543701172 -0.0279350280761719 -0.33636474609375 -0.16571044921875
-0.0567169189453125 -0.00141525268554688 -0.353485107421875 0.02423095703125
-0.0709991455078125 -0.00757598876953125 -0.27410888671875 0.0568389892578125
-0.0701103210449219 0.00351715087890625 -0.222396850585938 0.072601318359375
-0.0668716430664063 -0.0339317321777344 -0.193099975585937 0.054779052734375
-0.0595321655273438 -0.0836257934570313 -0.192642211914063 0.068450927734375
-0.0277252197265625 -0.140541076660156 -0.277984619140625 0.04583740234375
0.124465942382813 -0.157958984375 -0.330291748046875 -0.07666015625
0.222457885742188 -0.12274169921875 -0.41864013671875 -0.120025634765625
0.31463623046875 -0.05328369140625 -0.4300537109375 -0.16571044921875
0.385467529296875 0.029449462890625 -0.236053466796875 -0.249786376953125
0.240219116210937 -0.055023193359375 -0.000328063964843735 0.0058441162109375
0.168716430664063 -0.172576904296875 0.222763061523438 -0.150588989257813
0.0385589599609375 -0.16925048828125 0.098175048828125 -0.33843994140625
-0.05340576171875 -0.15283203125 -0.114959716796875 -0.329833984375
-0.119110107421875 -0.0760955810546875 -0.299468994140625 -0.174652099609375
-0.167617797851563 0.000808715820312524 -0.30902099609375 0.0179748535156249
-0.1859130859375 -0.014739990234375 -0.217849731445313 0.051849365234375
-0.1849365234375 0.00846862792968752 -0.165176391601563 0.0791778564453125
-0.1611328125 -0.065521240234375 -0.136032104492188 0.0898513793945312
-0.1234130859375 -0.167282104492188 -0.144912719726563 0.110137939453125
-0.025390625 -0.25665283203125 -0.254608154296875 0.101104736328125
0.23529052734375 -0.240676879882813 -0.31292724609375 -0.014312744140625
0.352508544921875 -0.1275634765625 -0.375 -0.0781555175781249
0.461944580078125 0.022216796875 -0.33380126953125 -0.120697021484375
0.48577880859375 0.14630126953125 -0.0962982177734375 -0.2213134765625
0.397796630859375 0.0157470703125 0.0876541137695313 0.01788330078125
0.34033203125 -0.232635498046875 0.28192138671875 -0.129058837890625
0.108856201171875 -0.29571533203125 0.1649169921875 -0.317596435546875
-0.0765380859375 -0.2763671875 -0.043914794921875 -0.323394775390625
-0.2021484375 -0.132888793945313 -0.2235107421875 -0.169540405273438
-0.253662109375 -0.00694274902343745 -0.22576904296875 0.00781249999999998
-0.275238037109375 -0.0204620361328125 -0.128425598144531 0.0390701293945312
-0.273880004882813 0.0219268798828124 -0.07470703125 0.0746383666992188
-0.239013671875 -0.07196044921875 -0.0481185913085938 0.116065979003906
-0.19244384765625 -0.211746215820312 -0.0729217529296875 0.145339965820312
-0.0513916015625 -0.331390380859375 -0.203460693359375 0.153350830078125
0.2869873046875 -0.313507080078125 -0.276596069335938 0.0454864501953124
0.42694091796875 -0.141326904296875 -0.3087158203125 -0.052520751953125
0.543182373046875 0.078582763671875 -0.199691772460937 -0.0674896240234375
0.4970703125 0.244537353515625 0.0725860595703125 -0.146942138671875
0.477813720703125 0.1070556640625 0.197586059570313 0.0535736083984375
0.47076416015625 -0.222442626953125 0.331207275390625 -0.077301025390625
0.186492919921875 -0.357574462890625 0.228958129882813 -0.254608154296875
-0.064849853515625 -0.3575439453125 0.040740966796875 -0.273605346679688
-0.244354248046875 -0.178375244140625 -0.12042236328125 -0.141128540039063
-0.29815673828125 -0.017822265625 -0.114402770996094 -0.00249481201171875
-0.321685791015625 -0.02362060546875 -0.0222053527832032 0.0220775604248047
-0.32293701171875 0.0333251953124999 0.0322799682617187 0.0589332580566406
-0.283843994140625 -0.0635375976562499 0.0544586181640625 0.126968383789062
-0.23797607421875 -0.223281860351562 0.0078277587890625 0.165328979492188
-0.075408935546875 -0.3575439453125 -0.138137817382813 0.18878173828125
0.3023681640625 -0.340972900390625 -0.228317260742187 0.0854034423828125
0.447906494140625 -0.13226318359375 -0.225143432617187 -0.0485076904296875
0.54949951171875 0.124267578125 -0.0484237670898437 -0.0131340026855469
0.414947509765625 0.29534912109375 0.236587524414063 -0.0431671142578125
0.4527587890625 0.183013916015625 0.30078125 0.105712890625
0.501678466796875 -0.149749755859375 0.352630615234375 -0.00946044921875001
0.232818603515625 -0.33489990234375 0.2694091796875 -0.163299560546875
-0.03424072265625 -0.365081787109375 0.114151000976562 -0.1939697265625
-0.2410888671875 -0.193023681640625 -0.00987243652343751 -0.0969696044921875
-0.295166015625 -0.024322509765625 0.00563144683837889 -0.0120029449462891
-0.319427490234375 -0.022003173828125 0.0843429565429687 0.000839233398437499
-0.325836181640625 0.038604736328125 0.140205383300781 0.0352325439453125
-0.287353515625 -0.05377197265625 0.156539916992187 0.125900268554688
-0.244354248046875 -0.21258544921875 0.0843048095703125 0.175765991210938
-0.07452392578125 -0.34246826171875 -0.0741424560546875 0.208465576171875
0.300506591796875 -0.313385009765625 -0.180343627929687 0.108474731445313
0.42523193359375 -0.085662841796875 -0.140487670898438 -0.0553512573242188
0.480377197265625 0.16900634765625 0.0956802368164063 0.0424652099609375
0.262542724609375 0.281524658203125 0.36602783203125 0.060546875
0.33392333984375 0.21087646484375 0.378997802734375 0.153076171875
0.417938232421875 -0.060455322265625 0.34466552734375 0.053863525390625
0.21612548828125 -0.24481201171875 0.281158447265625 -0.075042724609375
-0.00848388671874998 -0.297332763671875 0.162750244140625 -0.110931396484375
-0.198333740234375 -0.16693115234375 0.0861434936523437 -0.0521087646484375
-0.2447509765625 -0.02130126953125 0.115287780761719 -0.0234451293945313
-0.270477294921875 -0.0170135498046875 0.17742919921875 -0.022735595703125
-0.284027099609375 0.033966064453125 0.235504150390625 0.0093841552734375
-0.250595092773437 -0.0449981689453125 0.2440185546875 0.123138427734375
-0.212753295898438 -0.186676025390625 0.144500732421875 0.188095092773438
-0.05108642578125 -0.29534912109375 -0.0239410400390625 0.221542358398437
0.279754638671875 -0.244125366210938 -0.145233154296875 0.122024536132812
0.365325927734375 -0.014434814453125 -0.06427001953125 -0.0584983825683594
0.35211181640625 0.20220947265625 0.213226318359375 0.104949951171875
0.0643310546875 0.216720581054688 0.440521240234375 0.135650634765625
0.156829833984375 0.186187744140625 0.422454833984375 0.17730712890625
0.253677368164063 0.0167388916015625 0.324951171875 0.089324951171875
0.14630126953125 -0.1239013671875 0.279678344726562 -0.016754150390625
0.00654602050781251 -0.177459716796875 0.186676025390625 -0.0535430908203125
-0.126754760742188 -0.107666015625 0.153900146484375 -0.0247802734375
-0.158187866210938 -0.0113983154296875 0.1949462890625 -0.0390625
-0.180877685546875 -0.00862121582031253 0.24395751953125 -0.0438079833984375
-0.202041625976562 0.0224761962890625 0.3084716796875 -0.009765625
-0.182327270507813 -0.034210205078125 0.308013916015625 0.125518798828125
-0.152969360351562 -0.143936157226563 0.184646606445313 0.208892822265625
-0.0205535888671875 -0.217819213867188 0.00860595703124998 0.239883422851563
0.233596801757813 -0.14910888671875 -0.1275634765625 0.136154174804688
0.264511108398438 0.0578155517578125 -0.0077400207519531 -0.0461006164550781
0.17742919921875 0.2095947265625 0.28558349609375 0.175323486328125
0.0175018310546875 -0.148223876953125 -0.373077392578125 -0.158782958984375
-0.123725891113281 -0.0627975463867187 -0.050750732421875 0.0413017272949219
-0.109138488769531 0.0609359741210937 0.1396484375 -0.150604248046875
0.000709533691406238 0.112297058105469 -0.00878906249999998 -0.314727783203125
0.0774688720703125 0.0727081298828125 -0.20428466796875 -0.268661499023438
0.0935821533203125 -0.005462646484375 -0.362762451171875 -0.12664794921875
0.0581398010253906 -0.01702880859375 -0.366241455078125 0.059295654296875
0.0527725219726563 -0.00218963623046875 -0.29437255859375 0.0876770019531249
0.0531234741210938 0.00426864624023438 -0.236618041992188 0.0873260498046875
0.0275497436523438 0.0208225250244141 -0.216705322265625 0.048431396484375
-0.0178203582763672 0.0319633483886719 -0.216903686523438 0.0629425048828125
-0.0800552368164063 0.000267028808593758 -0.286102294921875 0.0372314453125
-0.0468978881835937 -0.0972671508789063 -0.3568115234375 -0.0966796875
0.0390167236328125 -0.160781860351563 -0.459320068359375 -0.12481689453125
0.112167358398437 -0.165313720703125 -0.50262451171875 -0.1485595703125
0.224075317382813 -0.0924224853515625 -0.348876953125 -0.207550048828125
0.0522384643554687 -0.0913314819335937 -0.0466995239257813 0.0236701965332031
0.00383758544921874 -0.071502685546875 0.16693115234375 -0.165924072265625
-0.00181770324707031 -0.0245418548583984 0.01953125 -0.3419189453125
-0.00327682495117188 -0.0287513732910156 -0.1905517578125 -0.305328369140625
-0.0191268920898438 -0.0276088714599609 -0.362884521484375 -0.141876220703125
-0.0594291687011719 0.00407409667968751 -0.361572265625 0.0598449707031249
-0.0759124755859375 -6.86645507812614E-05 -0.278366088867188 0.0878753662109375
-0.0740203857421875 0.00946807861328126 -0.222763061523437 0.0979766845703125
-0.0732269287109375 -0.0310134887695312 -0.196792602539063 0.07440185546875
-0.0690765380859375 -0.083221435546875 -0.194793701171875 0.087890625
-0.04144287109375 -0.143463134765625 -0.282379150390625 0.073028564453125
0.117416381835938 -0.174301147460938 -0.345977783203125 -0.0513000488281249
0.219131469726563 -0.146148681640625 -0.439727783203125 -0.0879516601562501
0.31884765625 -0.081634521484375 -0.456634521484375 -0.133514404296875
0.401092529296875 -0.001708984375 -0.260345458984375 -0.230667114257812
0.244400024414063 -0.0776824951171875 0.00222110748291017 0.0120410919189453
0.15838623046875 -0.194229125976562 0.216583251953125 -0.171051025390625
0.0259246826171875 -0.1781005859375 0.07147216796875 -0.35711669921875
-0.0701446533203125 -0.153839111328125 -0.146575927734375 -0.332183837890625
-0.130630493164063 -0.06829833984375 -0.324615478515625 -0.15484619140625
-0.1729736328125 0.01580810546875 -0.316070556640625 0.0485229492187499
-0.19598388671875 0.00392150878906247 -0.220138549804688 0.07550048828125
-0.190750122070313 0.0260772705078125 -0.163223266601563 0.0986328125
-0.17303466796875 -0.05499267578125 -0.132972717285156 0.106346130371094
-0.142547607421875 -0.1632080078125 -0.14154052734375 0.127334594726563
-0.049102783203125 -0.26251220703125 -0.253921508789063 0.130615234375
0.222503662109375 -0.271270751953125 -0.324462890625 0.0119018554687499
0.352569580078125 -0.162322998046875 -0.393310546875 -0.047637939453125
0.4771728515625 -0.018646240234375 -0.354583740234375 -0.09527587890625
0.51422119140625 0.110443115234375 -0.116180419921875 -0.212997436523438
0.4127197265625 -0.01953125 0.0934982299804688 0.0167007446289062
0.329620361328125 -0.2718505859375 0.278091430664063 -0.152511596679688
0.08660888671875 -0.31494140625 0.142425537109375 -0.340576171875
-0.104888916015625 -0.278182983398438 -0.071563720703125 -0.331329345703125
-0.220367431640625 -0.11871337890625 -0.244461059570313 -0.155807495117188
-0.261337280273438 0.0157470703125 -0.229583740234375 0.0297698974609375
-0.287872314453125 0.00665283203125002 -0.129440307617188 0.0534439086914063
-0.2808837890625 0.048095703125 -0.0714111328125 0.0853118896484375
-0.252304077148438 -0.05419921875 -0.03948974609375 0.124664306640625
-0.217010498046875 -0.201873779296875 -0.06402587890625 0.157882690429688
-0.0830078125 -0.337310791015625 -0.197341918945313 0.181564331054687
0.2686767578125 -0.3521728515625 -0.28302001953125 0.0700073242187499
0.427978515625 -0.183319091796875 -0.322784423828125 -0.027435302734375
0.56744384765625 0.031005859375 -0.212799072265625 -0.0523223876953125
0.534271240234375 0.2110595703125 0.0636444091796875 -0.151229858398438
0.504241943359375 0.068359375 0.208084106445313 0.04461669921875
0.4630126953125 -0.271697998046875 0.332061767578125 -0.1043701171875
0.16064453125 -0.385528564453125 0.21368408203125 -0.281143188476563
-0.100921630859375 -0.362884521484375 0.0206298828125 -0.28729248046875
-0.267868041992188 -0.162429809570313 -0.133430480957031 -0.136711120605469
-0.308258056640625 0.00860595703125001 -0.115127563476563 0.00821685791015627
-0.33624267578125 0.00885009765625001 -0.0214786529541016 0.0245990753173828
-0.330474853515625 0.06573486328125 0.0375556945800781 0.0571861267089844
-0.296966552734375 -0.0405273437500001 0.0686187744140625 0.125175476074219
-0.26507568359375 -0.208328247070313 0.02154541015625 0.171524047851563
-0.110565185546875 -0.36126708984375 -0.127395629882812 0.2120361328125
0.279937744140625 -0.3819580078125 -0.230880737304687 0.10748291015625
0.449981689453125 -0.1766357421875 -0.23760986328125 -0.0305328369140625
0.57757568359375 0.07830810546875 -0.0532379150390625 -0.00967788696289062
0.454559326171875 0.268463134765625 0.240631103515625 -0.058685302734375
0.483154296875 0.147674560546875 0.31951904296875 0.088531494140625
0.50201416015625 -0.201934814453125 0.359527587890625 -0.035980224609375
0.209930419921875 -0.36517333984375 0.263412475585938 -0.190597534179688
-0.070281982421875 -0.37237548828125 0.101959228515625 -0.21026611328125
-0.265548706054688 -0.176910400390625 -0.015594482421875 -0.100265502929688
-0.3040771484375 0.002716064453125 0.00782871246337889 -0.0129470825195313
-0.3330078125 0.00952148437500007 0.0860519409179687 -0.0084991455078125
-0.332183837890625 0.071624755859375 0.146484375 0.0207672119140625
-0.2991943359375 -0.029144287109375 0.1729736328125 0.1138916015625
-0.270172119140625 -0.196121215820313 0.10003662109375 0.17584228515625
-0.1082763671875 -0.345489501953125 -0.0597686767578125 0.225494384765625
0.279449462890625 -0.35296630859375 -0.17889404296875 0.12664794921875
0.4307861328125 -0.126800537109375 -0.152542114257812 -0.045806884765625
0.509674072265625 0.128753662109375 0.0995635986328125 0.0342178344726563
0.29571533203125 0.26727294921875 0.382659912109375 0.037322998046875
0.36181640625 0.18646240234375 0.4034423828125 0.13043212890625
0.423248291015625 -0.1015625 0.358734130859375 0.028411865234375
0.200851440429687 -0.271286010742188 0.2840576171875 -0.100372314453125
-0.03753662109375 -0.305023193359375 0.159530639648438 -0.128448486328125
-0.220046997070313 -0.15362548828125 0.0890274047851562 -0.0627670288085938
-0.252548217773438 0.00117492675781247 0.119155883789063 -0.0356063842773438
-0.280715942382813 0.00956726074218755 0.179229736328125 -0.0419158935546875
-0.28826904296875 0.0631103515625 0.242431640625 -0.0146636962890625
-0.260589599609375 -0.0231781005859375 0.263290405273438 0.101959228515625
-0.235153198242188 -0.17181396484375 0.163818359375 0.183578491210938
-0.080047607421875 -0.297637939453125 -0.00631713867187499 0.233993530273437
0.264129638671875 -0.279449462890625 -0.14068603515625 0.13763427734375
0.374053955078125 -0.048736572265625 -0.0750503540039062 -0.055267333984375
0.38031005859375 0.17449951171875 0.22454833984375 0.088287353515625
0.08544921875 0.216598510742188 0.46417236328125 0.106109619140625
0.1773681640625 0.176666259765625 0.449798583984375 0.14898681640625
0.260696411132813 -0.0082244873046875 0.342803955078125 0.067413330078125
0.140007019042969 -0.140556335449219 0.287567138671875 -0.04150390625
-0.0106658935546875 -0.183090209960938 0.189498901367188 -0.0711669921875
-0.140777587890625 -0.0988311767578125 0.160568237304688 -0.0413665771484375
-0.162002563476563 0.00244140624999997 0.19891357421875 -0.0597686767578125
-0.187225341796875 0.00999450683593748 0.245101928710938 -0.070037841796875
-0.204345703125 0.04296875 0.3153076171875 -0.041961669921875
-0.189071655273437 -0.01873779296875 0.32904052734375 0.09747314453125
-0.1695556640625 -0.132858276367188 0.20819091796875 0.200439453125
-0.041290283203125 -0.2203369140625 0.0284576416015625 0.24896240234375
0.224090576171875 -0.176101684570313 -0.121017456054688 0.149673461914063
0.276504516601563 0.0337677001953125 -0.0166587829589844 -0.0482749938964844
0.200363159179688 0.1983642578125 0.30584716796875 0.15472412109375
0.00682067871093749 -0.149139404296875 -0.385223388671875 -0.1258544921875
-0.128929138183594 -0.05157470703125 -0.0449104309082031 0.0485038757324219
-0.1036376953125 0.070953369140625 0.129135131835937 -0.162200927734375
0.012176513671875 0.109672546386719 -0.03533935546875 -0.315338134765625
0.0836257934570312 0.0644760131835938 -0.229141235351563 -0.25396728515625
0.09051513671875 -0.0133056640625 -0.3778076171875 -0.0946044921874999
0.0545501708984375 -0.0217971801757813 -0.362396240234375 0.0955810546875001
0.0516777038574219 -0.00653839111328125 -0.28570556640625 0.1192626953125
0.0520401000976563 -0.00148773193359375 -0.229354858398438 0.11175537109375
0.0272426605224609 0.0167083740234375 -0.216156005859375 0.0691070556640625
-0.0162353515625 0.0318317413330078 -0.214065551757813 0.083526611328125
-0.0787124633789063 0.00756072998046876 -0.28302001953125 0.062164306640625
-0.0533294677734375 -0.0942153930664063 -0.364532470703125 -0.067718505859375
0.0247802734375 -0.164703369140625 -0.469329833984375 -0.087799072265625
0.0974273681640625 -0.173492431640625 -0.5157470703125 -0.1063232421875
0.217941284179688 -0.111862182617188 -0.364166259765625 -0.174591064453125
0.0454559326171875 -0.0955810546875 -0.041595458984375 0.0318183898925781
-0.00205230712890626 -0.07269287109375 0.154495239257813 -0.17828369140625
-0.00218009948730469 -0.0265350341796875 -0.00942993164062502 -0.343719482421875
-0.00679397583007813 -0.0296154022216797 -0.218231201171875 -0.292510986328125
-0.0232677459716797 -0.0270290374755859 -0.37872314453125 -0.1099853515625
-0.0610466003417969 0.00991821289062499 -0.357635498046875 0.09423828125
-0.0781173706054688 0.0087890625 -0.27020263671875 0.1171875
-0.0748138427734375 0.0164260864257813 -0.2142333984375 0.121719360351562
-0.0779571533203125 -0.0262374877929688 -0.19256591796875 0.094024658203125
-0.0779876708984375 -0.078765869140625 -0.1895751953125 0.107162475585937
-0.0534515380859375 -0.140838623046875 -0.276657104492188 0.100204467773437
0.103775024414063 -0.18658447265625 -0.3509521484375 -0.022735595703125
0.207504272460938 -0.164642333984375 -0.44732666015625 -0.051177978515625
0.312164306640625 -0.108734130859375 -0.4681396484375 -0.0953063964843751
0.40411376953125 -0.036224365234375 -0.278701782226563 -0.204360961914063
0.240310668945313 -0.0999603271484375 0.00650882720947267 0.0169429779052734
0.141433715820312 -0.210296630859375 0.203048706054687 -0.186370849609375
0.0116119384765625 -0.182205200195313 0.0418701171875 -0.36376953125
-0.0857086181640625 -0.148513793945313 -0.175933837890625 -0.3233642578125
-0.137748718261719 -0.057403564453125 -0.3394775390625 -0.1278076171875
-0.172683715820313 0.03192138671875 -0.310943603515625 0.0774841308593749
-0.198776245117188 0.0239105224609375 -0.213775634765625 0.0989532470703124
-0.1903076171875 0.0440673828125 -0.155441284179688 0.116348266601563
-0.1795654296875 -0.041290283203125 -0.125389099121094 0.119285583496094
-0.158477783203125 -0.153427124023437 -0.132965087890625 0.141220092773438
-0.0726776123046875 -0.26043701171875 -0.2430419921875 0.1566162109375
0.200286865234375 -0.294830322265625 -0.325469970703125 0.0390624999999999
0.340057373046875 -0.193023681640625 -0.397918701171875 -0.0143737792968749
0.47723388671875 -0.060028076171875 -0.364105224609375 -0.0654907226562499
0.527496337890625 0.065673828125 -0.132080078125 -0.197662353515625
0.413665771484375 -0.0560302734375 0.0979690551757813 0.0154037475585937
0.3056640625 -0.303558349609375 0.265640258789063 -0.172683715820313
0.060302734375 -0.323822021484375 0.113677978515625 -0.35284423828125
-0.131759643554688 -0.270095825195313 -0.099822998046875 -0.327972412109375
-0.231796264648438 -0.10009765625 -0.2584228515625 -0.136367797851563
-0.260498046875 0.03955078125 -0.225433349609375 0.0505523681640625
-0.29022216796875 0.036712646484375 -0.125885009765625 0.0669174194335937
-0.278060913085937 0.0762481689453125 -0.0645904541015625 0.0936126708984375
-0.257614135742188 -0.032318115234375 -0.0284194946289063 0.128150939941406
-0.235260009765625 -0.184158325195313 -0.0517425537109375 0.165924072265625
-0.1141357421875 -0.331695556640625 -0.18206787109375 0.2041015625
0.23736572265625 -0.380401611328125 -0.279525756835938 0.0935821533203125
0.414581298828125 -0.221649169921875 -0.3265380859375 0.00045776367187498
0.5726318359375 -0.01959228515625 -0.218490600585937 -0.0331573486328125
0.555633544921875 0.166015625 0.05279541015625 -0.150863647460938
0.5120849609375 0.023040771484375 0.214462280273438 0.0326690673828125
0.438812255859375 -0.316680908203125 0.323028564453125 -0.12725830078125
0.1273193359375 -0.401611328125 0.1895751953125 -0.298583984375
-0.13555908203125 -0.35565185546875 -0.00396728515625001 -0.2919921875
-0.283355712890625 -0.139556884765625 -0.14453125 -0.127639770507813
-0.307403564453125 0.0365600585937501 -0.111373901367188 0.0181808471679688
-0.338287353515625 0.042877197265625 -0.0204887390136719 0.0269107818603516
-0.324310302734375 0.0985412597656251 0.0415763854980469 0.0544166564941406
-0.300384521484375 -0.01458740234375 0.080780029296875 0.118415832519531
-0.283599853515625 -0.185546875 0.03564453125 0.172607421875
-0.1436767578125 -0.352935791015625 -0.108322143554688 0.228439331054687
0.24456787109375 -0.412078857421875 -0.223281860351563 0.1273193359375
0.4364013671875 -0.217254638671875 -0.243408203125 -0.0101776123046875
0.5855712890625 0.02508544921875 -0.05548095703125 -0.00440597534179688
0.482421875 0.230133056640625 0.23785400390625 -0.0731353759765625
0.4998779296875 0.105926513671875 0.32861328125 0.06695556640625
0.48394775390625 -0.2506103515625 0.356964111328125 -0.062042236328125
0.179046630859375 -0.385406494140625 0.247039794921875 -0.212432861328125
-0.106048583984375 -0.36773681640625 0.085968017578125 -0.2210693359375
-0.282196044921875 -0.15374755859375 -0.0204391479492188 -0.101531982421875
-0.30328369140625 0.029754638671875 0.00984764099121092 -0.0155191421508789
-0.3348388671875 0.0438842773437501 0.084197998046875 -0.0172195434570312
-0.325042724609375 0.10479736328125 0.146728515625 0.00738525390625001
-0.3011474609375 -0.00259399414062502 0.185073852539062 0.0970611572265625
-0.286865234375 -0.172149658203125 0.114730834960938 0.170501708984375
-0.139923095703125 -0.336273193359375 -0.039947509765625 0.235885620117188
0.246002197265625 -0.381500244140625 -0.170989990234375 0.140884399414063
0.42047119140625 -0.16644287109375 -0.159393310546875 -0.0329742431640625
0.52276611328125 0.0811767578125 0.100395202636719 0.0259933471679688
0.32159423828125 0.24359130859375 0.387359619140625 0.0101318359375
0.379150390625 0.15325927734375 0.416290283203125 0.100433349609375
0.41265869140625 -0.143524169921875 0.361236572265625 0.00253295898437499
0.176849365234375 -0.28973388671875 0.275863647460938 -0.124343872070313
-0.065948486328125 -0.301971435546875 0.15106201171875 -0.144119262695313
-0.233612060546875 -0.133056640625 0.0879974365234375 -0.0727920532226563
-0.251251220703125 0.0235595703125 0.119026184082031 -0.0497512817382812
-0.281829833984375 0.038665771484375 0.174118041992187 -0.0604400634765625
-0.281951904296875 0.090850830078125 0.239822387695312 -0.0386199951171875
-0.261672973632813 0.000244140624999946 0.273696899414063 0.07611083984375
-0.249282836914063 -0.1492919921875 0.1795654296875 0.172012329101562
-0.1068115234375 -0.289825439453125 0.013885498046875 0.239334106445312
0.236358642578125 -0.305572509765625 -0.130905151367187 0.149185180664062
0.36944580078125 -0.08343505859375 -0.084381103515625 -0.0501556396484375
0.396728515625 0.1395263671875 0.229888916015625 0.0688934326171875
0.106307983398438 0.210723876953125 0.474639892578125 0.071136474609375
0.193206787109375 0.159561157226563 0.462310791015625 0.113433837890625
0.258926391601563 -0.03436279296875 0.349334716796875 0.040008544921875
0.127700805664063 -0.152862548828125 0.284820556640625 -0.065521240234375
-0.02801513671875 -0.181640625 0.186737060546875 -0.088287353515625
-0.149581909179688 -0.0853271484375 0.162094116210938 -0.05841064453125
-0.159652709960938 0.0175628662109375 0.1953125 -0.0809478759765625
-0.185897827148438 0.0296783447265625 0.237548828125 -0.0945892333984375
-0.19891357421875 0.0641632080078125 0.310333251953125 -0.074005126953125
-0.189926147460938 -0.00245666503906246 0.33905029296875 0.065887451171875
-0.179901123046875 -0.117233276367188 0.225631713867188 0.18548583984375
-0.060943603515625 -0.215484619140625 0.04986572265625 0.249618530273438
0.206466674804688 -0.197647094726563 -0.1103515625 0.159408569335938
0.279647827148438 0.0077972412109375 -0.0257453918457031 -0.048126220703125
0.217254638671875 0.180511474609375 0.316680908203125 0.12890625
-0.00146484374999999 -0.147598266601563 -0.386627197265625 -0.0972595214843749
-0.130622863769531 -0.041046142578125 -0.0383682250976563 0.0529403686523438
-0.09625244140625 0.0779876708984375 0.120071411132812 -0.168701171875
0.0203018188476562 0.10479736328125 -0.054718017578125 -0.310333251953125
0.0872573852539062 0.0560760498046875 -0.24493408203125 -0.238510131835938
0.0862960815429688 -0.0198287963867188 -0.38214111328125 -0.0672607421875
0.050750732421875 -0.0246200561523438 -0.35107421875 0.124298095703125
0.0493659973144531 -0.00938034057617188 -0.272613525390625 0.142440795898438
0.0495796203613281 -0.00600051879882813 -0.217926025390625 0.129013061523438
0.0254497528076172 0.0123786926269531 -0.212158203125 0.0863037109375
-0.0148983001708984 0.0312080383300781 -0.208328247070312 0.0986480712890625
-0.0758056640625 0.0127944946289063 -0.275558471679688 0.079742431640625
-0.0571823120117188 -0.0896453857421875 -0.363800048828125 -0.046051025390625
0.0125579833984375 -0.163711547851563 -0.468658447265625 -0.0560913085937499
0.083404541015625 -0.1759033203125 -0.515960693359375 -0.073211669921875
0.209396362304688 -0.124526977539062 -0.368408203125 -0.14617919921875
0.0390777587890625 -0.0974655151367188 -0.0349998474121094 0.0372161865234375
-0.00699615478515626 -0.0724868774414063 0.14373779296875 -0.185043334960937
-0.00282669067382813 -0.0287094116210938 -0.031341552734375 -0.34033203125
-0.00966644287109375 -0.0301074981689453 -0.236770629882813 -0.277359008789063
-0.0267295837402344 -0.025238037109375 -0.38330078125 -0.0832214355468751
-0.0613670349121094 0.0152473449707031 -0.345855712890625 0.120635986328125
-0.0787734985351563 0.0160293579101562 -0.25750732421875 0.138717651367188
-0.0740432739257813 0.021453857421875 -0.202224731445313 0.13787841796875
-0.0809249877929687 -0.0218658447265625 -0.1865234375 0.1087646484375
-0.0841293334960937 -0.074920654296875 -0.182342529296875 0.12017822265625
-0.0615921020507812 -0.135826110839844 -0.266067504882813 0.11834716796875
0.0918731689453125 -0.194351196289063 -0.349151611328125 -0.00146484374999999
0.193710327148438 -0.176132202148438 -0.444580078125 -0.0214538574218751
0.3011474609375 -0.127838134765625 -0.468109130859375 -0.065155029296875
0.398712158203125 -0.06329345703125 -0.285491943359375 -0.179901123046875
0.231613159179688 -0.115570068359375 0.0117282867431641 0.0207481384277344
0.1246337890625 -0.2198486328125 0.189773559570312 -0.195144653320312
1.12078688205362E-17 -0.18304443359375 0.017730712890625 -0.361907958984375
-0.0959625244140625 -0.141281127929688 -0.196136474609375 -0.311065673828125
-0.14111328125 -0.047149658203125 -0.34527587890625 -0.10302734375
-0.169036865234375 0.0439605712890625 -0.300201416015625 0.100189208984375
-0.196395874023438 0.0412445068359375 -0.20355224609375 0.116195678710937
-0.185882568359375 0.05841064453125 -0.14453125 0.129501342773438
-0.180892944335938 -0.02972412109375 -0.116928100585938 0.127883911132813
-0.169052124023438 -0.141937255859375 -0.12353515625 0.151092529296875
-0.0901031494140625 -0.254058837890625 -0.229232788085938 0.1741943359375
0.17779541015625 -0.308135986328125 -0.320526123046875 0.0588684082031249
0.324188232421875 -0.2139892578125 -0.394744873046875 0.0120849609375001
0.46807861328125 -0.09197998046875 -0.36328125 -0.041412353515625
0.528228759765625 0.02880859375 -0.139495849609375 -0.181732177734375
0.4066162109375 -0.08526611328125 0.101554870605469 0.013427734375
0.280548095703125 -0.324462890625 0.251693725585938 -0.184402465820313
0.03814697265625 -0.3253173828125 0.089447021484375 -0.355560302734375
-0.151885986328125 -0.258224487304688 -0.1209716796875 -0.320220947265625
-0.236465454101562 -0.0830535888671875 -0.2647705078125 -0.118255615234375
-0.25469970703125 0.0576934814453125 -0.216476440429688 0.065948486328125
-0.286224365234375 0.061126708984375 -0.119537353515625 0.0768890380859375
-0.26910400390625 0.0960083007812501 -0.0576400756835938 0.0988311767578125
-0.257492065429688 -0.0146484375 -0.0189208984375 0.12896728515625
-0.2469482421875 -0.1669921875 -0.041473388671875 0.169708251953125
-0.136322021484375 -0.32098388671875 -0.165191650390625 0.218597412109375
0.20721435546875 -0.396728515625 -0.272445678710937 0.110870361328125
0.39483642578125 -0.2479248046875 -0.324462890625 0.0214233398437499
0.564453125 -0.0599365234375 -0.218643188476562 -0.0189971923828125
0.56378173828125 0.12542724609375 0.0463104248046875 -0.147445678710938
0.50921630859375 -0.012664794921875 0.217864990234375 0.0243988037109375
0.41094970703125 -0.3468017578125 0.310516357421875 -0.142852783203125
0.099609375 -0.406524658203125 0.16802978515625 -0.306976318359375
-0.16046142578125 -0.34210205078125 -0.0223388671875 -0.29095458984375
-0.289886474609375 -0.11865234375 -0.14923095703125 -0.117874145507813
-0.30047607421875 0.0576171875000001 -0.106575012207031 0.0239639282226563
-0.332977294921875 0.0707702636718751 -0.0191898345947266 0.0287590026855469
-0.31219482421875 0.122589111328125 0.0445365905761719 0.0523262023925781
-0.296875 0.00650024414062502 0.0880966186523437 0.110618591308594
-0.2930908203125 -0.163116455078125 0.0462799072265625 0.170669555664063
-0.167633056640625 -0.339202880859375 -0.0904998779296875 0.238800048828125
0.211822509765625 -0.426788330078125 -0.21484375 0.14031982421875
0.4168701171875 -0.245941162109375 -0.243438720703125 0.00587463378906253
0.5802001953125 -0.01776123046875 -0.0562171936035156 -0.00158691406250001
0.494964599609375 0.194793701171875 0.233383178710938 -0.0834808349609375
0.500823974609375 0.067718505859375 0.33160400390625 0.049591064453125
0.458404541015625 -0.28369140625 0.34796142578125 -0.080108642578125
0.15069580078125 -0.3924560546875 0.229583740234375 -0.22503662109375
-0.13238525390625 -0.355560302734375 0.0711822509765625 -0.225601196289063
-0.28924560546875 -0.1317138671875 -0.0243682861328125 -0.101387023925781
-0.296417236328125 0.050323486328125 0.0113868713378906 -0.0185661315917969
-0.32830810546875 0.0705261230468751 0.0812835693359375 -0.0242233276367187
-0.3125 0.129852294921875 0.144744873046875 -0.00369262695312499
-0.2962646484375 0.01812744140625 0.189956665039062 0.0806121826171875
-0.29595947265625 -0.149139404296875 0.125137329101562 0.162689208984375
-0.16107177734375 -0.3216552734375 -0.02276611328125 0.240676879882812
0.2137451171875 -0.396514892578125 -0.16168212890625 0.150772094726562
0.4044189453125 -0.19451904296875 -0.163681030273438 -0.0219879150390625
0.5233154296875 0.043060302734375 0.0989532470703125 0.0193939208984375
0.3369140625 0.2188720703125 0.385467529296875 -0.01092529296875
0.385040283203125 0.12548828125 0.418304443359375 0.075714111328125
0.395751953125 -0.1728515625 0.356689453125 -0.01727294921875
0.15576171875 -0.298919677734375 0.263931274414063 -0.13970947265625
-0.088592529296875 -0.292572021484375 0.141250610351563 -0.152511596679688
-0.240325927734375 -0.11431884765625 0.0855484008789062 -0.0808029174804688
-0.244659423828125 0.040557861328125 0.117164611816406 -0.0603866577148437
-0.27508544921875 0.061553955078125 0.165725708007812 -0.073577880859375
-0.270401000976563 0.11273193359375 0.232696533203125 -0.0580596923828125
-0.2576904296875 0.018035888671875 0.275924682617188 0.054107666015625
-0.256301879882813 -0.130096435546875 0.189407348632812 0.160430908203125
-0.125320434570313 -0.276870727539063 0.0312957763671875 0.239242553710937
0.210723876953125 -0.3201904296875 -0.122604370117188 0.15570068359375
0.359375 -0.1090087890625 -0.0912551879882812 -0.0437545776367187
0.401031494140625 0.109619140625 0.229202270507813 0.0532989501953125
0.121749877929688 0.200775146484375 0.475982666015625 0.04339599609375
0.201126098632813 0.14410400390625 0.4652099609375 0.084442138671875
0.249908447265625 -0.054351806640625 0.348968505859375 0.01983642578125
0.11541748046875 -0.16015625 0.277267456054688 -0.0820465087890625
-0.0415496826171875 -0.176742553710938 0.181121826171875 -0.0997161865234375
-0.153579711914063 -0.0720062255859375 0.160354614257813 -0.0713653564453125
-0.154647827148438 0.028045654296875 0.188919067382813 -0.097137451171875
-0.18023681640625 0.0450439453125 0.225189208984375 -0.112701416015625
-0.18963623046875 0.0791168212890625 0.299957275390625 -0.097900390625
-0.186355590820313 0.011138916015625 0.339080810546875 0.038421630859375
-0.184478759765625 -0.101730346679688 0.235565185546875 0.1702880859375
-0.0744476318359375 -0.207015991210937 0.0655670166015625 0.24560546875
0.187789916992188 -0.210281372070313 -0.100982666015625 0.16387939453125
0.274993896484375 -0.0126953125 -0.033203125 -0.045989990234375
0.227066040039063 0.162078857421875 0.31817626953125 0.106475830078125
-0.00804138183593749 -0.146270751953125 -0.38720703125 -0.0771789550781251
-0.131317138671875 -0.0326461791992188 -0.0325355529785156 0.0558929443359375
-0.091400146484375 0.0827713012695312 0.113494873046875 -0.172927856445313
0.0255661010742187 0.1004638671875 -0.068450927734375 -0.306182861328125
0.0879898071289063 0.0500106811523438 -0.256683349609375 -0.226821899414062
0.0832443237304688 -0.024078369140625 -0.38507080078125 -0.0472106933593751
0.0472068786621094 -0.0260009765625 -0.34234619140625 0.1448974609375
0.0474815368652344 -0.0116539001464844 -0.260955810546875 0.159591674804688
0.0464973449707031 -0.00870132446289063 -0.209320068359375 0.141845703125
0.0232563018798828 0.0101642608642578 -0.209487915039063 0.0994873046875
-0.0140762329101563 0.0302848815917969 -0.2039794921875 0.109878540039063
-0.072784423828125 0.0160598754882812 -0.271087646484375 0.0915679931640625
-0.0601272583007812 -0.0872116088867188 -0.363494873046875 -0.0310363769531251
0.0029144287109375 -0.162338256835938 -0.465576171875 -0.034942626953125
0.0743560791015625 -0.17620849609375 -0.514801025390625 -0.052978515625
0.203475952148438 -0.134918212890625 -0.3707275390625 -0.125518798828125
0.0351104736328125 -0.0981521606445313 -0.0290565490722656 0.041656494140625
-0.01019287109375 -0.0725250244140625 0.136383056640625 -0.1903076171875
-0.00412178039550781 -0.0309219360351563 -0.046966552734375 -0.336761474609375
-0.0118618011474609 -0.0300769805908203 -0.25048828125 -0.267135620117187
-0.0291633605957031 -0.0242595672607422 -0.38702392578125 -0.0641479492187499
-0.0614852905273438 0.0187530517578125 -0.33660888671875 0.140625
-0.0790634155273438 0.0218048095703125 -0.246658325195313 0.155654907226562
-0.07501220703125 0.0255279541015625 -0.193435668945312 0.150100708007813
-0.084381103515625 -0.0193252563476563 -0.181594848632813 0.119705200195312
-0.0892562866210937 -0.0722122192382813 -0.17730712890625 0.130828857421875
-0.06707763671875 -0.133209228515625 -0.259124755859375 0.131744384765625
0.082305908203125 -0.199325561523438 -0.3475341796875 0.012481689453125
0.183639526367188 -0.183807373046875 -0.441680908203125 -0.00131225585937507
0.293548583984375 -0.1390380859375 -0.46728515625 -0.045257568359375
0.395172119140625 -0.0819091796875 -0.287750244140625 -0.161956787109375
0.225433349609375 -0.12689208984375 0.0180950164794922 0.0236473083496094
0.112640380859375 -0.22564697265625 0.182281494140625 -0.20037841796875
-0.00848388671874999 -0.183746337890625 0.00115966796874998 -0.361236572265625
-0.103843688964844 -0.13616943359375 -0.211273193359375 -0.30303955078125
-0.143402099609375 -0.0397796630859375 -0.350555419921875 -0.086517333984375
-0.166549682617188 0.0532989501953125 -0.292266845703125 0.115814208984375
-0.194717407226563 0.054595947265625 -0.195220947265625 0.129745483398438
-0.18310546875 0.0689544677734375 -0.136238098144531 0.138534545898438
-0.183197021484375 -0.0207977294921875 -0.110359191894531 0.134513854980469
-0.177230834960938 -0.133956909179688 -0.1173095703125 0.158782958984375
-0.10186767578125 -0.2489013671875 -0.2197265625 0.187835693359375
0.16058349609375 -0.318572998046875 -0.317413330078125 0.0718994140625
0.312103271484375 -0.22784423828125 -0.39208984375 0.0303955078125001
0.461456298828125 -0.11328125 -0.3634033203125 -0.025787353515625
0.528961181640625 0.00323486328125 -0.143417358398437 -0.170242309570313
0.40087890625 -0.105316162109375 0.106315612792969 0.0130844116210937
0.259918212890625 -0.33966064453125 0.24298095703125 -0.191436767578125
0.02191162109375 -0.326934814453125 0.072784423828125 -0.356292724609375
-0.1661376953125 -0.249099731445313 -0.13580322265625 -0.315948486328125
-0.239883422851563 -0.0721282958984375 -0.269546508789062 -0.106292724609375
-0.250625610351563 0.0705718994140624 -0.2098388671875 0.0760955810546876
-0.2821044921875 0.079437255859375 -0.114402770996094 0.0847015380859375
-0.263031005859375 0.111465454101562 -0.051025390625 0.10369873046875
-0.25738525390625 -0.00279235839843748 -0.0133438110351563 0.129341125488281
-0.256057739257813 -0.154388427734375 -0.033935546875 0.173263549804687
-0.153106689453125 -0.313232421875 -0.152297973632812 0.229110717773438
0.18524169921875 -0.40765380859375 -0.267745971679688 0.122024536132812
0.38079833984375 -0.266357421875 -0.32281494140625 0.037261962890625
0.55889892578125 -0.0867919921875 -0.218902587890625 -0.00952148437499998
0.569580078125 0.09722900390625 0.0431976318359375 -0.144195556640625
0.505523681640625 -0.040252685546875 0.221405029296875 0.01788330078125
0.388702392578125 -0.369110107421875 0.303680419921875 -0.151763916015625
0.080078125 -0.4100341796875 0.152801513671875 -0.31103515625
-0.179412841796875 -0.33245849609375 -0.036529541015625 -0.290863037109375
-0.294097900390625 -0.103118896484375 -0.153640747070313 -0.111968994140625
-0.295379638671875 0.0724487304687499 -0.102073669433594 0.0277938842773437
-0.326812744140625 0.0921630859375001 -0.0174312591552735 0.0300407409667969
-0.303741455078125 0.140777587890625 0.0467910766601562 0.05035400390625
-0.294586181640625 0.02081298828125 0.0931320190429687 0.104103088378906
-0.300811767578125 -0.1468505859375 0.0538482666015625 0.169998168945313
-0.18365478515625 -0.328460693359375 -0.076812744140625 0.246002197265625
0.185882568359375 -0.4375 -0.209457397460938 0.149520874023437
0.403350830078125 -0.26544189453125 -0.244049072265625 0.01800537109375
0.57696533203125 -0.0457763671875 -0.057098388671875 0.00106430053710937
0.503631591796875 0.168670654296875 0.231170654296875 -0.0892181396484375
0.50042724609375 0.042205810546875 0.3345947265625 0.03826904296875
0.43780517578125 -0.3077392578125 0.342742919921875 -0.090850830078125
0.130645751953125 -0.39892578125 0.217529296875 -0.231842041015625
-0.15185546875 -0.3468017578125 0.061065673828125 -0.230865478515625
-0.2943115234375 -0.116180419921875 -0.0269393920898438 -0.103065490722656
-0.290924072265625 0.06451416015625 0.0129528045654297 -0.0221729278564453
-0.322113037109375 0.09173583984375 0.0784683227539062 -0.0283203125
-0.302093505859375 0.147369384765625 0.142852783203125 -0.010467529296875
-0.29254150390625 0.032806396484375 0.192398071289062 0.06866455078125
-0.300628662109375 -0.1318359375 0.1324462890625 0.158462524414063
-0.176300048828125 -0.31121826171875 -0.0087432861328125 0.24462890625
0.189239501953125 -0.40692138671875 -0.156463623046875 0.156982421875
0.391937255859375 -0.214019775390625 -0.1676025390625 -0.0133819580078125
0.52081298828125 0.016510009765625 0.097808837890625 0.0146865844726563
0.347991943359375 0.199371337890625 0.385986328125 -0.0247802734375
0.38897705078125 0.10467529296875 0.420928955078125 0.058868408203125
0.381317138671875 -0.193511962890625 0.354736328125 -0.03076171875
0.139129638671875 -0.30474853515625 0.255584716796875 -0.148696899414063
-0.104248046875 -0.286712646484375 0.13525390625 -0.159622192382813
-0.244552612304688 -0.1007080078125 0.08404541015625 -0.0879440307617188
-0.239639282226562 0.052154541015625 0.114540100097656 -0.0700225830078125
-0.269012451171875 0.07843017578125 0.15985107421875 -0.0831451416015625
-0.259902954101563 0.127670288085938 0.227066040039062 -0.0695953369140625
-0.25323486328125 0.0303192138671876 0.2763671875 0.0362548828125
-0.25970458984375 -0.114990234375 0.196640014648437 0.152862548828125
-0.13763427734375 -0.268966674804687 0.04351806640625 0.239395141601562
0.1900634765625 -0.32928466796875 -0.1165771484375 0.159683227539063
0.350860595703125 -0.127685546875 -0.0969390869140625 -0.0390243530273438
0.403961181640625 0.087615966796875 0.22900390625 0.0427703857421875
0.13287353515625 0.192123413085938 0.4766845703125 0.024383544921875
0.20556640625 0.131210327148438 0.466522216796875 0.065155029296875
0.243331909179688 -0.0681915283203125 0.34783935546875 0.0059814453125
0.105636596679687 -0.164703369140625 0.272705078125 -0.0933837890625
-0.0516510009765625 -0.17236328125 0.177139282226563 -0.108932495117188
-0.1558837890625 -0.0625152587890625 0.15850830078125 -0.0828094482421875
-0.1502685546875 0.0353546142578125 0.183441162109375 -0.109573364257812
-0.176071166992188 0.0554046630859375 0.216445922851562 -0.1258544921875
-0.181838989257813 0.0899505615234375 0.29095458984375 -0.1148681640625
-0.18341064453125 0.019927978515625 0.338470458984375 0.018310546875
-0.187210083007813 -0.09124755859375 0.2440185546875 0.160064697265625
-0.0831298828125 -0.20062255859375 0.0771331787109375 0.24310302734375
0.173583984375 -0.218490600585938 -0.0952301025390625 0.16680908203125
0.272140502929688 -0.0279388427734375 -0.0402488708496094 -0.0435218811035156
0.23333740234375 0.149627685546875 0.319732666015625 0.09149169921875
-0.0145111083984375 -0.147354125976563 -0.39306640625 -0.06103515625
-0.132072448730469 -0.0259475708007812 -0.027862548828125 0.0597343444824219
-0.087188720703125 0.0876388549804688 0.11004638671875 -0.17999267578125
0.02978515625 0.0980224609375 -0.08056640625 -0.3074951171875
0.0918426513671875 0.04595947265625 -0.271011352539063 -0.22039794921875
0.0809707641601563 -0.027374267578125 -0.39459228515625 -0.02978515625
0.0450096130371094 -0.0272598266601562 -0.33807373046875 0.1658935546875
0.0465087890625 -0.0130958557128906 -0.254119873046875 0.1767578125
0.0437774658203125 -0.0106773376464844 -0.204666137695313 0.154052734375
0.0206203460693359 0.00873565673828125 -0.210250854492188 0.113052368164063
-0.0140018463134766 0.0298633575439453 -0.2039794921875 0.122268676757812
-0.0707321166992187 0.0191879272460938 -0.270538330078125 0.103195190429687
-0.063751220703125 -0.0861053466796875 -0.3695068359375 -0.019927978515625
-0.0052642822265625 -0.1617431640625 -0.470001220703125 -0.0174560546874999
0.0683746337890625 -0.179458618164062 -0.52294921875 -0.0365600585937499
0.20086669921875 -0.144760131835938 -0.37640380859375 -0.11016845703125
0.0322647094726562 -0.100326538085938 -0.0234794616699219 0.0449943542480469
-0.0133132934570313 -0.0742874145507813 0.133316040039063 -0.197097778320313
-0.00526809692382813 -0.0334739685058594 -0.060577392578125 -0.339324951171875
-0.0140571594238281 -0.0303592681884766 -0.267242431640625 -0.26080322265625
-0.0320243835449219 -0.0230007171630859 -0.39654541015625 -0.0469970703125
-0.0625724792480469 0.02301025390625 -0.332733154296875 0.160247802734375
-0.0799179077148438 0.027435302734375 -0.240509033203125 0.172195434570312
-0.0764389038085938 0.0300674438476563 -0.187530517578125 0.162933349609375
-0.0890960693359375 -0.016204833984375 -0.180679321289063 0.13214111328125
-0.0954742431640625 -0.0702667236328125 -0.17633056640625 0.142074584960938
-0.072662353515625 -0.132766723632813 -0.25677490234375 0.144805908203125
0.0743560791015625 -0.20758056640625 -0.35211181640625 0.023895263671875
0.17852783203125 -0.1922607421875 -0.444915771484375 0.015716552734375
0.2919921875 -0.151611328125 -0.473724365234375 -0.02996826171875
0.396820068359375 -0.100189208984375 -0.293182373046875 -0.150054931640625
0.223709106445313 -0.13763427734375 0.0241622924804688 0.025543212890625
0.10260009765625 -0.235504150390625 0.178680419921875 -0.2086181640625
-0.016571044921875 -0.187698364257813 -0.01287841796875 -0.36456298828125
-0.112342834472656 -0.133049011230469 -0.228759765625 -0.299530029296875
-0.147628784179688 -0.0351409912109375 -0.359130859375 -0.0726928710937499
-0.166748046875 0.061370849609375 -0.28912353515625 0.131439208984375
-0.1953125 0.0665435791015625 -0.190277099609375 0.142379760742188
-0.182846069335938 0.0794219970703125 -0.130447387695313 0.148574829101562
-0.187942504882812 -0.014129638671875 -0.107574462890625 0.142578125
-0.187240600585938 -0.12884521484375 -0.113555908203125 0.168609619140625
-0.114166259765625 -0.2486572265625 -0.212631225585938 0.201507568359375
0.148193359375 -0.3311767578125 -0.320098876953125 0.08392333984375
0.306640625 -0.2437744140625 -0.394012451171875 0.0455322265625
0.4632568359375 -0.133392333984375 -0.36895751953125 -0.013916015625
0.536590576171875 -0.01959228515625 -0.147628784179687 -0.163650512695313
0.4007568359375 -0.12518310546875 0.113113403320313 0.0118942260742187
0.24639892578125 -0.357086181640625 0.240753173828125 -0.200119018554688
0.00854492187499999 -0.333648681640625 0.059600830078125 -0.362701416015625
-0.180068969726562 -0.244720458984375 -0.15277099609375 -0.31658935546875
-0.24554443359375 -0.0615386962890625 -0.27685546875 -0.0973052978515625
-0.250442504882813 0.08349609375 -0.207916259765625 0.0853271484375
-0.282073974609375 0.097259521484375 -0.110893249511719 0.0929336547851563
-0.260406494140625 0.127029418945313 -0.0462493896484375 0.109161376953125
-0.26092529296875 0.00875854492187504 -0.00840759277343751 0.131431579589844
-0.267318725585938 -0.145431518554688 -0.02777099609375 0.179611206054688
-0.16888427734375 -0.3116455078125 -0.14263916015625 0.241744995117187
0.167633056640625 -0.422027587890625 -0.268661499023437 0.13348388671875
0.375030517578125 -0.2864990234375 -0.32568359375 0.051116943359375
0.56298828125 -0.11175537109375 -0.222320556640625 -0.0018310546875
0.581787109375 0.07275390625 0.041473388671875 -0.144775390625
0.509765625 -0.06219482421875 0.228958129882813 0.0121002197265625
0.37506103515625 -0.393096923828125 0.303131103515625 -0.16131591796875
0.06378173828125 -0.41912841796875 0.1435546875 -0.318511962890625
-0.19805908203125 -0.328399658203125 -0.0491943359375 -0.29547119140625
-0.301605224609375 -0.091583251953125 -0.15911865234375 -0.109603881835938
-0.29595947265625 0.086395263671875 -0.100761413574219 0.0299148559570313
-0.326141357421875 0.113311767578125 -0.0161552429199219 0.0315666198730469
-0.29962158203125 0.158447265625 0.0502510070800781 0.0500755310058594
-0.29638671875 0.03350830078125 0.0986099243164062 0.100372314453125
-0.31134033203125 -0.134857177734375 0.061492919921875 0.172607421875
-0.201171875 -0.3250732421875 -0.06439208984375 0.25543212890625
0.165802001953125 -0.45330810546875 -0.2091064453125 0.158782958984375
0.395782470703125 -0.2867431640625 -0.248611450195312 0.0286865234374999
0.58306884765625 -0.071044921875 -0.0588798522949218 0.00331497192382811
0.519256591796875 0.14715576171875 0.234176635742188 -0.0958709716796875
0.508056640625 0.0191650390625 0.34259033203125 0.02728271484375
0.426605224609375 -0.33282470703125 0.344146728515625 -0.1016845703125
0.115386962890625 -0.408905029296875 0.212448120117188 -0.240234375
-0.170318603515625 -0.34417724609375 0.05352783203125 -0.23828125
-0.30242919921875 -0.104705810546875 -0.029541015625 -0.106010437011719
-0.292022705078125 0.078094482421875 0.013742446899414 -0.0267391204833984
-0.3204345703125 0.111480712890625 0.0775833129882812 -0.0322799682617187
-0.297088623046875 0.164093017578125 0.143630981445312 -0.017120361328125
-0.292938232421875 0.044586181640625 0.196746826171875 0.0590667724609375
-0.309906005859375 -0.1201171875 0.141586303710937 0.156951904296875
-0.19232177734375 -0.306121826171875 0.00396728515625001 0.250137329101563
0.171783447265625 -0.42095947265625 -0.155609130859375 0.164352416992188
0.386932373046875 -0.234588623046875 -0.173492431640625 -0.00605773925781248
0.529083251953125 -0.00567626953125 0.097900390625 0.0108795166015625
0.362152099609375 0.1854248046875 0.391937255859375 -0.03765869140625
0.39642333984375 0.08734130859375 0.43060302734375 0.045654296875
0.373992919921875 -0.213897705078125 0.35821533203125 -0.041168212890625
0.1278076171875 -0.313812255859375 0.254425048828125 -0.157623291015625
-0.119598388671875 -0.2841796875 0.1318359375 -0.169479370117188
-0.250823974609375 -0.090484619140625 0.0843658447265625 -0.0962677001953125
-0.239486694335938 0.06256103515625 0.113853454589844 -0.0794525146484375
-0.267471313476563 0.095001220703125 0.157623291015625 -0.0921783447265625
-0.25390625 0.142547607421875 0.225204467773438 -0.08184814453125
-0.25299072265625 0.0413665771484375 0.279586791992188 0.0225067138671875
-0.266525268554687 -0.103713989257813 0.206268310546875 0.147857666015625
-0.150497436523438 -0.264923095703125 0.055633544921875 0.24267578125
0.1754150390625 -0.342254638671875 -0.115432739257813 0.166351318359375
0.3485107421875 -0.1451416015625 -0.103446960449219 -0.0339508056640625
0.4129638671875 0.070770263671875 0.231201171875 0.034942626953125
0.143692016601563 0.186264038085938 0.485626220703125 0.00921630859375001
0.212142944335938 0.12255859375 0.474212646484375 0.048919677734375
0.239105224609375 -0.08026123046875 0.35333251953125 -0.00424194335937501
0.0993194580078125 -0.1705322265625 0.273651123046875 -0.103240966796875
-0.060333251953125 -0.170806884765625 0.176773071289063 -0.119186401367188
-0.160049438476563 -0.05548095703125 0.159530639648438 -0.0943145751953125
-0.149368286132812 0.04156494140625 0.181442260742187 -0.123321533203125
-0.173477172851563 0.06561279296875 0.211395263671875 -0.138275146484375
-0.17626953125 0.100021362304688 0.2867431640625 -0.130584716796875
-0.18304443359375 0.0281219482421875 0.34100341796875 0.001312255859375
-0.191818237304688 -0.0823974609375 0.255035400390625 0.153366088867187
-0.0919647216796875 -0.197509765625 0.08917236328125 0.244720458984375
0.163375854492188 -0.228271484375 -0.092315673828125 0.172607421875
0.272048950195312 -0.0411834716796875 -0.0468559265136719 -0.0405235290527344
0.241958618164063 0.140945434570313 0.32525634765625 0.081634521484375
-0.0225830078125 -0.150039672851563 -0.4041748046875 -0.040283203125
-0.134613037109375 -0.0176162719726562 -0.022369384765625 0.0639419555664063
-0.0833663940429688 0.0941925048828125 0.105194091796875 -0.191299438476563
0.0345382690429688 0.0969772338867188 -0.09881591796875 -0.311431884765625
0.0967025756835938 0.039947509765625 -0.292694091796875 -0.21240234375
0.0790786743164063 -0.0324554443359375 -0.409332275390625 -0.00683593749999996
0.0433197021484375 -0.0289726257324219 -0.334014892578125 0.19293212890625
0.0456619262695313 -0.0153732299804688 -0.24676513671875 0.198989868164062
0.0424346923828125 -0.0120506286621094 -0.20123291015625 0.170974731445312
0.0190391540527344 0.0084228515625 -0.211563110351563 0.131729125976563
-0.0143089294433594 0.0310325622558594 -0.202987670898438 0.138961791992187
-0.0697212219238281 0.0217666625976563 -0.273284912109375 0.120620727539063
-0.0695343017578125 -0.0856399536132812 -0.379669189453125 -0.00314331054687502
-0.01495361328125 -0.162872314453125 -0.47918701171875 0.00537109375000007
0.060516357421875 -0.18560791015625 -0.53973388671875 -0.014984130859375
0.197891235351563 -0.158706665039063 -0.388824462890625 -0.0921325683593751
0.0296096801757812 -0.103744506835937 -0.0176124572753906 0.0487174987792969
-0.018280029296875 -0.07623291015625 0.128738403320313 -0.208831787109375
-0.0081024169921875 -0.0360069274902344 -0.0792236328125 -0.345306396484375
-0.0160121917724609 -0.0308151245117188 -0.289794921875 -0.254425048828125
-0.0355873107910156 -0.0222091674804688 -0.411346435546875 -0.0256652832031249
-0.064178466796875 0.0281219482421875 -0.329681396484375 0.18609619140625
-0.0814971923828125 0.0348281860351563 -0.2332763671875 0.193695068359375
-0.079010009765625 0.0368423461914062 -0.18255615234375 0.180313110351563
-0.0948638916015625 -0.01202392578125 -0.179840087890625 0.14886474609375
-0.104507446289063 -0.06756591796875 -0.174087524414063 0.157943725585938
-0.0810317993164062 -0.134307861328125 -0.255508422851562 0.163619995117187
0.064971923828125 -0.218536376953125 -0.36163330078125 0.0409545898437499
0.172317504882813 -0.204132080078125 -0.45361328125 0.037506103515625
0.292877197265625 -0.169219970703125 -0.489166259765625 -0.00997924804687499
0.40185546875 -0.123504638671875 -0.3056640625 -0.136260986328125
0.222503662109375 -0.154327392578125 0.0309314727783203 0.0264987945556641
0.0904083251953125 -0.248931884765625 0.175582885742188 -0.2218017578125
-0.0270843505859375 -0.19329833984375 -0.03125 -0.372283935546875
-0.123451232910156 -0.129318237304688 -0.253265380859375 -0.296661376953125
-0.153961181640625 -0.028350830078125 -0.373260498046875 -0.0543212890624999
-0.168411254882813 0.0737457275390625 -0.286834716796875 0.152862548828125
-0.196670532226562 0.0832061767578124 -0.183441162109375 0.160247802734375
-0.184402465820313 0.0939483642578125 -0.123489379882813 0.1622314453125
-0.195281982421875 -0.00418090820312503 -0.103927612304688 0.15435791015625
-0.20220947265625 -0.122055053710937 -0.108123779296875 0.181564331054687
-0.13104248046875 -0.250228881835937 -0.206069946289063 0.220535278320312
0.132598876953125 -0.350189208984375 -0.32598876953125 0.10174560546875
0.30206298828125 -0.265380859375 -0.40185546875 0.0670166015625
0.469635009765625 -0.16119384765625 -0.37969970703125 0.00262451171875002
0.550079345703125 -0.05181884765625 -0.155029296875 -0.158050537109375
0.405548095703125 -0.150543212890625 0.121932983398438 0.00839233398437499
0.2298583984375 -0.381866455078125 0.239105224609375 -0.214874267578125
-0.00866699218749997 -0.3450927734375 0.044097900390625 -0.372314453125
-0.199356079101563 -0.2403564453125 -0.17633056640625 -0.318603515625
-0.255859375 -0.05035400390625 -0.2894287109375 -0.085052490234375
-0.252517700195313 0.100601196289062 -0.206695556640625 0.0984649658203125
-0.283905029296875 0.120330810546875 -0.106552124023438 0.103042602539063
-0.259780883789062 0.147735595703125 -0.0394287109375 0.116546630859375
-0.267379760742188 0.02374267578125 -0.00252532958984376 0.136466979980469
-0.283966064453125 -0.134033203125 -0.019744873046875 0.1890869140625
-0.191436767578125 -0.3116455078125 -0.130340576171875 0.258895874023437
0.146392822265625 -0.445037841796875 -0.2713623046875 0.151412963867188
0.369384765625 -0.31317138671875 -0.332427978515625 0.069488525390625
0.572509765625 -0.14495849609375 -0.229263305664062 0.00848388671874994
0.6026611328125 0.04144287109375 0.0391693115234375 -0.147842407226563
0.520111083984375 -0.09246826171875 0.239761352539063 0.00320434570312499
0.356719970703125 -0.423858642578125 0.303741455078125 -0.17742919921875
0.042724609375 -0.434783935546875 0.131317138671875 -0.3316650390625
-0.223297119140625 -0.324554443359375 -0.06866455078125 -0.303558349609375
-0.314666748046875 -0.077972412109375 -0.168594360351563 -0.1053466796875
-0.298309326171875 0.105377197265625 -0.100082397460938 0.0341262817382813
-0.326904296875 0.138031005859375 -0.0139904022216797 0.0340251922607422
-0.296112060546875 0.1815185546875 0.0551490783691406 0.0497703552246094
-0.301727294921875 0.05010986328125 0.105499267578125 0.0969161987304688
-0.327667236328125 -0.12042236328125 0.072601318359375 0.176589965820313
-0.225067138671875 -0.3231201171875 -0.0491943359375 0.269119262695313
0.1427001953125 -0.475738525390625 -0.209503173828125 0.1739501953125
0.390533447265625 -0.315216064453125 -0.255950927734375 0.043121337890625
0.59515380859375 -0.1060791015625 -0.0610694885253906 0.00591659545898437
0.541748046875 0.121124267578125 0.23883056640625 -0.108383178710938
0.521881103515625 -0.008056640625 0.35650634765625 0.013519287109375
0.414520263671875 -0.3653564453125 0.35009765625 -0.118316650390625
0.09600830078125 -0.42657470703125 0.206878662109375 -0.254898071289063
-0.195770263671875 -0.3416748046875 0.0413818359375 -0.249221801757813
-0.3157958984375 -0.0901489257812499 -0.0338668823242188 -0.109718322753906
-0.29425048828125 0.09576416015625 0.0128002166748047 -0.0318336486816406
-0.321014404296875 0.136322021484375 0.0778350830078125 -0.0386810302734375
-0.2919921875 0.187347412109375 0.147003173828125 -0.026214599609375
-0.296600341796875 0.061614990234375 0.204010009765625 0.04815673828125
-0.32366943359375 -0.1041259765625 0.15478515625 0.15625
-0.214324951171875 -0.303253173828125 0.02032470703125 0.25982666015625
0.149017333984375 -0.443328857421875 -0.15399169921875 0.177322387695312
0.3828125 -0.262542724609375 -0.182098388671875 0.00450134277343751
0.54400634765625 -0.036529541015625 0.100074768066406 0.006744384765625
0.38262939453125 0.1685791015625 0.402984619140625 -0.05596923828125
0.40997314453125 0.06787109375 0.445068359375 0.02740478515625
0.367401123046875 -0.24090576171875 0.367095947265625 -0.056793212890625
0.115203857421875 -0.329803466796875 0.254608154296875 -0.172378540039063
-0.1396484375 -0.2835693359375 0.126800537109375 -0.182601928710938
-0.262039184570313 -0.0781097412109376 0.0831985473632812 -0.107131958007813
-0.241424560546875 0.0773162841796875 0.112442016601562 -0.0926132202148438
-0.266372680664063 0.114761352539063 0.154937744140625 -0.104690551757812
-0.2493896484375 0.162979125976562 0.22528076171875 -0.0981292724609375
-0.25653076171875 0.0560150146484375 0.287109375 0.00592041015625
-0.278182983398438 -0.0901641845703125 0.221939086914062 0.142547607421875
-0.167724609375 -0.2628173828125 0.072174072265625 0.248123168945312
0.158111572265625 -0.360565185546875 -0.113433837890625 0.176773071289063
0.347564697265625 -0.169281005859375 -0.112594604492187 -0.0276870727539063
0.42718505859375 0.0498046875 0.238311767578125 0.024749755859375
0.158966064453125 0.181076049804688 0.500244140625 -0.0130615234375
0.221725463867188 0.11370849609375 0.489166259765625 0.02764892578125
0.236648559570313 -0.09503173828125 0.36370849609375 -0.02020263671875
0.092559814453125 -0.178741455078125 0.27618408203125 -0.119049072265625
-0.0726318359375 -0.1700439453125 0.1768798828125 -0.1336669921875
-0.166778564453125 -0.0454864501953125 0.160568237304688 -0.109573364257813
-0.149932861328125 0.0506134033203125 0.17822265625 -0.142105102539063
-0.171646118164062 0.0781402587890625 0.20635986328125 -0.15570068359375
-0.173049926757812 0.11285400390625 0.28509521484375 -0.152740478515625
-0.185455322265625 0.0381317138671875 0.348602294921875 -0.01953125
-0.200515747070313 -0.0731353759765625 0.272125244140625 0.144927978515625
-0.103363037109375 -0.19720458984375 0.105621337890625 0.247283935546875
0.15179443359375 -0.243087768554688 -0.0895233154296875 0.181961059570312
0.274688720703125 -0.05865478515625 -0.0548591613769531 -0.0369873046875
0.256484985351563 0.130416870117188 0.338287353515625 0.06756591796875
-0.0593979003699322 0.0974451723752104 -0.187032443142932 -0.355649438372495
0.0758049799474402 0.111183038619381 -0.0519895259830443 -0.00287342856321748
0.125742999145837 0.0302460018655405 0.228422279736611 -0.0386285879388453
0.0692277644325553 -0.0744662591658055 0.198271802400319 -0.259101964330981
-0.0138087984621723 -0.082969587415245 0.00907504478750086 -0.384454560949026
-0.0334435433721791 -0.0317209464857084 -0.194475482637916 -0.35604502309031
-0.0287437556089782 -0.0332480755681998 -0.317097727529004 -0.229027748214734
-0.0261539111181967 -0.0383416507061781 -0.320244261869123 -0.123829223128071
-0.017303564529249 -0.0352752761236081 -0.255581316870087 -0.103683554256437
0.0053366337151675 -0.0298182964931168 -0.226735563463961 -0.110537173140327
0.0435722260987914 -0.0155265987633289 -0.240000213140966 -0.119264693449907
0.0774335128320005 0.0378766441255482 -0.249265284111394 -0.197240603637749
0.021859196143977 0.116175752090957 -0.207001020730049 -0.313263532606782
-0.0839077920464167 0.111534720452064 -0.243755483909493 -0.393787157756178
-0.146954946940959 0.0456846447044911 -0.32691243608065 -0.39973527526541
-0.192219140580558 -0.0677604409094965 -0.151100527546039 -0.342773353931621
-0.103871308470818 0.0398417219219493 -0.0410739010121999 0.0323581389157056
-0.0572824850384154 0.0871506702645664 0.290585140642397 0.00576200498771956
-0.0132237804321701 0.063801594483711 0.279891750131613 -0.254250572103661
0.024337055399688 0.0559064867742606 0.063144075477718 -0.423977325886301
0.0503259623935813 0.0494572504547334 -0.173525341224833 -0.384622468392398
0.082654720704515 0.0284803969660049 -0.300795179384472 -0.246852701375563
0.0958296344339596 0.0172646722313941 -0.30779081902929 -0.127723834624321
0.098440720769126 0.0355760626230776 -0.248539973024334 -0.095827072995746
0.0649122926730244 0.0713702393056091 -0.209537246825605 -0.0834095353828728
0.0360452335489079 0.118706196591775 -0.223952121917408 -0.0806280834267831
-0.0479486169805973 0.14825614127393 -0.261401230660442 -0.138524334564149
-0.165895723930283 0.126421347230442 -0.232189061176647 -0.253438993215057
-0.23374566054362 -0.00351637169454898 -0.277543917796766 -0.339546952237134
-0.259433839504165 -0.14001792879314 -0.326181379785362 -0.35898552718652
-0.287852358848886 -0.243640656592667 -0.0844437834631566 -0.274148590872264
-0.278731420222515 -0.0773906474294374 -0.0105138156267209 0.10478918504844
-0.271172028696514 0.109897391647476 0.358280068511039 0.0868431081475614
-0.136741428091371 0.200420474172511 0.37493482153088 -0.211923386857818
0.0332371814043289 0.213298885039178 0.142800957540492 -0.429465477197123
0.119468124066181 0.145611443951203 -0.119648060731472 -0.380866966995906
0.178727723175383 0.0969908111685426 -0.242977320485009 -0.237200840006648
0.205615743090091 0.0690428530614973 -0.249531435518256 -0.111079777716526
0.207857605890234 0.0889552999038993 -0.200879893893431 -0.0631340846148913
0.134716452898583 0.144333920218389 -0.16413295583 -0.0272063575919462
0.0638341949827084 0.226420075519245 -0.195412794977537 -0.0110575559326397
-0.115183172277796 0.264338890435629 -0.268436690906456 -0.0532660568117623
-0.303383147433213 0.178114937936766 -0.255881181658333 -0.175108574871012
-0.363245035229984 -0.0619559976433804 -0.286455747806539 -0.266912699071385
-0.353260412615136 -0.279529881088837 -0.286935482104767 -0.267375077516948
-0.329762219458595 -0.397588748944539 0.00174766281927249 -0.145340811712268
-0.409176738504135 -0.221266835390907 0.0310591709830266 0.209988331363098
-0.473662739299107 0.0803518618181102 0.404022316867435 0.197681253849061
-0.283724249012734 0.299207020833756 0.453646297137731 -0.121778706044647
0.00774830962998617 0.356511847538295 0.228685866211175 -0.381011163774846
0.16090810777593 0.239621918492052 -0.0410951012080193 -0.334969795740471
0.244634797189226 0.160329724855423 -0.151108528710408 -0.195566314183773
0.284728081958697 0.109336581695997 -0.154592192289661 -0.0772832023078251
0.293906096634487 0.121164929711436 -0.117737081195841 -0.0167433303984194
0.198130514032302 0.183814990392247 -0.0902935015115892 0.0392930165789395
0.110205488643484 0.292107699162304 -0.145457620418632 0.0676301047972892
-0.131421245420942 0.353466477016912 -0.249652131963889 0.0390711184441698
-0.377946042023671 0.236102448484155 -0.25800673171686 -0.0944080649007499
-0.446238809115133 -0.0806915467811898 -0.257960957019998 -0.198432985895607
-0.403383382520363 -0.365836066413727 -0.20829948531578 -0.150216770654649
-0.309775232499994 -0.48661201760035 0.093604786039663 0.025768268948709
-0.450530198756124 -0.34785862696245 0.0743555415689148 0.328172116628691
-0.597510640123116 0.000556202543762811 0.402310612836543 0.315582530576682
-0.407249740985563 0.319962405419823 0.480852803683829 0.00403652289716088
-0.0455238239849924 0.437879680656035 0.294011014303957 -0.273575115707572
0.166897256988696 0.302744537951978 0.0438331790359335 -0.243341712904026
0.269261150062234 0.202024990403114 -0.0420466051880349 -0.127128598942648
0.321480083798149 0.13396460577933 -0.0391980609991126 -0.0306418155712821
0.336797726763814 0.133657159476373 -0.0108107226697137 0.0340970886891166
0.236586592744872 0.195128587456561 9.80602721778196E-05 0.103393846319454
0.145717013874244 0.312693203241279 -0.0815569159904007 0.141732560502577
-0.122863813352976 0.388283090868861 -0.209819701958853 0.116736177613506
-0.398466716009032 0.25861336309031 -0.239914894899261 -0.0272076318511169
-0.46500730573618 -0.0932028075291491 -0.198306629397928 -0.146086802892904
-0.394624349301525 -0.401910808308066 -0.104932411623502 -0.0284137732807352
-0.234538055344752 -0.484745586982334 0.173184439634463 0.203582467107625
-0.39317195781308 -0.405106093032521 0.111787439052187 0.430903564591917
-0.588861782854574 -0.0873326254039748 0.352399681869418 0.398029618341675
-0.448870159368997 0.261874249122008 0.443436551039024 0.127289205233581
-0.0908631571689626 0.428859363283719 0.31319299019717 -0.135534618096305
0.144841435121096 0.310154150512732 0.116018825320463 -0.125514847370912
0.251094963294119 0.207608701163112 0.0659244501541496 -0.0447247236112388
0.309389163436756 0.136999505205154 0.0785953330490911 0.0185814770053171
0.329967110731593 0.129340430120416 0.101009081462291 0.0827801812651724
0.237368146380964 0.18770142513756 0.0907050529035877 0.161156236199478
0.149651983326926 0.299443912823674 -0.0201116808300416 0.206183768796233
-0.118087346675453 0.365926272834285 -0.167313771132875 0.173349424675314
-0.384613048125048 0.226821044430951 -0.21277282245424 0.0174483414326749
-0.424484081014252 -0.117202551726259 -0.128667371000954 -0.109436115109492
-0.319418631107735 -0.397096875355495 0.000442641285247945 0.0867406204034927
-0.128897991922631 -0.386331369667622 0.233669225609788 0.348924153517428
-0.264696163122798 -0.364690723358499 0.146916874315408 0.491318064504489
-0.45917098283249 -0.13245405362089 0.280835435859896 0.424795195958578
-0.383549837360093 0.1678991229439 0.367718386395709 0.20812766414305
-0.101790085559887 0.338899189596932 0.293213682106392 -0.00871416254504864
0.106975206226066 0.259100070493178 0.166914395914631 -0.0124417699885802
0.198677448198515 0.17528002464421 0.157693093404138 0.032925914892114
0.251977596187648 0.119018452983804 0.18268661049345 0.0627805172104491
0.275309739453265 0.111804022142312 0.202010119414821 0.127418297212465
0.201225398613541 0.164259532189339 0.165936680894569 0.213341943510192
0.122652269222275 0.255904135701596 0.0225624685298772 0.264091023499835
-0.116361137110584 0.299468527678369 -0.140242099265047 0.214618578842844
-0.34013639942697 0.15955374279129 -0.195293139892823 0.0457342646419323
-0.336679071259623 -0.148329314319712 -0.0666257894511907 -0.0786919665958692
-0.19930843270774 -0.352829586172303 0.0853838285970498 0.192563939834146
-0.00441781708962742 -0.215751849601924 0.272423978453996 0.426804855436034
-0.105367779298167 -0.242968063442846 0.185175617453355 0.494600202169976
-0.258283387263145 -0.120140956924249 0.223887421030568 0.396312364967656
-0.242301587443012 0.069105002828093 0.293431795378747 0.232864548148472
-0.0790484460728056 0.198917942495746 0.259248189794579 0.0744202090951078
0.0597726451191018 0.16454915862602 0.196419978906937 0.0670186370638322
0.118736327713247 0.11250383696082 0.221437084000547 0.0885203526252503
0.158206776741082 0.0804870845252515 0.257659820837374 0.0963168846825552
0.179741129859451 0.0798125376374404 0.276841793118105 0.167087065619464
0.136590629174015 0.124012064976564 0.213218950778884 0.260356001335175
0.0775539980026766 0.187315689345164 0.0373954504950395 0.317933781215972
-0.106111813515264 0.200903997170988 -0.137849839140206 0.241767196540374
-0.260641813937013 0.0730896011953616 -0.195266850372618 0.0596341679096784
-0.211346778065376 -0.162491730802347 -0.0256724009151341 -0.0495408802012601
-0.0529622533659512 -0.264523599971842 0.13287241442076 0.284968648352539
-0.0515314397887404 0.102683503725315 -0.218284986592802 -0.340269016802528
0.0840363416127079 0.103445592178389 -0.0523100884593832 0.00532192347850253
0.12779829378798 0.0196854978260098 0.228764033714307 -0.057088022851254
0.0626607320247675 -0.0791805500432862 0.180434674138737 -0.27812038737499
-0.0230461783628957 -0.0802435940955315 -0.0245504738878982 -0.388410671937521
-0.0339274960884491 -0.0281479118470896 -0.230202186522501 -0.341845180340137
-0.0298385459267868 -0.0313801002875312 -0.340328631584655 -0.198007579135465
-0.0290368873227458 -0.0366810740867917 -0.332838935064505 -0.0908520560743048
-0.0182509450068716 -0.0335502552919257 -0.269288997341141 -0.08063543750908
0.00492859146474637 -0.0304099562154773 -0.24241345512062 -0.090196205106001
0.0433456372078612 -0.0184283187405321 -0.253727451096039 -0.0983193480196661
0.0792091865154018 0.0319811508987863 -0.268533907376005 -0.177354166907254
0.0317884179973585 0.115801889243871 -0.233138045923215 -0.300530184551691
-0.0734383302100441 0.116472320484561 -0.274786844047785 -0.374029845245207
-0.143591410863206 0.0581456365410488 -0.362741041506435 -0.37959933801389
-0.199716019384166 -0.0523112458440261 -0.180273019695841 -0.329510875818362
-0.102681402188127 0.048143062971236 -0.0362979517387231 0.0401196869150041
-0.0502904401989516 0.0941280107651045 0.295434704530454 -0.0168238312975566
-0.00871844601319356 0.0679325712696414 0.262112750231036 -0.27942892498308
0.028145737781896 0.0554141779285231 0.0262997642307692 -0.434707120742608
0.0560917332898861 0.047057680991862 -0.210123224387172 -0.371989104855259
0.0872951033019275 0.0210330785063166 -0.325652576754654 -0.218200442518409
0.0996789520966247 0.0069143434323635 -0.320673047225864 -0.0955649101511459
0.10516284750653 0.0261859052798106 -0.261232635138218 -0.0722046288204652
0.073446751115462 0.0671035167708333 -0.222051592066269 -0.0641162721100527
0.0484367568865654 0.118345022821107 -0.235744911606001 -0.0607487836719657
-0.0371905562303728 0.154519770908012 -0.275419754432465 -0.11551427480878
-0.156188555615136 0.143115210288631 -0.254038319861882 -0.237046356234618
-0.234789579576316 0.0143633249761883 -0.304574838995899 -0.317381431927652
-0.273921257987671 -0.119568863746045 -0.358304755793066 -0.337951829230002
-0.31221144937843 -0.220548024849267 -0.107169157347016 -0.264602892815094
-0.28812480844686 -0.0544198614763898 0.000447041824786377 0.110555460762952
-0.26269835390489 0.136460716844458 0.368973083913884 0.0590530335816199
-0.121669203291721 0.215054683831038 0.360537475271775 -0.243656282862755
0.0526663497266889 0.212376244563769 0.104406925441964 -0.447746442223337
0.133515568739681 0.137651905271618 -0.154477425399951 -0.374814870972623
0.189589162728267 0.0814943108156736 -0.265720666116304 -0.214984615809912
0.214431670054099 0.0482297903954354 -0.261430514798041 -0.0850540806941804
0.22038207526781 0.0697375189142988 -0.209391611301695 -0.0430056945762984
0.149539632340159 0.134650545716954 -0.170599966555957 -0.0119893519076977
0.0858883316453731 0.223910342209078 -0.201433245418804 0.00744131233157709
-0.0939296165505699 0.278716918783671 -0.274550711025321 -0.0282794338019382
-0.289683804063217 0.207309205784187 -0.273213043909313 -0.157376516257963
-0.371760222031918 -0.032913587400045 -0.309975643488016 -0.243966170372706
-0.380274489410167 -0.251928401982039 -0.312038738472467 -0.247383340557616
-0.367822404518708 -0.372179987822274 -0.0095345761523571 -0.142903653738251
-0.429982051362366 -0.186985238621647 0.0511851001095547 0.212403518753931
-0.468667336006931 0.125950416655736 0.42404905325011 0.16814672587568
-0.262796945629905 0.327682732206201 0.446945460985941 -0.158458337868957
0.0403044083606226 0.358402151008572 0.196203458658306 -0.406766929820183
0.183412169590089 0.2291800568872 -0.070406560831122 -0.334381844016156
0.261072507167735 0.138651028162122 -0.169451840467707 -0.182136165519055
0.298242979319491 0.0814532901259949 -0.162016311637321 -0.060574991103463
0.30882358297513 0.0929112376127617 -0.120195499959732 -0.00436691226849625
0.216647153439901 0.167992070884839 -0.089858794162757 0.0477450991719665
0.138110180888547 0.284536501761079 -0.143599539911182 0.0833144965149018
-0.101365395287193 0.370291534740595 -0.247584257326457 0.0641255526385068
-0.359319116972581 0.273441212250655 -0.270392648264625 -0.0746340332292629
-0.45590207072683 -0.0437363283609758 -0.277150519963899 -0.17836730579933
-0.438945089550957 -0.334794743048019 -0.223569619649621 -0.134805691693366
-0.356030616544249 -0.464030147833035 0.096220076792788 0.0209504913677119
-0.482213961824445 -0.311115781587625 0.104828664810299 0.327059065074667
-0.598947354116991 0.0554129182183326 0.430544120484415 0.286082223968838
-0.38541812986896 0.358207218762893 0.483939459365621 -0.0332033880078637
-0.00451090997536111 0.445824597887799 0.270842836102021 -0.303961214369977
0.194873770073811 0.29127544511079 0.0252818200912088 -0.249229584343941
0.289035557096729 0.178311338841498 -0.0523008899865721 -0.124865029870128
0.337660803121549 0.10226428135328 -0.0414507974176857 -0.0265570965633283
0.352486944717205 0.100494694077883 -0.00766014259985942 0.0361690086569485
0.255470919815276 0.175910842517876 0.00830733283172276 0.104004831685511
0.175723533084066 0.30174321116931 -0.0721195224539065 0.152406448145962
-0.0899797624564655 0.40308187688008 -0.200779625069376 0.139053955604998
-0.378027319686701 0.297804023415808 -0.246598454698181 -0.00999516875857858
-0.476568835526116 -0.0531601721768307 -0.215195679963295 -0.130726820562461
-0.432152446247216 -0.370523801090018 -0.108302281076213 -0.0203396787729374
-0.282462098822493 -0.468669067017052 0.191300691120684 0.194344611703663
-0.428435307330812 -0.373147556539204 0.149840234249092 0.425793870545266
-0.598607952286632 -0.033327279501359 0.386627916795538 0.373347963034638
-0.430973451173483 0.303524472129126 0.456951344409866 0.0943541417177314
-0.0504350451768528 0.440565866074129 0.303186966556767 -0.166011848995533
0.173434023507907 0.300073309832109 0.108976621493712 -0.137089345847952
0.272272127712192 0.186659494252056 0.0642688045965445 -0.0523992933944574
0.32454059685417 0.106795187431314 0.0814594067048695 0.0110351899645513
0.344243229869441 0.0967446480423776 0.110100698836394 0.0747365790706895
0.25469500923978 0.168269683164894 0.105621829146789 0.153259588604924
0.177529899087543 0.286685168287172 -0.00374646185282744 0.211771743867307
-0.0873755141867323 0.379479383821726 -0.153807519527981 0.192710675927668
-0.36592953934375 0.265103245537228 -0.216207187668472 0.0332396257457425
-0.437276640220626 -0.0806398103748472 -0.143067293828452 -0.100025900945717
-0.359496269944027 -0.372750636467175 0.00715378487354882 0.0876429780921055
-0.16612056431025 -0.377129592716298 0.264405300062901 0.334774843409703
-0.296356576856003 -0.34343013737823 0.189141100488119 0.483816992420404
-0.471231957513084 -0.089634750486522 0.316711821492099 0.405339335366815
-0.373506885384096 0.202625502948513 0.386806048391159 0.180946433401127
-0.0702195267527274 0.350095577559603 0.294962603746729 -0.0352462792157635
0.131639250788748 0.25079706852905 0.169505324346703 -0.0286180246770624
0.215795025261897 0.158360915161258 0.164388586496258 0.0165980131504419
0.265433543703372 0.094783687172076 0.189942669021189 0.0447180733527679
0.286438051222815 0.0850928720409746 0.215463747425285 0.108714366941602
0.216228194711475 0.147668681594478 0.186272335044654 0.199468986390298
0.146511093579156 0.245759164916584 0.0444283032208042 0.267086948053819
-0.0927605727890014 0.311522776699306 -0.122790624944377 0.230239259361056
-0.326269024032246 0.1907734682738 -0.196369391977622 0.0607292623372188
-0.351305218683332 -0.117959489876566 -0.0782062097833262 -0.0747242638473987
-0.232883591684849 -0.337592462906434 0.101855826569901 0.187315858449876
-0.0251685630228647 -0.215501188622705 0.309711495239911 0.409250053710659
-0.125268069105779 -0.234760999087387 0.227402292620396 0.482860089503464
-0.268452488189964 -0.0963381698857167 0.257915105094906 0.381496025703722
-0.238475866373638 0.0912456476710671 0.314400112834785 0.212409296549597
-0.0600968134096359 0.207140959999463 0.268907334433177 0.0522342139327422
0.075733132902439 0.15922771516905 0.206737824565756 0.0488999398467114
0.129208725667017 0.102262661919658 0.233400206753385 0.0662732633134542
0.165753944460369 0.0652271046577863 0.268163596860944 0.0705955681582774
0.187147835801746 0.062260085560173 0.294436486525581 0.140694207116091
0.14795429722129 0.112536935515522 0.237481157424029 0.241468924688348
0.0933180669040922 0.179746504949377 0.0650615580155834 0.319014229436999
-0.0898741240495039 0.21047817865691 -0.119405652127684 0.256259616175253
-0.253349785861773 0.0967894386350786 -0.194242809677316 0.0752727218142052
-0.225622076491463 -0.143048770592489 -0.0343639016589231 -0.0490366481562221
-0.0768781361981502 -0.261391766109899 0.158833039274304 0.276424435319558
-0.0422965636871736 0.104512009302542 -0.241643945077136 -0.31501663121691
0.0889772682302338 0.0934155007358182 -0.0501171863054292 0.0132849097524626
0.126431361514465 0.00884031078737118 0.22276734527256 -0.0724359249564153
0.0547357964637535 -0.0810085682027536 0.158382560868548 -0.28859752305295
-0.0305035795313968 -0.0739720346685885 -0.055213177596899 -0.382570360045077
-0.0348694328218265 -0.0245270102128501 -0.257209837052018 -0.319264863577804
-0.0302822262364594 -0.0295760615655805 -0.350757005788487 -0.163572225167313
-0.0315516364991268 -0.034094800038101 -0.332952260830665 -0.0575647965280812
-0.0187238949157705 -0.032182132788518 -0.274425397538113 -0.0555166344305876
0.00445250429922947 -0.0293603205617777 -0.249807126673614 -0.06678068149838
0.0415811837291834 -0.0198441191465848 -0.259125952442764 -0.0753818334448158
0.0787686946542414 0.025716678339986 -0.278131311370581 -0.153728501201537
0.0401658509367192 0.111625498749265 -0.250580613201426 -0.280074239140636
-0.0629900966210135 0.117985829573463 -0.294265306198081 -0.348687716642855
-0.135906993976802 0.0675106913189567 -0.385938831022973 -0.350015603638931
-0.201409340541595 -0.0367321953759489 -0.202832305497138 -0.307385393399657
-0.0989944831243315 0.0548079982375007 -0.0307965774996772 0.0456342112905658
-0.0422398658175104 0.0971065108143174 0.291352013425875 -0.0382432572716552
-0.00428248678747893 0.0691480802506408 0.23782177074376 -0.295461139055477
0.0315331674214165 0.0541947635304769 -0.00917944543270381 -0.432340869053912
0.0602125392213243 0.0422226148329413 -0.239250889377958 -0.350708829252636
0.089043835177917 0.0130888263639005 -0.338343437844824 -0.185265373897886
0.0995603404712912 -0.00307139725595697 -0.322658388813759 -0.0627457588921051
0.108186726706686 0.016278111393532 -0.265219178156841 -0.0471796540387015
0.0799166692422255 0.0611065541591986 -0.227868253502962 -0.0430061415776326
0.059086104629258 0.113850067323533 -0.238855959762207 -0.0399370675592173
-0.0255247832809555 0.157566632684548 -0.280507467377904 -0.0911438647786843
-0.142537870704702 0.154865255159267 -0.267961983288227 -0.217660467225771
-0.231400718513321 0.0300523072406891 -0.320967875576345 -0.289763747794822
-0.27937472990035 -0.0970097682267878 -0.378749957194397 -0.308514512964477
-0.326399175197615 -0.193114059900925 -0.125087762196595 -0.249088945128503
-0.288716115571595 -0.0308939512704809 0.0118854763682882 0.111890418611752
-0.246846436523346 0.156258007931618 0.370294033255145 0.0320134116340065
-0.104468130827988 0.224649496610387 0.338501516204382 -0.266740229736039
0.0690071920453252 0.205875716941794 0.0665100596948107 -0.451527351115817
0.143967225210135 0.126629692753575 -0.183375128317 -0.357115970210776
0.195017304732093 0.0639118954363708 -0.279715704355132 -0.186964820489079
0.216742287680903 0.0266374184672672 -0.263253497088983 -0.0575227166080687
0.224900261474976 0.048534880677779 -0.210892002368545 -0.0227551221546184
0.159145690755067 0.121123001916405 -0.17190700488265 0.00421948421505945
0.105062561055755 0.21401688429229 -0.200978351879882 0.0255663459212291
-0.0708477516110703 0.284784666930651 -0.272039836681231 -0.00325526139932057
-0.268958269555436 0.230328472228651 -0.282259959919563 -0.136859405247526
-0.370091940786649 -0.00476382316387253 -0.32293965129625 -0.215759088044556
-0.395439919885502 -0.2194266958874 -0.327078116575465 -0.221516078192602
-0.394040300340084 -0.336983076975016 -0.020021180334822 -0.13624241956501
-0.438119208978464 -0.150901947902663 0.0694504563703158 0.208007391194923
-0.450300461673114 0.163193873164495 0.432282444120344 0.135741068080394
-0.234579344911174 0.345505224479246 0.429283174147778 -0.189090991603538
0.0699134292045982 0.35095907317548 0.158508121095587 -0.418345433264584
0.199990710211111 0.212083024433185 -0.0958159844617715 -0.324192202216199
0.269174800346765 0.114759368560795 -0.181563828414453 -0.164001670464726
0.302657853603823 0.051770275707747 -0.164913406978756 -0.0433773932396533
0.313284437163346 0.0626143330776485 -0.119290503048449 0.00743163675010379
0.227439171378309 0.149165724737049 -0.0862224425374657 0.0566997584714239
0.161661824167113 0.269490956372465 -0.138625958146957 0.0966590060304153
-0.0699594591644298 0.375183884381475 -0.238457603151174 0.0848232166302487
-0.331265944815271 0.300909492335317 -0.274653394388738 -0.0555345298133403
-0.453779635091605 -0.00664554512614818 -0.288064564169665 -0.154415182810664
-0.461898489454583 -0.295202389601937 -0.231032002832803 -0.116310902600214
-0.389712524011895 -0.42828108449989 0.0969360614259035 0.017074079016876
-0.498063886253216 -0.268101157158316 0.129404864574558 0.316338606318732
-0.58358487582143 0.106687184094478 0.447541067712977 0.251640688418172
-0.353839647301467 0.384784604700144 0.475218779713256 -0.0661967432705073
0.0337719317109928 0.440783620393496 0.240775116408607 -0.323138488612711
0.21663971022588 0.272400227270282 0.00600988742868369 -0.248758747282455
0.300556822837413 0.151606161107063 -0.0607128467104974 -0.118711355795246
0.341995417091939 0.0688833367595358 -0.0431101367146058 -0.0213678082719567
0.356615127927854 0.0663626418829878 -0.00428424887145521 0.0376816833198136
0.266279689361491 0.153111186633108 0.0163991040401972 0.102801092414652
0.198387501732269 0.281975633325776 -0.0608739085958032 0.158975498136964
-0.0558704528711281 0.407091790697212 -0.185926654578554 0.155507210929679
-0.346349181402026 0.326371235830179 -0.246566189278515 0.00759112805464234
-0.474276978600879 -0.012775349007924 -0.224321118022354 -0.111384712373828
-0.458966284972193 -0.330908084812253 -0.108548707268184 -0.0117862968457306
-0.318063625580487 -0.437678467152703 0.203958130198206 0.179962485853032
-0.451057900100775 -0.333789893691574 0.180573486288649 0.409628104604733
-0.590024261904623 0.0178789723245154 0.409285822854522 0.341343323117129
-0.402367828824137 0.334296380176912 0.45807600967056 0.0616162584806822
-0.0119122364476511 0.439015408229588 0.284284842877613 -0.189380812624346
0.197131321583107 0.281986034206211 0.0984786223899176 -0.145004934168394
0.283844367219246 0.161414888567887 0.0606851788078868 -0.0584327190230104
0.329726352481971 0.0763058824965067 0.0817876457539285 0.00269781580466237
0.347593384677931 0.0636216786018269 0.114706592563619 0.0638492837007933
0.265467168917266 0.145073202003519 0.116572255241047 0.142230194481599
0.19881861434291 0.265806340234789 0.0119556397820605 0.212678959589205
-0.0554887464558901 0.382106297810918 -0.135481235483479 0.204131212127024
-0.336867908181415 0.292537696433297 -0.214573749235343 0.0483575617597032
-0.437096910703857 -0.0440483399898885 -0.151621928354728 -0.0873005755076114
-0.385298278729393 -0.338719584571304 0.0144433998456804 0.0852500831376772
-0.195764303408066 -0.356942070040932 0.285483387879919 0.312869661838312
-0.317898389744505 -0.315755386018393 0.221353722030692 0.462687462563097
-0.469184782332277 -0.0504394288672677 0.342556102715037 0.378456365087324
-0.353059928814237 0.22944935088486 0.395215382478803 0.1529341649615
-0.0388018852080944 0.349752393797962 0.288175031117264 -0.0593231877851337
0.150458516004458 0.236331827417675 0.167979976596199 -0.0424591778019012
0.22583728236444 0.138610459567517 0.165158686789631 -0.000363093911818739
0.269461259647032 0.0686046507236842 0.190184173592591 0.025695968613355
0.288110856918777 0.0578701099366772 0.221591219861369 0.0873079804207752
0.22525615626103 0.127711110798934 0.200540295715942 0.180038804762642
0.164142112763127 0.227822458272258 0.0657698071481227 0.262000017039979
-0.0663141360713203 0.314908418295772 -0.103134994660367 0.237706813652476
-0.304548236523957 0.215917167882706 -0.19260192349594 0.0736774824843956
-0.354984918653791 -0.0872279254613476 -0.0875869421738726 -0.0672758178517865
-0.259003944995503 -0.314162743142373 0.115409388874692 0.176825982159255
-0.0446449288291131 -0.208459924103102 0.335491894345368 0.383130164197871
-0.140633119957216 -0.220913817902971 0.259090276748299 0.457852312232954
-0.269369732685077 -0.0719476206257003 0.282121683311402 0.358001422509101
-0.227485969775327 0.10812989568719 0.326533468260388 0.188126745735924
-0.0416119316464509 0.20783148046537 0.270318233901715 0.0303461907240986
0.0880800137623604 0.149330754793349 0.210724070460559 0.0302531866736826
0.135362641069354 0.0899134318991218 0.237205011274111 0.0423163057137319
0.168899153151845 0.0503934730682205 0.268379404142825 0.0433886346050062
0.187812313596267 0.0440856357643148 0.301614911933136 0.110853440196573
0.155441613047964 0.0990181567864041 0.255592154875882 0.217198420075542
0.106670297264856 0.168755046790853 0.0911971080423908 0.310267820835739
-0.0730372951363128 0.214709908382302 -0.0975766159067703 0.263152951558725
-0.240102934622212 0.116527002665471 -0.189019297435477 0.0883769407370093
-0.232712058519271 -0.121017630652911 -0.042776729796791 -0.0450608028332486
-0.0985094163332927 -0.251208070866083 0.178106467424543 0.260469774195138
-0.00417927889626564 0.112625249178711 -0.334312841423028 -0.20547219991275
0.115482039259506 0.0525889542039377 -0.0445447817247481 0.0340282226207345
0.117609372798553 -0.04159059057185 0.1798886477632 -0.136272524837677
0.0188276929600175 -0.0951688092482128 0.0486041947965363 -0.319664040453875
-0.0554432741457367 -0.056741813473931 -0.182690067326315 -0.333581144527714
-0.0424021701953995 -0.0143351796341365 -0.35205413830967 -0.197010718999066
-0.0414075325434095 -0.0176551977162237 -0.377075456881315 -0.015036517289647
-0.0417511986225672 -0.0197374037587063 -0.318046286952285 0.0735630066661096
-0.0273755735412363 -0.0233917604167644 -0.270369242512337 0.0500946918029926
-0.00434905835538813 -0.0277247307309555 -0.253913091289606 0.0293001302595066
0.0317470098639177 -0.0334323316907011 -0.263097179237711 0.0264488556185632
0.0806133690192295 -0.00291432399405072 -0.307734559742177 -0.0446824226965264
0.0748762937499034 0.0885946809530372 -0.325979702378142 -0.174748442192717
-0.0144384283396705 0.13131762219153 -0.382184013641213 -0.221480670630668
-0.0992655607914143 0.109218328079776 -0.462254208535125 -0.192491883242168
-0.206683171413295 0.0416915187964568 -0.285966530330758 -0.213784673095893
-0.0723596793457747 0.0885639449846492 -0.00909143766128979 0.0493727666945137
-0.00160879767946224 0.102639088429969 0.252448505352051 -0.140087564498222
0.023536060874897 0.0645223110267934 0.113160340417098 -0.359253060406437
0.0474729719982665 0.035887872993759 -0.164912580956007 -0.393595991282627
0.0680802188224437 0.0126173346151488 -0.350507183083647 -0.231166109749719
0.0851670236870503 -0.0223813493952156 -0.378117777385428 -0.0393636775418512
0.0874440937379003 -0.0394372789976342 -0.311919692002585 0.0674796268580505
0.104668943934434 -0.0265403432663246 -0.259976525160268 0.0557681568635446
0.0965478929572521 0.0289608460286107 -0.227171256498431 0.0432030807009581
0.0954411316419147 0.0815709531146965 -0.235121360729963 0.0498845337612194
0.0327532778711214 0.154864150013463 -0.286511372010629 0.0101784550356454
-0.0759859626434052 0.192343393217453 -0.31776926719835 -0.110255368902683
-0.199041060096723 0.110990558368514 -0.387051396318661 -0.15402520831343
-0.289857031974348 0.00566472895714361 -0.442994223318338 -0.148358798202036
-0.381827059629447 -0.0566557961890436 -0.187126388533892 -0.188360589475007
-0.278728082062592 0.081629929697917 0.0620661658014596 0.0888064057284721
-0.164455883908699 0.234527668984941 0.348879971479801 -0.11673243172562
-0.0074611978602364 0.244730966788781 0.20911265733314 -0.3756283496469
0.137491557484496 0.158923310090329 -0.110038024904761 -0.438392218144543
0.174307032534881 0.0591138102412225 -0.304231945947999 -0.255188764061134
0.20176908931312 -0.0137175309376002 -0.328879331567555 -0.0643690236014544
0.203574485239853 -0.0544938881997256 -0.258412603453569 0.0521856855938448
0.2206491168974 -0.0400387968839908 -0.201275491659889 0.0600244417165808
0.190337713003458 0.0549033245507155 -0.161766614368811 0.0668471099281112
0.173686459436239 0.155897259910867 -0.179355913881964 0.095035714583289
0.0369987327926351 0.287418400310871 -0.248111614646982 0.0851032018250596
-0.163626250604956 0.305785404956288 -0.300652326812872 -0.031169357127885
-0.338814835602428 0.129018710775801 -0.363357622658165 -0.0838670458733128
-0.441925101381641 -0.0671804024274898 -0.368684779251597 -0.0804626032030595
-0.49778078775795 -0.164607192904552 -0.0450963030684541 -0.120332769737505
-0.461195643528641 0.0285771463788777 0.158327916556993 0.154015396968276
-0.345951868666583 0.317664117171292 0.4448440934434 -0.0542507975735878
-0.0781823081822732 0.405297334772181 0.317293461526446 -0.343026610531212
0.192214747442966 0.288978212896462 -0.0196133752911053 -0.442439885306408
0.25677944584319 0.116515112625203 -0.215943847529446 -0.256641886437963
0.290831525565963 0.00615107381993645 -0.235051860234819 -0.0815492713489063
0.289646058721805 -0.0634742602828543 -0.166211353031334 0.0291774559887406
0.305101843201928 -0.0589699842161194 -0.107271536916254 0.0555843733041308
0.261218992180307 0.0560392555990378 -0.0656828398692697 0.0834745725829104
0.243608230184639 0.185514678985669 -0.0991744546632227 0.137907355010929
0.0707744165781966 0.36964864994662 -0.18734435948979 0.152232454814909
-0.195005188003674 0.391918347502663 -0.264260907223701 0.0402326485132896
-0.417922850804755 0.157788211372516 -0.310820506764895 -0.035546058858569
-0.53008211945234 -0.114490574345617 -0.247158473382845 -0.0134740706171056
-0.526919805867837 -0.250159396877382 0.119877416979471 -0.0187186050168344
-0.559923624311682 -0.0585983042293821 0.257025899121436 0.231958304405205
-0.487716172123987 0.315346553387915 0.504693776867613 0.0400777336428335
-0.16934801511218 0.487725836860057 0.402500034575707 -0.253507905618309
0.194281221143569 0.382440776377256 0.085756161965197 -0.386182249916814
0.295148002531542 0.166239389703513 -0.0960986116888427 -0.225410010633102
0.335023003948003 0.0297773652455496 -0.110042458998055 -0.0870073781323989
0.332094076919764 -0.061872320442456 -0.0498935388054256 0.00383620929146132
0.344509148877394 -0.0710700090010638 0.00746470919569572 0.0405339088217421
0.297070541101709 0.0451976008269146 0.0433182181857165 0.0897972924082581
0.280880971718558 0.183389143586545 -0.00707041265106678 0.167756312567483
0.0948652024482412 0.392294221262223 -0.116460139852708 0.198367424135515
-0.199929627320658 0.421108654457035 -0.217029162332861 0.0890817406533444
-0.43775416482405 0.158924053496978 -0.23978334859465 -0.0178569437822615
-0.54035115731783 -0.148401181332492 -0.101715777261313 0.0425632835690693
-0.461141645027312 -0.28617354566321 0.272503592297321 0.0964810607561035
-0.539960625712316 -0.137155928666293 0.33745213640622 0.304694010876924
-0.525954119786595 0.236127379471795 0.505417900804308 0.137774510565517
-0.2330963014863 0.460440293707408 0.435043207323133 -0.129632245112878
0.151937824030376 0.39876927253112 0.17533975912366 -0.280165246631466
0.280965586746532 0.182606879700972 0.0258441019338061 -0.165668474650208
0.323886536978881 0.0456034765323649 0.0233902570031365 -0.0799714136870226
0.323847879652266 -0.0510109743388565 0.0701277059735501 -0.0209039306649654
0.336239286529836 -0.0701212121650934 0.124612708332632 0.0202904153508737
0.292726306293644 0.0372340192176157 0.149398643801558 0.0900229378818023
0.274650182083738 0.168488957192781 0.0791042599010516 0.189197338597516
0.0858260599998132 0.370067822798184 -0.0535798639803719 0.225760898887275
-0.202095030566881 0.385399633046188 -0.175000456509679 0.11584381227956
-0.413528415372137 0.118632324781085 -0.167713869429752 -0.0193496707183992
-0.476384716060055 -0.18056915342245 0.0408306229875869 0.0886565060868859
-0.315005489569935 -0.257704914045787 0.389249527857284 0.192937516727456
-0.407905010202165 -0.170216341506925 0.387907478331919 0.344095959027796
-0.442000362614671 0.130287685285149 0.458801291322775 0.203553900511158
-0.229130108780629 0.346200833240459 0.414604116521071 -0.0193323186323386
0.0960027339984851 0.329220023148084 0.22940540848152 -0.161794413663958
0.223115248316226 0.157828768461281 0.12942736861157 -0.0978630947386762
0.261706568516519 0.0456366467535689 0.14140071107567 -0.0669963652705768
0.267767689608743 -0.0347655038191801 0.176422328678669 -0.0433411461035883
0.280304320692446 -0.0536138252882782 0.229891310918136 0.00125416454996629
0.250176727836584 0.0348130542440651 0.23963544904787 0.0939425286498697
0.228351004419087 0.146519342702258 0.146729409554039 0.214884418408763
0.0515136757667118 0.311211181683497 -0.0132701428718782 0.247083018852342
-0.198631933878338 0.304078666216253 -0.146774248048103 0.132571788633324
-0.353132964133381 0.0488300651513132 -0.10324479678435 -0.0234341568982303
-0.35078597757798 -0.200805670692389 0.160874052934465 0.134582436402307
-0.115850782266288 -0.17653710071833 0.450392995813666 0.24078069582988
-0.207835527867413 -0.151118246085763 0.410235612353718 0.333089557065533
-0.267759276489307 0.0343672145341418 0.393272815589435 0.218149213909028
-0.161884821913589 0.187429294437154 0.367989710144823 0.0461868159029511
0.0415382804572552 0.202472133478801 0.251824368413309 -0.0722181887805251
0.135214251578155 0.101578462627651 0.198769211275076 -0.0495118928624851
0.16021961223213 0.0327383096857165 0.226012508619305 -0.0555573017723325
0.170211725431028 -0.0156270058323658 0.254877775689852 -0.0589672725387602
0.184826836708952 -0.0282129944595283 0.30964374664035 -0.00806875015918905
0.17587754024363 0.0328906801472748 0.304261047296493 0.107951015442734
0.154692331315792 0.114617249214227 0.189286753798073 0.248894290628096
0.00866743500672822 0.222105404029245 0.00107311248390752 0.26868702163183
-0.174945461831973 0.189898966848964 -0.140317424248306 0.145793808854345
-0.253219686916553 -0.0264842092215384 -0.0563009201698523 -0.0211973277410225
-0.180076293856114 -0.198130932960257 0.244459972264226 0.18387526204074
0.00058411685886145 0.110031438163261 -0.338388942907504 -0.187157254444166
0.113977675368972 0.0468851645181131 -0.0397753799171459 0.0385694599208415
0.112203140668632 -0.0469307144133486 0.174615561015599 -0.142382441046394
0.0140241574153127 -0.0935348742069901 0.0341841821215352 -0.31881245871206
-0.0562644840454257 -0.0496800020533203 -0.198363288656921 -0.322801589367071
-0.0411208030358706 -0.0124654518115228 -0.359848942496668 -0.176103685511589
-0.0414520460334196 -0.0159716571175347 -0.370077518184568 0.00623838627745348
-0.0426848581297519 -0.0176637944626909 -0.306391866284573 0.0910452391569073
-0.0280011880054991 -0.0227211209981208 -0.265573304064702 0.0671318426030931
-0.00414632947390373 -0.0278033000277686 -0.25145897228816 0.0453299519147064
0.0309485465878843 -0.0339442885705039 -0.259067826125926 0.0388435057998191
0.0787292247691072 -0.00521163010596203 -0.305857321924512 -0.030457134668463
0.0777040561417235 0.0837988261973427 -0.329441251835991 -0.160630822283579
-0.00948629621279148 0.129243035991183 -0.382815758776952 -0.204929801448256
-0.0926685243758591 0.111742090909596 -0.467142753255368 -0.174217833907207
-0.202909606819111 0.0500185501508954 -0.290902730650985 -0.196938647069953
-0.069248189054162 0.0905544018820363 -0.0035234517021281 0.0512793526175061
0.00197296742104606 0.101683571773376 0.245708146997723 -0.148934485004381
0.0262233261648524 0.0644396386783982 0.097390808666973 -0.36033153154638
0.0494659495567451 0.0352860578219907 -0.184090195200848 -0.381929061207988
0.0687933245162983 0.00904894776821488 -0.359527545147166 -0.210275041587555
0.0829264451808776 -0.0273296151452655 -0.372687990894288 -0.0174027451356218
0.0840030786635478 -0.044834904010823 -0.299926546410605 0.0851509141659689
0.10213221201806 -0.0341517346298838 -0.253947496885126 0.0726478890974144
0.0985014401906546 0.0233699755505016 -0.224154242859091 0.0573027847669851
0.100019826281037 0.076208865562504 -0.23053411098004 0.0632813646133501
0.0399989008946195 0.153692398821669 -0.281214517444407 0.0233054777563388
-0.0657685514385295 0.194546271178176 -0.3198274045247 -0.097175374850197
-0.19430235660596 0.117979037343064 -0.386475279575859 -0.136893203940993
-0.287137946825659 0.0189250428320784 -0.447214885673715 -0.13017195013312
-0.381950686009376 -0.0374739820452627 -0.190459142542575 -0.17453588316701
-0.273151368631627 0.093683707766979 0.0682585922768354 0.0862475484243701
-0.150527348470477 0.24027668155052 0.341945364861103 -0.129342620952228
0.00402593256975358 0.24491192574697 0.191498603249769 -0.380342720908734
0.144786724572215 0.151505012211894 -0.131131432851673 -0.428960535292974
0.176492437342519 0.0498908697592498 -0.314325561805993 -0.237159143974867
0.199179898658418 -0.0241665802659608 -0.325910464514429 -0.0443126134268535
0.197765966203786 -0.0674500479074031 -0.248737997824706 0.06694260791073
0.215720389395418 -0.0544994499321155 -0.195309138165613 0.0727203530666653
0.192043492581363 0.0452827022104233 -0.156827741500846 0.0773863496907201
0.18048634663336 0.144717281484772 -0.17318936673031 0.105581024934815
0.0519741848702886 0.283727643767786 -0.240214821828164 0.0964625038659003
-0.146502514667559 0.311977201890262 -0.300564121558893 -0.0184301961684956
-0.331335507263625 0.142768889291813 -0.361348396164535 -0.066717740321478
-0.442530474260564 -0.0449784139500949 -0.368412901029275 -0.0636786803750352
-0.502484767664733 -0.137898659572779 -0.0468711531742124 -0.11313289071949
-0.455249217527289 0.0483286136601329 0.164612660428268 0.145431082647982
-0.325036289730969 0.329684197572859 0.439240807476723 -0.0714593270940707
-0.0584266602495295 0.4067408525972 0.299944487216766 -0.350847759131473
0.206021671628997 0.276017291310179 -0.0421454055821284 -0.435428274913585
0.260901470631432 0.103338796670702 -0.225393088190673 -0.243365356819404
0.288099261810164 -0.00860413315959044 -0.234518854379673 -0.0676501354427824
0.282288795782907 -0.0803719131634678 -0.160245010915891 0.0399392421296393
0.297191228182967 -0.0785969866534875 -0.102414628978259 0.0624675915420281
0.261642663459029 0.0419820305436846 -0.0611519243351867 0.0884390415796444
0.250853221153126 0.169657937746799 -0.0909409158131831 0.145033332378317
0.0892598678639305 0.363229621841977 -0.177299908161418 0.160609968338195
-0.171003979258042 0.399639198352419 -0.262472049294774 0.0515329823410659
-0.40640205641602 0.175564898985988 -0.308341153878764 -0.0202987267815832
-0.53218032840927 -0.0877212652693407 -0.245839092061613 -0.00224373151394837
-0.533729847267869 -0.221366711679417 0.118800818149962 -0.0189355250318083
-0.55697806533834 -0.0328108872800161 0.265220342039421 0.219523582164092
-0.463564211170331 0.335076126581455 0.501820242033632 0.0191663759205037
-0.143588222887967 0.493504897931538 0.388722353315169 -0.266077836393696
0.212660451201858 0.367964461257174 0.0649860587148925 -0.384907287591877
0.301705015364827 0.149114295725062 -0.105475221753614 -0.218619707019581
0.332492420173048 0.0120570025855338 -0.111624048112142 -0.0802807243965236
0.323658868263173 -0.0818860394940444 -0.0484386172267954 0.00706037989569331
0.334896091317579 -0.0923352730907872 0.00948738455208939 0.0403346221084579
0.296145161978854 0.0298294206109613 0.0474005338732613 0.087681549013613
0.28675352819357 0.164596166991364 0.00168893485820053 0.169237173306983
0.114291096144376 0.384158611800355 -0.104929476850545 0.202861787721834
-0.17421886909004 0.426859857444632 -0.214715993916348 0.0983330901681157
-0.424698533079641 0.178581141392617 -0.238182089191056 -0.00501030208080869
-0.543241029043137 -0.119142392324822 -0.0983487025870757 0.0464834277455771
-0.470549456481113 -0.25933117792461 0.274809825655211 0.0875829341255582
-0.539593221635418 -0.11134998469171 0.346043166421104 0.28760934847591
-0.505722558316411 0.259040159621361 0.506581305212965 0.116160011025211
-0.208726928428835 0.468734926876678 0.427840647892508 -0.145410671160197
0.172314133367405 0.384890128793652 0.159544666536614 -0.284747667714597
0.287863238403608 0.165362708608866 0.0196285568107238 -0.165362460987974
0.322285198474064 0.0277945134802215 0.0196280266141032 -0.0805308817247684
0.317509291573487 -0.0704913341098595 0.0674762635682523 -0.0246505645137035
0.325283036589992 -0.0892960348995287 0.123360927340305 0.0128828959204341
0.291326584864462 0.0225601028845077 0.15190088250232 0.0810887637861205
0.278579065746129 0.15149244633023 0.0879103714079988 0.185673601680202
0.103277341591703 0.362085482982194 -0.042161809915892 0.22677268313818
-0.178345354598328 0.391807823067486 -0.170815523294145 0.123082926525098
-0.402569312132597 0.136409717550929 -0.168184410932446 -0.00953138979962382
-0.481679189478465 -0.153246177860338 0.0445035264155532 0.0852485800482235
-0.325116323254839 -0.236767868880542 0.394787588131187 0.177998587694142
-0.410014220449286 -0.150616831350534 0.396743162060084 0.325560673444218
-0.426674906188465 0.150105888362956 0.462207544105655 0.18220335064605
-0.209568329644622 0.35483658495408 0.411823658134893 -0.0358150309929786
0.113499854003869 0.319183894872204 0.219442083544888 -0.171452736485013
0.228417972511698 0.142317649968051 0.125031796125074 -0.104773190845692
0.260938012730065 0.0312309112019344 0.136404786219854 -0.075316494755216
0.262216013699634 -0.0512704369305323 0.169958928247776 -0.053736559392499
0.272283773279345 -0.0695311060185257 0.225072062631079 -0.0118619373566825
0.248848403654506 0.0217608138042483 0.241237091337377 0.0790680933188727
0.232823380530417 0.132107548075677 0.156643062456175 0.206374601506942
0.0658623880213941 0.305948442346166 -0.00147191686229548 0.24520365506778
-0.178913052270707 0.309890283822505 -0.142502633058358 0.138470174514649
-0.344717153500223 0.0659148672864366 -0.104922554666672 -0.0168019192153587
-0.357487183116777 -0.180387729788594 0.165711334214625 0.125124849390014
-0.123475381792728 -0.165941741082335 0.457463459900734 0.221549509220996
-0.210748659920847 -0.1404668401299 0.417764536951797 0.313479968113533
-0.259953681494799 0.0469711565343934 0.398081236816576 0.199571259906204
-0.150310522155998 0.193368628100667 0.368757010938319 0.0299682832739031
0.0522197301629873 0.195597210203636 0.24650971876361 -0.0836036407762961
0.138311151427514 0.090886791742578 0.19564687461143 -0.0595476602340789
0.159181146476438 0.0236821732521151 0.219215216780588 -0.0689062414395742
0.167418311765156 -0.0254372999059416 0.245254382526779 -0.0733804165116009
0.178785952928048 -0.0387451175458221 0.302928665912845 -0.0258115939631416
0.174832693190611 0.0230828227469685 0.305893067947029 0.089156142636985
0.158407562466222 0.104239567318873 0.20059071755175 0.237609063974897
0.0193429388707041 0.219789309761018 0.0125677989394484 0.267017247041733
-0.16115635169836 0.194946752641622 -0.135130672571518 0.151359032320487
-0.249306064835213 -0.0132485487717118 -0.0586991832218763 -0.016826397976853
-0.18830999884097 -0.186212192322322 0.250643085976062 0.169131785560122
0.00542894310270836 0.109651253672651 -0.346115969974164 -0.171387937479489
0.115121223043486 0.0413572834772863 -0.0353070643316085 0.0427235896424285
0.107680117768318 -0.0519453114887972 0.172938248042327 -0.15027519083085
0.0101825556974764 -0.0930573011929237 0.021050896550292 -0.323214839114941
-0.0571356406905388 -0.0451641236527096 -0.216788017845225 -0.315394758242369
-0.0414812798873172 -0.0112610351180243 -0.371751931456956 -0.157769167815071
-0.042073434393393 -0.0151056661146346 -0.368674775458277 0.026302524698495
-0.0438208445623832 -0.0150554425364842 -0.298073574156219 0.10767086489374
-0.0288388658817462 -0.0228313808162877 -0.263553780116895 0.0851903285456046
-0.00407884056242499 -0.0283634677665633 -0.251834737077989 0.0614745734887958
0.0307318047941251 -0.0349636280842734 -0.258889303083392 0.0530217456143966
0.0779668500231268 -0.00755447932111646 -0.307744943417742 -0.0163478859434089
0.081388795166311 0.0805811523619772 -0.338976599159893 -0.14977275236954
-0.00544093456853907 0.129565241927541 -0.390303317861487 -0.192038311448777
-0.0867277688544657 0.115745750456296 -0.478666330293134 -0.155852678181646
-0.203249235769908 0.0601633301472373 -0.298154221169926 -0.182254391779708
-0.0669869832099054 0.0941088809575799 0.00166472404748575 0.053327650911315
0.00577330397615852 0.102449498695397 0.243850806166296 -0.160146141237434
0.0298592524755102 0.0658869182225771 0.0830071794093109 -0.367297465340282
0.0532118160659964 0.0348059043077249 -0.205661662265953 -0.375676751671432
0.0704140421561893 0.00508489948016565 -0.372885949790722 -0.191890748756715
0.0826869373925994 -0.0325488378296302 -0.372911598201522 0.00326113869786363
0.0810752138601026 -0.0507784296256179 -0.292296975596488 0.102557786459502
0.100388286432049 -0.0414460115852486 -0.251387142603507 0.0898788510035708
0.101620398036657 0.0179696818096715 -0.22302789399631 0.0730267216802237
0.106213045184924 0.0714909005496182 -0.22902239455877 0.077034930523491
0.0473064751254643 0.15415039337884 -0.280842470562849 0.0368583581179229
-0.0568182174277269 0.199311162483844 -0.326506929194887 -0.0852641420787885
-0.191440539243351 0.127316352421561 -0.391242055877434 -0.122468797404468
-0.288131331513705 0.0327837143293718 -0.456153410365454 -0.111297299395725
-0.386645752979248 -0.0188350698990285 -0.196397238949217 -0.164459954279295
-0.271858998322599 0.106482204637995 0.0745663440922405 0.0853728549562591
-0.139724018139001 0.248192755355081 0.340186538168517 -0.14579674752314
0.0161989357855552 0.248172013778084 0.177244688560737 -0.389960437735955
0.154452476735264 0.14529178077405 -0.153757820776918 -0.422723908508109
0.180684863488943 0.0414777676460043 -0.328706398731956 -0.221853007134384
0.200146290319375 -0.0354116739647232 -0.327049602508444 -0.0270234059444671
0.194422563452884 -0.0807667171839667 -0.242116738400534 0.0816402269155023
0.212340925677779 -0.0688852415841365 -0.19127250805085 0.0868662970516869
0.196732965666542 0.0353509690937469 -0.154144622867841 0.0891405964447086
0.189982515513232 0.135676753436548 -0.168699608041225 0.117976069762586
0.0671130451986195 0.285141425574779 -0.236308024095344 0.109026815473703
-0.130205207516579 0.32172720484098 -0.305251575141079 -0.00548091368744698
-0.328017396386835 0.159839129123868 -0.364224314284646 -0.0511521717106955
-0.448234457769871 -0.0242089322292444 -0.374635084612199 -0.0484034827676275
-0.51061092354833 -0.112166572328235 -0.049445454517822 -0.107904744508109
-0.456602975014737 0.0705130968543898 0.173513584716125 0.140439490573521
-0.307727435404481 0.346759329673896 0.438956930799043 -0.0913178867717512
-0.0393226984167753 0.413598876429965 0.287906531141254 -0.365737902404213
0.221599980285473 0.267222625658197 -0.0655343181134918 -0.434863041472658
0.268473394553007 0.0905023231935415 -0.23773657110072 -0.233490305048645
0.290319235207475 -0.0236977852544887 -0.236249062677334 -0.0554732472457176
0.277282328016078 -0.0995667290128069 -0.155031524695702 0.0496210408882773
0.291657540064611 -0.0979050860265666 -0.0987450764556298 0.070765700446408
0.266236228734352 0.0293112726238877 -0.0571279040670522 0.0944652176442793
0.260958632012213 0.156378580667359 -0.0837619365252813 0.152811390828459
0.10972309045195 0.361888692079004 -0.16990833877506 0.169833496618669
-0.150371328780526 0.410643443362087 -0.264550329453417 0.0643756341568306
-0.401763334076132 0.19599868043716 -0.310175785056795 -0.00540401367364523
-0.540384414097698 -0.0604845339285803 -0.247451088410494 0.00868166723238264
-0.547695387228548 -0.194945412495315 0.121132211974468 -0.020401270717444
-0.562410579832149 -0.00865257545933069 0.276637543617325 0.210205305933268
-0.445862690989556 0.358155385259798 0.504943494480192 -0.00209685723588706
-0.121795422891118 0.505158439699321 0.382858730882525 -0.283483933227645
0.233638388068465 0.358196711901588 0.0453326194716981 -0.38929209570347
0.31091708596471 0.133689545357667 -0.115483241370164 -0.214611183178522
0.335426843691094 -0.00547368957865318 -0.115405515104871 -0.0755131215252989
0.319638353330229 -0.102933399333572 -0.0473887867450001 0.0110813124032233
0.329393833725461 -0.113706340957761 0.0121748751235491 0.041366420241921
0.299479471547815 0.0147389356369167 0.0521162469933708 0.0862720956401343
0.296161880583767 0.149522184439188 0.0117488515128905 0.172861208473449
0.135415103713744 0.38159601433421 -0.0951803612159047 0.209493841464167
-0.150993227842096 0.438708134415828 -0.214536003487152 0.109168340716696
-0.419926618593039 0.201400105111304 -0.239897776147916 0.00754284203317186
-0.554882986782598 -0.0908703762602927 -0.0970277019059779 0.0513576499420834
-0.48613337712475 -0.235233187209097 0.282497767856538 0.0807550189489469
-0.547791518954765 -0.0890374018936612 0.360451088838671 0.275489577492347
-0.493164167341873 0.283027905864948 0.514056146711818 0.0951413802337376
-0.186961652952141 0.482718546264624 0.425717336943482 -0.163293971419895
0.194846140952647 0.377095917911556 0.145281572341484 -0.293624483675914
0.298028300834948 0.149780099157268 0.0130181692686121 -0.167653053434445
0.3270580986868 0.0105013038408214 0.0153598945880489 -0.083373116742982
0.314277171969725 -0.0907354707677255 0.0654681418791721 -0.0282201871798908
0.320053829721724 -0.110843199850674 0.124161629287604 0.00658491256105916
0.294441244701029 0.00769351446878604 0.156781652698912 0.0726727155095805
0.287198948700094 0.136335837366299 0.0992593236119787 0.184288157799361
0.123468018465188 0.359511310441264 -0.0314573363549347 0.231457329984115
-0.156718954169125 0.403372989446673 -0.169593608227496 0.133550692929204
-0.396485405803225 0.158364583211662 -0.169771829088571 0.000698848365280859
-0.493763784207799 -0.126726706175428 0.0489966500866525 0.0833488459243412
-0.337008328878747 -0.22010874879911 0.405242944407986 0.16513422570503
-0.419308941511636 -0.133522234262569 0.4120314643013 0.311016033579132
-0.418575406575356 0.170232582193352 0.471912357685259 0.164554454102821
-0.193592966947433 0.367063736742596 0.415311110194204 -0.0536577370348243
0.130723315274992 0.312309568954794 0.212507331592729 -0.181835702841721
0.236854192712764 0.130342576667909 0.122889303085954 -0.112044552507918
0.264606395560127 0.0162869375265799 0.131950041384532 -0.0841865031791231
0.260165791451133 -0.0676085914649914 0.165941101244464 -0.0634247143015604
0.267171862447191 -0.0863492398647512 0.223264875183788 -0.0253941310341885
0.251153466341895 0.00886716490683071 0.246479831427983 0.0655796513933026
0.238956044552762 0.119748858235797 0.170004061076952 0.200429210145899
0.0811881870232789 0.305694359291152 0.0103771759600638 0.24828102379894
-0.161998311696654 0.320472631377635 -0.14051068715488 0.148144532608382
-0.342275645370952 0.0828938599304295 -0.10787058220402 -0.0102110607260617
-0.369650859823123 -0.16157057936431 0.173027636312274 0.117004697292735
-0.130620380397298 -0.158798586475621 0.469728307041641 0.20615261141812
-0.218691599037589 -0.133248785965223 0.432080385895991 0.298789061108706
-0.256220202160297 0.0580736098136633 0.407463982287531 0.184173032306472
-0.141476464855347 0.201298299542314 0.374500438903376 0.0135731384293638
0.0628884235827548 0.191949185527123 0.244690398647907 -0.096280190558745
0.142819457522412 0.0826763791932238 0.195777549464331 -0.0705023725938672
0.160688735389266 0.0153905840197298 0.215200393900533 -0.0830967605576445
0.165759534178861 -0.0355130521756143 0.23907253090667 -0.0875657305601995
0.175847583518194 -0.0490353556007959 0.299522030048294 -0.0436589467507236
0.177142491513519 0.0137017722820045 0.311049191177697 0.0713898977645309
0.16295716908731 0.0955860321154606 0.214491870826632 0.228544494168167
0.0301999785598209 0.220730284341673 0.0245160571557763 0.268951463802335
-0.150135934744106 0.203051381963656 -0.131410144043913 0.159648896684542
-0.248665677662777 -0.0014173571780564 -0.0605542892050228 -0.0128932621495227
-0.199766756498637 -0.175604163873706 0.260464862512616 0.15753809521324
0.0114226561328391 0.108843102695045 -0.359439835723255 -0.149693135447216
0.116693813456677 0.0345910373935846 -0.0297296741029763 0.0465021720922583
0.103115259181956 -0.0579234249947708 0.169336366441305 -0.16333486751688
0.00417495964508069 -0.0934703066027397 0.000636818161868849 -0.32893291331842
-0.0585011866156122 -0.0401913115220253 -0.242441865765056 -0.304435318488884
-0.0429589435748627 -0.00888207491457189 -0.389151975013935 -0.132687857540205
-0.0441306401714527 -0.0130387098597277 -0.36865124876793 0.0525880338954802
-0.0454352795098074 -0.0116871045600129 -0.2894555273526 0.129069417027552
-0.0311810181851735 -0.0212640101176353 -0.259232262080668 0.10899033075938
-0.00542256772924516 -0.0294905668636453 -0.251155970824699 0.0824866402732779
0.0299874614245401 -0.0377472759843744 -0.259342287168064 0.0715340320075005
0.077726206516984 -0.0116258493568072 -0.31090282551264 0.00259048145034167
0.085963588730462 0.0760185845447576 -0.351940281650239 -0.132698637892094
0.00242754255057887 0.13028356761565 -0.404630758936359 -0.173696752004105
-0.0791460877899091 0.121217151740253 -0.494847488833898 -0.130924879265114
-0.202012715154317 0.0736242386729545 -0.310229494847597 -0.164980448386481
-0.0645478124322435 0.0997985160865213 0.00782605514089222 0.0557679834852334
0.0114985654284083 0.103876421150271 0.239144142666547 -0.177843938661744
0.0340411951805095 0.0669011032532208 0.0611574806594849 -0.376296054595022
0.0573068105734975 0.0330240126096625 -0.233370710569163 -0.365535943126995
0.0718679887555174 0.000327793308532047 -0.391021275723269 -0.167622189398071
0.0820649178468226 -0.0398889904477437 -0.373659018270672 0.0301500024809617
0.078000110453195 -0.0580130830683231 -0.282474416558566 0.123495820092804
0.0974640503693762 -0.0506170520948997 -0.24562808024423 0.113212976210362
0.105906585875555 0.0111098721448333 -0.220597096773993 0.0926075451919794
0.113223322535163 0.0648769430939592 -0.226258198469826 0.0942893877550747
0.0581835603995537 0.154887851898096 -0.280091507807747 0.0552776602079257
-0.0438145342375794 0.206036556839123 -0.3368218232331 -0.0676140796186874
-0.185985310217289 0.14151710821538 -0.400514195150979 -0.102461337054737
-0.28938609057921 0.0510501312816379 -0.468794727254222 -0.0853924052777296
-0.392229888760063 0.00688942928986787 -0.204834716749568 -0.151374458754302
-0.270265930460285 0.124349641907425 0.0827722777148125 0.0825295378325123
-0.125246579193891 0.260631248271016 0.337438577049123 -0.167033851839255
0.0328604401493227 0.25239974926663 0.156837048971046 -0.405159132478143
0.167252179330857 0.136775850672865 -0.186108394888577 -0.416688685890515
0.185850986071259 0.0295684576830596 -0.347111246880268 -0.201638800229681
0.200657772435616 -0.0505788614493754 -0.330490976536045 -0.00402229304965092
0.189344623158001 -0.0976082895965442 -0.234196371575613 0.100665798155037
0.207788697320577 -0.0871775768714459 -0.186232210644686 0.104946017710709
0.202303903410104 0.0223588305289904 -0.149829574948412 0.103965904359225
0.201630672474569 0.123515998358477 -0.162830064040542 0.132751708839349
0.0878403485773056 0.286210263207279 -0.230676681201704 0.125429669483478
-0.10888444994395 0.334715276566959 -0.310550143680136 0.0132031460715232
-0.322740552562583 0.183638496236458 -0.368396915250546 -0.0301930243234931
-0.45488609228776 0.00700826203794023 -0.382166854312071 -0.0256212565011994
-0.524975982917259 -0.0793096647285968 -0.0520981695175583 -0.103134137375937
-0.45851746448796 0.100102676300554 0.185654873443795 0.131915425196913
-0.287171799426786 0.370364968153028 0.439179082599979 -0.119229072668992
-0.0122511708221689 0.424527228889698 0.272010426475501 -0.386746749216792
0.243855961630182 0.253852299238953 -0.096631724273901 -0.433589879452917
0.278055826538115 0.0729836378749034 -0.256531124463421 -0.220009709465567
0.292959683826169 -0.0458645674289719 -0.24107836587624 -0.0392701113437531
0.27187763297539 -0.123065142083299 -0.150160469596624 0.0616551345843786
0.285119762957564 -0.122674820102146 -0.0931407452881665 0.081181909082091
0.272084311758294 0.0115545946319411 -0.0506822543165273 0.10149678426112
0.274660121559136 0.14004361634811 -0.0730659417032244 0.163557317347422
0.13567811788904 0.360764827095353 -0.159706010329025 0.184854786635619
-0.122803515567133 0.426426403720125 -0.265704941757306 0.0825173125144806
-0.394387413310514 0.225649076516121 -0.311135835989203 0.0136869952985779
-0.552915987083409 -0.0236765737281381 -0.249776309638066 0.0249516920160044
-0.566160922853374 -0.158336532497721 0.125734801147307 -0.0245286867621924
-0.571023134697989 0.0275912444405057 0.293504013854802 0.197293168881308
-0.425237008628595 0.391531131413449 0.510769410659867 -0.0317890165915596
-0.0894563300178482 0.52035035443924 0.371883026086002 -0.308855206997214
0.262337475381591 0.344471009320564 0.0181297510799967 -0.395201550882502
0.323724996763319 0.113915369873012 -0.130107517866268 -0.209330611270765
0.339760215868058 -0.0300946100011739 -0.120127306275732 -0.0683126089221636
0.313362303811048 -0.129670151671318 -0.0440558257306866 0.0145009873840349
0.320778901590165 -0.141229523985083 0.016008158233801 0.0425049796626731
0.305040798173694 -0.00573141004479043 0.0587605162580684 0.0849604014201172
0.308958100361467 0.130098385890698 0.0243385414559757 0.175645447988322
0.164260537888779 0.377921005755783 -0.0819415996989047 0.21984763007246
-0.120263752687372 0.454540595151041 -0.212742084404852 0.126026694353971
-0.410963786247171 0.232017869085683 -0.240703707254279 0.0236909999471377
-0.569034011341166 -0.0528355850492869 -0.0945261840210111 0.0576992965044478
-0.505081968084706 -0.203158483371016 0.294304179664859 0.0680391199219551
-0.560892647352389 -0.0565477432641021 0.381087445348338 0.259029085084554
-0.476690819560504 0.318201334600786 0.524755379142926 0.0657982385690536
-0.158375419422554 0.502069355852846 0.423915523604833 -0.190841973316629
0.223104825718673 0.365454021138623 0.125940003735635 -0.305564233919136
0.31174652312167 0.130778733656958 0.00398759302743864 -0.171972996113698
0.330508736587322 -0.0131798362095393 0.0101428543703737 -0.0857495046042946
0.30890369226196 -0.117161110695475 0.0642759616589407 -0.0325193367406563
0.311451733799153 -0.136596959815384 0.125427867586856 -0.00165403684462725
0.298247606435251 -0.0126816227735599 0.16330103264095 0.0631208595238904
0.29748333495525 0.117449658304257 0.113722612559243 0.180975643005429
0.149036403181209 0.356715956354461 -0.016016476160586 0.237384875716309
-0.12755286942565 0.418559433136009 -0.166001031454616 0.1481754186692
-0.390553022534719 0.186345483428307 -0.170899111194045 0.0125237542101771
-0.509660430609824 -0.0929847728327334 0.0550963812382902 0.0809490739763406
-0.354007397122931 -0.19800528917015 0.423315976124613 0.145059900772165
-0.433716313359473 -0.110143466883295 0.435362362353145 0.29196711326926
-0.408454623386879 0.197466413823475 0.486002628854528 0.137928540224392
-0.172215410213261 0.384287976130524 0.419214653924526 -0.079838821730402
0.15395541635695 0.30512616031882 0.202040925595929 -0.198049909365701
0.246994316891428 0.113943300400726 0.119398516356052 -0.122749002598261
0.268312277796956 -0.00250603354100235 0.127665429587395 -0.0960421099932121
0.256366517038608 -0.0892691867125909 0.16143601657152 -0.0750479099156423
0.260289843213157 -0.107715874592007 0.222084958152563 -0.040820225352815
0.254661842336829 -0.0086565520320155 0.252995339522654 0.0482010943957384
0.247769842932563 0.104249086344397 0.185795717427976 0.192357320408095
0.102912824634456 0.30316570032914 0.026134423957425 0.251658068577558
-0.139494412344103 0.334334858789189 -0.135202227011687 0.160556192989595
-0.339006514172613 0.106366563498257 -0.109374684600784 -0.00123011618375525
-0.386406739333909 -0.135390734851038 0.18224586928225 0.106059103355222
-0.140810588306524 -0.150150456572003 0.490779399725683 0.182462460250522
-0.229898645924943 -0.120931346933948 0.455081429034111 0.277562544300197
-0.252261143236398 0.0740804818540652 0.422117403776745 0.161993666757615
-0.129468171889055 0.212243588128123 0.381209829166527 -0.0101918065118558
0.0763099931792414 0.18746991163831 0.241924975140319 -0.114054444593095
0.148195989969231 0.0709860899300306 0.195488314727338 -0.0864111057055864
0.162495992743858 0.00349414790746953 0.210389206399885 -0.100325292636883
0.164015283325033 -0.0489424786440744 0.231557183701377 -0.105083483480243
0.171963270049162 -0.0624823138815362 0.296985791332242 -0.0659705103974476
0.179311534390925 0.000690801773314834 0.317187319429367 0.0484211940367951
0.16986243214942 0.0857608406690181 0.232591290269095 0.216415811852196
0.0453287706354014 0.221049772144755 0.04180413440235 0.272121344852658
-0.136803842630681 0.214683251381527 -0.125849625533701 0.172865543552471
-0.249901595834159 0.0150426918181677 -0.0632137380130978 -0.00808819809080298
-0.213797381659775 -0.161966493895706 0.273623984668729 0.14050280789867
0.0184580490164948 0.106270174398784 -0.370138273824319 -0.119554221272509
0.116703073075009 0.0256353105893013 -0.0222652905984506 0.0495105356960648
0.0960699996436756 -0.0644316371148015 0.15972245332271 -0.177894405190992
-0.00322152548337818 -0.0920596300934006 -0.0247906989647916 -0.328579544622646
-0.060023787175347 -0.0335988317506901 -0.267559898863632 -0.282187312699946
-0.0433860803182917 -0.0051510864463717 -0.40058111142073 -0.0966585086766565
-0.0447930696191251 -0.0102363493709275 -0.36087712634323 0.0839429068008382
-0.0455793726894468 -0.00793614114447204 -0.274184256448824 0.152626554459488
-0.03282641157402 -0.0197165458909921 -0.248170971477392 0.134585707175374
-0.00723925732615259 -0.0297377836818779 -0.243874240458229 0.10742973641942
0.0282341685631748 -0.0403991695770116 -0.252331593432527 0.09360749327252
0.0756450204289954 -0.0166493934145353 -0.309455659657728 0.0272054801123399
0.0911362252713951 0.0687888199806039 -0.361980892417445 -0.107521951217369
0.0122888835525935 0.128812676658094 -0.414973968474993 -0.144744812197994
-0.0683295229726467 0.125509853657573 -0.505877495628261 -0.0923334383254933
-0.196730091686772 0.0896405289020386 -0.320837164535531 -0.138678786081822
-0.0582698318725115 0.105422492831647 0.0152852415728164 0.055483342118445
0.018449884732137 0.104267296142117 0.227378268078528 -0.19633453498172
0.0411305888575657 0.0657338428217537 0.032063749292062 -0.381040581626465
0.0615810529235174 0.0290688168197363 -0.264247708596957 -0.344079379519924
0.0717807217539249 -0.00498471452008022 -0.406142601969833 -0.133351077747446
0.0787260010310078 -0.0483447255525073 -0.367645400400834 0.0618700759770277
0.0719409663346895 -0.0658796310175219 -0.266865943638381 0.147386423148517
0.0916383387259762 -0.0606120006447398 -0.232706165906869 0.137667340283558
0.107333406560308 0.00111990901956885 -0.211579598288054 0.114620379867925
0.119427697749859 0.0540520361897989 -0.218119263061043 0.114726737057699
0.0710978287076561 0.151263723778459 -0.273518952436652 0.0779349802500504
-0.0265630066062207 0.209110534861685 -0.342485749105328 -0.0415054419230518
-0.175046997983454 0.155262008363484 -0.405752504220441 -0.0724345187818404
-0.283898827667527 0.0739748458664208 -0.475835832281024 -0.048361053991461
-0.392055121447223 0.0395400729957847 -0.212821441775014 -0.133779133991175
-0.261731297128936 0.14709252056769 0.0922740157953657 0.0765273862722485
-0.103254771077488 0.270397127623169 0.324726215369378 -0.193471335498134
0.0536331151862588 0.251741102776954 0.127346111468849 -0.416403127195431
0.179610284323016 0.122063221337371 -0.22160089540822 -0.39918492771639
0.188822772377239 0.0143247728674162 -0.36398876173379 -0.171686607602271
0.196727638609973 -0.069441639885526 -0.328122618639656 0.024295849318607
0.179114642764734 -0.115396335284004 -0.220211226111312 0.119219842202998
0.196840029777557 -0.106665196995853 -0.173654800807598 0.124432224434881
0.206285546594619 0.00497619777142787 -0.138926536604352 0.119239678204552
0.213199405452313 0.10473668016228 -0.150511606528378 0.147972770551633
0.113039152195598 0.280075522359576 -0.219680316919207 0.144982046623926
-0.0801670743947807 0.343159224222413 -0.311383461792224 0.0370766698551298
-0.307435897251604 0.209253418635024 -0.368536234031157 -0.00333161563416186
-0.453712673956751 0.0455922306708845 -0.3838800667233 0.0040924823541727
-0.529230918584195 -0.033662283442805 -0.055681422077977 -0.097019596729753
-0.451773423673758 0.13666934064571 0.197574528799464 0.118625584246043
-0.255755987881261 0.391190954161872 0.429874960632561 -0.151488848296093
0.0226574139622591 0.426940588045621 0.244040825030955 -0.407270422468855
0.265172711179928 0.231291602076201 -0.134226576644771 -0.422931312910799
0.283776346110807 0.0493566120152595 -0.273542540762356 -0.198405255446072
0.289521232775254 -0.0730538434858367 -0.242280883673548 -0.0187210541181903
0.25840655302498 -0.148689136786275 -0.140168850827518 0.0746640487339192
0.270128447994503 -0.149053170012247 -0.0845530870841579 0.091642123855655
0.274284689066765 -0.0120971755223076 -0.0411593856554573 0.108164326081754
0.285973349355464 0.11462876831528 -0.0589584111093298 0.17105629116524
0.168431613709949 0.349979218393218 -0.143477084132134 0.199261018591917
-0.0844431129526053 0.436565844186827 -0.260653875357752 0.104618000004132
-0.375177264321314 0.25910391183706 -0.307983136083946 0.037777863044894
-0.553587960847584 0.0252881332538216 -0.246854365049237 0.0444925042905504
-0.5774243884023 -0.110713339233285 0.128541730609654 -0.0318011909516108
-0.569768586330685 0.0735210548783358 0.309608753275394 0.174719312681713
-0.390064340542464 0.421746977341099 0.506638045263729 -0.0695847861955074
-0.0467402839119265 0.529976560623836 0.351427060068837 -0.337271557386938
0.291233657564193 0.320033167914654 -0.0153647757440766 -0.394465644375993
0.332344177153522 0.0859802425670792 -0.146385682430087 -0.198861024037359
0.338079254218469 -0.0609572239503271 -0.124744766695348 -0.0585672465922768
0.299232621575952 -0.158973051019101 -0.0406282555594105 0.0186599131842392
0.302662449571371 -0.171231500687676 0.019641265694403 0.0421770475084816
0.305271874592598 -0.032146456233333 0.0665234874417846 0.0802720874879182
0.317681776849867 0.102940345574782 0.0403914566913436 0.175424312265287
0.197124282749345 0.365240236206931 -0.0632907562444668 0.227721090838256
-0.0789156723805979 0.463419884679257 -0.204521157794949 0.145356619071106
-0.390274749148435 0.266444293901142 -0.236952619730137 0.0427006253154271
-0.572266425744001 -0.00174116548418927 -0.089960544194362 0.0652538465792947
-0.520219865903441 -0.159164872536499 0.303405795936349 0.0470154971112353
-0.56573771709654 -0.0113303781074641 0.402947906983261 0.229883891030215
-0.447473850181441 0.354219929825846 0.528105081308999 0.0268781929087434
-0.117179387984547 0.516716796147634 0.411708289926244 -0.224238763153884
0.253335102781758 0.34308229207834 0.0998697662562923 -0.313102228241018
0.321172026592176 0.102241810182343 -0.00753938626748503 -0.173003505552796
0.331129871690119 -0.0440389225833729 0.00383582697415999 -0.0879572225446818
0.295831477861024 -0.146371044607376 0.0620815815520632 -0.0377889318344228
0.295175642489428 -0.164341629873819 0.123576446546736 -0.0119908118621946
0.296889469523787 -0.0387105431588105 0.168221365446308 0.0485934786371941
0.305104995711917 0.0911704621738676 0.130240598850732 0.172114398128569
0.180369553568162 0.343909889414095 0.00284348668949791 0.240420340449215
-0.0899366799213629 0.427908342787974 -0.156275492952299 0.163301267917655
-0.373359952591203 0.218728330539579 -0.169479614368751 0.026426469252273
-0.516673475799396 -0.0462085758139911 0.0614325120415219 0.0758329789392305
-0.368229362550345 -0.165963454003898 0.437602004009038 0.11538223003037
-0.443349110177016 -0.0751068711012006 0.458975267943349 0.259170828429192
-0.389781735099506 0.227949977660157 0.493638368766427 0.102511443678646
-0.140768273990659 0.398900339920734 0.41453464571465 -0.111954627981928
0.179015027079354 0.289256147446039 0.185721035160752 -0.214383920038188
0.25471494583532 0.0903809744098355 0.111156400472096 -0.13468635667697
0.267268612500874 -0.0268404482202906 0.119047366514967 -0.107340573645454
0.245581043678766 -0.113074478587909 0.152551899368467 -0.0878642536408145
0.247889237080115 -0.130885199770774 0.215188554403777 -0.0604835985982825
0.253125904038694 -0.030743341388375 0.255457175925492 0.0243652198615361
0.254904135305434 0.0818319512489046 0.201795034117325 0.175485820165375
0.12959195711912 0.295390257382432 0.0463646827908857 0.251076984392877
-0.108961996564079 0.34345986496793 -0.124008672896209 0.173793143693964
-0.327878501918592 0.134700378510974 -0.109349380088809 0.00778824991992711
-0.39694673628798 -0.100772411620727 0.191324918982444 0.0912119955169699
-0.15223234698338 -0.13679464367003 0.506473711936929 0.147804979122109
-0.238719189153049 -0.103321074665837 0.475593874860704 0.244052654360681
-0.2447401901262 0.0929516928077669 0.432628148058762 0.131384254515247
-0.112850193304607 0.222062080444734 0.381485870660747 -0.0392735731235247
0.0920570218955995 0.178581221052386 0.232773070039446 -0.134065228828383
0.151411262213056 0.0566934382745021 0.190783197138483 -0.104360616308781
0.162054319520713 -0.0109032826344993 0.19988095102654 -0.119356325938048
0.158143543966151 -0.0638314462270871 0.218532247967449 -0.123862866848788
0.164195767320048 -0.077090990659001 0.285736286973826 -0.0919955463994416
0.178788966902701 -0.0155086098420891 0.318677881011612 0.019855707832476
0.175393902486678 0.0698498842344851 0.25020317626308 0.195606245770937
0.0638351720647538 0.217967060068781 0.0643582100467708 0.269677998426771
-0.116937945582195 0.223077456696141 -0.112969252773456 0.184624362041919
-0.246678539696604 0.0355212214905744 -0.0644852572710342 -0.00277441011496707
-0.225533064906393 -0.141477754472946 0.284495340994576 0.116389508977147
0.0298811941634932 0.0990751119078364 -0.37554767500194 -0.0472214062060921
0.114262194582799 0.00219967697708003 -0.0134965378435169 0.0560990310629709
0.0775005210701023 -0.0830670480783643 0.123321305628165 -0.19481810077465
-0.0250535573337989 -0.0918386073580888 -0.0790633664189277 -0.308012314095259
-0.0698062430473664 -0.0232510943632878 -0.308387353590355 -0.222026327540813
-0.0521989127235383 0.00650214145111429 -0.399491493417302 -0.0165857543591273
-0.0491546404386612 0.00382103769728767 -0.325482014441948 0.147899335162137
-0.0455384978393716 0.00519521433525958 -0.229991051750602 0.191854448280147
-0.035611863872387 -0.00905155003656081 -0.213509272046127 0.172999058455208
-0.0106488291957572 -0.0252105283889326 -0.217986333871217 0.146934262662438
0.0202276174704903 -0.0421325842333592 -0.228347423237435 0.132711271828377
0.0725325428362439 -0.0256189118885895 -0.295087250521848 0.0724742426423808
0.10076676041934 0.0558765424411151 -0.370461990950823 -0.0516806498364281
0.0363920530645626 0.124983405091049 -0.422306205455339 -0.0803365730586473
-0.0447275450218515 0.135882053964863 -0.497478571828262 -0.0175947755785311
-0.178385838753127 0.128000790401777 -0.32610136605923 -0.0826592794194485
-0.0341440687954307 0.11386624676703 0.0226980401146056 0.0452106940514411
0.0395279927158624 0.0921635038965944 0.177052007619112 -0.231715886996822
0.0505815710693356 0.0485788316264165 -0.0415251941130573 -0.370495207384377
0.0569866983170499 0.0109673146274466 -0.321045880348287 -0.276821569610259
0.0571913619107442 -0.0156917438523236 -0.411497759529257 -0.0466668236138321
0.0634429709798265 -0.0604772430203557 -0.340703503603981 0.131657391194916
0.0553163072731302 -0.0717289188120054 -0.222859063379953 0.187416276286107
0.0760172914251228 -0.0735260507350305 -0.198572304480415 0.174955952862461
0.106688443356763 -0.017689374792047 -0.187879084027707 0.149281302163614
0.126517967624513 0.0312655257611807 -0.192765595819733 0.147163934607444
0.101171021796246 0.137466777356035 -0.254451730488871 0.113100133552324
0.0144933208865722 0.210929519689585 -0.337351403043245 0.00592380323967574
-0.138583238708503 0.183167060052426 -0.398768127702508 -0.00723357239967482
-0.262255644447853 0.123198624035659 -0.460005379665236 0.027668535284139
-0.371819100941034 0.119258368292574 -0.21540664291792 -0.104783465591378
-0.217319090655469 0.194222938789718 0.101248307098054 0.0430364867042627
-0.0428655845773669 0.273917566152438 0.265136555625729 -0.254453463586604
0.103595759222542 0.222664532239118 0.034589406196276 -0.427313610974821
0.187170563085614 0.075670223356526 -0.294428670464798 -0.332600884111176
0.172391433725481 -0.0198711804828579 -0.38039397802502 -0.0882965062835383
0.17409089740853 -0.106583603669649 -0.313578514959106 0.0900548957491052
0.147085863367446 -0.138931055513462 -0.182549299784104 0.155107132187103
0.167395517712203 -0.139597545735136 -0.14325101168787 0.152510239531537
0.202992412470974 -0.0337082387440526 -0.118506856142648 0.141985183493851
0.225371150463219 0.060745188103087 -0.123987348235927 0.16952596916808
0.167480588476934 0.253135308997804 -0.192209099151488 0.167130490491389
-0.0109998070600156 0.348598622905634 -0.291703383362988 0.0766847039434456
-0.255556389957984 0.25846196482984 -0.349073435663515 0.0589304654656611
-0.431669623571242 0.123803257041709 -0.361204385177315 0.0703655992460058
-0.514587735472231 0.0751215528050168 -0.0527881342834301 -0.101568606974165
-0.398428770430531 0.223355200477421 0.213071675981915 0.0557066999829451
-0.160978286093175 0.419275851755405 0.368612232093947 -0.242921784855569
0.112160293583084 0.395710783542683 0.14177835562401 -0.445737206707654
0.290921861711866 0.161395083510414 -0.219365705744574 -0.36878470396052
0.271354206209485 -0.00656774269742258 -0.300852211313317 -0.129069763422765
0.264754705953702 -0.130040667689959 -0.243811873675279 0.0345124930583965
0.216401461690731 -0.186536790146482 -0.115851732802153 0.098473495835152
0.228712198749647 -0.195069005153132 -0.0629075020006675 0.10632698303641
0.265733145689662 -0.0648014663706734 -0.025859891470295 0.1148171069491
0.29643247843982 0.0559663618359015 -0.0327179170933107 0.177334227129863
0.234592944899238 0.309158705615809 -0.112625201351701 0.207448838591807
0.00264127827612098 0.436163746812791 -0.232752745456611 0.133183622265718
-0.31052599699927 0.318227811884917 -0.282355526694215 0.0907327873147587
-0.529242337768039 0.121493890559199 -0.221617987663966 0.0914786763196985
-0.570601771059072 0.0116963509794572 0.137441169718688 -0.0726922920243992
-0.520377966387025 0.184863820550287 0.335609628474147 0.0860260144797709
-0.282557348486035 0.474877064562434 0.458392248716217 -0.185405993237335
0.0689732501316174 0.509522164971341 0.254228222449006 -0.405223586180182
0.334678698459359 0.239169865645965 -0.105042641673283 -0.362919579494458
0.326830261509999 0.0161617353221708 -0.179872954912074 -0.153403213329833
0.315349812404553 -0.131104518986386 -0.141544584131408 -0.0262033974030825
0.253178712987492 -0.2054162679941 -0.0320428585910758 0.0292073581616479
0.256752167377654 -0.224512481324086 0.0285918343291793 0.0414565876625039
0.29013900487621 -0.0907473810014573 0.0729687396668597 0.0705933251028678
0.324065522528733 0.0370197944913289 0.0631916813412225 0.165329021801602
0.266029750727923 0.316494365514343 -0.0321685430183152 0.223195576979768
0.0138196443856107 0.459826170366237 -0.170996695018965 0.163403255699828
-0.324979843236117 0.326780075103796 -0.212366004162556 0.0862078300385102
-0.555221804574288 0.0997873802700358 -0.0680300410351554 0.0897357658536828
-0.522911084577771 -0.0483298265878276 0.318462828652852 -0.025127883534099
-0.531571427159804 0.103280138337854 0.437551678587582 0.123522398092396
-0.348501376194792 0.420981116303444 0.500491822899898 -0.097191226484472
0.0022526300624636 0.513163957198701 0.334012511338938 -0.309986559657158
0.30601713093317 0.269320865778988 0.0204194211018983 -0.310220543990761
0.320523047413202 0.0334535053383497 -0.0438834658101404 -0.155095491634398
0.311790640255076 -0.113181030419695 -0.0248707943979722 -0.0788966133772903
0.252668731225716 -0.194219688835042 0.0540907970775244 -0.041676370594157
0.250515187065884 -0.21854068252593 0.11741050309726 -0.0292065063396481
0.280217061521091 -0.0973112400547324 0.166104988099455 0.0226482911809638
0.30965946087581 0.0272086468245663 0.148685768062765 0.147099292898749
0.246300239200582 0.29855312848871 0.0353732885913095 0.225374019965631
-0.00397892909368775 0.426466962303481 -0.120999657688863 0.175510379256326
-0.316450674374723 0.278215210800614 -0.15068475388972 0.060127522046011
-0.507864854992678 0.0443194459886486 0.0767171415450609 0.0761260084662536
-0.375349658075262 -0.0868440605733616 0.455254402271357 0.0217617738534917
-0.426411657731052 0.0178978717235621 0.497745170773687 0.147819944610394
-0.318039194551753 0.290783167671529 0.486863370015396 -0.0134735880821526
-0.0443327971234049 0.405495864972888 0.363123448655583 -0.200307940704051
0.227728077405357 0.232046579798098 0.123820687892998 -0.233652359169846
0.257279096337722 0.0326088909553297 0.0777131854577037 -0.142790338900824
0.254789745437475 -0.0845844448255909 0.083653856518986 -0.120914936980168
0.212227958743669 -0.154884150161848 0.129604191185907 -0.106582895488604
0.21216763937705 -0.17750998924774 0.196000350038199 -0.0917034877377679
0.238416103679498 -0.0821765375082994 0.246328225785512 -0.0157451940567525
0.258880789462092 0.0276501878064998 0.218300995834822 0.139047145823691
0.186914557676879 0.260045591144027 0.0797529613112532 0.230049167201755
-0.0372059036151271 0.348126864839199 -0.0883543564293694 0.182872064652062
-0.288189212231867 0.187849207289996 -0.0989861441283838 0.0320338612191039
-0.400866221761637 -0.0289325373491503 0.199755170728822 0.0692648066527959
-0.160928351210433 -0.103484878914276 0.519398164463352 0.0484006841719018
-0.236876486550902 -0.051292236735253 0.507949991857849 0.140021742283231
-0.20731113923269 0.132583320265822 0.437106221949895 0.0354862970753633
-0.0550205541237156 0.232300418247859 0.351949307174001 -0.119566729090692
0.124733634123334 0.145135274743489 0.189822244516618 -0.171147637260495
0.154325634028888 0.0194483294561629 0.160989762057111 -0.132661426619941
0.15504839294905 -0.0480164250426437 0.162201493304653 -0.150006093868283
0.138311985772701 -0.0930929400365846 0.183689669828761 -0.152265855253031
0.14273791755646 -0.109985855246294 0.257284003637328 -0.133649033339254
0.16904912274517 -0.0531035084043482 0.307729011760918 -0.0330714348215231
0.182154699664283 0.0308943420047594 0.269063393516173 0.148600264680799
0.107685548473323 0.197471930797447 0.100636199457014 0.246379173981135
-0.0674384368879591 0.233512997442094 -0.0771304260164178 0.193603525237869
-0.22770332348511 0.0776410930782548 -0.0613622928190965 0.0132255364806604
-0.242098207696242 -0.100601860559733 0.29022557732862 0.0762994204265822
0.0322701770394658 0.0929540425195048 -0.361008729731205 -0.0213698310897678
0.10865265662572 -0.00379996458461678 -0.00851789994995149 0.0537637193656217
0.0683450377382386 -0.081445947632086 0.107692306499077 -0.196008593105286
-0.0288331170835153 -0.0857030890122415 -0.0937366084409806 -0.289631433618853
-0.066323597288247 -0.0166783689109886 -0.308613493793427 -0.191240849772898
-0.0490173464751063 0.010150645324739 -0.384180948794402 0.0140931874259275
-0.0480034147059569 0.00603443536891614 -0.299585009290016 0.162706891114763
-0.0421785257868647 0.00752295466108953 -0.205772947337955 0.196233731557355
-0.0345154301161368 -0.0060766701232516 -0.189950777722645 0.181375586004755
-0.0117445978400051 -0.0240818922951423 -0.198628681793 0.157132176500902
0.0169997505728846 -0.0421262642938703 -0.208869539554727 0.142070274700091
0.0675955264911543 -0.0281396574769662 -0.277202420490554 0.0847115340777529
0.0993659579083036 0.0477069691624173 -0.359216240979281 -0.0291710756464523
0.0413145548625222 0.114944133092581 -0.40842708155219 -0.0540766474522692
-0.0349038668641263 0.129884573954881 -0.478984632220365 0.0122558209656783
-0.163878058268684 0.133382237987757 -0.314700557159477 -0.0593762384666571
-0.0270380976418052 0.112466777477805 0.0249645883697222 0.0418443750423233
0.0429650750499918 0.0878247417215473 0.157851186469399 -0.233293315906848
0.0523382891996782 0.0447872907645597 -0.0605399812144214 -0.352896981061899
0.0563193087154186 0.00691481384055596 -0.324063588081125 -0.241286173069211
0.0541920054323878 -0.0180184891390055 -0.397189589241065 -0.015148644476771
0.0556406899418747 -0.0634824045248831 -0.315519371408586 0.148604535710263
0.0476646624832024 -0.0729975097156342 -0.197982828335488 0.191335105861022
0.0668976296183918 -0.0753174430897765 -0.174082438215709 0.181656736280646
0.101651929018505 -0.0245702573312909 -0.168190980792402 0.157499396072668
0.123328007306629 0.0200661345084179 -0.174999855871922 0.15435225948536
0.10638893008005 0.126260451709632 -0.235455493974412 0.1224679161633
0.0275236138133755 0.200620456149228 -0.324138459801248 0.0256378682815243
-0.122693266415148 0.182043466345442 -0.381246918011853 0.0151579896444417
-0.243707742997722 0.132309815629028 -0.439636389652522 0.053134248094815
-0.348221168915006 0.137255098384907 -0.20944892103606 -0.0874449690178013
-0.197130667523299 0.200591656637706 0.0998788464532577 0.0348830881849208
-0.0232743014360363 0.264396181484409 0.239843996372235 -0.257997067800731
0.114311283741173 0.207982520128748 0.00973847590658042 -0.411401049727113
0.184038247113902 0.0600664979090819 -0.30163796522847 -0.296434683321378
0.164751421392747 -0.0302091964712245 -0.369756745561045 -0.0584621260072162
0.159163596994724 -0.11588066955199 -0.291916198797445 0.107464902377261
0.130607054372256 -0.143997783076189 -0.161435315909504 0.157128816207024
0.148494654958125 -0.144667802152724 -0.123266272352351 0.156806913066393
0.192906303281409 -0.0474910150968844 -0.102030414254157 0.145370369576494
0.219815861763792 0.042496660775703 -0.106871972897638 0.171018863391855
0.178147501944675 0.232530560215962 -0.172689548070126 0.171631412233952
0.0128477335835507 0.333558906550875 -0.276925176043531 0.0905648747332231
-0.228632510024329 0.261975451859649 -0.330028028982925 0.075537255805058
-0.404401211635523 0.145216146939742 -0.340801143527293 0.0887544145423329
-0.485610966877867 0.10419415950763 -0.0539466162919866 -0.0949897219964251
-0.368649870179335 0.237919556158783 0.20748060193557 0.0413488890617124
-0.128426155306811 0.409173535691206 0.339809505790928 -0.251641041509458
0.134049735314498 0.374918207935832 0.111676748201278 -0.436656535457975
0.288793187474052 0.134451175422003 -0.232757816627021 -0.335488572631149
0.259547966860324 -0.0237076930255109 -0.294912187686749 -0.10344819887
0.24444962945226 -0.144814864920805 -0.229247211428186 0.0494704152965429
0.192835268313804 -0.194123603584243 -0.101247417184606 0.100198551822236
0.201760245379958 -0.201693909694173 -0.0495415363813656 0.10686813278273
0.249457381044237 -0.0816233747107085 -0.0157147861224337 0.112539959245205
0.287123992959207 0.0330007556464208 -0.0183327022335208 0.17303795312621
0.247333906758686 0.280641202762655 -0.093665455890442 0.206044853311115
0.0326263652728834 0.415914394847643 -0.21601035445246 0.142622795689886
-0.276686156478145 0.322976320942972 -0.264534706183718 0.101361251149059
-0.498851961908442 0.152460829778054 -0.206208686407778 0.101272397324633
-0.542010072195005 0.0482299237902078 0.13055442303147 -0.0790197901173607
-0.487552182708166 0.21033212346976 0.327310190906578 0.0632291328188768
-0.239801611569584 0.470379158480522 0.429042773917083 -0.201546191109802
0.100980891984409 0.486495759335076 0.221640953032351 -0.404283114444803
0.334687925862591 0.206053478405432 -0.122359090454915 -0.337699642480585
0.312383175948512 -0.00598161615741757 -0.181203343041356 -0.136283173830624
0.29230658840353 -0.148425914520736 -0.136227837187422 -0.015105557963937
0.226570126948276 -0.214353100670658 -0.0263298825232557 0.0290430727717776
0.22578744436567 -0.231137986603536 0.0314353048990617 0.038042705318098
0.271627938722723 -0.107991285608093 0.07505588090227 0.0626933272870757
0.312165581337721 0.0138583336990755 0.07199523570253 0.155604614210158
0.278407062516406 0.286089877484733 -0.015340085899933 0.216371312914263
0.0452374891830182 0.437443981123199 -0.155490718199376 0.168812706121624
-0.287736821961536 0.333581650522092 -0.197883394306945 0.0932620562113685
-0.522008206526697 0.131464973538412 -0.0586722563217631 0.0889063480491556
-0.498896128792444 -0.0138546404801582 0.306476200218436 -0.0434074436099492
-0.503813663612341 0.132182514200454 0.425884674539286 0.0927560611926717
-0.306817486935063 0.422633570174268 0.473562454934052 -0.11849836663561
0.034168306506586 0.492988805555258 0.304935692086081 -0.317451435960842
0.309410336455382 0.235984301998112 0.00025280884796793 -0.294784597299742
0.307093371620782 0.00981565489961049 -0.0508716368769696 -0.147318579382705
0.289919126138871 -0.131525447810106 -0.0288420750321166 -0.0743937472283909
0.226742475854063 -0.203784439287809 0.0497868417653661 -0.0441807490488686
0.219672822231526 -0.225283447283338 0.110240579177381 -0.0341777047810757
0.260200025714494 -0.112981256688133 0.159053647263823 0.00974239264618924
0.296497642978798 0.00620454088772351 0.152820377293901 0.132095880554413
0.256732148406019 0.269622045900568 0.0483073475865985 0.215406073886254
0.0259026637524211 0.405946274837725 -0.106075591430025 0.177519338662961
-0.28280309725321 0.285668596083872 -0.141138402978211 0.0652970370873206
-0.481370305048362 0.0765603644259653 0.0784744757213593 0.0684030829238274
-0.362213650148845 -0.0592935351548662 0.439496605940028 -0.00554794153372903
-0.407833401114552 0.0423959882400638 0.484307520678714 0.113864206048667
-0.286632793526005 0.296004653583559 0.464962895260453 -0.0377734220910099
-0.0157170241353716 0.3928469781152 0.337592612683429 -0.215725889614817
0.231500975030946 0.205772254350147 0.104029202568131 -0.229351825097846
0.245373899589723 0.0142020870922807 0.0666148088016477 -0.144877112596014
0.237375259445178 -0.0998340710110111 0.070950645894518 -0.122799805819339
0.190971082913488 -0.162710049789455 0.116640734441446 -0.109088144372003
0.186978089386717 -0.182944008736154 0.179748479649034 -0.0992832712289737
0.221749850593552 -0.0949319098746499 0.23214926113567 -0.0327610595314301
0.247988883497013 0.0100757872152735 0.218907551044533 0.119156481583485
0.196539920509753 0.236812806118719 0.090495985580324 0.216046810232895
-0.0122645038144469 0.333071690429387 -0.0746450136274356 0.181933944444821
-0.261470099635471 0.197621771525507 -0.0936748826353826 0.0356689032268805
-0.383816372033252 -0.000459287051879195 0.195114493046313 0.0532518659634949
-0.159327629358069 -0.0884025169611782 0.502467151336608 0.0164108411974577
-0.231388727834907 -0.0335736549559263 0.49498983623592 0.10521696241094
-0.190252723928373 0.139245482109151 0.420657562537909 0.0109859069130792
-0.0379353692865993 0.2268403339903 0.330215568491519 -0.136176191151017
0.127627057162445 0.129533602098813 0.170875300164781 -0.175166400680846
0.145205148521351 0.00795306005787361 0.14600156568741 -0.140349574016648
0.144519961829179 -0.0560644063246739 0.144068684659661 -0.155331118791073
0.125066660428412 -0.0984211135903267 0.164613692999042 -0.155892529360496
0.126649009411441 -0.115061253262803 0.233904889965385 -0.143357260107513
0.157378577873845 -0.0622518002783636 0.288058842428408 -0.0514812059972887
0.173809697601952 0.0179359575931351 0.26637748290406 0.124852838625093
0.116690360323454 0.182024898715132 0.112055058442458 0.230404598134267
-0.0487227941250912 0.225656946654898 -0.0624937936874107 0.191431101377438
-0.211128345595334 0.0879719074656777 -0.0590289899842237 0.0161837052203743
-0.237102666222653 -0.079005996783149 0.281327327830708 0.0545144928259035
0.032986174055866 0.0877866060987713 -0.345804338919656 -0.00674187386084439
0.103029773461806 -0.00679690379708743 -0.00628118652506291 0.0523183062173579
0.0636272901211403 -0.078048822522601 0.0978713277791323 -0.194168648637136
-0.0299747536846814 -0.0804314384291738 -0.0992467613896114 -0.275166642434761
-0.0619861064491113 -0.0133154125443489 -0.303036724434542 -0.171505406048245
-0.0455749095341968 0.0126481551211746 -0.367454755721307 0.032225151765779
-0.0458046859720049 0.00806317896089739 -0.280191403065874 0.169221613711849
-0.0398470676457018 0.00892221821235355 -0.188038088613265 0.194649649538673
-0.032852936563459 -0.00454775437311191 -0.172757018530443 0.182597163364031
-0.0115712643553198 -0.0234663428925741 -0.183273078538657 0.161903548097658
0.0144645131124167 -0.0420402243451569 -0.195613363726592 0.144931742046772
0.0638865487088908 -0.0286634169911994 -0.263258174414765 0.0890540653303873
0.0973457245707027 0.0423339224083785 -0.347664615092886 -0.016934572606852
0.0416562257266647 0.106483720207189 -0.393551732911475 -0.0398083295087486
-0.0307871596415603 0.124324200235493 -0.46043002511648 0.0258883394814102
-0.153100682563114 0.134425969164694 -0.302020266543507 -0.0463091907064421
-0.0225994544751532 0.109770451656944 0.0262499417996787 0.0395059042235755
0.0452154667838394 0.0848404367274809 0.144760779531793 -0.230431394621271
0.0532461115752247 0.0426147378043396 -0.0684724649715403 -0.337334877590191
0.0556345605156832 0.00527168317812256 -0.318828287918951 -0.217998383993562
0.0528513076885379 -0.0192595959609669 -0.382238728343963 0.00451195447081413
0.0498161019614502 -0.0641147567609661 -0.294393127524535 0.156854796792299
0.0426862929064368 -0.0733842492201376 -0.180767828035044 0.189070110561454
0.0604249702218721 -0.0748041908710078 -0.156437949539364 0.182612362693419
0.0972686050157622 -0.0290174779280229 -0.153951634697603 0.159790088402626
0.118961842933854 0.0135286411243805 -0.161564300821441 0.155991921530712
0.108675831130855 0.118230354019726 -0.222171584193628 0.124297479994117
0.0338558696275957 0.191535858706638 -0.312493020043664 0.0347464977801453
-0.112706304043893 0.177023543965689 -0.366090330858088 0.0258961154371004
-0.229290197036992 0.134189036156955 -0.420973541355757 0.0645554970377648
-0.328499768780461 0.144605026196393 -0.201581838525621 -0.0781353790169667
-0.18297842168268 0.20093827592189 0.0973798145549667 0.0301625893137457
-0.0132737282849975 0.257056175517913 0.223908408990617 -0.256357717672222
0.119434766873671 0.199147139940578 -0.00305958368139567 -0.397669162554549
0.180232528817582 0.0505713917180671 -0.299559408564404 -0.270702940279837
0.158378529884551 -0.0355220888839665 -0.357774690486974 -0.0397209202549421
0.14684189342285 -0.119553672911697 -0.273357024130106 0.1168786210795
0.118379508510393 -0.14485595070699 -0.146094982271297 0.15476321803946
0.134794003059486 -0.144324901092635 -0.108136345982817 0.156294261339164
0.183776756699672 -0.0545535427717762 -0.0910420964432168 0.145483239797609
0.212773243153664 0.0308630032032953 -0.095608963084417 0.170396113647696
0.182925995011083 0.217136497286131 -0.158880935535621 0.170229220596354
0.0253605040300533 0.318798969900381 -0.264371813060556 0.0970411864943078
-0.210261294035163 0.258097173861065 -0.314453390791722 0.0809366854418007
-0.383542022071926 0.153455543916037 -0.324550104532985 0.0956456781538804
-0.461042962053766 0.117919108408673 -0.0524221429228518 -0.0914171114246882
-0.34589615834811 0.24307698197548 0.201139600366025 0.0324559008264158
-0.107983506583156 0.398125029858248 0.321080103759792 -0.252552998175758
0.144777132378792 0.358845983455255 0.0954969188027689 -0.425025423190593
0.282566854490306 0.117620774302339 -0.234561230430077 -0.311326485238532
0.24929458698258 -0.0326718312048194 -0.287700286832338 -0.0878957857826435
0.226999422974891 -0.151714700582915 -0.21633203030457 0.0581714956970318
0.176114519554268 -0.195849677720941 -0.091085622544621 0.0977005555426337
0.182883843620222 -0.201987837633267 -0.0406579384803253 0.104859790819625
0.237105377255038 -0.0897851779191056 -0.0102929755219472 0.109574432512604
0.275926078849546 0.019057171117916 -0.0102212982591441 0.168517178041992
0.251423999597972 0.260164000529159 -0.0814400339082255 0.201456486946853
0.0477097762340168 0.396916825992761 -0.203522609870635 0.145498962024678
-0.252815435543702 0.319567228539153 -0.250638841856929 0.105151002513536
-0.472908704944286 0.163450475504681 -0.194229400343637 0.103068417481357
-0.516795724429954 0.063862816376869 0.125542224768012 -0.0816086266744942
-0.461932002371766 0.219406787833711 0.316226950383478 0.04969198397398
-0.214282287783102 0.459017438284216 0.407468186230864 -0.204497391143285
0.115423334894369 0.46645367844708 0.202029878855721 -0.396864616946671
0.328889147462056 0.18324030983976 -0.128192650541266 -0.31589368121939
0.299903929665768 -0.0179793455270426 -0.179002555462768 -0.12484848259058
0.273647876040746 -0.158443912519814 -0.130267255132855 -0.00770839390143669
0.207259595086138 -0.217537063247933 -0.0235425549556245 0.0269289300459311
0.204378807658297 -0.230741108012661 0.032994113757433 0.035909991021675
0.256469190616144 -0.11548189805219 0.0737460803596266 0.0576866344663793
0.298974466642902 0.000388411896956946 0.0771794649754475 0.147893225239957
0.28116120963676 0.263833589599733 -0.00515051517198669 0.209762851530971
0.060859492218671 0.416977754132081 -0.144121427529786 0.168795394293693
-0.2633036041166 0.328792631838426 -0.188570634840669 0.0952378870318176
-0.495626685692609 0.146008544124352 -0.0527628715488151 0.0867770707204869
-0.477555994671762 0.00543208658947587 0.295306932859729 -0.0534252355221076
-0.48092582199117 0.145180241010115 0.412686585831391 0.0749848200673606
-0.280808655911621 0.417244987689456 0.452839362059007 -0.126300354031058
0.0536372615107184 0.474869667906214 0.284062265354193 -0.317121007055449
0.306014806960847 0.213004045568516 -0.00995133755340769 -0.281005012795057
0.293849999505578 -0.00243030904019756 -0.0529744970050314 -0.142515764973465
0.272500168997076 -0.141078411749828 -0.0302482790582072 -0.0700012096126652
0.208020581441989 -0.207043381175528 0.0460187509230063 -0.0455118474253122
0.198455755399716 -0.224669270428276 0.104508936593988 -0.0368828608764517
0.245298087452184 -0.119577588745003 0.151572032996407 0.00204007991395533
0.283096904036049 -0.00668409852008316 0.152767142156345 0.122016487161266
0.259413121984706 0.248642265914915 0.0553535538756915 0.206026655940779
0.0417000626441483 0.386872052004303 -0.0961732136119135 0.175641084013302
-0.258818470772844 0.283485843446933 -0.134516320455279 0.0671164796679657
-0.456749112236287 0.0924630930469382 0.0786203099306269 0.061652575086816
-0.348633316605444 -0.0449162430673192 0.42359907722714 -0.0195475257779669
-0.391012087027026 0.055874582092035 0.468909998604201 0.0931105684940129
-0.265275726663385 0.294129284487851 0.447709906409054 -0.048422164209967
0.000688202724088035 0.380070325998999 0.318783371095928 -0.21979393074284
0.229429129973374 0.186514359891591 0.0921328581575769 -0.222531957189755
0.233697588521548 0.00379998654508099 0.0590923264961122 -0.144062561304692
0.222921665209302 -0.106899406418722 0.0627717453645234 -0.121177821707895
0.174981741997159 -0.165871535313282 0.107103572210963 -0.109222687069549
0.168826132212538 -0.182364899603955 0.16722852699345 -0.101893428559205
0.208289617914018 -0.10111387380149 0.21896073295175 -0.0411523945202762
0.237196122192801 -0.00024512441317267 0.214283515535899 0.106657656175772
0.199577434009272 0.219362560620272 0.0963958738986907 0.205908228236718
0.00234212216710651 0.318551837565568 -0.0653555163999742 0.178308526723666
-0.241324675381713 0.198266284461572 -0.0899868023120489 0.037638427673015
-0.36653512658799 0.0150436402543759 0.189653924405429 0.0434101431261875
-0.154658789505897 -0.0793431070622698 0.485141649705395 0.000194217813297546
-0.223609751141164 -0.0249307872767422 0.478643109840877 0.0858735044135121
-0.177366944399617 0.139131868065726 0.404971381474169 -0.000617252212528155
-0.0269599023863009 0.219421605416213 0.313126872517062 -0.144068761625508
0.126197567784888 0.118127488602896 0.15866487514742 -0.173957543324551
0.137225421316989 0.00273108891988714 0.135787916887598 -0.143498974734124
0.135476278417494 -0.060243223669262 0.130520535371682 -0.155895205089034
0.115386051954472 -0.100315654588151 0.150413788994631 -0.154836825030165
0.115538074522226 -0.114507558021229 0.217041371053328 -0.145944243649916
0.14749635375994 -0.0665059957595307 0.271241846445973 -0.0618881941877878
0.167643607185394 0.0102257266993755 0.26038929272206 0.110034328152005
0.1203291275264 0.169585255959749 0.115697946696844 0.21855829767529
-0.0381713682952924 0.216712609665773 -0.0535988980545887 0.187019958272702
-0.196863579389742 0.0909636448704493 -0.0571703661522568 0.0169404747962131
-0.229656736159312 -0.0657417622996612 0.271802048792879 0.0409157589409123
0.0321086681174314 0.0856100826481977 -0.336749252987341 0.00107131764417291
0.0997351804348496 -0.00843255329591369 -0.00509990235738241 0.0527945432657854
0.0616146349519742 -0.0756772266883602 0.092596247307272 -0.193244352882124
-0.0304532287878175 -0.0776439336538845 -0.101892100231645 -0.268761567571308
-0.0589445147963916 -0.011929177025426 -0.299612710151788 -0.159908946146184
-0.0427700274135066 0.0138521398574515 -0.357257787889002 0.0440671443793358
-0.0450446251171577 0.00888383274028475 -0.267514401195624 0.173015250226195
-0.0386910114547098 0.00859325494843072 -0.178681345528331 0.193904203132378
-0.0312937763348136 -0.00382508515900999 -0.161303764003877 0.183719974556669
-0.0115398719842217 -0.0229808173959349 -0.174637177211407 0.166102879146077
0.0132639489616739 -0.0421858984211341 -0.188202302086314 0.146133590196351
0.0620812021680878 -0.0285082206294953 -0.256675310637242 0.0902455042276295
0.0957836053560516 0.039168096521434 -0.34308898755731 -0.0100408659145254
0.0399566679509868 0.100825166383333 -0.384746849578772 -0.0328310695529938
-0.0288554438196853 0.120498137341033 -0.453480640116441 0.0325589357285205
-0.147670586461527 0.134402140894501 -0.294987270228105 -0.0395403280634275
-0.0199529018265272 0.108855421041189 0.0261295249519845 0.0393852106355557
0.0475689351286883 0.0836070688658021 0.139293503312919 -0.228957548983631
0.0550615877197108 0.0420510919852098 -0.0733988597902886 -0.330792714935484
0.0560700544105123 0.00308353269135184 -0.316029059941601 -0.204429125539777
0.0534822866455641 -0.0197092627024734 -0.372562635154569 0.0170232113419529
0.0460924631193674 -0.0651536615524503 -0.280960992030497 0.161598626897514
0.039540843339817 -0.0744851140444312 -0.170694263284635 0.18751877277351
0.0570033014785821 -0.074780788365269 -0.144802537910904 0.183233587408086
0.0950740318752335 -0.0318877527868559 -0.145840844988156 0.163099812077694
0.116253230261949 0.00937354198291151 -0.153454617272687 0.157225320190291
0.110514980787599 0.113904640353065 -0.214113403304996 0.124526896495838
0.0370975059390661 0.186844429748928 -0.307312330712841 0.0404270150413262
-0.108713102555328 0.173787235589855 -0.356385483557322 0.0305705683399808
-0.222952277335857 0.135626954066685 -0.41090198245718 0.0701788917523731
-0.318481276626151 0.147622469631509 -0.197216787105668 -0.0733269485648796
-0.174912706532027 0.200811890584892 0.0951678276328212 0.0286207793616144
-0.00660656284981044 0.252668617658289 0.215971674203974 -0.255138877507618
0.123824008493785 0.19492659262966 -0.00929905324533516 -0.391078112331941
0.178623453265508 0.0448338832592191 -0.297094113679707 -0.25651035419916
0.155912048324144 -0.0381025125184565 -0.350243751852805 -0.0282502456167447
0.138914946651052 -0.122976521139355 -0.261816347973361 0.12294109244293
0.110600682756495 -0.146911498139184 -0.13803178909299 0.152646768740619
0.126190143238956 -0.144762029340824 -0.0978435686461046 0.155730890968867
0.179433487525433 -0.0593854714944599 -0.084731860270493 0.146195242237579
0.208717322028883 0.0239687389698877 -0.0880637325202959 0.169510429823477
0.186117630891914 0.208132288499671 -0.151352436715518 0.169199526821422
0.0334653312120152 0.311519978257662 -0.258068479902261 0.0997987201542906
-0.20157756822116 0.256349927530963 -0.305854373765534 0.0840000876539411
-0.372309155783874 0.157766930225303 -0.315951604766112 0.0987171724336027
-0.4490055894487 0.124245707569927 -0.0512252400393807 -0.0894282777994402
-0.33387597951246 0.245113318806807 0.196358612402681 0.0285683394261386
-0.0977343567408813 0.39241597223871 0.311313640052288 -0.251834436556498
0.154111581259126 0.350655883616187 0.0861594951245724 -0.421179267228668
0.279670143486418 0.107668441792976 -0.233984849174893 -0.296744578391299
0.244143090639038 -0.0383864594005154 -0.28340383271442 -0.078617821402626
0.216504987486561 -0.156981378692658 -0.207339569430174 0.0638311502033351
0.165063446539618 -0.198440058337458 -0.0856370631744865 0.0951917198149752
0.171174163586222 -0.201333322938277 -0.0342947099340995 0.103605093999508
0.229857124460641 -0.0951366330957512 -0.00718862310655755 0.108241495057342
0.270789373342597 0.0108167738011963 -0.00441285157384414 0.1659436582614
0.255274035858763 0.249281039287638 -0.0734958108858244 0.198589456679725
0.0574593518350822 0.387795690797761 -0.197619235131351 0.14618824343226
-0.240358619975451 0.316982285493548 -0.244197052554064 0.106851699159106
-0.458215195541318 0.17098327477451 -0.186888660460692 0.103737000971822
-0.503375817948709 0.0744943484766753 0.123062136458126 -0.0836040152986826
-0.447986024167818 0.22511695150511 0.309490874184345 0.0422599702717611
-0.199560413147911 0.454414340010029 0.397712932487862 -0.206558595510662
0.127886266615752 0.45756254575189 0.191661237548917 -0.396058059315854
0.32621184158268 0.169890604632019 -0.13059411597176 -0.303921391841317
0.293338748625488 -0.0252112438760381 -0.177821349461722 -0.118839374741099
0.261638926843625 -0.163950867476064 -0.12520059921354 -0.00353864607533395
0.195128884616909 -0.220699868716586 -0.0214793024131119 0.0246854370139937
0.190004667645469 -0.229660322479357 0.0356337348043142 0.0341298159257234
0.247028675864553 -0.121073613182049 0.0733152879788546 0.0546399360374994
0.291436765182417 -0.00736308074413034 0.0800935574932595 0.144242967142254
0.284890958656317 0.25058970088341 0.000893697743376023 0.205994017707115
0.0703400842539001 0.404666466360435 -0.138561708352711 0.168666010147779
-0.24864268123278 0.326547908011768 -0.1827006564387 0.0963573772028406
-0.480819736154499 0.154816682794475 -0.0490365857480206 0.0852320078645867
-0.466058796513929 0.0143109953812318 0.289743818617331 -0.0582414538840563
-0.467017070012332 0.151699099030039 0.404915281307748 0.0658000883829267
-0.266370795725074 0.414130872001034 0.443553703503466 -0.130375872900392
0.0681814696917603 0.466405231417535 0.272690580135817 -0.319380611151778
0.303962545297882 0.199543291595707 -0.0131457565897908 -0.272401104074206
0.286826111435948 -0.00913427237671795 -0.055079080707564 -0.140046725558266
0.261139397140142 -0.147555171767187 -0.0305237355814742 -0.0670341230148401
0.195737951708297 -0.209513105618816 0.0439389005103314 -0.0463638521460442
0.184595615045357 -0.223587962347355 0.101851001383786 -0.0386187839981524
0.235480352172587 -0.124770911237952 0.146493945797314 -0.00142222356285093
0.275683083509869 -0.0131608747450982 0.153660670643244 0.117046017553355
0.262590263053114 0.236040608724803 0.0600834152730298 0.200909105042413
0.0502470512388474 0.375551966620483 -0.0915978896774475 0.174704009739166
-0.244908846132139 0.28265691544571 -0.130627224933704 0.0678087522473936
-0.443299448724004 0.103134650612662 0.0787099320530963 0.0573536987920091
-0.341002932627493 -0.0365950902890606 0.415687461669413 -0.0277737984516034
-0.382084028515296 0.063233986316242 0.460241679382715 0.0818499218470957
-0.252644280797181 0.29246607418404 0.43791161981616 -0.0538633151975434
0.0119616124401497 0.37389828150883 0.308039061773735 -0.22359641946222
0.228783974442492 0.175563810996407 0.0864232627496943 -0.218365325425008
0.227428054017652 -0.000893480156907638 0.0547829821340408 -0.145786209805908
0.2136662757393 -0.11149229738923 0.0582183283613936 -0.11998084775776
0.166390601833859 -0.167421188617319 0.101758150890205 -0.109463532148835
0.157920209734819 -0.181818239165721 0.159968688453523 -0.102859651844563
0.199916526090941 -0.105413319983819 0.210171441093814 -0.0453494737097247
0.231105238307939 -0.00610413081123499 0.21310953426642 0.0997046125836169
0.202818170883854 0.209328652280081 0.0996357908651494 0.200148159126643
0.0101173396595741 0.310011374670808 -0.0610912414798621 0.176646945252703
-0.228828165688788 0.197622326689809 -0.088866613334798 0.038035486017035
-0.357101488198563 0.0248638731549994 0.186633647205267 0.0370937287896168
-0.152425831138852 -0.0750581786381705 0.476524208931521 -0.00824463427962602
-0.21917561002585 -0.0187277085609691 0.470356444760641 0.0720129564030428
-0.170414497114674 0.139632280690706 0.397582990477606 -0.00588688620397614
-0.0195987026817512 0.216172895888428 0.304161436210196 -0.148581760089162
0.125788726402969 0.11170212758644 0.15135363114414 -0.173021723343361
0.131561575331541 0.000680111371124963 0.12973546056941 -0.147047219512843
0.129962685119513 -0.0622414576543423 0.122308904490044 -0.156626028232855
0.109784253696205 -0.101285885581828 0.142186591380301 -0.154528329562484
0.108268147795034 -0.113863526768361 0.20621424773146 -0.147107150114497
0.141824404506762 -0.0693732599702114 0.260304694586121 -0.0674858206086692
0.162861948089883 0.00648388120922226 0.257226106047927 0.102386936832122
0.123295818861944 0.163206497726098 0.118159939903859 0.212039277011653
-0.0318930492637239 0.211679279421195 -0.049236640972942 0.184816098562439
-0.188339762485497 0.0914457251999902 -0.0576490697509312 0.0171616827883298
-0.224606595904253 -0.0577975382885735 0.266444847108366 0.0327945857344441
0.0327603612421315 0.0858316575443543 -0.335718782485604 0.00935570430462019
0.0981770682697348 -0.010446321293596 -0.0032617777931319 0.0559045834814739
0.0614532697342801 -0.0764023567808428 0.0890647803277779 -0.196557158036797
-0.0319694940855594 -0.0761816953710668 -0.107689294192524 -0.267150616436896
-0.0572272319280706 -0.0106381940546765 -0.303946941417998 -0.151531137342851
-0.0402920919791317 0.0150913582332136 -0.355013769268032 0.0581819843622791
-0.0444949011838146 0.0106315315441235 -0.261639627816813 0.181799351169161
-0.0380742754067372 0.0090235409276639 -0.172947869200112 0.198937099711517
-0.0307551229395021 -0.00369874696890853 -0.154057652531376 0.189294337022592
-0.0119867598431257 -0.0235718769825486 -0.16806241569736 0.174958980656113
0.0122235015944417 -0.0427649347145494 -0.184253304384662 0.151041148971138
0.0611913941052374 -0.0292587741591732 -0.256499104440268 0.0948483541050193
0.0966163769635326 0.0362115343866374 -0.346202415521307 -0.00180861326225921
0.0389526890614657 0.0989548063861757 -0.383946160661696 -0.0252547799564739
-0.0274312990685236 0.121123952956689 -0.454659293723448 0.0415896007556786
-0.14568526370778 0.138781272664767 -0.295465660476613 -0.0337944494706716
-0.0180825307446789 0.110323592552068 0.026878174638362 0.0407742302248809
0.0510555339568778 0.0843170479103329 0.135490387827272 -0.233405248964965
0.0577028654923025 0.042096907518544 -0.0794892034354286 -0.331682510661535
0.0574871747322727 0.00136395839658813 -0.320326543774576 -0.195479815466061
0.0546421044409353 -0.0214197873118309 -0.371010112058373 0.0306043159778332
0.0429188902232592 -0.0670614978523682 -0.273768748512273 0.170879875769066
0.0360557745924764 -0.0768344051918786 -0.164398609716755 0.190753342340842
0.0543285115669738 -0.0771253701498959 -0.136794970846371 0.187865145299644
0.0952203505033308 -0.0360941101146273 -0.139325090639351 0.170048548046021
0.117042210527999 0.00506898925845879 -0.149511798402623 0.162117753274085
0.115588495786901 0.111734958163045 -0.21195113213832 0.127870119114138
0.0428329969981847 0.186276429435634 -0.309085140552208 0.0473297607500978
-0.107616365354448 0.175977728767828 -0.354934033966652 0.0373824830717965
-0.22177741119623 0.141435676814153 -0.411678851898849 0.0783314468570602
-0.315775450441184 0.156007554554814 -0.198625016870774 -0.0706790737641545
-0.170942246125335 0.20612317212891 0.0960770962926881 0.0284956108320289
0.00101540459410368 0.254809449509233 0.213047441705647 -0.260704503088995
0.132708540225777 0.193512229581844 -0.0179134312243105 -0.394785315341223
0.180964725693076 0.0394868163322257 -0.302199186306661 -0.247561147331354
0.156747405664513 -0.0432546256592193 -0.35102371309655 -0.01617663675494
0.134218081096245 -0.128189653175248 -0.254779629260117 0.131156093856971
0.104373399078616 -0.152858469972989 -0.133113251930096 0.155009363468905
0.121322444366393 -0.149227715658623 -0.0905100017769018 0.158356045937191
0.178907609906274 -0.0660857069954751 -0.0790608154031173 0.150823559837224
0.209394103303786 0.0174150323135393 -0.0819843805652759 0.173735585504909
0.195171227240735 0.203718024477471 -0.147091193872886 0.172964924347087
0.0419627436536471 0.311467710151478 -0.258944588145163 0.106113847407456
-0.197286557914722 0.260617720867079 -0.304527890949403 0.0906508505006897
-0.369953338891267 0.16761184571181 -0.314949147138848 0.105546031221924
-0.444443563785077 0.135187809371958 -0.0531684419715305 -0.0903300649444714
-0.328029124531636 0.254585951082549 0.196583454132335 0.0248648504963147
-0.0868020986815208 0.397498695640398 0.308809029091389 -0.259278427428859
0.166895986362056 0.350059084799167 0.0779118363322147 -0.427290505697143
0.283708044177117 0.0997808556784443 -0.239439461826501 -0.289842793495715
0.2452946161507 -0.0460838822914322 -0.285328873955963 -0.0700951946125043
0.210294974087169 -0.164982102670324 -0.202128456918751 0.0701949791670148
0.157299924310179 -0.206018584693382 -0.0824574643399963 0.0954413486444854
0.163606254665217 -0.205832464551071 -0.0285763841938013 0.103979037834977
0.227967933698385 -0.103385879817849 -0.00358031371027825 0.110100116794185
0.270992110784564 0.00310227726720807 0.00155793671181856 0.167594466155522
0.265361146130176 0.24218926144948 -0.0684977097286905 0.200545564236995
0.0684586388512974 0.38609703379066 -0.19693287289904 0.151800708730748
-0.234011975076311 0.322948565821968 -0.241813780084354 0.111942317234899
-0.454906310231919 0.183567878499504 -0.184757609042577 0.107510841444676
-0.501342041132571 0.0863449629669506 0.121612156801728 -0.0879709430182345
-0.442897288890185 0.236659843255269 0.309403584267556 0.0360772136162855
-0.188610582027855 0.461621351504053 0.395940624970628 -0.215419590249854
0.143953898844242 0.457062057728235 0.184065682589351 -0.405014573670556
0.331251790703124 0.16049471082678 -0.136266469921868 -0.299542916061226
0.293916416398082 -0.0326883471581635 -0.180635709703441 -0.115232296289555
0.255068380585221 -0.174377754626137 -0.122567042322858 0.000707198162342489
0.186342013524659 -0.229081326726871 -0.0210065007158103 0.0234063696545651
0.181022720077152 -0.234313367232811 0.0383546695476401 0.0326573742400977
0.243407096163865 -0.129796053036008 0.0747321781398253 0.0536594384637361
0.291212274355542 -0.0171178554889142 0.0856510416354616 0.14327920407994
0.296083456677871 0.242418663496056 0.00755863109303027 0.207007809866998
0.0829081306980034 0.403914473579059 -0.13649121968232 0.173633004260889
-0.240049361498623 0.333523185245883 -0.181399538771255 0.10048392637244
-0.477103682161157 0.16941440444069 -0.0468238398582325 0.0851429165633377
-0.465938424013529 0.0251195217455844 0.289230199078762 -0.0660981144394634
-0.465016575618066 0.164945833482436 0.405642538935456 0.0565971348562251
-0.254906759546974 0.421934568093351 0.44324959259144 -0.139380613893523
0.0830880564046508 0.468376671275783 0.266371211492634 -0.329375003862857
0.309629256230655 0.189508259655434 -0.0188156643860034 -0.271197139556033
0.286540998774522 -0.0172960107674626 -0.0591246057365333 -0.140747067656904
0.255066107977119 -0.157247311716109 -0.0311693716667109 -0.0662712924079545
0.187958715503051 -0.217335807592387 0.0425526200161677 -0.0495493333570199
0.176039603432458 -0.227462517823629 0.101565298226227 -0.0417941959902492
0.231239016961609 -0.132950774240125 0.145282535820914 -0.0051094316349336
0.275039711103441 -0.0216155363667902 0.15799366582924 0.114246160574403
0.27233549405464 0.228556984164264 0.0670353226896719 0.200287531994427
0.0613873791349418 0.374508377089694 -0.0880898800257804 0.178018497361889
-0.236104325158191 0.287214893505308 -0.130924947436497 0.0704375686127393
-0.440847251676639 0.116005591728977 0.0810330684865351 0.0543360873347839
-0.342230105508807 -0.0286377327996613 0.417151127818115 -0.0372831500076025
-0.380893620424128 0.0730453777718837 0.462112988243229 0.0711014397011982
-0.246252086173465 0.300423158733406 0.439071496758499 -0.0620524108822071
0.0247852031080043 0.374186083358389 0.302737720013625 -0.233620056076752
0.233626562741764 0.168633039520053 0.082434154091527 -0.220505234682115
0.226688328641753 -0.00643173899048049 0.0507150355194237 -0.150951355560741
0.208850673782013 -0.119888002307835 0.0549859772737767 -0.121861757436391
0.159337953375573 -0.174675508450792 0.0979317794868828 -0.113200964770437
0.150125047035282 -0.185212432823382 0.156471534710353 -0.106865761941331
0.196114239405007 -0.111339213733457 0.206483696086464 -0.0515020299469058
0.230051328659856 -0.0124724345752745 0.216364614838746 0.0948926641648882
0.21052457782099 0.202927320966974 0.105867137982115 0.198035462088356
0.019627224862659 0.308957928036553 -0.0579811282347806 0.179218387336098
-0.222265444442382 0.201327876493787 -0.0898008456256532 0.0395566543488406
-0.356648073223779 0.0364742812728284 0.188749990762085 0.0315876678313577
-0.155101014985852 -0.0718944397427058 0.477707601637497 -0.0172326411363268
-0.220064987256762 -0.0130484647805407 0.471690841649955 0.0643723408659699
-0.166453531608396 0.143521907105739 0.398558964537591 -0.0133005700674685
-0.0127828371577606 0.217132182441905 0.300382043731352 -0.157547092986207
0.127846831643573 0.10626746554036 0.147027402746427 -0.177957526985285
0.130563699273102 -0.00191713478706293 0.124922706709744 -0.154387550673753
0.127363499112442 -0.0664605953234683 0.116284302106769 -0.160747858985884
0.105756702936901 -0.10605512671971 0.137472251788801 -0.157446217784769
0.104116413215017 -0.116040358206569 0.200872461558861 -0.152000134211447
0.139193165701346 -0.073574319282172 0.255661854348775 -0.0745308806849141
0.162014922342085 0.00128896923450229 0.260217641687175 0.0961820107743404
0.129138237764523 0.15955444566096 0.124093829403232 0.210144863754149
-0.0258555130261306 0.211366657586831 -0.0458936187944731 0.187137675185151
-0.184213414175728 0.0947230146279945 -0.0590299551830861 0.017722347151394
-0.226266616555273 -0.0502514713428914 0.266419377885796 0.0256026492132949
0.0408571386352818 0.0861499921536355 -0.342077690608288 0.038175399609708
0.0946665972105775 -0.0213114897080975 0.00347898779923254 0.0649338305163108
0.0495630951166427 -0.0862302972114749 0.0776010988421439 -0.200100330420877
-0.0459159242410277 -0.0720745771904151 -0.124848167677847 -0.260619830967194
-0.0619131599608693 -0.00160075935730533 -0.319199082839404 -0.124634995977967
-0.0391131945687147 0.0242415516742669 -0.346923283732197 0.0942483463148519
-0.0439669789933185 0.0195371010399503 -0.23780185006412 0.208328783854686
-0.0368166711352423 0.014473751073568 -0.151269092434801 0.217406900329534
-0.0311744587317073 -0.000190997134536144 -0.135739838222587 0.211316512500194
-0.0152540730237696 -0.0244220063963039 -0.152422955372466 0.199470081744617
0.00407989188670587 -0.0467732151203264 -0.174116269808433 0.175312027182014
0.0586765092656845 -0.0411324364291249 -0.259506239044973 0.124039660453771
0.102934874461245 0.0188431954564196 -0.363448021545567 0.0316261553236062
0.0502274523124852 0.0905795103623124 -0.397619062903285 0.00248191865869939
-0.0182145104562012 0.121017127627135 -0.45958497426735 0.0721107528808667
-0.127029674920495 0.160967109590805 -0.30756363815949 -0.0222164188517607
-0.00343781218374021 0.111537809819978 0.025087198804121 0.0401010732960799
0.0614754925996836 0.074391934814625 0.107628547243419 -0.244116323709021
0.0617726172026285 0.0303881490690835 -0.11494373399333 -0.32233661050217
0.0515672011883628 -0.00425608813631588 -0.339920244414218 -0.15932151785149
0.0502616383234574 -0.0228343034566525 -0.365418183212564 0.0729392774674298
0.0316516667328872 -0.0714280720218901 -0.25039049393555 0.207124142131657
0.026758718675057 -0.0796893809444 -0.142251209854057 0.208025308808176
0.0433420671367601 -0.0839977071471372 -0.117264325938144 0.207139908007177
0.09028039984626 -0.0501955579005067 -0.125224548181542 0.194273624705125
0.115183754263814 -0.0119774168636598 -0.137768423846748 0.184368353112868
0.131313654269745 0.0933121250697142 -0.214141482715872 0.151230954868108
0.0656474767939546 0.175867650176406 -0.320796049711324 0.0711934067314243
-0.092229400345619 0.185204478113488 -0.351915689317153 0.0648617011182768
-0.216637020479427 0.162589889092913 -0.400634773198227 0.112609232815878
-0.290710999237989 0.198815841167573 -0.213956817774443 -0.080069574916986
-0.140836663698028 0.224175769613803 0.0868183187941016 0.0112055939975476
0.0350943982866277 0.248565822428113 0.168579169824644 -0.283287467986692
0.158177668317725 0.168707107679042 -0.0716395715422999 -0.388989226838127
0.17753776667571 0.0171229323048541 -0.328465005710169 -0.20494651756114
0.14876102350191 -0.0567390272495511 -0.348694277163347 0.0284385942927417
0.112820681483678 -0.146584939128915 -0.236256523728777 0.172891493493991
0.0860875297853233 -0.162972591827928 -0.113916786941016 0.168736544418444
0.0999676782577263 -0.163229693276794 -0.0730759151295166 0.17194987382141
0.169609863637731 -0.0912840678921587 -0.0664364215270274 0.169248200286806
0.20734365621256 -0.0107102217600641 -0.0691165473172551 0.191686185185863
0.222589441722407 0.174744996277797 -0.145356441974681 0.189656426685827
0.0792163201644239 0.30215962028618 -0.264326210400301 0.122915338611999
-0.174314325076223 0.28282648448469 -0.28716521172846 0.114777723147554
-0.367090653211081 0.206442959817748 -0.288232255072495 0.136797021673213
-0.420240516306141 0.192165389490119 -0.0676293657870964 -0.120267278463682
-0.289819948994334 0.291111509018353 0.184878639129193 -0.0108967905562746
-0.031433374575096 0.401530432027613 0.254142666985343 -0.29908077684575
0.216522793943651 0.316761229450883 0.00637097744565741 -0.431073730811207
0.285858573339732 0.0611221784779366 -0.272636485753276 -0.245581610805922
0.236438348950523 -0.0705303609482859 -0.290314584327777 -0.029298594952738
0.184076336287 -0.195888631376308 -0.192182212328819 0.111796757420848
0.132264059866 -0.22167204514164 -0.0682609954611546 0.103200525867094
0.133831415063377 -0.225031779537456 -0.0157227070746328 0.109059229486122
0.213391016546465 -0.133506649006387 0.00636705443964228 0.11979224095154
0.266005697970866 -0.0315459523394118 0.0165686781487299 0.177954083015102
0.297916112423862 0.203730205850926 -0.0626653468223807 0.21208634988719
0.114680470986996 0.375833978756611 -0.197742597969438 0.160742026785206
-0.204841344045857 0.349705781510757 -0.21762998846065 0.129429102643633
-0.454418246580122 0.234475234784029 -0.149829862024012 0.130889016241426
-0.481131689410388 0.148698704002084 0.111116365287244 -0.135549839931389
-0.40371202589183 0.286350186759088 0.300719300500921 -0.0172616579829478
-0.1247007387536 0.476372946688949 0.341074689946755 -0.271220370604034
0.210631554897066 0.425745156207868 0.106360894373808 -0.422247843678672
0.343087299313169 0.114264807983872 -0.173634771512777 -0.263594261737474
0.285913943682619 -0.0651914458641516 -0.190863373396146 -0.0837052243858841
0.228354760055608 -0.212325853079359 -0.122885760078066 0.0359499930795735
0.157852648307531 -0.248031050587684 -0.0135736875261275 0.0245819835074475
0.147107302478025 -0.255455626140685 0.043971550027386 0.0283351787410539
0.226071678103266 -0.160761047331619 0.0794075467092824 0.0535754498744352
0.284040373430388 -0.0519358412676141 0.099829303633197 0.144275893246507
0.324897859990197 0.200890982772437 0.0162402258474434 0.211742842777953
0.131032382824034 0.391571396705915 -0.134376288729797 0.176711765860819
-0.208579652773167 0.361333413142727 -0.156081210353619 0.111078817984078
-0.475206894012138 0.22357487661927 -0.00880296126559507 0.0972403952532991
-0.452468997371142 0.0812925046933278 0.286117494679531 -0.122476620756223
-0.434535915893797 0.217073301414198 0.403333032819921 -0.00702204937895418
-0.193372379625879 0.446181081205533 0.397873302736553 -0.205016394172299
0.153134075895171 0.44417826554391 0.195822278864518 -0.358737445703429
0.325369443707767 0.144335847936902 -0.0555487633145056 -0.247830692060354
0.281031166725843 -0.0498703141899705 -0.073403618120459 -0.123557983798897
0.230837315336344 -0.196129841970622 -0.0407471766537541 -0.0419967543392561
0.160365715838034 -0.238101006900592 0.0414423517427322 -0.0547099393918393
0.142979490558031 -0.247488261763322 0.0996598325351997 -0.0542418901952132
0.213507998921798 -0.160424630275282 0.145422790830361 -0.0138622503895216
0.267687397362642 -0.0529429706415519 0.172263812683469 0.104761618441734
0.300029609365558 0.191470072892859 0.0788336723042255 0.199634036481907
0.105424734571671 0.365702330771747 -0.082188302825687 0.178475790735615
-0.208948880852996 0.314818840425928 -0.108886098606583 0.078892338709147
-0.444125751512555 0.167270047801452 0.114651248011144 0.0570325797067061
-0.337926666631389 0.0115386036574107 0.420683573079098 -0.0941357678763391
-0.362481808819112 0.114085197106769 0.466171582895751 0.00879644313232876
-0.19882660718811 0.325768081312271 0.411306802172708 -0.125585804768373
0.0820083979525923 0.360968705318875 0.249927114280394 -0.267903496350404
0.248924063962278 0.131789514147229 0.0515214926275281 -0.212615803214364
0.222036989924936 -0.0325422966529835 0.035076830356991 -0.147643333150678
0.191004003838196 -0.15242381323135 0.0381789449253223 -0.111956936940148
0.137336839410736 -0.192256734832268 0.0892318261622336 -0.124285716466806
0.124431058957549 -0.203055014538086 0.148355493093339 -0.125752617303493
0.180181541891029 -0.134547464199182 0.203441240756817 -0.0686075555357142
0.223646773678402 -0.0376432565205013 0.229921540004251 0.0793031505098933
0.235060488347036 0.175235583410831 0.119337803025929 0.192358739535964
0.0542786362728714 0.30453515629354 -0.0484837692162717 0.178803941977961
-0.204551089521642 0.226802081567055 -0.0722882446412792 0.0463647437764739
-0.363121529862878 0.0781458990398185 0.216180003829997 0.0258611201390605
-0.160110731829436 -0.0559775518741651 0.487497542240913 -0.0652231906860966
-0.213948524174291 0.00835763190950304 0.479287567308831 0.011513500045897
-0.141727948865573 0.160165311197819 0.387339507109805 -0.0641530740136693
0.0222082345951925 0.210583153196911 0.266726194260681 -0.191265988259901
0.13814592358612 0.0842978708847287 0.123599168261075 -0.184681825324747
0.127345791820406 -0.0175570236494608 0.109568045645026 -0.163432243924496
0.118065241983385 -0.0868562076475721 0.0945141429901455 -0.163259873589441
0.0928522836475657 -0.117895474041109 0.123011968664094 -0.172905202758334
0.0877689521050321 -0.127589705996529 0.187757055230409 -0.176333581906521
0.128437423699683 -0.0884817960203887 0.25133690884017 -0.0990532825847913
0.158840834640963 -0.0156929950739053 0.275706390537785 0.0747568401293762
0.146817533989219 0.142748150196581 0.143178820158229 0.203346634283476
-0.00277317406786467 0.213103314022013 -0.0315569920395299 0.188994093644584
-0.176913829310364 0.113857996872472 -0.048823078907245 0.0251237829180997
-0.237161852005325 -0.0226500043087769 0.286232509608984 0.0129005959216596
0.0454966703914322 0.0847271882515641 -0.337862820134876 0.0616282404768199
0.0919582457682739 -0.0262447820188198 0.0105347453303344 0.0675942015359549
0.0442861203513879 -0.0891899619484586 0.0655709216686149 -0.20707649736482
-0.0499743077586738 -0.0685323434059697 -0.143113652834898 -0.253108558815252
-0.0600539790935521 0.00169323865596548 -0.32639922914647 -0.101693569188941
-0.0361445867633939 0.0263268665677333 -0.335480684707081 0.12217009743553
-0.0428007089685668 0.0234323374091021 -0.219331274648412 0.225463006469265
-0.0359283812293369 0.0171995658934272 -0.133814864884231 0.227299975862085
-0.0309489470635492 0.00122272711633754 -0.117200797530894 0.221134903864203
-0.0172605930871404 -0.0239451701949968 -0.135433405743023 0.212168591604793
0.00039113911682592 -0.0472293363875945 -0.161608646470884 0.18762247157194
0.0565441247102631 -0.0446468222584833 -0.252793449308023 0.141060818401307
0.10318770386787 0.0111363104220902 -0.361499697085773 0.058212857793086
0.0522798670176687 0.0892052451213099 -0.395172799170005 0.0253963009048765
-0.0106730622557588 0.122250786710282 -0.457730205992034 0.103032855870446
-0.116645220559097 0.171057994290851 -0.30860600433795 -0.00212046436645629
0.00316727962104595 0.112401788010844 0.029778610349503 0.0403059062313126
0.0680215450238567 0.0702035923330653 0.0920943025754822 -0.25235254774595
0.0659629012231829 0.0266959759560885 -0.136568178100264 -0.316335985529722
0.0526522888720428 -0.0088694555441039 -0.348261055316965 -0.135204857063832
0.0504159848746412 -0.028167557972427 -0.356357019360994 0.100982091852852
0.0253264177713921 -0.0738516729661641 -0.230389589811912 0.224284652376781
0.0190291583570406 -0.0823323263853288 -0.126239049802413 0.217711890064306
0.0366660617799442 -0.0877690457700013 -0.0990556092266753 0.215144266690551
0.0866386319037194 -0.0582794467548737 -0.107699203468314 0.204388357957398
0.11375646066297 -0.0204497180545589 -0.125311142834585 0.194498855869829
0.13986183626088 0.0836240820389183 -0.204656822338689 0.165129234752573
0.0781159773020009 0.17060277481325 -0.317390560035671 0.0952916797433209
-0.0825512072312644 0.19268046451006 -0.346090739290419 0.0863814460842994
-0.206480098521359 0.17878518339983 -0.394036378100805 0.138532385239342
-0.277784995607976 0.219457340459996 -0.21950328671951 -0.0661386147566303
-0.125926032643709 0.235526668964399 0.0887565368864382 0.00793206165180946
0.0546053772822909 0.246559958967647 0.151617786911324 -0.296014449312341
0.173984220544235 0.157358992201361 -0.0986145669127405 -0.38590463481483
0.178680270244007 0.00305719441735285 -0.339547659257947 -0.181414794601904
0.146068247999077 -0.0691514652294804 -0.344217382043136 0.0550456736270647
0.10010583227379 -0.155755604028948 -0.218699537240538 0.188363941640571
0.0711395299092309 -0.170131378772338 -0.100893097710208 0.174888171716251
0.0867537593948742 -0.170457344942001 -0.0568207479414661 0.175337479575096
0.162681827056154 -0.104841955374973 -0.051265563204805 0.174870523892857
0.206675365305044 -0.0263409870184357 -0.0534221473201311 0.196265181219212
0.237909168478409 0.157472795079396 -0.13309745547576 0.198817390719725
0.101878499127379 0.295838535393401 -0.258467876592386 0.142799443720317
-0.157261364020103 0.29540410809468 -0.278468220455695 0.132810527789308
-0.354297009224062 0.234607792992484 -0.279504182237974 0.15578016345785
-0.405820706959515 0.221339042769974 -0.0762427465006347 -0.116340162028975
-0.270158080939853 0.311486090479414 0.183604708053276 -0.0212176136689519
-0.00290787181608521 0.404178278603843 0.235808030450558 -0.316929048327315
0.243372428605097 0.301862439194797 -0.0244800715120413 -0.432601315090984
0.290250587853525 0.0397502001545941 -0.286836578273213 -0.226491255895284
0.232024645906381 -0.0890102253897185 -0.29031640708853 -0.00842248269019453
0.166606571184166 -0.210461950459014 -0.179435916829118 0.124187070766569
0.111470159038254 -0.233440350263004 -0.0611406004999131 0.106527490628686
0.115005916662956 -0.234591405024117 -0.00554807509602604 0.107898383602208
0.202763485807525 -0.150967014890658 0.0171936965753289 0.120409020753141
0.263254657284828 -0.0514733581438845 0.0309528568748193 0.176697172111263
0.315266296865223 0.180835239160332 -0.047219516121312 0.215629286449891
0.142511129790468 0.365659595539639 -0.189259362970795 0.176493612811927
-0.181801296434034 0.363093430295773 -0.20859149797218 0.143816900618111
-0.436331586310682 0.268975386197874 -0.140154526430304 0.138769137773178
-0.470033990477188 0.18244971757832 0.101630517694426 -0.143374517008489
-0.384666015303101 0.314576434593674 0.29754774292821 -0.0353829229673829
-0.0878191328139905 0.486931576301127 0.32384096979785 -0.294095831613429
0.246244095888711 0.410332370941866 0.0755407506376783 -0.430792272550402
0.35005247084912 0.0886506410027892 -0.18832044179471 -0.250878715478759
0.282474998067949 -0.0866800716822163 -0.197021156296652 -0.0707088312287011
0.208806404597064 -0.229988060058246 -0.116540064962624 0.043859397049428
0.135737402802628 -0.261708301048267 -0.0128119496797155 0.0244397670747422
0.126131385306298 -0.264750187541795 0.0468334554471833 0.0236666531713385
0.211469840437312 -0.178613994845257 0.0837738605792283 0.0495245738010304
0.279508646167192 -0.0723579265062819 0.112367257987287 0.136163866651103
0.342916947484849 0.17502156386547 0.0318915177997498 0.209535911218421
0.160443213335666 0.380443661631732 -0.123838798710451 0.188802281029123
-0.184209428099122 0.374504071713542 -0.148927822165022 0.121989762757382
-0.458898671509919 0.25972600038422 -0.00186534372564661 0.0958812611547524
-0.448762270219087 0.112966619965869 0.278534369012101 -0.141538664896955
-0.419256812987214 0.247643789762192 0.400274870149605 -0.0319043287226284
-0.160941224572088 0.460238046275862 0.385840028713476 -0.231253704305776
0.189648060404892 0.432794221910041 0.169470742781375 -0.372495577415782
0.334970304208783 0.119852069053553 -0.0694259989981668 -0.243367657134491
0.277490441374311 -0.0696623008211602 -0.082864151174285 -0.120294201210022
0.212296951140767 -0.214367962315943 -0.0414100584498729 -0.040087322780037
0.139035108783889 -0.251605701627776 0.0360400981480587 -0.0584989266717171
0.123405110176096 -0.257177112587673 0.0948221212021891 -0.0621736345254031
0.200004283550947 -0.177440886975025 0.143405675916963 -0.0236165679057401
0.2623096837883 -0.0729046448179325 0.181364255275079 0.0931813954699773
0.315942790568653 0.166990748816503 0.0935139765035014 0.193455896778609
0.133676921816606 0.355630581617456 -0.0718178449544429 0.186471819545693
-0.187333997869323 0.327538629281881 -0.104574095321781 0.0869180673917677
-0.429037863255024 0.2013286091208 0.119421050294012 0.0464635740126294
-0.337217492186007 0.0344831928856428 0.415417667671186 -0.121968848740415
-0.35525052305323 0.140118758654861 0.464952242538227 -0.0220138783448556
-0.175538529650262 0.338707491217663 0.40417062696284 -0.151057705921092
0.110613251377921 0.354480680404868 0.229511618773895 -0.285978797173487
0.257067868044874 0.112488508604764 0.0376627484395491 -0.215877032666367
0.219695689327692 -0.0484689357925431 0.0232584784670066 -0.152924934793245
0.177210066866927 -0.167185438310502 0.0300696273931459 -0.114433648949882
0.11979857551467 -0.204091283912238 0.0790054603212099 -0.130315165340899
0.107874003218256 -0.211107567109438 0.137232782925929 -0.136395155025757
0.168860226434237 -0.148425191055172 0.195440747865256 -0.0824903767232091
0.219820879506362 -0.0542779022646896 0.236900268281045 0.0625674580638139
0.24930961773593 0.157094336275728 0.134009155002247 0.183969439299995
0.0773389531347929 0.299625385054684 -0.0375244722046548 0.18356823080306
-0.187874077387848 0.239041984211963 -0.0713269754742836 0.0524384669674376
-0.354868550853961 0.106634724840654 0.217551369552004 0.00777590488027236
-0.163286395702889 -0.0445584323158957 0.485055612229698 -0.0954281171025709
-0.213263418353565 0.0238016666750978 0.478176831981191 -0.0203313829811153
-0.129742759545281 0.169573990412837 0.384728914135721 -0.0881905388745596
0.0388338559593758 0.207763044147388 0.252320727241144 -0.208962109545252
0.142477849191941 0.0727613242199003 0.110503500845774 -0.192393644340469
0.125398895753885 -0.025843521764834 0.0951389796666131 -0.174468004846847
0.109584993500169 -0.096773250430587 0.0817061440444449 -0.17019528412856
0.082182097205919 -0.12617361856723 0.108947212535992 -0.181068729431906
0.0773026987260448 -0.133908892420864 0.172742118323915 -0.188127462514444
0.120972772152327 -0.098951859058214 0.241060765069564 -0.115965859282778
0.156621809259736 -0.0263812084901088 0.280973243015795 0.054741636030327
0.158625416793158 0.131113892524537 0.157302191719046 0.193156658955131
0.0131888002232095 0.212026467788174 -0.0204772618026098 0.191823722688951
-0.168389416596533 0.124344537489709 -0.0495515040553546 0.0287857415026949
-0.236462826728792 -0.00382126994577608 0.28592836945073 -0.0102983249291784
0.0498210932627972 0.0803776494069517 -0.32370032760687 0.0837095936209904
0.0864804140324314 -0.0303159139230718 0.0186414890914219 0.0657956403449942
0.0375107678398265 -0.0898150027808953 0.050185498218962 -0.208552976007178
-0.0520363557259864 -0.0626030769448807 -0.156888362553733 -0.238279022844236
-0.0565649617631331 0.00518677325038847 -0.323381719556243 -0.0749843606596121
-0.0319634530559437 0.0270104148682495 -0.312405017228847 0.144198832357069
-0.0397439991344091 0.0262194066161669 -0.193985366982824 0.234749507321692
-0.0338718637411466 0.0194310279787683 -0.111947753110226 0.230279892317982
-0.0299350763587923 0.00334678413342369 -0.0946743942355741 0.223740395935004
-0.0183860899012488 -0.0225797127962257 -0.112927997376956 0.216851748175157
-0.00330060991602927 -0.045689411672006 -0.144262902091864 0.193753237656475
0.0525026305850202 -0.0472855533832254 -0.237795762931232 0.154642163036612
0.0996572312226749 0.00322198437642164 -0.34717180175413 0.0832816665413152
0.053855750315692 0.0851665514506842 -0.38033565457274 0.0491706905667094
-0.00227434356299629 0.120269242987214 -0.440373498632562 0.132030248950417
-0.101110685592912 0.175894114320267 -0.299952792146306 0.0192109995907493
0.0100926559335714 0.110593239294572 0.0342469709436353 0.039279975057002
0.0724977473860523 0.0638346233406033 0.073859746712517 -0.253877908967624
0.0690424329611668 0.0206823771228506 -0.155990064583663 -0.300795945910324
0.0517563746439775 -0.0126075798267316 -0.346380634065772 -0.105896597312465
0.0478562719514841 -0.0327000888230018 -0.334725099973886 0.125274827605578
0.0175662938652343 -0.0734789749427842 -0.203737840471576 0.233461819060393
0.0103422937568351 -0.0821387445985798 -0.106035641112649 0.219409624534705
0.0286720719099435 -0.0885817038722958 -0.0767028378016706 0.215659661111992
0.0791038147328664 -0.0644296497566003 -0.0863204771226466 0.207167892689721
0.10850685298511 -0.0290371519632421 -0.106646317539508 0.198249552134893
0.144031206907603 0.0710558160042265 -0.188894180622165 0.174354655522917
0.087982866750458 0.159219102559664 -0.302277739470846 0.116898152394247
-0.070237296940912 0.19539476320786 -0.329035427322525 0.106232443461951
-0.188918484643148 0.189539051442184 -0.374567611938999 0.162739089674873
-0.254607701037342 0.234124347034247 -0.218767593434928 -0.0492978419537399
-0.106360722365471 0.239003337746026 0.087715815129535 0.00326440876153574
0.0732615663069137 0.23696757432294 0.128081135591068 -0.300793325503549
0.184457782210668 0.139510659909241 -0.123922667397316 -0.37048900687205
0.175329370897589 -0.0102185757671988 -0.340445029116881 -0.15312509912408
0.138133010755261 -0.0803195761384997 -0.327581266805122 0.0794027463894546
0.083171396579234 -0.158793840668915 -0.194526367234256 0.196791377325727
0.0526844631854429 -0.171676768002342 -0.0838976555777668 0.176005016147772
0.0700154502740709 -0.173125173283857 -0.0395234238610073 0.173498895417898
0.148990797831894 -0.115695389699631 -0.0340966765009778 0.174523679819302
0.198308854915464 -0.0417627903181948 -0.0370083769147894 0.194774295863518
0.245705311255979 0.134301109969306 -0.11613997529087 0.201915201018036
0.120654825317267 0.279360450889698 -0.241640462746263 0.159451206569807
-0.134121784020785 0.299398002964512 -0.260069919144729 0.146726796374454
-0.325161571729061 0.256118375801123 -0.260476240694545 0.168853295130074
-0.380504923430683 0.246175428946703 -0.082773896674606 -0.108247690558994
-0.242166317700033 0.322723086918054 0.177521867225536 -0.03078716072492
0.02897418891922 0.393594808465461 0.20908983272793 -0.32586197040253
0.263285512879264 0.273963950517756 -0.0548946596034892 -0.421715097611239
0.286048969397598 0.0170983435860509 -0.291594082120412 -0.200369273171587
0.220279198289872 -0.106127861562498 -0.281802247865086 0.0132051354921613
0.142853393396549 -0.217010810510802 -0.160486516046152 0.13157080305075
0.0860059690197795 -0.235932217813579 -0.0516022595452012 0.106852476476728
0.0924257392047223 -0.236128860923438 0.00474681800391748 0.103833589426553
0.184268975225507 -0.162762352472867 0.0278144685737702 0.116296921931783
0.252217857334842 -0.0704990492637438 0.0454618546038731 0.168607407970839
0.323283441789269 0.149602044399031 -0.0302472731166229 0.212252127981449
0.167274973035412 0.343672193803534 -0.172521343746157 0.188431800166294
-0.150792200688762 0.366980880213883 -0.192627259403189 0.153050009286122
-0.403519680826161 0.295813847874287 -0.126184585962263 0.142505317218239
-0.445882976475953 0.210415022267916 0.0889575725815976 -0.145786078794508
-0.3527268121907 0.333396686592585 0.285804975724482 -0.0528431756907385
-0.0494736333399606 0.480636494303288 0.296804525715522 -0.309644496231275
0.274051305685375 0.37936458789913 0.0416548842504246 -0.425404045570298
0.346232479973274 0.0588133984876397 -0.198233129289476 -0.230996488100598
0.268622592079528 -0.107281928041987 -0.196875045654934 -0.0561479085140885
0.182113996083256 -0.239776803539242 -0.106245218425452 0.0485037443425822
0.107110671394449 -0.265101405664505 -0.011569789301484 0.0239274802685674
0.100236800919201 -0.266792686146444 0.0476742239805358 0.017638459032386
0.191429994836522 -0.190176480065959 0.0862265055749525 0.0423319952132184
0.265660359196826 -0.0918165180637798 0.121459504014292 0.123820812713539
0.348751049170705 0.14227516489598 0.0463073534904569 0.201166796290886
0.185131857372771 0.356453784853033 -0.108228675652403 0.19581135416494
-0.15185229435428 0.378288334581364 -0.136048387855255 0.12892242771179
-0.423776148339964 0.29056273639264 0.00510553010405931 0.0908480089230974
-0.427870542784645 0.141596915966263 0.261491593502121 -0.156874432680611
-0.390504628220576 0.271172765845554 0.386010959540662 -0.0574278086294196
-0.120848506184281 0.460201779148334 0.361074732823498 -0.250880192605842
0.219420734532391 0.405559746096144 0.136600795762245 -0.374927029497792
0.333353158974439 0.0905158158040827 -0.0827003973158367 -0.231668152410575
0.265526869949845 -0.0883483752970577 -0.0913159716916863 -0.112155891633955
0.187565024467326 -0.225153449018505 -0.0413277603973394 -0.0377910165762589
0.111350013201623 -0.256431824767406 0.029878315479282 -0.0595040711600364
0.0980387824333902 -0.259078650252393 0.0867445394483642 -0.0678304936913004
0.179068948204637 -0.187630693356402 0.136949703796557 -0.0320487872967352
0.248948551685816 -0.0898616067941602 0.184704476855068 0.0759006981422394
0.321619260879748 0.135746422896363 0.104885480011502 0.180907178825489
0.157457832571533 0.334373594525708 -0.0583460834313554 0.188958393606518
-0.157814124776301 0.330412528687985 -0.0966873791877409 0.0920554403705845
-0.399813248425517 0.230069456221866 0.118489693132761 0.0347413749566989
-0.326079454046028 0.0575627541401237 0.397281916440739 -0.145675525026985
-0.335652774887633 0.162270378386281 0.449541658231525 -0.0518812821948264
-0.144809684451868 0.3420033862821 0.383793537249067 -0.173850002976993
0.13625722734838 0.334536451391191 0.201118543719863 -0.293176302333151
0.256061826439077 0.0899506484071827 0.0230289708439413 -0.212273917539603
0.209703362210651 -0.0630078520489571 0.00905579184196983 -0.152150122503152
0.156130278759902 -0.175848161151023 0.020697485564966 -0.114945282596237
0.0977025745427202 -0.208687610378074 0.0661919841318258 -0.132361623837666
0.0869780611726291 -0.211885836520951 0.121501100422454 -0.142444067638199
0.151490284459225 -0.157225604577044 0.182911251331584 -0.0927404525030081
0.209053647510411 -0.0688180574175548 0.236263948745222 0.0425138134614189
0.255183690453887 0.131028632239497 0.144248989680746 0.169075855256636
0.0984774589242563 0.283557374202606 -0.0248041342148167 0.183558232456294
-0.165694426510494 0.243723417331142 -0.0668838637838322 0.0567371038411184
-0.334633842025436 0.131760483549185 0.210590593203944 -0.00955788586648385
-0.163213380990675 -0.0310664598760377 0.467380315488119 -0.126653033871925
-0.206220997188331 0.0383847150565047 0.462692486575591 -0.0516338898033913
-0.113086240466086 0.173233427949035 0.368260307684099 -0.11087548660389
0.0534681854426175 0.198474085203349 0.229202930603658 -0.220431472797389
0.142624300102595 0.0600642028308386 0.0942096144092832 -0.194561813630612
0.119189520303023 -0.0328223623507737 0.0772845543887482 -0.178713355553239
0.0977260148839519 -0.101219938413595 0.0653453420644472 -0.171650190865583
0.0685115394608282 -0.129570529819072 0.0914370580400781 -0.182715272689135
0.064262462375881 -0.134747241303891 0.15169637554896 -0.195148931847447
0.108715487361963 -0.10537481942301 0.22349055662928 -0.128290050287376
0.149938605439374 -0.037364444605713 0.277447616837671 0.0321435636179732
0.16477126994213 0.114413270940707 0.167578554649386 0.176439871578957
0.0288613818834295 0.203576843768037 -0.00717991645323323 0.189544238598346
-0.154710079009567 0.131785670068135 -0.0482960610382615 0.0319127572163071
-0.227609191541082 0.0153374413987021 0.276339578362064 -0.032168460598907
0.0508658816511018 0.0752906472751628 -0.304256414219694 0.0950011081715223
0.0800617817035318 -0.0312516061178115 0.0244146304833528 0.0629921161192144
0.0320449180404918 -0.0868768185943936 0.0379662053576391 -0.205066277315442
-0.0517915115688256 -0.0571568762427916 -0.162170237991104 -0.221191741433247
-0.052352405157524 0.00635878821414213 -0.311178358989409 -0.0554006548553863
-0.0281680917413823 0.0263005480802988 -0.286432378610317 0.153212908155633
-0.0364932614886942 0.0280358433092376 -0.169693736013891 0.233258620183967
-0.031657935677592 0.0205836621636628 -0.0944214070046048 0.224395071067886
-0.0281599844636038 0.00440665307020918 -0.0757826745274656 0.217386845581487
-0.0188380028463626 -0.0204457914096507 -0.0933013768501365 0.212480148156159
-0.00616710471365445 -0.0436265490913764 -0.128539726112747 0.192844937210187
0.0485821809692353 -0.0480307514506415 -0.221372933622672 0.159684340477499
0.0937367382599219 -0.0022264244321971 -0.325979775549176 0.0961994709247744
0.0540574156776833 0.0814432446201522 -0.359705376290252 0.0609953505700149
0.00302815726891892 0.114166661122399 -0.415264974483989 0.145846054906288
-0.0880760393875425 0.174704633923482 -0.285408375407677 0.0323452281548769
0.0149580145871054 0.106778001166176 0.0373181898279633 0.0370022070389888
0.0742786935261528 0.0572348306351477 0.0581369444459909 -0.248914473613666
0.069175828622611 0.0150689068890771 -0.164372265123789 -0.28012728887243
0.0501192510167785 -0.0159352097445213 -0.334043346648504 -0.0844439026095595
0.0446578799173449 -0.0353436170020675 -0.308609541178788 0.137181290300063
0.0119301192155971 -0.0702519499581028 -0.178642781455255 0.230625516988473
0.00338587764021438 -0.0787406197891947 -0.0883272339113301 0.213725965538111
0.0217529181322064 -0.0869771923647487 -0.0585188664740506 0.208029459686382
0.0721515282119937 -0.0669102763697051 -0.0691199596767664 0.201850474635865
0.101582844231719 -0.0336344256789936 -0.0918593666187236 0.193977736659097
0.142959789213443 0.0586577071179402 -0.173760131177974 0.175550095742922
0.0912975195179361 0.147469606387182 -0.282549836800919 0.127584231461067
-0.0587756686519971 0.192387018516107 -0.307646073590804 0.113917202461314
-0.170789259337931 0.191030238353461 -0.352355044517824 0.171418949999234
-0.231440331645781 0.237113800178107 -0.210973522876698 -0.036756225963892
-0.0905697853955244 0.233949975522278 0.0855654505680751 0.00126215528789451
0.083824415751339 0.222722319541221 0.108763498325912 -0.295474385437023
0.186799362684866 0.121662149319202 -0.137938122938584 -0.348208258729202
0.167383226215703 -0.0193815051333733 -0.330242852001863 -0.129985391216469
0.128589059677337 -0.0856458144496337 -0.306549551663975 0.0923064155360157
0.0688332033209511 -0.155243727378596 -0.171755239363001 0.194915682332653
0.037567269229123 -0.166593767683932 -0.0705149469679364 0.170687203617801
0.0567170717198995 -0.168825042996403 -0.026282344121415 0.164844503073115
0.135067250012953 -0.119095329149974 -0.0202712079777379 0.168246065106251
0.186566270355701 -0.0511746276696675 -0.0245112786042033 0.187076059555865
0.243929216940637 0.112959862824494 -0.102146459719984 0.19833382379131
0.129439715697583 0.259804915282229 -0.223425116777442 0.166296174789119
-0.114633439506635 0.294270513634148 -0.240976120718838 0.150088107321932
-0.297212630362074 0.262374539905637 -0.241440845851471 0.172058776869168
-0.350594809461106 0.25348767187867 -0.0838948681887758 -0.0990566388995083
-0.215495610606723 0.320386571032441 0.168264205397491 -0.0359210085460937
0.0494124222686478 0.375662918065179 0.185153101720245 -0.323072120703837
0.269304497618797 0.246178875002124 -0.0742593385192956 -0.400541265677368
0.273641966640995 0.00062583368166029 -0.285733808885538 -0.179076796345309
0.205074614883104 -0.11466809709333 -0.267918526714405 0.0267967430454462
0.121653326719248 -0.214679073452741 -0.143788276845319 0.130314616858857
0.0652512477541934 -0.230447260050256 -0.0440880483398682 0.104042509834305
0.0738734482445703 -0.229999938522105 0.0112971226104849 0.0967721976398984
0.165915792512607 -0.165802469862577 0.0345377769880285 0.10996233380313
0.236018387087319 -0.0812588681225756 0.0528126951699584 0.158213212589334
0.31798394543534 0.122854123949462 -0.019075106802968 0.20375500284984
0.178272813895871 0.318874333561586 -0.155603554294651 0.190746767355166
-0.127611380459957 0.358140822011784 -0.175468107007052 0.154485223900749
-0.368925648445095 0.303545408917495 -0.114355628935653 0.140203175062862
-0.414956783386173 0.222950066521259 0.0781961062478825 -0.143157483074796
-0.321561419158325 0.337076464327116 0.27023086605418 -0.0621312124534217
-0.0208429356168941 0.461378328572639 0.269954269396312 -0.311120721690807
0.284946501865323 0.345213645801629 0.0176429196244023 -0.408496433408152
0.332882001603152 0.0380901891182176 -0.197907894334958 -0.212282696646578
0.250992012535296 -0.118110221742964 -0.191600425594137 -0.0437431495447782
0.158133011454979 -0.238472113382712 -0.0968021694992554 0.0482108270828664
0.0827246655787031 -0.260596913303294 -0.0103904570882663 0.0228889732681069
0.0795023987371672 -0.259442008578973 0.04655281715071 0.0137620928926597
0.169935938067823 -0.191930556091082 0.0854025954572972 0.0364810685970637
0.247762478532465 -0.101985877343805 0.123507783569965 0.11064379164693
0.342644353202063 0.114674352187605 0.0540503753810903 0.189217718220805
0.195859987431685 0.329314484694822 -0.0943207392721902 0.194505046087098
-0.125992178100476 0.367737248930695 -0.123836836174826 0.12916860266687
-0.388277404741162 0.299195343216128 0.00813791112863066 0.0844063227361762
-0.40193830305421 0.156707656958882 0.243041499826835 -0.161582773363302
-0.361777673170376 0.278943360178266 0.364782274625965 -0.0707152167402123
-0.0908882664065277 0.44503983280594 0.334364014247255 -0.257761970441116
0.232480824680808 0.372921819186808 0.111551121996547 -0.364193191769751
0.322058279368081 0.0688331425343177 -0.0882983959036007 -0.218682035465551
0.248193510267931 -0.0997339741094367 -0.093708309484422 -0.102826276603324
0.163381711250486 -0.224435269115242 -0.0396584520442047 -0.0365815401247315
0.0876780927895465 -0.250814709218275 0.0246703608762932 -0.0581197613374156
0.0774704830036936 -0.251883897232744 0.0783649178245628 -0.0692231961393348
0.158741290189792 -0.188363980815623 0.128633166872131 -0.0368053479852682
0.23209671382249 -0.0991156681490892 0.180167569413593 0.0619440574819172
0.316115130989304 0.109658677352754 0.109896831359003 0.167101554578295
0.167980676066753 0.308807183136025 -0.047231247210063 0.186449674207537
-0.134413356520495 0.322977346375786 -0.0881878035763354 0.0925380139249606
-0.366765192431783 0.24093774516184 0.114166177639888 0.0248981058818346
-0.308735699376443 0.0734371219578679 0.373907315564896 -0.157576717418794
-0.314317254479152 0.172165435688635 0.425686963107026 -0.0685023841888313
-0.120092232546473 0.333022924735327 0.359677515368854 -0.184509683106147
0.148890481883763 0.310508548658357 0.17731873115533 -0.288767761162425
0.247936909413282 0.071982720099006 0.0133411109453887 -0.204317370793688
0.196796157783026 -0.0714236304388752 -0.00128186691472041 -0.147368858258022
0.137127028194166 -0.175913902769231 0.014641512659968 -0.112055728022474
0.0780495994462359 -0.205209751972341 0.0553649685013299 -0.128566774676992
0.0705568365489659 -0.207315585739957 0.106885916193033 -0.141575389401354
0.13453905974653 -0.158196917025217 0.167713808149688 -0.0962060386593597
0.195279818253355 -0.0764952839944805 0.226790499208685 0.0275706199252538
0.251659509190156 0.109612374739175 0.146227757669476 0.153141748879859
0.109716287370003 0.262949637458885 -0.0151216255343651 0.178901582994593
-0.145482252974606 0.240894851293729 -0.0623295143362838 0.0576752017141839
-0.309781546552355 0.144039460390197 0.199106816245938 -0.021305874994195
-0.157513491780497 -0.0202013389094705 0.44172898829624 -0.141527498235494
-0.195444060782822 0.0472696948232816 0.437411236054456 -0.0693206843788828
-0.0992336347175908 0.169720196920132 0.348147540666232 -0.121747165270202
0.0621144414351662 0.185186075491447 0.2069435815597 -0.219856618354686
0.137033967747892 0.0495463933661422 0.0811659542163937 -0.189555657374662
0.111566699425238 -0.0365491588853365 0.0620933514246832 -0.175512719180132
0.0865919790250896 -0.101222401877654 0.0526860781712245 -0.167202357193313
0.0556850643293389 -0.127515699466835 0.0768746441322901 -0.177649093709515
0.0532207698111781 -0.132003800651011 0.132342742803954 -0.192549169797369
0.0967047732666685 -0.10692249858341 0.204088678050154 -0.131781840236917
0.139822260923353 -0.0430036770135708 0.265871985858183 0.0159758220986589
0.163900156568864 0.0983453060774021 0.168483711693612 0.160191004979503
0.0385312801269087 0.190590538875359 0.00147992219721789 0.183319015158197
-0.140780612808086 0.132090830690088 -0.0465293554378274 0.0338514192091585
-0.214097728414738 0.0273281029695236 0.25997723545747 -0.0451294661227259
0.0509542164408014 0.0734446778767753 -0.290343314322369 0.0984300654213265
0.0764010997195975 -0.0295005760370652 0.0278113007270884 0.0600825545599704
0.0297137502445225 -0.0839188300804669 0.0305529713906905 -0.200129895450491
-0.0505083038179668 -0.0543765726920765 -0.162218510060639 -0.209207545383029
-0.049176505347721 0.00570325221908473 -0.300217580345537 -0.0464281725228103
-0.0252559701555649 0.0244118187283527 -0.267736143366881 0.154193604742017
-0.0335645745017573 0.0282540868577076 -0.15434533541064 0.227292247575407
-0.0295291157686125 0.0211302543450012 -0.0840556713677081 0.217189756195946
-0.0267329615639737 0.0045707702611065 -0.0656715090859477 0.209130296837085
-0.0186610846885062 -0.0193907976071621 -0.0822428414310309 0.206942873044206
-0.00744511254042388 -0.0411574885596977 -0.11981329554619 0.188656402815622
0.0455960925683815 -0.0476390678246345 -0.210826404923845 0.159114266557813
0.0890402421911307 -0.00408964764010871 -0.309955129418011 0.0998232405312637
0.0526323501769252 0.0794844931165033 -0.343457150648723 0.0617289190894748
0.00567678693036754 0.109592546151963 -0.399623921030451 0.149117926471115
-0.0802144128471216 0.171456503646682 -0.273788999032437 0.0368741673813625
0.0167560854095554 0.104153088415 0.0392196081352149 0.0352949198788479
0.0744203387057899 0.0529583751722399 0.0497164188022185 -0.242805165361605
0.0682562679208172 0.0117535264934125 -0.165263521873767 -0.266355511454963
0.0490686690019822 -0.0180014229349482 -0.321907198111887 -0.0753730870227698
0.0424172802762966 -0.0370445276795859 -0.290698025853174 0.139589501447964
0.00917922996329191 -0.0669677877131561 -0.163588897135018 0.224043626378295
-0.000332290657680609 -0.0755978978105652 -0.079736987887674 0.20535174645305
0.0183439144990367 -0.0841428891713399 -0.0489155621615117 0.199764481098386
0.0669602200699674 -0.0664051427363733 -0.0583028425646526 0.195709943760577
0.0967371346799738 -0.0349076702959557 -0.0835238413423687 0.189069238398476
0.14008277283029 0.0515349719908045 -0.164739351366473 0.173045744755604
0.0901662140984092 0.139344393099829 -0.26776474070431 0.129701022091325
-0.0535045318517469 0.188767414023784 -0.292129518944683 0.112403948196197
-0.159548476070692 0.188876105352749 -0.335178226383824 0.170614510341936
-0.216994378618179 0.234177264129902 -0.203803974144075 -0.0312110147554341
-0.0821244288280005 0.22828729950124 0.0842236191927258 0.000676183185062462
0.0871355185466225 0.212122676308407 0.0975782391896528 -0.288481062557954
0.184755233469246 0.110383368847855 -0.141483189400498 -0.332914431917495
0.161999477794695 -0.0240761979257984 -0.319162027270448 -0.119712379611268
0.120964912757622 -0.0877492770258805 -0.290334902039417 0.0957450346168369
0.0603397194872321 -0.15064168269946 -0.157514059342835 0.18867071788457
0.0283645185423801 -0.160996513436394 -0.0633182807557041 0.165270943711844
0.0478015324128762 -0.163569704720129 -0.0192493931662489 0.157460625229225
0.126274024752945 -0.118867653411153 -0.0132911984959901 0.160950237538043
0.177505001427348 -0.0544663987722073 -0.0182501475420234 0.180291791735818
0.238990784721113 0.100168906292489 -0.0949288022906867 0.193134830497541
0.130858647446184 0.246013922690872 -0.210238896146927 0.16670442412187
-0.103916336593459 0.287567887822382 -0.227645466310131 0.146384439837156
-0.278533260982145 0.259320297187103 -0.229608775555562 0.168938702854926
-0.331618855816111 0.25126107682231 -0.0828399993958423 -0.0928873925792528
-0.200443009734268 0.314711551407062 0.161977791546045 -0.0362063644423441
0.0578964071274357 0.359567091667414 0.170787140509238 -0.316536634262948
0.268005391739313 0.227318920880541 -0.081323148340959 -0.384588871214028
0.263566480961843 -0.00648094386106058 -0.277081561215695 -0.167513187934073
0.193564379673208 -0.118421047801783 -0.255885338834307 0.0326824233248911
0.109410447670368 -0.209020974265651 -0.132860306810944 0.124672304005231
0.0517414122143358 -0.22262651112426 -0.0395061313330002 0.100104521701697
0.0626678655345921 -0.222742628086774 0.0137709708092103 0.0907635163684285
0.153812749185638 -0.163847306976027 0.0378487580745243 0.104204324173869
0.22440268685184 -0.0847168905129032 0.0552757652541129 0.149604580897144
0.310863634129466 0.10626669433004 -0.0146343694433385 0.196199840719358
0.179457788522039 0.300780417967341 -0.144701460813261 0.190037977909357
-0.115148006936524 0.348274621991353 -0.166091739233032 0.150234851144504
-0.34503030594983 0.303598252097017 -0.107461087743456 0.134752826099427
-0.393221710759365 0.224061771596498 0.072088410775268 -0.138724499236823
-0.302631021052959 0.332276521723312 0.258379764807423 -0.0628753864639766
-0.00682433041930281 0.444945245209618 0.252969311525537 -0.306444326274133
0.284771981010936 0.322322090168864 0.00676583585539125 -0.393917980495108
0.321119662105804 0.0274765885136826 -0.193397707876746 -0.200959414131773
0.237953318604735 -0.121950644055466 -0.18613082808153 -0.0369469874385155
0.142008387100109 -0.23256290480729 -0.0904308930233268 0.0454631957714534
0.0680348526425435 -0.251334996995304 -0.0099216107965417 0.0218570276035266
0.0668070631021944 -0.250858666194753 0.0447184300518308 0.0109931664615507
0.15685670156443 -0.188443615803878 0.0841828991824904 0.0328980841908064
0.235248179831569 -0.104418466685613 0.121256926467258 0.102317882813724
0.333763415452243 0.0969698510550731 0.0556903344967989 0.17941416291244
0.197401896821607 0.309863454344014 -0.0859187434200978 0.193068992399292
-0.113573147980537 0.356295497949568 -0.117339918216082 0.126360856922496
-0.363622713777095 0.296507419280746 0.00860899758544371 0.0788036454271799
-0.382584489171437 0.160434122839357 0.230759752543623 -0.159316676780995
-0.342233995452281 0.277286142973685 0.349131815758175 -0.0730881486314739
-0.0755474736231742 0.429537336085994 0.316987678813013 -0.255525344656645
0.235957195744838 0.350401052938286 0.0976381294013255 -0.35184180917778
0.311057270485632 0.0575469862019901 -0.0881466908851984 -0.209370901151621
0.235639855640603 -0.103542348898784 -0.0950487873454516 -0.0978205510105832
0.147722336260987 -0.21870474609424 -0.0381479381612799 -0.0368612700280916
0.0733754119510101 -0.243003711813165 0.0217502680692461 -0.0565388643291273
0.0654549315401468 -0.242662613489472 0.0729591577747953 -0.0683619520547815
0.145884827166796 -0.185173362451592 0.123495769769622 -0.0381787791994949
0.219166953582435 -0.101459136254408 0.174337373697179 0.0541422692632459
0.306505638016509 0.094106501810283 0.108428243521063 0.157318414833965
0.169971070113944 0.290283631747512 -0.0412787500317698 0.183041465331879
-0.121468013659975 0.312804099195728 -0.0834804513725495 0.0908585038062338
-0.343452398836957 0.241888371245719 0.108764165767205 0.0199832987005983
-0.29520603512414 0.0777437138205601 0.357757678135408 -0.15892737549547
-0.297419939616315 0.173618399369568 0.406901924598343 -0.0740869923397054
-0.107044891362604 0.323035563071964 0.342411370627431 -0.183681739260366
0.152476095201395 0.292859409763042 0.162542477539524 -0.280086503677105
0.238852707839284 0.0631290508539454 0.0087133406925816 -0.197608139303114
0.186360460153655 -0.0735016549712056 -0.00722890650069103 -0.141629361851965
0.124660320933752 -0.171805663499976 0.011475739235133 -0.109816788200425
0.0659951564951521 -0.19837736877976 0.0490015340963859 -0.124289861081962
0.0601974437205214 -0.199601365861533 0.0976313260716502 -0.138247767873991
0.122984191852684 -0.154677985537055 0.159448102213045 -0.0955966289888915
0.184797606747149 -0.0784469270015879 0.217897795727862 0.0197586951770483
0.245295238378427 0.0959046973140299 0.143329190628775 0.144300901726421
0.112249201496743 0.247763711993864 -0.0113400819183015 0.175160153745986
-0.133642859567884 0.23377620234048 -0.0604633602620055 0.0573167750649457
-0.290927813537641 0.146312831477072 0.189934268562811 -0.0259762487603234
-0.151766586745661 -0.0138545431825777 0.424622871987952 -0.145961762910213
-0.186962811247879 0.0516495950363658 0.418832489858614 -0.0749142472639425
-0.0916488347254631 0.165892897497793 0.332809483141512 -0.12387519365036
0.0638129976835747 0.174845059302389 0.19357456103017 -0.213691679744177
0.130485764087076 0.045067843309413 0.0743289397567013 -0.184884649604569
0.105544858475451 -0.0371468518940714 0.0532614218940109 -0.170615966454414
0.0783753261431784 -0.0988886080866967 0.0459779965395039 -0.162223392960025
0.0480056013923164 -0.124077795828623 0.0688929002740255 -0.171156768556424
0.0466864864710785 -0.128237467577793 0.120513145946945 -0.186891773912173
0.0890497783586606 -0.104331647738236 0.192303696472582 -0.129835728050068
0.133454755274442 -0.0447857893282957 0.255113710530447 0.00808849024974447
0.160122329520518 0.0880364624601431 0.165254284507482 0.15041342789697
0.0416243361220742 0.179933500067454 0.00518939289063906 0.177695498888959
-0.131504633047609 0.129220031061805 -0.0455726273562551 0.0342559905479612
-0.201795705265483 0.031458397545744 0.248226998205097 -0.0497774710092819
0.0606873038710778 0.0609687281529981 -0.27187382789588 0.161647132141623
0.0669279325013573 -0.0417173270381929 0.045046018948382 0.0554406868951103
0.0101205167196961 -0.0859549390980378 -0.0038037104239828 -0.206361267986919
-0.0615889788657659 -0.0407325339725282 -0.198432279234263 -0.181428447431565
-0.0482594677040615 0.0174686273895887 -0.305334159827636 0.0116993382235318
-0.0173380499903076 0.0305077150687048 -0.231896734950048 0.200317232915569
-0.0236284988961144 0.0358850228852128 -0.108311555467288 0.245532070007382
-0.0240302074368344 0.0268380340104735 -0.0386604044058461 0.226359511005594
-0.0244720339455909 0.0106576646623332 -0.0204847917661562 0.217849414609232
-0.0224010391609185 -0.0135257710940863 -0.0366035683639726 0.222014295838227
-0.016811688108944 -0.0344895278566546 -0.0788732534230345 0.211566548606064
0.0298448913468696 -0.0547996266655519 -0.175921439120918 0.203707260090221
0.0768173866247193 -0.0221240316791606 -0.286343714491668 0.166806661889378
0.0619471241269734 0.0646262572797785 -0.331954613115084 0.13049435055022
0.0203009263720387 0.104622641619776 -0.371538355507097 0.220451111764374
-0.0426631027360021 0.175526969495982 -0.277179069775393 0.0959638405126655
0.0376411090931082 0.0949632903282865 0.0442908515033692 0.0309635634326085
0.0804262150601861 0.0325318581121052 0.000200303406299031 -0.243108950508395
0.0631983922768568 -0.00576970667146677 -0.213974535127895 -0.226441370479949
0.0393603586408065 -0.0244936818396398 -0.327530563199492 -0.00976322058222312
0.0341055005828904 -0.0407880511581987 -0.252364551330276 0.191835028553201
-0.00558368592195933 -0.0621247352403776 -0.110306658115669 0.244076863596022
-0.0150954495491233 -0.0694078615169968 -0.0354617843053475 0.213086750558777
0.000287469666476066 -0.0811075391018943 -0.00731789003464765 0.205226035689081
0.0499371153201501 -0.0749682150958397 -0.0160869256502678 0.207920250217865
0.0820242998377384 -0.0478831375792276 -0.0423085630047793 0.2068100053492
0.138978193217246 0.0211133332898959 -0.130315349949053 0.208921509339363
0.106874697006056 0.112667109481543 -0.244798448177856 0.186599041831292
-0.0173385913794654 0.191369333661836 -0.269224055300926 0.160272687743857
-0.12177582819497 0.213474620601024 -0.299576471994168 0.220125787862896
-0.15797627346801 0.258274154230508 -0.230273209230768 0.0107131267316231
-0.0305957833145411 0.231301595056822 0.0739810830869315 -0.0118259410483703
0.12493600669205 0.177675542248069 0.0294402767340062 -0.288968977400993
0.192325272911129 0.0600420896482573 -0.206750196844457 -0.285114291620934
0.144156442773846 -0.0523757251320675 -0.328373913282724 -0.0494209273367669
0.0982433822087236 -0.104555583074959 -0.256355990344513 0.151676152069567
0.0235562159667654 -0.150474851154093 -0.10401462892315 0.210242553028159
-0.00460021460294252 -0.155700249776688 -0.0284690045921017 0.170700694468543
0.0131054475664067 -0.161483726601948 0.0126193896249158 0.158651326675629
0.0968136401064181 -0.135500259738042 0.0216675392167509 0.166645305544046
0.154470127638606 -0.0809514769177984 0.0201898880259105 0.184432508876597
0.241604146182726 0.047824375248902 -0.0592716414366876 0.215265044166299
0.165805256809328 0.205166205986092 -0.18472939130684 0.212934457996112
-0.0452976001632511 0.29651516268948 -0.198783955554838 0.175272572432867
-0.221496747009294 0.307601113445205 -0.190666363560711 0.189757523229903
-0.261955426034272 0.295929151207555 -0.126630126308012 -0.0798374429158241
-0.125594265814506 0.335063712668541 0.137411886147838 -0.0644218908810876
0.127313732886839 0.320495555615173 0.085405663376031 -0.325361561140604
0.295044508807513 0.149694150085899 -0.163579325400034 -0.336268649831858
0.244005945318438 -0.0573575997165514 -0.292360833607922 -0.0989149888175506
0.16001975477606 -0.14699561462851 -0.231748642010886 0.0860161902194648
0.0564075079277877 -0.216252556595915 -0.0869787317753457 0.146247330577418
0.00582263786666664 -0.218945546487652 -0.0177016705415267 0.103832836767619
0.0156780301757314 -0.220349249350942 0.0308894248539891 0.0883180791878328
0.114782861101471 -0.183737112282894 0.0601539835504745 0.100735477088885
0.1935609313066 -0.117644442537206 0.0869473942358849 0.139635093307688
0.311679976006858 0.0406734054197349 0.020237728331323 0.203471740828929
0.223090884763419 0.246199194653763 -0.11774035396176 0.223976402912027
-0.0421692876218493 0.356600469184335 -0.138548949883689 0.163479025947975
-0.273876454149446 0.361082656431049 -0.0749437557158285 0.127647733480975
-0.325087063920007 0.281322513398781 0.0185980640180922 -0.1609322550618
-0.218625449648959 0.370614740503027 0.224249208198334 -0.11282641727507
0.0834016927671694 0.41197685944762 0.160325063481023 -0.330317129193837
0.332137773237862 0.23363072609938 -0.0843087488938507 -0.356776103323379
0.30441149793921 -0.0368585169105194 -0.216104973860109 -0.144128685802922
0.200470314304457 -0.159860193330897 -0.176020588727366 0.00618436985771313
0.0821456356622506 -0.246322735826733 -0.0584592292321637 0.0635763703131846
0.0152793575668034 -0.249425855729017 -0.00391289362017883 0.0231713360993393
0.0147485904592658 -0.24807428404007 0.0448014110711393 0.00444948260729891
0.113447801721047 -0.207859807239459 0.0907314531620634 0.0216849706555202
0.200827230689316 -0.138615764090965 0.142460473803848 0.0789595793020016
0.331634718569082 0.0281228060611212 0.0869210251504559 0.173198312414884
0.243157842183124 0.251613653469099 -0.059835670392583 0.21587901094121
-0.038798731950575 0.364634372545167 -0.0948646252103539 0.130437721025929
-0.289929957943134 0.361396362949017 0.0306618405054878 0.0491511670769355
-0.325240532173495 0.220819282614848 0.176872258236204 -0.215985768159012
-0.267647870966192 0.327107588099414 0.3125747822935 -0.145213589473844
0.0168491359624302 0.413287678673935 0.231255288450939 -0.296369070205695
0.293047461880962 0.270910562572645 0.00973468225659141 -0.335088818417699
0.300004676573562 -0.00776478358056755 -0.115596189478766 -0.170532306081322
0.201255868693178 -0.142533586807016 -0.100159872371978 -0.0693692156792459
0.0894914211567916 -0.235697922672531 -0.0248243569617373 -0.0242660041782484
0.0217840889894375 -0.242512698487507 0.0108929545322045 -0.0581532514451972
0.0145965502901789 -0.241072723269322 0.0556725728050914 -0.0783457817748702
0.103164974348526 -0.20204868227556 0.114853221177849 -0.0565162388931093
0.187908271887726 -0.13317133645982 0.184974145479948 0.0200281433631963
0.306942933999936 0.0308404747563963 0.134086020123467 0.139029242067901
0.213545510936552 0.23841688433444 -0.0164185945317357 0.196145616982927
-0.0550237352205898 0.3231876422825 -0.0683253571732581 0.0905138711825005
-0.279595242905487 0.301973762609054 0.118511409089792 -0.0249983916336711
-0.258259039519695 0.128272497485495 0.312444755123831 -0.240510692415021
-0.245506203027174 0.220190481931866 0.375808981105343 -0.157606680250467
-0.0332246528168304 0.319671121705247 0.27614731047432 -0.237510313514072
0.203572690191687 0.235289742852492 0.0899419253366569 -0.284474238309179
0.233345677033003 0.0111494558022072 -0.0209357211540898 -0.181098635893872
0.160751866572365 -0.105148200990988 -0.0261366282155946 -0.130649415577692
0.0782729588032851 -0.187057920578711 0.00513369348444365 -0.103672696938272
0.0236503119489988 -0.199798529977797 0.0247641046596953 -0.129222489923785
0.0182820019492611 -0.199691023203811 0.0668761422077745 -0.150495158733703
0.0880903524143826 -0.169810733166508 0.138018309231166 -0.120574695664396
0.160080317951613 -0.105172331173065 0.220185781806695 -0.0230725793255415
0.24920143428844 0.04413184180619 0.166629870835638 0.116889290975011
0.150522223151044 0.210369748068499 0.0139932356379302 0.179818888270177
-0.0821535041713319 0.249674331754219 -0.0495169670601874 0.0565320327795854
-0.245730440724351 0.19947057033961 0.190116775742592 -0.0796151674502786
-0.141441075932684 0.0160027908648941 0.391834969459682 -0.238665517279989
-0.164955562449905 0.0834337975601192 0.396450088486306 -0.160293549053688
-0.0514820134291348 0.170691798165378 0.290223803249561 -0.183296693324211
0.0962792294518579 0.145480651250524 0.139822599440711 -0.235527631344208
0.129612916329376 0.0148934604979253 0.0418222362204668 -0.187149257205332
0.09053514218612 -0.0556479081080485 0.0225762792855397 -0.17350588720409
0.0508821936027724 -0.10966809707524 0.0230346692203005 -0.162578858436046
0.020944307166045 -0.127280709842188 0.0349917715228175 -0.177959975592151
0.0197891840107863 -0.1304211800503 0.0799330572113635 -0.203520732582792
0.0651822876233401 -0.116183237955157 0.163503401662292 -0.162534006229621
0.118399866112965 -0.0649677665052854 0.25366335757363 -0.0423617182208999
0.168339327047343 0.0547567082523861 0.190376372443049 0.116708066571631
0.0712596000379257 0.160729363947978 0.0341288671122029 0.176477325094711
-0.10046165193282 0.149341557640143 -0.0377565778532214 0.0356493781362995
-0.18276920435555 0.0709410141295616 0.242957020687102 -0.107015452842883
0.0636951989346514 0.0612377882440701 -0.271198869119616 0.169338758082295
0.0673601428916755 -0.0416393658958938 0.0475003668081744 0.0546499830132544
0.00934498042856688 -0.0878422821787178 -0.0108183328263528 -0.207589785005246
-0.0629741862721584 -0.0394111317967544 -0.203149051647316 -0.178069164715487
-0.0486766626358751 0.017126763696029 -0.307143473071488 0.0174922699911655
-0.0164155371724354 0.0292022058179478 -0.226990846600774 0.205281499748809
-0.022577291379315 0.0363584272501291 -0.102220009775814 0.24929078390169
-0.0231684253099668 0.0276929132514303 -0.0333895706175619 0.228077072668734
-0.0242839140722299 0.0109541763021598 -0.0148798514289143 0.219005248788691
-0.0227790125305533 -0.0136157429737214 -0.029874147542791 0.224415847510799
-0.0174283248074364 -0.0336306328276934 -0.0744051136016994 0.216434475066729
0.0284463631772603 -0.055920493672431 -0.173395497420047 0.211136211690868
0.075886976341219 -0.0229426921165769 -0.283570274747451 0.171930907794638
0.0633832482923392 0.065854073740296 -0.333520661153555 0.133573748550422
0.0230094029754132 0.104605878979541 -0.372720685196484 0.230340233761742
-0.037981201347932 0.179004328337339 -0.278291214862263 0.103202340027257
0.0403058140609537 0.0962956379679904 0.0460536461924248 0.03082781433091
0.0835225037290533 0.0292742377167156 -0.00725817796412535 -0.245153122412271
0.0645724261742184 -0.00867492633610644 -0.221743189605886 -0.223626393491227
0.0393278858421033 -0.0269074515326918 -0.330655581784419 -0.00343842318901817
0.0331918749990451 -0.0441509431983619 -0.248296827268497 0.19822664586224
-0.00733317961707977 -0.0619157005094829 -0.104496286019545 0.246982269051759
-0.0182489413507522 -0.0685462018560869 -0.0307885800019353 0.215419839298078
-0.00222182071047682 -0.0822689650320406 -0.0014015870682982 0.205156979007893
0.0483771318800292 -0.0774991068311215 -0.00958892395510527 0.20945920106733
0.081499636287179 -0.0500581809102792 -0.0385072767509489 0.208647121101768
0.140548587952764 0.0159460755421346 -0.128495773892077 0.215264089579366
0.109422510222836 0.111768109708696 -0.241930539387575 0.193222043433945
-0.0134603526421365 0.194622985005728 -0.26974794170201 0.163749185314569
-0.117021413520173 0.218864748174502 -0.299916426806766 0.227869055704161
-0.151997041449882 0.264830614138448 -0.232520675911312 0.0153621019969138
-0.0252213098070802 0.235022229554102 0.0750090331924605 -0.0126323298730934
0.132021475533779 0.174681217371948 0.0216215081172536 -0.29200554556768
0.196941647118587 0.0535801976571295 -0.216879186196853 -0.282448743459502
0.144680852921728 -0.0581251574008102 -0.332141351763136 -0.0435826353214186
0.0956480433722663 -0.109645852916833 -0.253186609514038 0.158783204672186
0.0191090702411178 -0.152023352397066 -0.100246065675988 0.210512874104828
-0.0111003160225299 -0.155457150716554 -0.0244243305960238 0.17166444914799
0.0079995561731993 -0.163415696276399 0.0164025190052225 0.157508184327163
0.0937608102072403 -0.140148449171603 0.0269726164433528 0.166602130653375
0.153373293150472 -0.0857493369083771 0.0242075534265416 0.185378090485754
0.24497340399401 0.0393946832696107 -0.0568795160716621 0.220942611305932
0.1723246795844 0.20298567298994 -0.18081031946558 0.218764063895216
-0.0392522293561566 0.301527712461638 -0.198371580395174 0.17843769918754
-0.214245016231372 0.314537974922112 -0.191169755999426 0.194082823938876
-0.256049460459257 0.305111315945355 -0.129653609741583 -0.078269375663366
-0.119453417382921 0.342124197805481 0.137686788040164 -0.0665478957610837
0.138843502582055 0.319462155012875 0.0778506233523673 -0.329502423765662
0.302763674199583 0.141036224659154 -0.174026772065399 -0.334416818336787
0.244310694235038 -0.0652556750130268 -0.298331341722952 -0.0945495991239227
0.157276162730721 -0.154163676790245 -0.231216828403357 0.0928363805879844
0.0497852586284725 -0.218182193926437 -0.0838375939119578 0.146504458243257
-0.00349183806331178 -0.218648341235038 -0.0152874298446701 0.104453131640888
0.00827246934107492 -0.221791904277712 0.0327231892285406 0.086086467939183
0.110545371475219 -0.188375115740082 0.0637228119609691 0.0992603764786086
0.191781923668318 -0.124078405165582 0.0909101747244051 0.138054423131082
0.315184919745667 0.0290660951520881 0.0233544376065623 0.205601535678218
0.231065316458669 0.242516031360757 -0.113641230808723 0.229886985428337
-0.034146837322324 0.362292948524915 -0.137384755697977 0.16617057783179
-0.264999549523145 0.371226229264249 -0.0752587056793034 0.129195971368879
-0.320594500735898 0.290735316394412 0.0152974596629156 -0.162424315294412
-0.21303747124147 0.380741396338521 0.223723700679938 -0.117282439396921
0.0953649379962278 0.413578603479727 0.153857191290781 -0.336671047624896
0.342022988109772 0.225116269983263 -0.0930388742681865 -0.356626300684785
0.305807775674532 -0.0459625350603724 -0.221748341952196 -0.141550994150416
0.196927092175562 -0.167572260492093 -0.177263066655723 0.0123086543958766
0.0743264103801371 -0.248403817887566 -0.0580460348500653 0.0621762498764541
0.00560504343128792 -0.249632370510947 -0.0034665884372224 0.0227435642269299
0.0063310020068202 -0.249032237494459 0.0447779636303814 0.0031171639136479
0.10803150758834 -0.212171651257908 0.0921019171887634 0.0188140227734469
0.198428338095406 -0.145392581122494 0.145172811414429 0.0756113693293045
0.33485125059914 0.0162180246489764 0.0906600748771444 0.173769248265451
0.250447673944716 0.247064963795487 -0.0546651144598564 0.220936867366639
-0.0308695495515821 0.367864396815342 -0.0948436529574611 0.132791775918186
-0.280849326203169 0.37119467239866 0.0305602085872379 0.0476898719528053
-0.322084102775629 0.230782174721955 0.17462479336073 -0.221033156697585
-0.261395436004161 0.338497416288465 0.311290951009329 -0.15172517995186
0.0296690501744951 0.415564375429035 0.225241780584436 -0.302818855392392
0.303114847714604 0.262960798353538 0.00187741412943141 -0.336392510287526
0.302289773000832 -0.0156172261818481 -0.120495023224859 -0.170945049065202
0.198665054544978 -0.149215460149508 -0.103460744014902 -0.0666085144976594
0.0825248632075228 -0.238064928946773 -0.0261818854366704 -0.0266621369721593
0.0116788343359619 -0.243051362375944 0.00932349594398146 -0.0590374790399115
0.00705648607545323 -0.242247160003531 0.0533982648026845 -0.0797476356793324
0.0982831773400338 -0.205483034048917 0.114192883699035 -0.0594913584324542
0.185185529850105 -0.138340141504423 0.186284667686972 0.0157550376344594
0.30946726037579 0.0205906104983818 0.137983290278709 0.137729824164936
0.221152066657873 0.232946057089258 -0.0115930948455177 0.200946951116278
-0.0481388296179983 0.327579935540764 -0.0678863238793467 0.0943831888620484
-0.27218692922978 0.310461223614207 0.117554696128844 -0.0290176208754973
-0.25653344892285 0.135427878741203 0.311608793133126 -0.249048849646285
-0.240792800486727 0.22903757063126 0.374742116087598 -0.164827490184148
-0.0249075166945266 0.323071167463796 0.273426045489936 -0.244678628576266
0.211356535581609 0.231069417493778 0.0844205066557385 -0.286581063203189
0.236051078971667 0.00578638594543272 -0.0248984681129872 -0.182649791062122
0.158827470099375 -0.10931830748526 -0.0303726580895466 -0.130259819302437
0.0725127739499524 -0.189162416939525 0.00181817938490163 -0.106322924248103
0.0153210244168117 -0.200531980728777 0.0216091074559641 -0.130590926307644
0.0111682962744311 -0.200915037801042 0.0627850388650585 -0.152147449074172
0.0833645726670934 -0.173149258992804 0.135483110125557 -0.123710173218638
0.158406128034405 -0.110088215158361 0.220747491333046 -0.0285094191961803
0.2513348752103 0.0361097823478101 0.169806368914907 0.115723097969242
0.156007063278233 0.20577939207178 0.0182024346752209 0.184237160754473
-0.0769682522962342 0.252637129128013 -0.0499294848293378 0.0591482373646878
-0.241089655504489 0.206314477301385 0.190096388139164 -0.0860624582810449
-0.140217356934654 0.0203503920518301 0.391639400360405 -0.249527056126006
-0.162869667496591 0.0887448298992385 0.394698699905787 -0.169018945748447
-0.04661966460586 0.173085386097927 0.289056384152895 -0.18919815134526
0.100158285277262 0.144070428012023 0.135390285171521 -0.238573684316151
0.130599254724143 0.0129447625884197 0.0387465508604786 -0.18967136987101
0.0907607808276764 -0.0567750159358197 0.017716645054279 -0.174673518897842
0.0479655418072633 -0.110496786885665 0.018215046959343 -0.164518311832588
0.0155136163278779 -0.127304529040279 0.0314262469946825 -0.180339460623804
0.0156641157021463 -0.131304862996827 0.0746022109695755 -0.204724967581496
0.0620195697882563 -0.118488881057989 0.159494285241479 -0.16585999447469
0.117541566870205 -0.0680540887673987 0.253544116761299 -0.0494494457142198
0.169561475872812 0.0485466308666862 0.194091907565566 0.115127961611916
0.0751609788737248 0.158723583389614 0.0379495075689682 0.179182122524117
-0.0981392315715175 0.151833669232092 -0.0386198628964662 0.0386899805295172
-0.180622032850024 0.0753709038633974 0.241855156911131 -0.114580813835557
0.0700374843128891 0.059416056412633 -0.26642710331435 0.186100912373167
0.0673661250885558 -0.0448427949997475 0.0519704248756483 0.0531219929999048
0.00424545676284543 -0.0908221451097624 -0.0218617685028422 -0.209245591361916
-0.0648734779946104 -0.0374547596786429 -0.216372270866831 -0.169731248175878
-0.0488970719881071 0.0189130811591881 -0.309569369314683 0.0331936596430019
-0.01525269905749 0.0293635701424421 -0.216702091745059 0.218472523059621
-0.0192046059977635 0.037412883062744 -0.0888871004875838 0.25658328589078
-0.0217803691119154 0.0296689822864377 -0.0206827504800788 0.232035793379936
-0.023895189606226 0.0117476063931002 -0.00232134632958189 0.222079313299363
-0.0241571805648624 -0.0127773982882723 -0.0160722759772278 0.228855891367878
-0.0195043486699048 -0.0326380951288453 -0.06408167836565 0.223622294494754
0.0257780923509957 -0.058336162719683 -0.164525226507521 0.224483936782765
0.074549315822272 -0.0265896826795964 -0.278428961556353 0.188661061068681
0.0681233247548378 0.0653377542083878 -0.332568963497311 0.148647229979183
0.029067114297882 0.10532400388344 -0.368634894498824 0.254201385086223
-0.0267899140527448 0.183891736753148 -0.277528453827132 0.118863086117415
0.0469642942843613 0.0960610037063775 0.0496708277752609 0.0290956744777012
0.0870858716862134 0.0237810088212852 -0.0214956237744903 -0.24647033480982
0.0653187246307324 -0.0139664197224309 -0.236739501366724 -0.214508429023504
0.0380048915541282 -0.0309428780431872 -0.335440901318737 0.0137418484314838
0.0308304735871955 -0.0479089629378926 -0.238284883760161 0.212950294752743
-0.010518573502612 -0.0625228317082185 -0.0917299820362268 0.253069487069188
-0.0236642804199938 -0.067316443359773 -0.0190558530066444 0.219124941780119
-0.00825013042113481 -0.0833147195738963 0.00994072427153068 0.205978187772462
0.0444305260214803 -0.0818885472493389 0.00292980340033231 0.211881636488816
0.0796989917668215 -0.0557982603825385 -0.0277706349574821 0.21376679061658
0.143468394654995 0.00697390223858807 -0.119513793471473 0.227114463256033
0.116530515267003 0.108004708724433 -0.234210300177488 0.20815619252055
-0.00256304683236384 0.200102585653928 -0.266359338325453 0.17608132905285
-0.106267884369296 0.228290906993015 -0.294608191217072 0.246674701928943
-0.138917547331492 0.276488419971495 -0.236177824137095 0.0279957396304862
-0.0124186143026184 0.24014328259542 0.076146323494964 -0.0153397165595732
0.145456524754477 0.168128830189224 0.00434005202526892 -0.29469020144088
0.202801647154504 0.0414475893751123 -0.234370369118587 -0.273580300765174
0.143026639832989 -0.0684432087432347 -0.340493863035683 -0.0275476617230439
0.0896562329028334 -0.117301572505578 -0.246482882016339 0.174820312345743
0.0111651046405878 -0.154798226138823 -0.090156429982939 0.216821236789708
-0.0222092901881843 -0.155080589292373 -0.015323736047262 0.174511931647991
-0.00277971351753137 -0.166003878771503 0.0248140088540401 0.157173874377302
0.0866847709790856 -0.148060909704282 0.0377173504501911 0.166204468944027
0.150650541662312 -0.0960909101082752 0.0347842146056093 0.186568837364852
0.250129764181108 0.0236046806882386 -0.0459087452960738 0.228937246669129
0.185610558127639 0.196640119688551 -0.171586228768883 0.231562231935503
-0.0235196935022373 0.309128248314176 -0.193781266096948 0.18825556994599
-0.199287938805051 0.331770117970363 -0.18573291803892 0.205686214497723
-0.242721868028295 0.321861838513052 -0.136650203151949 -0.0721372657330731
-0.102494771170682 0.353358916639186 0.136181113032221 -0.0724898217920872
0.15955204949932 0.314794833432276 0.0592945663763705 -0.335702895223998
0.315462790103133 0.122549778566702 -0.194080202844692 -0.328107372612191
0.244423611265708 -0.0814159495094586 -0.308303919165698 -0.0801574733943552
0.149664956540125 -0.166213755225973 -0.22798088216238 0.106671793684131
0.0374611023111012 -0.222387103848458 -0.0790096100168037 0.149281109923426
-0.0180424232042333 -0.218866305188787 -0.0105134256289002 0.105877895016129
-0.00631120080352617 -0.224175864487525 0.0372872720756693 0.084261770401549
0.101337825278374 -0.197999529578206 0.0704787534736248 0.0961167287143394
0.187151223237861 -0.137258458632432 0.0995442817710719 0.13528938675163
0.320869240131575 0.00886924278823748 0.0342397848052615 0.209904850920926
0.248197470820443 0.232083222473875 -0.102799368753084 0.240164208722584
-0.0159443486726294 0.369523907918087 -0.132298783813584 0.174508900940886
-0.24646113026908 0.390359397995421 -0.0719964868191688 0.133147293195279
-0.309656776985619 0.312606644397507 0.00740261701656721 -0.164810756951627
-0.193930765321833 0.398499055568635 0.220404508467762 -0.128312784478873
0.122210338307051 0.412632044548784 0.13625734892007 -0.346779165016496
0.359797112683366 0.206700280515799 -0.114227337123283 -0.353912499028661
0.308126135787417 -0.0650888650433068 -0.233071900962102 -0.131357469296925
0.18954613081663 -0.180609285941787 -0.1786920692712 0.023117641115195
0.0601284931496021 -0.254479308539568 -0.0568802481751512 0.0633325392232631
-0.0121868365115158 -0.250226755470165 -0.00304113871013066 0.0233226780438149
-0.00973232460297229 -0.251144091634067 0.0442524538531621 0.000157681816818335
0.0975146917266545 -0.220476165326263 0.0948660472638715 0.0139944306065182
0.192442254429835 -0.158472343767702 0.150685120385182 0.0691566865093898
0.339403062792554 -0.00511114723149358 0.101192343980494 0.173434465427762
0.266805760880402 0.234778967173621 -0.0429648591533858 0.228371406576039
-0.0112249739988308 0.374561304171953 -0.0903706971781526 0.138791666498476
-0.262513221806768 0.391116557087635 0.0316810413424872 0.0451972800614699
-0.312800868350318 0.250427791785561 0.16583952020602 -0.233001097228981
-0.244666576886239 0.356819989978786 0.306453592351946 -0.168032270319116
0.0541340298843277 0.418237437291236 0.21134117921959 -0.317511232433194
0.322295191257534 0.24829406338102 -0.015428518154898 -0.338319086760008
0.305757579751325 -0.0330990357119983 -0.13118346728879 -0.166345814695556
0.193032933683534 -0.161657953331101 -0.107858279302728 -0.0606290823806548
0.0696603479323027 -0.244322774011092 -0.0296217035477526 -0.027183120081705
-0.00443301730596565 -0.243891028728306 0.00644992850097051 -0.0607378687104618
-0.00878126809895469 -0.243328405896404 0.0495635166709129 -0.0827907677302758
0.0879112279058046 -0.213524701370191 0.112250224979163 -0.0654384870819962
0.179997078265348 -0.150401313970246 0.18869381546557 0.00566540066938951
0.313522236089144 0.000630933280386359 0.147266610610966 0.134171669553026
0.236407766865573 0.221796049936324 -0.000230108545212628 0.206134702355241
-0.0309830898361318 0.332404794529147 -0.0655657503581618 0.0994264135906077
-0.255730961079067 0.328266890562879 0.116711033853149 -0.037259519733053
-0.251017899231308 0.152180685908576 0.303371884851936 -0.268585343639216
-0.230507773520612 0.245406690722299 0.369844090089748 -0.184630954610188
-0.0055675708620163 0.327473282058789 0.26415412696341 -0.260947823151381
0.226597099103424 0.221404643730103 0.0711573110582407 -0.292078488747708
0.239978523158976 -0.00703563047233272 -0.0343399666743303 -0.183597186808862
0.155681739237254 -0.118899932411303 -0.037716196565217 -0.129223648006806
0.0622476799889386 -0.19303239726849 -0.00587800970829654 -0.108967581176235
0.00127772352950753 -0.201667139791159 0.0150157559105648 -0.133477048637712
-0.00197642235458501 -0.202491792483536 0.0553784097836072 -0.156294225780548
0.0739252263711172 -0.179280806497356 0.130017770690227 -0.130906203168289
0.153227475415144 -0.119977133784264 0.221526093889323 -0.0400680483695307
0.255824680701476 0.0210822675275124 0.178348589132597 0.109253782102149
0.16925482671935 0.197927479798122 0.0282375002273788 0.187116136998761
-0.0646826930048603 0.258494848721835 -0.0487886541135548 0.0642979235965615
-0.230106084947786 0.221393452588064 0.186611476777033 -0.0990481208803378
-0.139306455379543 0.0288909673734047 0.387033932258322 -0.272594570033702
-0.159333768328415 0.0993681606509581 0.390536157041136 -0.189485764167003
-0.0364580069741559 0.177645232572145 0.283441346832583 -0.205579743408358
0.109606585170007 0.139588450348674 0.126079110293534 -0.246449247018737
0.133221580520396 0.0067108792855161 0.0303159189369832 -0.194341247778281
0.088695997915919 -0.0613748892863461 0.00840888242733869 -0.177561938576733
0.0416538509771434 -0.11354536504544 0.00957563375247514 -0.168009135132093
0.00699240724938616 -0.128693933494602 0.0222890538189396 -0.183877465210965
0.00693560758681142 -0.13333471974069 0.0637895816321907 -0.210216880997369
0.0553116920467996 -0.122286653745094 0.152734801096813 -0.174664114536691
0.11468025355681 -0.0750160095873559 0.254079813106106 -0.0636839384291858
0.173501383545135 0.0385046638935366 0.202155019077393 0.10679105195026
0.0844441527332239 0.155036788220402 0.0473305700146481 0.181868608159355
-0.0914443861497328 0.157423560740694 -0.0375462748273169 0.0427982266610488
-0.177161748570543 0.0852958206196205 0.238176996807992 -0.130222900652615
0.0756819958909228 0.0533227361384096 -0.250010251960861 0.204788789438632
0.0646425454564781 -0.0482790770718465 0.0564651130221474 0.0494949109642229
-0.00264853794444708 -0.0907524140503162 -0.0371270217295319 -0.202894103055662
-0.0672647395992751 -0.0326012605237311 -0.226435692084456 -0.15239988144189
-0.0468085480779893 0.0220296031177188 -0.303333654110496 0.0558503024282053
-0.0133408539798884 0.0281593979961114 -0.195954396407915 0.231027587384976
-0.0155516894702419 0.0375533088836728 -0.0663039416741583 0.259633124918258
-0.0185752517852472 0.031242519691451 -0.0016410218743775 0.230387992709654
-0.0229795768805456 0.0131841012500707 0.0156268283479729 0.218124751918139
-0.0245633452610171 -0.0113437389712782 0.00240531643839362 0.226017253374334
-0.0207518994189437 -0.0308657086842378 -0.04638871868815 0.226938986176044
0.0202670912881416 -0.0588289814181687 -0.14496076228687 0.234896445307031
0.0707344557652516 -0.0299305960500114 -0.260510870027603 0.2048212021044
0.0732182592900398 0.0608450757639496 -0.318882750078274 0.167061842263772
0.0366603398376769 0.101345902203426 -0.347838794673398 0.278813986842525
-0.011038160611612 0.18337046147722 -0.26706098062104 0.138333122771411
0.054646351700891 0.0918280058750344 0.0519657459435565 0.026530702295199
0.0881549904856674 0.0151962698618794 -0.0396750509866937 -0.239643320201518
0.0643446120043106 -0.0203545661123668 -0.249744670928414 -0.194155970178071
0.0347766638304722 -0.0340833593693952 -0.330774523544184 0.0379783652605302
0.0261767537901376 -0.0511373155951992 -0.217965857738526 0.227491894503198
-0.0149241709118398 -0.0610385344117594 -0.0708888344003699 0.255892772157635
-0.0291561267823399 -0.0635472776298118 -0.00246945783597561 0.216117299146518
-0.0151973756336156 -0.0811617648648209 0.0254038938729011 0.201032258571459
0.0376072197396363 -0.0852217352733942 0.0203226538110679 0.20731487161253
0.0745756081383726 -0.0611848839291776 -0.011612210381714 0.214531428726383
0.14200920417518 -0.00513518735147617 -0.0997644222260182 0.234645262308444
0.123136351524509 0.0987102135363108 -0.2157263091942 0.221398324074024
0.012855523937887 0.199165314714153 -0.25230816034675 0.190687674322708
-0.0859688024523294 0.233388060774833 -0.274537154249749 0.265522909620368
-0.11511338768424 0.283872456595874 -0.232521067351254 0.0454566041864547
0.00602500383485279 0.23831251369891 0.0745029747857991 -0.0188693435279335
0.157470968666108 0.152931401107368 -0.0181329211782675 -0.289490614723278
0.204886070680801 0.023050088890573 -0.252355068515577 -0.252347643203453
0.135599995191261 -0.0803653104728432 -0.339222324339139 -0.00114349982241246
0.0791767242618975 -0.124720724632197 -0.227786998093657 0.190553337847437
-0.00200522466427135 -0.152636684714623 -0.0730694401188259 0.217906737917912
-0.0354241636480398 -0.148845225378495 -0.00273643682784548 0.172227090665166
-0.0171503951392346 -0.162629968275122 0.0365137649297307 0.151809110265438
0.0738915385963865 -0.154469003040324 0.0503589805780098 0.159715662105793
0.141980792474365 -0.106459685994198 0.0481742533110577 0.181958927329085
0.248955405680824 0.00143177341975684 -0.0281238628719123 0.231625242912825
0.199414031115276 0.180039833645235 -0.152118015183168 0.241716114604995
0.000315065435799754 0.307996164949587 -0.179572197119184 0.198025092265409
-0.168508326258255 0.342298891574814 -0.170987794850304 0.216448522679581
-0.214327156408755 0.336270941275499 -0.141436063792452 -0.0611965842961484
-0.0740301334636168 0.356988574548968 0.129166237790391 -0.0799095806584186
0.183385895249921 0.2964341532316 0.0331443030766775 -0.333337706968563
0.322328026744933 0.0952518074857058 -0.216184440822517 -0.30854607273834
0.235304729021984 -0.100091809384842 -0.311311400519177 -0.0562563412346309
0.134601046578201 -0.176414140291154 -0.215950716244397 0.122709834186706
0.0188257055667779 -0.221950598500785 -0.0672875139165599 0.151106822685274
-0.037387050651429 -0.211479364124949 -0.0026280890199459 0.104243710318614
-0.0255882218165274 -0.219355592704125 0.0420876037117779 0.079762581677923
0.0835259939755363 -0.203175636237449 0.0771081771930099 0.0888266757427262
0.173744168422956 -0.150428499923724 0.107927482866931 0.125795243594125
0.316560491146993 -0.0186589943556822 0.0497435531078931 0.206594325071871
0.263379789212464 0.209378074746681 -0.0833790821691893 0.245295876870128
0.0120779572251574 0.366110398178873 -0.119653521099096 0.181698564351355
-0.21145082138476 0.403690793567787 -0.0631895715511153 0.136081499708898
-0.28008475538991 0.331774039457818 -0.00565765993204272 -0.163628588256453
-0.161359200247716 0.408132563300367 0.206865474431883 -0.14120304951499
0.155063644826886 0.396846332978571 0.108451221217871 -0.34998371228749
0.372304427625682 0.174017299936914 -0.138508837369288 -0.339238693942217
0.299240563810834 -0.0884148229273544 -0.239982828430081 -0.112708338592516
0.173024325738044 -0.193841829369429 -0.173563998146632 0.0367264453626998
0.0384230906046505 -0.254650871368555 -0.0530841669608916 0.0648070349269947
-0.0338048155628516 -0.242307514647197 -0.00191868881922294 0.0221126490678636
-0.031828611782865 -0.24526955464476 0.043585162413672 -0.00320258716162176
0.0783593424707316 -0.225646842915302 0.094371174856274 0.00650919759086721
0.177774135312155 -0.172009539074811 0.153668843461225 0.0565753678784425
0.333173334079513 -0.0345514080620067 0.113449789254245 0.165760004137232
0.282907604365717 0.210020677348464 -0.0248254509192433 0.230023983699991
0.018216456957769 0.36948565624381 -0.0804193703839326 0.144148967533737
-0.225276249632621 0.404709301665971 0.0321886794605602 0.0404908085201713
-0.289343910115594 0.271629217291437 0.146584131494703 -0.243190599335346
-0.214387975423675 0.371772660363308 0.288658404318205 -0.185593407504966
0.0876261035996305 0.407701187579399 0.184739528217053 -0.326131066296286
0.337427696554586 0.218493095118338 -0.0389691071468695 -0.330535619216238
0.299530295077435 -0.0568619853029203 -0.141778267236774 -0.154631225718046
0.178153385772984 -0.175284322676694 -0.110008863089085 -0.0506348658101574
0.0485083670824337 -0.244264289394322 -0.0330928008701655 -0.0262267827612209
-0.0260762070329554 -0.237267392607126 0.00093842578942847 -0.0613262581889943
-0.0298928731157466 -0.238061607685056 0.0416420652082274 -0.0854482183053632
0.0689575073405812 -0.217109142587592 0.104531696787873 -0.0725558208235682
0.165734134195041 -0.163131733176669 0.186300770277809 -0.00865209455067372
0.308181158444797 -0.0261753458378191 0.155587516024156 0.123044831710463
0.250194610178372 0.20040526523182 0.0159447804915076 0.204756687444974
-0.00600839076853994 0.330036922203507 -0.0576417577614104 0.103500667519485
-0.223390736138371 0.343332052191737 0.11048954072936 -0.0477055072881485
-0.234404357582532 0.169754942050539 0.280955293478231 -0.287897701502645
-0.207805749504417 0.259753140175179 0.349932214052817 -0.20743892042741
0.0223628031106054 0.322459265485348 0.240918456623475 -0.274285575240638
0.241724745572771 0.199703064073803 0.0505172486171268 -0.292166474251588
0.236403601568674 -0.0252266085837047 -0.046781172218962 -0.179677264511392
0.144431900274229 -0.128714953161489 -0.0467232979674213 -0.12472124763741
0.0454619274729144 -0.19445225824591 -0.014568243292211 -0.108753643216564
-0.0159307422763694 -0.196604773489758 0.00462873218437821 -0.133108604362617
-0.0182244389871968 -0.198891656549752 0.0416104136894399 -0.157273216707013
0.0586293041452634 -0.181692057240474 0.118097606573982 -0.137848541771369
0.142413953962917 -0.129794382062332 0.215169981024486 -0.0572185010525311
0.252779908746498 -0.000717982830646689 0.184548263762969 0.0955778067629465
0.182076235844196 0.181306759413366 0.0429482081120453 0.184416783496354
-0.0448711657025194 0.259047575476533 -0.0437959530100816 0.0683812462424531
-0.207091461473642 0.235572863127081 0.176006127110445 -0.113598232019567
-0.134117626282758 0.0393490510246131 0.36257456737244 -0.298415507637488
-0.147241233287327 0.110091356871457 0.370908853327041 -0.213344839285495
-0.0215660591655638 0.177456963507861 0.265068584515195 -0.221292253712169
0.119559939285553 0.130126780180814 0.107574792976863 -0.251606126232683
0.132199405663177 -0.00289676343336709 0.0159103475836452 -0.194509736337965
0.0839298980632641 -0.0672305162620209 -0.00520348837877951 -0.176152577903142
0.0325913957310553 -0.114100768260177 -0.00472414154743198 -0.167480372655809
-0.00466833381864241 -0.12620209100204 0.00792648119277227 -0.184229160111807
-0.00396413408000607 -0.13156554402294 0.046455737982065 -0.210307324856281
0.0434281170797977 -0.124924256995656 0.137018003467123 -0.182133647940374
0.106928775847069 -0.0823347920410189 0.244565875347384 -0.0825397233616952
0.173159379089796 0.0235538637646632 0.208107249223679 0.0917067448195299
0.0948312661484465 0.145533244298615 0.0613041890424732 0.177218763033599
-0.079068548684824 0.162111190254674 -0.0342624577157751 0.0464791710436465
-0.166126567292693 0.0980419439443579 0.224662536645494 -0.148441039188993
0.0775550734454436 0.045190400877184 -0.224498181927736 0.212288680196238
0.0589262204909123 -0.0500003965295542 0.0589796421018566 0.0441125182692118
-0.00899053584958123 -0.0869909516711156 -0.0478306698825341 -0.189879958068758
-0.0653234072385284 -0.0273405339744087 -0.225459111956573 -0.131003924177858
-0.0430071815947176 0.0237812870260424 -0.284935665337791 0.0720754627787039
-0.0114055036778088 0.026679414702176 -0.170170535731163 0.230946416980247
-0.012139087482376 0.035904237463666 -0.0444577267384957 0.250676927154851
-0.0150522747576976 0.0306164675187252 0.0143978915268285 0.218270553680371
-0.0210467176571955 0.0136092845176464 0.0301362538742056 0.20621397062525
-0.0243764285804273 -0.00947311734395116 0.0181043235843515 0.214086625253157
-0.0218994799808343 -0.0276908607560081 -0.028287601367179 0.219905690678162
0.0153587092295821 -0.0569454844882587 -0.121046804728425 0.232736573485088
0.0646303787906991 -0.031820258499112 -0.233938377210156 0.209635117517756
0.0742057068533848 0.0543429003493905 -0.295269245907144 0.176581086880209
0.0417899698953262 0.0927868698083253 -0.315477848451137 0.28942203618957
0.00338380896388941 0.174943421247128 -0.246079543019862 0.150245138249691
0.0583153700817811 0.0841567845728877 0.0525709690590248 0.0228438874654355
0.0846512451934032 0.00691415810511113 -0.053174321730415 -0.223998216233614
0.0599228572887099 -0.0247980974360989 -0.250347470953747 -0.168728131878289
0.03029669874834 -0.0354693139202002 -0.31217805113769 0.0575970479636744
0.0205902173246435 -0.0514959789948715 -0.190796693774406 0.229798635053418
-0.018488613898889 -0.0567982979005232 -0.0499642981811646 0.246442354091949
-0.0319589174535345 -0.0573295816340853 0.0127781823381691 0.205199840451377
-0.0209817553429872 -0.0757228847161144 0.037716450943214 0.188533066991528
0.0288496091817182 -0.0844435786104096 0.0332945610482681 0.195172699944385
0.0671377324256182 -0.063551912302503 0.00368147706238538 0.204922371588691
0.134346929424667 -0.015673733246424 -0.078992808850943 0.231326072934454
0.123646414744623 0.0868693090101588 -0.191170688056388 0.223712176753441
0.025810429586814 0.189893732086624 -0.230331554881834 0.19474292857486
-0.0653505125562783 0.227230334151503 -0.246024128741899 0.270849145224808
-0.0889496738555351 0.277036141615785 -0.220538660841594 0.0600352379351748
0.0217829170854518 0.22588912821203 0.0704609933479833 -0.0209279433244118
0.160599967397442 0.133499605568067 -0.0363195805275332 -0.272319868271585
0.197327425206127 0.00581601460195246 -0.256677507940628 -0.223126074291216
0.123607398848559 -0.0857461090262876 -0.322544237000815 0.0216655038310341
0.0660896144509229 -0.125136970227364 -0.202832032972856 0.196566400631384
-0.0130111394385121 -0.144766267512237 -0.0552386142371485 0.211294342995312
-0.0448211672702001 -0.136939183019008 0.00860938850400912 0.16328862891807
-0.0292848226715784 -0.152164263858663 0.0440426155546107 0.141336276525131
0.0586317479364171 -0.152121260173665 0.0589675176542747 0.147524614167922
0.127687835724679 -0.112533615928515 0.0577201317895081 0.170094052558685
0.236137074074413 -0.0176124449933837 -0.00989694992053974 0.223606861486713
0.202021235869721 0.157579364947132 -0.129015033144291 0.239636370565875
0.0210099495193298 0.293779500188509 -0.159757838951346 0.198746488085457
-0.135974847790419 0.336336341795891 -0.150729570680753 0.216283067274106
-0.180532245820728 0.333382060775346 -0.140724877336767 -0.048170232494751
-0.0466448916765145 0.345225825648739 0.117474050563888 -0.0818633999913074
0.195989361300445 0.267349400032358 0.00990564997236402 -0.316437729951533
0.314152053717085 0.0666699663016107 -0.224804949764249 -0.278234560599991
0.21694631358544 -0.112169935742857 -0.299069309849773 -0.0324800239988534
0.115322496401127 -0.17819393917536 -0.195454526364534 0.131645040213009
0.0023799482462824 -0.211654416546521 -0.0551791331760962 0.146814304343612
-0.0511884570238567 -0.196019874674014 0.00363839968730476 0.0987805078557357
-0.0404322643156067 -0.204481767063453 0.0452632120553653 0.0718900721428513
0.0650822527748162 -0.199973646361256 0.0798904012510742 0.0782273093389601
0.154426351996165 -0.15585750530112 0.111085845496584 0.112798499777512
0.298649389517667 -0.0421385913582508 0.0627660139688391 0.195566914649209
0.265042486220629 0.180484609122091 -0.0630276452605002 0.239563663116543
0.0371765199413791 0.34712408024018 -0.103829036418923 0.179121014107294
-0.170284184485108 0.397415877859684 -0.0537701897306036 0.131767134735491
-0.243385434042792 0.334146659879404 -0.0171218010938022 -0.154284194807441
-0.126578139792509 0.398739724886264 0.186602073404261 -0.145093796931739
0.175094831290284 0.364512609758552 0.0803168319625539 -0.336400151526613
0.36628004990331 0.138922657061727 -0.153200175750637 -0.312218678229132
0.278883342517599 -0.105060123737415 -0.235559008070392 -0.0915405290103802
0.150888085234841 -0.196849953645539 -0.161394921824374 0.0464091289688833
0.0187879620347613 -0.243458792461924 -0.047502802527573 0.0635053879677114
-0.0503112815237537 -0.225409353737365 -0.00149330130259207 0.0206249343346116
-0.0484773994688817 -0.228790215600397 0.0403081123351344 -0.00652486287666281
0.0587942217340774 -0.220044443951278 0.0901903514266039 -0.000603827795963695
0.15703071918997 -0.175740616144341 0.149861813041443 0.0437972997950436
0.31334873335671 -0.0579424282678123 0.119913791447523 0.15216065793471
0.282856084563472 0.178408357711315 -0.0081755445983055 0.221924678988915
0.0412329939975021 0.349965599823259 -0.0681767889260649 0.142353100116867
-0.183150680992819 0.398673013129849 0.0307024466169877 0.035248705867186
-0.255267697521876 0.277034452224347 0.12377083025179 -0.239624643957389
-0.177932048283505 0.367248603615423 0.261163717844758 -0.192179796350182
0.111539612391701 0.380205967331372 0.155088238295357 -0.318802376076062
0.337039399046335 0.18304597364181 -0.0567661202340012 -0.310253681534231
0.281348502256203 -0.0750084846753507 -0.144633834985329 -0.137923234420637
0.158027525745721 -0.178800577736494 -0.106971408084555 -0.0410660592198295
0.0292357211364849 -0.234364223407578 -0.034690580075945 -0.0243734195617324
-0.0424912982215406 -0.220940704553139 -0.00426401743100322 -0.0583316377592654
-0.0455802572811795 -0.221453894475279 0.0333158577133103 -0.0838483129209816
0.0504550850946379 -0.210556703141081 0.0950889154486771 -0.0755974296756623
0.145656092773046 -0.165765145899603 0.176175088735505 -0.0202709757330411
0.289381474989942 -0.0471708837944189 0.157633209143576 0.108918820387496
0.251276331696121 0.171757992539629 0.0292602092131348 0.195846211594419
0.0162232941739811 0.3137266099088 -0.0495160550125321 0.102130156174159
-0.186775238268142 0.34049561719409 0.0997885087248972 -0.0538211176595571
-0.210463638612653 0.17640844449675 0.249039313391225 -0.292596307181841
-0.179137937344563 0.260676776916935 0.317360945000846 -0.217324120941856
0.0440221329745168 0.30303825053242 0.212262478222368 -0.273886376441377
0.244449243273914 0.17265888184059 0.0307432374757034 -0.279322632241785
0.223283402063891 -0.0407028715423049 -0.0559816637711635 -0.168218089000676
0.129670198515654 -0.132730199148491 -0.0518360630731394 -0.115923864799197
0.0300155120423993 -0.186609347246541 -0.0221122756403333 -0.103633326758405
-0.030043794258285 -0.183749529227677 -0.00529311838390073 -0.127520417412534
-0.0330311128392949 -0.185320061192892 0.0290764943346799 -0.151560813753358
0.0430422463882777 -0.176344522012924 0.102879026577217 -0.138172554562589
0.126030570423905 -0.132942226645729 0.199146621041603 -0.0682766424750475
0.238642524786709 -0.0197779054833044 0.183135515116661 0.0808453584003473
0.184344267398395 0.158500446049699 0.0535046825602369 0.174251093750596
-0.0260036839582138 0.248064638691693 -0.0378788862532243 0.0687542469086694
-0.178448167557404 0.236742371771924 0.157582877918593 -0.121524367603091
-0.123403877205981 0.0455864048028892 0.327982693245502 -0.307399740987585
-0.130766332527409 0.114632904353547 0.337502813389114 -0.223761188108875
-0.00696127409954212 0.16866784705628 0.239107284289496 -0.225408106369835
0.123502490621226 0.115222317857239 0.0884321616560588 -0.244814249840674
0.125637994828749 -0.0112271833967508 0.00377991460267761 -0.186308512543767
0.0762291083363437 -0.0691653833345614 -0.0170677668687345 -0.167965535564678
0.022958149580115 -0.110054558200196 -0.0165101186777674 -0.160010289952815
-0.0142305172549017 -0.117829799947672 -0.0044824809730948 -0.176581698384379
-0.013957796315846 -0.122936731291128 0.0308668277586464 -0.202246934298097
0.0328086703789728 -0.120963463879076 0.118914310200747 -0.181002021468171
0.0962723324632455 -0.0858564848289125 0.226081813906162 -0.0943808772170063
0.165583932903842 0.0100610999369056 0.2040132256704 0.0743251107761572
0.0987641382576391 0.130721823046962 0.0703126445977291 0.166534653690439
-0.0646191777635761 0.158449906789123 -0.0300841502081063 0.0476307842455132
-0.149185654497995 0.103973321026926 0.202425315289418 -0.157785412168307
0.0775471852936313 0.0361849138705245 -0.166197913703012 0.238296236680935
0.0489231814006179 -0.0543538004605239 0.0676028399979601 0.0298373522948622
-0.0242853381987027 -0.078039821208833 -0.0741819539735337 -0.173866335638232
-0.0677345809315771 -0.0113139949722802 -0.235977921567044 -0.0908488741238372
-0.0355028385291517 0.0337090728363015 -0.257058442564916 0.11589561005534
-0.00440514071597797 0.027126509472932 -0.122072906827647 0.243432990220283
-0.00344524222066458 0.0341670468450195 -0.00420553814428908 0.244276000968925
-0.00781227671468365 0.0309423565264656 0.0465706795838943 0.201153883802847
-0.0160205941905151 0.0156382752017929 0.0624523168300138 0.187526593498816
-0.0227194175795543 -0.00396018663899796 0.0544012656900473 0.196376629968182
-0.0225415656285823 -0.0209668355944548 0.0111371944891329 0.209701046352784
0.00501854855535451 -0.0521350064727994 -0.0733409358260013 0.236102938429143
0.0529212001736485 -0.0337930527341579 -0.181331255560313 0.233278252065209
0.0723161950499651 0.0422464386046719 -0.245957423675718 0.210665259167866
0.047978415518409 0.0862566218476557 -0.25070836140565 0.315428153533471
0.0250612158019343 0.163718577695151 -0.202037612097518 0.191354134124519
0.0667819891271729 0.0677077176154397 0.0563304176547115 0.0167007639212688
0.0730828501784274 -0.00713211719575181 -0.0793580255676522 -0.196836637876572
0.0449356754726447 -0.029056247194896 -0.257450792780092 -0.116413197751851
0.0223666428206258 -0.0306989118668338 -0.280310808255241 0.103362718435395
0.0140211826678051 -0.0486714356270282 -0.139896414239979 0.242759096275048
-0.0232142899366749 -0.0487801266970432 -0.00913522744294768 0.236973692779179
-0.0358169241610878 -0.0469758154605976 0.0428918300157916 0.188597504548938
-0.0295512719239275 -0.0669930754915801 0.0675662638816156 0.171454746097925
0.0154981293378721 -0.0820195690850966 0.0672541435303786 0.177449285047566
0.0552379851628405 -0.0658530892253224 0.038352392343506 0.190667115505926
0.120959109860208 -0.0311014091673894 -0.0359619822935896 0.228455849875623
0.122791106317344 0.0661139411111817 -0.13996851215501 0.241540791891774
0.0475243325972128 0.173648223293422 -0.184969131988769 0.215663602817787
-0.0330025465445331 0.224209544000947 -0.192233200993693 0.286461960567746
-0.0474604274628315 0.267370367258455 -0.198595272622099 0.106909358871896
0.0521428932513672 0.201161658884401 0.0631006727513732 -0.0215914663965913
0.159276556014048 0.0945865153658944 -0.0687224588945543 -0.233737600797775
0.172728749586259 -0.0228736452622442 -0.26384049958099 -0.158572713781157
0.0995943452184985 -0.0899431139993829 -0.289288484083737 0.0687734423739836
0.0453545585997146 -0.122634857537673 -0.15504307565029 0.210131798617049
-0.0311483530901743 -0.129888740453177 -0.0184080845740945 0.201107554472291
-0.0585616870036271 -0.118118036445094 0.0335238446675584 0.149180345341703
-0.0481893442956671 -0.13573099028658 0.0666559861067907 0.126431664665289
0.0332834398665044 -0.1496595465332 0.0839595407101024 0.129403035074559
0.105070457355884 -0.118116869619832 0.0820142770664922 0.149237954246482
0.21605147974912 -0.0482100661977508 0.0241232820167915 0.211888948488778
0.203651148482922 0.120700422116904 -0.0798955902820836 0.248291066951578
0.0586845838122212 0.269296742974714 -0.121411032421545 0.206422368385737
-0.083128869227146 0.332733347481604 -0.111683432092248 0.220552796642996
-0.124644610261613 0.327518238642713 -0.147480657118812 -0.00400502239082982
0.00623392973756256 0.318558673673674 0.0925690627629767 -0.0809551945182258
0.210168507444561 0.210145638210725 -0.0331442535749797 -0.273259547551756
0.286901810899657 0.0127033215906698 -0.239135351563236 -0.20723986297103
0.179043788986025 -0.127883498447106 -0.270155840446836 0.0133433023537853
0.0830880991342577 -0.178196459086518 -0.155849006257551 0.146320967448898
-0.0274615506152061 -0.192188030019732 -0.0265081190190127 0.136954322654801
-0.0727270874175705 -0.170972184519158 0.0194016902672468 0.0891319877823612
-0.0671496967113208 -0.18233552200487 0.0569547248312924 0.062807406514843
0.0319589748250551 -0.195847194511004 0.0922427759296144 0.0623462713231171
0.125370585965387 -0.162018870772712 0.122299652502065 0.0872726058858628
0.271430018669043 -0.0803674166481813 0.086257326321454 0.174437800659406
0.265047604110396 0.134113061381415 -0.0176951609961099 0.238088215784384
0.0806339911579388 0.315662995757631 -0.0734130398575257 0.179149807605939
-0.10694037405529 0.393132335953547 -0.0355088011811749 0.127467827927245
-0.181773606416318 0.333584136218251 -0.0552757564761622 -0.12378249404465
-0.0588649962688544 0.378150919451978 0.14259491630638 -0.14979257240802
0.205061425473867 0.299777365114214 0.0257775320299222 -0.296620320177856
0.345495788826691 0.0678651278202628 -0.17543979401051 -0.244703837434934
0.235540066939542 -0.13173613391559 -0.21597395516986 -0.051500733123281
0.113284709368147 -0.200827725755662 -0.136083340080189 0.0600680873796751
-0.0182948602989105 -0.224874269691292 -0.0304779630715767 0.0559116221820014
-0.0757405795070731 -0.198484279549293 0.00312894403253603 0.0172341674259459
-0.0776021463679301 -0.202644197296389 0.0405923478509202 -0.00959081516160271
0.023321040093752 -0.21257930900818 0.0894603630954691 -0.0129435662593667
0.125000400559755 -0.18167911636 0.146468893837324 0.0160443295693114
0.283006949844125 -0.0966206111908944 0.132429633207086 0.125169488840783
0.281296514642085 0.128870460863184 0.030669510250382 0.213746212705029
0.0863201416583882 0.31717472216564 -0.0463637235963124 0.139408890440984
-0.116224458598125 0.394389826376708 0.0278636266172078 0.0241350134040811
-0.19795277414738 0.280101614303115 0.0598930253694792 -0.229860134721907
-0.110843859549751 0.354387147160538 0.201899586411231 -0.208124587928072
0.149953454857276 0.320113468221732 0.0945134979517163 -0.292879863621335
0.325992464895805 0.111172163038692 -0.0884973670261722 -0.256551432740622
0.241889578835249 -0.106347602463236 -0.138511168194245 -0.108355938819598
0.120458851789821 -0.185971348656607 -0.099581836273848 -0.0298944866141936
-0.00836158841255827 -0.217875698888874 -0.0318284759803813 -0.0288390403561049
-0.0686486680883908 -0.195600485786529 -0.0117357679997966 -0.0563574567169062
-0.0746400785360374 -0.196993092553689 0.0213051549928176 -0.0810348918887202
0.0169545521606612 -0.203477110587608 0.0807757204855693 -0.0845121320908916
0.115898338150708 -0.17130039918417 0.159775746094702 -0.0483991929152369
0.263066636839229 -0.0838193463156211 0.160789092319096 0.0789401463354771
0.250719606386546 0.125753711568187 0.0617137111184749 0.18303042047313
0.0582934387341024 0.287550273515312 -0.0340154935936653 0.100132956973582
-0.126649486944911 0.337961074172356 0.0789996823925807 -0.0682627362705423
-0.169045724264135 0.180021041061241 0.169420578600364 -0.304706054219317
-0.126546234973406 0.255285005848332 0.250949667422704 -0.244549914836981
0.0794530971955287 0.260589458351523 0.151220045163599 -0.265885108806699
0.242409798442122 0.114933184197344 -0.00620858443347407 -0.246793289901459
0.194031287071404 -0.068110058034574 -0.0646671415813235 -0.148929759346887
0.100737778313445 -0.139672135230219 -0.0618578902299548 -0.107050704301016
-0.000538222363401318 -0.174377337017022 -0.0328737903796307 -0.10351699639144
-0.0527136791528791 -0.163538986745976 -0.0238995282087885 -0.120250108462612
-0.057835139932914 -0.165702055550556 0.0059176206414996 -0.144406688610675
0.0142763204795451 -0.170338189446754 0.0772387054713039 -0.143862883215741
0.101769905802187 -0.13900202680417 0.173340161267925 -0.0965947767379281
0.220469774321344 -0.0501537450614946 0.179452361359133 0.0477643702977243
0.187731537858949 0.122328176408929 0.0801604253365878 0.158164461934057
0.0106468666383233 0.232621527713132 -0.0273464876278961 0.0666203236957795
-0.132089414534648 0.239383757267311 0.123412345886968 -0.139065829252762
-0.104563614099302 0.0491133172696477 0.245404847764318 -0.338968444048297
-0.103309039114819 0.114788997550849 0.270552188250218 -0.260495344660897
0.0157076416281679 0.146373363813838 0.183526983950538 -0.237021283753904
0.125179966558645 0.080794805155371 0.0481551578599466 -0.231222332026983
0.109182681997489 -0.0287374606468365 -0.0186825087456803 -0.175298017059521
0.05892598993199 -0.0736400195730081 -0.0397200012209713 -0.159000497401258
0.00365799107136439 -0.103593113854391 -0.0371022870626101 -0.154172835191979
-0.0301416028520859 -0.106001163672485 -0.030659132507169 -0.165944110799604
-0.0323799174838417 -0.111986921495143 -0.0026250455491368 -0.19224476555052
0.0124560221877333 -0.117528733266588 0.0830563055918644 -0.186531367097348
0.0799906661378009 -0.0925273510085127 0.19362104454623 -0.125331162420689
0.156752125539644 -0.0130853634593723 0.198970907673728 0.03734527078441
0.105666223743942 0.108292024753077 0.0933855655596592 0.146293618186455
-0.0379827128099555 0.155609947907781 -0.0215627752847258 0.0468046489939697
-0.12103436157347 0.111694525383943 0.160279394111167 -0.179342113441562
0.0749482528606491 0.0335153687083249 -0.159748400183705 0.227202073579316
0.0480984168716912 -0.0514436354279273 0.0660639399514108 0.0290025632730434
-0.0235818524659745 -0.0737587373172736 -0.0685802835532226 -0.165674717286661
-0.0638937631259913 -0.0112851350259407 -0.224019226327599 -0.0868827508269241
-0.0333169896816601 0.030749066932055 -0.245897518033892 0.108314663505379
-0.00526737139515526 0.0253186088332188 -0.116436877256193 0.229488187929829
-0.00316229671774273 0.0321078392018956 -0.0036340954649047 0.230500975014378
-0.0073538104803521 0.0291395435634156 0.0436858408569244 0.191228157931095
-0.0149536478014984 0.0148927342161148 0.0590906609891607 0.178406882182708
-0.021434980816809 -0.00375885562494209 0.0512026605701678 0.186678378599911
-0.0213566235122236 -0.0197070669269366 0.00906264343937951 0.1998767736976
0.0052471459551422 -0.0490444456545423 -0.0712555005378903 0.222482178095115
0.0505716785453027 -0.0303559780994486 -0.172991656838835 0.218693778531572
0.0686139276616607 0.0412744446178266 -0.237390598438751 0.196726138806171
0.0448176294850348 0.0817316125542192 -0.241444908743614 0.300312165049763
0.0246059995760248 0.154567418719576 -0.19378025526162 0.183245316865699
0.0637592437213378 0.0650233558192228 0.0552467299829894 0.0173148445090783
0.0693238149697878 -0.00735970273086304 -0.073757351498923 -0.186556351715131
0.0428314064893762 -0.0281745304229181 -0.244337038725935 -0.11219978082881
0.0219568378539491 -0.0299134310689058 -0.266811725321778 0.0962911850575743
0.0129502729312799 -0.04735121474483 -0.132810266226248 0.228406768874494
-0.0219949591237644 -0.0464749611807708 -0.0092466134890156 0.224215531767265
-0.0337510097971721 -0.0435329368030543 0.0396237810619121 0.179269460496827
-0.0275430999084087 -0.0625884663323269 0.0633304957813514 0.161831298404598
0.0144249473956259 -0.0776618459018679 0.0631779470434024 0.168288721467209
0.0523248185967379 -0.0627045548091997 0.0358938350985905 0.18188013432126
0.115014354391715 -0.0296411620482431 -0.0350798823747106 0.216315685723853
0.116721251561277 0.0644104486922272 -0.13498831518671 0.227433632960284
0.0439132928700673 0.16607644197212 -0.179381774801052 0.202038466804154
-0.0327072089467126 0.212024987565271 -0.185477736695942 0.273444835962446
-0.0447856070757181 0.252994569758634 -0.190102975988055 0.102984575242474
0.0484214619804349 0.193283915293698 0.0618843878382464 -0.0187235291422625
0.151488993896478 0.0892124810926626 -0.0623301508180257 -0.221184511198391
0.164943600685948 -0.0230750750949919 -0.249920348927942 -0.1523494721087
0.0955316164948877 -0.0862878743540449 -0.275173404642821 0.0635001795255614
0.0427231811319889 -0.116836711758009 -0.147015687820242 0.197910186806851
-0.029831269195879 -0.122872015922957 -0.0186154388685814 0.18923330395762
-0.0551840050206207 -0.110370784122141 0.030374218869548 0.14197845248166
-0.0455892388078746 -0.127661132018141 0.0632068005932742 0.119307784530601
0.0312348435515674 -0.142714056403262 0.0792754645123739 0.122704087253253
0.099480407772764 -0.11279624273905 0.0778345238065717 0.142592329788902
0.204920757612727 -0.0461305375205514 0.0228945757143135 0.201431904740801
0.194267544471196 0.115511976194219 -0.0776811821064389 0.235645870129878
0.0542395792298064 0.257197354572272 -0.118402839562458 0.194803004686938
-0.0794306380637915 0.315102819221575 -0.110408522837632 0.209431014870875
-0.117208959316753 0.311452556131031 -0.141688338060353 -0.00214547238023573
0.00418361703791639 0.303843627057849 0.0890446549485145 -0.0739180751523271
0.199762892807442 0.19881407413842 -0.0283745217366797 -0.257762605035624
0.273288309141115 0.0110759979595122 -0.224727305693672 -0.198712799437018
0.171213100757472 -0.121909606881598 -0.256898556211289 0.0113569333472978
0.0791692415284452 -0.170259386679928 -0.14802332783338 0.136917457327058
-0.0263599409255204 -0.182831255080196 -0.027063705068766 0.128613045793483
-0.0691693155332732 -0.161070901338484 0.0170752456030376 0.0846041868518893
-0.0640716587202618 -0.170819747849387 0.0535271734257786 0.0583871171380618
0.0306216444587429 -0.185485087661011 0.0872641840548955 0.0588315206498745
0.118897897286252 -0.154318323629317 0.115990940525532 0.0833026099581044
0.256468250982758 -0.0764992849595561 0.0830488690416213 0.166788101809082
0.252040507427581 0.127002171055563 -0.018597937522178 0.227323309801376
0.0763806338340898 0.302077423542245 -0.072812652132114 0.169453488529193
-0.101943131861726 0.372400354281327 -0.0366806771964178 0.120711582610376
-0.172714810286931 0.315627814668514 -0.051844167116563 -0.11599647378121
-0.0573901299641408 0.359465078518448 0.138128006008615 -0.138338511529281
0.194160800013624 0.282923673014668 0.0282217387895572 -0.279543502532599
0.329216513303613 0.0633647592690682 -0.163278737051426 -0.234292021576665
0.224644556319953 -0.125737250700508 -0.205057471732404 -0.0510499956138156
0.107944154381038 -0.191959849789235 -0.128878329218299 0.0554197374042935
-0.0175852148555021 -0.212811750536507 -0.0317944439067877 0.0514884474061637
-0.0729128227693228 -0.186598586811142 0.00186306980415222 0.015337608134929
-0.073683089202423 -0.190430627725488 0.0377249004826996 -0.00963319887275188
0.0220193531248487 -0.202048715213305 0.0849221988373038 -0.0121451837456123
0.118520031317126 -0.172257203471945 0.139925520797219 0.0156808141142984
0.268588085011109 -0.0919165271393195 0.127644377611807 0.119313756085222
0.266726051523982 0.121532031434202 0.0291475939059159 0.204691087929571
0.0798616082928326 0.302673161502981 -0.0457539585839123 0.132174844868681
-0.111532259421529 0.372090607450276 0.0237495664196879 0.0225964767761638
-0.18949438845132 0.265027426546067 0.0583943326915373 -0.217084423431912
-0.1074164157832 0.336237119844888 0.194211321237472 -0.19214633241638
0.142737570441471 0.302388280954962 0.0923958475986173 -0.276401845857497
0.31086310867332 0.10468309410747 -0.080887953739316 -0.244192477268616
0.230394530869736 -0.100706192874024 -0.130342610669353 -0.104797486382641
0.115502260998855 -0.177058524656833 -0.0943676356093798 -0.0307350915389976
-0.00723427560919761 -0.206138267563806 -0.0318415549425064 -0.0293051415181607
-0.0654013266844924 -0.18416150517653 -0.0123491417900233 -0.0539304910639712
-0.0714857794640323 -0.184904557208842 0.0206351039023796 -0.0771345044741929
0.0165554375416084 -0.193061011309287 0.0765138674307179 -0.0797267491030467
0.110298926717172 -0.16253428732798 0.151943786778729 -0.0452557947256547
0.249766591866937 -0.0795497034797426 0.153869446700088 0.0752851295598602
0.23748891689845 0.119515592648079 0.0588587296277431 0.174967760431334
0.0529196727796657 0.27356951699638 -0.0336458459027334 0.0957907652308421
-0.119913181125471 0.318802449888984 0.0732638994859112 -0.0653525239636135
-0.159854857049238 0.170433781703374 0.163743719735834 -0.289042541825978
-0.121189452523231 0.24175716672528 0.240389422520785 -0.22750055464527
0.0749010768984104 0.245669119487156 0.147207993430391 -0.250789957397501
0.230978330944224 0.107947391258986 -0.00354571636578534 -0.23406191191483
0.184703071465249 -0.0644848411875895 -0.0599533933692916 -0.143006904869652
0.0964764664153139 -0.132571611716359 -0.057972455118333 -0.103328441234294
-0.00064923961738793 -0.165006585937152 -0.0322366577561539 -0.0994720723760459
-0.0506430725957453 -0.153423468692332 -0.0228512294540927 -0.115812126471119
-0.0556585872668307 -0.155453322912155 0.00622133295035012 -0.136515103934853
0.0138478660879055 -0.161135348507097 0.0741528198214004 -0.135716282943552
0.0971070277450682 -0.132144791927933 0.164770040146517 -0.0906643367320777
0.208673232859539 -0.0473585369748288 0.172158749600125 0.04592891504635
0.177537952583725 0.116307418030928 0.0763809811314004 0.151421733801498
0.0087116745238153 0.221218892780514 -0.026679512328926 0.0643131455653437
-0.12445694728507 0.225005349613321 0.116201013522424 -0.13272035946814
-0.098891083800379 0.0457536842501176 0.236879144288219 -0.321736743399499
-0.0980983557847579 0.107402870550967 0.259213973033195 -0.2420602080949
0.0145687743529541 0.136881734869582 0.177681064781843 -0.222276697531865
0.120191944729781 0.076468567908563 0.0482318066850256 -0.22024618929743
0.10424064469767 -0.0270608230334642 -0.0165165737150056 -0.167512430126
0.0571239181279348 -0.0689273827449728 -0.0378459131701133 -0.151889747729877
0.00349067655409434 -0.0976708728347895 -0.0357363545183428 -0.14796640826945
-0.0288586727434973 -0.0994639337207488 -0.0295036487412975 -0.159820773894267
-0.0309547970806645 -0.104887750690168 -0.0006844853361434 -0.181739749549686
0.011726564677209 -0.110618554031502 0.080326441203055 -0.176810306731891
0.0758821711416628 -0.0878489309856308 0.184384950759171 -0.117857329077816
0.148379233885955 -0.01247217474462 0.189942315263807 0.0375552837835279
0.0989184895203821 0.102198357099229 0.0882491182192759 0.140343837400622
-0.0366669449454235 0.147448057537594 -0.0218788354946984 0.0446416669067876
-0.114307740987933 0.10379338508403 0.151102410858274 -0.170747422058705
0.0743335693000313 0.0326715619824448 -0.16195398485025 0.22198703314995
0.0495479833499256 -0.0498790413738872 0.0662273442299709 0.0297578428454551
-0.0218291153248926 -0.0726785748082706 -0.0631160336895746 -0.164661216472062
-0.0629207305360175 -0.0121153083628224 -0.219379017221164 -0.0901146775074953
-0.0335758549821108 0.029546944989547 -0.244710214786985 0.101640609716462
-0.0062031534651664 0.0235171937091005 -0.118522930084959 0.221700444253738
-0.00402893957035433 0.0313407328919606 -0.00616027883034986 0.225886212470375
-0.0069670309386275 0.0285850855577879 0.0400964245807321 0.188886383690842
-0.0145911427691765 0.0144149141335393 0.0547013982522566 0.176356543855775
-0.0211631212400956 -0.00437100153271286 0.0472909848725665 0.184592199967111
-0.020527414703044 -0.019536258520699 0.00571262203318205 0.197275760952132
0.00658268700950767 -0.047263705115683 -0.0753483986004539 0.215951293128677
0.0506756048614423 -0.0276370083843596 -0.175965153129458 0.209755886135596
0.0676949005831366 0.0434685688301153 -0.241144591918235 0.186759463653448
0.0421370848387322 0.080941359945677 -0.246742081277381 0.29113884231553
0.0227914838307897 0.151216053857681 -0.19540607544432 0.178256307647855
0.0622024857301948 0.0655659875613959 0.0557415204879536 0.0189103014834427
0.068362361409361 -0.00628583407673827 -0.0667405804102578 -0.185124189786461
0.0433049976034317 -0.0283255315132833 -0.238243387307229 -0.116153313422615
0.0226287130430792 -0.0299140062980619 -0.26530887647758 0.0895500741190025
0.0129982151439063 -0.047339474838738 -0.134736939845175 0.220148796086342
-0.0211278083893829 -0.0462726607337231 -0.012862849615292 0.219201800439892
-0.03215364884963 -0.042327504595975 0.0353388345168758 0.17723318263337
-0.0259731105693931 -0.0620879194334759 0.0591495356572317 0.160280403525712
0.015619277002312 -0.0768854116468808 0.0595598773747134 0.166334214273813
0.0525499074506171 -0.0604871054007908 0.0309773804781988 0.179806772708352
0.114245742941181 -0.0275785584601068 -0.0391464231216615 0.211575038372826
0.114839599770607 0.0666821882327373 -0.137635300741851 0.220612428227777
0.0403338801030918 0.165498306518197 -0.18315409658391 0.193956122930258
-0.0366412391461736 0.206530538758533 -0.191577665263192 0.265919908500031
-0.0487388613146963 0.247618681771966 -0.190607897064961 0.100298832328582
0.0449244739482618 0.191887474739198 0.0630781894846418 -0.0150450506524114
0.147563521532169 0.0897513063882615 -0.0544986064372266 -0.21858881182376
0.163230691629436 -0.0213518316134197 -0.24340917069264 -0.15571352863856
0.0958614745996905 -0.0840796420527687 -0.272672853615021 0.0562524045002143
0.0437719116196323 -0.11565449746111 -0.147060509970739 0.190245440497423
-0.0275642757245839 -0.121071813947248 -0.0225601300932811 0.184591540296121
-0.0527783100088656 -0.108139781676513 0.0270501954891953 0.140306244913707
-0.043269935023466 -0.12544134418944 0.0585956909997461 0.118117118160093
0.0328560389287921 -0.140242484196862 0.0755443776654277 0.121985906239769
0.0996946520807629 -0.109340878095297 0.0731710020919453 0.141649058088376
0.202705071515042 -0.0421931454058766 0.0194933822732768 0.197917253767097
0.189485545644784 0.117180285967408 -0.0815313085588848 0.230673259519554
0.047681265202687 0.255725549537628 -0.122506701725645 0.188909038895034
-0.0844338102311241 0.30703993537792 -0.11639369276338 0.204410094241021
-0.122410311906258 0.30319550274418 -0.139357546501872 -0.00253534046347014
-0.00181914338012473 0.301382961750799 0.0911190676876901 -0.0683499353297601
0.19313219087524 0.197563245783428 -0.0202348021590365 -0.253147014088409
0.269920002792535 0.0135886037335019 -0.216782615742152 -0.201422780427354
0.17158528949254 -0.118561004508841 -0.253298239079848 0.00451009717343973
0.0808521557918548 -0.16719380880043 -0.147640830208361 0.130645739291666
-0.0236304306944039 -0.179388430169041 -0.0304530429597269 0.125107696043489
-0.0655951808594275 -0.15733392041069 0.014359541856293 0.0829925206457813
-0.0601471006389931 -0.167417142263078 0.0512351852668399 0.0580459513676846
0.0326956989055298 -0.182495730756309 0.08445715502093 0.0592822415417647
0.119550945032626 -0.150102227619695 0.112478763951636 0.0837699357973015
0.253399353761249 -0.0715332820507612 0.0796391498584484 0.164684350915888
0.2467811760332 0.128802394877263 -0.0223441503399994 0.22434272421362
0.0682644013950818 0.299773788997067 -0.0751960265885115 0.164947894240099
-0.106993500486491 0.362899149721667 -0.0422011055486543 0.117899735756137
-0.174885887065594 0.306895975769494 -0.0490502563119483 -0.113906163569098
-0.0642116544462208 0.35449184108528 0.139506780142976 -0.129274283216866
0.185847906192323 0.280939100769242 0.035772935807306 -0.273381270576477
0.323935936210653 0.066613583380714 -0.15515807221968 -0.234679203440631
0.224244783850703 -0.120287453886951 -0.201459169123114 -0.0549028238358469
0.109775660154247 -0.18794339183765 -0.127236543462716 0.0502932330491996
-0.013667667887022 -0.208917560108713 -0.0336129332096964 0.0489817466635644
-0.0682331183510155 -0.18244102471407 0.00051240730093927 0.0149126474381538
-0.0698759317117753 -0.186658550730145 0.0370539737551595 -0.00962968270897973
0.0248877996493928 -0.198888627454631 0.0833064380879964 -0.0103373608691802
0.119558205437697 -0.168044408669044 0.136661731209933 0.0181638931330195
0.265208309058614 -0.0861858776127502 0.124623703467767 0.119329427824641
0.261521669275816 0.123963781158646 0.0246377346389456 0.203581405743401
0.0727778323388368 0.299042861761797 -0.0488341886093597 0.129727470760705
-0.115680255928351 0.362552132421601 0.0203613757166405 0.0224488018002596
-0.190395132659176 0.25635106049683 0.0629402705855131 -0.211189857086245
-0.112411504830492 0.329294844750103 0.196345302313766 -0.182858427029212
0.134624815741668 0.298519765098501 0.0991171471496268 -0.268588445563556
0.305620328635812 0.106708439460114 -0.0739973631801664 -0.24299960130032
0.230155533048565 -0.0956151121921593 -0.125935788073677 -0.106177942959903
0.117429523747754 -0.172699636292377 -0.0920599955438266 -0.033287380604356
-0.00371071145656867 -0.203049522805286 -0.0327533596056054 -0.0307937333570391
-0.0619091491828376 -0.180551610265839 -0.011822913847759 -0.0545331669005798
-0.066857231441037 -0.181098886226318 0.0219734432910525 -0.0760602068478438
0.0185559022962167 -0.189674143612012 0.0775550279156881 -0.0758221280520301
0.111324550382589 -0.158822739999944 0.150187744625296 -0.0409904269139163
0.246779025877323 -0.0735592676862631 0.151967662884796 0.0764226718915119
0.230896003344365 0.120510938885773 0.0550907173227351 0.17540477036308
0.0470804831255777 0.269346660159896 -0.0359227367546144 0.0940034742561024
-0.124065190445377 0.308515925628497 0.0716784152209314 -0.0635088692500139
-0.159925002166552 0.163869467764431 0.16910551796277 -0.280878588095715
-0.124721316519695 0.235782539588835 0.243995567208768 -0.214566162406679
0.0689474172554105 0.241164655945577 0.152732550560634 -0.24334387781096
0.226441102669373 0.109482402851316 0.0027193631235102 -0.231121254374856
0.183480960160579 -0.0607534903276221 -0.0555414418699144 -0.142784255145316
0.0977288649877022 -0.129353833964208 -0.0556282138914807 -0.103939854645214
0.00214234536463662 -0.161983079420259 -0.032047986500452 -0.10000846898759
-0.0476496271232431 -0.150515555045031 -0.0222130892504182 -0.115695943557685
-0.0522017065703902 -0.152204284308915 0.00912965360872229 -0.134659134960521
0.0161851001174263 -0.157998762644645 0.0759147699237514 -0.131429070948819
0.0979556256845807 -0.128347741411919 0.163926205545448 -0.0858311920669701
0.206327391848489 -0.0432664388284105 0.169184585021006 0.0488586243449177
0.171327728158719 0.116743888815765 0.072752944595965 0.152636913746831
0.00384139660590112 0.217861986653945 -0.0285700350178736 0.0628016152527334
-0.12559982649605 0.217090523059365 0.114831667826156 -0.129376639932452
-0.0965654317374277 0.0426762425227068 0.242497243209611 -0.313681573994444
-0.0980175920284234 0.10252657717771 0.262818083342518 -0.22986222864503
0.0116664379517887 0.134107843240311 0.18187720998208 -0.215186743310655
0.117455682330677 0.0761569781906808 0.0529582734480535 -0.215445466895357
0.103114646455102 -0.0244637049982772 -0.0123883534774643 -0.165636631196895
0.0579335831647341 -0.0674502830035719 -0.0350605334875485 -0.151952050737631
0.00509181619109826 -0.0956220504688065 -0.033886770566603 -0.147151973952816
-0.027256492015184 -0.0970071025900288 -0.0278017468842025 -0.158881221266188
-0.0293045202054228 -0.103270642568996 0.00275201552954574 -0.178739665008109
0.0128255660571988 -0.108411945949142 0.0835886621996158 -0.171360156206544
0.0765458220580092 -0.0852946209791429 0.18343432627463 -0.111884258653447
0.145754955049287 -0.00880163788849606 0.186689971126787 0.0402323274148316
0.0939005428930282 0.101559774936081 0.0844624540511648 0.141468784889831
-0.0391302485989661 0.143910372410722 -0.0227452544368809 0.0438046338610482
-0.112955294025853 0.0988330623924164 0.150423554252926 -0.166569245264045
0.0758572514648628 0.031731969485107 -0.167177757123976 0.228772362534189
0.0515326209872326 -0.0511521966433272 0.0700148069185398 0.031141531350351
-0.0224375089589811 -0.0741780250818817 -0.0607003268933296 -0.169172955091671
-0.0639266364812726 -0.0128590817072215 -0.222908498845985 -0.0943089453551079
-0.0346035056823339 0.0291342685699533 -0.25103337569529 0.101127181771641
-0.00745634795991139 0.0239069692182629 -0.123917404072824 0.224070406598098
-0.00393119288518211 0.031390466052786 -0.00773525647468482 0.228853142095002
-0.00683286753781207 0.0293951198769306 0.0397358673700732 0.193706065369193
-0.0147439494183202 0.0142149669847154 0.054796892316088 0.181068255211604
-0.0206049761260358 -0.00514709578221347 0.0472054925806148 0.188667746027782
-0.0198100867721281 -0.0199212756518782 0.00315728131916266 0.20201814585224
0.00763836005365721 -0.048395858726634 -0.080152078955205 0.21929693079951
0.0530777459650184 -0.0263182197427283 -0.182158722272317 0.210076323619277
0.0691898320966537 0.0463177829649108 -0.249797270283476 0.186102786436529
0.0417520276417321 0.082756631068799 -0.256404061012727 0.296532396367726
0.0221480323489823 0.153329693279059 -0.201662492634597 0.18352836615814
0.0635905632199011 0.068094671273596 0.0591672369806461 0.02095431647468
0.0697476191929503 -0.00629620004799963 -0.0651992099588339 -0.190084184403245
0.0448953563831631 -0.0295690507428668 -0.242201169148143 -0.119696971486074
0.0233815445595893 -0.0313230994577509 -0.271924354112767 0.0884789276504848
0.012785714419458 -0.0487088073608121 -0.139127819397842 0.222291289373005
-0.021611849642957 -0.0475609037971572 -0.0146548631550351 0.22254858198499
-0.0324321384736764 -0.0428860437903345 0.0342730510011835 0.181664164170243
-0.0261902902638859 -0.0628028105097224 0.0590130434563462 0.164058370984685
0.0165862889504032 -0.0786962024644746 0.0594600779096758 0.170466919411148
0.0546011322113269 -0.061305678403736 0.0297730291150291 0.184110069128823
0.116843563446028 -0.027919260336691 -0.0426643572593791 0.215256477786291
0.117718651461036 0.0693294984216681 -0.144043028080172 0.222811338043449
0.0396883988018695 0.171367753424797 -0.191414319539721 0.194738345298935
-0.0391225495244208 0.210922990875704 -0.199833644539336 0.271012527097588
-0.0508825067657812 0.251702692765423 -0.195890744641396 0.103731444803898
0.0449016269259238 0.197958464966771 0.0667125935328229 -0.0123129928902201
0.149823763139046 0.0917827462694498 -0.0516755971723763 -0.223676223080439
0.167795220901453 -0.0221148576844035 -0.246498271968603 -0.161745996967386
0.0990600884213864 -0.0865968731967075 -0.280031881431955 0.0540867325896273
0.0448491223941233 -0.119238400320472 -0.152425702321044 0.191416873329776
-0.027685692723777 -0.123804364079319 -0.0253107870948849 0.187431815531374
-0.0533703527279235 -0.109282209209954 0.0254374130318961 0.143498479272203
-0.0429223586430243 -0.127035853332133 0.0583411840960206 0.120451339503905
0.0337574415794405 -0.143177654416642 0.0761611229262903 0.125558696386513
0.102768914410943 -0.111195622722246 0.0735265343406954 0.14523238943868
0.206977283782093 -0.0429079109776606 0.0183235484310568 0.201829763624436
0.193939112498281 0.120764852880801 -0.0864477801374965 0.235216080286727
0.0467912028797968 0.263241386057857 -0.128468249013954 0.190275457561924
-0.0883644029320101 0.312043959852647 -0.123068506826504 0.209328217639203
-0.126839959803515 0.308545977700117 -0.142499250034427 -0.00117136353580646
-0.00392438293917434 0.309345402870143 0.096358691558476 -0.0664022851270592
0.196287946568907 0.202315675080944 -0.0166503201291112 -0.258151769817704
0.276272961193244 0.0133007180657369 -0.219458027953221 -0.208381558153108
0.176700866904853 -0.121233771660436 -0.259259755244619 0.000720301778686281
0.0827733574236401 -0.171615946990942 -0.151503680956501 0.130594079153435
-0.0236343301198825 -0.182741134622736 -0.0338465457462641 0.126136685985125
-0.0665979501950104 -0.159433935057612 0.0129325277563197 0.0849223501067076
-0.060171137371793 -0.169867878802795 0.0508800323504544 0.0588755806683754
0.033625270678665 -0.186412502900902 0.0857785239291558 0.0613139859206848
0.122615169254306 -0.152917020703175 0.114348362201884 0.0865139347884884
0.259792149958858 -0.0720990011702802 0.0809962104240652 0.168050444769615
0.25132205744646 0.132334113892647 -0.0248619736288553 0.230290486047208
0.0673695898683485 0.307077655695974 -0.0806843174892073 0.167526137889178
-0.111845065563455 0.367156067798586 -0.0463383416224433 0.120518728814535
-0.181252636396574 0.312142638252409 -0.0476686962793863 -0.114833989167012
-0.0679329503931918 0.362574231006827 0.146725828164287 -0.127928006421308
0.188552035389469 0.285977671969563 0.0417632245546195 -0.27788130209497
0.33185092732098 0.0675791110635214 -0.156183309944885 -0.241950688718866
0.231180575214757 -0.12311541322011 -0.204048811808306 -0.0598876114293602
0.113417230359995 -0.1920608211555 -0.129881175160815 0.0486639080743392
-0.0132290237851697 -0.212752208617381 -0.0369377816860292 0.048390842413274
-0.0689847210747165 -0.185332392048011 -0.000805914135505426 0.0148887543753564
-0.0695556484029102 -0.188594829521407 0.0375477091491666 -0.010274078276411
0.0256353473268457 -0.202770823265598 0.0854049082056223 -0.00959605266066422
0.122763099459673 -0.171127288186804 0.139088939184895 0.0197582264537691
0.27181826468897 -0.0870728145790504 0.127116503406249 0.121765501883267
0.266246730439362 0.12733443757588 0.0237851047053718 0.209001935247139
0.0704717082806595 0.307123186802611 -0.0521443575730031 0.132259031794558
-0.120653298306182 0.366393282723856 0.0179703316248233 0.022536747088068
-0.195390388687331 0.259577555223302 0.0686413075486516 -0.214299847891811
-0.118389752973229 0.335487335983067 0.205516129126122 -0.181373187270389
0.134847860954934 0.304986809821951 0.106406342053679 -0.271894608084226
0.311914931123687 0.109818864684587 -0.0722249996229206 -0.248371042257881
0.235484326697653 -0.0973802783757491 -0.127908879395101 -0.11080919400775
0.120903047512252 -0.176270482808583 -0.0934130975422336 -0.0362296732007989
-0.00343397065701236 -0.205549821725286 -0.035521647777293 -0.032616134775549
-0.0634432981870863 -0.182742355082234 -0.0137423424592288 -0.0570564270471313
-0.0669487359646479 -0.183276677788271 0.0229035549190557 -0.0783751952547443
0.0199051250600668 -0.193370834367136 0.080096106752293 -0.0765236152792165
0.114712986571439 -0.161544302358939 0.153993226030869 -0.0405167053435023
0.25296750837741 -0.0742771746738223 0.155628296175659 0.0786770163546468
0.2347715915899 0.124083417583545 0.0558647962320885 0.181269864321863
0.0447376809068446 0.276264799490394 -0.0380661973063095 0.0955219760772812
-0.128605191454117 0.313264950582953 0.0719508297428696 -0.0651241823671712
-0.163760658357269 0.165183125682819 0.177693932652715 -0.285155477213429
-0.128325564696844 0.239349728383282 0.253742202919747 -0.214514772886423
0.067644310678784 0.245635216191132 0.159647580622727 -0.245271097271702
0.231465400402865 0.111422183972324 0.00654303237762734 -0.235860544059766
0.188939214183488 -0.0612485273711909 -0.0552263928316634 -0.147396950194398
0.10156314336892 -0.132863965971747 -0.0559174685370737 -0.108339499782463
0.00270653988567711 -0.164962954065201 -0.0333306323720071 -0.103451196410437
-0.0490484045615698 -0.15259928402034 -0.0235082326685544 -0.119690059638299
-0.0518031467022914 -0.154314406065065 0.0103923542657684 -0.138625712744767
0.0163976305530733 -0.160563078986318 0.0793309714574474 -0.13295758723386
0.100020205942328 -0.131025699576726 0.168315305967411 -0.0856152843102591
0.210888600563943 -0.0431773147201834 0.173678483273002 0.0516872035290772
0.173108331282901 0.119689235180061 0.0739260694833565 0.157848796871583
0.00154344198482765 0.221669325542238 -0.0299351890076662 0.0649021294280615
-0.129039091948931 0.219601527306229 0.116720738093322 -0.132246718995623
-0.0978908730390978 0.0422277377862565 0.252520244332467 -0.318538855319577
-0.10075785338888 0.103308233820191 0.272947386268309 -0.230275132952824
0.00997508323209778 0.135237699904411 0.189137865049302 -0.217082928344853
0.120295969114609 0.0768605419821483 0.0574079983027066 -0.21930696935399
0.106616343692269 -0.024368917070146 -0.0101613969430572 -0.170358914677411
0.0606101234935333 -0.0687305408999233 -0.0348151405124965 -0.155953130814479
0.00569146108606763 -0.0970665247179877 -0.0353608757240164 -0.15150779389013
-0.0278931473067147 -0.0983157977968642 -0.0287588566860092 -0.164053168503186
-0.0298939056244007 -0.103754321307853 0.00446315764063441 -0.182633811797278
0.0131244246160865 -0.109422228516067 0.0875431976179276 -0.17389840175515
0.0782841330938847 -0.0865826439919126 0.188852739932434 -0.111623421489183
0.149126723222839 -0.00833997463952599 0.191334026596065 0.0438633188555415
0.0945560237351702 0.104816692570096 0.0865992969138964 0.146651114901828
-0.0408303393846259 0.14600016391839 -0.0243340723220378 0.04577402263182
-0.114826085073174 0.0984063812035572 0.153299778957048 -0.170294081329948
0.0798610889873103 0.0290634532998963 -0.16628661992853 0.245210232409935
0.0529326277012559 -0.0552876800368395 0.0766650203498587 0.0299966246463443
-0.0254295905096283 -0.0761975117922578 -0.0666938382673977 -0.176105495994428
-0.0666933810929684 -0.0118936824141984 -0.234428537319133 -0.0918531910926557
-0.0353101532386517 0.0305066070731014 -0.259326709667845 0.111793133162252
-0.00770845251797219 0.0247663655249528 -0.121873381331759 0.235162141740558
-0.00301370754613655 0.0320201073610847 -0.000263767269103233 0.236303417349271
-0.00492853794827305 0.0308224895209166 0.0473074650898856 0.201251316930474
-0.0141081286597637 0.0144903442467928 0.0631149899828791 0.187185594475767
-0.0213165951504863 -0.0051884352113176 0.0554275637341537 0.195252639405182
-0.0215292729330589 -0.0192716489489498 0.00853177258175395 0.210951329465299
0.00685173338497546 -0.051158607498429 -0.0797143704205365 0.230325545174657
0.0553618026241416 -0.0281502999107381 -0.185301310313948 0.221074061648061
0.0746872017439283 0.0487675162513636 -0.257707060940326 0.197640511977975
0.0454937338530246 0.0848921689939381 -0.260281072487678 0.317796232281707
0.0279736939261706 0.157106715382029 -0.203139603677904 0.200535364925874
0.0688935242796237 0.0692034524586011 0.0644584054053338 0.0206468459125862
0.0725622247064589 -0.00878413887817229 -0.0709526000073549 -0.196102869903003
0.0457949814451612 -0.0334835590435646 -0.255588336180622 -0.118650068083938
0.0235597735605358 -0.0344377242989766 -0.281413869524647 0.098844140477511
0.0104848242924228 -0.0518627532881181 -0.138677822252556 0.233937987093198
-0.0234491374470577 -0.0486732569722698 -0.00901889218117761 0.230621592678935
-0.0344203760475656 -0.0430782235396509 0.0412148217721407 0.18825837759763
-0.0287153341348621 -0.0647527278113749 0.066124847961196 0.169367143308625
0.014743083090747 -0.0830963954291421 0.0666080306539138 0.175695695748649
0.0550256320141986 -0.0650644572069968 0.0346987630107166 0.191608146844657
0.121141420796555 -0.0331107825064149 -0.0395187110253176 0.224543578179985
0.12535257558199 0.0691814700838032 -0.143299238376696 0.235320058731112
0.046656836974863 0.179612385844588 -0.195698109151334 0.205500007350295
-0.0346465303391276 0.220412852000219 -0.203010867471881 0.289793788939137
-0.0452222913604143 0.261785120532344 -0.200552455989535 0.11695155484876
0.0531137959402453 0.205659852189383 0.07156589696271 -0.0135259614227711
0.15917221526881 0.0902407428658296 -0.0579362543600156 -0.231510043737637
0.174443725835644 -0.0303458740754124 -0.261245417215342 -0.161727310278679
0.100593612462828 -0.094389719367985 -0.290874291977811 0.0632087594202614
0.0419439622968259 -0.125836663476521 -0.152561324740965 0.202034662135637
-0.0331813103444808 -0.127446513848841 -0.0220376954635921 0.194502629272951
-0.0588271119007679 -0.110320852068317 0.0300468119653054 0.148994230398473
-0.0477934484804005 -0.130009266966076 0.0635036702842077 0.122920121061493
0.0307022444139224 -0.150702956042807 0.0828803257374517 0.127871672244245
0.103065536278183 -0.11884941290723 0.0794645759629247 0.1497124170007
0.214372740650397 -0.0517165075732784 0.0246045223014654 0.208788474725708
0.206639140668825 0.119686653800034 -0.083929383348331 0.247091215981659
0.0567563924756486 0.274678396192803 -0.130467952422305 0.200153468481687
-0.0834088127111442 0.327190152115595 -0.124701349704073 0.222421369873744
-0.122324126438101 0.323705474260628 -0.147526269166939 0.00538171809869685
0.00586416357624225 0.323076987413238 0.10132049665755 -0.0690583806730315
0.21014254759598 0.203832222574102 -0.0217091596209019 -0.267758793908431
0.289397183604892 0.00316223085663188 -0.234337556205217 -0.210548364328936
0.181276772713499 -0.133302772771425 -0.27136463442491 0.00693211560053255
0.0801810993105443 -0.183058725882711 -0.154007591764606 0.138321040289124
-0.0303455386417794 -0.189304200999467 -0.0336498967091372 0.130797913267285
-0.0745510995704256 -0.161921306284625 0.0143570541145519 0.0878671149967121
-0.0677437253888953 -0.173494658399901 0.0536406464237834 0.0589937602618735
0.0287516746369041 -0.195975561928322 0.0909145157344498 0.0611932621172582
0.122484443073775 -0.163291807213461 0.120024888947243 0.0867745953627832
0.268589073234052 -0.0838685941941335 0.0895752207033171 0.171502002984499
0.266358778644494 0.129737736286194 -0.019193696793992 0.24166075499018
0.0782567438662294 0.319556161855013 -0.0802041451648973 0.176056011802142
-0.10557793512089 0.384336747815068 -0.0474757402029376 0.126640027292892
-0.179154529063691 0.327701916962127 -0.0517213929277187 -0.117099704312259
-0.0611405126084357 0.381451510595066 0.152232568993302 -0.135296583786832
0.203932021310218 0.292019069509798 0.0376474199627036 -0.289350305149338
0.349401120855346 0.0578635236251067 -0.169519289257033 -0.246635338362357
0.238045385476966 -0.136984187130114 -0.215046548240348 -0.0566401136114324
0.11197998230475 -0.205728782299799 -0.134297601025316 0.0529706161269462
-0.0202546950028406 -0.220389460213801 -0.0391576764733671 0.0501457222226672
-0.0787378673214213 -0.188994159969354 -0.00203402542736771 0.0151128301935131
-0.0782970688615554 -0.192697792488614 0.0377325830315973 -0.0122398071324577
0.0205307003581608 -0.211763522937472 0.0888749872350707 -0.0124531639451038
0.121623380724341 -0.181709384273761 0.145502260827788 0.0156393810694849
0.280155104498009 -0.0999918433655925 0.137235438377432 0.121933331614932
0.280870216015925 0.122497996221292 0.0324608764575173 0.218418351603172
0.081759260983298 0.319316104377952 -0.0510441132784292 0.138814007398548
-0.114143974667706 0.384787678110307 0.0177278126834436 0.0230211076003051
-0.195552561338859 0.274263737181036 0.0677074801914559 -0.225169772783044
-0.113407151159255 0.353788830374401 0.211642994467439 -0.191780167452032
0.148715545973181 0.311433393044614 0.105087805754304 -0.285247179789869
0.32889617074216 0.102212123179047 -0.0815755329690396 -0.256382841631736
0.243827273845849 -0.11010943433119 -0.136400668316156 -0.113259935004673
0.121073933306573 -0.189216385167674 -0.0981092284895696 -0.0363307825154724
-0.00924324800975249 -0.213745251493318 -0.0402445157975088 -0.033434524317137
-0.0721556085314663 -0.186934745680975 -0.0174134329408229 -0.0591352475027247
-0.0755980356826504 -0.186589125092392 0.0201546680010647 -0.0829019321229188
0.0148624715230557 -0.20084669761154 0.0816579356762988 -0.0824715088119082
0.113488441218855 -0.171620277074333 0.159171669140302 -0.0472159685623039
0.261097680285288 -0.086564718435718 0.164778846396046 0.0763144962937165
0.247852667302714 0.120398810154075 0.0644297133656607 0.188431195668101
0.0541280672793976 0.287331759232558 -0.0371785280145171 0.101087779952472
-0.123467854534501 0.328317530508343 0.0704442742098165 -0.0702276599181635
-0.164818686034163 0.175479296398788 0.179471997415618 -0.302985969229427
-0.127468974031178 0.25289845339954 0.260875437818033 -0.228342068732595
0.0767521127042605 0.25237055931403 0.161254320894459 -0.258877905387915
0.244768191046527 0.106870624465494 0.000299964823341909 -0.244398581355452
0.195548946761655 -0.0705673672069721 -0.0605507403039546 -0.152879511948844
0.101945710216244 -0.141796002721624 -0.0615751993347334 -0.112128221004211
-0.0019506322650649 -0.170587145287903 -0.0403300179378819 -0.107696895972858
-0.0567863561024888 -0.155245098536324 -0.0299311025610108 -0.124587341246406
-0.0592225558415281 -0.157473749961835 0.00572177513490389 -0.144968659052381
0.0122973873350899 -0.16712108916539 0.0798975884314627 -0.140585944696489
0.099801832529353 -0.139236764477784 0.172506198742633 -0.09392706569025
0.218091067215231 -0.0521732237992959 0.183355170193987 0.0481667416241348
0.182867961633512 0.118566375541879 0.0826490979051629 0.163937750362426
0.00704022693990378 0.231236821686729 -0.0299303438478713 0.069016530428604
-0.127080498807127 0.230343466406826 0.115930202554915 -0.143070954166951
-0.0992300245655029 0.0453913467175158 0.256410023398507 -0.340554759211637
-0.101202166239399 0.110049781415763 0.280074501329274 -0.246444509005304
0.0135352686887618 0.13915445111274 0.192741844616945 -0.230242823397589
0.127647701165579 0.0745358338754896 0.0549674695049268 -0.229446133770179
0.110873860688647 -0.0289220488691421 -0.0155566908800649 -0.178285404033467
0.061779164827467 -0.0740618313705278 -0.0409302290044529 -0.162213945410801
0.0032348331661749 -0.100454716690484 -0.0429963891734662 -0.157508372174645
-0.0329740025368736 -0.0998497185042323 -0.0381682530468597 -0.170252971170127
-0.0340512822292119 -0.107133502559028 -0.000939797185837704 -0.190675729074984
0.0103429597448695 -0.113885599301973 0.0875412912779148 -0.182221603892952
0.0781147916619107 -0.0929268836671399 0.192701979375869 -0.120985663881888
0.154926982153507 -0.0131401789657287 0.201626303942239 0.0407458691758816
0.100023466775648 0.105673503156059 0.0947376051217978 0.151426324042503
-0.0386873309819903 0.152822066800425 -0.0246058415849133 0.0488672247456473
-0.114861318083541 0.104240913851465 0.152587007282095 -0.183694124991393
0.0761670940033745 0.0464353054345782 -0.200434154258138 0.224524833758395
0.0626308927526799 -0.0480794721999309 0.0773712905572006 0.0403854432878793
-0.0151274052526465 -0.0800627006175603 -0.0419881075067157 -0.193209813436171
-0.0669508307763704 -0.0186839694817593 -0.230337981604511 -0.132290861376281
-0.0393380497445385 0.0293505114126789 -0.283310252563313 0.0782041279310244
-0.0113588191667259 0.025550347012172 -0.159563716486165 0.222315653271203
-0.00752821569899092 0.0316500868584419 -0.0353386858212952 0.242318935751298
-0.00888428900953704 0.0308519786327067 0.0181480445701582 0.21367250899167
-0.0174738804730377 0.0111126714551494 0.0383369383586346 0.203014633712158
-0.0204730513346257 -0.00786337511537884 0.0296266626604675 0.207815242761298
-0.0177342367421836 -0.0222252944819579 -0.0214613356437592 0.217653515328361
0.013021503880437 -0.0485070863212233 -0.116930282393409 0.224457985442572
0.0592518575844624 -0.0156645056407648 -0.22307430496307 0.195377498457269
0.0638623850375571 0.0650659921836469 -0.296838052164836 0.155679242894273
0.0298749886518068 0.100734935938485 -0.321869394637559 0.276493235005868
0.00189241186761318 0.166282531144681 -0.23429596096955 0.179019314855817
0.0584553525565922 0.0787576251201973 0.0672979181223317 0.0337411075197822
0.0699966623248879 0.00275488068078754 -0.0365918674812039 -0.210407360698132
0.0475254725059486 -0.023043983586424 -0.240226649443812 -0.161862362547734
0.0296435215684709 -0.0255958925521725 -0.301650831620833 0.057594355707846
0.0198947360513235 -0.0487390862505276 -0.175887426831353 0.21655547237772
-0.016288913647216 -0.0516198887617086 -0.0430577041306888 0.233150240486745
-0.0249642562844352 -0.0478906948871308 0.0138458800788128 0.19971488983633
-0.0183924000479097 -0.0706653264890186 0.0449833464366497 0.184854995811754
0.0292708068401355 -0.0816008466517531 0.0444232995372619 0.190944484606759
0.0693716928277342 -0.0544540158710556 0.0053789712557128 0.202959355155981
0.126911491000256 -0.0124203786399969 -0.0809798637263452 0.22630179593489
0.112245895918877 0.0962518895611966 -0.184440767481499 0.214703035628094
0.0125280560946188 0.195142675287321 -0.23346486782062 0.167993800080469
-0.0796696078687846 0.227282474622625 -0.252218432906936 0.25143207938374
-0.090701421503119 0.257957299341774 -0.222213732842629 0.0987250534372648
0.0208945805017559 0.212654505724886 0.078576100800815 0.00461122055477499
0.140015671715411 0.114876405197848 -0.0129266075873225 -0.237370103213405
0.174332590713203 -0.00210881488036739 -0.231356256826114 -0.20446336645252
0.116663529432091 -0.0735863709114607 -0.302346725973173 0.0157515961919805
0.0633562206640057 -0.119488653683736 -0.184608628059463 0.180318633639826
-0.0136275450689634 -0.132330704078785 -0.0497591551605448 0.192059193475518
-0.0384194257732748 -0.120938858735404 0.00744625088698719 0.157063733813821
-0.027197025642747 -0.139740634268783 0.0487651582178623 0.137486552792612
0.0567004615731286 -0.148264527187383 0.0685532945162594 0.14617816849556
0.12945994553265 -0.101028385653231 0.0549491166350415 0.168179853384812
0.226794493314692 -0.0170632078850009 -0.0178501883247507 0.223076701592317
0.185751780928367 0.163325740157447 -0.125763278116194 0.235634892377267
0.00559443368132935 0.294812811402582 -0.165714310716626 0.167968547760935
-0.149795392990762 0.329853987029149 -0.155275766894732 0.191871657086274
-0.179644290501731 0.304034397529582 -0.155063156667758 -0.004339528946045
-0.0461275908279429 0.321780227595488 0.115526146057331 -0.0440651671523082
0.171175345055891 0.235281227381359 0.0324568490356776 -0.262002140632173
0.282097052040553 0.047040468648546 -0.189687532170883 -0.244595242631628
0.202787523728249 -0.100567011559074 -0.270131714126223 -0.0425611044933984
0.111629080477138 -0.171035071053108 -0.175051101461111 0.113625575903146
-0.00130651200940211 -0.194409333499639 -0.0519117449611698 0.123912160031236
-0.0460057114984067 -0.175374072257229 0.00084123095611026 0.0925298034082324
-0.0389854204043791 -0.186578219657121 0.0485440719275982 0.0704985669870505
0.0625102722516798 -0.194660912215251 0.0871393282911238 0.0796308071074462
0.158046217382136 -0.143350241167974 0.104708159138381 0.111371579398238
0.288551611901419 -0.0416052286290081 0.051754634762255 0.19872392631195
0.245836787090779 0.184564088144709 -0.0599112879861589 0.240020678329195
0.0201457681256108 0.344220553302389 -0.112022544519575 0.150133444534192
-0.183113448383144 0.386680648887843 -0.0583882487133561 0.10495409317004
-0.236901267877833 0.295556072183407 -0.0415019161328985 -0.113136455528761
-0.122755416043523 0.367521927020258 0.174535568428068 -0.10163602194378
0.150838706572456 0.32101902671804 0.0949459447456546 -0.268432942538803
0.332881730398838 0.109558853810881 -0.114829300419718 -0.266232443547817
0.258612380441302 -0.0957160302015491 -0.200112526930994 -0.10076075346819
0.147320516353751 -0.189836008328593 -0.141803670880874 0.0286442897701676
0.0133060136005342 -0.224731159484713 -0.0451451383996063 0.0384753759500478
-0.0457842844672133 -0.203660425577781 -0.00606443144102065 0.0152662106120207
-0.0469509255873431 -0.206928681047226 0.0424776466776336 -0.00615312249451905
0.0568596269572251 -0.212742631141745 0.0960851607718486 0.00351134447291101
0.160799799399362 -0.162589241264694 0.141020700322193 0.0430889064230897
0.303844816189114 -0.056321764471567 0.10714388405658 0.155448992825254
0.261373652773956 0.18063399544184 -0.0039606502294186 0.224573355869837
0.0245585599440684 0.343458799406206 -0.0759216314139304 0.117637150648712
-0.191192596045432 0.382931471302943 0.026456718494348 0.00901334352113171
-0.244299185932531 0.235578642231791 0.0944502979283646 -0.205827891304188
-0.171367018923908 0.330269958572336 0.242000952126936 -0.151338812304536
0.0918152838338409 0.330023183397872 0.159849754034991 -0.252858839986166
0.306794875268198 0.148149592143439 -0.0253489641713905 -0.260821375499635
0.259549892420472 -0.0695399567837224 -0.109119910920449 -0.144748590454033
0.15300620823017 -0.172818039035873 -0.0916736021395536 -0.0579076234990602
0.0234529261225925 -0.216056044898282 -0.0333884411214955 -0.0466240582711208
-0.0401388711503929 -0.20144359441033 -0.0108748509275702 -0.0639641930706572
-0.0445421590911777 -0.200666497376321 0.0348424838282195 -0.081374005970972
0.0488269157790283 -0.202436941376955 0.0991847394324375 -0.0690810098377484
0.150613540861933 -0.153913162504574 0.163619187750752 -0.0191578674629541
0.282901560690767 -0.0453266575007656 0.1443726272989 0.112557626015767
0.227817353393 0.172953121854578 0.0346617307586555 0.19880448340084
0.00190744713542711 0.305137157893497 -0.0552392018605853 0.083774127347673
-0.189304462128128 0.319663328194818 0.0954972507969169 -0.07490027340693
-0.196302614212421 0.138763377864143 0.221157116372553 -0.27110605883826
-0.169170902264693 0.225766242649308 0.295841402268224 -0.185273436541972
0.0304514878760269 0.258895655205104 0.208002312965498 -0.220527843640882
0.223013455199962 0.139209589427037 0.0521100726743468 -0.236296827932482
0.204431036699199 -0.0387814822665423 -0.0284756093802838 -0.17107051127285
0.12526974101588 -0.128482067093539 -0.043657567791167 -0.128773719070122
0.0237479165834175 -0.171543344521458 -0.0234042365679441 -0.122722180502399
-0.0299666547646592 -0.167446310083206 -0.0137360804393624 -0.133110711947168
-0.0332964844832956 -0.16878855156781 0.0286317327810152 -0.147257481140853
0.0403906026153883 -0.168621752919262 0.10491520366472 -0.129331979016242
0.130535585480679 -0.123891037822047 0.184841083698999 -0.0653675352930182
0.234198168247592 -0.0167581947542898 0.169322677433574 0.0837844668376217
0.16172378021162 0.157184835123079 0.058599115113956 0.177104445896364
-0.0356225986715966 0.238607975182779 -0.040558530328435 0.0549503165170099
-0.174204215584492 0.215043262148891 0.151003092927765 -0.136670802830613
-0.108103468774963 0.0186544613365432 0.307127903375728 -0.30210949516457
-0.121237684856194 0.0867909065133553 0.319795385619029 -0.204606452957305
-0.0118953321591804 0.13569294832334 0.23244367765498 -0.193858023879623
0.112548304067301 0.0889247350969865 0.0989887105931546 -0.217274236296505
0.112122794515897 -0.0115071895912709 0.0179703591147868 -0.187167962199073
0.0729141774172697 -0.0658099819301718 -0.0165645166805423 -0.175374122026492
0.0176450673617631 -0.100711406679488 -0.0201462902903847 -0.171946305525342
-0.0170985193635727 -0.10755134660991 -0.0148010014339004 -0.180934697062598
-0.0170201627052794 -0.112851699203123 0.0273955296783372 -0.195817716914595
0.0296109041537397 -0.114250056265296 0.118407605161859 -0.172509119963195
0.0993448636533977 -0.0809021742446313 0.210362807245544 -0.0922209939387395
0.162878279375039 0.0121903140742099 0.191301399212854 0.0759208560513657
0.0794422421617648 0.129206706911877 0.0742454607868428 0.166601926773685
-0.0679801331588247 0.149131214103568 -0.0305165498085874 0.0400600833450554
-0.138169743645321 0.0842412521499293 0.192334837702454 -0.165854845748892
0.078196396247762 0.0377158741542605 -0.175386959701226 0.239966269666752
0.0575295458172051 -0.0525204993184259 0.0821939289334507 0.0326302695612126
-0.0219706180876863 -0.0761639249733793 -0.0568028610571515 -0.187956690103171
-0.0670786302611378 -0.0129604506529171 -0.235806696916718 -0.110378080558041
-0.0362087109983018 0.0320438316825962 -0.272739473842677 0.100047166150596
-0.00903623140357508 0.0262477386012845 -0.138573872325708 0.230910557100964
-0.00476420438359286 0.0311267301234786 -0.0133881969665414 0.239825094450859
-0.00513328718885117 0.0307574815011873 0.0382196203513511 0.20907454655604
-0.0161525137712471 0.0118691432697318 0.0561063432509627 0.196553906345437
-0.0200714278628662 -0.00650761962468155 0.0465243727255946 0.202020724300023
-0.0187389969221822 -0.0195185545777362 -0.00265613962325611 0.216777696691645
0.00883099924320866 -0.0489819166541937 -0.096578072728641 0.23057336795623
0.0578456847610089 -0.0193804434700292 -0.204215658133006 0.208351562798133
0.0701218845593284 0.0598679263254757 -0.281386078815176 0.176449105241979
0.0374103896599317 0.0954965217967017 -0.293284034980637 0.300827356241235
0.0156468152763065 0.161313427550634 -0.213166659902535 0.198692449204446
0.065366599895586 0.0730972739187903 0.0719986837107399 0.0281054308204026
0.0695763170635366 -0.00375467507849833 -0.0523867705884457 -0.204429722237873
0.0454478278663148 -0.0287791647420196 -0.249343327882521 -0.138473244707992
0.0269408610959282 -0.0289757373955406 -0.293225958906579 0.0816902481216826
0.0135156304031039 -0.0499713073285903 -0.154599445516596 0.226308305136464
-0.0211134245804593 -0.0492890253383799 -0.0216794598709866 0.231285917425706
-0.0288468842001452 -0.0446856055453557 0.0312339530738031 0.196241989892158
-0.0250432412301275 -0.068190958927593 0.0599663410110401 0.177944883181136
0.0221482438389291 -0.083375634427267 0.0603131752311216 0.184507067353512
0.063721864525939 -0.0598502425010223 0.0221147326376772 0.20071539641185
0.12398272305831 -0.0239119755740464 -0.0612033709466695 0.229271358772823
0.119230566989137 0.0850153957668579 -0.163591761973052 0.225051722775523
0.0295714546385855 0.192035326278978 -0.217613758121398 0.182733924339604
-0.0581458606632349 0.229591907914463 -0.228433727930504 0.27038263754891
-0.0671222841484472 0.2599040480652 -0.207990755135879 0.118983708969434
0.0395662235483574 0.208538023028272 0.0803066105607583 -0.000985481606657042
0.147752370449942 0.0997995246456559 -0.0312096338114735 -0.231971884499158
0.171240243812339 -0.0206076792185455 -0.24450934306337 -0.180329208150771
0.107901865431547 -0.0849783460476318 -0.296820842034917 0.0403505393106347
0.0505765951765939 -0.123790066178895 -0.165657190004527 0.191185301435061
-0.0253048344856139 -0.128805512514627 -0.0330254037051817 0.192939448721817
-0.0485944031958088 -0.113782392247468 0.0208302926145763 0.154647775765459
-0.0391295447736233 -0.134700135580896 0.0599105459034066 0.131430268471857
0.0427178651090281 -0.150886069985353 0.0802449357167367 0.137852172097608
0.11845402361736 -0.11041752835705 0.0675279798542721 0.162021977386561
0.221313867265778 -0.0381502413402098 0.00116082831964613 0.220592167316934
0.196711603537728 0.14376217276607 -0.102909773217608 0.241617528463039
0.0309840641486518 0.291243041104667 -0.150806093935355 0.17801941419899
-0.117717046479824 0.336450769457175 -0.137966523904685 0.202549710331291
-0.150317569235517 0.313255203490688 -0.150921441406846 0.011103598571752
-0.0172548065343483 0.321773394029477 0.112121367384445 -0.050362261714458
0.188908791364224 0.214701216552853 0.0114057953579825 -0.258868341193311
0.282781325518637 0.0183720010919024 -0.206492080955932 -0.223813605203029
0.190234507261205 -0.118640738262568 -0.270216632639528 -0.0195086705091402
0.092407041677411 -0.179379654449358 -0.163076603114353 0.125319631049626
-0.0192469761886642 -0.19071864715513 -0.0415629021442163 0.126224506487198
-0.0607910034076299 -0.16736019773024 0.00734881034268691 0.0915979777638203
-0.0551183575587611 -0.178827132044908 0.052485915445431 0.0653503461078713
0.0437249836729915 -0.19670254180728 0.0933022923694019 0.070561471012071
0.142291442793848 -0.154602571744794 0.111712282102906 0.101045552765218
0.279941397965588 -0.0689325677819695 0.067678523625265 0.189395981872994
0.257694429675292 0.15889968951841 -0.037539985371158 0.240655907261214
0.0505006527919633 0.338719891105165 -0.0984085360731879 0.155068159574682
-0.14572087677654 0.393509376152959 -0.0504013476754992 0.108409787320175
-0.208311468872778 0.30979500414802 -0.0488248974367215 -0.106370634288976
-0.0883155789546112 0.3737444841521 0.165075519732987 -0.111982637661559
0.175841727035598 0.300613861261124 0.0731173289600752 -0.270980306476948
0.33780941695851 0.0748423403730743 -0.133427644630702 -0.251175323770268
0.245803928849764 -0.11904131153526 -0.204804855063482 -0.0827767366814175
0.12624209626725 -0.200827740846574 -0.137156212038761 0.0386454776545151
-0.00686951631793596 -0.221780609210126 -0.0435075239530453 0.0421709768638766
-0.0641387455620211 -0.194116202819733 -0.00621911216377512 0.0151104828024037
-0.0645048019341611 -0.198658709165162 0.039294634349832 -0.00930484595748257
0.0365372331447647 -0.214265600985147 0.0953905115356386 -0.00480881915113126
0.143885957053976 -0.173796100411524 0.141333411696533 0.0308169448236834
0.294926513799764 -0.0841504827411477 0.118890444960278 0.142609249653295
0.271921992554287 0.153659107936087 0.0174836335379151 0.221571399795056
0.0534770031743715 0.336784247318076 -0.0658163703916833 0.121209246568146
-0.153653449274558 0.391720641222995 0.0241364715760122 0.00604311658509403
-0.22062469480305 0.251929152341786 0.0765854968923326 -0.2103555471967
-0.140102800170308 0.339850045611914 0.226829448065996 -0.167151161515179
0.118455914068396 0.315594528439379 0.137494143379011 -0.258999796969094
0.315105788654389 0.115327770938586 -0.0445708962029414 -0.252570726903289
0.249778258089706 -0.0928576003416641 -0.119691712251598 -0.133779749368329
0.134560148329595 -0.185066658879295 -0.0951739724993462 -0.0508320519812636
0.00338482228133774 -0.21462875807308 -0.0389174533316498 -0.0441761861032081
-0.0582711316604743 -0.192443526818021 -0.018126691709927 -0.0613375744315875
-0.0618259432561291 -0.192268025231178 0.0255126480868481 -0.0827116371874207
0.030176870051231 -0.203481179818374 0.0922829712705595 -0.0757026703411843
0.134582276158956 -0.164384897056389 0.158508474735112 -0.0327315283124053
0.274491321203465 -0.0716686086338068 0.15172229294365 0.0973492251354509
0.23797576428586 0.148322481589862 0.0537670559038615 0.193469299890856
0.0266259123481998 0.29989892353698 -0.0469516075612188 0.0862269763600185
-0.156703384669479 0.328223948794897 0.0842418840102953 -0.083172710101657
-0.180695007870618 0.151719481114883 0.195452187074816 -0.285986432290597
-0.147478526304692 0.237014153985208 0.277007043411297 -0.204974221330238
0.0527816383475196 0.250191209091109 0.188185287218979 -0.232073342784284
0.231424328518717 0.113600829738988 0.0338346537756967 -0.235758512636492
0.197337764942833 -0.0573336147024295 -0.0420156996756214 -0.166900068226745
0.111614862013194 -0.137889654587689 -0.0539331006749851 -0.124480226795573
0.00860238344912156 -0.170965450595507 -0.0352785035471158 -0.118736456117182
-0.0459189390737525 -0.159485382822018 -0.0275765957515789 -0.128894921803433
-0.0482141866976218 -0.162113787397406 0.0144692069097468 -0.146912018993935
0.0248452515476813 -0.168432772876019 0.0925934563866175 -0.136507029501076
0.117003150584638 -0.133177877957883 0.175597974323676 -0.0800053609849283
0.22904925296891 -0.0386660671192157 0.173998326899193 0.0676595446395023
0.171028734253539 0.140169489145027 0.0751535327739614 0.169625568928338
-0.0145863124373517 0.237766110577597 -0.0350111102069751 0.0572951284902162
-0.151054996077216 0.22472729649265 0.134737144812863 -0.148796391330645
-0.104288449389098 0.0264227693094912 0.276351238834122 -0.325634215691446
-0.110957731678118 0.0952666358648229 0.297511005585652 -0.227330573522532
-0.00081721830367556 0.133259638535537 0.214031107340608 -0.208782349779448
0.118104245867338 0.0753953477562073 0.0814913668197867 -0.221195891808833
0.109398295360002 -0.0217844853102366 0.00406274463289603 -0.186395156327718
0.0664053488883706 -0.0719777121959184 -0.0314867710595304 -0.172540878705393
0.00867585203539431 -0.100557429867851 -0.0358363926259806 -0.168392623445943
-0.0270382728483683 -0.102337758645173 -0.0332341346589772 -0.176553570215644
-0.0269098924520155 -0.109524110949363 0.0095983747096624 -0.194495185197866
0.0184576712987892 -0.114619055657132 0.102086895869046 -0.180352785046657
0.0907838286991443 -0.0885685260038084 0.198930737298142 -0.107474722200496
0.161531618608009 -0.00284515141943554 0.195277481710593 0.0589685448152297
0.0873362019050451 0.120051989052211 0.0882247168794154 0.158101552809305
-0.0538099937284069 0.151323677102151 -0.0272295598812287 0.0424759391279063
-0.126466776589276 0.0928053777924078 0.171286432969633 -0.181193310408358
0.075297124578678 0.0294581921499652 -0.148778532490528 0.240430122247617
0.0514729695678622 -0.0530775872135053 0.0820648339777744 0.0257031834230547
-0.0255050571310082 -0.0705634517974801 -0.0638599644700701 -0.175671657272157
-0.0642073223410303 -0.00833456783776465 -0.229576925580261 -0.0906884753231867
-0.0321994011891458 0.0324069207793809 -0.25261112162279 0.111929197799976
-0.00807459138301713 0.0253172676541833 -0.117280791092393 0.227077790339062
-0.00276284060203623 0.0299141419127799 0.00329637980846746 0.226250551891518
-0.00183915058533397 0.0290724665508172 0.0495492233075601 0.195645940893216
-0.0143021208323956 0.012065514515216 0.067062540876775 0.183261273589415
-0.0192517578968114 -0.00576937542988393 0.0569712007167454 0.188461300524882
-0.0185740162006249 -0.0175346014114602 0.0103964611101804 0.205694131296244
0.00512890255410914 -0.0473954732290283 -0.0783482338558091 0.224173847680103
0.0547633035285637 -0.0217803673630649 -0.18237902206957 0.208386775519191
0.0717644383104309 0.0529629761493351 -0.258629580499898 0.181539747959004
0.0409593647940906 0.0875441348547429 -0.262107545332358 0.305655134085957
0.0236544948931365 0.15084797863037 -0.186937779619581 0.203736009070146
0.0668819087638642 0.0655625007563935 0.0718902160808904 0.02233665147766
0.0656273848953216 -0.00809599345335768 -0.0604563744521166 -0.191299733102481
0.0410782613490227 -0.0315034410920985 -0.243508155999988 -0.11597017692963
0.0230344903883714 -0.0297674908570288 -0.273506593102706 0.0945270798594836
0.00872460149519925 -0.0480661626714437 -0.132564036423468 0.223242115544644
-0.0231406807109997 -0.0460302385199099 -0.00637723105676764 0.219898565691257
-0.0300833979352327 -0.0400524145856211 0.0425295298196937 0.183925044467639
-0.0279383323189576 -0.0629947980632585 0.0684241174084766 0.166428632116311
0.0152877178236487 -0.0808749335693933 0.0685841826281186 0.171309269561964
0.056865948569013 -0.0606551954872605 0.0336020461223685 0.189163660288474
0.116078803297194 -0.0315276318352141 -0.0448813470171806 0.220937320236075
0.119541016222058 0.0730902961620824 -0.142359758992311 0.221716927405668
0.0412506111065294 0.181177186969283 -0.197240638417625 0.184429121195136
-0.0411066341276959 0.219668054856889 -0.201115039572478 0.271344044947463
-0.0479542225018657 0.249468845028726 -0.187256326795648 0.128033303272469
0.0513669874082629 0.195907417642518 0.0787217156630312 -0.0044815575804471
0.146457143260065 0.0842862296673176 -0.0410302331155662 -0.21829682800594
0.160678471140916 -0.0330014942956918 -0.240799128047849 -0.156053580683555
0.0964806581284802 -0.0882101473610395 -0.279820238722312 0.0562040339509814
0.0384296273933615 -0.12065858999711 -0.14600046541268 0.190679120980272
-0.0327604566006449 -0.120097232098895 -0.020410909479881 0.184554221300862
-0.0532937521903898 -0.103637128976986 0.0295594961941375 0.145765806424293
-0.046281263338121 -0.124328347474849 0.0646611119877282 0.121529683697254
0.0302662579567463 -0.146048083319915 0.0850665482625977 0.125445082253285
0.105486863453735 -0.112350295210349 0.073575183592851 0.149682517804555
0.206684483299737 -0.0512284432597945 0.0144700837698499 0.208411008668387
0.196412350735582 0.122986298522312 -0.0828195301452089 0.2343846127117
0.04845031682964 0.275398243792858 -0.133635201015067 0.175688401578887
-0.0899495868418539 0.32431032169793 -0.120228109906501 0.200980312278264
-0.123350729228795 0.305806648253216 -0.140088021611049 0.0217819974564833
0.00534344426845151 0.306330619514788 0.105376292787064 -0.0531473821770773
0.192691464511117 0.190247817842654 -0.0016152484788342 -0.245266933942004
0.268577860591902 -0.00421498971623178 -0.206921807361314 -0.199439659742138
0.172081219517193 -0.126175146982496 -0.257467999435693 -0.00222724745993816
0.0749047367629513 -0.176305898898901 -0.146904274824228 0.127643603164367
-0.0315783591856186 -0.17932095894247 -0.032786087348781 0.122093441376221
-0.0686615473516802 -0.152047764839533 0.0122115310608344 0.0867799047277869
-0.0640736459185676 -0.165355881567045 0.0529273867277461 0.0597821402202642
0.0286486754593256 -0.189570193705486 0.0927013642645475 0.0609154475997722
0.125002186994288 -0.155697862875948 0.111677312591898 0.0900901039385128
0.25985103604826 -0.0851442420462656 0.075879420231546 0.174978766996875
0.253691828897766 0.132943615417555 -0.0193851231298871 0.23068654984099
0.0685823875384755 0.318767699654388 -0.0845094222664923 0.152553285760438
-0.112133761074581 0.380023289994929 -0.0435211747569969 0.105952451050747
-0.179152211972983 0.305645881687132 -0.0512261481309953 -0.0971416586591725
-0.0589896517398648 0.359657571032094 0.152011876188054 -0.113808817861924
0.185461017310495 0.271864285571256 0.0557792423075223 -0.259216660498353
0.324433143668744 0.0458508657772127 -0.139413678492268 -0.229991119441449
0.224616366691081 -0.130879422842039 -0.199642584944779 -0.0672098097680512
0.105210108136588 -0.199225663618046 -0.128445361715725 0.0433906095557834
-0.0216832467474854 -0.20995339026537 -0.040287626391128 0.0432957247256121
-0.0738555298526394 -0.178019734527257 -0.00587138547399991 0.0155858911378936
-0.0737967587292128 -0.182904017041713 0.0355911861796945 -0.0102603118981856
0.0202769429686432 -0.205237378748605 0.0902361372765319 -0.0108416463483181
0.125024290136783 -0.174030513409756 0.135454766091407 0.0211774437656084
0.273195832964857 -0.10100116629801 0.121012086087946 0.126596780312384
0.266498080746172 0.127495084569075 0.0320866484558931 0.20948953317576
0.0717530313034413 0.317823417056228 -0.0549976842411675 0.117759265072064
-0.120224033847047 0.37761937069781 0.0204600994483777 0.00370417418280841
-0.193714983786134 0.250711241349325 0.0612528084932997 -0.204086552879214
-0.110326639935332 0.330932662681092 0.206350239234615 -0.170604052696029
0.13273319775552 0.289599171734067 0.117581879378289 -0.252226665142521
0.305754098578682 0.0861000473781591 -0.0549356943776916 -0.236636382425532
0.229542043045315 -0.105910953168205 -0.121229933168182 -0.121118018817666
0.114387559313139 -0.184568399917057 -0.0944321703959133 -0.0433715860967903
-0.0114543048600468 -0.203927554333946 -0.0421101493657323 -0.0394193861827008
-0.0689131046142787 -0.175730374465072 -0.0222337771514284 -0.0563589552553622
-0.0716078201378546 -0.177321221897128 0.0174020048900639 -0.0789023259051189
0.0149124424553865 -0.194128426192563 0.08256665717121 -0.0782564867806474
0.116824343812829 -0.164541681993643 0.148595711190565 -0.0403694753161927
0.255349169439748 -0.0874593282021901 0.149300799242109 0.082628503949314
0.23316716450876 0.12489984945656 0.0648607184706306 0.180093412084792
0.0446080924132375 0.282765110898107 -0.0400250044090235 0.084488412681643
-0.126056910158399 0.318572064042776 0.0724193766677762 -0.0853885526926138
-0.16221983049101 0.154120616312565 0.168907489394604 -0.284184861733
-0.123967097537454 0.233786972164907 0.251242745544939 -0.20988518870406
0.0651191538873922 0.232319748436425 0.167652023858002 -0.230236626944154
0.225964168733001 0.0903315909318357 0.019526735116232 -0.224349919834529
0.182853042226382 -0.0686028178625884 -0.0484379182268488 -0.157825737332286
0.0958982302709235 -0.138669949080938 -0.0595305419248252 -0.116586897176883
-0.00310736708464786 -0.162162882573275 -0.0423031738763828 -0.110766431715684
-0.0542851907124998 -0.146363125713973 -0.0361310118874067 -0.119524660826291
-0.0571811286438912 -0.14933986400404 0.00281563255627643 -0.139118267607954
0.0121097122502673 -0.160225890138627 0.0796582674014927 -0.135548174446877
0.102585203569587 -0.133616141965286 0.161607031378245 -0.0853386830044228
0.214502176692164 -0.0530693349208612 0.169253427607225 0.0528756590848877
0.169500615659956 0.12170787394 0.0834830384199403 0.15633311651906
0.000434963456053511 0.225969395405086 -0.0298128641093872 0.056509568413433
-0.127699218125621 0.219437579495131 0.115382875596476 -0.15011997153874
-0.0970479565362991 0.0306313873544759 0.241978252770449 -0.326608382693766
-0.0985978812594724 0.0961861715124191 0.269196025036523 -0.232389568743256
0.00682374758055195 0.125417750024364 0.192386534215562 -0.209646348252886
0.1155626050213 0.0612940981367239 0.0651924581314776 -0.214721071874559
0.102200684940399 -0.0283151041967769 -0.00669961154613853 -0.178452250767467
0.0581802482562718 -0.0726762731754905 -0.0415840698110839 -0.163542144112315
0.00215208250000222 -0.0953342857537424 -0.0461063534027258 -0.158385408277717
-0.032671927516501 -0.0940541954644673 -0.044566328192885 -0.164458987368121
-0.0337329688940033 -0.10107079721949 -0.00432862983118898 -0.183816305956567
0.0105033470726661 -0.108911553619104 0.0858623984155746 -0.177612494877925
0.0791703326906903 -0.0896471966183411 0.182386819354798 -0.113586773716002
0.151853829369297 -0.0140946186319611 0.189305604102872 0.0436865793987347
0.0883886565716811 0.10862343182639 0.094685902456774 0.144545210747232
-0.0414436117210693 0.146353472011851 -0.023504426455222 0.0417816848286545
-0.112701374815692 0.093432483294574 0.148109041643535 -0.183491945117203
0.0705479378288254 0.0253702249013435 -0.13160663876703 0.231422854502702
0.0472205382251461 -0.0514429998810072 0.0806892425305032 0.0210925900470428
-0.0257354302217826 -0.0655885157942182 -0.0634288850849782 -0.165124360411553
-0.0613155923966686 -0.00684192833264846 -0.217798041734607 -0.081598016987648
-0.029799697759651 0.0312480827954367 -0.236385855451372 0.110846480191374
-0.00738130875198655 0.0242472747280356 -0.105942561591409 0.215984903850811
-0.00248258390040445 0.0279114229048172 0.0095028107396252 0.21206070786476
-0.000698094426722902 0.0266282203157957 0.0527701757163075 0.183189508541241
-0.0138019264400595 0.0110066264054958 0.0686779676675106 0.172199664408904
-0.018202628380545 -0.00546928491042526 0.0577604494725606 0.177041609484858
-0.0175776412602841 -0.0160254548493594 0.0148968546759165 0.194642388154044
0.00358448258279214 -0.0448095353480672 -0.0700703464363068 0.213509061047948
0.0526181123634886 -0.0212139235984772 -0.168349578325531 0.197968208330425
0.0705092982481225 0.0484001574859316 -0.242682380162918 0.175417388094025
0.0395752146366784 0.0809328574366207 -0.240284440425236 0.294287526651612
0.0246111811389386 0.140804306637365 -0.168554772088719 0.197795502560314
0.0648067305582876 0.0604657970919544 0.0711195243134009 0.0197824842268925
0.0620892625236312 -0.00947445550702956 -0.0596526029287615 -0.179791377922229
0.0368649213505566 -0.0323888687601812 -0.230972841838052 -0.104705413879415
0.020838648703669 -0.0299671140601598 -0.255630535755043 0.0954236827437923
0.00613585244873011 -0.0454549751657633 -0.120154253911969 0.212642769422255
-0.0236272196100327 -0.0421840506958978 -0.00037222378479759 0.206476544461892
-0.0285913239701884 -0.0369504184318412 0.0456540598956098 0.172561290360039
-0.0280771029249115 -0.0587874694259492 0.0698921022381873 0.155435491627951
0.0126170082427976 -0.077315938638779 0.0691145557630517 0.16045450798533
0.0521716693758307 -0.0591208583610956 0.0359840107943896 0.179070695658003
0.108009419019146 -0.0328483440131887 -0.0372216864718496 0.209464942484696
0.114701484532266 0.0658249733353359 -0.129311314900131 0.210974873579371
0.0444820021878375 0.171231286450861 -0.183406615795647 0.176313535456585
-0.0338677596407869 0.206378451462565 -0.184967418747631 0.261905979894969
-0.0396782640500888 0.235630925288624 -0.171189799358065 0.126392845758434
0.0540213760739411 0.184163597996683 0.0770536146134847 -0.00496954891571264
0.140121826632935 0.0748819616438764 -0.0415961226539289 -0.205097495837506
0.15003920304874 -0.0373565820683177 -0.230155371563992 -0.141880984459206
0.0880177275568567 -0.0873791284187488 -0.263524828511875 0.0597313517781157
0.0318995216765235 -0.114851555959043 -0.133310036451877 0.182447311898468
-0.0348734737908169 -0.112690014924478 -0.0144548643401687 0.174862657859207
-0.0530888977767783 -0.0955572331281346 0.0322478891537137 0.137515850238715
-0.0473763056713603 -0.115850144861914 0.0648346167210055 0.114275909683348
0.0245458467194138 -0.13943868480906 0.0831733450139583 0.116611243378276
0.0960957356630614 -0.108734338319597 0.0730964235921101 0.140946884920313
0.192889618179874 -0.0555309719230726 0.0185504492721838 0.196223839504828
0.188180413008091 0.110252350738633 -0.0726545519848372 0.22276671847407
0.0529699812434298 0.259505873562533 -0.12411496223247 0.167154979955267
-0.0767778615405752 0.306426442198479 -0.110344774507097 0.193184520378273
-0.108680581671618 0.289541144138358 -0.129636184761926 0.0249320162699774
0.0131116299508304 0.290021576164299 0.100954657395541 -0.050924284440495
0.186157646188763 0.173518193701141 -0.00395568352924975 -0.230905425201004
0.252379112860623 -0.0138248501211373 -0.198955411426696 -0.183088062217824
0.158183885342245 -0.125744883764575 -0.243569693117195 0.00304569389628026
0.0646381565320034 -0.168366107954333 -0.135551681315265 0.123224787268106
-0.0351041872312908 -0.168307674771231 -0.0286628393301345 0.116368842948004
-0.0687423891525158 -0.139950188444147 0.0140276936205023 0.0821552318344338
-0.0657937247469914 -0.15351492319615 0.0511222550999559 0.0560235559792554
0.0216195276463008 -0.180307680413689 0.0893102780283484 0.0554721371108887
0.113532128855139 -0.150533841318452 0.107289520640672 0.0833623162270366
0.242420075903645 -0.0884295677197219 0.0753571745454775 0.162294645624776
0.241886439200828 0.118221794222898 -0.011491918976606 0.217590832362578
0.0734237200971998 0.301160269044291 -0.0778939509286499 0.143195434889665
-0.0967475530668842 0.358323198150577 -0.0402871181772385 0.101528144236686
-0.162444950668044 0.291995545510426 -0.0490022397773263 -0.0893352673068121
-0.0472097630395873 0.341995109173142 0.142490061491755 -0.109493994166265
0.181798504565346 0.250681412629351 0.0507617626111329 -0.24546304140478
0.306213767840367 0.0311622670728881 -0.134626228128943 -0.213455942741932
0.207874768465886 -0.131319928248437 -0.191084920467533 -0.060095910174903
0.0927468509389688 -0.191581407458323 -0.12105300751272 0.042731579563843
-0.0267577262238808 -0.197441620220018 -0.0378506381465349 0.0417011318711928
-0.0747072517130914 -0.163838318129237 -0.00560090731942149 0.0161783471180781
-0.0755550641725268 -0.169689073286171 0.033303781298487 -0.00931555810637056
0.0138954398492985 -0.19466858688438 0.0847898440429767 -0.0123885661118104
0.113455859656047 -0.167891403582242 0.128165227980707 0.0186088235824157
0.254762687944283 -0.103998578766725 0.117668403519034 0.116338880335588
0.252586704378735 0.112584033778506 0.0367997201158812 0.196401122754454
0.0750515447295595 0.298686321142004 -0.0505086406509737 0.111044452147392
-0.10354502906119 0.35614600102379 0.0172833608533156 0.00312537512924649
-0.177125832181536 0.240617322435858 0.0538667860534028 -0.194114590990911
-0.097229772869413 0.315092304025635 0.19247636445416 -0.162881336408632
0.130864028398008 0.268977548154085 0.108697181008436 -0.240655772710785
0.289553479268224 0.0705126730875159 -0.0552784162812849 -0.221865558268924
0.213504191665253 -0.106850586854089 -0.11752152095357 -0.113248650924762
0.102096774973673 -0.177556414216636 -0.0908597481989959 -0.0399169655129543
-0.0167216167562204 -0.191765341734179 -0.0416214248698365 -0.0362105073211112
-0.0700637606568223 -0.162435412115789 -0.0232087108084837 -0.0512656872938039
-0.0733087078416694 -0.16437847463931 0.0144417841763166 -0.0733801072400762
0.00815041517685172 -0.183757684384632 0.0766653399557019 -0.075823797778677
0.105595051617544 -0.158614407967348 0.138460226603531 -0.0400503210962263
0.238164625396711 -0.0908569928231855 0.142373660565229 0.0734035577843485
0.22181188857485 0.111593392942068 0.0670349671634589 0.167974659363256
0.0492025323710516 0.266098040310609 -0.0362975632334918 0.0789033891022399
-0.11081179701975 0.301009275155771 0.0638345840946241 -0.0825408023953914
-0.149320766961081 0.148421102480204 0.152723118239157 -0.272393275592521
-0.111247326299217 0.222693670954608 0.234050514165521 -0.202491427912949
0.066292141022113 0.215870585137189 0.154881511796163 -0.220641272175171
0.214279998021743 0.0771513054491124 0.0153651007510465 -0.212862059320155
0.171106189946931 -0.0703031365290328 -0.0491654232110531 -0.149356076192811
0.0866014091795985 -0.133904565818694 -0.0601270225930224 -0.109759951510208
-0.00822295596639292 -0.153842190545232 -0.0444596706233308 -0.103867211214965
-0.0559572193081853 -0.134731459342208 -0.0379571295823019 -0.11128625427745
-0.0586250360692663 -0.138665760564372 -0.00150330081292427 -0.130373986052643
0.00757750884653086 -0.151227840358343 0.0718883728091654 -0.130785324116516
0.0926889803020316 -0.128913633105549 0.150593638582337 -0.0839204243686415
0.200166729975428 -0.0567421014505725 0.160941851134564 0.0452301420325043
0.161461728611816 0.112073172710599 0.0838832045590604 0.144709443794967
0.00576709991545724 0.213106439632249 -0.0275289089028292 0.052941805171964
-0.114207236854566 0.20713841376555 0.102222333386433 -0.145811100317233
-0.0905061590967765 0.0305429332914427 0.221191809688199 -0.314803117830924
-0.0906676658051355 0.0922548176056896 0.249513351461336 -0.22455668700415
0.00899542036849508 0.117345607612412 0.179122674177879 -0.201456489003083
0.109342744230728 0.0534087252622253 0.0587573678636139 -0.203388197709712
0.095758839933788 -0.0294866765918064 -0.0104365404629515 -0.169524145744538
0.052847085929908 -0.0705676275811236 -0.0446998217973239 -0.154697904346381
-0.00120455782303693 -0.0897997859815568 -0.0491840017868143 -0.149410056130036
-0.0335376163880622 -0.0859869065412111 -0.0477811574628403 -0.153344202581643
-0.0355064584375919 -0.093279954614901 -0.0088064383178578 -0.172476730730106
0.00727237464621193 -0.102315182076865 0.0766996119914478 -0.169926589018551
0.0720168786974946 -0.0871596056999482 0.16897272606345 -0.110287281704311
0.142625824608511 -0.0180404206344519 0.180270624505476 0.0374610048382105
0.0858553180970611 0.100940848234559 0.0933902530899828 0.133513567923112
-0.0361229137160463 0.138041842697096 -0.0220505161770113 0.0396507452165453
-0.10341336179858 0.0883881873150122 0.132605408529148 -0.176922554317306
0.066724772667376 0.0236822864703062 -0.125017293794138 0.22317641808635
0.0460991747253683 -0.0488219979935589 0.0797086753796075 0.0205890443041089
-0.0243172687052549 -0.0626257824759858 -0.0601311230908881 -0.160634636463661
-0.0595678671651903 -0.00708747454860322 -0.208658635044272 -0.0807215694744453
-0.0290237778410586 0.0293763459560928 -0.228489964119569 0.105274371056114
-0.00716053288105402 0.0236364891142687 -0.102953351958147 0.207773928480894
-0.00272852858100737 0.0269284464627688 0.00902848495610248 0.203283345341336
-0.000488594512937014 0.0248748443741476 0.0520219402677453 0.176753266564127
-0.0134494274662018 0.0106841892519418 0.0677400929858384 0.165951767762897
-0.0172330739738803 -0.00558253544821323 0.0561714558093914 0.172144648045527
-0.0168836558016981 -0.0150555644326556 0.0140538407375462 0.188281555872274
0.00380210767533811 -0.0427921625887444 -0.0686181966269001 0.206445371206348
0.0516127594216505 -0.0201683268830309 -0.164869957317818 0.188400785003377
0.0689061191626962 0.0471494303655761 -0.236524384571195 0.167887825358178
0.0366397467376941 0.0772501252802353 -0.232645338635141 0.285603911697493
0.0233787486926847 0.135741872442075 -0.159994375380999 0.191005307349286
0.0632688302277557 0.0590167428215903 0.0718341351616542 0.0186801409115891
0.0595594059995199 -0.0090144633248938 -0.0562986206344356 -0.175112617872587
0.0349570889359457 -0.0328889335838854 -0.221494074099201 -0.103114363383985
0.0198336515985443 -0.0296855164120682 -0.248051598522159 0.0908953274824544
0.00546686853950144 -0.0434037831425058 -0.116901000072146 0.204280511546045
-0.0236509297377575 -0.0401484702698327 0.000415270779399341 0.19855945532521
-0.0273278613865699 -0.0354156839303041 0.045141382633853 0.166833766499929
-0.0280813152124478 -0.0566783650205642 0.0684560504675708 0.150429654383575
0.0122996770090376 -0.0759019381989579 0.0661544056773241 0.155017724547297
0.0503337835642386 -0.0566422764388146 0.0336392242119111 0.17353091018492
0.103927393235542 -0.0320277371076188 -0.0368715418665772 0.20199501943309
0.111358921140288 0.0631282658321981 -0.12624282346336 0.202101639845388
0.0433711779092577 0.165827991303669 -0.18014363098437 0.168654908830502
-0.0335676989205046 0.198407982897248 -0.178771744770463 0.253932763101983
-0.039328069799781 0.226661542664892 -0.162962073808242 0.122569189645721
0.0525579403925523 0.177780016269641 0.0774090920777178 -0.00398684275051788
0.134993554457642 0.0715785711139448 -0.0370016158797178 -0.198901039121964
0.143588156615297 -0.0383096084087297 -0.219629145375582 -0.13862249979486
0.0837822740698766 -0.0859472116978339 -0.255727707610054 0.0559452677520992
0.0297145547569559 -0.110525303023906 -0.129689081549186 0.174969030409617
-0.0348311742142283 -0.108325391082584 -0.0139527503311142 0.168254271782792
-0.0510247367517475 -0.0909122863693386 0.0323220563098829 0.133567796976754
-0.0467953103859936 -0.111223704883044 0.0629922320925072 0.111228108786869
0.0235626264903792 -0.13538048718711 0.0804656861069931 0.11275131876628
0.0926654736248742 -0.105223424326107 0.0704943240341676 0.137839494691129
0.185906526609907 -0.0541403242214904 0.0163374861982518 0.188351561920083
0.181222608530487 0.106125737622743 -0.0704984243012795 0.213464377106558
0.0511341411542492 0.251547654507435 -0.121761460268648 0.159548863668937
-0.0747833757475751 0.293635214055277 -0.108270594936367 0.187513330494924
-0.106548428513469 0.28019033092329 -0.123677218651749 0.0243280394054977
0.013539618917135 0.280222163115776 0.101318337764077 -0.0477520749724989
0.179803289534111 0.165989299587216 -0.000490669184522181 -0.223593567433764
0.241886175740048 -0.0160403345582706 -0.190008053211214 -0.178510363274304
0.152231581333734 -0.122779409117735 -0.23733053739207 0.0017704538995891
0.0609441999477273 -0.162572824047771 -0.131874189214231 0.118195347544205
-0.0357186688377515 -0.162053004318774 -0.027609556149211 0.112889948520544
-0.0673903242707265 -0.13340322694559 0.013923677370721 0.0802391092585765
-0.0642484284887714 -0.147662139376787 0.0503203243520348 0.0556378670223695
0.0200195990343769 -0.174768576987206 0.0860798383853992 0.0541262557920629
0.109255536137364 -0.145453899042498 0.10377124629729 0.0821862567550873
0.232985983668752 -0.0868635500013405 0.0719975169307955 0.156081084777688
0.232310981406825 0.113267434453987 -0.0108543575930552 0.209257501896005
0.0702124673892703 0.291291687677571 -0.0768906350765503 0.137028735570729
-0.0929387897920803 0.344380097937027 -0.0407587922921397 0.0982098353625292
-0.158220454491571 0.281670259883728 -0.045788159902139 -0.0864446608968712
-0.0453105737846208 0.329990920853875 0.139719580517207 -0.103535530028153
0.174343626292885 0.240482028602947 0.0521744545570168 -0.236772840775752
0.294018986219482 0.0271534775519909 -0.127433830418647 -0.207213811360887
0.199768899662723 -0.128604491366178 -0.185231795644068 -0.0596527923968204
0.0886440020817955 -0.185045952280655 -0.1176165773007 0.0408536895812539
-0.027282647363683 -0.190279185092603 -0.0370255525912563 0.040298346589257
-0.0729057801768529 -0.155923266070202 -0.0055380766365073 0.0162491343822893
-0.0737850373327694 -0.162606719572275 0.0321919355944455 -0.00748883360522118
0.0129899763181819 -0.188209743863821 0.0817463082619079 -0.0115582190202453
0.108604410563738 -0.162572042025496 0.123786546209087 0.019009498301843
0.244386799853779 -0.102886756424809 0.112705732831564 0.11208087976713
0.243574956695388 0.108410538421674 0.0361096988957709 0.189267979688093
0.072471456137783 0.28896779804129 -0.0503341040303583 0.106323740879554
-0.099785724074554 0.341909335898494 0.0145375608437894 0.00278243744477933
-0.171950425324149 0.232305398925559 0.0527849471221126 -0.187551041040778
-0.0935134051143764 0.304748227778584 0.18738873551102 -0.156613163681948
0.125142924934586 0.257613944973282 0.107972033170152 -0.231115661568813
0.277963994992428 0.0654279417002343 -0.0506375331526521 -0.214766354295007
0.205909400484854 -0.104886223329687 -0.113064367437504 -0.110679763848589
0.0981846192261513 -0.172179521195098 -0.0886552595531176 -0.0402102436564211
-0.0169110366530555 -0.184833495489808 -0.0412990426179105 -0.0349435098804014
-0.0679969237668867 -0.154398706587499 -0.0232206831480592 -0.0491339075974851
-0.071844357634654 -0.156343376400061 0.0135804945403512 -0.0704322564779969
0.00830885835586835 -0.177414287224931 0.0734280736887977 -0.0737066407516493
0.101623458853803 -0.153444969292212 0.134311753889483 -0.0373845372614157
0.229076893798804 -0.0899944953344999 0.136387054558161 0.0708602901855414
0.213779633380871 0.108709867415881 0.0660187422722735 0.161420796179472
0.04718447301012 0.258025344836849 -0.03648971679361 0.0755393450728301
-0.107546784017747 0.288116592503257 0.0589132388954594 -0.0803818092284274
-0.145015611766807 0.142581125801925 0.147519717141829 -0.262797985709783
-0.108204237187534 0.214257857900505 0.226718136013492 -0.193542537326371
0.0626792235880774 0.207525448705764 0.151883537203155 -0.212082761966069
0.204487864090861 0.0716346861247752 0.0175262104444627 -0.205067585797241
0.164607736666498 -0.0689887150527485 -0.0472898713444656 -0.145511696512363
0.0836378291341796 -0.12977128975923 -0.0593268263245561 -0.107454463412923
-0.00874699864783353 -0.147277151686688 -0.04439521527635 -0.10128859149477
-0.0543380650470184 -0.127493990688777 -0.0377405224379358 -0.106872303971397
-0.0579706326840038 -0.132482672900957 -0.00149993917043743 -0.125109707841562
0.00653857486790547 -0.145996023408433 0.0692490096158501 -0.126111754415117
0.0891348071987745 -0.124422722636904 0.14523632478467 -0.0796140221497548
0.19240866053884 -0.0565595086113074 0.154622186965945 0.044418237888945
0.154966000796172 0.108523121846197 0.0817890879407071 0.139779462086483
0.00531861619921582 0.205867092353479 -0.0280910786880069 0.0512368175201867
-0.109839321533094 0.196576831700673 0.0963237671812342 -0.140559605799911
-0.0873910126787708 0.0284165092796432 0.213367343940885 -0.303812964662408
-0.0873999012585273 0.0881904958740393 0.241446745435515 -0.214850177355676
0.0084134396585469 0.112201614490486 0.174580604639522 -0.192899207662569
0.104199067055848 0.0499472163720172 0.0586417027345648 -0.196478842899925
0.0927087889949579 -0.0289001262556562 -0.00887924592367456 -0.16528449997327
0.0512537047382473 -0.0679133235679747 -0.0438079850493189 -0.150179801491153
-0.00112762870790269 -0.0862283193125509 -0.0489349839902582 -0.14483043752293
-0.0330357908856064 -0.0813994721459109 -0.0475179695914252 -0.147631629146408
-0.0350374818026209 -0.0887733979683109 -0.0088036548900412 -0.165556083184306
0.00671572157741485 -0.0983411937272335 0.073714131541304 -0.164700935678213
0.0694296832037641 -0.0838525946531804 0.163808505078205 -0.105668313492619
0.136968598313493 -0.0181348165273453 0.173471818993296 0.0362931256071615
0.0814157317606427 0.0985450452204738 0.0903057143515164 0.129258912584685
-0.0349738335020119 0.13237664680481 -0.0223444443992023 0.038349279073247
-0.0997574727755972 0.0824435740933472 0.125188881148539 -0.170723366552641
0.0728988782549586 -0.00502184105283233 -0.0178580302682571 0.250997526255833
0.0214826726147468 -0.0631104494065981 0.0806719047098393 -0.0186338181770337
-0.0467763027698402 -0.0440624965837284 -0.124397994521568 -0.120598677290539
-0.0542282440564336 0.0207006162356333 -0.225802335298041 0.0149100240509181
-0.0105016325754256 0.0387143772281878 -0.159952116467526 0.193776035737143
0.00449816940626774 0.0238101356937108 -0.00480515888795777 0.230721517327781
0.00819237878181669 0.0260494036880893 0.0946438774766486 0.178845721099109
0.00984993261440115 0.021717625876281 0.124024404858978 0.136182247696267
-0.0082667272290334 0.0157716908605493 0.133640095809761 0.12011528239145
-0.0179176909934243 0.00157127782823498 0.12498619662754 0.130996562095201
-0.0204066098266174 -0.00659375392409432 0.0920987314284033 0.162291160253893
-0.0152993024809295 -0.0362570590117904 0.0259075122582284 0.213067807294614
0.0371547821779521 -0.0388247974228318 -0.0693411219083179 0.23737243011645
0.0809602267441567 0.0149778044635169 -0.149527426325523 0.252092920843905
0.0656109799086713 0.0581651663105818 -0.0984250781093367 0.356875205977768
0.0769713019721764 0.114211624928571 -0.059604943078118 0.240439902300096
0.0793673393152003 0.0268684756022784 0.0766351870288527 -0.0155045660757711
0.0490413684225176 -0.0293175234010251 -0.122188854200179 -0.138322154661216
0.0177918362632366 -0.0399391716691027 -0.24402594239119 -0.003224378813851
0.00908663732711358 -0.0331537192875561 -0.185701451169261 0.186414619630617
-0.0113936081845947 -0.0416570468799568 -0.0194375983379983 0.231731988263859
-0.0377001940562718 -0.0255917918827026 0.0830552183760002 0.177820504688879
-0.0391534672960555 -0.0225454740112846 0.113560867108289 0.130176831794902
-0.0491369691784774 -0.039762412055088 0.1283640064359 0.105279110014859
-0.0203920736547163 -0.0744308882893398 0.129684017749466 0.110793915572397
0.023960366577644 -0.073109482549071 0.10690784377984 0.143854535084438
0.0795236650892713 -0.0696433190283322 0.0554571343261003 0.202599481665871
0.127131071680013 0.0139499259758945 -0.0315518757502146 0.236407096359141
0.108268418172763 0.135100606172999 -0.1040143830416 0.228130206154328
0.055462244953179 0.200776768633242 -0.0691023855027865 0.300596331523834
0.054635245096352 0.221673068185002 -0.0885204916506425 0.18287325346823
0.116754629958494 0.138098385237329 0.0760283157030519 -0.0375377813400725
0.147249182429419 0.0132515821524432 -0.110087479301472 -0.170141199505742
0.110574898261207 -0.0882176416645495 -0.253633535940766 -0.0405332350417951
0.0433291877317868 -0.109044564497147 -0.20915812291198 0.155295566336971
-0.016995131442846 -0.11201394963 -0.0442476362457035 0.209262254308192
-0.0757524818384856 -0.0813019328363387 0.0560290378901203 0.154247572999852
-0.0831192552089438 -0.0630963710755523 0.0864213247846256 0.10513538014487
-0.088493769984875 -0.0818461996023559 0.10734352947605 0.0716350005357978
-0.0348762281532697 -0.134071119928428 0.125086310906951 0.0661026969577482
0.0424459303235619 -0.135692288343181 0.127055909893745 0.0979435543931102
0.143928792181156 -0.124751816937508 0.103151580113175 0.1729550333724
0.209310794803139 0.0247224342368923 0.0233673472715287 0.227868073113067
0.152277528865568 0.210157140564839 -0.0593768493459601 0.196992119570247
0.06073985692534 0.306536427369763 -0.0371652186529069 0.208057874640122
0.0127164920112719 0.296675012433784 -0.0931093723239516 0.0815166685226263
0.120395453021611 0.245350235747277 0.0811682339374813 -0.0841774239693843
0.223396627847087 0.0807437096331879 -0.0820255607329075 -0.208263436160074
0.204530694776595 -0.108777010708103 -0.239102120243494 -0.0923543152262874
0.0872748325828339 -0.168960571538912 -0.215960475834549 0.0956006528244264
-0.0105749745142392 -0.171506022467969 -0.0716936601858189 0.157874689406769
-0.0982753633885569 -0.12978963571355 0.018579178194957 0.108728673164712
-0.115000983432473 -0.094961224753691 0.0475262645837038 0.0645418248204228
-0.119053876038877 -0.107324128037874 0.0721957505059092 0.0265287059996555
-0.0537860511227489 -0.168254198877294 0.105451669959067 0.00962507215472216
0.0408599666478019 -0.179737330848907 0.135848304284944 0.0343627755734395
0.172323867374164 -0.17481586155682 0.143224114099557 0.122434369517204
0.260066775661435 0.0103803254806324 0.0756477984058957 0.200845291709551
0.186994725180757 0.238187095953111 -0.0304359053497088 0.159051508798534
0.0674432026632305 0.35943028055787 -0.0163018687351695 0.0971949392548798
-0.0351484959599154 0.317627109720123 -0.0692151423894812 -0.0485574345221758
0.0867895225782198 0.312842487713419 0.0940788791463343 -0.149665597321424
0.246622615059558 0.149208243328641 -0.0363229220794723 -0.239570217837605
0.266678928012758 -0.0911942809267845 -0.192192457291455 -0.145336636577822
0.127435839100832 -0.19344507810105 -0.195507241210965 0.0161890526334778
0.00427993211709052 -0.202975582034022 -0.0917249537755067 0.0817650942417626
-0.102909981542102 -0.158673392583802 -0.0212229954214026 0.0469565505075906
-0.129413971948806 -0.112912103761289 0.00275047915085179 0.0159755173556776
-0.134230553310944 -0.116877517657808 0.0288802863592547 -0.022475294549473
-0.0663594375582519 -0.177410420009879 0.0733933453498355 -0.0481376680128162
0.0331489487418558 -0.195290176553786 0.127608710907794 -0.0306015439407319
0.17687270242595 -0.195257323552587 0.162566684272991 0.0661466674181971
0.26840294344124 0.00186291029192554 0.110419095098315 0.163128321134124
0.187883516905275 0.234431618398635 -0.0185855080975792 0.121081133767241
0.0595188733378034 0.358559889501707 -0.00554859883633029 -0.0124949022037104
-0.0691493164678602 0.277859846010505 -0.0231632679910696 -0.181133844987874
0.0319199641960175 0.309607604582242 0.112943269697187 -0.215144527832559
0.209020126446571 0.183761911264216 0.0159708660706163 -0.25486903472261
0.266883982946576 -0.0514539413564489 -0.124231586219903 -0.182162235531768
0.140869955992234 -0.174720026794219 -0.151788128696227 -0.0617490938810869
0.0172670727960359 -0.195014172378828 -0.100497129933809 -0.00365547954456564
-0.0907634050777439 -0.158404174334233 -0.0573693800628449 -0.0197493065370299
-0.124313070401367 -0.112376097626458 -0.0419712803157067 -0.0358557430042297
-0.129841877745587 -0.112687954502096 -0.0157292816743592 -0.070575527057026
-0.0663911747107551 -0.165978932257787 0.0384421721775449 -0.100338827708018
0.0305658868470466 -0.184064306581084 0.113036852954519 -0.0852744594091392
0.168424537772915 -0.177736609929375 0.166227510009884 0.0180756997788742
0.241733838030136 0.0139019117370408 0.124384168310887 0.124500457285893
0.151244615256152 0.217020383391423 -0.0163318154976727 0.0865382247206067
0.0287146444561625 0.312103882945404 0.00399493305440127 -0.106253472290794
-0.0810583579814742 0.186196323101606 0.0285767694186735 -0.290939679043015
-0.0175284876833649 0.234158099995265 0.128575524884106 -0.265556916985971
0.132917086843604 0.162060821056541 0.0601678791570624 -0.252724986347075
0.204512445349499 -0.0171004067919328 -0.0607221073701882 -0.198701644339947
0.117537229941367 -0.125651699209585 -0.105535350977476 -0.118726849535496
0.0210220507646102 -0.151057659655254 -0.102055614545532 -0.0757840648283089
-0.0680696788520168 -0.129216533091403 -0.0878494969829176 -0.0774993017818302
-0.101024298942164 -0.0936975045055786 -0.0808663827512324 -0.0807800724774395
-0.107056202675721 -0.0956350678511394 -0.0535751323846745 -0.11348134866539
-0.0538217867823977 -0.136540766416135 0.0109311929325507 -0.145212147720129
0.0303160899598012 -0.152781283273501 0.103824576453108 -0.129377943025578
0.150084937187945 -0.132521561794104 0.167663339890781 -0.0137137967390335
0.187731025487125 0.0381783960043029 0.129140836499147 0.0966929468753875
0.0910112319715038 0.185829696484774 -0.0159629519455129 0.0590987715011091
-0.0146989645050553 0.22869910097019 0.0173782592829903 -0.175016654909461
-0.0743349930563824 0.0599711772992975 0.0686861926006836 -0.358912330123931
-0.0492371802891746 0.113210003987589 0.128445907848201 -0.291492220288859
0.0461035058662746 0.0976462924983808 0.0830955818073394 -0.243691158394363
0.106724118930988 0.00376446546512491 -0.0238707127326226 -0.205100157409983
0.069370852503216 -0.0612150749523876 -0.0787206609566472 -0.14962500979398
0.0176251823989354 -0.081985304038665 -0.105536081792529 -0.119114051651669
-0.0359130694490222 -0.0769336817817122 -0.110032505071009 -0.113560358596548
-0.0623740656259878 -0.0593980641393926 -0.106940601045348 -0.11263506503372
-0.0683431453778304 -0.0656971981893272 -0.0790978656211283 -0.146556020278335
-0.0347322101536636 -0.0924404801436114 -0.00251334165768336 -0.180621762704939
0.0283754148898741 -0.10738285955618 0.107314620062523 -0.160406336135175
0.117211291772477 -0.0741433912448171 0.177079020667971 -0.0314623039985038
0.117197306444401 0.0593040578581371 0.131956048206539 0.0811570566731671
0.0231997008632934 0.135674660402704 -0.0120613282151014 0.0431912239015675
-0.055870241670629 0.117917156078763 0.0372430474154263 -0.212280669845489
0.0726339833280006 -0.00642955743842636 -0.0109716219999549 0.253367085082115
0.0209781705174526 -0.0646444602306364 0.0827280285149634 -0.0217621677610328
-0.0477324589304937 -0.0437109249241374 -0.127964274294481 -0.121479212711932
-0.0549929390521635 0.0227834526076348 -0.228896794934246 0.0177373799659901
-0.0104140273218969 0.0398430378604156 -0.159909909710857 0.199469334863289
0.00491989057129107 0.0241857131935144 -0.00128120366438376 0.234272086260761
0.00864168955149186 0.0263464718315254 0.0984235456880673 0.177775883121276
0.0105343551191006 0.0209359061774113 0.129760112859562 0.134601031747777
-0.00852604588604784 0.0160746022895524 0.139855892697767 0.117922624782749
-0.0188043483874687 0.001335648232587 0.130088980108889 0.130527666489994
-0.0205629388608296 -0.00564031774728761 0.0968638727218056 0.162970496303018
-0.0154297063356937 -0.0366225710546582 0.0296557450725669 0.215389756357679
0.037460994190526 -0.0402263310668771 -0.0676836370200265 0.240839599298381
0.0827868577908304 0.0127705611507046 -0.148997747717487 0.257351418117797
0.0668101433215063 0.0578289260995184 -0.0917818569723537 0.364869856635873
0.0793725821224182 0.11340909371974 -0.0538580058074934 0.24387899081402
0.081573107806307 0.0258046004301711 0.0791156247244639 -0.0188870411176049
0.0489973669731568 -0.0314193020275719 -0.125968953980868 -0.138813485498943
0.0154735226628345 -0.0407005251359005 -0.247966623553545 -0.000137039108074675
0.0072022791048499 -0.0346159896425855 -0.185896433942556 0.193525995152487
-0.0127526703354703 -0.0421775330701424 -0.015810562373406 0.235339866275526
-0.0388543665049604 -0.0246521143341457 0.0876969234645959 0.176951687093579
-0.0397197725569842 -0.0214713306515961 0.119210194280479 0.127789418319715
-0.0513089975039904 -0.0387463539098526 0.133638386235286 0.103258750740854
-0.0228195896316046 -0.0762532926862224 0.134262580312035 0.109989080563643
0.0232212892875649 -0.0746043504635578 0.111687363703881 0.144541166401948
0.0784873260878501 -0.0720793927277129 0.0602857811499793 0.204265204164767
0.128865447524229 0.0112934648545213 -0.0285602188317745 0.238739564707042
0.113093324725928 0.134112266282327 -0.103467172362161 0.233206601477043
0.058830837096302 0.201768605484209 -0.0635899736228217 0.306795528282622
0.0601635045232188 0.22350121843303 -0.0833040302339053 0.186546509235987
0.121972531638649 0.13723796912519 0.0785081762709902 -0.040857181545693
0.149184128729172 0.00941849785846297 -0.113944886177468 -0.171551737747645
0.107505962158931 -0.0926888893456725 -0.258890800536108 -0.0378988181655339
0.0395074902761506 -0.111922793360273 -0.210342007063518 0.163064793796222
-0.0200043175602747 -0.113014202524151 -0.0413399262114573 0.213056721809868
-0.0791295112002675 -0.0801022101407358 0.0599742865748899 0.153937526691091
-0.0851841497836995 -0.0612927437120501 0.0908076281845216 0.103829006357985
-0.0921761977963096 -0.0795049874186172 0.111643457826334 0.0697925191900163
-0.0391200218259006 -0.135646898114638 0.128975669894892 0.064455572886837
0.0399805058733842 -0.138373553796775 0.132349934475501 0.0976772535498743
0.141298806184278 -0.130207992594303 0.107014187067153 0.173675211037405
0.211992861755453 0.0205640936851177 0.0277103357248206 0.228629928743414
0.159277390049145 0.210092671612878 -0.0589875607648497 0.200969195987952
0.0662297606140564 0.307595330780977 -0.0343899455453125 0.212190415265665
0.0191867232461271 0.299553334447856 -0.090648255898521 0.0841380597733615
0.127719786668017 0.245713666844589 0.082965428942967 -0.0877778737804202
0.226990553414958 0.0751526996555361 -0.0853500357796795 -0.210503491141497
0.202291053533453 -0.115334695062274 -0.244283417053692 -0.0903630247410308
0.0834719273534603 -0.174201644202066 -0.219055635212562 0.101793299314309
-0.0148605567650819 -0.173818089231251 -0.0701296610087468 0.161078885976219
-0.103146186116217 -0.128381951718766 0.021055686032042 0.109255350348644
-0.117735756686722 -0.0923018134094884 0.0499374119871334 0.0644224879223235
-0.12375169827371 -0.103888631196205 0.0748330646930204 0.0254984252997718
-0.0590648905601561 -0.170190502732122 0.107181673664419 0.0071301975080193
0.0370874885854793 -0.182885242685267 0.13932937336642 0.0337301604389054
0.168738837688653 -0.181950794466989 0.147165820369994 0.121350094096716
0.262869406403192 0.00550664307784003 0.0809811225488693 0.20000872298937
0.194887479373511 0.237747180522552 -0.0290991597024616 0.162534438880213
0.0739631578789852 0.361219280567353 -0.0160236084736434 0.100067889158207
-0.0281781344537776 0.322357840909669 -0.0696502755735957 -0.0477162596420653
0.0940673564892935 0.315704674036505 0.0946116836703203 -0.153303274872046
0.2515527702678 0.145275255231881 -0.0396464865851364 -0.243040240776383
0.265222958843267 -0.099342416648273 -0.196976871369101 -0.144525016328061
0.122901317834122 -0.199364407909482 -0.199541232484537 0.0208401556752029
-0.00119016624037853 -0.206377683684143 -0.0921211386860439 0.0842418522608757
-0.108568085161624 -0.157868011154157 -0.0210522424155243 0.0478377661448318
-0.132790133983841 -0.109729964700198 0.00316696155368262 0.0157391750802951
-0.139239579551444 -0.113787886574855 0.0295839113053612 -0.0227617819249406
-0.0723675070816635 -0.178827840121428 0.0728987070760733 -0.0501266328621293
0.0284145864366059 -0.199162182451651 0.130700333559373 -0.031979797256743
0.172299875502187 -0.203070498196952 0.164790930675052 0.0634407012615001
0.271786315188418 -0.00412534380963525 0.115631436599139 0.161212889217842
0.19621411061162 0.234335438984552 -0.0176596451788384 0.12276735143745
0.066495232193047 0.360520223266036 -0.0080301307495888 -0.0117678203128026
-0.0648335357489155 0.2827939272214 -0.0265881323966167 -0.182417035625219
0.0385412861446659 0.313326565938325 0.111698003505942 -0.21933180184559
0.214472241649729 0.180747014049942 0.0130232322441911 -0.258383101785296
0.266728045199817 -0.0587480624619136 -0.128728686733792 -0.183153858411415
0.137431897349593 -0.180716429336544 -0.156895820159573 -0.0590507046371811
0.0126681503775555 -0.198800398932228 -0.101943185365337 -0.00169298350740489
-0.0968575804221425 -0.158408214739686 -0.0597169801594888 -0.0193398830452941
-0.127832042308807 -0.108712091111124 -0.0443684792810445 -0.0346183079479424
-0.134554163468556 -0.109487570185916 -0.0168750168468388 -0.0703360538455081
-0.072170626763451 -0.166758940574019 0.0361358061348883 -0.101711805449694
0.025736224579715 -0.187026556777538 0.113835998888882 -0.0882666293290075
0.164268277219858 -0.18474084036101 0.167943531741828 0.015758389312032
0.244638365065501 0.0095198636247458 0.129635281345881 0.122028448737754
0.157801727431989 0.216840231522522 -0.0157089181708633 0.0885922012437846
0.0344951056339439 0.313127778413783 -0.000824281343090314 -0.106783876399375
-0.0779946062827262 0.189698388102784 0.0232490686029549 -0.294900512763295
-0.0134908458968562 0.238101287149173 0.126155110413981 -0.270092633027975
0.136561954039785 0.161396561590096 0.0573134861158827 -0.257136575245945
0.204969414720535 -0.0221285893698147 -0.0641338500887358 -0.200763917572929
0.115980292800949 -0.130928656161251 -0.110556236114962 -0.118701815915726
0.0172870261860632 -0.154336101241953 -0.10629544672002 -0.0750696435808514
-0.0724198611273296 -0.128881930123919 -0.0931870198287008 -0.0766068593975763
-0.103711166447129 -0.0907628148623576 -0.0847911312989304 -0.0786023558787026
-0.110100219496971 -0.0924100360656409 -0.0573871242304352 -0.113083402939999
-0.0582645807480402 -0.137027577860323 0.00746405861572611 -0.146719296226421
0.0269960248572684 -0.155230028720672 0.103434794476909 -0.132152525714473
0.147844108336892 -0.138280801842441 0.169038268693502 -0.0171379620721086
0.19142934385125 0.0353416400979611 0.133198188300771 0.0942530521818724
0.0956751022126546 0.186151652743151 -0.0156946125856789 0.0605165821222954
-0.0114234465200187 0.230686664579446 0.0112897678570248 -0.177396250673668
-0.0738335410287443 0.0614652875118853 0.0616033845921003 -0.36483244389306
-0.0473802457918134 0.114929452346389 0.12529332724235 -0.295718739445247
0.0478120625373239 0.0976880360938802 0.0801883504289965 -0.248026813184979
0.106448208268444 0.00164601777133011 -0.0264372876473838 -0.206388861349672
0.0687176746476021 -0.0639162566137039 -0.0834611382995682 -0.15154020762139
0.0152760221527947 -0.0843378727668725 -0.110281531874714 -0.118983033612151
-0.0380582224974551 -0.0770444081203773 -0.11663696783722 -0.112173088863012
-0.0633562210747561 -0.0573386474739357 -0.112496494193607 -0.110220557224599
-0.0706054586913395 -0.0636180865352532 -0.0836071521197971 -0.145992566546042
-0.036962064229015 -0.0928303830868202 -0.00688790834662481 -0.182590597137424
0.025998552825433 -0.108875102684684 0.106791091669971 -0.164957213332513
0.116243376893765 -0.0780385071417737 0.178536237264622 -0.0352171064613881
0.120018355499611 0.0577910699012022 0.134730839432335 0.0795301180914617
0.0252366227412454 0.136265169424397 -0.0120976796851121 0.044980963620129
-0.0555453262355697 0.119630505288696 0.0302847355267442 -0.214783225910953
0.0707746401753633 -0.00966983847511098 0.00346367244730189 0.252658484730306
0.0185900533909364 -0.065570337424353 0.0832569108984229 -0.0275599122376432
-0.048953503474324 -0.0414457989529748 -0.13456097095393 -0.116996519795794
-0.0547894312561979 0.0254049442683957 -0.230213965855115 0.0263693369657604
-0.00931892037632907 0.0399419361239157 -0.152254219018733 0.208915619738692
0.00528892396546016 0.0241369473337555 0.00911593421599544 0.235720545625933
0.0100720411215932 0.0261567889640291 0.106207913650637 0.172739750577511
0.0114235870359855 0.0199684705990988 0.137166306458072 0.127904175819511
-0.00800435688915965 0.0164956992936802 0.146959213352464 0.111003407892854
-0.0196638667805019 0.00188120514558696 0.138251510626192 0.125361258614654
-0.0202900705450365 -0.00502452830448926 0.104095323437315 0.159507254572196
-0.0173039896812087 -0.0355348379400988 0.0388516739161037 0.213978152144906
0.0352592779964675 -0.0420959604823082 -0.0599594404700644 0.243363142576615
0.0844484375261971 0.00885084131856183 -0.139910171333255 0.264778929750966
0.0687388795785935 0.054825195124799 -0.075232035644217 0.371349054431059
0.0842422610192594 0.109794016886315 -0.0399774047795513 0.245292239582507
0.0838951350994883 0.0217489069741018 0.0804445494263347 -0.0235602644978504
0.0480259726115714 -0.0341805232840639 -0.132948285643473 -0.135305486925064
0.012235189147597 -0.0413114654683407 -0.24908919504663 0.00910515765552394
0.00462470953211884 -0.035030413976245 -0.17931717166246 0.204020634738682
-0.0157206805890744 -0.0416315416294293 -0.00601309409849754 0.237464288940168
-0.0412406431769296 -0.0223998260332215 0.0954154012815721 0.172284991129633
-0.0407060666121795 -0.0196444835444886 0.125891687862979 0.122747016768879
-0.0539282000300333 -0.0356256889652096 0.140697657493223 0.0965416304324644
-0.0277831236211459 -0.0759935010942638 0.141192185162126 0.104617278599381
0.0196160135728523 -0.0756878975359943 0.11979558556836 0.1399045473127
0.07503301535836 -0.0765476585381708 0.0683881435506024 0.202137425371772
0.129410379314421 0.00496810210125489 -0.019098669903403 0.239123782832056
0.120448018316193 0.129166758146024 -0.0958824804133535 0.238747350351244
0.0672543215244515 0.199435157496355 -0.0491170769320278 0.311473792502621
0.0711741151613327 0.220424544845429 -0.0735602222422637 0.189838974139901
0.129107963134044 0.13175264018837 0.0790350359535788 -0.045205035033377
0.149197975221624 0.00148313988565878 -0.121452240634922 -0.168593301578828
0.100963092877101 -0.0979617259973911 -0.26175239924167 -0.0276929035710153
0.0328038635208955 -0.114291849957652 -0.204922645082352 0.174603090687548
-0.0265295842287899 -0.113065293357019 -0.0320006241997563 0.215641449040471
-0.0835969988835456 -0.075591909227837 0.0670792574617943 0.15139920114664
-0.0880998729513467 -0.0563728677520324 0.0968529453769043 0.0995205542617291
-0.09710084954961 -0.0743766582319002 0.116697510040897 0.0639028755886017
-0.0472923615934491 -0.135151161109857 0.133394094989465 0.0589066479092942
0.0332474071241004 -0.140875278207487 0.138539933576174 0.0928877796682931
0.135173922536876 -0.137531487814271 0.11462875723445 0.16867579704128
0.212669746539027 0.0106677204692624 0.0380435896824535 0.226020354880168
0.170674894494677 0.203074597189514 -0.0524817251389235 0.204173949341153
0.0800825096612971 0.304622939350061 -0.0256121558947786 0.215728671733231
0.0331617779315299 0.298941057509284 -0.0857520126533594 0.0881526104452279
0.140294772121853 0.240625093792508 0.0810800423254203 -0.0919897737141649
0.230220021915656 0.0642440687913615 -0.0939182483887718 -0.208535499406355
0.193745010149729 -0.126175035605664 -0.249252576058602 -0.0806189418787922
0.0732444413463758 -0.179140628142915 -0.216648977089911 0.11481254357321
-0.0243422379438045 -0.174789931129682 -0.0632194460796235 0.165316104487246
-0.110715136492529 -0.122243892357359 0.0260268748579911 0.10855711373592
-0.121819959475228 -0.0854390510979994 0.0533537689890683 0.0620045319585886
-0.129271332394701 -0.097198245476548 0.0771762426064384 0.0219562732674466
-0.0690295325360932 -0.168384217426541 0.108085913742789 0.00300439243366336
0.0282499184639887 -0.185307632345815 0.14329854632119 0.0271448844171802
0.158938966406671 -0.191392659908606 0.152161047140301 0.115470907172362
0.263410719034989 -0.00717687643399716 0.0908611414047607 0.195714515909935
0.207334993420371 0.228333553210729 -0.0243494140427248 0.165056118487437
0.0895935262344189 0.357387327287338 -0.0130727020821878 0.102253323255382
-0.013032954063786 0.324468070419871 -0.0718032916789955 -0.0447827724095909
0.109381584165035 0.312097586896797 0.0891694523398266 -0.15749299698646
0.25759268140959 0.132505095638139 -0.0497797700941643 -0.2430991958467
0.258062334615345 -0.112922667261993 -0.203345204364574 -0.136844756706795
0.11239127167716 -0.207185383621061 -0.201103387638249 0.0322210640415035
-0.0119222285110882 -0.208033272621495 -0.0894839082913674 0.0889340118140688
-0.117860634814581 -0.152209905760173 -0.0193359000184797 0.0490131270123902
-0.137859113720695 -0.101949473212184 0.00315733201870004 0.0161880504918777
-0.144638151016856 -0.105065179676425 0.0291389099825947 -0.0245893442707138
-0.0821993612248879 -0.176519537072738 0.0711418042462916 -0.0527230322596941
0.0195264898561907 -0.200609523614303 0.130824842343738 -0.0381411711329283
0.160933421280997 -0.212860242114351 0.168482698074226 0.0570810201066088
0.271948286330713 -0.0168920409832809 0.123566055559848 0.154317183592485
0.207960932568931 0.225464198832396 -0.0139717151846571 0.125299465521009
0.0812562130989536 0.356824032574185 -0.010296651992955 -0.00972870152102531
-0.0510910588280492 0.286215317325139 -0.0340675151682413 -0.182009426289725
0.0529772040407825 0.31276776973001 0.102694083372827 -0.224011318174574
0.221859726320337 0.170851824437598 0.00308637261732473 -0.259658262249231
0.26143866830069 -0.0721776533959183 -0.137069999020431 -0.17841185517511
0.127852588036236 -0.188734208542272 -0.161385333897436 -0.0507004310332048
0.00188858690575231 -0.201158485985351 -0.104282364278626 0.00336529605830014
-0.105969431132511 -0.153109575649733 -0.0626440831286602 -0.0162193632603937
-0.132842005397086 -0.101453831705149 -0.0466713398941908 -0.0315416202431536
-0.139896056133536 -0.101176186700246 -0.019739644718359 -0.0699676455309314
-0.0807533402445238 -0.164000156667458 0.0322753373360137 -0.103022888187568
0.016629290376602 -0.188847323533869 0.111477489063782 -0.0937837415619663
0.153863174931731 -0.194025850040592 0.169715027930658 0.00920589674252948
0.245587880533219 -0.00193457437526 0.136153764969735 0.114883742076021
0.168679273479588 0.209501357482426 -0.012955228079749 0.0907138038677698
0.0477197774965054 0.311179756376205 -0.00954330420340939 -0.105447567919745
-0.0692146188242059 0.192866737028285 0.0102833897635188 -0.296881175287428
-0.00228697490573418 0.238854716730753 0.114053899958569 -0.275490267793696
0.143114009861134 0.154917535428392 0.047907653979596 -0.258969781488612
0.202071580660636 -0.0323250339784151 -0.0732226523086024 -0.199090226315155
0.109205452216518 -0.137441589726304 -0.117273053955605 -0.114187516841352
0.00929452209826552 -0.156049743583115 -0.111447475960574 -0.0706504407125081
-0.0791872577831197 -0.125317225923673 -0.0993493417297421 -0.071743567492536
-0.106971671803715 -0.0845283547865933 -0.0902729223189183 -0.0741715780785376
-0.114680311646756 -0.0849664341413252 -0.0627566395469915 -0.110597994228975
-0.065801365429036 -0.134601976855593 0.000497920378064078 -0.146778368224483
0.018705294143825 -0.157045297445125 0.0995595286845746 -0.136881632341508
0.139726513144872 -0.146092994696823 0.169025357950013 -0.02380028431853
0.193976722938666 0.0259660220554445 0.138231512282796 0.0878842065558425
0.104082575130536 0.181846786952784 -0.0137255615543719 0.0625210217527242
-0.00151283366044939 0.230170918501172 -0.000719663282385728 -0.176618820306872
-0.0708882377343637 0.0644908956928356 0.0447289503046066 -0.368171182885026
-0.0424587815115062 0.116947159389453 0.112415937515258 -0.300812815980634
0.0520813938236144 0.0957106622537712 0.071659150188835 -0.251715650444583
0.105105046927725 -0.00365555291130435 -0.0355583478752772 -0.206748320147818
0.065726687462031 -0.0686548256086613 -0.0912762692642491 -0.148972956890018
0.0111931075898007 -0.0857836640791033 -0.118090992753644 -0.115047085570738
-0.0424693194610358 -0.0751571612391126 -0.124786801788119 -0.106349756540812
-0.0649875253271546 -0.0536523639257233 -0.119417735411027 -0.103962028558193
-0.0725788811974205 -0.0582430640140153 -0.0915343331528965 -0.142402400696804
-0.0416349107925492 -0.0909286497150503 -0.0157489686717464 -0.182034584576733
0.0204656712702462 -0.110268667992258 0.100403484900878 -0.170252139630777
0.111463321660292 -0.0845561241233696 0.177612592345412 -0.0422048522987424
0.123952479533985 0.0530344577938426 0.139007601242735 0.0736370082183033
0.0307158136925676 0.13462767583844 -0.0108003508970371 0.0465420827003049
-0.0509674572962248 0.12160438317371 0.0175629761571805 -0.216245240981148
0.0672038617973708 -0.0127493617795432 0.0174994713299971 0.244753853228504
0.0151812122549256 -0.0650116771803208 0.0806238032488945 -0.0321640549753206
-0.0494365125453938 -0.0382818872489733 -0.136650815483344 -0.10859037303712
-0.0521216781006965 0.0286096446229754 -0.224462647974351 0.0361131072544761
-0.00805889530232513 0.0396697353032955 -0.138490284919463 0.212692290233438
0.00530311490564808 0.0237270582697406 0.0207907179016237 0.23119708181215
0.0109195677587372 0.0252368327010825 0.112391713885078 0.162703935711802
0.0119670377507692 0.0183629933263752 0.141974125855521 0.117144974731226
-0.00725777996507986 0.0163310146753665 0.150939029639033 0.100009958022944
-0.0202286796506957 0.00284570833152308 0.142869005449965 0.115563664486682
-0.0194289725622569 -0.00343587671390308 0.109799814460847 0.150737758934003
-0.0179904967902621 -0.0341022864764946 0.0484870765767301 0.206939843375376
0.0326119893407096 -0.0429760723864661 -0.0486091013024175 0.239004683437613
0.083605376341604 0.00399087136821127 -0.125667726768018 0.265523081885293
0.0680887536252551 0.050135388453721 -0.0531608628475171 0.366358426549972
0.0869447723832646 0.103005056801322 -0.0252732065767269 0.240377430119112
0.0829249209496839 0.0169083615364519 0.0786622474639348 -0.0282985417637615
0.04453361260561 -0.0370109950141613 -0.13617193316712 -0.127075460098721
0.00852858339545843 -0.0405107361475882 -0.244005765469968 0.0203805000478647
0.00105622097866333 -0.0347701085940612 -0.165173875718165 0.209742270753823
-0.0184432572008839 -0.0400294219672384 0.00607364040937691 0.23341582822091
-0.0414078579405113 -0.01904297713152 0.102047550417998 0.162429450580039
-0.0408136752292559 -0.0171571368000662 0.130066969758277 0.112367594922694
-0.0550925426098871 -0.031311907453098 0.143869295334545 0.0864133156000102
-0.0323945142079662 -0.0728984188880519 0.144443474553201 0.0946220339295168
0.0159366508864431 -0.0753626119174756 0.124528981720716 0.131311661912847
0.0687175177257081 -0.0785445582279268 0.0763143595411614 0.193720371494046
0.126347128801869 -0.00140645298381312 -0.00804926687373885 0.232877822313193
0.124496175531711 0.119952383485396 -0.0837955528158479 0.237941102860125
0.0740244301232876 0.190260876200486 -0.03207738024998 0.307045453856438
0.0798543548275594 0.210564659443256 -0.0602366763357146 0.188524286157103
0.133309097259005 0.121137372551253 0.0764840100808311 -0.0491165158731094
0.144930803097213 -0.00742312908756999 -0.126812145601453 -0.159399671778845
0.0911215488756225 -0.101008808001899 -0.257720807918569 -0.0146923994612085
0.0244152573953344 -0.113577643737568 -0.191657070953977 0.184077358410637
-0.0331217581282929 -0.109312447161261 -0.020772865830675 0.212885418198454
-0.0858846286017287 -0.0682572030103658 0.0728703606963943 0.143315849601615
-0.0887151098270996 -0.0500876225880848 0.100375623363665 0.0922899834592817
-0.0991718430083451 -0.0664624637702733 0.118780980521051 0.0553854140664015
-0.055184200795924 -0.130124095325199 0.13452143447551 0.0510859374630854
0.0254113019890112 -0.139581509266529 0.141180846300984 0.0834183974644369
0.122858621375616 -0.141643574357973 0.120082181701571 0.159725322458956
0.208355120327344 -0.000660505633200529 0.0474118291481161 0.217558312797346
0.177637289472013 0.18949474906854 -0.0424730830597925 0.202779751835166
0.0919971380417936 0.292204825101208 -0.0139967995638668 0.21283384852834
0.0488040717208228 0.288992889986784 -0.0780015256915753 0.0908352463413564
0.14991893182216 0.227983749641397 0.076301128258113 -0.0938831598445223
0.226601798898046 0.0495241335393748 -0.101051414150193 -0.199871399292876
0.180719404752205 -0.133167285019673 -0.247390598572325 -0.0665639028909155
0.0600286696321309 -0.179623856020187 -0.20625819556304 0.125879834253842
-0.0344094944092263 -0.169870377080905 -0.0538774523210921 0.165205816195636
-0.114903667783885 -0.113055757099236 0.0302853321011638 0.104522477256185
-0.123108725788174 -0.0758212220390872 0.0553025419916123 0.0579612252371745
-0.131595794259984 -0.0864620068798531 0.0777969261530276 0.016405865727906
-0.0778896935300935 -0.161000558453594 0.10697293693889 -0.00231518059087364
0.0172806311198883 -0.183062872880566 0.142925549552127 0.0198921552503331
0.143226968200827 -0.196010185643355 0.1537034631989 0.105601017496976
0.256730135512568 -0.0208645915971875 0.097455022852402 0.184396880757233
0.21483260279383 0.213150139325192 -0.0168338761010432 0.163291581540802
0.104487869005639 0.342833807425411 -0.00902973888093527 0.101833052584378
0.0046449717083819 0.316001067629602 -0.0714046776966951 -0.0396901188576103
0.123336248258135 0.299272893352856 0.0802553098128867 -0.156886656158228
0.257204210168997 0.115601434917656 -0.0590529358606406 -0.23419304986552
0.243262533809851 -0.12404475884956 -0.205832432152773 -0.123715557965229
0.096961719688235 -0.208796462053221 -0.196012587223676 0.0441725810577218
-0.0240402854187438 -0.203266076295523 -0.0833157005782159 0.0917040576480625
-0.12367430926956 -0.141298190902662 -0.0176826645636211 0.0487493364655824
-0.138463371329063 -0.0907137838831391 0.00296485789061252 0.0161739328684258
-0.146276525862546 -0.0927288841171686 0.0278187748692438 -0.0257328836867413
-0.0912120835602731 -0.167746324439711 0.0670573715000997 -0.0544802202263509
0.00778606352158308 -0.197042253524418 0.128080426946539 -0.0438767702843539
0.143503672297227 -0.216550593360943 0.166625618017434 0.0483189744190038
0.264821317439731 -0.0312375836755475 0.128411994830815 0.142373217267193
0.21439989154261 0.209036506369924 -0.00804724427903222 0.124406449660998
0.0965968619349904 0.341870000402644 -0.0130266412912194 -0.00716420374827015
-0.0348555164427266 0.280340680523866 -0.0426883700555717 -0.175341360075269
0.067536727705467 0.302482168384044 0.0903187906002675 -0.222633162015753
0.223968602139073 0.154986532398672 -0.00863310251639584 -0.253001803332082
0.249184624952281 -0.0835080406693087 -0.141611016115168 -0.167736472406411
0.113480042320207 -0.1928436714943 -0.160859347162134 -0.0394318408031077
-0.0102377350241929 -0.197186864715591 -0.102497392419291 0.00864158772537986
-0.112020465908875 -0.143403438739284 -0.0636408073191536 -0.0120264805348495
-0.133592549976551 -0.090897820348315 -0.0485767456046565 -0.0276991047914573
-0.141523728816755 -0.0889241960371795 -0.0227231292749452 -0.0671334482027829
-0.0889378230696949 -0.155499644772014 0.0258847330561049 -0.101723272275593
0.00591290440933649 -0.185429944294802 0.106620980674122 -0.0967961993489236
0.137861812936922 -0.198552979158682 0.165583261517124 0.00132020439466434
0.240286382519414 -0.0155986302819474 0.138218749572783 0.104459314645493
0.175025935811253 0.195705013035339 -0.00885800831867948 0.0898771572165392
0.0609671359900171 0.299449169626376 -0.0169132775705915 -0.101023668161156
-0.0576037968454684 0.190616250376233 -0.00477562414397308 -0.289065934039373
0.00987991864770236 0.233446083799342 0.0979807265368547 -0.272007365254416
0.146531724285333 0.143208832739535 0.0358893089694362 -0.255460651400096
0.193511801625814 -0.0417796186852229 -0.0798335519280998 -0.190427148406908
0.0981890089509915 -0.141078948195471 -0.121490894045342 -0.104603714082572
-0.000684568712085801 -0.153827774059998 -0.113623841468355 -0.0635955061672796
-0.0847491344503163 -0.117718135771589 -0.102993405347518 -0.0643179179297178
-0.108038984151024 -0.0755926310238078 -0.0930137110256588 -0.0660440048832622
-0.115742666381779 -0.0751794074408835 -0.0676546676678962 -0.10365270249917
-0.0723849676718215 -0.127678736195671 -0.00692423568019981 -0.142536900935482
0.0100244951699294 -0.154089420062873 0.0909687392144827 -0.139336862341476
0.126904489526631 -0.151064575710134 0.163858965705027 -0.0298470523554626
0.191163517182112 0.014916506624096 0.139376223880492 0.0777641285431353
0.110509194910529 0.172499641014444 -0.0108574377611326 0.0626821496042439
0.00953261631783797 0.223692010850355 -0.0125841483603553 -0.171050273334829
-0.0658058338962218 0.0659324282226596 0.0260157070820477 -0.360187712719051
-0.0359311928534566 0.11547385716705 0.0943111143156666 -0.296734102784348
0.054780940467273 0.0907222987069106 0.0595722863875432 -0.248526324821529
0.101568119429962 -0.00862231888080928 -0.0438815501195944 -0.200146664771948
0.0601541603742197 -0.0716375948172093 -0.097436416640316 -0.141105442531472
0.00553883348369212 -0.0843446935479415 -0.122942415113502 -0.107018173509785
-0.0451872260771633 -0.0707338731425792 -0.130427356349452 -0.096242721861795
-0.0651632902557055 -0.0479327074258367 -0.123439611981523 -0.0937624758873171
-0.0733408602674013 -0.0515381572113716 -0.0977965901641382 -0.132784080868429
-0.045679036415125 -0.0863521310099357 -0.024938727257425 -0.176163068142286
0.0137158476831021 -0.10831534114219 0.0901328891625268 -0.171534734384645
0.103359970289777 -0.088159649490918 0.171587489820963 -0.0485471311926694
0.123913559644588 0.0451219892314131 0.139497326961264 0.0646321626227401
0.0359116592148456 0.13028071060464 -0.00869534001605315 0.0467183260736262
-0.0438878032721874 0.120835991656997 0.00251360307172492 -0.2102336808658
0.0625089310576739 -0.0134148091777662 0.0250368799481416 0.231653326187045
0.0124609137202713 -0.0630177190384139 0.077692277161208 -0.0342407496988108
-0.0482303632285411 -0.0356135938061136 -0.134552520634131 -0.100675032685162
-0.0492315923362325 0.0296709727502874 -0.215220625562925 0.0405042420930508
-0.00699514288722032 0.0389747528898222 -0.126048938975105 0.208829801570162
0.0055233591993439 0.0230471621058625 0.02747183082996 0.221967812597706
0.0113476463910467 0.0244030892499935 0.112330424787415 0.15274229565949
0.0115616142610428 0.0170572381991482 0.140868857490757 0.106428950228727
-0.00652068138082551 0.0162927042651161 0.14977936116865 0.0897843518293829
-0.0197295419006266 0.0037652540141932 0.142097162995591 0.106018061433902
-0.017845378554813 -0.00306040544678493 0.109268490979207 0.141521664614068
-0.0185235258845815 -0.0320675884004873 0.0521255788136529 0.197355158055582
0.0296426766916141 -0.0420565617096443 -0.0417789956788136 0.229195831260387
0.080197178967841 0.000569176073538494 -0.11394549506622 0.2578141781748
0.065067699487213 0.046328499684892 -0.0389383730303559 0.351668886703254
0.085822264917337 0.0957090718893156 -0.0150526762816169 0.229552635576829
0.0803494465227922 0.0133011363850701 0.0756716630375922 -0.0309286035458873
0.0415734077305682 -0.037640821313363 -0.134139984685901 -0.117997046586712
0.00618194387659721 -0.0387866064511896 -0.233714734815661 0.0262774818588196
-0.0012280586095417 -0.032568126416867 -0.150189813158386 0.208285441746583
-0.0201237956407621 -0.0376461698583108 0.0136896326437926 0.223267917308732
-0.0400481495354115 -0.0166205203760559 0.102443115731006 0.152313875935078
-0.0396381956125546 -0.0150262848328442 0.129216499858914 0.102980572143907
-0.0543157207979087 -0.0274323315527806 0.142030352735181 0.0770712368203278
-0.0350681347450951 -0.0690304581083659 0.142899220416634 0.0861298961900673
0.0131018956370237 -0.07274256168116 0.124103598469526 0.12250650072247
0.0628607597291479 -0.07767286109175 0.0788892075548538 0.183706736261187
0.121075758264328 -0.00513674310825212 -0.00291090088112609 0.222355275682917
0.124177678775262 0.110399844383651 -0.0746019049286291 0.230713424833597
0.0752410653455025 0.180026491241112 -0.0205743027529798 0.296011928051489
0.083710252826265 0.198124651253472 -0.0504015657276839 0.181586978013114
0.131982085969048 0.111362998774973 0.0735283900189983 -0.0500988366236334
0.13758264149197 -0.012907251234811 -0.125688869678531 -0.149714737567117
0.0823169776172294 -0.0994136796886267 -0.246504117711878 -0.0064404992701474
0.0176063704922369 -0.109560146063711 -0.176685640833749 0.183803596392102
-0.0371998330020911 -0.103704031554684 -0.0125837660631815 0.205663764406122
-0.0846175600258372 -0.0614588940196397 0.0740877087344213 0.135204350885908
-0.0860322436472918 -0.0446520542595787 0.0992723616477842 0.0844152939864093
-0.0976365375651303 -0.0590458036784582 0.116447199205104 0.0485068177175051
-0.0586926887977367 -0.122507960510723 0.131366973549953 0.0448472649598227
0.0196676745405613 -0.134982516351153 0.139096243380071 0.0762168396606513
0.111616037220943 -0.139677697966882 0.119210951425783 0.14989709145749
0.198789013213245 -0.00724101504016925 0.0507578684247023 0.205623571820775
0.176629282167212 0.175721396696752 -0.0362430409497983 0.196050280967088
0.0951370951666257 0.276436387971563 -0.00668528156726398 0.205271945497279
0.0565037844609328 0.273888755061514 -0.0703723258749211 0.0888820332367044
0.151147165644386 0.213144854445185 0.0718768104686146 -0.0917686517983049
0.216719437597401 0.0389091898307874 -0.102240002491529 -0.188544964625607
0.165409128359209 -0.133246534434636 -0.238819961298655 -0.0566814830508135
0.0494053746270273 -0.174380217331192 -0.19237487093576 0.130113728021797
-0.0406993543117041 -0.16256417221375 -0.0466957014343447 0.160148964154407
-0.114006781591071 -0.103171390289112 0.0315618517657286 0.098850348213295
-0.119815137854958 -0.0682112640287711 0.0546731513509892 0.0543141079175478
-0.128576934530811 -0.0765618639374216 0.0758270748191734 0.0125417912135862
-0.0819053466238739 -0.151369323278657 0.103423688117236 -0.00493110955174832
0.0102784161586506 -0.175954143724832 0.139050229090645 0.0144310704217977
0.128411179575328 -0.193137301131966 0.14982939923858 0.0975972415815667
0.245313910472198 -0.0286406759144142 0.0981552531942976 0.172178973396237
0.212385070335183 0.197372414620198 -0.0120456482659688 0.157993470329604
0.108529384097574 0.323493646133498 -0.00606266427679476 0.0992848862668514
0.0151969968744219 0.29984251298731 -0.0684479594042689 -0.0355929909165779
0.128003022333495 0.282481544398721 0.0733344282668247 -0.151212678810411
0.248618395951139 0.101592889810414 -0.0619976776052552 -0.222832844210037
0.226277299521182 -0.125729923445941 -0.200323701360852 -0.112539171012588
0.0834178966594333 -0.204149914585751 -0.185163186976677 0.050960439163638
-0.0319524258486359 -0.195141408148263 -0.0775454055394687 0.0908149743219535
-0.123971586804769 -0.13073642403751 -0.0166346532281051 0.047577958488543
-0.135092483413494 -0.0815094989542141 0.0029682419478212 0.0165296566471821
-0.143500520954074 -0.0821784815515047 0.0259807772479014 -0.0259977307483061
-0.0947090612222732 -0.157635933786699 0.0644478793685444 -0.0537649232511174
0.000558495670632801 -0.189522423592997 0.122929540053762 -0.0461482798562112
0.127566220073266 -0.213572048463315 0.161326314304129 0.0430262163321991
0.252140258903455 -0.0388884719213907 0.126802696349952 0.131093800994203
0.212052810769979 0.193527020904602 -0.00460912981388247 0.12042441405617
0.101005570379149 0.322970918030484 -0.0144358533624169 -0.0046142827191662
-0.0236327802537805 0.26830328748763 -0.0456305125630832 -0.165431265698287
0.0745853003763089 0.287693344815543 0.0806663518892565 -0.213493758136517
0.217839142510883 0.140747620243682 -0.0137220790456901 -0.241534799165763
0.233248847542063 -0.0880108649533553 -0.139575107608371 -0.156351356887185
0.100379561785706 -0.188909713474845 -0.155460595375145 -0.0305360463656553
-0.0179923342025078 -0.190018912161841 -0.0986367784405047 0.0111861657508241
-0.11344225344437 -0.133013968166028 -0.0629851452755449 -0.00843822238301311
-0.130185345015141 -0.0820283696414617 -0.0482415997458542 -0.0231688071683404
-0.137742488943393 -0.0784114974737997 -0.0242369598328082 -0.0630510380588579
-0.0912845442818474 -0.145643468319051 0.0220730483444005 -0.097242647404893
-0.00115484803719783 -0.177736021793106 0.0999184025922798 -0.0968166745346754
0.12333492797044 -0.195294148866588 0.159060245784127 -0.002754319057609
0.229232168383102 -0.023361243517114 0.135730071472491 0.0940027764747345
0.17399391138579 0.181830147496064 -0.00614043877191027 0.0875630568911341
0.066622605735871 0.283421030079895 -0.0214648071025658 -0.0942404618346939
-0.0487928016188355 0.183176224961029 -0.0122208666860071 -0.276068319553888
0.0165274394228481 0.222639561301138 0.0868786978354895 -0.260929704333884
0.143767993407453 0.132814277233657 0.0282283937089162 -0.244501672539414
0.182327481613514 -0.0457260824289559 -0.0811700572474424 -0.180331631846654
0.0883286343041635 -0.139323279693363 -0.119770544616588 -0.0958637902936232
-0.00712804850604278 -0.148241236121708 -0.112027936836161 -0.0575169739863437
-0.0860722068215274 -0.109349444844148 -0.103095355000444 -0.0570447787356977
-0.104818746364169 -0.0682545298248506 -0.0927303899578333 -0.0583539244032915
-0.112301340485285 -0.06633507890646 -0.0685755660780388 -0.0964556736306485
-0.0745476527643634 -0.119323272782214 -0.0110597876001346 -0.135321834966565
0.00405221168086151 -0.14779214164553 0.0839054255116855 -0.136445522901978
0.114871493245093 -0.148872964428688 0.156829259437826 -0.0332654516395025
0.18371058254434 0.00742202301753327 0.135617489508362 0.0699560192313818
0.110622978775429 0.160938681349861 -0.00881907376883511 0.0613134537404263
0.0156828215971592 0.212376990892872 -0.019801281051078 -0.161233904527962
-0.0607062735327415 0.0638429248825069 0.0133191954028236 -0.344611618307229
-0.0310619064144213 0.111160705713277 0.0824147158623291 -0.284036203178624
0.05445950782058 0.0855343003937165 0.0518770869165166 -0.239145262321225
0.0950028075675046 -0.011245660679826 -0.0469236440535131 -0.190777547630394
0.0540590547445065 -0.0713663705195772 -0.0983507471697394 -0.133006173780017
0.00210866603072975 -0.0812577855025523 -0.122960624645778 -0.0988576954863915
-0.0461859470916493 -0.0664003389329431 -0.130875805266258 -0.086910253012347
-0.0629119565031008 -0.0436424464741409 -0.12326427467676 -0.0839999493872265
-0.070507803608612 -0.0448962181139994 -0.0985955125608681 -0.122992984828284
-0.047123057691706 -0.0803583525817771 -0.0296079781671966 -0.167546355733175
0.00900518485554497 -0.103807987438127 0.081585508918877 -0.16705957219925
0.0947721536738231 -0.0878746554460904 0.164249415686642 -0.051548669223565
0.120362209843824 0.0384963375943257 0.135940293127981 0.0577494058962076
0.0376762653140661 0.123608659845155 -0.00698748180754709 0.0459060279129116
-0.0382601980350926 0.116074398920512 -0.0067716619077058 -0.199620416736133
0.0634303626592401 -0.00911052534204229 0.0129287081906026 0.220545689675844
0.0150975317824851 -0.0607060375118303 0.0754128305886208 -0.030547931770383
-0.0456166316062732 -0.0361467302860607 -0.124227354001301 -0.101818637364103
-0.0463446196300604 0.0284109480230059 -0.20928787559606 0.0303862483932956
-0.00657270155163485 0.037328886839149 -0.126821037980658 0.196189230929074
0.00460620120492516 0.0227435436924365 0.0185829507808055 0.212922320955411
0.0107567579539966 0.0254631658846965 0.102740222832627 0.150253826913674
0.0104145041810616 0.0171241199671661 0.133220493564092 0.105108172166596
-0.00611381238959514 0.0163075032149775 0.142610117799562 0.0903061668794537
-0.0186874738010835 0.00291112724687889 0.13439480488741 0.105236117676468
-0.0154364359291116 -0.00323763646427964 0.0991748067293441 0.139455837626615
-0.0145232691987418 -0.0284288065194585 0.0409917767135955 0.187990735676654
0.0296531036914156 -0.0355814097853639 -0.0514908976236534 0.21515306012828
0.0753174834283915 0.00644054430158074 -0.123253343851542 0.242918567245737
0.0620660987086836 0.0504944504649045 -0.0578028493031348 0.334162422313476
0.0789487752670259 0.0983337667519233 -0.0207770941769409 0.216754569896114
0.0761165292204243 0.0165700320584696 0.0760199281076109 -0.0294588281201738
0.040945086083973 -0.0330003635827568 -0.122571761208094 -0.121655915342734
0.00821551610667118 -0.0336123317531998 -0.226480016521343 0.0120592113474691
0.00293944774918293 -0.0307484227820801 -0.152454394635407 0.192827533261744
-0.0174036767546662 -0.0370842577814196 0.00271947742847782 0.21414496380597
-0.0372440362390124 -0.0158515689423816 0.0918553015243442 0.150001204755861
-0.0379364117681256 -0.0164833125225372 0.121591771222938 0.101320475706374
-0.0508579671339135 -0.0277692166088132 0.13614491495248 0.0765125637994497
-0.0320450150937213 -0.0684681879403921 0.136583070218399 0.0855910992540949
0.0169574170258124 -0.0709873934836889 0.116964666559946 0.121652309729377
0.0651605853500948 -0.0700548345549444 0.0712618712812264 0.177804007086752
0.116410623451321 0.00343033610489233 -0.0130274587512787 0.212901308657759
0.114112965672639 0.114199376202317 -0.0870173996513346 0.221454718991178
0.0680323338951911 0.178434641302054 -0.0405029096566563 0.282916443612432
0.0701756655350166 0.198010076116075 -0.0481500454406259 0.170947346094273
0.119942916875498 0.115706269005314 0.0778655988396526 -0.0487284326540764
0.131940734031181 -0.00311736123593215 -0.111255758152155 -0.155088632275967
0.0823722540951506 -0.0878722018287698 -0.237009286975365 -0.0237517136389706
0.0240629846530344 -0.103435008209806 -0.17837346324375 0.166673050819316
-0.030835878701686 -0.10187939390524 -0.0234058609573764 0.194661874344326
-0.0779879859401217 -0.0619076904135552 0.0628891391974977 0.132417595426284
-0.0813259239235667 -0.0473132314903228 0.092082559608953 0.0834747246269404
-0.0916397659115407 -0.0599741996075323 0.111614407678004 0.0476789100556852
-0.0538303896947396 -0.121691273600606 0.127383804885416 0.0452205107550329
0.0253219157099735 -0.131935961378702 0.135879493234008 0.076704817489644
0.113743083636069 -0.128276052415324 0.115653018312829 0.147378256918527
0.193718114713567 0.00376293777496682 0.0401251480139021 0.201277110792914
0.163255675609456 0.178809089797096 -0.0498699673726451 0.192039520297132
0.0852908060676636 0.269740777517884 -0.0254594282523219 0.199575494446587
0.037564365873123 0.269793420197982 -0.0599716088482093 0.083371283419684
0.131996952055741 0.214748508906526 0.0814039605342257 -0.0892494296666653
0.204810950151007 0.0519534972974921 -0.0844861461739705 -0.19351972397454
0.163278819008665 -0.115938883934938 -0.225080871938204 -0.0745470606307847
0.0577171928242481 -0.163170951305127 -0.192510408248417 0.112060555611341
-0.0320680447514794 -0.158557644221467 -0.0546265622663808 0.149923432103441
-0.104989850737143 -0.103719887358846 0.0223396402917496 0.0964610497171911
-0.113150041567396 -0.0718224169197145 0.0496965926465818 0.0531982726638071
-0.12177914198559 -0.0782614777691642 0.0732470396307555 0.0116880484039818
-0.0763715044294299 -0.151142249737108 0.102055194677129 -0.00453312163541436
0.0172556414507555 -0.172851860266511 0.139573055100925 0.0164136830213426
0.132005640222373 -0.179406063804208 0.149407101752328 0.098024994685947
0.238989217917597 -0.0155134765044909 0.0891711282812113 0.173327747231286
0.198035134181066 0.201236966408513 -0.0254262456543942 0.157287251441623
0.0961972576276443 0.314067040618582 -0.0207359028091535 0.100196138341277
-0.00604773204190723 0.293903633869442 -0.0512774076133346 -0.0338930376213613
0.104690108039851 0.280950249878026 0.0877328677023523 -0.145501424355462
0.230189114874683 0.114151006385575 -0.0408138267080717 -0.22483988779893
0.219432047757394 -0.106214105318017 -0.183558851067416 -0.127187081565609
0.0910503058533294 -0.189682801393199 -0.182863048322242 0.0352688369920688
-0.0224426013808986 -0.189779091237681 -0.0823016458173065 0.0814762581349
-0.113964286137594 -0.130683367924759 -0.0237736236291794 0.0456284686365125
-0.127799922346986 -0.0863645989447143 0.000287710462652269 0.0161393455150044
-0.135595001204609 -0.0840060754973418 0.0267702368435518 -0.0268267837989502
-0.0885785252895627 -0.15731566524783 0.0653912940048838 -0.0524872003317708
0.00740817244635139 -0.186272703408551 0.126222323979364 -0.0425948233379979
0.131161578422688 -0.200400871125786 0.163889456943363 0.045316882094355
0.247563246404773 -0.0257712399456053 0.11914309485766 0.136010245188334
0.197600592355498 0.197142843686334 -0.0159880587414603 0.122067666391211
0.0888454844649973 0.312614179153133 -0.0231536945864922 0.000850486505141348
-0.0428036579903521 0.260224229210821 -0.0235700419690302 -0.156119025657801
0.0517440618920074 0.283827847627177 0.0976924567597647 -0.20263860207647
0.198387880755791 0.150452712656603 0.00852507603768995 -0.238541954106359
0.223447983246438 -0.0697584119863286 -0.121677172386541 -0.16562963450321
0.105318200126295 -0.174162491782084 -0.151078851271407 -0.0428018703787397
-0.0102961920552105 -0.183474085874197 -0.0998120565824166 0.00440696303147064
-0.104163347544506 -0.13340723774312 -0.0666667915630651 -0.0100126079858438
-0.122938348518694 -0.0861028339855427 -0.0480949309389599 -0.0234024470547151
-0.130417583823463 -0.0805739940903649 -0.0210009460517147 -0.0628997028121939
-0.0862344127536979 -0.145834725620473 0.026702708281104 -0.0943402471219521
0.00571582265741968 -0.175256284579347 0.105988720585616 -0.0919615383974377
0.125925989919434 -0.183808354537225 0.16308791162395 0.00266898528820525
0.224138357254536 -0.0120463093241444 0.128640382769824 0.101555773072954
0.160815351721226 0.183879428932368 -0.0150772650184202 0.0895834671877954
0.0565026668629074 0.27296924007697 -0.024531056015347 -0.0857377304514805
-0.0629405274660779 0.175784342654222 0.00984882391345591 -0.26057894275469
-0.000670518573587992 0.21736089756386 0.103877329037516 -0.244101494353575
0.127194270598225 0.13729280452106 0.0483794249144634 -0.235759388730118
0.171934241592052 -0.0325479078463705 -0.0646738220222581 -0.18367609964125
0.0899456324802598 -0.12735679430303 -0.113550735091585 -0.102333801922016
-0.00129791847194838 -0.142676805626198 -0.109301349618968 -0.0617763883091481
-0.0788038585559834 -0.109959396523834 -0.102956117544909 -0.05789218337284
-0.0985556396039574 -0.0719371705735167 -0.0895355442798397 -0.0572834812649055
-0.106078197077909 -0.0683799393088184 -0.0634500559835239 -0.0950210721014772
-0.0698779703078199 -0.118997303478424 -0.00468204193987375 -0.132087054901338
0.00891082017495916 -0.14589632855894 0.0909444270507693 -0.129468969326522
0.116684337904275 -0.139843692037965 0.16103679441704 -0.0254954343341906
0.179294292849843 0.0159525242054476 0.128554077499 0.0774388459765488
0.100478204572257 0.16086180174697 -0.0159197216191656 0.0622354729145043
0.00847777411642448 0.202968492252402 -0.0184223573563013 -0.151501976137088
-0.0676014169264596 0.0594214638136979 0.03416681894007 -0.326058556968916
-0.0403045033623459 0.106142198736148 0.0974855883454355 -0.264441201716574
0.044173849210042 0.0861981651986126 0.0680157837752119 -0.225953952438075
0.0881513128900568 -0.00403566966124679 -0.0323936970037629 -0.187345637568826
0.0540618769481317 -0.0639434348623762 -0.0903161408979399 -0.134768537981773
0.00448132660378177 -0.077053047889106 -0.116448505578661 -0.100661508964004
-0.0421610192245607 -0.0663717654665675 -0.126619629763465 -0.0869340088912979
-0.0587774773045243 -0.0457528372034357 -0.117061064463609 -0.082297456102307
-0.0668166107775899 -0.0468208076932266 -0.0915640868792866 -0.120418405168598
-0.0440791242119725 -0.0803271394925767 -0.0235854605889017 -0.162638990934856
0.0124624100164223 -0.101872930358543 0.0885649146647541 -0.158498236820824
0.0959674941636316 -0.082551024097283 0.165857430039683 -0.0418525377092702
0.116978279784254 0.0433136578306223 0.127119444170344 0.0652402977752566
0.0312869649736163 0.121654018779207 -0.0130390096140285 0.0453441917812113
-0.0410716261424329 0.108038715099688 -0.00111191212593894 -0.188761311017073
0.0617497457124425 -0.00730872317043142 0.0112186294077783 0.216293199290329
0.0156108638298452 -0.0595042902983762 0.0760546613828623 -0.0301844723533199
-0.0445874857776795 -0.0364692909144388 -0.121039427689305 -0.10278477427234
-0.0459186822655405 0.0274609587850267 -0.208252897034448 0.0261039512984425
-0.00674174727061989 0.0376841535129735 -0.1276701738497 0.192469730061415
0.00384282409443192 0.0235888422507778 0.0163241902926018 0.210992084584177
0.0106076077726607 0.0254278201264669 0.0997438859455327 0.148938995310944
0.00973722001514609 0.0170163712946151 0.13188971129202 0.103631747351687
-0.00654423668164624 0.0159371792554359 0.141363062682856 0.0891734424228942
-0.0193334189982582 0.003020137554999 0.132129330372766 0.10593939855452
-0.0147669173889625 -0.0039514176626288 0.0960380416671034 0.13989082954557
-0.0138729107982889 -0.0275800663076136 0.0371817179494594 0.186132402908188
0.0299294425959402 -0.0345626748277061 -0.0563384065720216 0.210696941441228
0.0746958974826069 0.00695904462604994 -0.125869920099345 0.238399761633732
0.0596419620503953 0.0518240704792434 -0.0600063081478182 0.328081558277247
0.0759889648305309 0.0970137009717376 -0.0216030556181109 0.212411118497918
0.0753774841118982 0.0172699622019441 0.0768724931492555 -0.0292792114837628
0.0402439069776526 -0.0327835767875182 -0.119114022426176 -0.122008096122149
0.00833901568613604 -0.0333422701218323 -0.224534699527139 0.008287677183037
0.00225294189966048 -0.0291745856605236 -0.15140425458122 0.188805426005548
-0.017788527439965 -0.036067193534303 0.00117895791890709 0.211620772397497
-0.0359813111388064 -0.0151465027800797 0.0890685110685583 0.14898959379147
-0.0373758854775912 -0.0164624819267154 0.120399049005741 0.100486133507524
-0.0504068763663345 -0.0270636171262448 0.13417061170246 0.0757510185590727
-0.0322227605193426 -0.0679377665642192 0.134844217265156 0.0862264520749161
0.0178612536252818 -0.0708585855139338 0.114143311084113 0.121395774361211
0.0642104319760283 -0.0683686758022975 0.0669700790696693 0.176543447784573
0.114748987188407 0.00471500213858294 -0.0182386190191465 0.209030622193331
0.111406739292619 0.113610224149088 -0.0899832027379367 0.217278415573063
0.0637053931151348 0.176810335318911 -0.0442364160061812 0.278942749188233
0.0659313650629706 0.194553284177949 -0.0480208708410705 0.167574062287415
0.117258646181971 0.115005225050291 0.0792543713706438 -0.0475547388659573
0.12872381442621 -0.00276451403611813 -0.106646975448119 -0.154720867875387
0.0810520184393919 -0.0855039020172788 -0.233799299459601 -0.0269883960826639
0.0237118531970358 -0.10119872275545 -0.176535628671254 0.163679358834487
-0.0312244458068993 -0.100670565276473 -0.0245377409605619 0.191371817430288
-0.0763217116829071 -0.0610989155886477 0.0605834507019511 0.131184240126793
-0.0799084670182123 -0.047046213718493 0.0907738200348028 0.0827033298766196
-0.0897532573427262 -0.0592656482054365 0.110253412513025 0.0475299351959868
-0.0534977141165641 -0.12080240290178 0.126177904276835 0.0456987887401117
0.0263181150644588 -0.130423499661123 0.13408308632861 0.0779486869358454
0.112483427128756 -0.125666857922873 0.11182485750472 0.147991775245895
0.190425819966376 0.00604386156658895 0.0352607257074401 0.197607631805889
0.158782349269144 0.178527442303758 -0.0531116354697813 0.188927816178807
0.0790598904132095 0.266538406210048 -0.0285577844531666 0.196646492626857
0.0332146609805249 0.264131086514863 -0.0587330151199949 0.0817342341819833
0.128040743448311 0.212965354155319 0.0839692329826207 -0.0863336173747569
0.200033573509897 0.0527356294985023 -0.0787718398275662 -0.192026716011389
0.160025491832934 -0.111960124225375 -0.221283716121932 -0.0768921167308622
0.0561513122878674 -0.160580049284497 -0.189509082103102 0.109876983409041
-0.0322486248231819 -0.156513274585404 -0.0557800729214203 0.147078851634009
-0.103347225706281 -0.102641426338427 0.0206526618226714 0.095751493598881
-0.110998332920636 -0.0708883747115744 0.0485266157000545 0.0542173340094786
-0.118938633764893 -0.0770476201134506 0.0726354528721864 0.012098977212104
-0.0755056431044054 -0.149796094468209 0.102372069729709 -0.00257876149908194
0.019280786239771 -0.170722876071707 0.13872861221968 0.0183696036785311
0.12971927502599 -0.175986466952635 0.146492023132183 0.0995351396784873
0.23601069177993 -0.0134292954900536 0.0837147471784881 0.170920639145567
0.192649450636545 0.200575867833277 -0.0277691596253536 0.155486623189768
0.0893725909475135 0.310671922633099 -0.0225992335860353 0.0995660626301958
-0.00928751046477679 0.287191189066597 -0.0487551850890768 -0.0333295536550327
0.100595826137028 0.27816571134577 0.0904161151858932 -0.14030814948669
0.224876217846009 0.113781775606948 -0.0355298934456201 -0.221481900279372
0.216111649629897 -0.101808889087113 -0.178200969667274 -0.129020380262879
0.0889941116718278 -0.18640144572529 -0.179625467362168 0.0343831836861377
-0.0228462348459194 -0.187766743239047 -0.0822730148823252 0.0795392563746891
-0.111700713613108 -0.12952807590039 -0.0248475768233313 0.0459001898875462
-0.124675159558354 -0.0854129110233549 7.21899651914738E-07 0.0173635002248218
-0.13237025188992 -0.0829414377512312 0.0261364095502599 -0.0258178232061148
-0.0874694212812806 -0.155867094160507 0.0660876326415828 -0.0506886717420611
0.00943434906289987 -0.184459049235351 0.126083768006446 -0.0407261296311734
0.129766492259037 -0.196872099648681 0.160909683987697 0.047713511781973
0.243840932985113 -0.0230822999852815 0.11450154688445 0.134892953945728
0.192792606691002 0.196974636695114 -0.0181595790359358 0.120764377172902
0.0821378487025205 0.308364110332822 -0.0241124856813246 0.00210895843408251
-0.0455710704449769 0.254258355839177 -0.0199539682049203 -0.15329902727523
0.0484618615671212 0.27983894213158 0.100000400311358 -0.195640736139632
0.192425904442755 0.149763824640571 0.0127557481804959 -0.234304875016348
0.219717184582427 -0.0656365059158568 -0.116372234482988 -0.165592592395408
0.103315402952553 -0.171427318955886 -0.147647022398955 -0.0431187595327647
-0.0107095361894485 -0.182074382301201 -0.0994516117598402 0.00342818663897949
-0.102059106867839 -0.131980141649978 -0.0678643870105134 -0.00934825864794795
-0.119777747200451 -0.0855783849731606 -0.0477236625551635 -0.0211696118851322
-0.127067257206412 -0.0792696811639547 -0.0207356433981837 -0.061445015231061
-0.0847941899536752 -0.143366210366248 0.0277761655643702 -0.0930012638697948
0.00690079957039572 -0.17342514778046 0.106179083196537 -0.0896737452529874
0.124085727360585 -0.180634625905895 0.161283841008881 0.0051259837901171
0.22128249450776 -0.0102178102650289 0.1250435965254 0.100267624357287
0.156970034200626 0.183553708345914 -0.0167281341909827 0.0884751185394278
0.0507327384209529 0.268317581667343 -0.0252849656690328 -0.0832097092939697
-0.0647472420569781 0.170932519415974 0.0142522875909965 -0.25517592376426
-0.00350627946916338 0.213388825591458 0.106492176231079 -0.237318516083151
0.122100133929844 0.136801320600061 0.0531860388782887 -0.231413035722641
0.169026961455687 -0.0292365533064572 -0.0600298134884087 -0.18161985355939
0.0888029705785931 -0.125064832830139 -0.110233873309347 -0.101555259369225
-0.00137099881708144 -0.141187237074961 -0.108357842459296 -0.0622218163513146
-0.0776172795213167 -0.10879208917166 -0.103114266921772 -0.0563273764726225
-0.0959339081072429 -0.0710264363898205 -0.0890242889480462 -0.0555093072033129
-0.103000029013356 -0.0672905377965639 -0.0614336126822952 -0.0935670576634373
-0.0686211208339683 -0.116893794916641 -0.00342380639539108 -0.129368590553606
0.00950199886854394 -0.143297338072988 0.0923308074763432 -0.126876681308227
0.114415640819725 -0.137114732399548 0.159709005831608 -0.022325487717267
0.17649451660014 0.0166864890373022 0.12496782652928 0.077026880669812
0.0972259231793446 0.159540160503984 -0.0172285664075604 0.0620812421579953
0.00544520708342561 0.198621561896654 -0.0190693815199745 -0.147956153297067
-0.0672678400849739 0.0565707114730149 0.0380167746346663 -0.320183161380767
-0.0415420972849897 0.10371604149886 0.100389379426397 -0.257247662961216
0.0422283130073257 0.0853297587367157 0.0721932173682947 -0.22255867381317
0.0863139588408596 -0.00220734021130487 -0.0283459674712448 -0.185863446469009
0.0527128471352851 -0.0628957459012924 -0.0881562007263884 -0.134057268879587
0.00427287230513849 -0.0762983765809851 -0.116308983901596 -0.101001048000004
-0.041453630881751 -0.0662209632881484 -0.12700963637012 -0.0853879237820366
-0.0566224348228608 -0.0457863067065909 -0.116118110655277 -0.0795530434840357
-0.0642355229713517 -0.0462879867716329 -0.0895671916773548 -0.118347669461799
-0.0429515976411705 -0.0793610950217417 -0.0209922198891387 -0.160163381802637
0.013093823262083 -0.0998935980987212 0.0893622374336312 -0.15564227135877
0.0943020594977652 -0.0803947827061107 0.164989007111021 -0.0395362041579757
0.114746210046244 0.0440524059443543 0.124524783051639 0.065665951081075
0.0294867834375797 0.119850103444254 -0.014715881589966 0.0449489539066982
-0.0416809354967197 0.104945690010825 -0.00160521473344729 -0.18476726571063
0.0617472722049556 -0.00621099883160017 0.0105508196128366 0.217289907837456
0.0167602101575047 -0.0602663270538968 0.0783278399104607 -0.0312360775230367
-0.0453408725336773 -0.0379383220731169 -0.122002392261197 -0.106413175644952
-0.046281959711638 0.0279724481336628 -0.213372330239714 0.0249799323059948
-0.00699223164405953 0.0389687011116575 -0.129931352789627 0.194531012320703
0.00378425182879759 0.0249993906695522 0.0166253053316887 0.214520994319246
0.0109725006043454 0.0262225188622174 0.10111157576263 0.151332984791577
0.00991191060624898 0.0170977510804087 0.134585650864944 0.103987212375268
-0.00700974957907736 0.016085172887067 0.144650438309788 0.089973782528866
-0.0196669512012617 0.0028619099648133 0.134852996541428 0.108467453792263
-0.0142260344222264 -0.00486086605620666 0.0963071514922137 0.143399007294716
-0.0135250214384701 -0.0280390567475918 0.0353763189217581 0.187944867266249
0.0304768937682317 -0.0341286272351384 -0.0620439654250396 0.212636807450561
0.0755511565842698 0.00675292491920252 -0.130607265503419 0.240011002888076
0.059415990991566 0.0536596334943525 -0.0626028759311019 0.331673942009003
0.0749391186826726 0.0986235943118876 -0.0225016751005165 0.213912764955627
0.0768395604937527 0.0180681954826772 0.0793080197135774 -0.0297920376836401
0.0397778067511025 -0.0340755997989305 -0.119345540020651 -0.125894392308439
0.00799739435155254 -0.0338670766817335 -0.228663777258063 0.00604741101957172
0.0019035420582184 -0.0289530167003216 -0.153930426445565 0.191042277117726
-0.0187833091277377 -0.0356915055468221 0.000140782230963334 0.214671382015105
-0.0367151445648174 -0.0157704507867509 0.0895830160331119 0.151124350889323
-0.0375148032032315 -0.0169210342445959 0.122422114964093 0.101525574900791
-0.0508801926613484 -0.0270860654432638 0.136941338611019 0.0767036444058331
-0.0336130309888685 -0.0692871504238653 0.13781803436262 0.0886156206056656
0.0190522975000105 -0.0727691088288195 0.115733193758683 0.125267704740289
0.0652403556023942 -0.0685326928951942 0.0662992368489019 0.17977621323699
0.116462450522681 0.00555168847770712 -0.0232747184197681 0.210892286224481
0.112081023709913 0.115945614899555 -0.0940307353126557 0.21963893288789
0.0617888737807884 0.18048098632318 -0.045692229836067 0.28206227054625
0.064943962977651 0.19545015858865 -0.0486828804785938 0.168842896321109
0.118650410466187 0.117393289139819 0.0825969982303375 -0.0479307084262224
0.129015318360886 -0.00299697698437994 -0.106300599571298 -0.158104818739177
0.0815862063172715 -0.0862325196979525 -0.236885254968465 -0.0303212049282808
0.0229990777674741 -0.101725452416271 -0.178671926263342 0.165487557482917
-0.0330055627567102 -0.101326404632496 -0.0261306987619604 0.194795197503593
-0.0775564115050485 -0.0617633846933909 0.0603566708767044 0.13325156009366
-0.0801843904367308 -0.0476950996272183 0.0928734217054984 0.0843669515377165
-0.0906986156049898 -0.0592303102099052 0.112552657521628 0.047978949591403
-0.0554848721911367 -0.122950265201411 0.129123429827264 0.047535067875453
0.0272774477130147 -0.133368221662105 0.136116393115615 0.0799317080256104
0.113728273241368 -0.126945215541307 0.111321989374199 0.151359566155985
0.192663191034843 0.00739766980323669 0.0313485017637368 0.200330896531446
0.160197667932958 0.181824138824672 -0.0567553907190774 0.191495940531264
0.0759426086337711 0.270703551336897 -0.0306783570348881 0.200530785045426
0.0311208238407452 0.265063389952936 -0.0588520218110849 0.0826326288276588
0.128604814451686 0.216591093808582 0.087740722225802 -0.0864130455372788
0.199992752123812 0.0537220592147754 -0.0767450770032442 -0.195139947613215
0.162062825315878 -0.112720271568589 -0.223101853439287 -0.0805382060135907
0.0559996609044414 -0.161921566399032 -0.19152817399794 0.111449909092417
-0.0343233423468972 -0.158828156087049 -0.0570415697009769 0.149187485332606
-0.105192503412195 -0.103913885278963 0.0199173700410612 0.0973030670886563
-0.111243218590676 -0.0719797072091408 0.0500589033722207 0.0558314288247756
-0.119334925170076 -0.0770864938095732 0.0737875422274688 0.0120458298921401
-0.0775660974700568 -0.151722549579825 0.104654525459954 -0.00187138129429803
0.0196718909106349 -0.173947178175941 0.141356903466006 0.0188254556438907
0.130382279342195 -0.178084303530606 0.147779932439444 0.103480530727738
0.238767487336932 -0.0119710825240483 0.0813968035738331 0.172907375922275
0.194392105595063 0.204451402210408 -0.0305029483204821 0.158061999893423
0.0866112918352728 0.314309459736394 -0.0249897658087145 0.102266301130045
-0.0125938767836256 0.288083280715475 -0.0478190961568037 -0.0331318255125778
0.100394206440178 0.283414351405353 0.0953745667427995 -0.140435505563888
0.225218338883599 0.11618512721348 -0.0316817985256353 -0.224591611332793
0.217629555832785 -0.101519720735931 -0.179079634769908 -0.132686152295331
0.0893442132386402 -0.188566345719463 -0.181202967600848 0.034701104708458
-0.0252175251921574 -0.190771094789993 -0.084450392626891 0.0800133310552912
-0.11407438067076 -0.131502286045579 -0.0262528432824428 0.0468103529686957
-0.125774703796507 -0.0859905563798191 0.000407875097062848 0.0190264348376248
-0.132556683568708 -0.0832523038337197 0.0270650721382431 -0.0252206973014487
-0.0894194846209054 -0.158331978796356 0.0682305466963964 -0.050656164032999
0.010172214249146 -0.186962326158509 0.129041760531994 -0.0416078337444787
0.130039092708729 -0.199501752203438 0.16365919828686 0.0508634610138137
0.247246792589694 -0.0230372827818489 0.11283589603635 0.136501881431266
0.194302135027016 0.20101184431689 -0.0202935458949164 0.122624969366693
0.0794660448592974 0.312208945150264 -0.0263530014447349 0.00372326177423759
-0.0489749894503722 0.254817176858538 -0.0177265350712356 -0.154450524387595
0.0463984478167659 0.284079615782491 0.105678548187065 -0.19577878634887
0.19254358286782 0.152212527071727 0.0171786055616318 -0.23642488681348
0.221485895063357 -0.0653264835505736 -0.115914791383179 -0.169098847304953
0.103859725661861 -0.173264368672303 -0.148680948389379 -0.0425816240680446
-0.0118024640156994 -0.184706290468503 -0.101449360105957 0.00287374638492849
-0.104436837411025 -0.133618513891279 -0.0703982892936557 -0.00841019811611271
-0.120393765870361 -0.0867408064799781 -0.0484340270889317 -0.0197786951385838
-0.12689150966078 -0.0798414470306688 -0.0203972058050633 -0.0616048236405195
-0.0863863465417379 -0.145344547428058 0.0297540450340857 -0.0936852468363689
0.00762179672451789 -0.175574269669974 0.109127820551053 -0.0907027649235413
0.12454999424708 -0.183186101160575 0.164563345653032 0.00795110757495434
0.223854422032355 -0.00974326011207976 0.124552334230759 0.102013621115247
0.157677563886677 0.187048260174268 -0.0189108063328531 0.0898856142486599
0.0492114374282867 0.271505299556136 -0.0276773635717385 -0.082628047627858
-0.0672682670391838 0.171069547676234 0.0174893589286464 -0.257533477053806
-0.00531196075665182 0.216378196227417 0.111383572616176 -0.237714076332351
0.121967570392376 0.13937209330863 0.057875423911952 -0.233395572151721
0.170697093560865 -0.027915698827252 -0.0582134591708101 -0.184921652345607
0.0891746732768477 -0.126887954972606 -0.111465531030142 -0.102890071469231
-0.00267679694369782 -0.14271300788539 -0.111353410093994 -0.0637509724906268
-0.0795668256839915 -0.109791104100642 -0.106421346051178 -0.0567855991507503
-0.0962337306926312 -0.0718389147031285 -0.0898944838455174 -0.0544912810024797
-0.102676751911937 -0.0675234424399083 -0.0620906175646167 -0.0937201165644088
-0.069273162735666 -0.11835978931546 -0.00217688270896977 -0.131059695261542
0.0102146363673343 -0.144730142137846 0.0948161789772017 -0.128975912455089
0.114733110813827 -0.139058773782716 0.16331782799545 -0.0202258435166541
0.178286424583798 0.0179179523426361 0.125602903044134 0.0787908200970095
0.0973808836934764 0.163086067422506 -0.0186931802118151 0.0627280904696396
0.00325814073094019 0.200113348759505 -0.0208295666503823 -0.147738959784959
-0.068616848338992 0.0559153361762159 0.0420557249932455 -0.323035698842598
-0.0434538115507626 0.104816508179544 0.104599737413295 -0.257203183270508
0.041479104117115 0.0863750135645992 0.0762863707751223 -0.224846723516287
0.0868141722017926 -0.000919995835384848 -0.0258606079617372 -0.188362916461176
0.0531138593721879 -0.0637922948748307 -0.0890286211836776 -0.13556316741927
0.00441749904028455 -0.07746923747205 -0.11869376675727 -0.102868312890083
-0.0421776930927862 -0.0666213698655937 -0.13041809565872 -0.0853275235369082
-0.056334166078069 -0.0467915221735135 -0.117837164349703 -0.0789587750418854
-0.0633115366639117 -0.0468734304667708 -0.0903435735041454 -0.118491508974144
-0.0429205984352011 -0.0794486856598258 -0.0199748034574992 -0.161947095702232
0.0130874522518421 -0.101159101077889 0.0923689286415017 -0.157716238611006
0.0949865859360925 -0.0811856821533415 0.168764333641172 -0.0378299645746626
0.116160098329023 0.0449168537763146 0.124684413107932 0.0670939637389265
0.0282368745019344 0.121721788951699 -0.0157657781314359 0.0462068630295026
-0.0436034406248016 0.105005571914339 -0.00360046499061387 -0.184760044545207
0.0625347730083079 -0.00646600190311601 0.0151023154096937 0.222552944090243
0.0167093965019557 -0.0628485613021961 0.080985596088862 -0.0352473268439151
-0.0475969146340627 -0.0379550296059421 -0.127777912072329 -0.108912155904062
-0.0467469669903522 0.0290262258012001 -0.221202283356725 0.0288743835095098
-0.00621767080900613 0.0402135742245381 -0.130140794393402 0.202723762675493
0.00521604823360343 0.0267550582946779 0.0219623156910642 0.221396881448607
0.0122731188871768 0.0268643979517575 0.10779678349952 0.153437075482486
0.0103744374241319 0.0169688807524228 0.141913048603467 0.102897386894068
-0.00704789172486074 0.0171871580521217 0.152043394257857 0.0886357054899923
-0.0211359663525338 0.00361140888864749 0.142800350006671 0.110101633261467
-0.0145276884392282 -0.0058443096090405 0.10171846062323 0.148160773433066
-0.0144378611954288 -0.0285608702400363 0.0385780246649864 0.193038577863238
0.0318018356809466 -0.0355402437293485 -0.0637987094031653 0.219829741601184
0.078310085209319 0.00542095896578632 -0.132213128299573 0.249559325515233
0.0613238065717899 0.0558640284522364 -0.0585163296847898 0.34204516590719
0.0779861538049029 0.100357900731002 -0.0184681257846563 0.219117980671587
0.0800585653703084 0.0166758557567656 0.0824518874064332 -0.0334495319470422
0.0389219454212276 -0.0360833659806252 -0.125348184422946 -0.128509655820445
0.00697446047649812 -0.035172954442353 -0.237376206109515 0.00885368211814603
0.000885826115427732 -0.0293754623769312 -0.154319583886918 0.200437975808133
-0.02017462251116 -0.0353150109890828 0.00502062580745851 0.221829484028504
-0.0375303943072001 -0.0148662040442132 0.0951024002028102 0.153709609448606
-0.0387581758240591 -0.0161609381263466 0.129546710563702 0.10036702851554
-0.0534049278499543 -0.0263292760100306 0.1442337040242 0.0748934867414147
-0.0371308129364466 -0.0703952849780777 0.145141784865759 0.0889674620691252
0.0180131047304246 -0.0762761180413757 0.121645277131901 0.127642869083212
0.0658869976732796 -0.0719128135197049 0.0704610701345832 0.184474500973253
0.120208421278025 0.0039662617208805 -0.0232656748691885 0.217233828597955
0.117913336864782 0.11768752043274 -0.0949491081537974 0.227593716351581
0.0664278141528059 0.18534027255495 -0.0426330209890703 0.291294418985024
0.0680298229397976 0.19904749309796 -0.0458554694590238 0.174189050273083
0.124885076150813 0.118364605209988 0.0862743886271292 -0.0513003605289016
0.131039319694416 -0.00623148133443009 -0.111220769196581 -0.161829815505046
0.081479875328723 -0.0904838465509172 -0.245642806702007 -0.028149226971216
0.0208646015028307 -0.104564719215625 -0.180138558399074 0.174119001738412
-0.0370740989987186 -0.102917118252138 -0.02290811146239 0.202188055668631
-0.0812010016217986 -0.0616600286489267 0.0652953831959404 0.136007327225171
-0.0834469749587129 -0.0470057776996444 0.0983069611618014 0.0847579731054888
-0.0946456739835577 -0.0583100409445878 0.11740808336143 0.0465847316756838
-0.0612893656969832 -0.12536832750106 0.135652802911754 0.0468836963902248
0.0258219679491064 -0.138771573088489 0.142113695421636 0.0800476186781999
0.113624222182508 -0.133079292368723 0.117141921343702 0.155221777747049
0.198652725168572 0.00406043437286068 0.0329464059026868 0.205641041339962
0.168264104773439 0.184894745809585 -0.0565676736595422 0.198417919369709
0.0819257936880659 0.277522021346076 -0.0287619397508736 0.20758511038802
0.0348647541770295 0.270934200540188 -0.0575287143715412 0.0862240549363096
0.136654514425556 0.221095003194627 0.091225415379681 -0.0902591115070701
0.205244156062458 0.0510050703546316 -0.0808229323215675 -0.200633952854584
0.163649202689232 -0.119397793142782 -0.230990823276198 -0.0800024386658081
0.0530218826985091 -0.167627436420219 -0.193534036308068 0.119523966492475
-0.0402725887240408 -0.162331359446711 -0.056083167411649 0.155880158731977
-0.111119576896959 -0.104375271933027 0.0217577831754769 0.100657222352106
-0.116080917063323 -0.0714481357004003 0.0538413993187398 0.0570260480577754
-0.12402712477629 -0.0766087108365259 0.0763993299122243 0.0113130886905827
-0.0842361785390131 -0.153613025745217 0.108823253532257 -0.00402772956851469
0.0171238650656649 -0.180136820753494 0.146256091593001 0.0165907438840614
0.129922158411112 -0.186413519479398 0.15477379126073 0.105193249840893
0.245963790078887 -0.0175725942724752 0.0852527449223693 0.176938929866344
0.20374053460774 0.207786407792911 -0.0301622729163548 0.164116507464976
0.0928950936504799 0.322124427971047 -0.0248588937844294 0.106900803045165
-0.0100036957928958 0.294840122638426 -0.0482568835664539 -0.0334470286695087
0.107888623842803 0.289925177129315 0.0980954912391429 -0.144874439870625
0.23257043202194 0.115904652032392 -0.0338176785129452 -0.230268652339604
0.22125384886624 -0.108932314009593 -0.185737409541854 -0.134810667369378
0.0860850596871423 -0.195291079784034 -0.184555780866826 0.040928516596382
-0.0318449534665242 -0.195717951410663 -0.0856775685470429 0.0849005403770867
-0.121416738799249 -0.131898888648804 -0.027007909015562 0.0496895543049308
-0.131067279225872 -0.0854547760211616 0.00190959763871878 0.0211110426030141
-0.137027061589689 -0.0830264970302131 0.0275123221839304 -0.0267668768128738
-0.0959846879672395 -0.159773163027503 0.0703935179027011 -0.0531688393223709
0.00641233287114199 -0.194013870652054 0.133387783157665 -0.0452964560268775
0.128240930912332 -0.207828313209094 0.170062981002644 0.0510091702041606
0.253465767113331 -0.0286681470950156 0.117937034298092 0.138510336309721
0.203948269749109 0.204373015033339 -0.018977096012311 0.126938701382583
0.0850462483734153 0.320047007224629 -0.0287418681078656 0.00582870549616628
-0.0472205208464652 0.260855143260694 -0.0192890052487379 -0.158704764171282
0.0535570565065411 0.292516165175474 0.107369953237601 -0.200949867626399
0.199981506590554 0.153552337938484 0.0166178148633118 -0.243731816135268
0.22589099283771 -0.0708136539269516 -0.12107089107216 -0.173217412833739
0.102263883852356 -0.18061279628351 -0.152327492450243 -0.0397340387547329
-0.01830546285904 -0.189832103106809 -0.105704174967825 0.00507655616775481
-0.112179040159895 -0.135181054288604 -0.0743308740149555 -0.00637930648865238
-0.125951493126583 -0.08611587020739 -0.049853330878465 -0.0169867400788335
-0.131491349562068 -0.0786098910086471 -0.0226597364799167 -0.0628804459942963
-0.0922585903126213 -0.146678321801954 0.0296023410693489 -0.097602819347494
0.00443971399870176 -0.181656957226311 0.111473732330447 -0.0962485626780695
0.12245062806365 -0.191255682954957 0.171100771600133 0.00669459780351258
0.229976005136882 -0.0149946581573907 0.129282948343426 0.103101003418238
0.165495360455038 0.190423209644816 -0.018571909394455 0.0942680294202925
0.0534326701569616 0.277756592681283 -0.0318357867877331 -0.0828305643676473
-0.0671019907931806 0.175988082576805 0.0160697255081109 -0.265016454360861
-0.00190066255593449 0.224319980094541 0.112623720961686 -0.2435113632542
0.127317370199642 0.141393331581701 0.0580293593325561 -0.241239497119191
0.173813393659305 -0.0315749003839591 -0.061644497207629 -0.189457671603459
0.0879373563535026 -0.1324301104257 -0.114803299673452 -0.10244983265932
-0.00706234473073122 -0.147194011183521 -0.11773804105225 -0.0634840221398399
-0.0852823008330431 -0.110909020153348 -0.112221628675805 -0.0539204092605336
-0.100664911926521 -0.0721471865421251 -0.094032686122376 -0.0515865127095031
-0.106511745672842 -0.0670596455334025 -0.0659221298335519 -0.0939489817022621
-0.0740690539259344 -0.119724338194844 -0.00434016103961667 -0.135018434280622
0.00751982358182484 -0.149833487455907 0.0961058488637889 -0.135748258053475
0.113908080324682 -0.145467823770874 0.169369651243559 -0.0231786552270588
0.183510432966061 0.0142401546216569 0.130211807998225 0.0788551563604597
0.103299016954582 0.166001478892249 -0.01904494580365 0.0657703572469697
0.00547664018196333 0.204854625194723 -0.0264404717608785 -0.149875257942448
-0.0709029019851879 0.0577522406327099 0.039428209041666 -0.332262173601274
-0.0434107342295965 0.107903387385235 0.105103657696036 -0.264367102011492
0.043933091841393 0.0880293390312727 0.0770272286281912 -0.232501583606019
0.0889783488539309 -0.00199690586435625 -0.0282405621595024 -0.193738710474447
0.052366750184136 -0.0664340850348884 -0.0939311258554549 -0.1373579905178
0.00209249542324479 -0.0797687133845804 -0.126712093483278 -0.103847482887136
-0.0453498636671829 -0.0671583730373373 -0.137782667427313 -0.0831862401359488
-0.0589961058510056 -0.0470753675357328 -0.123390310986554 -0.0760100029616306
-0.0653293869928499 -0.046911923257861 -0.0956623749038987 -0.118919066204366
-0.0450825935014403 -0.0803672666672256 -0.0235437389240371 -0.16607541674327
0.0114680097023523 -0.104318522518719 0.092000158789021 -0.164544654699884
0.0954770013242683 -0.0858374624630115 0.174318430863887 -0.0407942005187653
0.119873965158691 0.044004040988049 0.130113515711713 0.0679606751689536
0.0310460710331552 0.124790954049149 -0.0168690248483026 0.0485640639140843
-0.0438979415077926 0.107194238046879 -0.00934057469536015 -0.187887381008921
0.0626848387149947 -0.00808070128766901 0.0259923165238646 0.225196701740188
0.0143491998200469 -0.0654778409518666 0.081142721046285 -0.0406475806501548
-0.0509782091175823 -0.0367140104291537 -0.137492154269983 -0.10599695101957
-0.0463311539718138 0.032125828857432 -0.226852899179731 0.0404258197656673
-0.00341563203208614 0.0422068536697233 -0.123788762724617 0.214007143829704
0.0071950239371241 0.0281404753810802 0.0351543889447139 0.226070130203826
0.0148890048802653 0.0267962544406544 0.118486061391964 0.150662685116268
0.0114710083997738 0.0170467667968824 0.15069632959229 0.0957082073150259
-0.00650543630830117 0.0183557332799932 0.161527471049389 0.0815032412156797
-0.0216781154104264 0.0051692568038654 0.153500975093599 0.105627231750165
-0.0154855112241365 -0.00569070084095108 0.111294989323038 0.147689010082137
-0.0164290442841089 -0.0283608869255534 0.0471389941834568 0.195750880100522
0.0311541191018838 -0.0377707961076781 -0.057883665329084 0.227826454885609
0.0805659742120788 0.00141754070835333 -0.124870180039838 0.261797044454351
0.0655329807477277 0.0558824014268223 -0.0430912264763023 0.35211346607202
0.0829607983646756 0.0992373401509675 -0.00756061939017255 0.224492665685107
0.083337880038826 0.0130664723790626 0.0841835817982383 -0.0383816093265388
0.0372170303624633 -0.0387151351043597 -0.134676701708807 -0.126480301219743
0.00531254568750388 -0.0366128338976231 -0.244197253451665 0.0208988867576949
-8.73224267055554E-05 -0.0298146204184068 -0.14794264341502 0.212786430176024
-0.0228911657277456 -0.0339307383620523 0.0174924427165669 0.228173672719806
-0.0388132891873012 -0.0130758002370107 0.105811146142133 0.15186739348782
-0.0403671234002726 -0.0139907714315468 0.138154053921481 0.094587029873022
-0.0561888504408501 -0.0235799858123425 0.152375708246808 0.0683258209500628
-0.0430535561746291 -0.0701820888002478 0.155099159170571 0.0842169030682307
0.0149057479428221 -0.0799556529419445 0.131422902731319 0.126424220351926
0.0631592474437419 -0.0778109405826156 0.0804861580001648 0.186101252809674
0.123814146350471 -0.00127761941737111 -0.0167944113790936 0.223060657640988
0.126687714310733 0.114351117361561 -0.0877835117951864 0.238526250513624
0.0759008179729289 0.186956497658997 -0.0298658202600899 0.299787205810299
0.0770486669475572 0.200395382479492 -0.0370094804995032 0.179327928981907
0.134484694080302 0.115284352028433 0.0874844577079461 -0.0570438792389624
0.131917519688142 -0.0128956284192408 -0.120783223006916 -0.161457342668732
0.0777417855623366 -0.0967476203060947 -0.253773808162229 -0.0172318862570086
0.0154147932933217 -0.107862002181288 -0.174917846322475 0.188164359997425
-0.0446282415717 -0.102281598478635 -0.0124364110678154 0.208739995662823
-0.0866438026359675 -0.0580841824667093 0.073327299966237 0.135751910116871
-0.0879065502734418 -0.0435023900869664 0.106453636170393 0.0809673092089553
-0.099912165807274 -0.0539132746736953 0.123379546921896 0.0409229713070419
-0.0712547591798604 -0.124176441487711 0.143049296838398 0.0409604765436811
0.0191874935915318 -0.144360848357213 0.150183587693974 0.0755350378468528
0.108696313174631 -0.142512084227242 0.127428217292804 0.153975603062077
0.203839461853454 -0.00610480109452552 0.0416570268049333 0.208739376276468
0.182095644778336 0.18135798012407 -0.0497849578934061 0.20673595727485
0.0969424870369597 0.280661757594676 -0.0203690199883917 0.214211688990155
0.0464626942981973 0.274246495736171 -0.0531438522267028 0.0902895332973741
0.151695184760793 0.220191644121517 0.0914729159438231 -0.095572150215279
0.210709209199976 0.0422038926139942 -0.0907753389967538 -0.202369202397091
0.160084090605863 -0.129919154739923 -0.241029914067475 -0.0708891493548571
0.0446891268162067 -0.173617808957012 -0.191078223469422 0.132674111523176
-0.0514627873376796 -0.163249082115341 -0.0492126466016187 0.162496015993559
-0.119985297611144 -0.0995899512507523 0.0274476627518159 0.102018573905302
-0.122673484123545 -0.0664429606355001 0.0589225740385691 0.0556632300352094
-0.131006737518306 -0.0703955912761618 0.0793976821242943 0.0065456584792266
-0.0962862176819493 -0.153042723772677 0.113197211104422 -0.00973557468752409
0.00769657978919689 -0.186615687614898 0.151824620284412 0.00979684621810242
0.121429518059486 -0.198104203785608 0.16407373069354 0.102016774932856
0.250780778438771 -0.0302140145895194 0.0937798799688754 0.176829285400677
0.219681709666346 0.203861892840972 -0.0240693980544243 0.169919690472777
0.109810522007454 0.325020748293674 -0.0217424566543668 0.112191928030559
0.00201823249906896 0.300946872928823 -0.0483971749803856 -0.0311496790685883
0.126411285357537 0.292349105409349 0.0958169610085347 -0.15158953595572
0.242213056202387 0.106829754278913 -0.0440869555179345 -0.235106623589899
0.219659483984135 -0.122876603313634 -0.196447247445544 -0.12991108994871
0.0772052138961903 -0.20440326696188 -0.184326344439682 0.0521095134088705
-0.0453044449579073 -0.197493354789048 -0.083576880225594 0.0916248845753214
-0.132831519966076 -0.127678499325228 -0.0264007298059198 0.0528211893356471
-0.138658771259228 -0.0799075293280197 0.00359089948943731 0.0224584347292261
-0.144460619177135 -0.0761224702996064 0.0272033468741294 -0.0288308216934142
-0.108632265458041 -0.158008304674545 0.0709751937537716 -0.0584886977099689
-0.00410002449634133 -0.199976311801302 0.134871720371624 -0.0535994334123029
0.118339983067737 -0.219999982380352 0.17860935015318 0.0446327483263679
0.257821616258488 -0.0427672492091515 0.125689901380908 0.135547382831721
0.220509051231157 0.199421577308828 -0.0150438001139641 0.131206334512845
0.102292982109383 0.323367843815049 -0.0308441175756368 0.00899252009583753
-0.0375286888719766 0.268636012217834 -0.025441152680784 -0.161559065693595
0.0701103628565044 0.296994644136088 0.102130590105712 -0.209535005173855
0.210588859995291 0.147946580307243 0.00763965999373004 -0.250574700756188
0.227153129511017 -0.083915017151374 -0.130783190435156 -0.172035764932885
0.0930570468653607 -0.189801324135551 -0.155465721109339 -0.031578143002242
-0.0309843641981002 -0.192495977639983 -0.108632303374774 0.0110364258570603
-0.123621199580499 -0.130810044814447 -0.0774807613360454 -0.0016817819383235
-0.133090164527295 -0.0806374341041887 -0.0511199115368243 -0.013508406807754
-0.13778962179388 -0.0732313137045858 -0.0261077959208721 -0.0626076409419835
-0.103218088595813 -0.144904939044781 0.0260089634071683 -0.10108617207823
-0.00563685379245 -0.187111669647715 0.11006756021231 -0.104544220838018
0.113812772284439 -0.202090734174907 0.177221000126467 -0.000519155043749968
0.233945272504031 -0.027455519953404 0.136420366827437 0.0990813384415629
0.179887810351462 0.186226063248203 -0.0152864815175958 0.09733782274815
0.0671399820933928 0.281382587343818 -0.0391196495076563 -0.0814230528072981
-0.0614811858825187 0.182939962537452 0.00477024652550294 -0.271987291795275
0.00883877524700295 0.22958931594266 0.105489939386911 -0.253009329606368
0.136535275715886 0.138228425101103 0.0505890903793651 -0.248891795046835
0.175840310722578 -0.0409718560361462 -0.069810500665901 -0.191779054549564
0.0827580920985539 -0.139821458733389 -0.120948427618489 -0.0979229182395941
-0.0166898440407649 -0.149385198124784 -0.124591534496945 -0.0589040908390839
-0.0944242371356011 -0.108090175402377 -0.120019752330259 -0.0472191449734408
-0.107163019709547 -0.0680773461775233 -0.0985293853126802 -0.0453985216206694
-0.111617387860282 -0.0627939244253874 -0.0726564628389504 -0.0919728348718222
-0.0822632617976191 -0.117836810739428 -0.0107624061536264 -0.137553156715867
-0.000431321565738434 -0.153882727486582 0.0918372598510145 -0.144001914470572
0.107664612920177 -0.154987890345874 0.173396126059607 -0.0311289483293059
0.188062119163138 0.00481642556294882 0.137123038949726 0.0745254900850028
0.113800872827424 0.164886347025875 -0.0177340961966819 0.0691164521925288
0.0141328096735406 0.208320357419655 -0.0370569574566299 -0.149122441093856
-0.0704443390735215 0.0618246452631098 0.0261470380561417 -0.341760373847217
-0.0392033176503903 0.113432637092544 0.0971588895451692 -0.272778886213375
0.0485406689451074 0.0880287760347837 0.0702927787050141 -0.241910732883524
0.0910301104208995 -0.00612243704837873 -0.0365332502072633 -0.196947505841727
0.0494075896407997 -0.0706541767479558 -0.101339363510387 -0.135476089554762
-0.00287946824807072 -0.0817178211959484 -0.13657425164328 -0.0996899501907552
-0.0506295442086834 -0.0656857365383697 -0.147651816062814 -0.0754077721062327
-0.0626103266266359 -0.0446243226399495 -0.130097468925874 -0.0690007160354909
-0.0686042253478688 -0.0441815982883228 -0.103474114402373 -0.114896667672052
-0.0499190370594662 -0.0794827892534289 -0.0326780384661425 -0.168788198715258
0.0060175347060985 -0.106442282908903 0.0871084199055805 -0.173433768575876
0.092615745522374 -0.0919610760289731 0.177521348065715 -0.0501608191209068
0.125071744364565 0.0384042501468358 0.136752189021248 0.0633643829609399
0.0377812693378921 0.125769975265518 -0.0160437760949888 0.0515818833430885
-0.040647798401914 0.110743094361668 -0.0213563875214426 -0.189240628062971
0.0609160734689675 0.0197254096269615 -0.0754117935356518 0.214552799743683
0.0403048784306038 -0.0531000645857203 0.0916723657448929 -0.000612987668957184
-0.0304349748610698 -0.0522286323915921 -0.0782655690582518 -0.153828882588808
-0.0523610800297997 0.0105140251199255 -0.22362602134248 -0.0602944977379081
-0.0174993295449584 0.0365250556332302 -0.202199266163654 0.140861979212708
-0.00336758559806926 0.0289970028367769 -0.0656103425409552 0.21888349651634
0.00389689812724375 0.0324072792074056 0.0421609928333431 0.186215303261075
0.00386628787445115 0.0206246069733893 0.0954319700910995 0.147501489292611
-0.0132838378785297 0.0133782325424803 0.112885217269977 0.139470976124208
-0.0209455690788532 -0.00402929021356225 0.0946565739516975 0.158974796485016
-0.0100898552208969 -0.0124087806843 0.0367387797617718 0.181314739528236
-0.000547384431381351 -0.0300574047597388 -0.0441601316643162 0.193950755904582
0.0439323487691302 -0.0175222944652423 -0.155447373710642 0.179469246110857
0.0703432614004491 0.0392438997209239 -0.233915645523332 0.18157141042175
0.0352649294151754 0.0786505310562698 -0.204793323224681 0.297824454400083
0.0325744087102884 0.124682794492449 -0.101614641495525 0.198275785249248
0.0691127613339741 0.0475291271293665 0.0923598716667252 -0.000504680102394497
0.0499410212462559 -0.0164236961607076 -0.0682408473174778 -0.173298215332998
0.0222065849286776 -0.0292917512448318 -0.232708069157735 -0.0870752193666041
0.0161676967997207 -0.0263288499102422 -0.226804456505234 0.128835631529228
-0.00483410832654397 -0.0400986086048205 -0.0843663067311838 0.21403772437163
-0.0286931374069621 -0.0270976696663405 0.0292049667267525 0.182075965130924
-0.0303039425967889 -0.0306971548910626 0.0851259694228406 0.141214238991234
-0.0399747831955413 -0.0449620293997863 0.110402732415534 0.123554400911312
-0.00958854237938034 -0.0821211495724584 0.10580109193763 0.139673549090467
0.0485934017744627 -0.0672043804301549 0.0661389359810735 0.170460051147905
0.0910082141597245 -0.0404123570117856 -0.00733687329931144 0.201310287888934
0.111958329843125 0.055492046446647 -0.115582055554397 0.195882494304495
0.0642826428822581 0.160770696174915 -0.193271354615645 0.177041703650709
-0.0114212369799535 0.202061975230045 -0.171272716248307 0.255940512546127
-0.0174450090670101 0.213627695723483 -0.106798269837096 0.145020229095257
0.0713622076041926 0.162779542961906 0.104673461927745 -0.0178271537037565
0.12435845324824 0.0485582762393612 -0.0407794704255583 -0.201604970432245
0.112157855015864 -0.0518760542806138 -0.225585163610566 -0.128797005561521
0.0641138045211869 -0.0888964273606479 -0.243035462225108 0.0938261105211238
0.00419660654152242 -0.111135373343593 -0.104923891637777 0.184720808142295
-0.0540892954630914 -0.0878154979603142 0.00622627686287095 0.154902309009745
-0.0605506216424798 -0.0769934000760274 0.0619673298375131 0.116058088700787
-0.066825979538451 -0.0902049276988986 0.0955419470497995 0.0872029604604476
-0.0132812884830549 -0.143233784875715 0.113958910859576 0.0955479583177444
0.0795701070049539 -0.124735485664316 0.106836746003055 0.131290450487929
0.159153372337776 -0.0807912043718888 0.0523651665092216 0.193612096954209
0.186839054032135 0.0865889264793201 -0.0558714000385072 0.209777555449255
0.0856792279735373 0.245440958540632 -0.146648314981863 0.166455455350549
-0.0329830540422495 0.294869897540774 -0.123835350718402 0.182168152957204
-0.0790095859477958 0.267360046095117 -0.0789689288579904 0.0582952575616336
0.0422606036078715 0.266545044382522 0.126736745856289 -0.0542721903099557
0.1712866878127 0.132448604506189 0.00537345187561018 -0.228277256013774
0.198674684826463 -0.0465446243767812 -0.190913748085799 -0.174716555697895
0.11702209448897 -0.135151241229223 -0.236198282020511 0.0358636935262714
0.0226345099971087 -0.169073444273579 -0.119925873984552 0.127801728420801
-0.0676978549581044 -0.140910924797456 -0.021690083702963 0.104205106404782
-0.0829563313748392 -0.113231035801792 0.0297540535330629 0.0745962638918846
-0.0883069927612081 -0.118223290729888 0.0695391226563958 0.0383726754064907
-0.0247093619953622 -0.179535034385523 0.108460619536267 0.0368981361804913
0.0865638240364603 -0.167764374776083 0.137873727875404 0.0716747060123885
0.193449913284231 -0.126025267899942 0.110573847906889 0.16208116441957
0.239338914323671 0.0844717204814378 0.00735479545273123 0.205029007810932
0.111583229694457 0.280694101284829 -0.107712906959778 0.145872325431177
-0.0409013457484043 0.340007326427909 -0.0788378383032521 0.0892062307242585
-0.131476140969713 0.273326125965592 -0.0205946937875459 -0.0495711438841886
-0.0136013860162803 0.32219030973499 0.1566058599143 -0.102920087374468
0.16976933783252 0.205328262846294 0.0630829732540741 -0.239222422305739
0.249169090901513 -0.0131085018509133 -0.12380894237402 -0.209287346336699
0.15847446717903 -0.148856259394748 -0.195907422004664 -0.035360921193213
0.0418994842790235 -0.197625448447164 -0.120418193315692 0.0485413284212955
-0.067980436817408 -0.171032601722367 -0.0490625907111617 0.0374448835168991
-0.0919071399278931 -0.132905772914117 -0.00671704660830083 0.0221225342447026
-0.0979483956689925 -0.128882296144831 0.0373000717411576 -0.0152216696732139
-0.0345718293858286 -0.189003852930388 0.0908216548730895 -0.0240097532336874
0.0807541638766363 -0.184983378596908 0.149566093175886 0.0068305514075702
0.199222845437226 -0.147922196893651 0.148236526827326 0.117517115637023
0.251867383391603 0.0754647531574953 0.0556683172715344 0.182607816009061
0.113070997065841 0.276972837966799 -0.0807921663261077 0.115543206873597
-0.0469458218100695 0.334717493669456 -0.0395678217222201 -0.00747323879436874
-0.15483258713588 0.226771812238182 0.0564501118058238 -0.156548804465587
-0.0671175022613227 0.302929124660213 0.188316333837892 -0.151823978657595
0.123025232340694 0.229129433374997 0.119295262191352 -0.228917958264835
0.238107084074612 0.0240710343559188 -0.04519928305136 -0.218365659508547
0.165532762076652 -0.127788730714218 -0.133074478344421 -0.100114928531008
0.0518654618377545 -0.18637301147525 -0.107407205475049 -0.036194675451902
-0.0593713667664873 -0.170318781217292 -0.0730101263316166 -0.0331637491253424
-0.0873687026351695 -0.130964333857069 -0.0411832105559531 -0.0324138065986126
-0.0945494029673706 -0.122504498375523 0.00394279822391021 -0.066880609480124
-0.0349681208761674 -0.174616075865134 0.0676123039475721 -0.0799713566303266
0.074106238782187 -0.174253631193371 0.148813093825422 -0.0503447316784673
0.187112790390788 -0.134731589504325 0.167241103917346 0.0762335008813406
0.223685577218041 0.0777711306657297 0.0818801263265209 0.153985782170815
0.0824217231953868 0.246892692224271 -0.0657539822459272 0.0833119236772292
-0.0604800792788618 0.280760154895778 -0.00396661214219651 -0.091194441772869
-0.139928213696077 0.13927476839103 0.130045024750077 -0.243242922351007
-0.0939930171382749 0.21488496737028 0.20921602447861 -0.18559451843532
0.0593278701569521 0.18694156859723 0.157662842140158 -0.207578079770161
0.173362027718117 0.0412561063961949 0.0202127693697078 -0.209313105878693
0.133358828708322 -0.0876643990753444 -0.0709424968196797 -0.143916806626686
0.0470074368317702 -0.141745091445064 -0.0913755377216629 -0.106551862834266
-0.0424297822024038 -0.137758909923408 -0.0909477012276208 -0.0932176602195295
-0.0686203221987873 -0.108086010161052 -0.0703318843872784 -0.0798056195787303
-0.0747345420682003 -0.102118062358353 -0.0255338545571566 -0.111938446500105
-0.0262445871305377 -0.140846647865816 0.0495671499725234 -0.12825697622392
0.0643351369439677 -0.141105726797011 0.148183590082973 -0.0915490909860999
0.162191025179617 -0.0949200793328311 0.176149061954346 0.0474444241341623
0.168485442532692 0.0867244363813571 0.0924884853397537 0.131642716091674
0.0319259337967315 0.198028129154053 -0.0540295596070961 0.0558519216294721
-0.0770121639911481 0.193337486340851 0.0309746415870729 -0.151572024583219
-0.095184203294243 0.0273694736478188 0.177090824624333 -0.298034663999605
-0.08794775528208 0.0878807673331309 0.20978709205353 -0.205156639235129
0.00214745657109495 0.10288325201327 0.171945007893345 -0.188636751975608
0.0815545782954325 0.0358623608847563 0.05408973248042 -0.196420496448695
0.0726789182871935 -0.0405423389183769 -0.0352563155079719 -0.167974597122738
0.0308191244914742 -0.0734961466893226 -0.0834441562984044 -0.148988959204177
-0.0204328245083934 -0.0803888725316237 -0.103686272635556 -0.129780294393058
-0.0385035003407153 -0.0678186386142959 -0.0889376449673005 -0.113916276743016
-0.043783528970729 -0.0682994206016174 -0.0445711585861989 -0.144949753209484
-0.0133393764534688 -0.0928881963048512 0.0421083927243827 -0.16421292114242
0.0498012152752 -0.0955526121226238 0.155317342356119 -0.119650669059785
0.123104345272931 -0.0455629724427948 0.186657567619034 0.0332755389022766
0.0966907578468424 0.090202718101286 0.0957599094999394 0.120275185698458
-0.0208530854762133 0.130115676660231 -0.0426971589052353 0.0400188685790988
-0.0850264461314467 0.0811805687749141 0.0650827301732421 -0.179706886791494
0.0596229857131149 0.0180187086454744 -0.0606666333203819 0.21317294945719
0.0367682658221049 -0.0543854206185237 0.0904876009221666 -0.00549780037801854
-0.0322557234394291 -0.0490173244775633 -0.085232914798964 -0.145395066556749
-0.0504703462168748 0.0131362118309257 -0.222755610515511 -0.0459881834378084
-0.0147860017808517 0.0370280277971758 -0.188708073838479 0.148336246746621
-0.000581858920087775 0.0293709372531309 -0.0498657278990707 0.217130967470161
0.00675664819795256 0.0312596173217704 0.0528148782663421 0.178060960019596
0.00563771502383102 0.0194998246075453 0.102294594357023 0.135938331867194
-0.0120709294356404 0.014419273387789 0.120041212872132 0.128528159523423
-0.0208947416829724 -0.00261556004130618 0.103169178996869 0.150226232311403
-0.0105078097711614 -0.0115211824144616 0.0457486752706913 0.17595004378015
-0.00190894932787584 -0.028795342416816 -0.0342875480654153 0.190584310253767
0.0427980565075369 -0.0191137619106551 -0.144268253844913 0.182542100981279
0.071672144745289 0.0338239000111037 -0.219008310533102 0.189660240390347
0.0388339053881524 0.0756709940268062 -0.181729028808452 0.300541357264053
0.0375422124113245 0.12081236918279 -0.0876752429132144 0.198505032727026
0.0709901921296555 0.0421813207097546 0.0920658046753949 -0.00499419668571969
0.047199815631548 -0.0187794118573266 -0.0756879931735766 -0.164946974918202
0.0192422959246061 -0.0301003460888319 -0.232603200902327 -0.0720330489369342
0.0142932344006171 -0.0266225809889332 -0.213171774770929 0.138170927827171
-0.00662373611456724 -0.0376213247674466 -0.0682314255833332 0.214145335279977
-0.0291490908035596 -0.0239644429832559 0.0397509674996945 0.1745121676539
-0.0309823062049052 -0.0276817338799567 0.0916228233886274 0.131121791796734
-0.0421473927079664 -0.0407070213193773 0.115259970058563 0.113374135833913
-0.0154444266707833 -0.0785370379093326 0.113621038892986 0.130985392410706
0.0434919086080977 -0.0695671234867853 0.0748432357322666 0.163615849624414
0.0864820524036352 -0.0447187877105968 0.003428661123731 0.196621525552243
0.112775387549128 0.0482314485333507 -0.104717093738809 0.196017825151161
0.0721299196495067 0.154051059569372 -0.179149036899164 0.183176838185422
-0.000378924311047763 0.197539588260584 -0.152262916961029 0.25794616365297
-0.00660899009831144 0.2089703558943 -0.0943311220923314 0.146630717290959
0.079849735449641 0.153956463823572 0.10266460280239 -0.0225681653283736
0.122402696173513 0.0397029192082947 -0.0504360076247902 -0.194165117349559
0.10494837273079 -0.0577002541145825 -0.227821988927257 -0.113358512376586
0.0561894496384589 -0.0901046329469096 -0.229549066847857 0.106335349895248
-0.00353807419634228 -0.10778912655589 -0.0904882362558143 0.18651698922288
-0.0583185913614735 -0.0816777839001259 0.0150923528173258 0.149678736992248
-0.0634417389899564 -0.0707169260651668 0.0680961461315527 0.108422004128492
-0.0708817721338181 -0.0832097482994412 0.0987128109715476 0.0787998143596284
-0.022528253328764 -0.138035165691903 0.118290923649875 0.086929883310702
0.0700954427267057 -0.127422782488157 0.112515452529126 0.123585112312214
0.149518018153515 -0.0878564882009081 0.0613279890518965 0.186530486134238
0.187136254835167 0.0735858702773651 -0.0452202730511772 0.206377372023403
0.0982903255213155 0.234080877633798 -0.134539673830491 0.170512541122924
-0.0167712125862631 0.288710057936646 -0.111361433100544 0.184910213363996
-0.0637182426029166 0.264532331492159 -0.0725262906799829 0.0609603014768128
0.0565745423608984 0.257487138096861 0.122926374492918 -0.0580538851605044
0.172418354945385 0.119478965300777 -0.00648456066049685 -0.222111382683712
0.18974349531056 -0.0577115491012306 -0.19567150878214 -0.16020197553256
0.104914275778748 -0.138144998254946 -0.225591778838579 0.0491803625834317
0.0100485599396169 -0.165758760379788 -0.108018535675825 0.131184370961263
-0.07533601636747 -0.131810191556367 -0.0161092272257363 0.102898554453671
-0.0875235135068572 -0.103642311119933 0.0343603463012826 0.0707513656299133
-0.0929989777723001 -0.108730278531833 0.0706000710132632 0.0327353823228354
-0.0365011137946386 -0.172977480950636 0.109348463343875 0.0304589216329792
0.0744835315206419 -0.170056565361424 0.138758732195029 0.0627452336316708
0.179851607767191 -0.134069685245356 0.117536358487024 0.152807882990213
0.23859937557176 0.0676213055547794 0.017082881448247 0.198922218536388
0.125376926290789 0.268115347621744 -0.0974639312111078 0.147990664929582
-0.0209551374151934 0.333590223389995 -0.0736072269203444 0.0924685339100449
-0.115726593600695 0.271713839808571 -0.0212838917346924 -0.0470966109094907
0.00625158695718753 0.314551608041095 0.148836380861725 -0.107363758956777
0.175416764816187 0.190723168686045 0.0511853293163978 -0.235743311960073
0.239910432394699 -0.0280902421000361 -0.131865853436894 -0.197828669346942
0.144421415771067 -0.154139280815188 -0.189986655342689 -0.0227203679229839
0.0266667120545254 -0.194543001986575 -0.114197602437694 0.0537234852182788
-0.0788431675863697 -0.161370238999404 -0.0471656501485482 0.0396576826056462
-0.0979839559713174 -0.122237297575319 -0.00354078950078464 0.0230147031739508
-0.103309709980436 -0.11849033267537 0.0356382343425454 -0.0171797842727892
-0.0461566241080279 -0.180976115982645 0.0880905873775215 -0.0283792507161252
0.0678845517876689 -0.186459415754692 0.146795475509615 -0.00206021233080209
0.183241924046969 -0.156588213201941 0.152998097184484 0.107402602738512
0.249886014524474 0.058303270835165 0.0632441415912304 0.174569483852073
0.126438192866109 0.264105075379846 -0.0738322033984061 0.117270883285068
-0.0271480325867375 0.327735768947018 -0.0411160801376176 -0.00329682211587044
-0.140538844065009 0.228614850827478 0.0479550348776482 -0.155379706798089
-0.0481780930373272 0.299773468987803 0.176804992985461 -0.154669153978252
0.131197999903327 0.216087480546379 0.105908385829672 -0.228509292727405
0.231661706291015 0.00914741604206782 -0.054473911024048 -0.211496170410919
0.152959589035263 -0.134715969092299 -0.132254627219471 -0.0898090610058396
0.0378714083999532 -0.184648906100856 -0.107201927115569 -0.0292513874628291
-0.0695909302818788 -0.160438068209145 -0.0745752877177066 -0.0271334970295117
-0.0933301506674635 -0.121077492359572 -0.0411190690867635 -0.0272856419567184
-0.0992009824188498 -0.112908578343796 -0.00038244257942813 -0.0650164854120849
-0.0455652576792682 -0.166895953714999 0.0624725050230513 -0.0820327384370828
0.0608883137829353 -0.175111350242873 0.143213990787098 -0.0572191708727133
0.172227019411145 -0.14251817006517 0.169320975296579 0.0653079008056594
0.222612685091233 0.0625873872051124 0.0875182492435976 0.144834960935812
0.094753544799782 0.236524869496015 -0.0605296930660428 0.0852168772655902
-0.043532304682873 0.276745693918941 -0.0119911689720943 -0.0869226425456831
-0.129386239418692 0.143232769159004 0.11392384519055 -0.244136035946896
-0.0793537939240301 0.215149900747399 0.195119462371283 -0.189565458021905
0.0673803263170141 0.178465280885359 0.144619046517776 -0.209603509956431
0.170531924822468 0.0299913688075855 0.00982089794172111 -0.204443794427437
0.123213844670215 -0.0938009759955731 -0.0747126492500249 -0.136139355952066
0.0358082669404951 -0.140122610890858 -0.09638386338465 -0.0991533795751708
-0.0509047282912989 -0.12964128174498 -0.0960021131999408 -0.0842643306391329
-0.0738176442180988 -0.100001298236834 -0.0727308558264381 -0.0714969639640839
-0.0787485984396668 -0.0944068099342079 -0.0314107469091139 -0.10647458646172
-0.0345895121819129 -0.134602981376731 0.0416966593278876 -0.127323220287246
0.0542166825910453 -0.14193882218074 0.140229602580854 -0.0985411603092345
0.150542862001275 -0.102515210128771 0.176794902669964 0.0374834655767056
0.168910010519661 0.0748434522825676 0.0970218973183335 0.122189049188717
0.0423683836273781 0.191388398150661 -0.0509054361334063 0.0580158403573697
-0.0646943869419058 0.19099364481391 0.0180302661826437 -0.147682823072949
-0.0914687314029425 0.0316449032545038 0.156463394994591 -0.299692354200439
-0.0813119210981027 0.0907692014161294 0.194757081714263 -0.208068352624359
0.00734059068266316 0.0997774058429368 0.160053956942399 -0.192206480992197
0.0812869542767493 0.0302140367399636 0.0438099159818758 -0.194352513403349
0.0679183741986205 -0.0438043529866138 -0.0414553557044069 -0.162240991881184
0.0246209022652912 -0.0730891218009103 -0.090986146560767 -0.14065213351258
-0.0246781611079454 -0.0762403655105653 -0.110233113923363 -0.118920117241148
-0.0417176700439015 -0.06378284749457 -0.0933786491105735 -0.10341317507322
-0.0470570581730312 -0.0638760876813593 -0.0516776607745769 -0.137160053918764
-0.0185912357418924 -0.0896682667631005 0.0316195156481142 -0.161615556478636
0.0427678913595661 -0.0960588942335359 0.145182744440994 -0.126276212654051
0.115894764123375 -0.0518144498880108 0.18521409606378 0.0229744912466539
0.0994207381695973 0.0819313042023329 0.10013885794291 0.111645811736812
-0.0135226364879502 0.127957935109712 -0.0412197081857806 0.0417530997864006
-0.079109213268132 0.0827003056647399 0.0509233510234599 -0.176752294345352
0.0586013624600691 0.0167928117696967 -0.0503736334604909 0.207619804623432
0.0338405982067959 -0.0537131604742431 0.0887342085768309 -0.00839878470851612
-0.0323324224705724 -0.0457766325247652 -0.087473727461744 -0.136483115528275
-0.0482709260347968 0.0143194030387428 -0.2177915115912 -0.0356154081409115
-0.0124347940437028 0.0366035246193923 -0.17641452526884 0.149867953721336
0.00170960850722249 0.0285059636689756 -0.0375382589284988 0.211829052069694
0.00855262447768923 0.0294442147343628 0.0582986205768802 0.168772268153082
0.00647713346707811 0.0186312870475936 0.104815178148313 0.125551668079163
-0.0108582436512963 0.0152562954932938 0.122717256409863 0.118098039854688
-0.0209208459717993 -0.00129129124595745 0.107668620575477 0.141358204003901
-0.0101949226536319 -0.0113580474805745 0.0513350396554852 0.169575258576437
-0.00259464849535026 -0.0274512397084218 -0.0272475120225914 0.18507774738685
0.0411138490539649 -0.0196822366916315 -0.134924986627344 0.18066237202911
0.070824073493388 0.0292437366259029 -0.20419192863778 0.190853473302712
0.0401995954328773 0.0717504501971364 -0.163740706658468 0.295375961944091
0.040265282697761 0.116227130074197 -0.0760095351381356 0.194500665913484
0.0709095342732986 0.0376820885326446 0.0904599634099548 -0.00782931561772256
0.0442788592496588 -0.0201203053906357 -0.0789238800482764 -0.155123882912008
0.0164268793463179 -0.0304456304088717 -0.228001621381775 -0.060360019108865
0.0129168917651339 -0.02614957821055 -0.199081075965974 0.141633425297218
-0.00788027527134501 -0.0354380939515244 -0.0559732242014984 0.209295139507888
-0.0285149053336691 -0.0213484870313928 0.0449852794108134 0.166634942230705
-0.0304827075597576 -0.0251618127420206 0.0943540504438319 0.12194162973804
-0.0422452324149436 -0.0367942700704113 0.117378518677381 0.103656925978833
-0.018977130146755 -0.0749917243460456 0.116755335217969 0.121417667078521
0.0392612537366021 -0.069753541933866 0.079452030595071 0.156226550365174
0.0814043587472225 -0.0466155676122395 0.00961306065023894 0.189417969811201
0.111277641330211 0.0423567530550254 -0.0963131853796701 0.192324554806522
0.0760303284484282 0.145424799070798 -0.166678946787987 0.183064924177651
0.0068606199545387 0.190469274935164 -0.137090799307409 0.254734551052064
0.000630909082472275 0.20175531084817 -0.0837728056062253 0.145170288577386
0.0844116693620945 0.145511271535275 0.10112416470388 -0.02475772341016
0.118402602231378 0.0338494892210287 -0.0550032840535493 -0.184641899418709
0.0976556940341981 -0.060610688272718 -0.224110438667516 -0.100552802396372
0.0497700657091073 -0.0892347931273109 -0.216060090844628 0.111366696309985
-0.00833754910839163 -0.102957433380465 -0.0785562027011149 0.183242494678518
-0.0597067980152342 -0.0751389492642693 0.0202504909664464 0.143427331459737
-0.0637620701299726 -0.0651104046100215 0.0703143720708021 0.101350991375616
-0.0715549240831923 -0.0761301932763549 0.0990117209227563 0.0710327289718255
-0.0290741183372854 -0.13175457256606 0.119796154085798 0.0794967282285682
0.0623867575629989 -0.126860396355407 0.113918350823559 0.115493547681634
0.13951928390373 -0.0909716079714903 0.0668425863973537 0.178223107674035
0.183424582807408 0.0632306372055056 -0.0385762066202094 0.200673607367532
0.10462374353963 0.222877297890601 -0.12405890425033 0.169718686494286
-0.00583341705586513 0.278661133179335 -0.101263491163978 0.183244669895922
-0.0532771709213195 0.257241285726062 -0.0661353719874675 0.0617680525151339
0.0660190031634598 0.246052978892885 0.118870584313395 -0.0591190127721425
0.16987396730813 0.108697262324292 -0.0129688805897434 -0.213215592236718
0.178747238133418 -0.0634257197893025 -0.194423596797383 -0.147235440315428
0.094816077416652 -0.137316048027744 -0.212747369654425 0.0563818356917528
0.00118956094761986 -0.1594783415613 -0.0977439244401476 0.13088996318681
-0.0793081362925208 -0.121909253376491 -0.0115920948625674 0.0995008831857178
-0.0885170664232033 -0.0950442377126063 0.036802227578033 0.0664435215097804
-0.0942222980965037 -0.0995283950696878 0.0699631390639863 0.0283046941735658
-0.0439736848765849 -0.164302569165555 0.108810075712193 0.0249388929914231
0.0638708205790398 -0.168615154686647 0.137683498579404 0.055723184499317
0.166091645242777 -0.136889824460974 0.120348240097033 0.143477478375439
0.233202461314773 0.0559039067427625 0.0216180574663765 0.190107780023406
0.131926907028624 0.254629667224881 -0.0897815719332002 0.146813534361169
-0.0080923706687735 0.322413518540235 -0.0688794549124746 0.0934415362343892
-0.102435526078548 0.266726074971215 -0.0210532731403332 -0.0442800882006546
0.0189824616250222 0.304084307720181 0.142477137225249 -0.106546961391832
0.17512167487693 0.177082938749825 0.0424392733780694 -0.228071765780744
0.228624382307913 -0.0374599843836581 -0.133411511666732 -0.186429131388393
0.13212856344397 -0.154587341810688 -0.181147085518811 -0.0138887052341389
0.0160999460126503 -0.187947596887337 -0.1069850509928 0.0560783418032969
-0.0838112994557039 -0.150357092673142 -0.0448006569709443 0.0402981233898909
-0.0995425112384544 -0.112034713547157 -0.0017363261964208 0.0224215162508436
-0.10499384091424 -0.108294050533715 0.0339449118769265 -0.0179310353165511
-0.0537070533525935 -0.17150247582939 0.0858038678763939 -0.0305663806921084
0.0572832321580363 -0.183097247225294 0.142844067924602 -0.00712388843402069
0.16832573069553 -0.157973595354792 0.153690930904214 0.0980087247469383
0.24362281353173 0.0458713444764518 0.0657910804135866 0.164538523577873
0.13310381030937 0.249995165653004 -0.0676970176216706 0.115862328610504
-0.0137334009679518 0.316704794357496 -0.0413714465554495 -0.000434628524113205
-0.127396418350049 0.224792151571837 0.041839210028092 -0.151423161230264
-0.0342964798824251 0.29148442913517 0.167266360354289 -0.153176701410179
0.134211882319344 0.202946991964314 0.0959506903916829 -0.224492425593309
0.222666846411542 -0.000104595466494315 -0.0587553389668958 -0.201917312880708
0.141119839214034 -0.136123291788294 -0.127589548578767 -0.0813404476422838
0.027037170678378 -0.178829527142109 -0.104887573859302 -0.0244927596648436
-0.0753026934817818 -0.149841904616093 -0.0744734742903321 -0.0223723867184844
-0.0952428631065997 -0.111788423072395 -0.0400168718208457 -0.0231337872403313
-0.100436506775563 -0.103052652606936 -0.00240495330064194 -0.0620858553696813
-0.0513134461746517 -0.157806852077604 0.0581826672010187 -0.0811996194605122
0.0509716188947206 -0.171834080098279 0.136384450185845 -0.0609763316132868
0.157619006595341 -0.144984717915514 0.167571400065771 0.0574530121626955
0.217176159245955 0.0511110998484309 0.0891997719836667 0.135094088455905
0.100796382784111 0.224788250959088 -0.0561247407347653 0.0850021192582212
-0.0319239597995325 0.26760765166023 -0.0171734115349595 -0.0818110445283593
-0.120493374305959 0.142295781145982 0.101972283265542 -0.239810852194242
-0.0681527205942452 0.210661732735571 0.183258771872137 -0.187838993577269
0.0709729737984938 0.169813751951062 0.134257244379226 -0.20709976360669
0.164542838276375 0.0218702314421286 0.00290051516440515 -0.1976843359016
0.113987456706061 -0.095692346529223 -0.0743358883325794 -0.127914540073417
0.0271973519838194 -0.135728670726771 -0.0975989945255262 -0.0921442030301255
-0.0557220688695847 -0.121153471521381 -0.0976289432288053 -0.0758412080594125
-0.0749143542596822 -0.0925624343502275 -0.0723059903463076 -0.0645624860324324
-0.079754205255688 -0.0869831882210136 -0.0343259376838929 -0.100263724763816
-0.0394022756113534 -0.127906074565027 0.0349310702529961 -0.124055834556077
0.0453351272710722 -0.139287008715082 0.131761126656641 -0.100482643536688
0.138897525100675 -0.105791696359626 0.173831700341854 0.0295431080324878
0.165711767613565 0.0649407074214114 0.0977471785409026 0.113484549349641
0.0479883049895414 0.18302932168202 -0.0479841883562703 0.0589315354105371
-0.0550599816238377 0.185969301522611 0.00949018789121639 -0.140904572071438
-0.087443305735227 0.0333477040935575 0.140691533596983 -0.294255245268087
-0.075105307162467 0.0906950479529947 0.18131581389572 -0.204212104156944
0.00974227681872937 0.0958535305727003 0.149240610863069 -0.191200786192262
0.079240404687178 0.0260468079139951 0.036504453157592 -0.189212227919789
0.0625740606427505 -0.044861582847666 -0.0442881191241951 -0.155090627389437
0.0198542477389851 -0.0709304557054818 -0.0945843520186442 -0.132441325823818
-0.0276118438160843 -0.0717747912145185 -0.112982691340078 -0.10830990478444
-0.0428091022377969 -0.0595281276458061 -0.0937414581000264 -0.0939443804371702
-0.0473696328013472 -0.059236847640608 -0.0544166327215203 -0.128657842513753
-0.0213661437962029 -0.0852757862443683 0.024102647478913 -0.156528684733034
0.037424365856923 -0.0940150625478191 0.135654560985418 -0.128035489852365
0.108659578891135 -0.0552329828431328 0.181361803680872 0.0153350409316527
0.0989982300018117 0.0747122005678113 0.100463464571122 0.103596845185674
-0.00874667237987892 0.123348522368201 -0.0393935431971317 0.0432627817345538
-0.0739291913665189 0.081868905575603 0.0396782598323906 -0.170328563827534
0.0576623622524189 0.0168073694966163 -0.0432122966985413 0.201828937035628
0.0323069348317073 -0.053566052660073 0.0874957861435283 -0.0105076309194193
-0.0316223239906742 -0.0437908640303006 -0.0877398031885724 -0.129861325295715
-0.047076696691825 0.0150169839287867 -0.212092734614865 -0.0286170096859157
-0.0105586758628812 0.0356253210103088 -0.167605007951172 0.148891019687986
0.00317527735576772 0.0275057949272175 -0.0295953404164839 0.206108112888814
0.0103203489634728 0.0279407174189691 0.0614126990893149 0.161498943475636
0.00765676640661301 0.0173196365453377 0.1051447943108 0.116711391095211
-0.00955953522495352 0.0159876931968648 0.123117686121337 0.109955454710184
-0.0206618117298809 -0.000892500872509429 0.109615341027327 0.133818997168302
-0.0100325854829555 -0.0106805652180588 0.054543899553347 0.164276286374678
-0.00309280801251017 -0.026498879441335 -0.0237249897471652 0.178931673936239
0.0403027532335895 -0.0202912589970731 -0.128982317734289 0.177748040875831
0.0695502881321547 0.0264130019577475 -0.193328230586801 0.188956657356808
0.0403719065097131 0.0688749529149796 -0.150368626388528 0.289537988268799
0.0414892197184978 0.112495146090396 -0.0681693744583175 0.189332007876744
0.070554523201654 0.0346321639160844 0.0897083810953392 -0.00962155404664718
0.0423414690686489 -0.0203815543975935 -0.0793370350612721 -0.148128533421396
0.0140047467679162 -0.0297769822329946 -0.222557097460634 -0.0529940774797559
0.0118218922050153 -0.0257307555380664 -0.188604531368019 0.142380662461062
-0.00846397229880067 -0.0339746972703848 -0.0472106719195524 0.204503830821535
-0.0279259267367081 -0.0196760437920794 0.0487775325077092 0.160209077344528
-0.0295715600194042 -0.0235677553441278 0.0946631426786446 0.113945734086737
-0.0419330974518903 -0.033477689972831 0.117237273157192 0.096263282417046
-0.0212617750914089 -0.0719368801969442 0.118201824800701 0.114923819100148
0.0362052865975465 -0.0694993136252762 0.0809965063606561 0.150479905794834
0.0777486293504912 -0.0474871784375359 0.0131854253621232 0.183499115418513
0.109859148380169 0.0379524114045934 -0.0914833721256779 0.188490479318951
0.0779573187051054 0.139386267298305 -0.157980896485878 0.180464507497486
0.0106559089885342 0.183916149703726 -0.126512785564591 0.249688272284073
0.00374836543289928 0.195715130738504 -0.0768091039948527 0.141717850237203
0.085958224787621 0.138642040853371 0.100020619995978 -0.0256167343976715
0.114839642858651 0.0297200815712212 -0.0557459115774281 -0.177066800956641
0.0912173647036784 -0.0610950427737722 -0.220031665370755 -0.091883339711337
0.0456813376381226 -0.0874974915407802 -0.204540443164896 0.113360639488751
-0.0112458261521728 -0.0987701405654411 -0.0695240414445212 0.179452087559299
-0.0601791163818943 -0.0701249983000642 0.0231680757221978 0.138113332926942
-0.0628807169241263 -0.0604194562389521 0.071565238732223 0.094565229019969
-0.0714293503164518 -0.0702402622541082 0.0983671361492764 0.0653786310899823
-0.0333027075129887 -0.126762487617425 0.119969893074834 0.073951823161129
0.0570844239682517 -0.125786863626758 0.114596836783221 0.109877561705544
0.132041536990598 -0.091987512196673 0.0691077501101526 0.170903991573547
0.17980976863183 0.0565494961036619 -0.0351958321898654 0.19498321496911
0.107675151041975 0.213340460577354 -0.11679752983544 0.166691185747035
0.00100611894106174 0.269051695547614 -0.0940800652790242 0.180695040557437
-0.0475567177613712 0.249900713427971 -0.0608286756770867 0.0611012349005548
0.0711203796570675 0.236427332122428 0.116853053032107 -0.0589499289768648
0.16594822844897 0.100837267058075 -0.0155498383712276 -0.205912298940303
0.169339551182668 -0.0666359982776293 -0.191548534934672 -0.139538478575622
0.0870535374485962 -0.135717545304684 -0.202462926801667 0.0599284556287126
-0.0042041188107499 -0.153085831349209 -0.0901910445478188 0.129052439344407
-0.080321154527971 -0.113872374320034 -0.00925260724058378 0.0971641356509823
-0.0877745812328641 -0.088899130926746 0.0381861268813608 0.0627503776516173
-0.0939384125472303 -0.0924387041661416 0.0688573931997234 0.0253422251194089
-0.0480225523348569 -0.157453384926288 0.108095032307196 0.0210079919387705
0.056921641525937 -0.165671734083755 0.136324032299456 0.0509301475781885
0.155988961990402 -0.137175973675895 0.120999384476927 0.136632434675755
0.227506717270274 0.0481326610205619 0.0235736794645252 0.183493975860787
0.135045267977842 0.243740746952765 -0.0841237532165151 0.143775970322601
-0.000680926516420361 0.311977875220937 -0.065284424436363 0.093361881254746
-0.0944103500495884 0.259801120355528 -0.0199195287480243 -0.042516363787088
0.0273741105258977 0.29374090197468 0.138543827191446 -0.104566530718213
0.17276994096646 0.167615146026521 0.0380902083658775 -0.221479886957864
0.219191345068075 -0.0425958521860129 -0.132701509037239 -0.177925535462496
0.122028501255681 -0.153207092857212 -0.172794428240019 -0.00961280975042677
0.00905714028958124 -0.181259704043004 -0.101332167597189 0.0563877893082901
-0.0863937702506042 -0.140861254569482 -0.0432776242184072 0.0412345269309015
-0.0992136662846774 -0.104357313775269 -0.000715298920286137 0.0222289029105867
-0.104065466851279 -0.100521055965132 0.032326534403566 -0.0185527607232674
-0.0575231269050824 -0.163965716528307 0.0838661412220073 -0.0322076657359634
0.0494161198199169 -0.180448401840581 0.138841178970133 -0.0106902045974844
0.156449330938466 -0.157919357848019 0.152694332456407 0.0912274614814635
0.23686553372318 0.0373953959680143 0.0663303888063179 0.157168171496813
0.136028790302197 0.239392830210374 -0.0637017960919709 0.113802585773588
-0.00638560402672907 0.307174929555348 -0.0421470735137634 0.00284174430940685
-0.12023867210345 0.220395295051828 0.0377329160828807 -0.147478464946
-0.0251790194642394 0.282985136853067 0.160806031339389 -0.150110746298677
0.133762563514444 0.193573354255516 0.0904185591421816 -0.218344325245598
0.2145035288061 -0.00601663081541144 -0.0607665674845843 -0.194818884600682
0.131349576188955 -0.136029920628091 -0.121859824864801 -0.0754003919184812
0.019516824923807 -0.172473487489059 -0.101919994643496 -0.0218788609747037
-0.0775442083885297 -0.140878074898736 -0.0742733442651736 -0.0183575802408528
-0.0952919713970472 -0.104216253359822 -0.0387921676000763 -0.0207287458612594
-0.098917478778649 -0.0959959424487446 -0.00438834835172607 -0.0601311921505602
-0.0551112321460254 -0.150993200184152 0.0555747798614357 -0.0802257025938215
0.0434491375210702 -0.16799493429125 0.131462540199347 -0.0626664545616431
0.14694079001718 -0.144533453254247 0.165951873221157 0.0516476884905873
0.211058660954375 0.0431307773122313 0.0886590039116761 0.12814138161746
0.103586643078786 0.214812466332958 -0.0530078376811827 0.0839653800462043
-0.024619067403393 0.259126747211181 -0.0206043247775213 -0.0768439337874712
-0.113872543438803 0.140136386657263 0.0937039740159609 -0.23383957656343
-0.0605223205095233 0.205519312729613 0.17507124699356 -0.183362141198791
0.0715769428953184 0.163203862685759 0.127026828380999 -0.202863650223626
0.159395182321751 0.016911983827934 7.18516917775109E-05 -0.192056380601506
0.106299038228393 -0.0953102489679529 -0.0727070810869628 -0.123601905438738
0.0211897379567317 -0.131184923557818 -0.0975868960880345 -0.0875253341379153
-0.0574306599193956 -0.114229592481346 -0.0983536978866255 -0.0692132526435456
-0.0751467097898713 -0.086695627157752 -0.0715110174370913 -0.0586729358842939
-0.0792540597197493 -0.0812353455245195 -0.0351679991428443 -0.0955819074742368
-0.0419244103926814 -0.12176913588431 0.0320587630569688 -0.12062169734653
0.0399060110711747 -0.136172910539171 0.126310948679339 -0.10133261048846
0.13009455869154 -0.105908223110308 0.171087575017925 0.0241813392933276
0.161095383534408 0.0581534815531039 0.0966554613711324 0.107099593586114
0.0512057085580716 0.175638411030101 -0.0459767167079629 0.058628379909077
-0.0499708907663077 0.180075686961327 0.00358501639917186 -0.134626866980893
-0.0842522212938884 0.034424481064028 0.128976731656032 -0.28672676715289
-0.070595921158191 0.0896743445820118 0.17190668103224 -0.199665093478965
0.0108505380653884 0.092828247022324 0.141558799654231 -0.18815886442309
0.0768980636598478 0.0236208073053044 0.0329525278616598 -0.18342043986281
0.0587249132610333 -0.0447724670172716 -0.0445480483076441 -0.149570097057262
0.0171299460888928 -0.0688940688623317 -0.0964552234777301 -0.126613477979369
-0.0285716533058515 -0.0678436881402554 -0.113901971183312 -0.100187359146487
-0.0429099117055278 -0.056123056829529 -0.0926253235870487 -0.0864097271199097
-0.0473378524345911 -0.0555812291114118 -0.0556318515891584 -0.121864401137815
-0.0226636633436367 -0.0819393533259515 0.0197176888287822 -0.151664506357061
0.0329592263590699 -0.0919821567626968 0.128246362128297 -0.127127085668396
0.10279084283889 -0.0563879402490198 0.177653202388246 0.0102079975164066
0.0975798200572787 0.0694548678692706 0.0993645675805855 0.0972407550908196
-0.00574548174272069 0.119179750589279 -0.0380070882994502 0.0437383506976283
-0.0701475716223542 0.0799018488916944 0.0324107968353751 -0.163589414534263
0.0571289018623257 0.0163829244858038 -0.0376687333657544 0.197953174850015
0.030652185806062 -0.053613210779267 0.0875251636891902 -0.0121631636046469
-0.0316923021939166 -0.0424217751032307 -0.0868568236476159 -0.124757030041328
-0.0456032282170987 0.0157473546955471 -0.208650828982709 -0.0236594240536066
-0.00913639262053408 0.0349313796692925 -0.161138291214496 0.14922429486324
0.00459322076960941 0.0266003911387286 -0.0222784448119998 0.200725706067557
0.0110402731175221 0.0262346890481774 0.0643199440357095 0.156047463855363
0.00802404730333559 0.0159641443229013 0.104732720263553 0.110099414411708
-0.00829257617766269 0.0160982054117762 0.124538360642442 0.103127130835931
-0.0202225642588415 0.00038810729245733 0.112056145547508 0.127871332987715
-0.00980555646255133 -0.011017928135402 0.056540957361048 0.159885041573943
-0.00334627282763475 -0.0257906023809103 -0.0205015387148541 0.175333507485005
0.0393409913841084 -0.0211642832603301 -0.124719178096257 0.176258173955415
0.0684979625805274 0.023142900124383 -0.186037037109469 0.186313057896515
0.0405136341337061 0.067168349228998 -0.140010901708455 0.284814920770382
0.0422866448006041 0.109618368837395 -0.0616859351232869 0.185888832451993
0.0705468335586895 0.0316046578867488 0.0900195200016129 -0.0110838930386804
0.0405152780317859 -0.0208525244075376 -0.0787305007463804 -0.142925396460395
0.0118668958013799 -0.0297436190923996 -0.218525045852715 -0.0472468465817655
0.0108515441689656 -0.0254845004925158 -0.18019168749815 0.141853144240131
-0.00845730180631742 -0.032780209190499 -0.0403013019915725 0.199285303175215
-0.0273349534073384 -0.0182804555238713 0.0512220553796218 0.155154004832917
-0.0290329968122708 -0.0223779864177698 0.0951742897634116 0.107706138400144
-0.0410454068998166 -0.0309878607637341 0.117984359920187 0.0903428452821624
-0.023205602100235 -0.0693177554797682 0.120653158314592 0.10921886728748
0.0329450600477935 -0.0697119809859169 0.083194496963131 0.146213099275304
0.0738876812905618 -0.0485414792679024 0.0158942163227643 0.179265464584853
0.108731886576794 0.0346369634410722 -0.0883360325439806 0.185341477205483
0.0793966855170613 0.133951087761485 -0.150330330351937 0.178884387462403
0.0138783448241203 0.178455410186187 -0.118691032832509 0.245658641315917
0.00604681708911445 0.191194097346429 -0.0707119112794729 0.139485034149332
0.0880617967094169 0.13261457636486 0.100322631152849 -0.0272050358563598
0.111995965905981 0.0267302614873855 -0.056436928068452 -0.171232985001311
0.0858718858937788 -0.0618008992757696 -0.216727458750786 -0.0868748517359676
0.0418183460773149 -0.0865520546687219 -0.196698331752609 0.113984769167024
-0.0137491247402995 -0.0956965396984441 -0.0630905558804119 0.175739817384495
-0.0598185845450027 -0.0659828751968451 0.0254177089940819 0.134431900419223
-0.0623070380659798 -0.0575573217557875 0.0719399355696824 0.0896434122517967
-0.0708035156760788 -0.0657407110821401 0.0981412242412759 0.0616705231500866
-0.0366621202156973 -0.122121551110285 0.121000957794391 0.0687853056905518
0.0518858062469183 -0.125454391065801 0.115423746255228 0.106234881302847
0.126969258520616 -0.0931090007791162 0.071315253777369 0.165397213329559
0.177808687503654 0.0511377538749804 -0.0328120376595991 0.19079979632891
0.109789443587783 0.206637291685325 -0.111348163261215 0.165379760544025
0.00536069622914918 0.261783944095839 -0.0890088463007663 0.178510516151785
-0.0424491656923371 0.244625496483621 -0.0567983309587974 0.059941815044247
0.0748889075128219 0.229283292762893 0.116016660848264 -0.0595083761171521
0.162955526027571 0.0957499637933182 -0.0166984407743425 -0.199820345032203
0.162051719006516 -0.0682969852142455 -0.188834850073272 -0.132664434744332
0.0812236131072025 -0.13422039582886 -0.194375146687901 0.0621892372692735
-0.00869528440897721 -0.148976093760706 -0.0844623636727287 0.12707783938383
-0.0818065908317078 -0.107985993261962 -0.00718404673355997 0.0956028552490609
-0.0868658488922845 -0.0838014222985305 0.0385414097349385 0.0602978811606063
-0.0935565490687192 -0.086472598323935 0.067608650712797 0.0226488189239919
-0.0524233108012902 -0.151784044739298 0.107892477986619 0.0176725400307395
0.0516338393256973 -0.16463982093409 0.134632649262115 0.047011951951935
0.14802695634516 -0.137641503297452 0.121744872396014 0.130919076206189
0.222789616220379 0.0412427299741021 0.0243876524997961 0.177892941750422
0.13785426797088 0.235153861549147 -0.0803930056307715 0.141698182678471
0.00531073715103595 0.303388102036951 -0.0626183228604072 0.0940291776745167
-0.0891924044641345 0.255391179587924 -0.0193680819414621 -0.0417206991296578
0.0336267921733028 0.286393515211989 0.135733329503205 -0.103747528557036
0.170815280404348 0.160176485757211 0.035378686630834 -0.216560541232862
0.211343508284405 -0.0457095182426892 -0.13254159443707 -0.171803710057913
0.114358377532581 -0.151952778425033 -0.165725399872558 -0.00709891529652179
0.00314750417508532 -0.176507491723694 -0.0975019405598851 0.0563015303950158
-0.0882692205263278 -0.132969429227286 -0.0420337905065545 0.0418886828957125
-0.0985034976543205 -0.0987905346394743 0.000709488300683914 0.0211558143968735
-0.10345735533318 -0.0936499104642834 0.0316893440975837 -0.0185252428123643
-0.0609377152895565 -0.157753454440384 0.0835287340687616 -0.0335957032662468
0.0432149571095619 -0.17774220374758 0.136176977754589 -0.0138810725004413
0.147897765763984 -0.158029628586762 0.152067227925143 0.085932803833773
0.232445018639597 0.0312651350707755 0.0660915487910621 0.151559315480979
0.138591757454992 0.230813709883121 -0.0604478568384732 0.112912987901659
0.000158567500602471 0.298315610257355 -0.0422897578087075 0.00578877404030164
-0.113654284481197 0.217566973711561 0.0348817339618181 -0.14412572178071
-0.0182572365941564 0.276941333628728 0.15672115391483 -0.148105557876531
0.133044982128357 0.186650514375077 0.0864828048171054 -0.214886336630146
0.2078438257235 -0.0108599279331162 -0.0618299466009078 -0.188971077601702
0.123897668977942 -0.13523722426045 -0.117890610756363 -0.0724437842840243
0.0143440633380113 -0.168659196761757 -0.100574770635077 -0.020804298457329
-0.0797789497454756 -0.13399904462593 -0.074348900377095 -0.0150250472032062
-0.0949165392365851 -0.0982708106759579 -0.0373207682103241 -0.0185615202191771
-0.0986299235610112 -0.0894397624109942 -0.00512857276700074 -0.0585779350480721
-0.058179114782666 -0.145132016628128 0.054041842197606 -0.0798164159508969
0.0380696518605639 -0.165483481869252 0.12780969958601 -0.0644008108485829
0.138465186416136 -0.144174061137048 0.164593444000038 0.0466021016950289
0.20614524822811 0.0366865315284745 0.0878181949658481 0.123019356699312
0.106315170139678 0.207739438423477 -0.0509149578057456 0.0827764761328757
-0.0184938138000898 0.252913787170086 -0.0230650543605538 -0.0719051596276984
-0.109482688815927 0.138118956614 0.0879728899953544 -0.229167356237165
-0.0544642046260413 0.201509447082553 0.169363699309847 -0.180249613115172
0.0729006096645502 0.158384763949169 0.122874494974901 -0.200170960783893
0.154641713144904 0.0137940350055432 -0.00194882411886427 -0.186862386515482
0.100412747371289 -0.0958586918144419 -0.0709517238453485 -0.120092530849435
0.017226567570803 -0.128297971279228 -0.0982424567048111 -0.0843480822548392
-0.0585627975479043 -0.10818442335373 -0.099094251845676 -0.0636543168697827
-0.0753964633381191 -0.0821949285026948 -0.0700790801020254 -0.0543495818325823
-0.0790708458445216 -0.075958444249644 -0.0363957658196213 -0.0916102181184087
-0.0440785253179273 -0.117552875411662 0.0294219654401883 -0.118144809555237
0.0346785427706296 -0.13405662847174 0.121660674728666 -0.101725043570709
0.122485962145678 -0.106354779210575 0.168386510204467 0.0196505609992193
0.158696231977823 0.0527755981116734 0.095914954729474 0.101540846879353
0.053168254390432 0.170461956036299 -0.0442419228553323 0.0590068193062179
-0.0450440252012549 0.175337870786721 -0.00122769730308977 -0.128495086866273
-0.0818359080080298 0.0344791787719324 0.121301179900666 -0.281876445701481
-0.0673292331388937 0.088503850090224 0.165767259066517 -0.195897643378019
0.0123472663129025 0.0908565269731962 0.137065198197811 -0.186332904132807
0.075483357936432 0.0215938767911481 0.0295250187412353 -0.179213161315034
0.0560436302476093 -0.0444904664916937 -0.0450385599318486 -0.146726799745186
0.0149294447023108 -0.0669903611666126 -0.0983184832887252 -0.121879745539141
-0.0294755723726204 -0.0647207738258076 -0.114575315545879 -0.0931340145923646
-0.0430882426779428 -0.0534029695276816 -0.09133705810907 -0.0805009220093673
-0.0475189067154372 -0.0526445890209583 -0.056202356277097 -0.117195948208607
-0.0242948081364508 -0.0790270174396965 0.0164552581068768 -0.148125850815859
0.0294305995477658 -0.090207531678055 0.123089200497167 -0.127809823111804
0.0974940215481381 -0.0574253667626402 0.174140604650862 0.00594202700795185
0.0963531477106729 0.0652834622774836 0.098316895290021 0.0926602503323026
-0.00352626442760072 0.11651860439605 -0.0370942868307662 0.0447064865833347
-0.0676123330408642 0.0785219845351077 0.0264420671030455 -0.157725059330308
0.049771867986362 0.0252188623428613 -0.0710721532621669 0.184788968556454
0.0379965446553135 -0.0443391724509779 0.0900493190544049 0.00560730132985413
-0.0198108329568347 -0.0456692550518863 -0.0562200337080056 -0.13582026399977
-0.0432894511815638 0.00525105872165772 -0.195400495658087 -0.0623601769226738
-0.0130088125658773 0.0278852291606859 -0.18151550895191 0.112623101836368
0.000645973908269239 0.0244187190077555 -0.0589673635255949 0.187629992574572
0.00751379605898166 0.0258829508460936 0.0328412467739712 0.163276164620554
0.00503095431851562 0.0155812962230519 0.0786538123243996 0.124209228348371
-0.010411949656609 0.0132156620069865 0.0997623336597753 0.121038357641534
-0.0195412583960387 -0.00386898110004658 0.0827210523920757 0.142691537926293
-0.00697080017813716 -0.0127451335471803 0.0233471576060039 0.16466256250333
0.00376530278291488 -0.0251560529130346 -0.0571276790505041 0.162242735518444
0.0433148458838978 -0.00967476801959109 -0.155729905912691 0.144855952871885
0.0615484969617916 0.0377273826883555 -0.218115815177937 0.145946404982672
0.0245949131482163 0.0722154237235426 -0.198146067119251 0.249419105471739
0.0177649414466918 0.109324881645975 -0.0934659845073624 0.169378708669302
0.0608394578992878 0.0420789140081132 0.0898143079716766 0.0074947495270128
0.0441200600616889 -0.0130569893322391 -0.0461992716013253 -0.149050953388665
0.0179840968931718 -0.0268153740749629 -0.200160902296664 -0.0856100007287019
0.0164930482204434 -0.0252046669226934 -0.199314506007393 0.103150104787481
-0.00143929380654729 -0.0340967597666087 -0.0747200164717 0.184079701566437
-0.0211007690937718 -0.0226589578465796 0.0198760796472841 0.159111771694777
-0.0234271381591761 -0.0282949316069921 0.0704090156295585 0.119980768736898
-0.0329025925742751 -0.0371925745694596 0.0966581833364953 0.108413990137306
-0.00968533446400229 -0.0705272806036175 0.0949281667851724 0.126174513878573
0.0455996083136221 -0.0609511984154018 0.0531027071437723 0.1542244094059
0.0812776856217826 -0.0306914005605443 -0.0199683691938713 0.172995248284017
0.0973889159924015 0.0580076998198447 -0.120758125072815 0.162704363007292
0.0489396033882707 0.146360015161444 -0.183499601823745 0.147172788557998
-0.0241436153677131 0.17378404990818 -0.168059856290925 0.218001713084257
-0.0319540805491787 0.179365611277884 -0.0933640099597769 0.123401606199774
0.0596213723055464 0.140578433902956 0.0985869348529382 -0.00500057604017178
0.102130667423989 0.0460357627172829 -0.0206644301650537 -0.170231435834854
0.0924957839467827 -0.0428529672492241 -0.18994504399001 -0.120697358229253
0.0572247893474571 -0.0771038880262022 -0.208336542008084 0.0741802856485781
0.00507971487783182 -0.0944698477848007 -0.0912967111960749 0.15765342963854
-0.044761367680289 -0.0730871336723141 -0.000865333611056309 0.134418942039212
-0.048869579556893 -0.0672696702993726 0.051215635629568 0.0989435658019916
-0.05455966718868 -0.0761302053502431 0.083800640306779 0.0766913805250508
-0.0121815753440718 -0.122944197318617 0.103687767989965 0.086575491744386
0.0743989237674949 -0.110511673877292 0.0923522563798885 0.119667087043331
0.139427419044651 -0.061925863439418 0.0384598522773644 0.170116810569352
0.160649047086638 0.0890566240647111 -0.0658057424089829 0.179433891203093
0.0642215546949078 0.221503691598221 -0.143694176097522 0.142436667673804
-0.0491872213147101 0.25160814858155 -0.125050620806539 0.15886340157984
-0.0876669616403789 0.220788935131263 -0.0667376053994953 0.0503981967775411
0.0317844567412176 0.229555546599083 0.116612682420142 -0.0348553828511727
0.137819763218572 0.12106022700487 0.0196985558740541 -0.188852061733116
0.164362589987707 -0.0346372541548638 -0.15458887377035 -0.158967981625421
0.102775881286074 -0.113521292478649 -0.196440814852743 0.0257015778090277
0.0192467485589303 -0.143281119761292 -0.101099339782136 0.106999854500559
-0.058359943573041 -0.116057170789404 -0.0253489590292947 0.0901780876125557
-0.0676663731550144 -0.0972486864827821 0.0258631736103883 0.0648851722570521
-0.0721094370627032 -0.100200641381323 0.0614810089690897 0.0342842406060201
-0.0220850974179021 -0.15426062526332 0.101706447210179 0.0349474190195483
0.0806459467494666 -0.14828516169288 0.122619662977054 0.06596229050783
0.167901205228368 -0.100228341809426 0.0953264669711465 0.146183864597231
0.206982915172958 0.0885657945250175 -0.00651137630442412 0.177886281657386
0.085230738977609 0.254898541204984 -0.107866392319319 0.127051481295387
-0.0575390753813953 0.291261918064561 -0.0818731374103411 0.0818223771181168
-0.132996716543027 0.222707080912492 -0.012710467847111 -0.0407468541987069
-0.0172319604595162 0.277175944722088 0.141174402239589 -0.0744600513691164
0.133440023982941 0.185629741986314 0.070940878717103 -0.19511362502948
0.20535861532698 -0.00409145211596718 -0.0928489055566952 -0.184329901846904
0.137615174893847 -0.122859866601523 -0.15749404663329 -0.0350259637454306
0.0352915370670593 -0.166559220857288 -0.101511375566733 0.0366600181015727
-0.0604795040418844 -0.140977312537215 -0.0495492358986551 0.0316976408748051
-0.0762654522880168 -0.113354133116936 -0.00290961042272664 0.0206079663389195
-0.0799926522134999 -0.108771261325203 0.0343609655095895 -0.0126193012290573
-0.0283364246690643 -0.161371319567009 0.0876420220170629 -0.0188681088056796
0.0757231958905159 -0.162401043935703 0.13609646620264 0.00755767659647475
0.170262026327956 -0.119821942521836 0.134196795773452 0.108362062534322
0.21752021559448 0.0798158100274185 0.0406583864279305 0.159083052832054
0.0865036653441396 0.250329613752859 -0.0838286442420552 0.102580607343487
-0.0619485147119565 0.285020925684579 -0.0430523381463037 -0.000556481508026983
-0.148140245732866 0.183541126058902 0.0584612842047347 -0.130442597520285
-0.0648400030982644 0.259526320691606 0.169446457484872 -0.115139555860173
0.0928430470581119 0.204013277880793 0.118626371871139 -0.18481258701949
0.196065407663588 0.0288363472443504 -0.0229253392674821 -0.18800509462029
0.143049719752389 -0.104888917107684 -0.0998238208582026 -0.0890327620505862
0.0441549924502641 -0.156532743044599 -0.0908862677742777 -0.037294943038694
-0.0522315974209604 -0.139711035705394 -0.069284834748189 -0.0298279466499618
-0.0723425902453842 -0.112308079331152 -0.0317184300555373 -0.0240147530711584
-0.0761735062556044 -0.103459256930008 0.00671098963402775 -0.0573053523962239
-0.0285557375557947 -0.148049242241773 0.0682394298480547 -0.0674586502282191
0.0685554514258152 -0.151291021651246 0.13692603039534 -0.042396809302625
0.158252191197828 -0.108541778425833 0.153782799523242 0.073009999693908
0.191538965183361 0.0798846206792934 0.0667278437712501 0.136149544400439
0.0597898496939224 0.220607139222057 -0.0689351568869349 0.0750505250107386
-0.070294309641922 0.237549208585788 -0.00879193681652463 -0.0733784430413026
-0.128123271321998 0.111199767187792 0.124508402332033 -0.203215357950954
-0.0849536376505025 0.183301411855188 0.1898337289471 -0.143756119671933
0.0402267833625648 0.166525477563905 0.151002875615372 -0.165280246420877
0.142109167447919 0.0426032266631991 0.0334619265543677 -0.17581816660928
0.113766420088672 -0.0704489075333777 -0.0457192669866889 -0.127569565669943
0.0400875235124898 -0.117214377831546 -0.0780568209995409 -0.0990410721121933
-0.0373241114165556 -0.112450308984127 -0.0837333563754308 -0.080539969173921
-0.0568607079793912 -0.0927285316957286 -0.0552028328404766 -0.0637483875555253
-0.059681272105738 -0.0865883273370162 -0.0166284014422664 -0.095024765475631
-0.0204792747764367 -0.119471738032139 0.0518499048648759 -0.108351527523562
0.0594849377234901 -0.121280216795009 0.137678030319739 -0.078911025876697
0.136146578237161 -0.0761165613748368 0.163017820653362 0.0487145139194162
0.141443799890457 0.0848741222858371 0.0775452420744924 0.117545749214858
0.0160621784525615 0.173875481791068 -0.0580199125722853 0.0521033517377026
-0.0804230552233035 0.158047629429296 0.0248282310199288 -0.124182098922092
-0.0822028437959106 0.0205307811561167 0.166767209582867 -0.248112848271813
-0.0776888006517408 0.0748371570865737 0.193097361176709 -0.159520323393179
-0.00467851672556067 0.0916840654559875 0.164260383009377 -0.15080166997657
0.0672524512752119 0.0356903333165218 0.0623976124576064 -0.164131351811947
0.0613570331849103 -0.0301028795013919 -0.0161143145566653 -0.148743457871797
0.0274296944292871 -0.0597575387447327 -0.0726654593375155 -0.135694480287014
-0.0168287557106237 -0.0656407602412368 -0.0938963085283723 -0.112269920954984
-0.0311383014524557 -0.0594490071868616 -0.0706430539911165 -0.0924858588548851
-0.0347337339092019 -0.0588283740835844 -0.0308978833387293 -0.122514083558538
-0.00826746447211956 -0.0791198583173835 0.0452338803385869 -0.137735317980447
0.0455591886132406 -0.0801158995996455 0.143354357049521 -0.101798728792358
0.103165772801779 -0.0354650128659831 0.170773011578192 0.03809376631833
0.079083771514742 0.0833001155506543 0.0798580425292486 0.110188204972472
-0.0281811252897031 0.111057913144746 -0.0479386156359666 0.038140738420996
-0.0821590901694696 0.0608699428046572 0.0576278984437455 -0.14849569609676
0.0495856793968909 0.0246834247692642 -0.0651561984063533 0.180454911689864
0.0365664910759916 -0.0446103864605041 0.0896631523967237 0.00350152525402584
-0.0196199858766221 -0.0447375920415052 -0.0558584393598156 -0.130936662045312
-0.0419688495680314 0.00596424676913052 -0.19178451841358 -0.0572283612061699
-0.0117604525209409 0.0272760644047041 -0.174785638376805 0.111538890273067
0.0016184215165263 0.0227659793809687 -0.0528271929416718 0.182535170045398
0.00793283618613555 0.0243601029711596 0.0359003304536726 0.156828212321
0.0057391443849707 0.0142205693190464 0.0786947812988616 0.117755934196641
-0.00920049929652592 0.0129497371226598 0.100892211874549 0.114612528196199
-0.019170431169807 -0.00268839117281169 0.0845156493002959 0.137044099404476
-0.00723142775656703 -0.0125388603203933 0.0252863810229705 0.160256639926362
0.00350490610620299 -0.0245814084468314 -0.0539722818602149 0.157965242040183
0.042192080380462 -0.0100850584140922 -0.151119556562638 0.142095900502281
0.0606240558406746 0.0349585002645411 -0.20920971609621 0.143234495360836
0.0241693819913792 0.0692684107389136 -0.186945300215053 0.243787298543441
0.0185993192576885 0.106336953310542 -0.0870771625705582 0.165634628469815
0.0601155763509895 0.039165616117895 0.0893729730478958 0.00558252432422941
0.0424827690380212 -0.0134515403057532 -0.0459630212689796 -0.144049555974734
0.0157973213672389 -0.0258735432093375 -0.195583075843108 -0.0804028618711807
0.0153749384722254 -0.0248925420047707 -0.190939859220048 0.103007930297806
-0.00222455413307772 -0.0337244242045098 -0.0681256257465145 0.179018366898376
-0.021096195566558 -0.0208722640637592 0.0230726056434079 0.153332787795515
-0.0229764989125474 -0.0272497731289758 0.0710175394546176 0.114477809225945
-0.0320483240606632 -0.0353415177896327 0.0969696902239781 0.102209685726616
-0.0115669999118853 -0.0678465688654392 0.0960434114999533 0.119788066264348
0.0430318913629087 -0.0612035285057844 0.05446520670473 0.150098901222627
0.0776331843995524 -0.0315803624018213 -0.0172620779418489 0.167318263170005
0.0963783214677765 0.0544519747891484 -0.117001496927779 0.159197790997409
0.0506591809893864 0.140685510178874 -0.175953583784878 0.144094202221206
-0.0211353518650546 0.167577978781789 -0.159442309859942 0.213433910759303
-0.029060785433559 0.174515711177125 -0.0883857777766932 0.120330131428682
0.06104445495658 0.134400247184504 0.0979756085013753 -0.00706799914692431
0.0992223753336166 0.0425151045356657 -0.0211898988122354 -0.164358755778131
0.0873698180489401 -0.0426473856909172 -0.186188243012238 -0.114304671968208
0.0536267844051786 -0.0758089928346328 -0.199572279082515 0.0749844016292147
0.00233234601266391 -0.0915647410585797 -0.0849823040938665 0.153583492990361
-0.0452329795416338 -0.0685834451066334 0.00186568011091531 0.13065944187434
-0.0482922441858825 -0.0652695915879562 0.0522958768974993 0.0950709209953175
-0.0533700942817797 -0.0718579846180549 0.0831000408511303 0.0722128315360144
-0.014856758869872 -0.11858021441576 0.104550968961398 0.0814951725688812
0.0697081269626518 -0.109680760675939 0.0929628330068904 0.115402720839204
0.133208204335599 -0.0633576300471045 0.0400985506298941 0.164432260548971
0.157629645464062 0.0828859183526575 -0.0632355628611517 0.174108149417118
0.0665578805170178 0.214050387659964 -0.137650660661671 0.139600035530257
-0.0439800637916572 0.242317148005971 -0.118935130730005 0.156526619395438
-0.0822083404456589 0.215478197437358 -0.0628637028562566 0.0488743773244023
0.0356214797479213 0.221706740441166 0.114898826432595 -0.0347499778678514
0.134715966771033 0.115378704218471 0.0183567585892556 -0.18278930265883
0.157460115289396 -0.0362576862993555 -0.152033476906239 -0.15144917473702
0.0966407437497731 -0.111921760175545 -0.188061852943677 0.0273670292918742
0.0147784238179198 -0.138561344600615 -0.0964072980726175 0.104155487973709
-0.0588971110410039 -0.110362109603544 -0.0232217681099278 0.0878112304363638
-0.0670620940285356 -0.092476224094325 0.0266739818466661 0.0617897699895081
-0.0704975276045686 -0.0949417758968417 0.0608816720958038 0.0324622417280497
-0.0253614300891737 -0.148017943692226 0.101250184387271 0.0313365232440319
0.0750884555624972 -0.146843646414471 0.120660853185735 0.0624365962595357
0.159463715816918 -0.100859118191234 0.0958046196037533 0.140160798004008
0.202108977052704 0.0813968830545383 -0.00487553110042256 0.172183770790639
0.0880058388758995 0.245553685801704 -0.104042491718793 0.124029424871345
-0.050699148127578 0.28053318170359 -0.0784295884311071 0.0815078218964287
-0.126682199389113 0.217507263234202 -0.0117517270068733 -0.0397971985481047
-0.0114350486755626 0.269079793926622 0.139114084061538 -0.0736461321637935
0.131884986243578 0.178024103273226 0.0675308687406087 -0.189763006507848
0.197939194662915 -0.00704638992163168 -0.0921304327283266 -0.177773156692775
0.130204019503504 -0.121860976660046 -0.150823377008221 -0.0317179339406947
0.030121463755652 -0.161297107169301 -0.0977696364000275 0.0358653466773643
-0.0616474098242312 -0.133717512897066 -0.0481984404784644 0.0321253109250103
-0.0764810752533716 -0.107991982061946 -0.00178772679260884 0.0204785147675102
-0.079034817709243 -0.102226630940934 0.0331716160729981 -0.0127739013042179
-0.032263871824459 -0.155047117713948 0.0859971783187326 -0.0208320930341278
0.0695066606125369 -0.159409679694645 0.132722600572557 0.00406641110806697
0.161382020488876 -0.1196162894685 0.13326870316461 0.102365694015913
0.211876167958416 0.0733484667913908 0.0403313174920924 0.153317864756216
0.0886106583765739 0.241008643059637 -0.0802811660286887 0.100377330095528
-0.0555425658366788 0.274799491374227 -0.0430525926328171 0.00171210621959861
-0.141511263529367 0.179640219643449 0.0560981746298936 -0.12706709333112
-0.0569797897056281 0.252869133027386 0.16486872856741 -0.112655013692276
0.0928443508788562 0.197025056315617 0.113589916880792 -0.180315205150309
0.18939686477945 0.0249722558475284 -0.0229993289043607 -0.181849222904066
0.13527907954352 -0.104223725178064 -0.0955080229136796 -0.0859297171726421
0.038707182946756 -0.151907827594504 -0.0892289106350593 -0.0363333797288007
-0.0543805043004011 -0.133282597429179 -0.0691030411360254 -0.0265522530090702
-0.0728883879031828 -0.106347678504077 -0.0299276564689402 -0.0228591587819705
-0.0747257401023091 -0.0975462227501475 0.005184790559613 -0.054975486590766
-0.0309296259814519 -0.142489981895018 0.0666847025614334 -0.0676145691526741
0.0624931470026824 -0.148692831698634 0.132977478129221 -0.043871886010265
0.149912000355433 -0.108609184018573 0.151592662943561 0.0677935648251129
0.186156134453463 0.0732662441224341 0.0655313101926724 0.129839597739631
0.062386997102236 0.212561427168595 -0.0661495846363274 0.0741949340881399
-0.0652642964851212 0.228822482970766 -0.0109189468361075 -0.0684894193711783
-0.123593277232151 0.109453572955486 0.119140706024093 -0.198182483542694
-0.0790982969436363 0.179688768943053 0.183317144018868 -0.140251818353619
0.0419188756481065 0.161490622012673 0.144538478203623 -0.161659450818627
0.138140094825707 0.038968616789934 0.0316937095905085 -0.170204073419196
0.107932465837755 -0.0706626520155244 -0.0440702337070163 -0.124109835719018
0.0359308068692701 -0.113972321962393 -0.079225950262599 -0.0958699231321075
-0.0381364001702195 -0.106715427125391 -0.0849796343614563 -0.0754643268507536
-0.0577564911774622 -0.0885689763798864 -0.0544801345947613 -0.0600517440778113
-0.0595111316891284 -0.0815107891117438 -0.0177320363353969 -0.0906128239701436
-0.0220858235670871 -0.114722355097474 0.0494612014163299 -0.105936614451382
0.0542584779322474 -0.118944052619116 0.131985555065122 -0.079127770206283
0.128813862831252 -0.0764688694128209 0.160207031290041 0.0444706511640912
0.13799979742189 0.078983311433347 0.0757568558530621 0.111970087219691
0.0185257493364137 0.167808925514167 -0.0555830712442196 0.0523585380447857
-0.0758428174248579 0.153171915564485 0.019909454639101 -0.11871467932808
-0.0799407761674802 0.0200151315963515 0.159134619568597 -0.242207393157098
-0.0738659988592419 0.0740552133616885 0.185042484571061 -0.155301105576801
-0.00254037544401259 0.0898781801464536 0.156984567867388 -0.148024902148965
0.0661331780832946 0.0332489759192448 0.0593628703973527 -0.159144440159584
0.058855617968042 -0.0302155733240209 -0.0162586211957586 -0.144541558641431
0.0249111333428058 -0.0577481025596344 -0.0750273840302356 -0.131293005741628
-0.0175651072189361 -0.0625103825406309 -0.0949955712515141 -0.106217170404981
-0.0320308367578635 -0.0570144956159252 -0.0695904869782086 -0.0869386393642508
-0.034595521703042 -0.0557932284698903 -0.0313620298717519 -0.117540513574066
-0.00923678579221708 -0.077028650704203 0.0418579048357969 -0.134579790965679
0.0419962175832093 -0.0785865186446718 0.136493853933195 -0.101558602312349
0.0979789790939629 -0.0362443741338853 0.167299348021039 0.0335741839022066
0.0775892231273898 0.0793747478464122 0.0785104426173891 0.105032403444177
-0.0253313787984597 0.107780692315535 -0.0468736558806483 0.0383752441166686
-0.0791369115913995 0.060129890296974 0.0513846675085419 -0.142989392220658
0.0487886025541337 0.0242706037261038 -0.0624924166511359 0.175296886741531
0.0350068057604489 -0.0443105654493301 0.08980454121694 0.00239478501952399
-0.0194207768417906 -0.0436237497948204 -0.0536131181746293 -0.127574925737133
-0.0404487008508625 0.00625669169656505 -0.185828481190704 -0.0544213268181313
-0.0116586084543978 0.0258598341505579 -0.170385618141632 0.108512806631553
0.00187189065961362 0.0211333312222321 -0.0501056379245138 0.176003483405496
0.00796796242140072 0.022857045586446 0.0373236379841224 0.150715270359965
0.00532777082711657 0.0130611259824301 0.0769182422814564 0.11311708763448
-0.00793059963167501 0.0127803023349488 0.0994585446034809 0.109654823896896
-0.0181907620275426 -0.00228403983336125 0.0843242442173401 0.131721211447948
-0.00705672696616875 -0.0130685929863232 0.0252632133375429 0.156158581219386
0.0027579647012105 -0.0235570859243259 -0.0533897323296168 0.152645426906708
0.0418060127966052 -0.0104335611102019 -0.148623551758355 0.138128741622351
0.0588109466923741 0.0330014634976697 -0.202583256709421 0.137703550535481
0.0227713468443251 0.066971540704138 -0.179958770657718 0.234668936016405
0.0184701792102245 0.103424442526575 -0.0835739065291646 0.160565628394109
0.0585960505471588 0.0366944264060041 0.0893043411828088 0.00471365628695902
0.0403262623918085 -0.0136183425320407 -0.04324322995774 -0.13970866981276
0.0149734998542312 -0.0252869088227087 -0.190883524305359 -0.0764832972243875
0.0143569406821614 -0.0247845467960605 -0.184827253590651 0.0998780341724589
-0.00211990455371343 -0.0330513352486993 -0.0645103294234668 0.172404686348679
-0.0202240218721978 -0.0203882740808141 0.0244624116366331 0.148983957046054
-0.0223611247788403 -0.026778100728243 0.0695711263492543 0.109994002367236
-0.03083506308558 -0.0335419929228635 0.095885919382085 0.0973962550708038
-0.0119359791200016 -0.0651021324302633 0.0951629745387411 0.115236436432742
0.0407167503692212 -0.0597546407059641 0.0545372759898194 0.146299621087437
0.0744931524310317 -0.0312047209082268 -0.0173029683483184 0.162386175134209
0.0937251429307412 0.0525500692606152 -0.11477695507307 0.154740788306332
0.0497805075828607 0.135741857904272 -0.17063678827048 0.138944956232282
-0.021275514566809 0.161317906198394 -0.153335875617142 0.206742635637473
-0.0283102854533959 0.169524695755817 -0.084390934162229 0.117052421396882
0.0601284468805319 0.129357748270178 0.0979787876454177 -0.00752834592664172
0.0955995287271954 0.0406399165983574 -0.0193041551407904 -0.158973176966188
0.0834242966347908 -0.042077058782808 -0.180767406146233 -0.110530179977801
0.0510258310309614 -0.0738699148891596 -0.192407624443079 0.0723239148384741
0.000997392153043425 -0.0886167636642436 -0.0806949639101155 0.148358345897932
-0.0435987849379501 -0.0658829254516489 0.00294841583787121 0.126270622572882
-0.0471416979227995 -0.0625700447527998 0.0515262512858611 0.0911097147542684
-0.0525208758961717 -0.0691301774150814 0.0825112666574298 0.069225414119677
-0.0166435276873221 -0.113812453608508 0.103454752836835 0.0779901023916113
0.0660491192008438 -0.107863664258147 0.091259010834693 0.112417346183618
0.127487775850576 -0.0625377014912918 0.0390806935206049 0.159235711418666
0.153052219248421 0.079138346830946 -0.0623363179165001 0.168736815634305
0.066221659960913 0.207273499870043 -0.133592841357202 0.135205036324346
-0.0428878482188045 0.234621637546355 -0.115047589170629 0.152186892815734
-0.0806324917098476 0.209073581123985 -0.059950458808131 0.0472074256285672
0.0361845044456651 0.214052450648657 0.114607151977131 -0.0338905950168182
0.130522670639077 0.111614994995923 0.019815303270266 -0.177366197270608
0.150665120774266 -0.035723267470461 -0.147580245818283 -0.147264110489446
0.0922944396334292 -0.109319724367227 -0.180753082455251 0.0255503740893664
0.0124983089780319 -0.134807035259916 -0.0929417324914717 0.100249852795352
-0.0583986575634812 -0.105295849298708 -0.0218413285981917 0.0855632655670565
-0.0660360324450997 -0.0898154747174679 0.0272129845698948 0.0593275193684058
-0.0689117462337315 -0.0904699526750571 0.0597176398339701 0.0308718975019137
-0.0263203601079612 -0.142745187912266 0.0999339010282694 0.0286597793096512
0.0716158634965566 -0.143755952137372 0.118449065652978 0.0600109446137379
0.151967846610775 -0.0991856812647344 0.094017633426484 0.135405862887314
0.196894017789418 0.0778515994708308 -0.00594039398647405 0.16615590877808
0.0869161923917798 0.238071378524799 -0.10083302176115 0.11926444625566
-0.0499364451677438 0.270976221905148 -0.075847494419196 0.080308933568458
-0.123277611722428 0.210955708106948 -0.0103887867280369 -0.0383597499842268
-0.00908007312748513 0.260598672558833 0.136726546124706 -0.0709556956127806
0.128114440347505 0.172057441404437 0.0670234080114299 -0.182781979455094
0.190623087527933 -0.00747827732284949 -0.0893732849074575 -0.172195750211017
0.124554331880022 -0.118714118361749 -0.14400343451944 -0.0316954261897756
0.0274328291350367 -0.156118243248951 -0.09496046962242 0.0339568907496062
-0.0607573558678027 -0.127842449705491 -0.0471723920889338 0.0321269226970773
-0.0748233577545296 -0.104381197018949 -0.00114982090730342 0.0197676640000125
-0.0763655036134449 -0.097484964693293 0.0326126494247941 -0.0118469693052861
-0.0328103126439764 -0.149020780963408 0.0848775871111913 -0.0216281661447363
0.0656107774036662 -0.156172482002137 0.129304403488135 0.00416639754315318
0.153742270606227 -0.11687681559173 0.130269524616824 0.0981569652244087
0.205608583317767 0.0693799898167811 0.0374145903403974 0.147283068909352
0.0879007332928528 0.233920146061517 -0.078522513972672 0.0969415596902141
-0.0541129783526897 0.265745664253852 -0.042426680228998 0.00381458811845401
-0.138208942987413 0.174498466323311 0.0544666098106287 -0.123463446124431
-0.0542627506642423 0.244872336239602 0.161440541547651 -0.108391967369445
0.0902728343448337 0.191135981424577 0.111688899167736 -0.173721369605544
0.182905101817289 0.0229666211890493 -0.0219791780212091 -0.176129834527461
0.129698191477905 -0.102007960375452 -0.0908019401815497 -0.0843094043897783
0.0358239637891072 -0.147207325130205 -0.0885541905945952 -0.0355959932911129
-0.0538185840970447 -0.126979675585088 -0.0686168948089879 -0.0247535675296793
-0.071866825717179 -0.102207922499958 -0.0289800120863827 -0.0219176337801219
-0.0732354724951536 -0.093082823793989 0.00519462046945211 -0.0527622462546357
-0.0317989249711978 -0.13664715973877 0.0656522887282214 -0.0662230762232917
0.0583467521163837 -0.14443597374814 0.129086903630139 -0.0427773456572561
0.142534680365475 -0.106084100708083 0.148858259973279 0.0648331671758053
0.180705776756944 0.0696897981265514 0.062241771778349 0.124870625007942
0.0615028421694523 0.206156747292957 -0.064582280450416 0.0722839804558226
-0.0628497073260636 0.220529132755226 -0.0124027383478914 -0.0646978572601231
-0.120493766780163 0.106219256798859 0.115502765329298 -0.19181732027633
-0.0754744399947455 0.174092443390505 0.179168681540577 -0.134775681008485
0.041177876658878 0.156672372797483 0.141700288379294 -0.155653766966282
0.134290921664874 0.0368592084610812 0.0321153016799676 -0.164732495959757
0.103910699282086 -0.0688506334411776 -0.04162017523094 -0.121759131823577
0.0341553620654109 -0.11027300216972 -0.078824185956682 -0.0927013363096627
-0.0376417097542691 -0.102511757483924 -0.0840000202860998 -0.071648218568943
-0.0566665806444923 -0.0848998545028281 -0.0526618859581428 -0.0577877105598689
-0.057429730982929 -0.0782121313488639 -0.017323637207089 -0.0871946704813555
-0.0221720410840704 -0.110516630409512 0.0478837432469882 -0.103047263201184
0.0514287962202053 -0.115889536983966 0.127655012458362 -0.0766941910960812
0.122623132055762 -0.074703216466223 0.15672250072478 0.0421184674887215
0.133940201516085 0.0759804226863006 0.0732310200804625 0.107539860186771
0.0186218775454925 0.162522926878637 -0.0546388262947775 0.0515487649476387
-0.0737351658197453 0.147672222112175 0.0174444534090317 -0.113051953697517
-0.0772062491117604 0.0195782268738603 0.1547342732158 -0.233914847768122
-0.0714144896659003 0.072493146085371 0.180313239467957 -0.149199044508625
-0.00201355983407528 0.0872332117463258 0.153054447358226 -0.142850960234777
0.0637288399483354 0.0320546321541519 0.0595624317284883 -0.153655084224624
0.0565864724406989 -0.0302627760261451 -0.0153365880333092 -0.141883238004155
0.0238241175825092 -0.0554431550898379 -0.0755910255440503 -0.126817595078641
-0.017097915441711 -0.0599275314143694 -0.0946013654809501 -0.100550644295563
-0.0317134221237572 -0.0548764601587251 -0.0675934782855723 -0.0837226023869904
-0.0333207729167588 -0.0534359057608936 -0.0312930803736631 -0.113138716959274
-0.00987958156938391 -0.0734577772705604 0.0400901599069921 -0.130262605022841
0.0398621531069734 -0.075917329016591 0.132168572637921 -0.0993117594524582
0.0937539859254398 -0.0357055453662564 0.162822144343076 0.0316971856813527
0.0758517443484578 0.0761258248276043 0.0755136622991232 0.100725136105333
-0.0246147138051762 0.104461997258273 -0.0457925421080115 0.0387397321752793
-0.0770191962373081 0.057966224387777 0.0476680140382153 -0.136949495243051
0.0481437265564784 0.0251940783090482 -0.0623582369509919 0.171453715395855
0.033984666895513 -0.0434202199227181 0.090346987768249 0.0024679431380736
-0.0191584780701623 -0.0437444237684984 -0.0502801175050727 -0.125880416137794
-0.0403310786048487 0.00587735892252626 -0.182134096924997 -0.0554916552533237
-0.0112719596312823 0.025344445303559 -0.168943251248799 0.105121540077258
0.00178475529279296 0.0203653980550325 -0.0495994901882988 0.171222776451448
0.00768453386750977 0.021747741904762 0.0362015726626122 0.146310260414237
0.00511947191124965 0.0119687853382025 0.0753988755001334 0.110882859088144
-0.00774837998504483 0.0118608575935445 0.0986821976938092 0.106337296551241
-0.0178758886644669 -0.00207477087515612 0.0829272550755349 0.129653854122513
-0.00696842266362643 -0.0127197733133706 0.023863111535679 0.154627442835702
0.00252683981831312 -0.0231453752679367 -0.0561978380956377 0.148648344868371
0.0415869921722468 -0.00959321962573827 -0.149232602439724 0.133066585935635
0.0577623536019024 0.0324150755018935 -0.200620580904209 0.131059458541344
0.0204133097600025 0.0658780338847728 -0.178783995300799 0.226688485112567
0.0166806042866094 0.102185373487415 -0.0830923356638082 0.156549169130059
0.0576044902863031 0.0356207077693694 0.0899986556895331 0.00520596884223019
0.0393029037867827 -0.0136096000325829 -0.0395917689012712 -0.137397639268039
0.0139274719086086 -0.0245929686611334 -0.18592813997303 -0.077826102400808
0.0140105643797553 -0.024235979325501 -0.182818280426257 0.0954102613994095
-0.00221785304725087 -0.0326717881212407 -0.0640240264285428 0.167514531370933
-0.0197053832294636 -0.0204014176297892 0.0241458387390884 0.144330902568741
-0.0221349734771196 -0.0270261426635166 0.067794357055394 0.108226466508399
-0.0298281295962651 -0.0333312317914965 0.0944661997520263 0.0955694239426572
-0.0115445278234877 -0.0635178255739547 0.0946097030905384 0.11311854749908
0.039955586569549 -0.0595519128681969 0.0525103613856345 0.145317966582399
0.0728362678269301 -0.0300840404071292 -0.0189768742163626 0.158670484618148
0.0915131156824538 0.0520953540379982 -0.116502136325006 0.149709772874057
0.0480534353391941 0.132630731598407 -0.169275947272611 0.132825986618086
-0.0240859704887013 0.157261949022497 -0.152500687542055 0.199987161503996
-0.0301028460717972 0.166165220558492 -0.0835273676696693 0.113469872255694
0.0583698343217045 0.126343290942208 0.0982757722490725 -0.00655088076827107
0.0924915162890954 0.0408705129959415 -0.0154049707178787 -0.155594613997391
0.0810216145237488 -0.0400881709757415 -0.175627883625927 -0.110839146274547
0.0497001646605113 -0.0721128219872271 -0.188520662825743 0.0682143564564061
0.00116347949255354 -0.087040764288097 -0.0806231641943516 0.143641026528461
-0.0423349613400704 -0.0642713507458551 0.00249869823355852 0.12320676705456
-0.0459837766221382 -0.0618049958840731 0.0507843115186202 0.0896732358741705
-0.0508936090557889 -0.0679004107712819 0.0812098746034996 0.0683810833564169
-0.0160482464493077 -0.111168406201642 0.102592642604496 0.0754987639892461
0.0652794036792292 -0.10702193140189 0.0897646308976366 0.111720861987262
0.124073525527455 -0.0602909644851785 0.0368933197035982 0.156310265903223
0.149823222083956 0.0792360066913649 -0.065468664011778 0.165310829187277
0.0631157672408477 0.203639445924655 -0.133032372704555 0.129092896203704
-0.0464612630015114 0.227131395314992 -0.114160860309317 0.148306288819602
-0.0826752830819008 0.204296742371534 -0.0589019674020088 0.0451001529075083
0.0337131059297264 0.209915422120849 0.114756056465644 -0.0317311520980138
0.126091498896525 0.110906160165304 0.02360403077462 -0.172992991399904
0.147217577901092 -0.033752762543467 -0.14229797817798 -0.146237246510984
0.0909865837802318 -0.106345976220771 -0.176238980192215 0.0221647170217613
0.0125104825478468 -0.131381206375605 -0.0923148379789293 0.0966882934220279
-0.056138394551059 -0.102493249895235 -0.0223442375300791 0.0840489732989307
-0.0643006247210123 -0.0880162991760717 0.0264526165689129 0.0586098574610441
-0.0664137106765152 -0.088528549854682 0.0593655162062931 0.0309888764628373
-0.0256782481157359 -0.139106317245967 0.0998133687136855 0.0271036931688448
0.0698203624505016 -0.14109750618528 0.116632535096946 0.0607303621675768
0.148314642500464 -0.0960369059495496 0.0916412180127955 0.132825654456954
0.192040423944776 0.0770995127999039 -0.00996399976445913 0.162792609898038
0.0830698109909219 0.233956790756129 -0.101230944188842 0.115621558766255
-0.053336799965722 0.262563459323211 -0.0763383695297137 0.0791919953516892
-0.125144010501704 0.206147738080556 -0.00906604252725396 -0.0380403599536002
-0.0101070721321873 0.254618750847019 0.137546638015031 -0.06811380896539
0.123531850792508 0.170887082517548 0.0703181327515576 -0.177720434121341
0.186334321022607 -0.00576417063871387 -0.0839037550811826 -0.170464960939921
0.122224587277308 -0.115317158083053 -0.139211883957014 -0.0350275268429384
0.0269661048094671 -0.152781488010092 -0.0948576515896467 0.0317476348094884
-0.0589267409246775 -0.124459329900238 -0.0472817324468771 0.0320405302389535
-0.07337575893875 -0.101611251777136 -0.000880592640116541 0.0189238175340782
-0.0735336447030532 -0.0955974299305328 0.0327590844005174 -0.0108835627604578
-0.0316188805356582 -0.145181349790417 0.0850046404245688 -0.0215218974903764
0.0642339122352039 -0.153361617430908 0.127504540421443 0.00563908610119917
0.149277519432514 -0.113212074134616 0.128167892710382 0.096682846704013
0.20095457041524 0.0689485373832277 0.0333459447676063 0.144697219516431
0.0838317301645426 0.230242208997933 -0.0786607868829865 0.0933589665595452
-0.0568427680735618 0.257450935845959 -0.0423557615141064 0.00438837750866642
-0.138871946117148 0.169378168444647 0.0563566001921725 -0.120630539995527
-0.0545423583746357 0.23928912001708 0.1617033196823 -0.10358645631225
0.0871161908924561 0.188793104007269 0.113682602133554 -0.167651797603959
0.178615405793829 0.0249172733791716 -0.0179183310996582 -0.173192657508021
0.12744118199816 -0.0987951491505356 -0.0860997740066565 -0.0862494498201837
0.0363167966289058 -0.143375046157426 -0.0876398844891342 -0.0367588308664264
-0.0516508360863936 -0.123119090600028 -0.068280883198026 -0.0233367561778577
-0.0705368029925929 -0.100013224606997 -0.0275526953443541 -0.0211589717790485
-0.0699998798855695 -0.0909924594081767 0.0057756461423191 -0.0506686992139118
-0.0301107134852527 -0.133100651858818 0.0656368095052164 -0.0651887393926875
0.0574974363433388 -0.141970541517796 0.126865769095727 -0.0409904092768525
0.138234618123242 -0.102389209432692 0.146580401577507 0.0638636935940786
0.176220767873306 0.0693006775014959 0.0581768435979946 0.122322929389775
0.0576476845624517 0.202188617710271 -0.0651857006445866 0.0698771407634728
-0.0649561310824847 0.213417584308028 -0.0125996441199654 -0.0615371449891465
-0.119918145525389 0.102467556712458 0.116494186776422 -0.185991109428694
-0.0748335704648592 0.169939781555678 0.178918956895398 -0.128803243960322
0.0388332642596386 0.154374658892389 0.142789852489563 -0.149779948052199
0.130675841062862 0.0375054955645125 0.0351103617092146 -0.160545559487704
0.101663307759443 -0.0672458340411232 -0.0374780542250316 -0.121176619823654
0.0341527331065126 -0.107237637404245 -0.0786415398457532 -0.0923142497463878
-0.0365272778077069 -0.0995442287118664 -0.0839699059812169 -0.0690266353397602
-0.0555190185050319 -0.0827224299895908 -0.0510425423679012 -0.0569735871422651
-0.0549943855841107 -0.0761673537729303 -0.0161266837129061 -0.08489565351775
-0.0216194772177252 -0.107706665661325 0.0484528459499661 -0.100799700579344
0.0505530471338452 -0.113167664092294 0.126111170792402 -0.0746192248909638
0.119031966763042 -0.0718544257475605 0.154406160238238 0.0420211007480499
0.130125404812848 0.074502839933669 0.0685680670868138 0.105801221109389
0.0165495766020766 0.159750668794742 -0.0547923282208644 0.0505066837077326
-0.0748549337213111 0.142659042943637 0.0170015336139073 -0.108698505112655
-0.0767535984647617 0.0179297946141657 0.155237383566351 -0.22702459078706
-0.0701439834559319 0.0702555161438318 0.179369244594274 -0.142176135628826
-0.00198161153168672 0.0856634780103974 0.152770070714838 -0.137421601726599
0.0626239852477133 0.0318659191950119 0.0623376224255553 -0.149510127045742
0.0555006437063466 -0.0292610375335756 -0.0115959658681031 -0.140228114686339
0.0242520226144029 -0.054062334017083 -0.0754994764051911 -0.125338038559791
-0.0160174258680135 -0.0584023846058234 -0.093512241215986 -0.0979025231242324
-0.0311440351773624 -0.0531330743265175 -0.0651266598254083 -0.0817993949703058
-0.0321199557209866 -0.0524526474625386 -0.0297621825379511 -0.110319144549664
-0.0088431058822269 -0.0725167605230124 0.0404395614451829 -0.126835868354255
0.038656759784231 -0.0736260458246258 0.130423248799723 -0.0955315453468188
0.0911012854759211 -0.0340194826857974 0.159839182482836 0.0320575129863324
0.0734637657356618 0.0754880319637257 0.0713648059086081 0.09896184259113
-0.0260765201311087 0.102048946255699 -0.0460369730764974 0.038079607327943
-0.0764865117848245 0.0561189986159795 0.0464161511675081 -0.131905119566738
0.0484969670178832 0.0263293986701262 -0.0645909628399264 0.171376308161994
0.0342167204185381 -0.0432914497516985 0.0924804114679589 0.00303658882312746
-0.0187308444625744 -0.0438582515993001 -0.0473825427593374 -0.127784895226793
-0.0405163086987232 0.00584219226561127 -0.181299718899661 -0.0581759196636928
-0.0121666890817166 0.0245277647919219 -0.171677286645646 0.102674093384505
0.00103950524311805 0.0198281613561574 -0.0515822090170225 0.170338625487118
0.00788158600075895 0.0215095050632108 0.0354696558585917 0.145156533027392
0.00471313670377526 0.0114904610646589 0.0746274394243801 0.110697697581725
-0.00767012067134835 0.0111083676679093 0.0981220745899629 0.107240184728979
-0.0178269665612476 -0.0020887088938557 0.0823199714751188 0.130867273277305
-0.00705139332115527 -0.0129416783910285 0.0225061470311643 0.155991480903325
0.00249382979797616 -0.0227502641365393 -0.059780164772762 0.147241296239553
0.0421588057688826 -0.00979924343692335 -0.153949577065689 0.130502213486801
0.0567486430607251 0.0323078491368401 -0.203583530562409 0.126490092800742
0.0178159915716131 0.0663480397216603 -0.182772351658817 0.222470684470104
0.0152947920089458 0.103327713318752 -0.0852007933969692 0.156009173774597
0.0568566625655244 0.0357886678050262 0.0925887243117594 0.00577596148154284
0.0390569437366874 -0.0130080242109782 -0.0360189961982363 -0.138462221148016
0.0131031043927509 -0.0243759967714422 -0.185154814358666 -0.0806205588472822
0.0135629297949197 -0.0244288890897756 -0.185130464655931 0.0925825632707226
-0.00293986011267018 -0.0323253317478883 -0.0660307227835292 0.166180295136165
-0.0191870401850669 -0.0208877453425463 0.0230090192869573 0.144080108722543
-0.0219996092265155 -0.0274281051502292 0.0676008409457252 0.107977931667021
-0.029484435430501 -0.0338001009776371 0.0955775211970168 0.0962445643607805
-0.0112629802910631 -0.0639959675006114 0.0949152932725596 0.113552633730219
0.0400757161392833 -0.0595963067562292 0.0512588840412634 0.146607900626165
0.0726912835014397 -0.0291527336904909 -0.0220496841117667 0.158186562242562
0.0916878057681971 0.0527298030267836 -0.121300454977852 0.147068602144782
0.0464892086508587 0.133331084782911 -0.172038677909282 0.129409949823181
-0.0280576045046018 0.156212564408447 -0.155465079135005 0.196777327062838
-0.0332587273346385 0.166858866659904 -0.085429217313434 0.112289097008549
0.056779166559979 0.127314580244953 0.101410536541151 -0.00578166522687183
0.0914229727040152 0.0426166705589554 -0.0106276446597944 -0.156583754979005
0.0805264781884096 -0.0388176449477323 -0.174464729988941 -0.114305237511976
0.0500812575277804 -0.0715853397205762 -0.190219830588372 0.0644610860294981
0.00162719111384195 -0.0868556239528369 -0.082153944385705 0.141927349001699
-0.0418986227909506 -0.0645317904609191 0.00167017465632665 0.123529057600558
-0.0461543110492042 -0.0624440238190096 0.0508529191762734 0.0898836975735294
-0.0500309533040428 -0.0684370644280087 0.0821739730868103 0.0689075724896047
-0.0152469365977855 -0.111449849943549 0.103546276457538 0.0759791331103248
0.0652468611273345 -0.107028854449461 0.0889614136707083 0.113887460029748
0.124061558951072 -0.0597091130442352 0.0347913474033743 0.157020738199989
0.149563021291343 0.0804062074076692 -0.0704361484360615 0.163807813340838
0.0608046302952013 0.20486194659049 -0.13597599646206 0.126281168447969
-0.0524072934604241 0.226008255595323 -0.11668367110905 0.147250215834783
-0.086728152226485 0.204176943181895 -0.0594975443345389 0.0442924264121486
0.031930970949212 0.21008507087717 0.118118541622625 -0.0308817507017932
0.124616717459088 0.112942553933003 0.0278792933058209 -0.172343216876015
0.147051050860439 -0.0315348161278633 -0.139614191527035 -0.149500315910858
0.0916816904124045 -0.105948035544493 -0.176294304931996 0.0172486832247247
0.0133148807975432 -0.132091229719116 -0.0944012155806122 0.0946506839694017
-0.0553908159975708 -0.102111454389029 -0.0238430874526829 0.0840232463579556
-0.0646011467080321 -0.0885049203373432 0.0266922354941273 0.0582861227973695
-0.0657702404790549 -0.0887627745082386 0.0607275297003637 0.0318394480147369
-0.0246714586447311 -0.139152963656321 0.100654441298573 0.0276238920271537
0.0703290774012177 -0.141911255712038 0.116532122476438 0.0629127477177047
0.148089169945393 -0.0943856650955877 0.090260075982733 0.134216496001065
0.191829245412321 0.0796989775568608 -0.0145007727520416 0.163053517756492
0.0802211409155047 0.23595492655471 -0.103706378667475 0.113290034567224
-0.0595766516095097 0.261019892258089 -0.0771399438741427 0.0784151289210688
-0.129370582247312 0.204805098385474 -0.0076683159858289 -0.0388458826644448
-0.0129236592515283 0.254498302941187 0.140732015030399 -0.0654055270834417
0.120588568435802 0.173024840591101 0.0756449549635548 -0.175851394085987
0.185692418063328 -0.00271940142639376 -0.0814379877549209 -0.17269610202456
0.123180917151981 -0.114282608778541 -0.137798896772751 -0.0394269515734729
0.028086357078247 -0.152750637096426 -0.0963576832896731 0.0296311457514461
-0.057772796994208 -0.1241159834862 -0.0486975118539206 0.0320776142363985
-0.0728659522214945 -0.101930190063837 -7.38213299180737E-05 0.0186654693307811
-0.0725458822035362 -0.0954726839500268 0.0338199099299492 -0.00992771073865631
-0.0303907762831094 -0.145092620034603 0.0862564236530557 -0.0219996846831366
0.0652628346259082 -0.153757956360007 0.128322789456347 0.00753674066978532
0.149308820569874 -0.111202516923942 0.127959599299125 0.0982124219903285
0.200373371383145 0.0713887025767807 0.0296622847327974 0.145495520805824
0.081447051557488 0.231377077957728 -0.081658763129866 0.092022969883
-0.0626484255255776 0.255175834104834 -0.0426815007104083 0.00460097061923476
-0.143116105463841 0.167580824802317 0.0593578323626771 -0.119827959872975
-0.057165604639937 0.238233082147068 0.165564779212309 -0.100203855588098
0.0843794750319006 0.190171660721942 0.118741562580002 -0.16505886464079
0.178365245299132 0.0271217838439251 -0.0142091991533777 -0.17417618706726
0.128905395486404 -0.0969604838464301 -0.0834217034448956 -0.0892699655296272
0.0375774435150037 -0.143311208197059 -0.0888088194960171 -0.0381687108657945
-0.0509102095125464 -0.123183546779826 -0.0695436904649046 -0.022720986705598
-0.0695738514775881 -0.0996293372953719 -0.0276037531988907 -0.0218667173753035
-0.0688447462741848 -0.0907234348446894 0.00710028934361788 -0.0498059219298354
-0.0285333249707923 -0.132810610898505 0.0672092703793331 -0.0654790035247175
0.0577003438835707 -0.141699589135369 0.128587940132445 -0.0393695057466946
0.137955641852323 -0.100124511690215 0.146925898423098 0.0653784242117015
0.175896114697039 0.0711545550608027 0.0544501705575364 0.123416714422756
0.0551991133644358 0.203423373541782 -0.0666958999754393 0.0688819027678762
-0.0700164700942281 0.212210865762343 -0.0119472493842629 -0.0605801549672033
-0.123161215464985 0.0999940656267318 0.12031435350736 -0.184913707593254
-0.076891679988467 0.168052956894274 0.182056933072631 -0.124869621385985
0.0369366253516258 0.15436928580015 0.146696783259118 -0.146965033289034
0.130265007041176 0.0394188339228786 0.0393535357536763 -0.160052309252006
0.102122724641276 -0.0654636898229346 -0.0343823875885713 -0.12349757897204
0.0357099972952963 -0.107320884289633 -0.0791325857030118 -0.0939046627626992
-0.0356265087932289 -0.0993415191145654 -0.0851656851906115 -0.0681263514978562
-0.0553647332084197 -0.0822923530811857 -0.0502596870094836 -0.0571578285725228
-0.0542585326262998 -0.0764416166401281 -0.0144987853086174 -0.0843096787442566
-0.0207112347462834 -0.108147690821113 0.0503339824236802 -0.10099602142795
0.0506756262138802 -0.112521889731318 0.127205899221813 -0.0730143944196223
0.118357410435933 -0.0700864027461402 0.154525724229384 0.0433879393234113
0.129333007231192 0.0765376306025802 0.0655637993190478 0.10697536663245
0.0139195196989203 0.159984921671693 -0.0565855081642209 0.0493490204965109
-0.0771397785398544 0.14089810487267 0.0175052095431662 -0.106731803491761
-0.0776005763492399 0.0167817515079483 0.160253117942764 -0.224952292559322
-0.0712189796678198 0.0684408662005729 0.183078798975683 -0.137954559077248
-0.00264011936303872 0.0855560583965643 0.156784902502527 -0.134070079366928
0.0621187024239668 0.0322966164572103 0.0667003581900517 -0.147752714713789
0.0560733667431686 -0.0285014795115631 -0.0087634083023384 -0.142246504567211
0.0250628099593452 -0.0540240202314909 -0.0750709677025957 -0.125788419299708
-0.0153686595251172 -0.0587372542897258 -0.094133016719132 -0.0970831381850693
-0.0312820363794617 -0.0532187934138966 -0.0647904706553975 -0.0821480251824268
-0.0312666946688675 -0.0523181024599196 -0.027515240162683 -0.109780564174788
-0.00823332724788793 -0.0725286144169502 0.0427689900054055 -0.12670701702841
0.0394422216663953 -0.0734155524331176 0.131590435387946 -0.0936796579513412
0.0908626094612593 -0.0322763109523093 0.16006079751944 0.0336371903566679
0.0726929138774926 0.0760981412841067 0.0691899951986324 0.100237348629475
-0.028185227267696 0.101701617931249 -0.046765817155763 0.0380756401457782
-0.0775732096355684 0.0540494431472667 0.0470462024009958 -0.129460365476953
0.0562752392460428 -0.00427401417731883 0.054028791440425 0.174717184106564
0.00294151833805399 -0.0549771310286597 0.0783322816620215 -0.0576583192563149
-0.0421432384968623 -0.0257049391782466 -0.117006568109639 -0.0781684521744137
-0.0303387793817188 0.0285094976649971 -0.186109734346588 0.0639048431497277
0.00493306659615863 0.0281415114766771 -0.0779726599099598 0.188802236893992
0.0130992177080098 0.0149615198289628 0.0615670775552624 0.169837590876489
0.0194032070258314 0.0114532245379125 0.118987689981947 0.0958977985021009
0.0108376451587556 0.00642949808985471 0.12846787724934 0.0443942898645194
0.00146763445158273 0.0132424953259776 0.146190989265985 0.0252934140960905
-0.0150564835798302 0.00878072624534032 0.148340700847424 0.0562695007388717
-0.0127680632998734 -0.00593935909473656 0.114049840589548 0.113778789022241
-0.0102103484079137 -0.019320600153455 0.0387833131519208 0.158648972845349
0.0303796490378149 -0.0323487493532413 -0.0460644447697163 0.203160653881699
0.0667039740776684 -0.0058421111417186 -0.0886981828476171 0.232819655441639
0.0548921469332118 0.0496647520620585 -0.0150197082334424 0.29714351288961
0.0714751081353989 0.0794961806765269 0.0325465981734583 0.176139215041039
0.0660847629714411 -0.00395123600432134 0.0830323801278466 -0.0541759783367377
0.0229590216986803 -0.0329854286035003 -0.110421381836305 -0.0959033363963583
-0.00383417453674671 -0.025448862784069 -0.202499384818084 0.0450848015790837
-0.00242613306600176 -0.0273340672130734 -0.0957929495250599 0.186920850507401
-0.0212747852961079 -0.0248844889006835 0.0470125976842207 0.174761363026142
-0.0267842891424468 -0.0059690899376276 0.106907044509502 0.103244784055852
-0.0348556290482287 -0.00931541572227524 0.121090907013526 0.0461240674661056
-0.0440499584782385 -0.00984069443915238 0.137599823250864 0.0177878633745507
-0.0476275537341277 -0.0460741684680662 0.148487235365465 0.0348402617002801
-0.00274297448460356 -0.0744735152698349 0.132166913181174 0.0882992043773507
0.0441125960970732 -0.0676362848055055 0.0765179455315393 0.144262772638553
0.112766827145788 -0.0101006783303056 -0.0102068317365743 0.196812195660723
0.121754931747685 0.0846057210799849 -0.0640946997520767 0.215860793546657
0.071766688869504 0.154491778594332 -0.01086220911169 0.255649941640478
0.0653293536455679 0.160023259986365 0.0102925353154096 0.143357698929581
0.117795526128662 0.0692776114039654 0.0861207197844317 -0.0655093913343444
0.0982401742122078 -0.0181722512637015 -0.0965560082432732 -0.126400550489289
0.0417415442602107 -0.0752141577257838 -0.213404385172107 0.00680821881538312
-0.000569431966446756 -0.0865899606623149 -0.117516097219286 0.164856177194481
-0.0500272355242662 -0.071442369844451 0.0174602199179905 0.162666389727312
-0.0712020005530035 -0.0271919016354403 0.0759541123839642 0.0997947620193191
-0.0758053087933856 -0.0230628172696628 0.0965512915766318 0.04149959766006
-0.0824033648183608 -0.0253505193452987 0.111315309399876 0.00401966395993591
-0.0815267754397526 -0.0822477775172182 0.132721913143117 -0.00177322827014266
-0.0118020760485739 -0.130169010286713 0.142065509570946 0.0387369533415493
0.0687735009837836 -0.124628314823458 0.123098679271695 0.107588771283241
0.179974901259042 -0.0233317457908269 0.040451394046599 0.177866768299104
0.17970650229747 0.135710878336036 -0.038339030581616 0.191939808402526
0.0956753726313091 0.227978322110134 -0.0116220680535597 0.187294894985008
0.0402692272920555 0.221400479103196 -0.00659244256336428 0.0749465844198859
0.144005954038571 0.150602475607842 0.0869182970880389 -0.092707762642968
0.165917099753178 0.0203365769319102 -0.0697036548157547 -0.162234912353932
0.09925921469408 -0.106640896009484 -0.203942093169979 -0.0461735647700499
0.0132059779048529 -0.138214316651905 -0.134938251535787 0.116120704032397
-0.066635331808711 -0.114175273617611 -0.0210318048277999 0.130520298261729
-0.104304079932834 -0.0487250975658837 0.0306438208883955 0.084224489483478
-0.106567187701658 -0.0330223074131238 0.0578334374797989 0.0302392324801476
-0.107798018940145 -0.0327562884298252 0.0716367301822822 -0.0128196953073464
-0.106414600445556 -0.0993424237018398 0.100594519721515 -0.0402836554684751
-0.0299288470890169 -0.162188660325275 0.133145479779384 -0.0196055196670786
0.0668737426767677 -0.168903301526141 0.154553755202349 0.055286388813656
0.216016640817959 -0.0520438526301601 0.0848599299863379 0.142795510223594
0.217135818619288 0.149261587905606 -0.0215283266189828 0.161934933645196
0.112509167109774 0.261005132358542 -0.0232872049735279 0.105433495510195
0.00510871633216175 0.245018316270928 -0.0144616068158334 -0.0213619989581436
0.132858238711795 0.211720140932554 0.0840919688947027 -0.131880893141236
0.197617713355975 0.0712632575669512 -0.0307385310570833 -0.191666169544084
0.147310441767024 -0.106366861583873 -0.166491969176134 -0.101623663307063
0.0340259379638746 -0.163729288538895 -0.136783673354651 0.0456280019177563
-0.0674376318782562 -0.140288625630993 -0.062131076149472 0.0787045486231174
-0.119490171516862 -0.0643334709984778 -0.0228260524181163 0.0575210250494493
-0.121600389588796 -0.038485630865474 0.0117470361444522 0.0151129139226397
-0.118606337044402 -0.0342442569319898 0.0237470610243556 -0.0301962648398178
-0.114970317539147 -0.100907550198559 0.0588442530037838 -0.0727999901483801
-0.0420704253263898 -0.169036760994186 0.108211335985826 -0.0717954930865523
0.0575756385848965 -0.184051172282553 0.164204994730889 0.00176368637911028
0.217915671645435 -0.0645585737686474 0.110527827493106 0.101674092654061
0.214365040348546 0.14425396680637 -0.0163003726314926 0.130702639203081
0.10658692219634 0.25633834495019 -0.0414189684419637 0.0229986110171979
-0.0276568550596568 0.221534174922946 -0.0108217569051225 -0.125947633587544
0.087748746151457 0.223469024244321 0.0813587027462013 -0.173433559460891
0.177920357359078 0.106778750055333 0.0113300343223719 -0.206567270214843
0.158502900806356 -0.0787599866841849 -0.109766352596124 -0.142559403572055
0.0477660623309251 -0.152730283780796 -0.122449983905828 -0.028257657270673
-0.0544610677185268 -0.137996872541226 -0.0975023724960872 0.0197114837424051
-0.113617634164988 -0.0679984811426798 -0.0734229576351905 0.0262223807918683
-0.117954517513417 -0.0387930816875567 -0.0347667218387163 -0.00110256971294844
-0.112280853175672 -0.0327420979606713 -0.0225216073681435 -0.045672789783862
-0.105898640691061 -0.0917108207043324 0.0159772144076178 -0.0960237622193722
-0.0404672498845368 -0.154404191700317 0.0792819295209427 -0.109994500925191
0.0544672070965918 -0.167990941522442 0.158995125172346 -0.0356369121774562
0.196824731321093 -0.0503965147102487 0.117320710658765 0.0678169770942573
0.175478711680431 0.137094804151245 -0.0185043143640596 0.101369342001327
0.0735158345102265 0.222740392894003 -0.0548308122065673 -0.0488651990293184
-0.0478791831386969 0.15286530902709 -0.00411243263184939 -0.21659194334051
0.0319238810769638 0.178130269166865 0.0769715932256045 -0.204783985343607
0.119391940031973 0.103688539277229 0.0427678800916236 -0.206813074285502
0.12669864786276 -0.0422023015430641 -0.0577505357002183 -0.161740190250756
0.0444221618269835 -0.112191545761 -0.102191383016831 -0.0847429633994918
-0.034915787585416 -0.107392641428123 -0.122883422612651 -0.0299154084209127
-0.0874550407991338 -0.0578623937821486 -0.11395442227209 -0.00177087993685832
-0.095120910080642 -0.033350463619118 -0.0750530238579353 -0.0162987547721714
-0.0913550156402191 -0.0298680093139563 -0.0614798614247838 -0.0604777427725989
-0.083605897125884 -0.076824012344478 -0.0188247629337995 -0.114084918305617
-0.0279140835011511 -0.125913461890312 0.0580765121002255 -0.13647627023352
0.0571057154906799 -0.130860528780933 0.152441371858363 -0.0594187384245964
0.160804970140077 -0.0163413524186266 0.116627122526454 0.0466630952962618
0.112033211729825 0.126332271306126 -0.0201148444540959 0.0778864749465771
0.0220280832424959 0.167046062750477 -0.0564083394453094 -0.104081120794492
-0.0569468082290487 0.056363255328947 -0.00194763038026773 -0.274901679073283
-0.0196284488684578 0.0940425190267242 0.0674282305370554 -0.21774276673625
0.0468775067529051 0.0693392998719469 0.0548954770301978 -0.202590594735679
0.0681274637919389 -0.00988423092542329 -0.0291512054007771 -0.165377066110987
0.0283570791700555 -0.0552707794110612 -0.0922259390055142 -0.113576160502847
-0.0111618439221182 -0.0585902441474311 -0.138740875350083 -0.0570363173944123
-0.0473170550459136 -0.0370959478286518 -0.138337567764102 -0.0197356698738347
-0.0581535914077721 -0.0238555372255551 -0.102127034972331 -0.0269873670265746
-0.0585310652311084 -0.0242905973708357 -0.0882829890427845 -0.0730528338316053
-0.0523705856717071 -0.0551349112582827 -0.0410510139994906 -0.130231357511077
-0.0123218014201647 -0.0860573376365001 0.0489564502237173 -0.156442430379442
0.0570964559124548 -0.0829345048723168 0.15119196769835 -0.070420312716049
0.111876017312003 0.0191965774140193 0.116239095974718 0.0392747587202756
0.040493454985871 0.104606465824372 -0.0176410770699082 0.0616669417621616
-0.0315748140198941 0.0939706964569881 -0.0436777960032366 -0.139608563252668
0.0584248216979389 -0.00602402397078102 0.0610808233208228 0.178776570081732
0.00126078611166682 -0.0566585592602455 0.0801583683657546 -0.0641463577535299
-0.0441801805841607 -0.0255771279717741 -0.121746796167733 -0.0788517825374424
-0.0305296288210584 0.0310923349069519 -0.189727391577709 0.0702595540155771
0.00535384672430843 0.0289768902867145 -0.0759190102859984 0.198287181187411
0.0138063860764029 0.0154508379221237 0.0676662745266329 0.172281136243963
0.0203346011042288 0.0106264053801153 0.124049087104461 0.0935619200344156
0.0105342325068851 0.00632382941823279 0.133087462198006 0.0404589098770203
0.00201198996435623 0.0140739243228674 0.151297384896405 0.0196854041786118
-0.0151244416010505 0.00974083161349209 0.155829631262407 0.0534807358555288
-0.0135761356605921 -0.00541424815833038 0.121477251029991 0.115504101036807
-0.0113060590157203 -0.0195430090659793 0.0423408130489159 0.163230145513808
0.0300944870458893 -0.0350449926707437 -0.0450406314473276 0.211343952172234
0.0671256557617583 -0.00787801236332423 -0.0871912936634088 0.240880507876859
0.0573574119745995 0.0514462304460802 -0.010509928164888 0.304720713035615
0.075064506982922 0.0802970585150474 0.0385880448534592 0.180450083911209
0.0673564480123955 -0.00614603495781429 0.085676354974903 -0.060459034947016
0.0223561254384841 -0.0341075401828678 -0.115386588170802 -0.0969073701556505
-0.00528467968805193 -0.0248650882187125 -0.20754238586269 0.0510294412363855
-0.00435018360321539 -0.0276208287555668 -0.0945494062937481 0.196161562312129
-0.02296029382742 -0.0244605217521771 0.0524296690629886 0.177731998343869
-0.027802213946006 -0.00502307413373256 0.112716833343708 0.101683078253061
-0.0363301404919079 -0.00841849677360237 0.126029829923867 0.0428043856778159
-0.0454913414623739 -0.00860084983475161 0.142556320034435 0.0128122315466405
-0.0512092990487852 -0.0455455897590264 0.1547811084228 0.0302626833066585
-0.00586502703383145 -0.0766122055476327 0.139393024984769 0.088273100158843
0.0429774134187304 -0.0702754567982594 0.0805237619609972 0.146765581837326
0.115377380534441 -0.0141484979394918 -0.00765605604289527 0.204693877478367
0.127166377261763 0.0843497788959447 -0.0620259891144332 0.223352334331155
0.076180947176101 0.159909443465792 -0.00581290815199745 0.262346790536171
0.0707845671661389 0.164303812110492 0.014460596759866 0.146991070131659
0.122787142795671 0.0680422163372612 0.0886213129774839 -0.0720848577050689
0.100345080035501 -0.020673269242685 -0.101094277476835 -0.129421320130485
0.0400372989630449 -0.0774796606957337 -0.219255970579617 0.0122567084124391
-0.00332185644933287 -0.0887863783055594 -0.117656329193703 0.173263194929431
-0.0541066771016847 -0.0713487556684453 0.0215476002153872 0.167276799393241
-0.0735947148490597 -0.0253791857208647 0.0812593207467329 0.100460915478073
-0.0790571850751364 -0.0211059646787939 0.100768540938634 0.0387685393975729
-0.0851721276431403 -0.0234290431203523 0.115545777173328 -0.00111635239783933
-0.0867438136865655 -0.0822251711407147 0.137139739249628 -0.00692559666989082
-0.016953500042396 -0.133520655347924 0.1489640611477 0.0361718276597463
0.067363491788225 -0.129314850298624 0.128301897800865 0.108213116010101
0.184880662509604 -0.0289590268771769 0.0443753292309485 0.183655093564431
0.189095012288264 0.134942684727802 -0.0359528434695135 0.198104891160731
0.101867376543831 0.233698183990772 -0.00806129361802372 0.192356723737788
0.0461051490267364 0.228756616408824 -0.00491722335573376 0.0772446149467603
0.152184468609379 0.150568117684483 0.0880729403949351 -0.0993882161548202
0.171487980150546 0.0178783584965513 -0.0731753548946595 -0.166994770495019
0.0992074099869289 -0.111614701471665 -0.210412593108975 -0.0427605471573494
0.00904290559928542 -0.142325675882197 -0.13663695707067 0.122340117088338
-0.072573586333794 -0.114979913636043 -0.0192555046788371 0.135155212006081
-0.108410446029369 -0.0462422336143192 0.0339323093929097 0.0867685711748903
-0.110357460962501 -0.029986045225382 0.0602447241894941 0.0290404352277743
-0.111396557879614 -0.0299927584420398 0.0737775882780872 -0.01692652690685
-0.112355003570869 -0.0985295617669671 0.102565970128153 -0.0460807255777973
-0.0375756341630902 -0.166037118835633 0.137916987856646 -0.0243338779016399
0.063659390678582 -0.17497864367173 0.159754037474818 0.0523940223092186
0.22132496715256 -0.0598714784933525 0.0893428030400261 0.146644793862304
0.22762297078131 0.14765632012015 -0.0201418610657551 0.167125361748791
0.120270909243917 0.26679960613003 -0.0214053299524075 0.10932012625077
0.00948529452633463 0.254462566507575 -0.0145959454604085 -0.0217997765063458
0.141458541469509 0.214260191894211 0.0848196868884244 -0.139278712795275
0.205330739373828 0.0694160725617886 -0.0339808855478968 -0.198092513970856
0.148842321777969 -0.112540716214691 -0.173562573639689 -0.101955472222843
0.0297860192132288 -0.169256452819767 -0.140647362009065 0.0492013722267327
-0.0742529915978519 -0.141662759113978 -0.0630810978564003 0.0833029972481659
-0.124406499107533 -0.0615915025243247 -0.021494547689454 0.0608377844103734
-0.126236262047782 -0.0349524105524908 0.0124113999211649 0.0147906070838312
-0.121720104219924 -0.0309183856859514 0.0248217421805552 -0.0329939470288164
-0.120942802447953 -0.0993352659688817 0.0582367208435305 -0.077474019064614
-0.0496390454378833 -0.172129370740776 0.111377525590808 -0.0775076831615937
0.053067024511923 -0.189387026663815 0.169347670061714 -0.0027929638062035
0.222394582893229 -0.073303293642422 0.1147388126787 0.102723879118275
0.22601604336661 0.143011273293601 -0.0152520057383527 0.134616311558274
0.113761195627052 0.262585415688794 -0.0412904035383499 0.0255077186466034
-0.023967503430688 0.229123500263027 -0.0139632124344061 -0.13028453468809
0.0962314888333653 0.227629818875196 0.081010544828189 -0.180642271201931
0.185851820942947 0.105288305498936 0.00926975277852266 -0.213868623762761
0.16083351919008 -0.0847271971845915 -0.115721726555277 -0.145112023370154
0.044185243803812 -0.158856195879358 -0.127743417799208 -0.0275296866093022
-0.0602056824960267 -0.14083216559 -0.101260566947337 0.0231726753092311
-0.118014974298002 -0.0655288651951559 -0.0744753232026177 0.0306479488605712
-0.121861827300618 -0.0347519499769369 -0.0359919515734305 -0.00043388011130653
-0.115550758968447 -0.0297537932076316 -0.0231607697565887 -0.0473110185866457
-0.111393429025044 -0.0912041105080864 0.0139926514458066 -0.10081901354933
-0.0468777321744599 -0.157238533656036 0.0804912666310403 -0.115464559732911
0.0509513236057087 -0.172985209194721 0.163235214417251 -0.0422403935368232
0.20022514349484 -0.0574175278127493 0.121172487390384 0.0678597599091202
0.184080571530304 0.136210381811415 -0.0173913788504877 0.105269635372563
0.0785662980007298 0.228600986852583 -0.0568815159967583 -0.0472543059802151
-0.0462242451581358 0.158906883104235 -0.00861472663650375 -0.223033891829415
0.0374006417421271 0.18202448047747 0.0759906877957607 -0.211873117446364
0.125892464434235 0.104489868222433 0.0414367688586787 -0.214617647318186
0.128888227592132 -0.0466068183130998 -0.0613750378562122 -0.165853955714224
0.0420294458796328 -0.117078427509096 -0.107550560969606 -0.0862987441776026
-0.0390189249920736 -0.110252530771989 -0.128537012165352 -0.0267784307084546
-0.0915479685332013 -0.0559855603808325 -0.116635241790906 0.00393929759315731
-0.0988736536104642 -0.0308461393664178 -0.0771926006538123 -0.0136260209166409
-0.09419084432983 -0.0272966792581213 -0.0647400639358562 -0.0602026793621424
-0.087909776733915 -0.0761279980592323 -0.0225869783262805 -0.118213159514574
-0.0325153185851464 -0.128031642188403 0.0577766647688888 -0.142099939332886
0.054857875511249 -0.135144613615354 0.155509182991333 -0.0657667759998035
0.16455249331603 -0.0216613951035293 0.11969986205091 0.0459098648303191
0.118539539927956 0.127295532360386 -0.0191585228461669 0.0813954565520008
0.0253202045159381 0.171882651205293 -0.0600007828264143 -0.104594610454413
-0.0576729435020429 0.0601216123905969 -0.00681216938776282 -0.28306899270655
-0.0173978338629076 0.0973808370338908 0.0650196506623051 -0.225381025050956
0.0503616680541991 0.0695862065682656 0.0523320708548298 -0.210159577725532
0.0694692950636339 -0.012619451617116 -0.0318508761859202 -0.1715371544929
0.0271228722736357 -0.0575946603021619 -0.0981500704039985 -0.11720000595143
-0.0131537683023926 -0.0607864986068254 -0.145368894498634 -0.0538589482507545
-0.049268445724595 -0.0365386292992703 -0.142656269954138 -0.0139213935098098
-0.060928933295747 -0.0225922436198937 -0.105487561367699 -0.024286988385793
-0.0605485275805592 -0.0230857967281457 -0.0929132510463204 -0.0724554712301956
-0.055687015114159 -0.0549411723770247 -0.0454464305405506 -0.132923751900764
-0.0144839735653772 -0.0879299672714075 0.0473927893117543 -0.161535051984411
0.0562631998595876 -0.0862010294112228 0.154266512128991 -0.076936670341304
0.115294535351824 0.0166356201318868 0.119751217013816 0.0386287240847467
0.0440760084994655 0.107236620897092 -0.0174441600291298 0.0644475408935972
-0.0311030486807591 0.096745428960869 -0.0479193695749356 -0.141109160089935
0.0597176974203288 -0.00953567902378921 0.0720343104922211 0.177663924325045
-0.00209491990116539 -0.0574848322654956 0.0793062387182156 -0.0718360664018125
-0.0455861820684338 -0.0233642368934173 -0.126506087747804 -0.0753751828555624
-0.0291890734377528 0.0335112127875101 -0.189175457701825 0.0806721106064745
0.00756275974512772 0.029681507671736 -0.0671745976978395 0.206030178828883
0.0144316694398086 0.0152588210612864 0.0768730189542362 0.171191847892306
0.0212372201791124 0.0089689622316623 0.129086480992787 0.0870283636781292
0.0110459013634009 0.00568914175190362 0.136375349816562 0.0330414458587057
0.00223666550945644 0.0138098937192196 0.153722814801012 0.010478161532527
-0.0147069519177582 0.0109072633896723 0.161609019184228 0.0450385435536241
-0.0138866864991715 -0.00509849679345622 0.129777259575777 0.11104340479396
-0.0119752586623848 -0.0188883285457634 0.048586750108974 0.165461519541343
0.0288025085032076 -0.0378838781667625 -0.0371712597265795 0.219066390812942
0.0665946261192565 -0.0116119390630224 -0.0780646019929819 0.245951462703826
0.0606416134162409 0.0515430022676715 0.00188561738245095 0.307901735163019
0.0804235380137775 0.0784106547760125 0.0486314107325447 0.18093463867323
0.0675357958605872 -0.00988050196989329 0.0847748903733941 -0.0681458277322973
0.0209869307710782 -0.0356369717287298 -0.12025895925811 -0.0946138914843892
-0.00645170626717199 -0.0246632144962567 -0.207789333114259 0.0613854771469145
-0.00585633231093347 -0.0270571348268315 -0.0864098604497483 0.204293456474701
-0.0245294906226069 -0.0233338644888749 0.0617397677669162 0.177692803914633
-0.0278671123016105 -0.00381293473134782 0.119130073894772 0.0963770806817906
-0.0379385578075054 -0.00620209525895088 0.129431924181847 0.0356619589824325
-0.0465158406381033 -0.00606596769040018 0.145631080182557 0.00307638817451959
-0.0546669339414461 -0.0429495499575628 0.159342423019631 0.0216990595567661
-0.0109548368023407 -0.0774914841604454 0.147648651653712 0.0819775631777684
0.04060484246263 -0.0730603372312901 0.0870164680624971 0.146037659033449
0.116203174374729 -0.0206552867549561 8.91173103874586E-05 0.209688857008777
0.132114042645302 0.0791415230008698 -0.0535399224255447 0.227962987894919
0.0837930120649801 0.160527545267728 0.00545622099790522 0.265268879060978
0.0789031669069678 0.16456229500656 0.0225021987460641 0.148271705851655
0.127204628400223 0.0625111012185275 0.0872344565065239 -0.0797279648217331
0.100848551256174 -0.0253700995788728 -0.105929423321794 -0.127812225607547
0.0367257381978268 -0.0798230143381859 -0.221742487272076 0.0229997580850479
-0.00864819449977524 -0.0896247053509265 -0.111846534490352 0.181406591852124
-0.0587493955247241 -0.0688878918979005 0.0298977498073183 0.169014486686286
-0.0748751085596772 -0.0217783598461575 0.0875020847597236 0.0973620974520868
-0.0812057563907923 -0.0163067924068683 0.103943259778441 0.0331357598383669
-0.0870164487435769 -0.0188413689143432 0.117425507029609 -0.00899318061740076
-0.0921063963064735 -0.0787131682735922 0.138470094254042 -0.0156892108697886
-0.0248620720012463 -0.133855042237859 0.155138091718864 0.0288620720120389
0.0603326619008494 -0.133372620938666 0.133990454323817 0.103434178387323
0.185137538881839 -0.0391969098712826 0.0515010396435022 0.185927285640215
0.198245436264494 0.127116764541669 -0.028922952614483 0.201896849266874
0.112279949816174 0.234778717318541 0.000995983796987978 0.195187980119289
0.0576371414787331 0.23107298705976 -0.00123275631014437 0.0777918267413591
0.161825723389206 0.145460109794523 0.0854297161051332 -0.107177051582376
0.175008902644082 0.0107242151879912 -0.0798488338859303 -0.167677576441178
0.0950657943056757 -0.117295524836794 -0.215365501734884 -0.0343965768483816
0.00163061590152098 -0.145186583247746 -0.133279678066419 0.130439077636069
-0.0797608879549147 -0.112566452159513 -0.0138297058442142 0.138614978336925
-0.111108883699879 -0.0407310274060268 0.0389089408019625 0.0868933103849274
-0.113543579105112 -0.0241296721314142 0.0626758962614045 0.0253776825379255
-0.113687873415056 -0.0236893688787096 0.0750196035735112 -0.0232142542920454
-0.119755522621903 -0.0934967945977666 0.100885077973129 -0.0535948624521384
-0.0470009990911346 -0.166116882582533 0.140931142886042 -0.0317775943459271
0.0552064555397865 -0.179386935835025 0.164024108151333 0.0446231117686486
0.220601143251558 -0.0716177470724425 0.0959767816700101 0.146368025329149
0.238830872124538 0.138739124614434 -0.0135850989638282 0.170302433330271
0.132340138012022 0.2671514937153 -0.0163942135695953 0.111995094969508
0.022088742449038 0.258842679865106 -0.0161036339741178 -0.0225295116766828
0.15494401113919 0.209818845898576 0.080269946335085 -0.145483320780333
0.212206795348851 0.0608491923986892 -0.040346936566427 -0.200705505326781
0.145115860604392 -0.121261668982779 -0.18032990572002 -0.0956967368272109
0.0205474639366185 -0.173141868302605 -0.140952321605514 0.0553749867232044
-0.0831140964775664 -0.140126570641807 -0.0609214278590436 0.0884405861441554
-0.127976725772671 -0.054689346379416 -0.0179279455820424 0.0650862296065372
-0.12861613790246 -0.0279656933571751 0.0130933477523232 0.0141959703817537
-0.123974905510057 -0.024389085872015 0.0244485084674841 -0.0365013051216492
-0.128314566728597 -0.0939529276859562 0.0540093287446942 -0.0833912738915684
-0.0597931515420189 -0.171020172917274 0.109870640544086 -0.0844918544871972
0.0437659914104043 -0.193739551828337 0.170539552104298 -0.011676955780749
0.221707965410069 -0.0856733384917131 0.119685792858829 0.100693889209591
0.236075597702815 0.133903747795531 -0.011228977582974 0.137619010698425
0.125210491178266 0.262128948061597 -0.0399450655327722 0.0288951318575733
-0.0138759651877549 0.235673760619095 -0.0199720364764355 -0.132200147907656
0.108622379251836 0.225812825351099 0.0740808223012463 -0.187023975937089
0.193874459391291 0.0982440150410575 0.00143991693282842 -0.217837970931138
0.158881855103483 -0.0940167122197111 -0.12311130415757 -0.143163165890582
0.0357216494002917 -0.163240749275681 -0.130850933564254 -0.0241398441163973
-0.0699352150555065 -0.139645432817173 -0.10189783616962 0.0296499484710741
-0.122591458410978 -0.0586581140583747 -0.072877762517307 0.0373102313014947
-0.124594985087125 -0.0282562580929559 -0.0361043305290576 0.00165839847509279
-0.117707201638163 -0.0238195889980941 -0.025478858502238 -0.0480620318899492
-0.117558332394215 -0.0861675749338984 0.00804293771300294 -0.103645010426293
-0.0558920223858008 -0.156428414480478 0.0767156382193128 -0.120898021291392
0.042352653541433 -0.176288500048652 0.163700284469903 -0.0520927660001655
0.199923721023786 -0.0688181900648976 0.124361924417134 0.0645341696151224
0.193334759841266 0.129363053313248 -0.0142254020390541 0.107676420008891
0.0888357741611797 0.228313388691584 -0.0594133172854722 -0.0445047412702823
-0.0399673976636481 0.164821967488064 -0.0188098209379143 -0.227433603963851
0.0465298798524673 0.182800163025478 0.0672560054860936 -0.217593493770951
0.132007646620104 0.0992055312696755 0.0341049956032745 -0.220721215143443
0.127453105409205 -0.0539467247543347 -0.0687236959166785 -0.16728303942874
0.0355805691460959 -0.120691519044891 -0.114374794226095 -0.0852294958387628
-0.0460206232166351 -0.110436137383929 -0.132304911477396 -0.0199079921357723
-0.0948859285299803 -0.0510659052357384 -0.11720634851453 0.012160569694475
-0.101661633736023 -0.0249466287069805 -0.0789024388848192 -0.00966950030791786
-0.0967377367895027 -0.0223743426351573 -0.0680044751114648 -0.0583947414822959
-0.0930878386804635 -0.0721484521060846 -0.029328028051158 -0.119352653360592
-0.0394292041609264 -0.127434363258702 0.0524730722283174 -0.146863589665298
0.0484892790943197 -0.138725212056129 0.154854891405418 -0.0748223968434418
0.16511856347758 -0.0300299144978823 0.122550989948929 0.041640145897703
0.126632630469257 0.124043032870223 -0.0165503243036603 0.0843827126229873
0.0329084129913894 0.173377922593063 -0.0651460481673619 -0.101340860082875
-0.0554656683197145 0.0641920840443359 -0.0195134939669995 -0.287311933481954
-0.0131199395685964 0.099196492041535 0.0571502217766721 -0.229819602561997
0.0541271796301209 0.0677394553388116 0.0451966079979393 -0.215876135359906
0.0692397676891325 -0.0164058572613808 -0.0389904962360282 -0.173632576278973
0.0233121267453971 -0.0599481120594926 -0.10541647706288 -0.115929534514884
-0.0170030233127607 -0.0614649175125858 -0.151041560711965 -0.0460052951302405
-0.0515096035135642 -0.0339473525881952 -0.144041159251518 -0.00449854968140111
-0.0624000872894441 -0.019041549366682 -0.10762711197049 -0.0192668132818819
-0.062515883853085 -0.0200749748862348 -0.0968911964886188 -0.0689336280665602
-0.0587997937156126 -0.0528164646609009 -0.0529066832915311 -0.132330803840533
-0.0190972268503864 -0.0879111467764428 0.0399924848439011 -0.166876755194383
0.0524726904007833 -0.0889878890170283 0.153062863220676 -0.085885375442136
0.117285677000264 0.0113312878347488 0.122215515093197 0.0341125531175392
0.0491587135848311 0.106918040445526 -0.0148911021713334 0.0673936367796527
-0.0271658394640667 0.100346650008236 -0.0549732817450465 -0.13873716117476
0.0585670880234394 -0.0128032239817398 0.0817085223756883 0.171450701750361
-0.00528826573298616 -0.0564388029806472 0.0747207652465312 -0.0785844774411351
-0.0469042974739219 -0.0210351198403103 -0.129164276738735 -0.0695915646214293
-0.0267151909225083 0.034632676096181 -0.183126342234886 0.0898629749430726
0.00930898724291574 0.0294462604594637 -0.0551379920860864 0.209049801940779
0.0152846099715561 0.0139692447378801 0.0849208378565964 0.165150584396551
0.0213759278047558 0.00753397215853043 0.131205044591811 0.077563762782191
0.0105780556881775 0.00488157618813155 0.136174270163219 0.0247431154093969
0.00337688283965313 0.0130981259673265 0.152467111650636 0.000275232829967038
-0.0142333386835506 0.0112516335115691 0.163614117162377 0.0349617658561876
-0.0139938631910094 -0.00457810892056382 0.135142113173489 0.103356601124568
-0.012554825367 -0.0177079640434253 0.0541573054741309 0.163016010883508
0.0260997330507101 -0.0393809578781523 -0.0265982218355434 0.221242694425702
0.0646459730090082 -0.0142869739751117 -0.0670071018048118 0.247146083388959
0.0632802627146196 0.0495975070944866 0.0148903390369811 0.304729562399662
0.0836434997384364 0.0739140169614692 0.0583301886240976 0.175880606789982
0.0659058591542956 -0.0133570756689991 0.0803616414108602 -0.0748915710440182
0.0193714515633663 -0.0362167678160462 -0.122279700757565 -0.0894489606032713
-0.00778146907890657 -0.0229981943263838 -0.203107547673592 0.0717280311065908
-0.00701550338612247 -0.0257223016319287 -0.0748058848595592 0.20795021407023
-0.0254636451711094 -0.0210112897383264 0.0703479286478945 0.17245810721533
-0.027966129472777 -0.00269024731327221 0.122423608167954 0.0875825961405082
-0.0379626871438092 -0.00340240076209963 0.129901025673142 0.0271114658315661
-0.0461664248371556 -0.00348292488207767 0.143723831221627 -0.00719773519756249
-0.0565174693459448 -0.0392520496932321 0.159303253389981 0.0114007066588182
-0.0153375455433854 -0.0758910738728708 0.152127547407345 0.0738278345082894
0.0358021424751549 -0.0730764101255549 0.0917322738171402 0.140726284270904
0.1131797309101 -0.0263098911153844 0.00941333786451692 0.209777104647398
0.134222220557779 0.072237689833034 -0.0430915117325762 0.226968252855948
0.0911613129622191 0.156914299949275 0.0172769026076776 0.261303234392917
0.0872580789562336 0.160157390293745 0.0299052178961917 0.144681570435955
0.129203567171663 0.0551209530831556 0.0821287487092994 -0.0856233790675885
0.09866656393282 -0.0294151953311922 -0.109509376305077 -0.123305330394839
0.0319703416848078 -0.0799304683985698 -0.218538452631984 0.0334611992765922
-0.0138838099011281 -0.087667504607449 -0.101076420355517 0.185779751841742
-0.0622888977267182 -0.0643607979406299 0.0383449206019899 0.165687470200831
-0.0747078922461984 -0.0173680123230714 0.0922057809116275 0.0909755534202102
-0.0813766719626742 -0.0112828459494415 0.103803794446937 0.0259504809932797
-0.0858759926440831 -0.013118689275821 0.115082954664749 -0.0181460063220372
-0.0959586159618125 -0.0719313628726044 0.136947144971698 -0.0247524905565908
-0.0328152185331141 -0.13162333058846 0.156176632399765 0.0195145847601791
0.0529824408226417 -0.134778544040467 0.136396394098376 0.0957018517270351
0.181363976753192 -0.049554366628411 0.0596439189330735 0.184433884773861
0.201809056587709 0.116049760344062 -0.0201513206596788 0.201495488048513
0.121738842114381 0.229892476902583 0.0100765241803771 0.192757490684791
0.0691307810903076 0.227640201373572 0.00296720829082066 0.0765233303499021
0.167466420292085 0.134643795253341 0.0798612829310376 -0.111719726693868
0.174482555662022 0.00221716700703433 -0.0848598996795555 -0.164433020806944
0.0880078666958987 -0.120444258627211 -0.214674650146172 -0.023222424245663
-0.00684222491253951 -0.143316490061221 -0.125697076857337 0.136106676398062
-0.0862335618806747 -0.10559582626647 -0.00687690576341887 0.138252662538088
-0.110866544817298 -0.0332095193100721 0.0442147811997689 0.084110432680856
-0.113446350102365 -0.0163318590777391 0.0631001049866396 0.0207433706661705
-0.112283522323551 -0.0163945489015033 0.0725184344422009 -0.0289059236462817
-0.124020111951285 -0.0849693198373817 0.0970138991088705 -0.0602703808641606
-0.0565650879109818 -0.16169525527463 0.139940618569592 -0.0403636153808379
0.0446904952863134 -0.179284285543971 0.163722189726075 0.0354285101075574
0.214406099945989 -0.0839588821021575 0.101350251121642 0.141723480717327
0.243337691859638 0.125076570794086 -0.00657385150074996 0.16904865909872
0.142615225934079 0.259908756011801 -0.0102194264831835 0.11153023613955
0.0347589966588134 0.257065349516717 -0.0170921360692212 -0.0219600336370568
0.164046812047861 0.199486906207731 0.0721105306407468 -0.149147760252264
0.21334510831078 0.049695966009784 -0.0473813298516807 -0.198625021590799
0.137301797871748 -0.127450122154298 -0.182423369395554 -0.0863418311378034
0.0104880277985389 -0.172717928887734 -0.137350348045072 0.0608921171796238
-0.0908323011701822 -0.133788906751062 -0.0562944680858372 0.0912658730123019
-0.128617261846848 -0.0465309008768797 -0.0128897587268047 0.0661778565956595
-0.128650113344507 -0.0193875465611044 0.0129112640958588 0.0132664630842501
-0.122440098609151 -0.0171317524123108 0.0220424721961961 -0.039075453873459
-0.132154959013044 -0.0856690270170148 0.0483704540349054 -0.0865591415514478
-0.0689146522217621 -0.165862491207806 0.106583682291942 -0.0907994090952592
0.0327347852660899 -0.192459064305606 0.16818081133221 -0.0222421396492918
0.215036998004964 -0.0971869511017133 0.121883648907306 0.0957008760241525
0.241449611597744 0.11989957141659 -0.0046641614469731 0.137422898639002
0.134994192961587 0.255521342041803 -0.037377279825459 0.0313777050432681
-0.00155945633201807 0.235551700356879 -0.0266375034192195 -0.130271511471765
0.119308571447346 0.217533327872992 0.0643094952247416 -0.187896170812313
0.197066363373993 0.0878657412853205 -0.00618006097246107 -0.217469184740286
0.151764250662379 -0.101039104747418 -0.127906134086527 -0.137377986713294
0.0259169946507799 -0.163840550889194 -0.131551102054183 -0.0187804357805205
-0.0777139331049117 -0.134031838112888 -0.100586422824498 0.035338550694359
-0.123159337058681 -0.0508303856442168 -0.0687418772700818 0.0425869382704897
-0.124598429916682 -0.0202053072241459 -0.0359465932130154 0.00358207757998015
-0.116027999139119 -0.0169374403562358 -0.0273448364288186 -0.0474308752615069
-0.121274709625345 -0.0785553470865573 0.00142267970735288 -0.103977956386394
-0.0637329255719548 -0.151445982011014 0.0714430564378724 -0.12486733551866
0.0325880049171735 -0.175226230591541 0.158824143543529 -0.0612480898793991
0.193760726120958 -0.0789131400917894 0.12513336876208 0.0593643024462859
0.198393570784727 0.118067190895873 -0.00996363222412446 0.108363303104462
0.097568767086035 0.223130815862196 -0.0599032941872041 -0.0394376683607141
-0.0309594936057568 0.166222257647191 -0.0298655656652921 -0.224264259852961
0.0550694094437194 0.178177124125945 0.0575673600332404 -0.217384284833332
0.135492202334375 0.0913673187503973 0.0249713987071544 -0.220606734251416
0.12299174111443 -0.0603474224974636 -0.075027685315611 -0.163527961370187
0.028044813451292 -0.121262788108091 -0.117570278749566 -0.0810347684976209
-0.0526498792834164 -0.106337269790759 -0.132886667543473 -0.0113485601411584
-0.0957535823410737 -0.0449493106457161 -0.113307492237546 0.0204949875487158
-0.100994121519819 -0.0183026192419628 -0.0782276460474741 -0.00460617882959124
-0.095292576840586 -0.0167127123455359 -0.0698129918721894 -0.0552064573211195
-0.0956876069551927 -0.0662476484437082 -0.0355469922019921 -0.116919525192681
-0.0458113988042967 -0.123471572620794 0.0458056553596705 -0.148810558182038
0.0405087420036954 -0.138430026976567 0.149614144798927 -0.0833848213831081
0.160825964016112 -0.0391582680759934 0.122422598196887 0.0367447841166509
0.131542685942266 0.116273218522731 -0.0136254813083747 0.0853381967510467
0.0396868482472275 0.171054372465101 -0.0686992298164504 -0.0958462088579213
-0.051736270743737 0.0668457554475932 -0.03288866461332 -0.283759453935933
-0.00804180852493734 0.0988530502359548 0.0467742098522976 -0.228266060298845
0.0565400468978882 0.0640340027223667 0.0365704824359805 -0.21677798296214
0.0663434217889133 -0.0203556439277902 -0.0460074238244194 -0.172329166344206
0.0193471106672549 -0.0601001761807543 -0.110884206501032 -0.111547854042918
-0.0209833067271194 -0.0596230512428026 -0.152784078625615 -0.0366482854459057
-0.0529574979622444 -0.0311202788389568 -0.141663499670491 0.00543436885440351
-0.0627677954850025 -0.014716979059254 -0.10683776495373 -0.0122869686313673
-0.0624904930169921 -0.0164294427804354 -0.0991725358104269 -0.0633502956651704
-0.0611985754462241 -0.0489714659299307 -0.0586397801139131 -0.128153478631111
-0.0235458995336111 -0.0857585162076117 0.0330247634263905 -0.168073717718492
0.0466656159886069 -0.0907653582284806 0.147344911738317 -0.0933089355451539
0.116476648463379 0.0041351485589388 0.121375818206537 0.0284552054679367
0.0534475613688632 0.104090923478313 -0.0117121168941044 0.0686160075317136
-0.0225767233539655 0.100671218273811 -0.0606640707069462 -0.132400303312946
0.0570128898290284 -0.014594908311618 0.0869464541063739 0.163084218017977
-0.0076271278430069 -0.0546518100649311 0.0693766609407843 -0.0818882594019445
-0.0461683462760139 -0.0186490142587387 -0.128056639915932 -0.0648042167323669
-0.0243523881384345 0.035273603869441 -0.174813962647837 0.0931886086922175
0.0105206975669837 0.0284300599872518 -0.0458257451067335 0.206447809434328
0.0159047138593751 0.0137388682582251 0.0889254363518358 0.157481080093469
0.0204771133149012 0.00557235132801137 0.129215681244685 0.0694942844895654
0.0106373767964125 0.00379420667382037 0.132870439723852 0.0177290350882822
0.00340605110116619 0.012374010947464 0.147798429027551 -0.00708246362635522
-0.0126417162672953 0.0117540068404133 0.161654126611427 0.026265593743455
-0.0143668722821847 -0.00414590255241465 0.136181188629448 0.0960176548110269
-0.0128196170676902 -0.0165833358989467 0.0563508575377959 0.159418870573056
0.0239747683980523 -0.0392584932895567 -0.0189843691259135 0.217347689558409
0.0617228811680654 -0.0157747096215971 -0.0586930182448584 0.241301544321312
0.0646632155184702 0.0471109237526554 0.0228422614328343 0.29569786685763
0.0848374709506452 0.0697574213995389 0.063163427257111 0.168795478425101
0.0633862669415204 -0.015168977829156 0.0752324169152743 -0.0783481788492115
0.0175860259894473 -0.0358982885461239 -0.121977772989321 -0.0847331966378337
-0.00807442588135454 -0.0216922105806513 -0.194289271720574 0.0767427171287475
-0.00819702226391513 -0.0245725911025111 -0.0647754400402161 0.205512369288458
-0.0255435137178263 -0.019328707910349 0.0749426020589872 0.165463249290439
-0.0268180745811255 -0.0019535241769209 0.121755321036721 0.079197379635783
-0.0369528345470623 -0.00160285473716437 0.12645263627225 0.0202656886347389
-0.0444068531069601 -0.00119253958105615 0.138774244525282 -0.0140168857844143
-0.056671623612975 -0.0360805986050081 0.156199765044776 0.00351590518297267
-0.0182567856919973 -0.0735187673546343 0.151854870385381 0.0657591056098983
0.0322172166425437 -0.0725392966086999 0.0923369482623766 0.136415809411096
0.108997867407045 -0.0303004877356203 0.0154567301868445 0.206169496954423
0.132914477923862 0.0655342190638773 -0.0361550206131333 0.221167271492758
0.0934511856781091 0.152513351770523 0.0244736120028555 0.254077778948098
0.0910615345280787 0.153716311634416 0.0342234087183877 0.139735151009771
0.127849587087491 0.0481011662219187 0.0775142465344702 -0.0884426531408208
0.0951450695174609 -0.0322649798115024 -0.110186584406823 -0.119486008326336
0.0281538806036621 -0.0784841666306604 -0.211329900830897 0.0404470493607923
-0.0173167865441777 -0.0841429586782447 -0.091412999713114 0.184927844263554
-0.0633558077195498 -0.0599099642205347 0.0433337809484753 0.160063503420376
-0.0727312176373285 -0.0142114189208493 0.0937710455869393 0.0841327724128199
-0.0794323995406068 -0.007403896380578 0.101386185759884 0.0205305148737239
-0.0835193917484883 -0.00904275256181635 0.110798725325376 -0.0240495422603296
-0.0968107656518543 -0.0657007820109693 0.13268340491437 -0.0308313167008448
-0.0380924841424627 -0.126661026477086 0.154384812549914 0.0126544751545609
0.0463454062339944 -0.131943977340161 0.134192345158567 0.0885332184190819
0.174666858753638 -0.0548220258430413 0.0627495146429673 0.179120980381658
0.201158181103233 0.105728027171502 -0.0139919889776763 0.195578063307539
0.125905930271429 0.221779480939519 0.015595162297998 0.18694636429412
0.0756281932998997 0.220206235046966 0.00508434880945085 0.0742085373863113
0.168163108885625 0.124310476346767 0.0742244141036556 -0.113085744537194
0.170267128390441 -0.00422798778484848 -0.0867388393857614 -0.160143443736556
0.0804410651781362 -0.120060502521586 -0.209977203375731 -0.0158183065099673
-0.0131050888974826 -0.138560409044369 -0.117260987630157 0.13610515771212
-0.0892581008399733 -0.0998537266954389 -0.00155326469832885 0.135834083032675
-0.108266849141153 -0.028300246067359 0.0470283801967129 0.079633168945752
-0.110217061593024 -0.0111957221889883 0.0615317538892272 0.0176587164562202
-0.108885846295999 -0.0114549286225876 0.0696597223293985 -0.0338913394357373
-0.12315351177815 -0.0777809335591455 0.0915765737600486 -0.0629892494564377
-0.06220813868069 -0.154841220164199 0.136102644373675 -0.0457503195762872
0.0361188631364554 -0.175262038281331 0.159607315829261 0.0286689044023643
0.205733213365176 -0.0898241546010868 0.102592173291783 0.136289963694586
0.241073281933479 0.111855544652316 -0.00269343992019094 0.165543150336977
0.14654938980931 0.251755176691483 -0.00669903389214523 0.109148901302607
0.0435710012528793 0.250649902364365 -0.0182564398682959 -0.0206807196253818
0.166710205973292 0.18801522740411 0.0659552035831397 -0.148220894734385
0.210645187335659 0.0415149426577462 -0.0505212140806472 -0.194466538768519
0.128819486940424 -0.129219917288067 -0.180895709560042 -0.0794323663794071
0.00275076678013 -0.16785266858958 -0.13204707912045 0.0634470783557918
-0.094969639476486 -0.12582253463862 -0.0521457417575684 0.0919879570081368
-0.125525517959295 -0.0404615461777546 -0.00866921251669647 0.0656106583224927
-0.125091470631894 -0.0132577650365832 0.0132836330750059 0.0119217206999561
-0.117961102150573 -0.0115741265613236 0.0194767955746058 -0.0406835777835466
-0.131680841097093 -0.077557991872615 0.0429536709756807 -0.0870087498982101
-0.0738363796079992 -0.158499561687146 0.101506336940529 -0.0933868572894647
0.0237426290033976 -0.186822157151834 0.16185052560516 -0.0275096378285262
0.205065954332339 -0.102915430224753 0.121323358830284 0.0909124991881593
0.239107944610969 0.107931733206029 -0.00199936205512589 0.134778390537731
0.139921731688954 0.246513243247171 -0.0358510375804533 0.0315394030423113
0.00716187412730574 0.230001375220088 -0.030951245952224 -0.126346690763529
0.123393704393054 0.206860450648911 0.0570737729865283 -0.185802382099977
0.195734273700919 0.0784480389140599 -0.0113568264676714 -0.213732736148492
0.143683126340707 -0.104108489561652 -0.129098237608068 -0.130460023038696
0.0181355010715959 -0.159894570749121 -0.129638938564076 -0.0154685975004529
-0.0816276263746544 -0.127601340069849 -0.097484870858919 0.0394474585158032
-0.120645731104033 -0.0448979964254707 -0.0639141734721683 0.0449427927687658
-0.120214796267538 -0.0138472302586562 -0.0350611201574729 0.00496533475616783
-0.112243338429241 -0.0117870175246385 -0.0290765297943399 -0.0464691017547971
-0.120617419885351 -0.0708667961295628 -0.00277014712695329 -0.101611852980098
-0.0684167613784518 -0.144506698916311 0.0665565070745307 -0.125582305365142
0.0248926101753778 -0.170599418277814 0.151711028657904 -0.0659078110484569
0.185605027112871 -0.0841992135428419 0.123044962032533 0.0548789948981743
0.19730146149937 0.10802377024717 -0.00724800096193615 0.107659815735723
0.102388524817178 0.215341528797559 -0.0597327797471057 -0.036071288793576
-0.0246532940396629 0.164284178587821 -0.0369878896451298 -0.217764593101135
0.060189370550545 0.170826424959606 0.0492459612874313 -0.212774663707053
0.13528459583887 0.0845419380549507 0.0189386546665859 -0.216902286132454
0.116952345727223 -0.0630210267288452 -0.0773416972158558 -0.158581500514066
0.0220474415301866 -0.118248176196062 -0.118557318773716 -0.0769345731252656
-0.0562519700447157 -0.101393315481654 -0.130370650180835 -0.00562602126443648
-0.0940667716025729 -0.0401323509253256 -0.108273152318192 0.0252955740911668
-0.0981504979615298 -0.0133968511784098 -0.0760367978545759 -0.00141053248638914
-0.0928927822205608 -0.0124984014266337 -0.0703853147684686 -0.0517385630208693
-0.0959342345997174 -0.0607096634488631 -0.0388470180113488 -0.11235651689395
-0.049621617818903 -0.118671436632418 0.0406240814800902 -0.147518131160607
0.034102222472477 -0.134935095765492 0.142649600162064 -0.0868958501510212
0.155533752249872 -0.0446604493235072 0.11897496359896 0.0334751660855834
0.131663216646581 0.108986975421066 -0.0108155658630153 0.0849103476685724
0.043626432202031 0.166293636246744 -0.0700714994995519 -0.0890992576783124
-0.0484422627228912 0.0678769739070941 -0.0420666164958799 -0.275558089015215
-0.00453818279262356 0.095933142461447 0.0393752848203628 -0.222309919473776
0.056826820822488 0.0600390385149128 0.0296236187061694 -0.213065922905842
0.0634605473984167 -0.0221025049686383 -0.0491018880479704 -0.168581141413764
0.0157057299313529 -0.0586072445007107 -0.112896137035859 -0.107446565211419
-0.0239650033949932 -0.0575430444713939 -0.150364553967692 -0.0292099205514474
-0.0521553249587033 -0.0283107718546444 -0.136164054956713 0.0123333256165609
-0.0613063775183305 -0.0116594321682669 -0.104589335976161 -0.00765078160101172
-0.0609557792339641 -0.0133384581714956 -0.0987252536302794 -0.0586958064867927
-0.0612988839703979 -0.0448814768062005 -0.0618423202220218 -0.123137125999282
-0.0262464367927051 -0.0824020454671949 0.0267311414222137 -0.164760690004198
0.0424130811909679 -0.0889354862171954 0.140056135488395 -0.0966506589866158
0.113111680417118 -0.000219340803439528 0.118793161245583 0.0254702427660824
0.0561544862994029 0.100030670212716 -0.00964430394462131 0.0686951731697899
-0.0192028237445853 0.0993507558411661 -0.0627196149522316 -0.12597063555648
0.0581942207291256 0.0124780267655582 0.00905083244372571 0.174488517114212
0.0166629002506714 -0.0508554710413715 0.0921287656097504 -0.0478208408337133
-0.033675193978055 -0.036410311604219 -0.089387113982491 -0.109942042366219
-0.0349768813643483 0.020782001149102 -0.193950842048874 0.0149566405492337
-0.00110469837140308 0.0279754611426194 -0.12341066544076 0.166810324632372
0.00846812024108873 0.0175597619323381 0.015693525500281 0.175510129494804
0.015185777203024 0.0124768206771232 0.0863727067892416 0.112732347868395
0.0075407049191723 0.00784444372478009 0.110806061805657 0.067944608446166
-0.000845253245906974 0.0111167306723133 0.133730262435255 0.0508336592091359
-0.0150939116750541 0.00455773424357324 0.13503339503544 0.087876450921865
-0.00898692945489967 -0.00984745280438276 0.0812648659128649 0.140768256459599
-0.00277535466117782 -0.0192437475923405 -0.0180729506791567 0.165866398132704
0.0381912128641685 -0.0253727435015536 -0.105109869654352 0.186574127007879
0.0626960997757683 0.0126892513475006 -0.147120178118053 0.19329500531242
0.0441988521556965 0.0719398384694506 -0.104250433931838 0.275548565346889
0.0461804524067216 0.101955202845925 -0.0055898047271575 0.166172948246006
0.06234560344818 0.0141208160972996 0.0989833401716585 -0.045580031832878
0.0299056288410775 -0.0244962624438411 -0.0754113118790232 -0.130244049698537
0.00298592949118811 -0.0214538663935223 -0.208346612025573 -0.00971697798597802
0.00427175547687064 -0.0261834680214176 -0.143249500166408 0.157800700712999
-0.0148302389735049 -0.0278272655692606 -0.00131153566027138 0.177837704797364
-0.0231044791479502 -0.0132755278439487 0.0762701828521419 0.118898465227242
-0.0322048199179818 -0.0156511592604183 0.104609568514162 0.0675587540555167
-0.038622495316046 -0.0193488718400983 0.129160614417069 0.0403977862573243
-0.0369146748137859 -0.0544284107876644 0.140038903051837 0.0639583619056071
0.0128002315436326 -0.074324791459212 0.108832799102003 0.119167978851248
0.0588275793418316 -0.0520855624132552 0.025499336989046 0.159267804965862
0.11374638923304 0.0143880946522567 -0.069596952216649 0.191462350090984
0.0970044137419398 0.111190217766327 -0.122710329633705 0.189360787245297
0.0311023317535468 0.178733331613852 -0.0911113718930672 0.238949173048276
0.0135743589889111 0.181749441357673 -0.0113154314008306 0.125366352821778
0.0912032095870982 0.0971960995141315 0.109974178392553 -0.0562970712963477
0.0983257897249426 0.0114198599142348 -0.0486271513262742 -0.161214851548335
0.0582512512974138 -0.0552531240783374 -0.211736031434045 -0.0526810859564101
0.020975017831696 -0.0823583460067268 -0.161991987783954 0.128116720553893
-0.0320277615111607 -0.078250530685786 -0.0299643149573356 0.160878312210435
-0.0576979305138266 -0.0417330116856973 0.0489058377825924 0.112735215963352
-0.0679035906370856 -0.036964392120237 0.0822193965525854 0.057906724962797
-0.0703385545023212 -0.0412388436446111 0.107806683338015 0.0191428240873424
-0.0621799379488948 -0.0962142346648902 0.132065467144012 0.0233516636167134
0.0141047388283987 -0.130114006661786 0.133326123419909 0.071301186200065
0.0942372007620621 -0.101188212594764 0.0829661859678055 0.134087347012257
0.183514538155306 0.0157835663842021 -0.0156859140338344 0.188129286377085
0.144413262863689 0.172350150316873 -0.093675472930282 0.179158927555435
0.0341065048278014 0.253370466548132 -0.0756323332667955 0.175625515905808
-0.0305512335639146 0.235623998245218 -0.00396065317887128 0.0556894703540224
0.0935736438498637 0.181721994317067 0.121209910239848 -0.0804179741940247
0.152977388474928 0.0678619981324434 -0.00815189627511755 -0.192419029874544
0.121647826566881 -0.0693030450524857 -0.18911580591114 -0.106518764449673
0.0477107844186219 -0.128176842502627 -0.168188428097103 0.0715796951937729
-0.0382571772177382 -0.123524026444351 -0.0622191576850759 0.120265124822333
-0.0835599353809379 -0.0680491964270777 0.00885205593021298 0.0911903172759657
-0.0941164905975425 -0.0525920865758751 0.0476842114074796 0.0400689559642171
-0.0914888722893723 -0.0529883252340244 0.0744294753367122 -0.00600106186757546
-0.0817061662980127 -0.117522777291361 0.108041700692968 -0.0229968034146774
0.0027009820689678 -0.164714405337284 0.140302293231585 0.0120219465832557
0.10112061432731 -0.144238902329702 0.131765593989798 0.0894618896500995
0.224219396184612 -0.00566509190070055 0.0368215156450032 0.166493252155515
0.178212977263777 0.192452521871252 -0.0721982876477384 0.158799002030281
0.0414122442479771 0.286904812646244 -0.0654792144958831 0.0975631732693551
-0.0730703385240938 0.248100587267141 0.0180207279948185 -0.0363820233927404
0.0653881301798873 0.236372467739714 0.131664144900108 -0.113787825042757
0.169970795540946 0.125344417655855 0.0421712903098927 -0.211137257754748
0.166671820047358 -0.0567283386238698 -0.135550868038278 -0.155600589372054
0.0733342598688617 -0.146236963016188 -0.152615811900127 -0.00153991611578113
-0.0330953425078688 -0.149310891492625 -0.0910565647585488 0.060556820747156
-0.093666316599262 -0.0852683940619214 -0.0357110202895749 0.0565095308569817
-0.106749742171572 -0.0602469279415564 0.00676285697555842 0.0161689291870337
-0.100200930225522 -0.0565204754435607 0.0331816730163667 -0.0321073022709049
-0.0889300334213343 -0.119618307317455 0.0737315795605819 -0.0631688875118435
-0.0077646153843319 -0.172889470787074 0.129509147614406 -0.0438362192763229
0.0943723361810489 -0.159907606952166 0.156959772947971 0.0398950038117284
0.228448619187833 -0.0186386000159833 0.0724952294217964 0.133510842898223
0.177398916093207 0.18728094637589 -0.0599588502047572 0.132165990689143
0.0361957854905803 0.278212966873614 -0.0594682870631021 0.0165510712601001
-0.0976758009951339 0.212927945480394 0.0482361127406055 -0.131079537736387
0.0189405270955243 0.234391439310333 0.139380736924517 -0.147354738724416
0.140425101052804 0.152056069576451 0.0873629889076241 -0.209641835468462
0.168590915232989 -0.0284660549064988 -0.0657491332160903 -0.181289189530328
0.0825457903248604 -0.131808923538271 -0.116927797933552 -0.0717941402185112
-0.0214703360136677 -0.145158077639131 -0.109399619747714 -0.00468654455614741
-0.0872458739321743 -0.0873886514492749 -0.0768188253432912 0.0161157944504178
-0.102575198853556 -0.0595282994868424 -0.0330460331110493 -0.00879437840693527
-0.0951067542001221 -0.0537977028880464 -0.00742325031513016 -0.0558408152737187
-0.0815292914594219 -0.109908287637056 0.0392465606265471 -0.0950973580437438
-0.00767483494168584 -0.157253095543571 0.110715037820834 -0.0860927791048378
0.0878952280214235 -0.14482627021972 0.164343814977024 0.001139198565504
0.203011244012479 -0.00896936075972234 0.0873701498893258 0.102557370839894
0.139349498541557 0.171856455726785 -0.0537987720804013 0.104541461570181
0.0126518708220888 0.235523464277888 -0.0509394739953 -0.0546992968533321
-0.0959991171281625 0.138300542782419 0.0751283619700735 -0.210685444910804
-0.0216179781483979 0.175970764453098 0.141956180251197 -0.170194544256404
0.0839466495861205 0.13167774965138 0.115431134491075 -0.1954538631495
0.127963000426635 -0.0047209596011538 -0.00560253638957896 -0.184229358793082
0.068766627534615 -0.0936623433212163 -0.0797986390841836 -0.122023066162749
-0.00894638135789693 -0.112148712035143 -0.119223774179727 -0.0582007608353003
-0.0662553834831645 -0.0732701292291276 -0.107851186190546 -0.0192615962505745
-0.0829552841490089 -0.0496256110700226 -0.0668388631791152 -0.0308593554720532
-0.0778394320316724 -0.0474847026237245 -0.042295638002844 -0.0759840728868846
-0.063407194625369 -0.0905218799081209 0.0111167912338924 -0.117811339239457
-0.000831644327349322 -0.126228926152501 0.0968620588565052 -0.115788186665725
0.0824805184183918 -0.109258402385821 0.163959106456845 -0.0212023539200443
0.159763369275355 0.0161702042970787 0.0922606653752844 0.0812611177735945
0.0795886011792934 0.149029554168772 -0.0479937134994753 0.0798315973259593
-0.0230828236155031 0.167913881046944 -0.0348863697016224 -0.108278512736763
-0.0738631461233848 0.0401963094747979 0.0841899139035303 -0.259928708155896
-0.0459930972055769 0.082610987372431 0.133129869506507 -0.179856229021323
0.024716750756587 0.0762914431983766 0.120025589343293 -0.181626846923373
0.0632405256498022 0.0081713793961346 0.0261523263790931 -0.177799126068779
0.0382464229638928 -0.0429372675761172 -0.0597273978725396 -0.14578265374708
0.0025135959826811 -0.0607898915631531 -0.125227537926921 -0.0872115876877959
-0.0343821609214281 -0.0458463388588415 -0.127665364099512 -0.0424512639461621
-0.0503531035324766 -0.0336591729692471 -0.0896625191659199 -0.0479905323651887
-0.0499618270922567 -0.034809217844622 -0.0647133564021498 -0.092019360433584
-0.0394461833756655 -0.0632667439727774 -0.00448551090147489 -0.136225079111081
0.0061614039464379 -0.0848722470882475 0.0913170155896185 -0.136437889226272
0.0719231199217617 -0.0653493202791902 0.166047721001972 -0.0295988388432072
0.104473844696333 0.0412061864225812 0.0938330311603505 0.073674494033103
0.0145639278507223 0.112713693530658 -0.0405236704521895 0.0624755294998233
-0.0559393053221557 0.0822496600701211 -0.00944122580818256 -0.140103629145566
0.0589720183168467 0.0116399840745988 0.0123951778963908 0.172190878853773
0.0159995424777775 -0.050156551569279 0.0906430042111701 -0.0514593422376784
-0.0341777387950029 -0.0357258189606795 -0.090887173034534 -0.109590012810922
-0.0342465087460283 0.0217904712441446 -0.192128332102341 0.0171803187502265
-0.000458543627425752 0.0278516203331483 -0.120337799382439 0.168535443277001
0.00880094107784507 0.0173081499979696 0.0183412347410119 0.173664338904627
0.0148226701158887 0.0115606401765729 0.0869483213902154 0.108161251956503
0.00765934178015576 0.00732886458654696 0.11159491258976 0.0641843068551463
-0.000723418759275008 0.0109972314425791 0.134010602291108 0.0467679701362318
-0.0149173915005072 0.00490055025646433 0.136733554720846 0.083492657259365
-0.00971410362979173 -0.00989708595536994 0.0838024194531552 0.139158582763965
-0.00294167205903687 -0.0188655807356807 -0.0172510209104371 0.167614197722108
0.0373239695172964 -0.0263564376718049 -0.102437740420215 0.187389377104576
0.0616550907779524 0.0122696852346352 -0.145439890891063 0.192036189496215
0.0452355581576398 0.0719357143268223 -0.102036404728569 0.275085351132686
0.047858927795491 0.101327657459021 -0.00272762988397347 0.164506580952336
0.0618957214579598 0.0125338196211519 0.0974685537629451 -0.0488045128423562
0.0290220011935099 -0.025158684636564 -0.0757565036624206 -0.130341314856068
0.00193447536194896 -0.0208587459696846 -0.206751285533643 -0.00724477860480919
0.00386366975565264 -0.0261136819650366 -0.13951190002623 0.160213096847551
-0.0156879169837384 -0.0270052102885444 0.0013892050268202 0.175996141498259
-0.0234477153117023 -0.0128967919065595 0.0770444457418664 0.115464279761613
-0.0320834688628714 -0.0151358331077909 0.104758660748141 0.0641726402978397
-0.0378825033120343 -0.0186436626284732 0.12839480373895 0.0356145404296796
-0.0381460968284119 -0.0525638041171118 0.14172931285497 0.0595294635130367
0.0109954178893755 -0.0744905376668512 0.111022691798863 0.116529714801543
0.0579918932967947 -0.0527191577015721 0.0250083578107195 0.159650887927019
0.113051505977509 0.0120133969920901 -0.0671709381595465 0.192114306569136
0.0978021198884403 0.110011726422926 -0.121030451232565 0.188164933109262
0.0337111586373313 0.178697908568151 -0.0887669155173973 0.23756613591136
0.0165694070455895 0.181583413749114 -0.00961142214535529 0.124805687455977
0.0925464318346206 0.0945105642118741 0.108028098472055 -0.0596457243584387
0.0978709661200321 0.00995412229365627 -0.0491709463784571 -0.162145584557383
0.0567689670526924 -0.0553538359795731 -0.210191339933436 -0.0494671287396561
0.0190028344398011 -0.0822187601754163 -0.158637399230072 0.130062576069478
-0.0343255249687359 -0.0767645908722793 -0.0268877864379112 0.160277836184456
-0.0583622351855195 -0.0403302149805658 0.050386617751114 0.110705815176564
-0.0678347933171995 -0.0352884367603809 0.0823487671182152 0.0557003078703207
-0.069788783488501 -0.039067649893143 0.107577869130783 0.0151328098601557
-0.0639381053750459 -0.0937278008114198 0.13253594977411 0.0190086283409799
0.0108702820224141 -0.12983988585089 0.135681844936664 0.0686448840260121
0.0915073737653671 -0.101716359312969 0.0832203838889546 0.132811969200107
0.182173538468846 0.0121727820054349 -0.0143685853271485 0.188624750890443
0.146199146721092 0.169376262234943 -0.092726040871755 0.178391591135327
0.0371659417586692 0.25434645888975 -0.0733608663463399 0.175388117839721
-0.0262750058532972 0.236398572797743 -0.00361615022881103 0.0552922856920717
0.0961176037745212 0.178326433728044 0.11927565123516 -0.0826096377883849
0.153424623909318 0.0653910282882686 -0.00812781537314495 -0.193898092491201
0.119599828580402 -0.0703882886979461 -0.188566586347306 -0.103796636661498
0.0440329448772104 -0.127879607142659 -0.165407677429391 0.0735848126670879
-0.0413504135390044 -0.121365426750591 -0.0595833398902132 0.121456124990063
-0.0833305210669018 -0.0665693359218738 0.0111152622037506 0.0901054242863635
-0.0938588003069066 -0.0498111620400936 0.0480558514182563 0.0383838177405439
-0.0908031107944196 -0.0509603656630491 0.0736778457199382 -0.0093162428775336
-0.0845405777218682 -0.114192212371436 0.107459267945109 -0.0257789672822578
-0.00143521798125852 -0.163392544579233 0.141731293064258 0.00902417267155547
0.0972222620690942 -0.144005679736791 0.130559484044903 0.0866227174453442
0.223163146705735 -0.0098435227181937 0.0372179441441384 0.166352009124952
0.181476940609666 0.188754066750835 -0.0715158250685714 0.158885105961482
0.0445303247185714 0.286932091665685 -0.0644653104589658 0.0981229067731042
-0.068684699532523 0.249479161720982 0.0166350847389478 -0.0367975576919988
0.0684665331050758 0.232781814421422 0.13019181272265 -0.11448618404937
0.171259942034396 0.121922940570819 0.0415398755608405 -0.212318805650451
0.164488064881016 -0.0585259487429934 -0.136407724252575 -0.153499021528052
0.0696405539819007 -0.14715748414526 -0.151171950840664 -0.000173465670921991
-0.0370261168593782 -0.147208124846877 -0.0896574375529424 0.0626326373889361
-0.0942147052273516 -0.083510580448846 -0.033340176042972 0.05707316884838
-0.106260800340011 -0.0564503571037148 0.00676485552078583 0.0157330823034483
-0.0992649597519425 -0.0540367189751513 0.0321553783537065 -0.0338664451970586
-0.0909337414347537 -0.117178260979771 0.0725895249918702 -0.065124176741672
-0.0119572823811126 -0.171919839204318 0.130014544519606 -0.0472062222020992
0.0902408209495389 -0.158900388539104 0.156222201828243 0.0362715858869675
0.226904757607865 -0.0234258752934079 0.0717710028131492 0.132864461490976
0.179323760650951 0.183893907416624 -0.0592438769006295 0.13211812919096
0.0383054416862576 0.278025193316807 -0.0586629991482346 0.0177718019969321
-0.093675140317302 0.214449311601868 0.0456166551474087 -0.131227133069444
0.0220044163595073 0.232526290862117 0.138095306424172 -0.147112220917942
0.14239117026557 0.148856958549853 0.0865896445605525 -0.211326656137532
0.167085219399997 -0.0310705765609408 -0.066397701381759 -0.180072860446456
0.0795448776150271 -0.132075127717797 -0.116836309146406 -0.0715140023460074
-0.0250428152073698 -0.143361118258237 -0.109924632507026 -0.00272285140042631
-0.0879769269354401 -0.0856943804938206 -0.0746289423568141 0.017944938045515
-0.102485666594203 -0.0559751899237757 -0.033142740950151 -0.00757512778255757
-0.0943539039631022 -0.0515434994188533 -0.00857881657546179 -0.0561955908812024
-0.0825586559716675 -0.107275740704347 0.0370432812506649 -0.095335165904003
-0.0105718314764715 -0.156539042132388 0.110460305618427 -0.0892863814261318
0.0843022304669163 -0.14424263376914 0.162559194167751 -0.00250488236980283
0.200992672731277 -0.0133202636954465 0.0868043961053162 0.102570488295096
0.141350838940386 0.168664418276676 -0.0533750186387102 0.105279245755491
0.0138906761621994 0.236057229833191 -0.0512954180740683 -0.0530285128441492
-0.0934305999308391 0.13992930317061 0.0722104968597106 -0.209818022193508
-0.0191658337310894 0.174351454589187 0.140052490257612 -0.16911178463175
0.0854670236621069 0.129611991909029 0.114368719751298 -0.197044827968801
0.126406536274682 -0.00652677284719173 -0.00642939550378239 -0.184056811831746
0.066255072298916 -0.0936875996313292 -0.0816420090903696 -0.122199624185248
-0.012089801662868 -0.110869909223538 -0.121144430648638 -0.0552148898811869
-0.0672734451796848 -0.0715937743881062 -0.107406800701746 -0.0165492263181376
-0.0826951602914586 -0.0461218364952318 -0.0666491224230968 -0.0288523008928145
-0.0774585283774414 -0.0451683174060854 -0.0432427215408716 -0.0747573919135941
-0.0651674304897942 -0.0887280771777244 0.00911254311804192 -0.117481308429519
-0.00360408605337925 -0.125614969970379 0.0958703478411852 -0.118733268464903
0.0795028444354851 -0.109306195290062 0.162668369726294 -0.0243551857142569
0.158435426795478 0.0127596451752286 0.0915169294291455 0.0811917409019628
0.0813636086161363 0.146764298015942 -0.0475106379750223 0.0812244387103668
-0.0213482709510411 0.168051299972868 -0.0361322702434514 -0.106401380057422
-0.0729805676246805 0.0413286619404147 0.0809804122819119 -0.259104861763479
-0.0443651402107835 0.0828002451865788 0.131610269494037 -0.178412904536563
0.0251445304022465 0.0752947379254969 0.119249816520917 -0.182990692632554
0.0623612495597623 0.0071593515664691 0.0251421885280501 -0.178892662488984
0.0372197207837248 -0.0428598757020904 -0.0623300511560122 -0.146747125575718
0.000800580111469056 -0.059801068472787 -0.126876606861158 -0.0838658950896571
-0.0354440117246002 -0.0452835328378264 -0.127309762853542 -0.0383693623101276
-0.0507093971341185 -0.0312782861180073 -0.0897724514477089 -0.044690253664163
-0.0502394930946215 -0.0340309508401991 -0.0656056828502886 -0.0901702495268938
-0.0408250723739014 -0.0619179622693551 -0.00655978996870677 -0.134602465168266
0.00495590867675036 -0.08448619318801 0.0900371769718221 -0.137790215881869
0.0706031628126082 -0.065622295820519 0.164457223992904 -0.0315699357475922
0.104539648101187 0.0385545708944505 0.0932156138140032 0.073627551219186
0.0158186334417057 0.112934856506234 -0.0401376663973269 0.064132254980629
-0.0549227219921101 0.0827995768047002 -0.0119634985073341 -0.137741062158908
0.0598889078259451 0.0101938729408743 0.0180716907257646 0.172188089802536
0.013914175724286 -0.0512024752595564 0.0879557549675388 -0.0554085466533136
-0.0358718316660414 -0.0351867495188508 -0.094184100545941 -0.108983078499303
-0.0334109059957451 0.0229005118944525 -0.192923131211815 0.0215822082101959
0.000725563944654643 0.0281447547382165 -0.114570588816814 0.173909059082103
0.00961153172594566 0.016918541138466 0.0242331017572654 0.173083486777612
0.0144687159969195 0.0112005878148203 0.0884118138624977 0.105006332108122
0.00783831337748504 0.00676864010313536 0.11333187595521 0.0598753841859788
0.000263719616119938 0.0104976704704333 0.135763455635967 0.0409317824296364
-0.014449974758648 0.00535359559117116 0.141363547094904 0.0783173189321206
-0.00947553294337592 -0.00953347597696741 0.0890903077470637 0.137343992292764
-0.00277929142405707 -0.0181636526501732 -0.0148180147308476 0.171234779760775
0.0359683072578161 -0.0279578412490379 -0.0981589623610537 0.19159841965412
0.062070079546413 0.010858646830806 -0.142543583946287 0.194976469687155
0.0479126441001766 0.0719150356107233 -0.0969773698325935 0.278490747607059
0.0514516382440025 0.10047434534213 0.00136885816374995 0.164632023025056
0.0623400594436205 0.0107363318403397 0.0957142874674863 -0.0540322372325801
0.0286679613147787 -0.0265054230981649 -0.0796520061397826 -0.130963958874844
0.00135248449690437 -0.0208210635498903 -0.207135084350954 -0.00181961520175996
0.00268492874646122 -0.026226364471812 -0.134525552634369 0.165383056784811
-0.0165722866943979 -0.0263082640396166 0.0072478816889775 0.176339546562467
-0.0241544136821139 -0.012509289597777 0.0805824900296486 0.111839249590699
-0.0328433502669724 -0.0143063079229006 0.106860857607373 0.0604502214173594
-0.0382291649734123 -0.0171153748969183 0.129861392703835 0.029557653855352
-0.0400438623090707 -0.0515683336861884 0.144871753418304 0.0536559707496575
0.0082811573239972 -0.075732175104742 0.116054083065342 0.11329475665499
0.0566452660098859 -0.054085302063651 0.0277841856491357 0.161967778154787
0.11376527319191 0.00849744348524522 -0.0633224347366275 0.196293748409232
0.101500097439078 0.107885742657369 -0.118236005250584 0.190193650684114
0.0394273012286666 0.180843227572182 -0.0839909830615651 0.241035315702741
0.0228715420664797 0.182664116893707 -0.00702175789930381 0.12530782475827
0.0956099298971084 0.0915410185521332 0.105837298336362 -0.0636960288295042
0.0988246559049623 0.00650662697057361 -0.0527828753617065 -0.164248593506344
0.0550460300915372 -0.0571036604786735 -0.211712786068561 -0.0446335456584337
0.0160992591501615 -0.0830564771326423 -0.154548087508105 0.135002921105294
-0.036974965313214 -0.0751140999715272 -0.0211576824538871 0.161578324785918
-0.0597509645799406 -0.0391916446350894 0.0540909478360058 0.107514242048461
-0.0685400755575492 -0.0328183732108886 0.084115627607749 0.052299734847737
-0.0699338794848209 -0.0373454583572262 0.107121771325431 0.00991008051307249
-0.067304383973105 -0.0915503914180217 0.133917714173913 0.0128672874997769
0.00569509961221319 -0.131255274318176 0.138871004859977 0.0642930612079944
0.0886103942705762 -0.104112445865625 0.0854549555728675 0.13203156176154
0.183310232005811 0.00617748449953035 -0.0111358691922942 0.191611759667326
0.151923244502896 0.166391164352574 -0.0905483771522411 0.180643441084987
0.0442644619449344 0.256952973680851 -0.0697349632627681 0.177778868283589
-0.0189884044047114 0.238981224259658 -0.00310102904326391 0.0556855724929153
0.101930080567108 0.175126610275291 0.117682144913515 -0.0866829214919659
0.15726328654078 0.0609226564378421 -0.0121187852912553 -0.197682122026264
0.11756684896634 -0.0739621558123801 -0.191343963079439 -0.0995632153045469
0.0398366541377508 -0.129864385268156 -0.163435842366323 0.0784326913890161
-0.0461813132917323 -0.120026210104122 -0.0559584841819612 0.123858312059739
-0.0853563068950765 -0.0639508923039459 0.0149180405993125 0.0891932739753027
-0.0954998270732949 -0.0457340297106459 0.0490182947899222 0.0364486972489377
-0.0917603476970824 -0.0487247330398137 0.0723480286956472 -0.013301009689789
-0.0885969516743187 -0.111507258938896 0.107423555065481 -0.0304203510505593
-0.00820237117289514 -0.164917367475605 0.143886266988231 0.00271627273440005
0.0929743181219154 -0.146903159927479 0.132014261468073 0.0839608666799334
0.223304883646201 -0.017375026624463 0.0402484913576658 0.167723349061281
0.187397586360501 0.184801762531084 -0.0698391145856983 0.161258261189435
0.051687548908798 0.289814363263841 -0.0625095513666821 0.100072030582616
-0.0614343813949296 0.253593475719551 0.0152774888254368 -0.037134135385125
0.0756579250125943 0.231410382508235 0.126697322362558 -0.118419564740316
0.175989451453047 0.1180067184232 0.0377233283165492 -0.216494709221491
0.163525723110108 -0.0641918932098124 -0.139402742825946 -0.150589913093078
0.0646761706002409 -0.149866149131527 -0.151472336514632 0.00273526945115588
-0.0429076740883726 -0.146145372942331 -0.0880101406359487 0.0657886801014269
-0.0969360430225782 -0.0804327278330875 -0.0311180034867025 0.0581075555763452
-0.108134893485477 -0.0526901742785328 0.00753358069774829 0.015672764026434
-0.100077471133596 -0.0513989198786687 0.0302893021782031 -0.0363553889835679
-0.0949615942164644 -0.114195545474533 0.0706422274997516 -0.0688352892812923
-0.0182831147870287 -0.171683569285887 0.130300975799824 -0.0527581992834875
0.0859028557770557 -0.162157252179386 0.155863893843256 0.0319650405983148
0.226582901533459 -0.0307666494846522 0.0745803268231408 0.134031063588141
0.186696478357648 0.179281614740364 -0.0579510380381643 0.135996782259907
0.0457061621511564 0.280814701553838 -0.0591022444355042 0.0198737892081197
-0.0867982491277401 0.218941140164311 0.042336321024685 -0.132924091168647
0.0291361950831785 0.232291684653871 0.134804571238879 -0.150448433291438
0.147326832544091 0.145701439121438 0.0835728140453879 -0.216108694403894
0.166594377199919 -0.035967621293581 -0.0705576872601036 -0.179551991139825
0.07515478938837 -0.135930389704842 -0.119686374044063 -0.070460236906809
-0.0313520060257847 -0.142399388266949 -0.110681904487376 0.00143920089426658
-0.0913873264549882 -0.0831658842213617 -0.073514601766024 0.0212270009013776
-0.104028655776977 -0.0516765067029155 -0.0331464470359821 -0.00606421591274634
-0.0949292808772731 -0.0491485685928669 -0.0113342982215942 -0.0566471905045959
-0.0873202334030031 -0.104377524323335 0.0341151070176835 -0.0976240717469916
-0.0165457293888732 -0.155970318174237 0.109437012343124 -0.094616216535221
0.0794871083294891 -0.146512654180834 0.161568530628356 -0.00761115516848622
0.201468211454372 -0.0202266985069664 0.0882903433977058 0.102174350165908
0.147993928146449 0.165663874417623 -0.0521674735721484 0.108343554663921
0.0203659135108386 0.238022951169906 -0.0532543311261602 -0.0510135906811304
-0.0898309397725979 0.143574232066626 0.0661201265442127 -0.212528880421279
-0.014416723251951 0.175848811667347 0.136745963206587 -0.172566951714145
0.089591174406041 0.12770834103782 0.111888320269192 -0.201315064977838
0.126455974496826 -0.0103103783520135 -0.0104385399791683 -0.185880324516803
0.063063196950817 -0.0961659548007168 -0.0856147262950179 -0.122614090991131
-0.0167499700483674 -0.110604165353862 -0.123613926186941 -0.0513235141981839
-0.0698169866185189 -0.0688646650479455 -0.107272541277905 -0.0122248152924641
-0.0841428051856913 -0.0427817656782619 -0.067342571421566 -0.0262449096164157
-0.0786767185873198 -0.0422171220619606 -0.0464387484897673 -0.0741983105189745
-0.0685855182075476 -0.0863759896286671 0.00576455876208326 -0.118929180886785
-0.00812915478914193 -0.125173744046712 0.0941952000121207 -0.123496745246912
0.0764039968236656 -0.111313194093082 0.161211339002469 -0.0290237127853521
0.159135371083012 0.00733597267962312 0.0928829848082179 0.0810462377275088
0.0862535392344091 0.145814046830541 -0.0469622163052376 0.0841160043678808
-0.0167359901666113 0.17070305581264 -0.0388474126213628 -0.105605541400832
-0.0718431974551115 0.0438893720911009 0.0748669196591829 -0.262396762842821
-0.0426307856565808 0.0845626141683293 0.129407755774782 -0.180859651100395
0.0272738638407268 0.0747490308672552 0.11579531820561 -0.186402996029114
0.0619863953562621 0.00558193566693653 0.0219123310112367 -0.181150150661559
0.0359280331631224 -0.0438963312007308 -0.0668716547949364 -0.147615398433217
-0.00203083677590345 -0.0599975631701835 -0.131065631636166 -0.0791043056021544
-0.0372225896675075 -0.0436196549389561 -0.128217098227571 -0.0331550401545934
-0.0516312932964564 -0.0291378616929974 -0.0907277792866839 -0.0414278315841425
-0.0515634145822302 -0.0320465362810292 -0.0692344542369502 -0.0882315497041002
-0.042786583084816 -0.0604369439222631 -0.0101565726161575 -0.134813294586106
0.00239824351317064 -0.0848613056831118 0.0866750658458987 -0.142020909855472
0.0688973437857441 -0.0676369810263619 0.163736697192344 -0.0370145613068862
0.106073026493386 0.0352364693642473 0.0946753384545282 0.0726760472005387
0.0199062875555488 0.113540811412543 -0.0391873216009928 0.0668917265163573
-0.0528051488805496 0.0853404117757137 -0.015464849725456 -0.136880145330446
0.0600828876201186 0.00766250224961074 0.0260875864062642 0.170038058432821
0.011324196685939 -0.0512739647584977 0.0835978340431793 -0.0606008198331009
-0.0379261684129762 -0.0333398699730092 -0.0990636567317581 -0.104096957816969
-0.0316924963513809 0.0249902568891754 -0.189586560764337 0.0291433483342916
0.0023814719051236 0.0277032907910474 -0.103899031711337 0.178854972608035
0.00992307225267012 0.016124245820892 0.0334527475111554 0.169674003341756
0.0146765052938355 0.010009550214469 0.0919019766898583 0.0984265426240979
0.00758706769879568 0.00577681467402873 0.115083933257984 0.0524408074067455
0.000754416356579807 0.0104969250262725 0.136556571649806 0.031712469746384
-0.0136731567494035 0.00601778330919763 0.145294273615049 0.0690196461118201
-0.00978959319645584 -0.00897444130897176 0.0953768130890087 0.132801511642885
-0.00372941398056113 -0.0176446477491473 -0.00751532208211526 0.173436135400448
0.0340798716265473 -0.0296365527097674 -0.0880832136504765 0.196046344945292
0.0617225510388924 0.00766464877023539 -0.13403312573422 0.198418127541739
0.052318339275556 0.0699583986390532 -0.0837531795507559 0.281142676084934
0.056945012162153 0.0982869862674633 0.00958489853256188 0.163252786149356
0.0623959242057264 0.00711516126907203 0.0913162487221282 -0.0587277980497595
0.0269219825909156 -0.0280704061182842 -0.085037971152476 -0.127958690335556
-0.000221028622020352 -0.0202759671867192 -0.205412173728181 0.00736995525089353
0.00173150224775598 -0.0259597422711947 -0.124846989780585 0.171035961227564
-0.018164611124944 -0.0243757134295392 0.0171213895697626 0.173495075099881
-0.0247509093425805 -0.0105729421589146 0.0844731873027529 0.105291283918116
-0.0329339052276329 -0.0120352584086535 0.108687353716591 0.0529307580137301
-0.0385427361857834 -0.0155325362779822 0.129500430463364 0.0206780754213018
-0.0424320603747464 -0.0489967464230212 0.147070546139905 0.0442284109508469
0.00290895266252195 -0.075507944701451 0.122158279165191 0.106712637969094
0.0537677100055218 -0.0557122411275526 0.0342424205257785 0.161268575741897
0.112539928147404 0.00242738285122985 -0.0544408828894426 0.199192822742904
0.105732758943144 0.102414807469043 -0.10995021613641 0.192989253904134
0.0482862332925873 0.179197982778498 -0.0724319490217264 0.242894411856146
0.0326386745788994 0.181242799288152 -0.00112127044304532 0.125421530020486
0.099074137662217 0.0855396652191811 0.101944762583367 -0.069181127369912
0.0986239628173392 0.000896022232544856 -0.0602025068164101 -0.162855455236888
0.0512174401948472 -0.0588078861283518 -0.211816719739469 -0.0343038730347648
0.0111400745124066 -0.0833001205170816 -0.146171758400136 0.14130246630691
-0.0409454464539392 -0.0721465939806957 -0.0125862294467325 0.160862807937229
-0.06113955575334 -0.0348751513272 0.0589971018678393 0.102307704562072
-0.0697079255684885 -0.0282398879182014 0.0857253532608307 0.0468714557512513
-0.0709528094521405 -0.0335809555977357 0.106229119782957 0.00227885883171069
-0.0718671421158106 -0.0870408637482124 0.134036607440772 0.00476876681438952
-0.00232989090097296 -0.130750969337063 0.142626546058504 0.0553717339141066
0.0825171208793207 -0.107601785470218 0.0899986634565888 0.128519720637224
0.181985567995147 -0.00359106809875142 -0.00236687616218776 0.192434011205486
0.159260465534755 0.157905984380011 -0.0832266582459658 0.182599567936949
0.0565834176668325 0.254492203926155 -0.0612345688457682 0.179348677043224
-0.00626862951415511 0.238940181245243 -0.0012202526082385 0.0556816164789047
0.109899636570932 0.167715482008303 0.112212560917869 -0.0917018382303936
0.15893657649725 0.0522787393729679 -0.0204144517118297 -0.198315450083232
0.112739398978517 -0.0798135373045756 -0.194003547057346 -0.0894933654238815
0.0317412634223339 -0.131174038018588 -0.158608475778045 0.0846836264266548
-0.0532403337429701 -0.115546928229654 -0.0486596825282562 0.125125620304664
-0.0888584178611686 -0.0583841062985735 0.0196592673667701 0.0868859443078019
-0.0962701818048147 -0.0404957952832737 0.0506868293083535 0.0336498636496071
-0.0927269859077468 -0.0434342064770081 0.0706492867965306 -0.0183126569026909
-0.0939291359984326 -0.105495727323863 0.105064060993658 -0.0382217907530172
-0.017719250549735 -0.163600971135513 0.144102169554274 -0.00587592301130309
0.0848617820319286 -0.149748784757047 0.133878033431753 0.0779425214441935
0.220831661205965 -0.028967702709548 0.0475034727555251 0.166897284219439
0.196362395610936 0.174582669048334 -0.063232092683328 0.163706102874023
0.0652420293691157 0.287512615056592 -0.0569597240863399 0.10263821222914
-0.0479998715137858 0.255965912724588 0.0123764006728081 -0.0364048153095088
0.0862883712334977 0.22512678726954 0.120759531489489 -0.123462019746111
0.181652146846658 0.107337164247125 0.0292121694497851 -0.219267735487451
0.158635422924604 -0.0713054659558331 -0.145588254015231 -0.143595693543761
0.0557247152618487 -0.152462649999382 -0.150060086625032 0.0088825698643353
-0.0513597183551454 -0.14120151140159 -0.0841522073430582 0.0698940448492584
-0.100118950934915 -0.0747854620835718 -0.0268197072554593 0.0594240380284499
-0.109224404201291 -0.0452971931844891 0.00858829338341808 0.0156890880496513
-0.100691652346576 -0.046141903761576 0.0267072412208212 -0.0386282985421514
-0.101020997788089 -0.107142481654699 0.0662942406495117 -0.0730814079050808
-0.0279039031328523 -0.169747395543669 0.127289711159374 -0.0611678311448775
0.0764193046467075 -0.164542638624849 0.154808011870112 0.0240952494479379
0.222900342532213 -0.0429816050808621 0.0792769761177755 0.131034075676151
0.195212516966394 0.168932315295296 -0.0527365427963754 0.13862449909798
0.0592009282253274 0.278624073973363 -0.0579268062949918 0.0233379065377997
-0.0753471829722289 0.22256258159333 0.0348564835648536 -0.133576013298717
0.0403989154274996 0.228458218024887 0.127683908208726 -0.154534898173527
0.153956719306865 0.137485003906968 0.0742919812847835 -0.220899508944707
0.163407762588534 -0.044251963384834 -0.0772702951937343 -0.175497798949441
0.0668273054409586 -0.139155422931941 -0.122533035969243 -0.0657903271606858
-0.0395280934143493 -0.138895746779628 -0.110321557086244 0.00743466738602444
-0.0951587408755516 -0.0772275368576818 -0.0714316660326618 0.025775842014744
-0.105259782962321 -0.0442994068243137 -0.0331037654279881 -0.0039683026625071
-0.0961033134720043 -0.0436597316126221 -0.0155279940344635 -0.0557165151438668
-0.0924977126274151 -0.0984564846809971 0.0292962735786471 -0.0992484929334001
-0.025548656342605 -0.154386685723526 0.104810445480024 -0.10138667010206
0.0716455734828638 -0.149046182459338 0.158769282496357 -0.0154608431065636
0.198347574264535 -0.0311850447135427 0.0917745560527112 0.0988147206917512
0.155866381916246 0.157920900205236 -0.0478362044322694 0.111596787859612
0.0315852894429119 0.237022306487444 -0.0554630183186894 -0.0474575571823619
-0.081381328268832 0.147641144442947 0.0556314927863366 -0.213897610138264
-0.00561713860624544 0.174981228142078 0.128948357950934 -0.176205015669098
0.0951460037344242 0.122071016894968 0.103025808611539 -0.206326918813658
0.124643434405305 -0.016248507747043 -0.0169943108949669 -0.185074871710047
0.0573777629857323 -0.0987077202394547 -0.0914802841486112 -0.120163005385114
-0.0231255851791886 -0.108504110833853 -0.125987999140416 -0.0438040052956676
-0.0730640234298488 -0.0644616748495863 -0.106716243752298 -0.00538864501312776
-0.0845293132122071 -0.0372234470903338 -0.0678462859413445 -0.0219737540832188
-0.0795287121421452 -0.0382653427906293 -0.0502514910972769 -0.0707678866279635
-0.0725742714683952 -0.081007160065248 -0.000592206167425573 -0.118415700310525
-0.0146233844208104 -0.124517851025932 0.0880427450835497 -0.128380366311733
0.0701242205463986 -0.114165765457235 0.158188015792008 -0.0373551669713306
0.157975188156604 -0.00115153447608918 0.0947091303216745 0.0777356818960367
0.0932436365983673 0.140617023457551 -0.0427433462277967 0.0879780633275884
-0.00876429401520069 0.17130309137205 -0.0438330003322982 -0.101659353952142
-0.0682414605750225 0.0474684722612228 0.0626852022733983 -0.264066305962206
-0.0382859854474306 0.0860355179008633 0.121174823550134 -0.183782597598187
0.0305612896543627 0.0733213678096767 0.107855267291261 -0.191862839409476
0.0615334918983842 0.00248072132584022 0.0140081981029697 -0.182511101029627
0.0332700629366904 -0.045147888070108 -0.0743215798134822 -0.145030662354764
-0.00527607275220173 -0.0589831268230519 -0.13421282104642 -0.0714032469897452
-0.0392831132832003 -0.0415121221281472 -0.128386955664301 -0.024867079457257
-0.0520499647649889 -0.0250587164416517 -0.0915947443403401 -0.0361493699328317
-0.0527119526746543 -0.0288595955988811 -0.0732465035611057 -0.0833106842785702
-0.0465256536615565 -0.05712077716443 -0.0164948620669483 -0.133844903425942
-0.00204339196894311 -0.0842772527146908 0.0791440150540849 -0.146368733491133
0.0642642817927512 -0.0708695647868061 0.160010687884256 -0.045062763201225
0.10689418407448 0.0291882223021531 0.0966646346591994 0.0691338036089367
0.0262347308803017 0.112138424345958 -0.0356478603043436 0.0698489660609881
-0.0483942894866962 0.0885561956813062 -0.0222180131332574 -0.134907935765966
0.0588178514497845 0.00406254807222102 0.034030247530143 0.161687119715124
0.00834757147039039 -0.0501716300767524 0.0764498846808955 -0.0631544542459978
-0.0383696960415971 -0.0304793542503411 -0.101146006334689 -0.0966304285054642
-0.0291832023317128 0.0255429910797049 -0.181595629918015 0.0361004054134046
0.00437585534457064 0.0262526656574533 -0.0905984017688945 0.177098122829452
0.0107174420719496 0.0149155861237449 0.0403733396791573 0.161161075214155
0.014096615695669 0.00880975099434732 0.0913827545678421 0.0890988415035707
0.0080294488792047 0.00511371676121093 0.112799843599181 0.0434348346402937
0.0010674959729504 0.00930151643965754 0.132129840707446 0.0210997740297133
-0.0124772946280965 0.00607131232865808 0.143466329413842 0.0566747275488959
-0.0100298894562916 -0.00845116305388426 0.100068965911575 0.123787679431689
-0.00405739860406023 -0.0164137242005034 0.000425473167172085 0.169880668940721
0.0301416242465701 -0.0305514869929977 -0.0748523770348541 0.193812522100309
0.0602464449722867 0.00480207353276411 -0.121750270846937 0.1965881620772
0.0550643541219934 0.0654244680206836 -0.0674675273762482 0.274766667476505
0.0604471844053357 0.0918826072827037 0.0171732237281739 0.157160358576124
0.0603376630718072 0.00353366393161286 0.0837988807909052 -0.0615549067288734
0.0237323578261397 -0.0287662098317345 -0.0892700153238609 -0.120025031735133
-0.00125790386875534 -0.0191798682994708 -0.197120381346802 0.0157566694840697
0.000216067249927048 -0.0246591419417448 -0.110144037178176 0.170827226342171
-0.0188291645678582 -0.0227680627518248 0.0249872266771178 0.166009733939893
-0.0244237006703208 -0.00914324660194591 0.0864174927222629 0.095960344267127
-0.0326283594011774 -0.00961762429422473 0.106850877997823 0.0441878086488603
-0.0373293256315569 -0.0130929194241139 0.124802085396506 0.0109255795629358
-0.0439572237493595 -0.0443696914413794 0.144108446140125 0.0331902451756334
-0.00134026780925063 -0.0731185624692699 0.124353833123719 0.096127301297978
0.0489830900982815 -0.0562565639597598 0.040158903517091 0.155809231543541
0.108170362443452 -0.00341479430005161 -0.0424864680606806 0.195519718092778
0.107344081948813 0.0937218584974106 -0.0988709898510203 0.190162433806333
0.0559765944837891 0.171014730196209 -0.0586545551822223 0.23782745244666
0.0415686596931223 0.173813768345462 0.00472722035575526 0.1220081152362
0.0999914304498552 0.0768779085774493 0.0936492049034565 -0.0720914135378088
0.0947608453278925 -0.00486696794545884 -0.0661892920979375 -0.156165272161054
0.0459592449191666 -0.0592090347676599 -0.205231664540624 -0.0231697605873066
0.00565288456941836 -0.0801602222428207 -0.133268654862977 0.142875017269752
-0.043685517863328 -0.0667191070908902 -0.00343900060848895 0.154650523548203
-0.0608285794928871 -0.03077726577972 0.0620740518897195 0.0946282762441231
-0.0688556137831016 -0.0234332725759992 0.0848714460225754 0.039657126952022
-0.0699865688012257 -0.0287942999452294 0.101034532566035 -0.00515959356866962
-0.0748886103700044 -0.0797187548895518 0.128993970129933 -0.0041056844587921
-0.0101859967659685 -0.1255344073803 0.141188748141854 0.0447421230556031
0.0739493874943548 -0.107671132473673 0.0918155496489472 0.121421588606819
0.174533262640032 -0.0134175594499955 0.00627190804206255 0.186928096548266
0.162054126646522 0.144607277847882 -0.07347349657315 0.180440248356674
0.0683790622269873 0.243878498351618 -0.0514640135918673 0.176782183258837
0.00703156968449881 0.231343751751703 0.00124395533752811 0.0550613112444212
0.114135658958454 0.155738962447949 0.103140906476754 -0.0940860602286217
0.15667484918503 0.0411724397558277 -0.0290179723748843 -0.191954221397931
0.103933230926718 -0.0825761282404351 -0.190541484397784 -0.0776231521936566
0.0226524128365189 -0.128134036027544 -0.147637703217449 0.0882014168694024
-0.058454751871771 -0.107672488623289 -0.0408885448516754 0.123206295960733
-0.0885837314945392 -0.0513788532227964 0.0232836081652875 0.0824347170098026
-0.0946228816172257 -0.0330160096893013 0.0504910806692185 0.0291057008497935
-0.0913655028181054 -0.0369372256479424 0.0653458890357329 -0.0224183246769929
-0.0974287982700073 -0.095440047076739 0.0989330981432362 -0.0435355306683225
-0.026749246643089 -0.156568224072729 0.139301357181065 -0.0150172980007736
0.0730999235280683 -0.148402257602863 0.131735891168188 0.0693439290637315
0.210413233941707 -0.0408568039612208 0.0528364299703697 0.160075942961422
0.198719474347046 0.157917066006709 -0.0548366906247468 0.161762714927766
0.0781040505257613 0.275871227859828 -0.0505581893695021 0.102117033809907
-0.0314749855835033 0.249113258918747 0.00948557946258415 -0.0348151844695259
0.0945145842664707 0.212054840900094 0.110135533608035 -0.123773862146826
0.180954218066063 0.0937881768384268 0.0179725562929675 -0.215479493085764
0.149022994173546 -0.0774741585766986 -0.14491006857702 -0.132404775478073
0.0442892583632527 -0.150110294722326 -0.144289173908433 0.0144867569691926
-0.0581434441826661 -0.132507284455087 -0.0775966794011725 0.0712640768534389
-0.100826862079897 -0.0656542358937331 -0.0225432255195675 0.0585786560737415
-0.106785407933091 -0.0375887869209618 0.00953495110450597 0.0144055227792532
-0.0988574855170741 -0.0391682501405402 0.0228310168228877 -0.038705729347566
-0.103506565591979 -0.0975008071911607 0.0599409199436445 -0.0746967364701409
-0.0372688543120949 -0.162218414069435 0.119994638919652 -0.0678970825531637
0.0642324739860267 -0.162370477649109 0.149691304661217 0.0161615434222644
0.211277840293062 -0.0540806472208297 0.0815350127228043 0.124716017262496
0.197829059583727 0.153397106449163 -0.0459108279315652 0.137051764418136
0.0713894071503532 0.26810944784521 -0.054967420240684 0.0256465066116683
-0.0605556495933234 0.218078768193524 0.0264651597211874 -0.129310322835575
0.0500150363244133 0.217643310938664 0.115672413860694 -0.154498485803
0.156107876828088 0.123740193699059 0.0620588754079214 -0.218063397184341
0.154937261817582 -0.0508557633541442 -0.0816896121100241 -0.166905761617301
0.0562062349487459 -0.137778544130849 -0.121963930970586 -0.0594016342725499
-0.046199966519493 -0.131228428795015 -0.10648673649031 0.012814799463908
-0.0953103187908148 -0.0686986490766713 -0.0671101839417739 0.0288609424542882
-0.102676751867765 -0.0365014271670364 -0.0312263176166382 -0.0023114794220751
-0.0942517966076991 -0.0368335193837063 -0.0186715396225202 -0.053282116035391
-0.0944605097580048 -0.089086133455383 0.0222252633646328 -0.0976746824498232
-0.0331418238921697 -0.147188419190433 0.0962556261710176 -0.104871507743921
0.0603002364594445 -0.146464768298779 0.151302211442481 -0.0224242868842644
0.18865543589409 -0.0408787276674911 0.0925186437783981 0.0928132931124737
0.158829221953417 0.14369078767594 -0.0417721398765106 0.111624706201487
0.0423333067309621 0.228853537458121 -0.0558759184276978 -0.0427563159883867
-0.0704336161323699 0.146084024608479 0.0426967192017559 -0.208950727496777
0.00311153121000868 0.168570443152319 0.11726561818827 -0.174496927209967
0.0984586916755171 0.112893227934843 0.0900669375841498 -0.204742287646537
0.118732618585728 -0.0221933404251347 -0.0230784317466383 -0.178211847212199
0.0492579881318471 -0.0981167677014334 -0.0946149795779117 -0.112999335024965
-0.0282841076047602 -0.102459419764769 -0.124293061784788 -0.0354470921165141
-0.0734760209611978 -0.0580843226609631 -0.102380151950393 0.00109800287176555
-0.0831702279497291 -0.0305493246230395 -0.0661589209197533 -0.0172858957964634
-0.0780645621457653 -0.0325694645077832 -0.0519779461986662 -0.0659382834569473
-0.0741478205403862 -0.0736369654807878 -0.00597720797029125 -0.114727785366652
-0.0204523493039653 -0.118512982163198 0.0778984581311052 -0.129740593813336
0.0607373460571782 -0.113201290013189 0.149998880862194 -0.043348349515249
0.151289994373074 -0.00983347303232761 0.0944428478395128 0.0720487136596075
0.0981692846990348 0.130868938341994 -0.037708266320678 0.087962646355218
0.000455730823300935 0.166795100779601 -0.0472257869448846 -0.0953207813422029
-0.0631699021155477 0.0488915351514472 0.0484714874808249 -0.25741467822861
-0.032584142573986 0.0848540617322239 0.110042089773985 -0.18184815071878
0.033402633189974 0.0686784705412145 0.0961279048491932 -0.190240862687945
0.0590194375974682 -0.000474015485884867 0.00658603848771045 -0.178059938333687
0.0287978321414337 -0.0454858383340892 -0.0804048349266024 -0.138146117086689
-0.0084559945748575 -0.0566038798229922 -0.133892594611122 -0.0612876294444077
-0.0400391209905917 -0.0372536249469414 -0.124858853490511 -0.0163211028704551
-0.0507503907900087 -0.0205963555838311 -0.0891317688785469 -0.0297491957499983
-0.052126745360835 -0.0248115723307273 -0.0740948333922616 -0.0759854256120145
-0.0476687845287602 -0.0517242255097082 -0.0224259357559032 -0.1285621838491
-0.0059771706330484 -0.0806077774971045 0.0691574918206846 -0.146132190549558
0.0582428229148085 -0.0715884913965426 0.152350366143102 -0.0513268558399412
0.103519162770478 0.0225968415249706 0.0959885627797604 0.0633755188104446
0.031695568541703 0.107281570131279 -0.030825380623378 0.0702051806713677
-0.0419846535786296 0.0884867176162263 -0.0285923819113341 -0.127899380378843
0.058569970205956 -0.00281117317616056 0.0460282968956333 0.148958669249154
0.00297545798384311 -0.0479347687287193 0.0632672363008012 -0.0668456547949653
-0.0412845021856512 -0.024111825516457 -0.105142842746676 -0.0774631185403634
-0.0250756940126891 0.0269036232691441 -0.164438754382017 0.0572078144832627
0.00671106990738818 0.0236325252003306 -0.0616135106094706 0.177817320262258
0.012226138186673 0.0126823194323482 0.0566849093193951 0.14587138455142
0.0146915247985672 0.0071465397896716 0.0964023577810004 0.0732854297574981
0.00782387093764472 0.00372056297834818 0.109771476700243 0.0259975763592544
0.00193270697653088 0.0075934629085792 0.125186445001972 0.0034527314385935
-0.0111785629939853 0.00589557178506058 0.141465989943293 0.0340978639939166
-0.0109418164522704 -0.00772786876805615 0.108239443856034 0.105648849179718
-0.00368971852477852 -0.0158021684624279 0.0197400594207431 0.162766648305561
0.0258876576125797 -0.0320648898587061 -0.0487538620697221 0.189483604270436
0.0586052643357327 -0.00221024256480481 -0.0900461093724622 0.196592527811115
0.0624333777596661 0.0531315709293843 -0.0310689172170737 0.269545191347998
0.0721867678002527 0.0819155019994885 0.0285803359839511 0.139112625763296
0.0572538698466514 -0.00402432104740557 0.0682933780268936 -0.0677342488375156
0.0179914169914536 -0.0299699367222213 -0.0993622209757245 -0.102692426011305
-0.003848099818183 -0.0175020327569302 -0.18362104183812 0.041388153965325
-0.00366548609245784 -0.0235745837980867 -0.0825744415394803 0.175132907281396
-0.019409403281254 -0.018512673686052 0.0430307046597754 0.153330145322547
-0.0231819396750666 -0.00550270028956734 0.0911200350905437 0.0806842361701866
-0.0318202536983491 -0.00531083909500585 0.104222696796751 0.0273596905159123
-0.0367111173841669 -0.00834726032867468 0.116019332271928 -0.00468310674627462
-0.0465315071433443 -0.0363968791450323 0.137496030197029 0.0112332116566862
-0.0111273599278524 -0.0684920646631653 0.126075224942805 0.075341481487131
0.0398459595737101 -0.0585159623984381 0.0545338947748018 0.142826532859287
0.100966174822715 -0.0181407951659252 -0.0153537218038228 0.186288997423276
0.111774777691185 0.0740217268241839 -0.0646063421367089 0.190577885022528
0.0771855436539938 0.150640932080945 -0.0268989206292504 0.236554358082361
0.0640151029937214 0.162791645234273 0.0124211908787025 0.100604978226591
0.101773048656685 0.060659636627636 0.0753224825474952 -0.0807088212319447
0.0868751807916732 -0.0161557617703555 -0.0849857137313695 -0.140999947093716
0.0358769146391031 -0.0598023305938385 -0.197898081937513 0.00584094519754153
-0.00475501758319259 -0.0761695417365474 -0.108716954011462 0.15396719273178
-0.0477985916134088 -0.0563727482168338 0.0139636478307726 0.148909105806111
-0.0593817057929501 -0.0211553828443218 0.0683296583670181 0.0835144722338718
-0.0666022146489139 -0.0135748670597921 0.0834509337544877 0.0261087144623115
-0.0685533821557274 -0.0192121939626255 0.091262868649048 -0.0170118676657839
-0.0797350037862957 -0.0641954845442272 0.117424947452184 -0.0225383598377376
-0.026820584369022 -0.116172169018619 0.135124316033937 0.0244608924840684
0.0564225965860817 -0.109074894539765 0.0980873855225102 0.102443082919929
0.160607093456808 -0.0359589492383976 0.0305975665735868 0.172071187253171
0.167736881293758 0.113346607171282 -0.0385714392630544 0.178820902126115
0.0957193206109858 0.216752895961581 -0.0261646975368167 0.180762088842923
0.0380960093286539 0.221954700801602 0.00275869050884809 0.0333914120567401
0.123640637056217 0.133008113663301 0.0815239596906436 -0.10513240596504
0.150157023992671 0.0195614422270671 -0.0565681515655132 -0.182445423020209
0.0875599780090557 -0.0875161776195762 -0.193619030333368 -0.0479144443512669
0.00564328686565141 -0.122254740779923 -0.13172212291829 0.104785672609757
-0.0664931732352786 -0.0927281764239376 -0.025740161499779 0.124595692465118
-0.0872452119843537 -0.0372094121544486 0.0296913299004926 0.077298386211158
-0.0918706073727544 -0.0190257602359445 0.0505442574426307 0.0212551846482945
-0.0888807675362887 -0.0242107877546148 0.0554864956546308 -0.0292476322780073
-0.101604498638227 -0.0764559865082129 0.0829323416235751 -0.0541213477813607
-0.0463958746967392 -0.142203475329116 0.12532439050068 -0.0317854349439265
0.0500076728305776 -0.147073016344885 0.128319351324923 0.0477022280946301
0.190241975631222 -0.0671836320134442 0.0705092114939563 0.140090533182917
0.203036932868511 0.121490959870029 -0.0209848776701531 0.159482265384883
0.108853364669786 0.244790449477895 -0.0346140872977142 0.110890660226958
0.00200174831389162 0.244341647181535 0.00359437330835481 -0.0540895116119225
0.1111078838589 0.187854525483766 0.0858443395888972 -0.135583965609682
0.179239264883812 0.0654034706656592 -0.0159328095860702 -0.212749589249529
0.130593653011699 -0.0881196133208948 -0.159678629010422 -0.106433125182966
0.0236447089146635 -0.14510152738572 -0.139369067848553 0.0352104383821154
-0.0688775372797387 -0.116442831013499 -0.0676669238592272 0.0811040617605399
-0.100934443944217 -0.0495328659824939 -0.017010806942226 0.0609367983545521
-0.103196231799949 -0.0216437461974907 0.0102513437051131 0.0122707552821819
-0.0964502176171989 -0.0250849346302225 0.0143782687464677 -0.0388522100813818
-0.107846821699775 -0.0767005535525073 0.0430227323727692 -0.0783509770388505
-0.0566823701200335 -0.145361821899492 0.101422274107277 -0.0785888938316618
0.039908579426222 -0.157825289501191 0.139404353475344 -0.00509315426402838
0.188943833981227 -0.0794004297242633 0.0934742576621831 0.103498528776575
0.201171179816509 0.11681179312406 -0.0155004501265981 0.13655325548598
0.100317630327097 0.238283480299832 -0.0480100782792621 0.0394614157694004
-0.0297010242172334 0.217706538578524 0.01172629969835 -0.14338081411808
0.070139706799174 0.198141217189012 0.0891486409604483 -0.16524521721683
0.159711369847046 0.0970102047532079 0.0265385504714766 -0.220633998497607
0.139229584743792 -0.0639187684014883 -0.103118980822925 -0.148669348375853
0.0363534830082613 -0.135142391298629 -0.128403014845428 -0.0385742989350793
-0.0577298741574917 -0.116425922235565 -0.10186270436705 0.0298206994085491
-0.0964986037513537 -0.0526668193462512 -0.0625452839669652 0.0384992611928112
-0.0988021110018542 -0.0212828338605436 -0.0297608728337415 0.00189488864575617
-0.0923072814375431 -0.0237342418989315 -0.0251953517010826 -0.0465826009282435
-0.098064212724637 -0.0699587327823292 0.00570146874949355 -0.0947794828476558
-0.0509865782256691 -0.131814103880869 0.0751285993777114 -0.111331220302033
0.0379796485912631 -0.142901203550653 0.138078222107303 -0.0415940155237858
0.168639012747009 -0.0638467962333187 0.10015336609227 0.0727392925123595
0.164407175206556 0.112797515790831 -0.0157829205390885 0.113292980106966
0.0682216918644265 0.205861329458813 -0.0571510953794402 -0.0265258870909652
-0.0490833571781679 0.148226609022017 0.0204634768321463 -0.214530990330337
0.0206849566871228 0.156739514867979 0.0901848896525621 -0.182175903125947
0.10419699727426 0.0930749548675498 0.0577276193464389 -0.210849513255922
0.108161309215938 -0.033331323470675 -0.048841997424061 -0.167589652392018
0.0346672434704687 -0.0974803112177179 -0.108316022481244 -0.0937115162920627
-0.0384186819572094 -0.092033884008791 -0.124122721951229 -0.0152830708028383
-0.0756059047144694 -0.045118324820253 -0.0987079128231488 0.0163958528839457
-0.0799050426354528 -0.0181809295502104 -0.0630389643441668 -0.00776795776686437
-0.0761186880719891 -0.020745889920166 -0.0583969142308734 -0.0543609302675375
-0.0775700674722016 -0.0580814713155375 -0.0222640475273855 -0.107114986214685
-0.0349015919157483 -0.106840809230577 0.0550484873689445 -0.131846934940608
0.0418048924429349 -0.111959285939217 0.134580982069216 -0.0614055082212436
0.137862927263232 -0.0302341078093064 0.100079425381063 0.0545064782890192
0.107484044940932 0.108092124003885 -0.0176330773980028 0.0911158115807002
0.0210121828576977 0.153652852702858 -0.0571516220027597 -0.0794162793570341
-0.0549362366167943 0.0533165330969343 0.0205091832896047 -0.252616188818731
-0.0215953175330687 0.0823081730699898 0.0840730722886871 -0.185945629178391
0.0378871217134292 0.0595562353181466 0.0678135549760402 -0.194512911793072
0.0546978644188543 -0.0063236101616324 -0.0180961426577793 -0.171034366085942
0.0219202640146658 -0.0464142324153429 -0.0966742427025958 -0.120407726041051
-0.0143034509576913 -0.0516414058645288 -0.135233966190745 -0.0402608662622797
-0.0420279422807574 -0.0296265437511102 -0.121308276480366 0.00152276673048772
-0.0488053260116652 -0.0124068927553587 -0.086111359550165 -0.0167349785739682
-0.0515703726940409 -0.0158981892161922 -0.0793773119685803 -0.061394430189432
-0.0503579527637929 -0.0413581668378241 -0.0384432579912709 -0.117655761691087
-0.01682804996263 -0.0735345638952997 0.0459731530213541 -0.145836476149178
0.0433316103511525 -0.0732023125900433 0.136587967690866 -0.0688623093879217
0.0978806018430095 0.00625744841907525 0.100002134955186 0.0476601843406588
0.0432587953228298 0.0941141818733426 -0.0160834262689415 0.0743539066952379
-0.0286842338769487 0.0869665215798582 -0.0434323061335318 -0.114708298961645
0.0562521338517001 -0.00213796315404317 0.0427994069946171 0.141296242861498
0.00273051266599981 -0.0452022312522493 0.0598877867184118 -0.0616523844170563
-0.0393090523275772 -0.0224526360888706 -0.0983849855643869 -0.0745447521159643
-0.0238025759222664 0.025499620499647 -0.157069525697193 0.0510203943036781
0.00635040467494832 0.0219710101840372 -0.0594725178789379 0.166957615767927
0.0114384952553386 0.0120915288125247 0.0522115741271217 0.138202966117335
0.0140082336084483 0.00648804231415012 0.088772450142234 0.0701396912728718
0.00671978922126644 0.00374486295346254 0.102621253889848 0.0252312085006342
0.00134535039115767 0.00665580530295064 0.117008546172122 0.00331907229836794
-0.010753001451406 0.00537362187182694 0.133565840235699 0.0321848097986642
-0.0102085967429815 -0.00753431228178626 0.101549868974572 0.100822019371731
-0.00295746363308709 -0.0146656110251563 0.0168981480110557 0.15574161556543
0.0237407980426756 -0.0299731545589369 -0.048092725698969 0.178248115186513
0.0556629518455792 -0.00128220228397462 -0.0889467622403772 0.184246680398575
0.0596559719151025 0.0505409147968756 -0.0325299812805633 0.253823517364556
0.0679056075686665 0.0784278150559016 0.026127503753688 0.132352103410306
0.0536592871930332 -0.0032710523229841 0.0649893809744088 -0.0629611865459564
0.0163605415095705 -0.028166134677928 -0.0931702475852497 -0.0984093982097769
-0.00357190319007739 -0.0159240596433559 -0.173648906907868 0.0356890610608718
-0.00319782905064342 -0.0215616858919796 -0.0789682386724426 0.164637404331111
-0.0183686048200344 -0.0177760719277185 0.03888751525083 0.144766572436701
-0.0215541800114595 -0.00523616312367588 0.0842982396532606 0.0765550301759841
-0.0298883142029354 -0.00547043483192699 0.0976910952185132 0.0261201069693653
-0.0342825585915593 -0.00873908593933015 0.108301949867434 -0.00507692505166129
-0.0438334464695994 -0.0348513391306079 0.129525354034991 0.0101372841328388
-0.0107343402705199 -0.0647647624971433 0.119296794090742 0.0722571925692504
0.0389672755004524 -0.0549269934427642 0.0502754348434304 0.1377197419797
0.0951152617235666 -0.0152032446166462 -0.0170754532432329 0.176463387627978
0.105194396596396 0.0707279236731207 -0.0658866975906316 0.179432317214218
0.0720105023185121 0.143696924460534 -0.029241538098235 0.223569150860758
0.0598877543546517 0.154352044209779 0.0115462938510836 0.0963019397814829
0.0953801919102017 0.0577385592925151 0.0718235171326364 -0.0748512831296618
0.0812594878657418 -0.0149345864541209 -0.0792508919413342 -0.135227353346824
0.0342330593739105 -0.0559237711343546 -0.187263683399909 0.0021082732522103
-0.00450425012376996 -0.0716379231524454 -0.103991390978323 0.143854166572735
-0.0453281548973757 -0.0530103603531898 0.0117693679915521 0.14000355953467
-0.0558148365073571 -0.020011468140542 0.0633056474592515 0.0786493081426252
-0.0625561542922005 -0.0131195711051785 0.0782335415776715 0.0242232413994464
-0.0641925947291086 -0.0189806397976484 0.0852377964879086 -0.0163532600102951
-0.0751740272177199 -0.0606941166956157 0.110408009954871 -0.021523774287785
-0.0255861154808325 -0.109661302045792 0.1280105193474 0.0231104424422254
0.0542602319207614 -0.102303847682364 0.092102480413606 0.0994770048257079
0.151466840463547 -0.0332189922757336 0.0264204215740469 0.163869781502758
0.157572147367346 0.107965604492244 -0.0400561569607985 0.169251610628713
0.0894503754724261 0.206294329655334 -0.0271263963816729 0.170190386183676
0.0350447768918671 0.210482257865285 0.00325450571201505 0.0330146784745485
0.115294504101503 0.126396528900331 0.0782279651339541 -0.0970185736694478
0.141094944960736 0.0185392688131479 -0.052026822538651 -0.174290387124471
0.0831956964056475 -0.0820131494174846 -0.181820054517325 -0.0485229852889826
0.00540465394700985 -0.11524319327845 -0.125459214396991 0.0973315615950068
-0.062603712362671 -0.0873041846317508 -0.0257000466791089 0.117781318769971
-0.0825368456381632 -0.0353772880449892 0.0276489476822148 0.0730423764960915
-0.0863112745894903 -0.0181693667507385 0.0474692500306734 0.018983494166785
-0.0841374829961073 -0.0238224996531928 0.0516812994272235 -0.0274762658889498
-0.0960511054353063 -0.0723216278062112 0.0789074649986743 -0.0514129975863112
-0.0445524500485228 -0.134275260781409 0.119519619464709 -0.0307283417857134
0.0489635801994352 -0.138314757924787 0.121336047544708 0.0476861036143978
0.179522796824769 -0.0620822302085642 0.0654765418623464 0.135177295297409
0.191593784549708 0.116322856775207 -0.0232384403158106 0.151943038960518
0.101575312914242 0.233742523674447 -0.0338948170313409 0.104873609039398
0.000130857059614078 0.230515557781982 0.0035687778946884 -0.0495837773559018
0.103309898551102 0.178756576842767 0.0828936343040068 -0.126319405383191
0.168675172924479 0.0630059805833233 -0.0123003314194612 -0.202502452628188
0.123776743642967 -0.0823801406442815 -0.148322938335792 -0.103495279502382
0.0224151228176836 -0.137150524184232 -0.132493501121306 0.0298610485964647
-0.065011481803367 -0.109605509827979 -0.0645244334799273 0.0771759370545059
-0.0948166202496602 -0.046871282165402 -0.0158506582585782 0.0574701289974628
-0.0974784544593421 -0.0208227962873512 0.00995774084482456 0.0110571810462559
-0.0912652016308543 -0.0246044386284992 0.0128576146186728 -0.03637926433499
-0.101236663622241 -0.0730224885191548 0.0401088705138565 -0.0747883272474062
-0.0539056835985148 -0.13769280922653 0.0961487621654191 -0.0755328291909285
0.0385050391901679 -0.148601722755082 0.131255558788709 -0.00270654721144705
0.178286087986898 -0.0742765597213505 0.0866115479915805 0.100593850279853
0.189822841017569 0.111909927398072 -0.016791490903133 0.130162247712331
0.0936424136553251 0.227345934308102 -0.0450686073808665 0.0370865925348506
-0.0303365674894089 0.204688086781463 0.0125985080892883 -0.134447321672389
0.0638923790065938 0.188175514701659 0.0862143620870561 -0.153620672852103
0.149531570536154 0.0925058855166438 0.0280136984512723 -0.209801340875996
0.131574736578867 -0.0594505555637954 -0.0946175543197602 -0.143028203880273
0.0345446401181876 -0.127318310387731 -0.121986312233342 -0.0392351964333444
-0.0543136857636158 -0.109721202407209 -0.0971564930933547 0.0275904732164148
-0.09113511574645 -0.0493604918104602 -0.0583197230219566 0.0367752858750257
-0.0929365564414868 -0.0203037692791658 -0.0275769439963972 0.00136708339454094
-0.0861919586357098 -0.0230161616739351 -0.0242318216812807 -0.0444265378497997
-0.0920992944140917 -0.0663367733640781 0.00563533203527512 -0.0900991735630931
-0.0478246973386506 -0.125076877620389 0.0713647164233261 -0.106288707118472
0.0366287149269285 -0.134835636780169 0.130056094019018 -0.0368172053925267
0.159380169939636 -0.0598645352902781 0.0932884423897913 0.0720774822354716
0.154933063083361 0.107772015591 -0.0167766358411566 0.107307649381626
0.0630427526518773 0.196562987646443 -0.0543484001378572 -0.0253973025667608
-0.047844506598496 0.139700396788998 0.0217352823950434 -0.201808754112098
0.0178840519550016 0.14925766625355 0.0879463665638659 -0.170564257154161
0.0973242979580976 0.088117694394899 0.0572485026380852 -0.199499558053853
0.10276844338602 -0.0301179968459624 -0.0430874927326012 -0.161184361658863
0.0328439920094811 -0.0917194655898819 -0.102845548780134 -0.0914101034768685
-0.0363357980984805 -0.0870688947238061 -0.117991717107528 -0.0148605967159606
-0.0710773036315408 -0.0426664208433382 -0.0930315252188423 0.0150962148137012
-0.0746200708116156 -0.0171879121110883 -0.0591028641628448 -0.0080882627131046
-0.0718169750903779 -0.0196909263125202 -0.0545537194500972 -0.0514722389080435
-0.0731326028877541 -0.0548127013978944 -0.0198511375208929 -0.101836890173147
-0.0328055572790857 -0.101054405138319 0.0532366592580723 -0.125617204770424
0.0397439048476673 -0.104937577798374 0.127449902303903 -0.0564002490262077
0.129437496385188 -0.0277045229927393 0.0935172753009818 0.054041309452544
0.100867029788592 0.102952572412443 -0.0172541172277485 0.0873807695883834
0.0182311053262066 0.146414555125433 -0.0530619279667947 -0.0745358836522422
-0.0527438455921174 0.0498938079927522 0.022666138706488 -0.238658388374881
-0.02065732486651 0.0778249953196725 0.0826160931475182 -0.174626806855625
0.0355932610992864 0.0559927463964707 0.0669826443037795 -0.184325534477181
0.0513093189359866 -0.00605793706449728 -0.0142874944433842 -0.163499703000869
0.0207524083155877 -0.0433425123355385 -0.091376906515908 -0.116280368984849
-0.013509414383948 -0.0485303464181696 -0.127477884886306 -0.0377540141464875
-0.0398371939281559 -0.0281505764328635 -0.11350801047953 0.00138820023761039
-0.0459170192432878 -0.01192779564089 -0.0812942415863028 -0.015924722316416
-0.0481376062730742 -0.0151001441633205 -0.0742248103237158 -0.0591366344412601
-0.0471689457717319 -0.0383056657222582 -0.0351538341279877 -0.111363510672614
-0.0155884658754268 -0.0697398714697907 0.0444983716453856 -0.13853236287998
0.0416827538094248 -0.0680029544036437 0.129789262976996 -0.0632488167817688
0.0915704018451039 0.00635611429346232 0.0944715263560135 0.0471687281971169
0.0404686978247922 0.0890002789704351 -0.0155725050981989 0.0708433991502944
-0.0271691678207469 0.0813555048907248 -0.0403266835743602 -0.108534487115027
0.0550379875542795 -0.000189062670085653 0.0373508225136888 0.138268808403685
0.004649490653257 -0.0437556378184086 0.0606013711285343 -0.0572836022021334
-0.0375892043198932 -0.0226143951103944 -0.0922432997645745 -0.0763360905579856
-0.0239289638516919 0.0247399129033303 -0.155700876806522 0.0430526277605848
0.0056612893012634 0.0214861049342947 -0.0635057144097113 0.160647897794822
0.0107067730805101 0.0116492775485314 0.0453873975407183 0.135612135982691
0.0131917310441934 0.00670313285065794 0.0819778924568323 0.0714826744559007
0.00614839244833427 0.00338839733964632 0.0979738833868427 0.0270835819592888
0.000802223482242917 0.00601852306422418 0.11244659962638 0.00673316427195162
-0.0105990874379511 0.00490670263780238 0.127903436057094 0.0346052945193984
-0.00976030694817843 -0.00819825443433988 0.0960609369759608 0.101296952959813
-0.00167838388922169 -0.0145400710158992 0.0110165030186024 0.153470033109445
0.0239978553926904 -0.0284965678944838 -0.053961292188409 0.171477727520724
0.0534178436824318 0.000487279240346644 -0.0949042422781963 0.17426423998542
0.0561339363289919 0.0514763090034007 -0.0415273774727094 0.246158629144665
0.0640146934193689 0.0775538455029425 0.0213295976950119 0.130265346212436
0.0521245629856739 -0.0017839901022414 0.065435883857119 -0.0577910869758356
0.0161031717305599 -0.0266369638882944 -0.0869212350350824 -0.0998003721201835
-0.00309663121896063 -0.0148634208869664 -0.170520277908627 0.0269597571972749
-0.00254628974273089 -0.0215232130897885 -0.0824140886630031 0.156887768876045
-0.0175901038232042 -0.0177983531611635 0.0328170602933251 0.141702967883937
-0.0205721134270925 -0.00554168224460707 0.0775900899236886 0.0768665700608249
-0.0286125530232983 -0.00612067027253817 0.0931099341926432 0.0275428497809237
-0.0332205515262665 -0.0102517616772671 0.104233181435679 -0.001968661530072
-0.0418492773679277 -0.0351305233544535 0.125101102184049 0.0126022460620599
-0.00916332174418016 -0.0635678763995631 0.113893356981859 0.0736689473997858
0.0396152294325435 -0.0519628525283994 0.0439236813322521 0.137404811679722
0.0923770494033818 -0.0123845434432307 -0.0237996183976855 0.171199150003557
0.0995534818049749 0.0722198647531802 -0.0716523342713265 0.170831626785856
0.0652682799632837 0.142389715777324 -0.0366132494890206 0.216276841297422
0.053694656927785 0.151564355490838 0.00803380981143887 0.0953619023452812
0.0901876356303059 0.0589937242555117 0.07248253455323 -0.0688335785047425
0.0789308663160251 -0.0120326900417436 -0.071767397761561 -0.135279428076392
0.0345451140893314 -0.0523361079614378 -0.181100511710013 -0.00603214987682627
-0.00232614124199754 -0.069234358638183 -0.105489629384846 0.135665859370499
-0.0421937105198488 -0.0530633942909116 0.00662803964768792 0.136356150586006
-0.0531415498910176 -0.0207132387934254 0.0579230220107759 0.0780038708085302
-0.0604857484448603 -0.0141733121404702 0.0747913001114599 0.0253548044926802
-0.0613613073471158 -0.0213100133307104 0.0821276321834741 -0.0133473988426455
-0.07155064038353 -0.0613019217316614 0.107568253316094 -0.0179985067308542
-0.0224221919002611 -0.106798623259042 0.124334260221147 0.0256016043360375
0.0560505844757921 -0.0972398941886726 0.0856403041933315 0.101393846529844
0.147640235539327 -0.0269762641662102 0.0192019122603934 0.161093622059331
0.149887011304535 0.110884164754872 -0.0471127034190503 0.162974276029757
0.0801189119286985 0.204700814725526 -0.0326606672547735 0.165001987880174
0.0275880435712308 0.205610738619354 0.00217871456660043 0.0338095417822922
0.107941560512518 0.126526339280203 0.0793228084411184 -0.0905022526171158
0.13608969259462 0.0223850929842712 -0.0437582119649816 -0.172906214419598
0.0830353460808241 -0.0762892955991549 -0.174054302797307 -0.0552872746638423
0.00818708556270766 -0.111417472656699 -0.125807599281685 0.0888516259880572
-0.0584820365493453 -0.0866041532937789 -0.0285745172220334 0.113838287456073
-0.07874265451048 -0.0368116185775694 0.0245336177591892 0.0709150379886342
-0.0823147841980503 -0.0198915800202757 0.0452938959906859 0.0192226689765688
-0.0802711141378128 -0.026222743700075 0.0503287514161346 -0.025357866226747
-0.0914908867281993 -0.0725352726874937 0.0773098893457633 -0.0491184350154836
-0.0398279527999647 -0.132076332410966 0.117050516687127 -0.0273196367773471
0.05164548392709 -0.132804351686027 0.115731337927006 0.0517615347648574
0.175325603910981 -0.0542841170209571 0.0577803039369877 0.134820889779299
0.182533040052499 0.119350549138001 -0.0293528147241101 0.147426562134362
0.0903415040022129 0.23127066958494 -0.0374485464535661 0.101478883562647
-0.00815205545624023 0.224065609565624 0.00563030380772743 -0.0465450823585918
0.0937140905113438 0.176845861173749 0.0851886158050842 -0.117943329206315
0.161025684596859 0.06643765256663 -0.00459230924093496 -0.198764827213385
0.12222503419623 -0.075758607108448 -0.139785895635456 -0.1077515231684
0.0247500989723883 -0.131896134910335 -0.130471412790371 0.0233961603834934
-0.0600228190399524 -0.108052658920123 -0.0657937652410623 0.0729226899456445
-0.0906617739747202 -0.0479182452811049 -0.0169752603953492 0.0547230979012611
-0.0932762674912215 -0.0226505329643674 0.00903899936302476 0.0100886991431012
-0.0872831666544652 -0.027081216080355 0.0129753543261235 -0.0351756015425305
-0.0963255608907782 -0.073237645351089 0.0411651496171896 -0.0715572382394289
-0.0488227477190805 -0.134909141889985 0.0961073730454805 -0.0718540151623082
0.0416964738174628 -0.142727218957834 0.127184745462459 0.00315840397120878
0.17444568900431 -0.0661650220741054 0.0803819522303725 0.102805400840844
0.181038397519915 0.114930873048891 -0.0219018549016968 0.126834531308361
0.0837874296147585 0.225849856778167 -0.0455233705397421 0.0342967479833283
-0.036822410673497 0.198359873388753 0.0172696582443168 -0.128989212179704
0.0554817749075662 0.184980444054613 0.0895397411469615 -0.144580814266895
0.141226685510787 0.0947922915108019 0.0353565591772044 -0.203829501233126
0.129206929145288 -0.053176951841814 -0.0855089463716003 -0.144749905237045
0.0367674194772462 -0.121948782841917 -0.117909301800559 -0.0436869388041849
-0.0504258764228019 -0.107981032746773 -0.0958818531682242 0.0246100947999074
-0.0868881160470872 -0.0508283430303335 -0.057694833108464 0.0337579976614469
-0.0886327251291328 -0.0221594776077781 -0.0270346226630303 -0.000145720642560573
-0.0835396965391611 -0.0252975560047605 -0.0224671501382339 -0.043016553952771
-0.0870637986404189 -0.0667232058381302 0.0083528114272362 -0.0880052306515795
-0.0433333457433479 -0.122876750282726 0.072576646240489 -0.10207054082517
0.0392678840808717 -0.128585269881807 0.127544339060316 -0.0309708356395667
0.154719425738977 -0.0529071003445095 0.088228980518717 0.0754025956142232
0.147646627940992 0.110041932278474 -0.0208232767969516 0.104948933069695
0.0552617861368987 0.193303918044798 -0.0516575133297676 -0.0252595685211379
-0.0515299917605176 0.134057919264792 0.0286674066880943 -0.194932138022838
0.0121654907641241 0.145453847798944 0.0922277588098902 -0.160921287771176
0.0908843622957491 0.0885641824130226 0.0633457389156176 -0.192053931970537
0.0997301198947682 -0.0257960733629838 -0.0348974754645995 -0.15932650283277
0.0346029237253363 -0.0875208329917396 -0.0974504583784525 -0.0938349992181572
-0.0328350374950475 -0.0853676868950339 -0.114215684869265 -0.0167810605841051
-0.0674598771036252 -0.0432124997820697 -0.0898045088212151 0.0127377032138644
-0.0711824218191396 -0.0181207279783159 -0.0576732297447014 -0.00989122244533961
-0.0690935244282747 -0.0212876452378093 -0.0513860309394182 -0.0510779264513246
-0.0690508910902665 -0.055328943647756 -0.0162750656005235 -0.100121053945265
-0.0290371740997053 -0.0992745455318271 0.0556134391631033 -0.12126154550401
0.0417673501141496 -0.100226291319381 0.125780269418412 -0.0500177209060848
0.125688152690957 -0.0227860580559826 0.0885659887405202 0.0579667485713048
0.0948324823654198 0.103562601593623 -0.0198737926889764 0.0852439163375723
0.0133733000983439 0.142868058453427 -0.0489097724996359 -0.0745588253119684
-0.0528846276424315 0.0467218673051099 0.0316220395395523 -0.231190493843419
-0.0225777914201547 0.0750446272274327 0.0878856246067443 -0.165175156476968
0.0319405984930347 0.0555663738845005 0.0722841016341649 -0.176550708774195
0.049548497417946 -0.00383545355540242 -0.0071052151908319 -0.161176874772856
0.0207920575412832 -0.0409413604353792 -0.0858318330150766 -0.116910889768033
-0.0117860629237757 -0.0480694992500823 -0.123255157729421 -0.0409500435331203
-0.0376234317130234 -0.0278073322262249 -0.10944215294721 -0.00191645915961244
-0.0434794868787726 -0.0123365635770018 -0.0781428891221923 -0.0181972933304861
-0.0461921507553398 -0.0155292381370542 -0.0701517821243553 -0.0596374101971975
-0.0443166405550944 -0.0378385867611843 -0.0303707475892611 -0.11052623738604
-0.0129310165460764 -0.0681038194303913 0.0478244214625575 -0.133987788146386
0.04201373527687 -0.0647667243949619 0.128051735810796 -0.0566002567297163
0.088821810480711 0.00922511962330956 0.0894146590374354 0.0513029040345287
0.03658550056143 0.0878656752267477 -0.0175129871344347 0.0690231759372072
-0.028879640848938 0.0781459584150567 -0.0357115698247422 -0.1056761698988
0.0562140222851832 0.00116974040677971 0.032362436778851 0.141694406391916
0.00671595642076438 -0.0438572851009019 0.0639858998372447 -0.0543823376250247
-0.0373307893655153 -0.0236519010526085 -0.0904379029308395 -0.0805987568713531
-0.0250045193437625 0.0246429014386481 -0.159660510666037 0.0369373733941134
0.00488150839310323 0.0217362615248045 -0.0692868239001073 0.159647091646785
0.00963349309087323 0.0117535608649408 0.0405336630348161 0.138600963422031
0.0132881785724439 0.00715331106475735 0.0786786634497274 0.0759302583879069
0.00584978928100205 0.00346123551949909 0.0969483989503145 0.030272931902952
0.000302736277268853 0.00586959090294722 0.112297062316068 0.0104744786770495
-0.0107214356084316 0.0041922438574455 0.127299043105773 0.0381105296149031
-0.00982229341449562 -0.00791123284485362 0.0935962071696725 0.106431682342977
-0.000754750029462767 -0.0144252573820582 0.00541609196065587 0.157020547965678
0.0248222074941593 -0.0269270599439225 -0.0612942431437912 0.169840886644491
0.0537115855534049 0.00253095062673107 -0.104015134452104 0.17139819574069
0.0551421986495652 0.0541622979919028 -0.0523387248381919 0.245341331238995
0.0625111538574469 0.0808229509366649 0.0167770001736036 0.132819275041963
0.0528161542630767 0.000170007728684763 0.0684202171039638 -0.0547526187799598
0.0165688373283077 -0.0260692291884519 -0.08302042309215 -0.104868267882783
-0.00287629961086726 -0.0144430746715184 -0.173539934999321 0.0204357662275864
-0.00159718856808698 -0.0218986343320584 -0.0885788273148836 0.155162388195234
-0.0171022933501056 -0.0185976603427509 0.0278700666609508 0.144283080989464
-0.0205847792840578 -0.00597665405238903 0.0743147677585605 0.0804217937373323
-0.028906036899012 -0.00696210614906853 0.092107582537898 0.0306612412199509
-0.033387890370858 -0.0120587841508217 0.103878217703694 0.00151811089593559
-0.0412055982236694 -0.0368835849674396 0.124717181315928 0.0156533901108132
-0.00764583132449601 -0.0643659013657256 0.112428903054768 0.077177880775136
0.042148260157614 -0.0510357672841136 0.0390331717681203 0.141823737492536
0.0927073610762833 -0.00887781928758417 -0.0310141029797153 0.172322516564208
0.0976261524128241 0.076278557992159 -0.0808059471793871 0.169450333654823
0.0610628187711788 0.146610349409167 -0.0458465675920909 0.216848152283716
0.0495102945205198 0.154843653568628 0.00503203772060113 0.0977415123470481
0.088706336066393 0.0627472964003881 0.0760576089622263 -0.0648723100136355
0.0794521335576209 -0.00935750796925499 -0.0672031101383835 -0.140347338231213
0.0362831447944727 -0.0507359863406093 -0.182474196244646 -0.0145568981433371
0.00011270537480835 -0.069889080380402 -0.112145522464266 0.132287391679601
-0.0409562547103493 -0.0545965080641166 0.00208148286020098 0.137812262139796
-0.0531332901561867 -0.0230354423839163 0.0547488344073073 0.0800045114881421
-0.0596432202100744 -0.016401950763167 0.0734066325417037 0.0276306612998428
-0.0616635434244191 -0.0237160818225314 0.0819764513345864 -0.0112011963699057
-0.0700543337101334 -0.0637358909975495 0.108465395104867 -0.0159709815387035
-0.0201278261176566 -0.108989085814519 0.124554090434776 0.0288283201947829
0.0601718869327538 -0.0964485717635503 0.081978773762901 0.106748234086567
0.149376738928437 -0.0223895650215059 0.0126187998534752 0.164507226457547
0.147744777190827 0.117285193058701 -0.0555757805767873 0.163148887021052
0.0737246820120308 0.210268483042849 -0.0402059341751497 0.164987204644619
0.0203925190417417 0.208546243241023 0.000997147416700728 0.0351942391108413
0.103777036018941 0.131183978690723 0.0836349671966387 -0.0865565827294383
0.135938293747495 0.0275440738543241 -0.0374891810372742 -0.17647383841193
0.0856841099678189 -0.0737519414826383 -0.172493073371339 -0.0641609946026311
0.0119677924746781 -0.111666738198762 -0.130227806241153 0.0848961684672986
-0.0564604035038806 -0.0886467948718409 -0.0328134881825163 0.113180439108267
-0.0778500085924025 -0.0394208898004397 0.0219319317732544 0.0722787088843545
-0.0820082682461092 -0.0227220850872269 0.0437598043046276 0.0201676898820027
-0.0802658033464458 -0.029958803131824 0.0499255933973727 -0.0237959302729397
-0.0902276535483418 -0.0760593536199765 0.0791442607493505 -0.0471437355167348
-0.0370126492772927 -0.134032791744025 0.119439573281484 -0.0247254281781815
0.0560713580025375 -0.131392314823785 0.114507835016207 0.0583057303945111
0.178253225414335 -0.0492636897803169 0.0531727273041112 0.14016004834315
0.180824010370312 0.127001094155265 -0.0365411494682978 0.148739525848751
0.0838286116761271 0.238053922645509 -0.0418314184995202 0.101810227847669
-0.0153931552147236 0.225672556881392 0.00835455405520666 -0.0455641663979635
0.0885936660833657 0.182062938189874 0.0901009250236697 -0.113481307325877
0.159368364257095 0.0725368221998529 0.00372335584813626 -0.201411481783488
0.125314791017076 -0.0715816012023782 -0.135721533754308 -0.115868998610682
0.0294948875044896 -0.132510322693416 -0.133322515449939 0.018026295435299
-0.0574806288861087 -0.110943541036596 -0.0689487593438219 0.0717461731908258
-0.0900269991618216 -0.0508699796594171 -0.0182828086209988 0.0548237992980821
-0.0923270717553568 -0.0254968883514117 0.00855752246006128 0.0104555770199335
-0.0875463489534651 -0.0305801524981033 0.0139464501740422 -0.0353705302519718
-0.0946093285143949 -0.0770620882529081 0.0438095324380556 -0.0712301587186712
-0.0462431079888937 -0.137966192216189 0.0993050086788976 -0.070864872038403
0.04671041144811 -0.142032516446626 0.127940060270588 0.00894454718452725
0.177688443460288 -0.0615274004654709 0.0772284757700306 0.108661181088594
0.180116654999348 0.122469145542973 -0.0278189513604668 0.12921923381016
0.0771381228425003 0.2312763653963 -0.0473204099534658 0.0339461181418775
-0.0443947344061315 0.198740849250605 0.0228144646954369 -0.128884926730625
0.0494395200422529 0.188607359488189 0.0964204970908693 -0.139836423096812
0.138772415887896 0.100407618834941 0.0440362050234067 -0.204855894526739
0.131664775874395 -0.0489822464806329 -0.0801739335467042 -0.150965808189115
0.0404597056175459 -0.122036853544008 -0.118671675494859 -0.050087756145085
-0.0476101131006309 -0.11038107297738 -0.0976553539511659 0.0218324916184353
-0.0856335868392947 -0.0539380390300536 -0.058643402001479 0.0321202706038796
-0.0880622245546936 -0.0251107539980389 -0.0271475335560121 -0.00074164895818577
-0.082836732560935 -0.0285206786918348 -0.0216103624733174 -0.0448767093497131
-0.0858980087848169 -0.0704783529771187 0.0108231990452604 -0.0886974338007532
-0.0404680966340052 -0.12514908660592 0.0765300820948533 -0.101877010604281
0.0434419002073649 -0.127804204771471 0.129062970406713 -0.0265454207742043
0.156675827920417 -0.0475491951161259 0.0863036076124619 0.0817842771477611
0.145800131789618 0.115838183486262 -0.0253697993255357 0.106825374943433
0.04912633969271 0.197133834632274 -0.0516694762330419 -0.027339314989229
-0.0572595282108791 0.133206840847493 0.0369330101653714 -0.195261658874467
0.00733494839554775 0.147030559144364 0.100502884591358 -0.157424477170096
0.0880129904926442 0.0928692190430164 0.0717784103057663 -0.192037443003072
0.101306256208261 -0.0221851761697818 -0.0275915035705974 -0.165056437099356
0.0372839532575627 -0.0869850291514466 -0.0966364937120862 -0.0995898572134143
-0.0308778174039907 -0.0871949294190668 -0.115384534525714 -0.0209915603695035
-0.0664267971040488 -0.0450942720187763 -0.0904126076679411 0.00991751763492218
-0.0701527855910243 -0.0206861948090182 -0.0577182641465034 -0.0120356440596175
-0.0681830661983942 -0.023538654001532 -0.050173774269113 -0.0538005582868737
-0.0673582159315534 -0.0580416468423716 -0.0134654912362661 -0.101842299707846
-0.0263525794388288 -0.101043005393579 0.0601123846015142 -0.121715294237564
0.0455329039948345 -0.098469650685672 0.128352102375288 -0.0456626622381008
0.126495703607577 -0.0182977953214649 0.0872505738653552 0.0637899271322283
0.0923457593829129 0.107125081018646 -0.0230985886127688 0.0858520736811834
0.00893384184104304 0.144550330342232 -0.0466911385420514 -0.0758906992156376
-0.055527013455855 0.0452003496065816 0.0410621582356626 -0.231886158895277
-0.0248517457183818 0.074746201675312 0.0964002871653708 -0.162554692453289
0.0297993068898478 0.0568425162544382 0.0802085710123514 -0.175314662793279
0.049933090981086 -0.00145500532831224 -0.000134514321513653 -0.165019821218328
0.0222419445680492 -0.0403659715760185 -0.0838776520941137 -0.122282374036927
-0.0110271430925608 -0.0490281427991456 -0.123222338997383 -0.045256371317141
-0.0369647776996202 -0.0290406665091175 -0.109550867452805 -0.00497269086222913
-0.0422835413072782 -0.0139217478900772 -0.077589097718447 -0.0207099603583955
-0.0458776326091308 -0.0167462930198651 -0.0677176162823216 -0.0618574930994875
-0.0436552405565548 -0.0399357572425325 -0.0265319734538723 -0.11284117934433
-0.0104646495024029 -0.0696377481141321 0.0533216401404738 -0.133580770317114
0.044580448282913 -0.0630649902550837 0.131605737556969 -0.0524411442928201
0.0884848344447609 0.0127349826668037 0.0881573457844372 0.0563461521253987
0.0338563984844665 0.089739548796744 -0.0204418043314911 0.0694323128918986
-0.0322364739376189 0.0769646075936957 -0.0321892789272853 -0.107547778153944
0.0591731933864509 0.00174659909545268 0.0321978798292322 0.148849023827895
0.00805464195544384 -0.0458824546595366 0.0681229315985169 -0.0554274132391084
-0.0385105229272263 -0.0247984924001814 -0.0922779507798405 -0.085956393895431
-0.0252192528462967 0.0254269541966836 -0.167881338002563 0.0355939475054776
0.00559411766372927 0.0219160069883205 -0.0739554549237693 0.165115280381721
0.00986481552654863 0.0128216990492005 0.0403965205400981 0.145235513153069
0.0137298244248286 0.00737620887965953 0.0791953906766084 0.0805335304446431
0.0058445523982222 0.00341140851588401 0.0995535340317274 0.0328695163504608
2.48645010028352E-05 0.005393855718998 0.116020685783623 0.0116677699118834
-0.0115480313898016 0.00321457203683268 0.131484230440515 0.0402661837735591
-0.010470246105678 -0.00879783383357562 0.0968106647719277 0.111860900270885
-0.000515684513489535 -0.0153949693840013 0.00340373030213706 0.165349021189614
0.0262870372571204 -0.0277851356044185 -0.0668081383446636 0.175890437920138
0.0550223479117455 0.00245983902266582 -0.113673706435369 0.176668025491217
0.0570486667940864 0.0566174004390917 -0.0592495059769243 0.255988654993786
0.0647396511932987 0.0843922803389466 0.0162739830197838 0.139771801448093
0.0546445355262907 0.000614377719997762 0.0728127271099757 -0.0546270393281194
0.0173710403632638 -0.0264542740500081 -0.0844648469324902 -0.11049802228023
-0.00264948466847154 -0.0143488773966641 -0.182147910224065 0.0176611638808569
-0.00158293548735803 -0.022578886422886 -0.0940583536732132 0.160235104952916
-0.0179398472878229 -0.0189025316335545 0.0272650149761497 0.150322146240399
-0.0214710488373916 -0.00660127881419249 0.0748863213263421 0.0844151069711785
-0.0297561008661707 -0.00757581771296756 0.0940924788231411 0.0325876802232068
-0.0347535235570559 -0.0130961502639368 0.106798749847635 0.00281062317023883
-0.0427630413693294 -0.0385450231105302 0.129053415438601 0.0171146719940355
-0.00786032069459856 -0.0667883957784344 0.116614909862286 0.0816691260118397
0.0449151873025074 -0.052816577692917 0.0380700430382288 0.150166641808395
0.0967361328884709 -0.00762435669634222 -0.0354543923795059 0.179297704802588
0.100987841571317 0.0805571784525929 -0.0886521723676742 0.174858788534376
0.062001727242428 0.15322229630826 -0.0516049857880665 0.225491021208748
0.0507776085548257 0.161704956899137 0.00435871730231712 0.103230104703593
0.0918466695472591 0.066204777095677 0.0809514122675716 -0.0646434337783714
0.0822238596032265 -0.00858016273764169 -0.0676611337747367 -0.147708513076827
0.0379175591084171 -0.0516331859730385 -0.189719095122914 -0.019028246608757
0.000368648963720379 -0.0724119684236382 -0.118262451258252 0.135790421907608
-0.0419536008863882 -0.0566983157079173 -9.02184800459756E-05 0.143498185526393
-0.0549520444877829 -0.0237432168944637 0.0551920341001462 0.0838776218477519
-0.0615435185888127 -0.0176322899596375 0.0755261918467952 0.0290053254494383
-0.0639969646677941 -0.0258363429660753 0.0843002993983996 -0.0110341135069096
-0.0729039999764601 -0.0672516484094172 0.111876825337716 -0.0166113392007013
-0.0208161764446093 -0.113562181567628 0.129968383194265 0.0306861442236798
0.0638087642756949 -0.099376119431799 0.0839738063014035 0.114763718030339
0.155644565881617 -0.0214643622931256 0.0104186255255482 0.172743556127292
0.153124676085501 0.123267880630543 -0.0622952314066796 0.169434605503045
0.07479542558433 0.220651934511112 -0.0449591563311025 0.17224706358036
0.0191448798327893 0.217146636950819 0.0012607309576116 0.0379427199813244
0.106233571504322 0.13720694102621 0.0888559380768913 -0.0857112533401837
0.139996702042089 0.0301072811064675 -0.0359788753832572 -0.185624568814534
0.0898644518412922 -0.0751447555977533 -0.179051776648399 -0.0711506414687592
0.0126099071732079 -0.11597398004609 -0.137525925791341 0.0859331096768878
-0.0581848171294755 -0.0925407584854579 -0.0355863780555431 0.117958094164968
-0.0808078900210783 -0.0412056120275558 0.0218609302078748 0.0751984017919473
-0.084461603420142 -0.0241423432910027 0.0448822668953837 0.0212637485218358
-0.0828626362398419 -0.0323269404945167 0.0512769930673872 -0.0246336067539546
-0.0937033685290479 -0.079819601099083 0.082033599938929 -0.0492748541061172
-0.0390704908788246 -0.139734616082137 0.124431001030398 -0.0259407342891216
0.059228035151334 -0.135251388002078 0.117746534009537 0.0631848601819454
0.185604339553173 -0.0493836341235907 0.0523639141160631 0.1486740573519
0.187421044847009 0.133690318947171 -0.0414751782934213 0.155532088545694
0.0845693155283027 0.249793513456031 -0.0450102578852209 0.105692552166824
-0.0188265096326113 0.235124247953908 0.0093380748658879 -0.046035248117026
0.0899774304797717 0.190434720382452 0.0966337581288808 -0.114359097927465
0.164682317098358 0.0776108548973456 0.00700403068486044 -0.210601674107511
0.131231016929403 -0.0729092094180982 -0.139275820525735 -0.12496204472717
0.0310604682879284 -0.137228663968669 -0.139972569614203 0.0153525036470707
-0.0593915208857182 -0.115085410528937 -0.0726159555488089 0.0737141110586741
-0.0930040925327563 -0.0534705955168189 -0.0191030386294122 0.0571418796576621
-0.0951524346129426 -0.0269564564641289 0.00854393263814267 0.0106240160693116
-0.0907570989948449 -0.0330974923991632 0.0135641992338935 -0.036287655455825
-0.098959822984043 -0.0808292715542271 0.045174768435532 -0.0747919063810611
-0.0477607232674779 -0.143760490503391 0.104280532962093 -0.0742215810224386
0.049571342486036 -0.1469691045697 0.133140889598705 0.0119666197710584
0.184474038528338 -0.0624606687140148 0.0780916814295174 0.116764793079386
0.186780256392446 0.128739360037686 -0.0318621847947179 0.135159290554867
0.0780574869695801 0.242519740531815 -0.0500714783602877 0.0352799845258547
-0.0488121426413178 0.206494101380651 0.0258718232364859 -0.132780957544517
0.0490340851527794 0.196842353721468 0.103913427657935 -0.142449203400304
0.142953192062552 0.106639397337025 0.0490285362194255 -0.213691889216221
0.137490210788124 -0.0492551998590202 -0.0798218912031803 -0.160896851253244
0.0430366781931606 -0.126308941741465 -0.124418276079759 -0.055522359510023
-0.0492226955923107 -0.115304785247009 -0.102546002105278 0.0217525381959384
-0.0887339469595951 -0.0561261217055675 -0.0609991638672887 0.0325013636305664
-0.0900146698586969 -0.0263539744429145 -0.0292291662305258 -0.0014132635331973
-0.0858174133938562 -0.0299452966305954 -0.0228306465134671 -0.0467035447825507
-0.0885198348777806 -0.07334514957838 0.0118897093279666 -0.0929844985946024
-0.0416808224310642 -0.130749970270537 0.0809426008659055 -0.106835071745852
0.0467957297949585 -0.131937899189856 0.13476302808784 -0.0252217074269689
0.163135658509811 -0.0479666092983941 0.0881641359130143 0.0882482953939782
0.150965431850667 0.121939638394422 -0.0284130414246294 0.11215647390647
0.0491824427818959 0.2063177926858 -0.0534378186683713 -0.0279046190021414
-0.0613701906885733 0.137966142944375 0.0411547979110575 -0.201854674733468
0.00538283778620397 0.153161975593231 0.108039488104402 -0.160488872120975
0.0899749226921095 0.0981360553314883 0.0781251694363903 -0.198476837608693
0.105741494967522 -0.0218971789332866 -0.0260800102154835 -0.173988658482142
0.0390712455823022 -0.0897381439255897 -0.100904187856582 -0.106893027050644
-0.0318851598315046 -0.0913160826960557 -0.120450639248523 -0.022775429678803
-0.0687336847435722 -0.0470682431569312 -0.0935445895209034 0.00935714706832007
-0.071925155322424 -0.0219046261819941 -0.0594090025791433 -0.0129355368863104
-0.0704808172702041 -0.024457458322175 -0.0522362619882014 -0.0557587374705911
-0.0693350734976598 -0.0604925833343757 -0.0131938524740714 -0.10677623425874
-0.0267403511083286 -0.105844548604263 0.0643418595147249 -0.12718816045987
0.0482899628868633 -0.101458283328883 0.134205678540389 -0.0457089608930709
0.130966439855737 -0.0168560936595464 0.0900445236916373 0.0692028437943348
0.0955325595666062 0.112929458814708 -0.0255167756468258 0.0901790041265801
0.00782826726721896 0.151169426444038 -0.0478913763170833 -0.0792454907347255
-0.0579292960273338 0.0467672836579462 0.0470974001863631 -0.241560588669875
-0.0267626945907788 0.0774597134956257 0.104629931592774 -0.165897478984943
0.030095076929852 0.0593405212186255 0.0868814835837522 -0.18207165890297
0.0516218320543579 -0.000417449543609627 0.00332264767766962 -0.173505955015989
0.0235465504902571 -0.0414378595737117 -0.0869216492239112 -0.129893814779807
-0.0118290962153725 -0.0512318712830742 -0.127862552572265 -0.0482731419128757
-0.0376391431504544 -0.0306402055045769 -0.113863093457021 -0.00596575199239378
-0.0431472505413983 -0.0144919556374654 -0.0808665526639265 -0.0226288444655779
-0.0471576738962874 -0.0174587232689867 -0.070283980629387 -0.0650911580717289
-0.0443006842362235 -0.0416456289465184 -0.025930546726462 -0.118006404191159
-0.010850378779589 -0.0724605150320386 0.0570123073949867 -0.13857822489473
0.0477556977655558 -0.0651661170267802 0.137529603908806 -0.0521804415198587
0.0907778124379422 0.0142781869166413 0.0907824690036976 0.0615976452768259
0.0342913990795242 0.0933522828754894 -0.0222751997437688 0.0728754924797465
-0.0341352555008381 0.0796085664592756 -0.0328202296448133 -0.11169245822209
0.0619811940080207 -0.00913274318309112 0.0543828489966031 0.155145943134678
0.00286315648614983 -0.0487463416308086 0.064827876685141 -0.0661355187364753
-0.0425599290079166 -0.0200015079842237 -0.106533023359594 -0.0760847882046839
-0.0220576329946324 0.0282056621309981 -0.168901369628538 0.0636587054724573
0.00631347659583343 0.0201589549446422 -0.0500053680400822 0.182445517407023
0.0111216152968642 0.0112407980127466 0.0640368880413872 0.144811439560275
0.0152588933642279 0.00553298908250196 0.096018192650609 0.0728559267196544
0.00581036434038391 0.00298387453624079 0.106223607546062 0.0193472274231352
0.000372637048333874 0.00608799810407722 0.121397649199633 -0.00526310341645254
-0.0119885767178461 0.00583248617300486 0.14222356352044 0.0217998543528852
-0.0136730816569813 -0.00673496231761561 0.117327584847837 0.103779038576387
-0.00192000381977235 -0.0172039953024125 0.026534064879937 0.174234057955388
0.0221145299046328 -0.0319781734903876 -0.0463227438260981 0.192670491892323
0.0575809373067476 -0.00623170572640907 -0.0946238632401959 0.197932021717642
0.0677329737987324 0.0486081033659249 -0.0267623979632574 0.274769070768489
0.0816741167294869 0.0772444909801542 0.030779593953332 0.143508737494367
0.0579834385539105 -0.00643004061944676 0.0669710581962397 -0.0663191953876216
0.0150785335563152 -0.0295827662045621 -0.106069915876878 -0.101814692824453
-0.00341643264498476 -0.0161361038149844 -0.186363088980752 0.0486517470718795
-0.00708011420863908 -0.0250490667979891 -0.0708552897925313 0.183059517719348
-0.0224244057318675 -0.0179859626303796 0.0524642685199683 0.153824021711403
-0.0226603906094219 -0.00403805856598351 0.0919944273399077 0.0778041592111047
-0.0320506548427848 -0.00361506501234863 0.101302475537012 0.0195398133083792
-0.038487408360308 -0.0083656620417951 0.110243995586457 -0.0129691942564293
-0.050532325488599 -0.032451818774761 0.135228513302777 -0.00191637524895152
-0.0195747109495032 -0.0659544150527491 0.133878225990583 0.0686344176580805
0.0393635922135819 -0.0614404707718869 0.0604727390748058 0.153653202657533
0.0976813514679088 -0.0228478879777632 -0.0126279689013501 0.191512834967717
0.114884746679669 0.0665520689948518 -0.0674222410691589 0.192338153500057
0.0865987735427895 0.147105109043116 -0.022991532481078 0.244108873688961
0.0796131711971814 0.161510777252796 0.00871408387410366 0.101349144127148
0.105659568434206 0.0574097854239363 0.0708307150963082 -0.0791277519068248
0.0856670793608131 -0.0199866549778664 -0.0973917361683527 -0.143135523216313
0.0342762475192994 -0.0601522304087237 -0.202233331504794 0.013251902823674
-0.0112483304098446 -0.0769281309304643 -0.100934244099881 0.163691155276263
-0.0530896512290938 -0.0533263662981844 0.0245416593397486 0.152157070097701
-0.0603602562933188 -0.0173263706920966 0.0721817456268228 0.0808352112322906
-0.0666291510585875 -0.00891562564413943 0.081027032578321 0.0185507801293859
-0.070168531298618 -0.0169766875001098 0.0846799209412148 -0.0238307760570892
-0.0854518824838516 -0.0569344302138621 0.112482443368148 -0.0340501487258783
-0.0399060495541025 -0.111802669129692 0.138999278224604 0.0136271432551617
0.0510038601818195 -0.111693539604671 0.102806541501331 0.111140062246099
0.155877775755675 -0.0455947683217343 0.0331728079763548 0.178087011782629
0.174829360011363 0.103124345815807 -0.0384399887461871 0.18207283133039
0.109587561538909 0.214571708534065 -0.0224907596547003 0.187766079326991
0.0563638989906275 0.226466826234348 -0.00653338165188561 0.028755024300345
0.131053715564873 0.130914742887273 0.0742246610893704 -0.105023888056402
0.151959756921959 0.0129270282885599 -0.0749865606119011 -0.187829820163926
0.0850938619462368 -0.0910151204001645 -0.201967623371689 -0.0412402593140657
-0.00411692040445066 -0.123442113444882 -0.129572554820251 0.116940692035798
-0.0744746873979667 -0.088197983091091 -0.015591671126282 0.132610755969402
-0.0895249172537065 -0.031731138293731 0.0369745046327391 0.0771502690128763
-0.0907290630602416 -0.0126209241108953 0.0492927777896292 0.0149231647555289
-0.090465202829231 -0.020898285372087 0.04893215923152 -0.0331802646499185
-0.108314252905363 -0.0674919861114704 0.0761063200789647 -0.0631810923959178
-0.0616663299505639 -0.13569908205046 0.125390742140003 -0.0446281085617154
0.0419026484824775 -0.148069983271173 0.131108624127805 0.0525222455688456
0.182478727963126 -0.0790027165206691 0.0736149627930001 0.147051264367498
0.211638325717036 0.108779584412554 -0.0190673312175448 0.163880799092871
0.123746082245355 0.242931219059468 -0.0318832469265621 0.118930768168919
0.019233054884606 0.252335110921549 -0.0104816444051378 -0.0655515844333952
0.121097265016619 0.188856722308042 0.0769221724954833 -0.13802024899019
0.183875299919646 0.0590278502529026 -0.0361422083948487 -0.222778994879352
0.128732068261122 -0.0932823826496634 -0.171626732437883 -0.104748158724754
0.0130348103920902 -0.147408678398976 -0.145368472067435 0.0455410883609049
-0.0794942621798562 -0.111692334622599 -0.0611987196822997 0.0940700317392914
-0.103922421341141 -0.0426077225781995 -0.00907597073717347 0.0657352945841026
-0.101475734623045 -0.014313386282921 0.00969056980818995 0.00963995805124126
-0.0979009422201496 -0.0206868371268464 0.00830163677828174 -0.0392829596751106
-0.112600206377004 -0.0677483309903066 0.0345871851951441 -0.0840075573463704
-0.0714340001524852 -0.138235198957046 0.0972839371181741 -0.0922973475422773
0.030032391461035 -0.157529409493755 0.138693746438583 -0.00312844617345002
0.178978218343184 -0.0917898581519233 0.0962445722102359 0.110460185920816
0.210848965871831 0.104621521132289 -0.0104646167954456 0.141446726280712
0.115372022731312 0.236880261637872 -0.0467608733824057 0.0455265525599927
-0.0161764182903405 0.228097800644783 -0.00412826121520736 -0.159809172724541
0.0795577647393183 0.202334985139212 0.0819760121497892 -0.170067397552557
0.165001489923034 0.0934827304325865 0.00847643176113236 -0.23413275689853
0.138960681232876 -0.0690586558820457 -0.116464379864508 -0.153067436099558
0.0274777301535337 -0.137633710499604 -0.14132207428427 -0.0311598779246049
-0.06854405521908 -0.112938361068266 -0.100704217462579 0.0441531188281568
-0.0997638552656011 -0.0462317025212704 -0.0570128543692255 0.0473357331606167
-0.0963198099892984 -0.0146417811505386 -0.0297883189130597 0.00228351173405961
-0.0924475947511856 -0.0186100874634331 -0.0304373965818468 -0.0449819625899474
-0.101136877349581 -0.0623630785376104 -0.00296298909064074 -0.0976997064328744
-0.0624886001594344 -0.12621497793805 0.068007227066458 -0.123013534907815
0.0291220921937955 -0.141478169438222 0.135589617382543 -0.0435847974684295
0.158619646122031 -0.0743825321600676 0.103269440353345 0.0792575554253164
0.17276546903084 0.102240340000685 -0.0108828001695047 0.118114109054655
0.0812670158307201 0.205137440754919 -0.0597046553844892 -0.0206989843890267
-0.0400920869583217 0.158336026201439 0.00731901882315919 -0.232045047561956
0.0277194439651815 0.161898125123525 0.0861407718736985 -0.189638596802172
0.107900031793759 0.0915481209122067 0.0439067160677896 -0.224150823771222
0.109181456700082 -0.0356043070689754 -0.0607019490386623 -0.176653441135087
0.0298463496694209 -0.0993596048849683 -0.125619112040992 -0.0906505517558913
-0.0460640949076937 -0.0906928814881346 -0.12698054160811 -0.000463832220351415
-0.0777736626803459 -0.0401104280683272 -0.0956429985282937 0.0280877762673805
-0.0764160188826677 -0.0129291106863489 -0.0635620389261297 -0.00463376121649229
-0.0754368891626149 -0.0153966404939757 -0.0622261127119441 -0.0502749299184611
-0.0794608240041583 -0.0517157748095805 -0.0305499308953559 -0.108732990586128
-0.0428770688991203 -0.103430106379846 0.0477407563475448 -0.141629591670079
0.0350306795989385 -0.10998025924093 0.132446246261695 -0.0652257830726451
0.130209294611636 -0.0364827806673462 0.10282652444129 0.0592011462253026
0.114309049625423 0.100844880701182 -0.0112748505700413 0.0957995468328244
0.0301510290555743 0.153639251720428 -0.0613601842454229 -0.0751020679588855
-0.0513990192749919 0.0607663061809123 0.0115653590294014 -0.266983310821572
-0.0158904244512633 0.0870398766533434 0.0845279891943698 -0.193802114634493
0.0398867094259141 0.059810243681151 0.0600386784235368 -0.206852793985699
0.0557738652524009 -0.00615880887437666 -0.0282350086058914 -0.181927779031932
0.0206953875848361 -0.0465086993891436 -0.114168201227206 -0.11889752350933
-0.0191321865180588 -0.0521511818547028 -0.141619334602219 -0.0274296591571882
-0.0433817057660346 -0.0264169118215686 -0.120039995184984 0.0144158012878608
-0.0456824848244814 -0.00974321079616227 -0.087386149638015 -0.0117700075020269
-0.0501880957752273 -0.010660269407062 -0.0828888205979768 -0.0574336980134722
-0.0503290196759593 -0.0358504971794176 -0.04536704665883 -0.118939841832919
-0.0207371453041934 -0.0719424884528741 0.038912277123633 -0.153010329524625
0.0390328406783349 -0.0728045808365895 0.134292419200652 -0.0735442780076343
0.0947558914981095 0.00176489535991334 0.103815374433102 0.0503754226693743
0.0490377040622417 0.0900965577170033 -0.0105730954972748 0.0784841374543348
-0.0233838617770144 0.0864121413774205 -0.0500988984485233 -0.111428548130512
0.0626765999082137 -0.014705918737085 0.0676256580555799 0.153272684736503
-0.000798631115329064 -0.0501993180533568 0.0628170769087427 -0.0717051250941976
-0.0444257044247647 -0.017045883428955 -0.112862368200184 -0.0709130455383012
-0.0188717571604898 0.029958394754658 -0.167127353882431 0.0763218797094206
0.00806512972925872 0.0195982734153247 -0.036983773052687 0.188045470563568
0.0122200853273505 0.0109276945978293 0.075410858982602 0.141831732923432
0.0161835234324651 0.00408772957769267 0.101395834873835 0.0677837260110479
0.0063636066306851 0.00244623603735623 0.108463811274458 0.0123221126849285
-0.000280172980231555 0.00565312324067875 0.121429794679634 -0.0144932240891125
-0.0125128090632669 0.00694243813314027 0.145059491882569 0.0115815159647149
-0.0136121300592525 -0.00631498882721026 0.126529332288871 0.0959320703227644
-0.00316719554688763 -0.0174532170619163 0.0399777215920569 0.175949856762706
0.0197510365301818 -0.0340834613775395 -0.0334468308765927 0.198141509773811
0.0566922113059008 -0.0100042084928472 -0.0838541444891671 0.206831016840998
0.0724291253364473 0.0436932715957453 -0.00824420317585118 0.280647390842786
0.0894847040162731 0.0709473243089713 0.0427151010436828 0.144556355295174
0.0580097928740982 -0.0110802887418188 0.0652867731045425 -0.0713358306668977
0.0130832251544407 -0.0306564808971786 -0.113554035601241 -0.0968664767932051
-0.00377797328313192 -0.0155866805427556 -0.186456476092808 0.061945726724213
-0.00870000527986672 -0.02535491362864 -0.0590835586457935 0.189556003633247
-0.0238908099508051 -0.0157745638596329 0.0642153438818467 0.15144980491393
-0.0232103846005025 -0.00256189171845832 0.0983402015391349 0.0727145676000467
-0.0327609631423121 -0.001044777848994 0.102866250246571 0.0124828864420036
-0.0400985581851946 -0.00578087327473036 0.109597874201854 -0.0213452777814257
-0.0538008721201563 -0.0286672672098108 0.135950737206008 -0.0125125596893696
-0.0250459290530603 -0.0650397518267481 0.139601830249142 0.059581800890487
0.0354455312068109 -0.0652099523318146 0.0729849185342205 0.152782018297723
0.0965648635257804 -0.0301611474052428 0.00038608022610181 0.194734403564083
0.120754020721033 0.0590205539833528 -0.0568211928239598 0.199623046055402
0.0986810765512588 0.142829010132594 -0.0063372687295284 0.248173614534148
0.093375783248901 0.157162755908447 0.0175971332180975 0.103351342905591
0.110609820449623 0.0495799269698662 0.0680477566205654 -0.0842305188390955
0.0848854596797571 -0.026093034970753 -0.108113499387693 -0.138618656486105
0.0305883291674132 -0.0623266568372534 -0.205209459456238 0.0273180791557707
-0.0174395882344078 -0.0766883617892369 -0.090594980825843 0.171930663669687
-0.0578495151344785 -0.0495837394555043 0.0362510797938715 0.151755848909049
-0.0615259456981638 -0.0126710450602367 0.0782617294080636 0.0766737249385209
-0.0674327209144157 -0.00422116757188856 0.0825832823062724 0.0125573918647284
-0.0727873170690166 -0.0126932387430116 0.0825063579243848 -0.03000190179159
-0.0906077854640751 -0.050725316336428 0.109655023184774 -0.0429585890102868
-0.0494953197564721 -0.108954438725956 0.14141891172559 0.00261604756433536
0.0442671474726127 -0.116546546962337 0.111968944531527 0.106724491682895
0.15364982415023 -0.0576700153951096 0.0458086103002025 0.179178653006522
0.184726562057941 0.0912625523458727 -0.0283686834719648 0.187409664030849
0.126593956732934 0.209405684725389 -0.00957406788481167 0.192589860289676
0.0741337020411959 0.224397057495561 -0.00346592477416225 0.0309445844203427
0.14206367716361 0.121956377366488 0.0701051081554698 -0.109629623609438
0.153956627001468 0.00198778253056446 -0.0884443864847477 -0.185815726926697
0.0792295251832598 -0.0977659553038888 -0.208169242248843 -0.0292285865685033
-0.0136854867518594 -0.124494583286269 -0.12368977445784 0.126960595398473
-0.0822709237396299 -0.0832174693257372 -0.00631818007689964 0.135438717451154
-0.0925155157983232 -0.0247246150158442 0.0423413263883464 0.0752787928600227
-0.0918255462722614 -0.00571586128355112 0.05015327119389 0.0118882484194952
-0.0930495484221762 -0.0146626936118266 0.0458056304092383 -0.0367306632019555
-0.11444376916486 -0.0596034894463516 0.0705633595567821 -0.0703729222111594
-0.0736490245754566 -0.131459240363863 0.12260184645482 -0.0560088978368833
0.0312820141899733 -0.152246197736232 0.136196759085143 0.0449984521605649
0.177418901656267 -0.093803873553119 0.0846415669156193 0.145596303965132
0.223362864536007 0.0940251902233359 -0.00831004270611809 0.168407574968407
0.144099383983249 0.237053250574585 -0.0232844174858036 0.122781894460597
0.0390249927452918 0.253281624910348 -0.0141510145400647 -0.0640985612650369
0.136681254381465 0.181820028797155 0.0707452677539333 -0.143432924328118
0.190232571423314 0.046581565301167 -0.0518411645981382 -0.224033526264924
0.12321240794636 -0.103857599176289 -0.181715348561035 -0.0955438019042402
0.00163447833181831 -0.149289125290106 -0.144672739998805 0.0559005946151989
-0.0897428893032442 -0.105990730868322 -0.0548514931226208 0.0997915401300089
-0.107953487768316 -0.0347397042845904 -0.00471685593974396 0.0666019510579277
-0.102667718591091 -0.00638589936936981 0.0098909368942005 0.00945713040234829
-0.100110851360117 -0.0135467039818387 0.00368764825190612 -0.0402623893570529
-0.119306552921311 -0.0596863008170854 0.0269589786889753 -0.0877780368875041
-0.0832214754084955 -0.133838457575143 0.0901484581193496 -0.10198085200429
0.0187247893448493 -0.160762482042724 0.140446716164281 -0.0121144760462438
0.173154020600735 -0.106228722100843 0.105626991578347 0.106726478888237
0.221298131726448 0.0881356064057801 -0.00161374411548906 0.14570125522178
0.135150899911365 0.231232239793138 -0.0436784491748086 0.0504529023250109
0.00123723026980359 0.231428084905299 -0.015059989391149 -0.159786367117341
0.0951273111194139 0.197893371486206 0.0729181296222669 -0.175568713914256
0.173318654323965 0.0826939227407074 -0.00792652019131279 -0.238347798661261
0.135505024114068 -0.0800677764892355 -0.129369167034539 -0.148168563157508
0.0176372067621191 -0.141090215171722 -0.147043789436363 -0.0219859260298039
-0.078739362221264 -0.108182104069736 -0.0985331289905372 0.0524019736791503
-0.104091206415654 -0.0387398946086896 -0.0539647578635115 0.0518937549489581
-0.0970129031422594 -0.00727469281022236 -0.0302008555772718 0.00507064957854376
-0.0947687471666284 -0.0118446554169669 -0.0351734181465109 -0.04289330315462
-0.107761745106943 -0.0553141598007426 -0.0108859500928295 -0.0983388734301963
-0.0731070477771806 -0.122747888467665 0.0579418053909293 -0.131035698303985
0.0191716849774123 -0.144212166111943 0.134143290737466 -0.0528569015512793
0.15414562336571 -0.0864011118336193 0.111292201638288 0.0747434933355621
0.182888427800171 0.089525935670772 -0.00231808932965619 0.12233310711491
0.0972429056765923 0.20102833746681 -0.0613258719157338 -0.0163568064508518
-0.0288123766863274 0.162544103612911 -0.00944532768513137 -0.233771287947142
0.0401225392578806 0.161558948326129 0.0755297096532452 -0.196139238201064
0.115348477203513 0.0851793987980992 0.0287976257489853 -0.230175322494859
0.108104648492219 -0.0432503452978516 -0.0740887353254645 -0.176409968764316
0.0221976802358945 -0.102541559260414 -0.135684128268191 -0.0828251506267952
-0.0548210418391241 -0.0873767921403922 -0.129725960886382 0.00941223120299701
-0.0815272077392516 -0.0344860697574381 -0.0942400334097288 0.0353794749329355
-0.0774373641986243 -0.00723831777457131 -0.0649426345482959 -0.000214927370505141
-0.0766607630099913 -0.00892295873009596 -0.0667911793319623 -0.0458516945103884
-0.0835980638917351 -0.0461091404850332 -0.0390767668302556 -0.107250440540266
-0.0515017342257603 -0.100745814236731 0.0370037577269494 -0.148509537736117
0.0276043191998268 -0.11373308056509 0.128881191819738 -0.0749063325576911
0.128751110892218 -0.0461694817295379 0.109225733098283 0.054684899618308
0.123091261022279 0.0929165895174831 -0.00465978699184582 0.0989186332984635
0.0412884875498429 0.152121918660286 -0.0667642907262144 -0.0701078310362795
-0.0470242949067878 0.0646483278670978 -0.00723800598026546 -0.271321851555932
-0.00966571561321619 0.0884018616785191 0.0734712961220584 -0.200902539676555
0.0444195874649146 0.0575818593201032 0.0470100139445989 -0.213163163730599
0.0565694603120606 -0.00983494751904328 -0.0412389951594736 -0.183928772178879
0.0172755339190363 -0.0484320342284025 -0.125566740733719 -0.112945039171027
-0.0245721451295313 -0.051078008398521 -0.14547631160969 -0.0176343951292062
-0.0454818941101815 -0.0236561345820362 -0.120401551262003 0.0240229878035109
-0.0464563959534055 -0.0063800886300423 -0.0884118508637321 -0.00501320149952729
-0.0506824129408875 -0.00636323564848722 -0.0884151374509989 -0.0520638803977757
-0.0529251836768484 -0.0324271570476163 -0.0552554614321595 -0.116642733424741
-0.0269340316966692 -0.0710019870216634 0.0274389003958513 -0.159014281893257
0.0346742405630534 -0.0761611033418349 0.131624528772543 -0.0838614686774081
0.0948678782468333 -0.00471131636531445 0.10878086135516 0.0457229592527358
0.0560155733933505 0.0871683076172312 -0.00494117814646841 0.0813542871665787
-0.0179593510101944 0.089530002006583 -0.059239425851959 -0.108832136949535
0.0593662867517122 -0.0190329798025256 0.076358927172323 0.144139632858628
-0.00465975486530008 -0.0484855403521698 0.057799254591578 -0.0733844517413251
-0.0430273712162578 -0.0132889777516525 -0.112968096845887 -0.062521709936646
-0.0155682750656612 0.0297727458527024 -0.158746741397569 0.084243646282572
0.00887986940244528 0.0178544096598629 -0.0239282701767517 0.183225676650097
0.0128001494861503 0.0101086877460009 0.0822144286590792 0.131373985785524
0.015490964303305 0.00245768938968464 0.102336078564069 0.0603537566577814
0.00596186801853 0.00205635750090994 0.104406005870581 0.0055590143554691
-0.000407292602505382 0.00547323468407944 0.115615962067892 -0.0212240982865855
-0.0117471687851566 0.00759647660886914 0.139501773988212 0.000845088530165803
-0.0132507958668651 -0.00474126427307469 0.127950449789415 0.0849737466438811
-0.00346748973658792 -0.0174654645465888 0.0499907676102136 0.168735969373202
0.016902957085698 -0.0338913246631194 -0.0204678429018815 0.192390329835947
0.0530718788396793 -0.0129411278687303 -0.0701943613786171 0.204524489426552
0.0729504559045702 0.0372183295290691 0.00906039447191473 0.270526897720934
0.0912614721853056 0.0613981883822425 0.0519725140239179 0.137447417387889
0.0548096722561302 -0.0152192470337825 0.0607448991106799 -0.0726865304631102
0.0106768673320359 -0.030203219614466 -0.115319897137994 -0.0877444035399826
-0.00358636124087241 -0.014102773766732 -0.177392690225622 0.0707092188238311
-0.010445209585876 -0.0236416885627366 -0.0448476157550523 0.185946741935035
-0.0240770379940188 -0.0133969930488607 0.071545000720192 0.141449334521819
-0.0223555122130166 -0.00162268502825304 0.0989683824351477 0.0651853259261313
-0.0318707817486815 0.000454399087979451 0.0987900210527915 0.00625505516280846
-0.0397007597718728 -0.00272946532982783 0.102815773121195 -0.0270771901276289
-0.0542025664227047 -0.0237786459630707 0.129059518420571 -0.021402620554755
-0.0284511092903038 -0.0601254289793064 0.138402994978212 0.0478356027447488
0.0301620116956713 -0.0656533433591471 0.0803101645902339 0.144142970129069
0.0908408999228451 -0.0351506434862532 0.0117376734725593 0.188634573204165
0.119201974060303 0.049225254392516 -0.0442999059590817 0.19640593464526
0.103866730324353 0.131310604266936 0.0100684494031615 0.239928610411236
0.100242503509532 0.144264636278059 0.024636013524196 0.0999677701338131
0.109454633244113 0.0400352656389458 0.0630748517890767 -0.0849481316128715
0.0797105211414355 -0.0303669865175719 -0.112825438565136 -0.127970935848192
0.0261687203018555 -0.0613664915187468 -0.196877534562274 0.0377080948625825
-0.0222436950336686 -0.072653305068202 -0.0764530675745795 0.171067275296807
-0.0587641953952016 -0.0429109590563942 0.0449691512789376 0.143643095624591
-0.05941524083769 -0.00832504402316384 0.0794965657085051 0.0689255403778614
-0.0643842227035945 4.39418871867681E-05 0.0791736829573755 0.00733539192031136
-0.0713680599017978 -0.00731465499784944 0.0765031103595267 -0.0337541435207504
-0.0910703241128218 -0.0422816516635651 0.101692937945062 -0.0486736821189147
-0.0557909859876554 -0.100691139471516 0.135326941800689 -0.00743891092549287
0.0349375537367268 -0.115070843105616 0.115386601705276 0.0965046753244874
0.143911995159067 -0.0657193124172031 0.0559094346174256 0.170814357683178
0.182885723755814 0.0755030079267441 -0.0168913397793458 0.1837258987703
0.135847887373686 0.193752394757075 0.00290637260867985 0.186438957111194
0.0868507854884614 0.210417764464216 -0.000170186759915609 0.0319326034217968
0.144490346873877 0.107807646959021 0.0633168551828712 -0.108714250724377
0.148227795483119 -0.00773987956874607 -0.0964164243036593 -0.174821884427134
0.0705283656236987 -0.0991413690417819 -0.203489479212622 -0.016252349879787
-0.0220557777028443 -0.118115242506057 -0.111577037573319 0.130150741528624
-0.0851116413471627 -0.0735564792302328 0.00269201928183072 0.130082689862933
-0.0899147902096086 -0.0175398622767311 0.0455033563641742 0.0697524087177546
-0.0884554119509632 0.000153274998030412 0.047873198863898 0.0083230777596204
-0.090811116581609 -0.00742255756013655 0.0404360087060794 -0.0369087966496617
-0.114459363519227 -0.0495067275349664 0.0621803939922745 -0.0718107241512664
-0.0804066735000865 -0.120797088573334 0.112594429158628 -0.0631701791309895
0.0205901608735108 -0.148428430733983 0.134835589590807 0.0360064222702741
0.16383863173305 -0.101493379208869 0.0916372743705252 0.136931693691873
0.220543287894414 0.0746911667167407 0.00163095192984063 0.163849598135686
0.15398548431312 0.219677816548685 -0.0138167192699189 0.12040407193098
0.054649270983689 0.241094752447704 -0.0169726762614716 -0.0595220158797719
0.143342301520376 0.165881171053224 0.0612283684486464 -0.141318555756425
0.185267861355108 0.0328211577150479 -0.0639668018626002 -0.213344609116056
0.112026421378216 -0.107826029911695 -0.182252495485222 -0.0820966296286527
-0.00868209736241017 -0.143859760557398 -0.137390022850468 0.0628991024265769
-0.0944384814958217 -0.0952984197094121 -0.0469600114369899 0.0992830651213288
-0.106303616445745 -0.0257109772397952 -0.000185010356552853 0.0643748967772084
-0.098575293769962 0.000351879446055363 0.00950890763561102 0.00806045208992756
-0.0976133170997308 -0.00582677920499202 0.000305437516924028 -0.0382678439840043
-0.119269229404565 -0.0495956575301536 0.0194294659068896 -0.08585001494709
-0.089712469511578 -0.122372801392318 0.0785878042322559 -0.105720489693441
0.00744501525170413 -0.155587825555699 0.134860824111556 -0.0199910948989377
0.158629490144478 -0.112566171812786 0.109264668042245 0.098298847798661
0.21898146930045 0.0693790501564377 0.00746310637362526 0.142232761481122
0.145639156299587 0.214759657371974 -0.0384921148702582 0.0517000402542868
0.0160700698032496 0.222993803170613 -0.0236227219645659 -0.15177954941964
0.104496969569657 0.184547018159089 0.0607413112434774 -0.172038075422726
0.171338609441514 0.0685238623838425 -0.0220295132258852 -0.228665407167693
0.125485021311879 -0.0853117672541604 -0.134891583558689 -0.136579153954997
0.00722234640186534 -0.136539408377417 -0.144809913519265 -0.0119198850561303
-0.0837939016215553 -0.0977171436879346 -0.0924800735974993 0.0573977374811647
-0.102554960423145 -0.0297257722573915 -0.0474749411498426 0.0533479140212262
-0.0933411621675843 -0.000656021633546845 -0.0291575377108866 0.00725524267345395
-0.0913315474964609 -0.00434619727404264 -0.0369490608475267 -0.0384772834138482
-0.1073201653425 -0.0458884480921309 -0.0177542824953967 -0.0943196932809585
-0.0797396825568184 -0.11217557378816 0.0471124830595106 -0.13148155776532
0.00919244292154139 -0.139709485711688 0.125675678044701 -0.0588240484213004
0.141714950973276 -0.0921989372341976 0.112078272258806 0.0664457001053558
0.181667940692574 0.0734316785106638 0.00541403364373446 0.119496709822701
0.10688768072475 0.187289550541796 -0.0594417184431665 -0.0112067344094522
-0.0166433502613432 0.158793502119199 -0.02281256023088 -0.224308571585146
0.0493831430562449 0.152540308682237 0.0621080439826269 -0.192827373665799
0.116553177830541 0.075523889834144 0.0139134220165637 -0.223274686073083
0.10185064749508 -0.0488515458726813 -0.0832155036345113 -0.166516012620437
0.0150033763105095 -0.0998813591538806 -0.138377525941406 -0.0715900965402479
-0.0590144564193308 -0.0796189005280499 -0.125117457008813 0.0174076277211875
-0.0805742041108215 -0.027193639122928 -0.0881120865585217 0.0404186551239474
-0.0740144932022517 -0.00195730845961897 -0.0630298639857726 0.004506705425248
-0.0738013316510732 -0.00320710868367139 -0.0681587140233001 -0.0396038059866557
-0.0838985483497757 -0.0389922678848467 -0.0444184535642081 -0.101192230585118
-0.0569743168444491 -0.0933495778611788 0.0247615919239086 -0.146557170388353
0.0197132464518342 -0.110479273902369 0.11952158007557 -0.0797692863521547
0.12006493598003 -0.0523104382267111 0.109745604314377 0.0466795047125687
0.124679321054767 0.0812615896386356 0.00245440549748733 0.0969857767956057
0.0494900336829652 0.143415710257566 -0.069386196766117 -0.0636368818463658
-0.0404632932825344 0.0654067257418009 -0.023560129176626 -0.261380642356998
-0.0032289380110737 0.0856911626095519 0.0596267872684339 -0.198084619350523
0.0459310581674123 0.0530225749265375 0.032845047508825 -0.209004207744485
0.0539889072472909 -0.0131571890416736 -0.0515199367474595 -0.176069210614623
0.0138262084296421 -0.0477701837008959 -0.130352553506429 -0.100941741828042
-0.0282686468858162 -0.0467473964785559 -0.142592084211122 -0.0067383713539105
-0.0451030009390281 -0.0196201897749937 -0.113583923408312 0.0309403019932146
-0.0443206816890449 -0.00274448023670933 -0.0854333271807837 0.000588046967379963
-0.048358203959253 -0.00244818752974593 -0.0884633039676822 -0.0438299221766639
-0.0531298172742196 -0.0278630635062008 -0.0602937463118668 -0.10926928597563
-0.0306157042302935 -0.0666049331221237 0.015784276374271 -0.155495793009041
0.0281931766180973 -0.0753863934745217 0.121343560772293 -0.0892811243746606
0.0912179920382343 -0.0101845390280444 0.108610737375343 0.0385106496545872
0.0598085080175013 0.0802283613365023 0.000524907109181202 0.07946596030279
-0.0122710058361484 0.0864273384189673 -0.0637448398823668 -0.100592275043065
0.0546901704747082 -0.0202076019251553 0.0770832370776798 0.134563361370404
-0.00519074485072962 -0.0461582563478721 0.0546554711798158 -0.0717547969133225
-0.0407693410275056 -0.0113389397530822 -0.10775374999371 -0.057900378897434
-0.0140423428342562 0.0280949211689111 -0.148536168522247 0.0826590452237201
0.0084284959800513 0.016496632303588 -0.0177638921358987 0.172857001331721
0.0125301356980739 0.00967248645752363 0.0804948876085423 0.121811765365399
0.014544088314472 0.0012038151774731 0.0982764463340166 0.0554119815457624
0.00518005433464356 0.000977319466182066 0.0984695116414331 0.00351070691765095
-0.000808203582148663 0.00573586633985941 0.108686330078233 -0.0225618033099227
-0.0112657826046932 0.00784910901664532 0.130862243083771 -0.00261681268464737
-0.0126068656331028 -0.003948240040828 0.123022956044313 0.0776971722790151
-0.00332969607944667 -0.0166804864894556 0.0514450193121448 0.158264277141103
0.0146558670671182 -0.0316776595414947 -0.0165341512225058 0.180949286442181
0.0493057073382591 -0.0125234372608172 -0.0638326268110284 0.194018020207197
0.0694014240749908 0.0339356406777322 0.013733211496373 0.25387130486347
0.0868843069589297 0.0551709483279183 0.0540949152816163 0.12892800009128
0.0506365945443302 -0.0160278686384595 0.0570523539216761 -0.0702080402644182
0.0094418271007514 -0.0280787905064121 -0.110562167804663 -0.0815788841160943
-0.00299069657613973 -0.013403073822866 -0.166878700690728 0.0703713450876218
-0.0103182536790058 -0.0225527677511652 -0.0378287973832914 0.175605353026903
-0.0229438447108474 -0.0115762858498367 0.070436054049468 0.131650499070766
-0.0210331332949623 -0.000977845628143083 0.0945069461396195 0.0592949022658568
-0.0299805928560959 0.00143320870910724 0.092621863550016 0.00407675557079171
-0.0378864123288911 -0.00146036617736884 0.0956593866750288 -0.0272130322026061
-0.0522183739766715 -0.0208796323468681 0.120044076815744 -0.023457059638729
-0.0290622901381128 -0.055810794284161 0.131077852612814 0.0421575479235992
0.0270940680237115 -0.062177582638427 0.0795173697118598 0.135423788567335
0.0842394476725604 -0.0345214796252067 0.0144301126237277 0.177275652175127
0.112454619778223 0.0443643526632097 -0.039141235075205 0.186061275664879
0.101336628372683 0.121477662854031 0.0140982380353668 0.225915888843329
0.0984250024048965 0.132478557950366 0.0279574615157162 0.094438768588579
0.103893728850827 0.0346568233340113 0.0602893853768733 -0.0802159010186367
0.0736668075112507 -0.0301909401512352 -0.108347538444232 -0.119912619886496
0.023572343912194 -0.0584702222494061 -0.185577109550073 0.0395272278003284
-0.0231427834521837 -0.067956158287506 -0.0686141840649018 0.162914434399927
-0.0569216889916983 -0.0382428619854081 0.0452772936961027 0.134023051737955
-0.0561773052129026 -0.00628337492790016 0.0764283260345656 0.0634333752664788
-0.0606529741975349 0.0015318530080917 0.0744081920911116 0.00603784027489248
-0.0677024801360562 -0.00455246863650956 0.0702687255931639 -0.0330656562139991
-0.0877497562410209 -0.0371576623207279 0.0935309804129798 -0.0483198003154502
-0.0548167775801851 -0.0926051283566551 0.12590030106864 -0.0108155859752967
0.0300231163525362 -0.10936807923211 0.111592691234324 0.0899440652392457
0.133254376409685 -0.0646454375342401 0.0559266759878378 0.160730501037498
0.17307479502713 0.066364924569216 -0.0128419896819105 0.173743573718819
0.132513111854607 0.18013359388902 0.0075007524482438 0.175307439132039
0.0874980302297238 0.19484621883371 0.00246505185613142 0.0310877488061773
0.138371575497788 0.0977709224649373 0.0599645450256528 -0.102748711025691
0.138401419238585 -0.0105885028498558 -0.0945359452211974 -0.164088956871918
0.0641211775774296 -0.0947404453757728 -0.193059470727609 -0.0125453449709226
-0.024345226232733 -0.110695480004154 -0.102936809937709 0.124671839154512
-0.0827021619606928 -0.065693383446156 0.00567640243727609 0.122299292495269
-0.0850429291075269 -0.0141535733422701 0.0439133575807939 0.0643713927208368
-0.0824987973970224 0.00226480288433005 0.0446306370814614 0.00699621364950706
-0.08605155345852 -0.00482585826555478 0.03566135426036 -0.0350573675771359
-0.109619384341656 -0.0428137821984697 0.0554423549276812 -0.0690026456863873
-0.0797193358556337 -0.110807239977766 0.103351700687727 -0.0634116388906622
0.0156078338665211 -0.140486432751546 0.128197191136102 0.0323810930815872
0.150818023987743 -0.099224732188028 0.0898033630083304 0.128067095088402
0.209072159727723 0.0646505356411256 0.00490231103035302 0.155865874775746
0.150875350170579 0.2036830732216 -0.0100618252313431 0.113125702383996
0.0572353447622232 0.224780114298406 -0.0158279811436024 -0.0540231441228434
0.13818839307789 0.152327856975723 0.057249969538989 -0.132538622222628
0.174973386539272 0.0274225758423075 -0.0646295314934772 -0.200057311285969
0.102874348764513 -0.103945423061216 -0.173444084195983 -0.0747255800604416
-0.0128603674327061 -0.135053708144153 -0.129380767736264 0.0623224579754715
-0.091791838782606 -0.085456615160535 -0.041382143508051 0.0951067652770936
-0.0998972594963916 -0.0213852953688487 0.000871713119007463 0.0600209938254213
-0.091720622822769 0.00243443217697456 0.00879347873455025 0.00766432352318973
-0.0918247435482806 -0.00293730133640704 -0.00170832836795183 -0.03489944122869
-0.114066413659029 -0.042838195636801 0.0154098569515129 -0.0810512330264609
-0.0887084560358536 -0.111696131949371 0.0693804750917236 -0.102359428008018
0.00352989153649756 -0.146431284279072 0.127055252983447 -0.0206451728934085
0.145599592502442 -0.109366158066868 0.106253927519525 0.091700917765307
0.207558333857568 0.0590594449069673 0.0107345856505157 0.135193605369034
0.142167562269365 0.198702674545327 -0.033990404823332 0.0491040626221902
0.0207728357820704 0.208706022175529 -0.0243398926248373 -0.141429708526346
0.102454337381813 0.170469497491967 0.0552243538011961 -0.161729753358456
0.162768879797109 0.061610648473216 -0.0255531860617423 -0.215378758054806
0.116814781844075 -0.0838100094997732 -0.129908119689597 -0.127053817344391
0.00261266812035003 -0.128765767373328 -0.137646989708558 -0.00775420415810846
-0.0824496043850713 -0.0890454422657814 -0.086047441673941 0.0563497195174401
-0.0971266466990128 -0.0250024606551922 -0.0439628977037455 0.0514840797147467
-0.0868052908433164 0.00142877816325003 -0.0275046353446887 0.0074297416629511
-0.0851724821095139 -0.00189884157515242 -0.0359026286980506 -0.0345148896446409
-0.102782170797739 -0.0401210712370417 -0.0191150031694482 -0.0881734509078722
-0.0784973412752792 -0.102859286518155 0.0387140709657959 -0.125489410155932
0.00522499826660147 -0.131990495445884 0.116949799570999 -0.0573573503793209
0.130600469816685 -0.0894704055851644 0.107936404724969 0.0616006662709517
0.172584946645703 0.0642318689015463 0.00817692034585764 0.113095276953632
0.104504494271709 0.173544237417165 -0.0558556673039392 -0.00922276441900331
-0.0115715960390573 0.149141834011647 -0.0266812306933949 -0.209512733084329
0.049958817416802 0.142677216021837 0.0559079847806216 -0.18163562546969
0.111005025457864 0.0692359018295817 0.00955888347434424 -0.21047106231594
0.0946155620445565 -0.0486118300130101 -0.0821828674330603 -0.156259519168486
0.0115531384279562 -0.0935397364996092 -0.132672600960789 -0.0643988096130089
-0.0590189423400075 -0.072623721591474 -0.118214564833899 0.0203100626620532
-0.0763739255648865 -0.0237078428315277 -0.0822021487832754 0.0406220545647975
-0.068866246294489 -0.000455812772289508 -0.0589787473917575 0.005313541671197
-0.0687814987211629 -0.00168092851718042 -0.0648800858093135 -0.0350396200639743
-0.079933107506202 -0.0342732311483489 -0.0447711907138213 -0.0944390611489298
-0.0563230273386103 -0.0860301045957114 0.0186791754749651 -0.139523057497293
0.0162452326549738 -0.105184454958014 0.111343787562451 -0.0772403803610504
0.111219661598698 -0.0514398321614408 0.104970705273371 0.0430775026772499
0.118696772435778 0.0726759195120234 0.00527014989043537 0.0924198647113004
0.0494588916258279 0.134099385147833 -0.0662850163862178 -0.0581352175240502
-0.0359144104550427 0.0621811226666919 -0.0285055325340938 -0.24491938820903
-0.000101758255761059 0.0802623640100986 0.0525870310303945 -0.187003553057329
0.0442849284431225 0.0494006176331781 0.0262476091088675 -0.197152520858961
0.0507581420640351 -0.0137409716368496 -0.0521499359929873 -0.165922588510981
0.0114462578484834 -0.0449241455958357 -0.125939356515632 -0.0918960225514561
-0.0277731122686691 -0.042644412141649 -0.135179951631691 -0.0024981124775159
-0.0431467135277333 -0.0171502042613712 -0.106288817886241 0.0317091198339637
-0.0414489296715421 -0.00228733230813658 -0.0805547841414958 0.00290897638661176
-0.0443644934814275 -0.00124468969877891 -0.0840776117261837 -0.038471914022948
-0.0503271091628131 -0.0242387742694198 -0.0596934324835863 -0.102068993654221
-0.0315485255244453 -0.0620051110948624 0.0100071065813105 -0.1474697912912
0.0252749528783595 -0.0717360536527005 0.112619045078927 -0.0862422300315774
0.0851367061641397 -0.0110974363103007 0.103236253922669 0.0355853259087411
0.0576872246956289 0.0734615003069356 0.00285735044300017 0.0751744514740845
-0.010214920941216 0.0810089844199168 -0.0626793459827774 -0.0928005177400561
0.0525266080159173 -0.0188150206979428 0.0738041964810853 0.130629570737509
-0.0050743192786047 -0.0442727226556978 0.0554632344719717 -0.068575606976376
-0.0390486484800496 -0.0114757085087589 -0.101690039234811 -0.0587446566628389
-0.0131850511232915 0.0261804602927498 -0.145173069299006 0.0766185053273799
0.00794689299618537 0.0159032166770407 -0.0208389018891089 0.165134430095308
0.0121975172362759 0.00941736080164118 0.0759588407087802 0.11783433985876
0.0135912193906741 0.0011840167792261 0.0936120796740537 0.0556641519905807
0.00457549277870827 0.00134911681949472 0.0949801194898949 0.00534638792214498
-0.00127491207500049 0.00537960940668488 0.104279212654977 -0.0192254341646369
-0.0107539577603307 0.00722689819484676 0.125051747093084 -0.00081940460379235
-0.0118147819222974 -0.00434589201454443 0.116647339251119 0.0771256905373102
-0.00290039751941894 -0.0162208686612222 0.0459707695205218 0.154120066682107
0.0147749599795476 -0.0295659764080082 -0.0202674784769434 0.172668458735508
0.0467548543956104 -0.0102429198383775 -0.0663835512931103 0.184043662561119
0.0658296622321801 0.0333517090711047 0.00900506825157179 0.243342555711052
0.0822793810762902 0.053460300798794 0.0517604305121506 0.12476177745697
0.0486761642261469 -0.0144680580109987 0.0589539330228394 -0.0670954485158984
0.00889674778388593 -0.0269565184012163 -0.104784215658111 -0.0817642679075813
-0.00247205602580013 -0.0134108814234241 -0.161984491451648 0.0642240062380728
-0.00993739590225692 -0.0215125525830943 -0.0395125403947125 0.16746531118171
-0.0214816796345638 -0.0111976334264689 0.0658344842060942 0.127174810320702
-0.0198214304949807 -0.00166470188750299 0.0893562197622666 0.0593895521581341
-0.0287936339143529 0.000511240279905789 0.088954487646865 0.00605607702301914
-0.036533954362542 -0.00184332804591999 0.0918384704704188 -0.0240344423324432
-0.0497684460866514 -0.0205123400293596 0.114657507703758 -0.0200071136626903
-0.0265218125105918 -0.0537206069097754 0.124420342661194 0.0419087885498803
0.0275119789819683 -0.0598697167624222 0.0737981483464956 0.132453931405781
0.0815595779177914 -0.0312180509834343 0.00985034592651173 0.170703834937555
0.106240773560904 0.0446957710375992 -0.0424050473892203 0.17811998117069
0.0950006350180103 0.118786772832023 0.00956913998572496 0.216336777995957
0.0921382912503252 0.126982494770497 0.0266993027421894 0.0919616721963189
0.0976052498981382 0.0346093979721986 0.0617232555260736 -0.0759853940571697
0.0709874668404121 -0.0270502201755126 -0.101791243872915 -0.118382395146328
0.0239413474932411 -0.0559826075302755 -0.179973399780369 0.033461562266677
-0.0215671571955069 -0.0652338496898961 -0.0683913182471573 0.155017098776462
-0.0542834180709256 -0.0368698701713512 0.0415748421355483 0.128944404206198
-0.0535846541994435 -0.00732866725676141 0.0721884253077575 0.0618965953350018
-0.0579119520040613 0.00074094167252068 0.0706405076686255 0.00740798808434838
-0.0649059828242836 -0.00536300880664606 0.0667014158738391 -0.0293875991191754
-0.0836759691153989 -0.036119837137372 0.0893876728704624 -0.0446408627291969
-0.0519529119330662 -0.0893830397002505 0.120446265987214 -0.00853018133942109
0.0310961683928044 -0.104703396921926 0.105662732187805 0.0897464262214437
0.128537363265141 -0.0599056234767295 0.0507140995134094 0.156125755571618
0.163953692128932 0.0662584703584642 -0.017181813668513 0.167577572852738
0.124201618262466 0.175620299127716 0.00475149993762178 0.167683886485455
0.0804640144411174 0.186586986209469 0.00351920420081469 0.0305651680929649
0.130443700002402 0.0957590983295711 0.0621314332499366 -0.0961711175864089
0.132846124165877 -0.00675171285900597 -0.0870285637911216 -0.160295725194995
0.0634805939173573 -0.089639293835533 -0.185473140277852 -0.0164085160895044
-0.0220077082081537 -0.106480032610151 -0.101434505956505 0.117867443382607
-0.0785032583337402 -0.0636398492752519 0.00332190400269299 0.117933701322139
-0.0806943686740048 -0.0145690101329479 0.0403913449884332 0.0625237769608309
-0.0785047163176686 0.00078721446843581 0.0427599826833644 0.00796568084902275
-0.082377173832803 -0.00535325081550725 0.0339517251681561 -0.0323160254533244
-0.104967834648891 -0.0417745584296565 0.0543383799611327 -0.0653823411849664
-0.0757568638471949 -0.106635725674175 0.0983821937472032 -0.0601375738045317
0.0172252544953035 -0.134500308363558 0.123038218405665 0.0346014852335587
0.145722116559537 -0.092090965398953 0.0842650994353439 0.126143973894553
0.198588764159862 0.0649057125786146 0.00130498602757262 0.150493124228606
0.14145198302221 0.198338307398982 -0.0103759486110866 0.108599079804798
0.051017093205508 0.215254676176397 -0.0125615675544661 -0.0502035423804649
0.129146806765338 0.147683524148692 0.059998600859971 -0.124646925612067
0.166900673496728 0.0295940183267749 -0.0572658280431179 -0.193621758733689
0.100513019063684 -0.0980383558987244 -0.16621399516165 -0.0759981249555571
-0.0104537178370461 -0.129275055365463 -0.126302327160734 0.0573310383773775
-0.0873791246350571 -0.0822410163567169 -0.0424507071460522 0.0907964697783618
-0.0951887076053322 -0.0217195041063236 0.000242215345181535 0.0573196707634037
-0.0874861568350346 0.000691334679871125 0.00812994347719981 0.00802593905841244
-0.0872769970336949 -0.00408290938479778 -0.000979090770393825 -0.0323704482325179
-0.108928657030842 -0.0422132227973126 0.0157745938612258 -0.0773388065476686
-0.0839539678027098 -0.107174437754348 0.0666233229706862 -0.0976528611233719
0.00515429285147341 -0.139700521502576 0.123123051962323 -0.0166450899849736
0.140110956155546 -0.102222765556543 0.100595753769985 0.0915701330916058
0.196927759838553 0.0599606589117261 0.00845858381729337 0.130632768530675
0.133528731327201 0.193391637203406 -0.0334841375185757 0.0465773591587637
0.016750546940403 0.199323937402097 -0.0196882778100043 -0.134460957793608
0.09513081399926 0.165193901248851 0.058026119269266 -0.152310108846704
0.154840971018357 0.0626038108574437 -0.0194136473930849 -0.207441339352654
0.113318037577298 -0.0788015575325778 -0.122798575652157 -0.125259938432364
0.00448796618564322 -0.122802198290309 -0.132783957541917 -0.00993044736799006
-0.0783663351004736 -0.0852015576424009 -0.0836174261089539 0.0538444674472026
-0.0923025379088561 -0.0252506580541441 -0.0425142780076862 0.04820748914427
-0.0822495463882487 -0.00044470274675845 -0.0265085417519191 0.00703677435070471
-0.0812019549586173 -0.00294793069965856 -0.0348491678101044 -0.0321310627252096
-0.097955437358398 -0.0394502281638155 -0.0177956399791276 -0.0843861205650613
-0.0742528769608522 -0.0993158840281738 0.0374055995113031 -0.120387575620579
0.00704663928095329 -0.125436163019982 0.114462869199262 -0.052298890797985
0.125789112542859 -0.0831790469935946 0.103636529994887 0.0633853258160748
0.163900408270646 0.0640576232872925 0.00646699787829628 0.109538663908578
0.0973860057441216 0.168865583630124 -0.0531661392035416 -0.0105955859737468
-0.0134733137615647 0.14207080872313 -0.0208378493484128 -0.200276920651794
0.0462348226596188 0.136985253093788 0.0583483676484972 -0.171372909410049
0.104964942289366 0.0685261944969587 0.0127540772552329 -0.201890876792868
0.0918880626009004 -0.0450013531028481 -0.0757769771715003 -0.152804918497525
0.0120718512756268 -0.0902116431248848 -0.12710939973535 -0.0635593924934211
-0.0564745728225276 -0.0690372907963728 -0.11462072662276 0.0189893043276813
-0.0729634031899516 -0.0228605673516378 -0.0791217263508444 0.037989167616709
-0.0654284852533542 -0.00211682167456473 -0.0567940957990955 0.0046794864146211
-0.0653260389994935 -0.00274056019364555 -0.0618440132633329 -0.0342276411002701
-0.07580674527371 -0.0338622120174608 -0.0417984023980002 -0.0912541927713413
-0.0532691895345111 -0.0832274745435344 0.0187927327656271 -0.133675062634844
0.0173021283073426 -0.100053095196945 0.108534165680223 -0.0717443572190991
0.106868801913386 -0.0464251179577265 0.10032061024472 0.044991931221899
0.112303188510486 0.0714225118262715 0.00362028338049584 0.0895372311156345
0.0449790989780609 0.130077369228535 -0.0624558903837523 -0.0566837631532819
-0.0354740500761837 0.0587376419959838 -0.0220115138090113 -0.234068461206296
-0.00125637352652438 0.0762579279438979 0.0543691438898353 -0.177974112378066
0.0411757214636472 0.0488821773708288 0.030391101202654 -0.188484101134688
0.0490122184560452 -0.0124481471180117 -0.0477364876743257 -0.161026809920126
0.0116292463918341 -0.0431098645197815 -0.12044761518591 -0.0900969698706499
-0.0269853456289973 -0.0403472401266813 -0.130944162334989 -0.00347280133415469
-0.0412950585370939 -0.0169199086839426 -0.102265376525868 0.029677521237287
-0.0383790980326427 -0.00291641425589307 -0.0775055679041222 0.00121661263187743
-0.0415393093183222 -0.00174106020383428 -0.0801393726454744 -0.0384960525717825
-0.0476153915236267 -0.0235825836870146 -0.0558405147742616 -0.0983692499593312
-0.0295881644643502 -0.0592857523111047 0.0112596676228578 -0.141618913574093
0.0249560181830186 -0.0680868308227494 0.110383468443948 -0.0803303286602039
0.0816383819343123 -0.00854119784296802 0.0987413772637636 0.0369315633310721
0.0541540263988142 0.0710281434929601 0.00167604237699471 0.0728411994485798
-0.0117760682275143 0.078525792046196 -0.0589139713922988 -0.0897829435999875
0.0538183260809691 -0.0112627604722579 0.0540389554436147 0.143608149785045
0.00188700134710798 -0.0433241245689058 0.0697376759481278 -0.0587057038226156
-0.0355364640358897 -0.0173556741302226 -0.0892865876725347 -0.076374910734285
-0.0172041225388512 0.0218387331987709 -0.154190761537554 0.0519611587107591
0.00337218997126304 0.0164588207380037 -0.047028264494906 0.157975900863165
0.0106159683504089 0.0109223190953645 0.0548691892007092 0.128372632530305
0.0136750492566254 0.00318086300746875 0.0842914609475306 0.0694693123926951
0.00462752324121688 0.00187446997884163 0.0927263932440569 0.0220114464372916
-0.00183019400050221 0.00434979055954547 0.105973274579707 -0.000104031478587214
-0.0111097418839215 0.00415355932849356 0.122903297845648 0.0214885680920499
-0.00885556350613992 -0.0065462311809446 0.101396737156672 0.0973715113042833
0.00250511647486433 -0.0170427625835961 0.0181661723942297 0.162068848861378
0.0224995851953732 -0.0236739748673946 -0.0531707962299615 0.165421385508895
0.0488811743184107 0.000974019076298848 -0.10188069305432 0.168317546788925
0.0612064168856449 0.0453024319615478 -0.0386985177836561 0.241759037660095
0.0719488901252414 0.0637633753330933 0.0281630234149844 0.134229238802934
0.0491116644835071 -0.00579365627931863 0.0703179977018434 -0.0547317440335634
0.0137265476978286 -0.0244595578638283 -0.0895625121855841 -0.0972759621612819
0.00024471919248688 -0.0140848658994471 -0.168326242883641 0.0385199584294718
-0.00690162367118087 -0.0228443459913435 -0.0642847957086105 0.158451965933291
-0.0187058836054201 -0.0147293789691905 0.0455789966020074 0.135465237276099
-0.0187186089103776 -0.00554402517924612 0.0801520049508504 0.0727201350210701
-0.0282893279669601 -0.00445250481578144 0.0859711110663998 0.0221352780687545
-0.0349213718022302 -0.00907237098970808 0.0943673415677792 -0.0068821851881332
-0.0446297136703333 -0.0283714813143644 0.115131305636035 0.000894275240636906
-0.0146062505125126 -0.0577045968036305 0.113470466174071 0.0642611709935662
0.0398641822637255 -0.0537738334295114 0.0489565263782581 0.145789778196129
0.0865857794622758 -0.0138196617021753 -0.0227392448277248 0.167654903126395
0.0964245461101861 0.0640585623612833 -0.0757331668967849 0.164390815490183
0.0734188140031811 0.133714346294867 -0.0307573169853882 0.214508570316515
0.0705616161742509 0.137250457618941 0.00338371133818085 0.0958902501192311
0.0890270467061973 0.0501768604229876 0.0717449214927032 -0.0624648907786017
0.0739238883795472 -0.0145300762049349 -0.0827112448707811 -0.129616411120146
0.0338499351010499 -0.0503099906721839 -0.181492228306102 0.00754059559263689
-0.0103870533694028 -0.0671575990235689 -0.0902373649775776 0.142973966024895
-0.0459458593278634 -0.0452171960724602 0.0229348783772042 0.133851324419707
-0.0505859307009164 -0.0170920866860341 0.062760469511636 0.0728767583993551
-0.056479364166043 -0.0103569144707482 0.0677882589380006 0.0192605113726995
-0.062083485777001 -0.0171153518781485 0.071001460875484 -0.015979285609468
-0.0750307469370229 -0.049540490089258 0.0943529531719623 -0.0267298886827188
-0.0340685437076309 -0.0961689155708741 0.117352156886682 0.0138200115415303
0.0509742782102632 -0.097798560545071 0.0877829619540807 0.110030174440529
0.137330995417551 -0.0340454825188449 0.0197159452384612 0.161345751655282
0.14907417257129 0.0953994805323784 -0.047476214583649 0.156959587611775
0.0912694069233099 0.19452121219346 -0.0262555984138305 0.164944192063399
0.051058081586484 0.193653236657217 -0.0144590587333206 0.0299893947624188
0.110625865079092 0.115060142143295 0.0715763539541695 -0.0822613383642303
0.131093356010816 0.0157930302793991 -0.0647463336208826 -0.166348548181629
0.0781863251154449 -0.076136256952424 -0.179624087008702 -0.0395279629647323
-0.003032340887215 -0.106578389325939 -0.116318039101681 0.103734603717243
-0.0661757179009162 -0.0744441553736843 -0.0112014440524742 0.117041197573668
-0.0767347228884453 -0.0286815508438781 0.0324318347771414 0.0679469205543793
-0.0760028497399 -0.0136334873494818 0.04006884235427 0.0151742760195769
-0.0786421132004239 -0.0201490851900351 0.0389394869512196 -0.024115395965765
-0.0950278032035679 -0.0589194037457425 0.0623486628192591 -0.0523489735033108
-0.0546082458120088 -0.116455907996967 0.104215474090214 -0.0404898066696851
0.0420433914727962 -0.128861486167735 0.115159195956949 0.0587706653818438
0.159688512300742 -0.0636431874060726 0.0575142108444982 0.138108764359923
0.182176231131136 0.0993762948550445 -0.0267279059026806 0.143528420045473
0.103169876775493 0.220158684210931 -0.0299980604606739 0.102028377289036
0.0178695291294257 0.217055559525848 -0.0191142298135131 -0.0556802298616496
0.101718735873801 0.165677189004949 0.0717974468173188 -0.110583885351927
0.158422758271758 0.0577181077178558 -0.0329621772639744 -0.194073114950164
0.116008592043135 -0.0776878159899985 -0.152737490867201 -0.0934809351808967
0.0122204018687292 -0.127382893182723 -0.131428753445472 0.041979799873689
-0.0711996039133132 -0.0942922878655111 -0.0507113615825613 0.0835921348013115
-0.089840785434677 -0.0379091870718983 -0.00647803614402614 0.0574381719843928
-0.0853388694892692 -0.0148825602942035 0.0059212746340435 0.00955612122021758
-0.084012884246428 -0.0186953030247152 0.0039941661010947 -0.0304795444992337
-0.0992241119085719 -0.0596207373220092 0.0269983001508673 -0.0709474430642275
-0.0633584211563922 -0.11851460266879 0.0794166779250686 -0.0834775603611494
0.0305564810109843 -0.137309405702976 0.123576187630904 0.00869408200020704
0.155364829942526 -0.0751774529037609 0.0800407056295991 0.107838491705955
0.182052554003012 0.0934358039115079 -0.0156059004361467 0.125386754791221
0.0954028843888596 0.213763673965596 -0.0406212697759477 0.0362936880400131
-0.013990448096786 0.196589691541947 -0.0114767191945681 -0.140850797390064
0.065247135733008 0.177410671758735 0.0746321834750987 -0.140700497141562
0.141018866673482 0.0881166230640019 0.00548530315081007 -0.202422445793341
0.124489185695696 -0.0558752785086043 -0.103877077939189 -0.136052086880278
0.0261845762753805 -0.118902721875212 -0.128245962209024 -0.0252760584810932
-0.0620944422379877 -0.0947087248585355 -0.086257256352978 0.0408907360012671
-0.0871694553050365 -0.0398637368739075 -0.047593349355701 0.043398233751374
-0.0799317490219567 -0.0153421050309001 -0.027694780453046 0.00194820523067654
-0.0776849641714253 -0.0168137619999569 -0.0291516261314358 -0.0360137472116408
-0.0889766578055685 -0.0550553921071542 -0.00387442244535773 -0.083994910118359
-0.0555661758493331 -0.109318805784365 0.0553387359794307 -0.110976590048437
0.0290591106862716 -0.122568798610749 0.121525248424037 -0.0293592472596355
0.138276560278112 -0.0589439711471435 0.0885134775114878 0.080993483850598
0.148366412636997 0.0909953607486525 -0.0129068566840167 0.104697898628335
0.0639203169947155 0.183106409236178 -0.0501096066605195 -0.0223049165140986
-0.0343310384108163 0.136693059443096 0.00267394116922522 -0.206183833576383
0.0219892064727382 0.141663056390801 0.0799742051391898 -0.161175528333615
0.0915994029763485 0.0862588111025379 0.0385803185239356 -0.194236085232142
0.0979606024845634 -0.0276496301350548 -0.0535517677800206 -0.157579090179471
0.027951777751539 -0.0855990437409659 -0.114510004425284 -0.0780344224076733
-0.0432001073158914 -0.075691652000978 -0.112291987818322 0.00188704163385014
-0.0684427743777783 -0.0345231959032705 -0.0824638653107857 0.0265741917026392
-0.0633784502317248 -0.0136258147367731 -0.0570291983345332 -0.00573960860978692
-0.0629302043948561 -0.0135052788364974 -0.0552815123197797 -0.0431226940473967
-0.0686881241522663 -0.0458933539896525 -0.0265240655128149 -0.0952869414970138
-0.0392698038615399 -0.0903208591120574 0.0391277465971134 -0.127372567471645
0.034130898533594 -0.0965375682950887 0.119430586625394 -0.0505034494315207
0.113606504495819 -0.0268472045176985 0.0895814349405677 0.06225635245249
0.0971716711328443 0.0893670428150676 -0.0111321466540936 0.085742490825255
0.0183227806186928 0.13536796849166 -0.0516188712017476 -0.0696546072007464
-0.0426688871792351 0.0519757578712472 0.0129183143778449 -0.239179939387249
-0.0136058288123865 0.0741822626790501 0.0811514852720084 -0.167746513228964
0.0325310218388133 0.0553860118004711 0.0558073307676564 -0.180036747521272
0.0499913756100276 -0.00341494141202494 -0.0231222818770011 -0.164083880048227
0.0193894388436962 -0.0402988762729876 -0.104089987783666 -0.104955871512297
-0.0194450325235771 -0.0426008786628018 -0.12700025250311 -0.0228917571296963
-0.0387035763540236 -0.0229654198085679 -0.105501868973704 0.0150080172900558
-0.0374844834685235 -0.00975304262343499 -0.0765941643895958 -0.0120856487251767
-0.0402635920990238 -0.00873323865727321 -0.0725638570521731 -0.0508682760107905
-0.0435160819372396 -0.0311740304795756 -0.0387856900483094 -0.105839077281981
-0.0200155539951825 -0.0636969307125762 0.0348189777995125 -0.137203072941938
0.0359018380655026 -0.0642494805482492 0.122690446381808 -0.0587223831951878
0.0825568781275077 0.00529317381691064 0.0897750180824901 0.0543170089621379
0.04054325011134 0.0786609057453257 -0.0102641031991704 0.0703573536869646
-0.0271089072358176 0.0741680151580543 -0.0423651384744248 -0.100849186790983
0.0550543344430074 -0.0110877452026282 0.0559161390256944 0.147779115742908
0.00239569069596133 -0.0445667657331573 0.0744804169650745 -0.0610204121136452
-0.0358638636671964 -0.0189777809484831 -0.0904007516069903 -0.0807565122703114
-0.0183529047684779 0.0216469404237227 -0.160731832336512 0.051616635926916
0.00313070081636503 0.0169039109421493 -0.0509496553570144 0.161239341508549
0.0117119336253099 0.0109607549680409 0.0549655696698937 0.131899670352948
0.0136808577908818 0.00330810003262215 0.0868198896279763 0.0731577730763052
0.0040836149933914 0.00155709350946061 0.0948984801994333 0.0240357959063405
-0.00249436154879471 0.0040884055600068 0.109600621422775 0.000874633115625456
-0.0118138241647792 0.00468243042651111 0.125838187586185 0.0239295323508909
-0.0087726951699013 -0.00748340210319999 0.102798174263257 0.102261833915642
0.00264382181581335 -0.0177701786009941 0.0161272478864158 0.167348152365572
0.0231806399269024 -0.0235062380691333 -0.0584417608995331 0.168268536569706
0.0495380188455251 0.00249449564790315 -0.108876345464358 0.171355893778973
0.0616624406823779 0.0474913955259421 -0.0435112600931773 0.247266300184059
0.0729234187126507 0.0656344268050157 0.0287598988310502 0.138402596646782
0.0502853240116843 -0.0052227508908036 0.0755743675860711 -0.0556372429894813
0.0141547130398336 -0.0248422948422167 -0.0899303573920137 -0.101967042716252
0.000903724829506434 -0.0149385964660522 -0.174572524671419 0.0365967791766511
-0.00733846661622715 -0.0233169506782143 -0.0689380412544904 0.161544129039695
-0.0183088804653086 -0.015333914197031 0.045317612410417 0.139623856757572
-0.0201105513235296 -0.00614995918393916 0.0815209743610207 0.0764617391326073
-0.0289383839699522 -0.00555357151186803 0.0881470230960497 0.0238705698715687
-0.0358980206139489 -0.0096808168170971 0.0976726372405703 -0.00512088767999072
-0.046187467058015 -0.030035111966267 0.117651970843981 0.00261925959658817
-0.0147152860760215 -0.0586618034476098 0.115355608427534 0.0679354876183536
0.041289641031088 -0.0556459232267843 0.0485062000792211 0.151691671617723
0.0893947809531726 -0.0119812714242145 -0.0271443875333613 0.17214444142095
0.0977912719320015 0.0683721727681979 -0.0816883694515686 0.167693580919682
0.0740940229603631 0.13910864476937 -0.03482846164581 0.219320098932834
0.0702842874539684 0.140900476686805 0.00364374767975333 0.0994557346084382
0.0903011703385542 0.0528260871239664 0.07794488368287 -0.0631547685705172
0.0759240886147812 -0.013302513033164 -0.0825523471344845 -0.135575565155734
0.0351874481519175 -0.051804943134062 -0.187353402483591 0.00468033671226814
-0.0105781506429913 -0.0689857471746611 -0.0953303788790626 0.145239678209002
-0.0468635321999723 -0.0464969719129203 0.0216614181808854 0.137888053525464
-0.0524460686356479 -0.017451099672495 0.0628235350198013 0.0757223326454098
-0.0578647133509445 -0.0111070380764407 0.0694830232432233 0.0209757686999039
-0.0633918561571727 -0.0180930952316244 0.0729169920457882 -0.0148086149425527
-0.0776233735668743 -0.0516620605872144 0.0966967490384397 -0.0261857262122373
-0.0338519068137822 -0.09875089809383 0.119153025897568 0.0152551826092401
0.0534731850245866 -0.100092960488643 0.0891804906138747 0.114898408721133
0.14115552104488 -0.0326647714481532 0.0175282154457401 0.166776688276093
0.151406038120649 0.100495627669734 -0.051768763336615 0.161135994379496
0.0917775165317161 0.201871863464292 -0.0289926324858562 0.168401949187928
0.0490956507976988 0.198754932572885 -0.012173859956541 0.0312718079630421
0.111645378361331 0.119676328104827 0.0781440308491253 -0.0826677532284933
0.133697399875481 0.0186849135037139 -0.0635409754442791 -0.173066199840979
0.0814219640427134 -0.0771474917219787 -0.185176968413257 -0.0444215091446145
-0.00264508713292052 -0.109545914789921 -0.12135711142613 0.105093925008954
-0.0670580070365348 -0.0765026681165976 -0.0133253719065679 0.120136213526624
-0.0783666685073916 -0.02973567593723 0.031757732574191 0.0706530065800318
-0.0780216015890908 -0.0154940619364061 0.0408664543084197 0.0167406377152817
-0.0810194147773979 -0.0210794260471381 0.0402688833462304 -0.0234202761338915
-0.0976784187669257 -0.0607069883730879 0.0641762008178462 -0.0529524055873756
-0.0553207623955754 -0.11971590746255 0.10636850626043 -0.0396648957928874
0.0443585116992109 -0.132575415544486 0.117832074348376 0.0631451476334399
0.164146001814537 -0.0626780208694392 0.0577806631507398 0.144260417843217
0.185683160099493 0.10471745673834 -0.0290372380709063 0.14733881274326
0.103136420712508 0.228155111980479 -0.031522301874485 0.103873829455351
0.0144730708311895 0.222647430977224 -0.0170303080097661 -0.0564330429582709
0.10142779464547 0.171407861161934 0.0791469557892562 -0.111099638552862
0.161366255503441 0.0625191637913764 -0.0290614292428802 -0.199460416583069
0.119970808847924 -0.0782278443957506 -0.155621534965736 -0.0998733755314567
0.0133056673865303 -0.130277954620787 -0.135687823976038 0.0416685258129703
-0.0726750705674067 -0.0962169231830735 -0.0536306604312911 0.0859625502344023
-0.0921310363144066 -0.0389270652815189 -0.00768137324079084 0.0591184109317457
-0.0865298073996965 -0.0168550797075148 0.00595339086787487 0.0107602055751675
-0.0855024720834524 -0.0208162988847853 0.00457447088984466 -0.0299133339266958
-0.102033174760614 -0.0618210504845165 0.0285399873173888 -0.072804641629923
-0.0648853730753991 -0.121806225440978 0.0808850139496268 -0.0846008147519022
0.0328259813158102 -0.140826720673446 0.12748980017335 0.0114354366314575
0.160131765313254 -0.074079779583183 0.082322336898222 0.113694253935157
0.1849166736738 0.0978711296347671 -0.0173829792883022 0.129198395821437
0.0954313336588471 0.221285992836432 -0.0419120138893394 0.0367216859507997
-0.017787538665352 0.200913004029979 -0.00826115592982657 -0.143981924497432
0.0648289973721225 0.182659438220602 0.0821940574391238 -0.141429639066461
0.143407289595973 0.093279450277033 0.00978799397268054 -0.2077818354276
0.129095028186588 -0.0565070097238201 -0.10455388795961 -0.142497060217031
0.0277391936862063 -0.121623094710731 -0.132552762930325 -0.0270568249230438
-0.063415976807059 -0.0967648667724721 -0.0895917597499624 0.0417462483713408
-0.0895094720635645 -0.0422343299734417 -0.0488644231405221 0.0436393170383454
-0.081308408139586 -0.0170619372719848 -0.0287919346193603 0.00220928068558005
-0.0791812802700014 -0.0184960604719011 -0.0286816604935792 -0.0363653977483875
-0.0913608657872485 -0.0571236645538952 -0.00334925190798007 -0.0862141600585912
-0.057490681668325 -0.112066224552821 0.0567666918167205 -0.113399577493899
0.0311473294295143 -0.12632547135265 0.12565209635052 -0.0275009961816725
0.141789593671299 -0.0579855266185394 0.091147048392166 0.0859126527736048
0.151024444746369 0.095505373628085 -0.0134532381050259 0.10835184798152
0.063002673166835 0.190161454721629 -0.0516304937553819 -0.0247244420716836
-0.037239368963324 0.139196688392605 0.00661053519911703 -0.210792315618433
0.0212316648590655 0.145261353069517 0.0863357043378003 -0.162531429073433
0.09315539180353 0.0903648456828068 0.044219252614387 -0.198601888515834
0.101057161557525 -0.0270773634338791 -0.0515036307783992 -0.163878716658751
0.029127383545352 -0.0879066580132555 -0.117086612360358 -0.0820170011429154
-0.0439549057110988 -0.0770880894367547 -0.115619950888097 0.000918948709248087
-0.0701574024111349 -0.0364552479972438 -0.0857418424873234 0.0266676609907637
-0.0641617410347293 -0.0154879574293192 -0.0586580618377569 -0.00621296762631584
-0.0631980044347163 -0.0144918227735106 -0.0561078316480903 -0.0441993982798533
-0.0706321471929129 -0.0480436243112507 -0.0266957755655112 -0.0984754611515567
-0.0398658714938588 -0.0925851843972611 0.0412002048592094 -0.130838809877186
0.0357525801036953 -0.0986721007182445 0.123994338596947 -0.0497505373386097
0.116860001299072 -0.0254104201082407 0.0928391217391722 0.0671030061085945
0.0987835207375098 0.0929124791899257 -0.0124155593511631 0.0872091176220337
0.0172841855421556 0.140213250786927 -0.0527023315406083 -0.0721496038066898
-0.0443152302492531 0.0517030390047961 0.0167121233464315 -0.244263238144682
-0.0147027066120233 0.0755656839451157 0.0868964884714325 -0.169955988547478
0.0325087914341605 0.0576625571014047 0.0622892720609376 -0.183892975393151
0.0516073467674292 -0.00296041434207607 -0.0201672094907299 -0.16966869585843
0.0198036814844794 -0.0411687175059481 -0.106045214318554 -0.10972354215516
-0.020059966437475 -0.0428378448217083 -0.130450589362701 -0.0238295478326862
-0.0393658456025846 -0.023217079071099 -0.108497633455403 0.014703160131337
-0.0375308382836258 -0.0110678903525401 -0.079198768422531 -0.013583087476397
-0.0400675013855066 -0.00965888909161334 -0.0736786941739956 -0.0523845211113954
-0.0440313583315654 -0.0324667467738119 -0.03887406506643 -0.109159964242148
-0.0200192077991839 -0.0652720745532792 0.0364992337161005 -0.140451374409257
0.0371759807409145 -0.0656262993219153 0.1273015848224 -0.0582679071769724
0.0850368853064477 0.00722199806483976 0.0924713711349724 0.0588794423096047
0.0403051372282116 0.0814629350248324 -0.0107532543154819 0.0715405653141167
-0.0292643507336808 0.0767777670719296 -0.0424114923846375 -0.10355281879672
0.0563291231851375 -0.0127846735979043 0.0636058828051861 0.150535563935613
0.00153422154714898 -0.0461744208029425 0.0772021892743173 -0.0674373452432999
-0.0373663754718864 -0.0187815702048435 -0.0946645356830255 -0.0832813407252614
-0.0185164594948938 0.0227279565451101 -0.165995060053562 0.0572127620801247
0.00345760817867645 0.0172613520700468 -0.0489471661755885 0.168488909831615
0.0129708849936732 0.010782173700055 0.0600959374857818 0.134314037537639
0.0142464052882953 0.00245719387203198 0.0923511581174837 0.0740150314801005
0.00418094669793897 0.00134448164607268 0.0997012470434368 0.0222817386872186
-0.00232191593482251 0.00472892431097471 0.113829418681925 -0.00251893275377247
-0.0117979719303557 0.00518013844392718 0.130844282706283 0.0213656035807079
-0.00939180207100182 -0.00763744502937002 0.109476421855224 0.104048232187724
0.00236812294538547 -0.0187023235500584 0.021123122026821 0.174146814376379
0.0230255629704794 -0.0242614097046343 -0.0583209997195895 0.174612026376203
0.0514722045947521 0.00255441551431419 -0.110243528608464 0.179448027382196
0.0650023178556755 0.0476231348879222 -0.0391794427772997 0.256343349422673
0.0765544850774954 0.0650036138663483 0.036422318386633 0.142140374107342
0.0514674352226807 -0.00663677224166457 0.0791843595625536 -0.0609929242297008
0.0142918674658855 -0.0262503928589014 -0.0948258468309026 -0.104294272580873
-0.000451995687337439 -0.0155870029602525 -0.180586439876932 0.0422716967098563
-0.00908410879756947 -0.0244821388699632 -0.0679435211312423 0.168906580341198
-0.0193351187654433 -0.0153738023749538 0.0508339430208219 0.142887998667897
-0.020567366072665 -0.00542928552521029 0.0864550759769792 0.0767086290955111
-0.0306903697652468 -0.00525234740824554 0.0926794726723996 0.022738079978174
-0.0378938450352492 -0.00856816181437399 0.101138091471699 -0.00741225600266099
-0.0489624144746749 -0.0289483341456787 0.121825879096355 -0.000292480033924637
-0.0166905744566954 -0.0608687548283741 0.120998458269454 0.0677045350029959
0.0414286090792285 -0.0593307015247748 0.054711318245395 0.157077681235551
0.0918728073863758 -0.0138066574207102 -0.0241525584072897 0.17961375674755
0.102348690094199 0.0693295491390722 -0.0816567717294281 0.176060765022773
0.0798080295494026 0.142365124131723 -0.0297392035613177 0.22717848835731
0.0763234220162803 0.143380340774415 0.00973798115050874 0.10251725886107
0.0941060521349987 0.0518492958637289 0.0822644223687119 -0.06763080594075
0.0775761618532967 -0.0155540157854944 -0.0882696445763854 -0.139523472342913
0.0352300299765091 -0.0544113083285877 -0.194547278982077 0.00884281744488148
-0.0134784277043911 -0.0705061881692713 -0.0954784310481873 0.153037607838079
-0.0504692672753785 -0.0461483723053735 0.0264232907761877 0.14091515938247
-0.0542641161862072 -0.0168960480993632 0.0673306790665183 0.0765494981713926
-0.0603326372104461 -0.0104215995273444 0.0729960823782103 0.0204707227340612
-0.0671200390707636 -0.0167460689715287 0.0758309658229978 -0.016493877511042
-0.081858703455829 -0.0501257629040854 0.0989243076493671 -0.0294465919975978
-0.0383306742188618 -0.100933671851282 0.123091569943669 0.0129566946349971
0.0526380772980562 -0.105017978254726 0.0958250772939485 0.118682418344408
0.145031999677191 -0.0358511089052396 0.0222629196474634 0.173398953219013
0.158395488140231 0.100758946583783 -0.0499578559110411 0.168202389614211
0.100445494283003 0.207191602458838 -0.0245092714068904 0.173928367098717
0.0542291252163031 0.203468289999979 -0.00968779622034645 0.0334616953863776
0.118035652884052 0.120063983462542 0.0829563960093715 -0.0868519694721691
0.138892873549993 0.016629328140375 -0.0693048757371096 -0.178382439081797
0.0819401753750982 -0.0824932034435129 -0.19312623336933 -0.0426079027761778
-0.00671500029866454 -0.113070035742155 -0.12342573830404 0.111408999649806
-0.0716493016164675 -0.0754115516639148 -0.0102395271257442 0.124766809645756
-0.0819524265303838 -0.028329205918455 0.0348464120547314 0.0719520315286315
-0.0812462920199498 -0.0135603915883731 0.0424534224573157 0.0163550727128048
-0.0849400066739256 -0.0196639611224305 0.0412418827526465 -0.0236565345163071
-0.104008077829527 -0.0595201817215476 0.0644543265895376 -0.0558889288739431
-0.0610053338012894 -0.121923535239873 0.107247938867998 -0.0440952673550791
0.0412684861981428 -0.138021083485372 0.124835460333262 0.063538048115484
0.167343570253853 -0.0680127282767899 0.064718147335515 0.149611627355814
0.194370174462776 0.102989430779772 -0.0268696745589531 0.153819278649601
0.113617012362111 0.234208659738493 -0.0294706247927167 0.107362524224595
0.0198568199735289 0.228541385460164 -0.0174435185797395 -0.0564599852011477
0.109173054961637 0.174130877019201 0.0826211247853819 -0.11554185758229
0.168898036363646 0.0611710319921845 -0.0352060262859918 -0.207419521119455
0.122160483968248 -0.0849661056237706 -0.163936052291346 -0.100532537913524
0.00957203509639856 -0.135230765349731 -0.140054393514572 0.0464295151040516
-0.0786244210402951 -0.0959548229357989 -0.0521919233438552 0.0907937128416405
-0.0960510305165618 -0.0372531350059183 -0.0064957444033281 0.0614041669086546
-0.0901480088301665 -0.0158247910276466 0.006308621441338 0.010918766900349
-0.0893000126206604 -0.0191572910419395 0.00400723130219316 -0.0301411977219638
-0.108544389491921 -0.0603075776750301 0.0268699435922893 -0.0753627773582744
-0.071090764375795 -0.124083817410479 0.0795392885115841 -0.0892250369488112
0.0290931666395529 -0.146037621471613 0.132519757697292 0.00961053502109458
0.163285432898057 -0.0800092317202901 0.0895631555350479 0.116744343902494
0.19402247708301 0.0968521199815423 -0.0144847371761173 0.133577932493306
0.105430943759046 0.227304526210752 -0.041759213126463 0.0377509483571036
-0.0137854388270097 0.207456741601668 -0.0104119016677657 -0.147087152173914
0.0714466968843027 0.186544215866667 0.0840089273207996 -0.14692423618569
0.151641220414737 0.0934299377315962 0.00598267860081248 -0.215887003000746
0.131901557009453 -0.0621901549608795 -0.111175348026308 -0.145989675851566
0.0241246836452214 -0.126799808222021 -0.137351508173976 -0.0251545554840852
-0.0687756592016158 -0.0968300223804613 -0.0913116501123499 0.0463345207811932
-0.0937942440198868 -0.039912760793303 -0.0504855242188165 0.0468101634361719
-0.0839314798627374 -0.015948747185802 -0.0295616965005602 0.00347692410500783
-0.081638080124251 -0.0170159327130446 -0.0307336089775823 -0.0363042669840733
-0.0969191849887302 -0.0559414941376486 -0.00616384745775912 -0.08880297116456
-0.0630219786086869 -0.113915132932675 0.0530108862699983 -0.118708740190067
0.028340918266816 -0.131529204770703 0.13050636723268 -0.0307021681713431
0.145312726772347 -0.0628438836138193 0.0978689589750252 0.087869204233365
0.158430241631177 0.0948709379027652 -0.010650016933137 0.11222985602877
0.0708077073401774 0.194707763354575 -0.0534637932648706 -0.0241758166395012
-0.0358181785625536 0.143685548794876 0.00252633161132314 -0.217270786659997
0.0256246219078306 0.148234824806335 0.0883359875983698 -0.167992846776077
0.0986400908682028 0.0914978356020112 0.0412088079713998 -0.206226918070881
0.103763329526863 -0.0314171750409533 -0.05723036532865 -0.169072355866303
0.0271662408372857 -0.0917270082928494 -0.123154811702084 -0.0818485892358551
-0.0483742656149089 -0.07692903456991 -0.11965017624513 0.00532939472618958
-0.0742549739488841 -0.0345279162097403 -0.0879259143305059 0.0308992792619046
-0.0663616647456179 -0.0148093900756657 -0.0611812189692039 -0.00486919398038632
-0.0647206992710248 -0.0135148525025512 -0.0594213552375001 -0.0430006375111444
-0.0747095879889167 -0.0467947880458061 -0.0303325550496068 -0.101033465549617
-0.0440589748699183 -0.0943589019949362 0.0378018237488385 -0.136414502001572
0.033799016924865 -0.103193387022928 0.127636889146202 -0.0539091298989805
0.120701237421401 -0.0285297889759003 0.098751608899838 0.0687034073897958
0.10406480487529 0.0936083104356208 -0.00964042355268098 0.0901286532508346
0.0222739072196252 0.144988818742218 -0.0559601308052524 -0.0733067186231181
-0.0452152220245972 0.0539259816470754 0.0119771383950282 -0.251974858112832
-0.0127393549990573 0.0774077003802691 0.08729961123038 -0.176879720628241
0.0358041243665379 0.0592233478753152 0.0604222998187419 -0.19190961626439
0.0530996780239846 -0.00515783929866917 -0.0249878370961194 -0.176041480133504
0.0194863308144823 -0.0434430958271605 -0.112927982982922 -0.111080679855339
-0.0222146905348614 -0.0423643556689594 -0.136004297530357 -0.0210094709909303
-0.0414302118228532 -0.0225778043912739 -0.111810739393125 0.0192117953486074
-0.0386197781898691 -0.0111319454755932 -0.0830926492283165 -0.0115933931726505
-0.040781247155429 -0.00842053811363569 -0.0780319081477883 -0.0518371502431379
-0.0462756344596194 -0.0320693688539142 -0.0435714968281152 -0.111798159841747
-0.0226890083041145 -0.0667169321339031 0.0329851603448178 -0.146308566753806
0.0362774682462485 -0.0689829567522253 0.130702623876125 -0.0631756515568495
0.08839082413376 0.0057511497327682 0.0983750219697231 0.0601788331830981
0.043329090628585 0.0828302329478355 -0.00961020291481942 0.074763003038234
-0.0283566713404105 0.0804731041040503 -0.0476936998919864 -0.104936305900581
0.0558448313922562 -0.0161931622859547 0.0734070615958111 0.14726225262184
-0.00116958517139518 -0.0469111047244945 0.0760537127028001 -0.0732084828442027
-0.0386888794488571 -0.0170774662931752 -0.0994834627648571 -0.0805418940022588
-0.0175516378340086 0.0240434247939675 -0.164489933238541 0.0670837562038981
0.00441693625854582 0.0171453546764355 -0.0410378077297779 0.173179690345731
0.013684760811621 0.00922052986555125 0.0686238670154323 0.131551440318804
0.0144358302157209 0.00167453871694197 0.0973619416431099 0.0689350949758514
0.00362973372168462 0.000813214802750778 0.102564761898142 0.0177245133238097
-0.00264760675951685 0.00495321739098865 0.115082930248488 -0.00899303150986325
-0.0119860291331154 0.00605698938559292 0.133303402407916 0.0145561380973052
-0.00994391079928522 -0.0075671096893637 0.116662937335517 0.0995552504113325
0.00137726073891674 -0.0188138054277197 0.030594297181853 0.175274580519119
0.0221343013042943 -0.0247861056208971 -0.0508824710217288 0.178294803280434
0.0521286228128144 0.000360950903943925 -0.104007100615291 0.186613134495854
0.068111492062186 0.0444692880244665 -0.0263424745964604 0.258680461532192
0.079762458214457 0.0613048557392767 0.0464524373652505 0.140063777612322
0.0504298729817234 -0.00974926736611214 0.0793302982696523 -0.0671043664330038
0.0127177057957333 -0.0266768757897282 -0.100656454141966 -0.101831419194703
-0.000455824204004046 -0.0159341354099552 -0.180454642157633 0.0520310621544016
-0.0109734607653582 -0.0238042945545307 -0.0594723930816201 0.17417992232741
-0.0204429451046985 -0.0138740447435781 0.058866312227154 0.141095505123277
-0.0206633704066505 -0.00458380327658457 0.0911251947259182 0.072792282908414
-0.0313148120313375 -0.00399092006189138 0.0957159769569229 0.0184377337807824
-0.0389824766102795 -0.00668989349599363 0.102473135876281 -0.0132830613916638
-0.0512284350034747 -0.0260572255400979 0.122353375992148 -0.00705518436982547
-0.0204096234313855 -0.0606670403730122 0.125453487916407 0.0624606177856762
0.0382340694985175 -0.0619425500914236 0.0638273766324167 0.156358559757463
0.0918807898343156 -0.0179421925727026 -0.0160868876066905 0.18172955970408
0.106782232797036 0.0655003972558738 -0.0743735100514424 0.181465334405125
0.0884581433017565 0.139312186340384 -0.0185952551642494 0.228882694529539
0.0832852053915828 0.13946834802459 0.0181977602519156 0.10288527488167
0.0969675030604385 0.0470692873831109 0.0828955052174868 -0.0733806952478308
0.0772067706388818 -0.0190990287012573 -0.0957809626133222 -0.137041651669997
0.0320592433707752 -0.056525292873609 -0.196070325920883 0.0180302746896106
-0.0186159165368063 -0.0700122733624691 -0.0877945852941491 0.159231297326143
-0.0528974902942562 -0.0427618619780603 0.0344931337982869 0.140858323731597
-0.0557532910822677 -0.0138775919974595 0.0716445803039421 0.0735876381036808
-0.0612783311431561 -0.00776496270827296 0.0748631002334536 0.0172918911222057
-0.0689896857269569 -0.0131747700368135 0.0761203339744774 -0.0201921084650977
-0.0862336498796822 -0.0451083609839596 0.097888348622195 -0.0346845888447686
-0.0446807598311881 -0.0997862892535262 0.12346149231299 0.00745157914638874
0.0459025220002761 -0.108666092667485 0.103138375354557 0.114952151108683
0.14429297211166 -0.0432518049942185 0.0319397504782652 0.173861486300831
0.164788046041349 0.0939908031466292 -0.0426112586418679 0.171991826227367
0.112787603137266 0.203505635368036 -0.0157547645975176 0.175161922120378
0.064723593530859 0.200527667899803 -0.00604303266964629 0.0343861610089421
0.124339615440885 0.114323082473963 0.0832934994445734 -0.091733457971106
0.140325602979827 0.00992876157657088 -0.0782431559057139 -0.177234727010382
0.0776865640939296 -0.0875231720022155 -0.196870253935489 -0.0332696132510597
-0.0139488624240485 -0.113355285919548 -0.118591149521936 0.118730556583405
-0.0764871788883902 -0.0710997611791051 -0.00295159856881379 0.125950034604507
-0.0839582021397074 -0.0229577600657662 0.0387544133094569 0.0705171692702461
-0.0823922599748494 -0.0101416881787545 0.0441660672394982 0.014275800480188
-0.0863912995115796 -0.0151897772833067 0.0411645963900879 -0.0256206869577912
-0.108507673468537 -0.0529518721602026 0.0617450255740967 -0.0596559765355526
-0.0698869856459783 -0.118685306937794 0.103834191736774 -0.0492124911023821
0.0335262280760674 -0.141559839289067 0.129247763844176 0.058364654688598
0.165259912425651 -0.0768276890333855 0.0734941883486205 0.147827765129656
0.201014870875272 0.0937283870393114 -0.0189637774104016 0.156169818764442
0.12865439721938 0.23000928812357 -0.023832106742515 0.107847936862862
0.0314273676239449 0.228045886755889 -0.0182539592181238 -0.0547164229745195
0.118462655897089 0.16851874472945 0.0811656676483577 -0.120562785471648
0.173558621662322 0.0528576440872489 -0.0450760708138518 -0.207270512648948
0.117896144192292 -0.0919747490496399 -0.170411180871945 -0.0936272071008636
0.000852066518333574 -0.136479501183489 -0.138580385792949 0.0540790533737972
-0.0844725479483457 -0.0903487938425166 -0.0473017641804147 0.0942180159487183
-0.0990660147284137 -0.0310707684260607 -0.0033278217601694 0.0621200705021504
-0.0909931164524234 -0.0113751645581633 0.00700014992171134 0.0106804602129473
-0.0898888929355686 -0.0143156656985351 0.00310970446953998 -0.02939032467937
-0.113235767313062 -0.0535348984116788 0.022949582022616 -0.0769640036639875
-0.0796931222999245 -0.120243297152995 0.0738832957955853 -0.0935270344834994
0.0204222966435922 -0.148631107314384 0.135611337888128 0.00316723308955928
0.160240473881143 -0.0886484374942111 0.0980272367743309 0.114091874575108
0.200132540369638 0.0873191805423795 -0.00719065830108051 0.135382956389332
0.11930975117704 0.223230222682767 -0.039755593665567 0.0388956439676442
-0.00388868063680572 0.208654104574331 -0.0163540868070459 -0.146446832377958
0.0811764668176455 0.183370039878384 0.0808542501221504 -0.151009900243055
0.15805672516248 0.0861269543201936 -0.00420016884909184 -0.217639383376513
0.128914953563735 -0.0703507434895505 -0.119184670205355 -0.141627558304965
0.0163673655148588 -0.128900471085894 -0.139528377984613 -0.0186138386528933
-0.0744552278625112 -0.0919710044420022 -0.0890868892000065 0.0515371384315942
-0.096105468993109 -0.0339252644546641 -0.0481753903249742 0.0495630688979979
-0.0853912955954171 -0.012150747630541 -0.0306293735251882 0.00536517237235066
-0.0824733691572904 -0.0130540582233144 -0.0322268937321506 -0.0341836028687657
-0.101936661495344 -0.0502669760108812 -0.0109883650859891 -0.0889037553306702
-0.0706901236077089 -0.111012350005954 0.0457888908131969 -0.121871288900061
0.0202039698712252 -0.133025831669179 0.130415245021865 -0.0373170808133287
0.143206343916583 -0.0700827766428007 0.10572461393791 0.0848078775510751
0.164571205707235 0.086927372553015 -0.00514471354595848 0.113485969896743
0.0832852356152837 0.192378268983216 -0.055475835084078 -0.0223546493492116
-0.0293195426685127 0.146024857429619 -0.00670972391562942 -0.21740825762183
0.033302949546244 0.146965947109676 0.082533056249391 -0.172552277796862
0.104565280742758 0.0870927362779073 0.0322563930150833 -0.209507874236947
0.102527429394279 -0.037483410536519 -0.0655395265939371 -0.168774341462347
0.0213761796017721 -0.0946293006244839 -0.128728280280489 -0.0758312368971315
-0.0533869307245942 -0.073411862656496 -0.119949536356755 0.0120221161032977
-0.0761722914442827 -0.0296779941782148 -0.0875274208120088 0.0360978663359005
-0.0676570339951445 -0.0118494891636635 -0.0626372656459652 -0.00056687821996455
-0.0650958485867429 -0.0103950065777251 -0.0614608085920741 -0.0394005154474824
-0.0780491960648867 -0.042634360393828 -0.036620268531178 -0.0994883341146326
-0.0504336727985948 -0.0919626868803818 0.0291534404409375 -0.138581685334841
0.0280951503208042 -0.105173120195734 0.125992602742319 -0.0602256530461866
0.120254344575112 -0.0343166752173494 0.104739386030603 0.0650569033355534
0.109958736965645 0.0886231748899612 -0.00536149948078786 0.0917394769263513
0.0306097990543819 0.144402422874702 -0.0611678087308186 -0.0711283102697416
-0.0429012014055208 0.0555042605802017 0.000429143095742352 -0.253690063184133
-0.0084284552888033 0.0774996366913859 0.0805292916566339 -0.181210881706124
0.0396655533023795 0.0575540158375877 0.0520327014636368 -0.196025264269097
0.0529908728953181 -0.00852037382578492 -0.0334115111179499 -0.177245776510768
0.0161724734938435 -0.045106148401209 -0.119243755859231 -0.106524270753308
-0.0247850927924653 -0.0404503483772082 -0.138388105960704 -0.0123080807980833
-0.0433584148970271 -0.0191286091138408 -0.11190982967697 0.0262826448213431
-0.0399168237008372 -0.00943798612748124 -0.0853184701787524 -0.00684232013372386
-0.0406391177624829 -0.00689161812020996 -0.0813901929342305 -0.0469965926816056
-0.0483750283686941 -0.0291148936459542 -0.0505319788420941 -0.110125030576653
-0.0273037709209947 -0.0655910790798105 0.0241425481547097 -0.148964979337635
0.0322507637542749 -0.0718006596639701 0.128526073795496 -0.0706263428478935
0.0897479754409765 0.00116076158538483 0.103622078198315 0.0568324905156823
0.0484144740060831 0.0811882853243448 -0.00623966075461972 0.0754315907995736
-0.023643166494147 0.0820414276573319 -0.0546538606883404 -0.102353000552636
0.0528311744750118 -0.018718588151983 0.0798588877028181 0.137533851346463
-0.00433959883791177 -0.0447222664830152 0.0712717783494821 -0.0766025142136902
-0.0389366203622131 -0.0147308466329619 -0.100150667747794 -0.0751589635449279
-0.0156107806596217 0.023808077923312 -0.157412711385395 0.0734795688045902
0.00432621876960045 0.0163700176255239 -0.0319191083885287 0.170385316677537
0.0141327050530917 0.00787639426271506 0.0719814727711536 0.124371678244135
0.013936819464515 0.000407288303498776 0.0982371723520575 0.0632311231746611
0.00272348744261359 0.000605399915026983 0.101531473258001 0.0120132769730479
-0.00242185552717865 0.00496474588711527 0.112214140628046 -0.0149423702070543
-0.0114423076587001 0.0062349210717676 0.130121183832993 0.00760179274731331
-0.00955516518677733 -0.00755607391227454 0.117983792492146 0.0921748575771473
0.000658000219850758 -0.0181219246647735 0.03732799118707 0.169260583912176
0.0210172716048025 -0.024343846265785 -0.0433803959237045 0.175192382520965
0.0507882992202069 -0.000478266218675989 -0.0941213080288418 0.18560494191113
0.0677886962301566 0.0398870203549927 -0.0154341773497327 0.250961653704929
0.0795430460052156 0.0552508313777101 0.0534114752866683 0.132615843427264
0.0480238566123406 -0.0116414097808541 0.0757130810286564 -0.0707783385815516
0.010475273318927 -0.0262982930573031 -0.101647276820891 -0.0953453449156318
-0.00170654143755501 -0.014678177541807 -0.173388621458355 0.0585399317578666
-0.0123546984397716 -0.022183511914778 -0.0499249246619761 0.171942273956551
-0.0198992750933375 -0.0127079069706189 0.0634773050792831 0.133005669855045
-0.0203539441468101 -0.00390159424945296 0.0927199615633641 0.0661720748780825
-0.0308275381529565 -0.00232287440787579 0.0938717858644875 0.0127632579557962
-0.0387601890511856 -0.00358889316087903 0.0994372078810223 -0.0182425742745846
-0.0509819072252898 -0.0215949225411058 0.119027183857384 -0.0126984874235187
-0.0234702791234944 -0.0578970916031017 0.124838685776816 0.0559268269462124
0.0336258708704331 -0.0614913782483952 0.0689372950503981 0.149547645972957
0.0889612041440356 -0.0210653060439153 -0.00815432602689186 0.177165486415254
0.106341429025249 0.0593914457825027 -0.0653539374462712 0.179526485269207
0.0925482336779225 0.130898629215913 -0.00809149212656097 0.221207946080295
0.0861431405278402 0.13058957593829 0.024023471094304 0.098197589632117
0.0955855841573396 0.041261380072813 0.0795920499480385 -0.0765961363877073
0.0740398845801499 -0.0221289563165468 -0.0984500382364834 -0.129852358365991
0.0280061253382196 -0.0566840799077732 -0.190131686810524 0.0265874063368495
-0.0223471048932154 -0.066633137781721 -0.0774334604745289 0.158132728092155
-0.0532744658631996 -0.0386289422137962 0.0404377919200181 0.134360848963867
-0.0542364091197618 -0.0103003019234328 0.0733200714813462 0.0681439969937683
-0.0606238085703042 -0.00465555706791613 0.0737261414767946 0.0131898342686015
-0.0675138666118316 -0.00943897597949286 0.0736661833462307 -0.0227572333999891
-0.0862357782858212 -0.0388073368196871 0.093050640579992 -0.038357387693419
-0.049276592477924 -0.0940858759741175 0.120154721154013 0.00309944037205507
0.0394493897638041 -0.107637878250365 0.106212713199036 0.107590321722995
0.13817918026759 -0.0477588527202757 0.0388705579270397 0.167300219482974
0.164051119956874 0.0840512640496902 -0.0345473163339324 0.168913838613079
0.119463635313219 0.191964185263759 -0.00682949995872042 0.168654563425585
0.0701520599290815 0.191464937232109 -0.00101371772730298 0.0336423880394389
0.124910533657338 0.104422292560917 0.0795482302634733 -0.0940558009280323
0.13651238507271 0.00341789823066344 -0.0832157561754014 -0.169127629697946
0.0710525350042614 -0.0879430034458257 -0.193274796585229 -0.0246937977384047
-0.0198259356777776 -0.108575117619887 -0.109549888333177 0.120120493843845
-0.0782391055859696 -0.0641838623191096 0.00304037387050222 0.121839612637684
-0.0822788276845771 -0.0181556885164569 0.040590826501393 0.0665522330888375
-0.0805882335081145 -0.00603895031953877 0.0441078489357932 0.0123674526416496
-0.0844809583856348 -0.0108656812474409 0.0392439323274226 -0.0267102071656326
-0.108603986185737 -0.0451661103102586 0.0573810710859747 -0.0605241201201367
-0.0736741936609304 -0.111405757275457 0.0973032984893975 -0.0515640801687181
0.0252670253801652 -0.137911647145612 0.129102944823496 0.0514416484585104
0.157011269474316 -0.0815893682711311 0.0790160473594082 0.140354248218905
0.199102676400739 0.0827132925544423 -0.0117089833294721 0.151641546967791
0.136178450607744 0.217131485341661 -0.0181874334701051 0.104461963045705
0.0389447708629173 0.219239433205764 -0.0175090203035152 -0.0521277110320206
0.121967381402605 0.157599625772679 0.0764163749765092 -0.120245325466593
0.17080956142068 0.0438419386651618 -0.0526869150798741 -0.200069694660742
0.109459725417331 -0.0950840706397156 -0.169483693234109 -0.0845079270643175
-0.00637883575290202 -0.132284483146142 -0.131969049756402 0.0577151399373214
-0.0860621408033819 -0.0827957378565963 -0.0414611020637083 0.0937216845826278
-0.097115717174283 -0.0244715944769034 -0.00119432494519077 0.0603779793180321
-0.0889527588434994 -0.0072019688361763 0.00737576303934533 0.0107324031471565
-0.087876362237902 -0.00998086866605394 0.00216333832724212 -0.0285537465947425
-0.113011547878066 -0.0457041579835515 0.0182309131332604 -0.0753180286985351
-0.0840855811256448 -0.112762045588409 0.0653324076719766 -0.0930384175691063
0.0121139194791991 -0.144270069955721 0.132736383871302 -0.00302106901972633
0.152072902916834 -0.0931376230330238 0.101193076025632 0.106490028761587
0.198354940447891 0.0751008547799256 -0.00111202587532551 0.130620411651666
0.127523202378548 0.210342925830897 -0.0378074456759161 0.0383244853324955
0.00450796737677683 0.201839164463372 -0.0202324480498432 -0.140101727566518
0.0864863990240535 0.173104467277571 0.0749348685679403 -0.149308355301554
0.157683978605279 0.0768895801556938 -0.0128101921138419 -0.21096309622016
0.121533271567583 -0.0744048165242643 -0.121880103501862 -0.133676142547158
0.00890857130132617 -0.125994413003166 -0.13667210687082 -0.012040677993896
-0.0763690122313959 -0.0842939976966539 -0.0836856666721234 0.0545360268653065
-0.0950309322353906 -0.0271949722587014 -0.0452439013148655 0.0510065133956589
-0.0837229039967629 -0.00832971618964331 -0.029196156108579 0.00692141469142661
-0.0806748905738786 -0.00901385727339818 -0.0327847260676008 -0.0305743933423963
-0.101441383017226 -0.0427850668158977 -0.0145022012110428 -0.0849267142431021
-0.0750575029154778 -0.103679988273468 0.0372399326450299 -0.11936907661071
0.0131098211914669 -0.129985773094889 0.125727918326545 -0.0421092370067158
0.136346768188771 -0.0743195716455528 0.107232671573046 0.0775128866709048
0.163994908570147 0.0767148627755469 0.000126324938278863 0.108928427411382
0.0904560343065167 0.181860817336166 -0.055268467512761 -0.0203082851822066
-0.0226378037664583 0.141699544155407 -0.0149212891043134 -0.209729050456435
0.0385656263161272 0.140381303502266 0.0744047098807227 -0.170440705683657
0.106595937030393 0.079825741914255 0.0232633109594616 -0.204580873758931
0.0971890335340924 -0.0416235149074105 -0.0697475615637586 -0.162196243813204
0.0157183178058447 -0.0925226028715351 -0.128716816622567 -0.0690862157064847
-0.0547106511391222 -0.0674897594331695 -0.115910124214572 0.0177030491742239
-0.0749203783051698 -0.0240028783684781 -0.0825179980023392 0.0400643765964488
-0.0661079974565711 -0.00897188018818109 -0.0613987572519804 0.00284480561013429
-0.0631943783770608 -0.0082244933285207 -0.0611551794356758 -0.0352225214690979
-0.0780421999109439 -0.0371131368290587 -0.0403581120600434 -0.0945932610958765
-0.0546082214980561 -0.0863850961466814 0.0201690151332427 -0.134873639192607
0.0208657693407121 -0.103289034159641 0.120810733251388 -0.0644359067290737
0.115315194338717 -0.0394666195115529 0.105604283883479 0.0591605108274317
0.110539638054098 0.0808399820331708 -0.00111416547985421 0.0883860841209839
0.0366777147602814 0.138285511425718 -0.0629110796230461 -0.0659424035857815
-0.0395533230876242 0.0547614204656888 -0.010200744833275 -0.24566965230035
-0.00540185327944262 0.0742661416934627 0.071175046930895 -0.178288221853177
0.041136336109165 0.0534844962564525 0.0425852234014923 -0.191902936944145
0.051030484870427 -0.0108622484210185 -0.0391611993514031 -0.171665106839991
0.0128331957437758 -0.0447206717749424 -0.120962396084007 -0.0984782900532389
-0.0252257468482005 -0.0369019706888054 -0.134534697563026 -0.00422146570827459
-0.0422988914517432 -0.016182705966188 -0.10772403339975 0.0318436781534536
-0.0390122023185359 -0.00747444267818967 -0.0834756228552152 -0.00187032911191751
-0.0388834707527863 -0.00548919055430137 -0.0814319108197179 -0.041045293329266
-0.0481767010545334 -0.0257085812272857 -0.0548527585919177 -0.103572861215218
-0.0299961228560565 -0.0614438534819507 0.0157498771651285 -0.145179299075
0.0277102363477867 -0.0699785217846303 0.122163967847685 -0.07427657536702
0.0872192086866471 -0.00306062789918628 0.103800473739751 0.0510905477863539
0.0502157209115187 0.0764661064468145 -0.00319110188619432 0.0729008572150373
-0.0188198803109383 0.0806971732799259 -0.0585651735525046 -0.0960038178959351
0.0506018089220744 -0.0106277819349092 0.0634040022182231 0.138329514421138
0.00204674971949382 -0.041821188479811 0.0779937060081825 -0.0676768949928763
-0.0342017884748049 -0.0189611580202604 -0.0842035462189764 -0.0855827934584886
-0.0185185585787267 0.0194692394206332 -0.154507550250822 0.048671666180358
0.000981354680491772 0.0155870287618673 -0.0500118259063666 0.155643995434426
0.0109584471880183 0.00822990989931714 0.0536781828049658 0.125166630320171
0.0132618673296151 0.000616105303478175 0.0853316089171959 0.0706982306386592
0.00265660646298608 0.000547793247219117 0.0954761210462405 0.0232769336402507
-0.0042921957069977 0.00407999943647056 0.109356737401757 -0.000999854054022507
-0.0122288937449537 0.00449421455445677 0.124269508742219 0.0227385168368805
-0.00858090012711151 -0.00956482613243262 0.103385548379942 0.10426356762793
0.00345515299367355 -0.019623486182304 0.015474479634121 0.169777261225731
0.0256723082810913 -0.0219154183495971 -0.0668092663733179 0.163183979660981
0.050456683562423 0.00525581971984228 -0.116639339489541 0.168235681257688
0.0615178013405486 0.0456566010842326 -0.0490676479884537 0.242146428590677
0.065898242039523 0.0611654370237494 0.0351769731183466 0.134168651462667
0.0455972518529236 -0.00417590131750399 0.0825875872795342 -0.0582777125420983
0.0132464711818821 -0.0228610591762562 -0.0813139272051416 -0.102282977987054
-9.23107270771619E-05 -0.0144939842530339 -0.166532287054304 0.0335470610209373
-0.00926069837605777 -0.0227151964845501 -0.0654659515077767 0.154454920777293
-0.0184727893253475 -0.0156864750226738 0.0449813267064293 0.131025197619261
-0.0185725316303344 -0.00749367776957221 0.0798825940414378 0.072845145836624
-0.0296552197922345 -0.00642747609588211 0.0882464918690128 0.0237789057412188
-0.0374088372775422 -0.00930564122953891 0.0985494684818842 -0.00485910577954549
-0.0470536255265642 -0.0271141754253119 0.116091112195338 0.00393626299212123
-0.0155567563004852 -0.0589039344302552 0.112615893473321 0.0722736718066873
0.0401690311581233 -0.0571451116572523 0.0479836049243667 0.155745604507588
0.0899666259352464 -0.0110002307014512 -0.0341075736689766 0.169005466681653
0.0961109239201786 0.069585053881926 -0.090849012143388 0.162932395979074
0.0745561733727372 0.136215622220622 -0.0418147144082232 0.210621776988378
0.062589429555172 0.131242901926776 0.00786786280834663 0.10181398670618
0.0820711536829937 0.050992964523535 0.0864822418774734 -0.0589796926575325
0.0715256802690217 -0.00958125169913857 -0.0732015834884747 -0.130725047925939
0.0341920128625645 -0.0490026780814306 -0.176366246185397 0.00313119090838607
-0.0119063859465737 -0.0660702817860245 -0.0882191999383707 0.138393528864773
-0.0455945307935897 -0.0435815446797562 0.0243709024606706 0.128208179377994
-0.0496858029947753 -0.0171940875953373 0.0619204071158264 0.0720465745245232
-0.0573700653119646 -0.0123528508760986 0.0691718622353238 0.0225615391148189
-0.0639716201031563 -0.01762686006201 0.0745081650557666 -0.0123084825430354
-0.0777457804806592 -0.046464674479464 0.0955891632196581 -0.0223823868920796
-0.036243778157862 -0.0965414244818756 0.11497230262658 0.0218881351515798
0.0504988378295276 -0.100095701238156 0.0890131880489483 0.121399252335328
0.139890503640076 -0.0312067460593447 0.0107915847513091 0.166131120554861
0.14780492579818 0.0999291270320146 -0.0622215844543615 0.155499428212629
0.0945246884866003 0.19833426366033 -0.0365025794064317 0.158011923204489
0.0407045567583308 0.185324037591317 -0.0137723505414635 0.0405904833083614
0.100536188618088 0.113489788445912 0.0871920608265309 -0.0713486756506512
0.126940256353943 0.0223076591721184 -0.0542890620866643 -0.161569825472465
0.0788887854101254 -0.0727481295585745 -0.17212111962711 -0.0430499387206949
-0.00374331818190436 -0.105100097867832 -0.111381396886623 0.100010597726987
-0.064771153737571 -0.0706100614744905 -0.00879448584271528 0.111208040174045
-0.0751410398927602 -0.0274727458249109 0.0313492038695718 0.0671337288601344
-0.0764905189559377 -0.0161771773015382 0.0403265083628191 0.017843178311408
-0.0791712829331827 -0.0210616291073132 0.0419219382460808 -0.0191754510689065
-0.0983539654807739 -0.0548836368234987 0.0641692104559778 -0.0478661997609492
-0.0578144155514786 -0.115483228795948 0.1000047201904 -0.0310572960470293
0.0393141387950727 -0.130300647721844 0.118931971916266 0.0698762270087315
0.160887382012983 -0.0614826888544705 0.0533196919408712 0.14666462485201
0.181646147200754 0.101904912552565 -0.0390249292815101 0.141264678232337
0.106702916201954 0.224093444559474 -0.0404741014322567 0.092858117016552
0.00808448766631077 0.207275788859088 -0.0212106975528158 -0.0418711241426591
0.0906619283078683 0.161803569329304 0.0850727817570519 -0.0951128840714608
0.153485985357579 0.0644963543271215 -0.0229853558052299 -0.182994073485022
0.116223843180923 -0.0736487303421693 -0.143257459800039 -0.094085586679303
0.0126865208218434 -0.124967877446149 -0.124231777454754 0.0403289180064374
-0.0698145562821049 -0.0883855501582208 -0.0465479846412472 0.0790515669160108
-0.0882451676252005 -0.0348883965704954 -0.00649422126565441 0.0570041682347767
-0.0842504178768218 -0.0187556154185544 0.00510048782839575 0.0116948366651875
-0.0823492955102806 -0.0209802976809792 0.00724804036120005 -0.025223002429362
-0.102554553385305 -0.0555932280551179 0.0286239059981907 -0.0667086570142853
-0.0677655096868858 -0.116858135600802 0.0748033266668709 -0.0755177842489493
0.0275979837622503 -0.137060078638144 0.129401243604993 0.0180992418840315
0.156530541992848 -0.0730629135091835 0.079467013919914 0.117114336493716
0.181558304013435 0.0946360004577121 -0.0262353221764084 0.122965253927635
0.0985241240387427 0.216702141647687 -0.0513373274015423 0.0267105192490753
-0.0220904896641768 0.186789551879724 -0.0142865375970385 -0.127013007993577
0.0558131323813021 0.171162349675235 0.0844289654548833 -0.123520824959294
0.136611592308293 0.0932549771846864 0.0127411698042154 -0.188578910251648
0.124213531494253 -0.0525478086977009 -0.0936194682128241 -0.133940180614851
0.0266667493947386 -0.11710566515495 -0.121338226750387 -0.0252725091019324
-0.0601832124079916 -0.0885804474214718 -0.0821973228771767 0.0383796877230375
-0.0859871377180689 -0.0367248278202649 -0.047026293911395 0.0433515020424542
-0.0794040552650993 -0.0189602395941462 -0.0292162845330607 0.00385521610972386
-0.0748386098746252 -0.0187452977382778 -0.0261500567016198 -0.0313395994103157
-0.091505618044932 -0.0521824252392805 -0.00233662378790827 -0.0797739218260999
-0.060194659926885 -0.106767639064214 0.0506523742746076 -0.103868719710343
0.0262125982771085 -0.12268923315404 0.126956400325837 -0.0210470273525303
0.139287878310702 -0.0572689604844002 0.0897421630273946 0.0900582048344968
0.148766926359262 0.0918197476136786 -0.0203933358955608 0.102212038160882
0.0668759814927317 0.186291808859164 -0.0600603869254033 -0.0315629532939943
-0.0395364355389738 0.12811728075539 0.00121417816241134 -0.193520947475623
0.0162430833352146 0.134126951733565 0.0859226743656706 -0.145071330037531
0.088601403026751 0.0886946772765091 0.0437403268753878 -0.180048314874314
0.0974338237795252 -0.0252492857448041 -0.0444125382254257 -0.154887445981685
0.02818394236921 -0.0849484546710197 -0.108553562226488 -0.0773618665798171
-0.0413869275592129 -0.0691565393355447 -0.108270356044227 0.00171694267539465
-0.0673809988172098 -0.0306627353747402 -0.0817389289057736 0.0290810106928249
-0.0624900307639445 -0.0174120807132968 -0.0591237945510386 -0.00389326369190508
-0.0584693553806121 -0.0154502764545652 -0.0537707326274074 -0.0395097597534175
-0.0692640535655747 -0.0433063364322452 -0.0259388952227679 -0.0920632331216105
-0.0420649918621852 -0.0877627682724499 0.0356596471018717 -0.122886079553004
0.0308170420747674 -0.0956507156318787 0.124115423148212 -0.0446488778231283
0.115235386162409 -0.0256809194101706 0.0918369586581679 0.0703994077130657
0.096154461428346 0.0894578527526004 -0.0172332186055065 0.0815027558892871
0.0199896438841824 0.138003663443624 -0.0586879230004308 -0.0762724496241781
-0.0441091160895543 0.0454277243302941 0.0140110914327832 -0.229463339928038
-0.0153230185106733 0.0674867358061278 0.0850886298028965 -0.156447751154489
0.0314614236446727 0.056180685547329 0.0608302773293573 -0.170372320336868
0.0491989679404744 -0.00258319585102252 -0.0152326510896613 -0.162654498564465
0.0185513548807823 -0.0401006469252933 -0.1001937877769 -0.105033996627398
-0.0169556547132949 -0.0377597791946231 -0.12519752959411 -0.0201123411152344
-0.0376993962003032 -0.0198292586990775 -0.10420398707208 0.0185216283547234
-0.0366402467903802 -0.0127402792995397 -0.0799815293583475 -0.0108760257153912
-0.0360900946436594 -0.00963457085291851 -0.0719720255410439 -0.0484394813577961
-0.0424110469610575 -0.0299412777868454 -0.0390303087201672 -0.10437705617482
-0.0221349547223184 -0.061385447702658 0.0328647660017879 -0.134431806936499
0.0327374172212502 -0.0638421577506961 0.126136301777663 -0.0549565544085337
0.0840156705462102 0.00522673064586988 0.0920999547483722 0.0626249526376705
0.0392163982532088 0.07855755698573 -0.015084003614103 0.067225925641694
-0.027728365500702 0.0761393181951784 -0.0473365082358804 -0.103506688830368
0.0490406681541881 -0.00947998041184092 0.0596761519956346 0.134386640428667
0.00230874434300006 -0.0401382149840113 0.0784031776884065 -0.0658882147404863
-0.0330277014741801 -0.0187235152434562 -0.0796317809583334 -0.0867652418376509
-0.0180070390597892 0.0188744127775361 -0.152041423300794 0.044430890730329
0.00030092524811013 0.0156808239396897 -0.051865428396374 0.151083503282361
0.0106305712736861 0.00811411049953047 0.0498648331474723 0.122278321761513
0.0125137855498351 0.00014900278130645 0.0823173750594598 0.070274451531798
0.00170818100773696 0.000979599447801784 0.0933913344535299 0.0241865984562907
-0.0044821409644316 0.00406199642621818 0.107212171329001 -4.36475178484881E-05
-0.0121348176937121 0.00432436983433132 0.120768301006524 0.0246774405866083
-0.00822953587369766 -0.00963467624429491 0.0986019667729286 0.104224193611198
0.00352314221721587 -0.0191699256974898 0.0114852133478881 0.166643306353197
0.0255544168368266 -0.0206016334575523 -0.0709625656413643 0.157213950020087
0.0492295501467494 0.00694476559610192 -0.118650387022257 0.160822745178959
0.0589343526522099 0.0454573056322251 -0.0538733480455862 0.233788336076352
0.0619572574237888 0.0605963278440951 0.0339637471438236 0.129699494355356
0.0439766348522019 -0.00285659147372415 0.0828749265926489 -0.0563262041627662
0.0132901441569394 -0.021624251818546 -0.0764646570975874 -0.103132778242977
0.000554415081907836 -0.0135959974387437 -0.163287633118367 0.0288327768122536
-0.00889945007877021 -0.0217628268559436 -0.0675585476083046 0.149521736511259
-0.0172938588481173 -0.0155505109222879 0.0411644269472481 0.12779613673508
-0.0177835272404653 -0.00798596510774081 0.0765937642794963 0.0726328575666577
-0.0294498274229595 -0.0066556838962184 0.0862163812130793 0.0246602311745458
-0.0366961321594574 -0.0094747337917003 0.0962647111841466 -0.00334578628461287
-0.0456033400384042 -0.0265258702565378 0.113457284637015 0.00583844180528786
-0.0146829744102197 -0.057987647973718 0.108721522763363 0.0732664782919912
0.0401830706189278 -0.0545640357781752 0.0428286064096242 0.153571472318448
0.0882239914826701 -0.00829091713187972 -0.0383178722579538 0.163503732133454
0.0918929325736611 0.0709510346236568 -0.093270195554904 0.156396562500145
0.0700480101756742 0.133772335117229 -0.0455253277498712 0.202656141768232
0.0571955826177892 0.128717379611071 0.00774860931320072 0.098376035658193
0.0780090968448235 0.0513794391690234 0.0876490187424025 -0.0566442825467485
0.0700783119858227 -0.00765678280617978 -0.0679126038021706 -0.129997595570535
0.034230898053281 -0.0463755591221162 -0.172904293565903 -0.00204057949167868
-0.0107157784195623 -0.0641427645629754 -0.088817782086217 0.133238911988374
-0.043680632017209 -0.0430035766284908 0.0207008065427382 0.124482633229701
-0.0478448951361292 -0.0181757765011844 0.0586855183793723 0.0718170822979513
-0.0561265386687524 -0.0133513223730896 0.0672428383942238 0.0222423125942291
-0.0621538655750506 -0.0179791586062593 0.0733935814028109 -0.0103210684875891
-0.0757396969705049 -0.0460100160853519 0.0938208078635686 -0.0204544053673135
-0.0342823622664505 -0.0945288969490503 0.110973568379982 0.0247347851320353
0.0506547591400398 -0.0963972274892667 0.0848022199873637 0.121712894500215
0.137365803917763 -0.0271922636689025 0.00650389558673732 0.162297329660363
0.142111822691863 0.101447165978395 -0.0648482822143477 0.149402640447765
0.0881658609320942 0.194947863802348 -0.0392092774049901 0.15101836904221
0.0344152927429794 0.181099073990985 -0.0114470061390808 0.0386659030940268
0.09480049944578 0.112343306932659 0.089261756459201 -0.0680599366213153
0.12348169551441 0.0243734583259435 -0.0483365469059668 -0.158751071593136
0.0778524888038972 -0.0690242721385286 -0.167504174482328 -0.0462488641771738
-0.00215683425949754 -0.101669694282083 -0.110820563460793 0.0947794038783443
-0.0620537328029124 -0.0689827313870924 -0.0108960717949504 0.107996248133535
-0.0720529004215547 -0.0280806184181711 0.0294775390065632 0.0663478649938201
-0.0743761418482385 -0.0179997114284973 0.0390020292705327 0.0182791284746871
-0.0774561104384358 -0.0219431687065677 0.0420166662463397 -0.0172171999885272
-0.095744039901408 -0.0542887655959313 0.0639557116169109 -0.0453367297331219
-0.0557172495318405 -0.112892140651903 0.0969921304006537 -0.0274896689516844
0.0407610734270522 -0.125835258350694 0.114636942374469 0.0715373452343972
0.158846173855625 -0.0563503918378247 0.04850608963571 0.143812703551687
0.175028269234862 0.103417593831568 -0.042154113101013 0.136522980202669
0.100662831319663 0.219649163089661 -0.0423389946622458 0.0877894584548825
0.00220729801377059 0.201762995047044 -0.017455121687278 -0.040718646611425
0.0840322308024399 0.159127987701395 0.0876968653810884 -0.0898732740345839
0.148515348249253 0.0657954770146843 -0.01757718233559 -0.17828008232687
0.11405586462544 -0.0693532382743257 -0.137524089568728 -0.0955735015154724
0.013713159830308 -0.121416423836792 -0.122686539464757 0.0356932197158454
-0.0662359433548413 -0.0862422778001681 -0.0471742148417235 0.0760789135414199
-0.0850366879394871 -0.0350537135649634 -0.00800647653717442 0.0561349838644399
-0.0818545777152524 -0.0204430213883041 0.0054268410643138 0.0118799099384313
-0.0801486310609354 -0.0223331779695278 0.00773771770008252 -0.0239985737610573
-0.0996274306668119 -0.0551382113410334 0.029626880578907 -0.0640034297548122
-0.0654529084938408 -0.114346438081859 0.0737568293166461 -0.0705700182159281
0.0287233119969833 -0.132253998204111 0.125576065859595 0.0204059810856478
0.154681238701727 -0.0684242858292605 0.0755680304256702 0.115759101987122
0.175447694435151 0.0957087917726372 -0.0297638197418414 0.118913935393419
0.093061599064408 0.212715776259327 -0.0513396365878676 0.0232687813604249
-0.0268126984505488 0.181576988597249 -0.0093644503722893 -0.122974687697848
0.0496562807057817 0.16750440829524 0.0873028406850731 -0.116895174745284
0.131760207044142 0.0937586469386877 0.0173048972140688 -0.182448020214042
0.121651558497093 -0.0486664857644744 -0.0880241881285551 -0.133935795905371
0.0269779365894221 -0.113443751096171 -0.11780317272537 -0.0278109143298029
-0.056905865928671 -0.0863980849259859 -0.0806235219416754 0.0355880075752508
-0.0827290019554437 -0.0371143517991367 -0.0471081578957273 0.0424045508450221
-0.0769242471517427 -0.0205138787175711 -0.0292761435385101 0.00379684348854976
-0.0726146646256491 -0.0203025210284972 -0.0244782140127771 -0.0306490148997328
-0.0881355557155906 -0.0508706556965692 -0.00114663488734534 -0.0778068477088669
-0.058043899669894 -0.104591524643503 0.0505392337089225 -0.0990266554322174
0.0271615696818735 -0.11825696667419 0.124672908992793 -0.0177085964742523
0.136359392286392 -0.0537090391360247 0.0868724569628094 0.0893485672547431
0.143526785823079 0.0922872587083064 -0.0236483319613771 0.0982732192577482
0.0617400298704891 0.181612119414951 -0.0590597204725353 -0.033292379558859
-0.0420765949132486 0.12341866060801 0.00706809480183523 -0.187698726197297
0.011937260644978 0.130443661587087 0.0885002076503354 -0.138495762847781
0.0844726557582222 0.0881654888407511 0.0477371330697054 -0.174234387412304
0.0949395429783066 -0.0222143957383693 -0.038180357494505 -0.153059337343884
0.0278694620574507 -0.0819660691325563 -0.10415229029437 -0.0786949424153071
-0.0388318143471672 -0.0676914952639602 -0.105183929483654 2.23040093934965E-05
-0.0647292797284303 -0.030922667351965 -0.080344514456137 0.0273937900508487
-0.0604241079287186 -0.0188341396320089 -0.0586041643808103 -0.00408401561047995
-0.0565974502766333 -0.0168108054423637 -0.0507980961645108 -0.0387952949657111
-0.0673182670253089 -0.0424960289095143 -0.0233478152992571 -0.089830974791193
-0.0401971342328837 -0.0858273876704839 0.0369639615739764 -0.118098979894527
0.0315814009373333 -0.0920327845924782 0.121956007115408 -0.0404632277658319
0.112777320177359 -0.0226723919939 0.0884081282367642 0.070911841759475
0.0925675724279914 0.0890136732732754 -0.0204809029548811 0.0788800395018118
0.0166259596100805 0.134144199166692 -0.0568252067650388 -0.0754390140564263
-0.044579624688138 0.0429146980443024 0.0200879250419503 -0.222554889297955
-0.0169666563469778 0.0641428964937031 0.0877295387944602 -0.148452158112599
0.0295935135175565 0.0543234579731759 0.0638110768977815 -0.163738791673378
0.0478012320273457 -0.00157254906136334 -0.0101158475073754 -0.159962516061001
0.0178794598747699 -0.0380946727035401 -0.0959877561690166 -0.105489787099054
-0.0159134073802846 -0.0365088437093549 -0.121237433087348 -0.0215567564768058
-0.0359055325980968 -0.0192524097634714 -0.101789104173943 0.0172822982422899
-0.0357947382309584 -0.0139243845157181 -0.0784514713040782 -0.0111654804803152
-0.0345213905565757 -0.0108298297822132 -0.0687759961345907 -0.0479440077573678
-0.0404974975233743 -0.0291907625248109 -0.0361652854848992 -0.101950477236008
-0.0208567588902647 -0.0597341422752803 0.0339620549752344 -0.130033269450801
0.0329085759096852 -0.0612133063737127 0.124424873200105 -0.0506754575544935
0.0821745790955006 0.00638983788993553 0.0883866384444244 0.0630390309813717
0.036717419953553 0.0773810069516194 -0.0175822925712978 0.0651652953882613
-0.0282745904290527 0.0735182353271883 -0.0447244836188233 -0.101095907155852
0.0492540444709183 -0.00793288095863348 0.0568567169995062 0.135512297639752
0.00321945252533356 -0.0393024867693735 0.0821055592894926 -0.0658580364567777
-0.0331006815835756 -0.0199930364500532 -0.0773115313189916 -0.0918279645471295
-0.0185419487019097 0.0190149542305037 -0.154748871126323 0.040199221273081
-0.000130689389809309 0.0158528690228929 -0.0566108406646367 0.151270481621373
0.00977211848074937 0.00796107312601626 0.0461807832900018 0.125085375571664
0.0123322588285475 0.000145763236046919 0.0818843083796376 0.073461844178832
0.00128613217791757 0.00101598460695878 0.0947741182131077 0.0259184913044294
-0.00460034067037363 0.00438649834872049 0.108524893561436 0.00267470210048013
-0.0124019502950133 0.00394609101547591 0.121088740595926 0.0279032953935256
-0.00841341956571962 -0.00998829050974106 0.0973240122497665 0.10899718682461
0.00469809933899809 -0.0188196247433182 0.00596404504681744 0.169915748354939
0.0264368262306655 -0.0196331535136467 -0.0779988227346613 0.156554186879879
0.0492727289237484 0.00908296126123277 -0.1267086399308 0.158363142616021
0.0580112456467199 0.0478734215712097 -0.0632629513897032 0.233092362277715
0.0608625224475285 0.0630824139122796 0.0310961972662213 0.130958152721604
0.0436933403550972 -0.000750610765299515 0.0874583523073402 -0.0555984460286013
0.0140302242323637 -0.0207197728282547 -0.0732445356407292 -0.108041747464431
0.000641582710732721 -0.0133388622688802 -0.166080907932999 0.0240590414438514
-0.00916389783880208 -0.0220596928961917 -0.0718675085555539 0.148751188111031
-0.0171202651670587 -0.0160750775477051 0.0380052221957222 0.129989356158675
-0.0180595326710872 -0.00914475289998012 0.0754867513945741 0.0754334330819285
-0.0300295928602377 -0.00790248411438503 0.0875115331899735 0.026728383048951
-0.0370077918173082 -0.0102446477663051 0.09809844050867 -0.00073397323582503
-0.0453233103359442 -0.0277701886524507 0.114756772472992 0.00864795158392453
-0.013932275371093 -0.0590666405023684 0.108000281240048 0.0782090093896047
0.042416462074911 -0.0540852937652194 0.0392105829331045 0.157862544077843
0.0899742396185751 -0.00551003954164063 -0.0450278343136213 0.163506296236584
0.0917612636153751 0.0750891658741407 -0.100847693109946 0.154460161360171
0.0665866720493239 0.13677558927552 -0.0523595496796891 0.201831285471256
0.0533937405195899 0.131467232315422 0.00617354252338218 0.098796382704334
0.0766057500573937 0.0543722207926397 0.0926428729657482 -0.0555016810361404
0.0711538268457585 -0.00547016438878923 -0.0631961448583481 -0.13480443670167
0.0355453072754411 -0.0457441647354407 -0.17502608563981 -0.00761114553871126
-0.0101476305959496 -0.0645886597114829 -0.0944811334051199 0.131641964965108
-0.0429155974411369 -0.0439350546526323 0.0171710753362203 0.126079092737241
-0.0477855096122865 -0.0202633801684632 0.0571558878147477 0.074272969996196
-0.0571926136690348 -0.0150560905078462 0.0682325254516191 0.0242016070785172
-0.0628038637805617 -0.0202841304367639 0.0748431869332665 -0.00838352384970446
-0.0765010273282429 -0.0475668998891712 0.0953432824687649 -0.0177180838732846
-0.0335312283337093 -0.0957333108074135 0.111266729562663 0.0291141546701365
0.0538295271025794 -0.0956160913235166 0.082289319489175 0.12548072152205
0.139906362872604 -0.023174929827126 0.000308138536532084 0.163651824251276
0.141059170079221 0.106652713641306 -0.0719139981028659 0.147980979863118
0.0828645725199572 0.19861260435534 -0.0451793348485479 0.149814759992555
0.0289428929302288 0.183934596219318 -0.0111037491231459 0.0381693746262877
0.0916123070030451 0.116394011374987 0.0944463442069123 -0.0663749274062743
0.124436054698243 0.0284180501037897 -0.0424793165390829 -0.162771677494795
0.0803841527851234 -0.0675750141934934 -0.167425309148465 -0.0534844083359557
-0.000781619445018068 -0.102775308788452 -0.115704910054038 0.0918785438859473
-0.0610139152888336 -0.0706735745510448 -0.0136802886303226 0.108614101936649
-0.0724393411802521 -0.0302061561538975 0.0276068669483946 0.0682433758933603
-0.0757672256813131 -0.0203378527714923 0.0393031618429891 0.0191822958657025
-0.0772524324109132 -0.024196572866572 0.043208968248664 -0.0161954719493643
-0.0960343870961055 -0.0559726468545998 0.0655224322841972 -0.0443294485041566
-0.0544064075237475 -0.114884279555619 0.0992375474837756 -0.0232194089300502
0.0443308607418536 -0.125235030387894 0.113888162222776 0.0765890090626487
0.162599341884173 -0.0527186041062582 0.0442261783718866 0.146773838416774
0.174421653088559 0.109847736665329 -0.0486979794066642 0.135989262349963
0.0952353418947806 0.224173828580242 -0.0462696045857222 0.0861975606018996
-0.0045633138891699 0.20399833602258 -0.0154111416354225 -0.0415787943646446
0.0791100580469078 0.163183950282302 0.093929921425057 -0.0878603303275173
0.148524288997427 0.0712111223102492 -0.0107689750615439 -0.181199872425415
0.117443372101665 -0.06669480269128 -0.13564482019196 -0.102501656774092
0.0163019196046744 -0.121952180109571 -0.125458357731715 0.0315308750248285
-0.0645498784206574 -0.0878360126857639 -0.0499176849433323 0.0751824087335961
-0.0844455102279115 -0.0380093928980617 -0.00987539425604068 0.0562494770963117
-0.0828209444581146 -0.023083390671406 0.00496479029891702 0.0125746458882148
-0.0800278373364308 -0.0245861126118527 0.00931693751670506 -0.023448524637818
-0.100020685047181 -0.0567544335465296 0.0320525599952299 -0.0636993808652693
-0.0643436019780132 -0.116297430570603 0.0759896747637761 -0.0673038432262167
0.0324008618711881 -0.131816979409634 0.126913215986034 0.025562045312537
0.158619062618816 -0.0643107406737794 0.072800577936569 0.118547670490891
0.175241983873669 0.101902384632267 -0.0354688624758049 0.118955675714389
0.0875291582772356 0.21631077862053 -0.0540497469758081 0.0208907567022044
-0.0329260614844182 0.182303976346078 -0.00347531262208955 -0.123923619769874
0.0440285123794357 0.17040583509681 0.0934914385489626 -0.114312520793014
0.130748480853649 0.0983806112274579 0.0252160857252151 -0.183179971997885
0.124038788812414 -0.045256288970762 -0.0835419363669177 -0.139320374850749
0.0293598929463162 -0.113748711810471 -0.119056361214975 -0.0328976419699801
-0.0551271150905718 -0.0881919719210878 -0.0824444966498678 0.0340922218133827
-0.0819973199778907 -0.039374898184419 -0.0485394612025258 0.0419112682168867
-0.0779271672798956 -0.023282423206718 -0.029174592585137 0.00377893887095477
-0.0724072596817431 -0.023247354806854 -0.023015515437127 -0.031163513822111
-0.0882240439950705 -0.0528063932754127 0.00196048629295242 -0.0787050171133149
-0.0565207323951234 -0.106131942985778 0.0533068373522035 -0.0978087576677642
0.0302405473339626 -0.117926982933485 0.126620118883519 -0.0138823577359237
0.139693085179103 -0.0503675856169288 0.0844216442499122 0.0926925676415383
0.14250879602031 0.0971014603554043 -0.028429536539192 0.0979935489749972
0.0577271851977675 0.184394053941073 -0.0602079941192911 -0.0356188216331262
-0.0472142511335376 0.12287677368166 0.0138612896786288 -0.188049520434635
0.00689496591408003 0.131782822296165 0.0955675003588936 -0.135412459353702
0.0829571786586389 0.0915170715118503 0.0549073547641829 -0.173153411984609
0.0962397885541966 -0.0200013127523273 -0.0330626975926585 -0.157278608648837
0.029521955040451 -0.0812886198696645 -0.103425428427946 -0.0842487805006835
-0.037080933068506 -0.0687332105267885 -0.106642065522039 -0.00308463066764134
-0.0642274281454524 -0.0330324371996971 -0.0815282461003303 0.0267046271155757
-0.0613527636976284 -0.0210811268189881 -0.0594326749716796 -0.00477877461078294
-0.0562530932574592 -0.0198221417090664 -0.049841426243537 -0.0399869622123589
-0.0671009700525057 -0.0439397354651901 -0.0209255327177391 -0.0915282419719698
-0.0389543167400944 -0.0867620843709815 0.0400074459750734 -0.117279437522244
0.0336340954392735 -0.0916242710969364 0.124758677404698 -0.0374823760807213
0.115047843110527 -0.0199097427482196 0.0873337439880545 0.0745659444973292
0.0914720419993559 0.0923168829229623 -0.0246212774171146 0.0789369022723042
0.0133080847079953 0.134881603491591 -0.0568284701543252 -0.078028214624488
-0.0468559098766322 0.0420297949731656 0.0277807816879908 -0.223020504593458
-0.0197146384593059 0.0639389674054785 0.0935291175795989 -0.145940987471621
0.0283518732154261 0.0555581793921082 0.0714401903155145 -0.162305186517655
0.0479393549549241 -0.000662136234208071 -0.00459943215359627 -0.16412697110898
0.0186651516936822 -0.0374871075256503 -0.0937907760398609 -0.110806433712235
-0.0149068945357346 -0.0368004448188572 -0.121611590621921 -0.0254730095414746
-0.0358615512675349 -0.0199950575168249 -0.1040165680356 0.016247909497068
-0.0359949271396708 -0.0150144651050894 -0.0798295064731016 -0.0122752418602297
-0.0340712705497231 -0.0125397348637054 -0.0679415716621351 -0.0494751647177439
-0.0401180350329461 -0.0301307782204461 -0.0332399250088111 -0.103025986949664
-0.0192991631198875 -0.0604641510120514 0.0371341132578558 -0.129439566545769
0.0343707769459509 -0.0603432495405531 0.12796992629388 -0.0473578801926514
0.0829966192926021 0.00876366528541216 0.0878774283720588 0.0667125353658784
0.0355740418790298 0.0799337154402448 -0.0212031877187964 0.0652271300821168
-0.0312201778701034 0.072759565045223 -0.0429685651477962 -0.102471822131098
