TRXV5
3
4
4
9
string Extension=J
integer IsArchMeasurement=1
integer IsSpherical=1
string Generator=SPM
string GeneratorVersion=1.3.1 Dev
double ArchRadius=0.449999988079071
integer FrequencyAxisIndex=0
integer AzimuthAxisIndex=1
integer ElevationAxisIndex=2
Frequency
5 136 690000000 960000000 LIN
Azimuth
7 8 0 2.74889357189107 LIN
Elevation
7 15 -2.74889357189107 2.74889357189107 LIN
Polar H Real Part
13
Polar H Imaginary Part
14
Polar V Real Part
13
Polar V Imaginary Part
14
Polar H Magnitude (dB)
12 0xC0000002 0 1
Polar H Phase
7 0xC0000003 0 1
Polar V Magnitude (dB)
12 0xC0000002 2 3
Polar V Phase
7 0xC0000003 2 3
0.0447235107421875 0.123886108398438 0.158966064453125 -0.08892822265625
0.125755310058594 0.0350112915039063 0.115966796875 0.000114440917968752
0.0756149291992188 -0.0699234008789063 0.135581970214844 0.00448608398437499
0.00551605224609375 -0.0845489501953125 0.172088623046875 -0.0582122802734375
-0.03485107421875 -0.0633430480957031 0.143814086914063 -0.129287719726563
-0.0736770629882813 -0.0469970703125 0.07733154296875 -0.179656982421875
-0.0714111328125 -0.0312118530273438 0.039825439453125 -0.164566040039063
-0.0591850280761719 -0.0400161743164062 0.0297164916992187 -0.109039306640625
-0.0561447143554688 -0.071929931640625 0.0214462280273437 -0.0457687377929688
0.00222015380859374 -0.0852508544921875 -0.014653205871582 -0.00635910034179688
0.0649185180664063 -0.0579719543457031 -0.089202880859375 -0.0185317993164062
0.0855941772460937 -0.00714874267578125 -0.1142578125 -0.102882385253906
0.0627899169921875 0.0759048461914063 -0.042388916015625 -0.244384765625
0.0118942260742187 0.126922607421875 0.033905029296875 -0.2642822265625
-0.04205322265625 0.129302978515625 0.016937255859375 -0.17010498046875
0.00978088378906251 0.171295166015625 0.168136596679687 -0.03436279296875
0.115707397460937 0.10162353515625 0.127479553222656 0.049652099609375
0.102287292480469 -0.0187606811523438 0.156509399414063 0.0409698486328125
0.0537109375 -0.0607147216796875 0.19927978515625 -0.0276031494140625
0.0140228271484375 -0.0685577392578125 0.175094604492188 -0.105682373046875
-0.0275115966796875 -0.0818634033203125 0.112533569335938 -0.169692993164063
-0.0389556884765625 -0.0734024047851563 0.0675048828125 -0.15289306640625
-0.0273056030273438 -0.0719985961914063 0.0500640869140625 -0.0925064086914062
-0.0188064575195313 -0.102378845214844 0.0356903076171875 -0.0192718505859375
0.0429534912109375 -0.0990447998046875 -0.00779151916503906 0.0276298522949219
0.101165771484375 -0.0496292114257813 -0.094635009765625 0.0215225219726563
0.117500305175781 0.0178680419921875 -0.13653564453125 -0.060638427734375
0.0713958740234375 0.115715026855469 -0.09100341796875 -0.2080078125
-0.00306701660156251 0.171661376953125 -0.012786865234375 -0.21856689453125
-0.065704345703125 0.172454833984375 -0.0193557739257812 -0.119514465332031
-0.0349578857421875 0.195602416992187 0.156784057617188 0.0381317138671875
0.0770721435546875 0.16107177734375 0.122947692871094 0.120307922363281
0.111015319824219 0.0488128662109375 0.170761108398438 0.0938720703125
0.09942626953125 -0.0152206420898438 0.221435546875 0.0157928466796875
0.0699462890625 -0.0558586120605469 0.197265625 -0.0706787109375
0.0308609008789062 -0.102577209472656 0.139892578125 -0.143707275390625
0.00261688232421876 -0.1041259765625 0.085235595703125 -0.123916625976563
0.0073699951171875 -0.0925979614257813 0.0604248046875 -0.0611610412597656
0.0173416137695312 -0.117324829101563 0.0429267883300781 0.0156784057617187
0.069793701171875 -0.104515075683594 -0.00457382202148437 0.065887451171875
0.117362976074219 -0.0470657348632813 -0.094879150390625 0.066650390625
0.132301330566406 0.0221786499023438 -0.152023315429688 -0.00779724121093752
0.0870285034179687 0.125221252441406 -0.134429931640625 -0.153121948242187
0.00346374511718752 0.187774658203125 -0.0581207275390625 -0.153732299804688
-0.0712127685546875 0.191452026367188 -0.0587348937988281 -0.0548324584960937
-0.07684326171875 0.187271118164062 0.121292114257813 0.1156005859375
0.0199127197265625 0.193130493164063 0.0935516357421875 0.19952392578125
0.0928878784179688 0.111648559570313 0.168487548828125 0.15521240234375
0.125038146972656 0.042938232421875 0.224578857421875 0.06689453125
0.114852905273438 -0.0255584716796875 0.199966430664063 -0.0267486572265625
0.087677001953125 -0.100456237792969 0.148941040039063 -0.101974487304688
0.0453338623046875 -0.117530822753906 0.0881423950195313 -0.08050537109375
0.039642333984375 -0.09930419921875 0.0597686767578125 -0.0203666687011719
0.0472564697265625 -0.116844177246094 0.0430526733398438 0.0536956787109375
0.0862350463867188 -0.100563049316406 -0.0020904541015625 0.102096557617188
0.11907958984375 -0.042633056640625 -0.085906982421875 0.10760498046875
0.129745483398438 0.0202102661132813 -0.149749755859375 0.0421295166015625
0.0929412841796875 0.114471435546875 -0.153289794921875 -0.0889129638671875
0.010345458984375 0.176803588867187 -0.0810546875 -0.0789794921875
-0.0698394775390625 0.183303833007813 -0.0885086059570313 0.0146484375
-0.0996856689453125 0.14202880859375 0.0675048828125 0.180526733398438
-0.0366973876953125 0.180419921875 0.0433807373046875 0.2662353515625
0.0513458251953125 0.143966674804688 0.142471313476563 0.21142578125
0.112922668457031 0.09210205078125 0.202957153320313 0.11370849609375
0.130058288574219 0.014892578125 0.178756713867188 0.0140838623046875
0.124465942382812 -0.0747528076171875 0.135276794433594 -0.0544815063476563
0.0802459716796875 -0.108070373535156 0.0742340087890625 -0.031524658203125
0.0643539428710938 -0.0901870727539062 0.0481605529785156 0.0244903564453125
0.0703277587890625 -0.104133605957031 0.0370864868164063 0.0897903442382813
0.0970382690429688 -0.0842819213867188 -0.00342559814453123 0.132217407226563
0.113227844238281 -0.02874755859375 -0.0752029418945312 0.135231018066406
0.113945007324219 0.0263214111328125 -0.13470458984375 0.0760498046875
0.076019287109375 0.101203918457031 -0.147430419921875 -0.035125732421875
0.0014190673828125 0.14801025390625 -0.08306884765625 -0.0123825073242187
-0.07415771484375 0.147628784179688 -0.11016845703125 0.0764007568359375
-0.09320068359375 0.073272705078125 0.0140533447265625 0.220962524414063
-0.069366455078125 0.122978210449219 -0.01361083984375 0.304656982421875
0.00238037109374999 0.126693725585938 0.103012084960938 0.245101928710938
0.0673294067382812 0.108787536621094 0.16375732421875 0.140533447265625
0.105888366699219 0.04949951171875 0.14141845703125 0.0395050048828125
0.128990173339844 -0.0319137573242188 0.102256774902344 -0.0134735107421875
0.0980224609375 -0.0766677856445312 0.0482444763183594 0.0145187377929687
0.07794189453125 -0.0685348510742188 0.029510498046875 0.0656394958496094
0.084442138671875 -0.0800628662109375 0.0236587524414062 0.121292114257813
0.103607177734375 -0.0578765869140625 -0.0123443603515625 0.154525756835937
0.105865478515625 -0.0064697265625 -0.0717620849609375 0.1485595703125
0.09295654296875 0.0443267822265625 -0.121246337890625 0.0894622802734375
0.041473388671875 0.0968780517578125 -0.131179809570313 -0.00121307373046873
-0.0284881591796875 0.110481262207031 -0.0778884887695313 0.0328140258789063
-0.0863418579101563 0.0907363891601562 -0.128242492675781 0.119773864746094
-0.0614852905273438 -0.00633621215820313 -0.0231781005859375 0.2310791015625
-0.0685501098632813 0.0405197143554687 -0.05218505859375 0.31048583984375
-0.0317153930664062 0.0682296752929688 0.0698089599609375 0.252777099609375
0.00878143310546875 0.0849151611328125 0.128585815429688 0.144927978515625
0.0543594360351563 0.0633277893066406 0.105094909667969 0.043731689453125
0.100486755371094 0.0139236450195313 0.062957763671875 0.0103759765625
0.0965347290039063 -0.0319747924804688 0.016845703125 0.0471000671386719
0.079193115234375 -0.0362472534179688 0.00618743896484374 0.0983657836914063
0.0882720947265625 -0.0472183227539063 0.00343322753906251 0.146896362304688
0.102935791015625 -0.0242156982421875 -0.0320892333984375 0.168731689453125
0.0947113037109375 0.0204010009765625 -0.0819854736328125 0.151229858398438
0.0697097778320313 0.0649909973144531 -0.119010925292969 0.0896759033203125
-0.000427246093750001 0.096099853515625 -0.121742248535156 0.0124359130859375
-0.0671882629394531 0.0698089599609375 -0.0803375244140625 0.0537796020507813
-0.100944519042969 0.0215301513671875 -0.148040771484375 0.138015747070312
-0.0181884765625 -0.0825271606445313 -0.032135009765625 0.214752197265625
-0.043914794921875 -0.0445060729980469 -0.05889892578125 0.292449951171875
-0.0448226928710938 -0.00788879394531249 0.0611724853515625 0.24078369140625
-0.0442161560058594 0.0343894958496094 0.114227294921875 0.129638671875
-0.00756454467773437 0.0585823059082031 0.0841522216796875 0.029632568359375
0.0519828796386719 0.05267333984375 0.0293426513671875 0.0129375457763672
0.0780410766601563 0.017547607421875 -0.0131607055664062 0.0604362487792969
0.0682449340820313 0.00202560424804688 -0.018768310546875 0.116691589355469
0.0791015625 -0.00830841064453125 -0.022674560546875 0.164474487304688
0.0888748168945313 0.0121002197265625 -0.060302734375 0.176544189453125
0.0741119384765625 0.0442733764648437 -0.104400634765625 0.148147583007813
0.040802001953125 0.0812454223632813 -0.132057189941406 0.08056640625
-0.0409927368164063 0.0875091552734375 -0.126419067382813 0.00979614257812503
-0.0985260009765625 0.0230865478515625 -0.0961227416992188 0.0522918701171875
-0.105857849121094 -0.0521774291992187 -0.171340942382813 0.128814697265625
0.076568603515625 0.128791809082031 0.175933837890625 -0.119033813476563
0.150436401367187 0.013031005859375 0.131195068359375 -0.0229568481445313
0.0713272094726563 -0.094818115234375 0.141143798828125 -0.0147552490234375
-0.0122833251953125 -0.0978851318359375 0.172210693359375 -0.079833984375
-0.05615234375 -0.0645332336425781 0.13916015625 -0.151901245117188
-0.0961227416992188 -0.0355911254882812 0.064788818359375 -0.197677612304687
-0.0880050659179688 -0.0176239013671875 0.028411865234375 -0.18292236328125
-0.0762176513671875 -0.0293960571289063 0.0261611938476562 -0.124542236328125
-0.0817718505859375 -0.0660324096679688 0.0275726318359375 -0.0555496215820313
-0.0202484130859375 -0.0968093872070313 -0.00359439849853516 -0.0048813819885254
0.0585556030273438 -0.0820770263671875 -0.0879287719726563 -0.00151062011718751
0.096649169921875 -0.02838134765625 -0.130607604980469 -0.0868301391601562
0.0907135009765625 0.0746536254882813 -0.0792999267578125 -0.250701904296875
0.041900634765625 0.145919799804688 0.00735473632812502 -0.290252685546875
-0.0180816650390625 0.158721923828125 0.01092529296875 -0.185394287109375
0.03717041015625 0.18450927734375 0.195846557617188 -0.0593109130859375
0.142257690429688 0.0887908935546875 0.15228271484375 0.0290374755859375
0.104682922363281 -0.0401458740234375 0.169647216796875 0.0210113525390625
0.043426513671875 -0.0748825073242188 0.207366943359375 -0.05133056640625
-0.00125885009765625 -0.074066162109375 0.176910400390625 -0.13250732421875
-0.0479888916015625 -0.0783615112304688 0.105148315429688 -0.19482421875
-0.0551223754882812 -0.0678749084472656 0.061981201171875 -0.17669677734375
-0.0430717468261719 -0.0687599182128906 0.0516357421875 -0.112335205078125
-0.0405426025390625 -0.103057861328125 0.0494842529296875 -0.031890869140625
0.0263824462890625 -0.114364624023438 0.0115871429443359 0.0289020538330078
0.100967407226562 -0.0728683471679688 -0.0855026245117188 0.0414810180664063
0.132369995117188 -0.0006866455078125 -0.146759033203125 -0.0368804931640625
0.099639892578125 0.118583679199219 -0.12506103515625 -0.203460693359375
0.024688720703125 0.197036743164063 -0.0358734130859375 -0.231964111328125
-0.04608154296875 0.207473754882813 -0.02008056640625 -0.122459411621094
-0.0166473388671875 0.2156982421875 0.194351196289063 0.0221710205078125
0.101211547851562 0.161651611328125 0.15887451171875 0.10687255859375
0.120086669921875 0.0360794067382813 0.194351196289063 0.0751953125
0.09967041015625 -0.027069091796875 0.239013671875 -0.0093231201171875
0.0636978149414063 -0.0658531188964844 0.207015991210937 -0.099334716796875
0.0160598754882813 -0.108505249023438 0.137924194335938 -0.173309326171875
-0.0107498168945313 -0.108551025390625 0.0846405029296875 -0.149917602539063
-0.00401306152343751 -0.0967941284179688 0.0672607421875 -0.0814743041992188
0.00173187255859376 -0.124725341796875 0.0618820190429687 0.00262069702148437
0.0602264404296875 -0.121002197265625 0.0207862854003906 0.0668106079101562
0.121200561523438 -0.0667648315429688 -0.07806396484375 0.0871353149414063
0.1483154296875 0.0075531005859375 -0.153244018554687 0.02056884765625
0.111824035644531 0.129364013671875 -0.160629272460938 -0.137619018554688
0.025482177734375 0.212539672851563 -0.0735931396484375 -0.154037475585938
-0.057708740234375 0.226318359375 -0.0546798706054687 -0.04559326171875
-0.071014404296875 0.210342407226563 0.16351318359375 0.1136474609375
0.036590576171875 0.205184936523438 0.138259887695313 0.198516845703125
0.105888366699219 0.112091064453125 0.200912475585938 0.141616821289063
0.135002136230469 0.0365066528320313 0.250198364257813 0.04364013671875
0.120040893554687 -0.0361328125 0.214889526367187 -0.0546417236328125
0.0826416015625 -0.114395141601563 0.152847290039063 -0.131591796875
0.0383987426757813 -0.130332946777344 0.0922012329101562 -0.103721618652344
0.0350418090820313 -0.110237121582031 0.0702247619628906 -0.0381278991699219
0.0402145385742188 -0.130287170410156 0.0655097961425781 0.0423774719238281
0.0849075317382813 -0.116996765136719 0.0269699096679688 0.1031494140625
0.126594543457031 -0.0568695068359375 -0.0634307861328125 0.125785827636719
0.14544677734375 0.0116424560546875 -0.142562866210938 0.0712127685546875
0.111091613769531 0.120208740234375 -0.169601440429687 -0.066925048828125
0.025299072265625 0.199172973632813 -0.0876541137695313 -0.069793701171875
-0.063812255859375 0.215301513671875 -0.080841064453125 0.0339813232421875
-0.107757568359375 0.162582397460937 0.1090087890625 0.193267822265625
-0.0333404541015625 0.19989013671875 0.0907135009765625 0.280242919921875
0.0613555908203125 0.155227661132812 0.1815185546875 0.204818725585938
0.129783630371094 0.0969390869140625 0.232498168945312 0.0954437255859375
0.144622802734375 0.0087432861328125 0.195770263671875 -0.0097503662109375
0.13165283203125 -0.0915451049804688 0.142868041992188 -0.080169677734375
0.0812454223632813 -0.126937866210938 0.0814590454101563 -0.04827880859375
0.0663375854492188 -0.106040954589844 0.0614662170410156 0.0118179321289062
0.0714111328125 -0.121002197265625 0.0595321655273438 0.0822219848632813
0.102729797363281 -0.10101318359375 0.0257034301757813 0.133193969726562
0.126335144042969 -0.03875732421875 -0.050567626953125 0.150726318359375
0.130714416503906 0.0239334106445312 -0.122718811035156 0.1011962890625
0.088836669921875 0.111053466796875 -0.15325927734375 -0.0115814208984375
0.00672912597656251 0.168121337890625 -0.0812835693359375 0.00286865234375
-0.07806396484375 0.174270629882813 -0.101005554199219 0.1026611328125
-0.113273620605469 0.084014892578125 0.0489501953125 0.245437622070313
-0.0812225341796875 0.140884399414063 0.03106689453125 0.330902099609375
0.00311279296875001 0.144851684570312 0.14453125 0.246414184570313
0.0824050903320313 0.123222351074219 0.194244384765625 0.128326416015625
0.12591552734375 0.0518112182617188 0.156326293945313 0.02178955078125
0.146072387695313 -0.04669189453125 0.10986328125 -0.0308303833007813
0.107177734375 -0.0974044799804688 0.0560111999511719 0.00527954101562499
0.0860671997070313 -0.0862045288085938 0.043609619140625 0.0602684020996094
0.0932235717773438 -0.0991897583007813 0.0451812744140625 0.118522644042969
0.117073059082031 -0.0742645263671875 0.0146484375 0.156982421875
0.123008728027344 -0.0135116577148438 -0.048492431640625 0.162216186523437
0.112495422363281 0.0475616455078125 -0.108116149902344 0.111114501953125
0.0499191284179688 0.112396240234375 -0.130836486816406 0.0205612182617188
-0.0337905883789062 0.1318359375 -0.0717086791992188 0.0514755249023438
-0.102622985839844 0.112113952636719 -0.120315551757812 0.150604248046875
-0.0875701904296875 -0.00913238525390624 0.00202941894531247 0.259475708007813
-0.0915145874023438 0.0492019653320313 -0.0157470703125 0.34466552734375
-0.0423660278320313 0.0845108032226563 0.110580444335938 0.259963989257812
0.0146102905273437 0.106040954589844 0.155303955078125 0.134078979492188
0.0717620849609375 0.0743484497070312 0.114433288574219 0.0304107666015625
0.125030517578125 0.0068511962890625 0.0660018920898438 0.00058746337890625
0.113204956054688 -0.0509490966796875 0.0218849182128906 0.0462532043457031
0.092803955078125 -0.0530853271484375 0.0188064575195312 0.1015625
0.102439880371094 -0.0659027099609375 0.022491455078125 0.151138305664063
0.121742248535156 -0.0403518676757813 -0.00942993164062498 0.17626953125
0.116188049316406 0.015380859375 -0.063568115234375 0.1656494140625
0.090728759765625 0.0735092163085938 -0.108840942382812 0.108329772949219
0.00644683837890624 0.117012023925781 -0.120353698730469 0.0322799682617188
-0.0809707641601562 0.092620849609375 -0.07623291015625 0.0750198364257813
-0.127426147460938 0.0371017456054687 -0.146896362304688 0.17108154296875
-0.04534912109375 -0.0980453491210938 -0.0158538818359375 0.240997314453125
-0.0724716186523438 -0.048492431640625 -0.02886962890625 0.324493408203125
-0.0654373168945313 0.000381469726562497 0.099151611328125 0.2471923828125
-0.0502662658691406 0.0572395324707031 0.136344909667969 0.117591857910156
0.00432586669921876 0.077301025390625 0.0860443115234375 0.015777587890625
0.077301025390625 0.0546112060546875 0.0244560241699219 0.00950241088867188
0.0996551513671875 0.00485992431640625 -0.0138702392578125 0.0679893493652344
0.08563232421875 -0.0114593505859375 -0.00971221923828123 0.128120422363281
0.0958480834960938 -0.024139404296875 -0.00666809082031248 0.175628662109375
0.110725402832031 -0.00209808349609375 -0.0428466796875 0.190322875976563
0.09686279296875 0.0421905517578125 -0.0908966064453125 0.165985107421875
0.0613479614257813 0.0913619995117188 -0.125030517578125 0.0994949340820313
-0.036529541015625 0.11163330078125 -0.126899719238281 0.0299148559570312
-0.118675231933594 0.0450592041015625 -0.0978469848632813 0.0762252807617188
-0.139114379882813 -0.0424270629882813 -0.179183959960937 0.16180419921875
0.107444763183594 0.119651794433594 0.180923461914063 -0.153396606445313
0.162918090820312 -0.01806640625 0.134910583496094 -0.0511703491210938
0.0564956665039062 -0.116531372070312 0.137123107910156 -0.0336380004882813
-0.0347213745117187 -0.102767944335938 0.164581298828125 -0.097747802734375
-0.075347900390625 -0.056671142578125 0.126434326171875 -0.167938232421875
-0.1116943359375 -0.0141067504882812 0.047943115234375 -0.208480834960938
-0.0974578857421875 0.00188446044921874 0.013336181640625 -0.194869995117188
-0.0871200561523438 -0.0118408203125 0.0186920166015625 -0.138191223144531
-0.102943420410156 -0.048248291015625 0.0317192077636719 -0.0681343078613281
-0.045257568359375 -0.09686279296875 0.00931930541992187 -0.00950336456298829
0.0427474975585937 -0.100982666015625 -0.0778961181640625 0.0121917724609375
0.0970535278320313 -0.052825927734375 -0.1368408203125 -0.0648956298828125
0.116043090820312 0.0622024536132812 -0.112503051757812 -0.24029541015625
0.0798492431640625 0.151504516601563 -0.024566650390625 -0.30218505859375
0.0156402587890625 0.176071166992188 0.00207519531250001 -0.198318481445312
0.0666656494140625 0.185317993164063 0.213119506835938 -0.093414306640625
0.160400390625 0.06573486328125 0.166763305664063 -0.0010528564453125
0.0965042114257813 -0.0593185424804688 0.173095703125 -0.00274658203125
0.0277786254882813 -0.08251953125 0.205810546875 -0.0739898681640625
-0.0174713134765625 -0.07196044921875 0.169479370117188 -0.155685424804688
-0.06512451171875 -0.0663414001464844 0.0910186767578125 -0.213577270507813
-0.0669517517089844 -0.0558509826660156 0.0487518310546875 -0.196868896484375
-0.0548858642578125 -0.058929443359375 0.04644775390625 -0.132568359375
-0.060638427734375 -0.0940017700195312 0.0580062866210937 -0.0504913330078125
0.00587463378906251 -0.120506286621094 0.0317897796630859 0.0208053588867187
0.0908966064453125 -0.0931549072265625 -0.0670127868652344 0.0543251037597656
0.138442993164062 -0.0240020751953125 -0.143936157226563 -0.0109405517578125
0.126289367675781 0.110321044921875 -0.150543212890625 -0.184951782226562
0.0598602294921875 0.209304809570312 -0.0588226318359375 -0.2352294921875
-0.0144500732421875 0.231658935546875 -0.0193023681640625 -0.126411437988281
0.006500244140625 0.227752685546875 0.223297119140625 -0.00619506835937499
0.122711181640625 0.1519775390625 0.1865234375 0.0791778564453125
0.121879577636719 0.0224609375 0.206710815429688 0.049041748046875
0.0945053100585937 -0.0365066528320312 0.244003295898438 -0.0362091064453125
0.0545272827148437 -0.0712051391601563 0.2047119140625 -0.127593994140625
0.0013580322265625 -0.107429504394531 0.127334594726563 -0.198196411132812
-0.0233230590820312 -0.106437683105469 0.074951171875 -0.173416137695313
-0.01385498046875 -0.096435546875 0.0660247802734375 -0.105148315429688
-0.0139923095703125 -0.125099182128906 0.074951171875 -0.0190505981445313
0.0460052490234375 -0.131759643554688 0.0457992553710938 0.0558433532714844
0.117935180664063 -0.084259033203125 -0.0528182983398437 0.0970611572265625
0.157867431640625 -0.0107574462890625 -0.140777587890625 0.0464019775390625
0.135025024414063 0.124351501464844 -0.175811767578125 -0.112579345703125
0.0553131103515625 0.227508544921875 -0.0848388671875 -0.14910888671875
-0.032135009765625 0.253372192382813 -0.0445709228515625 -0.040191650390625
-0.058990478515625 0.230148315429688 0.202102661132813 0.095062255859375
0.054443359375 0.211883544921875 0.177474975585937 0.178619384765625
0.115966796875 0.107536315917969 0.222976684570313 0.115325927734375
0.142318725585938 0.029754638671875 0.262176513671875 0.0146942138671875
0.121070861816406 -0.0464935302734375 0.217575073242188 -0.08416748046875
0.0746612548828125 -0.124763488769531 0.14630126953125 -0.159194946289063
0.0272750854492188 -0.139045715332031 0.0880126953125 -0.127769470214844
0.0276565551757813 -0.118186950683594 0.0732192993164063 -0.0602188110351563
0.0302352905273438 -0.139175415039062 0.081146240234375 0.021148681640625
0.0777664184570313 -0.131553649902344 0.0538864135742188 0.0900650024414062
0.129302978515625 -0.0721282958984375 -0.0344314575195313 0.131889343261719
0.157196044921875 -0.001373291015625 -0.122673034667969 0.092803955078125
0.12994384765625 0.119270324707031 -0.172515869140625 -0.041229248046875
0.045928955078125 0.215911865234375 -0.0870361328125 -0.0592193603515625
-0.047332763671875 0.241256713867187 -0.0639419555664062 0.0469741821289063
-0.110580444335938 0.185409545898438 0.152236938476563 0.188674926757813
-0.0250396728515625 0.21820068359375 0.137847900390625 0.273147583007812
0.073455810546875 0.1629638671875 0.21295166015625 0.1832275390625
0.145919799804688 0.095855712890625 0.250717163085938 0.068328857421875
0.156326293945313 -0.0012359619140625 0.20196533203125 -0.03619384765625
0.132209777832031 -0.110336303710938 0.140289306640625 -0.105117797851563
0.0754241943359375 -0.144683837890625 0.081512451171875 -0.06756591796875
0.0637664794921875 -0.121360778808594 0.0680427551269531 -0.00574493408203126
0.068267822265625 -0.137229919433594 0.0762939453125 0.0639266967773437
0.10382080078125 -0.118576049804688 0.0526199340820313 0.120590209960938
0.135368347167969 -0.0517654418945312 -0.021881103515625 0.153045654296875
0.145919799804688 0.0171051025390625 -0.0999069213867187 0.117362976074219
0.10400390625 0.116645812988281 -0.146804809570313 0.010345458984375
0.016693115234375 0.187515258789063 -0.0712890625 0.0150146484375
-0.073974609375 0.201187133789063 -0.0801620483398438 0.121177673339844
-0.130348205566406 0.102859497070313 0.089935302734375 0.25360107421875
-0.087371826171875 0.164703369140625 0.080169677734375 0.337158203125
0.00881958007812499 0.161773681640625 0.18115234375 0.2314453125
0.101600646972656 0.133430480957031 0.213882446289063 0.105422973632813
0.145797729492188 0.046630859375 0.16265869140625 0.000640869140625003
0.157943725585938 -0.0663909912109375 0.109115600585938 -0.0494842529296875
0.109413146972656 -0.1212158203125 0.05975341796875 -0.00559997558593751
0.0880279541015625 -0.106277465820312 0.0530662536621094 0.0502738952636719
0.0952072143554688 -0.120201110839844 0.0621719360351563 0.106475830078125
0.124824523925781 -0.096099853515625 0.0391387939453125 0.147628784179688
0.13824462890625 -0.0260391235351563 -0.0230560302734375 0.163070678710938
0.132469177246094 0.0450820922851563 -0.0865707397460937 0.123207092285156
0.06439208984375 0.125091552734375 -0.119667053222656 0.0382843017578125
-0.031768798828125 0.156356811523438 -0.0570106506347656 0.0651779174804688
-0.11004638671875 0.139633178710937 -0.100494384765625 0.173919677734375
-0.11590576171875 -0.000465393066406273 0.0357666015625 0.276702880859375
-0.111778259277344 0.0675888061523437 0.030181884765625 0.35955810546875
-0.0475540161132812 0.104255676269531 0.14794921875 0.249053955078125
0.0274734497070312 0.124244689941406 0.173660278320312 0.115219116210937
0.0939102172851563 0.0792083740234375 0.116622924804688 0.0143890380859375
0.144332885742188 -0.009521484375 0.0641746520996094 -0.00876617431640625
0.122734069824219 -0.0750732421875 0.0261573791503906 0.0445823669433594
0.0992813110351563 -0.0748519897460938 0.0306549072265625 0.0987777709960938
0.108573913574219 -0.0892486572265625 0.0398712158203125 0.146270751953125
0.134246826171875 -0.0634765625 0.0125732421875 0.172500610351563
0.135414123535156 0.0034942626953125 -0.0413360595703125 0.16937255859375
0.114830017089844 0.0730819702148437 -0.0905075073242188 0.119377136230469
0.0206527709960937 0.135528564453125 -0.108863830566406 0.0485458374023438
-0.0859603881835938 0.12054443359375 -0.062255859375 0.092498779296875
-0.146713256835938 0.06390380859375 -0.132949829101563 0.199661254882812
-0.079254150390625 -0.101676940917969 0.00654602050781247 0.25958251953125
-0.102569580078125 -0.0410995483398438 0.010467529296875 0.341888427734375
-0.0819549560546875 0.0172805786132813 0.1331787109375 0.236923217773438
-0.046661376953125 0.0803985595703125 0.149261474609375 0.0980377197265625
0.0235137939453125 0.0897979736328125 0.0811767578125 0.003997802734375
0.102043151855469 0.04541015625 0.0195026397705078 0.00785636901855469
0.114280700683594 -0.0168304443359375 -0.01123046875 0.0760269165039062
0.0958099365234375 -0.0322494506835938 0.00218963623046874 0.134597778320312
0.106544494628906 -0.0468368530273438 0.010833740234375 0.179946899414063
0.126785278320313 -0.0240402221679688 -0.02374267578125 0.19366455078125
0.117805480957031 0.0309524536132813 -0.07305908203125 0.174514770507813
0.0871810913085938 0.0923995971679688 -0.111038208007813 0.112876892089844
-0.0229415893554688 0.133583068847656 -0.118049621582031 0.0467605590820313
-0.128311157226563 0.0739974975585937 -0.0885467529296875 0.0994796752929687
-0.167770385742188 -0.0197906494140625 -0.174819946289063 0.195175170898437
0.130882263183594 0.102951049804688 0.177352905273438 -0.184799194335938
0.16497802734375 -0.04901123046875 0.129707336425781 -0.0761337280273438
0.037384033203125 -0.130485534667969 0.128822326660156 -0.0459671020507813
-0.0539474487304688 -0.0996322631835938 0.154769897460938 -0.1070556640625
-0.0891265869140625 -0.0439529418945312 0.11529541015625 -0.1767578125
-0.119308471679688 0.00833129882812499 0.0357208251953125 -0.212997436523437
-0.0992660522460937 0.0223236083984375 -0.000579833984375016 -0.203338623046875
-0.0912704467773438 0.00630950927734377 0.009124755859375 -0.149581909179688
-0.1156005859375 -0.0267791748046875 0.0313034057617187 -0.0832061767578125
-0.0669097900390625 -0.089202880859375 0.0185546875 -0.0191059112548828
0.0230484008789063 -0.113006591796875 -0.0634841918945313 0.0185699462890625
0.0897903442382813 -0.0738983154296875 -0.132331848144531 -0.0472488403320313
0.133895874023438 0.0435256958007813 -0.133758544921875 -0.2227783203125
0.113052368164063 0.144683837890625 -0.0513916015625 -0.3048095703125
0.0511932373046875 0.1806640625 -0.00502014160156247 -0.209121704101563
0.090301513671875 0.1787109375 0.219833374023438 -0.128616333007813
0.1680908203125 0.042083740234375 0.169937133789062 -0.03143310546875
0.08477783203125 -0.0723876953125 0.168609619140625 -0.020721435546875
0.0131683349609375 -0.0838851928710938 0.199615478515625 -0.08941650390625
-0.0293350219726562 -0.0649986267089844 0.15972900390625 -0.171737670898438
-0.07440185546875 -0.050323486328125 0.0780487060546875 -0.22589111328125
-0.0728912353515625 -0.0418243408203125 0.034942626953125 -0.2122802734375
-0.0604515075683594 -0.0474205017089844 0.0378265380859375 -0.15069580078125
-0.0736541748046875 -0.0804595947265625 0.0604476928710937 -0.0718231201171875
-0.0129547119140625 -0.119224548339844 0.0458145141601563 0.00461959838867187
0.0784530639648438 -0.106971740722656 -0.0455474853515625 0.0569686889648438
0.13726806640625 -0.0439910888671875 -0.130455017089844 0.00624084472656252
0.146621704101563 0.0967559814453125 -0.162765502929688 -0.162734985351562
0.0938568115234375 0.210281372070313 -0.075775146484375 -0.233840942382813
0.0195465087890625 0.243743896484375 -0.0159835815429687 -0.132850646972656
0.0267181396484375 0.232162475585937 0.241165161132813 -0.0400848388671875
0.135017395019531 0.139839172363281 0.199005126953125 0.0477142333984375
0.119346618652344 0.0128402709960938 0.207839965820313 0.0262908935546875
0.0892715454101563 -0.0409774780273438 0.242050170898438 -0.0575408935546875
0.0474319458007813 -0.0714797973632813 0.197113037109375 -0.148757934570313
-0.00886535644531249 -0.101943969726563 0.114151000976563 -0.216506958007812
-0.0313644409179688 -0.102012634277344 0.0635223388671875 -0.193084716796875
-0.0204238891601562 -0.0931549072265625 0.0595016479492188 -0.126655578613281
-0.0250778198242187 -0.121002197265625 0.0794525146484375 -0.0427627563476563
0.03338623046875 -0.136482238769531 0.0637283325195313 0.03656005859375
0.111793518066406 -0.0986709594726563 -0.0272216796875 0.095611572265625
0.160858154296875 -0.0279541015625 -0.120071411132813 0.0608139038085938
0.153900146484375 0.115768432617187 -0.177352905273438 -0.0889892578124999
0.0831451416015625 0.233642578125 -0.090240478515625 -0.143585205078125
-0.00457763671875002 0.270553588867187 -0.0313873291015625 -0.0410308837890625
-0.04766845703125 0.245895385742188 0.231246948242188 0.0680694580078125
0.068450927734375 0.215225219726563 0.202972412109375 0.149978637695313
0.1219482421875 0.105796813964844 0.232696533203125 0.08935546875
0.14788818359375 0.02398681640625 0.26556396484375 -0.00946044921875
0.120620727539063 -0.0531387329101563 0.213653564453125 -0.108383178710938
0.0667266845703125 -0.130783081054688 0.134811401367188 -0.180572509765625
0.0192718505859375 -0.144668579101563 0.07940673828125 -0.147796630859375
0.0221023559570313 -0.124351501464844 0.0693740844726563 -0.0816574096679688
0.022125244140625 -0.1453857421875 0.0875015258789063 -0.00303649902343751
0.0709228515625 -0.141815185546875 0.0723114013671875 0.0688858032226562
0.130859375 -0.0853424072265625 -0.00860595703125001 0.125679016113281
0.165634155273438 -0.0136871337890625 -0.0985107421875 0.101821899414063
0.145095825195313 0.116607666015625 -0.164947509765625 -0.02264404296875
0.0660400390625 0.227569580078125 -0.0807952880859375 -0.053436279296875
-0.028839111328125 0.263092041015625 -0.0441551208496094 0.0504150390625
-0.111068725585938 0.208251953125 0.1866455078125 0.172653198242188
-0.016143798828125 0.235397338867188 0.173660278320313 0.252761840820313
0.0831146240234375 0.170806884765625 0.229766845703125 0.157943725585938
0.161468505859375 0.0943756103515625 0.257980346679687 0.044464111328125
0.165969848632812 -0.01116943359375 0.200820922851563 -0.0588836669921875
0.131217956542969 -0.125808715820313 0.132438659667969 -0.125236511230469
0.0682525634765625 -0.1597900390625 0.0777130126953125 -0.0842742919921875
0.0599594116210938 -0.134880065917969 0.0683403015136719 -0.0235404968261719
0.0630645751953125 -0.152297973632813 0.0840072631835938 0.0428619384765625
0.102371215820313 -0.135856628417969 0.0688323974609375 0.100906372070312
0.143096923828125 -0.065338134765625 0.00166320800781252 0.143753051757813
0.160003662109375 0.00897216796875 -0.0758285522460937 0.121246337890625
0.118598937988281 0.121101379394531 -0.133895874023438 0.0234527587890625
0.0295562744140625 0.204635620117188 -0.0576972961425781 0.0198745727539063
-0.064910888671875 0.2257080078125 -0.057342529296875 0.129501342773438
-0.143142700195312 0.12603759765625 0.124771118164062 0.249588012695313
-0.0895538330078125 0.189010620117188 0.121063232421875 0.328887939453125
0.0167388916015625 0.178497314453125 0.20428466796875 0.21026611328125
0.120529174804688 0.139686584472656 0.223403930664063 0.0840606689453125
0.1632080078125 0.0390625 0.161148071289063 -0.016571044921875
0.164520263671875 -0.0875091552734375 0.104049682617188 -0.064361572265625
0.105789184570313 -0.143173217773438 0.0591316223144531 -0.0160255432128906
0.0858612060546875 -0.125389099121094 0.0575141906738281 0.03790283203125
0.092254638671875 -0.141403198242188 0.0714340209960938 0.0919036865234375
0.127426147460938 -0.117317199707031 0.05389404296875 0.131629943847656
0.151168823242188 -0.04046630859375 -0.00411987304687501 0.15460205078125
0.1513671875 0.03912353515625 -0.0667343139648438 0.1239013671875
0.0792922973632813 0.134925842285156 -0.106010437011719 0.0464248657226563
-0.0255584716796875 0.179443359375 -0.0402946472167969 0.0702476501464844
-0.111892700195313 0.168212890625 -0.0775146484375 0.18743896484375
-0.140174865722656 0.0175094604492188 0.06561279296875 0.28289794921875
-0.126235961914063 0.092254638671875 0.069671630859375 0.360198974609375
-0.0480194091796875 0.126419067382813 0.171890258789063 0.230972290039063
0.0451126098632812 0.139610290527344 0.180709838867188 0.0972442626953125
0.116058349609375 0.078399658203125 0.113029479980469 0.00317382812500001
0.159652709960938 -0.0296478271484375 0.0603866577148438 -0.0154037475585938
0.124404907226563 -0.100212097167969 0.0289154052734375 0.0435829162597656
0.0999908447265625 -0.09674072265625 0.0377731323242188 0.09466552734375
0.109481811523438 -0.113143920898438 0.0505752563476563 0.138259887695313
0.140167236328125 -0.0891265869140625 0.025848388671875 0.163162231445313
0.150299072265625 -0.0124359130859375 -0.0254669189453125 0.164871215820313
0.13726806640625 0.0672149658203125 -0.07379150390625 0.120689392089844
0.0382843017578125 0.14971923828125 -0.0943069458007813 0.0540313720703125
-0.08343505859375 0.148605346679688 -0.0445022583007813 0.102012634277344
-0.157501220703125 0.0947723388671875 -0.114044189453125 0.220062255859375
-0.110366821289062 -0.0936660766601562 0.0269317626953125 0.270919799804688
-0.127967834472656 -0.023162841796875 0.04315185546875 0.34637451171875
-0.0921554565429688 0.0377349853515625 0.155197143554688 0.219436645507812
-0.0363006591796875 0.101470947265625 0.150588989257813 0.0803070068359375
0.0453338623046875 0.0953521728515625 0.072113037109375 -0.00226593017578124
0.123001098632813 0.0300216674804687 0.0134696960449219 0.00973320007324219
0.121665954589844 -0.0410995483398438 -0.00804901123046875 0.0837783813476562
0.0988693237304688 -0.05255126953125 0.0131454467773438 0.139152526855469
0.109962463378906 -0.0696258544921875 0.02392578125 0.180694580078125
0.134117126464844 -0.0483779907226563 -0.01055908203125 0.193008422851563
0.133636474609375 0.01544189453125 -0.0589141845703125 0.1754150390625
0.109580993652344 0.08782958984375 -0.098114013671875 0.117027282714844
-0.00538635253906251 0.148406982421875 -0.104934692382813 0.0554046630859375
-0.130523681640625 0.103240966796875 -0.0734710693359375 0.114921569824219
-0.186065673828125 0.00917053222656249 -0.164031982421875 0.221389770507813
0.147842407226563 0.08544921875 0.172409057617188 -0.21282958984375
0.16162109375 -0.073974609375 0.119949340820313 -0.0969467163085938
0.0198593139648437 -0.13848876953125 0.121185302734375 -0.0527496337890625
-0.0705184936523437 -0.09515380859375 0.150253295898438 -0.112319946289063
-0.0998458862304688 -0.0315780639648437 0.109573364257813 -0.182708740234375
-0.121467590332031 0.0297088623046875 0.02886962890625 -0.219024658203125
-0.0970077514648437 0.0405197143554687 -0.0108184814453125 -0.21221923828125
-0.0909347534179688 0.0222549438476563 0.000503540039062491 -0.161605834960937
-0.121925354003906 -0.00586700439453127 0.0286636352539062 -0.0979461669921875
-0.084014892578125 -0.0786285400390625 0.0252227783203125 -0.0320682525634766
0.00392913818359374 -0.119163513183594 -0.05029296875 0.0178375244140625
0.0807647705078125 -0.0907440185546875 -0.123939514160156 -0.0376739501953125
0.14691162109375 0.0241241455078125 -0.143646240234375 -0.208938598632812
0.141830444335938 0.133377075195313 -0.0698852539062499 -0.306549072265625
0.0815582275390625 0.1783447265625 -0.00968933105468749 -0.223175048828125
0.1072998046875 0.17169189453125 0.223251342773437 -0.160812377929687
0.171478271484375 0.023895263671875 0.16558837890625 -0.0563812255859375
0.0722732543945313 -0.0802764892578125 0.162673950195313 -0.0309295654296875
0.00244903564453125 -0.0810928344726563 0.197006225585938 -0.0995330810546875
-0.03680419921875 -0.0572395324707031 0.15411376953125 -0.183212280273438
-0.0783843994140625 -0.035400390625 0.06884765625 -0.2373046875
-0.0737075805664062 -0.0304946899414063 0.0228118896484375 -0.226882934570313
-0.0618324279785156 -0.0379791259765625 0.0278167724609375 -0.168212890625
-0.080841064453125 -0.0683746337890625 0.0589523315429687 -0.0929794311523437
-0.0267715454101563 -0.115158081054688 0.0551910400390625 -0.0143814086914063
0.065765380859375 -0.116226196289063 -0.0273208618164062 0.0522918701171875
0.133987426757813 -0.0603179931640625 -0.115478515625 0.0139923095703125
0.1617431640625 0.08349609375 -0.165618896484375 -0.147689819335938
0.12225341796875 0.207290649414063 -0.085418701171875 -0.2347412109375
0.0480194091796875 0.250778198242188 -0.0120391845703125 -0.143951416015625
0.040802001953125 0.237533569335938 0.254302978515625 -0.0732879638671875
0.143630981445313 0.132705688476563 0.204360961914063 0.020904541015625
0.11529541015625 0.00864410400390625 0.20623779296875 0.0101318359375
0.0861663818359375 -0.0419769287109375 0.241455078125 -0.0717926025390625
0.04296875 -0.0702972412109375 0.192718505859375 -0.165695190429688
-0.0137481689453125 -0.0966873168945313 0.103973388671875 -0.23297119140625
-0.0355758666992188 -0.0991592407226563 0.0526275634765625 -0.210830688476563
-0.0235366821289063 -0.091094970703125 0.050079345703125 -0.146820068359375
-0.0321044921875 -0.118507385253906 0.0793228149414063 -0.066253662109375
0.0246353149414062 -0.14007568359375 0.0737762451171875 0.0140762329101562
0.106605529785156 -0.109390258789062 -0.00742340087890624 0.0867462158203125
0.163848876953125 -0.0414886474609375 -0.101097106933594 0.0652313232421875
0.1689453125 0.108917236328125 -0.172897338867188 -0.0756072998046875
0.10845947265625 0.238601684570313 -0.0913543701171875 -0.14385986328125
0.019439697265625 0.284759521484375 -0.0198211669921875 -0.0489501953125
-0.03912353515625 0.262451171875 0.252410888671875 0.0414581298828125
0.079437255859375 0.220718383789063 0.218338012695312 0.12481689453125
0.1268310546875 0.107261657714844 0.236419677734375 0.0714874267578125
0.154571533203125 0.021759033203125 0.267654418945313 -0.0264129638671875
0.124114990234375 -0.0589141845703125 0.210693359375 -0.126571655273438
0.0628204345703125 -0.13629150390625 0.124847412109375 -0.199081420898437
0.0131378173828125 -0.15045166015625 0.0703887939453125 -0.166427612304688
0.0185623168945312 -0.130752563476563 0.0620651245117187 -0.10089111328125
0.01641845703125 -0.152191162109375 0.0870513916015625 -0.0252838134765625
0.06695556640625 -0.15203857421875 0.08135986328125 0.0460586547851562
0.133682250976562 -0.0964736938476563 0.00926208496093751 0.113822937011719
0.174591064453125 -0.023956298828125 -0.0779495239257812 0.101615905761719
0.160308837890625 0.11614990234375 -0.155776977539063 -0.013275146484375
0.08526611328125 0.238479614257813 -0.0736465454101563 -0.0552597045898437
-0.01190185546875 0.282470703125 -0.0262947082519531 0.047393798828125
-0.110488891601563 0.232421875 0.214065551757813 0.155776977539063
-0.00765991210937498 0.254348754882813 0.196945190429688 0.233123779296875
0.0941162109375 0.180908203125 0.239013671875 0.138870239257813
0.176925659179688 0.09429931640625 0.262237548828125 0.026519775390625
0.177200317382813 -0.019683837890625 0.199050903320312 -0.074737548828125
0.130294799804688 -0.140357971191406 0.124114990234375 -0.141433715820313
0.0621795654296875 -0.174667358398438 0.0717391967773437 -0.098358154296875
0.0560150146484375 -0.149215698242188 0.0648880004882813 -0.0393180847167969
0.0585479736328125 -0.167572021484375 0.0850372314453125 0.024871826171875
0.102935791015625 -0.152481079101563 0.0769195556640625 0.0809173583984375
0.151153564453125 -0.0790863037109375 0.0157470703125 0.131149291992188
0.1746826171875 9.1552734375E-05 -0.0579147338867187 0.117904663085938
0.133590698242188 0.126296997070313 -0.12225341796875 0.0272750854492187
0.0423736572265625 0.223236083984375 -0.0448341369628906 0.0182151794433594
-0.0563201904296875 0.250900268554688 -0.0370864868164062 0.131912231445313
-0.154571533203125 0.1531982421875 0.153427124023438 0.244277954101562
-0.0895843505859375 0.214675903320313 0.148651123046875 0.31903076171875
0.0250091552734375 0.197418212890625 0.216964721679688 0.192596435546875
0.141677856445313 0.145736694335938 0.227081298828125 0.0694122314453125
0.179916381835937 0.0311431884765625 0.159072875976563 -0.0284881591796875
0.171096801757813 -0.108169555664063 0.0984115600585938 -0.075531005859375
0.102066040039062 -0.164154052734375 0.0579071044921875 -0.0250015258789063
0.08367919921875 -0.14373779296875 0.0571861267089844 0.0283775329589844
0.089996337890625 -0.16192626953125 0.0738143920898438 0.0791549682617187
0.129241943359375 -0.13970947265625 0.0597381591796875 0.117477416992187
0.163360595703125 -0.0561370849609375 0.00692749023437501 0.1446533203125
0.17041015625 0.031494140625 -0.0527267456054687 0.119674682617188
0.0966339111328125 0.145111083984375 -0.0929183959960938 0.0462722778320312
-0.016448974609375 0.2041015625 -0.0247344970703125 0.07061767578125
-0.111068725585938 0.1971435546875 -0.0586090087890625 0.195587158203125
-0.160842895507813 0.039947509765625 0.091064453125 0.2886962890625
-0.136039733886719 0.119621276855469 0.098663330078125 0.358123779296875
-0.04632568359375 0.148239135742188 0.185577392578125 0.2159423828125
0.0635528564453125 0.15289306640625 0.183670043945313 0.08544921875
0.137115478515625 0.073822021484375 0.109306335449219 -0.00284576416015625
0.170684814453125 -0.0513916015625 0.0558624267578125 -0.0196495056152344
0.122978210449219 -0.124763488769531 0.0305404663085938 0.0428848266601562
0.0983047485351563 -0.117073059082031 0.0425567626953125 0.09112548828125
0.106895446777344 -0.137199401855469 0.0563278198242187 0.133949279785156
0.143020629882813 -0.112533569335937 0.0322418212890625 0.155899047851563
0.163604736328125 -0.0294036865234375 -0.0178985595703125 0.159393310546875
0.158050537109375 0.0586395263671875 -0.0642242431640625 0.118194580078125
0.0562591552734375 0.1624755859375 -0.084259033203125 0.0545501708984375
-0.077850341796875 0.176956176757813 -0.0290145874023438 0.106834411621094
-0.163833618164063 0.12506103515625 -0.0981903076171875 0.235305786132813
-0.13763427734375 -0.078765869140625 0.0443115234375 0.282745361328125
-0.146759033203125 -0.000885009765625005 0.068389892578125 0.349212646484375
-0.0990142822265625 0.0608901977539063 0.1678466796875 0.205184936523438
-0.023040771484375 0.118850708007812 0.14849853515625 0.0705413818359375
0.0663528442382813 0.0962295532226563 0.0641975402832031 -0.00365829467773437
0.138313293457031 0.0115509033203125 0.00900363922119141 0.0151815414428711
0.12493896484375 -0.0631179809570313 -0.00312042236328124 0.0925064086914063
0.0983200073242188 -0.0723724365234375 0.0211181640625 0.143829345703125
0.108291625976562 -0.0918960571289063 0.03216552734375 0.182708740234375
0.137153625488281 -0.0723876953125 -0.00341796874999998 0.192779541015625
0.1461181640625 -0.0005645751953125 -0.051971435546875 0.175704956054688
0.130088806152344 0.0799026489257813 -0.0914230346679687 0.117538452148437
0.01220703125 0.160903930664063 -0.0953903198242188 0.056915283203125
-0.127876281738281 0.131675720214844 -0.058990478515625 0.126312255859375
-0.199081420898437 0.0390777587890625 -0.15460205078125 0.245590209960938
0.162857055664063 0.0688629150390625 0.16705322265625 -0.243545532226563
0.157516479492188 -0.099517822265625 0.109474182128906 -0.115570068359375
0.00199890136718751 -0.146102905273438 0.11651611328125 -0.0563583374023438
-0.0873794555664063 -0.0900726318359375 0.151077270507813 -0.11865234375
-0.108627319335938 -0.0183792114257813 0.108810424804688 -0.193267822265625
-0.122123718261719 0.0511398315429688 0.0245208740234375 -0.231430053710938
-0.0926589965820312 0.0571441650390625 -0.0216064453125 -0.225921630859375
-0.0891876220703125 0.03765869140625 -0.010040283203125 -0.175567626953125
-0.125480651855469 0.014495849609375 0.02362060546875 -0.115859985351563
-0.0994720458984375 -0.0664901733398438 0.0279693603515625 -0.0483207702636719
-0.0146102905273437 -0.123931884765625 -0.0389747619628906 0.0123634338378906
0.0706939697265625 -0.105560302734375 -0.117240905761719 -0.034088134765625
0.15887451171875 0.0043487548828125 -0.152175903320312 -0.20343017578125
0.169403076171875 0.119049072265625 -0.087432861328125 -0.316680908203125
0.110794067382813 0.174728393554688 -0.0162811279296875 -0.243560791015625
0.123794555664063 0.16693115234375 0.224395751953125 -0.196792602539062
0.173583984375 0.007720947265625 0.161087036132813 -0.0795745849609375
0.0626220703125 -0.085296630859375 0.160369873046875 -0.0396728515625
-0.00669860839843749 -0.0789108276367188 0.199813842773438 -0.111175537109375
-0.0431251525878906 -0.0499687194824219 0.153488159179688 -0.199203491210938
-0.080352783203125 -0.0223312377929688 0.0618896484375 -0.255172729492188
-0.0732955932617188 -0.0219573974609375 0.009368896484375 -0.246719360351563
-0.0621070861816406 -0.0305633544921875 0.01446533203125 -0.186904907226563
-0.0858078002929688 -0.0563430786132812 0.0529251098632813 -0.114952087402344
-0.0384063720703125 -0.111373901367187 0.0601806640625 -0.0343666076660156
0.0550994873046875 -0.125236511230469 -0.0138893127441406 0.0428657531738281
0.131378173828125 -0.0749588012695313 -0.103492736816406 0.016082763671875
0.177658081054688 0.070709228515625 -0.168914794921875 -0.139602661132813
0.151504516601563 0.2039794921875 -0.096710205078125 -0.242233276367187
0.077545166015625 0.258041381835938 -0.0101470947265625 -0.162261962890625
0.05621337890625 0.246871948242187 0.2657470703125 -0.107498168945312
0.15386962890625 0.128570556640625 0.208084106445313 -0.00534057617187499
0.114791870117188 0.00759124755859375 0.20733642578125 -0.0019378662109375
0.0867767333984375 -0.043212890625 0.24700927734375 -0.08612060546875
0.0430564880371094 -0.0697288513183594 0.192947387695313 -0.184707641601563
-0.01666259765625 -0.0938491821289063 0.0954437255859375 -0.254486083984375
-0.0375213623046875 -0.0991439819335937 0.0393524169921875 -0.232925415039063
-0.0250396728515625 -0.0936431884765625 0.0371551513671875 -0.1668701171875
-0.0374069213867188 -0.118820190429687 0.0728836059570313 -0.0907363891601563
0.0167694091796875 -0.144943237304687 0.0790252685546875 -0.00887298583984376
0.1048583984375 -0.121345520019531 0.00721740722656251 0.0741043090820312
0.16900634765625 -0.0546875 -0.085205078125 0.064849853515625
0.186538696289062 0.10296630859375 -0.17083740234375 -0.0682830810546875
0.136184692382812 0.245849609375 -0.0946807861328125 -0.149978637695312
0.04461669921875 0.301361083984375 -0.0109443664550781 -0.0620269775390625
-0.0284423828125 0.285064697265625 0.272445678710938 0.012542724609375
0.0935211181640625 0.232147216796875 0.2310791015625 0.102310180664063
0.135475158691406 0.113510131835938 0.241668701171875 0.0581512451171875
0.166717529296875 0.0205078125 0.276092529296875 -0.0413055419921875
0.130661010742188 -0.0654525756835938 0.211044311523438 -0.146102905273438
0.060455322265625 -0.144699096679688 0.117630004882813 -0.220184326171875
0.00671386718749999 -0.16064453125 0.0601654052734375 -0.18707275390625
0.01470947265625 -0.141387939453125 0.0537796020507813 -0.119338989257813
0.0114593505859375 -0.163497924804688 0.083465576171875 -0.0468673706054688
0.063690185546875 -0.166152954101563 0.086029052734375 0.0244674682617187
0.138175964355469 -0.111709594726563 0.0223007202148438 0.100349426269531
0.186859130859375 -0.036102294921875 -0.0621185302734375 0.0980300903320313
0.178756713867188 0.116943359375 -0.149566650390625 -0.00860595703125001
0.108734130859375 0.2537841796875 -0.0698928833007813 -0.060333251953125
0.00753784179687498 0.306610107421875 -0.0124282836914062 0.0399551391601563
-0.109832763671875 0.263916015625 0.240463256835938 0.138809204101563
0.00431823730468749 0.279388427734375 0.218307495117188 0.218551635742188
0.107040405273438 0.196090698242188 0.248916625976562 0.126968383789063
0.198272705078125 0.095703125 0.271957397460938 0.014495849609375
0.191009521484375 -0.03033447265625 0.200973510742188 -0.0908660888671875
0.132293701171875 -0.15899658203125 0.117813110351563 -0.159561157226562
0.05560302734375 -0.192474365234375 0.0655746459960938 -0.115402221679688
0.0526275634765625 -0.16650390625 0.0588531494140625 -0.0525665283203125
0.053436279296875 -0.187515258789063 0.0830154418945313 0.00907135009765624
0.102066040039062 -0.172744750976563 0.0802459716796875 0.0636978149414062
0.16217041015625 -0.0963287353515625 0.0257644653320312 0.119407653808594
0.193328857421875 -0.0102691650390625 -0.04541015625 0.113006591796875
0.153945922851562 0.132827758789063 -0.115303039550781 0.0280914306640625
0.0614166259765625 0.246200561523438 -0.0353584289550781 0.0132217407226563
-0.0439910888671875 0.28057861328125 -0.0195770263671875 0.131851196289063
-0.163192749023437 0.186843872070313 0.182266235351563 0.240386962890625
-0.0860443115234375 0.248550415039063 0.17510986328125 0.314178466796875
0.0381927490234375 0.220672607421875 0.229080200195312 0.182113647460937
0.166061401367188 0.1533203125 0.236419677734375 0.0593719482421875
0.20013427734375 0.021697998046875 0.160964965820313 -0.0373382568359375
0.177078247070313 -0.132064819335938 0.093780517578125 -0.0868453979492188
0.0955352783203125 -0.188400268554688 0.0564651489257813 -0.0324325561523438
0.0789947509765625 -0.165863037109375 0.0557022094726563 0.0210762023925781
0.0851593017578125 -0.186614990234375 0.0747451782226563 0.0708084106445312
0.130218505859375 -0.165252685546875 0.0632781982421875 0.107421875
0.17626953125 -0.0755767822265625 0.0129241943359375 0.137458801269531
0.192214965820313 0.0200042724609375 -0.0440750122070312 0.115425109863281
0.116943359375 0.155929565429687 -0.0872421264648437 0.0444564819335938
-0.00202941894531247 0.231597900390625 -0.0123634338378906 0.0679397583007813
-0.105941772460938 0.230453491210938 -0.04150390625 0.204757690429688
-0.1800537109375 0.0673828125 0.11566162109375 0.29791259765625
-0.14385986328125 0.151824951171875 0.12408447265625 0.361541748046875
-0.0408782958984375 0.175216674804688 0.19927978515625 0.207748413085937
0.08697509765625 0.165847778320313 0.1885986328125 0.0783233642578125
0.160385131835938 0.068634033203125 0.107032775878906 -0.00699615478515625
0.182327270507813 -0.07684326171875 0.05279541015625 -0.0219268798828125
0.120315551757813 -0.1505126953125 0.0332756042480469 0.0437355041503906
0.0944595336914063 -0.139678955078125 0.04705810546875 0.0922775268554687
0.10260009765625 -0.162261962890625 0.0608291625976563 0.132774353027344
0.144241333007813 -0.139907836914063 0.0361328125 0.152847290039063
0.178314208984375 -0.048675537109375 -0.013824462890625 0.15740966796875
0.180862426757813 0.0489654541015625 -0.0594635009765625 0.1160888671875
0.077362060546875 0.174087524414063 -0.0778121948242188 0.0521163940429688
-0.067535400390625 0.208023071289063 -0.0143051147460938 0.108657836914063
-0.166763305664063 0.159896850585937 -0.0840911865234375 0.253311157226563
-0.162155151367188 -0.0621337890625 0.0636596679687499 0.299407958984375
-0.1640625 0.022979736328125 0.090911865234375 0.359039306640625
-0.103225708007813 0.0840072631835937 0.178314208984375 0.198043823242188
-0.00777435302734374 0.137039184570313 0.148239135742188 0.067291259765625
0.0874862670898438 0.0963668823242188 0.0587272644042969 -0.00103759765624999
0.152114868164063 -0.0091552734375 0.00530242919921876 0.0217685699462891
0.123703002929688 -0.0885238647460938 0.0018463134765625 0.102493286132812
0.09576416015625 -0.0930938720703125 0.0300445556640625 0.151519775390625
0.10443115234375 -0.114921569824219 0.0411376953125 0.188919067382813
0.138290405273438 -0.0960464477539063 0.00141906738281253 0.19854736328125
0.15966796875 -0.0181427001953125 -0.049774169921875 0.180709838867188
0.15093994140625 0.0709381103515625 -0.0879669189453125 0.119682312011719
0.03277587890625 0.172882080078125 -0.09033203125 0.0568008422851563
-0.122894287109375 0.160934448242188 -0.044525146484375 0.135986328125
-0.209243774414063 0.0692138671875 -0.14599609375 0.272491455078125
0.176895141601562 0.0504913330078125 0.155914306640625 -0.28143310546875
0.150192260742187 -0.127166748046875 0.0964279174804688 -0.134201049804688
-0.0173797607421875 -0.1534423828125 0.113479614257812 -0.0613327026367188
-0.104988098144531 -0.0828094482421875 0.153671264648438 -0.130752563476563
-0.117271423339844 -0.00344085693359377 0.10772705078125 -0.211395263671875
-0.119049072265625 0.0735702514648437 0.01531982421875 -0.25006103515625
-0.0868148803710938 0.074127197265625 -0.0394287109375 -0.244033813476563
-0.0856781005859375 0.05303955078125 -0.02630615234375 -0.192672729492188
-0.127044677734375 0.0368804931640625 0.01239013671875 -0.13616943359375
-0.114089965820313 -0.0518798828125 0.0264053344726562 -0.0668220520019531
-0.0358047485351563 -0.126838684082031 -0.0318813323974609 0.0039844512939453
0.0576629638671875 -0.121383666992188 -0.113800048828125 -0.0335311889648438
0.169189453125 -0.0200653076171875 -0.165390014648438 -0.201202392578125
0.198211669921875 0.09881591796875 -0.112640380859375 -0.330047607421875
0.142379760742188 0.16705322265625 -0.030975341796875 -0.26806640625
0.142898559570313 0.163726806640625 0.223068237304688 -0.2391357421875
0.177978515625 -0.010772705078125 0.153640747070313 -0.104354858398437
0.0532684326171875 -0.0902328491210937 0.160552978515625 -0.049285888671875
-0.0151443481445312 -0.07647705078125 0.204238891601562 -0.126846313476563
-0.0476875305175781 -0.0426025390625 0.151870727539063 -0.221694946289063
-0.0802459716796875 -0.00932312011718748 0.0496978759765625 -0.279876708984375
-0.0726242065429687 -0.0128707885742188 -0.0106048583984375 -0.270111083984375
-0.0627822875976563 -0.0247726440429688 -0.00431823730468752 -0.208511352539062
-0.0903854370117187 -0.0459976196289063 0.0408096313476562 -0.1395263671875
-0.0505828857421875 -0.108512878417969 0.0594406127929687 -0.0586395263671875
0.0422134399414063 -0.135185241699219 -0.00363349914550781 0.0307102203369141
0.12872314453125 -0.091949462890625 -0.0938491821289062 0.01519775390625
0.196044921875 0.054229736328125 -0.17645263671875 -0.135452270507812
0.18475341796875 0.1982421875 -0.114410400390625 -0.2529296875
0.111709594726562 0.26458740234375 -0.0147552490234375 -0.184844970703125
0.07647705078125 0.26007080078125 0.27410888671875 -0.149856567382812
0.168548583984375 0.1253662109375 0.209884643554688 -0.0317840576171875
0.118598937988281 0.006805419921875 0.210983276367188 -0.0151214599609375
0.0899887084960937 -0.0459671020507813 0.254837036132813 -0.1053466796875
0.0438995361328125 -0.0728530883789063 0.191421508789063 -0.210128784179688
-0.0195770263671875 -0.0932464599609375 0.0818328857421875 -0.280838012695313
-0.0437393188476563 -0.100975036621094 0.0194244384765625 -0.2584228515625
-0.02911376953125 -0.0979385375976563 0.0195159912109375 -0.189407348632813
-0.0453567504882813 -0.121086120605469 0.0620193481445313 -0.1158447265625
0.00762939453125 -0.153488159179687 0.0793685913085937 -0.0341567993164063
0.100914001464844 -0.136642456054688 0.0180091857910156 0.0602760314941406
0.17510986328125 -0.0721893310546875 -0.072967529296875 0.0616531372070313
0.208602905273437 0.09503173828125 -0.173065185546875 -0.0627593994140625
0.170074462890625 0.250961303710938 -0.104156494140625 -0.159149169921875
0.07763671875 0.319366455078125 -0.0062408447265625 -0.079376220703125
-0.01165771484375 0.31414794921875 0.29266357421875 -0.022491455078125
0.1153564453125 0.246002197265625 0.244140625 0.0783233642578125
0.151611328125 0.120758056640625 0.25128173828125 0.0424957275390625
0.183929443359375 0.0143280029296875 0.28680419921875 -0.062713623046875
0.139236450195313 -0.076507568359375 0.211959838867188 -0.171005249023438
0.0575408935546875 -0.158126831054688 0.10504150390625 -0.246185302734375
-0.00273132324218751 -0.173416137695312 0.04400634765625 -0.210891723632813
0.00788879394531252 -0.156509399414063 0.0389404296875 -0.139869689941406
0.001373291015625 -0.178817749023438 0.0751571655273438 -0.0698699951171875
0.0568389892578125 -0.185287475585938 0.0862884521484375 0.00188446044921874
0.142715454101563 -0.132217407226563 0.0320663452148438 0.0871810913085937
0.200759887695313 -0.053863525390625 -0.050048828125 0.0934982299804688
0.203857421875 0.115280151367188 -0.148208618164063 -0.00570678710937498
0.140838623046875 0.2689208984375 -0.0706329345703125 -0.0685653686523438
0.03582763671875 0.33404541015625 -0.000410079956054684 0.0304145812988281
-0.10137939453125 0.30242919921875 0.270797729492188 0.117721557617188
0.0244140625 0.309326171875 0.24334716796875 0.203872680664063
0.130477905273438 0.213623046875 0.264053344726563 0.1129150390625
0.227203369140625 0.092071533203125 0.2852783203125 -0.00390625
0.20928955078125 -0.0471343994140625 0.202774047851563 -0.110992431640625
0.131378173828125 -0.183914184570313 0.108383178710938 -0.181121826171875
0.0442962646484375 -0.21514892578125 0.0562667846679688 -0.132797241210937
0.0431060791015625 -0.18804931640625 0.0506134033203125 -0.0669746398925782
0.04266357421875 -0.211441040039063 0.0785675048828125 -0.00679779052734376
0.09735107421875 -0.200469970703125 0.0808944702148438 0.0468673706054687
0.172637939453125 -0.120986938476563 0.0325775146484375 0.109642028808594
0.213546752929688 -0.0275115966796875 -0.0355377197265625 0.107635498046875
0.180374145507813 0.138015747070313 -0.112411499023438 0.0277175903320312
0.0908966064453125 0.270126342773438 -0.0282135009765625 0.00569915771484377
-0.022430419921875 0.315521240234375 -0.0016632080078125 0.131629943847656
-0.165939331054688 0.228286743164063 0.2159423828125 0.235244750976563
-0.07275390625 0.287567138671875 0.206268310546875 0.311492919921875
0.059326171875 0.247329711914063 0.248764038085937 0.172897338867188
0.200027465820313 0.156280517578125 0.250946044921875 0.0480194091796875
0.225616455078125 0.00494384765625 0.163619995117188 -0.050445556640625
0.180999755859375 -0.1636962890625 0.0876083374023438 -0.0990142822265625
0.08514404296875 -0.2159423828125 0.0525703430175781 -0.0417098999023438
0.0701904296875 -0.190811157226563 0.0554924011230469 0.0146408081054687
0.0741119384765625 -0.216690063476563 0.0765228271484375 0.0636825561523437
0.125656127929687 -0.197509765625 0.0649642944335938 0.0989532470703125
0.19024658203125 -0.102752685546875 0.0170211791992188 0.13336181640625
0.217315673828125 0.0028839111328125 -0.038421630859375 0.112846374511719
0.145782470703125 0.164306640625 -0.0845184326171875 0.0419769287109375
0.0228729248046875 0.263198852539063 1.14440917968808E-05 0.0637855529785156
-0.0927734375 0.270751953125 -0.0218505859375 0.214691162109375
-0.193191528320313 0.102996826171875 0.1483154296875 0.307281494140625
-0.144561767578125 0.190383911132813 0.1578369140625 0.371185302734375
-0.0284271240234375 0.206085205078125 0.21783447265625 0.20208740234375
0.117172241210938 0.17828369140625 0.199005126953125 0.0724029541015625
0.187423706054688 0.056640625 0.108329772949219 -0.0098419189453125
0.190963745117188 -0.108078002929688 0.0496711730957031 -0.0238151550292969
0.11175537109375 -0.179794311523438 0.0362701416015625 0.0458030700683594
0.0863037109375 -0.165176391601563 0.0521469116210938 0.0938034057617187
0.09295654296875 -0.192123413085938 0.0680694580078125 0.134490966796875
0.141021728515625 -0.1719970703125 0.0399627685546875 0.154586791992188
0.192489624023437 -0.07525634765625 -0.0110015869140625 0.1610107421875
0.20648193359375 0.0322418212890625 -0.05657958984375 0.117591857910156
0.105575561523438 0.185592651367188 -0.0752716064453125 0.050262451171875
-0.049072265625 0.24237060546875 0.00113677978515625 0.109733581542969
-0.163742065429688 0.200836181640625 -0.065673828125 0.275665283203125
-0.186660766601563 -0.038818359375 0.089996337890625 0.319061279296875
-0.177764892578125 0.054290771484375 0.12030029296875 0.37152099609375
-0.102569580078125 0.112556457519531 0.194488525390625 0.192291259765625
0.0146636962890625 0.155364990234375 0.152252197265625 0.064697265625
0.112266540527344 0.0925216674804688 0.0555000305175781 0.00275421142578126
0.163543701171875 -0.0355072021484375 0.00421524047851564 0.0311946868896484
0.118804931640625 -0.114692687988281 0.0118179321289062 0.114463806152344
0.0898513793945313 -0.1146240234375 0.0430145263671875 0.160919189453125
0.0973358154296875 -0.1409912109375 0.05419921875 0.198837280273438
0.136009216308594 -0.1256103515625 0.00924682617187499 0.209197998046875
0.171920776367188 -0.0416107177734375 -0.0463409423828125 0.190017700195313
0.174346923828125 0.0568695068359375 -0.0877914428710938 0.125480651855469
0.0576171875 0.18487548828125 -0.0876007080078125 0.0584564208984375
-0.112380981445312 0.195114135742188 -0.027374267578125 0.146224975585938
-0.215103149414062 0.105911254882813 -0.13031005859375 0.305999755859375
0.19091796875 0.026611328125 0.130218505859375 -0.3232421875
0.13482666015625 -0.156356811523438 0.07684326171875 -0.153182983398438
-0.0427093505859375 -0.158233642578125 0.111984252929688 -0.0687255859375
-0.122909545898438 -0.0702667236328125 0.152496337890625 -0.149200439453125
-0.123435974121094 0.0163345336914062 0.0980987548828125 -0.235565185546875
-0.110679626464844 0.0981826782226563 -0.00350952148437502 -0.27197265625
-0.0743331909179688 0.0902633666992187 -0.068389892578125 -0.261672973632812
-0.0779876708984375 0.068267822265625 -0.0529937744140625 -0.207855224609375
-0.123809814453125 0.0612564086914062 -0.0071563720703125 -0.154159545898437
-0.127105712890625 -0.0314788818359375 0.0184860229492187 -0.0864791870117188
-0.06060791015625 -0.123565673828125 -0.0272274017333984 -0.00659942626953126
0.0391387939453125 -0.135848999023438 -0.113090515136719 -0.0324859619140625
0.174545288085937 -0.050811767578125 -0.183837890625 -0.194808959960937
0.224777221679688 0.06707763671875 -0.1490478515625 -0.338592529296875
0.176483154296875 0.150497436523438 -0.058349609375 -0.29364013671875
0.165664672851563 0.1546630859375 0.207000732421875 -0.28851318359375
0.178451538085938 -0.032745361328125 0.139350891113281 -0.13037109375
0.0421218872070313 -0.0957260131835938 0.158172607421875 -0.0612945556640625
-0.0244598388671875 -0.0729522705078125 0.205810546875 -0.15167236328125
-0.0514488220214844 -0.0343170166015625 0.142242431640625 -0.251708984375
-0.0782546997070312 0.00494384765625 0.025482177734375 -0.30706787109375
-0.0714492797851563 -0.00483703613281249 -0.0445556640625 -0.291107177734375
-0.0629463195800781 -0.0188026428222656 -0.03424072265625 -0.227615356445313
-0.094512939453125 -0.0341033935546875 0.018798828125 -0.16375732421875
-0.0642929077148438 -0.10302734375 0.051239013671875 -0.0847244262695313
0.0252532958984375 -0.14404296875 0.00353431701660157 0.0157947540283203
0.122200012207031 -0.111419677734375 -0.0874786376953125 0.0123443603515625
0.213104248046875 0.0305938720703125 -0.187896728515625 -0.128799438476563
0.2225341796875 0.18072509765625 -0.142333984375 -0.260696411132813
0.153915405273438 0.263046264648437 -0.02935791015625 -0.210174560546875
0.107986450195313 0.270782470703125 0.271804809570313 -0.201080322265625
0.188858032226563 0.117279052734375 0.205825805664062 -0.0628509521484375
0.124237060546875 0.00174713134765625 0.2138671875 -0.0326995849609375
0.0930557250976563 -0.0532760620117188 0.2587890625 -0.1346435546875
0.0435791015625 -0.07818603515625 0.182327270507813 -0.243560791015625
-0.0232391357421875 -0.0940170288085938 0.05609130859375 -0.31048583984375
-0.0523834228515625 -0.103050231933594 -0.012786865234375 -0.2828369140625
-0.0371856689453125 -0.103424072265625 -0.00901794433593752 -0.209457397460938
-0.056915283203125 -0.1240234375 0.041961669921875 -0.141067504882812
-0.00672912597656251 -0.162277221679688 0.072296142578125 -0.0608291625976563
0.092498779296875 -0.156234741210938 0.0254096984863281 0.0436859130859375
0.178848266601563 -0.096466064453125 -0.0624542236328125 0.0556182861328125
0.233901977539063 0.0774383544921875 -0.178543090820312 -0.05560302734375
0.212493896484375 0.247512817382813 -0.120880126953125 -0.166122436523437
0.122711181640625 0.330780029296875 -0.00873565673828123 -0.0994720458984375
0.0186767578125 0.343658447265625 0.3076171875 -0.069427490234375
0.148178100585937 0.255523681640625 0.256637573242188 0.048980712890625
0.174530029296875 0.121612548828125 0.261703491210938 0.023193359375
0.2025146484375 -0.0001373291015625 0.295166015625 -0.093505859375
0.145751953125 -0.0954132080078125 0.205795288085938 -0.202102661132813
0.048675537109375 -0.173965454101563 0.0808258056640625 -0.274505615234375
-0.0194854736328125 -0.1868896484375 0.018280029296875 -0.233963012695313
-0.0063323974609375 -0.17230224609375 0.015838623046875 -0.156509399414063
-0.01544189453125 -0.195480346679688 0.0591964721679687 -0.0909652709960938
0.041351318359375 -0.20635986328125 0.080657958984375 -0.0225372314453125
0.140823364257812 -0.159759521484375 0.0380706787109375 0.071014404296875
0.213104248046875 -0.080718994140625 -0.0384140014648437 0.0861282348632813
0.233428955078125 0.1051025390625 -0.147705078125 -0.00059509277343752
0.185394287109375 0.27679443359375 -0.0759353637695312 -0.0755767822265625
0.078948974609375 0.35809326171875 0.00953865051269532 0.0178661346435547
-0.078033447265625 0.346893310546875 0.29998779296875 0.0830078125
0.061767578125 0.336944580078125 0.271591186523438 0.179855346679688
0.164596557617188 0.225921630859375 0.280609130859375 0.09234619140625
0.260894775390625 0.0772247314453125 0.2999267578125 -0.031524658203125
0.224609375 -0.074615478515625 0.20123291015625 -0.137802124023438
0.121749877929687 -0.213272094726563 0.0908660888671875 -0.203536987304688
0.024261474609375 -0.239349365234375 0.0401458740234375 -0.15087890625
0.0249786376953125 -0.212142944335938 0.03729248046875 -0.0799484252929688
0.021942138671875 -0.2381591796875 0.0713272094726563 -0.0213699340820313
0.08221435546875 -0.232818603515625 0.0790176391601563 0.0302734375
0.176254272460938 -0.154861450195313 0.0376739501953125 0.099395751953125
0.232269287109375 -0.056854248046875 -0.027191162109375 0.102066040039063
0.21466064453125 0.132400512695312 -0.110366821289062 0.0293426513671875
0.13323974609375 0.2884521484375 -0.0239963531494141 -0.00264930725097654
0.014617919921875 0.348907470703125 0.0171432495117187 0.126182556152344
-0.155609130859375 0.275802612304687 0.254959106445313 0.22113037109375
-0.044403076171875 0.328704833984375 0.245452880859375 0.301788330078125
0.094940185546875 0.27044677734375 0.270797729492188 0.157012939453125
0.242767333984375 0.148117065429688 0.266647338867188 0.0284576416015625
0.250396728515625 -0.023468017578125 0.164230346679688 -0.0680084228515625
0.174606323242188 -0.202468872070313 0.0775909423828125 -0.114509582519531
0.0630035400390625 -0.246597290039063 0.0480422973632813 -0.0508842468261719
0.0510711669921875 -0.21990966796875 0.054107666015625 0.00881195068359373
0.05029296875 -0.247467041015625 0.0781784057617188 0.0572586059570312
0.109893798828125 -0.232559204101562 0.0683975219726563 0.0919723510742188
0.197677612304688 -0.140213012695313 0.0231552124023438 0.131721496582031
0.239578247070312 -0.025665283203125 -0.0323715209960937 0.109931945800781
0.183837890625 0.164413452148438 -0.0830078125 0.0419769287109375
0.060791015625 0.29052734375 0.0110549926757813 0.0547752380371094
-0.06390380859375 0.312225341796875 0.00538635253906249 0.22308349609375
-0.200149536132813 0.148025512695312 0.190704345703125 0.30950927734375
-0.131317138671875 0.234954833984375 0.201751708984375 0.37249755859375
-0.00268554687499999 0.23736572265625 0.242324829101563 0.189697265625
0.156509399414062 0.181427001953125 0.211578369140625 0.060577392578125
0.216201782226563 0.0338592529296875 0.109825134277344 -0.0158157348632813
0.191162109375 -0.147018432617188 0.0463752746582031 -0.0258750915527344
0.091583251953125 -0.21282958984375 0.0420150756835938 0.0478134155273437
0.069305419921875 -0.192703247070312 0.0614776611328125 0.0952911376953125
0.0709381103515625 -0.223541259765625 0.0802459716796875 0.13665771484375
0.126083374023438 -0.209609985351562 0.049407958984375 0.15728759765625
0.199310302734375 -0.111160278320313 -0.00436401367187497 0.167694091796875
0.230789184570313 0.0049896240234375 -0.0526885986328125 0.120063781738281
0.142196655273438 0.188796997070313 -0.074432373046875 0.050537109375
-0.0164337158203125 0.2760009765625 0.0196914672851563 0.107894897460938
-0.147369384765625 0.24676513671875 -0.035614013671875 0.29730224609375
-0.207534790039063 -0.00724792480468747 0.127593994140625 0.334381103515625
-0.18414306640625 0.0925750732421875 0.162841796875 0.381378173828125
-0.0924224853515625 0.144943237304688 0.21441650390625 0.183883666992188
0.0464019775390625 0.166702270507813 0.1597900390625 0.059295654296875
0.139076232910156 0.0791702270507813 0.0550422668457031 0.00694274902343751
0.169601440429688 -0.0695953369140625 0.00679779052734376 0.0407218933105469
0.106094360351563 -0.144134521484375 0.02716064453125 0.124290466308594
0.0774688720703125 -0.137596130371094 0.062408447265625 0.170272827148438
0.0809783935546875 -0.167587280273438 0.0747833251953125 0.207260131835937
0.125045776367188 -0.159072875976563 0.0248870849609375 0.220901489257813
0.180618286132813 -0.072052001953125 -0.038421630859375 0.204437255859375
0.19732666015625 0.0337677001953125 -0.0854644775390625 0.135475158691406
0.0898590087890625 0.192276000976563 -0.0868377685546875 0.0612411499023438
-0.088836669921875 0.230178833007813 -0.00575256347656251 0.151840209960938
-0.2109375 0.150665283203125 -0.101959228515625 0.341064453125
0.19708251953125 -0.005828857421875 0.08740234375 -0.355987548828125
0.108245849609375 -0.180770874023437 0.0474395751953125 -0.1634521484375
-0.069183349609375 -0.153488159179688 0.103965759277344 -0.0765457153320313
-0.137474060058594 -0.0482025146484375 0.142898559570312 -0.166915893554688
-0.124122619628906 0.037994384765625 0.0781707763671875 -0.25726318359375
-0.0918960571289062 0.119033813476563 -0.035736083984375 -0.28607177734375
-0.0589599609375 0.105850219726563 -0.106475830078125 -0.2674560546875
-0.0646591186523438 0.0818634033203125 -0.083770751953125 -0.213729858398438
-0.111000061035156 0.084014892578125 -0.037811279296875 -0.163131713867188
-0.132278442382812 -0.00711059570312499 0.00120544433593748 -0.10308837890625
-0.08294677734375 -0.112396240234375 -0.0278263092041016 -0.0176944732666016
0.0142364501953125 -0.1446533203125 -0.113334655761719 -0.03070068359375
0.168304443359375 -0.0826416015625 -0.2037353515625 -0.18359375
0.23895263671875 0.026397705078125 -0.19049072265625 -0.334075927734375
0.204925537109375 0.120864868164063 -0.0972900390625 -0.30670166015625
0.18927001953125 0.138641357421875 0.170013427734375 -0.332733154296875
0.17242431640625 -0.0561065673828125 0.116180419921875 -0.152618408203125
0.0293960571289063 -0.0979537963867188 0.153762817382813 -0.0735931396484375
-0.0324478149414062 -0.0664749145507812 0.197341918945313 -0.179153442382813
-0.0552940368652344 -0.0253677368164063 0.11822509765625 -0.27899169921875
-0.0721588134765625 0.0159683227539063 -0.01104736328125 -0.326080322265625
-0.0677413940429687 0.00292587280273438 -0.0880126953125 -0.301849365234375
-0.0639076232910156 -0.0125083923339844 -0.073455810546875 -0.234085083007813
-0.0949478149414063 -0.019927978515625 -0.012054443359375 -0.182113647460938
-0.0764617919921875 -0.0920562744140625 0.0320281982421875 -0.107315063476563
0.003143310546875 -0.147232055664063 0.0021672248840332 -0.00163495540618897
0.107536315917969 -0.131179809570313 -0.0814971923828125 0.0081024169921875
0.221267700195313 -0.0013580322265625 -0.199172973632813 -0.11383056640625
0.25445556640625 0.151947021484375 -0.174575805664062 -0.2567138671875
0.19677734375 0.244277954101563 -0.0544281005859375 -0.226425170898437
0.14373779296875 0.269699096679688 0.24822998046875 -0.253890991210938
0.206527709960938 0.0988922119140625 0.192169189453125 -0.09564208984375
0.129257202148438 -0.00652313232421875 0.2109375 -0.05145263671875
0.0929489135742187 -0.0638504028320313 0.250885009765625 -0.168304443359375
0.0390853881835937 -0.0850906372070313 0.160369873046875 -0.274993896484375
-0.0295867919921875 -0.0933685302734375 0.0159912109375 -0.330810546875
-0.0633163452148437 -0.103233337402344 -0.058013916015625 -0.296295166015625
-0.050933837890625 -0.1048583984375 -0.0474700927734375 -0.218597412109375
-0.0696792602539062 -0.120796203613281 0.010650634765625 -0.15838623046875
-0.0266876220703125 -0.1644287109375 0.055328369140625 -0.0838470458984375
0.07611083984375 -0.172119140625 0.0264453887939453 0.0236091613769531
0.173233032226562 -0.122116088867187 -0.0528030395507812 0.0489082336425781
0.2525634765625 0.0496368408203125 -0.1802978515625 -0.0431365966796875
0.255172729492188 0.22637939453125 -0.14129638671875 -0.16558837890625
0.173095703125 0.326812744140625 -0.0187530517578125 -0.117851257324219
0.06341552734375 0.36187744140625 0.301177978515625 -0.12261962890625
0.185699462890625 0.251007080078125 0.259140014648437 0.01171875
0.199874877929688 0.114349365234375 0.26300048828125 -0.00563049316406249
0.215530395507813 -0.0235595703125 0.291748046875 -0.12933349609375
0.145767211914063 -0.1185302734375 0.188003540039063 -0.233749389648438
0.0318603515625 -0.186416625976562 0.044036865234375 -0.294769287109375
-0.0433502197265625 -0.195053100585938 -0.018798828125 -0.246078491210937
-0.0293731689453125 -0.182540893554688 -0.015106201171875 -0.166122436523438
-0.04168701171875 -0.205352783203125 0.0361557006835938 -0.105316162109375
0.0165557861328125 -0.222320556640625 0.0674629211425781 -0.043914794921875
0.128494262695313 -0.189697265625 0.0388526916503906 0.0560455322265625
0.215118408203125 -0.114242553710937 -0.0302352905273437 0.0780029296875
0.261642456054688 0.080108642578125 -0.148300170898437 0.00762939453125002
0.233062744140625 0.267562866210938 -0.0868148803710938 -0.0794601440429687
0.1328125 0.365631103515625 0.014979362487793 0.00139045715332033
-0.03289794921875 0.380950927734375 0.316619873046875 0.039581298828125
0.109588623046875 0.34991455078125 0.2916259765625 0.147918701171875
0.20733642578125 0.223587036132812 0.29180908203125 0.0660400390625
0.290740966796875 0.0440673828125 0.302276611328125 -0.0628662109375
0.230072021484375 -0.11175537109375 0.1878662109375 -0.166275024414063
0.098876953125 -0.238876342773437 0.06005859375 -0.221694946289063
-0.00950622558593748 -0.253265380859375 0.016082763671875 -0.160491943359375
-0.00263977050781248 -0.229721069335938 0.0188980102539063 -0.0911331176757813
-0.0121002197265625 -0.256256103515625 0.0585098266601563 -0.0339508056640625
0.05230712890625 -0.2579345703125 0.070648193359375 0.0159835815429687
0.164825439453125 -0.190460205078125 0.0391311645507813 0.0893325805664063
0.240402221679688 -0.0943450927734375 -0.0202178955078125 0.0966873168945313
0.247802734375 0.1134033203125 -0.109107971191406 0.032989501953125
0.186126708984375 0.289459228515625 -0.0262241363525391 -0.0121726989746094
0.06610107421875 0.368316650390625 0.0352935791015625 0.116424560546875
-0.124847412109375 0.32379150390625 0.292449951171875 0.1893310546875
0.00372314453124999 0.35968017578125 0.283233642578125 0.272247314453125
0.138397216796875 0.281768798828125 0.2894287109375 0.128692626953125
0.2816162109375 0.12213134765625 0.2708740234375 0.000732421875000007
0.261581420898438 -0.0622711181640625 0.160629272460938 -0.08538818359375
0.150360107421875 -0.235565185546875 0.061798095703125 -0.125633239746094
0.028076171875 -0.266845703125 0.0385169982910156 -0.0567779541015625
0.022186279296875 -0.239501953125 0.0510444641113281 0.00171661376953124
0.0126953125 -0.272918701171875 0.078125 0.0488128662109375
0.0789947509765625 -0.266433715820312 0.0673446655273438 0.08349609375
0.186843872070313 -0.17999267578125 0.0290069580078125 0.126304626464844
0.253768920898438 -0.0659942626953125 -0.0266952514648437 0.109077453613281
0.220626831054688 0.149612426757813 -0.0842742919921875 0.0444412231445312
0.1114501953125 0.30267333984375 0.0226020812988281 0.0462684631347656
-0.018890380859375 0.340789794921875 0.0374603271484375 0.219985961914063
-0.187973022460938 0.194259643554687 0.237518310546875 0.29443359375
-0.099822998046875 0.273284912109375 0.2509765625 0.355804443359375
0.03619384765625 0.259750366210938 0.261795043945313 0.167831420898438
0.200241088867188 0.166305541992188 0.220809936523437 0.0415802001953125
0.234146118164063 -0.0005950927734375 0.109809875488281 -0.0240631103515625
0.17510986328125 -0.185897827148438 0.0424156188964844 -0.0274848937988281
0.058197021484375 -0.235671997070313 0.0524253845214844 0.0464706420898437
0.03924560546875 -0.2139892578125 0.07366943359375 0.0926742553710937
0.036224365234375 -0.250320434570313 0.0948410034179687 0.13116455078125
0.096405029296875 -0.242782592773438 0.059906005859375 0.159454345703125
0.19293212890625 -0.151840209960937 0.00677490234374999 0.17138671875
0.245819091796875 -0.033416748046875 -0.046112060546875 0.123924255371094
0.179351806640625 0.179962158203125 -0.0740585327148437 0.051422119140625
0.029144287109375 0.297149658203125 0.0380020141601563 0.102836608886719
-0.114227294921875 0.2867431640625 0.00415039062499999 0.308685302734375
-0.21820068359375 0.034423828125 0.17498779296875 0.33477783203125
-0.174331665039063 0.131866455078125 0.21331787109375 0.37322998046875
-0.0693206787109375 0.173965454101563 0.234786987304688 0.162994384765625
0.0829010009765625 0.166961669921875 0.164077758789063 0.050079345703125
0.163314819335938 0.05517578125 0.0562210083007813 0.01263427734375
0.161026000976563 -0.104812622070313 0.0144309997558594 0.04949951171875
0.0828857421875 -0.16925048828125 0.0504226684570313 0.127365112304688
0.056121826171875 -0.157958984375 0.087432861328125 0.171646118164063
0.0550079345703125 -0.19000244140625 0.100387573242187 0.206268310546875
0.100662231445313 -0.186294555664063 0.046478271484375 0.225967407226563
0.174789428710938 -0.108566284179688 -0.020416259765625 0.2188720703125
0.209884643554688 -0.000946044921875 -0.07781982421875 0.145355224609375
0.126800537109375 0.18646240234375 -0.0833969116210937 0.0649795532226563
-0.050201416015625 0.256912231445313 0.019561767578125 0.151535034179688
-0.192428588867188 0.193572998046875 -0.057342529296875 0.365936279296875
0.19171142578125 -0.03271484375 0.03973388671875 -0.369415283203125
0.0753173828125 -0.19256591796875 0.019805908203125 -0.16424560546875
-0.0916061401367188 -0.138511657714844 0.097869873046875 -0.0811691284179688
-0.14422607421875 -0.0263214111328125 0.12939453125 -0.180145263671875
-0.11572265625 0.0584640502929687 0.052459716796875 -0.268829345703125
-0.0692367553710938 0.133644104003906 -0.06524658203125 -0.28900146484375
-0.0390853881835938 0.110969543457031 -0.141098022460938 -0.257095336914063
-0.0490036010742188 0.0896759033203125 -0.117034912109375 -0.205947875976563
-0.0901107788085938 0.102149963378906 -0.064605712890625 -0.16473388671875
-0.1279296875 0.017303466796875 -0.0185470581054688 -0.112167358398437
-0.101364135742188 -0.0952682495117188 -0.033987045288086 -0.0267963409423828
-0.00935363769531251 -0.1431884765625 -0.111930847167969 -0.0311355590820312
0.151870727539063 -0.111068725585938 -0.213150024414063 -0.1634521484375
0.238113403320313 -0.014434814453125 -0.224273681640625 -0.31414794921875
0.219589233398438 0.084442138671875 -0.13446044921875 -0.30584716796875
0.202392578125 0.113662719726562 0.12261962890625 -0.35784912109375
0.158233642578125 -0.075347900390625 0.0849151611328125 -0.162017822265625
0.0152740478515625 -0.0933151245117188 0.143096923828125 -0.0848846435546875
-0.0399742126464844 -0.0578727722167969 0.180419921875 -0.196701049804688
-0.0525665283203125 -0.0160179138183594 0.0889892578125 -0.294677734375
-0.0616073608398437 0.0278892517089844 -0.04901123046875 -0.32806396484375
-0.0605201721191406 0.00809097290039062 -0.131256103515625 -0.2935791015625
-0.0589256286621094 -0.00732803344726561 -0.109085083007813 -0.228378295898438
-0.090728759765625 -0.00857543945312501 -0.0468597412109375 -0.180404663085938
-0.08428955078125 -0.0784988403320312 0.00981140136718749 -0.119834899902344
-0.0147857666015625 -0.144073486328125 -0.00151252746582031 -0.0164117813110352
0.0879974365234375 -0.141036987304688 -0.078399658203125 0.00384521484374999
0.217864990234375 -0.0300445556640625 -0.2022705078125 -0.100204467773437
0.271255493164063 0.111953735351563 -0.199783325195312 -0.243255615234375
0.2274169921875 0.214553833007813 -0.083343505859375 -0.233261108398438
0.176666259765625 0.257858276367188 0.20965576171875 -0.290618896484375
0.213653564453125 0.077850341796875 0.167190551757813 -0.11578369140625
0.130455017089844 -0.0124740600585938 0.200180053710938 -0.0687713623046875
0.0901565551757813 -0.070281982421875 0.232864379882813 -0.193344116210938
0.035064697265625 -0.0893707275390625 0.12750244140625 -0.29180908203125
-0.0346908569335938 -0.0895767211914063 -0.024566650390625 -0.334014892578125
-0.07049560546875 -0.0983657836914063 -0.10028076171875 -0.29010009765625
-0.0602493286132813 -0.104293823242188 -0.0839080810546875 -0.213943481445313
-0.0818328857421875 -0.114402770996094 -0.02166748046875 -0.161819458007813
-0.04364013671875 -0.163619995117188 0.0311965942382812 -0.100166320800781
0.0557708740234375 -0.182830810546875 0.0209884643554688 0.0070667266845703
0.157684326171875 -0.143508911132813 -0.0493049621582031 0.0387649536132813
0.25897216796875 0.0189208984375 -0.179519653320312 -0.0341949462890625
0.285736083984375 0.19293212890625 -0.158584594726562 -0.157257080078125
0.217559814453125 0.303253173828125 -0.0333251953125 -0.130386352539062
0.10882568359375 0.3631591796875 0.280364990234375 -0.166427612304687
0.21826171875 0.233856201171875 0.246994018554688 -0.0201568603515625
0.2181396484375 0.0994415283203125 0.256423950195313 -0.027099609375
0.219619750976563 -0.0494537353515625 0.276214599609375 -0.1588134765625
0.13543701171875 -0.139495849609375 0.157485961914063 -0.253890991210938
0.011810302734375 -0.1944580078125 0.00534057617187498 -0.299041748046875
-0.06524658203125 -0.193771362304688 -0.0571746826171875 -0.245925903320312
-0.0521240234375 -0.1846923828125 -0.0443267822265625 -0.165939331054688
-0.067291259765625 -0.202865600585938 0.0095672607421875 -0.11279296875
-0.010650634765625 -0.229782104492188 0.0477447509765625 -0.0578155517578125
0.107254028320312 -0.208938598632813 0.0366935729980469 0.0375137329101562
0.204727172851562 -0.143417358398438 -0.0250778198242187 0.065277099609375
0.274978637695313 0.0516204833984375 -0.144882202148437 0.01153564453125
0.2720947265625 0.241012573242187 -0.0944747924804688 -0.081878662109375
0.181732177734375 0.35211181640625 0.0148916244506836 -0.0147008895874023
0.012664794921875 0.398834228515625 0.31683349609375 -0.00698852539062498
0.15850830078125 0.3441162109375 0.29779052734375 0.107269287109375
0.240280151367187 0.208038330078125 0.290435791015625 0.0386962890625
0.302886962890625 0.011627197265625 0.291015625 -0.095733642578125
0.220596313476563 -0.142410278320313 0.168304443359375 -0.183364868164062
0.068603515625 -0.2569580078125 0.0310211181640625 -0.2249755859375
-0.0439910888671875 -0.256820678710937 -0.01007080078125 -0.163970947265625
-0.036285400390625 -0.235794067382813 0.00147247314453124 -0.0901565551757813
-0.0493621826171875 -0.260269165039063 0.0430564880371094 -0.0403671264648438
0.0172576904296875 -0.27105712890625 0.060089111328125 0.00318145751953123
0.143264770507813 -0.219223022460938 0.039886474609375 0.0752334594726562
0.233932495117188 -0.130233764648438 -0.0157546997070312 0.0848922729492188
0.271041870117188 0.0867156982421875 -0.106658935546875 0.0331192016601563
0.229766845703125 0.2733154296875 -0.0266151428222656 -0.0201702117919922
0.118377685546875 0.367431640625 0.0508193969726563 0.09979248046875
-0.08270263671875 0.35186767578125 0.311309814453125 0.14776611328125
0.051849365234375 0.366973876953125 0.30877685546875 0.23492431640625
0.183303833007813 0.273406982421875 0.293609619140625 0.101226806640625
0.30743408203125 0.086334228515625 0.2708740234375 -0.0270538330078125
0.2608642578125 -0.102081298828125 0.1478271484375 -0.098724365234375
0.1207275390625 -0.263351440429688 0.0444869995117188 -0.126945495605469
-0.0111541748046875 -0.277191162109375 0.0289382934570313 -0.0626792907714844
-0.0152740478515625 -0.249603271484375 0.0460052490234375 -0.00193023681640627
-0.0274505615234375 -0.279403686523438 0.0757675170898438 0.0412216186523437
0.041748046875 -0.283172607421875 0.0679168701171875 0.0763320922851562
0.1673583984375 -0.212722778320313 0.0328903198242188 0.120071411132812
0.25 -0.103912353515625 -0.0211029052734375 0.102523803710938
0.2484130859375 0.125686645507813 -0.0818023681640625 0.0420074462890625
0.1605224609375 0.29669189453125 0.0255508422851563 0.0333709716796875
0.03057861328125 0.35382080078125 0.0640106201171875 0.20745849609375
-0.16217041015625 0.230850219726563 0.270217895507813 0.263824462890625
-0.0595703125 0.29833984375 0.285797119140625 0.3223876953125
0.075958251953125 0.264434814453125 0.271987915039063 0.141708374023438
0.232452392578125 0.14019775390625 0.222259521484375 0.0227508544921875
0.240554809570313 -0.037200927734375 0.105552673339844 -0.0289230346679688
0.144775390625 -0.21533203125 0.0396041870117188 -0.0262985229492188
0.023406982421875 -0.249099731445312 0.0563812255859375 0.0400276184082031
0.00752258300781248 -0.226348876953125 0.0841903686523438 0.0861053466796875
-0.00216674804687499 -0.257736206054688 0.103065490722656 0.124214172363281
0.0591583251953125 -0.26190185546875 0.0712738037109375 0.153152465820313
0.17315673828125 -0.18511962890625 0.0179290771484375 0.170074462890625
0.243637084960938 -0.071319580078125 -0.040313720703125 0.124526977539062
0.211318969726563 0.156585693359375 -0.0720443725585937 0.0521926879882813
0.077850341796875 0.30010986328125 0.0506210327148438 0.0867080688476563
-0.068359375 0.307525634765625 0.043548583984375 0.3028564453125
-0.213104248046875 0.0710906982421875 0.215850830078125 0.316925048828125
-0.151824951171875 0.16778564453125 0.2503662109375 0.345611572265625
-0.04052734375 0.191513061523438 0.243743896484375 0.141494750976563
0.114181518554688 0.156219482421875 0.166656494140625 0.038482666015625
0.173004150390625 0.0277557373046875 0.0576515197753906 0.0136146545410156
0.141921997070313 -0.131195068359375 0.0234909057617188 0.0538978576660156
0.0538482666015625 -0.182418823242188 0.0688323974609375 0.125350952148438
0.02935791015625 -0.16693115234375 0.110885620117187 0.160491943359375
0.021453857421875 -0.200439453125 0.124710083007812 0.199462890625
0.0696868896484375 -0.205108642578125 0.06805419921875 0.22662353515625
0.158843994140625 -0.137863159179688 -0.00378417968750001 0.220626831054687
0.211441040039063 -0.03253173828125 -0.067169189453125 0.15032958984375
0.151992797851563 0.167694091796875 -0.0810928344726562 0.0663223266601563
-0.010162353515625 0.267501831054688 0.0419464111328125 0.14117431640625
-0.157852172851563 0.224136352539063 -0.010955810546875 0.374725341796875
0.181900024414063 -0.0531005859375 0.00128173828124999 -0.36810302734375
0.048126220703125 -0.193954467773438 -0.00102233886718748 -0.15692138671875
-0.105293273925781 -0.122329711914063 0.0920562744140625 -0.0813522338867188
-0.143661499023438 -0.007171630859375 0.117630004882813 -0.187042236328125
-0.105941772460937 0.0722198486328125 0.03045654296875 -0.274032592773437
-0.0470123291015625 0.138755798339844 -0.089569091796875 -0.28631591796875
-0.0223007202148438 0.110786437988281 -0.166610717773437 -0.244140625
-0.0356216430664063 0.0914154052734375 -0.140548706054687 -0.193359375
-0.0706558227539062 0.109588623046875 -0.086669921875 -0.157882690429687
-0.120071411132812 0.034332275390625 -0.037322998046875 -0.114936828613281
-0.111534118652344 -0.0774993896484375 -0.0392990112304688 -0.0345840454101563
-0.0269012451171875 -0.136322021484375 -0.110435485839844 -0.0320053100585938
0.131492614746094 -0.127494812011719 -0.217056274414063 -0.149215698242187
0.228363037109375 -0.0449066162109375 -0.2447509765625 -0.294036865234375
0.22210693359375 0.0546417236328125 -0.161865234375 -0.298095703125
0.209793090820313 0.0948028564453125 0.08270263671875 -0.36669921875
0.14410400390625 -0.08514404296875 0.0607757568359375 -0.161941528320313
0.00782012939453125 -0.08636474609375 0.133766174316406 -0.0882492065429687
-0.0413627624511719 -0.0486946105957031 0.16387939453125 -0.207183837890625
-0.0495033264160156 -0.00904464721679687 0.062835693359375 -0.300994873046875
-0.0505943298339844 0.0322723388671875 -0.079071044921875 -0.323486328125
-0.0548553466796875 0.0107345581054687 -0.161849975585937 -0.279144287109375
-0.0563468933105469 -0.00461959838867187 -0.137649536132813 -0.215118408203125
-0.08306884765625 1.01726638644547E-17 -0.0733642578125 -0.175430297851563
-0.0865859985351562 -0.0669631958007813 -0.0127182006835938 -0.126792907714844
-0.0281829833984375 -0.136192321777344 -0.0107078552246094 -0.0272254943847656
0.0715484619140625 -0.144927978515625 -0.0773391723632813 -0.0042266845703125
0.20843505859375 -0.051300048828125 -0.201431274414062 -0.088531494140625
0.27520751953125 0.07952880859375 -0.215682983398437 -0.228271484375
0.244155883789063 0.185134887695313 -0.104888916015625 -0.234207153320313
0.19891357421875 0.241256713867187 0.1734619140625 -0.308990478515625
0.215438842773438 0.0608978271484375 0.14337158203125 -0.125091552734375
0.130638122558594 -0.01654052734375 0.189712524414063 -0.0772705078125
0.087371826171875 -0.0748825073242188 0.214889526367188 -0.20751953125
0.0304031372070312 -0.091400146484375 0.099456787109375 -0.300384521484375
-0.0368728637695313 -0.08642578125 -0.056549072265625 -0.328765869140625
-0.0771102905273438 -0.0946502685546875 -0.132369995117188 -0.277359008789063
-0.0691757202148438 -0.100990295410156 -0.1114501953125 -0.202468872070313
-0.08966064453125 -0.108551025390625 -0.0483551025390625 -0.15673828125
-0.0570068359375 -0.157546997070313 0.00846862792968751 -0.107414245605469
0.03790283203125 -0.185440063476562 0.0113563537597656 -0.00503635406494142
0.143447875976563 -0.156265258789063 -0.0492706298828125 0.0284309387207031
0.257965087890625 -0.0045166015625 -0.176025390625 -0.02777099609375
0.301300048828125 0.162933349609375 -0.168441772460938 -0.149368286132812
0.243576049804688 0.277969360351563 -0.0467910766601562 -0.138191223144531
0.1451416015625 0.356292724609375 0.253448486328125 -0.194000244140625
0.2381591796875 0.215789794921875 0.228988647460938 -0.041473388671875
0.23028564453125 0.0847930908203125 0.246078491210938 -0.0409393310546875
0.218399047851562 -0.0681304931640625 0.258392333984375 -0.1776123046875
0.12548828125 -0.152206420898438 0.132415771484375 -0.2630615234375
-0.0037689208984375 -0.194061279296875 -0.0235595703125 -0.29327392578125
-0.0831298828125 -0.188751220703125 -0.0856781005859375 -0.236923217773438
-0.0716094970703125 -0.1827392578125 -0.0677490234375 -0.157669067382813
-0.0874481201171875 -0.19793701171875 -0.012969970703125 -0.110252380371094
-0.0330963134765625 -0.228973388671875 0.0291595458984375 -0.0635452270507813
0.086761474609375 -0.22064208984375 0.0273036956787109 0.0267887115478515
0.191650390625 -0.16375732421875 -0.0267486572265625 0.0547065734863281
0.281768798828125 0.027557373046875 -0.140670776367187 0.014007568359375
0.2969970703125 0.214691162109375 -0.101608276367188 -0.0813369750976563
0.21673583984375 0.332550048828125 0.0107860565185547 -0.0287208557128906
0.055023193359375 0.40289306640625 0.304595947265625 -0.041290283203125
0.192169189453125 0.330474853515625 0.292510986328125 0.078369140625
0.265060424804688 0.190673828125 0.283538818359375 0.01837158203125
0.307403564453125 -0.01849365234375 0.278579711914062 -0.11578369140625
0.209335327148438 -0.166839599609375 0.148025512695313 -0.1922607421875
0.0437469482421875 -0.26324462890625 0.00839233398437501 -0.220703125
-0.06982421875 -0.25421142578125 -0.0301513671875 -0.159408569335938
-0.0622711181640625 -0.23394775390625 -0.0133819580078125 -0.08734130859375
-0.077728271484375 -0.256927490234375 0.0287513732910156 -0.041595458984375
-0.012969970703125 -0.275253295898438 0.0475616455078125 -0.00219345092773439
0.121841430664063 -0.238296508789062 0.0340957641601563 0.0675201416015625
0.223312377929688 -0.1561279296875 -0.0161056518554687 0.0758438110351562
0.282562255859375 0.06158447265625 -0.105453491210937 0.0341873168945313
0.260467529296875 0.252487182617188 -0.0304203033447265 -0.0275287628173828
0.156768798828125 0.355438232421875 0.0570831298828125 0.0825958251953125
-0.043670654296875 0.36700439453125 0.31536865234375 0.114471435546875
0.093292236328125 0.36431884765625 0.315643310546875 0.2022705078125
0.216323852539063 0.261199951171875 0.291015625 0.080078125
0.319549560546875 0.05279541015625 0.262100219726563 -0.045257568359375
0.25128173828125 -0.131210327148438 0.136405944824219 -0.10498046875
0.091461181640625 -0.27581787109375 0.0300674438476563 -0.122817993164063
-0.0419769287109375 -0.275482177734375 0.0211067199707031 -0.0631103515625
-0.0449981689453125 -0.249282836914062 0.04095458984375 -0.00411224365234377
-0.0593109130859375 -0.2779541015625 0.0707626342773438 0.0371322631835937
0.00747680664062498 -0.288848876953125 0.0638427734375 0.0712203979492187
0.14373779296875 -0.233642578125 0.0323410034179688 0.115501403808594
0.239608764648437 -0.134674072265625 -0.0208892822265625 0.0969161987304687
0.2652587890625 0.101165771484375 -0.0817413330078125 0.0421829223632813
0.197265625 0.2818603515625 0.026275634765625 0.0209121704101563
0.07110595703125 0.35198974609375 0.0800933837890625 0.19134521484375
-0.13507080078125 0.255874633789063 0.2891845703125 0.23516845703125
-0.02435302734375 0.307342529296875 0.304168701171875 0.2904052734375
0.109146118164062 0.260726928710938 0.272430419921875 0.11981201171875
0.251724243164063 0.11260986328125 0.218582153320313 0.00871276855468751
0.236923217773438 -0.0679931640625 0.101936340332031 -0.0303878784179688
0.11822509765625 -0.231964111328125 0.0368690490722656 -0.0235099792480469
-0.00793457031250001 -0.2518310546875 0.0604515075683594 0.035400390625
-0.02001953125 -0.226806640625 0.0897598266601562 0.0784912109375
-0.034881591796875 -0.257659912109375 0.10968017578125 0.11663818359375
0.026275634765625 -0.268112182617188 0.0771331787109375 0.14788818359375
0.1513671875 -0.207351684570312 0.0243072509765625 0.168807983398438
0.236236572265625 -0.1014404296875 -0.0363922119140625 0.122947692871094
0.229888916015625 0.134109497070312 -0.0727005004882812 0.0512771606445313
0.1158447265625 0.29254150390625 0.0574188232421875 0.0725860595703125
-0.02984619140625 0.31634521484375 0.071014404296875 0.29010009765625
-0.2012939453125 0.100692749023438 0.241058349609375 0.295013427734375
-0.128829956054688 0.186599731445312 0.273468017578125 0.319580078125
-0.014801025390625 0.199600219726563 0.243927001953125 0.123306274414063
0.13592529296875 0.139106750488281 0.166778564453125 0.032012939453125
0.175628662109375 0.00250244140625 0.0598640441894531 0.0174522399902344
0.121261596679688 -0.14996337890625 0.0319404602050781 0.0563812255859375
0.0263519287109375 -0.186630249023437 0.0844650268554688 0.117813110351562
0.00668334960937501 -0.170425415039063 0.125595092773438 0.149703979492187
-0.00605773925781252 -0.201461791992188 0.140380859375 0.187698364257813
0.0406646728515625 -0.2115478515625 0.0838165283203125 0.22027587890625
0.140304565429688 -0.156585693359375 0.010009765625 0.220748901367188
0.205947875976562 -0.059600830078125 -0.059967041015625 0.1522216796875
0.171371459960938 0.149185180664063 -0.0788040161132812 0.0676422119140625
0.0249176025390625 0.266647338867188 0.0567398071289063 0.126785278320313
-0.1268310546875 0.23992919921875 0.026458740234375 0.3695068359375
0.173736572265625 -0.0690460205078125 -0.025726318359375 -0.36834716796875
0.028656005859375 -0.192886352539063 -0.015045166015625 -0.148193359375
-0.113052368164062 -0.109825134277344 0.0895538330078125 -0.0812149047851563
-0.141326904296875 0.00813293457031249 0.110794067382813 -0.192138671875
-0.0976791381835937 0.0823974609375 0.014617919921875 -0.278976440429688
-0.030242919921875 0.14111328125 -0.109405517578125 -0.28643798828125
-0.0103912353515625 0.109611511230469 -0.185379028320313 -0.234222412109375
-0.025390625 0.0922164916992188 -0.158676147460938 -0.182785034179688
-0.0548324584960937 0.113876342773438 -0.10357666015625 -0.15234375
-0.111061096191406 0.0466537475585938 -0.053558349609375 -0.116584777832031
-0.116294860839844 -0.0622940063476563 -0.0469589233398438 -0.0408782958984375
-0.0391464233398437 -0.130340576171875 -0.111831665039062 -0.0361557006835938
0.117233276367187 -0.137687683105469 -0.218978881835938 -0.141845703125
0.2171630859375 -0.067169189453125 -0.2584228515625 -0.281982421875
0.221832275390625 0.0326690673828125 -0.18243408203125 -0.2940673828125
0.214004516601563 0.0803070068359375 0.053863525390625 -0.371337890625
0.13446044921875 -0.0901947021484375 0.0431671142578125 -0.15826416015625
0.003875732421875 -0.081329345703125 0.129959106445313 -0.0902023315429688
-0.0411453247070313 -0.0425872802734375 0.15435791015625 -0.214996337890625
-0.0464134216308594 -0.00449371337890625 0.044708251953125 -0.306976318359375
-0.041259765625 0.0329208374023438 -0.101226806640625 -0.32208251953125
-0.0514411926269531 0.0115394592285156 -0.1851806640625 -0.267349243164063
-0.054534912109375 -0.00330352783203124 -0.15838623046875 -0.203445434570313
-0.0782012939453125 0.00382232666015625 -0.0943450927734375 -0.168014526367188
-0.0864715576171875 -0.0589141845703125 -0.0330352783203125 -0.129005432128906
-0.03704833984375 -0.130126953125 -0.0204963684082031 -0.035858154296875
0.060455322265625 -0.146881103515625 -0.0789794921875 -0.0111160278320313
0.200347900390625 -0.066009521484375 -0.200469970703125 -0.0842742919921875
0.276580810546875 0.0570831298828125 -0.227096557617187 -0.219375610351563
0.2542724609375 0.16546630859375 -0.12188720703125 -0.23681640625
0.21575927734375 0.231521606445313 0.145721435546875 -0.321197509765625
0.218109130859375 0.0512237548828125 0.125679016113281 -0.128746032714844
0.134925842285156 -0.0193634033203125 0.183944702148437 -0.0809326171875
0.0869293212890625 -0.0793075561523438 0.204132080078125 -0.216842651367188
0.0282745361328125 -0.0944747924804688 0.08087158203125 -0.305267333984375
-0.0379791259765625 -0.08599853515625 -0.079803466796875 -0.3245849609375
-0.0826950073242187 -0.0926895141601563 -0.156951904296875 -0.266311645507812
-0.0765380859375 -0.0994338989257813 -0.132064819335938 -0.1920166015625
-0.0942840576171875 -0.104331970214844 -0.0694122314453125 -0.151168823242188
-0.0655517578125 -0.153732299804688 -0.0117645263671875 -0.110466003417969
0.0255126953125 -0.187789916992187 0.000261306762695313 -0.0135622024536133
0.133636474609375 -0.166244506835938 -0.0521926879882812 0.0192985534667969
0.2587890625 -0.0201568603515625 -0.174636840820312 -0.0265350341796875
0.3123779296875 0.140472412109375 -0.17706298828125 -0.146697998046875
0.262466430664063 0.259933471679688 -0.0587005615234375 -0.145980834960937
0.172821044921875 0.35205078125 0.233261108398438 -0.21319580078125
0.253677368164063 0.202484130859375 0.214569091796875 -0.052398681640625
0.242889404296875 0.0751495361328125 0.240142822265625 -0.0481109619140625
0.218597412109375 -0.0830230712890625 0.247390747070313 -0.188400268554688
0.118423461914063 -0.163284301757813 0.116058349609375 -0.269454956054688
-0.0144195556640625 -0.195709228515625 -0.04388427734375 -0.28826904296875
-0.096771240234375 -0.186248779296875 -0.107025146484375 -0.228485107421875
-0.0874481201171875 -0.181167602539063 -0.084869384765625 -0.149978637695313
-0.103225708007812 -0.195159912109375 -0.0300521850585938 -0.105453491210938
-0.0504913330078125 -0.228378295898437 0.011505126953125 -0.0668869018554688
0.0714874267578125 -0.230545043945312 0.0170688629150391 0.0201663970947265
0.182327270507813 -0.179595947265625 -0.0310096740722656 0.0463447570800781
0.28900146484375 0.00970458984375 -0.139739990234375 0.0135421752929687
0.3162841796875 0.195526123046875 -0.108619689941406 -0.0833969116210937
0.242034912109375 0.31903076171875 0.00553894042968752 -0.0405387878417969
0.087646484375 0.40679931640625 0.29400634765625 -0.063446044921875
0.21875 0.321380615234375 0.285614013671875 0.06072998046875
0.2867431640625 0.17803955078125 0.279495239257813 0.00813293457031251
0.3114013671875 -0.042388916015625 0.269302368164063 -0.128646850585938
0.20062255859375 -0.185714721679687 0.135726928710938 -0.196640014648437
0.0250091552734375 -0.268325805664063 -0.0072174072265625 -0.21624755859375
-0.091064453125 -0.251449584960937 -0.0447235107421875 -0.155715942382813
-0.08349609375 -0.233474731445313 -0.0246353149414063 -0.0838470458984375
-0.100967407226563 -0.254791259765625 0.0168876647949219 -0.0390510559082031
-0.0363311767578125 -0.2772216796875 0.0367317199707031 -0.00418853759765627
0.103729248046875 -0.253036499023438 0.0276107788085938 0.0632858276367187
0.214599609375 -0.1768798828125 -0.0207710266113281 0.0700035095214844
0.294525146484375 0.04351806640625 -0.10595703125 0.0328750610351563
0.287139892578125 0.236297607421875 -0.0352745056152344 -0.0345344543457031
0.18670654296875 0.348052978515625 0.0592422485351563 0.0692634582519532
-0.012237548828125 0.3790283203125 0.316253662109375 0.091339111328125
0.12396240234375 0.3623046875 0.31793212890625 0.18170166015625
0.243698120117188 0.251800537109375 0.28936767578125 0.068023681640625
0.329010009765625 0.0274658203125 0.256927490234375 -0.0564117431640625
0.244415283203125 -0.156204223632813 0.129547119140625 -0.108436584472656
0.068328857421875 -0.28375244140625 0.0218582153320313 -0.118675231933594
-0.0676116943359375 -0.273895263671875 0.0143775939941406 -0.0629653930664063
-0.06805419921875 -0.248931884765625 0.0381622314453125 -0.00521469116210939
-0.086212158203125 -0.275146484375 0.0678367614746094 0.0372390747070312
-0.01995849609375 -0.293548583984375 0.0611953735351563 0.0697135925292969
0.124832153320312 -0.251113891601563 0.0316696166992188 0.114097595214844
0.23211669921875 -0.158401489257813 -0.0236892700195312 0.094970703125
0.279678344726563 0.083587646484375 -0.0840225219726563 0.0409774780273438
0.226165771484375 0.270156860351563 0.0247898101806641 0.0106124877929688
0.10205078125 0.3504638671875 0.0904998779296875 0.177780151367188
-0.111343383789063 0.275131225585938 0.3006591796875 0.216217041015625
0.00341796875000002 0.31402587890625 0.31439208984375 0.270751953125
0.136947631835938 0.259078979492188 0.272171020507813 0.108505249023438
0.266860961914063 0.0897064208984375 0.216659545898438 0.000595092773437506
0.233535766601563 -0.0922393798828125 0.101593017578125 -0.0302505493164063
0.096588134765625 -0.244003295898438 0.0367698669433594 -0.0196189880371094
-0.0324249267578125 -0.251480102539063 0.0634689331054688 0.0320358276367187
-0.0431976318359375 -0.22772216796875 0.094635009765625 0.0735321044921875
-0.0609588623046875 -0.256393432617188 0.114410400390625 0.112373352050781
-0.000808715820312498 -0.272415161132813 0.0814971923828125 0.146682739257812
0.133651733398438 -0.2242431640625 0.028533935546875 0.169052124023437
0.228897094726562 -0.125198364257813 -0.0360794067382812 0.123382568359375
0.245376586914063 0.117446899414063 -0.0748138427734375 0.0508270263671875
0.14617919921875 0.285552978515625 0.0604019165039063 0.0608367919921875
0.00076293945312502 0.320526123046875 0.08984375 0.279830932617188
-0.19036865234375 0.12335205078125 0.258819580078125 0.280685424804688
-0.10833740234375 0.200729370117188 0.287445068359375 0.303009033203125
0.00775146484375 0.205642700195313 0.2447509765625 0.113662719726563
0.152359008789063 0.12451171875 0.1668701171875 0.02899169921875
0.176559448242188 -0.018157958984375 0.065155029296875 0.0215339660644531
0.103622436523438 -0.161270141601563 0.0401763916015625 0.0593338012695312
0.00555419921874999 -0.187911987304688 0.096893310546875 0.110954284667969
-0.0117950439453125 -0.171478271484375 0.137832641601563 0.140594482421875
-0.0271148681640625 -0.2012939453125 0.151931762695313 0.181533813476563
0.0182952880859375 -0.215744018554687 0.0951690673828125 0.218795776367188
0.125198364257813 -0.172210693359375 0.0192413330078125 0.223037719726563
0.20025634765625 -0.0803680419921875 -0.0563507080078125 0.153900146484375
0.18560791015625 0.135101318359375 -0.0793991088867187 0.06689453125
0.0529022216796875 0.265060424804687 0.0645904541015625 0.115348815917969
-0.101913452148438 0.250442504882813 0.052398681640625 0.3642578125
0.1689453125 -0.0831756591796875 -0.05078125 -0.3741455078125
0.01263427734375 -0.194351196289063 -0.0267486572265625 -0.14404296875
-0.122001647949219 -0.101028442382813 0.0907821655273437 -0.0826568603515625
-0.140518188476562 0.02081298828125 0.108230590820313 -0.2017822265625
-0.09075927734375 0.09375 -0.000915527343749999 -0.28936767578125
-0.0154571533203125 0.144119262695313 -0.13128662109375 -0.291961669921875
0.00101470947265625 0.111152648925781 -0.207763671875 -0.22998046875
-0.0166778564453125 0.0945968627929688 -0.17791748046875 -0.176589965820312
-0.0416259765625 0.117843627929688 -0.12225341796875 -0.148605346679688
-0.10455322265625 0.0581130981445313 -0.071380615234375 -0.118110656738281
-0.121849060058594 -0.048919677734375 -0.0563697814941406 -0.0466156005859375
-0.0513229370117187 -0.126663208007813 -0.116874694824219 -0.0407180786132812
0.104782104492188 -0.14923095703125 -0.226470947265625 -0.13970947265625
0.210556030273438 -0.0863189697265625 -0.27734375 -0.278076171875
0.225692749023437 0.014007568359375 -0.205780029296875 -0.297882080078125
0.221908569335938 0.068511962890625 0.02850341796875 -0.383453369140625
0.129058837890625 -0.095611572265625 0.030242919921875 -0.156982421875
0.00255584716796875 -0.07879638671875 0.130111694335938 -0.0927276611328125
-0.0405120849609375 -0.0382308959960938 0.149551391601563 -0.226211547851563
-0.0435066223144531 -0.0012664794921875 0.028045654296875 -0.317901611328125
-0.0342884063720703 0.0339679718017578 -0.1263427734375 -0.326568603515625
-0.0496482849121094 0.0121116638183594 -0.209854125976562 -0.261215209960938
-0.055206298828125 -0.00192260742187501 -0.180572509765625 -0.195068359375
-0.074798583984375 0.00596618652343751 -0.115951538085937 -0.163803100585938
-0.08807373046875 -0.053314208984375 -0.0529251098632813 -0.1322021484375
-0.045654296875 -0.126564025878906 -0.0316810607910156 -0.0435409545898438
0.0516815185546875 -0.1513671875 -0.0855178833007812 -0.0182571411132813
0.198028564453125 -0.0794219970703125 -0.206268310546875 -0.08428955078125
0.28302001953125 0.0382080078125 -0.24237060546875 -0.217315673828125
0.26837158203125 0.1497802734375 -0.141006469726562 -0.243804931640625
0.236892700195313 0.225677490234375 0.125213623046875 -0.33746337890625
0.225845336914062 0.0430450439453125 0.112815856933594 -0.132133483886719
0.141983032226563 -0.0232391357421875 0.184158325195313 -0.086395263671875
0.088409423828125 -0.085968017578125 0.197860717773438 -0.23138427734375
0.0256118774414062 -0.0992202758789062 0.066070556640625 -0.3177490234375
-0.0397109985351562 -0.0888137817382813 -0.1025390625 -0.326934814453125
-0.089874267578125 -0.09210205078125 -0.181732177734375 -0.261123657226563
-0.0859756469726562 -0.0993728637695313 -0.153839111328125 -0.184661865234375
-0.102714538574219 -0.103591918945312 -0.0896453857421875 -0.14666748046875
-0.07586669921875 -0.15460205078125 -0.03106689453125 -0.113739013671875
0.01495361328125 -0.193649291992188 -0.011260986328125 -0.0195293426513672
0.127273559570313 -0.1785888671875 -0.0583343505859375 0.0123748779296875
0.265121459960938 -0.0354156494140625 -0.17791748046875 -0.02642822265625
0.328887939453125 0.12359619140625 -0.19036865234375 -0.146926879882813
0.2847900390625 0.248779296875 -0.0720672607421875 -0.15582275390625
0.202728271484375 0.354736328125 0.21917724609375 -0.232421875
0.274322509765625 0.194976806640625 0.206863403320313 -0.0613250732421875
0.261398315429688 0.0662689208984375 0.2415771484375 -0.05462646484375
0.223175048828125 -0.0998687744140625 0.243209838867188 -0.203262329101563
0.112838745117188 -0.177871704101563 0.103317260742188 -0.27960205078125
-0.0247039794921875 -0.201629638671875 -0.06317138671875 -0.290435791015625
-0.113418579101562 -0.1865234375 -0.128753662109375 -0.224700927734375
-0.105026245117188 -0.1820068359375 -0.1029052734375 -0.144256591796875
-0.120193481445313 -0.1954345703125 -0.0465545654296875 -0.100608825683594
-0.068267822265625 -0.233428955078125 -0.00407791137695314 -0.0683631896972656
0.0578765869140625 -0.243942260742188 0.00702953338623047 0.0163516998291015
0.177398681640625 -0.198562622070313 -0.0380668640136719 0.0413742065429687
0.30133056640625 -0.007049560546875 -0.143783569335937 0.012786865234375
0.34136962890625 0.180694580078125 -0.118751525878906 -0.0866546630859375
0.269866943359375 0.312652587890625 -0.000877380371093731 -0.0515556335449219
0.12158203125 0.417633056640625 0.29058837890625 -0.08367919921875
0.248443603515625 0.318145751953125 0.28570556640625 0.04827880859375
0.313934326171875 0.16943359375 0.282867431640625 0.00033569335937501
0.321258544921875 -0.065643310546875 0.267578125 -0.14300537109375
0.194168090820312 -0.208694458007813 0.128143310546875 -0.205337524414063
0.0078125 -0.278656005859375 -0.020263671875 -0.214630126953125
-0.112945556640625 -0.253448486328125 -0.0599365234375 -0.15447998046875
-0.106155395507813 -0.235610961914062 -0.035888671875 -0.0809555053710938
-0.12530517578125 -0.255645751953125 0.00786590576171874 -0.0352592468261719
-0.061553955078125 -0.2847900390625 0.0271816253662109 -0.00361824035644533
0.0874786376953125 -0.27142333984375 0.0217399597167969 0.0630836486816406
0.210037231445313 -0.200515747070313 -0.0269012451171875 0.0676460266113281
0.3118896484375 0.026092529296875 -0.111068725585937 0.0325164794921875
0.316864013671875 0.223785400390625 -0.0419502258300781 -0.0406265258789062
0.21661376953125 0.3468017578125 0.0619544982910156 0.0585784912109375
0.017333984375 0.39666748046875 0.323272705078125 0.07440185546875
0.1551513671875 0.367156982421875 0.32708740234375 0.16845703125
0.275497436523438 0.247085571289062 0.29498291015625 0.0599365234375
0.34466552734375 0.002716064453125 0.257904052734375 -0.06781005859375
0.240737915039062 -0.181869506835938 0.128433227539063 -0.113807678222656
0.04888916015625 -0.2972412109375 0.0170059204101563 -0.116294860839844
-0.0926361083984375 -0.277023315429688 0.00955963134765624 -0.064422607421875
-0.0936126708984375 -0.251876831054688 0.0359573364257812 -0.00590896606445314
-0.113677978515625 -0.277175903320313 0.0671577453613281 0.0387420654296875
-0.04620361328125 -0.3011474609375 0.0596771240234375 0.0710372924804687
0.1083984375 -0.271987915039063 0.0305709838867188 0.117729187011719
0.227706909179687 -0.18353271484375 -0.0273208618164062 0.0964279174804687
0.29937744140625 0.066436767578125 -0.0884552001953125 0.0423736572265625
0.258682250976563 0.262527465820313 0.0221004486083985 0.0015850067138672
0.132904052734375 0.3546142578125 0.100830078125 0.17010498046875
-0.0914306640625 0.29632568359375 0.316436767578125 0.2042236328125
0.03076171875 0.3255615234375 0.329376220703125 0.25885009765625
0.167068481445313 0.26129150390625 0.279556274414063 0.1007080078125
0.2845458984375 0.069580078125 0.22027587890625 -0.0060272216796875
0.233978271484375 -0.116683959960938 0.105331420898438 -0.03076171875
0.0780181884765625 -0.258102416992188 0.0402488708496094 -0.0165786743164063
-0.0565643310546875 -0.255172729492188 0.0678176879882813 0.0284271240234375
-0.0661773681640625 -0.230926513671875 0.100555419921875 0.0692825317382813
-0.0865020751953125 -0.25909423828125 0.122756958007813 0.112594604492188
-0.0265655517578125 -0.280426025390625 0.0883026123046875 0.14825439453125
0.117904663085938 -0.243637084960938 0.03338623046875 0.175445556640625
0.225784301757813 -0.149017333984375 -0.0369796752929687 0.127647399902344
0.264251708984375 0.102569580078125 -0.078369140625 0.05267333984375
0.177276611328125 0.280853271484375 0.0628204345703125 0.0512275695800781
0.0279541015625 0.329376220703125 0.107986450195313 0.276657104492188
-0.181625366210938 0.147003173828125 0.279006958007813 0.275497436523438
-0.09222412109375 0.217071533203125 0.3056640625 0.295257568359375
0.0298919677734375 0.2132568359375 0.251144409179688 0.109085083007813
0.169235229492188 0.110931396484375 0.171966552734375 0.027374267578125
0.17828369140625 -0.0375823974609375 0.0722503662109375 0.0254440307617187
0.0894317626953125 -0.173614501953125 0.0508384704589844 0.0635833740234375
-0.014404296875 -0.191452026367187 0.109054565429688 0.1060791015625
-0.029510498046875 -0.176010131835938 0.151504516601563 0.134170532226563
-0.0476531982421875 -0.20306396484375 0.166717529296875 0.1790771484375
-0.00309753417968749 -0.222625732421875 0.109039306640625 0.22149658203125
0.111923217773438 -0.187896728515625 0.0290069580078125 0.231063842773438
0.197189331054688 -0.10040283203125 -0.0553131103515625 0.16131591796875
0.20147705078125 0.123809814453125 -0.0819091796875 0.0692138671875
0.078155517578125 0.266067504882813 0.0730514526367188 0.105789184570313
-0.0807037353515625 0.2618408203125 0.076751708984375 0.36785888671875
0.164596557617188 -0.10174560546875 -0.083831787109375 -0.38555908203125
-0.00628662109374998 -0.198806762695313 -0.0396881103515625 -0.139808654785156
-0.134513854980469 -0.0916976928710938 0.0922393798828125 -0.0880508422851562
-0.141128540039063 0.03631591796875 0.102035522460937 -0.218597412109375
-0.0817947387695313 0.108139038085938 -0.024322509765625 -0.30352783203125
0.00239562988281249 0.148544311523438 -0.165283203125 -0.297607421875
0.0137252807617188 0.11328125 -0.237869262695313 -0.223236083984375
-0.00601196289062499 0.0988388061523437 -0.204238891601562 -0.167205810546875
-0.0270156860351563 0.123428344726563 -0.145370483398438 -0.142913818359375
-0.0973663330078125 0.0710983276367188 -0.0930099487304687 -0.118453979492188
-0.129478454589844 -0.03399658203125 -0.0693817138671875 -0.0509262084960937
-0.0654220581054688 -0.122947692871094 -0.127243041992188 -0.0440216064453125
0.0908660888671875 -0.16363525390625 -0.241653442382813 -0.135894775390625
0.205123901367187 -0.109222412109375 -0.30596923828125 -0.273681640625
0.231964111328125 -0.008056640625 -0.2384033203125 -0.301025390625
0.234848022460937 0.0540771484375 -0.00320434570312496 -0.401275634765625
0.124526977539062 -0.106735229492187 0.01593017578125 -0.15802001953125
-0.000114440917968745 -0.0784149169921875 0.13153076171875 -0.100555419921875
-0.0405807495117188 -0.0353240966796875 0.1422119140625 -0.246383666992187
-0.0417060852050781 0.00329971313476563 0.003875732421875 -0.334197998046875
-0.0278167724609375 0.03515625 -0.1610107421875 -0.33172607421875
-0.0483512878417969 0.0140342712402344 -0.244476318359375 -0.253250122070313
-0.0568695068359375 0.000705718994140627 -0.20977783203125 -0.18475341796875
-0.0739059448242188 0.00948333740234375 -0.14154052734375 -0.157577514648438
-0.0918655395507812 -0.04852294921875 -0.0779953002929688 -0.134002685546875
-0.0561981201171875 -0.123863220214844 -0.0456123352050781 -0.0489387512207031
0.0416107177734375 -0.1590576171875 -0.0942611694335937 -0.022674560546875
0.197952270507813 -0.0973663330078125 -0.218276977539062 -0.079986572265625
0.2933349609375 0.0162353515625 -0.2681884765625 -0.2137451171875
0.289093017578125 0.131683349609375 -0.169479370117187 -0.252349853515625
0.266632080078125 0.218231201171875 0.098480224609375 -0.3612060546875
0.238906860351563 0.0296173095703125 0.101524353027344 -0.139060974121094
0.152572631835938 -0.0321807861328125 0.186477661132813 -0.096343994140625
0.089813232421875 -0.0966262817382813 0.190704345703125 -0.253875732421875
0.0222244262695313 -0.107208251953125 0.043792724609375 -0.335540771484375
-0.0451126098632813 -0.0924835205078125 -0.134307861328125 -0.33282470703125
-0.101936340332031 -0.0916213989257812 -0.214950561523438 -0.253768920898437
-0.0991973876953125 -0.097991943359375 -0.181488037109375 -0.174545288085938
-0.114486694335937 -0.10260009765625 -0.113082885742188 -0.139869689941406
-0.0905609130859375 -0.155029296875 -0.0542068481445313 -0.114463806152344
-0.00038146972656251 -0.202789306640625 -0.024169921875 -0.0241565704345703
0.118560791015625 -0.196243286132813 -0.0676803588867187 0.0086250305175781
0.275482177734375 -0.05767822265625 -0.188308715820312 -0.0230865478515625
0.352813720703125 0.101837158203125 -0.210235595703125 -0.145233154296875
0.316070556640625 0.237213134765625 -0.0916748046875 -0.166671752929687
0.24444580078125 0.357147216796875 0.2041015625 -0.258865356445313
0.30340576171875 0.18450927734375 0.202377319335938 -0.073211669921875
0.286346435546875 0.050811767578125 0.2470703125 -0.067596435546875
0.228851318359375 -0.124191284179688 0.238555908203125 -0.22625732421875
0.104385375976562 -0.1973876953125 0.0865478515625 -0.297332763671875
-0.0408782958984375 -0.210784912109375 -0.088043212890625 -0.29388427734375
-0.136077880859375 -0.186935424804688 -0.156204223632813 -0.219528198242187
-0.12847900390625 -0.181884765625 -0.1246337890625 -0.13665771484375
-0.144424438476563 -0.195358276367188 -0.0637741088867188 -0.094818115234375
-0.092498779296875 -0.23944091796875 -0.0223541259765625 -0.0682296752929688
0.0389404296875 -0.2620849609375 -0.00269031524658203 0.0155658721923828
0.169570922851563 -0.224761962890625 -0.0455703735351563 0.0395774841308593
0.319549560546875 -0.031890869140625 -0.151611328125 0.0162200927734375
0.37530517578125 0.160736083984375 -0.132797241210937 -0.088287353515625
0.308563232421875 0.306854248046875 -0.00969314575195311 -0.0626106262207031
0.167388916015625 0.43060302734375 0.289459228515625 -0.109649658203125
0.289398193359375 0.31451416015625 0.29095458984375 0.0322265625
0.3511962890625 0.153656005859375 0.291900634765625 -0.014068603515625
0.333953857421875 -0.098114013671875 0.267074584960938 -0.164566040039062
0.185821533203125 -0.238174438476563 0.119415283203125 -0.221466064453125
-0.014923095703125 -0.293670654296875 -0.03564453125 -0.21771240234375
-0.143539428710938 -0.255340576171875 -0.0779571533203125 -0.153152465820313
-0.136444091796875 -0.237640380859375 -0.0486679077148438 -0.0778121948242188
-0.157089233398437 -0.25750732421875 -0.00049400329589845 -0.0308475494384766
-0.09228515625 -0.29296875 0.0175437927246094 -0.00208663940429689
0.066131591796875 -0.2955322265625 0.0174789428710938 0.0650482177734375
0.20294189453125 -0.232009887695313 -0.0323677062988281 0.0696792602539063
0.33465576171875 0.001129150390625 -0.117721557617187 0.0366744995117187
0.356292724609375 0.208343505859375 -0.0515403747558593 -0.0460853576660156
0.258453369140625 0.34637451171875 0.0638542175292969 0.0484619140625
0.058013916015625 0.41943359375 0.33770751953125 0.0533447265625
0.19805908203125 0.37322998046875 0.34381103515625 0.15277099609375
0.318115234375 0.23748779296875 0.3072509765625 0.046600341796875
0.364349365234375 -0.030303955078125 0.26177978515625 -0.0850830078125
0.235595703125 -0.215988159179688 0.127555847167969 -0.12445068359375
0.02264404296875 -0.31597900390625 0.0119705200195313 -0.117111206054688
-0.125045776367188 -0.280838012695312 0.00273513793945312 -0.0657958984375
-0.1248779296875 -0.255020141601563 0.0336074829101562 -0.00659561157226564
-0.148544311523437 -0.2806396484375 0.0694389343261719 0.0412979125976562
-0.0806884765625 -0.310943603515625 0.0607528686523438 0.0740280151367187
0.085540771484375 -0.29815673828125 0.033966064453125 0.122993469238281
0.2220458984375 -0.21722412109375 -0.0301437377929687 0.101371765136719
0.325592041015625 0.04229736328125 -0.0938491821289062 0.0463485717773438
0.29998779296875 0.252716064453125 0.0189495086669922 -0.00651359558105467
0.172821044921875 0.360504150390625 0.11566162109375 0.162826538085938
-0.064117431640625 0.324188232421875 0.341796875 0.190277099609375
0.06463623046875 0.339996337890625 0.3553466796875 0.24713134765625
0.205810546875 0.261032104492188 0.293609619140625 0.090606689453125
0.30694580078125 0.04351806640625 0.227142333984375 -0.017608642578125
0.231704711914063 -0.14892578125 0.111160278320313 -0.0349349975585938
0.055023193359375 -0.277175903320313 0.0458793640136719 -0.0159645080566406
-0.0867767333984375 -0.260238647460938 0.0731735229492188 0.024749755859375
-0.0952606201171875 -0.2347412109375 0.109336853027344 0.0648422241210937
-0.118820190429687 -0.261459350585937 0.135826110839844 0.112037658691406
-0.058349609375 -0.28973388671875 0.099761962890625 0.152450561523437
0.0972137451171875 -0.268875122070313 0.0433807373046875 0.1844482421875
0.221923828125 -0.180389404296875 -0.0356903076171875 0.136512756347656
0.28961181640625 0.0823974609375 -0.0830459594726562 0.0578460693359375
0.216812133789063 0.27703857421875 0.0662384033203125 0.0411338806152344
0.0621337890625 0.341827392578125 0.133590698242188 0.275131225585938
-0.171920776367188 0.175186157226562 0.310882568359375 0.269805908203125
-0.072479248046875 0.2374267578125 0.33453369140625 0.28741455078125
0.0574493408203125 0.221420288085937 0.264678955078125 0.10040283203125
0.18994140625 0.09619140625 0.180557250976563 0.02227783203125
0.180892944335938 -0.060638427734375 0.0832672119140625 0.026275634765625
0.0723724365234375 -0.190078735351563 0.0647544860839844 0.0649147033691406
-0.0368499755859375 -0.196578979492188 0.124794006347656 0.0995559692382813
-0.051971435546875 -0.178909301757813 0.169570922851563 0.124923706054687
-0.073944091796875 -0.205963134765625 0.189102172851563 0.175323486328125
-0.0294189453125 -0.229904174804688 0.1300048828125 0.226089477539063
0.0959930419921875 -0.208389282226562 0.04534912109375 0.2423095703125
0.19403076171875 -0.125625610351563 -0.0512847900390625 0.173843383789063
0.223739624023438 0.109848022460938 -0.085540771484375 0.0753173828125
0.110641479492187 0.26800537109375 0.0827865600585938 0.0971221923828125
-0.05621337890625 0.277923583984375 0.10980224609375 0.373992919921875
0.155014038085938 -0.123367309570313 -0.130889892578125 -0.390380859375
-0.0315399169921875 -0.200408935546875 -0.05535888671875 -0.134010314941406
-0.148483276367188 -0.07696533203125 0.091217041015625 -0.0968017578125
-0.138069152832031 0.0551834106445312 0.087860107421875 -0.2374267578125
-0.0674362182617188 0.123207092285156 -0.058197021484375 -0.312347412109375
0.0251312255859375 0.150253295898437 -0.208892822265625 -0.2926025390625
0.03094482421875 0.112892150878906 -0.274551391601563 -0.204345703125
0.00733947753906251 0.101318359375 -0.233062744140625 -0.147720336914063
-0.00884246826171874 0.126960754394531 -0.171920776367188 -0.129058837890625
-0.0869140625 0.0852737426757813 -0.118095397949219 -0.110481262207031
-0.134445190429688 -0.0147323608398437 -0.0840911865234375 -0.0506134033203125
-0.0825958251953125 -0.11572265625 -0.140182495117188 -0.0405349731445312
0.0703582763671875 -0.178634643554688 -0.2623291015625 -0.12237548828125
0.193740844726563 -0.136489868164063 -0.343902587890625 -0.256103515625
0.235244750976563 -0.037200927734375 -0.282867431640625 -0.293701171875
0.248184204101562 0.0313262939453125 -0.05029296875 -0.415496826171875
0.116401672363281 -0.119453430175781 -0.0025634765625 -0.15728759765625
-0.0046844482421875 -0.0795364379882813 0.129478454589844 -0.112617492675781
-0.0420761108398437 -0.0313339233398438 0.124862670898438 -0.268997192382813
-0.0389137268066406 0.00888824462890625 -0.0325927734375 -0.3465576171875
-0.0200920104980469 0.0353965759277344 -0.207275390625 -0.326690673828125
-0.0474281311035156 0.0174407958984375 -0.285369873046875 -0.232513427734375
-0.0579681396484375 0.00543975830078126 -0.241912841796875 -0.162918090820312
-0.0722503662109375 0.0142898559570313 -0.170867919921875 -0.143234252929687
-0.0968246459960938 -0.0401458740234375 -0.107307434082031 -0.127250671386719
-0.0702896118164063 -0.119064331054688 -0.0622825622558594 -0.0498313903808594
0.0252838134765625 -0.16656494140625 -0.106422424316406 -0.0222396850585938
0.19281005859375 -0.121856689453125 -0.233047485351562 -0.0681915283203126
0.30224609375 -0.015411376953125 -0.29998779296875 -0.198883056640625
0.31134033203125 0.1046142578125 -0.2066650390625 -0.251708984375
0.30194091796875 0.19830322265625 0.058624267578125 -0.384368896484375
0.251235961914063 0.00823974609375 0.086090087890625 -0.146774291992188
0.160888671875 -0.0487518310546875 0.18585205078125 -0.113021850585938
0.0859603881835937 -0.11077880859375 0.174362182617188 -0.280044555664063
0.0133132934570313 -0.114723205566406 0.00888061523437502 -0.350738525390625
-0.0541763305664062 -0.0944900512695313 -0.178375244140625 -0.328887939453125
-0.116920471191406 -0.0853500366210937 -0.2548828125 -0.23443603515625
-0.116012573242188 -0.0912322998046875 -0.21240234375 -0.1539306640625
-0.130783081054688 -0.0960922241210938 -0.139961242675781 -0.125839233398437
-0.110549926757812 -0.15185546875 -0.0819091796875 -0.109504699707031
-0.0223388671875 -0.210037231445313 -0.0389060974121094 -0.0240745544433594
0.102127075195312 -0.216094970703125 -0.07763671875 0.00904083251953122
0.28173828125 -0.089691162109375 -0.19891357421875 -0.0125579833984375
0.378509521484375 0.0670166015625 -0.23468017578125 -0.134063720703125
0.352935791015625 0.212615966796875 -0.118804931640625 -0.172149658203125
0.29742431640625 0.34613037109375 0.177947998046875 -0.288970947265625
0.3375244140625 0.159942626953125 0.194793701171875 -0.0897979736328125
0.31005859375 0.022369384765625 0.248886108398438 -0.0881195068359375
0.226852416992188 -0.155899047851562 0.224395751953125 -0.256134033203125
0.08648681640625 -0.219589233398438 0.058441162109375 -0.3148193359375
-0.0648193359375 -0.21759033203125 -0.123260498046875 -0.293060302734375
-0.164657592773438 -0.179244995117188 -0.189590454101563 -0.20574951171875
-0.157684326171875 -0.173385620117187 -0.149337768554688 -0.12188720703125
-0.175537109375 -0.187744140625 -0.0824966430664063 -0.084442138671875
-0.1259765625 -0.238861083984375 -0.0420951843261719 -0.0632896423339844
0.00880432128906248 -0.27947998046875 -0.0122833251953125 0.0170001983642578
0.151351928710938 -0.25555419921875 -0.05316162109375 0.0419464111328125
0.333221435546875 -0.06854248046875 -0.159423828125 0.0263519287109375
0.411468505859375 0.12445068359375 -0.1505126953125 -0.0832672119140625
0.35552978515625 0.28509521484375 -0.0225982666015625 -0.0730361938476562
0.227386474609375 0.431915283203125 0.283203125 -0.1429443359375
0.33868408203125 0.296142578125 0.297454833984375 0.00891113281250002
0.3916015625 0.12103271484375 0.2994384765625 -0.0377197265625
0.33880615234375 -0.142364501953125 0.25927734375 -0.193862915039063
0.164779663085937 -0.2713623046875 0.10162353515625 -0.239334106445313
-0.04931640625 -0.304901123046875 -0.057525634765625 -0.218521118164063
-0.181625366210938 -0.247543334960937 -0.100616455078125 -0.145614624023438
-0.17425537109375 -0.229080200195313 -0.0636405944824219 -0.0699882507324219
-0.197723388671875 -0.2484130859375 -0.0076885223388672 -0.0251750946044922
-0.1336669921875 -0.293731689453125 0.00958728790283202 0.00110912322998045
0.032135009765625 -0.3182373046875 0.0158462524414063 0.0687980651855469
0.184417724609375 -0.269088745117188 -0.0354385375976562 0.0746994018554687
0.3543701171875 -0.03948974609375 -0.123184204101562 0.0459213256835938
0.399627685546875 0.174468994140625 -0.0627098083496094 -0.0483016967773437
0.310791015625 0.33233642578125 0.0667343139648438 0.035980224609375
0.11346435546875 0.433929443359375 0.3516845703125 0.021575927734375
0.25244140625 0.366302490234375 0.365234375 0.12615966796875
0.36822509765625 0.211090087890625 0.320098876953125 0.0234375
0.3770751953125 -0.077178955078125 0.261886596679688 -0.11004638671875
0.217147827148437 -0.25604248046875 0.121665954589844 -0.138816833496094
-0.015106201171875 -0.33245849609375 0.00481414794921875 -0.119270324707031
-0.166763305664063 -0.275314331054688 -0.00562667846679688 -0.0662307739257813
-0.165512084960937 -0.248687744140625 0.030853271484375 -0.00772666931152345
-0.193679809570312 -0.271652221679688 0.0742645263671875 0.040740966796875
-0.125762939453125 -0.312225341796875 0.065155029296875 0.0752716064453125
0.04974365234375 -0.3233642578125 0.0415725708007813 0.128501892089844
0.204421997070313 -0.256256103515625 -0.0280380249023437 0.109291076660156
0.3485107421875 0.004547119140625 -0.0986099243164062 0.0554580688476563
0.34759521484375 0.225067138671875 0.014425277709961 -0.0145683288574219
0.225738525390625 0.3555908203125 0.134017944335938 0.150222778320313
-0.02239990234375 0.350067138671875 0.3719482421875 0.1654052734375
0.1114501953125 0.34759521484375 0.387847900390625 0.22222900390625
0.2530517578125 0.248428344726563 0.310028076171875 0.070159912109375
0.3271484375 0.005401611328125 0.233169555664063 -0.034210205078125
0.220428466796875 -0.186309814453125 0.116081237792969 -0.0444107055664063
0.020599365234375 -0.29486083984375 0.0530128479003906 -0.0186996459960938
-0.125213623046875 -0.256454467773438 0.078216552734375 0.0168075561523437
-0.132293701171875 -0.22998046875 0.119125366210938 0.0553665161132812
-0.160324096679688 -0.255340576171875 0.153274536132813 0.105209350585938
-0.100982666015625 -0.2919921875 0.117156982421875 0.151626586914062
0.06512451171875 -0.29278564453125 0.0611419677734375 0.191116333007812
0.206130981445313 -0.216796875 -0.0291900634765625 0.148193359375
0.31561279296875 0.049835205078125 -0.085662841796875 0.0668487548828125
0.262893676757813 0.259841918945313 0.0690231323242188 0.0294418334960938
0.1087646484375 0.34649658203125 0.166473388671875 0.267135620117188
-0.152389526367188 0.205230712890625 0.350372314453125 0.2520751953125
-0.0418548583984375 0.256439208984375 0.372406005859375 0.265899658203125
0.0937957763671875 0.2230224609375 0.280609130859375 0.0831146240234375
0.211502075195313 0.0721893310546875 0.190414428710938 0.0113983154296875
0.17742919921875 -0.0896148681640625 0.0957565307617188 0.0225906372070312
0.047637939453125 -0.2059326171875 0.08233642578125 0.062103271484375
-0.0658111572265625 -0.195892333984375 0.142349243164063 0.0870513916015625
-0.0801544189453125 -0.177017211914062 0.189468383789063 0.109405517578125
-0.1055908203125 -0.202056884765625 0.216644287109375 0.16290283203125
-0.0625152587890625 -0.232681274414063 0.158554077148438 0.22406005859375
0.0704345703125 -0.229461669921875 0.0718841552734375 0.25103759765625
0.184478759765625 -0.1556396484375 -0.0391998291015625 0.18768310546875
0.247024536132813 0.0863494873046875 -0.0856704711914063 0.0850753784179688
0.150848388671875 0.261337280273438 0.0936355590820313 0.0842666625976563
-0.02197265625 0.29193115234375 0.156036376953125 0.3739013671875
0.136276245117188 -0.142364501953125 -0.18212890625 -0.37762451171875
-0.05853271484375 -0.193069458007813 -0.0706024169921875 -0.121635437011719
-0.158920288085937 -0.0555419921875 0.0853805541992188 -0.1048583984375
-0.1287841796875 0.0752792358398438 0.0636444091796875 -0.250442504882812
-0.0464019775390625 0.133354187011719 -0.09771728515625 -0.3072509765625
0.0496368408203125 0.143890380859375 -0.251678466796875 -0.266525268554688
0.0489578247070312 0.106407165527344 -0.30517578125 -0.16802978515625
0.0232086181640625 0.0990676879882813 -0.255752563476563 -0.115310668945313
0.0118942260742187 0.124641418457031 -0.194168090820313 -0.103240966796875
-0.07073974609375 0.0969161987304687 -0.140655517578125 -0.091949462890625
-0.133155822753906 0.00730133056640622 -0.0994720458984375 -0.044464111328125
-0.0977554321289063 -0.10198974609375 -0.150772094726563 -0.031494140625
0.0438690185546875 -0.186355590820313 -0.276016235351563 -0.0983428955078125
0.172134399414063 -0.161788940429688 -0.376800537109375 -0.2215576171875
0.227676391601563 -0.0688629150390625 -0.324737548828125 -0.266204833984375
0.252761840820313 0.001495361328125 -0.105072021484375 -0.412200927734375
0.101234436035156 -0.131080627441406 -0.0217742919921875 -0.150543212890625
-0.0119400024414063 -0.077117919921875 0.121086120605469 -0.124122619628906
-0.0431251525878906 -0.0253982543945312 0.096832275390625 -0.286224365234375
-0.0340099334716797 0.0132694244384766 -0.076141357421875 -0.3433837890625
-0.0120296478271484 0.0339336395263672 -0.253814697265625 -0.300689697265625
-0.0443267822265625 0.0212554931640625 -0.31982421875 -0.193572998046875
-0.0576858520507813 0.0118637084960937 -0.2669677734375 -0.12652587890625
-0.0694847106933594 0.0200576782226562 -0.19598388671875 -0.115646362304688
-0.099639892578125 -0.0282821655273437 -0.134193420410156 -0.109748840332031
-0.0829391479492187 -0.108039855957031 -0.0794906616210938 -0.0443878173828125
0.00492858886718749 -0.16851806640625 -0.117561340332031 -0.01593017578125
0.177078247070312 -0.144973754882813 -0.242843627929687 -0.047821044921875
0.30023193359375 -0.0538330078125 -0.326690673828125 -0.169097900390625
0.3245849609375 0.065765380859375 -0.2459716796875 -0.235260009765625
0.330810546875 0.16314697265625 0.00692749023437501 -0.393341064453125
0.255416870117188 -0.0215301513671875 0.0656280517578125 -0.15008544921875
0.16107177734375 -0.06878662109375 0.175979614257813 -0.129974365234375
0.0753631591796875 -0.123779296875 0.143707275390625 -0.300689697265625
0.000503540039062513 -0.118209838867188 -0.03466796875 -0.3521728515625
-0.0643997192382812 -0.0917510986328125 -0.22161865234375 -0.306671142578125
-0.129203796386719 -0.0714874267578125 -0.289215087890625 -0.199127197265625
-0.129791259765625 -0.0766372680664063 -0.23651123046875 -0.120956420898437
-0.145477294921875 -0.0816192626953125 -0.1619873046875 -0.101150512695313
-0.13104248046875 -0.138824462890625 -0.107284545898438 -0.09307861328125
-0.048980712890625 -0.208480834960937 -0.0534782409667969 -0.0189933776855469
0.0757293701171875 -0.231842041015625 -0.0863189697265625 0.0137405395507812
0.273757934570313 -0.126419067382813 -0.203765869140625 0.00465393066406253
0.38983154296875 0.018890380859375 -0.255111694335938 -0.112655639648437
0.38311767578125 0.169952392578125 -0.147979736328125 -0.166534423828125
0.347900390625 0.311981201171875 0.138824462890625 -0.31195068359375
0.36297607421875 0.119140625 0.180084228515625 -0.106552124023438
0.322845458984375 -0.01800537109375 0.240829467773438 -0.112472534179687
0.211685180664063 -0.1885986328125 0.197174072265625 -0.281768798828125
0.05859375 -0.2342529296875 0.0206298828125 -0.322021484375
-0.0927276611328125 -0.213623046875 -0.159896850585937 -0.276748657226563
-0.1912841796875 -0.158584594726563 -0.219512939453125 -0.177871704101563
-0.184906005859375 -0.15264892578125 -0.169204711914063 -0.0957489013671875
-0.204803466796875 -0.166549682617187 -0.097747802734375 -0.0666427612304687
-0.160232543945313 -0.224456787109375 -0.0608482360839844 -0.0512466430664063
-0.029083251953125 -0.2845458984375 -0.0206184387207031 0.0218257904052734
0.11907958984375 -0.279067993164063 -0.0571708679199219 0.0473175048828125
0.331298828125 -0.1146240234375 -0.16162109375 0.0404815673828125
0.434417724609375 0.072021484375 -0.166427612304687 -0.070831298828125
0.39642333984375 0.24322509765625 -0.039581298828125 -0.0784454345703125
0.291656494140625 0.40850830078125 0.262924194335938 -0.17633056640625
0.38336181640625 0.25457763671875 0.294647216796875 -0.02081298828125
0.417724609375 0.069427490234375 0.2962646484375 -0.066497802734375
0.32611083984375 -0.190887451171875 0.238388061523438 -0.22125244140625
0.12896728515625 -0.29815673828125 0.074462890625 -0.25
-0.090789794921875 -0.302459716796875 -0.0817718505859375 -0.210556030273438
-0.218338012695312 -0.224044799804688 -0.121002197265625 -0.130332946777344
-0.209823608398438 -0.205551147460937 -0.075958251953125 -0.05621337890625
-0.23809814453125 -0.223098754882813 -0.01300048828125 -0.0176982879638672
-0.177398681640625 -0.277572631835937 0.0017719268798828 0.00712013244628905
-0.013916015625 -0.3272705078125 0.017364501953125 0.071929931640625
0.148895263671875 -0.299468994140625 -0.0349578857421875 0.080596923828125
0.35723876953125 -0.088226318359375 -0.124015808105469 0.0575790405273437
0.431427001953125 0.12298583984375 -0.0745162963867187 -0.046051025390625
0.35870361328125 0.296356201171875 0.0649337768554688 0.0209236145019531
0.177947998046875 0.425384521484375 0.35321044921875 -0.0186767578125
0.30657958984375 0.33734130859375 0.376373291015625 0.08795166015625
0.406402587890625 0.16290283203125 0.322967529296875 -0.00881958007812499
0.37347412109375 -0.1304931640625 0.250701904296875 -0.137313842773438
0.182159423828125 -0.28961181640625 0.108383178710938 -0.15185546875
-0.06201171875 -0.33319091796875 -0.00469970703125001 -0.119522094726563
-0.208328247070313 -0.252517700195313 -0.014739990234375 -0.0638542175292969
-0.203933715820313 -0.225296020507812 0.0279541015625 -0.00767135620117189
-0.236312866210938 -0.245742797851563 0.080413818359375 0.0365447998046875
-0.17340087890625 -0.296356201171875 0.0703277587890625 0.0734100341796875
0.00244140624999997 -0.335540771484375 0.0525970458984375 0.129501342773437
0.169769287109375 -0.288482666015625 -0.021331787109375 0.116371154785156
0.357177734375 -0.0438232421875 -0.0981903076171875 0.0657119750976562
0.385955810546875 0.1796875 0.00671386718750002 -0.0218181610107422
0.277496337890625 0.3287353515625 0.14886474609375 0.129547119140625
0.029571533203125 0.35821533203125 0.39471435546875 0.125030517578125
0.16363525390625 0.335968017578125 0.412384033203125 0.180938720703125
0.29669189453125 0.215240478515625 0.316619873046875 0.039520263671875
0.33203125 -0.04254150390625 0.230987548828125 -0.0570220947265625
0.1934814453125 -0.220687866210938 0.116363525390625 -0.0559768676757813
-0.022430419921875 -0.2996826171875 0.0571937561035156 -0.0252952575683594
-0.16436767578125 -0.237960815429688 0.0815811157226562 0.00738525390624999
-0.168380737304687 -0.210372924804688 0.125381469726563 0.0418167114257812
-0.20050048828125 -0.232376098632812 0.168472290039063 0.0899505615234375
-0.145523071289062 -0.277542114257813 0.135162353515625 0.142593383789063
0.021759033203125 -0.305755615234375 0.0831756591796875 0.189697265625
0.175918579101563 -0.24957275390625 -0.0160369873046875 0.155868530273437
0.328338623046875 0.00567626953125 -0.0836639404296875 0.0767364501953125
0.3040771484375 0.224639892578125 0.0688018798828125 0.0158004760742188
0.1597900390625 0.333282470703125 0.198944091796875 0.244003295898438
-0.119918823242188 0.230133056640625 0.3846435546875 0.2161865234375
-0.00221252441406249 0.26409912109375 0.402923583984375 0.226776123046875
0.13153076171875 0.211593627929688 0.28924560546875 0.056365966796875
0.225143432617187 0.0402679443359375 0.194290161132813 -0.0041351318359375
0.162353515625 -0.117828369140625 0.105644226074219 0.0131301879882812
0.01568603515625 -0.213455200195313 0.0982894897460938 0.0507125854492187
-0.096893310546875 -0.184173583984375 0.154800415039063 0.0672607421875
-0.108779907226563 -0.163909912109375 0.2041015625 0.0844879150390625
-0.13751220703125 -0.186065673828125 0.241485595703125 0.137420654296875
-0.098480224609375 -0.2222900390625 0.18817138671875 0.208053588867188
0.035888671875 -0.24072265625 0.102645874023437 0.248077392578125
0.161026000976562 -0.183624267578125 -0.0201263427734375 0.19720458984375
0.26214599609375 0.052276611328125 -0.0806808471679688 0.0947036743164062
0.189346313476563 0.240066528320313 0.101348876953125 0.0667495727539063
0.0203857421875 0.294036865234375 0.204193115234375 0.3533935546875
0.113327026367188 -0.152938842773438 -0.22259521484375 -0.347625732421875
-0.0798492431640625 -0.176910400390625 -0.0802841186523438 -0.105552673339844
-0.159957885742187 -0.033050537109375 0.0766677856445312 -0.108901977539062
-0.114501953125 0.0900497436523437 0.0383758544921875 -0.252822875976563
-0.0242919921875 0.134834289550781 -0.128814697265625 -0.28814697265625
0.06927490234375 0.1290283203125 -0.278839111328125 -0.228500366210937
0.06292724609375 0.0935440063476562 -0.318267822265625 -0.127166748046875
0.0352630615234375 0.09136962890625 -0.263214111328125 -0.0798492431640625
0.0283203125 0.115333557128906 -0.204986572265625 -0.0731964111328125
-0.0525054931640625 0.101417541503906 -0.153244018554688 -0.0682373046875
-0.124252319335938 0.0263290405273437 -0.110244750976563 -0.0338211059570313
-0.10589599609375 -0.0839080810546875 -0.15625 -0.0201416015625
0.0179901123046875 -0.183853149414063 -0.27862548828125 -0.0722045898437501
0.144393920898438 -0.17626953125 -0.391387939453125 -0.179046630859375
0.209259033203125 -0.0935516357421875 -0.351287841796875 -0.227783203125
0.245620727539063 -0.026153564453125 -0.1522216796875 -0.389556884765625
0.0834579467773438 -0.135955810546875 -0.0374908447265625 -0.138130187988281
-0.0176467895507812 -0.0728302001953125 0.109359741210938 -0.130615234375
-0.0425758361816406 -0.0202255249023437 0.065399169921875 -0.28985595703125
-0.0277290344238281 0.0160541534423828 -0.112640380859375 -0.32489013671875
-0.00534439086914063 0.029571533203125 -0.283233642578125 -0.26080322265625
-0.0396194458007813 0.0233497619628906 -0.3350830078125 -0.147918701171875
-0.0544548034667969 0.0173759460449219 -0.27520751953125 -0.0865936279296875
-0.0649261474609375 0.0243415832519531 -0.20751953125 -0.0832672119140625
-0.0980606079101563 -0.017669677734375 -0.151580810546875 -0.0841522216796875
-0.0908355712890625 -0.0935745239257813 -0.0923538208007813 -0.0342559814453125
-0.0137786865234375 -0.162994384765625 -0.123237609863281 -0.00777435302734374
0.154998779296875 -0.160751342773438 -0.24249267578125 -0.0268707275390625
0.284271240234375 -0.08624267578125 -0.33807373046875 -0.1341552734375
0.321624755859375 0.027313232421875 -0.27252197265625 -0.207199096679688
0.342529296875 0.1214599609375 -0.041259765625 -0.3834228515625
0.2474365234375 -0.0485076904296875 0.046844482421875 -0.146270751953125
0.15386962890625 -0.08636474609375 0.16070556640625 -0.140731811523438
0.0620193481445312 -0.130729675292969 0.109832763671875 -0.307952880859375
-0.0114517211914063 -0.116851806640625 -0.072967529296875 -0.33673095703125
-0.071990966796875 -0.0862579345703125 -0.251571655273438 -0.270843505859375
-0.135383605957031 -0.0556488037109375 -0.30548095703125 -0.15533447265625
-0.137191772460938 -0.0585479736328125 -0.24493408203125 -0.0832061767578125
-0.152938842773438 -0.063995361328125 -0.172698974609375 -0.0723419189453125
-0.144363403320313 -0.121414184570312 -0.124130249023438 -0.06988525390625
-0.0719757080078125 -0.197097778320313 -0.06488037109375 -0.0103836059570313
0.04803466796875 -0.234817504882813 -0.0907440185546875 0.0200729370117188
0.25396728515625 -0.154708862304688 -0.20068359375 0.021087646484375
0.383697509765625 -0.02618408203125 -0.264175415039063 -0.0861511230468749
0.392578125 0.12249755859375 -0.170440673828125 -0.15179443359375
0.3779296875 0.2640380859375 0.0965576171875001 -0.317413330078125
0.369781494140625 0.074676513671875 0.160873413085938 -0.116226196289063
0.3194580078125 -0.057373046875 0.224319458007813 -0.130111694335938
0.186782836914063 -0.211074829101563 0.163238525390625 -0.292816162109375
0.0297088623046875 -0.236358642578125 -0.01458740234375 -0.313385009765625
-0.115966796875 -0.19964599609375 -0.186660766601563 -0.249755859375
-0.206375122070313 -0.131423950195312 -0.235580444335938 -0.143081665039063
-0.200576782226563 -0.125411987304687 -0.176986694335938 -0.0665435791015625
-0.223236083984375 -0.137161254882813 -0.104873657226563 -0.0461196899414063
-0.185226440429688 -0.199310302734375 -0.0728607177734375 -0.0344009399414063
-0.0641326904296875 -0.275177001953125 -0.0262279510498047 0.027566909790039
0.0831298828125 -0.28875732421875 -0.0594062805175781 0.0520401000976562
0.313934326171875 -0.151458740234375 -0.157196044921875 0.0529632568359375
0.436248779296875 0.01873779296875 -0.174484252929688 -0.055206298828125
0.417510986328125 0.19268798828125 -0.0551986694335937 -0.0780563354492187
0.337677001953125 0.3656005859375 0.2332763671875 -0.199508666992187
0.40606689453125 0.2030029296875 0.280441284179688 -0.0460052490234375
0.423736572265625 0.0162353515625 0.2816162109375 -0.0904541015625
0.297882080078125 -0.227508544921875 0.20965576171875 -0.236953735351563
0.08807373046875 -0.30731201171875 0.0474395751953125 -0.249618530273438
-0.126190185546875 -0.2852783203125 -0.100601196289063 -0.194732666015625
-0.2420654296875 -0.190200805664062 -0.133567810058594 -0.108871459960938
-0.231826782226563 -0.1722412109375 -0.082061767578125 -0.0400772094726563
-0.262222290039062 -0.186660766601563 -0.0154695510864258 -0.00946140289306642
-0.21044921875 -0.248291015625 -0.00376510620117189 0.0145435333251953
-0.05609130859375 -0.319793701171875 0.0179061889648438 0.0737075805664063
0.108917236328125 -0.313079833984375 -0.0320510864257812 0.0843582153320312
0.34295654296875 -0.1314697265625 -0.119560241699219 0.0671920776367187
0.440643310546875 0.067718505859375 -0.0837936401367187 -0.0405197143554687
0.387481689453125 0.247467041015625 0.0585403442382813 0.00768661499023439
0.2305908203125 0.396209716796875 0.340057373046875 -0.05474853515625
0.342529296875 0.29248046875 0.37158203125 0.0499267578125
0.423553466796875 0.108612060546875 0.31268310546875 -0.036041259765625
0.350860595703125 -0.175872802734375 0.231048583984375 -0.155181884765625
0.140045166015625 -0.30572509765625 0.0920562744140625 -0.158187866210938
-0.102935791015625 -0.31854248046875 -0.0140609741210938 -0.115669250488281
-0.23516845703125 -0.218063354492188 -0.0230140686035156 -0.0578804016113281
-0.229202270507812 -0.190750122070313 0.0249385833740234 -0.00647926330566407
-0.264129638671875 -0.208114624023438 0.0828704833984375 0.0306777954101562
-0.209564208984375 -0.266281127929688 0.0731658935546875 0.0699996948242187
-0.04241943359375 -0.3289794921875 0.06280517578125 0.125251770019531
0.1295166015625 -0.30523681640625 -0.0130767822265625 0.118972778320313
0.347747802734375 -0.0897216796875 -0.0938873291015625 0.074249267578125
0.403289794921875 0.125732421875 -0.00103759765624997 -0.0261592864990234
0.312255859375 0.2882080078125 0.154449462890625 0.104263305664063
0.078216552734375 0.34796142578125 0.397705078125 0.081298828125
0.20355224609375 0.307830810546875 0.417388916015625 0.136016845703125
0.32305908203125 0.171630859375 0.311187744140625 0.01080322265625
0.3212890625 -0.086029052734375 0.2208251953125 -0.0747833251953125
0.157806396484375 -0.240142822265625 0.111854553222656 -0.0659713745117188
-0.061187744140625 -0.289337158203125 0.0582618713378906 -0.0326309204101563
-0.191680908203125 -0.208969116210937 0.0800857543945312 -0.00167846679687501
-0.19232177734375 -0.181045532226563 0.125984191894531 0.0282363891601562
-0.227493286132813 -0.1981201171875 0.176315307617187 0.0705413818359375
-0.179550170898438 -0.250350952148438 0.146804809570313 0.12786865234375
-0.020904541015625 -0.302154541015625 0.100967407226562 0.180419921875
0.1390380859375 -0.266525268554688 -0.00219726562499999 0.157135009765625
0.323883056640625 -0.036346435546875 -0.0784378051757813 0.083526611328125
0.327972412109375 0.1796875 0.0632438659667969 0.00252914428710939
0.19769287109375 0.3038330078125 0.219207763671875 0.211517333984375
-0.083831787109375 0.240310668945313 0.40155029296875 0.173858642578125
0.03399658203125 0.256973266601563 0.41497802734375 0.181121826171875
0.1605224609375 0.187850952148438 0.2850341796875 0.03076171875
0.22564697265625 0.0067291259765625 0.192092895507813 -0.0186920166015625
0.139556884765625 -0.136260986328125 0.110496520996094 0.00211334228515624
-0.01544189453125 -0.209381103515625 0.108482360839844 0.035675048828125
-0.119247436523437 -0.163955688476563 0.159774780273438 0.045989990234375
-0.127960205078125 -0.142532348632813 0.20794677734375 0.0579681396484375
-0.159591674804688 -0.160491943359375 0.254150390625 0.105682373046875
-0.12579345703125 -0.200424194335937 0.207275390625 0.1837158203125
0.00195312499999998 -0.237823486328125 0.128494262695313 0.233047485351562
0.131759643554688 -0.198699951171875 -0.000228881835937495 0.196975708007813
0.26318359375 0.0172271728515625 -0.0732955932617188 0.1007080078125
0.216018676757813 0.20794677734375 0.101959228515625 0.0476760864257813
0.057342529296875 0.280410766601563 0.239105224609375 0.317626953125
0.093719482421875 -0.155014038085938 -0.2449951171875 -0.3160400390625
-0.091949462890625 -0.159957885742187 -0.0835647583007812 -0.0911178588867188
-0.155868530273438 -0.015045166015625 0.0713729858398437 -0.109870910644531
-0.0999221801757813 0.0970458984375 0.02093505859375 -0.248764038085938
-0.00756072998046874 0.130760192871094 -0.146865844726563 -0.266616821289062
0.0797958374023438 0.112945556640625 -0.28857421875 -0.194061279296875
0.0704193115234375 0.0806121826171875 -0.3182373046875 -0.092559814453125
0.04345703125 0.0829925537109375 -0.26068115234375 -0.0507659912109375
0.03887939453125 0.104316711425781 -0.20556640625 -0.0488128662109375
-0.0379180908203125 0.100807189941406 -0.156784057617188 -0.0471649169921875
-0.112602233886719 0.0388870239257812 -0.116737365722656 -0.02410888671875
-0.108322143554687 -0.0687255859375 -0.158111572265625 -0.012176513671875
-0.00172424316406251 -0.175674438476562 -0.273345947265625 -0.0541381835937501
0.119354248046875 -0.180389404296875 -0.391510009765625 -0.146270751953125
0.190399169921875 -0.10748291015625 -0.360870361328125 -0.19464111328125
0.233551025390625 -0.04388427734375 -0.1817626953125 -0.362701416015625
0.069488525390625 -0.136016845703125 -0.0453948974609375 -0.125068664550781
-0.0208969116210937 -0.0676345825195313 0.099273681640625 -0.131134033203125
-0.0399627685546875 -0.0157737731933594 0.043304443359375 -0.284515380859375
-0.0222339630126953 0.0164852142333984 -0.1339111328125 -0.302398681640625
-0.00113487243652344 0.0238113403320313 -0.295745849609375 -0.22442626953125
-0.0357017517089844 0.0233306884765625 -0.335540771484375 -0.11065673828125
-0.0502243041992188 0.0206871032714844 -0.272689819335938 -0.05474853515625
-0.0605735778808594 0.0263519287109375 -0.209564208984375 -0.0559234619140625
-0.0939559936523437 -0.00957489013671875 -0.1578369140625 -0.060943603515625
-0.0922775268554687 -0.0812759399414062 -0.100502014160156 -0.0238723754882813
-0.0260009765625 -0.1536865234375 -0.126579284667969 -0.00221252441406249
0.134613037109375 -0.16619873046875 -0.236770629882813 -0.0136260986328126
0.264999389648438 -0.106109619140625 -0.337799072265625 -0.10638427734375
0.310546875 0.000701904296875 -0.285247802734375 -0.182525634765625
0.341278076171875 0.089263916015625 -0.0745849609374999 -0.365478515625
0.235122680664063 -0.0662841796875 0.0333404541015625 -0.138198852539063
0.144851684570313 -0.09747314453125 0.148086547851563 -0.143478393554688
0.0504302978515625 -0.132377624511719 0.083953857421875 -0.30426025390625
-0.0195465087890625 -0.11285400390625 -0.09564208984375 -0.31683349609375
-0.0769805908203125 -0.0807723999023437 -0.264816284179688 -0.237350463867188
-0.134727478027344 -0.0431137084960938 -0.30828857421875 -0.119171142578125
-0.137863159179688 -0.044189453125 -0.2421875 -0.0529937744140625
-0.15484619140625 -0.0494232177734375 -0.173782348632813 -0.048187255859375
-0.150070190429688 -0.105117797851562 -0.131858825683594 -0.0480117797851562
-0.085601806640625 -0.18408203125 -0.071990966796875 -0.00153350830078128
0.0266571044921875 -0.230880737304688 -0.0938262939453125 0.0238800048828125
0.23333740234375 -0.1707763671875 -0.194442749023437 0.030303955078125
0.369140625 -0.058349609375 -0.264755249023438 -0.0665283203125
0.38873291015625 0.08697509765625 -0.1845703125 -0.137191772460938
0.390777587890625 0.2232666015625 0.063262939453125 -0.312591552734375
0.364044189453125 0.040771484375 0.143707275390625 -0.117767333984375
0.30816650390625 -0.084686279296875 0.20849609375 -0.13616943359375
0.164413452148438 -0.222198486328125 0.13702392578125 -0.293121337890625
0.00863647460937501 -0.231353759765625 -0.037506103515625 -0.298828125
-0.129287719726563 -0.185623168945313 -0.198837280273438 -0.223709106445313
-0.211532592773438 -0.108200073242187 -0.239242553710938 -0.114059448242188
-0.205764770507812 -0.101654052734375 -0.175506591796875 -0.04229736328125
-0.2305908203125 -0.112075805664063 -0.106399536132813 -0.0287399291992188
-0.198989868164063 -0.17626953125 -0.07879638671875 -0.0178070068359375
-0.088104248046875 -0.260726928710938 -0.0304775238037109 0.0334243774414062
0.05487060546875 -0.287567138671875 -0.0602302551269531 0.0547027587890625
0.29290771484375 -0.175750732421875 -0.151138305664062 0.05914306640625
0.42572021484375 -0.02117919921875 -0.177078247070312 -0.043975830078125
0.41876220703125 0.152069091796875 -0.0680618286132812 -0.07513427734375
0.360992431640625 0.324676513671875 0.205551147460938 -0.208892822265625
0.41094970703125 0.160858154296875 0.262893676757812 -0.06005859375
0.415771484375 -0.024169921875 0.264892578125 -0.1019287109375
0.268814086914063 -0.248199462890625 0.18597412109375 -0.241256713867188
0.0577392578125 -0.30426025390625 0.02728271484375 -0.241958618164063
-0.14776611328125 -0.26593017578125 -0.11126708984375 -0.179824829101563
-0.251602172851563 -0.160598754882812 -0.138435363769531 -0.0898208618164063
-0.2406005859375 -0.142929077148437 -0.0816650390625 -0.02569580078125
-0.274215698242187 -0.154037475585937 -0.0155096054077149 -0.00260925292968751
-0.22857666015625 -0.2198486328125 -0.00643157958984376 0.0223274230957031
-0.0855712890625 -0.30517578125 0.0180130004882812 0.0748214721679687
0.07550048828125 -0.3145751953125 -0.030517578125 0.0857009887695313
0.323577880859375 -0.159423828125 -0.11480712890625 0.0717239379882812
0.435577392578125 0.023956298828125 -0.0891952514648437 -0.0362396240234375
0.396575927734375 0.20587158203125 0.0490455627441406 -0.00138854980468749
0.2613525390625 0.36248779296875 0.3214111328125 -0.077056884765625
0.35784912109375 0.250885009765625 0.3582763671875 0.02423095703125
0.424163818359375 0.06390380859375 0.29736328125 -0.052093505859375
0.32427978515625 -0.204864501953125 0.211990356445313 -0.163284301757813
0.105926513671875 -0.307861328125 0.0794830322265625 -0.1578369140625
-0.129638671875 -0.29803466796875 -0.0193328857421875 -0.111175537109375
-0.248031616210938 -0.185867309570313 -0.0263595581054688 -0.05169677734375
-0.239974975585938 -0.160934448242188 0.023172378540039 -0.00427627563476563
-0.27728271484375 -0.1729736328125 0.0831527709960937 0.0252761840820312
-0.22943115234375 -0.2354736328125 0.0739822387695312 0.0679931640625
-0.074554443359375 -0.3154296875 0.0678176879882813 0.120880126953125
0.094696044921875 -0.309173583984375 -0.00762176513671873 0.118721008300781
0.33209228515625 -0.120269775390625 -0.0893936157226563 0.07745361328125
0.404815673828125 0.0830078125 -0.00895690917968747 -0.0287055969238281
0.32745361328125 0.2498779296875 0.151535034179688 0.0851898193359375
0.11090087890625 0.329254150390625 0.389801025390625 0.050262451171875
0.226242065429687 0.278244018554687 0.4095458984375 0.102783203125
0.332183837890625 0.13360595703125 0.2994384765625 -0.00659179687499999
0.30279541015625 -0.115631103515625 0.20965576171875 -0.083984375
0.128326416015625 -0.246688842773437 0.106620788574219 -0.0722122192382813
-0.0886077880859375 -0.272262573242188 0.0577125549316406 -0.0387001037597656
-0.20538330078125 -0.1800537109375 0.0772781372070312 -0.00806427001953126
-0.204071044921875 -0.153335571289062 0.122749328613281 0.0181503295898437
-0.240631103515625 -0.166778564453125 0.176483154296875 0.0539398193359375
-0.199325561523438 -0.221878051757813 0.151046752929688 0.115554809570312
-0.051605224609375 -0.289215087890625 0.111648559570312 0.168853759765625
0.10760498046875 -0.271728515625 0.007965087890625 0.154708862304687
0.31201171875 -0.067535400390625 -0.072967529296875 0.0864410400390625
0.336151123046875 0.1402587890625 0.0558280944824219 -0.00669860839843749
0.218276977539062 0.274566650390625 0.224166870117188 0.183563232421875
-0.053802490234375 0.239212036132813 0.403717041015625 0.138946533203125
0.0587158203125 0.243682861328125 0.412017822265625 0.147003173828125
0.176116943359375 0.16204833984375 0.276153564453125 0.0144805908203125
0.21844482421875 -0.018768310546875 0.18701171875 -0.027923583984375
0.118453979492188 -0.145156860351563 0.113319396972656 -0.00653839111328126
-0.0369720458984375 -0.19781494140625 0.111595153808594 0.0210037231445312
-0.130874633789063 -0.143310546875 0.157241821289063 0.0287322998046875
-0.137870788574219 -0.122451782226562 0.203231811523438 0.0377960205078125
-0.170211791992188 -0.136260986328125 0.254135131835938 0.0799102783203125
-0.142257690429688 -0.17901611328125 0.215316772460938 0.161956787109375
-0.0230560302734375 -0.23004150390625 0.14361572265625 0.217025756835937
0.10638427734375 -0.2039794921875 0.0137939453125 0.192779541015625
0.25634765625 -0.0089874267578125 -0.066925048828125 0.102279663085938
0.2291259765625 0.1776123046875 0.0964202880859375 0.0329666137695313
0.08001708984375 0.262435913085938 0.255767822265625 0.284088134765625
0.0804595947265625 -0.155685424804687 -0.260894775390625 -0.2938232421875
-0.0996856689453125 -0.147567749023438 -0.0851287841796875 -0.0819320678710938
-0.151611328125 -0.00207519531249998 0.0684051513671875 -0.110481262207031
-0.0888214111328125 0.101936340332031 0.00836181640625 -0.245895385742188
0.00405120849609374 0.125228881835938 -0.1578369140625 -0.250961303710938
0.086212158203125 0.099700927734375 -0.293212890625 -0.169525146484375
0.0746078491210937 0.0701065063476563 -0.317047119140625 -0.069488525390625
0.0488204956054687 0.0768051147460937 -0.25714111328125 -0.030609130859375
0.0452651977539063 0.0960769653320313 -0.204315185546875 -0.02972412109375
-0.027099609375 0.098968505859375 -0.157623291015625 -0.0314178466796875
-0.102973937988281 0.0461196899414063 -0.122383117675781 -0.0162353515625
-0.108627319335938 -0.0574874877929688 -0.16143798828125 -0.0071868896484375
-0.01531982421875 -0.169113159179688 -0.2705078125 -0.0441741943359376
0.101837158203125 -0.181625366210938 -0.390655517578125 -0.1241455078125
0.177291870117188 -0.11578369140625 -0.367950439453125 -0.1729736328125
0.225326538085938 -0.0561676025390625 -0.201934814453125 -0.342987060546875
0.0600433349609375 -0.134536743164063 -0.0501327514648438 -0.116119384765625
-0.0219535827636719 -0.0640525817871094 0.094635009765625 -0.132484436035156
-0.0377159118652344 -0.0137481689453125 0.028472900390625 -0.281646728515625
-0.0180797576904297 0.0147209167480469 -0.146636962890625 -0.285736083984375
-9.53674316406067E-06 0.0183334350585937 -0.301910400390625 -0.199371337890625
-0.0332546234130859 0.0219993591308594 -0.334228515625 -0.084503173828125
-0.0473976135253906 0.022247314453125 -0.268280029296875 -0.0323791503906251
-0.0578956604003906 0.0272979736328125 -0.207962036132812 -0.0354156494140625
-0.0907135009765625 -0.00445556640625002 -0.160980224609375 -0.04266357421875
-0.0926666259765625 -0.0725936889648437 -0.107513427734375 -0.0152969360351562
-0.033203125 -0.14739990234375 -0.131301879882812 0.00215148925781247
0.120834350585938 -0.16864013671875 -0.233001708984375 -0.00659179687499998
0.250411987304688 -0.11907958984375 -0.33795166015625 -0.08990478515625
0.302459716796875 -0.01641845703125 -0.295623779296875 -0.164947509765625
0.340118408203125 0.0665283203125 -0.0971374511718749 -0.35125732421875
0.226058959960938 -0.07763671875 0.0251007080078125 -0.132102966308594
0.13848876953125 -0.104873657226563 0.140716552734375 -0.144927978515625
0.0428009033203125 -0.133934020996094 0.06719970703125 -0.301239013671875
-0.02410888671875 -0.110366821289063 -0.10980224609375 -0.302001953125
-0.080810546875 -0.078643798828125 -0.27203369140625 -0.213302612304688
-0.134674072265625 -0.0342636108398437 -0.30780029296875 -0.09356689453125
-0.137969970703125 -0.0344085693359375 -0.23858642578125 -0.03143310546875
-0.1556396484375 -0.03887939453125 -0.173171997070313 -0.02923583984375
-0.154083251953125 -0.0933837890625 -0.135063171386719 -0.0299453735351563
-0.0951995849609375 -0.174560546875 -0.0780715942382813 0.00747680664062497
0.0121307373046875 -0.227554321289062 -0.0980072021484375 0.0273895263671875
0.218948364257813 -0.181976318359375 -0.191421508789063 0.034332275390625
0.3575439453125 -0.08026123046875 -0.265594482421875 -0.054290771484375
0.3851318359375 0.063446044921875 -0.19586181640625 -0.12689208984375
0.3978271484375 0.194854736328125 0.040802001953125 -0.307281494140625
0.359039306640625 0.0177001953125 0.132804870605469 -0.11700439453125
0.299041748046875 -0.104949951171875 0.198654174804688 -0.138702392578125
0.147415161132813 -0.229629516601562 0.118743896484375 -0.29083251953125
-0.00535583496093751 -0.228164672851563 -0.0511474609375 -0.2877197265625
-0.13958740234375 -0.176300048828125 -0.2061767578125 -0.205322265625
-0.21392822265625 -0.091461181640625 -0.24017333984375 -0.0921630859375
-0.207962036132813 -0.084716796875 -0.17266845703125 -0.0250091552734375
-0.2340087890625 -0.092864990234375 -0.105567932128906 -0.0151596069335938
-0.208038330078125 -0.15875244140625 -0.08123779296875 -0.00332641601562502
-0.1046142578125 -0.250137329101563 -0.0346031188964844 0.0402679443359375
0.03485107421875 -0.28656005859375 -0.0629005432128906 0.0575942993164062
0.278488159179688 -0.192489624023438 -0.148895263671875 0.062164306640625
0.417327880859375 -0.049102783203125 -0.180511474609375 -0.036102294921875
0.419769287109375 0.12469482421875 -0.0786056518554687 -0.0720443725585937
0.37701416015625 0.2945556640625 0.18670654296875 -0.213729858398437
0.413604736328125 0.132110595703125 0.251083374023437 -0.0667266845703125
0.408782958984375 -0.053619384765625 0.254806518554688 -0.1080322265625
0.247833251953125 -0.26318359375 0.170822143554688 -0.242202758789063
0.03558349609375 -0.30133056640625 0.0159912109375 -0.236526489257813
-0.163742065429687 -0.251480102539063 -0.116531372070313 -0.16827392578125
-0.256698608398438 -0.137863159179688 -0.140151977539063 -0.0760345458984375
-0.24530029296875 -0.121627807617187 -0.0806045532226563 -0.01544189453125
-0.280105590820313 -0.129013061523437 -0.0150423049926758 0.00299835205078124
-0.241729736328125 -0.197494506835937 -0.00785446166992189 0.0304431915283203
-0.107330322265625 -0.293182373046875 0.0183258056640625 0.0778350830078125
0.051971435546875 -0.314544677734375 -0.0302505493164063 0.0868377685546875
0.30999755859375 -0.1815185546875 -0.112831115722656 0.0744476318359375
0.431610107421875 -0.008026123046875 -0.0953750610351562 -0.0334701538085938
0.401824951171875 0.1773681640625 0.0404014587402344 -0.00639724731445311
0.282562255859375 0.338623046875 0.308929443359375 -0.0916748046875
0.36810302734375 0.222442626953125 0.3489990234375 0.00909423828125001
0.423675537109375 0.031280517578125 0.287872314453125 -0.059661865234375
0.30511474609375 -0.224639892578125 0.201004028320313 -0.167007446289063
0.0814208984375 -0.307708740234375 0.071319580078125 -0.157684326171875
-0.1488037109375 -0.2823486328125 -0.0230178833007813 -0.109230041503906
-0.25531005859375 -0.16314697265625 -0.0290756225585938 -0.0472183227539063
-0.246322631835938 -0.138031005859375 0.0227203369140625 -0.00275039672851563
-0.284698486328125 -0.14715576171875 0.0834121704101562 0.0226364135742187
-0.242904663085938 -0.211578369140625 0.075225830078125 0.0681991577148437
-0.097442626953125 -0.30377197265625 0.0719985961914063 0.118408203125
0.070037841796875 -0.30999755859375 -0.00421905517578124 0.118934631347656
0.319580078125 -0.143798828125 -0.0866851806640625 0.0799331665039062
0.404632568359375 0.05078125 -0.0164966583251953 -0.0300502777099609
0.337554931640625 0.22412109375 0.146499633789063 0.0721282958984375
0.134765625 0.315673828125 0.384613037109375 0.02972412109375
0.241943359375 0.257156372070313 0.403564453125 0.082855224609375
0.33721923828125 0.104644775390625 0.2913818359375 -0.015533447265625
0.288482666015625 -0.137908935546875 0.203262329101563 -0.089111328125
0.106124877929688 -0.24920654296875 0.103996276855469 -0.0760269165039063
-0.107254028320312 -0.259490966796875 0.0570755004882812 -0.043609619140625
-0.213409423828125 -0.158981323242188 0.0751800537109375 -0.0124130249023438
-0.209716796875 -0.133499145507813 0.120651245117187 0.0123062133789062
-0.248046875 -0.143600463867188 0.176284790039062 0.042572021484375
-0.21234130859375 -0.199691772460937 0.153961181640625 0.10748291015625
-0.0728759765625 -0.279266357421875 0.118972778320313 0.162033081054687
0.0845489501953125 -0.273712158203125 0.0144195556640625 0.153411865234375
0.3031005859375 -0.089508056640625 -0.0704498291015625 0.0884017944335937
0.340911865234375 0.110198974609375 0.0485115051269532 -0.0125274658203125
0.231887817382813 0.252227783203125 0.225677490234375 0.163589477539063
-0.03204345703125 0.237564086914062 0.4046630859375 0.116363525390625
0.0760345458984375 0.232894897460938 0.409820556640625 0.126434326171875
0.185989379882813 0.143753051757813 0.270172119140625 0.00729370117187501
0.211517333984375 -0.0377044677734375 0.18585205078125 -0.0326690673828125
0.102859497070313 -0.150283813476563 0.115180969238281 -0.0141983032226563
-0.0529327392578125 -0.188613891601563 0.11346435546875 0.00991058349609374
-0.138282775878906 -0.127235412597656 0.15570068359375 0.01739501953125
-0.143600463867188 -0.106552124023438 0.199615478515625 0.0239105224609375
-0.177459716796875 -0.118743896484375 0.252059936523438 0.06158447265625
-0.152847290039062 -0.161773681640625 0.220199584960937 0.14697265625
-0.041412353515625 -0.222259521484375 0.153594970703125 0.204879760742188
0.0876617431640625 -0.206451416015625 0.02288818359375 0.1904296875
0.251190185546875 -0.0289154052734375 -0.0638275146484375 0.103935241699219
0.236831665039063 0.154220581054688 0.0915756225585938 0.0232772827148438
0.09564208984375 0.248397827148437 0.26470947265625 0.259841918945313
0.06988525390625 -0.158432006835938 -0.278884887695313 -0.279983520507812
-0.108299255371094 -0.139694213867188 -0.088470458984375 -0.0747604370117188
-0.1492919921875 0.00817871093750001 0.0665283203125 -0.11419677734375
-0.0807647705078125 0.107719421386719 -0.00212097167968749 -0.24908447265625
0.0139923095703125 0.123176574707031 -0.168899536132813 -0.243743896484375
0.0915451049804688 0.090057373046875 -0.300933837890625 -0.15191650390625
0.0785293579101562 0.0621185302734375 -0.32061767578125 -0.0499267578125
0.0540542602539062 0.0719146728515625 -0.2584228515625 -0.0139312744140625
0.0507965087890625 0.0900039672851563 -0.205535888671875 -0.0142669677734375
-0.0178298950195313 0.0981597900390625 -0.1600341796875 -0.0186309814453125
-0.0958786010742188 0.0533370971679687 -0.130058288574219 -0.00875091552734374
-0.110481262207031 -0.0496139526367187 -0.168319702148438 -0.00262451171874997
-0.0265045166015625 -0.164398193359375 -0.273223876953125 -0.0373687744140625
0.088226318359375 -0.185440063476562 -0.397430419921875 -0.108489990234375
0.168792724609375 -0.125167846679688 -0.380889892578125 -0.158294677734375
0.221328735351562 -0.0687255859375 -0.22283935546875 -0.332672119140625
0.0519180297851562 -0.136192321777344 -0.0555343627929687 -0.110137939453125
-0.0229644775390625 -0.062286376953125 0.0924072265625 -0.135604858398437
-0.0369186401367188 -0.0123062133789063 0.015625 -0.28338623046875
-0.0149059295654297 0.0135974884033203 -0.159408569335938 -0.277801513671875
0.000520706176757813 0.0133476257324219 -0.31103515625 -0.18048095703125
-0.0322113037109375 0.0210170745849609 -0.33856201171875 -0.062469482421875
-0.0456771850585938 0.0243644714355469 -0.269058227539063 -0.0137176513671875
-0.0571327209472656 0.0288734436035156 -0.209671020507813 -0.0190277099609375
-0.0898666381835938 -0.000617980957031248 -0.16473388671875 -0.02691650390625
-0.094390869140625 -0.0667037963867188 -0.115425109863281 -0.00612640380859377
-0.0404052734375 -0.14471435546875 -0.138557434082031 0.00514984130859371
0.111160278320313 -0.174026489257813 -0.235824584960938 -0.00120544433593756
0.242630004882812 -0.13238525390625 -0.344390869140625 -0.076873779296875
0.301544189453125 -0.032012939453125 -0.309967041015625 -0.153961181640625
0.34454345703125 0.04949951171875 -0.11871337890625 -0.34588623046875
0.221878051757813 -0.0890655517578125 0.018768310546875 -0.128677368164063
0.135711669921875 -0.114410400390625 0.137039184570313 -0.149002075195313
0.0372467041015625 -0.137840270996094 0.055145263671875 -0.303924560546875
-0.02886962890625 -0.111618041992188 -0.122894287109375 -0.295196533203125
-0.0865478515625 -0.077545166015625 -0.281494140625 -0.19769287109375
-0.137596130371094 -0.0279693603515625 -0.311676025390625 -0.072479248046875
-0.139678955078125 -0.026123046875 -0.238052368164063 -0.0139007568359375
-0.159698486328125 -0.0295867919921875 -0.174728393554688 -0.01385498046875
-0.159759521484375 -0.0845794677734375 -0.139442443847656 -0.0146636962890625
-0.10479736328125 -0.169479370117188 -0.0849380493164063 0.0159149169921875
-0.000610351562500011 -0.22943115234375 -0.10418701171875 0.0304794311523437
0.209854125976563 -0.195068359375 -0.19366455078125 0.0388031005859375
0.3544921875 -0.102081298828125 -0.272109985351563 -0.044525146484375
0.39044189453125 0.044097900390625 -0.209793090820312 -0.119598388671875
0.41058349609375 0.173248291015625 0.0216064453125 -0.308563232421875
0.361053466796875 -0.0023193359375 0.126548767089844 -0.119247436523437
0.296173095703125 -0.124298095703125 0.194778442382813 -0.143844604492188
0.135467529296875 -0.240737915039062 0.1072998046875 -0.295867919921875
-0.0177459716796875 -0.228622436523438 -0.063140869140625 -0.284088134765625
-0.1527099609375 -0.170578002929687 -0.215667724609375 -0.193511962890625
-0.220077514648438 -0.07916259765625 -0.243896484375 -0.0747222900390625
-0.2137451171875 -0.0710601806640625 -0.172805786132812 -0.01104736328125
-0.241973876953125 -0.0773162841796875 -0.106430053710938 -0.00435638427734375
-0.220291137695313 -0.145736694335938 -0.0838470458984375 0.00955963134765626
-0.121261596679688 -0.244644165039062 -0.0378608703613281 0.0473442077636719
0.01806640625 -0.291107177734375 -0.0664329528808594 0.0600852966308594
0.269760131835938 -0.21197509765625 -0.150436401367187 0.066192626953125
0.417083740234375 -0.076629638671875 -0.18780517578125 -0.0299072265625
0.429290771484375 0.10382080078125 -0.0901412963867187 -0.0706100463867188
0.39581298828125 0.274139404296875 0.173934936523438 -0.221908569335937
0.42181396484375 0.1070556640625 0.247055053710938 -0.0749664306640625
0.4093017578125 -0.08074951171875 0.252304077148438 -0.114044189453125
0.234039306640625 -0.281021118164063 0.162109375 -0.247817993164063
0.018035888671875 -0.305328369140625 0.0069122314453125 -0.235488891601563
-0.180801391601563 -0.2431640625 -0.123947143554688 -0.162353515625
-0.265289306640625 -0.122726440429688 -0.14337158203125 -0.0661773681640625
-0.2530517578125 -0.104965209960938 -0.08062744140625 -0.00740814208984375
-0.290130615234375 -0.10980224609375 -0.0147075653076172 0.00741100311279296
-0.256744384765625 -0.1815185546875 -0.00746536254882814 0.0386581420898437
-0.128570556640625 -0.2879638671875 0.0188446044921875 0.08209228515625
0.032073974609375 -0.321075439453125 -0.0302352905273438 0.0906829833984375
0.30230712890625 -0.20416259765625 -0.114013671875 0.0784378051757813
0.435150146484375 -0.036895751953125 -0.102134704589844 -0.030548095703125
0.414459228515625 0.15594482421875 0.032766342163086 -0.0103073120117187
0.30706787109375 0.322998046875 0.303955078125 -0.105621337890625
0.382720947265625 0.20147705078125 0.348114013671875 -0.00305175781249999
0.429534912109375 0.00341796875 0.286895751953125 -0.06683349609375
0.29180908203125 -0.246795654296875 0.196456909179688 -0.17303466796875
0.06329345703125 -0.31353759765625 0.066558837890625 -0.160308837890625
-0.167877197265625 -0.273712158203125 -0.0255584716796875 -0.10943603515625
-0.266204833984375 -0.145584106445312 -0.0315284729003906 -0.0433692932128906
-0.255081176757813 -0.12225341796875 0.0222759246826172 -0.00080299377441407
-0.29681396484375 -0.12713623046875 0.0853347778320313 0.0202865600585937
-0.259567260742187 -0.1944580078125 0.0779190063476562 0.0692672729492187
-0.12030029296875 -0.298675537109375 0.0772781372070312 0.118988037109375
0.049591064453125 -0.317474365234375 -0.00088500976562499 0.121536254882813
0.314544677734375 -0.168304443359375 -0.0879440307617187 0.0836944580078125
0.41143798828125 0.02252197265625 -0.0238780975341797 -0.0316715240478516
0.351837158203125 0.205535888671875 0.146209716796875 0.0626068115234375
0.156982421875 0.3079833984375 0.387664794921875 0.012451171875
0.25927734375 0.242462158203125 0.406524658203125 0.068359375
0.346893310546875 0.081817626953125 0.292022705078125 -0.021881103515625
0.280227661132813 -0.159622192382813 0.20269775390625 -0.09478759765625
0.0900726318359375 -0.257492065429688 0.103919982910156 -0.0809860229492188
-0.125701904296875 -0.2513427734375 0.0572700500488281 -0.0483970642089844
-0.223052978515625 -0.14349365234375 0.0746994018554687 -0.0156402587890625
-0.218414306640625 -0.11749267578125 0.121170043945313 0.00670623779296874
-0.258560180664063 -0.124771118164062 0.179244995117187 0.0334014892578125
-0.22723388671875 -0.18316650390625 0.15997314453125 0.103347778320313
-0.0929412841796875 -0.275283813476563 0.12799072265625 0.159133911132812
0.066314697265625 -0.2801513671875 0.020721435546875 0.154815673828125
0.299652099609375 -0.111297607421875 -0.0705108642578125 0.0916748046875
0.348785400390625 0.08660888671875 0.0422286987304688 -0.0173988342285156
0.247955322265625 0.238845825195313 0.231719970703125 0.150665283203125
-0.0144500732421875 0.238601684570313 0.414794921875 0.099639892578125
0.09356689453125 0.226730346679687 0.415679931640625 0.11187744140625
0.197036743164063 0.129974365234375 0.2716064453125 0.00202941894531251
0.207229614257813 -0.0542449951171875 0.188140869140625 -0.0379180908203125
0.0912933349609375 -0.15728759765625 0.118873596191406 -0.01995849609375
-0.0669097900390625 -0.1832275390625 0.115570068359375 0.000328063964843739
-0.146102905273437 -0.115646362304688 0.156158447265625 0.00675964355468749
-0.150070190429688 -0.09490966796875 0.199813842773438 0.0131378173828125
-0.18487548828125 -0.103652954101562 0.255783081054688 0.0473785400390625
-0.1651611328125 -0.14910888671875 0.22796630859375 0.13720703125
-0.0578460693359375 -0.21875 0.164871215820313 0.199066162109375
0.0742950439453125 -0.211837768554688 0.0323333740234375 0.190994262695313
0.251358032226563 -0.046417236328125 -0.0621337890625 0.107505798339844
0.247024536132813 0.135772705078125 0.0870361328125 0.0152053833007813
0.10919189453125 0.241714477539063 0.277572631835938 0.244827270507813
0.0582122802734375 -0.165634155273438 -0.30718994140625 -0.265045166015625
-0.119956970214844 -0.132621765136719 -0.0941390991210938 -0.068328857421875
-0.148971557617188 0.0219879150390625 0.0642547607421875 -0.120674133300781
-0.0710067749023437 0.116317749023438 -0.01666259765625 -0.255615234375
0.0253067016601563 0.121635437011719 -0.186538696289063 -0.23675537109375
0.0989990234375 0.0807266235351563 -0.3154296875 -0.133056640625
0.083892822265625 0.0529556274414062 -0.328857421875 -0.02618408203125
0.0618133544921875 0.0675735473632813 -0.262405395507813 0.00683593750000003
0.0587387084960938 0.0850372314453125 -0.209762573242188 0.00395202636718753
-0.00756072998046875 0.0982437133789062 -0.1646728515625 -0.00442504882812497
-0.0891952514648438 0.061676025390625 -0.1390380859375 0.00239562988281253
-0.115005493164063 -0.0397796630859375 -0.178573608398438 0.00578308105468751
-0.0414581298828125 -0.162628173828125 -0.2823486328125 -0.0253906250000001
0.073455810546875 -0.192581176757813 -0.412872314453125 -0.08795166015625
0.16217041015625 -0.138580322265625 -0.402435302734375 -0.1383056640625
0.220443725585938 -0.0836334228515625 -0.253875732421875 -0.32281494140625
0.044464111328125 -0.141326904296875 -0.0634002685546875 -0.106086730957031
-0.0257072448730469 -0.0608673095703125 0.0887603759765625 -0.143280029296875
-0.0359230041503906 -0.0097198486328125 0.000152587890625014 -0.291717529296875
-0.0124588012695313 0.0125131607055664 -0.1785888671875 -0.27288818359375
-0.00101089477539062 0.0100278854370117 -0.327362060546875 -0.16070556640625
-0.0317230224609375 0.0208930969238281 -0.347381591796875 -0.0362854003906251
-0.0443458557128906 0.0269927978515625 -0.271896362304688 0.00836181640624999
-0.0566177368164063 0.0320243835449219 -0.2139892578125 0.000457763671874998
-0.0895919799804688 0.00432586669921875 -0.171401977539062 -0.00970458984375
-0.0987396240234375 -0.0613479614257812 -0.124603271484375 0.00399780273437502
-0.050323486328125 -0.143768310546875 -0.148818969726563 0.01336669921875
0.1005859375 -0.183517456054688 -0.242691040039063 0.00762939453125
0.235260009765625 -0.151504516601563 -0.35736083984375 -0.060150146484375
0.3038330078125 -0.052520751953125 -0.33245849609375 -0.13916015625
0.35504150390625 0.02569580078125 -0.148223876953125 -0.34405517578125
0.219802856445313 -0.106201171875 0.0106430053710938 -0.128608703613281
0.131584167480469 -0.127716064453125 0.133941650390625 -0.15777587890625
0.0298614501953125 -0.145156860351563 0.037933349609375 -0.31353759765625
-0.0368576049804687 -0.114143371582031 -0.14337158203125 -0.29241943359375
-0.0965728759765625 -0.0756912231445312 -0.298828125 -0.180419921875
-0.142333984375 -0.0202484130859375 -0.320892333984375 -0.049163818359375
-0.143829345703125 -0.0163421630859375 -0.241012573242187 0.00697326660156245
-0.165969848632813 -0.01837158203125 -0.17767333984375 0.00312805175781253
-0.16986083984375 -0.0738372802734375 -0.143600463867188 0.00321960449218749
-0.119598388671875 -0.165069580078125 -0.0908279418945313 0.0274200439453125
-0.01617431640625 -0.234619140625 -0.112472534179687 0.0376052856445312
0.200576782226563 -0.214950561523437 -0.197891235351562 0.047027587890625
0.35223388671875 -0.130462646484375 -0.282989501953125 -0.03155517578125
0.401397705078125 0.0185546875 -0.229049682617187 -0.109817504882812
0.432281494140625 0.146087646484375 -0.00189208984374995 -0.314605712890625
0.3673095703125 -0.028900146484375 0.121200561523438 -0.125434875488281
0.29461669921875 -0.1513671875 0.193939208984375 -0.156158447265625
0.12091064453125 -0.25830078125 0.093536376953125 -0.3060302734375
-0.035247802734375 -0.234375 -0.08074951171875 -0.28387451171875
-0.169998168945313 -0.164657592773438 -0.231277465820313 -0.181640625
-0.230026245117188 -0.064422607421875 -0.251968383789063 -0.0557861328125
-0.222457885742188 -0.055816650390625 -0.173690795898438 0.00508117675781248
-0.254257202148438 -0.0579376220703125 -0.106918334960938 0.00830841064453123
-0.236740112304688 -0.1298828125 -0.086181640625 0.02392578125
-0.142898559570313 -0.24066162109375 -0.038543701171875 0.05743408203125
-0.00424194335937501 -0.2998046875 -0.070343017578125 0.0667800903320312
0.260177612304688 -0.239059448242188 -0.153549194335937 0.0734100341796875
0.420562744140625 -0.111358642578125 -0.197418212890625 -0.02117919921875
0.4473876953125 0.075592041015625 -0.104484558105469 -0.0671539306640625
0.426300048828125 0.249786376953125 0.159835815429688 -0.236251831054687
0.4388427734375 0.07763671875 0.245773315429688 -0.0875396728515625
0.4127197265625 -0.115936279296875 0.25225830078125 -0.127471923828125
0.217620849609375 -0.308197021484375 0.15118408203125 -0.261199951171875
-0.00430297851562499 -0.31304931640625 -0.00607299804687498 -0.238677978515625
-0.204559326171875 -0.234848022460938 -0.135086059570313 -0.157119750976563
-0.279464721679688 -0.103897094726562 -0.149444580078125 -0.054412841796875
-0.265792846679688 -0.0864410400390625 -0.0804595947265625 0.002349853515625
-0.306121826171875 -0.086273193359375 -0.0131340026855469 0.0124797821044922
-0.278106689453125 -0.161727905273437 -0.00531768798828127 0.0473060607910156
-0.1568603515625 -0.283905029296875 0.02294921875 0.0882492065429687
0.00671386718749999 -0.330841064453125 -0.029327392578125 0.0951766967773438
0.294586181640625 -0.235565185546875 -0.115608215332031 0.0852737426757813
0.4420166015625 -0.075286865234375 -0.111930847167969 -0.0263595581054687
0.436553955078125 0.131561279296875 0.0262908935546875 -0.0139217376708984
0.339630126953125 0.30657958984375 0.303131103515625 -0.126861572265625
0.406463623046875 0.1751708984375 0.353759765625 -0.02117919921875
0.43988037109375 -0.0318603515625 0.29071044921875 -0.080291748046875
0.278305053710937 -0.277862548828125 0.192047119140625 -0.186447143554688
0.039703369140625 -0.325836181640625 0.059906005859375 -0.16741943359375
-0.19403076171875 -0.265701293945313 -0.0329666137695313 -0.110237121582031
-0.28204345703125 -0.1268310546875 -0.0339279174804688 -0.0407981872558594
-0.268203735351562 -0.10198974609375 0.0237960815429687 6.10351562499938E-05
-0.312652587890625 -0.102813720703125 0.0880661010742187 0.0164413452148437
-0.28125 -0.173797607421875 0.0845108032226563 0.0713119506835938
-0.149139404296875 -0.295013427734375 0.0858154296875 0.120841979980469
0.024261474609375 -0.3292236328125 0.00461578369140626 0.124526977539062
0.309173583984375 -0.2003173828125 -0.0884475708007813 0.090240478515625
0.42169189453125 -0.012939453125 -0.031768798828125 -0.0321292877197266
0.3751220703125 0.184356689453125 0.147201538085938 0.053192138671875
0.187744140625 0.3013916015625 0.39794921875 -0.011260986328125
0.2845458984375 0.22613525390625 0.4180908203125 0.046295166015625
0.360626220703125 0.053253173828125 0.29840087890625 -0.034332275390625
0.271896362304688 -0.187911987304688 0.20330810546875 -0.106338500976563
0.0711822509765625 -0.269271850585938 0.103157043457031 -0.0894622802734375
-0.149734497070313 -0.245254516601563 0.0564918518066406 -0.0557632446289063
-0.238494873046875 -0.126327514648438 0.0755233764648438 -0.0211105346679688
-0.231292724609375 -0.100875854492188 0.123870849609375 -0.000617980957031256
-0.273818969726562 -0.103744506835938 0.18499755859375 0.0224609375
-0.247344970703125 -0.165771484375 0.171035766601562 0.0971221923828125
-0.119415283203125 -0.272323608398438 0.1417236328125 0.155899047851562
0.044403076171875 -0.2913818359375 0.0299224853515625 0.157928466796875
0.297698974609375 -0.140411376953125 -0.0696029663085938 0.097625732421875
0.363739013671875 0.056640625 0.0359992980957031 -0.0231094360351562
0.269882202148438 0.224578857421875 0.24310302734375 0.136672973632813
0.00805664062499999 0.24371337890625 0.4326171875 0.0753173828125
0.11370849609375 0.222198486328125 0.431243896484375 0.09173583984375
0.211868286132813 0.112396240234375 0.27899169921875 -0.00869750976562499
0.205184936523438 -0.076446533203125 0.19384765625 -0.0479736328125
0.0786590576171875 -0.167495727539063 0.123153686523438 -0.03076171875
-0.0851593017578125 -0.179840087890625 0.119400024414062 -0.0117340087890625
-0.158233642578125 -0.103378295898438 0.159683227539063 -0.00447082519531251
-0.160186767578125 -0.083099365234375 0.203414916992188 -0.000915527343750005
-0.196929931640625 -0.0889129638671875 0.262893676757813 0.0290985107421875
-0.179901123046875 -0.136123657226562 0.242950439453125 0.125640869140625
-0.077606201171875 -0.216964721679687 0.183563232421875 0.19293212890625
0.0570831298828125 -0.22137451171875 0.0446014404296875 0.193191528320313
0.25189208984375 -0.07000732421875 -0.0602188110351562 0.113700866699219
0.261199951171875 0.11431884765625 0.0840911865234375 0.00660705566406251
0.128692626953125 0.235519409179688 0.298492431640625 0.2279052734375
0.0408935546875 -0.171112060546875 -0.340423583984375 -0.237030029296875
-0.134979248046875 -0.1201171875 -0.10260009765625 -0.0573501586914063
-0.145904541015625 0.0378570556640625 0.0579452514648437 -0.127670288085938
-0.0568618774414062 0.124298095703125 -0.0384521484375 -0.259658813476563
0.0399398803710938 0.11846923828125 -0.20965576171875 -0.224334716796875
0.105461120605469 0.0683517456054688 -0.33154296875 -0.104522705078125
0.0884017944335938 0.0418624877929688 -0.33502197265625 0.00659179687500003
0.0705490112304688 0.0598526000976563 -0.2640380859375 0.034576416015625
0.0682373046875 0.0780715942382813 -0.210983276367188 0.026580810546875
0.0037078857421875 0.09722900390625 -0.167633056640625 0.014007568359375
-0.0799102783203125 0.0703277587890625 -0.146240234375 0.01800537109375
-0.118484497070313 -0.0272979736328125 -0.188079833984375 0.0213470458984375
-0.0580902099609375 -0.157119750976563 -0.290771484375 -0.00561523437500004
0.0534210205078125 -0.199142456054687 -0.42730712890625 -0.0549926757812501
0.149002075195313 -0.155242919921875 -0.425567626953125 -0.106048583984375
0.214080810546875 -0.104141235351562 -0.29229736328125 -0.302032470703125
0.0299072265625 -0.145294189453125 -0.0738067626953125 -0.0986785888671875
-0.0293235778808594 -0.0597801208496094 0.0810394287109375 -0.152313232421875
-0.0343666076660156 -0.00775718688964844 -0.024810791015625 -0.29620361328125
-0.0101461410522461 0.011540412902832 -0.204544067382812 -0.260025024414063
-0.00212907791137695 0.00624799728393555 -0.34588623046875 -0.130462646484375
-0.0314235687255859 0.0210762023925781 -0.35394287109375 -0.00173950195312503
-0.0422286987304688 0.0301437377929687 -0.271499633789063 0.037689208984375
-0.0551376342773438 0.0369300842285156 -0.214675903320313 0.0247955322265625
-0.0902786254882813 0.0121307373046875 -0.17449951171875 0.0121612548828125
-0.103263854980469 -0.0531692504882813 -0.130455017089844 0.0214157104492187
-0.0642547607421875 -0.140174865722656 -0.15740966796875 0.026123046875
0.0829315185546875 -0.194473266601563 -0.24810791015625 0.0245361328125
0.222030639648437 -0.175338745117187 -0.368927001953125 -0.0314025878906251
0.30322265625 -0.081878662109375 -0.356719970703125 -0.112274169921875
0.3624267578125 -0.007293701171875 -0.18682861328125 -0.333099365234375
0.210800170898438 -0.129470825195313 -0.00123596191406248 -0.128456115722656
0.123001098632812 -0.143707275390625 0.125030517578125 -0.170455932617188
0.017303466796875 -0.152053833007812 0.012481689453125 -0.32110595703125
-0.04766845703125 -0.1138916015625 -0.169586181640625 -0.28289794921875
-0.108146667480469 -0.070556640625 -0.3189697265625 -0.152923583984375
-0.147323608398438 -0.00846862792968748 -0.32781982421875 -0.0158691406249999
-0.14794921875 -0.00274658203124997 -0.240707397460938 0.03326416015625
-0.171142578125 -0.00149536132812501 -0.17779541015625 0.025634765625
-0.180160522460938 -0.0577239990234375 -0.145278930664063 0.024322509765625
-0.13720703125 -0.156173706054688 -0.09326171875 0.0425033569335937
-0.040283203125 -0.236526489257813 -0.117843627929688 0.0486068725585937
0.182266235351562 -0.238739013671875 -0.20135498046875 0.061004638671875
0.34375 -0.168609619140625 -0.29351806640625 -0.00912475585937498
0.41094970703125 -0.019317626953125 -0.250015258789063 -0.09124755859375
0.453826904296875 0.105560302734375 -0.034759521484375 -0.31884765625
0.368804931640625 -0.065887451171875 0.110855102539063 -0.133613586425781
0.285430908203125 -0.185516357421875 0.186019897460938 -0.171951293945313
0.097320556640625 -0.275863647460937 0.068756103515625 -0.3182373046875
-0.0584869384765625 -0.235885620117188 -0.106430053710937 -0.280105590820313
-0.19134521484375 -0.151138305664063 -0.249053955078125 -0.161819458007813
-0.240615844726563 -0.0436248779296875 -0.259475708007812 -0.0299072265625
-0.231277465820313 -0.03314208984375 -0.173416137695313 0.0250244140625
-0.26507568359375 -0.03179931640625 -0.106147766113281 0.022705078125
-0.2540283203125 -0.106185913085938 -0.0838546752929688 0.0400161743164063
-0.17169189453125 -0.2301025390625 -0.0364036560058594 0.068084716796875
-0.035400390625 -0.3057861328125 -0.0716018676757813 0.0751953125
0.240615844726563 -0.271957397460938 -0.15399169921875 0.0854034423828125
0.414794921875 -0.157958984375 -0.206558227539062 -0.00569152832031248
0.461944580078125 0.034149169921875 -0.119499206542969 -0.0589065551757813
0.459320068359375 0.21038818359375 0.13824462890625 -0.25506591796875
0.452606201171875 0.034332275390625 0.240768432617188 -0.107177734375
0.40771484375 -0.162628173828125 0.247787475585938 -0.148040771484375
0.188720703125 -0.33660888671875 0.132568359375 -0.27691650390625
-0.036041259765625 -0.319061279296875 -0.025543212890625 -0.242645263671875
-0.233566284179687 -0.217132568359375 -0.150314331054688 -0.147811889648438
-0.295135498046875 -0.07635498046875 -0.155654907226563 -0.03857421875
-0.2784423828125 -0.0588531494140625 -0.0806503295898438 0.0128860473632813
-0.320068359375 -0.054351806640625 -0.0114364624023438 0.017059326171875
-0.299163818359375 -0.13323974609375 0.000404357910156233 0.0548057556152344
-0.190444946289062 -0.2720947265625 0.0310516357421875 0.0928726196289062
-0.029052734375 -0.3397216796875 -0.0259323120117188 0.100761413574219
0.275909423828125 -0.27288818359375 -0.115287780761719 0.0952606201171875
0.440338134765625 -0.12445068359375 -0.121353149414062 -0.0183792114257813
0.45703125 0.090087890625 0.0194835662841797 -0.0168113708496094
0.3785400390625 0.27490234375 0.2952880859375 -0.1566162109375
0.429840087890625 0.135711669921875 0.35650634765625 -0.05035400390625
0.442413330078125 -0.081298828125 0.29083251953125 -0.102691650390625
0.251953125 -0.31219482421875 0.18145751953125 -0.203582763671875
0.00582885742187503 -0.335052490234375 0.048614501953125 -0.176010131835938
-0.226516723632813 -0.248336791992188 -0.041717529296875 -0.111007690429688
-0.298675537109375 -0.097900390625 -0.0374298095703125 -0.0371437072753906
-0.282440185546875 -0.0733642578125001 0.0249271392822265 -0.000160217285156254
-0.329071044921875 -0.069366455078125 0.0919952392578125 0.01068115234375
-0.30499267578125 -0.144256591796875 0.094329833984375 0.0696563720703125
-0.183563232421875 -0.282745361328125 0.0994338989257812 0.118270874023437
-0.011199951171875 -0.338104248046875 0.0131988525390625 0.127273559570312
0.292755126953125 -0.238739013671875 -0.0863265991210937 0.0992355346679688
0.42633056640625 -0.060699462890625 -0.0417938232421875 -0.0308570861816406
0.401458740234375 0.150360107421875 0.150131225585938 0.0403289794921875
0.225128173828125 0.28515625 0.404998779296875 -0.0477294921875
0.312591552734375 0.19805908203125 0.4293212890625 0.012847900390625
0.37322998046875 0.013946533203125 0.30206298828125 -0.056304931640625
0.253814697265625 -0.221969604492188 0.20068359375 -0.124053955078125
0.042572021484375 -0.281219482421875 0.100135803222656 -0.101692199707031
-0.179718017578125 -0.231704711914063 0.0528793334960937 -0.0651473999023438
-0.25421142578125 -0.101516723632813 0.0749969482421875 -0.0290985107421875
-0.244155883789063 -0.0763702392578125 0.124954223632813 -0.0114364624023438
-0.288482666015625 -0.073699951171875 0.18988037109375 0.0048675537109375
-0.269058227539062 -0.138137817382813 0.183685302734375 0.0858917236328125
-0.1519775390625 -0.262725830078125 0.159423828125 0.147796630859375
0.013092041015625 -0.300384521484375 0.04425048828125 0.15863037109375
0.287322998046875 -0.176971435546875 -0.0656204223632812 0.106399536132812
0.373046875 0.015899658203125 0.0289554595947266 -0.0277118682861328
0.2969970703125 0.20098876953125 0.257110595703125 0.114593505859375
0.037750244140625 0.244216918945312 0.4505615234375 0.038787841796875
0.1395263671875 0.211471557617188 0.448394775390625 0.057098388671875
0.228286743164062 0.08892822265625 0.285400390625 -0.028472900390625
0.198013305664063 -0.101882934570313 0.197830200195313 -0.06439208984375
0.0608367919921875 -0.17840576171875 0.126075744628906 -0.0430755615234375
-0.106491088867188 -0.1710205078125 0.121726989746094 -0.0266876220703125
-0.17059326171875 -0.0856170654296875 0.160690307617188 -0.0218658447265625
-0.170150756835938 -0.0651702880859375 0.204925537109375 -0.0201263427734375
-0.208084106445313 -0.0664825439453125 0.26983642578125 0.004791259765625
-0.196121215820312 -0.114349365234375 0.258819580078125 0.104660034179687
-0.102874755859375 -0.2108154296875 0.204849243164062 0.178878784179687
0.034027099609375 -0.2293701171875 0.0622711181640625 0.193130493164063
0.247360229492187 -0.0988006591796875 -0.0553817749023438 0.120964050292969
0.275390625 0.0866851806640625 0.0809783935546875 -0.00261688232421874
0.154434204101563 0.22552490234375 0.323822021484375 0.201751708984375
0.020538330078125 -0.17193603515625 -0.3663330078125 -0.194061279296875
-0.146499633789063 -0.101669311523437 -0.106941223144531 -0.0416717529296875
-0.135856628417969 0.0542984008789063 0.0478439331054687 -0.132919311523438
-0.03912353515625 0.128555297851563 -0.0638580322265625 -0.25518798828125
0.0544052124023438 0.109603881835937 -0.231475830078125 -0.20068359375
0.110710144042969 0.0532073974609375 -0.338226318359375 -0.066802978515625
0.0902938842773437 0.0298995971679687 -0.330322265625 0.0440673828125
0.0766830444335938 0.0490341186523438 -0.255050659179688 0.0636138916015625
0.07635498046875 0.0667190551757813 -0.204147338867188 0.0527496337890625
0.0172500610351563 0.0927810668945313 -0.163558959960938 0.0347900390625
-0.067108154296875 0.0768814086914063 -0.146102905273438 0.0377044677734375
-0.118507385253906 -0.0118179321289063 -0.189834594726562 0.04058837890625
-0.0755615234375 -0.145721435546875 -0.290191650390625 0.0205383300781249
0.0287322998046875 -0.19879150390625 -0.429931640625 -0.013427734375
0.12994384765625 -0.169662475585938 -0.436798095703125 -0.06036376953125
0.200042724609375 -0.125686645507813 -0.32562255859375 -0.26409912109375
0.0121612548828125 -0.144882202148438 -0.0851211547851562 -0.0859146118164063
-0.0335807800292969 -0.0561447143554688 0.0684661865234375 -0.158950805664063
-0.0329818725585938 -0.00557899475097656 -0.05474853515625 -0.29217529296875
-0.00735092163085937 0.00955390930175781 -0.229080200195313 -0.236572265625
-0.00399065017700195 0.00499391555786133 -0.353759765625 -0.091796875
-0.0312881469726563 0.0229549407958984 -0.34912109375 0.03826904296875
-0.0377044677734375 0.0332870483398438 -0.262008666992188 0.0682830810546875
-0.0505905151367188 0.0408210754394531 -0.207656860351563 0.0516357421875
-0.086944580078125 0.0206298828125 -0.170989990234375 0.0348663330078125
-0.106224060058594 -0.0419540405273438 -0.131584167480469 0.0391845703125
-0.0774002075195313 -0.131538391113281 -0.160446166992187 0.042755126953125
0.0609588623046875 -0.199752807617187 -0.2470703125 0.0456085205078125
0.199249267578125 -0.196533203125 -0.37213134765625 0.00320434570312506
0.29095458984375 -0.113037109375 -0.3709716796875 -0.074005126953125
0.358001708984375 -0.045379638671875 -0.224761962890625 -0.307159423828125
0.193435668945313 -0.1494140625 -0.0152664184570312 -0.123191833496094
0.107376098632813 -0.156387329101563 0.10955810546875 -0.18048095703125
0.000732421875000016 -0.154586791992188 -0.01934814453125 -0.3201904296875
-0.0608139038085938 -0.111007690429687 -0.195892333984375 -0.26251220703125
-0.118194580078125 -0.0597457885742187 -0.32952880859375 -0.116180419921875
-0.148544311523438 0.00677490234374997 -0.32373046875 0.0221252441406251
-0.146530151367188 0.013916015625 -0.23114013671875 0.062469482421875
-0.16925048828125 0.017608642578125 -0.17034912109375 0.0478057861328125
-0.185043334960938 -0.035064697265625 -0.139434814453125 0.0456085205078125
-0.152801513671875 -0.139724731445313 -0.0907363891601563 0.0573654174804687
-0.0663604736328125 -0.231430053710938 -0.118927001953125 0.0614166259765625
0.153732299804688 -0.25634765625 -0.197067260742187 0.0777587890625
0.32037353515625 -0.20501708984375 -0.295196533203125 0.018341064453125
0.4051513671875 -0.063323974609375 -0.263412475585938 -0.064056396484375
0.462310791015625 0.055023193359375 -0.07232666015625 -0.309844970703125
0.356292724609375 -0.1065673828125 0.0940399169921875 -0.141098022460938
0.261474609375 -0.21636962890625 0.171463012695313 -0.187728881835938
0.066009521484375 -0.286346435546875 0.0379638671875 -0.322296142578125
-0.0838470458984375 -0.229080200195313 -0.134124755859375 -0.265899658203125
-0.2095947265625 -0.128204345703125 -0.26263427734375 -0.133956909179687
-0.244033813476562 -0.016571044921875 -0.257080078125 0.000595092773437553
-0.23272705078125 -0.0062255859375 -0.166824340820313 0.0470428466796875
-0.266250610351563 -0.000381469726562486 -0.100723266601563 0.0382537841796875
-0.265045166015625 -0.072998046875 -0.076873779296875 0.0559234619140625
-0.19775390625 -0.209182739257813 -0.0311126708984375 0.0766677856445313
-0.07080078125 -0.300384521484375 -0.0696258544921875 0.0836257934570312
0.207733154296875 -0.29901123046875 -0.149703979492188 0.098236083984375
0.392364501953125 -0.204345703125 -0.209716796875 0.0143280029296875
0.46343994140625 -0.01715087890625 -0.131607055664063 -0.0449752807617187
0.479644775390625 0.153900146484375 0.10601806640625 -0.26666259765625
0.450531005859375 -0.01739501953125 0.225875854492188 -0.12933349609375
0.3863525390625 -0.208251953125 0.23480224609375 -0.16766357421875
0.147430419921875 -0.35614013671875 0.105377197265625 -0.28656005859375
-0.072967529296875 -0.31378173828125 -0.047271728515625 -0.238739013671875
-0.25836181640625 -0.188705444335938 -0.164566040039063 -0.132217407226562
-0.30084228515625 -0.042510986328125 -0.156967163085938 -0.0186767578125
-0.28192138671875 -0.026214599609375 -0.0756988525390625 0.0244522094726563
-0.325286865234375 -0.014862060546875 -0.00686454772949221 0.0215435028076172
-0.313079833984375 -0.094970703125 0.00833892822265624 0.0603599548339844
-0.221725463867188 -0.247207641601562 0.0401992797851562 0.094146728515625
-0.06915283203125 -0.334136962890625 -0.0208587646484375 0.10504150390625
0.2413330078125 -0.305572509765625 -0.108612060546875 0.106063842773437
0.42041015625 -0.17645263671875 -0.126991271972656 -0.00630187988281253
0.46527099609375 0.040374755859375 0.0114326477050782 -0.0177631378173828
0.4085693359375 0.2286376953125 0.27349853515625 -0.184829711914062
0.440399169921875 0.08489990234375 0.3472900390625 -0.08349609375
0.42938232421875 -0.13299560546875 0.281707763671875 -0.12725830078125
0.211517333984375 -0.339508056640625 0.1611328125 -0.218658447265625
-0.03289794921875 -0.33282470703125 0.031890869140625 -0.178756713867188
-0.25579833984375 -0.21759033203125 -0.0521163940429688 -0.107894897460938
-0.306854248046875 -0.061309814453125 -0.0383758544921875 -0.032257080078125
-0.28668212890625 -0.03936767578125 0.0247421264648437 -0.001800537109375
-0.333465576171875 -0.02752685546875 0.0931472778320313 0.00202178955078125
-0.316741943359375 -0.103240966796875 0.102386474609375 0.0636978149414063
-0.21722412109375 -0.257247924804688 0.1126708984375 0.109642028808594
-0.052001953125 -0.334716796875 0.0233001708984375 0.126708984375
0.260635375976563 -0.27325439453125 -0.079681396484375 0.107009887695312
0.41357421875 -0.111724853515625 -0.0495262145996093 -0.0262985229492188
0.41485595703125 0.10382080078125 0.1495361328125 0.02447509765625
0.259384155273438 0.254898071289063 0.397125244140625 -0.09100341796875
0.332611083984375 0.16015625 0.428253173828125 -0.0294189453125
0.370452880859375 -0.03155517578125 0.296539306640625 -0.0830078125
0.223175048828125 -0.251266479492188 0.190414428710938 -0.141845703125
0.00836181640625 -0.28369140625 0.0912857055664063 -0.112579345703125
-0.205917358398437 -0.2061767578125 0.0458831787109375 -0.0725784301757813
-0.262557983398438 -0.0692596435546875 0.0701484680175781 -0.037353515625
-0.249282836914063 -0.04541015625 0.122383117675781 -0.02325439453125
-0.294891357421875 -0.035980224609375 0.188674926757812 -0.0140380859375
-0.28106689453125 -0.102828979492187 0.192230224609375 0.068023681640625
-0.183502197265625 -0.241531372070313 0.174224853515625 0.13031005859375
-0.024139404296875 -0.29925537109375 0.0583953857421875 0.152450561523437
0.263214111328125 -0.212646484375 -0.058258056640625 0.113197326660156
0.368743896484375 -0.03033447265625 0.01934814453125 -0.0306301116943359
0.31756591796875 0.16485595703125 0.264404296875 0.0846405029296875
0.0680999755859375 0.2347412109375 0.453857421875 -0.010955810546875
0.16400146484375 0.189437866210938 0.450714111328125 0.01336669921875
0.236663818359375 0.0593414306640625 0.28411865234375 -0.053955078125
0.179656982421875 -0.125442504882813 0.1953125 -0.0825958251953125
0.0369415283203125 -0.1844482421875 0.122711181640625 -0.0588226318359375
-0.126678466796875 -0.154922485351563 0.117294311523438 -0.0423736572265625
-0.1787109375 -0.062530517578125 0.15545654296875 -0.03936767578125
-0.174453735351563 -0.041107177734375 0.200042724609375 -0.0416259765625
-0.213241577148438 -0.04022216796875 0.267318725585938 -0.0242767333984375
-0.206558227539063 -0.0876312255859375 0.26788330078125 0.07696533203125
-0.128494262695313 -0.195510864257813 0.223831176757812 0.155136108398437
0.0047607421875 -0.230667114257813 0.0812225341796875 0.18438720703125
0.23321533203125 -0.127731323242188 -0.0456771850585937 0.127456665039063
0.281082153320313 0.0509490966796875 0.073974609375 -0.0120086669921875
0.178207397460938 0.205718994140625 0.341156005859375 0.160614013671875
0.00184631347656251 -0.165191650390625 -0.371246337890625 -0.146942138671875
-0.149658203125 -0.079437255859375 -0.1064453125 -0.024383544921875
-0.124420166015625 0.066070556640625 0.0364227294921875 -0.132537841796875
-0.0226821899414062 0.126441955566406 -0.085357666015625 -0.244125366210937
0.0655975341796875 0.0966262817382813 -0.239547729492188 -0.1728515625
0.109100341796875 0.0378646850585938 -0.329559326171875 -0.03094482421875
0.0878982543945312 0.016326904296875 -0.31134033203125 0.075592041015625
0.0793228149414063 0.0380172729492188 -0.23760986328125 0.088287353515625
0.0797805786132813 0.0538253784179688 -0.190811157226563 0.0714569091796875
0.0270462036132813 0.083984375 -0.154144287109375 0.0516204833984375
-0.0541534423828125 0.0786895751953125 -0.140403747558594 0.0548171997070313
-0.111457824707031 0.000671386718749997 -0.185348510742188 0.0590972900390625
-0.0870208740234375 -0.128990173339844 -0.28179931640625 0.0420227050781251
0.00566101074218748 -0.191482543945313 -0.4180908203125 0.025543212890625
0.10748291015625 -0.176467895507813 -0.43096923828125 -0.018585205078125
0.180572509765625 -0.137298583984375 -0.34393310546875 -0.220489501953125
-0.00164031982421876 -0.138992309570313 -0.087890625 -0.0702133178710938
-0.0346031188964844 -0.0506515502929688 0.05474853515625 -0.158447265625
-0.0295753479003906 -0.00365447998046875 -0.0768280029296875 -0.277130126953125
-0.0082864761352539 0.00743961334228516 -0.241668701171875 -0.206863403320313
-0.00574922561645508 0.00514459609985352 -0.34625244140625 -0.05322265625
-0.0292205810546875 0.0254535675048828 -0.32977294921875 0.07159423828125
-0.0340766906738281 0.0338325500488281 -0.243377685546875 0.093963623046875
-0.0448112487792969 0.0443916320800781 -0.194198608398438 0.0736083984375
-0.0808868408203125 0.0284881591796875 -0.159713745117188 0.0548095703125
-0.104782104492188 -0.0303497314453125 -0.125091552734375 0.0556716918945313
-0.0865936279296875 -0.118812561035156 -0.158294677734375 0.0586700439453125
0.03887939453125 -0.19598388671875 -0.236495971679688 0.0630035400390624
0.172088623046875 -0.205108642578125 -0.36083984375 0.035491943359375
0.26904296875 -0.136199951171875 -0.369293212890625 -0.035369873046875
0.34185791015625 -0.080078125 -0.252456665039063 -0.271514892578125
0.170196533203125 -0.160308837890625 -0.0257339477539063 -0.111434936523438
0.0889129638671875 -0.161666870117188 0.0945281982421875 -0.182754516601563
-0.014404296875 -0.150009155273438 -0.046875 -0.306060791015625
-0.0683822631835938 -0.103218078613281 -0.210845947265625 -0.235504150390625
-0.122550964355469 -0.0453262329101562 -0.330047607421875 -0.080902099609375
-0.145034790039063 0.02178955078125 -0.307159423828125 0.054534912109375
-0.140823364257812 0.02545166015625 -0.213851928710938 0.0836944580078125
-0.161834716796875 0.036651611328125 -0.15667724609375 0.0660552978515625
-0.18035888671875 -0.0154876708984375 -0.126884460449219 0.0619735717773438
-0.161270141601562 -0.119766235351563 -0.0842819213867188 0.069580078125
-0.0864715576171875 -0.217071533203125 -0.115119934082031 0.072540283203125
0.122756958007813 -0.262374877929688 -0.190567016601562 0.091949462890625
0.2861328125 -0.228240966796875 -0.286224365234375 0.0419006347656249
0.3841552734375 -0.099334716796875 -0.269210815429688 -0.0352020263671875
0.450347900390625 0.0040283203125 -0.10595703125 -0.28936767578125
0.33203125 -0.13568115234375 0.0781402587890625 -0.14154052734375
0.231292724609375 -0.235870361328125 0.150177001953125 -0.193695068359375
0.03216552734375 -0.283935546875 0.00875854492187502 -0.313232421875
-0.104904174804688 -0.211654663085938 -0.149642944335938 -0.242507934570313
-0.218017578125 -0.104141235351563 -0.264175415039062 -0.104598999023438
-0.238037109375 0.0089111328125 -0.244735717773438 0.028076171875
-0.224655151367188 0.0177001953125 -0.152740478515625 0.0632476806640625
-0.257888793945313 0.0305938720703125 -0.0906295776367188 0.0497817993164063
-0.262588500976563 -0.0418548583984376 -0.0641899108886719 0.0667724609375
-0.211715698242188 -0.180282592773437 -0.0238723754882813 0.0818252563476562
-0.10064697265625 -0.281890869140625 -0.0662612915039062 0.0917510986328125
0.16815185546875 -0.310546875 -0.142013549804688 0.105758666992188
0.35321044921875 -0.237579345703125 -0.206436157226562 0.0301055908203125
0.44732666015625 -0.062103271484375 -0.135208129882812 -0.0306015014648438
0.481201171875 0.10125732421875 0.0746612548828125 -0.267074584960938
0.4296875 -0.061798095703125 0.204833984375 -0.142913818359375
0.35272216796875 -0.241485595703125 0.21270751953125 -0.18133544921875
0.103363037109375 -0.357421875 0.07720947265625 -0.2855224609375
-0.102081298828125 -0.2943115234375 -0.0697174072265625 -0.224151611328125
-0.269973754882813 -0.154983520507813 -0.169204711914063 -0.110748291015625
-0.2960205078125 -0.010284423828125 -0.150238037109375 -0.00286865234374997
-0.271316528320313 0.00602722167968752 -0.067596435546875 0.0315170288085937
-0.310821533203125 0.022186279296875 -0.00409507751464846 0.0235500335693359
-0.310089111328125 -0.05474853515625 0.0167045593261719 0.0612068176269531
-0.243362426757813 -0.21380615234375 0.0494461059570312 0.0893173217773437
-0.102783203125 -0.31634521484375 -0.0117034912109375 0.104484558105469
0.200439453125 -0.32073974609375 -0.0999298095703125 0.112464904785156
0.388336181640625 -0.213623046875 -0.129432678222656 0.00601196289062498
0.45660400390625 -0.0067138671875 0.0026206970214844 -0.0167207717895508
0.415985107421875 0.176177978515625 0.241973876953125 -0.202407836914063
0.432830810546875 0.033905029296875 0.324798583984375 -0.111053466796875
0.400177001953125 -0.173736572265625 0.262298583984375 -0.146636962890625
0.166229248046875 -0.352630615234375 0.1396484375 -0.2257080078125
-0.068634033203125 -0.3165283203125 0.014404296875 -0.176773071289063
-0.273147583007813 -0.182083129882812 -0.0603713989257813 -0.101188659667969
-0.3009033203125 -0.027191162109375 -0.0404548645019531 -0.0243568420410156
-0.28179931640625 -0.00802612304687506 0.0243721008300781 -3.05175781250005E-05
-0.325103759765625 0.01116943359375 0.09222412109375 -0.00719451904296875
-0.315338134765625 -0.0628356933593749 0.106689453125 0.0525360107421875
-0.238174438476562 -0.226608276367188 0.119865417480469 0.096221923828125
-0.08660888671875 -0.317169189453125 0.0294418334960937 0.1209716796875
0.22381591796875 -0.29254150390625 -0.07305908203125 0.110931396484375
0.38421630859375 -0.152099609375 -0.0555458068847656 -0.0212516784667969
0.41241455078125 0.059539794921875 0.1419677734375 0.008697509765625
0.278076171875 0.215545654296875 0.3740234375 -0.125823974609375
0.336334228515625 0.118927001953125 0.409637451171875 -0.0673828125
0.35357666015625 -0.06939697265625 0.279541015625 -0.103713989257813
0.186843872070312 -0.267868041992188 0.172409057617188 -0.153350830078125
-0.022491455078125 -0.2745361328125 0.079193115234375 -0.116386413574219
-0.221206665039063 -0.1732177734375 0.0374984741210937 -0.0766830444335938
-0.26153564453125 -0.0386199951171875 0.0648536682128906 -0.0429229736328125
-0.24774169921875 -0.0170745849609375 0.115829467773437 -0.0337448120117188
-0.287628173828125 -0.000854492187500046 0.182342529296875 -0.0301513671875
-0.283538818359375 -0.0662841796874999 0.195083618164062 0.048095703125
-0.203079223632812 -0.212677001953125 0.183578491210938 0.110000610351562
-0.054718017578125 -0.287261962890625 0.0687255859375 0.145889282226562
0.229049682617188 -0.23260498046875 -0.0480804443359375 0.115867614746094
0.352142333984375 -0.0689697265625 0.0109844207763672 -0.0329093933105469
0.3221435546875 0.126800537109375 0.260787963867188 0.054351806640625
0.089691162109375 0.213882446289063 0.43994140625 -0.054229736328125
0.178634643554688 0.162353515625 0.44012451171875 -0.029937744140625
0.233200073242188 0.03070068359375 0.269989013671875 -0.0736541748046875
0.15789794921875 -0.141738891601563 0.184036254882813 -0.096649169921875
0.01251220703125 -0.179122924804688 0.11566162109375 -0.0680313110351563
-0.139144897460937 -0.133689880371094 0.105514526367188 -0.054718017578125
-0.176849365234375 -0.0406036376953125 0.149185180664063 -0.054046630859375
-0.17181396484375 -0.0201568603515625 0.187973022460938 -0.059173583984375
-0.21026611328125 -0.01373291015625 0.25262451171875 -0.0480194091796875
-0.209075927734375 -0.0620269775390625 0.267364501953125 0.0500335693359375
-0.143875122070313 -0.171340942382813 0.231109619140625 0.13165283203125
-0.0228271484375 -0.221954345703125 0.0932159423828125 0.172393798828125
0.208755493164063 -0.149337768554688 -0.032562255859375 0.128204345703125
0.273757934570312 0.0187530517578125 0.0657501220703125 -0.020355224609375
0.19140625 0.178176879882812 0.341400146484375 0.118255615234375
-0.0120849609375 -0.155029296875 -0.367034912109375 -0.110687255859375
-0.149551391601563 -0.062957763671875 -0.101127624511719 -0.0122146606445313
-0.111038208007812 0.0714797973632812 0.0303726196289062 -0.129592895507813
-0.0102310180664063 0.120048522949219 -0.0976104736328125 -0.22802734375
0.0693511962890625 0.0850601196289063 -0.241790771484375 -0.14984130859375
0.106033325195313 0.0259552001953125 -0.31707763671875 -0.00543212890625004
0.0844802856445313 0.00860595703125 -0.292144775390625 0.094940185546875
0.0788421630859375 0.0273208618164062 -0.218353271484375 0.101287841796875
0.0804519653320313 0.043853759765625 -0.17510986328125 0.0843353271484375
0.0328216552734375 0.0759353637695313 -0.1429443359375 0.062530517578125
-0.0421371459960937 0.07958984375 -0.133193969726563 0.065216064453125
-0.105598449707031 0.01153564453125 -0.17767333984375 0.0716400146484375
-0.0909194946289063 -0.113899230957031 -0.267166137695312 0.0554656982421875
-0.00756835937499999 -0.17974853515625 -0.3984375 0.0476684570312499
0.088348388671875 -0.175018310546875 -0.417449951171875 0.0123596191406251
0.1607666015625 -0.143341064453125 -0.34564208984375 -0.1802978515625
-0.0118865966796875 -0.129539489746094 -0.0888214111328125 -0.05694580078125
-0.034820556640625 -0.0470428466796875 0.045806884765625 -0.155014038085938
-0.0277156829833984 -0.00408363342285156 -0.09283447265625 -0.261184692382812
-0.00480794906616211 0.00402593612670898 -0.244964599609375 -0.180755615234375
-0.0081334114074707 0.00372314453125 -0.336029052734375 -0.025146484375
-0.0285491943359375 0.0241241455078125 -0.308074951171875 0.0947875976562499
-0.0291900634765625 0.0339012145996094 -0.22283935546875 0.108245849609375
-0.038818359375 0.0453033447265625 -0.176925659179688 0.0861358642578125
-0.0744094848632813 0.0305404663085937 -0.146255493164063 0.0674896240234375
-0.1004638671875 -0.0232315063476562 -0.116973876953125 0.0668563842773438
-0.090301513671875 -0.106437683105469 -0.151962280273437 0.070098876953125
0.02410888671875 -0.188262939453125 -0.22723388671875 0.072906494140625
0.147689819335938 -0.208450317382812 -0.34417724609375 0.055023193359375
0.247833251953125 -0.151275634765625 -0.361846923828125 -0.00866699218749999
0.320068359375 -0.09967041015625 -0.26190185546875 -0.236785888671875
0.150238037109375 -0.164810180664063 -0.0333786010742187 -0.101898193359375
0.0755157470703125 -0.162322998046875 0.0814056396484375 -0.18017578125
-0.02459716796875 -0.145843505859375 -0.064208984375 -0.29071044921875
-0.074615478515625 -0.0949554443359375 -0.21771240234375 -0.20953369140625
-0.122207641601562 -0.032684326171875 -0.317108154296875 -0.052001953125
-0.137825012207031 0.03082275390625 -0.287872314453125 0.076873779296875
-0.13092041015625 0.0363616943359375 -0.193954467773438 0.098480224609375
-0.152359008789063 0.0477294921875 -0.1429443359375 0.0780487060546875
-0.17388916015625 -0.000274658203125003 -0.115432739257812 0.07501220703125
-0.163528442382813 -0.101425170898438 -0.0756912231445313 0.0774002075195313
-0.099456787109375 -0.2000732421875 -0.112983703613281 0.0822067260742187
0.0985870361328125 -0.25762939453125 -0.179122924804688 0.0966339111328125
0.255950927734375 -0.239730834960938 -0.275009155273438 0.0580291748046874
0.362457275390625 -0.123443603515625 -0.261764526367188 -0.01483154296875
0.431549072265625 -0.02679443359375 -0.124114990234375 -0.264663696289063
0.303924560546875 -0.15435791015625 0.0642242431640625 -0.135757446289063
0.20599365234375 -0.243789672851563 0.136016845703125 -0.193695068359375
0.010162353515625 -0.275405883789063 -0.011749267578125 -0.30108642578125
-0.118438720703125 -0.1966552734375 -0.158523559570313 -0.223052978515625
-0.218246459960938 -0.0791473388671875 -0.259552001953125 -0.0806884765625001
-0.229217529296875 0.0268707275390626 -0.231658935546875 0.0463104248046875
-0.213851928710938 0.034088134765625 -0.138313293457031 0.0749740600585938
-0.242843627929688 0.0501708984375 -0.0806732177734375 0.0564117431640625
-0.253005981445313 -0.016632080078125 -0.0551681518554688 0.07452392578125
-0.219741821289063 -0.155288696289062 -0.01507568359375 0.0834808349609375
-0.12005615234375 -0.262802124023438 -0.0622482299804688 0.095306396484375
0.138824462890625 -0.30938720703125 -0.132469177246094 0.112342834472656
0.321441650390625 -0.254547119140625 -0.198928833007813 0.0423583984375
0.424102783203125 -0.090911865234375 -0.13671875 -0.0170211791992188
0.466094970703125 0.05810546875 0.047515869140625 -0.2557373046875
0.4049072265625 -0.0926513671875 0.183853149414063 -0.147048950195313
0.317657470703125 -0.2569580078125 0.195343017578125 -0.18572998046875
0.071319580078125 -0.353424072265625 0.058319091796875 -0.275955200195313
-0.120742797851563 -0.274810791015625 -0.0767669677734375 -0.209930419921875
-0.272293090820313 -0.122573852539062 -0.170425415039063 -0.0942840576171875
-0.283660888671875 0.015045166015625 -0.142333984375 0.0117645263671875
-0.261734008789063 0.0267486572265625 -0.061614990234375 0.040313720703125
-0.29766845703125 0.04815673828125 -1.6690811315811E-17 0.0250778198242188
-0.30029296875 -0.02490234375 0.0237617492675781 0.063079833984375
-0.250717163085938 -0.185440063476562 0.0539093017578125 0.0861053466796875
-0.1265869140625 -0.294189453125 -0.0113143920898438 0.105850219726563
0.16461181640625 -0.324249267578125 -0.093902587890625 0.116409301757812
0.350982666015625 -0.236236572265625 -0.127845764160156 0.0141143798828125
0.436553955078125 -0.04083251953125 -0.000324249267578097 -0.0155420303344727
0.415008544921875 0.136322021484375 0.216049194335938 -0.2119140625
0.4140625 -0.00103759765625 0.30047607421875 -0.1265869140625
0.370452880859375 -0.195953369140625 0.243927001953125 -0.155303955078125
0.129791259765625 -0.34979248046875 0.120315551757813 -0.223129272460938
-0.092376708984375 -0.298126220703125 0.0047607421875 -0.169342041015625
-0.275360107421875 -0.149002075195313 -0.0660018920898438 -0.0924606323242188
-0.291107177734375 0.000732421874999983 -0.0398826599121094 -0.0198593139648437
-0.26953125 0.016876220703125 0.0275478363037109 0.00102996826171875
-0.310089111328125 0.03851318359375 0.0863037109375 -0.009552001953125
-0.30767822265625 -0.031494140625 0.109596252441406 0.0486068725585938
-0.24859619140625 -0.195663452148438 0.122772216796875 0.08636474609375
-0.112152099609375 -0.2957763671875 0.0338668823242188 0.11773681640625
0.188507080078125 -0.299530029296875 -0.0657424926757813 0.115074157714844
0.353729248046875 -0.177734375 -0.0594749450683594 -0.014801025390625
0.40191650390625 0.02618408203125 0.132804870605469 -0.00193023681640625
0.282958984375 0.18048095703125 0.34759521484375 -0.145355224609375
0.3292236328125 0.084075927734375 0.385589599609375 -0.08984375
0.3331298828125 -0.095458984375 0.265625 -0.115509033203125
0.153610229492188 -0.270004272460938 0.160064697265625 -0.157913208007813
-0.046630859375 -0.259201049804688 0.0695037841796875 -0.118293762207031
-0.227767944335938 -0.144638061523437 0.0296630859375 -0.0784454345703125
-0.251434326171875 -0.0131988525390625 0.0597000122070312 -0.045257568359375
-0.236083984375 0.00497436523437498 0.109596252441406 -0.0368194580078125
-0.275634765625 0.0235137939453125 0.16973876953125 -0.0413818359375
-0.272689819335938 -0.0368194580078125 0.191207885742187 0.0360565185546875
-0.214431762695312 -0.184677124023438 0.18414306640625 0.0921173095703125
-0.0783538818359375 -0.27008056640625 0.0712509155273438 0.134620666503906
0.199874877929688 -0.241424560546875 -0.0437240600585937 0.117301940917969
0.32720947265625 -0.095672607421875 0.00459861755371096 -0.0300960540771484
0.32012939453125 0.096832275390625 0.251068115234375 0.032623291015625
0.106658935546875 0.19384765625 0.416961669921875 -0.08258056640625
0.1820068359375 0.138916015625 0.417816162109375 -0.055145263671875
0.225738525390625 0.0086822509765625 0.261138916015625 -0.087432861328125
0.13641357421875 -0.1485595703125 0.173248291015625 -0.105239868164063
-0.00329589843750002 -0.172378540039063 0.107681274414063 -0.075958251953125
-0.145462036132812 -0.111831665039063 0.098724365234375 -0.06365966796875
-0.171401977539062 -0.021087646484375 0.13604736328125 -0.0634002685546875
-0.165695190429688 -0.00611877441406247 0.176025390625 -0.0683441162109375
-0.201400756835938 0.00531005859375004 0.238861083984375 -0.065765380859375
-0.202285766601563 -0.038787841796875 0.259384155273437 0.0296783447265625
-0.153289794921875 -0.153060913085938 0.229843139648437 0.1064453125
-0.03765869140625 -0.211166381835938 0.0993804931640625 0.159561157226563
0.186203002929687 -0.160446166992188 -0.0281600952148437 0.125991821289062
0.259475708007813 -0.00555419921875 0.0573158264160156 -0.0218353271484375
0.198013305664063 0.155685424804688 0.3358154296875 0.08929443359375
-0.0196685791015625 -0.146270751953125 -0.361480712890625 -0.08270263671875
-0.146682739257812 -0.0501251220703125 -0.0951080322265625 -0.00205230712890623
-0.1002197265625 0.0745391845703125 0.026885986328125 -0.128364562988281
-0.000259399414062504 0.114677429199219 -0.106201171875 -0.2166748046875
0.07220458984375 0.0749282836914063 -0.241439819335938 -0.133316040039062
0.103843688964844 0.017486572265625 -0.3052978515625 0.010833740234375
0.0804977416992188 0.00222015380859375 -0.276458740234375 0.109268188476562
0.077667236328125 0.018951416015625 -0.203948974609375 0.109786987304688
0.0807723999023437 0.0352020263671875 -0.162673950195313 0.0923004150390625
0.0362739562988281 0.0690803527832031 -0.133987426757813 0.0691680908203125
-0.0341262817382812 0.0771255493164063 -0.127479553222656 0.07421875
-0.097503662109375 0.0164108276367188 -0.171432495117188 0.0803070068359375
-0.0931854248046875 -0.102157592773438 -0.258941650390625 0.061737060546875
-0.0174102783203125 -0.171737670898437 -0.3853759765625 0.0632629394531249
0.0753021240234375 -0.173309326171875 -0.406707763671875 0.0322875976562499
0.148712158203125 -0.145248413085938 -0.34466552734375 -0.152130126953125
-0.0187606811523438 -0.122703552246094 -0.0874099731445313 -0.0458221435546875
-0.0344772338867187 -0.0452919006347656 0.0406951904296875 -0.153152465820313
-0.0263385772705078 -0.00394439697265625 -0.102203369140625 -0.248245239257813
-0.00598430633544922 0.00242185592651367 -0.245361328125 -0.162857055664063
-0.00908565521240235 0.00329685211181641 -0.3243408203125 -0.00607299804687501
-0.0280876159667969 0.0242805480957031 -0.2904052734375 0.108795166015625
-0.0264091491699219 0.0324630737304688 -0.206069946289063 0.117263793945313
-0.0352325439453125 0.0443229675292969 -0.164108276367188 0.094879150390625
-0.0689659118652344 0.03363037109375 -0.136054992675781 0.0764389038085938
-0.0966720581054687 -0.0166397094726563 -0.1107177734375 0.0754623413085937
-0.0918121337890625 -0.0975418090820313 -0.147796630859375 0.078857421875
0.0138397216796875 -0.180679321289063 -0.22027587890625 0.0785980224609375
0.131057739257812 -0.208206176757813 -0.334442138671875 0.0675659179687499
0.231414794921875 -0.159255981445313 -0.354248046875 0.011322021484375
0.303192138671875 -0.11248779296875 -0.268753051757813 -0.210830688476562
0.135604858398438 -0.165771484375 -0.0369720458984375 -0.0929489135742188
0.065460205078125 -0.16265869140625 0.074188232421875 -0.177978515625
-0.0322418212890625 -0.140350341796875 -0.0749664306640625 -0.27734375
-0.0783004760742188 -0.0884857177734375 -0.21881103515625 -0.191253662109375
-0.122573852539063 -0.024169921875 -0.308135986328125 -0.033172607421875
-0.133796691894531 0.0381088256835937 -0.270797729492187 0.0906219482421875
-0.124221801757813 0.0421524047851562 -0.17889404296875 0.107574462890625
-0.1444091796875 0.05487060546875 -0.130935668945313 0.0853042602539062
-0.167129516601563 0.0108489990234375 -0.104019165039063 0.0828018188476563
-0.16424560546875 -0.08892822265625 -0.0690078735351563 0.0837326049804688
-0.108123779296875 -0.1871337890625 -0.1094970703125 0.0897216796875
0.0806732177734375 -0.254226684570313 -0.173477172851563 0.101791381835938
0.233535766601563 -0.245330810546875 -0.266860961914063 0.0669555664062499
0.344207763671875 -0.139556884765625 -0.258926391601563 0.00135803222656244
0.414581298828125 -0.0504150390625 -0.136703491210938 -0.245864868164063
0.283782958984375 -0.164642333984375 0.0532073974609375 -0.130424499511719
0.185928344726563 -0.248550415039063 0.12554931640625 -0.192306518554688
-0.0073089599609375 -0.267913818359375 -0.0230712890625 -0.28900146484375
-0.1268310546875 -0.183578491210938 -0.162399291992188 -0.206985473632813
-0.217376708984375 -0.06182861328125 -0.254058837890625 -0.0624237060546875
-0.220535278320313 0.040985107421875 -0.218536376953125 0.059112548828125
-0.204269409179687 0.045684814453125 -0.125511169433594 0.0823516845703125
-0.231903076171875 0.0632171630859375 -0.0727767944335938 0.0611495971679688
-0.245223999023438 0.0012664794921875 -0.0454559326171875 0.0786056518554688
-0.223251342773438 -0.135299682617188 -0.00941467285156252 0.0865554809570312
-0.132904052734375 -0.246505737304688 -0.0606002807617188 0.100349426269531
0.115570068359375 -0.306976318359375 -0.127090454101563 0.115463256835938
0.294342041015625 -0.265960693359375 -0.195175170898437 0.0504913330078125
0.407012939453125 -0.110687255859375 -0.137870788574219 -0.00726318359375003
0.45391845703125 0.0302734375 0.0284576416015625 -0.24749755859375
0.383697509765625 -0.110870361328125 0.169082641601563 -0.146820068359375
0.294036865234375 -0.2677001953125 0.184219360351563 -0.186721801757813
0.046051025390625 -0.345947265625 0.0441131591796875 -0.269775390625
-0.136016845703125 -0.25799560546875 -0.0830841064453125 -0.198715209960938
-0.272781372070312 -0.0986938476562501 -0.1695556640625 -0.0821990966796875
-0.273727416992188 0.0334014892578125 -0.135711669921875 0.0200347900390625
-0.251602172851562 0.0433502197265625 -0.05322265625 0.0452003479003906
-0.285125732421875 0.0675048828124999 0.00280570983886717 0.0268020629882813
-0.29058837890625 -0.00259399414062506 0.0304107666015625 0.06365966796875
-0.256439208984375 -0.160919189453125 0.0584793090820312 0.0828704833984375
-0.142745971679688 -0.276885986328125 -0.00939941406250002 0.108688354492187
0.1402587890625 -0.32366943359375 -0.0892181396484375 0.119125366210937
0.323486328125 -0.249420166015625 -0.127647399902344 0.01983642578125
0.421051025390625 -0.06353759765625 -0.00562667846679685 -0.0141401290893555
0.408477783203125 0.105438232421875 0.195175170898438 -0.21392822265625
0.397918701171875 -0.023651123046875 0.28350830078125 -0.13531494140625
0.347564697265625 -0.213134765625 0.231124877929688 -0.1593017578125
0.103057861328125 -0.345947265625 0.107696533203125 -0.220901489257813
-0.10723876953125 -0.281646728515625 -0.00109863281250002 -0.16351318359375
-0.275909423828125 -0.122955322265625 -0.0691757202148438 -0.086395263671875
-0.282196044921875 0.0198059082031249 -0.0390357971191406 -0.0159454345703125
-0.259674072265625 0.03326416015625 0.0275745391845703 0.00147819519042969
-0.297119140625 0.06036376953125 0.0849075317382812 -0.012939453125
-0.298736572265625 -0.00857543945312497 0.111442565917969 0.04400634765625
-0.255508422851562 -0.171249389648438 0.125030517578125 0.0788421630859375
-0.128616333007813 -0.280364990234375 0.0356826782226562 0.116203308105469
0.163482666015625 -0.3021240234375 -0.0609512329101562 0.117080688476563
0.33099365234375 -0.19378662109375 -0.063140869140625 -0.0111274719238281
0.390899658203125 0.001708984375 0.125595092773438 -0.0077362060546875
0.284942626953125 0.15753173828125 0.327728271484375 -0.158538818359375
0.321868896484375 0.0611572265625 0.3662109375 -0.10406494140625
0.3173828125 -0.11395263671875 0.253067016601563 -0.122390747070313
0.130935668945312 -0.2711181640625 0.14990234375 -0.159835815429688
-0.0623321533203125 -0.246780395507813 0.064544677734375 -0.117973327636719
-0.229049682617188 -0.122283935546875 0.0237197875976562 -0.0777511596679688
-0.243911743164063 0.00532531738281255 0.0551338195800781 -0.0464057922363281
-0.22784423828125 0.0207366943359375 0.10516357421875 -0.0406417846679688
-0.264404296875 0.042877197265625 0.1634521484375 -0.0492706298828125
-0.265853881835938 -0.0162048339843749 0.188766479492187 0.0257568359375
-0.22125244140625 -0.164321899414062 0.1832275390625 0.0805206298828125
-0.09521484375 -0.255508422851563 0.0743942260742188 0.13031005859375
0.177215576171875 -0.247528076171875 -0.03900146484375 0.117576599121094
0.30877685546875 -0.113311767578125 -0.00152206420898435 -0.0283584594726563
0.315643310546875 0.07440185546875 0.242080688476563 0.0177459716796875
0.114776611328125 0.177871704101563 0.39935302734375 -0.102630615234375
0.182968139648437 0.121627807617188 0.40203857421875 -0.073944091796875
0.218032836914062 -0.0065765380859375 0.2501220703125 -0.0942840576171875
0.120773315429688 -0.152099609375 0.167251586914063 -0.110397338867188
-0.015869140625 -0.164779663085938 0.102439880371094 -0.0795745849609375
-0.147796630859375 -0.0944061279296875 0.090789794921875 -0.068145751953125
-0.166366577148438 -0.00807189941406247 0.127540588378906 -0.06866455078125
-0.160186767578125 0.00567626953124997 0.16650390625 -0.074554443359375
-0.194503784179687 0.0207366943359375 0.227447509765625 -0.07635498046875
-0.197113037109375 -0.0217742919921875 0.25445556640625 0.014984130859375
-0.160232543945313 -0.136199951171875 0.2291259765625 0.0905609130859375
-0.0512237548828125 -0.200592041015625 0.103378295898438 0.15106201171875
0.168655395507813 -0.166427612304688 -0.0243453979492187 0.126197814941406
0.247909545898438 -0.021453857421875 0.0510139465332031 -0.0229148864746094
0.2003173828125 0.13751220703125 0.32769775390625 0.06500244140625
-0.0257568359375 -0.139373779296875 -0.359222412109375 -0.05865478515625
-0.145919799804688 -0.0391387939453125 -0.0903854370117188 0.0061187744140625
-0.0933685302734375 0.0771408081054687 0.0248336791992188 -0.129035949707031
0.00846099853515624 0.110481262207031 -0.114166259765625 -0.2091064453125
0.0744094848632813 0.0680313110351563 -0.244033813476562 -0.120269775390625
0.102218627929688 0.00974273681640625 -0.29803466796875 0.025787353515625
0.0772933959960937 -0.00402069091796875 -0.264572143554688 0.121475219726563
0.0770263671875 0.0114822387695313 -0.193435668945313 0.11895751953125
0.0809478759765625 0.0277328491210938 -0.153701782226563 0.100418090820313
0.0401191711425781 0.0633087158203125 -0.127922058105469 0.0760421752929687
-0.0270004272460937 0.0755615234375 -0.122802734375 0.0826492309570313
-0.0922317504882813 0.0222625732421875 -0.167388916015625 0.08868408203125
-0.0952911376953125 -0.0932769775390625 -0.255752563476562 0.069610595703125
-0.025848388671875 -0.165451049804687 -0.378448486328125 0.0790710449218751
0.0641937255859375 -0.174545288085938 -0.403076171875 0.0523986816406251
0.139724731445313 -0.148300170898438 -0.34783935546875 -0.126983642578125
-0.0242156982421875 -0.117012023925781 -0.0859451293945313 -0.036407470703125
-0.034210205078125 -0.0441703796386719 0.0370635986328125 -0.153244018554688
-0.0260353088378906 -0.00421333312988281 -0.112075805664062 -0.24029541015625
-0.00730800628662109 0.000922679901123048 -0.247940063476562 -0.1497802734375
-0.010066032409668 0.00322437286376953 -0.317413330078125 0.010498046875
-0.0282039642333984 0.0253696441650391 -0.2779541015625 0.122634887695312
-0.0239791870117187 0.0319080352783203 -0.194366455078125 0.126754760742188
-0.0323867797851563 0.0446662902832031 -0.153488159179688 0.103546142578125
-0.0653305053710938 0.0357818603515625 -0.127494812011719 0.0847930908203125
-0.0947723388671875 -0.0120162963867187 -0.105690002441406 0.083953857421875
-0.0939102172851562 -0.0907516479492188 -0.1458740234375 0.088043212890625
0.00584411621093751 -0.176300048828125 -0.217391967773438 0.0854034423828125
0.117828369140625 -0.20947265625 -0.329864501953125 0.0808410644531249
0.219436645507812 -0.168136596679687 -0.3526611328125 0.02984619140625
0.293060302734375 -0.125152587890625 -0.276092529296875 -0.189010620117187
0.123916625976562 -0.168167114257813 -0.0406341552734375 -0.0845565795898438
0.0568695068359375 -0.164993286132813 0.0686187744140625 -0.178192138671875
-0.0403671264648438 -0.1376953125 -0.0863494873046875 -0.269577026367188
-0.0830230712890625 -0.0840988159179688 -0.223434448242188 -0.177978515625
-0.122848510742188 -0.0153656005859375 -0.302886962890625 -0.0169677734375
-0.130439758300781 0.0456161499023438 -0.259262084960938 0.104995727539063
-0.120521545410156 0.047882080078125 -0.167526245117188 0.116287231445312
-0.138725280761719 0.0625534057617188 -0.121833801269531 0.0930938720703125
-0.162811279296875 0.02008056640625 -0.094482421875 0.089996337890625
-0.166976928710938 -0.07781982421875 -0.0637359619140625 0.0897064208984375
-0.115982055664062 -0.178054809570313 -0.107307434082031 0.0984268188476562
0.066741943359375 -0.253814697265625 -0.170883178710938 0.107559204101562
0.216079711914063 -0.253036499023438 -0.264373779296875 0.0778350830078125
0.332916259765625 -0.155029296875 -0.259597778320313 0.0157928466796875
0.40704345703125 -0.070343017578125 -0.149581909179687 -0.23028564453125
0.268447875976563 -0.174911499023438 0.0457611083984375 -0.126083374023438
0.170684814453125 -0.25616455078125 0.118240356445313 -0.19482421875
-0.0240478515625 -0.263778686523438 -0.034332275390625 -0.28302001953125
-0.1356201171875 -0.173751831054687 -0.168212890625 -0.195877075195313
-0.217788696289063 -0.04510498046875 -0.251983642578125 -0.0480194091796875
-0.215164184570312 0.0545501708984375 -0.20916748046875 0.0713348388671875
-0.197784423828125 0.0579986572265625 -0.115272521972656 0.0898208618164063
-0.224212646484375 0.0782623291015625 -0.0657501220703125 0.0668830871582031
-0.239547729492188 0.01708984375 -0.0362701416015625 0.0831375122070313
-0.228729248046875 -0.119171142578125 -0.00426483154296877 0.0893096923828125
-0.145782470703125 -0.234451293945313 -0.0584182739257813 0.107559204101563
0.096923828125 -0.308502197265625 -0.124961853027344 0.120811462402344
0.273941040039063 -0.277313232421875 -0.195159912109375 0.05914306640625
0.396240234375 -0.1317138671875 -0.140022277832031 0.0012664794921875
0.4473876953125 0.006103515625 0.0128631591796875 -0.24029541015625
0.369110107421875 -0.129302978515625 0.157852172851563 -0.149002075195313
0.275848388671875 -0.281219482421875 0.175689697265625 -0.18994140625
0.0235595703125 -0.343048095703125 0.03387451171875 -0.266830444335938
-0.14959716796875 -0.244308471679687 -0.088592529296875 -0.191162109375
-0.273971557617188 -0.078155517578125 -0.169326782226563 -0.0720977783203125
-0.267623901367188 0.0511474609375 -0.130767822265625 0.0289840698242187
-0.244735717773438 0.0575714111328125 -0.0464096069335938 0.0489311218261719
-0.276153564453125 0.0860748291015625 0.00603103637695311 0.0282363891601563
-0.285247802734375 0.0174560546875 0.0371627807617187 0.0646018981933594
-0.26434326171875 -0.141677856445312 0.0621414184570312 0.0812530517578125
-0.159133911132812 -0.263031005859375 -0.00682830810546876 0.112503051757813
0.11859130859375 -0.32666015625 -0.0865478515625 0.123565673828125
0.3028564453125 -0.263031005859375 -0.129501342773438 0.0268707275390625
0.412994384765625 -0.085296630859375 -0.00994205474853513 -0.0113439559936523
0.40777587890625 0.078948974609375 0.178604125976563 -0.217636108398438
0.38897705078125 -0.04437255859375 0.270004272460938 -0.143463134765625
0.331146240234375 -0.229705810546875 0.223037719726563 -0.165206909179688
0.078857421875 -0.346221923828125 0.0977783203125 -0.2225341796875
-0.123046875 -0.270477294921875 -0.00517272949218751 -0.161758422851563
-0.277938842773438 -0.101150512695313 -0.0724029541015625 -0.0807571411132812
-0.276016235351562 0.0384979248046876 -0.0377082824707031 -0.0125465393066406
-0.253097534179687 0.05010986328125 0.0300006866455078 0.00217056274414063
-0.2877197265625 0.080108642578125 0.0837631225585938 -0.015899658203125
-0.293121337890625 0.01190185546875 0.11541748046875 0.0395431518554688
-0.264144897460938 -0.150421142578125 0.127059936523437 0.0730209350585938
-0.145675659179688 -0.266387939453125 0.0387496948242187 0.1180419921875
0.1422119140625 -0.30712890625 -0.0580291748046875 0.121452331542969
0.31256103515625 -0.210205078125 -0.0667533874511719 -0.00676345825195315
0.38568115234375 -0.01910400390625 0.119758605957031 -0.012969970703125
0.289306640625 0.13665771484375 0.312713623046875 -0.1715087890625
0.317657470703125 0.041412353515625 0.3553466796875 -0.116546630859375
0.3062744140625 -0.13092041015625 0.247238159179688 -0.129470825195313
0.109268188476562 -0.274398803710938 0.142318725585938 -0.164443969726563
-0.0774993896484375 -0.236236572265625 0.060791015625 -0.119659423828125
-0.231781005859375 -0.102783203125 0.019012451171875 -0.0776901245117188
-0.238739013671875 0.0213775634765625 0.052093505859375 -0.0479202270507813
-0.222061157226563 0.0354156494140625 0.103408813476563 -0.0431594848632813
-0.257888793945313 0.0609893798828124 0.158599853515625 -0.056427001953125
-0.261428833007813 0.002349853515625 0.189895629882812 0.016754150390625
-0.229385375976563 -0.144912719726562 0.185073852539062 0.071014404296875
-0.110885620117188 -0.24432373046875 0.0784683227539063 0.127998352050781
0.1590576171875 -0.253662109375 -0.0351181030273438 0.12158203125
0.29449462890625 -0.129150390625 -0.00695228576660154 -0.0273475646972656
0.316162109375 0.05596923828125 0.236541748046875 0.0044708251953125
0.122589111328125 0.16607666015625 0.3878173828125 -0.121368408203125
0.185012817382813 0.108200073242188 0.391082763671875 -0.090240478515625
0.213821411132813 -0.02032470703125 0.244827270507813 -0.103042602539063
0.106826782226562 -0.157196044921875 0.162338256835938 -0.116668701171875
-0.02728271484375 -0.15869140625 0.0987548828125 -0.0854263305664063
-0.14984130859375 -0.0799102783203125 0.085052490234375 -0.0726318359375
-0.162750244140625 0.00381469726562501 0.121673583984375 -0.07476806640625
-0.157028198242188 0.01751708984375 0.160186767578125 -0.081207275390625
-0.188980102539063 0.0340576171875 0.219955444335938 -0.0868072509765625
-0.194320678710938 -0.00755310058593754 0.251449584960938 0.0020904541015625
-0.1666259765625 -0.121673583984375 0.22979736328125 0.0767822265625
-0.0638885498046875 -0.193344116210938 0.107681274414063 0.146743774414063
0.15399169921875 -0.174484252929687 -0.019378662109375 0.128646850585938
0.238998413085938 -0.03570556640625 0.0457649230957031 -0.0253486633300781
0.204986572265625 0.1229248046875 0.324066162109375 0.045257568359375
-0.0329513549804688 -0.134048461914063 -0.358856201171875 -0.0308837890625001
-0.147247314453125 -0.0260467529296875 -0.0856781005859375 0.014312744140625
-0.08612060546875 0.0814895629882813 0.0200881958007812 -0.132728576660156
0.0169143676757813 0.106437683105469 -0.125839233398437 -0.20172119140625
0.0780410766601562 0.0600814819335937 -0.251312255859375 -0.105072021484375
0.100578308105469 0.00150299072265625 -0.293212890625 0.04437255859375
0.0744400024414063 -0.01019287109375 -0.254501342773438 0.138870239257812
0.0762176513671875 0.00345611572265625 -0.182449340820313 0.1298828125
0.0822219848632813 0.0189971923828125 -0.14501953125 0.110153198242188
0.0438919067382813 0.0572624206542969 -0.121726989746094 0.0846786499023438
-0.0192642211914062 0.0739669799804688 -0.116950988769531 0.0934066772460938
-0.0877914428710938 0.0270538330078125 -0.16387939453125 0.100143432617187
-0.0986480712890625 -0.0840377807617188 -0.253585815429688 0.0819091796875
-0.036865234375 -0.1602783203125 -0.37371826171875 0.0999755859374999
0.0505828857421875 -0.177169799804688 -0.40045166015625 0.0791931152343749
0.130889892578125 -0.154937744140625 -0.353271484375 -0.0989990234375
-0.031463623046875 -0.111640930175781 -0.085052490234375 -0.0273056030273437
-0.0365028381347656 -0.0426368713378906 0.03143310546875 -0.1561279296875
-0.0250587463378906 -0.004425048828125 -0.124908447265625 -0.232528686523438
-0.00719738006591797 0.000171184539794922 -0.25555419921875 -0.1336669921875
-0.0105304718017578 0.00404739379882812 -0.312103271484375 0.0299377441406249
-0.0278072357177734 0.0273780822753906 -0.265594482421875 0.140838623046875
-0.0221233367919922 0.0317058563232422 -0.18170166015625 0.138885498046875
-0.0286827087402344 0.0454597473144531 -0.144058227539063 0.114364624023437
-0.0619354248046875 0.0391159057617188 -0.119598388671875 0.0939178466796875
-0.0939559936523438 -0.00653076171875 -0.0999069213867187 0.0932846069335938
-0.097015380859375 -0.084014892578125 -0.14276123046875 0.09991455078125
-0.00384521484375001 -0.174423217773438 -0.215530395507812 0.0963592529296875
0.1024169921875 -0.214553833007812 -0.326416015625 0.0986938476562499
0.206497192382813 -0.181381225585938 -0.35211181640625 0.05352783203125
0.284759521484375 -0.142578125 -0.287078857421875 -0.164337158203125
0.110595703125 -0.172164916992188 -0.0432281494140625 -0.0776824951171875
0.0460968017578125 -0.16937255859375 0.061767578125 -0.18212890625
-0.0499038696289063 -0.134140014648438 -0.100265502929687 -0.262176513671875
-0.0885696411132812 -0.077667236328125 -0.2315673828125 -0.164260864257813
-0.124046325683594 -0.00526428222656251 -0.30023193359375 0.00280761718749997
-0.127456665039063 0.055816650390625 -0.247833251953125 0.122222900390625
-0.116287231445313 0.0557861328125 -0.154632568359375 0.12725830078125
-0.133033752441406 0.0728759765625 -0.112998962402344 0.102066040039063
-0.15899658203125 0.0322723388671875 -0.0852279663085938 0.0974960327148438
-0.170852661132813 -0.064605712890625 -0.0566864013671875 0.0965499877929687
-0.127151489257812 -0.168045043945313 -0.103126525878906 0.109382629394531
0.0508270263671875 -0.256561279296875 -0.16778564453125 0.116119384765625
0.196670532226563 -0.265151977539063 -0.263107299804688 0.0934448242187499
0.32073974609375 -0.175933837890625 -0.260223388671875 0.034271240234375
0.399810791015625 -0.09527587890625 -0.165176391601562 -0.214569091796875
0.252899169921875 -0.189376831054688 0.03765869140625 -0.123680114746094
0.15277099609375 -0.26751708984375 0.110122680664063 -0.200164794921875
-0.0438690185546875 -0.259613037109375 -0.0501708984375 -0.27850341796875
-0.147445678710938 -0.16302490234375 -0.176483154296875 -0.1854248046875
-0.218612670898438 -0.02728271484375 -0.251785278320313 -0.030975341796875
-0.210769653320313 0.07177734375 -0.199615478515625 0.0861053466796875
-0.1923828125 0.0724639892578125 -0.104621887207031 0.0979995727539063
-0.215560913085937 0.09564208984375 -0.0583953857421875 0.0725479125976562
-0.23486328125 0.035736083984375 -0.02667236328125 0.087371826171875
-0.23651123046875 -0.0995635986328125 0.00195312499999998 0.0920791625976563
-0.161911010742187 -0.221038818359375 -0.053131103515625 0.116874694824219
0.075286865234375 -0.312713623046875 -0.120475769042969 0.128738403320312
0.251556396484375 -0.2940673828125 -0.195037841796875 0.071441650390625
0.386871337890625 -0.1556396484375 -0.142623901367187 0.012908935546875
0.445556640625 -0.02239990234375 -0.00492858886718749 -0.235153198242188
0.3558349609375 -0.1510009765625 0.146530151367188 -0.152938842773438
0.254608154296875 -0.29931640625 0.167068481445313 -0.198486328125
-0.00308227539062499 -0.34124755859375 0.0196685791015625 -0.266326904296875
-0.165725708007812 -0.231277465820313 -0.0970001220703125 -0.186553955078125
-0.276504516601563 -0.05426025390625 -0.172271728515625 -0.0599822998046875
-0.261993408203125 0.0718841552734376 -0.125312805175781 0.0385665893554688
-0.237319946289062 0.0764007568359375 -0.0391883850097656 0.0537490844726563
-0.266830444335938 0.108291625976563 0.0102710723876953 0.0293674468994141
-0.280029296875 0.0401916503906249 0.0446281433105469 0.0635032653808594
-0.273696899414062 -0.118148803710938 0.0679855346679687 0.0789642333984375
-0.17822265625 -0.247955322265625 -0.00196075439453126 0.118026733398437
0.0950927734375 -0.333404541015625 -0.08111572265625 0.130683898925781
0.28070068359375 -0.283294677734375 -0.131965637207031 0.035736083984375
0.4058837890625 -0.11224365234375 -0.0136947631835937 -0.00896358489990235
0.40924072265625 0.05133056640625 0.161331176757813 -0.224395751953125
0.380462646484375 -0.0697021484375 0.2586669921875 -0.154205322265625
0.31378173828125 -0.25262451171875 0.215255737304688 -0.175537109375
0.049713134765625 -0.348175048828125 0.086334228515625 -0.226394653320313
-0.14288330078125 -0.2578125 -0.0128631591796875 -0.161849975585938
-0.281890869140625 -0.07757568359375 -0.0774078369140625 -0.07550048828125
-0.2706298828125 0.06011962890625 -0.0370254516601563 -0.00916290283203125
-0.246322631835938 0.0698394775390625 0.0333766937255859 0.00135231018066407
-0.279586791992188 0.103851318359375 0.0837783813476562 -0.0204925537109375
-0.28839111328125 0.035888671875 0.120887756347656 0.0326004028320313
-0.2752685546875 -0.126235961914063 0.13201904296875 0.064788818359375
-0.165969848632813 -0.25213623046875 0.044952392578125 0.12017822265625
0.117584228515625 -0.314971923828125 -0.0523300170898438 0.12725830078125
0.29364013671875 -0.231048583984375 -0.0714340209960938 -0.00135803222656253
0.383331298828125 -0.0455322265625 0.11505126953125 -0.0203323364257813
0.29534912109375 0.11407470703125 0.29791259765625 -0.18804931640625
0.316375732421875 0.0196533203125 0.345458984375 -0.135406494140625
0.295074462890625 -0.1524658203125 0.240310668945313 -0.141952514648438
0.0861663818359375 -0.278488159179688 0.134841918945312 -0.171966552734375
-0.0953216552734375 -0.227615356445312 0.0552444458007812 -0.125099182128906
-0.236557006835937 -0.0808258056640625 0.0134963989257812 -0.0788726806640625
-0.233505249023438 0.040679931640625 0.04925537109375 -0.0511207580566406
-0.216964721679688 0.0527801513671875 0.101211547851562 -0.0487747192382813
-0.25054931640625 0.0831451416015625 0.154159545898437 -0.06622314453125
-0.257614135742188 0.0240325927734375 0.192184448242187 0.0046539306640625
-0.239974975585937 -0.124267578125 0.189117431640625 0.0578460693359375
-0.12945556640625 -0.232803344726563 0.0852813720703125 0.126708984375
0.138259887695313 -0.264251708984375 -0.0291290283203125 0.126129150390625
0.280548095703125 -0.149627685546875 -0.0119667053222656 -0.0265388488769531
0.318756103515625 0.03314208984375 0.232635498046875 -0.01190185546875
0.131942749023438 0.154037475585938 0.3775634765625 -0.1448974609375
0.189666748046875 0.09393310546875 0.38507080078125 -0.11151123046875
0.21014404296875 -0.0367584228515625 0.239852905273438 -0.115585327148438
0.090911865234375 -0.162460327148438 0.156600952148438 -0.127105712890625
-0.0411834716796875 -0.153335571289063 0.0955963134765625 -0.093475341796875
-0.153717041015625 -0.065643310546875 0.07928466796875 -0.0780487060546875
-0.158981323242188 0.0170745849609375 0.116058349609375 -0.0833206176757813
-0.15313720703125 0.030120849609375 0.1546630859375 -0.091400146484375
-0.184478759765625 0.0504302978515625 0.212814331054688 -0.102066040039063
-0.192031860351563 0.00845336914062496 0.252685546875 -0.0149688720703125
-0.175521850585938 -0.106277465820313 0.23297119140625 0.062042236328125
-0.0788421630859375 -0.185699462890625 0.115692138671875 0.141647338867188
0.13848876953125 -0.1832275390625 -0.0133056640625 0.131889343261719
0.232101440429688 -0.053009033203125 0.0406913757324219 -0.0282821655273438
0.211578369140625 0.107650756835938 0.322357177734375 0.021209716796875
-0.0412139892578125 -0.127792358398438 -0.353057861328125 0.00201416015624995
-0.144058227539063 -0.0107574462890625 -0.0794601440429688 0.0232162475585937
-0.077117919921875 0.0861053466796875 0.0128173828125 -0.135490417480469
0.0265274047851563 0.100166320800781 -0.139541625976563 -0.189865112304688
0.081024169921875 0.0499267578125 -0.255401611328125 -0.082672119140625
0.0968475341796875 -0.0089874267578125 -0.28326416015625 0.0666809082031249
0.0706863403320313 -0.0170745849609375 -0.23748779296875 0.1575927734375
0.0736770629882813 -0.00551605224609375 -0.167434692382812 0.142059326171875
0.08135986328125 0.00847625732421875 -0.13214111328125 0.120864868164063
0.0476608276367188 0.0506401062011719 -0.112861633300781 0.0940780639648437
-0.0113296508789062 0.07232666015625 -0.107147216796875 0.104232788085938
-0.0815048217773438 0.0323944091796875 -0.154861450195313 0.114105224609375
-0.101875305175781 -0.0727767944335938 -0.247421264648438 0.0994415283203125
-0.0491485595703125 -0.1522216796875 -0.361724853515625 0.126953125
0.0342864990234375 -0.17626953125 -0.38909912109375 0.111114501953125
0.117431640625 -0.161697387695313 -0.35418701171875 -0.0638122558593751
-0.0392990112304688 -0.104110717773438 -0.083251953125 -0.0170364379882813
-0.0386810302734375 -0.0405387878417969 0.02166748046875 -0.158172607421875
-0.0250492095947266 -0.00368881225585937 -0.1397705078125 -0.21929931640625
-0.00780296325683594 -0.000467777252197265 -0.261306762695313 -0.110733032226562
-0.0110616683959961 0.00493717193603516 -0.302703857421875 0.0545654296875
-0.0259857177734375 0.0298995971679687 -0.247589111328125 0.160934448242188
-0.0193767547607422 0.0313434600830078 -0.163742065429688 0.150909423828125
-0.0246925354003906 0.0455741882324219 -0.129981994628906 0.125022888183594
-0.0567893981933594 0.0427894592285156 -0.108001708984375 0.104141235351563
-0.0918197631835937 0.0008087158203125 -0.0901641845703125 0.103462219238281
-0.1014404296875 -0.0747909545898438 -0.134735107421875 0.113525390625
-0.0167236328125 -0.170150756835938 -0.20916748046875 0.110519409179688
0.082489013671875 -0.217636108398438 -0.316619873046875 0.123016357421875
0.187362670898438 -0.193832397460938 -0.3448486328125 0.0837707519531249
0.269363403320313 -0.162322998046875 -0.29571533203125 -0.1328125
0.0950927734375 -0.17510986328125 -0.0476226806640625 -0.0685310363769531
0.031402587890625 -0.171676635742188 0.0501556396484375 -0.185440063476563
-0.0605850219726563 -0.128204345703125 -0.11761474609375 -0.25067138671875
-0.0944747924804688 -0.0693435668945312 -0.239730834960938 -0.143524169921875
-0.122001647949219 0.00665283203125 -0.2926025390625 0.027587890625
-0.120979309082031 0.0670318603515625 -0.230743408203125 0.140853881835937
-0.109344482421875 0.06402587890625 -0.136962890625 0.138023376464844
-0.123703002929688 0.0832672119140625 -0.0991439819335938 0.110603332519531
-0.151840209960937 0.04547119140625 -0.0722198486328125 0.105171203613281
-0.172805786132813 -0.047698974609375 -0.0478744506835938 0.103347778320312
-0.138656616210938 -0.153976440429688 -0.0946731567382813 0.120452880859375
0.0296173095703125 -0.25543212890625 -0.160324096679688 0.127822875976562
0.170944213867188 -0.275924682617188 -0.255844116210938 0.11236572265625
0.3009033203125 -0.198760986328125 -0.256057739257812 0.05816650390625
0.385711669921875 -0.127105712890625 -0.1805419921875 -0.191650390625
0.231765747070313 -0.202972412109375 0.0275726318359375 -0.119674682617188
0.127655029296875 -0.275726318359375 0.09698486328125 -0.205108642578125
-0.0655059814453125 -0.250701904296875 -0.068328857421875 -0.269622802734375
-0.158538818359375 -0.146148681640625 -0.186233520507813 -0.169204711914062
-0.216400146484375 -0.0055694580078125 -0.24871826171875 -0.0103912353515625
-0.19989013671875 0.0901947021484375 -0.186843872070313 0.101531982421875
-0.18096923828125 0.08758544921875 -0.0897445678710938 0.105010986328125
-0.201828002929687 0.114944458007813 -0.049163818359375 0.0777359008789063
-0.226333618164063 0.057098388671875 -0.0158767700195313 0.0897903442382813
-0.241180419921875 -0.0744476318359375 0.0103683471679687 0.093231201171875
-0.178192138671875 -0.202316284179688 -0.0444564819335938 0.124221801757812
0.0482177734375 -0.314239501953125 -0.112571716308594 0.137565612792969
0.2215576171875 -0.309051513671875 -0.190765380859375 0.0868072509765625
0.367919921875 -0.185638427734375 -0.142364501953125 0.0270843505859375
0.433990478515625 -0.0611572265625 -0.02532958984375 -0.226272583007813
0.334381103515625 -0.174713134765625 0.131698608398438 -0.156875610351562
0.225830078125 -0.316680908203125 0.152725219726563 -0.208023071289063
-0.033905029296875 -0.332366943359375 0.000442504882812514 -0.263214111328125
-0.182662963867188 -0.21124267578125 -0.108566284179687 -0.177032470703125
-0.27410888671875 -0.0267181396484375 -0.17364501953125 -0.0449981689453125
-0.24920654296875 0.0958709716796874 -0.117576599121094 0.0492324829101563
-0.225234985351563 0.096343994140625 -0.0295791625976563 0.0568580627441406
-0.250900268554688 0.133346557617188 0.0140285491943359 0.0294189453125
-0.268585205078125 0.065765380859375 0.0530624389648437 0.0594978332519531
-0.280105590820313 -0.0882568359375 0.0739364624023437 0.07476806640625
-0.197494506835938 -0.226242065429688 0.00777435302734374 0.121917724609375
0.0638427734375 -0.335906982421875 -0.0720443725585937 0.138031005859375
0.250579833984375 -0.301513671875 -0.131675720214844 0.047454833984375
0.39105224609375 -0.14483642578125 -0.0175008773803711 -0.00543689727783204
0.407562255859375 0.013763427734375 0.138473510742188 -0.230316162109375
0.365509033203125 -0.098968505859375 0.241378784179688 -0.168182373046875
0.28607177734375 -0.27630615234375 0.200241088867188 -0.1885986328125
0.0177001953125 -0.344268798828125 0.069580078125 -0.229141235351563
-0.162078857421875 -0.237075805664062 -0.0231170654296875 -0.160446166992188
-0.280776977539062 -0.0475158691406251 -0.0813674926757813 -0.0683822631835937
-0.25811767578125 0.0851745605468751 -0.0349349975585938 -0.00524711608886718
-0.234100341796875 0.09161376953125 0.0368614196777344 0.000293731689453131
-0.263198852539063 0.130233764648438 0.0819778442382812 -0.0253753662109375
-0.2777099609375 0.063751220703125 0.1241455078125 0.0226593017578125
-0.282440185546875 -0.095550537109375 0.13568115234375 0.05474853515625
-0.186492919921875 -0.231048583984375 0.0544815063476562 0.118377685546875
0.087554931640625 -0.320526123046875 -0.0425338745117187 0.13250732421875
0.266311645507813 -0.252273559570313 -0.0743484497070312 0.00592803955078125
0.373626708984375 -0.07763671875 0.108306884765625 -0.0284576416015625
0.29937744140625 0.08642578125 0.275894165039062 -0.2066650390625
0.310638427734375 -0.007080078125 0.32806396484375 -0.157562255859375
0.27691650390625 -0.176544189453125 0.228790283203125 -0.156600952148438
0.057861328125 -0.279006958007813 0.121017456054688 -0.180145263671875
-0.113983154296875 -0.212554931640625 0.0457611083984375 -0.129234313964844
-0.237152099609375 -0.055816650390625 0.00694274902343748 -0.0793228149414063
-0.224380493164062 0.062408447265625 0.0450973510742187 -0.0537033081054687
-0.206649780273438 0.072845458984375 0.0978240966796875 -0.056243896484375
-0.23651123046875 0.107498168945312 0.146453857421875 -0.07769775390625
-0.249252319335938 0.0492095947265625 0.190658569335937 -0.0110015869140625
-0.247238159179688 -0.09722900390625 0.190109252929687 0.0411376953125
-0.14935302734375 -0.214675903320313 0.0948257446289062 0.120964050292969
0.110733032226562 -0.270950317382812 -0.0198287963867187 0.1292724609375
0.260009765625 -0.171127319335938 -0.0173091888427734 -0.0235729217529297
0.31597900390625 0.004547119140625 0.223785400390625 -0.0312042236328125
0.142074584960938 0.137969970703125 0.35821533203125 -0.17205810546875
0.192733764648438 0.075469970703125 0.37078857421875 -0.13763427734375
0.203811645507813 -0.0553436279296875 0.229751586914063 -0.131149291992188
0.0719757080078125 -0.166000366210938 0.146926879882813 -0.137832641601563
-0.0538177490234375 -0.144088745117188 0.0872802734375 -0.101638793945313
-0.154327392578125 -0.0474853515625 0.070831298828125 -0.0841140747070313
-0.152999877929688 0.0318450927734375 0.106613159179687 -0.0915451049804687
-0.1458740234375 0.0436859130859375 0.144073486328125 -0.101852416992187
-0.174896240234375 0.06884765625 0.1993408203125 -0.1187744140625
-0.186309814453125 0.0272674560546875 0.247589111328125 -0.0357208251953125
-0.181976318359375 -0.0856170654296875 0.233871459960937 0.0409088134765625
-0.094696044921875 -0.173309326171875 0.125518798828125 0.131965637207031
0.11865234375 -0.191543579101563 -0.003509521484375 0.133499145507813
0.22088623046875 -0.0713043212890625 0.0344257354736328 -0.0307884216308594
0.216400146484375 0.0869598388671875 0.314910888671875 -0.008056640625
-0.0472640991210938 -0.119453430175781 -0.3360595703125 0.0333251953125
-0.136543273925781 0.00366210937500001 -0.0708770751953125 0.029937744140625
-0.0663299560546875 0.0890579223632813 0.00286102294921876 -0.134536743164063
0.0334701538085938 0.0911636352539063 -0.149307250976563 -0.172714233398437
0.0806732177734375 0.0393829345703125 -0.25189208984375 -0.0578765869140625
0.090179443359375 -0.0180130004882813 -0.265060424804688 0.0862426757812499
0.0651206970214844 -0.0229644775390625 -0.213485717773438 0.17095947265625
0.0679893493652344 -0.0135421752929688 -0.1483154296875 0.14923095703125
0.0774307250976563 -0.00177001953125 -0.115341186523438 0.12744140625
0.0501060485839844 0.0420913696289063 -0.0999526977539062 0.100418090820313
-0.00340270996093749 0.0678291320800781 -0.0940322875976563 0.1107177734375
-0.0741424560546875 0.0367355346679688 -0.140716552734375 0.123138427734375
-0.101577758789062 -0.0606155395507813 -0.233734130859375 0.113189697265625
-0.0587081909179688 -0.140022277832031 -0.338226318359375 0.1494140625
0.017730712890625 -0.1712646484375 -0.365875244140625 0.1392822265625
0.10174560546875 -0.164077758789063 -0.34375 -0.028045654296875
-0.0451889038085937 -0.093994140625 -0.078765869140625 -0.00706481933593749
-0.0402336120605469 -0.0365791320800781 0.010955810546875 -0.156158447265625
-0.0241661071777344 -0.00281715393066406 -0.150619506835937 -0.200241088867188
-0.00806665420532227 -0.000850677490234375 -0.259567260742188 -0.0854644775390625
-0.0110769271850586 0.00600528717041015 -0.284149169921875 0.0762939453125
-0.0227336883544922 0.0313453674316406 -0.221954345703125 0.174301147460937
-0.0173187255859375 0.0304374694824219 -0.142715454101563 0.156875610351563
-0.0200271606445313 0.0444793701171875 -0.111640930175781 0.131294250488281
-0.0500564575195313 0.0446205139160156 -0.0933151245117188 0.110130310058594
-0.0865478515625 0.00759124755859374 -0.0770263671875 0.109817504882813
-0.102241516113281 -0.0640487670898438 -0.121749877929688 0.122459411621094
-0.0279693603515625 -0.161224365234375 -0.195968627929688 0.121597290039062
0.060760498046875 -0.213729858398438 -0.29736328125 0.142333984375
0.164398193359375 -0.200531005859375 -0.325897216796875 0.109893798828125
0.246688842773438 -0.177490234375 -0.293975830078125 -0.0987548828125001
0.0763092041015625 -0.171829223632813 -0.0488853454589844 -0.0584526062011719
0.01641845703125 -0.168411254882813 0.036529541015625 -0.183914184570313
-0.0692291259765625 -0.118125915527344 -0.13079833984375 -0.231231689453125
-0.09619140625 -0.05828857421875 -0.240585327148438 -0.1190185546875
-0.115997314453125 0.0177078247070312 -0.276962280273438 0.0490264892578126
-0.11004638671875 0.0758514404296875 -0.207778930664063 0.153762817382812
-0.098846435546875 0.070037841796875 -0.116073608398438 0.142364501953125
-0.110496520996094 0.090179443359375 -0.0833740234375 0.115127563476563
-0.140037536621094 0.0570755004882812 -0.0579757690429687 0.107490539550781
-0.16851806640625 -0.031097412109375 -0.036163330078125 0.106101989746094
-0.1455078125 -0.136154174804688 -0.0820159912109375 0.127456665039063
0.00856018066406249 -0.247238159179688 -0.14825439453125 0.135635375976563
0.140106201171875 -0.277328491210938 -0.240280151367188 0.1290283203125
0.27227783203125 -0.214950561523438 -0.2425537109375 0.078460693359375
0.358734130859375 -0.152801513671875 -0.18865966796875 -0.163909912109375
0.204971313476563 -0.210006713867188 0.0183334350585938 -0.113189697265625
0.09930419921875 -0.27630615234375 0.080047607421875 -0.205810546875
-0.0841827392578125 -0.233306884765625 -0.085601806640625 -0.253402709960938
-0.1639404296875 -0.126495361328125 -0.19140625 -0.14923095703125
-0.20648193359375 0.0147705078125 -0.237823486328125 0.0100555419921875
-0.18365478515625 0.105331420898437 -0.167739868164062 0.11328125
-0.165695190429688 0.0991363525390625 -0.0728530883789063 0.106834411621094
-0.181732177734375 0.129119873046875 -0.0373077392578125 0.0794906616210938
-0.2093505859375 0.0750885009765625 -0.00456237792968752 0.0887374877929688
-0.236236572265625 -0.0487060546875 0.0185699462890625 0.0915451049804688
-0.187591552734375 -0.17742919921875 -0.032745361328125 0.127471923828125
0.021209716796875 -0.3052978515625 -0.100372314453125 0.142196655273437
0.185211181640625 -0.313812255859375 -0.180892944335938 0.100341796875
0.339141845703125 -0.20745849609375 -0.136802673339844 0.0400390625
0.4124755859375 -0.0946044921875 -0.043609619140625 -0.209671020507813
0.3052978515625 -0.192474365234375 0.114105224609375 -0.15606689453125
0.189697265625 -0.3240966796875 0.133438110351563 -0.211257934570313
-0.061859130859375 -0.31378173828125 -0.018157958984375 -0.252166748046875
-0.192184448242188 -0.185409545898438 -0.1160888671875 -0.162704467773438
-0.263015747070313 -0.000289916992187465 -0.168869018554688 -0.0298004150390625
-0.229507446289062 0.114990234375 -0.106483459472656 0.0573577880859375
-0.206039428710938 0.112258911132813 -0.0191078186035156 0.0554885864257813
-0.2261962890625 0.151763916015625 0.0181427001953125 0.0280570983886719
-0.250335693359375 0.0885772705078125 0.0590553283691406 0.0536270141601563
-0.275421142578125 -0.0569305419921875 0.0777969360351562 0.0673751831054688
-0.208770751953125 -0.197418212890625 0.0180892944335937 0.120460510253906
0.032867431640625 -0.327789306640625 -0.0604324340820313 0.139862060546875
0.213165283203125 -0.30975341796875 -0.126129150390625 0.0580902099609375
0.3636474609375 -0.171417236328125 -0.01910400390625 -0.00176429748535157
0.391082763671875 -0.020355224609375 0.112899780273437 -0.227645874023437
0.34014892578125 -0.123321533203125 0.217437744140625 -0.1761474609375
0.251861572265625 -0.290771484375 0.1807861328125 -0.195724487304688
-0.013671875 -0.328887939453125 0.051116943359375 -0.2249755859375
-0.1751708984375 -0.21221923828125 -0.03350830078125 -0.153884887695313
-0.270126342773437 -0.0189056396484375 -0.0830459594726563 -0.0591354370117188
-0.238723754882813 0.105133056640625 -0.0326480865478516 -0.00197601318359375
-0.214202880859375 0.108612060546875 0.0381011962890625 -0.00355529785156249
-0.237503051757813 0.1510009765625 0.077484130859375 -0.03033447265625
-0.257858276367188 0.087982177734375 0.122856140136719 0.0114212036132813
-0.278244018554688 -0.06292724609375 0.134902954101562 0.0417556762695312
-0.199417114257813 -0.20269775390625 0.0631103515625 0.112739562988281
0.055694580078125 -0.3150634765625 -0.0314254760742187 0.132675170898437
0.231964111328125 -0.263717651367188 -0.0741500854492187 0.0137252807617187
0.352935791015625 -0.10693359375 0.0986709594726563 -0.0346603393554688
0.2935791015625 0.056488037109375 0.24761962890625 -0.218093872070312
0.29608154296875 -0.032073974609375 0.302001953125 -0.173858642578125
0.250640869140625 -0.1944580078125 0.208999633789063 -0.167083740234375
0.029327392578125 -0.270614624023438 0.103683471679687 -0.182525634765625
-0.12701416015625 -0.19158935546875 0.03558349609375 -0.129989624023438
-0.229507446289063 -0.0302734375 8.39233398437387E-05 -0.0769805908203125
-0.207183837890625 0.080413818359375 0.0397224426269531 -0.0555648803710937
-0.18975830078125 0.087921142578125 0.0912246704101562 -0.0618972778320312
-0.214401245117188 0.126922607421875 0.133712768554688 -0.0862655639648437
-0.231369018554688 0.0707397460937501 0.183197021484375 -0.0270538330078125
-0.245681762695313 -0.0674438476562501 0.185653686523437 0.024322509765625
-0.162384033203125 -0.190536499023438 0.101509094238281 0.110725402832031
0.0813751220703125 -0.26934814453125 -0.00940704345703124 0.128349304199219
0.233200073242188 -0.18548583984375 -0.0221405029296875 -0.019866943359375
0.304229736328125 -0.0228271484375 0.209579467773438 -0.04779052734375
0.146514892578125 0.118545532226562 0.32952880859375 -0.1929931640625
0.1900634765625 0.055511474609375 0.345245361328125 -0.160400390625
0.189666748046875 -0.0723114013671875 0.212814331054687 -0.142898559570312
0.0531158447265625 -0.163253784179688 0.13177490234375 -0.144989013671875
-0.0643234252929688 -0.131210327148437 0.0769729614257813 -0.106369018554688
-0.150009155273437 -0.02996826171875 0.0612030029296875 -0.0874099731445313
-0.1424560546875 0.0451812744140625 0.09466552734375 -0.09722900390625
-0.134185791015625 0.054962158203125 0.130538940429688 -0.110153198242188
-0.159027099609375 0.084381103515625 0.180328369140625 -0.12982177734375
-0.17401123046875 0.044769287109375 0.234832763671875 -0.0555877685546875
-0.181594848632812 -0.063262939453125 0.226333618164063 0.01959228515625
-0.106903076171875 -0.155654907226563 0.131668090820312 0.118095397949219
0.0963134765625 -0.192489624023438 0.00634765625 0.130638122558594
0.203720092773438 -0.086151123046875 0.0273303985595703 -0.0321121215820313
0.214263916015625 0.0639495849609375 0.297882080078125 -0.033843994140625
-0.0503997802734375 -0.110504150390625 -0.312957763671875 0.0537719726562499
-0.125473022460937 0.0136795043945313 -0.0617752075195313 0.0340919494628906
-0.0565719604492188 0.0868377685546875 -0.00376892089843751 -0.130096435546875
0.0368804931640625 0.0815353393554688 -0.150604248046875 -0.155563354492188
0.077423095703125 0.0306320190429688 -0.24078369140625 -0.0395355224609375
0.0821456909179688 -0.0228729248046875 -0.244140625 0.096221923828125
0.0583686828613281 -0.0259971618652344 -0.189910888671875 0.173873901367187
0.061279296875 -0.018829345703125 -0.129669189453125 0.149261474609375
0.0707626342773437 -0.0086822509765625 -0.0995941162109375 0.126869201660156
0.0494499206542969 0.0342330932617188 -0.0883255004882812 0.101982116699219
0.00142288208007812 0.0617141723632813 -0.080810546875 0.111366271972656
-0.0672187805175781 0.0374526977539063 -0.128280639648437 0.125991821289063
-0.09765625 -0.0500869750976562 -0.217742919921875 0.119613647460938
-0.0632781982421875 -0.126625061035156 -0.31219482421875 0.15948486328125
0.00599670410156248 -0.1617431640625 -0.337188720703125 0.152496337890625
0.08697509765625 -0.161849975585938 -0.323760986328125 -0.00244140625000001
-0.045684814453125 -0.0831985473632813 -0.0719985961914063 0.00113677978515623
-0.0402908325195313 -0.0328598022460937 0.00289916992187499 -0.151153564453125
-0.0237617492675781 -0.00213623046875 -0.153060913085937 -0.181488037109375
-0.00813627243041992 -0.00122261047363281 -0.24859619140625 -0.065765380859375
-0.0108146667480469 0.00678634643554688 -0.262588500976563 0.0877532958984375
-0.0196933746337891 0.0317554473876953 -0.197372436523438 0.177871704101562
-0.0154933929443359 0.0283012390136719 -0.122802734375 0.1551513671875
-0.0165481567382812 0.0421295166015625 -0.0950546264648438 0.1307373046875
-0.0437126159667969 0.0435638427734375 -0.0795745849609375 0.110328674316406
-0.0805206298828125 0.0111083984375 -0.0649032592773438 0.110023498535156
-0.0997314453125 -0.0550308227539062 -0.109062194824219 0.125175476074219
-0.03448486328125 -0.150192260742188 -0.182373046875 0.12640380859375
0.044708251953125 -0.203353881835938 -0.274948120117188 0.151504516601563
0.142730712890625 -0.198196411132813 -0.301300048828125 0.12420654296875
0.22271728515625 -0.182098388671875 -0.2811279296875 -0.071563720703125
0.063690185546875 -0.163055419921875 -0.0480613708496094 -0.0485000610351563
0.00505065917968751 -0.160614013671875 0.026275634765625 -0.177566528320313
-0.0731124877929688 -0.106895446777344 -0.135574340820313 -0.212554931640625
-0.0943756103515625 -0.0498428344726563 -0.232589721679688 -0.0992279052734375
-0.107810974121094 0.0254135131835937 -0.256912231445313 0.062469482421875
-0.0990829467773437 0.0797882080078125 -0.183929443359375 0.1575927734375
-0.0893478393554688 0.07110595703125 -0.0980987548828125 0.138755798339844
-0.097686767578125 0.0920562744140625 -0.0686187744140625 0.113716125488281
-0.126670837402344 0.0624237060546875 -0.0454864501953125 0.106094360351563
-0.159759521484375 -0.0180206298828125 -0.026275634765625 0.105033874511719
-0.1446533203125 -0.11907958984375 -0.0710296630859375 0.128807067871094
-0.0056304931640625 -0.234512329101563 -0.135734558105469 0.137222290039062
0.11492919921875 -0.26800537109375 -0.223037719726563 0.136398315429687
0.2452392578125 -0.218276977539062 -0.224533081054688 0.0900573730468749
0.33001708984375 -0.165679931640625 -0.187255859375 -0.138229370117188
0.180923461914063 -0.206375122070312 0.012054443359375 -0.103431701660156
0.0770416259765625 -0.267227172851562 0.066864013671875 -0.199859619140625
-0.0938873291015625 -0.2135009765625 -0.0927276611328125 -0.234375
-0.161514282226563 -0.108596801757813 -0.188201904296875 -0.131454467773437
-0.192459106445313 0.0285491943359375 -0.222869873046875 0.023712158203125
-0.165603637695313 0.112075805664063 -0.149337768554688 0.116592407226562
-0.149185180664063 0.103103637695313 -0.0589675903320313 0.103630065917969
-0.16094970703125 0.134185791015625 -0.0281295776367188 0.0777359008789063
-0.190093994140625 0.0850677490234375 0.00414276123046873 0.0845870971679688
-0.224716186523438 -0.0289459228515625 0.0244827270507812 0.0876846313476562
-0.188018798828125 -0.15460205078125 -0.0233917236328125 0.125724792480469
0.001373291015625 -0.28955078125 -0.089691162109375 0.141616821289063
0.154632568359375 -0.306396484375 -0.167831420898438 0.10638427734375
0.307159423828125 -0.21673583984375 -0.127204895019531 0.0476303100585937
0.38385009765625 -0.114593505859375 -0.053558349609375 -0.190750122070313
0.275070190429688 -0.196029663085938 0.0991058349609375 -0.149856567382813
0.159027099609375 -0.3184814453125 0.116455078125 -0.206695556640625
-0.077880859375 -0.290618896484375 -0.0295562744140625 -0.237152099609375
-0.191299438476563 -0.161697387695313 -0.118026733398438 -0.148681640625
-0.24517822265625 0.0177459716796875 -0.16094970703125 -0.017242431640625
-0.207382202148437 0.12469482421875 -0.0944442749023438 0.0601119995117187
-0.186172485351562 0.118453979492188 -0.0108413696289063 0.0519866943359375
-0.200271606445313 0.158737182617188 0.0211658477783203 0.0260086059570313
-0.227203369140625 0.101165771484375 0.0609054565429687 0.0472526550292969
-0.262069702148438 -0.033050537109375 0.0786285400390625 0.0607376098632812
-0.209197998046875 -0.171157836914063 0.0248794555664062 0.115509033203125
0.010650634765625 -0.311431884765625 -0.0512466430664062 0.1380615234375
0.17999267578125 -0.305023193359375 -0.119453430175781 0.0645980834960938
0.33349609375 -0.183319091796875 -0.0197830200195312 0.00190353393554687
0.36627197265625 -0.042938232421875 0.0925140380859375 -0.2169189453125
0.311859130859375 -0.135467529296875 0.195327758789063 -0.175979614257812
0.218353271484375 -0.29132080078125 0.161972045898438 -0.19390869140625
-0.03472900390625 -0.3070068359375 0.0372467041015625 -0.215408325195313
-0.177520751953125 -0.187820434570313 -0.0389404296875 -0.145004272460938
-0.25360107421875 0.000869750976562552 -0.081695556640625 -0.0509872436523438
-0.216201782226562 0.115829467773438 -0.029073715209961 -3.05175781249922E-05
-0.194320678710938 0.115432739257813 0.0390052795410156 -0.00724792480468749
-0.210342407226563 0.160507202148437 0.0724105834960937 -0.032623291015625
-0.234573364257813 0.101226806640625 0.118675231933594 0.00308990478515626
-0.266311645507813 -0.037506103515625 0.129310607910156 0.0322265625
-0.201583862304688 -0.176651000976563 0.0670394897460937 0.10516357421875
0.03216552734375 -0.3001708984375 -0.0228729248046875 0.129264831542969
0.199920654296875 -0.263137817382813 -0.072418212890625 0.0194168090820312
0.326873779296875 -0.1234130859375 0.0889892578125 -0.0369873046875
0.279617309570313 0.033935546875 0.219497680664063 -0.217605590820313
0.275344848632813 -0.04742431640625 0.2742919921875 -0.17919921875
0.223709106445313 -0.200973510742188 0.189468383789063 -0.168716430664063
0.00935363769531252 -0.2547607421875 0.090362548828125 -0.178253173828125
-0.131332397460937 -0.170761108398438 0.0265579223632812 -0.126235961914062
-0.214996337890625 -0.012115478515625 -0.00444030761718752 -0.0733108520507813
-0.188934326171875 0.0907745361328125 0.0350074768066406 -0.0553703308105469
-0.172027587890625 0.09490966796875 0.0843734741210937 -0.064697265625
-0.189956665039063 0.135330200195312 0.1209716796875 -0.0887603759765625
-0.211029052734375 0.08416748046875 0.172531127929688 -0.0376739501953125
-0.235061645507812 -0.044158935546875 0.176071166992187 0.0120697021484375
-0.165725708007812 -0.167388916015625 0.103767395019531 0.100425720214844
0.059295654296875 -0.258880615234375 -0.00181579589843751 0.123313903808594
0.205825805664063 -0.188980102539063 -0.0250797271728515 -0.0163230895996094
0.285675048828125 -0.041046142578125 0.192352294921875 -0.0572052001953125
0.145034790039063 0.100845336914063 0.299224853515625 -0.19952392578125
0.18109130859375 0.0406494140625 0.31707763671875 -0.17041015625
0.173492431640625 -0.0818328857421875 0.1942138671875 -0.1456298828125
0.0374298095703125 -0.155929565429687 0.118301391601562 -0.14495849609375
-0.0688934326171875 -0.117919921875 0.0672607421875 -0.106727600097656
-0.1412353515625 -0.0176544189453125 0.0521697998046875 -0.0871810913085938
-0.129783630371094 0.052001953125 0.0832672119140625 -0.0978164672851563
-0.121940612792969 0.06060791015625 0.117263793945312 -0.112030029296875
-0.141250610351563 0.090911865234375 0.161758422851563 -0.133041381835938
-0.15924072265625 0.05511474609375 0.217666625976563 -0.0670623779296875
-0.174835205078125 -0.045684814453125 0.214141845703125 0.00445556640625
-0.110748291015625 -0.138580322265625 0.131881713867188 0.10491943359375
0.0772857666015625 -0.186752319335938 0.01336669921875 0.124366760253906
0.185577392578125 -0.094146728515625 0.0202522277832031 -0.0315113067626953
0.205978393554688 0.0462646484375 0.275009155273438 -0.049957275390625
-0.0503005981445312 -0.103477478027344 -0.2911376953125 0.063751220703125
-0.116233825683594 0.01788330078125 -0.0544052124023438 0.0356636047363281
-0.0500259399414063 0.0839996337890625 -0.006866455078125 -0.125236511230469
0.037109375 0.0743560791015625 -0.147735595703125 -0.1434326171875
0.0730438232421875 0.0254745483398438 -0.228546142578125 -0.0291900634765625
0.0761337280273438 -0.0247039794921875 -0.227371215820313 0.097930908203125
0.0531044006347656 -0.0265274047851562 -0.172470092773437 0.171310424804688
0.05572509765625 -0.0208740234375 -0.117538452148437 0.144622802734375
0.0645027160644531 -0.0124778747558594 -0.0890274047851563 0.123634338378906
0.0474090576171875 0.0294265747070313 -0.079345703125 0.100357055664063
0.00384902954101563 0.0562171936035156 -0.0722122192382813 0.108940124511719
-0.0618400573730469 0.0367317199707031 -0.118507385253906 0.124534606933594
-0.0924530029296875 -0.0436782836914063 -0.205841064453125 0.119491577148438
-0.062896728515625 -0.115745544433594 -0.292816162109375 0.15936279296875
0.000762939453124994 -0.152313232421875 -0.315704345703125 0.155059814453125
0.0789642333984375 -0.157073974609375 -0.30413818359375 0.011077880859375
-0.0438766479492188 -0.0753173828125 -0.0657272338867188 0.00571060180664063
-0.0391273498535156 -0.0298881530761719 -0.000457763671875009 -0.1444091796875
-0.0232067108154297 -0.00237274169921875 -0.1500244140625 -0.167831420898437
-0.00855731964111328 -0.0014643669128418 -0.237319946289062 -0.0543670654296875
-0.0099945068359375 0.00691509246826172 -0.244735717773437 0.09136962890625
-0.0184326171875 0.0313072204589844 -0.179290771484375 0.175277709960937
-0.0151691436767578 0.0267925262451172 -0.110015869140625 0.15008544921875
-0.0152359008789062 0.0396232604980469 -0.0838165283203125 0.126739501953125
-0.0394210815429688 0.0420684814453125 -0.0700225830078125 0.107490539550781
-0.0749359130859375 0.0122756958007812 -0.0569915771484375 0.108123779296875
-0.0958633422851562 -0.0487747192382813 -0.100540161132813 0.124504089355469
-0.0361175537109375 -0.140884399414063 -0.17242431640625 0.125289916992188
0.0357818603515625 -0.1925048828125 -0.258193969726562 0.151947021484375
0.12872314453125 -0.191192626953125 -0.28204345703125 0.127227783203125
0.20587158203125 -0.180801391601563 -0.2664794921875 -0.053253173828125
0.056427001953125 -0.153701782226562 -0.045074462890625 -0.04107666015625
-0.000488281250000006 -0.152496337890625 0.0212860107421875 -0.170150756835938
-0.0731353759765625 -0.0984649658203125 -0.133438110351562 -0.196929931640625
-0.0909194946289063 -0.0444183349609375 -0.222808837890625 -0.087982177734375
-0.100440979003906 0.0284881591796875 -0.240463256835938 0.0670623779296875
-0.0903472900390625 0.0800857543945312 -0.166915893554688 0.154830932617188
-0.0826950073242188 0.0701217651367188 -0.0862579345703125 0.133049011230469
-0.0885848999023438 0.0904541015625 -0.058837890625 0.110076904296875
-0.115890502929688 0.0630416870117188 -0.0370712280273438 0.102607727050781
-0.151214599609375 -0.010955810546875 -0.0199050903320313 0.102005004882813
-0.140670776367187 -0.10772705078125 -0.0634536743164063 0.126937866210938
-0.0118408203125 -0.222854614257813 -0.128631591796875 0.135169982910156
0.0988922119140625 -0.256500244140625 -0.2099609375 0.137344360351562
0.224609375 -0.21429443359375 -0.211257934570313 0.0937347412109375
0.30859375 -0.167877197265625 -0.179977416992187 -0.120651245117188
0.16552734375 -0.197982788085938 0.00943756103515626 -0.0935134887695313
0.06390380859375 -0.256942749023437 0.0591888427734375 -0.191604614257813
-0.096466064453125 -0.198150634765625 -0.09356689453125 -0.219528198242188
-0.155502319335937 -0.09771728515625 -0.18170166015625 -0.119598388671875
-0.178604125976563 0.0345001220703125 -0.2095947265625 0.0294647216796875
-0.151412963867188 0.112899780273438 -0.134552001953125 0.1151123046875
-0.137535095214844 0.1019287109375 -0.049530029296875 0.0978775024414063
-0.1456298828125 0.13336181640625 -0.0212554931640625 0.0748748779296875
-0.174362182617188 0.087432861328125 0.00933837890625 0.0799407958984375
-0.212265014648438 -0.017913818359375 0.0274734497070312 0.0839004516601563
-0.182373046875 -0.1387939453125 -0.0174713134765625 0.122703552246094
-0.0079803466796875 -0.275604248046875 -0.083984375 0.138481140136719
0.13470458984375 -0.294769287109375 -0.159622192382813 0.107635498046875
0.284698486328125 -0.21551513671875 -0.119697570800781 0.0507888793945312
0.35919189453125 -0.120330810546875 -0.0565032958984375 -0.174270629882812
0.253768920898438 -0.190872192382813 0.0899200439453125 -0.14080810546875
0.138946533203125 -0.307952880859375 0.106292724609375 -0.198471069335938
-0.0839080810546875 -0.270599365234375 -0.0334320068359375 -0.223907470703125
-0.18585205078125 -0.146774291992188 -0.115364074707031 -0.138153076171875
-0.228866577148438 0.02685546875 -0.152175903320313 -0.0112457275390625
-0.19000244140625 0.126480102539063 -0.0857391357421875 0.06011962890625
-0.171661376953125 0.117568969726563 -0.00610351562500001 0.0476837158203125
-0.180465698242188 0.159027099609375 0.0229969024658203 0.0244178771972656
-0.208114624023438 0.104995727539062 0.0619010925292969 0.0426521301269531
-0.2479248046875 -0.0190887451171876 0.0773773193359375 0.0564193725585937
-0.204116821289063 -0.153350830078125 0.0280075073242187 0.111053466796875
-0.00030517578125002 -0.296630859375 -0.0465469360351562 0.133506774902344
0.157684326171875 -0.294342041015625 -0.113739013671875 0.0666656494140625
0.311065673828125 -0.185089111328125 -0.0197181701660156 0.00366783142089843
0.34649658203125 -0.054901123046875 0.08050537109375 -0.20501708984375
0.290863037109375 -0.13568115234375 0.17913818359375 -0.169097900390625
0.196533203125 -0.284393310546875 0.149993896484375 -0.187240600585938
-0.04388427734375 -0.287139892578125 0.031097412109375 -0.204864501953125
-0.173110961914063 -0.1707763671875 -0.0410537719726563 -0.138153076171875
-0.237640380859375 0.01116943359375 -0.0788116455078125 -0.0457382202148438
-0.198440551757812 0.118637084960938 -0.0265369415283203 0.000396728515625006
-0.178619384765625 0.116500854492187 0.0390739440917969 -0.00988388061523437
-0.1888427734375 0.160675048828125 0.06884765625 -0.032958984375
-0.214645385742188 0.105972290039063 0.114059448242188 -0.00128936767578124
-0.251449584960938 -0.0228576660156249 0.124458312988281 0.0271682739257812
-0.197296142578125 -0.157852172851563 0.0683975219726562 0.0989990234375
0.019195556640625 -0.286285400390625 -0.0188522338867188 0.125045776367187
0.1788330078125 -0.256134033203125 -0.0705642700195313 0.0224456787109375
0.306304931640625 -0.128448486328125 0.0817337036132813 -0.036865234375
0.264602661132813 0.0213470458984375 0.200408935546875 -0.209915161132813
0.258255004882813 -0.053466796875 0.254898071289063 -0.176239013671875
0.203628540039063 -0.200057983398438 0.176956176757813 -0.164077758789063
-0.000762939453124995 -0.239822387695313 0.0817718505859375 -0.171844482421875
-0.129043579101563 -0.155593872070313 0.0224838256835938 -0.122573852539063
-0.20166015625 -0.00262451171874997 -0.00719070434570313 -0.069854736328125
-0.173141479492188 0.0934906005859375 0.03179931640625 -0.0541114807128906
-0.158035278320313 0.096405029296875 0.0792694091796875 -0.0658645629882813
-0.172149658203125 0.136489868164063 0.1116943359375 -0.0876998901367187
-0.19342041015625 0.0889434814453125 0.162673950195313 -0.0417633056640625
-0.223037719726562 -0.0305328369140625 0.1671142578125 0.00567626953125
-0.163055419921875 -0.15057373046875 0.102378845214844 0.0923385620117187
0.0457000732421875 -0.2470703125 0.00167083740234374 0.118095397949219
0.186599731445313 -0.186111450195312 -0.0270652770996094 -0.0131912231445313
0.269332885742187 -0.0494232177734375 0.177993774414063 -0.0596160888671875
0.139411926269531 0.0888519287109375 0.276290893554688 -0.196380615234375
0.172836303710937 0.0317840576171875 0.295196533203125 -0.170135498046875
0.160491943359375 -0.0855560302734375 0.181549072265625 -0.143051147460938
0.02911376953125 -0.147628784179687 0.109603881835937 -0.14117431640625
-0.06805419921875 -0.107711791992188 0.0609283447265625 -0.105720520019531
-0.131927490234375 -0.0102996826171875 0.0456771850585937 -0.0853958129882812
-0.12005615234375 0.055084228515625 0.0750579833984375 -0.096435546875
-0.112144470214844 0.0622634887695313 0.107383728027344 -0.11041259765625
-0.12744140625 0.0924301147460937 0.148086547851563 -0.131332397460937
-0.145919799804687 0.05914306640625 0.2034912109375 -0.07171630859375
-0.1656494140625 -0.0347137451171875 0.202224731445312 -0.0029296875
-0.110031127929688 -0.125114440917969 0.128898620605469 0.0952529907226562
0.066070556640625 -0.179290771484375 0.0162811279296875 0.118385314941406
0.1705322265625 -0.094482421875 0.0158805847167969 -0.0297470092773438
0.195968627929687 0.0353240966796875 0.256423950195313 -0.0570068359375
-0.0501251220703125 -0.100532531738281 -0.278274536132812 0.0680389404296875
-0.109291076660156 0.0197372436523437 -0.048492431640625 0.0370101928710938
-0.0466995239257813 0.0824127197265625 -0.00744628906250001 -0.123893737792969
0.0363616943359375 0.0698623657226563 -0.146087646484375 -0.137924194335938
0.0702018737792969 0.0227508544921875 -0.221359252929688 -0.0247802734375
0.0726089477539063 -0.0257949829101563 -0.217605590820313 0.097442626953125
0.0502777099609375 -0.02655029296875 -0.16339111328125 0.168899536132813
0.0513153076171875 -0.0217628479003906 -0.111770629882813 0.141952514648438
0.0602340698242188 -0.014617919921875 -0.0835723876953125 0.121284484863281
0.0463180541992188 0.0256195068359375 -0.0745773315429688 0.0989303588867188
0.00511932373046875 0.0524864196777344 -0.0686492919921875 0.107444763183594
-0.0588264465332031 0.0365638732910156 -0.115119934082031 0.1243896484375
-0.0890121459960937 -0.0397491455078125 -0.200775146484375 0.1187744140625
-0.0623092651367188 -0.109405517578125 -0.283477783203125 0.15875244140625
-0.00180053710937502 -0.146865844726563 -0.305389404296875 0.154449462890625
0.074432373046875 -0.1539306640625 -0.290985107421875 0.0188903808593749
-0.041168212890625 -0.070526123046875 -0.0606498718261719 0.00971221923828124
-0.0381546020507812 -0.0286369323730469 -0.00140380859375002 -0.142410278320313
-0.0228118896484375 -0.00221061706542969 -0.147552490234375 -0.160781860351563
-0.00903606414794922 -0.00212192535400391 -0.230072021484375 -0.049591064453125
-0.0092926025390625 0.00744819641113281 -0.235244750976563 0.092132568359375
-0.0172080993652344 0.0315189361572266 -0.169677734375 0.172607421875
-0.0153865814208984 0.0258998870849609 -0.103240966796875 0.146087646484375
-0.0153770446777344 0.0371284484863281 -0.0775375366210938 0.124038696289063
-0.0362129211425781 0.0399055480957031 -0.06494140625 0.106094360351562
-0.0720062255859375 0.0120315551757813 -0.052825927734375 0.10711669921875
-0.0931396484375 -0.04638671875 -0.0967025756835938 0.124313354492188
-0.0362014770507813 -0.136299133300781 -0.169921875 0.12396240234375
0.0321502685546875 -0.185775756835938 -0.251571655273438 0.151641845703125
0.121749877929688 -0.186874389648438 -0.272781372070313 0.127838134765625
0.197677612304688 -0.178741455078125 -0.256820678710938 -0.04522705078125
0.05438232421875 -0.147430419921875 -0.0419845581054687 -0.035186767578125
-0.00270080566406251 -0.148269653320313 0.0200347900390625 -0.166717529296875
-0.072296142578125 -0.0937652587890625 -0.131256103515625 -0.189376831054687
-0.0888290405273438 -0.0421142578125 -0.216323852539062 -0.0829010009765625
-0.0953750610351563 0.0295791625976562 -0.230606079101563 0.0683135986328125
-0.0854415893554687 0.0802536010742188 -0.157745361328125 0.152450561523437
-0.080169677734375 0.068939208984375 -0.0797500610351563 0.128501892089844
-0.0838623046875 0.0893173217773438 -0.0533218383789063 0.107444763183594
-0.110214233398438 0.0627365112304687 -0.0320968627929688 0.100204467773438
-0.145645141601563 -0.00761413574218747 -0.0167617797851563 0.101181030273438
-0.137779235839844 -0.101524353027344 -0.0604095458984375 0.126365661621094
-0.014404296875 -0.21588134765625 -0.126670837402344 0.133949279785156
0.090850830078125 -0.249420166015625 -0.20458984375 0.137832641601563
0.215621948242187 -0.210372924804687 -0.2047119140625 0.0939788818359375
0.2958984375 -0.16790771484375 -0.174774169921875 -0.110214233398438
0.158920288085938 -0.19189453125 0.00921630859375002 -0.0868453979492188
0.0577239990234375 -0.250701904296875 0.0571136474609375 -0.187103271484375
-0.0970611572265625 -0.189224243164062 -0.0918121337890625 -0.21246337890625
-0.15252685546875 -0.0929107666015625 -0.176437377929688 -0.115020751953125
-0.170944213867188 0.036834716796875 -0.201507568359375 0.0316314697265625
-0.143112182617188 0.113571166992187 -0.127059936523438 0.113632202148438
-0.132232666015625 0.101821899414063 -0.0439834594726563 0.09381103515625
-0.137229919433594 0.132102966308594 -0.017425537109375 0.0727920532226563
-0.165328979492188 0.0882110595703125 0.01275634765625 0.0777053833007813
-0.20477294921875 -0.01220703125 0.0292434692382812 0.0826644897460938
-0.17919921875 -0.13092041015625 -0.0154571533203125 0.121711730957031
-0.012176513671875 -0.267318725585938 -0.0822982788085937 0.137954711914063
0.124664306640625 -0.286773681640625 -0.155853271484375 0.108917236328125
0.27349853515625 -0.212997436523438 -0.116477966308594 0.0520553588867188
0.345977783203125 -0.122894287109375 -0.0563812255859375 -0.163497924804688
0.24371337890625 -0.187042236328125 0.0861129760742188 -0.133193969726563
0.129119873046875 -0.302459716796875 0.103317260742188 -0.193984985351563
-0.0857696533203125 -0.259124755859375 -0.0326385498046875 -0.217132568359375
-0.181503295898438 -0.139358520507813 -0.113311767578125 -0.135116577148437
-0.218780517578125 0.0305938720703125 -0.14703369140625 -0.00852966308593748
-0.180130004882812 0.127166748046875 -0.0802383422851563 0.0589675903320313
-0.16424560546875 0.117813110351563 -0.00230407714843751 0.0444374084472656
-0.169021606445312 0.158004760742188 0.0246429443359375 0.0234546661376953
-0.196762084960938 0.106658935546875 0.0624237060546875 0.0404014587402344
-0.23907470703125 -0.0110931396484375 0.0769424438476562 0.0543975830078125
-0.200119018554688 -0.14373779296875 0.0293731689453125 0.108978271484375
-0.00625610351562503 -0.288665771484375 -0.0446090698242187 0.13201904296875
0.146514892578125 -0.28765869140625 -0.111869812011719 0.0682830810546875
0.298980712890625 -0.185943603515625 -0.0203227996826172 0.00498580932617187
0.333099365234375 -0.05828857421875 0.0748443603515625 -0.19549560546875
0.279342651367188 -0.134017944335938 0.171417236328125 -0.162307739257813
0.184921264648438 -0.281082153320312 0.146163940429688 -0.183181762695313
-0.0471343994140625 -0.2762451171875 0.030120849609375 -0.199676513671875
-0.169677734375 -0.162094116210937 -0.0412750244140625 -0.135208129882813
-0.227096557617188 0.016326904296875 -0.0772705078125 -0.0434417724609375
-0.187576293945313 0.11993408203125 -0.0245552062988281 0.00102043151855469
-0.170791625976563 0.116287231445313 0.039764404296875 -0.0117607116699219
-0.177536010742188 0.16015625 0.0674858093261719 -0.0328025817871094
-0.203475952148438 0.107681274414063 0.111686706542969 -0.00317382812499999
-0.242431640625 -0.0146942138671875 0.12158203125 0.0250930786132813
-0.193496704101563 -0.147720336914063 0.0680160522460937 0.0963363647460937
0.0126953125 -0.278564453125 -0.0173110961914063 0.122665405273437
0.167251586914063 -0.250885009765625 -0.0702743530273437 0.024383544921875
0.29510498046875 -0.130706787109375 0.0773468017578125 -0.0362014770507813
0.257171630859375 0.0159454345703125 0.19140625 -0.203338623046875
0.249114990234375 -0.0551300048828125 0.243927001953125 -0.172027587890625
0.19305419921875 -0.198974609375 0.171905517578125 -0.160064697265625
-0.00602722167968748 -0.230941772460938 0.0793304443359375 -0.167953491210938
-0.126708984375 -0.148529052734375 0.0202407836914062 -0.121917724609375
-0.192916870117187 0.00219726562499997 -0.00835418701171877 -0.0684051513671875
-0.16424560546875 0.094970703125 0.0300559997558594 -0.0536689758300781
-0.150482177734375 0.096466064453125 0.0769805908203125 -0.0661392211914062
-0.160293579101563 0.135986328125 0.107780456542969 -0.0866317749023437
-0.183349609375 0.0909271240234375 0.157241821289063 -0.0430908203125
-0.21502685546875 -0.022705078125 0.162124633789062 0.0033416748046875
-0.160995483398438 -0.14117431640625 0.100936889648437 0.0889358520507812
0.039306640625 -0.24072265625 0.00283813476562501 0.1162109375
0.176406860351563 -0.183563232421875 -0.0287971496582031 -0.0118045806884766
0.260604858398438 -0.05364990234375 0.169097900390625 -0.060333251953125
0.135955810546875 0.08282470703125 0.264144897460938 -0.193344116210938
0.167205810546875 0.0274200439453125 0.28338623046875 -0.168426513671875
0.153030395507813 -0.0875396728515625 0.176345825195313 -0.140182495117188
0.024444580078125 -0.142730712890625 0.106956481933594 -0.139747619628906
-0.0672454833984375 -0.102386474609375 0.0576400756835937 -0.105491638183594
-0.126533508300781 -0.00623321533203123 0.0426788330078125 -0.0847244262695313
-0.113784790039063 0.0558700561523438 0.0704116821289062 -0.0956802368164063
-0.107475280761719 0.0623092651367187 0.103507995605469 -0.110061645507813
-0.119094848632813 0.0917434692382812 0.141357421875 -0.12872314453125
-0.13818359375 0.0614242553710937 0.195465087890625 -0.0727386474609375
-0.160507202148438 -0.02862548828125 0.194107055664063 -0.0065155029296875
-0.108528137207031 -0.117958068847656 0.126754760742188 0.0912628173828125
0.0605010986328125 -0.175018310546875 0.016937255859375 0.115547180175781
0.162124633789063 -0.094573974609375 0.0118675231933594 -0.0293598175048828
0.190994262695313 0.03009033203125 0.244979858398438 -0.0592498779296875
-0.0514907836914062 -0.0996017456054688 -0.27264404296875 0.0741729736328125
-0.106170654296875 0.0227737426757813 -0.0437469482421875 0.0389747619628906
-0.0438461303710938 0.0831451416015625 -0.00988769531250002 -0.125358581542969
0.0371932983398437 0.0677146911621094 -0.147964477539063 -0.134841918945313
0.0693588256835938 0.0203666687011719 -0.219467163085938 -0.01983642578125
0.0712661743164063 -0.0284805297851562 -0.213851928710938 0.100967407226562
0.0489578247070313 -0.0275917053222656 -0.158157348632813 0.171218872070313
0.0489349365234375 -0.0235137939453125 -0.10772705078125 0.143234252929688
0.0572586059570313 -0.0175857543945313 -0.0798187255859375 0.122116088867188
0.0460395812988281 0.0224723815917969 -0.0718154907226562 0.100448608398438
0.00608444213867187 0.0506935119628906 -0.0657196044921875 0.108818054199219
-0.0568161010742188 0.0373153686523437 -0.113021850585937 0.127616882324219
-0.0882415771484375 -0.0376052856445313 -0.200881958007813 0.122787475585937
-0.0629806518554687 -0.106002807617188 -0.2803955078125 0.1632080078125
-0.00494384765625001 -0.1456298828125 -0.301971435546875 0.160003662109375
0.07086181640625 -0.155410766601563 -0.2864990234375 0.02685546875
-0.0395431518554688 -0.0679092407226562 -0.0565681457519531 0.0138015747070313
-0.0381660461425781 -0.0270881652832031 -0.00360107421875 -0.143585205078125
-0.023040771484375 -0.00183296203613281 -0.149459838867187 -0.158096313476563
-0.00992202758789063 -0.00283336639404297 -0.229248046875 -0.044647216796875
-0.00903034210205078 0.00737857818603516 -0.231063842773437 0.0956268310546875
-0.0161418914794922 0.0321502685546875 -0.163604736328125 0.175094604492188
-0.0164012908935547 0.0259113311767578 -0.09881591796875 0.146194458007813
-0.0146865844726562 0.0363388061523438 -0.0733108520507813 0.124961853027344
-0.0349082946777344 0.0394554138183594 -0.060638427734375 0.107040405273438
-0.0706024169921875 0.0137176513671875 -0.0494384765625 0.10882568359375
-0.0930252075195312 -0.04412841796875 -0.09527587890625 0.127861022949219
-0.0381393432617188 -0.135475158691406 -0.170120239257813 0.12860107421875
0.0277099609375 -0.183502197265625 -0.249374389648438 0.157073974609375
0.117935180664062 -0.187103271484375 -0.269775390625 0.1324462890625
0.193252563476563 -0.182601928710937 -0.254119873046875 -0.03662109375
0.0528717041015625 -0.145553588867187 -0.0393943786621094 -0.0308113098144531
-0.00650024414062501 -0.148162841796875 0.018707275390625 -0.167144775390625
-0.074127197265625 -0.0920944213867187 -0.132720947265625 -0.186264038085938
-0.0897979736328125 -0.0410308837890625 -0.21673583984375 -0.07891845703125
-0.0936355590820313 0.0320816040039062 -0.227462768554688 0.0724639892578125
-0.0820541381835937 0.082489013671875 -0.1507568359375 0.155181884765625
-0.0792160034179687 0.0703353881835938 -0.0748748779296875 0.127754211425781
-0.0808334350585937 0.0902099609375 -0.0490493774414063 0.108230590820313
-0.106605529785156 0.064117431640625 -0.0276031494140625 0.100257873535156
-0.144210815429688 -0.00398254394531253 -0.0132369995117188 0.102294921875
-0.138847351074219 -0.0981521606445313 -0.0587387084960938 0.12982177734375
-0.0186309814453125 -0.215866088867188 -0.127304077148438 0.137298583984375
0.0850982666015625 -0.2489013671875 -0.204086303710937 0.14300537109375
0.211288452148438 -0.2132568359375 -0.203475952148438 0.098541259765625
0.291107177734375 -0.173187255859375 -0.1744384765625 -0.102249145507813
0.155914306640625 -0.191390991210938 0.00988769531250001 -0.0828704833984375
0.0513153076171875 -0.2515869140625 0.0561370849609375 -0.188232421875
-0.100509643554688 -0.185714721679688 -0.0931396484375 -0.209915161132813
-0.153518676757813 -0.0898895263671875 -0.177719116210937 -0.112518310546875
-0.16754150390625 0.041107177734375 -0.1993408203125 0.0360107421875
-0.138336181640625 0.117462158203125 -0.121452331542969 0.115242004394531
-0.12945556640625 0.10498046875 -0.0396804809570313 0.0917282104492188
-0.131202697753906 0.134574890136719 -0.0135498046875 0.0726852416992188
-0.160598754882813 0.091583251953125 0.0161666870117187 0.0771408081054687
-0.202621459960938 -0.0059051513671875 0.03265380859375 0.082794189453125
-0.181015014648438 -0.12554931640625 -0.0132980346679688 0.124099731445312
-0.018310546875 -0.267486572265625 -0.0823516845703125 0.140342712402344
0.1165771484375 -0.2872314453125 -0.155410766601562 0.113327026367187
0.2694091796875 -0.216995239257813 -0.11663818359375 0.0543746948242187
0.34228515625 -0.129638671875 -0.0580902099609375 -0.15777587890625
0.239532470703125 -0.18804931640625 0.0839080810546875 -0.130317687988281
0.12158203125 -0.303955078125 0.102371215820313 -0.195281982421875
-0.09100341796875 -0.255203247070312 -0.0343475341796875 -0.215988159179688
-0.18341064453125 -0.135848999023438 -0.114646911621094 -0.134231567382812
-0.215087890625 0.0361175537109375 -0.14569091796875 -0.00506591796874998
-0.17401123046875 0.131637573242188 -0.07623291015625 0.0604248046875
-0.16046142578125 0.12115478515625 0.000743865966796861 0.0417709350585938
-0.162353515625 0.16180419921875 0.0270156860351562 0.0227203369140625
-0.190750122070312 0.111373901367188 0.0647239685058594 0.0390167236328125
-0.236038208007813 -0.00395202636718745 0.0782546997070312 0.0537261962890625
-0.202178955078125 -0.136993408203125 0.0311660766601562 0.110260009765625
-0.014129638671875 -0.2874755859375 -0.044158935546875 0.134002685546875
0.138275146484375 -0.28863525390625 -0.112564086914063 0.072845458984375
0.29412841796875 -0.1905517578125 -0.0215530395507812 0.00648498535156249
0.33087158203125 -0.065216064453125 0.071746826171875 -0.1927490234375
0.274978637695313 -0.13787841796875 0.168212890625 -0.161331176757812
0.177154541015625 -0.284393310546875 0.144302368164063 -0.184402465820313
-0.053924560546875 -0.271820068359375 0.02825927734375 -0.200363159179688
-0.172012329101562 -0.158050537109375 -0.042694091796875 -0.136650085449219
-0.222885131835937 0.0221405029296874 -0.07794189453125 -0.0414199829101563
-0.181472778320313 0.124847412109375 -0.0229244232177734 0.000993728637695317
-0.166290283203125 0.12066650390625 0.0412178039550781 -0.0145034790039062
-0.169281005859375 0.164093017578125 0.0676078796386719 -0.0340766906738281
-0.196182250976563 0.113571166992188 0.112754821777344 -0.00539398193359374
-0.239776611328125 -0.00622558593750005 0.121772766113281 0.0232620239257813
-0.195953369140625 -0.140762329101563 0.0698013305664062 0.0959243774414062
0.00476074218750001 -0.277496337890625 -0.0160598754882812 0.1243896484375
0.158187866210937 -0.252517700195313 -0.0722732543945312 0.0274810791015625
0.2913818359375 -0.13726806640625 0.0748443603515625 -0.0370101928710938
0.256103515625 0.0095977783203125 0.185714721679688 -0.203384399414063
0.24615478515625 -0.0597076416015625 0.239044189453125 -0.1734619140625
0.1865234375 -0.203399658203125 0.17108154296875 -0.161956787109375
-0.011993408203125 -0.228073120117188 0.0785980224609375 -0.17022705078125
-0.129043579101563 -0.14508056640625 0.0183563232421875 -0.123977661132813
-0.189712524414063 0.00788879394531248 -0.0104331970214844 -0.0678215026855469
-0.159774780273438 0.099395751953125 0.0288200378417969 -0.0545730590820312
-0.146896362304688 0.10040283203125 0.076324462890625 -0.069244384765625
-0.152816772460938 0.139755249023438 0.106437683105469 -0.08856201171875
-0.17742919921875 0.096588134765625 0.156158447265625 -0.0460357666015625
-0.213058471679688 -0.0148773193359375 0.160415649414063 0.000366210937499999
-0.1634521484375 -0.1346435546875 0.10235595703125 0.0877227783203125
0.0323028564453125 -0.24066162109375 0.0045318603515625 0.115852355957031
0.169235229492188 -0.185989379882813 -0.0316123962402344 -0.0102272033691406
0.257675170898438 -0.0605316162109375 0.165740966796875 -0.06353759765625
0.137092590332031 0.078826904296875 0.25933837890625 -0.195465087890625
0.167343139648437 0.0235443115234375 0.27777099609375 -0.17205810546875
0.149154663085938 -0.091827392578125 0.175460815429687 -0.141998291015625
0.0201416015625 -0.1417236328125 0.106689453125 -0.142868041992187
-0.0682220458984375 -0.100044250488281 0.0557937622070312 -0.108070373535156
-0.123939514160156 -0.00296020507812498 0.0388946533203125 -0.08575439453125
-0.110763549804687 0.0592575073242188 0.0679244995117188 -0.0974273681640625
-0.104873657226563 0.0652999877929687 0.100700378417969 -0.112823486328125
-0.113929748535156 0.0938568115234375 0.137733459472656 -0.131278991699219
-0.133338928222656 0.0652084350585937 0.193862915039063 -0.0766448974609375
-0.1593017578125 -0.0224609375 0.192214965820313 -0.0099029541015625
-0.111106872558594 -0.1134033203125 0.127830505371094 0.0886306762695312
0.05511474609375 -0.175125122070312 0.0192489624023437 0.115379333496094
0.158584594726563 -0.0966339111328125 0.00862503051757814 -0.0296306610107422
0.189361572265625 0.0236968994140625 0.240219116210938 -0.065032958984375
-0.0573577880859375 -0.099029541015625 -0.26824951171875 0.0871429443359375
-0.103561401367188 0.0272369384765625 -0.0385589599609375 0.0420913696289062
-0.0395278930664063 0.086090087890625 -0.0152969360351563 -0.126960754394531
0.0393142700195313 0.0660743713378906 -0.154327392578125 -0.12884521484375
0.069610595703125 0.0170745849609375 -0.220977783203125 -0.0105743408203125
0.0692939758300781 -0.0321731567382813 -0.211105346679688 0.109222412109375
0.0474777221679688 -0.0303077697753906 -0.150711059570313 0.178939819335937
0.0463943481445313 -0.0260887145996094 -0.102188110351562 0.149139404296875
0.0542335510253906 -0.0210952758789063 -0.0748672485351563 0.126487731933594
0.0468368530273438 0.0183944702148438 -0.0680389404296875 0.104736328125
0.00851440429687499 0.0494003295898437 -0.0613861083984375 0.112678527832031
-0.0551605224609375 0.0398445129394531 -0.110420227050781 0.134262084960938
-0.0894851684570313 -0.0332107543945313 -0.199554443359375 0.133529663085937
-0.0669326782226563 -0.102073669433594 -0.275955200195313 0.176559448242188
-0.0114288330078125 -0.145980834960938 -0.299102783203125 0.173248291015625
0.0641326904296875 -0.160552978515625 -0.28497314453125 0.04022216796875
-0.04058837890625 -0.0658950805664063 -0.0527229309082031 0.0181236267089844
-0.0391311645507813 -0.0260200500488281 -0.00837707519531251 -0.14569091796875
-0.0238895416259766 -0.00111198425292969 -0.156524658203125 -0.152557373046875
-0.0111827850341797 -0.00271892547607422 -0.231201171875 -0.0356292724609375
-0.00881767272949219 0.00756072998046875 -0.227142333984375 0.105270385742188
-0.0144081115722656 0.0327701568603516 -0.155059814453125 0.183197021484375
-0.0164585113525391 0.0265254974365234 -0.092559814453125 0.150711059570313
-0.0143928527832031 0.0371246337890625 -0.0675506591796875 0.128395080566406
-0.0332412719726563 0.0400657653808594 -0.0556182861328125 0.110862731933594
-0.0699119567871094 0.0160140991210938 -0.044647216796875 0.112533569335938
-0.0952377319335937 -0.0405426025390625 -0.091552734375 0.135147094726562
-0.04364013671875 -0.134803771972656 -0.169036865234375 0.138229370117187
0.019561767578125 -0.184738159179688 -0.246002197265625 0.168960571289063
0.111114501953125 -0.193618774414063 -0.268173217773438 0.145278930664063
0.186599731445312 -0.192596435546875 -0.255294799804687 -0.024139404296875
0.049530029296875 -0.147369384765625 -0.0379676818847656 -0.0265846252441406
-0.0127105712890625 -0.148956298828125 0.0131072998046875 -0.170333862304688
-0.07879638671875 -0.0884780883789062 -0.140655517578125 -0.182968139648437
-0.0932769775390625 -0.0379180908203125 -0.22113037109375 -0.0713043212890625
-0.0919952392578125 0.0364990234375 -0.224838256835937 0.0816192626953125
-0.0777969360351563 0.0873565673828125 -0.143173217773438 0.162033081054688
-0.0768585205078125 0.0747833251953125 -0.0690155029296875 0.129783630371094
-0.0768585205078125 0.0941925048828125 -0.0432815551757813 0.110397338867188
-0.103515625 0.0687179565429688 -0.0224761962890625 0.10247802734375
-0.143829345703125 0.00247192382812502 -0.008209228515625 0.10443115234375
-0.144012451171875 -0.092987060546875 -0.0543289184570313 0.135818481445313
-0.0283203125 -0.217041015625 -0.125381469726563 0.14642333984375
0.0738983154296875 -0.25225830078125 -0.20166015625 0.153778076171875
0.204208374023438 -0.22344970703125 -0.202285766601563 0.108306884765625
0.286407470703125 -0.187225341796875 -0.17742919921875 -0.092620849609375
0.150115966796875 -0.197036743164063 0.008148193359375 -0.0802001953125
0.040618896484375 -0.255569458007813 0.0509490966796875 -0.19244384765625
-0.108718872070313 -0.181488037109375 -0.100723266601563 -0.208160400390625
-0.15911865234375 -0.0848388671875 -0.183563232421875 -0.10662841796875
-0.1658935546875 0.048614501953125 -0.19781494140625 0.0442352294921875
-0.132354736328125 0.125228881835938 -0.11468505859375 0.120529174804688
-0.126419067382813 0.111259460449219 -0.0346298217773438 0.091278076171875
-0.124740600585937 0.141494750976563 -0.00873565673828126 0.0733413696289063
-0.155227661132813 0.0994110107421875 0.0216293334960937 0.07659912109375
-0.203079223632813 0.00379943847656253 0.037078857421875 0.0829925537109375
-0.187255859375 -0.11846923828125 -0.00849151611328126 0.127853393554687
-0.0305328369140625 -0.269577026367188 -0.0799102783203125 0.147186279296875
0.103424072265625 -0.29248046875 -0.154159545898438 0.123306274414062
0.261978149414063 -0.2308349609375 -0.116065979003906 0.0606613159179687
0.340118408203125 -0.1456298828125 -0.0634918212890625 -0.152999877929688
0.234710693359375 -0.197479248046875 0.0800552368164063 -0.130409240722656
0.108978271484375 -0.312713623046875 0.097808837890625 -0.201217651367188
-0.102386474609375 -0.25244140625 -0.040985107421875 -0.216812133789063
-0.191024780273437 -0.129623413085938 -0.121635437011719 -0.131622314453125
-0.212493896484375 0.0464019775390625 -0.146377563476563 0.00160217285156252
-0.1669921875 0.141387939453125 -0.0723342895507813 0.0631332397460938
-0.155548095703125 0.13055419921875 0.00403213500976562 0.0392341613769531
-0.152862548828125 0.169921875 0.0295562744140625 0.0216789245605469
-0.184555053710937 0.120925903320313 0.06890869140625 0.0363578796386719
-0.236083984375 0.008575439453125 0.0821762084960937 0.051300048828125
-0.209854125976562 -0.127944946289063 0.0361099243164062 0.111564636230469
-0.02764892578125 -0.289794921875 -0.0408782958984375 0.13916015625
0.12457275390625 -0.295196533203125 -0.112510681152344 0.0800094604492187
0.28961181640625 -0.206634521484375 -0.0228843688964844 0.00809288024902343
0.329803466796875 -0.080230712890625 0.0644378662109375 -0.193222045898437
0.272018432617188 -0.149185180664063 0.162551879882813 -0.165557861328125
0.164306640625 -0.295562744140625 0.14154052734375 -0.191848754882813
-0.0661468505859375 -0.270217895507813 0.022308349609375 -0.204116821289063
-0.1805419921875 -0.152511596679688 -0.0493011474609375 -0.137252807617188
-0.221755981445313 0.032806396484375 -0.0793304443359375 -0.037506103515625
-0.175323486328125 0.135391235351562 -0.0217304229736328 0.00170516967773438
-0.161163330078125 0.129913330078125 0.0423774719238281 -0.0180854797363281
-0.15936279296875 0.172805786132812 0.0678901672363281 -0.0369606018066406
-0.18890380859375 0.124099731445312 0.11456298828125 -0.0108566284179687
-0.239593505859375 0.00682067871093749 0.123947143554687 0.018951416015625
-0.204010009765625 -0.131378173828125 0.0746841430664062 0.095184326171875
-0.00860595703125001 -0.280517578125 -0.012237548828125 0.126960754394531
0.146575927734375 -0.260498046875 -0.0736618041992188 0.032196044921875
0.288787841796875 -0.1519775390625 0.0721664428710938 -0.0394973754882813
0.258041381835937 -0.002655029296875 0.178878784179688 -0.208847045898437
0.246047973632813 -0.0704498291015625 0.232589721679688 -0.181625366210938
0.177352905273438 -0.215240478515625 0.168853759765625 -0.169769287109375
-0.0225982666015625 -0.227920532226563 0.0746917724609375 -0.176498413085938
-0.136428833007813 -0.14068603515625 0.0129547119140625 -0.127532958984375
-0.189102172851563 0.0170440673828125 -0.0138206481933594 -0.0667724609375
-0.153884887695313 0.108779907226563 0.0272483825683594 -0.0561866760253906
-0.142425537109375 0.108779907226563 0.0751419067382812 -0.0747528076171875
-0.144668579101563 0.148330688476563 0.103713989257812 -0.0933990478515625
-0.16986083984375 0.106185913085937 0.15667724609375 -0.05328369140625
-0.21337890625 -0.00315856933593748 0.161544799804688 -0.005950927734375
-0.170150756835938 -0.1270751953125 0.106849670410156 0.0844879150390625
0.02081298828125 -0.243728637695313 0.00859069824218751 0.117866516113281
0.160858154296875 -0.194061279296875 -0.0351905822753906 -0.00789642333984377
0.256927490234375 -0.0733184814453125 0.16156005859375 -0.07049560546875
0.14080810546875 0.07208251953125 0.252883911132813 -0.205352783203125
0.168853759765625 0.0152587890625 0.272247314453125 -0.18304443359375
0.145065307617188 -0.100692749023438 0.173248291015625 -0.150543212890625
0.012908935546875 -0.14208984375 0.102890014648437 -0.150405883789062
-0.0739822387695312 -0.0973281860351563 0.0517730712890625 -0.113365173339844
-0.123802185058594 0.00295257568359377 0.0350341796875 -0.0879669189453125
-0.107276916503906 0.0659255981445312 0.0631179809570313 -0.101539611816406
-0.101417541503906 0.0708847045898437 0.0971450805664063 -0.118316650390625
-0.1080322265625 0.100555419921875 0.133110046386719 -0.137603759765625
-0.128326416015625 0.072296142578125 0.191696166992188 -0.0846099853515625
-0.159820556640625 -0.01385498046875 0.192550659179688 -0.0175323486328125
-0.116859436035156 -0.107940673828125 0.131790161132813 0.0842056274414063
0.0465545654296875 -0.178787231445313 0.0229263305664062 0.115623474121094
0.154098510742188 -0.105010986328125 0.00412750244140626 -0.0294895172119141
0.19140625 0.014739990234375 0.236495971679688 -0.07513427734375
-0.06494140625 -0.0942916870117187 -0.259994506835938 0.1046142578125
-0.0993576049804688 0.0341644287109375 -0.0316123962402344 0.0448341369628906
-0.03289794921875 0.0886154174804688 -0.0234527587890625 -0.126396179199219
0.0431022644042969 0.0626602172851563 -0.161224365234375 -0.118820190429688
0.0695953369140625 0.0121116638183594 -0.21844482421875 0.00376892089843753
0.0655021667480469 -0.0376548767089844 -0.2025146484375 0.121292114257813
0.0440177917480469 -0.0341644287109375 -0.137557983398437 0.188232421875
0.0426788330078125 -0.0296897888183594 -0.0916290283203125 0.155502319335938
0.0501174926757813 -0.0253181457519531 -0.0655746459960938 0.130950927734375
0.0467147827148437 0.0135726928710938 -0.0604248046875 0.109024047851563
0.0121650695800781 0.047271728515625 -0.0540924072265625 0.116729736328125
-0.0519866943359375 0.0432167053222656 -0.102066040039062 0.14349365234375
-0.09033203125 -0.0264511108398438 -0.191604614257812 0.147232055664063
-0.0716171264648438 -0.095428466796875 -0.26348876953125 0.19317626953125
-0.0216064453125 -0.14453125 -0.28753662109375 0.19256591796875
0.05224609375 -0.164581298828125 -0.279541015625 0.060302734375
-0.0431480407714844 -0.0623512268066406 -0.0479545593261719 0.022796630859375
-0.0398063659667969 -0.0231513977050781 -0.01702880859375 -0.14501953125
-0.0242462158203125 0.00103378295898438 -0.164413452148437 -0.142318725585938
-0.0125446319580078 -0.0022430419921875 -0.23175048828125 -0.0205841064453125
-0.00835132598876953 0.00763130187988281 -0.218429565429687 0.118576049804688
-0.0118064880371094 0.0337963104248047 -0.1407470703125 0.191680908203125
-0.0158481597900391 0.0278968811035156 -0.08221435546875 0.155075073242187
-0.0130348205566406 0.0374107360839844 -0.0584030151367187 0.132034301757813
-0.0307502746582031 0.0401229858398438 -0.04754638671875 0.113441467285156
-0.0680656433105469 0.0195884704589844 -0.036529541015625 0.115531921386719
-0.0974502563476563 -0.0347976684570313 -0.0833587646484375 0.14337158203125
-0.051849365234375 -0.131294250488281 -0.161605834960938 0.151199340820312
0.00801086425781251 -0.182693481445313 -0.234725952148438 0.18621826171875
0.0979766845703125 -0.2000732421875 -0.259490966796875 0.162826538085938
0.173233032226563 -0.204574584960938 -0.253677368164062 -0.00477600097656251
0.0420989990234375 -0.14910888671875 -0.0368385314941406 -0.0208320617675781
-0.0227203369140625 -0.14727783203125 0.00381469726562499 -0.171310424804688
-0.0843124389648438 -0.0826263427734375 -0.150100708007812 -0.173507690429688
-0.0964813232421875 -0.0319747924804687 -0.224090576171875 -0.056793212890625
-0.0881195068359375 0.0422210693359375 -0.217361450195313 0.0960540771484375
-0.0705490112304688 0.092987060546875 -0.13031005859375 0.170211791992188
-0.072265625 0.0797576904296875 -0.0595321655273437 0.132064819335937
-0.0703201293945313 0.0986785888671875 -0.0345458984375 0.112480163574219
-0.0977859497070313 0.0743789672851563 -0.0143661499023438 0.103385925292969
-0.142135620117188 0.011962890625 -0.000114440917968748 0.105049133300781
-0.149215698242188 -0.08258056640625 -0.0460968017578125 0.141494750976563
-0.0434112548828125 -0.21490478515625 -0.118637084960937 0.15679931640625
0.055938720703125 -0.254302978515625 -0.192138671875 0.168304443359375
0.189102172851563 -0.236526489257813 -0.196197509765625 0.121627807617187
0.272811889648438 -0.206100463867188 -0.181381225585937 -0.077880859375
0.139495849609375 -0.20477294921875 0.00537872314453125 -0.0765304565429688
0.0228271484375 -0.2576904296875 0.040435791015625 -0.19610595703125
-0.119766235351563 -0.172821044921875 -0.11279296875 -0.2022705078125
-0.165481567382813 -0.074493408203125 -0.190643310546875 -0.095184326171875
-0.159988403320313 0.0600738525390625 -0.193145751953125 0.056915283203125
-0.121124267578125 0.134376525878906 -0.104278564453125 0.126777648925781
-0.117904663085937 0.119911193847656 -0.0277481079101563 0.0908660888671875
-0.112930297851562 0.148910522460938 -0.00209808349609376 0.07318115234375
-0.145782470703125 0.109344482421875 0.028839111328125 0.0748062133789063
-0.20001220703125 0.0180816650390625 0.0437240600585937 0.0810699462890625
-0.194305419921875 -0.105255126953125 -0.000434875488281262 0.130447387695313
-0.0494232177734375 -0.266738891601563 -0.0722198486328125 0.154281616210937
0.08306884765625 -0.295989990234375 -0.147476196289063 0.13531494140625
0.2467041015625 -0.247909545898438 -0.113166809082031 0.0686492919921875
0.329132080078125 -0.168792724609375 -0.07196044921875 -0.145034790039063
0.222366333007813 -0.210952758789063 0.0725479125976563 -0.131797790527344
0.086456298828125 -0.319061279296875 0.0874786376953125 -0.206863403320313
-0.119293212890625 -0.242767333984375 -0.053192138671875 -0.214950561523438
-0.19915771484375 -0.116867065429687 -0.130683898925781 -0.124252319335937
-0.206802368164063 0.06072998046875 -0.14459228515625 0.0120697021484375
-0.154373168945313 0.15313720703125 -0.06585693359375 0.0674400329589844
-0.145477294921875 0.14056396484375 0.00715255737304687 0.0365371704101563
-0.137786865234375 0.180007934570312 0.0330123901367187 0.0191974639892578
-0.172439575195312 0.133041381835938 0.0735702514648437 0.0310745239257813
-0.2325439453125 0.0265808105468749 0.0863113403320312 0.046661376953125
-0.217361450195312 -0.1119384765625 0.0430984497070312 0.110908508300781
-0.04901123046875 -0.286834716796875 -0.034027099609375 0.143569946289062
0.10260009765625 -0.3006591796875 -0.109169006347656 0.0893630981445312
0.275558471679688 -0.226165771484375 -0.0237503051757812 0.00989341735839842
0.323486328125 -0.1031494140625 0.052703857421875 -0.1932373046875
0.26171875 -0.165924072265625 0.151947021484375 -0.171829223632813
0.143341064453125 -0.306243896484375 0.13153076171875 -0.200851440429688
-0.08404541015625 -0.263229370117188 0.01116943359375 -0.205673217773438
-0.190155029296875 -0.140487670898438 -0.05914306640625 -0.134925842285156
-0.216018676757813 0.047760009765625 -0.0810623168945313 -0.031219482421875
-0.162643432617188 0.147689819335938 -0.020172119140625 0.00208663940429688
-0.151168823242187 0.140518188476563 0.0417556762695312 -0.0241050720214844
-0.143936157226562 0.183349609375 0.0668601989746094 -0.0415191650390625
-0.176300048828125 0.136825561523437 0.115447998046875 -0.0184860229492187
-0.235733032226563 0.0254058837890625 0.12518310546875 0.0110702514648438
-0.210952758789062 -0.115447998046875 0.0803451538085937 0.0912551879882813
-0.0296478271484375 -0.278839111328125 -0.00541687011718749 0.129142761230469
0.126296997070313 -0.268508911132813 -0.0739974975585937 0.0394134521484375
0.277420043945313 -0.17181396484375 0.06732177734375 -0.0435523986816406
0.25701904296875 -0.02099609375 0.165313720703125 -0.217239379882812
0.239898681640625 -0.08587646484375 0.220169067382812 -0.192703247070312
0.161514282226563 -0.227340698242188 0.159469604492187 -0.180389404296875
-0.0387115478515625 -0.2242431640625 0.0639801025390625 -0.18218994140625
-0.145797729492188 -0.130783081054688 0.00405120849609374 -0.128746032714844
-0.1846923828125 0.02996826171875 -0.0176925659179688 -0.0650291442871094
-0.143234252929688 0.120391845703125 0.0243988037109375 -0.05810546875
-0.133636474609375 0.118553161621094 0.0705490112304688 -0.080902099609375
-0.131179809570313 0.157089233398437 0.0986099243164062 -0.0998458862304687
-0.159027099609375 0.11761474609375 0.153610229492188 -0.064056396484375
-0.210708618164063 0.0132293701171875 0.159896850585938 -0.0162353515625
-0.178329467773438 -0.112686157226562 0.111686706542969 0.0781784057617188
0.00259399414062501 -0.244094848632812 0.0150222778320312 0.117759704589844
0.144668579101563 -0.203414916992187 -0.0381011962890625 -0.00366210937500001
0.25103759765625 -0.091796875 0.153854370117188 -0.0807952880859375
0.144317626953125 0.0609130859375 0.239303588867188 -0.218109130859375
0.169082641601563 0.0033111572265625 0.259552001953125 -0.197509765625
0.136512756347656 -0.111480712890625 0.164932250976563 -0.160858154296875
0.00204467773437501 -0.140975952148438 0.0936431884765625 -0.158660888671875
-0.0798568725585938 -0.0918807983398438 0.0441360473632812 -0.117362976074219
-0.121315002441406 0.0124740600585937 0.028656005859375 -0.0892868041992188
-0.100120544433594 0.0743637084960937 0.05615234375 -0.105033874511719
-0.095703125 0.0784988403320313 0.088897705078125 -0.126007080078125
-0.0988845825195313 0.1072998046875 0.124420166015625 -0.146011352539063
-0.120407104492188 0.0816726684570313 0.186264038085938 -0.0974273681640625
-0.158645629882813 -0.00102233886718752 0.189285278320313 -0.0300140380859375
-0.123291015625 -0.0982589721679687 0.136726379394531 0.0761871337890625
0.0341339111328125 -0.1815185546875 0.0295257568359375 0.114677429199219
0.145294189453125 -0.114273071289063 -0.00156593322753905 -0.0288333892822266
0.191574096679688 0.00079345703125 0.227874755859375 -0.0902252197265625
-0.0706787109375 -0.0866241455078125 -0.242416381835937 0.120040893554688
-0.092376708984375 0.0398101806640625 -0.0240211486816406 0.0452423095703125
-0.0236663818359375 0.0881118774414063 -0.0310821533203125 -0.12200927734375
0.0455665588378906 0.0581855773925781 -0.163299560546875 -0.104522705078125
0.067718505859375 0.006561279296875 -0.2103271484375 0.01739501953125
0.0592689514160156 -0.0415802001953125 -0.188430786132812 0.131149291992188
0.039337158203125 -0.0368728637695312 -0.119903564453125 0.191818237304688
0.0373191833496094 -0.031494140625 -0.078399658203125 0.15679931640625
0.0441398620605469 -0.0281028747558594 -0.054412841796875 0.13177490234375
0.0448875427246094 0.0074920654296875 -0.0513916015625 0.110336303710937
0.0153923034667969 0.0436134338378906 -0.0453872680664062 0.117408752441406
-0.0465888977050781 0.0448837280273438 -0.0894622802734375 0.1475830078125
-0.087493896484375 -0.0184402465820312 -0.176071166992188 0.157211303710937
-0.0746078491210938 -0.0866317749023437 -0.24249267578125 0.203964233398438
-0.0319671630859375 -0.138046264648437 -0.2664794921875 0.206268310546875
0.0385284423828125 -0.162811279296875 -0.264312744140625 0.0794677734375
-0.0441703796386719 -0.0575218200683594 -0.041534423828125 0.0265960693359375
-0.0400314331054688 -0.019744873046875 -0.025634765625 -0.14105224609375
-0.0237903594970703 0.00263023376464844 -0.167999267578125 -0.12725830078125
-0.0130901336669922 -0.000989913940429689 -0.224868774414063 -0.00511169433593751
-0.00775146484375 0.00780200958251953 -0.203689575195313 0.129409790039063
-0.00884246826171875 0.0333442687988281 -0.121734619140625 0.19561767578125
-0.0150032043457031 0.0284748077392578 -0.0688323974609375 0.154998779296875
-0.0113258361816406 0.0372467041015625 -0.04693603515625 0.131500244140625
-0.0271224975585938 0.0393905639648438 -0.037841796875 0.1134033203125
-0.0638618469238281 0.0228309631347656 -0.0277328491210937 0.114555358886719
-0.0963363647460938 -0.02642822265625 -0.0717620849609375 0.146652221679688
-0.058746337890625 -0.123405456542969 -0.147903442382813 0.159835815429687
-0.00366210937500001 -0.176025390625 -0.216232299804687 0.196563720703125
0.0808868408203125 -0.200576782226563 -0.241653442382812 0.176666259765625
0.152847290039063 -0.21075439453125 -0.24505615234375 0.0150299072265625
0.0324859619140625 -0.146820068359375 -0.0339584350585938 -0.0155792236328125
-0.0319366455078125 -0.141555786132813 -0.00628662109374999 -0.167617797851563
-0.0874404907226562 -0.07379150390625 -0.155670166015625 -0.159500122070313
-0.0970001220703125 -0.0244827270507813 -0.220703125 -0.040435791015625
-0.0821762084960938 0.0466079711914062 -0.203399658203125 0.107223510742188
-0.060455322265625 0.0948562622070313 -0.112884521484375 0.172515869140625
-0.0656051635742187 0.0831451416015625 -0.0483856201171875 0.130325317382813
-0.0611419677734375 0.1007080078125 -0.0247650146484375 0.110244750976562
-0.0888290405273438 0.078155517578125 -0.00512695312500001 0.100662231445312
-0.135818481445313 0.0213851928710937 0.00780487060546875 0.102828979492188
-0.15008544921875 -0.0705413818359375 -0.0355682373046875 0.143142700195313
-0.0567474365234375 -0.204849243164063 -0.1055908203125 0.162857055664063
0.0372161865234375 -0.24798583984375 -0.176025390625 0.178298950195312
0.16754150390625 -0.242645263671875 -0.183258056640625 0.131988525390625
0.2498779296875 -0.219009399414063 -0.179824829101562 -0.0599212646484375
0.122970581054688 -0.206756591796875 0.00222015380859376 -0.0715103149414063
0.00410461425781252 -0.252166748046875 0.02801513671875 -0.194061279296875
-0.127838134765625 -0.158340454101562 -0.12115478515625 -0.190200805664063
-0.166427612304688 -0.0611419677734375 -0.191009521484375 -0.0801239013671875
-0.149703979492188 0.0692138671875 -0.18170166015625 0.0681915283203125
-0.106307983398437 0.138908386230469 -0.0906143188476563 0.128829956054688
-0.105842590332031 0.124855041503906 -0.0199432373046875 0.0872421264648438
-0.09771728515625 0.152633666992188 0.00438690185546874 0.0703125
-0.131790161132813 0.115394592285156 0.0348548889160156 0.069549560546875
-0.191024780273437 0.0323333740234375 0.0493392944335937 0.0763015747070313
-0.19573974609375 -0.0872802734375 0.00811004638671873 0.129264831542969
-0.0685272216796875 -0.254974365234375 -0.0615692138671875 0.157699584960937
0.058807373046875 -0.2906494140625 -0.134719848632813 0.143203735351562
0.22247314453125 -0.2579345703125 -0.106857299804688 0.0753021240234375
0.306610107421875 -0.1864013671875 -0.0789031982421875 -0.132667541503906
0.202926635742187 -0.218551635742188 0.0630111694335938 -0.128608703613281
0.061279296875 -0.315948486328125 0.073089599609375 -0.20806884765625
-0.131134033203125 -0.225814819335938 -0.0654449462890625 -0.206314086914063
-0.202682495117188 -0.099884033203125 -0.135238647460938 -0.112007141113281
-0.194198608398438 0.073272705078125 -0.138282775878906 0.0217132568359375
-0.13629150390625 0.159286499023437 -0.0572738647460938 0.0682220458984375
-0.130355834960938 0.146804809570313 0.0103797912597656 0.0319328308105469
-0.118728637695313 0.183990478515625 0.0349082946777344 0.0152587890625
-0.154251098632813 0.1409912109375 0.0749053955078125 0.0241851806640625
-0.220977783203125 0.042633056640625 0.0877304077148437 0.0394287109375
-0.218475341796875 -0.0927581787109375 0.0493698120117188 0.106880187988281
-0.069122314453125 -0.2745361328125 -0.02423095703125 0.144134521484375
0.077392578125 -0.29693603515625 -0.10107421875 0.09661865234375
0.251388549804688 -0.238311767578125 -0.0240039825439453 0.0122413635253906
0.3060302734375 -0.123016357421875 0.03863525390625 -0.1873779296875
0.2430419921875 -0.177597045898438 0.136138916015625 -0.17327880859375
0.116851806640625 -0.30792236328125 0.115524291992188 -0.204620361328125
-0.0995330810546875 -0.247512817382813 -0.00219726562500002 -0.202224731445313
-0.195144653320313 -0.123336791992188 -0.066497802734375 -0.127456665039063
-0.2037353515625 0.06243896484375 -0.0793304443359375 -0.0236282348632813
-0.143798828125 0.155242919921875 -0.0178508758544922 0.00341796875000001
-0.135208129882812 0.147979736328125 0.0390510559082031 -0.0286979675292969
-0.123626708984375 0.187698364257812 0.0634193420410156 -0.0456695556640625
-0.158401489257812 0.14471435546875 0.112152099609375 -0.0263214111328125
-0.224441528320312 0.042449951171875 0.122940063476563 0.0024566650390625
-0.212905883789063 -0.0953369140625 0.0845947265625 0.0847930908203125
-0.04913330078125 -0.267852783203125 0.00250244140624999 0.127265930175781
0.101699829101563 -0.267166137695313 -0.0707778930664063 0.0451583862304687
0.257080078125 -0.186798095703125 0.0601310729980469 -0.0461540222167969
0.246994018554687 -0.0392913818359375 0.146591186523438 -0.218978881835938
0.227218627929688 -0.100540161132813 0.20068359375 -0.198699951171875
0.138824462890625 -0.232635498046875 0.144271850585938 -0.185958862304688
-0.053070068359375 -0.212677001953125 0.0501708984375 -0.182647705078125
-0.1514892578125 -0.116607666015625 -0.0058135986328125 -0.126228332519531
-0.17437744140625 0.0436553955078125 -0.02069091796875 -0.0609855651855469
-0.127479553222656 0.127281188964844 0.0200920104980469 -0.059234619140625
-0.120414733886719 0.124763488769531 0.062774658203125 -0.0857086181640625
-0.113235473632813 0.162155151367188 0.0895614624023437 -0.103805541992187
-0.141876220703125 0.124984741210938 0.145965576171875 -0.072662353515625
-0.201156616210938 0.02947998046875 0.1536865234375 -0.026092529296875
-0.180267333984375 -0.09564208984375 0.113815307617187 0.0688552856445313
-0.0160675048828125 -0.237213134765625 0.0215072631835937 0.115119934082031
0.124801635742188 -0.205810546875 -0.040008544921875 0.00087356567382812
0.23675537109375 -0.1077880859375 0.141754150390625 -0.0877227783203125
0.144027709960938 0.0478973388671875 0.218475341796875 -0.225341796875
0.16314697265625 -0.0091094970703125 0.237823486328125 -0.20794677734375
0.122978210449219 -0.119010925292969 0.150848388671875 -0.168350219726563
-0.00862884521484375 -0.136062622070312 0.08038330078125 -0.1622314453125
-0.0845413208007813 -0.0828628540039063 0.0341949462890625 -0.118423461914063
-0.114837646484375 0.0214996337890625 0.022308349609375 -0.088043212890625
-0.0893020629882812 0.0798492431640625 0.0468368530273437 -0.106712341308594
-0.0860137939453125 0.0830230712890625 0.0775222778320313 -0.129745483398438
-0.086334228515625 0.11083984375 0.1107177734375 -0.149871826171875
-0.107994079589844 0.0874557495117187 0.1744384765625 -0.107437133789063
-0.152374267578125 0.0115814208984375 0.18133544921875 -0.041107177734375
-0.126136779785156 -0.0846176147460937 0.137565612792969 0.0653152465820313
0.0190277099609375 -0.177947998046875 0.0349273681640625 0.110366821289062
0.131141662597656 -0.120124816894531 -0.00709915161132811 -0.0262622833251953
0.184402465820312 -0.0141448974609375 0.211669921875 -0.10302734375
-0.0726547241210938 -0.0774078369140625 -0.223846435546875 0.1268310546875
-0.0848770141601563 0.0417251586914063 -0.0176773071289063 0.0445060729980469
-0.0170211791992187 0.0847702026367188 -0.0351028442382812 -0.115646362304688
0.0460586547851563 0.0537910461425781 -0.160049438476563 -0.0932769775390625
0.0644416809082031 0.00287628173828125 -0.1981201171875 0.0255126953125
0.0530128479003906 -0.0438499450683594 -0.174163818359375 0.132415771484375
0.0348777770996094 -0.0376396179199219 -0.1043701171875 0.189193725585938
0.0320968627929687 -0.0310611724853516 -0.0676727294921875 0.153457641601563
0.0378875732421875 -0.02874755859375 -0.0459365844726563 0.127960205078125
0.0413436889648438 0.00345611572265625 -0.0444564819335938 0.1083984375
0.0167579650878906 0.0395088195800781 -0.0390625 0.114822387695313
-0.0417289733886719 0.0450477600097656 -0.0793609619140625 0.1463623046875
-0.0831146240234375 -0.0135879516601562 -0.160140991210937 0.1593017578125
-0.0737228393554688 -0.0785446166992188 -0.221481323242188 0.205093383789062
-0.038330078125 -0.129135131835937 -0.245712280273438 0.209747314453125
0.0273590087890625 -0.15643310546875 -0.246597290039063 0.089569091796875
-0.0427627563476562 -0.0529861450195313 -0.0346431732177734 0.0284194946289063
-0.0377960205078125 -0.0169105529785156 -0.0305404663085938 -0.134658813476563
-0.0225334167480469 0.00404739379882813 -0.164947509765625 -0.115036010742188
-0.0133628845214844 -0.000326156616210938 -0.21337890625 0.00482177734375003
-0.00781583786010742 0.0073089599609375 -0.187942504882813 0.131484985351563
-0.00679206848144531 0.0312004089355469 -0.106246948242187 0.191268920898437
-0.0145492553710938 0.0282402038574219 -0.058441162109375 0.150238037109375
-0.0103950500488281 0.0357589721679688 -0.0378494262695312 0.127716064453125
-0.0245399475097656 0.0374526977539063 -0.030487060546875 0.1107177734375
-0.0594749450683594 0.0238876342773438 -0.0215988159179688 0.11181640625
-0.0926742553710937 -0.0209274291992188 -0.06207275390625 0.145355224609375
-0.0615997314453125 -0.113967895507813 -0.134307861328125 0.161041259765625
-0.0112762451171875 -0.166229248046875 -0.196990966796875 0.198211669921875
0.066925048828125 -0.19403076171875 -0.224456787109375 0.180252075195313
0.13446044921875 -0.207839965820313 -0.231414794921875 0.0284423828125
0.0262451171875 -0.141220092773438 -0.0294513702392578 -0.0112380981445313
-0.036651611328125 -0.134025573730469 -0.0127105712890625 -0.161087036132813
-0.0866317749023438 -0.0657501220703125 -0.155014038085938 -0.146255493164062
-0.094940185546875 -0.0187759399414062 -0.211669921875 -0.0289459228515625
-0.0756683349609375 0.048675537109375 -0.188140869140625 0.111221313476563
-0.0519485473632813 0.09326171875 -0.0987396240234375 0.168991088867187
-0.0594558715820313 0.082427978515625 -0.0402984619140625 0.124977111816406
-0.0536422729492188 0.0988693237304688 -0.0176162719726563 0.10565185546875
-0.079803466796875 0.0774612426757813 0.0005035400390625 0.0956649780273437
-0.127944946289063 0.0263214111328125 0.0119094848632812 0.0980606079101563
-0.1461181640625 -0.0598907470703125 -0.027099609375 0.140823364257813
-0.0642852783203125 -0.192764282226563 -0.09417724609375 0.162796020507813
0.024169921875 -0.2362060546875 -0.160507202148438 0.17889404296875
0.148040771484375 -0.240005493164063 -0.170394897460938 0.13555908203125
0.227874755859375 -0.221038818359375 -0.173233032226562 -0.04620361328125
0.109054565429687 -0.201766967773438 0.00220489501953126 -0.0650978088378906
-0.00762939453124999 -0.241561889648438 0.0194549560546875 -0.188690185546875
-0.129196166992187 -0.14544677734375 -0.123321533203125 -0.177017211914063
-0.163558959960938 -0.0503082275390625 -0.185638427734375 -0.0680694580078125
-0.137977600097656 0.07330322265625 -0.168624877929688 0.0738067626953125
-0.0924530029296875 0.137870788574219 -0.079315185546875 0.125679016113281
-0.0950851440429688 0.125045776367187 -0.015533447265625 0.0819320678710938
-0.0849151611328125 0.149490356445313 0.00868606567382812 0.0652542114257813
-0.117988586425781 0.115554809570313 0.0378608703613281 0.0638809204101563
-0.17926025390625 0.0402984619140625 0.0510711669921875 0.0709762573242188
-0.190658569335938 -0.073974609375 0.01397705078125 0.125556945800781
-0.0779876708984375 -0.240188598632812 -0.0522918701171875 0.156097412109375
0.041748046875 -0.2783203125 -0.122970581054688 0.144866943359375
0.199737548828125 -0.257720947265625 -0.100601196289062 0.0782852172851563
0.2835693359375 -0.19329833984375 -0.0801010131835937 -0.119560241699219
0.184188842773438 -0.216888427734375 0.0565414428710938 -0.12109375
0.04315185546875 -0.30584716796875 0.0620574951171875 -0.204345703125
-0.135894775390625 -0.208892822265625 -0.071044921875 -0.195083618164063
-0.199508666992188 -0.085662841796875 -0.134529113769531 -0.101921081542969
-0.180084228515625 0.07977294921875 -0.12896728515625 0.02716064453125
-0.119522094726563 0.159011840820312 -0.0500602722167969 0.0666236877441406
-0.117080688476563 0.1475830078125 0.0113201141357422 0.0274143218994141
-0.101806640625 0.18048095703125 0.0360336303710937 0.0119514465332031
-0.137664794921875 0.141036987304688 0.0741348266601562 0.0187606811523438
-0.207321166992188 0.052520751953125 0.0867691040039062 0.0340652465820313
-0.212066650390625 -0.0770721435546875 0.052398681640625 0.102210998535156
-0.0800628662109375 -0.2586669921875 -0.01715087890625 0.141067504882812
0.05914306640625 -0.28564453125 -0.0930938720703125 0.09881591796875
0.228424072265625 -0.24066162109375 -0.0238895416259765 0.0138206481933594
0.28631591796875 -0.13299560546875 0.0297088623046875 -0.177581787109375
0.223785400390625 -0.180343627929688 0.122772216796875 -0.167266845703125
0.095550537109375 -0.301239013671875 0.102996826171875 -0.201507568359375
-0.106903076171875 -0.231094360351562 -0.0108184814453125 -0.19384765625
-0.193069458007812 -0.10772705078125 -0.0702056884765625 -0.119140625
-0.189163208007813 0.068817138671875 -0.075439453125 -0.0187911987304688
-0.126724243164062 0.15570068359375 -0.0154132843017578 0.00207138061523438
-0.12054443359375 0.148162841796875 0.0360450744628906 -0.0316543579101562
-0.105865478515625 0.18463134765625 0.0602073669433594 -0.0475006103515625
-0.140182495117188 0.14544677734375 0.107215881347656 -0.031768798828125
-0.210617065429688 0.0530242919921875 0.117683410644531 -0.00305938720703125
-0.206939697265625 -0.0797271728515625 0.0848464965820312 0.0783157348632813
-0.0619049072265625 -0.252731323242188 0.00725555419921876 0.123924255371094
0.083831787109375 -0.25823974609375 -0.0673866271972656 0.0489501953125
0.236663818359375 -0.192153930664062 0.0533828735351563 -0.0455741882324219
0.233673095703125 -0.050079345703125 0.131179809570313 -0.21319580078125
0.212081909179688 -0.106430053710938 0.181854248046875 -0.196197509765625
0.12066650390625 -0.230453491210937 0.130813598632813 -0.185302734375
-0.0619049072265625 -0.199691772460938 0.039337158203125 -0.177459716796875
-0.150619506835937 -0.103042602539063 -0.0115966796875 -0.120773315429687
-0.162139892578125 0.04998779296875 -0.0216827392578125 -0.0566444396972656
-0.112754821777344 0.128387451171875 0.0174903869628906 -0.0580101013183594
-0.106597900390625 0.126243591308594 0.0557327270507812 -0.0873794555664062
-0.0968780517578125 0.1595458984375 0.0817413330078125 -0.104324340820312
-0.126800537109375 0.126190185546875 0.136520385742188 -0.0772628784179687
-0.189071655273438 0.039093017578125 0.145843505859375 -0.031951904296875
-0.175750732421875 -0.0806427001953125 0.111862182617187 0.0622482299804687
-0.0279693603515625 -0.224533081054688 0.02496337890625 0.110450744628906
0.108154296875 -0.20166015625 -0.0406227111816406 0.00503158569335937
0.219863891601563 -0.1148681640625 0.12872314453125 -0.0897293090820313
0.139419555664063 0.0384979248046875 0.198715209960938 -0.223281860351563
0.155105590820313 -0.01708984375 0.2166748046875 -0.207138061523438
0.110313415527344 -0.12017822265625 0.1373291015625 -0.167144775390625
-0.0157318115234375 -0.12823486328125 0.068817138671875 -0.159210205078125
-0.0852127075195313 -0.07415771484375 0.0262222290039062 -0.114486694335938
-0.106666564941406 0.0263214111328125 0.017333984375 -0.0844039916992188
-0.078704833984375 0.08203125 0.039947509765625 -0.104400634765625
-0.0766677856445312 0.0844802856445313 0.0676956176757813 -0.128936767578125
-0.0745315551757812 0.110610961914063 0.0997161865234375 -0.149017333984375
-0.096160888671875 0.0886383056640625 0.1614990234375 -0.111709594726563
-0.143768310546875 0.0200653076171875 0.17047119140625 -0.0471343994140625
-0.124153137207031 -0.0735931396484375 0.134712219238281 0.0565948486328125
0.00878906250000001 -0.170730590820313 0.0373992919921875 0.105682373046875
0.119155883789063 -0.120536804199219 -0.0104541778564453 -0.0227603912353516
0.174713134765625 -0.0231781005859375 0.194931030273438 -0.107315063476562
-0.0718841552734375 -0.0711746215820313 -0.210311889648438 0.1279296875
-0.0788421630859375 0.042022705078125 -0.0125808715820313 0.0414695739746094
-0.0124893188476562 0.08123779296875 -0.0364990234375 -0.111198425292969
0.0458450317382813 0.0503425598144531 -0.155838012695313 -0.0866241455078125
0.0614433288574219 0.00149917602539062 -0.189437866210938 0.02752685546875
0.047698974609375 -0.0435600280761719 -0.164840698242187 0.130828857421875
0.0307960510253906 -0.0379409790039063 -0.095458984375 0.183685302734375
0.0286521911621094 -0.0299243927001953 -0.061859130859375 0.149261474609375
0.0338611602783203 -0.0276947021484375 -0.0412521362304687 0.124580383300781
0.0377616882324219 0.000637054443359375 -0.0404510498046875 0.106033325195312
0.01678466796875 0.0356979370117188 -0.0354156494140625 0.112709045410156
-0.0386962890625 0.04388427734375 -0.072296142578125 0.144271850585938
-0.0789794921875 -0.010528564453125 -0.150039672851563 0.155624389648438
-0.0715713500976563 -0.0731887817382812 -0.207839965820312 0.201141357421875
-0.0406341552734375 -0.121437072753906 -0.231765747070312 0.206756591796875
0.021331787109375 -0.149871826171875 -0.232391357421875 0.0931243896484375
-0.0410385131835938 -0.04986572265625 -0.0288810729980469 0.028350830078125
-0.0357284545898438 -0.0155715942382812 -0.0314559936523437 -0.129219055175781
-0.0208415985107422 0.00464630126953125 -0.160675048828125 -0.107513427734375
-0.0134067535400391 0.000467300415039065 -0.204254150390625 0.00788879394531249
-0.0080723762512207 0.00667619705200195 -0.176971435546875 0.129470825195313
-0.00596427917480469 0.0297889709472656 -0.0966796875 0.185562133789062
-0.01397705078125 0.0279560089111328 -0.053497314453125 0.145431518554688
-0.0106010437011719 0.0353736877441406 -0.0336990356445313 0.123443603515625
-0.0236301422119141 0.0348911285400391 -0.0262222290039063 0.106918334960938
-0.0558967590332031 0.0232467651367187 -0.0181350708007813 0.109161376953125
-0.0892791748046875 -0.0184326171875 -0.0561370849609375 0.143234252929688
-0.0612716674804688 -0.107925415039063 -0.12506103515625 0.1585693359375
-0.0135040283203125 -0.157928466796875 -0.184829711914063 0.194564819335937
0.058929443359375 -0.187210083007813 -0.211685180664063 0.17901611328125
0.123321533203125 -0.202606201171875 -0.21966552734375 0.03485107421875
0.0229873657226562 -0.135513305664063 -0.025360107421875 -0.00824928283691408
-0.0383071899414063 -0.128311157226563 -0.014312744140625 -0.156646728515625
-0.0841140747070313 -0.0608367919921875 -0.151824951171875 -0.138168334960937
-0.0926666259765625 -0.0150985717773437 -0.2032470703125 -0.0242919921875
-0.0710372924804688 0.0480422973632812 -0.176925659179688 0.109573364257813
-0.04681396484375 0.090240478515625 -0.089447021484375 0.16314697265625
-0.0552215576171875 0.0814590454101563 -0.0365066528320313 0.120040893554687
-0.0491790771484375 0.0964279174804687 -0.0142288208007813 0.100997924804688
-0.0744705200195313 0.0745086669921875 0.0034942626953125 0.0918655395507813
-0.121253967285156 0.0272979736328125 0.0139312744140625 0.0942611694335937
-0.141799926757812 -0.05401611328125 -0.0230941772460938 0.138381958007813
-0.0666046142578125 -0.183181762695313 -0.087310791015625 0.160476684570313
0.0182647705078125 -0.225784301757813 -0.150680541992187 0.176620483398438
0.136550903320313 -0.233230590820312 -0.161972045898438 0.135528564453125
0.212387084960938 -0.217910766601563 -0.165283203125 -0.0373992919921875
0.101425170898437 -0.196502685546875 0.0033416748046875 -0.0597801208496094
-0.0138702392578125 -0.233428955078125 0.01617431640625 -0.18341064453125
-0.127006530761719 -0.135711669921875 -0.121917724609375 -0.168182373046875
-0.158782958984375 -0.0440521240234375 -0.179489135742188 -0.061798095703125
-0.129234313964844 0.0736618041992187 -0.158447265625 0.07415771484375
-0.0831756591796875 0.134048461914063 -0.0723419189453125 0.121116638183594
-0.0878829956054688 0.1226806640625 -0.0134811401367188 0.0771942138671875
-0.0766448974609375 0.1458740234375 0.0110549926757812 0.0617561340332031
-0.108787536621094 0.112205505371094 0.0387611389160156 0.0590896606445313
-0.1697998046875 0.04302978515625 0.0509147644042969 0.0667648315429688
-0.184814453125 -0.066253662109375 0.01666259765625 0.122413635253906
-0.081207275390625 -0.228378295898438 -0.0472869873046875 0.15313720703125
0.0339202880859375 -0.266326904296875 -0.115280151367188 0.143234252929687
0.186325073242187 -0.252166748046875 -0.0961456298828125 0.0788040161132813
0.266571044921875 -0.192169189453125 -0.078033447265625 -0.109962463378906
0.172698974609375 -0.212066650390625 0.053619384765625 -0.114387512207031
0.03314208984375 -0.295196533203125 0.0562591552734375 -0.19940185546875
-0.134613037109375 -0.19659423828125 -0.0721893310546875 -0.186874389648438
-0.19482421875 -0.076507568359375 -0.131340026855469 -0.0949554443359375
-0.16864013671875 0.0808563232421875 -0.121299743652344 0.0288467407226562
-0.107803344726563 0.155929565429687 -0.0453758239746094 0.064178466796875
-0.107559204101563 0.144851684570313 0.0112152099609375 0.0234966278076172
-0.0914459228515625 0.175796508789063 0.0355072021484375 0.00936889648437501
-0.125564575195313 0.138290405273437 0.0733566284179687 0.0147552490234375
-0.195877075195313 0.055877685546875 0.0840301513671875 0.0300521850585938
-0.205215454101563 -0.0679473876953125 0.0532455444335937 0.0985946655273438
-0.083526611328125 -0.245437622070313 -0.0136871337890625 0.138839721679687
0.0491485595703125 -0.273345947265625 -0.0872039794921875 0.099151611328125
0.213577270507813 -0.237442016601563 -0.0240535736083984 0.0153045654296875
0.2705078125 -0.134902954101563 0.02587890625 -0.168502807617188
0.21173095703125 -0.17779541015625 0.115936279296875 -0.159408569335938
0.082733154296875 -0.291961669921875 0.09539794921875 -0.197280883789063
-0.108657836914062 -0.217727661132813 -0.0146484375 -0.186599731445313
-0.189712524414063 -0.0975189208984375 -0.0702056884765625 -0.112968444824219
-0.177169799804688 0.0713958740234375 -0.0707015991210938 -0.01617431640625
-0.1138916015625 0.152328491210938 -0.0139904022216797 0.00117492675781251
-0.111053466796875 0.14569091796875 0.0333347320556641 -0.0334968566894531
-0.0944366455078125 0.179351806640625 0.0579948425292969 -0.0485382080078125
-0.127578735351563 0.142166137695313 0.102706909179687 -0.034271240234375
-0.198348999023437 0.0574188232421875 0.113090515136719 -0.0059814453125
-0.200103759765625 -0.0703277587890625 0.0835189819335937 0.07476806640625
-0.066131591796875 -0.240264892578125 0.0100021362304687 0.121635437011719
0.0731658935546875 -0.247695922851563 -0.0642890930175781 0.0505867004394531
0.221603393554687 -0.190567016601562 0.0490951538085938 -0.0437164306640625
0.223007202148438 -0.054107666015625 0.121612548828125 -0.204666137695313
0.20123291015625 -0.107345581054688 0.171173095703125 -0.18865966796875
0.108352661132813 -0.225357055664062 0.12200927734375 -0.181869506835938
-0.0642852783203125 -0.18890380859375 0.0339813232421875 -0.171554565429688
-0.148529052734375 -0.0941619873046875 -0.0141220092773438 -0.116157531738281
-0.152206420898438 0.0523529052734375 -0.020660400390625 -0.054046630859375
-0.101142883300781 0.126396179199219 0.015716552734375 -0.0571098327636719
-0.0977783203125 0.124168395996094 0.0509490966796875 -0.0872726440429687
-0.08648681640625 0.155609130859375 0.0768966674804688 -0.102912902832031
-0.114791870117187 0.123405456542969 0.130294799804688 -0.0784759521484375
-0.177932739257812 0.04400634765625 0.138969421386719 -0.0340042114257813
-0.170364379882812 -0.0718536376953125 0.109321594238281 0.0579910278320312
-0.0333709716796875 -0.214035034179688 0.0257568359375 0.10821533203125
0.0983123779296875 -0.194747924804687 -0.0399856567382813 0.00798416137695311
0.207778930664063 -0.116958618164063 0.11981201171875 -0.0885238647460938
0.134956359863281 0.0323715209960938 0.187103271484375 -0.216949462890625
0.147613525390625 -0.021820068359375 0.203536987304687 -0.2008056640625
0.101547241210938 -0.11932373046875 0.128097534179688 -0.163665771484375
-0.0191192626953125 -0.121490478515625 0.0626373291015625 -0.154800415039063
-0.0842056274414063 -0.0683517456054687 0.0228042602539062 -0.111557006835937
-0.0994110107421875 0.0285263061523437 0.0153884887695312 -0.08148193359375
-0.071014404296875 0.0808486938476563 0.0359954833984375 -0.101997375488281
-0.0694961547851563 0.08392333984375 0.061370849609375 -0.126998901367188
-0.0670318603515625 0.107917785644531 0.0925445556640625 -0.146316528320312
-0.0875625610351563 0.0868301391601562 0.152618408203125 -0.111373901367188
-0.136611938476562 0.0243606567382813 0.16217041015625 -0.0487060546875
-0.120880126953125 -0.0665817260742188 0.130592346191406 0.05169677734375
0.0034942626953125 -0.1639404296875 0.037872314453125 0.102859497070313
0.1112060546875 -0.117973327636719 -0.0131149291992187 -0.0192909240722656
0.165863037109375 -0.027618408203125 0.1824951171875 -0.10748291015625
-0.0717849731445313 -0.06793212890625 -0.2027587890625 0.128890991210938
-0.0760955810546875 0.0415191650390625 -0.00948715209960938 0.0400772094726563
-0.00986480712890625 0.07891845703125 -0.0366439819335938 -0.109786987304688
0.046478271484375 0.0482673645019531 -0.154083251953125 -0.0849761962890625
0.0602951049804688 0.00025177001953125 -0.185302734375 0.0268096923828125
0.0445442199707031 -0.0431632995605469 -0.160629272460938 0.129501342773437
0.0277976989746094 -0.0382461547851563 -0.091064453125 0.180984497070313
0.0265445709228516 -0.0291748046875 -0.0591583251953125 0.148361206054688
0.0304222106933594 -0.0273551940917969 -0.0396041870117187 0.123100280761719
0.0350418090820313 -0.000539779663085937 -0.0384368896484375 0.105453491210938
0.0168266296386719 0.0329856872558594 -0.0341567993164063 0.112373352050781
-0.036895751953125 0.0432548522949219 -0.06976318359375 0.143295288085937
-0.0766754150390625 -0.00914001464843749 -0.145370483398438 0.15362548828125
-0.07000732421875 -0.0704879760742188 -0.202804565429688 0.198562622070312
-0.0417022705078125 -0.117301940917969 -0.225570678710938 0.205123901367187
0.0188140869140625 -0.14599609375 -0.225631713867188 0.095855712890625
-0.0392723083496094 -0.0482292175292969 -0.0252265930175781 0.0286960601806641
-0.0342369079589844 -0.0161342620849609 -0.03167724609375 -0.128288269042969
-0.0196800231933594 0.00487709045410156 -0.158706665039062 -0.105819702148438
-0.0138025283813477 0.000989913940429687 -0.19989013671875 0.00880432128906251
-0.0077977180480957 0.00652074813842773 -0.171844482421875 0.12841796875
-0.005950927734375 0.02801513671875 -0.092529296875 0.18267822265625
-0.0141086578369141 0.0277538299560547 -0.0513916015625 0.1435546875
-0.0108680725097656 0.0348758697509766 -0.0314178466796875 0.121414184570312
-0.0240840911865234 0.0334720611572266 -0.0247268676757812 0.105697631835938
-0.0545768737792969 0.0217933654785156 -0.016815185546875 0.107627868652344
-0.0874557495117187 -0.0176773071289062 -0.0537261962890625 0.143112182617188
-0.0606155395507812 -0.104881286621094 -0.120880126953125 0.157485961914063
-0.014129638671875 -0.154022216796875 -0.180404663085938 0.192428588867187
0.055816650390625 -0.183563232421875 -0.207412719726562 0.178863525390625
0.11859130859375 -0.1998291015625 -0.212966918945313 0.03857421875
0.02301025390625 -0.133094787597656 -0.0218601226806641 -0.00618743896484376
-0.0385665893554687 -0.126701354980469 -0.0151824951171875 -0.155319213867187
-0.082427978515625 -0.0587844848632812 -0.15020751953125 -0.134979248046875
-0.092041015625 -0.0127182006835937 -0.200119018554688 -0.0220794677734375
-0.0683021545410156 0.0474281311035156 -0.171401977539062 0.109161376953125
-0.0433883666992187 0.0882797241210938 -0.085235595703125 0.1605224609375
-0.053955078125 0.081512451171875 -0.0353317260742187 0.117324829101563
-0.0466842651367188 0.0951309204101563 -0.0125732421875 0.0994873046875
-0.072052001953125 0.0730972290039063 0.00511932373046875 0.0893325805664063
-0.117843627929688 0.0276641845703125 0.0150604248046875 0.0930633544921875
-0.139801025390625 -0.0524215698242187 -0.0208053588867187 0.138031005859375
-0.0664520263671875 -0.179306030273438 -0.0839080810546875 0.160064697265625
0.01611328125 -0.220123291015625 -0.146621704101563 0.175994873046875
0.131988525390625 -0.229782104492188 -0.158676147460938 0.1356201171875
0.205352783203125 -0.216461181640625 -0.160247802734375 -0.0321044921875
0.0996551513671875 -0.19354248046875 0.00621414184570313 -0.055908203125
-0.016510009765625 -0.229339599609375 0.0142364501953125 -0.182403564453125
-0.125381469726563 -0.13189697265625 -0.120849609375 -0.165054321289063
-0.158172607421875 -0.0403594970703125 -0.176986694335938 -0.059539794921875
-0.124794006347656 0.0728988647460938 -0.153457641601563 0.0735015869140625
-0.0778045654296875 0.13165283203125 -0.0683441162109375 0.118583679199219
-0.0847854614257813 0.122215270996094 -0.0131988525390625 0.0741500854492188
-0.0721435546875 0.143768310546875 0.0118331909179688 0.0592308044433594
-0.10418701171875 0.110359191894531 0.03973388671875 0.0571136474609375
-0.1650390625 0.0444183349609375 0.0515022277832031 0.0657577514648438
-0.181671142578125 -0.063079833984375 0.0184402465820312 0.122245788574219
-0.081695556640625 -0.223190307617188 -0.04449462890625 0.153472900390625
0.0315399169921875 -0.2598876953125 -0.112075805664062 0.143524169921875
0.180587768554688 -0.24951171875 -0.0944137573242187 0.0799636840820312
0.258926391601563 -0.192779541015625 -0.07550048828125 -0.103996276855469
0.169113159179687 -0.208892822265625 0.054168701171875 -0.109664916992188
0.02813720703125 -0.29144287109375 0.05401611328125 -0.198257446289063
-0.13385009765625 -0.190658569335937 -0.0720672607421875 -0.183074951171875
-0.193817138671875 -0.07220458984375 -0.129936218261719 -0.0917892456054688
-0.161941528320313 0.080810546875 -0.116767883300781 0.0288162231445313
-0.1009521484375 0.153289794921875 -0.0427131652832031 0.0618743896484375
-0.102828979492188 0.144485473632813 0.0105609893798828 0.0208549499511719
-0.085479736328125 0.172943115234375 0.0362930297851562 0.00732803344726564
-0.119644165039063 0.135261535644531 0.0728988647460937 0.0122146606445313
-0.189987182617188 0.0580902099609375 0.083587646484375 0.0292282104492188
-0.202072143554688 -0.0642242431640625 0.0537185668945312 0.09832763671875
-0.0854644775390625 -0.23980712890625 -0.0113372802734375 0.138801574707031
0.045928955078125 -0.266677856445313 -0.0851211547851563 0.100105285644531
0.207534790039063 -0.235946655273438 -0.0239944458007812 0.017129898071289
0.26397705078125 -0.13629150390625 0.025146484375 -0.162521362304688
0.20660400390625 -0.17645263671875 0.114044189453125 -0.154342651367188
0.075531005859375 -0.289093017578125 0.0920562744140625 -0.1961669921875
-0.109100341796875 -0.211380004882813 -0.0161285400390625 -0.183242797851563
-0.188552856445313 -0.09222412109375 -0.0701141357421875 -0.1103515625
-0.17071533203125 0.0720062255859375 -0.0680732727050781 -0.0151863098144531
-0.10699462890625 0.150100708007813 -0.012843132019043 -7.05718994140509E-05
-0.105743408203125 0.145248413085938 0.0319938659667969 -0.035888671875
-0.0880279541015625 0.176803588867187 0.0576095581054688 -0.0492668151855469
-0.120773315429687 0.140113830566406 0.101593017578125 -0.0361175537109375
-0.19244384765625 0.0599822998046875 0.110710144042969 -0.00661468505859375
-0.197036743164063 -0.065185546875 0.0833892822265625 0.0740509033203125
-0.0682220458984375 -0.234542846679688 0.011199951171875 0.121170043945313
0.068756103515625 -0.24237060546875 -0.0630912780761719 0.05255126953125
0.2152099609375 -0.190399169921875 0.046356201171875 -0.0421981811523438
0.217727661132813 -0.056488037109375 0.118820190429688 -0.200119018554688
0.196533203125 -0.10748291015625 0.166549682617188 -0.182952880859375
0.101699829101563 -0.22369384765625 0.117889404296875 -0.179840087890625
-0.06573486328125 -0.183624267578125 0.031585693359375 -0.1690673828125
-0.147705078125 -0.089691162109375 -0.015472412109375 -0.11358642578125
-0.146514892578125 0.053009033203125 -0.0195960998535156 -0.0527420043945313
-0.0943450927734375 0.124801635742188 0.0146751403808594 -0.0570755004882812
-0.0927200317382812 0.123451232910156 0.048370361328125 -0.0877151489257812
-0.0804443359375 0.153228759765625 0.0753860473632813 -0.103385925292969
-0.108161926269531 0.121749877929688 0.127143859863281 -0.0798721313476562
-0.173095703125 0.046966552734375 0.135971069335938 -0.0344161987304688
-0.16754150390625 -0.0670928955078125 0.108108520507812 0.0569076538085937
-0.03631591796875 -0.2093505859375 0.0271148681640625 0.107460021972656
0.0937347412109375 -0.190948486328125 -0.0401115417480469 0.0107421875
0.201675415039062 -0.118270874023437 0.115142822265625 -0.0872573852539063
0.132102966308594 0.0294036865234375 0.182586669921875 -0.213241577148438
0.144332885742187 -0.0235748291015625 0.197357177734375 -0.196868896484375
0.0963592529296875 -0.119865417480469 0.124160766601562 -0.16217041015625
-0.020538330078125 -0.117782592773438 0.05950927734375 -0.15350341796875
-0.084442138671875 -0.0645294189453125 0.0213470458984375 -0.110435485839844
-0.0957489013671875 0.0293655395507813 0.014739990234375 -0.0798187255859375
-0.0654830932617187 0.0801315307617188 0.0337142944335937 -0.100997924804688
-0.0658493041992188 0.0835800170898438 0.0579452514648437 -0.126579284667969
-0.062164306640625 0.106689453125 0.0892333984375 -0.146453857421875
-0.0828857421875 0.0861282348632813 0.149337768554687 -0.112258911132812
-0.132171630859375 0.0272445678710938 0.158233642578125 -0.0489349365234375
-0.118629455566406 -0.0625 0.128997802734375 0.0504074096679688
0.000869750976562517 -0.160385131835938 0.0379714965820312 0.102348327636719
0.10675048828125 -0.116607666015625 -0.0148506164550781 -0.0170888900756836
0.16131591796875 -0.02978515625 0.175796508789062 -0.105880737304687
-0.0737533569335938 -0.0645523071289062 -0.198562622070313 0.134109497070312
-0.0742950439453125 0.0429000854492187 -0.00613403320312501 0.0397720336914063
-0.00688934326171876 0.0780868530273438 -0.0384674072265625 -0.1099853515625
0.0486106872558594 0.0464744567871094 -0.156661987304688 -0.0825347900390625
0.0602645874023438 -0.00104522705078125 -0.185943603515625 0.02984619140625
0.0424079895019531 -0.0447616577148438 -0.159500122070312 0.132705688476563
0.0248794555664062 -0.0392799377441406 -0.0868682861328125 0.184616088867188
0.0243320465087891 -0.0298099517822266 -0.05609130859375 0.15142822265625
0.0283584594726563 -0.0272026062011719 -0.0381698608398437 0.125938415527344
0.032684326171875 -0.00267982482910156 -0.0367889404296875 0.107505798339844
0.0168380737304687 0.0307598114013672 -0.0319900512695312 0.115257263183594
-0.0353050231933594 0.0438117980957031 -0.067108154296875 0.146209716796875
-0.075958251953125 -0.00738525390625001 -0.143707275390625 0.155181884765625
-0.0708541870117187 -0.0686874389648438 -0.200393676757813 0.202102661132812
-0.0445632934570313 -0.115493774414063 -0.223159790039063 0.21075439453125
0.015411376953125 -0.1466064453125 -0.221420288085938 0.102951049804687
-0.0389785766601563 -0.0479278564453125 -0.0212364196777344 0.0290699005126953
-0.0335750579833984 -0.0162925720214844 -0.0339889526367187 -0.129936218261719
-0.0188179016113281 0.00423812866210937 -0.161712646484375 -0.103729248046875
-0.0139703750610352 0.00145530700683593 -0.200729370117188 0.0117034912109375
-0.00808048248291016 0.00605583190917969 -0.1700439453125 0.131988525390625
-0.00631904602050781 0.0275344848632812 -0.088043212890625 0.185211181640625
-0.0145034790039062 0.0289783477783203 -0.0489501953125 0.145492553710938
-0.0110130310058594 0.0361137390136719 -0.0294036865234375 0.123771667480469
-0.0245513916015625 0.0328960418701172 -0.0224990844726562 0.1068115234375
-0.0545501708984375 0.0218162536621094 -0.0144729614257813 0.109550476074219
-0.08782958984375 -0.0162277221679687 -0.0507659912109375 0.146728515625
-0.06207275390625 -0.104171752929687 -0.118820190429687 0.160247802734375
-0.0161895751953125 -0.153106689453125 -0.177902221679688 0.196502685546875
0.0523223876953125 -0.184539794921875 -0.20550537109375 0.18450927734375
0.11431884765625 -0.202667236328125 -0.210342407226563 0.04559326171875
0.0223541259765625 -0.134620666503906 -0.0181388854980469 -0.00493621826171876
-0.0412979125976563 -0.127639770507813 -0.0182952880859375 -0.157791137695313
-0.0833816528320313 -0.0575485229492187 -0.153366088867188 -0.133926391601562
-0.0932693481445313 -0.0102996826171875 -0.200927734375 -0.0191650390625
-0.0669441223144531 0.0484352111816406 -0.169296264648438 0.111984252929687
-0.0410919189453125 0.0885848999023438 -0.081329345703125 0.161895751953125
-0.0525360107421875 0.0833053588867188 -0.0335693359375 0.117843627929688
-0.0447235107421875 0.0970077514648438 -0.0105743408203125 0.0997848510742188
-0.070953369140625 0.0737838745117187 0.00756072998046875 0.0893020629882813
-0.117584228515625 0.0295562744140625 0.0176849365234375 0.0943527221679688
-0.141250610351562 -0.0497589111328125 -0.0175018310546875 0.14129638671875
-0.0700531005859375 -0.178665161132813 -0.08160400390625 0.16314697265625
0.0126800537109375 -0.220367431640625 -0.144134521484375 0.179534912109375
0.127883911132813 -0.2337646484375 -0.157669067382813 0.14105224609375
0.201644897460938 -0.221694946289063 -0.159454345703125 -0.0261383056640625
0.098114013671875 -0.196533203125 0.00855636596679688 -0.0545005798339844
-0.0214385986328125 -0.231369018554688 0.0106353759765625 -0.186569213867188
-0.128494262695313 -0.130058288574219 -0.124557495117188 -0.164154052734375
-0.160369873046875 -0.03643798828125 -0.178451538085938 -0.0570220947265625
-0.122528076171875 0.0750961303710938 -0.151473999023437 0.075897216796875
-0.0737457275390625 0.1326904296875 -0.0652389526367187 0.11907958984375
-0.0825881958007813 0.1251220703125 -0.0123748779296875 0.0735321044921875
-0.068572998046875 0.14617919921875 0.0141029357910156 0.0586051940917969
-0.101303100585938 0.111358642578125 0.0424842834472656 0.0553016662597656
-0.163543701171875 0.0476531982421875 0.0532951354980469 0.0653190612792969
-0.183944702148437 -0.059600830078125 0.02117919921875 0.125129699707031
-0.0870819091796875 -0.223281860351563 -0.0413055419921875 0.15631103515625
0.0274810791015625 -0.260604858398438 -0.1107177734375 0.147201538085938
0.176773071289063 -0.255569458007813 -0.094207763671875 0.083465576171875
0.255828857421875 -0.199081420898438 -0.0760574340820313 -0.099822998046875
0.167526245117188 -0.213958740234375 0.0557174682617188 -0.108749389648438
0.02105712890625 -0.29534912109375 0.0498809814453125 -0.202178955078125
-0.138824462890625 -0.1884765625 -0.075897216796875 -0.183074951171875
-0.196914672851563 -0.067138671875 -0.131629943847656 -0.0904769897460937
-0.159835815429688 0.0834808349609375 -0.11492919921875 0.0306167602539063
-0.0955963134765625 0.154220581054688 -0.0407791137695313 0.0616950988769531
-0.10009765625 0.1474609375 0.00973320007324218 0.0190448760986328
-0.080078125 0.175888061523438 0.0370330810546875 0.00527191162109376
-0.114906311035156 0.1365966796875 0.074554443359375 0.00982666015625001
-0.18792724609375 0.0632476806640625 0.0848388671875 0.0279464721679688
-0.20428466796875 -0.05975341796875 0.0568771362304687 0.0993194580078125
-0.0909881591796875 -0.239028930664063 -0.0076141357421875 0.141021728515625
0.041473388671875 -0.267776489257813 -0.0841598510742187 0.104179382324219
0.204345703125 -0.242156982421875 -0.0245571136474609 0.0189170837402344
0.262008666992188 -0.143280029296875 0.0231781005859375 -0.160934448242188
0.205368041992188 -0.181381225585938 0.112747192382813 -0.153289794921875
0.06927490234375 -0.29345703125 0.0878448486328125 -0.200180053710938
-0.113800048828125 -0.20989990234375 -0.0195770263671875 -0.18353271484375
-0.192123413085938 -0.087158203125 -0.072265625 -0.109710693359375
-0.167831420898438 0.0748443603515625 -0.0667228698730469 -0.0143699645996094
-0.100540161132812 0.151962280273438 -0.0125007629394531 -0.000625610351562491
-0.101715087890625 0.1483154296875 0.030242919921875 -0.0383720397949219
-0.082366943359375 0.179153442382813 0.0574417114257813 -0.0525245666503906
-0.115097045898438 0.141799926757813 0.102485656738281 -0.03961181640625
-0.189788818359375 0.0654449462890625 0.110893249511719 -0.0090179443359375
-0.198532104492188 -0.0605316162109375 0.0858840942382812 0.0740509033203125
-0.074249267578125 -0.234268188476563 0.0150680541992187 0.123306274414062
0.0648345947265625 -0.2437744140625 -0.0624847412109375 0.0555267333984375
0.213302612304688 -0.19732666015625 0.0457038879394531 -0.0424575805664063
0.217147827148437 -0.0624237060546875 0.11688232421875 -0.200714111328125
0.195358276367188 -0.112380981445313 0.164932250976563 -0.183975219726562
0.0953369140625 -0.228179931640625 0.114776611328125 -0.184097290039063
-0.070098876953125 -0.181015014648438 0.028717041015625 -0.170516967773438
-0.150726318359375 -0.0851287841796875 -0.0172042846679688 -0.114578247070313
-0.144088745117188 0.0562744140625 -0.0190544128417969 -0.0528106689453125
-0.0886611938476563 0.125999450683594 0.01416015625 -0.0585479736328125
-0.08868408203125 0.1268310546875 0.0454864501953125 -0.0914230346679687
-0.075347900390625 0.15545654296875 0.0742034912109375 -0.107322692871094
-0.103927612304688 0.123435974121094 0.12664794921875 -0.0838470458984375
-0.169845581054688 0.0526885986328125 0.135772705078125 -0.0372314453125
-0.169342041015625 -0.063232421875 0.110466003417969 0.0559844970703125
-0.0413818359375 -0.209152221679688 0.0306854248046875 0.110183715820312
0.0899810791015625 -0.192611694335938 -0.0412368774414062 0.0132942199707031
0.200347900390625 -0.123489379882813 0.113006591796875 -0.0888900756835938
0.132980346679688 0.0251007080078125 0.179962158203125 -0.216323852539063
0.143768310546875 -0.0268707275390625 0.1949462890625 -0.198562622070313
0.0922012329101563 -0.123138427734375 0.122344970703125 -0.164520263671875
-0.02374267578125 -0.11572265625 0.056549072265625 -0.154571533203125
-0.0865402221679688 -0.0615310668945312 0.0188522338867188 -0.112655639648438
-0.0944900512695313 0.03106689453125 0.0139923095703125 -0.0802688598632813
-0.0613174438476563 0.0811080932617188 0.03131103515625 -0.102813720703125
-0.062042236328125 0.085906982421875 0.054443359375 -0.129859924316406
-0.0583724975585938 0.108589172363281 0.087127685546875 -0.150146484375
-0.0789566040039063 0.0868911743164062 0.14739990234375 -0.116775512695313
-0.130500793457031 0.03155517578125 0.15765380859375 -0.0514373779296875
-0.119873046875 -0.0592422485351563 0.1304931640625 0.0483932495117188
-0.003387451171875 -0.161148071289062 0.041351318359375 0.103591918945312
0.1043701171875 -0.1185302734375 -0.0168552398681641 -0.0150279998779297
0.161041259765625 -0.03363037109375 0.172760009765625 -0.109619140625
-0.0775680541992188 -0.0606918334960937 -0.191085815429687 0.145767211914063
-0.071929931640625 0.0465545654296875 -0.00165176391601563 0.0392379760742188
-0.00225830078125 0.0771865844726562 -0.0438995361328125 -0.110588073730469
0.0512275695800781 0.0433235168457031 -0.162353515625 -0.0771942138671875
0.0617942810058594 -0.0046234130859375 -0.186569213867188 0.037567138671875
0.0401153564453125 -0.0475654602050781 -0.155303955078125 0.140945434570313
0.0210113525390625 -0.0413894653320313 -0.0785064697265625 0.1904296875
0.0219745635986328 -0.0308666229248047 -0.0492706298828125 0.156997680664063
0.0263519287109375 -0.0281448364257813 -0.0321731567382813 0.13067626953125
0.03125 -0.00445556640625 -0.0328826904296875 0.1112060546875
0.0178756713867188 0.0283241271972656 -0.02679443359375 0.118919372558594
-0.0332069396972656 0.0455513000488281 -0.0605316162109375 0.151779174804688
-0.0761795043945313 -0.00395202636718751 -0.139251708984375 0.162567138671875
-0.073699951171875 -0.06622314453125 -0.193649291992188 0.212631225585938
-0.0502853393554687 -0.113723754882813 -0.216415405273438 0.223175048828125
0.0085601806640625 -0.147369384765625 -0.216079711914063 0.115707397460937
-0.0396881103515625 -0.0468254089355469 -0.0166110992431641 0.0294818878173828
-0.0346488952636719 -0.0167293548583984 -0.0404891967773437 -0.130760192871094
-0.0185070037841797 0.00457191467285156 -0.1680908203125 -0.0976409912109375
-0.013763427734375 0.00205230712890625 -0.202743530273438 0.0203094482421875
-0.00851106643676758 0.005767822265625 -0.165634155273437 0.140289306640625
-0.00588035583496093 0.0274105072021484 -0.0795440673828125 0.190811157226563
-0.0137805938720703 0.0307941436767578 -0.0422210693359375 0.150192260742188
-0.00975418090820313 0.0373611450195313 -0.023773193359375 0.127677917480469
-0.0246868133544922 0.0335464477539063 -0.01763916015625 0.109458923339844
-0.0543632507324219 0.0230216979980469 -0.00932312011718751 0.112724304199219
-0.0895004272460937 -0.0125350952148438 -0.0439910888671875 0.15216064453125
-0.0663833618164063 -0.1021728515625 -0.113754272460938 0.16668701171875
-0.0220184326171875 -0.152969360351563 -0.170730590820313 0.20703125
0.0448455810546875 -0.188369750976562 -0.199798583984375 0.197128295898438
0.10540771484375 -0.209625244140625 -0.207229614257812 0.05859375
0.0177764892578125 -0.137283325195313 -0.0143709182739258 -0.00386333465576173
-0.048004150390625 -0.128440856933594 -0.0263671875 -0.160903930664063
-0.0861358642578125 -0.0547256469726562 -0.160598754882813 -0.12896728515625
-0.0943450927734375 -0.00507354736328126 -0.20391845703125 -0.0105743408203125
-0.0653076171875 0.0515632629394531 -0.165130615234375 0.1201171875
-0.0371170043945313 0.0906219482421875 -0.0738983154296875 0.1671142578125
-0.048828125 0.0870285034179687 -0.029205322265625 0.120513916015625
-0.0402679443359375 0.0998764038085938 -0.00536346435546876 0.101959228515625
-0.0687026977539062 0.0766067504882813 0.0118026733398437 0.0894622802734375
-0.1173095703125 0.0344390869140625 0.0226287841796875 0.0954360961914063
-0.145919799804687 -0.0443115234375 -0.0106353759765625 0.145782470703125
-0.0784912109375 -0.1778564453125 -0.0751495361328125 0.169036865234375
0.00431823730468749 -0.222686767578125 -0.137374877929687 0.188690185546875
0.119247436523438 -0.24169921875 -0.15325927734375 0.151321411132812
0.193222045898437 -0.233016967773437 -0.1602783203125 -0.016265869140625
0.09197998046875 -0.203460693359375 0.00997161865234375 -0.053741455078125
-0.033905029296875 -0.23516845703125 0.000946044921874984 -0.19061279296875
-0.13519287109375 -0.125823974609375 -0.133010864257812 -0.160598754882813
-0.164154052734375 -0.028411865234375 -0.182754516601563 -0.049407958984375
-0.11920166015625 0.0806045532226562 -0.148483276367188 0.0827178955078125
-0.066864013671875 0.136734008789063 -0.0596084594726562 0.122589111328125
-0.0765151977539062 0.131233215332031 -0.00986480712890625 0.074066162109375
-0.06072998046875 0.151290893554688 0.0173683166503906 0.0577774047851563
-0.0962677001953125 0.116302490234375 0.0458450317382812 0.0535507202148438
-0.162582397460938 0.0557861328125 0.0573692321777344 0.063873291015625
-0.189285278320313 -0.052032470703125 0.0280075073242188 0.127357482910156
-0.0979461669921875 -0.222213745117188 -0.0335845947265625 0.161117553710937
0.0169219970703125 -0.263763427734375 -0.10540771484375 0.155258178710937
0.168197631835938 -0.267242431640625 -0.091644287109375 0.0904922485351563
0.248687744140625 -0.213546752929688 -0.0793533325195313 -0.0938873291015625
0.16021728515625 -0.223556518554688 0.0546035766601563 -0.11004638671875
0.00537109375 -0.300384521484375 0.0402069091796875 -0.2083740234375
-0.148681640625 -0.18389892578125 -0.084625244140625 -0.18194580078125
-0.2025146484375 -0.057342529296875 -0.136924743652344 -0.0855255126953125
-0.156173706054688 0.09051513671875 -0.113105773925781 0.0354385375976562
-0.08697509765625 0.159133911132813 -0.0379981994628906 0.0628585815429688
-0.092559814453125 0.154586791992188 0.0100030899047851 0.0173263549804688
-0.07098388671875 0.180862426757813 0.0386581420898438 0.00218582153320314
-0.10845947265625 0.142196655273438 0.0765304565429688 0.00510406494140626
-0.185256958007813 0.0731201171875 0.0869216918945312 0.02471923828125
-0.209152221679688 -0.050567626953125 0.0630645751953125 0.100204467773438
-0.103546142578125 -0.238723754882813 -9.15527343750075E-05 0.144058227539062
0.0301666259765625 -0.271438598632813 -0.0805816650390625 0.110359191894531
0.196044921875 -0.255859375 -0.0241756439208984 0.0216197967529297
0.2579345703125 -0.157760620117188 0.0186614990234375 -0.16058349609375
0.200332641601562 -0.192916870117187 0.110382080078125 -0.15802001953125
0.053436279296875 -0.300384521484375 0.0785675048828125 -0.206558227539063
-0.124359130859375 -0.205291748046875 -0.0284423828125 -0.184371948242188
-0.198837280273438 -0.0771636962890625 -0.0779953002929688 -0.107933044433594
-0.16455078125 0.0823822021484375 -0.0665016174316406 -0.0115814208984375
-0.09222412109375 0.156906127929688 -0.011836051940918 -0.00154399871826171
-0.0944366455078125 0.155014038085938 0.0272903442382812 -0.0422706604003906
-0.072357177734375 0.184600830078125 0.0560836791992187 -0.0579719543457031
-0.107925415039062 0.147018432617188 0.102165222167969 -0.0461196899414062
-0.18658447265625 0.0760498046875 0.112655639648437 -0.0138473510742187
-0.203720092773437 -0.0511474609375 0.0910873413085937 0.0725326538085938
-0.0866546630859375 -0.23370361328125 0.0223922729492187 0.125244140625
0.0540313720703125 -0.248825073242188 -0.0614242553710937 0.0604438781738281
0.206527709960938 -0.210601806640625 0.04315185546875 -0.044281005859375
0.216201782226563 -0.0745849609375 0.110198974609375 -0.205581665039063
0.191696166992188 -0.123260498046875 0.159805297851563 -0.190673828125
0.0835418701171875 -0.23565673828125 0.1064453125 -0.190338134765625
-0.0791168212890625 -0.178268432617188 0.0214996337890625 -0.17352294921875
-0.15728759765625 -0.0767822265625 -0.0228347778320313 -0.115608215332031
-0.1416015625 0.062835693359375 -0.0204086303710938 -0.0527267456054687
-0.0804977416992187 0.130058288574219 0.0117263793945312 -0.0609016418457031
-0.0821456909179688 0.132408142089844 0.0401763916015625 -0.0959854125976563
-0.0664215087890625 0.160125732421875 0.0696868896484375 -0.114463806152344
-0.0966567993164063 0.128829956054688 0.124465942382813 -0.0923309326171875
-0.166900634765625 0.0631103515625 0.135002136230469 -0.0430984497070313
-0.17413330078125 -0.054290771484375 0.1148681640625 0.0526809692382813
-0.0522613525390625 -0.2093505859375 0.0375137329101563 0.110198974609375
0.082000732421875 -0.198898315429688 -0.0417747497558594 0.0167808532714844
0.196670532226563 -0.13543701171875 0.109138488769531 -0.0942459106445313
0.135307312011719 0.01837158203125 0.1729736328125 -0.225296020507813
0.143157958984375 -0.0353546142578125 0.188629150390625 -0.207183837890625
0.0849990844726563 -0.129508972167969 0.116241455078125 -0.170516967773438
-0.029632568359375 -0.114105224609375 0.0506439208984375 -0.158676147460938
-0.090789794921875 -0.056488037109375 0.0141754150390625 -0.114891052246094
-0.0927963256835938 0.0358963012695313 0.0109176635742187 -0.0826568603515625
-0.0557479858398437 0.083892822265625 0.0268936157226562 -0.10638427734375
-0.0569992065429688 0.0898971557617188 0.047882080078125 -0.135826110839844
-0.0512542724609375 0.112159729003906 0.0809478759765625 -0.158157348632813
-0.0741500854492187 0.0911331176757813 0.14373779296875 -0.126312255859375
-0.128128051757813 0.0396347045898438 0.156631469726562 -0.058746337890625
-0.124176025390625 -0.0531005859375 0.134620666503906 0.0435791015625
-0.011962890625 -0.16302490234375 0.0476760864257813 0.104415893554688
0.0998764038085938 -0.124931335449219 -0.0192203521728516 -0.0125541687011719
0.160140991210937 -0.041900634765625 0.168106079101563 -0.118438720703125
-0.080841064453125 -0.0539703369140625 -0.178009033203125 0.158355712890625
-0.0666351318359375 0.0503311157226562 0.00367355346679687 0.0370407104492188
0.00362396240234374 0.0756988525390625 -0.0511016845703125 -0.108200073242187
0.0548439025878906 0.0383567810058594 -0.16650390625 -0.066162109375
0.0610847473144531 -0.0101165771484375 -0.183090209960938 0.0493011474609375
0.0348701477050781 -0.0507087707519531 -0.146453857421875 0.150588989257812
0.0155220031738281 -0.0414657592773437 -0.064483642578125 0.1951904296875
0.0187206268310547 -0.0319862365722656 -0.0373992919921875 0.16131591796875
0.0227642059326172 -0.0292263031005859 -0.0222320556640625 0.134490966796875
0.0289382934570312 -0.00700759887695312 -0.0250396728515625 0.113731384277344
0.0185050964355469 0.0255107879638672 -0.0180282592773437 0.121185302734375
-0.029083251953125 0.0472755432128906 -0.0496826171875 0.156005859375
-0.0744094848632812 0.000930786132812508 -0.128387451171875 0.170074462890625
-0.07684326171875 -0.0604324340820312 -0.178085327148437 0.223342895507813
-0.05755615234375 -0.108589172363281 -0.200027465820312 0.237380981445313
-0.00140380859374999 -0.146636962890625 -0.203125 0.130661010742187
-0.0412559509277344 -0.0445289611816406 -0.0107975006103516 0.0292472839355469
-0.0357589721679688 -0.0159530639648437 -0.0500564575195312 -0.128822326660156
-0.0171899795532227 0.00516223907470703 -0.17340087890625 -0.0873260498046875
-0.0131912231445313 0.00269222259521484 -0.19970703125 0.0330810546875
-0.00860452651977539 0.00548696517944336 -0.15570068359375 0.149703979492188
-0.00518226623535156 0.02789306640625 -0.0653076171875 0.195144653320313
-0.0129776000976562 0.0312271118164062 -0.0316619873046875 0.1533203125
-0.00738525390625 0.0383834838867188 -0.0137786865234375 0.13006591796875
-0.0231742858886719 0.03448486328125 -0.010101318359375 0.11053466796875
-0.052642822265625 0.0248641967773438 -0.0011138916015625 0.113990783691406
-0.0897140502929688 -0.0071868896484375 -0.0330047607421875 0.156097412109375
-0.0719985961914063 -0.0977020263671875 -0.101974487304687 0.173858642578125
-0.0311431884765625 -0.150543212890625 -0.15606689453125 0.2176513671875
0.03277587890625 -0.190078735351563 -0.184906005859375 0.21124267578125
0.090545654296875 -0.216018676757812 -0.19873046875 0.0740203857421875
0.0102996826171875 -0.138565063476563 -0.0111083984375 -0.00279903411865235
-0.0574951171875 -0.1259765625 -0.03839111328125 -0.15948486328125
-0.0892868041992188 -0.0495986938476562 -0.168228149414063 -0.117843627929688
-0.094024658203125 0.00132751464843751 -0.203445434570313 0.00236511230468748
-0.0609970092773438 0.0547142028808594 -0.155563354492187 0.128997802734375
-0.0311431884765625 0.0913009643554687 -0.0612335205078125 0.170501708984375
-0.0429763793945313 0.09051513671875 -0.0209579467773438 0.122528076171875
-0.0326385498046875 0.10272216796875 0.00269317626953124 0.102020263671875
-0.0633773803710938 0.0796966552734375 0.0184783935546875 0.0885696411132813
-0.11370849609375 0.04132080078125 0.0296173095703125 0.09393310546875
-0.148117065429688 -0.03460693359375 0.000473022460937507 0.148101806640625
-0.0899200439453125 -0.172225952148438 -0.0622406005859375 0.1734619140625
-0.00930786132812502 -0.221115112304687 -0.12420654296875 0.197906494140625
0.1033935546875 -0.249832153320313 -0.141830444335938 0.162689208984375
0.175994873046875 -0.245880126953125 -0.156753540039063 -0.00283813476562505
0.0794677734375 -0.20953369140625 0.0098876953125 -0.0533676147460938
-0.0514678955078125 -0.232330322265625 -0.013519287109375 -0.1903076171875
-0.143035888671875 -0.116104125976563 -0.142822265625 -0.151336669921875
-0.165328979492188 -0.01544189453125 -0.184768676757813 -0.0372314453125
-0.112144470214844 0.087890625 -0.140853881835938 0.091156005859375
-0.05633544921875 0.138595581054688 -0.0502471923828125 0.124755859375
-0.0672683715820312 0.136299133300781 -0.00588226318359375 0.0739212036132813
-0.0485076904296875 0.154495239257813 0.0221176147460937 0.0559577941894531
-0.0877685546875 0.121170043945313 0.0497627258300781 0.0492019653320313
-0.156539916992188 0.066802978515625 0.0621414184570313 0.0605430603027344
-0.19195556640625 -0.038299560546875 0.038299560546875 0.127586364746094
-0.112930297851563 -0.214614868164063 -0.022491455078125 0.163436889648438
0.000350952148437472 -0.263214111328125 -0.0938720703125 0.162689208984375
0.149337768554688 -0.278152465820313 -0.084686279296875 0.0972747802734375
0.231704711914062 -0.22991943359375 -0.0820465087890625 -0.0855560302734375
0.147140502929688 -0.234359741210938 0.0497894287109375 -0.11065673828125
-0.016876220703125 -0.300933837890625 0.0236358642578125 -0.209793090820313
-0.159652709960937 -0.172409057617188 -0.095672607421875 -0.175140380859375
-0.205810546875 -0.0411529541015625 -0.141769409179688 -0.076171875
-0.147781372070313 0.0998992919921875 -0.108505249023438 0.0420684814453125
-0.0743408203125 0.162582397460937 -0.0325508117675781 0.0642890930175781
-0.0808563232421875 0.160507202148438 0.00992774963378906 0.0154266357421875
-0.056121826171875 0.184814453125 0.0387687683105469 -0.00217819213867186
-0.096893310546875 0.147735595703125 0.0769424438476563 -0.00112915039062499
-0.177139282226563 0.086029052734375 0.0890960693359375 0.0190963745117188
-0.212112426757812 -0.0349884033203125 0.070709228515625 0.0970916748046875
-0.120101928710937 -0.23040771484375 0.0108489990234375 0.143722534179687
0.0122222900390625 -0.2720947265625 -0.0728912353515625 0.116203308105469
0.178314208984375 -0.269546508789063 -0.0224075317382812 0.0241107940673828
0.244720458984375 -0.175643920898438 0.00999450683593752 -0.158203125
0.186599731445313 -0.206405639648438 0.101516723632813 -0.161422729492188
0.03045654296875 -0.30389404296875 0.0626678466796875 -0.210205078125
-0.137359619140625 -0.195220947265625 -0.0392608642578125 -0.181671142578125
-0.203277587890625 -0.061614990234375 -0.0848312377929688 -0.102310180664062
-0.156356811523438 0.0931243896484375 -0.0649604797363281 -0.00822830200195312
-0.07855224609375 0.160690307617188 -0.0113506317138672 -0.0014972686767578
-0.08184814453125 0.161026000976562 0.02294921875 -0.044891357421875
-0.0572662353515625 0.188064575195313 0.0521163940429687 -0.0630950927734375
-0.0954437255859375 0.1524658203125 0.098846435546875 -0.054595947265625
-0.177215576171875 0.0902862548828125 0.11083984375 -0.0203857421875
-0.20684814453125 -0.0357818603515625 0.0964736938476562 0.0674667358398438
-0.102783203125 -0.226348876953125 0.0325927734375 0.123703002929688
0.0378570556640625 -0.250518798828125 -0.0578041076660156 0.0662117004394531
0.191329956054688 -0.224563598632813 0.0397377014160156 -0.0459785461425781
0.2091064453125 -0.0900726318359375 0.0973663330078125 -0.20965576171875
0.182327270507813 -0.136337280273438 0.147842407226563 -0.198089599609375
0.0635528564453125 -0.241073608398437 0.0928802490234375 -0.194717407226563
-0.09100341796875 -0.170730590820313 0.0102996826171875 -0.172836303710937
-0.16180419921875 -0.06329345703125 -0.0304489135742187 -0.11376953125
-0.135353088378906 0.0722885131835937 -0.0220947265625 -0.0517234802246094
-0.069000244140625 0.133583068847656 0.00780487060546875 -0.0625648498535156
-0.0707931518554688 0.137474060058594 0.0315170288085937 -0.099151611328125
-0.0531158447265625 0.163314819335938 0.0616912841796875 -0.120635986328125
-0.085601806640625 0.133560180664063 0.117759704589844 -0.101470947265625
-0.159088134765625 0.0753936767578125 0.131340026855469 -0.0518722534179687
-0.177032470703125 -0.0406341552734375 0.118179321289063 0.0458221435546875
-0.067779541015625 -0.205047607421875 0.0457611083984375 0.107940673828125
0.06817626953125 -0.202713012695313 -0.0418586730957031 0.0215950012207031
0.186141967773438 -0.149307250976563 0.100387573242188 -0.100364685058594
0.134757995605469 0.00777435302734375 0.158035278320313 -0.234481811523438
0.138504028320313 -0.0450973510742187 0.17449951171875 -0.21588134765625
0.0740585327148438 -0.135231018066406 0.103439331054688 -0.175567626953125
-0.0374374389648438 -0.10992431640625 0.0397796630859375 -0.160888671875
-0.093780517578125 -0.0486984252929688 0.0051116943359375 -0.115692138671875
-0.08880615234375 0.0420303344726562 0.00699615478515624 -0.0831985473632813
-0.0475540161132813 0.0866470336914062 0.019378662109375 -0.108474731445313
-0.0490264892578125 0.0930633544921875 0.0367660522460938 -0.139297485351563
-0.041595458984375 0.1153564453125 0.0681915283203125 -0.165359497070313
-0.0655441284179688 0.0952682495117188 0.134712219238281 -0.136543273925781
-0.122734069824219 0.0495223999023438 0.15216064453125 -0.06878662109375
-0.127166748046875 -0.0428695678710937 0.1370849609375 0.0346145629882813
-0.0242156982421875 -0.160690307617188 0.0558547973632813 0.100738525390625
0.09039306640625 -0.130592346191406 -0.0215606689453125 -0.00923156738281251
0.156707763671875 -0.0537567138671875 0.157073974609375 -0.12872314453125
-0.0815887451171875 -0.0449676513671875 -0.15765380859375 0.163955688476562
-0.0596809387207031 0.0521812438964844 0.00766944885253906 0.0338287353515625
0.00856018066406251 0.0712051391601563 -0.0567169189453125 -0.101325988769531
0.0553627014160156 0.0324630737304688 -0.165481567382813 -0.052642822265625
0.0585403442382813 -0.0156593322753906 -0.173187255859375 0.0592193603515625
0.0280952453613281 -0.0515518188476563 -0.131500244140625 0.155609130859375
0.0105056762695312 -0.0405769348144531 -0.047760009765625 0.192657470703125
0.0143947601318359 -0.0316638946533203 -0.023101806640625 0.159347534179688
0.0195999145507813 -0.0287132263183594 -0.0107421875 0.132568359375
0.0253849029541016 -0.00837135314941406 -0.0160293579101563 0.112571716308594
0.0188159942626953 0.02227783203125 -0.00825500488281249 0.118789672851562
-0.0239295959472656 0.0472831726074219 -0.0367584228515625 0.154586791992188
-0.0701255798339844 0.00568389892578124 -0.112869262695313 0.172592163085938
-0.07733154296875 -0.0533065795898438 -0.156646728515625 0.22674560546875
-0.0631179809570313 -0.0998153686523438 -0.175857543945313 0.242477416992188
-0.0114898681640625 -0.140304565429688 -0.182540893554688 0.140228271484375
-0.0415420532226562 -0.0412559509277344 -0.00578880310058594 0.0279903411865234
-0.0356178283691406 -0.0138473510742188 -0.05718994140625 -0.120933532714844
-0.0158586502075195 0.00448036193847656 -0.1727294921875 -0.0726470947265625
-0.0120439529418945 0.00263309478759766 -0.190383911132813 0.045440673828125
-0.00874519348144531 0.00456857681274414 -0.14031982421875 0.154388427734375
-0.00448226928710938 0.0270004272460938 -0.0485076904296875 0.192489624023438
-0.0107288360595703 0.0319499969482422 -0.0189971923828125 0.150955200195313
-0.00482559204101562 0.0378532409667969 -0.0031585693359375 0.127326965332031
-0.0212955474853516 0.0341243743896484 -0.000991821289062503 0.108024597167969
-0.04974365234375 0.0263862609863281 0.00759887695312499 0.110565185546875
-0.08697509765625 -0.000816345214843741 -0.0199127197265625 0.153900146484375
-0.0753173828125 -0.0899429321289063 -0.0869903564453125 0.174240112304688
-0.0387725830078125 -0.142623901367188 -0.13531494140625 0.220535278320313
0.01849365234375 -0.185836791992188 -0.162628173828125 0.216659545898438
0.0716400146484375 -0.213546752929687 -0.182403564453125 0.08648681640625
0.00213623046874999 -0.135459899902344 -0.0075526237487793 -0.00206470489501954
-0.0648193359375 -0.118156433105469 -0.048583984375 -0.151107788085937
-0.0891799926757812 -0.0419464111328125 -0.1697998046875 -0.10247802734375
-0.0904693603515625 0.00830078125000002 -0.194656372070313 0.0156097412109375
-0.0550384521484375 0.0556869506835937 -0.141082763671875 0.134429931640625
-0.0235214233398437 0.0896987915039063 -0.04638671875 0.16790771484375
-0.0353317260742188 0.0909652709960938 -0.0112533569335938 0.119659423828125
-0.0232620239257813 0.101226806640625 0.0106201171875 0.0987701416015625
-0.0558547973632813 0.0806045532226563 0.0246734619140625 0.0838699340820313
-0.106887817382813 0.0468978881835937 0.03619384765625 0.089141845703125
-0.1456298828125 -0.0223388671875 0.01220703125 0.14471435546875
-0.0982666015625 -0.160858154296875 -0.048583984375 0.17169189453125
-0.0228118896484375 -0.21221923828125 -0.106475830078125 0.200408935546875
0.0824737548828125 -0.248825073242187 -0.125015258789063 0.167922973632812
0.151641845703125 -0.24951171875 -0.147445678710938 0.00999450683593746
0.063507080078125 -0.208328247070313 0.00931167602539063 -0.0515213012695313
-0.0669708251953125 -0.220870971679688 -0.027496337890625 -0.182083129882813
-0.145721435546875 -0.102142333984375 -0.147354125976563 -0.136505126953125
-0.160491943359375 -0.00308227539062497 -0.180313110351562 -0.0234832763671875
-0.101402282714844 0.0915603637695312 -0.128517150878906 0.09649658203125
-0.0439453125 0.136772155761719 -0.038543701171875 0.1234130859375
-0.0552291870117188 0.136940002441406 -0.00112915039062501 0.0719757080078125
-0.0342864990234375 0.15203857421875 0.0257682800292969 0.0515365600585938
-0.0754776000976562 0.122222900390625 0.0518264770507813 0.043243408203125
-0.1456298828125 0.0748138427734375 0.0645751953125 0.0543365478515625
-0.189041137695312 -0.022796630859375 0.0469284057617188 0.121803283691406
-0.124435424804687 -0.200042724609375 -0.00982666015625 0.158843994140625
-0.0172576904296875 -0.253585815429688 -0.07952880859375 0.16485595703125
0.125396728515625 -0.2803955078125 -0.0742340087890625 0.100822448730469
0.20697021484375 -0.23797607421875 -0.0815353393554688 -0.0745620727539063
0.126068115234375 -0.237503051757812 0.0440826416015625 -0.108741760253906
-0.039581298828125 -0.288848876953125 0.0068511962890625 -0.202362060546875
-0.16595458984375 -0.15484619140625 -0.103927612304688 -0.16229248046875
-0.201248168945313 -0.0240478515625 -0.14215087890625 -0.063751220703125
-0.134475708007813 0.106475830078125 -0.0999908447265625 0.0466842651367188
-0.059295654296875 0.160369873046875 -0.0260276794433594 0.0636520385742188
-0.06640625 0.161209106445313 0.00916576385498047 0.0144081115722656
-0.0387420654296875 0.181549072265625 0.0378036499023438 -0.00644302368164061
-0.081817626953125 0.147994995117187 0.07440185546875 -0.00772094726562499
-0.162643432617188 0.0955352783203125 0.0878524780273438 0.0124053955078125
-0.207168579101562 -0.0175628662109375 0.0767364501953125 0.090423583984375
-0.132522583007813 -0.214065551757812 0.0211029052734375 0.138534545898438
-0.00653076171875002 -0.262969970703125 -0.0621871948242188 0.119010925292969
0.153457641601563 -0.273345947265625 -0.0200977325439453 0.0257854461669922
0.221969604492188 -0.186004638671875 0.00151062011718752 -0.150741577148438
0.165496826171875 -0.212158203125 0.0894622802734375 -0.15997314453125
0.00518798828125002 -0.295166015625 0.044403076171875 -0.205368041992188
-0.145416259765625 -0.177688598632813 -0.0496978759765625 -0.172332763671875
-0.20025634765625 -0.0433502197265625 -0.0882797241210938 -0.0927276611328125
-0.143417358398438 0.100616455078125 -0.0611419677734375 -0.00428390502929687
-0.0635986328125 0.158447265625 -0.0110101699829102 -0.00184917449951171
-0.0670013427734375 0.161285400390625 0.0173072814941406 -0.0450973510742187
-0.0386505126953125 0.18475341796875 0.0448036193847656 -0.0665359497070312
-0.079742431640625 0.15228271484375 0.0920181274414063 -0.0607376098632813
-0.162384033203125 0.0996551513671875 0.105010986328125 -0.027191162109375
-0.201568603515625 -0.0178985595703125 0.09893798828125 0.0600509643554687
-0.115707397460938 -0.211715698242188 0.0398101806640625 0.116539001464844
0.018798828125 -0.244369506835938 -0.05145263671875 0.0698509216308594
0.16839599609375 -0.231674194335938 0.0350227355957031 -0.046112060546875
0.194244384765625 -0.102462768554687 0.0811920166015625 -0.20623779296875
0.165542602539062 -0.144439697265625 0.13128662109375 -0.197418212890625
0.0426025390625 -0.236587524414062 0.07574462890625 -0.192214965820313
-0.0995635986328125 -0.156600952148438 -0.00148010253906251 -0.1671142578125
-0.159439086914063 -0.047698974609375 -0.0369644165039063 -0.107475280761719
-0.12420654296875 0.0791397094726563 -0.0229530334472656 -0.0489921569824219
-0.0559768676757813 0.131988525390625 0.00294494628906249 -0.0618782043457031
-0.0572128295898437 0.137428283691406 0.0217361450195312 -0.0985488891601562
-0.0366668701171875 0.161148071289063 0.0489654541015625 -0.122161865234375
-0.0712509155273438 0.133888244628906 0.106452941894531 -0.108009338378906
-0.145553588867188 0.0848541259765625 0.123077392578125 -0.0583724975585937
-0.172515869140625 -0.0251312255859375 0.117294311523437 0.0364303588867188
-0.081085205078125 -0.19305419921875 0.0524444580078125 0.100425720214844
0.0515289306640625 -0.2001953125 -0.0396080017089844 0.0256500244140625
0.16754150390625 -0.158370971679688 0.0883636474609375 -0.102951049804688
0.129371643066406 -0.0029144287109375 0.1370849609375 -0.23486328125
0.129127502441406 -0.0535430908203125 0.155242919921875 -0.217605590820313
0.0589370727539062 -0.135032653808594 0.08953857421875 -0.1739501953125
-0.043243408203125 -0.101631164550781 0.028594970703125 -0.157424926757813
-0.09259033203125 -0.0384292602539062 -0.0030975341796875 -0.11175537109375
-0.0816421508789062 0.0467605590820313 0.00262451171875 -0.0813522338867187
-0.0385513305664063 0.0853195190429687 0.0105209350585937 -0.106842041015625
-0.039520263671875 0.0932388305664063 0.0234146118164063 -0.136886596679688
-0.0298080444335938 0.11407470703125 0.0525360107421875 -0.165420532226563
-0.0546417236328125 0.0956497192382813 0.11968994140625 -0.142898559570313
-0.11187744140625 0.0575790405273438 0.141342163085938 -0.076080322265625
-0.125419616699219 -0.0305862426757813 0.134635925292969 0.024139404296875
-0.0359649658203125 -0.152999877929688 0.061279296875 0.0933685302734375
0.07745361328125 -0.132614135742187 -0.0223121643066406 -0.00527000427246094
0.146728515625 -0.063720703125 0.14013671875 -0.134185791015625
-0.0782318115234375 -0.03717041015625 -0.138839721679687 0.161666870117188
-0.0537376403808594 0.0515556335449219 0.00975608825683594 0.0299243927001953
0.0116767883300781 0.0660400390625 -0.0580978393554688 -0.0938644409179687
0.0546226501464844 0.0264816284179688 -0.158966064453125 -0.04351806640625
0.0540428161621094 -0.0187950134277344 -0.160781860351563 0.063201904296875
0.0220222473144531 -0.0502548217773438 -0.118240356445312 0.154159545898438
0.00608062744140625 -0.0376739501953125 -0.036041259765625 0.185089111328125
0.0112991333007813 -0.0296535491943359 -0.01348876953125 0.15277099609375
0.0160427093505859 -0.0275917053222656 -0.00212097167968751 0.126380920410156
0.022613525390625 -0.00913238525390625 -0.00972747802734374 0.1082763671875
0.01751708984375 0.0185546875 -0.00199127197265625 0.113235473632812
-0.0196762084960938 0.0451812744140625 -0.027099609375 0.1484375
-0.0644950866699219 0.00846099853515624 -0.100067138671875 0.1678466796875
-0.0747451782226563 -0.0470504760742188 -0.137603759765625 0.2213134765625
-0.0639724731445312 -0.0910415649414063 -0.154769897460938 0.236434936523437
-0.0168075561523438 -0.130790710449219 -0.163589477539063 0.14044189453125
-0.0403976440429687 -0.0377235412597656 -0.00229644775390625 0.0251712799072266
-0.0345840454101563 -0.012115478515625 -0.0595703125 -0.112022399902344
-0.0144681930541992 0.00410747528076172 -0.166412353515625 -0.0619354248046875
-0.0113344192504883 0.00232124328613281 -0.177474975585938 0.0504150390625
-0.00908946990966797 0.00417423248291016 -0.12640380859375 0.152816772460938
-0.00368309020996094 0.0264682769775391 -0.036407470703125 0.184402465820313
-0.00946807861328124 0.0317668914794922 -0.009613037109375 0.144577026367188
-0.0029296875 0.0362815856933594 0.00469207763671876 0.121116638183594
-0.0196800231933594 0.0334014892578125 0.00403594970703126 0.102638244628906
-0.0466804504394531 0.0262565612792969 0.0129470825195312 0.105331420898438
-0.0817718505859375 0.00291442871093749 -0.010650634765625 0.14788818359375
-0.0739898681640625 -0.0822906494140625 -0.0746612548828125 0.168731689453125
-0.042022705078125 -0.1334228515625 -0.117752075195312 0.215087890625
0.00936889648437499 -0.175796508789063 -0.143585205078125 0.212600708007813
0.057861328125 -0.204421997070313 -0.164657592773438 0.0908355712890625
-0.002899169921875 -0.129249572753906 -0.00447368621826172 -0.00193166732788087
-0.0673294067382813 -0.109329223632812 -0.0537109375 -0.139739990234375
-0.0859451293945313 -0.0366363525390625 -0.164657592773438 -0.0903778076171875
-0.0846710205078125 0.0116806030273437 -0.183517456054688 0.0227203369140625
-0.0498008728027344 0.0543251037597656 -0.127716064453125 0.133407592773438
-0.019134521484375 0.0863037109375 -0.035675048828125 0.160812377929688
-0.029388427734375 0.0891647338867188 -0.00467681884765624 0.114364624023438
-0.0166244506835938 0.0973129272460937 0.0158004760742188 0.0926666259765625
-0.0494918823242188 0.0788726806640625 0.0279312133789062 0.0786056518554688
-0.0992584228515625 0.0489730834960937 0.0384979248046875 0.083282470703125
-0.1387939453125 -0.0143966674804687 0.0193328857421875 0.138191223144531
-0.10009765625 -0.148757934570313 -0.038818359375 0.165237426757813
-0.029998779296875 -0.199874877929688 -0.090576171875 0.195404052734375
0.066680908203125 -0.239715576171875 -0.1099853515625 0.16455078125
0.13116455078125 -0.24176025390625 -0.135231018066406 0.0179443359375
0.0518646240234375 -0.201080322265625 0.0100746154785156 -0.048583984375
-0.0752716064453125 -0.206787109375 -0.03521728515625 -0.16912841796875
-0.142593383789063 -0.0896759033203125 -0.144821166992188 -0.122909545898438
-0.15185546875 0.00558471679687502 -0.171005249023438 -0.0150299072265625
-0.0915756225585938 0.0900650024414063 -0.116470336914062 0.0956039428710938
-0.0351028442382813 0.130767822265625 -0.0304641723632813 0.117942810058594
-0.0453948974609375 0.133377075195313 0.00217056274414062 0.0683479309082031
-0.0242767333984375 0.145004272460938 0.0267486572265625 0.0471687316894531
-0.0654678344726563 0.118484497070312 0.0515060424804687 0.0381317138671875
-0.133453369140625 0.07720947265625 0.0644760131835937 0.0490684509277344
-0.179962158203125 -0.0124053955078125 0.051910400390625 0.115280151367188
-0.127273559570313 -0.18487548828125 -0.00219726562500002 0.151412963867187
-0.026580810546875 -0.239288330078125 -0.0676422119140625 0.160385131835937
0.106002807617187 -0.2720947265625 -0.0655288696289062 0.0992584228515625
0.184127807617187 -0.23443603515625 -0.0771560668945312 -0.0644683837890625
0.109207153320313 -0.23095703125 0.0403518676757812 -0.102813720703125
-0.05279541015625 -0.271514892578125 -0.00309753417968752 -0.189987182617188
-0.1639404296875 -0.138626098632813 -0.104400634765625 -0.148834228515625
-0.19097900390625 -0.0120391845703125 -0.136161804199219 -0.0543899536132813
-0.1217041015625 0.106338500976563 -0.0917587280273438 0.0477218627929688
-0.04833984375 0.1534423828125 -0.0210418701171875 0.0600051879882813
-0.054718017578125 0.156509399414063 0.00896549224853515 0.0126934051513672
-0.0261383056640625 0.172988891601563 0.0350322723388672 -0.00865936279296874
-0.0690765380859375 0.143035888671875 0.0700492858886719 -0.0119094848632812
-0.148193359375 0.097625732421875 0.0838623046875 0.00844573974609376
-0.196868896484375 -0.00579833984374999 0.0782394409179687 0.0837020874023438
-0.136489868164063 -0.197128295898438 0.0257110595703125 0.129837036132813
-0.017822265625 -0.24871826171875 -0.0535507202148438 0.116996765136719
0.132293701171875 -0.26776123046875 -0.0174560546875 0.0260906219482422
0.20098876953125 -0.186309814453125 -0.0027313232421875 -0.140151977539063
0.1478271484375 -0.209243774414063 0.0806121826171875 -0.153244018554688
-0.010894775390625 -0.279067993164063 0.032989501953125 -0.193435668945313
-0.145538330078125 -0.160507202148438 -0.05340576171875 -0.160140991210938
-0.190643310546875 -0.03033447265625 -0.0873184204101563 -0.0837936401367188
-0.129867553710938 0.100700378417969 -0.0572509765625 -0.00278472900390625
-0.0517578125 0.1517333984375 -0.00994491577148438 -0.00212001800537109
-0.05523681640625 0.15625 0.0131072998046875 -0.0440025329589844
-0.026702880859375 0.175994873046875 0.0381431579589844 -0.0665969848632813
-0.0666046142578125 0.147247314453125 0.083648681640625 -0.0631637573242188
-0.146820068359375 0.101882934570313 0.0988388061523438 -0.029876708984375
-0.19061279296875 -0.00653076171874996 0.0976333618164062 0.0537338256835938
-0.12127685546875 -0.195205688476562 0.0435256958007812 0.108695983886719
0.00697326660156248 -0.231689453125 -0.04608154296875 0.0699043273925781
0.147857666015625 -0.228286743164063 0.0301322937011719 -0.0447883605957031
0.177383422851562 -0.105606079101562 0.0696868896484375 -0.19677734375
0.150253295898438 -0.144256591796875 0.117813110351563 -0.190460205078125
0.0265045166015625 -0.224716186523438 0.0636138916015625 -0.182785034179688
-0.101348876953125 -0.141921997070312 -0.00767517089843751 -0.157760620117188
-0.152618408203125 -0.0371551513671875 -0.0400848388671875 -0.0996780395507813
-0.112312316894531 0.080291748046875 -0.022369384765625 -0.0466041564941406
-0.0457077026367187 0.126441955566406 9.91821289062409E-05 -0.0597457885742188
-0.0471115112304687 0.133247375488281 0.0145721435546875 -0.0942230224609375
-0.0253143310546875 0.15350341796875 0.0391769409179688 -0.119285583496094
-0.0597610473632813 0.129081726074219 0.095458984375 -0.108230590820312
-0.131515502929688 0.087188720703125 0.113563537597656 -0.0596694946289062
-0.164306640625 -0.0134735107421875 0.113273620605469 0.0302352905273438
-0.0868377685546875 -0.178619384765625 0.0543289184570312 0.0924224853515625
0.0391998291015625 -0.19171142578125 -0.0367622375488281 0.0280342102050781
0.151458740234375 -0.1585693359375 0.07745361328125 -0.100090026855469
0.121269226074219 -0.008514404296875 0.121017456054688 -0.226409912109375
0.119003295898438 -0.0563430786132813 0.138442993164062 -0.211441040039062
0.0475387573242188 -0.129409790039063 0.07806396484375 -0.167129516601563
-0.0454788208007813 -0.0929946899414063 0.0201263427734375 -0.149826049804687
-0.0891952514648437 -0.0315475463867188 -0.00793457031250001 -0.105339050292969
-0.074127197265625 0.0486679077148437 -0.000396728515624998 -0.0773544311523438
-0.0315704345703125 0.0818252563476562 0.005096435546875 -0.102310180664063
-0.031890869140625 0.0899887084960938 0.013641357421875 -0.131309509277344
-0.02105712890625 0.109161376953125 0.03961181640625 -0.160797119140625
-0.0459365844726562 0.0923995971679687 0.10638427734375 -0.14111328125
-0.1009521484375 0.060333251953125 0.130073547363281 -0.07763671875
-0.119476318359375 -0.0217666625976563 0.128593444824219 0.018341064453125
-0.04241943359375 -0.142807006835938 0.0622711181640625 0.0854644775390625
0.0670013427734375 -0.129196166992188 -0.0228519439697266 -0.00166893005371094
0.134452819824219 -0.0673904418945313 0.124465942382813 -0.131980895996094
-0.073516845703125 -0.0323104858398438 -0.1265869140625 0.155471801757813
-0.0495834350585938 0.0495796203613281 0.0108203887939453 0.0271797180175781
0.0120048522949219 0.0608329772949219 -0.0567779541015625 -0.0885848999023438
0.0520172119140625 0.0231399536132813 -0.152191162109375 -0.03839111328125
0.05023193359375 -0.0200538635253906 -0.152206420898437 0.062255859375
0.0181427001953125 -0.0476188659667969 -0.109603881835937 0.149490356445313
0.00403785705566406 -0.0342578887939453 -0.02899169921875 0.177352905273438
0.00948715209960938 -0.0271415710449219 -0.00782775878906251 0.145980834960938
0.0137825012207031 -0.0258407592773438 0.00213623046875001 0.121322631835938
0.0196552276611328 -0.00882720947265625 -0.00676727294921875 0.103752136230469
0.0157012939453125 0.0167360305786133 0.000312805175781253 0.108360290527344
-0.0171661376953125 0.0419654846191406 -0.02239990234375 0.141647338867187
-0.0599899291992188 0.00885772705078125 -0.0928497314453125 0.161422729492188
-0.0708694458007813 -0.04364013671875 -0.126419067382813 0.211868286132813
-0.06256103515625 -0.0836334228515625 -0.142745971679687 0.226699829101563
-0.0181350708007813 -0.122596740722656 -0.149566650390625 0.136459350585937
-0.0383949279785156 -0.0357894897460938 -0.000238418579101563 0.0232791900634766
-0.0330734252929688 -0.0119152069091797 -0.059295654296875 -0.105079650878906
-0.01348876953125 0.00345897674560547 -0.159393310546875 -0.0556488037109375
-0.0110273361206055 0.00169754028320313 -0.16748046875 0.04986572265625
-0.0101518630981445 0.00398731231689453 -0.117904663085937 0.147689819335938
-0.00359344482421875 0.0264053344726563 -0.0301361083984375 0.17596435546875
-0.00870323181152344 0.0317401885986328 -0.00574493408203124 0.138381958007813
-0.00222206115722656 0.0345935821533203 0.00791168212890625 0.11553955078125
-0.0193252563476563 0.0321788787841797 0.00634765625 0.0983200073242188
-0.0449714660644531 0.025634765625 0.0145416259765625 0.0999221801757813
-0.0772171020507813 0.00375366210937499 -0.00653076171875 0.141845703125
-0.0710830688476563 -0.0774765014648438 -0.0688323974609375 0.162277221679688
-0.0415420532226562 -0.125740051269531 -0.107162475585938 0.205978393554688
0.00495910644531251 -0.16741943359375 -0.131683349609375 0.20379638671875
0.05157470703125 -0.19403076171875 -0.151657104492188 0.0892791748046874
-0.00519561767578126 -0.12408447265625 -0.00194287300109863 -0.00237035751342774
-0.0673828125 -0.102943420410156 -0.053741455078125 -0.130996704101563
-0.0822296142578125 -0.0336227416992187 -0.157669067382813 -0.0831298828125
-0.0803298950195313 0.0128402709960938 -0.1739501953125 0.0242156982421875
-0.0469284057617188 0.0525398254394531 -0.118431091308594 0.128433227539063
-0.0164871215820313 0.0823593139648438 -0.0297088623046875 0.153289794921875
-0.0261383056640625 0.0864715576171875 -0.00188446044921876 0.109642028808594
-0.013519287109375 0.0924072265625 0.0179443359375 0.0880661010742187
-0.0457534790039063 0.0753021240234375 0.0285110473632812 0.0746078491210937
-0.0934829711914063 0.0477447509765625 0.0384521484375 0.0788726806640625
-0.132270812988281 -0.0108566284179688 0.022186279296875 0.132369995117187
-0.0981826782226563 -0.140556335449219 -0.034576416015625 0.158447265625
-0.0313720703125 -0.189208984375 -0.082183837890625 0.187393188476563
0.059356689453125 -0.229568481445313 -0.100982666015625 0.158447265625
0.120040893554688 -0.232025146484375 -0.124626159667969 0.020172119140625
0.0460052490234375 -0.193191528320313 0.0112152099609375 -0.04534912109375
-0.0771636962890625 -0.194442749023438 -0.03594970703125 -0.158523559570313
-0.136688232421875 -0.0828323364257812 -0.139694213867188 -0.114570617675781
-0.143707275390625 0.009063720703125 -0.162033081054688 -0.011810302734375
-0.0854263305664063 0.0870285034179687 -0.108657836914062 0.092254638671875
-0.0310134887695312 0.125083923339844 -0.0258941650390625 0.11175537109375
-0.0398483276367188 0.128486633300781 0.00351715087890625 0.0648002624511719
-0.0187530517578125 0.137779235839844 0.0269737243652344 0.0436058044433594
-0.0594635009765625 0.113426208496094 0.0500221252441406 0.0351295471191406
-0.124862670898438 0.076141357421875 0.0628662109375 0.046478271484375
-0.17083740234375 -0.007720947265625 0.0530548095703125 0.110069274902344
-0.125335693359375 -0.174224853515625 0.000183105468749994 0.14404296875
-0.0295562744140625 -0.22747802734375 -0.06048583984375 0.154510498046875
0.095245361328125 -0.261322021484375 -0.059600830078125 0.0954971313476562
0.16949462890625 -0.225448608398438 -0.0707550048828125 -0.0589447021484375
0.100509643554688 -0.22198486328125 0.0391845703125 -0.0975341796875
-0.0576019287109375 -0.256195068359375 -0.0067901611328125 -0.178070068359375
-0.158599853515625 -0.127731323242187 -0.101394653320312 -0.1400146484375
-0.181732177734375 -0.00715637207031251 -0.129669189453125 -0.0496139526367187
-0.1126708984375 0.102394104003906 -0.0852432250976563 0.04541015625
-0.04217529296875 0.146133422851563 -0.0186042785644531 0.056884765625
-0.0484466552734375 0.150802612304687 0.0077371597290039 0.0114917755126953
-0.0202789306640625 0.164138793945313 0.0322914123535156 -0.00946998596191405
-0.0622711181640625 0.136215209960938 0.066558837890625 -0.0135688781738281
-0.137535095214844 0.095977783203125 0.0800247192382813 0.00720977783203126
-0.187118530273438 -0.000366210937500004 0.0770797729492188 0.0799102783203125
-0.135238647460938 -0.185775756835938 0.026641845703125 0.1231689453125
-0.0212249755859375 -0.236114501953125 -0.0487136840820313 0.112937927246094
0.119903564453125 -0.25787353515625 -0.0162506103515625 0.0250282287597656
0.185592651367188 -0.180099487304688 -0.00251007080078125 -0.130989074707031
0.136581420898438 -0.202117919921875 0.076263427734375 -0.145584106445312
-0.0178070068359375 -0.263931274414063 0.0284423828125 -0.181900024414063
-0.141738891601562 -0.149002075195313 -0.053192138671875 -0.150741577148438
-0.180862426757813 -0.02423095703125 -0.084442138671875 -0.0781478881835938
-0.120643615722656 0.0983657836914063 -0.0526771545410156 -0.00360107421874998
-0.045562744140625 0.14410400390625 -0.00975990295410157 -0.00251197814941405
-0.0487823486328125 0.150527954101563 0.01055908203125 -0.0424537658691406
-0.0197906494140625 0.166412353515625 0.0340843200683594 -0.0644340515136719
-0.059234619140625 0.139595031738281 0.07806396484375 -0.0623550415039062
-0.135330200195313 0.0997161865234375 0.0933380126953125 -0.0295562744140625
-0.18084716796875 -0.000411987304687514 0.0942230224609375 0.0503387451171875
-0.12054443359375 -0.18267822265625 0.0426788330078125 0.102653503417969
0.00190734863281251 -0.220260620117187 -0.0425224304199219 0.0686759948730469
0.134872436523437 -0.221710205078125 0.0266838073730469 -0.0421638488769531
0.165237426757813 -0.103652954101563 0.06500244140625 -0.186248779296875
0.139266967773438 -0.139877319335938 0.110794067382813 -0.18145751953125
0.018707275390625 -0.21319580078125 0.0581817626953125 -0.172012329101563
-0.0983047485351563 -0.132164001464844 -0.00927734375000001 -0.149551391601563
-0.144973754882813 -0.030731201171875 -0.039581298828125 -0.094024658203125
-0.104461669921875 0.078704833984375 -0.0212326049804688 -0.0455513000488281
-0.0402679443359375 0.120162963867187 -0.00142669677734375 -0.0575141906738281
-0.0413818359375 0.127899169921875 0.0104522705078125 -0.0904922485351562
-0.0187530517578125 0.145217895507813 0.0334091186523438 -0.114967346191406
-0.0528335571289062 0.122550964355469 0.0877609252929688 -0.106391906738281
-0.12103271484375 0.0852279663085938 0.106895446777344 -0.0582199096679688
-0.155426025390625 -0.00820922851562499 0.108741760253906 0.0278549194335937
-0.087738037109375 -0.167465209960938 0.0530242919921875 0.0873565673828125
0.032928466796875 -0.18292236328125 -0.0352859497070312 0.028961181640625
0.139495849609375 -0.154571533203125 0.0708084106445313 -0.0958404541015625
0.113853454589844 -0.0105438232421875 0.11181640625 -0.215194702148438
0.110877990722656 -0.0555953979492187 0.129241943359375 -0.201278686523438
0.0403594970703125 -0.123542785644531 0.07293701171875 -0.157989501953125
-0.044281005859375 -0.0858612060546875 0.0175018310546875 -0.142318725585937
-0.0847930908203125 -0.0266876220703125 -0.00923919677734375 -0.100112915039063
-0.0689735412597656 0.0475997924804687 -0.000732421875000001 -0.075225830078125
-0.027130126953125 0.0773239135742187 0.00185394287109375 -0.0986709594726563
-0.0276565551757812 0.0856781005859375 0.0088958740234375 -0.125
-0.01654052734375 0.103614807128906 0.03240966796875 -0.1529541015625
-0.0402679443359375 0.0883712768554688 0.0973892211914063 -0.137596130371094
-0.0927886962890625 0.0593948364257813 0.122047424316406 -0.0751876831054688
-0.112861633300781 -0.0165863037109375 0.122657775878906 0.0151138305664063
-0.0445175170898438 -0.13433837890625 0.0603866577148437 0.0801467895507812
0.0602569580078125 -0.124824523925781 -0.0224514007568359 0.00028610229492187
0.125076293945313 -0.0677566528320313 0.114105224609375 -0.126129150390625
-0.0704574584960938 -0.0294189453125 -0.120513916015625 0.149703979492188
-0.0472373962402344 0.0478477478027344 0.0113468170166016 0.0257110595703125
0.0114860534667969 0.0583724975585938 -0.0546722412109375 -0.0854949951171875
0.0505142211914063 0.0208969116210938 -0.147003173828125 -0.0370025634765625
0.0474815368652344 -0.0209579467773438 -0.147903442382813 0.059844970703125
0.0154075622558594 -0.0454292297363281 -0.106216430664062 0.146377563476563
0.00291824340820313 -0.0315170288085938 -0.026397705078125 0.172988891601563
0.00853538513183594 -0.0253143310546875 -0.0058135986328125 0.142486572265625
0.0122032165527344 -0.0237693786621094 0.00390624999999999 0.117576599121094
0.0177650451660156 -0.00841712951660156 -0.00564575195312501 0.101646423339844
0.0141468048095703 0.015660285949707 0.00104522705078124 0.10589599609375
-0.0161170959472656 0.0402374267578125 -0.0205841064453125 0.13787841796875
-0.0562324523925781 0.00844192504882812 -0.0898895263671875 0.155960083007813
-0.0684928894042969 -0.0421943664550781 -0.120712280273437 0.203857421875
-0.061248779296875 -0.079986572265625 -0.137802124023438 0.218582153320312
-0.0169677734375 -0.117042541503906 -0.142379760742188 0.131439208984375
-0.0369148254394531 -0.0354232788085938 0.00163078308105468 0.0218505859375
-0.0333003997802734 -0.0121364593505859 -0.05731201171875 -0.101264953613281
-0.0134458541870117 0.0021820068359375 -0.15484619140625 -0.05426025390625
-0.0111808776855469 0.000969886779785155 -0.162399291992188 0.0478973388671875
-0.0111122131347656 0.00436496734619141 -0.113479614257812 0.143966674804688
-0.00376701354980469 0.0262947082519531 -0.0273895263671875 0.1712646484375
-0.00874900817871094 0.0317344665527344 -0.00385284423828126 0.134742736816406
-0.00230979919433593 0.0341472625732422 0.0101394653320312 0.112403869628906
-0.0192146301269531 0.0308380126953125 0.00706481933593751 0.0963363647460938
-0.0443840026855469 0.0245704650878906 0.0146331787109375 0.0971450805664062
-0.0744171142578125 0.00375366210937499 -0.00487518310546876 0.138389587402344
-0.0684890747070312 -0.0757369995117188 -0.0663299560546875 0.1571044921875
-0.0396575927734375 -0.122062683105469 -0.10247802734375 0.19940185546875
0.00442504882812499 -0.16156005859375 -0.126632690429687 0.197311401367188
0.0490264892578125 -0.1875 -0.143234252929688 0.0874023437499999
-0.004425048828125 -0.120956420898438 0.000670194625854492 -0.00217151641845704
-0.0665359497070313 -0.0996475219726563 -0.052093505859375 -0.125556945800781
-0.0797576904296875 -0.03265380859375 -0.152999877929688 -0.080780029296875
-0.0780105590820313 0.0130844116210938 -0.168365478515625 0.02276611328125
-0.0459976196289062 0.0504875183105469 -0.114715576171875 0.124275207519531
-0.0153579711914063 0.0802230834960938 -0.027099609375 0.148666381835938
-0.02471923828125 0.08563232421875 -0.000534057617187503 0.107292175292969
-0.0123519897460938 0.089447021484375 0.0183181762695313 0.0854949951171875
-0.044403076171875 0.0728988647460938 0.0282669067382812 0.0723419189453125
-0.09063720703125 0.0462646484375 0.03814697265625 0.0767822265625
-0.128128051757813 -0.0101165771484375 0.02362060546875 0.12939453125
-0.0960159301757812 -0.136848449707031 -0.032958984375 0.15380859375
-0.0301666259765625 -0.184555053710938 -0.0782012939453125 0.181655883789063
0.0562286376953125 -0.223403930664063 -0.096923828125 0.153900146484375
0.114791870117188 -0.223373413085938 -0.116973876953125 0.0205612182617187
0.04449462890625 -0.18792724609375 0.0137939453125 -0.0438117980957031
-0.0771636962890625 -0.187789916992187 -0.03509521484375 -0.1514892578125
-0.133033752441406 -0.0796356201171875 -0.135200500488281 -0.110527038574219
-0.139114379882812 0.00985717773437499 -0.157058715820313 -0.011993408203125
-0.0824203491210938 0.0844802856445312 -0.1051025390625 0.0888290405273438
-0.0292282104492187 0.120765686035156 -0.0235214233398438 0.10833740234375
-0.0378570556640625 0.126518249511719 0.00308609008789063 0.0635452270507813
-0.0170974731445312 0.133674621582031 0.0262298583984375 0.0428047180175781
-0.0569686889648438 0.109336853027344 0.0487594604492187 0.0332984924316406
-0.120452880859375 0.0736541748046875 0.0616950988769531 0.0452308654785156
-0.16546630859375 -0.00602722167968751 0.0534439086914063 0.10797119140625
-0.1234130859375 -0.168716430664063 0.000167846679687482 0.140190124511719
-0.0292510986328125 -0.220565795898438 -0.05767822265625 0.151123046875
0.0913848876953125 -0.2559814453125 -0.0576324462890625 0.0934600830078125
0.163619995117188 -0.218170166015625 -0.06573486328125 -0.0547676086425781
0.095794677734375 -0.217193603515625 0.0403671264648438 -0.093597412109375
-0.0586395263671875 -0.248031616210938 -0.00660705566406249 -0.170700073242188
-0.153778076171875 -0.123092651367187 -0.0984115600585938 -0.135261535644531
-0.175704956054688 -0.00563049316406247 -0.126091003417969 -0.0483169555664062
-0.109092712402344 0.0992660522460938 -0.0819854736328125 0.042633056640625
-0.0395050048828125 0.141571044921875 -0.0169944763183594 0.0545806884765625
-0.045501708984375 0.148117065429687 0.00699043273925781 0.0115280151367188
-0.0173797607421875 0.158599853515625 0.0305080413818359 -0.00996208190917968
-0.0592041015625 0.131904602050781 0.0641746520996094 -0.0140838623046875
-0.131706237792969 0.0935211181640625 0.0782470703125 0.00688934326171876
-0.180679321289063 0.00117492675781248 0.0766677856445312 0.0788116455078125
-0.133270263671875 -0.179534912109375 0.0257034301757812 0.120391845703125
-0.0210113525390625 -0.229263305664062 -0.046356201171875 0.11083984375
0.114883422851562 -0.251968383789063 -0.0162200927734375 0.0252933502197265
0.1795654296875 -0.175369262695313 0.000579833984375001 -0.12579345703125
0.131820678710938 -0.19732666015625 0.0769119262695313 -0.140106201171875
-0.0200653076171875 -0.2550048828125 0.0283050537109375 -0.174468994140625
-0.137542724609375 -0.143295288085937 -0.0509796142578125 -0.146240234375
-0.17578125 -0.021575927734375 -0.0811920166015625 -0.0760879516601563
-0.116371154785156 0.09515380859375 -0.0506477355957031 -0.0048065185546875
-0.0428848266601562 0.139503479003906 -0.00858736038208008 -0.00384092330932616
-0.045196533203125 0.147720336914062 0.00819778442382812 -0.0410308837890625
-0.0166168212890625 0.160736083984375 0.0310592651367188 -0.0632438659667969
-0.055450439453125 0.134597778320313 0.0747451782226563 -0.061981201171875
-0.129043579101563 0.0971603393554687 0.0904159545898437 -0.0281219482421875
-0.17462158203125 0.00114440917968752 0.093292236328125 0.0498428344726563
-0.119186401367188 -0.176361083984375 0.0413131713867188 0.09967041015625
0.000625610351562479 -0.212997436523438 -0.0408172607421875 0.0686149597167969
0.128997802734375 -0.21649169921875 0.02490234375 -0.039764404296875
0.159194946289062 -0.1004638671875 0.0647430419921875 -0.179092407226563
0.1339111328125 -0.136459350585938 0.108596801757812 -0.174591064453125
0.015594482421875 -0.205764770507812 0.0576934814453125 -0.165542602539063
-0.095306396484375 -0.126670837402344 -0.008758544921875 -0.144485473632813
-0.140609741210938 -0.028564453125 -0.038604736328125 -0.0911483764648438
-0.100265502929688 0.076446533203125 -0.0194053649902344 -0.045654296875
-0.03753662109375 0.1162109375 -0.00178146362304687 -0.0570259094238281
-0.0382537841796875 0.125076293945313 0.00787353515625 -0.087493896484375
-0.0156707763671875 0.139984130859375 0.0299148559570313 -0.11199951171875
-0.049102783203125 0.118141174316406 0.0833053588867188 -0.104248046875
-0.115203857421875 0.0835647583007812 0.103431701660156 -0.0558242797851562
-0.149383544921875 -0.00575256347656251 0.106048583984375 0.0278091430664063
-0.0871429443359375 -0.161392211914063 0.0515594482421875 0.0845489501953125
0.0298309326171875 -0.177459716796875 -0.0345687866210938 0.0301265716552734
0.133010864257813 -0.151824951171875 0.0669937133789063 -0.0916976928710938
0.109199523925781 -0.0111312866210938 0.109161376953125 -0.207839965820313
0.106483459472656 -0.0542831420898438 0.1258544921875 -0.194305419921875
0.0374755859375 -0.118576049804688 0.0716705322265625 -0.152450561523438
-0.0428314208984375 -0.0819549560546875 0.0177536010742187 -0.13818359375
-0.0822677612304688 -0.0246429443359375 -0.009002685546875 -0.0969619750976563
-0.0653800964355469 0.0466766357421875 -0.000198364257812511 -0.0744171142578125
-0.025665283203125 0.0745697021484375 -0.0001068115234375 -0.0965576171875
-0.0259323120117187 0.083587646484375 0.005615234375 -0.1214599609375
-0.01385498046875 0.099151611328125 0.028289794921875 -0.1495361328125
-0.0377197265625 0.0848312377929688 0.092010498046875 -0.135299682617188
-0.0880126953125 0.0579147338867188 0.118003845214844 -0.0729904174804688
-0.108757019042969 -0.01434326171875 0.118949890136719 0.0151290893554687
-0.0454864501953125 -0.128654479980469 0.0584030151367188 0.0776596069335937
0.056365966796875 -0.121353149414063 -0.0231647491455078 0.0030536651611328
0.119392395019531 -0.0665130615234375 0.108421325683594 -0.120857238769531
-0.0678787231445312 -0.02789306640625 -0.116531372070312 0.148391723632813
-0.0460853576660156 0.0476493835449219 0.0127506256103516 0.0241832733154297
0.0121192932128906 0.0570831298828125 -0.0541000366210938 -0.0843048095703125
0.0502395629882813 0.0188980102539063 -0.146896362304688 -0.03607177734375
0.0456695556640625 -0.0221214294433594 -0.146804809570312 0.059326171875
0.0134696960449219 -0.04449462890625 -0.103591918945312 0.146987915039063
0.00218582153320313 -0.0292644500732422 -0.023223876953125 0.172088623046875
0.00766181945800781 -0.0248394012451172 -0.00244140624999999 0.142623901367188
0.0115089416503906 -0.0234756469726563 0.00711822509765625 0.1171875
0.0160970687866211 -0.00784587860107422 -0.00471496582031251 0.102180480957031
0.0128402709960938 0.015045166015625 0.00210571289062501 0.105484008789063
-0.01495361328125 0.0392990112304688 -0.0185394287109375 0.136833190917969
-0.0548820495605469 0.00777435302734376 -0.0881195068359375 0.155227661132813
-0.0683135986328125 -0.0411529541015625 -0.118453979492188 0.201889038085938
-0.0613327026367187 -0.0774154663085938 -0.1353759765625 0.21734619140625
-0.016265869140625 -0.115196228027344 -0.136985778808594 0.131271362304688
-0.0360488891601562 -0.0354843139648438 0.00372314453125 0.0215034484863281
-0.0334796905517578 -0.0123729705810547 -0.0575332641601563 -0.0996551513671875
-0.013031005859375 0.00114727020263672 -0.154022216796875 -0.053070068359375
-0.0121011734008789 0.000603675842285156 -0.161376953125 0.048065185546875
-0.0120515823364258 0.00532341003417969 -0.111557006835937 0.14404296875
-0.00412368774414062 0.0267810821533203 -0.0240936279296875 0.1705322265625
-0.00812721252441406 0.0331039428710938 -0.0009918212890625 0.134521484375
-0.00266647338867188 0.0347194671630859 0.0124130249023438 0.11236572265625
-0.0199928283691406 0.0311145782470703 0.0080718994140625 0.09564208984375
-0.0450668334960938 0.0241546630859375 0.0158157348632812 0.0974349975585938
-0.07366943359375 0.00385284423828124 -0.00247192382812501 0.138191223144531
-0.068511962890625 -0.075836181640625 -0.0648193359375 0.156173706054688
-0.0396041870117187 -0.121177673339844 -0.09954833984375 0.19720458984375
0.0030670166015625 -0.159835815429688 -0.124588012695313 0.19659423828125
0.048370361328125 -0.185256958007812 -0.138320922851563 0.087432861328125
-0.00487518310546875 -0.120460510253906 0.00313019752502441 -0.00226497650146485
-0.0681686401367188 -0.0984115600585937 -0.0517578125 -0.122932434082031
-0.07952880859375 -0.0320587158203125 -0.152420043945313 -0.0794677734375
-0.07794189453125 0.01361083984375 -0.166946411132813 0.022796630859375
-0.0457115173339844 0.0510940551757812 -0.112823486328125 0.123741149902344
-0.0141067504882812 0.080169677734375 -0.0240631103515625 0.148300170898438
-0.023651123046875 0.086700439453125 0.000915527343750005 0.107200622558594
-0.0113983154296875 0.0894393920898438 0.0198135375976562 0.0848007202148438
-0.0439910888671875 0.0726318359375 0.0292587280273438 0.0719680786132813
-0.0905075073242188 0.0466766357421875 0.0387649536132812 0.0768814086914062
-0.12762451171875 -0.00883483886718752 0.0266265869140625 0.129280090332031
-0.0965957641601563 -0.135665893554688 -0.03125 0.152999877929688
-0.0309906005859375 -0.182891845703125 -0.075714111328125 0.181076049804687
0.053466796875 -0.222335815429688 -0.0949859619140625 0.153533935546875
0.11297607421875 -0.22186279296875 -0.112327575683594 0.0220260620117187
0.0428619384765625 -0.188140869140625 0.0157852172851563 -0.0430488586425781
-0.07958984375 -0.185073852539063 -0.0353546142578125 -0.148513793945313
-0.13262939453125 -0.07781982421875 -0.134231567382813 -0.109115600585937
-0.13861083984375 0.01129150390625 -0.1563720703125 -0.01141357421875
-0.0809326171875 0.0843124389648438 -0.103317260742188 0.0883331298828125
-0.0271530151367187 0.120513916015625 -0.0214462280273437 0.107330322265625
-0.0353851318359375 0.127777099609375 0.00440216064453126 0.0636100769042969
-0.01507568359375 0.132652282714844 0.0266304016113281 0.0416984558105469
-0.0551910400390625 0.108795166015625 0.0490531921386719 0.0326576232910156
-0.118492126464844 0.0740814208984375 0.0617904663085937 0.0448799133300781
-0.164581298828125 -0.00376892089843752 0.055908203125 0.108329772949219
-0.125320434570313 -0.166900634765625 0.000907897949218748 0.139999389648438
-0.030181884765625 -0.218887329101562 -0.055511474609375 0.150650024414063
0.0870361328125 -0.2552490234375 -0.0569229125976562 0.0937881469726563
0.160354614257813 -0.2176513671875 -0.0622787475585937 -0.0529556274414063
0.0939483642578125 -0.216949462890625 0.0425567626953125 -0.09259033203125
-0.06280517578125 -0.244964599609375 -0.00666809082031251 -0.166824340820313
-0.153274536132813 -0.12030029296875 -0.09783935546875 -0.133796691894531
-0.1751708984375 -0.00318908691406249 -0.1251220703125 -0.0477676391601563
-0.107215881347656 0.0997695922851562 -0.0804672241210938 0.0414581298828125
-0.0369873046875 0.1409912109375 -0.0159568786621094 0.0536880493164063
-0.0427398681640625 0.14947509765625 0.00640869140625 0.0119171142578125
-0.014678955078125 0.157150268554688 0.0297679901123047 -0.0102977752685547
-0.0558853149414062 0.130599975585938 0.0636062622070313 -0.0153656005859375
-0.1292724609375 0.0943145751953125 0.0782852172851562 0.00738525390625001
-0.178848266601563 0.00335693359375001 0.078460693359375 0.07904052734375
-0.136337280273438 -0.176864624023437 0.0258636474609375 0.119880676269531
-0.02325439453125 -0.22760009765625 -0.0448455810546875 0.111160278320312
0.110321044921875 -0.252593994140625 -0.0165367126464844 0.0261173248291015
0.176025390625 -0.174514770507813 0.002227783203125 -0.123291015625
0.128204345703125 -0.1973876953125 0.0772476196289063 -0.138664245605469
-0.0235443115234375 -0.252548217773438 0.0274200439453125 -0.17144775390625
-0.137435913085937 -0.139915466308594 -0.0513458251953125 -0.144561767578125
-0.17559814453125 -0.018768310546875 -0.0812911987304688 -0.0750274658203125
-0.113876342773438 0.0955123901367187 -0.0493888854980469 -0.00627899169921875
-0.0409927368164063 0.138755798339844 -0.00864410400390625 -0.00465440750122069
-0.042938232421875 0.148269653320313 0.0067138671875 -0.0403709411621094
-0.0139617919921875 0.159255981445313 0.0291404724121094 -0.0634613037109375
-0.0531845092773438 0.133529663085938 0.0735321044921875 -0.0631103515625
-0.126121520996094 0.0979461669921875 0.089996337890625 -0.02783203125
-0.172103881835938 0.00408935546875002 0.094268798828125 0.0503692626953125
-0.1219482421875 -0.173721313476563 0.0411148071289062 0.0992050170898437
-0.0023345947265625 -0.212493896484375 -0.0403327941894531 0.069580078125
0.124496459960938 -0.217025756835937 0.0237693786621094 -0.0391960144042969
0.156906127929688 -0.10113525390625 0.0651702880859375 -0.176773071289063
0.130912780761719 -0.137184143066406 0.108261108398437 -0.173095703125
0.012115478515625 -0.203689575195313 0.057098388671875 -0.162918090820313
-0.0949935913085938 -0.124763488769531 -0.00891113281249999 -0.143295288085938
-0.14007568359375 -0.0260772705078125 -0.0382614135742188 -0.0903472900390625
-0.09881591796875 0.0767974853515625 -0.0196456909179688 -0.0473976135253906
-0.0350799560546875 0.114509582519531 -0.00290298461914063 -0.0574722290039063
-0.0366287231445312 0.125381469726563 0.00507354736328124 -0.0869827270507812
-0.013427734375 0.138809204101563 0.02703857421875 -0.111503601074219
-0.0466690063476563 0.116508483886719 0.080780029296875 -0.105064392089844
-0.1114501953125 0.0846099853515625 0.102584838867187 -0.0557785034179687
-0.14752197265625 -0.00299072265624998 0.106590270996094 0.0278167724609375
-0.0902252197265625 -0.157562255859375 0.0506439208984375 0.0840988159179687
0.02685546875 -0.176345825195313 -0.0346851348876953 0.031869888305664
0.129440307617188 -0.152496337890625 0.063934326171875 -0.0901336669921875
0.108100891113281 -0.0113754272460938 0.107955932617188 -0.205535888671875
0.104240417480469 -0.0545501708984375 0.12481689453125 -0.19317626953125
0.034912109375 -0.117645263671875 0.0719451904296875 -0.150970458984375
-0.0423660278320312 -0.0807113647460938 0.0175323486328125 -0.137786865234375
-0.081787109375 -0.0226364135742187 -0.00946807861328126 -0.096343994140625
-0.0647087097167969 0.0472640991210938 -0.000732421875000005 -0.0754013061523438
-0.0230941772460938 0.07427978515625 -0.00209808349609375 -0.0964279174804688
-0.0238494873046875 0.0834884643554688 0.00222015380859374 -0.12060546875
-0.0119705200195313 0.097900390625 0.024932861328125 -0.148605346679688
-0.035858154296875 0.0835113525390625 0.0891036987304688 -0.135177612304688
-0.0852737426757813 0.05792236328125 0.116851806640625 -0.0717697143554688
-0.107276916503906 -0.0123519897460938 0.117973327636719 0.0153274536132813
-0.0479736328125 -0.126686096191406 0.0576553344726563 0.0771484375
0.0535125732421875 -0.120323181152344 -0.0234279632568359 0.00444793701171875
0.116409301757813 -0.0677261352539062 0.10455322265625 -0.119300842285156
-0.0668411254882813 -0.0261497497558594 -0.110748291015625 0.150634765625
-0.0440177917480469 0.049041748046875 0.0150222778320312 0.0235271453857422
0.0128135681152344 0.05633544921875 -0.0558853149414062 -0.0838088989257813
0.0501289367675781 0.0157585144042969 -0.1473388671875 -0.0320281982421875
0.0438346862792969 -0.0238151550292969 -0.145889282226563 0.063507080078125
0.0115242004394531 -0.04327392578125 -0.099212646484375 0.150497436523438
0.0012664794921875 -0.0283279418945313 -0.0166473388671875 0.1727294921875
0.00708389282226562 -0.0234012603759766 0.00402832031250002 0.143096923828125
0.0105724334716797 -0.0226650238037109 0.0116729736328125 0.117813110351562
0.0148611068725586 -0.00839614868164063 -0.00133514404296875 0.103302001953125
0.0124111175537109 0.0151424407958984 0.00479888916015625 0.106193542480469
-0.0135688781738281 0.0388603210449219 -0.0144500732421875 0.136634826660156
-0.0538101196289063 0.00833892822265626 -0.0839385986328125 0.157073974609375
-0.0691871643066406 -0.0393600463867188 -0.113067626953125 0.203170776367188
-0.0627593994140625 -0.0743331909179688 -0.12921142578125 0.219619750976562
-0.017913818359375 -0.1146240234375 -0.131477355957031 0.134422302246094
-0.0364418029785156 -0.0345191955566406 0.00644111633300781 0.0209560394287109
-0.0344429016113281 -0.0108489990234375 -0.0587692260742187 -0.0977783203125
-0.0133943557739258 0.000512123107910157 -0.155258178710938 -0.048797607421875
-0.0127954483032227 0.000695228576660155 -0.16070556640625 0.05157470703125
-0.0124530792236328 0.00621604919433594 -0.107437133789063 0.1474609375
-0.00293731689453125 0.0281352996826172 -0.0177154541015625 0.17138671875
-0.00724411010742188 0.0348033905029297 0.00495910644531249 0.13555908203125
-0.00165939331054688 0.0348415374755859 0.0170974731445313 0.11163330078125
-0.0198612213134766 0.0319404602050781 0.0113525390625 0.0967941284179688
-0.0453987121582031 0.0253486633300781 0.018585205078125 0.0977249145507813
-0.074066162109375 0.0056915283203125 0.00276947021484375 0.138427734375
-0.0701065063476562 -0.0748214721679688 -0.06103515625 0.157745361328125
-0.0425796508789062 -0.1201171875 -0.0933837890625 0.198638916015625
-0.000640869140624983 -0.1597900390625 -0.1190185546875 0.19952392578125
0.044219970703125 -0.1861572265625 -0.132469177246094 0.090667724609375
-0.00780487060546874 -0.121383666992188 0.00583267211914063 -0.00226402282714844
-0.0719070434570312 -0.0962371826171875 -0.0535049438476563 -0.121055603027344
-0.0803680419921875 -0.030426025390625 -0.154098510742188 -0.0754241943359375
-0.0784225463867188 0.01593017578125 -0.167037963867188 0.0267486572265625
-0.0450019836425781 0.0527381896972656 -0.109512329101562 0.127227783203125
-0.0115737915039063 0.0810546875 -0.01849365234375 0.148635864257813
-0.0203857421875 0.0891799926757813 0.00542449951171875 0.107879638671875
-0.00820922851562501 0.0900344848632812 0.0239181518554687 0.0847702026367188
-0.04254150390625 0.0739288330078125 0.0315017700195313 0.0710525512695312
-0.08966064453125 0.049346923828125 0.0415420532226562 0.0759201049804688
-0.128074645996094 -0.00529479980468749 0.031890869140625 0.130096435546875
-0.101425170898438 -0.1334228515625 -0.0279083251953125 0.154251098632813
-0.0352935791015625 -0.181777954101563 -0.0699310302734375 0.182601928710937
0.0472412109375 -0.22418212890625 -0.09088134765625 0.156753540039063
0.107696533203125 -0.224838256835937 -0.109100341796875 0.025390625
0.0379791259765625 -0.190292358398437 0.0179405212402344 -0.0428962707519531
-0.08648681640625 -0.182968139648438 -0.038360595703125 -0.145477294921875
-0.134368896484375 -0.07403564453125 -0.137344360351563 -0.105506896972656
-0.138671875 0.0164108276367187 -0.156829833984375 -0.00845336914062501
-0.0792999267578125 0.0866775512695313 -0.100906372070313 0.0902252197265625
-0.0229339599609375 0.121231079101562 -0.016693115234375 0.1072998046875
-0.0308761596679688 0.130622863769531 0.00634384155273437 0.0639457702636719
-0.0103836059570312 0.133193969726563 0.0284156799316406 0.041229248046875
-0.0521469116210937 0.110031127929688 0.0500068664550781 0.0310173034667969
-0.116401672363281 0.0778121948242188 0.0633468627929687 0.0439300537109375
-0.164642333984375 0.00126647949218753 0.0608749389648437 0.108444213867188
-0.131179809570313 -0.16357421875 0.00442504882812499 0.140792846679688
-0.0361480712890625 -0.218460083007813 -0.0512542724609375 0.153228759765625
0.079498291015625 -0.258743286132813 -0.0545120239257812 0.0957489013671875
0.155059814453125 -0.221359252929688 -0.0605430603027344 -0.0504646301269531
0.087738037109375 -0.220169067382813 0.0430221557617188 -0.0927581787109375
-0.070526123046875 -0.242385864257813 -0.00955200195312499 -0.164642333984375
-0.157012939453125 -0.115966796875 -0.100570678710938 -0.130966186523437
-0.175247192382812 0.00289916992187499 -0.126594543457031 -0.0450363159179688
-0.104171752929688 0.102241516113281 -0.0798110961914062 0.0425338745117188
-0.0323486328125 0.141464233398437 -0.0134124755859375 0.0531349182128906
-0.0371246337890625 0.15240478515625 0.00658130645751953 0.0121908187866211
-0.00877380371093751 0.157546997070313 0.0284786224365234 -0.0109004974365234
-0.052734375 0.131553649902344 0.0629234313964844 -0.0175743103027344
-0.125381469726563 0.0979766845703125 0.0787124633789062 0.00599670410156251
-0.178512573242188 0.00909423828125003 0.0826034545898437 0.0779342651367188
-0.14263916015625 -0.172698974609375 0.0284347534179688 0.119590759277344
-0.02972412109375 -0.22686767578125 -0.0418930053710937 0.113273620605469
0.10186767578125 -0.256805419921875 -0.0161552429199219 0.0273895263671875
0.171875 -0.179107666015625 0.00129699707031252 -0.122421264648438
0.1226806640625 -0.201080322265625 0.0758132934570313 -0.139068603515625
-0.033111572265625 -0.251068115234375 0.0245208740234375 -0.16986083984375
-0.141128540039063 -0.135604858398438 -0.0545654296875 -0.143218994140625
-0.176101684570313 -0.0127105712890625 -0.0826339721679688 -0.0738525390625
-0.111419677734375 0.098602294921875 -0.0494461059570313 -0.00652694702148436
-0.03515625 0.138877868652344 -0.00881767272949219 -0.00539970397949218
-0.0367431640625 0.150909423828125 0.00468826293945312 -0.0404396057128906
-0.00787353515625 0.159423828125 0.0255279541015625 -0.0641593933105469
-0.0486373901367188 0.133323669433594 0.0706024169921875 -0.0663833618164062
-0.121406555175781 0.101486206054688 0.0897293090820312 -0.0294342041015625
-0.171554565429687 0.00991821289062499 0.0965805053710937 0.048919677734375
-0.129318237304687 -0.168899536132813 0.0430755615234375 0.0988998413085938
-0.00848388671875001 -0.212295532226563 -0.0389556884765625 0.0714569091796875
0.117385864257812 -0.22076416015625 0.0217666625976563 -0.0382652282714844
0.15362548828125 -0.104568481445313 0.0622100830078125 -0.177261352539063
0.126068115234375 -0.14068603515625 0.104736328125 -0.17462158203125
0.00495910644531248 -0.203445434570312 0.05413818359375 -0.1630859375
-0.09814453125 -0.120704650878906 -0.0117950439453125 -0.143020629882813
-0.140884399414063 -0.0209503173828125 -0.03985595703125 -0.0900192260742187
-0.0955429077148437 0.0797042846679688 -0.0205459594726563 -0.0493354797363281
-0.0305862426757813 0.115303039550781 -0.00529861450195313 -0.0584144592285156
-0.0308990478515625 0.127578735351563 0.001312255859375 -0.0871047973632812
-0.00743865966796874 0.138427734375 0.0212478637695313 -0.112213134765625
-0.0426864624023438 0.116485595703125 0.07659912109375 -0.108627319335937
-0.107452392578125 0.0867233276367188 0.100776672363281 -0.05712890625
-0.147232055664063 0.00192260742187502 0.108169555664063 0.0261611938476563
-0.096466064453125 -0.15484619140625 0.0523681640625 0.0828781127929687
0.020965576171875 -0.177154541015625 -0.0342826843261719 0.0337562561035156
0.123046875 -0.156326293945313 0.0607070922851563 -0.0904541015625
0.107139587402344 -0.013641357421875 0.104034423828125 -0.20745849609375
0.101974487304688 -0.0578536987304688 0.119461059570313 -0.194686889648438
0.0300216674804687 -0.117843627929688 0.06915283203125 -0.152511596679688
-0.04425048828125 -0.0791244506835938 0.0138931274414062 -0.137969970703125
-0.0821304321289063 -0.0196990966796875 -0.0109710693359375 -0.0966415405273438
-0.0618934631347656 0.0495033264160156 -0.00257110595703125 -0.077789306640625
-0.02044677734375 0.0739822387695313 -0.00576019287109374 -0.0970458984375
-0.0200729370117188 0.0848922729492188 -0.00319671630859376 -0.120376586914063
-0.00775146484375 0.098052978515625 0.0185546875 -0.14959716796875
-0.03289794921875 0.0836334228515625 0.0830459594726562 -0.138351440429688
-0.0821304321289063 0.060455322265625 0.114608764648438 -0.074676513671875
-0.10577392578125 -0.00791931152343749 0.118843078613281 0.013031005859375
-0.0529327392578125 -0.124465942382813 0.0594253540039062 0.0761260986328125
0.0488815307617188 -0.122894287109375 -0.0247325897216797 0.00699234008789062
0.11334228515625 -0.0704574584960938 0.100502014160156 -0.120750427246094
-0.0654678344726563 -0.0236473083496094 -0.10107421875 0.152816772460938
-0.0404281616210937 0.0498161315917969 0.0170516967773437 0.02154541015625
0.0156898498535156 0.0548477172851563 -0.058013916015625 -0.0808029174804687
0.0494461059570313 0.0120697021484375 -0.146331787109375 -0.025482177734375
0.0411415100097656 -0.0259666442871094 -0.141891479492188 0.0686798095703125
0.00841903686523438 -0.0419883728027344 -0.091278076171875 0.153488159179687
-0.00016975402832031 -0.0272254943847656 -0.00736999511718751 0.172332763671875
0.00568580627441406 -0.0226860046386719 0.01287841796875 0.141250610351563
0.0086517333984375 -0.0220012664794922 0.0186004638671875 0.115318298339844
0.0129728317260742 -0.00843334197998047 0.00398254394531249 0.103279113769531
0.0118017196655273 0.0140218734741211 0.010101318359375 0.105690002441406
-0.0112762451171875 0.0383834838867188 -0.00788116455078124 0.135726928710938
-0.0519790649414062 0.00946044921875001 -0.076690673828125 0.157440185546875
-0.0700759887695313 -0.0357513427734375 -0.102920532226562 0.203720092773438
-0.0643157958984375 -0.0694351196289063 -0.118667602539062 0.221832275390625
-0.02178955078125 -0.112823486328125 -0.121719360351563 0.137382507324219
-0.0373725891113281 -0.0335655212402344 0.00978851318359375 0.0193691253662109
-0.0347118377685547 -0.00937080383300781 -0.0610504150390625 -0.0944137573242188
-0.0138444900512695 2.2888183593752E-05 -0.154739379882813 -0.0420684814453125
-0.0131874084472656 0.00125694274902344 -0.157485961914062 0.0579071044921875
-0.0128564834594727 0.00751209259033203 -0.0991668701171875 0.151214599609375
-0.00170326232910156 0.0284652709960938 -0.00843811035156249 0.16986083984375
-0.00467681884765625 0.0357398986816406 0.0130233764648437 0.133949279785156
-0.000308990478515624 0.0357170104980469 0.0239791870117188 0.109733581542969
-0.0193920135498047 0.0326366424560547 0.0161895751953125 0.0958175659179688
-0.0451545715332031 0.0270652770996094 0.023101806640625 0.096221923828125
-0.0730361938476562 0.00827789306640625 0.0100555419921875 0.136390686035156
-0.0726699829101562 -0.0721054077148438 -0.0533294677734375 0.158279418945313
-0.046722412109375 -0.116493225097656 -0.0838470458984375 0.199554443359375
-0.00752258300781249 -0.156707763671875 -0.10894775390625 0.201416015625
0.0363311767578125 -0.185989379882813 -0.124382019042969 0.0946731567382812
-0.0136642456054687 -0.119743347167969 0.00839519500732422 -0.00296974182128907
-0.07598876953125 -0.0914535522460938 -0.05706787109375 -0.115982055664062
-0.0806045532226562 -0.0270767211914063 -0.155380249023438 -0.06732177734375
-0.0768280029296875 0.0196685791015625 -0.165283203125 0.0331268310546875
-0.0422744750976563 0.0541648864746094 -0.102508544921875 0.130638122558594
-0.00749969482421875 0.0805740356445313 -0.010498046875 0.146987915039062
-0.0149993896484375 0.0904388427734375 0.0118942260742188 0.106521606445313
-0.00386810302734376 0.0900039672851563 0.028564453125 0.0829849243164063
-0.039093017578125 0.0750656127929688 0.0347213745117188 0.0695343017578125
-0.0872421264648438 0.0525970458984375 0.0453643798828125 0.07464599609375
-0.126785278320313 0.000526428222656259 0.0391693115234375 0.127288818359375
-0.107269287109375 -0.128654479980469 -0.0212249755859375 0.153366088867188
-0.0423736572265625 -0.178985595703125 -0.0610809326171875 0.18292236328125
0.0361175537109375 -0.223373413085938 -0.0829620361328125 0.158248901367188
0.0973052978515625 -0.227325439453125 -0.102935791015625 0.02978515625
0.0284881591796875 -0.191055297851563 0.018524169921875 -0.0432929992675781
-0.0943450927734375 -0.176345825195313 -0.0420379638671875 -0.141265869140625
-0.136512756347656 -0.0675582885742188 -0.139785766601563 -0.0984954833984375
-0.136680603027344 0.0226287841796875 -0.1566162109375 -0.00205993652343751
-0.0743179321289063 0.0892868041992187 -0.0960235595703125 0.0931015014648438
-0.0167312622070313 0.120918273925781 -0.0107803344726562 0.105506896972656
-0.0229568481445313 0.132148742675781 0.0100517272949219 0.0634307861328125
-0.00331878662109375 0.132591247558594 0.030181884765625 0.039886474609375
-0.0464859008789063 0.110855102539062 0.0515861511230469 0.0280914306640625
-0.111869812011719 0.0816268920898438 0.0650138854980469 0.0415191650390625
-0.163284301757813 0.00926208496093751 0.0671844482421875 0.105072021484375
-0.1390380859375 -0.15582275390625 0.010101318359375 0.139457702636719
-0.045318603515625 -0.214218139648438 -0.0440216064453125 0.152862548828125
0.0653839111328125 -0.259323120117188 -0.0492706298828125 0.0974502563476562
0.1444091796875 -0.225662231445312 -0.058990478515625 -0.0472221374511719
0.0766754150390625 -0.221710205078125 0.041656494140625 -0.0928802490234375
-0.08233642578125 -0.23602294921875 -0.014434814453125 -0.160842895507813
-0.160186767578125 -0.108123779296875 -0.105125427246094 -0.124885559082031
-0.1734619140625 0.0122222900390625 -0.127723693847656 -0.0401153564453125
-0.0982589721679687 0.106376647949219 -0.0770187377929688 0.0442886352539063
-0.0253829956054687 0.140396118164063 -0.0105972290039063 0.0512847900390625
-0.02789306640625 0.153717041015625 0.00618743896484375 0.0119647979736328
-0.000732421874999988 0.15582275390625 0.0280513763427734 -0.0114574432373047
-0.0457382202148437 0.131439208984375 0.0608291625976563 -0.0209617614746094
-0.119239807128906 0.101615905761719 0.0787353515625 0.00303649902343751
-0.175918579101563 0.0180816650390625 0.0878982543945312 0.0743408203125
-0.150588989257813 -0.16375732421875 0.0330734252929687 0.117866516113281
-0.0403594970703125 -0.2227783203125 -0.0367202758789062 0.114547729492187
0.0880126953125 -0.258575439453125 -0.0153141021728516 0.0284709930419922
0.162353515625 -0.184524536132813 -0.0011749267578125 -0.12017822265625
0.111480712890625 -0.204803466796875 0.0713729858398438 -0.139945983886719
-0.0457305908203125 -0.245407104492188 0.0185546875 -0.167648315429688
-0.145126342773438 -0.127700805664062 -0.05999755859375 -0.139076232910156
-0.174285888671875 -0.00286865234374999 -0.0850143432617188 -0.0701446533203125
-0.104690551757813 0.102684020996094 -0.04931640625 -0.00649261474609375
-0.0283966064453125 0.137489318847656 -0.00874567031860352 -0.00626754760742187
-0.027313232421875 0.152236938476563 0.00185012817382812 -0.0401763916015625
0.00102233886718752 0.157562255859375 0.021636962890625 -0.0641899108886719
-0.04156494140625 0.133308410644531 0.0658607482910156 -0.0691413879394531
-0.114601135253906 0.105270385742187 0.08831787109375 -0.0322647094726562
-0.168487548828125 0.018218994140625 0.0997467041015625 0.0448989868164063
-0.136749267578125 -0.159896850585938 0.0462646484375 0.0963134765625
-0.018829345703125 -0.208724975585937 -0.0356826782226563 0.0734329223632812
0.104202270507812 -0.22357177734375 0.0190048217773438 -0.0377235412597656
0.147430419921875 -0.110610961914062 0.056396484375 -0.176528930664063
0.1177978515625 -0.145156860351562 0.09832763671875 -0.17572021484375
-0.00592041015625001 -0.2003173828125 0.04754638671875 -0.162322998046875
-0.102333068847656 -0.115028381347656 -0.017791748046875 -0.141067504882813
-0.139862060546875 -0.013031005859375 -0.0432586669921875 -0.0879745483398438
-0.0898056030273437 0.082977294921875 -0.0226402282714844 -0.0496978759765625
-0.0244293212890625 0.114189147949219 -0.00824356079101562 -0.0587120056152344
-0.0231475830078125 0.128021240234375 -0.004425048828125 -0.08538818359375
-2.28881835937562E-05 0.136260986328125 0.0140151977539062 -0.111747741699219
-0.0367050170898438 0.115943908691406 0.0692977905273438 -0.110847473144531
-0.101325988769531 0.089691162109375 0.0976333618164062 -0.060272216796875
-0.143844604492188 0.00924682617187499 0.109092712402344 0.0214462280273438
-0.103378295898437 -0.146728515625 0.0543060302734375 0.0798568725585937
0.0115814208984375 -0.175628662109375 -0.0336532592773438 0.036407470703125
0.113510131835938 -0.15972900390625 0.0554580688476563 -0.09075927734375
0.105140686035156 -0.0183868408203125 0.0955352783203125 -0.207870483398438
0.0969161987304688 -0.0610122680664062 0.111312866210937 -0.196243286132813
0.02301025390625 -0.117378234863281 0.063385009765625 -0.152984619140625
-0.0473098754882813 -0.0764694213867188 0.00787353515624998 -0.136993408203125
-0.0818862915039063 -0.0148162841796875 -0.0154647827148438 -0.0959930419921875
-0.0586204528808594 0.0520515441894531 -0.00626373291015625 -0.0788497924804688
-0.0158462524414063 0.0727081298828125 -0.011260986328125 -0.0962142944335938
-0.0151443481445312 0.084716796875 -0.0105972290039063 -0.117996215820313
-0.00178527832031251 0.0967330932617188 0.00926208496093749 -0.148040771484375
-0.0284805297851563 0.08270263671875 0.0750885009765625 -0.140823364257813
-0.0769271850585938 0.062591552734375 0.110916137695312 -0.0777206420898437
-0.103759765625 -0.00254058837890623 0.118118286132812 0.00850677490234375
-0.058746337890625 -0.118743896484375 0.060882568359375 0.0724029541015625
0.0412445068359375 -0.123123168945313 -0.025634765625 0.00976943969726562
0.107246398925781 -0.0742340087890625 0.0930404663085938 -0.122230529785156
-0.0636520385742188 -0.0207977294921875 -0.090362548828125 0.150650024414063
-0.0362205505371094 0.0497703552246094 0.0187206268310547 0.0195541381835938
0.0175094604492188 0.05206298828125 -0.0583419799804687 -0.07647705078125
0.047576904296875 0.00879669189453125 -0.142364501953125 -0.019317626953125
0.0376472473144531 -0.0265007019042969 -0.135009765625 0.0718231201171875
0.006072998046875 -0.0394554138183594 -0.0816802978515625 0.1529541015625
-0.00111198425292969 -0.0251350402832031 0.00180053710937498 0.166641235351563
0.00467681884765625 -0.0220394134521484 0.020721435546875 0.1357421875
0.00708580017089843 -0.0215473175048828 0.024505615234375 0.11090087890625
0.0110664367675781 -0.00798130035400391 0.00835418701171875 0.101356506347656
0.0112543106079102 0.012965202331543 0.0139236450195313 0.102127075195313
-0.00888061523437501 0.0368385314941406 -0.00173187255859376 0.131172180175781
-0.0498924255371094 0.0102615356445312 -0.068084716796875 0.154251098632813
-0.0685615539550781 -0.0312995910644531 -0.0916595458984375 0.199386596679688
-0.0644073486328125 -0.063507080078125 -0.106048583984375 0.2177734375
-0.0246810913085938 -0.108757019042969 -0.109870910644531 0.136505126953125
-0.0370330810546875 -0.0309944152832031 0.0117301940917969 0.0174713134765625
-0.0337657928466797 -0.0077667236328125 -0.0611495971679688 -0.0894241333007813
-0.0136623382568359 6.67572021484254E-06 -0.151229858398438 -0.03497314453125
-0.0134000778198242 0.00200080871582031 -0.15106201171875 0.06195068359375
-0.0126457214355469 0.00837802886962891 -0.0904541015625 0.150711059570313
-0.000528335571289063 0.0281028747558594 0.000534057617187483 0.164291381835938
-0.00264358520507812 0.0356712341308594 0.020416259765625 0.12896728515625
0.00129318237304688 0.0348720550537109 0.0294342041015625 0.105117797851563
-0.0181827545166016 0.032867431640625 0.0202255249023438 0.092926025390625
-0.0430717468261719 0.0282363891601563 0.0266876220703125 0.0931854248046875
-0.0703964233398437 0.0107421875 0.0162429809570312 0.131309509277344
-0.073760986328125 -0.0675201416015625 -0.0461578369140625 0.154647827148438
-0.0499725341796875 -0.110542297363281 -0.0732421875 0.1951904296875
-0.01336669921875 -0.150527954101563 -0.096923828125 0.1982421875
0.02777099609375 -0.181884765625 -0.113655090332031 0.0960311889648438
-0.0177078247070313 -0.116142272949219 0.0106172561645508 -0.00397205352783204
-0.0777740478515625 -0.0853652954101563 -0.0579833984375 -0.110031127929687
-0.0795211791992188 -0.0234375 -0.15234375 -0.05926513671875
-0.0735397338867188 0.0228729248046875 -0.159332275390625 0.0380859375
-0.0391731262207031 0.05462646484375 -0.0943679809570312 0.13055419921875
-0.0035247802734375 0.0784149169921875 -0.00262451171874999 0.141754150390625
-0.00937652587890626 0.0892333984375 0.0174636840820313 0.102996826171875
0.000831604003906258 0.087646484375 0.032745361328125 0.0789031982421875
-0.0354385375976563 0.0742263793945312 0.0370597839355469 0.0658073425292969
-0.0831069946289063 0.0547409057617188 0.0473175048828125 0.0716552734375
-0.123275756835938 0.00628662109374999 0.044921875 0.121597290039063
-0.110389709472656 -0.120376586914062 -0.0145416259765625 0.149429321289063
-0.048980712890625 -0.1712646484375 -0.05206298828125 0.178878784179688
0.02581787109375 -0.217208862304688 -0.0732421875 0.15625
0.085723876953125 -0.224136352539063 -0.0953750610351563 0.0321044921875
0.0197601318359375 -0.186187744140625 0.0195808410644531 -0.0428314208984375
-0.09979248046875 -0.165771484375 -0.044586181640625 -0.134193420410156
-0.13433837890625 -0.0597152709960938 -0.138580322265625 -0.089111328125
-0.130828857421875 0.0284652709960938 -0.152374267578125 0.00413513183593748
-0.0682220458984375 0.0897750854492188 -0.0894546508789063 0.0933914184570313
-0.0105361938476563 0.117424011230469 -0.00594329833984374 0.101699829101563
-0.0147247314453125 0.130142211914063 0.0133171081542969 0.0615234375
0.00363159179687501 0.128395080566406 0.0319976806640625 0.0378036499023438
-0.0410537719726563 0.108657836914063 0.0511283874511719 0.0251808166503906
-0.104873657226563 0.0839309692382813 0.0655746459960938 0.0384788513183594
-0.157669067382813 0.015899658203125 0.0714797973632812 0.0992965698242188
-0.142242431640625 -0.145065307617187 0.0154647827148437 0.1348876953125
-0.0531005859375 -0.20562744140625 -0.0360260009765625 0.149520874023438
0.0523529052734375 -0.253677368164063 -0.0436935424804688 0.096282958984375
0.130783081054688 -0.225387573242188 -0.0556373596191406 -0.0435409545898438
0.0643463134765625 -0.218658447265625 0.0393218994140625 -0.0914154052734375
-0.09075927734375 -0.224166870117188 -0.0182037353515625 -0.15399169921875
-0.158981323242188 -0.0974578857421875 -0.106063842773438 -0.116188049316406
-0.167282104492188 0.020111083984375 -0.125579833984375 -0.0340347290039063
-0.0904083251953125 0.106986999511719 -0.0734405517578125 0.0448074340820312
-0.0174331665039063 0.136444091796875 -0.00799942016601563 0.0489845275878906
-0.018768310546875 0.150619506835937 0.00710487365722656 0.0117206573486328
0.0071868896484375 0.15087890625 0.0263385772705078 -0.0119552612304687
-0.0388717651367187 0.12823486328125 0.0581169128417969 -0.0230369567871094
-0.110527038574219 0.103523254394531 0.0768280029296875 0.000839233398437506
-0.168792724609375 0.0253753662109375 0.0894317626953125 0.0686416625976563
-0.153564453125 -0.151168823242188 0.0363922119140625 0.113319396972656
-0.0484619140625 -0.2137451171875 -0.031402587890625 0.112533569335937
0.073577880859375 -0.253326416015625 -0.013427734375 0.0287208557128906
0.14990234375 -0.185317993164063 -0.00279235839843748 -0.115791320800781
0.0991363525390625 -0.203048706054687 0.0656890869140625 -0.137962341308594
-0.055755615234375 -0.234817504882812 0.013580322265625 -0.161422729492188
-0.145187377929688 -0.117355346679688 -0.0624542236328125 -0.13165283203125
-0.1685791015625 0.00500488281250003 -0.085357666015625 -0.0651779174804688
-0.0966796875 0.103912353515625 -0.0485763549804688 -0.00563812255859374
-0.021087646484375 0.133735656738281 -0.00889301300048828 -0.00703716278076171
-0.0187225341796875 0.14874267578125 -0.000591278076171874 -0.0382957458496094
0.008697509765625 0.152328491210938 0.0171394348144531 -0.0628128051757812
-0.0345230102539063 0.130035400390625 0.0600013732910156 -0.0699539184570312
-0.105522155761719 0.106094360351562 0.084442138671875 -0.0339584350585937
-0.161544799804688 0.0251007080078125 0.100044250488281 0.0396728515625
-0.140701293945312 -0.148284912109375 0.0480728149414062 0.091644287109375
-0.027557373046875 -0.200927734375 -0.03216552734375 0.0736846923828125
0.090057373046875 -0.220962524414063 0.0169830322265625 -0.0364227294921875
0.138290405273438 -0.113616943359375 0.0493011474609375 -0.172439575195313
0.107070922851563 -0.145645141601563 0.0900115966796875 -0.172470092773437
-0.0157470703125 -0.192123413085938 0.0411224365234375 -0.157913208007813
-0.103607177734375 -0.106842041015625 -0.0224380493164063 -0.134773254394531
-0.13555908203125 -0.00512695312499998 -0.0453567504882813 -0.0843276977539062
-0.0826950073242188 0.0847854614257813 -0.0246162414550781 -0.0489463806152344
-0.0183029174804687 0.109992980957031 -0.01129150390625 -0.0578765869140625
-0.015625 0.125663757324219 -0.00955963134765626 -0.0816421508789062
0.00716400146484375 0.131271362304688 0.00734710693359376 -0.108352661132812
-0.0300674438476562 0.112770080566406 0.0611724853515625 -0.111480712890625
-0.092987060546875 0.0906829833984375 0.0928726196289063 -0.06182861328125
-0.137771606445312 0.0150604248046875 0.1077880859375 0.0169830322265625
-0.107246398925781 -0.136489868164063 0.0552902221679687 0.0755767822265625
0.00286865234374999 -0.169769287109375 -0.0313034057617187 0.0383682250976563
0.101425170898438 -0.159210205078125 0.0492630004882813 -0.0882186889648438
0.101593017578125 -0.02325439453125 0.085662841796875 -0.204116821289063
0.0904388427734375 -0.0626068115234375 0.10101318359375 -0.193191528320313
0.0155487060546875 -0.113548278808594 0.0562744140625 -0.149658203125
-0.0484466552734375 -0.0712661743164063 0.0019378662109375 -0.133064270019531
-0.0795669555664063 -0.00940704345703125 -0.0184783935546875 -0.093017578125
-0.0534248352050781 0.0526046752929687 -0.00971984863281251 -0.0780181884765625
-0.0115966796875 0.0697479248046875 -0.0158615112304687 -0.0934066772460938
-0.00947570800781249 0.0824661254882812 -0.0168533325195313 -0.113090515136719
0.00382232666015626 0.0926361083984375 0.000885009765624994 -0.142333984375
-0.0233306884765625 0.080657958984375 0.0644454956054688 -0.139923095703125
-0.070953369140625 0.063385009765625 0.104705810546875 -0.079254150390625
-0.0992965698242188 0.00177764892578124 0.115699768066406 0.00382232666015625
-0.0626602172851562 -0.111259460449219 0.0614204406738281 0.0682182312011719
0.0337753295898438 -0.119377136230469 -0.0249214172363281 0.0119075775146484
0.100242614746094 -0.076385498046875 0.084625244140625 -0.1197509765625
-0.060638427734375 -0.0189056396484375 -0.083221435546875 0.144668579101563
-0.033355712890625 0.0482330322265625 0.0195198059082031 0.0174102783203125
0.0184593200683594 0.0487823486328125 -0.056640625 -0.0737838745117188
0.0445518493652344 0.00620651245117188 -0.1365966796875 -0.0161056518554688
0.0344772338867188 -0.0265350341796875 -0.128990173339844 0.0717086791992187
0.00410079956054687 -0.0373344421386719 -0.074981689453125 0.149154663085938
-0.00148391723632813 -0.0232887268066406 0.00720214843749999 0.15997314453125
0.00436592102050781 -0.0207576751708984 0.024261474609375 0.129280090332031
0.00588035583496094 -0.0202274322509766 0.0273590087890625 0.105117797851563
0.00941276550292969 -0.00681972503662109 0.0107345581054687 0.0983123779296875
0.0103750228881836 0.0127239227294922 0.0156784057617187 0.0990524291992188
-0.00745582580566406 0.0346107482910156 0.000419616699218748 0.124717712402344
-0.0477104187011719 0.00974273681640624 -0.0631561279296875 0.148284912109375
-0.0662612915039063 -0.028076171875 -0.0841064453125 0.191802978515625
-0.0616722106933594 -0.0589027404785156 -0.09857177734375 0.209365844726563
-0.0255355834960938 -0.10333251953125 -0.100929260253906 0.131851196289062
-0.035919189453125 -0.0291862487792969 0.0137014389038086 0.0153055191040039
-0.0328178405761719 -0.00716781616210938 -0.0595245361328125 -0.0849990844726563
-0.0138835906982422 -0.000749588012695313 -0.145553588867188 -0.0305328369140625
-0.0132589340209961 0.00220012664794922 -0.144363403320313 0.062408447265625
-0.0118856430053711 0.00939464569091797 -0.083099365234375 0.146636962890625
0.000621795654296876 0.0274448394775391 0.0054779052734375 0.157150268554688
-0.00133514404296875 0.0355682373046875 0.0245208740234375 0.123367309570313
0.00170516967773437 0.034027099609375 0.0316162109375 0.0997161865234375
-0.0175895690917969 0.0322036743164063 0.0222015380859375 0.08935546875
-0.0414543151855469 0.0284233093261719 0.0275497436523437 0.0899810791015625
-0.0670394897460938 0.0115089416503906 0.018463134765625 0.125198364257813
-0.0726547241210938 -0.06341552734375 -0.041900634765625 0.148117065429688
-0.0498428344726563 -0.104545593261719 -0.06634521484375 0.187103271484375
-0.0146026611328125 -0.14349365234375 -0.0892486572265625 0.190887451171875
0.0234375 -0.17474365234375 -0.104705810546875 0.0927047729492187
-0.01959228515625 -0.11090087890625 0.0126953125 -0.00494956970214844
-0.0771255493164063 -0.0797576904296875 -0.0560531616210938 -0.104705810546875
-0.0769500732421875 -0.021575927734375 -0.147079467773438 -0.05401611328125
-0.0704193115234375 0.0240097045898438 -0.1529541015625 0.0396728515625
-0.0360679626464844 0.0535736083984375 -0.0878372192382813 0.127182006835938
-0.00122833251953125 0.07550048828125 0.00170135498046874 0.135581970214844
-0.0059051513671875 0.0866165161132813 0.02056884765625 0.0985031127929688
0.00258636474609375 0.0845413208007813 0.0341110229492187 0.0751571655273438
-0.0327529907226563 0.0724945068359375 0.0375480651855469 0.0627555847167969
-0.0788116455078125 0.054779052734375 0.0469436645507812 0.0681991577148438
-0.117683410644531 0.00847625732421877 0.0462188720703125 0.115669250488281
-0.108856201171875 -0.113388061523438 -0.0121002197265625 0.1434326171875
-0.049713134765625 -0.163162231445313 -0.0467071533203125 0.171432495117187
0.020050048828125 -0.20831298828125 -0.067169189453125 0.150039672851562
0.0772705078125 -0.21697998046875 -0.0887298583984375 0.0320281982421875
0.0144500732421875 -0.178787231445313 0.0200958251953125 -0.0423545837402344
-0.10040283203125 -0.157302856445312 -0.0432052612304688 -0.127510070800781
-0.130172729492188 -0.0555038452148437 -0.133865356445313 -0.0827789306640625
-0.1253662109375 0.031097412109375 -0.146743774414063 0.00627136230468753
-0.0630569458007813 0.0877532958984375 -0.0841445922851563 0.0907516479492187
-0.00765228271484375 0.111953735351563 -0.00331115722656249 0.0965499877929687
-0.009765625 0.125968933105469 0.014312744140625 0.0583686828613281
0.00720214843749999 0.122993469238281 0.0320358276367188 0.0356178283691406
-0.0370025634765625 0.104629516601563 0.0489463806152344 0.0231895446777344
-0.0988998413085938 0.083251953125 0.0647773742675781 0.0359230041503906
-0.15118408203125 0.018768310546875 0.0724639892578125 0.093994140625
-0.140869140625 -0.135513305664063 0.0164718627929687 0.129478454589844
-0.0551910400390625 -0.196151733398438 -0.0320281982421875 0.144515991210938
0.0445709228515625 -0.243637084960938 -0.0397720336914062 0.09320068359375
0.120452880859375 -0.219161987304688 -0.0515899658203125 -0.0416488647460938
0.056915283203125 -0.210708618164063 0.03814697265625 -0.0890579223632813
-0.0927276611328125 -0.212554931640625 -0.01910400390625 -0.146163940429688
-0.154693603515625 -0.090606689453125 -0.103279113769531 -0.109062194824219
-0.160079956054688 0.02410888671875 -0.1221923828125 -0.0304336547851563
-0.0841445922851563 0.104148864746094 -0.0697822570800781 0.0437164306640625
-0.01385498046875 0.130615234375 -0.00643539428710937 0.0455436706542969
-0.0120391845703125 0.1455078125 0.0070037841796875 0.0112180709838867
0.0116424560546875 0.144027709960938 0.0254116058349609 -0.0117835998535156
-0.0345458984375 0.123306274414062 0.0547142028808594 -0.0237770080566406
-0.103553771972656 0.101455688476563 0.0751495361328125 -0.000419616699218744
-0.161666870117188 0.0281829833984375 0.0893630981445312 0.0643310546875
-0.15252685546875 -0.140884399414062 0.0363082885742188 0.108551025390625
-0.051239013671875 -0.203201293945313 -0.0276260375976562 0.109107971191406
0.0635528564453125 -0.244400024414062 -0.0126056671142578 0.0279712677001953
0.139984130859375 -0.182479858398437 -0.00201416015625 -0.111419677734375
0.0899810791015625 -0.196685791015625 0.06280517578125 -0.133544921875
-0.05999755859375 -0.222702026367188 0.01171875 -0.154617309570313
-0.142120361328125 -0.109588623046875 -0.0617599487304688 -0.124305725097656
-0.161544799804687 0.00942993164062503 -0.083282470703125 -0.061279296875
-0.0897979736328125 0.101570129394531 -0.0478591918945313 -0.00624465942382811
-0.0168609619140625 0.127639770507813 -0.00947666168212891 -0.00792312622070312
-0.0118865966796875 0.14361572265625 -0.00236892700195313 -0.0366668701171875
0.01336669921875 0.144821166992188 0.0143470764160156 -0.060272216796875
-0.0302276611328125 0.123832702636719 0.0547332763671875 -0.0691604614257812
-0.0981979370117188 0.103134155273437 0.0813827514648438 -0.0338211059570312
-0.15313720703125 0.0281219482421875 0.0983810424804687 0.0362091064453125
-0.139060974121094 -0.137779235839844 0.047576904296875 0.0879364013671875
-0.031646728515625 -0.192031860351563 -0.0301132202148438 0.0723648071289062
0.0814361572265625 -0.213272094726562 0.0152206420898438 -0.0341567993164063
0.131011962890625 -0.112648010253906 0.0466156005859375 -0.165802001953125
0.098846435546875 -0.14154052734375 0.0845184326171875 -0.16644287109375
-0.0213775634765625 -0.183456420898437 0.0390167236328125 -0.151443481445313
-0.101837158203125 -0.100418090820313 -0.0239410400390625 -0.128318786621094
-0.129814147949219 -0.00113677978515626 -0.0449676513671875 -0.0803146362304688
-0.0771942138671875 0.0829010009765625 -0.0252113342285156 -0.0481338500976562
-0.0153732299804688 0.104850769042969 -0.0126762390136719 -0.0558662414550781
-0.0100784301757812 0.12078857421875 -0.0112380981445312 -0.0772018432617187
0.011260986328125 0.124916076660156 0.00413513183593749 -0.103225708007812
-0.0258102416992187 0.107658386230469 0.0550384521484375 -0.10797119140625
-0.0863800048828125 0.0884780883789062 0.088775634765625 -0.0609359741210937
-0.129989624023438 0.0175247192382812 0.10455322265625 0.0143890380859375
-0.106246948242188 -0.127243041992188 0.0533599853515625 0.0722732543945312
-0.001129150390625 -0.1622314453125 -0.0298080444335938 0.0395164489746094
0.09320068359375 -0.154129028320313 0.04541015625 -0.0840988159179688
0.0965728759765625 -0.0250396728515625 0.0807647705078125 -0.19647216796875
0.0843582153320313 -0.0622787475585938 0.0936737060546875 -0.186141967773438
0.0113143920898437 -0.107666015625 0.0522613525390625 -0.144607543945313
-0.0484085083007812 -0.0666656494140625 9.15527343749916E-05 -0.127456665039063
-0.0758056640625 -0.00686645507812499 -0.0199432373046875 -0.0894775390625
-0.0495796203613281 0.0516586303710938 -0.01165771484375 -0.0766220092773438
-0.00899124145507813 0.066131591796875 -0.0189056396484375 -0.0897216796875
-0.00641632080078125 0.0791244506835938 -0.0197677612304687 -0.106735229492188
0.00665283203124999 0.0875473022460938 -0.00457000732421875 -0.135841369628906
-0.0211257934570312 0.0769424438476563 0.0568771362304688 -0.135772705078125
-0.065582275390625 0.0616950988769531 0.09930419921875 -0.0774688720703125
-0.0940933227539063 0.00409698486328123 0.112060546875 0.0024871826171875
-0.0629959106445312 -0.104240417480469 0.0585823059082031 0.06500244140625
0.0290679931640625 -0.114578247070313 -0.0242900848388672 0.0143375396728516
0.09381103515625 -0.0752334594726563 0.0781936645507813 -0.114982604980469
-0.0581207275390625 -0.0185699462890625 -0.0794143676757813 0.13983154296875
-0.0310859680175781 0.0464248657226563 0.0200233459472656 0.0160198211669922
0.0181236267089844 0.0469322204589844 -0.0545806884765625 -0.072296142578125
0.0418777465820313 0.00555038452148438 -0.132232666015625 -0.0159912109375
0.0330085754394531 -0.0258369445800781 -0.126014709472656 0.069610595703125
0.00434303283691406 -0.0350093841552734 -0.07269287109375 0.14532470703125
-0.00107765197753906 -0.0218524932861328 0.00924682617187499 0.154876708984375
0.00401496887207031 -0.0192489624023438 0.0259246826171875 0.12469482421875
0.00493049621582031 -0.0185337066650391 0.0274658203125 0.101730346679688
0.00837945938110352 -0.00561809539794922 0.01171875 0.0964508056640625
0.00917530059814453 0.0126810073852539 0.0158233642578125 0.0968399047851563
-0.00700759887695313 0.0327434539794922 -0.000259399414062514 0.12127685546875
-0.0460433959960938 0.00888442993164063 -0.0623931884765625 0.14276123046875
-0.0640029907226563 -0.02642822265625 -0.0816650390625 0.183929443359375
-0.0583305358886719 -0.0562858581542969 -0.097198486328125 0.201873779296875
-0.0239105224609375 -0.100761413574219 -0.0966796875 0.126266479492188
-0.0342617034912109 -0.0280857086181641 0.0149869918823242 0.0137147903442383
-0.0324592590332031 -0.00691413879394531 -0.0566177368164063 -0.082977294921875
-0.0147914886474609 -0.00136947631835937 -0.140625 -0.030120849609375
-0.0129585266113281 0.00253677368164063 -0.140914916992188 0.0607452392578125
-0.0116615295410156 0.00942039489746094 -0.0812835693359375 0.1424560546875
0.00115966796875 0.0276679992675781 0.00653076171875002 0.152374267578125
-0.000141143798828123 0.0348834991455078 0.0265045166015625 0.118698120117187
0.00158309936523438 0.0339851379394531 0.0327606201171875 0.0963516235351563
-0.0175380706787109 0.0320224761962891 0.0220108032226562 0.08734130859375
-0.0406913757324219 0.0280799865722656 0.0277862548828125 0.0882110595703125
-0.0648651123046875 0.0103569030761719 0.0184783935546875 0.121826171875
-0.0709915161132813 -0.0625686645507812 -0.0414886474609375 0.143341064453125
-0.0477523803710938 -0.101470947265625 -0.064971923828125 0.180618286132813
-0.0139007568359375 -0.138442993164063 -0.0878143310546875 0.183990478515625
0.0224151611328125 -0.170089721679687 -0.0997161865234375 0.0886764526367187
-0.0190963745117188 -0.107940673828125 0.01446533203125 -0.00609874725341798
-0.0750808715820313 -0.0767364501953125 -0.0531997680664062 -0.10205078125
-0.0756149291992187 -0.021270751953125 -0.141952514648438 -0.0525360107421875
-0.06829833984375 0.0235939025878906 -0.149078369140625 0.0386810302734375
-0.0349998474121094 0.0519371032714844 -0.0851211547851562 0.123443603515625
-0.000907897949218749 0.0736083984375 0.0027923583984375 0.130500793457031
-0.00433349609374999 0.0849380493164063 0.021453857421875 0.0948638916015625
0.00350189208984375 0.082611083984375 0.0348129272460938 0.0726776123046875
-0.032135009765625 0.0707015991210937 0.0373802185058594 0.0613784790039063
-0.0770187377929688 0.0538330078125 0.0464324951171875 0.0671653747558594
-0.114639282226563 0.00850677490234374 0.0464096069335937 0.112052917480469
-0.106788635253906 -0.109519958496094 -0.0130538940429688 0.139320373535156
-0.0482330322265625 -0.1580810546875 -0.04498291015625 0.165817260742188
0.0201416015625 -0.2008056640625 -0.0658721923828125 0.145095825195313
0.0746307373046875 -0.211181640625 -0.0834808349609375 0.029693603515625
0.0139312744140625 -0.174148559570313 0.0223770141601562 -0.0425033569335938
-0.0986480712890625 -0.151397705078125 -0.0399169921875 -0.123649597167969
-0.127090454101563 -0.05389404296875 -0.129173278808594 -0.0798416137695313
-0.121345520019531 0.0312042236328125 -0.143112182617187 0.00613403320312503
-0.0612640380859375 0.0847625732421875 -0.0815277099609375 0.088134765625
-0.00633239746093751 0.109054565429688 -0.00191497802734374 0.09295654296875
-0.00730895996093749 0.122909545898437 0.0152053833007813 0.0565719604492188
0.008544921875 0.119186401367187 0.0322151184082031 0.0345191955566406
-0.035797119140625 0.101737976074219 0.0480880737304688 0.022247314453125
-0.0963668823242188 0.0812454223632812 0.0633201599121094 0.0355072021484375
-0.146194458007813 0.01898193359375 0.0718154907226562 0.0907135009765625
-0.137855529785156 -0.131019592285156 0.0152053833007812 0.125946044921875
-0.0532684326171875 -0.189956665039062 -0.0313491821289063 0.140037536621094
0.042938232421875 -0.235977172851563 -0.0392913818359375 0.090179443359375
0.116622924804687 -0.212982177734375 -0.0474281311035156 -0.040740966796875
0.054595947265625 -0.205612182617188 0.0391616821289063 -0.0865402221679688
-0.0919036865234375 -0.204620361328125 -0.0157928466796875 -0.141342163085938
-0.150100708007812 -0.0877838134765625 -0.099029541015625 -0.105384826660156
-0.154861450195313 0.024169921875 -0.118598937988281 -0.0302886962890625
-0.0814132690429688 0.101020812988281 -0.0678901672363281 0.0412101745605469
-0.0127487182617187 0.126922607421875 -0.00698471069335938 0.0430717468261719
-0.00968933105468751 0.141647338867188 0.00682544708251953 0.0110597610473633
0.0129470825195312 0.139152526855469 0.0246906280517578 -0.0116081237792969
-0.03271484375 0.119171142578125 0.0523910522460938 -0.0226020812988281
-0.0999069213867188 0.0989532470703125 0.0732879638671875 -5.34057617187439E-05
-0.156112670898438 0.027496337890625 0.0883102416992187 0.0620880126953125
-0.148773193359375 -0.1353759765625 0.0346298217773437 0.1064453125
-0.05035400390625 -0.197280883789063 -0.0272598266601562 0.106681823730469
0.0614166259765625 -0.236984252929688 -0.0119380950927734 0.0278129577636719
0.135040283203125 -0.177490234375 0.00036621093750001 -0.107803344726563
0.0861663818359375 -0.190338134765625 0.0626907348632813 -0.129165649414063
-0.0601959228515625 -0.214614868164063 0.0135955810546875 -0.148941040039062
-0.138114929199219 -0.105911254882813 -0.0588912963867188 -0.119972229003906
-0.15618896484375 0.0105133056640625 -0.0817794799804688 -0.0597381591796875
-0.0865249633789062 0.0982666015625 -0.0468063354492188 -0.00682067871093749
-0.015960693359375 0.123611450195313 -0.0100412368774414 -0.00914382934570312
-0.00962066650390625 0.13958740234375 -0.00217628479003906 -0.03466796875
0.0149154663085938 0.139701843261719 0.0140457153320312 -0.0577735900878906
-0.0285797119140625 0.119216918945313 0.0519599914550781 -0.0671615600585937
-0.093994140625 0.100479125976562 0.0801849365234375 -0.0323944091796875
-0.148269653320313 0.027374267578125 0.0976638793945312 0.0341567993164063
-0.135917663574219 -0.132057189941406 0.0449676513671875 0.0863113403320313
-0.0311431884765625 -0.185348510742188 -0.0290679931640625 0.0717849731445312
0.0778350830078125 -0.206314086914063 0.0146217346191406 -0.0321578979492188
0.126060485839844 -0.110054016113281 0.047332763671875 -0.16094970703125
0.0947952270507813 -0.136993408203125 0.0838165283203125 -0.160995483398437
-0.0220184326171875 -0.175704956054687 0.0394744873046875 -0.145843505859375
-0.098236083984375 -0.096466064453125 -0.0212554931640625 -0.123939514160156
-0.125389099121094 -0.000373840332031226 -0.0441131591796875 -0.0787124633789063
-0.0740280151367188 0.0799636840820313 -0.0256004333496094 -0.0479011535644531
-0.0138931274414062 0.100967407226563 -0.0139694213867187 -0.0551948547363281
-0.008331298828125 0.116134643554688 -0.0116958618164063 -0.0743026733398437
0.0127182006835938 0.119712829589844 0.00250244140624999 -0.0993194580078125
-0.0248641967773437 0.103340148925781 0.0516510009765625 -0.104690551757813
-0.0827484130859375 0.08514404296875 0.0867919921875 -0.05828857421875
-0.125297546386719 0.01702880859375 0.103172302246094 0.0140304565429688
-0.104293823242188 -0.121780395507812 0.0511016845703125 0.0707168579101562
-0.00198364257812501 -0.15643310546875 -0.0292243957519531 0.0396156311035156
0.09002685546875 -0.149612426757812 0.044097900390625 -0.0801239013671875
0.0925979614257813 -0.0257110595703125 0.07952880859375 -0.190109252929688
0.0804214477539063 -0.0601882934570313 0.092498779296875 -0.179550170898438
0.00896453857421874 -0.103889465332031 0.0522308349609375 -0.139579772949219
-0.0472145080566406 -0.0641365051269531 0.000816345214843748 -0.123062133789062
-0.0731277465820312 -0.00602722167968749 -0.01922607421875 -0.0875167846679688
-0.0471153259277344 0.0503501892089844 -0.0124435424804688 -0.07568359375
-0.00891876220703125 0.0633392333984375 -0.0196151733398438 -0.0876541137695313
-0.0044708251953125 0.0759811401367188 -0.0203933715820312 -0.102493286132813
0.00775146484375 0.0836944580078125 -0.00555419921874998 -0.130752563476563
-0.0196990966796875 0.073974609375 0.053955078125 -0.131523132324219
-0.0628089904785156 0.0592193603515625 0.0970535278320313 -0.0751876831054688
-0.0904769897460938 0.00347900390625 0.108985900878906 0.001953125
-0.0613327026367187 -0.0992202758789063 0.0559463500976562 0.0639266967773438
0.02667236328125 -0.110549926757813 -0.0236701965332031 0.0160083770751953
0.0902175903320313 -0.0727310180664063 0.0757675170898438 -0.110549926757813
-0.0576095581054688 -0.0186309814453125 -0.0789947509765625 0.137313842773438
-0.02996826171875 0.0457382202148438 0.0208110809326172 0.0150108337402344
0.0178604125976562 0.0461349487304688 -0.0529632568359375 -0.0727615356445313
0.0403099060058594 0.00592803955078125 -0.131294250488281 -0.0172271728515625
0.0323848724365234 -0.0254611968994141 -0.125946044921875 0.0686569213867187
0.00390052795410156 -0.0340766906738281 -0.0726776123046875 0.144302368164063
-0.000879287719726564 -0.0209102630615234 0.010498046875 0.153717041015625
0.00398826599121094 -0.0183238983154297 0.0273818969726562 0.123199462890625
0.00494384765625 -0.017216682434082 0.0279006958007812 0.101150512695313
0.00753021240234375 -0.00446081161499023 0.0116195678710938 0.0977096557617188
0.00826835632324219 0.0122184753417969 0.0155410766601563 0.096649169921875
-0.00706291198730469 0.0315971374511719 -0.00141906738281251 0.120285034179688
-0.0454330444335938 0.00811767578124999 -0.0641403198242187 0.140510559082031
-0.0623207092285156 -0.0257072448730469 -0.0825042724609375 0.1805419921875
-0.0568084716796875 -0.0557365417480469 -0.0988616943359375 0.197784423828125
-0.0234909057617187 -0.0999526977539062 -0.095367431640625 0.123313903808594
-0.0327091217041016 -0.0285491943359375 0.0163545608520508 0.0123977661132812
-0.0323257446289063 -0.00727081298828125 -0.0542678833007812 -0.0838470458984375
-0.0150079727172852 -0.00139999389648438 -0.13897705078125 -0.0308685302734375
-0.0134849548339844 0.00254344940185547 -0.140914916992188 0.0595245361328125
-0.0120506286621094 0.00979423522949219 -0.0804443359375 0.141738891601562
0.000984191894531249 0.0280666351318359 0.00769042968750001 0.150405883789063
-0.00025177001953125 0.0357818603515625 0.0271987915039062 0.117362976074219
0.00165557861328125 0.0345191955566406 0.0329055786132812 0.0953216552734375
-0.0189018249511719 0.0331058502197266 0.022491455078125 0.0883865356445313
-0.0417709350585937 0.0282020568847656 0.0277557373046875 0.08892822265625
-0.0643997192382813 0.00902557373046876 0.0175628662109375 0.120689392089844
-0.070587158203125 -0.0621261596679687 -0.04364013671875 0.141250610351563
-0.0457763671875 -0.100090026855469 -0.065765380859375 0.177139282226563
-0.011962890625 -0.136940002441406 -0.0897064208984375 0.1807861328125
0.0237579345703125 -0.16790771484375 -0.0984344482421875 0.0856246948242187
-0.017913818359375 -0.106948852539062 0.0160121917724609 -0.00766468048095704
-0.0753936767578125 -0.0766448974609375 -0.0506744384765625 -0.101852416992188
-0.075347900390625 -0.02178955078125 -0.139778137207031 -0.0531005859375
-0.0679550170898438 0.0236663818359375 -0.14910888671875 0.0378875732421875
-0.0351982116699219 0.0512504577636719 -0.0844955444335937 0.122329711914063
-0.00110626220703125 0.0730361938476563 0.00257110595703125 0.129173278808594
-0.00316619873046874 0.0850067138671875 0.0229415893554688 0.0938644409179688
0.00353240966796876 0.08251953125 0.0351104736328125 0.0719223022460938
-0.0328521728515625 0.0703506469726562 0.0366134643554688 0.0619468688964844
-0.0772171020507812 0.0532913208007813 0.0461387634277344 0.067626953125
-0.114166259765625 0.00748443603515623 0.0455780029296875 0.111442565917969
-0.106475830078125 -0.109375 -0.014678955078125 0.13824462890625
-0.0460052490234375 -0.156600952148437 -0.04608154296875 0.163955688476563
0.02117919921875 -0.199325561523438 -0.06719970703125 0.142807006835938
0.07525634765625 -0.208969116210938 -0.0810546875 0.0278701782226563
0.0139312744140625 -0.172760009765625 0.0245018005371094 -0.0429878234863281
-0.0988311767578125 -0.149993896484375 -0.0368499755859375 -0.123359680175781
-0.125762939453125 -0.0540618896484375 -0.126861572265625 -0.0805206298828125
-0.120635986328125 0.0311355590820312 -0.143280029296875 0.00572204589843752
-0.0613250732421875 0.0833969116210938 -0.08221435546875 0.08660888671875
-0.00653076171875 0.108001708984375 -0.0023651123046875 0.091217041015625
-0.00606536865234375 0.122184753417969 0.0159034729003906 0.0563087463378906
0.00849151611328125 0.118499755859375 0.0324821472167969 0.0341320037841797
-0.0363235473632812 0.100532531738281 0.0472145080566406 0.0224647521972656
-0.0957717895507812 0.0803909301757813 0.063079833984375 0.0364532470703125
-0.145721435546875 0.0178375244140625 0.0720138549804687 0.0902099609375
-0.137199401855469 -0.130172729492187 0.0134124755859375 0.1259765625
-0.051910400390625 -0.188919067382813 -0.0323562622070313 0.138778686523438
0.0439605712890625 -0.233627319335938 -0.0401458740234375 0.0891036987304687
0.117050170898438 -0.210647583007813 -0.044769287109375 -0.0415458679199219
0.0541839599609375 -0.202728271484375 0.0416488647460938 -0.086212158203125
-0.0915679931640625 -0.202239990234375 -0.0122222900390625 -0.140083312988281
-0.1488037109375 -0.087860107421875 -0.0960006713867188 -0.105033874511719
-0.153472900390625 0.0241241455078125 -0.118675231933594 -0.0307083129882813
-0.0808639526367188 0.09954833984375 -0.0678176879882813 0.03973388671875
-0.013336181640625 0.125228881835938 -0.00750350952148438 0.0415077209472656
-0.00843811035156249 0.141128540039063 0.00704479217529297 0.0111875534057617
0.0137557983398438 0.137969970703125 0.0250053405761719 -0.0116386413574219
-0.0330429077148437 0.117454528808594 0.0516777038574219 -0.0227394104003906
-0.099395751953125 0.0976715087890625 0.07421875 0.00148773193359376
-0.155227661132813 0.026947021484375 0.08905029296875 0.0620193481445313
-0.148345947265625 -0.13409423828125 0.032623291015625 0.106254577636719
-0.048919677734375 -0.196060180664063 -0.0280838012695313 0.106414794921875
0.062286376953125 -0.23468017578125 -0.0126914978027344 0.0277919769287109
0.135025024414063 -0.175430297851563 0.00331878662109377 -0.1077880859375
0.0864715576171875 -0.187789916992187 0.0654296875 -0.127998352050781
-0.0596466064453125 -0.2117919921875 0.016357421875 -0.147109985351563
-0.135841369628906 -0.105972290039063 -0.055755615234375 -0.11932373046875
-0.154754638671875 0.01043701171875 -0.080780029296875 -0.0601348876953125
-0.0863876342773438 0.0972213745117188 -0.0471038818359375 -0.00846481323242187
-0.0161209106445312 0.121658325195312 -0.0109691619873047 -0.0099353790283203
-0.00852203369140626 0.138053894042969 -0.00231742858886719 -0.0342559814453125
0.0153579711914063 0.137466430664063 0.014434814453125 -0.0574073791503906
-0.0283126831054687 0.11810302734375 0.0513343811035156 -0.0665397644042969
-0.0934600830078125 0.0986480712890625 0.080596923828125 -0.0313796997070312
-0.1463623046875 0.0264434814453125 0.0975875854492187 0.0350799560546875
-0.134407043457031 -0.130500793457031 0.0436477661132812 0.0869064331054688
-0.0301361083984375 -0.183792114257813 -0.02947998046875 0.0722732543945312
0.077545166015625 -0.204177856445312 0.0149345397949219 -0.031545639038086
0.125038146972656 -0.1087646484375 0.0499725341796875 -0.158767700195313
0.0939712524414063 -0.134201049804688 0.085479736328125 -0.158737182617188
-0.0224609375 -0.17315673828125 0.04150390625 -0.143539428710938
-0.0967559814453125 -0.09619140625 -0.0188446044921875 -0.122909545898438
-0.123802185058594 -9.91821289062424E-05 -0.0432662963867188 -0.0787124633789063
-0.0734481811523438 0.0790557861328125 -0.0256690979003906 -0.0496139526367187
-0.0148696899414063 0.099395751953125 -0.01495361328125 -0.0556907653808594
-0.00725555419921876 0.11505126953125 -0.0123977661132813 -0.073822021484375
0.0130081176757813 0.117874145507813 0.00241851806640624 -0.0979461669921875
-0.024627685546875 0.101905822753906 0.0505752563476563 -0.1031494140625
-0.08160400390625 0.0836639404296875 0.0873794555664063 -0.0580215454101562
-0.123390197753906 0.01678466796875 0.103118896484375 0.0146331787109375
-0.103279113769531 -0.119895935058594 0.0496749877929687 0.071746826171875
-0.00195312500000001 -0.15472412109375 -0.0291290283203125 0.0409736633300781
0.0894317626953125 -0.147476196289062 0.0445175170898438 -0.0789260864257813
0.0918807983398438 -0.0258102416992188 0.0822906494140625 -0.187652587890625
0.0794754028320313 -0.0587539672851562 0.093719482421875 -0.176284790039063
0.00875854492187501 -0.100852966308594 0.053985595703125 -0.137779235839844
-0.0459365844726562 -0.0634880065917969 0.00308990478515626 -0.122161865234375
-0.072113037109375 -0.00543975830078125 -0.0180740356445313 -0.0881118774414063
-0.0461578369140625 0.0496559143066406 -0.0135116577148438 -0.0762863159179688
-0.00911331176757812 0.0619125366210938 -0.0211181640625 -0.0877761840820313
-0.00397491455078124 0.0749893188476563 -0.0209426879882813 -0.101142883300781
0.00833892822265625 0.082275390625 -0.00618743896484374 -0.128875732421875
-0.0197830200195313 0.0726852416992188 0.0531158447265625 -0.129547119140625
-0.0615921020507813 0.0583572387695313 0.0975494384765625 -0.074432373046875
-0.0887832641601563 0.00314331054687502 0.108634948730469 0.0031890869140625
-0.0604629516601563 -0.0974578857421875 0.0546760559082031 0.0648117065429688
0.0265121459960937 -0.109336853027344 -0.0234565734863281 0.0170269012451172
0.0898284912109375 -0.0716476440429688 0.0764541625976563 -0.108055114746094
-0.0579719543457031 -0.0184211730957031 -0.078369140625 0.138710021972656
-0.0296707153320313 0.0458412170410156 0.0216865539550781 0.01483154296875
0.0185317993164062 0.0460968017578125 -0.0539627075195313 -0.0739974975585937
0.0402374267578125 0.0055999755859375 -0.132583618164063 -0.0166473388671875
0.0319652557373047 -0.0265674591064453 -0.127799987792969 0.0706863403320313
0.00367546081542969 -0.0334453582763672 -0.0720977783203125 0.147933959960937
-0.0012969970703125 -0.0199604034423828 0.0133056640625 0.154296875
0.00407600402832031 -0.0179595947265625 0.0304489135742187 0.123428344726562
0.00459766387939453 -0.0162181854248047 0.0292739868164063 0.101890563964844
0.00693607330322266 -0.00318765640258789 0.0136337280273437 0.100189208984375
0.00793266296386719 0.013148307800293 0.0172805786132812 0.0988006591796875
-0.00703239440917969 0.0308265686035156 -0.001251220703125 0.122200012207031
-0.0460472106933594 0.00800704956054687 -0.0656585693359375 0.141586303710937
-0.0620002746582031 -0.02496337890625 -0.0827484130859375 0.180648803710937
-0.0565681457519531 -0.0554351806640625 -0.10125732421875 0.198959350585938
-0.0238494873046875 -0.100631713867188 -0.0948410034179687 0.124740600585938
-0.0335216522216797 -0.029327392578125 0.0175600051879883 0.0111503601074219
-0.0327434539794922 -0.00714111328125001 -0.0551986694335938 -0.0852203369140625
-0.0163908004760742 -0.00146865844726563 -0.140274047851563 -0.0309066772460938
-0.0138759613037109 0.00271797180175781 -0.142837524414063 0.0613250732421875
-0.0128154754638672 0.0105361938476562 -0.0807952880859375 0.144546508789063
0.00149917602539062 0.0288772583007813 0.010467529296875 0.15155029296875
0.00114059448242187 0.0365982055664062 0.0303726196289063 0.117362976074219
0.00214004516601562 0.0361862182617188 0.0346603393554688 0.0966415405273438
-0.0187606811523438 0.0346851348876953 0.0246200561523438 0.0903472900390625
-0.042724609375 0.0292243957519531 0.0293197631835938 0.090362548828125
-0.0654792785644531 0.00908660888671876 0.0189895629882813 0.121963500976563
-0.072174072265625 -0.063232421875 -0.044525146484375 0.142822265625
-0.0460128784179687 -0.100677490234375 -0.0652618408203125 0.178192138671875
-0.0119552612304687 -0.138442993164063 -0.09124755859375 0.18280029296875
0.02252197265625 -0.170150756835937 -0.0970840454101563 0.0861053466796875
-0.0188217163085938 -0.108543395996094 0.0180683135986328 -0.00881195068359376
-0.0772705078125 -0.0762100219726563 -0.0502700805664062 -0.10345458984375
-0.0765838623046875 -0.0220413208007812 -0.141021728515625 -0.053619384765625
-0.0686454772949219 0.024444580078125 -0.151153564453125 0.0392303466796875
-0.03570556640625 0.0527763366699219 -0.0853652954101563 0.124229431152344
-0.000358581542968745 0.0742034912109375 0.004547119140625 0.129547119140625
-0.00173187255859374 0.0868988037109375 0.024871826171875 0.0941696166992187
0.00460052490234375 0.0835723876953125 0.0373687744140625 0.0719757080078125
-0.0331573486328125 0.072021484375 0.0382728576660156 0.0633277893066406
-0.07830810546875 0.0557403564453125 0.0480766296386719 0.0693283081054688
-0.115753173828125 0.00834655761718751 0.0486068725585937 0.111824035644531
-0.108772277832031 -0.109352111816406 -0.014892578125 0.140655517578125
-0.04669189453125 -0.157699584960938 -0.046142578125 0.16522216796875
0.020965576171875 -0.202041625976563 -0.0680694580078125 0.14447021484375
0.0748138427734375 -0.211715698242188 -0.0803604125976563 0.0274505615234375
0.012969970703125 -0.174057006835937 0.02606201171875 -0.0453033447265625
-0.101364135742188 -0.149581909179688 -0.0359649658203125 -0.124588012695313
-0.1279296875 -0.0544662475585937 -0.127334594726563 -0.0811614990234375
-0.12127685546875 0.0325851440429688 -0.146087646484375 0.00675964355468747
-0.0615463256835938 0.085174560546875 -0.0829849243164063 0.087921142578125
-0.0056610107421875 0.109367370605469 -0.0013885498046875 0.09161376953125
-0.00341033935546876 0.123970031738281 0.0179405212402344 0.0562019348144531
0.0106735229492187 0.12017822265625 0.0345573425292969 0.0340347290039063
-0.03607177734375 0.10272216796875 0.0480880737304688 0.023101806640625
-0.0963592529296875 0.0830001831054688 0.0657272338867188 0.0374946594238281
-0.147857666015625 0.0189971923828125 0.0753326416015625 0.0904464721679688
-0.140388488769531 -0.129425048828125 0.012908935546875 0.128433227539063
-0.0533447265625 -0.190139770507812 -0.0321731567382813 0.140419006347656
0.0431060791015625 -0.2371826171875 -0.0403289794921875 0.0899276733398438
0.11676025390625 -0.214675903320313 -0.044281005859375 -0.0423202514648438
0.05352783203125 -0.205902099609375 0.0433425903320313 -0.0887680053710938
-0.095367431640625 -0.2027587890625 -0.011688232421875 -0.141632080078125
-0.1513671875 -0.0880126953125 -0.096923828125 -0.10565185546875
-0.155181884765625 0.0263824462890625 -0.121040344238281 -0.0301513671875
-0.0813980102539062 0.100997924804687 -0.0688934326171875 0.0402565002441406
-0.012359619140625 0.126235961914063 -0.00765609741210938 0.0414314270019531
-0.0052032470703125 0.142562866210938 0.00783634185791016 0.0111112594604492
0.0161514282226562 0.139205932617188 0.0260353088378906 -0.0119056701660156
-0.0323944091796875 0.119094848632813 0.0515937805175781 -0.0225296020507812
-0.0991668701171875 0.0997543334960938 0.0757522583007813 0.00115203857421876
-0.156845092773437 0.02880859375 0.0925979614257812 0.0618896484375
-0.151992797851563 -0.13397216796875 0.0329360961914062 0.108688354492187
-0.05084228515625 -0.1976318359375 -0.027923583984375 0.108367919921875
0.0617218017578125 -0.238601684570313 -0.0125312805175781 0.0285148620605469
0.135147094726563 -0.17999267578125 0.00449371337890627 -0.109275817871094
0.0848541259765625 -0.190444946289063 0.067138671875 -0.13055419921875
-0.0630340576171875 -0.212371826171875 0.0180816650390625 -0.147964477539062
-0.138053894042969 -0.106422424316406 -0.0555648803710938 -0.120246887207031
-0.156509399414063 0.0122833251953125 -0.0836105346679688 -0.0611343383789062
-0.0863265991210938 0.0988998413085938 -0.0485458374023438 -0.00910568237304688
-0.0157241821289062 0.123085021972656 -0.0124034881591797 -0.0108251571655273
-0.00523376464843749 0.140266418457031 -0.002838134765625 -0.0344009399414062
0.017578125 0.138450622558594 0.0138092041015625 -0.0583419799804688
-0.027984619140625 0.119148254394531 0.0504913330078125 -0.0669784545898437
-0.0931549072265625 0.100547790527344 0.0821685791015625 -0.0323333740234375
-0.148025512695312 0.0278167724609375 0.100349426269531 0.0343246459960938
-0.137741088867188 -0.129989624023438 0.0435104370117187 0.0890045166015625
-0.0318450927734375 -0.1851806640625 -0.0301132202148438 0.0747909545898437
0.078277587890625 -0.207733154296875 0.0147018432617188 -0.0311412811279297
0.125144958496094 -0.112533569335937 0.05133056640625 -0.161026000976563
0.0933914184570312 -0.135955810546875 0.08685302734375 -0.160903930664063
-0.0249786376953125 -0.172821044921875 0.0433197021484375 -0.145034790039063
-0.097991943359375 -0.0964584350585937 -0.018646240234375 -0.12420654296875
-0.124778747558594 0.00180053710937502 -0.0451507568359375 -0.0806350708007813
-0.07293701171875 0.08038330078125 -0.0272903442382813 -0.0507888793945313
-0.0136947631835937 0.100318908691406 -0.0170326232910156 -0.0573387145996094
-0.0045928955078125 0.115913391113281 -0.0132980346679687 -0.0737380981445312
0.0153732299804687 0.117820739746094 0.00159454345703124 -0.098663330078125
-0.0246810913085938 0.102455139160156 0.049591064453125 -0.104362487792969
-0.0811080932617187 0.0850830078125 0.0889358520507812 -0.05902099609375
-0.1241455078125 0.0171127319335938 0.10504150390625 0.0135345458984375
-0.1053466796875 -0.119361877441406 0.0493698120117188 0.073974609375
-0.00329589843750001 -0.156036376953125 -0.0296821594238281 0.043304443359375
0.0888671875 -0.14996337890625 0.044891357421875 -0.0784149169921875
0.0915069580078125 -0.0273208618164063 0.08331298828125 -0.189971923828125
0.079010009765625 -0.0582962036132813 0.0950469970703125 -0.177658081054688
0.00749969482421876 -0.10052490234375 0.05584716796875 -0.138885498046875
-0.0462989807128906 -0.063018798828125 0.0035400390625 -0.123542785644531
-0.0724411010742187 -0.0045318603515625 -0.01971435546875 -0.089935302734375
-0.0453033447265625 0.0508880615234375 -0.0154037475585938 -0.0780563354492188
-0.0086517333984375 0.0623435974121094 -0.0229644775390625 -0.0889892578125
-0.0028839111328125 0.0752029418945313 -0.0227508544921875 -0.101463317871094
0.00930786132812501 0.0824356079101563 -0.00872039794921875 -0.129341125488281
-0.0194778442382812 0.07293701171875 0.0511016845703125 -0.130760192871094
-0.0619735717773438 0.0586090087890625 0.098907470703125 -0.0757064819335937
-0.0888900756835938 0.00311279296874999 0.109901428222656 0.00220489501953125
-0.062255859375 -0.097259521484375 0.0551223754882813 0.0666427612304688
0.0252227783203125 -0.110107421875 -0.0239372253417969 0.0194950103759766
0.0902938842773437 -0.0725326538085938 0.0771636962890625 -0.109153747558594
0.0216974280621488 0.0391120080733963 -0.155209942124263 0.00383670833189185
0.0528587355557757 -0.00575922028878375 -0.00543465483205089 0.0178614198192585
0.0345327709469613 -0.0364120071144375 0.0305094634297015 -0.0910355313447917
-0.0109455906303146 -0.0379208342948373 -0.055561692576882 -0.120342872808313
-0.0305609648781027 -0.0125774315657317 -0.134877299104861 -0.0741998925633696
-0.0174039791966081 0.00368014721720726 -0.16202839470186 0.00324533891898685
-0.017426299763755 0.00180171777309344 -0.139119010317087 0.0693477368071416
-0.0186924239908789 -0.000183227834145242 -0.102295478870805 0.089728865772227
-0.0154781024885014 -0.00283048675881161 -0.0830087091939294 0.0717119774694766
-0.00888660541428798 -0.00942754439067218 -0.0801511569364968 0.0611515154793443
0.00500825693382216 -0.0194039171250944 -0.0865692293393832 0.0641300363262681
0.0308858210082958 -0.0182414600337355 -0.116341241897411 0.0533343712934848
0.0454334083873767 0.0168702866088017 -0.150988745851762 0.0176355978851468
0.0224601465362625 0.0510686337608335 -0.18923897012351 0.014360486714803
-0.0122156712811042 0.0601085497398178 -0.207730085642626 0.0427341322852922
-0.0608810601843784 0.0557779377106468 -0.144346084831659 -0.00661785255751478
-0.0058535284817024 0.045210599651866 0.00871328331149896 0.0213101663023281
0.0206327089348527 0.0385537564750525 0.0583457425032185 -0.103669333443297
0.0227585568165732 0.0169267052864047 -0.038262103910865 -0.147336763833842
0.0254202062144542 -8.68730043010225E-05 -0.138124371088119 -0.101445744410176
0.0269380068822462 -0.0105433987152529 -0.167559676378059 -0.0112427579882073
0.0251502901653045 -0.0257501128521516 -0.142879500563758 0.0592493681279926
0.0232293895507093 -0.0329170157093331 -0.101525432286263 0.0846606564092859
0.0303926949142541 -0.0305502573375857 -0.0788275342733041 0.0697364085713236
0.0374368094724761 -0.0118355805141714 -0.0678841711980012 0.0589393277856925
0.0507068633274331 0.0072642728955398 -0.0691909092304764 0.0648150296126184
0.0475216344710109 0.0449355415683019 -0.0967092532519127 0.0686251762077135
0.015538876426213 0.0850709985831277 -0.133944849765384 0.0386145404393761
-0.0453939211564169 0.0838384985570396 -0.177070389897218 0.036794852144482
-0.0988242486522257 0.0667899861288072 -0.193310123318192 0.0495710070509499
-0.141211541168748 0.0585106605138767 -0.10775741092538 -0.0174750718527043
-0.0791520030730811 0.0854688304883165 0.0388214753857019 0.0244960120440433
-0.0107489015432879 0.118109299735002 0.0989930146179443 -0.110622736717545
0.0476635499959513 0.0859200731609899 -0.00433151115319749 -0.172118337128203
0.0826059287657586 0.0263736535155253 -0.123827293100084 -0.130763302804681
0.0738422539573415 -0.0163301049710557 -0.155553204457602 -0.0307622092699992
0.0671628803736944 -0.0467724071754385 -0.128228315763514 0.0395139372184091
0.061588319951747 -0.0612513955253017 -0.0855641621254719 0.0664587145060819
0.0692071263169258 -0.0590594611309134 -0.0590208686604494 0.0584370069950141
0.0759259417571433 -0.0227169427042559 -0.0394329614312591 0.0518698126455046
0.093274028404279 0.0171129557205025 -0.0388841483725718 0.0664283911422472
0.0754700693761964 0.0897043215400129 -0.0664052521573413 0.0868840821938324
0.00878871398420403 0.143116838862829 -0.110366592910044 0.0626820234393361
-0.0895913862815989 0.119037514618438 -0.153954422541066 0.0538140217542507
-0.165877576805586 0.0738798681809487 -0.15386097283843 0.0521969652584781
-0.202999605254147 0.0455527112407335 -0.0466932924563375 -0.0249776792768958
-0.153246078533513 0.104774794303803 0.0824249319242897 0.0286466695702452
-0.0587705207589454 0.183173391909671 0.146326561719749 -0.105756678174782
0.0543454090111375 0.155682294009572 0.0425106811961777 -0.18223756583733
0.127813329221444 0.0628101594211361 -0.0896121017283247 -0.151749214702382
0.114527861691781 -0.0128885999287239 -0.124524645296795 -0.0504567066413692
0.101535297217228 -0.0575418477789063 -0.0969911409535902 0.0146700173293593
0.0907084668329909 -0.081546111192928 -0.0566261675445564 0.0387382964439436
0.0964434483358628 -0.0822259951602098 -0.0278525727933343 0.0370471341821438
0.101056068179022 -0.0374119020225305 -0.00256202058659934 0.0378687191454222
0.124113502105373 0.0131668123476302 -0.00160796894182059 0.0624737191164766
0.103043824587069 0.111143386132445 -0.0300339160583131 0.096708780996491
0.0155116107580499 0.178831959929772 -0.0809873260416947 0.0791664670263535
-0.111206560662108 0.14474236811035 -0.124089575978129 0.0575525723517081
-0.204777403007887 0.0772854248050624 -0.0981371319251431 0.0461570996558395
-0.229795646486507 0.0212950894067655 0.0304350169397453 -0.0269589733612793
-0.204617308474771 0.0952106077008286 0.132030003271481 0.0348240228029276
-0.109010615198239 0.211351726330206 0.186390095146027 -0.0830680430009432
0.038220453770857 0.201599788336322 0.0921000555317788 -0.167259503329821
0.145607194963787 0.0958854132430501 -0.0394144611701086 -0.155134073464113
0.136648072149358 -0.00324973531652542 -0.075562635431234 -0.0636626360998036
0.120731220819241 -0.0577488755491262 -0.0525985445606119 -0.0110916655282673
0.106597452775919 -0.0885390461214718 -0.0187624713848251 0.00575728264928981
0.108956845323924 -0.0944547875342889 0.00959172510785024 0.00817938796077953
0.112838761702999 -0.0478343079267142 0.0364921098401971 0.017043525193952
0.13799686310586 0.00579192017705092 0.0366791417359694 0.0526645286649413
0.116315500609199 0.114683176414904 0.00573820029209113 0.096161746995073
0.0186700389780434 0.189905089788206 -0.0530254932080427 0.0846117766486887
-0.118339797296017 0.148864084781032 -0.0945388029122624 0.046842888142188
-0.215493306935219 0.0665306146489771 -0.0357414284395933 0.031573639307552
-0.215316208728913 -0.00342697859446796 0.109275294287649 -0.0229823288600455
-0.213669986682854 0.0636363488653197 0.175015832419427 0.0403787634940285
-0.138108690308887 0.191418551008997 0.206690475473448 -0.0502227138704502
0.0104128946921123 0.204637421381408 0.12824454547662 -0.131798196539469
0.132788148959149 0.110040441478241 0.0135428374989864 -0.136312948791188
0.134857611487142 0.00672525148374372 -0.0209453241468352 -0.0674904945439761
0.119382749942763 -0.0496637498714392 -0.00353771416145226 -0.0346946068690739
0.105471211999395 -0.08273376596709 0.0199495661157547 -0.0263650078597745
0.106751086858513 -0.0919509231747679 0.0471073303257713 -0.0221006496101995
0.11012284452862 -0.0486916142363277 0.0733369591588997 -0.00424296610487582
0.133189560527984 0.00193628933068311 0.0707533683384789 0.0431191838620453
0.108391622108712 0.108616601939677 0.0339553221856218 0.0918896192791446
0.00981934566602709 0.17840561465028 -0.0322719080951667 0.0839359217512302
-0.119681897170822 0.129168961812953 -0.0689018150796463 0.0287030821519194
-0.199677950522256 0.0425264585230548 0.0243822094930334 0.0151302819025908
-0.160112983887674 -0.0229162819448685 0.17193218255299 -0.0181272609016878
-0.174577754487457 0.0260906514383668 0.203680888974339 0.0381598947702893
-0.129664463237764 0.136556849138553 0.203379336074833 -0.0205955028982328
-0.0118223169466216 0.163556419311618 0.142386535062776 -0.0908191450639158
0.0979715982992552 0.0972929633042658 0.053745310688076 -0.105777505326336
0.109694418327387 0.0116632507790762 0.0274286726561469 -0.0641092114510946
0.0980442505873236 -0.0360955521123248 0.0403322841561596 -0.0523208638940903
0.0888439755962818 -0.065442731472586 0.0549442324075704 -0.0543133284527185
0.0905499542959732 -0.0747042938864514 0.0815089763242213 -0.0491814893155106
0.0956593394739793 -0.0393312160108325 0.105374417636278 -0.0207886737776876
0.112575533025813 0.00464093351939512 0.0989117756926595 0.0391448625638326
0.0841696132550797 0.0962076547433198 0.0532409290713607 0.0898303970326396
-0.00635249919812112 0.149329005447472 -0.0194274143995966 0.0825020574614053
-0.113538706309185 0.0915942564905868 -0.04593618700669 0.01206334575373
-0.161962261065573 0.00802636733136195 0.0779793540504718 0.00405666033729654
-0.0763325468696337 -0.0361248209294079 0.206711449290974 -0.0183330775529545
-0.102918557256819 -0.0088190635956046 0.213233208588066 0.0250090922155594
-0.0887546681519673 0.066630490641082 0.183703475843788 -0.00694660871533795
-0.0215586163385321 0.0957282982086867 0.137824231710488 -0.0610585921044072
0.0524196394001932 0.0644224274355513 0.0759486228383159 -0.0793449709690432
0.0677947376196955 0.0110639656776655 0.0601302818370422 -0.0593901423639637
0.0613643667841387 -0.0195831474161848 0.0713816209644227 -0.0638027950436317
0.0583262177078593 -0.0389269110077 0.0804926285733421 -0.0746236061385999
0.0622823751241925 -0.046906148794217 0.108771626231798 -0.0682495134623622
0.0691328524001951 -0.0231800607109791 0.131464265490637 -0.0279189067038402
0.0795212775006524 0.00877950330277998 0.120093392759886 0.0445907244396604
0.0502206545834015 0.0744263146789002 0.0625518792337484 0.0949670207574153
-0.0229145928174818 0.104928487234273 -0.015079716221039 0.0842382388525088
-0.0954769603466735 0.0442137671193176 -0.0280621750701552 0.00175042024584326
-0.103060194509176 -0.0283420087523929 0.120115831221969 0.00412296090976847
0.0230951794960157 0.0380283259314981 -0.154632953782652 0.0110975194349154
0.0510249036120852 -0.00742527424245144 -0.00294455697962889 0.0187112384624003
0.0326127061801791 -0.0378630207236427 0.0277222331928892 -0.0931374123107445
-0.0124405786531142 -0.0372778834885154 -0.0606978474457554 -0.118436873450282
-0.030752215613897 -0.00963943517748505 -0.138859348276924 -0.0689608496277723
-0.0169465159529373 0.00413510257536756 -0.162836883556946 0.0115909393234076
-0.0171580343577809 0.00201234087097563 -0.13474133884107 0.0771754892699284
-0.0186410500850807 0.000321842848456265 -0.0964085866237361 0.0949645034267267
-0.0151496875929787 -0.00283834433979937 -0.0798860395713467 0.0771100689770136
-0.00840690792841218 -0.00928440535802113 -0.0780726256063925 0.0663051077166357
0.00476682303765701 -0.0193739580781118 -0.0839580824897009 0.0685001287317135
0.030036630623397 -0.0193448535026365 -0.114183791671959 0.0586239257624324
0.0459417792786151 0.0154493825944618 -0.150473574542555 0.0229199519221802
0.0237937370968962 0.0491388854949557 -0.187729148279204 0.0206287950289918
-0.0100745497819742 0.0600449258634301 -0.207600566651945 0.0502616901036279
-0.0586267911779062 0.0587040043368503 -0.143600077486655 -0.000158546603707215
-0.00428864569184081 0.0456716132929472 0.0113229152439262 0.0211980452378983
0.0228354289447564 0.0381913610780205 0.0547893447289398 -0.106620450229696
0.0235593270549167 0.0167288507537411 -0.0440606189852362 -0.146189817037174
0.0259614615189819 -0.000393506732101858 -0.143644554108879 -0.0955229963078287
0.027047539969149 -0.0115080841858667 -0.168622141979107 -0.00299037976011565
0.0240889890753113 -0.0279905056833814 -0.139143994861738 0.0670564925367251
0.0211510319517107 -0.0347279028068062 -0.0955911394861484 0.0902492621242267
0.0292971939164932 -0.0332359414385039 -0.0755663688965885 0.0749629562673112
0.0378456759778952 -0.0140116917076533 -0.0648025609204464 0.063402621907529
0.0519921557421761 0.00512857997460072 -0.0669461395951069 0.0691689999812349
0.0493752244996779 0.0438877813414034 -0.0931734912035297 0.0741254258822223
0.0196476628165698 0.0849081348067449 -0.133082964727688 0.0437869707908658
-0.0426331480474935 0.0852836878350242 -0.174968874707846 0.0432356284768923
-0.096475300594206 0.0708542383759121 -0.19268405377823 0.0568249859572317
-0.138915559288311 0.06458361913671 -0.107118226818621 -0.0124201702639835
-0.0752625662881599 0.08914826605742 0.0414429338558394 0.0225934879774347
-0.00481784202732291 0.119231748457708 0.0959222070848008 -0.115625166398059
0.0522595229408292 0.0843580687364408 -0.0116611718346897 -0.172526619771609
0.0843264834980063 0.0229949598095685 -0.131014747468057 -0.12514663220133
0.0740159478559485 -0.0195808924591702 -0.157671610516434 -0.0233487323575061
0.064889024587571 -0.050307379533005 -0.125826059677376 0.0463338386273549
0.0581037371877109 -0.0652815427554074 -0.0807387240452491 0.0706972634570477
0.0666089115420399 -0.0635277329102098 -0.0562615879348996 0.0618426152489501
0.0753187768694585 -0.0263759797292973 -0.0372842119649681 0.055569218045384
0.094799711086102 0.0124632511117982 -0.0357437646589041 0.0694607149682331
0.0802252413190272 0.0873065192979157 -0.0614310175411281 0.0906287486064685
0.0155635849967661 0.143385457003245 -0.108517067793567 0.0670697947626224
-0.0850091205228916 0.123024790132786 -0.151447486751019 0.0600749068922301
-0.163335354222072 0.0820666685108749 -0.153111682213614 0.0588392327919626
-0.201685529591207 0.0545167033187709 -0.0461502390337607 -0.0221896454470317
-0.14920014677694 0.111585905233016 0.0856333636495871 0.0254690619601379
-0.0492088877492921 0.185887366918984 0.14220271798514 -0.111515929101107
0.0614907911455938 0.154340183322836 0.0355270232063809 -0.183750296345528
0.130916420579 0.0563966325993456 -0.0975654468018475 -0.148001215783293
0.114604955845099 -0.0175596101803293 -0.126927197610623 -0.0450099142628736
0.0986928801542327 -0.0625479371185959 -0.0954834509663106 0.0192299538597642
0.0866046485608494 -0.0871140340559276 -0.0537464807391149 0.0416720300258659
0.0923861050692142 -0.0878715229545454 -0.0254899539688553 0.0386544013405526
0.100108966989631 -0.0417865856109001 -0.00113863877743742 0.0384971366358806
0.125504131780864 0.00696771729887653 0.00200407136499242 0.064344355770836
0.109090566475957 0.10729730819103 -0.0243574581232944 0.0989531827850118
0.0247350410421757 0.178876338462289 -0.0791956097788962 0.083248272442652
-0.104974802010758 0.150225650554929 -0.12230316232173 0.0634959197768641
-0.202509728276247 0.0871767353584311 -0.0968326490787332 0.0504149631577034
-0.230334948923169 0.0327694618619655 0.0311403928305284 -0.0271321115087697
-0.20024795882812 0.104460597171528 0.134827879030703 0.0289200007528467
-0.0976852813557861 0.216333021120936 0.183758333764202 -0.0898807610094312
0.0476974117807518 0.201121058165412 0.0864828550886879 -0.171368474462989
0.150874728709876 0.0887987077811521 -0.0471711539909785 -0.153657983386334
0.137603853154845 -0.00947567346923449 -0.0787779355672588 -0.0607874219575544
0.117786900874361 -0.0639382353113522 -0.0527500620903034 -0.00973327519278847
0.101562896687422 -0.0949152458704391 -0.0177683041443438 0.00686774748843751
0.103443024998271 -0.100982960090434 0.0105379626080284 0.00812196127448626
0.110546796965752 -0.0527737899490057 0.0370772354786972 0.0157850139966104
0.137983318608855 -0.00163870507282663 0.0394376212534289 0.052560331045058
0.121765341929326 0.109369836260817 0.0114120212358957 0.0968990747199235
0.0294338734021895 0.189365614706205 -0.0509277133453468 0.087346028964404
-0.110966036063038 0.154598720474648 -0.0933381036029774 0.0513331342354664
-0.212822176794204 0.0770989928626839 -0.0342662339583597 0.0332718591813316
-0.216139568645294 0.00751177193484331 0.109729134483707 -0.0269483333298242
-0.210113950528502 0.0736581832611625 0.177633503477513 0.0322679981431747
-0.128330131094631 0.197487047665651 0.205077737386324 -0.0577613813785019
0.0188243951006209 0.204689343166742 0.124180078781194 -0.136422056194751
0.138865749955434 0.103704794474542 0.0060561810994943 -0.137200617716061
0.135681116292761 0.000483574644837961 -0.0235456918245595 -0.0679026084914651
0.117514752204269 -0.0554705513846651 -0.00565314019136471 -0.0357541239579289
0.100865220727397 -0.0897411884735059 0.0183403016494202 -0.0273249103683005
0.101812240542557 -0.0983053781492174 0.0462449703207653 -0.0244882973072551
0.10807697916304 -0.0536474477725815 0.0729804767192751 -0.00777636650659995
0.133025046893 -0.00471277063575239 0.0730303495964905 0.040910051109997
0.113726859791037 0.104565751640777 0.0391491412086314 0.0912895577637859
0.0198178894014097 0.178042980161977 -0.0301860719340933 0.0859452786159823
-0.113431075137281 0.13476364719438 -0.0679771256202516 0.0325943486109088
-0.198633703650351 0.0526547188024774 0.0252967475380983 0.0142234497337022
-0.161398370673949 -0.0148523511533914 0.172219804810878 -0.0248236036956265
-0.173735898541154 0.0337945787732038 0.205341855256494 0.0302710949417935
-0.122284909765147 0.141797015301454 0.202615680985465 -0.027982179792178
-0.0046910271254535 0.164470264851063 0.139852110271421 -0.0962403386080844
0.103103872158044 0.0927273848557288 0.0484774264817743 -0.109148551204105
0.110549976447421 0.00581996772760925 0.0248675260462467 -0.0663702529128835
0.0963597763020884 -0.0408923525615781 0.0372965421259289 -0.0557478333404972
0.0852175120625998 -0.0702701209007034 0.0508626932368537 -0.0571219326043359
0.0862464629586955 -0.0793308426916009 0.0789752637894467 -0.0534818960040094
0.0937788488744828 -0.0433369286980899 0.104919386540398 -0.025842927416656
0.112342818544127 -0.000750059484722155 0.101472154139657 0.0351204631610554
0.0883659145910151 0.0924789493206686 0.0577754136220925 0.0884845719953034
0.00138940591124109 0.149416882995986 -0.0178305421447813 0.0838043423258227
-0.108555480797454 0.0969384234086629 -0.0468867048633957 0.0154280988399836
-0.161791614353606 0.0158286062847119 0.0787825246805922 0.000832895194237037
-0.0779645903048768 -0.0318624884454129 0.207088570930755 -0.0248113522878316
-0.102213534213467 -0.00461614577676757 0.212824733031923 0.015906379959015
-0.0850335437627144 0.0701037066030884 0.184110949697012 -0.013269160067364
-0.0174655815476939 0.0964044084394844 0.135625596289259 -0.0664252071240048
0.0554156528422467 0.0613760096653949 0.0722994345208091 -0.0831812451373307
0.0683022098470469 0.00716310275504095 0.0576353968942312 -0.0634513542300898
0.0602160660384974 -0.0220493607208455 0.0674595232802967 -0.0686882014240915
0.0558020448007559 -0.0416561948319407 0.0754140005504142 -0.0784995428914368
0.059273015508883 -0.0496576670674979 0.105382974734128 -0.073972725515442
0.0680503498100017 -0.0264341374368319 0.129617863267884 -0.0345552257599564
0.0792824917461239 0.00520288873374373 0.123149895995626 0.0396140635791673
0.0531745114641296 0.0727351964806138 0.0669950074261344 0.0922801848823284
-0.0174225895810682 0.105148470178168 -0.0127821125582517 0.0860695995586992
-0.0927575234030702 0.0489053900199424 -0.0293022326934808 0.00449543452508498
-0.10462997873393 -0.0234140985743088 0.120128156714051 -0.00166944155614743
0.0242068298291688 0.0359166644333518 -0.15062224027902 0.0177324926969705
0.0489083251613576 -0.00945385106243726 -0.000854086634350731 0.0192155691674209
0.0302873731454655 -0.0383139604038459 0.0239577166958276 -0.0927347911188142
-0.0130899075706035 -0.0357153571589714 -0.0643443521222118 -0.114420271069835
-0.0298355416288007 -0.00751231519372247 -0.139728444492335 -0.0616688284342851
-0.015865985574556 0.00452005472058778 -0.159621501915094 0.0192051306551603
-0.0168538920207889 0.0017900123550404 -0.127184799160215 0.0818984800761871
-0.0179861529165953 0.000896762596378452 -0.0883411211588288 0.0981382122441894
-0.0147560829450035 -0.00287056128630937 -0.0748447948408871 0.0803776221199554
-0.00788214585206609 -0.00993082167711511 -0.0737366465854446 0.0699353324367705
0.00473326370166682 -0.019464022402058 -0.0794803547917786 0.0717445988754408
0.0284239215605065 -0.0191342420024102 -0.10959273683282 0.0620103647731457
0.0461287765208418 0.0132720689963067 -0.147281516378367 0.0271238081065148
0.0246127613161927 0.0465260893867253 -0.182339547300639 0.0254799839134652
-0.00730952283670482 0.0591202112110431 -0.2029873085625 0.05641333021249
-0.0557412107612661 0.0597175619229313 -0.139455225904005 0.00661826307867133
-0.00312166826881939 0.0458515262886045 0.0135134890328767 0.0203999090223865
0.0241290512686366 0.0366963131660014 0.050526637260372 -0.107006203923709
0.0242806150102765 0.0161153603854421 -0.0485437078845491 -0.142679313582335
0.0258774146832412 -0.00056041111759811 -0.14574309197234 -0.0876891061798154
0.026873002313245 -0.0130520655622235 -0.166252765327564 0.00502552431747614
0.0224027253482724 -0.0287514669991791 -0.132009718743075 0.0723677214876157
0.0192841504021235 -0.0358731541585101 -0.0882520148662261 0.0931798703292812
0.0273940191311651 -0.0348490777201221 -0.0703094404666863 0.0781409369507918
0.0371233082155309 -0.0155473798096358 -0.0612880269700284 0.0665807671312416
0.0518821708750672 0.0019371390677133 -0.0624189262949189 0.0719560515652289
0.0508454671782253 0.0417453075227647 -0.0878165265570216 0.0758963911963457
0.0230298488851932 0.082687011895251 -0.129779932463163 0.0473717271974307
-0.0395036165581532 0.0852320825867552 -0.16883377201349 0.0480176752558331
-0.0922719430303457 0.0733404680178653 -0.187919958790208 0.0629759643132638
-0.133578418130054 0.0698034283293219 -0.104310345946238 -0.00752556356323875
-0.0713689369047161 0.0907020786140295 0.043225288282655 0.0206274917874675
0.000972370874996494 0.116790192576727 0.0897103737542792 -0.117322949428503
0.0547128928888633 0.082066234139759 -0.0174527927493501 -0.168939640879999
0.0840208863962296 0.0186246063392169 -0.13508783874307 -0.117423101636706
0.0721814132374292 -0.0230213423262234 -0.156093053195136 -0.0162077152799416
0.0614878710127891 -0.0526424430874709 -0.120438109429357 0.0511843453090005
0.053292636143396 -0.06796753786962 -0.0746674614624976 0.0734804987499155
0.0622895092722725 -0.0665990137290938 -0.0515450537998626 0.0638719878856285
0.0735140327575183 -0.0294665670855038 -0.0340118828990518 0.0572872493499045
0.09455325152418 0.00776985848588422 -0.0323645032474061 0.0717558854726597
0.0831859362210847 0.0824291762994873 -0.0557285165027513 0.0916128305932703
0.0222571944213875 0.140097663653766 -0.105125677371734 0.0696558238897326
-0.0790802229617969 0.123866480556576 -0.145638575652901 0.0646360249808356
-0.157202494854385 0.0873277130302762 -0.148068523153031 0.0634979714951674
-0.195440321438105 0.0629611268234166 -0.0449946737007199 -0.019890362005352
-0.141432809009148 0.115772597524921 0.0860952873214929 0.0212424662076449
-0.0389214319761216 0.185116551776425 0.136794377548224 -0.114738920868713
0.0672595518967483 0.150074489870971 0.0282096220849203 -0.182193602499724
0.131504712028541 0.0489782186109299 -0.103515398540715 -0.141208447449564
0.112123737147064 -0.0224244045513837 -0.126068140209368 -0.0388078702610793
0.0942030262126519 -0.0662053612505717 -0.0923637210841677 0.0232698284094197
0.079698785022144 -0.0905822634772661 -0.0492920771559544 0.0435574537604732
0.0859517189203713 -0.0917762037402932 -0.0227100583235308 0.0392753587887575
0.0971938328600159 -0.0458394807482468 0.000815701352418346 0.0382316113289468
0.12387484694639 0.0008470817716502 0.00466705569851352 0.0646864508601538
0.113183810014568 0.100861681716412 -0.0187291175244004 0.0977120621412305
0.0331687124938038 0.175265277502737 -0.0750942263878156 0.0843255721075848
-0.0969467714034117 0.151451276223171 -0.116824604914986 0.0672724220584125
-0.195399912131598 0.0940035679067874 -0.0930295384208671 0.0533265235963633
-0.224607597437773 0.0429122864735291 0.0306546298110319 -0.0275383528761611
-0.192535080758824 0.11099395508298 0.13427849811855 0.0230366676538618
-0.0849413633762758 0.216196223535593 0.17787690808311 -0.0959420027650558
0.0551808158857253 0.196811207302472 0.0793086424143327 -0.170324377155958
0.152683601733028 0.0797524254163908 -0.0535611665865233 -0.148188049053516
0.135050876930283 -0.0155575847664442 -0.0797916942893576 -0.0569562807218142
0.113008077147446 -0.0679345223706047 -0.0524940362788357 -0.00758754626195131
0.0943641207535347 -0.0990346587141746 -0.0172606311428313 0.00773325605501451
0.0963649315167447 -0.104718274292171 0.010885881992403 0.00723114403466441
0.106278700235949 -0.0570619320970143 0.037453546990344 0.0143721517936465
0.135265513758154 -0.00820889994762249 0.0411454661181408 0.0513277392071854
0.124800911754957 0.10292868723795 0.0160602776678806 0.0953666791534299
0.037530351535277 0.184424721579592 -0.0474707545988334 0.0882688226920934
-0.10255889821678 0.15715215967167 -0.089763722118246 0.0552283922225198
-0.206547010150538 0.085701052622062 -0.0326346274673407 0.0339146062243156
-0.211941280395898 0.0182230264141665 0.10717643536325 -0.0296640594872255
-0.20330686401324 0.0800567013737949 0.175889351142577 0.0249076328816777
-0.11584717091891 0.199225247593734 0.199908209904452 -0.0641281258743252
0.0273654143161588 0.201280736067368 0.117406118844391 -0.137857156633857
0.140889250996023 0.0946205591127008 -7.11794385407552E-05 -0.134639015148706
0.13361906888353 -0.00595654689693622 -0.0262197346069201 -0.0667884777020579
0.112593078699192 -0.0597908347237771 -0.00697959451094792 -0.0357257373361592
0.0935797706621794 -0.0932133584794237 0.0168673807539988 -0.0280629207007704
0.0938622680216969 -0.101485987684974 0.0441426291086797 -0.0263667484303592
0.103489500741673 -0.0568840697389787 0.0713789430700065 -0.0110737740269798
0.130006391404996 -0.0108134971653958 0.0744787664319244 0.0373857329083403
0.116052958940103 0.0971796805787038 0.0426431402033429 0.0875253327774436
0.0277638386924755 0.173759323520054 -0.0274054258423601 0.0862544077256163
-0.105002942831835 0.137235336880332 -0.0663246754380546 0.0357359119875662
-0.193680518783907 0.0604383717556454 0.0256363045943888 0.0129093688486825
-0.159232648954582 -0.00698437235067613 0.168664031246499 -0.029476441146778
-0.16849094926589 0.0391078541179053 0.202419034537844 0.0217255267473386
-0.112831055989362 0.144059223070132 0.198348376271002 -0.034594998523697
0.00199853420771564 0.161863139465851 0.13451457063463 -0.0988836945770383
0.105406890786888 0.0851742251407603 0.0429451951552123 -0.109131869660016
0.108213890261363 0.000444084275374465 0.0218336212768855 -0.0674330102566499
0.0928661971739567 -0.0446204479664459 0.0339433775409285 -0.0572650399965447
0.0796652455365394 -0.0735817419660376 0.0466082136307449 -0.0592139907680416
0.0801319598244163 -0.0822518090488837 0.0740993430431332 -0.0571625503144752
0.090202494229585 -0.0466326507432747 0.101104511769935 -0.0307792826153452
0.109683733813255 -0.00573112900368734 0.102391544790006 0.0308998398340792
0.090841381994907 0.0875417794664088 0.0601050942063576 0.0844080868652867
0.00829602546846136 0.146437855448422 -0.0152283131200564 0.0836471222832073
-0.101621983386011 0.0997321467432922 -0.0460675163551285 0.0178902423547988
-0.158149246988856 0.0231387155870855 0.0772349570839379 -0.00246399357751022
-0.0777340531004117 -0.0265834593635242 0.20269612911539 -0.0320281940945019
-0.100456051245482 -0.000651025493384763 0.20975969071732 0.00826047944153443
-0.0793605083368168 0.0721833604414222 0.179763066537507 -0.0201966235398609
-0.0130474218836783 0.0951096191224891 0.131970229123119 -0.070129489697052
0.057539677829314 0.0569885603600644 0.0679465334926669 -0.0851392048541097
0.0668338274757135 0.00351216606154486 0.0541854333094185 -0.0664512247987456
0.0578551482399786 -0.0243567193465204 0.0624656881644529 -0.0718169735923371
0.0525181170032583 -0.0439757337214375 0.0692253629055415 -0.0804909271342441
0.0549154804183212 -0.0514194873342764 0.0984474548161422 -0.0779225894592346
0.0654685117520991 -0.0288103590915458 0.125358387763711 -0.0398408258377076
0.0773201558986141 0.00167447523522284 0.12347937936686 0.033774761474141
0.0549007479081869 0.0682291019056231 0.0689590653881053 0.0887317368994514
-0.0114050216180996 0.103063871226599 -0.0104727697098642 0.0853309161104412
-0.0878411801104703 0.0510227847488919 -0.0293506162688671 0.00646638653597871
-0.103464785366646 -0.017762338951493 0.118667368264506 -0.00647178091863034
0.0340958338251994 0.0267997282067716 -0.134373476584865 0.0642304083641982
0.0417475194446775 -0.0251326559345631 0.00605766066935622 0.0203303489993171
0.0136334375922917 -0.0458855632450479 -0.00418555643033982 -0.0917996856931658
-0.0244415672726416 -0.0277436638256467 -0.0944296141483029 -0.0878265773875933
-0.0300829846632508 0.00313768715694528 -0.148602056531288 -0.0141162659115194
-0.0145126059985836 0.00868210322737102 -0.141004708411919 0.070668652802165
-0.0160757347811117 0.00775148562112588 -0.0875241402878336 0.117995783653423
-0.0167545323025586 0.0075842883009794 -0.0456421278632774 0.117855661219724
-0.0142200370091189 0.00175777511737495 -0.0418203455569351 0.0983771221646689
-0.00957376824934611 -0.0065714297775342 -0.0452187394347035 0.0891563752215633
-0.00212511038152591 -0.019540412256341 -0.049368420099635 0.0920793113641852
0.0201130775933713 -0.0262508946023018 -0.0814809394439704 0.091264227528447
0.0465317349848311 -0.00169036711176053 -0.128659629421659 0.0696474484207136
0.0379455567913081 0.034954019544362 -0.160112762049173 0.0767196505716934
0.0121184299099194 0.0561244870480629 -0.168404716166247 0.110193140690257
-0.0330414662349149 0.0770431319635056 -0.126181401477206 0.0469229003584644
0.0125942453418208 0.0436879331663452 0.0181236223212297 0.0132268778903437
0.034000737878902 0.0249596238083561 0.0107514738726628 -0.115387403954547
0.028438407517188 0.00633877316198053 -0.0919707416555162 -0.11692661626225
0.0228613195911558 -0.0090691863116692 -0.16370572042353 -0.0336308736068135
0.0184572727335679 -0.0207286246505012 -0.151524891088627 0.0609272476552426
0.0103912185976803 -0.0339547920280647 -0.0953080945311486 0.111974224214706
0.00500812381232935 -0.0381317619828442 -0.0466128426169799 0.114503331111418
0.0131195328254073 -0.0413444099540519 -0.0384749336232073 0.0951654078389201
0.0300470783269627 -0.0268792336956813 -0.0352084890674466 0.083004466220862
0.0484244268613718 -0.0151116735987491 -0.0343864598333253 0.0873148311629726
0.0606299711475695 0.0225639890591408 -0.0577856690128836 0.0960463225825046
0.0474229749755218 0.069107108212341 -0.105522607889931 0.0818697192335407
-0.00850635049865108 0.090592178909675 -0.139439135805011 0.0943715500487566
-0.062444781282815 0.0958165914455917 -0.15082349978359 0.113330004135139
-0.102427142512526 0.112998772982768 -0.0966349841412178 0.0204905958978262
-0.0341956102306744 0.109431050730038 0.0461036689825898 -0.00100071539947732
0.0408628876408258 0.106075265744653 0.0402343749556778 -0.139449927884509
0.079222522636949 0.0559975049636569 -0.0743860348410598 -0.150380900904465
0.0819067043682819 -0.0109289157560767 -0.16449123792956 -0.0626409647508337
0.0571358201898426 -0.0444520701377178 -0.149063709434806 0.0398466360210006
0.0385805324835413 -0.0691294214955691 -0.0931014661106484 0.0900274649301901
0.0255568986560424 -0.0788454321390466 -0.0408944030306041 0.0934186255485056
0.0337516419222933 -0.0814952718087559 -0.0249637489551576 0.0773331811991815
0.0587811965686011 -0.0511681910468057 -0.0135526076191645 0.0660532772625008
0.0889851909083799 -0.0241974046508766 -0.00772420669212357 0.0779189707603858
0.103836949081857 0.0495723560291959 -0.0240154940609867 0.0999226825706631
0.0655098053796893 0.121547910576825 -0.074854155058049 0.0946151558875004
-0.0322818837988368 0.139728392369398 -0.11173910203765 0.103359560609206
-0.119465864916043 0.129528990493446 -0.112346580919135 0.104090988319328
-0.16324809597158 0.127877824689669 -0.0435219232628937 -0.0115611777111267
-0.0910515096917276 0.156045529247803 0.0867829979530319 -0.0179741175788423
0.0280246861512818 0.182128382596302 0.0808014308365075 -0.155993271768176
0.115040047002887 0.113243185448267 -0.0398996815354565 -0.177453075497785
0.135834864523829 0.000270644413800775 -0.1449465076126 -0.0927489958631647
0.0941900329301544 -0.0576072274414377 -0.129731271298644 0.010158189248756
0.0652179100537589 -0.0929627717620553 -0.079065039583982 0.055490572127413
0.0422449950117456 -0.108202843324224 -0.0285622599915362 0.0582631909372699
0.0469004486820364 -0.112001257404203 -0.00614039858819777 0.0453810334747268
0.0745376167506476 -0.0734479100438553 0.0123222195511683 0.0381251800005045
0.11336261275581 -0.0398987307905974 0.0235903476739606 0.0604153807709769
0.137029760497784 0.0566333688784087 0.0113385050900308 0.0942627221973378
0.086924793729744 0.150110585971614 -0.042864431982598 0.0985043311185543
-0.0394731577712605 0.171098310293829 -0.0838874053660458 0.0968535060811045
-0.152715536259608 0.147950191171136 -0.0638810225626781 0.0793054020798969
-0.196231240025178 0.117791344752862 0.0247819145120522 -0.0429811463246965
-0.139572442380415 0.168659463060135 0.133162856438925 -0.0327763095445699
-0.00315900566046652 0.226411204133634 0.124126900945892 -0.154282374970684
0.120424097642268 0.160140677034312 0.00809357215508222 -0.18444132418333
0.165029405218942 0.0207338094570639 -0.103240517277915 -0.114244747381113
0.11762006877452 -0.0587596261110538 -0.0932613069286774 -0.0220099971703696
0.0822475206545235 -0.101057159718046 -0.0530805343292434 0.0134794870533294
0.05260955660565 -0.120230641334346 -0.0109016895521661 0.01548075139151
0.0523628688630202 -0.127171332319969 0.0133003375336977 0.00513698689711782
0.0792233730494434 -0.0863853937692613 0.0375100750141266 0.00397383147850693
0.120351165137114 -0.0516126076902997 0.0533028119977587 0.0366836742817419
0.148802169088204 0.0542074281190801 0.0415832368279529 0.0804670061255271
0.0940311864844873 0.157039104161075 -0.0163789298156301 0.0935379579596281
-0.0425890633451097 0.177379157065382 -0.0621848054162853 0.0790160179037785
-0.166286979116777 0.144183211882653 -0.0137874819111482 0.0442896747431836
-0.192855073583903 0.0894988171237046 0.0955517308453925 -0.0684998452355896
-0.160025472678337 0.14401816325428 0.174209275584705 -0.0431706970476348
-0.036899095708947 0.22132537381194 0.156071473799754 -0.133635004367177
0.0971641750851818 0.173709884194871 0.0552520084356114 -0.168275734428577
0.159839885086941 0.0377300070226424 -0.0492383071879893 -0.120339236959182
0.120059250435855 -0.0499226756091596 -0.0474845678459371 -0.0485642709085663
0.0846734799951227 -0.0940746507669625 -0.0221702269328516 -0.0271761466896213
0.0546878045204369 -0.114755868118219 0.00676430792743743 -0.0283474828621977
0.0511165187886717 -0.122914213730567 0.0323397547376808 -0.0369609003455354
0.0764777923332016 -0.0858195214219663 0.06092365340816 -0.0303067502149517
0.114691617468956 -0.0516798243965644 0.0790961534848527 0.0128946537070804
0.13846107335317 0.0528107558089607 0.0637773808227581 0.0666130208853626
0.0815808267611644 0.14986962279001 0.00187740469816952 0.0856491882769277
-0.0511225181513338 0.159735349670293 -0.0466180115638535 0.0551366542046729
-0.161456578198041 0.117375528357617 0.0322937613150499 0.00757553961132872
-0.15158815157002 0.0479021133595349 0.152670337682377 -0.0856655373566882
-0.141763973684399 0.0937459499701185 0.197961892156261 -0.0513553386950281
-0.0540078551873666 0.169208464534146 0.167064038787023 -0.103829901552332
0.0599222986258375 0.146661597095036 0.0858776325719601 -0.138146325728551
0.124667852693509 0.0415799383207937 -0.000143897944308813 -0.111673503094292
0.0988398330089545 -0.0358095617559988 -0.00374853702896958 -0.0668681964356153
0.0717600944623741 -0.0731655255051174 0.00805107271096051 -0.062559199492624
0.0482430548881685 -0.0929061977914063 0.0228005287936047 -0.067175282782658
0.0447660300163965 -0.10111680812322 0.0493491173390506 -0.0744874623921388
0.0666974623642504 -0.0716035108084667 0.0820477687345892 -0.0580351853485081
0.0974974118231068 -0.0402802625070346 0.102335247794479 -0.00264038830164322
0.111122359771147 0.0510834731449991 0.0800213527496481 0.0580747240453138
0.0546177896485115 0.130776532485736 0.013009209782389 0.0802570944928443
-0.0605151187702027 0.123866356868545 -0.0344764428939882 0.0327465199386504
-0.140836835111921 0.0715731631832098 0.0734171196168718 -0.0218218575909429
-0.0810214761212649 0.000538697386770107 0.181456246939867 -0.0950095310963014
-0.0921522313371358 0.0318600129006711 0.200157083415674 -0.0610343480731652
-0.047644461405455 0.0913461449513205 0.158152174514629 -0.0807939120685483
0.0229233260135969 0.0909240714746337 0.0959359641187134 -0.109855040019914
0.071685006475659 0.0316144200786901 0.0329544274588274 -0.0990899176304962
0.0616885668255572 -0.0192841493107946 0.0266228900424487 -0.0769530268536947
0.0464761248804718 -0.0426039083102153 0.0298852585217502 -0.0866732907370998
0.0338702804768163 -0.0567997343111145 0.0349588236526478 -0.0954560253420526
0.0329060302264665 -0.0641844924883591 0.0640503169759652 -0.102142895358779
0.0505388820938958 -0.0480707574605782 0.100842146572325 -0.0754483025870974
0.0708039966127415 -0.0232625119312241 0.122338938080031 -0.00767773338615775
0.0723874928766365 0.0463305888388255 0.0900203462836305 0.0590852982047149
0.0224458610056267 0.0972247039826657 0.0177175819709397 0.0811615804217494
-0.0630891777532407 0.0752544590077665 -0.0233730091042931 0.0170615062963466
-0.102911144145384 0.0164035000262535 0.107660242909878 -0.038317498073521
0.0336612767162123 0.0258701093477478 -0.130128176364479 0.0638917533163484
0.0403257061592512 -0.02464085094541 0.00736004077647082 0.0194030640549459
0.0121044540552181 -0.044057573643934 -0.00413794255903084 -0.0913869622011275
-0.0239768341521173 -0.0268679190254906 -0.0939656240911746 -0.0852889331621264
-0.0283518040501034 0.00409675771969754 -0.147036151206975 -0.0113734615486648
-0.0143134910227452 0.00844380480668563 -0.1369880386776 0.0725784505008086
-0.016223621533729 0.00763938345357359 -0.0822332564734425 0.116606667012417
-0.0162298341111637 0.0077272424601741 -0.0409886204828123 0.115596801851669
-0.0143688828447721 0.00125114023083641 -0.0387231076894845 0.0986064662750143
-0.00942524909144292 -0.00661371128712955 -0.0419780122973685 0.0900943670392135
-0.00194482399955769 -0.0191518951354228 -0.0466205095367553 0.0915605456075896
0.0199793461489803 -0.0254702762448088 -0.0793826112544514 0.0905941729306314
0.0455125618221307 -0.00208667127387412 -0.126574958303626 0.0686049675429477
0.03756333131613 0.0340777906397079 -0.156687950722186 0.0754045508880987
0.0126970574021617 0.0546975205293195 -0.165551184120365 0.109586040848706
-0.0314511613121225 0.0763007804794197 -0.122309448960732 0.0473349097921262
0.0123728356738403 0.0434640454862294 0.0195163721237371 0.0122229277601498
0.0341368384039524 0.0241521531111509 0.0103579060924693 -0.114096781483091
0.0289290377910055 0.00631563606743595 -0.0914718784146349 -0.114666374353558
0.0228024694566442 -0.00926908466677323 -0.162133857036873 -0.0302263179767313
0.0178239874625438 -0.0210992204020257 -0.148096848941313 0.0634193134241832
0.00956109707294913 -0.03361474862851 -0.0912079745577937 0.111880202547435
0.00369777715483304 -0.0377175626507283 -0.041792178185811 0.112727510360493
0.0114775791941884 -0.0414800487671555 -0.034450662502045 0.0953987806169442
0.0295224576984283 -0.0275016543080588 -0.0323506221342619 0.0830174858495975
0.0475183803481146 -0.0160526365536423 -0.0320241459352706 0.0873790971430325
0.0603668776969298 0.0221940281341539 -0.0554684315744948 0.095338605767531
0.0483989989441343 0.067404684691635 -0.103805017109935 0.0813170612900698
-0.0075697856016949 0.0901795457192431 -0.135608587732184 0.0929989140875623
-0.060672600461214 0.095405950881864 -0.147400915368788 0.113011130158151
-0.0998792903883536 0.113121552215415 -0.0929529865349776 0.0212705357407723
-0.0327230980884955 0.108278198355169 0.0464249151861106 -0.00200319752638396
0.0418908941826515 0.10383617447551 0.0390439914190531 -0.138272298966084
0.0797717872079956 0.0545709763334259 -0.0742534586855062 -0.147912657160584
0.0811258323867573 -0.0122795490115108 -0.162859760148208 -0.0579103044089194
0.0556385803425963 -0.0448871799188028 -0.146011507245424 0.0421690710932186
0.0369923788980966 -0.0692584287603638 -0.0887709552671075 0.089606370873067
0.0230379752752133 -0.0783867030080958 -0.0361684419560761 0.0919098301828024
0.0307087705189503 -0.0813105766633773 -0.0217440979305997 0.076763331928781
0.0571437964641459 -0.051659659895345 -0.01146776416812 0.0659409678744785
0.0873131146146947 -0.0257175382668876 -0.0051727773908003 0.0777820190030304
0.103815819929963 0.0474560523929328 -0.0224098008661846 0.0983290058749764
0.0671237332920533 0.118632995087065 -0.0731120131371924 0.0943760572517507
-0.0298660620227117 0.138248838347393 -0.108070693488834 0.10237112270903
-0.11569712808094 0.129630429397076 -0.109513203371632 0.103283265101454
-0.158340566536586 0.128602593886018 -0.0415275137597068 -0.0105942335124428
-0.0878727282137235 0.155125533173989 0.0859474179673668 -0.0187926487384369
0.0302888747583805 0.178126192676161 0.0787481726392955 -0.154641966169253
0.116047022250487 0.110535751714157 -0.0403756995134676 -0.175075132511676
0.133396362451417 -0.00241840517258015 -0.14423891484873 -0.0880527425166685
0.0914026560092415 -0.0587444709795154 -0.127536979539615 0.0121467790724872
0.06246507839038 -0.0928900903866914 -0.0754688499783709 0.0553472526225037
0.0381739370148049 -0.107240127822304 -0.0253472645596939 0.0574276123978803
0.0421666274519574 -0.111407653310282 -0.00456434654494715 0.0447760069255909
0.0724958078943389 -0.0734418226101258 0.0135614184096988 0.0378408941909085
0.110706978607191 -0.041522632115954 0.0256478080867643 0.0599386441383141
0.13615866778351 0.0530742350634564 0.0129054675563987 0.0925140712976992
0.0884226193774637 0.145864263340557 -0.0416951699282996 0.0979559031069158
-0.0363522391370174 0.169099777857102 -0.0807058525063566 0.0965206543466279
-0.148447931868004 0.149505822620606 -0.0620717104506977 0.0786169830665283
-0.191084043823441 0.119882286436361 0.0258114716258474 -0.041793529306766
-0.135939101572186 0.168198209939653 0.131285303870818 -0.0334559083952641
0.0006986262793999 0.22195798920271 0.121204569157691 -0.152651859976466
0.122121781449264 0.156226821555666 0.00744960181054736 -0.18280682971331
0.162790994481049 0.0169574219093623 -0.103580519853014 -0.110007872797773
0.114897289057 -0.0601817210770808 -0.0923897101406973 -0.0201777325987045
0.0794705226552356 -0.101238344276135 -0.0518506385327823 0.0134302225044932
0.0478569266594753 -0.120011663734717 -0.0104539421340803 0.0152685980638042
0.0469607834819579 -0.126041765952964 0.0136381797999203 0.00509940392810976
0.077012526623271 -0.0862411459171407 0.0375069691509195 0.00348702697334951
0.117141928985596 -0.0527653463969199 0.0540526938576644 0.0353592064877712
0.147487326889907 0.0504370746642251 0.0427843286268826 0.0786403948856325
0.0961085267315225 0.152728467043121 -0.0151886572273656 0.0931492020377144
-0.0392950603803976 0.175856500912426 -0.0597870337318546 0.0789703520506437
-0.161004320295214 0.145882655162428 -0.0132064739671622 0.0431109847733044
-0.187763983258835 0.0919559025211717 0.0950731305934915 -0.0678862932008037
-0.156324054204253 0.143857850913747 0.171298894850542 -0.044111155406842
-0.0323921865596964 0.21680896435098 0.15318980763093 -0.132730313149698
0.0988536129470106 0.169879579637079 0.053445686847352 -0.166694173559657
0.157819030617536 0.0335381446913111 -0.0506964996806775 -0.116919391424521
0.117035866300015 -0.0520151559211956 -0.0472355609341886 -0.0475840527364216
0.0815071586702786 -0.093786498172285 -0.022327732282156 -0.0270302368480614
0.0504614668987824 -0.114557346469119 0.00551196008942849 -0.0282512438975287
0.0466432673300198 -0.122199723425269 0.030834009771889 -0.0369771982444807
0.0733669415800261 -0.0858438641899597 0.0589704089392891 -0.030895945646493
0.111039086499122 -0.0527463005119046 0.0787786917886303 0.0115562702588154
0.13761623768042 0.049208439774914 0.0645281049200734 0.0641737223315986
0.083346858461025 0.145629827193143 0.00221263656700581 0.0853321323071925
-0.0477013795497323 0.158515499370093 -0.0449332995386404 0.0558028330393185
-0.157178182017104 0.119214231436102 0.0319000583611369 0.00719240251387732
-0.14651340032294 0.0501778840048373 0.149971647030183 -0.0850818134957379
-0.138809571356294 0.0936563935063198 0.194613007421768 -0.0515430944476724
-0.0496273006899701 0.166604723826808 0.163810677245011 -0.104198803014856
0.0617058498682673 0.144113265784104 0.0844631556570768 -0.137605352604817
0.123023537036382 0.0375145847470052 -0.00162341089992835 -0.109470745067691
0.0962484357699027 -0.0371322029472457 -0.00484778256647339 -0.066509643271485
0.0696229031638638 -0.0733299501237427 0.00623738354627002 -0.0620043813509259
0.0443812187992853 -0.0924577028934589 0.0204252620891499 -0.0662273546834703
0.0413933781027384 -0.0997221275284876 0.0462010864262537 -0.07426471242915
0.0648819041631178 -0.0721842084222835 0.0792445363577974 -0.0589513354742309
0.0943003567744491 -0.041670135158874 0.101217201625917 -0.00458937182783131
0.110559759508663 0.0489268863661459 0.08010338285447 0.0562738705571656
0.0565845461407573 0.126868717147822 0.0128901223035214 0.0797434297358795
-0.0572772571067887 0.122721650091672 -0.0330764740973282 0.0337810851502457
-0.137220600036893 0.0734153879238135 0.0718035059433787 -0.0231290542876515
-0.078888272594935 0.00256430769109641 0.178284993751741 -0.0949194182378541
-0.0901143360503194 0.0325272960398076 0.196068745425752 -0.0616214663753786
-0.0446660171476523 0.0897327234533864 0.155215688907515 -0.0809933420548184
0.0237174994781472 0.089346655743945 0.0949271844401521 -0.109841609980194
0.0705915559264641 0.0297222027463523 0.0308779567810681 -0.0986829669484548
0.059494294896907 -0.0204795367538939 0.0251195353566513 -0.0774370109854435
0.0445215203268496 -0.0425193718585293 0.0267788485036079 -0.0856143675095364
0.0315483853834313 -0.056342089291793 0.0320038180748008 -0.0937685952039043
0.0305654136200811 -0.0634945091354676 0.0602833845649509 -0.10153993533766
0.0484964227274187 -0.048292082058533 0.097074355944681 -0.0763984533476641
0.0685159618057265 -0.0239760847857966 0.121022084175827 -0.00968138725446684
0.0714282127465989 0.0447621583904585 0.0892658556013048 0.0569762693371722
0.0239342442851494 0.0950975371253095 0.0176848532526486 0.0808270761255804
-0.0606321885945433 0.0740880505793325 -0.0227075669833184 0.0180654501911608
-0.100397834730189 0.0182295941152945 0.105284934580296 -0.0401036515588486
0.0331690672488999 0.0249850382264831 -0.128448889072472 0.0659560122234988
0.0393162562284899 -0.0245814024166405 0.00925707075868079 0.0190693382335601
0.0109251011139089 -0.0434950067798419 -0.00488555337267075 -0.0921859638733895
-0.0237893446522637 -0.0259353930592771 -0.0953275516290799 -0.0843784278621374
-0.0269813984382439 0.00443687418025139 -0.147459785231744 -0.00855342079744555
-0.0143353146515678 0.00855153576152036 -0.135905262059446 0.0759668673363542
-0.0159657229085901 0.00768586560317019 -0.0792324118394957 0.117988200092855
-0.0162654937941203 0.0081702759775245 -0.0375068980086396 0.115274849131306
-0.0146050614763947 0.00116786857378847 -0.0353887230737178 0.100323382928756
-0.00940452781990893 -0.00741808637700295 -0.0396394246671564 0.0919132808949571
-0.00140923727766951 -0.0192754656597998 -0.0447898691600938 0.0929704388773193
0.0194424854241632 -0.0253105812002529 -0.0779465242772291 0.0915858078647723
0.0448466561268944 -0.00264721520132303 -0.126325274455646 0.0699309065117322
0.0370381669310884 0.0339539855863552 -0.155512357652438 0.0755991335060969
0.0135985085424024 0.0541026176021051 -0.165195171882861 0.111522615095598
-0.0305904638675382 0.0769716334799822 -0.120624670481451 0.0485855540489074
0.0122780770102156 0.0436459327680422 0.0205601724586993 0.0117023377277188
0.0337688766766909 0.0241604082112139 0.00997209705432144 -0.114927966503166
0.0293696393291164 0.00600607148961857 -0.0928972253795235 -0.113620600968821
0.023485509334787 -0.00970510521543651 -0.162737493086992 -0.0272978569808658
0.0175925047313081 -0.0215359790067343 -0.146941163470008 0.0669199743576594
0.00830363786081347 -0.0344392211023013 -0.087416341537267 0.113121507374356
0.00281416157033088 -0.0380092457555875 -0.0375555491008854 0.111955210433958
0.00967490601708266 -0.0421056618613863 -0.0312674526114295 0.0971301438891313
0.0290935554556557 -0.0285047560810197 -0.0299142848362321 0.0845347557053276
0.0479687515773854 -0.0176548126071109 -0.0302317883181039 0.0883434633204109
0.061374267312491 0.0217749036672767 -0.0538981675368822 0.0962383791450046
0.0490729815003269 0.0670799328737442 -0.103357161780563 0.082662991444168
-0.00678041546369668 0.090611309141677 -0.134448719412408 0.093697366968335
-0.0593770596650023 0.0966934103264962 -0.14620141433012 0.115317997389428
-0.0977855936068934 0.114800637547719 -0.0908147771358603 0.0221332760731311
-0.0318666098756264 0.109117844174729 0.0471635146165565 -0.00296163640374603
0.0435813405067352 0.102649381404206 0.0379151222943928 -0.139169145446285
0.0817156763129626 0.0536526088144633 -0.0762801135984554 -0.147139474022742
0.0809186332586243 -0.0141915690877101 -0.164638974562497 -0.0545739174702467
0.0551964885569468 -0.0462072675676886 -0.145072978360243 0.0450976335606313
0.0350291214977129 -0.0700980980242902 -0.0859767744289269 0.0912085236190977
0.0196902808957084 -0.0789192952875615 -0.0329989651719482 0.0915828184932375
0.0276372465053785 -0.0823892882739212 -0.0189094998854213 0.0780339729496788
0.0563726872067084 -0.0528414219883223 -0.00914686392780094 0.066864795518546
0.0863779097395861 -0.0278134581865447 -0.00299020969982717 0.0783399849147037
0.105416815378712 0.0458389497822645 -0.0204084440733276 0.0987038296800017
0.0697233478677191 0.11728760340414 -0.0731268807029593 0.0956740863024217
-0.0286497804994745 0.139559879084265 -0.106595877297234 0.102884742924391
-0.11385533303461 0.132260781947157 -0.108514841803127 0.104926593184634
-0.155562161468614 0.131628073796165 -0.039661340505479 -0.0106194361901765
-0.0860384506972618 0.156594893754758 0.0863555621555483 -0.0199709656894839
0.0336109602140005 0.176985779823159 0.0772813839459738 -0.155867673473115
0.118474067481412 0.109679028171482 -0.041624475350673 -0.174991163296285
0.133665358508845 -0.00534376413778923 -0.146102703487343 -0.084901153068327
0.090876338125485 -0.0610057858130983 -0.127607009901691 0.0143544955328897
0.0607018035971933 -0.0941436397155221 -0.0732856136205 0.0567535856026408
0.0343799521257463 -0.108748120608957 -0.0227751610231754 0.0572555019784393
0.0380937887162578 -0.11246559106179 -0.00250130128318687 0.0449253641858755
0.0711425676189125 -0.0753648387062641 0.0151111446927605 0.0381095306113038
0.109546627039661 -0.0443605304387796 0.0276028690975486 0.0601937158355967
0.13828941180674 0.0507927621080814 0.0148196958820323 0.0924990316664278
0.0922551560640161 0.143913288865985 -0.0407813496290228 0.0994365697719112
-0.0339792645349655 0.170753902076041 -0.0786079202068031 0.0976238007789401
-0.145851269488152 0.153343466686153 -0.060143380969736 0.0797807103182386
-0.188372949616393 0.1240497723299 0.0272640635698546 -0.0423144134429839
-0.133826287166196 0.170427066999102 0.131558918587253 -0.0350145545823549
0.00514734257944508 0.220966423454542 0.119540090802379 -0.154112028864472
0.125329355347448 0.1549675163107 0.00594618466864966 -0.183138169286383
0.163104702480739 0.013228954241408 -0.105270954069279 -0.107933791198726
0.113502556093589 -0.0627164198054277 -0.0922007295580014 -0.0185844827999961
0.0771637855503602 -0.102569010876868 -0.0508765973904167 0.0150361039714935
0.0435941954363286 -0.121718152232413 -0.00926366275129627 0.0152908555794199
0.0423511605226057 -0.127544581355499 0.0144661379639383 0.00507418318712223
0.0753146996284202 -0.0884472038556137 0.0374112343395122 0.00297871850487832
0.115471037319444 -0.0554487228356174 0.0563607357094827 0.0347380524672141
0.149416628070947 0.0476836747781808 0.0445317979315479 0.0779652769376765
0.0998568377537828 0.150459454706285 -0.0145933335400634 0.094803671043211
-0.0360653600589684 0.176197502698033 -0.0582972901747378 0.0799321364325884
-0.158522183619996 0.150182609516483 -0.0124372001489643 0.0439492186735028
-0.185240527873044 0.09548755338397 0.0959705768874364 -0.0682960794409723
-0.154645391621076 0.146205088492163 0.170857460281817 -0.0453772876917537
-0.028519953030122 0.216126857844065 0.151743998207173 -0.133695280444864
0.101786110184363 0.169322987780968 0.0526967210992366 -0.168162944968236
0.158944752128919 0.0301590188276174 -0.0521871365393721 -0.11571739788849
0.115242629463589 -0.0543670359304533 -0.0481332746752766 -0.0474205262887765
0.0800410163790811 -0.0961888773576531 -0.0233487218579567 -0.0271883234942554
0.0461197303630081 -0.116234489000416 0.00556305469996496 -0.0278681681493776
0.0423244787540722 -0.123052876292772 0.0297997587403624 -0.037612565570725
0.0718714038828873 -0.0872970726131827 0.0583394867219248 -0.0322008864277394
0.109067314814941 -0.0548507590816204 0.0801925643154937 0.0106122464464006
0.138886996446479 0.0469104594377805 0.0657676518864962 0.0635852292281089
0.0869941406240491 0.142686105181658 0.00341706673615647 0.0872878660030317
-0.044774334426976 0.159054989464781 -0.0433493355908975 0.0562387849131014
-0.155077568149769 0.123081085211961 0.0320766794417359 0.006297676834906
-0.145050584820846 0.0531593427078721 0.150901674975863 -0.0865321051820815
-0.137454479432385 0.0951897742567005 0.194260912052842 -0.0533855518730504
-0.0466023128354533 0.165918874543674 0.162981492551904 -0.104934935610294
0.0644198875987885 0.143136268783479 0.0830143588222349 -0.139198546174707
0.123270256157575 0.0346202349698071 -0.00332644040565238 -0.109471044260926
0.0946359411031473 -0.039710309523368 -0.00540740548418258 -0.0670858198148186
0.0671186235958968 -0.0750697514455352 0.00416606579944409 -0.062561006832454
0.0416394715991234 -0.0937160172602489 0.0186612118898215 -0.0662621275646873
0.0380361503439327 -0.100120513284738 0.044030175258388 -0.0746969070337341
0.0631144628959682 -0.0729888720063617 0.0775273930830215 -0.0612127550311001
0.0928386213434947 -0.0429986838035133 0.101770338564869 -0.00639186022287019
0.11186656111733 0.0469406405992134 0.0808808656849253 0.0548703735807697
0.0589034665770486 0.125461300443041 0.0139054181146898 0.0815319682166179
-0.0546495733690974 0.123486124992126 -0.0324753687516512 0.0347797961972048
-0.135625143254365 0.0765278342666893 0.071372670948202 -0.0241377286973343
-0.0782282326972561 0.00362037673256021 0.178878221542353 -0.0963651650125557
-0.0903450313256177 0.0333619169237845 0.196090847850014 -0.0627147946749507
-0.0428782069346662 0.0893959234703528 0.154468344072968 -0.0820470510284328
0.0248691341229387 0.0884050889365201 0.093534067843546 -0.111679148839862
0.0699075542995353 0.027623994565318 0.0298945986973315 -0.0995247640972328
0.0578726932648544 -0.0219104480425955 0.0237870241801351 -0.0784148899438014
0.0431131037397055 -0.0433037917173613 0.0241815585203501 -0.0864287644885192
0.0298649908119317 -0.0575853601762592 0.028163055536963 -0.093494141044028
0.0283392959014133 -0.0638382626490768 0.0570560728350171 -0.102122924884785
0.0472946688452439 -0.0491789682661311 0.0948507644102652 -0.0784252009790785
0.0679128392548477 -0.0248508679887753 0.121183586163788 -0.0126932428107565
0.0731783881819194 0.0434962749282738 0.0905037059095822 0.0565908642209317
0.0255646773332563 0.0935815255051085 0.018974545658482 0.0821221524880603
-0.0587299694288036 0.0744378268857252 -0.0227577143784092 0.0186155880211181
-0.0996634694969497 0.0204814145533267 0.104573195702384 -0.0420220858566038
0.0333433653518835 0.0235489351820967 -0.126483950611137 0.0705608113073408
0.0383280637894335 -0.0247926570468365 0.0115635619609891 0.0182683390148727
0.00914403262233571 -0.0428439620421663 -0.00627232672735488 -0.0939117447692954
-0.0244967876607324 -0.0245363292246207 -0.0983374763318721 -0.082178472208839
-0.0259900257213209 0.00565311718021554 -0.149658839050695 -0.00255136813497583
-0.0141053913336734 0.00865711054947099 -0.133997624939053 0.082218678815736
-0.0157961523174216 0.0079430728816414 -0.0741197233183688 0.121217938387657
-0.0156195545143595 0.00830444265284524 -0.0321187940904221 0.115828119023546
-0.0150414718039508 0.00226117029059534 -0.0305867575756815 0.102645192817343
-0.00983769486551295 -0.00755735764248919 -0.0355218020144182 0.0949871962181077
-0.00195365101620397 -0.0197463837698423 -0.0417020597609159 0.0952622109622281
0.0190385633182014 -0.0257256434519446 -0.0746642558235383 0.094223251577951
0.0447553624252118 -0.00373086130402378 -0.126071802447887 0.0739528025903027
0.0376440564431283 0.0327459813221747 -0.154586523299381 0.0794003308386001
0.0151706715014064 0.0530909294560281 -0.164642126098824 0.116920583870447
-0.0284908340002334 0.0784715753568067 -0.118890078207356 0.0523554957226277
0.0132638069384498 0.0441138541018523 0.0229688726960107 0.0102657403084516
0.0344557971744241 0.0239980742334218 0.00746631267706262 -0.11705482891628
0.0304562639481571 0.0054469493445649 -0.0961824934138255 -0.111707743773038
0.0240126519521482 -0.010563305731018 -0.16514275782385 -0.0207942807954398
0.0173883780047527 -0.0225568838920801 -0.144979891261799 0.0732816710787753
0.00724493897202893 -0.0353439011551744 -0.0825335510287662 0.116046785289114
3.61618125256837E-05 -0.0386455695632749 -0.0323278412356319 0.112665513233517
0.00738187620001342 -0.0428977736488336 -0.0260491642164508 0.0993652897767254
0.0285359475767574 -0.0307299155529767 -0.0261165405091567 0.0875441043891656
0.0476120497935755 -0.0195199049474269 -0.0263582950858598 0.0899951092804032
0.0628740234564995 0.0201530380552111 -0.0502091585181717 0.0979409123848764
0.0522450244705068 0.0655568800683126 -0.102184259982207 0.0861483180341929
-0.00431641380931231 0.0916034670591718 -0.132306384557044 0.0967113925365262
-0.0561652764711846 0.0987308574284061 -0.14470059612149 0.120625288393439
-0.0946206400746604 0.119162841794148 -0.0894822820170815 0.0244952275307297
-0.0290019118022987 0.11133001836819 0.0484289334461643 -0.00453575913840431
0.0472211086881987 0.10209007143948 0.0341671549616652 -0.141538645121089
0.0842687251723876 0.0518538272984771 -0.0798735506959002 -0.146360040440334
0.0815807673580881 -0.0174492834319867 -0.167267381997592 -0.0486274917327438
0.0533928494544576 -0.0488449788997737 -0.144038389804876 0.0509108196770706
0.0330293289653801 -0.0727697470813828 -0.0826303908167816 0.0943021050804083
0.0158115941657589 -0.0804731972498801 -0.0283643746870157 0.0922468016361839
0.0235671016774321 -0.0836357214022225 -0.0145411731204176 0.0790454702470782
0.0551988729363625 -0.0561309144155426 -0.00565976266557546 0.0682066276014345
0.0860571305115371 -0.0317037450709308 0.000680702597333429 0.0799239828610444
0.108324452406923 0.0424242765795189 -0.0169517107122601 0.099884220374838
0.0748357968068142 0.115704655529008 -0.0711640873093712 0.0985276829699617
-0.0236787902671823 0.142125147083812 -0.103717738083406 0.105402857684535
-0.110364645778908 0.137270794958505 -0.106174342897175 0.109436237570229
-0.152376260476382 0.138247440759009 -0.0380596162834053 -0.00914798351547171
-0.0819678079350574 0.160968617333045 0.0871719948743005 -0.0223096663835911
0.039731373431454 0.176066178110322 0.0734217609100849 -0.15877852912104
0.123953690042516 0.106554589989646 -0.0463222237439561 -0.175067400941559
0.134563318329831 -0.0109818072303924 -0.150138243045531 -0.0790645743667478
0.0887988187585723 -0.064408025938125 -0.127427174552579 0.0189827302539643
0.0572398892295216 -0.0981974106255469 -0.0711868141579894 0.0592181614949253
0.0287754496845588 -0.110637988531114 -0.0192549208952021 0.0578030468917779
0.0328705997569383 -0.114369816283957 0.000609388336917883 0.0459669064001248
0.0691410492867483 -0.0788685907248261 0.0170640400678622 0.0384466504628674
0.108125700477734 -0.0493147456933065 0.0311611962691232 0.0597142090305029
0.141381816543642 0.0462295954580408 0.0184830203166304 0.0925720893762685
0.0985080251373899 0.14132467330579 -0.038523225770561 0.102572803889474
-0.0283957405263822 0.172966016931096 -0.07596404304723 0.100370203564421
-0.141536397826794 0.159777833639568 -0.058616315306367 0.0821742723558126
-0.18465249633403 0.13107994820932 0.0282298833332445 -0.043554339011462
-0.129965306167291 0.175613593284323 0.131621458586816 -0.0389550714519594
0.0131145173179996 0.220729737048516 0.116276289782898 -0.158514545980893
0.132352835380935 0.15216716641097 0.00159796674441355 -0.185199362394582
0.164670196286537 0.00669660506935146 -0.109458202586727 -0.104385180385486
0.111896051296012 -0.0672422573936768 -0.0935550850598566 -0.0161981138471384
0.0735719206586724 -0.107549142547396 -0.0506827734064027 0.0163457684807312
0.0380501703942619 -0.124114017672615 -0.0075692862143467 0.0155180031034768
0.0358708604687378 -0.129051962386649 0.0148227972070231 0.00438622086593852
0.0720676497558501 -0.0914098670117505 0.0381972112128476 0.00156523410673939
0.113544845994701 -0.0597367720136302 0.058903431094812 0.0335109288231847
0.152716254927015 0.0431917939096076 0.048332335786887 0.0776018395807848
0.106561055844992 0.146715274367342 -0.0119579817977053 0.097544817395537
-0.0303439720570134 0.178894278675539 -0.0554704083166312 0.082502058108316
-0.154242417595586 0.157726328327778 -0.0111881960895175 0.0446317612357345
-0.182490795026663 0.102986700993302 0.096298677371353 -0.0717713237195537
-0.152226761740605 0.151539713431057 0.171329374600377 -0.0497503976502543
-0.0213371621202119 0.216740454135541 0.148761818136756 -0.138750817756301
0.108984741596601 0.166667748226242 0.0490789728613971 -0.171405597746208
0.160154793610176 0.0233933914116878 -0.0567803422459504 -0.113997253897781
0.113785146203772 -0.0589325253012286 -0.0496315788915502 -0.0463583510868662
0.0769476029881025 -0.100405043527515 -0.0242329866380341 -0.0262342821309971
0.0406263561162568 -0.119111474163555 0.00472697569761674 -0.028159344560796
0.0362215098287769 -0.12453052422176 0.0283500632027529 -0.0384997237198935
0.06935668457384 -0.0906951103510653 0.0575315375791622 -0.0346768313818751
0.107047916602907 -0.0592311990061879 0.0820450842513861 0.00790638896807108
0.141998082029916 0.0419488354349532 0.0685991199255478 0.0623989244453239
0.0927534788682029 0.140174085892305 0.00558395072261167 0.0890044476148097
-0.0391116035822087 0.160988808171026 -0.0415575081847239 0.0582764191245718
-0.151059561164684 0.130127034421078 0.0321237663687153 0.00535284784122192
-0.143304044279458 0.0584066091791993 0.151484341094222 -0.0912870940806759
-0.135933053136062 0.100024949559617 0.194051585167322 -0.0587647979683161
-0.0404131935625783 0.16682041634803 0.160735292792899 -0.110007766154061
0.0700964087537737 0.142111643446969 0.080644129950631 -0.143173978389773
0.124857208210854 0.0295436607222597 -0.00735710360562149 -0.110471563952635
0.0925999769809314 -0.0436494226126186 -0.00763527008044005 -0.0678966958070828
0.0647548979464972 -0.0784730943693224 0.000893482390737038 -0.0628090222556769
0.0372624239619469 -0.095802504105165 0.0154404779489673 -0.066331439845706
0.0331690664176897 -0.101725743594531 0.040686802412729 -0.0763073507079387
0.0605634688994754 -0.0761591518824323 0.0748546436781925 -0.0642954426590817
0.0911383104519955 -0.046576328716986 0.103139058098849 -0.0101430615084796
0.114668059601932 0.0433143849929485 0.0835737289585009 0.0535982844261178
0.0643405611412478 0.12275135162285 0.0162780685277113 0.0831314945866286
-0.0502813168502617 0.125539639273472 -0.0305628179963883 0.0363729072542939
-0.132987882443927 0.0828602722319259 0.0706283618071989 -0.0270963755823375
-0.0775988585928164 0.00646026146295778 0.178796708580536 -0.10141326701844
-0.0899678917847905 0.0365727087704755 0.196200050363181 -0.0678549161498801
-0.0401501539564789 0.0897511686925276 0.152875997075763 -0.0869714290085554
0.0279494047392879 0.0882645656925501 0.0911004365103246 -0.116271285015573
0.0711998556318043 0.0240379803975607 0.0265020059316096 -0.101481284678144
0.0561884747229697 -0.024212711267605 0.0212887947430737 -0.0808302089289794
0.0411987950274964 -0.0451797865457769 0.0200738724977106 -0.0875332622176603
0.0270901497895115 -0.0587058588386878 0.0242459459029225 -0.0943143364054733
0.0251192673757418 -0.0646748173814645 0.0515296278017802 -0.104056387628013
0.0451626893291309 -0.0511884865436183 0.0918519969825332 -0.0825853052740924
0.0661814602253745 -0.0273039208277171 0.121482621827331 -0.0166400473050187
0.0750610550654885 0.0413126135812862 0.0925972990767328 0.0544473349998512
0.0292652648396043 0.0921922176571512 0.0216648059085257 0.0824586298057296
-0.0568021952777523 0.076422482843399 -0.021633482830852 0.020523268968955
-0.0991312816967707 0.0255438168588976 0.103365817233784 -0.0460730868706135
0.0338817386087098 0.0216709765733034 -0.122013325604497 0.0757771353764791
0.0362518753047195 -0.0261995918820219 0.012851033131894 0.0165156263794009
0.00700198517881065 -0.041857167784148 -0.0105818015958006 -0.094649793379397
-0.0248631220318049 -0.0232725382618775 -0.101772621133974 -0.0773321787735235
-0.0246770426871432 0.006656727009317 -0.149090635219933 0.00538673232443268
-0.0134445775601056 0.00913429576813895 -0.128834477001901 0.0902281207477277
-0.0160148721384813 0.00865539626278301 -0.0667934733862275 0.123668240105813
-0.015301304374476 0.00921673620137067 -0.0253483948109204 0.115594280519984
-0.0147853473777583 0.00267037019419294 -0.0235238986773417 0.104332923107632
-0.0103943196885936 -0.00711555337553369 -0.0293919042621098 0.0972784582056614
-0.00318134058887992 -0.0196971149686995 -0.0363101520570435 0.0974762292387983
0.0177892494715743 -0.025820455773394 -0.0696527878311178 0.0965521818020743
0.0441693062244125 -0.00561727373049234 -0.122538098881471 0.0786907230367582
0.0389281749468223 0.0298886973674878 -0.150476582764564 0.0844639960062991
0.0172797196107208 0.0510835672977937 -0.159122853539349 0.12378527434318
-0.0250638323856785 0.0797043113730824 -0.11472467058023 0.0574345117143608
0.0150489482809061 0.044379969668552 0.0237164129218684 0.00814605327578579
0.0357953331700407 0.0229673986754999 0.0024718148176731 -0.117556029221454
0.0311363098084401 0.004162624292426 -0.101220558567563 -0.106655331620972
0.0241095893753807 -0.0123180719251949 -0.164572352360225 -0.0118826636033721
0.0160918998666434 -0.0234793611912494 -0.140273694259972 0.0816861160466396
0.0049821537153652 -0.0361509937027873 -0.07545303256981 0.119843302010739
-0.00191595164893049 -0.0385079164289379 -0.0253387012997986 0.111948795650943
0.00424480924477493 -0.0430065326264448 -0.0186903944068858 0.100356402099807
0.026657821633413 -0.0325800111466589 -0.0198242404293352 0.0892699247969964
0.0465827348490621 -0.022710308053156 -0.0211132912265561 0.09136364810701
0.0641995111054436 0.0166236898603511 -0.045061736835226 0.0996700475646865
0.0554185936083108 0.0623668151500636 -0.0986718216682148 0.0905894413312619
-0.000282101520378523 0.0911716316743391 -0.127079323979529 0.101149652527538
-0.0516657617946908 0.100728368532064 -0.139147053961623 0.126516545264843
-0.0879040483347068 0.123610598534778 -0.0862224965687956 0.0281828305410988
-0.0238449325144732 0.11241786415036 0.0487634883144635 -0.00711932247974874
0.0518777574389874 0.0988080831019832 0.0285820841101102 -0.142073090667629
0.0873414622603162 0.0472327101010608 -0.0864985489715156 -0.142060617027631
0.0807741051143013 -0.0216294503453153 -0.168783613547048 -0.0388420035574828
0.0508440322297407 -0.0511619904253587 -0.141440453447826 0.0582272930034163
0.0283926709391868 -0.074250019912768 -0.0761032305041847 0.0974307575631035
0.0103417534675074 -0.0808604372178409 -0.021739498104981 0.0915680901224642
0.0175880799556168 -0.0843917133331529 -0.00880180387975016 0.0795203117768695
0.0519171883833353 -0.0593698079239745 -0.00135264075294861 0.0687883850131503
0.0838094490196854 -0.0367833381980434 0.00606481463445128 0.0793860327268025
0.110610054037434 0.0369305053837222 -0.0112238301558221 0.100344334600406
0.0801752702569033 0.111005872505482 -0.0664049297199986 0.102254285905385
-0.0169669886519622 0.141982083934171 -0.0979618768494353 0.108936343084289
-0.102588523733711 0.142481955781656 -0.0998201934266658 0.113722140828888
-0.143373664585933 0.145264413043873 -0.0366946223733133 -0.00856208716645424
-0.073799055807645 0.164127000532709 0.0863279248692172 -0.0271124900090464
0.0482520545465239 0.17203223617223 0.0664053524357383 -0.160742427578029
0.128893853700979 0.0998303815980202 -0.0536163143891143 -0.172559896315749
0.132903069551382 -0.0180038002832146 -0.152395896311329 -0.0704338780685728
0.0854787522549675 -0.0691360323997158 -0.125152600174251 0.0254310554803839
0.0511883376247508 -0.101319814323463 -0.0672950446973261 0.0625183761466663
0.021047675797201 -0.111372218893657 -0.015133947727718 0.0575490068420305
0.0247559302125975 -0.115003731412613 0.00391084788695975 0.0456148658446028
0.065204520583194 -0.0826330427672709 0.0198383978253198 0.0372968007672722
0.104413039165849 -0.0543380671704034 0.0351921212688171 0.0580674220065203
0.143966969040101 0.0386258407800113 0.0236086466340712 0.0911268333907663
0.106137554120285 0.134883658933519 -0.0338886995447669 0.104863724845872
-0.0190110003666434 0.173926034696056 -0.0700573094271463 0.102520256463941
-0.132023538173524 0.167074744924202 -0.0544797873905584 0.084358520551572
-0.176150737560027 0.139764978051682 0.0279840310257848 -0.0453477203035478
-0.121345112402577 0.181328017476869 0.129530672389773 -0.0445676305574034
0.0240556071919723 0.217894978520132 0.108264485556897 -0.161509671149626
0.139692522771591 0.144793729720137 -0.00561971496355424 -0.184942881762988
0.163152626584342 -0.00293936187007489 -0.114122791211357 -0.0969871119670312
0.106989112486522 -0.0733224094457548 -0.0936400886416172 -0.0113067143474053
0.0675483018167145 -0.111397748355052 -0.0490282137226172 0.0184228950425031
0.0296994670470759 -0.125524397461363 -0.00655206038238795 0.0147970593692293
0.0270019804076183 -0.129476339106525 0.0158538360724094 0.00402626756596411
0.0671641155791674 -0.0951252299701056 0.03850564054546 -0.000351537784402551
0.109093146782479 -0.0658836505224861 0.0606386665617443 0.0299084821859021
0.154582800374408 0.0339097318101777 0.0525992535486193 0.0748678077589753
0.113800974394362 0.13978021974659 -0.00717088097294566 0.0984678802640449
-0.0207033373603243 0.1795171852277 -0.0505725828221922 0.0838078267268371
-0.144222967594016 0.164902154474164 -0.00855660119749372 0.0445193979915707
-0.175232064766502 0.111709179880712 0.0941425222066533 -0.0755982231439818
-0.143909712506583 0.158128676602836 0.168787230967726 -0.0572911662150018
-0.0108580769028388 0.214811425743812 0.141599000292906 -0.143492701714982
0.117478596380195 0.161272516957438 0.0414295212391255 -0.173928305050192
0.159969595972339 0.0142438266249183 -0.061783596464238 -0.109779852222571
0.109222610348913 -0.0649063279952182 -0.0514987077612963 -0.0444352192502048
0.0704417349885584 -0.104644435543561 -0.0259859666131257 -0.0252206811084175
0.0325833490291115 -0.119978793558636 0.00298322808525247 -0.0279539763733992
0.0270874297865425 -0.12568601019381 0.025730744949163 -0.0395724198283
0.0635882061334865 -0.0941845142449189 0.0548509251132351 -0.0373411115860559
0.102265010966231 -0.0645492725438929 0.082035983174421 0.00339011932826762
0.143894883874162 0.0340198705671148 0.0724479199362044 0.0592491843224596
0.100762262673148 0.133320012216724 0.0100269988969787 0.0892984539219621
-0.0301628326926603 0.16232944952944 -0.0387440309734738 0.0597702592888428
-0.142106002294652 0.138561077564721 0.0322893867734655 0.00360992713451455
-0.138351427449763 0.0654752013827513 0.147729436963944 -0.0980961671975223
-0.130502626249491 0.106223785267007 0.191531686532876 -0.0666934851213952
-0.0322815165683839 0.166910958629401 0.15533080840753 -0.115851152674019
0.0764856435609741 0.13762180790879 0.0740361692988423 -0.146907090878546
0.124714669373387 0.0224619554361829 -0.0126292128578867 -0.109025178456678
0.088976304283206 -0.0479882009481988 -0.010863603845244 -0.067932586438873
0.0595078661308976 -0.0816395705900348 -0.00249400008781986 -0.0623686100854346
0.0304738969441906 -0.0975174811699995 0.0118568143736345 -0.0662332166249518
0.0256576874750142 -0.102397050475197 0.0354779844603798 -0.0776067417534619
0.055555142130054 -0.0791249189931755 0.0703647538963419 -0.0675172942706961
0.0873852034867668 -0.0507151570274214 0.101720711421157 -0.0156049402984575
0.116568613619056 0.0372060730035548 0.0864295982079354 0.0494601944208382
0.0713292496289761 0.116927864565306 0.0202666981847641 0.0823816635138373
-0.0428304141836042 0.126880271568339 -0.0291269116197607 0.0378245289465181
-0.127297592216267 0.0901968001542508 0.0686310257386162 -0.0305073166902944
-0.0759002418695533 0.0101131975512208 0.174178467866713 -0.109405413859797
-0.0877698818735193 0.0402828220272077 0.192064299042615 -0.0758189772244443
-0.035796525078481 0.0902808046099955 0.147589876807417 -0.091858462700085
0.0320397595834934 0.0856094585666882 0.0849510679195761 -0.119573472289051
0.0710544372178227 0.0199742788609087 0.0208231214867721 -0.102314641176441
0.0537671680799745 -0.0273199234991219 0.0164570488155676 -0.0830372141173679
0.0381343025635103 -0.046991700026763 0.0153543287649138 -0.0876409887477956
0.0231703410017475 -0.0594770524822621 0.0182304882177326 -0.0936348392773699
0.0209650069245179 -0.0652727038560135 0.044766448329371 -0.104761671884061
0.0416648186908809 -0.053181495658604 0.0856830880592478 -0.0872430105036553
0.0640095946106031 -0.0299698260771981 0.120211361756503 -0.0233053134489674
0.0766451797096816 0.0368397257376069 0.0952342508081081 0.0500469406656308
0.0336183231749267 0.089259032882787 0.0256752570981104 0.0824581271853333
-0.0512389427181205 0.0783085792341528 -0.0208297210347298 0.0210095675835906
-0.0960485036319259 0.0302970649745181 0.0997023423847961 -0.0508449762392701
0.0336896781582116 0.0177342910994125 -0.105410419319829 0.090987345602018
0.029932692985768 -0.0303016888772134 0.0159086735049781 0.0152704806346086
-0.00147179679501039 -0.0417695810877812 -0.0222078242905953 -0.0877827088933538
-0.0298183992080689 -0.0184951489055999 -0.107374419934725 -0.0594920257358657
-0.0246189115958697 0.0113583349242709 -0.142000230724396 0.0276438301485359
-0.0131412019509394 0.0143552210585819 -0.107894153687064 0.106221094417247
-0.0136912144884069 0.0134503433724203 -0.0436575016615347 0.12782228627042
-0.0117051078942222 0.0121576395602385 -0.00668466588032823 0.112069833439102
-0.0134750038187228 0.00561508119517844 -0.00699613347030786 0.103429305865676
-0.0100306421282731 -0.00555356332819859 -0.0151326642929486 0.09879835962273
-0.00497710539369565 -0.0184306145143472 -0.0217777852686538 0.0984028423820189
0.0143196924781775 -0.0271041119287008 -0.0561022209804988 0.101712515937902
0.0429716253304892 -0.0104776398729177 -0.110932153287785 0.0910438039687046
0.0431895084506393 0.0240883368564328 -0.13533742873371 0.0983625516924593
0.0239174438182122 0.047550701489241 -0.138178171549759 0.135691708738837
-0.0119165067646002 0.0834549901194336 -0.102517603534698 0.0682217518465847
0.0228320392802817 0.0399389626167959 0.0221907755872113 0.00401824324850457
0.0371749331233844 0.0142906151932133 -0.0175163379456249 -0.1117845209428
0.028545845352052 -0.00185579703231425 -0.113682916784572 -0.0859198995336908
0.0178733111697771 -0.0147903735419282 -0.159397465650227 0.0165186996273531
0.00953108914667245 -0.0215570856399705 -0.119933065197451 0.100122711859936
-0.00190866260548369 -0.0342557858730565 -0.0525218007839121 0.126982063767804
-0.0070038750671782 -0.0350858362233015 -0.00639855746589831 0.109344241502046
-0.00245370897454094 -0.0414537128098951 -0.00284839166041205 0.0990071878448551
0.0217205832014775 -0.0357769930005619 -0.00694189689394807 0.0901788119023437
0.0415254144236673 -0.0291069511440583 -0.00820135964519588 0.0919750320648075
0.0674227316817175 0.00605908252801329 -0.0329126639556169 0.101004592336596
0.0639441434806727 0.0525993451588366 -0.0855970843266805 0.0979927843614112
0.0142206313023917 0.087409133486758 -0.109183817579006 0.112166311583183
-0.0351465856942244 0.105139408147227 -0.115648500097208 0.1372181629212
-0.0638563013646527 0.134934730400159 -0.0797954502281346 0.0324986491541223
-0.00242612700721229 0.111100360659188 0.041651610766237 -0.0177801073967884
0.0659358177562003 0.0840039092238992 -9.83299869199961E-06 -0.140432406061305
0.0900599486552038 0.0284651561365957 -0.108111265951106 -0.120797419632848
0.0689938055967124 -0.0328878875022377 -0.167485656820581 -0.00656044954541102
0.0385638147149438 -0.0538914325287654 -0.123546206233837 0.0797182411827543
0.0147195139349011 -0.0762896058040284 -0.0573679155939064 0.107835929519583
-0.00149838112082 -0.076870362028004 -0.00505618038793745 0.0891824219218615
0.00302943326869773 -0.0829030326710461 0.00441360346411758 0.0781384515405045
0.0420684202971518 -0.0662794462826035 0.00790021049984127 0.06838691113614
0.0748426850601224 -0.0486615331800148 0.0152268038099051 0.0772011248187073
0.114729804422915 0.0172674497051224 -0.00132190867670839 0.0974519109130833
0.0959285503564752 0.0945537457542798 -0.0531961071746064 0.103936806493496
0.00636917282185502 0.139071385413064 -0.0781765261738246 0.115897645346237
-0.0780641306193953 0.152441495003045 -0.0786491516954293 0.121385334626289
-0.112249792808373 0.164046575708779 -0.0370504789432689 -0.0119448448200163
-0.0406970422448324 0.168071865999154 0.0733043752420791 -0.0448072568652669
0.07441737493627 0.153359174357782 0.0299984928775622 -0.164949998776401
0.139566654815976 0.0708095151344447 -0.0851415022348184 -0.154868156376623
0.11945097933637 -0.0396169990709811 -0.157655105340991 -0.0365751471158017
0.0682552114199607 -0.077081023892097 -0.11365954196821 0.0466089032603579
0.0315227982945354 -0.106998305757379 -0.0549984194523237 0.0740889332644292
0.00381918135529626 -0.108251750961697 -0.00387267191830107 0.0560943918407865
0.00427309711389328 -0.114001063068246 0.011930508886264 0.0439137876907945
0.0499458057976883 -0.0906470423382658 0.0245467106317701 0.0355873012701594
0.0913392209394249 -0.0692773702250747 0.0409685479676253 0.0527372013258499
0.147664344169695 0.0130657770018551 0.0305878316808213 0.0846551004185562
0.123897918381204 0.112262545151025 -0.0215334859479756 0.10162541823102
0.00847166589706849 0.169067388653908 -0.0510196064021699 0.106132875114362
-0.103164078790944 0.180048717007613 -0.0365175492393123 0.0884232760384038
-0.14372333502103 0.163054546478901 0.0202763025459774 -0.0577372292042121
-0.081927624376612 0.191942317586755 0.112156778550326 -0.0709086376030853
0.0592950077570498 0.199872244722356 0.0691446817040007 -0.173902876817665
0.157878671519537 0.11091692642639 -0.043852243231998 -0.174663320036377
0.151063164102086 -0.0305502765900925 -0.124777128073156 -0.0673010386518735
0.0880143784481945 -0.0857781057805541 -0.0890638935035463 0.00696223225262074
0.045599456519462 -0.120849845945534 -0.0450867367416234 0.0298247511408648
0.00855079071825568 -0.122840168111315 -0.00160398715641013 0.0158523554594355
0.00391621825637366 -0.128356744744416 0.0169455599268113 0.00203313382732754
0.0497185018126396 -0.103749772631888 0.0368040443455292 -0.00320081320484254
0.093902445840609 -0.0801387944463771 0.0626240344975021 0.0233791327497808
0.156331408696762 0.00748593096489587 0.0562870152854901 0.0658963825736317
0.132180592229322 0.115766156943831 0.00407572538558136 0.0925655637010377
0.00750760251598423 0.174912875822465 -0.0338002865820602 0.0860669198892241
-0.115594769369161 0.180386857778847 0.00283114406254933 0.0449532834621869
-0.147117729214789 0.133712723039796 0.0798913846997445 -0.0964523275421241
-0.107236607528018 0.172425489866243 0.148672232519739 -0.0892285220803706
0.0270579458124815 0.204106077627384 0.103619230745666 -0.162886841810168
0.140800455671477 0.129989447802425 0.00342250575630862 -0.171998951129557
0.151658649330319 -0.0143437155424015 -0.0782922645607549 -0.088134437178501
0.0911615671071495 -0.0787155334204843 -0.0541136132732619 -0.0309077863604732
0.0493630043867925 -0.114659340715111 -0.0299607599831518 -0.0155484211395793
0.0120648232861559 -0.11929381282597 0.000899520900217598 -0.0263601768632465
0.00481405172153391 -0.124636729099901 0.0204547067907185 -0.0402928607383867
0.0459762477406132 -0.102004210540164 0.0474285939761691 -0.0413384772761229
0.0872993947683868 -0.0777058356550875 0.0791660616723536 -0.00508587391726978
0.145625317529469 0.00866697215002845 0.0740559016587597 0.0480836049809017
0.117540987065727 0.110939679447505 0.0197158248295714 0.0819332329352577
-0.00391351518818318 0.159510017885243 -0.0250354580859424 0.0621342744781245
-0.117750281516783 0.15397079800172 0.0368612003323598 0.00112200113676881
-0.11933294793095 0.0828383157419631 0.127511079912474 -0.12206946127576
-0.103462124576352 0.120741108143019 0.171276306319028 -0.0998371300108055
-0.00201161309566951 0.160955384040196 0.123721092880785 -0.137860591086113
0.098056099974272 0.115167659371933 0.0405259365947672 -0.152649792597991
0.120628215124961 -0.00169224973421355 -0.030991928678614 -0.0970485812887112
0.074819091402826 -0.0608528175249976 -0.0204122173091144 -0.060767114942821
0.042831661093011 -0.0911063243892353 -0.0136440135722114 -0.0559615286396715
0.0132871317837109 -0.097608434276039 0.00267349313474883 -0.0631640692582956
0.00670924059456955 -0.103425766088921 0.0239474237313178 -0.0778074158694827
0.040026857071795 -0.0868754942553002 0.0578502151322527 -0.0726385957019026
0.0755730773760145 -0.0628756399035135 0.0954813835978233 -0.0267941072787395
0.119462815067551 0.0156319523495099 0.0865901608486396 0.036839005222033
0.0862435695834458 0.100040473360247 0.0298701736646408 0.0746754121605473
-0.0216974370774171 0.127788277992009 -0.0194879323170074 0.040124932630086
-0.110799993741836 0.104634210986621 0.0662600814846354 -0.0349073380144782
-0.0687533694056167 0.019091005813658 0.15212822659198 -0.133333884477163
-0.0740264058244078 0.0506237410839255 0.172913641104463 -0.10600643137478
-0.0178509037693957 0.0890795176072344 0.124663030190491 -0.113377031071928
0.0467031190359653 0.0739506193991602 0.0584379107213145 -0.129771419990689
0.0700682579775437 0.00489700269605861 0.00257234186852531 -0.0985059694620148
0.0448297282927417 -0.0355817225110711 0.00387277213044935 -0.0803223581789946
0.0280470187215002 -0.0537686336641082 -0.00115180916734624 -0.0844122375744911
0.0118374155497435 -0.0613716779834927 0.00433655756665606 -0.0897475674413716
0.00837208210413237 -0.0666985452503804 0.0290227333965942 -0.10605563596685
0.0300949987342303 -0.0587638885332208 0.0709131356460986 -0.0933047504165461
0.0560616701540468 -0.0399559019336627 0.11135158648753 -0.0372124616800444
0.080659768169792 0.0220767096943256 0.0963608654875537 0.0365107764538415
0.0460967632534278 0.0786639527824302 0.0355722769218928 0.0746171818026004
-0.036774907549593 0.0817370748300114 -0.0151438378492736 0.0240831833318781
-0.0890908276962337 0.0418714067999251 0.0913252938883581 -0.0586188475511811
0.0320394957553456 0.0163405607070665 -0.0972555848746199 0.0899164463598934
0.027444888280668 -0.0293199976661736 0.0155278474510933 0.0143598176194249
-0.00190184074371251 -0.0387280630562774 -0.0236837512745062 -0.0849687298417613
-0.0290173614595526 -0.0167037886167303 -0.103864089728812 -0.053566511414148
-0.0228000567647492 0.0110793027982347 -0.133457827131128 0.0311773186482393
-0.0116003127738727 0.0144208789656415 -0.0985687275167195 0.105488999384092
-0.0126972335186839 0.0128106818465384 -0.0370207998902886 0.12307381937795
-0.0108610232891071 0.011897025782414 -0.00256155572533657 0.106270195114163
-0.012396299209061 0.00581597758218635 -0.00203787650112815 0.0985177444408934
-0.00959165631511995 -0.0055523443284261 -0.010173385702497 0.0951753069269632
-0.00531264231292732 -0.0180289563514135 -0.0176039573908948 0.0950726872145001
0.0133475007079187 -0.0257735369864588 -0.0511990572635198 0.0979184356867897
0.0409888894172134 -0.0110729333932422 -0.104234046901711 0.0894447805855928
0.0407852034292142 0.0213240965944609 -0.126991686189285 0.0968119719520761
0.0235815971844331 0.0440339974105815 -0.128451561631486 0.133424564893906
-0.00904277332870264 0.0796666981029193 -0.0951569627520073 0.0678265399586635
0.02259745586191 0.0384237616867152 0.0215416173547046 0.00263849775739053
0.0363633551184145 0.0131532339634691 -0.0191854143175784 -0.106752576063427
0.0278220746293483 -0.00292380553118779 -0.110377850962378 -0.0797082153400978
0.0170997689615834 -0.0148081153654775 -0.150447568836885 0.0208255184513161
0.00878942112941623 -0.020511077722076 -0.110441574200447 0.100521572019798
-0.00309320397330436 -0.0331536166875113 -0.04546510002011 0.122581979681413
-0.00832336198724164 -0.0331243536619274 -0.00197803364774906 0.102689498735384
-0.00373400211443457 -0.0385960694758441 0.00179787937041351 0.0940916911070378
0.0194741158817301 -0.0354959498019926 -0.00261379590587036 0.0862885166847285
0.0386733102714922 -0.0294032114400496 -0.00471118133553221 0.0880933334939489
0.0650259105558558 0.00407191609381942 -0.0289411342868909 0.0965916117265398
0.0631529674492559 0.0481327936413284 -0.0801578823520021 0.0955670225274782
0.0157217270987161 0.0827768375878107 -0.10121545335187 0.109048123855317
-0.0307381891738203 0.100657442374877 -0.107323798736907 0.134365907710854
-0.0568903602841862 0.130177260580797 -0.0746461174043014 0.0326183419047633
0.000803640460311202 0.106829349270772 0.0391530037517868 -0.01788180502948
0.0649703518009171 0.0781386075813823 -0.00278642860147939 -0.134437853633793
0.0873229766888898 0.0246684871578833 -0.106278884089322 -0.113403224956453
0.0651020110039181 -0.03421715627988 -0.158547870645221 -0.000567014391354314
0.0353251712606572 -0.0527019882568501 -0.114499177149177 0.0806175144332312
0.010421512535278 -0.074034245425704 -0.0503113842756291 0.104789283569498
-0.00495797368425724 -0.0737420559921219 -0.00256136979677759 0.0841169661547465
-0.000602507648123529 -0.0788053000860776 0.00837092318495062 0.0735034081993304
0.037577373777024 -0.0652119552491621 0.0112492012060362 0.0652242654559282
0.06947530777821 -0.0490081071017114 0.0175371520172896 0.0729583378094578
0.111308583165502 0.0129336687573309 0.0019631078457697 0.0922739101933594
0.0943704710239066 0.0866115597242409 -0.0479875624367488 0.101195757205543
0.00989852810819249 0.132008672917986 -0.0719729103577681 0.112048236057801
-0.0699050635297831 0.147513515952955 -0.0718991367582561 0.11778791188151
-0.101865485296132 0.158865623497426 -0.0351231439740567 -0.0114577483032866
-0.0341452374806604 0.162036541680305 0.0686777332421662 -0.0445403813302587
0.0754445504500886 0.143446198361715 0.0246775129623504 -0.158040136233732
0.136117736676068 0.0633453312179138 -0.0848922258778376 -0.146352551202303
0.112419538411468 -0.041480766000274 -0.150077715659257 -0.0298669237752901
0.0622476706894791 -0.0758052429784795 -0.107129614788248 0.0482284611610486
0.0258519926887592 -0.10378561592811 -0.0492548445298646 0.0722031963281728
-0.000927292711817961 -0.103318350028287 -0.00213154664708929 0.0526535131206807
-0.000393175270354513 -0.10793596965531 0.0139810398944468 0.040566870700229
0.044260670483601 -0.0888751433331229 0.0249129094568954 0.0328444530074469
0.0845467958823489 -0.0690173844240129 0.0419801972542263 0.0493619269453791
0.141578345273665 0.00717088766059181 0.0323203669211712 0.0801626987896551
0.121523297118594 0.102489899851277 -0.0175608955502345 0.0985028797461833
0.0135310543121485 0.160904540366626 -0.0460630248455101 0.10254153018611
-0.0923091107401701 0.174992287488682 -0.0321856927862194 0.0851954172234264
-0.130876913701529 0.158846912983587 0.0176930399085493 -0.0566504980175529
-0.0726509693840676 0.185177698041385 0.105669198603031 -0.0700119623521392
0.0618663644698848 0.188816086948607 0.061531538510213 -0.166824914378227
0.155875027834064 0.101512853274328 -0.0464493716432377 -0.166537589386862
0.142414968907111 -0.0347113064377241 -0.120379417040817 -0.0593045592806056
0.0808596691798863 -0.0846858349828132 -0.0846087761177541 0.00944906310085764
0.0382254112463481 -0.116989212782895 -0.0418207133628008 0.0302572200240393
0.00330242150858431 -0.117216821105758 -0.00101356854576607 0.0143092316582476
-0.00155409002856083 -0.121850689042293 0.0166397369862934 0.00122854671038389
0.0434100882502225 -0.100898328398409 0.0352803287900111 -0.0042660836230623
0.0862361895142103 -0.0794399796942522 0.0610343777322439 0.0199620669855111
0.150614776781516 0.000977570841166436 0.056334745769463 0.0607164945428942
0.129651345831929 0.10430266342219 0.00661425665115086 0.0891422113725898
0.0135347818816131 0.165636202348742 -0.0302316301576146 0.0827638034037444
-0.103513390242814 0.17571094513772 0.00403953587924267 0.0425626448887621
-0.13526724022601 0.131516840084281 0.0743968957045391 -0.0944052568231471
-0.0977820519568526 0.168396995568613 0.139694291930184 -0.0885869180239996
0.0311715481605564 0.19236788111335 0.0956367839122819 -0.156679433444255
0.139143636477072 0.120228417787596 -0.00115000291643484 -0.16569047347008
0.14292729877358 -0.0187682513126361 -0.0762029492075485 -0.0811545990389771
0.0833971603842474 -0.0782853710428213 -0.0531736873444543 -0.0287260660634908
0.0422252132785195 -0.111688388782451 -0.0293175091408205 -0.0136544408538642
0.0064376202194312 -0.113948797684712 -0.000374170896719117 -0.0254974664164988
-0.000800648953448821 -0.117751946655083 0.0187259268991723 -0.0387124164328602
0.0394297987371819 -0.0989884545046186 0.0434934056694097 -0.040652088138139
0.0804887028436244 -0.0769944156709925 0.0755823880142213 -0.00752575219069626
0.140157435727681 0.0026392171428588 0.0725099929065189 0.0436714877283723
0.115259589703643 0.100767215160333 0.0215255572542517 0.0786524636765217
0.00145678319304489 0.151133641709628 -0.0226077301565737 0.0598977998220756
-0.106430325929806 0.150481473127557 0.0349819878487894 -0.000419353573771678
-0.11083232489319 0.0816993157574587 0.119444634508953 -0.120624696108686
-0.0952017087158571 0.117778945210988 0.161059036127501 -0.0995662969519388
0.0023436583926906 0.15317230173287 0.115796317996419 -0.133713532529021
0.0978496764903627 0.106856149941474 0.0341086014600252 -0.147333193526683
0.114118882114475 -0.00579462762542214 -0.0318789534624112 -0.0912312617109101
0.0684413067171046 -0.0598628972874192 -0.0214855954490805 -0.0582758418250145
0.0369654461829386 -0.0880337936476547 -0.0148520439758398 -0.0528632429711785
0.00857489039027969 -0.0932080909877421 0.000964546352753789 -0.0599256403739046
0.00220952632552915 -0.0975266708490843 0.0200320743446958 -0.0742129118675039
0.0351398147226432 -0.0835663593748476 0.0522457853140365 -0.0711683926767851
0.0694124874621003 -0.0619844393329819 0.09000434080517 -0.028036706024361
0.114749009808274 0.010404287293045 0.0839917522958327 0.0327166723792448
0.0853888400350539 0.0919086262497979 0.0311724100949518 0.0709685029631746
-0.0162507915791375 0.121352390653476 -0.0177877749678646 0.0389632157911371
-0.100635257071305 0.103265219897404 0.0620071762547047 -0.0357713461104358
-0.064071402679094 0.0201283692853893 0.141999772304249 -0.131422035262095
-0.068716248853213 0.0498591082825637 0.161769391391137 -0.105355372351913
-0.0146128975860721 0.0853733591143875 0.116938962324385 -0.110191923484528
0.0470807666111326 0.0689962223751351 0.0527741727405877 -0.125258562362994
0.0663106835758454 0.00231891755111748 -6.32064202370959E-05 -0.0944647806141363
0.0410628987314682 -0.034886455546485 0.000482808347580106 -0.0775370760049664
0.0244228555350133 -0.0515561063703085 -0.00465171291134936 -0.0801336809615802
0.00885360251369703 -0.0586935898314187 0.00121017906470106 -0.0848919007375371
0.00492396941531941 -0.0632770673779864 0.0229508075669775 -0.100200100276771
0.0265966388481395 -0.0573700504485603 0.0631755909948727 -0.0907064573730337
0.0516764326350842 -0.0396296619291715 0.104997973126344 -0.0381715910353841
0.0780470528315762 0.0177443927792984 0.0936537250876879 0.0324777390080794
0.046103870099174 0.0730831983396455 0.0357836335202522 0.0708583601056987
-0.0323084816201459 0.0784335701812795 -0.0145306724172914 0.0237964260679439
-0.0826532643072935 0.0430055320766263 0.0848795701698021 -0.0585504599081199
0.0304754567570268 0.0161983676670234 -0.0925270145481045 0.0863758413024533
0.0262122278771743 -0.0279082967164641 0.0150145233076233 0.0137243566897007
-0.000814183697312221 -0.0366444062827585 -0.0233128790531622 -0.0816910607658582
-0.0270586192719922 -0.0154439242424333 -0.0997006067517422 -0.0518090343459467
-0.0207850224515927 0.0100536777011871 -0.12787275080387 0.0303312805792692
-0.0102762313591869 0.0133837122796456 -0.0927376249713091 0.103016063598683
-0.0123221808759479 0.0124424831128231 -0.0339636489889092 0.117661147593723
-0.010097264009377 0.0112154588468497 -0.00212898136183881 0.100926441228865
-0.0112233635887575 0.00543773637741389 -0.00038022177283359 0.0940000748149708
-0.00915198936613751 -0.00580109312606234 -0.00807692530268314 0.0921025919622556
-0.00546002449711089 -0.0176638191080844 -0.0161562032981351 0.0914247098915427
0.0132234153249569 -0.0245947056483274 -0.0491906453787554 0.0934783177972472
0.0393517293887635 -0.0108049503651094 -0.100847402813335 0.0861776278134084
0.0382379193001841 0.0198478783935042 -0.12195184246053 0.0921141033022115
0.0220262227492093 0.0418365342056991 -0.124130468859263 0.127849859499744
-0.00921423763397178 0.0765819891898767 -0.0904956293706356 0.0643895209938187
0.0217476417501365 0.0364337946271648 0.0204531003070055 0.00285834942088228
0.0350631374799882 0.0131694763505966 -0.0182311076697961 -0.102831262688877
0.0274157730906459 -0.00271249168086284 -0.106102114232589 -0.077117774766352
0.0166709605712743 -0.0146230868452544 -0.143720465930127 0.0210624559352743
0.00867535035595653 -0.0200891809277216 -0.10441077307601 0.0979115771958656
-0.00423262396769387 -0.0315284555889502 -0.0414333978973307 0.117082590695783
-0.00864715882318205 -0.032099485559288 -0.00204209024690409 0.0974643289026463
-0.00431796555503294 -0.037118131126262 0.00355862538872178 0.0896778241268866
0.0189190710218627 -0.0346686027508906 -0.00113486741241323 0.0832007580346812
0.0369316681762264 -0.0287816369002119 -0.00393260975950533 0.0846588468234122
0.0626602165227728 0.00335011313886171 -0.0277721650008856 0.0924105502644554
0.0606612771648932 0.045562200180439 -0.0770166840738258 0.0922641810025358
0.0142832997738572 0.0789070685178156 -0.0972044405354839 0.103910850438702
-0.0295892997623309 0.0964330300676811 -0.103710321805393 0.12850074172739
-0.053680803242233 0.12487201434576 -0.0709248167084677 0.0306236493472256
0.00119559013771006 0.102806110217811 0.0373718655124791 -0.0171240190544224
0.0629255588307654 0.0749319995255077 -0.00251803538435446 -0.128835478130375
0.0857111050865433 0.0233449396078415 -0.102112756557155 -0.109777753244305
0.0626077323104777 -0.0334333847788218 -0.151062087746099 0.000487057001452414
0.0340098493031944 -0.0513415704409757 -0.109386565371788 0.0786676709603726
0.00814833783358265 -0.0710093183534466 -0.0464712754477609 0.100702260316985
-0.00607756326449182 -0.070769424881417 -0.00184652424496015 0.0793497469981976
-0.00168799574345527 -0.0750276091417052 0.00962967295840385 0.0696700414194756
0.035730831837775 -0.0633827184105274 0.0120743667616433 0.0626182156272893
0.066109392977413 -0.0477757900316176 0.0180894344783126 0.0702135884807132
0.107451258734429 0.0112046714532903 0.0019357429854358 0.0882034822526211
0.091087137956523 0.0824916186775335 -0.0465368328635992 0.0973885357067007
0.00954492595266648 0.126455380147789 -0.0693978494985864 0.107075152212145
-0.066663837457254 0.141199487318468 -0.0690489987133525 0.113324742996805
-0.0965603305983825 0.152169561236662 -0.0335496633852928 -0.0114012562512384
-0.0327409920375682 0.155501594836161 0.0658926360288984 -0.0427788868901392
0.0730573420083695 0.137320600988318 0.0243519114451914 -0.151132741527128
0.132075180624761 0.0603844531338496 -0.0814610054822971 -0.141858398690519
0.107673626987998 -0.0402828996581037 -0.142394378044997 -0.0278130396799504
0.0599481561635849 -0.0730143854899228 -0.10209008594921 0.0465556750443925
0.0231416075371535 -0.100212533529301 -0.0460894723934209 0.0697332303877699
-0.00268700671664418 -0.0994182994167996 -0.00146619672829288 0.0493233941778243
-0.00244035731152742 -0.102657365437123 0.014544285563494 0.0385745325981192
0.0414873312600257 -0.0860823185989558 0.0240972315701875 0.0316648893772496
0.080447194939372 -0.0667079096350065 0.0408352247158786 0.0475306916762115
0.137086819041747 0.00568126149419102 0.0316664991834423 0.0760176547525625
0.116952641831193 0.0968033068502847 -0.0167356399582821 0.0949272529711108
0.0134601124357565 0.153661078485618 -0.0447768280302593 0.0978424590438995
-0.0872031672356721 0.167587543499429 -0.0307310781856824 0.0812197802593383
-0.124265442418634 0.151915932379973 0.017138505974991 -0.0553899430335834
-0.0684473349111999 0.178236858939735 0.100733784696845 -0.0675494286041236
0.0596904970528734 0.180586513225174 0.0606124688781631 -0.160136835792064
0.151102557316065 0.0974030180185552 -0.0440193562874315 -0.161008323921048
0.136132639544156 -0.0342176271385995 -0.114435813241477 -0.0563772773047834
0.0771129303461891 -0.081561255453892 -0.0811269601484675 0.00864665079696042
0.0342044631219316 -0.113219865901302 -0.039267902793994 0.0287327141851609
0.00110403516040631 -0.112508653647752 -0.00107056912078122 0.0127849181357863
-0.00338292179689934 -0.115434739094248 0.0169007215329584 0.000752375455362254
0.0406375355651167 -0.0974133307474166 0.0338850690591269 -0.00417864633392571
0.0818652445637386 -0.0766390753824471 0.0590421769056401 0.0192166050492034
0.145045829739971 -0.000884440210719378 0.0548391823954677 0.058177035917107
0.124920881232306 0.098596050990175 0.0061908079735302 0.0862497011793572
0.0137176878738175 0.158258956465024 -0.0292487411258021 0.0793311537191505
-0.0978093453312748 0.16861332304347 0.00365992026902255 0.0402330352862031
-0.128318690780075 0.125628797041447 0.0714433138698022 -0.0917754639518428
-0.0931280963562856 0.161584108885973 0.134092935197249 -0.0849265678582103
0.0302374520154254 0.184597442591144 0.0932602697002072 -0.150135108430724
0.134666006025223 0.115053863772634 -0.00106579641870402 -0.159266172231228
0.136747861779577 -0.0194512752101915 -0.0722972137190103 -0.076945912695432
0.0793188660171765 -0.0748725063694505 -0.0515271278280635 -0.0279854097435336
0.0384611628165114 -0.107331468391567 -0.0278864067938184 -0.0130836038358455
0.00438769259060213 -0.108631975594319 -0.000173371782491029 -0.0243478578496156
-0.00234952211510416 -0.111740559176187 0.0176525453041875 -0.0375779083282059
0.0365558341176258 -0.0953079701225467 0.0408468375271026 -0.0392010768446623
0.0762043089596862 -0.073945570163173 0.0734166369267354 -0.00741103164735701
0.135200438844082 0.000499343068728856 0.0698851328516902 0.0416510049955689
0.110614147378761 0.095310763945167 0.0212715299066483 0.0756795392503598
0.00241021355307815 0.144031278898023 -0.0217149255922283 0.057913367705833
-0.100255441780049 0.144106945345253 0.0334416367034438 -0.00084458973243476
-0.105188637905185 0.0781085720514294 0.114645448531569 -0.116141604828797
-0.0913800235230393 0.113670693956855 0.154283080192919 -0.0955928523443973
0.00277413172165902 0.14639061571539 0.111897275962683 -0.127721560504029
0.0952874003267167 0.1021088880256 0.0329298952609517 -0.141744435271341
0.108927846504799 -0.00603886149963104 -0.0305745331787565 -0.0873844324413059
0.0646918205075592 -0.0570155962065622 -0.0214498891306382 -0.0570969097012544
0.0342222874546795 -0.0848775477252166 -0.0152091375000283 -0.0501916758867509
0.0066465289699628 -0.0893846908818488 0.000220436237212968 -0.0575604007268612
0.000814983606928156 -0.0927530563230862 0.0187272705104611 -0.0711745913804098
0.0323552364713107 -0.0803763600618565 0.0486115114274782 -0.067957097038599
0.0655052359832393 -0.0597978013095188 0.0860506120537334 -0.0274148867942905
0.110470623036636 0.00867831571712663 0.0814138142516932 0.0311967128064957
0.0815828896145401 0.0865666038002053 0.029988828003941 0.0686414476084526
-0.0144247221766898 0.115188743892985 -0.0175977949038354 0.0370999671790228
-0.095020171901816 0.0992906572260077 0.0589322923976971 -0.0350531515842743
-0.0611795593702176 0.0191674935499511 0.136686963882726 -0.126306737156013
-0.0660727921876696 0.0480768022620242 0.155389840554011 -0.100849711414741
-0.0138424225568294 0.0816633210628294 0.113244086016471 -0.10480047689986
0.0458226137279625 0.0659398286349799 0.0503437509408986 -0.120981959740871
0.0631206996124863 0.00205663319365198 -0.00076125049971234 -0.0906675496145308
0.0383405240793176 -0.032416184819929 -0.000989529223519937 -0.0755828658406495
0.0228366690871763 -0.0493222150971095 -0.0053987778479052 -0.0766822829849717
0.00744518781118323 -0.0560878837749351 0.00059370716158513 -0.0806570773862141
0.00424825314061581 -0.0602477673331459 0.0213192091387942 -0.0952224887662132
0.0248490907699175 -0.0551839949535353 0.0583039153162403 -0.086552251456695
0.0487954421030734 -0.0384117548483583 0.099717932149369 -0.0370773643727376
0.0749910156926319 0.0163050062617858 0.0899347685225816 0.0309522487976408
0.0438708717661039 0.0684932880717363 0.0349721035805094 0.0679159376518891
-0.030493203365408 0.0737866784336379 -0.0141472036787022 0.0227900718071622
-0.0785175322958975 0.0418447670422807 0.0806574224596654 -0.0570496200187516
0.0292889574219606 0.0164470573992079 -0.0908626285930711 0.0831301306320711
0.0261922724734982 -0.0262906732604927 0.0151864315803855 0.014345008313883
0.000335942400319599 -0.0357327482481029 -0.0219502993586362 -0.0808751779746611
-0.0258479614263215 -0.0152818852609332 -0.0965966411880665 -0.0524973271449861
-0.0200852040594411 0.00940775194333789 -0.124882757555034 0.028478239556199
-0.00979799849933335 0.0131856097030401 -0.0903103667899063 0.10076917954867
-0.0124841838189575 0.0123929417960459 -0.0333195777123383 0.114894410713847
-0.00981762955635638 0.0105905002284178 -0.0031277784516243 0.0978340175056108
-0.0112747598894062 0.00469936562490104 -0.000204024181802803 0.0914776177547315
-0.00941252777095345 -0.00578110838070703 -0.0074391244652213 0.0905408462227964
-0.00522870381720616 -0.0170491355200498 -0.0169265331339608 0.0887823481870448
0.0136415346694232 -0.0236989981674594 -0.0501202900161852 0.0904900032727357
0.0387133350439063 -0.0100824469181768 -0.100878445000623 0.0835599836198025
0.0357851575706524 0.0199256636977819 -0.121126125298741 0.0873021394789782
0.0201034827892497 0.0409259291837277 -0.124673676791346 0.123681533341252
-0.0094943990726635 0.0746331244328071 -0.0890168935694015 0.0615244654832043
0.0207715371996985 0.0366035156241419 0.0203237331746939 0.00352729053329103
0.0351226098121994 0.0135114623101952 -0.0162258346428541 -0.101124399329125
0.0278349649157026 -0.00209118174218544 -0.102529163249224 -0.0770766213003158
0.0170215656425786 -0.0143401517548539 -0.140419148936632 0.0191721870899814
0.00922497696160988 -0.0201711290522155 -0.101939201495969 0.095397379023422
-0.00420003101003543 -0.0311914004856676 -0.0406419040565383 0.114010594648271
-0.00830804690996174 -0.0318105306916905 -0.0031353743294392 0.0938347980663476
-0.00395961772099574 -0.0361014351742466 0.00431569643023172 0.0869522692597035
0.0186648390540483 -0.0344112380776698 -0.000870946183873114 0.081594593248063
0.0361307413339139 -0.0281173713541467 -0.00445595146778921 0.0828130957653575
0.0621439664511302 0.00390746572459275 -0.0290875853325853 0.089923375891703
0.0587137479567839 0.0454412213268216 -0.0776732545981952 0.08984670314714
0.0118713934749196 0.0776757779666253 -0.0974829403261719 0.0996280009610086
-0.0308672681379534 0.0937296443716398 -0.103824426364611 0.124472460656938
-0.054168238004748 0.121235764478531 -0.0698656757436626 0.0279106216376939
0.00024374962515479 0.100841568871006 0.0367804887271658 -0.0163000366160138
0.0608977995281786 0.0741537354391911 3.91268115477958E-05 -0.126645624825797
0.0845670913107937 0.0242123555171261 -0.0981831688140118 -0.109920730279609
0.0619126944286401 -0.0324394575093992 -0.146574105608393 -0.000922662620396434
0.0338056514263887 -0.0500965506379087 -0.106891445759911 0.0762431101096228
0.00818347432223526 -0.0696365734077471 -0.0449111839475469 0.0973445651295853
-0.00602764859268727 -0.0692980206494661 -0.00276974431245613 0.0763488105468949
-0.00125625829213686 -0.0726177361123302 0.00949746923540266 0.0674916966367964
0.0349468408682713 -0.0620903820281187 0.0118776043076276 0.0616018194984648
0.0650056238600314 -0.0468765092269642 0.0177099974562585 0.0692526497503343
0.106336156578059 0.0116584522700933 0.000925471106862596 0.0863647396070014
0.0881601712976963 0.0811775744847192 -0.047775880394867 0.095417725907926
0.00685101023584932 0.123775574879745 -0.069387362174833 0.103386706430317
-0.067177463564371 0.137492866312492 -0.0695314314994169 0.108995548327974
-0.0963069839777549 0.147722478902082 -0.0323842364987552 -0.0134352448505154
-0.0332533313928075 0.151863650115575 0.0651423251575083 -0.0404004498431225
0.069954356968907 0.136085797021417 0.027437904062954 -0.147907633179071
0.130870845291727 0.0611742777609993 -0.0779350505210107 -0.140999966452919
0.105542456403084 -0.0385941489440253 -0.13804308972826 -0.0284913843178016
0.059207389713389 -0.0716567465900095 -0.100078238123883 0.0450056555155209
0.0225493267322263 -0.0982107708745602 -0.0445594225041007 0.067381221843342
-0.0029082389036215 -0.0974853248605966 -0.00227732667742459 0.0470656534384064
-0.00197216653880784 -0.0991921177114196 0.0147141661759545 0.0366174170829499
0.0411615076220712 -0.0846417060009666 0.0237066632988467 0.0313059151012803
0.0791645719147228 -0.0649852102846775 0.0401835187849071 0.0468098845441302
0.134517801979684 0.005597143098297 0.030388675543753 0.0750308681418082
0.114009558359877 0.0959496422835373 -0.0183752736225653 0.0932478292807556
0.0109941206652593 0.150107146449184 -0.0454236054690466 0.0944562952455198
-0.0875168453309324 0.163115826057775 -0.0315251797308869 0.0786633336238798
-0.123427939005731 0.146054587165497 0.017774920344042 -0.0548331179307714
-0.0698882532110133 0.173814558325441 0.0995997977854585 -0.0644734925098939
0.0560517537599541 0.177419674164919 0.0625917689228606 -0.155378946482061
0.148438370320943 0.0965003299806457 -0.0416178595451116 -0.159406955326845
0.133688761924331 -0.0320225732602007 -0.110214543691937 -0.0563059382361284
0.0760515756720623 -0.0789647763790319 -0.0802880844780505 0.00752160018420484
0.0334279437129094 -0.110801405616787 -0.0375761839201451 0.0278704962397784
0.000672972245915654 -0.110235932065558 -0.00155160021524585 0.0113597981738297
-0.00312533036298984 -0.111043817871234 0.0172952384044059 0.000540541817903112
0.0399109768285349 -0.095394092894863 0.0326939432767804 -0.0034344548202944
0.0804673270020024 -0.0744060181598068 0.0582915226614758 0.0191880192696269
0.142524080552876 -0.000415976784598189 0.0535232448060942 0.0576230185126483
0.120859700219339 0.0974246912125458 0.00463756731172947 0.0846270152658984
0.0118042508713595 0.154134292080672 -0.0301676115261686 0.0768697860630273
-0.0969349276734629 0.163631581266072 0.0031681858698249 0.0389751843977618
-0.12716638376708 0.120971198947779 0.0714039457970219 -0.089464725293117
-0.0927762799843849 0.15759685749149 0.132234366891576 -0.081195446565893
0.0273161554249312 0.181367941968561 0.0943945893865481 -0.145618640085582
0.132477727871907 0.11412778639667 0.000574222828057047 -0.157102368558689
0.133166778768272 -0.0182417763552013 -0.0690988595033614 -0.0757690074089997
0.0781651945783992 -0.0721749457297134 -0.0506157501192591 -0.0285076312131122
0.0377275623680134 -0.105211433520889 -0.0268213944007179 -0.0133919275279119
0.00428685008824698 -0.106568861673592 -0.000284377486973409 -0.0245862021459138
-0.00172935186320167 -0.108619931342692 0.0181228733318642 -0.0364485375731152
0.0360569660870346 -0.0927823761682318 0.0400967810750388 -0.0375272976839154
0.0745945674675939 -0.0712008454305636 0.0723648363091357 -0.00656919132018274
0.132473485051578 0.00139008545448654 0.0684336113932596 0.0416518701377296
0.108070922546145 0.0939081052433183 0.0194375185149189 0.0748794117584679
0.00159281814648743 0.139569638217089 -0.02307703525492 0.0560180927335138
-0.0993887253896604 0.14002811127235 0.0324041787573295 -0.000683981432968937
-0.103823962062503 0.0749930213910237 0.114208477358951 -0.112131345243471
-0.0906861397106329 0.110465716512974 0.152279170166546 -0.0911496902895832
0.000699100991924625 0.143493359668256 0.112537986808749 -0.123094694800672
0.0934523925755676 0.100913715944287 0.0333277716498522 -0.139833233099714
0.106102826547719 -0.00567453257623563 -0.0287072028266506 -0.0854958027605101
0.0634762395027196 -0.0547131017925191 -0.0212130019347463 -0.0565998721721135
0.0334139512092446 -0.0829372903386195 -0.0149434379219226 -0.0495256524102517
0.00657139431835817 -0.0875177446913208 0.000640967743710823 -0.0559067150629628
0.000983498499528675 -0.0891468637916392 0.0189471663875874 -0.0683369360432964
0.0317516800917097 -0.0779268087502857 0.0473502582065577 -0.0649758961354846
0.0643913172443676 -0.0572348056041884 0.085134307906348 -0.0261316250473916
0.108316390481657 0.00890229496511654 0.0792302259734005 0.0315786702942255
0.0788406781720022 0.0845161793959509 0.0286493972144641 0.0683505514085011
-0.0152763684478884 0.111260841126029 -0.0184699701068383 0.0363692491721766
-0.0932619815123338 0.0962844077927198 0.0582691277120256 -0.0337295782673867
-0.0596394527160312 0.0174202435789192 0.136078986264513 -0.121554979294661
-0.064847005268032 0.04642185630551 0.153276275796119 -0.095590170806422
-0.0146805169539064 0.0794864691605317 0.112583571088748 -0.101009725619323
0.0448534751358725 0.0642792774815121 0.0499240709726785 -0.118575479522203
0.0614561800657838 0.00216100769046517 0.000327072535469037 -0.088601907511722
0.0373918696213292 -0.0304837261921963 -0.00109828791999449 -0.0750333785094856
0.0223012438382522 -0.0483700211213889 -0.00505049007620751 -0.0745238965992417
0.00751827684257185 -0.0547584451069642 0.00145282382992915 -0.0784510376687916
0.00513756858718519 -0.0584054348840044 0.0214305444599292 -0.0917889781502498
0.0241095134685329 -0.0532650346925544 0.0568861491531884 -0.0831582361247353
0.0481351356575172 -0.0368354638435305 0.0980129211364861 -0.0352441815133467
0.073683357916394 0.0160045105009027 0.0876028544435822 0.0315890373590537
0.042582508907671 0.067092084000339 0.0327525252558827 0.0671091774664281
-0.0303439682567007 0.0711485235426079 -0.0147673320743425 0.0225959844014492
-0.07646495218705 0.0403124330477061 0.0798015475941668 -0.0548306591682064
0.0287143393187425 0.0172935938156106 -0.0918417036529497 0.0822723166457406
0.0262246719019694 -0.0255245994341619 0.0156822062141065 0.0148880885871824
0.00117445578829514 -0.0358305586052543 -0.0212330946617124 -0.0819270316899036
-0.025215506450835 -0.0157602724431832 -0.0968910162418161 -0.0545976322164352
-0.0195554242915201 0.00860073307204154 -0.125618193917555 0.0276533162232661
-0.00920121532599747 0.0125942607298052 -0.0900331058178381 0.101036461781485
-0.0118360157041604 0.0123184146818934 -0.0338747781024782 0.114788538447093
-0.0104339263017742 0.0102705235267715 -0.00365209843533618 0.0981888927134777
-0.011120841773845 0.00466769093521366 0.000390767569236563 0.0917960668468567
-0.0089246406936438 -0.00611899817892106 -0.00710820727592458 0.0913552979801106
-0.00533372455580218 -0.0169460366992782 -0.0176406909118227 0.0892355217403921
0.0141412231436865 -0.0233838560463601 -0.0524645570497121 0.0901453432532924
0.0387023316126887 -0.0100001195136075 -0.102651992407182 0.0834096670351001
0.0342989470333439 0.021148072492127 -0.122476454243923 0.0853972786696889
0.019348061860316 0.0415987051027479 -0.127660015988087 0.12271698481708
-0.0103146690509288 0.0759784422640846 -0.0897149666517828 0.060062501831662
0.0204480945480394 0.0372345357926437 0.020904949876948 0.00425930816526722
0.0360535997361602 0.0140076027702342 -0.01537179931475 -0.103427399719004
0.0290396617963617 -0.00243812801304226 -0.102910142984398 -0.0795444842596125
0.0175276992803868 -0.0151164316791591 -0.140665006723428 0.0180747099380526
0.0100072229341526 -0.0208010817132792 -0.102279890797338 0.0961444837191674
-0.00430534087919709 -0.0309501673958447 -0.0402487188692477 0.113634131274539
-0.00907215360045114 -0.0318807956310444 -0.00342009545799612 0.0939732310075872
-0.00395793814192508 -0.0369391381221991 0.00438671508097046 0.0867283070231
0.018900508647524 -0.0347409843493298 4.0944535846576E-06 0.0825247618094942
0.0363412976651875 -0.0282943254970853 -0.00465079560083762 0.0830061895981239
0.0632377338447765 0.00420787613427156 -0.0302122168876464 0.0892582307969764
0.0588218622313425 0.0462686880896149 -0.0795967743712843 0.0903285881592416
0.0100425232536303 0.078545501541664 -0.0988247339453139 0.0986838383637681
-0.0324751782859945 0.0942593783295506 -0.106229693947686 0.123877962098624
-0.0555630613417166 0.12115848463735 -0.0706407403976998 0.0265288443859627
-0.000755638576380632 0.101474038130842 0.0375230672396302 -0.0153868476293888
0.061332806936353 0.0756291737180394 0.00191224952966437 -0.128450238900726
0.0862694417242977 0.0248064177472289 -0.0981208256802268 -0.112549556254981
0.062601713885947 -0.032202482613959 -0.146606039936831 -0.00262366676374615
0.0350281816434368 -0.0505100141442622 -0.107008667012407 0.0761983338765293
0.00759660382987068 -0.06975834791943 -0.0445833841473011 0.0970702534052467
-0.00665940576504221 -0.0700428212146338 -0.003506274208992 0.0756109747888141
-0.00119261463637225 -0.0729999656584501 0.0105373267666097 0.066611392299725
0.0354706731929912 -0.0629649003777012 0.0125088102926155 0.0620425542246878
0.0655134019187387 -0.0467010702850935 0.0176299879139045 0.0699064148542415
0.107241455362692 0.011661176106656 -0.000652249266553718 0.0864092113405873
0.0886663799454892 0.0817649869753225 -0.0497813901113138 0.0954360329492538
0.00512260530322759 0.124463722260989 -0.0714552637940895 0.102429726039939
-0.0685168311705745 0.13813377266176 -0.0711913931818353 0.108594290483922
-0.0980627184155697 0.146975081681933 -0.0327090164540423 -0.0143461271809003
-0.03510359424113 0.152717800128083 0.0654990856178435 -0.0396542822937956
0.0692164635267926 0.137237369646738 0.0303329622634459 -0.149111993292919
0.132714943239446 0.0623925814705058 -0.0770255715131254 -0.143776164372856
0.106187764573957 -0.0382886201382123 -0.137081261642972 -0.0298575106466583
0.0604034112043703 -0.0715126186907988 -0.100198605277678 0.0441236236777538
0.02147728503802 -0.0984692469247826 -0.0438574316783052 0.0664676210228398
-0.00392935526778568 -0.0976555802442509 -0.00263577867515623 0.0464550211203324
-0.00185968377812145 -0.0989360458129572 0.0151203799132164 0.0362297360809592
0.0411168934922312 -0.0850993785909719 0.0245500801118738 0.0317518933728338
0.0790801441581641 -0.0648547118444151 0.0408251556256095 0.0471838460996465
0.136028778599216 0.00573590650938513 0.0300827133368533 0.0751410704465374
0.114415416422866 0.0969339092040521 -0.0197856446045129 0.094179054844193
0.00923730491341031 0.150854093272499 -0.0470452804695812 0.0947898161443996
-0.0889775802910343 0.163554054477379 -0.0323998874067695 0.0781667829969351
-0.125361342140712 0.145649377606455 0.0181284839749378 -0.0552749444180282
-0.0718033612416959 0.174524276832402 0.100745274931226 -0.0631686702508557
0.0557141550792873 0.179749665619603 0.0657119690898897 -0.15640757937483
0.150525603643293 0.0977691201935696 -0.0404517632961742 -0.161566607467445
0.134317460026247 -0.0319510082082592 -0.109022883894158 -0.057792725961705
0.0768795218206714 -0.0793352527008528 -0.080480201529264 0.00671263121752986
0.0328314284914742 -0.110919721853273 -0.037257266030365 0.0272367472512868
0.000197003836387141 -0.110933350616321 -0.00199198108834108 0.0111858149718919
-0.00345115561147385 -0.111227128896032 0.017383904741223 -0.000338195221540971
0.0401679675445462 -0.0958193748686983 0.0332242229466753 -0.00283451849441058
0.0809714053541571 -0.074602948908263 0.0593488331831708 0.019577327125423
0.144175003028826 -0.00034778738342547 0.0538037486321874 0.058150789713967
0.121620277174692 0.0977824596612766 0.00355723834264522 0.0859471456523317
0.0105086298987548 0.154540218252095 -0.031586713123466 0.0768790298019344
-0.0985249296797173 0.164530096491649 0.00285972208209441 0.0387916318281002
-0.12862177866765 0.119947396805442 0.0722387295000032 -0.0889722471329057
-0.0954053571665226 0.15749779841616 0.13371018660013 -0.0797746974667078
0.0264219595721562 0.181977544110163 0.0971187727944191 -0.14524849203486
0.133961929987805 0.114784241241344 0.00110351091759701 -0.159079443144141
0.133291299010786 -0.0172978127113507 -0.0678915630892658 -0.0769256777606875
0.0788535251412959 -0.0719209365683126 -0.0511443454189843 -0.0298514717302755
0.0368625953073253 -0.105679215897182 -0.0261047111701701 -0.0136861462784478
0.00360988638380363 -0.107214603669556 -0.000943077791113948 -0.0253624182973998
-0.00187258406762325 -0.107713486279632 0.0180501728323283 -0.0367861087936848
0.036208515652999 -0.0931990420874519 0.039697440555178 -0.0370502601051526
0.075153732803818 -0.0715103001334257 0.0729716632293794 -0.00649781850804973
0.133316349894232 0.00178470249184583 0.0690296934216708 0.0425655020908356
0.107657762518625 0.0938679499324492 0.0186300186745538 0.0756825293509002
-4.15467033184813E-05 0.139643199235814 -0.0241613172821244 0.0562040636689446
-0.100303033536328 0.14027863926441 0.0324837079465812 -0.00121222517642906
-0.104974920728382 0.0739428305044097 0.116331440314958 -0.111414332238938
-0.0918206031146832 0.110253692506236 0.153466570786616 -0.0896993457467687
-0.000401827590369464 0.144330930682086 0.11515841697947 -0.122009427721729
0.0941676908048107 0.101511082488776 0.0348199481215668 -0.140133455395017
0.105821077788121 -0.00526809894743545 -0.0267172184096557 -0.086516556650998
0.064392229759355 -0.0541086200788029 -0.0215581149154382 -0.0582657741923464
0.033119787772907 -0.0830978863392096 -0.014660038445813 -0.0496027024313971
0.00627334902783497 -0.0878012285329903 0.000673652021078274 -0.0561686737315928
0.00104136824903148 -0.088831627831488 0.0188262156053816 -0.0686085163863209
0.031955618688119 -0.0785852512174799 0.047254455435993 -0.0643518634918777
0.064888936302686 -0.0570124497952416 0.0858851970194876 -0.0255822900678411
0.109243425309184 0.00925923992250731 0.0802026427838845 0.0323696116210243
0.0787939337691804 0.0849833431921727 0.0278138811125559 0.0690953747672605
-0.0161767190145828 0.110661676846524 -0.0195403904660346 0.0365256185361081
-0.0935274147862719 0.0966098333897196 0.0583239911509129 -0.0337684863897537
-0.0604647041463106 0.0172799961076066 0.139386023529817 -0.120616331585295
-0.0656086677387419 0.0462613474588275 0.155035613152625 -0.0940668459892152
-0.0148499129717207 0.0795087207131872 0.11471231555054 -0.0994105864885848
0.0449723114161745 0.0648883483953482 0.0507638285676277 -0.118814374677434
0.060844494421608 0.00222348808541941 0.000505209910948963 -0.0891174110318405
0.037449501865697 -0.0295668495806451 -0.0013419076812399 -0.076821040022099
0.0224715138884321 -0.0484807436895914 -0.0055238768008917 -0.0753053454312748
0.00730940029064111 -0.0549335472896418 0.00141738074002568 -0.0783427335712076
0.00478122908122122 -0.0577300408854533 0.0215632546312189 -0.0920187700795574
0.0246883765674554 -0.053285921475388 0.056780020362205 -0.0822217483309192
0.0485239342016927 -0.0366805492631992 0.0994782390319219 -0.0347463041150084
0.0742276815302211 0.0168351929809093 0.0879621079362799 0.0326349856951795
0.0421208005397968 0.0675567211264969 0.0322550198846049 0.0684647468233755
-0.0309941200679743 0.0701185116509071 -0.0157115378140699 0.0225740305410778
-0.0768757717591676 0.0399693809997926 0.0793710083170655 -0.0545302086969869
0.0306718249160535 0.0169184374731811 -0.0901353174668323 0.0890836431521572
0.0232812621257665 -0.0276971317562044 0.0196859438289949 0.016520134609565
-0.0031709966873952 -0.0360700531775254 -0.0225644693967495 -0.0816023325681982
-0.0283501321728353 -0.0127522607767445 -0.0997595080016071 -0.051772054927899
-0.0190136115520612 0.0119667355337601 -0.125735073364665 0.0353779692969134
-0.00717902003398647 0.0152579355659912 -0.0829379141191772 0.107208134816943
-0.0106234146358014 0.0152463531151489 -0.0243813840527303 0.116854014053057
-0.00932433958847487 0.0115994569983772 0.00380396607244861 0.0997633048877033
-0.0105783877329874 0.00554205733276748 0.00781265055453125 0.09472252109287
-0.0109071240967528 -0.00604806649425936 0.000969843004884305 0.0963674336428566
-0.00829525030535034 -0.0172910144905073 -0.0116789116339708 0.0939573819355049
0.0115646348964416 -0.025935355076127 -0.0497177446409975 0.0983954335382627
0.0376679996947112 -0.015795016945904 -0.1039714113329 0.0943285744880885
0.0351380598313351 0.0173069956447676 -0.12334761993487 0.0939437057084372
0.0210011028963343 0.0403128413629125 -0.126937847258398 0.130502068946429
-0.00243268976477848 0.0781535660215193 -0.0934892827625835 0.0632939428710029
0.0246790076559928 0.0349144188255539 0.0201581821372593 0.00502549736773496
0.0369685672867016 0.00952845080327135 -0.0229898668774385 -0.101353349720387
0.027749373248554 -0.00549957790175243 -0.109400755000568 -0.0726678176775711
0.0147902083411464 -0.0148158360834068 -0.139689110046192 0.0290688084802815
0.00874792768726304 -0.0198723898506942 -0.0944511201493683 0.104468010051012
-0.00779229687726431 -0.0298227133506081 -0.0287299811436406 0.118729437496928
-0.0115160255705048 -0.0312527417171723 0.00399670370240339 0.0945755773813559
-0.00758905126299202 -0.0361371290794978 0.0121490728567527 0.0885957065494854
0.0145661093909248 -0.0376217002698816 0.00679614964705888 0.0868640920756519
0.0324167739458995 -0.0316689331535736 0.00126638989767778 0.0871925076746968
0.0636499678942808 -0.00333957315916827 -0.0287541046438735 0.0959765509261801
0.0627351615930749 0.0398089045048965 -0.0809375679432047 0.0976425244291087
0.0140344643459123 0.0788588697211777 -0.0947698248134034 0.104028009406039
-0.0298333208126571 0.0993239643327797 -0.0991891040361912 0.129250493077009
-0.0427225799035754 0.127176588682763 -0.0789179418565135 0.0249648081860805
0.00894490345011081 0.100584216930871 0.0315233707744167 -0.0172580211415375
0.0684277175672677 0.0681669180928833 -0.0126744973149853 -0.125513625380174
0.0885121585772503 0.0141268546061137 -0.110435784346828 -0.101971771229366
0.0578774019043961 -0.0366746193845078 -0.145217740430641 0.0116120060789547
0.0316741779115181 -0.0523652148041191 -0.0995451422066145 0.086190172645163
-0.00033519323528871 -0.0709068878309547 -0.032921755925005 0.104408925814375
-0.0124843578817734 -0.0695805942297518 0.00291846315537006 0.0756893688797046
-0.00848401567686842 -0.072579942619773 0.0164177480443065 0.0674810977930532
0.0291710294582107 -0.0672585366971065 0.0184404271833822 0.0653257949703627
0.0604379394482207 -0.0523654547714913 0.0239219043850117 0.0724022731948469
0.10894661114698 0.000101735392534701 0.00103000784867912 0.0916163601843101
0.0960814540541974 0.0736976567994709 -0.051151422760397 0.100647163397445
0.0127059082496062 0.126905033632439 -0.0639112521782694 0.104570123515641
-0.0644591840282942 0.147474324987285 -0.0602933381435324 0.11124009250975
-0.0820729728897245 0.155517391994794 -0.0441375420158936 -0.0206341977141338
-0.0206761217780002 0.154904141150341 0.0553719287621631 -0.0460604961426662
0.0828536764843815 0.128625795890564 0.00928113379504989 -0.148608437999088
0.138762001405758 0.0454802407374845 -0.0956770658185666 -0.13175026132109
0.100450598050456 -0.0479645507840448 -0.137608715648257 -0.0141422688603179
0.0549213377256521 -0.0753719429912012 -0.0947711829796322 0.0550096044337199
0.00964730748602209 -0.101442691594909 -0.034050709315808 0.075350760152655
-0.0122578434821629 -0.0975365831402978 0.0020374320289209 0.0459796086407322
-0.0121723512802473 -0.0987932404833817 0.0185882410156071 0.0354931578617174
0.032797016853456 -0.0902622475744453 0.0281244019008219 0.0336760477420291
0.0727090466753524 -0.0720160409593141 0.0459850156636164 0.0482506149655403
0.137073154578294 -0.00840358689736224 0.0323559248352489 0.0782166975173734
0.122682949194944 0.0867341342409993 -0.020956876743196 0.0971069411268512
0.0199027975707989 0.153309696814776 -0.0391221940007768 0.0934184354760915
-0.0828162406363291 0.175964845122151 -0.0193230614325788 0.0765386606522466
-0.110126654693147 0.156657042748808 0.0058670999124822 -0.0669344213996903
-0.0546293620786855 0.178527064979825 0.0878630836602291 -0.0742085749253735
0.0731395621921293 0.171758621992114 0.0414746353072149 -0.159652163971282
0.160363830501885 0.0789324921762072 -0.0626543566817022 -0.151545256766184
0.128082561529995 -0.0442334028397964 -0.111015992591865 -0.0422206068095307
0.0704643501542157 -0.0846523662471385 -0.0769244735383896 0.015405636665198
0.0197195597356181 -0.115223129859719 -0.0303938147626346 0.0367581922197306
-0.00926180948982758 -0.110874133710247 -0.00019832541313568 0.00977759897800095
-0.0145471903561245 -0.110060375137358 0.0182976324250855 -0.00205694513848167
0.0309916190805803 -0.0998430283383095 0.034975729971576 -0.00306870097990273
0.0735406445178721 -0.0812669909700582 0.063423579465705 0.0185195686068493
0.144360435077325 -0.0146444376541321 0.0560606286030274 0.0594396537713604
0.13067581524137 0.0875589863431117 0.00240578317225306 0.0868765712407002
0.0214616556176207 0.157026974388462 -0.0241905725942471 0.0748040572717209
-0.0912147589446895 0.177856760039127 0.0155563095050042 0.034008021299304
-0.116481178013734 0.130110978487604 0.0618732451007679 -0.103757798152194
-0.0796896780390018 0.163474100984403 0.121248455513104 -0.0936672581666654
0.0449541190398465 0.177095852172538 0.0740116937827495 -0.152261778251371
0.14679767372657 0.0966663089242113 -0.0210645323619854 -0.152438538981722
0.129849443094827 -0.0305252290307635 -0.0718875410439632 -0.0646891229374135
0.0724752745073159 -0.077559395526325 -0.0507170391975332 -0.0228655602662892
0.0250872346710671 -0.110825858989834 -0.0237668624968766 -0.00455297953677441
-0.00603689517544488 -0.107710564260622 -0.00221932471383157 -0.0267447692442212
-0.0127151374237472 -0.106928830807889 0.0156173106837714 -0.0391792431712009
0.0275751584290018 -0.0971984582224443 0.03898106885668 -0.0386415296480034
0.0679067999142848 -0.0771426369005994 0.0757944929696222 -0.00943887016285172
0.13394470018092 -0.0117189113316166 0.0718492621687767 0.0416537003835264
0.115995912850868 0.085661377736887 0.0185703070587302 0.0756236718195154
0.0101463177038908 0.142248014417709 -0.0176329601017913 0.0534360811483523
-0.0936630920861886 0.153949237901361 0.0439489852438009 -0.00668540770545424
-0.0974431291061658 0.0817469184073542 0.108652985033924 -0.126983297566076
-0.0810485298968029 0.115143289122047 0.14375360978623 -0.104892695054366
0.0149638248213291 0.141230697351081 0.0965753312826621 -0.131248546721398
0.105060656854023 0.0882746457209445 0.0154226677843662 -0.138309264335145
0.103194350824894 -0.016231951565903 -0.0326851759814627 -0.0784099586119543
0.0588592208817523 -0.0590610341396916 -0.0241742728334213 -0.0548230008937152
0.0233823696892886 -0.0879504984429927 -0.0160051979232785 -0.0432459230137888
-0.00156498748636486 -0.0884742310058243 -0.00288852565512531 -0.0581561626495942
-0.0075636570595673 -0.0885569129861539 0.0146614769536205 -0.0717278536536017
0.0247772800120335 -0.08088975872788 0.0443426059081778 -0.0680193467637671
0.0594616746867755 -0.0617638631658323 0.0872093876969534 -0.0307931440194574
0.110077017229658 -0.000657331406135572 0.0824903869772137 0.0298697930131427
0.0856980362842441 0.0790917618530456 0.0286913209313737 0.0674090146311177
-0.00945852102856438 0.114397550811894 -0.0142438633628067 0.034931995459134
-0.08971217653932 0.108343681424909 0.0666134524006625 -0.0403428710029463
-0.0587971766408863 0.0206795758789493 0.135268574098508 -0.133210052638404
-0.0610873712558901 0.0493369473777063 0.14864986452067 -0.106969961947824
-0.00646939085815716 0.0786245466633019 0.103499114373187 -0.109796567737618
0.0524717151979772 0.0576145443461909 0.0377639270461518 -0.120203235052684
0.0589969066176021 -0.00472398033449526 -0.00495148765371975 -0.0859784147080213
0.0337892945059514 -0.0323405334883646 -0.0063486595022163 -0.0758232786142847
0.0165905873248725 -0.0517447347727445 -0.0107409209325327 -0.0715215958275224
0.00242188227900426 -0.0559686151413282 -0.00376700083030816 -0.0797564280955492
-0.00116658168058112 -0.0578156697692328 0.0152957531462236 -0.0956018929237784
0.0196603289209538 -0.0548856262953822 0.0531040659908858 -0.087377712246747
0.0445162042080106 -0.0394400756792806 0.100672455085805 -0.0416037560469365
0.0760810963287113 0.0102593831292147 0.0917624887375216 0.0284316488703455
0.0468507225139318 0.0643158254756687 0.0355001655498171 0.0671573677912143
-0.0269033416612108 0.0735228501848496 -0.0118126529029194 0.022261138788324
-0.0754713340710519 0.0484281703750488 0.0849309967975388 -0.0602738238801259
0.031689003191213 0.0160661044767715 -0.0869983765336149 0.093255078678803
0.0226369306623098 -0.0276047209939026 0.021295363718247 0.0158233724057415
-0.00434690010437728 -0.036695423390596 -0.0263755973975818 -0.0826873232960769
-0.0285518644202447 -0.0116731348509419 -0.102845886983789 -0.048545044711883
-0.0187778142259912 0.0120543861436515 -0.124658898226646 0.0409857538162259
-0.00682258359356214 0.0148482189702491 -0.0777533226355788 0.112286319483744
-0.0100737705271717 0.0156509871580303 -0.0186482260026758 0.1182887923986
-0.00903446757469415 0.0120413006323428 0.00844408464933478 0.0997521424449099
-0.0109365110442013 0.00585350433483939 0.0133676739697112 0.0942884945509531
-0.0109302542080715 -0.00589255505053509 0.00591053122159511 0.0964917767637394
-0.00912834317275229 -0.0169088104741627 -0.00802364859122826 0.0950578347420262
0.0111227567635229 -0.0270059989056819 -0.047407766344363 0.101734926183329
0.0369186791016525 -0.0171575335415643 -0.101128127504993 0.100162756336309
0.0353901102915908 0.0175859412546477 -0.121161302448811 0.0982968669072588
0.0220888183910924 0.0403737858646034 -0.123760393675706 0.136893351710799
0.00101801467682398 0.07929356164858 -0.0920554648617415 0.0672566902994291
0.0259261860987854 0.0352746649600156 0.0217800136747225 0.00419172945577894
0.0381810017955518 0.00804494246952635 -0.0268209038709551 -0.101847021168
0.0290533795959872 -0.00710948795303832 -0.113860832003948 -0.0700482218946436
0.0148754771192554 -0.0160196503579857 -0.138922923210639 0.0341816846743415
0.0084090093389638 -0.0213254074542551 -0.0893139925437248 0.108992455921791
-0.00989299835067445 -0.0294200117309471 -0.0231982942983194 0.119879676495044
-0.0138653818187491 -0.0306613730183975 0.00843169707174363 0.0945015864141469
-0.00954441037050422 -0.0363986410214711 0.0173337390155857 0.0878885938057988
0.0128541242220167 -0.0387194027767043 0.0122931666299195 0.0872294369975855
0.0312344077737876 -0.0338221584181176 0.00547594775594753 0.0886980307082686
0.0647386101258605 -0.00637600690742567 -0.0258207126050546 0.098369565424707
0.064612922972704 0.0371089343393634 -0.0782354097839723 0.103069276720759
0.0170535508761259 0.0800135842525104 -0.0920227270508329 0.107136119421776
-0.0257915630301847 0.101784176350523 -0.0959822299510624 0.13418016169402
-0.0381427089857417 0.130533251416924 -0.0784978681765882 0.0280360905657609
0.0126040516883634 0.101373776802243 0.0322886917884061 -0.017677506565923
0.0729521315413763 0.0659153948139532 -0.0170117524723027 -0.127255233700256
0.090877488131889 0.0096831525806907 -0.116065502529211 -0.0994885970342329
0.0565991228966826 -0.0397202683884259 -0.145687239613724 0.0167150366449574
0.0292917667016106 -0.0551792960599254 -0.0955754792332913 0.0910145184995949
-0.00426802419562916 -0.0708449792406014 -0.0275461013515896 0.104869162759729
-0.0166161181704996 -0.0690538891928482 0.00608340121518719 0.0757196336317343
-0.0122904943555048 -0.0726887210374105 0.0203924439350671 0.0662558941484942
0.0262255539098101 -0.0694200887021224 0.0225248101316597 0.064692461530549
0.0583487802487538 -0.0557834097930537 0.0273559012960971 0.0721653102616547
0.110672237939987 -0.00533288006890318 0.00438873230088554 0.0922005947677468
0.0997176892322269 0.0704436943334884 -0.0478484571354583 0.104791116149238
0.0168346866649179 0.12811571568173 -0.0606213431325134 0.107120788594316
-0.0588503588035127 0.15207306962147 -0.056768417061828 0.113645979667874
-0.0770902885517421 0.160937429320335 -0.045462257507677 -0.0202668632978134
-0.0144514480288945 0.157301224672558 0.0548037314097278 -0.0473492472891891
0.089427120064501 0.126764608641989 0.00406130161456115 -0.151135391121448
0.143318787468041 0.0387925289974344 -0.102312309073838 -0.130180511437701
0.0989309629709236 -0.0523817952614765 -0.138484324276735 -0.00970760171420003
0.0520136257066617 -0.0794415009375635 -0.0926377833015179 0.0590369279762027
0.00463381831794104 -0.101819350604761 -0.0299418179538638 0.0762663024958159
-0.0178642121734618 -0.0970867880908623 0.00326900314964433 0.0455323855027054
-0.0169114255309235 -0.0985419986938958 0.0204506319941045 0.0339593900131453
0.0291728211750956 -0.0917516609146 0.0314356033120155 0.0323503780411989
0.0703196176816794 -0.0756424363940953 0.0492968123602553 0.0464270367568711
0.138957309445315 -0.0155824980096854 0.0355179153782627 0.0775019171780489
0.128173542520131 0.0817950649782274 -0.0175108585552915 0.099732971954497
0.0256289250057525 0.154012177172106 -0.0360874635150967 0.0952699296592884
-0.0760264676079854 0.181659527601724 -0.0166655962745084 0.077392345852366
-0.105514434673893 0.161620526751891 0.00342272958289303 -0.0675358990923969
-0.0479345491567755 0.182731727779012 0.0863614009457516 -0.0769854417642577
0.0815760483842337 0.170243220503157 0.0365672211155444 -0.162788807040819
0.166763681294966 0.0718205358124555 -0.0697192440769615 -0.150561184680935
0.126964598732222 -0.0506768082474869 -0.112800583805057 -0.0386295008303252
0.0678125197273727 -0.0888736520594385 -0.0776163724022686 0.0188730021101753
0.013615928704496 -0.116980580741549 -0.0283374968918745 0.037046523321536
-0.0157010727015467 -0.111105769815279 -0.000280646984881188 0.00996197036654208
-0.0192117898595463 -0.110125467519579 0.0182018045506854 -0.00365800461395297
0.0260871552608018 -0.102412941242799 0.0354466025702055 -0.00419615917555614
0.0707718378631904 -0.0848382459482892 0.065121633310882 0.0157327669480721
0.14582074197782 -0.0224889159018333 0.0589093174268239 0.0573748776986265
0.135323024253354 0.083197235513363 0.00611443458553742 0.0886638519713409
0.0275807139171808 0.157473539442026 -0.0210990685115272 0.0759257233112837
-0.0840043607453006 0.183499892883748 0.0166493524689847 0.0331061612474381
-0.112336690182246 0.135985460385299 0.0584298474889869 -0.106972538360847
-0.0739368758975017 0.168895675575947 0.119163439111872 -0.099200362920609
0.0528711343120632 0.177291297844587 0.0697439542452287 -0.15720020133697
0.153358205778975 0.0909043509679698 -0.0280745191155762 -0.152987636920375
0.128432060217404 -0.0361607165578036 -0.0738467827603532 -0.0627783667455061
0.0699898694869112 -0.08166576241685 -0.0534983277961493 -0.0219606011701656
0.019456926852649 -0.112386654876377 -0.0235876728519652 -0.00529910723313931
-0.0120101776533382 -0.107803724463826 -0.00264527530010338 -0.0270937140565514
-0.0177399016850217 -0.106690486252257 0.0141933403451012 -0.0403134147510776
0.0235583890487058 -0.0990179965787454 0.0377632382892314 -0.040009480914322
0.0653847909472808 -0.0800578741924971 0.0770053949338997 -0.0138055170836168
0.135040141652804 -0.0183721825716907 0.0741640711795009 0.0388344857975238
0.12090027713901 0.0806797585749618 0.0215230137580511 0.0763751847106979
0.0155155283662864 0.143023114805202 -0.0155545720599092 0.054718751896884
-0.0871219703320134 0.159410020926393 0.043536366713032 -0.00969841766869508
-0.0951724670959718 0.0866020755725086 0.106233087983604 -0.13162941466482
-0.077407405380114 0.120040354105172 0.141471098103758 -0.109830612638857
0.020938953611336 0.142409552447757 0.0938612934168412 -0.136202516353074
0.1107660999427 0.0838200939950684 0.0101226054041804 -0.139997516866054
0.102882095922253 -0.0207540419027025 -0.0355838909254125 -0.0776856414862596
0.0569980840346101 -0.0618255560209707 -0.0279724240243397 -0.0547063728116129
0.0186825385975551 -0.0897609457935167 -0.0177127051615075 -0.0436316949368673
-0.00627139518254404 -0.0887753391643473 -0.00536683443682773 -0.0579609492749691
-0.0117389039362294 -0.0883963172657773 0.0110436498480996 -0.0725909012070909
0.0207656071120163 -0.082342688501427 0.0416186562112813 -0.0698769264731538
0.0569690878566151 -0.0641141497266933 0.087443014343158 -0.0349202698583182
0.11133713023773 -0.00594022751736501 0.0849264443532346 0.0269944780762052
0.0899331948637266 0.0755931006751739 0.0309162621370504 0.0681231784058914
-0.00472510269469126 0.115169241303942 -0.0133498424072884 0.0365020544707977
-0.0850625555483873 0.112889587743504 0.0654835821483004 -0.0432643047683346
-0.0587322158166277 0.0234499928896588 0.132181027306307 -0.13900803436749
-0.0601092974259109 0.0523478558026106 0.146080538353881 -0.113549662025552
-0.00350010961790358 0.079244843410573 0.101278415233455 -0.1138343484634
0.0546851480854282 0.0553344373965328 0.0328330544254281 -0.12216456727959
0.0585616657875245 -0.00711849788566245 -0.00855769912751535 -0.0871784989281651
0.0335356755676855 -0.0333357350714989 -0.010501090671043 -0.0769861366001435
0.0142129950584717 -0.0522541066484133 -0.0143001231676347 -0.0715426653999211
-0.000550428792861065 -0.0565212476743951 -0.00753811286727043 -0.0800016685144535
-0.00338653044960668 -0.0574051471060729 0.0110099397036727 -0.0965787338893256
0.0171334111538375 -0.0562336664006392 0.0492784525012954 -0.089443400155537
0.0434797402482366 -0.0413899822032757 0.0994821322454835 -0.0462483105152889
0.0771192465349233 0.00648779040219406 0.0941320101463074 0.025234225641683
0.0499314957187805 0.0626573646482664 0.0376681271695321 0.0670853939615291
-0.0244976506940781 0.0745628455024031 -0.0119540791237058 0.0240280237625856
-0.0729955523804829 0.0521569464477206 0.0823171989988054 -0.064890495975749
0.0320599943997819 0.0152503558372782 -0.0817411135245611 0.0950977919723287
0.0207071217051546 -0.0272131737809319 0.0232451640624305 0.0144575948719657
-0.00566885720803601 -0.0356218612139455 -0.0296347643258676 -0.0810667155919469
-0.0277283202541374 -0.0104645928941235 -0.103928862309115 -0.0441072402372273
-0.0172784838747616 0.012274051408973 -0.120794943721494 0.0451425362124259
-0.00544200105869453 0.0148120099742298 -0.0693313328188787 0.113235935366269
-0.00871465575996931 0.0161052321894585 -0.0116237356220977 0.116122737671574
-0.00816982245732364 0.0126302408584609 0.0132903433068028 0.0970099922300454
-0.0099650384056386 0.00616571110684354 0.0183238071917835 0.0912837696244454
-0.0109792248845337 -0.00516661920166895 0.0116685308622686 0.0942596835860148
-0.00975719219860776 -0.0159690718172627 -0.00340958729837389 0.0947908408577034
0.00987432804309809 -0.0268257746509216 -0.0424121986619779 0.102052463083603
0.0346132722152114 -0.0182814385987185 -0.0951404275648856 0.103082834123455
0.0347586803706322 0.017183869547696 -0.115181618301334 0.100450934694855
0.0237079079488313 0.0390174223134758 -0.116940612862849 0.139964645387478
0.00426914666623856 0.0786768922697688 -0.0874749966040379 0.0698140008784823
0.0273149201580587 0.0341655230135039 0.0227102294717198 0.00336033067250928
0.0380452889525799 0.00560283652451848 -0.0303724737588815 -0.100087432323589
0.0286925314043319 -0.00930572496447051 -0.115326259614758 -0.0642239662381922
0.0137047920441355 -0.0172680957207584 -0.134400507919429 0.0394884654346754
0.00749695907294467 -0.0219171585051552 -0.0809663257639188 0.111024301157901
-0.0114055173138897 -0.0280705592959195 -0.016359629597396 0.117386682626029
-0.0155976243921546 -0.0290978779517914 0.0126878103472187 0.0917107434147839
-0.0113573919498592 -0.0356567900129243 0.0214804962805422 0.0846532808139449
0.0106665216413694 -0.0393572478655493 0.017720206791364 0.0846204087700612
0.0287462682780827 -0.0345909171939317 0.00975473336057741 0.0864291018935261
0.0638868839914509 -0.00971199921990642 -0.0217726446418945 0.0978332459876441
0.064818820492322 0.0337720156501788 -0.0723243112265549 0.105353517083577
0.0194145524568319 0.0790555045018758 -0.085969819828118 0.108197053054244
-0.0205509584187187 0.101962093753497 -0.0889579481009254 0.135863327507858
-0.0314749711206232 0.130605667573003 -0.0766072996746759 0.0308702899859626
0.0176644268849883 0.0997848246426412 0.0314046397469245 -0.0189910521738023
0.0751464054111834 0.0615114411869376 -0.0221934932122867 -0.125200851852561
0.0906882134015754 0.00427656019864192 -0.118506007664654 -0.0936790853377708
0.0539699623633691 -0.0420592089639158 -0.14181707099379 0.0220812165268841
0.0265097569085702 -0.0559523056353531 -0.0892027023594363 0.0933674870610227
-0.00863828367446656 -0.0694115993136185 -0.0212326696183596 0.10313748809339
-0.0212290662728823 -0.0662028425821837 0.00934081160510148 0.0737706447991959
-0.0158645262854948 -0.0704909822639111 0.0238700178415165 0.0626946089833251
0.0217406803579629 -0.069913235480624 0.0263581295313655 0.0620482970743158
0.0543419999175049 -0.0573904934516307 0.0309587006870127 0.0689048556421544
0.109417709235332 -0.0117177762651122 0.00851350785339347 0.0900202128493871
0.101191599076205 0.0645025900813836 -0.0421209163187036 0.106223215257043
0.0217329985675457 0.126055997120627 -0.0550921560877783 0.106933491457237
-0.0504882384824816 0.152880020458692 -0.0509809784662744 0.113931873762495
-0.0686846244351978 0.161646892008992 -0.0456244442958573 -0.017789188103457
-0.0078135916294928 0.155185424345437 0.0522987179123851 -0.0479665626418346
0.0948492564661334 0.120591414755593 -0.00193571923691791 -0.149793520589628
0.144008152803726 0.0307248996385195 -0.106351191822364 -0.124271567285783
0.0954411547405715 -0.0562964940534304 -0.135457008060152 -0.0045141801902197
0.0472238518601654 -0.0807177876211548 -0.0881794194150918 0.0622036535114797
-0.00166685664008135 -0.0999392358152402 -0.0248943732403413 0.0748016460990755
-0.0240485842567772 -0.0940887916108287 0.00497458381285587 0.0445647145143481
-0.0215471193024343 -0.095295970423831 0.0224174625177403 0.0315072061544158
0.0232248854660832 -0.0921238464464035 0.0330887344856788 0.0298616350818055
0.0649783988873587 -0.0782419121605751 0.0512760329899608 0.0425747951234034
0.136300886767994 -0.0233226126557438 0.038050414060448 0.0752233487706362
0.129117993468808 0.0740234705784236 -0.0124648980054328 0.100350846110898
0.0315807900338323 0.150778534664062 -0.031313136698071 0.0951581794600002
-0.0651357823336992 0.182768512821913 -0.0136541545926685 0.0757792129465825
-0.0969672736307243 0.1641857689461 0.00120440162187828 -0.0665186868014585
-0.0398970258418494 0.182611013842349 0.0815449660726804 -0.0784615596260961
0.0886147652529705 0.163679617751338 0.0294606547452657 -0.162373553638035
0.168180447356825 0.0608126073007376 -0.0756829223760607 -0.145205593990473
0.122184710465012 -0.0551242516326033 -0.111736809798793 -0.0336569514560429
0.062427622506663 -0.0910897425173487 -0.0754250543374649 0.0217193681958378
0.00715955246505906 -0.11526316607915 -0.0256110971382023 0.0364368886367072
-0.0229466178240921 -0.107906213911442 -0.000369798904961677 0.00954909027772727
-0.0253609564449834 -0.106311653618089 0.0178999300862235 -0.00506866919868349
0.0198172370574618 -0.101947070221164 0.0355156312969345 -0.00565521533013356
0.065073523229244 -0.0862840413904397 0.06509747431351 0.0109336399416716
0.142468754398436 -0.0298680707851653 0.0604157345188271 0.0534595491376439
0.137066996568962 0.0737268762720113 0.00961159196246652 0.0888454733682652
0.0336903020848908 0.152970854665415 -0.0184277758582924 0.0757771761299692
-0.0731206962031351 0.184282624885602 0.0169496645862513 0.0310729627081138
-0.104490605640937 0.138759149873644 0.0537162235800448 -0.107893959412269
-0.0655169011655426 0.169432972302027 0.112970487242716 -0.101136220097415
0.060003324396629 0.171215328539387 0.0626821470400656 -0.157599873877881
0.155773982143219 0.0811348388986397 -0.0343492608954713 -0.149242908240844
0.124403132331474 -0.0414318187546949 -0.0746387705332718 -0.0592339165112291
0.0651214841469981 -0.0843361868429568 -0.0543119336358478 -0.0190212108543713
0.011740983792489 -0.11108752574622 -0.0232196149927876 -0.00475068351971444
-0.0187586884352598 -0.104746514472347 -0.0051847699563059 -0.0258828159362964
-0.023099532562489 -0.102887510244596 0.0116888885104102 -0.0408065536339429
0.0169038216004864 -0.097864563192917 0.0354526634216189 -0.0408608784534811
0.0603871791262979 -0.0818000347650072 0.0752675158972823 -0.0176597975163112
0.132379124873633 -0.0257129332694961 0.0746231934766578 0.0347701908992448
0.122400203579271 0.0725313261338552 0.0249389325715091 0.075485425485486
0.0213878022973868 0.139554471556761 -0.0134708901311021 0.0546768492208047
-0.0770235369822659 0.161129592418935 0.0414752456604298 -0.0118191410321441
-0.0896247198914515 0.0897839451965723 0.0993209278178298 -0.133784921705594
-0.0707269316069043 0.122389857607631 0.134302659262815 -0.11403718677081
0.0271118447628808 0.138122060517976 0.0869580980830988 -0.137885469948531
0.112571721288756 0.0764909643321527 0.00310055782484211 -0.13762830979488
0.0994434462951625 -0.0248077951593626 -0.0377826547128743 -0.0754811657447667
0.0532225521087936 -0.0635019742055188 -0.0312365851669558 -0.0530313379650984
0.0129978091532395 -0.0886580088316567 -0.0196142820619665 -0.0423515745699267
-0.0126620957615492 -0.0864389547465062 -0.00851224251565589 -0.0560984681310056
-0.015924445854324 -0.0858341803976284 0.00723848024267777 -0.0717403337986797
0.0161593462863824 -0.0822138644035753 0.0375090034006568 -0.0694038788718506
0.05305999382325 -0.0657801876570623 0.0839272022461727 -0.038858593452942
0.109426956264601 -0.0126042870403196 0.0847017941435489 0.0221095668252631
0.0913395909758594 0.0691658561198248 0.0338220260260149 0.066854887792529
0.000359702150355525 0.112848561258293 -0.0117686543893452 0.0367236484290291
-0.0770101186065677 0.114963143382476 0.0612892132129713 -0.0465074200592602
-0.0566356204241175 0.025786437717589 0.125704464686163 -0.142693675373769
-0.0562564612356452 0.0544992838483835 0.138698371357548 -0.116845128276765
0.00034646766764798 0.0779144883604074 0.0959544092213422 -0.116112750580756
0.0564366975680586 0.0510988824406734 0.0271169222191937 -0.120877890809026
0.0566352091031616 -0.00969399855430083 -0.0121796371709173 -0.0845140122930518
0.0313430810838441 -0.0338762935891759 -0.0151617331570698 -0.0750381794231779
0.0106442087744966 -0.0519449611331314 -0.0177952624564371 -0.0693423831571463
-0.00410997303814148 -0.0554267660006815 -0.0110987844381329 -0.0773141192272714
-0.00655242356977069 -0.0561754617110313 0.00576303743578409 -0.09446479379376
0.0136688310322459 -0.0556256889241827 0.0438020581747531 -0.0889275718283107
0.0410495064270143 -0.0424634656612235 0.0957408417585116 -0.0503408803885789
0.0761102208629473 0.00183387120901395 0.0934466043283076 0.0203914114481446
0.051556217356255 0.0582024988024712 0.0400334067372189 0.0649354990880296
-0.0208546456414145 0.0742640713286198 -0.0109197723354027 0.0245652561485325
-0.0678919604225092 0.0540446703879268 0.0771190140419373 -0.0680422842441051
0.031285778488492 0.0146970185469525 -0.0765373784739422 0.0939160767050326
0.0195757518325489 -0.0264387555770648 0.0240265432635198 0.0128302094805069
-0.00603178356949328 -0.0343175775939352 -0.0312697634196049 -0.0786381194790565
-0.027243619927267 -0.00970935172224826 -0.101802544869045 -0.0400994312118188
-0.0163029212625658 0.0114112258179555 -0.115183668926335 0.0466983950254189
-0.00505119061824956 0.0132911443535774 -0.0623902436914962 0.110533845271024
-0.00790668950125696 0.016215505929348 -0.0071936070166868 0.111817037704568
-0.00790235433153859 0.0123539156657513 0.0154414694082704 0.0926519574563285
-0.00978352063459845 0.00595655638886172 0.020729736146959 0.0866255097370611
-0.0110766916836149 -0.00445098659050406 0.0150213122759178 0.0900649197727143
-0.0100076280935172 -0.0151070324358975 -0.00127770137792985 0.0914573076120335
0.00912437922543088 -0.0267112136067022 -0.0394544372150143 0.100347496342981
0.0327511933360966 -0.0182612255740611 -0.088614292453954 0.102593195330423
0.0343909665585444 0.0167980046614361 -0.109382527370722 0.0975674129408
0.0235664055365088 0.0370881547917057 -0.110351015279932 0.138735849962435
0.0064114008659559 0.0763308796376387 -0.0832821460336405 0.0697401353601146
0.0272508703046919 0.0330035587778963 0.022779904674241 0.0024043816472748
0.0374172517866459 0.00473830725089281 -0.0326871367033047 -0.0969786733305284
0.0281295958870215 -0.0105362913483561 -0.113712934657134 -0.0596664665679655
0.0134291778675585 -0.0173316682958907 -0.128530138007434 0.0410380215319686
0.00665866085024254 -0.0222582879389225 -0.0742973836903016 0.108871997267116
-0.0121032363160035 -0.0264487654913024 -0.0115033008633955 0.112344281668526
-0.0167252034752016 -0.0272099909117463 0.0149765202831425 0.0876994322693968
-0.0124481931836552 -0.0335056923869781 0.0236909792891305 0.0801054600429499
0.00899544138714071 -0.0385651493179939 0.0195848009259369 0.0805131909439114
0.0266645621238695 -0.0342203888064703 0.0113025420945904 0.0832519938708315
0.0617532837742395 -0.0124131392350507 -0.0192021988459796 0.0955380577826703
0.0633088169356913 0.0309559202019081 -0.067121470414743 0.103548978913811
0.020402500261107 0.077551113572407 -0.0808855596517096 0.105191159825714
-0.0171689916761244 0.0989273817308145 -0.0836136494767782 0.133502339394037
-0.027056115746248 0.127579825503662 -0.072762957771387 0.0316326224028573
0.0191200353428561 0.0965920910115486 0.0313648525974034 -0.0187416319021807
0.0749511046637869 0.0571062317915705 -0.0244182891127108 -0.121608657614112
0.088166831466169 0.000285634977590031 -0.11813161896181 -0.0876456787241395
0.0510730150138403 -0.0423265909926276 -0.136102160304211 0.0241501544818094
0.023609449409815 -0.0556937995661473 -0.0826576496588693 0.0923304867913867
-0.0112412496283474 -0.0659171981481236 -0.0168523327912789 0.0984015274942006
-0.0234578985191225 -0.0630880278894341 0.011093499888904 0.0701334579428265
-0.0180780199732999 -0.0678573146715678 0.0246992071221737 0.0590634980374243
0.018503616126793 -0.068344210541695 0.0280362949192232 0.0584829618285499
0.0505752948307304 -0.0578969576514672 0.0318307317995328 0.0658976826021459
0.105270333838661 -0.0156281852426432 0.0099126471918819 0.0875683885698372
0.0989289520775217 0.0595092935766897 -0.0381239088205197 0.105005308986971
0.0243257332527851 0.122084304279694 -0.051242090254645 0.103796847512707
-0.043791672236558 0.149151332364132 -0.0472419247770298 0.110857012781149
-0.062730073323512 0.15789297760014 -0.044373579379354 -0.0156916650431961
-0.00345568474954676 0.151149954296829 0.0504178665492687 -0.0470953533053943
0.0953201340619035 0.113587382660313 -0.00524873175507529 -0.145613067852528
0.140737837828951 0.0239700069003366 -0.106599300189044 -0.117134455674355
0.0904293964750175 -0.0576948680192371 -0.130566483222394 -0.00125153129988202
0.0431503470511968 -0.0809250682386953 -0.0834993563016038 0.0624459554086122
-0.00524644164208496 -0.0961109206345124 -0.0217267640749557 0.0708815488598012
-0.027545224895341 -0.0895432633308482 0.00564287092207746 0.0423027851048106
-0.0245542093214908 -0.090907798172918 0.0226326225976259 0.0286363126615402
0.0195256036813204 -0.0894357559922711 0.0329175044039342 0.0276294199851665
0.0604838592482157 -0.0771664545343145 0.0510073871114868 0.0391719337478247
0.131284334082393 -0.0276107817999044 0.0387506251820142 0.0707714444844084
0.12736303797008 0.067535125522412 -0.00944202816800855 0.098027248544596
0.0343452484534228 0.145070965439903 -0.0275705136521727 0.0919258139291577
-0.0573834045857923 0.178587037744548 -0.0119581607369704 0.0731064335780865
-0.0890734262361413 0.161274669556008 -0.000786653044267704 -0.0644638727932485
-0.0346290162221704 0.177431554411911 0.0774573510225617 -0.076795630158574
0.0901735304195033 0.155500098114082 0.025254175312972 -0.158321587355332
0.165468756795561 0.0533268682592511 -0.0769982155078235 -0.138125039640066
0.116562810332208 -0.0569591866856123 -0.108254745895727 -0.0307928308187833
0.0573441840968915 -0.0904773688007006 -0.0726258253837765 0.0228812962409121
0.0016567704943045 -0.110144673846402 -0.0236763085630964 0.0342540862710062
-0.0267049391233238 -0.102663510121597 0.000157790920810841 0.00903854450355178
-0.0280438566458955 -0.101478044051196 0.0170013163847973 -0.00567808614242547
0.015651538268279 -0.0982919633658748 0.0339628220770184 -0.00665536065174625
0.0601854388376041 -0.0854276509310688 0.0636568403053878 0.00869020006662767
0.136721234535289 -0.0346270922633742 0.0597610186447901 0.0500608757426018
0.134241798669159 0.0668550782851102 0.0124740964801173 0.0864826124867535
0.0363698475371483 0.147446283195081 -0.015473662630727 0.0733909399575674
-0.0642927396328629 0.180574844638859 0.0165854610506111 0.028947626431382
-0.0975756663599895 0.137258400171597 0.0497983008675667 -0.105667227606496
-0.059961840591942 0.166183632525686 0.107136759381909 -0.0997698584815519
0.0632178663280978 0.163775134096462 0.057300372079912 -0.154013285956509
0.153601441199978 0.0725861892185596 -0.0376367316234374 -0.143255851241599
0.118759896542184 -0.0436477211798622 -0.0735508170336066 -0.0557134079322935
0.0602231764726777 -0.0832909088280777 -0.0537590884498875 -0.0170055878170697
0.0071832715535312 -0.106552343472763 -0.0224864396449701 -0.00515577304163556
-0.0232709629771827 -0.0994530355467022 -0.00605753160280261 -0.0245938853513382
-0.0259719563002375 -0.0980544841858161 0.00955861421235114 -0.0397637885348947
0.0131042687516908 -0.0946465388831811 0.0335137225122311 -0.0397245645979847
0.0559514669500289 -0.0807831692328888 0.0718061240506224 -0.0192246075083808
0.126744761588433 -0.0295561083437997 0.0730986888378128 0.0311955018361088
0.120202817511345 0.0661431930408743 0.0257911255934629 0.0730571711547785
0.0237979539132672 0.133744844707243 -0.0113704654003677 0.0539036589802206
-0.0689307864297997 0.157254172636907 0.0389317567506697 -0.0127452484241893
-0.0847147321010193 0.089262879941884 0.0936554548765836 -0.131925015375327
-0.0651704082217895 0.120022574193351 0.126846396019775 -0.112160963132136
0.0297268663673959 0.133032047970086 0.0813798389668178 -0.135743033832916
0.111162035414171 0.0693583848277258 -2.98179024718627E-05 -0.132567419612426
0.0945637264739307 -0.026609427962436 -0.037817113401131 -0.0722412173643133
0.0496578042896341 -0.0625582608975236 -0.0324832678961471 -0.0502318039600244
0.00929406325365696 -0.0850800672725844 -0.0204043650083829 -0.040739650747653
-0.0162426796767773 -0.0826444042086362 -0.0100240933842755 -0.0538753771232727
-0.0185338828366398 -0.0819058287814786 0.00417069656856179 -0.0687833632083903
0.012439282548501 -0.0789492975446453 0.0345298738019426 -0.067046601431358
0.0489990230425098 -0.0651099176773818 0.0802422468047763 -0.0402784229786992
0.104906297904647 -0.0160821628380517 0.0825195040075761 0.0191336343036607
0.0903646369252781 0.0637221018871144 0.0349777325739667 0.0646350852152764
0.00288942008923771 0.108404626490439 -0.0106059308051301 0.0366637968165444
-0.0702628738926347 0.112581948918022 0.0576103381469395 -0.0466461996428804
-0.0539971783624821 0.0273108435210558 0.119060514254044 -0.142061170952579
-0.0532572861331297 0.0541219649346982 0.131462312266807 -0.115739359876028
0.00184010222961386 0.0749012214543644 0.0904154495591034 -0.114088670214745
0.0560752760679826 0.0478257275680973 0.0234282840155715 -0.117068046592675
0.0537968492214272 -0.0106529290421421 -0.0131620830337989 -0.081734313295049
0.0289797348102783 -0.0337989753596226 -0.0177349278450164 -0.0722697657458258
0.00785985369914188 -0.0496787040463999 -0.018755845455994 -0.0661560837604799
-0.00670294736514894 -0.0528281978843849 -0.0122033243339692 -0.0741583402885188
-0.00804759687902965 -0.0541851637706763 0.00192556590487639 -0.0907185626993332
0.0110613745589849 -0.0537814564445443 0.0404349098278815 -0.086173077785776
0.0381766377379658 -0.0416164648093643 0.0906598009720357 -0.0510287776784506
0.0729715012761526 -0.000731549998065015 0.0911202720671818 0.0176023935701389
0.051546131635254 0.054348304175002 0.0403067917915367 0.0627864164168679
-0.0179866291294251 0.0716461606720917 -0.0104973092490709 0.0245391697133118
-0.0626586510284873 0.0542203598908654 0.0721651881100962 -0.0673817979041653
0.0308134562613422 0.0148518014874727 -0.0743709680003301 0.0915644047537208
0.0192035452366032 -0.0249841664390075 0.0245555942250298 0.0119644298690983
-0.00572954913646295 -0.0336583218555821 -0.0311800396410985 -0.0771171931725277
-0.0263299665789063 -0.00943644460342412 -0.0995359687132917 -0.038802681735327
-0.0162121636604997 0.0102856346460617 -0.111203029986687 0.0459225345813926
-0.00484831740268826 0.0123560303804363 -0.0592064138523449 0.106490872174537
-0.00741621225669925 0.0153793611703526 -0.00631075403777879 0.108279458086715
-0.0074698362924605 0.0122730400985666 0.015070203940417 0.0897142609156901
-0.00941034959736742 0.00578846693517143 0.0213511183154446 0.0835994402720681
-0.0107985812017532 -0.00457956388395906 0.0153526982359207 0.0871048909261574
-0.00984809309751051 -0.0145052019972476 -0.0015049335109642 0.0892489141954829
0.00848915800170963 -0.0262540665079163 -0.0388128611997702 0.0984361264147002
0.0309468587169807 -0.0174001060445836 -0.0859687563490711 0.0986516139203324
0.0332448001969148 0.0179359516235475 -0.106455755119393 0.0936058981712384
0.0224638048755503 0.0355656720446822 -0.10821378358504 0.135375210661366
0.00675783030513417 0.07451546802197 -0.0811964629848881 0.0676438215990466
0.0264625600092141 0.0326052438046238 0.0235145828379472 0.00230743222820791
0.0376364015228337 0.00452474235936581 -0.0322101561756929 -0.0949174444531623
0.0274282534052695 -0.0110591376731191 -0.110947518493069 -0.0581087811954351
0.0126995061713599 -0.0174327529848526 -0.124620545558308 0.0397790645811491
0.00597091477092878 -0.0221709984302471 -0.0707623115882601 0.105329547337002
-0.0115879063787876 -0.0251297284738757 -0.0107325894166069 0.107721196235182
-0.0168622582270438 -0.0257687716361591 0.0146527781523206 0.0848967438639611
-0.0127345865886295 -0.0332356082538984 0.0241233361053822 0.0768362337622611
0.00794041461890759 -0.037619106915333 0.0205203060167455 0.078045294208328
0.0257898855596807 -0.0334770434982965 0.0112724214219963 0.0810534569391472
0.0602787074811228 -0.0125216843355788 -0.0193556920874089 0.0935771232368002
0.0612707692081444 0.0301570792032845 -0.0647274762823636 0.100854082724569
0.0202870725013379 0.0760950246461089 -0.0788600465216872 0.101099128181419
-0.0166833736009536 0.0965462636034146 -0.0821425581938004 0.12992105159019
-0.0265381221534095 0.124183198688184 -0.0710349986632708 0.0312960670302313
0.0186247506105732 0.0945872094457993 0.0315725916447486 -0.0177787810075763
0.0741130946020333 0.055333962915183 -0.0249010620048562 -0.119239622606017
0.0863841847072934 -0.000848709755633626 -0.115546462358036 -0.085304738851951
0.0496395731910805 -0.0419728029324751 -0.132119863955755 0.0225634215957859
0.0224042273709574 -0.0552087826713276 -0.0793719111706523 0.0893838458077978
-0.0113437537853026 -0.0631444074837074 -0.0163742081122838 0.0940829110762213
-0.024449702540795 -0.0604396654753614 0.0113514435700913 0.0677568113923381
-0.0185493844154919 -0.0656269849708013 0.0244950078464427 0.0559509585001476
0.017353907695109 -0.0664917449275741 0.0283552096513167 0.0566985944005682
0.0487946751839413 -0.0562199451138837 0.0312815588707318 0.0636838774669743
0.102777173023934 -0.0166533387662594 0.009409400438572 0.0852654393351231
0.0965572077492215 0.0569321235157141 -0.0363208801484853 0.102021067646089
0.0235782404326262 0.119741968869185 -0.0499813213457315 0.100262335923018
-0.0422098135728981 0.1453413883617 -0.0465705043059514 0.107214794609032
-0.0607093568175973 0.153968231892036 -0.0433995473129528 -0.015065741247788
-0.00335546273397992 0.147518529960998 0.0502504913102197 -0.0456186916367541
0.0936654323930218 0.110109851018702 -0.00539957049528323 -0.142408761089621
0.137509182384459 0.0216381740370431 -0.104934035251078 -0.114205137057039
0.08770311511251 -0.0563497340202214 -0.127148359767784 -0.00177110319013952
0.0410672964130368 -0.0791106946431047 -0.0806284954050261 0.0603978053570637
-0.00608188025142253 -0.0925541621695245 -0.0208117199475486 0.0676391543874052
-0.0286194204761004 -0.0858254041576515 0.00581794773537518 0.0408246837894769
-0.0248714869264741 -0.0879156035175537 0.0219011981984091 0.0270453030604501
0.0179566013613701 -0.0870311703546218 0.0329867870891073 0.0266704806234108
0.0577277113912737 -0.0753945340790891 0.049646387933236 0.0377811672093773
0.12751911621149 -0.0283363976646942 0.0372350277082202 0.0689983137429538
0.123799060136077 0.0647027452844771 -0.00857632413173324 0.0961974372593528
0.0332922772889363 0.141568646900984 -0.0275578082538704 0.088831081062394
-0.0544788119283465 0.173757407191959 -0.012090431104819 0.070671195119614
-0.0868237045486433 0.157152621964223 -0.000116600759627083 -0.0624064456309809
-0.033498092951135 0.173354471997844 0.0762236200170099 -0.0737289915484917
0.0893758236667646 0.15119552115472 0.0240774306402344 -0.154318642425235
0.16138039014059 0.049899372123968 -0.0754214771516784 -0.134634989241838
0.112915457973378 -0.0559903332934952 -0.105341817511388 -0.030991190363186
0.0551762244012108 -0.0888564251822405 -0.0712269283478103 0.0229021492047359
0.000437737613413041 -0.106674922872899 -0.023191851210485 0.0320278027405414
-0.0283241019970041 -0.0984767596114532 -0.00079553934145494 0.00866260941108108
-0.028379635188324 -0.0979708523560436 0.0159151746287488 -0.00578776337069991
0.0142561931166231 -0.0956086019600442 0.033427270341034 -0.00667387908050157
0.0577844378812398 -0.0834978986209923 0.0615379010346971 0.00777758658639607
0.132464882096438 -0.0358173048796321 0.0577715513913906 0.0489399476802622
0.13050457983074 0.064380760021234 0.0126179337142144 0.0848870089732852
0.0348196647869973 0.143297338090784 -0.0155219101877441 0.0712410132762512
-0.0613035692773109 0.175130209977965 0.0154589646391439 0.0280775953745584
-0.0949340309822056 0.134015649049766 0.0487536707808047 -0.10225255332348
-0.0583297396728297 0.162192805181975 0.104474221163671 -0.0957413587055512
0.0625978938386515 0.159563577717231 0.056565638531656 -0.150602039579656
0.149265079638294 0.0691787614808489 -0.0363008295274494 -0.13882400359169
0.114854886541358 -0.0426187959911031 -0.071395928475608 -0.0550150089118822
0.0579556862490488 -0.0815269343808594 -0.0525768396794629 -0.0159210049801404
0.0054537659140707 -0.102654097630866 -0.022360738659458 -0.0062369649737622
-0.0246861021528736 -0.0961393569313781 -0.00564162001283792 -0.0235284979402312
-0.0262136259771255 -0.09475243879925 0.00895463542623448 -0.0379708488460137
0.0121619525446966 -0.0916581708849538 0.0323166738583287 -0.0388059883851265
0.0535226272278111 -0.0784848253537126 0.0693606144381224 -0.0189575089260036
0.122618618040326 -0.0307073953330688 0.0708064990541076 0.0301380183281485
0.116292422311044 0.0632553960631747 0.0258426608817845 0.0724720693983851
0.0230621242956392 0.13000632118966 -0.0114784353707091 0.0518950661732923
-0.0654014749977767 0.152508417001141 0.0375094661941036 -0.0127844468511474
-0.0820225170526703 0.0874420771854712 0.0920415492201009 -0.12855668048376
-0.063932373156466 0.117489408865769 0.124234466274715 -0.108367655960745
0.0296273872883688 0.129097263332327 0.0796364892496862 -0.131534289660068
0.108674936084651 0.0668939836496231 -0.000463324627223899 -0.128424380220055
0.0919041164058324 -0.0257559430356216 -0.0364935430391427 -0.0708282719604408
0.0478891806576677 -0.0608815770988553 -0.0323777108917006 -0.0482019078284147
0.00746966567641332 -0.0821519831894351 -0.0203045907816275 -0.0401099788591319
-0.0173155412788147 -0.0792680366181727 -0.00955858014474511 -0.0513099120447228
-0.0183992335446479 -0.0792251797656119 0.00390473390920366 -0.0667449144552066
0.0111771088173498 -0.0765406818619266 0.033503952104692 -0.06479988671023
0.0474118075212419 -0.0629835593678398 0.0775818777138625 -0.0390980326207179
0.101107012657577 -0.0173179973175211 0.0803002848239364 0.0194188252974798
0.0876448147467961 0.0606082516613439 0.0336099901903767 0.0641559134004153
0.00280776469561987 0.104901013201407 -0.0107816046738715 0.0358480250634042
-0.0668224247741505 0.10907790378996 0.0549985036592306 -0.0451373262478996
-0.0518693447308093 0.0271436326102344 0.116512459044512 -0.138296174615664
-0.0512683384365669 0.0537469901915669 0.128552180496285 -0.111863733170512
0.00174425007236724 0.0723506663922396 0.0888700136946087 -0.110623877523964
0.0542158340084683 0.0452931328289518 0.0224852761536875 -0.113010386222478
0.0521244848520263 -0.00964948886513754 -0.0127611887208698 -0.0794538944093644
0.0282131398696485 -0.0320387110469461 -0.0179554114833451 -0.0701049217244646
0.00733321902055455 -0.0478679999064623 -0.0190667046508603 -0.0648035486184902
-0.00768959702352043 -0.0512399337712042 -0.0119056368001271 -0.0713331977659557
-0.00829456947133908 -0.0525421970333599 0.00181655542853274 -0.087207917192139
0.0102266378051835 -0.0522771238813195 0.038689985330676 -0.0827286761657716
0.0365953647457918 -0.0410510258876079 0.0881291831449598 -0.0499001501896918
0.0710068080150478 -0.00166435650222477 0.0888281140734929 0.0172905870164978
0.0498578479835304 0.052100055778284 0.0397958859721638 0.061708582221157
-0.0177680917141698 0.0695934061098848 -0.0106046540341722 0.0244357451700638
-0.0601704014848164 0.0519023526645142 0.0692059798010502 -0.0655152478621484
0.0321136954192702 0.00908372111477766 -0.0582657878691246 0.108720555829459
0.0147177955454854 -0.0267376351731708 0.0293932803105739 0.00750788557242351
-0.0121692973332398 -0.0311996522705499 -0.0439217328903116 -0.0735489102157671
-0.0281416819078552 -0.00354961801244098 -0.107267570377787 -0.0240198723203265
-0.0138942456025349 0.0140339177076303 -0.104485251490941 0.0649799331894467
-0.00157077201140634 0.0131329334985639 -0.0402979036635794 0.114981389009399
-0.0031467253605804 0.0167053645210649 0.0107794697900076 0.106528093071104
-0.00483942995206574 0.0134220837288351 0.0310497768953447 0.0855521319681791
-0.00777791326958266 0.00780642031047653 0.0368629306362843 0.0789045170464688
-0.0109494102311071 -0.00189892935948184 0.0326973447987083 0.0843997892904582
-0.0121225820922121 -0.0109110462944147 0.016251768535139 0.090070194748893
0.00158346400946235 -0.0259883432338634 -0.0195766994797702 0.107214355747062
0.0247278874175442 -0.0217129995534604 -0.0677315508683366 0.11681023095408
0.0332420396341965 0.0113759795210156 -0.0921815037733483 0.114457664424998
0.0264782888469146 0.0321503397087851 -0.0880579149051921 0.154876478336834
0.018947652961891 0.0696873131879382 -0.0729920022206486 0.0874430007049668
0.0320716768053259 0.0264038131374682 0.0242406760817831 5.62154200081827E-05
0.0357817330060499 -0.00387180967195886 -0.0483201790654164 -0.0865438242077276
0.0221741000510697 -0.0160146952451685 -0.120148691829047 -0.0376446687491714
0.00874260799835696 -0.0180758766214794 -0.116245708860305 0.0609675537913473
0.0026751963127463 -0.0217558066421735 -0.0505200017492413 0.115546325645045
-0.015882910911789 -0.0207280366528495 0.00970188252052685 0.106053396263662
-0.0207905213451539 -0.0212551009488416 0.0291968472031787 0.0802700297893642
-0.0174587986119384 -0.0287261857522299 0.0378216996437897 0.0717780206907571
0.00140214923770762 -0.0371567339063968 0.0361331418702302 0.07475040608145
0.0186398500733651 -0.0349082290657874 0.0269982850828558 0.0797729526612799
0.0543404416983586 -0.0224297893093668 -0.00220521994088606 0.0996627554046813
0.0620143414832485 0.0188779722141647 -0.0477515829308699 0.116603433500341
0.0321986618708487 0.0711744876783305 -0.0639769837305916 0.113094828047098
-0.000528060187252572 0.0987886296965727 -0.0624304459517767 0.140102997695614
-0.00366380092977055 0.121885670492981 -0.073492670489796 0.0484629641855338
0.0353684933909793 0.087016859595232 0.0260409981302438 -0.0203597243402282
0.0795568729038009 0.0375358899372009 -0.0461611239669057 -0.107267374886887
0.080244927836458 -0.0187935368824285 -0.128354740269731 -0.0588005170118094
0.0392245927999056 -0.0479723279281868 -0.123379773014112 0.0459930369706424
0.0126096216725 -0.0565463522904312 -0.0602503438343118 0.101802952345269
-0.0229932370629239 -0.0572507780520148 0.00404328198697207 0.0923938328728756
-0.0337798095690459 -0.0530839692950225 0.0229588486281518 0.0643517171729731
-0.0288021712255093 -0.0589068671688509 0.0348000064931325 0.0520802111301443
0.00511819312550205 -0.0668979750840633 0.0401161616942883 0.0527861542130757
0.036895557046988 -0.0604936272138518 0.044038851857946 0.0590025421606486
0.0946824208654557 -0.0335351540202361 0.0246930731078457 0.086930167600949
0.100784096525996 0.0382174668429186 -0.0201030830092811 0.11315286539002
0.0441290583834835 0.113118771139325 -0.0363650550206317 0.104924665337016
-0.0163963071291296 0.151523860229422 -0.0311133454882906 0.107876450841198
-0.0316814193969563 0.155528855501667 -0.0560508752816107 -0.00387082301218102
0.0233146293261295 0.141103344786889 0.0368355774873647 -0.0498707190167002
0.108575440164111 0.0857732115034714 -0.0338554841791585 -0.129988144206902
0.132692937566366 -0.00814677466561431 -0.122653437316783 -0.0844009389155567
0.0725592008634241 -0.068835079501507 -0.120800949636282 0.0215508099981232
0.025942218277816 -0.0826055016546959 -0.0646543859688195 0.0736095297797822
-0.023844429810338 -0.0858649890108123 -0.00279178752023214 0.0665790094723903
-0.0421547449772721 -0.0766410332600138 0.0130237089204152 0.0388636517468427
-0.0387244943778978 -0.0790416401920166 0.0271063860065677 0.0235785785650314
0.00224247720357301 -0.0865953245905703 0.0397857712517789 0.0221160213333105
0.0425319884815917 -0.080211439189446 0.0581151233597199 0.0292848932872351
0.116150815757778 -0.0498033580255127 0.049789282753357 0.0662316696044281
0.128126586214574 0.0405506797224055 0.00619692685054796 0.103548928288273
0.0573032386345592 0.132586337418712 -0.016746597299195 0.0891427299093401
-0.0222878760478884 0.18062640010815 -0.0037739834050737 0.06319628392812
-0.0554558088626143 0.162926212284408 -0.0220196825659199 -0.0609189153157805
-0.000967553626960712 0.171600973339711 0.0567022180466999 -0.0843948795511342
0.111384750436322 0.125833382769925 -0.00873428448679223 -0.145896087905113
0.160976936683373 0.0137812437124003 -0.0987124531650479 -0.107478519172877
0.0967137853885703 -0.0728183191741567 -0.102612178929528 -0.00963875689739023
0.0369437514226529 -0.0942270112131904 -0.0609930682661781 0.0348905239458913
-0.0208044523639171 -0.100607997300475 -0.00973705511267508 0.0319221205354427
-0.0442003028998013 -0.0886255080000661 0.00157712437374461 0.00862283760122153
-0.0442375307407144 -0.088505063707722 0.0149668924133675 -0.00748814646963442
-0.00229663261994772 -0.0940259519505283 0.0343687336798909 -0.0113286670484593
0.0419084773228262 -0.0880289926523798 0.0648182481556749 -0.00285030255673425
0.120127060020157 -0.0571590181996897 0.0666974480586858 0.0414105381203237
0.134714237348526 0.0384679557296639 0.0252554770928144 0.0886358533820268
0.0597123383610588 0.133661683353504 -0.00802213076327224 0.0689472553583104
-0.0274237321506279 0.18290432327711 0.0172439284500608 0.0148241671783152
-0.066830589199846 0.142131991551751 0.0216626054527187 -0.111500994265903
-0.0262457500428025 0.16521923628979 0.0815636310172984 -0.112832438808357
0.0879307304063776 0.137955170801364 0.0229030595496095 -0.148474661644809
0.153357761386803 0.0340902771561039 -0.0610854145162455 -0.118592343455229
0.101324961311412 -0.0614155450236567 -0.0734700371531632 -0.0393055166432895
0.0410931973423391 -0.0882061618709146 -0.0497371329255898 -0.00668629966649586
-0.0154660193133275 -0.0981316576745568 -0.0153493330620971 -0.00415040665928432
-0.0402196430329585 -0.0876832615882315 -0.00887956128389978 -0.0223905308432155
-0.0416741862368289 -0.0858722412130565 0.00215533940419321 -0.0377930670870089
-0.00396171322778085 -0.0900103725754078 0.0273212208192243 -0.0426430393931216
0.0387560070401193 -0.0827673602515772 0.0675392899568614 -0.0318139771580428
0.11199516686076 -0.0500891509270197 0.0765591786615137 0.0199601401461667
0.121070493711601 0.0398528998091958 0.0364145462617391 0.0730178039067621
0.0455537753202187 0.122714875226805 -0.00659535484119311 0.0497756637970842
-0.0353933555812404 0.161074741891094 0.0330335896218515 -0.0290831172676423
-0.061838196013997 0.0963279468181966 0.0631432952805833 -0.147309181872328
-0.0395611058573127 0.123164763621729 0.100482823233145 -0.129572674972875
0.051498503986425 0.115621220598232 0.0498868095231632 -0.137443145308477
0.114459978167861 0.040018844738693 -0.0238647904765115 -0.117576723387738
0.0818089648817041 -0.0414724932607523 -0.0434026729292066 -0.0611572504503082
0.0346336408033022 -0.0663974910589338 -0.0367633552920097 -0.0418049982119664
-0.00896113468804453 -0.0789740163231215 -0.0206998390430398 -0.0377259567516192
-0.0303919576281552 -0.0731207801988561 -0.0181628288301798 -0.0490321914311246
-0.0317813491951336 -0.0724000631098722 -0.00768217344692522 -0.0647372979150341
-0.00187228265187751 -0.0753277045706502 0.0226623313823501 -0.0694605006670721
0.0356560822822648 -0.0676181963371415 0.0707390003972015 -0.0530225356421853
0.0945027268348865 -0.0337893630149985 0.0833629344808978 0.00637851037180255
0.0931391047457817 0.0428305941631049 0.0430084345056421 0.0617189297635865
0.0213858118379281 0.101202373337565 -0.00780618747607869 0.0339375291473275
-0.0435681193310286 0.118241881575989 0.0465190442426045 -0.0627968740879764
-0.0438924274868977 0.0343447317289986 0.0913890033286415 -0.162734181655771
-0.0395119349467001 0.0591985956523142 0.107052093471959 -0.135539289418544
0.0149885453190162 0.0673949349653897 0.0655925865826582 -0.122957095478102
0.0591746581673953 0.0310299011614923 0.00217878161454532 -0.111206057554441
0.0465068268996002 -0.0186524083118054 -0.023571623506745 -0.0748718110274187
0.0208965462161597 -0.0354133777703424 -0.0279359720092059 -0.0654201960611263
-0.00278997988595869 -0.0467780999808407 -0.0258750970106507 -0.0605945943055239
-0.0165124817939355 -0.0473319260314695 -0.0236550519180736 -0.0678625566673141
-0.0176332326589472 -0.0489537201572278 -0.013509324446523 -0.0853722669554531
0.00078112104124617 -0.0522629008893845 0.0245104995232007 -0.0886972608185977
0.0290865062642269 -0.0451134549609447 0.0790432943164461 -0.0657988567921913
0.0678011644537317 -0.0135671056660177 0.0913706131488947 0.00234156029231295
0.0558136546147044 0.0411448663963236 0.0489836289258517 0.0570291959174163
-0.00498600738744815 0.0704022902637503 -0.00782047458964944 0.0241457465858142
-0.0476256607043817 0.0612484239529104 0.0588756424065638 -0.0826195132792536
0.0333829489884405 0.00950419119352277 -0.05910192836559 0.11120128338546
0.0152857283990163 -0.0272541116066496 0.0297100067480785 0.00675903721570415
-0.0124864715050676 -0.0321787784750953 -0.0453000777026012 -0.0743612034434971
-0.0289727157076345 -0.00344768043717348 -0.109245299293043 -0.0241719687266317
-0.0143593249181852 0.0141282919582358 -0.106314486468018 0.0665475545635205
-0.00140978040597093 0.0127692527763899 -0.0399261437540586 0.116973225177683
-0.00238002827940018 0.0166600504868381 0.011974233512073 0.107661401711269
-0.00439219340585363 0.0139268397275754 0.0325070881742349 0.0864958004238068
-0.00807246370700263 0.0076945492745222 0.0378486469441609 0.0799627985877346
-0.0110763372083445 -0.00203828136284158 0.0340811598224507 0.0850634010324263
-0.0122110770528195 -0.0105901499379563 0.017006295795079 0.0923362019834907
0.00185131243214673 -0.0264599877360547 -0.0197873461371146 0.110371070298313
0.0246167346506723 -0.0214817179685629 -0.067955963627279 0.119191112823851
0.0351445743608535 0.012664659260313 -0.0946995952394172 0.115248967812924
0.0266806969206508 0.0325594790861075 -0.090334047627128 0.158770036557451
0.0202486351006327 0.0712986486938868 -0.0744586872014517 0.0894700818510482
0.0324938158257017 0.027106691055555 0.0254374013333645 -0.000328345968579628
0.036974495294235 -0.00463244018984578 -0.0504744784588975 -0.0880098082743107
0.0226650812630209 -0.017096040124455 -0.123372513431283 -0.0373149921437036
0.00820422550193818 -0.0190274722863972 -0.118237902734565 0.0631143118831079
0.00204861519683782 -0.0230640277755324 -0.0501135745770023 0.117599066135012
-0.0161791384132336 -0.0212374911482773 0.00972086556029816 0.107216922412518
-0.0212132419175073 -0.0209563746617192 0.0304392777947419 0.0815705378336169
-0.0184135860705396 -0.0289474634897364 0.0390350501964985 0.0719782594679657
0.000938534992436364 -0.0381944702236733 0.037762939039165 0.0754218470037045
0.0186415195070725 -0.0356927517481915 0.028054398318093 0.0815181236659422
0.0550479143000998 -0.0236030500595675 -0.00174425601934617 0.102190058537529
0.0631902329953811 0.0191433179796524 -0.047963276778894 0.118302199341234
0.0334322127897202 0.0733592817460045 -0.0661559943954988 0.114683497535763
7.09611762173615E-05 0.101171276155633 -0.0644569333874608 0.143462950275566
-0.00279757725519933 0.124521833137293 -0.0752466360261129 0.049993710548744
0.0367284029997381 0.088767693335911 0.0269282759711967 -0.0203675762294869
0.0821188703807076 0.0372540331608934 -0.0480888334080554 -0.108882450697808
0.0812888606436915 -0.0206242710061112 -0.131365568083916 -0.059254808957481
0.0396695412339341 -0.0499675861181027 -0.126549189413578 0.0478021362286266
0.0118978296869801 -0.0579724989419201 -0.0600359635543569 0.103501543613602
-0.0237736583140936 -0.0578445308415578 0.00400559389819913 0.0928529056710177
-0.0352334994259467 -0.052911969708446 0.0235491494156252 0.065058184274161
-0.0303465186818595 -0.059292367809352 0.0353076889432977 0.0520010454370438
0.00469635863704247 -0.0684352648836886 0.0419908743834256 0.0527961820369537
0.0370366281141964 -0.0619234879918113 0.0452564211750766 0.060020561427147
0.0957176172856228 -0.0356494241595323 0.0251523967654526 0.0891842116379787
0.102700058281379 0.0385899575911532 -0.0203143873944569 0.115806864804384
0.0454073386449842 0.115587586842495 -0.0375868736003165 0.106500821568973
-0.0149673767806925 0.154855481078988 -0.0329661845783529 0.109987207648703
-0.0309603909199641 0.158979907020113 -0.0571498696917357 -0.00365327717737376
0.0244839868698625 0.144477482367357 0.0384455168895442 -0.0509556192363213
0.112323362113158 0.0864320562856286 -0.0353475769620691 -0.132034564917254
0.135204446979652 -0.00976147611356461 -0.125471079932817 -0.0857450811723639
0.0734422614952324 -0.0712375787721328 -0.123517702952458 0.0222243500717288
0.0248288678022003 -0.0850952906951151 -0.0652273954913277 0.0752264482521768
-0.0252862281515494 -0.0865373230147371 -0.00327136655115186 0.0667301395808169
-0.0445175297522305 -0.0761232732297877 0.0132285078168335 0.0393556570110392
-0.0406845439484821 -0.0796354804828829 0.0270249582456545 0.0236608434291851
0.00131889585502411 -0.0880933122445832 0.0409978844526317 0.022038676673185
0.0427157726241589 -0.0824050253549537 0.0592014587126059 0.0294110832965747
0.117539051931503 -0.0529044235341349 0.0510828029881387 0.0679715106337943
0.131021083192361 0.0404729684532437 0.00682023786783972 0.105972931870601
0.0591452210201917 0.135380160143219 -0.0174874437267841 0.0907907237224311
-0.0209262211856053 0.184251924502477 -0.00440935752290417 0.0637824491856286
-0.0555240224016709 0.166459295244842 -0.0223380733593835 -0.061524131817498
0.000782216204084419 0.175725432522605 0.0580521710444148 -0.0855584478466421
0.115396035384125 0.127063450797492 -0.0100923123034873 -0.148468769354436
0.164329344952055 0.0118897091779022 -0.100992024831992 -0.108545508369612
0.0982797486192156 -0.0755900361414189 -0.1053131589353 -0.00940191271062977
0.036468786406966 -0.0967552982388987 -0.0620941623495732 0.0361229188296315
-0.0221285682394647 -0.101893438371611 -0.0105771640706021 0.0323769011713258
-0.0465588022270253 -0.0889534997965934 0.00167241022289973 0.00862729882816404
-0.0462002195505751 -0.0888082419755873 0.0148932167041293 -0.00748709863773007
-0.00292139322835986 -0.0960883900936984 0.0349255375402514 -0.0114763067669504
0.0420305917732726 -0.0904087254856612 0.0658601915390707 -0.0029231096626685
0.121635033005627 -0.0602429871636236 0.0686892439689526 0.0426782092003071
0.137395763649944 0.0381189274943788 0.0266169533570473 0.0908361277061106
0.0620534745765791 0.135778367329373 -0.00883181634039023 0.0704726890431676
-0.0264450749626402 0.186604801009446 0.01706886072362 0.0146462255924176
-0.067063027947969 0.145273404833431 0.0223130802379415 -0.114298778508286
-0.025314490729986 0.168455623569171 0.0825017942326138 -0.114363606822287
0.0908365065593705 0.140150819812335 0.0223777477977129 -0.150933644578606
0.15629206320701 0.0330556015378917 -0.0625258727967295 -0.119995695055466
0.10218009592357 -0.0634467602931456 -0.0753234453030111 -0.0397685599397075
0.0411843712209202 -0.0902622122965439 -0.0508699118970304 -0.00582351873215134
-0.0162122110992032 -0.0990415582026868 -0.0167476719033056 -0.00524690839564775
-0.0420882752579927 -0.0876188853756269 -0.00971101682810791 -0.0229677319249783
-0.0435807758288229 -0.086664097551419 0.0022226427864838 -0.0380524808458665
-0.00452257046896665 -0.091943682944921 0.0270892143702184 -0.0440233245993238
0.0392282377063665 -0.0848142988819286 0.0682529270643998 -0.0325578332600663
0.112959804104574 -0.0530408404514213 0.0782290013962736 0.0207592602381951
0.123922350633637 0.039004494459629 0.0376141789064389 0.0752000798038643
0.0468373346325008 0.124791425962352 -0.00676024771003432 0.051049045195593
-0.0343356609256626 0.163538662625422 0.0327148157894242 -0.0299001995522434
-0.0624285162777127 0.0989058588825619 0.0647828959852564 -0.150815391754654
-0.0392060624856162 0.125787623161962 0.102768481580377 -0.132188709860187
0.0537769847119282 0.116996159178722 0.0510848548033458 -0.140344897144546
0.117124292203118 0.0395324438087549 -0.024079188514335 -0.119130025734791
0.0832580654584692 -0.0425811070631349 -0.0439506874550855 -0.0622359466855156
0.0348682333396763 -0.0679735404455802 -0.0378068085757457 -0.0417526972591995
-0.0100676850716855 -0.079745903084132 -0.0216080383115737 -0.038013744520159
-0.0324110885072412 -0.073154237861532 -0.0185423515908553 -0.0498786039347181
-0.033654194928316 -0.0729161449726919 -0.00826324021178347 -0.0656824130931593
-0.00282957989601229 -0.0769283592287638 0.0228576653896397 -0.0699849825556616
0.0354358336492679 -0.0688477290761373 0.0719621483245496 -0.0548403614982666
0.0952163778006945 -0.0352066264426172 0.084855477432228 0.00679237739450137
0.0949941883131911 0.042570915973704 0.0453760190355366 0.063488571204192
0.0218954945095099 0.103230619264828 -0.0076222630247553 0.0357290222520604
-0.0432681500508814 0.12037310838278 0.0465534739367088 -0.0645541295479608
-0.0438899504627578 0.035069969401677 0.0929086456986781 -0.166825643691638
-0.0397606097424289 0.0610415619379363 0.10913349877649 -0.138125859874153
0.0162387541037138 0.0684366975279926 0.06718658748143 -0.125022152134373
0.0601734161768556 0.0310923722487192 0.00267297202155707 -0.112578379763861
0.0469012033312736 -0.0185668180665602 -0.0244183389288545 -0.076946997974051
0.0210725153682753 -0.0358073577955024 -0.0297369368685147 -0.0660694957472487
-0.00335193569174013 -0.0472486521391526 -0.0267530948665252 -0.0613696734822587
-0.0178978759907372 -0.0476101020592224 -0.0246991390871195 -0.0690638523271631
-0.0181700797701933 -0.0494873551531803 -0.0139743409243403 -0.0864248947178275
0.000769347939705349 -0.0530524561232137 0.0238114330851259 -0.0894449908907392
0.029165011585011 -0.045564787534575 0.0802693262198005 -0.0677399721387919
0.0686719551206464 -0.014244398714402 0.0934926974623461 0.00269456076979684
0.0561254825248827 0.0411500515555763 0.0506825259397925 0.058630909658352
-0.00559457690228885 0.0713619546237794 -0.0073362157130323 0.0256674361598786
-0.0480294865443809 0.0623805440095129 0.0595940840756459 -0.0849333571356948
0.0349728725293758 0.00828081583259 -0.0561887255363606 0.1166898505271
0.015670385338778 -0.0279989927194074 0.0313961949554239 0.00600675738301947
-0.0139994905872396 -0.0332608268059136 -0.0494541909341079 -0.073874418052335
-0.0293189030912282 -0.0031797562818062 -0.113021098672161 -0.0211164286273181
-0.0146439833805548 0.0143427784589395 -0.10625236598296 0.0716435733313867
-0.00132508431402662 0.0124489821996675 -0.0371162096079325 0.120398674260017
-0.00208225657433289 0.0168511229955673 0.0167533593732417 0.109455764165642
-0.00394211820805597 0.0144178509151595 0.0366246786435894 0.087481438764927
-0.00796344896989925 0.00791223138211473 0.04214299138023 0.0801294359101683
-0.012078806421149 -0.00172946264701247 0.0390446800698065 0.0857519183044486
-0.0125500918765079 -0.0106885125664743 0.0206901396935593 0.0940827536565488
0.000823223775828318 -0.0271494464444661 -0.0159821858451676 0.114033155390741
0.0240144322375349 -0.0223954057326242 -0.0657650954618302 0.123917209234099
0.0365914956490046 0.012033995841395 -0.0944988134705216 0.120242923429948
0.0290337610638243 0.0325532112808267 -0.0877741070717205 0.166953858771972
0.0244808186773349 0.0721106994659207 -0.0735848315174785 0.0946070029072
0.0348815220122919 0.0265634838344831 0.0262251469208167 -0.00108544666230603
0.0377757015554072 -0.00730199070220201 -0.0555171635962109 -0.0874785034833121
0.0224505465036566 -0.0195273524588647 -0.127516498348658 -0.0333254802648872
0.00789414955189996 -0.0199864907172141 -0.119490109293589 0.0682170718705237
0.000900610032837305 -0.0242564328437406 -0.0470444403719598 0.121957833926608
-0.0169935419344685 -0.0206053682404336 0.0139446718737561 0.108168601345983
-0.0228984983406098 -0.0203200548318102 0.0341174368777474 0.0823356959638577
-0.0202271539516512 -0.0290829734876469 0.0424926196540835 0.0719539186580091
-0.000637526578230523 -0.0397200083094031 0.0417651725562598 0.0753663716473487
0.0179921575782756 -0.0376187868652777 0.0321353405129842 0.083228053469767
0.0551398515871405 -0.0271081809393944 0.00244350281767973 0.106202651628337
0.0655404302561677 0.0179269644514667 -0.0453471951731748 0.123012376160749
0.0375813131993125 0.0745373652084588 -0.0648740065449487 0.118751360662372
0.00405841050848765 0.103598816181658 -0.0620412607362324 0.150271109249582
0.00239504028636219 0.126940901048866 -0.075961766122643 0.0541331509797727
0.0411882790487473 0.0900081063172608 0.0273367583345895 -0.0216204969845084
0.0861691634314895 0.0337690982770394 -0.0537586116472209 -0.10899063356721
0.0829018452588469 -0.0251743970621594 -0.137391151966162 -0.0556861738957418
0.0386109159514588 -0.0534295536139575 -0.128202643082669 0.0533129330062123
0.00929941441816217 -0.0601856817772829 -0.0571227407926246 0.108091643340696
-0.0264040395207916 -0.0581200474110628 0.00677933544691085 0.0936461301078344
-0.0388908763439199 -0.051407056719893 0.0261023700541693 0.0656032728895677
-0.0338637041275531 -0.059361830833377 0.0378810678316012 0.0514901697412989
0.00185723784766834 -0.0706235982291843 0.0453123863968718 0.0518544706348513
0.0354509567608783 -0.0651654213513489 0.0486364297942427 0.0596690841799246
0.096437947923276 -0.0413585559707276 0.0293642807756423 0.0918874271576986
0.107178256274719 0.0353177023407094 -0.016606583952562 0.119689757454933
0.0511591288795749 0.117443016375316 -0.0360989679625566 0.11011299879499
-0.00863453024636816 0.158910423412232 -0.0307649105954327 0.114166577490159
-0.0258157512438479 0.164122290129507 -0.0592358389282725 -0.0010271711205161
0.0307562044940714 0.147313722576669 0.0375679660318755 -0.0534105731913214
0.118705642984208 0.0834948322384998 -0.0417712800586511 -0.133435067521143
0.137929402644578 -0.0169685625167189 -0.131479982355426 -0.0825086560640368
0.0726423231477383 -0.0766216155566581 -0.126438107962007 0.0273982567947803
0.0219884894912611 -0.0884568184386884 -0.0637270770035659 0.0798574306767666
-0.0294843593858598 -0.0873533572521276 -0.00192212538894809 0.0674719278579091
-0.0489996253430975 -0.0751377013077036 0.0148521298491632 0.0397339913925266
-0.0458740523918291 -0.0797671149316367 0.0281323543587175 0.0230347530831204
-0.00251748571645035 -0.0908156398415494 0.0430470317510394 0.0205962103830197
0.041010533387119 -0.0860985621644122 0.0614582706248118 0.0279892590131312
0.118149232617107 -0.05963463297468 0.0549362161054584 0.068810562309583
0.135972684579362 0.0360964438429169 0.011179923681329 0.108757276194216
0.0661009494873898 0.136693317309201 -0.0155812908979529 0.0929283137384368
-0.0141369786779098 0.189420546266089 -0.00327387928238305 0.0657828069410519
-0.0508151520234275 0.172705816904199 -0.0256093348711066 -0.0623044642329735
0.00702271384391365 0.180389929288768 0.0565293249144586 -0.0891233275395269
0.123740578577563 0.124997388139004 -0.0153920774779732 -0.15115697674274
0.168427800738177 0.0047907244245734 -0.106826878372053 -0.106951476410266
0.0976979759625048 -0.0816257140683484 -0.108112985326286 -0.00622970467443879
0.0333867452699009 -0.100379348714116 -0.0615512636211924 0.0396995313544306
-0.027063685790199 -0.102771041750703 -0.010617875015162 0.0322479300159148
-0.0519781613674743 -0.0876067244716979 0.00180101090208041 0.00879924451257522
-0.0514900268279789 -0.0883836657348103 0.0147060809513335 -0.00846017266020997
-0.00702347199411773 -0.0978640124071207 0.0354761172556797 -0.0138782987843316
0.0390023392567537 -0.0943697302143341 0.0672296430334558 -0.00549251573057959
0.121280666882307 -0.0671259602977222 0.071613393402723 0.0423034075134355
0.142436863799391 0.0330113138496017 0.0310786537900087 0.0928634114515322
0.0684128408867379 0.137015627749253 -0.00666488116402361 0.0729853939010596
-0.0191648292456709 0.191241013879345 0.016722010051665 0.0141649639555425
-0.0631564331385944 0.15112461592067 0.0189127775879184 -0.117870416031132
-0.0197902512872374 0.173735562756283 0.0808852242271912 -0.118951316306355
0.0994449791181192 0.139667009538579 0.0175486410781964 -0.154665874655931
0.16156004221925 0.0270527876556314 -0.067755631780353 -0.120003057315513
0.102684268384928 -0.0687179189763088 -0.0782809983659095 -0.0379888922196234
0.0385046093980373 -0.0938629774689799 -0.0517048055187926 -0.00331577599377992
-0.021156089108695 -0.100339768223032 -0.0181562002188333 -0.00487827844653934
-0.0473535272648395 -0.0862431149934302 -0.0108683820817545 -0.0230796132880229
-0.0486585695671131 -0.0861226326102025 0.000159961111435947 -0.0390126509694793
-0.00845470883696678 -0.0933504138150395 0.0261215671151215 -0.0457968241927391
0.0361781052376391 -0.0886945539474569 0.0687250202976317 -0.0357956335482434
0.113000508196926 -0.0597510122898097 0.0811487526208269 0.0195144192608116
0.12839921184959 0.0346817980875474 0.042422138481395 0.0766759945455467
0.0530398819572954 0.125375376406886 -0.00528273172996487 0.0532446840209961
-0.0275556421086126 0.167988985120773 0.0316436821411409 -0.0319189319230077
-0.0591457219331963 0.103052503186808 0.0613934440494842 -0.157241664663459
-0.0350956746612668 0.13071031769698 0.0998671342786084 -0.138162154048633
0.0603092117636995 0.117392684740421 0.047883834364563 -0.14473219132436
0.12109495721968 0.0356463688334707 -0.0282073538421032 -0.1203199621704
0.0837133814557026 -0.04644680512056 -0.0474938159423681 -0.0624219750509813
0.0334660335981069 -0.0704114994855945 -0.0399052943038817 -0.041272513036332
-0.0137246619244908 -0.0804524833182795 -0.0244740675057646 -0.0384992780315377
-0.0362067530056439 -0.0720732516904159 -0.020954288097063 -0.0510368741903215
-0.03761527251301 -0.0729819306376964 -0.010913248592518 -0.0662232913279235
-0.00605226113086231 -0.0782962249979072 0.0212590549909659 -0.0723727300270885
0.0333413474051001 -0.0716885058403758 0.0716899093189858 -0.0587426728841433
0.0954239378063021 -0.0404006524632012 0.0879238403463971 0.00457488003840103
0.0982579371844804 0.0390706323798738 0.0492810445857109 0.0642244391893332
0.0259575978009443 0.104456485443859 -0.00660373159062037 0.0372984516500727
-0.0389801954361676 0.12415858758913 0.045130862199389 -0.0682268433440975
-0.0427457610239467 0.0377671343121696 0.0906753597572364 -0.174236783945633
-0.0375674513809371 0.0635763304721522 0.106435921505924 -0.144433167307233
0.0194493074381684 0.0692466206847923 0.0646757372304788 -0.129549393299041
0.0629221210458094 0.0295116728359881 -0.000745589560897349 -0.115212479805153
0.0483657510062307 -0.0205778805023849 -0.0272793610097182 -0.0777829005015501
0.020775689505273 -0.0374535084644569 -0.032757393163795 -0.0665216805244419
-0.00532358851327754 -0.0475369919068625 -0.0303798522576534 -0.0621949998753642
-0.0207425073040075 -0.0471096428853062 -0.0277590551057571 -0.0697514505918658
-0.0205398516409284 -0.0497225270430262 -0.0175216501997089 -0.0875330506823274
-0.00198827937806534 -0.053978207848693 0.0220228977956895 -0.0922055241345286
0.0279664081444417 -0.0478425118241306 0.0794619045315431 -0.0720476624702281
0.0689124013445479 -0.0179999463030017 0.0957693623379045 -0.00021614157411394
0.0585787934484249 0.0394613328615301 0.0541608685828648 0.0590987342674433
-0.00300225842483342 0.0728933451078148 -0.00739234221776398 0.027452844524962
-0.0458617273212866 0.0649125423805098 0.0573238023699575 -0.0897510487122536
0.0365064562544431 0.00605545431709768 -0.0494061145115637 0.120450956902776
0.0142563781353106 -0.0288534775947538 0.0324619269065669 0.00409452863648081
-0.0162336148291362 -0.0326133087097776 -0.0531876658435311 -0.0705474071593049
-0.0294075622368327 -0.00155017760073875 -0.114166435535457 -0.0143533557124505
-0.0140154013250391 0.0153868790890501 -0.101880633108621 0.0780869929963966
-0.00107518597068228 0.0121525820276564 -0.0290747693568498 0.121648997628357
-0.000458726619511803 0.0165725477404115 0.0236418063599825 0.107586212406466
-0.0027547671682072 0.0145273624332639 0.0420440441631555 0.0840138050230178
-0.00775151116290316 0.00832871311804066 0.0471416999658667 0.0771144595148155
-0.0123941490014728 -0.00093802130196796 0.0445599948021092 0.082922542101703
-0.0130688626308673 -0.00939598058350925 0.0267779803239432 0.0933555683496972
-0.00091793486952625 -0.0273004362343972 -0.00854174056125973 0.115724202286081
0.0226281769599826 -0.0231884191720922 -0.0584860196351966 0.127343660559477
0.0376879182225508 0.0101958457395262 -0.0886263362109023 0.124631979046922
0.0308902568117327 0.0304603598873581 -0.0786126795041019 0.172846304621875
0.0294130196669503 0.0702229413452193 -0.0683442626654341 0.0997857433815291
0.0369645399599328 0.0248303973551803 0.0266714862944831 -0.00258545582526422
0.036966866476581 -0.0102926070572796 -0.060220505140533 -0.0833601253837697
0.0213194604625789 -0.0211829803454177 -0.129836277789983 -0.0258896356717861
0.00565494775106229 -0.0208415595298169 -0.115062895141053 0.0752129348319469
-0.00140557339823801 -0.0242674285998266 -0.0383555678642988 0.123621836667035
-0.0183897640783567 -0.0196107185455793 0.0202663941005357 0.10693437580569
-0.0242557845214121 -0.0181167417166005 0.0389947692265784 0.0796503871078237
-0.0225537349045211 -0.0276459679595735 0.0466505892123232 0.0688479497859623
-0.00352884612638386 -0.0397646679161663 0.0466554041298906 0.072142891821928
0.0159441806681778 -0.0388182952508652 0.0373907418428255 0.0806705409484408
0.0531905929463477 -0.0308005611631639 0.00908716975255109 0.106596015945497
0.0667405428549189 0.0139681977737663 -0.0378418212454115 0.125400867237627
0.0423959643063283 0.072666151478662 -0.0591827117192702 0.121555004747681
0.0108910307494367 0.102682683779482 -0.05403803798458 0.154168487374334
0.0107971043551433 0.126728946273405 -0.0732393545691674 0.0588580614080511
0.0471241655735714 0.0872661176422514 0.0266651191304411 -0.0226266913167945
0.0882016139289689 0.0279044770784302 -0.0602124540001673 -0.104825493920096
0.0809535850804885 -0.0316023224314192 -0.140203714305382 -0.0464272671196819
0.0346841203009199 -0.0557649468959714 -0.125170334773326 0.0611343132241968
0.00510904307836652 -0.0612151349183172 -0.0493695124446195 0.11124951821497
-0.0303023658239664 -0.055807985795426 0.0122441181733322 0.0932570395639406
-0.0423490401358914 -0.0478331925822959 0.029703491942135 0.0636349381168792
-0.0378277406841038 -0.056753668872185 0.0406753502068218 0.0487648884125841
-0.0035173042617936 -0.0710346887118178 0.0480972063864352 0.0485041906060505
0.0312923483379554 -0.0675054072450648 0.0522051267937588 0.0566415676745606
0.0933275310829894 -0.0481650048815421 0.0354639361618916 0.0907583289631889
0.109482050414368 0.0286882146575563 -0.00923135188250519 0.120481690066897
0.0585634147120666 0.114543496767685 -0.0305522396279677 0.111537881441633
0.00167002661109801 0.158665781351213 -0.0245809068778643 0.116416924152556
-0.0149652077780779 0.165306634810714 -0.0599688031592613 0.0027040764054771
0.0402516796336043 0.145713500547572 0.0343221840419443 -0.0543162918577251
0.123864836444604 0.0745870601619669 -0.0494473232086601 -0.129312297653315
0.13662890018839 -0.0265084493778995 -0.136382623247627 -0.0736158707003364
0.067064697822045 -0.0814531291231044 -0.124739564981307 0.035165933648692
0.0159405427710104 -0.0899012454401931 -0.057731981056288 0.0836842422864199
-0.0346699563202363 -0.0848513023280098 0.00122519604857173 0.066844405993549
-0.0540116487912899 -0.0703860391754767 0.0168622583262583 0.0383471116086823
-0.051483665962424 -0.0756265533735244 0.0293500324223949 0.0213799572962497
-0.00866952413275101 -0.0911933920996614 0.043759800173606 0.017737655838634
0.0350382935885387 -0.0889083103579396 0.0631016774831293 0.0246644712302845
0.112920710960493 -0.0680583012662083 0.0594689674599288 0.065910017004662
0.138049384531782 0.0267552263907072 0.0180102769389995 0.108728488893116
0.0742836703816907 0.132761042124705 -0.0106377571573479 0.0939115058927824
-0.000652568336204223 0.189389016332905 -0.000401736161267402 0.0660233128731616
-0.0396667259605458 0.175192646171955 -0.0293198413890037 -0.0608947643500751
0.0184142888537149 0.179844524678222 0.051572564933905 -0.0915115589221832
0.131555002272925 0.11606015031917 -0.0243355428456014 -0.148753663453113
0.168868637094967 -0.00677591049213628 -0.11294681087648 -0.0997206911882345
0.0923704685305971 -0.0883942018220183 -0.10886600713755 0.00103196945642713
0.0269050890344178 -0.102662031141761 -0.0586038107835254 0.0433619370901344
-0.0334239586585047 -0.100218569206642 -0.00986706490101604 0.0330020211891122
-0.0574495580094142 -0.0823617565343428 0.00189438811963165 0.00845024142257467
-0.0575885252571403 -0.0836750596078792 0.0138306173054479 -0.0095630552849908
-0.0131989260991676 -0.0974031831081939 0.03473395952948 -0.0158947598630376
0.0327187593738075 -0.0969701969952889 0.0664037675770891 -0.00947703904453273
0.115588497385305 -0.0756863768124839 0.0751646045535346 0.0385086255875393
0.144277449399351 0.0237048923965229 0.0372631395143198 0.0914792488021579
0.0766872391793932 0.132623265445825 -0.00223045646737214 0.0734326241715293
-0.00630242188327674 0.191334951977037 0.0162454469811251 0.0128885172887514
-0.0531587240117221 0.154725399916247 0.0117000116696221 -0.118407414994743
-0.00850897023715411 0.175219140401867 0.0741393271436986 -0.123040667315717
0.108201414617933 0.131992419057041 0.00883543617873559 -0.15464865105242
0.162971673075334 0.0158555242648055 -0.0739392529958321 -0.115268110002824
0.0982681718305282 -0.0753552016563826 -0.080520522119615 -0.0329586777325885
0.0327348649679668 -0.0962965403900777 -0.0516201455414334 -0.000175031648821795
-0.0273755134588176 -0.0979837314428778 -0.0191924177491836 -0.00439895407601595
-0.0533020073075324 -0.0815666793695668 -0.0128830721571535 -0.022033002992449
-0.0544619844280342 -0.0817051044139756 -0.00233676416144591 -0.03860409003582
-0.0147444949043173 -0.0926080452901994 0.0238346269477437 -0.0467548023804173
0.0301014334216346 -0.0905819672810928 0.0659107660432859 -0.0398437844778883
0.107912909739877 -0.067084009348197 0.0823244457350185 0.0149464480394588
0.129493280841044 0.0259457766571882 0.0473151350271979 0.0749375509674493
0.0599773328979384 0.121763531100908 -0.00219578648683952 0.0538544166507608
-0.0163097551452141 0.169045330547683 0.0285618758583919 -0.0346377648401229
-0.0524015928579426 0.10636009774885 0.0521961511085537 -0.160686014024647
-0.0265791772465732 0.132303623718586 0.0913391656342579 -0.14250848408192
0.0679348448574074 0.112855396812903 0.0393363494702475 -0.14629552248238
0.12348398383095 0.0274684134029977 -0.0341059200060268 -0.118475924639916
0.0807670721064738 -0.0517643980928275 -0.051311506729115 -0.0596053624759514
0.0290777247055092 -0.0728357046375327 -0.0426092692465764 -0.0384393721158974
-0.018592151683268 -0.078725986853657 -0.0274145078214585 -0.03739413033267
-0.0411291930422163 -0.0688221437938511 -0.024526660116872 -0.0493350714792011
-0.0423402430205052 -0.0688591480513452 -0.0148552015860692 -0.0651748895353034
-0.0109514840708606 -0.0769768207873198 0.0167881017168855 -0.0732010123283483
0.029175608760107 -0.0733549088483775 0.0679438883253331 -0.0629495900876247
0.091978008177928 -0.0469938958016851 0.0881948301719479 -0.000279860406792271
0.100216005123643 0.0324418865010443 0.0528344377582567 0.0616172921924846
0.0322560145997975 0.102297633833264 -0.00435314189395628 0.0378275352490844
-0.0300592231024834 0.12533147247066 0.0398796083591323 -0.0711546067589478
-0.0395637479777358 0.0392243867145543 0.0805500539754087 -0.180307791292874
-0.0324006767686519 0.0654759530409952 0.0979431868180602 -0.149222298985571
0.0240869925052501 0.0673144326655069 0.0580150209613924 -0.132944892853172
0.0655489340829904 0.0259314971492802 -0.00664560834969305 -0.114616151397863
0.0472005037060198 -0.0237636017625091 -0.0318945725477446 -0.0761369809998253
0.0192325851547965 -0.0388495745799156 -0.0374238684806219 -0.0641108651158277
-0.00796420857240526 -0.047015698007014 -0.0348304701738251 -0.0599588115282996
-0.0236347449773776 -0.0445328463236955 -0.0321093910040994 -0.068575694521556
-0.0242573413717778 -0.0475353626743804 -0.0228209179355007 -0.0858047928562955
-0.00524168112836197 -0.0531564936569928 0.0163978286589974 -0.0927211211703099
0.0249882974713124 -0.0491649342541036 0.0745326572006813 -0.0770138384923062
0.0671233137140666 -0.0220783588667352 0.0959295701406667 -0.00558021387983748
0.0608561369904533 0.0354885563136121 0.0579594804527784 0.0563448661500748
0.00103427815729119 0.0726259298633455 -0.00501368875109535 0.0279104314756025
-0.0409537173089409 0.067059168497978 0.0508205204695758 -0.093245134209322
0.0359779365354467 0.00349319513293066 -0.0414355664897471 0.118695180291807
0.0127872931139437 -0.0285530201408689 0.0326064677932283 0.00214856151307274
-0.0178451196543967 -0.0302966226279146 -0.0548727896027673 -0.0643527620903425
-0.0284308020914601 -4.79523432054003E-05 -0.11103536300912 -0.00790188950843052
-0.0123946192640356 0.015235544320657 -0.0942523483965094 0.079512992152275
-0.00100381052830682 0.0113443851127092 -0.0210301414167813 0.117704282689639
0.000483045761126039 0.015474569433063 0.0288779084640827 0.101272233602817
-0.00140583733673421 0.0139549820250182 0.0449237849591006 0.0784107404123924
-0.00697565345392439 0.00838485696743889 0.0492989762989434 0.0709573202456393
-0.0116968080918416 -0.000471149432049276 0.047595703260708 0.0762457820082784
-0.0128995807913609 -0.00860076590373084 0.031142089395949 0.0885043485537886
-0.0026477435390957 -0.0258027875422075 -0.0014792429016685 0.111464224050808
0.0207100482972905 -0.0224765843390724 -0.0499367047226051 0.124105438376337
0.0374621695563339 0.00840262625434607 -0.0800716360461335 0.123728094009266
0.0315165773959819 0.0270590001233841 -0.0665923880099387 0.170797523198665
0.0325621081751342 0.0650885212973522 -0.0602347697380425 0.100369929082268
0.0375693973560364 0.0219159711568825 0.0260448328814725 -0.00370432718844382
0.0343733939506897 -0.0121358497424655 -0.0615410514440948 -0.0761622539757597
0.019028298303461 -0.022517031295755 -0.12613361429011 -0.0174857378778259
0.00448482056180348 -0.0205160709582928 -0.106639818301301 0.079087484215421
-0.00285354353760374 -0.0235123113258875 -0.0299792858331004 0.120215242574267
-0.0187379740400092 -0.0179338710401366 0.0254331802977841 0.100755876221356
-0.0242560077895857 -0.0155861251414952 0.0417349469057661 0.0737554800091424
-0.0236807593970689 -0.0247029468303015 0.0482816190513037 0.0627849766533081
-0.00594563725944113 -0.0380820724805111 0.0489790668829837 0.0660442162595427
0.0130468858566583 -0.0384029032537623 0.0403153212421015 0.0756509566074264
0.0489306814745985 -0.0331896162272473 0.0149505764121962 0.102426943729002
0.0648951320736903 0.0103458925655719 -0.0296053831235368 0.122052515428233
0.0448847296784401 0.068169458384511 -0.0514976523203744 0.119591628990701
0.0163128577158101 0.0971573149335545 -0.0441497166679982 0.151695444084528
0.0172720091282429 0.120999808779557 -0.0671920757472346 0.0616868048900192
0.0498813541405119 0.0816274396324911 0.0251368419220544 -0.0225431468103346
0.0858340560806184 0.0208997008607427 -0.0627527062160985 -0.0962140109949514
0.0758979090914565 -0.0355247822717295 -0.137176035612475 -0.0371580327749875
0.030423891898933 -0.0561280575192152 -0.117159198909813 0.0660103513046138
0.000956723963327554 -0.0593113433740743 -0.0417470798570297 0.108985626649807
-0.0326010553434234 -0.0515975332813822 0.0164211604832209 0.0881831964515492
-0.0430187491956021 -0.0426016658326128 0.0316826193240101 0.0592309073438132
-0.0403263029805401 -0.0514721632733854 0.041688599166799 0.0438191318632344
-0.00736006865422261 -0.0682374260829427 0.0488551701056401 0.0435631842846899
0.0261733846537731 -0.066970710766615 0.0533743175443585 0.0521234736283402
0.0864500047779073 -0.0522584866242248 0.0392893359677374 0.0854444750388177
0.106973465174186 0.0217018999417892 -0.00235918636563486 0.116664589380552
0.0629132205345174 0.106500250640847 -0.0245315332293047 0.108419759728613
0.0106990952551946 0.151667754421198 -0.0189567931779128 0.113386423737232
-0.00519763739373442 0.159077077748903 -0.0577281342483395 0.00636073133131704
0.0464726871401694 0.137935825631507 0.0312214711651002 -0.0531157765419736
0.123665673401852 0.0642800304184003 -0.0530093729339181 -0.120953831268558
0.129839264879194 -0.033691802884303 -0.134694015237602 -0.0635535219955289
0.0602892661979936 -0.0818349884000419 -0.117831138691238 0.0410122415891916
0.0101196653344593 -0.0875945940676361 -0.0502858303527965 0.0831403270206096
-0.0384889965857636 -0.0791466320957383 0.00410824675115415 0.0638871531214996
-0.0557636439924883 -0.0633623879818888 0.0181717753340682 0.0361490182564845
-0.0539883424468372 -0.0686725949891158 0.0286981100195816 0.0182218029248289
-0.0133428675432596 -0.0868076804136178 0.0434195907006805 0.0139563155568039
0.0283956848587196 -0.0874154017478716 0.061894376179569 0.0199990241654587
0.104038076595974 -0.0726882379642344 0.0619894120387528 0.0606172920474611
0.134434127981931 0.0179485696452707 0.0229357001099839 0.103349006494536
0.0792306458335618 0.123564760146042 -0.00620315996130993 0.0911114654143523
0.0106196337232451 0.180809521421241 0.00204020641409368 0.0631767288599145
-0.0283167232908734 0.170545613847139 -0.0314871411475549 -0.0564314007954164
0.027303890402129 0.171439886558872 0.0452022927815567 -0.0890259605200445
0.133026840288583 0.103229932581615 -0.0301502542627005 -0.140165537584527
0.162026254660012 -0.0167500540788336 -0.112842241834338 -0.0895134961515144
0.0840105429278902 -0.090019558357449 -0.104051235618817 0.00681555689651793
0.0201360793765859 -0.100781822952297 -0.0533196633027057 0.0446972206158504
-0.0374213941262056 -0.0935470075446474 -0.0086567060278184 0.0311578295191757
-0.0603260728761525 -0.0745678770852062 0.0016210637926498 0.00817735983166421
-0.0598537300875397 -0.0760906823569534 0.0123207812167637 -0.00967338446310385
-0.0187561359021239 -0.0930227149556766 0.0324209252657492 -0.0169265206026747
0.0260808279846988 -0.0948494234219988 0.0633529602664157 -0.0129399415734096
0.106028701435496 -0.0796617773683535 0.0746539205196223 0.0330220404815129
0.140197376926214 0.0140684106088035 0.0410768037498649 0.085974276134024
0.0808048658646593 0.123044449600215 0.000457017964739856 0.0706986305197765
0.00548039637604231 0.18318266764989 0.015368187093147 0.011379825984759
-0.042386027526925 0.151175536237191 0.0047957230141428 -0.11474036568106
0.00175389620025642 0.169106809722848 0.0644502724415015 -0.120162760026126
0.111744270473062 0.119925192722715 0.000967038920475387 -0.147935863748178
0.157659516632885 0.00575910136171335 -0.0766840849631198 -0.106748349786344
0.0903068925391913 -0.0785446080506437 -0.0791531175870032 -0.0278752988663238
0.0260416888910317 -0.0946615265343305 -0.0493351139101779 0.00221670066842834
-0.0316307942644359 -0.091877549297087 -0.0200554254198692 -0.0035330022003001
-0.0557467237963278 -0.0739558797512139 -0.0139370873047763 -0.0204580597235369
-0.0566940718835992 -0.074116820648133 -0.00417550309824369 -0.0367850588376612
-0.0194824918692709 -0.0878222615949464 0.0205749382094642 -0.0458561060902943
0.0242912922850437 -0.0889294639424368 0.0611523307221586 -0.0416524821754042
0.0993022866580158 -0.0709195589647235 0.0808031502857372 0.0099876678290404
0.12563906914253 0.0171726566053669 0.0501897814109347 0.0695385277374672
0.063875117239285 0.113582098121659 0.000251263158657287 0.0523649752711936
-0.00539357194010015 0.16202227192243 0.0247208094281488 -0.0348801078655434
-0.0443898054591401 0.104583937916651 0.0420879305186174 -0.157789818902178
-0.0181123545044861 0.128109338268004 0.0805349445660308 -0.14056914996815
0.0713983674216649 0.103265489937452 0.0309325508748298 -0.141729769027519
0.120506258668775 0.0186410111161386 -0.0383846731939356 -0.111561700807052
0.0749152044718755 -0.0544262919827654 -0.0519029107276799 -0.0549613403175043
0.024142194580294 -0.0717412905920412 -0.0430567066727274 -0.0350623972374446
-0.0221952528920323 -0.0742323789449771 -0.0292280935595516 -0.0344557479862192
-0.043728666773816 -0.0626125527181661 -0.0264933490930027 -0.0462631745274307
-0.0443371437198268 -0.063518317526916 -0.0179879983163679 -0.0611938503820684
-0.0150424583427624 -0.0733503221492415 0.012667527800274 -0.0708153183519869
0.024128875752945 -0.072237164434775 0.0612750218528848 -0.0640359719494112
0.0852268757782305 -0.05057605033958 0.0849027589422161 -0.00434709573115299
0.0971276112273588 0.0255429142921127 0.0546412713923486 0.0571646323222836
0.0361738874821017 0.0965837217758948 -0.00212779125429702 0.0370494847191266
-0.021224604959197 0.120789469849145 0.0333828795882635 -0.0705516016710758
-0.0355409927773132 0.0397497466536314 0.0684415216508089 -0.178230364506829
-0.0269603743937085 0.0644419643752682 0.0869532920552379 -0.147783712991559
0.0267384929235987 0.06231416484293 0.0495406941335054 -0.13014057497108
0.0645300359570283 0.020499978550875 -0.0117871694953346 -0.109831319781302
0.0436778598040935 -0.0252373774399223 -0.0346584650479168 -0.0722722781155828
0.0164611959198001 -0.037932546257191 -0.0393458436692308 -0.0601246574582023
-0.0101766223342014 -0.0439323475818225 -0.0366662196404271 -0.0562939925240534
-0.0251139093950148 -0.0409330122894505 -0.034507142809485 -0.0642809108850024
-0.0261506761664701 -0.0438249557085189 -0.0262308965435413 -0.0806612567466638
-0.00846742814534682 -0.0504372438975163 0.0112980706452803 -0.0897315654120374
0.021372804045751 -0.0488136964323567 0.0672006996973192 -0.0778164208018204
0.0629400608590491 -0.0251089699149258 0.0923202391793588 -0.00977946040414036
0.0597643565136174 0.0306575463297374 0.0591750530082547 0.0514646752123853
0.00509375947740051 0.0699316486269156 -0.00347825007926244 0.0276197772800102
-0.0349813157670171 0.0660515200978277 0.0429316194639881 -0.0931560389396698
0.0349013953450375 0.00038392763925409 -0.0168861262601545 0.118341683532597
0.008586785545668 -0.0287595322190939 0.0321793550251402 -0.00420685203338411
-0.0221341292515634 -0.0248615469488359 -0.0618145097952832 -0.0545272125739385
-0.0268313548636698 0.00602513481816152 -0.107980748474798 0.00793826260198779
-0.00872722941638203 0.0178633627557745 -0.077629516288645 0.09105344515326
0.00214790926352305 0.0110348001020256 -0.00252842693559623 0.114139961710417
0.00350622195094712 0.0139131329602884 0.0418396906583264 0.0931333254726787
0.00115169359171991 0.0130574479286571 0.0535374079572989 0.0673922240799599
-0.00481442806367411 0.00841571468301262 0.0581239642363422 0.0594602938997054
-0.0103478731164626 0.00131733108034589 0.0578122029966339 0.0640306685553529
-0.0121900880785561 -0.00580190430099376 0.0435862166805105 0.0781010263483975
-0.00500454639683522 -0.0223202192331639 0.0160443985909743 0.104302025711625
0.0164408124033174 -0.0216885645461612 -0.0272353536022924 0.123968620216897
0.0348448367492627 0.00451228176805578 -0.0566654511276858 0.127565965254688
0.032421239801833 0.0246460846289207 -0.0394919191356877 0.169448237515368
0.0385464670852719 0.0578587215027404 -0.0388322965358336 0.106787756314868
0.0375080243758883 0.0144919370973509 0.0261263767726469 -0.00651115123969525
0.028360742935475 -0.0155057355621265 -0.0665921018448473 -0.0621117278384619
0.0125659840271123 -0.0208980538912665 -0.120061907198271 0.00155105568842671
0.0025973214729578 -0.0169957524479141 -0.0878130764487439 0.0895324204825539
-0.00446822612659311 -0.0213634919076966 -0.0105936058957885 0.116286837601413
-0.0189973482156898 -0.0144538805223515 0.0379918929866712 0.0912196700999369
-0.0236183751786546 -0.0110638263980494 0.0499807958967161 0.0632773874067371
-0.0246490055851431 -0.0201119210201804 0.056045661377477 0.0521217593261762
-0.010089022486227 -0.0347316617891442 0.0582777321970616 0.0545068799410465
0.0082956689939807 -0.0364440346123796 0.0504680217803899 0.0655887777246678
0.0417958898264183 -0.036281400096007 0.0293081033491437 0.0941830269114259
0.0611414347697035 0.0029948179658569 -0.00892652306366134 0.119759303861029
0.0498715995699224 0.0592548595230498 -0.0319362025289473 0.119088837843257
0.0272512757149023 0.0922294107836418 -0.0220617740471464 0.147971168306677
0.0301297857549015 0.11061915424842 -0.0524416174817819 0.0749984216898128
0.0567166532211817 0.0679001685799548 0.0221245820504479 -0.0216404372180653
0.0792016827601107 0.007507568616029 -0.0675980813450865 -0.0779061026320326
0.0619557685383702 -0.0412578379651284 -0.1292660088913 -0.0137236311113274
0.021154305894243 -0.0532983361153553 -0.0977836592254558 0.0766951924547389
-0.00533432250594549 -0.0546539751611782 -0.0225042075372443 0.106694806051121
-0.0362246078391871 -0.0432850525318424 0.0273556268249728 0.0787610471410338
-0.0445183826849853 -0.0336676191399027 0.0381995908184128 0.050068555718708
-0.0436333413787521 -0.0427020819180869 0.0470612043880601 0.0352925642991735
-0.0159309700920034 -0.0629610092474373 0.0551486322048332 0.0334322061702159
0.0176480554510313 -0.0655217977289769 0.0587739622467411 0.0409326580843754
0.0738576555796597 -0.0592602320201744 0.0498773286179499 0.0756070789916737
0.101151568903367 0.00894099135218321 0.016913174733122 0.110828245508242
0.0722411826095838 0.0928983368870704 -0.00941071045502192 0.105020701645245
0.0285328531165191 0.142639087228017 -0.00418898434804951 0.10844991692618
0.01309577698306 0.147979027457098 -0.0531799350680338 0.0233332469166565
0.0601706880288002 0.119780443615181 0.0226669846552872 -0.0488722366262692
0.118187909242776 0.0414276523324955 -0.0610473824208568 -0.0982464157948344
0.111023137154086 -0.0481704873718554 -0.126778459630023 -0.0370498318094301
0.0444376552687709 -0.0809138700845524 -0.100264649513663 0.0515554063311801
-0.000604832796986355 -0.0821657231377538 -0.0346268460142263 0.0820157006304609
-0.0457667066764269 -0.0676092388193728 0.0122796663663256 0.0561097145568053
-0.0591462081157546 -0.0512388382496266 0.021840881185521 0.0304140709628681
-0.0589367210226912 -0.056747591630249 0.0316190935276863 0.0135757902735347
-0.0237059719738186 -0.0797287387147644 0.0450790093210903 0.00628459973984295
0.0169902438783485 -0.0851501244963452 0.0618290017362115 0.00964543301044333
0.0884125086546128 -0.0806666034410325 0.0668522649253479 0.0498212656154939
0.126165951600006 0.00158148212376086 0.0394495719445697 0.0953736408113401
0.08953804785244 0.106014010914208 0.00512718858347953 0.0853677395250015
0.0312253299513542 0.16925420425615 0.00769879037403032 0.0587531147343748
-0.00775160051344808 0.15950166573069 -0.0403289850722389 -0.0391117752911561
0.0465898671194212 0.152893908052911 0.0289731697948765 -0.0832325466313677
0.132119142083472 0.0758001705655214 -0.0426440149349347 -0.117523241727085
0.142146709326381 -0.0374533892335658 -0.109139090627734 -0.0627584208327651
0.0643573761869966 -0.0919262957133025 -0.0912339832710194 0.0168716051180514
0.00639337487336973 -0.0960154709386666 -0.0427036223819792 0.0456790953337723
-0.0470677074593361 -0.0813620391410428 -0.00416222128979212 0.0263001161337757
-0.0642698670059067 -0.0610406267457655 0.00255846122965346 0.00650499903809915
-0.0660602258810219 -0.062388713216904 0.0120068493095613 -0.0104133487493573
-0.0299058683902993 -0.0845067529490086 0.0299838035684612 -0.0207820700481298
0.0141199497392558 -0.0916290114713582 0.0575265031072519 -0.0215631446592884
0.0897124583123299 -0.0879410153024356 0.0749724493236904 0.0214959316782069
0.130613314111525 -0.00239723378371852 0.0537571055376304 0.0762442408748351
0.0909459878265766 0.104663260204492 0.0082743940944451 0.0657872524574712
0.0273964492529199 0.171180660283351 0.0131128410361283 0.00829698700839583
-0.0231450079246479 0.142291465458275 -0.0162357290419395 -0.100422736826923
0.0220010545997069 0.152802997650133 0.0410477765407124 -0.116061063867676
0.114478702442683 0.0926772054804506 -0.0157964417496968 -0.128328989543713
0.141621466213985 -0.0168300902511226 -0.0785014199647589 -0.0829517438108001
0.0715121098487248 -0.0826359795232417 -0.0723447638137738 -0.0185171730990729
0.0127319885466069 -0.0907296651122919 -0.0451099722530956 0.00484965332705352
-0.0414555066235979 -0.0799141256994565 -0.0195174159963574 -0.00565162737173405
-0.0603909739867896 -0.0613868489109385 -0.0160067194638307 -0.01889753638329
-0.0628133537819558 -0.0610769932365483 -0.00769822066641591 -0.0336695693059692
-0.0295916785855054 -0.0792270570194805 0.0141562513408718 -0.0465141334715471
0.0133133024455537 -0.0862581983634881 0.0511869004430282 -0.0482205134978705
0.0848728323013467 -0.0791459403583184 0.0768188175334331 -0.000507785847258669
0.117710415405646 0.00199465634923689 0.0597163674812343 0.0594676116205934
0.0742679264533866 0.0981050200516368 0.00538838390236084 0.0486261313691199
0.0144161271293499 0.151761665655649 0.0157185711102416 -0.0363138982065482
-0.029719954256526 0.0987464694234353 0.0118096411792356 -0.149218875486171
-0.0013079563773656 0.117876712108736 0.0528367650638725 -0.139198634407987
0.0767960746568807 0.0828869644043978 0.0112751874531835 -0.129429904410888
0.110125109594999 -0.000257263911261746 -0.0461988535731104 -0.093846676149423
0.0601806116046814 -0.0589202074509427 -0.0521957096554095 -0.0471809254444419
0.0133725804629144 -0.0694825571927064 -0.0447059444495985 -0.0307091068705727
-0.0305151586629053 -0.0655043911304625 -0.0328581825335822 -0.0329356767145773
-0.0480936786097844 -0.0521658116942382 -0.0313914254262889 -0.0409729735853219
-0.0502807779346827 -0.0525260141467133 -0.0247878425424446 -0.0549044698839324
-0.0238979538423707 -0.0672576586125559 0.00221940403852785 -0.0683585296363899
0.0148105186142951 -0.070392207428385 0.0477376375552007 -0.06888109894024
0.0742268212292407 -0.0582383684713839 0.0784568420726018 -0.0157525717387236
0.0926109580616404 0.0125690680174119 0.0616881095337752 0.0465836106209821
0.0463312041755785 0.0855146433462919 0.00188806999491981 0.0343672141886417
-0.00555371798656753 0.114454373543711 0.01923844559588 -0.0713997999973589
-0.029010868985936 0.0370348262761746 0.0334716400227806 -0.175511703790026
-0.0186511794387439 0.0597072853657551 0.0571807955103515 -0.149350304743488
0.0308004627259761 0.051027289021561 0.0278795357266648 -0.124606380066831
0.0597900329312601 0.00880755828644074 -0.0238550709197513 -0.098287262849449
0.0354470820198573 -0.0285093712714742 -0.040485914218955 -0.0650427761600436
0.00979701507962247 -0.0368972190448787 -0.045222895059291 -0.0532614224114185
-0.0157866823381728 -0.0387926394061386 -0.0432485035085967 -0.0507161127784093
-0.0287660454268332 -0.0347070441338583 -0.0421600878224223 -0.0564758079974102
-0.0305581974266833 -0.0367226117245127 -0.0356702600123017 -0.071963537814036
-0.0147563782560114 -0.0465302844782606 -0.00230478120385071 -0.0860254499496777
0.0149714920477121 -0.0484656882949265 0.0508736018119059 -0.0833206081190676
0.056230189564127 -0.0311436387727804 0.0842528378654846 -0.0225273667195107
0.05850838463023 0.0222198488527059 0.0642187899070976 0.0400590033253744
0.0136152998930003 0.0645471219891868 -0.000329610885279255 0.0258933214155848
-0.0244224955565494 0.0640027939070151 0.0256023996155521 -0.0931424302812822
0.0335809262317098 0.000144364312462806 -0.0178841553069157 0.113318658754563
0.00901179404523755 -0.0273777990094774 0.0317769216994624 -0.00383863880101173
-0.0204740056093364 -0.0241253080527586 -0.0574584140900712 -0.0531570241832301
-0.0258683284733491 0.00529747422056814 -0.103894015083577 0.00650170542413176
-0.00821038240544861 0.0166657665317807 -0.0759978026655681 0.0855343700946627
0.00141506446353999 0.0101614654994696 -0.00428029137199468 0.108296392279241
0.00263508806887423 0.0131191559657969 0.0389246983801006 0.0884995000309942
0.000882495143456516 0.0122722499208784 0.0503762525288078 0.065419638075067
-0.00466561556658576 0.00772840132184855 0.0544600563750439 0.0575062051754495
-0.0100805014180269 0.00074094067184714 0.0542241841007837 0.0621555632257918
-0.0116522367551309 -0.00580259424238189 0.0402221476754499 0.0758211526940631
-0.00486972750071255 -0.0213056581386891 0.0131595665646866 0.099559648186966
0.0161914214040977 -0.0198392962865753 -0.0282933865784958 0.117479262965485
0.0335752549733473 0.00516873151795313 -0.0579434650266706 0.120909606829317
0.030254595009197 0.0238784164917391 -0.0411836630193203 0.162504370338039
0.0360067824015414 0.0552563384646608 -0.038844675543069 0.102394598477992
0.0359911502765781 0.014415076478799 0.026412813260671 -0.00574932146296269
0.0268844390633351 -0.0146345501111874 -0.0617202699155025 -0.0606266626390479
0.012808366815094 -0.0199177938548924 -0.114911677869518 -0.000354143757210986
0.00255915463762434 -0.0166794172346618 -0.085787635709592 0.0844994199691896
-0.00439326591414973 -0.0210483795793017 -0.0117404526307264 0.110700847611375
-0.0181547585239893 -0.0137828388851653 0.034956327217927 0.0868925508892397
-0.0220089839084378 -0.0109487256677983 0.0463256923353802 0.0613301881465243
-0.0232337508725886 -0.0194192905148488 0.0525291683973274 0.0502779695586901
-0.00933513327451024 -0.0335341881868193 0.0542968480544477 0.0526432014452382
0.00866520824965671 -0.0350820335155211 0.0469426485258373 0.0636890776450132
0.0404026611349592 -0.0342154904715303 0.0266673405404656 0.0904107507415723
0.0588424831315033 0.00415907026923098 -0.0106930583924976 0.114021263435647
0.0467435276538508 0.0576188484360919 -0.0337466312580838 0.113302960996613
0.0243949927368191 0.0876565588859175 -0.0244658977566864 0.142389867755632
0.0276283496413514 0.106238491398323 -0.0517699997529555 0.0714900490744672
0.0530380942608148 0.0662375411128518 0.0224736937349063 -0.0196284752676565
0.0752646024002582 0.00809743193243518 -0.062957111366875 -0.0753187539037209
0.0600918542012148 -0.0390745894461404 -0.123190229235918 -0.0155368956977184
0.020743488652741 -0.050889891714963 -0.0952430348141173 0.0718243624385052
-0.00491368580753714 -0.0531468829695989 -0.022828786904998 0.100882088131662
-0.0341827392117091 -0.0415705129056905 0.0244914662355847 0.0753732834047442
-0.0416036203970083 -0.0322100694886283 0.0357333460838532 0.0488155477975926
-0.0414203102163355 -0.0405127118580908 0.0442749671242385 0.0342495179959065
-0.0145541559048835 -0.0603372656199271 0.0519504466372832 0.0324762543121791
0.017665980620818 -0.0623203079448363 0.0553076360525448 0.0397479141275215
0.0712108152954246 -0.055858714113081 0.0467892825172657 0.0731909460434694
0.0969686958548771 0.00941086269434954 0.0137380970386046 0.10661177899315
0.066981344517208 0.0902290191264851 -0.0115747807728281 0.0999879479592099
0.0251935284530728 0.136141547392251 -0.00697551904491867 0.104792742644563
0.0101489071563327 0.141728856649134 -0.0514854547410968 0.022533901028607
0.0558738438825921 0.116328392059764 0.0231791896154577 -0.0458260138095059
0.112498553498005 0.0412373412593032 -0.0552534807355598 -0.0945407095573193
0.107166505143162 -0.0451399878579007 -0.120857170570738 -0.0377976011249063
0.0438187214955561 -0.0775473958935561 -0.0970037658402347 0.0474747789724327
0.000120500523382679 -0.0789356754685344 -0.0341846397076371 0.0768144352142529
-0.0427393431595342 -0.0646929943192226 0.0103703686260694 0.0535318969193978
-0.0551844977582379 -0.0489184839326346 0.0199629638889065 0.0292174558235545
-0.0555265538145463 -0.0539578435144235 0.0297850740504133 0.0129399696630697
-0.0221696249235489 -0.0764229444101869 0.0430360328698258 0.00675807645855399
0.0170709941609431 -0.081058470746631 0.0591398386370886 0.00999110339388163
0.0848769435372441 -0.0764161570641568 0.0636341123011545 0.0482885852272762
0.120845502097135 0.00306206322988127 0.0360349105445018 0.0921192626536351
0.083841915577777 0.102554917372081 0.0020642259733052 0.0819682351651872
0.0271767628137645 0.161256530103846 0.00521923882453408 0.0569858780024981
-0.00920927996288429 0.152396127771519 -0.0379991975273107 -0.0375709102669408
0.0422396251851199 0.147737548003688 0.0298173779228087 -0.0785621937403069
0.125728482962124 0.0735972891730839 -0.0375232572869721 -0.112682241608942
0.136403492784119 -0.0345484210716419 -0.102912868820328 -0.0623680508529349
0.0630585950781181 -0.0873830664521499 -0.0877403505993928 0.0148127715541355
0.00754314609510218 -0.0917117277164733 -0.0414565142262743 0.0420848816377924
-0.044049296123154 -0.0779410097031114 -0.00517538103336762 0.0247953642198387
-0.0604739164365155 -0.0581709798503853 0.00209828794524584 0.00584185522672463
-0.0620991727369914 -0.0597000882115548 0.0113921586967429 -0.0102164428181339
-0.0276840330882078 -0.0815482423488942 0.0291051372175172 -0.0197958907155731
0.0149227770406333 -0.0874819490999536 0.0554502059531412 -0.0197146724595092
0.086848169646092 -0.0828979324490619 0.071513439225943 0.0216740145048741
0.125055482196293 -0.00094883204439501 0.0502928257010603 0.0748553118692516
0.085143853193095 0.102020198302098 0.00597618765500341 0.0632062146694987
0.0238799416601267 0.162994287751636 0.0113284927345946 0.00838989055540833
-0.0241185447434794 0.135791449080654 -0.0133209613325483 -0.0960543014527343
0.0185684335117295 0.146929771299545 0.0424210637524359 -0.108716832831299
0.107899495663148 0.0896586527573485 -0.0116560464461456 -0.123010248842428
0.136503346558362 -0.0146701250265936 -0.0727124274337737 -0.0806759350578659
0.0695256887786545 -0.0784278098873822 -0.0687826649961991 -0.0195120836430059
0.0134187515844771 -0.0866809404410371 -0.0431670871143388 0.00363178779931717
-0.0386897939021953 -0.0770768520109417 -0.0197246725585549 -0.00550585145018167
-0.0569812164088993 -0.0586914704264263 -0.0153767301420004 -0.0186703268012346
-0.0592645333194087 -0.0582934851166898 -0.00702233355210059 -0.0323363118213408
-0.0274272182131289 -0.0766573706471623 0.0141929781477718 -0.0443431653868077
0.0140669514139668 -0.0818747026138675 0.0496043187054839 -0.0456277577555331
0.0820162703630798 -0.0737716992465601 0.0740226584344933 -0.000398668705750528
0.112155783009772 0.00374035195436323 0.0567043057392296 0.0580455371674002
0.0691060574815662 0.0948652167366337 0.00424664667141756 0.0467469710197236
0.0116379632935736 0.144146654509062 0.014115931176561 -0.0342257892326348
-0.0297366904249006 0.0934943797976694 0.0144139917636037 -0.142980696809321
-0.00347805646047652 0.112434822118131 0.0540670153810267 -0.131417931255092
0.0716039540752112 0.0795467448811345 0.0140297297065437 -0.123195301651623
0.105505571322766 0.000431440306360707 -0.0415308614802615 -0.0913130558088752
0.0587072760135981 -0.0555720210389737 -0.0489146989343972 -0.0467135685975705
0.0139613075179322 -0.066483794300778 -0.0425016672933303 -0.0301972112900905
-0.0284268538695889 -0.0622742980384757 -0.0317011750800458 -0.0324647510487411
-0.0454041763933492 -0.0495035476547034 -0.0299231844569325 -0.0400137355351183
-0.0473290916213232 -0.0502946446062978 -0.0228954776944322 -0.0533127132386045
-0.0218583874117357 -0.0640093645876783 0.00391979151912787 -0.0653840463225438
0.0150326292785547 -0.0677390950674606 0.0463708310871325 -0.0653297968937508
0.0712230037493091 -0.0545284438193859 0.075818694328688 -0.0138260554818861
0.087930830832488 0.0131658864459817 0.0591072972218741 0.0463963822242779
0.0423387732498648 0.0823232902705947 0.0011374617423922 0.0334581264450311
-0.00665111546905593 0.108280678781302 0.0188687088584073 -0.0680297491578353
-0.0275337707014974 0.0344977621651096 0.0357943440161763 -0.168277179058185
-0.018088381107622 0.0561222083345241 0.0584523852717899 -0.141281152669382
0.0285077163797724 0.0487680354865471 0.0300412536514973 -0.118937109382958
0.0569561334141847 0.00891360043156316 -0.0206125581348973 -0.0948638581062453
0.0344839593264291 -0.026406578905807 -0.0378169445024483 -0.0632227976116631
0.0101316540611612 -0.035416592634697 -0.0431428591735352 -0.0519751164983902
-0.0148010199006015 -0.0373194231015766 -0.0411502818218935 -0.0499243584920539
-0.0270784533767061 -0.0330749234936942 -0.0397617006987045 -0.0554238428003202
-0.0291040979472136 -0.0350468325405105 -0.0323301530076227 -0.0695022810185525
-0.0133732927137955 -0.044484598763488 -0.000157229517655491 -0.0822095110557476
0.014626027734608 -0.046388302456397 0.0498033280247548 -0.0784114706557015
0.0546659889830976 -0.0292992165116877 0.0812465716530549 -0.0203356566249244
0.0546633900326248 0.0222800806096782 0.0617333126290908 0.03983565616997
0.0116689288154037 0.062003501938419 -0.000554882024695951 0.0250595425972141
-0.0240557544715108 0.0601157936196259 0.024949529544356 -0.0888491378877767
0.0333181360994704 0.000318527373773088 -0.0211486827278839 0.112196627889119
0.0103224381246339 -0.0273874021552969 0.0328786781135622 -0.00324754094761681
-0.0196577761871119 -0.0244035457903818 -0.0545399541701509 -0.0551034926326731
-0.0254345384219126 0.00448989078507573 -0.103079564323389 0.00275667377959803
-0.0086206501727405 0.0158296904532842 -0.0780337721783075 0.0818957662623019
0.000446336122035025 0.0101406614523537 -0.00768999758032294 0.106912719985752
0.00215314184375978 0.0127195446763653 0.0361416177313542 0.0885330329337901
0.000731481483609442 0.012478986112513 0.0478518072836768 0.0661525155981842
-0.00501035769087272 0.00771316453697536 0.0524503860341222 0.0584834942918994
-0.00990736358547953 0.000434751341540634 0.0519355283720693 0.0629756641241793
-0.0114902360024833 -0.00574589237464862 0.0377439179890577 0.076605767940336
-0.00344478526523627 -0.0212391359857743 0.00939565584444324 0.098733918314689
0.0170036972139658 -0.01838560711596 -0.0324372063841672 0.114502448562747
0.0331387124058168 0.00675006680756512 -0.062913781841013 0.117637100302325
0.0287016086145598 0.0247285303889841 -0.0469247233446223 0.159838630996927
0.0341135637417737 0.0555895955650346 -0.0415069881452842 0.101229835502752
0.0357952719343714 0.0159128355573153 0.027041849040047 -0.00489958912428446
0.0270658809799574 -0.0138662723385535 -0.0585783621967028 -0.0622446923489513
0.0132243701470984 -0.0202922699502052 -0.113703959172957 -0.00427626273815642
0.00303086651932941 -0.0168395680333064 -0.0881486339762395 0.080435397870619
-0.004270435918171 -0.020923725931456 -0.0151995016570956 0.108422491138303
-0.0175666696148584 -0.0144120018100574 0.0317798937875228 0.0869521450620329
-0.0213197984780728 -0.0108529612578308 0.0437408574318846 0.0621182413034634
-0.0224059564702836 -0.0195814856402942 0.0506566398254871 0.0517040951995797
-0.00884227671557935 -0.0334957447793748 0.0524598377632072 0.0540480185729457
0.00983540732102493 -0.0344738519122846 0.044399114510261 0.0645204110921502
0.0408660043157143 -0.0325253105588242 0.0235313501426067 0.0898653856349843
0.0583226697626657 0.00589313024970559 -0.0147777138253654 0.112316670017886
0.0443804299989217 0.0594943907096355 -0.0381440692106017 0.111308908861871
0.02079584640337 0.087809573134648 -0.0300892016110117 0.140897089946283
0.0237088903755814 0.1054977877699 -0.052604731606939 0.0703210799167915
0.0507748236991924 0.0677289947167923 0.0240020535543556 -0.0186062124724453
0.0741370446770964 0.00972823555189377 -0.0586819139983696 -0.0768290918645905
0.0607931509212867 -0.0379148086343318 -0.121446888823184 -0.0197835173308544
0.022090385960875 -0.0500547864946617 -0.0970055603844018 0.0675941375938268
-0.00406025986931017 -0.0530871313952159 -0.0259444951577438 0.0983499510980616
-0.032242680318904 -0.0420000001821427 0.0213699278269364 0.0747765730711148
-0.0400706911012243 -0.0326135994609056 0.0334422261175217 0.0492496289826774
-0.0396973528410051 -0.0410019844772897 0.0423137538629414 0.035312911286153
-0.0130427555338015 -0.0600266573835674 0.0501780082412624 0.0335541367710167
0.0186292619625843 -0.0612123745171512 0.0534345705709592 0.0418399986707753
0.0720585323276578 -0.0537252583866246 0.0440340970688291 0.0735541818831882
0.0959826974454502 0.0125500346888248 0.0102436752228281 0.106130289370151
0.0640797588197707 0.0925480164190411 -0.0155935063162979 0.0984815344089763
0.0198966362403127 0.13513699399084 -0.0111246525143749 0.103938777465156
0.00566346188999738 0.139817208311495 -0.0514229504711209 0.021564049667379
0.0519470986865812 0.117468076009328 0.0256499265372013 -0.0434906828013003
0.109688352793207 0.0435975017412486 -0.05061728077466 -0.0961367200384936
0.107220671718918 -0.0422264835263015 -0.118523501677515 -0.04191253747454
0.0454945914989489 -0.0756369833345044 -0.0977361748955848 0.0433806317573278
0.00213048054177034 -0.0790565280679434 -0.0362945174643342 0.074821716624465
-0.0403098984265967 -0.065361871585622 0.00807289634900706 0.0530043820144553
-0.0533958389900339 -0.0493677213870153 0.0184484790559001 0.0299274867493637
-0.0529919091600231 -0.0545236264263771 0.0288280221144869 0.0129572981494162
-0.0202995806237876 -0.0767910269394494 0.0421465727651918 0.00788781506410449
0.0194169251215817 -0.0797481396694691 0.0578700566343521 0.0118449832392081
0.0862570819341542 -0.0730929348740063 0.0615635758407574 0.0496105617595712
0.119436289417421 0.00666121016905379 0.0329820300188956 0.0932470084553258
0.0797446026545185 0.104795477206417 -0.00101260535882095 0.081268112283413
0.0219384191319386 0.160172268603322 0.00203532551787796 0.0571705325419542
-0.0141607289482495 0.150281757390503 -0.0355465827036574 -0.037581721966842
0.0373473059671152 0.148418149491937 0.0336782226453439 -0.0756216781719642
0.121472596021673 0.0760808345476397 -0.0316679023599809 -0.112403857553179
0.136684450534128 -0.0309971619353677 -0.0995481538242002 -0.0656115801194124
0.0655187696972921 -0.0853252616519788 -0.0874710022814199 0.0106091420132156
0.0101317631362394 -0.0908717265221861 -0.0424712587351137 0.0397580950643824
-0.0410438286918963 -0.0782063971114366 -0.00682444331295748 0.0242330940616242
-0.0580327483156411 -0.0582769887747529 0.00145459802536888 0.00552254424217127
-0.0594532213066147 -0.060111983320854 0.0114171712500199 -0.00980453906501523
-0.0248146837682762 -0.0812065419351299 0.0292351794626142 -0.0189452073353384
0.0172355690944783 -0.0862443001379057 0.0551920641390364 -0.0185717651457047
0.0880713058360335 -0.0797852881693363 0.0710284938314006 0.0230464736308309
0.124056739367422 0.00270636726908312 0.0479860191221631 0.0760126372811622
0.0807062196712422 0.103800171603112 0.00384883812113174 0.0633183430198496
0.0183375280838857 0.161475208833606 0.0100381116029618 0.00907568932341728
-0.027598186640392 0.133763735399506 -0.0092702136136606 -0.0954205488578446
0.013905330505028 0.146428999547278 0.0473596954994106 -0.105266564063531
0.103784261844348 0.0918496136224943 -0.0064439232639633 -0.121859820578442
0.135055800822683 -0.0115467203204649 -0.069113123590999 -0.0831064553237608
0.0720402556453109 -0.0755803931707329 -0.0678957813658046 -0.0221812609881055
0.0159575805492889 -0.0862870054517184 -0.0432185856620822 0.00118856596688358
-0.0359976442686873 -0.0769838977939047 -0.0196561204617825 -0.00633418929926271
-0.0543366896637451 -0.0586426343255557 -0.0150895174456136 -0.0188986800534746
-0.0564188495477963 -0.0584115483087318 -0.0059193273899178 -0.0331139009493809
-0.0251777316972389 -0.0762165222666482 0.0158018726011468 -0.0430909089107084
0.0162256992800483 -0.0809162912343276 0.0504764025413856 -0.043578607296518
0.0831397153122557 -0.0711689512900074 0.0742061877861477 0.00217176557561108
0.111023419621425 0.00660246188242461 0.0546909616816656 0.0599935623759621
0.0656156658730815 0.0963814837508892 0.00213222810315082 0.0464293201779913
0.00685878653553625 0.142050487393909 0.0146829707176517 -0.0335503895889577
-0.0321390042832038 0.0912609647148089 0.0191776876671498 -0.140999492329936
-0.00697121129020174 0.111194682115796 0.0592453642047136 -0.126968028183409
0.0678258884465775 0.0801677735118523 0.0195971601944883 -0.121214536353205
0.104535532000173 0.00342906613923176 -0.0376122889749793 -0.0923442580349879
0.059667737178258 -0.0536075848361957 -0.0470146909468164 -0.0480119608979496
0.0158922019409598 -0.0655088851783312 -0.0410496709762249 -0.0318183178070714
-0.0260517838619247 -0.0623472532169908 -0.0309823247334549 -0.0334095640334244
-0.0434142131126677 -0.050000674477726 -0.0289439706697863 -0.0405619748302785
-0.0449474295156773 -0.0503836462200175 -0.0203084953108234 -0.053291844964282
-0.0198463573339939 -0.0635871647712403 0.00609250145135046 -0.0643378518902377
0.0167262024366678 -0.0664074428128498 0.0483180346867874 -0.0627971411650943
0.0723063772446658 -0.0516736186171639 0.0763359389221931 -0.0113050439689476
0.0861383575693921 0.015730545491697 0.0574036107515938 0.0478356235542574
0.0391385089916527 0.0829590224185978 -0.000273903869289245 0.0332997224466292
-0.00955475872762701 0.106061379651225 0.0195624670000072 -0.0668451729692787
-0.0284687062845041 0.0332863841449394 0.0418293555031003 -0.166474977168083
-0.0198836689615838 0.0545261637867172 0.064274817202859 -0.136736103259128
0.0263396571887086 0.0485614943636851 0.0345794603824392 -0.116871821079666
0.055859481600672 0.00978467152887846 -0.0162014700358066 -0.0944941443513101
0.0352745124487639 -0.0252049674844536 -0.0348417198608702 -0.0640467247054593
0.0113262145742449 -0.0346352782451479 -0.0414003250834123 -0.0532478737602459
-0.0134295700770856 -0.0371896755181136 -0.0397596180988073 -0.0509751047133987
-0.0257433714084185 -0.0328493691867246 -0.0381874296396324 -0.0560673238507496
-0.0277473795883427 -0.0353112560568443 -0.0301940805316317 -0.0696208946305101
-0.0122823972026398 -0.0437727129894992 0.00330857098759116 -0.0809420559415671
0.0160058856817658 -0.0451474516874386 0.0524944720003646 -0.0759251754907964
0.0545944416083925 -0.0273133260240344 0.0820219346549313 -0.0169199262602943
0.0533498409994997 0.0232945254353651 0.0598990919754903 0.0417654977943617
0.00985594591700147 0.0615369236395521 -0.00186935524909488 0.0247674150626356
-0.0253974502007736 0.0578284053234346 0.026709996071656 -0.0877848193854768
0.0339090414823834 0.000110640828371624 -0.023667414149164 0.115582708911347
0.0115350323785334 -0.0278947964706717 0.0347787169565502 -0.0026261582671332
-0.0199696404557072 -0.0253482957872815 -0.0547124815818107 -0.0585156758254679
-0.026403867756505 0.00399563605588683 -0.106044403283274 0.000428981506446125
-0.00964239093479116 0.0160297594987534 -0.0826140034087002 0.08219421792027
-0.000119375422295636 0.0103294510986412 -0.0107573190457132 0.108926367228227
0.00195065422182332 0.0130345633334571 0.0356734377154896 0.0906822824183625
0.000552642629544919 0.0121686540038927 0.0475941612505388 0.0688344734407006
-0.0050486030204381 0.00734898021914383 0.052612179286282 0.061384631771771
-0.0101129061677536 3.36413596757536E-06 0.0519039147587467 0.0662061332069269
-0.011298610312297 -0.00650288856260202 0.0367181042654609 0.0794606604281005
-0.00313631439955111 -0.0216866416110992 0.00653775864182497 0.101375131487678
0.0187029148395564 -0.0181730555812262 -0.0366209975901958 0.115764388611519
0.0345917617518018 0.00842411557632769 -0.0686060682822168 0.118086395064163
0.0290265228087042 0.025858199491394 -0.0524371774526609 0.164305739593344
0.0336333864085588 0.057220611146525 -0.0444951505803709 0.104373213729225
0.0365818769476487 0.0167420698742966 0.0289476433275554 -0.00434813060498406
0.0278734242322263 -0.0137301791988976 -0.0579230396371677 -0.0658464968397574
0.0135538865982142 -0.0206545356605801 -0.116579298402239 -0.00721745648634734
0.00343988310429271 -0.017514371750638 -0.0927464410199803 0.0804297495622825
-0.00448845635347579 -0.0216640135508949 -0.0185811218156564 0.110341847295201
-0.0174525086054086 -0.0149300489288456 0.0306034365498394 0.0893997979564922
-0.021403741236604 -0.0111250244021056 0.043584709420028 0.0651061286235917
-0.022240542114677 -0.0206893688211829 0.0506590096081215 0.0542089791929271
-0.00826019204385722 -0.0343505409360882 0.0527633968683485 0.0564804438750191
0.010845897523404 -0.0349802018169454 0.0439174619712661 0.0676486724940787
0.0426895425951259 -0.0327088140419141 0.0214055363179519 0.0922685071864897
0.0601528682258936 0.00805688419638771 -0.0183985596447752 0.114695829588248
0.0450128856428761 0.0627736877963831 -0.0434964070960152 0.112176035356663
0.0193354581371903 0.090508337249067 -0.03481301310524 0.144837863854046
0.0225336098270159 0.108400353140278 -0.0554357639325498 0.0720279211387858
0.0512957465613874 0.0712133291739447 0.0262761357658372 -0.0180143298513318
0.0755178930419164 0.0113012290221725 -0.0579461075894976 -0.080031136156957
0.0630083731178788 -0.0382974411710251 -0.124436273851389 -0.0233609574123618
0.0239052045606595 -0.0516637753964731 -0.101571960367242 0.0669413677427843
-0.00329707592233902 -0.0548281618713445 -0.0290190155381808 0.0996240415271981
-0.0328029108026693 -0.0437018290151477 0.0200132639395467 0.0770232116193953
-0.0403648610018826 -0.0338638333313196 0.0327716183587818 0.0517140374613698
-0.0396214508435642 -0.0425149401224036 0.0422828512058192 0.0367192991929194
-0.0118159498391372 -0.0621811246059538 0.0510825330234624 0.0355655344839683
0.0208437115635072 -0.062598443371479 0.0537732468435086 0.0440018286071666
0.0752101261452407 -0.053697392835414 0.0438633475590265 0.0763303291921321
0.0988199518393899 0.0143225880587121 0.00749601760029993 0.10982286960789
0.0633078543802481 0.0967690157222979 -0.0193865595615839 0.101208592754181
0.017660324609222 0.138966330909812 -0.0148507131235531 0.107339943101681
0.00275736205948746 0.143554222203754 -0.052669772692364 0.0217954496659422
0.0513619474428091 0.122586641980665 0.0292859636837809 -0.0436173433219153
0.11207266017185 0.0465775991776768 -0.0486573674333315 -0.0994757846952173
0.111251104707174 -0.0423287034171926 -0.120728108037178 -0.0456190353229289
0.0489464416173568 -0.0772704863540594 -0.102363099156704 0.0420894057858508
0.00328761457865789 -0.0812104374671501 -0.0393453779434809 0.0749420653847469
-0.0403729538470192 -0.067767987272924 0.00612216246700972 0.054485087743217
-0.0535461207950235 -0.0507419038254447 0.0181166866561041 0.0309737732390291
-0.0527931255767006 -0.0565652356250836 0.0286210296904803 0.014560165009312
-0.0192537485244774 -0.0789286384250422 0.0433809091129599 0.00915677623734596
0.0214815801025206 -0.0817798724482033 0.0597015087468315 0.0135682272991809
0.0902057467566654 -0.0738731849132482 0.062280394905563 0.0513514240326179
0.123018299324185 0.00879562191842554 0.0320968736751263 0.0964624757430935
0.0794554086792498 0.110205549608834 -0.0031283397751836 0.0834693278909263
0.0191245033235142 0.164243036471067 7.70217017638843E-05 0.0587382709821631
-0.0174986360931249 0.154310954792067 -0.0348528082862164 -0.0391548822208175
0.0350295118303503 0.153534259286008 0.0379974726278258 -0.0760374669740098
0.122898932494556 0.0802924428306541 -0.0289386368403052 -0.115956995403543
0.141028137680776 -0.0301948639741087 -0.100506371733611 -0.0697798027775405
0.069090988589892 -0.0867596510852209 -0.0902488180084232 0.00835961605702978
0.0116273080469439 -0.0940083856785597 -0.0448214161347099 0.0392148121727299
-0.0410713849250944 -0.0807685566968431 -0.0083496959463604 0.0244925203620431
-0.0584883013349255 -0.060529327974418 0.000689960211585381 0.00668360789545477
-0.0590830503188117 -0.0620911385406286 0.011769270307493 -0.0102392322180896
-0.0237322725439679 -0.0841112768309568 0.0305078933166595 -0.0186419672887015
0.0190823926347549 -0.0882808597243493 0.0579174661441296 -0.0175109051059091
0.0920821013570737 -0.0808010618868758 0.0726682217586478 0.0249853079283785
0.126548410519471 0.00479961454218496 0.0480066625331369 0.0799140182248628
0.0806826626986555 0.10874127642976 0.00239941835969225 0.0651338616059029
0.0148237424623911 0.165539173061966 0.00889600206417668 0.00993582911761448
-0.0312399911072275 0.136050034787801 -0.00647382378366991 -0.0983281946813522
0.0108560342145448 0.150890263907033 0.0524615130118617 -0.106536753910821
0.104349214319446 0.095664707499726 -0.00231712308335978 -0.125149259933197
0.138981026167198 -0.00971094207513041 -0.0686123100321539 -0.0870476675858448
0.0752961640302692 -0.0766682637639547 -0.0691144752018306 -0.0250063622370244
0.0176302198264423 -0.0885258281607871 -0.044773991671639 -9.82742131136439E-05
-0.0348052941092569 -0.0793333317674076 -0.0214767542893668 -0.00754436445616957
-0.054639254175575 -0.0604331478795181 -0.0159678319522522 -0.0199088460881966
-0.0566883884614877 -0.0605129768862875 -0.0052496518271553 -0.0338450600228128
-0.0241314851624918 -0.0792036501714317 0.0173307054825209 -0.0440123869628129
0.0181167509376386 -0.0829134173411096 0.053455634443913 -0.0432368591596669
0.0867092112411113 -0.0714820009154026 0.0765099474138773 0.0036107588265589
0.113744325824232 0.00890327316636797 0.0557219346526463 0.0628869200039769
0.0645084248705839 0.100497910212184 0.00136320356470255 0.0483499552698638
0.00365887973561812 0.145116689328222 0.014591084983319 -0.0344131972077184
-0.0345333910134527 0.0929604785595936 0.0240783894821396 -0.144930104088078
-0.00933859143894832 0.113462084865177 0.0655887364911622 -0.128579762518934
0.0674726846952341 0.0835731334958738 0.0233795158243607 -0.124789184248439
0.106791498817421 0.00477120512169396 -0.036110085170047 -0.0953810385482766
0.0629281120514298 -0.0538756157661367 -0.0474038771880423 -0.0508531219220505
0.0175379200168096 -0.0670851652691681 -0.0419882911222639 -0.0341304547325882
-0.0260857770612167 -0.0642565140222488 -0.032244057479065 -0.0351036329576018
-0.0435808482912001 -0.0513718168316447 -0.0298733275462234 -0.0426845004891358
-0.0449271871091106 -0.0516339541855029 -0.0198065347287057 -0.0553381915130281
-0.0192449967431084 -0.0659636188878628 0.00832080226002909 -0.0655919570280347
0.0182999616978638 -0.0679396955389091 0.0516269966983153 -0.063355847919287
0.0754740587166371 -0.0513261948433216 0.0791473156919113 -0.0103488961064397
0.0879069383990042 0.0179788744738914 0.0585284147247937 0.0510515252115798
0.0383413959571288 0.0863758797672644 -0.000827619474135114 0.0346437087490512
-0.0121846893507422 0.108213729048711 0.0212505712648714 -0.0683500310946953
-0.0297377078525912 0.032934871485468 0.0471389867822331 -0.170552190930678
-0.0216011619475088 0.0552687959162059 0.0702648831267547 -0.138585950324125
0.0254555222079261 0.0499725402187452 0.039724055976235 -0.119023730950378
0.057048789491809 0.010137034598822 -0.0141103300012961 -0.0978348388229998
0.0369338309868871 -0.0252954524502476 -0.0342457931062916 -0.0668741982490072
0.0130946543819639 -0.036023163583212 -0.0417421502738423 -0.0559253427634539
-0.0129109074565929 -0.0383317066592972 -0.0407158537915126 -0.0528127136708916
-0.0257999193209785 -0.0335726922321512 -0.039425598689871 -0.0587149845987351
-0.027794819268561 -0.036214925614111 -0.0289938828446873 -0.0716857637602783
-0.0111165301302735 -0.0452235608022352 0.00532208835115123 -0.0830574436301212
0.0173470452450306 -0.0461951973924883 0.0551762427868895 -0.0758828826678008
0.0560574004002901 -0.0265087617896578 0.0846750438774904 -0.0156860274901226
0.0535822963754077 0.0251961783111464 0.0610026023905023 0.0448744362694533
0.00853717408852023 0.0635583993938913 -0.00241030671129189 0.0258166521947071
-0.0273208097105395 0.058223183900045 0.0287967604437749 -0.0892409477820749
0.0349963599362186 -0.00127336248210497 -0.022051256469448 0.122261159068938
0.011871001363309 -0.0294874646225932 0.0373818552956327 -0.00365568855992878
-0.021300650652946 -0.0258042730287203 -0.0567835155604187 -0.060765387787834
-0.0279060590913354 0.00436659191667044 -0.110516806556289 0.00149943630834439
-0.0100130914212063 0.0164903598472608 -0.0855714525261329 0.0873444646581374
-0.000698912965670928 0.010758365815646 -0.0100616604636095 0.113557545712756
0.00229081106337666 0.0132061463668506 0.0383772925824778 0.0935746640340781
0.00138632930364073 0.0125875280231738 0.0515273296597817 0.0714474938958843
-0.00527964962761671 0.00748779483637961 0.0565788239515528 0.0639505385069392
-0.0104889985271623 0.000181008231227812 0.0551466528342488 0.0680856216576827
-0.0117952574479213 -0.00613468740780418 0.0395997303506678 0.0833764067369489
-0.00349140165213094 -0.0228296867399898 0.007213678819787 0.105672973589692
0.0197557099714885 -0.0192441608580941 -0.0378096676448294 0.121298449713551
0.0367869663833187 0.00867368757814158 -0.0717217713583167 0.124482422288484
0.0303978964325142 0.026431247927884 -0.0531832440484705 0.173893569936879
0.0358098328862212 0.0583827052573992 -0.0444529701402787 0.111420800190543
0.0383808940928891 0.0171843699914043 0.0314297774724661 -0.00492516041095686
0.0288856540198149 -0.014920905381925 -0.060805279673811 -0.0685135392606096
0.0135178011855934 -0.0227275696001429 -0.122256354847793 -0.00592187220618596
0.00323848537509487 -0.0190295027362102 -0.0969346495013624 0.0852157766553743
-0.0054963654691101 -0.0228592882996767 -0.0178941587325707 0.115235622467712
-0.0189933410853383 -0.0154667166896831 0.0331644100556843 0.0925583776890737
-0.0224619721359492 -0.0110043893317742 0.0469764977699047 0.0672635876014457
-0.0236958248237064 -0.0211821123082811 0.0536756541486195 0.0558684407275065
-0.0089778758458309 -0.0362732850185486 0.0558752956095119 0.0582988397385847
0.0106697950570915 -0.0371346704174076 0.0464499877438983 0.0703247245286999
0.04417496660907 -0.0349202263237218 0.0233512163809728 0.0967893849922292
0.063506479624012 0.00700752055150491 -0.0179363823697014 0.120429493376805
0.0482941611057182 0.0657540632205458 -0.0448990663379603 0.118181700035277
0.0216468671211283 0.0941186531940051 -0.0346638012853519 0.15313742081023
0.0249687975311691 0.112508437942697 -0.0565346889848164 0.0769934568940218
0.0553542529582105 0.0744704847617355 0.0289120362008302 -0.0189299568710158
0.0793418657431838 0.01047030953516 -0.0602199160811677 -0.084215780419771
0.0653853751081162 -0.0422761374757937 -0.131178784873295 -0.0223502794943686
0.0243294306625868 -0.0553423919440531 -0.106178094852105 0.0713254809898977
-0.00498134628428348 -0.0576433242287523 -0.028973156298336 0.104441451069713
-0.0350568223985709 -0.0455010981378786 0.0217353572384125 0.0801905755569308
-0.0430311854518852 -0.0340648237713022 0.0345504714427768 0.0538232474743576
-0.0420422665075436 -0.0435284615585961 0.0442744120882678 0.0380706176744066
-0.014220749007637 -0.0653203042996917 0.0534393575558081 0.0363795409871436
0.020846869672088 -0.0656704497007114 0.0570744522774021 0.0452306577386885
0.0778492947352211 -0.0581036658613885 0.0465920384612507 0.0790858528408882
0.103775347874889 0.0133350356158119 0.00952443145857631 0.114392690756885
0.0683873640242172 0.101284229352936 -0.0194814815976828 0.105780509095683
0.0206711558181706 0.144835254133536 -0.0145436434707744 0.112868471708626
0.00519888031151004 0.150121119527086 -0.0542695493834838 0.0241592944656659
0.0559082042697845 0.128085969042446 0.0314534088212973 -0.0451130267439142
0.117711765853824 0.0463089907238576 -0.0515497262587969 -0.103247834317767
0.115825373814529 -0.0469731337499222 -0.127084989794524 -0.0462409010516789
0.0498664156107021 -0.0828301585013305 -0.10681933986171 0.0454424110257179
0.00139191197146163 -0.0857512455665713 -0.0400735435155767 0.0783801529439878
-0.043519056099048 -0.0701544042752308 0.00607611751739527 0.056706003008531
-0.0571799723153099 -0.0514250728143381 0.0190235415530929 0.0323734855947962
-0.056029752417741 -0.0577417058207338 0.0298782383879851 0.0146427483752227
-0.0213671981598765 -0.0827332556436752 0.0457954777020315 0.00865917569214019
0.0204996690758217 -0.085850061756939 0.0622528455692827 0.0133117580917392
0.0928246173994225 -0.0792062730457408 0.0662150009374881 0.0522482000659168
0.129035885135474 0.00658071966050766 0.0353625676630514 0.101158474398915
0.0847022013181342 0.115180498637333 -0.00284993631568818 0.0876254198300096
0.0223221009948925 0.171371916638999 4.79758109738768E-06 0.0624793545804523
-0.0166698995466451 0.160972380546804 -0.0367310638313924 -0.0402239338395063
0.0394489083094418 0.161101453246009 0.040318941497695 -0.0800216701083653
0.129383512517864 0.0817077268690868 -0.0308257314061625 -0.121725968242362
0.147211039236593 -0.0350774902254217 -0.105961853204902 -0.0717571846288749
0.0711777548750995 -0.092878375732126 -0.0952687568390544 0.00979293770879359
0.0103754443284205 -0.0992581650910371 -0.046404038703076 0.0410321511632668
-0.04395340677766 -0.0839879922538506 -0.00972257684402175 0.0259472952181965
-0.0625396160931951 -0.0612977040549063 0.000125451349462329 0.00653655663661275
-0.0627723411041553 -0.0633939062099107 0.0110279398737879 -0.0106336681068087
-0.0266928503015108 -0.0873203476693602 0.0322367812564607 -0.0197688109417123
0.0180623590128662 -0.0928021481182695 0.0602198867975451 -0.0191688761059002
0.0952347747977602 -0.0863613103717823 0.0766328751453438 0.0243753042696817
0.132975118264375 0.00223598426803629 0.0525118312548569 0.0831743105894432
0.0857908242301277 0.113606396522962 0.00280913133313489 0.0684689919799238
0.0178948979238585 0.1723855000768 0.0086183023012217 0.0103920694278957
-0.0309930368207734 0.142162520419558 -0.00722412656219116 -0.103224564667375
0.0133098605929786 0.158269869449768 0.0551044304263961 -0.111989451496335
0.110321585626693 0.0985192565758376 -0.00280100731832103 -0.131089628234735
0.145896532128418 -0.0141624822929917 -0.0725508663159865 -0.0907141152596087
0.0779689056088318 -0.0829202414301604 -0.0728214480866937 -0.0248255148988446
0.0170034975392167 -0.0937131300633453 -0.0471683046956946 -9.31562538823771E-05
-0.0384973181390843 -0.0823363193956655 -0.0236114662576345 -0.00704498420502815
-0.0589060199527172 -0.0621702159707745 -0.01761836918673 -0.0197523082392633
-0.0598230138011467 -0.0617735949175594 -0.00671784512257977 -0.0358721076635124
-0.02612280288719 -0.0825165480975469 0.0179880303639931 -0.0461889222235541
0.0172351967939492 -0.0868896089422419 0.0547942221485526 -0.0457629077440235
0.0898973026358796 -0.0767764213045482 0.0805111044723038 0.00215135071770031
0.118700879642733 0.00701264776223761 0.0605165499586837 0.0660502934604165
0.0687856763024431 0.104833885841677 0.00215313531520167 0.0510398725868628
0.00642656837740571 0.151664154064777 0.0141050718348254 -0.0361684764118081
-0.0346607554707516 0.0970675822478626 0.0245004484454789 -0.15289549784916
-0.00863385013809158 0.119565368959827 0.0686498120144507 -0.135163878738103
0.0711851602862736 0.0862725151138083 0.0242909216849681 -0.130031895367542
0.112038522972432 0.00188550254246504 -0.0381210914440015 -0.0990670359912906
0.0651223695384911 -0.0577595249776289 -0.0498117020658919 -0.0529916737243167
0.0173046059265164 -0.0716090748680377 -0.0449288881478878 -0.0358340335407284
-0.0279346038952467 -0.0669070263852908 -0.0347115094028632 -0.0361412848456816
-0.0465305868153467 -0.0522002594513722 -0.0328643038057096 -0.0441048997651711
-0.0478731618921529 -0.0529953719739331 -0.022035125819702 -0.0577236275305975
-0.0214409787243743 -0.0685072798118359 0.00807181631439893 -0.0687281917973527
0.0177932299750011 -0.0711346267447096 0.052886220341222 -0.0668529125417723
0.0779177170717547 -0.0558815454383334 0.0826565201178346 -0.0122054940491177
0.0915165565917353 0.0173308569422597 0.0627959388095033 0.0530029137364837
0.0409523415606246 0.0900141696814165 -0.000141872973217944 0.0366229354888036
-0.0109793858302615 0.112449762993707 0.0199835109369658 -0.0723724099542114
-0.0302030371301431 0.0343340638825922 0.048005522963397 -0.180490812339786
-0.0221333436749769 0.0578118982158808 0.0730983767924524 -0.145869385480096
0.0271521482268227 0.0517236332843596 0.0409846005519979 -0.125466571000917
0.0603930817175843 0.00971682657182184 -0.0152160841287358 -0.102205628429284
0.0383789355226195 -0.0274154478350113 -0.0365102854263127 -0.0695603132205309
0.0128832246156682 -0.0380192457003737 -0.0446242168399484 -0.0585506973517084
-0.0143234657894418 -0.0398699895086799 -0.0438942196481672 -0.0551515903054547
-0.0279581187962527 -0.0342942443560713 -0.043388988534526 -0.0610476248474037
-0.0292859630037742 -0.0368012884424416 -0.0315527191076932 -0.074786816925112
-0.0126467433460902 -0.0467225833792268 0.00501385315999664 -0.087051861892493
0.0171217819257782 -0.048820634988597 0.0575658615192852 -0.080452140123191
0.058539055745523 -0.0289683242170258 0.0889186560607296 -0.017514243847916
0.0555410159494425 0.0256993519343866 0.0655499569716535 0.0463292366752863
0.00985732641073396 0.0660183790046899 -0.00252594355058524 0.0277628662991589
-0.0272973618981926 0.0602007499189154 0.0276564064217802 -0.0947063225848508
0.0370630021005908 0.00717072146939958 -0.0411261159701247 0.120587282558317
0.0168980963298326 -0.0286056986463688 0.0402407956718491 0.00111014384241785
-0.0174109894096558 -0.0290060793054023 -0.0487302581933218 -0.0736096910851653
-0.0290037863009373 0.00140496503827146 -0.115859063623225 -0.0173819901636509
-0.0120250932683591 0.0166225261534987 -0.102329358788945 0.0763756894457329
-0.00181361946090274 0.0119301231184994 -0.0288639713929185 0.114495778763991
0.000441622133785035 0.0136712314081857 0.0242953500571349 0.102472827112695
-0.00049209337743529 0.0134126593623751 0.0411711055956795 0.0823951613795478
-0.0067813724255155 0.0061489992432931 0.0482730606562309 0.0747802121977927
-0.0102490258082094 -0.00166636443292465 0.0465547219306113 0.078585782725442
-0.0100789926296986 -0.0082339373223375 0.0279140949295412 0.0920708300378117
-0.00011862273062392 -0.0228068794364459 -0.010116883460634 0.111126216179409
0.0232539472021215 -0.0144397449391934 -0.0590752600220667 0.117372901071459
0.0351856404693067 0.0178147721093076 -0.0968154059986186 0.112927820753555
0.0262557927968706 0.0360969505470673 -0.0879812916597745 0.167416385321825
0.0262357793020292 0.06702347630953 -0.0612511918870836 0.107846351744283
0.0358037656821491 0.0233732161415861 0.0354095664446596 0.000813965469458021
0.030164553622234 -0.00936668483853905 -0.0487231793139009 -0.0813733180652409
0.0171019789202924 -0.0188409165395457 -0.12355943911718 -0.0275154580581307
0.00756146026706332 -0.0168939122698345 -0.113058482861255 0.0712442006900874
-0.00104146409783071 -0.0236623336650018 -0.0371446928461505 0.114429269387966
-0.016162484689498 -0.0181516932061042 0.0186138795342509 0.0998075201071381
-0.0199269883395818 -0.0154518389533067 0.0371200881751562 0.0772859505043527
-0.0204005202975396 -0.025947658258299 0.0473536543718523 0.0669385954699724
-0.00231886457110979 -0.0385475175436729 0.0491945671903768 0.0697440983156455
0.0189486893790399 -0.0349093054663428 0.0360403644962 0.0807824134405795
0.0511988207984523 -0.027118223563824 0.00561743046930357 0.105584219290411
0.0627519690505141 0.0217174152578066 -0.0402220007920166 0.119179800803788
0.0358288218307088 0.0788552141856447 -0.0685982937494016 0.108762991068924
0.00297792956222294 0.104994321998826 -0.0639033017574064 0.146060871179067
0.00454697431887749 0.118677611356603 -0.0694134520526119 0.074169002678453
0.0422668110085601 0.0832542525638864 0.0356203210696086 -0.0118381990918363
0.0756449624941481 0.0246746379260394 -0.0422877341343894 -0.0948844619060798
0.0706019275755409 -0.0306054828280278 -0.125231674522857 -0.0459914458110927
0.0348385758039088 -0.0494424894385902 -0.119845528507611 0.052710534063887
0.00560415799882697 -0.0584817407598289 -0.0468275443815349 0.100342752419171
-0.0275551162669516 -0.0509456949909113 0.00840961023434907 0.084186423936497
-0.0359353997097388 -0.0423517851158272 0.0275286842461269 0.0614330190543414
-0.0348339610966298 -0.0520985545035319 0.0404551209079062 0.0470564943644985
-0.00237100623191592 -0.0692192507056655 0.0507458718424724 0.0471752028219401
0.0351996868508951 -0.0627935466010828 0.0500276969432349 0.0585154100124859
0.089903228865589 -0.045401858087261 0.0312693788561217 0.0931708219205402
0.103186207588597 0.0365931006534243 -0.0109759101578889 0.117815398703048
0.0498939057907296 0.119186636631359 -0.041625825154369 0.098323490937465
-0.00803342177255601 0.157957832193228 -0.0346132941989634 0.106370022700827
-0.022904482362372 0.152060824127973 -0.0589548629823173 0.0220815441616081
0.033163140931155 0.137486940391438 0.0422811144074256 -0.0373935728471722
0.107617110323522 0.0676625503878359 -0.0270015559412463 -0.111311240939524
0.121462579702489 -0.027261298013567 -0.114652605882122 -0.0690586297572062
0.0651165560817374 -0.0729242875324144 -0.11533651089025 0.0241445534572214
0.0169469414513977 -0.0862973934126676 -0.0537653773055016 0.0716209309840888
-0.0319114378343896 -0.0780946363332523 -0.00283571640658415 0.0572352595981352
-0.0469414289437446 -0.0630893238836647 0.0135511517489735 0.0364158306057209
-0.0462311328563733 -0.0687100263592658 0.0294226825400354 0.0205074739061608
-0.00723912599530027 -0.0886684923724519 0.0476250211470478 0.0173681503746044
0.0397292808900241 -0.0838948642567676 0.060357507738444 0.0269279918967041
0.109520102233245 -0.0646911073192087 0.0549799317704195 0.0709013483452178
0.130298202067654 0.0348343407706499 0.0168443321262433 0.108836192308864
0.0641346864224865 0.136480713848588 -0.0218957928712755 0.0826224146454674
-0.0108341602754572 0.185479643781345 -0.00946162670755322 0.0549926238683178
-0.0473499817889014 0.15851000379487 -0.0306138530012449 -0.0402701565186999
0.0105150526590745 0.167757510719664 0.0566785294804909 -0.0693245038723958
0.112999938453599 0.104482896233743 -0.00303037282264368 -0.123072251386984
0.15076776433033 -0.010461790539399 -0.0866194807031399 -0.0897920667506987
0.0880343488475672 -0.0791195920566854 -0.096054333677288 -0.0110992756337511
0.0279526651703139 -0.0987810793903166 -0.0542133592252273 0.0316523302353853
-0.0306664906350797 -0.0916077574083149 -0.0143142026662297 0.0220498157877272
-0.0508551301999347 -0.0743436109592061 -0.00190008551543103 0.00659519916226566
-0.0518615763202062 -0.0755241439467395 0.0145591936851967 -0.00926598032134752
-0.0114665914285491 -0.0947526345213166 0.0379871589256847 -0.0142884951228861
0.0380755498318657 -0.0917076884610667 0.0631115925051223 -0.0062849959786683
0.113468060618918 -0.0717510469499074 0.0707937336167547 0.0441708019514835
0.134952555966048 0.0306534717867371 0.0373903866334788 0.0932453424233285
0.0652831766317931 0.134641822853225 -0.012484004904123 0.0649369834934596
-0.0159444062969362 0.184793401926753 0.00906119853265065 0.0034084737527076
-0.0588259428504048 0.13528716898291 0.00932964390630971 -0.100114804442802
-0.0152802017602738 0.159053140800479 0.0759334961832887 -0.100048215598669
0.0897382071418677 0.116987820304208 0.0262530703923912 -0.127394158109451
0.145414004783846 0.00969867170768247 -0.0492207637331889 -0.10231277030176
0.0920630216007462 -0.0683393899601144 -0.0671849200450041 -0.0436530289349452
0.0339145788589056 -0.0928424898719082 -0.0482578185062353 -0.0104353813065973
-0.0247982871884238 -0.0895703406636905 -0.0233963417904134 -0.0142646331157181
-0.0476984929952697 -0.0742718236795055 -0.0159468708898288 -0.0237873040153455
-0.0492884833244769 -0.073936025324492 -0.000136032236165728 -0.0373900292456554
-0.0120657869831657 -0.0896532339329625 0.0280160453585337 -0.0440333286923164
0.0364312259078033 -0.0861202749606486 0.0625618566776424 -0.035520043605443
0.106668545587306 -0.0629900433780378 0.0783538068172345 0.0214674752240197
0.119597826808338 0.0327861778100154 0.0490077028848399 0.0771203360540792
0.0502650332992669 0.122373131450293 -0.0094647882121668 0.0469380495553663
-0.0240235703063317 0.160657380526179 0.0234669073961872 -0.0423110880246284
-0.0548447180094309 0.0878386035408043 0.0491609903102303 -0.147075819816321
-0.031257859295877 0.115998046761373 0.0928560881867641 -0.122858093693164
0.0534395257105557 0.0972728131885476 0.0517091445497786 -0.122338963259359
0.109361215237 0.0197699255703935 -0.0149774101909077 -0.105663211973042
0.0742660465485827 -0.0468126659957173 -0.0389181565432088 -0.0666219749733434
0.0298780428146941 -0.0696597530133826 -0.0402029559747465 -0.0465800877508905
-0.0166546032672621 -0.0715095067996275 -0.0303473217716715 -0.046017097959861
-0.0373705436826537 -0.0619751769849029 -0.0276751777246972 -0.0508552363691041
-0.0389117862927116 -0.0625133164614073 -0.0128326682181136 -0.0629439107922507
-0.00943956926320006 -0.0739925547725478 0.0211457019274283 -0.0687505377171988
0.0335340853437512 -0.0697272198381293 0.0640883182436993 -0.0572678330110244
0.091134247107828 -0.0433203570934399 0.0837252077204448 0.00581528502981728
0.0897303496870176 0.037749670290978 0.0547251205008159 0.0638656512057132
0.0239529134888258 0.100641432645256 -0.00869700347873605 0.0326216354438799
-0.0344910931793418 0.114701179019877 0.0354185067372841 -0.0763242394821678
-0.038912868649161 0.0247685178943948 0.0789016355669063 -0.173012615716408
-0.0340591740054502 0.0517406898971892 0.0986481475561298 -0.134768907989493
0.0155074005940117 0.0547839128115057 0.064760507499485 -0.116847776813852
0.0560942323161529 0.0181971592035565 0.00630901743740665 -0.10563378273377
0.0423550551261873 -0.0208264101982223 -0.0236744848786239 -0.08003986669128
0.0196224156062537 -0.0367453615433861 -0.036096464768398 -0.0688416805852489
-0.00754027494198025 -0.0422114242439869 -0.0372637883716778 -0.0659496207921254
-0.0221523082077789 -0.0403778745642223 -0.0354711195149844 -0.070171543528038
-0.0231793413995291 -0.0427436456682254 -0.0200659241155966 -0.0820062765385682
-0.00477933931166649 -0.0501213935730071 0.020638268290588 -0.088642207332208
0.0280618881308381 -0.0471728408893009 0.0704935252684977 -0.0710872274455637
0.0664927535688659 -0.0189581176254483 0.0912912714538178 -0.000241543934607416
0.0510523173670992 0.0394204488227235 0.0583471421079528 0.0575328214678017
-0.00370579914907482 0.0692319030112072 -0.00712798167010301 0.0250610005563017
-0.0404870825818202 0.0560677602902261 0.0469523241199768 -0.0945460603943558
0.0363739785099292 0.00323587427509493 -0.0307877069000761 0.122884018767998
0.0150507951491015 -0.0292898720922508 0.0407659008617183 -0.00273733708256796
-0.0192451781808669 -0.0274143941854802 -0.0531643332815221 -0.0703790834043007
-0.0286705629073374 0.00336600078449808 -0.115702173481746 -0.00876995518874424
-0.0104978572285573 0.0168853935842484 -0.0963492882202826 0.0833358813857269
-0.000884846083258902 0.0117380711994524 -0.020866065774244 0.115936832868236
0.00106494659070124 0.0131286556548009 0.0315735814248813 0.099210523381929
0.000927379321017162 0.0129764408297585 0.0473861304731757 0.0786374280471898
-0.00590242466404527 0.00669735139792737 0.054234515443319 0.0707094971668519
-0.0101636576676423 -0.00121551608144242 0.0517942788888502 0.0748756094951694
-0.0103527397677626 -0.0075519796398475 0.0340930436466097 0.0897063043529382
-0.00169414313725056 -0.022732617713113 -0.00281856591787661 0.111042519580826
0.0226995047622676 -0.015538202392769 -0.0516775213498221 0.119979086927818
0.037219791827336 0.0153899949027416 -0.0896874076599915 0.118355649057855
0.0283038764114116 0.0333319076253859 -0.075546873764377 0.172944934205304
0.0302271490676301 0.0635074993773156 -0.0519911276542966 0.111966070858039
0.037596700612961 0.0208808617044349 0.0362776230333121 -0.0019070233795469
0.0291815516126406 -0.0117525879065508 -0.0534341997291395 -0.0771411733371505
0.0150077561836457 -0.020470742130769 -0.124270268232166 -0.018736390307723
0.00621447700177825 -0.0179964198832003 -0.107408043435037 0.0783263732243554
-0.00310377279530911 -0.0229652924019543 -0.0290113258639357 0.115603511897626
-0.0177060832088875 -0.0173095638874657 0.025553045643893 0.0974028290035854
-0.0204026376799043 -0.0138613806336153 0.0423306021090641 0.0741222358871469
-0.0222860987192071 -0.0241455999124953 0.0520112952272449 0.0628674788834315
-0.00519496666665456 -0.0387590476119699 0.0538230338801465 0.0649112836776212
0.0163468418591694 -0.0362557290435129 0.0416380344620546 0.0780639104695395
0.0485471566349883 -0.0312778244863141 0.0126386250822072 0.104351669701061
0.0642540105508833 0.0169236123412933 -0.0311828885040826 0.12052941865431
0.0419070178655851 0.0758867947997864 -0.0615658894692349 0.112109532705887
0.0108032252952483 0.103099745920572 -0.0530224901382127 0.149929926929412
0.0127292202966474 0.117003308109966 -0.0621344552807904 0.0792632156906016
0.0486253942947416 0.0795421601453757 0.0353277132941496 -0.0146572028183338
0.0770302665389463 0.0181550504559813 -0.0473755233213496 -0.0915518489117347
0.0676345513038828 -0.0363327572455169 -0.127360152661254 -0.0367883160223615
0.0305591052414029 -0.0521687444045366 -0.115636740375675 0.0608881703237219
0.00084982365518269 -0.0588464593929607 -0.0393635405721649 0.102495874194192
-0.0312174181227333 -0.0480778192114541 0.0145464028854355 0.0830367444062952
-0.0384538753986102 -0.0387981667061253 0.0315478184565541 0.0592852092690756
-0.0382248683263147 -0.0486788029206012 0.0438765219685603 0.0438821922489644
-0.00719877734909863 -0.0685940961154374 0.054115160137164 0.0427330078937444
0.0305041810255978 -0.0650303185547781 0.0532437662506351 0.0545908463502812
0.0853220890730216 -0.0519260208237721 0.0374936235705107 0.0904868615587641
0.104943544818343 0.027990103881719 -0.00261842427207582 0.117971541725079
0.0587116235722204 0.115427565344441 -0.0350778465781448 0.0999123787865267
0.00380999042368667 0.156431296898726 -0.027537047939417 0.108807578289495
-0.0122630777601532 0.15212485662137 -0.0559619210470551 0.0266972941328083
0.0430781116568723 0.134199506457505 0.0401451815929303 -0.0389209398585797
0.111385351780414 0.0585407399735238 -0.0340171970870923 -0.108140606821692
0.118479927927905 -0.0374177236299668 -0.118349901973422 -0.060426864745076
0.0585892346263184 -0.0783128425404515 -0.113109670857156 0.0319837845773073
0.00958975263356614 -0.0874835793383703 -0.0483175638286901 0.0743902569568019
-0.0377255054928909 -0.0745015419397303 0.000515389431286176 0.0569427424910515
-0.0517833384284646 -0.0581784835596241 0.0156161602149048 0.0357598466588367
-0.0511238665739695 -0.0642414971695937 0.0299895945830889 0.0185535641465898
-0.0133079822259973 -0.0871716032972964 0.0479966158582075 0.0138872601879471
0.0331281676519654 -0.0859546035792142 0.061490700139024 0.0227322373134958
0.103940556719845 -0.0731218112319993 0.059804970071928 0.0663105772569453
0.131467359191163 0.023881586161792 0.0252586085567097 0.106545476934222
0.0739958350238432 0.131398441372821 -0.0163644516110214 0.0827884754773474
0.00276014445613398 0.184252903630145 -0.00620061930096637 0.0558898459871286
-0.0358858532021198 0.159712293862556 -0.032864653402126 -0.0373235373507229
0.0228531113166578 0.165422695414493 0.0518393347349814 -0.0720433679114304
0.118946598811576 0.0944858085442122 -0.0103615251927047 -0.121717718136405
0.14822607641566 -0.0232616703037572 -0.0914387084038384 -0.0830655778422196
0.0810519190270526 -0.0862107940909613 -0.0966655732886342 -0.00478742204732752
0.0197268712563173 -0.100743193854267 -0.0517860827800075 0.0351082824678021
-0.0373697678400422 -0.0886209358721551 -0.0132817614075504 0.0232105304676894
-0.0559776782775616 -0.0688238576601782 -0.00192593132440833 0.00730887414965552
-0.0571050590105644 -0.0706416292943844 0.0133418446268118 -0.0100232454472697
-0.0184345036096855 -0.0928419305023387 0.0369651356822311 -0.0168447347145164
0.0311931828117538 -0.0938981461459785 0.0622233962684343 -0.0108068823922391
0.106921059414322 -0.0806953886566098 0.0733315653029796 0.0381538699639807
0.135756319382212 0.0198411884924315 0.044813013246623 0.0897857201193915
0.0748283025578121 0.129625582862399 -0.00799680021087448 0.0640681485033723
-0.00111263677203266 0.183735627536316 0.00770500657963154 0.00273154268266162
-0.0493747973161956 0.137757425836424 0.00206843630766914 -0.100330289523686
-0.00324086174554773 0.159143128636226 0.0689827877320089 -0.104467254034525
0.0977067007621782 0.108886549752188 0.0181527986117741 -0.127274456269265
0.144616395353242 -0.00249279943583394 -0.0552595364345178 -0.0980319638418142
0.0858923566001488 -0.0754177017554335 -0.0695097364354283 -0.0387843288828354
0.0255727166620388 -0.0947545003595117 -0.0487179466436738 -0.00773997670768122
-0.0310486494315412 -0.0869600043075686 -0.025087670676644 -0.012470295918025
-0.0527467161679743 -0.068623529664583 -0.0186176397551507 -0.0219739581042237
-0.0546879689114881 -0.0690531023631484 -0.00369800548108756 -0.0370263766599736
-0.0188952900853066 -0.087518185754244 0.0247277507105826 -0.0460139166418689
0.0295435613835106 -0.0875024207645363 0.0594253831689717 -0.0390660577646485
0.101035973225073 -0.0711928274747866 0.0791989806051648 0.0151101374523971
0.120015340977176 0.0231127902459809 0.055310485098768 0.0726386821054658
0.0582009519388547 0.118170589515747 -0.00625209055731832 0.0468906234834453
-0.011659678572595 0.159166478214905 0.0187007770052199 -0.0438033987401728
-0.0485535616246468 0.0905143472348482 0.0385273237678011 -0.149893967739875
-0.0225220298278245 0.117261859415509 0.0839458071492687 -0.128231350819504
0.0600202877547837 0.0922864221845849 0.0434828248015849 -0.124940719212784
0.109483614639258 0.010006197271509 -0.0213910493446026 -0.103444267940761
0.070429348163331 -0.0522828715607082 -0.0428283043892011 -0.0638825051657476
0.0240764874216282 -0.0720217733283092 -0.0432633054483792 -0.0438195096736624
-0.0224323003440818 -0.0701297495906314 -0.0345967427088534 -0.0435712642448641
-0.0421032504353359 -0.0575436167525887 -0.0324564975904452 -0.0479312119495833
-0.043438756768341 -0.0582859289007871 -0.0173365683898357 -0.0615425878951658
-0.0148318800659465 -0.0722608779685886 0.0161869834847764 -0.0703167790502597
0.0280089190059345 -0.0717101019014591 0.05906976195326 -0.0616466501780983
0.0865430191284089 -0.049721836731079 0.0840433511430668 -3.48694945177005E-05
0.0907288048901801 0.0312016812026769 0.0600041991413542 0.0597697258960708
0.0312573058001032 0.0984238412736188 -0.00616327773037664 0.0334062362802065
-0.0249832579446076 0.11498437949138 0.028491671285992 -0.0780965702766978
-0.0364359982277421 0.0272033096545098 0.065285987135701 -0.178576162134369
-0.0299801562770539 0.0536648927825679 0.0885967818243451 -0.140149230796484
0.0192214702447951 0.0525078635284195 0.0572226553975969 -0.119665381440006
0.0568481101430625 0.0128575278743985 -0.000793554711568441 -0.105050091679775
0.0404541394434039 -0.0236385883883207 -0.0285005655812088 -0.0785378516085352
0.0165479044656883 -0.037952649259264 -0.0413906032268299 -0.0659852520133063
-0.0105558606159583 -0.0412491864556029 -0.0422386620648702 -0.0624443528082887
-0.0255789049876223 -0.0374238464641732 -0.0410777027653695 -0.0660967183259501
-0.0261832883260375 -0.0401238563332123 -0.0266123799286057 -0.0797607710579921
-0.00842056695056948 -0.0492900265208074 0.0139206418660967 -0.0895529398597697
0.024371738441242 -0.0489099640112 0.0649490857936185 -0.0755184710026043
0.0644143550391767 -0.0240334983124965 0.0915108072624882 -0.00666382859013517
0.0531219084797532 0.0359609222416465 0.0629942369444519 0.0527989169042997
0.00132471504504543 0.0688180778705813 -0.00579296704116322 0.0254986199151198
-0.0362779564873839 0.0574708809594347 0.0387055647060948 -0.0972826438940916
0.0343683024765734 0.00087355183722643 -0.0220833336286728 0.119385455665696
0.0128785397427938 -0.0287620016386184 0.04008658141747 -0.00490770651905484
-0.0198082337459487 -0.0252329852791667 -0.0545126547209736 -0.0652030573823459
-0.0273248734594806 0.00414104121480346 -0.110544304825582 -0.00363311591668777
-0.00946401840869367 0.0167127002024819 -0.0882853623883582 0.0845324486942407
-0.000875926111341309 0.0115375114618834 -0.0146450792723358 0.111331277610834
0.00162844458626002 0.0126791808642215 0.0349125450356853 0.0929766935619357
0.00192159643359132 0.0120934543834692 0.0496980234278978 0.0731687189053113
-0.00567472129268276 0.0068439935059127 0.0554077212221101 0.0651058846722674
-0.00996880196358378 -0.00081097179222029 0.0531133194313263 0.0688020887411364
-0.00983522093223154 -0.00643325285321393 0.0372644928753498 0.0845504214961062
-0.00282821062574327 -0.0217279835003869 0.00261000924272202 0.106692522065047
0.0213641534624585 -0.0159687769534378 -0.0448634359519441 0.115720871561049
0.0372133622250555 0.0130796124815838 -0.0812856496144179 0.116817916358245
0.0285563553098208 0.0300949823237467 -0.0645948769646228 0.169435543886422
0.0317071599894817 0.0593054128091984 -0.0429144243240301 0.110230581415715
0.0375586285994974 0.0181981513675544 0.0353748220377265 -0.00426319764685
0.0272689833466324 -0.0124605314246771 -0.0546714206957049 -0.0719940229902246
0.0128682547334522 -0.0207089839716576 -0.119191833203512 -0.0123265662093073
0.00459844609519509 -0.0173840887066743 -0.0994008212049634 0.0799534655475086
-0.00475084352014645 -0.021539541295634 -0.0224456869972317 0.111404132383633
-0.0176519376411566 -0.0157674734310924 0.0296601381881935 0.0911841786224269
-0.0197027662820181 -0.0123565485349824 0.0444013909121441 0.0691579758378218
-0.0227820199976683 -0.0222250000746588 0.0533251287313091 0.0578850554042148
-0.0071034267824492 -0.0370000366471008 0.0548391858996876 0.059314234000501
0.0141910022784646 -0.0356209109927637 0.0438080631287064 0.0732854148081058
0.0446418602922678 -0.0325603945543807 0.0169298957916018 0.0992551393971824
0.0623939089984354 0.0131946571366374 -0.0249966641518292 0.116028961513541
0.0442997538079884 0.0705356826511574 -0.0549267287544871 0.109730292842804
0.0150724844909886 0.0972876179376211 -0.0436411398125982 0.147063152796333
0.0175468539928462 0.110859587449394 -0.0541259937664329 0.0788102772076785
0.0508840732500273 0.0742443576501977 0.0343712333460921 -0.0156261486722677
0.0743226854529208 0.0131323545805415 -0.0489372980031018 -0.0852911661560644
0.0624156638430325 -0.0390079841243346 -0.123655185095586 -0.0295725454420767
0.0261432053941647 -0.05219497354617 -0.107954392998756 0.063423562842288
-0.00302612776746757 -0.0559329172830439 -0.0333492862582112 0.0996954757974413
-0.0328460454350663 -0.0443181153570769 0.0174507567078175 0.078185920214808
-0.0386519030126173 -0.0343471127672682 0.0329354387875146 0.0550150305689389
-0.0395156890793312 -0.0441939325716758 0.0442974320889958 0.039937468617676
-0.010931789765555 -0.0653852240462326 0.0533208268009408 0.0382939601522748
0.0257784448562323 -0.0637860087391134 0.0536964806212183 0.0500202608224429
0.0786584696578264 -0.0545256485102181 0.0395486990681867 0.0842204850037785
0.101648070307343 0.0207890789590691 0.0031585086284888 0.112288073164769
0.0622604714468541 0.107839693117054 -0.0296954489313074 0.0968437518573722
0.0113009811341431 0.148757988978605 -0.021295703202985 0.105837982525198
-0.00455921755509571 0.145893351997801 -0.0508670023099127 0.0284904405758808
0.0487856698057287 0.126277565330284 0.0379273754431755 -0.0389434117084979
0.109445487777994 0.0496887147178844 -0.0363117373732313 -0.101753862070911
0.1105486693552 -0.0431406813003766 -0.11450434300486 -0.0520610465354325
0.0519723907592006 -0.078404180228067 -0.106735001500923 0.0356441206094517
0.00415357142108764 -0.0842136964086856 -0.0430765768966756 0.0731157355942588
-0.0406286271682782 -0.0692817377275085 0.00319885162293298 0.0548954404712151
-0.0520381354640553 -0.0523368471973662 0.0167187897695552 0.0338402604702739
-0.0522891328274059 -0.0586166948148624 0.0305050123460717 0.0166142141066299
-0.0176347649223503 -0.0826510589289675 0.0467975247590319 0.0106991248605462
0.02753183537498 -0.0842531112871715 0.059841961667749 0.0190199524417961
0.0949971508679791 -0.0761626250563006 0.0599104151336506 0.0601481945749369
0.126646977817998 0.0157325995667162 0.0298517281044197 0.100386984799412
0.0772583184915898 0.122206876023104 -0.0120506008314079 0.0801549923443864
0.0119735453275713 0.174861463151052 -0.00453582855926974 0.0543147276022557
-0.0269920169794663 0.15435560068653 -0.0325033121463725 -0.0339127526785538
0.0302676897509368 0.157317146022181 0.0472573042124536 -0.0709395712741579
0.118708410463868 0.083481753012241 -0.0140955191052668 -0.115926891373889
0.140328504046791 -0.0309565749367315 -0.0902754111703766 -0.0749389145966734
0.0722691921182663 -0.0875405964029803 -0.0926628663176303 -0.000304727617248834
0.0133879957693414 -0.0974676949221279 -0.0480165848774441 0.0359300923840593
-0.0405049993802172 -0.0828824676941104 -0.0117880411200618 0.0235088644193937
-0.0568445789205055 -0.061797800882148 -0.00126439591600987 0.0078655965616479
-0.0585263551623841 -0.0641012518506506 0.0120685791403656 -0.00922617491157845
-0.0222222484626245 -0.0879089117126006 0.0341031270965719 -0.0184030779329688
0.0249277096916704 -0.0913400158293795 0.0589993237429611 -0.0131743700574853
0.0978733116381285 -0.0827090480030133 0.0719070895446422 0.0324683190051379
0.130210037416491 0.0117826876957 0.0475871138168552 0.0834696194724248
0.0786778653015109 0.120580820636848 -0.00524815947573595 0.0613837368068183
0.00765439839262387 0.174551959855646 0.00642535490195823 0.0025464828079341
-0.0404243357060026 0.133482460328288 -0.0027807237093651 -0.0962907873108745
0.00437126527049432 0.152796926339689 0.0618188670689136 -0.101803463950727
0.0980983579823332 0.0985718565190357 0.0131333375641218 -0.122652917066734
0.137541806982678 -0.0112603419615794 -0.0565660548443518 -0.0905272972728161
0.0780231050224455 -0.0773319977663421 -0.0683181695822922 -0.0344437247640002
0.0192951168295439 -0.0923000458240125 -0.047734595138741 -0.00530638189366046
-0.0349570565559449 -0.0812952166886498 -0.0252395671393372 -0.00991198537087706
-0.0540050426387537 -0.0622729018370812 -0.0193584423970851 -0.0192275971220284
-0.0561535685740159 -0.0627634288096795 -0.00563015096761036 -0.0345850415285109
-0.0226842778199211 -0.0830580597739527 0.0212998787404471 -0.0450815934746887
0.0234265283726769 -0.0855856134338365 0.05504875818632 -0.0398641690603659
0.0923010613248751 -0.074307584785498 0.0764296880188917 0.00996493226483202
0.115379991791167 0.0161265984741705 0.0574625946180057 0.0662467606143764
0.0617323904669077 0.110180265337046 -0.00399270675933991 0.0446532628575273
-0.00288774592603731 0.151516874851419 0.014246430840494 -0.0425773601400026
-0.0421785811917114 0.0886821809191878 0.0292932661057033 -0.145600456949045
-0.0149699899670864 0.112957818905856 0.0745293172963687 -0.126100838761498
0.0613767632898686 0.0841365458333345 0.0368542268637165 -0.121237651327683
0.104471338779254 0.00269657695259432 -0.0238540216608786 -0.0982679045088856
0.0641376444901764 -0.0538928104736464 -0.044528288123488 -0.0599811987021602
0.0194275570163964 -0.0705632515646874 -0.0444784694833053 -0.0400844572942642
-0.0250840117270584 -0.0654751029862354 -0.035967068148104 -0.0392208786668288
-0.0429767755354198 -0.0519243745884236 -0.0335133337869959 -0.0438758816166377
-0.0446609799315099 -0.0530409902947126 -0.0201657803309173 -0.0574703071448102
-0.017881740778125 -0.0683158061659278 0.0120073876919456 -0.0682472402012485
0.0229890916369511 -0.0700483553131192 0.0538604832477588 -0.0607535397623592
0.0801630356848327 -0.0534160887288438 0.0802717635173397 -0.00435839695479252
0.0874664153470056 0.0253247263034671 0.0611126085292213 0.0534560000800787
0.0345722069512169 0.0925787773873769 -0.00445946949110746 0.0319604863642408
-0.0179257002287286 0.11005908986251 0.021977288756435 -0.0765156034894215
-0.0336507674329137 0.0273046028419435 0.0534901178818872 -0.174365636468454
-0.0257729027873579 0.0519836742204127 0.0781798679806046 -0.138317730674921
0.0203287683225892 0.049072137922109 0.0501004795467402 -0.117284055859804
0.0540493200827171 0.008290486032656 -0.00474747829215708 -0.100246182823702
0.0370028169515259 -0.0249239859839268 -0.0313684652565339 -0.0740457179101691
0.0140892094566489 -0.0373991469926866 -0.0438746704266948 -0.0613541805679514
-0.0122186641891126 -0.038926631240007 -0.0446548954220164 -0.0579135428994789
-0.0259035863615208 -0.033680515022541 -0.0434010241886676 -0.0602638071088776
-0.0280040019002147 -0.0368077431298563 -0.029672724277065 -0.074258863227133
-0.0109707538805007 -0.0459635880000633 0.00859333381442017 -0.0863995604618185
0.0203315630849289 -0.0479221585250478 0.0588952362142203 -0.0749709487486486
0.0604874699626757 -0.0268092387591396 0.0872772743344846 -0.0106808265773325
0.0520258648164397 0.0311777736890512 0.0631752040073421 0.0474444171174292
0.0045619041178522 0.0655435458282702 -0.00464691252414723 0.0246925707851008
-0.0316710654273306 0.0552838360067538 0.0303659013962197 -0.0947855283635795
0.0320261489414158 0.000578382404847616 -0.018205876108831 0.11380581612183
0.0122488005377032 -0.0275425991835752 0.0383060274648635 -0.00542764779001403
-0.0190192656442691 -0.0230983818358025 -0.0522453591575616 -0.0620519966968301
-0.0260220224929257 0.0042901707662529 -0.104615116175078 -0.00273126456446193
-0.00869411872047137 0.0158497836569 -0.0832951117125025 0.0808803044819243
-0.000808569189622195 0.0109213053071645 -0.0129394862665025 0.105677209076529
0.00185520849565717 0.0122883763310571 0.0346481195624355 0.0869420553052691
0.00151913429204211 0.0109329785058564 0.0487035018788854 0.0684766010500081
-0.00551917010260945 0.006192329439204 0.05467224579425 0.0614762360736098
-0.00918911563605082 -0.00132079853480158 0.0514218710329045 0.0654050515898381
-0.0095834063719369 -0.00602856826831996 0.036380911473266 0.0800927887257239
-0.00271414952585561 -0.020710632485043 0.00276055144574146 0.101063042805708
0.0205239668923049 -0.0150854629277413 -0.0421155945169195 0.110071475910753
0.0359046886739435 0.0116901854218045 -0.0778759408642683 0.11116368680749
0.0266294980492377 0.0278186620324227 -0.0591999113936905 0.162819061465083
0.0305573915018902 0.0556246499452993 -0.038232394860156 0.105771025617351
0.0359016597730835 0.0168514127478003 0.0346293416814413 -0.00451086770255941
0.0259360399369968 -0.0124946665067786 -0.0514386288324911 -0.0682685744393822
0.011733321346715 -0.0205944537809578 -0.113334116505205 -0.010931299074557
0.00424408450384392 -0.0168157641258326 -0.0942117851258479 0.0771455507745528
-0.00492980185739081 -0.0205920034189916 -0.0202087669168872 0.106472277466562
-0.0172723676799874 -0.0146382111329429 0.029111015985908 0.0862603498252398
-0.0186496111185675 -0.0110413372977562 0.0438084487913335 0.0649650067467848
-0.0218575739929215 -0.0205870476626788 0.0518886279923447 0.0543291244865362
-0.00754269682479187 -0.0355812368314388 0.0532962514809202 0.0566023582556135
0.0128401152857373 -0.0339852549854103 0.0423418525501467 0.0699049383166277
0.0421253884722574 -0.0316533154725946 0.0166686418593725 0.0945680428985161
0.0596635425391521 0.0111146098147543 -0.0228535471908344 0.110680528575104
0.0437390747093732 0.0669310148168411 -0.0522832851486432 0.104030302223748
0.0148998954656212 0.0922682792042879 -0.0403062416047552 0.140771548284578
0.0177116587039005 0.104845132920269 -0.0499057883586776 0.0761607943697018
0.0496189645032845 0.0698386720010292 0.0338355761888795 -0.0149344839002613
0.070784970353392 0.0113204825871369 -0.0467441180980057 -0.0809781983373121
0.058074867849302 -0.03886712305046 -0.116766046214541 -0.0272150370788854
0.0238172248362199 -0.0503710042911986 -0.102216688305835 0.061833577611205
-0.00405632657530386 -0.0531227947613301 -0.0304862506415837 0.0946449458843084
-0.0319333364164861 -0.0417843079004976 0.0175262855691277 0.0739818455558008
-0.0371344846252851 -0.0317592038503862 0.0320318855266222 0.0525433927859919
-0.038456992379115 -0.0413471062856298 0.0429581488138048 0.0380234911895186
-0.0111701485634073 -0.0624454967374618 0.0516703751439297 0.0361431193285459
0.0233290972756948 -0.061162659234933 0.0519993047212054 0.0475333547235904
0.0735006636487536 -0.0532328677708129 0.0385411080590501 0.079841914299808
0.0972226172232946 0.0187637887224356 0.00402225016341748 0.106522961852177
0.0610595838247126 0.102200614649938 -0.0283826984561424 0.092172405144219
0.0122324513530593 0.140805494459714 -0.0198647738245356 0.101195901279906
-0.00283524511532669 0.138715646570034 -0.0474289913726521 0.02760433570432
0.048259295301318 0.119715600412454 0.0367802151109671 -0.0374447565995057
0.104190829691336 0.0453928594616743 -0.0338473144487636 -0.0967828723714993
0.103728671239163 -0.0442134461520054 -0.108706162429519 -0.0486842054824059
0.0476282075500367 -0.0761474391380769 -0.102153688290988 0.0353295700755422
0.00216658364447709 -0.0801016699323005 -0.0403799375385985 0.069792965152971
-0.0396881573428022 -0.0647617526920362 0.00336330867023707 0.0521767040463445
-0.0499255846836023 -0.0479578985690476 0.0165008060587597 0.032121192476199
-0.0507071912664809 -0.0541730322458771 0.0285557074036534 0.0157094012180995
-0.0180589872364406 -0.078873586860589 0.0446742439110207 0.00953803377448497
0.024658309871114 -0.0803163806199235 0.0575663528645314 0.0176492509369456
0.0886425585911282 -0.0744221639995905 0.0579562453795746 0.056412714749193
0.120051338674315 0.0132004294600689 0.0297370312912389 0.0952250525473304
0.0757524673326299 0.116041934182941 -0.0115548517665223 0.0759028440692199
0.0130268278812932 0.165474384759569 -0.00412859219155868 0.0519096079055604
-0.0241233555186139 0.147238462065701 -0.0300911106940769 -0.0320393706499222
0.0314772405984246 0.149357719874919 0.0453930816719585 -0.0677760693000845
0.11362075447524 0.0772802843821562 -0.0132016901469793 -0.109760344988103
0.131466566523378 -0.0325268227458732 -0.0861345354599902 -0.0710507310924001
0.067030551586859 -0.0851795979562095 -0.0887202792734596 0.00079759678132311
0.0102978728550605 -0.0931538264161421 -0.0458929819879924 0.0343350650317369
-0.0401358513384976 -0.0781245448956183 -0.0118886198956839 0.0223744582529095
-0.0553998164738334 -0.0569724099702831 -0.00137381884157952 0.00780442310524337
-0.0566906755819918 -0.0597933701337295 0.011095799375063 -0.00862171205518649
-0.0230058499098578 -0.0832756075222364 0.0327546874427633 -0.0178593203904081
0.0222993181871255 -0.0873787961602403 0.0562033351252594 -0.012718579180658
0.0912971346192415 -0.0814125584608304 0.0689958534450139 0.0303118138674455
0.123586041803184 0.00962459904637384 0.0470940174690426 0.0779849814399823
0.0760421892077079 0.113991910953658 -0.00464547659578261 0.0584274248333722
0.00957973315414034 0.165371900827353 0.00534137575253933 0.00261162635697545
-0.0375434461980087 0.128041387739972 -0.00255615095817452 -0.091736800200031
0.00618064030547151 0.145439930217554 0.0584050507226855 -0.0978966557506629
0.0945507192619786 0.0922907389453967 0.012512298320198 -0.116714256255456
0.129471652233018 -0.0138367038686987 -0.053568170412549 -0.0865470882457724
0.0725125872271114 -0.0752495596691599 -0.0656674962244221 -0.032496814615459
0.0168828396331444 -0.0883893430741255 -0.0459053452733406 -0.00499306480133538
-0.0342642649850595 -0.0771360389380935 -0.0249124308730813 -0.00954525852178906
-0.0523031272792703 -0.0571754079230261 -0.0185503873569164 -0.0180120228268131
-0.0541023615955996 -0.0578247333110632 -0.0057579819976241 -0.0321522256374167
-0.0224007308834243 -0.0777580945620694 0.0194224815549931 -0.043536702132503
0.0211474547368329 -0.0814406835879278 0.0517562935784205 -0.0384323021833912
0.0864728272930171 -0.0724142932152414 0.0729896721629951 0.0091210131179397
0.10936745037473 0.014226210088016 0.0562948521169605 0.0618129564110802
0.0598046792462839 0.104509053750998 -0.00389830857298536 0.042782469445787
-0.000997709081551776 0.142979775955022 0.0119031672521705 -0.0403826394350309
-0.0393867174602805 0.084178993403296 0.026477541705642 -0.139012797525633
-0.013374826873711 0.107724343097325 0.0697025670154843 -0.12052454699644
0.0587914304012735 0.0796869710351991 0.0350533449258221 -0.115584299078585
0.0983844815594666 0.000564358270364464 -0.0234868021801699 -0.0933923810122317
0.0601221030983868 -0.0529054121797956 -0.0427973618286717 -0.057512214381477
0.0167541567793604 -0.0673630591484871 -0.043302112885812 -0.0380724793490818
-0.0247030404176344 -0.0622810611120183 -0.0352224472089438 -0.0371210244786617
-0.041959362346038 -0.0476031604351852 -0.0328941421844988 -0.040351514219642
-0.0434366311415161 -0.0490671924816279 -0.0202828780536722 -0.0540108535515406
-0.0179360470856588 -0.0642682546496789 0.0102464446457842 -0.0654604755159058
0.0207922201309176 -0.066821019054482 0.0501088990309207 -0.0582291841992022
0.0753388601251287 -0.0520546766925228 0.0766001326025843 -0.00547832318085965
0.08345030890498 0.0233025024457811 0.0591637356002817 0.0497503103866225
0.0339273529267528 0.0874311760070211 -0.00419339965612736 0.0303328648483993
-0.0161135287608933 0.103959913096335 0.0186020276572191 -0.0726131070861901
-0.0317404948172933 0.0260076709724025 0.0489739103262224 -0.166944593857282
-0.0237849172100663 0.0496812749064446 0.0737007403966661 -0.132042884119866
0.0195105163015777 0.0461864005715964 0.0468429719037553 -0.112456067102125
0.0510614838256535 0.00718457819763317 -0.00489538738391609 -0.0961022550311832
0.0349170806596295 -0.024520993815807 -0.0302856759011562 -0.0708180380514365
0.0120510345608197 -0.035990324221504 -0.0428507278871782 -0.0588134760058767
-0.0122140564413282 -0.037097104814873 -0.0438300482137313 -0.0548324594673554
-0.0251676405176062 -0.0310752391673069 -0.0427776547313698 -0.0565471911119309
-0.0268439385155709 -0.0341763242355972 -0.0288384164569855 -0.0705478133282717
-0.0105351296275449 -0.0435241159278607 0.00729663020225294 -0.0827731924442895
0.0185039297519627 -0.0462532301711215 0.0555038958512932 -0.0718756448683406
0.0564301539701647 -0.0266031966466829 0.0833598426211537 -0.0115425965519755
0.0494317027987122 0.0297866978297806 0.0612967154136661 0.0441259544091096
0.0051428580400765 0.0620072790409049 -0.00416480011054548 0.0236554411593526
-0.0290245525966649 0.0525721234336562 0.0266056944251616 -0.0903995919773975
0.0307349418924107 0.000830793492133308 -0.0182330518011717 0.110767943782367
0.0122488874089401 -0.02645785088152 0.0385147955886584 -0.00594925514867926
-0.0175276890739113 -0.023103046383977 -0.0497051765029385 -0.0616218276166189
-0.0251057754601475 0.00368797931494431 -0.10219077745455 -0.00497560144833624
-0.00891105203492725 0.015270473242894 -0.0827132781932473 0.0776970064461172
-0.000978894119929024 0.0104835998922049 -0.0142570061264108 0.102935784709822
0.00127213314323091 0.0115547143942826 0.0323437906222485 0.0845632041138784
0.00180707050385999 0.010544481323507 0.0467449205770693 0.0671622996319839
-0.00564250404754841 0.00542373678378549 0.0529114162308746 0.0603196495478972
-0.00909713182231786 -0.00102890956148684 0.04955539447447 0.0646070512243279
-0.00891199435428605 -0.00584502820086852 0.0346709049806633 0.0788627176303248
-0.00248631099181161 -0.0198516337049114 0.00109164173847399 0.0988416397724282
0.0206786006562775 -0.014787322142807 -0.0435909018596919 0.105749111982435
0.0353889827224799 0.0123403467639907 -0.0785334754805171 0.107295514680627
0.0250040343914872 0.0276874268884971 -0.0599329118407257 0.158374929380889
0.0285122086857918 0.0545605724106107 -0.037723215978969 0.102499159001644
0.0350156566064111 0.0169289276219242 0.0352035269674522 -0.00419835268499606
0.0253953327238342 -0.0120479884872559 -0.0492554142254789 -0.0681999801209387
0.0111398872657753 -0.0203569071851863 -0.109359918959016 -0.0127385061249222
0.0035372385713783 -0.0169400375756443 -0.0931187301618353 0.0736184089875347
-0.00460613365799945 -0.0197736260696335 -0.0216767948358478 0.102633371967902
-0.0169196150148162 -0.014032745233159 0.0271020772776258 0.0838584202887797
-0.0183478813881552 -0.0112391381237496 0.0423189362527052 0.0638605873295121
-0.0214852341939242 -0.0200265040382842 0.0502782714772324 0.053738355758324
-0.0070440085586167 -0.0346103805452837 0.0513615754408031 0.055809863509367
0.0129868112919864 -0.0331986043978096 0.0404153911907138 0.0689277547395536
0.0409961951245815 -0.0302270730827319 0.0148743239747971 0.0919889076826674
0.0582913597840485 0.0118685153241136 -0.0243015766171559 0.106369359746735
0.0422277774914333 0.0659639246591203 -0.0537021400076647 0.100353163960548
0.0131646461566025 0.0899685517102624 -0.0414535581932075 0.137005352773711
0.0154630525173422 0.102521865468677 -0.0481455760904014 0.073410505885539
0.0478982105737935 0.0686114306130802 0.03449673049582 -0.0145172742085148
0.0682865010045834 0.0115649768119395 -0.0435111328132869 -0.0803341779995152
0.0561310427597888 -0.0377506610217469 -0.113113828188526 -0.028390307723297
0.0232799817739988 -0.0491625494842541 -0.100627317068388 0.0587805596458876
-0.0038655923055413 -0.0512333947858489 -0.0314809517312162 0.0916549086415873
-0.0312368073585395 -0.04071794866477 0.0164527456427578 0.0724976624359798
-0.0358887453984497 -0.0309558211559763 0.0315038321780006 0.0513177652411943
-0.0369123148883424 -0.0404850721805106 0.0421638183215624 0.0375651058620455
-0.0105246169093065 -0.0610420640384023 0.0498757567488919 0.0354853302408485
0.0233905212891792 -0.0592632206817576 0.0504699967426718 0.0474633512333968
0.0720099442087672 -0.0518184018967662 0.0359410752050824 0.0781695207475939
0.0936439850022614 0.0192480043550026 0.00255439277998169 0.103235905832411
0.0583141036624532 0.100645635337114 -0.0300335215396563 0.088966828366781
0.0102239031343861 0.136760310688149 -0.0211246026708727 0.0989192901238539
-0.0044954083877573 0.13497320283287 -0.0457986580151274 0.0264033756099182
0.0464615807489104 0.117445264520959 0.0379688073625527 -0.0354631920667198
0.100596004650987 0.0446461410192474 -0.0305220582558339 -0.0956768781436939
0.100230257553415 -0.0422119613937479 -0.104953759689257 -0.0501003564838598
0.0467990965215895 -0.0743705251827775 -0.100028839611879 0.0326722339816691
0.00256773841539529 -0.0773930951760046 -0.0404313832416004 0.0671025862937508
-0.0386770386879503 -0.0628963577907981 0.00272372824533244 0.0511387389685308
-0.0481873844820564 -0.0467622074527012 0.0157410919516218 0.031698028736688
-0.0489112792006034 -0.0529583300003095 0.0280591893441128 0.016020214662743
-0.0169536951209992 -0.0772269334295879 0.0435874389659199 0.00970757730316843
0.0248601460155613 -0.0779964364827426 0.0562718177217066 0.0189152518785489
0.0869175626435154 -0.0718062393748932 0.0551634083481658 0.0558417662942572
0.116547016705346 0.0145262158099519 0.0278401452706777 0.0926207386720253
0.0726433726642477 0.114330247752002 -0.0136232706280245 0.0733283095296397
0.0103834292918061 0.160279251867109 -0.00574747397010516 0.0510989921647002
-0.0253194597256737 0.14247252212875 -0.0289917104730348 -0.0320019393321051
0.0287928905761685 0.146188105191077 0.0462413661059735 -0.0645725096335914
0.109250410314876 0.0764244993495486 -0.0100896707850876 -0.107660962809427
0.127630786297525 -0.0310427430709991 -0.0820773792909321 -0.0712905911103744
0.0658300326841054 -0.0827024188310454 -0.0872144101022725 -0.00102661647957604
0.0108108231017789 -0.0904290702565557 -0.0456397663018874 0.0324384018633915
-0.038891587304582 -0.0760104761293428 -0.0121373180395091 0.0217275212451009
-0.0531346392667213 -0.055123088301892 -0.00103663433794096 0.00792829505191951
-0.0548137351424848 -0.0580189828443557 0.0118026839356464 -0.00772755370382675
-0.0213810621904602 -0.0813072770375732 0.0318074942832653 -0.017078167624861
0.0228043431250987 -0.0847950063241034 0.0548540832464404 -0.0114519930500962
0.0891410097690329 -0.0789010307279119 0.0662291187873229 0.0301839537302511
0.119484251756598 0.0110515680675417 0.0454062156159631 0.0762464724673065
0.0733758108929976 0.112439412527364 -0.00693146175512265 0.0565245328141486
0.00709574281523742 0.159550970494728 0.00387382209870903 0.00288486626670372
-0.03798688600532 0.12425257201406 -0.00119085811595889 -0.0894470111227369
0.00433030555891771 0.141791208470189 0.0590210296555436 -0.0937872274154262
0.0902639367462137 0.090579305368534 0.0144614782839461 -0.113787936296738
0.12556425031058 -0.0128502217158048 -0.050525486336082 -0.085581064750985
0.0712392384491659 -0.0728868583329031 -0.0642660028214609 -0.0331171824170722
0.0166404807669655 -0.0860146826948209 -0.045053250886937 -0.00557548761303818
-0.0328342901085281 -0.0754061920504301 -0.024374208552591 -0.0093786843961078
-0.0502054592753295 -0.0554370291671457 -0.0176144583415526 -0.0175571919197684
-0.0522158959091405 -0.0565373448358943 -0.00513636064359778 -0.0309101122481391
-0.0214419078812015 -0.0761871941690052 0.0192922645254324 -0.0420221191037499
0.0214721213994045 -0.0795523749995848 0.0514148707611494 -0.0364750112760596
0.0847765742810084 -0.0701785968517255 0.0701015961368385 0.0092046282089302
0.105930967470935 0.0152004923351565 0.05425314800795 0.0604984297628815
0.0573040999251448 0.102813992158914 -0.0050269930681113 0.041156578369994
-0.00314113314579127 0.138245952130016 0.0109218977142107 -0.0394760364027352
-0.0396040743060851 0.0814920425852525 0.0278166561286608 -0.135420265625545
-0.0144030192839713 0.104694409031933 0.0702262990779025 -0.115616027939554
0.0558949757577105 0.0774145980050842 0.0366192186417891 -0.112241238338211
0.0944247106317739 0.000966215859463885 -0.0204336172521845 -0.0918028797875154
0.0590484704208109 -0.0511689759759003 -0.0415088970871261 -0.0569450153584043
0.016961034422489 -0.065666373311879 -0.0419687453804111 -0.038187251179197
-0.0240730795561979 -0.060362986995319 -0.0349125980921449 -0.0366865362904205
-0.0402260343688566 -0.0464431295302125 -0.0318009626937471 -0.039907496905478
-0.0418628223088175 -0.0479658057877443 -0.0189897664213874 -0.0525834513977872
-0.0166831679676389 -0.0628988196739697 0.0107390414136143 -0.0637924539028096
0.0210698029050508 -0.0649105715658898 0.0502193398850338 -0.0557448594341368
0.0730483528087727 -0.0509908936586527 0.0742548302658821 -0.00423070356169588
0.0809098349618212 0.0242393373472661 0.0574431563595472 0.0487630959635933
0.0318834811224349 0.0855789838039073 -0.00546450520222522 0.0295046989262856
-0.0172658196731411 0.0996248798234085 0.0179646150731708 -0.0704314295029937
-0.031269317218572 0.0247376272593109 0.0495383469278614 -0.162272482116617
-0.0242332732276992 0.0473750684549534 0.0738968249883531 -0.127266312705692
0.0181837763854267 0.04474776651867 0.0486959265431225 -0.108544384631915
0.0482917469767692 0.00699625104865676 -0.00301135217921584 -0.0938625466306673
0.0341752450628308 -0.0232628396580293 -0.0290276366336863 -0.070286239613827
0.012777799787128 -0.0349263101375224 -0.0416104569540012 -0.0579290432826605
-0.0115746901192424 -0.0359811377106376 -0.0427454975718715 -0.0539894228723774
-0.0238640047457651 -0.029922819952946 -0.0416979805564718 -0.0551495127125548
-0.0262295503926364 -0.0324419756225468 -0.0274391190715827 -0.0687774594359423
-0.00948771440735467 -0.0424918177347068 0.00822924652663316 -0.0808418809291396
0.0183232635570044 -0.0442653992624314 0.0552367047547211 -0.0688585408167291
0.0548809426926004 -0.0256266951889388 0.0809389803904249 -0.00972240771513543
0.0474766437222996 0.0303994557956181 0.0589634583878653 0.0432953634756268
0.00401570779373494 0.0599535250694758 -0.00546143048847955 0.022710511113427
-0.0292854030551097 0.0490855867832157 0.0255303623208165 -0.0875440475725594
0.0295605743024217 -0.011712709217364 0.029382178456346 0.107257921658872
0.000856613222572032 -0.0291627145347548 0.0325851890715774 -0.0225722500987459
-0.0248683528012561 -0.012720622412174 -0.0721395083113876 -0.0360641139510743
-0.0205843222747541 0.0143375178330563 -0.096814108771819 0.0382609365309564
-0.000127619259699897 0.017289578675465 -0.0431230406044449 0.106278275972515
0.00417010616150927 0.00933794797447659 0.0296480081548262 0.0998569327636493
0.00584722120050146 0.0106016549717109 0.0648056673767465 0.0640486549680053
0.00549138502265611 0.00815800073751495 0.0717578296394565 0.0409368528449941
-0.00276778396346867 0.00813038726386836 0.0741241645230278 0.032172572211876
-0.00903325726647163 0.00203113040877873 0.0731832868996623 0.0383465135538362
-0.0100417588200246 -0.00191029912895826 0.0642650841110947 0.0568321475089518
-0.00997901844364431 -0.0155824613693788 0.0428254979535917 0.0891493919811062
0.0129141390776014 -0.0213170629809361 0.0038720194665151 0.114750117636894
0.0369605049717139 -0.00308685213687727 -0.0304362069289909 0.132025958277439
0.0352392857684674 0.0165538669761289 0.00690751193434086 0.1718819385066
0.0482894854303012 0.0388535132437693 0.00994971630832867 0.108876677192928
0.0378226035896399 0.00142199274667874 0.0320269148062813 -0.0200712975209546
0.0184880541096461 -0.0198250146103119 -0.0728318556717905 -0.044023706060286
0.00259290387652845 -0.0215635748873635 -0.106751770372094 0.0314079080968501
-0.00164102078452441 -0.0164551966751713 -0.0550707206799503 0.106001463413565
-0.0115659854253238 -0.0165210538680413 0.0227656876614214 0.102607256318404
-0.0210347106523884 -0.00560626180625117 0.0589399923085092 0.0648781431778097
-0.0214647496306651 -0.00356507235123053 0.0661277866679857 0.0399807409364134
-0.028060431438672 -0.009822789870552 0.0696459367471064 0.0271710568110345
-0.0206551703504338 -0.0298673564564476 0.0715383788676664 0.028735761741305
-0.000743651204117411 -0.0366974240693837 0.0671976195324275 0.0460901225664536
0.0251899768468643 -0.0431375087344123 0.0546075715942335 0.0797536843260518
0.0586095656836831 -0.0118258150027877 0.0209600624187329 0.108484232576624
0.0658312539652687 0.0446686387473144 -0.0133325206309065 0.115866378342192
0.0510534054715326 0.079737462828139 0.0123671821154828 0.143137374521288
0.0540027222733632 0.0884346245267944 -0.0100022591370272 0.0882103219564937
0.0699299101956165 0.0433386482379879 0.0291133868783819 -0.0292065150366781
0.0666172236235583 -0.0149965027212589 -0.070653898258084 -0.0594926779574685
0.0355160973489235 -0.0548208419634822 -0.115443281633339 0.0164817302767379
0.00273608016297399 -0.0535513877279097 -0.0695988063505633 0.0949609054146671
-0.0234164798329934 -0.0458283783484435 0.00863097904111477 0.0952350887103612
-0.0444735782303291 -0.0240699727774341 0.0436126746087917 0.0586747097496923
-0.0454507886918314 -0.0151179428429109 0.0504337113156884 0.0333245699715847
-0.0505449682835088 -0.0223473557521264 0.0554336108020402 0.0154248849488873
-0.0346864246658095 -0.0528039343619734 0.0624675991683029 0.0100941443293267
-0.00205356183306017 -0.0656102640865655 0.0690563700900535 0.0232938288211251
0.0446993077999011 -0.0754749944131034 0.0706314303935206 0.0594072277870972
0.0949674525859591 -0.0189731442025592 0.0445263865273968 0.0963288155521676
0.0958880411997918 0.0702754336181323 0.00227108197858705 0.0969170921765734
0.0690729742266097 0.124582165815594 0.0123591843339122 0.0987989501602559
0.0477927371019191 0.126392689765838 -0.0259911044426009 0.0452971279962358
0.086698116331482 0.0889675309575852 0.0244843461072225 -0.0493240687240625
0.107791637637143 0.00310617865352393 -0.0630908972815569 -0.0794203559267678
0.0723432937808809 -0.075754245270503 -0.115409943842154 -0.00808165549153978
0.0136874682776609 -0.0851285830480502 -0.0808055518516299 0.0694551716052456
-0.02830716366431 -0.0721375202287178 -0.0105653086661044 0.0769230997883744
-0.0606681688391011 -0.0417658432289113 0.0212081633154296 0.0445373891629601
-0.0628630337768143 -0.02431176504617 0.0278744081509122 0.0215714049540342
-0.0666515225614883 -0.0286014654903306 0.0337864774359978 0.00147040903306991
-0.0476996668654088 -0.0647114471861965 0.0457618332966037 -0.0106024244134988
-0.00845052453462041 -0.0837876859224478 0.0628002305398502 -0.00543349921354901
0.0492013968508995 -0.101043246882972 0.0808035981485122 0.0314577284127611
0.114488787766893 -0.0326141510502733 0.0636367547629258 0.0766473761629985
0.114872101460955 0.0769670804041459 0.0105822219160769 0.0766302287262977
0.0800034312208358 0.146176159679056 0.00578185193048638 0.048635737040137
0.0303488553491408 0.141892228764429 -0.0344392379269706 -0.014235857669254
0.0813861834309262 0.121877995229379 0.0206923161837704 -0.0787226301938413
0.127272031713145 0.0288116274629368 -0.0477624597379156 -0.0989032647843754
0.101159040680973 -0.0769265876198269 -0.102170700405285 -0.0374807427127551
0.027093448301271 -0.100379035064737 -0.0830806565421645 0.0322324761721394
-0.0267012676311418 -0.0872451867474389 -0.0302617819764548 0.0469955979849441
-0.0662879870641923 -0.053606452700043 -0.00443200849628213 0.0235316595867574
-0.0708316017323752 -0.030040070916016 0.00201228443512011 0.00672323827469899
-0.0738712755876241 -0.031237391642659 0.00826882936299075 -0.0131868872313777
-0.0533421349400669 -0.0666304946802519 0.0236742316682138 -0.0310118710040775
-0.0132789694967845 -0.0889955819080522 0.0497897181790043 -0.0316652791385058
0.0488636270356716 -0.109111172909509 0.0805236579930692 0.00361539860733853
0.116211994683811 -0.0376829886856731 0.073365682005766 0.0548371901786224
0.114853646040359 0.0743635396465007 0.0103629519529159 0.0583103178066711
0.0759575200848359 0.146026371101904 -0.00489997686952533 1.41618416292461E-05
0.0109731706129355 0.129404773961501 -0.0338831966508017 -0.0776946972266248
0.0565266792143336 0.127898062345925 0.0197467163330584 -0.110112868185723
0.11524846527197 0.048691827666464 -0.0270741445050738 -0.112677207408329
0.105614961233313 -0.0592050180386222 -0.0780633848773096 -0.0627065030260803
0.0356735247009128 -0.0934367177332981 -0.0752322358367705 -0.00729298032946065
-0.0192562517998265 -0.0853222920299843 -0.0453535541851732 0.0117867134764339
-0.0606511266622172 -0.0550296703624593 -0.0298447381618054 -0.000331811520411072
-0.0683802428653631 -0.0306806122777147 -0.0237278788552835 -0.00890382411681262
-0.0709945481055282 -0.0306893926580038 -0.0174675766475434 -0.0268349934463609
-0.0507726957228602 -0.0623456977917851 0.00158394655003131 -0.0480506931623978
-0.0125684345778234 -0.0835103735887908 0.0356854712416954 -0.0532927310608511
0.047670817715176 -0.0995079060742851 0.0754892638591792 -0.017375462620188
0.105730449211947 -0.0281746841962777 0.0746525820019038 0.0366432078758668
0.0958685625338361 0.0717694243752557 0.00650758342924022 0.0429349302755466
0.0572001296556173 0.130462574118632 -0.0140360681722979 -0.0420485888204934
-0.00745447371625467 0.0913120250311792 -0.0269559258877046 -0.132786079895698
0.0251693505078534 0.101498907740714 0.019615480437403 -0.134140242836019
0.0787320104162855 0.0501262982081433 -0.00756338948851699 -0.118848155197603
0.0835820474229158 -0.0353195825896575 -0.0534624052615192 -0.0794052671938685
0.0327777625801417 -0.0689562607250566 -0.0636505652199643 -0.0379902325151308
-0.0113091590237269 -0.0666977803984757 -0.0561716415845642 -0.0186305596740731
-0.0459731036016081 -0.0456980014871808 -0.0502040505341811 -0.0204595803484004
-0.0552174234495197 -0.0263407847560148 -0.0466544709442844 -0.0226073298483029
-0.0584030706035169 -0.0261854926668528 -0.0391712765368808 -0.0406945273946771
-0.0413696609370637 -0.0512424112110466 -0.0161480959378239 -0.064191344953551
-0.00726563300050599 -0.0696589676693075 0.026123154603726 -0.0709270667808681
0.0464169312306352 -0.0767911336134764 0.071492932648382 -0.0310584362435217
0.0859765330693204 -0.00933478851954822 0.07183688214793 0.0239033266901133
0.0648030481756985 0.0665599407538924 0.00235031751104445 0.0313790351663736
0.0273556485671154 0.0998741260798603 -0.0185104031041549 -0.0737852515856643
-0.0221477362051625 0.0353852438325652 -0.019289101005919 -0.167501287588688
-0.00584195678336456 0.0532837124129298 0.0157870240038427 -0.14573358202972
0.031750175504534 0.0344288900629065 0.00279930968072806 -0.119003143682627
0.0444477388795643 -0.0116371077244731 -0.0393913506269342 -0.0870350142098387
0.0208488487591083 -0.0342048138589235 -0.0564290496138222 -0.0539942303534336
-0.00287117491375883 -0.0366531474737517 -0.0635864574724353 -0.035824965119382
-0.0249577006940501 -0.0277970988601887 -0.0639100616094996 -0.0322369065293408
-0.0336802048152852 -0.0171192171010256 -0.061928047431585 -0.0331442406213966
-0.0369014745527605 -0.0189317955262784 -0.0544266282088412 -0.0518520366874273
-0.0265900116827768 -0.0354700336704013 -0.0262949800739904 -0.077654182343056
-0.00100893124766814 -0.0496304820243008 0.024009308252708 -0.0852972527954196
0.0402123348655255 -0.0466541799856893 0.0733857568725112 -0.039378834140678
0.0577420428041936 0.00970996070495638 0.0704111009892846 0.0174700729284776
0.0284883035699245 0.0540932492335926 0.00132382592508971 0.0238796403360025
-0.00682946016214015 0.0584058322889994 -0.0151345275322576 -0.0925543730162273
0.0298786399282785 -0.0121478925699148 0.031865733608383 0.108540816609491
0.00013337096520734 -0.0298388600956882 0.0336136454068247 -0.0242821209699759
-0.0251998715642323 -0.0128332916719439 -0.0740371365192186 -0.0367026718115994
-0.0208061061914084 0.0153317968545962 -0.0993454183833614 0.0389124727335628
-0.000722827035105816 0.0174771946825655 -0.0436834036164804 0.109586287444454
0.00397145351391839 0.00982543278677238 0.0309842742491513 0.102108333938561
0.00598348688372243 0.0108591440920022 0.0667064966642885 0.0640061622453625
0.00582554437482421 0.00824020933817845 0.0741139204976483 0.0405152426975544
-0.00352651356493203 0.00839509009626519 0.0771499977525563 0.031564952119717
-0.00955461724765448 0.00238685358834397 0.0760699227341884 0.0384873175009029
-0.010360447706252 -0.00173055336075321 0.065903166963083 0.0576881969677792
-0.0102679620117931 -0.0156130822688872 0.0441247233158663 0.0911196572314945
0.0130196246259586 -0.0223074483562191 0.00342376358859047 0.116758678370702
0.037769596749006 -0.00360507631963059 -0.030734798536618 0.135267360410904
0.0356114356576745 0.0164942172051233 0.00893747711117599 0.176155148833636
0.0495189719399816 0.039051168336557 0.0118425348768886 0.110709085498464
0.039492414719522 0.0010748886927177 0.0332334346329796 -0.0222598411716736
0.0185136841836253 -0.0201894648511155 -0.0745939617898048 -0.0449788974282276
0.00143576505032307 -0.0218782918722033 -0.109300376178594 0.0324353453118502
-0.0023794874747796 -0.0171028991384153 -0.0555565552865025 0.109642905598993
-0.012218827668909 -0.016589912133993 0.0238886641793677 0.104808581562296
-0.0217230523962793 -0.00527288539701406 0.0607245185317998 0.065673774867821
-0.0215764454806721 -0.00309101559499175 0.0679598221638753 0.0393821425317667
-0.0293437608732962 -0.00941820996903612 0.0718002140618196 0.02605855576654
-0.0217781999146474 -0.0307039004825074 0.0739130297963892 0.0289086811098794
-0.00131319221485502 -0.0370933989529357 0.0700070470301289 0.04699297121806
0.0251459773637211 -0.0445050086751059 0.0560500497686045 0.0813102447717678
0.0597536050733092 -0.0126937161414447 0.0216714508268739 0.11077515303245
0.0688674166405662 0.0450498643549191 -0.0133998680885081 0.118945151455379
0.0526272411061272 0.08111658721455 0.0140155648302172 0.147212934511456
0.0566526065527608 0.0895393443840199 -0.00811526599893546 0.0899023710356143
0.0722181817698255 0.0438325655430696 0.0302026208733556 -0.0305570422687827
0.0670825754277054 -0.0160884548596086 -0.0726055980701818 -0.0611068917690665
0.0343153377853535 -0.0560192288779348 -0.118249409760643 0.017476191488356
0.00133809944615022 -0.054963699236094 -0.0709584698941343 0.0983807818501838
-0.0250039502940673 -0.0465826822405805 0.00898978802620876 0.0978227720770669
-0.0461889518781775 -0.0235070652183521 0.0453643897182393 0.0590402414147734
-0.0462203275157063 -0.014439745145977 0.0522444658865624 0.0328595112414964
-0.0522486154637994 -0.0213139047711618 0.057227893886997 0.01501351086151
-0.0367999218423666 -0.0536406613298483 0.0643015107825085 0.00987164622936001
-0.00277787028332288 -0.0666911353704045 0.0713502760168905 0.0232412317060138
0.0444043125542845 -0.0778234747944851 0.0728381305153245 0.0600878268667586
0.0970506780976666 -0.020731973194217 0.0459639971143627 0.0974351625700769
0.0994294041076918 0.0707258789371059 0.00231129665037781 0.0990875668467418
0.0714809502918247 0.126386114819259 0.0136155009685385 0.101519416599857
0.0500111354250858 0.1284536970175 -0.025348539368691 0.0457916393460452
0.0898696693186522 0.0899284137530085 0.0256426784257406 -0.0513193677905821
0.10968605902517 0.0018078154474174 -0.0646932870883707 -0.0813063149466115
0.0717136935309193 -0.0786037439194164 -0.118370653653014 -0.00789619961846125
0.0122230663444385 -0.0877820977152823 -0.0827200636578053 0.0720510630020089
-0.0305254332814435 -0.0736594754433715 -0.0104917632738441 0.0790263719488149
-0.0625447458068717 -0.0414225419472327 0.0216645569821472 0.0447598045681686
-0.0642154146987811 -0.0233390402897755 0.0291114163406428 0.0215715291332577
-0.068409339351234 -0.0280497401934808 0.0348397669769939 0.000969217290797413
-0.049447613684844 -0.0657530033829002 0.0469241057123179 -0.0120246524436395
-0.0101622600913913 -0.0853942388120349 0.0651119430270813 -0.00582578917143885
0.0486258885528199 -0.103659509152317 0.0823815582625057 0.0315617394510991
0.116690096108257 -0.0344239584855848 0.0655849377386497 0.0770503682429609
0.11923723397845 0.0772329877757763 0.0102928181819738 0.0780949862397094
0.082623167077285 0.148092251963492 0.00586781799386999 0.0498930093434221
0.0328882196973349 0.144764723749084 -0.0351431887726239 -0.0145615687885452
0.0845306315453359 0.124398959299341 0.0213700630319127 -0.0809084240539797
0.129653603270813 0.0277250875824242 -0.0489857393476177 -0.101419308167193
0.100505120368227 -0.0794880074429721 -0.104392074868176 -0.0385955525242301
0.0261001878330165 -0.103039378703386 -0.0850476164061417 0.0344249762300325
-0.0281019728354122 -0.0891349525487586 -0.0308862780735474 0.0484703357572117
-0.0683535680640401 -0.0534253460958235 -0.00485957271607218 0.0237987653408194
-0.0724269970850249 -0.0289464966725016 0.00175249855141191 0.00703751232964346
-0.0758498646492219 -0.0305486149806326 0.00864868709008155 -0.0132759678242867
-0.0558205507259935 -0.0678848875807301 0.0235306410924895 -0.0316946660522677
-0.015043991571251 -0.0904164385105616 0.0516807423308229 -0.0333793580603059
0.0473383500891154 -0.112441102891024 0.0824175542290021 0.00342018476080016
0.118659438347599 -0.039611657217536 0.0758383791283192 0.0541756852024955
0.118423753004765 0.0752303926605997 0.0107419368814971 0.0603354125415534
0.0789967237963391 0.148452540442499 -0.00597944946422975 0.000420814313149549
0.0123497810589609 0.132360743884318 -0.0349054200098184 -0.0790535640891963
0.059733821267522 0.130098811190369 0.0197138983334889 -0.11281869594794
0.117307121727037 0.0483224028800635 -0.0279098731720536 -0.115872695289671
0.106257475173606 -0.0615174956460586 -0.080141184462171 -0.0643991727847165
0.0344568170288139 -0.0962546172134952 -0.0775098951813778 -0.00668342391779574
-0.021326720571102 -0.0873205298703684 -0.0470435672175322 0.0122595897211764
-0.0625422823915289 -0.0552636865415177 -0.0307329371443826 0.000325327141710649
-0.0693931149636288 -0.0299217302519168 -0.0255536997700189 -0.00798046412159981
-0.0731454147237322 -0.0293130271067074 -0.0177181763389787 -0.0276840244421272
-0.0534626642285896 -0.0633680992668238 0.000640971254051322 -0.0492979689520142
-0.0139482242736268 -0.0847470239512505 0.0365559716575307 -0.0552244090215366
0.0468448018232637 -0.102795641818969 0.0765616341150948 -0.0183084353646722
0.10785490719735 -0.0292540184206387 0.076414316753962 0.0358657439755508
0.0990859601194188 0.0727046602452742 0.00640337913202552 0.0445235778585143
0.0593255969294766 0.132326208733346 -0.0162763335089964 -0.0421083447616716
-0.00631462599748583 0.0931857485203519 -0.0287648290473657 -0.135138691653947
0.0264958671531265 0.103448001413055 0.0190852905227835 -0.136814850123728
0.0805121936284204 0.0500106143435151 -0.00801253487394715 -0.121516667617911
0.0841085589124589 -0.0367266983207062 -0.0554698089161089 -0.0814536805928329
0.0324661671665972 -0.070888391662472 -0.0657944260978425 -0.0384204110557705
-0.0127480021731077 -0.0680801637105526 -0.0587117871002734 -0.0184219008853083
-0.0478375274230187 -0.04549488491166 -0.0523747996639038 -0.0197302573133594
-0.0563264858646934 -0.02521525513646 -0.0483053290717492 -0.0220209185559386
-0.0595273848963803 -0.0258027146492525 -0.0404742894372867 -0.0411384637206328
-0.042803513832136 -0.0525882964787849 -0.0171396963949281 -0.0653624299265779
-0.00851971252138701 -0.0713982881579659 0.0264239783755969 -0.0727665785228101
0.0456862271212119 -0.0793500765252982 0.0728098317971421 -0.0322817600183723
0.0882380742816127 -0.00999012186453659 0.0740873775753234 0.0236517763271045
0.0668860248339416 0.0675426503621382 0.00275908483960205 0.0326808265613666
0.0280491015427709 0.101466562376386 -0.020629232236123 -0.0748009103886494
-0.0222527338542972 0.036412038764824 -0.0216595968806397 -0.170579978379986
-0.0054199918856086 0.0540191158171235 0.0150965202377031 -0.148219948248365
0.0325496204456656 0.0349394275799183 0.00253032404739458 -0.121826603004238
0.0445499713317808 -0.012541167202396 -0.0409267574890432 -0.0884249314754418
0.0211575915294849 -0.0356580229832373 -0.0590555501582883 -0.0553336274890112
-0.00372615235277616 -0.0375406841566837 -0.0663237553414416 -0.0363559951978576
-0.0256514805809079 -0.0281602641990378 -0.0670074935907321 -0.0322527303853265
-0.0337790970835204 -0.0165285015702946 -0.0642222768549026 -0.0323399520041352
-0.0377311417158523 -0.0186273738233409 -0.0563178480419623 -0.0522128469747581
-0.0275138082410533 -0.0358339487757203 -0.0279592225549907 -0.0785858669167214
-0.00209638722403688 -0.0500975759618753 0.0240887678253647 -0.0872961649081485
0.0403917843928067 -0.0480426419313276 0.0746881430382806 -0.0409324169941742
0.0597833255224731 0.00947570971200456 0.0724080391029038 0.0171634564471943
0.0290552325951542 0.0545790745620962 0.00175111334097625 0.0250201719861947
-0.00671729843632744 0.059103959120647 -0.0174188756825338 -0.0939589655010537
0.029125872892295 -0.0131081357749457 0.0368815574770341 0.107753215766721
-0.000451780929158863 -0.0302531943038797 0.0333018353094861 -0.0261375391478249
-0.0261193437406172 -0.0123912910121948 -0.0767653566689305 -0.0351077076929031
-0.020904329898965 0.0167428329074295 -0.100240347920189 0.0428231690305458
-0.000236007440461997 0.0178651978895764 -0.0400986508647382 0.112697432612675
0.00433641242003744 0.0102661489022909 0.0350759263030345 0.103080591902708
0.00649974378918896 0.0110132114050819 0.069367056500247 0.0620880223590163
0.00608602853788885 0.00811658489261214 0.0772186582424273 0.0378298819864431
-0.00266376746215346 0.0086420570856301 0.0801694906157254 0.0288369867332743
-0.0100799396606819 0.00251446591130924 0.0788324491276003 0.0358191354328912
-0.0100029426484373 -0.00117876478045513 0.0690284700520294 0.0560772767353413
-0.0110382555883353 -0.0155963493919353 0.0474989109051161 0.091165640314246
0.0122921354602413 -0.0232231662754128 0.00640987273176716 0.118492995697576
0.0388428431459143 -0.00535279618805445 -0.0276673818658118 0.138489640961987
0.0362415233505952 0.0161108625374023 0.0164981094629528 0.177983797571472
0.0513901208688761 0.0381658976420723 0.0176623857967209 0.110529434420003
0.040028612396978 -0.000886222832643768 0.03294907573058 -0.0243665918444474
0.0179375823403755 -0.0217129572947611 -0.0774896348785052 -0.044392526401661
0.000137292702567996 -0.0217375671319211 -0.110242726233632 0.0365854552317437
-0.00374645925757973 -0.017139264690334 -0.0528022308810576 0.113767691519873
-0.0134745075541649 -0.0162522130345826 0.0278108318662474 0.105015627186411
-0.0218052165906062 -0.00389684070301462 0.0635729421981335 0.0633354120170593
-0.0218841912374608 -0.00249312199150845 0.0710065050441033 0.0369626060464448
-0.0302294731904777 -0.00800795216521781 0.0746076069503551 0.0231285413478203
-0.0239750126218388 -0.0303992741515136 0.0765604380041166 0.0258430013525475
-0.00214968508489835 -0.0376051186654703 0.07294105449743 0.0450853597781612
0.0237903658368286 -0.0460816540860084 0.0596248628028284 0.0800516205325614
0.0600851134692537 -0.0156013723501018 0.0244370157221241 0.110313514950852
0.0714608636409004 0.0429111543227302 -0.0102979293252646 0.121311126069158
0.0554385224144699 0.0801393529602274 0.0197357239970835 0.148967190012601
0.0607455258090209 0.0881312816058696 -0.00421996243375697 0.0903913749726861
0.0751035282853035 0.041680820326621 0.030410520877582 -0.0333370792977793
0.0671547008727044 -0.0193747853815352 -0.0757105272459526 -0.0601521106116191
0.0314176857597415 -0.0581661303566336 -0.119444592409779 0.0214378664814224
-0.00145792743934086 -0.0553860911958699 -0.0686980865438079 0.103070286091808
-0.0276471274488742 -0.0463531146210033 0.0125427924990737 0.0991016096481753
-0.047588427153481 -0.0213250474449995 0.047920271596239 0.0578038252848363
-0.0471437300113308 -0.012479729226619 0.0545349124157107 0.0313071118910002
-0.0540054949805252 -0.0192983063761139 0.0592968408614639 0.0125864824530044
-0.0403476004054356 -0.0532060339761664 0.0662138832047367 0.00755260362582975
-0.00550779747583082 -0.0676042505134798 0.073879598688854 0.0211342158576803
0.0409719532280511 -0.0808773103074022 0.0755547377934654 0.0585306279744608
0.0973773561089897 -0.0245296373593372 0.0495305107256371 0.0963003750648078
0.103548931790902 0.0678082901108963 0.00466815663258245 0.100858394722303
0.0756639021930313 0.124778344415739 0.0175160327741678 0.103145685666843
0.0558347530573377 0.127511885104409 -0.0235208198922553 0.0476651705627636
0.0944962314967008 0.0875754243828436 0.0250718459597361 -0.0532987522333542
0.110467161436014 -0.00274207729604558 -0.0678303802123338 -0.0808331740704476
0.0685936580878879 -0.0817050824626957 -0.120561576085844 -0.0041220344365188
0.00794932589764247 -0.0889973976436753 -0.08127911846076 0.0778624563660524
-0.0344367918486045 -0.0732960731941798 -0.00833184055952467 0.0806902825350921
-0.065205893567487 -0.0388730403427747 0.0239006737219254 0.044484388490824
-0.065371064175402 -0.0206538939058335 0.0302521515804033 0.0202411823037472
-0.0704175575856051 -0.0245938323234382 0.036091402066852 -0.000605926271810167
-0.0537695100551353 -0.0647052430594215 0.047117677482135 -0.0134381069451452
-0.013745751780984 -0.0860304715388074 0.0669867201763786 -0.0085200547640484
0.0444330361748084 -0.10738942408104 0.0843969834313104 0.0293646149077748
0.116634666838132 -0.0395076645351662 0.0692561532872457 0.0747099945230183
0.123581550679378 0.0738940607387771 0.0124525487515846 0.079465593066068
0.088512511581961 0.146260722795426 0.00769475215142224 0.0511564026197651
0.0389028343206192 0.145109141129198 -0.0355132326112116 -0.0132313614090723
0.0910928089133074 0.122241283792743 0.0192760475920876 -0.0833612222822932
0.131927016104238 0.022874021223389 -0.0526869124032365 -0.10138836980456
0.0975917221886582 -0.0850631468647854 -0.107278961834479 -0.0351466376349154
0.0214817688772172 -0.105406658644754 -0.0857581755431084 0.038632309461253
-0.0328619516723849 -0.0891530298380478 -0.0302331105935477 0.0501832153998919
-0.0715534550970951 -0.0506423535813817 -0.00427761559682864 0.0247270196811512
-0.0741233248545399 -0.026106938302173 0.00213493667578601 0.0074845521773548
-0.0779054147243472 -0.0262262557912945 0.00874185956082661 -0.0145122508628222
-0.0600338515717985 -0.0665723031582171 0.0231299113939083 -0.032713211237458
-0.0187808317410844 -0.0913736691323928 0.0519640869882317 -0.0357602929608549
0.0425553283364983 -0.115882497995383 0.0831148744091095 0.000489644302959943
0.118799394374324 -0.0448882761177856 0.0785473715525007 0.0517639753596058
0.122934958563533 0.0716261808636391 0.012427286929201 0.0613207263550211
0.084582268527254 0.1466974074751 -0.00673511111240938 0.00161525535719334
0.017478733004011 0.133193423684571 -0.0379729807898486 -0.0789099176647681
0.0655386714797531 0.130337526553652 0.0164747124158767 -0.113958762833071
0.120249388808107 0.0445577645578582 -0.0314318379164048 -0.115819001851516
0.103997533591128 -0.0666759674817088 -0.0833667742440083 -0.0631984814537852
0.0306025876550802 -0.0995710566179242 -0.0796844263500065 -0.00291221173341113
-0.0255670850002341 -0.0877834892990642 -0.0478225230172163 0.0146205134923306
-0.0665091866183805 -0.0532645957327899 -0.0319932497863379 0.00221226213874155
-0.070971503535713 -0.0268256699313811 -0.0263336931703342 -0.00713619720512707
-0.0743057623262557 -0.0260017784390436 -0.0189532094708113 -0.0279715538097479
-0.0567473699483116 -0.0615421133321901 -0.000963184148129971 -0.0495244093695885
-0.0175807667102948 -0.0855514898195918 0.0358676497369838 -0.0577577615398298
0.0421626204523246 -0.106093498087394 0.0772116367689427 -0.0204569588677967
0.108311731332803 -0.0340203574373014 0.0789427513347851 0.032637366289315
0.102746535991692 0.0692990278647848 0.00769399507518443 0.0453837220321204
0.0645343491356075 0.131066710091515 -0.0189767443548182 -0.041161026964298
-0.00282414119574015 0.0939935194097014 -0.0338143004133129 -0.135786806269562
0.0309123056121552 0.103950481906184 0.0152421738951134 -0.138521251023151
0.0827024098569046 0.0479324760675552 -0.0115315367717149 -0.123111416666098
0.0827911240388582 -0.040454840020045 -0.0584348437481096 -0.0808684976679193
0.0296976669117119 -0.0736946693078364 -0.0690701515862547 -0.0359495001257322
-0.0163970016780187 -0.0684830582507336 -0.0606985751189828 -0.0164202189742187
-0.0503173705141556 -0.0439926452393458 -0.0545703651715915 -0.0176169819200517
-0.0573306093186799 -0.0231550897909149 -0.049996565033436 -0.0197355905588732
-0.0610541883357165 -0.022545825453933 -0.0426969938197112 -0.0399547623692257
-0.0456539331236509 -0.0511370751422804 -0.0198887681808773 -0.0648946421409197
-0.0114060747031985 -0.0715864699173483 0.0248251182622047 -0.0753108245141919
0.0426367624707131 -0.0822456275257252 0.0727688927171198 -0.0350793191102612
0.0886800237661357 -0.0139118921538343 0.0755982790261508 0.0199455824467128
0.0704165621177447 0.065634855069262 0.00346293654167238 0.0330748129750669
0.0313756868193446 0.101534660809067 -0.0248634766682391 -0.0739345593723554
-0.0210791969556816 0.0375900851742743 -0.0281918460832985 -0.171720271847528
-0.00362736368481983 0.055062073671469 0.0102107417051006 -0.150072632935769
0.0341857880542612 0.03433197548252 -0.000885642269146749 -0.123082338193818
0.0440038907834937 -0.0142122770722396 -0.0443249794730492 -0.0887140756751847
0.0197823372394683 -0.0364628971518869 -0.0624065483729547 -0.0547079817896894
-0.00532516282873691 -0.038024757675265 -0.069305405104899 -0.0347171826050846
-0.0272168967033062 -0.0272440423433498 -0.0704249511034151 -0.0292836250766653
-0.0345172516482083 -0.0155911855685661 -0.0666955473660266 -0.0288950923850825
-0.0382714202111544 -0.0167460679112077 -0.0590967762548256 -0.0497286020515568
-0.0288867064061544 -0.034875332427299 -0.0315001525800679 -0.0784264825695945
-0.00409280296106126 -0.0509482372176228 0.0215698923990141 -0.0897265629771589
0.0385473878442394 -0.050482892308199 0.0748137638584808 -0.0438974867211803
0.0610268949153289 0.00734879712828866 0.0740057759736827 0.0143931559800171
0.0309606142190413 0.0545666234953113 0.0019819557119327 0.0261150553916661
-0.00482667301351762 0.0604616339207814 -0.0228835631711366 -0.0934389317973352
0.0274596969742011 -0.0138434971705967 0.0420176172565486 0.103441399341915
-0.00167140834334208 -0.030036735628575 0.0320629483181046 -0.0282572644414153
-0.0260772265673744 -0.010954643985313 -0.0774821834873496 -0.0320215538666345
-0.0197380692166899 0.0179460356055711 -0.0979051448735093 0.0458937409397506
0.000255297185209697 0.017847731756775 -0.035080605676306 0.11424808921133
0.00438200135217771 0.00985574993864928 0.0394262294724232 0.100525856314095
0.00685667529165274 0.0106345329833927 0.070682799434175 0.0578413541740763
0.00625843456830727 0.0072179141749134 0.0779825795699902 0.0332492015423665
-0.00250784698930208 0.00849153450229194 0.0803773419133195 0.0240347486232122
-0.00987479281226888 0.00283623614329263 0.0801113143431521 0.0317190455451758
-0.00966776339130304 -0.000917329424681386 0.0701405816477291 0.0530201225978729
-0.0112669025579502 -0.0151064483405372 0.0502859466201028 0.0875408712714866
0.0111258376112858 -0.0225430851850401 0.0100906362937596 0.11574595085003
0.0382501412433447 -0.00732118106254997 -0.0223237216306445 0.137964653620414
0.035430671588412 0.0145500030920082 0.0241371751783651 0.175133694289195
0.0518949127134896 0.0352484245025126 0.0227017358664581 0.107438387009103
0.0396730700908598 -0.00248871443209033 0.0318498641328759 -0.0263526384696225
0.016326723445784 -0.0225609175451669 -0.0782719208055724 -0.0409250219993135
-0.00134564189836244 -0.0209991583979289 -0.107618564162166 0.0407077866968736
-0.00496775798923804 -0.0166072195584555 -0.047268125185294 0.11520987396411
-0.0143937588734898 -0.0154842052870529 0.031951584610142 0.103167986173794
-0.0217271400856101 -0.00295020738993407 0.0651128456754994 0.0594403739655728
-0.0215081274337203 -0.00138660628257128 0.0716624331647566 0.0332181480420937
-0.0301626208138587 -0.00658125054812767 0.0749203670992665 0.0189217216963272
-0.0256630930705071 -0.0285154211928955 0.0772047646296881 0.022517402126133
-0.0038180674382165 -0.0374175729942737 0.0741758084381582 0.0413407976672512
0.0206856740821233 -0.0466134409398248 0.061551104862437 0.0768223304077096
0.0585082847890122 -0.0174686370953124 0.0278557462255902 0.107318207639892
0.0724152198737454 0.0388603999365465 -0.00640250321299068 0.120490811272578
0.0578254815190875 0.0761611944235698 0.0258904882305091 0.145903578948011
0.0633955052880286 0.0844721459083225 0.000440676217102204 0.0891588743669739
0.0761954986815243 0.0377097693202326 0.0293735962167508 -0.0342698661033561
0.0647041696967289 -0.0225044871768254 -0.0771120813828073 -0.0561374409638328
0.0274336652437835 -0.0584318348491739 -0.117644522141654 0.0258998537340575
-0.00475564523418293 -0.0547743299684083 -0.0628545189252494 0.10624744782313
-0.0301055434949045 -0.0443443363009948 0.0170058395741282 0.0972647108515628
-0.0479745327739772 -0.0188922806355537 0.0492816523418064 0.0548558681687107
-0.0467108492109281 -0.0102168854094816 0.0549487831024694 0.0277183043487481
-0.0538261941269956 -0.0156787261175278 0.0593000892494263 0.00872068721219127
-0.0426717540681083 -0.050579503120244 0.0659303823867142 0.00449421125775877
-0.00857770021640966 -0.0663533288461368 0.0741763431564611 0.0173172306069371
0.0361429027148308 -0.0817198365763364 0.0764493840079141 0.0547630281574633
0.0948479544842225 -0.028634238947911 0.052364190328255 0.0922602802364134
0.105242889698563 0.0621078337870522 0.0081889407689169 0.10022198369264
0.0794554343233835 0.119482746266974 0.0215418500383155 0.101353692230405
0.0605145126735824 0.122999500635566 -0.0203874396702812 0.0477014176573433
0.0971381471216489 0.0820732148883887 0.0230120678536111 -0.0535439453047357
0.107934360951529 -0.00797651210283658 -0.0702311973393035 -0.0768874947433193
0.062456723238061 -0.0839922213781799 -0.11926480089324 0.000809353034506573
0.00258173879746202 -0.0883735177060086 -0.0765410625959232 0.081505903084703
-0.0381170844413043 -0.0709102051162533 -0.00508636034972595 0.0802513771785891
-0.0663579426898107 -0.0344302848143267 0.025251167500339 0.0426883760803711
-0.0650441923090524 -0.0167502797877926 0.0306060242144845 0.019128955182316
-0.0705045024930146 -0.0206798372263813 0.0359756143414547 -0.00272908997502281
-0.0573028139058466 -0.0612112097606229 0.0463644427374426 -0.0151206134767777
-0.0173903442612438 -0.0842524340471082 0.065891816043474 -0.0116000579515202
0.0374542918327718 -0.10770000101688 0.0842593729661432 0.0256442329861587
0.112963200879758 -0.0443422681103244 0.0713132433580387 0.0700180114370446
0.125221679785705 0.067105898905419 0.0151234592573413 0.078523715610691
0.0927284956930182 0.139772420782092 0.0090712935996012 0.0511397580670405
0.044520961066056 0.140957151257794 -0.0356001074443977 -0.0114940166575139
0.0949742748318979 0.116892915392757 0.0162290924729339 -0.0819114239365863
0.130447517720187 0.0165470661046696 -0.0557266565435834 -0.0978114759345681
0.0910587729242024 -0.0876459198920925 -0.107309439535654 -0.0302165890356029
0.0147614459344329 -0.105273872060728 -0.0828218911684797 0.0433046918166522
-0.0373520889400936 -0.0868454413588303 -0.0276531982585317 0.0515189249108704
-0.0734023914422337 -0.0461968349345786 -0.00363162320503674 0.0244899339080389
-0.0733821346020996 -0.0218552293690623 0.00202095676426629 0.00719809068548065
-0.0776365105580653 -0.0214995665496624 0.00786197756143632 -0.0144830328475912
-0.0632907009154178 -0.0627338978281128 0.0217712510801872 -0.0334140999510998
-0.0226460972884737 -0.0890799083059243 0.0499839121573282 -0.037323234536568
0.0353892179298803 -0.116380637512117 0.08191590877913 -0.00255089306990408
0.114951181871261 -0.0490571145690772 0.0791373041750981 0.0464096878512417
0.124818262471148 0.0650453876238291 0.0141041150015601 0.0597918940361669
0.0893150588225835 0.140740878720213 -0.00751659361264397 0.00282818350680256
0.0228508794675918 0.129855103840082 -0.0403712428546698 -0.0757197188295206
0.070584352765217 0.1248791074009 0.0121500080864181 -0.11269980091269
0.119734444916774 0.0384974239540778 -0.0357335028387028 -0.113296435552718
0.0981032217195743 -0.0702845341550896 -0.0845658214620173 -0.0589186937831721
0.0247704243839533 -0.0998629926089107 -0.0785414321385873 0.00183232850871811
-0.0297779514996129 -0.0857319333821127 -0.046960836476568 0.0165637740305132
-0.0682319676501177 -0.048620490683606 -0.0320401799336989 0.00374559422476353
-0.070668042862448 -0.0228698113147647 -0.0260923325734382 -0.00520420650191891
-0.0747693933456083 -0.0213318589433208 -0.0200799984302083 -0.0261279594185343
-0.0599316293517148 -0.0581031063155252 -0.00292768348365031 -0.0482793346463793
-0.0216871538875243 -0.0833091316736025 0.0337135561383329 -0.0582314980587406
0.0356639385822517 -0.106176653691132 0.0756273005549998 -0.0230476983631085
0.104977975827266 -0.038673673851025 0.0788659482089749 0.0286602273532376
0.104144185474939 0.063869979042384 0.00937890935236836 0.0451327283767667
0.0683026684497414 0.125778886549214 -0.0217728366948017 -0.0386345321042155
0.00133060139182342 0.0924135962578643 -0.0388462089494832 -0.13247003538243
0.0348850641689752 0.100589592381067 0.00864409855198167 -0.136430047802866
0.0831593417897121 0.043889079228015 -0.0156200118554706 -0.120580876705472
0.0790342167369316 -0.0431930164832468 -0.0603283475508737 -0.0774845151908989
0.0256299236652736 -0.0740239844532153 -0.0695953332358076 -0.0324393927115937
-0.0199262245748956 -0.0672350701057794 -0.061712719954534 -0.0137276967031134
-0.0519971743000082 -0.040812890447479 -0.0559964903280185 -0.0141807955694353
-0.0567799806698047 -0.019880949867979 -0.0505794632294022 -0.0164454309231088
-0.0603339846325082 -0.0188867513349118 -0.0442069466414222 -0.0369154390407408
-0.0478843093159138 -0.0478628918583045 -0.0224360905303927 -0.0626667069023505
-0.0148036846899526 -0.070165172698459 0.0221537376421155 -0.0756806150909265
0.0372980338588964 -0.0829430913321155 0.0705474671527477 -0.0371798489529234
0.0867368753402697 -0.0176888117175839 0.0754641907925855 0.0163755725747323
0.0714536969738384 0.0616556777624586 0.00475439134231211 0.0332738627024439
0.0349749847403466 0.0979878830073395 -0.0292644912726186 -0.0705695213002949
-0.0191611185353403 0.0374533479921503 -0.0352882605008462 -0.168598026596054
-0.00168090985362494 0.0542543272553104 0.00430902940470417 -0.147337677684673
0.0346053639821145 0.0319353999217817 -0.00518600908333481 -0.121284195238819
0.041917497861304 -0.0155204913567435 -0.046374433161212 -0.0863899242005315
0.0176184232414311 -0.0378367421635713 -0.0639434794166999 -0.051289795842047
-0.00751092423498162 -0.0372615737556131 -0.0707961341149204 -0.0310073426115321
-0.0283337240476876 -0.0251702936391255 -0.071992965522638 -0.0248517235566965
-0.0339326896295941 -0.0134452775272238 -0.0676608367240745 -0.02496633489038
-0.0385946829980265 -0.013868000688963 -0.0611132376715208 -0.046300297517524
-0.0303136364884526 -0.0326424865057405 -0.0348352805436017 -0.0758555227040282
-0.00657600484455206 -0.0498285769221311 0.0176912374968695 -0.0892573378508678
0.0351275169852946 -0.0511878076048542 0.0721172240715294 -0.0459897503052086
0.0603030232975467 0.00443829436154158 0.0733704074936852 0.0111082236508968
0.0326358242702425 0.0525209228117867 0.00312725162504221 0.0256655215968921
-0.00235452926327034 0.0590469412962173 -0.0278650361341777 -0.0905885161632092
0.0256745744803595 -0.0133863643456467 0.0432188216198256 0.0981674055364048
-0.00245042206869797 -0.0291081629087287 0.0305986422055829 -0.0285650707138467
-0.0253986360996921 -0.0103329309551501 -0.0758079714720419 -0.0295904790335619
-0.0185475827344938 0.0181981442414189 -0.0940276684842057 0.0460922745658302
0.000487276150355632 0.0176427733126871 -0.0306938506090244 0.111271972651344
0.00426653458490602 0.00993169082357507 0.0407226158343697 0.0970935920846044
0.00694590053573498 0.010334947662112 0.0694514968231143 0.0543692126484601
0.00585958871134437 0.00663714054158944 0.0765216527901575 0.029294297994194
-0.00227491659631998 0.00849111521832428 0.0791381171411835 0.0204514810216029
-0.00951085903422823 0.00306700480617279 0.0790371061895065 0.0284798886461651
-0.00910014520251267 -0.000846137954921005 0.0695593993993651 0.0497879514647549
-0.0112452615447112 -0.0140277741774553 0.050698038336624 0.0833686339704622
0.0100089118088902 -0.0222810028539452 0.0114743221123198 0.111523793861799
0.0369015906757705 -0.00824934079449704 -0.0188149367963858 0.134033984750686
0.0340290488446756 0.0132924331035752 0.028098678110252 0.168233891262899
0.0506059973142707 0.0326105471380305 0.0245613090280799 0.102459918222087
0.0384081341639768 -0.00340985607004718 0.0310117420343254 -0.026318892718081
0.0151320279815719 -0.0223833377738391 -0.0766847723334484 -0.0377590801615133
-0.00215425518387983 -0.0199866245915136 -0.103735923198737 0.0414637691055258
-0.00583778539706128 -0.0153116822624329 -0.0420361485378553 0.113555150640839
-0.0146802419467121 -0.014344751939342 0.0339708440431445 0.0995075419797004
-0.0214587060368138 -0.0015937399141714 0.0645317466809452 0.0558974677864049
-0.0210305080717107 -0.000693789150972754 0.070759948390439 0.0295793430038928
-0.029373348129819 -0.0045023646496659 0.0736524804189941 0.0160560551634763
-0.0259715807284196 -0.026972364210514 0.0755643378741473 0.0195029326921579
-0.00445761366152756 -0.0359644027447667 0.0726766038369357 0.0382793460926181
0.0188325776053158 -0.0453076498921743 0.0612924565614323 0.0731148575142274
0.0560426304462112 -0.0182002479546188 0.0285601260633891 0.102792608489818
0.0711846364350942 0.0356711579816608 -0.00406739740792793 0.117146498652333
0.056627997125512 0.0724434116437319 0.0292451819450346 0.14047528200791
0.0628713308791321 0.0788991597211304 0.0030316152984544 0.0857019600754087
0.0744869576444649 0.0342740425584215 0.0281016213140154 -0.0343460674008034
0.0614553836486762 -0.0236019240174253 -0.0758032050141822 -0.0534652456151021
0.0240938785508544 -0.0568464357555927 -0.112956576458291 0.0274719716804812
-0.00736537205837821 -0.0525271657814634 -0.0575035695885602 0.105217855121747
-0.03087173317565 -0.0420904778387905 0.0186311726169655 0.0937676512571705
-0.0467939898173021 -0.0162404254349489 0.0491161192455445 0.0514890180546038
-0.0452947640138843 -0.00820406370522388 0.0540246657251904 0.0252773054105437
-0.0525537558710875 -0.0131659980475094 0.0581694863224636 0.00673645041640955
-0.0435595217093225 -0.0476900171161148 0.0647811282068997 0.0024627445121491
-0.00991169381881566 -0.0645125701385817 0.0728462679845623 0.0147871143143578
0.0323077847389141 -0.0794533466675543 0.0750035310076241 0.0513847894305002
0.0908228633722793 -0.0297827636376165 0.0521769924851284 0.0874870672036734
0.103440049062618 0.0574236201059215 0.00982305580454372 0.0968936760368753
0.0788198052106398 0.113166612904045 0.0235066682155082 0.0978992483994944
0.061605173980446 0.116975711265701 -0.0182780919255346 0.0465856589641369
0.0962834316336803 0.0768995147075234 0.0216019244012343 -0.0523974709488954
0.103845103578773 -0.0108240405333434 -0.0693987503157473 -0.0732571581217767
0.0571630991188086 -0.0822219856725129 -0.11503278068397 0.00318969923356828
-0.000607576386735137 -0.0853951035899201 -0.0711175367928911 0.0822414200874576
-0.039514529697175 -0.0677579540322392 -0.00253308631563834 0.0782245591028455
-0.0652898060288273 -0.0313111485536038 0.0250884155337109 0.0407246729891617
-0.0631353176916052 -0.0140093792141888 0.0299985872855705 0.0181910584261816
-0.0684269599112301 -0.0170104022450641 0.0346900522202398 -0.003857871953992
-0.0575221098605547 -0.0577836937132558 0.0449222440911878 -0.0161208860287287
-0.0193265178315533 -0.0811334315524853 0.0641414102437188 -0.0130001622976654
0.0326314411888355 -0.105092648768424 0.0824834204638655 0.0231146905179786
0.108114813801491 -0.0459913651736679 0.069701903045452 0.0656015494586059
0.123002762220895 0.0616400139025122 0.0160506932393204 0.0762492517757188
0.0919731289432074 0.132303073775968 0.00987843153390339 0.0495917676375875
0.046812590916358 0.134082923773452 -0.0340574947709219 -0.00983150788092754
0.0950335063595133 0.110162555385032 0.0151686351382157 -0.0794736902679672
0.125633585595382 0.0127563897215526 -0.0555596836908405 -0.0937034633776948
0.0852161118668344 -0.0863424961690581 -0.104298775574697 -0.0273683243698133
0.0106062725879315 -0.102575195434121 -0.0781734629695094 0.0453766572758594
-0.0396319020399294 -0.0831698754470743 -0.0256120060005954 0.0504128389439349
-0.0718364197847904 -0.0422479061209384 -0.00339270361610917 0.0241691069443919
-0.0705809186311306 -0.0186882203299557 0.00206157042851875 0.00780446458452824
-0.0748114931577677 -0.0177012338048146 0.0077297802315037 -0.0146932056684807
-0.0633261305872301 -0.058585176426767 0.0207704479722578 -0.0323413156111141
-0.0246749078003869 -0.0854462615128989 0.0486449380908522 -0.0377556213178834
0.0301137761411392 -0.113224152178951 0.079677332651644 -0.00369565721640956
0.109548449817107 -0.0510676914169559 0.0773563948201693 0.0424257955103029
0.121919147255491 0.0597873659692297 0.014995658491968 0.0583371297245162
0.0881408347296962 0.132834452700142 -0.00770823231559811 0.00396028332016282
0.0259457114778505 0.124164788586615 -0.0403678640293172 -0.0722458649257676
0.0713084163616204 0.118968312244742 0.00943739765838843 -0.108749494976939
0.116274339019542 0.0340215950503108 -0.0358166397738343 -0.108469984075015
0.0922356117159711 -0.0699091693020243 -0.0829142458394801 -0.0550216405366252
0.0204932418487388 -0.097043505985929 -0.0754831612357005 0.00465338280442302
-0.0324281192383754 -0.0820442580863882 -0.0454424909112791 0.0178839224787549
-0.0673975118079798 -0.0448538256585127 -0.0315059386324043 0.00515010882677249
-0.0687545116339519 -0.0198659295166604 -0.025757921117938 -0.00343498449104145
-0.0715402139562864 -0.017647358588433 -0.0197455479825114 -0.0248318439339957
-0.0595776207813671 -0.0538487030618681 -0.00356755499875382 -0.0469445511794062
-0.0233783882218895 -0.0802018411844721 0.0319510731761218 -0.0576935593506278
0.0306001571800778 -0.104258232462625 0.0726065186889523 -0.0233150605268184
0.100640309385688 -0.040663446670877 0.0766452982130408 0.0248120392431593
0.102818954836266 0.0592990837670665 0.0101947658304396 0.0436651966056521
0.0683552333558294 0.119319407523601 -0.0229437888409206 -0.0356361389322354
0.00315019480906423 0.0888162351704826 -0.0403127650334513 -0.126611461443054
0.036595773486217 0.0966907053128466 0.00619739500010277 -0.131074100642505
0.0808050556278554 0.0398547795677232 -0.0169617036235683 -0.116352201895532
0.0741955121649965 -0.0431947817437206 -0.0600641417565266 -0.0738186908111137
0.0217993485429262 -0.0724227345800064 -0.0678896350984892 -0.0289801211767641
-0.0212403429180019 -0.0648320199246092 -0.0601122631555945 -0.0111968426382241
-0.0515506154093387 -0.0380330761819814 -0.0552233273436664 -0.0113994932801956
-0.0551259138412965 -0.017529739846577 -0.0501491789081738 -0.0134774569982854
-0.0581823980507474 -0.0161697630911725 -0.0440347286556168 -0.0343384517689205
-0.0478904309466043 -0.0449838659237164 -0.023034392773949 -0.059654978412403
-0.0163404441723145 -0.0673961666381285 0.0196707971301676 -0.0734387931340203
0.0327456804280322 -0.081108348366409 0.0676669786236387 -0.0367115606572892
0.0838504987413156 -0.0197352174107666 0.0729014599838417 0.0139842592942967
0.0707502771189166 0.0576760390368673 0.00520328333936766 0.0320623414297206
0.0358110483765708 0.0937116926038997 -0.0310597539109993 -0.0666349627143428
-0.0174965010332204 0.0361280240335401 -0.0376526702296788 -0.161215945944542
-7.16103791743628E-06 0.0520721164981617 0.00119610944114048 -0.141291043644513
0.0337289416153111 0.0306536604438233 -0.00698918027969216 -0.117084152215756
0.0400271092801265 -0.0157034481422378 -0.0467207803967876 -0.0820552706238501
0.0158454488923701 -0.0372705875013295 -0.0637687968476345 -0.048135603261277
-0.00840504766646434 -0.0361640238408093 -0.0702673630343758 -0.0280952926043989
-0.0279773971022025 -0.0239572191676684 -0.0712975287323654 -0.0211583783436605
-0.0325324102401776 -0.0119422454905237 -0.0670280107918469 -0.0210752181908906
-0.0364632047034486 -0.0119102270336337 -0.0606060632147037 -0.0425438398720312
-0.030726035506959 -0.0304623051828449 -0.0347334000756176 -0.0720806185536759
-0.00798038699162366 -0.0475437859560366 0.0153012342783263 -0.087378712493306
0.0322221722664334 -0.0505443592716742 0.0690957370319584 -0.0462447828105242
0.058662834409795 0.00273445091800727 0.0712435012907948 0.00866795097803477
0.0325311750532065 0.0501187568535949 0.00342094262276617 0.0249398954736199
-0.000839632758719319 0.0565842626467708 -0.0301377348567499 -0.0856190169428493
0.0268013235150304 -0.0116226505942416 0.0359510805018357 0.0959182079109113
-0.000691554291975586 -0.0285776162860635 0.0306219849929268 -0.0266212482288258
-0.0238617782192342 -0.0110765368086776 -0.0713880552394494 -0.0319452658407763
-0.0178392670563355 0.0170890225588897 -0.0937557459858848 0.0407750370427205
0.000648288521527194 0.0170740806802537 -0.0341917302670357 0.106666014355264
0.00357088869832595 0.0100071296172794 0.0349096876706897 0.0947808110686879
0.00653873841190006 0.0110892902571913 0.0651397261533586 0.0557201107262274
0.00534305778963058 0.00733982041421104 0.0732888897735749 0.0306772769406437
-0.00230605858248962 0.00851843497000046 0.0767947423939378 0.0219620061558472
-0.00931723369728241 0.00279340904122259 0.0756644866746172 0.0301756944377141
-0.00794389597709972 -0.0012742626324123 0.0648887121645084 0.0509930620908934
-0.00862135658855932 -0.0127387420802395 0.0445540931895244 0.0818057973389771
0.0110944286704648 -0.0194897044256146 0.00420368535809225 0.107368774626424
0.0355558641746253 -0.00466730551416345 -0.0263097879517117 0.129392312150335
0.0336654499761349 0.0156604508914375 0.0163986172979819 0.163746551831155
0.0481325931372085 0.0350920801168053 0.0202036183711338 0.0987304108374076
0.0373032943538297 -0.000812308525110986 0.0322141510172155 -0.0259668392236992
0.0157981974205031 -0.0204434378779692 -0.0722835387362803 -0.0417933277808678
-0.000239923051041405 -0.0181294064576191 -0.103294696576974 0.0336119085363798
-0.00333700547892931 -0.0150932575800355 -0.0460904488161703 0.107184865131857
-0.0136756704735136 -0.0148461547887852 0.026775159825283 0.097235553077399
-0.0199116327494245 -0.00206271214689015 0.0592719228851536 0.057204573446103
-0.0208783990729951 -0.00172616302450015 0.0674821105732641 0.0307745549828325
-0.0283119969023829 -0.0058448343323864 0.0712166910084365 0.0169884426727546
-0.0249296319048501 -0.0278091317074483 0.0735631727971843 0.0210853025098508
-0.00231214194556994 -0.0358714772027347 0.0699393778772944 0.0396692675777608
0.0216814020284571 -0.0422892966430879 0.057411258230522 0.0724378451265777
0.0557634570245049 -0.0130812433599696 0.022389489168117 0.101291650847161
0.0674219607310953 0.0392226115873673 -0.0118604407818842 0.115054625535654
0.053124999037918 0.073604656783736 0.0173504225247712 0.138690395981544
0.0571215328513827 0.0819031330849615 0.00196975577320234 0.0814081583663497
0.0698235588149182 0.0381827124007912 0.030571222634083 -0.0345735894883298
0.0608144267642118 -0.018320063464552 -0.0701524470014769 -0.0579846392240818
0.0267469784945249 -0.0516074228281698 -0.111875847436425 0.0182595794976962
-0.00274435651456412 -0.0508082378089413 -0.061293489668603 0.0971874935356098
-0.0278326248936691 -0.0427415839553805 0.0121276169937512 0.091230203797232
-0.0438417040011591 -0.0176556860154499 0.0438592274578392 0.0526939688081042
-0.0436750508685345 -0.0105080699894292 0.0514735860225533 0.0264296203347172
-0.0505081872082439 -0.0148713172966959 0.0561440499440955 0.00752271241741392
-0.0414704547730521 -0.0486527916998643 0.0633145682354542 0.00345940122933292
-0.00631583308374235 -0.0642019538220782 0.0722187141543617 0.016170435364015
0.0357648504902154 -0.0751704403225533 0.0732258070958811 0.0519483552333628
0.0905475798202548 -0.023378886165051 0.0463902507187816 0.0880960281477544
0.0980898087000496 0.0619266857055871 0.00183544045067733 0.0973895799934874
0.0733917979066265 0.112934565990343 0.0128680546566006 0.0981972640820095
0.0522707172494672 0.118698863959349 -0.0145961868603264 0.0429938192879736
0.0879216947274169 0.0816578655937273 0.0270537284122191 -0.0528772243582891
0.10029194061076 -0.00277268215708554 -0.0619730469434728 -0.0791523376367589
0.0591375746703179 -0.0741768566040012 -0.112273463351063 -0.00690094089413915
0.00486515176959703 -0.0816070277089287 -0.0746842570099028 0.0740438484003498
-0.0351912836448489 -0.0676737831397628 -0.00835110334689599 0.0748168271716577
-0.061741032029156 -0.033449011885616 0.0204233374125457 0.0418806793404568
-0.0607516318370942 -0.0174154443276527 0.0279016151108302 0.0184221442934729
-0.0657840383637169 -0.0193147862643375 0.0341046217602776 -0.0038491530241843
-0.054751155927427 -0.0588321253108185 0.045096303096554 -0.0155447897057576
-0.0155164519862054 -0.0812436064957666 0.0655336638868521 -0.0118488198922521
0.0365880832365284 -0.100164391598422 0.08242754935951 0.0241780640576477
0.108226653613796 -0.0385077159100148 0.0655121351316923 0.0684125385449633
0.117432809319773 0.0666342352355127 0.00982507293415532 0.0785019238373081
0.0848937843813946 0.131614712579491 0.00262855934129633 0.0523058970992741
0.0358793456433811 0.134915676603411 -0.0257149053379697 -0.01091482241347
0.0845419810657392 0.114631881890356 0.0225801173567823 -0.0788433613827881
0.120115944518852 0.0217614136282914 -0.0458256275106358 -0.0983753169354413
0.0851233447367867 -0.0763344852101421 -0.0994062667294812 -0.0369292182155834
0.0163196025856855 -0.0973296620905285 -0.0801046562913463 0.0376750631547858
-0.0345001539699375 -0.0825676320392661 -0.0290393395892871 0.0467258327636921
-0.0682015795641884 -0.0448755609981016 -0.00690173592680414 0.0246473104593444
-0.0685705419353663 -0.0223786590894771 0.000901834973956026 0.00798857360632413
-0.0721952474830114 -0.0202792457823784 0.00781046655303359 -0.0152331245013201
-0.0610328758492993 -0.0605473200435644 0.022064134741738 -0.0320043396113696
-0.0206548181600871 -0.0862214612127464 0.0514181278687408 -0.0367485290662045
0.0340691029172685 -0.10859554090748 0.0821112733070968 -0.00251452028240459
0.110376176589531 -0.0437293653182167 0.0747289697443258 0.0465929239280411
0.116473397068622 0.0641061517244777 0.00910614564126073 0.0610666019306966
0.0809479020148482 0.131936649795059 -0.0114177229825194 0.00712392329492172
0.0154497474178244 0.12439014506982 -0.0290930041854507 -0.0717059355334294
0.0603856779160588 0.122102603900454 0.0197830272091134 -0.105967638258327
0.109105189296459 0.0419262556828404 -0.025395855953443 -0.111168745571093
0.0912815467966516 -0.0604189501339112 -0.0761490327867652 -0.0624613863395574
0.0251756233958696 -0.0918632992648623 -0.0754872716665275 -0.0022746933870472
-0.0278173882000802 -0.0811983915951004 -0.0472532010953472 0.0141581285603042
-0.0638333446767198 -0.0470936754241642 -0.033557029903753 0.00450449426391422
-0.0660658657883004 -0.0233703357320533 -0.0260542034440961 -0.00382319167657784
-0.0691750091092085 -0.0205779836637825 -0.0184683409351982 -0.0254079118131343
-0.05738534991225 -0.0554926307961361 -0.00094064557085979 -0.0463500351431777
-0.0194975562173457 -0.0805932983214122 0.0353266839114961 -0.0566563758863637
0.0342740906080513 -0.0998667155953379 0.0763740316930745 -0.0212555835556224
0.101177223031896 -0.0344932982785256 0.0743675306178946 0.0297805901507473
0.0972914196537381 0.0633938907028823 0.0059869295344067 0.0463089901541925
0.062251731791352 0.117773072822727 -0.0230848173266766 -0.0320656590418264
-0.00454800626082663 0.0881585728739408 -0.0272912906501794 -0.124086000304134
0.0272212952253225 0.097017900258133 0.0169974458331207 -0.12641192061757
0.0745008026231408 0.045507210486241 -0.00663059682408528 -0.115791420689929
0.072436092087975 -0.0361165557708191 -0.0529451165843637 -0.0776485649808739
0.0245631280384521 -0.0682692919564986 -0.0664409286551817 -0.0336220832625132
-0.0177710852346602 -0.063432050089515 -0.059648103470812 -0.0143461440052771
-0.0489595914589506 -0.0395125144315349 -0.0556921596036962 -0.0126287940552583
-0.0528095719214952 -0.0203060790267764 -0.0490419380972911 -0.0143217630675889
-0.0560402691968691 -0.0180288039599561 -0.0412903300022936 -0.0351926576770581
-0.0460111939109228 -0.0460165736614557 -0.0197892815158333 -0.0595334905638428
-0.0130812740056145 -0.0673088684161358 0.0245379402348675 -0.0724866366844919
0.0355206626897591 -0.0779958890598115 0.0713544288279326 -0.0340247423864271
0.0835957778048299 -0.0151993265247161 0.0710010536402795 0.0190964683519763
0.0665082892735773 0.060158915241828 0.00149228260026819 0.0334255930821795
0.0312133557779183 0.0912501889796989 -0.0291424168634748 -0.0630746842901331
-0.0218505947222073 0.0352640564488692 -0.025204496002432 -0.157004624561997
-0.00535112759059189 0.0512502954511815 0.0114452339492384 -0.135457928771336
0.0297502413489294 0.0325372937925204 0.00309410628539533 -0.114568731579276
0.0379262088635976 -0.0113692586796252 -0.0399773763060483 -0.0837064862297935
0.0164736954836992 -0.0342966502488792 -0.0603311396200618 -0.0509464042041265
-0.00640229799065775 -0.0349435388462629 -0.0675963072675846 -0.030260822831735
-0.0261242305657721 -0.024582299715944 -0.0696287124254566 -0.0222864995532135
-0.0314867595884022 -0.0135432260220672 -0.0643015832970671 -0.0216330995482339
-0.0350698335174587 -0.0135183505957721 -0.0573397708287701 -0.0431510803859895
-0.0290617596182416 -0.0318190141884214 -0.0313303409473987 -0.0714873959251176
-0.00627965251799518 -0.0474578138916375 0.0201429503306799 -0.0848165541135471
0.0332908018638635 -0.0483903151756241 0.0720400688708509 -0.0416006979945433
0.0579894093904593 0.00518976119877414 0.0683115370994901 0.0143264573417825
0.0293470552038316 0.0502781019027348 0.000389186259687581 0.0258297023915809
-0.00388866779124371 0.0543355225888071 -0.0259613520098934 -0.0828083881416925
0.0267143160620034 -0.0107885792451532 0.0340614150348262 0.0949992551581586
0.000316507087087735 -0.028326182233834 0.0316793464552157 -0.0265977507871167
-0.0239273045563046 -0.0117347339989901 -0.0703397290566523 -0.0337256934440818
-0.0178912784116313 0.0167734535256789 -0.0949434801894117 0.0382182430087482
0.000387002415592547 0.0174371707513309 -0.0354826667602797 0.105406610694572
0.00372439418104434 0.0104475146898267 0.0336554748352785 0.0952761656803665
0.00664149323151188 0.0109024305508849 0.0637069487341056 0.0561179328769588
0.00521066389424921 0.00694246669322772 0.0730236563419993 0.0309487923977774
-0.0027136754958528 0.00860403484342851 0.0762674247781968 0.0224798653464271
-0.0100065622782748 0.00306604761349481 0.0751218686889606 0.0313063968393498
-0.00751477752274326 -0.00212148012895883 0.0634951850478477 0.0521566123934238
-0.00882081897383834 -0.0131659680562613 0.0423106475853958 0.0824469206798091
0.0115338386197398 -0.0191186670561976 0.000615454501172968 0.106920471547619
0.035438192672441 -0.00447830095520411 -0.0292344172506423 0.128155169894266
0.0327875741724184 0.0171333232549352 0.0130071254886637 0.162921257951512
0.0465701214223969 0.0354572252589636 0.0186465123599089 0.09812000571405
0.0372768049155438 -0.000216987526263519 0.0328137966491622 -0.025774839045385
0.0156550063258471 -0.0201718774180759 -0.071254420306509 -0.0431938384821407
-0.00012063198202596 -0.0180969877311425 -0.103613135246733 0.0312997303009067
-0.00384335907876965 -0.0149003482751415 -0.0469516082285541 0.10601912879497
-0.0140005792606583 -0.0143309788474776 0.0253502048113536 0.0971498988352294
-0.0194734781978131 -0.0019607967071556 0.0581847997417338 0.0576534321515164
-0.0207305653398554 -0.00197373187395484 0.0670699564023764 0.0312824404261492
-0.0280465128075739 -0.00572566336258583 0.0710500263765468 0.017705985152546
-0.0247964632461105 -0.0275061161798648 0.0732378909703733 0.0218304978471648
-0.00155325432547416 -0.0361974607194055 0.0691177254089611 0.0409525810645204
0.0215136401464034 -0.0416603498812218 0.0555820341639275 0.0732395493660735
0.0559324006450726 -0.0123399738896492 0.0191061259146681 0.100652610471656
0.0660129058298434 0.0404502382485181 -0.0145342118075931 0.114124582352074
0.0509761527531467 0.0743558724660694 0.0146263198819012 0.137885863980462
0.0547832365738251 0.0812560437824229 0.00115001916323388 0.0802911308639575
0.0688591056101907 0.0389200858802971 0.0316879065526722 -0.0338765772564314
0.0599308438229293 -0.0174217573921456 -0.0682449792975199 -0.0596737081942914
0.0268588728446524 -0.0505903515581295 -0.111131747909037 0.0151627962148176
-0.00281754128043948 -0.0502115665876714 -0.0617389315057549 0.0966277104009643
-0.0278288137361517 -0.0424927915120157 0.0103473990879368 0.0910010691138574
-0.0435706555002612 -0.018005372996142 0.0425983921648287 0.053042786231299
-0.0432098646295907 -0.0106969096096242 0.0510534555779824 0.0270921228421581
-0.0496104205082562 -0.0151490543852128 0.0561591563388585 0.00826900776642683
-0.0414705867698305 -0.0490083548904003 0.0634590185124511 0.00439711971586922
-0.00551272706754235 -0.0642913664515577 0.0719070461382558 0.0175838592577442
0.0358980619486799 -0.0737997149356563 0.0722661812358417 0.0529475198542273
0.0901959322735494 -0.0215165241324453 0.0429076014174206 0.0883394810519492
0.0962633109927605 0.0629705298146736 -0.000783827751654465 0.0973290432571178
0.0697946294708979 0.113962948064973 0.0114403865151603 0.0986024352644997
0.04939311400283 0.117804715709476 -0.0146149663155032 0.0425582500819486
0.0859671696827353 0.0827985214712588 0.029106215289811 -0.0515592039018691
0.0990841750120232 -0.000817870375514874 -0.0594228488100698 -0.0798386415493814
0.0596171469078687 -0.0725437349632289 -0.111062447459113 -0.00927655850276324
0.00553910337348563 -0.0812711482795393 -0.0749269487103584 0.0727370893066474
-0.0349133738317757 -0.0681357144541181 -0.00941257342595599 0.0741149769947262
-0.0605990012355391 -0.0338336444886774 0.0192202008935975 0.0420015886876736
-0.0600952873045252 -0.0183630248444137 0.0275881299437424 0.0190638937571033
-0.0645288871421125 -0.0194704125755384 0.0339837634771358 -0.00356940972030615
-0.0543376466957458 -0.0592798177765076 0.0458092951513701 -0.0144371053482229
-0.0138739882763126 -0.0813869177096822 0.0659930681626715 -0.0106303330868647
0.0376201878472866 -0.0985740624373509 0.0818077670779497 0.0259639465221188
0.108180811125947 -0.0366036795302751 0.0628459292911386 0.0686549609525378
0.115424273310544 0.0684500214073155 0.007504151728605 0.0788343122689892
0.0810986534296268 0.131904587324082 0.00115080474065374 0.0527644111418878
0.0328127950627464 0.133725313977612 -0.0247147106216283 -0.0115853639107254
0.0819895876614363 0.115540195312042 0.0256483540899862 -0.0771156245512805
0.118382513094861 0.0231564165428656 -0.0427840979199864 -0.0985285980229502
0.0855408396247834 -0.0743479046099046 -0.0975513341091423 -0.0389478543137894
0.0169903877631369 -0.0966139821624139 -0.079348056525497 0.0363862445293828
-0.0345509414868734 -0.0826217429489404 -0.0301332319230756 0.046608889945655
-0.0674774363490684 -0.0449814305848031 -0.00778157791442928 0.0241211079563105
-0.0678545753031371 -0.0230678866669408 0.000779148549194653 0.00861266979044377
-0.0709737421558548 -0.020985562092939 0.00780559211300807 -0.0147487011528589
-0.0598035656059803 -0.0604643628974295 0.022815000161828 -0.0312693664441412
-0.0191094723018209 -0.0858127946206821 0.051990825546886 -0.0357761457456794
0.0347310951802162 -0.107484614161599 0.0815502918512827 0.000232128173840912
0.109849094583107 -0.0417994476276427 0.0724012820364599 0.0474541514964924
0.11434692735538 0.0664002682023039 0.00837610968753217 0.0614955993289878
0.0778185837807883 0.132253189117273 -0.0117507816737045 0.00829902387889021
0.0127252744283177 0.1231165855524 -0.0272079756911262 -0.0711331592509741
0.0579168751203699 0.121814293213094 0.0229452234184718 -0.104222447179972
0.107195253921623 0.0433695413848467 -0.0220700271717437 -0.110850419464704
0.0910988425476849 -0.057966167639228 -0.0741541708952399 -0.0631861673935507
0.0254991090265761 -0.0907458764740066 -0.0744903089420101 -0.00278488321012253
-0.0273530016446049 -0.0811314178379109 -0.0473071701474671 0.0131580420748389
-0.0627118547070724 -0.0476162669055266 -0.0342941473093251 0.00507823072709209
-0.0648531940453112 -0.0240395519005509 -0.0261252150718696 -0.0031273948385375
-0.0675480724454843 -0.0204008545893435 -0.0180682643689232 -0.0252527455598095
-0.056453960104816 -0.0557509896928947 0.000327674087616358 -0.0460991208254831
-0.0180988386896736 -0.0807237541263875 0.0371606187657699 -0.0562202928753516
0.0346940374603174 -0.0985705053825144 0.0763289159444013 -0.0195436549088788
0.100791062224432 -0.032769444254413 0.0733904424473721 0.0307552696532755
0.0959569390457382 0.0644696593373418 0.00451901849225927 0.0463710400646703
0.0588454299804903 0.117160207732628 -0.0234168973447828 -0.0312137215753775
-0.0066858445830134 0.0867008288109026 -0.0245122843401251 -0.122736321775351
0.0255943478170867 0.0973615782672495 0.0205265838610378 -0.124557607517279
0.0729572596251053 0.046100729152735 -0.00297324808409205 -0.114970780329486
0.0721241344840917 -0.0341489214374372 -0.0506085241270073 -0.0783915145096482
0.0248087967648444 -0.067428328275615 -0.0650277489780689 -0.0340058657242097
-0.0178758412672893 -0.0633049853034791 -0.059648865684225 -0.0149805868628235
-0.0482380964319993 -0.0398183336996972 -0.0560522345586706 -0.0120077314639419
-0.0517171837860676 -0.0207110228813859 -0.0483979662984071 -0.0139682126167263
-0.054590021758799 -0.0184050114862664 -0.0407369617697718 -0.0349238979421005
-0.0453928296438103 -0.0460612209553638 -0.0181895773603919 -0.0593468894717381
-0.0122976259051215 -0.0670801988827607 0.0259056666769997 -0.0713827586066382
0.0353798698916168 -0.0768156313035005 0.0721571046433971 -0.0320555835050117
0.0828937368362031 -0.0138697242770066 0.0699651088854752 0.0200428237530698
0.0647618424201374 0.0606527885660962 0.000584281097724925 0.0342668273934813
0.029123434922197 0.0903409655181382 -0.0286936607710438 -0.0619887962776542
-0.02227043369974 0.0340436282276811 -0.0216092308678253 -0.155575690786514
-0.00653867870186869 0.0506706885814781 0.0147402508055077 -0.133299618428475
0.0282437326344365 0.0327506217540327 0.00622014267505468 -0.113689436934257
0.0370892959403938 -0.0102956153468422 -0.0373154130931336 -0.0840973489386955
0.0164699109416531 -0.0335938747781116 -0.059406699142875 -0.0516296805757533
-0.00639816597600825 -0.0342862665178265 -0.067654271466372 -0.0311254020223707
-0.025991322509411 -0.0250882116359438 -0.0700064822664986 -0.0223349721836093
-0.0302980805523922 -0.014304483392136 -0.0631902980284284 -0.0214802112272113
-0.0338281850738081 -0.0141287164807327 -0.0561752730898834 -0.0429650075371402
-0.0280950988006296 -0.0314254488980208 -0.0300558181538845 -0.0716637516420628
-0.00558761183014989 -0.0471030361199419 0.0216642592455951 -0.0842495257163525
0.0335047731929365 -0.0471238696762787 0.0729890702123859 -0.0401666631329028
0.0571188489167153 0.00618596327484885 0.0680292945311233 0.0153639919548529
0.0280422838463841 0.050752996105131 -0.000466126263256963 0.0261551347468379
-0.00480325413946255 0.0531418621153879 -0.0259628143320139 -0.0813419180917727
0.0269656753663672 -0.0102719752291402 0.0340771219399824 0.0971108814353738
0.00051569131438192 -0.0288491772004831 0.0326700240527015 -0.0276533172860576
-0.0245830362786593 -0.0119931411404344 -0.0716399661868563 -0.0359226965254577
-0.018116932481671 0.0170598722932607 -0.0984767967922573 0.0379540914505694
0.000297565643534267 0.0180849469879549 -0.0374460821898799 0.106944079300896
0.00354737041801748 0.01111701485803 0.0336227188568265 0.0976045179747304
0.00720519941663652 0.0112227637217329 0.0648534170008959 0.0579101391112748
0.00535607398642914 0.0070917859948394 0.074321908061644 0.0313243747071137
-0.00251724775099328 0.0089792494494952 0.078519470378432 0.0233327348093993
-0.010255397408561 0.00292512594828311 0.0771196706743029 0.0329288381940586
-0.0080563010305371 -0.00255784916062342 0.0639500177476607 0.0546837331832752
-0.0082208000170482 -0.0131065308591323 0.0409705265521671 0.0842829677027308
0.0121945247771341 -0.0192223320456744 -0.00238416784075942 0.108837700300756
0.0361806429320692 -0.00406512308942777 -0.0325734998030581 0.130134404508398
0.0328646126542884 0.018572534704217 0.0114491433769348 0.166512665623793
0.0463889144655251 0.0368670808828895 0.0182988933884388 0.0995798829034706
0.0383851297323915 3.2996718985047E-05 0.0341461313493503 -0.0264309056911121
0.015418837210623 -0.0206864531794605 -0.0711897789459796 -0.0452132864184299
-0.000311468662195949 -0.0181877477020149 -0.106929753965707 0.0302670504692085
-0.00370982925223494 -0.0147067657058796 -0.0490171275461085 0.107844962864053
-0.0141695866388719 -0.0139551323510136 0.0255212479893675 0.0999601269373868
-0.0199887020716654 -0.00214224846971796 0.0585750330936444 0.0595661689195666
-0.0208653925448368 -0.00222956360109528 0.0684983142910028 0.031639672323272
-0.0285031692454131 -0.00573015155643099 0.072764427235226 0.0181118273723892
-0.0255341826829046 -0.028352913892154 0.0752763496462915 0.0232238031929759
-0.000932441994231469 -0.0374963839294012 0.0703109859794896 0.0430823958516935
0.0225284618065632 -0.0423063659581102 0.0551586673266363 0.0757766922397374
0.0573803486741399 -0.0115597418524668 0.0167625972648761 0.103555528665778
0.0671076750739393 0.041728438081536 -0.017024583041356 0.116590686873627
0.0505682849910585 0.0765480285349299 0.0130388032672721 0.141006400155732
0.0539358583035284 0.0834399897340249 0.000841487230909531 0.0818794572218482
0.0700240091815685 0.0405720507516176 0.033831535028092 -0.0346798628986548
0.0601657302007687 -0.0174023095152916 -0.0683556747729307 -0.0622518683128773
0.0274145446897361 -0.0511977115376264 -0.114404049204749 0.0140376224492167
-0.00243813536062736 -0.0508189107854195 -0.0639618045153004 0.0978065692810464
-0.0284026898324825 -0.0432837216043107 0.00990837548060465 0.0931099165524532
-0.0440669903302715 -0.0186148157984582 0.042876187133345 0.0544275931902717
-0.0441409258665148 -0.0114127351204814 0.0521431704423892 0.0278992952084967
-0.0500787807866678 -0.0149801583671046 0.0569869654078205 0.00839977967108183
-0.0423489877261037 -0.0500388264196098 0.0653940726335641 0.00556280860110068
-0.00480684844086464 -0.0661484540279956 0.0733823694592781 0.0190298441767637
0.0371078590887051 -0.0750089528868352 0.0726962246074859 0.0560482146655684
0.0924175960886721 -0.0211257753904673 0.0414352508610598 0.0907329663969984
0.097943734884345 0.0657244573303468 -0.00215451938419094 0.0997646156965947
0.0691372289955169 0.1173866557883 0.0098521123236226 0.100829671299712
0.0480818470601519 0.119761050400629 -0.0146034713630234 0.0429945934568821
0.0866182673707525 0.0852007983163529 0.0313897713442687 -0.052351342680265
0.100492204666202 -0.000341236414722821 -0.0589713624990346 -0.0821532678004633
0.060686023776199 -0.0729257717522765 -0.113082765061077 -0.0116547397205347
0.00539452058208278 -0.0823092617129005 -0.0762245121621408 0.073976757326234
-0.0363269077855602 -0.0694071545171877 -0.0099707952670054 0.0757786662733674
-0.0619934352915489 -0.0345599193343614 0.0194527398642919 0.0431248369125721
-0.0609215449840573 -0.0191518512269101 0.0287882414391732 0.0203864835888867
-0.0653511350042141 -0.0201863178419798 0.0345960700213118 -0.00297477706533677
-0.0554109654215239 -0.0605364945120791 0.0474234556872529 -0.0145898083863702
-0.0135512314937973 -0.0832855146296925 0.0674344180388236 -0.0103820952790323
0.0384273246809586 -0.100595471103499 0.0832624385438565 0.0282605797141145
0.11045520395676 -0.0358233963402831 0.0621512941318398 0.0709941835630892
0.116614717152657 0.0714875896731594 0.00633167284939976 0.080764869345137
0.0798532011483995 0.136060580122067 0.000129870261739759 0.0543978542186111
0.0311459937421058 0.13577146446121 -0.0242526208104373 -0.0121298606070277
0.0823131297177489 0.118498264004847 0.0280313375902773 -0.078405627076573
0.119279657006363 0.0249988217382471 -0.041355873854807 -0.101278022490073
0.08746696906785 -0.0746344737775917 -0.0988220803264384 -0.0416767295649019
0.0174093421243759 -0.0979261410031025 -0.080566425699417 0.0373147709696883
-0.0354591560258051 -0.0845489364664514 -0.0312256825682896 0.0471051082342258
-0.0688167673707371 -0.0463108069230911 -0.00821149042750964 0.0254618273320345
-0.0686504300890205 -0.023897724364432 0.000974230696964226 0.00969299372284181
-0.0720241564340218 -0.0216893991290847 0.00810610750464471 -0.0147293568604973
-0.0615385341028388 -0.0619526305528029 0.0243920049858816 -0.031878303265593
-0.0192069036635198 -0.0884761580839376 0.0536691727573275 -0.0363805335803727
0.0354582503028138 -0.109030988916718 0.0836802637970842 0.00124421871883523
0.112515085807492 -0.0418434261847709 0.0724899001177094 0.0494909700194978
0.116303023018867 0.0695855563633517 0.00728796816506882 0.0629129031441497
0.0764820723088404 0.135448791975383 -0.0127380802637809 0.00892690014354096
0.0110460187170718 0.124320002229578 -0.0254289318647023 -0.0726917894119742
0.057374580697277 0.125083281055414 0.0259344119279823 -0.105138990869827
0.108279853421576 0.0455410781558377 -0.0198159344811802 -0.113285335140712
0.0933560446806568 -0.0578146031463696 -0.073864387342407 -0.066607816504823
0.025852458621692 -0.0922628800234366 -0.0753895264625291 -0.00322372793082329
-0.0281047347805346 -0.0832405554683938 -0.0491288661758827 0.0136391189426913
-0.0644900693395116 -0.0484418763425846 -0.0354528783817642 0.00531356740317164
-0.0657503327283952 -0.0249868055179788 -0.025971000054205 -0.00247048923116882
-0.0678148426843879 -0.0213201018299728 -0.0183614751625023 -0.0251872535269729
-0.0574222888188875 -0.0568424504043723 0.00100446857694848 -0.0470520077200508
-0.0181308585731483 -0.0823920653104616 0.0388148059962578 -0.0570358986183399
0.0354122782985956 -0.100193679772412 0.0787701285968847 -0.0181118478712353
0.102457107047196 -0.0324537722368628 0.0736592127253872 0.0323810044518346
0.0970295482810304 0.0669757172243654 0.00376458398939736 0.0476493067900152
0.0580531118755491 0.119869356821004 -0.0242071566962771 -0.0306455543714378
-0.00838920948148797 0.087666559463936 -0.0224521867686541 -0.124937193336171
0.0242867531523095 0.0996409926945731 0.0236041241040961 -0.125611933027474
0.0729914046522868 0.0481597817928892 -0.000362892014540996 -0.117211134731021
0.0736876599729503 -0.0334617370228778 -0.0497416468650306 -0.081453653057354
0.0251133106126319 -0.068028808851376 -0.0657697896225338 -0.0353374414078761
-0.0181690640808539 -0.0649342113415582 -0.0620114467032527 -0.015594636832683
-0.0489251305399308 -0.0408423833509992 -0.05760709829148 -0.0120125549746962
-0.0524046366699402 -0.0217687077155057 -0.0487997458640046 -0.0133406646038243
-0.055221559626528 -0.0190256465763569 -0.0408660018256927 -0.0349952073656681
-0.0459768435265079 -0.0468677583521359 -0.0177408276052103 -0.0609102105880139
-0.0119028746808838 -0.0687420035731211 0.0271121929488551 -0.0730287733265016
0.036147712090746 -0.0779276638059749 0.0749912227431779 -0.0317597214500168
0.084686973828931 -0.0137018622463819 0.0705051909742146 0.0214316835747622
0.0654524474872455 0.0626836637532796 0.000188663448978915 0.0348651657721148
0.0277159154482425 0.0923293310681867 -0.0295118918558759 -0.0623148928373542
-0.0237204455834488 0.0340766824584994 -0.0193174408676742 -0.158394959945522
-0.0074890424840751 0.0517882284886039 0.0174994052667371 -0.134745434975743
0.0283520330419879 0.0338491102170924 0.00894832969343043 -0.116263727377997
0.0381396892268034 -0.00996804042415365 -0.0362586504693705 -0.0865015314235655
0.0166624912214112 -0.0339490145490608 -0.0599289418956891 -0.0528295931657758
-0.00674761682156291 -0.0356548730434665 -0.0698675564222616 -0.0321296642735403
-0.0264174997382386 -0.0254957513188458 -0.0719156638998989 -0.0225238524199522
-0.0307256563985206 -0.0151345793086209 -0.0646074389179947 -0.0215233754392209
-0.034127515439804 -0.0145508586005625 -0.056674400434348 -0.043793356291296
-0.0283064820293935 -0.0321329759085799 -0.029197221999865 -0.0729718854699533
-0.00467917131165877 -0.0480122860396607 0.0232812587523847 -0.0856799887095479
0.034469567316927 -0.047651382605948 0.0754637105724414 -0.0394692025161349
0.0586204689651628 0.00713375969729467 0.0690783805393697 0.0165174443380624
0.0279624372544733 0.0522345010038083 -0.000901048847440727 0.0268167485765626
-0.0056518713905665 0.0535897980065952 -0.025900086244097 -0.0819987051815148
0.0274196536048021 -0.0102926538846143 0.0361192156799679 0.0996209686237212
0.000189699254082437 -0.0306260772661858 0.0339278853783622 -0.0297775236585626
-0.0257698518748366 -0.0121041037424648 -0.0749585063371972 -0.0371514353226015
-0.0182681897049601 0.017567061950105 -0.102499815038974 0.0403155423459571
0.000991928456332098 0.0189878403526471 -0.0373220269089295 0.11179523706223
0.00424526580774176 0.0117730251201225 0.0368415347785828 0.101242204660051
0.00741445006150144 0.0120289578011417 0.0678498753194103 0.0587117913945038
0.00535593729343726 0.00726044742267573 0.0776806048128439 0.0302812178257984
-0.00284257288190168 0.0089682974820591 0.0819955837451022 0.0223332151320164
-0.0108722108808587 0.00347900503867218 0.0811173378396111 0.0328089263058407
-0.00815387945081522 -0.00307953885245028 0.067199039930228 0.0563484832002092
-0.00879769028381988 -0.0134203612370224 0.0433654304585976 0.0873045120661917
0.01279381198253 -0.0198294751389024 -0.00293037438854558 0.113504197559349
0.0375940118189909 -0.00480464972920633 -0.0328761855471795 0.135929068469489
0.034307356198978 0.01931264684739 0.0138108748663946 0.172102010934951
0.0480696613467167 0.0377017093735339 0.0205574576179268 0.102386236354821
0.0399089707681434 -0.000714790845286502 0.035802247622871 -0.0285628834151706
0.0150726065512767 -0.0217634760359689 -0.0750303494447717 -0.0472723008557979
-0.000875408864657343 -0.0187183968068086 -0.111585410996732 0.0320637725001243
-0.00389511289121271 -0.0149685644907975 -0.0491563411200174 0.112486767971121
-0.0149047220566183 -0.0141589529340997 0.0278112269401327 0.103501794497565
-0.0205830845813801 -0.00181042815007014 0.0617350895360008 0.0609779341392335
-0.0210287306100113 -0.00213528881559099 0.0716792436721399 0.0312992950685674
-0.029724106910022 -0.00503931502683883 0.0757516454492865 0.0172650933303133
-0.0275211843106281 -0.0287448143864193 0.0793100038131448 0.0228557959647641
-0.00163663393925541 -0.0398418384338902 0.0740943064996222 0.0441646522305187
0.0226058452818218 -0.0441701292336294 0.0576748460691993 0.0787891810518814
0.0592042315842286 -0.0127717490569614 0.016418653479479 0.107515408684131
0.0702880101107527 0.0428976055502525 -0.0174958957180425 0.12150700527562
0.0529316499492998 0.0798285301346451 0.0152829086829983 0.145594676140352
0.0561190541767017 0.0853016871671316 0.00231107884105826 0.0844868124793146
0.0734171093246606 0.0411097772004424 0.035688243566906 -0.0365702425430578
0.06156934350191 -0.0187836184531378 -0.0716104587805142 -0.0640882630324658
0.0269526593629397 -0.0535950597617381 -0.119095560425631 0.0154102919759491
-0.00338460562547704 -0.0521419756306126 -0.0645780456021476 0.102645433882904
-0.0306940104231212 -0.0437907945648445 0.0116309620579974 0.0972197917951359
-0.0462704149009218 -0.0182748224788921 0.0453412058127574 0.0557509394560449
-0.045558901500042 -0.0107460154942789 0.0549377920946442 0.0277829201939501
-0.0523299668526968 -0.0148913312568497 0.0595849303562219 0.00761235193317537
-0.0453295808712919 -0.0506045688007834 0.0687533825630439 0.00460546153720442
-0.00642560057037138 -0.0691968797547542 0.0767855023098796 0.018640310801473
0.0372748956407138 -0.0783472560179602 0.0763967128830002 0.0572698152982349
0.0955421474431134 -0.0232065394647691 0.0426368784442717 0.0940979673370716
0.10241146750823 0.0673347774719101 -0.00219125441519274 0.103580894921343
0.0724023102689911 0.120985889810607 0.0109249393922526 0.104847995712898
0.0498059587291594 0.123086406126342 -0.0139751839357034 0.0449341900446661
0.091745775965914 0.0870958345643073 0.033219997654662 -0.0547082203463127
0.103155662879687 -0.00120481284557596 -0.061125123817322 -0.0851529599417877
0.0617656578145478 -0.0760298892194974 -0.118092062632153 -0.011320033641208
0.00412941027598525 -0.0849088719768863 -0.0774259532190666 0.0779034452157427
-0.038609616919927 -0.0707569911355717 -0.00941075633891947 0.0788092369888552
-0.0650624964749468 -0.0345432649182279 0.0205563160501889 0.0445253915305877
-0.0632117131787488 -0.0184731138425789 0.0305528667918089 0.0206464604338483
-0.0680011548256275 -0.0196174498538674 0.0359773288190759 -0.00426704670204258
-0.0591184850524736 -0.0616615261187274 0.0496441681121554 -0.0158893778735809
-0.0151348339917162 -0.086809648296206 0.0701119739024691 -0.0115348932005018
0.0374243079501063 -0.104483659542638 0.087102626749585 0.0288829368089699
0.113942500060689 -0.0390104064565938 0.0646531341785196 0.0734073873799688
0.1225299817725 0.0729239060716338 0.0068271850985403 0.0840019001367952
0.0838329627928134 0.140251632553611 0.000496008117793792 0.0571555650258937
0.0323825068307097 0.139720894137503 -0.0243445082936154 -0.0124538887570428
0.0869554608935777 0.122037857570385 0.0293535858351465 -0.0809054334639062
0.123039029376133 0.0247553845390325 -0.0428307079205456 -0.104705669238138
0.0893857391030821 -0.0782032194399212 -0.102882194105445 -0.0427302014085428
0.0160045429211173 -0.101622279030299 -0.0825996468277077 0.0394216803375845
-0.0390269453960827 -0.0866786697414774 -0.0321130615156632 0.0497893648318029
-0.0725085320854672 -0.0463244909369488 -0.00873426857216397 0.0273417613900016
-0.071088554432372 -0.0237036688150619 0.00171428637022735 0.0104846567193142
-0.0740159893834864 -0.0213627489295452 0.00876823836307768 -0.015495934442987
-0.0649585693985198 -0.0626410625091529 0.0251090362100595 -0.0335313864748228
-0.021130382363675 -0.0915311747180204 0.0557148379173943 -0.039224020664048
0.0340368704385564 -0.113811442757127 0.0877408310157028 0.000977837988190833
0.115538857010793 -0.0452482526121885 0.0752281558725453 0.0505761139548128
0.121974100341818 0.0705444070523175 0.00759368989008054 0.0657238389013749
0.0799223633110294 0.139584435652517 -0.0140418131894154 0.0102149978653095
0.0117549143660149 0.128186883596096 -0.0265348253225953 -0.0749771239989799
0.0616271095019889 0.129638704229712 0.0269705545969685 -0.108778696178807
0.112300835877587 0.0462483352792912 -0.0203182855541352 -0.117513289829678
0.0951666750189673 -0.0608719946363984 -0.0770634435386499 -0.0685455804547974
0.0247357198687397 -0.09567019599506 -0.0775431477903299 -0.00183946410671906
-0.0320569402615223 -0.0855302302321994 -0.0508719147069606 0.0148695701431943
-0.0682584687444513 -0.048660811288012 -0.0372395607803011 0.00698317050691701
-0.0681008137487031 -0.0249993358891173 -0.0262785118782347 -0.00116807450215261
-0.0706002115384979 -0.0207724120952751 -0.018927467174637 -0.0263063777410591
-0.0606655425136998 -0.0576566051624769 0.000962447520724778 -0.0489715447828126
-0.020181673066116 -0.085568376805007 0.0393262159719818 -0.0601774628443928
0.0340840511559749 -0.10436993669124 0.0822639263253192 -0.0198059313666422
0.105870887229714 -0.0350560292147432 0.0761235105706156 0.0326353703727869
0.101630465587398 0.0686314390042921 0.00355028257100041 0.0492982507270103
0.0609276792686249 0.123665688901176 -0.0264987624081069 -0.0308449612836858
-0.00833748975578909 0.0902498492054067 -0.0239266932658906 -0.129320724495495
0.0270115915636701 0.103472165146844 0.0241490204598373 -0.129532869179958
0.0758917901094711 0.0488256477385699 -0.000637694631959111 -0.121974543781216
0.0756527740433891 -0.0353666911904324 -0.0520361862009954 -0.083534687880212
0.0247903510433381 -0.0709316706590275 -0.0680974350716339 -0.035389648861882
-0.0206776184212416 -0.0666497189137326 -0.0648445616146518 -0.0152381242657072
-0.0524848513080891 -0.0409906463073854 -0.0609002118471955 -0.0109058568396695
-0.0542435105809984 -0.0218258709332492 -0.0507945511335913 -0.0118463708974209
-0.0569049304365334 -0.0188629327812128 -0.043108623609486 -0.0354984203082609
-0.0479987215023855 -0.047331185960247 -0.0191101627517006 -0.0624133963534514
-0.0133942343733608 -0.0711126558991353 0.0276999396276477 -0.076021127388257
0.0357829698449543 -0.0811904490539833 0.0777990884082529 -0.0334367177017326
0.087454204701278 -0.0154534062898338 0.0736150671882434 0.021292851344647
0.0687169360477261 0.0643581710925081 0.000282586812823796 0.0365403277956358
0.0291244971570211 0.094996242995274 -0.0325557395038662 -0.0628071195592124
-0.0242417295122259 0.0355975411463563 -0.0203590254096453 -0.163576972065587
-0.00772125550937707 0.0539424351991268 0.0182636204913195 -0.138756258375608
0.0294340731171431 0.0345534620201875 0.00906436812646285 -0.120888340773776
0.0393927428229298 -0.0102175147928246 -0.0378804935464032 -0.0895270205352992
0.0161501813039468 -0.0352969490774862 -0.0628702021436522 -0.0535903171336922
-0.0078965721637741 -0.0367198895898732 -0.0739966650631562 -0.0322732698620513
-0.0280075651802122 -0.0256059531688946 -0.0760114455609817 -0.0207550743071618
-0.0316927037142268 -0.0151575846913962 -0.0673363255322316 -0.0201195187664311
-0.0348183927148504 -0.0146621584860433 -0.0591398048017888 -0.0435733178373906
-0.0293875081408401 -0.0319503679876467 -0.0313068953148892 -0.0753611863948394
-0.00584360151783832 -0.049851590796731 0.0230402599978178 -0.0894699284184934
0.03466170616537 -0.0500134281567927 0.0783025918730687 -0.041873858895775
0.0605712323115107 0.00634478692947417 0.0716963425243204 0.0165316500670191
0.0291925854873862 0.0536831764485611 -0.00158018661667034 0.0284492278240319
-0.005866368581028 0.0551784477306918 -0.0291138225198041 -0.0829752533963028
0.0275718508849941 -0.0109789358125439 0.0412338530593455 0.100438542115783
-0.000815362515902633 -0.031523953184182 0.0342459835556391 -0.032588832352338
-0.0272571126551947 -0.0116086880630626 -0.0795664356535307 -0.0349552984406972
-0.0185037545442053 0.0187521939847671 -0.104958255766977 0.0462728490479906
0.00216590808867397 0.0194284094786274 -0.033608819750283 0.117052504537648
0.00544359278746465 0.0124375270206127 0.0431018441814904 0.102710435610226
0.00863000644892574 0.0116238256027383 0.0732295663212503 0.056873729985262
0.00594834731922471 0.00711875562541947 0.081804500260383 0.0265840854459091
-0.00254981139929688 0.00986208053741469 0.0858804215427131 0.0179529944984624
-0.0112887226947782 0.00408921294532775 0.086291633375301 0.0302342340171189
-0.00869491404361521 -0.0029780247016121 0.0718166526866135 0.0562549026945878
-0.00967485279148697 -0.0137895345956575 0.0475381896267124 0.0881495449747639
0.0124785274723284 -0.0210693130631977 0.000586267931961825 0.117356769822495
0.0384243793963237 -0.00707600532591769 -0.0290459435407812 0.141389542170364
0.035873642752312 0.0191593788506818 0.0214153843079706 0.175736258740376
0.0503421918934863 0.037097008991216 0.0257175348557104 0.103945349954496
0.041055695005247 -0.00299549973300979 0.0363496133869561 -0.0313216676561328
0.0143624853519605 -0.0230108422095728 -0.0791359144448226 -0.0452858508909692
-0.00197714075334564 -0.019506463365448 -0.114632448056839 0.0382749074118636
-0.00468357220838161 -0.0149280291444812 -0.0452981934557282 0.118360065583659
-0.0160443352374355 -0.0131885742572107 0.0341161864078682 0.105421259376142
-0.0210137951278972 -0.000677050965268392 0.0664117535182701 0.058824448794364
-0.0225478443036069 -0.00108163390753699 0.0754154268228361 0.0280281279455943
-0.030710239828524 -0.00345386212369528 0.0794350244566406 0.0136144727075745
-0.0304135519690163 -0.0280109846907009 0.0834288840952686 0.0199047619477855
-0.00389952273734545 -0.0414098071627983 0.0778210950097255 0.0428684363403622
0.0211750739443307 -0.0463146751740439 0.0624050363508606 0.0785021740338323
0.0604157702158533 -0.0152731430517641 0.020651776535698 0.109826024456277
0.074811770301313 0.0407206351925037 -0.0132865315697372 0.125847991427974
0.0576364417949415 0.0798072527864484 0.0216907326477674 0.150154396022613
0.0603329371682908 0.0854136307177396 0.00656318949138409 0.0864497523573804
0.0775876479260591 0.0388538350564292 0.0360144329738433 -0.0394605963305346
0.0617652451212166 -0.0220113796231826 -0.0760172122015854 -0.0636327266386283
0.0249911154146994 -0.0562324961120036 -0.122344169936094 0.0206910635310723
-0.00656482877893741 -0.0532104441311681 -0.0613911659324701 0.108796127412432
-0.0338840476972106 -0.0428896045835614 0.0170562103653932 0.0992029100783378
-0.0486617099758016 -0.0161924943784553 0.048799996134751 0.0552934578024706
-0.0471458547706995 -0.00899831709740371 0.0580798465333343 0.0255624044303774
-0.0541167459560926 -0.0126509603533432 0.0618075513317516 0.00431416020402558
-0.0503750773124607 -0.0499026730557098 0.0721175206384386 0.00161590807931491
-0.01004757894341 -0.0713947856049267 0.0807846428499784 0.0163558232428684
0.0343033298294968 -0.0824293555717639 0.0807647422900932 0.0564894499862731
0.0972944927609038 -0.0276688952291186 0.0468629633118288 0.0952651876658242
0.109093054202973 0.0649850226282637 0.00146373600351227 0.107146230918871
0.0792455942883519 0.121857984849547 0.0158509038173479 0.107879612258602
0.0556949472361729 0.124234321975191 -0.0122608385746092 0.046654168031599
0.0983233623946417 0.0857394750299463 0.0333384301235189 -0.0576549425687012
0.105327019262433 -0.00590383201406153 -0.0658250007237461 -0.085981921896433
0.0592673774866753 -0.0811069882835426 -0.122254674952752 -0.00713142115370884
-0.000209566211194029 -0.0872597632274745 -0.0752387820867133 0.0839748069686957
-0.044416195656333 -0.0705011783314838 -0.00618317281779523 0.0821517268479947
-0.0687853214858884 -0.0320852041075415 0.0229061312801228 0.0445980947840933
-0.0655354987742188 -0.0154576996392819 0.0326926947781117 0.0192827611872813
-0.070578419568245 -0.0167394004165671 0.0372222734329387 -0.00637764106270606
-0.0647606016648823 -0.0605523421484869 0.051189488297703 -0.0185012246441332
-0.0198911099311988 -0.0892738071317334 0.0724726575243358 -0.0152176407832643
0.032995903367332 -0.109238712573773 0.0917316954827598 0.0265077043600153
0.115500017214126 -0.0451635993440993 0.0689380312632389 0.0729869850779045
0.129997664315107 0.0700028060974596 0.00987083843944597 0.0863474493726491
0.0917413949759266 0.140669623147282 0.00216758858085899 0.0598218113786415
0.0386797937146885 0.142339648238012 -0.0248740782566167 -0.0119567845961682
0.0957890075024371 0.12257148640292 0.0277379123045096 -0.0839267700101819
0.127772276996921 0.0205802339438194 -0.0476849439943437 -0.106873217151275
0.0882417317483386 -0.0846076257093307 -0.107517632733013 -0.0399394798658538
0.0109920521079969 -0.105085534782172 -0.0816431135420687 0.0450385570199269
-0.0452882827713912 -0.0869662646033191 -0.0306619452137765 0.0527236942115723
-0.0776342416104344 -0.0434869496551228 -0.00824525722471666 0.0286385605802001
-0.0744703967827546 -0.0204726838980691 0.00325940408497606 0.0108866299151588
-0.0772544934893225 -0.0178597263184852 0.00851642592097254 -0.0162298394463847
-0.0708535011269832 -0.0607504793556394 0.0252838356624607 -0.0358170705265632
-0.0261900270767241 -0.0938861556641364 0.0561184522847491 -0.0423690017369154
0.0287831098139519 -0.118129178651936 0.0912930715544463 -0.00247613247513598
0.116977994543434 -0.0516224322057645 0.0792597401073122 0.0493286289315451
0.129118746774092 0.0679536037994186 0.0104068678796988 0.0675614213093317
0.0878174695948847 0.14024583725886 -0.0145965863011284 0.0126011483183776
0.0162937102012905 0.131382312616716 -0.0296626623898748 -0.0765668273866739
0.0694558962409391 0.130944673191439 0.0242839035561939 -0.111985311528531
0.116369346980604 0.0427549040517769 -0.0249491967581934 -0.120577330968721
0.0952113906359133 -0.0668220704697254 -0.0819798988561277 -0.0675321998852164
0.0205659197228835 -0.0995237293878938 -0.0785636504862195 0.00134847147253649
-0.0374304639118661 -0.0859758991146329 -0.0525476809198738 0.0178784641572565
-0.0731573837512629 -0.0458959634667487 -0.0388641600776582 0.00963109802928721
-0.0712608724506246 -0.0221919973027019 -0.026710301351594 0.000698376498646238
-0.0731499957837832 -0.0174575219833336 -0.0201976407570859 -0.0256049020392145
-0.0657229590120713 -0.0559321902447422 -0.001002711268738 -0.0509089201455245
-0.0249931668541413 -0.0874014590733306 0.0383015168718949 -0.0642009328228541
0.0292887241776124 -0.108672717675994 0.0847129053568884 -0.0233450281731406
0.10739811715292 -0.0408622369792836 0.0796312912351744 0.0301727354344293
0.108215796215812 0.0659809787742826 0.00511934320814836 0.0513756083894351
0.0672639947801347 0.124050094623731 -0.0294943537599688 -0.028982224747425
-0.00527044374125111 0.0933505425272854 -0.0290384195325758 -0.132680764747206
0.032177746109619 0.105398375336844 0.0200896263302435 -0.133414221328056
0.0799546379318739 0.0471388998644644 -0.00435155551559586 -0.12591896699544
0.0762329819343153 -0.0395050075246928 -0.0563422879877504 -0.0839873992549568
0.0217125155886283 -0.0739652204151027 -0.0702827351455425 -0.0331426057223468
-0.0250476495919239 -0.067715375447015 -0.0681860488898535 -0.0127731478965279
-0.056334330064693 -0.0386619064777282 -0.0638706035550833 -0.00703487532137203
-0.0570933330743106 -0.0195103891393414 -0.0525191386117505 -0.00890568461300686
-0.0589877638589829 -0.0167299520658427 -0.0455340768011825 -0.0338697765338329
-0.0516267390900398 -0.0461297471857183 -0.0223218790570593 -0.0634033900111475
-0.0172429885595728 -0.0724138929068442 0.0252015831835224 -0.0802298458421735
0.0321844863152592 -0.0849006693634769 0.0795734513376071 -0.0377347708651354
0.0893219204897502 -0.0198120528493767 0.076534327850962 0.0192762632438352
0.0733909393229428 0.0630796702695634 0.000896281385958983 0.0384467745473287
0.0333330776492756 0.0956687829485494 -0.0371912922491563 -0.0618360403626935
-0.0236592557325753 0.0374882910338375 -0.0280019068989178 -0.168041613041826
-0.00511432753843293 0.055857831623603 0.0140906892849596 -0.142742964798414
0.0318482084749828 0.0344516448560272 0.00515676815662629 -0.124910037129109
0.0401511300335634 -0.0121223560248854 -0.0421710218481659 -0.0907979029873885
0.0148135227564176 -0.0371217927792802 -0.0659259198806086 -0.0522846465167477
-0.0100255939426391 -0.036838289657479 -0.0784320165774246 -0.0298207392005706
-0.0300173216361053 -0.0246990922725749 -0.079510722328454 -0.0166015782037928
-0.0332466264446363 -0.0140265509642168 -0.0696551563677146 -0.016182271280059
-0.0361437252342752 -0.0135499589159202 -0.0621187404308217 -0.0413778911448438
-0.0319177003503287 -0.0319865845853506 -0.0354373461355896 -0.0756376763698015
-0.00830876740620128 -0.0506269337460396 0.0196502615315758 -0.0932309243252116
0.0327663227203539 -0.0529854208603516 0.079604302188589 -0.0465096001458229
0.0629148018464329 0.0038985135614697 0.0744081234384573 0.013967414924137
0.0322803724780824 0.0539721257240438 -0.000669607176898429 0.0299125967372299
-0.00446274705190138 0.0566406668964101 -0.0345540504229893 -0.0828318792016742
0.030084715720549 0.001881750545153 -0.007338884286528 0.109397516406166
0.0124173519234721 -0.0291278782991954 0.0450530062471567 -0.0135561615955109
-0.0188792329039235 -0.0209206980901877 -0.0559815359168036 -0.0664220282766093
-0.0231111913446454 0.00936375582659916 -0.115768292597481 -0.00347074961509498
-0.00505919295678478 0.0183283354751626 -0.0805842202808404 0.0907669017319862
0.000482024650356887 0.0138732519347077 -0.00612650132748814 0.112398609099924
0.00429552141576054 0.0149420252464933 0.0410951202933489 0.0832189097390542
0.00245278526636155 0.00924225281317174 0.0624861339645033 0.0583898410410429
-0.00641521737604767 0.00767673715885975 0.0703483608865606 0.0526782614909222
-0.0117853421045425 -0.00088403025117192 0.0650660797033709 0.0636101296388656
-0.00577385201244975 -0.0068531678001233 0.0405780054147043 0.0824914207534579
-0.0015054608441272 -0.0154612731026862 0.00297552308972147 0.099763459594814
0.0207583918609313 -0.011954752510019 -0.0540586250568685 0.106571347065709
0.0371283414556863 0.0124345351605508 -0.0925021611972938 0.11597336910689
0.0247235105362942 0.0333113956759099 -0.064509123125831 0.168886293309597
0.02937192926556 0.0553871744051372 -0.0218215171625008 0.10502682559769
0.0381815537286416 0.0156355757143257 0.0464358349007071 -0.0131360154564941
0.0229138898042623 -0.0130399021074634 -0.0528405750189129 -0.0765182358821114
0.00812730997915542 -0.018012342585313 -0.12233687821117 -0.0154568432394358
0.00419264766825795 -0.015814132099354 -0.0938935589485145 0.0877611715070994
-0.0078101388041477 -0.019007027754195 -0.0160930865172518 0.11105163976538
-0.0179640372421101 -0.00952697972777383 0.0336110285376937 0.0827101624955034
-0.0194082009081126 -0.0106418290573842 0.0559922267390833 0.0565321334527853
-0.0261242821228405 -0.016900658026244 0.0664935536547573 0.0448597080764442
-0.0158078591486758 -0.0383605126821701 0.0676263438037121 0.0529448121467354
0.0146740949407013 -0.0397357269402436 0.0532853367304626 0.0725027722888121
0.0402922632256854 -0.0319341018201463 0.0225008364547288 0.0983589046350078
0.0618707242077136 0.0141564334776604 -0.0322051776303478 0.109821720931246
0.0495940325347469 0.0714700378756405 -0.072846335102964 0.109704952571015
0.0174380324068782 0.0978263619733383 -0.0535204143052295 0.145482078813518
0.0167539058244067 0.10320214421681 -0.0299503490991005 0.080316315484945
0.0531970052119877 0.0694008675467304 0.0499122795228849 -0.0225675626407556
0.0658659217607516 0.00879765651985417 -0.041818605607392 -0.0925733193486984
0.0479610566124284 -0.0389421707038192 -0.122437934190666 -0.0357548864604876
0.0192851301604622 -0.0506183411718603 -0.105217652037981 0.0719451001489296
-0.0115931591715681 -0.0538849479481953 -0.0298866373466768 0.0985898466128648
-0.0369339330472708 -0.0348035845565204 0.0188678684014187 0.0719895409946212
-0.0388954514937542 -0.0287939605840434 0.0415674851118531 0.0475820207829339
-0.0438260384428202 -0.0344953679376665 0.0544374139852223 0.0294236733680647
-0.0247563983915044 -0.0665530498331386 0.065254540217354 0.0310846377348414
0.0222212581500223 -0.0701428661849625 0.0672081000271895 0.0486168836387502
0.0668369784604443 -0.0587545466571058 0.0499950658944906 0.0864895706540338
0.100522983388715 0.0195966866949895 -0.000306303726498136 0.108921694113125
0.0705303992493461 0.108093283290431 -0.0519300757369063 0.100147320573475
0.0184672200991249 0.144999846536445 -0.0402631274051624 0.105069955131483
-0.00517947918381274 0.137251745339585 -0.0273757264126093 0.0357957561830058
0.0514951562574507 0.122046131179359 0.0557149309271576 -0.0416299949151513
0.0976540081670262 0.0427899385152785 -0.0229734613355256 -0.109812723693723
0.0884524120067517 -0.0465800371720974 -0.110402345229653 -0.0625759786806319
0.0392730776196083 -0.0782196912755441 -0.108521532257556 0.0423750896556845
-0.0101225720351949 -0.0827109872730213 -0.0437942879334304 0.0732702695949685
-0.0491441856508508 -0.0582365886368869 1.32867733985674E-05 0.0515511998563231
-0.0529118736174267 -0.0432765361024269 0.0214587038318986 0.0315745049353576
-0.0561945538215825 -0.0452604349270626 0.0363918834823923 0.00956143390260931
-0.0337727788301376 -0.0822868062911971 0.0551689590608901 0.00406368322394878
0.0199763038821894 -0.0906071511295156 0.0742110107027448 0.0159845765507715
0.0768427376358763 -0.0843720223568652 0.0744107747584723 0.0635287829083092
0.125616434257997 0.0111779413470323 0.030023520643539 0.0990260416690299
0.0872722530448767 0.121196231496719 -0.0344120077720372 0.085903762350802
0.0218363133339161 0.167474688262565 -0.0295468681695364 0.0553365863461122
-0.0289132859183324 0.146445493428144 -0.0129524203453165 -0.0231700120336537
0.032784896996502 0.154383614772147 0.0637314830057604 -0.0678146841232653
0.105861331883064 0.0770567001133514 0.00389068302953543 -0.121575052584938
0.115329498650183 -0.0361814082193124 -0.0821254597083595 -0.0867529676719009
0.0568094553610154 -0.0887536080194914 -0.0978281450103155 0.00370511011420668
-0.0034858865861786 -0.0977322386739778 -0.0530470421449676 0.0357715098181107
-0.05264396231293 -0.0726006109110279 -0.0217064858784162 0.0232092882298126
-0.0590774469393686 -0.051170264057724 -0.00202873111725432 0.0113033045157015
-0.0620353693832728 -0.0489320342556147 0.0144518584210098 -0.0114370735922436
-0.0390012981675483 -0.0856211558844478 0.038738095072206 -0.0222496645527473
0.016354632692383 -0.0976578345456317 0.0716841310244631 -0.0163831014936559
0.0771635118400661 -0.0940433764711531 0.0868408509118266 0.0369351543822592
0.129780667388565 0.00592794972048947 0.0513651159026287 0.0820109990917226
0.087793224965731 0.118566757612637 -0.0257845539197554 0.0686698663343385
0.0180902568803556 0.165297068728906 -0.0226060753874061 0.00465254929910722
-0.0453235484970834 0.126956995316305 0.0112762030918995 -0.0832472821489303
0.00432010438635299 0.151423473034102 0.0730147069080077 -0.0952359889434123
0.0861672736885905 0.0924650244490734 0.0321755653631177 -0.123137625286517
0.114017482465823 -0.0173842604921998 -0.0460498046319288 -0.100689359256403
0.0623936463175099 -0.0795767249859094 -0.0750733417252274 -0.0339147814872883
0.00279046003171688 -0.0936002098005135 -0.0576807889350962 -0.0056055700965526
-0.0473909458585254 -0.0729614034728525 -0.0408254335395571 -0.00730527325726916
-0.0562510421313755 -0.0509568530891672 -0.0247233767122433 -0.00990972490722241
-0.0585364905963707 -0.0470815031028691 -0.00724855171566108 -0.0319002864434445
-0.0367251480851866 -0.0783451052665226 0.0216360147196784 -0.0467413753553696
0.0142518750473045 -0.0910730720140075 0.0648157267927829 -0.0429986037367306
0.0727994738617985 -0.0857069279391657 0.0908249333001109 0.015105694557566
0.115741425242047 0.0106927647729477 0.0598589932428813 0.0655939527227404
0.0689290489791787 0.107599357090105 -0.0220923681054924 0.0511251857076707
0.00664220100142646 0.141574245111884 -0.0160174279559884 -0.0403871027576519
-0.0481300403781416 0.083704243259949 0.0358556899645176 -0.133695813770522
-0.0181624914625281 0.11171840403327 0.0792299109515935 -0.114335664979193
0.0506389624304954 0.0800646417880177 0.053076461449906 -0.118168631800837
0.0853494928701586 -0.000911239836323463 -0.0137491028027656 -0.103779605371175
0.051705775999208 -0.0559072093696384 -0.0516301131327302 -0.0621482993311021
0.00542765600067119 -0.0708305391979043 -0.0583155319762077 -0.0407062000606585
-0.0351092760426259 -0.0591957794924277 -0.0560838309710872 -0.0331425509994707
-0.0441464637357274 -0.0430376820324309 -0.0436810673378796 -0.0294271403568828
-0.0462661793802337 -0.0397544481075796 -0.0262367625026676 -0.0495450196556335
-0.0281638445591144 -0.063763845248031 0.00794719414191369 -0.0671587839489337
0.0149446756593299 -0.0742891696237113 0.0593652218204507 -0.0625462627650767
0.0659247471704016 -0.0632738661092254 0.0911955891097512 0.000825745359079383
0.0901036761560844 0.021705344835977 0.0622240936980002 0.0535758990298027
0.0391633745726554 0.089644596211236 -0.0196985456181246 0.0369618976842916
-0.0116792139652355 0.101176605324112 -0.00687364671689551 -0.0727871951432318
-0.0398326824946689 0.0247293043325916 0.0510909975189392 -0.165332195532255
-0.0309826356902668 0.0500297967490381 0.0775716491844349 -0.123534120563432
0.0124134377201355 0.0465098549241292 0.061660981344744 -0.111866011670311
0.040455821846682 0.00778724695816718 0.00254600943705901 -0.102460375520989
0.0290167198888651 -0.0260911661498777 -0.0379055977158379 -0.0773234600877455
0.00635249445241456 -0.036875090897751 -0.0591166647158613 -0.0611415823145325
-0.0178463286421264 -0.0356206524663486 -0.0659752850681849 -0.048709479555588
-0.024421746142714 -0.0277362129650657 -0.0561199132784456 -0.0428227321401248
-0.0277875269712958 -0.0274491150519066 -0.0384377229144481 -0.0630697106835085
-0.0161462683084602 -0.0420050992907955 0.000736234983032159 -0.083109960499536
0.013434429971338 -0.0500846746573763 0.0603339261490061 -0.0764877130103751
0.052895534879024 -0.0346947528371657 0.0949094862909676 -0.00674479672914498
0.0554306175877244 0.0312599174179342 0.0618070362594978 0.0481193691075215
0.00584487526902568 0.0635987580786476 -0.0169299357469181 0.0273594037623464
-0.0294303949607547 0.0484323870389937 0.00612581838870183 -0.0906110512301812
0.0295513099743858 0.00146371501606665 -0.00117292873173532 0.107149444641518
0.0108135998185308 -0.0290669834116534 0.0444658229306314 -0.0157724173641764
-0.0199892466136333 -0.019271623475308 -0.0585591480898821 -0.062078536844423
-0.0220725170292259 0.0105144812580917 -0.114089566143312 0.00278331385945135
-0.00380526018934886 0.0182944425141449 -0.0743393420063671 0.0929923244000407
0.00186972740491187 0.0135551660454675 0.00067235321819162 0.109775232484154
0.00501864417989504 0.0141592895502109 0.0448088415140702 0.0790987135704327
0.00318540207127159 0.00908253302263913 0.0645176545598743 0.0527934394911226
-0.00581898949559238 0.00800373348633639 0.0726900678324945 0.0466186282691022
-0.011644964564315 -0.000316759520663457 0.0680391500694778 0.0592104184008877
-0.00597990927527747 -0.00639262380273687 0.0441394176127479 0.079533723110148
-0.00198397603878934 -0.0148570115149766 0.00709731945261075 0.0973373701094372
0.0201318265331842 -0.0122976510054558 -0.0488146748345159 0.106625330726007
0.0373070542570239 0.0101539859625636 -0.085417331023505 0.118316821548496
0.0259034537203632 0.0317139263776435 -0.0544726401390779 0.168790056412052
0.0311317407678199 0.0532927854315243 -0.0156397702216389 0.103798855628673
0.0387887889056008 0.0131515659190881 0.0454419038428414 -0.0154811555376305
0.0216218516042741 -0.0140502118024628 -0.0555948063645901 -0.0720726037015537
0.00627945542532235 -0.0180546318711512 -0.120357934245853 -0.00914805843286685
0.00321514510742538 -0.0156900380543043 -0.0868783944645333 0.0904461143593466
-0.00835654742387947 -0.017582974527484 -0.00937930272161832 0.110060982459256
-0.0178425165459652 -0.00793570478294735 0.0375471472132815 0.0785792875100917
-0.0195182202955445 -0.00912083602984732 0.058224086312436 0.0514994607744571
-0.0262531276495826 -0.0144838643109194 0.067825599595476 0.0398497726668282
-0.0179778312059634 -0.0369545862770557 0.0703718513588156 0.0487121973591799
0.0122593205198138 -0.040553096540067 0.0561372488734311 0.0691724745397569
0.037451080154222 -0.033280022928694 0.026257806011607 0.0949098701551676
0.0616097785473206 0.0107218802690125 -0.0276246803806001 0.108671583036672
0.05187422317719 0.0676210121887974 -0.0662169648481503 0.111382103904037
0.021775759293783 0.0952041770525482 -0.0449568283010997 0.144533856905797
0.0203954262777549 0.100755295057404 -0.0244976701738522 0.0796858530479865
0.0561625712674963 0.0653750374259343 0.0486960647425691 -0.0240670388409822
0.0639790938098072 0.00543732353683595 -0.0448582263912819 -0.0884864065086879
0.0439931024352285 -0.0407918758938432 -0.122260858087807 -0.0292062352244489
0.0161302881860461 -0.0506240355743309 -0.0985553005919627 0.0758764824682601
-0.0148310489575496 -0.051175155546301 -0.023344903813786 0.0986777421524783
-0.0382376360061309 -0.0319851850214326 0.0226202331666014 0.0690950434551937
-0.0395247938386503 -0.0255023121001398 0.0436121685162172 0.0439337938242051
-0.0447182892012661 -0.0309750490075953 0.0555038973331685 0.0254621334953051
-0.0286313042390632 -0.0633920090301329 0.066542929673392 0.0270067324679293
0.0178115283505173 -0.070718196415794 0.0690375452399069 0.045014624527394
0.0620616928046061 -0.0615281492290152 0.053928131637228 0.0824076089441747
0.100031472282434 0.0136183323074328 0.00379690588024874 0.106878902908075
0.0753936421197195 0.102765300355667 -0.0461927318290895 0.101077490018931
0.0249460590364497 0.140651137111058 -0.034140467516188 0.105302410182671
0.000404414468370552 0.134646608589694 -0.0240973446062934 0.0361703867507156
0.0573978601033504 0.116823455231956 0.0540346062748608 -0.0432488389897688
0.0970712737579547 0.0370458964326933 -0.0271355600038324 -0.10638932878808
0.0836645692005584 -0.050312491601316 -0.110971914203511 -0.0561471844007303
0.0334211448669333 -0.0783946532197085 -0.10284157049673 0.047431318362484
-0.0147235841855317 -0.0800557561695227 -0.0386601651911593 0.074191058992395
-0.05166990454907 -0.0535837064132881 0.00197052179345052 0.0502452434899604
-0.0544296822006321 -0.0388979878495895 0.0230988180153553 0.0296858658331853
-0.0576206492111801 -0.0403607201281466 0.0364057897754998 0.00737465848571281
-0.0385516669255536 -0.0782448377538077 0.055101043647964 0.00132427627125365
0.0148836567375651 -0.0905484774410002 0.0742969851896027 0.0120010742591156
0.0707477638714527 -0.0865389663111709 0.0761486144278071 0.0588469779705677
0.123326866593822 0.0047158432885812 0.0334109015635416 0.0952454571527584
0.0918068464849718 0.114601415666386 -0.0299331330834303 0.0861188059337691
0.029072600984674 0.163136827433216 -0.0267613844798221 0.0561316973221377
-0.0226034112376439 0.144326242343681 -0.0123958220730418 -0.0217670858553674
0.0401921439196682 0.149648228914596 0.0605624372681385 -0.0693644288119265
0.106642250783039 0.0703978162789102 -0.000763835332523881 -0.119093460270898
0.110985599901378 -0.0422480011561155 -0.0847655409676294 -0.08105180147952
0.0499394659265198 -0.0898193728634416 -0.0938501295508051 0.00876536470903579
-0.0100840620566073 -0.0951748540793472 -0.0500197614567668 0.0376330607067371
-0.0564676318738555 -0.0670186464137597 -0.0202140223999459 0.0242905751415826
-0.0609518462588911 -0.0461548336016133 -0.000852891707957066 0.0117452409467347
-0.0635409605250731 -0.0439841781531605 0.0137229379868443 -0.0123015723107642
-0.0432577606099505 -0.0810158516044648 0.0377460250772707 -0.0241387289068915
0.0102259981193974 -0.0972553647246571 0.0699728615080653 -0.0190806154427222
0.0694543032827856 -0.096940143055821 0.0882287210099433 0.0322684872799015
0.127102206883733 -0.00169448833242761 0.0530855014475662 0.0772670599186783
0.0924516371541518 0.111958724885113 -0.021975438886947 0.0685213410740105
0.0258741721854781 0.16086942238144 -0.0225716493223968 0.00669620548735649
-0.0385621286885112 0.126637276692913 0.00762353601048398 -0.0821625292172387
0.0125414882206231 0.148183154677944 0.0683775472603213 -0.0950058041007603
0.0884724763203923 0.0861982201323138 0.0257880344946138 -0.122664450420826
0.110214489527994 -0.0230119718199089 -0.049160979865761 -0.0965681748604516
0.0561272288443537 -0.0817344930372731 -0.0739230951930955 -0.0292964269355678
-0.00372622483882385 -0.0912750431346692 -0.0568003819007742 -0.00255131056035788
-0.051671858666697 -0.0676941308563701 -0.0408019635794045 -0.00405681281054734
-0.0578706632492724 -0.0465305014278732 -0.0241244383007947 -0.00781298355206251
-0.0600850245249961 -0.042009864997616 -0.00908923838021872 -0.0309953841421211
-0.0406871701275385 -0.0746965469597415 0.019283035144409 -0.04653872264462
0.00920491630626392 -0.0907195129137505 0.0614241814834006 -0.0453468351631146
0.0658792179613107 -0.0880814946107491 0.0907973723831165 0.0106160208714244
0.114111992451003 0.00361173915426942 0.0615483128284019 0.0608117750937874
0.0734051328417431 0.101726449356858 -0.019325296422908 0.0516288527322774
0.0129517603283122 0.138649039496986 -0.0186490003819009 -0.0369469291464781
-0.0433976526464207 0.0841834321556909 0.0285911633438531 -0.132985694115432
-0.0116833778705683 0.11052290233716 0.0731640712243006 -0.114911966699289
0.0525349123044109 0.0759231511295698 0.0471428464310809 -0.118130075179004
0.0824632768922036 -0.00543595239768971 -0.0179064132955659 -0.101307965337739
0.0473370354432287 -0.0577355280432314 -0.0526896099619537 -0.0584560719106311
0.00108027539231675 -0.0693890968150399 -0.0593077817047897 -0.0370767392804395
-0.0384538761505827 -0.0551628054302453 -0.0572437225078553 -0.0285050395719471
-0.0452325506146377 -0.0392325127323217 -0.0439736776740382 -0.0253667118391075
-0.0473568496745573 -0.0361781918078699 -0.0278509836682101 -0.0468108781722983
-0.0309723414258479 -0.0607089036967098 0.00415456978339597 -0.0660199911946806
0.0106202159268765 -0.0736599052929771 0.0554576108597868 -0.0643562787646447
0.0599690477424342 -0.0654298590722747 0.0910005512178847 -0.0039789298446779
0.0887212311458558 0.0164383198714853 0.0629569057773754 0.0484980706644745
0.042539114391326 0.0861297819291496 -0.0178386259979559 0.0376803125582492
-0.00723378098518181 0.0994519674646939 -0.0114267032413033 -0.0698367718449251
-0.0384213456080345 0.0260894713011715 0.0427789303657677 -0.164286986830724
-0.0279177082721158 0.0508372729076717 0.0705525774000971 -0.123564861124264
0.0143376482296427 0.0450251411991306 0.055958586158172 -0.112267592035877
0.0398994263358881 0.00565048895091012 -0.001686187590849 -0.100332868017429
0.0267780604072662 -0.0267401261520661 -0.0400901244958056 -0.0741809224458817
0.00386768829326185 -0.036435852257497 -0.0614880458763023 -0.0565130322788681
-0.0194650879614026 -0.0327454322197878 -0.0671620103751145 -0.0429654007966981
-0.0259161683115723 -0.0255506322940691 -0.0572079071930313 -0.0381017329488619
-0.0282996291824532 -0.0253611848150421 -0.0403525651087 -0.0590833949923665
-0.0179050454482303 -0.0401881939161152 -0.00366542829353909 -0.0813328965569979
0.0104767755791308 -0.0496568335582105 0.0548574422362591 -0.0780523065710942
0.049317079940438 -0.0366272776411398 0.0935626617916596 -0.0110135061902517
0.0559769119453114 0.0277231519406725 0.0626728953872111 0.0438021678627073
0.00831186409080332 0.0613863959159793 -0.0156409413161492 0.0282907595790953
-0.0263960365203214 0.0488123643700155 0.000383032412516566 -0.0877615571312234
0.0288797073522886 0.00139590326926905 0.00263377372355313 0.103632995062779
0.00998993860838034 -0.0283301160510537 0.0431904263498142 -0.0173379647731052
-0.0197184886549144 -0.0180261963022744 -0.0585008634709929 -0.0581507310595833
-0.0212439664124314 0.0107989271386557 -0.110762610870705 0.00699867404361591
-0.00255932113048897 0.0178667406535218 -0.0690655011228788 0.0928528225197687
0.00296525342305345 0.01296616799413 0.0054056475462352 0.106494832054467
0.00637244740134469 0.0133028335152339 0.0463527943187385 0.0744716766476795
0.00380170227397832 0.00841757849020457 0.0641806578337541 0.0478473837073621
-0.00508359792451849 0.00823801421693717 0.0726620665123804 0.0418898020532621
-0.0113239086629286 0.000108691799801624 0.0694837764467619 0.0545996308747004
-0.00596497790300407 -0.00620453054883273 0.0458271357626166 0.0763186281807491
-0.00239319014969783 -0.0140223077455508 0.00894286757325388 0.094555187263333
0.0196357543542979 -0.0129326046741733 -0.0454435450543504 0.1050242926997
0.0369222039068143 0.00844879516972111 -0.0789539827671335 0.117060386828293
0.025941315262846 0.0302788630116013 -0.0474938880886228 0.165058394335764
0.031662902113281 0.0512411762848375 -0.0116882763763732 0.100434851353468
0.0384838500454979 0.0111256002605601 0.0448746423889082 -0.0165282049191617
0.0201454680571225 -0.0141377272007533 -0.0557676952635176 -0.0680022650760475
0.00494571663365481 -0.0178510283976177 -0.117807614476913 -0.00482240850251689
0.00237207843461105 -0.015221036709422 -0.0810182328105257 0.0903931044654758
-0.00914162644937985 -0.0166821076705077 -0.00470065408212893 0.106750346224007
-0.0176920073209739 -0.00640496908295732 0.0389122099041829 0.0749257135727631
-0.0189555351233338 -0.00807239735541666 0.0582879383264641 0.0475311108567919
-0.0262459909674611 -0.0128184248439011 0.0680774496498748 0.0358118696992693
-0.0192328492855606 -0.035015123489679 0.070776306709993 0.0443532719346988
0.0104609728600783 -0.0399332314595737 0.0573995130400212 0.066084616785538
0.0349599425867865 -0.0338678032943897 0.0282802861670736 0.0917389982746098
0.0604887755024112 0.00840439661544086 -0.0243297674972524 0.106562645670858
0.0532200852344626 0.0636578650307139 -0.0605690645499102 0.109845023882984
0.0240471936820248 0.0913293546884103 -0.0395673185343681 0.142117350050956
0.0221816416853378 0.0973759036597707 -0.020808305367366 0.0777038580624477
0.0574598005369275 0.0615214532099569 0.0477201705271434 -0.0251447764393751
0.0618226248189732 0.00321961930997548 -0.0463483939993635 -0.0841882378915632
0.0401967040946469 -0.0409537324261742 -0.119283794196988 -0.0247222856827673
0.0131859176495704 -0.0493470136681166 -0.0921109922249998 0.0767816137266435
-0.0163493928938388 -0.0487577486880657 -0.0185532757901289 0.0963788351297262
-0.0380462569496314 -0.0289425763466786 0.0244775152840294 0.0663847907072239
-0.0387891186487918 -0.0233369667006842 0.0440301725179365 0.0402445642052061
-0.0445328594794576 -0.0277561407658483 0.0549102579619614 0.0224908839190938
-0.0303850659097468 -0.0606280478273921 0.0662399824260832 0.0234496674322185
0.0145910524739591 -0.0694064290604606 0.0689367435641982 0.0417626425787348
0.0579147282581283 -0.0612285342574085 0.0549262666637155 0.078275125965926
0.0976935860111497 0.00962414453982349 0.00613196916782412 0.103475347548403
0.0766095661004809 0.0972595623216456 -0.0419090217652521 0.0990954305501103
0.0285030899014358 0.135415793265303 -0.0301343677291121 0.103264460387968
0.00377954290786072 0.130174498570026 -0.0215986040780481 0.0352452177207475
0.059733144833056 0.111577764198775 0.0525220886595916 -0.0426189455110577
0.0947006159612274 0.0327255260928208 -0.028505448629302 -0.102342548971276
0.0786569610840385 -0.0515047489950841 -0.109172630249582 -0.0511467872665851
0.0293564901909309 -0.077031472468714 -0.096602754987844 0.049824562675792
-0.0177500441169591 -0.0764650141057617 -0.0341146979836967 0.0728134554772969
-0.0521761343447617 -0.0491571249726179 0.00342012626726182 0.0492205554740318
-0.0537397589270964 -0.0351480618226286 0.0234050311844867 0.0277300476628493
-0.0571315366687119 -0.0364501693130458 0.0356858875413239 0.00548415599599174
-0.0405700411012638 -0.0740988860786502 0.0547069880467648 -0.000745186337508482
0.0111499649898808 -0.0888327489937532 0.0727313369418972 0.00993917346911842
0.0644443699129551 -0.0864130552131381 0.0765377930700712 0.0546708202929496
0.120032316773425 -7.20250932086685E-05 0.0347397848450379 0.0908681234133982
0.093430877643024 0.108825239555557 -0.0267644312874922 0.0844555745335943
0.0329904373774784 0.15694883362628 -0.0247494101019523 0.05630865455989
-0.0179689696489264 0.140551060530994 -0.0122215823351123 -0.0209101462860174
0.0445775127954426 0.144050153609778 0.0585767637737979 -0.0683018655074528
0.105195058506367 0.0644042747925369 -0.00379178706877358 -0.115287952640723
0.105016257457082 -0.0445846988923578 -0.0841379193589781 -0.0761144520064532
0.0449283973307563 -0.0887372043629269 -0.0889411759134592 0.0118676759282397
-0.0142838849522693 -0.0913437041067384 -0.0472993831820043 0.0382926695401295
-0.0571979881400874 -0.061904673098977 -0.0190211741792889 0.0244348406997295
-0.0605912858497094 -0.0418816449250276 -0.000141041509975271 0.0112512717727031
-0.0626059163285375 -0.0392728007645997 0.0127102931268686 -0.0124584830340215
-0.0457817156722465 -0.0766598543884921 0.0365954002081249 -0.0249475220542403
0.0061722910082259 -0.0948550239619849 0.0677955296438555 -0.0215205605224359
0.0627094731651813 -0.0957206907735121 0.0867669543372105 0.0282853454178823
0.123411933280852 -0.00591901540678051 0.0529557242132937 0.072911512029827
0.0938813049595342 0.105687612511226 -0.0196939979765917 0.0675471383970951
0.0298865728847503 0.154779586493455 -0.0228469104071292 0.00816838341214992
-0.0344353521013767 0.124224888196454 0.00510836593941825 -0.0799861895270958
0.0178495570649532 0.143191134782373 0.0646851902450018 -0.0934671456026153
0.0877712037438493 0.0810803984896572 0.022830181646774 -0.119280150005001
0.105660536192489 -0.0258473329317568 -0.0501162100304267 -0.0925966455257454
0.0509939855030333 -0.0806892364330951 -0.0710505522863349 -0.0259875802416854
-0.00789008992433777 -0.0879000561361559 -0.055067222906349 -0.000800065631803056
-0.0525199417601711 -0.0626072621476269 -0.0404336260534356 -0.00230947814945322
-0.0574568161253939 -0.0420777728526537 -0.0231998464805224 -0.00651550188527314
-0.0590863850897144 -0.038160486141712 -0.00930968765707394 -0.0293765629043065
-0.0423577347098744 -0.0697448432181959 0.0180630039857679 -0.0459296215128416
0.00519791245185985 -0.0884145961542101 0.0586391162506425 -0.0463680959659638
0.0595737684475555 -0.0873737389317483 0.0890959813447512 0.00713752376639662
0.110175681737876 -0.000418667333706505 0.0612012980636939 0.0562573187144128
0.0746618914828805 0.0967926405839911 -0.0175119964935909 0.0511977847647519
0.0166898792756706 0.133211445691698 -0.020363819271953 -0.0344245469811239
-0.0401610444793106 0.0827266811319415 0.0242290333873733 -0.129603833288028
-0.00809343179051561 0.107396254145285 0.0683588140508703 -0.112130871081819
0.0530010729788821 0.0716191571186112 0.04332243645703 -0.115657230764357
0.079579051541547 -0.00828151319946992 -0.0198316801433874 -0.0977250640712269
0.042971099388762 -0.0576379625110704 -0.0513033595717038 -0.0553280041466859
-0.00191667146485993 -0.0669291491359678 -0.05934514574334 -0.033859610286221
-0.0394419828216764 -0.0509321719109281 -0.0574778808242887 -0.0248110494200656
-0.0452813094663592 -0.0359201608603013 -0.0431751876925442 -0.0220494120028325
-0.0471639371481497 -0.0328482057125058 -0.0282461119179317 -0.0443247242707318
-0.0323386214826622 -0.0570570379910277 0.00236595301813018 -0.0635965792229089
0.00698149252411748 -0.07147767482393 0.0520121805648343 -0.0647660141892618
0.0545996750471647 -0.0654085500079796 0.0893337596368237 -0.00658655954193257
0.0868819794526199 0.0129000422305144 0.062465813138552 0.044862872488176
0.0442428521285142 0.0820023342789439 -0.016358518114315 0.0373992197058143
-0.00401312837554069 0.0955938033726139 -0.0146020254714556 -0.0655813648363311
-0.0364856953170312 0.0265693123845087 0.0364440502723354 -0.160395267409156
-0.0255565431851199 0.0500561737584908 0.0658406973821246 -0.120667543634958
0.0145751330113846 0.0432466494135646 0.0520298186010738 -0.110976934463198
0.0387881363500503 0.004307368897478 -0.00378537466189588 -0.0975875687169226
0.0245924107801787 -0.0264759405176314 -0.0403852119533858 -0.0710882186059216
0.00206098153077065 -0.0346259228980322 -0.0621337212394947 -0.0529531913010159
-0.0200963975353218 -0.0301818115070268 -0.0678383675083629 -0.038573416962317
-0.0257359099725951 -0.0235974561945051 -0.0561482797727061 -0.0337532669677884
-0.0279646715568779 -0.0233964980483979 -0.0405998655237457 -0.0553635524901236
-0.0181842311132193 -0.0384471751367518 -0.00597716017923272 -0.0785853841630308
0.00822972202024606 -0.0486166829758163 0.051231791467734 -0.0777553130483452
0.0458781882372597 -0.0371847640368661 0.0914225689051597 -0.0140935266115231
0.055383996397066 0.0246817489108949 0.0619493072405939 0.039775151001456
0.00985649286890072 0.0594238916906992 -0.0146285918564238 0.0287376560252575
-0.0244630451465626 0.0476044325800555 -0.00349359960593397 -0.084024957585361
0.0285621018849709 0.00187628840489924 0.00463970406825042 0.100712833278493
0.00951227986846263 -0.0281169059871408 0.0430271106010272 -0.0174843250161841
-0.0193043884058126 -0.0172537108738707 -0.0578870677151169 -0.0555391298419546
-0.0205111989248024 0.0111874270588767 -0.108477643051984 0.00860223017441236
-0.00207799385326874 0.0173880654539238 -0.0659774057116992 0.0916418868767931
0.0035308511890697 0.0127673084937562 0.00829253466420348 0.103347960462062
0.00648105042263524 0.0127021863032561 0.0468899608871545 0.0713844272576383
0.00411852260285286 0.00784558811990014 0.0635596916274159 0.0448266580811472
-0.00430330861440928 0.0083941397983594 0.0721348488125174 0.0386096930161114
-0.0113975870918409 0.000796360051789101 0.0692956121710972 0.0521561652621343
-0.00601351374318164 -0.00603197749421303 0.0466670301962875 0.0740254996799429
-0.00255275888650606 -0.0139446990687166 0.00950951029978617 0.0918189045705452
0.0190989042489449 -0.0132498474946015 -0.043704485353967 0.103606522864439
0.036320519293963 0.0068719452075713 -0.0754599715051869 0.114672489288648
0.0256389502240729 0.0290272027188511 -0.0431975030495685 0.160831386934221
0.0316728604529904 0.0499156717941633 -0.00883012606573174 0.0979477676635386
0.0379359352280286 0.00974181242287552 0.0444064511260701 -0.0167661644754937
0.0192940101161601 -0.0141617489125247 -0.0550676425933318 -0.0650005799910969
0.00394256398856523 -0.0172638051565838 -0.114897477047063 -0.00235073208412981
0.00224842657288399 -0.0146781739490826 -0.076935904513212 0.0898057517786705
-0.00886646319523811 -0.016102352190132 -0.00179853053066337 0.104174901231217
-0.0168494403541537 -0.00603497999915823 0.0397361210830487 0.0724579624018929
-0.0185318986199901 -0.00746118410855668 0.0575830083999948 0.044181335365317
-0.0254140381840352 -0.0114012925355564 0.0672263952749588 0.0328751053496129
-0.0196491942896035 -0.0333457831405463 0.070600432288754 0.041696615097838
0.00897615243700955 -0.0395451231931362 0.057921558728282 0.0636344599733069
0.0335400772250709 -0.0333630754720936 0.0289330609287776 0.0887194168303822
0.0591069307426679 0.00685331953207366 -0.0234774113162916 0.104270558258721
0.0533443164454604 0.0607822418724748 -0.0580793802375904 0.108115919637375
0.0246461639998417 0.0884720915399788 -0.0358694109607805 0.13911806920077
0.0230860674602498 0.0945785328184265 -0.0180815255519282 0.0755326984477922
0.0573739541981759 0.0585436004355228 0.047398751626331 -0.0253420522047652
0.0598251211851852 0.00239554057503463 -0.0456061494745288 -0.0814740454795481
0.0380458494616625 -0.0404272465863515 -0.116575350216004 -0.0219463620951502
0.0117453879262601 -0.0483988706277834 -0.0876514237290838 0.0762986725378881
-0.0170639973425294 -0.0470694921709673 -0.015545196689347 0.0938643693445042
-0.037780164792427 -0.0269290895778609 0.0250481124887649 0.0638647989027148
-0.038097274970334 -0.0214616445807929 0.0437635306552567 0.0381658759411788
-0.0436754032320475 -0.0252836994439587 0.0544625898967787 0.0204413243860705
-0.0313673373448462 -0.0577641100148969 0.066378553728567 0.021597083413238
0.0123495849738216 -0.0685265483413542 0.0689560404354179 0.0394637405828497
0.054298082903227 -0.0610864664378737 0.0552001151997718 0.0756916758587751
0.0952947676742028 0.00765913958139557 0.00631040960503911 0.100685626604718
0.0763969585929869 0.0932738081642615 -0.0393769371372926 0.0972151444130147
0.0300543611427727 0.131285916765163 -0.0279792507282331 0.101562202427202
0.00527334928743895 0.126886656241427 -0.0196179698452577 0.0348550266643381
0.0611461558761498 0.107019769678738 0.0517591136146499 -0.0425228773557484
0.0921456170034162 0.0304559820463663 -0.0286245722668519 -0.0987737510753424
0.0747282467744612 -0.0520806719382405 -0.106992769487951 -0.0476867785504143
0.0263469905551978 -0.0754210903280907 -0.0919496523547515 0.049513105866187
-0.0195086362691381 -0.0736167402839595 -0.0310587859590321 0.0715192481673941
-0.0518979554499228 -0.0458749609854039 0.00464030465232809 0.0478840529162294
-0.0529821124034769 -0.0326789147679669 0.023741114936597 0.0261943697991894
-0.0560018651849108 -0.0337315357202178 0.0347713810180699 0.0046542051253441
-0.0420268339709385 -0.071088745483759 0.0540147196079448 -0.00235420670957965
0.00835406941657432 -0.0876870035511588 0.0718511381511824 0.00829048719633292
0.0604348669187605 -0.0853743164722247 0.0762462828185492 0.0521835656804508
0.117167621024533 -0.00241832456601759 0.0341566938604254 0.0877336706077829
0.0939652047762991 0.104103034278047 -0.0253159371311187 0.0825176632264855
0.0352337197094838 0.151699652487429 -0.0236061129695477 0.0556540313068749
-0.0158431056149945 0.137221823926706 -0.0118977859838068 -0.0203080989154109
0.0464978394787964 0.139643479640913 0.0569390001878105 -0.0667779901040287
0.102834084236984 0.0612439465580926 -0.00451095719227688 -0.112111388273382
0.100318919688003 -0.0455782512084858 -0.0828512432399122 -0.0729775610017589
0.041048403252636 -0.0872624092074822 -0.0853163434629274 0.0126405162931424
-0.0161537854516829 -0.0881315625230074 -0.0446939328939271 0.0374950082946218
-0.0574038656467679 -0.0579462796108014 -0.0184928245641099 0.0246253598499886
-0.0591610795310892 -0.0393372849410986 0.000624463913560571 0.0111165167996659
-0.0616452717662725 -0.0362770183664252 0.0121048737708141 -0.0124819182059745
-0.0464509634958044 -0.0728160548383369 0.0360468313297339 -0.025435735649316
0.00334824167225953 -0.0931410863837471 0.0660625415980403 -0.0220923726007081
0.0584531808053866 -0.0945699360690024 0.0863519931128603 0.0255632604686371
0.11990186211415 -0.00819746068540414 0.0525090522060621 0.0701325604964013
0.0939683833306494 0.101205331720826 -0.0181661422790657 0.0660722668469185
0.0317494096149239 0.150122733973032 -0.0225576797481728 0.00927853538362103
-0.0320377343866155 0.120874926395603 0.00432721233995998 -0.0778142394609364
0.0201522411175806 0.139366292264139 0.0628983959193478 -0.0913809653417512
0.0864809160789145 0.0775114930226124 0.0216077202570033 -0.116787580867939
0.101360566843246 -0.0273121697016625 -0.0495370096596921 -0.0900550468627993
0.04693355656636 -0.0796015829515312 -0.0683563357137797 -0.0246080787613992
-0.00992875441025673 -0.0851682246312187 -0.0538244867450236 -5.04269747901982E-05
-0.0528236200466378 -0.0584301709072101 -0.0397208955435489 -0.000288618409596437
-0.0568409692851122 -0.0392357105735664 -0.0224821957099962 -0.00517693336732317
-0.0580635656132759 -0.0350773130559199 -0.00954694607018058 -0.0282606069973714
-0.0428241948699225 -0.0670815308849613 0.0174712909262868 -0.0454025845760183
0.00235574540930641 -0.0862127859357216 0.0567010857534 -0.0468767135984948
0.0552969768280748 -0.0863958551437656 0.0876630882741484 0.00514788587344402
0.10744678007606 -0.00307304973342084 0.0597417649151783 0.0540120768788918
0.0748786597502015 0.0925452608084345 -0.0163764119560173 0.0500060895981834
0.0184972831197624 0.128964581037597 -0.0212681593330259 -0.0314033086654776
-0.0380521645349177 0.0808292019432663 0.0215182058195073 -0.126961063981585
-0.00545867402630009 0.105014722718648 0.0659677714533012 -0.109464016194832
0.052428254917789 0.0691548924221468 0.0416278505581406 -0.113779008827613
0.0769106316997025 -0.00939331485553098 -0.0205134837187185 -0.0949166447670537
0.0398991057474097 -0.0570313715956101 -0.0500081551523036 -0.053452883196417
-0.0041018830108488 -0.0645627914138457 -0.0589741631632994 -0.0321546001055799
-0.0397515831911631 -0.0476838983714669 -0.0569632028220172 -0.0220361201219386
-0.0444868820683816 -0.0336106069549689 -0.0417868040463723 -0.0200124223608006
-0.0459682256156522 -0.0302819613831695 -0.0280497403745328 -0.0420643682392949
-0.0325967346063253 -0.0546293618259824 0.00156153464765242 -0.0619691075184787
0.0049547552692909 -0.0699711271604851 0.0494218210265056 -0.0641641929299991
0.0512552661896978 -0.0647344218393673 0.0876715567557113 -0.00849023385580265
0.0846698733328916 0.0103133999506201 0.061100089661732 0.0424086254200554
0.0446746696377432 0.0790373921908901 -0.0156900031533021 0.0373856376828812
-0.00255324768165625 0.0928649873561403 -0.016095817795431 -0.0623665806486825
-0.0353370323287898 0.0263183127286367 0.033157872874292 -0.156249708341048
-0.0239975913384389 0.0493885519052078 0.0627409285380169 -0.117069158308398
0.0146432446566332 0.0416284261338029 0.0497543072619646 -0.108989319970067
0.0374753587570948 0.0036135697511578 -0.0046430663612124 -0.0949503128925385
0.0229687757450343 -0.0263922263888038 -0.040019809123458 -0.0691740939449728
0.0013108255090974 -0.0341619928826318 -0.0627240225800912 -0.0501434514546419
-0.0200373655501809 -0.0287488049120635 -0.0676369910452819 -0.0350934404519394
-0.0254470781088257 -0.0223288465818648 -0.0544599019470495 -0.0309184974889803
-0.0279745491089717 -0.0220364183096816 -0.0403631299980503 -0.0525941008372103
-0.0188130475856648 -0.0368557528672363 -0.0073732810949449 -0.0760777974258655
0.00696938324490125 -0.0470857820750397 0.048421133470698 -0.0771620847874936
0.0431827270570882 -0.0370994100017066 0.0891119294621199 -0.015351819464017
0.0542931251984754 0.0230340605566111 0.0609213513802848 0.0375687408243618
0.0101731342072411 0.0574347872816039 -0.0140141391876056 0.0289077262189761
-0.0238378853887054 0.0467368925087677 -0.00542562751356708 -0.0802025914361256
0.0290036718822342 0.00163535652934709 0.00571258718446221 0.0989146733353621
0.00914274792597689 -0.0281624896113649 0.0432318874616864 -0.0183685868572637
-0.0189779921456208 -0.0173530430264442 -0.0569746459211699 -0.053456562230208
-0.019997638526512 0.0108569321350234 -0.106382384569458 0.0105231431241145
-0.00136159905871682 0.017221898659084 -0.0634206481058731 0.0906971224415791
0.00434701801880771 0.0124786778504839 0.0101959344871968 0.100436935273826
0.00706862667936545 0.0120755265163217 0.0475260389302777 0.0690774952759593
0.00409656276783915 0.00719746247151197 0.0629601130210117 0.0421536343356768
-0.00360251814648042 0.00845999204279809 0.0721584370409415 0.0358330911919457
-0.0110208499807122 0.00108088306622693 0.0702001302872292 0.0496546712491243
-0.00599459374064513 -0.00593687164274078 0.0469445236027937 0.0725382416062828
-0.00222750091098732 -0.0136908373318127 0.0097095591566637 0.0900927203394111
0.0188818341630436 -0.0130105743831258 -0.0428656337098109 0.102254678681077
0.0354602515058174 0.00585926381504553 -0.0724734598470569 0.113313958515672
0.0250432464846955 0.0281903185975187 -0.040336715313967 0.158299132912969
0.0317851118884166 0.0492551368532336 -0.0070245730694531 0.095719124867285
0.0376594744439086 0.00894333106179559 0.0451007252498947 -0.0175861123171587
0.0187052610495147 -0.0145750080489323 -0.0535783452555608 -0.0630079166426828
0.003370114268625 -0.0168564893966484 -0.112997016003404 -0.000845601619074954
0.00182377144055926 -0.0150458966425392 -0.07393001650619 0.0888256283400016
-0.00863615529816836 -0.0151809888573891 0.00110078047146407 0.101403099242088
-0.0165301500117074 -0.00590564553987725 0.0402903033668912 0.0701307312794304
-0.0182316682187481 -0.00749113112964632 0.0571329233831071 0.0418315884020882
-0.0247284364823764 -0.010200163058646 0.0666073196494792 0.0307740485618195
-0.0207290621170708 -0.0320716371124715 0.0710629828931373 0.0392080508106841
0.00814584729707187 -0.0397506676568197 0.0583032644656239 0.0621662066811896
0.0324976796024692 -0.0334266887978384 0.0291623076942182 0.0870845722784121
0.0589242264111526 0.00576263551123638 -0.022550693247267 0.102820304123546
0.0532556101568887 0.0590581602179794 -0.0558206959295517 0.106248378569374
0.0251135872947157 0.0867136807051215 -0.033000710296644 0.136226495158101
0.0238539413512626 0.0926931270309753 -0.0164823941683655 0.0737980263436465
0.0569155109798985 0.0566786692070158 0.0481713473216746 -0.0251878847625945
0.0585806942219255 0.00116851256610786 -0.0445349681239932 -0.0789256881983062
0.035572193028217 -0.0402376025919305 -0.115130874965162 -0.0203679318427097
0.0102318247454243 -0.0476344327171604 -0.0839330837707144 0.0753493198351793
-0.017880815084034 -0.0456078138877564 -0.0133444614391947 0.0919587716058467
-0.0371622250148074 -0.0249656224862922 0.0253682413456895 0.0623512203940992
-0.0374407714550717 -0.0207226367259511 0.0433255966207485 0.0359783020670093
-0.0428804972383022 -0.0242413854769446 0.0538200444116631 0.0187184139720685
-0.032368485628415 -0.055645837649733 0.0665369820722201 0.0194730623115616
0.0103635160167249 -0.0682542718927583 0.0688295859033723 0.0380368143558369
0.0520077621883476 -0.0609331104048578 0.0547916033149858 0.0734257247854846
0.093998103019946 0.00513086787953556 0.00627309034347275 0.0994514860603894
0.0770366566242943 0.0900420529153828 -0.0374869202608866 0.0959174523975781
0.0309694514830292 0.128307983000098 -0.0262300095673888 0.100206489432433
0.00639227838061871 0.124783014826174 -0.0184153011713013 0.0337243079695574
0.0619171254736608 0.103978919800243 0.0520850923196633 -0.0423946265663896
0.0903112478662265 0.0292186787930213 -0.0285655278572981 -0.096782594256606
0.071086404038474 -0.0514520178171654 -0.105845561728726 -0.0458838133636339
0.0241675204927211 -0.074687850751652 -0.0887626354295849 0.0494352179546896
-0.0207201902578685 -0.0717660655079856 -0.0291743338539792 0.0701887436424347
-0.05191144897344 -0.0432842974763959 0.0047704782180461 0.0472116708101223
-0.0519397568981469 -0.0311214663671031 0.02401727576338 0.0252471685462106
-0.0554453501321636 -0.0315032420954373 0.0346250861760139 0.00388964377427948
-0.0430374852664564 -0.0681839225537806 0.0542382828640585 -0.00315076398461985
0.00611023491541264 -0.086979342526898 0.0712957840506007 0.00733152784207003
0.0572671453062526 -0.0841694058056296 0.0756064886802274 0.0501297135530722
0.114906534820588 -0.00478594371256144 0.0338463801363313 0.0863471814352208
0.0937098906460034 0.100772744763091 -0.0235903122212502 0.0814943983326093
0.0362650824141046 0.148513086639577 -0.0227160820786341 0.0559613065699226
-0.0152684660105518 0.135341759792503 -0.0105271679658679 -0.0199178034511169
0.0485690148341311 0.136219051640572 0.0567960229097257 -0.0659135413829381
0.101593015577465 0.058841836558414 -0.00452473047273486 -0.110674654353211
0.0970777451278969 -0.0459175800940947 -0.0817647143960795 -0.0712715265285074
0.0386335285563073 -0.0859329202669354 -0.0821253092757014 0.0131056687452619
-0.0178120213264001 -0.0855070400490182 -0.0431811032279267 0.037151142326601
-0.0575175593296609 -0.0546296321165738 -0.017900855150113 0.0250807921320994
-0.0586496277972206 -0.0368541849005884 0.00129022486361941 0.0108073574012447
-0.0607565821485204 -0.0340683467431238 0.0123240946830672 -0.012392925506778
-0.0471094283064763 -0.0699324045515062 0.0358548461045677 -0.0255822987563047
0.00162802457814064 -0.0919610357761152 0.0650486517184329 -0.0229056536052438
0.0549567275074927 -0.0934371422919204 0.0852648982279132 0.0242970937269966
0.117395048058101 -0.0105951155534665 0.0510616499514452 0.0684024014394269
0.0936464455659654 0.0979362259215747 -0.0173809932600061 0.0651530782323111
0.0333365684592815 0.146634270935254 -0.0224067874812055 0.0107173274443869
-0.0299972051458514 0.119129349476697 0.00415732613347706 -0.0766768560461283
0.0221035749692051 0.136447963816696 0.0620114622653994 -0.0898330249936004
0.085465736743106 0.0753403641305262 0.0204528348375121 -0.114651340151439
0.0985093658789519 -0.0283782447822973 -0.049431613705417 -0.0877090827327057
0.044207729965067 -0.0782932219259372 -0.0659668046923123 -0.0239473681617439
-0.0115870911128215 -0.0824858042911893 -0.0529457398893402 -0.000155068773190594
-0.0525244415916929 -0.0554489105265101 -0.0397309070949115 0.00109373202732922
-0.0561180325637114 -0.0371481584751008 -0.02167772109244 -0.00456840618381282
-0.0573776279263824 -0.0328053716495922 -0.0092669959313753 -0.0272321790917345
-0.0435992749048429 -0.0646780646359567 0.0165963239110691 -0.0446433034117229
0.000517535420096557 -0.0845615829281522 0.0550287024737486 -0.0471256484873213
0.0517942491265779 -0.084997866634287 0.0874829420056056 0.0037142098190275
0.105036226425672 -0.00473764407901416 0.0589893390549298 0.0513849087148284
0.0745037300008572 0.089142322546506 -0.0157463629436731 0.0501424496966071
0.0196234959753723 0.12567822959772 -0.0220770888495553 -0.0291846073581849
-0.0364901170223013 0.0799382745159627 0.0201909110783356 -0.123957843872605
-0.00362029377997542 0.103077663862792 0.0645434444061887 -0.1075128448239
0.0518486001461503 0.0674404135683032 0.0403172142913315 -0.11243585580424
0.0748759953395905 -0.0100025738121851 -0.020649206575551 -0.0934086825635873
0.0381124289801292 -0.0566821464043828 -0.0487623563616508 -0.0532610246085608
-0.00529222493260396 -0.0633632121342073 -0.0587258636711172 -0.0310290809347258
-0.0397927595251964 -0.045551287108535 -0.0562507711539062 -0.0198012647840231
-0.0447130067812036 -0.0316813248605462 -0.0402337267257371 -0.0182507931572956
-0.0453820583560249 -0.0283920571559803 -0.0277266117466053 -0.0404450514348414
-0.0331079931602543 -0.0524943296166904 0.000848430028094399 -0.060930427262939
0.0032873468706055 -0.0688833713278095 0.0481134516463871 -0.0640185502064232
0.0483996156577642 -0.0638844539084721 0.0865961359348325 -0.0102249526481392
0.0828708201700601 0.00859821103553205 0.0602092846718052 0.0403976918761993
0.0449760654595469 0.0766769122286595 -0.0152327762791423 0.0373305262935703
-0.00156085139656144 0.0906711359343145 -0.0179295903373402 -0.0598545944337224
-0.0346758708741726 0.0256483153539136 0.0305386190344769 -0.153569762679383
-0.0227127148579981 0.0486563950769026 0.0618385506995578 -0.114603961076975
0.0147868419796421 0.0411044023668905 0.0481846657852256 -0.107484931105045
0.0370374742640972 0.00275363086973454 -0.00504884466034843 -0.092957073098445
0.0218604989117194 -0.026330988794934 -0.0400612528942909 -0.0677774812856877
0.000716856740637249 -0.0330175245207668 -0.0631304537375384 -0.0490856365375637
-0.020292047142005 -0.0278843167483152 -0.067075728869301 -0.0319006117316537
-0.0254620179306362 -0.0211674458515271 -0.0533577993680556 -0.0283694049018665
-0.0276683876657961 -0.0207098685441278 -0.0397539681760338 -0.0503767398645104
-0.0190797932005098 -0.0356676768612462 -0.0078689586093239 -0.074228544755339
0.00572415141759585 -0.0463533621538579 0.0467384390453907 -0.0765931166530076
0.0415324981653198 -0.0369945251440289 0.0879347429931051 -0.0166925345652162
0.0530173644438254 0.0218093972956818 0.0598676866782761 0.0360272209228977
0.0107386359719349 0.0565504621796497 -0.0137162455934772 0.0284637168502698
-0.0229146971174465 0.0453435422285516 -0.00780064733682022 -0.0774393856402334
0.0261266750682595 0.00648565218674313 -0.0121918281535877 0.0967864525552549
0.0131004971116443 -0.0246578924729555 0.0474027620862813 -0.00887863618232623
-0.0135064303177188 -0.0202200235481497 -0.0424491125668626 -0.0629159173101906
-0.0198434753525975 0.00592432213935421 -0.104798138099293 -0.0106697124723214
-0.00402357107427236 0.0142360655062632 -0.0787667037866976 0.0746863438019331
0.00161900248663947 0.011132730597072 -0.00958641166027099 0.0987846377318376
0.00494589254282604 0.0118784437562422 0.0324424784268106 0.0763002460371929
0.00278115756565397 0.00714302938714049 0.0509347084064897 0.0521746036180757
-0.00500190493134542 0.00740002909111836 0.0622603585433398 0.048297711278071
-0.0108642586824748 -0.001124880607185 0.0571322517527684 0.061439266510432
-0.0039295129159022 -0.00727479542959995 0.0302762249108239 0.0794414356385263
0.00143219920795943 -0.0135182956566997 -0.0100997905787418 0.0884356518286673
0.0220388905476258 -0.00794591708791877 -0.0631269976138625 0.0903690659380924
0.0333990797213259 0.0138724903241882 -0.0938231822716056 0.0965715899828116
0.0181200716264079 0.0322657946360646 -0.0741084475886149 0.147328463327035
0.0195695145212089 0.0519760350836852 -0.0247153458306869 0.0922655037801602
0.0339929726129799 0.0155867658991998 0.047256510817271 -0.00735912636233578
0.0211188678497922 -0.010410075736611 -0.0377104071628697 -0.0705948297831067
0.00698498831857759 -0.0158150500300816 -0.108268927300049 -0.0225901916085728
0.00529081872377661 -0.0152820712869795 -0.0879903989652435 0.0710921173659131
-0.00538078306774223 -0.0175086004018246 -0.0181975014058512 0.0975181102332574
-0.013794512528437 -0.00914599890530736 0.0253533631979505 0.0760041056923777
-0.0155826872999757 -0.0111967367465064 0.0467203238720457 0.051157922516475
-0.0216256255802798 -0.0146028257025176 0.0592150668762895 0.0421677323819789
-0.0132448667043962 -0.0347909485215525 0.06097959276153 0.0512380670760297
0.0156030567283621 -0.036945810236412 0.0439915757839654 0.0702701667736746
0.0385365540521979 -0.0251053587816232 0.0104355369946643 0.0886072873686928
0.0563091302026365 0.0193766321049627 -0.0424957649091634 0.0957143904596177
0.0396139402035586 0.0685752022942693 -0.0773248616664435 0.0941863285652237
0.00547814707304336 0.0884994142419431 -0.0626857069556326 0.128344061440388
0.00312525979482211 0.0916698724077149 -0.0294818543318788 0.0701294258056271
0.0438109777869748 0.0639636580411671 0.0499575113740956 -0.0142174697983644
0.0563538442975211 0.0123831442593319 -0.0270608910832615 -0.082933623671535
0.0411349049223995 -0.0313864710461888 -0.105910666970667 -0.0412921131260342
0.0198664888852965 -0.0443518745106279 -0.0951362368025086 0.0573544913193734
-0.00813185249345604 -0.0473672392095887 -0.0295825824033433 0.0861451802409332
-0.0307924602785911 -0.0308263043470896 0.0118406471493756 0.0651818675315422
-0.0323306202634876 -0.0277220401727397 0.0342391691155958 0.0428726863092727
-0.036280679363854 -0.0314170326182763 0.0482624835854581 0.0283706466613044
-0.0205472059307916 -0.059497098061664 0.0606232710372671 0.0305080335478743
0.0241895906206303 -0.0634348745948216 0.0593046225764487 0.0486107691406757
0.0625377901051273 -0.0468585891701059 0.0387473932929676 0.0803808406108805
0.0897451766362825 0.0273379672900588 -0.0124294427641132 0.0978833358088466
0.055751504330304 0.103970127669089 -0.0574052550129085 0.0882250126876892
0.00232783995047132 0.129750430220434 -0.0484217701950465 0.09434791695181
-0.0194741502169417 0.118706571741773 -0.024317412863138 0.031301901170857
0.040236482006508 0.110027381977604 0.0555417260494689 -0.0295088819790464
0.0812270821215632 0.0452467284346473 -0.0082673210594846 -0.0960119586636688
0.0767886790102687 -0.0348231465369822 -0.0915574914974387 -0.0632992953682318
0.0380208564286566 -0.0671469744452035 -0.0940643940725975 0.0314569485291997
-0.00583943815593903 -0.0723080397047505 -0.0398793051601555 0.0618625003466709
-0.0412275839372457 -0.0503726662533859 -0.00477867702688075 0.0466066891068307
-0.043936414760802 -0.0402953982707004 0.0185143585202698 0.0287454813088094
-0.0462335276949517 -0.0410140042510645 0.0325642520870727 0.00965399164264407
-0.0280236277037051 -0.0737426402756777 0.0533280284763112 0.00618053801758165
0.0231873436705079 -0.0825252267920453 0.0675518283279988 0.0182982981476311
0.0721515564802877 -0.0682849524727754 0.0642939727021478 0.0612415293374517
0.112734102492658 0.0213865044225301 0.0176645677418202 0.0903358967678184
0.0698541405266563 0.117526530552385 -0.0411476963117483 0.0772456567627504
0.00316061402827046 0.149961755057805 -0.0347734897452819 0.0511833812348785
-0.0413410252516666 0.124870531737948 -0.00752317213618234 -0.0198088777761804
0.0220634302166305 0.137904439118529 0.063066431845166 -0.0512979815294023
0.0858763010704808 0.0764616652079514 0.0164377113896916 -0.103267648429664
0.100170267776982 -0.0245623406224606 -0.0639216159370076 -0.0822144941856271
0.0536246951616732 -0.0749920046003201 -0.0814935416524954 -0.00201034096300245
-0.000574311787980278 -0.0848285051430805 -0.04744944519431 0.0271721418383144
-0.044505348618261 -0.0621793845278283 -0.0229886195616123 0.0198999816200279
-0.0492986498759163 -0.046959332414911 -0.000982136443250976 0.0106823627824952
-0.0512869965915781 -0.0440260887144684 0.0144080981338853 -0.00979403619368337
-0.0317270514289424 -0.075898721728477 0.040176177042032 -0.0196638781291913
0.0196606612204258 -0.0879549734848988 0.067700804850614 -0.0123185572698577
0.0713432170058338 -0.0772896274281852 0.0794837025953875 0.0379406608326979
0.116029049469152 0.0160721001833041 0.0394542160054207 0.0759257286157728
0.0700871776702319 0.114523978224659 -0.0307690024797512 0.0628854560842719
0.000685169449008737 0.147809913308363 -0.0247226212039527 0.0069865116961972
-0.0523090853939339 0.107106066117472 0.0172972275614674 -0.0718302470950288
-0.00337447761347249 0.134062929148811 0.0729095639931391 -0.0746953486364492
0.0672216906547445 0.0886194016332188 0.0410863210327357 -0.10362969473392
0.0982018024078509 -0.00680372111942129 -0.0294756367268613 -0.0917344783527515
0.057730389564079 -0.0656907474113332 -0.058754627009358 -0.0354873479812244
0.00464338135378133 -0.080488419988154 -0.0501194661176519 -0.0100652079376577
-0.0404994363504295 -0.061859695219724 -0.0387952282297631 -0.00775086114835541
-0.0466277934889972 -0.0467993404222115 -0.01920889644896 -0.00813027786064018
-0.047762176691248 -0.0420823484470558 -0.00388782048785656 -0.0287814659583459
-0.0297399023935007 -0.0699029915233603 0.0255385019996093 -0.0407329513607271
0.0175276991012505 -0.0813231352656088 0.0626035627902751 -0.0363438736664562
0.0663244498251916 -0.0697514417729705 0.0852509554025268 0.0185920073480095
0.103130986772608 0.0188652900264127 0.0491253075327139 0.0616175919882441
0.0536430423920494 0.102561211685925 -0.0267049405845197 0.0477981014044777
-0.00816244578870354 0.124538933574125 -0.0154067218557143 -0.0326775071918931
-0.0502155683984095 0.0690367324459733 0.0423292238624144 -0.115327328428433
-0.0212278645990716 0.0982055619810046 0.0796554769480854 -0.0916450255563432
0.0373819967887547 0.0756699029251975 0.059046278805704 -0.0978101147946397
0.0725218021276868 0.00501037856649505 -0.000931330488123286 -0.0919092222693915
0.0473938667195172 -0.045373565995993 -0.0364723429907458 -0.0594760453802043
0.00696750951784697 -0.0604345022411834 -0.050804482768985 -0.0412146693501366
-0.0295907997157189 -0.0497958159031589 -0.0513355928718386 -0.0303525968046776
-0.0367496950684102 -0.0391426808917639 -0.0351890108186235 -0.025126224957703
-0.0374171323767719 -0.036192756092166 -0.0184654404538076 -0.0448134757597133
-0.0217624565711808 -0.0568180260664407 0.0136739648498706 -0.0586326972093267
0.0164380037937546 -0.0656054271565749 0.0597485558983916 -0.0543291627632051
0.0586630460140953 -0.0507124980218422 0.0875020720238485 0.00609909678279814
0.0780451576220877 0.0263421384385581 0.0524214878061438 0.0510898892401115
0.0268661467127025 0.0834724081895425 -0.0238104869963328 0.0354983245296995
-0.0211211481418396 0.0869206109315139 -0.00480034275506864 -0.0613547189423395
-0.0367358625934216 0.0193851811663646 0.0583570524338023 -0.142228161603842
-0.0294123959858122 0.0434019965392172 0.0799139961037626 -0.0997699413318163
0.00662984860688904 0.0438153992091636 0.0657868928969498 -0.0932802663671991
0.0347464161336639 0.0105563580696502 0.0138189902211644 -0.0895517624928765
0.0260997277828547 -0.0199029784715546 -0.0254268361941382 -0.0726673593733971
0.00728630147254282 -0.0301611983977403 -0.0522161244286638 -0.0591650964827899
-0.0134289684224174 -0.0294487044698275 -0.0591487138832347 -0.0443981230889353
-0.0202530490831814 -0.0258633555604142 -0.0453503471788115 -0.0372725583581702
-0.0217589224079786 -0.0254591561032859 -0.0280295395616481 -0.0566218083833884
-0.010913503053182 -0.038043846437338 0.00770201687291693 -0.0727302821409527
0.0149336628131967 -0.0433898057675323 0.060016501084346 -0.0659239556466191
0.0466256929783484 -0.0268329707221071 0.0901741606344901 0.000695653777357128
0.0462306698321567 0.0320599328803038 0.0524015687672177 0.0479442834675012
-0.0015099634443987 0.0567898253654669 -0.020551592216594 0.026938575224146
-0.0327350219284614 0.0386150067407183 0.00871741137984751 -0.0771026722468733
0.0259561380768191 0.00676663241295786 -0.0105506084640968 0.0949053155601284
0.0130615246260036 -0.0248714872874406 0.0471889411941457 -0.0096886063020047
-0.0133966943891736 -0.0198407454580488 -0.0420211733906735 -0.0614973712354631
-0.0192928415329514 0.00577443871889179 -0.102661329133306 -0.00949061405045678
-0.00419811499325139 0.0131546559574952 -0.0762540439104458 0.0734251572517075
0.00225796470109636 0.0106854128634702 -0.00784321880862447 0.0958185533877681
0.00515864125569864 0.0113521629539431 0.0334723345932691 0.0737337732967376
0.00297456972500124 0.00661891348549366 0.0504513380826368 0.0499350460450095
-0.00414694993529569 0.00739115047466392 0.062201689182759 0.0452528873257833
-0.0108032843262545 -0.000667606885195393 0.0575180815130053 0.0587462761616326
-0.00476568130636337 -0.00706569524276462 0.0314973439568758 0.077588006788765
0.00112731843120252 -0.0136013221945587 -0.00999640426936982 0.0859612802462812
0.0211736219544797 -0.00763675868996838 -0.0618614885903573 0.0889741959255193
0.0329646658850437 0.0126187588363662 -0.0910556407464806 0.0944073469137477
0.0179857888434465 0.0318457125290831 -0.0708454078457672 0.143161010517658
0.0192627264084971 0.0504115133523015 -0.0221325855539034 0.0899143496251374
0.0331224999756827 0.0142578982435209 0.0470036766564178 -0.00870714196251897
0.0205378480176005 -0.0104925039635043 -0.0372713848015238 -0.0683339735621405
0.0058673534400432 -0.0155803004826518 -0.106086415798685 -0.0206866951504468
0.00466896248734303 -0.0149963819113321 -0.0850544576396342 0.0700905269032395
-0.00544927848285209 -0.0169427060969179 -0.0161906736307484 0.0955626949840244
-0.0135536222400593 -0.00841766213866286 0.0261011095691046 0.0735998739296497
-0.0154549775799086 -0.0110979349631143 0.0463793986491957 0.0491552724700234
-0.0208599203849375 -0.013707206181368 0.0586589119683159 0.0394063866260361
-0.013920443942731 -0.0335169656192233 0.0606141847112241 0.0490392899499448
0.0150119678227178 -0.0362776365051384 0.0441060403002823 0.0684353672888533
0.0370203627510359 -0.0247183180593634 0.0104790722435639 0.0863615602051628
0.0546807895056815 0.0182043851502694 -0.0420279079886725 0.0937966152874593
0.0397870721977202 0.0660769900351272 -0.074617327255235 0.091621841655606
0.00607333384499092 0.0858167692321985 -0.0596583772336915 0.125250622561504
0.0038442670518713 0.0899944598384818 -0.0280602749597611 0.0682468722361073
0.0439485780883875 0.0610568411328346 0.0503703600478822 -0.0143078186657079
0.0542520728156823 0.0115462113238925 -0.0260929060626498 -0.0804228625628968
0.0391822734215918 -0.0311553224617935 -0.103912074352097 -0.0389735105134616
0.0182811804240703 -0.044006145108068 -0.0918135532409184 0.0561781983139761
-0.00914257285553574 -0.0460464142186203 -0.0276265465756466 0.0840053249638498
-0.0302391419496962 -0.0294533157137942 0.0129192918430876 0.0634527905090947
-0.0317674914639293 -0.0268325730854002 0.0344831612786526 0.0415334471534642
-0.0351387675004422 -0.0295908889105283 0.0478536899994397 0.0262069168132726
-0.0214004670497818 -0.0578244049121364 0.0599944068783141 0.0288286648189267
0.0222009565275447 -0.0627378651280918 0.0587133103121187 0.0466308752691319
0.06006293749291 -0.0470313450269693 0.0387762942796422 0.0782463218177356
0.0885309917920017 0.0250217320325251 -0.0117852425035248 0.0957973933284075
0.0560189960823564 0.100606735165745 -0.0553784028349707 0.0863419213393023
0.00263879424725179 0.125675970799627 -0.0456957995170268 0.0931995491132001
-0.0184340336489096 0.115882888909282 -0.0228860713073827 0.0300104231650431
0.04086057826001 0.106847160785605 0.0553020165968473 -0.0295717616422239
0.0792792485968878 0.0433513368263984 -0.00818329587453655 -0.0930953993550317
0.073718860735741 -0.0349558661772316 -0.0898734470452809 -0.0611967145039944
0.0353600823939428 -0.0655777627499866 -0.0909793198905685 0.0311102777541136
-0.0070873700632009 -0.0701329281218063 -0.0386051891731571 0.0605462860846065
-0.0408605513690761 -0.0475646655870861 -0.00393950249500666 0.0454395608726636
-0.0431475267148903 -0.0383980440581265 0.0180391564166004 0.027139320249024
-0.0448194329774976 -0.0387057905045621 0.0319516663623105 0.00888017260674341
-0.0284723112799755 -0.0705999862736092 0.0526510450858467 0.00421378183881753
0.021205074802347 -0.0813209354052507 0.066845563478448 0.0173267643433574
0.0685009561404799 -0.0679478400883003 0.0644595694893523 0.0586451510784623
0.109722757331676 0.0193944315598523 0.0171428875300936 0.0882513628734282
0.0700781245339537 0.113636929806703 -0.0395247993202758 0.0749597081508599
0.00428468495055004 0.145616827871647 -0.0333287271679867 0.0512248729853692
-0.0393528352712891 0.121868430555633 -0.00681737565849131 -0.0197484921811472
0.0231112916566606 0.134526634222448 0.0623833570082853 -0.0510710975351502
0.0843799112121523 0.0734792913767476 0.0155507552829656 -0.101162026015761
0.0964507067133266 -0.0245048790743634 -0.062257590878607 -0.0801609723634617
0.0508441801621575 -0.0734202322954873 -0.0784705182806653 -0.00252297968695814
-0.00211336980498796 -0.0826735478995564 -0.0459411047178459 0.0269079770422594
-0.0444019167991255 -0.0591115432930585 -0.0223877020308351 0.0208391694687583
-0.0488482972684293 -0.0453588366341715 -0.000384884735626859 0.0107293198020666
-0.0496693774619891 -0.0418576410842271 0.0141049718006796 -0.00970483024910284
-0.0320030940727449 -0.0731284514114107 0.0397626013083462 -0.0195182550946693
0.017362823272897 -0.0864147109792841 0.0660783753712409 -0.0126656676746235
0.0677095703680355 -0.076360116962334 0.0782945244393872 0.0361452300537079
0.113526855372502 0.0141093087528519 0.0379967495665901 0.0738608247443113
0.069968644128554 0.111016243011532 -0.0301831547229857 0.06132909984363
0.00158893706847945 0.142989298556082 -0.0242143642591811 0.00785388369024162
-0.0502177888933275 0.1051214420296 0.017018119069959 -0.070715603263092
-0.00148352778271726 0.130387614847658 0.0712731222756989 -0.0727750879801336
0.0666689053298371 0.0864682322759679 0.0397372644632798 -0.100947302894534
0.094920693151916 -0.00841729857722689 -0.0293716753593571 -0.0891641048299313
0.0550545293197346 -0.0649817392126881 -0.0565642560482241 -0.0345436250678443
0.00305946019879612 -0.0780093336181248 -0.0497579717564957 -0.00977549236084596
-0.0398426745222385 -0.0592317665864604 -0.0385056210631844 -0.00640135755663653
-0.0466252047132021 -0.0447056755401373 -0.0186634460593963 -0.00743813215280263
-0.046587481751483 -0.0400912944813897 -0.0039855687049404 -0.0275244280629174
-0.0298198021841606 -0.0671662458251369 0.024865276457581 -0.0404722972321783
0.0154977078286124 -0.0800432223606901 0.0615011453516831 -0.0365403088732836
0.0624776749003265 -0.068905945728821 0.0840115145644244 0.0171461979396981
0.0999204570770196 0.0171408439364896 0.0483994175290827 0.0593358461921685
0.0534072725248608 0.0993290628796379 -0.0256703379983683 0.0475616404772827
-0.00729987911048764 0.120459642988214 -0.0160779857081789 -0.0307002243176098
-0.0484097379368221 0.0677987421155375 0.0412979811843969 -0.112773779508314
-0.019237211512012 0.0958836752692522 0.0780153337076217 -0.0892593371127928
0.0368460376777935 0.0736915532792027 0.0572680996649649 -0.0955755155619595
0.0706881145095745 0.00459483817439639 -0.000684859452077034 -0.0897596590181525
0.04539682629856 -0.0450772832575101 -0.0353336753678016 -0.0587457626591121
0.00657032839920494 -0.0590433834858337 -0.051010517932605 -0.0401930181436559
-0.0298335345659209 -0.0478877924572157 -0.051065006307335 -0.0284240449082139
-0.0363646553777782 -0.0375039515994354 -0.0339228551303896 -0.0238902648980943
-0.0364215795833918 -0.0343225500924251 -0.0187894345255456 -0.0430976066992974
-0.0218307938415038 -0.0544260893983529 0.01291063831059 -0.0576916516496778
0.0152191039125311 -0.064079484961707 0.0576706622075895 -0.0544843648782242
0.0552603496095683 -0.0502624622571845 0.0861617027617044 0.00443315256518705
0.0762384848476132 0.0249890459267504 0.0515189829895442 0.0492094573579629
0.0271269239044606 0.0811431160439799 -0.0230608862482099 0.0351974544330142
-0.020648338721561 0.0837667326859487 -0.00617238048383058 -0.0586150011700931
-0.0357603549156996 0.0186632349939688 0.0556968327984731 -0.138787279731429
-0.0280227988322361 0.0426930121532941 0.0775226209887515 -0.0969492806882252
0.00755081305423571 0.0427813569111736 0.0642072590585624 -0.091248597006085
0.0339618719373679 0.00979135127178332 0.013650201402359 -0.0873388038835728
0.0252716140735946 -0.019486179787006 -0.0246167799282107 -0.0716115440074759
0.00692843520387281 -0.0295651003139463 -0.0526199749685338 -0.057359199606891
-0.0138912181719233 -0.0284528141986214 -0.0589657934403613 -0.0420960828074143
-0.0201824871544786 -0.0248213004829224 -0.0441617571365343 -0.0352334118420451
-0.0213892695462548 -0.0239290713262156 -0.0276064641363063 -0.054533263705111
-0.0112413393451971 -0.0366308016052514 0.00683510974777243 -0.0710299357565327
0.0133976981669122 -0.041815413306426 0.0584546319533283 -0.0653582596242413
0.0442505939035954 -0.0267344353987461 0.0883762921145161 -0.000611691478000854
0.0453353129431182 0.0312465678332562 0.0515435999231596 0.0457466497458995
-0.00120218859559346 0.0550836953579952 -0.0204428866670343 0.0265198736701852
-0.0315961781107164 0.0383046453677763 0.00670651225959129 -0.0736360157351371
0.0253800335700144 0.00672483797436721 -0.0103288651462864 0.0926598943076946
0.0121796039001296 -0.0246391377193597 0.0471289556888087 -0.00996722782572252
-0.013453990919998 -0.0192790019618435 -0.0400684277980618 -0.0603697910980435
-0.0192115999788402 0.00595267156794611 -0.100184926372627 -0.00937351424059421
-0.00368591691637501 0.0128759447499601 -0.074729583634865 0.0717789558937321
0.00250965626940525 0.00983049123035922 -0.00745149610964072 0.0930339660518573
0.00559162026240695 0.010617876883267 0.0330709847281216 0.0710486302259286
0.00309981347347051 0.00603784438118815 0.0497572177971715 0.0477831494377741
-0.00413246940914793 0.0069039002360829 0.0613090270518119 0.0438430203373985
-0.0104864764715465 -0.000433726390101467 0.0566364965307159 0.057180323185099
-0.00499856800263192 -0.00772071785317924 0.0302504640235376 0.0760104542533168
0.000774668463121049 -0.0128974121377246 -0.0105733069030997 0.0839272508817272
0.0207922227154224 -0.00785064795611335 -0.0618645165554131 0.0863716700253628
0.0322944636124963 0.0120411901633746 -0.089998385068359 0.0905790465156367
0.0168344889627238 0.031038512954931 -0.0692995075616646 0.138499494586105
0.0188053306822608 0.0499303628597072 -0.022217904031537 0.0874362106474233
0.0323999592341444 0.0133927226386451 0.0474881004298961 -0.00871520404486196
0.0198563019537682 -0.0105269447663567 -0.0355378175673504 -0.0667248475683458
0.00573720790176552 -0.0151080063821413 -0.103681053717503 -0.020710410510094
0.00428951506389878 -0.0147635831496647 -0.0833393933775094 0.0681979020964648
-0.00536705888068601 -0.0166367293845628 -0.0159273017550783 0.0925460367919285
-0.0134223300109138 -0.00811611575013621 0.0257458415332479 0.0711804604772194
-0.014918631498034 -0.0109211462538256 0.0449197897142151 0.0476475350901112
-0.0202523763869173 -0.0134964698820729 0.0579132790037306 0.0383743939630645
-0.0137929759836269 -0.0325438016029396 0.0600192168265682 0.0471197036017178
0.0140191157123682 -0.0359254816807833 0.0438714153734515 0.0673384657757529
0.035580589306358 -0.0245255503396086 0.00964041864613572 0.0845097577357634
0.0539283203438269 0.0180874085551484 -0.0419017686645442 0.0913575282795194
0.0387891276105563 0.064365952386001 -0.0736482865228855 0.088986610179672
0.00452032596753094 0.0827736638719937 -0.0586332599269123 0.121737981623012
0.00299125063277041 0.0877590800334163 -0.0272340999612148 0.0657090309097337
0.0428691183245724 0.0598034907678398 0.0500320272702855 -0.0147040968108326
0.052549796061018 0.0112200940204209 -0.0241256298399429 -0.0787501608755505
0.0379231301473315 -0.0301486338330256 -0.101356250296732 -0.038108402684372
0.0176732583918574 -0.0424266547186084 -0.0897173745304953 0.0544481275585455
-0.00886502676980838 -0.0447754211849935 -0.0269128397559556 0.0812616093547596
-0.0292069719689351 -0.0285452832944108 0.0126405041323189 0.0619255902298913
-0.0310072381926635 -0.0259231608670118 0.0339770161894582 0.0401670386088892
-0.034042375647355 -0.0287779840926186 0.0473060780288819 0.0259052088312587
-0.0209070495842779 -0.0557770036431372 0.0599718661222504 0.0275663617516357
0.0212977539234419 -0.0617393311607103 0.0577886965217809 0.0459361097829971
0.058236925268974 -0.0458010747083688 0.0377213527057717 0.0763795430514314
0.0864976976308545 0.0245850264698607 -0.0128501361374248 0.093280178015167
0.0544524763054677 0.0984254150101216 -0.0543416655396889 0.0837147819651934
0.00133952410607019 0.122056023153543 -0.0448415323727872 0.0906903086146598
-0.0190231475330848 0.113590304947711 -0.0220722837878701 0.0287301532207049
0.0401836091150313 0.104255989960013 0.0552726279259508 -0.0289431761310485
0.0769121884323904 0.0424600992352308 -0.00640008530139267 -0.0910015670466377
0.0717822330087862 -0.0335111998634913 -0.0873066350599098 -0.0601027103530403
0.0344577194897398 -0.0646697507416646 -0.0882056961849262 0.0292621810353543
-0.00791311890219414 -0.0681245291698146 -0.0377906518283318 0.0580072900393646
-0.0397196447792355 -0.0464576637313539 -0.0044179465909135 0.0446210270861982
-0.0425444807216438 -0.0375339682539856 0.0180642221053525 0.0271803686259974
-0.0439073924177036 -0.0376249126316189 0.0323054415763582 0.00903395530769223
-0.0286906399187171 -0.0687068936097865 0.0528026893854455 0.00338905163063841
0.0200416690414338 -0.0799105601261801 0.0659036362145733 0.0168081777915273
0.066408316900266 -0.0660421690915853 0.0626034765939342 0.0578771908139447
0.107445296639613 0.018754697895561 0.0155441207890153 0.0860150124358527
0.0682542978046012 0.111137778604653 -0.0390104737443303 0.0734669577469068
0.00245677937397988 0.141407532564681 -0.0326971390130774 0.050826276506915
-0.0396885250715936 0.118998007467524 -0.00596106101663231 -0.0190478569516808
0.0233029453139357 0.131231833847937 0.0624573188772046 -0.0494808908984788
0.0819081509938811 0.0725817650520364 0.0170127818871852 -0.0985378322628308
0.0936074867520947 -0.0241357949127391 -0.0604242130749397 -0.0784829255942232
0.0490749143362116 -0.071344728230167 -0.0753424248415747 -0.00348624475018078
-0.00267279302376766 -0.0801531129487744 -0.0453224697457397 0.0251492482522598
-0.0438215925082463 -0.0563607991641351 -0.0222505873183966 0.0206479162105803
-0.0476378925562594 -0.043903266623747 -0.000327797642912941 0.00987662134257549
-0.0481014777002639 -0.0402131602718243 0.0139524023585868 -0.00870688656756058
-0.0321930706353431 -0.0707152864190949 0.0391196849163059 -0.0199822975771483
0.0161388960942575 -0.0849335641968352 0.0651364434713392 -0.0127566028559139
0.064965348302341 -0.0741326662981648 0.0773537504616706 0.0350009086531459
0.110369806531835 0.0136318326191921 0.0360045594199177 0.071759104351172
0.067970387547045 0.108061049781752 -0.0302270460824332 0.060354046576902
0.000541167399857449 0.138751676334151 -0.0235401730786909 0.00865704111925932
-0.0500894867131554 0.10252632222648 0.0178988961428824 -0.0682659918532502
-0.000878321667965266 0.127778272243861 0.0708290505825408 -0.0705957713109364
0.0651366093944037 0.0851932276634116 0.0396425522968358 -0.0979108461392017
0.0921192919446302 -0.00734705128392437 -0.0273108121486774 -0.0871718363674868
0.0531426514067504 -0.0633794978644889 -0.0540816976940919 -0.0348406295961164
0.00312625850958265 -0.0761854156217469 -0.0495938989894972 -0.00983498632570016
-0.0389776411800848 -0.0570772769235727 -0.0383545860642182 -0.00498436819795574
-0.0458017049385709 -0.0431169073668577 -0.0182438140851426 -0.00753705575407862
-0.0449582855003049 -0.0385221868154408 -0.00365206304834666 -0.0267885539506578
-0.0292372110055103 -0.06457530612489 0.0254609640826796 -0.0396744488441859
0.0144525671839467 -0.0780788623151088 0.0598444236448729 -0.0359614987687431
0.0604057239782676 -0.0671495772161354 0.0827028973506625 0.0163303367076845
0.0972771175869357 0.0163681657927355 0.0461699650131167 0.0574815174551259
0.0521294932970973 0.0967029337568018 -0.025643340135189 0.0461504662290725
-0.00795993942736243 0.116946759625597 -0.0162893265004307 -0.0286634875575751
-0.0479896542589064 0.0662792321731386 0.0412489795647496 -0.109533629297745
-0.0183395608438532 0.0936587581155333 0.0771129545035054 -0.086373325948764
0.0364227717353104 0.072443708043184 0.0572406444399966 -0.0927965870931545
0.0685396504511866 0.00432431452265008 0.000609160600216381 -0.087070231509962
0.0435216086788851 -0.0436721879182067 -0.0333895362587599 -0.0577107380297
0.00598573751428321 -0.0573124557875138 -0.0504508066377777 -0.0393701864991297
-0.0285320914172688 -0.0465144855512699 -0.0508931393755586 -0.0272094115678616
-0.0357954536935574 -0.0361487972803125 -0.0326226567306677 -0.0231078014953007
-0.0350055602074169 -0.0327427035616763 -0.0179923975905328 -0.0416297496557048
-0.0210889478874808 -0.0528080257179542 0.0129292081644704 -0.0566472077073809
0.0143324993902579 -0.0622596413396952 0.0561118951133215 -0.052682249078865
0.0537091936313266 -0.0488396671898603 0.0844615381575912 0.00443867629541149
0.0739909469369339 0.0243554840565651 0.0490849455120132 0.0479056533128075
0.0262134321510859 0.0788734011169649 -0.0229805771564416 0.034359250301651
-0.0206823303944892 0.0815561684428227 -0.00654664984757927 -0.0561008398428695
-0.0352437549467619 0.0182161948257759 0.056047722766327 -0.13462757180976
-0.0272442518152115 0.0415772403015021 0.0769002569192857 -0.0931080803157177
0.00736654731098083 0.0418825649377616 0.0637225891869984 -0.0883303170807353
0.0334796282106171 0.00958646908170998 0.0142688421332978 -0.0852947149613919
0.0246270960668823 -0.0190934521837741 -0.0233657909684126 -0.0708421506540053
0.00659260653434343 -0.0287395569930101 -0.0524914508486261 -0.0555785396732276
-0.01339480067813 -0.0275037228258622 -0.0587743402294035 -0.040263957930347
-0.0202717724375399 -0.0235647984468718 -0.0426808790285054 -0.0346670783721633
-0.0206342549697152 -0.0234444876969733 -0.0267909775689328 -0.0527332827555719
-0.0113053792595644 -0.0354638582610022 0.00726266948811343 -0.0694991627959405
0.0128544045172178 -0.0410205942631856 0.0567400429946994 -0.063403658583284
0.0429567874061121 -0.0257983531627715 0.087126245164973 -0.000686255115116823
0.0447087241895686 0.0303821709204431 0.0491399550950077 0.0450375048473458
-0.00175810829251429 0.053957935712069 -0.0200518809824883 0.0266230080359534
-0.0311535820746201 0.0372024372108319 0.00627700728868059 -0.0715029288941694
0.0257786510652669 0.00730061725354887 -0.0115239440023342 0.091515861887486
0.0125331751229564 -0.0241245502058176 0.047958655834074 -0.00992778817750835
-0.01265526980717 -0.0195646734162156 -0.038577398591653 -0.0605731855472497
-0.0190101673769663 0.00564109411466462 -0.0989877787865546 -0.0108403605399584
-0.00383400421483345 0.0124590016813952 -0.0762000101410485 0.0695248671493866
0.00194461579150815 0.00972573680812319 -0.00845049088372928 0.0910036076885202
0.00514350480276676 0.0100612095504784 0.0321457498643732 0.0697348412405726
0.00253942218084884 0.00553825907070135 0.0480201326985045 0.0478062259235642
-0.00370167475821042 0.00637234582503989 0.0601901072748922 0.0429809858798111
-0.00986711974751515 -0.000497216192068937 0.0556180267498386 0.0567857296208953
-0.00423740482706187 -0.00754467524743138 0.0292958945878539 0.0763674126106011
0.00081546076360724 -0.0128498254346334 -0.0129222011199868 0.0825797188688594
0.0210303975719887 -0.00758478988584202 -0.0634881650152837 0.0839053786126161
0.0314766654878926 0.0119681937546211 -0.090158762695841 0.08714084965461
0.0155912314704512 0.0308428004750539 -0.0706408553898333 0.134554226291441
0.0182320404339633 0.0498553179405622 -0.0230954691120663 0.0863468680213063
0.0320452495521326 0.0134256477506603 0.0483580807757224 -0.00831804346345299
0.0193027066735184 -0.00986904560447241 -0.0330610511065446 -0.0668404968374154
0.005200207762296 -0.0148480310825367 -0.101967064637553 -0.0219859873146539
0.00438999769894542 -0.014957914008986 -0.0838832951560684 0.0654175034795419
-0.00512742397369898 -0.016968422032219 -0.0166096545688419 0.0905869194002422
-0.0129581812883338 -0.00823040991714124 0.0248318367176086 0.069970930759035
-0.0146664619285672 -0.0111557082129944 0.044146392182873 0.0471626291448913
-0.0194903975737442 -0.0133386196208223 0.0567724171502978 0.0377871208698354
-0.0133767053054734 -0.0316011565443037 0.0598115644051481 0.0465788375921129
0.0138806452737134 -0.0352869975427622 0.0428173352319733 0.0676284035196859
0.034951384980313 -0.0236102328902663 0.00749271760148991 0.0834517215692806
0.0533983144409807 0.0180751231998502 -0.0441854668205603 0.0895687123652348
0.0369397394890943 0.0642298260557378 -0.0744189271143266 0.0856699792438234
0.00248478930275325 0.081634434611845 -0.0595930466691298 0.11861482486902
0.00149687617874712 0.0868340388331248 -0.0275771869387298 0.0647294068524472
0.0416378252970394 0.0591142896981689 0.0514143224059307 -0.0135768832927343
0.0510605349130333 0.0119146191962603 -0.0217728004141656 -0.0779750610608504
0.0370177857283745 -0.0289911403108292 -0.0990335732156173 -0.03994414716449
0.0176996406875085 -0.0417338791511925 -0.0891062444395567 0.0518942706404768
-0.00835026478455596 -0.0441484536699787 -0.0278096068772472 0.0791433017328417
-0.0283361246456778 -0.0279244146553893 0.0121580657391672 0.0611078917218316
-0.0302180795449115 -0.0261297546446315 0.0329034479280425 0.0396965903251306
-0.0334999824120146 -0.0282447305746127 0.0472504474291711 0.0254759495763587
-0.0205302539393355 -0.0544986613113474 0.0589926755601481 0.0274061453572112
0.0211846286006913 -0.0614920033864266 0.0572933096549261 0.04659908155618
0.0572420544333231 -0.044547440379553 0.0364084700992213 0.0755837951118077
0.08469795079507 0.0252664891237411 -0.0156750978522529 0.0921789922490372
0.0525642960973252 0.0977261212497065 -0.0560088283047161 0.0814594505448354
-0.00126780013249165 0.119691182353881 -0.0457756882889401 0.0890426333015446
-0.0215913128216892 0.112232533231601 -0.0219541880331495 0.0279860418049984
0.0380028057750464 0.102631530044904 0.0566501600416513 -0.0279817815971047
0.0748690628669334 0.0435146374082004 -0.00363042685375204 -0.0899048781491087
0.0708879196103465 -0.0317927700371194 -0.0848922191910719 -0.0613357913428133
0.0344089321806415 -0.0629246743279749 -0.0866170360635699 0.0271101810469533
-0.0066630530936979 -0.0673710668654064 -0.0383419872096915 0.056550268448481
-0.0389099193080186 -0.0454664860077074 -0.00467591934116169 0.0444930378084203
-0.0416918532570393 -0.0371092912060923 0.0180299581304047 0.0262850026409662
-0.0427751755660626 -0.0372745306058628 0.0322336930338872 0.0093707155870436
-0.0274708371471446 -0.0674184741324412 0.0523762085043441 0.0036599599898039
0.0198490455121626 -0.0791867563476007 0.065242385713488 0.0175335620156756
0.0653065126400613 -0.0646373516213573 0.0613249735542074 0.0575939584225402
0.105654960667872 0.0197533252746685 0.0130352372565451 0.0851635527286781
0.0659743652452444 0.110866852560256 -0.0398335721074913 0.0711448144304692
-0.000572443261941431 0.13852545567922 -0.03280358479857 0.0497977593755456
-0.0416175461971027 0.117254544072953 -0.00547431368203392 -0.0194877136040771
0.0209340899760927 0.129310605983317 0.0642843911699985 -0.0485205599969343
0.0792597815613517 0.0731380603001115 0.0194857927492022 -0.0964431000110087
0.0925166629122009 -0.022176614324456 -0.0578520947831056 -0.0791200901815333
0.049394799443407 -0.0698325733710631 -0.0733338243271361 -0.00553164276315796
-0.00208263501411063 -0.0789320084866194 -0.0459652820426093 0.0239095700654674
-0.0421405654419796 -0.0559042648499281 -0.0226070435659369 0.020089215611074
-0.0462289532749732 -0.0430622770620001 -2.8934488950795E-05 0.00938233955511632
-0.0466697539306493 -0.0396901689181318 0.0142110578822655 -0.00870519978906471
-0.0306142805328764 -0.0695036016506592 0.0398678827341071 -0.0196913354695301
0.0165013875010608 -0.0841599311123091 0.0647403512377424 -0.0113027251153896
0.0640464924306044 -0.0724477449600327 0.07601772529889 0.0355685778405511
0.108633381027954 0.0148783656574253 0.0335399134065621 0.0712709239785736
0.0657944331104187 0.107911162829023 -0.0313545091679414 0.0582611234544756
-0.00233133620550458 0.135907146545317 -0.0238674744552471 0.00890460727738033
-0.0518352974938113 0.100113774529093 0.0186109400877461 -0.0675487141012014
-0.00200340772083429 0.125853840952425 0.0722845166017979 -0.0681393631338666
0.0625468247299082 0.0845428984438556 0.0424278189915824 -0.0961939889503134
0.0910336946715276 -0.00628007501136712 -0.0249131589551527 -0.086810404799925
0.0533342234848461 -0.0617250824569015 -0.052276832518637 -0.0365378315305512
0.00374900479645362 -0.0744453624911947 -0.0493612861934032 -0.0110685806653372
-0.0377722916534684 -0.0559296047557983 -0.0380962700565413 -0.00493584406868901
-0.0446903111564483 -0.0427189539735203 -0.0170629227256343 -0.00749178433759104
-0.0438289899410077 -0.0384205046174036 -0.00303264178282827 -0.0261330265522641
-0.0280452507573557 -0.0638460067414336 0.0260276844205398 -0.0397196180520331
0.0147041984665688 -0.0766742319524864 0.0599769011215115 -0.034578977690428
0.0592569267165438 -0.0650243938337736 0.082112744339308 0.0168618307662308
0.0956585537686339 0.0174277301690033 0.0434125062798599 0.0575625559029538
0.049761355823035 0.095973957439267 -0.0266265919494039 0.0451931809948127
-0.0105008167938468 0.114477928698823 -0.0153761871541046 -0.0275892819956923
-0.0487180298490507 0.0642544114943268 0.0429381974186607 -0.107308900360378
-0.0194797378108931 0.0915633517661949 0.0783314032996683 -0.0828066059014936
0.0346343533396035 0.0720899031716711 0.0588418120230106 -0.09019682134088
0.0674446488358163 0.0054457681066383 0.00291614757795269 -0.086488435063341
0.0436233073001714 -0.0428644645267672 -0.0315571906867095 -0.0592036421991169
0.00673746632595545 -0.0561302307660033 -0.0504404059293281 -0.039464100213638
-0.0271530213912339 -0.0452858160425877 -0.0504890164890001 -0.026121681370772
-0.0354111553415951 -0.0359180464552502 -0.0320529605834632 -0.023117063103821
-0.0344976193942668 -0.0326955160267417 -0.0173002211321137 -0.0410294389820624
-0.0205175606595622 -0.0521126282535552 0.0143332795235189 -0.05552540246434
0.0144289659491026 -0.061223773416414 0.0558413638922156 -0.0513657564185138
0.0523621331751994 -0.0468338668387762 0.084030263802223 0.00468909410025037
0.0726440432155776 0.0247753798991667 0.0469212491289748 0.0484425053373947
0.0245558923007597 0.078354407694039 -0.0233366733109864 0.0335060881622241
-0.0222898787837257 0.0802643951135169 -0.00579961745052673 -0.0541751080037242
-0.035692189969951 0.0169415050420433 0.0582882320355073 -0.13143699503193
-0.0273242328348718 0.0407858599100435 0.0783086993551524 -0.0900380209970941
0.00668484398818118 0.0413009487981046 0.0653414891574492 -0.0858332393044539
0.0330840298140281 0.0100633374988665 0.0169876579352709 -0.0835378448564521
0.0243787713821162 -0.0187050106420479 -0.0213061517662356 -0.0706396024315153
0.00703888251813822 -0.0281988282561212 -0.0520097180342333 -0.0554522796691581
-0.0130111422088268 -0.0271663349404072 -0.0578509983106485 -0.0389822902926873
-0.0198566185004957 -0.0238142248606362 -0.041458419411455 -0.0339526369436729
-0.0200817271170488 -0.0228604440763444 -0.0254901047953957 -0.0520566931841098
-0.0105840859019139 -0.0350373072029444 0.0082893433365712 -0.0685832792479353
0.0130395838178209 -0.0399347088696432 0.0572395213934019 -0.0619359167655326
0.0423334363639378 -0.0248985745808464 0.0857076610824033 -7.60655556895679E-06
0.0435194316201068 0.0304782697018053 0.0470057534911264 0.0446867567510462
-0.00261635527428953 0.0529537087813679 -0.0204259370154534 0.0269419332312148
-0.0318410207079226 0.0361233443280242 0.00651060367854139 -0.0688787886614161
0.0262448198651688 0.00810765989869615 -0.0130078427601768 0.0925616103331231
0.0127837352580317 -0.0247305736122056 0.0492801624527481 -0.00937940066093631
-0.0129112567744289 -0.0199763027695248 -0.0368842028546745 -0.0623225741858382
-0.0192649832965089 0.00535088466769851 -0.0996843574801413 -0.0126561964291411
-0.00428907381955379 0.012572307926968 -0.0785768928578207 0.069191595827769
0.00160933161100144 0.00950314285614705 -0.0102619184588618 0.0918007300621959
0.0049043311259156 0.0101719931240502 0.031627096261624 0.070296054001831
0.00256949424962874 0.00539008063724323 0.0485725065459935 0.0489911709761427
-0.00414028729928204 0.00582864103123627 0.0607892732673345 0.0435877359176416
-0.00972250442113095 -0.000444060783366912 0.056040853655548 0.0578239177660275
-0.00419322650104156 -0.00734892546696371 0.0285363008475161 0.0779241569359192
0.00105269431131097 -0.0127346133356797 -0.0151788753609295 0.0827913855028592
0.0218125183705718 -0.00713348153399304 -0.0669546743969398 0.0834405875392204
0.031106860096691 0.0127094424775364 -0.0932746585393465 0.0849686563095604
0.0140105151134895 0.0316335692306324 -0.0738739251353419 0.133417663613072
0.0169961025655363 0.0506581853221074 -0.0247465107006738 0.086290828744682
0.032007697447475 0.0137310056551345 0.0494872751145259 -0.00755622742938815
0.019097789495422 -0.00939045268008819 -0.0312437278688097 -0.0684222475353062
0.00515398188043408 -0.0142580437776266 -0.102868680737491 -0.024578548031356
0.00435540575610619 -0.0150277671020434 -0.0863839743540049 0.0647550178633988
-0.00527211892577159 -0.0168859555208001 -0.0184427354153938 0.090631051534872
-0.0129561115194027 -0.00883258116126128 0.0245221749998356 0.0703338625635627
-0.0152061733689928 -0.0115520640212022 0.0439615568072052 0.0477350441480147
-0.0195958268099635 -0.0142839126682789 0.0575260214344379 0.0388445797673251
-0.0130335894643047 -0.0319766539426885 0.0600965943131872 0.0476931782024053
0.0143244666831 -0.0360935379149373 0.0419383635050011 0.0698744642408173
0.035581577804323 -0.0231029716694512 0.00550026347521043 0.0841058684758808
0.0532893897573412 0.0192744293173979 -0.0475530479245532 0.0895382458002778
0.036499483563785 0.0647918842412242 -0.0766594499653056 0.0842896152577111
-0.000518649734365177 0.0824206272595182 -0.0628096215407491 0.117516731287658
-0.000723744586911622 0.0880700784834237 -0.0291472340651748 0.0645783983731181
0.0409975257929045 0.0598731974453118 0.053056647171788 -0.0138242132401181
0.0512072439025517 0.0131029961919145 -0.0193512770026245 -0.0789394890160551
0.0375624412356473 -0.0283224297565686 -0.0991137760526876 -0.0425847391287027
0.0178192387536199 -0.0418131766427976 -0.0909878361668663 0.0498755061839612
-0.00832875247077043 -0.0447158898016563 -0.0294110561691563 0.0791616885813153
-0.0282466774770935 -0.0283159250429683 0.0111549304793214 0.0619063282435401
-0.0305014781742464 -0.0267847922086561 0.0333373854057722 0.0404248573315053
-0.0332980240485125 -0.0292039134487984 0.0474510258260097 0.0266060455021815
-0.0198933080539308 -0.055333367244819 0.0595986238021956 0.0276307686280783
0.0217674867163305 -0.0621294488472404 0.0574286685594276 0.0482443561071173
0.0580274181505847 -0.043313391741944 0.0344063970989414 0.0765564119090312
0.0849387727260502 0.0271886757930305 -0.018663131772298 0.0923659414486193
0.0511234385554154 0.099211287885007 -0.0588196519259037 0.0803021573149473
-0.00508046812401937 0.120301450367771 -0.0478471798983549 0.088620790572776
-0.0242020900904801 0.113013717147335 -0.0226152125315154 0.0279744480120974
0.037189583645506 0.104004003850172 0.058942050972515 -0.027199073689627
0.0744124535161448 0.0455891682374828 -0.000742468754970867 -0.0908807625866929
0.0711656379550946 -0.0305075287802777 -0.0846095195792433 -0.0635816022040476
0.0359666735310257 -0.062815578368525 -0.0878388779781089 0.0244534198085645
-0.00674123353512247 -0.0678696619609704 -0.0400009764061162 0.0558718594174932
-0.0384821216866833 -0.0462127487755155 -0.00574707083344556 0.0446127824608755
-0.0410790832084446 -0.0380242372904175 0.017573809159242 0.0265183905457182
-0.0424029856500804 -0.0377565318874145 0.032616725730143 0.009928497678179
-0.0266602956271308 -0.0679716456706349 0.0533783825955374 0.00329206384980544
0.0208438817449968 -0.0800236413461865 0.0661889561462285 0.0193032536766708
0.0659683664953209 -0.0633051509823219 0.0605940216150965 0.0590119358969412
0.105987634650064 0.0214630227520769 0.0101906088973268 0.0862424408442187
0.0648184816575158 0.112814592129572 -0.0430003577000067 0.0713650307882217
-0.0043332454561785 0.139231438614185 -0.0346215252882339 0.0499126745370859
-0.0451979011531705 0.117253733048738 -0.00418888875572687 -0.0201865584865789
0.0190853478523537 0.13073134094597 0.0667962328528546 -0.04705408433305
0.0787715396943198 0.0756667745713791 0.0233969218908698 -0.0964754337803473
0.0933053308059674 -0.0201038332591681 -0.0565001733524163 -0.080966928042158
0.0509031803626903 -0.0697921884751428 -0.0739385899442769 -0.00781999652859657
-0.00105092819380136 -0.0793007252814253 -0.0474323707688662 0.0228714430346609
-0.0415289432835274 -0.0567897253845454 -0.0234960655626146 0.0206530660479917
-0.0467927952676121 -0.0438157001805301 0.000510100262617692 0.00968130176060751
-0.0462585443490902 -0.0406190446790975 0.0150664248701376 -0.00839088763355728
-0.0299241473674496 -0.0698149326001583 0.0411220309008677 -0.0203314729076671
0.0175163036212804 -0.0850441331770487 0.0656656731392837 -0.00995799801362452
0.0650818410310946 -0.0710527918278489 0.0766496430207206 0.0366606748384606
0.109207056253454 0.016078344544046 0.0312030003653732 0.07323877497807
0.0644720993947344 0.110080706252604 -0.033327684384837 0.0580842926966219
-0.00580157042262838 0.1364256571372 -0.0244650327754792 0.00916763132392829
-0.0548745286930019 0.0998431393971282 0.0208609984851574 -0.0678014029325359
-0.00474019499232657 0.126224312040362 0.0755266098056949 -0.0670088901043891
0.061279884345838 0.0869032905634339 0.0461678347950149 -0.095029504031608
0.0916611734927136 -0.00420847261280603 -0.0222494925760273 -0.0885514396578922
0.0544971839943151 -0.0614403261824756 -0.0514614181689672 -0.0395731832237883
0.00453122963859718 -0.0748969809836823 -0.0504709438465425 -0.0120915745876604
-0.0376041928811781 -0.0562418630313167 -0.039265420562849 -0.00471866311301837
-0.044030155419295 -0.0433185246834808 -0.0171854576773862 -0.00788696197047133
-0.0434339520308581 -0.0389436353409531 -0.00228499592564611 -0.0257146912419477
-0.0278012874660901 -0.064137827844634 0.0268937411893475 -0.0399641898672343
0.0157509026351412 -0.0773311172104335 0.0617330552410323 -0.0337477221845739
0.0601081292113034 -0.0641733169106357 0.0831419938613814 0.0181516666561257
0.0963467114154255 0.0188958009795418 0.0421383148912412 0.0589515980146296
0.0486433218384651 0.0980301344321674 -0.0281493809711964 0.0447703811408953
-0.0139277322849777 0.114569100086135 -0.0154868488051035 -0.0268764932537265
-0.0510350564232427 0.0633502735899693 0.0458533123592558 -0.106832502791705
-0.0216761881051753 0.0919612740261634 0.0819366727739834 -0.081827398908848
0.0335874383656658 0.0735680760001297 0.0624518009327025 -0.0892787533245851
0.0682152991063672 0.00670989715181562 0.00587863130281062 -0.0869198350053229
0.0445341181373851 -0.0422510758941522 -0.0297732366573637 -0.0612236636670501
0.00745975547394752 -0.0565466784706953 -0.0513002707173416 -0.0405804565866834
-0.0270406832800294 -0.045706038424377 -0.0512562221566446 -0.0263822838899739
-0.034598913285875 -0.0360049496987316 -0.0317604048017093 -0.0234524642819501
-0.0343399243224852 -0.0334065237341514 -0.0161730551160999 -0.0412036965608827
-0.0198443226843406 -0.0523872421483422 0.0157306925443899 -0.0560860790202293
0.0153116035294091 -0.061254642985732 0.058093521322627 -0.0502692887810572
0.0530572758204416 -0.0457890513195064 0.0847251745184191 0.00633694775213678
0.0727740119106556 0.0263874019504867 0.0455239093358299 0.0495589244483137
0.0226553829298856 0.0794913713633628 -0.0246044066729507 0.0337110741722767
-0.0243545567595752 0.0800177321534879 -0.00519142499946952 -0.0538777831643702
-0.0362824245763794 0.0167542086475731 0.0620868529673003 -0.131383233654478
-0.0285349792120866 0.0401832870214527 0.0814439569928725 -0.0888138588104394
0.00627203809947434 0.0417481729076919 0.0685440271678419 -0.0849840932085666
0.0330105111485258 0.010217494182706 0.01987934661728 -0.0839758734770202
0.0245287472146482 -0.0183502679722265 -0.0202073037337564 -0.0729153946628485
0.00780912181814102 -0.0289449034378189 -0.0525149705407502 -0.0567672504009286
-0.0127046186919924 -0.0273826069842302 -0.0583753591852849 -0.0395368153141022
-0.0198761895906435 -0.0232065797393969 -0.0415186873257701 -0.0347720289724203
-0.0194686130232992 -0.0233269238127062 -0.0250302158036026 -0.0530718675005254
-0.00995659504585706 -0.035284268877843 0.00943964285545728 -0.0683842326697173
0.0135108822809804 -0.0397932511035578 0.0583950952017565 -0.0612836030246592
0.0424453702780572 -0.0237477716705121 0.0865878230728445 0.00153944950017238
0.043424420647733 0.031314972314223 0.0456652811909296 0.0463756471267074
-0.00421156803535423 0.0538161907489189 -0.0219784667953926 0.0269234531657793
-0.0329670064455364 0.0352399034067248 0.00716956146736979 -0.0685402447871105
0.027363960477401 -0.00742288060366189 0.0460173733711015 0.0814172538841599
-0.00353590291850962 -0.0277096625964027 0.0350762788478918 -0.040436882930694
-0.0230882926565133 -0.00948235900554768 -0.0687847641267125 -0.0303123095271485
-0.0130643576695558 0.0163274976389165 -0.0915319947561763 0.050410193668812
0.00389063043784924 0.0129639917038137 -0.0227390745114579 0.104656249773017
0.00685775862936905 0.00664604222190568 0.0470638634096237 0.0812287513419317
0.0100508377662761 0.0045579737643687 0.0688977767873713 0.0373904855808324
0.00500158179791668 0.00287382617036018 0.0693061088114289 0.0098649508622024
0.00111253036950683 0.00724907922531484 0.0770521034875477 -0.00237630953744451
-0.00802879138307458 0.00534536875676661 0.082514758677725 0.0131750921167661
-0.00789650349970878 -0.0036280198839679 0.0715453038962555 0.0468635017328086
-0.00575974626244969 -0.0106419039547589 0.0371574505095234 0.0790324699471259
0.0148267124082661 -0.0186538704369312 -0.00378258079958679 0.11070544814005
0.0337450912101416 -0.00738300390809709 -0.0241538240730438 0.129754971287851
0.0312708162799299 0.0205477370585365 0.0197995887204214 0.157395792504056
0.0432582684463171 0.0343334850256702 0.0353994288037377 0.084005480666105
0.033877771459086 -0.00727607575565652 0.038413723354369 -0.0381065036164907
0.0097097506134973 -0.0192235612038879 -0.0663905897154783 -0.0400182511532788
-0.00418760604378047 -0.0138303146038888 -0.10085762753639 0.0419006726750993
-0.0047789827486367 -0.0144217251665725 -0.0317445370530009 0.10497561219404
-0.0139692495608845 -0.010754918752423 0.0395619747229732 0.0849867250462976
-0.0151484896307838 0.000299561085684302 0.0634026257899383 0.0428778436163687
-0.0195993086595229 -3.8992056711802E-05 0.0656041908543343 0.011750729509582
-0.0246331719716321 0.000257122580508825 0.0713401659581215 -0.00454800387365232
-0.0303850011865817 -0.0190357827052421 0.0795644928309884 0.00230631468362182
-0.00998569895643978 -0.0391215243338263 0.0774226669471976 0.0314492782602078
0.0168569455666264 -0.0408915147906363 0.055197528207214 0.0667456905215265
0.0586980471876653 -0.0157564801664394 0.0149180251624626 0.103946089313886
0.071625041085207 0.0336287947917082 -0.013019585705196 0.119242683473908
0.0507743455550667 0.0734323878842548 0.0186851943817158 0.135958097562117
0.0488057341303164 0.075603226668745 0.0210208098046219 0.0696302088390652
0.0671613047540066 0.0249126139356693 0.0394028076238493 -0.0440476685204446
0.0493532031380514 -0.0186028783580522 -0.0609352405968196 -0.0572353861477805
0.0138952034163468 -0.0430558154743975 -0.109125914709404 0.0227425496946678
-0.0092877623082637 -0.0447002763315346 -0.0460335995356333 0.0948939245211499
-0.0325586069091257 -0.0314779206936303 0.0226265302316976 0.081614057204596
-0.0390117035520822 -0.00654543766507044 0.0465426168696128 0.0442259304836293
-0.0414176933922477 -0.00355764735115637 0.052257074673833 0.0120945736145117
-0.0449756182488323 -0.00413173221907839 0.0567657614500502 -0.00853269404427195
-0.050684591116799 -0.0338740295185627 0.0671156425772859 -0.0140897040823618
-0.0199778923295724 -0.0658390664180189 0.0766910397509818 0.00476659003466952
0.0231467429395931 -0.0724638328463156 0.0751342229945454 0.042884237803516
0.091418741151758 -0.0302292794886312 0.0400070456026819 0.0888961137846692
0.106398832811736 0.0533128280850036 -0.00131783018078676 0.105073792472969
0.0705622618249609 0.108258101884369 0.0110104277172566 0.101004415588307
0.0424248565572567 0.10983228757461 0.00623257334745855 0.036428588415565
0.0889943156425941 0.0632237233760321 0.0371361939016675 -0.0569723937981148
0.0874114781217608 -0.00547972797797269 -0.0496995794622921 -0.0777898980495028
0.0402174751644206 -0.064490554842742 -0.108317684868214 -0.00569384380915077
-0.00671560457670292 -0.0715301337754626 -0.0594468796359056 0.0713116566393393
-0.0453729948165026 -0.0514590169245612 -0.000540828166651671 0.0684058913705451
-0.0578357716911642 -0.0143470399332114 0.0218738319088288 0.0406542355631021
-0.0572746472281061 -0.00561379959890173 0.0317056479513162 0.0106640086655066
-0.0581070452572813 -0.00555480326931639 0.0344404121662122 -0.0130293987257102
-0.0647094712917354 -0.0398849888754524 0.0468249943789479 -0.0307051213711552
-0.032335695718292 -0.0798831663908391 0.0658322457216537 -0.0243371929924531
0.017552648338641 -0.0944446648438954 0.0855979194764257 0.0110994404366462
0.106425764719814 -0.0482237698066333 0.0603016877842894 0.066050798647846
0.126523690598785 0.0559787311579182 0.00588879918686782 0.0878635889511029
0.0833970875267659 0.122966429366896 -0.00252654296614717 0.059906576416574
0.0265869035220588 0.125437627962709 -0.00690607309343519 -0.0117509130235328
0.0891472253352432 0.0946514701015521 0.0312609772775342 -0.0765460008764344
0.108262047940733 0.0166820878342352 -0.0325781747475885 -0.0966474554074183
0.0640176773295024 -0.0687189207856978 -0.0940889880963613 -0.0380831091643776
0.00091226022075528 -0.0859078597389155 -0.0665965594788257 0.0346112129292596
-0.0478919639547246 -0.0643233706568954 -0.0265574710775766 0.0459431259316275
-0.0666887263869934 -0.0205812344678519 -0.0076615223770508 0.032014985779273
-0.0653361549643117 -0.00760117015221122 0.00607753302983109 0.00766610813573613
-0.0631456585476149 -0.00561817237642624 0.00811364665226168 -0.0169559889828139
-0.0685322686188157 -0.0398327194751208 0.0217791039548094 -0.0424507713609981
-0.0387420222324471 -0.0820993679270097 0.0479385050760023 -0.0479926741442529
0.0118540716741948 -0.10003820276775 0.0855932672050929 -0.0161525724630069
0.105974497435559 -0.0547231858697067 0.0689490839374845 0.0412780372534963
0.124721460325345 0.0531526732954644 0.00539087717400164 0.0713499492679297
0.080400333530168 0.120779120245581 -0.0200967345137122 0.0200663782529414
0.00891912658658433 0.115821421619776 -0.0157206492184877 -0.0665556628189125
0.0672195557059254 0.104979320721978 0.02581806158146 -0.0975680881027776
0.100999027860041 0.0361674911105605 -0.0124830410891081 -0.108530046795444
0.0721291833195254 -0.0550812432380218 -0.0691238995922831 -0.0646220505026078
0.00941395077734936 -0.0816760576867673 -0.0671440124347085 -0.00433331423435279
-0.0403385347350671 -0.0640857067807763 -0.0499378853549434 0.019096232925632
-0.0635410902313001 -0.0231057939557992 -0.0366912898627814 0.0216715914210603
-0.0627939459271758 -0.00801139797701951 -0.019140159543739 0.00386970006247038
-0.0598906992338435 -0.00580648015362502 -0.0163151604162482 -0.0206865180563885
-0.0623508808139252 -0.0367309269937879 -0.00184681219364414 -0.0504926007599961
-0.0353654061506464 -0.0749071426539564 0.0290543424482051 -0.0648849298196937
0.0121846467167368 -0.0911330117765519 0.0790946814458216 -0.0351686209985589
0.0960109496994541 -0.0445098011058309 0.0693818994403742 0.0231805044348314
0.10296305719828 0.0528956613987406 0.00185321873729881 0.0568979828946645
0.0604160572204968 0.106566229180679 -0.0341826559943543 -0.0155176592797132
-0.0083096566390893 0.0825058083790561 -0.021224112356259 -0.113277849265754
0.0339483181498631 0.086398455863109 0.0206550869324739 -0.113360455720547
0.0700922687873235 0.0403940847734839 0.00349316417212726 -0.111490952221312
0.0586600257589531 -0.0333950982158818 -0.0447296216682588 -0.0794205430195413
0.0113682747461461 -0.0600181128806495 -0.0620133344214877 -0.0345354735219805
-0.0272506190778294 -0.0503142130101217 -0.0675413546359927 -0.00343742054794684
-0.0487768785269014 -0.0206183770485974 -0.0591270161078171 0.010873813079207
-0.0508050404545868 -0.00784726067430367 -0.0402749089510033 -0.000326496926423512
-0.0494638564628698 -0.00705720307048114 -0.0376170834232947 -0.0244935813385972
-0.0487897034073076 -0.0314996587863932 -0.0208793033638581 -0.056847091270877
-0.0254454733638136 -0.0613934393229357 0.0166438274747481 -0.0767733299467543
0.016807280716992 -0.0717667519893416 0.0740089031324515 -0.0466923361255681
0.0802566899734816 -0.0237436667900593 0.0667423596481513 0.0129186842057802
0.0698050800460509 0.0536233375671259 -0.0017349420384471 0.0446966294729327
0.0294560442242209 0.0828402226192203 -0.0408363280834936 -0.0439316476451726
-0.0224344720507582 0.0341358662492924 -0.0260185026186702 -0.143598780340284
-0.00104505496893263 0.0482567011098062 0.0144329027649535 -0.119583451788533
0.0289253031768326 0.0297230207030923 0.00941778432629149 -0.110540505816606
0.0320532020999763 -0.0101809210372743 -0.0315873451276998 -0.0840298325697707
0.00920682415415477 -0.0291278920204995 -0.0600353404639448 -0.0496113405598103
-0.0102995009619791 -0.027497655288379 -0.0780360278589278 -0.0146406883617618
-0.0259555366168678 -0.0141905147397818 -0.0730194523815779 0.0046516616588534
-0.0306740633723111 -0.00735311674117801 -0.054794802408895 -0.00314697183384873
-0.0312952806615552 -0.0075500222489265 -0.0518626812339764 -0.0280567599795093
-0.0305812344447165 -0.0231955352658639 -0.0337486308684288 -0.0624820691363755
-0.0129284320621406 -0.0423984932501726 0.0102317650279536 -0.0858422547417869
0.0213778146899192 -0.0465741048908374 0.0720583257658151 -0.0517660474930457
0.0580223337579944 -0.000382735125806886 0.0652718185700319 0.00969052881249417
0.0302552813987463 0.0485270472991311 -0.00274650238186907 0.03637884062533
-0.00570607381800071 0.0507598531308269 -0.0374678330724435 -0.0636310411268882
0.0285155846014234 -0.00864717784643083 0.0501917047980296 0.0831374616070629
-0.00473657294508462 -0.0276821339870626 0.0359391598914336 -0.0441729844188837
-0.0239503945892284 -0.00881657076275748 -0.0715607054854744 -0.030955421412949
-0.0131058562402679 0.0177480694287955 -0.0936987671852688 0.0546221168168102
0.00454988325104147 0.013703622846825 -0.0210414723705132 0.110667678764428
0.00758145079499654 0.00698171488792408 0.0499879268019567 0.0828548909748937
0.0103681429525492 0.0040523672148351 0.0718295913634622 0.0364255759802647
0.0048380467305531 0.00321282141445958 0.0719017989577967 0.00819299120733787
0.00100672216326817 0.00789183143252413 0.0795783110281635 -0.00551263845494652
-0.00805857130967402 0.00591897064967119 0.0865839204195099 0.0113950105640128
-0.00803030989388747 -0.0031066446122743 0.0754367390581288 0.0475617975200237
-0.00642587779767667 -0.0110083046181056 0.0391136070264034 0.0817131006460325
0.0143750150547956 -0.0197630138856431 -0.00353147986776343 0.116125295796655
0.034435584895762 -0.00825875929163422 -0.023148063267567 0.13437694475384
0.0329142920887945 0.021410314895623 0.0220748967582734 0.161721038519198
0.045547189154542 0.0343423149496973 0.039150466307816 0.0861387713696814
0.0342869008919488 -0.00819201964326911 0.0392521507978715 -0.0415956888520503
0.00932719621063767 -0.0196559098222156 -0.0690926277954852 -0.0410159247586107
-0.00484819395507138 -0.0139188107596943 -0.103765487380303 0.0446491180863527
-0.00551826421875823 -0.0145131298878115 -0.0314143095739091 0.110484357559273
-0.0152526246407973 -0.0105410852060685 0.0424019797240843 0.0871719874121799
-0.0159364576523746 0.000647748249453422 0.0658433923454451 0.0425252725485919
-0.020705422634491 6.19202913224853E-05 0.0680892164257584 0.0103827642023047
-0.0252565518439878 0.000869737391864001 0.0741362075159867 -0.00793876169825466
-0.0319780086283696 -0.0180966382438436 0.0831347349413731 -0.000347973342067727
-0.0116527548618739 -0.0407246511128904 0.0819742285438468 0.0307624659495058
0.0163070316428245 -0.0425702242430872 0.0577846513950506 0.0681943678125636
0.0608061714221564 -0.0185330060140689 0.0164309398067432 0.108579754259454
0.0741408851796142 0.0333366989446004 -0.0116401818412615 0.123934207220497
0.0537211205622625 0.0760670338034251 0.0211364630600158 0.139967196200115
0.0517627279898108 0.0781403700589545 0.0237751858508894 0.0713595675366292
0.0700238976280935 0.024161502834597 0.0403582603577903 -0.0478743210839838
0.050529805403348 -0.0199556217876434 -0.0635595947834315 -0.0587682191085223
0.0131313106495215 -0.0443111289663633 -0.112242252579915 0.0257150537959305
-0.0109156175528475 -0.0456597144298827 -0.0456691801740665 0.0998606353108905
-0.0351441620484607 -0.0312510900523378 0.0249696790122194 0.0840603265354267
-0.0405951805656224 -0.00546543293181532 0.0496608416160798 0.0445910067611572
-0.0434494416999556 -0.00246348367459578 0.0538495850915495 0.0111108857451746
-0.0464182801875422 -0.00298891797871193 0.0584838335745558 -0.0117704799767436
-0.0537423562210985 -0.033417413152588 0.0695347480227162 -0.0175091792094077
-0.0228598093959569 -0.0677502464151357 0.0810269393806935 0.0032470169111441
0.0216364201234597 -0.0748727590171512 0.0778380245225198 0.0431154062841826
0.094100353862141 -0.0329925142614629 0.0428031978343449 0.0924711346573012
0.111351864820385 0.0529305491096964 2.33382930915348E-05 0.108639089994356
0.074389422891722 0.111972792331914 0.0131286312828735 0.10456482576252
0.0455708067000805 0.113680118600582 0.00782232159485947 0.0379906037401418
0.0934687276774263 0.0637930549428227 0.0378153504321044 -0.0613243023666697
0.0907290312214051 -0.0070354061053576 -0.052110797676487 -0.0809463882544133
0.0403226722388724 -0.0671345954374395 -0.112404351323406 -0.00413308965771259
-0.009363937987729 -0.0742709535294447 -0.0600230442948345 0.0745645734926191
-0.0487015916321011 -0.0522438658903578 0.00057618242309155 0.0709901884198353
-0.0600535114102282 -0.0128121304666003 0.0238240214947024 0.0415493817246671
-0.059545921344666 -0.00427520498588058 0.0328649164901157 0.00971411054998005
-0.0601129673908649 -0.00437933731623235 0.0356881255148644 -0.0154133081780481
-0.0678422451792908 -0.040188961586694 0.0474615009095235 -0.0334012231422653
-0.0361188314434213 -0.0816516346180184 0.0683168608227498 -0.0271179205677411
0.0154806508207446 -0.0972909165085732 0.0889620265194699 0.0102512002267109
0.109590490869968 -0.0525361338556892 0.0629189852729607 0.0677315193947215
0.132856345839985 0.0556012723200275 0.0066004816492778 0.0912255964424964
0.0875919063656154 0.126907728907964 -0.00165023692131167 0.0624651178003618
0.0305215634200183 0.130321451496877 -0.00771664503884863 -0.0124018777394596
0.0941557615288805 0.0963157923132205 0.0316979022628496 -0.0809252284247378
0.112360003203251 0.0153438433930431 -0.0339086024982691 -0.0997874410976143
0.0650504631816244 -0.0723170395467064 -0.0983230085808255 -0.0380080167495195
-0.00116408569929846 -0.0892038515354363 -0.0692130271939172 0.0375264319839484
-0.0512710623102878 -0.0650230067474589 -0.0266236095349792 0.0486844226242868
-0.0689024252824647 -0.0193580560403783 -0.0069141645237028 0.0341826162358874
-0.0674703761526058 -0.00549956428164486 0.00658265524673175 0.00724518272772595
-0.0652383268097988 -0.00420670216583266 0.00901311413386951 -0.0186729820049496
-0.0722875882411839 -0.0392653056819475 0.0220106630796747 -0.0456410619753444
-0.042522122209674 -0.0837388716527388 0.0485069487618767 -0.051480298941172
0.00964891434669824 -0.103501462722778 0.0881820340614512 -0.0195789720886462
0.108286365363569 -0.059577784265473 0.0715318395384047 0.0426259756236482
0.130481123040792 0.0522927135344256 0.00621583368497771 0.0740745630662892
0.0847223174971127 0.124751627747061 -0.0203009989449708 0.0211353917861491
0.0112306071814214 0.120450560904684 -0.0179270211970168 -0.0685528236563766
0.0717098893780062 0.106717048016208 0.0255506056792411 -0.102233727038524
0.10561513345382 0.035406868818323 -0.0134547153963396 -0.112909638234672
0.0730970356038845 -0.0584740937275767 -0.072899109941388 -0.0664836184198569
0.00679758801190931 -0.0847336301746212 -0.0699202410571328 -0.00364423485700493
-0.0439951063259029 -0.0652089697997257 -0.0519907436097698 0.0213977795638179
-0.0658609849992888 -0.0218419432133463 -0.0366901250684981 0.0238037981147669
-0.0649936314067135 -0.00619348759143956 -0.0192629093997217 0.00429859547747387
-0.0609473346851396 -0.00453170464141877 -0.0168747437387114 -0.021075430820671
-0.0653209706038798 -0.0361485783833199 -0.00293881175248538 -0.0535048000557265
-0.0386841502565802 -0.0766450936237918 0.0297681718209476 -0.0683394533173962
0.0102832767597792 -0.093091300887318 0.0812726516029737 -0.0390532032320698
0.0981799637624548 -0.0484690535139265 0.0713373998992253 0.0236143918329194
0.108615083468747 0.052015871584979 0.00194427994124731 0.0590535386721214
0.0636384044601092 0.109317240667177 -0.0355195554333987 -0.0146431166870633
-0.00710442701118858 0.0863966045839964 -0.0241743602256944 -0.118022893429257
0.0367312125869055 0.0887427340675331 0.0200126226956857 -0.11757295450531
0.0735212804328023 0.039747022493059 0.00240337001212399 -0.116222872659332
0.0600854207524475 -0.0354101962719311 -0.0479246668633153 -0.082197137598628
0.0101897456647696 -0.0625704629212393 -0.0653797501507838 -0.035662595528008
-0.0296297112282099 -0.0518069343455176 -0.0707506337523864 -0.00115094705247682
-0.0510974332694764 -0.0198564045159386 -0.060662392346189 0.0139237599144614
-0.0521464034741368 -0.00632031037916591 -0.0418346600241891 0.00117293059178716
-0.0500099870499063 -0.0055113903385922 -0.0394866106883984 -0.02488742306937
-0.0514818866546061 -0.0312105131005862 -0.0231307896316866 -0.0586074293106493
-0.0277937459446194 -0.0624467835544721 0.0156215327613806 -0.0799941856122343
0.0157752629260754 -0.0743138141467974 0.075228280430088 -0.0507933124938675
0.0819627258745654 -0.0264731663247906 0.0690698229934602 0.0127819835462213
0.0730393139224593 0.0539255097321441 -0.00103618598033133 0.047178400880907
0.0307577986022101 0.0856059442430808 -0.0425467758516931 -0.0439765310289185
-0.0221245615043458 0.0359607637129971 -0.029722983656974 -0.148235584858766
0.000183860971855423 0.0502379609787732 0.0133376815488222 -0.123770273054579
0.0307326201569773 0.0299625737129571 0.00777911677854097 -0.1158671091724
0.032910259674346 -0.0116845230262781 -0.0341254841074714 -0.0875780180272266
0.00867163150545337 -0.0305636186173964 -0.0634631619094524 -0.0517132937043452
-0.011627385912687 -0.0287936788881927 -0.0812547053665207 -0.0131039771743358
-0.027115960664975 -0.0141865354496355 -0.0751908463108211 0.00747689137098592
-0.0321940378334431 -0.00645355636040678 -0.0566600992349655 -0.0019276147613704
-0.0321709233537812 -0.00748721777110524 -0.0544063039772846 -0.028438679255691
-0.0325210925732214 -0.0232035064504834 -0.0356065975513556 -0.0638874825696454
-0.0144573521527395 -0.0432061122835907 0.00959645868285788 -0.0894538110131546
0.021670476758804 -0.0483604946388449 0.073883616726777 -0.0552969956629251
0.0599199357914107 -0.00197957638783561 0.067131936508635 0.00978261351394917
0.0324340369222141 0.0501755553136747 -0.00210559925580807 0.0379543745020842
-0.00531064158512462 0.0525444983232769 -0.0401618783129752 -0.0641100171366288
0.0286888379553714 -0.0103562589361415 0.0561458956206206 0.0824435080870322
-0.0058789751759323 -0.0283685756437068 0.0348144792542778 -0.048090480329069
-0.0248043613168182 -0.0078764356706517 -0.0742493877197903 -0.0286908147679116
-0.0121708179702511 0.018869621219759 -0.0928147180803982 0.0598605204077528
0.00545831996231842 0.0142701530913588 -0.0164064747448241 0.114091297824618
0.00774208440210862 0.00698556287068286 0.0554401549885237 0.0821623323080462
0.0109405144507098 0.00370484462589772 0.0742805319999116 0.0332268225948438
0.00470015154394219 0.00300519194058464 0.0734075302692519 0.00436706710253837
0.00117656435144405 0.0068987029059852 0.0808682750097735 -0.0100147306667431
-0.00829437340788951 0.00618304330135802 0.0889175377159139 0.00732402177020922
-0.00842151556946851 -0.00301099597099654 0.0797360217645567 0.0450801259855441
-0.0070055123126803 -0.0103114041400695 0.0422825821682888 0.0823823795851913
0.0139194535964514 -0.0213506687312532 0.00144846071917263 0.119866638932076
0.0339956302309723 -0.0102124433198897 -0.0187497111126601 0.137698794747912
0.0348785433203392 0.0213919906284271 0.0286258459067285 0.163953826645581
0.0484874060379214 0.0334561890575862 0.0445080479852489 0.0861873975888378
0.0342713886643343 -0.0103035804387204 0.0385133567038297 -0.0463987534988636
0.00871783590414924 -0.0203533640399129 -0.0713614272591541 -0.039277813257065
-0.00557707806373926 -0.0132511191408161 -0.10399123667667 0.0506058656508827
-0.00654140102299754 -0.014391800710034 -0.0267207158797918 0.114481909340476
-0.0160266246278699 -0.00921345670325536 0.0470638068173856 0.0867727490202368
-0.0159499500930689 0.00142899903136054 0.0695770925977541 0.0395994928094156
-0.0210911182385034 0.000845363050827158 0.0696093440089107 0.0059559687756553
-0.025831110142824 0.00223154115248891 0.0750582098783134 -0.0128825865435459
-0.0337072572044389 -0.0172976157021123 0.0850730581233968 -0.00500412935243039
-0.0141656875823503 -0.0404961463428078 0.0856941890074826 0.027733002221943
0.0145756426843262 -0.043756531136998 0.0608008309141689 0.0680860308918418
0.0603721822721475 -0.0216508796446044 0.0210496847982339 0.111380445788228
0.076965100846046 0.0306763547831643 -0.00716362732855184 0.126270186433277
0.057987257626023 0.0767222294424363 0.0267202435292711 0.141891213090704
0.0564057512155578 0.0782404451669302 0.0278533688457641 0.0720852774518579
0.072487064723788 0.0214583651454915 0.0394094569628307 -0.0517409691809146
0.0509012107950434 -0.0224163321873269 -0.0668844231151957 -0.0582761538964942
0.0115650276216896 -0.0453892385586462 -0.113873378298657 0.0312118442177979
-0.0134637544013673 -0.0463293513272261 -0.0423022927599102 0.10358703610373
-0.0374493170029211 -0.0300306936904093 0.0292588224889046 0.0850535035969216
-0.0414856298166871 -0.00389188808540585 0.0526534987391348 0.0429826042467922
-0.0442780618056635 -0.000150204578173429 0.0556000724144643 0.00794795926468014
-0.047413364499783 -0.000282652575155718 0.0590950867036529 -0.0161532437636515
-0.0568773289757415 -0.0317036654229687 0.0701130467340683 -0.0216232383331804
-0.0271739002296021 -0.0673210903577888 0.0835580401525481 -0.00117204689474183
0.0186822717427442 -0.0766229767423853 0.0812246764144689 0.0401881789695188
0.0944745802124968 -0.0381185604822837 0.0470589223467402 0.0939927304951137
0.116059821119574 0.0486785911642404 0.0040656703983486 0.11065177620299
0.0798993502008953 0.112256469267104 0.018013906913293 0.105715547752875
0.0517720676245211 0.1149817511371 0.0091677378786634 0.037522888014355
0.0978516262558487 0.0606178089815294 0.0360456096875032 -0.0650692453404203
0.0919816444322632 -0.0109302238003862 -0.0557218593087611 -0.0809993066634197
0.0379825056655978 -0.0705308704310689 -0.115062820774865 0.000174098622290228
-0.013517001333473 -0.0747274058705313 -0.0584868418345887 0.07922132851794
-0.0521942716089518 -0.0503104154860286 0.00392954280991101 0.0731156657795612
-0.0612410732232838 -0.0102234605848211 0.0265485672806499 0.0422624933869904
-0.0604219592979159 -0.001181708708632 0.0336481242926404 0.00770942205542665
-0.0609784510012422 -0.000742962008202745 0.0356382196895849 -0.0183756226174413
-0.071244672605443 -0.0364471588320359 0.0467143558870757 -0.0369637198389346
-0.0413439242521612 -0.0818202810874715 0.0698288516769497 -0.031335368980434
0.011207862856898 -0.0988775648334809 0.0914383461234086 0.0057741261278439
0.108679873894944 -0.0588814959763796 0.0663003003913502 0.0673715443048465
0.13785555767092 0.0499968527017387 0.00998991979752644 0.0932362649842073
0.0937872148670448 0.126749955754219 0.00105762200961 0.0640163045822805
0.0366259594819301 0.132980429695246 -0.00836658861590243 -0.0130015779040066
0.100836938963152 0.0943496425861719 0.0291420921547433 -0.0841119434828326
0.115604487673182 0.0105453708862262 -0.0381072168092376 -0.102080996319031
0.062903286722639 -0.0768263970848585 -0.102402006713294 -0.0352417968322197
-0.00601056248950021 -0.0908295728096299 -0.069772520898433 0.0403893443114347
-0.0556872883174775 -0.0636699892125587 -0.0258832500047443 0.0514544216200493
-0.070718963666035 -0.01551856185603 -0.00508425921513466 0.0359879479680308
-0.0685626039585088 -0.00216106391767635 0.00750674127264318 0.00667280379969333
-0.0657315780093634 -0.000726636779648909 0.00860770428443765 -0.0202990302913099
-0.0749368822024512 -0.0361553703829194 0.0187999817150435 -0.0482641307584724
-0.0478555465684867 -0.0827992475609466 0.0484770995221188 -0.0554380215365723
0.00508350723322331 -0.105465337326025 0.0885182040470228 -0.0239258055843052
0.107205423739479 -0.0656503661274125 0.0745446728862578 0.0414368001140646
0.13600837026501 0.0473155962109659 0.00880335484874099 0.0752977126975284
0.0904911607213507 0.124654022567062 -0.0191161694013168 0.022966068531766
0.0163929352217288 0.123540789660824 -0.0210271726447534 -0.0698417994028772
0.0786018084398873 0.105718346431809 0.0223704119286542 -0.104933732073252
0.109278391707104 0.0316126060792691 -0.0177551248733104 -0.114912327429334
0.0718266164689085 -0.0628499690006801 -0.0765807207933986 -0.0649756208668617
0.00260831566355264 -0.0865508047662861 -0.0717497833555698 -0.00113671657216801
-0.0484861730615903 -0.0645505208733242 -0.0522492187686068 0.0250016583288345
-0.0679780538753883 -0.0184330748243955 -0.0354188428966963 0.027507150468551
-0.0661685371007537 -0.00300364327294399 -0.0193244965223304 0.00550238987234365
-0.0623070156803287 -0.00138907924244411 -0.018409566764119 -0.0216729700482808
-0.068459382965539 -0.0335381791904924 -0.00661740225005621 -0.0541752093876816
-0.0429669998957038 -0.0761283102969454 0.0277489975527561 -0.0713626762089065
0.00588939221319913 -0.0950996426646808 0.0810098332621791 -0.0445218071329855
0.0976988140590919 -0.0540985743430395 0.073618530311433 0.021626596300557
0.112574694996777 0.0487485232871448 0.00445223067501592 0.060886000153799
0.0688270012079933 0.11014818726404 -0.0366931879963148 -0.0128110959107005
-0.00414766333365663 0.0891425586982473 -0.0295950738807238 -0.119306573392755
0.0415598304729807 0.0888885758859833 0.0157831707375531 -0.120719554205141
0.0763762410398417 0.0374954071950051 -0.000889163397699392 -0.119158637116468
0.0593511300306256 -0.0393015220376782 -0.051305394165373 -0.0832082458175176
0.00690027421981835 -0.0637965251210762 -0.068498801770809 -0.0346784891956459
-0.0327200701953816 -0.0514588177963344 -0.072439360611061 0.00274833398655736
-0.0525075994902355 -0.0171365116022166 -0.0601595061158674 0.0185365260307158
-0.053845996512471 -0.00373890830619899 -0.042354656163163 0.00324726837797297
-0.0506458787298326 -0.0033355310949171 -0.0407658423855302 -0.0238348562093614
-0.0538336577510616 -0.0295277057910979 -0.0264903827533178 -0.0589294333763853
-0.0314936346312103 -0.0624335600148554 0.0128166307376226 -0.0823786448950962
0.0129583036811224 -0.0752345257664125 0.0743359128828887 -0.0555613230506656
0.0823729972526627 -0.0304757386434317 0.070283869031844 0.01066119540426
0.0769106195406725 0.0521343929923353 0.00030137991419764 0.0487582975237168
0.0348563413037696 0.0867068835449648 -0.0453373033609899 -0.042135531493226
-0.0212500084435882 0.0378894479647778 -0.0358282457147466 -0.150950253338023
0.00209283149789761 0.0509636410740474 0.00923632619748988 -0.126117692460796
0.032784713806695 0.0286662544161352 0.00451494923749607 -0.119349203426873
0.032531746840138 -0.013700576844884 -0.0370878759468465 -0.0888287145022345
0.00679595371007404 -0.0315247382215735 -0.0678176386216921 -0.0508839567948765
-0.0134419001825192 -0.0294072438388957 -0.0837395860640424 -0.00881222822646288
-0.0282466971408071 -0.012820297500701 -0.0753044288229335 0.0120006979196495
-0.0328623959267875 -0.00480612117060289 -0.0573858393186099 0.000690710485807685
-0.0331155963399035 -0.00574123741034896 -0.0567573586946593 -0.0272279171378101
-0.0344419067029339 -0.0219980018994842 -0.0392476673043861 -0.063939488192183
-0.0166752509072824 -0.0438606848000371 0.00563158894496421 -0.0915124811732115
0.0197569395665 -0.0498068002888267 0.073106510161313 -0.0606363988668314
0.0609428688032946 -0.00443166437584079 0.0686465592276509 0.00701888078842223
0.0350245463671682 0.0498759404385745 -0.000554158031946463 0.0398399965271268
-0.00345333965652295 0.0539110226831709 -0.0431641277126096 -0.0628306177074853
0.0284140411760827 -0.011772547744849 0.0600186538011966 0.0793120815218861
-0.00759949680650623 -0.028085648137366 0.0318587673540333 -0.0514750784221103
-0.0252247718170248 -0.00678255751195811 -0.0756112445861832 -0.0259251203335924
-0.0111816548390735 0.0195372862428763 -0.0899460268570682 0.0641150339779872
0.00591329938883974 0.0139400490379903 -0.0106582476334426 0.115660406577105
0.00801499706927191 0.00664579354229307 0.0587632193737532 0.0784017938019917
0.0111579966754418 0.00269095132527161 0.0746684005950757 0.0283385453538667
0.00490504938496704 0.00287263311971925 0.0729527661569614 0.000317605285910052
0.00156303350059428 0.0072176394318527 0.0793350422101539 -0.0151004177798159
-0.0082154186688679 0.00624963994464277 0.0896446838270828 0.00197664102340615
-0.00846523385079682 -0.00292427305091011 0.082080717557137 0.0411513341722672
-0.00697703361390517 -0.010064937875479 0.0450388416454029 0.0818683070586466
0.012483424397383 -0.0221193490801055 0.00689552943196893 0.120666003094104
0.0329843257311195 -0.0114130758599267 -0.0134892483486575 0.137580163739949
0.0359042355609598 0.0203090484837883 0.0348506516259188 0.162183859799869
0.0496801592555602 0.0310228870435128 0.0488939720514121 0.0835445302739278
0.0333405029864934 -0.0118867548076195 0.0359921148138222 -0.0491379888760336
0.00773414479152665 -0.0204856472287736 -0.0734449312941425 -0.0371455583815693
-0.00603604427063476 -0.0126824027304474 -0.100824735963624 0.0551627049813151
-0.00703939179584226 -0.0134880489620345 -0.0215281211774371 0.115675340123237
-0.0160984332917981 -0.00834011998753283 0.0510486824705068 0.0844212189116445
-0.0155723405991937 0.0023788431154318 0.0706866615571818 0.0351726320543274
-0.0211433615015739 0.00280816749803154 0.0693744392597737 0.00216651488505883
-0.0251675237886204 0.00358189008158464 0.0739089828387649 -0.0172565782553478
-0.034773876796835 -0.0148114060210579 0.0844054064764934 -0.0100927937409521
-0.0163674983786846 -0.0394744412981146 0.087463748979286 0.0235459180336548
0.0124542016298446 -0.0442630601378352 0.063332970729654 0.065634117491222
0.0592223810758223 -0.0245575496889618 0.0256666780050481 0.111112085383088
0.0781904630407721 0.027219960060095 -0.00226991564723091 0.125758316899803
0.0610587241892862 0.0750617633668335 0.0326968103360967 0.139456841561853
0.0598896643711189 0.0760867488260536 0.0311670229407872 0.0703170806905916
0.073167607682238 0.0177925187565962 0.0363781617997908 -0.0544311546644078
0.0498917694100125 -0.0245006053480466 -0.068423866431761 -0.0561288347928056
0.00931529361832849 -0.0457280250849652 -0.111934141851947 0.0361796850402125
-0.0161024650187405 -0.0447373600550667 -0.0369460181095838 0.105905935025355
-0.0394569923083492 -0.0275338378482778 0.0333915543928757 0.0832054449174965
-0.0407458232620681 -0.00157775584882786 0.0549939091258451 0.0396484546275547
-0.043686270027128 0.00267878161193304 0.0554664635313401 0.00449468558678521
-0.0462674959077804 0.00194058064855684 0.0577325004831661 -0.0201828003467787
-0.0582212265757734 -0.0279814742981458 0.0685065032859603 -0.0261541133495823
-0.031124908392099 -0.0659621420549539 0.0838429624142467 -0.00551536603455518
0.0144117254210867 -0.0774596297795807 0.0821110986076134 0.0364216974125599
0.0918615389662803 -0.0436932109778881 0.0507308905831511 0.0921405486951305
0.117887660555087 0.0426361182471336 0.00860717622393896 0.110386347700551
0.0847528055906462 0.10945690697132 0.0224993314750639 0.104283202985694
0.0574859424557268 0.112891726377393 0.0106520116917966 0.0371609203053027
0.100535726639693 0.055229315247375 0.0330286270617995 -0.067379038508381
0.0915964149753211 -0.0153209880749403 -0.0584658532837583 -0.0794886512319351
0.0342420231582153 -0.0716031353917132 -0.113880898253594 0.0055007280279607
-0.0174791171738275 -0.0733607070406625 -0.0543341431218758 0.0815012897102031
-0.0547584523407879 -0.0468331567829339 0.00704904847343994 0.0726698397866469
-0.0609298827573164 -0.00651164612902222 0.0293622119778854 0.0406023161921727
-0.0605154079888969 0.00286390293822187 0.0333436938613377 0.00598618568686329
-0.0600438189253883 0.00239525976807926 0.0339512365561823 -0.0217321723426188
-0.0727856386305243 -0.0325358997369563 0.0440566339519645 -0.0401714840654854
-0.0458051348443325 -0.079503514014211 0.0686666745328519 -0.0354331100248551
0.00594515227876812 -0.0988766700801345 0.0904620932355583 0.00122069061943179
0.105322746496314 -0.0644657499086665 0.0688723481801719 0.0651218505124161
0.140040631003885 0.0432728620719941 0.0135690529381529 0.092480168378165
0.0987768002915532 0.123294764377381 0.00396575903334141 0.0634444793854952
0.0430821774471379 0.131451302002 -0.00932777376067227 -0.0126190314713891
0.104758819639157 0.0883414424086515 0.0250045296861372 -0.0860765505925955
0.115980665718768 0.0053853401467016 -0.0418518505949007 -0.100970098168046
0.0588435702726923 -0.0793686837803168 -0.10294329843878 -0.0307031956978548
-0.0111329155106319 -0.0901968100073345 -0.0674020974741178 0.0432525207835745
-0.0596929554084693 -0.0605198695684642 -0.0232144648284034 0.0529140483009412
-0.0704094837894787 -0.0116459241140564 -0.00233151230596506 0.03664500827468
-0.0680921356904546 0.00274212561107694 0.00757092686988819 0.00651372840201713
-0.0649982966369739 0.00287871643214681 0.00708221822601469 -0.0217410753819647
-0.0764556325064703 -0.0318017289712802 0.016106765182882 -0.049433002773212
-0.0519674905910724 -0.0802996024999806 0.0464752881318211 -0.0579718030182868
-0.000847171070301554 -0.103865524944762 0.0872152928649418 -0.0287722482669594
0.103878168206173 -0.0710535198585548 0.0757868305421507 0.039165632642081
0.138320491055918 0.0403632590883075 0.0115129270022247 0.0752203348052308
0.0953109194919531 0.121131990322565 -0.0175646606314777 0.0242620971662494
0.0225370522997716 0.123454553713535 -0.0244033456773948 -0.0688762905000458
0.0828651596156966 0.10173410528732 0.0173835012611257 -0.105554561504482
0.11030627681985 0.0258756172080594 -0.0216614463424734 -0.115033128634257
0.0683488429312697 -0.0664425434400522 -0.0790945242487496 -0.0626179584107253
-0.00229212197117762 -0.0863025382591368 -0.0722325916936451 0.000936781157780703
-0.0519220015010488 -0.0614291477121099 -0.0513385531558341 0.0283325940145897
-0.0678804572356335 -0.0145065107138253 -0.0327154559097663 0.0300819038948955
-0.0657102494493391 0.00103224019016297 -0.0191429536974464 0.00622773342913058
-0.0610070178011135 0.00200147374847689 -0.019080670212718 -0.0216392271303841
-0.0701542664626329 -0.0296446645809948 -0.00924080799193668 -0.0539581738976423
-0.0471057278443034 -0.0732652811696464 0.0251433977978155 -0.0730652393697207
0.000492835561575041 -0.0944414597535182 0.0782368356041151 -0.0484156364427466
0.0940732116587557 -0.0590969881885831 0.0736484726198595 0.0192708022436471
0.114982214809068 0.043010701694579 0.00648033321295546 0.0608091948393626
0.073423699916565 0.107305961215879 -0.0362969973732542 -0.010872633672734
0.000558100456040504 0.0898673271150938 -0.0347492304069542 -0.117522831460099
0.0457659568072868 0.0861793157214563 0.0105493397335672 -0.119882827231983
0.07789575839827 0.033822688126106 -0.00569785146905811 -0.119545422147417
0.0564242137379386 -0.0420107740243316 -0.0544127174410822 -0.0809682571011024
0.00329740424943207 -0.0642892773283014 -0.0706530027763531 -0.0326378663473881
-0.0362113401705186 -0.0491621152205951 -0.0722049559865978 0.00689855423555637
-0.0528735721378955 -0.0143159403441045 -0.0583529454235297 0.0222370599991659
-0.0529118171460677 -0.000644662485874773 -0.0412387040869235 0.00567650375683256
-0.0505414979028307 -0.000775581780393344 -0.0417104956411146 -0.0221403347455429
-0.0548360952511366 -0.0264294401010648 -0.0293730257005354 -0.0577785837400793
-0.0344937739547302 -0.0604439380888595 0.00942367235620943 -0.0829609157146912
0.00887853323968503 -0.0750203920402389 0.0712194104367262 -0.0596319165854231
0.080372151048265 -0.0348370682057312 0.069864568499404 0.00812967468966065
0.0791997651430131 0.0479347859903254 0.00256373730670502 0.0487695670645931
0.0384135761187435 0.0854185559655362 -0.046586886840869 -0.03954396342375
-0.0194104173990151 0.0384157239800811 -0.0419149186681087 -0.148522649840833
0.0045793466726596 0.050697373965642 0.00418815574816649 -0.125404216701858
0.0335975391535042 0.0270770817270394 -0.000185741198887073 -0.118484283843718
0.0312296844563037 -0.015353481800818 -0.040816996937941 -0.0876703999815776
0.0044660780869073 -0.0310595461370375 -0.0704747299329727 -0.0481235322395316
-0.0148029844605851 -0.0286490242027661 -0.0847928888132819 -0.00341799450376069
-0.0285511707257932 -0.011190627028508 -0.0736911207185755 0.0174530665350954
-0.0325891706018236 -0.00243981666422028 -0.0570337906243523 0.00397356066585368
-0.0330211745975307 -0.00362823323822232 -0.0572542761927969 -0.0240808891806566
-0.0351414703400339 -0.0200226746247431 -0.0420263153660778 -0.0616468157873956
-0.0190759807760259 -0.0424714449930828 0.00164307509521295 -0.0915311743606118
0.0168669132025237 -0.0502292112970911 0.0698691340926905 -0.0639032188532677
0.0600372553948592 -0.00811824889281047 0.0686520890266529 0.00479142024636421
0.0368628112656465 0.0488028798577725 0.000915883040398449 0.0402574368372558
-0.00111519971853346 0.053803519947648 -0.0456950567131053 -0.0591863540443147
0.0272872598435479 -0.0127514223273365 0.0621804025240015 0.0742728046739261
-0.00854645593447984 -0.0269550315633308 0.0292000649141251 -0.0526551359711624
-0.0247112712820924 -0.00571685099860901 -0.0747631866562044 -0.0241963112801475
-0.00989917938360436 0.0192392225497248 -0.0860911163271715 0.0651620771837237
0.00670521392520738 0.013453468055709 -0.00625124286432684 0.113920797435851
0.00876546358275427 0.00613147630012662 0.0604965632339538 0.074833517305308
0.0103428175369651 0.00193289510727765 0.0734447363182881 0.02442586024144
0.00477924296953043 0.00223188416124182 0.0706207087750157 -0.00262034697382602
0.0015976881570814 0.00697426391891769 0.0767196485451251 -0.0185334943816357
-0.007138312934199 0.00692300682332579 0.0879784486456616 -0.00231054698155584
-0.00839662832302061 -0.00238150719972069 0.0819551802011186 0.0375296964587931
-0.0071899962416904 -0.00968425553186659 0.0461697429354562 0.0803710843810088
0.0109077912905479 -0.0222306103221603 0.0103312602250447 0.118987156184479
0.031226950573964 -0.0121531558389668 -0.0100909262923067 0.134588520135635
0.0366018751947569 0.0196987708522425 0.038338622276609 0.157527841205514
0.0501695814452384 0.028854755255959 0.0507439063933847 0.0794230929275864
0.0325347090178756 -0.0130278870742637 0.0334847957447484 -0.0507691099738236
0.00696340815129554 -0.0205811656693573 -0.0728446228295078 -0.0354541043245233
-0.00638728479498806 -0.0117004650542843 -0.0972773544542765 0.0578397636017462
-0.00734812248829266 -0.0127563115601045 -0.0163957007350127 0.114402032233909
-0.0163717698560648 -0.00796991835800758 0.0534753855985367 0.080060523559762
-0.0148758197932245 0.00252117002639859 0.0699891645493418 0.0312310114406705
-0.0203403132967459 0.00360491270861581 0.0674769599515688 -0.00100234845941763
-0.0246001272331895 0.004435439766296 0.0708281827305474 -0.0208980289071064
-0.0342955700058568 -0.0129898236985228 0.0830779229262169 -0.0140158724714525
-0.0176785846299711 -0.0381335410484237 0.0870083553112384 0.0192466320561645
0.0103080094280237 -0.0431571723159244 0.0637188973923824 0.0631971982474322
0.057034235281362 -0.0262504378535911 0.0283744698671909 0.109109678970491
0.076730642061331 0.0242344776100094 0.00077883476341313 0.123001348851906
0.0628229438456591 0.0721793427067839 0.0357542384136665 0.135421105175333
0.0617794922334695 0.0727639338406844 0.0331397409228091 0.0673970947356524
0.0718697134257359 0.014599941069287 0.0338025268557338 -0.055911844707101
0.0477071157724038 -0.0258904598224728 -0.0683182347148797 -0.0545840498256515
0.00775280734325898 -0.0444399161800604 -0.108087628454638 0.0387580604073851
-0.017419747231392 -0.0431654649035629 -0.0321971498947829 0.105092947689711
-0.0394094999659036 -0.0250675559077354 0.0356429238963379 0.0809256620809073
-0.0395337513227965 5.34435252975546E-05 0.0551709481685295 0.0366358906322204
-0.0425431862449328 0.00432204674225772 0.053700923318219 0.00209591520789553
-0.0448795503658802 0.00403238347634836 0.0549956759469156 -0.022713886626879
-0.0579012033662024 -0.0244976831023294 0.06635046776956 -0.0286125751546758
-0.0331513106342821 -0.0632866552451996 0.0824765263484233 -0.00941489054340532
0.0115939957878867 -0.0753969273765446 0.0809460772382063 0.0336210425053727
0.0884248702988691 -0.0455858568415516 0.0524450109667383 0.0898559403206384
0.116801886082934 0.0382832408532597 0.0108397714609006 0.10768631932574
0.0864716981696617 0.105916235216142 0.0248964104591284 0.101642152778161
0.0604617380847646 0.109304794011715 0.0119761157648135 0.0355991393128465
0.100662448710027 0.0503954025687454 0.029976741508221 -0.0678241097462942
0.0897569887078787 -0.0175948102347641 -0.0585945228910159 -0.0778710753273015
0.0311513644709866 -0.0708360503262181 -0.111895316031118 0.00912304257117256
-0.0198762450965316 -0.0712875646238904 -0.0511275034223175 0.0815109437498707
-0.0558558074952024 -0.0434028887082789 0.00924264230546714 0.0716202349666362
-0.0589918161904689 -0.00421719954358613 0.0308473673856098 0.0385898525325891
-0.0583834463659315 0.00491514168296367 0.0327005574263946 0.0043211719900155
-0.0580544773394138 0.00443757218906314 0.0323946618289095 -0.0235991919280417
-0.0726105641443451 -0.0287016506283571 0.0413809490871179 -0.0416584971965435
-0.0485253239422953 -0.0758080910462054 0.0667302175011982 -0.0378552452276015
0.00264829778851876 -0.0965425755324001 0.0879033700610969 -0.00160298595807698
0.101098110976895 -0.0671201019014255 0.0692988913016406 0.0627655465478522
0.138995078724026 0.037245429954356 0.0148900164602279 0.0905707012812556
0.100288680017214 0.119325353025626 0.00563086688045324 0.062312547568344
0.0465264648091942 0.127840867661483 -0.00988851783594395 -0.0121070253069187
0.105881391031868 0.082469545220029 0.0223975535540633 -0.0848664484424017
0.11432049927838 0.00145737267112215 -0.0432189721024352 -0.0991188211058106
0.0547311211504826 -0.0793220977235611 -0.101895192738404 -0.0275026557477742
-0.0145383302714347 -0.0875564810949531 -0.0647583786723343 0.0440215431294796
-0.0612558277995036 -0.0562533563432984 -0.0208032053652126 0.0527638415638268
-0.0687970084060999 -0.00860910015554627 0.000172037296482031 0.0364614212526528
-0.0660802806105313 0.00480757886087205 0.007161873329369 0.00648663876562804
-0.0620852240381682 0.00576215712913144 0.00554694443278166 -0.0229316606939366
-0.0765521951536765 -0.027957539195942 0.0138222132007491 -0.048912729070618
-0.0540302169801478 -0.0765698657371465 0.0442700916951464 -0.0590971438308549
-0.00504342601428743 -0.101097625147968 0.084073063445391 -0.03098252897807
0.0986434533239746 -0.0735298318995712 0.0748056979728313 0.0364991692526199
0.135871717621723 0.0349187630805029 0.0126075666010677 0.0740877153505813
0.0967964811891683 0.116885961119183 -0.0164176304365307 0.0242817154581908
0.0260051906831832 0.120681050234903 -0.0261353338178291 -0.0667821981398262
0.0846718532280614 0.0959212938837216 0.0137840246137497 -0.103530989380036
0.109258869436073 0.022367144294725 -0.0237122927390878 -0.113396810071267
0.0649482237647952 -0.0670186371567868 -0.0793018706484753 -0.0590216583808496
-0.00572214736010566 -0.0842268781798506 -0.0711166541683024 0.00247371601430883
-0.0539933260977995 -0.0578826890845494 -0.0498134020350749 0.0295278705687309
-0.0666015972316968 -0.011600851359014 -0.0304183417887661 0.0304637167261792
-0.0635209818424676 0.00357010778971661 -0.0186065506613952 0.00680281303675094
-0.05891184538897 0.00368622323893986 -0.0199297468451481 -0.0211373943889588
-0.0694792601098568 -0.0263636699443099 -0.011402670044959 -0.0522915525153881
-0.0485893718476043 -0.0697822172041658 0.0225445680599535 -0.0731103198135586
-0.00264928723512792 -0.091509623480807 0.0746550965492208 -0.0504997853172263
0.0899443680690635 -0.0608040543143873 0.0723293540400791 0.0178543101609484
0.113754166046459 0.0380087150924509 0.00780156972060463 0.0600472238059426
0.0742624690274435 0.103492451212914 -0.0358295058614645 -0.00861055171186446
0.00395302575853999 0.0879621159012191 -0.0376849080671695 -0.114495348216357
0.0477209762200966 0.0827182079482491 0.00790407660103602 -0.11756938744637
0.0774504679136659 0.0308535452328521 -0.00825696095816223 -0.117364874855369
0.0538436858570055 -0.0431722707212027 -0.0553508094036437 -0.0793606352927249
0.000309793699037298 -0.0625829916816344 -0.070811075763053 -0.0304857355655141
-0.0379152227736443 -0.0464528749986781 -0.0709196002623153 0.0098820059318173
-0.0519110593754408 -0.0121269845589646 -0.0552888076568958 0.0244188052914887
-0.0516644247293017 0.00204980947934705 -0.0404199383978631 0.00694014719585012
-0.0483022491720342 0.00133954228808732 -0.0419987929705552 -0.0203330507432582
-0.0546910182053483 -0.0238291998364837 -0.0310470727414875 -0.0553346724790828
-0.0359252269020284 -0.0580472260927525 0.00732536795658178 -0.0825835292060809
0.00590965649251274 -0.0731200706951411 0.0680592245702827 -0.0607524369076706
0.0770444124539985 -0.0371571919241368 0.0686078060146921 0.00699422870937982
0.0792222603000345 0.0449985401679667 0.00340830185170524 0.0486359420593289
0.0395298480233676 0.0828006325391032 -0.046445658787593 -0.0361646325924322
-0.0174093188789868 0.0391802257146096 -0.0458543925380613 -0.144391113739605
0.00606277825935822 0.0491599849670949 0.00134643521876893 -0.122415874385037
0.0334393815300855 0.0253771686201794 -0.00325662230426147 -0.117023059268858
0.0298960697434298 -0.0157801543749813 -0.0424753207690321 -0.086470978706843
0.00305399868150445 -0.030315027505745 -0.0715088442378416 -0.0461091228598285
-0.016412372810412 -0.0273071228880944 -0.0830797706734347 -1.40598827398006E-06
-0.028582214891576 -0.0103146456293397 -0.0709155097341238 0.0201902994738474
-0.0323285690870663 -0.00111571228781068 -0.0551959703183569 0.00639631303162783
-0.0321079190673315 -0.0026568462306839 -0.0568826718711369 -0.021626951774077
-0.0356043744318077 -0.018550402518605 -0.0433183385848704 -0.0593654711504869
-0.0197465166800674 -0.0405454767145154 -0.000996824778279942 -0.089640604133817
0.0147879535155428 -0.0496864292513803 0.0660391191412857 -0.065044792496676
0.058443190906781 -0.0094515346656816 0.0671055301980059 0.00367837753778803
0.038190188201105 0.0462589623940399 0.00221600786893108 0.0401217908693558
0.000253860723938666 0.0531613221935566 -0.0463184764305843 -0.0559755254415782
0.0309633521581395 0.00124369879134397 0.0233096356446839 0.0888629445671611
0.00425207306890121 -0.0270703915322378 0.0464280974000307 -0.0366800254844194
-0.020041615253864 -0.0156565754724563 -0.0584170234674457 -0.0520458238252953
-0.0164866444376488 0.0131047689104183 -0.103711460836958 0.0249362925472125
0.00119422302993812 0.0140141736034005 -0.0511889389793022 0.100007791534969
0.00463238324389298 0.00834191941109067 0.02334683993272 0.0918003236502579
0.00793796970406251 0.0054245919341614 0.0550821839456072 0.0514436629664729
0.00356861312483178 0.00418994806535427 0.0644436057118254 0.0252244715806982
-0.00049677278465952 0.00619331699689458 0.0756455083785897 0.0135598441285126
-0.00871751546132237 0.00275328179423216 0.0808654100802327 0.0336088167436839
-0.00590308518524521 -0.00616926560559488 0.0576946918421163 0.0674034432143032
-0.00158376923495066 -0.0113935268279998 0.00683718551227483 0.091415687214868
0.019924522290709 -0.0154491472210318 -0.0395442038773645 0.110241759511619
0.0336622795953814 0.00295548316963356 -0.0624611284494647 0.117055540003864
0.0278655384605575 0.0342754823261571 -0.0327331818270978 0.158527731943682
0.0327638031959885 0.0495535905553272 0.0150835513279736 0.086191427043724
0.0340074657716751 0.00299901446710688 0.0502086620744142 -0.0355740185377714
0.0147722565614185 -0.01513962113366 -0.0513712758347177 -0.0643813255439791
4.21671023504523E-05 -0.0127001164644131 -0.11257397183524 0.0124310780886441
-0.000611827872180521 -0.0149891578246951 -0.0626250435963839 0.0961100424506963
-0.0112348936805381 -0.0135519889865736 0.0132878183973234 0.0937640718151086
-0.0144911874193852 -0.00424942328356654 0.049576990937486 0.0562620710232983
-0.0196885542379003 -0.00466546277143282 0.0604006210814883 0.0260988933991713
-0.0226758196320259 -0.00593248627464068 0.0713987203070432 0.00866388007591884
-0.0257112127144288 -0.0257362104459756 0.08030721061553 0.020118615672332
-0.000856671666836574 -0.0418621103303439 0.0699077123526341 0.0524074374142867
0.0277985672398628 -0.0349098307306278 0.0297189551246911 0.0832434962664767
0.0638153246756975 -0.00192390963273007 -0.0190657725379326 0.110186508037036
0.0617380703857663 0.0519870274397988 -0.0497870377779496 0.113927473140423
0.0318808353369284 0.0924906170361431 -0.0291319644321795 0.137820495068557
0.0234590666335524 0.0951537895321281 0.00884586889778811 0.06569017330882
0.0570139379282223 0.0439763355993644 0.0544246958099995 -0.0413833092971809
0.0540071091852394 -0.00217406386297248 -0.0390869351179675 -0.0823425223024164
0.0263214383095571 -0.0352684206329097 -0.116753724249146 -0.0103956849707243
0.00308508564394214 -0.0460180493165229 -0.0754970773960422 0.0809743097778574
-0.0246164181230513 -0.0383949584243456 -0.00330167924463053 0.0873497097951155
-0.0347343229567703 -0.016085915406829 0.0339675386539098 0.0550085099024003
-0.039678037960602 -0.0124677752184745 0.0472874878812762 0.0231791939345188
-0.0412891051162772 -0.0145916850317247 0.0579186073994373 -0.00013052281279495
-0.0426413948850205 -0.0448867264607678 0.0712523528067423 -0.000603681673663915
-0.00535661067119018 -0.0713038985339448 0.0779402007294967 0.0248415404127188
0.0405087156034065 -0.0637895271964821 0.0586721417438086 0.0631971996847104
0.100311766119538 -0.00876714566239085 0.0100423689768004 0.103461196384694
0.0930531241692481 0.0794279518925495 -0.0349236118232871 0.106670438268996
0.0405102214297441 0.13180765391382 -0.0261257427694755 0.103663700869193
0.00573060815240409 0.127856802164108 0.00664447182193792 0.0278918399751378
0.0661825396605395 0.0878951128647875 0.0582395067723179 -0.0543055228747919
0.0878238936437192 0.0221810502494715 -0.0196931789429439 -0.102004611173443
0.057814977144155 -0.0480364300587189 -0.109197912048851 -0.0416050800945836
0.0130120531274801 -0.0719268113614602 -0.0836496499643688 0.051632750790984
-0.0314877757205376 -0.0613794144683598 -0.0238306822405504 0.0687497154078554
-0.0498286643913418 -0.0281388318517961 0.010813329292182 0.047333787445794
-0.0542835198770597 -0.0184359407267474 0.0273091650738399 0.0168928470454657
-0.0531467814823414 -0.0189323626472693 0.0375020486819491 -0.00999455728857934
-0.0543794517109826 -0.0537402345942692 0.0547249192202126 -0.0224790826434058
-0.0147219781130801 -0.0877540626082875 0.0751330566499622 -0.00787118476117165
0.0402199820058669 -0.086154000452892 0.0800195744505433 0.033990871809115
0.119932527510055 -0.0240284306483411 0.0370237526263753 0.0866358560858547
0.112996309547007 0.0862240935191163 -0.0237927133306265 0.094218204202126
0.0477897503243844 0.149136738996866 -0.0280343007053464 0.0614087802742884
-0.0153728816437441 0.138344140208912 0.009210106017999 -0.022490528025733
0.0572001434807053 0.118730726727121 0.0608671544922098 -0.0727188152333185
0.101450720147553 0.0497312980607178 0.00519124233507221 -0.115888847223264
0.081819899588873 -0.0458273363791049 -0.084311571570573 -0.0716455867275159
0.0244313290338425 -0.0834969801696459 -0.0815043838343894 0.0110883783022667
-0.0308325758122034 -0.0749640828653968 -0.0442555284736842 0.0393848683406174
-0.0566808099948103 -0.0360259802287605 -0.0152506118294057 0.0334492862061662
-0.0613660053413185 -0.0215267653833774 0.00399437015748249 0.0082336887233115
-0.0572382940797631 -0.0203031919704978 0.0136092137500218 -0.0196241505004223
-0.0579503747696637 -0.0544118975635252 0.0321702185230173 -0.0405189123777741
-0.0203435469790994 -0.0904466799580688 0.0642098840588045 -0.0359964194486751
0.0352066009304366 -0.0931753524610514 0.0885728313255226 0.00528970404120994
0.11992753257252 -0.0311653886732416 0.0524902516746452 0.0652597383875485
0.111801248228845 0.0834206525449297 -0.0190783621612717 0.0786306439082756
0.0450113503526543 0.14456588175911 -0.0324886005018284 0.017569420972426
-0.0308328395469556 0.122488894435519 0.0166854091520943 -0.0765372052196216
0.0324192681129965 0.121344481454774 0.062049064798415 -0.0911718927380594
0.0881594511963711 0.0660852174336364 0.0291102939527006 -0.119445847677441
0.0850513137742992 -0.0308698540206971 -0.0498884726005963 -0.0919949368090035
0.0308437151588413 -0.0762424015653345 -0.0690926728451558 -0.0293858969018252
-0.0242087733138737 -0.0737347026291889 -0.0601695899515383 0.00677536966386108
-0.0531559114562475 -0.0373927555658005 -0.0405158474854356 0.0153879568519458
-0.0585084816299222 -0.0218471029305678 -0.019540693876 -0.000452934032613442
-0.0541676057802996 -0.0200120175300468 -0.00993897106805657 -0.0284729881913918
-0.0527000984661457 -0.050309766752198 0.0113849193686358 -0.0538578382841547
-0.0183419813244373 -0.0824104896715212 0.0503634352638073 -0.0572682238876869
0.0336079819915142 -0.0839386968374057 0.0888546145102921 -0.0152337626170347
0.106744953134759 -0.0231886714747957 0.057748731265061 0.0475640738622105
0.0899675358929446 0.0779517201005211 -0.0188740944597531 0.0634402316869669
0.0294573837454481 0.123548969660872 -0.03480069017665 -0.0205249048590052
-0.036758962290043 0.0824514923498715 0.0232811179284284 -0.120406527202206
0.0052632986453707 0.0933953835228438 0.0606448124766924 -0.103776782059022
0.0557164266706228 0.060049560270963 0.0455251078108515 -0.114844851046306
0.0653902871276877 -0.0142113926429156 -0.018807816968566 -0.0994609680549614
0.0267060762759764 -0.0546006171681424 -0.0546545357172349 -0.0586157612940668
-0.0147541538848848 -0.0571123988583793 -0.0701262396819192 -0.0199088807028943
-0.0404264816000556 -0.0316352518266634 -0.0604987273995415 8.86351738174413E-05
-0.0473410874839704 -0.0187999028724474 -0.0384001777725524 -0.00951884653861815
-0.0438062699411627 -0.0181670253774321 -0.0292102167458807 -0.03605332709434
-0.0405897812621878 -0.0421512493591388 -0.00513849602213824 -0.0630386177188723
-0.0107075179224546 -0.0662203337823442 0.0407245447571614 -0.0716763360397003
0.0334908066206161 -0.0639171247559665 0.0865995986105352 -0.0276065833746028
0.0852310076514891 -0.00578446225352913 0.0583108848244323 0.0359546382844759
0.0559255719763696 0.0711571229182748 -0.0179621311109236 0.0498532808239814
0.00481770103912994 0.0907849899328008 -0.0313513696279289 -0.0508868548144008
-0.0337378771367764 0.0276653914932983 0.0231295634023638 -0.14781607666302
-0.0164574805064416 0.0460067214798028 0.0548314554421364 -0.107824816987111
0.0186353177897032 0.0362264310416302 0.0488517668048446 -0.108944754101033
0.0319108229899595 -0.000875868164852773 -0.00237913686573293 -0.0991955600407015
0.0154340744178143 -0.024647410694482 -0.0465149600616826 -0.0728906213890352
-0.00339536166331808 -0.0307321203676332 -0.0756073438432352 -0.0342386585244494
-0.0211977617646649 -0.0202222012506189 -0.0717901682179692 -0.00969249424136473
-0.0282997059489485 -0.0132534301088469 -0.0513342870259051 -0.0159110699483248
-0.028177614962478 -0.0149458111491202 -0.0422645056743695 -0.0427219971809523
-0.0251545244092123 -0.0298311407274385 -0.0142322396206972 -0.0715030411016168
-0.00342222537327857 -0.044652037987785 0.0364058855168911 -0.0808421299799051
0.0325491949439467 -0.0393002895645102 0.0869653082583201 -0.031187197808206
0.0578967349155261 0.0123166135512232 0.0580409045092986 0.0321449079086778
0.017766546405056 0.0577882384193442 -0.0158661690438125 0.0401617744415504
-0.0201551064776409 0.0486259889380365 -0.0212552519670577 -0.0695342350927689
0.0310889109205654 0.00103314532560482 0.0248083936448713 0.088071877719057
0.00356235344117652 -0.027113250959064 0.044578140122281 -0.0387151091566769
-0.0201619223218272 -0.0156813393628417 -0.0585626377769958 -0.0522860493643365
-0.0159430850091734 0.0132803324605149 -0.103121807528919 0.0252738283842014
0.00132140656799869 0.0135564236813216 -0.0498690331058574 0.101293046338921
0.00495275575771363 0.00824547076221549 0.0247225128883716 0.0905944907616718
0.00798348330956736 0.00574695937331088 0.0547765865233249 0.049932315304587
0.00309216833391928 0.00369930995689718 0.0644751774961513 0.0239542099276529
-0.000678212078147643 0.00581231263115887 0.0757283733747192 0.0118025125442396
-0.00855408450688395 0.00294013495857043 0.0813569442420769 0.031275967672372
-0.0060539821529135 -0.00602998103207279 0.0588172613144622 0.06686610348627
-0.00188610556794527 -0.0111214783775238 0.00742319138045098 0.0928454924866699
0.0196881596024878 -0.0158843520447105 -0.0383683785689486 0.111646681911566
0.0335428163859587 0.00311773617723295 -0.0619230458251581 0.116908676549755
0.0287685639491339 0.0347415732042151 -0.0322354398831501 0.158773137481549
0.0335602433394082 0.0497650123547519 0.0165365137562882 0.0854906751647742
0.0340566824687203 0.00234842855376814 0.0494635732540814 -0.0370363844629568
0.0147707395315471 -0.0152705209661551 -0.0521253704604132 -0.0647001737065714
-3.27070369330978E-05 -0.0121794399429459 -0.111652828082842 0.0136045790365085
-0.000831933204384456 -0.0149549100901132 -0.0614080780468802 0.0971756466990198
-0.0114735627795527 -0.0131289935880784 0.0150924304128951 0.0934945920708071
-0.0141331408421686 -0.00414009602161901 0.0498929187131532 0.054603970168013
-0.0198199093036561 -0.00434598710763195 0.0604917789593718 0.0245800982759508
-0.023142233752699 -0.00595226499318103 0.0712062982275056 0.00656959754426148
-0.0261222468408862 -0.0251015440093619 0.0810969331805464 0.0177001969940446
-0.00169425252269962 -0.0424218193878679 0.0713613601623045 0.0514020091983309
0.0273322419899491 -0.0352598077775946 0.0301931058739135 0.0832935432730719
0.063347345141633 -0.00322214285612312 -0.0188668634551131 0.111512383409812
0.0615947815345846 0.0520551326939056 -0.0491573841012897 0.113106005941353
0.0328726260304146 0.0926844261597495 -0.0282017456242007 0.138014129608459
0.0254938070553225 0.0951865697464779 0.00891088110584158 0.0652842510956955
0.0578259619121315 0.0430529406747765 0.0542192709520905 -0.0429502865375038
0.0540470750605814 -0.003424999554436 -0.0394687618302983 -0.0831217485868983
0.0253597789523285 -0.0349087385059183 -0.117098682207926 -0.00935048139325795
0.00239086688803479 -0.0458938972609824 -0.0736862409508813 0.0822779479607356
-0.0256070248209124 -0.0376266976560639 -0.00168341979259732 0.0872875458788943
-0.0348523266301245 -0.0157698154196331 0.0350955072402176 0.0541132985300867
-0.039806230842894 -0.0118898417597872 0.0471567806629577 0.0219694246402016
-0.0411710849692193 -0.0142636307715166 0.0569007071804637 -0.00255730713463477
-0.0432959339836353 -0.0438734741933677 0.071544113473422 -0.00245488525327087
-0.00682178236384976 -0.0707808640148667 0.0790141036108082 0.0233300413261508
0.0400272288730649 -0.0639109005596549 0.0583957696858265 0.0634162110714399
0.100140762926447 -0.0102538856919318 0.0106060637055972 0.104435481340779
0.0935885510406786 0.0786685667905999 -0.0348664069127473 0.106544305847073
0.042205804488585 0.133225555695515 -0.025476579699757 0.103588394553475
0.00774434973574534 0.128336166405348 0.00644882409894005 0.0277752951842073
0.0675102904727581 0.0861904509652664 0.0578040900571445 -0.0552548081240971
0.0881393572086312 0.0211755879651196 -0.0200332034752266 -0.103382116122504
0.057048228569371 -0.0488706762766249 -0.109183518491861 -0.0400971949700728
0.0116777265835697 -0.0720265291790297 -0.0825455918562182 0.0523390259666885
-0.0328421456114651 -0.0603886083788591 -0.0228790017420336 0.0687228899266337
-0.0501959290870145 -0.0275594464370232 0.0119128270890278 0.0465737697437371
-0.0542789304874542 -0.0171772551734721 0.0273651497384485 0.0161358802597371
-0.0527158345590835 -0.0178571511693638 0.0369806645598622 -0.0114964739085301
-0.0554937377467756 -0.0530926859274275 0.0536489617563046 -0.0237898680860008
-0.0168209932137589 -0.0873484329503196 0.0762493324348689 -0.00917901940035884
0.0389822554613699 -0.0866483211317678 0.079309780855718 0.0331047731515412
0.119398087235551 -0.0258682788507171 0.0373982568892852 0.0870058461689975
0.114525370910203 0.0850973495040776 -0.0235990874069305 0.0942172267438561
0.049165509628028 0.14997934521222 -0.0275207191306385 0.0615450540459518
-0.0135101504212288 0.139692946403637 0.00941946054948811 -0.0227018278498053
0.0585593155796061 0.117480387034049 0.0601829369555013 -0.0731814702825126
0.102379983354746 0.0485366778698133 0.00487784578012089 -0.117258372729539
0.0809839098512065 -0.0466218683531118 -0.0852386931421241 -0.0715357845088196
0.0233843354177479 -0.0832855520423853 -0.080716406691351 0.0112202928722905
-0.0331919035715286 -0.0736046859928385 -0.0433162461518883 0.0406163351636078
-0.0569506801081477 -0.0349816739456245 -0.0149069578036839 0.0337029704264126
-0.0610043247354211 -0.019743362562181 0.00400136100268769 0.00836764951306846
-0.0571802352109866 -0.0189164240766354 0.01269403022288 -0.0207418570279222
-0.0588761743327852 -0.0534564045893353 0.0317606744366016 -0.0414787055621436
-0.0220492622259733 -0.0907789036231249 0.0650550952162376 -0.0374439001989898
0.033932089516497 -0.0928918932087724 0.0878276553348647 0.0038333163788926
0.119266082054586 -0.032977375156163 0.0526151127534834 0.0656990149019858
0.11294023326982 0.0820801257507951 -0.0196598937343941 0.0793773600943571
0.0462316756410099 0.14535094438652 -0.0323492711925248 0.0187176977900421
-0.0289329616306736 0.123105400322581 0.0156082681063084 -0.0762286976530415
0.0339503448583127 0.120789323706645 0.0611029558096505 -0.0914051889859655
0.0886746867155103 0.0650625666784997 0.0289188998055612 -0.120474072855107
0.0845792998084281 -0.0321100867479897 -0.0504348746349139 -0.0920386445114761
0.029539959517299 -0.0767222660616276 -0.0698931746048415 -0.0290516185905375
-0.0257335098598338 -0.072620347361656 -0.0598657136785777 0.00796189181471066
-0.053708783997997 -0.0361211131691022 -0.0398159494211453 0.0173826611885507
-0.0583985436789689 -0.0196304083204161 -0.0192562244161156 -2.14710657126634E-05
-0.0539219420133369 -0.0190039707308378 -0.0102430840732795 -0.028589510469226
-0.0533709705896137 -0.0491092624301054 0.0107473287511652 -0.0542344651655308
-0.0197552985855116 -0.0817876136466024 0.0503888817705319 -0.0587308472069358
0.0316804875405393 -0.0841171766353722 0.0877764384012507 -0.0169057150739578
0.106205071546444 -0.0250455766571299 0.0574035437263636 0.0479821115227042
0.0907738556226778 0.0768410544838794 -0.0184268927493613 0.064384445752185
0.0298415372182323 0.123437491872518 -0.0350455122799575 -0.0195381992769083
-0.0358302331834322 0.0834636791904577 0.021637957344605 -0.120564939957794
0.00690609212880767 0.093177635415907 0.0601827950618818 -0.103512463278238
0.0565950544228922 0.0594782782148698 0.0455422542531844 -0.115636418195065
0.0645906510980151 -0.0147857085750518 -0.0191640291881774 -0.0999865695195469
0.0259612290573534 -0.0544878978869841 -0.0551903952394453 -0.0590146026259387
-0.0157162216625942 -0.0560954723676128 -0.0708221445496157 -0.0188808890816886
-0.0410395411012677 -0.0309540257094293 -0.0596282847732471 0.00189075718520758
-0.0467587717756464 -0.0174501741788269 -0.0384963930524795 -0.00826814152467576
-0.0437289892546897 -0.017116246625954 -0.030105766822101 -0.0360433696605778
-0.0415011069980669 -0.0411616832068913 -0.00625535361155097 -0.0632521563742476
-0.0124529589008873 -0.0660393728814477 0.0401539735847583 -0.0724389967711322
0.0330168054694278 -0.0640580976410949 0.0858547587686777 -0.0284496212960781
0.0848665596472215 -0.00700345503994467 0.0582533934528515 0.0364701866859025
0.0571646973330061 0.0702408079822655 -0.0180323653321476 0.0508689523638738
0.00556979608146428 0.0913060103681134 -0.0315721899231973 -0.0498031536002624
-0.0333456514035772 0.0283021838723683 0.0222308907162629 -0.147503741268461
-0.0156275628933176 0.0461258293999276 0.0549783658533116 -0.107598482705789
0.0189584823279216 0.035883664924315 0.0485513117563351 -0.109364039612863
0.0316081951898352 -0.00123961027234125 -0.00305552037549598 -0.0998711131430558
0.0157461553920852 -0.0245494177416862 -0.04816432912028 -0.07371169641931
-0.00428739055446491 -0.0305337795064024 -0.0768006730729416 -0.0324823255496002
-0.0214335853900189 -0.0200759246273888 -0.0719233397378153 -0.00817428651601893
-0.0282128348461614 -0.0127508474684055 -0.0516839292731829 -0.0150116363800765
-0.0287643001536434 -0.0142116026224642 -0.043024042113155 -0.0416117049820306
-0.0259816324852334 -0.0291468737047232 -0.0153412005776397 -0.0712438861401316
-0.00338778157947603 -0.0445502881362609 0.0360809223635504 -0.0817221861766024
0.0314660044119526 -0.0398314302363953 0.0863570867097261 -0.0320457786559729
0.0575180342228931 0.0113512748465733 0.0581492618170591 0.0320364314521742
0.0189024426270741 0.0580419742879682 -0.0158571006681377 0.0411543833872544
-0.020189524080435 0.0490511936110131 -0.0221624749947866 -0.0688588707049441
0.0315938999961319 -1.7737244387746E-05 0.0271405018702849 0.0886431078392008
0.00311044322988223 -0.027472145878493 0.0432670318632072 -0.0407579797468938
-0.0211815404681567 -0.0156680716403599 -0.0609673179944294 -0.0516456249835212
-0.015497360192531 0.0141328582639476 -0.103165645400882 0.028073116220206
0.00177703180570581 0.0143110253718823 -0.0470437256302645 0.10359990493084
0.00522262204245196 0.00779031055871966 0.0274024896303627 0.0905820588158759
0.00804628624413669 0.00531078062108215 0.055945023795114 0.0483126149412506
0.00379596061276394 0.00355562306052347 0.0653022413662589 0.0219492786248726
-0.000210622396024138 0.00594250533828058 0.0761847504469589 0.00859004658707495
-0.00836008641236919 0.0033366939538978 0.0837934603773364 0.0281497012558809
-0.00620003080183045 -0.00580249059642388 0.061939289454416 0.0663650077344867
-0.00194122999301711 -0.0105096621868923 0.00892581285085355 0.0947281979217462
0.0191247135477716 -0.0167321206352369 -0.0362656707008201 0.113915385037025
0.0336233699130214 0.00226394917562351 -0.0613932898660554 0.118510441376281
0.0306014399889949 0.0339314524224735 -0.0295144653989091 0.161072256200184
0.0359474315619195 0.0492042625564429 0.0190102658625586 0.0856271805286722
0.033938986214987 0.00106327948628774 0.0484627724471485 -0.0396174686561582
0.0141778655356423 -0.0159771875909686 -0.0541971806049059 -0.0651320760492618
-0.000736888230635714 -0.0120083985284742 -0.112632886756688 0.0160552622908728
-0.00133332263934662 -0.0153129328627522 -0.0589232872786028 0.100256548305659
-0.0121017677369722 -0.0130901857169576 0.0179914814531077 0.093294002765584
-0.014367105569846 -0.00414024412497702 0.0512753564384032 0.0528793303945989
-0.0201030582966629 -0.00371053256074679 0.0616478498152684 0.0220634694758834
-0.0229147754913854 -0.00535392313368696 0.0715715908835616 0.00369203779758513
-0.0271461732088445 -0.0244114304210361 0.0826312893778153 0.0147293915501262
-0.00292414611586603 -0.0426927203607328 0.0736485155194483 0.0500157199652789
0.026238091374592 -0.0357382191227313 0.0314199103245228 0.0852098440072764
0.0641376407988429 -0.00471205172918384 -0.0163606498902872 0.112929564572255
0.0636542088975804 0.0512328808357538 -0.0484012459427649 0.115125459667775
0.0361022510762052 0.0940818457845404 -0.0255438119734634 0.139953685784878
0.0285030261435031 0.0959984051340823 0.0107666170084805 0.0661379752919558
0.0593763859024415 0.0412043092685289 0.0530842223321393 -0.0451923155246199
0.0542257180273173 -0.00477203009142204 -0.0415967000632344 -0.0845024065641994
0.0247951724304655 -0.0358834711602311 -0.117911142306335 -0.00664650901231055
0.000572506819122728 -0.0463746501408605 -0.0722925475605518 0.0844285018694544
-0.0269304865188731 -0.0368794877947772 0.00080187654918127 0.088100299641995
-0.035543866671308 -0.0150565597372975 0.0362639422099262 0.0527935480399179
-0.0401827939132767 -0.0106332830599466 0.0478721480310888 0.020605123494822
-0.0418768127990341 -0.0127590740097536 0.0574496852578628 -0.00455827643100138
-0.0454638873296914 -0.0427096799135247 0.0724530799893351 -0.00545015486331149
-0.0102404922863254 -0.0713958307956566 0.0805955825317839 0.0209808710719889
0.0386043209789925 -0.0656875515006683 0.0595541944954286 0.0627135380111691
0.100576624646927 -0.012999286556238 0.0129476612776668 0.105959248005325
0.0967523686699915 0.0769125394624673 -0.0336640644297405 0.107910494641491
0.0461036515898414 0.133958907518639 -0.0240219115008201 0.105227715822998
0.0117029273727047 0.129893223304663 0.00681851164713314 0.0280285897317524
0.0703191041889774 0.0848519465493304 0.0566853141092963 -0.0568917550955104
0.0895408952186603 0.0181614945093292 -0.0224915839753697 -0.105457935009432
0.0561389482956955 -0.0502397880060609 -0.11048206171115 -0.0382201497161585
0.00907564707235258 -0.0731000288360241 -0.0815211162538498 0.0545720400349677
-0.0357429596987836 -0.0594269324532868 -0.0209334009902468 0.0704232303567743
-0.0513412928497812 -0.0259708128263334 0.0138333034219306 0.0466075365298631
-0.0550605742409063 -0.0150766831493635 0.0280426114453425 0.0157133225567282
-0.0531446577589423 -0.0173028311796034 0.0361902054158256 -0.0138898263647467
-0.05811291952931 -0.0510701390078038 0.0541336256440654 -0.0264748219620994
-0.019924006380988 -0.0877104987948818 0.0775460531077714 -0.0124101573939735
0.0366156831128059 -0.0878519445328459 0.0802927762954694 0.0320262313024841
0.119517377792046 -0.030032492065533 0.0390847707970127 0.0884506902788341
0.118072070120843 0.0828330986565743 -0.0229188940671114 0.0957523849264498
0.0531288825296534 0.151503570865609 -0.026888213940131 0.0625155577298439
-0.00915819080488904 0.141759222224135 0.00769698634647524 -0.0231844803355606
0.0624922511739399 0.116867789444938 0.0590620214912973 -0.0750776026140025
0.104826400602229 0.0463882492341868 0.00268153025698712 -0.119721381840998
0.0803919591722412 -0.0493156152885023 -0.0868499938709537 -0.0705603494361556
0.0205351806828795 -0.0851934287768621 -0.0813364671717232 0.0132826254125869
-0.0360333416575253 -0.0732633732730567 -0.0428696055583813 0.0420469491386828
-0.0584006843016546 -0.0334217490002995 -0.0131795974483841 0.0344580126911871
-0.0618133849781756 -0.0180428111738332 0.00440748442813033 0.00860138228538702
-0.0577572100993764 -0.0179660131824566 0.011750869996138 -0.0216679990583542
-0.0612531234586867 -0.0518019639026239 0.0307818559262758 -0.0434289985435825
-0.0252100582907669 -0.0902963285324012 0.0646962627732283 -0.0409332983169137
0.0314833839742015 -0.0948232683285067 0.0882481086149417 0.0023927980061598
0.119084185468984 -0.0371556469907177 0.0539907686392884 0.0661346791389214
0.11655360352441 0.0795613191390357 -0.0189382576119983 0.0811711104414536
0.0504435461668199 0.146230740151096 -0.0324231858221994 0.0197396582394552
-0.0256717591044353 0.125768054342498 0.0134811015379823 -0.0772666241881192
0.0375092177026159 0.120238978159769 0.0600789341356587 -0.0933621147912177
0.0916474347858929 0.063122556978664 0.0276404730261815 -0.12373457247809
0.0844945693310061 -0.0343960942393124 -0.0523064291495277 -0.0923236504981614
0.0271535594481308 -0.0782598696354379 -0.0713713665725485 -0.0285953566757339
-0.0289419785714069 -0.0721960584917363 -0.0612594208179729 0.00989917728447283
-0.0544698716040775 -0.0350071077713256 -0.0394433604315188 0.018736407117275
-0.0592382667233277 -0.0179482292148704 -0.019306671596529 0.000514405256109181
-0.0541553975925284 -0.0178485311827122 -0.0116180583262153 -0.0288420359157271
-0.0551187898289247 -0.0479447996257966 0.00894414738179309 -0.0547400937547049
-0.0226146277398116 -0.0818757942038424 0.0497373008533523 -0.0613367997880383
0.0296720123829696 -0.0854244088930136 0.0874781255223112 -0.0196987892638893
0.105543221638129 -0.0285769166834303 0.0587041252316949 0.0478256471688464
0.0940071579304695 0.0751817458663779 -0.0182965773023709 0.0667007462135991
0.0334399369339633 0.12539774387416 -0.0358819055998286 -0.0185843056689805
-0.0337589492962868 0.0849680675008756 0.0191534390207323 -0.122326751894923
0.0092018810663786 0.0937841707787267 0.0594946996373575 -0.104837740686231
0.0586406448766279 0.0582229226178016 0.0436233373223049 -0.118567712025667
0.0645751983676144 -0.0167711954148518 -0.0208943086410717 -0.100986279792121
0.0242554023058534 -0.0557189908254653 -0.0573465401166144 -0.0594843166046619
-0.0180709001424405 -0.0561152214493384 -0.0723258390666679 -0.0164996166092567
-0.0420148389165782 -0.0301211132628654 -0.0598284150229545 0.0043790033856243
-0.0469635143354783 -0.015396547471919 -0.0387602872610535 -0.00746792214850116
-0.0439445472813104 -0.0163604719758314 -0.0315669820379458 -0.0354518679493177
-0.0428759216702892 -0.0402832441145426 -0.00752679667544615 -0.0639622984291262
-0.0140190372062052 -0.0662124403696518 0.0393527709575071 -0.0755070471387065
0.0312773565536577 -0.0651053117689059 0.0851148944547599 -0.03120854124884
0.0852947893133189 -0.00990137498182551 0.0590216978313344 0.0362605092693825
0.0595895063911528 0.0698106877805258 -0.0175040835147017 0.0525214628945176
0.0075988697381881 0.0924945190251452 -0.0330395625910691 -0.0491757695876674
-0.0329066350421501 0.0298814311121999 0.0190221498477978 -0.150190216801724
-0.0145318651185137 0.0472565175793355 0.054695233580688 -0.108981496761716
0.0194284037122555 0.0358606307749524 0.047198909484745 -0.112129749276866
0.0317137853679213 -0.002322554478033 -0.00473109167970918 -0.101592928755784
0.0149997729870941 -0.0251415221280276 -0.0508593535167899 -0.0737205831386115
-0.00524082004457923 -0.0307006587999399 -0.0785576238359802 -0.0299549491606252
-0.0222730480505365 -0.0198901525691712 -0.0724893773571709 -0.00563744891785096
-0.0282963762422613 -0.0116387890605099 -0.0519723049155707 -0.0135233945648599
-0.0289862747915086 -0.0131556844101367 -0.0442702198488078 -0.0408763353193544
-0.0273259058560401 -0.0286160027632313 -0.0169308150413305 -0.0716881240350796
-0.00492435330494586 -0.0444611281679649 0.0340121691818476 -0.084546357556372
0.03094599516752 -0.0407679960377394 0.0861729495803313 -0.0350022726202138
0.0584881258240206 0.00968553350126168 0.0587410261227349 0.0320995796390582
0.0209566720150831 0.0582989000985027 -0.015370226876404 0.0424713175399943
-0.0190911968408135 0.0506424716420188 -0.0241820102035205 -0.0684400643192922
0.0319527344935252 -0.00147375944516944 0.0319310630468568 0.0863444110873776
0.00176783407280232 -0.0274210655742345 0.0411496217535616 -0.0432247075705246
-0.0218105280241255 -0.0145964254183491 -0.0634828589830994 -0.0491722863434149
-0.014542419644241 0.014531605831794 -0.10144616998257 0.032163181954482
0.00305739364722693 0.013635275664233 -0.0412188248610827 0.105525893454683
0.00603998514066435 0.0077053637558976 0.0319246615135802 0.0882975602616108
0.00754993224428537 0.00491924312358326 0.0571648223991938 0.0451535765068221
0.00366504271891209 0.00308775393908992 0.0655689543351148 0.0180420442916163
-0.000196013070903655 0.00562380098884588 0.0758762701198086 0.00380879121052633
-0.008014182352432 0.003112526487211 0.0850934206592091 0.023038946165567
-0.00611205140630704 -0.0058518907805208 0.0651460080686235 0.0630180187645289
-0.00201963499465787 -0.0105263649543535 0.0126052696889325 0.0959078398387207
0.0178519293708472 -0.0176333852510385 -0.0315194973033167 0.116040049794282
0.0336704428562208 0.0013276978485435 -0.0569568024964356 0.120585807903466
0.0329851842955625 0.0331868549128727 -0.0226422670146793 0.16195842103396
0.0383229207712598 0.0477355000314941 0.0225318951586059 0.0847657869019459
0.0339386197415464 -0.000942713051182156 0.0456367087609139 -0.0419384089863503
0.0129005116791421 -0.0171606190154795 -0.0569814425715049 -0.0628222014340146
-0.00106400706959547 -0.0117502271022216 -0.111054399420098 0.0212293145756355
-0.00199119121708821 -0.014678774979734 -0.0529023215785029 0.103012378974008
-0.0125580586656468 -0.0117377917966299 0.0228518966505986 0.0921751767244131
-0.014898078030351 -0.00298439086386812 0.0534027862504779 0.0491879739912333
-0.0196042823026278 -0.00292102300586529 0.0620691696179302 0.0187760042664831
-0.0231303533934016 -0.00378492183010956 0.0707857987368466 -0.00120474818515373
-0.0284266950167375 -0.0226485127039695 0.0831016058703551 0.00946902746615534
-0.00592693280440281 -0.0422112904469146 0.0768344956916401 0.0458016083806476
0.024614165897192 -0.0370403642604203 0.0343904495962451 0.0844693753659926
0.0634659499152533 -0.00810873264146531 -0.010994400267454 0.114331464390204
0.0659630944261311 0.0483294265939648 -0.0437537152291455 0.11638501527634
0.0409680144201241 0.0926547789913009 -0.0196367936243382 0.140588053505544
0.0333271555622078 0.0943949980336883 0.0135737007670484 0.0653734793415068
0.0608256506502497 0.0383469243641001 0.0501729968566169 -0.0474007185963623
0.0541604214895225 -0.00808216064397363 -0.0457896889185827 -0.0841883117813587
0.0228104814870187 -0.0369944637284095 -0.117032875482873 -0.00196849731146007
-0.00212324087530927 -0.0458689120579836 -0.0670001731783349 0.0876168497761823
-0.0287526300760228 -0.0347412000993313 0.00537933261326565 0.0871659727749562
-0.0359413181732052 -0.0130763500684325 0.0388485574438015 0.0500222697591944
-0.0405063077712941 -0.00826391223958557 0.0489558723836936 0.0174097352091267
-0.0416965679246941 -0.0108489266260416 0.0562975049891443 -0.00855792406042697
-0.0476956832083954 -0.0400916984698352 0.0718781696135492 -0.0108220716322759
-0.013971232874837 -0.0711443979252814 0.0822572752489317 0.0160087249526746
0.034855783438869 -0.0666705565828463 0.0614889617803227 0.0609425469654313
0.0992716413786583 -0.0184726942306042 0.0173374399064773 0.105502808347015
0.100336353629598 0.0721675100536679 -0.0297794463214657 0.109069262846721
0.0528649067763702 0.132899830018291 -0.0192177075565071 0.105815456532654
0.0184546628946691 0.129696844791737 0.00739916761099638 0.0280521518773708
0.0740069551267442 0.0811703268006549 0.0541342911650401 -0.0598847561030997
0.0908814760963586 0.0140007746223695 -0.0268136808371206 -0.105839303376485
0.0532920705114996 -0.0533748366560146 -0.111830579080538 -0.0331363071281605
0.00502722148499424 -0.0732833958185861 -0.0784612225294652 0.0576398031597306
-0.0387888428495801 -0.0570340932581161 -0.0173295783049471 0.0707460047550472
-0.0521212415881889 -0.0229158629172695 0.0165110573530883 0.045318354825365
-0.0553665508779991 -0.0124385054634915 0.0287867364096262 0.0137442391797944
-0.0536620711147595 -0.0141954260616418 0.0347137680746045 -0.016402908291439
-0.060095466234005 -0.0475817280388537 0.052348825723899 -0.030088006089911
-0.0250498367357426 -0.0861673344990918 0.0768446379886494 -0.0173358303898766
0.0322134155879522 -0.089200586101796 0.0808891804536288 0.0287593821316855
0.116940055317065 -0.03575589880172 0.0425708675412178 0.087454750381936
0.121897767066843 0.077412140880513 -0.0194287506156505 0.0970981289638782
0.0605935259183431 0.149629772344154 -0.0240055542672077 0.0638549387319031
-0.00209641943243367 0.14221816954076 0.00615378053125306 -0.02288474111815
0.0677952836944142 0.113146251786347 0.0548826761439439 -0.0776090120773601
0.106756186559153 0.040626751792567 -0.00155915964938365 -0.121215664502383
0.0776861920740635 -0.0527485366030788 -0.0894096082921942 -0.0659910442078547
0.0158484960739824 -0.0861764453973443 -0.0802908034677868 0.0157126672201485
-0.0402245510160822 -0.0703964427173956 -0.0411265390135693 0.0439243876311549
-0.0598694681221301 -0.0304870626253348 -0.0107973957189455 0.0344851588158191
-0.0618328083759394 -0.0142475779096731 0.00442735776979451 0.00817411242746892
-0.05776540718802 -0.0151041932884979 0.0101980597666432 -0.0227497931821255
-0.0637143070344243 -0.048030207567593 0.0283328474605783 -0.0448827354396572
-0.0306555637355976 -0.0886689792298105 0.0629789578689134 -0.0453384062025285
0.0265779916225706 -0.0953946767279523 0.0868429743439821 -0.00202138596886864
0.116333315665053 -0.0435139989411426 0.0563566497268253 0.0649662089223459
0.120047400273006 0.0735585827816519 -0.0159620064216633 0.0821830931552237
0.0572393715750387 0.145107164141602 -0.0314876627160146 0.0212652062175526
-0.0198426080422965 0.127099145827693 0.0101987398960616 -0.0770353005578135
0.0431639449957698 0.118511853080075 0.0561338380719312 -0.0946830842957324
0.094658243770118 0.0583711190052467 0.0225891927047495 -0.125316283228239
0.0824219254275629 -0.0385886429100714 -0.0558844939408457 -0.0900980963214394
0.0225642354860641 -0.0791119464639208 -0.0727894937484072 -0.0261479519121941
-0.033139034187742 -0.0695580868340722 -0.0603565226537907 0.0133196151306982
-0.0567832077101701 -0.0319458702475489 -0.0378070873987925 0.0202759237439286
-0.0595711113481094 -0.0144413438380399 -0.0192712293533907 0.00142254025571609
-0.0543597097202283 -0.0151356743852005 -0.0137582699021308 -0.0280331271129923
-0.057555488224464 -0.0441431143196648 0.00607111509265593 -0.0554316268780064
-0.026879304659521 -0.0803219029661952 0.0466722433272013 -0.0655449102835974
0.0259215985948296 -0.0860993873065057 0.0858039335996472 -0.0238767713313809
0.103961292427238 -0.0344085716982623 0.0607458014567388 0.0460074528056274
0.0982231167592754 0.0699518658620854 -0.0158993838518547 0.067882937435898
0.0388221975010727 0.124344627088623 -0.0367443060944885 -0.0165525519192584
-0.0292583716471086 0.0868836216859174 0.0139120080776027 -0.122505242116703
0.0130867450785816 0.0929918571175908 0.0551270457401501 -0.106606652256513
0.0616017550762651 0.0555653295855814 0.0389675224485612 -0.121556492944709
0.0637038429153474 -0.0195411812249578 -0.0247160622899999 -0.100316844078014
0.0215417023819423 -0.0564881713989136 -0.0605546862044405 -0.0578208224846595
-0.0212948890852188 -0.0542664122100146 -0.0727167341113299 -0.0128773240468021
-0.0436008450484976 -0.0275908900086763 -0.0589700269256795 0.00752774944321484
-0.047426705065613 -0.0128937377994083 -0.0383745207405976 -0.00490751106595339
-0.044667005014099 -0.0140466887692045 -0.0338470450017702 -0.0333680665128429
-0.0451085166294468 -0.0375870073762461 -0.0107804249511357 -0.0636677563438333
-0.0178792061219977 -0.0649306099714981 0.0356290645396971 -0.0784260866384715
0.0278628608651689 -0.0663448595910676 0.083717223600631 -0.0354334108005136
0.0844868737404144 -0.0140954752905549 0.0599262112412274 0.0343894430140745
0.0632477317015614 0.066596100015527 -0.0151889549806412 0.0544166400432951
0.0118743709981131 0.092308853489704 -0.0354984875807434 -0.0469786587125336
-0.0306317424623257 0.031528645731792 0.0126311943270547 -0.149987847411648
-0.0123815887891643 0.0475044061167684 0.050663785164627 -0.110851249413624
0.021537783173714 0.0346234847023607 0.0422738355640883 -0.113859394234054
0.0311524046577101 -0.00294831098861587 -0.00852402897824697 -0.102198991710864
0.0139404971077052 -0.0258250416513814 -0.0548437492724737 -0.0721008127072604
-0.00712670380140742 -0.0298241072747888 -0.0803302432584613 -0.0255815517191704
-0.0231147181490619 -0.0184421880539712 -0.0719914709104301 -0.00131061193455982
-0.0291019402911627 -0.00894040785453906 -0.0516473082280192 -0.0102635697742397
-0.0291052648841487 -0.0115403032945357 -0.0463842694625068 -0.0381875974887036
-0.0283891344848568 -0.0265387776068458 -0.0202812905880868 -0.0704308084590391
-0.00722386027205129 -0.0444477477466148 0.0301416918866877 -0.0867188084618104
0.0288999764720756 -0.0423829664609691 0.084137914993227 -0.0385016859003202
0.058613944541992 0.00680028306863263 0.0598155752331632 0.0302866738395696
0.0234597112472382 0.0571027707643808 -0.0133077239874016 0.0439187997159948
-0.0167866504701901 0.0514997147733654 -0.0267946080671368 -0.0664891479121712
0.0309255946573671 -0.00265577417757035 0.0349963280455783 0.0820603720914923
0.000255942148137033 -0.0265943839914613 0.0369013572580084 -0.043796900605359
-0.0224610518825041 -0.0128018380099315 -0.0639693606990802 -0.0451896479130683
-0.0137240399785777 0.0149742863305291 -0.0967823465324056 0.0349095489729129
0.00380055620395763 0.0129198810602719 -0.0346336483066316 0.10464785433445
0.00579807082560332 0.00733648926701928 0.0347786755127907 0.0836591950280039
0.00769059131062508 0.00382227502319276 0.0562940426153761 0.0403028992691485
0.00335246473211219 0.00303966066718482 0.0638164325109654 0.0133598879697493
8.24056734433879E-05 0.00513026111494777 0.0727946337918591 -0.0014821857535279
-0.00772027129790816 0.00361683292112121 0.083420658630966 0.0172743508705176
-0.00660804073418612 -0.00535715463935745 0.0663745336552711 0.0579672740955087
-0.00194646461613985 -0.00995385725773733 0.016611731756576 0.0937600096702623
0.0160595767011816 -0.0178598746843943 -0.0245420865764819 0.113655203104938
0.0326103081519879 -0.000137191950663081 -0.0505719762595708 0.118903559014652
0.0340898240383823 0.0305513636119461 -0.0150616387810238 0.157442928143981
0.0398544014033071 0.0444380798422663 0.0263500265402148 0.0810520159387271
0.0326511474562638 -0.00249542338950729 0.0412918132785071 -0.0431262523549738
0.011510219303274 -0.0172258303167002 -0.0581930506309269 -0.0592428050603475
-0.0020508150259088 -0.0107617590235157 -0.10619895386852 0.0247809254429197
-0.00274335453410467 -0.0143954400724052 -0.0455520745176468 0.101842256207092
-0.012997594425654 -0.0107068644155206 0.026457046779927 0.0877828533429154
-0.0145123163831444 -0.00202305596599096 0.0530611860188228 0.0444751959989846
-0.0192846247214755 -0.0017196539504995 0.0609646310121794 0.0144490426912966
-0.0220974948620195 -0.00326635449407125 0.0676745309554589 -0.00577881773466258
-0.0291777974989613 -0.0202370365929273 0.0813918551436518 0.00407101302229818
-0.00811591701284052 -0.0406273651067431 0.0767668606396089 0.0401801034955078
0.0223834713603681 -0.0364938920190754 0.0373054097391024 0.0810990564106841
0.0604144677675904 -0.0110372833046443 -0.00545255599869078 0.111810383751614
0.0667083928793427 0.0434882060455852 -0.0384632870250972 0.114051328231203
0.0443427284338533 0.0879224448950967 -0.0129059226513827 0.137713147399748
0.0374923292292225 0.0903177743389689 0.0164093752962352 0.0635133385462538
0.0608616973117887 0.0340137438154733 0.0461045996154054 -0.0481067398714041
0.0514791376932269 -0.0107771066436164 -0.0482676535575906 -0.0802089216732499
0.0199873557934312 -0.0364031184614525 -0.112728619677492 0.00329546560553056
-0.00467560098587141 -0.0448426431797766 -0.0610579021634857 0.0876406005024482
-0.0298041790272592 -0.0319170660362028 0.00958643463665592 0.083649654660617
-0.0353104470090191 -0.0104432526241166 0.039851567023858 0.0465395533728126
-0.0391680243394195 -0.00558972005053256 0.0482154094246306 0.0142085602543494
-0.0404313199137165 -0.00869576932541291 0.0530610006055574 -0.012056970462328
-0.048480858085679 -0.0357169628054572 0.0692561380846027 -0.0145182278097391
-0.0172572310137745 -0.0680730914187316 0.0807921185394119 0.0109648592616148
0.0306745489891952 -0.0658666173576885 0.0619647148272338 0.0572885550847365
0.0947608554726414 -0.0229566716368234 0.0214579349999791 0.102505053244374
0.100745937387262 0.0652312323091896 -0.0248638554481349 0.106590669510912
0.0574056889140911 0.126936439190461 -0.01424557396657 0.103575866807281
0.0241738833650748 0.124612616482519 0.00847270793259081 0.0275129022482917
0.0755319542984265 0.0743521026661606 0.0496162046517427 -0.0605597381989086
0.0885071633234886 0.00832154663298503 -0.0309756172285171 -0.102158066972647
0.0486318005394058 -0.0535094929918629 -0.109321452322668 -0.0276606462412864
0.000574202478916597 -0.0706973593187153 -0.0729344577847589 0.0595389765749792
-0.0405669167899826 -0.0525230166006953 -0.0130232561143234 0.0690033847148687
-0.0518180183120006 -0.0191149714119324 0.0178923066655476 0.0425592200836947
-0.0536942598419828 -0.00865396428704119 0.0284512631106727 0.0116868020004786
-0.0520510816454102 -0.0114981477173727 0.0320881310730839 -0.018384204851099
-0.0608865344572544 -0.0426627317644856 0.0485369001836738 -0.0323327613802282
-0.0296040307303194 -0.0822666555819127 0.0739054565894521 -0.0218923131489497
0.026506886877489 -0.0877337905928466 0.0789136253109266 0.0239793836090911
0.111342386628903 -0.0409433337674674 0.0446918424993834 0.0834259497692804
0.122197946998829 0.068829407380323 -0.0153194546780247 0.0950559957648051
0.0668972771861395 0.142725103177821 -0.0203594065387168 0.0634038373480367
0.0051390173311323 0.137727585338595 0.00518273260818468 -0.0217461081411592
0.0706546757424748 0.106180990427177 0.0498631425017609 -0.0769241347051042
0.106016692475988 0.0339402114196897 -0.00726464864081226 -0.118531952694184
0.0724219740403982 -0.054882179702822 -0.0888900953631284 -0.0602517419568204
0.0103283526862831 -0.0838756295868551 -0.077846882510691 0.0185037410193128
-0.0426374858166076 -0.0654422390111641 -0.0377960908074677 0.0448771104914872
-0.0596394366019128 -0.0257110612498631 -0.00875716485853192 0.0341442085019099
-0.0602145247839441 -0.0102126808863229 0.00519275507910145 0.00757595854411241
-0.0564569725338814 -0.0124112473486877 0.00797738866671556 -0.022573490525116
-0.0640885796617552 -0.0425929862728565 0.0251721047879472 -0.0454673578067264
-0.0347059871025573 -0.0838295677643097 0.0586665324254866 -0.0479694357738512
0.0207673895510747 -0.0937043645170473 0.0832881783326291 -0.00606241061284918
0.110070550534318 -0.048329848895522 0.0573051246456401 0.0608119485060715
0.121127702312239 0.065710064334145 -0.0121721986198423 0.0816308410945634
0.0629630640815726 0.139016020889814 -0.029588468546452 0.0224191552112109
-0.0122493600282846 0.123862022486766 0.00564617995995613 -0.0751002105285924
0.0474936353255592 0.112121343756926 0.049949412223637 -0.0939565206776445
0.0947013878071392 0.0517438436917666 0.0166296927212137 -0.123817343096104
0.0778158136262591 -0.0412323444189904 -0.0577799794508876 -0.0852890032630322
0.0174166766479124 -0.0778292107216218 -0.0721083104512986 -0.023544320545853
-0.0362216954979147 -0.0653286177266076 -0.0578764919687908 0.0157865091829505
-0.0561901981551343 -0.0282452837823968 -0.0348798553233791 0.0219581068896463
-0.0574620624582153 -0.0102568383852141 -0.0184409798357387 0.00258151747952307
-0.0528548011807168 -0.0120076196912649 -0.0152163201505043 -0.0264632998351167
-0.0579090364488558 -0.0396309819524631 0.00339612118336595 -0.0547093325712162
-0.0304250065236159 -0.0760693306421499 0.0420772375186914 -0.0663315496519058
0.0201956619875853 -0.0841165966344154 0.0815685750719903 -0.026664416246715
0.0982941653448006 -0.0382853185054062 0.0602805447356089 0.0428642591510103
0.0988689594996646 0.0636176970889516 -0.0124613706083822 0.0674449436325216
0.0439302313607295 0.119947246631132 -0.0364608503578611 -0.0145381674693835
-0.0236765313920805 0.0851507327485982 0.0074350348830541 -0.119137658649969
0.0173347034400923 0.08886200351451 0.0496790170778842 -0.105371255489373
0.0622414165333743 0.0503012339002401 0.0324213263728285 -0.119507263624411
0.0604400567416939 -0.0221677131747267 -0.027829401731889 -0.0968378966936691
0.0174172491792118 -0.0556300382129276 -0.0623874288713735 -0.054367432781042
-0.0233495041974025 -0.0517592410833701 -0.0720459204803093 -0.00809737444650875
-0.0435493771090293 -0.0241435403202888 -0.0556655465491096 0.0106557863764233
-0.0462953230248228 -0.0087634567564685 -0.0375972057394929 -0.00291445157394693
-0.0438546627477457 -0.0110874743805909 -0.0338735621108974 -0.0304583488872248
-0.0453113365562591 -0.033808820794201 -0.0133702021307421 -0.0613070052771884
-0.0206545891145534 -0.0617007570005558 0.0303885080623697 -0.0780510947125909
0.0236397455822006 -0.0654402646299331 0.0789945688240641 -0.0382569198579315
0.0800718657035984 -0.0180633086687656 0.059822818229416 0.0315848684744952
0.0648297542192167 0.0614162355644109 -0.0119929522986987 0.054101517353208
0.0163873953849686 0.0897316553381963 -0.0365181758730213 -0.0437891917202809
-0.0283217489855731 0.0318219318603693 0.00579611538619705 -0.146048071942804
-0.00926847081435983 0.046559208762586 0.0451992172751294 -0.108581658273398
0.0224195789189638 0.0325693462279911 0.0362936144050548 -0.112973164896049
0.0297653719472026 -0.00450252909522499 -0.0123399398760888 -0.0990214417063647
0.011220771508168 -0.0255458729655525 -0.056946897145886 -0.0682250267829999
-0.00862219926711997 -0.0281271813942293 -0.0791162658064487 -0.0209123527548985
-0.0235513779380128 -0.0163878329601634 -0.0694557096053601 0.00292471073674225
-0.0276656039418172 -0.00683395764362716 -0.050465884962208 -0.00719453570880034
-0.0287926512798746 -0.00941961137366223 -0.0462381239169515 -0.0344848748443945
-0.0292213427560277 -0.0238771431489591 -0.0227253039320937 -0.067740014450786
-0.00881013582131056 -0.0427200690988346 0.0251585967375881 -0.0862007389877799
0.0251185931657099 -0.0420909224193604 0.0794282270727543 -0.0415497266043105
0.0569913698339412 0.00355076010990018 0.0585924807615247 0.0271907775861504
0.026037611520191 0.0538367875352595 -0.0104385997483643 0.0441349258742361
-0.0137273660264368 0.0506169583604994 -0.0292042390944366 -0.0626355722924835
0.0304059709845035 -0.00657996423840863 0.040281715641222 0.0739199932174798
-0.00257642987720374 -0.0255106683246836 0.028989536183191 -0.0440102763934454
-0.0234628669251828 -0.00974642613441355 -0.0650063348517879 -0.0346494734847048
-0.0112474978699527 0.0156815796430918 -0.0866863526474923 0.0456598851200439
0.00464552223470525 0.0111933638685164 -0.0194320164450806 0.10220355216452
0.00662065653654322 0.00616001823126833 0.0423462038647235 0.0740600540164091
0.0077918137025791 0.00255907755687204 0.0577280064709658 0.0321106984977651
0.00293442651961138 0.00229407772132973 0.06089081513559 0.00455613230554649
0.000400002134178698 0.00429155047655422 0.0679465095689264 -0.0101494856102624
-0.00704195966455183 0.00377375373923868 0.0801573119079817 0.00499819894253059
-0.00685490559390355 -0.0044841210928051 0.0698117746972082 0.0479435916318264
-0.00186224335558811 -0.0100093121010028 0.0257646056393913 0.087937714520319
0.0134886466028606 -0.0186274540626036 -0.010185725997433 0.109382167964437
0.0315572119119507 -0.00392521729344467 -0.0332359016762582 0.116058945462804
0.0370214953403791 0.0241070626324493 0.00460542398285022 0.152646831929626
0.0449939898833219 0.0383356362494676 0.0301236562887079 0.0703076357966815
0.0305566722284927 -0.00610593143147488 0.0322218381268918 -0.0450871830274562
0.00829583389816448 -0.0179173993513007 -0.0634504372240217 -0.0492266073140299
-0.00307560960422532 -0.00973666970293084 -0.0973587227140204 0.0373915506034658
-0.00445384876882427 -0.0134122963380359 -0.0311438754011773 0.102374838912162
-0.0130270554650703 -0.00841904589466462 0.0350796865520086 0.0797868219951257
-0.013330004430509 -0.000435221532130644 0.0550644357350068 0.0362136375605995
-0.0181098125267217 0.000505882812977106 0.0579112393301181 0.00613770917029477
-0.021060850284171 -0.00063149666333999 0.0618819699112238 -0.0136618865995391
-0.0297994561576084 -0.0155731854637546 0.0753180012565065 -0.00700415344386631
-0.0130864724468728 -0.0373573408927914 0.07604547811176 0.0290150541904907
0.0174793270651996 -0.0372252393147116 0.0439011157209436 0.0727735652388375
0.0553454209077547 -0.01833334989307 0.00831139248152275 0.105222401380147
0.0677598942303415 0.0317741231597945 -0.0196717077393601 0.111667859651362
0.0536057927208529 0.0761390622564316 0.0045885616217825 0.134162630059555
0.0487262989663409 0.0824674689317732 0.0178769434817887 0.0506715444191831
0.0604244115341487 0.0245244105273128 0.035182908989316 -0.0519248955106363
0.0467215822466794 -0.0163699014384464 -0.057218983485883 -0.0710619169220241
0.0144605554281508 -0.0356702042098714 -0.107101922184442 0.018683626832241
-0.00982962131540106 -0.040875945188625 -0.0470631628802112 0.0920206965594802
-0.0312676827781989 -0.0261753035762933 0.0184752755353216 0.0792876521996294
-0.0342562217502842 -0.00580019281399551 0.0421697269692972 0.0399236860470697
-0.0371661378483608 -0.000379797667765627 0.0460800232009355 0.00731300891872653
-0.0394219638538674 -0.0034944631843976 0.0469865131386986 -0.0172417162287623
-0.0494995929132305 -0.0274683871018441 0.0612321052356714 -0.0227593823056394
-0.0256791515047426 -0.0609846326358014 0.0759557931824063 0.000320236056540713
0.021479441286525 -0.0659031023287964 0.0643040767378879 0.0466238695722635
0.0855975380198149 -0.0343344378380789 0.033063549416656 0.0918524007965806
0.101438286114983 0.0479486469972258 -0.00561992748854934 0.103832519050609
0.0701550682110075 0.109897696907992 -0.000193017612899135 0.1038461787015
0.0401260981642238 0.117377223900213 0.00716153578278797 0.0156124957111027
0.0785984942416406 0.0609499768018555 0.0367269708254272 -0.0647699467793113
0.0831288529197481 -0.002272853923996 -0.0448319339343826 -0.095459290257439
0.0395992054810448 -0.0547360805799042 -0.108984533139632 -0.0113757924528902
-0.00770765506353572 -0.0659589179037465 -0.063672984154291 0.0667059841380795
-0.0438164995846168 -0.0439462029480175 -0.00507789723184212 0.0692055409807415
-0.0501342321816829 -0.0117992966344674 0.0213045308664316 0.0398304578814677
-0.0509149423562544 -0.00166623949835744 0.0279464925823681 0.00760248200226377
-0.050310682648782 -0.0046905703482213 0.026068643320951 -0.0197111215978901
-0.0622641928414077 -0.0317500959137722 0.0398211657145236 -0.0366049418666594
-0.0385623383173812 -0.0728452853098538 0.0654495348949203 -0.0294415835315597
0.0145976759029143 -0.0845986065403582 0.0756670348980241 0.0135143253313735
0.0983308773250072 -0.053239453193053 0.0531481096870921 0.0707058891576637
0.12131500931445 0.0488343644812621 0.00289999578229667 0.0916504164198711
0.0803331416864712 0.124307459679456 -0.0104153101818037 0.0671130048969403
0.0228797826806367 0.132353824907155 -0.000522019208577437 -0.032100502684998
0.077543687478992 0.0918843426019306 0.0361026253307978 -0.0814962694776215
0.102589671461228 0.0195607268532015 -0.0249979870832007 -0.114739545166311
0.0617682554776224 -0.0587595833587767 -0.0948486766769674 -0.0457208744873629
-0.000372707063607902 -0.0798494894890598 -0.074049322502091 0.0292155306943811
-0.0472062470257025 -0.0562324902412144 -0.0316216585237223 0.0495255371819961
-0.0584756346952161 -0.0173187232885595 -0.00504127411463681 0.035201705762808
-0.0572252247819748 -0.00277671313399453 0.00576339454596106 0.00647784592713934
-0.0539518710771978 -0.00467995332680229 0.00378158077324233 -0.0216576020395448
-0.064691888115603 -0.031386306448089 0.0159157394228163 -0.0458857041548771
-0.0433782807303845 -0.0739238849639774 0.0475001747094094 -0.052849725145808
0.00855181702406351 -0.0895489163960569 0.0762982403053321 -0.0163027570133141
0.095673745872421 -0.060165300917416 0.0618368534666394 0.0483295743701674
0.119923719695088 0.0458466480092329 0.00454206702258216 0.0780117519774061
0.0758405633102601 0.121003229332052 -0.0239737613409206 0.0293215904522234
0.00360381332646923 0.120477074694106 -0.00404952427018297 -0.0815404484528677
0.0558183820124295 0.100686584698572 0.0350918422214741 -0.0977978642190002
0.0944145323827459 0.037502278623721 -0.00269211298001033 -0.123324566111402
0.068119507753217 -0.0467226701308502 -0.0679763670042167 -0.0739003272286581
0.00734315407375581 -0.0753253720311192 -0.0742115464362543 -0.011559664554766
-0.0411122976493083 -0.0566208122785167 -0.0545716093095271 0.0247031460087259
-0.0560327594342536 -0.01955223254498 -0.0319876978550898 0.0270224241726428
-0.0547113267170858 -0.00263439285298524 -0.0169248197192118 0.00452528907520689
-0.0507819157442806 -0.00476087992703891 -0.0184862400059593 -0.0224148946251225
-0.0586575879891999 -0.0288914525134662 -0.005465459192135 -0.0514402746897447
-0.0386218298884594 -0.0667032627518535 0.0302366659701372 -0.0678927584857941
0.00858395851374765 -0.0805247831715576 0.0724604596923673 -0.0358913172655156
0.0860897069200318 -0.0492097222745955 0.0632309798108605 0.0312942226674843
0.0995326760039836 0.0463099959169103 0.00186045630432246 0.0656813079431435
0.0561693148858022 0.105606912195389 -0.0355002288415121 -0.0055173522521441
-0.0125412064459587 0.0841858049613382 -0.00600336351333852 -0.120657848171526
0.0257876773289031 0.0817812937116601 0.0339902270026384 -0.10799807513986
0.0636877052598654 0.0398446070950757 0.0150829331365406 -0.120526242166002
0.0542671579317998 -0.0267643685143832 -0.0407347597452553 -0.0894168708699349
0.009733786512356 -0.0542176844301552 -0.067856611290762 -0.0429145969291421
-0.0276641948356668 -0.0453891029289617 -0.0705331210042679 0.00297530437376685
-0.0432140186619384 -0.0167948172123115 -0.0532179546947076 0.0186003907659
-0.043664097258953 -0.00297969100557073 -0.0352908749360388 0.00193846909015793
-0.0421164155900043 -0.00503386652393944 -0.0363838815167597 -0.0244154892555122
-0.046039666181852 -0.0253639451275675 -0.0214244883188386 -0.0563337917057082
-0.0270586060763921 -0.055090318782347 0.0179445130160938 -0.0775182724243809
0.0133758646162455 -0.0633898525471429 0.0691795459272712 -0.0465780748322417
0.0718262375909253 -0.0279739081106561 0.0610737235338021 0.021820876213392
0.0674884345922045 0.0492219154788794 -0.000727148580537994 0.0536605074716427
0.0262069476954795 0.0814591610775923 -0.0398841269531335 -0.0344088264062135
-0.0238922111794697 0.0332968225811573 -0.00933090727594558 -0.14215530566934
-0.00427857214913135 0.044489517366705 0.0311631792696872 -0.109111725902571
0.0244064160775487 0.0276151964959966 0.0209586298316893 -0.11319672760091
0.0274532569818252 -0.00726997285258401 -0.0251237158274596 -0.0933383980155632
0.00759797769393838 -0.0249745067423623 -0.0646471866432805 -0.0575033465413574
-0.011187705663135 -0.0254454583030779 -0.0780558241793664 -0.00900072044499415
-0.0239527190174037 -0.0121329640266303 -0.0654942045766403 0.0122748235812322
-0.0266724623091611 -0.00301241508026859 -0.0480756181755587 -0.000880435055650964
-0.0285110426783931 -0.00520986705924275 -0.0476644211822491 -0.0265113666242717
-0.0293722529187329 -0.0182164989580794 -0.0301143621536233 -0.0612982020072056
-0.0138489924293003 -0.0380225291695248 0.0126579924374188 -0.0840922403098787
0.017945466741235 -0.0424663863446132 0.0698716840968377 -0.0495892432980042
0.0528837956728141 -0.00436521776871323 0.0603751776129493 0.0185569462048783
0.0311022730725228 0.0464419562022674 -0.00180501784539937 0.0441872147113823
-0.00701170835052864 0.0486137698374583 -0.0351933389816501 -0.0545199686383576
0.0292824066787894 -0.00588635380448806 0.0373979730158721 0.0703704579677761
-0.00192436325981872 -0.0237677153606406 0.028079243836297 -0.0418891597463056
-0.0221350188838143 -0.00881834719709645 -0.0612747707075636 -0.0338952211661217
-0.0112311943074592 0.0149090585855109 -0.0828867062615051 0.0411339310362129
0.00434213748368604 0.0107125966506533 -0.0192377113446595 0.0967728884622864
0.00618993845933696 0.00562297147505341 0.0395647229052896 0.0712433235634944
0.00760915968229095 0.0024940461648813 0.0534753777551332 0.0309825109385767
0.00266946264013072 0.00198685251555257 0.05682643564066 0.00472633931009652
0.000416493411347299 0.00362712641245963 0.063681850101526 -0.00923067713693202
-0.0066900050441927 0.00352639181352296 0.0757473162789978 0.00472131203282773
-0.00655664775751804 -0.00444160266291631 0.0655467557718249 0.0460332985733596
-0.00181728116665503 -0.00914081859437836 0.0237121252615038 0.0849183716560597
0.012809431450141 -0.0177590444501796 -0.0117192288873226 0.103588014392268
0.0302336636341335 -0.00336929051178108 -0.0342151379844487 0.109562281325653
0.0353314745423719 0.0229453102215123 0.00235948096258846 0.144606883092104
0.0425046695507731 0.036935323374491 0.0283008211389005 0.0671998652647158
0.0286837260614746 -0.0055182444354908 0.031512176280667 -0.0417891105488452
0.00732921132600122 -0.0164551458412361 -0.0590831039270167 -0.0475014886289373
-0.00317219776155188 -0.00934901799545395 -0.0930970496043843 0.033547655369503
-0.00434106504495726 -0.0123692718163756 -0.0302772705679537 0.0966569553907692
-0.0123885411687256 -0.00782996224506183 0.032661037484552 0.0759083665537331
-0.0124845569759951 -0.000647811440087344 0.0507622956040211 0.0348197033005122
-0.0173123363222524 0.00056178609289465 0.053826910261956 0.00603007626531348
-0.0206154075454597 -0.00126358893784454 0.057933183417249 -0.0125763551506139
-0.0284743618518776 -0.0148641906732056 0.0711334559240553 -0.00673268140659657
-0.0123508664643199 -0.0351304737452619 0.07206019113046 0.0280691889128698
0.0168049901002064 -0.0348220762228321 0.0408476856155521 0.0710443123364043
0.0527249912847111 -0.0166436137490218 0.00599946419656934 0.0999621700317097
0.0642051430686952 0.0312948539841201 -0.0216554856939869 0.105253518930168
0.0502381325088035 0.0729447770384068 0.00180525081298114 0.127668368511827
0.0460031922176392 0.0787117221524674 0.0169442176105751 0.0489707809849295
0.0567274027310967 0.0240481237843938 0.0337062312310392 -0.0481371383657997
0.0438358164941073 -0.0150495362312596 -0.0538304948821142 -0.0688650040140939
0.0139776843709207 -0.0336442289534727 -0.101889983189284 0.0149033084802769
-0.00863648736110185 -0.0386257099948301 -0.0460621666105508 0.0863022134131287
-0.0296666117760383 -0.0246501726977238 0.0172068542363689 0.0753090933345708
-0.0323582059661049 -0.00577710627614564 0.0389945586115722 0.0377782581946399
-0.0353259352594172 -0.00121179610534771 0.0434396604734245 0.00680770183565713
-0.036882608318755 -0.00421679439465549 0.0439681920456361 -0.0157800681844539
-0.0471453642139658 -0.0264917635598265 0.0581083009668015 -0.0218816258969307
-0.0245385867481935 -0.0583264749151744 0.0724475190668538 0.000172883580720632
0.0206945140441306 -0.0618181498445941 0.059712155797711 0.0459585887771448
0.0813758196460632 -0.0316696646272212 0.0298097154914608 0.0882652217497692
0.0961430416969541 0.0473075597814593 -0.00801671099716224 0.0981214311398288
0.0664750075139852 0.105693699701154 -0.00153544266258285 0.0987112171499767
0.0373021465916522 0.11201082825418 0.00703653405333562 0.0154850605987985
0.0739465482152656 0.058994448963445 0.035604820682671 -0.0602167464647109
0.0788822781724536 -0.00174136346534582 -0.0416446349682897 -0.0917480790299276
0.0378810974208688 -0.0518246086708569 -0.102783526732802 -0.0129635641553761
-0.00734416549965609 -0.0627092968932735 -0.0612137028491161 0.0619286085368885
-0.0414229076210362 -0.0419666915445725 -0.0055834479477826 0.065667960428184
-0.047496402174677 -0.0114619245932745 0.0196934046355049 0.0373415053263605
-0.0480244632419792 -0.00183261993012219 0.0260852303204376 0.00666750191562463
-0.0474088366027284 -0.005557550224575 0.0244850173187498 -0.0192584504036669
-0.0584880427066144 -0.03035292607051 0.0375232029474624 -0.0347175748873371
-0.0364111864032449 -0.0694668036495451 0.0619903571020698 -0.0279695969374371
0.0145123936058086 -0.0801400336383361 0.0713077524572756 0.0144584273283337
0.0931661370683361 -0.0495544343698382 0.049136263882518 0.0692660245367949
0.114923197910283 0.0475337238411184 0.000742985574572886 0.0877140739155281
0.0749313042998247 0.119646893939009 -0.0109934758603679 0.0635204475365291
0.020141813802425 0.125918062578109 -4.21936553112819E-06 -0.0297464812225746
0.072278417264582 0.0876823463810112 0.0356111083500284 -0.0766297387393992
0.0971699357293054 0.0194249270180259 -0.0221055659259255 -0.110210483958389
0.0592441092529967 -0.0552623390982592 -0.0882038718994755 -0.0457971407580086
-5.23956841234938E-05 -0.0753482117816965 -0.0706142624810593 0.0265161728521062
-0.0447358319310249 -0.0531470494491053 -0.0303679524754863 0.0470600740286585
-0.0550415462399123 -0.0167045521152385 -0.00528136265701874 0.0333991287562416
-0.0540406800068787 -0.00268771332929919 0.00533598192451194 0.00585431573054352
-0.0508153446073874 -0.0056252510736043 0.00311714853034084 -0.020709322698202
-0.0613839813471437 -0.0303446309965048 0.0152358844545035 -0.0438759496411304
-0.041166844276202 -0.0701590563254611 0.0456202889640922 -0.050230776125898
0.00863905147641514 -0.0843773545699751 0.0726050739840566 -0.0138123631455078
0.0914408998044503 -0.0559574240930926 0.057983725243786 0.0478105930037304
0.11361048915396 0.0448766824541378 0.00286800955852302 0.0749365228973953
0.0710256887578982 0.116116756471468 -0.0234317426811791 0.0274968042861995
0.00221998609703466 0.114389981519612 -0.0026990899838152 -0.076736082339204
0.0514785389940347 0.0956419167187964 0.0347336896484968 -0.0917668574462693
0.0886673980604444 0.0365127342183504 -0.000539327180263927 -0.117389218879721
0.0652157467499772 -0.0431161770639124 -0.0628212538350206 -0.0725928952601962
0.00731131673541938 -0.0709354455990704 -0.0701862420077211 -0.0128574869372068
-0.0386696286352814 -0.0540566234730239 -0.0521575835405777 0.0231482109855627
-0.0531528772272246 -0.0189483415689651 -0.0299721746963024 0.0249594350530699
-0.0508151187851528 -0.00321826821027888 -0.0155304280507782 0.00394867173208828
-0.0480625568647174 -0.00530847288459716 -0.017366967559033 -0.0212511152077035
-0.0551850747637858 -0.0283494830811433 -0.00479641896106293 -0.0492219619143244
-0.0361979508595975 -0.0636780350463923 0.0292386972621939 -0.0650888981598398
0.00852108528758796 -0.076379980132865 0.068646602834162 -0.0326309984350393
0.0813615907841576 -0.0458264934404628 0.0597905628770688 0.0318889257778091
0.0940021249205081 0.0453836590664769 0.000911346069195648 0.0626551851944738
0.0517348463477393 0.100895944401536 -0.0332509993806301 -0.0051848458614566
-0.0130438718791993 0.0799204733658484 -0.00353171050709527 -0.114739851831041
0.0231741282170571 0.0783397765744273 0.0345215403583775 -0.101092069057135
0.0593696987959331 0.0382250032475425 0.0160564159832982 -0.114604445110547
0.0513365920097236 -0.0249369771337753 -0.0365051769553881 -0.086315664882268
0.00959263319106136 -0.0515307415622204 -0.0649618631517366 -0.0424350328540436
-0.0262140065253697 -0.0426628934932978 -0.0669952284434111 0.00290444744238984
-0.0406537947543196 -0.0162077993683768 -0.050123611058043 0.0171727584970342
-0.0411057308434285 -0.00308981129345077 -0.0337945131628543 0.00145509632297992
-0.0396096691313724 -0.00569106359046577 -0.0341386296341292 -0.0229121165241555
-0.0429150404640101 -0.0241024228800919 -0.0198756349293184 -0.053911215076682
-0.0251809142276721 -0.0517554485949625 0.0180214885627935 -0.0737330212811949
0.013469321593688 -0.0596552525800505 0.0660117945284825 -0.0430270614628527
0.0676498206219387 -0.0256357450848724 0.057910590819155 0.0224034967614674
0.0637529117503688 0.0471345001208048 -0.000994702233011428 0.051616382553095
0.0236886017080676 0.0775038918529995 -0.0375286010057738 -0.0322845208847757
-0.0232097235802843 0.0310488832212196 -0.00617466556902997 -0.134875362892514
-0.0046911421744125 0.0422102684874877 0.0316118083012671 -0.102957498779981
0.0226758630129063 0.0262185535661002 0.0219659622038 -0.107214318928553
0.0260355925230495 -0.00673237208320825 -0.0220928817095151 -0.0902779782197031
0.00757705327464781 -0.0237340121367838 -0.0608702713821744 -0.056114718616263
-0.010512242536735 -0.0242854768558389 -0.0743972501194436 -0.00863277440832586
-0.0227376229423886 -0.0116096804011407 -0.061883518075747 0.0112313360922883
-0.0249280852269274 -0.00309448544087999 -0.0453879744003971 -0.00145122926359959
-0.0265202796097836 -0.00485584121474791 -0.045324197222151 -0.0257870418484184
-0.0278627101025802 -0.0172988809294636 -0.0276849280871661 -0.0581130155765147
-0.012615192036099 -0.0363064322852177 0.0127612312341766 -0.080138086562831
0.0178043762216348 -0.0401248552209892 0.0670896674438989 -0.0462013725356664
0.0493815060914615 -0.00393543655934066 0.0571226072745727 0.0190060579038817
0.0291927662144111 0.0439470090542166 -0.00233554271042715 0.0426199919714366
-0.00653769535185114 0.0460066911185494 -0.0331917374602272 -0.0515595226424439
0.029105175747039 -0.00456397285450334 0.0339872778789639 0.0704776860623348
-0.0010605997901574 -0.0233385343308127 0.0288392563752506 -0.0391738412850624
-0.0213297552456361 -0.0093924323338374 -0.0580862396693323 -0.0355815939801323
-0.0111135523753481 0.0142962937298511 -0.0832430279972716 0.0362434682319634
0.00388009516452293 0.0111019732841906 -0.0225948549302913 0.0934884559034217
0.00553017121797345 0.00553426256888923 0.0356614203121963 0.0703081052699281
0.00712172552142106 0.00319697360786389 0.0500459173409868 0.0322857789137238
0.00252091315032088 0.00174363615932899 0.0549929046215738 0.00647322245674533
0.000126905181683611 0.00336181466370766 0.0619326169189465 -0.0067604167403221
-0.00644315231122802 0.00289499052801848 0.0739142231688968 0.00726008915144452
-0.00625559102295897 -0.00484706202589103 0.0625302097429012 0.0468774628623542
-0.000654612618052818 -0.00901597943492673 0.0199288850090463 0.0846438847971097
0.0125759032139775 -0.0169338207366369 -0.0160480936586422 0.100401957725197
0.0294179355600978 -0.00230543846694441 -0.0391229104502537 0.105214793948628
0.0335347622505215 0.0238875890169094 -0.00392927846961038 0.141197940777667
0.0407287530952072 0.0371564633634746 0.0252210778765932 0.0669427740256357
0.0284107018547146 -0.00413151232412318 0.0317652220760799 -0.0393458901816893
0.00752034741353968 -0.0152174526977392 -0.055472229876217 -0.048886524783251
-0.00265184684754324 -0.00878290825992498 -0.0922418963053133 0.0281048115038083
-0.00388384740499788 -0.0122051469800858 -0.0326614729281334 0.092741856112664
-0.0115994306140381 -0.00814116775977514 0.0285865029915003 0.0751580928917768
-0.0121735406335497 -0.000325338210923683 0.0471758194367852 0.0358109599727362
-0.0171674246060065 -0.00023193764215525 0.0522576217849253 0.00676470715127092
-0.0201307517209676 -0.00229478824985957 0.0561014307663934 -0.0104375324223874
-0.0273802240451408 -0.0158049842341428 0.0693392283399132 -0.00462442197072441
-0.0109872900574643 -0.0350199827169077 0.0696846118327064 0.0294637472683483
0.0176697050901679 -0.0335067267419647 0.0366524198172279 0.0717527912230886
0.0513398954828247 -0.0140340637314006 0.0019330092459305 0.0976916455203149
0.0606904969173044 0.0329528977451477 -0.0257688260295895 0.101943730941077
0.0467391585161184 0.0728812799524845 -0.00359618866513343 0.124785489604496
0.0419641252087035 0.0782499948274556 0.0150844888483623 0.0491608120416578
0.0541423719624975 0.0254965847179514 0.0352153615710649 -0.0450157053764495
0.0425653636796494 -0.0126145567690058 -0.0497582063735033 -0.0691389348522393
0.0146472106590242 -0.0321953848799768 -0.100213660708208 0.0102859372372011
-0.00756886349081762 -0.0378107069022693 -0.0476601039491149 0.0822836654274284
-0.0280126962068592 -0.0249743886449462 0.0134621519873337 0.073888745238201
-0.0311098821173668 -0.00636317770713091 0.036681833829142 0.038306247398302
-0.0339686379339998 -0.00198212082818126 0.0420339713816208 0.00798920975277414
-0.0356144392280626 -0.00551160136394454 0.0428498911078801 -0.0145585736994741
-0.0451436626648307 -0.0271998923415018 0.0565501155395661 -0.019880916775264
-0.0224555337317841 -0.0569725676264164 0.0708988943850452 0.00251146380043049
0.0222863326849822 -0.0595047694622051 0.057037729165709 0.0481721720478756
0.0800770106048526 -0.0276242914870219 0.0254828235741971 0.0879643155741178
0.0921394635131532 0.0490146206581605 -0.0125588270267066 0.0958267790605129
0.0604955540298605 0.105973498959378 -0.006198777715359 0.0966865443341745
0.032112624886194 0.110685583701789 0.00671653489763501 0.0161461730639739
0.0695951631014767 0.0604856990991047 0.0373421026477878 -0.0566961373655708
0.0762442786945193 0.000776199515847422 -0.0370031330256317 -0.0912888406606816
0.0383984549674883 -0.0489125955721727 -0.0991806129581543 -0.0177391861946236
-0.00509535871412829 -0.0614987013170582 -0.062278677175654 0.0582688248908835
-0.0389013487177817 -0.0418650525797356 -0.00776543455549595 0.0640086508443695
-0.0456974502638949 -0.0129772613490404 0.0179146659520982 0.037090229533841
-0.0465110254821265 -0.00321077522863356 0.0251356652857213 0.00749886417727528
-0.045656843785107 -0.00683100751487097 0.0242486403532848 -0.0175764867265577
-0.0565906817123565 -0.031528690084975 0.037705384231354 -0.0333679769256588
-0.0339524873708761 -0.0684742840853967 0.0613540546558895 -0.02588053849131
0.016978633348431 -0.0773910665777235 0.0695693801711091 0.0174525142505847
0.0922947992484773 -0.0449999229375327 0.0450980282426156 0.0706804258940824
0.110746158181742 0.0505789310277769 -0.00329487845407655 0.0864049814299855
0.069555814301533 0.119836852256468 -0.0133498566312556 0.0620627190706869
0.0147021263509481 0.123295819991685 0.00133675836322335 -0.0278554147010661
0.0669633381903992 0.0882148099122405 0.0377658480844498 -0.0723223928444596
0.0931399886220299 0.0219195316089568 -0.0177526718491423 -0.108476364431791
0.0592615275027372 -0.0513617880592189 -0.0843340285183988 -0.0491081943292654
0.00263028103485079 -0.0733824673340348 -0.0702887391852116 0.0222702819625791
-0.0417817147999566 -0.0529193636571162 -0.0314864718018441 0.0447573241989316
-0.0530066977315339 -0.0181681337978877 -0.00609308762765357 0.032425256395446
-0.0517965265879778 -0.00419927218618249 0.00492499646511392 0.00583359340056213
-0.0495911476484048 -0.00720481535668977 0.00359050287376732 -0.0199558640855241
-0.05876683235196 -0.0315008667467443 0.0157745014278877 -0.0427554464911546
-0.038259652102903 -0.0695167829277887 0.0461202314609399 -0.0486495385245538
0.0110020698360243 -0.0820567955651983 0.0711972694928261 -0.010522936952245
0.0903583312405047 -0.0513680196898753 0.0550372532872389 0.0499258798562711
0.109536273388045 0.047407033997164 -0.000501241481915957 0.0744717015038355
0.0652525305175584 0.116448056139954 -0.023873345245324 0.0265886074137557
-0.00195851153372193 0.111756747190646 0.000726685636381945 -0.0750398704362863
0.0466524561000013 0.0960181227195711 0.0381909497383874 -0.0866082412230532
0.0846489801562896 0.038498811924884 0.00416966354274959 -0.115013976617904
0.0646895603325901 -0.0396477885714183 -0.0579330393081679 -0.0741967155740619
0.00901471211781319 -0.0690042657745293 -0.0692755344131699 -0.0156479529952398
-0.0363918594297274 -0.0536009260347115 -0.0519224539135809 0.0208241025718688
-0.0509445168724361 -0.0198305929470485 -0.0298302554100381 0.0241888330137277
-0.0490610772915555 -0.00446336981551373 -0.0157639297775414 0.00330666250977308
-0.0469947023108644 -0.00686587064181454 -0.0164078541513934 -0.0213352790496602
-0.0529934477007551 -0.0294021798929178 -0.00372415913878093 -0.0483383578765251
-0.0334796997711674 -0.0635226754350619 0.0310637642982017 -0.0628925531153131
0.010985029209095 -0.0733220699653777 0.0683973168603505 -0.0291591360350343
0.0803293575615326 -0.0419810884381301 0.0569275273414063 0.0345636696927515
0.0901167858591481 0.0476488165386725 -0.00169700590462444 0.0620673218236648
0.0473209454544859 0.10145398633879 -0.0323731965777853 -0.00604618507542617
-0.0158446975953736 0.077205307648747 0.00109118292996527 -0.111511267438973
0.0196754081034008 0.07704550821481 0.0379713413319422 -0.0966781580984051
0.0562074904833243 0.039422523868473 0.0206119467971863 -0.111410761969782
0.0508904375663254 -0.0223720380803237 -0.0317007165706824 -0.0869122503654174
0.0104518102298371 -0.0493550955972851 -0.0625267433917356 -0.0441693074869437
-0.0245016404055216 -0.0426812302643388 -0.0651079845804925 0.000536894579196961
-0.0392874520653001 -0.0172916234232723 -0.0490824574596958 0.0150473945967616
-0.0393433873088308 -0.00477905228873456 -0.032275367099894 -0.000200552666737294
-0.0383659059012649 -0.00671549499836532 -0.0322873972954377 -0.0235195586775956
-0.0410859868563877 -0.024723863818065 -0.0169215968548023 -0.0536830750084502
-0.0231517928450683 -0.0510960428663691 0.0203234963719062 -0.0720111762192642
0.0147701978066026 -0.0573944895431218 0.0658737810698017 -0.0388138525567715
0.0661224087809925 -0.0222272914017538 0.0554613868675681 0.0252400105126832
0.0607725561730081 0.048244904923436 -0.00358575141786713 0.0507625284143422
0.0210171070188711 0.0765631851220321 -0.0353872766928415 -0.032922683927149
-0.0236527258972547 0.0295929580673872 -0.000856983614954148 -0.131622785719523
-0.00569575699915629 0.0409861945290602 0.0361244266068224 -0.0989077084183827
0.0200793895204824 0.0263010368645232 0.0261316360750312 -0.10390047013134
0.0249416082607728 -0.00527853780240529 -0.0176059190687775 -0.0895336111312858
0.00779744488697409 -0.0224577873159365 -0.0588439274800965 -0.0575592921814285
-0.00938366676468595 -0.0241916951477958 -0.072013609736804 -0.0112042787741992
-0.0217438223126018 -0.0122386193124 -0.0608190052333251 0.00954964296677532
-0.0237269529468144 -0.00368920306448448 -0.0439278431613909 -0.00305194290675807
-0.0253685330792132 -0.00581879287016942 -0.042441730106222 -0.0264701883794857
-0.0262445208326852 -0.0169980535209083 -0.0252198967275772 -0.0580450042554951
-0.011071869986357 -0.0361250366928886 0.0156293654870369 -0.0775700886576745
0.0183657451994413 -0.0376932560720502 0.0668883917614676 -0.0423886210021944
0.0479342165902168 -0.00184247682648927 0.0549602882565561 0.0217545869830646
0.0268294278315528 0.0437985259040733 -0.00357162627733906 0.0423840400350109
-0.00820709307367389 0.0447023962293453 -0.0307312858022209 -0.0512370191028521
0.0300735862818437 -0.00367182974756524 0.0318303085733127 0.0725560685645894
0.000295113608310222 -0.0236633117684761 0.0306251382927579 -0.0376235097228332
-0.0213676515660861 -0.0101203915996522 -0.0573260310356334 -0.0389891439936165
-0.0112174726555083 0.0144258860236514 -0.0864461514897465 0.0329904296056618
0.00385250405995607 0.0108353746739465 -0.026109531143843 0.0938016066680997
0.00538404721313602 0.00630227017805298 0.0330267009723102 0.0732965230376753
0.00698275170504657 0.00308659500669354 0.0483525714669197 0.0352874263633118
0.00263182881617221 0.00190985116835342 0.0546523515130292 0.00874071772099177
-0.000382847054803863 0.00336497350837119 0.0620337311808018 -0.00438114314655831
-0.00696890428116819 0.00246920982263661 0.0741108456630263 0.00935977973909001
-0.00667963199183908 -0.0053214924689318 0.0618310117286375 0.0506554125567686
-0.000453406960282544 -0.00915738443187284 0.0170222833151395 0.0872614683243122
0.0135324044528733 -0.0160158589421885 -0.0206516927495278 0.100596192947131
0.0298061863167393 -0.00151321843834577 -0.0451148709694331 0.104912315549321
0.0330345596555526 0.0254634131077759 -0.010582237980948 0.142603039968397
0.0402250460928771 0.0392389421060986 0.0229466173003516 0.0690543058936225
0.028975136892742 -0.00347919863027927 0.0344405590810089 -0.0378728209932495
0.0081667621250662 -0.0150295068247496 -0.0544665838737997 -0.0522483753373025
-0.00235641900919755 -0.00854773233238495 -0.0949687659981999 0.024124989932823
-0.00330192280336745 -0.0124841006907399 -0.037483362329769 0.0924406578930054
-0.011595121131665 -0.00870105322006536 0.0260254967458003 0.0772521233150867
-0.0125938127574773 -0.000873554330152472 0.0461816639521463 0.038884417369398
-0.017176477152769 -0.000607405786319445 0.0521407752544618 0.00935997595666313
-0.0203319111100856 -0.00325868184294793 0.0567392724859116 -0.00813911146223471
-0.0266260708030644 -0.0169545396284215 0.0698651440782187 -0.00272387689394996
-0.0104327627160522 -0.0360204049385109 0.0694177274990575 0.0326239533452849
0.0193343404313927 -0.033522712054541 0.0347456328081062 0.0753652042065776
0.0520259927057962 -0.0120820367004026 -0.00264438781082678 0.0993438996578119
0.0608460601844787 0.03602112801611 -0.0321575261881805 0.102142307676116
0.0445975458250652 0.0758657640007185 -0.00879940928581055 0.126142060436279
0.039638334182268 0.0806308485699414 0.0135203158747588 0.0507110029568741
0.0539375545904547 0.0278762282395341 0.0381071731995804 -0.0434588232177353
0.0436280678689671 -0.0114256401443703 -0.0472199123397277 -0.0730647832660417
0.0155832905081513 -0.0313614569825212 -0.101844777402295 0.00554673997381403
-0.00596429942031902 -0.0387753496953689 -0.0518131618296818 0.080798516050726
-0.0275837663361035 -0.026214152025227 0.0102411163445762 0.0754771172291095
-0.0312269044940227 -0.00791613267432229 0.0350346441234592 0.0396987850777647
-0.0345844570197222 -0.00339808921891052 0.0412748088939027 0.00924749365662152
-0.0362692587136544 -0.00700360420248381 0.0431937115667058 -0.0131494834840337
-0.0446870369323354 -0.0289734219453087 0.0579223839180682 -0.0181378377651032
-0.0209301237217958 -0.0588741420699381 0.0714051171219274 0.00477313683613885
0.0247739062583153 -0.0592064271162007 0.0554692418378697 0.0525269516555091
0.081667090721104 -0.0249260353683274 0.02188044175069 0.0914481120984744
0.0916096770154007 0.0530589807221391 -0.017703694064282 0.0966017523304669
0.057267258393168 0.11036784939295 -0.010334638053895 0.0974990172488471
0.0287455965725797 0.11309094218366 0.00628071783461229 0.0170962380749083
0.0678710589359984 0.063911467707029 0.0404613417740676 -0.0549262287124513
0.0767973601616439 0.00381951123155078 -0.0334285534605628 -0.0949535181696042
0.0404403091045092 -0.0474639699108239 -0.0995243200515425 -0.022846145613785
-0.00299342871732531 -0.061965073865747 -0.0660070615775435 0.0557992905833872
-0.0380108348273219 -0.0435527486606344 -0.0101685851007704 0.0646487374065786
-0.045943261444761 -0.0147437478053775 0.0166345137455962 0.0385360408200187
-0.0468655591237381 -0.00490065218915344 0.0246876946125549 0.00845688896465088
-0.0461693752749611 -0.00909293532375343 0.0248755282963542 -0.0169495008683854
-0.0562276806773612 -0.0339588432644097 0.0385072194495979 -0.0324220059991849
-0.032260791923905 -0.0704780962097039 0.0638060865395395 -0.0249038907556149
0.0195675945836482 -0.0777893932010546 0.0693885314891135 0.0210901653304945
0.0951180198911018 -0.0421983831515282 0.0418685240775862 0.0739614337598154
0.110318783740264 0.0554167592926659 -0.00775492447847721 0.0875970270341007
0.0658902848686055 0.124080014064024 -0.0160629001058398 0.0626033056615002
0.010505765417052 0.125848527841018 0.00281038394367259 -0.0282686046068425
0.0642695663127811 0.0919294160459072 0.0418181172295118 -0.0700483004672021
0.0935139268453419 0.0259256377143906 -0.012944788422712 -0.111076430949392
0.0621355542994248 -0.0500783958075322 -0.0831709660019137 -0.0545307917136659
0.00454167621128836 -0.0741068352022708 -0.0730194495735897 0.018843380745991
-0.0408598932331479 -0.0553177413260123 -0.0333982056188771 0.0445785394114256
-0.0531713650769476 -0.0201110237424074 -0.00744495540116832 0.0327082649083853
-0.0518737425562472 -0.00604738792931362 0.00463373948423292 0.00578794812041781
-0.050168121767024 -0.00960218047255324 0.00363024710892159 -0.0196880835618983
-0.0583631966939513 -0.0341118059426319 0.0173730749830229 -0.0428085474896187
-0.0367200601729811 -0.0718004217916811 0.0485527547250267 -0.0478863986707408
0.0142249962677201 -0.0819779451032184 0.0725592922999993 -0.00678495521478128
0.0928297553560089 -0.0484864065330554 0.0534847415990751 0.0543451009931103
0.109436334456468 0.0520460162815102 -0.00422714145370556 0.0759782702965577
0.0622005413305203 0.121119062276965 -0.0251964976909995 0.0264207845285953
-0.00643635093475132 0.113091180490215 0.00435474696833786 -0.0753855233700552
0.0434421696556182 0.0984510775660016 0.0424913433443634 -0.0851277394179277
0.0843143340788161 0.0423388880136676 0.00931678544644233 -0.116966864095591
0.0670326588889089 -0.0376708258994763 -0.0549886915946253 -0.0787046196817688
0.0110548725316698 -0.0689615053497353 -0.070653592462532 -0.0193282164334391
-0.0344764985264068 -0.0553442768744675 -0.0532512393374699 0.0200409615244924
-0.0507249513870619 -0.0215075814539748 -0.0305012713333926 0.022993891633705
-0.0487354359797324 -0.00613194113634999 -0.0159308907747849 0.00251787575728259
-0.0466370209838081 -0.00899626588895635 -0.0159431032737045 -0.0223212871222279
-0.0524448532313074 -0.0314052954839095 -0.00195327247070139 -0.0494980819918799
-0.0319904592970814 -0.0652207414252689 0.0329155462591963 -0.0631624474661242
0.0140603885273756 -0.0737436694173812 0.0697986973130753 -0.0260755597976344
0.0821622991060255 -0.0392651156875089 0.05606526728759 0.038810117333162
0.0896295594789908 0.0515329044278186 -0.00434524013513665 0.0634032132464113
0.0443416789658068 0.104538425029972 -0.032309502741155 -0.00732726648021438
-0.019282964137338 0.0778382425184375 0.00584306229663247 -0.112983044710547
0.0164417884903977 0.0783792149996922 0.0439082366784975 -0.0948852108041612
0.054882888376651 0.0423125466686592 0.0255875738601604 -0.111830904327358
0.0522632227845682 -0.0203231164350839 -0.0284230121246214 -0.0900912486517945
0.0128544768597884 -0.0494083149558493 -0.0626791941658522 -0.0478502127958754
-0.0232596926185611 -0.0438208380501772 -0.0664221721106191 -0.0022004920971333
-0.0393492520472012 -0.0187999165747854 -0.0493850682504434 0.0135610339123765
-0.0390529025574106 -0.00549093098696659 -0.0327227397024233 -0.000839407525891842
-0.0384192507855808 -0.00824413287721417 -0.0321148434294037 -0.025017719432649
-0.0406042587922147 -0.0263583402274106 -0.0156504670847647 -0.0549390406823016
-0.0219868816818123 -0.0533245063943017 0.022965110703677 -0.0731382295817164
0.0172578844771758 -0.0569533042982668 0.0683957674755644 -0.0370880051780325
0.0674860585245817 -0.0201023752187812 0.0553489143025796 0.0293515688335599
0.0599766721052525 0.0511134417849056 -0.00530841084668369 0.052322400775921
0.0182057424017306 0.0784191147102477 -0.0342265818982562 -0.0341538271630554
-0.0251263127620343 0.0290454581757152 0.0052529155492369 -0.133448342137089
-0.00724090380091684 0.041261691534966 0.041072613305961 -0.0979330610897699
0.0197734628684479 0.027196917874653 0.031740966603779 -0.104165102481974
0.0257703389494162 -0.00450788488844246 -0.0137163858479139 -0.092569009072686
0.00869374630766026 -0.0224466029869656 -0.0576884316201087 -0.0612075344687308
-0.00924724459848312 -0.0248479857419392 -0.0721742009131409 -0.0134741931249078
-0.0212591882114516 -0.0127281947520135 -0.0611542951247063 0.0076014160701754
-0.0232973223859575 -0.00442435347337057 -0.0440570531011192 -0.00407541039847917
-0.0257336061137069 -0.00632291469169822 -0.0419779264157499 -0.0282321858673635
-0.0255525227188278 -0.0184886582760651 -0.0230040755164946 -0.0602030975836273
-0.0102268188372242 -0.0366518651891441 0.018205636472547 -0.0784235526225154
0.01959905523823 -0.0374358264445855 0.0692881163157492 -0.0399739947276409
0.0485022748430352 9.42187941818948E-05 0.0549098204407568 0.0248331957990198
0.0256894141152488 0.0453795674938994 -0.00535698435867769 0.0429050748613744
-0.0100282170800327 0.0448630487639994 -0.0288369800904656 -0.0528793382650292
0.0318289661568696 -0.00406065884275 0.0324581831410299 0.0764806981317918
0.000918940641121256 -0.0247772726565901 0.0343232382624199 -0.0388248322453367
-0.0222648404584317 -0.0105140389312681 -0.058897632951081 -0.0419375609778042
-0.0122864941990996 0.0147242615796321 -0.0919690491286854 0.0328324194381654
0.00382898702982214 0.0109515769946445 -0.0283978559991148 0.0976967490408596
0.00516142517120526 0.00591970150337613 0.0328082124139705 0.0771058778836274
0.00706218881247613 0.00337617791001038 0.0491547317453061 0.0382914028425928
0.0027294806083594 0.00208733952296828 0.0572054140313075 0.00980469493336092
-0.00100289382758596 0.00295693909731333 0.0647005080387241 -0.00383146588882913
-0.0075412903810189 0.00213161883619493 0.0767494569244032 0.0102681700894539
-0.00684912369654202 -0.0057613202475037 0.0641222130607416 0.0538417134300181
-0.000289366230283664 -0.00973940305172517 0.0162367792366287 0.0929676907301854
0.0139996174915708 -0.0163109727586595 -0.0239356441268527 0.104897188833663
0.0307389582846406 -0.000883529801994228 -0.0504573731017783 0.108379621645971
0.0348202317336408 0.0270542533552484 -0.0146708852398666 0.148555272490528
0.0420446685593198 0.0415235555619165 0.022875869966337 0.0733365867190224
0.0303842053545313 -0.00271515110259329 0.0371591327557864 -0.0379972204019571
0.00804072597217949 -0.0157842992176911 -0.0557264667147664 -0.0560547388564617
-0.00209269684579429 -0.00810887798935509 -0.100176064085912 0.0233764561488448
-0.00342024382371489 -0.0129992587009412 -0.0402768599780807 0.0958316383056659
-0.0118829659658367 -0.00942583971937989 0.0255223059780202 0.0812198097763368
-0.0132490775768648 -0.00134267904173276 0.04679398038307 0.0411331963146505
-0.0174213070822131 -0.00108928079618272 0.0532885594616839 0.0101051299539438
-0.021315736199321 -0.00413005712527548 0.058519963910735 -0.00803206620221128
-0.0279394145809611 -0.0179454979337441 0.0728175471441336 -0.00219252092212575
-0.0104866397869555 -0.0373091577770308 0.072816846816124 0.0349659100168074
0.0212420808047145 -0.0338522119287328 0.0352809275781934 0.0802946474217117
0.0547938340301265 -0.0114810301801176 -0.00472774870287867 0.104136454735826
0.0623890656352222 0.038353289084034 -0.0365483241189687 0.106437439830261
0.0453528890050087 0.080333064527843 -0.0123705693848472 0.131837151541409
0.0405234681209886 0.0849911884830432 0.0135737833747385 0.05449279987865
0.0561140425567602 0.0299624648360783 0.0406970739561721 -0.0438880314881137
0.0452355414777049 -0.0111226977984112 -0.0483217043331217 -0.0775582930056543
0.0170294336607852 -0.0322650553420617 -0.106351563125984 0.00344641426976351
-0.006072225058061 -0.0404168461217287 -0.0556169179254394 0.083437842758938
-0.0283173306183726 -0.0279915842630799 0.00961582413809506 0.0793463417002401
-0.0325735857406404 -0.0087263661584395 0.035426973155858 0.0418649344768952
-0.0358036568461905 -0.00389424931267467 0.0425980138648191 0.00972867858775605
-0.0373217935605037 -0.00831052066247065 0.0446779986818838 -0.0130541093180485
-0.04644921854446 -0.0303464050122829 0.0604232605663831 -0.0186395898196315
-0.0220082140082786 -0.0611457279015319 0.0746447238233307 0.00518927335499208
0.0274338627862309 -0.0614179647406777 0.0569193495178698 0.0560290367360778
0.0859464100225285 -0.024666389432448 0.0210614703254194 0.0962217190488885
0.0947758793477793 0.0572451233668919 -0.0214174641165562 0.101866966769556
0.0587779826406976 0.116550360755637 -0.0130187314811665 0.102127746997886
0.0283685917937901 0.118643139777126 0.0064173466620803 0.018775984967673
0.070219279278348 0.0678832740266123 0.0437629807985096 -0.055007351607004
0.0803644622474715 0.00537802050604315 -0.0331159052831305 -0.100890651213022
0.0435237289969769 -0.0488884295211779 -0.104513837289748 -0.0270925502005869
-0.00293487910300477 -0.0648229017011908 -0.0701367510618399 0.0567448291057673
-0.0395696195289196 -0.0460291909470157 -0.0117300626147951 0.067361191971114
-0.047629113690969 -0.0157171280656968 0.0165403031808134 0.039840004682371
-0.0483416594949599 -0.00584455022440269 0.0255041005169739 0.00893846927800385
-0.0481834821310049 -0.0106089517703198 0.0252557861864668 -0.0173532048646424
-0.0583368356452202 -0.0360479224359631 0.0403587361895301 -0.0345054540033931
-0.0334865291192908 -0.0742363048494529 0.0667501151065111 -0.0257664134421105
0.0221451966021672 -0.080537764938811 0.0720629610761362 0.0245322723911813
0.0994058913176661 -0.0428907251220347 0.0429092883180033 0.0794348330980584
0.115357693644765 0.0596270986760383 -0.0102958565943833 0.0921669122081791
0.0669656193851859 0.131595831149022 -0.0181685219363255 0.0656150068152835
0.00913759482864211 0.131694112306994 0.00402010436999955 -0.0281702833957221
0.065991113180853 0.0969963043149231 0.045571486855969 -0.0712142566432964
0.0972162730702325 0.0285204719478245 -0.0114317123273836 -0.117322863822346
0.0654220118992411 -0.050918679173286 -0.0861396325383246 -0.0596137957114912
0.00564389296570037 -0.0771460675471171 -0.0769423604098129 0.0185108671438655
-0.0422763108581692 -0.0577488236510535 -0.0358377965311968 0.0459773192645426
-0.0547911082586971 -0.0212513990909696 -0.00797244637543069 0.0333485585247074
-0.0536360935109647 -0.00680946595800552 0.00437580008327861 0.00617025335344348
-0.0518513083736062 -0.010935231779867 0.00394859268264608 -0.0210285967563502
-0.0606217783072923 -0.0363461179687426 0.0180813606154757 -0.0449238816478028
-0.0377967620167457 -0.075154668293952 0.0510406882273069 -0.050745712045299
0.0156519741303526 -0.0848013258639799 0.0760808590181135 -0.00556868485807667
0.0971694170568114 -0.0498324347992291 0.0548184861585044 0.0593215453987382
0.114287936985814 0.0562399538561408 -0.00593693251194433 0.0800955934205086
0.063511798956078 0.127840830079323 -0.0267253530368021 0.0271473770018206
-0.00906907631572465 0.118282655826157 0.00578928107133461 -0.0781871774018003
0.0438272338495974 0.103889817055 0.0468532859020522 -0.086900470511487
0.0870710854636013 0.0459972991233392 0.0126049753440402 -0.122874149184708
0.0704697450375772 -0.037940480310822 -0.0564164810554761 -0.0849694814534197
0.0128008909789799 -0.0718090384734948 -0.0738005059179284 -0.0220399337975504
-0.0361503660778732 -0.0586056538815816 -0.0564785622540171 0.0206348636122248
-0.0523898882082961 -0.0230389722318507 -0.0322579068757683 0.0239401020859608
-0.0509095662632216 -0.0071264897328849 -0.0163678991119665 0.00244632769991619
-0.0489501382456518 -0.0103815866888748 -0.0163873120408173 -0.0234602674638995
-0.0543560022872349 -0.0334261191271367 -0.00145957813891782 -0.0518718649076086
-0.0332267739467197 -0.0685052574078659 0.0355002457794539 -0.0668141617487657
0.0150922781833194 -0.0762291656591546 0.073855362780566 -0.0256671028062928
0.0861622353251292 -0.0395420572395671 0.0578724626070143 0.0428557595482842
0.0935647878806207 0.0548144050759004 -0.00591328775265429 0.0672851239458235
0.0451133743212898 0.110501369627272 -0.0338225697851046 -0.0080794504643079
-0.0218283243950179 0.0812266080136726 0.00883543548892627 -0.117674460007032
0.0166453329184149 0.0826695459097676 0.0478403458732119 -0.09743307007422
0.0566077473500901 0.0447934690748799 0.0294555348714057 -0.1175239461159
0.0550089137949194 -0.0201783922980381 -0.0275630602323094 -0.0964276976678025
0.0139358823957938 -0.0515897871944578 -0.0654065317105812 -0.0518735162503878
-0.0246710966239892 -0.0466695990472486 -0.0698753508154759 -0.00264057213131057
-0.0401354166009245 -0.0200760533595426 -0.0522456326847068 0.0136511034829629
-0.0399311880077925 -0.0067851796206326 -0.0346387395039016 -0.00152044659081072
-0.0394456784033017 -0.00871456881263476 -0.0330378682346208 -0.0266467754539908
-0.0420236337510891 -0.0282496132338606 -0.0155012237701424 -0.0577398266477366
-0.021952382761388 -0.055738261411026 0.0247632129454814 -0.0764580055998735
0.0192414661867573 -0.059184871081698 0.0722222538797965 -0.037207241095491
0.0698182101853407 -0.0196236609743372 0.0574799154020368 0.032384034949483
0.0617292543192079 0.0535754933410905 -0.00627874253989588 0.0547267007330112
0.0176108907202443 0.0822991530981295 -0.0351366000836211 -0.0361692359144984
-0.0269101044477223 0.0298570911616112 0.00843747070083105 -0.139672855642629
-0.00815477111133834 0.0428198622891078 0.0461682150391343 -0.101051607335298
0.0202961790475573 0.0284191992626567 0.0350273060852304 -0.10830380948397
0.0272250015858142 -0.00416960373399649 -0.0127354597583826 -0.0982140839777251
0.00960147515949884 -0.0230996511717671 -0.060279134585582 -0.0652574718835607
-0.0097642346895045 -0.0265765121816356 -0.0761065860604102 -0.0154852452645615
-0.0218701924196467 -0.0140951975593452 -0.0637915588627161 0.00701447516744228
-0.0240052622553839 -0.00519584286327006 -0.0462652851678025 -0.00489721128688982
-0.0262311286409675 -0.00634479689311538 -0.043870209127053 -0.0303093832577303
-0.026768063491847 -0.019459936317296 -0.0231099661999887 -0.0625711298342533
-0.0104726923010999 -0.0384287904180221 0.0207086450413377 -0.0825893177119398
0.0213666248436487 -0.0384789428767643 0.0730752167689897 -0.0404207597158242
0.0501806169385179 0.00107577120785241 0.056936869549067 0.0283679204905048
0.0262244594859543 0.047837775435541 -0.00656982424677889 0.0450141141530094
-0.0115467181777017 0.0460341343048666 -0.0294077756751297 -0.0556231974494881
0.0325393367450802 -0.0101271687621965 0.0446218111589514 0.0784882005670795
-0.00226138203945284 -0.026158062991647 0.031575205236672 -0.0451144586762943
-0.0242482476798583 -0.00773742489499891 -0.0662431456177854 -0.0358257464838226
-0.0102776072678832 0.0158832545557502 -0.0905800271681794 0.0484160891904083
0.00414783166810236 0.0101181086022543 -0.0150708006161178 0.106098339551292
0.00621637697373796 0.00591662103726999 0.046661977473873 0.0755310461446316
0.00798021146607612 0.00244900038049341 0.0572940057558823 0.0331682905258814
0.00282452284148662 0.00220908734685955 0.0598780609122177 0.00221815768756113
-0.000366413448654272 0.00377880312308975 0.0664909676999033 -0.0130702374611963
-0.00786791389655462 0.00355535443595058 0.0813884648160639 -0.00037205952662597
-0.00867530184294087 -0.00470205598780327 0.0752204174866699 0.0485643918565528
-0.00102670496693964 -0.0105273186768005 0.0300536191150677 0.0963160401436095
0.0120221220477336 -0.0191999644556897 -0.0107418336122629 0.113171855428084
0.0314882969721437 -0.00587154596668519 -0.0383307617285127 0.11957349721952
0.0399908488795159 0.0219881794358822 0.00494597373022458 0.158348531965391
0.0501253186632359 0.0366360390939801 0.0311814639625915 0.0737571194235965
0.0315363003973346 -0.00704710391224876 0.0326570667395853 -0.0442118086408924
0.00745310219293029 -0.0175443800573609 -0.0674181154185585 -0.0501808234633349
-0.0028895935898626 -0.00951807420150587 -0.101598680288345 0.0404489945838961
-0.00615410529004155 -0.01393802439549 -0.0259800018107663 0.106908293195727
-0.0145274252077473 -0.00785196749633634 0.0395361612027082 0.0814012014598467
-0.0133865213296444 0.000227973040645053 0.0557514955513224 0.0368203919701565
-0.0189465153054299 0.00164373292423794 0.0564239837922524 0.00297977220204576
-0.0228259329399579 -0.0007274895034449 0.0592152943413115 -0.0164658866315128
-0.0320529390247612 -0.0137198356319199 0.0749539007277385 -0.012840895833864
-0.0172083511946576 -0.0360740007906538 0.0807225796853163 0.0265953237318957
0.0173881700875807 -0.0391431780584884 0.0477560724048681 0.0805434488439815
0.0550673339338164 -0.020315709304173 0.00854084739552071 0.109643248574055
0.069808046517824 0.0302257594386647 -0.0233418682725625 0.114582483872903
0.0588236521212381 0.0758279945346777 0.00419054034380238 0.140457309281439
0.0565723020196605 0.0830822574689049 0.0153530900568576 0.0527407616572347
0.0631278340493417 0.0239432428180236 0.0342770135199651 -0.0513866660508031
0.0467227416793211 -0.0171942042683963 -0.0643045521409637 -0.0733188811062742
0.0146451933686192 -0.0362256928690319 -0.111719960015088 0.0213760712614357
-0.0126528358450323 -0.0421056698065383 -0.0444405875119232 0.0976446857173478
-0.03424258869388 -0.0252340142962325 0.0237749057239354 0.0823358830374901
-0.0348611943954912 -0.00422240363291556 0.0448254736817431 0.03985483778898
-0.0374212793445636 0.00124867325281089 0.0453560571298711 0.00447818601769207
-0.0403148591856125 -0.00306464814800542 0.0440196747437245 -0.0197131796042728
-0.0526598008242502 -0.0241120969673474 0.0592863723558077 -0.0280686504729786
-0.0323549125942742 -0.0591002116734858 0.0788019493591071 -0.00464773195787345
0.019678234716116 -0.0678396890355089 0.0675238367651308 0.053019129172315
0.0847090039443622 -0.0385463840930502 0.0343751429557097 0.0975952165803635
0.105980269696556 0.0448173277563736 -0.007922470824768 0.106894877318958
0.0771584221449416 0.110894629484856 0.00051743943302669 0.110087407510844
0.0492666801988861 0.121709323617788 0.00132874186262911 0.0136797274753457
0.083343870345139 0.0626086415016024 0.0343190503690075 -0.0648426835115787
0.0854635310640783 -0.00552790945035696 -0.054622311925937 -0.0996877048089773
0.0393191236889601 -0.0577828305082362 -0.115263175665784 -0.00956274388079813
-0.0124498567970632 -0.0678809280472878 -0.0639315962233104 0.0733663058062466
-0.0482847585952138 -0.0429305411550943 -0.000223356706384743 0.0746485423882757
-0.0517760334852786 -0.0102597518159023 0.0251223596810558 0.0409988127239804
-0.0508057021326763 0.000654442728197841 0.0271989838153273 0.00527466978540839
-0.0517893883794962 -0.0041105866347642 0.0231541899104205 -0.0217407762166132
-0.0653506059647216 -0.0284637744383452 0.0365436326686848 -0.0415773807758479
-0.045807668224262 -0.0702152945603283 0.066244339624513 -0.0360502606373151
0.011302602275355 -0.0863000766916057 0.0780390023749817 0.0174389548543936
0.0954614740041985 -0.0589122715766353 0.0551013814406268 0.0775087885315971
0.127196463530445 0.0440515080548824 0.00303658260503606 0.0955850012570932
0.0881535179588362 0.125837650256878 -0.0101812964121447 0.0718794274553306
0.0311519770621353 0.138864879483583 -0.00876821617080089 -0.0379330740352952
0.0832397716754648 0.0945310559759983 0.0334214029364757 -0.0832982760887528
0.106715482776474 0.0173354363937669 -0.0357631428333685 -0.121503566229216
0.0624426289664708 -0.0623690890805945 -0.102569288370027 -0.0464668897095249
-0.00525837557254564 -0.0818336057616803 -0.077915669677928 0.0349679996029652
-0.0527155407553291 -0.0547434210952034 -0.028014137336551 0.0565721946724507
-0.0600522141793422 -0.0150883112718456 -0.00152109670084969 0.0382279667884429
-0.0565495787109134 0.000333100902663754 0.00525282313431689 0.00569402404940994
-0.0550354551082519 -0.00329847947977545 0.000836247041880353 -0.0211928069752045
-0.067629028266808 -0.028018065764923 0.011364252664032 -0.0490444120232614
-0.050730230106232 -0.0711277603222468 0.0461525876973142 -0.0596223232196144
0.00429621775746747 -0.0901551915960148 0.0779590409166082 -0.014406560710832
0.0924306657355593 -0.0657465790216227 0.0645945932713643 0.0544101049053742
0.125787678660448 0.0407824271565754 0.00620723346261244 0.0828751911237296
0.0838598830246164 0.122738210657528 -0.0240683970568034 0.033155742046449
0.0100864613161265 0.128112640950209 -0.0126357725935681 -0.0910344896027232
0.0610773345795973 0.104580367716416 0.0326803758989128 -0.10058084455089
0.0983031201922278 0.0368799612220438 -0.0113891669763496 -0.131456583047571
0.0696554603746235 -0.0485748735608722 -0.0759041636813802 -0.078081749321997
0.00377633827955673 -0.0770475164388281 -0.0822790432517275 -0.00792069346071332
-0.0462018841052779 -0.0562141791598281 -0.0541417670913264 0.0323409918718699
-0.057324054533838 -0.016859844731203 -0.0288811624666851 0.0321954737256455
-0.0534895058735933 -0.000488652146318739 -0.0167975770143046 0.00498477542886573
-0.0519494903791317 -0.00280341061252468 -0.0210202532016918 -0.0214014361034478
-0.0603751936398498 -0.026754334349206 -0.0100958447991478 -0.0534321093063967
-0.0440383965359617 -0.0647679600939897 0.0273459130821694 -0.0743956555995731
0.00526458187687687 -0.0804334740954794 0.0724057229473193 -0.0364988950387283
0.082225802672796 -0.0534459179269283 0.0663466022116016 0.036160482854843
0.104115485105423 0.0428514706444568 0.0046294662565662 0.069754232570797
0.0621794954021931 0.107022073771647 -0.0366722152996727 -0.00280154561271921
-0.0082200396196662 0.0910848284618215 -0.0123606267794467 -0.132183384404445
0.0290831956028451 0.085751276187225 0.0345051752370887 -0.111982088759849
0.066223411419338 0.0403184503720548 0.0087444004807156 -0.12906584481532
0.0559406650268084 -0.0282116830341834 -0.0475997324711257 -0.0957341023999503
0.00815379611073491 -0.0557709379553639 -0.0778862430169424 -0.0413704608792261
-0.0316564457907205 -0.0453928179109702 -0.0723098225672132 0.00995857046647009
-0.0447389943114107 -0.0155459735628085 -0.051572593959082 0.0242635339297047
-0.0420370225251998 -0.00137173813233255 -0.0356450535684729 0.00296974498369705
-0.0420432699854291 -0.00260460384470972 -0.0385277818054522 -0.0228147987797817
-0.0466169089309961 -0.0232649025432532 -0.0254907629197601 -0.0576505284214608
-0.03050034247474 -0.0536862232451521 0.0151533642659218 -0.0836213527297334
0.0114112701379401 -0.0635398086643731 0.0699201566943561 -0.0482412415331982
0.068883651478479 -0.0300682245064417 0.0646482784213028 0.0256674352708065
0.0710967489358341 0.046288187350575 0.00261666684294082 0.0572419305180446
0.0299000440598021 0.081895890983719 -0.0420223157420289 -0.0323592461500973
-0.0225029309635686 0.0376475587133255 -0.0128914819405218 -0.152314101956912
-0.00155364165885779 0.0473238115544633 0.0333777692045911 -0.115177573166349
0.0253315455847317 0.028484537707315 0.0187226196438384 -0.121342941120442
0.0288356295129037 -0.00671066152624337 -0.0307751821065745 -0.101238257732869
0.00738129740266017 -0.0263882196249585 -0.0742941958338206 -0.0577087581511469
-0.0136799141199239 -0.0265000868331177 -0.081806982462303 -0.00303797679317985
-0.0241831112181288 -0.0115153151473542 -0.0658901877136266 0.0187190256178411
-0.0250534929891483 -0.00259976936601226 -0.0487952239939798 0.00136320767254719
-0.0271326122672279 -0.00308421055878558 -0.0499261525947407 -0.0253299571283246
-0.029453434577443 -0.01635946760784 -0.0341843817704476 -0.0626882822363815
-0.0156675921588707 -0.0382440622122981 0.00970045056076821 -0.0889079897715366
0.0170002901362692 -0.0423001879553944 0.0709291239782175 -0.0520627920047182
0.0514092284732062 -0.00592468527007031 0.0635292075176999 0.0220311200250198
0.0339686761387544 0.0453422008947323 0.000232287887218768 0.047244977120922
-0.00538028473614817 0.0490618751371193 -0.0386906635461425 -0.0538831951732765
0.0323897217847295 -0.0125640001980915 0.0517312503876568 0.0770854777125334
-0.00416498222001219 -0.0265646947563877 0.0296363395977564 -0.0483808179202672
-0.0250467305195916 -0.00640345907532891 -0.0696940978990868 -0.0329701218659522
-0.00839112206343804 0.0167275137208269 -0.0902212359662535 0.0551338968206249
0.00482562757283074 0.00976963331058735 -0.00716332712891239 0.109324306578617
0.00636684095213288 0.00543045966556546 0.05239975654625 0.0736943338776282
0.00817514301390488 0.00198181595118401 0.0610231773620051 0.0314210458179151
0.00238072879628188 0.00196153427952353 0.060927322293929 -0.00149419678906805
-0.000691155687179966 0.00345830891797215 0.0655477577866233 -0.0184311821907975
-0.00810787416089766 0.00428679709692934 0.0823441764934165 -0.00603876748526554
-0.0086596820641962 -0.00363407748945824 0.0800765326714916 0.043448862716903
-0.00156512787351737 -0.0115657466581937 0.0371135504164697 0.0963109314524069
0.0110161639639097 -0.0197642039608943 -0.00388621412184403 0.115998915109205
0.0310671972446163 -0.00792496453188761 -0.0329090375056386 0.123929765244953
0.0420696861877361 0.0190988938967808 0.0150669265868025 0.160512256420515
0.0542685082936328 0.0328886174294456 0.0373147680548541 0.0740841617607139
0.0315189777437936 -0.00976037351329884 0.0319887903679956 -0.0473562800581985
0.0059387085073557 -0.0182353483011697 -0.0710096822057049 -0.0477632500980369
-0.00287964312553479 -0.00912586984002081 -0.100964438824961 0.0480910604205586
-0.00746096422639004 -0.0139952784898898 -0.0195396675989225 0.110642265541872
-0.0152132873652837 -0.00698797080826925 0.0464195270491846 0.0799786546753033
-0.0138386538198566 0.000971173553507644 0.0590989701314901 0.0337063952149343
-0.0189782582402278 0.00276827078516919 0.0570045580407427 -0.000692753109093127
-0.023138172072279 0.000716862172230024 0.0583047718497216 -0.0210233468187264
-0.0337659869707796 -0.0115277747807024 0.0749253307758524 -0.0188140689436819
-0.0202559759320911 -0.0352311953081954 0.0840725882319095 0.0212136821485813
0.0146568481156516 -0.0407188747467181 0.0541034401752244 0.0802921146235046
0.0537596244464218 -0.0242690276949945 0.0162179216909322 0.111041788798465
0.0729818149985234 0.0253411438908863 -0.0177899492026074 0.119003207899303
0.0655977932718814 0.0728240507644699 0.0138360650476269 0.143003158638416
0.0636874865800366 0.0799799558738442 0.0203549714958286 0.0534701113687287
0.0659375890172745 0.0201584216217787 0.0329054618204144 -0.0540895822297037
0.0457594131540547 -0.0210937985054364 -0.0705288226932085 -0.0710075833220127
0.0124218880545627 -0.037968149034987 -0.113055691918028 0.0290691965278865
-0.0166105880847867 -0.0415524412684004 -0.0385599760704627 0.102416281660329
-0.0362685894106906 -0.022654032704823 0.0301980889842644 0.0824095943260926
-0.0352357033713055 -0.00181086115184394 0.0479843965713419 0.0375391100849
-0.0378942321185118 0.00379940351029733 0.0457886254965338 0.00114596795032724
-0.0415136400664416 -1.73346524178981E-05 0.0433218453284033 -0.0231456799168441
-0.0553680116474899 -0.0205847587502026 0.0571347073221757 -0.0335748422696762
-0.0373412362594147 -0.0572273098914697 0.0793599433426933 -0.0107521100670963
0.0152106043373623 -0.0702161548714606 0.072475834676241 0.0504607277288769
0.0828288828131132 -0.0445604076639431 0.0416835586201577 0.0980605265574736
0.111178618468186 0.0375867292534661 -0.00169636024621458 0.110128476509482
0.0866056754673869 0.107461736247679 0.00852273542487817 0.11246566164554
0.0595253902394076 0.11931087282628 0.00275400278706999 0.0149586101107916
0.0890014127552389 0.0571462372993899 0.0317782937411172 -0.0675998743265537
0.0863318872996548 -0.0112648091508383 -0.0623474405826776 -0.0986478881258562
0.0362447972070841 -0.0607209129076343 -0.118932158372831 -0.00257159823849354
-0.0178860660415186 -0.0680247439617143 -0.0605354857021422 0.0789408398175362
-0.0525103991394733 -0.0392405872298989 0.00503738342488005 0.0757914848904566
-0.0530151958460068 -0.00599134646618337 0.0281196528307507 0.0397861368885061
-0.0508468542723295 0.00461204366466528 0.027665573285878 0.00340935610800235
-0.0529805371585836 8.31863146632492E-05 0.021457352998518 -0.0236122156111739
-0.0689060390993347 -0.0234386368734257 0.0331347020857906 -0.0449480178643941
-0.0522216012562229 -0.0672329772859805 0.0636669628683618 -0.0421813221763928
0.00522256113252372 -0.0883783346727687 0.0811871986559378 0.0126932685771757
0.0926947786946863 -0.0664687821243932 0.0613329411002886 0.0758693002939544
0.132554101413951 0.0352375106732552 0.0089948269412148 0.0981717996664359
0.0992982033292299 0.121997895073205 -0.00472062000921378 0.0745913471537855
0.0421595992023378 0.138700678341175 -0.0110354312730213 -0.0375963514405472
0.0912546492442438 0.0902107970648147 0.0296227573414276 -0.0859142482374888
0.109611764785906 0.0102901626607642 -0.0450419090150628 -0.121886589388504
0.0595999790028094 -0.06737460874291 -0.108023800043767 -0.0414976906062108
-0.0115418144454346 -0.0825636492621817 -0.0781044250989978 0.0408888755413485
-0.0576585693625997 -0.0515872282042978 -0.0247407682029704 0.0593001891568115
-0.0619445069860443 -0.0102958498434619 0.0011939493028412 0.0380832507540744
-0.0567333306784934 0.00459413379392948 0.00581452766858318 0.0051739602063759
-0.0565285820392458 0.000567771797247077 -0.00192995885491294 -0.0223758361166346
-0.0707970238436326 -0.0237815495443285 0.00769379479236738 -0.0506933166213469
-0.0568557189368347 -0.0681557344276283 0.0418146389649837 -0.0648565159566803
-0.00179787092890535 -0.0915543169539143 0.078778104917023 -0.0194055639787881
0.0883488295343956 -0.0730447829188439 0.0697074845032729 0.0519387124528071
0.130697528616271 0.0320321643180346 0.0115926314375759 0.0848351360009423
0.0944295339712974 0.118603527482271 -0.0219818774467898 0.0358303166580064
0.0197843975172978 0.129566375974529 -0.0180491247963646 -0.0913112670923302
0.0692558226679971 0.101677316829166 0.0276941296157427 -0.104221901183073
0.102142154586377 0.0310510335499487 -0.0209765898978542 -0.133063206378285
0.0682340694264261 -0.0545540522778424 -0.0828014505217212 -0.075276458625375
-0.00192405249278653 -0.0782132767430882 -0.0847281621500466 -0.0023902540520241
-0.0514195594379129 -0.052907112618378 -0.0529600949798831 0.0368115710908295
-0.0597942190706921 -0.0131085239419128 -0.026796039251656 0.0343543613850047
-0.0535264746615718 0.00350533405745299 -0.0171582173333241 0.00650556952051163
-0.0523358637230845 0.000892189218684124 -0.0233385665814 -0.0200366488168747
-0.0636007370658565 -0.0226800444128068 -0.0143792738597069 -0.0538574863273512
-0.0498371890503666 -0.0625410364194163 0.0217309204350838 -0.0788508249183647
-0.000189958392656784 -0.0818600252306858 0.0712667795672834 -0.0418163646151795
0.0789498605639462 -0.0600459949795215 0.0704998744706409 0.033614162301105
0.108724389354501 0.0353515398427769 0.00939519238082415 0.0714573173867688
0.0711507168829962 0.104157882153378 -0.0367513757099481 0.000182999766988718
-0.00212344304558419 0.0930815397248676 -0.0214667633250427 -0.13321168420079
0.0356965680724583 0.0851202541637851 0.0280019808898407 -0.116155978684895
0.0696612977531949 0.0368082584109329 0.000211674775667991 -0.131957825642787
0.0548264709328075 -0.0320178773782484 -0.0550621288022011 -0.0951412898535162
0.00439431476661375 -0.0574299064921999 -0.084118101334809 -0.036660488032677
-0.0363224674260171 -0.0430489101364948 -0.0732349789668814 0.015659488820762
-0.0467383984608287 -0.0126917181060027 -0.0505821793558083 0.0284040526633406
-0.0424528621086971 0.00114895778662535 -0.0362291914446763 0.00581263351889722
-0.0424569839973519 -6.91082537477932E-05 -0.0405656409811151 -0.0199171316013147
-0.0493375260290012 -0.019443735604497 -0.0297628722536628 -0.0572583705618069
-0.0351692363899421 -0.052284074759356 0.0086824420439789 -0.0863221567120631
0.00751733778222997 -0.0650828854150828 0.0673858239376034 -0.0531564507732138
0.0672653851923717 -0.0353500778885678 0.0674435519014451 0.0223230938540237
0.0759875449077397 0.0412953789463893 0.00605685737178549 0.0584648499039094
0.0358203388844035 0.0812396244851139 -0.045067120665511 -0.0301001331874214
-0.0197900294770242 0.0395678776898173 -0.023507309245564 -0.154472723474975
0.00169045988675523 0.0482238237500097 0.0271000088131993 -0.119520362618327
0.0272276859988333 0.0276329004082561 0.0116055843109469 -0.124717949441207
0.0288469043991898 -0.00855554755403925 -0.037844121573571 -0.101789275993311
0.00619345384170442 -0.0267098732432041 -0.0810397373843956 -0.0534016510364385
-0.0162447027408288 -0.025681256936347 -0.083431088145818 0.00276376764979411
-0.0258987595105353 -0.00998294188461096 -0.0654925926606831 0.0237745879368195
-0.0251367559355279 -0.000874553295523364 -0.0489125942529735 0.00425786690187934
-0.027803656911705 -0.000718413961340579 -0.0524264971199758 -0.0218901002726998
-0.0308111513689188 -0.0143253406136107 -0.0393433775256425 -0.0617445011267851
-0.0187376266324193 -0.0370694722087307 0.0032795211638768 -0.0913830340509713
0.0144053513232701 -0.0445148120056406 0.0685422122969563 -0.05786271325437
0.0517449607633985 -0.00910997838629445 0.0665885262676139 0.0184342079139006
0.0374197671638194 0.0432775276776263 0.00376236183233386 0.0488246245770439
-0.00185268067570058 0.0499562727825092 -0.0432162267740025 -0.0511397167653916
0.0305586068010118 -0.0146195645728909 0.0555133881638093 0.0718106635267429
-0.00526974098089039 -0.0259539263023892 0.0265162305574466 -0.0487230818438927
-0.0239569992710449 -0.00410158408887429 -0.069461853825961 -0.0283458829535542
-0.00704438346052728 0.0169454470393274 -0.0844960666616965 0.0593484877348077
0.00538751538730794 0.00871788895592921 -0.000661419086317186 0.105485738564966
0.00678684610256086 0.00509730490098378 0.0552831968401157 0.0680896362259427
0.00859091600929206 0.000836376074246487 0.0614064850491366 0.0262254686092611
0.0027899362872909 0.00142994423804422 0.0584735289780742 -0.00498242823796186
-0.000836438350204187 0.00373145241035401 0.0625937712827901 -0.0216788426965918
-0.00741903079005767 0.00456569149041561 0.0789068358936922 -0.0114053178673769
-0.00885204160288652 -0.00295774364428639 0.0797824559564579 0.0373464369984311
-0.00217175342580013 -0.0114218394800009 0.0426598524029196 0.0925584605936051
0.00932210430485556 -0.0202062498013379 0.00242411063911685 0.112208229122293
0.0295816974069708 -0.00942672765589697 -0.0254516425777388 0.121927203797046
0.0420316432854871 0.0160847114726785 0.0243414469878116 0.154876050131778
0.0548310344999237 0.0281504461922001 0.0421520895203137 0.0695677736884483
0.0298703226479859 -0.0117285587374203 0.0288585354693879 -0.0476959396952416
0.00446036825521478 -0.0176886826052886 -0.0716919997854812 -0.0421635088439718
-0.00307196242755126 -0.00874935755930864 -0.0958808776516385 0.0527131443594123
-0.00879527999765705 -0.0130291996881903 -0.0126124453179571 0.108264297004888
-0.015179490599133 -0.00559143975131811 0.0493637443043568 0.0743787500179252
-0.0129849708245266 0.00156521067317807 0.0590647787204654 0.0295446395267401
-0.0183347238129097 0.00345562471662886 0.0549627897319761 -0.00391364283977453
-0.0228464782159922 0.00223850185050795 0.0547694982909562 -0.0237486206531808
-0.0334871128020428 -0.00863658623292414 0.0705235901311796 -0.0228680000645689
-0.0218427816682827 -0.032520471460013 0.0823455635907844 0.0147994141539732
0.0123913842920923 -0.0407558469835597 0.0575239858460728 0.0748918494091545
0.0503597652756812 -0.026973438287265 0.0220524497326765 0.107232431970223
0.0717925654354829 0.0202834580188563 -0.0105486596033196 0.116275948821071
0.0676541526879366 0.0663852553945569 0.0225933599417846 0.138172991361822
0.0670472071375319 0.073349386372809 0.0242171512574759 0.0512722724570487
0.0649406895922784 0.0151111624775383 0.0305627848370276 -0.053879205442537
0.0429916844426462 -0.0231025199843119 -0.0721884287733801 -0.0655561068685196
0.0100130579877832 -0.0366564275544395 -0.108708224381836 0.0342042646893236
-0.0186596759791359 -0.0390858661894984 -0.0315889279563986 0.101624034686622
-0.0368504709449466 -0.0193561014788249 0.0342834146124583 0.0774820281819509
-0.0336805203734349 3.08402913113375E-05 0.0483846459113555 0.0336362108607098
-0.0359126296548813 0.00557411024108874 0.0434862493931441 -0.00158925389402579
-0.0403660091919592 0.00231384650954762 0.0395070131587128 -0.0249128098149664
-0.0552952508851419 -0.0160199308412517 0.0524867795135656 -0.0355285346919428
-0.0396257371234812 -0.0525620641896488 0.075613740767783 -0.0158710950651434
0.010474069183508 -0.0685999334413916 0.0735660673633461 0.0454356660462213
0.077265297591164 -0.0484761211212747 0.0461738117600826 0.093437722089367
0.109362814208593 0.0293091565717997 0.00443909901883943 0.107384754443387
0.0906177922567456 0.0996828765767355 0.0143452548187663 0.108192393178497
0.0651217351889833 0.11155731809263 0.00461704879006671 0.0147727645578286
0.089436804170789 0.0493435261638376 0.0286561103803086 -0.0665405458152153
0.0823429536481346 -0.0158182165504193 -0.0663723565438759 -0.0925679323245589
0.0318519301096056 -0.0607749742990612 -0.115646122458422 0.004343094991211
-0.0217092892204732 -0.0643796373279631 -0.0546770992008027 0.079863161165287
-0.0532757911752467 -0.0343080019492973 0.00976986399096634 0.0729453728645487
-0.0516651284582425 -0.0027557568794154 0.0294411131928475 0.0363831622930529
-0.0490257503759874 0.00736295816946093 0.0263452409355169 0.00181332529216909
-0.0512838522133431 0.00356781644322795 0.0183915143339436 -0.0235636866674413
-0.0682582013921614 -0.0181092088714688 0.0286939500897549 -0.0455006863217135
-0.0548136673925006 -0.0613150281031023 0.0580512440248401 -0.0453641360264025
-0.000224608695204946 -0.0854361605494931 0.0794983011701413 0.00841066351650688
0.0851241108018778 -0.0704710616261304 0.0643474297896602 0.0707277188448743
0.130438483055964 0.0252639367382521 0.0144825816703129 0.0953231686309327
0.103627997404279 0.112165198703792 0.000298247354830718 0.0722351881091169
0.0494167100265128 0.13134828896307 -0.0120866199324289 -0.0348026446719237
0.0935943152520235 0.0810477631109583 0.0246418868887858 -0.0842351890340411
0.106253576284656 0.00322435678492649 -0.0498485149767454 -0.115716686626472
0.0538132719574445 -0.0688456257111775 -0.107927386241648 -0.0345002459984531
-0.0162348853389765 -0.0788294947331451 -0.0742869977565443 0.0440176781176327
-0.0595840980231983 -0.0450623823296348 -0.0203590427493048 0.0593965122506449
-0.059972775038289 -0.00562513802950513 0.00318505439955616 0.037405684091669
-0.0541004778606267 0.00753745808892769 0.00594497612759365 0.00495734413813989
-0.0543378036198168 0.00444801628463515 -0.00338654804188747 -0.0204889145678677
-0.0701868740702287 -0.0181043817988408 0.0037744627475704 -0.049902946474587
-0.0598906082022331 -0.062027202154483 0.0354197140938022 -0.0664272084425324
-0.00709580875917356 -0.0876181887671323 0.0749914558496233 -0.0230225196544869
0.0807895811962405 -0.0763197967234263 0.0718387360468102 0.0471239594969412
0.128312039491896 0.022291554732216 0.0162523126453851 0.0823807784554865
0.0989595158403514 0.108985869998063 -0.0184808555577199 0.036429050075131
0.0276102606741038 0.12412564689579 -0.0229256159335698 -0.086744732987325
0.0736633234895818 0.0941309583610149 0.0220825256298446 -0.101584517312595
0.100404468799456 0.0239308512024259 -0.0279006061111314 -0.127674568447495
0.0622656528645334 -0.0568564590883397 -0.0852790947240415 -0.0689878466861463
-0.00687724615313001 -0.0753125189121426 -0.0837766731541978 0.0030005098840295
-0.0538134025952219 -0.0473693157104929 -0.049417900077719 0.0391851781693626
-0.0584624311585892 -0.00833661845852516 -0.0243156225016504 0.0346900392546343
-0.0511380037498036 0.00647440598530404 -0.0163065511930088 0.00714776176616488
-0.0507556594824335 0.00405568751751017 -0.0243529012517714 -0.017417150630223
-0.0627966160715852 -0.0172775336174799 -0.0175595614343729 -0.0512213973899054
-0.0525153581073522 -0.0566091253746091 0.0150297023396908 -0.0777148973414256
-0.00499137745469637 -0.0788333671398766 0.0672666744555379 -0.0439561691042049
0.0719917786056341 -0.0622431897922562 0.0710041710268021 0.0287146724839441
0.108098794965175 0.026665566324915 0.013886032366226 0.069279160709664
0.0752023802774344 0.0966533225316954 -0.0355867750231793 0.00273368785335509
0.00412542724305597 0.0901846529494388 -0.0291942120747815 -0.127057887670526
0.0399126108032827 0.0799763619847283 0.021148347105912 -0.113851771703187
0.0693424460213902 0.0319216751524711 -0.00731216844217297 -0.12817500679437
0.0513856770178622 -0.034843142678913 -0.0593877454062718 -0.0896047811970151
0.000294282800362201 -0.0552949088350062 -0.0842255441984759 -0.0308336227196804
-0.0381973053612486 -0.0387425667901724 -0.0704833107853584 0.0199956637669845
-0.0455667760565833 -0.0087442856739643 -0.0471686292869053 0.0309097483534417
-0.0406038572828766 0.00391815828541624 -0.0345651235850821 0.00813665375747263
-0.0404913056071149 0.00304895315064078 -0.0409350542946771 -0.0163664949993014
-0.0486901485580202 -0.0160435590613491 -0.0329237628017653 -0.0536998250597977
-0.0378674895094657 -0.0480820070552137 0.00254185017117824 -0.0846944803109355
0.0027897652930594 -0.0628996094043534 0.0627199159101599 -0.0554450881147463
0.0625829980156104 -0.0375786063965738 0.0674901832706655 0.0186896093267555
0.0759413396617606 0.0355014497478789 0.00999146512527855 0.0575617929726244
0.0400097857306618 0.0759712166025434 -0.0449731824701685 -0.025608867043249
-0.0162206522076321 0.0390051313717109 -0.0317733712777122 -0.147918231456997
0.00435304930481189 0.0462684449299909 0.0197731046073822 -0.11684496901161
0.0279041643801646 0.0248594425935096 0.0036206502049776 -0.121370499697339
0.0275910934958598 -0.0102805203217604 -0.0435222749601733 -0.0972814535395567
0.00413683272405711 -0.0261354454416774 -0.0829594788501337 -0.0471703381409625
-0.0176441972853667 -0.0231343747091792 -0.0817572823601802 0.00826627166163773
-0.0254713038089279 -0.00743288230666406 -0.0616382295745948 0.0273428026057039
-0.0242142733784788 0.000719391625260869 -0.0469773756043982 0.00770839683131464
-0.0260012515390297 0.00118758433452748 -0.0527600401603218 -0.0179156432506591
-0.0303658880047129 -0.0118829579938573 -0.042221746524509 -0.0573321362518405
-0.0209488831312511 -0.034882011807555 -0.00250397687040686 -0.0890812035784185
0.0110587144779258 -0.0434744937060851 0.063368453482408 -0.059981059513105
0.0498872383136614 -0.012000234121032 0.0655913855385608 0.0147380196296184
0.0389885430394239 0.0395262672113278 0.00700872288788139 0.0473912831513643
0.000454627444690587 0.0485187965300732 -0.0448126659785037 -0.0470913470063277
0.0287612545432957 -0.0150425136192535 0.0556056104109509 0.0663848384110806
-0.00631867893513852 -0.0245351104745344 0.0256241096644993 -0.0474857324514595
-0.0231980608324291 -0.00312668689916177 -0.0662475739591974 -0.0260618005951744
-0.00567177745679149 0.0155633474102668 -0.0797785147661691 0.0578496962501225
0.00487049713833289 0.00798543926203078 0.00171788580205326 0.0998557519377769
0.00665607846644122 0.00488458158815 0.0537861782353305 0.0632219961148187
0.00750979269860051 0.000229403395469592 0.0590527411991532 0.0241784997989448
0.00201187869128652 0.00108262060585882 0.0554535825970403 -0.00545201486723481
-0.00132223545168677 0.00364454447034783 0.0585632484569414 -0.0215991816980508
-0.00718440539407298 0.00477613595726569 0.0741163648505814 -0.0126358755629899
-0.00796786669617579 -0.00283476034670388 0.0770789501177831 0.0339965245570496
-0.00180626305970656 -0.0111042133621679 0.0424284588761341 0.0868243100150565
0.00828301275102626 -0.0186434676761069 0.00382394233765605 0.106299234379648
0.0273781438068844 -0.00932890269008 -0.0228580672157875 0.116293434541336
0.0400887205035389 0.0145556034051426 0.0255931172128427 0.145674654326567
0.0522385331941365 0.0246792374914166 0.0427004118671825 0.0652045396914264
0.0277627768867442 -0.0119167759822321 0.0277737887795034 -0.0461226537990264
0.00403803596742924 -0.0168886512956947 -0.0688977233169493 -0.0396166257442713
-0.00261733211261584 -0.00836425218631029 -0.0908036174399844 0.0510523695298231
-0.00856149809548511 -0.0118900565291886 -0.00943762179409596 0.102399597907919
-0.0142594824834608 -0.00479518348946598 0.0481928333752349 0.0694445242411699
-0.0123426708162587 0.00182418206779517 0.0561369387421176 0.027569874723559
-0.0168059567397393 0.00385324276087329 0.0516644442900226 -0.00428292662214093
-0.0216945166911596 0.00253150783469608 0.0511724444140294 -0.0232703546174118
-0.0320089945190755 -0.00739067131750414 0.0654681075377749 -0.0230217562912396
-0.021285255277331 -0.030524374008343 0.0778353467882228 0.0123243147566475
0.0109200313540679 -0.0391333528624178 0.0568041080754858 0.0707188609007058
0.0469790962273132 -0.0257088332200062 0.0217990579467553 0.10153278848853
0.067765652527718 0.0179658360051253 -0.00934678501451575 0.111071374918768
0.0656150382812435 0.0619309879319163 0.023962098041575 0.130032771228168
0.065227040364147 0.0672230781337442 0.0246586229822327 0.0483600696815192
0.061435666472585 0.0125385028456339 0.0290311243658078 -0.0515041422647826
0.0397611975098067 -0.0222469867162353 -0.0696286526050692 -0.0613152178480964
0.00907786791855742 -0.035297627292481 -0.102713153457482 0.03442497380738
-0.0186213058393195 -0.0363319518238836 -0.0275394476505862 0.0963673524492679
-0.035056925803029 -0.0170948405088368 0.0342412939768208 0.0725282053007202
-0.0322206759467281 0.0007642134695791 0.0464072046228187 0.0304345835376899
-0.0341170599431812 0.00628383280510363 0.0412041482543114 -0.00193476945681371
-0.0384292576163477 0.0034936645357701 0.03624123434308 -0.0234215600727013
-0.0528700275831773 -0.0133135002170708 0.0482804730151176 -0.0352217199205561
-0.0391694241598152 -0.0485700499927971 0.0703800411495087 -0.0167858256966641
0.00838995899499399 -0.0651195455914311 0.0712452044087867 0.041957734414315
0.0715046475561598 -0.0474851762846565 0.0454073894955947 0.0880524842413648
0.103810722903323 0.0255543431320577 0.00577027505404554 0.101432783798915
0.0878112081648072 0.0925517536710538 0.0165664638719921 0.102199504691378
0.0642649139978656 0.103692425580687 0.0057505307309192 0.0144451949952949
0.0853331281451487 0.0448081752588517 0.0272710077387244 -0.0631099733668325
0.0775312521222168 -0.0165756771410871 -0.0641593411407785 -0.0869082355534003
0.0285922334753146 -0.0579964030391073 -0.110002402767687 0.00600334917304832
-0.0222720436952949 -0.0602947389818879 -0.0508504020130357 0.0766743204341815
-0.0514889189272867 -0.0304182366744042 0.0106402531548604 0.0687807035556229
-0.0484421951154682 -0.000921134340746787 0.027855011093172 0.0335235935076768
-0.0455455906717154 0.00807517176794056 0.0244929511702646 0.00138990417713753
-0.0482122450727112 0.00468127982618265 0.0168660237383103 -0.0218074510963182
-0.0650159440797446 -0.0150013690489955 0.0254644010431906 -0.0433182805252427
-0.0539472029710717 -0.0558094891228491 0.0524322240537507 -0.0446801067833815
-0.00228479794059429 -0.0807746747679423 0.0762965681948086 0.00734337536673242
0.0780459585830904 -0.0680151439874348 0.0630232984018326 0.0665475998238064
0.123706238542548 0.0205603851516888 0.0149850200269473 0.090594046897604
0.100453803247909 0.103871699888206 0.0024324751998469 0.0686568688354312
0.0502188157191836 0.122724405733976 -0.0114221409441408 -0.0321113836913541
0.0903617336841304 0.0746447458309672 0.0232324173762085 -0.0797208444692153
0.100213100086892 0.00176515331541639 -0.0500132206464145 -0.109389857401929
0.0494862726196331 -0.0661518262366399 -0.103328752584948 -0.0313739868638405
-0.0172670879444836 -0.0741767014520507 -0.0698714874961089 0.0430159770788113
-0.0575015353549819 -0.0404135180642417 -0.0181323739115246 0.0565982612853668
-0.0567685326510737 -0.00396676133378 0.00414810324226061 0.0341817048360926
-0.050357308602765 0.00853045106126016 0.00498137154542325 0.00470915473686963
-0.0513225806252702 0.00540821200368547 -0.0039442717778303 -0.0188759001114093
-0.066907573888084 -0.015025013182369 0.00194013562049171 -0.0469243544289151
-0.0588347349080649 -0.0558938593437191 0.0311792905654784 -0.0639539178817598
-0.00903696379463081 -0.0830905178408125 0.0710430295889481 -0.0226023180827468
0.073724421201505 -0.0730112584235379 0.0694837320012701 0.0439479714676722
0.121701155711067 0.0175006549845261 0.0173594713503447 0.0782902384298879
0.0960548051434998 0.101320953956409 -0.016993981801711 0.0344549950259534
0.028705685117991 0.116035150897236 -0.0227479739077244 -0.0807244943295773
0.0716055845675079 0.0875292413874978 0.0199573163029929 -0.0960233905339691
0.0953006713197927 0.0210859931675844 -0.0286087668872185 -0.120812988302373
0.0577712671461818 -0.0553509297719979 -0.0824710057691828 -0.0639674395542243
-0.00854616284901856 -0.0712805463733025 -0.0798121507984255 0.00434232213069258
-0.0528375936521127 -0.0425688629802506 -0.0458843573203089 0.038312370746248
-0.0554848680684508 -0.00660918526916606 -0.021823128362414 0.033441496931264
-0.0475913813014189 0.00690404266543918 -0.0154013297772899 0.00755550777316588
-0.0473288534909236 0.00512299746857579 -0.0229817697559591 -0.0158662043103798
-0.059690642451781 -0.0145177530734536 -0.0177732431373832 -0.0479558500913553
-0.0519058009625039 -0.0520534642426401 0.0114676928289024 -0.0749603986503992
-0.00676928486254847 -0.0744622727708329 0.0631049280827347 -0.0427334197629736
0.0666892852404536 -0.0596676283460101 0.0680986056499844 0.0272699429016111
0.102144552725121 0.0228054396801027 0.0149748286465924 0.0663583905415613
0.0732508939917075 0.0895581975359628 -0.033482077282054 0.00271367326221455
0.00600678459800113 0.084832217853401 -0.0295077360248357 -0.118952026663661
0.0390697747660929 0.0744856174366259 0.0183662491020675 -0.106903968543833
0.0662386710144812 0.0291838735498479 -0.00842059901382341 -0.120749366131581
0.047994208596498 -0.0337850097017575 -0.0581705136590005 -0.0848508585611165
-0.0010994398199688 -0.0525081898000524 -0.081046830397419 -0.0271368832335174
-0.0375544645269816 -0.035463889499879 -0.0664417516149568 0.0205987943038163
-0.0436029177733149 -0.00749550868515603 -0.0435679822031359 0.0299491305687151
-0.0379279369668841 0.00460992100514954 -0.0330130528279845 0.00855003606114766
-0.0382271263074732 0.00365019083236078 -0.0389980815017444 -0.014082154528961
-0.0459562612766901 -0.0137628490212598 -0.0324376802406642 -0.0498674231016175
-0.0373772000390695 -0.044395547542804 5.75966988574321E-05 -0.0806029729342824
0.00187579177054614 -0.0597251414450868 0.0579780555218268 -0.0536750600540288
0.0582953055104313 -0.0365132107993536 0.0651721801491456 0.0175363815825797
0.0724027851987783 0.0308283507865624 0.0108281728684671 0.0540724643755835
0.039290341489488 0.0712628553536357 -0.0434473569834323 -0.0234388412908221
-0.0147376698297601 0.0370054186883548 -0.0329897955300479 -0.139250429933045
0.00609937560027938 0.0433079297533411 0.0166970996953469 -0.110803367054429
0.0272181886805823 0.0231981404277705 0.00151013649998498 -0.115251076911706
0.0258145983732971 -0.0101114498085231 -0.0430547130273374 -0.0922120531438469
0.00344147397137105 -0.0246718836699683 -0.0796672102033399 -0.0425619132195295
-0.0175570584939167 -0.0212337145288795 -0.0779282739831757 0.0100601597582058
-0.0242101062675639 -0.0065847374748559 -0.0576840892911174 0.0271261505041582
-0.0224246896276602 0.000632628692751436 -0.044774272796123 0.00850221212142125
-0.024077626868263 0.00194311595508468 -0.0495647317496806 -0.0154860102226829
-0.0289394775510069 -0.0101384396032214 -0.0410211186675102 -0.053294089931902
-0.0211407105328825 -0.0323693587933546 -0.00525839940862331 -0.0844899397354873
0.00957983963161075 -0.0412461220666109 0.0585643493793282 -0.0579193512275413
0.046182847107631 -0.0117511570147578 0.0626834894335143 0.0132956405437593
0.0378399539259764 0.0361526566908916 0.00787784450984848 0.0453895566561483
0.000834151179794482 0.0458257671654766 -0.0439140596021222 -0.0437197940536282
0.027559028093098 -0.0144877824315923 0.0530266772004513 0.0651695529274206
-0.00571730930571135 -0.0233955133032776 0.0261627728645937 -0.0462409908089011
-0.0217600049842359 -0.00382175805100802 -0.0633355391183424 -0.0274781958495979
-0.00566322666000446 0.0150456440522845 -0.0786078280020944 0.0544103234091722
0.00439154580162842 0.00808275826947226 -0.000277470202127373 0.0957710880348739
0.00648615010279397 0.00461723342743905 0.0506391338332958 0.0616933997581146
0.00738082140811024 0.000569598427770013 0.0567826126695307 0.0245881558540562
0.00187389485677388 0.000926165586693391 0.0531809653940072 -0.00437510150198476
-0.00138659709520459 0.00369244865952887 0.057166288189741 -0.0194802558048094
-0.00715263946775557 0.00429744868650275 0.0709466499452609 -0.0108694186641012
-0.00771066593063017 -0.00276666142599392 0.0731569765885054 0.0339938907807051
-0.00207266296296056 -0.0105371560079984 0.0394090954118758 0.0844438430758143
0.00838538469226333 -0.0175550883921532 0.00116581296789872 0.10199620965743
0.0262882270838498 -0.00723323557988929 -0.0256396954052391 0.111674382210303
0.0387269535559157 0.0145357761840717 0.0215879621130471 0.140246233900667
0.04978432527933 0.0242320114871373 0.0407536145282709 0.063753953369911
0.0263216623471551 -0.0110363711350165 0.0284627138396202 -0.0444231289262373
0.00441307469781528 -0.0158082473468728 -0.0656070886686309 -0.0401313193954476
-0.0024679701525332 -0.00839102865305951 -0.0889103091055023 0.0476617437742122
-0.0076164045667859 -0.011798877253874 -0.0112395316360328 0.0978579131635296
-0.0136606590008324 -0.00437715702106569 0.0457219644744269 0.0678273109044143
-0.0117809306395362 0.00151253258763214 0.0537131640491563 0.0275879845226035
-0.0166263533496582 0.00342839015370452 0.0499819712411212 -0.002936128569591
-0.0211146940986383 0.00247496788479151 0.0495174476754188 -0.0207052678544279
-0.0307820794664743 -0.00771276728564505 0.0631971172580225 -0.0214303777053547
-0.0200619074673016 -0.0294044307786313 0.0740855920771224 0.0137070169252589
0.0112158800699141 -0.0374497920589845 0.0531884592040491 0.0701569622987252
0.0455740018781044 -0.0239758511120437 0.0189253491456841 0.0990996705299253
0.0645549046286179 0.0192826174597676 -0.0112792915494132 0.106829057301489
0.0616355290551145 0.0607272659372422 0.0205189785743897 0.125738561093653
0.0612938947135801 0.0653909345975009 0.0242681236001602 0.0472907550504805
0.0583539461232047 0.0130552099190154 0.030130771199837 -0.0486927365654474
0.0388353853483892 -0.0203906193555677 -0.065668549474291 -0.0610350612697616
0.00955067545391746 -0.0336257584854008 -0.100167902491637 0.0306244266111756
-0.0175861182716619 -0.0352994635932968 -0.0289311170897923 0.0918625347436155
-0.0336328689112574 -0.0164804133361176 0.0315083398206938 0.0705052468089286
-0.0309186797834061 0.000316492977005335 0.0435095175167828 0.0302573976450387
-0.0324424125997317 0.00527778045052671 0.039534001264621 -0.000420416977039369
-0.0376691516484731 0.00229535868686387 0.0351317144706459 -0.0218512650484175
-0.050690294019886 -0.0134990537285389 0.0469060071783292 -0.0328683142697652
-0.0367328289295083 -0.0471307061573989 0.0675652900338045 -0.0151452559065407
0.00943606462882666 -0.0626294909723679 0.0683039236533261 0.0426832424786763
0.0692235019725067 -0.0439999089753329 0.0418608347129586 0.0856470055127351
0.098889559363315 0.0263255516879349 0.00291189749597917 0.0992639674226793
0.0832604991727227 0.0905616924720016 0.0142237382574825 0.0988287370550004
0.0598312450271196 0.0997724287992931 0.00673155481296425 0.0145747805163447
0.0811675254885938 0.0442514730247895 0.0291635559537678 -0.0603295404429335
0.0744739548488686 -0.0140131967275563 -0.0596316681564188 -0.0853836888751894
0.0288225901767163 -0.0558075978977181 -0.106187627167039 0.00244858934104348
-0.0205775541243503 -0.0581087494928296 -0.0508215582648144 0.0732085750114161
-0.0492592045795796 -0.0294270518553186 0.00900501306254068 0.0660096714868944
-0.0466055091728044 -0.00152367380540688 0.026639929405249 0.0330997506289458
-0.0442648425080614 0.00654357331820091 0.0240226606580189 0.00206077951687926
-0.0467622722123676 0.00346174823451296 0.0163148268722278 -0.0204328990781378
-0.0626270952591935 -0.0150429429804709 0.0248446846548415 -0.0407236039478669
-0.0512878031150022 -0.0547745536923127 0.0508208906411071 -0.0421937111464121
-0.000621968730087054 -0.0780431218076932 0.0738742880269296 0.00893813339361982
0.0761297960336289 -0.063596253813801 0.0592903870380692 0.0660495606745516
0.118642242503604 0.022140432574649 0.0128316727104322 0.0883954524605899
0.0954268415013322 0.102156605510793 0.000921420393607662 0.0659274320366231
0.0455307432518383 0.118071737851846 -0.00885055411392179 -0.0306178455772828
0.085376204694814 0.0731804970144723 0.0255468594313511 -0.0754261277585282
0.0962826653060676 0.00366434385357262 -0.0455036580379778 -0.106520808392525
0.0488992929620878 -0.0627762515761594 -0.0993767161031856 -0.0328564812758575
-0.015996172148328 -0.0717005501321628 -0.0685126824647025 0.0405334088462445
-0.0551982369541995 -0.0390029334880525 -0.0187331592693025 0.0541235703841534
-0.0549329261541441 -0.00448649187081613 0.0030065018786881 0.0334404507359895
-0.0482224842584272 0.00698275650615316 0.00441479076506241 0.00471876539597724
-0.0490773965348651 0.00498256925991465 -0.00382940281607659 -0.0176023295362746
-0.0646762217569929 -0.0153726367932592 0.0023066129422234 -0.0450878676272555
-0.0560561637817708 -0.054546931344263 0.0295615515352048 -0.0613334106813449
-0.00772666029400516 -0.079814058560481 0.0695355929101544 -0.020376623705382
0.0722751716629077 -0.0686410126508195 0.0662406743996251 0.044659864645243
0.116128763658666 0.0186952540677864 0.0151025411956548 0.0766793515395765
0.0908805620201988 0.0991846550874468 -0.016878397685837 0.0325556725231163
0.0256488314290831 0.112024269350255 -0.0196943195959548 -0.0773434211231566
0.0668764374061978 0.0849673516076076 0.0228204512205596 -0.0912294995843763
0.0910493093799534 0.0224263013734609 -0.0249176882362424 -0.116971660527875
0.0574415697035469 -0.0522960158651007 -0.0784338587294092 -0.0639753260187801
-0.00700868756557188 -0.0685297392880986 -0.0776386411138426 0.00265450905126431
-0.0503366599537016 -0.0413262441869738 -0.0449185078554468 0.0367708175252589
-0.053085638808821 -0.00700643830325141 -0.0214602841806446 0.0314492669849665
-0.0452647731705491 0.00580704751129928 -0.0149453600352707 0.00681331275996945
-0.0450092270041007 0.00418657155746674 -0.022737150765399 -0.0148984613721222
-0.0579592952014107 -0.0152565221761976 -0.0163296354704147 -0.046700688756199
-0.0490988456669395 -0.0501768497547591 0.0115058007529695 -0.0719980068189642
-0.00473307386952965 -0.0713758821056442 0.061807395467133 -0.0403158376354582
0.0648039998618384 -0.0562667843417132 0.0657217937215234 0.0286305048655802
0.0978643157112464 0.0237281100818077 0.013461793992267 0.0642803981157806
0.0688615989994443 0.0883050566633674 -0.0323026363854632 0.00229656376901354
0.00413804006353384 0.0807485267253413 -0.0254533972268005 -0.115184319607885
0.0367636123377883 0.072449255104647 0.0214840712928581 -0.102276071183403
0.0632217079698614 0.0296247145631245 -0.00607126559613637 -0.116822003653348
0.0469649064805031 -0.0318360617636493 -0.0545357681455834 -0.0832624153054501
-2.82859571948226E-05 -0.0503923680214354 -0.0779031941592022 -0.0272956330002007
-0.0362694363089791 -0.0339738507970851 -0.0645154230121322 0.0195898856131946
-0.0418365382124679 -0.00771732479790263 -0.042456611913259 0.0287621675794181
-0.0359666343318848 0.00304591484156311 -0.0317227778369334 0.00765993308871477
-0.0363263646452633 0.00303028045165926 -0.0371210460544398 -0.014151896232132
-0.0444261362968515 -0.0139518709230407 -0.0303936676173557 -0.0487390359448237
-0.0352821644193537 -0.0430486045185028 0.000685972854912276 -0.0782830957825861
0.00286032571658672 -0.0574938720074534 0.0572835767773072 -0.050502382771415
0.0568137452830283 -0.0338514400033835 0.0627996752231729 0.0186760132537817
0.0694416376247264 0.0315116807132875 0.00982283076041395 0.0523945266462111
0.0357803824852016 0.0697046360892667 -0.0416041938707088 -0.0231005845888673
-0.0143638140466635 0.0351707891011951 -0.0289169617892737 -0.13444834228583
0.00467969767015271 0.0415385579760845 0.0193774765813404 -0.105637753312567
0.0253311370600868 0.0233646788107013 0.00446181109292507 -0.11082198808325
0.0251698506804556 -0.00970988753479688 -0.0400025368812198 -0.090380118436811
0.00366886164451145 -0.0238490339873482 -0.0766168115992224 -0.0430275939894196
-0.0169519079226369 -0.020309832149584 -0.0752247921440309 0.00864552141309319
-0.0237082586330018 -0.00666859520374889 -0.056066688998148 0.0257946804176958
-0.0213744726688429 0.000617435449661306 -0.0434600000299012 0.0068013594978688
-0.0225333240613373 0.00161580900320111 -0.0480616922246738 -0.0157300969376744
-0.0280286857651112 -0.0105459802090378 -0.0384757084693579 -0.0523456844886974
-0.0198646045755726 -0.0311460554961241 -0.00409128585891831 -0.0823982830160296
0.00967399849815021 -0.039820861257021 0.0579130433745416 -0.0548046010775337
0.04477801955964 -0.0103032602010141 0.060661481298669 0.0151749351239766
0.035516879866096 0.0358161529395 0.00701352364149829 0.0433761731725723
8.25675168759673E-05 0.0444288175975853 -0.0415712543344127 -0.0428622479774061
0.0285175509867749 -0.0103190810579172 0.0431667127437461 0.0751658677684436
-0.0016874972541927 -0.0238293278160017 0.0360187997445546 -0.0418642780963129
-0.0201638796238608 -0.00750197784561421 -0.0576016225123988 -0.0389919641950171
-0.00831250613625043 0.012422474008686 -0.0865146317491765 0.0408369909273266
0.00278343183152342 0.00868915177939472 -0.0161731273102202 0.0940466093350476
0.00587795936803196 0.0057776890636031 0.0397860051852968 0.0695719352585862
0.0072550331452835 0.00117995782015298 0.0521012393851669 0.0334752608344767
0.00196799986601134 0.000916062157555341 0.0533360888961903 0.00534412171260268
-0.00147952913802741 0.00279356081286514 0.059733001932918 -0.00906026920588026
-0.00716640768229998 0.00307193076787949 0.0720345452243848 0.00207414412022899
-0.00588223695680969 -0.00439206844177672 0.0662507920462943 0.0470736746342171
0.00140357815102241 -0.010956893945275 0.0235946824364003 0.0926775452176269
0.0130428714534132 -0.0141744174021678 -0.0185575334085004 0.100436556445349
0.0282714793462775 -0.00122365001190314 -0.047498099710084 0.104815861491387
0.0367992922351601 0.0216650629026084 -0.00606706585316883 0.143392961600838
0.0449968835332872 0.030957984504761 0.0277565911306626 0.0719797573320413
0.0275030985985983 -0.00601643542601269 0.036575913758791 -0.0384218539766743
0.00719540123482476 -0.014929603511634 -0.0576604569338152 -0.0506282834588611
-0.000839023144323748 -0.00895043161898414 -0.0944723919927267 0.0334175792722072
-0.0062721117952443 -0.012959150286456 -0.0262256364341808 0.0948569173760637
-0.0124606195440624 -0.00664602332760488 0.0344525707364331 0.0741190172838442
-0.0116665932047354 -0.00126242333851498 0.0491386006546409 0.0359634166425878
-0.0167318562338633 -7.8817764454899E-05 0.0494522686832646 0.00612404567806929
-0.0210308987209217 -0.00195377153446558 0.0525163820285918 -0.0114085589128946
-0.0287623314701164 -0.0129692800098545 0.0656043530421292 -0.00860329108006825
-0.0138286418910219 -0.0324895804882952 0.0704748354892407 0.027018030800552
0.0189874856660215 -0.0355482541522852 0.0402858297025493 0.0802251725832729
0.0505483791338992 -0.0137355515075532 -0.00021656752808233 0.0993479463856634
0.0603014171518622 0.0311205287081135 -0.0325316629685976 0.101525047427316
0.0508325526011777 0.0712874234070017 -0.00345467431714935 0.127874510058078
0.0499112154457166 0.073000938124202 0.0116312293563138 0.0520503605971624
0.0545546255962547 0.0227264190455509 0.0375011972057617 -0.0421080156086635
0.0414283980846404 -0.0136103647135293 -0.0554357652962636 -0.06924478238389
0.0153909321610781 -0.031322391031489 -0.103095446001154 0.0159670268381207
-0.011144479055658 -0.0375816058501231 -0.0419245561026546 0.0868859031182429
-0.0302015176731327 -0.0220852922825046 0.0211841028114344 0.0745928718661395
-0.0302367133627322 -0.00551024230762251 0.0396043706958735 0.0368678697075481
-0.0328968229473245 -0.00119205280928974 0.0388735355079541 0.00643082591767835
-0.0367130557317615 -0.0042096101733974 0.0383123890491767 -0.0142607663393608
-0.0470381865005646 -0.0225429845384914 0.0512806270135216 -0.0231437111788681
-0.027334232973647 -0.0526444413307864 0.068517171843285 -0.00200998236266308
0.021814127113967 -0.0609849568708387 0.0596284307647585 0.0557945028897688
0.0768719948394504 -0.0301445246419199 0.0245595876574389 0.0920968204183725
0.0923374277447452 0.0445798906197665 -0.0159553277571463 0.0959687929586958
0.0661862166984909 0.10521041201336 -0.0044807519191182 0.0991695027005277
0.0430008762479428 0.107118780429009 -0.00352544776892382 0.0155909029614061
0.0720109521476606 0.0575381931679089 0.0361409141045239 -0.0528954427939419
0.075908155889021 -0.000951662062072887 -0.0474694556057676 -0.0910029167035485
0.0384228527300894 -0.0489045772993076 -0.105306325577599 -0.0115569140117171
-0.0102295895622364 -0.0601859888031601 -0.0597450462261738 0.0659671945718053
-0.0425833974635356 -0.0369100160709639 9.46240655033464E-06 0.0670431498923749
-0.0457762717054879 -0.00976966956463462 0.0219051905529666 0.0369879143557473
-0.0438681309210749 -0.00181441443307984 0.0224082221423713 0.00606265372657546
-0.045843124750884 -0.00494349129502383 0.0191850207209361 -0.0160670905221409
-0.0585169943230926 -0.0260272912348247 0.0308854225193322 -0.0345633729751184
-0.0405113700141882 -0.0620805240309871 0.0561977840222099 -0.0314902033559197
0.0139918506959074 -0.0772078738406338 0.071170710059972 0.0235952590309689
0.086767482203706 -0.0488106454562512 0.0448163224388343 0.0762339828565344
0.111818827730186 0.0434346535538977 -0.00452340771563137 0.086584992690145
0.0750784764064073 0.118526574443541 -0.0112648178565832 0.0640028244515017
0.0268459076914381 0.122153214885463 -0.012929653352325 -0.0322988952932272
0.0709993348409409 0.0865990444879293 0.0340393301218584 -0.068659091676772
0.0943160958441586 0.0201324037542178 -0.0314059930559201 -0.108783307626071
0.0594822032962601 -0.0525222989142489 -0.0933903800069564 -0.0443795070007348
-0.00259530624938662 -0.0722694268213087 -0.0724872150961565 0.0323022438158379
-0.0470810743439837 -0.0470979336149514 -0.024476952646233 0.0507586165056931
-0.053299635298326 -0.0141197150822555 -0.00100426668327137 0.0343023318881833
-0.0486091706660058 -0.00223659396107473 0.00362044696058417 0.00576198761847142
-0.048908461759382 -0.00416340590264593 -0.000704445039129725 -0.0171593002036038
-0.0606707498264197 -0.0256893948426593 0.00974171271557152 -0.0428654615005341
-0.0452298753751587 -0.062925588620665 0.0386712444962438 -0.0540736880685063
0.00705853983143055 -0.0803889526136339 0.0722060782157092 -0.00546803737656745
0.0830457066941733 -0.0547347031138663 0.0558698585488176 0.0562914120829027
0.110964107330034 0.0396745587398028 0.000673822445411932 0.0751724540697269
0.0704724569144918 0.114598978245269 -0.0225105010355987 0.0272935558585783
0.00746979447974129 0.113085629030811 -0.0146267672728431 -0.0820926391534599
0.0510701091901709 0.0955205503394009 0.0327614153262782 -0.0856972145264252
0.0862390853043571 0.0390343838253471 -0.00911124966356974 -0.116724547610982
0.0650870455138378 -0.0408556151395974 -0.0687660892940601 -0.0720523491166942
0.00551648035472272 -0.0680368636393487 -0.0757323581905484 -0.00640741909918902
-0.0422617220887701 -0.0481549560991544 -0.0475638147220247 0.0299486721312868
-0.0513720537244146 -0.0156624163732991 -0.0251720357533824 0.0289827275667317
-0.0455553491243553 -0.00268590275209268 -0.016601104455279 0.00384451853982001
-0.0449729389175557 -0.00411536238499625 -0.0198287461009903 -0.0177251860305971
-0.053864066580556 -0.0247585296196581 -0.00885183890092812 -0.0480354121067419
-0.0395172686936906 -0.0577846596683201 0.0227648315873567 -0.0682584816424338
0.00795073866466742 -0.0721530005516956 0.0679703354647494 -0.0267507774584247
0.0740675442491667 -0.0435540442846907 0.0588215906594207 0.0401318677315221
0.0914513613265135 0.0407844137297163 0.00121565359572035 0.063511086567491
0.0509277997257812 0.09942273757853 -0.0323811714392105 -0.00550581181359926
-0.00859702834963426 0.0802817789805165 -0.0121271704224039 -0.119916978649576
0.0240573838055966 0.0772775564907604 0.0353088576420687 -0.0980999229910724
0.0573139040432104 0.04069466120165 0.0100416185287322 -0.114391561322035
0.0518052619245971 -0.0225128113885867 -0.0414464873564118 -0.0881921006651581
0.00905014086696395 -0.0495060726472581 -0.0726401437554699 -0.0367484118789525
-0.0294187180517031 -0.0386667210474802 -0.065448088016299 0.00961411384741902
-0.0402839776320583 -0.0144833395861869 -0.0454961609420398 0.0223809223423342
-0.0359864987734624 -0.00340008615387558 -0.0329030204483726 0.00186487703417984
-0.0352043269569227 -0.00361221685822041 -0.0343599913101217 -0.0203164697282215
-0.0415621629841541 -0.0207604493305123 -0.0219633158357358 -0.0527071492098232
-0.0278071860028561 -0.0483326430154524 0.0129341291530154 -0.0765025798898145
0.0128363702977094 -0.0566106281189081 0.0657390605392402 -0.0384052196891095
0.0621518941740588 -0.0231624915980324 0.0579431692112213 0.0298001337063117
0.0617680598223606 0.0430632222377565 0.000411737797146401 0.0528109987018682
0.0218679944877889 0.0754310735659367 -0.03659018942828 -0.0323871422639842
-0.019828753708945 0.032727101570587 -0.00897640522611177 -0.139346587675551
-0.00193999403030506 0.041518079315805 0.0352308046727032 -0.102562723110499
0.020830418438783 0.0278103767649201 0.0207460408882618 -0.10847874150335
0.0268555154416845 -0.00481350767490807 -0.0257997253363396 -0.094170103271918
0.00737659041273059 -0.0231431177265987 -0.069015819597958 -0.053126006688557
-0.0132121808214322 -0.0220198197816483 -0.0753376441548527 -0.00278062101201043
-0.0222780694094423 -0.010454295400329 -0.0594819279468049 0.0177312611893097
-0.0209356927287303 -0.00314836663317371 -0.0440156266568785 -0.000685144693510092
-0.0228878503584446 -0.00219515672360537 -0.0446389206493338 -0.0235340499810345
-0.0256924493734555 -0.0148496267309734 -0.0290003136404445 -0.0576739486572271
-0.0149458574977053 -0.0344560934038425 0.0103506382291282 -0.0815331871025184
0.0163531761711971 -0.0379058533572216 0.0673822571438006 -0.0429394167841546
0.0466330051848626 -0.00211719598154607 0.0572129997184876 0.0257152022593929
0.0285279699133673 0.0413259823191894 -0.00049120103164887 0.0434302400611881
-0.00917137581812112 0.0441673586251023 -0.0337805965170722 -0.0501314730714826
0.0293416413700472 -0.0101471236430871 0.0450806030365895 0.0776314702635119
-0.00180671107416981 -0.0248366750156804 0.0380629538503221 -0.0435185994958757
-0.0207740528555565 -0.00812032029028173 -0.0590304819694443 -0.0418376090047226
-0.00879797433507603 0.012256768446801 -0.0898651894004211 0.0407017454582386
0.00210023892543992 0.00855241317983429 -0.0185957183647008 0.0970473743813157
0.00651876149442971 0.00551962354927795 0.0396877994778606 0.0720445115333259
0.00721543000984451 0.000965427874066892 0.0539195935474213 0.0358032225411147
0.00202634524055823 0.00129402793295191 0.0553807165142912 0.00710819472955806
-0.00180777005016329 0.00308885085570404 0.0622673842697183 -0.00847081824956691
-0.00736350357353648 0.00274271175480174 0.0743367291370935 0.00355207554376302
-0.00582023219225286 -0.005213369754628 0.0678304600913043 0.0505968429873716
0.00139726106729219 -0.011555932883429 0.0225613483601693 0.0958478164565651
0.0136998408174022 -0.0141358321275027 -0.0220896999724085 0.102559754623426
0.0287202607737935 -0.000321437337923414 -0.0516266255387454 0.107505291782353
0.0375032845873397 0.022819926684374 -0.00861857880906017 0.147748869906127
0.0452021039985593 0.0322182944197586 0.0297814320213795 0.0739829381733313
0.0283332355559041 -0.00577441635531018 0.0400938005570018 -0.0397178355153042
0.0071680936336146 -0.0146968214348815 -0.0586363712081396 -0.0537454869884803
-0.000431017416245388 -0.00899176221313165 -0.098517001130767 0.0322384383222819
-0.0065032818772703 -0.0134160147364544 -0.0291794759972683 0.0978122513501038
-0.0125552236444872 -0.00760989617071123 0.034784357805171 0.0774002508216487
-0.0122532058390946 -0.00148552096528725 0.0509597923249035 0.0376654265500529
-0.0172472629040047 -0.000526833956537079 0.0513440131660462 0.00746573910270693
-0.0222474598924973 -0.00197856935459291 0.0546664536248235 -0.0108447400486481
-0.0296139517152159 -0.0134926927498444 0.0676778200393103 -0.00828682296013546
-0.0135882552524296 -0.0340098866498842 0.0720685979072727 0.0295807761006209
0.0204881795685977 -0.0366214975747571 0.0403447436587359 0.0843709723426876
0.0521873647461402 -0.0134770123428853 -0.00262324558467257 0.102968272100266
0.0615547984212588 0.0339182175552705 -0.0365711699808511 0.104486181675898
0.0511374824851852 0.074894011573521 -0.00558210132174234 0.132018965297633
0.0502062251481596 0.0755627098886352 0.0125511872786062 0.0540539482977896
0.0557481683870963 0.0240291089530402 0.0410831101843895 -0.0431049457934118
0.0432348473746273 -0.0129183006998771 -0.0563629160948979 -0.0732809664176382
0.0164072203889674 -0.0324282888255013 -0.106908390509963 0.0146620276985779
-0.0114255181398099 -0.0387821370724062 -0.0450407214645643 0.0892073150542621
-0.0307086533741454 -0.0229976176260295 0.0209560294107875 0.0766893311384799
-0.0313340295331473 -0.00609006973146926 0.0398902866964231 0.0393490873513464
-0.0337818316514051 -0.00156025368559596 0.0402667231210324 0.00759359652210316
-0.038053930768443 -0.00519421194530777 0.0394832182905251 -0.0131303952337506
-0.0487671382753532 -0.0230247187170682 0.053113739164685 -0.0227884790162671
-0.0278414421390321 -0.0540983465431608 0.0704186406061226 -0.00126175708988969
0.0230914125142723 -0.0623511763896114 0.0614043939175306 0.0592833206888835
0.0799910558682661 -0.0292071443528397 0.0234825739706735 0.0963123922017555
0.0946576198113291 0.0475728593000324 -0.0182729046505874 0.098660637473262
0.0663494883565552 0.109445961171228 -0.00618976546002933 0.101955736898688
0.0421927309055187 0.110426218625201 -0.00231660335844819 0.0167448174705614
0.0728147404269204 0.0605962945708935 0.0404242932406148 -0.0536665921128923
0.0779066115083788 0.000731425814225339 -0.0474863616686309 -0.0956785869105576
0.0404714256366088 -0.0503827452055079 -0.108407914670192 -0.0141059477365293
-0.00997439241273368 -0.0619271528090397 -0.0631396685095162 0.0675881611497435
-0.0437698693581869 -0.0379658699639034 -0.000982193354666242 0.0694980707985393
-0.0468086999993665 -0.0106268704608344 0.0219743760856631 0.0386265159913633
-0.0454137570926259 -0.00240601311516793 0.0233732887812632 0.00731385248422554
-0.0472175177158734 -0.00587859373970752 0.0205400523474046 -0.015423159429404
-0.0606641046881032 -0.0271152266073513 0.0321293951520525 -0.0352594728587852
-0.0408358078492357 -0.0640330288184597 0.0576716595606719 -0.0317641734581415
0.0153835823546367 -0.0800378301147501 0.073470174000716 0.027130023328542
0.0899230286699312 -0.0482809275746903 0.045851491924838 0.0798957973964482
0.114774631912944 0.0461612581962901 -0.00589820962572162 0.0897637753017013
0.0758118735939836 0.124206276247279 -0.0121549818650483 0.065425547931928
0.025601876543005 0.126314472667836 -0.0121450855351225 -0.0330665747188083
0.0714235763078414 0.090041374747555 0.0381952083971273 -0.0697384216344732
0.0966288791132103 0.0230680883113322 -0.0299637097554692 -0.112816474276917
0.0619959958115756 -0.0535813692526947 -0.0955281326308669 -0.0476842812607981
-0.00233064015043329 -0.0746167753935896 -0.0752777142427512 0.0319895402885031
-0.0482935056311663 -0.0485515963695399 -0.0259337403233958 0.0522934684220631
-0.0550223220852961 -0.0149393885058807 -0.00146653809503048 0.0354351679303277
-0.0498439760690028 -0.0030635309569155 0.00342690605667712 0.00594254451472992
-0.0500908034615094 -0.00513863387778852 -0.000565062493552907 -0.016663930909799
-0.0628436918952622 -0.0277671786008221 0.0103184849730872 -0.0436918245320379
-0.0458622012414735 -0.0646152355309649 0.0402212680031896 -0.0553900584307731
0.0085642009122396 -0.0831469822799576 0.0752453115060578 -0.0038629379226868
0.0864221126464097 -0.0543478757238507 0.0585205738543759 0.0605543929836543
0.113483051261834 0.0427000552363728 -2.73797089756916E-05 0.0782379070039894
0.0713101820848485 0.120362849757793 -0.0231063319520773 0.0274894299336207
0.0059031761970163 0.116261015898231 -0.0133030593595227 -0.0844867172501478
0.0512307599210186 0.0983838379036445 0.0377717868156956 -0.0870356282740962
0.0884189586725606 0.0414877257044393 -0.00716461438241327 -0.12062678293112
0.06813910966673 -0.0415255948538671 -0.0693092352750775 -0.0763566002456045
0.00636583378025176 -0.0702697297402074 -0.0790403230693256 -0.00744082655471769
-0.0429026005914044 -0.0497242049826739 -0.0494962408379905 0.0309291670281281
-0.0532153564129262 -0.016758858229535 -0.0259640340261529 0.0293551701431082
-0.0468892061211292 -0.00383441267440021 -0.0167177815261082 0.0043041711115283
-0.0455617365349947 -0.00463686300269233 -0.019223459613071 -0.0179171963199987
-0.0558259474568386 -0.0259819965961394 -0.00898348227877041 -0.0487727973443178
-0.0406456030866968 -0.0595668501399871 0.0234601233008305 -0.0701388300546759
0.00889640730097456 -0.0740835015562444 0.0715485313714517 -0.0262546910812992
0.0770035790735543 -0.0431753334508157 0.0605567346369679 0.0438909090977787
0.0939415855624001 0.0430451873518425 0.00116033752542793 0.065886929372847
0.0510664051064051 0.103761006553556 -0.0330157803142112 -0.00637979161726204
-0.00993654026796498 0.0826558411338814 -0.00981519860182685 -0.123753488155298
0.0233646666786157 0.07987048327758 0.0392714769235473 -0.0994774296987864
0.0587190972896194 0.0431013047612655 0.0128963423251313 -0.117608948299721
0.0544053664936857 -0.0227669000361591 -0.0414205490441701 -0.09227995462366
0.00983865160688322 -0.0510078797161344 -0.0740201476151287 -0.039142414899227
-0.0302548950714153 -0.0394809142524051 -0.0675215029448522 0.00953007736379784
-0.0416498728216622 -0.0150203097105193 -0.0476771711794061 0.022819621245033
-0.036255668326609 -0.00434004071479677 -0.0337723942180579 0.00131960620364612
-0.0362855081171874 -0.00422138908458986 -0.0350551751395716 -0.0206574106665868
-0.0426707006713797 -0.0224250339109911 -0.0220392992436036 -0.0541491548423517
-0.0284801419284181 -0.0501731066114145 0.0138801770968496 -0.0784778534853387
0.0138780357549514 -0.058128694482625 0.0688803307375808 -0.038497551941452
0.0646835460111585 -0.0225900784092754 0.0598561370669788 0.0326333340682677
0.0630842978873323 0.045791029798062 6.58546567512481E-05 0.0536729487871178
0.0215535705915601 0.0783604072716625 -0.0373353128083846 -0.0336786408376672
-0.0203869105762407 0.0327269727363289 -0.00643457786984027 -0.143865024499884
-0.00236620229376378 0.0425669451953413 0.0389841383169608 -0.103815851764665
0.0217359029698439 0.0292091868397384 0.0242897664521585 -0.111421358548327
0.0276906780322155 -0.00490662111749207 -0.0244031783960578 -0.0979625843114923
0.00827200249403442 -0.0238078222904224 -0.0703055175651786 -0.0558959167311815
-0.0142183318926669 -0.0220165628265587 -0.0775083655274326 -0.00344523089198493
-0.0232137277773922 -0.0102390301631474 -0.0611101594842299 0.0174386202993427
-0.0213891622883108 -0.0040691064599812 -0.0453509149693953 -0.00141354487203987
-0.0225669959417244 -0.00306043351924794 -0.0452913267053433 -0.0246845689293408
-0.026087898518375 -0.0154944747001169 -0.029382309261884 -0.0605745886389298
-0.0154551537881766 -0.0355153281949259 0.0109141527606644 -0.084189494745282
0.0172085272705159 -0.0397307389723092 0.0704952097977921 -0.0433209179924252
0.0485607585535199 -0.00147552561358775 0.0591065507280705 0.0289671707105981
0.0291117190071389 0.0424642533509665 -0.00138419978544484 0.0447371589385141
-0.00997665454187907 0.0453172464977876 -0.0341247423600024 -0.0523665756311065
0.0303106724770154 -0.0115551747382663 0.0500519018328215 0.0787487323522572
-0.00248878304715606 -0.0258486742008639 0.0400565619915559 -0.0472790121260275
-0.022244576722664 -0.00826112808487109 -0.0617375058731759 -0.0429321301383582
-0.00900614278027969 0.0133788023515562 -0.0933322895523891 0.0447882289558169
0.00211806186994483 0.0092176807436863 -0.0171578483556098 0.101187049369292
0.00682545964453203 0.00539101021377261 0.0436104969287224 0.0734482665821093
0.00758991354601702 0.0012293955281214 0.0569514515449675 0.0358059093587652
0.00202370909941867 0.00109781647193412 0.0580990658830134 0.00580173850236353
-0.00234058519977765 0.00321331264112819 0.0649611592284467 -0.0104853179267537
-0.00776376419969503 0.0032599977499203 0.0775958799348058 0.00177338932782097
-0.00603151530403894 -0.00530337118007192 0.0722669447992162 0.0516155210010869
0.00146128697532219 -0.0122834452386884 0.0258850032017453 0.100433275227685
0.013652752779322 -0.0145806090838388 -0.0214326809595974 0.107074389270497
0.030019975706719 -0.000591403792309618 -0.0525365712981832 0.113014465445962
0.0392784892591415 0.0229001089351592 -0.00653709777885181 0.153483409521231
0.0479072018036278 0.0320311154020846 0.0335497226755035 0.0758247409887084
0.0287938755196359 -0.00652027739272107 0.0421361170981879 -0.043033249500847
0.00699566130801515 -0.0157506994358585 -0.0621508005243644 -0.0554048240744016
-0.000410948818807686 -0.00985854262445007 -0.10253223975164 0.0361423010515614
-0.00797692793070119 -0.0137704124860127 -0.0280387882057993 0.102567628656149
-0.0128462500960416 -0.0073974806443834 0.0382052286592178 0.0787913682333018
-0.0127215053213981 -0.00156660867484131 0.0539973159945552 0.0380037212293496
-0.0182363686320997 -9.66657567260873E-06 0.0539527365974649 0.00613647461215543
-0.0234567412643201 -0.00179348181694201 0.0570041175079702 -0.0124729287930113
-0.0315030825456996 -0.0131083403496636 0.0702076096885314 -0.0108012819922891
-0.014752880504956 -0.034688513003733 0.0754657882948523 0.029398559617215
0.0203138671925585 -0.0390190777037258 0.0443584443699491 0.0874923118451307
0.0541561623297475 -0.0145064924835506 -0.00104078344877286 0.107017388007485
0.0646219270974603 0.034327881477912 -0.0361063761419433 0.109619523546621
0.0554915340973056 0.0768816351217167 -0.00285887606866434 0.136211020200406
0.0535881627313946 0.0763855491906675 0.0157203590601391 0.0560012094142006
0.0579659844707846 0.0237895719923065 0.0437076216808006 -0.0464068095652228
0.0441841204798381 -0.0140460628451512 -0.0596707188461257 -0.075509301641282
0.0162497351102724 -0.0343774893409613 -0.111804117885278 0.0171551390220844
-0.0135599392099423 -0.0398245484116083 -0.0454189301076033 0.093909545586267
-0.0324416706974331 -0.0227271717315501 0.0233781687412656 0.0793446903672698
-0.0328452456953477 -0.0049024733042948 0.0426950552503325 0.0404091333330948
-0.0355523485061978 -0.000894763329727902 0.042284173984029 0.0065831021360246
-0.0397569978945268 -0.00395145895952188 0.0411990990642408 -0.0149430973318075
-0.0515482076819364 -0.0226348617825531 0.0544106991477063 -0.0250265988021255
-0.0302418424902744 -0.055641777417238 0.0720034148796964 -0.00237335069044059
0.0224408656388584 -0.0656372063293879 0.0655325592704485 0.0609602696965861
0.0826409514732017 -0.0318882499519639 0.0264389705738176 0.100102558515818
0.0992322524882791 0.0478937377181518 -0.0176133999458915 0.103473629232657
0.0724439690530462 0.113110980893745 -0.00322937862958672 0.105441632170068
0.0462794926609527 0.112735430525715 -0.000853619152169099 0.0175281945208422
0.0769869878091691 0.0603131332712372 0.0426904776561239 -0.0567728946988791
0.0805918723963215 -0.000769077383708052 -0.0506157316822866 -0.0990801450103518
0.0408343590660644 -0.053440714682222 -0.113414534463457 -0.0124897909363473
-0.0125661216301804 -0.0637658768846097 -0.0643498538456065 0.0712433648778882
-0.0464734060549932 -0.0378414249664308 0.00128797027158555 0.0722222418171173
-0.0489159776439039 -0.00979573056712246 0.0239602204874545 0.039805889050245
-0.0469341591509483 -0.00154867113142165 0.0250442058518394 0.00705640093066627
-0.0493885206400129 -0.00453643376061843 0.0213715674533629 -0.01671896846739
-0.0641726682266135 -0.0259363341242255 0.0325948672511069 -0.0371853066154482
-0.045092739399739 -0.0656128301212776 0.0582929017911703 -0.0346362078262944
0.0135203378623441 -0.0830473249934896 0.0778035140413536 0.0266529795076189
0.0923649718371651 -0.05161931739394 0.0501749753519801 0.0831369059091092
0.120051390797744 0.0457952759721076 -0.00410283387441929 0.0938880333226934
0.0831969129417845 0.127038914890717 -0.0111349448806342 0.0672815208601585
0.0285112678936174 0.130405005881059 -0.010811025154265 -0.033801941060887
0.0762968391344032 0.0918519766750752 0.0398722689444767 -0.0731923447572181
0.101464258124909 0.021788651650571 -0.0332943639617299 -0.117339215575584
0.0626329256613245 -0.0575863669286953 -0.100624650814834 -0.0483146685377481
-0.0052021880869208 -0.0774979804019086 -0.0780832286430403 0.0351153522708298
-0.0517230949114779 -0.0486098531331102 -0.0249044433176534 0.0554416794531613
-0.0570837746619303 -0.013650724504145 -0.000820247808127516 0.0368395704967213
-0.0515581950756207 -0.00217281003498633 0.00368992403793369 0.00638875393954834
-0.0519077412021288 -0.00445630845971824 -0.000882157539632655 -0.0169691200832928
-0.0665592116389166 -0.0258582473902857 0.00963785137453667 -0.0452226814205895
-0.0504755064002591 -0.065714557512675 0.038912369656146 -0.0581676836447188
0.00594823135751199 -0.0864262354285774 0.0790063336770862 -0.0057125252946392
0.0885668247390967 -0.0576277704012928 0.0624802285257437 0.0619732217571755
0.119027758445861 0.0418469606389049 0.00179503878429674 0.0812879560050656
0.0775011302979386 0.122680019714353 -0.0235124926677087 0.0284807872615965
0.00860630472154342 0.120243431729384 -0.0142418263853226 -0.0864445795486084
0.0555419193506397 0.100919371761378 0.0385938323706638 -0.0903961942741452
0.0929970534019658 0.0412322314589674 -0.00973301003649305 -0.124749135784647
0.0697270209077792 -0.0450664836558496 -0.0737567280954927 -0.0784622181360745
0.00467650370349102 -0.073354421549058 -0.0821760354782707 -0.00607841577306479
-0.0458558416772927 -0.0491904639342433 -0.0505082182516365 0.032646971504319
-0.0558019644406511 -0.0151802998165622 -0.0266212563656081 0.0310660746425335
-0.0483674612214091 -0.00313029469320497 -0.017135445507539 0.00512481644625478
-0.0469855083690047 -0.00407829698091397 -0.0203364221275363 -0.0177954262805479
-0.0591143436799906 -0.0247812337745412 -0.0101247516160873 -0.0506936222692924
-0.044295187286083 -0.0606634542899853 0.0216637661468396 -0.0733086704451937
0.00658808166542999 -0.0773027682555488 0.0741287817576193 -0.0281545641419028
0.078801348480966 -0.046436263168816 0.0653540292897767 0.0447441429664445
0.0981711998545526 0.0425665087265981 0.0029470518925223 0.0684919103084331
0.05597889721335 0.106711171606555 -0.0344713408342405 -0.00615696887938703
-0.0086584405029107 0.084806342607801 -0.0125109779207949 -0.127608075223042
0.0261458528984436 0.0818540873026706 0.0393235268030901 -0.103701925952409
0.0623422108066669 0.0438268629382073 0.0112635475856239 -0.12239392194813
0.0558140657437946 -0.0252983430954064 -0.0446374907899727 -0.0962690762306512
0.00830857340867893 -0.053538076085558 -0.0779345668822108 -0.0389476881767388
-0.0325670870174797 -0.0396438982276833 -0.0700871079848673 0.0116818131627774
-0.0433254503270224 -0.0142034733026513 -0.0490069955772607 0.024771029946464
-0.0382468654753664 -0.00376264113717557 -0.0351698397804691 0.00273609709109624
-0.037127931513756 -0.00346108815180935 -0.0373167840124621 -0.0203234430920276
-0.0453955978543313 -0.0214604595277245 -0.0248159107550577 -0.0564166048454767
-0.0311543633479598 -0.051142145255916 0.0112427269861342 -0.0820198081426699
0.0120423914141529 -0.0610366466599441 0.0712887994454965 -0.0413315811800689
0.0669424502820847 -0.0243652308457214 0.064025577896806 0.0333551090437838
0.0669071526214257 0.0458879911658323 0.00132938506502819 0.0558553359480072
0.0248567029286223 0.081204267461262 -0.0401207518918305 -0.0342151260230426
-0.0207383993689179 0.0337542284819762 -0.00971478397531554 -0.148591760411797
-0.0019132479050469 0.0430896367176987 0.0392127908870848 -0.108768247934863
0.0228539724163627 0.0295835387229296 0.0231931334423586 -0.116543306710226
0.0287651065689127 -0.00567478794896408 -0.0270313732555953 -0.102169991062301
0.00785674742810646 -0.0249114564253922 -0.0747111967989222 -0.0567397565890438
-0.0150083989951891 -0.0218376718810997 -0.0812474156448103 -0.000652273923535993
-0.0239510609990137 -0.0100629294598436 -0.0632933911531269 0.0200875098330596
-0.0222398062601617 -0.00409682659761776 -0.0477634443074728 0.000106229080381805
-0.0232588409821832 -0.0024679754078591 -0.0480299556737899 -0.0239401964094965
-0.0274300202436941 -0.0155425562709762 -0.0330704209205505 -0.0619050082524991
-0.016548689712186 -0.036197697462639 0.00943670440859579 -0.0879139685022814
0.0161753874502612 -0.0412184503054577 0.0729719950724389 -0.04678333774084
0.0504997538198551 -0.00240180133688354 0.0627152771875889 0.0290204142507875
0.0305486125100273 0.0433437341292163 -0.000310462846362845 0.0467389960783143
-0.00939581277391356 0.0481972304674312 -0.0373278020912969 -0.0532354951091665
0.0297348193504818 -0.0135146367133671 0.0560335095798806 0.0765474832164503
-0.00408886932892793 -0.0258711324809278 0.0388300542981999 -0.0506477527012365
-0.0227813058098385 -0.00682081254523887 -0.064306953557615 -0.0409660539683261
-0.00845549430701278 0.01364312801483 -0.0926752454236769 0.0504678457008514
0.00254093168025166 0.00884047727295787 -0.0121012417233695 0.103901406059384
0.00746198369517911 0.00469641578392329 0.0479806084972726 0.0716214741520385
0.00778312752672118 0.00011023894082688 0.0593911755198415 0.0334725638861283
0.00168147205985891 0.00116044527721839 0.0604739489504783 0.00309373652308036
-0.00218780799608009 0.00345205283153527 0.065372628524442 -0.0146578302612682
-0.00796639090043146 0.00404393990843658 0.0785600955361008 -0.00205161956109288
-0.00650125581300787 -0.00489215844425287 0.0757360460598859 0.0484517625072122
0.000301323577909296 -0.0125465959147503 0.0314475983182093 0.100658496034731
0.0134938398996014 -0.0148442601829762 -0.0176773307709074 0.109407672035921
0.0302583137066382 -0.0013570573004879 -0.0484226827247392 0.117160865615704
0.0410120191005896 0.0216850128004418 0.00135655627070342 0.155152960047964
0.0496820525170481 0.0297847657959033 0.0396279777679306 0.0742400308256617
0.0287368975641124 -0.00801791032674174 0.0419022994474749 -0.0471374244010275
0.00629747493941268 -0.0162196385557786 -0.0654964797568582 -0.0534811131274443
-0.00139592347470387 -0.00973870253036252 -0.102187402385865 0.0417000131381104
-0.00857849308998061 -0.0133081772454963 -0.0236811075883169 0.105354464706829
-0.0134004900519619 -0.00630357974338973 0.0425794047745963 0.0770477855300218
-0.0126461069239096 -0.000520586879352062 0.0567321699366874 0.0362061693198057
-0.0187247749159245 0.000709505787939805 0.0554291325629701 0.00362740803828685
-0.0243918115159599 -7.08801867742449E-05 0.0574886137892286 -0.0159676994029178
-0.0329976670665174 -0.0107637181368994 0.0701559991488658 -0.0138313736956095
-0.0175419027336469 -0.0342869365294758 0.0783582579535273 0.0262015273138363
0.0181461608319173 -0.0401589642010092 0.0491453298595515 0.0863088247882851
0.0542696021934117 -0.0165699513640615 0.00387430753910046 0.108664361018223
0.0670239237942777 0.0322265418035787 -0.0319158408905465 0.112899065485477
0.0601964372053606 0.0750026966783833 0.00378196694008386 0.136937985518946
0.0577743351185853 0.0747403299507487 0.02042059139804 0.0553745831857226
0.0593532769184702 0.0208548654825804 0.0436661931809671 -0.0499447100221081
0.043831179504062 -0.0166858821032749 -0.06438040504339 -0.0742580127223324
0.0147054002054045 -0.0352130951205178 -0.112593779270558 0.0228779196167509
-0.016060157611959 -0.0396582660494601 -0.0413057345779093 0.0975601773588923
-0.0342300595973194 -0.0205056693015171 0.0283789069682261 0.0791385666916985
-0.0332725523908459 -0.00353726086383193 0.0451321529233317 0.0381649530725337
-0.036132787742141 0.000895471280948532 0.0434425876489145 0.00475894292472958
-0.0408859014784267 -0.00187417011573655 0.041595035245557 -0.0171523830506501
-0.0538600351888555 -0.0189810373318182 0.0536568143994989 -0.0277731718237061
-0.0342578297361142 -0.0545101856620846 0.0726466979983994 -0.00608158449641608
0.0188545041150074 -0.0674677736954439 0.0698552959324385 0.0589884656200618
0.0817213126013662 -0.0355496723353953 0.0326797668567206 0.100248284315328
0.103029161780628 0.0439365000558174 -0.0126944194860732 0.105269632847457
0.0795449926796431 0.110216050082393 0.00212630332089725 0.106254813568362
0.0519072141541059 0.111867026350478 0.0013484651829813 0.0178614218363379
0.0803788608073761 0.0572242332592269 0.0426261612336307 -0.0597842286379256
0.0820663159298861 -0.00460785640168502 -0.0560175536748956 -0.0977812992726062
0.0383425622523254 -0.0561069927451509 -0.115931749888197 -0.00801952963800772
-0.0167224748091815 -0.0636680001653628 -0.0615924756919098 0.0752800906271556
-0.0488591916477301 -0.0351747893951358 0.005340691326162 0.0727686145280574
-0.0495621222059174 -0.00696588280335591 0.025889317046246 0.0382146982755692
-0.0479008616252387 0.000482786232682593 0.0258775052102099 0.00572720665221977
-0.0503147698338455 -0.00201337209898198 0.0210077376999123 -0.0174852980636928
-0.0661686045903247 -0.0216226307072282 0.0308043516146459 -0.0390803712016467
-0.0493779798320961 -0.0635033727111242 0.0559716984991524 -0.0372713348512445
0.00875580173936831 -0.0848004991699591 0.0808222594073337 0.0232003057098034
0.0911964297461973 -0.0565080619694942 0.05572824851874 0.0819639957804823
0.123980394347601 0.0407460701463323 0.000401082920396569 0.0950105183410622
0.0907593103816745 0.12418904430134 -0.00756775527335126 0.067881029133463
0.0350381179238777 0.129942524369092 -0.0120775647718254 -0.0334820387132661
0.0811474377573193 0.0888081663785276 0.0390681702837228 -0.0757867724898804
0.103765880147396 0.0170496099690002 -0.0390182433329218 -0.116847884312401
0.0603969046509112 -0.061756905401099 -0.104473188707873 -0.0444419199129696
-0.00986855934927387 -0.0778728119710122 -0.0770510979783571 0.0395429356621845
-0.0547522508380932 -0.0447204655552726 -0.0224076631653304 0.0576002680036464
-0.0582258486480797 -0.0100853162103493 0.00105109841253908 0.0370777754940563
-0.0524765474594521 0.000159571488199921 0.00406463256532593 0.00650972904617557
-0.0524514453046954 -0.00211462994472951 -0.0010487575568824 -0.0163338359424181
-0.0685116143703896 -0.0222530777504662 0.00699835744240202 -0.0461682280757823
-0.0552523518697379 -0.0635073421439862 0.0353198362746955 -0.0599890244648771
0.00141971767577046 -0.0876258297785521 0.0794719209108152 -0.0090440937791609
0.0865995408815898 -0.0629182524642038 0.0676136199869666 0.0596160930584725
0.122801604472869 0.0362501295768788 0.00553241996163396 0.0812682483609346
0.0859718837044985 0.120262757675299 -0.0217891679182707 0.0295569452815656
0.014183972470675 0.121147978141514 -0.0183115970357474 -0.0861600482932226
0.0614524428910834 0.0983563298664624 0.0374879470054547 -0.0932383491568938
0.0971273071137193 0.0371164186669053 -0.0157198075054565 -0.126475961804049
0.0675643200001093 -0.0497222643172107 -0.0783980466037325 -0.075814418671999
-0.000102624950118415 -0.0741991176241331 -0.083544949946283 -0.00190841108681141
-0.0491330951604972 -0.0466325185626482 -0.0491863860737462 0.0360805891558432
-0.0568195345070646 -0.0120252896704085 -0.0253225767191784 0.0327522372048789
-0.0489668481574913 -0.000955999486619054 -0.0175429083953443 0.00602114926749026
-0.0476650531662651 -0.001581855233047 -0.0211063793428521 -0.016833515394304
-0.0612645684878098 -0.0211476994056036 -0.0134943680570063 -0.0501945063470097
-0.0488970024563303 -0.058806986182428 0.0167893111423514 -0.0742353835151238
0.00241194328869002 -0.0783352833597522 0.0746332567911394 -0.0323342285417921
0.0777004882124743 -0.0507897518835919 0.0696835126065335 0.0424186832793877
0.101851467968443 0.0375455938233408 0.00639536756652477 0.0685695491944727
0.0627745113297612 0.104785291133735 -0.0353720954263785 -0.00517157589977327
-0.00543601772773451 0.086521720430898 -0.0175490900446487 -0.127892666236064
0.0305754021297845 0.0804465031110248 0.0364656305104488 -0.10588601098789
0.0654178873513335 0.0410976785966467 0.00610266629610473 -0.125135581192328
0.0550993411633917 -0.028787754049081 -0.0492389571826375 -0.0952665077257917
0.00480515629561418 -0.054851929443354 -0.0812860180659943 -0.0357972835761084
-0.0349940780956449 -0.0370445690544908 -0.0699450145682231 0.0161373730299102
-0.0448197677316834 -0.010812168519014 -0.0482619182053304 0.0284335837303741
-0.0388305515890745 -0.00248386347296363 -0.0361668984963004 0.0049534582919444
-0.0375060160197701 -0.00218413292030394 -0.0382993204922597 -0.0185632026919728
-0.0469010531843729 -0.0192522353206804 -0.0282137720391717 -0.0554143145316465
-0.0348224099983107 -0.0494463433345224 0.00672845940049639 -0.0833055984855788
0.00893747231002296 -0.0624926245052654 0.070135856637538 -0.0452105214639102
0.0665930775756317 -0.0284005513122272 0.0676580950645492 0.0312778019854219
0.0695883693370623 0.0429633984561218 0.00450945340717527 0.056803267356625
0.0294771443461731 0.0807195888370062 -0.04262018300727 -0.032547325503355
-0.0191924888038748 0.0348800408635919 -0.0168870123803145 -0.149966573503286
0.00080456837881337 0.0432018799840492 0.0347188388973347 -0.111024360499327
0.0251910534383417 0.0289074222349238 0.0179883539454654 -0.118520365917103
0.0287620968411752 -0.00754459329122482 -0.0323931819705981 -0.103077450840961
0.00638415643351413 -0.0254014030871228 -0.078914855780459 -0.0533157032337026
-0.0162446497634464 -0.0204790782951525 -0.0823476555291253 0.0041907648882212
-0.0247182784764256 -0.00825068651458813 -0.0630575866040175 0.0246440127653362
-0.0225774866975357 -0.00328467023870653 -0.0486148760013746 0.00247010524050676
-0.023224407105885 -0.00177696739255226 -0.0500342938391129 -0.0214276478693583
-0.028804962431151 -0.0137741898490583 -0.0363639144324911 -0.060686280174681
-0.0190612843466509 -0.035818134641603 0.00389609257263336 -0.0891092131927603
0.0143478226557437 -0.0425556212564985 0.0711112403405815 -0.05082508845382
0.0508892339135305 -0.00512605667120481 0.0657955786158186 0.0270492220426536
0.033125912263081 0.0421610694254696 0.0018885898095596 0.0470888451491413
-0.00666174246094268 0.0490021503441263 -0.041341037016467 -0.0515649409912228
0.02794782042901 -0.0147238748347759 0.0584549969657679 0.0710745616474741
-0.00522267357659689 -0.0247503672482764 0.0360619785936432 -0.0528938214020268
-0.0226116872043808 -0.0058444490151171 -0.0644838470512263 -0.0379045924550126
-0.0078378694740564 0.0141373663015617 -0.0886505973826141 0.0541573016333243
0.00245500921097267 0.00871235338443829 -0.00716571749061418 0.10271766380681
0.00741101129872203 0.00372083698738256 0.0495171881217489 0.0677016920598301
0.00767332833500978 -0.000242868189601928 0.0602551598692977 0.0293960649884565
0.00136853142792036 0.000881960437039323 0.0585590539078536 -0.000510287556385771
-0.00187861708583617 0.00400983092725 0.0633306825983652 -0.0176597987566616
-0.007083799604356 0.00444438886468375 0.0762488981981625 -0.00569784572871415
-0.00662471067271383 -0.00510880425051267 0.0765775552277431 0.0443434084861601
-0.000127356614706549 -0.0123485281602426 0.035280043681163 0.0974236715290276
0.0122418189593954 -0.0150698476652318 -0.0135150776980777 0.10720705220805
0.0297177811262348 -0.00226243548370233 -0.0427665115805832 0.116340720804108
0.0412381891849118 0.0187632439333731 0.00712518277272484 0.150051925120669
0.0495428142245608 0.0261669022241331 0.0428965588527787 0.0698177292408523
0.0271018642036496 -0.00891604663349374 0.0397813614704357 -0.0483478705835092
0.00521635050752121 -0.0157969785494774 -0.0661838404988559 -0.0502089382063275
-0.00205282260219918 -0.00938591997645498 -0.0983193005385203 0.0457472294242611
-0.009282168051142 -0.0120783869750495 -0.0179938323004822 0.103563393678539
-0.0133739892969202 -0.00578655383515675 0.0452188039190399 0.0734092410253964
-0.012464265263141 -0.000330908892049351 0.0567851604779876 0.0325744655424037
-0.0183551516592499 0.00137940217717312 0.0545648836246273 0.0011645991774512
-0.0232523095565553 0.00079751371072125 0.0551739386166512 -0.0184662568600703
-0.0326875834122039 -0.00905162236811736 0.0677462727174596 -0.0165020464630877
-0.0189965727034265 -0.0330419611948971 0.0776835997060898 0.022368511224617
0.0155432448797998 -0.040218040743174 0.0524927398701891 0.0827185588600298
0.0523487591457542 -0.0186701852985678 0.00809962463003379 0.10567558874735
0.067066003823248 0.0291582744396928 -0.0267142096128853 0.111014163765964
0.0624709028403278 0.0702674335293934 0.00949650392345241 0.13285996367204
0.0587860581122393 0.0694348425496425 0.0237345560160419 0.0524052286582479
0.0582901237475522 0.0174983476763059 0.0418581076514227 -0.0514307620805722
0.0417332472540574 -0.0176353457564239 -0.065357770435942 -0.0700661777854457
0.0122597514867952 -0.0350338082941702 -0.109196541038199 0.0271920768420204
-0.0179537617299162 -0.0370725006835784 -0.0361693066444975 0.0969855881108082
-0.0341515013235423 -0.0181440186123639 0.0311948418281005 0.0751242145053311
-0.0320042221946717 -0.0020753103009745 0.0454178305830112 0.0350722040178257
-0.0351620722315218 0.00230817381138976 0.0424667169848216 0.00282085913043194
-0.0395745808994066 0.000137929943654123 0.0399348571692599 -0.0186256265008022
-0.0537284940502593 -0.0158948095751602 0.0510268078649886 -0.0293260212137233
-0.0364914142790049 -0.0513873115077772 0.0696909970168542 -0.00865944965620292
0.014780063231536 -0.0663199197626809 0.0708827465012496 0.0549147753146725
0.0781157787285737 -0.0383216268793146 0.0360633094533268 0.0961218489996331
0.102277542073408 0.0383942705415483 -0.00806790017574666 0.10331258318797
0.0828778824858634 0.103694921801629 0.00590203214580081 0.101906243160636
0.055095554125266 0.105819301569143 0.00410680964299752 0.0169121243722168
0.0802108767815735 0.0525168840728132 0.0406447191094695 -0.0609965108970688
0.079459329670122 -0.00810246070680483 -0.0583597972613461 -0.0935234201038911
0.0344770942432762 -0.0561226624647646 -0.114164474328179 -0.00282800874343574
-0.0196258695395261 -0.0609980555743209 -0.0564543413485419 0.0762723410260865
-0.049465965480713 -0.030907576366949 0.0087939797674239 0.0702316963173345
-0.0485657569194233 -0.00411684988766839 0.0274670492840948 0.0364310683384735
-0.0465281462756172 0.0030774005096452 0.0251121078063185 0.00469939188612312
-0.0491731478329184 0.00045360589941986 0.0195732806957426 -0.0174497475671506
-0.0664961678784655 -0.0173644704020547 0.0281946831771793 -0.0393301154296012
-0.0516672502734155 -0.0593428509942024 0.0525834097509085 -0.0382086788404948
0.00415897209592752 -0.0824880809228255 0.0803893814822515 0.0196649491569288
0.0863782315466869 -0.0592331380267725 0.058307630205501 0.0774852999066016
0.122522098031072 0.0341203331949129 0.00443450161101651 0.0922212585642105
0.0948086039849867 0.117021342292769 -0.00456830340369556 0.0655018320794344
0.0394652293583464 0.124834455731195 -0.0115987028402403 -0.0319822452855594
0.0829064210226588 0.081900468768783 0.0368951975722043 -0.0753456736717886
0.101864744558773 0.0126503629007338 -0.0425892702849777 -0.112651561385951
0.0554361350445998 -0.0631065723777637 -0.103775479014208 -0.0393980492317634
-0.0139736764608153 -0.0753168107194192 -0.0741337377985377 0.0416611270123618
-0.0553586221361236 -0.0407512117536595 -0.0195426923195545 0.0569107287914411
-0.0567372898216708 -0.00685263431860586 0.00200823550324361 0.0361740234053012
-0.050854866394972 0.00190330606580518 0.00455300108381474 0.00652199989625471
-0.0509257467109522 0.000747677788443756 -0.00113785951646012 -0.0158794061202918
-0.0682888749945913 -0.0178083776253711 0.00482384326830838 -0.0449745663843724
-0.0569565773627863 -0.0589841658839406 0.0309224373472996 -0.059266635175963
-0.00333146283108248 -0.0845690349043077 0.077738098514111 -0.0128744974566205
0.082019588173549 -0.0648669177367131 0.0691719665827316 0.0548539766695069
0.12101405973051 0.0293781459558464 0.00893767927597278 0.0793315493090454
0.0894686040702855 0.112930262633356 -0.0206804899100773 0.0289113053651775
0.0186988205287581 0.117017525531085 -0.0204795981437281 -0.0828733932933001
0.0634970780403447 0.093002239833573 0.0338415994425795 -0.0917561503404157
0.0959207623877348 0.0314822839470588 -0.0205657070737179 -0.122293717458073
0.0631734371772769 -0.051271084867648 -0.0797658190384848 -0.0712840309772544
-0.00450363111542679 -0.0721760039516631 -0.0815025884977597 0.00131756269003511
-0.0500564730697147 -0.0421171715157306 -0.0461482720177415 0.0379255670698139
-0.0553325321611945 -0.00822004109874693 -0.0228914939038549 0.0338990696363227
-0.0478809704342977 0.000868232839219483 -0.0165691114857313 0.00678456491445059
-0.0465527358072724 -0.000258313525771019 -0.0211994626914184 -0.0146140962586834
-0.0612628243475425 -0.0174223959423153 -0.0151001258368515 -0.0481963130934619
-0.0503666711639336 -0.0544908664191906 0.0126494877665383 -0.0723718163550815
-0.00182207296406541 -0.0761902083571457 0.071022897204266 -0.0351382145835923
0.073482853822136 -0.0526607411802555 0.0706978103663897 0.0376662113752271
0.10101058465473 0.0322726922583828 0.00904061805027273 0.0662616847694218
0.0666493499434819 0.0989763423743903 -0.0356968641419574 -0.00404752407957652
-0.00199996244975598 0.0836027389968522 -0.0217970600555284 -0.123923317447935
0.0332150104315274 0.07661521369373 0.0328963096497247 -0.104118139797539
0.0661293360705342 0.0370929590435032 0.00080303401845175 -0.12168423219532
0.051442233143973 -0.0307606634971873 -0.0523708472652528 -0.0920164063812633
0.00196328361277989 -0.0533358350105383 -0.0810533796838751 -0.0316878266059153
-0.0354918134214351 -0.0337342789318754 -0.0670590686474322 0.0189805132526949
-0.0439670776823989 -0.00854350851309695 -0.0456907254126581 0.0307660025743722
-0.038170337718292 -0.000952869064611907 -0.0349319212038047 0.00656825610540716
-0.036087899086368 -0.000435787193537381 -0.0376339264050931 -0.0153205965301187
-0.0469829973636325 -0.0159212855283753 -0.0297859237419794 -0.0517608697378761
-0.0369031286823119 -0.0458154279223799 0.00151424714015122 -0.080856279389706
0.00602455714622619 -0.0609201908568133 0.0662200218542393 -0.0476716913956437
0.0640344240061006 -0.0305270034044699 0.0680614386005065 0.0270117870125109
0.069857790726126 0.0383141937532104 0.00642391304673846 0.0542375239574462
0.0325356868711207 0.077280838857016 -0.0436995191385334 -0.0300467117668128
-0.0181715170350587 0.0344229980846294 -0.0224460666360659 -0.144230595603693
0.00190475973189584 0.0413543945711866 0.0305025823727034 -0.10906992602156
0.0260409061984721 0.0270956391527831 0.0127162684876639 -0.116287344209989
0.0272480473171538 -0.00863274336949745 -0.0362771058033837 -0.0992441334798796
0.00458635552070956 -0.0250360490910027 -0.0796681493123183 -0.0492775138804072
-0.0164080529102246 -0.0187339109437752 -0.0795798106264076 0.00765732022729649
-0.0248006123036786 -0.0065104740527051 -0.0599515986933888 0.0273730061249288
-0.0222600065640031 -0.00237606362630011 -0.047800844205715 0.00546114862139386
-0.0221988887694616 -0.000878107707912728 -0.0493993535999803 -0.0181137218704082
-0.0287453394727722 -0.0116505713072691 -0.0380588923824274 -0.0568829839612677
-0.0209261303427617 -0.0337954674563599 -0.000763525674166838 -0.0865354048506946
0.0115523047825292 -0.0418165533542713 0.0671665237729241 -0.0529208342309545
0.0497911219852892 -0.00687767410871663 0.065685600788776 0.023538113499452
0.0344494772015105 0.0398812414593107 0.00352523322777634 0.0458870014209542
-0.00441822577029278 0.0478827707315568 -0.0428023583191317 -0.0475683596900759
0.0277556967551563 -0.00996397655662737 0.0488578779142747 0.0736360707624026
-0.00170524361999533 -0.0234460736703159 0.0417092627331453 -0.0474131381453246
-0.0204788615977605 -0.00862335014686652 -0.0558349416737459 -0.0454330343865546
-0.00920610095194778 0.011585592805509 -0.0884850842134295 0.03869504488977
0.000752722990194333 0.00874040293954596 -0.0192504920537668 0.094579756454212
0.00595672767407539 0.00378035157639305 0.0387708850838726 0.0696923720750946
0.0068388826843362 0.00039475197752917 0.054036261370576 0.0350866588811575
0.00101383890515982 0.00068482004677033 0.0563651108094561 0.00631553439320003
-0.00293784580351848 0.00317977324521874 0.0633933319612422 -0.00905059103446814
-0.00769412556805154 0.00326088290478285 0.0746229651494564 0.00313656403871018
-0.00617401654993223 -0.00670508673942311 0.0695021160233531 0.0533823241225898
0.00195660145892797 -0.0131971770677117 0.0226622756142581 0.0997039377527256
0.0151453323072426 -0.0137058190678911 -0.0279024844666591 0.102472049225925
0.0296419152168717 0.00158561586592376 -0.0583129530634821 0.107995910994639
0.0376962481365292 0.0223420879464567 -0.0139298155811944 0.147628852192471
0.0421048888293936 0.0304914039131769 0.0325785293875507 0.0728953733582488
0.0259247916469234 -0.00472267111797537 0.0445981729966048 -0.0417299157072156
0.00701767202469355 -0.013831722635205 -0.0546575031321234 -0.055598861459317
-0.000788955483610695 -0.00937873713987614 -0.0955170748494661 0.0299808942412855
-0.0078167512354406 -0.0127908940319735 -0.0283657395395287 0.094684400999889
-0.0124759290901469 -0.00785070519605935 0.0343470116082256 0.0730813605617321
-0.0113387410749052 -0.00272642753063574 0.0505154115542144 0.0376883157060734
-0.0180763098354138 -0.000540230104814463 0.0522317673788567 0.00766680995057059
-0.0228544043553231 -0.00176267274972192 0.0557392776992791 -0.0107141641695192
-0.0302033106464373 -0.0124350990623424 0.0687329457524838 -0.00659906873269957
-0.0143409865453282 -0.0341929762378742 0.0720971197714273 0.0331909206690141
0.0200104190332479 -0.0378810357191179 0.0406421117352902 0.0880778705171403
0.0535283061908914 -0.0125886404922597 -0.00793001980533787 0.103573574431367
0.0615000864935989 0.035474703522317 -0.0431654490642516 0.103793096783069
0.0522411398765968 0.0743232410385432 -0.0114517363832264 0.128793975473322
0.0458904922558744 0.0718511908789407 0.0141074131555539 0.0568262074386828
0.0512195093806777 0.0246677115336887 0.0475055748258802 -0.0418782529895849
0.0416570152532358 -0.0106332491211157 -0.0509501264576894 -0.0724086625841299
0.0166751274366283 -0.0313519674513808 -0.102974537145349 0.0122453642054028
-0.0120014696749479 -0.0375805274121398 -0.0430890042252486 0.0860930640198035
-0.0297859079400366 -0.0216673357073622 0.021458430591622 0.073052209511668
-0.0303867323491566 -0.00598651207784195 0.0394405491373398 0.0381574174150632
-0.0342232814075276 -0.0022218425837824 0.0405974960472599 0.00831833107191214
-0.0387951787907062 -0.00449493683514011 0.0419319070920299 -0.0122570151676226
-0.0494540165699527 -0.0213803521782061 0.0535846514136425 -0.0208947654300906
-0.0289278008081965 -0.0541138204371776 0.0688746216232152 0.0038848826904806
0.0223260546357207 -0.0630322882975921 0.062087671167809 0.0646112979464133
0.0808037926175816 -0.0287660259602581 0.0196364703090089 0.0980688554925038
0.0938857038255891 0.0489809374046176 -0.0253419361775204 0.0980654817894153
0.0680623638692054 0.108965039584959 -0.0118776058507872 0.0979172217249282
0.0369372809814624 0.105498473580956 -0.00217125518591593 0.0227624544651481
0.0667619546478554 0.0589657210938029 0.0472864672890171 -0.048472457821602
0.0758568860397478 0.0037825897655338 -0.0413292573874976 -0.0913691802554431
0.0402113307922339 -0.0479473640260823 -0.102921154703655 -0.0147964613637532
-0.00970449286294691 -0.0606125670560357 -0.0590474509464407 0.0644883449881444
-0.042849739872517 -0.0359366759640721 0.000982498269724223 0.0647583722707571
-0.0452522876398741 -0.0100942024663901 0.0219410413458164 0.0371568230733395
-0.0449931578387426 -0.00368627019333408 0.0235629119210475 0.00778284470053889
-0.0472408653811392 -0.00632398108667158 0.0224226097266798 -0.0138976262527327
-0.0615343953683831 -0.0241096070011864 0.0334327144510253 -0.0328793984060222
-0.043080101961921 -0.0629598580601011 0.0561989162290994 -0.0264538947203303
0.0132591379965056 -0.0793690403451793 0.0759041902171031 0.0316369475410359
0.0903941478893025 -0.04806502866542 0.0435608621726496 0.0836742951788765
0.114174871621387 0.046681663166646 -0.0127873762327141 0.0881205284838003
0.0785068761548832 0.123140477137591 -0.0195359611715895 0.0609204018012412
0.0199785232176591 0.120401131267564 -0.0133720363410736 -0.0249118917482267
0.0648797855568527 0.0872218742936612 0.0441912851647405 -0.0611849022259468
0.0940926923421632 0.0257491292129179 -0.0249834016183222 -0.105312446738109
0.0613674575383836 -0.0512767872270548 -0.089371656866041 -0.0467594494811489
-0.00233312928128303 -0.0731677891527147 -0.0705282497704289 0.0307836393721319
-0.0467727434873715 -0.0454987242517306 -0.0230953487059084 0.0492426459180447
-0.0529911799238978 -0.013307753582408 -0.00101896603086689 0.0344621925467834
-0.0494894030272124 -0.00503169638217834 0.00312662783063727 0.00710604361668137
-0.0487423156700997 -0.00625557060804902 0.00141976887490699 -0.0143992816164828
-0.0635823830411847 -0.0244545373685198 0.0115619011483423 -0.040857007685147
-0.0480268488702318 -0.0634676986404584 0.0377657111101185 -0.049789446897839
0.00621869559030662 -0.0821753126772645 0.0776660378422947 -7.76818826829019E-05
0.0860951924874596 -0.0542181651256354 0.0571738914439673 0.0634682629069233
0.113260360755935 0.0423028372082666 -0.00637606748478831 0.0767747169278381
0.0733771816621633 0.119383152144685 -0.029920766433838 0.0227638105763102
0.00158437795164637 0.11073237963572 -0.0156012503301942 -0.0747653986656791
0.0460401882102502 0.094781446719748 0.0416945876347922 -0.0773426105750188
0.0858799659733252 0.0430964053530198 -0.00434621774688683 -0.111364028469821
0.0671454964935978 -0.0396053733036112 -0.0634971420004847 -0.0735139597203147
0.0062128310218859 -0.0687470945919277 -0.0737430185327836 -0.0073530926525743
-0.0409546687983418 -0.0462601553496298 -0.0465929385728344 0.0284169565515356
-0.0516553831661023 -0.0146256011698269 -0.0253770466500152 0.0291263348582628
-0.046324408979928 -0.00563359675470179 -0.0174740717995449 0.00524697197840755
-0.0439525179735759 -0.00578428762043768 -0.0176506941791402 -0.0161235309086191
-0.0563556564884132 -0.0234666426159075 -0.0076118913708489 -0.0466044512870013
-0.0423181665836405 -0.057969247767548 0.0210130792000346 -0.0648256254766108
0.00640297493694893 -0.0732548457596908 0.0735618450805433 -0.0230141540617911
0.076849270239021 -0.0431430608909518 0.0610499023902399 0.0471700204303641
0.0933009454113067 0.0428783060746299 -0.00419124899082801 0.0637267122007942
0.0533063897334064 0.103972546380227 -0.0394643729984983 -0.0107324761375976
-0.0128270866985524 0.0773290546347338 -0.0117424848077567 -0.115383184750319
0.0196084695258764 0.0756060608470324 0.0410794358984046 -0.0909844776775786
0.0569962157159222 0.0438215415282456 0.0154285790101661 -0.109843503077947
0.0532720880878944 -0.0212097017134269 -0.0358750488023925 -0.089495113423927
0.00957002065268714 -0.0504517505541803 -0.0696533540426255 -0.0386027707730775
-0.0283794417910855 -0.0362699967165817 -0.0643967467290057 0.00865562739745743
-0.0406499377428998 -0.0126782239238116 -0.0458585553414171 0.0239665007021275
-0.0366329997845544 -0.00597759281117705 -0.0347530857842504 0.00309460962953653
-0.0343955684518183 -0.00546091626824704 -0.0335153836668999 -0.0184913025331338
-0.0425688841337375 -0.0205517280610143 -0.0216861771595527 -0.0521295744081474
-0.030182808402458 -0.0478727931969278 0.0122380869624324 -0.0747109593458508
0.0115603237230706 -0.0575552537526836 0.070602502522793 -0.0359358498271134
0.0647155622181157 -0.0227107848859091 0.0607298184690933 0.0355293539961142
0.0627990819468836 0.0444870501863654 -0.00363848781621865 0.0516733631703986
0.0223274969103117 0.0782960834899286 -0.0419434511509191 -0.0361061225700612
-0.0213281442026322 0.0290477209323237 -0.00603440921698711 -0.137416659820552
-0.00373860611526509 0.0384617774861422 0.0400180793408222 -0.0974040816414014
0.0207044099693748 0.0286642524231886 0.0252027622892718 -0.10504396361578
0.0270385707769885 -0.00455202474583984 -0.020711039155786 -0.0960255465473205
0.00750923289208365 -0.0231971484802643 -0.0678442953140376 -0.0547473008786627
-0.0117117438650511 -0.0195451931423465 -0.0754778452271511 -0.00219050525756091
-0.022202006753227 -0.00891673656165215 -0.0598495483889503 0.0196036966679132
-0.0210672355605822 -0.00539186322375859 -0.0467131557487674 -7.3565837929518E-05
-0.0203669409650839 -0.00418161706367573 -0.0449447103965454 -0.0228128776211421
-0.0255792137345572 -0.0145734180196583 -0.0295914730959495 -0.0583597334851275
-0.0159863691542421 -0.0339423813408256 0.00970153777644972 -0.0819291029238027
0.0148531464715639 -0.0385492710421484 0.0715824074961898 -0.0416179631556574
0.0483152802989451 -0.00303888320687984 0.0598121848881516 0.0316210942993358
0.0281901880272486 0.0421252949227041 -0.00410615346435753 0.0430466972106202
-0.00943178062927996 0.0461637423503074 -0.0372659477139943 -0.0532042617897453
0.0270622614371125 -0.00903885455545187 0.0467197577119174 0.0713536597902423
-0.00180420740413537 -0.0223772791284158 0.0421513404679161 -0.0467843734326058
-0.019756193979071 -0.0086801097328207 -0.0537033807299976 -0.0472982217920532
-0.00945823842642729 0.0113823175894536 -0.0876227622100103 0.0361638358745282
0.000100813974355595 0.00826857448036478 -0.0202142035997706 0.0930191006298534
0.00549396251982691 0.00392020362869949 0.0365430210559548 0.068621061009199
0.00625232715417582 -0.000266843743592779 0.0524176341493631 0.0351954603978494
0.000304743387634786 0.00082027506079314 0.0553512819423544 0.0071067799840853
-0.00313497186656008 0.00303365456578643 0.0622526103596788 -0.00808583049202209
-0.00786187786474567 0.00304813601584436 0.0734074459978369 0.00422717622499385
-0.00589989579117988 -0.00622359917758719 0.066996534217678 0.0535212998917578
0.0022148165234937 -0.01294714388101 0.0191626547831563 0.0981258906421936
0.0156931323430193 -0.0130450942413286 -0.0313912877668591 0.0990031219664186
0.0294007917250732 0.00253188949078552 -0.0600289372258442 0.103452327859669
0.0363201658661486 0.0228833935670692 -0.0175477439124439 0.143515842399476
0.0397518751835764 0.0308873057580357 0.0312782842396607 0.0708912235305011
0.0251657652303864 -0.00374683945713262 0.0456470550827211 -0.0408792581357923
0.00714744423142954 -0.0130489270147603 -0.0522274134677543 -0.0569420091118766
-0.000346218289614291 -0.00858343607267383 -0.0948840727251914 0.0275067099416247
-0.00720895647611974 -0.0127119119990815 -0.030152449347 0.0919847503168612
-0.0118957297872455 -0.00789911304053756 0.0314870807869625 0.0722067297497978
-0.0115734712725592 -0.0028311081873715 0.0489385899906168 0.0376713538845663
-0.01796156082747 -0.00130207267483285 0.0512815916569014 0.00805641742831619
-0.0229630986459036 -0.00201429511711215 0.055237614691548 -0.00937825889547009
-0.0295375977491499 -0.0123352876062858 0.0673296829320629 -0.00585197676470004
-0.0136303028612682 -0.0337374079536815 0.0701382606726759 0.0348451999765062
0.0199885312010966 -0.0364535000013167 0.0378814955367794 0.0872759679515081
0.0529446045488009 -0.0106793814282961 -0.0105850000285873 0.100655032377297
0.0598905896148802 0.036633580665782 -0.045186609714872 0.0996321594864539
0.049507391222524 0.073949630016765 -0.0140902303543134 0.125129237813365
0.0424783176782185 0.0713367489883539 0.0137484220573275 0.0547719598770213
0.0492130911317775 0.0251960853860123 0.0483615601881155 -0.0406398781089249
0.040944032858187 -0.00936437037502307 -0.0474149651875237 -0.0727276732559759
0.0167994589811554 -0.0301497432153347 -0.100815684669576 0.0092103945032381
-0.0112614666202397 -0.0369705210771789 -0.0439182171346906 0.0830281428959854
-0.0286550830567641 -0.0212689113200559 0.0188875108807977 0.071332861427974
-0.0293040791343898 -0.00689238198658083 0.0379220242529361 0.0379731748396439
-0.0339740261404019 -0.0034011818808941 0.0400823337062035 0.00870813825893899
-0.0378632001139095 -0.00502305651901351 0.0413127189266709 -0.0115397402082151
-0.0482626422502984 -0.0208214687482339 0.0527659175114041 -0.0193043257991277
-0.0278676698737532 -0.0530677104550429 0.0670918089721609 0.00582606381036217
0.0227880696320094 -0.0613330247558608 0.059490529701549 0.0648146757911129
0.0800002405934373 -0.0260755430918042 0.0167070976385993 0.0965247989242131
0.0911890129898557 0.0504885552911313 -0.0281931481341331 0.0945210064090834
0.0651690303322651 0.108004564595624 -0.0142662235016431 0.0943564056846025
0.0330911176195136 0.103528047162453 -0.00135243126171461 0.0211083860650649
0.0638512200339963 0.0590482500659446 0.0486935157651657 -0.0464106219068951
0.0738371439569627 0.0054182238647613 -0.0379957579169295 -0.0906767497926287
0.0403096601998751 -0.0459282493704329 -0.10074204813191 -0.0175399488793405
-0.00874367038380301 -0.0587733972470862 -0.0593073087443101 0.0615370311903825
-0.0407356919400643 -0.035798940626408 -0.000837637013887057 0.0636790581812703
-0.0438802610470374 -0.0108661961522797 0.0201435109187189 0.0366739398218068
-0.044371046903555 -0.00431381940706076 0.0230918495172436 0.00819482223975861
-0.0463106616510654 -0.00667230768153443 0.022736723755891 -0.0125439018413957
-0.0600306089846017 -0.0243390963833347 0.0331508687814004 -0.0309929423544243
-0.0412099809057159 -0.0620863476253267 0.0548962201391058 -0.0242260861256126
0.0145249432068394 -0.0769112259958637 0.0741790020987332 0.0323973272792809
0.0897022529271548 -0.0446475751971378 0.0406528592822546 0.0821913407014695
0.111105867844721 0.0482583541631342 -0.015042454224745 0.0858122784880103
0.0740025150859609 0.12154018528739 -0.020272674952622 0.0579918513034963
0.0160393991484555 0.118330056434457 -0.0108766785500651 -0.025158774172978
0.0612789473842846 0.0860829721195734 0.0459408205600617 -0.0585544786486927
0.0915545775280669 0.0273047928565304 -0.0210487966190555 -0.10360417574857
0.0605822449943365 -0.048722276377744 -0.086383659335271 -0.0483808265582867
-0.00161558450921813 -0.0711070185416023 -0.0698217550705151 0.0281958102349746
-0.0444050885158921 -0.0446094158800391 -0.0242157132726636 0.0474188076782676
-0.0513980397886904 -0.0140995904221994 -0.0023579093194198 0.0340195303072313
-0.0483628941035561 -0.00586100055399366 0.00297019174157504 0.00722443112151862
-0.0473579958681268 -0.00713644755891751 0.002213027591113 -0.0138206223169439
-0.0613221066548116 -0.0243086952181681 0.0120487645694897 -0.0393946314677151
-0.0464727926428066 -0.0619512808729936 0.0377461486642045 -0.0469757025685323
0.00714783245093001 -0.0795160789251915 0.0767529399012943 0.00184032661457549
0.0857578108104183 -0.0515423650282273 0.0547232566311655 0.0632450590936623
0.109545494773964 0.0438824019661061 -0.00897991035783434 0.0743680144004124
0.0699398945263862 0.117934846839984 -0.0309104533598745 0.0206640091316315
-0.0016920226508092 0.107540007666485 -0.0120390588362979 -0.0733155222320286
0.041294971280153 0.0932216841360986 0.043519394380413 -0.0747291945319081
0.0833168293764484 0.0439044917781046 -4.62938545310166E-05 -0.108007641046256
0.0662836880564474 -0.0369103554443425 -0.0602374088216103 -0.0743352660882329
0.00703780518634272 -0.066982072968006 -0.0717165246763427 -0.00988689259579908
-0.0392523882302759 -0.0450874801999307 -0.0463879643041154 0.0263001098987692
-0.0496313595007518 -0.0148491524231579 -0.0252115205858972 0.0289772386581212
-0.0454985329319113 -0.00662693937062854 -0.016952021571687 0.00527597007230559
-0.0426615221707157 -0.00683895980935379 -0.016691258659205 -0.0156453688617156
-0.0544008116635202 -0.0230288147675387 -0.0062433080741781 -0.0451462314176403
-0.0410074484949656 -0.0565113104055375 0.0222634763420829 -0.0628392720128177
0.0076595711966455 -0.0710181100846528 0.0730614297495853 -0.0208962757008137
0.0761437938208195 -0.0408134431171872 0.0593321479097968 0.0467499560171017
0.0908834975563742 0.0436763849194035 -0.0067110343544688 0.062414065136954
0.0497509681383776 0.101424775724225 -0.039252432971446 -0.0114245756482451
-0.0145620058073557 0.0752433777967024 -0.00752057502799645 -0.112246382002396
0.0174614247310421 0.0740773666790965 0.0437901687936242 -0.0871929990990099
0.0550650273052217 0.0440444218504882 0.0179852933965771 -0.106171574446481
0.0525384220649831 -0.0197883557452937 -0.0333691767488262 -0.0893888133870618
0.00986350508840417 -0.0482600251892739 -0.0680032423964163 -0.0396717684082301
-0.0269203061982694 -0.0358605315995847 -0.0630483444568565 0.00744862261684315
-0.0385165104250837 -0.0130622323753197 -0.0454149885447067 0.0230004998413246
-0.0357773978479109 -0.00678681021030825 -0.0343542281513626 0.00266118209479657
-0.0331931228705751 -0.00618340301928785 -0.0323981748725135 -0.0185733632386915
-0.0410204846055515 -0.0205919092830244 -0.020077470838512 -0.0510649838066044
-0.0284893413004104 -0.0468010037606117 0.0131783050530707 -0.0725891551858154
0.0116578649244985 -0.0553055522230996 0.0701601247589284 -0.0333131943968862
0.0638509165105653 -0.0212954350305629 0.0590517999863291 0.0365513547309416
0.0605010648984729 0.0451659733887824 -0.00581267343076771 0.0506652080040441
0.0204094471477394 0.0767683549750251 -0.0408280556271088 -0.0364552311402553
-0.0219875410270128 0.0280665374139717 -0.00240533557162396 -0.134093008470761
-0.00502276390874416 0.0372687499770202 0.0421001411835899 -0.0938085173493483
0.0199356722744279 0.0282709746975247 0.0284272317252588 -0.101722190913719
0.0263211634056431 -0.00397416317134488 -0.0181336943460306 -0.0955722966742492
0.00763571506343605 -0.0223294315369286 -0.0654648298640434 -0.055314986984682
-0.011302257156212 -0.0194942349536933 -0.0736997797201429 -0.00284143593570716
-0.0213721972421029 -0.00856548087952541 -0.058623683460131 0.0185510524743245
-0.020486801237481 -0.00558066576236797 -0.0460454630400824 0.000169089715436589
-0.0199368140624958 -0.00453308895766611 -0.0431024071345248 -0.0233078831102456
-0.0243087685251168 -0.0149481736859473 -0.0277326820249555 -0.0576489139079651
-0.0150581310298756 -0.0336434482319751 0.0109252933816539 -0.0790534507257138
0.0152378769745216 -0.036853706352046 0.0710832914606778 -0.0389718570457065
0.0475447319838085 -0.0015560887756842 0.0579793525144372 0.0322431003419391
0.0270513774182803 0.0415209917586743 -0.00549813682302618 0.0422931464076144
-0.0103148180959528 0.0446744185274253 -0.035511963104839 -0.0528219968550844
0.0272830169969828 -0.00849355507769838 0.0456180513151211 0.0731559590343338
-0.00110866539116091 -0.0224853858606681 0.0444086811679249 -0.0471844547548413
-0.0197611801438571 -0.00888552862338665 -0.0524814190000774 -0.0508233676116188
-0.0097155875664321 0.0113741242727975 -0.0896819348172609 0.034103636097298
0.000214375438124243 0.00855345478843839 -0.0236703170033542 0.0936979335536877
0.00544054193169143 0.0042006463961765 0.0354236104091141 0.0701247080602
0.00633733345660191 -0.000171700459463814 0.0524985271999188 0.0373163308231282
0.00023945711317449 0.000929946067632691 0.0567518535097808 0.00807343351029853
-0.00304052543979163 0.00295034227420961 0.0633922909244102 -0.0072883435012986
-0.00798005372710463 0.00284124893595396 0.0735801763553914 0.00630128445893035
-0.00590702774378317 -0.00687595175784421 0.0661928844331401 0.0567491188776401
0.00249102963956904 -0.0127773943319599 0.0167306011233373 0.100689881207369
0.0157872409525018 -0.0125200395611207 -0.0359660881963471 0.0995543597798079
0.0298634340103339 0.00360351018906431 -0.0651593948891191 0.102965514948033
0.0361630110625646 0.0240800467802337 -0.0229921247749205 0.143843368411835
0.0390590075642498 0.0319539718769287 0.0300962634558759 0.0716450636065561
0.0253957659528245 -0.00285927484318087 0.0483822635422696 -0.0408370273471801
0.00781234474010897 -0.0128307530544372 -0.0509632297269249 -0.0600777321996963
0.000169362532896572 -0.0085253431204079 -0.0970790042706451 0.0244294670226357
-0.00752007289515394 -0.0125205342064994 -0.0329828999376921 0.0925166209641219
-0.0117577518986769 -0.00827793693991866 0.0299407235140587 0.0735373731964662
-0.0116145613297071 -0.00368965095024558 0.0487820247270671 0.0391010530718803
-0.0187672047507861 -0.0020812793937052 0.052418762627307 0.00916970832315132
-0.0227284828969799 -0.00285961192586565 0.0562810924230646 -0.00843120844841729
-0.029916205737265 -0.0130075627221706 0.0684752635471213 -0.00461392648452449
-0.0132915362819053 -0.0345056993062185 0.0701936051944094 0.0377108946109781
0.0215941266220748 -0.0362451105287043 0.0354833329585131 0.0905567591411748
0.0542267757920589 -0.00895108970064694 -0.0150149878484776 0.101623371518657
0.0594890691596434 0.0391970863312705 -0.0500733624085716 0.100027226202427
0.047669684457484 0.076124420813066 -0.0189846746545163 0.125387325987297
0.0402637662202957 0.0733762182980744 0.0135015847915634 0.0551031255841788
0.048621241014243 0.026924322492955 0.0512177687679791 -0.0405861112820898
0.0418538063256196 -0.00818619475624268 -0.0452109357424692 -0.0764612529616962
0.0177112156108769 -0.0293647452341591 -0.103085014677403 0.00582553975576093
-0.0109593083254593 -0.036917842349881 -0.0468588046941563 0.0823412564927822
-0.0281981271899311 -0.0225513171371078 0.0175932588004937 0.0726785614790422
-0.0294104530919051 -0.00790486739513743 0.0367792265802192 0.0399289020433858
-0.0341057228091771 -0.00412856737572081 0.0402528380414925 0.00912084835766885
-0.0382402114405467 -0.00664697870990867 0.0426798328279698 -0.0104633687211516
-0.048744725879968 -0.0221134248067598 0.0542081386109052 -0.0181960510395967
-0.0277912380053195 -0.0542231211609536 0.0683695799752091 0.00802756619475925
0.0247638961576222 -0.060952690228934 0.0586567783455921 0.0682966257693911
0.0821357874835762 -0.0237108385706022 0.013128545175713 0.0979290938094205
0.0912341820158119 0.0540504548604125 -0.0325741992400561 0.0949120310563197
0.0627506800545535 0.110800439870363 -0.0186451670548013 0.0944443721734541
0.0303900901778717 0.106076407699316 -0.000877187924552587 0.0213234484231747
0.0619274799580311 0.0619984645243606 0.052321793199018 -0.0453833003231713
0.074871261661217 0.00808205891970766 -0.0346172455092903 -0.0933689532234998
0.0420034110270964 -0.0449345807690903 -0.10183974999185 -0.0211747461290816
-0.00815266008256376 -0.0596199567714532 -0.0625396342453054 0.0602664661647256
-0.0406116978029893 -0.0364473128865716 -0.0021159722006049 0.0642316385026096
-0.043699028602028 -0.0119915559835116 0.0195752776304309 0.0384022514300329
-0.0453508212360944 -0.00614392131269641 0.0237149445289016 0.00899101396628445
-0.0467209876593548 -0.00815831799377291 0.0235146004811052 -0.0122242530613308
-0.0601168632944908 -0.0257946175929883 0.035305855051631 -0.0309547890250473
-0.0409733699937775 -0.063464984909272 0.0570327243925768 -0.0218801433075685
0.0168624834428464 -0.0774151727825218 0.0739465066133105 0.0359578584905892
0.0920705861763312 -0.0430973335551089 0.038001248288688 0.0842526942983592
0.111575197903196 0.0522577250107643 -0.0192462225043469 0.0865726839636164
0.0719436094742442 0.125158321449842 -0.0234387562731486 0.0569931357284814
0.0126941580680697 0.120202434405876 -0.00956602026493045 -0.0254567530288382
0.0589658492109238 0.089488971685501 0.0498920592827352 -0.0580407449110015
0.0917637044053248 0.0307376692702833 -0.0174399442625672 -0.105804408471768
0.0628104122589499 -0.0471015929585371 -0.0856865762537428 -0.0524801831914619
-2.34438670372393E-05 -0.0713411669234739 -0.0720067118905711 0.0262347677963906
-0.0438121500777191 -0.0457891340212331 -0.0254073210803866 0.0472052241758185
-0.0512536674755501 -0.015777788371749 -0.00285448750744975 0.0339965646967533
-0.0496466503427767 -0.00739560112937961 0.00311258744620011 0.00699846573813936
-0.0480796483419273 -0.00858245660796159 0.00293777025556472 -0.0137725057098497
-0.0620641941206221 -0.0258247315625969 0.0135339914644427 -0.0396851080759295
-0.0461252126857035 -0.0632732836247274 0.0397444203185166 -0.045771029856752
0.0095618626316546 -0.0798432407307499 0.0779347574424549 0.00470392343974282
0.0885846399316479 -0.0498496817816311 0.0533061679743023 0.0658228139354139
0.110107427680774 0.0472188786668945 -0.0118182546806355 0.075454408857144
0.0678191203114139 0.121121214905581 -0.0326389148545919 0.019503619959592
-0.00536679908739469 0.10938832366646 -0.00907752204384839 -0.0745003391486376
0.0391782747309692 0.0954042889096964 0.0475921049931326 -0.0735172526165862
0.0830727821029762 0.0469772240339732 0.00395728176087911 -0.109266229833291
0.068302811208913 -0.0355187135638211 -0.0579958006835027 -0.0779891132728489
0.00827906420466856 -0.0671129535864056 -0.0731590081964425 -0.0123080698617898
-0.0381990013229922 -0.0464290544432988 -0.0479641886727141 0.0255785775046886
-0.0495426231616114 -0.0164659429642736 -0.0262323336039279 0.0284310150042815
-0.0461461551727736 -0.00818723243867591 -0.0172070700225607 0.00502967001455253
-0.0431622148517238 -0.00846879006345165 -0.0163429911063728 -0.0164908868029793
-0.0544543804389873 -0.024519627298571 -0.00548336135725188 -0.0461360132201249
-0.0404321159590484 -0.0576642725875901 0.0241296223935213 -0.0623018344730939
0.00937911841359775 -0.0710848785315126 0.0746931713696226 -0.0181519182648012
0.0785353838221296 -0.0394105323915309 0.0584318561139082 0.0490212214217687
0.0906490540572994 0.0459805986518814 -0.00948327848395568 0.0634803230614052
0.0472019751719341 0.104061392967831 -0.0398343487176415 -0.0131668506800167
-0.0180359297308987 0.0756322908936237 -0.00304116299510154 -0.113918678682256
0.0142699606274984 0.0750006954176898 0.0474671424084865 -0.0861741167176605
0.0546150678878867 0.0458594113147613 0.0224464759819669 -0.106090182217492
0.0534238795981548 -0.0184729849375541 -0.0304972625474375 -0.092866071169149
0.0108655274037142 -0.0484653944566587 -0.067958340232764 -0.0432956445315455
-0.0259478089097021 -0.0362078364506657 -0.0647099303523588 0.00587358717806007
-0.0390121638950716 -0.0140774395196645 -0.0468712347865719 0.0231793249711925
-0.036476199277718 -0.00812598621293712 -0.0351984074071405 0.00219521867758929
-0.033157679443106 -0.00760716581912361 -0.0323589924136854 -0.0197010270326133
-0.0408918245301264 -0.0212771448310665 -0.0186417583895771 -0.0519467597419248
-0.028276220561063 -0.0480684890230944 0.0148005685283188 -0.072455748429745
0.0140229679748964 -0.0550930361489408 0.0724581797831265 -0.0317581164933159
0.0656230608256409 -0.01948946790441 0.0588274294272062 0.0387258206189311
0.0603153914574072 0.0474816122652766 -0.00845985938293975 0.0509499615067958
0.0181497143901809 0.0780837357301438 -0.0416756582881007 -0.0378957407115131
-0.0232534486123156 0.027788618205838 0.00239471317971734 -0.135251118217277
-0.00682343456370178 0.0369987831825403 0.0461157788836051 -0.0925943577749285
0.0189516219718799 0.0290678103650193 0.0323209473839114 -0.101792944712583
0.0263168582618436 -0.0036179606178001 -0.0142733844218847 -0.0982153329428974
0.0085441664987289 -0.0219334632484804 -0.064654799391515 -0.058804139804345
-0.0105140213358236 -0.0195170884029849 -0.0747799864307045 -0.0050109911974801
-0.0210760108958563 -0.00888708890088034 -0.0600137372493178 0.017953647828404
-0.0212928337819774 -0.00652990774714226 -0.0469352549731202 -0.000941738522965993
-0.0195696632825599 -0.00569405724797469 -0.0420390362687683 -0.0237764710697897
-0.0239418202441017 -0.0152378964771897 -0.0262209717581422 -0.0588768818118724
-0.014366824886598 -0.0332926455244249 0.0130037890372684 -0.0793784911784725
0.0162592420574525 -0.0367215202254114 0.0732013899765032 -0.0372349933503557
0.0482561036346376 -0.00051430514717099 0.0580860266877966 0.0348212235986553
0.0261141617213971 0.0434660657215907 -0.00828974116923084 0.0428125887161101
-0.0119166008808178 0.0443030957449829 -0.0353144131981148 -0.0536169877326471
