TRXV5
3
4
4
9
string Extension=J
integer IsArchMeasurement=1
integer IsSpherical=1
string Generator=SPM
string GeneratorVersion=1.3.1 Dev
double ArchRadius=0.449999988079071
integer FrequencyAxisIndex=0
integer AzimuthAxisIndex=1
integer ElevationAxisIndex=2
Frequency
5 136 690000000 960000000 LIN
Azimuth
7 8 0 2.74889357189107 LIN
Elevation
7 15 -2.74889357189107 2.74889357189107 LIN
Polar H Real Part
13
Polar H Imaginary Part
14
Polar V Real Part
13
Polar V Imaginary Part
14
Polar H Magnitude (dB)
12 0xC0000002 0 1
Polar H Phase
7 0xC0000003 0 1
Polar V Magnitude (dB)
12 0xC0000002 2 3
Polar V Phase
7 0xC0000003 2 3
0.12469482421875 -0.035797119140625 0.31060791015625 0.04791259765625
0.0776138305664062 -0.109809875488281 0.170135498046875 -0.05157470703125
-0.0519027709960938 -0.0900344848632813 -0.0724029541015625 -0.039337158203125
-0.0850982666015625 -0.014007568359375 -0.109664916992188 0.129104614257813
-0.0633811950683594 0.0222663879394531 0.0124969482421875 0.212722778320313
-0.0522041320800781 0.04681396484375 0.166534423828125 0.22344970703125
-0.0240592956542969 0.0513572692871094 0.278945922851563 0.157958984375
-0.0367965698242187 0.0422935485839844 0.30169677734375 0.105499267578125
-0.0587272644042969 0.0341262817382813 0.269577026367188 0.115325927734375
-0.0675621032714844 0.00437927246093751 0.190032958984375 0.166015625
-0.0479507446289063 -0.0394668579101563 0.09930419921875 0.153549194335938
-0.0115089416503906 -0.0671539306640625 0.027923583984375 0.100723266601563
0.0682640075683594 -0.0565261840820313 0.0732955932617188 0.0552139282226563
0.132369995117188 0.01263427734375 0.2740478515625 0.1387939453125
0.131599426269531 0.0822601318359375 0.283935546875 0.400848388671875
-0.0307464599609375 -0.157440185546875 0.3206787109375 0.037109375
-0.085662841796875 -0.168411254882813 0.178314208984375 -0.0608062744140625
-0.1826171875 -0.0701904296875 -0.0405311584472656 -0.0452156066894531
-0.174163818359375 0.0699615478515625 -0.0777130126953125 0.10711669921875
-0.0840835571289063 0.130790710449219 0.0263824462890625 0.172393798828125
0.00558471679687499 0.162124633789063 0.16912841796875 0.18817138671875
0.0715255737304688 0.1285400390625 0.266082763671875 0.12115478515625
0.0484771728515625 0.111412048339844 0.28778076171875 0.070831298828125
0.035491943359375 0.118385314941406 0.26495361328125 0.08441162109375
0.000709533691406243 0.115715026855469 0.197555541992188 0.14410400390625
-0.0418701171875 0.0810928344726563 0.112586975097656 0.132850646972656
-0.0679779052734375 0.0492591857910156 0.05389404296875 0.0945205688476563
-0.0674819946289063 -0.00394821166992186 0.119705200195313 0.0698013305664063
-0.0409317016601563 -0.0291519165039063 0.302520751953125 0.16668701171875
-0.0397262573242188 -0.0205764770507813 0.301910400390625 0.429443359375
-0.1851806640625 -0.251205444335938 0.29058837890625 -0.00521850585937501
-0.24090576171875 -0.192398071289062 0.158920288085937 -0.079010009765625
-0.2877197265625 -0.02935791015625 -0.0132255554199219 -0.0473899841308594
-0.234664916992187 0.150924682617188 -0.0372772216796875 0.0755844116210938
-0.08917236328125 0.221923828125 0.0395050048828125 0.112770080566406
0.0651702880859375 0.252197265625 0.150131225585938 0.125900268554688
0.155899047851563 0.18658447265625 0.214706420898438 0.065643310546875
0.126541137695313 0.164581298828125 0.229965209960938 0.0244598388671875
0.125640869140625 0.188278198242188 0.21856689453125 0.04052734375
0.067138671875 0.217025756835938 0.175796508789063 0.0984954833984375
-0.0370025634765625 0.198272705078125 0.112991333007813 0.0879287719726563
-0.127243041992187 0.162979125976563 0.080291748046875 0.0727920532226563
-0.206436157226563 0.040435791015625 0.15972900390625 0.081817626953125
-0.211715698242188 -0.079437255859375 0.28955078125 0.186065673828125
-0.204498291015625 -0.130233764648438 0.27001953125 0.415740966796875
-0.32220458984375 -0.295654296875 0.21722412109375 -0.063720703125
-0.37457275390625 -0.1705322265625 0.11053466796875 -0.09515380859375
-0.35369873046875 0.03863525390625 0.00857925415039061 -0.04498291015625
-0.251113891601563 0.225601196289062 0.00376510620117186 0.0336246490478516
-0.0679931640625 0.28497314453125 0.0442543029785156 0.0381736755371094
0.12274169921875 0.30218505859375 0.109710693359375 0.0466995239257813
0.22003173828125 0.214340209960938 0.131195068359375 0.00175476074218751
0.184722900390625 0.194183349609375 0.137176513671875 -0.0262222290039062
0.195343017578125 0.232421875 0.137863159179688 -0.0144119262695312
0.120391845703125 0.289337158203125 0.126640319824219 0.0307769775390625
-0.032196044921875 0.28973388671875 0.0982131958007813 0.021484375
-0.175018310546875 0.255508422851563 0.101547241210938 0.0331497192382813
-0.32171630859375 0.0734863281249999 0.183975219726562 0.082275390625
-0.353912353515625 -0.125091552734375 0.240219116210937 0.18505859375
-0.33636474609375 -0.221710205078125 0.19549560546875 0.356353759765625
-0.418609619140625 -0.29736328125 0.106605529785156 -0.12567138671875
-0.458343505859375 -0.11865234375 0.0386581420898437 -0.0978469848632813
-0.372650146484375 0.111175537109375 0.0223274230957031 -0.0361328125
-0.226898193359375 0.277633666992188 0.0368690490722656 -0.0135078430175781
-0.029022216796875 0.309906005859375 0.0351676940917969 -0.0395431518554687
0.169647216796875 0.30755615234375 0.0487785339355469 -0.03466796875
0.252182006835938 0.207687377929688 0.0264511108398438 -0.0579299926757812
0.214340209960938 0.193283081054688 0.0221481323242188 -0.0726470947265625
0.233428955078125 0.240310668945313 0.0328292846679688 -0.0709991455078125
0.15191650390625 0.31341552734375 0.0546607971191406 -0.0498886108398437
-0.02325439453125 0.330291748046875 0.0683021545410156 -0.0592689514160156
-0.19586181640625 0.302398681640625 0.111335754394531 -0.019500732421875
-0.381439208984375 0.090972900390625 0.188018798828125 0.069915771484375
-0.43133544921875 -0.151519775390625 0.154571533203125 0.162704467773438
-0.414337158203125 -0.27716064453125 0.0871734619140625 0.2567138671875
-0.44854736328125 -0.261505126953125 -0.0246429443359375 -0.182403564453125
-0.4716796875 -0.060821533203125 -0.044830322265625 -0.0902481079101563
-0.34271240234375 0.1575927734375 0.0236244201660156 -0.0242137908935547
-0.173980712890625 0.286895751953125 0.0524444580078125 -0.0595779418945312
0.011566162109375 0.290771484375 0.00852966308593749 -0.105743408203125
0.1893310546875 0.268203735351563 -0.0268325805664063 -0.101119995117188
0.246673583984375 0.170684814453125 -0.0828628540039063 -0.104202270507812
0.210556030273437 0.163558959960938 -0.0957717895507813 -0.107673645019531
0.229476928710938 0.209976196289063 -0.0758590698242188 -0.119926452636719
0.155746459960938 0.280288696289063 -0.021240234375 -0.128852844238281
-0.011077880859375 0.30670166015625 0.0328369140625 -0.135787963867187
-0.177703857421875 0.28790283203125 0.109336853027344 -0.0710830688476563
-0.36395263671875 0.090240478515625 0.169403076171875 0.049102783203125
-0.426788330078125 -0.149139404296875 0.0499649047851562 0.122604370117187
-0.42486572265625 -0.279327392578125 -0.0329208374023438 0.136734008789063
-0.407073974609375 -0.197845458984375 -0.156478881835938 -0.235641479492187
-0.4122314453125 -0.014678955078125 -0.130348205566406 -0.0851821899414062
-0.267364501953125 0.162948608398437 0.00887680053710936 -0.0140695571899414
-0.10821533203125 0.248565673828125 0.0480194091796875 -0.0942764282226562
0.042510986328125 0.2303466796875 -0.026641845703125 -0.15142822265625
0.178176879882813 0.193572998046875 -0.101806640625 -0.145721435546875
0.205032348632813 0.111297607421875 -0.181045532226563 -0.12969970703125
0.174148559570313 0.10809326171875 -0.197555541992188 -0.126983642578125
0.189163208007813 0.144668579101563 -0.171142578125 -0.154006958007813
0.134994506835938 0.194992065429688 -0.088043212890625 -0.190902709960938
0.00843811035156252 0.224090576171875 0.00140380859374999 -0.190444946289063
-0.118270874023438 0.21966552734375 0.101753234863281 -0.1080322265625
-0.271331787109375 0.0821685791015625 0.135093688964844 0.0301666259765625
-0.3480224609375 -0.107421875 -0.0510711669921875 0.0776138305664063
-0.3726806640625 -0.224365234375 -0.145492553710938 0.0193328857421875
-0.296417236328125 -0.113739013671875 -0.262359619140625 -0.28411865234375
-0.284912109375 0.0108032226562501 -0.20098876953125 -0.0918731689453125
-0.165802001953125 0.12750244140625 -0.0215225219726563 -0.0106925964355469
-0.043609619140625 0.168289184570312 0.0277938842773437 -0.115585327148437
0.054290771484375 0.139869689941406 -0.0626678466796875 -0.172576904296875
0.132255554199219 0.0981903076171875 -0.16473388671875 -0.165328979492187
0.1307373046875 0.038970947265625 -0.252517700195313 -0.134124755859375
0.109786987304688 0.037322998046875 -0.268310546875 -0.127670288085937
0.118049621582031 0.0555267333984375 -0.233200073242188 -0.16552734375
0.0981216430664063 0.0784530639648438 -0.130905151367188 -0.222244262695312
0.03515625 0.106857299804687 -0.0186920166015625 -0.21173095703125
-0.0306854248046875 0.123756408691406 0.0905838012695313 -0.121177673339844
-0.135040283203125 0.0763626098632812 0.0948486328125 0.018096923828125
-0.219329833984375 -0.0309295654296875 -0.1287841796875 0.0423202514648438
-0.272857666015625 -0.125198364257813 -0.231887817382813 -0.06982421875
0.131568908691406 -0.0567398071289063 0.31353759765625 0.010040283203125
0.0671005249023438 -0.132652282714844 0.165191650390625 -0.0762939453125
-0.0699996948242188 -0.0924911499023438 -0.0786972045898437 -0.0350570678710938
-0.0973358154296875 -0.00402069091796877 -0.102264404296875 0.139739990234375
-0.0682411193847656 0.036651611328125 0.027557373046875 0.212814331054687
-0.048919677734375 0.0652351379394531 0.185821533203125 0.212417602539063
-0.0169296264648438 0.0663795471191406 0.293731689453125 0.13214111328125
-0.0318336486816406 0.0568656921386719 0.31195068359375 0.0750732421875
-0.0570945739746094 0.05291748046875 0.2818603515625 0.088958740234375
-0.0754318237304688 0.0200347900390625 0.207046508789063 0.147232055664063
-0.0628089904785156 -0.0343132019042969 0.117218017578125 0.1455078125
-0.0265350341796875 -0.0732803344726562 0.0407867431640625 0.103858947753906
0.0656967163085937 -0.07427978515625 0.076507568359375 0.0584564208984375
0.147216796875 -0.008636474609375 0.278244018554688 0.11907958984375
0.156158447265625 0.0667572021484375 0.30810546875 0.38006591796875
-0.033905029296875 -0.163528442382812 0.326873779296875 -0.00375366210937501
-0.0994415283203125 -0.17596435546875 0.173995971679688 -0.0878753662109375
-0.19793701171875 -0.061431884765625 -0.0462112426757813 -0.04656982421875
-0.178009033203125 0.087127685546875 -0.0706634521484375 0.111572265625
-0.0783538818359375 0.145858764648438 0.039215087890625 0.168197631835938
0.020050048828125 0.17266845703125 0.18511962890625 0.170455932617187
0.085479736328125 0.132423400878906 0.275497436523438 0.09197998046875
0.05987548828125 0.116371154785156 0.2928466796875 0.0379638671875
0.0450668334960938 0.126205444335938 0.274169921875 0.0537261962890625
0.00442504882812499 0.123100280761719 0.215927124023438 0.120803833007813
-0.0441818237304687 0.0850448608398438 0.131721496582031 0.121757507324219
-0.0695228576660156 0.0482940673828125 0.0697250366210938 0.0943069458007813
-0.0636253356933594 -0.00969696044921875 0.127845764160156 0.0686187744140625
-0.0295162200927734 -0.0332736968994141 0.313201904296875 0.14501953125
-0.0251998901367187 -0.01934814453125 0.334930419921875 0.40771484375
-0.197998046875 -0.240631103515625 0.297760009765625 -0.0457763671875
-0.255691528320313 -0.1824951171875 0.154708862304688 -0.105667114257813
-0.297119140625 -0.0120849609375 -0.0189933776855469 -0.0543098449707031
-0.228805541992188 0.171890258789062 -0.0331497192382813 0.0738296508789063
-0.07415771484375 0.23486328125 0.0481796264648437 0.103866577148438
0.0873870849609375 0.25311279296875 0.159866333007813 0.10552978515625
0.174423217773438 0.1785888671875 0.216888427734375 0.0374603271484375
0.142562866210937 0.16021728515625 0.230026245117188 -0.00604248046874999
0.142684936523438 0.183853149414063 0.223846435546875 0.00991821289062501
0.0828704833984375 0.215789794921875 0.191070556640625 0.073699951171875
-0.0250091552734375 0.20159912109375 0.130683898925781 0.0745849609375
-0.11639404296875 0.169525146484375 0.0978240966796875 0.0687179565429688
-0.197830200195312 0.04949951171875 0.172698974609375 0.0753021240234375
-0.2078857421875 -0.06689453125 0.30828857421875 0.166290283203125
-0.20263671875 -0.113174438476563 0.306640625 0.39862060546875
-0.34124755859375 -0.2691650390625 0.22283935546875 -0.0986175537109375
-0.385589599609375 -0.1434326171875 0.107223510742187 -0.119232177734375
-0.352935791015625 0.063079833984375 0.00301742553710935 -0.0560722351074219
-0.235427856445313 0.24749755859375 0.00557518005371092 0.0267524719238281
-0.044586181640625 0.29193115234375 0.0470390319824219 0.0270233154296875
0.150726318359375 0.292266845703125 0.111427307128906 0.026611328125
0.23974609375 0.195220947265625 0.126594543457031 -0.0198898315429687
0.204055786132813 0.179595947265625 0.131927490234375 -0.0500106811523437
0.219009399414063 0.21661376953125 0.136993408203125 -0.0394210815429687
0.146530151367187 0.279388427734375 0.136627197265625 0.00892639160156252
-0.00845336914062498 0.292236328125 0.111167907714844 0.00694274902343752
-0.153839111328125 0.268569946289063 0.116798400878906 0.0256118774414063
-0.31134033203125 0.09600830078125 0.200912475585937 0.0710601806640625
-0.3568115234375 -0.0986633300781249 0.262496948242188 0.168182373046875
-0.34735107421875 -0.192657470703125 0.231231689453125 0.347137451171875
-0.442291259765625 -0.25634765625 0.111572265625 -0.14971923828125
-0.46453857421875 -0.0746765136718751 0.0378341674804687 -0.115951538085938
-0.3614501953125 0.139404296875 0.0185661315917969 -0.0498428344726562
-0.20098876953125 0.2969970703125 0.0348529815673828 -0.0247001647949219
-0.000610351562499991 0.310546875 0.0323448181152344 -0.050811767578125
0.198028564453125 0.286590576171875 0.0423851013183594 -0.0501136779785156
0.270431518554688 0.180389404296875 0.0159759521484375 -0.0704574584960938
0.233505249023438 0.172500610351563 0.011993408203125 -0.0854339599609375
0.258575439453125 0.215911865234375 0.026214599609375 -0.086273193359375
0.183807373046875 0.29705810546875 0.0577583312988281 -0.0663604736328125
0.00772094726562499 0.332122802734375 0.0731201171875 -0.073760986328125
-0.1654052734375 0.32025146484375 0.122276306152344 -0.0304794311523437
-0.37017822265625 0.122955322265625 0.206146240234375 0.0550384521484375
-0.4423828125 -0.11456298828125 0.177291870117188 0.15362548828125
-0.436187744140625 -0.236328125 0.116973876953125 0.25701904296875
-0.4739990234375 -0.215301513671875 -0.021942138671875 -0.192703247070313
-0.474700927734375 -0.011566162109375 -0.0429534912109375 -0.098602294921875
-0.3240966796875 0.19036865234375 0.0220260620117187 -0.0388298034667969
-0.14337158203125 0.3037109375 0.0470733642578125 -0.0714492797851562
0.04248046875 0.284698486328125 0.000396728515624992 -0.115119934082031
0.21649169921875 0.240158081054688 -0.0377883911132812 -0.110015869140625
0.261627197265625 0.138504028320313 -0.0969161987304687 -0.104866027832031
0.226409912109375 0.138702392578125 -0.108955383300781 -0.107955932617187
0.251663208007813 0.1820068359375 -0.0879745483398438 -0.124076843261719
0.185165405273438 0.25921630859375 -0.027984619140625 -0.137420654296875
0.02044677734375 0.30517578125 0.02874755859375 -0.14788818359375
-0.14520263671875 0.303863525390625 0.114944458007812 -0.0840377807617187
-0.35186767578125 0.1236572265625 0.185440063476562 0.0334320068359375
-0.440948486328125 -0.107666015625 0.0707015991210937 0.122039794921875
-0.453582763671875 -0.2362060546875 -0.0134735107421875 0.149398803710937
-0.430267333984375 -0.152496337890625 -0.157272338867188 -0.23077392578125
-0.41424560546875 0.0335388183593749 -0.126533508300781 -0.0830230712890625
-0.249542236328125 0.193618774414063 0.00820159912109373 -0.0269737243652344
-0.0781097412109375 0.260940551757813 0.0389022827148437 -0.105728149414063
0.071258544921875 0.222183227539063 -0.0396270751953125 -0.154708862304688
0.199951171875 0.164764404296875 -0.115753173828125 -0.145004272460938
0.214675903320313 0.0796966552734375 -0.196624755859375 -0.118362426757813
0.1839599609375 0.08465576171875 -0.212066650390625 -0.114242553710938
0.203750610351563 0.117080688476563 -0.185943603515625 -0.14569091796875
0.157516479492188 0.172393798828125 -0.101287841796875 -0.191619873046875
0.0352783203125 0.218536376953125 -0.00979614257812502 -0.197616577148438
-0.0894927978515625 0.230056762695313 0.10052490234375 -0.120338439941406
-0.256332397460938 0.110137939453125 0.147994995117187 0.015716552734375
-0.35882568359375 -0.0673217773437499 -0.0357284545898438 0.0878448486328125
-0.401702880859375 -0.1824951171875 -0.136947631835938 0.0420761108398438
-0.317291259765625 -0.081024169921875 -0.272186279296875 -0.267166137695313
-0.29083251953125 0.0491943359375 -0.1998291015625 -0.0806732177734375
-0.153488159179687 0.153045654296875 -0.0217990875244141 -0.0190029144287109
-0.0201416015625 0.177947998046875 0.0153656005859375 -0.123817443847656
0.0768585205078125 0.131729125976563 -0.0794677734375 -0.170150756835938
0.147384643554688 0.074615478515625 -0.181228637695313 -0.153564453125
0.134269714355469 0.01318359375 -0.266754150390625 -0.112335205078125
0.113235473632813 0.0183563232421875 -0.281768798828125 -0.10406494140625
0.123687744140625 0.033172607421875 -0.248886108398438 -0.14764404296875
0.109123229980469 0.0570144653320313 -0.147781372070312 -0.215988159179688
0.0526199340820313 0.097320556640625 -0.0321807861328125 -0.214599609375
-0.00847625732421874 0.125595092773438 0.0857467651367188 -0.131065368652344
-0.118949890136719 0.0951995849609375 0.103057861328125 0.00859832763671876
-0.22467041015625 0.000869750976562456 -0.118476867675781 0.060882568359375
-0.295166015625 -0.0893249511718749 -0.23431396484375 -0.037841796875
0.129653930664063 -0.0781173706054688 0.2958984375 -0.025482177734375
0.048431396484375 -0.149978637695313 0.148727416992188 -0.096435546875
-0.0882797241210938 -0.0879669189453125 -0.0826187133789063 -0.0304031372070312
-0.105323791503906 0.00997924804687499 -0.0915374755859375 0.143295288085938
-0.0669784545898438 0.0514144897460938 0.0400390625 0.204849243164063
-0.03753662109375 0.0809097290039063 0.194732666015625 0.191802978515625
-0.0040740966796875 0.0776596069335938 0.29254150390625 0.103179931640625
-0.0219497680664063 0.0691795349121094 0.305084228515625 0.04473876953125
-0.0482711791992188 0.0707855224609375 0.278244018554688 0.0602569580078125
-0.0759506225585938 0.0381698608398437 0.212600708007812 0.123489379882812
-0.0739212036132813 -0.0248260498046875 0.128364562988281 0.131057739257813
-0.0421218872070312 -0.0731887817382812 0.0535430908203125 0.101142883300781
0.0564346313476563 -0.0896835327148438 0.0796737670898438 0.0615615844726562
0.152313232421875 -0.034393310546875 0.269668579101563 0.100540161132813
0.171905517578125 0.0420684814453125 0.314422607421875 0.347320556640625
-0.036468505859375 -0.166549682617188 0.310821533203125 -0.042236328125
-0.112930297851562 -0.177047729492188 0.157516479492188 -0.11041259765625
-0.207260131835938 -0.0506439208984375 -0.0523147583007813 -0.0462074279785156
-0.174774169921875 0.10302734375 -0.0627288818359375 0.111900329589844
-0.068695068359375 0.155990600585938 0.0473785400390625 0.157012939453125
0.0354156494140625 0.176361083984375 0.18829345703125 0.148056030273438
0.09759521484375 0.130699157714844 0.267166137695313 0.0627899169921875
0.070404052734375 0.117012023925781 0.281646728515625 0.00622558593750001
0.056121826171875 0.130256652832031 0.266250610351563 0.0218353271484375
0.00993347167968749 0.127487182617188 0.219833374023437 0.092987060546875
-0.0457000732421875 0.0870361328125 0.143753051757813 0.103042602539063
-0.0715866088867188 0.0464859008789062 0.0836715698242188 0.0877609252929688
-0.0595359802246094 -0.0173263549804688 0.133407592773438 0.0648956298828125
-0.0180244445800781 -0.0426025390625 0.31121826171875 0.12115478515625
-0.00841140747070313 -0.0239124298095703 0.34796142578125 0.372528076171875
-0.199813842773438 -0.224563598632813 0.28436279296875 -0.0838623046875
-0.260421752929688 -0.1689453125 0.138710021972656 -0.129219055175781
-0.294921875 0.00503540039062505 -0.0272140502929688 -0.0591697692871094
-0.214767456054688 0.185531616210938 -0.0288925170898438 0.0702095031738281
-0.0561676025390625 0.23748779296875 0.0506362915039063 0.0913162231445313
0.106155395507813 0.243988037109375 0.157272338867188 0.083160400390625
0.185272216796875 0.164779663085938 0.204544067382813 0.013092041015625
0.152511596679688 0.149444580078125 0.214935302734375 -0.0338287353515625
0.153427124023438 0.173629760742188 0.21307373046875 -0.0193634033203125
0.0941314697265625 0.20684814453125 0.193923950195313 0.045745849609375
-0.015594482421875 0.196807861328125 0.140449523925781 0.0547332763671875
-0.104278564453125 0.167404174804687 0.111091613769531 0.0588760375976563
-0.183364868164063 0.0514678955078125 0.180984497070313 0.0653076171875
-0.194000244140625 -0.05877685546875 0.31121826171875 0.14141845703125
-0.188613891601563 -0.0980682373046875 0.3275146484375 0.365692138671875
-0.341278076171875 -0.236175537109375 0.2138671875 -0.131240844726563
-0.37744140625 -0.11602783203125 0.0935287475585937 -0.138992309570313
-0.339447021484375 0.0816650390625 -0.00593566894531253 -0.063934326171875
-0.211822509765625 0.256423950195313 0.00451660156249999 0.0193576812744141
-0.02386474609375 0.286285400390625 0.0442466735839844 0.0150032043457031
0.167083740234375 0.271011352539062 0.1029052734375 0.00834655761718752
0.246612548828125 0.169769287109375 0.112258911132813 -0.0370025634765625
0.212081909179688 0.159378051757813 0.115074157714844 -0.069488525390625
0.228652954101563 0.193954467773437 0.124870300292969 -0.06207275390625
0.162246704101563 0.2598876953125 0.135795593261719 -0.0155868530273437
0.01153564453125 0.2822265625 0.116744995117188 -0.01226806640625
-0.128890991210938 0.26654052734375 0.127944946289062 0.0132293701171875
-0.287384033203125 0.10693359375 0.21014404296875 0.0552215576171875
-0.34246826171875 -0.075439453125 0.272796630859375 0.145401000976563
-0.3387451171875 -0.158447265625 0.2552490234375 0.32147216796875
-0.438629150390625 -0.209564208984375 0.107192993164062 -0.172607421875
-0.446441650390625 -0.037353515625 0.0307464599609375 -0.130989074707031
-0.335845947265625 0.158233642578125 0.00998687744140623 -0.0613021850585938
-0.169281005859375 0.29803466796875 0.0288734436035156 -0.0332927703857422
0.02264404296875 0.296112060546875 0.0246009826660156 -0.0598907470703125
0.210739135742188 0.255035400390625 0.030731201171875 -0.0617332458496094
0.272964477539063 0.148391723632813 0.00198364257812502 -0.0770187377929687
0.238113403320312 0.145965576171875 -0.00335693359374998 -0.0934524536132812
0.265533447265625 0.1844482421875 0.0132598876953125 -0.0982284545898438
0.201126098632813 0.267745971679688 0.0528106689453125 -0.082244873046875
0.03338623046875 0.31805419921875 0.0725173950195312 -0.0875473022460937
-0.133026123046875 0.31866455078125 0.1279296875 -0.0443878173828125
-0.342529296875 0.140777587890625 0.214874267578125 0.03533935546875
-0.429962158203125 -0.0782470703124999 0.192977905273437 0.1361083984375
-0.43212890625 -0.19171142578125 0.141799926757812 0.243637084960938
-0.471282958984375 -0.162353515625 -0.020416259765625 -0.2020263671875
-0.45166015625 0.0315856933593749 -0.04339599609375 -0.106636047363281
-0.290863037109375 0.207733154296875 0.0154571533203125 -0.0514411926269531
-0.109222412109375 0.300323486328125 0.0377883911132812 -0.0799560546875
0.0659637451171875 0.264450073242188 -0.00955963134765626 -0.118270874023438
0.224365234375 0.20379638671875 -0.0496444702148438 -0.11199951171875
0.258544921875 0.104400634765625 -0.10791015625 -0.0993194580078125
0.227371215820312 0.11029052734375 -0.120048522949219 -0.103858947753906
0.256179809570313 0.147109985351563 -0.0993118286132813 -0.123031616210937
0.200332641601563 0.226303100585938 -0.03594970703125 -0.143692016601563
0.0478515625 0.28839111328125 0.0224456787109375 -0.155166625976562
-0.1087646484375 0.30218505859375 0.11474609375 -0.0960235595703125
-0.319793701171875 0.146514892578125 0.192718505859375 0.012969970703125
-0.4302978515625 -0.06622314453125 0.0884552001953125 0.113395690917969
-0.452392578125 -0.18310546875 0.00997924804687496 0.150161743164063
-0.431060791015625 -0.104034423828125 -0.151641845703125 -0.22442626953125
-0.39300537109375 0.077056884765625 -0.11962890625 -0.0831222534179688
-0.218246459960938 0.211624145507813 0.00356674194335936 -0.0388526916503906
-0.04437255859375 0.257232666015625 0.0264739990234375 -0.111839294433594
0.0918121337890625 0.199691772460937 -0.0513458251953125 -0.151275634765625
0.204437255859375 0.129074096679688 -0.126808166503906 -0.136634826660156
0.20806884765625 0.0471954345703125 -0.202789306640625 -0.101943969726563
0.18115234375 0.0583953857421875 -0.218780517578125 -0.097808837890625
0.203262329101563 0.08551025390625 -0.194320678710938 -0.133041381835937
0.166549682617188 0.14227294921875 -0.111343383789063 -0.186965942382813
0.055999755859375 0.200912475585938 -0.0204620361328125 -0.199234008789063
-0.0573883056640625 0.225311279296875 0.094970703125 -0.129493713378906
-0.229110717773437 0.128677368164063 0.15234375 -0.00143432617187499
-0.348175048828125 -0.027923583984375 -0.0169830322265625 0.0895004272460937
-0.40313720703125 -0.1309814453125 -0.117790222167969 0.05914306640625
-0.321441650390625 -0.0426635742187499 -0.266525268554688 -0.247482299804688
-0.278289794921875 0.0838165283203125 -0.189804077148438 -0.071624755859375
-0.13153076171875 0.16876220703125 -0.0240936279296875 -0.0269775390625
0.00514221191406251 0.176116943359375 0.000968933105468763 -0.125999450683594
0.0934371948242188 0.114295959472656 -0.091461181640625 -0.159255981445313
0.149444580078125 0.0448455810546875 -0.187942504882812 -0.135345458984375
0.125785827636719 -0.0115966796875 -0.267364501953125 -0.086517333984375
0.107009887695312 -0.0024261474609375 -0.28125 -0.078857421875
0.117988586425781 0.00981903076171875 -0.252243041992188 -0.125564575195313
0.109420776367188 0.032562255859375 -0.157943725585937 -0.202392578125
0.0638351440429688 0.0797882080078125 -0.0447998046875 -0.2098388671875
0.013702392578125 0.116851806640625 0.0781631469726563 -0.136634826660156
-0.0951919555664062 0.105003356933594 0.106704711914062 -0.00274658203124999
-0.21484375 0.031829833984375 -0.100074768066406 0.0733566284179688
-0.296905517578125 -0.046844482421875 -0.219070434570313 -0.00738525390625002
0.122756958007813 -0.0947952270507813 0.26824951171875 -0.046417236328125
0.029052734375 -0.159332275390625 0.127410888671875 -0.106796264648438
-0.102622985839844 -0.0796737670898437 -0.0844497680664063 -0.0258255004882812
-0.108978271484375 0.0231704711914062 -0.0834503173828125 0.142074584960938
-0.0632247924804688 0.0637168884277344 0.0444488525390625 0.194732666015625
-0.0252304077148438 0.0915069580078125 0.19287109375 0.175430297851563
0.00970458984375 0.0837173461914063 0.279922485351563 0.084442138671875
-0.00994873046875 0.0761184692382812 0.2874755859375 0.025848388671875
-0.0349884033203125 0.0830535888671875 0.264480590820313 0.0410919189453125
-0.071746826171875 0.053680419921875 0.206298828125 0.10479736328125
-0.0810775756835938 -0.0121002197265625 0.131607055664063 0.115402221679688
-0.0551185607910156 -0.0687484741210938 0.061431884765625 0.0955352783203125
0.0447921752929688 -0.0997695922851563 0.082061767578125 0.0650482177734375
0.149749755859375 -0.0572967529296875 0.254501342773438 0.0926361083984375
0.177719116210938 0.0178680419921875 0.30242919921875 0.32489013671875
-0.0355224609375 -0.169464111328125 0.2840576171875 -0.06744384765625
-0.122055053710937 -0.177658081054688 0.135353088378906 -0.122505187988281
-0.21142578125 -0.04095458984375 -0.0577049255371094 -0.0450515747070313
-0.170303344726563 0.11199951171875 -0.05816650390625 0.108375549316406
-0.0606536865234375 0.160385131835938 0.04827880859375 0.145370483398438
0.04656982421875 0.175979614257813 0.180938720703125 0.130615234375
0.106132507324219 0.127677917480469 0.250152587890625 0.045074462890625
0.0781631469726563 0.11627197265625 0.259445190429688 -0.0116729736328125
0.06390380859375 0.132858276367188 0.248184204101563 0.00134277343750001
0.0129318237304687 0.131523132324219 0.211380004882813 0.0701141357421875
-0.0487747192382813 0.0894546508789062 0.145858764648438 0.0848388671875
-0.0762176513671875 0.0431137084960938 0.0925979614257813 0.0789108276367188
-0.0584182739257813 -0.028167724609375 0.135185241699219 0.06280517578125
-0.00921630859375 -0.0561370849609375 0.296722412109375 0.10858154296875
0.0066986083984375 -0.0346279144287109 0.3414306640625 0.34356689453125
-0.18975830078125 -0.213592529296875 0.260528564453125 -0.109237670898438
-0.255599975585938 -0.160980224609375 0.118179321289063 -0.141860961914063
-0.2877197265625 0.01220703125 -0.0353164672851563 -0.0601081848144531
-0.20306396484375 0.189437866210938 -0.028656005859375 0.0641403198242188
-0.046051025390625 0.233673095703125 0.0479202270507813 0.0799407958984375
0.1129150390625 0.2333984375 0.145706176757812 0.0675201416015625
0.187408447265625 0.153213500976563 0.1854248046875 -0.00126647949218749
0.155120849609375 0.140655517578125 0.1922607421875 -0.04888916015625
0.156936645507813 0.1661376953125 0.193817138671875 -0.038238525390625
0.0965423583984375 0.199203491210937 0.185379028320313 0.023193359375
-0.013885498046875 0.190155029296875 0.141357421875 0.035888671875
-0.0984954833984375 0.158096313476563 0.119392395019531 0.046966552734375
-0.170089721679688 0.042816162109375 0.18341064453125 0.057586669921875
-0.176742553710938 -0.0615234375 0.3045654296875 0.124969482421875
-0.1668701171875 -0.0929107666015625 0.32659912109375 0.336334228515625
-0.322967529296875 -0.212646484375 0.196075439453125 -0.154083251953125
-0.359222412109375 -0.1015625 0.077301025390625 -0.151519775390625
-0.321197509765625 0.0848999023437499 -0.0156173706054688 -0.0684471130371094
-0.194442749023438 0.251052856445312 0.000243186950683581 0.0123376846313477
-0.013031005859375 0.273788452148438 0.0374526977539063 0.00551605224609377
0.169189453125 0.251205444335938 0.0888442993164063 -0.00290679931640623
0.240798950195313 0.151901245117188 0.0933609008789063 -0.045654296875
0.20849609375 0.144424438476562 0.0946731567382813 -0.0790634155273437
0.226470947265625 0.17584228515625 0.106742858886719 -0.0760498046875
0.163894653320313 0.240127563476562 0.127365112304687 -0.0349884033203125
0.0189971923828125 0.267410278320313 0.116439819335938 -0.02880859375
-0.113250732421875 0.253631591796875 0.134284973144531 -2.28881835937345E-05
-0.264617919921875 0.102920532226562 0.213241577148437 0.043060302734375
-0.3201904296875 -0.066070556640625 0.271591186523438 0.12744140625
-0.31439208984375 -0.139373779296875 0.262603759765625 0.295379638671875
-0.413970947265625 -0.1785888671875 0.099517822265625 -0.18994140625
-0.41546630859375 -0.0192260742187501 0.021728515625 -0.142120361328125
-0.30877685546875 0.158966064453125 -0.000545501708984395 -0.0683746337890625
-0.1490478515625 0.286956787109375 0.0209503173828125 -0.04034423828125
0.031646728515625 0.275039672851563 0.0157203674316406 -0.0657615661621094
0.206558227539062 0.228866577148438 0.0170249938964844 -0.0675430297851562
0.260162353515625 0.125503540039063 -0.0119552612304687 -0.0784149169921875
0.229904174804688 0.12664794921875 -0.018341064453125 -0.095916748046875
0.2576904296875 0.16021728515625 -0.000892639160156238 -0.104461669921875
0.200592041015625 0.241317749023438 0.0446319580078125 -0.0947952270507812
0.044403076171875 0.296905517578125 0.0695571899414063 -0.0994033813476562
-0.110076904296875 0.30230712890625 0.12994384765625 -0.0559539794921875
-0.312408447265625 0.141326904296875 0.216415405273437 0.019775390625
-0.404052734375 -0.059814453125 0.19818115234375 0.119186401367188
-0.407318115234375 -0.1597900390625 0.156112670898437 0.22637939453125
-0.44537353515625 -0.12689208984375 -0.0167999267578125 -0.2115478515625
-0.4166259765625 0.0533447265625 -0.0426788330078125 -0.117599487304688
-0.260528564453125 0.205718994140625 0.00594711303710936 -0.0607643127441406
-0.08477783203125 0.283203125 0.0273818969726563 -0.08447265625
0.07354736328125 0.238845825195313 -0.0179290771484375 -0.118873596191406
0.215896606445313 0.173782348632813 -0.059600830078125 -0.111625671386719
0.241943359375 0.0813446044921875 -0.115447998046875 -0.0935821533203125
0.215240478515625 0.08935546875 -0.127166748046875 -0.0981903076171875
0.244369506835938 0.121109008789063 -0.107444763183594 -0.121360778808594
0.197860717773438 0.197479248046875 -0.0430755615234375 -0.14739990234375
0.0590667724609375 0.264801025390625 0.0172271728515625 -0.160049438476562
-0.084625244140625 0.28460693359375 0.112266540527344 -0.105087280273437
-0.28955078125 0.148590087890625 0.1923828125 -0.00294494628906249
-0.405029296875 -0.040771484375 0.0990371704101562 0.1015625
-0.43023681640625 -0.145294189453125 0.0293121337890625 0.143966674804688
-0.41064453125 -0.0676879882812501 -0.139114379882813 -0.2247314453125
-0.360809326171875 0.0998229980468751 -0.110755920410156 -0.0888519287109375
-0.188156127929688 0.212234497070313 -0.00305938720703126 -0.0477867126464844
-0.021575927734375 0.241302490234375 0.0156784057617188 -0.112930297851562
0.0991058349609375 0.175003051757813 -0.05767822265625 -0.145553588867188
0.193740844726563 0.100296020507813 -0.130561828613281 -0.129196166992188
0.189483642578125 0.025970458984375 -0.20135498046875 -0.089385986328125
0.167373657226563 0.039703369140625 -0.216461181640625 -0.0857391357421875
0.188949584960938 0.061981201171875 -0.195068359375 -0.122970581054687
0.159500122070313 0.11474609375 -0.115219116210938 -0.18206787109375
0.06500244140625 0.177810668945313 -0.0261993408203125 -0.197006225585938
-0.0356597900390625 0.208282470703125 0.09112548828125 -0.134613037109375
-0.199554443359375 0.130645751953125 0.151458740234375 -0.0150604248046875
-0.325439453125 -0.00231933593749995 -0.00137329101562502 0.0846176147460937
-0.38446044921875 -0.09149169921875 -0.0949935913085938 0.0660171508789063
-0.31097412109375 -0.01251220703125 -0.247543334960938 -0.236251831054688
-0.25653076171875 0.10589599609375 -0.175521850585938 -0.071990966796875
-0.108993530273438 0.174545288085937 -0.0280418395996094 -0.0345935821533203
0.024627685546875 0.1663818359375 -0.0109024047851562 -0.123100280761719
0.100448608398438 0.0947036743164063 -0.095855712890625 -0.14703369140625
0.140449523925781 0.0217514038085937 -0.185714721679687 -0.121536254882813
0.108955383300781 -0.0283355712890625 -0.258010864257813 -0.0695037841796875
0.0944671630859375 -0.0154495239257812 -0.27178955078125 -0.0621643066406249
0.103500366210938 -0.00634765625 -0.246231079101563 -0.110321044921875
0.099853515625 0.0120162963867188 -0.158767700195313 -0.191162109375
0.0672454833984375 0.0607376098632813 -0.0498046875 -0.202285766601563
0.0285186767578125 0.101509094238281 0.0729446411132812 -0.137168884277344
-0.0720367431640625 0.104850769042969 0.106056213378906 -0.01165771484375
-0.194931030273438 0.0529327392578125 -0.0805816650390625 0.0760421752929687
-0.283294677734375 -0.01239013671875 -0.194198608398438 0.0107879638671875
0.116386413574219 -0.107589721679687 0.240432739257813 -0.0523681640625
0.0117340087890625 -0.16552734375 0.108665466308594 -0.107704162597656
-0.113883972167969 -0.071990966796875 -0.08642578125 -0.0235595703125
-0.11181640625 0.0354385375976562 -0.0811538696289063 0.140037536621094
-0.05938720703125 0.0741958618164062 0.0417327880859375 0.188980102539063
-0.0126953125 0.0989151000976563 0.185440063476563 0.169204711914063
0.0232162475585938 0.087921142578125 0.266098022460938 0.0787506103515625
0.00160980224609375 0.0808181762695313 0.272415161132813 0.02056884765625
-0.0220184326171875 0.09161376953125 0.249710083007813 0.0344085693359375
-0.0652084350585937 0.0668678283691406 0.197265625 0.09521484375
-0.0862579345703125 -0.000755310058593758 0.128952026367188 0.105781555175781
-0.0664329528808594 -0.0627288818359375 0.0666580200195313 0.0915145874023437
0.0336456298828125 -0.108100891113281 0.0848312377929688 0.0714645385742188
0.145217895507813 -0.0761871337890625 0.240798950195313 0.0993499755859375
0.178848266601563 -0.0017852783203125 0.2818603515625 0.319732666015625
-0.03179931640625 -0.17706298828125 0.257400512695313 -0.0772857666015625
-0.129531860351563 -0.182785034179688 0.115776062011719 -0.126441955566406
-0.215713500976562 -0.0367431640625 -0.0621871948242188 -0.0443496704101563
-0.169265747070313 0.119033813476562 -0.0585556030273438 0.103965759277344
-0.0570526123046875 0.164794921875 0.0426559448242188 0.137916564941406
0.0543212890625 0.177993774414063 0.169189453125 0.124114990234375
0.112380981445313 0.128669738769531 0.2325439453125 0.0400238037109375
0.0843505859375 0.118461608886719 0.239517211914063 -0.0168609619140625
0.0707244873046875 0.137191772460938 0.2296142578125 -0.00643920898437499
0.013641357421875 0.137588500976562 0.2005615234375 0.0577545166015625
-0.0549163818359375 0.0939483642578125 0.14361572265625 0.0723724365234375
-0.0840225219726563 0.0413894653320312 0.098236083984375 0.07171630859375
-0.0608177185058594 -0.0411567687988281 0.138519287109375 0.0653228759765625
-0.00359344482421875 -0.0742568969726562 0.2843017578125 0.1094970703125
0.0192298889160156 -0.0492362976074219 0.324432373046875 0.333221435546875
-0.175567626953125 -0.21533203125 0.236251831054688 -0.122116088867188
-0.251068115234375 -0.165557861328125 0.0995025634765625 -0.147567749023438
-0.28533935546875 0.011077880859375 -0.0421409606933594 -0.0614700317382813
-0.19976806640625 0.188018798828125 -0.0321998596191406 0.0592842102050781
-0.0440673828125 0.231964111328125 0.0397109985351563 0.0720901489257813
0.114517211914063 0.230026245117188 0.13153076171875 0.0618362426757813
0.185775756835938 0.1495361328125 0.166152954101562 -0.00453186035156249
0.154495239257813 0.139862060546875 0.170578002929688 -0.05352783203125
0.156173706054688 0.164627075195313 0.174270629882813 -0.04632568359375
0.0932464599609375 0.196990966796875 0.173095703125 0.00820922851562501
-0.0196533203125 0.186874389648438 0.138710021972656 0.02215576171875
-0.102218627929688 0.148956298828125 0.12506103515625 0.0373992919921875
-0.164108276367188 0.0278167724609375 0.18603515625 0.05511474609375
-0.162261962890625 -0.0749969482421875 0.295806884765625 0.1209716796875
-0.146438598632813 -0.100296020507812 0.31610107421875 0.32183837890625
-0.299957275390625 -0.208984375 0.179290771484375 -0.168670654296875
-0.343170166015625 -0.105743408203125 0.0622100830078125 -0.160003662109375
-0.31103515625 0.07781982421875 -0.0248870849609375 -0.0720901489257813
-0.1890869140625 0.24298095703125 -0.00703716278076173 0.00772714614868165
-0.0147247314453125 0.26470947265625 0.0284671783447266 -0.000427246093749984
0.162322998046875 0.242095947265625 0.0745010375976563 -0.00730895996093748
0.232086181640625 0.146408081054688 0.0769805908203125 -0.0470733642578125
0.201583862304688 0.139892578125 0.0756683349609375 -0.0814285278320312
0.219161987304688 0.169189453125 0.088470458984375 -0.0825576782226562
0.157058715820313 0.230575561523438 0.116188049316406 -0.048187255859375
0.0145111083984375 0.256500244140625 0.113479614257812 -0.0430145263671875
-0.111343383789062 0.239425659179688 0.138389587402344 -0.0103912353515625
-0.2529296875 0.087615966796875 0.21478271484375 0.036773681640625
-0.300506591796875 -0.0718078613281249 0.268112182617188 0.119766235351563
-0.2882080078125 -0.1390380859375 0.259979248046875 0.280776977539062
-0.386260986328125 -0.16845703125 0.093292236328125 -0.205551147460938
-0.39013671875 -0.022796630859375 0.012847900390625 -0.153961181640625
-0.29296875 0.146759033203125 -0.010467529296875 -0.0741043090820312
-0.142074584960938 0.269607543945313 0.01263427734375 -0.0434112548828125
0.0273590087890625 0.259841918945312 0.00723266601562499 -0.0694389343261719
0.192031860351563 0.215423583984375 0.00516510009765626 -0.0697479248046875
0.244140625 0.117568969726563 -0.024017333984375 -0.0774383544921875
0.217483520507812 0.118743896484375 -0.0319671630859375 -0.0954818725585938
0.245025634765625 0.149871826171875 -0.0141983032226562 -0.108383178710938
0.190704345703125 0.225631713867187 0.0357513427734375 -0.105209350585937
0.0425872802734375 0.280609130859375 0.0667343139648438 -0.110389709472656
-0.103973388671875 0.284454345703125 0.132217407226563 -0.06640625
-0.29498291015625 0.127685546875 0.217254638671875 0.00946044921875001
-0.381378173828125 -0.0608520507812499 0.198989868164062 0.108657836914063
-0.37982177734375 -0.15179443359375 0.161956787109375 0.213851928710938
-0.418060302734375 -0.11163330078125 -0.012969970703125 -0.225784301757813
-0.385101318359375 0.0557861328125 -0.043914794921875 -0.131004333496094
-0.2406005859375 0.193695068359375 -0.00305938720703127 -0.0681686401367187
-0.0761566162109375 0.263992309570313 0.0182342529296875 -0.0873870849609375
0.0689239501953125 0.22021484375 -0.024749755859375 -0.11968994140625
0.197494506835937 0.158279418945312 -0.0676040649414063 -0.110748291015625
0.221343994140625 0.07183837890625 -0.119972229003906 -0.0913467407226563
0.2003173828125 0.082305908203125 -0.132843017578125 -0.0960540771484375
0.227691650390625 0.108718872070313 -0.11517333984375 -0.122154235839844
0.185791015625 0.178939819335938 -0.0480194091796875 -0.152923583984375
0.05767822265625 0.245391845703125 0.01409912109375 -0.166351318359375
-0.075469970703125 0.265274047851563 0.112930297851562 -0.113380432128906
-0.268478393554688 0.137847900390625 0.192153930664062 -0.0131988525390625
-0.38006591796875 -0.0352478027343749 0.106529235839844 0.090972900390625
-0.402069091796875 -0.12823486328125 0.0417861938476562 0.135505676269531
-0.387481689453125 -0.04901123046875 -0.124191284179688 -0.236053466796875
-0.332733154296875 0.106658935546875 -0.104736328125 -0.102043151855469
-0.168548583984375 0.205856323242188 -0.0104103088378906 -0.0561485290527344
-0.010833740234375 0.2239990234375 0.0081939697265625 -0.113555908203125
0.09588623046875 0.155807495117188 -0.06011962890625 -0.142898559570312
0.177047729492188 0.0830841064453125 -0.131111145019531 -0.125686645507813
0.168289184570312 0.0166473388671875 -0.198562622070313 -0.0854949951171875
0.1514892578125 0.0316009521484375 -0.214065551757813 -0.0818023681640625
0.171173095703125 0.0503387451171875 -0.19464111328125 -0.1207275390625
0.146377563476563 0.0976409912109375 -0.116470336914062 -0.182159423828125
0.0633392333984375 0.158432006835938 -0.028289794921875 -0.197357177734375
-0.02593994140625 0.188751220703125 0.0892333984375 -0.139190673828125
-0.178543090820313 0.121902465820312 0.149887084960938 -0.02398681640625
-0.302825927734375 0.00808715820312499 0.00970458984374997 0.0770721435546875
-0.3594970703125 -0.072052001953125 -0.0738372802734375 0.0640029907226563
-0.2987060546875 0.00479125976562501 -0.226654052734375 -0.241607666015625
-0.236572265625 0.117294311523438 -0.163619995117188 -0.08270263671875
-0.091949462890625 0.173797607421875 -0.0337982177734375 -0.0417900085449219
0.03692626953125 0.154129028320313 -0.0182266235351563 -0.119712829589844
0.100479125976563 0.078643798828125 -0.095977783203125 -0.139884948730469
0.127944946289062 0.00618743896484375 -0.179885864257813 -0.115203857421875
0.0909957885742188 -0.0372314453125 -0.248062133789063 -0.063629150390625
0.0800018310546875 -0.0223007202148438 -0.261978149414062 -0.056732177734375
0.0882568359375 -0.0153121948242188 -0.238800048828125 -0.106063842773437
0.086181640625 -0.002685546875 -0.155441284179688 -0.187530517578125
0.0643730163574219 0.0448722839355469 -0.0488433837890625 -0.199508666992188
0.0356597900390625 0.0848617553710938 0.07196044921875 -0.138153076171875
-0.0542678833007813 0.0981903076171875 0.106132507324219 -0.0183944702148437
-0.175628662109375 0.0645904541015625 -0.0646896362304688 0.0731201171875
-0.265167236328125 0.00984191894531247 -0.168182373046875 0.01702880859375
0.111732482910156 -0.121467590332031 0.218475341796875 -0.0513153076171875
-0.0060577392578125 -0.172149658203125 0.0937881469726563 -0.107109069824219
-0.126235961914063 -0.0640411376953125 -0.0910415649414063 -0.02081298828125
-0.114616394042969 0.0494232177734375 -0.083831787109375 0.140594482421875
-0.0544357299804688 0.0855178833007813 0.03765869140625 0.190139770507813
0.000663757324218743 0.106643676757813 0.181015014648438 0.17144775390625
0.0366897583007813 0.0902786254882813 0.2598876953125 0.082427978515625
0.0135345458984375 0.0850982666015625 0.263168334960938 0.0230712890625
-0.00773620605468751 0.0988082885742187 0.24029541015625 0.034210205078125
-0.05816650390625 0.0797348022460937 0.19036865234375 0.092742919921875
-0.0906448364257813 0.0124969482421875 0.126983642578125 0.101615905761719
-0.0771331787109375 -0.0575180053710937 0.0717697143554688 0.0894622802734375
0.022674560546875 -0.116348266601562 0.0916290283203125 0.0792922973632812
0.139869689941406 -0.0956497192382813 0.2353515625 0.112640380859375
0.180877685546875 -0.020721435546875 0.267547607421875 0.32965087890625
-0.0293731689453125 -0.1922607421875 0.234848022460938 -0.0814361572265625
-0.1405029296875 -0.191543579101563 0.0984344482421875 -0.1279296875
-0.225494384765625 -0.034576416015625 -0.0688667297363281 -0.043243408203125
-0.17333984375 0.128128051757813 -0.062835693359375 0.102439880371094
-0.055267333984375 0.173248291015625 0.0355911254882812 0.136955261230469
0.0624542236328125 0.184173583984375 0.16021728515625 0.125579833984375
0.121261596679687 0.131256103515625 0.221649169921875 0.0438232421875
0.0919647216796875 0.122940063476563 0.225616455078125 -0.0153350830078125
0.0796966552734375 0.145233154296875 0.216461181640625 -0.00733947753906249
0.0158843994140625 0.148941040039063 0.191253662109375 0.051055908203125
-0.0627593994140625 0.101768493652344 0.141265869140625 0.0632171630859375
-0.0950546264648438 0.0400772094726562 0.103309631347656 0.0657119750976563
-0.0679435729980469 -0.0555953979492187 0.145370483398438 0.0692138671875
-0.00295257568359376 -0.0961990356445313 0.280197143554688 0.118377685546875
0.0289840698242188 -0.0687026977539063 0.31256103515625 0.338775634765625
-0.16510009765625 -0.228546142578125 0.217117309570312 -0.131271362304688
-0.254669189453125 -0.176849365234375 0.08135986328125 -0.151443481445313
-0.29144287109375 0.00848388671874996 -0.0511817932128906 -0.0636405944824219
-0.203628540039062 0.191482543945313 -0.0393180847167969 0.0566215515136719
-0.0458221435546875 0.235946655273437 0.030029296875 0.06976318359375
0.116592407226563 0.234954833984375 0.120033264160156 0.0625534057617188
0.188674926757813 0.152862548828125 0.152984619140625 -0.00181579589843749
0.15771484375 0.143692016601563 0.154449462890625 -0.05181884765625
0.159759521484375 0.170700073242188 0.15814208984375 -0.049072265625
0.090789794921875 0.203048706054688 0.162216186523438 -0.00105285644531249
-0.0287628173828125 0.1903076171875 0.136482238769531 0.00935363769531251
-0.111801147460938 0.143356323242187 0.130615234375 0.029296875
-0.168258666992187 0.01019287109375 0.194549560546875 0.0560150146484375
-0.156280517578125 -0.0955352783203125 0.29461669921875 0.125579833984375
-0.132232666015625 -0.117469787597656 0.308746337890625 0.32373046875
-0.282318115234375 -0.21844482421875 0.164031982421875 -0.182388305664062
-0.3363037109375 -0.1180419921875 0.04736328125 -0.168060302734375
-0.314483642578125 0.0680541992187501 -0.035675048828125 -0.07470703125
-0.193572998046875 0.239151000976563 -0.0148611068725586 0.00479984283447267
-0.020233154296875 0.264556884765625 0.0180397033691406 -0.00394821166992186
0.157562255859375 0.245071411132813 0.0612411499023438 -0.00720596313476561
0.228302001953125 0.148239135742188 0.0624427795410156 -0.0439910888671875
0.19927978515625 0.143341064453125 0.059173583984375 -0.07977294921875
0.21600341796875 0.173385620117188 0.0722427368164063 -0.0864639282226562
0.150802612304687 0.232498168945312 0.105018615722656 -0.059295654296875
0.00648498535156248 0.255447387695313 0.111000061035156 -0.0562667846679687
-0.119216918945312 0.230743408203125 0.143829345703125 -0.0218048095703125
-0.252426147460938 0.0704193115234375 0.222671508789063 0.0328216552734375
-0.2911376953125 -0.08905029296875 0.270462036132813 0.118606567382813
-0.269546508789063 -0.1510009765625 0.258316040039062 0.277450561523437
-0.36468505859375 -0.1734619140625 0.0850677490234375 -0.223770141601563
-0.37713623046875 -0.033843994140625 0.00172424316406249 -0.166030883789063
-0.292022705078125 0.1319580078125 -0.021453857421875 -0.0788040161132812
-0.1461181640625 0.260467529296875 0.00415420532226562 -0.0470542907714844
0.0178375244140625 0.254287719726563 -0.00144195556640625 -0.072418212890625
0.181365966796875 0.214691162109375 -0.00625610351562499 -0.0706558227539063
0.234664916992188 0.120559692382813 -0.036224365234375 -0.0762481689453125
0.209793090820313 0.121475219726563 -0.0462722778320313 -0.0956802368164062
0.235275268554688 0.150161743164063 -0.028564453125 -0.11236572265625
0.181640625 0.22314453125 0.0258026123046875 -0.115898132324219
0.03533935546875 0.275344848632812 0.0628890991210937 -0.12359619140625
-0.1075439453125 0.273056030273438 0.136672973632813 -0.0782928466796875
-0.290740966796875 0.11224365234375 0.222747802734375 0.00273132324218751
-0.369598388671875 -0.070556640625 0.203399658203125 0.10296630859375
-0.359344482421875 -0.15631103515625 0.167236328125 0.20745849609375
-0.395111083984375 -0.1109619140625 -0.01153564453125 -0.247726440429687
-0.368255615234375 0.046875 -0.049468994140625 -0.147491455078125
-0.233734130859375 0.179779052734375 -0.0142822265625 -0.07421875
-0.0774078369140625 0.24951171875 0.010345458984375 -0.0897293090820312
0.0591888427734375 0.210250854492188 -0.0301284790039063 -0.122772216796875
0.183563232421875 0.153762817382813 -0.07623291015625 -0.112869262695312
0.205917358398438 0.072357177734375 -0.128021240234375 -0.09112548828125
0.18939208984375 0.0821990966796875 -0.142471313476563 -0.09649658203125
0.214202880859375 0.107330322265625 -0.124664306640625 -0.124557495117188
0.1732177734375 0.172271728515625 -0.055999755859375 -0.162567138671875
0.0515289306640625 0.235183715820313 0.012298583984375 -0.1771240234375
-0.0757293701171875 0.251007080078125 0.114288330078125 -0.12396240234375
-0.259780883789062 0.12408447265625 0.194854736328125 -0.02288818359375
-0.365814208984375 -0.039581298828125 0.112464904785156 0.082672119140625
-0.382049560546875 -0.12628173828125 0.0549545288085937 0.128303527832031
-0.371551513671875 -0.041656494140625 -0.11517333984375 -0.2568359375
-0.315093994140625 0.1051025390625 -0.104515075683594 -0.119888305664062
-0.157669067382812 0.195587158203125 -0.0203590393066406 -0.0634498596191406
-0.00701904296875001 0.20916748046875 0.000862121582031246 -0.114234924316406
0.0897216796875 0.14251708984375 -0.062408447265625 -0.143569946289063
0.160751342773438 0.0760040283203125 -0.134574890136719 -0.127449035644531
0.150588989257812 0.0157012939453125 -0.19927978515625 -0.085479736328125
0.138450622558594 0.0297622680664062 -0.2181396484375 -0.0822296142578125
0.15484619140625 0.0468902587890625 -0.199539184570313 -0.123504638671875
0.132270812988281 0.0883331298828125 -0.120498657226563 -0.189834594726562
0.0577392578125 0.145095825195313 -0.028839111328125 -0.204544067382812
-0.0238189697265625 0.174163818359375 0.0912017822265625 -0.1466064453125
-0.166595458984375 0.1109619140625 0.151138305664063 -0.0326080322265625
-0.285797119140625 0.0108642578124999 0.0188522338867187 0.0694313049316406
-0.340850830078125 -0.061614990234375 -0.0573921203613281 0.0600547790527344
-0.2904052734375 0.017822265625 -0.212249755859375 -0.259933471679688
-0.222808837890625 0.124954223632812 -0.158676147460938 -0.100448608398438
-0.0796356201171875 0.17352294921875 -0.0423240661621094 -0.0491752624511719
0.0458831787109375 0.144515991210938 -0.02288818359375 -0.11834716796875
0.0994186401367187 0.0652999877929688 -0.0943374633789063 -0.136863708496094
0.115333557128906 -0.00457000732421875 -0.177749633789063 -0.115280151367188
0.0753326416015625 -0.040496826171875 -0.24334716796875 -0.0646972656249999
0.0673294067382813 -0.0244941711425781 -0.259429931640625 -0.0582275390625
0.07177734375 -0.0190048217773438 -0.2373046875 -0.108901977539063
0.0708770751953125 -0.011993408203125 -0.154388427734375 -0.191757202148438
0.0586509704589844 0.0304908752441406 -0.047271728515625 -0.20269775390625
0.0392837524414063 0.0700721740722656 0.073455810546875 -0.142913818359375
-0.0408401489257813 0.0901260375976563 0.107383728027344 -0.0236053466796875
-0.158935546875 0.07220458984375 -0.0533828735351563 0.0671005249023438
-0.248046875 0.024261474609375 -0.146575927734375 0.015838623046875
0.104202270507813 -0.138473510742188 0.201644897460937 -0.047760009765625
-0.027313232421875 -0.179092407226563 0.0794677734375 -0.103271484375
-0.138885498046875 -0.0528488159179688 -0.0968856811523438 -0.0169906616210938
-0.116645812988281 0.06610107421875 -0.08587646484375 0.147750854492188
-0.0478439331054687 0.098724365234375 0.037017822265625 0.196762084960938
0.0169754028320313 0.113174438476562 0.183700561523438 0.178009033203125
0.05279541015625 0.0918197631835938 0.261489868164063 0.0874786376953125
0.0272293090820313 0.08868408203125 0.26263427734375 0.026031494140625
0.00901031494140625 0.105644226074219 0.238067626953125 0.03582763671875
-0.0487060546875 0.09332275390625 0.188522338867188 0.0933380126953125
-0.0942611694335938 0.0270004272460937 0.128547668457031 0.0987091064453125
-0.08917236328125 -0.0493698120117187 0.0783233642578125 0.0866165161132813
0.00778198242187499 -0.124893188476563 0.102874755859375 0.0867156982421875
0.131629943847656 -0.116996765136719 0.240936279296875 0.12841796875
0.181961059570313 -0.0410614013671875 0.262969970703125 0.3504638671875
-0.03277587890625 -0.21173095703125 0.215713500976563 -0.0840606689453125
-0.15985107421875 -0.202362060546875 0.0827407836914063 -0.12689208984375
-0.24053955078125 -0.02728271484375 -0.077423095703125 -0.0416793823242187
-0.177032470703125 0.143035888671875 -0.0686874389648438 0.106132507324219
-0.052001953125 0.18634033203125 0.030364990234375 0.141143798828125
0.0760955810546875 0.19287109375 0.157821655273438 0.130889892578125
0.136558532714844 0.134544372558594 0.217330932617188 0.0501556396484375
0.104682922363281 0.128448486328125 0.21923828125 -0.011322021484375
0.0949554443359375 0.153213500976562 0.208053588867188 -0.00723266601562499
0.021759033203125 0.162857055664063 0.184402465820313 0.0471343994140625
-0.0693283081054688 0.116264343261719 0.140419006347656 0.0553665161132813
-0.109878540039063 0.0459976196289062 0.110855102539063 0.0592422485351562
-0.0819168090820313 -0.0684967041015625 0.15802001953125 0.0721893310546875
-0.00825500488281249 -0.120834350585938 0.28778076171875 0.1297607421875
0.0335617065429687 -0.0927200317382813 0.31201171875 0.352264404296875
-0.165054321289062 -0.248306274414063 0.1978759765625 -0.1392822265625
-0.270309448242188 -0.189971923828125 0.0640716552734375 -0.155548095703125
-0.30682373046875 0.00906372070312501 -0.0621871948242188 -0.0630607604980469
-0.211212158203125 0.202346801757812 -0.0462913513183594 0.0589332580566406
-0.04718017578125 0.248489379882813 0.022064208984375 0.0719985961914063
0.125778198242187 0.243209838867187 0.111518859863281 0.0673141479492188
0.198623657226563 0.158554077148438 0.142822265625 0.00442504882812501
0.16619873046875 0.150650024414063 0.14208984375 -0.0478363037109375
0.1697998046875 0.179153442382813 0.144363403320312 -0.05029296875
0.0941619873046875 0.215133666992188 0.1529541015625 -0.00846862792968749
-0.036163330078125 0.201492309570313 0.134254455566406 -0.00212860107421874
-0.125625610351562 0.1468505859375 0.13775634765625 0.01788330078125
-0.180282592773438 -0.00457763671875002 0.207183837890625 0.0534515380859375
-0.160293579101563 -0.119415283203125 0.303863525390625 0.129730224609375
-0.124526977539063 -0.140037536621094 0.314605712890625 0.329193115234375
-0.27935791015625 -0.2364501953125 0.147064208984375 -0.19805908203125
-0.34637451171875 -0.133209228515625 0.0285797119140625 -0.1761474609375
-0.326171875 0.0629577636718749 -0.0479736328125 -0.0765304565429688
-0.20281982421875 0.24407958984375 -0.0245609283447266 0.0048351287841797
-0.0256805419921875 0.272872924804687 0.00788545608520507 -0.00479269027709959
0.16082763671875 0.253768920898438 0.0501747131347656 -0.00433349609374998
0.232437133789062 0.155868530273437 0.0488624572753906 -0.039276123046875
0.203018188476563 0.1492919921875 0.0434188842773438 -0.0768051147460937
0.220733642578125 0.180252075195313 0.0552902221679688 -0.0877685546875
0.150802612304688 0.240798950195313 0.0927886962890625 -0.06988525390625
-0.000671386718750027 0.2625732421875 0.105888366699219 -0.0706710815429687
-0.130096435546875 0.231643676757812 0.149612426757812 -0.0362701416015625
-0.26275634765625 0.0572967529296875 0.23480224609375 0.0251007080078125
-0.29443359375 -0.108428955078125 0.279998779296875 0.117706298828125
-0.2613525390625 -0.169479370117188 0.267593383789063 0.277145385742188
-0.356292724609375 -0.186126708984375 0.0723876953125 -0.245269775390625
-0.376739501953125 -0.0477294921874999 -0.015625 -0.1795654296875
-0.298675537109375 0.123138427734375 -0.0360183715820313 -0.0827789306640625
-0.154556274414063 0.25933837890625 -0.00569534301757814 -0.0485992431640625
0.0105133056640625 0.258453369140625 -0.0121536254882812 -0.07586669921875
0.177047729492188 0.22198486328125 -0.0192451477050781 -0.0693016052246094
0.2315673828125 0.126922607421875 -0.0504837036132812 -0.073211669921875
0.209426879882813 0.127365112304688 -0.061737060546875 -0.0922622680664062
0.234512329101563 0.1558837890625 -0.0455398559570312 -0.114402770996094
0.177642822265625 0.227371215820312 0.0121307373046875 -0.127532958984375
0.0294189453125 0.2772216796875 0.0575408935546875 -0.138870239257813
-0.115234375 0.270843505859375 0.139427185058594 -0.0938873291015625
-0.296630859375 0.1005859375 0.23187255859375 -0.00865173339843749
-0.36932373046875 -0.08355712890625 0.21240234375 0.09698486328125
-0.350616455078125 -0.167938232421875 0.177581787109375 0.2030029296875
-0.38494873046875 -0.114959716796875 -0.02001953125 -0.274642944335938
-0.36224365234375 0.039581298828125 -0.063018798828125 -0.164657592773437
-0.233352661132813 0.17095947265625 -0.0277633666992188 -0.0802993774414062
-0.081268310546875 0.243377685546875 0.00141906738281249 -0.09228515625
0.050079345703125 0.207733154296875 -0.0387496948242187 -0.127029418945313
0.172897338867187 0.156784057617188 -0.086944580078125 -0.113845825195312
0.197647094726563 0.078094482421875 -0.140426635742188 -0.0896072387695312
0.182891845703125 0.086517333984375 -0.156570434570313 -0.094085693359375
0.20703125 0.110153198242188 -0.140083312988281 -0.127143859863281
0.164306640625 0.172195434570313 -0.0690460205078125 -0.173004150390625
0.04486083984375 0.231048583984375 0.00408935546874999 -0.190872192382813
-0.0782470703125 0.243804931640625 0.115402221679688 -0.139167785644531
-0.25970458984375 0.114517211914063 0.200027465820312 -0.035614013671875
-0.361297607421875 -0.044281005859375 0.119277954101562 0.0749130249023438
-0.37109375 -0.130523681640625 0.0670013427734375 0.121986389160156
-0.361663818359375 -0.03729248046875 -0.1180419921875 -0.285797119140625
-0.303497314453125 0.106719970703125 -0.113632202148438 -0.14117431640625
-0.149993896484375 0.19049072265625 -0.0327301025390625 -0.0699005126953125
-0.0046844482421875 0.199539184570313 -0.0068359375 -0.116539001464844
0.0833282470703125 0.134971618652344 -0.0677337646484375 -0.147354125976562
0.14794921875 0.0723876953125 -0.142776489257812 -0.130401611328125
0.137405395507813 0.0181121826171875 -0.209197998046875 -0.0874786376953125
0.1287841796875 0.03228759765625 -0.22821044921875 -0.08203125
0.143661499023438 0.04833984375 -0.210296630859375 -0.12628173828125
0.118797302246094 0.0844497680664063 -0.132232666015625 -0.19830322265625
0.0497589111328125 0.136627197265625 -0.0345458984375 -0.21649169921875
-0.02435302734375 0.162429809570313 0.090484619140625 -0.159088134765625
-0.159820556640625 0.102615356445313 0.155014038085938 -0.0435943603515625
-0.27410888671875 0.0115509033203125 0.0269126892089844 0.0601425170898438
-0.32708740234375 -0.0562438964843749 -0.0416221618652344 0.0519790649414063
-0.2857666015625 0.031341552734375 -0.21075439453125 -0.287506103515625
-0.211944580078125 0.134002685546875 -0.16412353515625 -0.120986938476563
-0.0677032470703125 0.17462158203125 -0.0532989501953125 -0.0545997619628906
0.0545806884765625 0.135406494140625 -0.0298919677734375 -0.118179321289063
0.0971298217773437 0.05377197265625 -0.09722900390625 -0.138397216796875
0.1026611328125 -0.0120849609375 -0.1806640625 -0.118316650390625
0.0592002868652344 -0.0411605834960938 -0.246307373046875 -0.0664520263671875
0.0548439025878906 -0.02508544921875 -0.264007568359375 -0.058441162109375
0.0571327209472656 -0.0198249816894531 -0.242462158203125 -0.112472534179688
0.0554046630859375 -0.0177993774414063 -0.161514282226562 -0.200485229492188
0.0503158569335938 0.0175209045410156 -0.0504302978515625 -0.211929321289063
0.0400123596191406 0.0548248291015625 0.0744476318359375 -0.15179443359375
-0.0289993286132813 0.081207275390625 0.110671997070313 -0.03143310546875
-0.1427001953125 0.0776824951171875 -0.0434722900390625 0.0602073669433594
-0.234405517578125 0.0380859375 -0.127784729003906 0.0102005004882812
0.089752197265625 -0.158187866210938 0.185302734375 -0.0430908203125
-0.0546417236328125 -0.181503295898438 0.0658493041992188 -0.0986709594726563
-0.151718139648438 -0.03643798828125 -0.103836059570313 -0.00836181640625002
-0.112785339355469 0.0869064331054687 -0.083892822265625 0.159317016601563
-0.0357513427734375 0.111129760742188 0.0435791015625 0.205520629882813
0.0370407104492188 0.115478515625 0.194793701171875 0.18341064453125
0.0714492797851563 0.0879745483398438 0.270431518554688 0.088592529296875
0.0455169677734375 0.0884170532226563 0.2674560546875 0.0239105224609375
0.0301132202148437 0.108497619628906 0.239654541015625 0.0344085693359375
-0.0333709716796875 0.106376647949219 0.190673828125 0.0913238525390625
-0.0925445556640625 0.045440673828125 0.131629943847656 0.0932846069335938
-0.100364685058594 -0.0373611450195313 0.085784912109375 0.0830612182617188
-0.0116653442382813 -0.131752014160156 0.118377685546875 0.090087890625
0.11553955078125 -0.139671325683594 0.257614135742187 0.138427734375
0.177780151367188 -0.0664825439453125 0.276123046875 0.370697021484375
-0.047943115234375 -0.233306884765625 0.196044921875 -0.0849456787109375
-0.189483642578125 -0.20623779296875 0.0639266967773437 -0.123817443847656
-0.257461547851563 -0.0125274658203125 -0.0877532958984375 -0.035369873046875
-0.176101684570312 0.164688110351563 -0.0715408325195313 0.114326477050781
-0.040374755859375 0.201934814453125 0.030303955078125 0.148452758789063
0.097808837890625 0.197357177734375 0.1602783203125 0.136001586914063
0.15618896484375 0.132171630859375 0.220046997070312 0.05303955078125
0.122062683105469 0.128372192382813 0.216720581054688 -0.0100250244140625
0.116348266601563 0.1580810546875 0.201690673828125 -0.00651550292968749
0.0355224609375 0.176910400390625 0.1807861328125 0.0418548583984375
-0.0705337524414063 0.134788513183594 0.140190124511719 0.0463790893554688
-0.122756958007813 0.0564727783203125 0.116996765136719 0.04913330078125
-0.101799011230469 -0.077880859375 0.1748046875 0.06793212890625
-0.023529052734375 -0.144622802734375 0.30438232421875 0.1339111328125
0.0293655395507813 -0.119682312011719 0.325958251953125 0.363922119140625
-0.178268432617188 -0.270462036132813 0.173736572265625 -0.147354125976563
-0.297515869140625 -0.196624755859375 0.0421142578125 -0.155792236328125
-0.324951171875 0.0191650390625 -0.0748977661132813 -0.0590591430664063
-0.214385986328125 0.222244262695313 -0.0536613464355469 0.0641708374023438
-0.0396270751953125 0.264999389648438 0.015472412109375 0.0755081176757813
0.144256591796875 0.251449584960938 0.108474731445313 0.072174072265625
0.216659545898438 0.159347534179687 0.137184143066406 0.0101242065429688
0.18365478515625 0.1524658203125 0.131355285644531 -0.0441818237304688
0.187942504882813 0.18426513671875 0.131568908691406 -0.0496826171875
0.106735229492187 0.227340698242188 0.141891479492187 -0.0162811279296875
-0.03717041015625 0.21875 0.129707336425781 -0.015380859375
-0.136749267578125 0.157455444335938 0.141998291015625 0.00169372558593751
-0.200286865234375 -0.0122222900390625 0.223556518554688 0.04290771484375
-0.177047729492187 -0.141098022460938 0.32098388671875 0.1275634765625
-0.127105712890625 -0.163116455078125 0.32965087890625 0.33416748046875
-0.28704833984375 -0.254608154296875 0.121597290039062 -0.2139892578125
-0.365753173828125 -0.13970947265625 0.00451660156249997 -0.181243896484375
-0.34356689453125 0.0682983398437501 -0.0640106201171875 -0.0740966796875
-0.2071533203125 0.259078979492187 -0.0348987579345703 0.00870704650878908
-0.0235595703125 0.28759765625 -0.00317811965942383 -0.00233221054077147
0.1739501953125 0.262374877929688 0.0417900085449219 0.00150680541992189
0.24444580078125 0.157806396484375 0.0377998352050781 -0.0316848754882812
0.215682983398438 0.1536865234375 0.0281944274902344 -0.0701332092285156
0.234451293945313 0.1849365234375 0.0379104614257813 -0.0862197875976562
0.160018920898438 0.249496459960938 0.0763168334960938 -0.0787124633789062
-0.00128173828125 0.276260375976563 0.0968551635742188 -0.0867767333984375
-0.139114379882812 0.24139404296875 0.1512451171875 -0.05596923828125
-0.278839111328125 0.0520477294921876 0.248336791992187 0.0089263916015625
-0.308319091796875 -0.123077392578125 0.2947998046875 0.107818603515625
-0.265411376953125 -0.18658447265625 0.283782958984375 0.27435302734375
-0.358367919921875 -0.198272705078125 0.0471649169921875 -0.267425537109375
-0.38812255859375 -0.052703857421875 -0.0406646728515625 -0.189895629882813
-0.310028076171875 0.12408447265625 -0.0541305541992188 -0.0822219848632812
-0.159881591796875 0.266433715820312 -0.0177154541015625 -0.048583984375
0.00738525390625002 0.266860961914063 -0.0259170532226563 -0.0763778686523437
0.181976318359375 0.230361938476563 -0.0331802368164062 -0.0657424926757812
0.236007690429688 0.131423950195313 -0.0653152465820312 -0.0652198791503906
0.214691162109375 0.131637573242187 -0.0808563232421875 -0.0852279663085937
0.241485595703125 0.160903930664062 -0.0664596557617187 -0.111846923828125
0.180862426757813 0.231552124023438 -0.00839996337890623 -0.136123657226563
0.02789306640625 0.28533935546875 0.043914794921875 -0.155792236328125
-0.119674682617188 0.275314331054688 0.137451171875 -0.115570068359375
-0.30712890625 0.096771240234375 0.240463256835937 -0.028045654296875
-0.378936767578125 -0.090728759765625 0.223770141601562 0.0855865478515625
-0.3515625 -0.1767578125 0.192840576171875 0.19403076171875
-0.383636474609375 -0.11663818359375 -0.04168701171875 -0.301605224609375
-0.3604736328125 0.0364990234375 -0.0856475830078125 -0.1800537109375
-0.235824584960937 0.16693115234375 -0.04669189453125 -0.0825119018554687
-0.08465576171875 0.240829467773437 -0.0108413696289063 -0.0924835205078125
0.0438690185546875 0.210250854492188 -0.0514144897460938 -0.129203796386719
0.169967651367188 0.161041259765625 -0.10125732421875 -0.111968994140625
0.195236206054688 0.0820770263671875 -0.156448364257813 -0.083740234375
0.182510375976563 0.0898895263671875 -0.173049926757813 -0.085723876953125
0.206283569335938 0.114166259765625 -0.161361694335937 -0.12384033203125
0.161285400390625 0.17425537109375 -0.090972900390625 -0.178863525390625
0.040679931640625 0.2327880859375 -0.00949096679687501 -0.205612182617187
-0.0818328857421875 0.243637084960938 0.1107177734375 -0.158615112304687
-0.262985229492188 0.109878540039063 0.203323364257812 -0.054443359375
-0.362213134765625 -0.043853759765625 0.127326965332031 0.0627212524414063
-0.36700439453125 -0.130950927734375 0.082305908203125 0.109024047851562
-0.35748291015625 -0.0281982421875 -0.135345458984375 -0.3143310546875
-0.294189453125 0.11102294921875 -0.132339477539063 -0.158203125
-0.143295288085938 0.187606811523437 -0.0494537353515625 -0.0728912353515625
-0.00309753417968749 0.190841674804688 -0.0168075561523438 -0.117080688476562
0.07757568359375 0.128524780273437 -0.079833984375 -0.149703979492188
0.138214111328125 0.0721969604492188 -0.154937744140625 -0.128799438476563
0.126693725585938 0.0231857299804688 -0.222183227539062 -0.083282470703125
0.121940612792969 0.0361785888671875 -0.242462158203125 -0.075164794921875
0.135063171386719 0.0542068481445313 -0.2293701171875 -0.122894287109375
0.107231140136719 0.0838851928710938 -0.14971923828125 -0.204010009765625
0.0433578491210938 0.129989624023438 -0.0501861572265625 -0.229080200195313
-0.026397705078125 0.153717041015625 0.08489990234375 -0.175567626953125
-0.156646728515625 0.095428466796875 0.156280517578125 -0.0597991943359375
-0.266372680664063 0.0135040283203125 0.03240966796875 0.0491485595703125
-0.317413330078125 -0.0484619140624999 -0.0267601013183594 0.0399284362792969
-0.27850341796875 0.050140380859375 -0.22589111328125 -0.313507080078125
-0.197006225585938 0.145660400390625 -0.180801391601562 -0.13787841796875
-0.05230712890625 0.175552368164063 -0.0680274963378906 -0.0569725036621094
0.0636672973632813 0.12347412109375 -0.0389556884765625 -0.116783142089844
0.0934219360351563 0.0411376953125 -0.103172302246094 -0.13861083984375
0.0891571044921875 -0.0185470581054688 -0.189422607421875 -0.11846923828125
0.0434112548828125 -0.0381965637207031 -0.2542724609375 -0.0633392333984375
0.0424537658691406 -0.0222969055175781 -0.274612426757813 -0.0542602539062499
0.0433158874511719 -0.016021728515625 -0.256729125976563 -0.11102294921875
0.0382537841796875 -0.0197563171386719 -0.175888061523438 -0.205123901367188
0.0395431518554688 0.0063934326171875 -0.060577392578125 -0.222015380859375
0.0377883911132813 0.0397796630859375 0.0703887939453125 -0.164932250976563
-0.017913818359375 0.070587158203125 0.1123046875 -0.04345703125
-0.123893737792969 0.0820388793945312 -0.0355720520019531 0.051422119140625
-0.2171630859375 0.0515594482421875 -0.11181640625 0.00186157226562499
0.0666656494140625 -0.17059326171875 0.169601440429688 -0.0341644287109375
-0.0847930908203125 -0.17047119140625 0.0531845092773437 -0.08905029296875
-0.159133911132812 -0.0122833251953125 -0.107658386230469 0.00284576416015623
-0.099029541015625 0.106475830078125 -0.0766143798828125 0.170394897460937
-0.0181655883789062 0.121597290039063 0.056121826171875 0.209457397460938
0.06103515625 0.109687805175781 0.209396362304688 0.179351806640625
0.0894393920898438 0.07598876953125 0.27874755859375 0.0804595947265625
0.0611648559570313 0.08001708984375 0.26788330078125 0.0162353515625
0.0546798706054688 0.101058959960938 0.241439819335938 0.0301055908203125
-0.01324462890625 0.112525939941406 0.19207763671875 0.084808349609375
-0.083404541015625 0.0636062622070313 0.134124755859375 0.086456298828125
-0.107460021972656 -0.0185775756835937 0.092742919921875 0.0737533569335937
-0.0355987548828125 -0.129409790039063 0.136856079101563 0.0841293334960937
0.0886993408203125 -0.156158447265625 0.276107788085938 0.136642456054688
0.164413452148438 -0.0926513671875 0.298126220703125 0.37646484375
-0.073272705078125 -0.246414184570313 0.17218017578125 -0.079925537109375
-0.219863891601562 -0.1968994140625 0.0446090698242187 -0.114967346191406
-0.267349243164063 0.0124511718750001 -0.09527587890625 -0.0224227905273438
-0.165267944335938 0.186599731445312 -0.069732666015625 0.124000549316406
-0.02178955078125 0.211593627929688 0.0359344482421875 0.152603149414063
0.122879028320313 0.190536499023438 0.171295166015625 0.136947631835938
0.174636840820313 0.122238159179688 0.221908569335938 0.0525665283203125
0.142410278320313 0.121536254882813 0.21331787109375 -0.0130615234375
0.13909912109375 0.15032958984375 0.195892333984375 -0.00628662109374999
0.056884765625 0.18310546875 0.172042846679688 0.0374603271484375
-0.0626068115234375 0.15264892578125 0.137115478515625 0.0327911376953125
-0.131538391113281 0.073638916015625 0.120895385742187 0.0338211059570313
-0.12554931640625 -0.0761566162109375 0.190414428710937 0.058074951171875
-0.0505523681640625 -0.162551879882813 0.32281494140625 0.12701416015625
0.016204833984375 -0.143234252929688 0.346221923828125 0.362762451171875
-0.199127197265625 -0.28326416015625 0.14703369140625 -0.1497802734375
-0.326812744140625 -0.188629150390625 0.01995849609375 -0.149383544921875
-0.335784912109375 0.0419311523437501 -0.0856399536132813 -0.0469818115234375
-0.204254150390625 0.243972778320312 -0.0568008422851563 0.0754241943359375
-0.02301025390625 0.275131225585938 0.0117950439453125 0.08172607421875
0.170074462890625 0.248336791992188 0.108757019042969 0.0768966674804688
0.234039306640625 0.1502685546875 0.135818481445313 0.0158538818359375
0.199203491210938 0.147171020507813 0.123451232910156 -0.038543701171875
0.209060668945313 0.176864624023437 0.116905212402344 -0.0476303100585937
0.127090454101563 0.231307983398438 0.129112243652344 -0.021728515625
-0.028717041015625 0.236419677734375 0.117996215820313 -0.0299758911132812
-0.144332885742188 0.174514770507812 0.140884399414062 -0.01556396484375
-0.221633911132813 -0.0139007568359375 0.235733032226563 0.025421142578125
-0.199951171875 -0.15142822265625 0.336517333984375 0.111846923828125
-0.141326904296875 -0.18011474609375 0.350006103515625 0.322784423828125
-0.30145263671875 -0.262542724609375 0.0889739990234375 -0.219161987304688
-0.38714599609375 -0.133087158203125 -0.02392578125 -0.176742553710937
-0.352294921875 0.08221435546875 -0.0782241821289063 -0.0659103393554688
-0.202438354492188 0.276016235351562 -0.0415229797363281 0.0165939331054688
-0.011932373046875 0.29925537109375 -0.0130863189697266 0.00373172760009767
0.191879272460938 0.260818481445313 0.0352363586425781 0.00894165039062502
0.257110595703125 0.152359008789063 0.0296058654785156 -0.0209465026855469
0.227767944335938 0.148406982421875 0.0141639709472656 -0.0593376159667969
0.252212524414063 0.179412841796875 0.018951416015625 -0.079132080078125
0.175384521484375 0.251968383789063 0.0566482543945313 -0.081512451171875
0.00753784179687501 0.287017822265625 0.079864501953125 -0.101242065429687
-0.139984130859375 0.253570556640625 0.143630981445313 -0.0780181884765625
-0.2918701171875 0.05511474609375 0.25445556640625 -0.0146636962890625
-0.326263427734375 -0.1279296875 0.30615234375 0.090087890625
-0.2747802734375 -0.195953369140625 0.3001708984375 0.258209228515625
-0.365997314453125 -0.19775390625 0.0109100341796875 -0.27984619140625
-0.396087646484375 -0.048370361328125 -0.0707550048828125 -0.188262939453125
-0.3167724609375 0.129180908203125 -0.0718002319335938 -0.0758209228515625
-0.159835815429688 0.273834228515625 -0.0287551879882813 -0.0426254272460937
0.012786865234375 0.276901245117188 -0.039154052734375 -0.0714187622070312
0.192092895507813 0.231399536132813 -0.0424346923828125 -0.0570259094238281
0.243743896484375 0.130081176757813 -0.0778121948242187 -0.0510101318359375
0.222854614257813 0.128982543945313 -0.0960617065429687 -0.0697479248046875
0.251953125 0.158523559570313 -0.0865554809570312 -0.0978469848632812
0.189071655273438 0.230224609375 -0.0332412719726562 -0.134162902832031
0.0335693359375 0.2886962890625 0.022430419921875 -0.165969848632812
-0.118133544921875 0.282623291015625 0.124435424804687 -0.136405944824219
-0.313720703125 0.10198974609375 0.240966796875 -0.0540771484375
-0.3892822265625 -0.0901489257812499 0.23052978515625 0.0652008056640625
-0.3548583984375 -0.178375244140625 0.205978393554687 0.173858642578125
-0.378173828125 -0.1143798828125 -0.075164794921875 -0.317108154296875
-0.35736083984375 0.0428161621093749 -0.117523193359375 -0.185089111328125
-0.233978271484375 0.165176391601563 -0.064697265625 -0.0775833129882812
-0.0854949951171875 0.242019653320312 -0.0250778198242188 -0.0904998779296875
0.0423126220703125 0.21148681640625 -0.0682296752929688 -0.126609802246094
0.17132568359375 0.163742065429688 -0.115692138671875 -0.101966857910156
0.192794799804688 0.086029052734375 -0.17034912109375 -0.06805419921875
0.183349609375 0.090179443359375 -0.188400268554687 -0.068634033203125
0.20794677734375 0.113739013671875 -0.180892944335938 -0.1119384765625
0.162384033203125 0.174209594726563 -0.115676879882812 -0.174911499023438
0.039306640625 0.23272705078125 -0.0338592529296875 -0.212631225585937
-0.0812530517578125 0.242294311523438 0.0917205810546875 -0.175796508789062
-0.262115478515625 0.11181640625 0.19720458984375 -0.0785675048828125
-0.361602783203125 -0.0407409667968749 0.130134582519531 0.0436553955078125
-0.36126708984375 -0.125 0.0895843505859375 0.0920028686523438
-0.34649658203125 -0.016693115234375 -0.164337158203125 -0.330810546875
-0.277572631835938 0.1143798828125 -0.1597900390625 -0.165084838867188
-0.131729125976562 0.182830810546875 -0.0669136047363281 -0.0683784484863281
-0.00228881835937502 0.179931640625 -0.0294036865234375 -0.115028381347656
0.0699691772460938 0.123039245605469 -0.092620849609375 -0.1470947265625
0.129051208496094 0.0733718872070312 -0.16900634765625 -0.122299194335938
0.122543334960938 0.0308837890625 -0.23333740234375 -0.0682830810546876
0.117416381835937 0.0417938232421875 -0.25457763671875 -0.06005859375
0.127716064453125 0.056488037109375 -0.246292114257812 -0.108245849609375
0.097381591796875 0.084686279296875 -0.173599243164062 -0.1976318359375
0.036224365234375 0.124320983886719 -0.0689544677734375 -0.232147216796875
-0.0283355712890625 0.145172119140625 0.06842041015625 -0.188949584960938
-0.149612426757813 0.0893402099609375 0.147903442382812 -0.075958251953125
-0.254501342773437 0.016082763671875 0.0356330871582031 0.03515625
-0.303314208984375 -0.041351318359375 -0.0174312591552735 0.0255641937255859
-0.263656616210937 0.0689697265625 -0.2476806640625 -0.326629638671875
-0.173919677734375 0.15325927734375 -0.202835083007812 -0.144866943359375
-0.0362548828125 0.169387817382813 -0.0848159790039063 -0.0535125732421875
0.0676803588867188 0.107742309570312 -0.0505905151367188 -0.113075256347656
0.086578369140625 0.0284271240234375 -0.111167907714844 -0.134208679199219
0.0715179443359375 -0.0210952758789063 -0.199630737304688 -0.110137939453125
0.0301513671875 -0.0306224822998047 -0.262237548828125 -0.0557098388671875
0.031707763671875 -0.0154132843017578 -0.28167724609375 -0.040771484375
0.0300540924072266 -0.00732803344726563 -0.266754150390625 -0.102462768554688
0.0210018157958984 -0.0166339874267578 -0.195877075195312 -0.202529907226563
0.0243854522705078 -0.00106430053710938 -0.078216552734375 -0.226150512695313
0.0308589935302734 0.0238780975341797 0.058746337890625 -0.175643920898438
-0.0100860595703125 0.0570564270019531 0.108428955078125 -0.0567550659179687
-0.103668212890625 0.0800018310546875 -0.0294303894042969 0.0406074523925781
-0.197341918945313 0.062530517578125 -0.0990676879882813 -0.0110702514648438
0.0405731201171875 -0.173751831054687 0.153121948242187 -0.02313232421875
-0.105026245117188 -0.15234375 0.0424957275390625 -0.0755233764648438
-0.156539916992188 0.00807189941406252 -0.103202819824219 0.0152206420898437
-0.0829010009765625 0.118415832519531 -0.0637969970703125 0.17437744140625
0.0015411376953125 0.120857238769531 0.0653076171875 0.207473754882812
0.077392578125 0.096527099609375 0.21783447265625 0.16839599609375
0.100845336914063 0.060699462890625 0.282623291015625 0.069732666015625
0.0737380981445313 0.0662307739257813 0.26605224609375 0.0091094970703125
0.068084716796875 0.0881423950195313 0.238204956054688 0.024871826171875
0.00796508789062499 0.110237121582031 0.188858032226563 0.081512451171875
-0.0712738037109375 0.078369140625 0.131820678710938 0.078521728515625
-0.106086730957031 0.000122070312500005 0.0940475463867188 0.0632095336914063
-0.0547103881835937 -0.117362976074219 0.14776611328125 0.0743255615234375
0.0605926513671875 -0.161972045898438 0.289337158203125 0.131072998046875
0.1412353515625 -0.106704711914063 0.314453125 0.373992919921875
-0.096649169921875 -0.2476806640625 0.15093994140625 -0.0690460205078125
-0.239944458007813 -0.173583984375 0.0328903198242187 -0.10028076171875
-0.26336669921875 0.0345001220703125 -0.095245361328125 -0.012725830078125
-0.14569091796875 0.199188232421875 -0.062042236328125 0.131301879882813
-0.00283813476562502 0.214340209960938 0.0377349853515625 0.154815673828125
0.142044067382813 0.177276611328125 0.173614501953125 0.13165283203125
0.185409545898438 0.104736328125 0.223617553710938 0.0506134033203125
0.154464721679688 0.107955932617187 0.205825805664062 -0.00999450683593749
0.157241821289063 0.1370849609375 0.188308715820313 -0.00669860839843749
0.0778961181640625 0.179977416992188 0.16357421875 0.035552978515625
-0.0499725341796875 0.165939331054688 0.126312255859375 0.0270462036132813
-0.128677368164063 0.0916748046875 0.117744445800781 0.0205459594726563
-0.145050048828125 -0.069488525390625 0.1951904296875 0.0411834716796875
-0.076446533203125 -0.168624877929687 0.329925537109375 0.112091064453125
-0.00354003906249999 -0.158538818359375 0.3564453125 0.35076904296875
-0.219329833984375 -0.28277587890625 0.118057250976562 -0.138519287109375
-0.342132568359375 -0.1671142578125 0.000450134277343724 -0.132606506347656
-0.33563232421875 0.0606689453125 -0.0919647216796875 -0.0350799560546875
-0.18731689453125 0.256973266601563 -0.0548248291015625 0.0809173583984375
-0.00494384765625001 0.277374267578125 0.00946807861328125 0.0869064331054688
0.185775756835938 0.234176635742188 0.110313415527344 0.0769882202148438
0.243820190429687 0.133712768554687 0.1328125 0.0230178833007813
0.211471557617188 0.13470458984375 0.115364074707031 -0.030059814453125
0.225692749023437 0.164215087890625 0.108001708984375 -0.0396652221679687
0.142898559570313 0.228546142578125 0.110771179199219 -0.0204315185546875
-0.0167083740234375 0.244705200195313 0.103752136230469 -0.036865234375
-0.139801025390625 0.185577392578125 0.131805419921875 -0.0319290161132812
-0.23431396484375 -0.00497436523437496 0.23541259765625 0.004486083984375
-0.22076416015625 -0.15557861328125 0.34033203125 0.093841552734375
-0.1558837890625 -0.192718505859375 0.355072021484375 0.305084228515625
-0.3128662109375 -0.264312744140625 0.0555572509765625 -0.211074829101563
-0.397308349609375 -0.11920166015625 -0.0459136962890625 -0.160140991210938
-0.355010986328125 0.097442626953125 -0.0882034301757813 -0.0514755249023438
-0.192626953125 0.286102294921875 -0.0458106994628906 0.0249748229980469
0.000305175781249976 0.302001953125 -0.0193023681640625 0.0115756988525391
0.2054443359375 0.251693725585938 0.0307579040527344 0.0156040191650391
0.2652587890625 0.142562866210938 0.02490234375 -0.00695228576660155
0.23675537109375 0.139862060546875 0.00580215454101564 -0.0429344177246094
0.261199951171875 0.169921875 0.00686645507812502 -0.06512451171875
0.187301635742188 0.2464599609375 0.0366363525390625 -0.0756683349609375
0.016326904296875 0.292083740234375 0.0595169067382813 -0.10601806640625
-0.135665893554687 0.260818481445313 0.129035949707031 -0.0934295654296875
-0.3016357421875 0.06011962890625 0.248977661132813 -0.0383453369140625
-0.339569091796875 -0.12652587890625 0.305908203125 0.0684814453125
-0.281494140625 -0.202392578125 0.303924560546875 0.237213134765625
-0.36529541015625 -0.199676513671875 -0.02215576171875 -0.2735595703125
-0.400177001953125 -0.042694091796875 -0.0963592529296875 -0.175094604492188
-0.31829833984375 0.13458251953125 -0.0833892822265625 -0.0634613037109375
-0.155410766601562 0.2801513671875 -0.0374794006347656 -0.0338211059570312
0.0168304443359375 0.278732299804688 -0.050811767578125 -0.0622520446777344
0.198959350585938 0.226409912109375 -0.0517692565917969 -0.0460624694824218
0.248016357421875 0.125640869140625 -0.0831069946289063 -0.03448486328125
0.226638793945313 0.1253662109375 -0.103179931640625 -0.0502090454101562
0.25518798828125 0.150909423828125 -0.0997848510742187 -0.0836029052734375
0.19451904296875 0.227264404296875 -0.0531387329101562 -0.125640869140625
0.037078857421875 0.29058837890625 -0.000167846679687508 -0.167877197265625
-0.11407470703125 0.28411865234375 0.106964111328125 -0.149002075195312
-0.3157958984375 0.10345458984375 0.228759765625 -0.0752410888671875
-0.393157958984375 -0.085662841796875 0.227813720703125 0.044281005859375
-0.3533935546875 -0.179168701171875 0.20849609375 0.152496337890625
-0.369842529296875 -0.10986328125 -0.109405517578125 -0.3148193359375
-0.3482666015625 0.0390930175781249 -0.143051147460938 -0.174148559570312
-0.233566284179688 0.161895751953125 -0.0779495239257813 -0.0683746337890625
-0.086669921875 0.238372802734375 -0.033294677734375 -0.0828170776367187
0.0387725830078125 0.212875366210938 -0.0793228149414063 -0.116996765136719
0.168182373046875 0.163742065429688 -0.124580383300781 -0.0908050537109375
0.193634033203125 0.0897979736328125 -0.175033569335938 -0.0503387451171875
0.183074951171875 0.0919342041015625 -0.194747924804688 -0.0489501953125
0.205184936523438 0.113800048828125 -0.19134521484375 -0.0926361083984375
0.157730102539063 0.173751831054688 -0.134429931640625 -0.16387939453125
0.03985595703125 0.229904174804687 -0.0557403564453125 -0.209320068359375
-0.07843017578125 0.237167358398438 0.07470703125 -0.185211181640625
-0.261444091796875 0.10528564453125 0.18450927734375 -0.0949249267578125
-0.358154296875 -0.0387573242187499 0.126029968261719 0.0277862548828125
-0.3526611328125 -0.12384033203125 0.094940185546875 0.0702362060546875
-0.327117919921875 -0.0101318359375 -0.194366455078125 -0.332427978515625
-0.260025024414063 0.111358642578125 -0.182830810546875 -0.161849975585937
-0.126312255859375 0.170806884765625 -0.079681396484375 -0.0602645874023438
-0.00506591796875 0.169097900390625 -0.0405349731445313 -0.109031677246094
0.0623016357421875 0.119010925292969 -0.100776672363281 -0.13885498046875
0.120376586914063 0.0750503540039063 -0.1778564453125 -0.111053466796875
0.112319946289063 0.0366744995117188 -0.237625122070313 -0.0548553466796875
0.111679077148438 0.0461349487304688 -0.257537841796875 -0.041351318359375
0.123062133789063 0.0617599487304688 -0.25390625 -0.093170166015625
0.0888595581054688 0.0893478393554688 -0.1912841796875 -0.185989379882813
0.0248641967773437 0.12347412109375 -0.08856201171875 -0.22723388671875
-0.0330886840820313 0.135124206542969 0.0527191162109375 -0.194717407226562
-0.145767211914063 0.0762939453125 0.135673522949219 -0.090667724609375
-0.24017333984375 0.014251708984375 0.0328559875488281 0.0225696563720703
-0.28277587890625 -0.03839111328125 -0.0112342834472656 0.00629138946533203
-0.241455078125 0.078857421875 -0.2694091796875 -0.3289794921875
-0.151519775390625 0.15155029296875 -0.22186279296875 -0.142807006835938
-0.0214080810546875 0.157684326171875 -0.0945587158203125 -0.0435028076171875
0.067901611328125 0.0900192260742188 -0.0562973022460938 -0.106048583984375
0.07330322265625 0.0207366943359375 -0.115631103515625 -0.126785278320312
0.0575294494628906 -0.0178260803222656 -0.202545166015625 -0.10205078125
0.0188026428222656 -0.0186634063720703 -0.263626098632813 -0.0435028076171875
0.0247268676757813 -0.00744056701660156 -0.281982421875 -0.027618408203125
0.0212078094482422 0.00166702270507812 -0.274642944335938 -0.087799072265625
0.00560092926025391 -0.00782489776611328 -0.207382202148437 -0.192047119140625
0.00684261322021484 -0.00253725051879883 -0.09063720703125 -0.22149658203125
0.0195102691650391 0.0125255584716797 0.045654296875 -0.181121826171875
-0.00582504272460937 0.0397872924804688 0.0986404418945313 -0.0660476684570313
-0.083343505859375 0.0715484619140625 -0.0271873474121094 0.0288677215576172
-0.169296264648438 0.062225341796875 -0.0872879028320313 -0.0264816284179688
0.0200958251953125 -0.168228149414063 0.14276123046875 -0.00515747070312501
-0.116569519042969 -0.132064819335938 0.0394020080566406 -0.05987548828125
-0.148681640625 0.024749755859375 -0.0980148315429688 0.0226364135742187
-0.0655517578125 0.123390197753906 -0.0545654296875 0.173446655273438
0.0152969360351562 0.115646362304688 0.0702972412109375 0.203750610351563
0.0868301391601563 0.081085205078125 0.219635009765625 0.16156005859375
0.104255676269531 0.0449295043945313 0.281524658203125 0.065948486328125
0.080413818359375 0.0544815063476563 0.261749267578125 0.0074920654296875
0.0782318115234375 0.0727615356445313 0.234527587890625 0.024627685546875
0.0228652954101563 0.103866577148438 0.184783935546875 0.0816497802734375
-0.0560226440429687 0.0829696655273437 0.124900817871094 0.0738372802734375
-0.100387573242188 0.0129165649414062 0.0925827026367188 0.05474853515625
-0.0659332275390625 -0.104156494140625 0.15325927734375 0.06439208984375
0.038116455078125 -0.155792236328125 0.295623779296875 0.123809814453125
0.12005615234375 -0.113327026367188 0.319488525390625 0.368408203125
-0.1151123046875 -0.243988037109375 0.135589599609375 -0.0503616333007813
-0.24871826171875 -0.154739379882813 0.0267562866210937 -0.0836410522460938
-0.256973266601563 0.048797607421875 -0.0935211181640625 -0.00311279296874998
-0.129135131835938 0.203323364257813 -0.0574264526367188 0.132858276367188
0.0107574462890625 0.207992553710938 0.040283203125 0.154571533203125
0.1502685546875 0.161895751953125 0.173751831054688 0.129257202148438
0.1883544921875 0.090911865234375 0.221237182617187 0.05181884765625
0.159500122070312 0.095977783203125 0.2020263671875 -0.00567626953124999
0.166229248046875 0.12286376953125 0.182357788085938 -0.000473022460937492
0.0914306640625 0.173782348632812 0.1551513671875 0.0396881103515625
-0.036712646484375 0.172698974609375 0.11627197265625 0.0244598388671875
-0.125595092773438 0.102508544921875 0.109725952148438 0.0126266479492188
-0.157882690429688 -0.0595703125 0.195037841796875 0.0294342041015625
-0.0973663330078125 -0.165817260742188 0.331573486328125 0.10321044921875
-0.0195465087890625 -0.16607666015625 0.356964111328125 0.342742919921875
-0.233413696289062 -0.280792236328125 0.0971450805664062 -0.119041442871094
-0.348480224609375 -0.151824951171875 -0.00842285156250002 -0.112861633300781
-0.33074951171875 0.07147216796875 -0.0931396484375 -0.02423095703125
-0.174758911132813 0.26043701171875 -0.0528106689453125 0.0860366821289063
0.0055389404296875 0.27496337890625 0.0093994140625 0.0920333862304688
0.193740844726563 0.2208251953125 0.108367919921875 0.0803070068359375
0.246307373046875 0.123062133789063 0.131950378417969 0.0302581787109375
0.215835571289063 0.124298095703125 0.111488342285156 -0.01806640625
0.232803344726562 0.1531982421875 0.100448608398438 -0.0281219482421875
0.152389526367188 0.223068237304688 0.100532531738281 -0.011871337890625
-0.00842285156249998 0.24908447265625 0.0897674560546875 -0.0381622314453125
-0.138092041015625 0.19342041015625 0.120193481445312 -0.0408248901367187
-0.245635986328125 -0.000244140624999975 0.229888916015625 -0.01025390625
-0.237442016601562 -0.15625 0.337127685546875 0.08099365234375
-0.165191650390625 -0.2021484375 0.3516845703125 0.292327880859375
-0.3199462890625 -0.267059326171875 0.0334930419921875 -0.193161010742188
-0.400115966796875 -0.112762451171875 -0.05859375 -0.140571594238281
-0.353912353515625 0.1026611328125 -0.0918655395507813 -0.0392379760742188
-0.184844970703125 0.28924560546875 -0.0472602844238281 0.0319786071777344
0.00708007812500001 0.301055908203125 -0.0234260559082031 0.0191173553466797
0.210464477539063 0.243133544921875 0.0288906097412109 0.0225238800048828
0.267379760742188 0.1363525390625 0.0247631072998047 0.00483703613281251
0.240646362304688 0.1343994140625 0.00377845764160158 -0.0282936096191406
0.264617919921875 0.162796020507813 0.000114440917968768 -0.0505714416503906
0.192108154296875 0.242568969726562 0.0227279663085938 -0.0651321411132812
0.02081298828125 0.29473876953125 0.0435333251953125 -0.103416442871094
-0.134979248046875 0.264266967773438 0.113426208496094 -0.100982666015625
-0.30865478515625 0.061737060546875 0.238235473632813 -0.05206298828125
-0.349029541015625 -0.127716064453125 0.29901123046875 0.05438232421875
-0.28485107421875 -0.209381103515625 0.297698974609375 0.219390869140625
-0.362457275390625 -0.20550537109375 -0.045989990234375 -0.259506225585938
-0.39739990234375 -0.04486083984375 -0.111495971679688 -0.15765380859375
-0.320343017578125 0.13336181640625 -0.0899734497070313 -0.0501327514648438
-0.1552734375 0.280136108398438 -0.0409584045410156 -0.0250663757324219
0.0177154541015625 0.280609130859375 -0.0558280944824219 -0.0526008605957031
0.200088500976563 0.22418212890625 -0.0541839599609375 -0.0358924865722656
0.247970581054688 0.126388549804688 -0.0825729370117187 -0.0196304321289063
0.228515625 0.124191284179688 -0.103347778320312 -0.0336532592773438
0.255050659179687 0.149917602539063 -0.104156494140625 -0.0661163330078125
0.194671630859375 0.22589111328125 -0.065338134765625 -0.112442016601562
0.03778076171875 0.290435791015625 -0.0162200927734375 -0.161605834960938
-0.11541748046875 0.28265380859375 0.088714599609375 -0.153076171875
-0.31927490234375 0.099456787109375 0.2147216796875 -0.08740234375
-0.39398193359375 -0.0885009765625 0.218170166015625 0.0313568115234375
-0.34735107421875 -0.18597412109375 0.201507568359375 0.135452270507813
-0.35955810546875 -0.11688232421875 -0.130096435546875 -0.306243896484375
-0.3414306640625 0.0313720703125 -0.158798217773438 -0.161666870117188
-0.235855102539063 0.152877807617187 -0.0863037109375 -0.0554733276367188
-0.0916290283203125 0.232986450195313 -0.0397109985351563 -0.0739974975585937
0.033538818359375 0.215011596679688 -0.0848236083984375 -0.107246398925781
0.164764404296875 0.166030883789062 -0.127876281738281 -0.0800552368164063
0.191635131835938 0.0953521728515625 -0.173873901367188 -0.036895751953125
0.181976318359375 0.09649658203125 -0.193557739257813 -0.0343017578125
0.203353881835938 0.11810302734375 -0.19384765625 -0.0764007568359375
0.152984619140625 0.175827026367188 -0.1453857421875 -0.1497802734375
0.033447265625 0.229721069335938 -0.069061279296875 -0.201889038085937
-0.08404541015625 0.231979370117187 0.058074951171875 -0.185592651367187
-0.260116577148437 0.09747314453125 0.170394897460937 -0.103439331054688
-0.350311279296875 -0.04559326171875 0.117088317871094 0.0161361694335937
-0.339263916015625 -0.129180908203125 0.0905990600585937 0.0528488159179687
-0.310150146484375 -0.015594482421875 -0.2110595703125 -0.32720947265625
-0.247055053710937 0.098724365234375 -0.19940185546875 -0.153961181640625
-0.123428344726563 0.15679931640625 -0.0877914428710938 -0.0506820678710937
-0.0121917724609375 0.159378051757812 -0.0454559326171875 -0.0995025634765625
0.0510711669921875 0.118545532226563 -0.105255126953125 -0.13104248046875
0.11083984375 0.0815582275390625 -0.17852783203125 -0.101394653320312
0.109580993652344 0.0481491088867188 -0.235061645507813 -0.0432891845703125
0.108573913574219 0.0534133911132813 -0.2557373046875 -0.029083251953125
0.117805480957031 0.07177734375 -0.25396728515625 -0.0803375244140625
0.0802230834960938 0.0972671508789063 -0.19769287109375 -0.173248291015625
0.0145721435546875 0.124465942382813 -0.0987701416015625 -0.219192504882813
-0.042694091796875 0.12823486328125 0.0385284423828125 -0.193954467773438
-0.146697998046875 0.0641326904296875 0.123748779296875 -0.0956573486328125
-0.229446411132812 0.00354003906250005 0.0277137756347656 0.0119533538818359
-0.2650146484375 -0.046051025390625 -0.0111637115478516 -0.0106344223022461
-0.22015380859375 0.07763671875 -0.2821044921875 -0.327056884765625
-0.134231567382812 0.139549255371094 -0.235366821289063 -0.138320922851562
-0.014556884765625 0.141433715820313 -0.10107421875 -0.034027099609375
0.0596466064453125 0.0754623413085938 -0.0594024658203125 -0.0987625122070312
0.0608253479003906 0.0166778564453125 -0.116096496582031 -0.120674133300781
0.0454139709472656 -0.010284423828125 -0.201278686523438 -0.0961151123046875
0.0134315490722656 -0.00500869750976562 -0.260772705078125 -0.0373077392578125
0.0201034545898438 0.00363349914550781 -0.277725219726563 -0.0208129882812499
0.0158071517944336 0.0148172378540039 -0.274154663085938 -0.079681396484375
-0.00517129898071289 0.00458765029907226 -0.212860107421875 -0.182037353515625
-0.00769424438476563 0.000523090362548829 -0.0984344482421875 -0.215042114257813
0.0064091682434082 0.00645065307617188 0.035003662109375 -0.1806640625
-0.00855064392089844 0.0238513946533203 0.08990478515625 -0.0712966918945313
-0.0709686279296875 0.0562896728515625 -0.0291233062744141 0.0181808471679688
-0.147964477539062 0.05340576171875 -0.0821151733398438 -0.0456314086914062
0.00645446777343752 -0.16119384765625 0.137947082519531 0.0154037475585937
-0.121910095214844 -0.11651611328125 0.0410881042480469 -0.0461654663085938
-0.14154052734375 0.0353546142578125 -0.0929641723632813 0.0263748168945313
-0.0526809692382812 0.124031066894531 -0.05084228515625 0.172210693359375
0.0250473022460938 0.10968017578125 0.0712127685546875 0.202957153320312
0.0917434692382813 0.0690231323242188 0.220932006835937 0.160263061523438
0.105888366699219 0.0339736938476563 0.2823486328125 0.066802978515625
0.0830612182617188 0.044525146484375 0.261627197265625 0.01165771484375
0.0828704833984375 0.0602493286132812 0.23388671875 0.0291290283203125
0.0327606201171875 0.0961456298828125 0.182723999023438 0.087066650390625
-0.0443649291992188 0.0855178833007812 0.120445251464844 0.0753173828125
-0.0947036743164062 0.020782470703125 0.0891342163085938 0.0509490966796875
-0.0716323852539063 -0.0926361083984375 0.157943725585938 0.05877685546875
0.0233612060546875 -0.148941040039063 0.302154541015625 0.124481201171875
0.105522155761719 -0.113243103027344 0.319671630859375 0.375946044921875
-0.128250122070312 -0.241531372070313 0.127571105957031 -0.0286331176757813
-0.254302978515625 -0.142898559570313 0.0260467529296875 -0.0673370361328125
-0.252838134765625 0.0560455322265624 -0.0907135009765625 0.00265502929687499
-0.119216918945313 0.204757690429687 -0.0543212890625 0.134559631347656
0.0181121826171875 0.205642700195313 0.0393218994140625 0.157379150390625
0.154251098632813 0.152236938476563 0.173828125 0.131851196289063
0.191360473632813 0.0826568603515625 0.223922729492188 0.05810546875
0.163116455078125 0.0887451171875 0.202896118164063 0.00325012207031251
0.171112060546875 0.113357543945313 0.181594848632813 0.00857543945312501
0.099945068359375 0.170120239257813 0.150390625 0.047943115234375
-0.02838134765625 0.177688598632813 0.108001708984375 0.026519775390625
-0.125450134277344 0.110374450683594 0.103080749511719 0.00877380371093751
-0.168502807617187 -0.0535125732421875 0.196258544921875 0.0234222412109375
-0.113265991210938 -0.165328979492188 0.332977294921875 0.101806640625
-0.0331268310546875 -0.173110961914063 0.3536376953125 0.3480224609375
-0.242523193359375 -0.285491943359375 0.087371826171875 -0.0979461669921875
-0.353424072265625 -0.146484375 -0.011474609375 -0.0957260131835938
-0.331329345703125 0.07537841796875 -0.0919570922851563 -0.0159149169921875
-0.169723510742188 0.261093139648438 -0.0519638061523438 0.089813232421875
0.011016845703125 0.275360107421875 0.00736999511718751 0.0967483520507813
0.19586181640625 0.214004516601563 0.108192443847656 0.0850296020507813
0.248733520507813 0.119537353515625 0.1353759765625 0.03936767578125
0.219436645507813 0.120773315429688 0.113067626953125 -0.00644683837890624
0.237213134765625 0.148208618164062 0.0996932983398438 -0.0158309936523437
0.158737182617188 0.222671508789063 0.093353271484375 -0.000434875488281236
-0.00415039062500001 0.254409790039063 0.07879638671875 -0.0347061157226562
-0.141098022460938 0.199951171875 0.110786437988281 -0.045196533203125
-0.25750732421875 0.00202941894531254 0.225357055664062 -0.016632080078125
-0.251296997070312 -0.160598754882813 0.334686279296875 0.078826904296875
-0.174072265625 -0.212799072265625 0.345306396484375 0.29400634765625
-0.324493408203125 -0.27569580078125 0.021453857421875 -0.175033569335938
-0.40594482421875 -0.114349365234375 -0.0638351440429688 -0.123985290527344
-0.3587646484375 0.1021728515625 -0.0931930541992188 -0.0294952392578125
-0.185150146484375 0.29071044921875 -0.04766845703125 0.0381088256835938
0.00787353515625003 0.30462646484375 -0.0261077880859375 0.0263614654541016
0.212265014648438 0.24169921875 0.0281524658203125 0.0294055938720703
0.270767211914063 0.137298583984375 0.0285835266113281 0.0159778594970703
0.243316650390625 0.134689331054688 0.00615501403808595 -0.0153493881225586
0.268218994140625 0.163253784179688 -0.00125122070312498 -0.0378341674804687
0.194534301757813 0.24505615234375 0.015350341796875 -0.0534286499023437
0.02020263671875 0.3011474609375 0.032562255859375 -0.0995254516601562
-0.14111328125 0.26763916015625 0.102058410644531 -0.102645874023437
-0.320098876953125 0.0589599609375 0.23016357421875 -0.0589141845703125
-0.35943603515625 -0.135589599609375 0.29296875 0.050262451171875
-0.28863525390625 -0.223541259765625 0.289154052734375 0.216949462890625
-0.362213134765625 -0.220916748046875 -0.0590057373046875 -0.247344970703125
-0.40216064453125 -0.053741455078125 -0.11956787109375 -0.14422607421875
-0.32916259765625 0.128387451171875 -0.0930328369140625 -0.04022216796875
-0.161529541015625 0.282012939453125 -0.0430145263671875 -0.0184059143066406
0.013671875 0.28656005859375 -0.059295654296875 -0.0452079772949219
0.199813842773438 0.228042602539062 -0.0555572509765625 -0.0288581848144531
0.250885009765625 0.132217407226563 -0.0791778564453125 -0.00908660888671874
0.2310791015625 0.128692626953125 -0.100532531738281 -0.0209808349609375
0.256805419921875 0.154266357421875 -0.105209350585938 -0.054595947265625
0.19329833984375 0.231582641601563 -0.0723953247070313 -0.101364135742187
0.032562255859375 0.295806884765625 -0.02642822265625 -0.157119750976562
-0.12359619140625 0.28277587890625 0.0774078369140625 -0.153488159179687
-0.32830810546875 0.092620849609375 0.205291748046875 -0.0920257568359375
-0.3988037109375 -0.0983276367187501 0.208389282226563 0.0259857177734375
-0.345794677734375 -0.20123291015625 0.192428588867187 0.127365112304687
-0.354339599609375 -0.13360595703125 -0.14306640625 -0.299957275390625
-0.342926025390625 0.0156555175781251 -0.169265747070313 -0.152114868164063
-0.246185302734375 0.1435546875 -0.0916824340820313 -0.0460739135742188
-0.102874755859375 0.232879638671875 -0.0423622131347656 -0.06683349609375
0.0249481201171875 0.220901489257813 -0.0879974365234375 -0.10125732421875
0.161117553710937 0.174179077148438 -0.129241943359375 -0.0738906860351562
0.194046020507813 0.105545043945313 -0.171493530273438 -0.0292205810546875
0.182937622070313 0.104217529296875 -0.19140625 -0.02435302734375
0.203948974609375 0.127670288085938 -0.19500732421875 -0.0668182373046875
0.150131225585938 0.1844482421875 -0.15069580078125 -0.1397705078125
0.0243377685546875 0.235275268554688 -0.0770416259765625 -0.19683837890625
-0.094482421875 0.229629516601563 0.0487213134765625 -0.185409545898437
-0.267562866210937 0.086273193359375 0.1595458984375 -0.10589599609375
-0.34918212890625 -0.058624267578125 0.108345031738281 0.00994873046875
-0.330780029296875 -0.145477294921875 0.0831298828125 0.0413360595703125
-0.299530029296875 -0.0296630859375 -0.221038818359375 -0.32830810546875
-0.244140625 0.0830078125 -0.209930419921875 -0.148651123046875
-0.130752563476562 0.143844604492188 -0.0933761596679688 -0.042266845703125
-0.0250396728515625 0.154159545898438 -0.0475006103515625 -0.0941085815429687
0.0400161743164062 0.123870849609375 -0.106254577636719 -0.126655578613281
0.104438781738281 0.0915679931640625 -0.179153442382813 -0.0982818603515625
0.109901428222656 0.0605926513671875 -0.233749389648438 -0.039337158203125
0.109169006347656 0.0628280639648438 -0.252182006835938 -0.0237884521484375
0.117652893066406 0.08258056640625 -0.255111694335938 -0.0749969482421875
0.0748062133789062 0.108711242675781 -0.202392578125 -0.167266845703125
0.00212097167968751 0.129997253417969 -0.104202270507813 -0.21478271484375
-0.0549468994140625 0.125411987304688 0.031402587890625 -0.192764282226562
-0.152679443359375 0.0498504638671875 0.114288330078125 -0.0978469848632813
-0.2255859375 -0.0120849609375 0.0202846527099609 0.00434112548828125
-0.253326416015625 -0.0620269775390625 -0.0141277313232422 -0.0269584655761719
-0.206695556640625 0.0697784423828125 -0.288177490234375 -0.33306884765625
-0.1256103515625 0.1265869140625 -0.246170043945313 -0.138702392578125
-0.0155792236328125 0.128585815429688 -0.104522705078125 -0.0274429321289062
0.0497817993164063 0.0674285888671875 -0.0597305297851563 -0.093597412109375
0.0491905212402344 0.0182304382324219 -0.113990783691406 -0.119857788085937
0.0366630554199219 -0.00123214721679687 -0.20074462890625 -0.0961456298828125
0.0127496719360352 0.00681591033935547 -0.259353637695313 -0.03790283203125
0.0194377899169922 0.0130538940429688 -0.275802612304688 -0.0206146240234375
0.0153408050537109 0.0270214080810547 -0.275070190429688 -0.0788726806640624
-0.0115995407104492 0.0166406631469727 -0.215377807617188 -0.1802978515625
-0.0201740264892578 0.00641632080078125 -0.10137939453125 -0.213760375976563
-0.00632810592651367 0.00366783142089844 0.0302276611328125 -0.17974853515625
-0.0141830444335938 0.0106649398803711 0.0833358764648438 -0.0730743408203125
-0.0655670166015625 0.0405235290527344 -0.0338783264160156 0.00955772399902344
-0.134521484375 0.0396575927734375 -0.081207275390625 -0.0651092529296875
-0.0031585693359375 -0.156631469726563 0.139900207519531 0.0363845825195312
-0.126823425292969 -0.104759216308594 0.0461654663085937 -0.0354537963867188
-0.137176513671875 0.0430755615234375 -0.090911865234375 0.029022216796875
-0.043182373046875 0.126167297363281 -0.0492095947265625 0.174346923828125
0.0324172973632812 0.107345581054688 0.073638916015625 0.207534790039063
0.0963058471679688 0.059112548828125 0.226394653320313 0.164627075195312
0.108428955078125 0.0250244140625 0.29168701171875 0.071014404296875
0.0863800048828125 0.0362472534179688 0.268997192382813 0.0166778564453125
0.0866775512695313 0.0509567260742188 0.24139404296875 0.035888671875
0.0408782958984375 0.090728759765625 0.186614990234375 0.095733642578125
-0.0353012084960938 0.0874099731445313 0.119209289550781 0.079864501953125
-0.0906600952148438 0.0276031494140625 0.08697509765625 0.0505752563476563
-0.0778656005859375 -0.0839691162109375 0.1646728515625 0.05584716796875
0.012603759765625 -0.1448974609375 0.313934326171875 0.127197265625
0.095672607421875 -0.11468505859375 0.3275146484375 0.39276123046875
-0.140365600585937 -0.244781494140625 0.127059936523437 -0.00736236572265626
-0.262313842773438 -0.136398315429687 0.0298881530761719 -0.0544662475585938
-0.254806518554688 0.062591552734375 -0.0894317626953125 0.00757598876953126
-0.11431884765625 0.207595825195313 -0.0537796020507813 0.137939453125
0.0242767333984375 0.206283569335938 0.039581298828125 0.164382934570313
0.1595458984375 0.146347045898438 0.178054809570312 0.137863159179688
0.197189331054688 0.0776214599609375 0.233078002929688 0.0653076171875
0.168899536132813 0.084503173828125 0.211380004882813 0.0115966796875
0.1788330078125 0.108352661132813 0.187164306640625 0.0167388916015625
0.10943603515625 0.169708251953125 0.152496337890625 0.058258056640625
-0.0225372314453125 0.185440063476562 0.103973388671875 0.0311813354492188
-0.126991271972656 0.119697570800781 0.0993270874023438 0.00801086425781251
-0.180496215820312 -0.0478057861328125 0.2001953125 0.0198516845703125
-0.129638671875 -0.167694091796875 0.34246826171875 0.104827880859375
-0.0449066162109375 -0.18243408203125 0.358154296875 0.36358642578125
-0.256072998046875 -0.295867919921875 0.0838851928710937 -0.0787277221679688
-0.36529541015625 -0.1455078125 -0.00975036621093752 -0.083282470703125
-0.339263916015625 0.0790710449218749 -0.09259033203125 -0.00968170166015624
-0.169891357421875 0.266525268554688 -0.0528335571289063 0.0953292846679688
0.01336669921875 0.28094482421875 0.00641632080078125 0.10491943359375
0.201644897460938 0.21392822265625 0.109825134277344 0.0923080444335938
0.257522583007813 0.11907958984375 0.143310546875 0.047882080078125
0.228164672851563 0.121871948242187 0.119476318359375 0.00334930419921876
0.246429443359375 0.14837646484375 0.103645324707031 -0.00589752197265624
0.167800903320313 0.226943969726563 0.0928573608398438 0.0102081298828125
-0.000534057617187523 0.266799926757813 0.0729904174804688 -0.0305099487304687
-0.147415161132812 0.210311889648438 0.105125427246094 -0.0470046997070312
-0.274459838867188 0.00381469726562501 0.22711181640625 -0.0218658447265625
-0.2706298828125 -0.1671142578125 0.33978271484375 0.079376220703125
-0.187057495117188 -0.229095458984375 0.34637451171875 0.303741455078125
-0.33892822265625 -0.29229736328125 0.0147552490234375 -0.161483764648438
-0.42083740234375 -0.12054443359375 -0.0659866333007813 -0.111930847167969
-0.37384033203125 0.103271484375 -0.0948944091796875 -0.0222244262695313
-0.192474365234375 0.298553466796875 -0.0481300354003907 0.0443763732910156
0.00799560546875003 0.316253662109375 -0.0281219482421875 0.0336112976074219
0.217910766601563 0.247116088867188 0.0290756225585938 0.0360183715820313
0.280914306640625 0.141769409179687 0.0343685150146485 0.0252494812011719
0.252685546875 0.140029907226563 0.0110702514648438 -0.00424480438232421
0.278701782226563 0.1673583984375 -0.000530242919921856 -0.0280132293701172
0.202056884765625 0.253585815429688 0.0122413635253906 -0.0427894592285156
0.0196533203125 0.31439208984375 0.0249099731445313 -0.0963516235351563
-0.149627685546875 0.278305053710938 0.0952377319335937 -0.105216979980469
-0.33941650390625 0.0572814941406251 0.228546142578125 -0.06402587890625
-0.378570556640625 -0.146209716796875 0.294036865234375 0.04864501953125
-0.299530029296875 -0.244293212890625 0.286712646484375 0.221282958984375
-0.374267578125 -0.242279052734375 -0.068603515625 -0.240463256835938
-0.41754150390625 -0.06561279296875 -0.12615966796875 -0.134391784667969
-0.3480224609375 0.126495361328125 -0.0958709716796875 -0.03167724609375
-0.17340087890625 0.290191650390625 -0.0444107055664063 -0.0118560791015625
0.010711669921875 0.300994873046875 -0.0616531372070313 -0.039581298828125
0.204025268554687 0.238525390625 -0.0569114685058594 -0.0229759216308594
0.260879516601563 0.140960693359375 -0.0768890380859375 -0.00077819824218748
0.23944091796875 0.1373291015625 -0.0983200073242187 -0.0117340087890625
0.26629638671875 0.163803100585938 -0.107795715332031 -0.04583740234375
0.19842529296875 0.243301391601563 -0.0780029296875 -0.0923690795898437
0.02899169921875 0.310089111328125 -0.03411865234375 -0.1552734375
-0.135162353515625 0.292266845703125 0.0699462890625 -0.156173706054688
-0.347442626953125 0.088043212890625 0.200897216796875 -0.09619140625
-0.415863037109375 -0.112701416015625 0.206497192382813 0.0245513916015625
-0.35321044921875 -0.2227783203125 0.187881469726562 0.125640869140625
-0.36016845703125 -0.152618408203125 -0.15496826171875 -0.3017578125
-0.355743408203125 0.00228881835937499 -0.179855346679688 -0.146987915039063
-0.264114379882813 0.138137817382813 -0.095245361328125 -0.0381011962890625
-0.117218017578125 0.238693237304687 -0.0439872741699219 -0.0623435974121094
0.0192108154296875 0.234283447265625 -0.0915374755859375 -0.0987167358398438
0.163314819335937 0.18756103515625 -0.132133483886719 -0.0706787109375
0.202621459960938 0.1165771484375 -0.172622680664062 -0.0232086181640625
0.190948486328125 0.1148681640625 -0.192214965820313 -0.017669677734375
0.211105346679688 0.140060424804688 -0.199493408203125 -0.06103515625
0.1517333984375 0.197784423828125 -0.157318115234375 -0.13531494140625
0.016845703125 0.248291015625 -0.0843658447265625 -0.197067260742187
-0.107803344726562 0.235458374023438 0.0424957275390625 -0.187149047851562
-0.284271240234375 0.07891845703125 0.154556274414062 -0.108627319335937
-0.361297607421875 -0.07281494140625 0.102287292480469 0.00701141357421875
-0.33465576171875 -0.16754150390625 0.0773239135742187 0.0328750610351563
-0.300994873046875 -0.04510498046875 -0.2342529296875 -0.3385009765625
-0.250350952148438 0.0684661865234375 -0.22430419921875 -0.148513793945312
-0.1429443359375 0.1356201171875 -0.0978317260742188 -0.0355453491210938
-0.0386505126953125 0.156295776367188 -0.049407958984375 -0.0916519165039062
0.0320968627929688 0.133888244628906 -0.109207153320312 -0.127334594726563
0.102859497070313 0.105247497558594 -0.182907104492187 -0.0980987548828125
0.116111755371094 0.0728378295898438 -0.238357543945313 -0.037994384765625
0.113540649414063 0.0733642578125 -0.25616455078125 -0.0212554931640625
0.122528076171875 0.0964202880859375 -0.260955810546875 -0.073028564453125
0.07330322265625 0.121902465820313 -0.208953857421875 -0.16595458984375
-0.00762939453125 0.141326904296875 -0.110305786132813 -0.217544555664063
-0.0681381225585938 0.127342224121094 0.0267486572265625 -0.195327758789063
-0.164108276367188 0.039947509765625 0.108963012695313 -0.099395751953125
-0.23065185546875 -0.0281829833984375 0.0133781433105469 -8.29696655273455E-05
-0.251556396484375 -0.0793609619140626 -0.0194015502929688 -0.0420455932617188
-0.201629638671875 0.0611419677734375 -0.30035400390625 -0.347869873046875
-0.124221801757812 0.11529541015625 -0.26025390625 -0.141586303710937
-0.0185394287109375 0.119781494140625 -0.109481811523438 -0.022369384765625
0.039947509765625 0.0637931823730469 -0.0601654052734375 -0.0919647216796875
0.0405769348144531 0.0224609375 -0.114273071289063 -0.122383117675781
0.0315532684326172 0.00974845886230469 -0.204421997070313 -0.099151611328125
0.0140476226806641 0.0179481506347656 -0.265853881835937 -0.0405731201171875
0.0209331512451172 0.0225486755371094 -0.28216552734375 -0.021453857421875
0.016693115234375 0.038543701171875 -0.283599853515625 -0.08062744140625
-0.0154552459716797 0.0295391082763672 -0.22332763671875 -0.183441162109375
-0.0310344696044922 0.0137958526611328 -0.105209350585938 -0.219009399414063
-0.0178012847900391 0.00373268127441406 0.0282745361328125 -0.18353271484375
-0.0207366943359375 5.72204589843724E-05 0.079559326171875 -0.0761489868164063
-0.0644378662109375 0.0263786315917969 -0.0404624938964844 0.00273895263671876
-0.128677368164063 0.0262374877929687 -0.0845718383789063 -0.0848617553710938
-0.0146331787109375 -0.153549194335938 0.1485595703125 0.0557861328125
-0.133964538574219 -0.0933914184570312 0.0525703430175781 -0.0269241333007813
-0.133880615234375 0.0540390014648437 -0.0894546508789063 0.0338897705078125
-0.032928466796875 0.129257202148437 -0.04595947265625 0.180328369140625
0.042205810546875 0.105506896972656 0.0814361572265625 0.21539306640625
0.101692199707031 0.0490570068359375 0.240005493164063 0.167404174804688
0.11273193359375 0.0146713256835938 0.307830810546875 0.069305419921875
0.0903167724609375 0.0274429321289063 0.2833251953125 0.0152587890625
0.0924301147460938 0.0410003662109375 0.254425048828125 0.037567138671875
0.0499038696289063 0.0862197875976563 0.19818115234375 0.102203369140625
-0.0259017944335937 0.0901718139648438 0.122940063476563 0.0848007202148438
-0.088043212890625 0.03497314453125 0.0879898071289063 0.0510482788085938
-0.0838241577148438 -0.0760498046875 0.175201416015625 0.0505828857421875
0.00146484374999999 -0.142974853515625 0.3350830078125 0.127532958984375
0.0867919921875 -0.117881774902344 0.351318359375 0.413055419921875
-0.158660888671875 -0.248992919921875 0.132270812988281 0.0115127563476562
-0.277999877929688 -0.128204345703125 0.0343856811523437 -0.0448760986328125
-0.260223388671875 0.0742950439453124 -0.0891952514648438 0.01300048828125
-0.10791015625 0.21697998046875 -0.0517578125 0.145065307617188
0.0335540771484375 0.212051391601563 0.04486083984375 0.174026489257813
0.169631958007813 0.141525268554688 0.18927001953125 0.14276123046875
0.207626342773438 0.0705413818359375 0.24884033203125 0.06695556640625
0.1795654296875 0.078765869140625 0.224380493164063 0.013397216796875
0.191131591796875 0.102630615234375 0.198471069335938 0.02142333984375
0.123138427734375 0.171295166015625 0.161026000976563 0.067840576171875
-0.0121612548828125 0.196014404296875 0.104827880859375 0.03558349609375
-0.128265380859375 0.133544921875 0.0975723266601562 0.00630187988281251
-0.19659423828125 -0.0403594970703125 0.20855712890625 0.01275634765625
-0.150054931640625 -0.169204711914062 0.36065673828125 0.10333251953125
-0.061737060546875 -0.193191528320313 0.378021240234375 0.380523681640625
-0.280517578125 -0.30645751953125 0.083526611328125 -0.0630111694335938
-0.387115478515625 -0.141265869140625 -0.00785064697265627 -0.0724411010742188
-0.35406494140625 0.09130859375 -0.0933074951171875 -0.00278472900390625
-0.1697998046875 0.28118896484375 -0.0521163940429688 0.102745056152344
0.0220947265625 0.292938232421875 0.00864410400390626 0.114227294921875
0.214401245117188 0.215225219726563 0.116920471191406 0.098876953125
0.274002075195313 0.1156005859375 0.155868530273438 0.0531005859375
0.243621826171875 0.119033813476562 0.130790710449219 0.00904083251953126
0.264266967773437 0.146759033203125 0.110275268554688 0.00176239013671876
0.183837890625 0.233184814453125 0.096771240234375 0.020050048828125
0.00817871093750003 0.28375244140625 0.0703582763671875 -0.02752685546875
-0.152374267578125 0.228958129882813 0.101295471191406 -0.050079345703125
-0.297576904296875 0.01153564453125 0.233001708984375 -0.030059814453125
-0.298675537109375 -0.17169189453125 0.3536376953125 0.0767822265625
-0.208831787109375 -0.245391845703125 0.360931396484375 0.315948486328125
-0.364288330078125 -0.308258056640625 0.00865173339843749 -0.150970458984375
-0.44683837890625 -0.11962890625 -0.0689849853515625 -0.101547241210938
-0.395050048828125 0.11444091796875 -0.097137451171875 -0.0131072998046875
-0.196807861328125 0.31683349609375 -0.0485916137695313 0.0513267517089844
0.01458740234375 0.333404541015625 -0.0284385681152344 0.0421257019042969
0.2318115234375 0.2550048828125 0.0313148498535156 0.0432968139648438
0.29974365234375 0.142578125 0.0428466796875 0.0324287414550781
0.270736694335938 0.141357421875 0.0183563232421875 0.00357055664062501
0.2984619140625 0.170623779296875 0.000759124755859393 -0.0193462371826172
0.21923828125 0.26397705078125 0.0116252899169922 -0.0342483520507812
0.02734375 0.334625244140625 0.0179595947265625 -0.0951461791992187
-0.156768798828125 0.29931640625 0.0888214111328125 -0.110107421875
-0.36566162109375 0.06573486328125 0.231460571289062 -0.0733642578125
-0.409881591796875 -0.15203857421875 0.301483154296875 0.044952392578125
-0.32318115234375 -0.261932373046875 0.295318603515625 0.22735595703125
-0.399078369140625 -0.2589111328125 -0.0806732177734376 -0.236801147460938
-0.44464111328125 -0.068267822265625 -0.135391235351563 -0.125778198242188
-0.372833251953125 0.135650634765625 -0.10015869140625 -0.0231094360351563
-0.18304443359375 0.3092041015625 -0.0459060668945313 -0.00585174560546874
0.015472412109375 0.321685791015625 -0.0655708312988281 -0.0338592529296875
0.217575073242188 0.251190185546875 -0.0597305297851562 -0.0171546936035156
0.281219482421875 0.145721435546875 -0.07476806640625 0.00737762451171876
0.258255004882813 0.142349243164063 -0.0974655151367187 -0.0019073486328125
0.285614013671875 0.17095947265625 -0.1119384765625 -0.0373992919921875
0.213287353515625 0.256942749023438 -0.0842666625976563 -0.0857086181640625
0.032440185546875 0.330963134765625 -0.0443572998046875 -0.156265258789062
-0.144195556640625 0.31097412109375 0.0623931884765625 -0.161895751953125
-0.372833251953125 0.093353271484375 0.199554443359375 -0.105300903320313
-0.444854736328125 -0.11968994140625 0.207717895507812 0.020660400390625
-0.3756103515625 -0.2421875 0.189743041992187 0.125030517578125
-0.379425048828125 -0.169677734375 -0.174072265625 -0.3057861328125
-0.37847900390625 -0.00308227539062503 -0.19512939453125 -0.141799926757812
-0.286346435546875 0.142974853515625 -0.100624084472656 -0.0294418334960937
-0.129348754882812 0.2545166015625 -0.046600341796875 -0.0587043762207031
0.0197601318359375 0.254150390625 -0.0971145629882813 -0.095977783203125
0.17315673828125 0.202835083007813 -0.139305114746094 -0.0672225952148438
0.219940185546875 0.125717163085938 -0.1767578125 -0.0164031982421875
0.205902099609375 0.122299194335938 -0.196319580078125 -0.00917053222656253
0.22772216796875 0.149673461914063 -0.208450317382812 -0.054107666015625
0.162368774414062 0.213027954101562 -0.168106079101562 -0.130752563476563
0.0164031982421875 0.26708984375 -0.0957489013671875 -0.199844360351562
-0.118728637695312 0.25042724609375 0.0343170166015625 -0.193572998046875
-0.306427001953125 0.078948974609375 0.150802612304687 -0.115646362304688
-0.3836669921875 -0.0830993652343749 0.099212646484375 0.00403594970703125
-0.349517822265625 -0.18585205078125 0.0729827880859375 0.0248489379882812
-0.30963134765625 -0.057037353515625 -0.25634765625 -0.349853515625
-0.263214111328125 0.061492919921875 -0.242828369140625 -0.146865844726562
-0.158050537109375 0.135406494140625 -0.104316711425781 -0.027801513671875
-0.049957275390625 0.164459228515625 -0.0520782470703125 -0.0892333984375
0.0286102294921875 0.147613525390625 -0.115562438964844 -0.128448486328125
0.107856750488281 0.118942260742188 -0.193435668945313 -0.0977020263671875
0.127006530761719 0.0830535888671875 -0.247817993164062 -0.0331115722656249
0.124214172363281 0.0826339721679688 -0.26556396484375 -0.0143432617187499
0.134437561035156 0.107101440429687 -0.274490356445312 -0.067535400390625
0.0785446166992188 0.137161254882813 -0.222518920898438 -0.164047241210938
-0.0126190185546875 0.1558837890625 -0.121536254882812 -0.222259521484375
-0.0797195434570312 0.135787963867187 0.02044677734375 -0.202590942382813
-0.180435180664063 0.0356292724609375 0.105422973632812 -0.104637145996094
-0.243179321289063 -0.0387115478515625 0.00606155395507811 -0.00309562683105469
-0.259384155273438 -0.0947113037109375 -0.0275115966796875 -0.055419921875
-0.201187133789063 0.0562896728515625 -0.3245849609375 -0.36474609375
-0.125923156738281 0.109588623046875 -0.28192138671875 -0.142547607421875
-0.0224990844726562 0.114639282226563 -0.114990234375 -0.0150909423828125
0.031951904296875 0.0630836486816406 -0.0626602172851562 -0.0916595458984375
0.0347576141357422 0.0279464721679687 -0.119979858398437 -0.126449584960938
0.0300445556640625 0.0201683044433594 -0.214691162109375 -0.100631713867188
0.0175724029541016 0.0285472869873047 -0.279083251953125 -0.03857421875
0.0240631103515625 0.0310840606689453 -0.294769287109375 -0.017852783203125
0.0213508605957031 0.0501251220703125 -0.299163818359375 -0.0780029296875
-0.0162086486816406 0.0429763793945313 -0.239013671875 -0.186111450195312
-0.0397300720214844 0.0237998962402344 -0.11602783203125 -0.225784301757812
-0.0284919738769531 0.0053558349609375 0.0234375 -0.191268920898437
-0.0297641754150391 -0.00844383239746093 0.07647705078125 -0.0804061889648437
-0.0670700073242188 0.0148239135742187 -0.0474281311035156 -0.00229263305664063
-0.127571105957031 0.01568603515625 -0.0936508178710938 -0.103744506835937
-0.02752685546875 -0.148834228515625 0.1630859375 0.069854736328125
-0.142013549804688 -0.0792083740234375 0.0598106384277344 -0.0209083557128906
-0.127937316894531 0.0670623779296875 -0.0867996215820313 0.0399551391601563
-0.0190582275390625 0.131759643554688 -0.038299560546875 0.187881469726563
0.053253173828125 0.100799560546875 0.0968170166015625 0.220443725585938
0.105995178222656 0.0363616943359375 0.259521484375 0.162612915039063
0.115501403808594 0.00154876708984375 0.3270263671875 0.058258056640625
0.0948410034179688 0.0156707763671875 0.298919677734375 0.004852294921875
0.0975341796875 0.0288925170898437 0.270950317382813 0.030792236328125
0.0605545043945313 0.0790557861328125 0.215484619140625 0.10137939453125
-0.014068603515625 0.0920944213867188 0.131080627441406 0.0862884521484375
-0.0840377807617188 0.0439987182617188 0.0911788940429688 0.048828125
-0.0905609130859375 -0.06549072265625 0.186187744140625 0.0394287109375
-0.0115890502929688 -0.140357971191406 0.3587646484375 0.115325927734375
0.0749893188476562 -0.12286376953125 0.387359619140625 0.42181396484375
-0.183380126953125 -0.246246337890625 0.141265869140625 0.0265350341796875
-0.294525146484375 -0.11102294921875 0.0404014587402344 -0.0371894836425781
-0.263137817382813 0.092559814453125 -0.0886306762695313 0.0205764770507813
-0.096588134765625 0.227279663085938 -0.0459136962890625 0.153671264648438
0.0498199462890625 0.2142333984375 0.0561065673828125 0.181121826171875
0.18231201171875 0.132003784179688 0.205474853515625 0.142852783203125
0.220260620117188 0.0569000244140625 0.267669677734375 0.0599822998046875
0.19189453125 0.06695556640625 0.23980712890625 0.007537841796875
0.205734252929688 0.09039306640625 0.212615966796875 0.019012451171875
0.14129638671875 0.167816162109375 0.174148559570313 0.0694122314453125
0.00352478027343748 0.20574951171875 0.10784912109375 0.0371627807617188
-0.124908447265625 0.15106201171875 0.0973129272460937 0.00273895263671876
-0.211990356445313 -0.0247039794921875 0.21710205078125 -0.000518798828125002
-0.175033569335938 -0.164749145507812 0.38128662109375 0.090545654296875
-0.0847320556640625 -0.200912475585938 0.41156005859375 0.3865966796875
-0.313751220703125 -0.3062744140625 0.0854873657226562 -0.0503082275390625
-0.412261962890625 -0.12445068359375 -0.00583267211914064 -0.0636825561523438
-0.364959716796875 0.114044189453125 -0.0930709838867188 0.0067901611328125
-0.161163330078125 0.300048828125 -0.0479965209960938 0.111839294433594
0.04034423828125 0.303955078125 0.0158157348632812 0.123046875
0.234588623046875 0.210601806640625 0.128616333007813 0.102516174316406
0.29278564453125 0.10321044921875 0.1715087890625 0.0518798828125
0.262435913085938 0.1090087890625 0.143890380859375 0.00889587402343751
0.286712646484375 0.136322021484375 0.118827819824219 0.00401306152343751
0.20794677734375 0.233016967773438 0.104339599609375 0.024871826171875
0.02728271484375 0.299163818359375 0.0680122375488281 -0.0262031555175781
-0.148147583007813 0.252334594726563 0.09686279296875 -0.0555038452148437
-0.31854248046875 0.031585693359375 0.238082885742187 -0.0459136962890625
-0.33123779296875 -0.164031982421875 0.3690185546875 0.062164306640625
-0.23974609375 -0.253341674804687 0.387481689453125 0.318084716796875
-0.4019775390625 -0.309661865234375 0.00141906738281246 -0.141250610351563
-0.477447509765625 -0.103668212890625 -0.0724563598632813 -0.09112548828125
-0.413116455078125 0.139373779296875 -0.0981674194335938 -0.0032806396484375
-0.19134521484375 0.341522216796875 -0.0464706420898438 0.0594902038574219
0.0345458984375 0.350616455078125 -0.0268058776855469 0.0514602661132813
0.255416870117188 0.255264282226563 0.0357475280761719 0.0498199462890625
0.32373046875 0.1336669921875 0.0531845092773438 0.036895751953125
0.293243408203125 0.133697509765625 0.0260715484619141 0.00927734375000001
0.32379150390625 0.16290283203125 0.00330924987792971 -0.0119943618774414
0.245498657226563 0.266677856445313 0.0121173858642578 -0.0262622833251953
0.04681396484375 0.35418701171875 0.0096893310546875 -0.0939712524414062
-0.15380859375 0.324920654296875 0.080047607421875 -0.116683959960937
-0.388702392578125 0.0869140625 0.231475830078125 -0.088531494140625
-0.445648193359375 -0.142578125 0.31072998046875 0.032440185546875
-0.35699462890625 -0.269866943359375 0.3121337890625 0.225250244140625
-0.434234619140625 -0.26153564453125 -0.098785400390625 -0.23162841796875
-0.47412109375 -0.0561523437500001 -0.1458740234375 -0.11444091796875
-0.39288330078125 0.1580810546875 -0.102775573730469 -0.0110549926757812
-0.181671142578125 0.335235595703125 -0.0466461181640625 0.000293731689453136
0.03204345703125 0.341644287109375 -0.0696487426757812 -0.0264739990234375
0.24127197265625 0.25665283203125 -0.0622291564941406 -0.00878143310546873
0.306121826171875 0.141021728515625 -0.0713424682617187 0.0158233642578125
0.280853271484375 0.138275146484375 -0.0946197509765625 0.00797271728515628
0.312713623046875 0.167510986328125 -0.116302490234375 -0.0256729125976563
0.237869262695313 0.262664794921875 -0.0908050537109375 -0.0764617919921875
0.049041748046875 0.351470947265625 -0.0582275390625 -0.154754638671875
-0.142059326171875 0.33648681640625 0.0501251220703125 -0.168670654296875
-0.396087646484375 0.113250732421875 0.195846557617188 -0.11846923828125
-0.478271484375 -0.111083984375 0.209396362304687 0.0115814208984375
-0.40673828125 -0.249114990234375 0.19525146484375 0.119781494140625
-0.40618896484375 -0.173248291015625 -0.20037841796875 -0.304595947265625
-0.40167236328125 0.00338745117187499 -0.212677001953125 -0.129180908203125
-0.305633544921875 0.159027099609375 -0.104698181152344 -0.0178985595703125
-0.132476806640625 0.27716064453125 -0.050384521484375 -0.0544204711914062
0.03082275390625 0.273651123046875 -0.105911254882813 -0.0908889770507813
0.193252563476563 0.211959838867188 -0.14825439453125 -0.05853271484375
0.241607666015625 0.125579833984375 -0.180740356445312 -0.00514221191406252
0.225997924804687 0.122467041015625 -0.20025634765625 0.00453186035156253
0.250686645507813 0.151153564453125 -0.219146728515625 -0.039581298828125
0.1820068359375 0.221908569335938 -0.181304931640625 -0.120803833007812
0.026397705078125 0.286956787109375 -0.112945556640625 -0.199417114257812
-0.120086669921875 0.270492553710938 0.0206298828125 -0.200668334960937
-0.327056884765625 0.091461181640625 0.144302368164063 -0.1263427734375
-0.41033935546875 -0.07916259765625 0.0953521728515625 -0.0013275146484375
-0.376129150390625 -0.19189453125 0.0684089660644531 0.0164108276367187
-0.32513427734375 -0.05877685546875 -0.291046142578125 -0.3525390625
-0.277236938476563 0.0641174316406249 -0.26617431640625 -0.136154174804687
-0.170974731445312 0.141998291015625 -0.109748840332031 -0.0174102783203125
-0.05535888671875 0.17669677734375 -0.0582046508789062 -0.086761474609375
0.0321502685546875 0.161666870117188 -0.127059936523438 -0.125755310058594
0.119522094726563 0.130668640136719 -0.207183837890625 -0.0894775390625
0.14239501953125 0.0880889892578125 -0.258331298828125 -0.0204620361328125
0.138069152832031 0.0865097045898437 -0.2747802734375 0.000473022460937526
0.15081787109375 0.11334228515625 -0.290069580078125 -0.053741455078125
0.0897064208984375 0.149002075195313 -0.2410888671875 -0.155715942382813
-0.0110015869140625 0.173171997070313 -0.13995361328125 -0.223297119140625
-0.0859832763671875 0.148971557617188 0.00733947753906248 -0.209808349609375
-0.197052001953125 0.0385894775390625 0.0980911254882813 -0.112411499023438
-0.259674072265625 -0.0416412353515625 -0.000465393066406266 -0.00556087493896485
-0.273452758789063 -0.101699829101563 -0.0396614074707031 -0.0678367614746094
-0.201690673828125 0.0570526123046875 -0.360931396484375 -0.371795654296875
-0.127128601074219 0.107772827148438 -0.306793212890625 -0.13299560546875
-0.0257568359375 0.11187744140625 -0.120292663574219 -0.00583648681640624
0.0256729125976562 0.0638236999511719 -0.0679092407226563 -0.0896987915039062
0.0320854187011719 0.0332965850830078 -0.130409240722656 -0.12652587890625
0.0308113098144531 0.0301914215087891 -0.229141235351563 -0.0955810546875
0.0237464904785156 0.037353515625 -0.293121337890625 -0.02801513671875
0.0298500061035156 0.0380401611328125 -0.307861328125 -0.00424194335937496
0.0289726257324219 0.0594253540039062 -0.31756591796875 -0.065704345703125
-0.0135383605957031 0.0564651489257813 -0.260635375976563 -0.1802978515625
-0.0463409423828125 0.0368003845214844 -0.13427734375 -0.22955322265625
-0.0387840270996094 0.0101242065429687 0.012054443359375 -0.19970703125
-0.0401153564453125 -0.0144996643066406 0.070953369140625 -0.0856094360351563
-0.072235107421875 0.00610351562499999 -0.0557098388671875 -0.00392913818359375
-0.128776550292969 0.00920104980468752 -0.108665466308594 -0.118537902832031
-0.0402984619140625 -0.139533996582031 0.177581787109375 0.0780181884765625
-0.145050048828125 -0.0605010986328125 0.0670814514160156 -0.0179290771484375
-0.11651611328125 0.0787811279296875 -0.0814056396484375 0.046417236328125
-0.00299835205078126 0.129669189453125 -0.0261077880859375 0.191314697265625
0.06341552734375 0.0920486450195312 0.113662719726562 0.216415405273438
0.106285095214844 0.0219039916992187 0.275253295898438 0.146957397460938
0.113250732421875 -0.0138168334960937 0.33782958984375 0.036407470703125
0.0944900512695313 0.00261688232421875 0.306915283203125 -0.01446533203125
0.098907470703125 0.0147323608398438 0.280715942382813 0.0146026611328125
0.0690879821777344 0.0689849853515625 0.229446411132813 0.0909881591796875
-0.00165557861328124 0.0900497436523437 0.138191223144531 0.0824356079101563
-0.0758056640625 0.0517425537109375 0.0931854248046875 0.0444488525390625
-0.0939178466796875 -0.0518569946289062 0.192291259765625 0.0230255126953125
-0.0255203247070313 -0.132919311523437 0.37530517578125 0.093017578125
0.05987548828125 -0.125099182128906 0.425201416015625 0.409027099609375
-0.206863403320312 -0.232345581054688 0.151168823242188 0.03594970703125
-0.30474853515625 -0.0857543945312501 0.0455169677734375 -0.0323638916015625
-0.255691528320312 0.112960815429687 -0.0833969116210938 0.028533935546875
-0.077911376953125 0.233489990234375 -0.03582763671875 0.158859252929688
0.0671539306640625 0.209884643554688 0.07073974609375 0.181930541992188
0.1915283203125 0.116928100585938 0.219802856445313 0.133255004882813
0.225112915039063 0.03662109375 0.280014038085937 0.0441436767578125
0.199005126953125 0.049041748046875 0.249435424804688 -0.0060882568359375
0.21600341796875 0.070648193359375 0.221267700195312 0.009063720703125
0.158599853515625 0.155670166015625 0.186141967773438 0.0645751953125
0.0237579345703125 0.209304809570312 0.110977172851563 0.035400390625
-0.113906860351563 0.165634155273438 0.0940933227539062 -0.00162506103515624
-0.22100830078125 -0.00405883789062505 0.219131469726563 -0.0186614990234375
-0.197952270507813 -0.150192260742188 0.393341064453125 0.066497802734375
-0.109664916992188 -0.199432373046875 0.442291259765625 0.373016357421875
-0.344390869140625 -0.288970947265625 0.0877304077148437 -0.038818359375
-0.427764892578125 -0.094696044921875 -0.0039939880371094 -0.0552597045898438
-0.36395263671875 0.141204833984375 -0.0893783569335938 0.0161514282226563
-0.1422119140625 0.314300537109375 -0.0397872924804688 0.11834716796875
0.063812255859375 0.3043212890625 0.025970458984375 0.1280517578125
0.25091552734375 0.195404052734375 0.139289855957031 0.0998153686523438
0.306182861328125 0.08087158203125 0.183822631835938 0.0437164306640625
0.275665283203125 0.088287353515625 0.1533203125 0.00263977050781251
0.303131103515625 0.114837646484375 0.125625610351563 0.00210571289062501
0.232437133789063 0.220596313476563 0.112098693847656 0.0255508422851563
0.05230712890625 0.30499267578125 0.0643272399902344 -0.0260848999023437
-0.13372802734375 0.272003173828125 0.0882720947265625 -0.0596160888671875
-0.329254150390625 0.0581970214843749 0.234588623046875 -0.06536865234375
-0.358917236328125 -0.143463134765625 0.37664794921875 0.03955078125
-0.270950317382813 -0.246627807617187 0.41107177734375 0.303924560546875
-0.43585205078125 -0.292510986328125 -0.00583648681640629 -0.1278076171875
-0.496673583984375 -0.0726318359374999 -0.0747833251953125 -0.0780487060546875
-0.416473388671875 0.171844482421875 -0.0954208374023438 0.00860595703125003
-0.174560546875 0.36181640625 -0.0413780212402344 0.0664939880371094
0.061370849609375 0.3563232421875 -0.0223731994628906 0.0585060119628906
0.277725219726563 0.243515014648438 0.0418624877929688 0.0535621643066406
0.341766357421875 0.111114501953125 0.0634002685546875 0.036651611328125
0.310821533203125 0.11419677734375 0.0345268249511719 0.0111236572265625
0.345611572265625 0.142578125 0.00667572021484377 -0.0048847198486328
0.272247314453125 0.25537109375 0.0138053894042969 -0.0200424194335937
0.0738525390625 0.3619384765625 -3.81469726562533E-05 -0.090484619140625
-0.137237548828125 0.34735107421875 0.0672683715820313 -0.119827270507812
-0.398956298828125 0.11669921875 0.2230224609375 -0.106246948242187
-0.473052978515625 -0.11761474609375 0.3131103515625 0.013946533203125
-0.389801025390625 -0.259765625 0.32568359375 0.212127685546875
-0.464263916015625 -0.246368408203125 -0.11663818359375 -0.217132568359375
-0.492279052734375 -0.0290832519531249 -0.153457641601563 -0.0971221923828125
-0.40057373046875 0.188934326171875 -0.101455688476563 0.00131225585937499
-0.167938232421875 0.3582763671875 -0.0451736450195313 0.00754547119140628
0.056671142578125 0.3515625 -0.07061767578125 -0.016937255859375
0.265838623046875 0.249679565429688 -0.0621147155761719 0.000797271728515653
0.32647705078125 0.123382568359375 -0.0650520324707031 0.02392578125
0.299163818359375 0.12249755859375 -0.0891036987304687 0.01806640625
0.334930419921875 0.15045166015625 -0.116477966308594 -0.0113754272460938
0.2635498046875 0.254791259765625 -0.0949859619140625 -0.0638046264648437
0.07391357421875 0.361907958984375 -0.0725860595703125 -0.147918701171875
-0.127960205078125 0.35662841796875 0.0336761474609375 -0.170364379882812
-0.405853271484375 0.140228271484375 0.183944702148438 -0.132278442382813
-0.503143310546875 -0.0872802734375 0.206741333007812 -0.000534057617187505
-0.435821533203125 -0.23870849609375 0.198043823242187 0.108993530273437
-0.429046630859375 -0.162078857421875 -0.227081298828125 -0.290435791015625
-0.41741943359375 0.0229797363281251 -0.225631713867188 -0.110260009765625
-0.313720703125 0.181915283203125 -0.105186462402344 -0.0057525634765625
-0.1246337890625 0.295989990234375 -0.0535545349121094 -0.04766845703125
0.050018310546875 0.284149169921875 -0.1136474609375 -0.080810546875
0.214248657226563 0.21087646484375 -0.153411865234375 -0.04443359375
0.2611083984375 0.114608764648438 -0.179428100585937 0.00971984863281247
0.243789672851563 0.112350463867188 -0.197891235351562 0.0206756591796875
0.272293090820313 0.140167236328125 -0.224136352539062 -0.0196228027343749
0.20306396484375 0.220291137695313 -0.191009521484375 -0.104293823242188
0.04461669921875 0.299285888671875 -0.131118774414062 -0.190582275390625
-0.111907958984375 0.28753662109375 0.00285339355468747 -0.201248168945312
-0.33770751953125 0.1112060546875 0.131309509277344 -0.134529113769531
-0.430633544921875 -0.061737060546875 0.0890960693359375 -0.00676727294921875
-0.397064208984375 -0.184326171875 0.062103271484375 0.00873565673828124
-0.335113525390625 -0.0517578125 -0.32391357421875 -0.339874267578125
-0.283599853515625 0.0733642578125 -0.28271484375 -0.116180419921875
-0.176910400390625 0.152908325195313 -0.111343383789063 -0.00563049316406247
-0.0549774169921875 0.188873291015625 -0.0634918212890625 -0.0815582275390625
0.0411834716796875 0.17047119140625 -0.137664794921875 -0.117225646972656
0.132530212402344 0.134483337402344 -0.215789794921875 -0.07427978515625
0.157608032226563 0.0854949951171875 -0.261947631835938 -0.00231933593749999
0.151199340820313 0.0837249755859375 -0.276229858398437 0.020416259765625
0.167251586914062 0.110504150390625 -0.298553466796875 -0.0306396484375
0.104583740234375 0.154434204101563 -0.256149291992188 -0.1375732421875
-0.00265502929687499 0.186004638671875 -0.159439086914063 -0.21527099609375
-0.08612060546875 0.160980224609375 -0.0105438232421875 -0.210708618164062
-0.208541870117188 0.0471649169921875 0.08709716796875 -0.117210388183594
-0.272415161132813 -0.0352325439453125 -0.00751209259033205 -0.00649070739746094
-0.28436279296875 -0.098968505859375 -0.0528182983398438 -0.07464599609375
-0.197647094726563 0.060302734375 -0.39678955078125 -0.359710693359375
-0.124298095703125 0.107330322265625 -0.326446533203125 -0.113128662109375
-0.0271835327148438 0.109107971191406 -0.121726989746094 0.00548553466796877
0.020538330078125 0.0650901794433594 -0.073455810546875 -0.0844955444335938
0.0296897888183594 0.0384902954101563 -0.140228271484375 -0.1201171875
0.0350723266601562 0.038360595703125 -0.239700317382812 -0.082366943359375
0.0317649841308594 0.0433387756347656 -0.300750732421875 -0.00961303710937503
0.0368232727050781 0.0429573059082031 -0.313079833984375 0.016876220703125
0.0391044616699219 0.0648880004882813 -0.329345703125 -0.04376220703125
-0.00754928588867187 0.0678634643554687 -0.279525756835938 -0.163223266601563
-0.0481681823730469 0.0503501892089844 -0.154205322265625 -0.222808837890625
-0.0464630126953125 0.0166168212890625 -0.00357055664062499 -0.201858520507812
-0.0506591796875 -0.0172500610351562 0.06170654296875 -0.0894393920898438
-0.0772018432617188 -0.000228881835937487 -0.0629234313964844 -0.00298690795898436
-0.128440856933594 0.00520324707031248 -0.126495361328125 -0.126609802246094
-0.0484771728515625 -0.126594543457031 0.188934326171875 0.0811767578125
-0.141815185546875 -0.0428466796875 0.0723724365234375 -0.0159835815429688
-0.1025390625 0.0845184326171875 -0.0743331909179687 0.0492706298828125
0.0096893310546875 0.1214599609375 -0.014068603515625 0.189041137695312
0.068450927734375 0.0808868408203125 0.124908447265625 0.2061767578125
0.102066040039062 0.00937652587890625 0.28106689453125 0.127777099609375
0.10638427734375 -0.0260086059570312 0.337127685546875 0.015899658203125
0.089935302734375 -0.0084228515625 0.3037109375 -0.03094482421875
0.0953750610351562 0.00211334228515625 0.280288696289062 -0.000457763671875
0.07281494140625 0.056488037109375 0.235549926757813 0.0779571533203125
0.00826263427734376 0.084686279296875 0.142074584960938 0.0764312744140625
-0.0664749145507812 0.0565452575683594 0.0922927856445312 0.0401229858398437
-0.0920944213867187 -0.03912353515625 0.189926147460938 0.006866455078125
-0.035400390625 -0.120712280273438 0.377685546875 0.068450927734375
0.0450057983398438 -0.121330261230469 0.44549560546875 0.38421630859375
-0.21929931640625 -0.21246337890625 0.159011840820313 0.04254150390625
-0.30224609375 -0.060943603515625 0.0506935119628906 -0.0273208618164063
-0.241958618164062 0.12725830078125 -0.0765304565429688 0.0338592529296875
-0.0610504150390625 0.23004150390625 -0.025115966796875 0.158767700195313
0.07965087890625 0.198135375976563 0.0810394287109375 0.176223754882813
0.192535400390625 0.0994110107421875 0.2264404296875 0.120147705078125
0.222381591796875 0.0174560546875 0.28350830078125 0.0277099609375
0.197708129882813 0.0320587158203125 0.250152587890625 -0.0190582275390625
0.216812133789063 0.051727294921875 0.223220825195313 -0.000396728515624997
0.169219970703125 0.1396484375 0.191680908203125 0.0564422607421875
0.0407867431640625 0.203659057617188 0.111320495605469 0.0329666137695313
-0.10015869140625 0.173553466796875 0.0899200439453125 -0.00403594970703124
-0.219650268554688 0.01593017578125 0.212600708007812 -0.0336456298828125
-0.21124267578125 -0.131240844726563 0.39202880859375 0.043609619140625
-0.128768920898438 -0.189163208007812 0.45916748046875 0.349517822265625
-0.360015869140625 -0.265289306640625 0.0905380249023437 -0.0271453857421875
-0.4266357421875 -0.064483642578125 4.19616699218484E-05 -0.0466423034667969
-0.3511962890625 0.162384033203125 -0.0822677612304688 0.0234832763671875
-0.1219482421875 0.316558837890625 -0.0304718017578125 0.120376586914063
0.082366943359375 0.29461669921875 0.0347518920898438 0.127212524414063
0.2584228515625 0.176223754882813 0.146255493164063 0.0938568115234375
0.306121826171875 0.0582275390625 0.18890380859375 0.0336151123046875
0.277603149414062 0.0677490234375 0.156723022460938 -0.0045013427734375
0.3074951171875 0.09161376953125 0.128974914550781 -0.000350952148437494
0.24530029296875 0.20233154296875 0.117378234863281 0.022613525390625
0.073455810546875 0.30010986328125 0.0608062744140625 -0.0245933532714844
-0.116348266601563 0.281143188476562 0.0795669555664062 -0.0608062744140625
-0.327545166015625 0.081573486328125 0.223007202148437 -0.07861328125
-0.372100830078125 -0.11871337890625 0.370697021484375 0.019073486328125
-0.29119873046875 -0.231658935546875 0.422088623046875 0.283355712890625
-0.451812744140625 -0.26776123046875 -0.00961303710937503 -0.112068176269531
-0.49755859375 -0.0422058105468749 -0.0724563598632813 -0.064849853515625
-0.406341552734375 0.19586181640625 -0.0891647338867188 0.0167999267578125
-0.15362548828125 0.36907958984375 -0.0351333618164063 0.0704879760742188
0.08282470703125 0.349151611328125 -0.0161666870117187 0.0626754760742188
0.2900390625 0.22528076171875 0.0481109619140625 0.0550689697265625
0.346435546875 0.0880126953125 0.0704269409179688 0.0340499877929688
0.315673828125 0.093170166015625 0.040985107421875 0.0109024047851563
0.353057861328125 0.118072509765625 0.0106840133666992 0.000532150268554695
0.28741455078125 0.2373046875 0.0170135498046875 -0.0150632858276367
0.09710693359375 0.358795166015625 -0.00714111328124999 -0.0838623046875
-0.11810302734375 0.355194091796875 0.0540237426757813 -0.118217468261719
-0.3961181640625 0.140899658203125 0.208892822265625 -0.11712646484375
-0.48504638671875 -0.090484619140625 0.30364990234375 -0.00210571289062501
-0.407989501953125 -0.2413330078125 0.32928466796875 0.1943359375
-0.477752685546875 -0.225372314453125 -0.126785278320313 -0.19757080078125
-0.494232177734375 -0.00256347656249997 -0.153854370117188 -0.0800628662109375
-0.393402099609375 0.212554931640625 -0.0956039428710938 0.0109100341796875
-0.150390625 0.369049072265625 -0.0421905517578125 0.0136833190917969
0.0783996582031251 0.34747314453125 -0.0694427490234375 -0.00847244262695309
0.280426025390625 0.23504638671875 -0.0578193664550781 0.00978088378906253
0.3341064453125 0.10272216796875 -0.0570487976074219 0.0295143127441406
0.30670166015625 0.103607177734375 -0.0805587768554688 0.0248260498046875
0.346099853515625 0.129241943359375 -0.112152099609375 0.00151824951171877
0.279296875 0.240219116210938 -0.0933609008789062 -0.0517578125
0.094268798828125 0.359527587890625 -0.082489013671875 -0.136344909667969
-0.10992431640625 0.36456298828125 0.0188751220703125 -0.166000366210937
-0.402679443359375 0.16229248046875 0.168136596679687 -0.13848876953125
-0.511627197265625 -0.05999755859375 0.19781494140625 -0.0100250244140625
-0.4505615234375 -0.219390869140625 0.194869995117187 0.097137451171875
-0.436309814453125 -0.145965576171875 -0.242752075195312 -0.267593383789063
-0.41864013671875 0.040283203125 -0.228439331054688 -0.090179443359375
-0.31170654296875 0.19927978515625 -0.101234436035156 0.00489044189453124
-0.113525390625 0.30615234375 -0.0539474487304687 -0.0404472351074219
0.066253662109375 0.28485107421875 -0.115623474121094 -0.068878173828125
0.228347778320313 0.202072143554688 -0.152175903320313 -0.0308685302734375
0.270736694335938 0.099945068359375 -0.172943115234375 0.0214385986328125
0.252456665039063 0.0991363525390625 -0.189346313476562 0.033477783203125
0.28302001953125 0.125213623046875 -0.219009399414063 -0.00152587890625002
0.217941284179688 0.211944580078125 -0.192596435546875 -0.0869293212890625
0.061370849609375 0.301116943359375 -0.141708374023437 -0.175872802734375
-0.099517822265625 0.2958984375 -0.0119781494140625 -0.194839477539062
-0.3372802734375 0.12744140625 0.117088317871094 -0.136978149414063
-0.4381103515625 -0.0429687499999999 0.0812759399414062 -0.00962066650390625
-0.405609130859375 -0.170166015625 0.0537033081054687 0.00208663940429686
-0.335784912109375 -0.043609619140625 -0.343994140625 -0.315673828125
-0.282257080078125 0.080474853515625 -0.288543701171875 -0.0948486328125001
-0.17779541015625 0.16033935546875 -0.108100891113281 0.00432586669921874
-0.052490234375 0.194976806640625 -0.0653533935546875 -0.0734329223632812
0.049957275390625 0.17315673828125 -0.141830444335937 -0.105514526367188
0.142959594726563 0.133468627929687 -0.216812133789063 -0.0587921142578125
0.166778564453125 0.079345703125 -0.256484985351563 0.0131988525390625
0.158432006835938 0.077484130859375 -0.268814086914063 0.03717041015625
0.177749633789062 0.103530883789062 -0.29595947265625 -0.00885009765625004
0.116775512695313 0.15313720703125 -0.260223388671875 -0.116622924804687
0.00689697265625002 0.192886352539063 -0.1715087890625 -0.200180053710938
-0.0823974609375 0.16912841796875 -0.0246429443359375 -0.2042236328125
-0.213287353515625 0.0550689697265625 0.075164794921875 -0.117362976074219
-0.27850341796875 -0.0286865234374999 -0.0136594772338867 -0.00519275665283203
-0.288299560546875 -0.0932312011718751 -0.0653915405273438 -0.0774383544921875
-0.190170288085938 0.0611724853515625 -0.417205810546875 -0.336883544921875
-0.120803833007813 0.104301452636719 -0.332305908203125 -0.091644287109375
-0.02923583984375 0.105659484863281 -0.118606567382813 0.01519775390625
0.015777587890625 0.066558837890625 -0.0758132934570313 -0.0775833129882813
0.0283889770507813 0.0421905517578125 -0.145278930664063 -0.11016845703125
0.0398368835449219 0.0442886352539063 -0.242095947265625 -0.0681915283203125
0.0396919250488281 0.0457992553710938 -0.298004150390625 0.00732421874999996
0.0430831909179688 0.0445785522460938 -0.30743408203125 0.0347900390625001
0.0480804443359375 0.0662117004394531 -0.32952880859375 -0.021087646484375
0.000953674316406243 0.0750198364257813 -0.28643798828125 -0.14093017578125
-0.0462493896484375 0.0614471435546875 -0.166656494140625 -0.209136962890625
-0.0511741638183594 0.0235748291015625 -0.01776123046875 -0.19732666015625
-0.0602912902832031 -0.0175285339355469 0.0526809692382812 -0.0884475708007813
-0.0817489624023437 -0.00438690185546874 -0.067047119140625 -0.00184631347656249
-0.126274108886719 0.00183105468749999 -0.140625 -0.1292724609375
-0.050323486328125 -0.114509582519531 0.196640014648437 0.0868988037109375
-0.134056091308594 -0.0313796997070312 0.0770492553710937 -0.0126953125
-0.0911026000976563 0.0842361450195313 -0.0677986145019531 0.0492515563964844
0.0161972045898438 0.111564636230469 -0.00833129882812498 0.183792114257812
0.0691986083984375 0.071502685546875 0.127655029296875 0.1959228515625
0.0958709716796875 0.00225067138671875 0.277877807617188 0.116180419921875
0.0990447998046875 -0.0322341918945313 0.330780029296875 0.005279541015625
0.0834884643554688 -0.0154266357421875 0.29736328125 -0.038543701171875
0.0894546508789063 -0.00673675537109375 0.27703857421875 -0.0077362060546875
0.0727386474609375 0.0465011596679687 0.234329223632813 0.070068359375
0.0144805908203125 0.07794189453125 0.141098022460938 0.0723724365234375
-0.0584869384765625 0.0565261840820312 0.08941650390625 0.03814697265625
-0.087493896484375 -0.0298538208007813 0.184524536132813 -0.000991821289062502
-0.0399856567382813 -0.109825134277344 0.371612548828125 0.056182861328125
0.0345230102539063 -0.113761901855469 0.44732666015625 0.370208740234375
-0.22100830078125 -0.196853637695313 0.165069580078125 0.05108642578125
-0.293212890625 -0.045928955078125 0.0552177429199219 -0.0219688415527344
-0.22906494140625 0.130279541015625 -0.070587158203125 0.0348587036132813
-0.05072021484375 0.221359252929687 -0.019317626953125 0.155593872070313
0.083343505859375 0.187744140625 0.08514404296875 0.170074462890625
0.188156127929688 0.08892822265625 0.226089477539062 0.111541748046875
0.214569091796875 0.007232666015625 0.280319213867188 0.0185699462890625
0.191696166992188 0.0220184326171875 0.246170043945313 -0.024810791015625
0.211700439453125 0.0387115478515625 0.2218017578125 -0.0047454833984375
0.170974731445313 0.1263427734375 0.19317626953125 0.0513458251953125
0.0498809814453125 0.196319580078125 0.10906982421875 0.0318603515625
-0.0899658203125 0.175338745117187 0.0847091674804688 -0.00378417968749999
-0.214874267578125 0.027313232421875 0.203689575195312 -0.0410003662109375
-0.215972900390625 -0.116653442382813 0.3836669921875 0.03314208984375
-0.13916015625 -0.180252075195313 0.457977294921875 0.335968017578125
-0.3619384765625 -0.247894287109375 0.0947341918945312 -0.0154037475585938
-0.41778564453125 -0.0484313964843751 0.0050544738769531 -0.0388908386230469
-0.338897705078125 0.169708251953125 -0.0757675170898438 0.0260086059570313
-0.10992431640625 0.310943603515625 -0.0250167846679687 0.119461059570313
0.0897216796875 0.283447265625 0.0390701293945313 0.124969482421875
0.256744384765625 0.163742065429688 0.14874267578125 0.090087890625
0.3006591796875 0.044281005859375 0.19140625 0.0272064208984375
0.273941040039063 0.055572509765625 0.157943725585938 -0.008148193359375
0.304931640625 0.076263427734375 0.13067626953125 -0.000297546386718745
0.249069213867187 0.188156127929688 0.119949340820313 0.0224533081054688
0.0849609375 0.293060302734375 0.0582923889160156 -0.021209716796875
-0.10614013671875 0.281524658203125 0.0724258422851563 -0.0577011108398437
-0.322418212890625 0.0933532714843751 0.212020874023437 -0.083221435546875
-0.3759765625 -0.10308837890625 0.36065673828125 0.01055908203125
-0.298828125 -0.220123291015625 0.4178466796875 0.271270751953125
-0.45220947265625 -0.25140380859375 -0.00744628906250003 -0.0970840454101563
-0.48883056640625 -0.027252197265625 -0.0673027038574219 -0.0549850463867187
-0.396759033203125 0.205230712890625 -0.0818328857421875 0.0204849243164063
-0.141326904296875 0.366973876953125 -0.029937744140625 0.0722808837890625
0.092437744140625 0.3399658203125 -0.01202392578125 0.0649490356445313
0.291778564453125 0.212615966796875 0.0521736145019531 0.0561447143554688
0.342926025390625 0.07318115234375 0.0757217407226563 0.0318603515625
0.313201904296875 0.080474853515625 0.0459632873535157 0.0108642578125
0.35247802734375 0.10296630859375 0.0152406692504883 0.00486087799072266
0.29217529296875 0.224029541015625 0.0208263397216797 -0.0112876892089844
0.10821533203125 0.351593017578125 -0.0105361938476562 -0.0769119262695312
-0.10662841796875 0.355255126953125 0.046112060546875 -0.112594604492187
-0.391082763671875 0.1513671875 0.195358276367187 -0.1190185546875
-0.486968994140625 -0.07464599609375 0.292877197265625 -0.00796508789062501
-0.412353515625 -0.230072021484375 0.32257080078125 0.1859130859375
-0.47796630859375 -0.213470458984375 -0.127197265625 -0.179351806640625
-0.48895263671875 0.00894165039062495 -0.149032592773438 -0.0685272216796875
-0.387237548828125 0.22320556640625 -0.0889434814453125 0.016021728515625
-0.139801025390625 0.369842529296875 -0.0388412475585938 0.0171966552734375
0.088714599609375 0.341094970703125 -0.0660820007324219 -0.00236892700195309
0.28436279296875 0.22503662109375 -0.0528793334960937 0.0150604248046875
0.333343505859375 0.089996337890625 -0.0500297546386719 0.0305519104003906
0.306671142578125 0.09326171875 -0.0733413696289062 0.0276412963867188
0.346435546875 0.116424560546875 -0.105377197265625 0.00972747802734376
0.2847900390625 0.228668212890625 -0.0889739990234375 -0.0439834594726562
0.105255126953125 0.35577392578125 -0.0856094360351563 -0.126296997070312
-0.100494384765625 0.36474609375 0.01007080078125 -0.158187866210937
-0.398712158203125 0.170257568359375 0.155120849609375 -0.13714599609375
-0.5120849609375 -0.0485534667968749 0.188232421875 -0.012420654296875
-0.45294189453125 -0.210601806640625 0.18658447265625 0.0913543701171875
-0.434417724609375 -0.138824462890625 -0.24615478515625 -0.249191284179687
-0.414398193359375 0.0463256835937499 -0.22491455078125 -0.0771331787109375
-0.309814453125 0.20654296875 -0.0959930419921875 0.01019287109375
-0.108154296875 0.3094482421875 -0.0509071350097656 -0.0354270935058594
0.073974609375 0.281951904296875 -0.113510131835937 -0.0611648559570312
0.234130859375 0.196029663085938 -0.1466064453125 -0.022308349609375
0.2733154296875 0.0916290283203125 -0.164215087890625 0.0257720947265625
0.253875732421875 0.091339111328125 -0.180160522460937 0.0381927490234375
0.28570556640625 0.11529541015625 -0.212142944335937 0.00897216796874999
0.223922729492187 0.204818725585937 -0.187789916992188 -0.0756225585937499
0.0692138671875 0.299957275390625 -0.144927978515625 -0.163619995117188
-0.094207763671875 0.296875 -0.019805908203125 -0.186325073242188
-0.3375244140625 0.1334228515625 0.106689453125 -0.132957458496094
-0.436126708984375 -0.0352478027343751 0.0737075805664062 -0.00931549072265625
-0.405853271484375 -0.164581298828125 0.0447769165039062 -0.00107574462890626
-0.3309326171875 -0.0432434082031249 -0.34747314453125 -0.298309326171875
-0.280899047851563 0.078704833984375 -0.28594970703125 -0.0816345214843749
-0.179367065429688 0.161788940429687 -0.1029052734375 0.00958251953125002
-0.0529327392578125 0.198822021484375 -0.0644149780273438 -0.0687942504882812
0.0531768798828125 0.175003051757813 -0.140945434570312 -0.0969085693359375
0.148223876953125 0.132156372070313 -0.212020874023438 -0.049285888671875
0.171417236328125 0.0752716064453125 -0.2490234375 0.0196990966796875
0.162139892578125 0.0743560791015625 -0.259017944335938 0.0435333251953125
0.182342529296875 0.0989532470703125 -0.287689208984375 0.00314331054687505
0.123153686523438 0.152999877929688 -0.256423950195312 -0.102752685546875
0.012664794921875 0.196365356445313 -0.174514770507813 -0.188217163085937
-0.0813751220703125 0.172393798828125 -0.0320281982421875 -0.195602416992188
-0.2159423828125 0.0577850341796875 0.067047119140625 -0.112297058105469
-0.279678344726563 -0.0268707275390625 -0.0185260772705078 -0.00407791137695313
-0.28607177734375 -0.09454345703125 -0.0740890502929688 -0.0799407958984375
-0.18328857421875 0.0549163818359375 -0.42169189453125 -0.32012939453125
-0.118980407714844 0.0966873168945313 -0.3304443359375 -0.07952880859375
-0.0335693359375 0.101661682128906 -0.114036560058594 0.01959228515625
0.0100517272949219 0.0686149597167969 -0.0748291015625 -0.0730667114257812
0.0274581909179688 0.046051025390625 -0.144622802734375 -0.103164672851562
0.0433692932128906 0.0487213134765625 -0.237686157226562 -0.0594329833984375
0.0450706481933594 0.0480918884277344 -0.290985107421875 0.014678955078125
0.0473785400390625 0.0459938049316406 -0.298614501953125 0.0418090820312501
0.05389404296875 0.0673789978027344 -0.322296142578125 -0.008697509765625
0.00750732421875 0.0800018310546875 -0.284820556640625 -0.126434326171875
-0.0437889099121094 0.0691490173339844 -0.170272827148438 -0.197616577148437
-0.0543327331542969 0.028961181640625 -0.0239715576171875 -0.190750122070312
-0.0675888061523438 -0.0174140930175781 0.0468597412109375 -0.0853118896484375
-0.0857696533203125 -0.00874328613281249 -0.071136474609375 -0.000976562500000009
-0.122970581054687 -0.0048370361328125 -0.149948120117187 -0.131179809570313
-0.0489425659179688 -0.106430053710938 0.204986572265625 0.0965576171875
-0.128257751464844 -0.0244827270507813 0.0828781127929688 -0.00821685791015625
-0.084503173828125 0.0819778442382813 -0.0646324157714844 0.0483970642089844
0.0194931030273437 0.104843139648437 -0.00801086425781248 0.181121826171875
0.0684852600097656 0.065216064453125 0.126846313476562 0.191970825195312
0.0914382934570313 -0.00125885009765625 0.275192260742188 0.1126708984375
0.0927047729492188 -0.0362472534179688 0.32940673828125 0.0029296875
0.0792312622070313 -0.019805908203125 0.295562744140625 -0.03912353515625
0.0853042602539062 -0.0129013061523437 0.2767333984375 -0.008880615234375
0.0721435546875 0.0398483276367187 0.235702514648438 0.068115234375
0.0171966552734375 0.072906494140625 0.1407470703125 0.072845458984375
-0.0536422729492188 0.0564384460449219 0.0883865356445313 0.0392227172851563
-0.0831375122070313 -0.0250473022460938 0.1820068359375 -0.0044708251953125
-0.04046630859375 -0.102249145507813 0.370391845703125 0.05364990234375
0.0283584594726563 -0.107345581054688 0.44757080078125 0.371002197265625
-0.220840454101563 -0.190689086914063 0.1727294921875 0.062896728515625
-0.287261962890625 -0.0402221679687499 0.0606689453125 -0.0168418884277344
-0.222900390625 0.129318237304687 -0.0662040710449219 0.0346031188964844
-0.047637939453125 0.216201782226563 -0.017242431640625 0.154937744140625
0.082916259765625 0.182785034179687 0.085845947265625 0.168777465820313
0.184432983398438 0.0844268798828125 0.225509643554688 0.110244750976563
0.209503173828125 0.0024566650390625 0.280868530273438 0.0167999267578125
0.188430786132813 0.017578125 0.246505737304687 -0.0250091552734375
0.209945678710938 0.0321197509765625 0.223312377929688 -0.0039520263671875
0.171951293945313 0.120498657226563 0.19573974609375 0.0504302978515625
0.05377197265625 0.193145751953125 0.108650207519531 0.0339279174804688
-0.086181640625 0.176040649414063 0.082061767578125 -0.00128173828124999
-0.213973999023438 0.03253173828125 0.199493408203125 -0.0431365966796875
-0.21954345703125 -0.109848022460937 0.379364013671875 0.0322265625
-0.145217895507813 -0.176315307617187 0.456268310546875 0.336639404296875
-0.361968994140625 -0.243865966796875 0.101005554199219 -0.00281524658203126
-0.41357421875 -0.0435791015625 0.0103225708007812 -0.0335769653320312
-0.33551025390625 0.1708984375 -0.070587158203125 0.026123046875
-0.107025146484375 0.307830810546875 -0.0225372314453125 0.119606018066406
0.0907440185546875 0.278823852539062 0.041412353515625 0.125457763671875
0.25482177734375 0.159942626953125 0.1502685546875 0.090240478515625
0.297210693359375 0.039337158203125 0.193756103515625 0.0258331298828125
0.270843505859375 0.0507965087890625 0.160232543945313 -0.007354736328125
0.303253173828125 0.07073974609375 0.133224487304688 0.00228118896484375
0.251861572265625 0.18231201171875 0.122673034667969 0.0235519409179688
0.089111328125 0.291717529296875 0.056976318359375 -0.0171585083007812
-0.10302734375 0.283935546875 0.0687713623046875 -0.0531959533691406
-0.3240966796875 0.098114013671875 0.206192016601562 -0.0835723876953125
-0.380950927734375 -0.0971679687500001 0.3553466796875 0.011322021484375
-0.304840087890625 -0.21917724609375 0.41357421875 0.272857666015625
-0.45330810546875 -0.250457763671875 -0.00314331054687503 -0.0847320556640625
-0.485595703125 -0.025299072265625 -0.0620040893554688 -0.0490913391113281
-0.39593505859375 0.208404541015625 -0.0770797729492188 0.0216598510742187
-0.1396484375 0.366851806640625 -0.02667236328125 0.0732650756835938
0.09423828125 0.3382568359375 -0.009429931640625 0.0667762756347656
0.29266357421875 0.209930419921875 0.0557365417480469 0.0582275390625
0.341644287109375 0.0687255859375 0.0800094604492188 0.03118896484375
0.3131103515625 0.076385498046875 0.05029296875 0.01104736328125
0.353546142578125 0.0972900390625 0.0196819305419922 0.00917434692382813
0.29486083984375 0.2197265625 0.0243167877197266 -0.00893974304199217
0.11236572265625 0.351531982421875 -0.0113906860351563 -0.0722274780273437
-0.105560302734375 0.358734130859375 0.0422592163085937 -0.107528686523437
-0.394683837890625 0.15570068359375 0.188751220703125 -0.116897583007813
-0.4930419921875 -0.0694580078124999 0.2867431640625 -0.00616455078125
-0.416778564453125 -0.231201171875 0.315887451171875 0.1866455078125
-0.480224609375 -0.216033935546875 -0.124786376953125 -0.168991088867188
-0.490631103515625 0.00894165039062504 -0.14483642578125 -0.0617828369140625
-0.390106201171875 0.22698974609375 -0.0847930908203125 0.017822265625
-0.14019775390625 0.373077392578125 -0.0359077453613281 0.0190277099609375
0.09124755859375 0.342010498046875 -0.0634040832519531 0.000949859619140658
0.288116455078125 0.2242431640625 -0.0484161376953125 0.0183563232421875
0.334808349609375 0.08587646484375 -0.044464111328125 0.0307846069335938
0.30810546875 0.090576171875 -0.0682563781738281 0.0285072326660156
0.348876953125 0.111968994140625 -0.0999679565429687 0.0144577026367188
0.289093017578125 0.226806640625 -0.0850372314453125 -0.0403671264648437
0.108917236328125 0.35772705078125 -0.0863723754882813 -0.120620727539062
-0.100860595703125 0.3671875 0.00657653808593749 -0.152664184570312
-0.404144287109375 0.173095703125 0.149246215820312 -0.133697509765625
-0.517303466796875 -0.0465087890624999 0.18212890625 -0.0100250244140625
-0.454498291015625 -0.214630126953125 0.1805419921875 0.0911712646484375
-0.43603515625 -0.146026611328125 -0.246063232421875 -0.241729736328125
-0.417694091796875 0.04345703125 -0.223663330078125 -0.0712432861328125
-0.31561279296875 0.21075439453125 -0.0928573608398438 0.0122222900390625
-0.11114501953125 0.31524658203125 -0.0491180419921875 -0.0321884155273437
0.075897216796875 0.2852783203125 -0.110588073730469 -0.0570907592773437
0.23858642578125 0.198028564453125 -0.1424560546875 -0.018585205078125
0.276641845703125 0.0894012451171875 -0.159881591796875 0.02655029296875
0.256484985351563 0.091033935546875 -0.175247192382812 0.0397796630859375
0.290313720703125 0.113494873046875 -0.206634521484375 0.0141754150390625
0.228363037109375 0.205398559570313 -0.183395385742187 -0.0703277587890625
0.071136474609375 0.3043212890625 -0.145523071289063 -0.15869140625
-0.09637451171875 0.3001708984375 -0.02264404296875 -0.180526733398438
-0.343109130859375 0.13385009765625 0.101966857910156 -0.129035949707031
-0.44207763671875 -0.0371704101562501 0.0684814453125 -0.0074615478515625
-0.40618896484375 -0.171844482421875 0.03729248046875 -0.00293350219726564
-0.33209228515625 -0.052490234375 -0.350616455078125 -0.293792724609375
-0.28509521484375 0.07318115234375 -0.286224365234375 -0.0781555175781251
-0.187530517578125 0.163299560546875 -0.101119995117188 0.0116424560546875
-0.057373046875 0.20440673828125 -0.0621681213378906 -0.0659980773925781
0.0533905029296875 0.17913818359375 -0.139442443847656 -0.0936355590820312
0.152984619140625 0.136199951171875 -0.208724975585938 -0.0464324951171875
0.175704956054688 0.0762786865234375 -0.245376586914062 0.020477294921875
0.165359497070312 0.0747528076171875 -0.255111694335938 0.0452728271484375
0.187210083007813 0.0987548828125 -0.284149169921875 0.00781249999999996
0.12835693359375 0.155731201171875 -0.253097534179688 -0.0978393554687499
0.0142059326171875 0.202362060546875 -0.173995971679687 -0.182403564453125
-0.08428955078125 0.17645263671875 -0.03411865234375 -0.191452026367187
-0.223861694335938 0.0574951171875 0.0641021728515625 -0.108367919921875
-0.286407470703125 -0.030487060546875 -0.023122787475586 -0.003143310546875
-0.285003662109375 -0.102783203125 -0.08154296875 -0.0836334228515625
-0.181716918945313 0.0473785400390625 -0.4251708984375 -0.32000732421875
-0.122108459472656 0.0896759033203125 -0.33135986328125 -0.077178955078125
-0.0402450561523438 0.0996627807617187 -0.112358093261719 0.0204925537109375
0.0045013427734375 0.0726699829101563 -0.0727691650390625 -0.0714111328125
0.026092529296875 0.0503654479980469 -0.143035888671875 -0.101303100585937
0.0465660095214844 0.0534934997558594 -0.236190795898438 -0.058197021484375
0.0502777099609375 0.0504493713378906 -0.289093017578125 0.0147399902343749
0.0505409240722656 0.0484352111816406 -0.296142578125 0.042724609375
0.0586814880371094 0.068939208984375 -0.319549560546875 -0.00521850585937493
0.01312255859375 0.08477783203125 -0.2833251953125 -0.12091064453125
-0.0421676635742188 0.0761947631835938 -0.171340942382812 -0.193283081054688
-0.0577659606933594 0.0336875915527344 -0.0260772705078125 -0.187225341796875
-0.0746612548828125 -0.0182723999023437 0.0446701049804688 -0.0821609497070313
-0.0909271240234375 -0.0131607055664062 -0.0750885009765625 -0.00189208984375
-0.122451782226563 -0.0131988525390625 -0.157974243164063 -0.1375732421875
-0.048492431640625 -0.102073669433594 0.219451904296875 0.109237670898438
-0.124908447265625 -0.0203781127929687 0.0912322998046875 -0.0037384033203125
-0.0813064575195312 0.08245849609375 -0.0629005432128906 0.0479202270507812
0.0207138061523438 0.100807189941406 -0.00753784179687501 0.183486938476563
0.0684242248535156 0.0629959106445313 0.128311157226562 0.195175170898437
0.090118408203125 -0.00394439697265625 0.279876708984375 0.114822387695313
0.0899581909179688 -0.0390853881835938 0.336273193359375 0.003509521484375
0.0773544311523438 -0.0230712890625 0.30255126953125 -0.0391845703125
0.083831787109375 -0.0173110961914062 0.282623291015625 -0.007904052734375
0.0724945068359375 0.0356979370117188 0.242019653320313 0.0695037841796875
0.0198745727539063 0.0705795288085938 0.144302368164062 0.0752716064453125
-0.0509185791015625 0.0562858581542969 0.0889358520507813 0.0417251586914063
-0.080474853515625 -0.0218353271484375 0.183547973632813 -0.006439208984375
-0.0418548583984375 -0.0981292724609375 0.37744140625 0.055908203125
0.0253448486328125 -0.102790832519531 0.458099365234375 0.383636474609375
-0.22406005859375 -0.192398071289063 0.184844970703125 0.0771942138671875
-0.289459228515625 -0.0372619628906251 0.069091796875 -0.0124778747558594
-0.224655151367188 0.131423950195312 -0.0639724731445313 0.0342521667480469
-0.0486297607421875 0.216400146484375 -0.017486572265625 0.1572265625
0.0839385986328125 0.1829833984375 0.086944580078125 0.172042846679688
0.186126708984375 0.084747314453125 0.230880737304687 0.112991333007812
0.21026611328125 1.52587890625E-05 0.288665771484375 0.01727294921875
0.189956665039063 0.0157623291015625 0.25433349609375 -0.024200439453125
0.21197509765625 0.0296173095703125 0.229705810546875 -0.001556396484375
0.1766357421875 0.118881225585938 0.201461791992188 0.052703857421875
0.057769775390625 0.195587158203125 0.110931396484375 0.036407470703125
-0.0853424072265625 0.182037353515625 0.082977294921875 0.00210571289062501
-0.218704223632813 0.03662109375 0.200576782226563 -0.04351806640625
-0.227294921875 -0.106796264648438 0.386505126953125 0.035125732421875
-0.154891967773438 -0.176376342773438 0.4656982421875 0.3511962890625
-0.36944580078125 -0.248779296875 0.110137939453125 0.00938415527343748
-0.41986083984375 -0.04327392578125 0.0164012908935547 -0.0285816192626953
-0.342376708984375 0.174102783203125 -0.0690460205078125 0.0267715454101563
-0.111297607421875 0.312469482421875 -0.0212326049804687 0.121894836425781
0.09130859375 0.28314208984375 0.0424118041992188 0.129096984863281
0.259521484375 0.162841796875 0.155746459960938 0.09381103515625
0.301361083984375 0.038543701171875 0.20135498046875 0.0265350341796875
0.276031494140625 0.050872802734375 0.167129516601563 -0.006317138671875
0.31072998046875 0.067901611328125 0.139358520507813 0.0057373046875
0.259170532226563 0.18341064453125 0.1280517578125 0.0253524780273438
0.09417724609375 0.29840087890625 0.0580673217773438 -0.0139884948730469
-0.104461669921875 0.29345703125 0.06817626953125 -0.0506134033203125
-0.334991455078125 0.104034423828125 0.206268310546875 -0.083526611328125
-0.39556884765625 -0.0958557128906249 0.359893798828125 0.014495849609375
-0.3170166015625 -0.225006103515625 0.419830322265625 0.28387451171875
-0.46514892578125 -0.259857177734375 0.00238037109374998 -0.075439453125
-0.496490478515625 -0.0250244140625001 -0.0590438842773438 -0.045379638671875
-0.406524658203125 0.21563720703125 -0.0755081176757813 0.023223876953125
-0.144683837890625 0.376861572265625 -0.02471923828125 0.0760040283203125
0.096038818359375 0.344970703125 -0.00732421875 0.0704803466796875
0.299835205078125 0.215362548828125 0.0608711242675781 0.0608596801757813
0.34869384765625 0.068145751953125 0.0858078002929688 0.0316238403320313
0.3206787109375 0.077545166015625 0.0549697875976563 0.0125198364257813
0.3624267578125 0.097198486328125 0.0246562957763672 0.0127105712890625
0.3050537109375 0.2236328125 0.0288143157958985 -0.00724411010742186
0.117889404296875 0.362701416015625 -0.0121536254882812 -0.0701255798339843
-0.10992431640625 0.37030029296875 0.0410690307617187 -0.104972839355469
-0.408935546875 0.16143798828125 0.188278198242187 -0.116653442382812
-0.51007080078125 -0.07000732421875 0.2877197265625 -0.002227783203125
-0.430572509765625 -0.24102783203125 0.319549560546875 0.19573974609375
-0.493377685546875 -0.226837158203125 -0.123748779296875 -0.165191650390625
-0.5029296875 0.00585937499999992 -0.144195556640625 -0.058868408203125
-0.40301513671875 0.235076904296875 -0.0834579467773438 0.0192489624023438
-0.14569091796875 0.386444091796875 -0.0336570739746094 0.0208797454833985
0.094085693359375 0.3515625 -0.06195068359375 0.00346755981445314
0.297027587890625 0.230712890625 -0.0452003479003906 0.0210075378417969
0.34405517578125 0.087554931640625 -0.0417900085449219 0.0310859680175781
0.316619873046875 0.092620849609375 -0.0651702880859375 0.029754638671875
0.3599853515625 0.113800048828125 -0.0976028442382812 0.0186004638671875
0.29931640625 0.23284912109375 -0.0828323364257812 -0.03875732421875
0.113555908203125 0.369842529296875 -0.0877532958984375 -0.119743347167969
-0.1064453125 0.37982177734375 0.00558471679687498 -0.150863647460937
-0.420257568359375 0.1785888671875 0.148468017578125 -0.13177490234375
-0.53497314453125 -0.0470581054687501 0.181304931640625 -0.006195068359375
-0.466888427734375 -0.227569580078125 0.177963256835937 0.094879150390625
-0.447967529296875 -0.158050537109375 -0.251449584960938 -0.24249267578125
-0.43243408203125 0.03924560546875 -0.227920532226563 -0.0705108642578125
-0.33050537109375 0.218170166015625 -0.09246826171875 0.0130691528320313
-0.116302490234375 0.329437255859375 -0.0476112365722656 -0.0319137573242187
0.077606201171875 0.296051025390625 -0.110725402832031 -0.0558700561523437
0.248504638671875 0.205322265625 -0.14202880859375 -0.0178070068359375
0.285888671875 0.09130859375 -0.159957885742187 0.0266571044921875
0.2655029296875 0.093658447265625 -0.175506591796875 0.04107666015625
0.3006591796875 0.115936279296875 -0.207489013671875 0.0176849365234375
0.237564086914063 0.211685180664063 -0.18426513671875 -0.06982421875
0.07470703125 0.316741943359375 -0.148529052734375 -0.158889770507813
-0.102020263671875 0.310272216796875 -0.0249176025390625 -0.180419921875
-0.358917236328125 0.136810302734375 0.100784301757812 -0.127731323242188
-0.4586181640625 -0.0385437011718749 0.0651130676269531 -0.00463485717773438
-0.41455078125 -0.18597412109375 0.0307655334472656 -0.00449371337890626
-0.34033203125 -0.0628662109375001 -0.359588623046875 -0.29962158203125
-0.296783447265625 0.06842041015625 -0.29400634765625 -0.077972412109375
-0.1988525390625 0.168121337890625 -0.101913452148438 0.0115203857421875
-0.0642547607421875 0.215988159179688 -0.0627555847167969 -0.0656242370605469
0.0544281005859375 0.187911987304688 -0.140609741210938 -0.0938873291015625
0.160842895507813 0.143814086914063 -0.21142578125 -0.04608154296875
0.184951782226562 0.079437255859375 -0.249053955078125 0.020599365234375
0.17266845703125 0.0787200927734375 -0.25885009765625 0.0450439453125
0.195877075195313 0.10198974609375 -0.287017822265625 0.00991821289062501
0.13720703125 0.162673950195313 -0.256195068359375 -0.097747802734375
0.016082763671875 0.21307373046875 -0.178634643554688 -0.184432983398438
-0.09051513671875 0.184280395507813 -0.0365753173828125 -0.191970825195313
-0.23541259765625 0.0584259033203125 0.0634689331054687 -0.106300354003906
-0.297119140625 -0.0345458984375 -0.0275707244873047 -0.00232315063476563
-0.291778564453125 -0.115234375 -0.0915145874023438 -0.0898513793945312
-0.185379028320313 0.0397186279296875 -0.436126708984375 -0.33001708984375
-0.129035949707031 0.0842437744140625 -0.341705322265625 -0.080596923828125
-0.047393798828125 0.101837158203125 -0.114570617675781 0.0212249755859375
-0.000480651855468752 0.0784454345703125 -0.0728683471679688 -0.0724868774414063
0.0251998901367188 0.0560073852539063 -0.145645141601563 -0.103668212890625
0.0515518188476563 0.0593070983886719 -0.240386962890625 -0.0600433349609375
0.0561294555664063 0.0534820556640625 -0.296112060546875 0.013641357421875
0.0559577941894531 0.0514297485351563 -0.30157470703125 0.042755126953125
0.0645980834960938 0.0723037719726563 -0.324798583984375 -0.00402832031250004
0.0179595947265625 0.09033203125 -0.28778076171875 -0.12060546875
-0.0422897338867188 0.0839309692382813 -0.174774169921875 -0.19598388671875
-0.0629005432128906 0.0376815795898437 -0.027679443359375 -0.18902587890625
-0.0831680297851563 -0.018768310546875 0.0448379516601563 -0.0807037353515625
-0.0980224609375 -0.0178146362304687 -0.0810394287109375 -0.00293731689453127
-0.125045776367188 -0.0234375 -0.16986083984375 -0.147735595703125
-0.0501861572265625 -0.0994644165039063 0.240631103515625 0.11944580078125
-0.125450134277344 -0.0136947631835938 0.103561401367188 -0.00193023681640625
-0.079132080078125 0.0850601196289063 -0.0620155334472656 0.0498542785644531
0.024261474609375 0.0986099243164063 -0.00456237792968749 0.189239501953125
0.07110595703125 0.060760498046875 0.135360717773438 0.200576782226563
0.0901336669921875 -0.00743865966796875 0.291778564453125 0.113800048828125
0.08880615234375 -0.0440673828125 0.350921630859375 -0.001434326171875
0.0758132934570312 -0.028228759765625 0.314910888671875 -0.0445556640625
0.0832290649414063 -0.0240707397460938 0.2960205078125 -0.011016845703125
0.0744476318359375 0.0317230224609375 0.253143310546875 0.06787109375
0.0235176086425781 0.0686836242675781 0.152435302734375 0.07733154296875
-0.0488166809082031 0.0587997436523437 0.0938568115234375 0.043701171875
-0.0798568725585938 -0.0184326171875 0.18939208984375 -0.011688232421875
-0.0453720092773438 -0.0954132080078125 0.39398193359375 0.052520751953125
0.02056884765625 -0.100151062011719 0.486541748046875 0.39898681640625
-0.234848022460938 -0.192916870117188 0.203338623046875 0.087432861328125
-0.2969970703125 -0.031158447265625 0.0780410766601562 -0.00897216796875
-0.2291259765625 0.140045166015625 -0.0625572204589844 0.0357017517089844
-0.0482025146484375 0.222122192382813 -0.0139923095703125 0.162353515625
0.089599609375 0.186721801757813 0.09344482421875 0.177627563476563
0.193801879882813 0.08447265625 0.243682861328125 0.113510131835937
0.215957641601563 -0.0050048828125 0.30242919921875 0.012542724609375
0.196197509765625 0.0102386474609375 0.266616821289063 -0.0284271240234375
0.220489501953125 0.02227783203125 0.242965698242187 -0.0036773681640625
0.1866455078125 0.115890502929688 0.212478637695313 0.0516815185546875
0.0671234130859375 0.200592041015625 0.116188049316406 0.038543701171875
-0.0846710205078125 0.192230224609375 0.0861282348632813 0.00431060791015626
-0.226791381835938 0.0462799072265625 0.20611572265625 -0.048858642578125
-0.242706298828125 -0.10223388671875 0.401824951171875 0.032958984375
-0.1685791015625 -0.177764892578125 0.493133544921875 0.364166259765625
-0.3896484375 -0.254241943359375 0.123519897460937 0.018798828125
-0.435333251953125 -0.0354003906249999 0.0228404998779297 -0.024078369140625
-0.352264404296875 0.18829345703125 -0.0679092407226563 0.0284996032714844
-0.110687255859375 0.3262939453125 -0.0181961059570313 0.127273559570313
0.099578857421875 0.292266845703125 0.0483169555664063 0.135086059570313
0.273605346679688 0.164474487304688 0.166259765625 0.095916748046875
0.3131103515625 0.03240966796875 0.213302612304688 0.023223876953125
0.28814697265625 0.04595947265625 0.17877197265625 -0.00901794433593749
0.325042724609375 0.062286376953125 0.150314331054688 0.006622314453125
0.2750244140625 0.18359375 0.137260437011719 0.0240631103515625
0.107269287109375 0.309906005859375 0.0604209899902344 -0.0135269165039062
-0.103851318359375 0.311614990234375 0.068695068359375 -0.0495376586914062
-0.350311279296875 0.11749267578125 0.21026611328125 -0.0892181396484375
-0.418212890625 -0.0888671874999999 0.3729248046875 0.012054443359375
-0.338470458984375 -0.2301025390625 0.44183349609375 0.293670654296875
-0.4908447265625 -0.2659912109375 0.00726699829101559 -0.0686988830566406
-0.518646240234375 -0.0186767578124999 -0.0570716857910157 -0.0402793884277344
-0.42156982421875 0.23388671875 -0.0752639770507813 0.0250701904296875
-0.145172119140625 0.39727783203125 -0.0224533081054688 0.0797958374023438
0.10626220703125 0.35955810546875 -0.00455474853515625 0.075225830078125
0.318115234375 0.219696044921875 0.0668754577636719 0.0637474060058594
0.36474609375 0.064666748046875 0.0944061279296875 0.0305328369140625
0.33709716796875 0.0743408203125 0.062347412109375 0.0128021240234375
0.382171630859375 0.0931396484375 0.030843734741211 0.0156383514404297
0.3251953125 0.2252197265625 0.0335197448730469 -0.00703048706054686
0.1329345703125 0.37890625 -0.013336181640625 -0.0697059631347656
-0.109161376953125 0.39227294921875 0.0389862060546875 -0.105491638183594
-0.4295654296875 0.17822265625 0.190658569335937 -0.12176513671875
-0.53985595703125 -0.06158447265625 0.297027587890625 -0.0030517578125
-0.458465576171875 -0.24822998046875 0.332427978515625 0.200897216796875
-0.52130126953125 -0.2340087890625 -0.128555297851563 -0.160598754882813
-0.526458740234375 0.013214111328125 -0.1497802734375 -0.0536651611328125
-0.4205322265625 0.256378173828125 -0.0843276977539063 0.0219345092773438
-0.146759033203125 0.4102783203125 -0.0324268341064453 0.0235671997070313
0.10400390625 0.368377685546875 -0.0622444152832031 0.00662231445312503
0.317718505859375 0.237060546875 -0.0428848266601562 0.0233917236328125
0.3619384765625 0.0848388671875 -0.0389633178710937 0.032562255859375
0.33526611328125 0.091400146484375 -0.0631446838378906 0.0325698852539063
0.3804931640625 0.11126708984375 -0.0968475341796875 0.0236358642578125
0.3209228515625 0.236419677734375 -0.0840072631835937 -0.037841796875
0.12811279296875 0.38775634765625 -0.0933074951171875 -0.11956787109375
-0.10736083984375 0.4024658203125 0.000564575195312479 -0.15264892578125
-0.441650390625 0.194671630859375 0.149261474609375 -0.136093139648438
-0.564697265625 -0.04058837890625 0.184127807617187 -0.006103515625
-0.49200439453125 -0.236968994140625 0.182144165039062 0.097412109375
-0.474884033203125 -0.165679931640625 -0.264602661132813 -0.243194580078125
-0.455169677734375 0.0433349609374999 -0.2381591796875 -0.0657806396484375
-0.34698486328125 0.236968994140625 -0.0948638916015625 0.0169448852539063
-0.119354248046875 0.352935791015625 -0.0475959777832031 -0.0307235717773437
0.08740234375 0.31207275390625 -0.1136474609375 -0.0539321899414062
0.267440795898438 0.213287353515625 -0.144729614257812 -0.014129638671875
0.303192138671875 0.09039306640625 -0.163131713867187 0.0291900634765625
0.282440185546875 0.09478759765625 -0.177703857421875 0.0457305908203125
0.320404052734375 0.1163330078125 -0.211380004882812 0.02459716796875
0.257568359375 0.217147827148438 -0.190032958984375 -0.0681915283203125
0.086517333984375 0.333953857421875 -0.157302856445313 -0.159347534179687
-0.104705810546875 0.330810546875 -0.0303192138671875 -0.183258056640625
-0.378753662109375 0.149261474609375 0.100807189941406 -0.129554748535156
-0.485137939453125 -0.035308837890625 0.0646133422851562 -0.00323104858398438
-0.439361572265625 -0.195770263671875 0.0253314971923828 -0.00574302673339845
-0.358856201171875 -0.069610595703125 -0.380523681640625 -0.308135986328125
-0.31494140625 0.069580078125 -0.311187744140625 -0.0751953125000001
-0.212081909179688 0.1810302734375 -0.10693359375 0.0157928466796875
-0.0659027099609375 0.232391357421875 -0.064361572265625 -0.0664100646972656
0.0595550537109375 0.199432373046875 -0.14556884765625 -0.09344482421875
0.175430297851562 0.15057373046875 -0.218048095703125 -0.0440521240234375
0.19842529296875 0.0804443359375 -0.25775146484375 0.0244445800781249
0.1861572265625 0.0811309814453125 -0.26593017578125 0.051116943359375
0.210372924804688 0.10345458984375 -0.295654296875 0.017730712890625
0.150344848632813 0.16876220703125 -0.265640258789063 -0.0949554443359375
0.022979736328125 0.227874755859375 -0.188430786132813 -0.187042236328125
-0.0948486328125 0.197006225585937 -0.0431365966796875 -0.196014404296875
-0.252838134765625 0.0650329589843751 0.063812255859375 -0.108589172363281
-0.31744384765625 -0.0339660644531249 -0.033773422241211 -0.000387191772460943
-0.306854248046875 -0.12554931640625 -0.104705810546875 -0.0967483520507813
-0.193191528320313 0.0345306396484375 -0.463653564453125 -0.341156005859375
-0.138504028320313 0.0841751098632812 -0.36083984375 -0.0791015625000001
-0.0537185668945312 0.106468200683594 -0.119255065917969 0.0240707397460937
-0.00384521484375 0.0867080688476562 -0.0759811401367188 -0.0741729736328125
0.0258750915527344 0.0629425048828125 -0.1519775390625 -0.105545043945312
0.0582923889160156 0.0648422241210938 -0.250350952148437 -0.0588378906249999
0.0646095275878906 0.0568504333496094 -0.3089599609375 0.01837158203125
0.0628890991210938 0.0550498962402344 -0.31298828125 0.04833984375
0.0727157592773438 0.0759201049804688 -0.337982177734375 0.002593994140625
0.0252456665039063 0.0967178344726563 -0.30059814453125 -0.11907958984375
-0.0407028198242188 0.0940093994140625 -0.1861572265625 -0.199569702148438
-0.0681190490722656 0.0443572998046875 -0.033477783203125 -0.195175170898437
-0.0942916870117187 -0.018218994140625 0.0441131591796875 -0.0829238891601562
-0.107872009277344 -0.0210647583007812 -0.0892715454101563 -0.00307464599609374
-0.131080627441406 -0.0316314697265625 -0.1884765625 -0.157501220703125
-0.0529861450195313 -0.0962600708007812 0.26861572265625 0.121505737304687
-0.125137329101563 -0.00457763671875 0.11529541015625 -0.00325775146484375
-0.0744094848632813 0.08978271484375 -0.0589447021484375 0.0524139404296875
0.0288543701171875 0.0961074829101562 0.00386047363281249 0.196243286132813
0.075531005859375 0.0568771362304687 0.148651123046875 0.202316284179688
0.0908584594726563 -0.0134048461914063 0.3076171875 0.105682373046875
0.0864028930664063 -0.0506668090820313 0.36578369140625 -0.018157958984375
0.0742568969726563 -0.0347747802734375 0.328155517578125 -0.059417724609375
0.0813522338867188 -0.0321044921875 0.309661865234375 -0.024017333984375
0.077484130859375 0.0252838134765625 0.268295288085938 0.0601654052734375
0.0287628173828125 0.0668754577636719 0.162094116210938 0.0750732421875
-0.0445556640625 0.0629539489746094 0.099395751953125 0.0428695678710938
-0.0799407958984375 -0.0132980346679688 0.1947021484375 -0.0211639404296875
-0.0512847900390625 -0.0919036865234375 0.41314697265625 0.0377197265625
0.0146713256835938 -0.0978851318359375 0.526824951171875 0.39898681640625
-0.253128051757813 -0.18853759765625 0.2281494140625 0.0933380126953125
-0.30517578125 -0.0164794921875 0.0887908935546875 -0.0072784423828125
-0.229721069335937 0.154327392578125 -0.0609893798828125 0.0392265319824219
-0.0406036376953125 0.229873657226563 -0.00616455078124999 0.169219970703125
0.100479125976563 0.188796997070313 0.105621337890625 0.18109130859375
0.203643798828125 0.07769775390625 0.258758544921875 0.10723876953125
0.221343994140625 -0.0157318115234375 0.3179931640625 -3.0517578125001E-05
0.202835083007812 -0.0001678466796875 0.279861450195312 -0.040496826171875
0.228713989257812 0.0092010498046875 0.256698608398438 -0.0129852294921875
0.199630737304687 0.109161376953125 0.22625732421875 0.0442047119140625
0.0810699462890625 0.20538330078125 0.123214721679687 0.0365066528320313
-0.0767669677734375 0.206375122070313 0.0897140502929688 0.00340270996093751
-0.232635498046875 0.0616455078125 0.209503173828125 -0.05902099609375
-0.259902954101563 -0.0895843505859376 0.4190673828125 0.0196533203125
-0.187881469726563 -0.174896240234375 0.530120849609375 0.364166259765625
-0.418182373046875 -0.248199462890625 0.138580322265625 0.0255355834960937
-0.45147705078125 -0.0165710449218751 0.0291576385498047 -0.0204658508300781
-0.357086181640625 0.21173095703125 -0.0668792724609375 0.0323867797851563
-0.1019287109375 0.344085693359375 -0.010986328125 0.132621765136719
0.1163330078125 0.30023193359375 0.0568084716796875 0.13897705078125
0.2926025390625 0.159210205078125 0.179244995117188 0.092437744140625
0.326263427734375 0.019805908203125 0.225662231445313 0.0150909423828125
0.301483154296875 0.033050537109375 0.1890869140625 -0.015899658203125
0.341552734375 0.047119140625 0.161178588867188 0.0022125244140625
0.2978515625 0.17529296875 0.146743774414063 0.019989013671875
0.128143310546875 0.3193359375 0.0618057250976563 -0.0143508911132812
-0.094635009765625 0.3328857421875 0.0693092346191406 -0.0498695373535156
-0.362091064453125 0.1419677734375 0.211715698242187 -0.099334716796875
-0.444915771484375 -0.0687866210937499 0.385589599609375 0.000366210937499996
-0.367919921875 -0.225067138671875 0.471954345703125 0.293060302734375
-0.52545166015625 -0.259246826171875 0.0123939514160156 -0.0610923767089844
-0.53985595703125 0.00421142578125008 -0.0566444396972657 -0.0334739685058594
-0.429351806640625 0.263427734375 -0.0743484497070313 0.030181884765625
-0.1336669921875 0.422821044921875 -0.0176544189453125 0.0842742919921875
0.126953125 0.370819091796875 0.000465393066406255 0.0797958374023438
0.34454345703125 0.214630126953125 0.0758743286132813 0.0646209716796875
0.38336181640625 0.05035400390625 0.10247802734375 0.0265731811523438
0.355010986328125 0.06158447265625 0.0703353881835938 0.0107650756835938
0.404296875 0.07672119140625 0.0376091003417969 0.01806640625
0.3526611328125 0.217620849609375 0.03741455078125 -0.00828552246093749
0.15869140625 0.390869140625 -0.0177116394042969 -0.0687408447265625
-0.09765625 0.418609619140625 0.0353469848632812 -0.105690002441406
-0.445556640625 0.208251953125 0.189956665039062 -0.130859375
-0.56890869140625 -0.0369873046875 0.304931640625 -0.011810302734375
-0.492340087890625 -0.242950439453125 0.352508544921875 0.199798583984375
-0.557037353515625 -0.226531982421875 -0.13677978515625 -0.152999877929687
-0.552001953125 0.0360107421875001 -0.15570068359375 -0.0440216064453125
-0.430511474609375 0.289215087890625 -0.0852279663085938 0.0285186767578125
-0.135528564453125 0.440032958984375 -0.0302295684814453 0.0266399383544922
0.126220703125 0.3824462890625 -0.0617713928222656 0.0117835998535157
0.346771240234375 0.2340087890625 -0.04052734375 0.0280914306640625
0.383392333984375 0.07177734375 -0.0357742309570312 0.0345001220703125
0.355926513671875 0.079681396484375 -0.0589981079101562 0.0366592407226563
0.40472412109375 0.097137451171875 -0.0950698852539062 0.03167724609375
0.349456787109375 0.23052978515625 -0.0858688354492187 -0.0351181030273437
0.154632568359375 0.40191650390625 -0.103157043457031 -0.117568969726562
-0.09521484375 0.430328369140625 -0.00665283203125001 -0.153274536132812
-0.45880126953125 0.225860595703125 0.147216796875 -0.143692016601563
-0.59674072265625 -0.0148315429687501 0.187881469726562 -0.009521484375
-0.529083251953125 -0.2314453125 0.189163208007812 0.096405029296875
-0.50634765625 -0.16064453125 -0.284820556640625 -0.23541259765625
-0.478271484375 0.062896728515625 -0.251739501953125 -0.052825927734375
-0.35595703125 0.2666015625 -0.09771728515625 0.0235824584960938
-0.109039306640625 0.37982177734375 -0.0492134094238281 -0.0290336608886718
0.106597900390625 0.326019287109375 -0.118789672851563 -0.049102783203125
0.29425048828125 0.21209716796875 -0.148895263671875 -0.00805664062500001
0.324188232421875 0.08154296875 -0.165969848632812 0.03729248046875
0.3021240234375 0.086517333984375 -0.17999267578125 0.054901123046875
0.34246826171875 0.1055908203125 -0.215606689453125 0.036651611328125
0.28271484375 0.214630126953125 -0.1983642578125 -0.061309814453125
0.10809326171875 0.347991943359375 -0.17071533203125 -0.15679931640625
-0.09820556640625 0.3544921875 -0.0406036376953125 -0.18426513671875
-0.39581298828125 0.175537109375 0.0978012084960937 -0.135154724121094
-0.511505126953125 -0.0150756835937501 0.0626487731933593 -0.00198745727539063
-0.468170166015625 -0.19378662109375 0.0195980072021484 -0.00736618041992189
-0.3812255859375 -0.06646728515625 -0.41290283203125 -0.301483154296875
-0.3311767578125 0.0814208984375 -0.329833984375 -0.061614990234375
-0.21905517578125 0.200942993164063 -0.110862731933594 0.0228424072265625
-0.0608367919921875 0.252731323242188 -0.0684661865234375 -0.0654296875
0.0714111328125 0.211181640625 -0.154647827148437 -0.090606689453125
0.194854736328125 0.152175903320313 -0.227462768554688 -0.0365447998046874
0.215423583984375 0.0758056640625 -0.266677856445312 0.0356445312500001
0.202392578125 0.0778656005859375 -0.272445678710938 0.063507080078125
0.229202270507813 0.0991668701171875 -0.305267333984375 0.03228759765625
0.169769287109375 0.170440673828125 -0.27899169921875 -0.0865325927734374
0.03692626953125 0.2410888671875 -0.204620361328125 -0.183441162109375
-0.0928192138671875 0.214553833007813 -0.0535125732421875 -0.198944091796875
-0.267959594726563 0.080535888671875 0.0601425170898437 -0.112281799316406
-0.337432861328125 -0.022796630859375 -0.0385818481445313 0.00277328491210937
-0.3284912109375 -0.12677001953125 -0.122634887695313 -0.0987777709960938
-0.2022705078125 0.0363922119140625 -0.50140380859375 -0.336822509765625
-0.145858764648438 0.0877838134765625 -0.38446044921875 -0.06622314453125
-0.0568618774414063 0.113029479980469 -0.124107360839844 0.0314865112304687
-0.002471923828125 0.0953216552734375 -0.081634521484375 -0.0734329223632813
0.0293502807617188 0.0686721801757813 -0.161956787109375 -0.103225708007812
0.0674896240234375 0.0688362121582031 -0.26318359375 -0.0513916015625
0.0744400024414063 0.0574874877929688 -0.32208251953125 0.03118896484375
0.0715789794921875 0.0565032958984375 -0.323272705078125 0.0629272460937499
0.083465576171875 0.0772933959960938 -0.3504638671875 0.018768310546875
0.0360946655273437 0.101608276367187 -0.3170166015625 -0.107879638671875
-0.035430908203125 0.104751586914063 -0.202850341796875 -0.197616577148437
-0.07147216796875 0.0532608032226563 -0.0448150634765625 -0.199859619140625
-0.10528564453125 -0.0138931274414062 0.041961669921875 -0.0863571166992188
-0.117919921875 -0.0197601318359375 -0.0969924926757813 0.00065612792968749
-0.139869689941406 -0.0356903076171875 -0.2139892578125 -0.16180419921875
-0.0551986694335937 -0.090789794921875 0.29364013671875 0.114227294921875
-0.11993408203125 0.00494384765625 0.125175476074219 -0.007598876953125
-0.0661697387695313 0.0939712524414062 -0.0548591613769531 0.0542793273925781
0.0331573486328125 0.0924072265625 0.0150604248046875 0.197402954101563
0.0779190063476563 0.0500869750976563 0.162612915039062 0.1962890625
0.09063720703125 -0.020965576171875 0.31982421875 0.0888671875
0.081787109375 -0.057098388671875 0.372100830078125 -0.04052734375
0.0701522827148438 -0.0415267944335938 0.33233642578125 -0.079681396484375
0.0780792236328125 -0.040771484375 0.316314697265625 -0.041656494140625
0.0786361694335938 0.0172195434570313 0.278106689453125 0.044921875
0.0342521667480469 0.063079833984375 0.170425415039063 0.06817626953125
-0.0385971069335938 0.0656204223632813 0.104621887207031 0.039031982421875
-0.0781784057617188 -0.00683593749999999 0.194900512695313 -0.035064697265625
-0.0564651489257813 -0.0850372314453125 0.42254638671875 0.016204833984375
0.006988525390625 -0.0940093994140625 0.5634765625 0.3809814453125
-0.267791748046875 -0.175064086914063 0.250045776367188 0.0894012451171875
-0.307525634765625 0.00460815429687498 0.0982666015625 -0.0085296630859375
-0.222702026367187 0.168899536132813 -0.0573692321777344 0.0416412353515625
-0.028656005859375 0.235427856445312 0.004974365234375 0.172012329101563
0.112152099609375 0.185455322265625 0.118362426757813 0.17901611328125
0.211380004882813 0.0652008056640625 0.270294189453125 0.0951690673828125
0.223876953125 -0.03009033203125 0.326904296875 -0.01910400390625
0.205398559570313 -0.0127410888671875 0.285980224609375 -0.0572509765625
0.231536865234375 -0.0064697265625 0.262847900390625 -0.0257720947265625
0.210983276367188 0.094879150390625 0.235321044921875 0.03082275390625
0.0980682373046875 0.203964233398438 0.128990173339844 0.0315704345703125
-0.064697265625 0.21826171875 0.0921783447265625 0.00220489501953126
-0.233810424804688 0.0802001953125 0.209320068359375 -0.0723724365234375
-0.272415161132813 -0.071014404296875 0.42919921875 -0.000610351562500004
-0.206405639648438 -0.16278076171875 0.56658935546875 0.3447265625
-0.443023681640625 -0.228515625 0.154510498046875 0.02789306640625
-0.45831298828125 0.0109252929687501 0.035308837890625 -0.01727294921875
-0.3492431640625 0.237396240234375 -0.0627593994140625 0.0365753173828125
-0.08380126953125 0.35675048828125 -0.00243377685546876 0.134712219238281
0.136932373046875 0.298675537109375 0.0683670043945313 0.138938903808594
0.30999755859375 0.1435546875 0.19097900390625 0.084716796875
0.334625244140625 0.000885009765625 0.234420776367188 0.0006561279296875
0.31036376953125 0.014434814453125 0.196182250976563 -0.027862548828125
0.350372314453125 0.022979736328125 0.167251586914063 -0.00506591796875
0.3160400390625 0.157379150390625 0.15435791015625 0.0106048583984375
0.154541015625 0.318389892578125 0.0611343383789063 -0.0157356262207031
-0.07464599609375 0.34844970703125 0.0691909790039063 -0.0512657165527344
-0.3636474609375 0.17010498046875 0.206985473632812 -0.111587524414062
-0.462005615234375 -0.0389099121093749 0.391387939453125 -0.01715087890625
-0.393707275390625 -0.2073974609375 0.498321533203125 0.274688720703125
-0.5548095703125 -0.236053466796875 0.0180549621582031 -0.0534210205078125
-0.551483154296875 0.0374755859375 -0.0531120300292969 -0.0247917175292969
-0.422332763671875 0.2952880859375 -0.07177734375 0.0364913940429688
-0.110870361328125 0.441741943359375 -0.0110397338867188 0.0868682861328125
0.153594970703125 0.3726806640625 0.00794982910156251 0.0824127197265625
0.3681640625 0.196929931640625 0.0841293334960938 0.0619430541992188
0.3961181640625 0.02886962890625 0.109046936035156 0.0208740234375
0.368408203125 0.041046142578125 0.077484130859375 0.0064239501953125
0.41973876953125 0.050872802734375 0.0445327758789063 0.0178489685058594
0.3753662109375 0.1976318359375 0.0397911071777344 -0.0109367370605469
0.190093994140625 0.391845703125 -0.0228805541992187 -0.0664634704589843
-0.073516845703125 0.438385009765625 0.030609130859375 -0.104194641113281
-0.445953369140625 0.24334716796875 0.184524536132812 -0.140945434570312
-0.58734130859375 0.00030517578124987 0.30810546875 -0.024749755859375
-0.520416259765625 -0.2225341796875 0.3682861328125 0.187286376953125
-0.5877685546875 -0.2034912109375 -0.142440795898438 -0.139373779296875
-0.5643310546875 0.0680541992187499 -0.158523559570313 -0.029510498046875
-0.42303466796875 0.32318115234375 -0.0841445922851563 0.03558349609375
-0.110748291015625 0.461151123046875 -0.0275096893310547 0.0287704467773438
0.154296875 0.385345458984375 -0.0593910217285156 0.017547607421875
0.3740234375 0.21826171875 -0.0360145568847656 0.0316886901855469
0.3988037109375 0.050048828125 -0.0318336486816406 0.0364875793457031
0.371429443359375 0.059722900390625 -0.0529212951660156 0.0402603149414063
0.423004150390625 0.07269287109375 -0.0906219482421875 0.0399169921875
0.373809814453125 0.21112060546875 -0.087249755859375 -0.0302734375
0.186309814453125 0.40472412109375 -0.112434387207031 -0.110755920410156
-0.072540283203125 0.450836181640625 -0.0153045654296875 -0.151519775390625
-0.46026611328125 0.2618408203125 0.13946533203125 -0.150146484375
-0.613525390625 0.0231323242187499 0.187515258789063 -0.015380859375
-0.5576171875 -0.212188720703125 0.194427490234375 0.0889739990234375
-0.533355712890625 -0.139373779296875 -0.303558349609375 -0.21868896484375
-0.488189697265625 0.0899658203125 -0.2606201171875 -0.0340576171874999
-0.35198974609375 0.294189453125 -0.0975265502929688 0.0315170288085938
-0.0888671875 0.400726318359375 -0.0501480102539063 -0.0238761901855468
0.13018798828125 0.331085205078125 -0.121681213378906 -0.0421295166015625
0.319183349609375 0.199249267578125 -0.14886474609375 0.00117492675781254
0.340789794921875 0.061859130859375 -0.165939331054688 0.04766845703125
0.317291259765625 0.070465087890625 -0.175155639648437 0.0633697509765625
0.362579345703125 0.08648681640625 -0.212646484375 0.0509185791015625
0.306427001953125 0.200164794921875 -0.202163696289062 -0.050628662109375
0.13592529296875 0.353790283203125 -0.183837890625 -0.146636962890625
-0.0806884765625 0.37322998046875 -0.05303955078125 -0.180328369140625
-0.3988037109375 0.205169677734375 0.0916213989257812 -0.139724731445313
-0.5263671875 0.015106201171875 0.0610084533691406 -0.00225830078125
-0.4931640625 -0.178009033203125 0.0130519866943359 -0.00651741027832032
-0.398223876953125 -0.053619384765625 -0.440521240234375 -0.28009033203125
-0.339599609375 0.098358154296875 -0.344085693359375 -0.03912353515625
-0.2169189453125 0.220443725585938 -0.110893249511719 0.0315933227539062
-0.047454833984375 0.26776123046875 -0.071807861328125 -0.0621490478515625
0.0875396728515625 0.216339111328125 -0.161483764648438 -0.081573486328125
0.2152099609375 0.146514892578125 -0.232513427734375 -0.023223876953125
0.229507446289063 0.063873291015625 -0.270233154296875 0.0516510009765625
0.215576171875 0.067169189453125 -0.272689819335938 0.080413818359375
0.244216918945313 0.0868988037109375 -0.307403564453125 0.05291748046875
0.188186645507812 0.163040161132812 -0.287445068359375 -0.070587158203125
0.05572509765625 0.248504638671875 -0.2213134765625 -0.171859741210937
-0.085113525390625 0.228958129882813 -0.0670623779296875 -0.195877075195312
-0.27447509765625 0.099700927734375 0.0547103881835937 -0.115188598632812
-0.350799560546875 -0.00640869140625001 -0.0430908203125 0.007080078125
-0.344940185546875 -0.12005615234375 -0.138832092285156 -0.0949325561523438
-0.20635986328125 0.04278564453125 -0.538726806640625 -0.314971923828125
-0.14892578125 0.0942230224609375 -0.4012451171875 -0.0432128906249999
-0.0562210083007813 0.119110107421875 -0.125900268554688 0.0401229858398437
0.000991821289062497 0.101577758789063 -0.0876541137695312 -0.06976318359375
0.03485107421875 0.0720291137695313 -0.16925048828125 -0.0955963134765625
0.0782089233398438 0.067901611328125 -0.27117919921875 -0.0381622314453125
0.0841064453125 0.0547027587890625 -0.327392578125 0.050018310546875
0.0816879272460938 0.0536422729492188 -0.325775146484375 0.082855224609375
0.0934600830078125 0.0745468139648437 -0.3553466796875 0.0404052734375001
0.047332763671875 0.102737426757813 -0.328155517578125 -0.0905151367187499
-0.0279159545898438 0.112442016601562 -0.219253540039063 -0.1871337890625
-0.0716094970703125 0.0632095336914063 -0.058380126953125 -0.198776245117188
-0.113632202148438 -0.00553894042968751 0.0373001098632812 -0.0893783569335938
-0.126152038574219 -0.0156936645507813 -0.102874755859375 0.00615692138671874
-0.14703369140625 -0.03717041015625 -0.237442016601563 -0.155715942382813
-0.0546875 -0.0846023559570313 0.310272216796875 0.103729248046875
-0.112960815429688 0.0127029418945312 0.131568908691406 -0.0119705200195313
-0.05804443359375 0.0927352905273438 -0.0507926940917969 0.0542335510253906
0.0373001098632813 0.0865859985351563 0.0247955322265625 0.195770263671875
0.0801467895507812 0.045166015625 0.170166015625 0.189559936523438
0.0851058959960938 -0.0279006958007813 0.322052001953125 0.071014404296875
0.0758438110351563 -0.0606842041015625 0.368255615234375 -0.058868408203125
0.0626335144042969 -0.0475120544433594 0.328338623046875 -0.09747314453125
0.0693016052246094 -0.0460891723632813 0.31524658203125 -0.05718994140625
0.0779800415039063 0.00786590576171875 0.279296875 0.0308837890625
0.0388336181640625 0.057647705078125 0.173309326171875 0.05908203125
-0.0324058532714844 0.067413330078125 0.10797119140625 0.0340728759765625
-0.07513427734375 -0.00514221191406251 0.190017700195313 -0.0438232421875
-0.0599365234375 -0.0780105590820313 0.423736572265625 -0.003570556640625
0.0020904541015625 -0.0865402221679687 0.58453369140625 0.35321044921875
-0.275924682617188 -0.158172607421875 0.26531982421875 0.0830535888671875
-0.30145263671875 0.02117919921875 0.105865478515625 -0.01129150390625
-0.210556030273438 0.176559448242187 -0.0528945922851563 0.0437812805175781
-0.019439697265625 0.235198974609375 0.012237548828125 0.173019409179688
0.120162963867187 0.178192138671875 0.1287841796875 0.172119140625
0.21148681640625 0.0524749755859375 0.273391723632813 0.0821075439453125
0.219497680664063 -0.04205322265625 0.32708740234375 -0.038238525390625
0.201446533203125 -0.0243988037109375 0.28509521484375 -0.0728759765625
0.2275390625 -0.0223388671875 0.265914916992188 -0.0367889404296875
0.214599609375 0.077880859375 0.238418579101562 0.0189208984375
0.109878540039063 0.19720458984375 0.127395629882813 0.0272979736328125
-0.0511016845703125 0.221389770507813 0.092803955078125 0.000747680664062514
-0.22747802734375 0.093658447265625 0.202896118164062 -0.0790557861328125
-0.275619506835938 -0.0535430908203126 0.428802490234375 -0.01898193359375
-0.21441650390625 -0.147903442382813 0.5850830078125 0.3187255859375
-0.45318603515625 -0.2034912109375 0.169631958007812 0.0288848876953125
-0.452545166015625 0.0320434570312499 0.0421562194824218 -0.0156784057617187
-0.3358154296875 0.251922607421875 -0.0605049133300782 0.0415306091308594
-0.0631103515625 0.36041259765625 0.00534057617187499 0.133651733398438
0.151611328125 0.2916259765625 0.0756149291992188 0.134941101074219
0.31781005859375 0.12353515625 0.195343017578125 0.0746307373046875
0.333831787109375 -0.01617431640625 0.232879638671875 -0.0116119384765625
0.312103271484375 -0.0028076171875 0.1978759765625 -0.039398193359375
0.35247802734375 0.003814697265625 0.171905517578125 -0.0133514404296875
0.32489013671875 0.1368408203125 0.153366088867188 0.00311279296875001
0.173980712890625 0.3092041015625 0.0602684020996094 -0.0174827575683594
-0.05377197265625 0.3533935546875 0.0681533813476563 -0.0506134033203125
-0.354339599609375 0.192901611328125 0.19976806640625 -0.119705200195313
-0.462249755859375 -0.0101623535156251 0.389739990234375 -0.03155517578125
-0.4044189453125 -0.186248779296875 0.5128173828125 0.253387451171875
-0.56793212890625 -0.20819091796875 0.0260696411132812 -0.0468788146972656
-0.545806884765625 0.06365966796875 -0.0471916198730469 -0.0157012939453125
-0.40667724609375 0.31793212890625 -0.0661392211914063 0.0403327941894531
-0.0878295898437501 0.449920654296875 -0.00432586669921876 0.0870285034179688
0.1732177734375 0.365081787109375 0.0136184692382813 0.082427978515625
0.380584716796875 0.17840576171875 0.0897064208984375 0.0586166381835938
0.397796630859375 0.00762939453125 0.113784790039063 0.0135040283203125
0.371612548828125 0.0201416015625 0.08203125 0.000328063964843751
0.42181396484375 0.0267333984375 0.0506095886230469 0.0160179138183594
0.3878173828125 0.17242431640625 0.0402183532714844 -0.0139007568359375
0.21441650390625 0.383056640625 -0.0271415710449219 -0.0609397888183594
-0.0501708984375 0.445892333984375 0.026275634765625 -0.101280212402344
-0.43292236328125 0.270050048828125 0.174758911132812 -0.145721435546875
-0.58612060546875 0.0330200195312499 0.30450439453125 -0.03363037109375
-0.533721923828125 -0.197509765625 0.376739501953125 0.169158935546875
-0.59661865234375 -0.1756591796875 -0.141433715820313 -0.123626708984375
-0.560089111328125 0.095367431640625 -0.156082153320313 -0.01593017578125
-0.407928466796875 0.345245361328125 -0.0784072875976563 0.0417327880859375
-0.084869384765625 0.47149658203125 -0.0238590240478516 0.0301494598388672
0.17755126953125 0.37939453125 -0.0559654235839844 0.0203285217285156
0.390106201171875 0.196807861328125 -0.0284996032714844 0.0351753234863281
0.40380859375 0.030609130859375 -0.0261459350585937 0.0367012023925781
0.37579345703125 0.03826904296875 -0.0467033386230469 0.0396385192871094
0.429046630859375 0.0487060546875 -0.0827255249023437 0.0443496704101562
0.386810302734375 0.18536376953125 -0.0855484008789062 -0.0252456665039062
0.210968017578125 0.395538330078125 -0.116188049316406 -0.102874755859375
-0.048980712890625 0.45843505859375 -0.0219879150390625 -0.144927978515625
-0.448028564453125 0.28717041015625 0.132431030273437 -0.151641845703125
-0.61297607421875 0.0557861328125001 0.1844482421875 -0.021026611328125
-0.56964111328125 -0.1885986328125 0.19390869140625 0.0820159912109375
-0.544342041015625 -0.1165771484375 -0.30963134765625 -0.194976806640625
-0.48822021484375 0.11273193359375 -0.258346557617188 -0.015594482421875
-0.340087890625 0.3177490234375 -0.09466552734375 0.0384979248046875
-0.06658935546875 0.409698486328125 -0.05194091796875 -0.0216064453125
0.152008056640625 0.326507568359375 -0.121040344238281 -0.035797119140625
0.33758544921875 0.183319091796875 -0.1446533203125 0.0094757080078125
0.34918212890625 0.045318603515625 -0.161636352539063 0.0532989501953125
0.323577880859375 0.05303955078125 -0.16619873046875 0.0721588134765625
0.36920166015625 0.0655517578125 -0.205673217773437 0.0648956298828125
0.3192138671875 0.1844482421875 -0.201416015625 -0.0416717529296875
0.15850830078125 0.347686767578125 -0.189056396484375 -0.133575439453125
-0.064056396484375 0.38214111328125 -0.0598602294921875 -0.17291259765625
-0.39093017578125 0.226898193359375 0.0833206176757812 -0.139961242675781
-0.528076171875 0.0421752929687501 0.060577392578125 -0.000904083251953122
-0.501190185546875 -0.162994384765625 0.0039420127868652 -0.00593662261962892
-0.40478515625 -0.0426025390625 -0.454986572265625 -0.250396728515625
-0.3392333984375 0.115447998046875 -0.345489501953125 -0.015533447265625
-0.212081909179688 0.233261108398438 -0.108467102050781 0.0395660400390625
-0.0358428955078125 0.275283813476563 -0.0758132934570313 -0.0569305419921875
0.102264404296875 0.214691162109375 -0.161758422851562 -0.074310302734375
0.2271728515625 0.133270263671875 -0.231277465820312 -0.010009765625
0.2391357421875 0.052459716796875 -0.265228271484375 0.0647430419921875
0.225204467773438 0.0568695068359375 -0.266921997070313 0.0933990478515625
0.256271362304688 0.0752716064453125 -0.302459716796875 0.06884765625
0.19940185546875 0.151504516601563 -0.286895751953125 -0.05487060546875
0.0713043212890625 0.249649047851563 -0.228485107421875 -0.155868530273438
-0.0740203857421875 0.240432739257812 -0.0773162841796875 -0.189041137695312
-0.271713256835938 0.11590576171875 0.049560546875 -0.117576599121094
-0.349365234375 0.010955810546875 -0.0451583862304688 0.0110969543457031
-0.356903076171875 -0.110626220703125 -0.151351928710938 -0.0880279541015625
-0.206695556640625 0.0445709228515625 -0.555694580078125 -0.28741455078125
-0.15045166015625 0.0977783203125 -0.406097412109375 -0.02227783203125
-0.0542144775390625 0.121376037597656 -0.124114990234375 0.0485153198242188
0.00472259521484376 0.107017517089844 -0.0898895263671875 -0.0672454833984375
0.0386199951171875 0.0757904052734375 -0.172637939453125 -0.0874786376953125
0.0858993530273438 0.066131591796875 -0.2708740234375 -0.0242767333984375
0.0918731689453125 0.0508193969726562 -0.325653076171875 0.0680236816406251
0.0877532958984375 0.0504531860351563 -0.3199462890625 0.0989379882812501
0.102279663085938 0.069305419921875 -0.35186767578125 0.05889892578125
0.057586669921875 0.101081848144531 -0.33148193359375 -0.072052001953125
-0.0191879272460937 0.118240356445313 -0.229339599609375 -0.173187255859375
-0.0697021484375 0.07073974609375 -0.068817138671875 -0.192367553710938
-0.118049621582031 0.0024566650390625 0.0335617065429687 -0.0890274047851563
-0.130775451660156 -0.0109710693359375 -0.106002807617188 0.0124359130859375
-0.150711059570313 -0.03851318359375 -0.255477905273438 -0.144668579101562
-0.0545883178710937 -0.0788192749023438 0.32183837890625 0.094390869140625
-0.106605529785156 0.016876220703125 0.138069152832031 -0.0176925659179688
-0.0525588989257812 0.0928421020507813 -0.0466384887695313 0.0533294677734375
0.0376968383789063 0.082794189453125 0.0304718017578125 0.192535400390625
0.0779495239257812 0.0406341552734375 0.17315673828125 0.181411743164063
0.0803756713867188 -0.0301513671875 0.319427490234375 0.062225341796875
0.0703048706054688 -0.0634384155273438 0.365509033203125 -0.070831298828125
0.0595741271972656 -0.0482330322265625 0.324188232421875 -0.104766845703125
0.0638999938964844 -0.0497283935546875 0.313690185546875 -0.0662841796875
0.0751571655273438 0.0034332275390625 0.279006958007813 0.0211639404296875
0.039642333984375 0.0530471801757813 0.172500610351563 0.053863525390625
-0.0279388427734375 0.0646133422851563 0.1087646484375 0.031097412109375
-0.0708160400390625 -6.10351562499964E-05 0.1866455078125 -0.04901123046875
-0.06011962890625 -0.0714340209960938 0.422393798828125 -0.013580322265625
0.00180816650390625 -0.079193115234375 0.59686279296875 0.3349609375
-0.274063110351563 -0.148788452148437 0.279617309570312 0.0773162841796875
-0.291107177734375 0.029541015625 0.11376953125 -0.0123443603515625
-0.20269775390625 0.180511474609375 -0.0490226745605469 0.0433082580566406
-0.01171875 0.232040405273437 0.0191192626953125 0.168228149414063
0.124160766601563 0.171966552734375 0.131546020507813 0.166366577148438
0.214248657226563 0.04522705078125 0.275619506835937 0.072723388671875
0.215072631835937 -0.04766845703125 0.32354736328125 -0.047027587890625
0.197891235351563 -0.0322418212890625 0.2840576171875 -0.080902099609375
0.223129272460938 -0.0316009521484375 0.26654052734375 -0.0454864501953125
0.214828491210938 0.0677032470703125 0.237930297851563 0.0119781494140625
0.119049072265625 0.190780639648437 0.128646850585938 0.02288818359375
-0.0402984619140625 0.222183227539063 0.0943603515625 -0.00164794921874999
-0.221908569335938 0.10107421875 0.196029663085938 -0.0831756591796875
-0.276336669921875 -0.0388031005859376 0.424407958984375 -0.027069091796875
-0.218978881835938 -0.136505126953125 0.59075927734375 0.3031005859375
-0.4549560546875 -0.1917724609375 0.179962158203125 0.027069091796875
-0.444183349609375 0.0464477539062499 0.0507659912109375 -0.0116500854492187
-0.326019287109375 0.25921630859375 -0.0555152893066406 0.0392265319824219
-0.05462646484375 0.360107421875 0.010162353515625 0.133529663085938
0.160003662109375 0.284942626953125 0.0805282592773438 0.130943298339844
0.321044921875 0.11370849609375 0.198043823242188 0.0701446533203125
0.331329345703125 -0.02728271484375 0.23590087890625 -0.02001953125
0.307647705078125 -0.01263427734375 0.19873046875 -0.0464935302734375
0.3477783203125 -0.011260986328125 0.1761474609375 -0.016265869140625
0.327178955078125 0.12127685546875 0.154312133789063 -0.00253295898437499
0.18646240234375 0.302703857421875 0.0593185424804688 -0.0170059204101562
-0.040130615234375 0.358001708984375 0.06781005859375 -0.0485763549804687
-0.3482666015625 0.204681396484375 0.194351196289062 -0.1204833984375
-0.46112060546875 0.00793457031249995 0.38580322265625 -0.037445068359375
-0.41119384765625 -0.172454833984375 0.51629638671875 0.23895263671875
-0.57049560546875 -0.19207763671875 0.0350875854492187 -0.040435791015625
-0.5384521484375 0.0772705078125 -0.0389785766601563 -0.0110130310058594
-0.394989013671875 0.326263427734375 -0.0627632141113282 0.0421028137207032
-0.071868896484375 0.450347900390625 -0.000747680664062495 0.0867691040039063
0.1854248046875 0.357513427734375 0.017059326171875 0.0816421508789063
0.38714599609375 0.16290283203125 0.0935134887695313 0.0565185546875
0.398193359375 -0.005462646484375 0.1160888671875 0.0085601806640625
0.37109375 0.00762939453125 0.0860748291015625 -0.00397491455078125
0.421783447265625 0.009674072265625 0.0556831359863282 0.0156173706054688
0.391357421875 0.156097412109375 0.0419349670410156 -0.0148735046386719
0.228607177734375 0.37408447265625 -0.027923583984375 -0.0580482482910156
-0.033172607421875 0.447723388671875 0.02667236328125 -0.0967025756835937
-0.42578125 0.283111572265625 0.170150756835937 -0.145645141601562
-0.58343505859375 0.05303955078125 0.30072021484375 -0.036895751953125
-0.538848876953125 -0.18408203125 0.374481201171875 0.16064453125
-0.6031494140625 -0.16119384765625 -0.134849548339844 -0.114067077636719
-0.55511474609375 0.110687255859375 -0.146697998046875 -0.00650024414062497
-0.396881103515625 0.356719970703125 -0.074554443359375 0.0441665649414063
-0.070098876953125 0.473846435546875 -0.0196609497070312 0.0323486328125
0.188720703125 0.37371826171875 -0.0529365539550781 0.0230751037597657
0.3975830078125 0.181304931640625 -0.0252876281738281 0.0361862182617188
0.406707763671875 0.01446533203125 -0.0223731994628906 0.035675048828125
0.37799072265625 0.025970458984375 -0.0411109924316406 0.0381355285644531
0.429779052734375 0.031890869140625 -0.0753326416015625 0.0479202270507812
0.392059326171875 0.17230224609375 -0.0854339599609375 -0.0237884521484375
0.22711181640625 0.388824462890625 -0.120216369628906 -0.09344482421875
-0.0325927734375 0.461090087890625 -0.021240234375 -0.1383056640625
-0.442169189453125 0.3006591796875 0.126754760742187 -0.152191162109375
-0.60791015625 0.0738525390625001 0.18157958984375 -0.0184326171875
-0.57330322265625 -0.1771240234375 0.190704345703125 0.078216552734375
-0.547821044921875 -0.104278564453125 -0.3074951171875 -0.181365966796875
-0.486541748046875 0.12542724609375 -0.25274658203125 -0.00123596191406246
-0.332122802734375 0.326141357421875 -0.0893783569335938 0.0445404052734375
-0.054351806640625 0.4150390625 -0.0485343933105469 -0.0198783874511719
0.161651611328125 0.324676513671875 -0.1182861328125 -0.0312118530273437
0.346038818359375 0.170379638671875 -0.139564514160156 0.0154037475585938
0.353118896484375 0.0328369140625 -0.15521240234375 0.0579833984375
0.328460693359375 0.041900634765625 -0.161224365234375 0.0740509033203125
0.3734130859375 0.051910400390625 -0.198654174804687 0.0702667236328125
0.3258056640625 0.16900634765625 -0.200241088867187 -0.034332275390625
0.17120361328125 0.344024658203125 -0.193862915039063 -0.124801635742187
-0.049102783203125 0.385009765625 -0.06005859375 -0.165740966796875
-0.387054443359375 0.240997314453125 0.0817337036132812 -0.135604858398437
-0.524658203125 0.0573730468750001 0.05718994140625 0.00159454345703125
-0.508087158203125 -0.151031494140625 -0.000937461853027375 -0.00473165512084962
-0.407928466796875 -0.03271484375 -0.45806884765625 -0.235260009765625
-0.34033203125 0.120147705078125 -0.343170166015625 -0.00378417968749996
-0.20611572265625 0.240692138671875 -0.104812622070313 0.04364013671875
-0.026214599609375 0.280715942382813 -0.0742568969726563 -0.0554122924804687
0.108871459960938 0.215530395507813 -0.162078857421875 -0.06878662109375
0.236892700195313 0.125579833984375 -0.226730346679687 -0.00448608398437495
0.243942260742188 0.0420684814453125 -0.261459350585938 0.0710601806640625
0.228225708007813 0.04888916015625 -0.257644653320312 0.0966949462890625
0.259262084960938 0.0640106201171875 -0.293243408203125 0.0755615234375
0.207687377929688 0.143661499023437 -0.285186767578125 -0.046173095703125
0.0832061767578125 0.24847412109375 -0.230972290039063 -0.148239135742187
-0.0669097900390625 0.243453979492187 -0.077789306640625 -0.182662963867187
-0.27325439453125 0.125228881835937 0.0477371215820312 -0.112174987792969
-0.351898193359375 0.01983642578125 -0.0466842651367188 0.0147972106933594
-0.358978271484375 -0.108428955078125 -0.1612548828125 -0.0821990966796875
-0.206466674804688 0.0442047119140625 -0.56378173828125 -0.26861572265625
-0.150863647460937 0.09820556640625 -0.406402587890625 -0.00585937499999998
-0.05377197265625 0.124313354492187 -0.121208190917969 0.0539169311523438
0.00684356689453125 0.109451293945313 -0.09100341796875 -0.062347412109375
0.0416641235351563 0.075653076171875 -0.172698974609375 -0.081390380859375
0.0920028686523437 0.063873291015625 -0.269882202148438 -0.0165557861328125
0.0967025756835938 0.0450515747070313 -0.32257080078125 0.0763549804687499
0.093048095703125 0.0480728149414063 -0.314727783203125 0.10504150390625
0.107406616210937 0.0664901733398437 -0.347137451171875 0.0689086914062501
0.063140869140625 0.0983200073242188 -0.32696533203125 -0.06036376953125
-0.01129150390625 0.121452331542969 -0.230392456054688 -0.163742065429688
-0.0677719116210938 0.0760269165039062 -0.073822021484375 -0.1859130859375
-0.120925903320313 0.00712585449218748 0.0301132202148437 -0.0886077880859375
-0.133308410644531 -0.00771331787109375 -0.10791015625 0.0148544311523437
-0.155593872070312 -0.040740966796875 -0.266387939453125 -0.1378173828125
-0.0527877807617188 -0.0780410766601563 0.3345947265625 0.089996337890625
-0.101737976074219 0.0201339721679688 0.145278930664063 -0.0214385986328125
-0.0503311157226563 0.0916900634765625 -0.0462188720703125 0.051666259765625
0.03814697265625 0.080047607421875 0.033172607421875 0.192428588867188
0.078399658203125 0.0391082763671875 0.17578125 0.179962158203125
0.0783157348632813 -0.03228759765625 0.321044921875 0.05908203125
0.0667953491210937 -0.064849853515625 0.368896484375 -0.076171875
0.0542259216308594 -0.0501785278320313 0.325775146484375 -0.11004638671875
0.0592880249023438 -0.0531387329101562 0.317108154296875 -0.06988525390625
0.0731124877929688 -0.00025177001953125 0.281494140625 0.018707275390625
0.041290283203125 0.0506820678710937 0.174606323242188 0.0522613525390625
-0.0252571105957031 0.0636482238769531 0.109519958496094 0.0302658081054688
-0.0689201354980469 -1.52587890625045E-05 0.18609619140625 -0.0506591796875
-0.0599708557128906 -0.0662002563476563 0.4266357421875 -0.017303466796875
0.00214385986328125 -0.0741348266601562 0.608154296875 0.3311767578125
-0.2774658203125 -0.144744873046875 0.29412841796875 0.0770263671875
-0.28900146484375 0.0343017578125 0.122314453125 -0.0135269165039062
-0.200958251953125 0.182662963867188 -0.0469436645507813 0.0429191589355469
-0.00849914550781248 0.231735229492188 0.0222320556640625 0.167800903320313
0.127548217773438 0.170791625976563 0.133865356445313 0.16558837890625
0.214736938476563 0.040557861328125 0.279052734375 0.0701446533203125
0.216720581054688 -0.051788330078125 0.327606201171875 -0.052581787109375
0.197113037109375 -0.0366058349609375 0.28643798828125 -0.087371826171875
0.222824096679688 -0.0379791259765625 0.271087646484375 -0.0491943359375
0.216140747070313 0.0612945556640625 0.2386474609375 0.0079345703125
0.124221801757813 0.187850952148438 0.129264831542969 0.0235595703125
-0.0335540771484375 0.224349975585937 0.0964431762695312 -0.00183105468749999
-0.222457885742188 0.10687255859375 0.196044921875 -0.08538818359375
-0.279281616210938 -0.0298614501953125 0.428955078125 -0.028594970703125
-0.222976684570312 -0.13189697265625 0.6019287109375 0.30078125
-0.46087646484375 -0.185760498046875 0.192901611328125 0.029449462890625
-0.442230224609375 0.0529174804687501 0.0599365234375 -0.0111274719238281
-0.324859619140625 0.264404296875 -0.0513076782226563 0.040191650390625
-0.048126220703125 0.363372802734375 0.01275634765625 0.133613586425781
0.1656494140625 0.284210205078125 0.08233642578125 0.131278991699219
0.32568359375 0.1068115234375 0.203079223632813 0.068267822265625
0.334564208984375 -0.033447265625 0.240219116210938 -0.02447509765625
0.31024169921875 -0.019073486328125 0.202499389648438 -0.0524139404296875
0.351043701171875 -0.01904296875 0.180419921875 -0.019805908203125
0.33001708984375 0.11260986328125 0.156280517578125 -0.00573730468749999
0.19647216796875 0.300384521484375 0.0594024658203125 -0.0143508911132812
-0.03289794921875 0.363311767578125 0.0702705383300781 -0.0477447509765625
-0.34869384765625 0.212371826171875 0.193389892578125 -0.121490478515625
-0.46673583984375 0.017364501953125 0.3895263671875 -0.038299560546875
-0.41864013671875 -0.169036865234375 0.522857666015625 0.238922119140625
-0.57794189453125 -0.18829345703125 0.0455131530761718 -0.0369758605957031
-0.539031982421875 0.0852661132812499 -0.0309257507324219 -0.00694084167480469
-0.39459228515625 0.333404541015625 -0.0593833923339844 0.0429840087890625
-0.0635986328125 0.455413818359375 0.0016021728515625 0.0873031616210938
0.192474365234375 0.35833740234375 0.0197296142578125 0.0813674926757813
0.39581298828125 0.154571533203125 0.0981597900390625 0.0550460815429688
0.40478515625 -0.013336181640625 0.11932373046875 0.00527191162109375
0.3756103515625 0.00018310546875 0.0885162353515625 -0.00870513916015625
0.426422119140625 0.001220703125 0.0606803894042969 0.0155372619628906
0.39630126953125 0.147857666015625 0.0425071716308594 -0.0168037414550781
0.2403564453125 0.373016357421875 -0.0289840698242187 -0.0550270080566406
-0.024078369140625 0.45458984375 0.0296707153320313 -0.0953750610351562
-0.42816162109375 0.29327392578125 0.168716430664062 -0.146484375
-0.589599609375 0.0639038085937499 0.302215576171875 -0.035797119140625
-0.54803466796875 -0.18206787109375 0.377227783203125 0.161346435546875
-0.61090087890625 -0.15704345703125 -0.128921508789063 -0.109092712402344
-0.558013916015625 0.11767578125 -0.140007019042969 -3.81469726562384E-05
-0.398101806640625 0.365386962890625 -0.0708541870117188 0.0462570190429688
-0.061187744140625 0.481964111328125 -0.0188064575195313 0.0333480834960938
0.19805908203125 0.373504638671875 -0.0510787963867187 0.0235061645507813
0.4078369140625 0.173492431640625 -0.0226058959960937 0.036651611328125
0.413909912109375 0.0054931640625 -0.0197219848632812 0.0352287292480469
0.38433837890625 0.018646240234375 -0.0385513305664062 0.0356025695800781
0.4376220703125 0.0228271484375 -0.071044921875 0.0496597290039062
0.397705078125 0.163818359375 -0.08453369140625 -0.0240020751953125
0.23919677734375 0.389556884765625 -0.122657775878906 -0.0897903442382813
-0.024871826171875 0.468231201171875 -0.0194778442382813 -0.135910034179688
-0.443115234375 0.311767578125 0.12664794921875 -0.151412963867187
-0.6126708984375 0.08331298828125 0.1827392578125 -0.0165863037109375
-0.5826416015625 -0.17779541015625 0.188613891601562 0.0800628662109375
-0.55584716796875 -0.10247802734375 -0.30615234375 -0.175048828125
-0.49188232421875 0.132080078125 -0.24981689453125 0.00459289550781255
-0.331390380859375 0.334320068359375 -0.08709716796875 0.0465545654296875
-0.0452880859375 0.42303466796875 -0.0478630065917969 -0.0181617736816406
0.171478271484375 0.325225830078125 -0.117874145507812 -0.029571533203125
0.3563232421875 0.1624755859375 -0.137962341308594 0.016510009765625
0.360504150390625 0.024749755859375 -0.153884887695313 0.0596923828125
0.335906982421875 0.035369873046875 -0.159744262695312 0.073028564453125
0.380615234375 0.0438232421875 -0.194992065429687 0.0725860595703125
0.332733154296875 0.163055419921875 -0.200302124023437 -0.0316619873046875
0.183258056640625 0.346221923828125 -0.19580078125 -0.119964599609375
-0.042633056640625 0.39190673828125 -0.0603179931640625 -0.162948608398437
-0.390411376953125 0.249114990234375 0.080902099609375 -0.136398315429687
-0.529266357421875 0.06439208984375 0.0551414489746093 0.00508499145507813
-0.516357421875 -0.155548095703125 -0.00598001480102542 -0.00275278091430665
-0.41455078125 -0.031768798828125 -0.46160888671875 -0.229156494140625
-0.346160888671875 0.12469482421875 -0.34405517578125 0.00479125976562501
-0.207717895507812 0.245269775390625 -0.104705810546875 0.0484542846679688
-0.021026611328125 0.287872314453125 -0.0753021240234375 -0.0533599853515625
0.115264892578125 0.217971801757813 -0.16162109375 -0.0672454833984375
0.245681762695313 0.122894287109375 -0.226165771484375 -0.00129699707031246
0.250289916992188 0.03607177734375 -0.2611083984375 0.075042724609375
0.235183715820313 0.045318603515625 -0.2569580078125 0.0991363525390625
0.267166137695313 0.060333251953125 -0.291961669921875 0.0817260742187501
0.213623046875 0.1402587890625 -0.286224365234375 -0.043182373046875
0.0912017822265625 0.251296997070313 -0.233230590820313 -0.143768310546875
-0.06280517578125 0.25042724609375 -0.0794677734375 -0.179214477539062
-0.276870727539063 0.133163452148437 0.0473403930664062 -0.111930847167969
-0.356781005859375 0.024932861328125 -0.0487174987792969 0.017852783203125
-0.365814208984375 -0.112152099609375 -0.170928955078125 -0.0785064697265625
-0.210968017578125 0.04327392578125 -0.57293701171875 -0.26239013671875
-0.15557861328125 0.099029541015625 -0.411529541015625 0.00198364257812496
-0.0554122924804688 0.1263427734375 -0.121177673339844 0.0571823120117188
0.00823211669921876 0.114219665527344 -0.0920028686523437 -0.0606155395507813
0.0442657470703125 0.0789718627929688 -0.17376708984375 -0.0812225341796875
0.098175048828125 0.0624542236328125 -0.271041870117188 -0.0133056640625
0.101310729980469 0.0425186157226563 -0.324859619140625 0.081024169921875
0.0983352661132812 0.0457687377929687 -0.316253662109375 0.10968017578125
0.114006042480469 0.0648269653320312 -0.346923828125 0.07427978515625
0.06842041015625 0.0973663330078125 -0.329315185546875 -0.055694580078125
-0.00626373291015624 0.124137878417969 -0.233673095703125 -0.15863037109375
-0.068115234375 0.0815811157226563 -0.07550048828125 -0.184158325195313
-0.124679565429688 0.011627197265625 0.0304031372070313 -0.0878753662109375
-0.136100769042969 -0.00778961181640626 -0.112754821777344 0.0177459716796875
-0.16119384765625 -0.045806884765625 -0.279159545898438 -0.134719848632813
-0.0527191162109375 -0.0786285400390625 0.353851318359375 0.0877685546875
-0.0992813110351563 0.0227508544921875 0.154739379882813 -0.0250701904296875
-0.0490036010742188 0.0936737060546875 -0.0466156005859375 0.0516891479492188
0.0390243530273437 0.0790252685546875 0.0374298095703125 0.195907592773437
0.079620361328125 0.0369338989257813 0.182662963867188 0.182296752929688
0.0773696899414063 -0.03558349609375 0.3302001953125 0.056427001953125
0.0659446716308594 -0.0677223205566406 0.377593994140625 -0.08544921875
0.0517539978027344 -0.0523834228515625 0.333648681640625 -0.11810302734375
0.0551795959472656 -0.0564079284667969 0.326080322265625 -0.07708740234375
0.0723648071289063 -0.0053253173828125 0.28936767578125 0.014312744140625
0.0433120727539063 0.0491104125976563 0.179367065429688 0.0514678955078125
-0.0230979919433594 0.0645637512207031 0.113533020019531 0.0306777954101563
-0.0688552856445313 0.00127410888671876 0.189605712890625 -0.0545196533203125
-0.0619010925292969 -0.0634269714355469 0.4410400390625 -0.0230712890625
0.0038604736328125 -0.070831298828125 0.63262939453125 0.3319091796875
-0.285247802734375 -0.1441650390625 0.313201904296875 0.07611083984375
-0.2919921875 0.039703369140625 0.132896423339844 -0.0155715942382812
-0.203201293945313 0.189208984375 -0.0463218688964844 0.0425682067871094
-0.00445556640625001 0.236068725585937 0.0262603759765625 0.170822143554688
0.133453369140625 0.172225952148438 0.139389038085938 0.168380737304688
0.220718383789063 0.0352020263671875 0.28717041015625 0.067230224609375
0.22113037109375 -0.05926513671875 0.33734130859375 -0.06170654296875
0.200271606445312 -0.0419769287109375 0.293182373046875 -0.095184326171875
0.225570678710938 -0.04425048828125 0.280426025390625 -0.0553741455078125
0.22113037109375 0.055755615234375 0.245590209960938 0.00360107421875
0.132949829101562 0.188858032226562 0.133338928222656 0.0245513916015625
-0.029205322265625 0.2313232421875 0.100944519042969 -0.00201416015624999
-0.226669311523438 0.115615844726562 0.199554443359375 -0.08917236328125
-0.2869873046875 -0.022369384765625 0.44329833984375 -0.033721923828125
-0.231201171875 -0.128952026367187 0.62445068359375 0.3004150390625
-0.474853515625 -0.18359375 0.2095947265625 0.0301971435546875
-0.45074462890625 0.0615234375 0.0708465576171875 -0.0111465454101562
-0.330047607421875 0.276580810546875 -0.0499954223632813 0.0405387878417969
-0.042083740234375 0.3743896484375 0.017242431640625 0.136146545410156
0.176513671875 0.2879638671875 0.0860824584960938 0.133697509765625
0.33709716796875 0.099761962890625 0.209762573242188 0.0654449462890625
0.345245361328125 -0.0435791015625 0.248382568359375 -0.031158447265625
0.318084716796875 -0.027191162109375 0.209548950195313 -0.0592803955078125
0.360504150390625 -0.029571533203125 0.19036865234375 -0.0234222412109375
0.34136962890625 0.10638427734375 0.159942626953125 -0.00865173339843749
0.210113525390625 0.303955078125 0.0605354309082031 -0.0127983093261719
-0.02490234375 0.375457763671875 0.0745162963867188 -0.048736572265625
-0.35626220703125 0.226165771484375 0.1966552734375 -0.125762939453125
-0.480743408203125 0.0293273925781251 0.401458740234375 -0.040802001953125
-0.434539794921875 -0.1680908203125 0.54132080078125 0.2391357421875
-0.595947265625 -0.18585205078125 0.0567054748535156 -0.0357513427734375
-0.550689697265625 0.0955810546874999 -0.0235443115234375 -0.00492286682128906
-0.4019775390625 0.350372314453125 -0.0571517944335938 0.0443840026855469
-0.05548095703125 0.471099853515625 0.00444793701171875 0.089141845703125
0.2061767578125 0.36444091796875 0.021453857421875 0.0832748413085938
0.4110107421875 0.147247314453125 0.104957580566406 0.0549392700195313
0.41845703125 -0.02435302734375 0.125076293945313 0.00179290771484375
0.386566162109375 -0.008880615234375 0.092987060546875 -0.0144805908203125
0.43927001953125 -0.0091552734375 0.0674209594726563 0.0147476196289063
0.410247802734375 0.141387939453125 0.0433311462402344 -0.0185394287109375
0.259429931640625 0.37847900390625 -0.030975341796875 -0.0524139404296875
-0.01470947265625 0.470306396484375 0.0321578979492188 -0.0977783203125
-0.437835693359375 0.310272216796875 0.171127319335937 -0.150833129882812
-0.6060791015625 0.0773925781249999 0.311798095703125 -0.035736083984375
-0.56817626953125 -0.18194580078125 0.388214111328125 0.164886474609375
-0.6326904296875 -0.15423583984375 -0.125686645507813 -0.106765747070313
-0.57275390625 0.12872314453125 -0.136917114257813 0.00422668457031248
-0.40545654296875 0.381744384765625 -0.0692062377929688 0.0482864379882813
-0.051422119140625 0.49896240234375 -0.0170211791992188 0.0346260070800782
0.21221923828125 0.382598876953125 -0.0521621704101562 0.0253410339355469
0.425933837890625 0.167236328125 -0.0186347961425781 0.0374565124511719
0.42767333984375 -0.00390625 -0.0173320770263672 0.0346412658691406
0.398223876953125 0.010498046875 -0.0370063781738281 0.0331611633300781
0.452728271484375 0.01165771484375 -0.0679817199707031 0.0519447326660156
0.41314697265625 0.159271240234375 -0.0866317749023437 -0.0238418579101563
0.257904052734375 0.396697998046875 -0.126602172851562 -0.0869293212890625
-0.0152587890625 0.48443603515625 -0.0183868408203125 -0.138420104980469
-0.453521728515625 0.329193115234375 0.128509521484375 -0.155288696289062
-0.63043212890625 0.0968627929687499 0.186996459960937 -0.0152740478515625
-0.60614013671875 -0.17864990234375 0.191543579101562 0.083251953125
-0.5760498046875 -0.10125732421875 -0.310516357421875 -0.171661376953125
-0.504486083984375 0.140960693359375 -0.251312255859375 0.0114288330078126
-0.3397216796875 0.350799560546875 -0.08599853515625 0.0503463745117188
-0.037017822265625 0.439361572265625 -0.0478706359863281 -0.0178184509277344
0.18487548828125 0.333526611328125 -0.1204833984375 -0.0282211303710937
0.373809814453125 0.157196044921875 -0.138023376464844 0.0188522338867187
0.37493896484375 0.0150146484375 -0.15521240234375 0.0622711181640625
0.349212646484375 0.028228759765625 -0.161758422851562 0.0745849609375
0.396820068359375 0.03594970703125 -0.195419311523437 0.078155517578125
0.34637451171875 0.15911865234375 -0.2059326171875 -0.0300750732421875
0.198883056640625 0.353790283203125 -0.202178955078125 -0.11737060546875
-0.035552978515625 0.407073974609375 -0.0604400634765625 -0.165847778320313
-0.400848388671875 0.264190673828125 0.0828399658203125 -0.139884948730469
-0.5447998046875 0.0732727050781249 0.0564727783203125 0.00808334350585938
-0.538726806640625 -0.159515380859375 -0.0110092163085938 0.00110912322998046
-0.430084228515625 -0.0307617187500001 -0.4765625 -0.226348876953125
-0.357452392578125 0.132354736328125 -0.352142333984375 0.0134277343750001
-0.213653564453125 0.2567138671875 -0.105331420898438 0.0522689819335938
-0.01483154296875 0.302398681640625 -0.0770492553710938 -0.0532684326171875
0.12451171875 0.224502563476563 -0.166610717773437 -0.0663299560546875
0.260833740234375 0.119644165039063 -0.229843139648437 0.00155639648437499
0.26190185546875 0.0304718017578125 -0.267303466796875 0.081298828125
0.246871948242188 0.040374755859375 -0.2620849609375 0.10357666015625
0.280227661132813 0.0549774169921875 -0.296478271484375 0.088897705078125
0.22509765625 0.139450073242187 -0.293182373046875 -0.039215087890625
0.102127075195313 0.257659912109375 -0.241134643554687 -0.14105224609375
-0.059539794921875 0.262237548828125 -0.0809173583984375 -0.18133544921875
-0.2845458984375 0.143798828125 0.0478515625 -0.115303039550781
-0.368011474609375 0.0303344726562499 -0.0527992248535156 0.0216407775878906
-0.38262939453125 -0.117706298828125 -0.183303833007813 -0.0750732421875
-0.218338012695313 0.04302978515625 -0.5943603515625 -0.25872802734375
-0.162628173828125 0.102127075195312 -0.424591064453125 0.011474609375
-0.0582427978515625 0.129364013671875 -0.123046875 0.0620193481445312
0.0109176635742188 0.121101379394531 -0.0950698852539063 -0.059906005859375
0.0482406616210938 0.0829849243164063 -0.17938232421875 -0.081756591796875
0.106559753417969 0.0627288818359375 -0.277481079101563 -0.0109710693359376
0.1080322265625 0.0403900146484375 -0.333282470703125 0.088592529296875
0.105377197265625 0.0450592041015625 -0.32318115234375 0.1163330078125
0.12298583984375 0.0643234252929688 -0.355133056640625 0.08306884765625
0.0759124755859375 0.0982437133789063 -0.33721923828125 -0.05126953125
-0.00101470947265625 0.129280090332031 -0.24237060546875 -0.158050537109375
-0.0681304931640625 0.0886917114257813 -0.0794677734375 -0.186721801757813
-0.130035400390625 0.0168380737304688 0.030517578125 -0.0909576416015625
-0.142654418945313 -0.00679016113281252 -0.119316101074219 0.0211410522460938
-0.171035766601563 -0.0511932373046875 -0.29718017578125 -0.132354736328125
-0.0559158325195312 -0.0782623291015625 0.3790283203125 0.077789306640625
-0.0973968505859375 0.0270538330078125 0.16619873046875 -0.032196044921875
-0.04571533203125 0.0973587036132812 -0.0467414855957031 0.0542945861816406
0.0417022705078125 0.0787353515625 0.045684814453125 0.201553344726563
0.0829238891601563 0.03460693359375 0.195648193359375 0.183746337890625
0.0770111083984375 -0.0400238037109375 0.344482421875 0.0465087890625
0.0640106201171875 -0.0738143920898438 0.39013671875 -0.104217529296875
0.0488739013671875 -0.0559425354003906 0.343048095703125 -0.134918212890625
0.0508880615234375 -0.0606803894042969 0.338775634765625 -0.09210205078125
0.0716705322265625 -0.0108566284179688 0.301422119140625 0.004730224609375
0.0472335815429687 0.0462646484375 0.188217163085938 0.048065185546875
-0.0208244323730469 0.0658073425292969 0.119453430175781 0.0273895263671875
-0.0705642700195313 0.00336456298828124 0.194229125976563 -0.062744140625
-0.0649490356445313 -0.0596580505371094 0.46124267578125 -0.039642333984375
0.00362777709960937 -0.0697517395019531 0.67230224609375 0.322265625
-0.301605224609375 -0.138763427734375 0.338043212890625 0.068634033203125
-0.296661376953125 0.051055908203125 0.145828247070312 -0.021820068359375
-0.203536987304688 0.2030029296875 -0.0463104248046875 0.0438423156738281
0.00358581542968751 0.243576049804688 0.03369140625 0.17626953125
0.144271850585938 0.172958374023438 0.15020751953125 0.170318603515625
0.229782104492188 0.0264434814453125 0.301361083984375 0.059844970703125
0.227432250976563 -0.0721282958984375 0.349884033203125 -0.0780029296875
0.204147338867188 -0.05242919921875 0.302978515625 -0.111907958984375
0.229751586914062 -0.057403564453125 0.293243408203125 -0.0692138671875
0.230316162109375 0.046295166015625 0.254791259765625 -0.0047454833984375
0.148773193359375 0.188934326171875 0.138961791992188 0.0224456787109375
-0.0195465087890625 0.24176025390625 0.106208801269531 -0.00689697265624999
-0.232208251953125 0.129440307617188 0.204193115234375 -0.098876953125
-0.299285888671875 -0.00942993164062495 0.462646484375 -0.048187255859375
-0.245803833007813 -0.1236572265625 0.6614990234375 0.28997802734375
-0.49945068359375 -0.175384521484375 0.229110717773437 0.0250701904296875
-0.462158203125 0.0792236328124999 0.0815353393554687 -0.0139007568359375
-0.33453369140625 0.298370361328125 -0.0495719909667969 0.0426788330078125
-0.02899169921875 0.3883056640625 0.02374267578125 0.139991760253906
0.19415283203125 0.29290771484375 0.0939102172851563 0.136215209960938
0.35540771484375 0.0880126953125 0.223114013671875 0.06182861328125
0.35662841796875 -0.061279296875 0.259201049804688 -0.0432281494140625
0.329010009765625 -0.0423583984375 0.2156982421875 -0.07244873046875
0.37274169921875 -0.04736328125 0.200759887695313 -0.0316314697265625
0.35711669921875 0.09356689453125 0.166397094726563 -0.014862060546875
0.234588623046875 0.306121826171875 0.0624351501464844 -0.01251220703125
-0.00897216796875001 0.391754150390625 0.0778427124023438 -0.0541915893554687
-0.364593505859375 0.25091552734375 0.199691772460937 -0.13629150390625
-0.500579833984375 0.0504455566406251 0.41961669921875 -0.0533447265625
-0.45965576171875 -0.15985107421875 0.57073974609375 0.23187255859375
-0.6260986328125 -0.174560546875 0.0675544738769531 -0.0369377136230469
-0.5679931640625 0.1170654296875 -0.0162534713745118 -0.00319480895996093
-0.40814208984375 0.3785400390625 -0.0560379028320313 0.0470314025878906
-0.03875732421875 0.4918212890625 0.00952148437500001 0.0920639038085938
0.228668212890625 0.371246337890625 0.0250396728515625 0.0868759155273438
0.43377685546875 0.132659912109375 0.1136474609375 0.0533218383789063
0.43511962890625 -0.045623779296875 0.132049560546875 -0.00449371337890625
0.402313232421875 -0.025848388671875 0.09649658203125 -0.0218124389648437
0.459075927734375 -0.030975341796875 0.0751571655273438 0.011505126953125
0.4312744140625 0.128082275390625 0.0439949035644532 -0.0212211608886719
0.287933349609375 0.382080078125 -0.0335693359375 -0.0502815246582031
0.00387573242187499 0.49053955078125 0.0330123901367188 -0.103103637695312
-0.4464111328125 0.341888427734375 0.17236328125 -0.161148071289062
-0.6275634765625 0.10296630859375 0.324737548828125 -0.044677734375
-0.601318359375 -0.1724853515625 0.407470703125 0.16015625
-0.66253662109375 -0.14117431640625 -0.125801086425781 -0.105140686035156
-0.59063720703125 0.15130615234375 -0.134346008300781 0.0103530883789063
-0.410980224609375 0.41290283203125 -0.0681915283203125 0.0523948669433594
-0.032257080078125 0.52166748046875 -0.0151634216308594 0.0365867614746094
0.23681640625 0.390411376953125 -0.0523300170898437 0.0284538269042969
0.45257568359375 0.151458740234375 -0.0146636962890625 0.0393600463867188
0.447967529296875 -0.02545166015625 -0.0144634246826172 0.0347537994384766
0.416107177734375 -0.0068359375 -0.0368804931640625 0.0315170288085938
0.47467041015625 -0.0078125 -0.0644645690917968 0.0552902221679687
0.4365234375 0.146881103515625 -0.0909957885742187 -0.0223388671875
0.28741455078125 0.40167236328125 -0.1336669921875 -0.0830154418945312
0.00378417968750001 0.505828857421875 -0.020294189453125 -0.143844604492188
-0.462921142578125 0.361053466796875 0.129104614257812 -0.164276123046875
-0.65435791015625 0.12255859375 0.195388793945312 -0.018035888671875
-0.64019775390625 -0.1705322265625 0.199539184570313 0.0835113525390625
-0.6044921875 -0.0902709960937499 -0.3231201171875 -0.16632080078125
-0.522674560546875 0.163116455078125 -0.2564697265625 0.02294921875
-0.345428466796875 0.378387451171875 -0.0854415893554688 0.056304931640625
-0.01947021484375 0.461578369140625 -0.0487861633300781 -0.0163803100585937
0.206634521484375 0.3411865234375 -0.126220703125 -0.0243453979492187
0.39813232421875 0.1446533203125 -0.139595031738281 0.0237808227539063
0.392852783203125 -0.002410888671875 -0.15814208984375 0.0690765380859375
0.36700439453125 0.013336181640625 -0.164993286132812 0.079559326171875
0.41815185546875 0.018768310546875 -0.19708251953125 0.0879058837890625
0.368072509765625 0.14990234375 -0.214630126953125 -0.0244903564453125
0.2249755859375 0.360198974609375 -0.213424682617188 -0.111373901367188
-0.0201416015625 0.427032470703125 -0.0654754638671875 -0.170486450195312
-0.4095458984375 0.290618896484375 0.0811920166015625 -0.147857666015625
-0.5653076171875 0.0947875976562501 0.0581169128417968 0.0107612609863281
-0.5712890625 -0.15411376953125 -0.0155458450317383 0.00534057617187499
-0.45050048828125 -0.0224609374999999 -0.5006103515625 -0.217864990234375
-0.370819091796875 0.1478271484375 -0.363739013671875 0.028961181640625
-0.218109130859375 0.275711059570313 -0.105796813964844 0.0595932006835938
-0.00137329101562498 0.317901611328125 -0.0808334350585938 -0.05096435546875
0.140975952148438 0.231353759765625 -0.175201416015625 -0.063018798828125
0.279769897460937 0.11102294921875 -0.236724853515625 0.00920104980468747
0.276702880859375 0.0184173583984375 -0.274932861328125 0.0935516357421875
0.261459350585938 0.0299530029296875 -0.268402099609375 0.114166259765625
0.299102783203125 0.043212890625 -0.30328369140625 0.10284423828125
0.242294311523438 0.13385009765625 -0.30560302734375 -0.0303039550781249
0.121139526367188 0.264892578125 -0.255020141601563 -0.13543701171875
-0.050628662109375 0.277236938476563 -0.087921142578125 -0.185302734375
-0.293701171875 0.16204833984375 0.0457534790039062 -0.121749877929688
-0.383575439453125 0.042694091796875 -0.0557746887207031 0.0276412963867188
-0.4078369140625 -0.114837646484375 -0.19854736328125 -0.0684967041015625
-0.228790283203125 0.047821044921875 -0.6253662109375 -0.24871826171875
-0.169662475585937 0.109024047851562 -0.4415283203125 0.02838134765625
-0.0599212646484375 0.136909484863281 -0.124862670898437 0.0702362060546875
0.0168533325195313 0.128089904785156 -0.100669860839844 -0.0581436157226562
0.0548095703125 0.086944580078125 -0.188308715820312 -0.078125
0.116264343261719 0.0591659545898438 -0.28863525390625 -0.00231933593750006
0.1163330078125 0.0356826782226563 -0.343658447265625 0.10504150390625
0.114883422851563 0.0412521362304688 -0.332733154296875 0.13189697265625
0.134811401367188 0.0601959228515625 -0.366455078125 0.0998535156250001
0.0864028930664063 0.098602294921875 -0.351348876953125 -0.04107666015625
0.00757598876953126 0.1365966796875 -0.256072998046875 -0.152633666992188
-0.066802978515625 0.09796142578125 -0.0874176025390625 -0.189895629882813
-0.136116027832031 0.0234832763671875 0.0285568237304687 -0.0957565307617188
-0.15142822265625 -0.00350952148437499 -0.127243041992188 0.0282363891601563
-0.184799194335937 -0.0528564453125 -0.320220947265625 -0.124267578125
-0.06060791015625 -0.076080322265625 0.401702880859375 0.056304931640625
-0.0933303833007812 0.0336227416992188 0.175323486328125 -0.045013427734375
-0.0386199951171875 0.10101318359375 -0.0446243286132813 0.0573234558105469
0.045196533203125 0.0766372680664063 0.0590362548828125 0.204010009765625
0.0858612060546875 0.0303192138671875 0.211685180664063 0.17657470703125
0.0748443603515625 -0.0464553833007813 0.355194091796875 0.027587890625
0.0589218139648438 -0.0806808471679688 0.395599365234375 -0.1322021484375
0.043212890625 -0.0598793029785156 0.3443603515625 -0.160400390625
0.0444145202636719 -0.0647926330566406 0.34375 -0.11761474609375
0.0696907043457031 -0.0166664123535156 0.310394287109375 -0.013092041015625
0.0511360168457031 0.042572021484375 0.19635009765625 0.038665771484375
-0.0163650512695312 0.0671157836914063 0.124656677246094 0.020904541015625
-0.0706329345703125 0.00814056396484376 0.195480346679687 -0.0755157470703125
-0.0681724548339844 -0.0536041259765625 0.47430419921875 -0.07025146484375
0.00225448608398437 -0.0681915283203125 0.71209716796875 0.2906494140625
-0.31622314453125 -0.124603271484375 0.360748291015625 0.050140380859375
-0.2967529296875 0.06939697265625 0.155731201171875 -0.03173828125
-0.196014404296875 0.220016479492188 -0.0446891784667969 0.0470046997070313
0.0177001953125 0.24859619140625 0.04595947265625 0.178253173828125
0.15826416015625 0.167526245117188 0.1639404296875 0.166854858398438
0.236221313476562 0.010009765625 0.314666748046875 0.043487548828125
0.227920532226563 -0.090728759765625 0.355621337890625 -0.102325439453125
0.204269409179688 -0.06744384765625 0.304351806640625 -0.134368896484375
0.229888916015625 -0.0750274658203125 0.30010986328125 -0.08966064453125
0.237014770507813 0.0303192138671875 0.261627197265625 -0.020751953125
0.166152954101563 0.181655883789063 0.144027709960938 0.0167388916015625
-0.00370788574218752 0.248428344726563 0.109962463378906 -0.0140380859375
-0.231475830078125 0.149078369140625 0.203536987304687 -0.112350463867187
-0.307403564453125 0.012908935546875 0.47625732421875 -0.076416015625
-0.260147094726563 -0.1109619140625 0.69970703125 0.26129150390625
-0.524993896484375 -0.151275634765625 0.247665405273437 0.01275634765625
-0.46661376953125 0.1072998046875 0.09228515625 -0.0192031860351562
-0.325592041015625 0.3258056640625 -0.0469131469726563 0.0452919006347656
-0.00592041015624999 0.39947509765625 0.033203125 0.141860961914063
0.217071533203125 0.287841796875 0.104843139648438 0.135612487792969
0.369384765625 0.06396484375 0.234664916992188 0.0490264892578125
0.363037109375 -0.09027099609375 0.265838623046875 -0.062530517578125
0.334503173828125 -0.065032958984375 0.217025756835938 -0.08966064453125
0.380096435546875 -0.075714111328125 0.208145141601563 -0.04638671875
0.371063232421875 0.07135009765625 0.169113159179688 -0.0250091552734375
0.26348876953125 0.29718017578125 0.0640983581542969 -0.0145378112792969
0.015838623046875 0.4031982421875 0.07843017578125 -0.06170654296875
-0.3623046875 0.28179931640625 0.196182250976562 -0.149871826171875
-0.512054443359375 0.0860900878906251 0.430572509765625 -0.076507568359375
-0.484039306640625 -0.13824462890625 0.602294921875 0.207275390625
-0.65472412109375 -0.143798828125 0.0773315429687499 -0.0410308837890625
-0.57421875 0.1519775390625 -0.00782060623168949 -0.00236034393310546
-0.399261474609375 0.412200927734375 -0.0534133911132813 0.0508613586425781
-0.00851440429687495 0.506195068359375 0.01690673828125 0.0936431884765625
0.2587890625 0.36712646484375 0.0310592651367188 0.0890884399414063
0.45465087890625 0.104522705078125 0.123046875 0.0470962524414063
0.44500732421875 -0.078399658203125 0.138053894042969 -0.014862060546875
0.412567138671875 -0.055084228515625 0.0969085693359375 -0.0313186645507813
0.47076416015625 -0.06536865234375 0.08197021484375 0.00572967529296875
0.450958251953125 0.1014404296875 0.043121337890625 -0.0240707397460937
0.32525634765625 0.371917724609375 -0.0360984802246093 -0.0468025207519531
0.0361328125 0.5035400390625 0.0297622680664063 -0.109413146972656
-0.441741943359375 0.379913330078125 0.167694091796875 -0.173812866210937
-0.64154052734375 0.14605712890625 0.334136962890625 -0.06060791015625
-0.631591796875 -0.14678955078125 0.4287109375 0.14312744140625
-0.6920166015625 -0.1121826171875 -0.126998901367188 -0.0990066528320312
-0.59771728515625 0.18841552734375 -0.130546569824219 0.0184173583984375
-0.40283203125 0.451385498046875 -0.0652885437011719 0.0572624206542969
0.00149536132812494 0.538330078125 -0.0116806030273437 0.0385704040527344
0.26873779296875 0.386444091796875 -0.0517959594726562 0.03375244140625
0.47454833984375 0.123016357421875 -0.0088691711425781 0.0398674011230469
0.46038818359375 -0.058868408203125 -0.0110855102539062 0.0344276428222656
0.4278564453125 -0.0355224609375 -0.0368614196777343 0.0314102172851563
0.489776611328125 -0.0439453125 -0.0585479736328125 0.0594825744628906
0.45751953125 0.12017822265625 -0.0955581665039062 -0.0175094604492187
0.325103759765625 0.393463134765625 -0.141159057617188 -0.0741729736328124
0.0357666015625 0.51971435546875 -0.027984619140625 -0.148269653320312
-0.458984375 0.40118408203125 0.122756958007812 -0.175155639648437
-0.66705322265625 0.166015625 0.201858520507813 -0.0253753662109375
-0.67327880859375 -0.143798828125 0.208892822265625 0.0771026611328125
-0.6300048828125 -0.0614013671875001 -0.33685302734375 -0.151611328125
-0.52978515625 0.19708251953125 -0.257736206054688 0.0394287109375
-0.33795166015625 0.412109375 -0.0829544067382813 0.062469482421875
0.011322021484375 0.476898193359375 -0.0495491027832031 -0.0129585266113281
0.23565673828125 0.33880615234375 -0.130729675292969 -0.0171051025390625
0.420562744140625 0.1187744140625 -0.138725280761719 0.0312118530273437
0.406646728515625 -0.031036376953125 -0.156539916992187 0.0789947509765625
0.379608154296875 -0.011627197265625 -0.166290283203125 0.088226318359375
0.434906005859375 -0.0130615234375 -0.19384765625 0.10174560546875
0.389068603515625 0.129364013671875 -0.221878051757812 -0.0121612548828125
0.25811767578125 0.35546875 -0.223709106445312 -0.098907470703125
0.00613403320312498 0.442108154296875 -0.0755615234375 -0.173446655273437
-0.407806396484375 0.326995849609375 0.075408935546875 -0.156234741210937
-0.578125 0.1304931640625 0.0606803894042968 0.011077880859375
-0.60150146484375 -0.131103515625 -0.0182628631591797 0.00975036621093749
-0.46868896484375 -0.00115966796874992 -0.524078369140625 -0.192962646484375
-0.377197265625 0.173248291015625 -0.3702392578125 0.0535888671875001
-0.21258544921875 0.298431396484375 -0.103691101074219 0.0687255859375
0.020355224609375 0.3284912109375 -0.084808349609375 -0.0467910766601562
0.161346435546875 0.231002807617187 -0.183456420898438 -0.0536041259765625
0.29693603515625 0.09283447265625 -0.240280151367187 0.02203369140625
0.288116455078125 -0.0018310546875 -0.276046752929688 0.112518310546875
0.273208618164062 0.0120697021484375 -0.270263671875 0.131790161132813
0.314483642578125 0.020965576171875 -0.302581787109375 0.124725341796875
0.259445190429688 0.120513916015625 -0.314971923828125 -0.013275146484375
0.14544677734375 0.264572143554687 -0.268951416015625 -0.120834350585938
-0.03363037109375 0.29058837890625 -0.100296020507812 -0.185897827148437
-0.294952392578125 0.185150146484375 0.039703369140625 -0.127479553222656
-0.39483642578125 0.06658935546875 -0.0572776794433594 0.0346717834472656
-0.43145751953125 -0.100067138671875 -0.212020874023438 -0.055419921875
-0.233795166015625 0.0573577880859375 -0.6590576171875 -0.21734619140625
-0.172286987304688 0.120834350585937 -0.454559326171875 0.05804443359375
-0.0584259033203125 0.143707275390625 -0.123085021972656 0.0809860229492188
0.0260772705078125 0.132919311523438 -0.1063232421875 -0.0528564453125
0.063140869140625 0.0879440307617188 -0.198104858398438 -0.0699920654296875
0.125823974609375 0.0521240234375 -0.296173095703125 0.014068603515625
0.124267578125 0.0282516479492188 -0.348052978515625 0.128753662109375
0.123481750488281 0.0336532592773438 -0.334381103515625 0.1546630859375
0.146591186523438 0.050567626953125 -0.368865966796875 0.126068115234375
0.0981216430664063 0.094329833984375 -0.362457275390625 -0.020660400390625
0.0197067260742188 0.140342712402344 -0.271820068359375 -0.140213012695312
-0.0614547729492188 0.107353210449219 -0.1007080078125 -0.189163208007812
-0.139915466308594 0.034515380859375 0.0229110717773437 -0.10028076171875
-0.158294677734375 0.00404357910156248 -0.132293701171875 0.0395889282226563
-0.198516845703125 -0.0484466552734375 -0.34271240234375 -0.10443115234375
-0.0639419555664063 -0.0710678100585938 0.412872314453125 0.02911376953125
-0.0859451293945312 0.03839111328125 0.179550170898438 -0.0586395263671875
-0.0299301147460937 0.101943969726563 -0.0412521362304688 0.0595436096191406
0.04901123046875 0.0726547241210937 0.0729827880859375 0.198623657226563
0.087066650390625 0.0236282348632813 0.22271728515625 0.163101196289063
0.0697822570800781 -0.0518150329589844 0.35723876953125 0.00433349609375
0.0507583618164063 -0.0858993530273438 0.387969970703125 -0.15936279296875
0.0365142822265625 -0.0624504089355469 0.335205078125 -0.182769775390625
0.0361366271972656 -0.0666732788085937 0.33819580078125 -0.1412353515625
0.065460205078125 -0.0230827331542969 0.31060791015625 -0.03369140625
0.0531425476074219 0.0366859436035156 0.199081420898437 0.026031494140625
-0.0114669799804687 0.0670280456542969 0.126411437988281 0.0127182006835938
-0.0694198608398438 0.0137863159179687 0.190948486328125 -0.087738037109375
-0.0697212219238281 -0.0458030700683594 0.47265625 -0.102996826171875
0.000480651855468754 -0.0650978088378906 0.73175048828125 0.24298095703125
-0.323638916015625 -0.1043701171875 0.37347412109375 0.02593994140625
-0.286895751953125 0.087432861328125 0.162368774414063 -0.0439453125
-0.181304931640625 0.231964111328125 -0.0409927368164063 0.0492134094238281
0.033477783203125 0.245712280273438 0.058319091796875 0.174224853515625
0.168914794921875 0.156890869140625 0.174835205078125 0.156875610351563
0.235794067382813 -0.00787353515625 0.318634033203125 0.0225830078125
0.219757080078125 -0.10888671875 0.350982666015625 -0.128570556640625
0.197952270507813 -0.08123779296875 0.295654296875 -0.1563720703125
0.22357177734375 -0.092193603515625 0.297149658203125 -0.1114501953125
0.236236572265625 0.0123748779296875 0.260589599609375 -0.03729248046875
0.179351806640625 0.167953491210938 0.146484375 0.00822448730468751
0.01409912109375 0.248199462890625 0.1097412109375 -0.0218124389648437
-0.222808837890625 0.166717529296875 0.197036743164063 -0.124374389648437
-0.306365966796875 0.037322998046875 0.476043701171875 -0.1083984375
-0.267684936523438 -0.0925445556640625 0.717041015625 0.21514892578125
-0.5341796875 -0.118499755859375 0.258102416992187 -0.00337219238281251
-0.455169677734375 0.135650634765625 0.0993881225585937 -0.0267410278320312
-0.305938720703125 0.347686767578125 -0.0436859130859375 0.0477104187011719
0.020965576171875 0.398895263671875 0.0443649291992188 0.139274597167969
0.236312866210938 0.2733154296875 0.113533020019531 0.130767822265625
0.372344970703125 0.03558349609375 0.240203857421875 0.0325775146484375
0.356414794921875 -0.118072509765625 0.262939453125 -0.082427978515625
0.328857421875 -0.088348388671875 0.210479736328125 -0.1051025390625
0.3741455078125 -0.1058349609375 0.208236694335938 -0.062469482421875
0.3748779296875 0.043212890625 0.166534423828125 -0.035308837890625
0.285858154296875 0.27728271484375 0.0645217895507813 -0.0165786743164062
0.0435791015625 0.40234375 0.07550048828125 -0.0677032470703125
-0.34698486328125 0.308624267578125 0.18719482421875 -0.160797119140625
-0.50653076171875 0.121917724609375 0.42950439453125 -0.103546142578125
-0.49591064453125 -0.1083984375 0.6160888671875 0.169921875
-0.66644287109375 -0.10626220703125 0.0844573974609375 -0.0460205078125
-0.56256103515625 0.18646240234375 -5.6505203247105E-05 -0.00300693511962889
-0.375823974609375 0.4403076171875 -0.0487213134765625 0.0532989501953125
0.0267333984375 0.5064697265625 0.0242080688476562 0.092315673828125
0.2840576171875 0.349761962890625 0.0377120971679688 0.0888519287109375
0.461334228515625 0.06988525390625 0.129753112792969 0.0375900268554688
0.440582275390625 -0.112884521484375 0.138961791992188 -0.0266265869140625
0.408905029296875 -0.082855224609375 0.09393310546875 -0.0398178100585938
0.468475341796875 -0.10205078125 0.0862808227539063 -0.00157165527343751
0.457916259765625 0.06793212890625 0.0411643981933594 -0.0266647338867188
0.352783203125 0.348358154296875 -0.0380134582519531 -0.0418472290039062
0.070281982421875 0.502349853515625 0.023345947265625 -0.113075256347656
-0.422607421875 0.411895751953125 0.157058715820312 -0.182754516601562
-0.63446044921875 0.19097900390625 0.333831787109375 -0.079864501953125
-0.6478271484375 -0.109130859375 0.43829345703125 0.1177978515625
-0.70440673828125 -0.0723266601562499 -0.125244140625 -0.0917205810546875
-0.587646484375 0.224853515625 -0.12310791015625 0.0277175903320312
-0.37908935546875 0.482330322265625 -0.0601387023925781 0.0614509582519532
0.03875732421875 0.53961181640625 -0.00738143920898437 0.0393562316894532
0.29742431640625 0.3701171875 -0.0488700866699219 0.0394210815429688
0.48431396484375 0.08648681640625 -0.0029945373535156 0.0385932922363281
0.45867919921875 -0.09429931640625 -0.00713348388671872 0.0326595306396484
0.427459716796875 -0.0662841796875 -0.0368080139160156 0.0316085815429687
0.490631103515625 -0.0836181640625 -0.0514183044433593 0.0610198974609375
0.465545654296875 0.0869140625 -0.0970306396484375 -0.0105667114257812
0.356903076171875 0.3682861328125 -0.14398193359375 -0.062286376953125
0.071319580078125 0.519378662109375 -0.037078857421875 -0.14849853515625
-0.436859130859375 0.43505859375 0.111557006835937 -0.18194580078125
-0.6575927734375 0.210205078125 0.20330810546875 -0.035797119140625
-0.68896484375 -0.10577392578125 0.213287353515625 0.0661468505859375
-0.63873291015625 -0.0263671875 -0.341094970703125 -0.130157470703125
-0.521392822265625 0.2286376953125 -0.250885009765625 0.0575103759765625
-0.316650390625 0.437347412109375 -0.0775604248046875 0.0683975219726563
0.044952392578125 0.479339599609375 -0.0484695434570313 -0.00896453857421871
0.2603759765625 0.325408935546875 -0.130744934082031 -0.00681304931640623
0.430389404296875 0.08636474609375 -0.133613586425781 0.0387191772460937
0.406829833984375 -0.06317138671875 -0.150833129882813 0.0885467529296875
0.381591796875 -0.039520263671875 -0.162246704101563 0.0975189208984375
0.4378662109375 -0.0489501953125 -0.184341430664063 0.112335205078125
0.3988037109375 0.09991455078125 -0.223434448242188 0.00300598144531246
0.2864990234375 0.335906982421875 -0.228561401367187 -0.082000732421875
0.037811279296875 0.443450927734375 -0.0865020751953125 -0.169967651367188
-0.3919677734375 0.35540771484375 0.0652008056640625 -0.160385131835937
-0.57208251953125 0.16876220703125 0.0628738403320312 0.0103263854980469
-0.61712646484375 -0.0980224609374999 -0.0194816589355469 0.01348876953125
-0.473846435546875 0.02410888671875 -0.535369873046875 -0.160186767578125
-0.371246337890625 0.195953369140625 -0.366485595703125 0.0792541503906251
-0.1995849609375 0.3160400390625 -0.09759521484375 0.0758514404296875
0.043365478515625 0.329437255859375 -0.0869674682617188 -0.0406951904296875
0.1793212890625 0.22149658203125 -0.18646240234375 -0.0409088134765625
0.30499267578125 0.069000244140625 -0.2381591796875 0.0366973876953125
0.29095458984375 -0.023834228515625 -0.2691650390625 0.130767822265625
0.276153564453125 -0.008392333984375 -0.263900756835938 0.148025512695313
0.31939697265625 -0.005157470703125 -0.292327880859375 0.1441650390625
0.270538330078125 0.101104736328125 -0.31610107421875 0.00808715820312499
0.166427612304688 0.254562377929688 -0.27508544921875 -0.101470947265625
-0.013702392578125 0.294464111328125 -0.111465454101563 -0.180389404296875
-0.285675048828125 0.207061767578125 0.0316314697265625 -0.129913330078125
-0.393157958984375 0.0914306640624999 -0.0556602478027344 0.042236328125
-0.445343017578125 -0.07647705078125 -0.219024658203125 -0.03851318359375
-0.233535766601563 0.067840576171875 -0.673095703125 -0.174560546875
-0.169845581054687 0.131439208984375 -0.4521484375 0.0902404785156251
-0.053924560546875 0.148727416992188 -0.116844177246094 0.0894699096679687
0.0357208251953125 0.133064270019531 -0.109062194824219 -0.0454254150390625
0.0707321166992188 0.085205078125 -0.202606201171875 -0.0571746826171875
0.1312255859375 0.0418472290039063 -0.29498291015625 0.032318115234375
0.128273010253906 0.0191421508789063 -0.341339111328125 0.15264892578125
0.128326416015625 0.023712158203125 -0.325836181640625 0.17584228515625
0.1531982421875 0.0370025634765625 -0.359588623046875 0.151763916015625
0.107383728027344 0.0860366821289063 -0.362762451171875 0.00378417968749993
0.0324172973632812 0.139289855957031 -0.279708862304688 -0.1204833984375
-0.0526123046875 0.113945007324219 -0.112655639648438 -0.182815551757813
-0.139511108398438 0.0448684692382813 0.0155792236328125 -0.101844787597656
-0.160110473632813 0.014190673828125 -0.132171630859375 0.0516510009765625
-0.207687377929688 -0.0389556884765625 -0.354217529296875 -0.07928466796875
-0.0648765563964844 -0.0652961730957031 0.414154052734375 0.00698852539062499
-0.0775985717773437 0.040069580078125 0.17974853515625 -0.0696868896484375
-0.0224609375 0.0989761352539062 -0.0376167297363281 0.0596084594726562
0.0500221252441406 0.0678176879882813 0.082000732421875 0.190780639648438
0.0861434936523438 0.0184173583984375 0.226470947265625 0.149337768554687
0.0649261474609375 -0.055572509765625 0.350555419921875 -0.01318359375
0.0429763793945313 -0.0873565673828125 0.3731689453125 -0.17742919921875
0.03094482421875 -0.0620841979980469 0.32135009765625 -0.196014404296875
0.0301933288574219 -0.0662841796875 0.326324462890625 -0.156219482421875
0.0601768493652344 -0.0271377563476563 0.303192138671875 -0.047576904296875
0.0538482666015625 0.0308952331542969 0.19677734375 0.0164947509765625
-0.00671005249023438 0.0651321411132813 0.125160217285156 0.00595855712890625
-0.0658912658691406 0.0171165466308594 0.183792114257813 -0.095672607421875
-0.0686759948730469 -0.0387992858886719 0.461181640625 -0.12451171875
1.90734863281285E-05 -0.0619239807128906 0.73199462890625 0.203857421875
-0.32244873046875 -0.0872802734375 0.37689208984375 0.00543212890624999
-0.272201538085938 0.0955200195312499 0.1656494140625 -0.0541534423828125
-0.166091918945313 0.234725952148437 -0.0373764038085938 0.0494194030761719
0.043304443359375 0.238174438476563 0.0670166015625 0.1671142578125
0.172500610351563 0.14508056640625 0.179840087890625 0.146133422851563
0.22869873046875 -0.0218505859375 0.3143310546875 0.005645751953125
0.207504272460937 -0.120193481445312 0.339141845703125 -0.145660400390625
0.188949584960938 -0.089324951171875 0.283294677734375 -0.1676025390625
0.211868286132812 -0.103286743164062 0.28765869140625 -0.12542724609375
0.230499267578125 -0.0018463134765625 0.253463745117188 -0.04876708984375
0.185333251953125 0.15289306640625 0.145034790039063 0.00181579589843751
0.0265350341796875 0.242172241210938 0.106925964355469 -0.0279159545898437
-0.211349487304688 0.17608642578125 0.188217163085938 -0.130294799804688
-0.297760009765625 0.0546875 0.465057373046875 -0.130859375
-0.26690673828125 -0.0785675048828125 0.7147216796875 0.17755126953125
-0.53094482421875 -0.0937499999999999 0.263290405273437 -0.0165863037109375
-0.436859130859375 0.1512451171875 0.105033874511719 -0.033233642578125
-0.28466796875 0.35626220703125 -0.0393753051757813 0.0480117797851563
0.039459228515625 0.388824462890625 0.0516891479492187 0.133735656738281
0.245681762695313 0.256027221679688 0.118087768554688 0.124114990234375
0.366058349609375 0.013031005859375 0.240158081054688 0.0197296142578125
0.342437744140625 -0.136962890625 0.256439208984375 -0.0962371826171875
0.318145751953125 -0.1038818359375 0.200912475585938 -0.114349365234375
0.3604736328125 -0.12518310546875 0.204376220703125 -0.0735626220703125
0.368621826171875 0.021270751953125 0.161880493164063 -0.0421905517578125
0.296600341796875 0.254547119140625 0.0638771057128906 -0.01806640625
0.06365966796875 0.3934326171875 0.0704193115234375 -0.0709609985351562
-0.3277587890625 0.32421875 0.176727294921875 -0.165054321289062
-0.49261474609375 0.147491455078125 0.420257568359375 -0.1212158203125
-0.49462890625 -0.0837097167968751 0.61236572265625 0.1400146484375
-0.66265869140625 -0.07708740234375 0.0898818969726562 -0.0503158569335938
-0.541351318359375 0.206390380859375 0.008030891418457 -0.00491094589233397
-0.349822998046875 0.45391845703125 -0.0443305969238282 0.0539665222167969
0.05126953125 0.49517822265625 0.0302810668945313 0.0887603759765625
0.2958984375 0.33056640625 0.0420074462890625 0.08697509765625
0.455902099609375 0.041290283203125 0.132362365722656 0.0286407470703125
0.42669677734375 -0.13726806640625 0.137260437011719 -0.0358123779296875
0.397918701171875 -0.10235595703125 0.0891952514648438 -0.0447998046875
0.452606201171875 -0.1287841796875 0.0879669189453125 -0.00843048095703126
0.451202392578125 0.041412353515625 0.0388069152832031 -0.0264930725097656
0.366180419921875 0.321319580078125 -0.0373954772949218 -0.0375595092773437
0.0941162109375 0.489990234375 0.0171737670898438 -0.113006591796875
-0.39898681640625 0.429595947265625 0.146041870117187 -0.184982299804687
-0.614013671875 0.21893310546875 0.327239990234375 -0.09210205078125
-0.6451416015625 -0.080810546875 0.43499755859375 0.0966796875
-0.69781494140625 -0.0438232421874999 -0.119453430175781 -0.0845794677734375
-0.5672607421875 0.24517822265625 -0.112258911132813 0.0320892333984375
-0.353668212890625 0.49432373046875 -0.0547981262207032 0.0628204345703125
0.0645751953125 0.527587890625 -0.00349044799804687 0.0385360717773438
0.310516357421875 0.349822998046875 -0.0452346801757812 0.0427474975585938
0.479949951171875 0.05511474609375 0.00210571289062503 0.0356101989746094
0.4462890625 -0.1199951171875 -0.00386810302734373 0.0305423736572266
0.417266845703125 -0.086822509765625 -0.03631591796875 0.03173828125
0.477325439453125 -0.11212158203125 -0.0439910888671875 0.0604972839355469
0.46221923828125 0.059967041015625 -0.0960540771484375 -0.00477600097656249
0.37042236328125 0.34136962890625 -0.142318725585937 -0.052520751953125
0.094512939453125 0.50787353515625 -0.044281005859375 -0.144805908203125
-0.41302490234375 0.450469970703125 0.10186767578125 -0.18157958984375
-0.638427734375 0.238525390625 0.200042724609375 -0.04205322265625
-0.6864013671875 -0.075927734375 0.211517333984375 0.0576324462890625
-0.63262939453125 -0.00158691406249992 -0.3353271484375 -0.11309814453125
-0.5045166015625 0.248016357421875 -0.239700317382813 0.0686798095703125
-0.295257568359375 0.450103759765625 -0.0710906982421875 0.0705718994140625
0.0687255859375 0.46942138671875 -0.0466842651367187 -0.0070991516113281
0.273956298828125 0.3082275390625 -0.12786865234375 0.00125885009765626
0.427459716796875 0.058746337890625 -0.126731872558594 0.042510986328125
0.398284912109375 -0.0858154296875 -0.142486572265625 0.0929718017578125
0.37451171875 -0.0594482421875 -0.156600952148437 0.101593017578125
0.42864990234375 -0.076629638671875 -0.172576904296875 0.1177978515625
0.397552490234375 0.07513427734375 -0.218399047851562 0.0138702392578125
0.300689697265625 0.31402587890625 -0.226287841796875 -0.0674591064453124
0.058135986328125 0.434600830078125 -0.093505859375 -0.163131713867188
-0.371185302734375 0.37109375 0.0569000244140625 -0.158981323242187
-0.556793212890625 0.194610595703125 0.0640792846679687 0.0103302001953125
-0.61627197265625 -0.0728759765625001 -0.0201663970947266 0.0167598724365234
-0.4671630859375 0.04119873046875 -0.5291748046875 -0.1317138671875
-0.35943603515625 0.208984375 -0.3546142578125 0.09674072265625
-0.186492919921875 0.32305908203125 -0.0907516479492188 0.0797195434570313
0.059661865234375 0.3236083984375 -0.0853424072265625 -0.0352935791015625
0.18798828125 0.2113037109375 -0.184219360351563 -0.030487060546875
0.30401611328125 0.0501708984375 -0.230484008789062 0.0461273193359375
0.28668212890625 -0.04071044921875 -0.257720947265625 0.141311645507813
0.273788452148438 -0.0233306884765625 -0.253814697265625 0.157562255859375
0.314849853515625 -0.026611328125 -0.277694702148438 0.154861450195312
0.271759033203125 0.083587646484375 -0.308990478515625 0.02386474609375
0.179840087890625 0.240325927734375 -0.272872924804688 -0.0845489501953125
0.00222778320312503 0.291107177734375 -0.118865966796875 -0.172012329101562
-0.273345947265625 0.218719482421875 0.0245285034179687 -0.1280517578125
-0.38336181640625 0.108489990234375 -0.0522422790527344 0.0470542907714844
-0.447845458984375 -0.0588073730468749 -0.220016479492188 -0.0247802734375
-0.229080200195313 0.0738067626953125 -0.67022705078125 -0.13995361328125
-0.164566040039063 0.135910034179688 -0.441375732421875 0.11212158203125
-0.051605224609375 0.150314331054688 -0.109077453613281 0.0936431884765626
0.04168701171875 0.130828857421875 -0.108131408691406 -0.0388565063476563
0.0744705200195313 0.0819244384765625 -0.201263427734375 -0.0461578369140625
0.132255554199219 0.0332183837890625 -0.2882080078125 0.04541015625
0.129234313964844 0.0116424560546875 -0.3292236328125 0.167816162109375
0.129524230957031 0.0158843994140625 -0.31280517578125 0.18841552734375
0.15496826171875 0.0247650146484375 -0.344146728515625 0.16693115234375
0.111305236816406 0.0775222778320313 -0.354949951171875 0.02178955078125
0.0416641235351562 0.134941101074219 -0.27899169921875 -0.102523803710937
-0.0449752807617187 0.115432739257813 -0.1195068359375 -0.173736572265625
-0.136322021484375 0.0512008666992188 0.00930786132812499 -0.100196838378906
-0.15911865234375 0.020751953125 -0.128890991210938 0.0598983764648437
-0.210739135742188 -0.0317535400390625 -0.35467529296875 -0.05828857421875
-0.0638351440429688 -0.0616950988769531 0.412841796875 -0.005157470703125
-0.0708694458007813 0.0384750366210938 0.181121826171875 -0.0775146484375
-0.0178604125976562 0.0943679809570313 -0.0345382690429688 0.0590438842773438
0.050018310546875 0.0642509460449219 0.086334228515625 0.184158325195313
0.0847320556640625 0.0151138305664063 0.22613525390625 0.141128540039063
0.0601844787597656 -0.0573616027832031 0.3441162109375 -0.0216064453125
0.0361557006835938 -0.0875930786132813 0.361968994140625 -0.1846923828125
0.0266609191894531 -0.0606346130371094 0.31219482421875 -0.2001953125
0.0257186889648438 -0.0649642944335938 0.31781005859375 -0.161590576171875
0.0555915832519531 -0.028778076171875 0.29608154296875 -0.05364990234375
0.0531425476074219 0.0264053344726563 0.192947387695313 0.011383056640625
-0.00436782836914062 0.0627670288085938 0.123512268066406 0.002105712890625
-0.0628128051757813 0.0185089111328125 0.178939819335938 -0.0976409912109375
-0.065338134765625 -0.0332107543945313 0.451019287109375 -0.13568115234375
0.00198364257812501 -0.0590019226074219 0.72320556640625 0.18292236328125
-0.317901611328125 -0.079132080078125 0.378021240234375 -0.00646972656250001
-0.2611083984375 0.0966339111328125 0.168960571289062 -0.0617218017578125
-0.156982421875 0.2327880859375 -0.0343894958496094 0.0480422973632813
0.047821044921875 0.231765747070313 0.071319580078125 0.161331176757813
0.172744750976563 0.1380615234375 0.180313110351563 0.139556884765625
0.222885131835938 -0.0298309326171875 0.3099365234375 -0.003204345703125
0.198516845703125 -0.125228881835938 0.33013916015625 -0.1539306640625
0.181961059570313 -0.092193603515625 0.275253295898438 -0.171981811523438
0.203567504882813 -0.107696533203125 0.281646728515625 -0.13128662109375
0.224075317382813 -0.00958251953125 0.248184204101563 -0.0529937744140625
0.186187744140625 0.142333984375 0.142715454101563 -0.000930786132812491
0.0332183837890625 0.237014770507813 0.104393005371094 -0.0299758911132812
-0.2037353515625 0.180908203125 0.18316650390625 -0.132034301757813
-0.289398193359375 0.06414794921875 0.45697021484375 -0.13873291015625
-0.263656616210938 -0.0701446533203125 0.7069091796875 0.1590576171875
-0.5242919921875 -0.0827026367187501 0.26654052734375 -0.024932861328125
-0.423004150390625 0.152435302734375 0.110954284667969 -0.0392303466796875
-0.2718505859375 0.35723876953125 -0.0366172790527344 0.0470619201660156
0.048553466796875 0.3804931640625 0.0556106567382812 0.128585815429688
0.2467041015625 0.246337890625 0.119667053222656 0.120513916015625
0.35791015625 0.00018310546875 0.237808227539063 0.0110931396484375
0.330718994140625 -0.14654541015625 0.251113891601562 -0.103988647460937
0.309539794921875 -0.109954833984375 0.195159912109375 -0.117446899414062
0.348907470703125 -0.13623046875 0.201644897460938 -0.0788116455078125
0.360137939453125 0.00885009765625 0.157943725585938 -0.0440521240234375
0.29888916015625 0.238800048828125 0.0634117126464844 -0.0184822082519531
0.072540283203125 0.385284423828125 0.0678176879882812 -0.0714263916015625
-0.316741943359375 0.330352783203125 0.170974731445313 -0.165283203125
-0.479461669921875 0.158538818359375 0.414154052734375 -0.1282958984375
-0.49053955078125 -0.073455810546875 0.60528564453125 0.12518310546875
-0.65576171875 -0.0637817382812499 0.09625244140625 -0.0536956787109375
-0.52545166015625 0.209320068359375 0.0161323547363281 -0.00785541534423827
-0.3369140625 0.45611572265625 -0.0405006408691407 0.0531120300292969
0.06158447265625 0.48480224609375 0.033447265625 0.0853347778320313
0.29931640625 0.317626953125 0.0443038940429688 0.0866775512695313
0.447174072265625 0.024932861328125 0.133155822753906 0.0226287841796875
0.414642333984375 -0.149505615234375 0.135536193847656 -0.0413360595703125
0.389373779296875 -0.11138916015625 0.0860366821289063 -0.0461502075195313
0.440093994140625 -0.142730712890625 0.088592529296875 -0.01171875
0.443389892578125 0.02703857421875 0.0378150939941406 -0.0258560180664063
0.36956787109375 0.302947998046875 -0.03594970703125 -0.0346755981445312
0.103424072265625 0.481536865234375 0.0136795043945312 -0.111572265625
-0.385528564453125 0.434722900390625 0.140167236328125 -0.18310546875
-0.5994873046875 0.23187255859375 0.322540283203125 -0.096649169921875
-0.639404296875 -0.06866455078125 0.428436279296875 0.0887451171875
-0.69171142578125 -0.0328979492187501 -0.1116943359375 -0.0824203491210938
-0.552337646484375 0.249786376953125 -0.103652954101563 0.0324630737304688
-0.33966064453125 0.497344970703125 -0.0510749816894531 0.0623817443847657
0.07684326171875 0.5174560546875 -0.000770568847656246 0.0370941162109375
0.315399169921875 0.33673095703125 -0.0425682067871094 0.0454597473144531
0.47259521484375 0.038909912109375 0.00572395324707034 0.0325336456298828
0.435760498046875 -0.1331787109375 -0.0012245178222656 0.0275077819824219
0.4097900390625 -0.096893310546875 -0.0356979370117187 0.0319900512695312
0.464813232421875 -0.12811279296875 -0.0395584106445312 0.057769775390625
0.455413818359375 0.044525146484375 -0.0941162109375 -0.0014801025390625
0.374359130859375 0.324127197265625 -0.139358520507812 -0.0467300415039062
0.10528564453125 0.49859619140625 -0.04718017578125 -0.14105224609375
-0.39898681640625 0.456512451171875 0.095977783203125 -0.179244995117187
-0.6224365234375 0.25006103515625 0.198043823242187 -0.044036865234375
-0.6826171875 -0.0658569335937501 0.207199096679687 0.053924560546875
-0.62506103515625 0.00781250000000005 -0.327362060546875 -0.10528564453125
-0.49310302734375 0.25244140625 -0.230194091796875 0.0732574462890625
-0.284759521484375 0.454559326171875 -0.0668716430664063 0.07061767578125
0.0799560546875 0.4608154296875 -0.0440025329589844 -0.00620651245117185
0.277496337890625 0.29833984375 -0.124549865722656 0.00616455078125002
0.4212646484375 0.044464111328125 -0.121543884277344 0.0430984497070313
0.3895263671875 -0.098297119140625 -0.137405395507812 0.0931549072265625
0.369354248046875 -0.06866455078125 -0.153106689453125 0.103897094726562
0.418548583984375 -0.090972900390625 -0.164321899414062 0.117691040039062
0.392822265625 0.06134033203125 -0.213943481445312 0.019622802734375
0.3057861328125 0.298614501953125 -0.222091674804687 -0.0598754882812499
0.0679931640625 0.42706298828125 -0.0959930419921875 -0.157638549804688
-0.358306884765625 0.376953125 0.0522613525390625 -0.156158447265625
-0.54400634765625 0.2032470703125 0.0647048950195312 0.0108833312988281
-0.6142578125 -0.0615234375000001 -0.0211849212646485 0.0185642242431641
-0.463226318359375 0.045654296875 -0.52093505859375 -0.117919921875
-0.35211181640625 0.2125244140625 -0.344482421875 0.105377197265625
-0.180938720703125 0.32708740234375 -0.0869522094726563 0.0802230834960938
0.0670166015625 0.318756103515625 -0.08380126953125 -0.0331573486328125
0.191818237304687 0.204940795898437 -0.180877685546875 -0.0243988037109375
0.30072021484375 0.03936767578125 -0.22357177734375 0.0493927001953125
0.28240966796875 -0.0498046875 -0.249176025390625 0.14520263671875
0.270797729492188 -0.031097412109375 -0.247528076171875 0.1605224609375
0.309326171875 -0.039306640625 -0.26739501953125 0.15753173828125
0.270233154296875 0.0731201171875 -0.301971435546875 0.030914306640625
0.184951782226563 0.229934692382813 -0.267715454101563 -0.074859619140625
0.00903320312499998 0.28759765625 -0.1209716796875 -0.165557861328125
-0.266403198242188 0.223434448242188 0.0206222534179687 -0.124763488769531
-0.376495361328125 0.115142822265625 -0.05047607421875 0.0499610900878906
-0.447296142578125 -0.0517578124999999 -0.219009399414062 -0.017303466796875
-0.226791381835937 0.073455810546875 -0.660888671875 -0.122802734375
-0.162429809570313 0.137832641601563 -0.431243896484375 0.123565673828125
-0.0518341064453125 0.152053833007812 -0.104804992675781 0.0949249267578125
0.0446243286132813 0.129539489746094 -0.106842041015625 -0.0356521606445312
0.0762557983398438 0.0808868408203125 -0.1983642578125 -0.04046630859375
0.131988525390625 0.0284500122070312 -0.28131103515625 0.05126953125
0.130027770996094 0.00653839111328125 -0.31927490234375 0.174713134765625
0.130508422851563 0.0115432739257813 -0.303955078125 0.1927490234375
0.153900146484375 0.017913818359375 -0.332611083984375 0.171844482421875
0.1134033203125 0.0717239379882813 -0.34613037109375 0.0307006835937499
0.0465774536132813 0.131790161132812 -0.274002075195312 -0.09210205078125
-0.0402374267578125 0.116172790527344 -0.121322631835937 -0.166549682617188
-0.134002685546875 0.0549087524414062 0.00573730468749999 -0.0977783203125
-0.158187866210938 0.0230255126953125 -0.126487731933594 0.065093994140625
-0.212738037109375 -0.0288848876953125 -0.353363037109375 -0.04571533203125
-0.0628585815429688 -0.0601768493652344 0.418548583984375 -0.0118408203125
-0.0665626525878906 0.0362510681152344 0.185760498046875 -0.0847320556640625
-0.0163726806640625 0.091552734375 -0.0330314636230469 0.0584373474121094
0.0505256652832031 0.0629005432128906 0.08917236328125 0.182174682617188
0.0854110717773438 0.01348876953125 0.227630615234375 0.138824462890625
0.0574264526367188 -0.0591812133789063 0.342864990234375 -0.024810791015625
0.0323715209960938 -0.0884323120117188 0.3612060546875 -0.190093994140625
0.0239410400390625 -0.0602874755859375 0.313323974609375 -0.20355224609375
0.0228919982910156 -0.0645027160644531 0.3182373046875 -0.16461181640625
0.0521202087402344 -0.0296897888183594 0.296630859375 -0.05584716796875
0.0524559020996094 0.0235633850097656 0.193817138671875 0.0103302001953125
-0.0035858154296875 0.061676025390625 0.123794555664063 0.000762939453125004
-0.0611839294433594 0.0203475952148438 0.179840087890625 -0.099639892578125
-0.0626487731933594 -0.030731201171875 0.454681396484375 -0.1417236328125
0.0039215087890625 -0.0582160949707031 0.7279052734375 0.17919921875
-0.3197021484375 -0.07757568359375 0.385528564453125 -0.012237548828125
-0.257125854492188 0.092926025390625 0.175155639648437 -0.0688018798828125
-0.155380249023437 0.233108520507813 -0.03314208984375 0.047882080078125
0.0494537353515625 0.230682373046875 0.074005126953125 0.1590576171875
0.17462158203125 0.136184692382813 0.18206787109375 0.138839721679688
0.220184326171875 -0.0340118408203125 0.310394287109375 -0.00665283203125
0.194198608398437 -0.129470825195313 0.330535888671875 -0.1600341796875
0.180831909179688 -0.094146728515625 0.275146484375 -0.17449951171875
0.200775146484375 -0.11199951171875 0.283111572265625 -0.134979248046875
0.221954345703125 -0.01361083984375 0.248199462890625 -0.0533447265625
0.1884765625 0.137496948242187 0.143096923828125 -0.00129699707031249
0.03582763671875 0.237594604492188 0.104484558105469 -0.0313339233398437
-0.202316284179688 0.1866455078125 0.183609008789063 -0.133377075195313
-0.286895751953125 0.0702819824218751 0.45928955078125 -0.144866943359375
-0.26495361328125 -0.0689544677734375 0.70947265625 0.15667724609375
-0.527313232421875 -0.08172607421875 0.27471923828125 -0.029998779296875
-0.418914794921875 0.150634765625 0.118438720703125 -0.0454025268554688
-0.271240234375 0.359649658203125 -0.0347633361816406 0.0460319519042969
0.051727294921875 0.379638671875 0.05810546875 0.126541137695313
0.249481201171875 0.245147705078125 0.122215270996094 0.121543884277344
0.356658935546875 -0.005828857421875 0.23980712890625 0.007781982421875
0.3280029296875 -0.153472900390625 0.2515869140625 -0.110260009765625
0.310394287109375 -0.11407470703125 0.19525146484375 -0.119873046875
0.346343994140625 -0.143341064453125 0.203826904296875 -0.0819091796875
0.358917236328125 0.0040283203125 0.158294677734375 -0.0435791015625
0.302734375 0.233154296875 0.0638465881347656 -0.0178718566894531
0.076324462890625 0.38616943359375 0.0673446655273437 -0.0720748901367187
-0.315948486328125 0.337921142578125 0.172012329101562 -0.165390014648437
-0.475616455078125 0.16766357421875 0.416534423828125 -0.132293701171875
-0.495147705078125 -0.07159423828125 0.606689453125 0.125732421875
-0.6593017578125 -0.063720703125 0.103401184082031 -0.057586669921875
-0.523956298828125 0.207916259765625 0.0235576629638672 -0.0118179321289062
-0.335174560546875 0.462005615234375 -0.0395622253417969 0.0526161193847656
0.06646728515625 0.48492431640625 0.03533935546875 0.0842666625976563
0.303558349609375 0.317169189453125 0.046722412109375 0.088653564453125
0.447174072265625 0.0177001953125 0.136314392089844 0.01904296875
0.4130859375 -0.15850830078125 0.136634826660156 -0.0459976196289063
0.39080810546875 -0.116485595703125 0.0855941772460938 -0.0472869873046875
0.43896484375 -0.153472900390625 0.0913925170898438 -0.0152664184570313
0.4437255859375 0.0198974609375 0.0379409790039063 -0.0247993469238281
0.37432861328125 0.296661376953125 -0.0351428985595703 -0.0340652465820312
0.109466552734375 0.483917236328125 0.0128097534179688 -0.110893249511719
-0.385009765625 0.445159912109375 0.140472412109375 -0.183181762695312
-0.59881591796875 0.2393798828125 0.32550048828125 -0.0986328125
-0.64556884765625 -0.0682373046875 0.428955078125 0.0889892578125
-0.69683837890625 -0.03216552734375 -0.105522155761719 -0.0845565795898437
-0.5535888671875 0.2501220703125 -0.0966567993164063 0.03070068359375
-0.339263916015625 0.506866455078125 -0.0498390197753907 0.0618438720703125
0.082672119140625 0.5194091796875 0.000679016113281258 0.0366172790527344
0.320953369140625 0.338226318359375 -0.04034423828125 0.0480880737304688
0.4735107421875 0.032073974609375 0.00873947143554691 0.0304927825927734
0.4359130859375 -0.140899658203125 -3.24249267577833E-05 0.0249843597412109
0.4122314453125 -0.102630615234375 -0.03643798828125 0.0317420959472656
0.463653564453125 -0.1380615234375 -0.0368232727050781 0.05633544921875
0.45587158203125 0.03839111328125 -0.0935516357421875 0.000541687011718748
0.38134765625 0.318023681640625 -0.138053894042969 -0.0446853637695313
0.1104736328125 0.500030517578125 -0.0483169555664062 -0.140174865722656
-0.40020751953125 0.466156005859375 0.0961151123046875 -0.178756713867187
-0.62347412109375 0.2568359375 0.200302124023437 -0.0443572998046875
-0.690673828125 -0.06512451171875 0.206283569335937 0.0550994873046875
-0.6318359375 0.00756835937500003 -0.323486328125 -0.104736328125
-0.49530029296875 0.252960205078125 -0.225234985351563 0.074798583984375
-0.286163330078125 0.464630126953125 -0.06634521484375 0.071014404296875
0.086212158203125 0.463409423828125 -0.0437202453613281 -0.00571060180664059
0.282928466796875 0.298828125 -0.123283386230469 0.00893402099609378
0.422698974609375 0.038177490234375 -0.118682861328125 0.0419464111328125
0.390838623046875 -0.10546875 -0.135536193847656 0.0929336547851562
0.371978759765625 -0.074127197265625 -0.153106689453125 0.10491943359375
0.418548583984375 -0.099700927734375 -0.161972045898437 0.117355346679687
0.394195556640625 0.055419921875 -0.212860107421875 0.0224456787109375
0.3114013671875 0.29364013671875 -0.220657348632812 -0.05694580078125
0.07122802734375 0.428863525390625 -0.0975341796875 -0.156951904296875
-0.358306884765625 0.38299560546875 0.0512847900390625 -0.154861450195312
-0.54461669921875 0.20855712890625 0.0654830932617187 0.0123100280761719
-0.62188720703125 -0.0620727539062501 -0.0241031646728516 0.0213336944580078
-0.468841552734375 0.0457763671875 -0.520477294921875 -0.11639404296875
-0.355224609375 0.21441650390625 -0.342010498046875 0.110260009765625
-0.183563232421875 0.335052490234375 -0.0863800048828125 0.0812911987304688
0.071136474609375 0.32196044921875 -0.0843276977539062 -0.0317230224609375
0.195358276367188 0.206893920898438 -0.179946899414063 -0.0206451416015625
0.303009033203125 0.034942626953125 -0.22119140625 0.0505523681640625
0.284393310546875 -0.05584716796875 -0.247451782226563 0.147430419921875
0.27325439453125 -0.035858154296875 -0.248046875 0.16326904296875
0.3099365234375 -0.046173095703125 -0.265380859375 0.15863037109375
0.272308349609375 0.068084716796875 -0.30120849609375 0.0337524414062499
0.189559936523438 0.227676391601563 -0.266189575195313 -0.0717773437499999
0.01239013671875 0.289581298828125 -0.122833251953125 -0.1636962890625
-0.267166137695313 0.228317260742188 0.0193557739257812 -0.124305725097656
-0.377960205078125 0.119049072265625 -0.0497169494628906 0.0536346435546875
-0.4530029296875 -0.0522155761718751 -0.222000122070313 -0.01251220703125
-0.2298583984375 0.071746826171875 -0.66326904296875 -0.119140625
-0.165390014648438 0.139007568359375 -0.43133544921875 0.130340576171875
-0.05419921875 0.156753540039063 -0.104827880859375 0.0955657958984375
0.045928955078125 0.131240844726563 -0.1077880859375 -0.0341796875
0.0782089233398438 0.0828018188476563 -0.198440551757813 -0.038055419921875
0.13427734375 0.027679443359375 -0.28057861328125 0.0540771484375
0.13287353515625 0.00384521484375 -0.317291259765625 0.179229736328125
0.132987976074219 0.00885009765625 -0.303955078125 0.195831298828125
0.155593872070313 0.0137481689453125 -0.33013916015625 0.1749267578125
0.11590576171875 0.0691909790039063 -0.34503173828125 0.032958984375
0.0501785278320313 0.131179809570313 -0.272445678710938 -0.088958740234375
-0.0384979248046875 0.118034362792969 -0.123092651367188 -0.164947509765625
-0.135551452636719 0.0568008422851563 0.00427246093749998 -0.0966796875
-0.161102294921875 0.0242767333984375 -0.127349853515625 0.069580078125
-0.21826171875 -0.0290069580078125 -0.357208251953125 -0.04193115234375
-0.0647087097167969 -0.0600662231445313 0.431640625 -0.0203857421875
-0.0650405883789062 0.0344161987304688 0.19219970703125 -0.0959320068359375
-0.0142288208007813 0.0918045043945313 -0.0317916870117187 0.0595703125
0.0518112182617188 0.0623741149902344 0.0954742431640625 0.182205200195313
0.0878677368164063 0.011322021484375 0.23480224609375 0.138809204101563
0.0556640625 -0.0618705749511719 0.350189208984375 -0.030364990234375
0.0279922485351563 -0.0909576416015625 0.366851806640625 -0.202606201171875
0.0225715637207031 -0.0609588623046875 0.3193359375 -0.213592529296875
0.0204849243164063 -0.0662765502929688 0.325225830078125 -0.17364501953125
0.0504837036132813 -0.0311660766601563 0.30352783203125 -0.059814453125
0.0537452697753906 0.0209884643554688 0.197967529296875 0.008514404296875
-0.00205230712890625 0.0617485046386719 0.126991271972656 -0.0015411376953125
-0.0602035522460938 0.0226516723632812 0.184097290039063 -0.106887817382813
-0.0613174438476563 -0.0283775329589844 0.464630126953125 -0.155914306640625
0.00517654418945312 -0.0582160949707031 0.74859619140625 0.1746826171875
-0.328582763671875 -0.0742797851562499 0.400360107421875 -0.021575927734375
-0.259628295898438 0.0948333740234375 0.183563232421875 -0.0795440673828125
-0.155197143554688 0.239852905273438 -0.0319938659667969 0.0483818054199219
0.053466796875 0.233810424804688 0.0800323486328125 0.15966796875
0.1815185546875 0.136611938476563 0.189071655273438 0.14007568359375
0.222732543945313 -0.0406951904296875 0.31817626953125 -0.012939453125
0.193801879882813 -0.137374877929688 0.33587646484375 -0.172210693359375
0.183029174804688 -0.099822998046875 0.281021118164063 -0.18402099609375
0.201065063476563 -0.119781494140625 0.290557861328125 -0.143829345703125
0.224639892578125 -0.0186920166015625 0.254150390625 -0.057403564453125
0.195281982421875 0.135848999023438 0.146682739257813 -0.00280761718749999
0.0412139892578125 0.242660522460938 0.106742858886719 -0.032867431640625
-0.203384399414063 0.198043823242187 0.188369750976563 -0.139602661132813
-0.29046630859375 0.0791015625 0.471893310546875 -0.157501220703125
-0.273345947265625 -0.0669097900390625 0.73077392578125 0.15216064453125
-0.545379638671875 -0.078460693359375 0.287322998046875 -0.0386962890625
-0.426422119140625 0.155731201171875 0.126731872558594 -0.0541915893554687
-0.272796630859375 0.374298095703125 -0.0345878601074219 0.0469017028808594
0.057525634765625 0.38623046875 0.0627822875976563 0.126953125
0.26116943359375 0.247940063476563 0.128608703613281 0.123695373535156
0.363922119140625 -0.01519775390625 0.247100830078125 0.001800537109375
0.3310546875 -0.165191650390625 0.25677490234375 -0.119918823242188
0.316253662109375 -0.122802734375 0.198867797851563 -0.126373291015625
0.3502197265625 -0.1556396484375 0.209320068359375 -0.0889739990234375
0.366485595703125 -0.004241943359375 0.162750244140625 -0.0456390380859375
0.314697265625 0.231536865234375 0.0658912658691406 -0.0186271667480469
0.084869384765625 0.396392822265625 0.0680618286132813 -0.0737152099609375
-0.319183349609375 0.356475830078125 0.17584228515625 -0.171035766601562
-0.484649658203125 0.18194580078125 0.428802490234375 -0.142547607421875
-0.510223388671875 -0.0692749023437499 0.625 0.1224365234375
-0.680908203125 -0.0606689453125 0.111656188964844 -0.0639572143554688
-0.5347900390625 0.2154541015625 0.0308551788330078 -0.0174999237060547
-0.33807373046875 0.48114013671875 -0.0395584106445313 0.053619384765625
0.0771484375 0.49554443359375 0.0387496948242188 0.0846099853515625
0.31829833984375 0.32208251953125 0.0518722534179688 0.0926132202148438
0.457366943359375 0.007171630859375 0.141769409179688 0.0144805908203125
0.420379638671875 -0.1722412109375 0.140098571777344 -0.0529556274414063
0.400054931640625 -0.12774658203125 0.087249755859375 -0.0500717163085938
0.445159912109375 -0.168304443359375 0.0953903198242188 -0.0188064575195313
0.453338623046875 0.011444091796875 0.0396041870117188 -0.0249290466308594
0.389923095703125 0.29583740234375 -0.0352821350097656 -0.0329399108886718
0.119049072265625 0.4959716796875 0.0114364624023437 -0.112876892089844
-0.389373779296875 0.46759033203125 0.142730712890625 -0.18768310546875
-0.6082763671875 0.2572021484375 0.335296630859375 -0.10546875
-0.668701171875 -0.0630493164062499 0.440460205078125 0.088592529296875
-0.72052001953125 -0.0274658203125001 -0.103866577148438 -0.0881881713867188
-0.56640625 0.26116943359375 -0.0926666259765625 0.0297164916992188
-0.343994140625 0.52862548828125 -0.0504493713378906 0.0642051696777344
0.0925598144531249 0.532318115234375 0.00170516967773438 0.0372314453125
0.33489990234375 0.343719482421875 -0.037353515625 0.0527763366699219
0.48504638671875 0.0216064453125 0.0126667022705078 0.0281009674072266
0.44500732421875 -0.155792236328125 0.00135612487792971 0.0224876403808594
0.42327880859375 -0.114227294921875 -0.0372238159179687 0.0330543518066406
0.47161865234375 -0.15374755859375 -0.0352058410644531 0.0562667846679687
0.46710205078125 0.02880859375 -0.0949783325195312 0.002410888671875
0.39593505859375 0.3173828125 -0.140655517578125 -0.043243408203125
0.119781494140625 0.513092041015625 -0.0516204833984375 -0.141021728515625
-0.404052734375 0.488555908203125 0.09710693359375 -0.182357788085938
-0.63525390625 0.27557373046875 0.20684814453125 -0.0460968017578125
-0.71441650390625 -0.0604248046875 0.211212158203125 0.057159423828125
-0.6541748046875 0.0103759765625001 -0.32891845703125 -0.104736328125
-0.507232666015625 0.263702392578125 -0.225448608398438 0.078826904296875
-0.2900390625 0.486541748046875 -0.067626953125 0.0741195678710938
0.09698486328125 0.476776123046875 -0.0445823669433594 -0.00494384765624997
0.297698974609375 0.30548095703125 -0.122726440429687 0.0145263671875
0.435333251953125 0.029754638671875 -0.11773681640625 0.04241943359375
0.40008544921875 -0.11798095703125 -0.136604309082031 0.0958328247070313
0.382781982421875 -0.08416748046875 -0.156707763671875 0.110748291015625
0.42657470703125 -0.113983154296875 -0.162796020507812 0.120925903320313
0.405303955078125 0.048553466796875 -0.217300415039063 0.0263214111328125
0.32476806640625 0.294708251953125 -0.2249755859375 -0.0542755126953125
0.079681396484375 0.440948486328125 -0.102218627929688 -0.157745361328125
-0.3656005859375 0.402099609375 0.05072021484375 -0.1578369140625
-0.554962158203125 0.223419189453125 0.0689735412597656 0.0150299072265625
-0.643798828125 -0.0591430664062499 -0.0260772705078125 0.0249691009521484
-0.484466552734375 0.0487670898437499 -0.532501220703125 -0.112823486328125
-0.364776611328125 0.22381591796875 -0.346893310546875 0.1190185546875
-0.185882568359375 0.352325439453125 -0.0886917114257813 0.08514404296875
0.079376220703125 0.3314208984375 -0.087066650390625 -0.0300750732421875
0.20623779296875 0.211517333984375 -0.182601928710938 -0.0164794921875
0.312225341796875 0.0286865234375 -0.223129272460938 0.053375244140625
0.29266357421875 -0.064910888671875 -0.251083374023438 0.155059814453125
0.2828369140625 -0.043731689453125 -0.25299072265625 0.171295166015625
0.31646728515625 -0.05657958984375 -0.268325805664063 0.165573120117188
0.280838012695313 0.06280517578125 -0.306732177734375 0.039215087890625
0.199554443359375 0.22900390625 -0.27154541015625 -0.068695068359375
0.01708984375 0.2979736328125 -0.128143310546875 -0.164642333984375
-0.27239990234375 0.240585327148437 0.0175323486328125 -0.125137329101562
-0.386688232421875 0.1287841796875 -0.0501289367675781 0.0590476989746094
-0.471649169921875 -0.0498046874999999 -0.230010986328125 -0.00776672363281252
-0.2384033203125 0.072021484375 -0.67999267578125 -0.11334228515625
-0.170974731445313 0.144927978515625 -0.439727783203125 0.142669677734375
-0.056915283203125 0.1656494140625 -0.107101440429687 0.101005554199219
0.0495986938476562 0.136566162109375 -0.111473083496094 -0.0319595336914062
0.082855224609375 0.0862350463867187 -0.202316284179687 -0.035247802734375
0.139434814453125 0.0260848999023438 -0.284454345703125 0.058685302734375
0.139228820800781 0.00067901611328125 -0.321746826171875 0.189361572265625
0.139183044433594 0.00553131103515625 -0.31048583984375 0.205963134765625
0.160842895507813 0.0091705322265625 -0.33551025390625 0.183319091796875
0.121284484863281 0.0674362182617188 -0.35198974609375 0.038818359375
0.05523681640625 0.133567810058594 -0.278671264648438 -0.0856475830078125
-0.0373306274414062 0.122566223144531 -0.128402709960938 -0.165634155273437
-0.13934326171875 0.06134033203125 0.00157165527343749 -0.0970230102539062
-0.1671142578125 0.027618408203125 -0.130271911621094 0.0771865844726562
-0.22894287109375 -0.028076171875 -0.36932373046875 -0.034912109375
-0.06756591796875 -0.0570907592773437 0.448455810546875 -0.037811279296875
-0.0632972717285156 0.0344810485839844 0.1962890625 -0.11236572265625
-0.011627197265625 0.0927658081054688 -0.0300712585449219 0.0614547729492188
0.0548210144042969 0.0613212585449219 0.10626220703125 0.181869506835938
0.0909957885742188 0.007415771484375 0.247024536132813 0.133804321289063
0.0526924133300781 -0.0665512084960938 0.35931396484375 -0.043853759765625
0.0218276977539062 -0.0939712524414063 0.36962890625 -0.22467041015625
0.0188407897949219 -0.0632743835449219 0.323028564453125 -0.2342529296875
0.0167198181152344 -0.0681571960449219 0.33209228515625 -0.192413330078125
0.0489463806152344 -0.0336189270019531 0.312713623046875 -0.07171630859375
0.0552330017089844 0.0173683166503906 0.204421997070312 0.002288818359375
0.000610351562500005 0.0630416870117188 0.131851196289062 -0.00604248046875
-0.0584373474121094 0.0267524719238281 0.186492919921875 -0.119186401367187
-0.0611915588378906 -0.0251007080078125 0.475799560546875 -0.181915283203125
0.00542831420898437 -0.059478759765625 0.78082275390625 0.15386962890625
-0.343109130859375 -0.0643920898437499 0.416412353515625 -0.038909912109375
-0.263153076171875 0.102325439453125 0.189743041992188 -0.0950469970703125
-0.151885986328125 0.253158569335938 -0.0304412841796875 0.0495529174804688
0.06365966796875 0.238174438476563 0.0894622802734375 0.159194946289063
0.193389892578125 0.133514404296875 0.201171875 0.1380615234375
0.22607421875 -0.052520751953125 0.327911376953125 -0.02545166015625
0.191070556640625 -0.150650024414063 0.33978271484375 -0.19287109375
0.184707641601563 -0.109634399414062 0.28546142578125 -0.2008056640625
0.200469970703125 -0.132675170898438 0.297821044921875 -0.16082763671875
0.229263305664063 -0.02777099609375 0.261917114257813 -0.0668182373046875
0.206756591796875 0.129501342773438 0.151275634765625 -0.00733947753906249
0.0525665283203125 0.249404907226563 0.109855651855469 -0.0379180908203125
-0.201019287109375 0.215011596679687 0.190780639648438 -0.151840209960938
-0.29345703125 0.0946960449218751 0.483489990234375 -0.182403564453125
-0.285919189453125 -0.05999755859375 0.76141357421875 0.1334228515625
-0.56903076171875 -0.0614013671874999 0.301361083984375 -0.052886962890625
-0.435028076171875 0.171051025390625 0.134628295898437 -0.067169189453125
-0.268402099609375 0.398284912109375 -0.0335159301757813 0.0490684509277344
0.0733642578125 0.395538330078125 0.0700531005859375 0.126876831054688
0.280242919921875 0.246780395507813 0.139846801757813 0.125091552734375
0.37274169921875 -0.031707763671875 0.256683349609375 -0.0093841552734375
0.332672119140625 -0.186065673828125 0.26025390625 -0.136917114257813
0.3226318359375 -0.140380859375 0.20208740234375 -0.138504028320312
0.352813720703125 -0.177642822265625 0.216659545898438 -0.101531982421875
0.37689208984375 -0.0196533203125 0.167648315429688 -0.0516204833984375
0.334503173828125 0.2244873046875 0.0677032470703125 -0.0209159851074219
0.10345458984375 0.408050537109375 0.0681915283203125 -0.0776443481445312
-0.316619873046875 0.384613037109375 0.176605224609375 -0.182785034179687
-0.491180419921875 0.208526611328125 0.439971923828125 -0.1646728515625
-0.536163330078125 -0.0553283691406251 0.64971923828125 0.1055908203125
-0.71240234375 -0.0396728515625 0.118392944335937 -0.0730056762695313
-0.547943115234375 0.236297607421875 0.0369377136230468 -0.0243759155273437
-0.334075927734375 0.514678955078125 -0.0389823913574219 0.0567855834960938
0.0974426269531251 0.5098876953125 0.0441741943359375 0.0849685668945313
0.343597412109375 0.323486328125 0.0605239868164063 0.095855712890625
0.471923828125 -0.013336181640625 0.149429321289063 0.0066986083984375
0.425628662109375 -0.1983642578125 0.142333984375 -0.0631866455078125
0.409515380859375 -0.149566650390625 0.0885543823242188 -0.0551681518554688
0.451568603515625 -0.19476318359375 0.100906372070313 -0.024871826171875
0.4674072265625 -0.0078125 0.0410346984863281 -0.0262260437011719
0.414154052734375 0.2880859375 -0.0369911193847656 -0.0318336486816406
0.14251708984375 0.5093994140625 0.00890350341796875 -0.115646362304687
-0.38555908203125 0.5040283203125 0.142318725585937 -0.198684692382812
-0.617431640625 0.29144287109375 0.345062255859375 -0.121124267578125
-0.700927734375 -0.0451049804687499 0.4591064453125 0.078582763671875
-0.7530517578125 -0.00531005859375002 -0.106689453125 -0.0909957885742187
-0.5784912109375 0.28485107421875 -0.0887680053710938 0.0305862426757812
-0.33673095703125 0.5655517578125 -0.0503387451171875 0.0687751770019532
0.11663818359375 0.54693603515625 0.00380706787109375 0.0393180847167969
0.36358642578125 0.346527099609375 -0.033050537109375 0.0586051940917969
0.502471923828125 6.103515625E-05 0.0169200897216797 0.0245094299316406
0.453216552734375 -0.183349609375 0.00267410278320315 0.0200271606445312
0.435577392578125 -0.136962890625 -0.0382232666015625 0.0360221862792969
0.47979736328125 -0.181121826171875 -0.0322761535644531 0.0572662353515625
0.4825439453125 0.008758544921875 -0.0973587036132812 0.006866455078125
0.423187255859375 0.309906005859375 -0.145584106445312 -0.0386199951171875
0.14337158203125 0.529296875 -0.05767822265625 -0.142807006835937
-0.401641845703125 0.5255126953125 0.0951080322265625 -0.189620971679687
-0.64434814453125 0.309326171875 0.214599609375 -0.0537261962890625
-0.74920654296875 -0.0404663085937501 0.219100952148437 0.0543975830078125
-0.68353271484375 0.0310668945312499 -0.34063720703125 -0.0994873046875001
-0.519561767578125 0.28826904296875 -0.22503662109375 0.0876617431640625
-0.28387451171875 0.519012451171875 -0.0681304931640625 0.0814437866210938
0.118255615234375 0.489166259765625 -0.0463027954101562 -0.0012245178222656
0.3232421875 0.3074951171875 -0.123207092285156 0.0216522216796875
0.451812744140625 0.009674072265625 -0.117057800292969 0.04437255859375
0.410614013671875 -0.143035888671875 -0.137283325195313 0.10186767578125
0.39453125 -0.10504150390625 -0.15960693359375 0.120834350585938
0.43408203125 -0.138702392578125 -0.162643432617187 0.1295166015625
0.42010498046875 0.031829833984375 -0.223312377929687 0.0352020263671875
0.34881591796875 0.28985595703125 -0.232666015625 -0.0473480224609375
0.098785400390625 0.454742431640625 -0.111083984375 -0.15740966796875
-0.363250732421875 0.433258056640625 0.0478973388671875 -0.162338256835937
-0.56597900390625 0.25244140625 0.074127197265625 0.0159835815429688
-0.6767578125 -0.04132080078125 -0.0274772644042969 0.0301132202148438
-0.506195068359375 0.06292724609375 -0.55206298828125 -0.0996704101562501
-0.374542236328125 0.242950439453125 -0.351226806640625 0.1361083984375
-0.182159423828125 0.377197265625 -0.0893630981445313 0.0936660766601563
0.095703125 0.340728759765625 -0.0912857055664063 -0.025390625
0.224411010742187 0.214340209960938 -0.18597412109375 -0.00808715820312499
0.325714111328125 0.015167236328125 -0.225662231445312 0.060760498046875
0.302581787109375 -0.08172607421875 -0.252700805664063 0.168563842773437
0.292755126953125 -0.057830810546875 -0.25628662109375 0.187332153320313
0.323822021484375 -0.074127197265625 -0.271240234375 0.179962158203125
0.292266845703125 0.051849365234375 -0.3153076171875 0.05194091796875
0.216629028320313 0.227767944335938 -0.28094482421875 -0.06060791015625
0.02923583984375 0.3096923828125 -0.138092041015625 -0.164337158203125
-0.2744140625 0.261795043945313 0.0142822265625 -0.127601623535156
-0.395355224609375 0.147796630859375 -0.0482444763183594 0.0669708251953125
-0.495391845703125 -0.0368041992187499 -0.240402221679688 0.00311279296874997
-0.248825073242188 0.0795440673828125 -0.7066650390625 -0.0931396484375
-0.175262451171875 0.156051635742188 -0.4482421875 0.166595458984375
-0.055755615234375 0.177169799804688 -0.108428955078125 0.1107177734375
0.056915283203125 0.1414794921875 -0.116439819335938 -0.0255279541015625
0.0908889770507813 0.0893325805664062 -0.208419799804688 -0.0279388427734375
0.147171020507813 0.0205078125 -0.289886474609375 0.068756103515625
0.146377563476562 -0.00634765625 -0.3240966796875 0.2081298828125
0.14581298828125 -0.001434326171875 -0.31475830078125 0.2264404296875
0.166534423828125 0.0009307861328125 -0.33935546875 0.201629638671875
0.128921508789063 0.0634994506835938 -0.361541748046875 0.0524902343749999
0.064239501953125 0.136199951171875 -0.287750244140625 -0.077423095703125
-0.0333786010742187 0.130203247070313 -0.138427734375 -0.164703369140625
-0.144363403320313 0.0701904296875 -0.00323486328125001 -0.0978469848632813
-0.173568725585938 0.0361175537109375 -0.131454467773438 0.089508056640625
-0.24267578125 -0.0223388671875 -0.38482666015625 -0.0193481445312501
-0.0706863403320313 -0.0526123046875 0.458282470703125 -0.067626953125
-0.061004638671875 0.0358200073242187 0.194244384765625 -0.131668090820312
-0.00536346435546876 0.092742919921875 -0.0257339477539062 0.0628318786621094
0.0584678649902344 0.0581436157226563 0.119430541992188 0.175323486328125
0.09295654296875 -9.918212890625E-05 0.259857177734375 0.120635986328125
0.0476913452148438 -0.0708694458007813 0.36212158203125 -0.065032958984375
0.0128555297851563 -0.0953140258789063 0.36224365234375 -0.253265380859375
0.0142745971679688 -0.0641441345214844 0.316864013671875 -0.25994873046875
0.0107612609863281 -0.0699615478515625 0.32958984375 -0.217254638671875
0.0457382202148438 -0.0365562438964844 0.315521240234375 -0.090667724609375
0.0562629699707031 0.012359619140625 0.208114624023438 -0.0080718994140625
0.00518417358398437 0.063323974609375 0.134437561035156 -0.0147247314453125
-0.0551185607910156 0.0316429138183594 0.182952880859375 -0.134750366210938
-0.0608062744140625 -0.020233154296875 0.4716796875 -0.217803955078125
0.00394821166992187 -0.0603828430175781 0.8076171875 0.111328125
-0.35418701171875 -0.044097900390625 0.4267578125 -0.066986083984375
-0.2620849609375 0.11541748046875 0.189910888671875 -0.114944458007812
-0.1390380859375 0.266189575195313 -0.0277061462402344 0.0513877868652344
0.0779266357421875 0.238250732421875 0.10076904296875 0.154006958007813
0.206146240234375 0.124252319335938 0.21484375 0.128570556640625
0.2242431640625 -0.0686492919921875 0.332275390625 -0.046173095703125
0.182968139648438 -0.165328979492188 0.33349609375 -0.219390869140625
0.180343627929688 -0.123336791992187 0.28021240234375 -0.22344970703125
0.193710327148438 -0.148712158203125 0.296630859375 -0.183258056640625
0.230270385742187 -0.0431060791015625 0.264968872070313 -0.0825347900390625
0.21783447265625 0.1163330078125 0.153884887695313 -0.0153961181640625
0.06982421875 0.2513427734375 0.111099243164063 -0.0446014404296875
-0.188568115234375 0.234878540039062 0.186294555664063 -0.16796875
-0.289794921875 0.116302490234375 0.481597900390625 -0.22021484375
-0.296417236328125 -0.04400634765625 0.78594970703125 0.09130859375
-0.58837890625 -0.0283203125000001 0.308624267578125 -0.074737548828125
-0.433990478515625 0.19378662109375 0.136825561523437 -0.08294677734375
-0.249664306640625 0.422149658203125 -0.0311279296875 0.0514602661132813
0.09893798828125 0.39801025390625 0.079681396484375 0.123695373535156
0.30181884765625 0.23419189453125 0.1527099609375 0.119186401367188
0.374755859375 -0.058929443359375 0.261093139648438 -0.0277252197265625
0.325164794921875 -0.213043212890625 0.256362915039063 -0.158447265625
0.3194580078125 -0.164276123046875 0.197891235351563 -0.1534423828125
0.345947265625 -0.20489501953125 0.217453002929688 -0.118789672851563
0.380950927734375 -0.04510498046875 0.169418334960938 -0.0614166259765625
0.354156494140625 0.20465087890625 0.0677413940429688 -0.0237503051757812
0.13116455078125 0.411407470703125 0.0665969848632813 -0.0824737548828125
-0.296478271484375 0.41571044921875 0.170806884765625 -0.197341918945312
-0.48516845703125 0.242950439453125 0.4398193359375 -0.196197509765625
-0.554046630859375 -0.0243225097656249 0.66912841796875 0.07318115234375
-0.734619140625 8.99619267248909E-17 0.120948791503906 -0.084228515625
-0.546875 0.27093505859375 0.0407485961914062 -0.0330924987792969
-0.30950927734375 0.5482177734375 -0.0366439819335938 0.0609092712402344
0.131378173828125 0.513580322265625 0.0510177612304688 0.0839996337890625
0.37298583984375 0.309600830078125 0.070831298828125 0.0953140258789063
0.477996826171875 -0.0467529296875 0.153640747070313 -0.0062408447265625
0.41973876953125 -0.232421875 0.140899658203125 -0.0762176513671875
0.408447265625 -0.17974853515625 0.086761474609375 -0.0613174438476563
0.4443359375 -0.229827880859375 0.103622436523438 -0.0335769653320313
0.474853515625 -0.03900146484375 0.040802001953125 -0.0281486511230469
0.441558837890625 0.26617431640625 -0.0394058227539062 -0.0286026000976562
0.176361083984375 0.514373779296875 0.00354003906250002 -0.117210388183594
-0.362335205078125 0.54241943359375 0.135635375976562 -0.210067749023437
-0.60870361328125 0.3345947265625 0.34686279296875 -0.143798828125
-0.72283935546875 -0.00543212890624987 0.47320556640625 0.0562744140625
-0.7762451171875 0.037109375 -0.109725952148438 -0.0890274047851562
-0.57861328125 0.321533203125 -0.084564208984375 0.0317230224609375
-0.312744140625 0.603271484375 -0.0476150512695313 0.0750045776367188
0.15301513671875 0.551910400390625 0.00726318359375001 0.0408973693847657
0.39581298828125 0.33294677734375 -0.0258560180664062 0.0632400512695313
0.510986328125 -0.03533935546875 0.020263671875 0.0188922882080078
0.45013427734375 -0.219512939453125 0.0033531188964844 0.0178165435791015
0.436798095703125 -0.16925048828125 -0.0375595092773437 0.0399818420410156
0.474334716796875 -0.21759033203125 -0.0275115966796875 0.058258056640625
0.491546630859375 -0.02166748046875 -0.09857177734375 0.0133209228515625
0.450286865234375 0.288787841796875 -0.150390625 -0.0299530029296875
0.17913818359375 0.53302001953125 -0.0661697387695313 -0.140266418457031
-0.37750244140625 0.56689453125 0.0882415771484375 -0.197891235351562
-0.63525390625 0.354736328125 0.218215942382812 -0.0666961669921875
-0.7750244140625 0.00103759765625003 0.226409912109375 0.0457611083984375
-0.70330810546875 0.0688476562500001 -0.350311279296875 -0.083343505859375
-0.5181884765625 0.323577880859375 -0.221099853515625 0.100692749023438
-0.2601318359375 0.55462646484375 -0.0657730102539063 0.0895538330078125
0.151397705078125 0.494049072265625 -0.04608154296875 0.00331878662109378
0.35247802734375 0.29718017578125 -0.1197509765625 0.0307846069335938
0.460845947265625 -0.021392822265625 -0.115104675292969 0.0466995239257812
0.40997314453125 -0.175384521484375 -0.1341552734375 0.110298156738281
0.397216796875 -0.134063720703125 -0.156570434570312 0.134323120117188
0.431243896484375 -0.171142578125 -0.157470703125 0.140350341796875
0.428863525390625 0.00384521484375 -0.22509765625 0.050079345703125
0.37396240234375 0.27325439453125 -0.238967895507812 -0.0340118408203124
0.12860107421875 0.4609375 -0.121841430664062 -0.152175903320312
-0.3446044921875 0.468353271484375 0.0412445068359375 -0.165542602539062
-0.560455322265625 0.293121337890625 0.0789642333984375 0.0140838623046875
-0.70037841796875 -0.00396728515625015 -0.0274143218994141 0.0349750518798828
-0.519500732421875 0.0915222167968751 -0.5670166015625 -0.0706787109375001
-0.371673583984375 0.26953125 -0.3477783203125 0.16015625
-0.16552734375 0.402008056640625 -0.0862045288085938 0.1041259765625
0.118743896484375 0.344024658203125 -0.0936126708984375 -0.0170135498046875
0.246078491210937 0.2081298828125 -0.18670654296875 0.00308227539062499
0.33392333984375 -0.006866455078125 -0.225006103515625 0.0703125
0.304595947265625 -0.106231689453125 -0.24676513671875 0.185897827148437
0.296722412109375 -0.079345703125 -0.25115966796875 0.207992553710937
0.3243408203125 -0.099029541015625 -0.2655029296875 0.198654174804687
0.300567626953125 0.0325927734375 -0.31829833984375 0.0716857910156251
0.236343383789062 0.218109130859375 -0.288818359375 -0.0452880859375
0.04840087890625 0.31646728515625 -0.149810791015625 -0.157257080078125
-0.265838623046875 0.285552978515625 0.00728607177734372 -0.12713623046875
-0.3939208984375 0.175750732421875 -0.0432281494140625 0.0751190185546875
-0.51513671875 -0.01043701171875 -0.246688842773438 0.0211029052734375
-0.253463745117188 0.092681884765625 -0.7264404296875 -0.0534057617187498
-0.1734619140625 0.17041015625 -0.4468994140625 0.198822021484375
-0.0491943359375 0.188461303710938 -0.104721069335938 0.122222900390625
0.06707763671875 0.143295288085938 -0.119171142578125 -0.0158538818359375
0.100967407226563 0.087677001953125 -0.2122802734375 -0.0164031982421875
0.153289794921875 0.0104217529296875 -0.290557861328125 0.0835266113281251
0.151214599609375 -0.0184478759765625 -0.318023681640625 0.23199462890625
0.150192260742188 -0.0122833251953125 -0.308624267578125 0.251007080078125
0.170562744140625 -0.0113983154296875 -0.3349609375 0.226837158203125
0.135963439941406 0.0548095703125 -0.36492919921875 0.07562255859375
0.0762939453125 0.134918212890625 -0.296356201171875 -0.061676025390625
-0.0259323120117187 0.136116027832031 -0.151077270507813 -0.158584594726563
-0.145095825195313 0.082244873046875 -0.00848388671875002 -0.0962142944335938
-0.175827026367188 0.0478515625 -0.126777648925781 0.104095458984375
-0.253433227539063 -0.00927734374999999 -0.397003173828125 0.00546264648437504
-0.07135009765625 -0.0453262329101562 0.452117919921875 -0.09552001953125
-0.0571975708007812 0.0363502502441406 0.183761596679688 -0.147003173828125
0.000274658203124991 0.0896377563476563 -0.0217933654785156 0.0621604919433594
0.0610694885253906 0.0528984069824219 0.128204345703125 0.163162231445313
0.0919647216796875 -0.00762176513671875 0.2642822265625 0.10357666015625
0.0408401489257813 -0.0727615356445313 0.354217529296875 -0.086151123046875
0.00439453125000001 -0.0923995971679688 0.342315673828125 -0.273773193359375
0.00838088989257813 -0.0630073547363281 0.299896240234375 -0.277130126953125
0.00449752807617187 -0.0688552856445313 0.315765380859375 -0.2374267578125
0.0416107177734375 -0.0382652282714844 0.308990478515625 -0.108245849609375
0.0541152954101563 0.00683975219726563 0.20623779296875 -0.0196533203125
0.00939559936523437 0.0616035461425781 0.132774353027344 -0.0231781005859375
-0.0494842529296875 0.0340843200683594 0.171432495117188 -0.147109985351563
-0.0578384399414063 -0.014373779296875 0.451263427734375 -0.2491455078125
0.0018310546875 -0.0594863891601562 0.80535888671875 0.05926513671875
-0.354217529296875 -0.0198974609375 0.42205810546875 -0.094390869140625
-0.252655029296875 0.126571655273438 0.181854248046875 -0.131576538085938
-0.12158203125 0.271209716796875 -0.0244941711425781 0.0521087646484375
0.0911407470703125 0.2296142578125 0.1083984375 0.143508911132813
0.212051391601563 0.1087646484375 0.220947265625 0.114151000976562
0.215133666992188 -0.0832977294921875 0.32574462890625 -0.06768798828125
0.166839599609375 -0.174545288085938 0.31524658203125 -0.239593505859375
0.169326782226563 -0.133026123046875 0.263885498046875 -0.2391357421875
0.179107666015625 -0.160079956054688 0.284698486328125 -0.201568603515625
0.223236083984375 -0.058013916015625 0.25897216796875 -0.097808837890625
0.2216796875 0.098419189453125 0.151123046875 -0.0233306884765625
0.0855865478515625 0.24566650390625 0.108131408691406 -0.051055908203125
-0.169265747070313 0.245407104492188 0.174209594726562 -0.179397583007812
-0.275665283203125 0.133987426757813 0.463348388671875 -0.249420166015625
-0.297943115234375 -0.0248718261718749 0.7845458984375 0.042236328125
-0.58551025390625 0.00964355468750001 0.305145263671875 -0.094573974609375
-0.419647216796875 0.214324951171875 0.132408142089844 -0.096588134765625
-0.222076416015625 0.436248779296875 -0.0282478332519531 0.0531730651855469
0.121978759765625 0.3880615234375 0.087005615234375 0.116218566894531
0.3160400390625 0.212738037109375 0.160873413085938 0.109161376953125
0.364105224609375 -0.083984375 0.25653076171875 -0.046234130859375
0.3046875 -0.233184814453125 0.24261474609375 -0.174957275390625
0.305450439453125 -0.18292236328125 0.187225341796875 -0.164596557617188
0.326141357421875 -0.227264404296875 0.210189819335938 -0.133453369140625
0.372406005859375 -0.070831298828125 0.165145874023438 -0.0706024169921875
0.362701416015625 0.178497314453125 0.0657310485839844 -0.0258674621582031
0.155914306640625 0.4010009765625 0.0627212524414063 -0.0857696533203125
-0.26556396484375 0.435028076171875 0.15924072265625 -0.206100463867187
-0.46044921875 0.271575927734375 0.423065185546875 -0.22314453125
-0.55511474609375 0.00924682617187506 0.6683349609375 0.03289794921875
-0.733154296875 0.0469970703125 0.119239807128906 -0.0928115844726563
-0.52923583984375 0.296905517578125 0.0416030883789062 -0.04107666015625
-0.273681640625 0.566650390625 -0.0327606201171875 0.0645637512207032
0.16131591796875 0.50152587890625 0.056365966796875 0.079925537109375
0.392425537109375 0.283721923828125 0.0795364379882813 0.0906906127929688
0.4674072265625 -0.07958984375 0.151351928710938 -0.0202484130859375
0.397979736328125 -0.26116943359375 0.133567810058594 -0.0860748291015625
0.393646240234375 -0.205108642578125 0.0823898315429688 -0.06585693359375
0.422515869140625 -0.258087158203125 0.102638244628906 -0.0422515869140625
0.465545654296875 -0.070343017578125 0.0396347045898438 -0.0293540954589844
0.452392578125 0.233795166015625 -0.0407066345214843 -0.0246162414550781
0.207916259765625 0.5018310546875 -0.00177764892578123 -0.11553955078125
-0.32330322265625 0.56280517578125 0.123886108398437 -0.21575927734375
-0.5772705078125 0.36932373046875 0.336273193359375 -0.164459228515625
-0.723388671875 0.036865234375 0.47247314453125 0.0299072265625
-0.77398681640625 0.0831909179687498 -0.110214233398438 -0.0837326049804688
-0.559356689453125 0.3516845703125 -0.079132080078125 0.0321731567382813
-0.2708740234375 0.62310791015625 -0.0429458618164063 0.08056640625
0.18695068359375 0.54010009765625 0.0117759704589844 0.0416069030761719
0.417327880859375 0.3062744140625 -0.0173301696777343 0.0643806457519531
0.501922607421875 -0.07061767578125 0.0202484130859375 0.0120105743408203
0.4296875 -0.2513427734375 0.00278568267822268 0.0155506134033203
0.422607421875 -0.196502685546875 -0.0351181030273437 0.0431137084960937
0.45220947265625 -0.24884033203125 -0.0226249694824219 0.0572967529296875
0.483489990234375 -0.056549072265625 -0.096435546875 0.0203781127929688
0.464691162109375 0.256195068359375 -0.150466918945313 -0.0188446044921875
0.21148681640625 0.52117919921875 -0.0724868774414062 -0.134025573730469
-0.33782958984375 0.5872802734375 0.0783538818359375 -0.199752807617187
-0.6051025390625 0.38922119140625 0.214889526367187 -0.0789947509765625
-0.77587890625 0.04766845703125 0.227249145507812 0.034423828125
-0.6998291015625 0.112548828125 -0.350341796875 -0.063568115234375
-0.498291015625 0.351104736328125 -0.210220336914063 0.1102294921875
-0.224853515625 0.571044921875 -0.05950927734375 0.0966110229492188
0.182098388671875 0.4830322265625 -0.0431900024414062 0.00862121582031252
0.373046875 0.274139404296875 -0.112747192382812 0.0387344360351563
0.453277587890625 -0.055755615234375 -0.111778259277344 0.047943115234375
0.394073486328125 -0.2054443359375 -0.126869201660156 0.115509033203125
0.386322021484375 -0.159820556640625 -0.1478271484375 0.14404296875
0.414642333984375 -0.199798583984375 -0.146865844726563 0.147293090820313
0.4237060546875 -0.0252685546875 -0.220306396484375 0.064056396484375
0.38861083984375 0.2457275390625 -0.238525390625 -0.0179595947265625
0.156463623046875 0.451202392578125 -0.128158569335938 -0.14154052734375
-0.314453125 0.486907958984375 0.033416748046875 -0.164459228515625
-0.534393310546875 0.32208251953125 0.0821075439453125 0.0107803344726563
-0.70159912109375 0.0382080078124998 -0.0259933471679688 0.0392303466796875
-0.516693115234375 0.121368408203125 -0.56561279296875 -0.037353515625
-0.35675048828125 0.290374755859375 -0.332855224609375 0.177703857421875
-0.14141845703125 0.415191650390625 -0.0790176391601562 0.113067626953125
0.14013671875 0.3363037109375 -0.0911331176757812 -0.00790405273437498
0.26025390625 0.192794799804688 -0.1822509765625 0.0152435302734375
0.329437255859375 -0.0313720703125 -0.219528198242188 0.0788116455078125
0.295440673828125 -0.128662109375 -0.2337646484375 0.198486328125
0.290313720703125 -0.098724365234375 -0.237442016601562 0.2235107421875
0.313812255859375 -0.12060546875 -0.251068115234375 0.212692260742187
0.298828125 0.011322021484375 -0.311279296875 0.09051513671875
0.249114990234375 0.200180053710938 -0.287445068359375 -0.0262451171875
0.067413330078125 0.31195068359375 -0.157913208007812 -0.14453125
-0.24652099609375 0.301727294921875 0.00212860107421873 -0.12384033203125
-0.378448486328125 0.1976318359375 -0.0347137451171875 0.079345703125
-0.5184326171875 0.0223388671875 -0.244766235351563 0.038360595703125
-0.250457763671875 0.1055908203125 -0.72125244140625 -0.0107421875
-0.16497802734375 0.180755615234375 -0.429656982421875 0.225616455078125
-0.0390777587890625 0.195053100585938 -0.0956802368164062 0.131813049316406
0.076263427734375 0.140151977539062 -0.117652893066406 -0.00498962402343748
0.107406616210937 0.0824203491210938 -0.209182739257813 -0.00337219238281253
0.152481079101563 -0.0006561279296875 -0.282196044921875 0.09661865234375
0.150314331054688 -0.0314788818359375 -0.300750732421875 0.24951171875
0.1492919921875 -0.023284912109375 -0.29180908203125 0.268798828125
0.16802978515625 -0.0235137939453125 -0.318572998046875 0.2454833984375
0.1375732421875 0.0443572998046875 -0.35748291015625 0.097320556640625
0.0860824584960938 0.128692626953125 -0.29571533203125 -0.04254150390625
-0.0166244506835938 0.138351440429688 -0.159088134765625 -0.146041870117188
-0.141326904296875 0.093048095703125 -0.0133819580078125 -0.0920257568359375
-0.17230224609375 0.0595855712890625 -0.116249084472656 0.114303588867187
-0.256378173828125 0.00666809082031247 -0.394439697265625 0.0334777832031251
-0.0690956115722656 -0.039520263671875 0.440826416015625 -0.109649658203125
-0.0538749694824219 0.0355415344238281 0.1719970703125 -0.153549194335938
0.00345611572265626 0.085418701171875 -0.0191078186035156 0.0599136352539063
0.0600242614746094 0.0480422973632813 0.1298828125 0.15142822265625
0.0888137817382813 -0.0124740600585938 0.260269165039063 0.090545654296875
0.0348281860351563 -0.0722808837890625 0.340972900390625 -0.096221923828125
-0.0022125244140625 -0.0871429443359375 0.322052001953125 -0.28033447265625
0.004547119140625 -0.0599098205566406 0.28302001953125 -0.28277587890625
-0.000228881835937501 -0.06597900390625 0.300628662109375 -0.244049072265625
0.0379142761230469 -0.03851318359375 0.29888916015625 -0.11724853515625
0.0509986877441406 0.00326156616210938 0.200775146484375 -0.026214599609375
0.0115852355957031 0.0590782165527344 0.128990173339844 -0.0280303955078125
-0.0435066223144531 0.0335884094238281 0.160049438476563 -0.150344848632813
-0.0536994934082031 -0.0115814208984375 0.42730712890625 -0.26123046875
0.000850677490234371 -0.057403564453125 0.78704833984375 0.02801513671875
-0.344085693359375 -0.00347900390625001 0.412139892578125 -0.107635498046875
-0.241531372070313 0.129806518554688 0.171875 -0.139678955078125
-0.107986450195312 0.267913818359375 -0.0225296020507813 0.0512123107910156
0.0966033935546875 0.21966552734375 0.1104736328125 0.133720397949219
0.211517333984375 0.096771240234375 0.220535278320313 0.102828979492188
0.202484130859375 -0.0897674560546875 0.313323974609375 -0.078704833984375
0.1517333984375 -0.176681518554688 0.297271728515625 -0.2467041015625
0.159255981445313 -0.135910034179688 0.248992919921875 -0.243820190429688
0.165786743164063 -0.1630859375 0.272918701171875 -0.209915161132813
0.212905883789063 -0.065765380859375 0.250137329101563 -0.10400390625
0.217971801757813 0.086090087890625 0.147369384765625 -0.0262908935546875
0.0943603515625 0.235931396484375 0.104972839355469 -0.0543594360351562
-0.152450561523437 0.24615478515625 0.162948608398438 -0.182342529296875
-0.2598876953125 0.141021728515625 0.439178466796875 -0.262054443359375
-0.29205322265625 -0.01263427734375 0.76593017578125 0.01385498046875
-0.572998046875 0.03399658203125 0.29864501953125 -0.1055908203125
-0.4019775390625 0.223846435546875 0.1263427734375 -0.10528564453125
-0.199462890625 0.433868408203125 -0.0258216857910157 0.0537757873535156
0.132659912109375 0.373291015625 0.0888442993164063 0.108352661132813
0.31854248046875 0.194793701171875 0.163192749023438 0.100006103515625
0.347320556640625 -0.098663330078125 0.245651245117188 -0.0566253662109375
0.28399658203125 -0.24029541015625 0.22845458984375 -0.180755615234375
0.29010009765625 -0.190948486328125 0.1771240234375 -0.16796875
0.3052978515625 -0.235015869140625 0.202133178710938 -0.140533447265625
0.35711669921875 -0.084075927734375 0.159210205078125 -0.073699951171875
0.35968017578125 0.158355712890625 0.0636863708496094 -0.0254936218261719
0.169830322265625 0.386810302734375 0.0603103637695313 -0.0854568481445312
-0.239288330078125 0.434722900390625 0.148635864257812 -0.20794677734375
-0.43438720703125 0.281463623046875 0.404266357421875 -0.2337646484375
-0.5445556640625 0.0318908691406249 0.65399169921875 0.00885009765625
-0.71612548828125 0.0747070312500001 0.117355346679687 -0.0971832275390625
-0.507171630859375 0.309661865234375 0.0409660339355468 -0.0473403930664062
-0.24493408203125 0.5667724609375 -0.0296859741210938 0.0666770935058594
0.17645263671875 0.481689453125 0.0596084594726563 0.07586669921875
0.39739990234375 0.26165771484375 0.0848007202148438 0.0855331420898438
0.448272705078125 -0.09912109375 0.144668579101563 -0.028472900390625
0.373016357421875 -0.2733154296875 0.125579833984375 -0.0912628173828125
0.375518798828125 -0.216461181640625 0.0781631469726563 -0.0667495727539063
0.397735595703125 -0.2701416015625 0.0996780395507813 -0.0476913452148438
0.448333740234375 -0.08837890625 0.0385398864746094 -0.0285186767578125
0.45074462890625 0.2081298828125 -0.0408439636230468 -0.02001953125
0.223297119140625 0.48419189453125 -0.00434875488281248 -0.112083435058594
-0.29144287109375 0.56427001953125 0.115509033203125 -0.215606689453125
-0.5472412109375 0.379547119140625 0.322784423828125 -0.173980712890625
-0.71124267578125 0.0650634765624998 0.461181640625 0.0137939453125
-0.75872802734375 0.111572265625 -0.107139587402344 -0.0793991088867188
-0.536376953125 0.362396240234375 -0.0736007690429688 0.0297088623046875
-0.2420654296875 0.62457275390625 -0.0392990112304688 0.0837707519531251
0.202911376953125 0.520538330078125 0.0152320861816406 0.0410537719726563
0.423553466796875 0.283172607421875 -0.010528564453125 0.0636825561523438
0.481719970703125 -0.09149169921875 0.0183391571044922 0.00696372985839843
0.406463623046875 -0.2657470703125 0.00258731842041018 0.0129299163818359
0.405120849609375 -0.209197998046875 -0.03265380859375 0.0441627502441406
0.4271240234375 -0.2633056640625 -0.0195198059082031 0.0544662475585937
0.46563720703125 -0.07537841796875 -0.0932083129882812 0.0247039794921875
0.4620361328125 0.229949951171875 -0.147491455078125 -0.0106964111328125
0.225921630859375 0.5037841796875 -0.0734634399414062 -0.126808166503906
-0.30718994140625 0.58880615234375 0.0712738037109375 -0.197647094726562
-0.57305908203125 0.3997802734375 0.2086181640625 -0.0848541259765625
-0.76287841796875 0.0751953124999999 0.222763061523437 0.027862548828125
-0.685302734375 0.1356201171875 -0.341644287109375 -0.05072021484375
-0.479888916015625 0.36077880859375 -0.199417114257813 0.112350463867188
-0.198486328125 0.57464599609375 -0.0535049438476563 0.10107421875
0.1983642578125 0.466217041015625 -0.0387535095214844 0.0119552612304688
0.378143310546875 0.254425048828125 -0.104705810546875 0.0411605834960938
0.436981201171875 -0.073760986328125 -0.109786987304687 0.0462722778320313
0.373138427734375 -0.221343994140625 -0.120285034179688 0.116317749023437
0.37139892578125 -0.173614501953125 -0.139328002929687 0.146896362304688
0.393310546875 -0.213958740234375 -0.138229370117188 0.147293090820313
0.4083251953125 -0.043365478515625 -0.212844848632812 0.071258544921875
0.3887939453125 0.223602294921875 -0.233505249023437 -0.00711059570312496
0.170562744140625 0.43798828125 -0.129051208496094 -0.132194519042969
-0.28857421875 0.49072265625 0.0298919677734375 -0.161697387695312
-0.508148193359375 0.334136962890625 0.0830917358398437 0.00824737548828127
-0.68896484375 0.0640869140625 -0.0243682861328125 0.0417823791503906
-0.5040283203125 0.136932373046875 -0.551239013671875 -0.017852783203125
-0.3421630859375 0.296600341796875 -0.316375732421875 0.185638427734375
-0.122467041015625 0.417236328125 -0.0716552734375 0.11749267578125
0.151336669921875 0.325531005859375 -0.0863571166992188 -0.00229644775390623
0.265579223632813 0.179168701171875 -0.174102783203125 0.0206756591796875
0.319000244140625 -0.04547119140625 -0.212997436523437 0.0810089111328125
0.28204345703125 -0.142608642578125 -0.221969604492187 0.201690673828125
0.27911376953125 -0.11065673828125 -0.22479248046875 0.228469848632813
0.298736572265625 -0.132110595703125 -0.237228393554687 0.21624755859375
0.289764404296875 -0.00244140625 -0.29986572265625 0.1004638671875
0.252593994140625 0.184661865234375 -0.280914306640625 -0.0136566162109375
0.078277587890625 0.303497314453125 -0.15740966796875 -0.133743286132812
-0.231048583984375 0.3065185546875 0.000198364257812491 -0.119918823242187
-0.360015869140625 0.204925537109375 -0.0278701782226563 0.0801925659179688
-0.508941650390625 0.041717529296875 -0.23687744140625 0.048858642578125
-0.245391845703125 0.11065673828125 -0.70379638671875 0.0148315429687501
-0.158599853515625 0.183609008789063 -0.410125732421875 0.236297607421875
-0.0312347412109375 0.196578979492188 -0.087005615234375 0.135841369628906
0.0804443359375 0.136161804199219 -0.112052917480469 0.00189971923828124
0.110511779785156 0.077850341796875 -0.202911376953125 0.00363159179687498
0.148818969726563 -0.008209228515625 -0.272964477539062 0.101821899414063
0.145538330078125 -0.040191650390625 -0.284637451171875 0.25482177734375
0.14520263671875 -0.0301513671875 -0.274887084960938 0.275360107421875
0.1622314453125 -0.031829833984375 -0.3013916015625 0.251800537109375
0.135688781738281 0.0362091064453125 -0.344390869140625 0.108917236328125
0.0906524658203125 0.121444702148438 -0.288665771484375 -0.030548095703125
-0.0106277465820312 0.136909484863281 -0.159912109375 -0.134597778320312
-0.136436462402344 0.098175048828125 -0.0143051147460938 -0.0870132446289063
-0.16583251953125 0.0647430419921875 -0.106033325195313 0.118095397949219
-0.25408935546875 0.016632080078125 -0.38385009765625 0.0496215820312499
-0.0652389526367188 -0.0364341735839844 0.43463134765625 -0.113525390625
-0.0515556335449219 0.03314208984375 0.165390014648438 -0.154647827148438
0.004425048828125 0.0814666748046875 -0.0186805725097656 0.0589179992675781
0.0579872131347656 0.0456695556640625 0.127456665039063 0.145065307617188
0.0859298706054687 -0.0152969360351563 0.2557373046875 0.085601806640625
0.0318603515625 -0.0706710815429688 0.332489013671875 -0.097137451171875
-0.00475311279296875 -0.0821914672851562 0.3123779296875 -0.27984619140625
0.00289535522460938 -0.05694580078125 0.27593994140625 -0.28179931640625
-0.0028533935546875 -0.0640602111816406 0.294158935546875 -0.2447509765625
0.0357398986816406 -0.03717041015625 0.293609619140625 -0.117889404296875
0.0474662780761719 0.00198745727539063 0.196792602539063 -0.027191162109375
0.0128593444824219 0.0572128295898437 0.127120971679687 -0.029876708984375
-0.0394935607910156 0.0321006774902344 0.152084350585938 -0.149627685546875
-0.0492401123046875 -0.00939559936523438 0.411865234375 -0.261627197265625
0.00114822387695313 -0.0550956726074219 0.77056884765625 0.018798828125
-0.335784912109375 0.00225830078125004 0.406402587890625 -0.112213134765625
-0.235733032226563 0.127822875976562 0.16705322265625 -0.142898559570313
-0.102401733398438 0.263336181640625 -0.0223350524902344 0.0506172180175781
0.095703125 0.212936401367188 0.109306335449219 0.128074645996094
0.209030151367188 0.09033203125 0.2183837890625 0.097930908203125
0.194000244140625 -0.0913848876953125 0.305023193359375 -0.0802001953125
0.143157958984375 -0.173538208007813 0.28753662109375 -0.24737548828125
0.154159545898438 -0.134353637695313 0.243255615234375 -0.242584228515625
0.156814575195313 -0.161331176757813 0.267196655273438 -0.211563110351562
0.205001831054687 -0.0670928955078125 0.245849609375 -0.103866577148438
0.213043212890625 0.0803680419921875 0.144088745117188 -0.026275634765625
0.0960540771484375 0.230392456054688 0.103683471679687 -0.0550613403320312
-0.143447875976563 0.243499755859375 0.157058715820313 -0.181716918945313
-0.24884033203125 0.141006469726562 0.426361083984375 -0.26220703125
-0.287841796875 -0.00723266601562494 0.75128173828125 0.00579833984375
-0.56085205078125 0.0410156249999999 0.29730224609375 -0.109375
-0.39471435546875 0.220428466796875 0.123344421386719 -0.109207153320312
-0.19073486328125 0.429229736328125 -0.0253791809082031 0.0551872253417969
0.13458251953125 0.363311767578125 0.0894012451171875 0.104652404785156
0.316741943359375 0.186004638671875 0.163864135742188 0.0955352783203125
0.334381103515625 -0.10211181640625 0.238388061523438 -0.0593414306640625
0.270248413085938 -0.240570068359375 0.220672607421875 -0.1820068359375
0.282745361328125 -0.190673828125 0.172622680664063 -0.1666259765625
0.29229736328125 -0.23486328125 0.198043823242188 -0.143402099609375
0.345794677734375 -0.08843994140625 0.156707763671875 -0.0732269287109375
0.353363037109375 0.149322509765625 0.0618324279785156 -0.0233078002929687
0.17218017578125 0.379180908203125 0.0594635009765625 -0.0847015380859375
-0.22607421875 0.430755615234375 0.1439208984375 -0.20684814453125
-0.4193115234375 0.27783203125 0.3936767578125 -0.234466552734375
-0.537445068359375 0.0387878417968751 0.64190673828125 0.0037841796875
-0.7061767578125 0.083740234375 0.118980407714844 -0.09930419921875
-0.498992919921875 0.305908203125 0.0403594970703125 -0.0521163940429687
-0.2332763671875 0.56304931640625 -0.0282173156738281 0.0689659118652344
0.17950439453125 0.4722900390625 0.0608367919921875 0.0736083984375
0.39697265625 0.251678466796875 0.0874786376953125 0.0822830200195313
0.432952880859375 -0.1046142578125 0.138870239257813 -0.0320205688476563
0.357818603515625 -0.275726318359375 0.120452880859375 -0.0926513671875
0.36651611328125 -0.218536376953125 0.0760879516601563 -0.0653228759765625
0.382110595703125 -0.2716064453125 0.0981597900390625 -0.0507659912109375
0.433349609375 -0.093475341796875 0.0381584167480469 -0.0267906188964844
0.443267822265625 0.197509765625 -0.0398674011230468 -0.0167884826660156
0.225341796875 0.4742431640625 -0.00358581542968749 -0.109855651855469
-0.27838134765625 0.559051513671875 0.112075805664062 -0.214019775390625
-0.528778076171875 0.37469482421875 0.3150634765625 -0.174346923828125
-0.702880859375 0.072998046875 0.453765869140625 0.010498046875
-0.74725341796875 0.11962890625 -0.102622985839844 -0.0793457031249999
-0.5277099609375 0.361846923828125 -0.0711441040039063 0.0261154174804688
-0.23046875 0.6221923828125 -0.0357666015625 0.0872268676757813
0.2080078125 0.5098876953125 0.0180816650390625 0.0406608581542969
0.423004150390625 0.2733154296875 -0.00598526000976561 0.0624122619628906
0.46533203125 -0.097747802734375 0.014674186706543 0.00396442413330078
0.390228271484375 -0.270904541015625 0.000737190246582054 0.0116786956787109
0.395355224609375 -0.212921142578125 -0.0319595336914062 0.0449981689453125
0.41143798828125 -0.265472412109375 -0.0183906555175781 0.051177978515625
0.45184326171875 -0.08056640625 -0.0910797119140625 0.0270538330078125
0.4566650390625 0.218170166015625 -0.144744873046875 -0.00584411621093745
0.22894287109375 0.49285888671875 -0.0717697143554688 -0.123382568359375
-0.29437255859375 0.58563232421875 0.070465087890625 -0.196365356445312
-0.555206298828125 0.395904541015625 0.204757690429687 -0.08587646484375
-0.7530517578125 0.08380126953125 0.21881103515625 0.0271759033203125
-0.6771240234375 0.14312744140625 -0.3338623046875 -0.0480957031250001
-0.473052978515625 0.359527587890625 -0.19305419921875 0.110107421875
-0.1865234375 0.5723876953125 -0.0499038696289063 0.104721069335938
0.201446533203125 0.457275390625 -0.0347633361816406 0.0135364532470703
0.37933349609375 0.245513916015625 -0.099090576171875 0.0412063598632813
0.423858642578125 -0.081298828125 -0.110153198242187 0.0434417724609375
0.359954833984375 -0.22613525390625 -0.117973327636719 0.114143371582031
0.36346435546875 -0.176544189453125 -0.1358642578125 0.147842407226563
0.379608154296875 -0.216949462890625 -0.134124755859375 0.145126342773438
0.396942138671875 -0.049560546875 -0.207870483398437 0.0739288330078125
0.38531494140625 0.21142578125 -0.228790283203125 -0.00189208984375
0.17218017578125 0.429931640625 -0.126625061035156 -0.127601623535156
-0.2786865234375 0.487274169921875 0.03009033203125 -0.15911865234375
-0.492034912109375 0.328582763671875 0.08380126953125 0.00741577148437502
-0.6826171875 0.0707397460937499 -0.0238418579101563 0.0429840087890625
-0.499786376953125 0.1396484375 -0.541412353515625 -0.011627197265625
-0.337677001953125 0.2958984375 -0.307891845703125 0.18450927734375
-0.11541748046875 0.41766357421875 -0.0663909912109375 0.120391845703125
0.154052734375 0.319854736328125 -0.0818023681640625 0.00035858154296878
0.266021728515625 0.173721313476563 -0.168136596679687 0.0217132568359375
0.309326171875 -0.051116943359375 -0.210617065429687 0.07861328125
0.272232055664063 -0.148056030273438 -0.216201782226562 0.199310302734375
0.273880004882813 -0.114883422851563 -0.219329833984375 0.2286376953125
0.289398193359375 -0.135467529296875 -0.231430053710937 0.21514892578125
0.28240966796875 -0.008209228515625 -0.293609619140625 0.103179931640625
0.250885009765625 0.176467895507813 -0.27557373046875 -0.00892639160156251
0.081573486328125 0.299072265625 -0.15509033203125 -0.128524780273437
-0.224273681640625 0.305999755859375 0.00195312499999999 -0.117507934570312
-0.350921630859375 0.20361328125 -0.0240859985351563 0.079620361328125
-0.503936767578125 0.0469970703125 -0.233016967773438 0.0525360107421875
-0.244903564453125 0.110122680664063 -0.6917724609375 0.0233154296875
-0.156585693359375 0.183242797851563 -0.397674560546875 0.238006591796875
-0.0294036865234375 0.198638916015625 -0.0813140869140625 0.137763977050781
0.0817718505859375 0.134185791015625 -0.106941223144531 0.00427246093749999
0.111572265625 0.07623291015625 -0.198410034179688 0.00512695312499997
0.145233154296875 -0.010772705078125 -0.269378662109375 0.10028076171875
0.1414794921875 -0.0451812744140625 -0.278030395507812 0.253570556640625
0.14263916015625 -0.0333709716796875 -0.267868041992188 0.274566650390625
0.158096313476563 -0.03460693359375 -0.294158935546875 0.25128173828125
0.132698059082031 0.032440185546875 -0.336669921875 0.111053466796875
0.092376708984375 0.116401672363281 -0.282867431640625 -0.025726318359375
-0.00776672363281251 0.135673522949219 -0.158233642578125 -0.128265380859375
-0.134162902832031 0.100296020507813 -0.0125961303710938 -0.0845794677734375
-0.162368774414063 0.0650177001953125 -0.100006103515625 0.118148803710938
-0.25274658203125 0.0201568603515625 -0.37689208984375 0.054595947265625
-0.0621528625488281 -0.0353775024414062 0.44146728515625 -0.113922119140625
-0.0515785217285156 0.0315208435058594 0.1663818359375 -0.156356811523438
0.00334167480468751 0.0793914794921875 -0.0193672180175781 0.0583877563476563
0.0560188293457031 0.044891357421875 0.126358032226563 0.144119262695313
0.0847015380859375 -0.0172042846679688 0.2562255859375 0.08636474609375
0.0298995971679688 -0.07086181640625 0.333984375 -0.095123291015625
-0.00565338134765626 -0.0797576904296875 0.313873291015625 -0.281219482421875
0.00252914428710938 -0.0553970336914063 0.279876708984375 -0.284332275390625
-0.00429916381835938 -0.0625228881835937 0.298736572265625 -0.247314453125
0.0348091125488281 -0.0367507934570313 0.296783447265625 -0.117218017578125
0.0458717346191406 0.00172042846679688 0.197998046875 -0.0267486572265625
0.0130386352539063 0.0568046569824219 0.127845764160156 -0.031036376953125
-0.0371894836425781 0.0304908752441406 0.15179443359375 -0.149505615234375
-0.0459098815917969 -0.00901412963867188 0.412139892578125 -0.261688232421875
0.00215530395507812 -0.0547409057617188 0.77471923828125 0.0230712890625
-0.335906982421875 0.00213623046874998 0.413482666015625 -0.114105224609375
-0.237686157226563 0.125228881835938 0.167083740234375 -0.146102905273437
-0.103958129882813 0.263824462890625 -0.0232429504394531 0.0527801513671875
0.0938568115234375 0.213226318359375 0.109199523925781 0.127525329589844
0.210037231445313 0.089324951171875 0.220428466796875 0.097991943359375
0.191390991210938 -0.0919647216796875 0.30450439453125 -0.079315185546875
0.14080810546875 -0.172744750976563 0.2879638671875 -0.2474365234375
0.155303955078125 -0.133468627929688 0.246856689453125 -0.244049072265625
0.155105590820312 -0.161346435546875 0.271087646484375 -0.214279174804688
0.203475952148438 -0.067108154296875 0.248870849609375 -0.1029052734375
0.211700439453125 0.0801239013671875 0.145095825195313 -0.0236663818359375
0.0972137451171875 0.232452392578125 0.106040954589844 -0.055694580078125
-0.142440795898438 0.241775512695312 0.157196044921875 -0.182144165039062
-0.247573852539063 0.139617919921875 0.4263916015625 -0.2626953125
-0.29071044921875 -0.00674438476562495 0.7547607421875 0.0084228515625
-0.56390380859375 0.04168701171875 0.3038330078125 -0.112030029296875
-0.39788818359375 0.21612548828125 0.123176574707031 -0.113487243652344
-0.190521240234375 0.4326171875 -0.0253143310546875 0.0581169128417969
0.132476806640625 0.3643798828125 0.0897445678710938 0.103973388671875
0.3192138671875 0.185638427734375 0.165557861328125 0.0963134765625
0.33148193359375 -0.10296630859375 0.2379150390625 -0.0596771240234375
0.267166137695312 -0.241592407226562 0.220382690429688 -0.182891845703125
0.284423828125 -0.192169189453125 0.175247192382813 -0.167251586914063
0.2904052734375 -0.235992431640625 0.200897216796875 -0.145904541015625
0.343597412109375 -0.087677001953125 0.158966064453125 -0.0716400146484375
0.35308837890625 0.148895263671875 0.0626029968261719 -0.0208053588867187
0.17340087890625 0.38214111328125 0.0619354248046875 -0.0865020751953125
-0.228668212890625 0.431396484375 0.144577026367187 -0.2086181640625
-0.420501708984375 0.27490234375 0.3936767578125 -0.235382080078125
-0.542388916015625 0.0387878417968749 0.6441650390625 0.00701904296875
-0.710693359375 0.0838012695312499 0.123725891113281 -0.102165222167969
-0.504364013671875 0.30224609375 0.0412826538085937 -0.0566520690917969
-0.2347412109375 0.56829833984375 -0.0272216796875 0.07421875
0.178375244140625 0.47503662109375 0.06298828125 0.0733566284179688
0.40142822265625 0.252227783203125 0.0908584594726563 0.0820770263671875
0.42974853515625 -0.105133056640625 0.13629150390625 -0.0328521728515625
0.354156494140625 -0.278228759765625 0.119407653808594 -0.0936965942382813
0.369476318359375 -0.22039794921875 0.0770645141601563 -0.0646209716796875
0.38116455078125 -0.27337646484375 0.0992050170898438 -0.0529632568359375
0.431793212890625 -0.094329833984375 0.0393829345703125 -0.02545166015625
0.444000244140625 0.197784423828125 -0.0397262573242187 -0.0135231018066406
0.2274169921875 0.479248046875 -0.00116729736328125 -0.110870361328125
-0.281341552734375 0.5621337890625 0.11383056640625 -0.217483520507812
-0.53155517578125 0.37225341796875 0.316986083984375 -0.175384521484375
-0.71124267578125 0.0722045898437499 0.45538330078125 0.012725830078125
-0.75750732421875 0.12054443359375 -0.10028076171875 -0.0821456909179687
-0.5355224609375 0.360260009765625 -0.0709686279296875 0.0217742919921875
-0.229248046875 0.63037109375 -0.03399658203125 0.092529296875
0.20819091796875 0.512786865234375 0.0204238891601563 0.0413093566894532
0.42864990234375 0.274749755859375 -0.00299835205078123 0.0609130859375
0.464385986328125 -0.09869384765625 0.0112705230712891 0.00189495086669921
0.386810302734375 -0.27459716796875 -0.00132274627685545 0.0103282928466797
0.39886474609375 -0.215301513671875 -0.0327072143554687 0.0469398498535156
0.41131591796875 -0.267913818359375 -0.0192756652832031 0.0497627258300781
0.4501953125 -0.08160400390625 -0.09130859375 0.028045654296875
0.458099365234375 0.21868896484375 -0.144439697265625 -0.00418090820312497
0.230560302734375 0.499969482421875 -0.069976806640625 -0.124160766601562
-0.29864501953125 0.58758544921875 0.07196044921875 -0.199188232421875
-0.5594482421875 0.3922119140625 0.206558227539063 -0.08660888671875
-0.76239013671875 0.0823974609374999 0.219131469726562 0.028778076171875
-0.68670654296875 0.1407470703125 -0.333953857421875 -0.051544189453125
-0.48114013671875 0.362030029296875 -0.194305419921875 0.107864379882812
-0.18780517578125 0.5814208984375 -0.0471572875976563 0.109779357910156
0.2034912109375 0.46142578125 -0.0320453643798828 0.0143394470214844
0.3851318359375 0.2467041015625 -0.0966720581054687 0.0406417846679688
0.421539306640625 -0.081695556640625 -0.114349365234375 0.0412673950195313
0.35736083984375 -0.230682373046875 -0.121124267578125 0.113876342773437
0.366241455078125 -0.17913818359375 -0.138015747070313 0.150711059570312
0.378936767578125 -0.2186279296875 -0.136947631835937 0.144378662109375
0.39483642578125 -0.050018310546875 -0.2091064453125 0.0750732421875
0.3868408203125 0.21209716796875 -0.228729248046875 0.000198364257812536
0.172515869140625 0.434661865234375 -0.12493896484375 -0.128143310546875
-0.282501220703125 0.490814208984375 0.032196044921875 -0.162521362304687
-0.4962158203125 0.32427978515625 0.0852584838867187 0.00720977783203127
-0.692138671875 0.0693969726562499 -0.0249481201171876 0.0443229675292969
-0.50775146484375 0.13916015625 -0.544097900390625 -0.015045166015625
-0.344390869140625 0.29815673828125 -0.30908203125 0.183502197265625
-0.115325927734375 0.425140380859375 -0.0634994506835937 0.12530517578125
0.156524658203125 0.32373046875 -0.0783538818359375 0.00122070312500003
0.271240234375 0.175033569335938 -0.1669921875 0.0204925537109375
0.308380126953125 -0.051422119140625 -0.215728759765625 0.0763702392578125
0.269561767578125 -0.152481079101563 -0.218856811523437 0.200225830078125
0.275985717773437 -0.116485595703125 -0.222122192382813 0.231277465820313
0.288482666015625 -0.137054443359375 -0.234848022460938 0.214813232421875
0.279937744140625 -0.008209228515625 -0.29541015625 0.10333251953125
0.251998901367188 0.17529296875 -0.275238037109375 -0.00862121582031244
0.081268310546875 0.302764892578125 -0.15411376953125 -0.128646850585938
-0.2281494140625 0.308837890625 0.00445556640624999 -0.119888305664062
-0.352935791015625 0.201202392578125 -0.0223541259765625 0.0797958374023438
-0.511138916015625 0.0458984375000001 -0.235885620117188 0.0538787841796875
-0.251296997070312 0.108245849609375 -0.69525146484375 0.0186767578125
-0.160400390625 0.185211181640625 -0.401123046875 0.23760986328125
-0.0291595458984375 0.203781127929687 -0.07867431640625 0.140945434570313
0.0839767456054688 0.137054443359375 -0.10430908203125 0.00554656982421875
0.114616394042969 0.077911376953125 -0.198516845703125 0.00372314453124998
0.144821166992188 -0.0107879638671875 -0.273056030273438 0.098419189453125
0.140342712402344 -0.0478286743164063 -0.280242919921875 0.254318237304688
0.144027709960938 -0.035369873046875 -0.271896362304688 0.278228759765625
0.158172607421875 -0.0355682373046875 -0.29766845703125 0.252288818359375
0.131736755371094 0.0322418212890625 -0.338653564453125 0.1107177734375
0.0940933227539063 0.115493774414062 -0.282318115234375 -0.0256958007812499
-0.00759124755859375 0.138320922851563 -0.158111572265625 -0.127334594726562
-0.136543273925781 0.103141784667969 -0.0103225708007813 -0.0850448608398438
-0.164779663085938 0.0645599365234375 -0.0986099243164063 0.119667053222656
-0.2576904296875 0.019256591796875 -0.38006591796875 0.055816650390625
-0.0612602233886719 -0.0354766845703125 0.45745849609375 -0.122802734375
-0.0522537231445313 0.0309791564941406 0.169219970703125 -0.163360595703125
0.00241851806640626 0.0805435180664063 -0.0202407836914063 0.0609054565429688
0.0553512573242188 0.0460128784179688 0.1295166015625 0.145889282226563
0.0852813720703125 -0.02008056640625 0.264846801757812 0.0865631103515625
0.0280532836914062 -0.07305908203125 0.3433837890625 -0.09857177734375
-0.0069732666015625 -0.0788040161132813 0.3206787109375 -0.2911376953125
0.00251388549804687 -0.0555381774902344 0.289215087890625 -0.29803466796875
-0.00689315795898437 -0.0632896423339844 0.309417724609375 -0.26019287109375
0.0345382690429688 -0.0379714965820313 0.307220458984375 -0.122344970703125
0.0450515747070313 0.00195693969726563 0.203598022460938 -0.0277862548828125
0.014617919921875 0.0575332641601562 0.13165283203125 -0.03363037109375
-0.0364227294921875 0.0290718078613281 0.154800415039063 -0.154296875
-0.0440864562988281 -0.0095977783203125 0.420501708984375 -0.2718505859375
0.00315093994140625 -0.0546951293945313 0.79681396484375 0.01910400390625
-0.343414306640625 0.00573730468750002 0.429656982421875 -0.123260498046875
-0.244461059570313 0.12738037109375 0.17071533203125 -0.153289794921875
-0.106201171875 0.272018432617188 -0.023193359375 0.0565414428710938
0.095794677734375 0.2191162109375 0.1124267578125 0.12890625
0.216278076171875 0.088104248046875 0.228347778320313 0.098907470703125
0.19293212890625 -0.09521484375 0.3128662109375 -0.082672119140625
0.140274047851563 -0.1768798828125 0.29443359375 -0.25811767578125
0.158645629882813 -0.138015747070313 0.254608154296875 -0.25555419921875
0.155899047851563 -0.167205810546875 0.280609130859375 -0.226516723632812
0.2066650390625 -0.0700531005859375 0.258346557617188 -0.107009887695312
0.217071533203125 0.0812530517578125 0.14947509765625 -0.0240478515625
0.102645874023437 0.23968505859375 0.10931396484375 -0.0605545043945312
-0.143814086914063 0.2498779296875 0.160751342773438 -0.18951416015625
-0.252471923828125 0.142898559570312 0.434814453125 -0.273223876953125
-0.300018310546875 -0.00421142578124999 0.7781982421875 0.00506591796875
-0.579833984375 0.0480346679687501 0.31591796875 -0.120513916015625
-0.411529541015625 0.223358154296875 0.126449584960937 -0.121330261230469
-0.1942138671875 0.448333740234375 -0.0243492126464844 0.0644760131835938
0.13787841796875 0.375091552734375 0.0943603515625 0.10467529296875
0.3310546875 0.1868896484375 0.173309326171875 0.0962677001953125
0.335601806640625 -0.1087646484375 0.242141723632813 -0.0617828369140625
0.268646240234375 -0.25030517578125 0.224685668945313 -0.191146850585938
0.291290283203125 -0.2003173828125 0.18157958984375 -0.1739501953125
0.294647216796875 -0.245025634765625 0.207473754882813 -0.155136108398438
0.35015869140625 -0.09246826171875 0.165115356445313 -0.0733489990234375
0.36346435546875 0.14996337890625 0.0650978088378907 -0.0196113586425781
0.182373046875 0.3951416015625 0.0644912719726563 -0.0910186767578125
-0.232330322265625 0.446624755859375 0.147445678710938 -0.217636108398437
-0.43017578125 0.2840576171875 0.403167724609375 -0.244903564453125
-0.562164306640625 0.043548583984375 0.66412353515625 0.00335693359375
-0.73712158203125 0.0932617187500001 0.131141662597656 -0.109764099121094
-0.522186279296875 0.3172607421875 0.0420684814453125 -0.0622482299804687
-0.23687744140625 0.591796875 -0.0245208740234375 0.0814285278320313
0.187255859375 0.487762451171875 0.0672073364257813 0.0737380981445313
0.418243408203125 0.254638671875 0.0965118408203125 0.081939697265625
0.43682861328125 -0.111419677734375 0.138099670410156 -0.0351181030273438
0.357940673828125 -0.290252685546875 0.120887756347656 -0.0986175537109375
0.379608154296875 -0.231292724609375 0.0803756713867188 -0.0668563842773438
0.386627197265625 -0.285125732421875 0.102134704589844 -0.057647705078125
0.440399169921875 -0.09844970703125 0.0410499572753907 -0.0248374938964844
0.45855712890625 0.198760986328125 -0.0399169921875 -0.0107078552246094
0.24041748046875 0.49713134765625 3.81469726562588E-05 -0.115608215332031
-0.2869873046875 0.5826416015625 0.115447998046875 -0.226425170898438
-0.545196533203125 0.38287353515625 0.32452392578125 -0.182403564453125
-0.73828125 0.0789184570312499 0.46881103515625 0.0115966796875
-0.78424072265625 0.13031005859375 -0.100593566894531 -0.0866165161132812
-0.55596923828125 0.37579345703125 -0.0730514526367188 0.019805908203125
-0.2315673828125 0.656982421875 -0.0301742553710938 0.101577758789063
0.2200927734375 0.52935791015625 0.0245628356933594 0.041168212890625
0.44891357421875 0.2783203125 0.000709533691406273 0.0621223449707031
0.473236083984375 -0.106903076171875 0.00868129730224612 0.00118112564086913
0.38995361328125 -0.28765869140625 -0.00337409973144529 0.0098743438720703
0.410186767578125 -0.22772216796875 -0.03326416015625 0.0505867004394531
0.4195556640625 -0.280364990234375 -0.0210609436035156 0.0497360229492187
0.459686279296875 -0.086151123046875 -0.093475341796875 0.0315170288085938
0.474365234375 0.219970703125 -0.148345947265625 0.000366210937500018
0.2427978515625 0.517333984375 -0.0707321166992187 -0.1282958984375
-0.304931640625 0.61065673828125 0.0731201171875 -0.208999633789062
-0.57513427734375 0.40264892578125 0.21209716796875 -0.0903167724609375
-0.79254150390625 0.0906982421874999 0.224472045898437 0.02984619140625
-0.7125244140625 0.15069580078125 -0.34332275390625 -0.0528564453125
-0.5003662109375 0.376373291015625 -0.199661254882813 0.110321044921875
-0.186767578125 0.60687255859375 -0.0424652099609375 0.119003295898438
0.21441650390625 0.4764404296875 -0.0293426513671875 0.0144519805908203
0.4039306640625 0.2525634765625 -0.09698486328125 0.0411453247070313
0.430572509765625 -0.08843994140625 -0.120979309082031 0.0422134399414062
0.360137939453125 -0.24359130859375 -0.126243591308594 0.117942810058594
0.37646484375 -0.1905517578125 -0.141830444335937 0.159347534179688
0.386749267578125 -0.229949951171875 -0.142623901367187 0.149490356445312
0.403839111328125 -0.053497314453125 -0.2159423828125 0.08001708984375
0.399322509765625 0.213653564453125 -0.234649658203125 0.00314331054687498
0.181915283203125 0.450469970703125 -0.128128051757813 -0.131439208984375
-0.290496826171875 0.511016845703125 0.0322418212890625 -0.17059326171875
-0.511199951171875 0.33526611328125 0.0882949829101562 0.00707244873046877
-0.71923828125 0.0749511718749999 -0.0276756286621094 0.0474014282226563
-0.528839111328125 0.14642333984375 -0.560089111328125 -0.01361083984375
-0.358673095703125 0.311492919921875 -0.31781005859375 0.190704345703125
-0.114776611328125 0.44500732421875 -0.0593490600585938 0.133293151855469
0.165924072265625 0.333526611328125 -0.0779037475585937 0.00198364257812503
0.2850341796875 0.178619384765625 -0.1708984375 0.021392822265625
0.314849853515625 -0.055419921875 -0.224517822265625 0.0778961181640625
0.272445678710938 -0.161285400390625 -0.227218627929687 0.20831298828125
0.28363037109375 -0.124664306640625 -0.228729248046875 0.243759155273438
0.295013427734375 -0.14501953125 -0.24359130859375 0.224349975585938
0.285552978515625 -0.010284423828125 -0.30474853515625 0.1094970703125
0.261306762695313 0.176971435546875 -0.28314208984375 -0.00540161132812505
0.08642578125 0.314208984375 -0.158203125 -0.13104248046875
-0.234832763671875 0.322235107421875 0.00366210937499998 -0.125572204589844
-0.364013671875 0.20648193359375 -0.021270751953125 0.0833206176757813
-0.531951904296875 0.0509948730468751 -0.244903564453125 0.0582885742187499
-0.264175415039062 0.113052368164063 -0.71551513671875 0.0230102539062501
-0.167572021484375 0.193618774414063 -0.411407470703125 0.2479248046875
-0.0284271240234375 0.213882446289063 -0.07586669921875 0.147445678710937
0.088958740234375 0.141983032226563 -0.105087280273438 0.00666046142578127
0.120941162109375 0.080413818359375 -0.20404052734375 0.00489807128906252
0.148910522460938 -0.011749267578125 -0.2841796875 0.10137939453125
0.142166137695313 -0.052886962890625 -0.28936767578125 0.264404296875
0.147994995117188 -0.0390625 -0.279815673828125 0.290863037109375
0.161972045898438 -0.038848876953125 -0.30767822265625 0.26373291015625
0.134880065917969 0.0317840576171875 -0.34893798828125 0.116180419921875
0.0992889404296875 0.116775512695313 -0.290313720703125 -0.0248107910156251
-0.00636291503906251 0.144287109375 -0.163055419921875 -0.128662109375
-0.142349243164063 0.11016845703125 -0.0110244750976563 -0.0889739990234375
-0.170379638671875 0.0670013427734375 -0.0985946655273438 0.123519897460937
-0.26873779296875 0.0219268798828125 -0.393035888671875 0.0617065429687499
-0.06182861328125 -0.0346908569335938 0.474822998046875 -0.14520263671875
-0.0535774230957031 0.0320816040039063 0.17022705078125 -0.17626953125
0.00409698486328126 0.0827178955078125 -0.0185317993164062 0.0649833679199219
0.0569725036621094 0.0464897155761719 0.138565063476563 0.145858764648438
0.0854873657226563 -0.0251312255859375 0.276992797851563 0.0800323486328125
0.0238189697265625 -0.0759811401367188 0.35296630859375 -0.11090087890625
-0.009796142578125 -0.0790786743164063 0.323211669921875 -0.315643310546875
0.000282287597656247 -0.0566253662109375 0.29168701171875 -0.323272705078125
-0.011016845703125 -0.0643653869628906 0.316253662109375 -0.285308837890625
0.0340156555175781 -0.0401573181152344 0.31842041015625 -0.13800048828125
0.0452461242675781 0.00099945068359375 0.210800170898438 -0.0347747802734375
0.0173568725585937 0.0583953857421875 0.13604736328125 -0.0407562255859375
-0.0351352691650391 0.0288467407226563 0.15594482421875 -0.165252685546875
-0.0434837341308594 -0.00909042358398438 0.425323486328125 -0.2960205078125
0.0027923583984375 -0.0555572509765625 0.82843017578125 -0.00811767578125001
-0.35498046875 0.0168762207031251 0.445526123046875 -0.1458740234375
-0.252090454101563 0.138427734375 0.17218017578125 -0.1680908203125
-0.1026611328125 0.287811279296875 -0.0205421447753906 0.0626602172851563
0.1044921875 0.225051879882812 0.120895385742188 0.128379821777344
0.22711181640625 0.0825653076171875 0.241058349609375 0.0933990478515625
0.192550659179688 -0.104888916015625 0.321685791015625 -0.094512939453125
0.13800048828125 -0.185501098632813 0.29779052734375 -0.27984619140625
0.160568237304688 -0.148757934570313 0.257659912109375 -0.276962280273438
0.153945922851563 -0.178466796875 0.28619384765625 -0.24932861328125
0.211334228515625 -0.07879638671875 0.26837158203125 -0.119400024414063
0.227096557617188 0.0772552490234375 0.1551513671875 -0.0282745361328125
0.115676879882812 0.247039794921875 0.112075805664063 -0.0683441162109375
-0.141983032226563 0.263259887695313 0.159744262695312 -0.202911376953125
-0.25634765625 0.154739379882813 0.441375732421875 -0.297332763671875
-0.31341552734375 0.00671386718750002 0.8079833984375 -0.01959228515625
-0.60101318359375 0.06890869140625 0.327972412109375 -0.13946533203125
-0.42413330078125 0.24444580078125 0.127830505371094 -0.133026123046875
-0.186676025390625 0.47540283203125 -0.0191192626953125 0.0720977783203125
0.154998779296875 0.385406494140625 0.102035522460938 0.10418701171875
0.351715087890625 0.180816650390625 0.184890747070313 0.092041015625
0.34051513671875 -0.123077392578125 0.248748779296875 -0.072235107421875
0.265701293945313 -0.268142700195313 0.226318359375 -0.207351684570313
0.296600341796875 -0.219329833984375 0.184783935546875 -0.18896484375
0.2945556640625 -0.26507568359375 0.211807250976563 -0.172195434570313
0.359161376953125 -0.106964111328125 0.171539306640625 -0.0811767578125
0.381683349609375 0.14324951171875 0.0685272216796875 -0.019805908203125
0.205535888671875 0.408203125 0.0653533935546875 -0.0989532470703125
-0.2264404296875 0.472991943359375 0.14434814453125 -0.232757568359375
-0.43603515625 0.30609130859375 0.409423828125 -0.269561767578125
-0.587646484375 0.0653076171875 0.69134521484375 -0.0166015625
-0.76507568359375 0.12384033203125 0.135940551757812 -0.122711181640625
-0.5382080078125 0.344879150390625 0.0416755676269531 -0.0696945190429687
-0.22479248046875 0.627197265625 -0.0170440673828125 0.0905685424804688
0.210662841796875 0.501800537109375 0.0735549926757813 0.0727157592773438
0.44683837890625 0.248199462890625 0.105476379394531 0.0803146362304688
0.445953369140625 -0.132110595703125 0.140083312988281 -0.041229248046875
0.354766845703125 -0.312286376953125 0.12152099609375 -0.107269287109375
0.38726806640625 -0.25537109375 0.0828857421875 -0.0718154907226563
0.388458251953125 -0.3114013671875 0.10418701171875 -0.0665817260742188
0.453033447265625 -0.117218017578125 0.0437088012695313 -0.0261955261230469
0.48211669921875 0.190673828125 -0.0406379699707031 -0.00731277465820311
0.267425537109375 0.512481689453125 -0.00255584716796874 -0.12225341796875
-0.2811279296875 0.618408203125 0.110519409179687 -0.241836547851563
-0.556732177734375 0.413421630859375 0.33111572265625 -0.20001220703125
-0.77032470703125 0.1090087890625 0.486724853515625 -0.00207519531249999
-0.814697265625 0.164794921875 -0.105445861816406 -0.0900421142578125
-0.570068359375 0.41046142578125 -0.0754013061523438 0.0203323364257813
-0.21575927734375 0.6966552734375 -0.0208892822265625 0.111297607421875
0.248199462890625 0.5439453125 0.0291290283203125 0.0409507751464844
0.48101806640625 0.271026611328125 0.00517272949218753 0.0627632141113281
0.485076904296875 -0.12799072265625 0.00632333755493167 0.000268459320068352
0.389312744140625 -0.31329345703125 -0.00476074218749998 0.0103683471679687
0.419464111328125 -0.253875732421875 -0.0321426391601562 0.0552749633789062
0.423065185546875 -0.30755615234375 -0.0215301513671875 0.0522613525390625
0.473052978515625 -0.104278564453125 -0.0958633422851562 0.0371475219726562
0.500396728515625 0.211273193359375 -0.152694702148437 0.00807189941406252
0.27215576171875 0.533721923828125 -0.0772247314453125 -0.13299560546875
-0.2999267578125 0.648681640625 0.0664520263671875 -0.221847534179688
-0.5867919921875 0.43438720703125 0.217041015625 -0.100509643554687
-0.82855224609375 0.12139892578125 0.232559204101562 0.0252227783203125
-0.74224853515625 0.18194580078125 -0.3570556640625 -0.0451965332031251
-0.51275634765625 0.40924072265625 -0.204132080078125 0.119552612304688
-0.17230224609375 0.64288330078125 -0.033203125 0.129104614257813
0.24127197265625 0.48822021484375 -0.0272254943847656 0.0149974822998047
0.433502197265625 0.245941162109375 -0.0970916748046875 0.0445709228515625
0.442291259765625 -0.10687255859375 -0.127426147460937 0.047210693359375
0.361236572265625 -0.266326904296875 -0.128890991210937 0.127716064453125
0.385589599609375 -0.214019775390625 -0.142425537109375 0.17376708984375
0.391937255859375 -0.253997802734375 -0.145126342773437 0.162368774414062
0.415283203125 -0.06915283203125 -0.222305297851563 0.09210205078125
0.423553466796875 0.206329345703125 -0.242935180664062 0.0131683349609375
0.207855224609375 0.4666748046875 -0.137092590332031 -0.133804321289062
-0.287261962890625 0.54559326171875 0.0260467529296875 -0.180816650390625
-0.521484375 0.36187744140625 0.0925521850585937 0.00448608398437502
-0.751220703125 0.10406494140625 -0.0298881530761719 0.0526275634765625
-0.551544189453125 0.17181396484375 -0.5828857421875 0.00415039062499997
-0.36614990234375 0.338134765625 -0.32489013671875 0.20849609375
-0.10272216796875 0.471405029296875 -0.051055908203125 0.1429443359375
0.187103271484375 0.342041015625 -0.0776443481445312 0.00392150878906251
0.307525634765625 0.175628662109375 -0.174911499023437 0.0272216796875
0.32421875 -0.068145751953125 -0.234329223632813 0.0880126953125
0.273391723632813 -0.178497314453125 -0.230804443359375 0.225051879882812
0.29083251953125 -0.142425537109375 -0.230331420898438 0.265274047851562
0.300628662109375 -0.161773681640625 -0.247573852539063 0.244949340820313
0.2952880859375 -0.01959228515625 -0.314056396484375 0.12493896484375
0.278121948242188 0.173233032226563 -0.292755126953125 0.00509643554687504
0.10247802734375 0.326446533203125 -0.1685791015625 -0.130096435546875
-0.23590087890625 0.3470458984375 -0.00140380859375001 -0.133323669433594
-0.37384033203125 0.22454833984375 -0.0178756713867188 0.0875091552734375
-0.556610107421875 0.0707397460937499 -0.254318237304688 0.0721282958984375
-0.276092529296875 0.1263427734375 -0.74456787109375 0.0489501953125
-0.170166015625 0.209518432617187 -0.420318603515625 0.271728515625
-0.021087646484375 0.226455688476563 -0.0684967041015625 0.15631103515625
0.09991455078125 0.144546508789063 -0.106193542480469 0.0103302001953125
0.131217956542969 0.0800247192382812 -0.210983276367188 0.011627197265625
0.154647827148438 -0.016845703125 -0.294036865234375 0.11328125
0.1436767578125 -0.061676025390625 -0.293731689453125 0.28594970703125
0.152816772460938 -0.04736328125 -0.28271484375 0.31646728515625
0.167251586914063 -0.0473480224609375 -0.313323974609375 0.28839111328125
0.140289306640625 0.0281906127929688 -0.36029052734375 0.1328125
0.108024597167969 0.11566162109375 -0.301239013671875 -0.0158081054687499
-0.000442504882812505 0.151626586914063 -0.1727294921875 -0.127288818359375
-0.145584106445313 0.123123168945312 -0.0151138305664063 -0.09326171875
-0.176361083984375 0.074951171875 -0.0969085693359375 0.132568359375
-0.282928466796875 0.032379150390625 -0.40875244140625 0.0805969238281249
-0.0626182556152344 -0.0328292846679687 0.479736328125 -0.1806640625
-0.0534553527832031 0.034515380859375 0.165252685546875 -0.192245483398437
0.00761413574218751 0.0848464965820313 -0.0146598815917969 0.0691032409667969
0.0591888427734375 0.045684814453125 0.149002075195313 0.139801025390625
0.0830841064453125 -0.0312271118164063 0.288604736328125 0.064666748046875
0.0173492431640625 -0.077880859375 0.356781005859375 -0.132537841796875
-0.0147781372070313 -0.07806396484375 0.313201904296875 -0.344268798828125
-0.0029754638671875 -0.056671142578125 0.281829833984375 -0.353729248046875
-0.0171089172363281 -0.06378173828125 0.308868408203125 -0.3179931640625
0.0312995910644531 -0.0428466796875 0.321929931640625 -0.16119384765625
0.0457763671875 -0.0003204345703125 0.213287353515625 -0.0472869873046875
0.0210456848144531 0.0587882995605469 0.136146545410156 -0.051910400390625
-0.0338840484619141 0.0289440155029297 0.150177001953125 -0.179580688476563
-0.0426101684570313 -0.00767898559570312 0.41693115234375 -0.328643798828125
0.00111007690429688 -0.0560111999511719 0.8502197265625 -0.05810546875
-0.3629150390625 0.03753662109375 0.450103759765625 -0.180145263671875
-0.25274658203125 0.15521240234375 0.166580200195312 -0.1842041015625
-0.088165283203125 0.3017578125 -0.013946533203125 0.0682716369628906
0.118911743164063 0.22686767578125 0.131050109863281 0.122543334960938
0.236557006835937 0.07000732421875 0.251190185546875 0.07977294921875
0.187820434570312 -0.117630004882813 0.3238525390625 -0.11322021484375
0.12823486328125 -0.196609497070313 0.287811279296875 -0.30548095703125
0.155776977539063 -0.162078857421875 0.249755859375 -0.303436279296875
0.144424438476562 -0.191818237304688 0.27978515625 -0.2783203125
0.210617065429688 -0.0924224853515625 0.270950317382813 -0.138717651367188
0.23638916015625 0.0667724609375 0.15802001953125 -0.0363006591796875
0.134658813476563 0.247268676757813 0.110977172851563 -0.0788803100585938
-0.13006591796875 0.2772216796875 0.150314331054688 -0.218887329101562
-0.253082275390625 0.172393798828125 0.433349609375 -0.33050537109375
-0.322784423828125 0.026947021484375 0.82781982421875 -0.06817626953125
-0.614013671875 0.10723876953125 0.330078125 -0.167755126953125
-0.42437744140625 0.27520751953125 0.123367309570312 -0.147308349609375
-0.16357421875 0.50067138671875 -0.00973510742187501 0.0780792236328125
0.180267333984375 0.38787841796875 0.110893249511719 0.0983810424804688
0.37261962890625 0.162445068359375 0.195343017578125 0.0814666748046875
0.337890625 -0.145782470703125 0.249496459960938 -0.0873870849609375
0.253326416015625 -0.28814697265625 0.219207763671875 -0.22760009765625
0.291778564453125 -0.243560791015625 0.180068969726563 -0.206588745117188
0.28302001953125 -0.2906494140625 0.207443237304688 -0.193374633789063
0.359405517578125 -0.129852294921875 0.173858642578125 -0.092742919921875
0.39849853515625 0.125091552734375 0.0703353881835938 -0.0220108032226562
0.23724365234375 0.408111572265625 0.0611038208007813 -0.108131408691406
-0.2071533203125 0.50030517578125 0.13262939453125 -0.2491455078125
-0.43389892578125 0.337554931640625 0.403717041015625 -0.298004150390625
-0.6029052734375 0.10357666015625 0.7054443359375 -0.05853271484375
-0.78057861328125 0.1744384765625 0.134437561035156 -0.137893676757813
-0.535675048828125 0.385833740234375 0.0387420654296875 -0.07763671875
-0.1912841796875 0.660888671875 -0.00467681884765626 0.0969161987304688
0.24737548828125 0.50537109375 0.0813827514648438 0.0682830810546875
0.475250244140625 0.225341796875 0.113868713378906 0.0736083984375
0.445892333984375 -0.1611328125 0.138946533203125 -0.0504837036132813
0.340179443359375 -0.34027099609375 0.116912841796875 -0.118423461914063
0.383087158203125 -0.287628173828125 0.082977294921875 -0.0791244506835938
0.377716064453125 -0.3433837890625 0.102615356445313 -0.076690673828125
0.454681396484375 -0.146942138671875 0.0449066162109375 -0.0284271240234375
0.506439208984375 0.166534423828125 -0.0402336120605468 -0.00272750854492186
0.309173583984375 0.51226806640625 -0.00975799560546872 -0.127769470214844
-0.253173828125 0.654052734375 0.096221923828125 -0.256301879882812
-0.549835205078125 0.45294189453125 0.3265380859375 -0.22412109375
-0.78997802734375 0.15899658203125 0.498565673828125 -0.029327392578125
-0.83404541015625 0.21856689453125 -0.111175537109375 -0.0893325805664063
-0.56854248046875 0.45721435546875 -0.0760498046875 0.0220718383789063
-0.17730712890625 0.73553466796875 -0.00631713867187501 0.118080139160156
0.289337158203125 0.545745849609375 0.0344314575195313 0.0382728576660157
0.51483154296875 0.247161865234375 0.0105781555175782 0.061859130859375
0.48516845703125 -0.1588134765625 0.00362801551818851 -0.000692129135131846
0.375823974609375 -0.343017578125 -0.00539875030517576 0.0103740692138672
0.416015625 -0.28839111328125 -0.0277442932128906 0.0607376098632812
0.413238525390625 -0.343048095703125 -0.0201644897460937 0.0550003051757812
0.4771728515625 -0.134613037109375 -0.095703125 0.0455703735351562
0.52447509765625 0.186614990234375 -0.154571533203125 0.0191802978515625
0.315521240234375 0.534332275390625 -0.0861740112304687 -0.133979797363281
-0.27178955078125 0.68890380859375 0.0521240234375 -0.23333740234375
-0.5802001953125 0.47698974609375 0.216659545898437 -0.114837646484375
-0.85076904296875 0.1749267578125 0.237960815429687 0.0148468017578125
-0.7576904296875 0.23297119140625 -0.36773681640625 -0.0280456542968749
-0.50677490234375 0.454315185546875 -0.203369140625 0.133209228515625
-0.13555908203125 0.6783447265625 -0.0184707641601563 0.135490417480469
0.27972412109375 0.48785400390625 -0.0242023468017578 0.0159912109375
0.46466064453125 0.224151611328125 -0.0955047607421875 0.0502548217773437
0.44537353515625 -0.134613037109375 -0.131904602050781 0.054718017578125
0.349456787109375 -0.294158935546875 -0.127067565917969 0.139457702636719
0.38397216796875 -0.24560546875 -0.13470458984375 0.190155029296875
0.384185791015625 -0.286376953125 -0.141708374023437 0.177291870117187
0.419219970703125 -0.093719482421875 -0.223373413085938 0.10931396484375
0.4462890625 0.18463134765625 -0.246368408203125 0.0301666259765625
0.2442626953125 0.468780517578125 -0.147323608398437 -0.13043212890625
-0.26666259765625 0.58135986328125 0.0127410888671875 -0.1884765625
-0.5177001953125 0.399169921875 0.0960159301757812 0.000770568847656274
-0.77264404296875 0.15203857421875 -0.0294189453125 0.0590705871582031
-0.561767578125 0.210235595703125 -0.59716796875 0.0373535156250001
-0.36114501953125 0.37225341796875 -0.322021484375 0.23272705078125
-0.07635498046875 0.4949951171875 -0.0369720458984375 0.14898681640625
0.2138671875 0.34014892578125 -0.0770339965820312 0.00844573974609376
0.330169677734375 0.160888671875 -0.176956176757812 0.0377655029296875
0.328338623046875 -0.088897705078125 -0.238571166992187 0.102203369140625
0.266433715820313 -0.199539184570313 -0.2259521484375 0.246490478515625
0.2908935546875 -0.165435791015625 -0.220550537109375 0.290252685546875
0.2979736328125 -0.185699462890625 -0.241943359375 0.26995849609375
0.300048828125 -0.037200927734375 -0.31640625 0.148529052734375
0.29534912109375 0.158447265625 -0.2984619140625 0.0225830078125
0.127044677734375 0.331573486328125 -0.179763793945313 -0.12481689453125
-0.22308349609375 0.374420166015625 -0.0113525390625 -0.137474060058594
-0.373199462890625 0.250213623046875 -0.0117874145507813 0.0911712646484375
-0.5712890625 0.10595703125 -0.25848388671875 0.0918731689453125
-0.280975341796875 0.147308349609375 -0.76251220703125 0.09234619140625
-0.165359497070313 0.227203369140625 -0.416046142578125 0.30413818359375
-0.00765991210937501 0.236083984375 -0.05621337890625 0.162689208984375
0.112564086914062 0.1422119140625 -0.105972290039063 0.0166854858398438
0.143035888671875 0.074188232421875 -0.214981079101562 0.0242156982421875
0.158065795898438 -0.0261077880859375 -0.2984619140625 0.13189697265625
0.141754150390625 -0.0722503662109375 -0.287078857421875 0.312469482421875
0.154647827148438 -0.0595703125 -0.27325439453125 0.346588134765625
0.168670654296875 -0.0595855712890625 -0.306060791015625 0.319793701171875
0.145263671875 0.0208892822265625 -0.363555908203125 0.15899658203125
0.117431640625 0.10968017578125 -0.30841064453125 0.00119018554687496
0.0101318359375 0.157150268554688 -0.183883666992188 -0.119674682617187
-0.142303466796875 0.1387939453125 -0.021942138671875 -0.0950851440429688
-0.177947998046875 0.0865020751953125 -0.0899658203125 0.14208984375
-0.29296875 0.050018310546875 -0.41534423828125 0.11077880859375
-0.0631370544433594 -0.0294189453125 0.4677734375 -0.212799072265625
-0.052215576171875 0.0368919372558594 0.15350341796875 -0.202957153320312
0.01287841796875 0.0839691162109375 -0.00837707519531251 0.071014404296875
0.0604362487792969 0.0438919067382813 0.155380249023437 0.128616333007813
0.0784454345703125 -0.0358352661132813 0.289093017578125 0.045654296875
0.0100631713867187 -0.0772857666015625 0.349945068359375 -0.15167236328125
-0.0192642211914063 -0.0752410888671875 0.290740966796875 -0.36407470703125
-0.00651931762695312 -0.0552177429199219 0.25750732421875 -0.37481689453125
-0.0228309631347656 -0.0602226257324219 0.287689208984375 -0.34222412109375
0.0274887084960938 -0.0446281433105469 0.314361572265625 -0.181976318359375
0.0447845458984375 -0.00258636474609375 0.2095947265625 -0.05865478515625
0.0248184204101562 0.0567893981933594 0.130790710449219 -0.0616683959960937
-0.0321369171142578 0.0280170440673828 0.137969970703125 -0.1895751953125
-0.0411453247070313 -0.00567245483398438 0.392822265625 -0.352996826171875
-0.000823974609375001 -0.054962158203125 0.8397216796875 -0.110107421875
-0.358856201171875 0.061004638671875 0.4368896484375 -0.21063232421875
-0.244766235351563 0.169692993164062 0.155044555664062 -0.196640014648438
-0.068939208984375 0.307830810546875 -0.00487899780273438 0.070037841796875
0.132064819335937 0.2197265625 0.136085510253906 0.112030029296875
0.2386474609375 0.0540924072265625 0.254318237304688 0.062896728515625
0.176483154296875 -0.127471923828125 0.316192626953125 -0.131134033203125
0.114425659179687 -0.20166015625 0.268035888671875 -0.324615478515625
0.14544677734375 -0.171371459960937 0.230987548828125 -0.32208251953125
0.128463745117187 -0.198837280273438 0.26116943359375 -0.300537109375
0.202621459960938 -0.105117797851563 0.2647705078125 -0.15631103515625
0.23907470703125 0.0517120361328125 0.156005859375 -0.0438690185546875
0.15093994140625 0.239166259765625 0.104248046875 -0.088043212890625
-0.114105224609375 0.285186767578125 0.134353637695312 -0.228057861328125
-0.241348266601563 0.185897827148438 0.40887451171875 -0.35601806640625
-0.3209228515625 0.0485534667968751 0.81732177734375 -0.11920166015625
-0.60595703125 0.1466064453125 0.318267822265625 -0.1920166015625
-0.409210205078125 0.300201416015625 0.113784790039062 -0.1583251953125
-0.12921142578125 0.51153564453125 0.001953125 0.0791015625
0.203948974609375 0.376953125 0.116241455078125 0.089019775390625
0.3814697265625 0.1363525390625 0.19891357421875 0.0672607421875
0.323486328125 -0.164764404296875 0.242782592773438 -0.10107421875
0.23095703125 -0.30059814453125 0.203445434570313 -0.243270874023438
0.275924682617188 -0.26226806640625 0.168182373046875 -0.220428466796875
0.26043701171875 -0.30767822265625 0.194366455078125 -0.21002197265625
0.348785400390625 -0.150665283203125 0.170486450195313 -0.103591918945313
0.404571533203125 0.09906005859375 0.0700950622558594 -0.0240707397460937
0.26507568359375 0.392852783203125 0.0534286499023438 -0.114204406738281
-0.176910400390625 0.514434814453125 0.113937377929687 -0.256729125976563
-0.412078857421875 0.36102294921875 0.38232421875 -0.3218994140625
-0.59765625 0.1422119140625 0.69781494140625 -0.10101318359375
-0.76959228515625 0.22528076171875 0.126312255859375 -0.150604248046875
-0.513580322265625 0.41961669921875 0.033172607421875 -0.0833740234375
-0.1444091796875 0.67474365234375 0.0102005004882812 0.0969085693359375
0.279266357421875 0.489501953125 0.0855026245117188 0.0602645874023438
0.4901123046875 0.190338134765625 0.118011474609375 0.064422607421875
0.430206298828125 -0.1875 0.133056640625 -0.0578765869140625
0.313720703125 -0.357940673828125 0.108070373535156 -0.126976013183594
0.364471435546875 -0.312896728515625 0.0792617797851563 -0.0853195190429688
0.3511962890625 -0.367919921875 0.0963592529296875 -0.084136962890625
0.442962646484375 -0.172943115234375 0.0449867248535157 -0.0304107666015625
0.513397216796875 0.1336669921875 -0.0386581420898437 0.00231552124023438
0.343963623046875 0.493438720703125 -0.0183563232421875 -0.129074096679687
-0.21392822265625 0.6734619140625 0.076171875 -0.260879516601563
-0.521942138671875 0.484832763671875 0.3106689453125 -0.242401123046875
-0.783935546875 0.2115478515625 0.4918212890625 -0.05712890625
-0.82037353515625 0.2738037109375 -0.115707397460938 -0.0859146118164062
-0.54229736328125 0.494781494140625 -0.0753707885742188 0.0236587524414063
-0.12762451171875 0.74945068359375 0.0106582641601562 0.116836547851563
0.32415771484375 0.52581787109375 0.0382003784179688 0.0340309143066407
0.531890869140625 0.21038818359375 0.0154953002929688 0.0597114562988282
0.47015380859375 -0.1903076171875 0.00012385845184329 -0.000592291355133068
0.3482666015625 -0.363067626953125 -0.00623321533203123 0.0102548599243164
0.39727783203125 -0.317718505859375 -0.0220870971679687 0.0628585815429687
0.386016845703125 -0.37127685546875 -0.0169410705566406 0.057220458984375
0.464569091796875 -0.164093017578125 -0.0913238525390625 0.0529022216796875
0.533660888671875 0.15167236328125 -0.150955200195312 0.0305938720703125
0.3515625 0.5152587890625 -0.094940185546875 -0.12994384765625
-0.23016357421875 0.70794677734375 0.0333709716796875 -0.235122680664062
-0.551116943359375 0.509765625 0.208831787109375 -0.126480102539062
-0.84197998046875 0.2303466796875 0.236618041992187 0.00331115722656251
-0.7449951171875 0.2825927734375 -0.367462158203125 -0.00735473632812491
-0.481201171875 0.48675537109375 -0.195281982421875 0.14306640625
-0.09039306640625 0.68829345703125 -0.00164794921875 0.134483337402344
0.31298828125 0.4693603515625 -0.0208396911621094 0.0156803131103516
0.482452392578125 0.191375732421875 -0.0906906127929687 0.0552597045898438
0.433868408203125 -0.16351318359375 -0.131576538085937 0.0621261596679687
0.3245849609375 -0.31494140625 -0.119766235351562 0.147781372070312
0.367706298828125 -0.272491455078125 -0.120407104492187 0.200363159179688
0.362213134765625 -0.311553955078125 -0.130081176757813 0.188888549804687
0.410858154296875 -0.119171142578125 -0.215469360351562 0.125045776367188
0.45526123046875 0.15460205078125 -0.241851806640625 0.0466156005859375
0.276123046875 0.453704833984375 -0.155471801757813 -0.121597290039062
-0.23016357421875 0.60186767578125 -0.00164794921875001 -0.188018798828125
-0.494232177734375 0.4276123046875 0.0963516235351562 -0.00457000732421872
-0.76605224609375 0.203369140625 -0.0262603759765625 0.0644607543945313
-0.550811767578125 0.246826171875 -0.592041015625 0.07171630859375
-0.3397216796875 0.395111083984375 -0.306610107421875 0.250518798828125
-0.042327880859375 0.501953125 -0.02166748046875 0.148086547851563
0.236968994140625 0.325439453125 -0.07354736328125 0.0118560791015625
0.3433837890625 0.13677978515625 -0.171966552734375 0.04766845703125
0.320648193359375 -0.10986328125 -0.23602294921875 0.115997314453125
0.249298095703125 -0.215545654296875 -0.211990356445313 0.260955810546875
0.27996826171875 -0.185653686523438 -0.200286865234375 0.30712890625
0.28271484375 -0.206329345703125 -0.223846435546875 0.2890625
0.295074462890625 -0.0552978515625 -0.307342529296875 0.169921875
0.30328369140625 0.13720703125 -0.294158935546875 0.042144775390625
0.150604248046875 0.323211669921875 -0.187271118164063 -0.113235473632813
-0.199798583984375 0.39239501953125 -0.0225067138671875 -0.13531494140625
-0.359130859375 0.271209716796875 -0.00440216064453128 0.0926666259765625
-0.56927490234375 0.14373779296875 -0.251708984375 0.111740112304687
-0.2740478515625 0.165359497070313 -0.75274658203125 0.1396484375
-0.15118408203125 0.238723754882813 -0.3941650390625 0.328857421875
0.00828552246093752 0.237106323242188 -0.042938232421875 0.161972045898438
0.122245788574219 0.133506774902344 -0.102012634277344 0.0229644775390625
0.149810791015625 0.063720703125 -0.211273193359375 0.0367279052734375
0.157302856445313 -0.03643798828125 -0.293670654296875 0.149505615234375
0.135108947753906 -0.0811691284179688 -0.26885986328125 0.33245849609375
0.151260375976563 -0.0711517333984375 -0.249176025390625 0.36669921875
0.164382934570313 -0.072235107421875 -0.284393310546875 0.343475341796875
0.144454956054687 0.0118865966796875 -0.354278564453125 0.182464599609375
0.123497009277344 0.100311279296875 -0.306060791015625 0.0196533203125
0.0223388671875 0.156570434570313 -0.190841674804687 -0.106658935546875
-0.133377075195313 0.15118408203125 -0.028839111328125 -0.092864990234375
-0.174057006835938 0.096832275390625 -0.0790100097656251 0.1475830078125
-0.29266357421875 0.069671630859375 -0.40606689453125 0.139556884765625
-0.0617828369140625 -0.02716064453125 0.449981689453125 -0.22845458984375
-0.049652099609375 0.0381965637207031 0.143173217773438 -0.20733642578125
0.015411376953125 0.0813980102539063 -0.00265502929687501 0.070526123046875
0.0611572265625 0.0423736572265625 0.155670166015625 0.119033813476563
0.07342529296875 -0.0373611450195312 0.282196044921875 0.0333251953125
0.00513458251953125 -0.0734786987304688 0.33953857421875 -0.162261962890625
-0.0215301513671875 -0.0714569091796875 0.26983642578125 -0.370574951171875
-0.00855255126953125 -0.0531959533691406 0.235748291015625 -0.382568359375
-0.0266914367675781 -0.0563735961914063 0.266387939453125 -0.3524169921875
0.024200439453125 -0.0444183349609375 0.303009033203125 -0.19354248046875
0.0437049865722656 -0.0036468505859375 0.2027587890625 -0.0644378662109375
0.0264778137207031 0.0547561645507813 0.124366760253906 -0.0670318603515625
-0.0316047668457031 0.0267333984375 0.125946044921875 -0.19293212890625
-0.0390510559082031 -0.00470733642578125 0.3685302734375 -0.361541748046875
-0.001739501953125 -0.0530662536621094 0.8138427734375 -0.14080810546875
-0.34783935546875 0.075164794921875 0.4193115234375 -0.227264404296875
-0.234542846679688 0.17694091796875 0.143936157226563 -0.202255249023438
-0.053680419921875 0.305023193359375 0.00317764282226563 0.0683822631835938
0.138626098632813 0.212127685546875 0.13671875 0.102561950683594
0.235488891601562 0.04229736328125 0.249679565429688 0.0509796142578125
0.164947509765625 -0.1297607421875 0.30633544921875 -0.1400146484375
0.102249145507813 -0.2001953125 0.24896240234375 -0.3319091796875
0.136184692382813 -0.174423217773437 0.212127685546875 -0.329925537109375
0.115463256835937 -0.198822021484375 0.24169921875 -0.30963134765625
0.192489624023438 -0.111175537109375 0.255523681640625 -0.165313720703125
0.236160278320313 0.0411224365234375 0.152359008789063 -0.0475311279296875
0.159423828125 0.228790283203125 0.0974349975585938 -0.092376708984375
-0.10125732421875 0.284637451171875 0.120254516601563 -0.229873657226562
-0.22943115234375 0.19097900390625 0.38311767578125 -0.36395263671875
-0.314117431640625 0.062774658203125 0.7923583984375 -0.1475830078125
-0.587890625 0.17059326171875 0.30377197265625 -0.205047607421875
-0.39129638671875 0.31292724609375 0.104095458984375 -0.163284301757812
-0.1019287109375 0.50994873046875 0.0127182006835937 0.0765304565429688
0.2159423828125 0.362152099609375 0.116264343261719 0.0803451538085938
0.37884521484375 0.115386962890625 0.19635009765625 0.0571746826171875
0.30657958984375 -0.17279052734375 0.233291625976563 -0.107742309570313
0.211456298828125 -0.30218505859375 0.188980102539063 -0.249038696289063
0.259857177734375 -0.270828247070313 0.154800415039063 -0.22613525390625
0.2386474609375 -0.310699462890625 0.180191040039063 -0.216903686523438
0.333099365234375 -0.16162109375 0.164901733398438 -0.109725952148438
0.401275634765625 0.080108642578125 0.0689239501953125 -0.0242958068847656
0.27813720703125 0.376068115234375 0.0462493896484375 -0.11627197265625
-0.15338134765625 0.513580322265625 0.09844970703125 -0.255111694335937
-0.390838623046875 0.36956787109375 0.35882568359375 -0.32965087890625
-0.582275390625 0.16668701171875 0.67657470703125 -0.125244140625
-0.74505615234375 0.2568359375 0.116775512695312 -0.156784057617187
-0.489837646484375 0.434234619140625 0.0280227661132812 -0.087249755859375
-0.1097412109375 0.6705322265625 0.0224990844726562 0.0918350219726563
0.295379638671875 0.4686279296875 0.0864181518554688 0.0533981323242188
0.489013671875 0.163116455078125 0.118484497070313 0.0571136474609375
0.409942626953125 -0.201568603515625 0.126113891601563 -0.0607757568359375
0.289764404296875 -0.3626708984375 0.09881591796875 -0.130767822265625
0.344451904296875 -0.32525634765625 0.0749359130859375 -0.0887908935546875
0.323577880859375 -0.376617431640625 0.0904388427734375 -0.087799072265625
0.4246826171875 -0.187042236328125 0.0449867248535156 -0.0316390991210938
0.508941650390625 0.108428955078125 -0.0358009338378906 0.00574111938476563
0.362396240234375 0.47119140625 -0.0239105224609375 -0.127578735351562
-0.18194580078125 0.67340087890625 0.0611724853515625 -0.25732421875
-0.494171142578125 0.493316650390625 0.293701171875 -0.2490234375
-0.76226806640625 0.2408447265625 0.4776611328125 -0.073577880859375
-0.7926025390625 0.30718994140625 -0.116912841796875 -0.08349609375
-0.514251708984375 0.51019287109375 -0.0744857788085938 0.02294921875
-0.0887451171875001 0.74169921875 0.0230255126953125 0.110458374023438
0.341644287109375 0.501739501953125 0.03961181640625 0.0293731689453125
0.53253173828125 0.179473876953125 0.0190963745117188 0.0565414428710938
0.451019287109375 -0.205230712890625 -0.00333595275878903 0.000601053237915027
0.321624755859375 -0.370269775390625 -0.00798797607421873 0.00955867767333982
0.376861572265625 -0.331817626953125 -0.0175514221191406 0.0621147155761719
0.358856201171875 -0.379730224609375 -0.0140876770019531 0.0576171875
0.44696044921875 -0.177825927734375 -0.0865097045898437 0.0568695068359375
0.5294189453125 0.12451171875 -0.144088745117187 0.03778076171875
0.369842529296875 0.49224853515625 -0.098785400390625 -0.124931335449219
-0.19696044921875 0.7100830078125 0.0200958251953125 -0.229766845703125
-0.523284912109375 0.521881103515625 0.199676513671875 -0.131179809570312
-0.822509765625 0.26348876953125 0.23077392578125 -0.00320434570312498
-0.72161865234375 0.3135986328125 -0.360504150390625 0.00500488281250004
-0.454559326171875 0.501220703125 -0.186660766601563 0.146865844726563
-0.0560302734375001 0.6817626953125 0.0109176635742187 0.127883911132813
0.327178955078125 0.448394775390625 -0.0183219909667969 0.0145053863525391
0.484710693359375 0.162353515625 -0.0841064453125 0.0558853149414062
0.4161376953125 -0.178009033203125 -0.130516052246094 0.0671615600585937
0.302001953125 -0.32086181640625 -0.112884521484375 0.150894165039062
0.349761962890625 -0.28564453125 -0.107711791992187 0.203338623046875
0.339447021484375 -0.322479248046875 -0.117752075195313 0.193756103515625
0.396636962890625 -0.133453369140625 -0.20550537109375 0.1334228515625
0.451446533203125 0.130706787109375 -0.233230590820312 0.056549072265625
0.293243408203125 0.43359375 -0.157394409179688 -0.113204956054687
-0.20123291015625 0.6064453125 -0.0122833251953125 -0.182281494140625
-0.4698486328125 0.4383544921875 0.0960311889648437 -0.00756072998046872
-0.74798583984375 0.233154296875 -0.0229415893554688 0.0676841735839844
-0.53314208984375 0.26849365234375 -0.57647705078125 0.0947265625
-0.319610595703125 0.404388427734375 -0.291473388671875 0.2578125
-0.01788330078125 0.496185302734375 -0.0110321044921875 0.142410278320313
0.247314453125 0.30914306640625 -0.0690879821777344 0.0133857727050782
0.344818115234375 0.11712646484375 -0.164291381835937 0.052825927734375
0.30902099609375 -0.121551513671875 -0.2310791015625 0.123703002929688
0.233505249023438 -0.221298217773438 -0.198760986328125 0.267059326171875
0.266738891601562 -0.1964111328125 -0.181915283203125 0.313140869140625
0.266799926757813 -0.215728759765625 -0.205474853515625 0.29718017578125
0.285980224609375 -0.066619873046875 -0.29443359375 0.181243896484375
0.301666259765625 0.120513916015625 -0.2852783203125 0.0531005859375
0.163299560546875 0.311309814453125 -0.186996459960938 -0.102737426757812
-0.1796875 0.398193359375 -0.029510498046875 -0.130752563476562
-0.343292236328125 0.279449462890625 0.00138092041015622 0.09112548828125
-0.55657958984375 0.1671142578125 -0.240814208984375 0.123046875
-0.26507568359375 0.175765991210937 -0.73077392578125 0.16748046875
-0.139419555664063 0.240737915039063 -0.374481201171875 0.34027099609375
0.018402099609375 0.233963012695313 -0.034088134765625 0.1571044921875
0.125816345214844 0.124717712402344 -0.0969161987304687 0.0254287719726562
0.15130615234375 0.055328369140625 -0.203353881835938 0.0434112548828125
0.153060913085937 -0.0429534912109375 -0.28656005859375 0.156982421875
0.128120422363281 -0.0852508544921875 -0.252044677734375 0.33990478515625
0.145065307617188 -0.0770263671875 -0.228057861328125 0.373931884765625
0.157623291015625 -0.07940673828125 -0.262481689453125 0.35357666015625
0.14263916015625 0.0056915283203125 -0.340667724609375 0.196197509765625
0.124061584472656 0.0913772583007813 -0.297943115234375 0.03118896484375
0.030548095703125 0.1522216796875 -0.189834594726563 -0.09576416015625
-0.123367309570313 0.157455444335938 -0.0330734252929688 -0.0884780883789062
-0.168563842773438 0.10211181640625 -0.068939208984375 0.147994995117188
-0.28741455078125 0.082244873046875 -0.389678955078125 0.1556396484375
-0.060333251953125 -0.0259017944335938 0.4375 -0.233978271484375
-0.0477561950683594 0.0382881164550781 0.13714599609375 -0.208938598632813
0.016815185546875 0.0799484252929688 0.00152969360351563 0.0681533813476563
0.0612716674804688 0.0414276123046875 0.15386962890625 0.111953735351563
0.07037353515625 -0.0376434326171875 0.27569580078125 0.02874755859375
0.00222015380859375 -0.0703582763671875 0.333770751953125 -0.1651611328125
-0.0225486755371094 -0.0685997009277344 0.2579345703125 -0.372833251953125
-0.0092010498046875 -0.0515174865722656 0.2235107421875 -0.3846435546875
-0.0279655456542969 -0.0522994995117187 0.25323486328125 -0.356597900390625
0.0216255187988281 -0.0439529418945313 0.297760009765625 -0.199005126953125
0.0429649353027344 -0.0035552978515625 0.199081420898438 -0.065643310546875
0.0274925231933594 0.0535507202148437 0.119110107421875 -0.0691986083984375
-0.0321388244628906 0.0254554748535156 0.118118286132813 -0.193756103515625
-0.0370254516601563 -0.00437164306640625 0.3516845703125 -0.3609619140625
-0.00107192993164063 -0.0515975952148438 0.7940673828125 -0.1522216796875
-0.340057373046875 0.08038330078125 0.407318115234375 -0.232269287109375
-0.229141235351563 0.178680419921875 0.13739013671875 -0.204788208007813
-0.045379638671875 0.302459716796875 0.00908660888671874 0.065338134765625
0.141143798828125 0.206817626953125 0.135261535644531 0.09716796875
0.231109619140625 0.037017822265625 0.24493408203125 0.0464019775390625
0.1573486328125 -0.128799438476563 0.30072021484375 -0.143280029296875
0.0955963134765625 -0.197769165039063 0.237823486328125 -0.33428955078125
0.1307373046875 -0.175216674804688 0.2010498046875 -0.33221435546875
0.107406616210937 -0.195755004882812 0.23095703125 -0.312469482421875
0.185928344726562 -0.112228393554687 0.250640869140625 -0.170166015625
0.233474731445312 0.0364227294921875 0.150222778320313 -0.0474090576171875
0.162673950195313 0.22247314453125 0.0925140380859375 -0.094207763671875
-0.0960693359375 0.282928466796875 0.112258911132812 -0.228118896484375
-0.222564697265625 0.191635131835938 0.369537353515625 -0.36444091796875
-0.307952880859375 0.068572998046875 0.77337646484375 -0.15594482421875
-0.5738525390625 0.1802978515625 0.29376220703125 -0.210052490234375
-0.381317138671875 0.315765380859375 0.0982666015625 -0.166519165039062
-0.088531494140625 0.50469970703125 0.0199737548828125 0.0711517333984375
0.22088623046875 0.35272216796875 0.115310668945313 0.0750503540039063
0.374786376953125 0.1041259765625 0.193099975585938 0.0528411865234375
0.29473876953125 -0.174224853515625 0.227951049804688 -0.108993530273438
0.200286865234375 -0.2991943359375 0.179550170898437 -0.251296997070313
0.251449584960938 -0.273468017578125 0.147857666015625 -0.228530883789063
0.225372314453125 -0.310333251953125 0.172622680664063 -0.219924926757813
0.323883056640625 -0.16534423828125 0.162460327148438 -0.112106323242188
0.395751953125 0.07183837890625 0.0694198608398438 -0.02325439453125
0.284332275390625 0.365753173828125 0.0418701171875 -0.116729736328125
-0.141632080078125 0.51251220703125 0.089385986328125 -0.251998901367187
-0.3797607421875 0.369354248046875 0.3458251953125 -0.329254150390625
-0.57293701171875 0.177978515625 0.65960693359375 -0.1309814453125
-0.7279052734375 0.267333984375 0.111602783203125 -0.159576416015625
-0.47796630859375 0.439849853515625 0.023651123046875 -0.0898895263671875
-0.09234619140625 0.66339111328125 0.030731201171875 0.0852661132812501
0.3011474609375 0.454559326171875 0.086181640625 0.0493392944335938
0.48388671875 0.148223876953125 0.117950439453125 0.053314208984375
0.3961181640625 -0.204864501953125 0.122108459472656 -0.0603256225585938
0.2742919921875 -0.360626220703125 0.0929107666015625 -0.132423400878906
0.333709716796875 -0.329376220703125 0.0727081298828125 -0.0909805297851563
0.30865478515625 -0.37518310546875 0.0878829956054688 -0.0899581909179688
0.41375732421875 -0.19232177734375 0.0455474853515625 -0.0324745178222656
0.50128173828125 0.097137451171875 -0.0329551696777343 0.00777626037597657
0.368408203125 0.45745849609375 -0.0269012451171875 -0.127197265625
-0.16796875 0.6719970703125 0.05291748046875 -0.252105712890625
-0.4813232421875 0.494598388671875 0.283843994140625 -0.24847412109375
-0.750732421875 0.2542724609375 0.467071533203125 -0.076751708984375
-0.77789306640625 0.32110595703125 -0.116546630859375 -0.0828018188476562
-0.50152587890625 0.513214111328125 -0.0749893188476563 0.021148681640625
-0.06927490234375 0.73486328125 0.0313568115234375 0.103492736816406
0.347991943359375 0.487762451171875 0.0405426025390625 0.0265579223632813
0.529144287109375 0.162322998046875 0.0210609436035157 0.0538101196289063
0.4361572265625 -0.20965576171875 -0.00542688369750974 0.00247764587402343
0.3077392578125 -0.36865234375 -0.00947666168212889 0.00890350341796873
0.3665771484375 -0.33685302734375 -0.0144195556640625 0.0610427856445312
0.34307861328125 -0.3814697265625 -0.0116653442382812 0.0571250915527344
0.435028076171875 -0.183868408203125 -0.08258056640625 0.0584869384765625
0.521453857421875 0.1112060546875 -0.139572143554687 0.0411224365234375
0.378448486328125 0.478118896484375 -0.100143432617187 -0.122596740722656
-0.18060302734375 0.7100830078125 0.013458251953125 -0.22412109375
-0.508392333984375 0.521026611328125 0.195144653320312 -0.13140869140625
-0.809814453125 0.279052734375 0.226531982421875 -0.00408935546874998
-0.70751953125 0.3248291015625 -0.354644775390625 0.00903320312499996
-0.44183349609375 0.50592041015625 -0.183380126953125 0.14642333984375
-0.0374145507812499 0.67730712890625 0.0181655883789063 0.121261596679688
0.332855224609375 0.433624267578125 -0.016183853149414 0.0125350952148438
0.481109619140625 0.14697265625 -0.079193115234375 0.055145263671875
0.4039306640625 -0.18280029296875 -0.130226135253906 0.0700836181640625
0.289825439453125 -0.320526123046875 -0.110137939453125 0.151824951171875
0.339447021484375 -0.291961669921875 -0.100570678710938 0.203033447265625
0.323974609375 -0.324371337890625 -0.110610961914063 0.194732666015625
0.386566162109375 -0.138153076171875 -0.199020385742187 0.13702392578125
0.446044921875 0.12042236328125 -0.227279663085937 0.0602874755859375
0.300811767578125 0.421966552734375 -0.156890869140625 -0.11004638671875
-0.18670654296875 0.60595703125 -0.0171966552734375 -0.176300048828125
-0.45831298828125 0.439727783203125 0.095672607421875 -0.00857543945312497
-0.73797607421875 0.2476806640625 -0.0206756591796875 0.0695457458496094
-0.522705078125 0.276947021484375 -0.56597900390625 0.10064697265625
-0.310333251953125 0.40606689453125 -0.284332275390625 0.259307861328125
-0.00576782226562502 0.4912109375 -0.005157470703125 0.136634826660156
0.2496337890625 0.29888916015625 -0.066192626953125 0.0128669738769531
0.34356689453125 0.106414794921875 -0.158523559570312 0.0524139404296875
0.301513671875 -0.12567138671875 -0.228958129882812 0.127105712890625
0.224029541015625 -0.220840454101563 -0.192474365234375 0.269760131835937
0.260406494140625 -0.201248168945313 -0.17071533203125 0.314300537109375
0.257110595703125 -0.218154907226563 -0.1939697265625 0.299713134765625
0.279449462890625 -0.069915771484375 -0.28631591796875 0.186614990234375
0.29791259765625 0.1116943359375 -0.27850341796875 0.057342529296875
0.168914794921875 0.302978515625 -0.185577392578125 -0.0976104736328125
-0.16748046875 0.40008544921875 -0.032379150390625 -0.125999450683594
-0.33544921875 0.281005859375 0.00493621826171873 0.09033203125
-0.54852294921875 0.1773681640625 -0.2325439453125 0.127182006835938
-0.258895874023438 0.17779541015625 -0.71527099609375 0.177978515625
-0.134017944335938 0.240615844726563 -0.363800048828125 0.342071533203125
0.02349853515625 0.230682373046875 -0.03070068359375 0.152496337890625
0.126121520996094 0.119987487792969 -0.0925979614257813 0.025970458984375
0.151611328125 0.05023193359375 -0.197540283203125 0.0440216064453125
0.15045166015625 -0.0461578369140625 -0.2830810546875 0.160369873046875
0.124183654785156 -0.085845947265625 -0.2427978515625 0.343017578125
0.14178466796875 -0.080657958984375 -0.215606689453125 0.376220703125
0.153121948242188 -0.082305908203125 -0.24835205078125 0.35614013671875
0.139961242675781 0.00264739990234375 -0.33197021484375 0.201904296875
0.122978210449219 0.0861358642578125 -0.292022705078125 0.03533935546875
0.0347137451171875 0.14886474609375 -0.187469482421875 -0.0898284912109375
-0.116455078125 0.160476684570312 -0.0346755981445313 -0.0853805541992187
-0.1658935546875 0.10406494140625 -0.0628509521484375 0.147064208984375
-0.283905029296875 0.08807373046875 -0.377197265625 0.160919189453125
-0.0601310729980469 -0.0258560180664063 0.437713623046875 -0.23870849609375
-0.0473403930664063 0.0386848449707031 0.136672973632813 -0.215042114257812
0.01885986328125 0.0800704956054688 0.00453567504882813 0.0664825439453125
0.0619773864746094 0.0417289733886719 0.153182983398438 0.110794067382813
0.0686149597167969 -0.0385971069335938 0.275619506835938 0.029510498046875
0.0013580322265625 -0.0694808959960938 0.3367919921875 -0.1685791015625
-0.0232048034667969 -0.0673866271972656 0.255462646484375 -0.37939453125
-0.0101585388183594 -0.05120849609375 0.21929931640625 -0.393402099609375
-0.0293388366699219 -0.0502777099609375 0.24969482421875 -0.364013671875
0.0205268859863281 -0.0440025329589844 0.2984619140625 -0.204986572265625
0.0428237915039063 -0.00420761108398438 0.200363159179688 -0.0649871826171875
0.0283927917480469 0.053466796875 0.116950988769531 -0.0710678100585938
-0.0339794158935547 0.0246982574462891 0.115066528320313 -0.1964111328125
-0.0355415344238281 -0.00462341308593749 0.34808349609375 -0.363525390625
-0.000144958496093754 -0.0510406494140625 0.79229736328125 -0.15423583984375
-0.33990478515625 0.0828857421875001 0.406402587890625 -0.238006591796875
-0.229141235351563 0.181076049804687 0.135635375976562 -0.210693359375
-0.04168701171875 0.303924560546875 0.0131950378417969 0.0618019104003906
0.143218994140625 0.206573486328125 0.13494873046875 0.0948410034179688
0.231491088867188 0.03424072265625 0.24505615234375 0.0463104248046875
0.155227661132813 -0.128448486328125 0.30291748046875 -0.144775390625
0.0933074951171875 -0.19720458984375 0.234649658203125 -0.3411865234375
0.130096435546875 -0.177978515625 0.198974609375 -0.3394775390625
0.104782104492187 -0.19525146484375 0.228057861328125 -0.320587158203125
0.184921264648438 -0.11334228515625 0.252685546875 -0.175247192382813
0.234451293945313 0.0350189208984375 0.151519775390625 -0.046234130859375
0.166397094726563 0.222137451171875 0.0908126831054688 -0.0966262817382812
-0.09564208984375 0.2862548828125 0.108749389648437 -0.230224609375
-0.222412109375 0.192428588867187 0.3656005859375 -0.3660888671875
-0.30963134765625 0.0727844238281249 0.77130126953125 -0.1573486328125
-0.57330322265625 0.1845703125 0.29217529296875 -0.214141845703125
-0.382904052734375 0.321441650390625 0.095428466796875 -0.171844482421875
-0.081573486328125 0.508697509765625 0.0251312255859375 0.0665016174316407
0.224578857421875 0.352264404296875 0.115104675292969 0.0724945068359375
0.37579345703125 0.09918212890625 0.193878173828125 0.051727294921875
0.29254150390625 -0.1751708984375 0.229568481445313 -0.109939575195313
0.19647216796875 -0.299407958984375 0.175186157226563 -0.256622314453125
0.2510986328125 -0.278823852539063 0.146804809570313 -0.234542846679688
0.222320556640625 -0.3114013671875 0.171005249023438 -0.22509765625
0.3221435546875 -0.167510986328125 0.164688110351563 -0.115951538085938
0.39801025390625 0.068695068359375 0.0715103149414063 -0.0212020874023437
0.291015625 0.365020751953125 0.0400772094726563 -0.119926452636719
-0.139617919921875 0.520477294921875 0.086212158203125 -0.2520751953125
-0.3807373046875 0.371551513671875 0.343994140625 -0.330474853515625
-0.57635498046875 0.185791015625 0.65948486328125 -0.13067626953125
-0.72686767578125 0.27508544921875 0.109588623046875 -0.162811279296875
-0.477630615234375 0.4473876953125 0.0210723876953125 -0.0931777954101562
-0.08294677734375 0.66839599609375 0.0363922119140625 0.079620361328125
0.30609130859375 0.452606201171875 0.0864944458007813 0.0470962524414063
0.488677978515625 0.142425537109375 0.119293212890625 0.05230712890625
0.39251708984375 -0.206390380859375 0.121955871582031 -0.0602188110351563
0.27264404296875 -0.362030029296875 0.0897293090820313 -0.135391235351563
0.333770751953125 -0.336822509765625 0.07208251953125 -0.0941543579101563
0.304901123046875 -0.377899169921875 0.0881805419921875 -0.0926742553710938
0.4112548828125 -0.19451904296875 0.0471763610839844 -0.0334396362304688
0.50469970703125 0.09326171875 -0.0302543640136718 0.0100116729736328
0.375518798828125 0.456756591796875 -0.0283584594726562 -0.129646301269531
-0.16241455078125 0.67987060546875 0.049835205078125 -0.25079345703125
-0.48272705078125 0.497711181640625 0.28338623046875 -0.24951171875
-0.75604248046875 0.26531982421875 0.466552734375 -0.076416015625
-0.777099609375 0.3287353515625 -0.118507385253906 -0.0844955444335938
-0.501312255859375 0.523406982421875 -0.0774688720703125 0.0202255249023438
-0.0608520507812501 0.7410888671875 0.0364990234375 0.0979766845703125
0.35455322265625 0.486328125 0.0421981811523438 0.0239372253417969
0.53375244140625 0.1552734375 0.0227546691894532 0.0523147583007813
0.434112548828125 -0.21295166015625 -0.00695705413818357 0.00363206863403319
0.303009033203125 -0.371673583984375 -0.0115804672241211 0.00926971435546873
0.36492919921875 -0.34521484375 -0.0130729675292969 0.0611572265625
0.338348388671875 -0.3856201171875 -0.00927352905273435 0.0569915771484375
0.433502197265625 -0.18658447265625 -0.0809249877929687 0.0595245361328125
0.5234375 0.10736083984375 -0.137435913085937 0.0436248779296875
0.38531494140625 0.47711181640625 -0.101417541503906 -0.124565124511719
-0.17401123046875 0.71966552734375 0.01116943359375 -0.221603393554687
-0.5098876953125 0.52593994140625 0.19635009765625 -0.132476806640625
-0.8145751953125 0.289306640625 0.22705078125 -0.00199890136718748
-0.70550537109375 0.33135986328125 -0.356414794921875 0.0100708007812501
-0.443756103515625 0.514678955078125 -0.18463134765625 0.147918701171875
-0.0294189453125 0.6820068359375 0.0226516723632812 0.1163330078125
0.338775634765625 0.431640625 -0.0142488479614258 0.0114965438842774
0.485565185546875 0.14007568359375 -0.0781784057617187 0.05322265625
0.40283203125 -0.185791015625 -0.133689880371094 0.07354736328125
0.286376953125 -0.32269287109375 -0.111251831054687 0.154510498046875
0.340179443359375 -0.2991943359375 -0.0973510742187499 0.206298828125
0.321075439453125 -0.329437255859375 -0.106369018554688 0.19744873046875
0.38519287109375 -0.140655517578125 -0.1982421875 0.140625
0.446685791015625 0.116790771484375 -0.22564697265625 0.0629730224609376
0.3076171875 0.420989990234375 -0.157882690429687 -0.11041259765625
-0.1788330078125 0.6148681640625 -0.0189971923828125 -0.17413330078125
-0.460418701171875 0.444183349609375 0.0980682373046875 -0.00858306884765622
-0.74041748046875 0.25689697265625 -0.0192184448242188 0.0720596313476563
-0.523529052734375 0.28277587890625 -0.5672607421875 0.105224609375
-0.31048583984375 0.41265869140625 -0.28546142578125 0.263702392578125
-0.00143432617187503 0.4957275390625 -0.00296783447265626 0.133125305175781
0.253814697265625 0.297698974609375 -0.0646743774414062 0.0119285583496094
0.3480224609375 0.101959228515625 -0.156661987304688 0.051055908203125
0.301361083984375 -0.128326416015625 -0.23321533203125 0.131027221679687
0.22216796875 -0.223434448242188 -0.19158935546875 0.274993896484375
0.260208129882813 -0.207489013671875 -0.16717529296875 0.319061279296875
0.254623413085938 -0.221847534179688 -0.188690185546875 0.3056640625
0.279296875 -0.0717315673828125 -0.2860107421875 0.191864013671875
0.298126220703125 0.10943603515625 -0.27789306640625 0.05950927734375
0.17431640625 0.30230712890625 -0.185806274414063 -0.0976715087890625
-0.162506103515625 0.407196044921875 -0.0336685180664063 -0.123504638671875
-0.337005615234375 0.28436279296875 0.00830841064453123 0.0906143188476563
-0.553131103515625 0.185394287109375 -0.229965209960938 0.129989624023438
-0.2611083984375 0.181777954101563 -0.71575927734375 0.18011474609375
-0.134063720703125 0.242568969726562 -0.364105224609375 0.349456787109375
0.024627685546875 0.232940673828125 -0.0303802490234375 0.151168823242188
0.127128601074219 0.11907958984375 -0.0911483764648437 0.0261688232421875
0.154083251953125 0.04913330078125 -0.1966552734375 0.04296875
0.151351928710938 -0.0474090576171875 -0.287078857421875 0.16400146484375
0.12371826171875 -0.0878524780273438 -0.24127197265625 0.350311279296875
0.142776489257812 -0.08380126953125 -0.21160888671875 0.3837890625
0.1533203125 -0.0853424072265625 -0.2435302734375 0.362335205078125
0.140472412109375 0.0021209716796875 -0.3319091796875 0.20782470703125
0.123085021972656 0.08502197265625 -0.2923583984375 0.036651611328125
0.0366973876953125 0.148101806640625 -0.187454223632812 -0.088592529296875
-0.113357543945312 0.164779663085938 -0.0349273681640625 -0.0833206176757813
-0.167068481445312 0.106002807617188 -0.0592193603515625 0.14764404296875
-0.2861328125 0.09368896484375 -0.37542724609375 0.16375732421875
-0.0618476867675781 -0.0253562927246094 0.445709228515625 -0.25299072265625
-0.0469818115234375 0.0395774841308594 0.13470458984375 -0.225936889648438
0.0212554931640625 0.0805435180664063 0.00814437866210937 0.0649681091308594
0.0648117065429688 0.0425567626953125 0.157623291015625 0.110641479492188
0.06866455078125 -0.0403518676757813 0.282745361328125 0.027679443359375
-0.00109863281249999 -0.0703964233398437 0.34552001953125 -0.1790771484375
-0.0248260498046875 -0.0677452087402344 0.2542724609375 -0.39691162109375
-0.0119705200195313 -0.0515670776367188 0.215667724609375 -0.4111328125
-0.0317420959472656 -0.0483932495117188 0.247344970703125 -0.3819580078125
0.0191879272460937 -0.0452461242675781 0.30438232421875 -0.218475341796875
0.0440673828125 -0.00490951538085937 0.205474853515625 -0.068359375
0.030914306640625 0.0542068481445312 0.116485595703125 -0.0757064819335937
-0.0358810424804688 0.0259056091308594 0.111648559570313 -0.204483032226563
-0.0340690612792969 -0.0046234130859375 0.348175048828125 -0.37677001953125
-0.000205993652343753 -0.0518951416015625 0.80810546875 -0.16656494140625
-0.34674072265625 0.090667724609375 0.411895751953125 -0.2518310546875
-0.231430053710938 0.19097900390625 0.133346557617187 -0.221969604492188
-0.035675048828125 0.312408447265625 0.0178871154785156 0.0590744018554688
0.150970458984375 0.209197998046875 0.138725280761719 0.0941009521484375
0.237457275390625 0.029571533203125 0.252532958984375 0.0450286865234375
0.155471801757813 -0.132080078125 0.3114013671875 -0.153717041015625
0.0924224853515625 -0.202255249023437 0.232452392578125 -0.357635498046875
0.131118774414063 -0.186019897460938 0.195343017578125 -0.355804443359375
0.102996826171875 -0.201034545898437 0.227203369140625 -0.3369140625
0.186050415039063 -0.118881225585938 0.25787353515625 -0.1873779296875
0.240936279296875 0.0317535400390625 0.157012939453125 -0.0479736328125
0.176788330078125 0.225341796875 0.0895919799804688 -0.1016845703125
-0.093414306640625 0.29754638671875 0.105682373046875 -0.237640380859375
-0.224945068359375 0.200408935546875 0.36737060546875 -0.379241943359375
-0.317413330078125 0.0817871093749999 0.78656005859375 -0.16912841796875
-0.58453369140625 0.198974609375 0.295379638671875 -0.225677490234375
-0.38800048828125 0.3360595703125 0.0926055908203125 -0.18145751953125
-0.072418212890625 0.522216796875 0.0304031372070313 0.0622406005859375
0.2369384765625 0.356781005859375 0.118637084960938 0.0705413818359375
0.38726806640625 0.09368896484375 0.20062255859375 0.0506744384765625
0.294403076171875 -0.182281494140625 0.234725952148438 -0.116058349609375
0.196014404296875 -0.30908203125 0.173492431640625 -0.268661499023438
0.25396728515625 -0.293243408203125 0.145599365234375 -0.246871948242188
0.221466064453125 -0.321441650390625 0.171859741210938 -0.238067626953125
0.32623291015625 -0.1756591796875 0.168838500976563 -0.124526977539063
0.40899658203125 0.063873291015625 0.0761795043945313 -0.0219802856445312
0.307098388671875 0.3692626953125 0.0379257202148438 -0.125419616699219
-0.13482666015625 0.539825439453125 0.0828399658203125 -0.258148193359375
-0.387420654296875 0.38677978515625 0.346466064453125 -0.341949462890625
-0.58990478515625 0.20318603515625 0.67340087890625 -0.14111328125
-0.741455078125 0.29486083984375 0.108810424804687 -0.17047119140625
-0.485748291015625 0.46942138671875 0.0176849365234375 -0.099273681640625
-0.0700683593749999 0.68798828125 0.0421676635742187 0.0747528076171875
0.322601318359375 0.458343505859375 0.0899658203125 0.0441818237304688
0.50274658203125 0.133056640625 0.124183654785156 0.0513763427734375
0.39752197265625 -0.21612548828125 0.1248779296875 -0.0622177124023438
0.27081298828125 -0.374420166015625 0.0876007080078125 -0.141921997070313
0.3387451171875 -0.355987548828125 0.0726242065429688 -0.100303649902344
0.30450439453125 -0.392822265625 0.0895919799804688 -0.0991744995117188
0.417633056640625 -0.2061767578125 0.0495529174804688 -0.036529541015625
0.51812744140625 0.087158203125 -0.0281219482421875 0.0121307373046875
0.39654541015625 0.46319580078125 -0.0325393676757812 -0.135780334472656
-0.153564453125 0.706787109375 0.0466766357421875 -0.256057739257812
-0.490325927734375 0.518035888671875 0.28704833984375 -0.2596435546875
-0.7728271484375 0.2880859375 0.4781494140625 -0.082275390625
-0.79083251953125 0.35003662109375 -0.122833251953125 -0.0864028930664062
-0.508880615234375 0.54876708984375 -0.0807037353515625 0.0205307006835938
-0.04608154296875 0.76373291015625 0.0423126220703125 0.0935440063476563
0.37255859375 0.491302490234375 0.0439033508300782 0.0218772888183594
0.5513916015625 0.147003173828125 0.0253982543945313 0.0519485473632813
0.4393310546875 -0.22406005859375 -0.00783681869506833 0.00596427917480467
0.302703857421875 -0.386016845703125 -0.0135765075683594 0.00930595397949216
0.37017822265625 -0.366363525390625 -0.0108604431152344 0.0628662109375
0.33953857421875 -0.40081787109375 -0.00613021850585935 0.0582733154296875
0.439727783203125 -0.1976318359375 -0.0808258056640625 0.0627899169921875
0.53857421875 0.10107421875 -0.137222290039062 0.0478057861328125
0.406097412109375 0.48211669921875 -0.106315612792969 -0.128646850585937
-0.163818359375 0.74615478515625 0.00828552246093747 -0.225250244140625
-0.517974853515625 0.54754638671875 0.200332641601562 -0.138153076171875
-0.83392333984375 0.31512451171875 0.234344482421875 -0.00292968749999998
-0.7203369140625 0.35455322265625 -0.3653564453125 0.0146179199218751
-0.447479248046875 0.53814697265625 -0.189132690429688 0.15545654296875
-0.0148315429687501 0.7039794921875 0.0269622802734375 0.114570617675781
0.35546875 0.436065673828125 -0.0132160186767578 0.00991535186767581
0.50384521484375 0.13287353515625 -0.0773696899414062 0.0533370971679688
0.4083251953125 -0.196441650390625 -0.137832641601563 0.0797805786132812
0.28619384765625 -0.33538818359375 -0.112030029296875 0.162017822265625
0.345001220703125 -0.317779541015625 -0.09429931640625 0.21490478515625
0.32220458984375 -0.34344482421875 -0.102783203125 0.20526123046875
0.3924560546875 -0.14984130859375 -0.199813842773438 0.14825439453125
0.4600830078125 0.110107421875 -0.227798461914062 0.0682373046875
0.32427978515625 0.426422119140625 -0.163864135742188 -0.112945556640625
-0.16998291015625 0.63873291015625 -0.02178955078125 -0.175155639648437
-0.468109130859375 0.4622802734375 0.102699279785156 -0.0100631713867187
-0.75897216796875 0.2803955078125 -0.0168838500976563 0.0755233764648438
-0.53460693359375 0.299102783203125 -0.579833984375 0.1141357421875
-0.31268310546875 0.43182373046875 -0.289093017578125 0.27618408203125
0.00833129882812498 0.5120849609375 -0.000267028808593756 0.133995056152344
0.26568603515625 0.301116943359375 -0.0643310546875 0.0119209289550781
0.361663818359375 0.096282958984375 -0.159896850585937 0.0516204833984375
0.30706787109375 -0.136138916015625 -0.24041748046875 0.139923095703125
0.223068237304688 -0.233123779296875 -0.19281005859375 0.28875732421875
0.265090942382813 -0.220993041992187 -0.16375732421875 0.333709716796875
0.257125854492188 -0.23291015625 -0.184967041015625 0.3187255859375
0.285247802734375 -0.07720947265625 -0.2896728515625 0.20404052734375
0.30718994140625 0.106475830078125 -0.283111572265625 0.065338134765625
0.185394287109375 0.3062744140625 -0.191864013671875 -0.0978851318359375
-0.15679931640625 0.42364501953125 -0.0346221923828125 -0.123710632324219
-0.342987060546875 0.29693603515625 0.012725830078125 0.0918502807617188
-0.56634521484375 0.200439453125 -0.231903076171875 0.1375732421875
-0.266143798828125 0.190414428710937 -0.7293701171875 0.1964111328125
-0.135147094726563 0.252365112304688 -0.368988037109375 0.365447998046875
0.02874755859375 0.240859985351563 -0.02984619140625 0.154449462890625
0.131744384765625 0.120460510253906 -0.091644287109375 0.0273208618164063
0.160980224609375 0.0467681884765625 -0.200912475585937 0.04339599609375
0.155364990234375 -0.051971435546875 -0.296630859375 0.174652099609375
0.124549865722656 -0.0930328369140625 -0.241546630859375 0.36810302734375
0.14544677734375 -0.0908966064453125 -0.207763671875 0.401947021484375
0.155807495117188 -0.0916595458984375 -0.240509033203125 0.38006591796875
0.144302368164063 0.0001373291015625 -0.336822509765625 0.22100830078125
0.127128601074219 0.0847702026367188 -0.2989501953125 0.0411987304687501
0.04132080078125 0.150588989257813 -0.192718505859375 -0.0875244140625
-0.11090087890625 0.173324584960937 -0.0362319946289063 -0.0834503173828125
-0.17083740234375 0.112228393554687 -0.055267333984375 0.152130126953125
-0.293731689453125 0.1019287109375 -0.37969970703125 0.172760009765625
-0.0643463134765625 -0.0231132507324219 0.448822021484375 -0.277618408203125
-0.04632568359375 0.0418739318847656 0.1279296875 -0.241531372070313
0.0259017944335938 0.0798110961914063 0.0119361877441406 0.0627632141113281
0.0688285827636719 0.041473388671875 0.164779663085938 0.106369018554687
0.0679130554199219 -0.0443382263183594 0.292938232421875 0.01959228515625
-0.00489807128906251 -0.0709152221679688 0.352264404296875 -0.200164794921875
-0.0280570983886719 -0.0678062438964844 0.242919921875 -0.4224853515625
-0.0140419006347656 -0.0517158508300781 0.20166015625 -0.437591552734375
-0.0349922180175781 -0.0461235046386719 0.23724365234375 -0.40802001953125
0.0165977478027344 -0.0474319458007813 0.30682373046875 -0.241790771484375
0.045166015625 -0.00722503662109375 0.21026611328125 -0.0766143798828125
0.0356292724609375 0.0540962219238281 0.115036010742188 -0.0824050903320313
-0.0376510620117188 0.0277519226074219 0.103057861328125 -0.215179443359375
-0.0336627960205078 -0.004180908203125 0.34112548828125 -0.398590087890625
-0.00127029418945313 -0.0533218383789063 0.82568359375 -0.19866943359375
-0.35260009765625 0.10736083984375 0.4139404296875 -0.27557373046875
-0.23114013671875 0.205886840820312 0.12603759765625 -0.237594604492188
-0.02191162109375 0.321685791015625 0.0229721069335937 0.0554275512695313
0.164596557617188 0.20892333984375 0.145370483398438 0.0895233154296875
0.244049072265625 0.0204010009765625 0.262054443359375 0.0382232666015625
0.153076171875 -0.140914916992187 0.317047119140625 -0.172119140625
0.086822509765625 -0.210739135742188 0.22088623046875 -0.3802490234375
0.127670288085938 -0.198532104492188 0.18487548828125 -0.37933349609375
0.0979461669921875 -0.208938598632813 0.218963623046875 -0.361419677734375
0.186019897460938 -0.1297607421875 0.260391235351563 -0.207550048828125
0.250411987304688 0.02288818359375 0.163009643554688 -0.0540008544921875
0.193450927734375 0.224746704101563 0.0856246948242188 -0.110160827636719
-0.084747314453125 0.312225341796875 0.0964202880859375 -0.24774169921875
-0.224807739257813 0.215057373046875 0.36138916015625 -0.40386962890625
-0.3238525390625 0.0986328125 0.80218505859375 -0.201416015625
-0.59283447265625 0.228759765625 0.294036865234375 -0.244873046875
-0.386444091796875 0.363983154296875 0.0849151611328125 -0.193511962890625
-0.051177978515625 0.5399169921875 0.0364990234375 0.0573806762695313
0.25927734375 0.357025146484375 0.124382019042969 0.0666885375976563
0.40289306640625 0.0780029296875 0.209716796875 0.04498291015625
0.294952392578125 -0.198760986328125 0.239486694335938 -0.128875732421875
0.188385009765625 -0.325408935546875 0.164825439453125 -0.2861328125
0.249755859375 -0.31695556640625 0.138458251953125 -0.264175415039062
0.213653564453125 -0.33990478515625 0.165908813476563 -0.256439208984375
0.32867431640625 -0.19476318359375 0.170211791992188 -0.137435913085938
0.42437744140625 0.04888916015625 0.0799407958984375 -0.024444580078125
0.335418701171875 0.368988037109375 0.031585693359375 -0.13372802734375
-0.11553955078125 0.56573486328125 0.0744781494140625 -0.26824951171875
-0.38568115234375 0.414093017578125 0.343292236328125 -0.364898681640625
-0.60125732421875 0.235107421875 0.68780517578125 -0.1656494140625
-0.75201416015625 0.33447265625 0.10455322265625 -0.181396484375
-0.481201171875 0.50567626953125 0.0109786987304687 -0.105430603027344
-0.0414428710937499 0.71063232421875 0.0489082336425781 0.0683479309082032
0.351348876953125 0.458282470703125 0.0948257446289063 0.0400390625
0.52392578125 0.1131591796875 0.13128662109375 0.0468826293945313
0.399200439453125 -0.236785888671875 0.127227783203125 -0.0689468383789063
0.2618408203125 -0.3961181640625 0.0809173583984375 -0.151168823242188
0.334014892578125 -0.38824462890625 0.0707931518554688 -0.108596801757813
0.29638671875 -0.417236328125 0.0895233154296875 -0.109420776367188
0.42059326171875 -0.228302001953125 0.0504074096679688 -0.0410957336425781
0.53826904296875 0.067840576171875 -0.0254402160644531 0.0140705108642578
0.431121826171875 0.460357666015625 -0.040740966796875 -0.141571044921875
-0.12738037109375 0.73760986328125 0.037811279296875 -0.263229370117188
-0.486114501953125 0.551544189453125 0.286590576171875 -0.2764892578125
-0.7861328125 0.331298828125 0.489990234375 -0.100006103515625
-0.80035400390625 0.39306640625 -0.130477905273438 -0.0858383178710937
-0.5025634765625 0.5894775390625 -0.0853118896484375 0.02294921875
-0.0123291015624999 0.79022216796875 0.0494003295898438 0.0885772705078125
0.40582275390625 0.490234375 0.0474090576171875 0.0187492370605469
0.57708740234375 0.1240234375 0.0302391052246094 0.0501785278320313
0.443572998046875 -0.247467041015625 -0.00768804550170896 0.00777626037597655
0.29400634765625 -0.407867431640625 -0.0162248611450195 0.0105876922607422
0.366607666015625 -0.397796630859375 -0.00713729858398435 0.0635032653808593
0.332061767578125 -0.428131103515625 -0.00131988525390623 0.0577278137207031
0.44525146484375 -0.220550537109375 -0.0794219970703125 0.0674896240234375
0.559112548828125 0.08111572265625 -0.13677978515625 0.0548858642578125
0.441436767578125 0.478759765625 -0.11578369140625 -0.131820678710937
-0.1346435546875 0.78125 0.000305175781250006 -0.229827880859375
-0.51593017578125 0.5860595703125 0.202835083007812 -0.14971923828125
-0.84857177734375 0.36163330078125 0.242279052734375 -0.00970458984374998
-0.729248046875 0.39288330078125 -0.37457275390625 0.028411865234375
-0.44189453125 0.5750732421875 -0.189926147460938 0.167449951171875
0.01483154296875 0.72955322265625 0.0335540771484375 0.111923217773438
0.385345458984375 0.4344482421875 -0.0115013122558593 0.00877952575683597
0.527862548828125 0.112396240234375 -0.0770416259765625 0.0554656982421875
0.412200927734375 -0.2191162109375 -0.140518188476562 0.0894393920898437
0.2803955078125 -0.356964111328125 -0.110595703125 0.173110961914062
0.342437744140625 -0.347747802734375 -0.085296630859375 0.226058959960938
0.3184814453125 -0.36859130859375 -0.0934295654296875 0.215499877929687
0.39764404296875 -0.16973876953125 -0.198928833007813 0.16290283203125
0.476776123046875 0.09515380859375 -0.230270385742187 0.0789794921875
0.354461669921875 0.425750732421875 -0.173934936523437 -0.112335205078125
-0.1461181640625 0.6690673828125 -0.0272369384765625 -0.177993774414062
-0.46563720703125 0.493927001953125 0.108001708984375 -0.0146331787109375
-0.7725830078125 0.32391357421875 -0.0120620727539063 0.0794906616210938
-0.54052734375 0.328857421875 -0.59039306640625 0.13916015625
-0.30731201171875 0.458648681640625 -0.288177490234375 0.2978515625
0.031341552734375 0.529693603515625 0.00535583496093751 0.135902404785156
0.28582763671875 0.29998779296875 -0.0641708374023437 0.0136871337890625
0.37921142578125 0.082122802734375 -0.162246704101562 0.056396484375
0.3109130859375 -0.153045654296875 -0.245559692382813 0.156585693359375
0.219390869140625 -0.248809814453125 -0.187255859375 0.309051513671875
0.264801025390625 -0.244094848632813 -0.150909423828125 0.353851318359375
0.255584716796875 -0.253204345703125 -0.172821044921875 0.336700439453125
0.290557861328125 -0.089935302734375 -0.28875732421875 0.223968505859375
0.320220947265625 0.0966796875 -0.28802490234375 0.077606201171875
0.204010009765625 0.30841064453125 -0.201156616210938 -0.0945739746093749
-0.141448974609375 0.446075439453125 -0.0395736694335938 -0.124900817871094
-0.3436279296875 0.318817138671875 0.0198516845703125 0.0934371948242188
-0.57598876953125 0.23260498046875 -0.231124877929687 0.149673461914063
-0.269119262695313 0.205780029296875 -0.74249267578125 0.2286376953125
-0.129974365234375 0.266311645507813 -0.36474609375 0.39373779296875
0.0382232666015625 0.249557495117187 -0.024932861328125 0.159561157226563
0.139808654785156 0.119216918945313 -0.091339111328125 0.0309371948242188
0.169967651367188 0.0406646728515625 -0.206146240234375 0.0493927001953125
0.159286499023438 -0.060394287109375 -0.303314208984375 0.194244384765625
0.124687194824219 -0.100433349609375 -0.23358154296875 0.3936767578125
0.14630126953125 -0.10284423828125 -0.19317626953125 0.4271240234375
0.157089233398438 -0.103073120117188 -0.22735595703125 0.403961181640625
0.149063110351563 -0.0054779052734375 -0.337371826171875 0.24432373046875
0.133598327636719 0.0813217163085938 -0.3060302734375 0.0529479980468749
0.048736572265625 0.152923583984375 -0.201339721679688 -0.0823516845703125
-0.104339599609375 0.184829711914063 -0.0384979248046875 -0.083038330078125
-0.17205810546875 0.12255859375 -0.0473480224609375 0.157608032226562
-0.29913330078125 0.118377685546875 -0.38275146484375 0.19158935546875
-0.0652389526367188 -0.018585205078125 0.437652587890625 -0.307952880859375
-0.0432205200195313 0.0437240600585938 0.111984252929688 -0.254531860351563
0.0309295654296875 0.0765609741210937 0.0157928466796875 0.0598831176757813
0.0722885131835938 0.037353515625 0.170913696289063 0.0962371826171875
0.06439208984375 -0.0486793518066406 0.298828125 0.003631591796875
-0.010162353515625 -0.0707168579101562 0.34747314453125 -0.2255859375
-0.0318336486816406 -0.0660362243652344 0.217742919921875 -0.445770263671875
-0.0171241760253906 -0.0512161254882813 0.17303466796875 -0.45965576171875
-0.0382652282714844 -0.0423469543457031 0.21319580078125 -0.43316650390625
0.0132331848144531 -0.0485000610351563 0.29681396484375 -0.266876220703125
0.045654296875 -0.010711669921875 0.211044311523438 -0.08935546875
0.0403099060058594 0.0516738891601562 0.109718322753906 -0.09075927734375
-0.0372276306152344 0.0309028625488281 0.087615966796875 -0.223480224609375
-0.0323734283447266 -0.00304985046386718 0.32073974609375 -0.421783447265625
-0.00336837768554688 -0.0529136657714844 0.8212890625 -0.243896484375
-0.35009765625 0.13079833984375 0.402099609375 -0.30322265625
-0.22088623046875 0.221817016601563 0.109481811523437 -0.250274658203125
-0.00115966796874997 0.32525634765625 0.0272026062011719 0.0496635437011719
0.179153442382813 0.201171875 0.150924682617188 0.08038330078125
0.247589111328125 0.0044708251953125 0.269424438476563 0.0238037109375
0.145553588867188 -0.150665283203125 0.313812255859375 -0.195068359375
0.075958251953125 -0.21746826171875 0.198150634765625 -0.40087890625
0.118194580078125 -0.211181640625 0.160247802734375 -0.40057373046875
0.08648681640625 -0.216598510742187 0.197021484375 -0.3848876953125
0.179519653320312 -0.142547607421875 0.25238037109375 -0.229644775390625
0.255630493164063 0.0074310302734375 0.165420532226563 -0.0636444091796875
0.212203979492187 0.21551513671875 0.0774612426757813 -0.118148803710937
-0.066741943359375 0.323974609375 0.080902099609375 -0.2552490234375
-0.214889526367188 0.2308349609375 0.34307861328125 -0.427001953125
-0.321868896484375 0.121337890625 0.8016357421875 -0.2454833984375
-0.58740234375 0.268310546875 0.28253173828125 -0.266754150390625
-0.36871337890625 0.392486572265625 0.07080078125 -0.203384399414062
-0.01611328125 0.550201416015625 0.0410385131835938 0.0494194030761719
0.28369140625 0.345367431640625 0.129409790039063 0.057220458984375
0.411834716796875 0.052001953125 0.216522216796875 0.033203125
0.285369873046875 -0.216156005859375 0.23687744140625 -0.146209716796875
0.17156982421875 -0.339508056640625 0.145843505859375 -0.301116943359375
0.234283447265625 -0.340911865234375 0.12213134765625 -0.279998779296875
0.195892333984375 -0.357818603515625 0.151382446289063 -0.275146484375
0.320709228515625 -0.21624755859375 0.16497802734375 -0.152450561523438
0.434234619140625 0.023895263671875 0.0837326049804688 -0.02874755859375
0.3653564453125 0.35400390625 0.0213394165039063 -0.139762878417969
-0.0812988281249999 0.5843505859375 0.05865478515625 -0.274368286132812
-0.36749267578125 0.441650390625 0.326385498046875 -0.387451171875
-0.596435546875 0.2760009765625 0.68829345703125 -0.20452880859375
-0.7408447265625 0.38250732421875 0.094696044921875 -0.191513061523437
-0.457244873046875 0.542327880859375 0.00170135498046873 -0.1094970703125
0.00488281249999999 0.72442626953125 0.0545082092285156 0.0601959228515625
0.383270263671875 0.4422607421875 0.0984878540039063 0.0322341918945313
0.5377197265625 0.07952880859375 0.137367248535156 0.0389022827148438
0.388763427734375 -0.263092041015625 0.125923156738281 -0.07757568359375
0.24102783203125 -0.414886474609375 0.0694732666015625 -0.15789794921875
0.316070556640625 -0.417999267578125 0.0647201538085938 -0.11767578125
0.274566650390625 -0.442840576171875 0.0840072631835938 -0.12127685546875
0.4130859375 -0.25518798828125 0.049560546875 -0.0461921691894531
0.5504150390625 0.0372314453125 -0.0214424133300781 0.0158576965332031
0.467529296875 0.439208984375 -0.05206298828125 -0.144134521484375
-0.0814208984375001 0.75872802734375 0.0237884521484375 -0.26690673828125
-0.46392822265625 0.58782958984375 0.27581787109375 -0.295196533203125
-0.7779541015625 0.38641357421875 0.491546630859375 -0.126373291015625
-0.78997802734375 0.4444580078125 -0.137603759765625 -0.080902099609375
-0.4736328125 0.63134765625 -0.0877151489257813 0.0278396606445313
0.04022216796875 0.80316162109375 0.0563888549804688 0.0815963745117188
0.44049072265625 0.47100830078125 0.0507164001464844 0.0130538940429688
0.5928955078125 0.08685302734375 0.0343246459960938 0.0473480224609375
0.43389892578125 -0.27685546875 -0.00750064849853513 0.0093860626220703
0.273590087890625 -0.429901123046875 -0.0182266235351562 0.0127677917480468
0.3477783203125 -0.43212890625 -0.00238037109374998 0.0635986328125
0.31097412109375 -0.456512451171875 0.00402832031250002 0.0546302795410156
0.437774658203125 -0.24969482421875 -0.0754470825195312 0.0734405517578125
0.57305908203125 0.049072265625 -0.132171630859375 0.0631179809570312
0.4796142578125 0.45953369140625 -0.127754211425781 -0.129898071289062
-0.0850830078125 0.80291748046875 -0.01214599609375 -0.231460571289062
-0.4913330078125 0.6231689453125 0.198944091796875 -0.162628173828125
-0.83929443359375 0.41943359375 0.246719360351562 -0.0227813720703125
-0.71746826171875 0.44305419921875 -0.37725830078125 0.04925537109375
-0.41357421875 0.61260986328125 -0.183975219726563 0.181304931640625
0.0639648437500001 0.74078369140625 0.041534423828125 0.107551574707031
0.416961669921875 0.416900634765625 -0.00869655609130857 0.0069699287414551
0.54248046875 0.07855224609375 -0.074371337890625 0.0584945678710938
0.40484619140625 -0.2464599609375 -0.139022827148438 0.101715087890625
0.26275634765625 -0.377593994140625 -0.103042602539062 0.18463134765625
0.325592041015625 -0.38067626953125 -0.07012939453125 0.234130859375
0.299560546875 -0.396636962890625 -0.0782012939453125 0.22198486328125
0.392333984375 -0.195068359375 -0.190460205078125 0.178375244140625
0.4888916015625 0.068023681640625 -0.226318359375 0.093292236328125
0.386474609375 0.409423828125 -0.184600830078125 -0.106674194335937
-0.10235595703125 0.690185546875 -0.036346435546875 -0.177398681640625
-0.4451904296875 0.52874755859375 0.111289978027344 -0.0215988159179687
-0.7646484375 0.37646484375 -0.00611877441406255 0.0812759399414063
-0.529876708984375 0.36505126953125 -0.58929443359375 0.17449951171875
-0.285736083984375 0.48590087890625 -0.2744140625 0.321014404296875
0.065582275390625 0.5394287109375 0.0134353637695313 0.135246276855469
0.30755615234375 0.286956787109375 -0.061004638671875 0.015838623046875
0.39111328125 0.0577392578125 -0.161285400390625 0.0643157958984375
0.306243896484375 -0.174041748046875 -0.242691040039063 0.176559448242188
0.207794189453125 -0.264694213867188 -0.1702880859375 0.3280029296875
0.252853393554688 -0.268203735351563 -0.12713623046875 0.36932373046875
0.243377685546875 -0.27490234375 -0.151214599609375 0.352203369140625
0.289642333984375 -0.108428955078125 -0.278106689453125 0.24658203125
0.32952880859375 0.07843017578125 -0.28717041015625 0.094970703125
0.22650146484375 0.29949951171875 -0.209808349609375 -0.0854034423828125
-0.112945556640625 0.46282958984375 -0.0445327758789063 -0.122718811035156
-0.3309326171875 0.34375 0.029632568359375 0.093109130859375
-0.5709228515625 0.2723388671875 -0.22393798828125 0.164276123046875
-0.26373291015625 0.224334716796875 -0.7359619140625 0.274169921875
-0.117584228515625 0.278900146484375 -0.34539794921875 0.421905517578125
0.0543212890625 0.254669189453125 -0.0165863037109375 0.163650512695313
0.148635864257813 0.113601684570313 -0.0879440307617187 0.0356521606445313
0.177505493164063 0.029266357421875 -0.206756591796875 0.0605316162109375
0.15911865234375 -0.0717315673828125 -0.299163818359375 0.21820068359375
0.120346069335938 -0.109039306640625 -0.211700439453125 0.418121337890625
0.142578125 -0.115432739257813 -0.165496826171875 0.448486328125
0.152633666992187 -0.116622924804687 -0.201385498046875 0.425506591796875
0.151870727539063 -0.014312744140625 -0.325592041015625 0.270965576171875
0.139968872070313 0.07415771484375 -0.307769775390625 0.0711669921875
0.0587005615234375 0.15167236328125 -0.207305908203125 -0.07171630859375
-0.092010498046875 0.194656372070312 -0.0413436889648438 -0.0812454223632812
-0.167877197265625 0.134674072265625 -0.0352935791015625 0.161361694335938
-0.297607421875 0.139678955078125 -0.375 0.214019775390625
-0.0630760192871094 -0.0134391784667969 0.41583251953125 -0.32708740234375
-0.0397529602050781 0.0443649291992188 0.0928955078125 -0.259429931640625
0.0334014892578125 0.0710525512695313 0.0179061889648438 0.0549392700195313
0.0735092163085938 0.0322799682617188 0.172286987304687 0.0851287841796875
0.0594558715820313 -0.05126953125 0.296722412109375 -0.01239013671875
-0.0153961181640625 -0.0676193237304688 0.332977294921875 -0.245880126953125
-0.0346565246582031 -0.0632896423339844 0.18597412109375 -0.455535888671875
-0.0194358825683594 -0.0492401123046875 0.139801025390625 -0.466461181640625
-0.0389022827148438 -0.0373954772949219 0.180816650390625 -0.44256591796875
0.00869369506835937 -0.0483665466308594 0.27899169921875 -0.285400390625
0.044464111328125 -0.0136070251464844 0.2059326171875 -0.0994873046875
0.043731689453125 0.0474929809570313 0.100975036621094 -0.0948562622070312
-0.0354080200195313 0.0328941345214844 0.07073974609375 -0.224319458007813
-0.0296173095703125 -0.00291442871093749 0.291290283203125 -0.432281494140625
-0.00446319580078125 -0.05169677734375 0.79632568359375 -0.28192138671875
-0.336273193359375 0.149200439453125 0.3802490234375 -0.32073974609375
-0.204910278320313 0.231216430664062 0.0901641845703125 -0.255401611328125
0.017974853515625 0.31951904296875 0.0288925170898438 0.0431938171386719
0.188278198242188 0.188003540039063 0.151702880859375 0.0689239501953125
0.243545532226563 -0.0104827880859375 0.26849365234375 0.008636474609375
0.133743286132813 -0.155227661132813 0.300933837890625 -0.21234130859375
0.0625457763671875 -0.21868896484375 0.1690673828125 -0.409942626953125
0.104705810546875 -0.217575073242188 0.131256103515625 -0.407958984375
0.072998046875 -0.217864990234375 0.16925048828125 -0.39691162109375
0.168930053710938 -0.1502685546875 0.236663818359375 -0.24444580078125
0.253524780273438 -0.0070953369140625 0.163070678710938 -0.072113037109375
0.22381591796875 0.200027465820313 0.067108154296875 -0.121879577636719
-0.04608154296875 0.325958251953125 0.0635833740234375 -0.254791259765625
-0.1990966796875 0.238906860351563 0.31298828125 -0.4384765625
-0.310577392578125 0.139251708984375 0.77825927734375 -0.283447265625
-0.56390380859375 0.2979736328125 0.263519287109375 -0.27899169921875
-0.3404541015625 0.40899658203125 0.05413818359375 -0.20635986328125
0.017425537109375 0.54376220703125 0.0428810119628906 0.0411872863769532
0.299835205078125 0.323211669921875 0.130340576171875 0.0471343994140625
0.408050537109375 0.02587890625 0.217330932617188 0.0204925537109375
0.268218994140625 -0.228561401367188 0.2276611328125 -0.159637451171875
0.149749755859375 -0.345062255859375 0.12298583984375 -0.3074951171875
0.2122802734375 -0.3543701171875 0.10107421875 -0.286590576171875
0.172576904296875 -0.364776611328125 0.131561279296875 -0.28662109375
0.303192138671875 -0.23095703125 0.1556396484375 -0.162445068359375
0.431976318359375 -0.0015869140625 0.0845565795898438 -0.0336532592773438
0.383514404296875 0.328033447265625 0.00996398925781254 -0.140716552734375
-0.04412841796875 0.5849609375 0.0419464111328125 -0.271804809570312
-0.339752197265625 0.457489013671875 0.301513671875 -0.398681640625
-0.57269287109375 0.30926513671875 0.66925048828125 -0.2359619140625
-0.71099853515625 0.41864013671875 0.081756591796875 -0.19427490234375
-0.41998291015625 0.5638427734375 -0.00844573974609377 -0.1083984375
0.0493774414062499 0.7156982421875 0.0567512512207031 0.0508460998535157
0.403900146484375 0.414520263671875 0.0990142822265625 0.0231857299804688
0.535919189453125 0.044403076171875 0.139549255371094 0.029296875
0.367462158203125 -0.2801513671875 0.121253967285156 -0.0846481323242188
0.2144775390625 -0.424560546875 0.0571441650390625 -0.15936279296875
0.28741455078125 -0.4381103515625 0.0554428100585938 -0.122947692871094
0.24420166015625 -0.456451416015625 0.0748443603515625 -0.130096435546875
0.392181396484375 -0.27545166015625 0.0473709106445313 -0.0495643615722656
0.546356201171875 0.003936767578125 -0.0168876647949218 0.0166473388671875
0.490264892578125 0.408843994140625 -0.0636444091796875 -0.14154052734375
-0.03302001953125 0.75811767578125 0.00863647460937501 -0.263641357421875
-0.42779541015625 0.60711669921875 0.25750732421875 -0.30615234375
-0.74554443359375 0.42901611328125 0.48016357421875 -0.14996337890625
-0.75701904296875 0.485107421875 -0.140670776367188 -0.0726623535156249
-0.43157958984375 0.651611328125 -0.087646484375 0.0327224731445313
0.0895385742187499 0.79400634765625 0.0604324340820313 0.0722427368164063
0.461944580078125 0.440277099609375 0.0519371032714844 0.00645828247070315
0.5908203125 0.04840087890625 0.038482666015625 0.0429115295410156
0.4117431640625 -0.297454833984375 -0.00661182403564451 0.0105514526367187
0.246490478515625 -0.44073486328125 -0.0194377899169922 0.0158405303955078
0.3173828125 -0.453399658203125 0.00238800048828126 0.0611190795898437
0.278167724609375 -0.471710205078125 0.00771713256835939 0.049346923828125
0.41778564453125 -0.271392822265625 -0.0693511962890625 0.0766754150390625
0.570068359375 0.01593017578125 -0.124824523925781 0.0694198608398437
0.50250244140625 0.42816162109375 -0.137252807617187 -0.12347412109375
-0.034912109375 0.801513671875 -0.0227508544921875 -0.22662353515625
-0.4534912109375 0.64202880859375 0.189987182617187 -0.17181396484375
-0.80438232421875 0.46630859375 0.244171142578125 -0.0348052978515625
-0.68634033203125 0.47845458984375 -0.370086669921875 0.068389892578125
-0.37347412109375 0.63116455078125 -0.173049926757813 0.192123413085938
0.1094970703125 0.73260498046875 0.0476837158203125 0.10089111328125
0.4361572265625 0.38885498046875 -0.00608682632446286 0.00400733947753909
0.5419921875 0.041656494140625 -0.0695686340332031 0.0599098205566406
0.38580322265625 -0.2674560546875 -0.132133483886719 0.110176086425781
0.237945556640625 -0.38812255859375 -0.091400146484375 0.192459106445312
0.297637939453125 -0.399810791015625 -0.0526123046875 0.23455810546875
0.270233154296875 -0.41229248046875 -0.0619354248046875 0.220458984375
0.37677001953125 -0.214080810546875 -0.1766357421875 0.1885986328125
0.488006591796875 0.0389404296875 -0.21771240234375 0.104415893554687
0.40704345703125 0.382659912109375 -0.19036865234375 -0.0968933105468749
-0.05804443359375 0.69036865234375 -0.0432891845703125 -0.172744750976562
-0.41204833984375 0.546630859375 0.112228393554687 -0.0288009643554687
-0.73480224609375 0.41778564453125 -0.000160217285156303 0.07977294921875
-0.50653076171875 0.3902587890625 -0.57135009765625 0.2039794921875
-0.255218505859375 0.49822998046875 -0.252899169921875 0.335357666015625
0.09930419921875 0.533172607421875 0.0220718383789063 0.131271362304688
0.32110595703125 0.266845703125 -0.0569343566894531 0.0165061950683594
0.391326904296875 0.031280517578125 -0.155899047851562 0.0707855224609375
0.292877197265625 -0.189971923828125 -0.230667114257812 0.191680908203125
0.19085693359375 -0.2730712890625 -0.1488037109375 0.338470458984375
0.233734130859375 -0.283294677734375 -0.09930419921875 0.373138427734375
0.222381591796875 -0.2890625 -0.12469482421875 0.35479736328125
0.279922485351562 -0.123947143554687 -0.25872802734375 0.262298583984375
0.3299560546875 0.06005859375 -0.277450561523438 0.109512329101562
0.24200439453125 0.282745361328125 -0.2127685546875 -0.073822021484375
-0.081451416015625 0.46453857421875 -0.0486984252929687 -0.1185302734375
-0.309295654296875 0.358245849609375 0.0377655029296875 0.0879898071289063
-0.549896240234375 0.303924560546875 -0.2098388671875 0.172256469726563
-0.25054931640625 0.236709594726563 -0.7108154296875 0.30902099609375
-0.10150146484375 0.2830810546875 -0.31683349609375 0.439422607421875
0.0703277587890625 0.251266479492188 -0.00714111328124999 0.163589477539063
0.153839111328125 0.104751586914063 -0.0820999145507813 0.0384979248046875
0.17803955078125 0.0170440673828125 -0.201995849609375 0.0693511962890625
0.153854370117188 -0.080841064453125 -0.286590576171875 0.236724853515625
0.112983703613281 -0.114295959472656 -0.182342529296875 0.429962158203125
0.132926940917969 -0.124580383300781 -0.132537841796875 0.4549560546875
0.142898559570313 -0.126495361328125 -0.1700439453125 0.4326171875
0.149368286132813 -0.022552490234375 -0.305419921875 0.2891845703125
0.142074584960938 0.0656585693359375 -0.300933837890625 0.0874328613281251
0.06719970703125 0.146484375 -0.208786010742188 -0.0596466064453125
-0.0769195556640625 0.198410034179688 -0.0430526733398438 -0.0779495239257812
-0.159103393554688 0.142532348632812 -0.0224151611328125 0.158187866210938
-0.286834716796875 0.155914306640625 -0.3568115234375 0.22900390625
-0.0591888427734375 -0.0109062194824219 0.394989013671875 -0.333343505859375
-0.036651611328125 0.0426063537597656 0.0782012939453125 -0.257522583007813
0.0331497192382813 0.0666885375976563 0.0175628662109375 0.050323486328125
0.0725860595703125 0.0287551879882813 0.168975830078125 0.0767364501953125
0.0552139282226563 -0.0520286560058594 0.291717529296875 -0.02142333984375
-0.0183868408203125 -0.0640296936035156 0.317779541015625 -0.253997802734375
-0.0362701416015625 -0.0604438781738281 0.1622314453125 -0.45343017578125
-0.0205268859863281 -0.047698974609375 0.11346435546875 -0.46197509765625
-0.0375938415527344 -0.0335006713867187 0.15594482421875 -0.4412841796875
0.00659561157226563 -0.0466384887695313 0.260498046875 -0.29248046875
0.0431175231933594 -0.0155868530273438 0.20001220703125 -0.10406494140625
0.0450782775878906 0.043182373046875 0.0935440063476563 -0.0948638916015625
-0.0336093902587891 0.0342922210693359 0.0582275390625 -0.219024658203125
-0.0274448394775391 -0.00330162048339844 0.267181396484375 -0.4278564453125
-0.004669189453125 -0.0497627258300781 0.76751708984375 -0.29736328125
-0.3201904296875 0.158447265625 0.360107421875 -0.325714111328125
-0.190139770507812 0.230789184570313 0.0748138427734375 -0.252365112304688
0.0286865234375 0.3099365234375 0.0283889770507813 0.0368118286132813
0.18963623046875 0.176483154296875 0.1484375 0.06109619140625
0.23516845703125 -0.0198822021484375 0.26458740234375 -0.000778198242187501
0.123565673828125 -0.15472412109375 0.28759765625 -0.22064208984375
0.0528564453125 -0.215713500976563 0.147003173828125 -0.407623291015625
0.0936737060546875 -0.219009399414063 0.10784912109375 -0.40570068359375
0.06378173828125 -0.215377807617188 0.146453857421875 -0.396026611328125
0.158660888671875 -0.152023315429688 0.221588134765625 -0.250091552734375
0.249588012695312 -0.0174102783203125 0.15972900390625 -0.0760955810546875
0.227676391601563 0.1861572265625 0.0585861206054688 -0.120796203613281
-0.032135009765625 0.321502685546875 0.0510406494140625 -0.248992919921875
-0.185043334960938 0.239517211914063 0.290130615234375 -0.43658447265625
-0.296478271484375 0.14794921875 0.74920654296875 -0.29669189453125
-0.53759765625 0.310760498046875 0.2462158203125 -0.280075073242188
-0.314544677734375 0.41021728515625 0.0413818359375 -0.203018188476562
0.039337158203125 0.527801513671875 0.0424423217773438 0.0338783264160157
0.30255126953125 0.303924560546875 0.12744140625 0.0387496948242188
0.397918701171875 0.009246826171875 0.214630126953125 0.0113372802734375
0.251434326171875 -0.231155395507813 0.217864990234375 -0.16534423828125
0.133056640625 -0.341522216796875 0.1060791015625 -0.304229736328125
0.1929931640625 -0.358306884765625 0.084320068359375 -0.2857666015625
0.154022216796875 -0.36279296875 0.114471435546875 -0.28851318359375
0.286529541015625 -0.235107421875 0.1463623046875 -0.166824340820313
0.423553466796875 -0.017730712890625 0.08538818359375 -0.0355911254882813
0.387725830078125 0.30645751953125 0.000457763671875011 -0.138351440429687
-0.01910400390625 0.5740966796875 0.0308685302734375 -0.26531982421875
-0.315704345703125 0.45794677734375 0.282623291015625 -0.396820068359375
-0.547576904296875 0.323577880859375 0.6458740234375 -0.250244140625
-0.6776123046875 0.43499755859375 0.0716247558593749 -0.19195556640625
-0.38812255859375 0.56500244140625 -0.0153961181640625 -0.104530334472656
0.07940673828125 0.69659423828125 0.0562858581542969 0.0430145263671875
0.408447265625 0.3883056640625 0.0968170166015625 0.0157394409179688
0.52337646484375 0.021026611328125 0.1390380859375 0.0221328735351563
0.3468017578125 -0.285675048828125 0.116020202636719 -0.0873870849609375
0.193511962890625 -0.421173095703125 0.0478363037109375 -0.156402587890625
0.261993408203125 -0.44427490234375 0.04833984375 -0.124099731445313
0.22003173828125 -0.4544677734375 0.0655670166015625 -0.133964538574219
0.3712158203125 -0.28216552734375 0.0452003479003907 -0.0511665344238281
0.536224365234375 -0.0157470703125 -0.0123395919799804 0.0158977508544922
0.495635986328125 0.379913330078125 -0.071502685546875 -0.137443542480469
-0.00134277343749999 0.7447509765625 0.000625610351562522 -0.255859375
-0.39776611328125 0.6080322265625 0.242523193359375 -0.30712890625
-0.7127685546875 0.444580078125 0.4639892578125 -0.159271240234375
-0.7210693359375 0.50384521484375 -0.1400146484375 -0.066162109375
-0.39727783203125 0.65234375 -0.086212158203125 0.036346435546875
0.12286376953125 0.77008056640625 0.0607833862304688 0.0646514892578125
0.467803955078125 0.41363525390625 0.0512962341308594 0.000724792480468775
0.578369140625 0.02069091796875 0.0405693054199219 0.039276123046875
0.38934326171875 -0.305206298828125 -0.00563240051269529 0.0112552642822265
0.223846435546875 -0.438323974609375 -0.0186443328857422 0.0190563201904297
0.2904052734375 -0.460296630859375 0.00487518310546877 0.0576553344726562
0.250518798828125 -0.4715576171875 0.00817871093750002 0.0437355041503906
0.3970947265625 -0.27838134765625 -0.0631332397460937 0.0775375366210937
0.557159423828125 -0.00567626953125 -0.116432189941406 0.0715484619140625
0.508087158203125 0.39892578125 -0.142364501953125 -0.11737060546875
-0.000305175781249983 0.78466796875 -0.028839111328125 -0.219573974609375
-0.4210205078125 0.644287109375 0.18255615234375 -0.175033569335937
-0.7672119140625 0.4842529296875 0.237594604492187 -0.0421295166015625
-0.65386962890625 0.4931640625 -0.3583984375 0.0780944824218751
-0.34222412109375 0.63214111328125 -0.162734985351563 0.194473266601563
0.139892578125 0.7119140625 0.0498275756835938 0.09375
0.440399169921875 0.3643798828125 -0.0051460266113281 0.000478267669677757
0.530853271484375 0.019134521484375 -0.0653152465820312 0.0589065551757813
0.367095947265625 -0.273956298828125 -0.125076293945312 0.114578247070312
0.218994140625 -0.387176513671875 -0.081634521484375 0.194442749023437
0.275115966796875 -0.407196044921875 -0.040130615234375 0.230255126953125
0.2457275390625 -0.41351318359375 -0.0514984130859375 0.2144775390625
0.35955810546875 -0.22247314453125 -0.163421630859375 0.191497802734375
0.4786376953125 0.02020263671875 -0.206939697265625 0.109512329101563
0.412750244140625 0.35833740234375 -0.19256591796875 -0.0886383056640625
-0.02691650390625 0.677734375 -0.0459747314453125 -0.166839599609375
-0.3843994140625 0.548492431640625 0.111839294433594 -0.0333633422851562
-0.70098876953125 0.4344482421875 0.00351715087890622 0.076507568359375
-0.482757568359375 0.400054931640625 -0.54986572265625 0.217559814453125
-0.232086181640625 0.497833251953125 -0.23297119140625 0.337860107421875
0.121246337890625 0.518707275390625 0.0263519287109375 0.126380920410156
0.32421875 0.249053955078125 -0.05316162109375 0.0142440795898438
0.384765625 0.0135498046875 -0.150192260742187 0.0720977783203125
0.280166625976563 -0.196151733398438 -0.219985961914062 0.1986083984375
0.176895141601562 -0.27313232421875 -0.130340576171875 0.339691162109375
0.215789794921875 -0.28900146484375 -0.0797119140625 0.367950439453125
0.2039794921875 -0.29205322265625 -0.1058349609375 0.349517822265625
0.267898559570312 -0.130661010742187 -0.2406005859375 0.268096923828125
0.324005126953125 0.046112060546875 -0.266571044921875 0.11676025390625
0.247543334960938 0.26654052734375 -0.212188720703125 -0.0648651123046875
-0.058502197265625 0.456817626953125 -0.0486602783203125 -0.114616394042969
-0.290496826171875 0.36065673828125 0.0435638427734375 0.0821151733398438
-0.525482177734375 0.316986083984375 -0.19891357421875 0.173065185546875
-0.239151000976563 0.23974609375 -0.6815185546875 0.32208251953125
-0.09039306640625 0.28070068359375 -0.291473388671875 0.443115234375
0.080657958984375 0.245193481445313 -0.000259399414062488 0.16009521484375
0.154830932617188 0.09759521484375 -0.0768890380859375 0.0373458862304688
0.175933837890625 0.00885009765625 -0.196640014648437 0.0731353759765625
0.148101806640625 -0.0851898193359375 -0.273345947265625 0.245132446289062
0.107749938964844 -0.115516662597656 -0.158660888671875 0.4307861328125
0.124351501464844 -0.128082275390625 -0.10797119140625 0.44903564453125
0.132667541503906 -0.130340576171875 -0.14593505859375 0.427520751953125
0.1453857421875 -0.027557373046875 -0.28436279296875 0.295684814453125
0.140533447265625 0.0591583251953125 -0.291473388671875 0.09619140625
0.0709228515625 0.140960693359375 -0.205825805664063 -0.0505828857421875
-0.06463623046875 0.196090698242188 -0.0424652099609375 -0.07550048828125
-0.151611328125 0.145217895507813 -0.0138702392578125 0.152267456054687
-0.274795532226563 0.1627197265625 -0.33966064453125 0.231964111328125
-0.0558738708496094 -0.00988388061523438 0.384185791015625 -0.33221435546875
-0.0357513427734375 0.0402679443359375 0.06915283203125 -0.253677368164063
0.0318832397460938 0.0641860961914063 0.0164947509765625 0.0479240417480469
0.0722198486328125 0.027374267578125 0.165283203125 0.0741119384765625
0.0515937805175781 -0.051361083984375 0.288726806640625 -0.025848388671875
-0.0202445983886719 -0.0607223510742188 0.310760498046875 -0.258148193359375
-0.0369110107421875 -0.0582656860351563 0.149688720703125 -0.449951171875
-0.0205802917480469 -0.0465888977050781 0.099517822265625 -0.45721435546875
-0.0362091064453125 -0.0314598083496094 0.14361572265625 -0.4393310546875
0.00512313842773437 -0.0457420349121094 0.250640869140625 -0.294769287109375
0.0422401428222656 -0.017303466796875 0.197647094726563 -0.105377197265625
0.0454216003417969 0.0409584045410156 0.0899734497070313 -0.094512939453125
-0.0320701599121094 0.0346031188964844 0.0520172119140625 -0.21368408203125
-0.025146484375 -0.00510597229003906 0.256622314453125 -0.420684814453125
-0.00373077392578125 -0.0483970642089844 0.7513427734375 -0.29693603515625
-0.30987548828125 0.159088134765625 0.347900390625 -0.323822021484375
-0.183120727539063 0.228744506835938 0.0663604736328125 -0.248016357421875
0.033782958984375 0.302703857421875 0.0265941619873047 0.0332298278808594
0.189208984375 0.171218872070313 0.145294189453125 0.0574493408203125
0.229751586914063 -0.023468017578125 0.262924194335938 -0.004974365234375
0.117401123046875 -0.151702880859375 0.28167724609375 -0.223907470703125
0.0478515625 -0.21295166015625 0.134521484375 -0.40380859375
0.0875091552734375 -0.21929931640625 0.094879150390625 -0.401763916015625
0.06011962890625 -0.21234130859375 0.1341552734375 -0.395751953125
0.1531982421875 -0.15106201171875 0.214279174804688 -0.253158569335937
0.244613647460937 -0.0216827392578125 0.159149169921875 -0.078216552734375
0.228195190429687 0.178756713867187 0.0536117553710938 -0.119743347167969
-0.025177001953125 0.317657470703125 0.04595947265625 -0.242935180664062
-0.178848266601563 0.236618041992188 0.280059814453125 -0.429595947265625
-0.28857421875 0.150848388671875 0.7335205078125 -0.29644775390625
-0.5220947265625 0.313323974609375 0.237472534179687 -0.276123046875
-0.302001953125 0.40643310546875 0.033782958984375 -0.198516845703125
0.0493774414062501 0.518829345703125 0.0406608581542969 0.0293998718261719
0.30145263671875 0.294891357421875 0.124313354492188 0.0351104736328125
0.3897705078125 0.0009765625 0.213653564453125 0.007537841796875
0.242752075195313 -0.229110717773438 0.213180541992188 -0.16790771484375
0.125335693359375 -0.3385009765625 0.09765625 -0.3009033203125
0.182159423828125 -0.360443115234375 0.0745849609375 -0.28472900390625
0.144866943359375 -0.360687255859375 0.103729248046875 -0.28973388671875
0.278045654296875 -0.235214233398437 0.141571044921875 -0.168243408203125
0.4171142578125 -0.0250244140625 0.0865402221679688 -0.0369949340820313
0.389373779296875 0.29376220703125 -0.00485992431640624 -0.136749267578125
-0.00823974609374997 0.5662841796875 0.0264892578125 -0.258468627929687
-0.3060302734375 0.453125 0.2745361328125 -0.391632080078125
-0.53167724609375 0.32647705078125 0.63238525390625 -0.24884033203125
-0.6580810546875 0.43817138671875 0.0674285888671874 -0.1885986328125
-0.371337890625 0.561492919921875 -0.019622802734375 -0.100738525390625
0.09283447265625 0.68218994140625 0.0548744201660156 0.0379486083984375
0.40631103515625 0.3760986328125 0.09429931640625 0.0112075805664063
0.51483154296875 0.010406494140625 0.139328002929688 0.0191802978515625
0.33551025390625 -0.283416748046875 0.113677978515625 -0.0881729125976563
0.18292236328125 -0.418060302734375 0.0433349609375 -0.1533203125
0.248626708984375 -0.446441650390625 0.04345703125 -0.1246337890625
0.207000732421875 -0.4527587890625 0.0588150024414063 -0.136848449707031
0.360595703125 -0.28173828125 0.0446357727050781 -0.0523490905761719
0.528778076171875 -0.02545166015625 -0.008824348449707 0.0149078369140625
0.49639892578125 0.365325927734375 -0.0766067504882812 -0.134391784667969
0.0146484375 0.73291015625 -0.00164794921875001 -0.25006103515625
-0.3829345703125 0.60369873046875 0.236968994140625 -0.3043212890625
-0.6949462890625 0.44842529296875 0.456634521484375 -0.1605224609375
-0.7001953125 0.50457763671875 -0.138664245605469 -0.0629730224609374
-0.379150390625 0.6473388671875 -0.0858078002929688 0.0393447875976563
0.1380615234375 0.75677490234375 0.0606231689453125 0.0592460632324219
0.464691162109375 0.3988037109375 0.0494346618652344 -0.00341415405273435
0.56768798828125 0.00958251953125 0.0416107177734375 0.0364837646484375
0.378082275390625 -0.303375244140625 -0.00501918792724607 0.0120449066162109
0.2137451171875 -0.43487548828125 -0.0172958374023437 0.0213260650634765
0.27642822265625 -0.4620361328125 0.00534820556640627 0.0552940368652344
0.23626708984375 -0.469573974609375 0.00660324096679689 0.0390205383300781
0.38580322265625 -0.2784423828125 -0.0594024658203125 0.0770797729492188
0.54901123046875 -0.013580322265625 -0.110885620117187 0.0710525512695313
0.507537841796875 0.385040283203125 -0.146041870117187 -0.1131591796875
0.01544189453125 0.77252197265625 -0.028594970703125 -0.214797973632812
-0.4072265625 0.63787841796875 0.180145263671875 -0.175994873046875
-0.74871826171875 0.48748779296875 0.23406982421875 -0.044647216796875
-0.638427734375 0.49462890625 -0.35064697265625 0.0818481445312501
-0.32647705078125 0.62689208984375 -0.156967163085938 0.195755004882813
0.1549072265625 0.69866943359375 0.0507659912109375 0.0890579223632813
0.437896728515625 0.351898193359375 -0.00457572937011716 -0.00319004058837888
0.5234375 0.006439208984375 -0.0630760192871093 0.0576210021972656
0.357025146484375 -0.2740478515625 -0.121734619140625 0.11773681640625
0.209503173828125 -0.38409423828125 -0.074676513671875 0.195724487304687
0.2608642578125 -0.409027099609375 -0.0337982177734375 0.226715087890625
0.232421875 -0.41265869140625 -0.047271728515625 0.20904541015625
0.349578857421875 -0.22296142578125 -0.154754638671875 0.191757202148437
0.47222900390625 0.01220703125 -0.199844360351562 0.110458374023438
0.41363525390625 0.346466064453125 -0.193954467773437 -0.0846252441406249
-0.01300048828125 0.6658935546875 -0.0456085205078125 -0.163330078125
-0.3724365234375 0.5450439453125 0.113052368164062 -0.0371475219726562
-0.68389892578125 0.4361572265625 0.00466156005859371 0.0737380981445313
-0.4730224609375 0.401702880859375 -0.537078857421875 0.2193603515625
-0.220672607421875 0.494110107421875 -0.22332763671875 0.337799072265625
0.13079833984375 0.510162353515625 0.0290145874023438 0.122611999511719
0.3216552734375 0.24072265625 -0.0518836975097656 0.0111885070800781
0.3787841796875 0.004974365234375 -0.147903442382812 0.072174072265625
0.273025512695313 -0.197341918945313 -0.214675903320312 0.202789306640625
0.170974731445313 -0.272125244140625 -0.11907958984375 0.340301513671875
0.206207275390625 -0.2913818359375 -0.068450927734375 0.363128662109375
0.193328857421875 -0.29144287109375 -0.09747314453125 0.344024658203125
0.262039184570313 -0.130783081054688 -0.229522705078125 0.267852783203125
0.319854736328125 0.040374755859375 -0.260345458984375 0.118545532226562
0.24737548828125 0.2591552734375 -0.211578369140625 -0.0609588623046875
-0.04742431640625 0.449493408203125 -0.0476913452148438 -0.112571716308594
-0.282257080078125 0.3597412109375 0.0469436645507812 0.0764083862304688
-0.5133056640625 0.3206787109375 -0.193267822265625 0.169296264648438
-0.234939575195313 0.2406005859375 -0.663818359375 0.32513427734375
-0.0842132568359375 0.278488159179688 -0.276702880859375 0.439697265625
0.0859222412109375 0.241195678710938 0.00354003906249999 0.157730102539063
0.153488159179688 0.0940093994140625 -0.0740814208984375 0.0353851318359375
0.174728393554687 0.004425048828125 -0.194915771484375 0.0733642578125
0.145477294921875 -0.0867156982421875 -0.267410278320313 0.2498779296875
0.106376647949219 -0.115325927734375 -0.145751953125 0.430145263671875
0.119964599609375 -0.129287719726563 -0.0935974121093749 0.445068359375
0.126625061035156 -0.130661010742188 -0.133880615234375 0.42266845703125
0.142868041992188 -0.0285186767578125 -0.27325439453125 0.29754638671875
0.139106750488281 0.0560836791992187 -0.286163330078125 0.09906005859375
0.07208251953125 0.1375732421875 -0.203399658203125 -0.0464324951171875
-0.05853271484375 0.193634033203125 -0.0406265258789063 -0.0745010375976562
-0.147796630859375 0.1461181640625 -0.00874328613281252 0.146530151367188
-0.269027709960938 0.165267944335937 -0.332305908203125 0.229461669921875
-0.0530891418457031 -0.0105323791503906 0.3837890625 -0.333831787109375
-0.0369491577148438 0.039276123046875 0.0648345947265625 -0.2540283203125
0.0304450988769531 0.0641632080078125 0.0151519775390625 0.047607421875
0.0732879638671875 0.0270233154296875 0.165283203125 0.07342529296875
0.0500869750976563 -0.050750732421875 0.291900634765625 -0.028717041015625
-0.0216102600097656 -0.0589485168457031 0.3115234375 -0.26483154296875
-0.0379905700683594 -0.05767822265625 0.1416015625 -0.454071044921875
-0.020751953125 -0.0468673706054688 0.092315673828125 -0.460113525390625
-0.0354461669921875 -0.0310630798339844 0.137451171875 -0.442626953125
0.00395965576171875 -0.0460472106933594 0.24896240234375 -0.30078125
0.0420761108398438 -0.0181312561035156 0.200912475585938 -0.107315063476563
0.0465736389160156 0.0392417907714844 0.0888214111328125 -0.094451904296875
-0.0317802429199219 0.0354804992675781 0.049163818359375 -0.212081909179688
-0.0239410400390625 -0.00730514526367187 0.2532958984375 -0.42120361328125
-0.0023345947265625 -0.0483856201171875 0.75433349609375 -0.2940673828125
-0.307281494140625 0.16046142578125 0.34869384765625 -0.323974609375
-0.181930541992188 0.228790283203125 0.0614013671875 -0.24725341796875
0.036468505859375 0.30267333984375 0.0252742767333984 0.0318336486816407
0.190185546875 0.170547485351563 0.144577026367188 0.05609130859375
0.228591918945313 -0.0245361328125 0.265884399414063 -0.0074920654296875
0.116104125976563 -0.1502685546875 0.281951904296875 -0.229248046875
0.0464324951171875 -0.212738037109375 0.129638671875 -0.406768798828125
0.084930419921875 -0.223251342773438 0.088226318359375 -0.4051513671875
0.0586395263671875 -0.213607788085938 0.127777099609375 -0.400726318359375
0.15155029296875 -0.152267456054688 0.213638305664063 -0.257858276367188
0.246170043945313 -0.02459716796875 0.162704467773438 -0.0801544189453125
0.232192993164063 0.177230834960938 0.0506057739257813 -0.120010375976562
-0.021484375 0.31951904296875 0.044342041015625 -0.240982055664062
-0.177581787109375 0.237197875976563 0.279876708984375 -0.429107666015625
-0.28826904296875 0.153045654296875 0.7386474609375 -0.2947998046875
-0.51953125 0.31646728515625 0.236541748046875 -0.275894165039063
-0.300323486328125 0.40838623046875 0.0300750732421875 -0.19677734375
0.055450439453125 0.51800537109375 0.0398025512695312 0.0271835327148438
0.30328369140625 0.294342041015625 0.123191833496094 0.03228759765625
0.389556884765625 -0.002410888671875 0.217529296875 0.0047760009765625
0.241653442382812 -0.227386474609375 0.213775634765625 -0.17144775390625
0.123382568359375 -0.33935546875 0.09368896484375 -0.3021240234375
0.17755126953125 -0.366485595703125 0.069580078125 -0.288055419921875
0.141845703125 -0.36334228515625 0.09783935546875 -0.29443359375
0.27691650390625 -0.236373901367188 0.140899658203125 -0.172164916992188
0.41998291015625 -0.02874755859375 0.0906906127929688 -0.0393905639648437
0.3939208984375 0.292022705078125 -0.00939178466796872 -0.136146545410156
-0.000976562499999937 0.5684814453125 0.02655029296875 -0.257583618164062
-0.304534912109375 0.456329345703125 0.273223876953125 -0.392364501953125
-0.533172607421875 0.329559326171875 0.63714599609375 -0.24847412109375
-0.65814208984375 0.4425048828125 0.066741943359375 -0.187301635742188
-0.3662109375 0.56573486328125 -0.02191162109375 -0.09820556640625
0.10174560546875 0.68255615234375 0.0541763305664063 0.0348358154296875
0.411041259765625 0.3748779296875 0.0930709838867188 0.00804901123046877
0.513702392578125 0.00531005859375 0.14190673828125 0.0172576904296875
0.33465576171875 -0.284027099609375 0.114837646484375 -0.0901718139648438
0.182281494140625 -0.419586181640625 0.0422515869140625 -0.152725219726563
0.24212646484375 -0.4542236328125 0.040191650390625 -0.126632690429688
0.203155517578125 -0.4556884765625 0.0542221069335938 -0.140480041503906
0.36041259765625 -0.2833251953125 0.045867919921875 -0.0541915893554688
0.531158447265625 -0.03045654296875 -0.00531673431396481 0.0136594772338867
0.50286865234375 0.362335205078125 -0.082000732421875 -0.133590698242187
0.02252197265625 0.73553466796875 -0.00151062011718747 -0.249710083007812
-0.38348388671875 0.6082763671875 0.239471435546875 -0.30633544921875
-0.695556640625 0.45361328125 0.458343505859375 -0.160980224609375
-0.7001953125 0.509521484375 -0.13885498046875 -0.06201171875
-0.375 0.65521240234375 -0.0866622924804688 0.0428314208984375
0.1510009765625 0.75732421875 0.060516357421875 0.0559120178222657
0.469146728515625 0.3980712890625 0.0483779907226563 -0.00661468505859373
0.569580078125 0.00390625 0.0437507629394532 0.0351676940917969
0.377197265625 -0.30413818359375 -0.00414180755615232 0.0132789611816406
0.21160888671875 -0.437530517578125 -0.0155048370361328 0.0231876373291015
0.269927978515625 -0.472503662109375 0.00557708740234376 0.0541763305664062
0.232421875 -0.472900390625 0.00432586669921876 0.0366668701171875
0.386016845703125 -0.279815673828125 -0.057342529296875 0.0778274536132812
0.552093505859375 -0.019256591796875 -0.108444213867187 0.0710067749023438
0.51434326171875 0.38104248046875 -0.15142822265625 -0.112167358398437
0.0251464843750001 0.7745361328125 -0.0284271240234375 -0.214675903320312
-0.40594482421875 0.64459228515625 0.182754516601563 -0.178482055664062
-0.747802734375 0.49310302734375 0.235870361328125 -0.0453338623046875
-0.638427734375 0.5013427734375 -0.350677490234375 0.083587646484375
-0.3218994140625 0.633544921875 -0.15545654296875 0.200103759765625
0.165283203125 0.6990966796875 0.0522384643554688 0.0869598388671875
0.44189453125 0.3507080078125 -0.00578641891479489 -0.00670289993286131
0.52545166015625 -0.001312255859375 -0.0618133544921875 0.0571861267089844
0.35693359375 -0.27703857421875 -0.120780944824219 0.120941162109375
0.20855712890625 -0.388031005859375 -0.069549560546875 0.199554443359375
0.256591796875 -0.41595458984375 -0.0305328369140625 0.226715087890625
0.227874755859375 -0.41546630859375 -0.04742431640625 0.207427978515625
0.349456787109375 -0.22344970703125 -0.152130126953125 0.193954467773437
0.47491455078125 0.006927490234375 -0.198333740234375 0.111373901367187
0.41912841796875 0.34552001953125 -0.198959350585937 -0.0821533203125
-0.00439453124999996 0.66973876953125 -0.044219970703125 -0.164199829101562
-0.371551513671875 0.54949951171875 0.116081237792969 -0.0406951904296875
-0.6849365234375 0.44354248046875 0.00492095947265621 0.0725479125976563
-0.474151611328125 0.40728759765625 -0.536163330078125 0.22149658203125
-0.216705322265625 0.497467041015625 -0.220703125 0.3409423828125
0.140350341796875 0.51171875 0.0300674438476563 0.121185302734375
0.32415771484375 0.24114990234375 -0.0522270202636719 0.00888824462890627
0.381439208984375 -0.0001220703125 -0.148635864257812 0.0727996826171875
0.273910522460938 -0.199905395507813 -0.214401245117187 0.2086181640625
0.171783447265625 -0.274887084960938 -0.112213134765625 0.34442138671875
0.20318603515625 -0.296966552734375 -0.062652587890625 0.364776611328125
0.189483642578125 -0.29400634765625 -0.09375 0.344146728515625
0.262985229492188 -0.131088256835938 -0.226913452148438 0.271469116210937
0.321502685546875 0.038238525390625 -0.259185791015625 0.1204833984375
0.2509765625 0.258560180664063 -0.2147216796875 -0.05914306640625
-0.041839599609375 0.451171875 -0.0458755493164062 -0.113922119140625
-0.28131103515625 0.36279296875 0.0499038696289062 0.0726776123046875
-0.513427734375 0.325042724609375 -0.193832397460938 0.167404174804688
-0.236618041992188 0.24444580078125 -0.6644287109375 0.32562255859375
-0.0830078125 0.28106689453125 -0.272552490234375 0.443695068359375
0.090118408203125 0.242416381835938 0.0045928955078125 0.158233642578125
0.153778076171875 0.094390869140625 -0.0745162963867187 0.03399658203125
0.176071166992188 0.0019378662109375 -0.197189331054687 0.074798583984375
0.147064208984375 -0.088470458984375 -0.267852783203125 0.257217407226563
0.107398986816406 -0.117233276367188 -0.13787841796875 0.435394287109375
0.118667602539063 -0.132057189941406 -0.0866088867187499 0.44708251953125
0.124710083007812 -0.132011413574219 -0.127716064453125 0.42529296875
0.143768310546875 -0.029022216796875 -0.269683837890625 0.30120849609375
0.140007019042969 0.055572509765625 -0.2874755859375 0.1015625
0.0734481811523438 0.137794494628906 -0.204132080078125 -0.0443267822265625
-0.0556640625 0.194198608398438 -0.0391082763671875 -0.0759201049804687
-0.147811889648437 0.149002075195313 -0.00553894042968749 0.142791748046875
-0.269287109375 0.168869018554688 -0.333740234375 0.227783203125
-0.0526199340820313 -0.0114212036132813 0.388763427734375 -0.346343994140625
-0.0380287170410156 0.040313720703125 0.0596923828125 -0.258148193359375
0.0315704345703125 0.0649375915527344 0.015106201171875 0.0478248596191406
0.0753402709960937 0.0258026123046875 0.168701171875 0.072265625
0.0490379333496094 -0.0517692565917969 0.299072265625 -0.03594970703125
-0.0233573913574219 -0.0569381713867188 0.314483642578125 -0.279998779296875
-0.0397834777832031 -0.0567703247070313 0.13214111328125 -0.466705322265625
-0.0222892761230469 -0.0476875305175781 0.081329345703125 -0.4715576171875
-0.0355186462402344 -0.0316314697265625 0.129852294921875 -0.45672607421875
0.00226593017578125 -0.0466156005859375 0.24847412109375 -0.314178466796875
0.0426063537597656 -0.0205039978027344 0.205459594726563 -0.113906860351563
0.0491676330566406 0.038360595703125 0.087615966796875 -0.0979232788085938
-0.0313796997070313 0.03704833984375 0.0445709228515625 -0.2137451171875
-0.0241737365722656 -0.00994873046875 0.25152587890625 -0.429412841796875
-0.00197601318359375 -0.0491218566894531 0.769775390625 -0.3067626953125
-0.30999755859375 0.167755126953125 0.351318359375 -0.33367919921875
-0.181472778320313 0.235671997070313 0.0558013916015625 -0.250457763671875
0.04351806640625 0.3067626953125 0.0250167846679688 0.0307178497314453
0.197677612304688 0.170166015625 0.147125244140625 0.0540771484375
0.230728149414063 -0.02935791015625 0.273910522460938 -0.01434326171875
0.1160888671875 -0.152374267578125 0.2852783203125 -0.24285888671875
0.0433807373046875 -0.217193603515625 0.121368408203125 -0.418121337890625
0.081390380859375 -0.232192993164063 0.078125 -0.415252685546875
0.056121826171875 -0.220458984375 0.1182861328125 -0.414154052734375
0.152053833007813 -0.1572265625 0.21295166015625 -0.27044677734375
0.2520751953125 -0.031494140625 0.16778564453125 -0.0865631103515625
0.2412109375 0.17620849609375 0.0473480224609375 -0.12261962890625
-0.014373779296875 0.327423095703125 0.0416259765625 -0.244354248046875
-0.177886962890625 0.24249267578125 0.278564453125 -0.440185546875
-0.2913818359375 0.161590576171875 0.75335693359375 -0.30810546875
-0.524261474609375 0.33026123046875 0.2381591796875 -0.2825927734375
-0.296417236328125 0.420135498046875 0.0255126953125 -0.198104858398438
0.070037841796875 0.52508544921875 0.0393447875976563 0.0250434875488282
0.3154296875 0.2955322265625 0.124298095703125 0.0294342041015625
0.39605712890625 -0.01019287109375 0.22467041015625 -0.000305175781250001
0.24169921875 -0.23333740234375 0.216567993164063 -0.18109130859375
0.118743896484375 -0.347412109375 0.087921142578125 -0.30999755859375
0.172210693359375 -0.380523681640625 0.060791015625 -0.295166015625
0.13836669921875 -0.3740234375 0.0897521972656251 -0.304534912109375
0.2791748046875 -0.244857788085938 0.141799926757813 -0.181350708007813
0.42926025390625 -0.039337158203125 0.0954208374023438 -0.0436859130859375
0.41064453125 0.289703369140625 -0.0154800415039062 -0.137771606445312
0.0111083984375 0.58221435546875 0.0236358642578125 -0.26116943359375
-0.304595947265625 0.468841552734375 0.274871826171875 -0.404754638671875
-0.540069580078125 0.347412109375 0.6500244140625 -0.26019287109375
-0.6622314453125 0.4625244140625 0.06658935546875 -0.189453125
-0.361572265625 0.581787109375 -0.0254135131835938 -0.0962295532226562
0.1207275390625 0.692138671875 0.0545120239257813 0.032318115234375
0.424072265625 0.377105712890625 0.09326171875 0.00459289550781252
0.523681640625 -0.00537109375 0.148056030273438 0.0125885009765625
0.336883544921875 -0.292938232421875 0.11688232421875 -0.0945587158203125
0.1776123046875 -0.430755615234375 0.039886474609375 -0.156356811523438
0.23699951171875 -0.472686767578125 0.036224365234375 -0.130760192871094
0.19781494140625 -0.4693603515625 0.0482940673828125 -0.14642333984375
0.36285400390625 -0.292816162109375 0.0466461181640625 -0.0580291748046875
0.543487548828125 -0.0421142578125 -0.00207042694091794 0.0116443634033203
0.522491455078125 0.362762451171875 -0.0899887084960937 -0.132675170898437
0.03692626953125 0.75128173828125 -0.00370788574218751 -0.253570556640625
-0.38262939453125 0.62628173828125 0.240692138671875 -0.316864013671875
-0.70330810546875 0.47509765625 0.466766357421875 -0.170257568359375
-0.7061767578125 0.53424072265625 -0.141494750976563 -0.059326171875
-0.36871337890625 0.67340087890625 -0.0875930786132813 0.0487594604492188
0.172119140625 0.76763916015625 0.0616340637207031 0.0542793273925782
0.484954833984375 0.39898681640625 0.0472640991210938 -0.0100440979003906
0.5828857421875 -0.009033203125 0.0472450256347657 0.033050537109375
0.379913330078125 -0.315216064453125 -0.00261974334716794 0.0138530731201172
0.208648681640625 -0.450714111328125 -0.0136432647705078 0.0250988006591797
0.264801025390625 -0.49176025390625 0.00641632080078127 0.0551338195800781
0.226165771484375 -0.488739013671875 0.00116729736328126 0.0359420776367187
0.389251708984375 -0.289337158203125 -0.0558090209960937 0.0793914794921875
0.56500244140625 -0.03045654296875 -0.106948852539062 0.0730972290039063
0.534423828125 0.383056640625 -0.16064453125 -0.109725952148437
0.040283203125 0.78961181640625 -0.030242919921875 -0.218704223632812
-0.40557861328125 0.66455078125 0.18658447265625 -0.187347412109375
-0.75872802734375 0.51763916015625 0.240615844726562 -0.050048828125
-0.64447021484375 0.5228271484375 -0.355072021484375 0.0906982421875001
-0.3165283203125 0.65228271484375 -0.153915405273438 0.209823608398438
0.1856689453125 0.7100830078125 0.0542678833007813 0.085845947265625
0.45831298828125 0.351837158203125 -0.00695228576660153 -0.0088071823120117
0.536651611328125 -0.012481689453125 -0.0610542297363281 0.0588531494140625
0.36065673828125 -0.28704833984375 -0.12042236328125 0.127914428710937
0.20745849609375 -0.399383544921875 -0.0637359619140625 0.206192016601562
0.252410888671875 -0.435577392578125 -0.0250396728515625 0.231369018554687
0.22308349609375 -0.429779052734375 -0.0458526611328125 0.211532592773437
0.353790283203125 -0.231475830078125 -0.1505126953125 0.199905395507812
0.485992431640625 -0.00079345703125 -0.199417114257812 0.116424560546875
0.434478759765625 0.346710205078125 -0.207260131835937 -0.07855224609375
0.010009765625 0.681884765625 -0.0447845458984375 -0.16790771484375
-0.371337890625 0.56707763671875 0.121109008789062 -0.046875
-0.6925048828125 0.46490478515625 0.00524139404296871 0.0723800659179688
-0.479705810546875 0.42559814453125 -0.542694091796875 0.23248291015625
-0.212493896484375 0.512237548828125 -0.2178955078125 0.353759765625
0.156158447265625 0.518646240234375 0.0330963134765625 0.122390747070313
0.335052490234375 0.24224853515625 -0.0538978576660156 0.00807571411132815
0.39044189453125 -0.00933837890625 -0.15045166015625 0.0771942138671875
0.278030395507813 -0.208663940429688 -0.215087890625 0.220947265625
0.172607421875 -0.28436279296875 -0.10443115234375 0.35577392578125
0.20050048828125 -0.309478759765625 -0.053009033203125 0.373199462890625
0.1868896484375 -0.303863525390625 -0.08880615234375 0.352935791015625
0.266845703125 -0.136154174804688 -0.2235107421875 0.281951904296875
0.32916259765625 0.033050537109375 -0.2623291015625 0.128280639648438
0.262664794921875 0.260467529296875 -0.221237182617187 -0.0545196533203125
-0.032684326171875 0.461151123046875 -0.0462188720703125 -0.117446899414062
-0.28167724609375 0.376251220703125 0.0548553466796875 0.0689659118652344
-0.52020263671875 0.340240478515625 -0.197845458984375 0.17095947265625
-0.240234375 0.255218505859375 -0.671630859375 0.33807373046875
-0.079254150390625 0.287841796875 -0.268280029296875 0.457305908203125
0.098052978515625 0.2452392578125 0.00842285156250001 0.1612548828125
0.158493041992187 0.0953521728515625 -0.0750732421875 0.0340576171875
0.180496215820313 -0.002593994140625 -0.201278686523438 0.0804595947265625
0.149917602539063 -0.0945892333984375 -0.269195556640625 0.271713256835937
0.10931396484375 -0.123367309570313 -0.12823486328125 0.4488525390625
0.118667602539063 -0.138198852539063 -0.07501220703125 0.457550048828125
0.123893737792969 -0.137130737304688 -0.120513916015625 0.43719482421875
0.147689819335938 -0.0318145751953125 -0.26751708984375 0.31365966796875
0.143280029296875 0.0549163818359375 -0.292236328125 0.11029052734375
0.0770034790039063 0.140434265136719 -0.208908081054688 -0.0406341552734375
-0.0511932373046875 0.199172973632812 -0.0394058227539062 -0.078948974609375
-0.149002075195313 0.155868530273438 -0.00193786621093752 0.141754150390625
-0.273513793945313 0.177413940429688 -0.34033203125 0.234588623046875
-0.0229094256347682 0.0946372769036403 0.526611599160489 0.138523463727542
0.0586026230554154 0.0318659918409687 0.270765555687449 -0.0841974969557313
0.034202666606103 -0.0685358824029191 -0.0559539716781882 0.0387103772814537
-0.0468149128908415 -0.0878502863183628 0.00204705829090392 0.207050415956436
-0.10224898767522 0.00974658728754008 0.211150566931865 0.268543669852981
-0.0639916687611604 0.0774174898211239 0.408258451988125 0.156882338575271
-0.0371787693488319 0.094044247146839 0.505025984997828 -0.0395440628805497
-0.0216735680674821 0.0807849930096607 0.503367752146301 -0.15522996846645
-0.025415737998063 0.0772659493742529 0.490986251727173 -0.0728953583594403
-0.0460932757849655 0.05104838341051 0.395007349971762 0.0663476709229853
-0.0557116563586312 -0.0125084689189063 0.208632141300361 0.144490762782215
-0.00449716215855244 -0.0604652862199904 0.12327162432921 0.032334192080869
0.0398462755303635 0.00808052941018683 0.199080497889364 -0.0860932214989129
-0.00968145316897766 0.0466609448526994 0.501020734518986 0.00731544924490303
-0.072995691037879 0.0444509854207675 0.69472087052201 0.423125124519464
0.263616829331569 0.208225921457691 0.493687210140649 0.0644133755560128
0.311030313483164 0.023268306479797 0.248803803786892 -0.131396359045442
0.228931600423977 -0.221750813258128 -0.0909646872472623 0.014307276376171
-0.00632142015399705 -0.295697434150192 -0.0451288208313813 0.191018906384295
-0.21886524007727 -0.143624827704338 0.168654665546607 0.285261445506175
-0.222560073799346 0.0261009527631221 0.365275412376205 0.174186393579677
-0.225649732817184 0.101442569461963 0.458885533148491 -0.00212130172308696
-0.224977157406127 0.121895661747484 0.4579257116805 -0.111489215354914
-0.242201976417895 0.105816880281137 0.453095432927719 -0.042054678709942
-0.23037368202046 -0.000255955327797572 0.333085054833224 0.0838945421000635
-0.205717346127887 -0.162462220600771 0.143783788677832 0.144976645307643
-0.00229889133803688 -0.313200796266695 0.0857074491563573 -0.0159921492305639
0.22428646055135 -0.212275595750858 0.199473132834751 -0.12383554203227
0.273467555840091 0.0140757669613264 0.529511235343899 -0.00646447807433875
0.236665847731626 0.167380751474796 0.717368689968215 0.385355361981505
0.523532029944048 0.288099407178874 0.383309931606079 -0.0479486365225159
0.539283639308043 -0.00598238712997153 0.169433172483563 -0.176757375223662
0.39545057777539 -0.372979616376998 -0.130561167734603 0.00579383892408985
0.0222269696773738 -0.48705130837803 -0.0825278431901068 0.172483402629651
-0.321837552481252 -0.280493199908524 0.119576603968693 0.272205888273749
-0.357483051200506 -0.0258617774246517 0.281987010128144 0.164702090348574
-0.381741706498648 0.09545348544903 0.346601781050778 0.0303249657656698
-0.39384150949588 0.14383686419992 0.343262985132565 -0.0535013072965206
-0.420255488618461 0.117889031604611 0.342676321802371 -0.00266918006873845
-0.380028719756865 -0.0513920754443011 0.215209790127509 0.0875096653303112
-0.330188941917959 -0.291290180894289 0.0502231313997419 0.11549941670568
-0.00260204929939362 -0.530838997025371 0.0338964936398824 -0.0788585805203738
0.379470545975387 -0.412937851840995 0.184213804176057 -0.163230733610875
0.523172855318626 -0.0269149960104298 0.499675494081467 -0.0216952255224135
0.509996790893063 0.266261038544412 0.644084697538042 0.313041134901207
0.724386364307291 0.319476378744865 0.200963625723748 -0.173484070698418
0.715769243903785 -0.0661040796447957 0.031632026480651 -0.204808429604258
0.502464428401587 -0.515563211465243 -0.173518153426642 0.0175109361136564
0.0182411460604037 -0.638729110337736 -0.109633330536347 0.149876254858387
-0.407662868800772 -0.379385697540827 0.0600569827863541 0.227887261291468
-0.453095877496779 -0.06932064587423 0.159538466429403 0.131118135413478
-0.486348710457441 0.078557645144463 0.183591149624205 0.0574913598805641
-0.50222143932356 0.144074733967446 0.175929387994778 0.0127097767116765
-0.53126782433944 0.112629078574127 0.178852351325436 0.0383357104397393
-0.469748905620808 -0.0957135851835481 0.0580643957163113 0.0788234602912141
-0.40428986746789 -0.377045252534174 -0.0626483174182691 0.0621801981298239
-0.00610541232207319 -0.673491118178587 -0.0302269246311931 -0.142664575851993
0.476506865856752 -0.554148026723695 0.148659473174291 -0.191730746344869
0.68980611736961 -0.0645049698762806 0.40877732340855 -0.0272705712869237
0.701715191034624 0.325966334486083 0.482413252877966 0.210756009464741
0.828659617811145 0.298916947554691 -0.0345947009246553 -0.292787418215904
0.797837149439478 -0.137875194069205 -0.150322422867321 -0.203989014013428
0.535828717402283 -0.605940189695033 -0.213824364115413 0.0402284705960154
-0.000589554581471651 -0.707978512178688 -0.132901109343962 0.113762897385917
-0.443812464562693 -0.424146256074159 -0.0176294924361138 0.154774343352337
-0.486255600312593 -0.0966783337266991 0.00650965602998916 0.0810678692114164
-0.51769627085579 0.0507719541926684 -0.0108067175530655 0.0783496112915553
-0.532280156588038 0.124576049874951 -0.0172188876775911 0.0776463181540767
-0.557397553272457 0.087383207047118 -0.0132099226459045 0.0759360355437728
-0.480796921009015 -0.127961168732298 -0.112529641919783 0.0591833876158043
-0.406037588791843 -0.402658903106372 -0.175884282399596 -0.00541407954733074
0.00777914187375761 -0.695991027230949 -0.0904723930996085 -0.197779305386874
0.502948514169445 -0.586744358795417 0.103386983081192 -0.197095495527246
0.736802692305495 -0.0769759319106132 0.269836746354141 -0.0173388784084259
0.769435436651931 0.341227413187801 0.259431950043839 0.100480374882169
0.812432525843864 0.231982416737273 -0.289217351424254 -0.385644854034589
0.751873175781777 -0.183635115171745 -0.338841755687645 -0.175949704224851
0.478941915112962 -0.588225079364626 -0.236606519519854 0.0607569326506891
-0.0163342306280397 -0.65033820336833 -0.145209907591171 0.0631873146175406
-0.403136648987418 -0.392666895454495 -0.101252221771577 0.0609650611924514
-0.4379510832614 -0.1097535401635 -0.153795738685728 0.0214438060483762
-0.469398847361262 0.0133408650646557 -0.206933773316292 0.0887938478164144
-0.483242742858893 0.0830456917398045 -0.208467269789028 0.130955113927442
-0.497933175421427 0.0449693851676448 -0.203096995393099 0.101459174847417
-0.409363599742219 -0.146975939493959 -0.263714850084854 0.0266166399674565
-0.321989729733433 -0.36587479069722 -0.257824081648327 -0.0822174927671094
0.0426003019329149 -0.590432301501023 -0.125545493298984 -0.23128230670317
0.453387244963607 -0.488727106963859 0.0638028806577357 -0.176604154398878
0.647120487090304 -0.052101158097882 0.117040805510292 0.00537782748712705
0.708952349207435 0.307260937254183 0.0179160593718885 -0.00584636001040782
0.663061066069038 0.130060057737024 -0.520265164914056 -0.439252659167504
0.572078700586178 -0.194358038899127 -0.497626402355935 -0.129157660672682
0.336332981234344 -0.453593440919481 -0.236135326986999 0.0761065735124306
-0.0214598356387518 -0.467913893992909 -0.139620442313479 0.0110649625833115
-0.283055683472496 -0.29028348264543 -0.166858451915018 -0.0357859191779322
-0.314196887924427 -0.102991521078448 -0.287343115166516 -0.0392896390907752
-0.344223723025733 -0.0256173633366906 -0.371024689554585 0.085909243878856
-0.357646456544308 0.0286024260911705 -0.368978269031412 0.162859137589426
-0.360440276087522 -0.00594604576742302 -0.361031148345214 0.107555444280333
-0.274497657725969 -0.144913689980009 -0.367965958977416 -0.0161247959256878
-0.187067095494515 -0.272127227982989 -0.287883453492808 -0.154514727351969
0.0766914394906766 -0.387233269338687 -0.122601457163403 -0.239493003462526
0.335379943339069 -0.303898219029965 0.0417898850208887 -0.138180524569988
0.452196395641726 -0.0129300914735584 -0.0172263015960163 0.0285957919739025
0.535008554108573 0.228346794295211 -0.197640308369677 -0.0913623756225108
0.410328213579328 0.0108066978194231 -0.684286036979494 -0.446742932303562
0.303185474253332 -0.169007930973183 -0.60306728839201 -0.0759845704193815
0.142721062041948 -0.244345014884642 -0.216429353069265 0.0910262482273039
-0.0224698525491911 -0.211357782965266 -0.113217189520793 -0.0224303600212329
-0.118343192881654 -0.142939386014778 -0.194655936020106 -0.114595304863031
-0.138106099288007 -0.080291297184596 -0.368302128012127 -0.0920654100968681
-0.16377677362705 -0.0605430929555664 -0.477207963787316 0.0690887103074762
-0.177878360591246 -0.0291369723840049 -0.473811727253817 0.168867705752436
-0.174794655190418 -0.0542174046010181 -0.461682963932361 0.0943372827346876
-0.111777954530953 -0.120282863492572 -0.412546843892856 -0.0618536569006381
-0.0419987948890719 -0.147971021124673 -0.269388345020632 -0.212046923259243
0.0863734473816069 -0.15279112079282 -0.0916313361250322 -0.222961691826761
0.171805903293585 -0.104037848670137 0.0352936193746681 -0.0953280560214488
0.207946256142996 0.0123367504784771 -0.112667941365767 0.0444631343934958
0.290914662941478 0.11261892611234 -0.356482378777198 -0.146729865322542
-0.0201683919329933 0.0970015999922504 0.537069136218891 0.115136092877707
0.0618560661806352 0.0289027528160044 0.265737315120402 -0.100043521331663
0.0309108951509794 -0.0698680221976248 -0.0552361798880916 0.0404317552787329
-0.0521315224549976 -0.0855624805024792 0.011832235726548 0.208995839516846
-0.101311096677761 0.0150275178246647 0.229054874164082 0.259799589474672
-0.0592054786417763 0.0804223321347867 0.422507011036253 0.13591159850571
-0.0318038346845087 0.096645413362838 0.504965770009063 -0.0688781211093103
-0.0173238872646705 0.0836460193450204 0.496127032785634 -0.185958100130942
-0.0211405858066588 0.0797762671907931 0.492503488515405 -0.104711720142385
-0.0424861724539545 0.0553919263465803 0.405185107932842 0.0437856229820739
-0.0571012760796517 -0.00865189144206358 0.220535629763754 0.136096649177048
-0.0096930225619576 -0.0596655501398862 0.124532178107635 0.0252140250708915
0.0405156861809619 0.00552222825444198 0.192894911838761 -0.0950052380479966
-0.0086931026110797 0.0488666928427174 0.502784584837071 -0.0129785532704094
-0.0721037101689411 0.0468879147482937 0.724087203483033 0.396888311597909
0.275992190032264 0.19673405516641 0.500662073758932 0.0429314013037476
0.314106670352514 0.00803016443701905 0.241010830614624 -0.144584111813949
0.21744968033136 -0.234443117528221 -0.0910848632721151 0.0173162010537271
-0.0204266743352803 -0.298158180542382 -0.0369251198916818 0.194030086309756
-0.226870808188556 -0.132764603247291 0.187575227468851 0.278340579351932
-0.221831592477191 0.0362075545306646 0.380564187565933 0.156472117242798
-0.221663020631342 0.113635896616177 0.461783507089442 -0.0299717145271899
-0.220098552967129 0.136723212240349 0.453527632401868 -0.141032203370731
-0.238727041350358 0.121249425363474 0.454898777965063 -0.0712499224685685
-0.231709749930303 0.0114496613995143 0.342464486369537 0.0644827931492504
-0.217096628599692 -0.152157843765443 0.1568043883952 0.140064473238281
-0.0206988336288982 -0.316867463903559 0.0824392831262983 -0.0212989243611904
0.214996974621379 -0.226900167657615 0.192381466683912 -0.132487345102965
0.276876182760711 0.00182088212567627 0.531463507229809 -0.0292700666206184
0.248129394395868 0.155920392056692 0.743451858417376 0.359088077505619
0.54231223303635 0.265420406268396 0.383771466884768 -0.0641149176291487
0.542070101790611 -0.0326041319373642 0.15910865976558 -0.184612023742794
0.376967423562635 -0.396644780523363 -0.130567486781753 0.0114906684219917
-0.000925528230737287 -0.492669100848325 -0.0746582616276902 0.176153292444925
-0.339421015977123 -0.263804379056498 0.13923538214156 0.268139253354607
-0.361771572177435 -0.0100628226250822 0.294788442819826 0.151012497633093
-0.379920296592368 0.115927475779611 0.351096758879549 0.00960573650222053
-0.389773963097007 0.169656795658 0.340982709493099 -0.0761167951348352
-0.418065974403747 0.144199875364086 0.34478190894876 -0.0261174001103983
-0.385904748337157 -0.033680380770663 0.223513760571193 0.0750174077439036
-0.349984484247961 -0.275316476464147 0.0611073298753688 0.114649453545627
-0.0316257849940453 -0.53786770815286 0.0252189590246937 -0.0815102608169076
0.360828246098357 -0.437659957955944 0.176027767814472 -0.171476210779804
0.528705377225484 -0.0511353481791068 0.502829369122673 -0.0436093095981378
0.529905799082642 0.243205981647312 0.665010633249954 0.287724813007204
0.746143298657424 0.28429820182202 0.194353345324205 -0.181530515032983
0.717206915838338 -0.104404753149007 0.0184966709713428 -0.204312288212746
0.476836164470454 -0.547270845991479 -0.173502557024762 0.0257306728382505
-0.0118814015616955 -0.646988225112533 -0.104282768344788 0.154069614538735
-0.431120944177003 -0.360223813113112 0.0771981138239897 0.226927922243261
-0.459272085117061 -0.0481339295931082 0.169141569935606 0.124653842389791
-0.485706500256535 0.103095569021475 0.188322062461523 0.0471940236451496
-0.499149087608702 0.177992222315208 0.177636344174535 0.00121630017386899
-0.530295319974275 0.145401338690358 0.181348899783802 0.0251448908179249
-0.479818244060733 -0.0747483269716845 0.0639262637880129 0.0751487445886831
-0.431183689377538 -0.357920355026142 -0.0564708107070577 0.0664793167571731
-0.0422254021013561 -0.682816968813201 -0.0429214167274431 -0.143072715034299
0.452107814440523 -0.585552752796847 0.140806388263656 -0.198712062927975
0.695469117996503 -0.0977884350666239 0.413170165276998 -0.0476220511991931
0.726580300716464 0.294425044950948 0.496778041705126 0.189680341590887
0.852145588099663 0.259161481399626 -0.0483720902686697 -0.291409403499791
0.796086772055863 -0.177448218375326 -0.162875894045648 -0.194138398458229
0.504889790687749 -0.640282964796063 -0.212282426637539 0.0512129691264737
-0.0360369444920473 -0.715802507969247 -0.128269248309198 0.119191142357323
-0.471240409340955 -0.401824844865373 -0.00451357717514711 0.156773522229502
-0.496063314929666 -0.0753310933728274 0.0109806940692479 0.0825408553824233
-0.521721129634331 0.0768783688551092 -0.00554597720672965 0.0800473343568347
-0.5319952945267 0.159468373860235 -0.0129986067170282 0.0786606302917809
-0.558060369314029 0.119458768102532 -0.0106356130066618 0.0750713846156771
-0.491993013322739 -0.108178019965804 -0.1104161196142 0.0646639647221583
-0.429958477792684 -0.384881642692656 -0.174883636534289 0.00269034181925073
-0.0274189456100564 -0.706910629681685 -0.106595888489153 -0.195507629329097
0.476935098824999 -0.618704697264173 0.0961889917734914 -0.202354361432621
0.740847676641614 -0.112945370685114 0.275696033578737 -0.0320285817300754
0.797970852111345 0.30645093950189 0.266171989995304 0.0872029112151458
0.832344300654838 0.194650777904269 -0.3088418131927 -0.374149742156811
0.746881011951031 -0.221530685371124 -0.350585504215512 -0.156035744031669
0.449522445579399 -0.618382517469147 -0.234000022019805 0.0738144106258672
-0.0465739415985977 -0.65870056971738 -0.14349488406543 0.0686404862488946
-0.429353979798785 -0.372573767180949 -0.0950749575345041 0.0668456216344389
-0.449072906108649 -0.0901171566898443 -0.155160872977724 0.0317031860709999
-0.475629682897062 0.0377001152415733 -0.201947369579794 0.103199280698265
-0.484633594465647 0.114215499188129 -0.201566359284686 0.143976471191904
-0.500078577753091 0.0745978857605453 -0.200319404691121 0.112570843911639
-0.42094506389032 -0.130501501133735 -0.264947036978776 0.0407849519949325
-0.345181306670434 -0.35185341119499 -0.262584544085135 -0.0694062837653935
0.0117849440525318 -0.600365112431145 -0.142364677813682 -0.226254199755402
0.431138564544074 -0.517398275304424 0.0579983975428939 -0.181027358371147
0.650313345084983 -0.0842679170525929 0.123275590270859 -0.00295331613857704
0.733162265773734 0.27566161386987 0.0165321307613235 -0.00931119368530097
0.67913033168026 0.0976768415778438 -0.54353848573863 -0.418319844134318
0.566577517656383 -0.222320803653298 -0.508251461412172 -0.10156257001151
0.314604694717833 -0.474506580738582 -0.232700890595767 0.0892835540993187
-0.0431976369211556 -0.473998229160633 -0.140044951832639 0.0160887780272083
-0.304069176091893 -0.277677751650195 -0.168511890394498 -0.0277434692019022
-0.324982368481414 -0.0890091302259713 -0.294909604926403 -0.0221959036216757
-0.352654262011701 -0.00857909694815926 -0.368615273438355 0.110489150346657
-0.361086043490709 0.0509715734507561 -0.36085425802801 0.186177397000049
-0.364920631622005 0.0141289025492571 -0.358452206285884 0.129342613115358
-0.285261456908154 -0.134773926652496 -0.372697722532986 0.00366851175792311
-0.202843536811107 -0.265657223141394 -0.298661007001483 -0.142506070835482
0.0576362087046485 -0.397236630303406 -0.138392618282897 -0.233838813554008
0.320682508411835 -0.324939818773347 0.0381875872360015 -0.142420514931466
0.455560816230689 -0.0361026683089017 -0.0108738144440269 0.026524440398255
0.553533531583922 0.205332720295126 -0.20613023906625 -0.0869789588147911
0.417423447948349 -0.00907134969727873 -0.709317576338258 -0.420003036778056
0.297582207839742 -0.184019124907454 -0.609494172606027 -0.0443109983370067
0.132546630725139 -0.253630647224468 -0.212875446423538 0.103318209697999
-0.0317730647524613 -0.214100631462867 -0.114716627535225 -0.0182297176299931
-0.129281145313542 -0.137332898767593 -0.201949090765109 -0.105681227722227
-0.14582909724068 -0.0741364403019859 -0.379423898604696 -0.0714086560070602
-0.170894282380104 -0.0528013877142402 -0.476765418268313 0.0998558462435424
-0.182783525680304 -0.0190788972443683 -0.465760463993642 0.198776394895665
-0.179234816577185 -0.0451931111899055 -0.460748525939232 0.122307891231873
-0.119451299642159 -0.117712124005282 -0.420291629972737 -0.0391606476236059
-0.0495397834023117 -0.147626931201478 -0.284110756338976 -0.200566740715408
0.0801794373508031 -0.160766072905688 -0.104844771628725 -0.218615279381602
0.166748457803136 -0.113953610888902 0.03383626478691 -0.0994662255351263
0.210587464739567 0.00155288248537367 -0.106913727403959 0.047017815650354
0.301565553302578 0.0989240178156122 -0.369662255798656 -0.135245092327139
-0.0169642721713212 0.0977845831998649 0.537028292956498 0.0935227055483153
0.0620534997111849 0.0254714746481391 0.254609589769498 -0.109597434619162
0.0276027185146097 -0.0696457941404268 -0.0540176113314734 0.0422084773111008
-0.0552374394890267 -0.0816034655765 0.0205731089810445 0.206871723833492
-0.0978399030960442 0.0182692593437622 0.239924595283753 0.246534781124317
-0.053172144004205 0.0815124319936355 0.426812454319117 0.112407967615915
-0.0260989771040771 0.0970990415712428 0.495185227665522 -0.0953500813357125
-0.0121869387972324 0.083798423821434 0.478311607864119 -0.210879607759988
-0.0169490803755966 0.080570112460618 0.482567968570792 -0.131257462286904
-0.0379886904476862 0.0569779781321843 0.405061447383728 0.0218353542427628
-0.0570416825593282 -0.00354054021445041 0.226806056113057 0.124994002910528
-0.0138613195412793 -0.0575953655257967 0.122096478654884 0.0185378961825454
0.0398197667114969 0.00291753558496932 0.18351507433555 -0.100334426723394
-0.00673780943898071 0.0493623566531361 0.494273606421614 -0.0311962129820392
-0.0701326511093359 0.0480379981573869 0.735243665368052 0.366021227758365
0.281094229035964 0.182449751143087 0.497786874823025 0.0238078076987857
0.310416073839983 -0.00589511164366726 0.228339721564494 -0.152660848383114
0.202822821734494 -0.241265550141257 -0.089960769406852 0.0208968846612752
-0.0328064910315187 -0.29435063817988 -0.0281192759632088 0.192606708012505
-0.229189473541538 -0.119925505566548 0.201721964984763 0.266688698406131
-0.216882670231545 0.0442354382098552 0.386653436937009 0.134947690143168
-0.214130566563462 0.122690497476823 0.453476709362348 -0.0542963240687877
-0.211166338012431 0.147741042688476 0.438159805510109 -0.164293403040665
-0.230721605835016 0.133322692329918 0.446161831064295 -0.0975412904616877
-0.228093557854498 0.0216363371630778 0.34476905853349 0.0452191829559601
-0.222530658429854 -0.138185384014845 0.164984619097732 0.131169574879493
-0.036802365008147 -0.312342830425341 0.07746703493646 -0.0246341634947827
0.202339813085261 -0.236372688056211 0.183589837542401 -0.136930999918531
0.274701573219878 -0.00948024335317937 0.524258187154683 -0.0497624011305573
0.253508304753716 0.142250348613537 0.753446369798711 0.326913805487692
0.546548564701057 0.237860277659707 0.37722068765805 -0.0762954673941609
0.533339296472559 -0.0563077904816401 0.145823531700717 -0.186534064866214
0.351086297141188 -0.407150430531051 -0.128301516759429 0.0167823340752932
-0.022500287274551 -0.48812215276347 -0.0669116454521364 0.175736510185032
-0.346874412743438 -0.244872854549659 0.154367864535087 0.258547369639445
-0.358270616354439 0.00488199430979931 0.300777049519951 0.135324689864901
-0.371284124371637 0.132042809340967 0.347117978286763 -0.00935021771086836
-0.377272806154028 0.189847147109911 0.330678246955895 -0.0944496901127358
-0.406707938732205 0.164711502970271 0.338864285078137 -0.0465417211353982
-0.383095943691632 -0.0173015980084728 0.225947492260598 0.0612806011366958
-0.359819532882821 -0.254524150349252 0.0688265228662821 0.10973962445552
-0.0581221357087794 -0.532944411854382 0.0171604227952707 -0.0814670210127106
0.337356782582886 -0.452616022522233 0.166405211130516 -0.174403493437228
0.521196857775492 -0.0726761830665194 0.495969856334068 -0.0637473284664194
0.538070387249259 0.216801644992596 0.672661782065585 0.258198657314466
0.750857537512787 0.24694082063266 0.185174763925862 -0.18538605875558
0.70247809042577 -0.13261973121393 0.00862575917015369 -0.198662352841214
0.442660547563654 -0.562102422987101 -0.169614837697045 0.0331905470991849
-0.0396488020731998 -0.641598206899678 -0.0970899062270546 0.155043150669789
-0.442304438755435 -0.334036554534151 0.0914948602709471 0.219523995507959
-0.458610384861771 -0.0279097858994157 0.17457790904262 0.115438402112206
-0.478200109073695 0.124939146280154 0.18938197567272 0.0365976411290039
-0.485880073235324 0.204816405327667 0.174403453256747 -0.0095089581083456
-0.518842992221346 0.172733190236963 0.17893429794197 0.0129871344595809
-0.479573309512924 -0.0534291538417187 0.0674576382426653 0.0696796866831965
-0.442587625349356 -0.333058274118049 -0.0495240108602834 0.0675186128950657
-0.0747184596207661 -0.677824411641502 -0.0541500922146124 -0.138895860493078
0.419827527499305 -0.602523804996984 0.131445217548273 -0.200427524168611
0.684848555793587 -0.125670404800001 0.409358978060589 -0.0658449103457509
0.736020536292747 0.259580477643903 0.49967565474347 0.167873101057145
0.855086254608744 0.21720811241192 -0.0587013120309121 -0.284299769920703
0.778590991583708 -0.209528162523086 -0.169231927683913 -0.179949783168422
0.467326059869659 -0.657541558857394 -0.2067872962034 0.0604508951537506
-0.0648663011007127 -0.711596197847444 -0.123335631609813 0.120724205804004
-0.484945121698543 -0.372012164273098 0.00752882152021305 0.15454452367069
-0.495337615037691 -0.0550759568523162 0.015118734284939 0.0818850609907409
-0.514873445940544 0.100558986769235 -0.000414442058926962 0.0791932051312143
-0.52067190457549 0.188054335690453 -0.00869344499439125 0.0779355579057981
-0.54662991268337 0.148972016722541 -0.00846608473315562 0.072745876766398
-0.493270184876087 -0.0865479226390072 -0.106112172781012 0.0686905493910246
-0.4448845926632 -0.360096754389972 -0.170548089213101 0.0100441995059711
-0.061357104299516 -0.701555124677972 -0.118515969571735 -0.186595415535754
0.442505287019508 -0.637152990839823 0.0876212016926025 -0.203594728739306
0.730326003830987 -0.142306191561072 0.274324213792529 -0.0462083892094954
0.807184030790344 0.267283214182592 0.26617644600786 0.0735892616710524
0.834022552360984 0.153871696393259 -0.319766585401008 -0.356515539251116
0.728229740842239 -0.250388308888459 -0.352375849233672 -0.134936902869404
0.415581323702293 -0.632350524784171 -0.226949101719416 0.0833588584358649
-0.0753866608238743 -0.653277398869162 -0.13922500353916 0.0712375276188991
-0.443087074461624 -0.346173788774892 -0.0868258177622649 0.0691052715732989
-0.451155630754862 -0.0698698250746744 -0.152771524425678 0.0399310384346642
-0.471778118492374 0.0597046308414917 -0.192705550103696 0.112807716024066
-0.475769947826753 0.140218174824042 -0.190437774956875 0.1527390250106
-0.490793603570255 0.0991686739846495 -0.193750465011913 0.120318695222579
-0.42435130452963 -0.113140983019904 -0.260981946541233 0.0533774280278054
-0.357540871628538 -0.330636708528794 -0.262100478396696 -0.0579674620128634
-0.0166512131052034 -0.599669997377842 -0.154452492980416 -0.215618692839507
0.402578346451451 -0.534102410597531 0.0516310612771957 -0.183066095541767
0.641638192979918 -0.111103874049449 0.125951543735959 -0.0117143795099224
0.740759267625388 0.240526040844511 0.0135685885416365 -0.0120090128457534
0.677919253735731 0.0656953984550316 -0.554117810977014 -0.392213127835652
0.551249202591453 -0.241996486632204 -0.503988264375545 -0.0753144523155914
0.288354982414797 -0.484596441144193 -0.225233846523581 0.0993293706367893
-0.0624548530102347 -0.471315888604459 -0.138637558885146 0.0193272030634504
-0.315181529524351 -0.258369515121477 -0.165460726460722 -0.0207874786833252
-0.329022655980721 -0.0741675589992809 -0.294035728476241 -0.00612054609332484
-0.351859439220133 0.00881851052695324 -0.356434224858942 0.12898376534672
-0.356326077973835 0.0709620048248334 -0.345208384025465 0.202429730368792
-0.360771006143675 0.0327747572268888 -0.348798748276298 0.146631765547573
-0.291375038790268 -0.123358404717218 -0.370125921632686 0.0225655923316314
-0.212551142833035 -0.25290745076811 -0.302317476544439 -0.127074562403416
0.0385126204510692 -0.398874753742445 -0.149212864897778 -0.223619173811272
0.302118580697892 -0.336906309504481 0.0342707627077492 -0.144191406182615
0.449052375684541 -0.054502257392303 -0.00549719740942571 0.0222986712893475
0.560808828693567 0.177429630262078 -0.21079494142933 -0.0800220428422249
0.414800869636363 -0.0280927116618582 -0.716585178849111 -0.386740535027764
0.286488380387954 -0.192584928216465 -0.602359096338599 -0.0153099585996508
0.119523888429107 -0.258041751745045 -0.205311361726201 0.112194752506327
-0.0392655281745593 -0.212749358815997 -0.114492801729548 -0.0155763688285587
-0.135234719624099 -0.12853737887986 -0.20436326623132 -0.0971890210697548
-0.150049805592496 -0.0669573673435668 -0.381596123451655 -0.0509347714242381
-0.174579225717325 -0.0438734200810407 -0.465487311263936 0.124776541915334
-0.182645428536395 -0.00835202108792588 -0.447900507286481 0.221953014923561
-0.180573701172221 -0.0360056397424514 -0.448887103490696 0.146488161311672
-0.126392087276481 -0.112583011653174 -0.419089566811564 -0.0164044155756331
-0.0554062128132841 -0.14473463580531 -0.292540529661236 -0.184741272616367
0.0723229239895736 -0.164898133945156 -0.113813514449257 -0.210101388296047
0.159015223443099 -0.12103300093473 0.0312575226414383 -0.102629511350328
0.20831294039124 -0.00788533625462885 -0.100252859700086 0.04685363366391
0.305131005006064 0.0847916540039537 -0.375412630556112 -0.121629781954797
0.0207521797904701 0.0952962461815291 0.530519812863501 -0.0878217118774859
0.0676089772544128 -0.00130986962647723 0.197050061531393 -0.180845624238888
0.00308098295386296 -0.0729885213321764 -0.0344982000644887 0.059782508311697
-0.0787907583603043 -0.0540479051659454 0.0933520748748122 0.186716759270523
-0.080410798755431 0.0504171198359793 0.306121565487415 0.146448995176999
-0.0161842980483025 0.0921076324941981 0.433505683773996 -0.0435716389359921
0.0125798297337612 0.0986064099830544 0.422981029224372 -0.263136984853279
0.0183347111975167 0.0784949952048179 0.362046339254735 -0.356948857081597
0.01302038233492 0.080226381337913 0.399886659355529 -0.284145526850935
-0.0156630779779178 0.0637280019830629 0.382706985621853 -0.114848645526093
-0.0532501709647634 0.0172602738430358 0.253039649035581 0.040145560317393
-0.0327695871261418 -0.0465642335151684 0.117812477004373 -0.0194829363212999
0.0370408373418667 -0.0105286578712338 0.136668730755491 -0.148398823203855
0.00509859402628541 0.0487029156059808 0.451449680416588 -0.179855096548722
-0.0574962924938936 0.0659327226018495 0.794078346559186 0.119699515084883
0.332196371970415 0.0709008920853876 0.462524716126387 -0.130808699576342
0.288211442024664 -0.117272773636377 0.153853857975528 -0.199737307686303
0.105115139683755 -0.292840070591811 -0.0674653248204262 0.0654234014953912
-0.134591347397857 -0.258927421824798 0.0536182982054644 0.193488648293923
-0.247716751970983 -0.0332560285581878 0.285327537277097 0.173932629777544
-0.179793501304495 0.111716293668893 0.407092909991348 -0.0147903920058873
-0.156766053058003 0.186727830560903 0.405263286232939 -0.214190910883961
-0.142762610572736 0.203921619592992 0.341087674179476 -0.306989576634206
-0.166765405215915 0.199690843129368 0.377607249558568 -0.243013486151389
-0.204105304164809 0.0911481799332448 0.337377330808114 -0.0748874508214829
-0.250567476380808 -0.0527604358206135 0.203776058032775 0.0644484381544312
-0.136831587547902 -0.278012286100112 0.064053076521925 -0.0398882693805128
0.110385051960455 -0.284975388165283 0.120696229974405 -0.178871249083279
0.248686646685398 -0.0988588211100321 0.470551481871766 -0.212113832960438
0.277928202587192 0.0533950313197544 0.793146868272574 0.0679285166479861
0.602312447312315 0.0306277308517341 0.309001426426218 -0.179260699551777
0.478913078544922 -0.240641179250076 0.0635254634088682 -0.193434191689188
0.183858319222682 -0.498979898178131 -0.0971742450001202 0.0858391371743546
-0.194260680627496 -0.442842310750516 0.0217674951171216 0.193823175766202
-0.398356877068245 -0.107839691653298 0.246008924003451 0.177527653815668
-0.324589504994887 0.121908922160477 0.330243463942034 0.0100319999531311
-0.303132507336421 0.249096270228628 0.328034436966124 -0.137875125035435
-0.28177624601899 0.298205974286541 0.269041902690751 -0.209628833923236
-0.31935080833798 0.287683993734563 0.295132629115167 -0.161988620646475
-0.362162295152217 0.10572956373865 0.236436481058465 -0.0226545893687436
-0.415126226825257 -0.11614207747467 0.112497212320774 0.0750965280043164
-0.228994764357175 -0.476838505137014 -0.0080448504989686 -0.0685218367620418
0.166167702514816 -0.527443889493021 0.0892428837605235 -0.206668745387234
0.458692183106671 -0.237143289318566 0.437501208827244 -0.220212636169524
0.572090147693911 0.0348569365208279 0.695655896511078 0.021130789842114
0.798703974643526 -0.0289990567177381 0.089084825036186 -0.213575938426421
0.610829978905029 -0.370179524976991 -0.0693456622902832 -0.151973339817446
0.215837252976877 -0.674595024689468 -0.122285864247957 0.122558855202692
-0.266842269975019 -0.578926571274782 -0.00479973256441127 0.185329614858576
-0.516468289381189 -0.158900552178113 0.180137351169348 0.158962609264754
-0.430301159465226 0.124626677006428 0.208749026169555 0.0315945579408974
-0.408088126125401 0.279444313213257 0.201456218669816 -0.0416473379102597
-0.377824693362335 0.34647202374965 0.155068676643386 -0.0810736054385703
-0.418856564602165 0.330567086848324 0.167107264733828 -0.056137997023822
-0.46417836307334 0.101711158964481 0.0936982695634067 0.0368368319292089
-0.51764578125315 -0.162887146214209 -0.00799779397863095 0.0749827356620959
-0.289157083946691 -0.605687181339052 -0.0904060770680412 -0.0959607515311138
0.194571683906329 -0.694295054606614 0.0463656712678015 -0.217866814309137
0.594436785549199 -0.34046721364525 0.35263059847262 -0.198487077543054
0.770894444855652 0.0136572247122568 0.503689689998468 -0.0173699071832442
0.886590368222883 -0.0949011664832642 -0.172907345427601 -0.224233538473345
0.655431973443294 -0.46904414702946 -0.22778164243448 -0.0721006709278877
0.20481499735791 -0.771854664139725 -0.14291982150234 0.163140257633853
-0.314221082402466 -0.635383993801536 -0.0367765257461845 0.16133928252997
-0.570960871244506 -0.178527381844499 0.0825008235994663 0.122736266227913
-0.476155862578647 0.11233957921174 0.0503768384684975 0.0539012078725031
-0.453219300630863 0.269521830205236 0.0429010777365674 0.0640307140073076
-0.414451579176932 0.344933727340437 0.0185641549689325 0.0608602223881051
-0.453518792663671 0.318710256099577 0.0146697256690304 0.0614350890055599
-0.48705765866162 0.0774724121971451 -0.0666546499927801 0.0928345790902107
-0.527459627818798 -0.185975204223637 -0.138043121240751 0.0624303369165688
-0.285946887248808 -0.636120104577626 -0.165558010966266 -0.119176081807376
0.203802318263551 -0.733252412309902 0.00340913646221037 -0.208916222542383
0.630208600310164 -0.371325796789209 0.232054365643738 -0.139930141105967
0.843661332192918 -0.0011993661538151 0.257240621260347 -0.0361989146506093
0.841607611795446 -0.145649898309107 -0.437571989353862 -0.20772951163178
0.594874071203979 -0.487167670927617 -0.380155043551332 0.0271771566045235
0.16396374687275 -0.731271958960663 -0.154691245299322 0.188548759132431
-0.304662021391545 -0.580023250038466 -0.0712077214592442 0.118891817441417
-0.526739632847525 -0.16948113742052 -0.0356017849633412 0.0760830429685197
-0.44261186977368 0.0844755735132609 -0.119876792742337 0.0733211942316884
-0.428508802249564 0.216658511663194 -0.123756466470589 0.16374279899396
-0.391475312043916 0.286399026896836 -0.120853191704578 0.192874785441097
-0.419679329571398 0.254094821223227 -0.139363947703119 0.168271157254451
-0.431790371597858 0.0323497466693191 -0.21564615241159 0.130542621786266
-0.437482189473982 -0.188386008764909 -0.247092606231153 0.0310315303857472
-0.210999753041959 -0.55389329825559 -0.20788236786175 -0.136335074594758
0.199338149658643 -0.624385410280699 -0.0214844543920955 -0.180809001033182
0.560377795198319 -0.311828237891659 0.105862554149987 -0.0625934865106605
0.775598862126165 -0.00661452021900737 -0.00170841053366214 -0.0383289452142112
0.663310626318971 -0.172421374568388 -0.660597104057665 -0.169639714925431
0.430650253738732 -0.415354922196753 -0.498192645672473 0.123214310562381
0.100162536845104 -0.550731511618438 -0.154229027206945 0.1923723399547
-0.2272453796635 -0.415203663423438 -0.0977098250165511 0.066916567958274
-0.380335470154799 -0.131365513916614 -0.144449029701726 0.0218551438106564
-0.332559179620404 0.0401473011914748 -0.269401151181668 0.0829027349861476
-0.33521250619042 0.129279541903095 -0.272464181881605 0.239378424628656
-0.305155714403909 0.183927289580694 -0.243553627189434 0.295240613035417
-0.321764287188724 0.149773695813609 -0.272426970543637 0.245505329167055
-0.311366508034641 -0.0191892771868019 -0.32920314634154 0.139085485582927
-0.278796158447503 -0.165860748297398 -0.31180905824426 -0.0164932161777831
-0.0937323025125871 -0.385320076698483 -0.2071091300467 -0.149128420741928
0.169148982419911 -0.409421564507504 -0.0220162774991841 -0.14368332961581
0.400644254586341 -0.197239134153976 -0.00316070858362353 0.0114395430033093
0.58640188204924 -0.00977098593787052 -0.228168620485231 -0.0284160463065094
0.378280777029979 -0.166849754491547 -0.803078794612318 -0.119584120516109
0.200672396221837 -0.274715865977939 -0.564746201930077 0.196790215289894
0.022050227180564 -0.281468299772409 -0.142702167675832 0.183539606238784
-0.11321842833283 -0.184642504860806 -0.101568022520702 0.023191554508169
-0.171100626668653 -0.0724381236225427 -0.215150563047529 -0.0303310008211704
-0.166729245813601 -0.0114760549740191 -0.368575989619541 0.0779382504076973
-0.185687412846099 0.0199460194269805 -0.37915475194561 0.27610789763529
-0.173006777515896 0.0537123996677725 -0.331147468174076 0.352403843353663
-0.179424732825409 0.0268771310475724 -0.362559088991503 0.282358828990038
-0.154657247994646 -0.062238515121807 -0.390244129664115 0.121304566175845
-0.0981534169617543 -0.116978071972344 -0.327446457622933 -0.0719785279717349
0.0136330645732683 -0.178339616251806 -0.170526399682452 -0.153434142263097
0.107415408527467 -0.163256386071374 -0.00776155933208779 -0.107233907283368
0.191978126704037 -0.0752844867329285 -0.0806039148953466 0.0671577189417032
0.317428102367286 -0.0166240764405115 -0.390373568420545 -0.00963263988973293
0.021991407466573 0.095432181679783 0.52863592477549 -0.0930830148565716
0.0663887824075475 -0.00244073599793698 0.192085966229448 -0.179204798906277
0.00312427710359243 -0.072382280509428 -0.0338777577665413 0.0606725909743334
-0.0784041660548925 -0.0521071067112468 0.097257976980237 0.18330359112248
-0.0788931545310832 0.0503709432742892 0.309189636193748 0.13929119839472
-0.0136170201687159 0.0903647155698619 0.433042908496513 -0.0535080685587431
0.0148106188608254 0.0968515695291635 0.413812102970674 -0.27045516619242
0.02073916002349 0.0778998927320345 0.349628605278427 -0.361597655240282
0.0157093927358834 0.0795272543099761 0.390066072000764 -0.293307644140248
-0.0129174115811041 0.0632958830028023 0.378756632777029 -0.125467334244771
-0.0513540747582551 0.0193531387849445 0.254309173883426 0.0342933454851972
-0.0332753611717776 -0.0439000167998257 0.115032237652954 -0.0202060912224537
0.0358303204427679 -0.0113598550648948 0.13315673233355 -0.146052707607928
0.00472649957574683 0.0480714825315079 0.447411672035888 -0.180310202106854
-0.0579581328720381 0.0651318574735186 0.7914062099915 0.110570173271558
0.331224020710322 0.0650149056613482 0.458378620193327 -0.134637282382072
0.28405608341417 -0.120327878863436 0.149285166701114 -0.197163246683945
0.0996861877622434 -0.291615565510482 -0.065745623385754 0.0657308759429743
-0.137575593801982 -0.2562334413859 0.0569753402380561 0.190364332635496
-0.246265478468089 -0.0293749848164206 0.2887467360368 0.165790126565208
-0.176540328001023 0.1124382844725 0.405996170347885 -0.0240242613809538
-0.153070921281543 0.187876299742435 0.397397928032134 -0.22201590086216
-0.136857797710548 0.207272542796322 0.329380540937524 -0.311291530672254
-0.160956050776316 0.20269357338004 0.367989004441529 -0.251961802215381
-0.201568591226323 0.0933703995957209 0.334103034710857 -0.08384052112491
-0.248935741007461 -0.0472461223615631 0.205739092741941 0.0584117143128113
-0.142463920279294 -0.273846160958638 0.0611659221265165 -0.038695157504832
0.103852355824542 -0.286932274189046 0.117690737372634 -0.176761034333732
0.246893057474526 -0.101387604823779 0.465624540913005 -0.214977774474694
0.277510056162203 0.0475809510602116 0.793001713558434 0.0583019080674224
0.600120333742877 0.0209151564306775 0.305407334015377 -0.180163974556281
0.472970444136855 -0.244733908956871 0.0609483106872143 -0.19012997304417
0.173084641804063 -0.497500496419941 -0.0941976995177301 0.0869127210832238
-0.200617060956502 -0.439659732188262 0.0236512129907341 0.191285879287391
-0.396693032224802 -0.100654882271746 0.249832678756824 0.169738686638931
-0.31976224750529 0.124694993668483 0.329774529816074 0.00210174286001207
-0.298186725469836 0.253224414238568 0.321422601925128 -0.144044802634859
-0.273477253405212 0.305382203957426 0.258883359963553 -0.214253007959792
-0.310427155091929 0.293998950971052 0.287491206673687 -0.170284932973341
-0.359617802870175 0.109576681583256 0.234035564792964 -0.0287515433668081
-0.414162278126697 -0.107175128789955 0.114763054927281 0.0710671647641355
-0.237263215110766 -0.470802632910155 -0.0107482392034738 -0.0655243958841383
0.155096606952111 -0.529884334511057 0.0876604615594364 -0.20432464638331
0.453448249738753 -0.241484508896093 0.433003665217632 -0.224877339040006
0.569869859992314 0.0249762486006211 0.692485726313111 0.0121791576033121
0.793696518527627 -0.0416674812336547 0.0864768625418475 -0.212776273188592
0.602838326660992 -0.376900084793263 -0.0700944020998209 -0.147357273366337
0.202197599347231 -0.671486000654027 -0.118158170081351 0.123326560202151
-0.274527290192131 -0.574977193664502 -0.00410556083341382 0.183148403696274
-0.516037292024194 -0.148663453521976 0.184380664615455 0.151373871674081
-0.427060894813472 0.128468330242197 0.208907659351118 0.026679981899973
-0.403297957626032 0.283927035556809 0.197908584999161 -0.0461933017646445
-0.366240142930322 0.357569315987101 0.15035279085138 -0.0845009082221037
-0.407867820447055 0.339408059298926 0.162658146552858 -0.0608382179211939
-0.461320812224482 0.108035292455693 0.0932517897978304 0.0334437868317552
-0.516715802170701 -0.151710155527385 -0.00582323197092702 0.0728448092769758
-0.301598905584439 -0.601629132689718 -0.0933926452229697 -0.0909006157056225
0.181183454440102 -0.696220153619628 0.044291451907407 -0.216951133687189
0.589456672054252 -0.3452972721486 0.34748349825424 -0.203324351114553
0.771677378477808 -0.000656527899800009 0.501408425973492 -0.0248347568206467
0.879617880384101 -0.107916509820516 -0.174302467262929 -0.221098341823345
0.646314909041044 -0.474304522302782 -0.225134727359732 -0.0671706473214648
0.18880344618272 -0.768616913681728 -0.137537372570816 0.164583117573223
-0.323601756242039 -0.63096238558282 -0.0362719808114014 0.159938987169374
-0.569646021752883 -0.167455440132789 0.0857430639154966 0.117204512948494
-0.472628867084803 0.120321058762396 0.0515389751258195 0.0525417907493361
-0.449000757520462 0.277067329904547 0.0436115004124085 0.0617592155597927
-0.404985812289488 0.354883481597384 0.0190269957637823 0.0587052748392445
-0.44386283329281 0.327698439756029 0.0141862525003445 0.0593877027990348
-0.485019073408054 0.082785018664728 -0.0655156056175759 0.0931419557937822
-0.526810741041967 -0.175892650081783 -0.135913469169984 0.062932945614276
-0.299363068724579 -0.630498979213385 -0.167589407554308 -0.112258688046434
0.188880537017167 -0.73311016161487 0.00179512435889278 -0.208160408227364
0.624342172749482 -0.375917241318088 0.22928567651656 -0.145972721636213
0.841741734963632 -0.0155533931940912 0.253851287991726 -0.0392253085462024
0.83504435194415 -0.157622239797502 -0.436923051450456 -0.202079065997734
0.587901650884445 -0.4894603320178 -0.37489430702071 0.0331770324716664
0.149270896392179 -0.730373661106512 -0.148947752929268 0.190340084893067
-0.313575760950071 -0.575760729232218 -0.0715218108568618 0.118861187895992
-0.52635260998145 -0.15798156949093 -0.0327434317389417 0.0720379994364725
-0.44092515548498 0.0921170518914782 -0.118668925490129 0.0753630101538862
-0.425472330313914 0.22499852923474 -0.11943962501741 0.163994254193425
-0.382340222673974 0.296867110640469 -0.115080724785472 0.193201636800928
-0.411476417482146 0.262163924220449 -0.135791910271471 0.169512575878289
-0.432125789830048 0.0374369780768229 -0.213534488409009 0.134429351062673
-0.437801865227813 -0.180768739561747 -0.245618250038845 0.0346717722536681
-0.221354100538506 -0.550493231084055 -0.209730369118745 -0.130363946458894
0.187990350344534 -0.624731564461535 -0.0233307149551802 -0.181388678845742
0.554002170610241 -0.316871288862817 0.103905355229711 -0.0689207153778113
0.774610890981591 -0.0200506399922526 -0.00480624848479386 -0.0379073247164585
0.656907524744891 -0.182421732819061 -0.659579094439464 -0.162120248844721
0.426683903850289 -0.418846495669869 -0.491510696870528 0.129014715561304
0.0899276955370538 -0.549551335488079 -0.149458717335447 0.194251903248482
-0.234731735154574 -0.413493011802687 -0.0991003918257901 0.0684271966356712
-0.379961591598774 -0.122804252911329 -0.143982444870387 0.0215201947756415
-0.331955883851295 0.0469209271136695 -0.268052393466309 0.0882297158275132
-0.333521886816454 0.136713477770861 -0.265132483930157 0.242557880800434
-0.300087877614638 0.192502341771112 -0.233842238234986 0.297630304507727
-0.31734474362754 0.156737379874626 -0.264616948457371 0.250251235906043
-0.31317704300416 -0.0151038498738185 -0.325246675471163 0.14710913309247
-0.279182129744784 -0.160497756262165 -0.311595352711198 -0.0112045661355044
-0.102201698874931 -0.385176385904865 -0.20785274939619 -0.143574267696617
0.160977728250136 -0.411398208442599 -0.024105929271767 -0.14507849924729
0.396241812715811 -0.20058927188496 -0.00313950621053472 0.00623705188498507
0.586449488814866 -0.0198762719236553 -0.230938360517308 -0.0255282099486549
0.374999403729773 -0.172080493136286 -0.799040801031 -0.112503776901373
0.198189040197907 -0.274668172957393 -0.556784239148832 0.201656294460213
0.0177994109468549 -0.281290531761894 -0.138675380983619 0.184751925553103
-0.116342976023034 -0.184160802793749 -0.102195501428166 0.0252988521090104
-0.171717715006799 -0.0674686443682586 -0.215632013073258 -0.0277572911533146
-0.167006691135523 -0.00693810619909029 -0.367415240226771 0.0856718787482204
-0.187097417413277 0.025449229588762 -0.369680452613601 0.283238084887387
-0.172157908238824 0.0591152558358638 -0.317959230337562 0.356822480098581
-0.179246561465992 0.0301144549061269 -0.352389532203405 0.289206623097273
-0.157226561523937 -0.059084369664108 -0.385166567359571 0.130468350222068
-0.0997007829766764 -0.115368286352816 -0.328159724351291 -0.0643526089799115
0.00866813042286885 -0.179847276604575 -0.171447834021284 -0.149034515682792
0.10330316371799 -0.164378693268332 -0.00943122146797646 -0.109763923938115
0.1905055206948 -0.0770253641142914 -0.0797988575657989 0.0635525018116419
0.318269678308732 -0.0224926614293459 -0.392930040322952 -0.0049455156171915
0.0234825221956224 0.0963094265559181 0.537165391067211 -0.0990450342235284
0.0663201134464129 -0.00366179799669827 0.191414659190106 -0.181484968142115
0.00332658771880492 -0.0735760876169997 -0.0335171315613922 0.063147599064909
-0.0799039404811223 -0.0517703481087588 0.103193245195298 0.182586193075406
-0.0787678907200745 0.0508766479446883 0.317188492646359 0.133647785620265
-0.0113373369126351 0.089284401007116 0.439619289539694 -0.0646162763397024
0.0174007072834552 0.0968451400113901 0.412033904836049 -0.281275082872369
0.0231531804835938 0.0782605005627111 0.34256330345934 -0.371967951710625
0.0189586366151638 0.0798752648805392 0.386556744768534 -0.308189913415386
-0.0109017681537304 0.0629627714277925 0.381146064389902 -0.136439288379367
-0.050499747036878 0.0209102964224361 0.259613611351983 0.0293738322704152
-0.0346309964248621 -0.0416727468715607 0.115190180996216 -0.021493484587488
0.0348028349554206 -0.0117838640197201 0.132842114654468 -0.146845678544463
0.00440185432450002 0.0488132924605242 0.451605733215877 -0.186663975781354
-0.0599770571346046 0.0661961282072521 0.807242232353628 0.101984530557437
0.336331764795286 0.0603006917986053 0.463436605282178 -0.140575683021271
0.285591843819729 -0.126218336328905 0.147938895601226 -0.199235572146368
0.0958582673437626 -0.296515850273571 -0.0648213136391516 0.0688401646989756
-0.14342946115643 -0.25819278789267 0.0605154330450063 0.190114607329449
-0.249010593982263 -0.0261433317347565 0.297715111424848 0.160071662111948
-0.176966512727825 0.114865186284642 0.412368749722217 -0.0343798696183779
-0.152198620608261 0.192911021701382 0.395454920151325 -0.232510317010654
-0.133188307258763 0.2142545880655 0.323464051640576 -0.321514596873631
-0.156117880880427 0.209553502788874 0.363930636028927 -0.266235285367362
-0.202560259537812 0.0972710906746592 0.336414184811417 -0.09462410723929
-0.252300625262639 -0.0431750927744842 0.210728538484399 0.0544016290096745
-0.149723957151179 -0.274900235829232 0.0603755522091263 -0.03833071263414
0.0982420518279003 -0.293122640935304 0.117840568050505 -0.177503970790145
0.248020687866771 -0.106966631225482 0.468596120183037 -0.221489588358098
0.28139235942216 0.0419693602713736 0.805542980937094 0.0490752785173971
0.607854324481203 0.0108496022956609 0.308259159152671 -0.184690403802855
0.474319192804434 -0.254496737278672 0.0598318551451435 -0.190759504804635
0.16614011680129 -0.503759192571483 -0.0923807942557044 0.0893990933224224
-0.210289866554058 -0.443649174091204 0.0258675217052614 0.191573131475776
-0.402958219586704 -0.0946755740711311 0.257953136973478 0.163487130161979
-0.323148601789689 0.13039006669528 0.334875807458707 -0.00601318953431529
-0.299283520930079 0.262764946166254 0.320519305263083 -0.152942342684949
-0.2689993818637 0.317307963629551 0.254574561916537 -0.222010972102484
-0.305940189035996 0.305583508466583 0.283703355504795 -0.180979964465837
-0.364085439585287 0.116374671912273 0.235545987221657 -0.0357535002148129
-0.419982852630182 -0.100947478720274 0.117838903989516 0.0681681936570139
-0.250869425778457 -0.475919351503802 -0.0134252648743453 -0.0637093905201065
0.146194534760809 -0.542318908438832 0.0879142138877665 -0.205677999099931
0.458030359793386 -0.253561631623254 0.434139520066573 -0.23219505888169
0.578790774505176 0.0143175513312246 0.703052459843044 0.00388916074151498
0.801973250510398 -0.0568896752099946 0.084809823431988 -0.214755676477487
0.605488365509318 -0.389271195126293 -0.0714336127962687 -0.146030475367224
0.191003991555871 -0.681270687663885 -0.115137214290794 0.126776855042439
-0.288909648907086 -0.580786809282534 -0.00304034916031208 0.184892511238506
-0.524381917176247 -0.140723633307065 0.191407206686764 0.146512398779926
-0.431382195162345 0.136583205772308 0.21259201825541 0.0215759869480342
-0.405305400525152 0.297661792052461 0.19821760644902 -0.052205819534335
-0.361482896984268 0.373329822077048 0.147805260966024 -0.0890312124810402
-0.404443559988409 0.354215106178379 0.160679167519001 -0.0671999474190119
-0.468912110081933 0.115299220967053 0.0936144721505506 0.0310518246814081
-0.524636412663161 -0.144900219090545 -0.00475308799339083 0.0717129027707631
-0.317078294050202 -0.607002998340553 -0.0967412213648108 -0.0888747931001602
0.171314475168257 -0.709713758231068 0.0435237084992768 -0.219633315106905
0.595186759096851 -0.360693293543767 0.348356061347644 -0.211476143547334
0.783325048405611 -0.0141604989731101 0.507660807543688 -0.0306946386116202
0.887840122904173 -0.124041423100747 -0.180203859808763 -0.221124406986093
0.651944575619853 -0.486553564361901 -0.22705596034034 -0.0645314836945258
0.175338052292023 -0.779444406069488 -0.133764815116515 0.168176627821311
-0.340353467544898 -0.635689112374287 -0.0362736751551299 0.162093423214395
-0.581625432196698 -0.158220383632897 0.0912627415151498 0.113903792324841
-0.476985309578344 0.130083024972746 0.052449265889095 0.0508285705782775
-0.451788389959309 0.290561285807006 0.0445812153122913 0.0605375817666658
-0.401308361375673 0.371613783279149 0.0197626732356319 0.0580294852580556
-0.440232648882513 0.341899865513611 0.0139165176090926 0.0583479397965408
-0.494036056063008 0.0914473780340675 -0.0651605678930734 0.0953684609026225
-0.535896683857709 -0.17003629163549 -0.136957790528055 0.0650194346396814
-0.316958975825555 -0.636340553636925 -0.171904870964876 -0.109371152885815
0.178551126241334 -0.747888018593932 2.83631793706716E-05 -0.211203663432984
0.629667712691707 -0.390232020341062 0.228508217337564 -0.154272056262607
0.855653773183277 -0.0322164778388355 0.254854032434678 -0.0433016524979318
0.842602201768529 -0.17393640367208 -0.447217585387348 -0.199655072655435
0.591461379307006 -0.505373008048946 -0.377865691573483 0.0383184009075078
0.13744588971402 -0.740679606166986 -0.14555319598707 0.194344272545842
-0.327670102451739 -0.581139077168491 -0.0738361602246626 0.121808823459565
-0.53590528045019 -0.148266024014632 -0.0312447518537043 0.0706970719090921
-0.446838717133978 0.101489638229212 -0.12006500110595 0.0794207972000063
-0.429831544904249 0.238286069989727 -0.117379224140349 0.168103867171685
-0.380870425024818 0.312437541421319 -0.112170223895076 0.196159121179564
-0.409905621292895 0.276629525758552 -0.133385494767772 0.17363689327103
-0.440427667218512 0.0443118907881125 -0.213796162856647 0.141365830582185
-0.445994023232629 -0.176291101099002 -0.249666702485103 0.0392227007634521
-0.236236720472747 -0.556735016107261 -0.214635303296653 -0.1265673599712
0.177756596256821 -0.638322565956975 -0.0258996819395533 -0.184842400490684
0.559215344398752 -0.328541595389835 0.102963289271977 -0.0745315860671805
0.787092219656678 -0.0342393100643608 -0.00785731927053336 -0.0388023513458551
0.662155724892693 -0.19485468263582 -0.672164274062563 -0.157462695062388
0.428780025925184 -0.428275167020728 -0.494077076709015 0.136616391967168
0.081457119697484 -0.559116036957227 -0.146568109783195 0.198505366907473
-0.24535515589184 -0.418772380596982 -0.101765113222539 0.0719628608962674
-0.387504802682471 -0.115176886168305 -0.144930128845631 0.0224765004164606
-0.337193699267001 0.0551437640645686 -0.271983822304016 0.0956903385958766
-0.338487612764741 0.147521936392167 -0.261895093808278 0.250115918084845
-0.300317475556373 0.204206782895022 -0.227680444568202 0.303880420008031
-0.31846868821016 0.166602997507156 -0.261260664499851 0.259530658283379
-0.319983119731256 -0.0100701878776029 -0.325750500340114 0.15652402428033
-0.286288636998062 -0.158237175139928 -0.31640801431186 -0.00474911708820911
-0.112145965353798 -0.390189262471194 -0.212472626947184 -0.140745639952729
0.154314259062613 -0.420131393335651 -0.0272248280322841 -0.149385696622085
0.401002242193038 -0.208782156107264 -0.0045757627735607 0.00263256835818528
0.596564437346976 -0.0316450481125614 -0.237322826851036 -0.0229870656032555
0.377997685494526 -0.18053125157871 -0.81429413984832 -0.106858354746987
0.200400837904606 -0.280167093763896 -0.560906644270042 0.209464650047769
0.0130557854126384 -0.284923824404395 -0.136255522248404 0.189339674579823
-0.121603093053637 -0.187095979134951 -0.105356843656227 0.0288443160074525
-0.175757462338567 -0.0635843587723364 -0.220499846467122 -0.0253924666162231
-0.170379141821519 -0.00262168151800064 -0.37406943241354 0.0951589191745281
-0.190538012326535 0.0314962368221422 -0.366368577202653 0.293994020580511
-0.173901492249493 0.0651306684137582 -0.310541096468478 0.366658792542184
-0.181681632781399 0.0353942813898167 -0.348426676253206 0.302054943389108
-0.162931634237216 -0.0568153988209666 -0.387385171292164 0.141667573552767
-0.10369692683119 -0.115321992852731 -0.334462394461064 -0.0574009722717421
0.00431082047049897 -0.184034215386293 -0.174769079384223 -0.147932170597664
0.100282832217548 -0.168808028052398 -0.0123845817737029 -0.114301774171355
0.193189110094052 -0.0807774523104007 -0.0805021107610863 0.0616886712429081
0.324350312161364 -0.0297456485968307 -0.402100774380807 0.00166514194679496
0.0276290208041908 0.0970860032005368 0.54645936200578 -0.117013718244596
0.0666299526982399 -0.0065339447426475 0.188308546723568 -0.188253533157171
0.00191405750025985 -0.0758511307924092 -0.0319795202670044 0.0668870856303592
-0.0834355364703637 -0.0504869771063589 0.111876165394206 0.180166042041205
-0.0781436967392125 0.0533931859645586 0.329554009634362 0.122379104003618
-0.00847954703668 0.0890793938514683 0.447459182367437 -0.0852098489699211
0.0220719174946157 0.0976144577886086 0.407470911619105 -0.303413650544194
0.027331990145393 0.078527397637476 0.330783145489269 -0.390116305215706
0.0241283384016806 0.0798847957030649 0.378230463520287 -0.332006265062756
-0.00746366832137312 0.0643285538121666 0.382329227405863 -0.157096087671285
-0.0500385317387806 0.0236184808525968 0.267447704718619 0.0195326366239295
-0.0360502230166169 -0.0391881160468212 0.115695035972552 -0.0249548284791975
0.0342968693235116 -0.0130599158826329 0.131826065908511 -0.150980395873962
0.00390750126599907 0.050265078098137 0.454930571267121 -0.202607717138314
-0.0614569811209582 0.0693581852497286 0.829738207242343 0.0788316972272466
0.34357594251085 0.0490960171706091 0.471056226865108 -0.155688890370096
0.285675625658029 -0.13832158807498 0.145102763010341 -0.204903279434099
0.0873550246579613 -0.30415418595795 -0.0625095540332226 0.0724775019113262
-0.155568748737024 -0.259513116367988 0.0680375659783497 0.189383304872614
-0.254846930869011 -0.0185362313010277 0.3109062525254 0.149412273635629
-0.176556793564166 0.121033969408052 0.421112368230428 -0.053328679324339
-0.147990490586636 0.202505338949133 0.391557699457617 -0.253700704014075
-0.125882311448552 0.224919561149637 0.313865743671319 -0.338861660346682
-0.148859244757472 0.219680831608208 0.357021928872939 -0.28803951941629
-0.203870690813583 0.105801724071489 0.338242380309535 -0.111828037362905
-0.257741954740395 -0.0346262010929419 0.217602377964098 0.0465774495188891
-0.163295857811418 -0.274878497587558 0.0595715355932484 -0.0396712059511386
0.0895691954100458 -0.303257509731537 0.116556517833119 -0.182911267685329
0.249066284113494 -0.117426635848657 0.473596542151444 -0.23805587161023
0.287399731459 0.0313390132882894 0.826338735168934 0.0249995403095178
0.618611305317268 -0.0126647138096615 0.309419129502879 -0.195531865794747
0.476784977341117 -0.277833308987771 0.0549644425793399 -0.194046351560447
0.151530983076196 -0.517734613967586 -0.0884899163390461 0.0929194162089267
-0.230556638439952 -0.446592444201077 0.0312416856122286 0.192627261317068
-0.413087275949672 -0.0831541746005136 0.270755733203247 0.153918466707922
-0.325687750227146 0.143367851841877 0.343456049662119 -0.0210700028903386
-0.297146252223496 0.280230957708481 0.319083986438709 -0.168865629129905
-0.260282934961265 0.336612812467497 0.247724281483974 -0.234471103291107
-0.297833202181313 0.324151342161611 0.278233075885437 -0.198642059004478
-0.369973909390962 0.130451770079709 0.23681059578284 -0.0479353684895265
-0.431717771400363 -0.0887550307093005 0.123572665227543 0.0644239757938499
-0.27411841869164 -0.47691532649714 -0.0160373149869612 -0.063588203962947
0.128089013706445 -0.559802381349316 0.0840820412693709 -0.211746162540873
0.460268856712182 -0.273926572586307 0.436767997461085 -0.251285039214051
0.591937388457804 -0.00836571305128459 0.717945872571959 -0.0194661378851513
0.813951551561848 -0.0853033230209192 0.0795676099853956 -0.219649044399986
0.6078038974585 -0.416594481838024 -0.0763338292138152 -0.14553819998677
0.171359372512658 -0.700627002494869 -0.111173349397845 0.132319733443654
-0.316174565258999 -0.585225554858093 0.000227411545579073 0.188107648724002
-0.53879256623273 -0.12435939865266 0.20207994993873 0.138256156844866
-0.435939388738175 0.154869194193197 0.21785938671388 0.0130622854012479
-0.405107216850662 0.3203504934582 0.199113544614664 -0.0615416576062091
-0.352920370841544 0.397775526197789 0.144412944780025 -0.0965794744106239
-0.396894161443106 0.377869417515285 0.158129756203778 -0.0771799133254963
-0.478229068525976 0.13373006871458 0.0953062687897789 0.0271483228306436
-0.541636510292174 -0.129798753299724 -0.00199383813968335 0.0731098357914185
-0.348970627703289 -0.609853811451215 -0.10208650241314 -0.0856915599459018
0.146663493363755 -0.732279308663769 0.0390364184769506 -0.225647510262598
0.596834343720196 -0.387702360250741 0.348702253968056 -0.22852149537411
0.799964326267526 -0.0450379062593581 0.51596116069235 -0.0480263437014858
0.901065776629905 -0.159648943679999 -0.191957367140057 -0.218795404325899
0.650733564211506 -0.51867647057231 -0.23250174513962 -0.0568754131139699
0.152001165032217 -0.799029871890915 -0.128124264440414 0.175070345375445
-0.369140658585469 -0.64080408037254 -0.0351910318267217 0.167010097292738
-0.596981499721111 -0.13741568172887 0.0981250363924559 0.108543080721548
-0.483843186884726 0.148955452992345 0.0546042690172178 0.0499845066183843
-0.453275093714101 0.316799383872705 0.0472102337452614 0.0586528301227524
-0.392765719332421 0.398148048025456 0.0203072515380596 0.0571217628061794
-0.434735811312206 0.368013616731884 0.0145427439140057 0.0570381583157323
-0.504829877229576 0.109625387840357 -0.0648181304892909 0.100047444468416
-0.552152034578184 -0.155924371816312 -0.137902514371998 0.0703960354617606
-0.348306061003584 -0.64136197664393 -0.178957364098393 -0.104340499174907
0.152586299211903 -0.772381408425219 -0.00593134940855073 -0.216394305289492
0.631216505238444 -0.419607028562686 0.226877734569814 -0.166364619693099
0.873438366711571 -0.0647354385187662 0.257863564784221 -0.0524085810246392
0.854153052121595 -0.208398374362159 -0.464396115720895 -0.189225355425755
0.591049300117786 -0.535817324467499 -0.383390498897486 0.0516399650349186
0.115501164389336 -0.760064001883566 -0.139164956698233 0.201846006175295
-0.356509779098846 -0.587220817715571 -0.0744532624303306 0.128469172923065
-0.551798645017715 -0.131133683890773 -0.0293676330574199 0.0703670639896757
-0.454425300771631 0.119864199865011 -0.121724790348167 0.0861759589683489
-0.432344131759606 0.262581294116197 -0.11327189649949 0.173991746228523
-0.375688597925709 0.338238602945956 -0.106766869786293 0.202390007345191
-0.405933793567425 0.299813659571118 -0.130585666472572 0.181131017218448
-0.451629659812183 0.0612785393198497 -0.213926106391479 0.15338334609386
-0.460319043984179 -0.164739815979749 -0.253505351829778 0.0490339421431115
-0.264679575422401 -0.562674571043074 -0.223154483568523 -0.120982846714444
0.154678622814728 -0.660255742032755 -0.0325266764226923 -0.189889331420813
0.562730581764033 -0.353828568600069 0.100429962383076 -0.0829655020508593
0.805945941963721 -0.0666002009732113 -0.0122060267017162 -0.0400555976314162
0.669489951348162 -0.22382455032944 -0.69236289386115 -0.140805035443903
0.426428633220536 -0.45238411414461 -0.499437264456602 0.154345173864455
0.0642040063434069 -0.573186196231 -0.141350241334371 0.206800457174685
-0.265532582537769 -0.421526466505352 -0.103478077227477 0.0789654237692982
-0.39938961132071 -0.101964599617755 -0.147653205025636 0.0261837028083224
-0.343648584812475 0.0698470102952271 -0.276819973225754 0.109971756456839
-0.342326844354805 0.166372898458364 -0.256622694873844 0.26423135959312
-0.298347051267186 0.224149597072673 -0.219530820636391 0.316565015961142
-0.318042664750069 0.183830681514635 -0.255038359448948 0.275165539853324
-0.330757513476232 0.00116542136753844 -0.327078342554073 0.173461964003048
-0.296272496552624 -0.152033130256511 -0.323287013850352 0.00656786698510275
-0.131454310469806 -0.397274434976484 -0.22091961694067 -0.135455001430234
0.139912693163992 -0.435710327426132 -0.0333686142938539 -0.1539381777681
0.403841845660146 -0.22685040981266 -0.00604820653830328 -0.00092926036021794
0.609984371206618 -0.0561529147105332 -0.245887117361699 -0.0150404459457563
0.379567345441475 -0.196747360251199 -0.834913524787099 -0.0844975859395981
0.198389329279264 -0.292085163494324 -0.56561227344719 0.229660717652815
0.00387325502761843 -0.292522871137641 -0.132094314286688 0.197704481965845
-0.130939783984381 -0.18903925776758 -0.107272101757657 0.0355981144600473
-0.181346151562097 -0.056807337581856 -0.227324967333936 -0.0188539061062667
-0.175301456556723 0.00521951641973945 -0.380767821693087 0.114291571286153
-0.195842103543872 0.0416563438058542 -0.360696410877812 0.314196661394749
-0.175491552053569 0.0753131426363599 -0.299594997766554 0.383556956646423
-0.185179871886645 0.0451096120389938 -0.340833180958976 0.322435216517828
-0.170901691359286 -0.0519473126714499 -0.388745799719924 0.162068598353387
-0.110146008722015 -0.114266886369788 -0.343565294128595 -0.0449095477960928
-0.00486923673575369 -0.189861980081129 -0.183485746521377 -0.144609478307264
0.0948249849138097 -0.176852155974891 -0.0183588094940938 -0.118807751392209
0.195712147471029 -0.0886601374908939 -0.0814284163141556 0.0626605289557838
0.331660632931564 -0.043352501393884 -0.412951209195274 0.0156813031840448
0.033194441019741 0.0958232792009685 0.54835599801525 -0.145778380088471
0.0653187091637411 -0.0106157137880368 0.181913988874941 -0.196372240232835
-0.00250446013572855 -0.0768188061082131 -0.0280117227064658 0.0699812609797165
-0.0868522997793674 -0.0466731230496216 0.122004929496402 0.173603802706859
-0.0767225934931186 0.0571275499800267 0.340153093675502 0.102989284711641
-0.00414176234816611 0.0871474389117726 0.448714921199973 -0.115288481668089
0.0274753133723108 0.096525940327948 0.393694685945606 -0.329225627338897
0.0325232069241181 0.0768353998936112 0.309594227710357 -0.40927066547174
0.030341103311086 0.0773973659691439 0.359222296515081 -0.357973741222102
-0.00245569786593677 0.0645438489690329 0.376080084068849 -0.183058827048582
-0.0482588108982489 0.0264326511169541 0.272734901739346 0.00428451607801831
-0.0383329966894176 -0.0355771002637082 0.11490169095132 -0.0302002542598854
0.0332072500712378 -0.0139965659870028 0.127352789959852 -0.156145203339703
0.00406756061322149 0.0521844149421791 0.452069596957459 -0.225327339419834
-0.0605330025194058 0.0733960891019845 0.842345980616874 0.038971052960651
0.348005920938768 0.0304952705025563 0.469776246282799 -0.179703526980222
0.280016617115603 -0.154268907595497 0.137243729029705 -0.211258430381923
0.0716542393733419 -0.310421897417561 -0.057818107472303 0.0760033294987771
-0.170649612243048 -0.254607610983661 0.0769286061816384 0.185724051444458
-0.25736566176757 -0.00542563096827077 0.32285080376917 0.129321928092331
-0.172555821625379 0.129065908937621 0.423325704930963 -0.079506402498504
-0.139175907167337 0.213521903531105 0.380458681829679 -0.277817087674532
-0.112966599307097 0.234552222105108 0.293630199448044 -0.35623877903172
-0.136252102944407 0.229081880042672 0.339177594806054 -0.313168727588574
-0.200821124097385 0.117639418592267 0.333589409840342 -0.132870734180457
-0.262025852103792 -0.0217244218760707 0.223569500608762 0.0343941261578849
-0.180359599455535 -0.26863815877063 0.0575664788790875 -0.0429088600912199
0.0728993485620877 -0.311137915832112 0.11143256796282 -0.188540632227762
0.244737629698229 -0.130588985601544 0.465786895344303 -0.261863021023338
0.290827900186315 0.0160157305367248 0.836250121114523 -0.0172186296645046
0.62233035014092 -0.0460257895674708 0.303499176689449 -0.210445318771826
0.465934466588889 -0.303231140897133 0.0480405290821398 -0.19660976584927
0.124634062564557 -0.528214130992847 -0.0828577019130305 0.0977541938194262
-0.25620365083917 -0.440719286544709 0.039103286600971 0.191975553827082
-0.420736354381387 -0.0613493194405532 0.2826316396726 0.135864662552304
-0.322510692021087 0.159395470405503 0.345592220660866 -0.0413109392410429
-0.285992466076113 0.302330590014276 0.311414902145471 -0.189510917887407
-0.241480508586673 0.356851769449934 0.232896464763713 -0.248077755190023
-0.279803954522427 0.344238529384392 0.265849094824408 -0.218121373489611
-0.368815827340324 0.151528534115221 0.235265340506962 -0.0622819316155508
-0.440904191930604 -0.0674889551671591 0.128627925093432 0.0573484411968862
-0.304737767409515 -0.469358205654859 -0.0202833641316865 -0.0621959521489334
0.0979881858305119 -0.571835348824945 0.0775087592980367 -0.216979072072129
0.451313116473845 -0.299349341343263 0.42851180360686 -0.273309313380463
0.597416608930798 -0.0418140409217527 0.725072342201363 -0.0551052013050837
0.816431654522556 -0.129744814715584 0.0701890459644605 -0.223394056128162
0.59320634705083 -0.451686821123187 -0.0832027620799844 -0.141823427500526
0.135385229657426 -0.713263164711582 -0.103330130733608 0.137028178255756
-0.348533178416152 -0.579151990196374 0.00671055215750995 0.190083339320654
-0.550514159916752 -0.0954711330893599 0.212805327783456 0.123611522935892
-0.434425252245371 0.17803951964362 0.220153407807162 0.000377093899558628
-0.3922676547387 0.350361208070962 0.196770036342355 -0.0743452352434299
-0.331856463790072 0.42348897128514 0.136996522447709 -0.104070396814024
-0.377184598639647 0.404039927171527 0.151211968116697 -0.088174855239277
-0.479216125073226 0.16014671427056 0.0952685250233254 0.0217634052231469
-0.552497872368073 -0.104000596915395 0.0014926926227455 0.0729067968110178
-0.388282572277495 -0.600828795008156 -0.107864611121169 -0.0804218540465497
0.107550568913453 -0.749511614906183 0.0293856293595829 -0.22935242530072
0.585973414863736 -0.423013367784507 0.339944848090276 -0.246917283380011
0.806556932259198 -0.0900404971145828 0.518263594645556 -0.0733758571969554
0.898200430659283 -0.207653012436425 -0.204644075801604 -0.20847826217111
0.632946906177594 -0.557498267473035 -0.237055395285331 -0.0455451564237071
0.111862235468567 -0.812428290158073 -0.119013921684396 0.180447847269373
-0.407359455768031 -0.634198150609138 -0.030402894088971 0.172771810093659
-0.610156605163798 -0.106122152567597 0.105412003146261 0.100008296081348
-0.483607226739585 0.176578314888904 0.056539004047428 0.0483480083108461
-0.44314925803496 0.348057001715843 0.050659446755832 0.0552826136269874
-0.372630411843297 0.428235081150888 0.0213728252972086 0.0564033517446234
-0.414679953559882 0.397790570858073 0.0148656473809168 0.055451575099019
-0.50935215164054 0.13924599795483 -0.0619799036377651 0.105430499753247
-0.565097915566949 -0.128982593435508 -0.135651204699029 0.0778710405649223
-0.390350114642384 -0.631784544070618 -0.186318193269632 -0.0954676478454519
0.112349348295503 -0.789858020084368 -0.0162297759400133 -0.219785061469502
0.620937920557322 -0.4560027598693 0.219294029278716 -0.18091096006947
0.881870082842102 -0.114469201259292 0.255777064088809 -0.0667053579647149
0.848713944369661 -0.255761364805642 -0.478256852674718 -0.16686451263565
0.571446111361997 -0.571824879635551 -0.383502449835098 0.0706782903787622
0.0756466554197063 -0.771788671041653 -0.128985774354375 0.208903443920748
-0.392911920443341 -0.578770349395516 -0.0702507162769346 0.136328307128779
-0.564003334857675 -0.101063616307788 -0.0251828225208114 0.0698149823306272
-0.454572737853247 0.147108350937345 -0.120048479012868 0.095817943697855
-0.425289916540202 0.294073891628169 -0.104372161376359 0.180183427013956
-0.357863188306034 0.365111547570673 -0.0986806778288357 0.208214505189102
-0.390315358165821 0.328228487705724 -0.122164509712113 0.189236160220694
-0.457157697846223 0.08781377975125 -0.208073492019805 0.168443506054387
-0.473583879561207 -0.143572018139887 -0.253501895876909 0.0632326196929977
-0.301121229143914 -0.557238850349938 -0.231293060848656 -0.110211794373917
0.119498435197717 -0.674713043386988 -0.0431495722025649 -0.192053763976664
0.552691438163351 -0.387295802071242 0.0946160296142364 -0.0907710593890413
0.810258186837336 -0.113230500202315 -0.016743068418405 -0.0395541300985601
0.663380962742405 -0.260096994229807 -0.707804656529715 -0.108909729983951
0.412700252304776 -0.479256491352207 -0.497744029013135 0.179236239326021
0.0357381957740857 -0.58172660726643 -0.1311106517477 0.213631482222457
-0.292301409995657 -0.417026347945144 -0.101529800191862 0.087945635063754
-0.408157100305125 -0.0801337617185836 -0.148571742561697 0.0324067430590485
-0.345119735530927 0.0906885594934438 -0.276038004465798 0.128688167460897
-0.339656519201846 0.190964812012395 -0.243360551161155 0.280212261419465
-0.287359925445824 0.245387352345872 -0.203031892710687 0.32907867821696
-0.310279948662817 0.205776699638692 -0.240923642547314 0.290592580287131
-0.336777704377909 0.0199745357526137 -0.319778095794027 0.195484336093012
-0.30751869905317 -0.139073118389318 -0.326622937761857 0.0257673246033884
-0.15841810902607 -0.396503076020421 -0.230062461521891 -0.125432564743368
0.115875772449657 -0.446235175374864 -0.0427543926542723 -0.156345468393219
0.398414889857354 -0.249385350737083 -0.00911203450892209 -0.00272234712466193
0.613111330068326 -0.0923174540148913 -0.251198264220829 -0.00291651495720358
0.373129620250934 -0.218004662335735 -0.848401991368343 -0.0466559522919079
0.18954598677852 -0.305424639502304 -0.561243939472803 0.25792549942059
-0.0100173849907553 -0.295622316844896 -0.123222105632337 0.205813168036435
-0.14180425576671 -0.187313053318841 -0.107472231889963 0.0444271278751475
-0.185206618375015 -0.0463058014187117 -0.23148338252324 -0.00658645920794853
-0.176655660936492 0.0168881248668384 -0.381832474619408 0.139561323477176
-0.196655879142692 0.0557439675117254 -0.346041861474972 0.336825265626889
-0.172875562720673 0.087544164632853 -0.278712104106796 0.401082723537979
-0.184585647713966 0.0571598500758353 -0.322440689816891 0.343855294861141
-0.177541109058119 -0.0418503415279865 -0.381512241588345 0.187722038515568
-0.117076522348447 -0.110337340979017 -0.349852877514077 -0.0260165355759373
-0.0183034907014034 -0.193041674547011 -0.191739002865448 -0.136267083584544
0.0846123865565064 -0.18322413166569 -0.026728396544206 -0.121877748988714
0.19518391586945 -0.100267940371819 -0.0814335776868259 0.0650322987011267
0.334216132654788 -0.064477837018679 -0.418544614476289 0.0374622760376198
0.0560865322211891 0.0771586352450819 0.50487316883496 -0.225766977997475
0.0599188537276434 -0.0278599689571157 0.147396607070079 -0.214666155483059
-0.0153083169000727 -0.0737111133684709 -0.0104460030999736 0.0746457213114775
-0.0883861586011105 -0.0263835090010179 0.150138630110937 0.144156724201037
-0.0569229469839526 0.0660392860996833 0.346112322986188 0.0392453346095306
0.0169786251756826 0.0739339144897785 0.412449252718443 -0.187842535868304
0.0462806100380805 0.0811687282614837 0.326116008707854 -0.386448322162055
0.041926842880541 0.0609447662531914 0.234887942201115 -0.440410692722404
0.0417915194123799 0.0624994032457944 0.297695955206235 -0.40218019109765
0.00641823565548009 0.0576424738644141 0.343781983832226 -0.233761047256353
-0.0416775783377343 0.0307361188102087 0.267979359370511 -0.034491579906589
-0.0425389945759521 -0.0287828898994826 0.110013344640329 -0.042376536706758
0.0266784285927701 -0.0189297118457831 0.105874769533174 -0.167684256219778
0.00406500569957164 0.0502871308520484 0.420014655717094 -0.279985437497566
-0.0534400631659566 0.0737524480981367 0.830431890945426 -0.06269152126151
0.347079358987552 -0.0417325660447277 0.420573544581305 -0.231988333657819
0.241204874013951 -0.205717654796662 0.104129406972187 -0.209821035731654
0.0151500498895383 -0.312469452639412 -0.0282773114460051 0.0926833376713548
-0.208877683675263 -0.213845929859553 0.119273394710918 0.166342050553048
-0.242361178595805 0.0364578858335005 0.339024359416446 0.0592193737432
-0.139815672243686 0.142984489363844 0.393685040574985 -0.155522300062384
-0.0980231825449934 0.229993245393415 0.325936544438016 -0.341231412521573
-0.0738157570018871 0.23753262325637 0.224252563216361 -0.388639783645126
-0.0951113182474796 0.240864328914383 0.282912985978257 -0.355345171101757
-0.181375782135315 0.143079371195828 0.310776076583477 -0.181228113294618
-0.257372930471513 0.0182841066173829 0.227230145648236 0.000109003555023358
-0.223517042916638 -0.235353766961434 0.0561248454866724 -0.0419660146997417
0.0185499080259687 -0.314545461053494 0.0831496012760949 -0.190917530458544
0.213243432184635 -0.164896906019513 0.422315581027932 -0.323587169963305
0.284090545118212 -0.0339262298714974 0.810967591324738 -0.122442026761744
0.595266206186735 -0.161592720523952 0.251142694407884 -0.222499861482588
0.392658854345629 -0.381716497716807 0.0224079419155044 -0.170915135160845
0.0274068350155921 -0.533235323127012 -0.0393115619246859 0.125409059870032
-0.327439326557234 -0.380856367392766 0.0950320151083378 0.18083345820799
-0.409989324186003 0.0111427470364631 0.304897582581695 0.0648792590898806
-0.281029946645285 0.198468665284016 0.325859547787649 -0.110155094498153
-0.228135737979403 0.346797115581722 0.278303818004756 -0.250444013474537
-0.178130621911504 0.37698880637221 0.180134211085862 -0.277845231875305
-0.216279305513344 0.378968292000974 0.22289495262148 -0.252472976536636
-0.340374897233611 0.20698482089741 0.226083336744992 -0.0986133656323587
-0.439518309052663 0.00303682666780547 0.141083839314079 0.0340686545602749
-0.380193934414824 -0.413115729672755 -0.0184849618283399 -0.0463723944255504
0.00316829453443449 -0.574508968057277 0.0432264631564553 -0.209039798805743
0.392954429287358 -0.361667738916885 0.376821928335331 -0.334524705638785
0.578672836881467 -0.134262286688181 0.690461990099781 -0.153276780829323
0.76607681083281 -0.276301800093078 0.0213944263271498 -0.189143950214847
0.487955435765572 -0.546580728291635 -0.0925515346235831 -0.0888264739138379
0.00549228599613208 -0.713800231825666 -0.0434456841276934 0.170447028462012
-0.444482038070511 -0.498220282692317 0.0724944999005426 0.184975434878697
-0.542273618293617 -0.000619519712024917 0.237006873560848 0.0592571230917019
-0.387603154067196 0.236728424492667 0.210834352647638 -0.0520606715787887
-0.326374903276366 0.418672227634276 0.188925943582774 -0.12344849983516
-0.2545355554593 0.458757826272708 0.108221321271536 -0.126023288315181
-0.300388417020416 0.458434914352896 0.129829283474788 -0.111048269629827
-0.44718184697359 0.235952139245395 0.101568525234825 0.0033521107449011
-0.553834405100024 -0.0133595781684646 0.0204069325053895 0.0664868429578091
-0.485576958836872 -0.530552170324933 -0.105037743684038 -0.0500706230629491
-0.0142455008289423 -0.746176568640115 -0.00841763141926273 -0.211798025237759
0.505877322212817 -0.501494409317953 0.287541484227745 -0.298949007893669
0.779075705536099 -0.210276751266386 0.482239010494925 -0.153052249748799
0.829230467872631 -0.363221945888887 -0.241766797038599 -0.128264498846545
0.508368202947204 -0.653562648910049 -0.223741207727411 0.0316731292435303
-0.0331123763694413 -0.808455013428645 -0.0473643928803634 0.215773531894637
-0.513619769303387 -0.541200677691239 0.0390092992453427 0.173559283273269
-0.604400062507531 -0.000616112311030547 0.130054847987057 0.0512151038075434
-0.439186544825055 0.246936162599882 0.0606665042526989 0.0208067375308876
-0.377101494718139 0.429223292342272 0.0693264267328113 0.0253240554467877
-0.293771066736497 0.47285484076564 0.0216171571541845 0.0451877781953347
-0.33761839956882 0.460527233056612 0.0172074530111021 0.0480411642079066
-0.479701394313142 0.220681354999176 -0.0408569671697998 0.107423921344925
-0.570424222227395 -0.0346879183499616 -0.112881996860099 0.0909048409643542
-0.492884994237685 -0.558679197931248 -0.184249081948268 -0.054776400171311
-0.0173850327349076 -0.784225494563673 -0.0538870954281306 -0.195714495682502
0.537729355527625 -0.539041796704203 0.174522502714014 -0.219071415078393
0.849220049887638 -0.245133434480022 0.223303681479376 -0.11483166485168
0.768847425048486 -0.395862348063343 -0.497816617370049 -0.0471312956683003
0.446756283154174 -0.652090307711242 -0.348536624073488 0.16527132050714
-0.0609905873609836 -0.760780006591381 -0.0544512304378144 0.241991384782271
-0.489072030836154 -0.493491822712695 -0.0089330991441513 0.144247235387861
-0.561713909405663 -0.00235116479741724 -0.00412760777968142 0.0453290389738544
-0.418746052445128 0.218825481296333 -0.102422368033781 0.0973755006956101
-0.370093120902536 0.375189171818432 -0.0609591490835435 0.17379379308073
-0.288000715306837 0.412440671856563 -0.0693353130824121 0.209254121676054
-0.326241603772747 0.390868906548154 -0.095947706739541 0.197783593416199
-0.435285904742272 0.163619951886665 -0.176592769901247 0.190450326400154
-0.482644969865523 -0.0617275228819489 -0.231233410279474 0.0930955375676157
-0.393462269253698 -0.497765093606166 -0.231965619389058 -0.0649159594852629
0.00903832615932527 -0.674314314507142 -0.0775187041278348 -0.16832139507852
0.482917692820123 -0.461826796245629 0.0647286827974927 -0.113392146170835
0.781351044619426 -0.229988101781586 -0.0383711419868729 -0.0546456430761742
0.585219247141529 -0.36480808186894 -0.70569608045527 0.0365159456205605
0.309991771885002 -0.529635674303904 -0.443215555295339 0.279506985723517
-0.0657293568091686 -0.569439578568748 -0.0645234074979164 0.242245296304875
-0.361849575725575 -0.354272172903059 -0.0569449389901904 0.10282256526469
-0.410597017599271 -0.0068996573732601 -0.132723778922008 0.0378409214761244
-0.32345148511425 0.150249189312893 -0.247106313173413 0.159858457754413
-0.303114862346067 0.260275233652954 -0.181820461780376 0.29885888516359
-0.23790950857853 0.2894186472895 -0.14938161383245 0.342466216363715
-0.267024744666333 0.259688873618011 -0.195181266314363 0.314899807914223
-0.327895754946237 0.0808487601903183 -0.282764741335213 0.235248951259239
-0.321424371172076 -0.083125076008835 -0.310203851197927 0.0690782650178181
-0.225466458741353 -0.362508865896692 -0.237037163710182 -0.0842993364951323
0.0411095775077813 -0.451002054098455 -0.0721492716284381 -0.139066034959899
0.353258753153881 -0.30501492065731 -0.0213865321100878 -0.0109528115823555
0.591843880547625 -0.180268844170219 -0.259933675918324 0.0139431542023325
0.31042472301247 -0.268769011317989 -0.828622331438372 0.103427111088733
0.12588808075951 -0.318089936199421 -0.496012323333579 0.352595347173152
-0.060643039514499 -0.282570620745666 -0.07145188815679 0.224569657980408
-0.175292346753903 -0.157807235229741 -0.0829734102178539 0.0609785461399686
-0.191265170826065 -0.0115550320847811 -0.22471211111757 0.0235193520719803
-0.174511182226751 0.0548421806661984 -0.346476938044361 0.194727448177927
-0.186483660894529 0.10089428822306 -0.27495938038932 0.377530701436678
-0.152415527415164 0.120319931475264 -0.208275757120245 0.424452740938549
-0.170363889915863 0.0947559938234908 -0.264556854432829 0.379024443497686
-0.179697272197541 -0.00588045591627869 -0.345763106411588 0.236804612912251
-0.132330973641645 -0.0857021967838552 -0.341839202152043 0.0239716627615103
-0.053407887216606 -0.184354212257213 -0.204777413719806 -0.104608271967064
0.0522686181086555 -0.190283293714139 -0.0495234319484804 -0.113770969670441
0.178492851356343 -0.128896615483602 -0.0777104978511568 0.0692834271417771
0.322402375644858 -0.109984950275626 -0.412550314786267 0.0801124575379871
0.0560032167531718 0.0726136397778112 0.4849141086316 -0.235423340520754
0.0546585139886431 -0.0282195577414173 0.138533738942217 -0.212259506308308
-0.017916551817785 -0.0714291702721248 -0.00634435753298739 0.0730949696868944
-0.0853546697275514 -0.0221550659403471 0.149419307770919 0.133595828347569
-0.0537195796303845 0.065975175363215 0.336435311707735 0.0218568612579963
0.0168263160344396 0.0695241581638274 0.391402134745036 -0.202974783529319
0.0481807114901846 0.0763696936399439 0.300520693888007 -0.387649599015546
0.0430238517839038 0.0565542983376849 0.208492404703565 -0.43230839156453
0.0429809081109265 0.0572666970396338 0.268857323403877 -0.39960051068137
0.00892073387995434 0.0548277062990627 0.322197652485559 -0.24202612689484
-0.039197466547086 0.0315119601979489 0.258875331183417 -0.0442574609023684
-0.0411783176227356 -0.0253844532353071 0.104581815367522 -0.0439423158380548
0.0244525742470751 -0.0180137232368716 0.100143567975242 -0.165953027366779
0.00527226208578006 0.0511198449736181 0.399464539890283 -0.285413840223745
-0.0506182307641881 0.0739004056918122 0.804716204756822 -0.0866919936546403
0.332875847490156 -0.0532083358642867 0.400551409333956 -0.237325258696973
0.224109010863968 -0.206334611822528 0.0962968037269314 -0.205677680850911
0.00345846101892778 -0.303186660648151 -0.0234152340224863 0.0899446762109743
-0.210218007171687 -0.20082995072287 0.119935877710029 0.156602406964626
-0.233615881364438 0.0439650066190835 0.328709812477492 0.0408102955853834
-0.132977426093699 0.142666369352063 0.374996452688261 -0.170520993817257
-0.0852432703434924 0.228301833397818 0.30110029455701 -0.346151901933238
-0.0610045490960327 0.233684270594593 0.201839790480921 -0.382335135834099
-0.0814725949595285 0.235227100502003 0.256084068057234 -0.354772941695995
-0.170490424575739 0.145981231616897 0.292183936973667 -0.189074373559733
-0.249430001591078 0.0274118179191537 0.221279179882461 -0.00971498950168192
-0.22573685634293 -0.220139313260517 0.0527133580900569 -0.0417028346795644
0.00594400984020372 -0.304551768141848 0.0776422681589803 -0.187777092693509
0.201502901963616 -0.165645779139317 0.401435564387909 -0.32630854677077
0.273044720463623 -0.0434028437546908 0.783986062390872 -0.144389790116271
0.569304680800076 -0.178020997451075 0.238332592246721 -0.221215133653997
0.367392592078282 -0.383216032681145 0.0179746661948117 -0.165106372478799
0.00853961117640657 -0.516280915396823 -0.0337327643967961 0.120849955584144
-0.332424906758738 -0.360623547476728 0.0965291770331156 0.173220536054247
-0.397571042242906 0.0245987121035939 0.295990539500881 0.0474464455968361
-0.268311643860534 0.202605294614086 0.311265350543247 -0.122101588967351
-0.206150818684314 0.348246592811925 0.256982860660802 -0.256047887746992
-0.157207325484997 0.37558663133792 0.162705100910586 -0.273292435999327
-0.192785774303285 0.375301360865392 0.201347680589835 -0.25342232190102
-0.324577882715592 0.214277184160591 0.213320332255888 -0.104064878833643
-0.426243994676925 0.0193079997918421 0.137807960669629 0.0275378418132232
-0.387756094614829 -0.386910058068596 -0.0208654540723904 -0.0441555311347417
-0.01837134814975 -0.555871290742204 0.0372569833941306 -0.20531927958102
0.368359864952213 -0.363033903277295 0.35720749715395 -0.335246075449609
0.555732146626802 -0.152079960014351 0.663642359281321 -0.170323761993605
0.728564896702199 -0.294529275885228 0.0169103117220779 -0.181249850238565
0.453748147822559 -0.545712975723729 -0.0905852712473325 -0.0818563337463488
-0.0196742202025776 -0.692472663960855 -0.0361450179021463 0.164689914006867
-0.452297646859202 -0.471085154755671 0.0757586702718266 0.178742697645649
-0.525299640942892 0.0195955787287752 0.230457960932941 0.044092571940302
-0.370034789154372 0.244947750819522 0.202379047867891 -0.0588517843980892
-0.299326707046471 0.42307945234338 0.175435310241837 -0.129669282627433
-0.227260520307409 0.458523517436387 0.0986657407535198 -0.123602224529048
-0.270093388105055 0.454571349283774 0.116597569553268 -0.11272034317888
-0.42849231602147 0.247231784032367 0.09712284174541 0.000865123345334709
-0.539047218607765 0.00617710100089548 0.021855141154161 0.06250839107573
-0.494477461334867 -0.497140898913258 -0.105133842713802 -0.0453292605893351
-0.0418485397135626 -0.723558828162384 -0.0139003631359593 -0.206162122583366
0.474059551168694 -0.505030049139439 0.270102568471349 -0.298341479427449
0.746290368183409 -0.232292849435934 0.461564090856593 -0.162514934972006
0.789692436858227 -0.380540669572806 -0.236847656678342 -0.113093649088047
0.471103383622699 -0.652709611257803 -0.215465793751312 0.0404542950063267
-0.0607330857300346 -0.781023832442821 -0.0380614328232935 0.209107896121851
-0.521892859995414 -0.512060766268335 0.0431116505841556 0.17011015759281
-0.585913144271412 0.0204371125737171 0.126261398898995 0.0412795052274965
-0.418492392085462 0.257179393782989 0.0592867726892692 0.0192607186482374
-0.347981175056134 0.43752636868246 0.0654646383608639 0.0190879333166433
-0.264276289042364 0.473258921053513 0.0206328599850247 0.0445277405688581
-0.3085162177385 0.460352059176644 0.0151107119156762 0.0460101252881983
-0.459970184699221 0.234658246746098 -0.0359508449028606 0.107977226521229
-0.556198222308098 -0.0140481059032575 -0.107393289042502 0.0915276849351016
-0.50322089710659 -0.524972032291507 -0.182323285295309 -0.0468788736694102
-0.0451276600166323 -0.760383892070398 -0.0589229921086013 -0.188747404868944
0.503261651400433 -0.542273547659976 0.162267170567787 -0.21698924272252
0.814182040355923 -0.269125343643926 0.210407440402948 -0.11807748544781
0.729224324169395 -0.408606198200204 -0.483892772503641 -0.0262254392045867
0.411514597897705 -0.649737109056714 -0.33289416340841 0.173561812710578
-0.0842482976570011 -0.736349482467529 -0.0447318025315805 0.235049916610746
-0.496624712081437 -0.466623452292411 -0.00385894830026674 0.143604695280348
-0.543091785482136 0.0184911749804728 -0.00384752803042129 0.0414703115740021
-0.398904695305423 0.230039674081386 -0.0959291020540804 0.101980181620904
-0.34249227514617 0.385479494580719 -0.0548153719419493 0.169196756237992
-0.261887834567662 0.415590954755175 -0.0604500836789933 0.205962065843297
-0.298230096996891 0.39113048368053 -0.0870282096373156 0.195482611788796
-0.419257673483306 0.177256404214229 -0.163574516625003 0.194311118066169
-0.472295736251153 -0.0437572615975799 -0.221867410873131 0.0986937665223476
-0.404859813516064 -0.470420437754907 -0.228900112944929 -0.0557213577042329
-0.0164386610279276 -0.653013313212405 -0.0825198314753297 -0.161404271324628
0.452804580711052 -0.465900774983455 0.058043260771337 -0.111758993760411
0.748694805429673 -0.25345560080948 -0.0424756736077193 -0.0511413628109894
0.55507084262793 -0.371827558464285 -0.683891259514202 0.0592903535929852
0.285313151861669 -0.526629735721173 -0.422870177288866 0.287124922760326
-0.083739310164922 -0.551748822294716 -0.0551552939740837 0.235768355471339
-0.368288414919315 -0.336375219966707 -0.0506034001329449 0.105349563712756
-0.397390422619617 0.0088124889310434 -0.12879140260556 0.0400210009976178
-0.308179181140032 0.159466515855752 -0.234218101997052 0.169912432029324
-0.283964782200859 0.269581861352417 -0.165993126191646 0.29583957417549
-0.218401297132151 0.292378458651917 -0.132530040014389 0.336805499137751
-0.246575430629074 0.26378918499055 -0.176173869265491 0.311446612484089
-0.316373420817828 0.0926243467664149 -0.26418441140597 0.241302475082772
-0.315879052801917 -0.0703771473753673 -0.298044480221807 0.0784952109217857
-0.236403169023233 -0.343122097012754 -0.232952032904981 -0.0739826498607646
0.0228881551932687 -0.437843170350021 -0.0780738292772458 -0.133206677493688
0.333559073127316 -0.309773956799912 -0.0227694984841911 -0.0104876886984213
0.567107191613281 -0.197559921643421 -0.254837715906092 0.0231305082732465
0.292408585263364 -0.270608628162729 -0.79874852325114 0.12716348278184
0.114395228712955 -0.314937995154515 -0.472617846887397 0.360098526031257
-0.0678921421417639 -0.273808770564869 -0.0630769058669419 0.220211841141894
-0.178479060153721 -0.149948577909123 -0.0768441391056854 0.0642745816660737
-0.184802914376834 -0.00410598113511952 -0.217478341239381 0.0319216364122323
-0.165775527420682 0.0602359771680922 -0.329598066638977 0.206928071012887
-0.177289909670215 0.108818781260707 -0.252224721054679 0.377633515886126
-0.143147633412379 0.124987377633004 -0.185368095694665 0.417379714007863
-0.160198928434372 0.100578253148376 -0.239288094633266 0.376219191494347
-0.175911190423481 0.00298264305145367 -0.324252303861448 0.245569082447847
-0.132294342761632 -0.0785371180078167 -0.32993295503276 0.0368612041028675
-0.0615657294462606 -0.176790324291775 -0.20248566961364 -0.094348289620024
0.0425055233665371 -0.185963081865358 -0.0557544495194838 -0.108928483734934
0.168921845891738 -0.132625314601103 -0.0746671723609047 0.0689103384559543
0.309196682952112 -0.120893284112449 -0.399686775776694 0.0924678772015467
0.0543933418175821 0.0693779637269153 0.471733897734746 -0.233510028539979
0.0512566667874206 -0.0260127593845202 0.135099122400113 -0.208705206114936
-0.018828113108407 -0.0693732634353167 -0.00434108507933775 0.0715182166573697
-0.0826275542473354 -0.0212750799806538 0.14617495682463 0.127763049339134
-0.0521340071891794 0.064988444236977 0.326394642046449 0.0150956523711225
0.0148580995543061 0.0665979139915483 0.378033409871503 -0.207712806784708
0.0485926025904118 0.0728027182495305 0.284312823696386 -0.383877304628616
0.0424962436584496 0.0546177946453712 0.198436320545255 -0.422641567941659
0.0417223346243648 0.053293139661658 0.253596349185071 -0.392263285554167
0.00943448275550557 0.0527010634381533 0.308659845831608 -0.242713057537496
-0.036851731807593 0.0316759062079286 0.252345657233602 -0.0472900604764836
-0.0390293890328179 -0.0238772893441013 0.102158540849958 -0.04333523969934
0.0230676734084203 -0.0161112462837921 0.0996235445228618 -0.163063251123704
0.00552775808967868 0.0523473481204404 0.389196073591733 -0.281104227411443
-0.0502587148182411 0.0740431110684705 0.787356338118331 -0.090957531873283
0.321843747422351 -0.054662491958127 0.390226463423065 -0.233482652714622
0.214204436955148 -0.202139238263875 0.0939947048416576 -0.201347035148134
-0.000665951568236952 -0.294795731489378 -0.0212873508489848 0.0873385588042651
-0.207204262331421 -0.195229481169284 0.117163755243218 0.151598127525085
-0.227283297094821 0.0455904779311453 0.319177134585349 0.0325783657541897
-0.130648809052278 0.140519536574909 0.361602736909943 -0.174709967141029
-0.0782486255148386 0.224452048731431 0.283833049125272 -0.343189941684749
-0.0549812228154765 0.23035193758107 0.191475409354129 -0.372729343121169
-0.0755689388206698 0.229309902726721 0.239997618440962 -0.348763255913465
-0.164831510589251 0.14456043492284 0.280137723801271 -0.189063790813855
-0.242948547794014 0.030153113135927 0.215568584856137 -0.0135027588310034
-0.223968101269112 -0.211974008437584 0.0503645534007348 -0.0409752047167335
0.00179919464530873 -0.297117283160159 0.0770288237044608 -0.18499494257855
0.195062235537531 -0.162261228861625 0.391415738683264 -0.322042406060316
0.264453062816613 -0.0442066358996326 0.764656019083252 -0.146172730064673
0.550109316990628 -0.178948570644742 0.233097865169666 -0.216061162431998
0.351205972775761 -0.375421806024348 0.0188650846812289 -0.160670034008413
0.00167367531797173 -0.504358260561386 -0.0313144287849024 0.116814996013771
-0.331740602857858 -0.350842756255196 0.0947958807289169 0.169041855133295
-0.386203103751885 0.0291022338988987 0.286738737288645 0.0383546913668053
-0.261458225793785 0.200746951717324 0.300153220641626 -0.125970219920984
-0.194273412396787 0.344745707475979 0.242812793660523 -0.255524347604168
-0.145582117062162 0.37144901616172 0.154892381053895 -0.26571127536313
-0.181506132541592 0.367986214424566 0.18834875119181 -0.248512805841486
-0.315560610584447 0.214758113286696 0.205243134383123 -0.103691849959866
-0.416356135511579 0.0243011172850676 0.134229307971832 0.0231577461008119
-0.384797740194245 -0.373560250657042 -0.0222188958422859 -0.0425719895041742
-0.0243423218281351 -0.541451664832635 0.0361153584730507 -0.201178099335187
0.3570565930353 -0.357732310977091 0.348695320741176 -0.329412149445569
0.538958857677729 -0.154075167997975 0.646858717908148 -0.171117935513781
0.705373558437598 -0.29256580095448 0.0176822407920515 -0.173866280654346
0.435908843926979 -0.539467360433496 -0.0873151745682671 -0.0772939319377848
-0.0264009655221538 -0.675229642734619 -0.0343806645442521 0.159190436510969
-0.450963566413423 -0.459393849570789 0.0747097228693573 0.176378528666523
-0.511326071606414 0.0251480313459607 0.222175254847952 0.0359782560975585
-0.360783912549258 0.243425355333648 0.196633297049504 -0.060715872193154
-0.283661718748806 0.4214872775093 0.164514625274722 -0.131126029330581
-0.212459389907756 0.454643243946015 0.0938422059742456 -0.118742389766224
-0.254662188510154 0.446250535772526 0.108078799785595 -0.109921640742517
-0.416056521102279 0.248514362905596 0.0938502669595481 0.000943749540847827
-0.528600783353223 0.0117091029803844 0.0213180174143906 0.0599514419636308
-0.492509187039615 -0.478990208337299 -0.10490314802161 -0.0427800042881683
-0.0494938693215433 -0.703492381158055 -0.0147197299171233 -0.201293386161238
0.459247075436342 -0.496894323965642 0.263127661255582 -0.293241390686148
0.724993694000199 -0.235936811920874 0.447259563004604 -0.161062007822301
0.763661941525231 -0.375947764499417 -0.229325486846783 -0.105506554683562
0.454287773985838 -0.642934051112902 -0.208471194311684 0.0428595089351762
-0.066304542796527 -0.763620098245574 -0.0365756597618128 0.203064772727047
-0.521273396582043 -0.499099899966531 0.0435351177862269 0.168735558610046
-0.570747725015679 0.0274452374200994 0.121099934981847 0.0351486814780221
-0.406846172107445 0.256958160996077 0.0586474343295856 0.0193008501066717
-0.331444953983827 0.436573496780502 0.059892632367625 0.0163040020430008
-0.249080430710218 0.469485264684526 0.0202716606810515 0.0457200833774899
-0.290610095431402 0.452324989270073 0.0120382024038661 0.0454891309168718
-0.448551934709698 0.236935362272677 -0.0335987660387735 0.108246708949275
-0.544788492187506 -0.00875179015619611 -0.104616791371313 0.0899031388366106
-0.502635391282008 -0.506199430673994 -0.180762784048338 -0.0444696774592161
-0.0529928584096095 -0.741341848411252 -0.0609636168773334 -0.183998078244113
0.487861698524636 -0.534932027551222 0.157347045315699 -0.212987455650733
0.789977676543174 -0.27287701308495 0.202230426609378 -0.116201654283358
0.705712986314561 -0.404734840734368 -0.46964051729743 -0.019912411086827
0.39815119808685 -0.640162634556904 -0.322824282354029 0.174932825136204
-0.0894770522252065 -0.721122192068356 -0.0436778919435415 0.229599362660874
-0.496889979134484 -0.455278241032489 -0.00137684713184144 0.144005598934988
-0.528696638310449 0.0254128863453228 -0.00517278213591696 0.0382633307537786
-0.387401818092758 0.230552205870999 -0.0913618573955994 0.104047295607359
-0.327378100566824 0.385964903342434 -0.0542556226395063 0.164283545394957
-0.246416720249118 0.413913548620386 -0.0571857529653534 0.202822279501664
-0.28252524851311 0.385682965344251 -0.084461201560391 0.191534423064752
-0.408166692181278 0.181450235969911 -0.155690186006585 0.193628446950517
-0.462501659780556 -0.0387329501317121 -0.216111711082729 0.0987139104107368
-0.406407513100801 -0.452791096762017 -0.225850721210278 -0.0521959928620263
-0.0235351760903211 -0.636355540340812 -0.08458411583452 -0.156778232689741
0.437284944482572 -0.460569883062335 0.0555539749472403 -0.109425832937884
0.725885994228864 -0.255848410245698 -0.0447769494094097 -0.0481854350029332
0.536384117769312 -0.367023789337027 -0.664738451888871 0.064838983609279
0.275535221597696 -0.52028305037691 -0.410751081685348 0.286476286152206
-0.0856524984067408 -0.539757323830156 -0.0534458646445295 0.230706227412025
-0.368653380672786 -0.327792890258093 -0.0472755104963462 0.106398792637793
-0.386649962786424 0.0138542857237139 -0.126747722205385 0.0397336695941281
-0.298754032174596 0.160887607019262 -0.225293174190456 0.17400529514589
-0.272362175107201 0.272383496458559 -0.159244199638011 0.290132183128664
-0.207546429605675 0.29135539951822 -0.125728857511432 0.330478268145156
-0.234905042938947 0.261087942069597 -0.168113575117733 0.305039399185337
-0.309058226272134 0.0964024877624021 -0.252194452155676 0.240984566823882
-0.310012931801734 -0.0660061466415524 -0.290103501661831 0.0801223929049485
-0.237996239392701 -0.330995614309919 -0.229236174854666 -0.0701440212065224
0.0156219034218051 -0.426546348253884 -0.0802577502579838 -0.128759761620174
0.320893881005433 -0.306565347411849 -0.0231103361487593 -0.00952752504277308
0.549983521862075 -0.202380924857194 -0.251921185722035 0.0258670544414738
0.283562891069724 -0.266445878775207 -0.779378445295047 0.130699036910984
0.111649804293735 -0.310671958216452 -0.46002034686964 0.356054029467806
-0.0674561800614729 -0.268420753541202 -0.060748134858257 0.215943575731152
-0.17976794343065 -0.14667903347189 -0.0721218866624535 0.0656396588438039
-0.179932120932017 -0.00187008737841632 -0.212531365242201 0.0340754114734545
-0.159989887173046 0.061796373559987 -0.317487992043308 0.211700729061622
-0.171247766090502 0.111493938571352 -0.239896524169217 0.372066127721547
-0.136509178962237 0.125990398250824 -0.176099605028361 0.407770274328737
-0.154006867084431 0.10189856340648 -0.226693794523468 0.369581105814162
-0.172820521914697 0.00648729881702403 -0.310323640418356 0.245543404356773
-0.131077464960433 -0.0760380548933784 -0.32111176525088 0.0412906495004702
-0.0659870769373857 -0.170392808254496 -0.198833886310222 -0.0893141121300438
0.0386228367925514 -0.18203144500892 -0.0591470795602045 -0.105173489124244
0.163423215514147 -0.133668129013531 -0.0728890851373348 0.0679085523104809
0.300122031248447 -0.123326078459018 -0.392410389666773 0.0944616368583637
0.0531000315952436 0.0685997198616183 0.471776187867299 -0.230618445298496
0.0495717539350132 -0.0238472914547946 0.136453236453826 -0.208440424235403
-0.0194427228729289 -0.0686686534331397 -0.00375683171737371 0.0708902926724918
-0.0811849336224406 -0.0227079642679955 0.144076875476902 0.126418865367918
-0.0521185969670153 0.0642309051435725 0.323406917240938 0.0123846186171601
0.0125037866348936 0.0663614534668049 0.373013827801348 -0.211542577704578
0.0490111455239245 0.0713164226659716 0.279719445420192 -0.383155767985948
0.0429309336624155 0.0544638888418173 0.196866538172025 -0.418886854653634
0.0407698948093212 0.0516168352775412 0.249038560003531 -0.390108358351847
0.0104449768742615 0.051315667990178 0.304021090240077 -0.243391265155831
-0.0356514055785497 0.0319890332739837 0.25145887061467 -0.0474488534429324
-0.037519872370342 -0.0235325872724121 0.101504646452848 -0.0426222820683605
0.0230062310869505 -0.0141239686955099 0.101921067084153 -0.163273628033492
0.00637665108763869 0.0544712980912332 0.391783679988423 -0.279172497890807
-0.0509962386117705 0.0744496658106301 0.784752795864315 -0.0860297103398052
0.31851391809428 -0.0531280335777681 0.391665533841543 -0.229227823210626
0.21167681399999 -0.197526171825996 0.0961583154074742 -0.200836737904157
-0.000516754942414497 -0.291928735400528 -0.0209978364354289 0.0856697725752991
-0.208139316536089 -0.196812276584135 0.115084345467421 0.150768056745181
-0.226403066927086 0.0449886287693384 0.315072728945517 0.0297340600287339
-0.131927026181449 0.139577500292081 0.357817708237566 -0.178044205479578
-0.0755243737496293 0.224240806572429 0.278572012470245 -0.342119501207786
-0.0532316002898986 0.231207306004603 0.189590805812098 -0.368313075207589
-0.0748052219373477 0.227438586538802 0.235345466319394 -0.346061832172552
-0.164179334685975 0.144424534757081 0.276427126595516 -0.189656892516215
-0.241615035801709 0.0301542620971979 0.213907988291161 -0.0142773347560893
-0.223651021636017 -0.211412082064975 0.0494750775662391 -0.0401052438417843
0.0019748511284397 -0.294172623406943 0.0794670599295465 -0.184724497059066
0.19558731989324 -0.159387422307242 0.39434996195644 -0.319250530525713
0.261976646604286 -0.0430301775220228 0.762221517742832 -0.141558649512853
0.545410496009847 -0.174798183388815 0.236435558723841 -0.210744069863309
0.34866523474641 -0.370176535703885 0.0216060478708639 -0.159539953980505
0.00216215843392056 -0.500161705711035 -0.031962152202569 0.114638910633411
-0.332215586917028 -0.3520278618826 0.0935350667599978 0.169729496542651
-0.383476808871059 0.0280920330510208 0.282367999805865 0.0348877059125256
-0.262006502348756 0.200092129953919 0.297126048001532 -0.127977564054202
-0.190313529631456 0.345737494772898 0.235950276960981 -0.255715951316228
-0.141959978432501 0.373316455530246 0.153647511769255 -0.261583045929694
-0.178815787228036 0.365266234121541 0.184014814899689 -0.24601669432011
-0.315231572766024 0.214616224965275 0.2028279295049 -0.103692876406758
-0.414909628826086 0.023125114249811 0.133364320478832 0.0219231117356712
-0.386554152225283 -0.373278047368582 -0.0232875970952619 -0.0418709768389635
-0.0239177050866907 -0.53925412646572 0.03870941248557 -0.200719091970007
0.358112171731122 -0.355365558382746 0.349082404226559 -0.32696920202606
0.535530071984442 -0.152158941227737 0.645835321728523 -0.166607142823816
0.698921336585007 -0.287052590008174 0.0226953492087713 -0.169638276687546
0.43455327096601 -0.534268172100764 -0.0835036519949601 -0.0762867955431392
-0.0228099212038004 -0.672284797722654 -0.0362469698036672 0.157499042739396
-0.453802172890908 -0.460909486125936 0.0747213334825158 0.177969814532591
-0.507971431175912 0.0246811336208182 0.217884816235793 0.0326323138404352
-0.360456230841525 0.24235548018204 0.195047288040328 -0.0614682784110497
-0.278053546572008 0.423205036770778 0.158005679736791 -0.131741405439909
-0.208034912665404 0.457736240138086 0.0933999125184506 -0.115215179024449
-0.251112049900114 0.443598022273486 0.103260440290368 -0.107991393284714
-0.415248871694331 0.249485066037741 0.0929537791145585 0.00167795034025697
-0.527057384730416 0.0110241670882846 0.0200581070457789 0.0587556205187833
-0.493950439922779 -0.479343808905932 -0.106843281975087 -0.0423306934483264
-0.0481457443190318 -0.702229385120496 -0.013464920235842 -0.200637705920071
0.459217150611918 -0.493748667821982 0.264985981879877 -0.290866497652375
0.720976177282366 -0.232632106142843 0.445392311664875 -0.156304171201362
0.759910195910491 -0.369608609890504 -0.2238363440803 -0.10380808441099
0.454790308801351 -0.639194331143897 -0.20483519653712 0.0434133710850319
-0.0632631401955201 -0.762211266792253 -0.0388934962679065 0.201283062452282
-0.52505845488675 -0.501707410291021 0.0438866193391672 0.171594134544083
-0.567012959114009 0.0273950109236566 0.117212938170395 0.0324983418114202
-0.407311880188276 0.256660398811123 0.0586618030746785 0.0204273094330614
-0.326721351031435 0.439968206498148 0.0551349543155858 0.0150194180600852
-0.24431203504045 0.472085032838115 0.0203016630871884 0.0479159775768857
-0.28685520203406 0.450105869817697 0.00875301276702944 0.0465649781249883
-0.447756924241371 0.239431688115502 -0.0324156336527774 0.10951033337316
-0.543367401483759 -0.00977207390055629 -0.106255627724536 0.0884676384954212
-0.507113262945333 -0.50429899095517 -0.181804527940461 -0.043996157901777
-0.0525459378740853 -0.739290744192947 -0.0599677918044575 -0.182679916248384
0.486111222007114 -0.530334398722455 0.159304854664855 -0.210471868393406
0.786045683543494 -0.268789614189551 0.199429916210715 -0.112309411837285
0.702968538589673 -0.397229702679884 -0.464573355504814 -0.0206066289622815
0.400788078752293 -0.638015596316544 -0.320501230813585 0.175309246635248
-0.0866364306236736 -0.720872410186956 -0.0452093947769139 0.229105404090287
-0.502492028696721 -0.457357315131017 -8.39671612826264E-05 0.147473833688995
-0.525831558894703 0.0238658461225757 -0.00813001566837067 0.0364837961062908
-0.386074546944514 0.230310683580206 -0.089199759947648 0.106374570085091
-0.323099727734833 0.388413425244832 -0.0577463754531492 0.163149578100429
-0.242695138996994 0.416015010216065 -0.0565446325661577 0.203466099066033
-0.278870838473097 0.383347331875735 -0.0857352056504572 0.191181881093055
-0.40914820226034 0.183060566379402 -0.153251536439111 0.195327278005693
-0.462100684906282 -0.0391363945607161 -0.216406533749759 0.0977415709134707
-0.407207193499544 -0.449839437750785 -0.227416197416706 -0.0525720134117677
-0.0230131305624345 -0.634366888575197 -0.0850607080867269 -0.155151179751759
0.437908668083299 -0.457747719872459 0.0569024135571032 -0.109148945535381
0.72253111919525 -0.254214716118472 -0.0469320430808701 -0.0470033783360928
0.53553630104363 -0.361447047235672 -0.660665632166606 0.0612535477280377
0.277978026417865 -0.518105634268335 -0.409171744736853 0.286335366274108
-0.0823228726494254 -0.540517934487006 -0.0552620212908858 0.230403323052004
-0.373304816501411 -0.330274772349974 -0.0449294415480298 0.109181135501902
-0.384525803291617 0.0129443075263578 -0.127761919848302 0.0388160487579709
-0.297983375493543 0.160754428422853 -0.222920088967075 0.177854235380687
-0.269219200514261 0.275656242656297 -0.159525890116651 0.288921613561547
-0.204465653180272 0.294114986244663 -0.125326991156018 0.329204169061308
-0.231271981731702 0.260865949036315 -0.166940528237083 0.302957293354955
-0.309094663693878 0.0982108811343713 -0.248425960707808 0.242051684152418
-0.309422277224899 -0.0665314862360071 -0.289797792417952 0.0798129001324072
-0.241225793682195 -0.328558097323832 -0.230266777790418 -0.0698159829241806
0.0161681111962232 -0.424884900497665 -0.0820914535761466 -0.127516631996537
0.319239823770568 -0.305877574007184 -0.0227500955158939 -0.00982451383602787
0.547473414222615 -0.202092980402061 -0.254665009214021 0.0255937381782054
0.284298563068589 -0.26298983581723 -0.775570036969132 0.125368850734388
0.11472296466039 -0.311393179486952 -0.459087711682427 0.355220768430208
-0.0654654650714548 -0.26986993905504 -0.0622130036573723 0.215785290936291
-0.183077827361456 -0.148284246254846 -0.0696843075776645 0.0676896001221617
-0.177816205981026 -0.00234184337347617 -0.212430495856679 0.0347218861837038
-0.158402984920278 0.0617274657170382 -0.315382659183502 0.21630416085183
-0.170109927831564 0.114803490204168 -0.237762506920916 0.371033187212387
-0.135629469011704 0.127875595546538 -0.173893619327149 0.405056051159305
-0.151789604552997 0.102292344506068 -0.223377577332523 0.365879623499339
-0.172341825360367 0.00850506095020288 -0.30525939113859 0.245915204602512
-0.13151751527931 -0.0768279205650694 -0.319791309449897 0.0420253664490722
-0.067429178062961 -0.168597183199905 -0.198860658795414 -0.0898272896570535
0.037682435170201 -0.180907978503085 -0.0612175986312337 -0.102974455239964
0.161981373237831 -0.133946617572373 -0.0733823496288828 0.067477467173187
0.298819261942784 -0.124438996453154 -0.393158579896875 0.0930969775463689
0.0536460787235488 0.0690706240111454 0.481931697851282 -0.233633312155181
0.0493901049866087 -0.0225088851440677 0.139086274730425 -0.213768115469014
-0.0204178558342307 -0.0692737230513609 -0.00271202116113004 0.0723849531446387
-0.0825143528307586 -0.0240516558708921 0.146213582894737 0.127089034686345
-0.0530150551610725 0.0658718656924605 0.328151027043527 0.00872982660951606
0.0110332059410732 0.0678072030038992 0.376141996089186 -0.221909629868913
0.0511636401644007 0.0711530479774967 0.280307310955208 -0.393370261784393
0.0449234114611749 0.0553954436863523 0.196965543062376 -0.427065178138554
0.0412866126756296 0.0520462209514762 0.248651658515552 -0.398921088797855
0.0122849179214406 0.0510682009485806 0.304566933500118 -0.25146668948426
-0.0345579600185062 0.0327200366666364 0.257116901309111 -0.0501898722326065
-0.0373838507589766 -0.0232234222141876 0.103728683748362 -0.0439073377684391
0.0243923729790586 -0.0127610572677277 0.104715578742316 -0.168775455047952
0.00765410166330689 0.0571904964464809 0.398598389706414 -0.284906038710659
-0.0525754666533737 0.0766225516981155 0.803218909807288 -0.0883889268886778
0.322370249279006 -0.0543587242692308 0.402409373061072 -0.23032578796734
0.213744789563537 -0.200256696710017 0.0987244973279483 -0.205505122019366
-0.00202511769891013 -0.297474376297994 -0.0215375058766836 0.0878666057819952
-0.215047580787619 -0.201474738758667 0.117220127278302 0.153814768959636
-0.229746590011406 0.046496596107529 0.317699296177439 0.0257425102048572
-0.136179783822569 0.143994532724457 0.36049456628904 -0.187036772868797
-0.0740177241490775 0.229129523696747 0.276594701538311 -0.351755016165803
-0.0499564255748787 0.238524342869083 0.191591658689026 -0.374531856956166
-0.0753020349884286 0.23216063877354 0.233917944082963 -0.352665143930088
-0.167089207883882 0.148404173896326 0.277659331310754 -0.195426679157324
-0.245807714391875 0.0326551675539315 0.218447222117352 -0.0162818421588448
-0.230317068493886 -0.214450784851516 0.0497988124177906 -0.0406471599954918
0.00134083213502292 -0.299312885680097 0.0828977536111903 -0.189683524263396
0.201631030657848 -0.161237408505686 0.403104558617628 -0.327320829264234
0.266820941970576 -0.0440753569725924 0.779021129423673 -0.143422995022177
0.553387057978636 -0.177896219226177 0.24460728887715 -0.212280953554878
0.352903245024237 -0.377801899829322 0.0237320562673389 -0.162338942612446
0.000859256911429743 -0.510441561999011 -0.0329743235541915 0.116930610596284
-0.345312904502787 -0.35926536299341 0.0959053021403614 0.173736620433051
-0.390396069633031 0.0303660891105967 0.2843430591199 0.0315062820314127
-0.268188289076504 0.207353255688063 0.300548420882891 -0.13433422906502
-0.188910441878193 0.356008442271253 0.232845244555192 -0.261845059322748
-0.138745916719525 0.385123891547804 0.15547790318329 -0.26549064316121
-0.179567936274368 0.373662782129138 0.182363554631712 -0.249876971662363
-0.321041253035478 0.22260261129399 0.204351806691854 -0.106541249393009
-0.424383978398244 0.0259225221731961 0.135237523699949 0.021352899100134
-0.399321032567316 -0.377841572218412 -0.0255079176737619 -0.041590970836445
-0.0260534053738532 -0.550131639237989 0.0411520874856094 -0.206124199195329
0.365897042997438 -0.361875579213026 0.358975816766247 -0.335534455385841
0.546933850116668 -0.156756538312782 0.658188352474823 -0.170366834860531
0.712159455670293 -0.291576823090605 0.0270755627211283 -0.171619792849754
0.44012311826472 -0.545329836282871 -0.0829568739732346 -0.0768536249974879
-0.027769067267089 -0.687270034084319 -0.037348202421037 0.161022637452442
-0.472412482439055 -0.470207004415741 0.0778553550159803 0.183851599085287
-0.518345276088068 0.0270794977532263 0.218593243478596 0.0300332858113103
-0.368603213005211 0.251317343075657 0.197828498171858 -0.064709567407772
-0.276636225650161 0.437031980590576 0.153970672886438 -0.13499260081788
-0.205918114016136 0.472488205215364 0.0958309109508471 -0.115748542917968
-0.253536774694765 0.453961119607104 0.10159454059729 -0.108521340212989
-0.424528756516656 0.258447499017167 0.0947389009856542 0.00190741062124836
-0.538945263417502 0.0128247336648176 0.0189090325414614 0.0595101323785953
-0.513287473700707 -0.485705736829603 -0.111117599945625 -0.041247206614534
-0.0529572209835667 -0.717735886014573 -0.0122409395200208 -0.204883596411947
0.469795315046846 -0.504791346561793 0.272668491356557 -0.298116884750852
0.737634602929425 -0.241311681289072 0.452794813208075 -0.160604006904299
0.773479681401908 -0.37533060830483 -0.224373428894643 -0.103916235153384
0.462562625980701 -0.654353744554509 -0.205980035433123 0.0461407863571484
-0.0682509380909387 -0.7791661938895 -0.0401644943254388 0.206466585062597
-0.54725745274006 -0.509372100101686 0.0482956153005263 0.177948348782881
-0.577970512902081 0.0315618077777174 0.116114736004325 0.030809659518281
-0.414773455524356 0.265743604801076 0.061162144660055 0.0215967234805788
-0.325081197915018 0.455731678570542 0.0499649867212925 0.0155436106826204
-0.240786713872609 0.488695025890507 0.0214725627381216 0.0510931997502256
-0.287573236663431 0.461177343678038 0.00674218190074638 0.0493980485933452
-0.457776083779403 0.247998827870449 -0.0317796548574996 0.112763527422363
-0.556297933106752 -0.00760321360643816 -0.109181744405268 0.090693764257463
-0.523329716541006 -0.512667883216738 -0.18896016331926 -0.0429146081463951
-0.0560650001154143 -0.75576620561538 -0.0614222473392596 -0.186376159765851
0.496437236919711 -0.544292714566225 0.164113120048006 -0.217059895410713
0.802124325038045 -0.278336863523387 0.201204412379532 -0.114284985520049
0.717838836034573 -0.406400059053699 -0.470477468362994 -0.0193520621362417
0.408034887444949 -0.655908425804881 -0.324841575234425 0.181574811786647
-0.0910940398786117 -0.737296347055707 -0.046678989956594 0.234276212875215
-0.522782202885051 -0.466785963079393 0.00389335516798367 0.153444023519378
-0.536487137891977 0.0278968534152645 -0.0107331869198453 0.0365111362657858
-0.395500638243706 0.238395111928846 -0.0886914601035352 0.112225493007304
-0.324315860654036 0.404401706860468 -0.0617201460012833 0.167814937969094
-0.240737904755096 0.43096142840407 -0.0552873674807379 0.209607570970352
-0.280025834232802 0.39403919791909 -0.0875973544678012 0.19712889755596
-0.417200598792346 0.191232420520309 -0.152374317152309 0.201392457477653
-0.473554270777064 -0.0384368093988498 -0.221526083724811 0.10093073299207
-0.423240651450596 -0.456003313741286 -0.235041328846988 -0.0516085123306913
-0.0265178968267142 -0.648341495747364 -0.0874897530945826 -0.156974033171834
0.444903336047047 -0.468783351062798 0.0592959739521712 -0.111758178044722
0.736154887269907 -0.263082388969022 -0.051238892682395 -0.0468819372222183
0.546696558656305 -0.369179130082057 -0.671797487104704 0.0623771105908911
0.28484058981428 -0.532645395384158 -0.415835117649116 0.294777343896373
-0.0855754495125008 -0.553954695417309 -0.0568230414258427 0.2363060047903
-0.3891121588468 -0.336500909057415 -0.0417864269781535 0.114116737613203
-0.392494798998138 0.0156946824534706 -0.131421387631878 0.0407303945393966
-0.303692580103199 0.166522810226031 -0.223388094673657 0.187267908825412
-0.270102646608749 0.287849370073554 -0.163666309313626 0.296825536130048
-0.20419021694314 0.306129605600949 -0.124378359896652 0.336758557613361
-0.232889537374294 0.267455846386781 -0.168408204360263 0.310887663737656
-0.31598994846869 0.104508105632952 -0.248387271425946 0.249110153853984
-0.317931412618523 -0.0669498500889473 -0.296217197732229 0.0832353497476659
-0.252004193501472 -0.332511842210553 -0.237146406288674 -0.070228091879679
0.0137373597567449 -0.434110439432432 -0.085165597454448 -0.127972264051606
0.326088211470272 -0.312668536532894 -0.022134664059782 -0.0106536955739988
0.556498990787174 -0.208924615533432 -0.26294758512894 0.0279298755722268
0.290385699080174 -0.267920925485248 -0.791130575105239 0.126282343463189
0.118618121472353 -0.320587602835284 -0.468572715946929 0.365072114141973
-0.0671281142913999 -0.278467541134905 -0.0637609061054276 0.222325394819903
-0.191120587852232 -0.150669024204532 -0.0672902212393105 0.0711107808839975
-0.181404232494731 -0.00163036959980456 -0.216735770354899 0.0381850470728292
-0.161326662029894 0.0640337707442369 -0.316971025450281 0.227545445027395
-0.171659794172036 0.12260820313528 -0.240293898267992 0.380889183538924
-0.136935061174324 0.133948652520426 -0.175283947955989 0.41415177836935
-0.153334040222852 0.105802837385062 -0.224332782019606 0.373936748664453
-0.17679660827332 0.0114677670924332 -0.306204666012897 0.253317800822328
-0.136031563728959 -0.0776490888363003 -0.326569891880085 0.0448317502976662
-0.0726141061524365 -0.169941056770893 -0.204234845671533 -0.0905298022727967
0.0366336858569675 -0.185425656829378 -0.0648313731678762 -0.103510406862013
0.163858673435543 -0.138228709184649 -0.0740395490533847 0.0687966557573119
0.304045667211489 -0.130614221130768 -0.404782515015644 0.097301891771166
0.0596123422339289 0.0545203644367639 0.477696680955463 -0.264850807658879
0.04429807642494 -0.0304558949861039 0.128438517052809 -0.227016562280175
-0.0280871932066825 -0.0656229024727587 0.00938810325357973 0.0738924581898579
-0.0835670482720568 -0.0156843897080352 0.161185708677738 0.112228461078765
-0.0418193706005307 0.0674182648622279 0.329703342792111 -0.0233054237412921
0.0167776481470672 0.0610351131714047 0.358049529301917 -0.259563619384872
0.0610308017032483 0.0603476524160041 0.241432050779274 -0.428116842064134
0.0495001172030292 0.0491030563636835 0.164573062757804 -0.454589950231798
0.0478410295149776 0.0475691048266238 0.221489620962738 -0.438292451518002
0.0187669285394642 0.0525596962066454 0.295646419588786 -0.291360693553706
-0.0307057444505652 0.0403058484771855 0.266554244716338 -0.0765952277087295
-0.0396852038169219 -0.017129058418209 0.107711753450893 -0.0554461777681959
0.0272662882492262 -0.0112602410766655 0.0963549032144358 -0.187134326725684
0.0166595795603095 0.0695076790592105 0.401150479653682 -0.338139678280532
-0.0496233789987461 0.0971479848494819 0.842218968572715 -0.146313297027758
0.313827576635486 -0.0995078469557993 0.403837153503878 -0.235979163711459
0.188438817600043 -0.226205380007149 0.0986083914682448 -0.203998846454063
-0.0377362791744135 -0.298388057406098 0.0111132890666528 0.094607313174432
-0.242077994299915 -0.176741847949804 0.151830165901494 0.134367571913639
-0.222498884093127 0.0673477091046915 0.320145653656381 -0.017122983559067
-0.125541772541007 0.153579107554273 0.343114668794906 -0.22987072480102
-0.0451263646053653 0.239760717892468 0.236411045145763 -0.398989008784181
-0.0286833228904167 0.243690296838614 0.158915553953644 -0.399824924156653
-0.0493316097243726 0.242872178140239 0.210719766634072 -0.387896746707813
-0.154200131315736 0.172855432985997 0.27517142437084 -0.234010406300937
-0.245537210297395 0.0603850855916882 0.231870417563387 -0.0407178996309604
-0.261509508379509 -0.191325071045844 0.06066645061243 -0.0440337617721123
-0.0253920677452559 -0.304071048700143 0.0768881490013357 -0.195067982918623
0.19992230063517 -0.176828566141712 0.384637951629214 -0.37760361917604
0.278434669456712 -0.0576736995792145 0.792152242506352 -0.208043910991281
0.529484995004218 -0.24733323077152 0.251977047169363 -0.190222899562295
0.308940886713005 -0.419368853800833 0.0356118441745158 -0.14524301526583
-0.0615046699965964 -0.51323562551538 0.0199638359177066 0.127413173251793
-0.395556177829204 -0.319038723469023 0.148378464064333 0.14978666930078
-0.38632161403103 0.0680504406109377 0.28636690648436 -0.0202923377155653
-0.253343394901222 0.230955984614967 0.284618322150125 -0.177268588853359
-0.146345677263819 0.385866283703909 0.19844005201888 -0.315252603721945
-0.104176446665071 0.402066573088252 0.129024438297218 -0.282943854206343
-0.139406784794058 0.399363138935654 0.165526635982781 -0.275493541823068
-0.305664870116681 0.265107699886465 0.209057520790196 -0.136578929906354
-0.42877393201131 0.0720817607845583 0.150439589501929 0.00366220160159153
-0.453200938916498 -0.341706053542639 -0.0108923208332511 -0.0359211653916858
-0.0787515916341975 -0.562009721066157 0.0359340049308312 -0.196354243287132
0.354031545101757 -0.403302284727877 0.323041394026851 -0.376570142513105
0.565191848145935 -0.201162396371836 0.644330842162045 -0.23111142096312
0.675978089430679 -0.376779520306564 0.0390278570800257 -0.122904389001626
0.378625682708995 -0.596456906370775 -0.0565169960017004 -0.0435219998763908
-0.110404328734604 -0.69213077625581 0.034581110343258 0.172733156473234
-0.539190517039958 -0.413918108654553 0.143633775950761 0.153873767543412
-0.517368205183045 0.0803702613804112 0.219573530739124 -0.024423908491471
-0.35190719169295 0.288489751647944 0.185555769911878 -0.101838042126334
-0.225798962491511 0.482588261867764 0.129230114010182 -0.187334493752281
-0.163288315351037 0.499117826329116 0.0800916918179105 -0.124440721018033
-0.204336155032787 0.490000671018379 0.0944509637929708 -0.120158852692146
-0.408292190604846 0.31334758593001 0.105763326894309 -0.0142637437804936
-0.547056467883682 0.0694119009897232 0.0325862601581279 0.0518041275258428
-0.581100281437316 -0.440515138364195 -0.0973294067942123 -0.0270371802822878
-0.123011106401572 -0.732457871183656 -0.0178114937279284 -0.18314549284407
0.448553072761705 -0.563407849433187 0.225278956193964 -0.327396479328198
0.759042134073696 -0.308950318655565 0.415104955746709 -0.209330471429901
0.727771539582918 -0.464223230238159 -0.208947662145833 -0.0344981785318915
0.389661003118105 -0.707860894715795 -0.167660532445484 0.0939250126096611
-0.163918130984953 -0.780179700086237 0.0439901160940172 0.217176911041518
-0.621462118259977 -0.447325307360272 0.119187753177047 0.145464547740026
-0.578249338801883 0.0914421032596983 0.115202969146023 -0.0186367499447245
-0.397134583885897 0.309936371396962 0.0535321743533828 -0.00376448765752706
-0.27381085677248 0.511430443343761 0.0392532833337644 -0.0272073128542377
-0.196700608060267 0.51922141851067 0.0189510901861119 0.0528818955769796
-0.239836909029367 0.500054297295066 0.0095371286819998 0.0535541719490916
-0.443267961151559 0.304118118412221 -0.016752896280124 0.11363598277287
-0.567068441720757 0.0482422495858119 -0.0990703502725962 0.0955956938371555
-0.595802350661706 -0.467798929523192 -0.17879713185462 -0.0213049628910728
-0.131379870180955 -0.772198225864449 -0.0677636220447357 -0.157140747876826
0.471880008892666 -0.609283654426573 0.113825085771895 -0.232011456506058
0.822318544312808 -0.359831269865937 0.147268348957746 -0.145844267624122
0.668681843949627 -0.482636761381497 -0.455487810918333 0.0627315043092101
0.336762379435248 -0.700125945405113 -0.279692000049257 0.238419275194787
-0.180929676376381 -0.73711634347949 0.0358366197431213 0.244316630811239
-0.592569121987076 -0.403779176205515 0.0690638218901786 0.124668627904172
-0.538700417599163 0.0856497135071804 -0.0123518969674022 0.00148278927984965
-0.378822494232499 0.28311246524895 -0.088736650763503 0.103515118889172
-0.278797780314595 0.462144705614766 -0.057138224251368 0.140209793226325
-0.201385159145736 0.462811511398808 -0.0454764798722379 0.221872884363189
-0.241453677781489 0.431187823031033 -0.0747575983556387 0.214765637787975
-0.406956451196214 0.240435592629017 -0.135962924558401 0.217705300517801
-0.485392735948148 0.00664740017212047 -0.217652770447773 0.118990090555684
-0.485962825947496 -0.420569557364063 -0.232144906372225 -0.027240573048045
-0.0923927986075653 -0.663789964329199 -0.096011993488661 -0.127885810178158
0.422846553682405 -0.527658446663442 0.0157944504754913 -0.114550416173688
0.753815636201549 -0.341634369248432 -0.109539929856899 -0.0568870151597089
0.50451039913998 -0.423142948950212 -0.659900640899378 0.145524490040695
0.230612838917123 -0.561163671095882 -0.373008596346442 0.353606667645793
-0.153076766237749 -0.551379652532025 0.0101704300628849 0.2459900006374
-0.440120391301149 -0.28850935688278 0.0062939766564929 0.0956949830623423
-0.395303397761369 0.0592417001017168 -0.133441475198576 0.026263570556434
-0.292299400682867 0.204063603419607 -0.217374416494023 0.196121545434243
-0.238208218202792 0.336368492400181 -0.144403414646657 0.290928324944535
-0.17660585850186 0.333193050632915 -0.10274672485573 0.357353644813233
-0.205412947307589 0.297809850584964 -0.148516010812369 0.339677517585554
-0.312896332222531 0.139553468323949 -0.2333229743507 0.278910431176775
-0.330716623545942 -0.0383258160947681 -0.29946575331308 0.109566665845327
-0.294518033298769 -0.312966838839712 -0.24409030450685 -0.0464459296853564
-0.029491610971795 -0.448664569413539 -0.0957589679784898 -0.105884966539106
0.30980880201791 -0.356536891673326 -0.0511759874783563 -0.00452242898463054
0.568481122390014 -0.272684119602335 -0.314439263615137 0.0374488346947319
0.258773184546761 -0.291019635251236 -0.78711477638114 0.196988129638598
0.0867620594482789 -0.32818392596787 -0.435258965142667 0.419217974576864
-0.0994114880322667 -0.27432458529265 -0.0225469412909475 0.230344384833123
-0.215767919165423 -0.125946261094477 -0.0428977189028731 0.0653784056469
-0.18504438347195 0.0210046986305487 -0.218564637539237 0.0453154125634482
-0.15687929341659 0.0873383385291844 -0.304211231572574 0.252969580860715
-0.158325798749096 0.154317241997214 -0.208483225271713 0.396385331339352
-0.124322289985578 0.153017027392397 -0.144338993859167 0.440503178925005
-0.143620031104583 0.125286580469174 -0.19952079281853 0.409922294780821
-0.180048888112653 0.0286739433584969 -0.293672767158141 0.290551111440419
-0.146389315143809 -0.0686069647787258 -0.335963294357089 0.0750564389613805
-0.0922611400664316 -0.167109484778192 -0.218716386520972 -0.073074299769903
0.018808387856673 -0.195218742897607 -0.0773495152288222 -0.0926584323291353
0.156517241377868 -0.161503257948201 -0.0849621526832009 0.0796470209228755
0.307351928357078 -0.170586956047718 -0.441409174876654 0.124133016192926
0.0622178865982067 0.0515815350984463 0.47584507431685 -0.29335665937605
0.0428776476339099 -0.0313108522605291 0.117676620725877 -0.238377178136214
-0.0318340607376834 -0.0648532101161687 0.0147146103431092 0.0764225293608384
-0.087221546713143 -0.0120724567299364 0.16956423399967 0.106124553579747
-0.0392761525599202 0.0708444676115392 0.330500484177574 -0.0432472591923258
0.019165004750739 0.0619509648747349 0.344531814789661 -0.287055320627948
0.0647425925420938 0.0556944937077041 0.216094011499915 -0.447913178526896
0.0538764702524029 0.0460829072843192 0.140840778600424 -0.469916695319572
0.0510099503962799 0.0447043440523777 0.197809724724088 -0.456952895456379
0.0229982904725006 0.0511382533165978 0.280237285493604 -0.312831989726028
-0.0279482209358318 0.0421660255659951 0.267379691084226 -0.0938046064292837
-0.0401428992035332 -0.0150735322033239 0.106417837944299 -0.062644411219907
0.0290861153908383 -0.0116328412492689 0.0882533610861151 -0.197693401279413
0.0212425463622685 0.0703623644679989 0.391870802901565 -0.364662599956451
-0.0459422774184186 0.102507306010123 0.852321339398843 -0.194010988083272
0.312095650823618 -0.117257525692716 0.403661994175333 -0.261298286229368
0.17921095317671 -0.237353762641128 0.0897551230873302 -0.213485258339787
-0.0554431342000127 -0.30145014527866 0.0170259743669439 0.0968605924123597
-0.259883234240372 -0.167404571300124 0.161132461981492 0.129600099679855
-0.222781454353908 0.0802847598638991 0.320327375961047 -0.0358881540762152
-0.12024329877275 0.164503064376655 0.331680811478912 -0.254846526226497
-0.031310010946511 0.245232993886176 0.213370852348726 -0.416208305280247
-0.0120171173243797 0.250043736801997 0.138506280076273 -0.414656516381072
-0.0360108823655048 0.250261761083815 0.189058134089854 -0.404579192434736
-0.146733575879351 0.183952734613562 0.263349950895094 -0.253199224259261
-0.2469628284826 0.0758723153612116 0.233934910145284 -0.0554417366461215
-0.27736372606291 -0.179845142825162 0.0585222942795085 -0.0485588696191358
-0.0415136387504897 -0.308234141023977 0.0688331517599449 -0.205547967547773
0.19480120201081 -0.190780965098965 0.37341425597889 -0.406139790851902
0.279728975141472 -0.0742433882988995 0.798501179080328 -0.253296704231594
0.525258538681049 -0.278150309059419 0.25197073605767 -0.206023482491856
0.29225305815063 -0.440527660549057 0.0298805150473131 -0.150910330235087
-0.0922565003652808 -0.520482437082083 0.0280870833449788 0.130400186964917
-0.426552654790748 -0.302156851092647 0.160281115701008 0.145517720692452
-0.388753694670156 0.0908378222169635 0.28627121936676 -0.0369530144593234
-0.246347365471313 0.252197965420803 0.277517137466433 -0.198007570028381
-0.123494935803512 0.401675014040364 0.178196091864909 -0.328193498280896
-0.0773124080647048 0.417347431811163 0.116571686279325 -0.293802675503117
-0.118134951827482 0.41470085329925 0.150254991003094 -0.286989565158245
-0.295202829457504 0.288519063949236 0.202841203976649 -0.150740157282081
-0.433572662271255 0.0973896804397865 0.152503366211017 -0.00487286276552797
-0.483994247929009 -0.322220224834656 -0.0145330955736113 -0.0351510294932618
-0.111967915673116 -0.567656411016866 0.0285086789254407 -0.20512138769048
0.34029073578086 -0.428955306457436 0.311412696938757 -0.40430461157934
0.564383210567047 -0.238125689640322 0.643573754144005 -0.267558356992595
0.666685118554647 -0.419453251103155 0.0391831091100224 -0.126513564961506
0.352704408460359 -0.626191651015849 -0.0569774785454086 -0.0414441918591977
-0.153710102845242 -0.697812355971753 0.0461380314568607 0.175674296060777
-0.580117759715142 -0.389942783918198 0.157387250592099 0.149527422349173
-0.521135992195411 0.109942155018704 0.21808203276003 -0.0370303074171594
-0.342926971460741 0.316083007121935 0.183469357394627 -0.114551817694045
-0.197216616959858 0.504936037123179 0.115169011306151 -0.192436638609185
-0.130345697921147 0.520255355061679 0.0757932768397029 -0.13049210405698
-0.180916092809297 0.510984332844152 0.0874642018208537 -0.124204479532744
-0.398546494051105 0.343782115152214 0.106132128615812 -0.0197294725614141
-0.555674129507862 0.102313363095065 0.0350285777586884 0.0517362744954859
-0.621866731698925 -0.414140919819025 -0.101997922224718 -0.0199058456542275
-0.168037150610163 -0.740482950944812 -0.0250177300656087 -0.188062586355366
0.428654664789741 -0.59703142196052 0.214087221687407 -0.349366674815157
0.755566965649915 -0.360306651201931 0.410374956490588 -0.234416825324433
0.717105764001678 -0.511009682285915 -0.210565222072622 -0.0242840478227037
0.357289914153489 -0.742171152045281 -0.162179688683816 0.104603443758955
-0.211616783029734 -0.788736838652928 0.0573045742794703 0.220917210159508
-0.666717123561309 -0.418467118552034 0.133386724279155 0.141910131004186
-0.583034354404767 0.124764633575192 0.112867935773342 -0.0249098492489407
-0.388843487127902 0.34142884960639 0.0574782675358538 -0.00630278124320492
-0.242470533610273 0.537032253262595 0.0325994230339147 -0.024374068788236
-0.164329444223683 0.545291052829213 0.0237120434303159 0.0532706828674502
-0.214180485005093 0.523680366521858 0.0118507675363149 0.0567258642593387
-0.435282352111823 0.338961165972494 -0.00972641477129211 0.116645972472317
-0.578825256123425 0.0815048908676914 -0.0979241106271823 0.105159527844699
-0.639262930541663 -0.439815979591146 -0.185233654337394 -0.00927256672229088
-0.17952082354033 -0.780270622872948 -0.074698344987375 -0.157297500916866
0.448495361827398 -0.645918945506251 0.105551093693621 -0.245404911490198
0.818176957970832 -0.414501878680583 0.139874505902739 -0.154202879942142
0.657717408920402 -0.526341043699076 -0.458465336002273 0.0863434011902573
0.308117190443177 -0.731757436274699 -0.268501342086209 0.257835516557862
-0.226228340935396 -0.743075148119106 0.0503408109149946 0.248885178506207
-0.635913283074744 -0.377145889385525 0.081699538308619 0.12329108734147
-0.54483298212374 0.116860318237507 -0.014375560771263 0.0031347619495418
-0.369988699001584 0.31366441795073 -0.0803761380036599 0.111855627869626
-0.250995843848313 0.489347283758194 -0.0540298167620467 0.151866105519589
-0.172829030250299 0.486687815847201 -0.0312983385743829 0.228484552375756
-0.218947035646536 0.454036026103677 -0.063611141616098 0.225799000459989
-0.401677455813827 0.271572357089281 -0.124308370062098 0.229610886243634
-0.496821896977733 0.0352792200584977 -0.21764052823143 0.135042233674481
-0.524441622384906 -0.398651084004007 -0.239803773295525 -0.0110834860055582
-0.132888708008936 -0.67163367519415 -0.102476097315838 -0.125283389628048
0.4019627505214 -0.558764206930031 0.0118501879943407 -0.12044070495954
0.748663997454815 -0.392428177820823 -0.117951869329874 -0.0496511171757997
0.49150865138414 -0.457857060651451 -0.665505684284227 0.181651533678131
0.205009920094261 -0.588154984844422 -0.359016956497958 0.381416593639608
-0.187459894763685 -0.558092216791759 0.0244974067953651 0.251686135418263
-0.472095363724662 -0.268458443675106 0.0162068214751845 0.0964856358143586
-0.399778513864305 0.0823488644885595 -0.135042615973139 0.0358259469161082
-0.286429854796054 0.226385592229791 -0.204048271380406 0.214520899074899
-0.217335598765055 0.359370167507495 -0.13154069268192 0.307383813324094
-0.155179670166881 0.353337264485853 -0.0821697441999134 0.368452958810798
-0.191740436384429 0.316560278282343 -0.129699839232944 0.355141743047537
-0.311156149307832 0.163009387566171 -0.218306393380582 0.296916685291258
-0.341323889411134 -0.0214203277280831 -0.300016767910986 0.130441254206231
-0.322062869982087 -0.299379202108396 -0.25229742265137 -0.0314284927968712
-0.0575530601021495 -0.45503345965077 -0.102497217040416 -0.102460234537759
0.296351503008981 -0.380008755980347 -0.0511754346400655 -0.00428909694690443
0.562601619280344 -0.313127443771801 -0.321886165271371 0.0574078817855638
0.249783088396249 -0.310207705182779 -0.793143509146094 0.239793940698803
0.0729725277026193 -0.341548089384879 -0.419677802853305 0.451271170343953
-0.117573547815303 -0.277223764768515 -0.0096774248150809 0.237418721549462
-0.229313983710392 -0.115612092857514 -0.0362289936502419 0.0679998805674926
-0.186437611982455 0.0315167326214241 -0.218558172901263 0.0584542825453197
-0.154668895242748 0.0978995450548118 -0.290650806823456 0.278512901720194
-0.149416890546477 0.16938881247729 -0.188889822468911 0.416354304082546
-0.115139436025774 0.166054543386428 -0.120151171174898 0.455576785772419
-0.138423588181902 0.137332705178471 -0.177207273684284 0.42788386122463
-0.181854068821992 0.0424051111845906 -0.279399774008559 0.311154132579073
-0.154672346069893 -0.0617770960135043 -0.338835817705964 0.0976134906814125
-0.105538591346526 -0.162586115887189 -0.227793620750071 -0.0604237986190429
0.00562025327592023 -0.200018380053885 -0.0835159811085168 -0.0880996465451255
0.149655068080795 -0.173739564501791 -0.0813561219113168 0.084020834239147
0.302211615616796 -0.194353468464479 -0.445927549356299 0.153287718796232
0.0629161200606267 0.0466553882463157 0.457840971592583 -0.318039285103476
0.0401057746890485 -0.0313316621317547 0.101220748048395 -0.242258952611989
-0.0354647268082087 -0.0611835106306213 0.0208145762771289 0.0762418202542204
-0.088171261932885 -0.00665374855369953 0.174465162425022 0.0947563244728629
-0.0353303356412155 0.0718802871393333 0.322567479929653 -0.0621098045904346
0.0216249549689956 0.060733643328102 0.317912123075366 -0.305459390889365
0.0663677358501669 0.0496066957674932 0.183618907591253 -0.454038552425934
0.0565229066642961 0.0407071522197188 0.110969701464466 -0.473089461569646
0.0527062343594885 0.0404719515347403 0.164807283294367 -0.462568398508365
0.0259659714331964 0.0469878437259214 0.254904584900844 -0.325159310940222
-0.0237081404561801 0.0427320573179421 0.259324860404568 -0.110773077128133
-0.0393339102939488 -0.0119250028355145 0.101178585778747 -0.0694726317890261
0.0301505987512948 -0.0128014141038596 0.0752456397316365 -0.202255458943799
0.0252864227789969 0.0686256896676685 0.366652646150726 -0.383999283649882
-0.0397605943515887 0.105375626646498 0.835641324678356 -0.241249880459024
0.300189217385952 -0.134725012818558 0.388733460425515 -0.281546739538886
0.163039186224699 -0.242870370666873 0.0762018686964708 -0.21597199814708
-0.0737948019429524 -0.293894178975697 0.024786452921733 0.0967703479784221
-0.270057331997717 -0.14844893207405 0.167931008889454 0.119119629568043
-0.215869049822477 0.0919210399673318 0.31144447836238 -0.053968264006745
-0.109839173242404 0.171734756685203 0.309711720638359 -0.27208663396882
-0.0145413060905498 0.243074798411687 0.181752110150993 -0.419866992974805
0.00703159094461493 0.2477989663817 0.111752664492335 -0.417122528109142
-0.0192270752153629 0.250278381061152 0.159026727666673 -0.409995643936824
-0.134074735268064 0.190619217143606 0.242690474720044 -0.265087502906415
-0.240059199958295 0.0902882312800825 0.228351149684757 -0.0698589173125743
-0.286846451969065 -0.159644215777112 0.055150854830199 -0.0508749863495658
-0.0591092057451671 -0.302641350857798 0.0570548437442466 -0.209989231777618
0.182866855345633 -0.20071302210481 0.346957519517511 -0.424019189607648
0.271282525101433 -0.0910935987763116 0.775836605028861 -0.296701858367769
0.501010205364138 -0.30586124717406 0.242710276280597 -0.218265972962377
0.261764966692018 -0.450006192099943 0.0228749118409966 -0.151590793626772
-0.124005115255674 -0.508110773024852 0.0376525106179224 0.128640044564861
-0.444779435619548 -0.26952589956143 0.168330898192843 0.135226598583102
-0.380436005245186 0.11246997727517 0.277774315801696 -0.0520989018841318
-0.229179511787473 0.266870996545774 0.260507436716502 -0.212480701302198
-0.094244857618963 0.404451043314691 0.15211812125117 -0.328788635443324
-0.0444745314252336 0.417968458834085 0.0979927435154278 -0.297002387394203
-0.0891571388038705 0.418640387016702 0.128581937406924 -0.2909414490178
-0.274544419878563 0.304818310967736 0.18998973215427 -0.160277102992503
-0.424686895439843 0.123486720994989 0.150265311158956 -0.0133343371337258
-0.503845409188044 -0.285637140960469 -0.016168568284915 -0.0319610703767437
-0.145183615228126 -0.555763115676437 0.0181663213860021 -0.207289520296346
0.312394930821964 -0.446427736174974 0.285946553864755 -0.420338975257598
0.543181653454173 -0.271848188838125 0.622042242759887 -0.301619879051294
0.635713940937265 -0.451340325229413 0.0359573550499695 -0.128444763336314
0.311386497817991 -0.636567225656733 -0.0561191454736538 -0.0389487242458756
-0.197058939864194 -0.681870423138379 0.0577933968878848 0.173144457115894
-0.603843091790865 -0.347699324005561 0.166752906948433 0.139134802944277
-0.510050119084203 0.138690771976245 0.21021030910017 -0.0477967473987896
-0.321513817660014 0.33741063833878 0.175890375670167 -0.125451214693802
-0.160056018604208 0.512262940812416 0.0983727174424748 -0.1901292909277
-0.0891967381965773 0.525392579665991 0.0682388864066203 -0.133274976851052
-0.145489338621678 0.518539689672915 0.0773548518661459 -0.124991934267083
-0.371958610513652 0.367628167738412 0.103144332528514 -0.0254012391513188
-0.546830114770826 0.134751618559983 0.0369357197135364 0.0512974013886726
-0.646073758114109 -0.369016065995797 -0.102687368538064 -0.0113386226244815
-0.211484056947627 -0.722875776157688 -0.0336739026401712 -0.18751519102341
0.390440822551276 -0.618416282445159 0.192646959312315 -0.361344210366856
0.724115662937115 -0.405514582113183 0.39257469421573 -0.25340079683324
0.680380189015264 -0.545197179793422 -0.206522953552725 -0.0130833926741456
0.311871526846529 -0.753935978446404 -0.151386055290108 0.112489490898405
-0.261453200701081 -0.770013076983619 0.072524263093607 0.21745198558056
-0.692584778341956 -0.370835497841264 0.143461097782365 0.132678641152182
-0.57129768129705 0.158034557338249 0.107699496627185 -0.0288252323228988
-0.364737650895555 0.366031006373384 0.0590398428393639 -0.010271528307963
-0.20065805525237 0.548269464631563 0.0276145568702587 -0.0189830021216634
-0.120281539751103 0.551622559819212 0.0285388843585715 0.0515491218610568
-0.177197187870934 0.53379504655335 0.0153639319718586 0.0577502652328388
-0.40946259990624 0.365120988552694 -0.00180192865511247 0.116538528627573
-0.569786441402114 0.117208636481075 -0.0916845620732236 0.112527455509043
-0.665449096146441 -0.393730272625669 -0.184792082439437 0.00568344380585742
-0.226943724636966 -0.76396958847181 -0.0813987912608049 -0.153385825080434
0.408682094763068 -0.668239247653334 0.0901843758906768 -0.252767567237508
0.783403001809322 -0.463459958473726 0.127282389678198 -0.158214751341139
0.619957639043613 -0.559554774098396 -0.446779798582745 0.111111226637296
0.261091447455805 -0.743557867278041 -0.247653391271282 0.270192784130054
-0.273361431546829 -0.725790842405706 0.0669983741158456 0.244687755028782
-0.658151863449002 -0.332174575220777 0.0915125315009912 0.117022672482571
-0.531657127163268 0.148951113568549 -0.0158437036055378 0.00570439171661767
-0.346948142166853 0.336260925277926 -0.068192041268626 0.115561751586611
-0.211669989252081 0.500987432847277 -0.0462947656373322 0.159835285109104
-0.132721280111244 0.496412941563136 -0.0158314162302331 0.227191503499451
-0.186711431177283 0.463756574539711 -0.0487275734636661 0.229148165139841
-0.380257508960916 0.296751622479893 -0.10746526141591 0.234628306093001
-0.493692781603906 0.0655114294926609 -0.208076892060051 0.150103230238184
-0.548028827249913 -0.358136208101859 -0.239108473018489 0.0062831970083738
-0.175601739946012 -0.657694246931932 -0.107117174068565 -0.118962088148374
0.366317843537448 -0.578551584391151 0.00488942031730257 -0.123039689539907
0.714165822250498 -0.438542471919118 -0.123020519077693 -0.0390231437915786
0.461592617036838 -0.481321883091508 -0.648571297588238 0.215554992469078
0.170470944232147 -0.596728863703261 -0.330522447481809 0.397337422819694
-0.222793006565696 -0.543317296784451 0.0399465532553252 0.248801238893782
-0.488172807545278 -0.235119249293981 0.0250115494378257 0.0934744693115581
-0.39051785944379 0.104647144165737 -0.131603646378816 0.044419883141839
-0.269215211318687 0.244030991734784 -0.183291237817096 0.225838639152578
-0.18817752046665 0.372324606889825 -0.112412537738375 0.315589900407979
-0.126210527866306 0.362902072752632 -0.0572970222028251 0.368936042350915
-0.168975271368195 0.326653059458295 -0.104969139856743 0.359829373927408
-0.297374245247947 0.183897502140266 -0.195665718521869 0.30612872040674
-0.341126019588455 0.000576735240766827 -0.289561718583099 0.149886135402413
-0.339647591087871 -0.273865088909802 -0.253059277418833 -0.0134249923445403
-0.0880135895215308 -0.446008678968422 -0.106107391206949 -0.095583191197049
0.271324110481322 -0.394684625445802 -0.0509927018312603 -0.00461998724307638
0.533906483984457 -0.345539968675239 -0.317530302790475 0.0787720569970388
0.230500661597114 -0.321776034017945 -0.773806257158602 0.279942641986911
0.0537111300539569 -0.344886754417386 -0.387166991121859 0.472211350028466
-0.134584420024004 -0.27056609547285 0.0054372985747437 0.236806528822177
-0.236762007291262 -0.100444937617471 -0.0290493840821006 0.0675175787784403
-0.182021611374422 0.0418405899020055 -0.21222259452497 0.0718124592797607
-0.147380638159766 0.106818278849479 -0.264695409567935 0.294980723012932
-0.133667353566987 0.17899841086734 -0.159596082412562 0.42427079438405
-0.100507915407253 0.17401810572338 -0.090114399105761 0.456389842189912
-0.127666394238443 0.146365362000412 -0.146279915306892 0.432984807610212
-0.17698360283238 0.0555326495392276 -0.254679817868912 0.323265359346405
-0.158527310544238 -0.0508841951798269 -0.328947768234495 0.119470643363031
-0.116320492951318 -0.15177291322152 -0.229488908279538 -0.0448240212739611
-0.00931613189344055 -0.197767502831693 -0.0881304874764794 -0.0818849384782668
0.137145000197502 -0.180887115859559 -0.0743960525840488 0.0856115409973518
0.284140122590668 -0.212635564684722 -0.434538156417643 0.179984181181876
0.0609978288464773 0.0427246123591744 0.435953225649579 -0.326270089506783
0.0370775440632046 -0.0295345928430669 0.0887664943089799 -0.237260554863482
-0.0369772834029775 -0.0567295592964651 0.0265801359165239 0.0737859876798869
-0.087024562009521 -0.00329463432589748 0.173225242782075 0.0858055004057094
-0.032136221164247 0.0713732791698219 0.308727818336674 -0.072682482175358
0.0223177068800757 0.058995617230222 0.292495454530726 -0.307981036670071
0.0649056488163559 0.0442241908735303 0.157784981997852 -0.445176065401109
0.0559959499871509 0.035890824335137 0.0873462216755149 -0.460834533853092
0.0524053613036027 0.0360457626321102 0.137480349532134 -0.451963752183022
0.026117049630248 0.0426371487397725 0.231354494782067 -0.323787704398081
-0.0207976950781285 0.042114999489545 0.247382440583207 -0.119328649142211
-0.0371765857230515 -0.0103724088089328 0.0944494874078567 -0.0715452967349331
0.0306464450995691 -0.0136473606932257 0.0647457416133649 -0.200039008467547
0.0276006331622708 0.0662415386647452 0.341312918736478 -0.385053090540095
-0.0346558052004721 0.103805638930104 0.799825351686951 -0.265429961041142
0.284428751970944 -0.141041092436166 0.370243651633762 -0.287455861801567
0.148153679635123 -0.238277156866477 0.0672038796573391 -0.211931274149156
-0.0839717303374965 -0.279900933541477 0.0309841764022038 0.0935980160788031
-0.270359441266755 -0.131433118582487 0.16891244119378 0.109577623351139
-0.207381660509707 0.0970373429029305 0.297433040838146 -0.0634564328962986
-0.0999921034454152 0.172935247774341 0.285734788799664 -0.276841120561988
-0.00333894284643151 0.234872700606465 0.157390258233565 -0.409771906115847
0.0198826450798315 0.239245052154299 0.0932502194588159 -0.407378185692137
-0.00772832910540592 0.242654176017167 0.134788112540149 -0.399616941304468
-0.121817634377772 0.190103665961182 0.222779637895796 -0.265127823872561
-0.229479160652359 0.0976258063452992 0.218207448157714 -0.0769999659181461
-0.285339068583562 -0.142948560882557 0.0510584524360198 -0.0510828836598939
-0.0682673794071791 -0.291423590848915 0.0482808798939898 -0.207897650774116
0.16977509043122 -0.201366437518818 0.321545453771687 -0.423848413662297
0.259141653416506 -0.0998387493275619 0.742853545446371 -0.316861802861576
0.473822818682513 -0.3135300109373 0.232554562648766 -0.221861657493633
0.235442896446081 -0.443644812194771 0.018320311573418 -0.147691649137054
-0.142320834017052 -0.486482599418949 0.0447509481366235 0.124656056693702
-0.445856681412621 -0.240984759083314 0.170299588716975 0.124940028999572
-0.365334880952914 0.123029838087291 0.264402262484411 -0.0585641676721074
-0.211907433207379 0.270659956385418 0.243511071028803 -0.217985020706176
-0.0718344196122518 0.394617352053678 0.132657409480175 -0.318676231065651
-0.0209308734038153 0.407048604958947 0.0838997701580921 -0.290577633545955
-0.0677989517720038 0.409415837956564 0.110546564909558 -0.283350596604197
-0.253318447984002 0.307423073531954 0.176367961048031 -0.161877629036057
-0.408419242549441 0.137998356016577 0.145274832382026 -0.0183940537047942
-0.50348993246074 -0.255026651346015 -0.0166098280321746 -0.0290577796266181
-0.163035970591299 -0.534547119525761 0.0108900394335341 -0.204964940289245
0.287014577598674 -0.444674979601226 0.262258822397533 -0.421542581494746
0.513715985430605 -0.285477843739993 0.592754405612194 -0.312523063104479
0.598982520559876 -0.461183366461902 0.0345704619483837 -0.12690843529931
0.276932314294749 -0.629297345020244 -0.0539137204377431 -0.0365279997890102
-0.221413042912259 -0.653073660113159 0.0661766553659124 0.167282611851262
-0.606332205227179 -0.309074400605522 0.170076886059575 0.129069376601646
-0.490162439421797 0.153573664314929 0.200078778438729 -0.0512512917829398
-0.297376752787704 0.343178975755248 0.166146878274885 -0.130131012292305
-0.129615383379842 0.503619762020575 0.0865329940673652 -0.18092343308538
-0.0576044582002542 0.512420536599382 0.0619677805716689 -0.131471113044386
-0.117318764412733 0.509755949405923 0.069163702901784 -0.121664957315996
-0.346153806772524 0.37422130330139 0.0987338538303786 -0.0275166097354064
-0.52635247593442 0.155227117655588 0.0377309002101504 0.0500066277922543
-0.645712176540203 -0.328304768756432 -0.0997590243686194 -0.00491739428910812
-0.236047989241833 -0.694480200495788 -0.038166028478669 -0.184161377194833
0.358150211865689 -0.614882417584826 0.17343967127395 -0.36018566986213
0.681647874593144 -0.422575610250784 0.370459971833118 -0.257553041148341
0.639455268334873 -0.553105842592279 -0.197274221556775 -0.00572556594394362
0.274476659069118 -0.742732768661358 -0.140074850434527 0.112831407932026
-0.287866505444472 -0.736621089056348 0.0816264274861159 0.209208535522186
-0.694860766566162 -0.327050860774789 0.147740187582038 0.123557962220164
-0.549481260262471 0.174195613574787 0.102594096438539 -0.0290739488143109
-0.338121277452547 0.374123572516428 0.0604627425640648 -0.0142031975263649
-0.1670057231223 0.540661816386286 0.0260775913173368 -0.0120225828152137
-0.085619208341109 0.542323398530771 0.0315300191054246 0.047874415695503
-0.148273981941255 0.524989544870225 0.0173289239058508 0.0576309235928762
-0.382144259749871 0.372011102690822 0.00297253014945618 0.113427022034512
-0.550833023861098 0.137374584737924 -0.0842288957378828 0.11609376858799
-0.666067125429361 -0.350490253775874 -0.178730885217446 0.0154873300938856
-0.254227856352106 -0.728881786319172 -0.0820589366230451 -0.148745230932908
0.371226492362672 -0.662801859812479 0.0785164099522495 -0.251118437445962
0.736309275463065 -0.48250349616817 0.115925762118352 -0.154597024047887
0.580936020019856 -0.565862741584834 -0.42807291153923 0.122368846436985
0.226824751450178 -0.733022998208001 -0.228260604650644 0.270876008783503
-0.297010996666832 -0.696332102330263 0.0760943070912498 0.237373242550115
-0.658063776756261 -0.291234256902684 0.0968194606839501 0.109404871995563
-0.511166589987831 0.163643506647411 -0.0152155571323928 0.00935976000060451
-0.322692022027759 0.343226140709353 -0.056174550272134 0.113713581301665
-0.178842225952176 0.495473487527942 -0.0391698610760937 0.163118074901251
-0.100489164847963 0.489273651077245 -0.0048848764464119 0.220400012994627
-0.159183903834525 0.459794638726166 -0.0362180737998789 0.224619674707537
-0.355797273409685 0.305464128991752 -0.0939646692032431 0.231641039671243
-0.478632748189428 0.0835199616374831 -0.195631890511316 0.157172472186726
-0.551097796317131 -0.32096588687301 -0.230988097767709 0.0183754845391122
-0.198599568340658 -0.629840124427439 -0.106989610261475 -0.114097661389192
0.333771653764199 -0.575696809233912 -0.000231715139609117 -0.122592828587413
0.670087703731882 -0.455381729544102 -0.122664763423099 -0.0302916637716619
0.429825623732084 -0.483062771204081 -0.620928405057732 0.231561822647306
0.145558446950921 -0.586628713066389 -0.304075292809415 0.398196604364311
-0.240014547136255 -0.522944408834645 0.0498113205397282 0.241804357170307
-0.487424558138685 -0.206625649620685 0.03052017339059 0.0890949417751602
-0.374524201866206 0.116081243691182 -0.125179804917007 0.0504382808580684
-0.25157602806129 0.249604862871644 -0.163126768352198 0.225856175954512
-0.162077832672819 0.369566438907609 -0.0950842436413607 0.315629373447654
-0.101683679530125 0.358739602712251 -0.0403862767542836 0.359072105612195
-0.14786701878392 0.325620566958435 -0.0848051423192976 0.352139713745632
-0.278946872877017 0.192818873702236 -0.176062753671867 0.303324930122063
-0.33382699154794 0.015512136200396 -0.27517080919633 0.160634059769045
-0.343836294178295 -0.247899566143336 -0.245249616350061 -0.000928276042078667
-0.106023683863375 -0.428100085968212 -0.1058014185669 -0.0897864398527645
0.247087935978224 -0.392548099189088 -0.0491635234862243 -0.00499429505643588
0.500452510325193 -0.358679163808188 -0.308020190750414 0.0922165257768352
0.212495243152867 -0.321336330678263 -0.742649194022294 0.300047349084046
0.0403102084941147 -0.339310061771754 -0.357382345992925 0.471264855272012
-0.142314158471023 -0.259416261691146 0.014925844308133 0.230495193543243
-0.23604526427385 -0.0869668165270012 -0.0238936775286241 0.0652750553848062
-0.174714676080197 0.0465326409453022 -0.201575898824523 0.0786008885183471
-0.138130456772332 0.110041130730648 -0.239798877127855 0.296601335725656
-0.118817119200106 0.180421684773093 -0.136755136431212 0.419760459633384
-0.0865229114013775 0.174585651472115 -0.068677561264988 0.444967770621207
-0.116397098950236 0.14871780517805 -0.121539112381641 0.423767536408151
-0.168873766728586 0.0633520281739742 -0.231326609067165 0.322160608065688
-0.157955281989746 -0.0420939258125713 -0.314264600973982 0.131700759213593
-0.120378851725547 -0.140165881252457 -0.224718863794301 -0.0326574016419141
-0.0190443261014294 -0.18996456726189 -0.0881794172837474 -0.0758961105229491
0.125079818858526 -0.181288859571966 -0.0691824262589465 0.0837016743877181
0.26450817580688 -0.218493724637251 -0.416380307104824 0.192659612676052
0.0577459829959794 0.0405101510872229 0.423852045106477 -0.323738746175176
0.0353505469720606 -0.0264924567958489 0.0844511736520319 -0.23143055471793
-0.0368779982556304 -0.0531614891464035 0.0307086301078973 0.0716613704671083
-0.0855273042854272 -0.00119217989991665 0.170574597090914 0.0803749116979296
-0.0312870279203431 0.0701445191908275 0.297785038864808 -0.0743378577467001
0.0217005089943095 0.0584470504551873 0.276589377066089 -0.303724934594524
0.0621448157546686 0.041012684516088 0.146698902940678 -0.434578671479458
0.0548938327650607 0.0331597265267528 0.079310676273273 -0.450477099611517
0.0509736248630117 0.0334533698150551 0.125345016796149 -0.440226420145587
0.025267017548935 0.0395364728516241 0.218740178472886 -0.316954635637383
-0.0189924405009628 0.0404775556799074 0.238743622742649 -0.121050532900941
-0.0344672353468707 -0.00963984078380267 0.0907232459435329 -0.0718938198819032
0.0316923083369538 -0.0135846459792574 0.0605763091354492 -0.196055940537657
0.0278610875756445 0.0647734979062922 0.328505131758963 -0.379889424449578
-0.0330115627806015 0.101915751222086 0.778773212101099 -0.26691761389829
0.273187264799427 -0.139846202849882 0.363361348836918 -0.285702593468926
0.141140635302274 -0.230560818538723 0.0636372564802261 -0.206408515298622
-0.0866151115944109 -0.269446029472792 0.0351369274849152 0.0910716378815175
-0.266837412790642 -0.122334233250543 0.167112699657874 0.104482444401358
-0.201606348575779 0.0975541205629633 0.287815919929675 -0.0642031647352347
-0.0955423162505751 0.171508508685816 0.272035861668395 -0.273832056603506
0.000194089119000256 0.22779869841596 0.146436248991272 -0.39795723439254
0.0251919731982453 0.231590823416314 0.0855672699740759 -0.396497120829102
-0.00355168644629809 0.236659063882625 0.12372101201982 -0.388780619968377
-0.116867106260234 0.186677092024669 0.21259550443044 -0.259333449278238
-0.222344016452297 0.0981168261870902 0.212334886705777 -0.0783066000783298
-0.281202752084016 -0.133647222440789 0.0488815467164926 -0.0504426540430227
-0.069384028582215 -0.2841886673124 0.0446606665930045 -0.204987425844078
0.16424946090535 -0.198285046998426 0.308235285802978 -0.417419959236475
0.249431161289255 -0.100381640738868 0.721401294017652 -0.312988316002997
0.456655861212224 -0.310041217407653 0.229429346599704 -0.219795409122506
0.224211128577271 -0.431168498968664 0.0176929238775192 -0.144601198250324
-0.147907392188079 -0.469806481153307 0.0490590784996942 0.121521752797826
-0.441522382052971 -0.225440373374068 0.17056288737563 0.119843063013256
-0.356922134211995 0.124191316503302 0.256837933122834 -0.0576643445599916
-0.202978136492886 0.26896827059259 0.233242465978953 -0.217218032420526
-0.0622491204106485 0.384677795376276 0.125060583638687 -0.306406770562518
-0.0089298106264901 0.396401183699227 0.0788616453532903 -0.284223561449605
-0.0583473050412772 0.400793706199078 0.102741301558227 -0.274431729927024
-0.24303851872458 0.304291389325805 0.169329952680095 -0.157787861071222
-0.397870680999061 0.140454617359377 0.141956941627853 -0.0192288591935246
-0.496579417371658 -0.239708550082334 -0.0163538609830567 -0.0268815085643916
-0.166867687774293 -0.51959864791959 0.00916255444222499 -0.202841270100785
0.275474877422451 -0.436535714286626 0.252183414856944 -0.413829159206878
0.493093194978597 -0.285610538853721 0.575170348544635 -0.310777753897207
0.57666915188655 -0.455582852366124 0.0371863020887375 -0.124770060584292
0.264070258344063 -0.615034654521453 -0.0508736630435462 -0.036628903583106
-0.229054125925415 -0.631942095254214 0.0712179183427733 0.162344430519436
-0.599619221245796 -0.289164105387321 0.170873723469315 0.123906985117353
-0.478101073906515 0.156639640547679 0.194711311696501 -0.0495367943012025
-0.284530565028688 0.341500423691848 0.160762954514255 -0.130892215337354
-0.114563270798233 0.490805674121928 0.0823324215574044 -0.170760607460757
-0.0414575862646327 0.49930524715001 0.0593457487240278 -0.128421134661628
-0.104228831096028 0.498179794810251 0.0650006563999497 -0.116755978957477
-0.331716797561874 0.370197204123849 0.0954577446148055 -0.0267866098931474
-0.512981156864272 0.15935347952968 0.0383692824254598 0.0505235482860471
-0.639432106608478 -0.306777330019241 -0.0958621053168543 -0.000838561204171284
-0.241685985228943 -0.675790038012735 -0.0383147591161813 -0.182326291226731
0.341604943588452 -0.604728372662764 0.165940846788426 -0.354756807838125
0.656569595431859 -0.42194815085931 0.357246265575984 -0.251975375300644
0.617030098557314 -0.547066383621966 -0.188931572664309 -0.00439285322868103
0.258485864042188 -0.729113896729573 -0.133359239022421 0.110528527020442
-0.294582365567743 -0.715177586885867 0.0858156702471772 0.204969395552037
-0.688109175831513 -0.306603444658475 0.149352490819746 0.119668231730548
-0.535357798848455 0.177076679482355 0.10098698156434 -0.0263605372246582
-0.32408154918807 0.371496372006845 0.0616163082402983 -0.0167504191528473
-0.149884065187371 0.529048596961237 0.0264014485821657 -0.00538871338613852
-0.0672478689964393 0.528995107672619 0.0316822524540496 0.046524549699082
-0.134152186998766 0.516183109173131 0.0182482186995239 0.0586730251045478
-0.365374816882407 0.370367668507374 0.00547187269465392 0.111818737427135
-0.538464095630698 0.144276964540036 -0.0795336480534662 0.116547195405793
-0.658563968334591 -0.3280323385755 -0.172854476687783 0.0202894880658908
-0.259851719186722 -0.709935587959099 -0.0813310371435539 -0.147142731160885
0.354593063387693 -0.650776668391114 0.0730817002826989 -0.248353502865983
0.708254585656503 -0.479557599116606 0.110679443229871 -0.148926953108087
0.561129391318785 -0.557630487935849 -0.414284183793612 0.123667975815601
0.214174131756247 -0.719501866923889 -0.217730913033145 0.26516089262961
-0.302281748865547 -0.676694838342955 0.0808591003354752 0.23242282064225
-0.652592356258321 -0.272571992037353 0.0996688023217809 0.10622816732107
-0.499574887961618 0.165385878948464 -0.0121819087298877 0.0118874149016119
-0.308413654002319 0.342191583895209 -0.0488436485181014 0.109739811278872
-0.162144339227225 0.486101485245132 -0.0329036194709424 0.165376430879245
-0.0841267753585363 0.477447004338047 -0.00135302733135619 0.214062442799575
-0.144953399101258 0.451254416120436 -0.031434672498446 0.220383697252521
-0.342485252439058 0.305689481461947 -0.0868300728369817 0.227412625215016
-0.468109807210741 0.091772113485997 -0.187621066579971 0.159271783194137
-0.545083126898173 -0.300618095047128 -0.224332152499673 0.0235987273377247
-0.205546099058807 -0.611056183798188 -0.105296005237894 -0.112196728988085
0.318588557191903 -0.564575006916432 -0.00161162511683249 -0.122490138534439
0.643745388803522 -0.452797792263984 -0.121784482368433 -0.0246373873446959
0.415627363322834 -0.476838081004788 -0.604466240326273 0.23275495972314
0.134976327199689 -0.578309203822082 -0.291336866142899 0.390570550115047
-0.243461008619824 -0.508862796599515 0.0534942366638411 0.237003256063306
-0.483159833797531 -0.193893968424263 0.0341020788235368 0.0865716251878952
-0.365846729725991 0.116934788334826 -0.119131133124264 0.0519657322587361
-0.240533139624223 0.247975119888273 -0.150182689116213 0.220888974721242
-0.147523117832559 0.363416838818145 -0.0865725281302966 0.312992742990555
-0.0871449561560999 0.351608038646212 -0.0342415077807052 0.348233095394766
-0.136525280292706 0.320800107521094 -0.0762713371987204 0.343262705564938
-0.268270359438609 0.193263120173574 -0.166202791135357 0.297616380872314
-0.327281863592766 0.0217693834641768 -0.264362582734166 0.164045008071016
-0.341076291708483 -0.23238217986645 -0.238550735490957 0.00477933136095769
-0.111342149861396 -0.414355512927367 -0.104116459823643 -0.087527430176472
0.235541477068232 -0.385098844255424 -0.0479453337776829 -0.00759298160945912
0.479803528937779 -0.357022894980839 -0.301144830510187 0.0959404515612656
0.204277379481042 -0.31592105226141 -0.722989498553738 0.300093091826306
0.0359399664444102 -0.334701723748447 -0.343537237994514 0.46436511694389
-0.143781991895419 -0.253971252845405 0.0176716177118846 0.225985904134478
-0.233089033091244 -0.0808166544094956 -0.0206083413479891 0.0631997723017758
-0.17037343032426 0.0466638833693827 -0.194118103147557 0.0791479240503441
-0.132316371806803 0.109567446403088 -0.224910123548668 0.290916402791566
-0.110153684055998 0.178588738953076 -0.125021028029057 0.412543093288865
-0.0783330239895645 0.172288809076197 -0.0608126202868642 0.432525817504333
-0.109334371174896 0.147965179476504 -0.110652047791283 0.41223060344504
-0.162137799998878 0.0654838106242823 -0.219458355065322 0.316704598760339
-0.1558671753209 -0.0376042222579716 -0.302164595566256 0.136069954895667
-0.121580653926083 -0.132219496952737 -0.219178551528032 -0.0264509438878108
-0.0237611670590565 -0.184105551787948 -0.0870015839551823 -0.073284559712211
0.119024047896549 -0.178467001005216 -0.0659091454080668 0.0795601830711702
0.252449095106409 -0.216659125229277 -0.405901446350485 0.194283114122325
0.0616114017739717 0.0278187643855455 0.37286401135895 -0.407985931695458
0.0272107599521936 -0.0302756670767923 0.0464751203498392 -0.24858885369286
-0.0436176538655796 -0.0414336815236617 0.0486589454798515 0.0588752449598242
-0.0789015476949411 0.0157716557054182 0.183425651122928 0.0415519456381376
-0.0152460711264781 0.0693243712496942 0.276923361260864 -0.128542365036136
0.027886074225074 0.0492748061852406 0.21412549795634 -0.347757688667763
0.0641453715788904 0.0227261141210027 0.0635545922239462 -0.446213355456803
0.0565403621559514 0.0198271255111145 -0.00493230912715918 -0.455860760837286
0.0542365018333137 0.0188788236386852 0.0404725401873792 -0.461410273120119
0.0332058219460056 0.0298583037399389 0.155352890491784 -0.361415724984514
-0.00744080149820552 0.0403258114187637 0.214002458170704 -0.17106596812128
-0.0318226994186966 -0.00445189628547186 0.0749750422767888 -0.0910477526238066
0.0312817160118407 -0.020925467471508 0.0211722932309091 -0.208278186068068
0.0477956989691918 0.0591828162140583 0.249926166752212 -0.451003909568495
-0.00176653503012818 0.107716395083401 0.732358753615889 -0.420038417675606
0.23287578914609 -0.179333774428065 0.336351683306166 -0.356108594871017
0.0891147722458788 -0.244448215673387 0.0409950873795053 -0.222242376190865
-0.133593248615688 -0.235680508098372 0.0691642730112749 0.0636896986597641
-0.275842491413035 -0.0590955536464844 0.18828751432305 0.0482809977225231
-0.173791065254256 0.12806471170949 0.260468397704832 -0.122102572844565
-0.0635191995205203 0.179735000130379 0.20617370256486 -0.319758556621709
0.04490796144092 0.212783488487181 0.056708479978604 -0.409624988087031
0.0647303155829904 0.216089061896522 0.0105533368396316 -0.40456369907113
0.0394135688006837 0.223363995414435 0.0495008146914956 -0.412225703742327
-0.077461615810834 0.19862675140487 0.160410317023116 -0.307551145435086
-0.191222252088208 0.130928191640381 0.195666073186818 -0.125866125294378
-0.292799309271267 -0.0765474100646953 0.0445412754444294 -0.0659662039484785
-0.115633780545475 -0.259632684082829 0.0174599881721001 -0.217297311997584
0.129541182749825 -0.224612814073535 0.223294912046077 -0.469124008928267
0.234915490651492 -0.145165593511991 0.659330965617245 -0.436310345175523
0.374574566738904 -0.372182248616287 0.22838471034041 -0.262727922277657
0.130806935433964 -0.452337346676829 0.0166320671496002 -0.154289691958814
-0.230864741164997 -0.414386528002963 0.0992146039855865 0.0780213455123316
-0.462910764303698 -0.12005820137024 0.197931178766254 0.0461348670104464
-0.317996424887434 0.183705683823424 0.222578385649685 -0.116824618801305
-0.147302920913735 0.293966860782488 0.171272931454332 -0.258625551717718
0.0200797711871826 0.374354329167984 0.0394453247156149 -0.316911238913792
0.0623220725184876 0.379381282758394 0.0232986050845995 -0.29293032940311
0.0171321829992579 0.392046959436048 0.0521947489102416 -0.296546338754607
-0.17861898169003 0.3355224035109 0.138372613865627 -0.200907266328636
-0.351958551741648 0.203200773965156 0.137549504607678 -0.0545943861337897
-0.519904409002836 -0.137223034754815 -0.0105860104848172 -0.0320311558426389
-0.252499443473645 -0.466413687580124 -0.00600861977708123 -0.21046663723952
0.191687987135293 -0.47914155047363 0.17011532388399 -0.441054804039578
0.43698525254246 -0.374896116445247 0.506282246187087 -0.387660858551917
0.464401198266715 -0.531201227576578 0.0628812743568892 -0.129909517601517
0.134686694769643 -0.634570359331552 -0.0240521017652357 -0.0363184324906916
-0.339870489115771 -0.553547359207137 0.13557586455212 0.102681151874584
-0.626520718806381 -0.146490394260077 0.199767201773429 0.0362817584544444
-0.428836189591473 0.238060133062371 0.156090788465337 -0.101685253907305
-0.212000413419668 0.380283877200099 0.110295507803826 -0.162926428936895
-0.0077340714774767 0.486961841602773 0.0133784623877106 -0.176545750741233
0.0508842702284481 0.486534981545612 0.032794758472461 -0.136919260650625
-0.00797407049133605 0.495639956650907 0.0457422097042036 -0.133770074539648
-0.252615731433436 0.417631211437766 0.0915969701127341 -0.0579059037503426
-0.460363775965574 0.241061883315188 0.048275455592073 0.0349689971091403
-0.671071193939299 -0.176544608653683 -0.0820655048678066 0.0083676350366643
-0.354593961256598 -0.600604878495657 -0.0424832497810782 -0.181750329821623
0.221817995607632 -0.656190998934421 0.0950292771161303 -0.354935826278871
0.566125196062035 -0.538973550941629 0.294959922193314 -0.276785856132023
0.484801912351894 -0.62380683729264 -0.13870429566611 0.0337307420388248
0.108589440061533 -0.743849329405506 -0.075696766355876 0.12450636678885
-0.418976933284293 -0.619699883438644 0.160617995238785 0.134186325400144
-0.714750366483621 -0.143873329502175 0.176531662567612 0.0282194370504723
-0.481697648137477 0.271384501907278 0.0640181820662212 -0.0631636324320951
-0.241808098754813 0.417818522459676 0.0310305605870367 -0.0331211310221494
-0.0316329443617072 0.532090836590937 -0.0156630774214597 -0.0052296234607022
0.0328869869303115 0.519457122113706 0.0370751450203348 0.0396984092547894
-0.032683541869384 0.518678237708142 0.0327240432617224 0.0489665797783783
-0.285944166363797 0.426244326190905 0.0288738810090144 0.0986067590997894
-0.488898684816754 0.23159448805194 -0.0560002896921513 0.126122345623451
-0.695270429462783 -0.191773041263941 -0.153426438658231 0.0451419908513658
-0.378667217225961 -0.62900668372796 -0.0770510500684071 -0.138033755704731
0.221486035080598 -0.702867633740615 0.0249102535177558 -0.226897556483513
0.602155253996054 -0.606706450652458 0.0640527744766198 -0.121002042734944
0.429178268881006 -0.624750893031465 -0.347084384443608 0.204859959872716
0.0678683489160213 -0.727663800481438 -0.134066687200559 0.295859264183753
-0.420207291086991 -0.582560041491921 0.157259647389702 0.164937338646727
-0.675514058949414 -0.118830138816711 0.122680883407306 0.0279689046648285
-0.448085440602657 0.254246238739366 -0.0390407872288503 -0.00249291509174097
-0.232308420973866 0.386817120670026 -0.0525643880077327 0.112107947018319
-0.0505571109689774 0.495314905253364 -0.0413101186529194 0.171177130452551
0.00808067660289469 0.473745157578068 0.0353167839406111 0.210500775773123
-0.0550039324793112 0.461688147914199 0.0140549354273642 0.219107674571726
-0.275884487609713 0.358843812816567 -0.0400176183419378 0.234035390286867
-0.433109629599794 0.169800555510264 -0.154511652013752 0.191292100259424
-0.580659956805722 -0.185914858272913 -0.206284047422917 0.0618824680056737
-0.309221021042367 -0.543062556350087 -0.0992929562885909 -0.096474675378227
0.200628465692245 -0.612839273794002 -0.0258025305102657 -0.0894488054319418
0.539040030661976 -0.566438871374625 -0.143947177431389 0.0443073034213611
0.307251057566099 -0.522985371023719 -0.530455832384009 0.349126370488643
0.0222823887817729 -0.577189146602853 -0.19405157241976 0.438002561959467
-0.331381877227788 -0.437468625057967 0.121133923395713 0.188049683090941
-0.49959443929557 -0.0812305825195743 0.0521903347974592 0.0358481211048708
-0.330011431967714 0.183204966002198 -0.130135707026913 0.0617086928927602
-0.18275176338976 0.285791755516252 -0.12589152424577 0.240882016329528
-0.0606876473043578 0.377845833285778 -0.058029707986989 0.32339013793832
-0.0178606445487619 0.354655705186711 0.0282812235099455 0.348766757825287
-0.0707164847684785 0.335073129455757 -0.00774264630732392 0.351619532050546
-0.224974084110957 0.237844472209763 -0.104597310396591 0.323195119179548
-0.31091072272008 0.079731617803687 -0.229767141620184 0.21340432451516
-0.373071395791234 -0.159352356089772 -0.228027974621264 0.04966248533733
-0.185110234157427 -0.373715223551921 -0.102680638958288 -0.068791388493452
0.152605102477378 -0.421900385697921 -0.0499635334345474 0.0247448321861518
0.393615557003785 -0.440167824369667 -0.297650396663547 0.187909373105729
0.135211032074267 -0.333755569179991 -0.656950287635963 0.439213629158046
-0.0256079047764614 -0.325853929999695 -0.24627571021858 0.524862037590631
-0.185997438505437 -0.214977500399573 0.0700887314821446 0.202763901399092
-0.239414794283219 -0.0272848721311486 -0.00833048914482439 0.0454080528525126
-0.155179171500236 0.0781621482755034 -0.186919939087439 0.108852368175111
-0.104112581505489 0.132706820383241 -0.176246693709977 0.326679424984534
-0.0634740096240496 0.195555123049218 -0.0648095731650192 0.425596215151623
-0.0416441643921513 0.181416099021836 0.0182733499283134 0.43475262446377
-0.076712159785079 0.165385863894497 -0.0301713969312262 0.427686216805691
-0.146114210362787 0.095300766816483 -0.155094996991898 0.356508407083035
-0.158702919993708 -0.00687771515125484 -0.273672214930063 0.196549492183372
-0.14330758711498 -0.104225119789252 -0.220128487104386 0.0177099918728056
-0.0586074505679323 -0.170311821480821 -0.0944346259869091 -0.0553116779805364
0.0782400253505156 -0.197271233212306 -0.0506468448103367 0.102252931416664
0.196776095850054 -0.260765484252328 -0.377518515775847 0.291868731813643
0.0612793511972905 0.0289419483583611 0.379456734009651 -0.422774157058329
0.0288922222578378 -0.0282214538805899 0.0454615781485994 -0.253741494141643
-0.0429305289561066 -0.0399679451665645 0.0526169832325441 0.0570614658224688
-0.080311660609401 0.0178797277834078 0.18664513184957 0.0393615734346976
-0.01441112880932 0.0712857657105621 0.279760574110667 -0.133318286958082
0.0292300362940686 0.0518549655715244 0.211938795152261 -0.355650220661255
0.0640994755020476 0.022531293619052 0.0588887861521917 -0.455945105879085
0.0573351923569111 0.0189849736753555 -0.00901036535252275 -0.463748359284003
0.0551005452032853 0.0179984378809086 0.0344945530074414 -0.468361016018828
0.0330901973815845 0.0292227585515824 0.152187277108286 -0.368278439516969
-0.00726162418390527 0.0403871662497201 0.21497183626489 -0.178552502932667
-0.0312756922840367 -0.00573102109540409 0.0738360532394491 -0.0940897657750383
0.0332397418668005 -0.0225221715703422 0.0193076908198753 -0.213006206137216
0.0493164281220881 0.0607273574083331 0.253031787932179 -0.461235947987465
-0.00151674555791905 0.110257646839837 0.746464746835875 -0.436569729390413
0.233708809908098 -0.183829210582112 0.343751789592758 -0.367385926836041
0.0899271710811241 -0.246412385789113 0.0413788836428109 -0.227807305054394
-0.138030303239107 -0.236050912359414 0.0743519113799452 0.0607419894699294
-0.282107545055821 -0.0553248998380788 0.193415659693214 0.0454958289204031
-0.176698459932958 0.134097343109492 0.264938272088254 -0.127264322910921
-0.0618222319592441 0.185900927527595 0.204284398451515 -0.327978465662577
0.0481848719651617 0.21534733164771 0.0537401002611545 -0.416396438040227
0.0710717669928924 0.217254213223733 0.00747659052870913 -0.413305188913475
0.0447272460826737 0.226499490993107 0.0459367136015044 -0.417747634002199
-0.0773423481131696 0.203540699970023 0.159916370345506 -0.313920223178498
-0.194243169645475 0.136316055472718 0.198472045693117 -0.131726634449121
-0.300174320818015 -0.0731589697955911 0.0446776961306117 -0.0684484444994979
-0.120799274971075 -0.265435829673183 0.014941319137098 -0.223670540270537
0.130498667562919 -0.230531596284759 0.22519428154545 -0.481704994920985
0.235971154694285 -0.150104361330521 0.67110610706591 -0.453440932239925
0.37714972525392 -0.382432730562124 0.235291927118003 -0.273050569652989
0.129850346990367 -0.459325044761768 0.0170645037832611 -0.158233008061971
-0.242241806845659 -0.415498678309817 0.106616026046409 0.0747345465183117
-0.475348196401536 -0.112349251534719 0.205189096720111 0.04248951048234
-0.323724905395059 0.192757342157939 0.227500931549341 -0.121645654399344
-0.146017214966632 0.303329861872495 0.169639251805934 -0.267488034635957
0.0266070351239008 0.379999085708479 0.0387124397206201 -0.319849217956283
0.0731843940768579 0.383983339713323 0.0219733357650491 -0.299081462931728
0.0257421034379727 0.399557262983027 0.0502202497182862 -0.300258371213615
-0.178750464547414 0.346386780642995 0.13923808548693 -0.205502132309181
-0.358047251992951 0.212698652008201 0.140827799629299 -0.0571157017628026
-0.534279676919692 -0.131348702868533 -0.0101292044334538 -0.0331160840389141
-0.264756529089408 -0.473771429036521 -0.00933115632537836 -0.218278761288414
0.191280717964973 -0.492545345453502 0.169165130208565 -0.451899148475741
0.438856316799961 -0.387269448577352 0.515962279819868 -0.400385112427986
0.468380218920368 -0.545559523754688 0.0669297005140715 -0.135319257516887
0.130489437407541 -0.646758560359609 -0.0231152089048429 -0.0378898857070643
-0.356407504998402 -0.556287484513013 0.144350164956603 0.100433230387611
-0.643809329506159 -0.135331701954745 0.208195426360641 0.0316410933287295
-0.437529029649393 0.249636792549116 0.161625416122713 -0.105861254067425
-0.209205086752012 0.391612660779007 0.109451368549786 -0.170796611939791
0.00196164040220128 0.495651380517225 0.0153551952834447 -0.175842917383799
0.0652166638371805 0.492812482212922 0.0327979299259928 -0.139516040343303
0.00155277108280538 0.504350686316266 0.0459869983064929 -0.134004957486361
-0.253992917365098 0.431527237214178 0.0937457548259814 -0.0581453973689633
-0.467467772795136 0.25621287327427 0.0519201033265599 0.0356679184003004
-0.688937645414047 -0.165199761368949 -0.0814999909545513 0.00945878426743741
-0.369551578287858 -0.607707178678434 -0.0459582185660146 -0.189047450848738
0.220115792283029 -0.671416329275844 0.0945568642824407 -0.36583063627002
0.56849368491932 -0.555828848369315 0.299023600651464 -0.283515860363245
0.48788275081879 -0.641097188550263 -0.137701761713867 0.0341301198061347
0.101591530112015 -0.759225523198257 -0.0741071891563579 0.126481653787878
-0.439713336601568 -0.625963396251585 0.170458358871678 0.133404833147366
-0.73432572797018 -0.132447292010961 0.185421447876497 0.0235437775666184
-0.490692145953149 0.284239436839606 0.0688214878532724 -0.0662030264920095
-0.240271661144664 0.431809524708512 0.0317159531163396 -0.038440250964248
-0.0206306830148217 0.541460640098988 -0.0113007834338529 -0.000844855069284745
0.0473846553294854 0.525527624598834 0.0392842519567936 0.0408790072236065
-0.0229565859630924 0.529549871015701 0.0350237438254862 0.0508927051789046
-0.287470675096916 0.440389236310466 0.0320509796668904 0.10132407335857
-0.497318650429111 0.245638993292113 -0.053197133815859 0.130756430996254
-0.714646975861844 -0.180897578239632 -0.153354575383704 0.0486715131248963
-0.395774732211194 -0.63691866183 -0.081180488605466 -0.14428558526491
0.220160703213757 -0.720521683551786 0.0221255313660808 -0.234393226395545
0.603195175795815 -0.62600136174167 0.0641763721658354 -0.120894362208049
0.432542827602618 -0.641627731060337 -0.350654221780467 0.211968089374165
0.0594921260060446 -0.74429186085722 -0.132231499743741 0.303260884469357
-0.442344817638682 -0.590051574401686 0.16726778363242 0.165668911490831
-0.695680486911669 -0.10871301414526 0.130965646301764 0.0242944593768847
-0.456293181151014 0.266507248406485 -0.0363347104652179 -0.00321853643769552
-0.22978138362514 0.3991207635841 -0.0506339386228227 0.1099260609082
-0.0403039332829554 0.503880153596589 -0.0353017716604467 0.179091287660742
0.0212673990886589 0.480403848078168 0.0387982075382264 0.21473736999413
-0.0470447415575454 0.470997106785127 0.0183579989220434 0.223773897805495
-0.27700076003323 0.370634014013039 -0.0366701738806881 0.239991617861261
-0.441907204460133 0.181083896122425 -0.153031383397086 0.199846066423373
-0.596004509402441 -0.178181127160935 -0.207272613399956 0.0658823357653774
-0.326064449606641 -0.549651183779224 -0.102960857399018 -0.0997858666406448
0.198813525146645 -0.627705048235547 -0.0292389006523667 -0.0940888597594783
0.53887936625249 -0.585022059400393 -0.147919569845628 0.0507189824786079
0.308604908233496 -0.535740177458159 -0.538484341758441 0.36114801507139
0.01416297007561 -0.592028893487912 -0.193274914262075 0.448861321279366
-0.349171851651416 -0.444445073622 0.130142616185181 0.19121907189551
-0.513957691684733 -0.0726300225995952 0.0573034786218725 0.0334892199693387
-0.337487222843238 0.191115966808767 -0.128560023869586 0.0624642369167527
-0.182127199918563 0.294069763016033 -0.122940993250342 0.243026558760716
-0.0529673975910838 0.384260857299984 -0.0508046068509811 0.332470231002628
-0.00797796705667424 0.359769230324426 0.0335811962087226 0.356223158767924
-0.0644296033365376 0.342718246916984 -0.00312524513180287 0.357443241211539
-0.226489448741557 0.247282750658163 -0.100439785664759 0.331461995059464
-0.317460660381776 0.0874872266607811 -0.229778350143389 0.223018992735789
-0.383591353534936 -0.152161501566678 -0.229880257005846 0.055066331493364
-0.19505399312406 -0.377060352730912 -0.106892477427985 -0.0707034402178155
0.151680024307748 -0.431014700704458 -0.0517957489949793 0.022180078597818
0.392241851153479 -0.454127722299113 -0.303765706239641 0.199176994962877
0.13564885323616 -0.341364895832221 -0.668136962505533 0.453943742060954
-0.0307682015583393 -0.335513839438265 -0.245859192987732 0.539600245076936
-0.19618963379083 -0.220074316766045 0.0758269446557341 0.207559422953677
-0.247006998118281 -0.024300979569866 -0.00543939948395097 0.0452664469808304
-0.159483860878622 0.0807715357511785 -0.187926357675158 0.111794661943027
-0.104185412421836 0.135638650104976 -0.172556617098776 0.331230008376992
-0.0592134273320906 0.199030383603233 -0.0579643609661183 0.436061226232773
-0.0363525257640499 0.184964464684328 0.0230241269077824 0.443581354824818
-0.0741029052985813 0.170342160095 -0.0253003534097394 0.434539745588102
-0.146747702815457 0.100411894257112 -0.1532112569871 0.36561455047661
-0.162330047404395 -0.00349013158171719 -0.274564686308242 0.206142159106344
-0.147331367270585 -0.101402740715508 -0.222920710992039 0.0224976464346394
-0.0638969218896674 -0.17097729805823 -0.0977321530177076 -0.0555069608785981
0.0763859766942428 -0.201268432409052 -0.0519579704215977 0.101860145886628
0.196033683806439 -0.268735929305768 -0.385370592642656 0.306256919161089
0.0620295626939108 0.0278900548365697 0.374096297123098 -0.450392668856329
0.0304715037183929 -0.0274552498245371 0.0373068038292656 -0.263457609961902
-0.0426155030350203 -0.0374166740345139 0.0577123913670505 0.0532700244221685
-0.0808854934278705 0.0220966240281028 0.192855134040627 0.0310395741814224
-0.0114477956422022 0.0741450621219006 0.281616081426126 -0.147799346490377
0.0326712621674222 0.0529270009001469 0.200147488042436 -0.371737967981438
0.0652238512680831 0.0213764700865141 0.0399145978590875 -0.468087410756439
0.058801746102752 0.0166765682406425 -0.0278414941396591 -0.475629097716502
0.0567513160753109 0.0161281739415403 0.0159240882176879 -0.478539446706438
0.0339114553654531 0.0282168214992388 0.14042459488105 -0.382282282378466
-0.00526680575154898 0.040915168896068 0.210803377112067 -0.193403388215751
-0.0317622174154502 -0.00582690084171981 0.069580265306818 -0.0994105221885377
0.0349311443645269 -0.0260397318232615 0.011370043626791 -0.220442627862672
0.0535565494463781 0.0612745471099424 0.242268706581854 -0.481578497004165
0.00154250931845473 0.113946009633912 0.749779548408488 -0.47847216555589
0.230191142953726 -0.196202034374431 0.341192233285711 -0.394051812317287
0.0837249611304468 -0.252741651129141 0.0337109826637386 -0.235370295632718
-0.150084110543331 -0.232869977042717 0.080966747756355 0.0556387215265458
-0.291380342149417 -0.0417979557344361 0.200699278215825 0.0360706455750651
-0.175651203904005 0.14585021909867 0.266385085639545 -0.141604853052289
-0.0542885563554477 0.194682869327378 0.192533524786609 -0.344620894644298
0.0588428088221867 0.218520099405175 0.0391204732651486 -0.426248300011673
0.0833987126589839 0.217605877695171 -0.00851922969714585 -0.423370672907759
0.0560847965952748 0.229470434491824 0.0301169701222514 -0.428051359965215
-0.0712142076567603 0.212465428467604 0.150378369061127 -0.326230015423094
-0.19382876071505 0.148921189010761 0.197218634040207 -0.144156079360826
-0.310332600998772 -0.0618906300129116 0.0417888285205946 -0.0728643101365035
-0.13490153214312 -0.267427788648146 0.00573633236241586 -0.233178364119375
0.12461309328103 -0.241336456718077 0.213178528244037 -0.503275112023501
0.232757360767008 -0.162363227018899 0.674221314370333 -0.492699114760392
0.370045979766076 -0.405562411949235 0.235182588559253 -0.291314646021325
0.115287689108601 -0.472496701552826 0.0123191975458007 -0.164199037710461
-0.266233054557892 -0.412494953060466 0.115107382672306 0.067972576330807
-0.491703935144016 -0.0913280434339243 0.213143910523785 0.0310416703322267
-0.324320176012797 0.212438588088009 0.229895291492846 -0.134987524754987
-0.135348936690152 0.317661910688996 0.16064370935421 -0.282796892826164
0.0442680183051006 0.386518999368764 0.0292468943763995 -0.326930669222383
0.0951339234836524 0.38724236780095 0.0118498784559456 -0.306845587381029
0.0450766201483534 0.406943774290798 0.0398301452181227 -0.307404695863331
-0.168676716973479 0.364995053825981 0.134822191119399 -0.214288189383716
-0.357817887353589 0.235835412742012 0.142734326615847 -0.0653730886190545
-0.554717791957135 -0.107574177221918 -0.0109502183855078 -0.0361205993001948
-0.292042110909173 -0.475300255996974 -0.0187615307996972 -0.227350179408315
0.176950099901849 -0.513133359419436 0.155394059764882 -0.472481611035178
0.429908559577575 -0.413544029171261 0.514751398950692 -0.430939607551293
0.455764569049331 -0.577271527400261 0.0685186944772907 -0.14391673253956
0.107410757153715 -0.66614534345957 -0.0232567810712203 -0.0394480762707313
-0.391243723517695 -0.553020695609158 0.156711348669917 0.092673460476046
-0.666350806022548 -0.108294079292437 0.217281421241736 0.0195359520852654
-0.440712804631117 0.277472375075028 0.164326885496372 -0.117639500296637
-0.196152197387043 0.411070934257743 0.103181505504392 -0.182275700181589
0.0264398617792764 0.504725132816023 0.0132134166835524 -0.177510071836805
0.0921087543284419 0.497344791982754 0.0294736099787183 -0.143901540720836
0.0273619036296626 0.516624477857891 0.0432013343244033 -0.138036719453312
-0.242066575164642 0.455171863549501 0.0954507010503168 -0.062339425219735
-0.470087838908941 0.284407956868889 0.0566643838661088 0.0349710922210216
-0.715693546911507 -0.135054076817823 -0.0807956718766629 0.0108958901282102
-0.407329527874693 -0.607827122314929 -0.0556013864440869 -0.195685724257118
0.199228767696787 -0.69802935695708 0.0811378327409861 -0.380963932162598
0.554955538060194 -0.593001493272376 0.297173927805199 -0.299767501147543
0.472775408584761 -0.6765442587168 -0.135544572869076 0.0390396990395912
0.0718242154592175 -0.782583675085146 -0.0689587351589583 0.131970967546198
-0.483812587127367 -0.62133335133536 0.186242651430678 0.126233777431519
-0.761968437194032 -0.0998947501582826 0.194147004826974 0.0114805581050212
-0.493762120193154 0.315875256344951 0.0710668498670074 -0.0740060318519559
-0.226899283760704 0.452681997023042 0.0298019398390786 -0.0445630758293016
0.00519842311880346 0.552674301202622 -0.00634334549803027 0.00337029999614084
0.0768534662066126 0.532751194329585 0.0437154516280352 0.0408660564046712
0.00294680068274194 0.543151618338114 0.0398717696999362 0.0516745306436036
-0.275918628636025 0.466015636426921 0.0392648884737128 0.103472840118758
-0.501765718508479 0.276600803250187 -0.0465316538568245 0.137338589437653
-0.741677740254375 -0.149113163472093 -0.152543649195908 0.0549344307667233
-0.437617894914318 -0.633495896176329 -0.0891499940147047 -0.147708569581745
0.196959036034311 -0.74789280512684 0.01179291153049 -0.243893028745524
0.58653125343918 -0.666614315714611 0.0612423845229656 -0.122730009724897
0.418622896158468 -0.67312228689531 -0.347998772322064 0.229144255361883
0.0303948165091489 -0.768225392918514 -0.122008045849902 0.315920764951201
-0.484243483758453 -0.585918274612867 0.183595819954272 0.161858652488443
-0.721771287998067 -0.0767295683352249 0.138752760085795 0.0146119811187549
-0.460656854582332 0.295072772421819 -0.0337322644023978 -0.00610361497544977
-0.218067222293742 0.419222383977038 -0.0478129160625599 0.110041492837693
-0.015700198204772 0.515773961465122 -0.0224775738481961 0.187827367486491
0.0486843425817462 0.488113244265303 0.0506302750553811 0.219472805087511
-0.0234462584570601 0.484599544772779 0.0293519506110841 0.228958623142006
-0.266904982142252 0.394470348138721 -0.0254613346857585 0.248210830518814
-0.444900632013133 0.20733940516336 -0.14552738075458 0.212449607520432
-0.619342081548321 -0.15043898154214 -0.206427134859153 0.0759081803139142
-0.360912633210972 -0.546155292416895 -0.110007491932177 -0.10118034542235
0.177051145349046 -0.649331467320344 -0.0349615865314727 -0.0986497060838526
0.523280322378337 -0.62023251301442 -0.149780055347968 0.0629174608201934
0.295508192446736 -0.560943216437633 -0.536001414587467 0.392329935937935
-0.0107257930059602 -0.610132448975229 -0.17873974942326 0.468599177458962
-0.383023882086218 -0.441337386030759 0.145524817872529 0.189785290505787
-0.534451717137967 -0.0494093302182911 0.0637268471600062 0.0280725958799835
-0.340829905540709 0.211602131708797 -0.12707112503754 0.0668689538546533
-0.174358923966278 0.308487668495235 -0.114757352182635 0.249876370299673
-0.0345421287891867 0.394174372582669 -0.0332480084951421 0.34557861583996
0.0125373391288725 0.366263369929967 0.0495537578320285 0.364251967047526
-0.0484132363494472 0.35317521391643 0.0121420599453861 0.365687827166873
-0.221008079862053 0.264311368018507 -0.0877573762528739 0.343569219507465
-0.322618281191203 0.105074592551621 -0.223091540562299 0.240392456820758
-0.399355154330158 -0.134722744794197 -0.230122262581949 0.0666852060829099
-0.218958480417227 -0.375969892445723 -0.113479097798509 -0.0696978906195098
0.136301068705976 -0.44897899720287 -0.0550430446864617 0.0221981350271164
0.379222652935962 -0.48118807571872 -0.30484502317988 0.221731605240236
0.126764088907392 -0.35555347697184 -0.667551969149581 0.491188280960649
-0.0471483741196473 -0.345886277401995 -0.231979284179574 0.562075027741419
-0.215529126048931 -0.220053258254887 0.0889144217278114 0.210488283736522
-0.256704339864169 -0.0132955682426772 -0.00130583291881469 0.0437927444120613
-0.162514395083509 0.0890014040396663 -0.187172693948092 0.120020018968585
-0.101793575670609 0.142904242100169 -0.161943451695524 0.344444390792446
-0.0491258255865848 0.205672278350607 -0.0383264680354995 0.450200596660368
-0.0263603927014128 0.189144027409358 0.0416986728665005 0.455071010897039
-0.0659738808627197 0.177575847298168 -0.00794607415725331 0.444550921177523
-0.145411314078697 0.109954178371839 -0.139682192237898 0.379411780042805
-0.166815106120519 0.00474606721267796 -0.269409608229496 0.224027266238229
-0.154962082195168 -0.0940136266249846 -0.225282571368309 0.033379268173449
-0.0747899869710796 -0.170224709520003 -0.103437626900778 -0.0535214252886187
0.0689196016239074 -0.210044016850163 -0.0515004533821418 0.103190040728906
0.187267918716729 -0.283329307009329 -0.38486373863389 0.334417300658747
0.0616476144153168 0.0255938488874543 0.348097829585347 -0.476896221021481
0.0315322967104786 -0.0265105342325533 0.0197646152779264 -0.266937700716393
-0.0409592284644744 -0.0338225297561051 0.0607740743979477 0.0469661846319588
-0.0785227320756967 0.0273647115763351 0.194369564276267 0.0179097958706019
-0.00602707913755043 0.0746592591674103 0.271470894425974 -0.165821354384382
0.0369334128970058 0.0519428724124622 0.174709737335468 -0.382527149052445
0.0658906472975692 0.0177318007701965 0.00846744186372036 -0.469558051445107
0.059091922351869 0.0125427177846641 -0.0573376349711026 -0.475163616687298
0.0576222699062486 0.011966399038469 -0.0148252380123105 -0.47798089528962
0.0345177952655819 0.0254759476081055 0.115738818633229 -0.388691120094098
-0.00235405745101589 0.0412266750353161 0.196772102725875 -0.207601789731902
-0.0320939017151524 -0.00516763249187504 0.0605279930584917 -0.102977796073131
0.0341469689727805 -0.0296790556151208 -0.00401644755941772 -0.22162800533948
0.0578163570061575 0.0591635824855444 0.214855881088362 -0.498098811911833
0.00764789457837146 0.115336112037099 0.721311888650165 -0.529031608688275
0.215986105043656 -0.208763429423603 0.320048560892284 -0.41912751676756
0.0711324262449759 -0.253933987993035 0.0196792358781748 -0.238703838843032
-0.162030388418276 -0.220156095610133 0.0853690146682333 0.0462816820335649
-0.293489215701701 -0.0208861856518831 0.203033002098611 0.0205743221651421
-0.166209292488893 0.157624363361291 0.258124761683395 -0.159932672397382
-0.0409923578009467 0.198523823997829 0.169201442802853 -0.35604785892725
0.0731178257158817 0.213677424412264 0.0129179881860378 -0.428341636714551
0.0979581554617329 0.210223060930856 -0.0335257432292869 -0.423910482684327
0.0725246476684783 0.225086892344612 0.00376644059218357 -0.427630903243968
-0.0584252055682058 0.217733142191777 0.129889846144382 -0.333346581166392
-0.183878246365374 0.161934591163394 0.186318964322026 -0.157777922977764
-0.3141964159103 -0.0411467950351769 0.0356227962244463 -0.0764553594669188
-0.152548745645667 -0.259645005566584 -0.00955397721515525 -0.235711799760715
0.110454385625479 -0.247479809860404 0.185303877794954 -0.516737662267216
0.219498120374496 -0.174772898071666 0.645538494921012 -0.536416294230406
0.342007322237766 -0.426227599750146 0.222267971244357 -0.30997388027068
0.0878807270998015 -0.4747362873946 0.00331348375747278 -0.166740407866806
-0.291571265378444 -0.390480892457252 0.121526186979277 0.0559767393463087
-0.497337195083821 -0.0560221777006144 0.215300233000495 0.0136882714895179
-0.311362736513776 0.236557259335201 0.221598856402952 -0.152204426098101
-0.114324222605346 0.327042834735638 0.139141779427152 -0.293230139742542
0.0702759217193543 0.381428227179036 0.0107211429167689 -0.326816250551835
0.122082551725477 0.377548070167488 -0.00549168588769317 -0.307917036934312
0.0748808952059756 0.402815035020152 0.0212907867179766 -0.308572429430141
-0.145283441142696 0.376047509621085 0.122164176852406 -0.22162011929245
-0.343118110395449 0.260169340378076 0.139518418953818 -0.0750941197863802
-0.560846172537205 -0.0684140730329438 -0.0139657500360416 -0.0374211016385396
-0.325250522340249 -0.455772499776715 -0.0346496028315283 -0.229439426522399
0.145416794348797 -0.522288568630633 0.127511256657281 -0.483446934468895
0.399117377622767 -0.437937920564235 0.491939770652045 -0.462183981158731
0.418145662219777 -0.604317945750731 0.0649439616422696 -0.151229203889048
0.0670112212207142 -0.668224330941115 -0.0240629484823358 -0.0394496387526385
-0.429898543195597 -0.52227236756859 0.165449695686116 0.0775825716144952
-0.674376939514659 -0.0573358794427935 0.219357981577807 -4.25785241924444E-05
-0.422697350854216 0.309985067688766 0.157874619980744 -0.131991890039941
-0.168921090838892 0.42537430458972 0.0889385365951824 -0.190912513319875
0.0608722651862803 0.5015014426813 0.00601675237305674 -0.176375615284277
0.128272272179081 0.486231060515644 0.0231150890584566 -0.145672593406704
0.06443878547411 0.511910227751761 0.0352348085483914 -0.138929837943011
-0.211347292100996 0.473479337143463 0.0928880959061775 -0.0673552343937064
-0.453395721504505 0.318339327752285 0.0609293204227587 0.0309406470477823
-0.722255584553065 -0.0840482126351232 -0.0802208652967037 0.0128929371493284
-0.448403882794304 -0.581260038118726 -0.0696147789589915 -0.196018215832969
0.15393348138908 -0.709841533667668 0.0581165882215729 -0.387604175052935
0.510566576205786 -0.626658484930309 0.279885826843486 -0.317864943284256
0.43087856583511 -0.703586947417332 -0.128584019348526 0.0445910688669157
0.0233533382717011 -0.78384531889682 -0.0577822925629972 0.135200026256157
-0.526983519013497 -0.586232529234634 0.197980068761682 0.109339730402084
-0.769511574064113 -0.0434407825594363 0.196181337497085 -0.00672445491311093
-0.474278519209654 0.350231272158529 0.0682056059165871 -0.0824796625449529
-0.196396569747996 0.468640985261354 0.0245212947013475 -0.049983628697292
0.0427789275859888 0.549743661148033 0.000178607406150485 0.00551465709546062
0.11635330672427 0.523536992240697 0.0483285510392121 0.0381380170203437
0.0428719059237314 0.540334957387736 0.0441889716604674 0.0504907546602111
-0.244424722683929 0.484787209010773 0.0472879644428631 0.102085529972549
-0.483855503907716 0.311573743608531 -0.0346238511304024 0.14059518544573
-0.749306391683151 -0.095361443943585 -0.148247020171355 0.0611405694395581
-0.480223509919523 -0.60399376240489 -0.100066623517626 -0.145138492823983
0.149101059627642 -0.759646941588444 -0.00513167375237727 -0.247422019450251
0.537277764915895 -0.700967778449004 0.0549702630417609 -0.122435015337031
0.377164114570983 -0.699675993862916 -0.330590825159608 0.249307132589416
-0.0186613476820599 -0.7682349277466 -0.10005055093189 0.322716762933014
-0.527267260196103 -0.551714256534065 0.19708323313357 0.145617989784241
-0.729644452347902 -0.0252574839422393 0.14091793688403 0.00107594773678553
-0.443047564912532 0.328100547891564 -0.0328008648967138 -0.00804317535034364
-0.191849512889308 0.433998780763136 -0.0417392788453952 0.109656047483747
0.020529483097782 0.514119380000168 -0.00430352000576201 0.191558376105083
0.0840029041113716 0.479248016026171 0.0662893505117281 0.216838370421552
0.0111031611306232 0.482791699360749 0.0444999740414591 0.227123929351089
-0.240199506412576 0.412603181151295 -0.00748227853748619 0.249906916846474
-0.431951216798272 0.238874565266128 -0.128232858632331 0.223236843969914
-0.627853044697496 -0.103822707244333 -0.199268187728254 0.0871160241527329
-0.399050862010579 -0.519514898589955 -0.1179266636708 -0.0963102543102218
0.136203877206844 -0.659847927938488 -0.043957712429033 -0.0985624982835405
0.476535523598948 -0.651859806826455 -0.145314219930408 0.0778612199403134
0.261873320242339 -0.579015956335198 -0.510945510815285 0.423836993458601
-0.0504359645309162 -0.610059952468146 -0.147733378256226 0.479676228126723
-0.41701504941103 -0.416749466812142 0.160260892214779 0.178758047501987
-0.540987851017908 -0.0122545389700682 0.0669169714904166 0.0198639786605382
-0.329842268251767 0.235449401411365 -0.121688742435241 0.070946713963302
-0.154460716048994 0.320310136153566 -0.0990955357095004 0.254043176462419
-0.00620354400119247 0.393536998396552 -0.00622925700659056 0.349352057964521
0.0401887455829558 0.361879160212539 0.0735501000698725 0.362335589779094
-0.021852305125827 0.355432751041758 0.0361601029199307 0.363728207066513
-0.202179143878061 0.279839266257099 -0.0645871654001587 0.348325983700054
-0.315813055512108 0.128229422729808 -0.203323755786803 0.256038019867676
-0.406483716890882 -0.104419612093868 -0.223612092137459 0.0797715905389952
-0.245368898090962 -0.357183704833783 -0.119249604021256 -0.0639617890287955
0.107339237660726 -0.455723444335969 -0.0568762853022077 0.022612567279157
0.344172890203721 -0.504386070886281 -0.290968531690626 0.246167116770926
0.106675239603476 -0.362306705783363 -0.641003248898535 0.533031328018606
-0.0702463239105112 -0.344627406001907 -0.195703915965835 0.578395036716937
-0.234654630142958 -0.206367115132062 0.104777013692656 0.204374972201139
-0.259732295476357 0.00470079626473903 0.00228084077509313 0.0413899381174538
-0.15873083032144 0.100083236271188 -0.179423505499731 0.129663150115041
-0.0936067045918297 0.149365430433516 -0.138666509451539 0.352243915807018
-0.0338014139067654 0.207197967572048 -0.00594786041802427 0.452687034498884
-0.0110883440850399 0.189267887253733 0.0707865273330817 0.452773679028158
-0.0520468672576442 0.181882990821031 0.0201714851498413 0.442995087142507
-0.137201105341437 0.120221884242215 -0.114119369624821 0.386578645131596
-0.166932932334561 0.0172416601348917 -0.251569739629424 0.242181854449559
-0.160026603819063 -0.0806490839383417 -0.220853751283257 0.0478698736674928
-0.0872915478350461 -0.162266819226713 -0.108061319742985 -0.0462205550380967
0.0549736025325079 -0.214010753163524 -0.0479394522438308 0.103626074935041
0.165827917989008 -0.294899680878073 -0.364090843538029 0.362536560608788
0.0585140916483599 0.0234999997315667 0.311922862968542 -0.481312627007265
0.0319757329278742 -0.02513514582794 0.00401437198603117 -0.257485023991417
-0.0375601734905279 -0.0310843233207164 0.0610266507457926 0.0401913734420773
-0.0731776453445023 0.0305793506792628 0.188215599992692 0.00564034198832065
-0.00112903991361975 0.0718474419280591 0.252836915213795 -0.174913453004965
0.0396678670048543 0.0488263971091267 0.146658779422241 -0.376997913867425
0.063773183448517 0.0146392986640074 -0.0182371876539107 -0.45152913547653
0.0570863684539582 0.00935346746823979 -0.0801656433886645 -0.455796120891602
0.0550476267459182 0.0076072088374709 -0.0396483731587989 -0.457819313537995
0.033795391954276 0.0223658537048128 0.0902709121586354 -0.379094246057746
0.001081241819422 0.0392204823114526 0.17562214211912 -0.210306605098557
-0.031433278926101 -0.00491112650582141 0.0505649959996381 -0.101114702281911
0.0319881478950449 -0.0324667092254287 -0.0165965726760486 -0.214008976698047
0.0598475539445697 0.0553688771167051 0.183342903204627 -0.491469614453033
0.0132896990295132 0.112612856413173 0.667311210674496 -0.550044337972517
0.194624861266546 -0.209985733989611 0.290248381675325 -0.424067071508203
0.0580870675495851 -0.245779561408125 0.00637953120169843 -0.231025462560248
-0.165582797281406 -0.201814521304938 0.0850122622456586 0.0373067326403606
-0.282668916735974 -0.00260787292156092 0.196073444227474 0.0066336847998285
-0.150704198812123 0.161851837284611 0.239588627285563 -0.169173855393191
-0.0280365654784014 0.194424593376227 0.141180229595302 -0.351826363792942
0.0820439998050591 0.201153167819883 -0.011167960393233 -0.411041391493688
0.106856584146212 0.195498479456665 -0.0538540039961987 -0.408029453562064
0.0823001649861841 0.211285700205871 -0.0189943175418604 -0.409961147913707
-0.0453098716435182 0.2133612591784 0.108199631102288 -0.327375545142635
-0.167416971777095 0.166953492330464 0.170327632684648 -0.163053227119504
-0.305211872476649 -0.0211583983158889 0.0281652549858322 -0.0762258825244084
-0.161471094187305 -0.242533774712671 -0.0230940911361476 -0.228290800218329
0.0939362991059866 -0.242628917797978 0.152207189257168 -0.508737497255705
0.199821870763115 -0.17743322369061 0.5943961294604 -0.552015588270114
0.304331025018318 -0.427378314873287 0.202068108693809 -0.315336556348304
0.0619641273678523 -0.459464181406233 -0.00441678161440548 -0.161535279587268
-0.30036495332835 -0.355998326487955 0.120755244395026 0.0430128475318902
-0.482646026257234 -0.0234542935448994 0.208042939724098 -0.00181715528618941
-0.286273096468575 0.245764065605067 0.205485803189621 -0.161376262581772
-0.0905378700045369 0.32197109653476 0.115867307022288 -0.290852039959789
0.0892922235127469 0.362579695094769 -0.00440014097001566 -0.314413854178538
0.140849775786697 0.353376047587496 -0.0202781049395488 -0.297794848661345
0.095237306579122 0.381321660744227 0.00484408598131653 -0.296365293146223
-0.119996836086427 0.372037141038154 0.107201521015781 -0.219233263253241
-0.31586212312836 0.271329001278582 0.13021788929981 -0.0811559171299876
-0.543467844695725 -0.0337038924717863 -0.0177879801875405 -0.0367240356822237
-0.339811441921329 -0.421114308253463 -0.0471524414616961 -0.221833483690564
0.11244528267632 -0.51022953740647 0.0979517661985028 -0.475665701407713
0.357275404067158 -0.440095720914623 0.449905616917048 -0.472062211298274
0.368293290420796 -0.602360433841746 0.059881669833389 -0.153904437624268
0.0306161920879435 -0.644530908741526 -0.0233512931855237 -0.0383197911555625
-0.442389303405737 -0.473119734500906 0.164535421057171 0.0601301507994312
-0.654506526498593 -0.0150111356718534 0.210957256160876 -0.0159721708347585
-0.389836627461456 0.323503862669561 0.144559462246054 -0.138608326488546
-0.138827852386545 0.419557463018102 0.0723896344828192 -0.190331919816719
0.0869989642048294 0.476859854403668 0.000917568511883847 -0.169162942602534
0.154324305613602 0.457109410022956 0.0161003778612268 -0.14300932860536
0.0936082558347646 0.487810578596921 0.0271285311345033 -0.134504904494826
-0.175820521934381 0.469544531631993 0.087687598351893 -0.0695328905102325
-0.419442263829271 0.332305633245593 0.0617140503913974 0.0256774043094321
-0.700367617189398 -0.0367752072059981 -0.0781795082886661 0.0142033314990685
-0.467803377587188 -0.534567949389174 -0.0790265999971268 -0.187779506704823
0.112042373837729 -0.691612158501944 0.0343856421173307 -0.379334396761684
0.452084516333313 -0.626749559736238 0.254560503629646 -0.317415825863254
0.377715668764527 -0.70069443322294 -0.117274873473408 0.0463229103651295
-0.0183223947244927 -0.754521044505488 -0.0472599919470024 0.131503829134911
-0.54399536362361 -0.528478176586572 0.198119456531847 0.0896128073514358
-0.746714675569289 0.00596185149556178 0.188681732166554 -0.0209842649944653
-0.438829741006137 0.367548640937894 0.0608299597925847 -0.0873453962526532
-0.163431755204648 0.463702951619933 0.0189733368243285 -0.0515188950965607
0.0744492656137932 0.523522276517232 0.00604183069577144 0.0063684040625711
0.144680549576247 0.492169609339822 0.0508294433241106 0.0339090220903685
0.0736098570716505 0.514735918569764 0.0461461678761226 0.0470507484726428
-0.207860102477465 0.483380658712314 0.0536386357583884 0.0954129240872289
-0.44931316129598 0.330006950440474 -0.022737295893374 0.136740914702422
-0.727613310505216 -0.0442897827376258 -0.139937398142469 0.0649030963623325
-0.500124246897733 -0.55181337238921 -0.105407109137085 -0.137331069713266
0.10317384438491 -0.739878511954823 -0.020316400144066 -0.239691492061175
0.472148937137583 -0.700665464612523 0.048279401880209 -0.116837284235159
0.326637651389656 -0.693138441261417 -0.302538476977846 0.255658999989994
-0.0580016898486579 -0.738251539340536 -0.0768870688096281 0.314489818524191
-0.543896624589893 -0.498821126827396 0.200426705659987 0.12540223643602
-0.706966884728926 0.02031368920258 0.135645141787621 -0.010715040780118
-0.412025288585356 0.344452166563724 -0.0321082181511792 -0.00970321094006312
-0.160337687694844 0.429424572218052 -0.0359836496899721 0.105409307370542
0.0508471747795812 0.490739713752114 0.0117138600827874 0.185032289608366
0.112166339390787 0.452315855709746 0.0770025502951093 0.204362844280599
0.0419425335368869 0.462254389431299 0.0561112638417617 0.216320133119165
-0.207377468875245 0.412884725380014 0.00887688971180354 0.240655658731925
-0.403924838745297 0.256611763182485 -0.107624867821826 0.221532677675158
-0.60862605796016 -0.0601333140426792 -0.187606603212369 0.0917080807189434
-0.415274554285161 -0.474580994792281 -0.119845328239508 -0.088377951234986
0.0961412444226814 -0.643491584454815 -0.0508212737884472 -0.0940705484050023
0.417148565022781 -0.649168042845822 -0.133684594817502 0.088059379184482
0.223724112354721 -0.570489919545949 -0.469535215532722 0.434362400763236
-0.0799085714248871 -0.585063239794396 -0.113904561016086 0.470020777228513
-0.429808353328273 -0.374260039444871 0.166243229813426 0.160334840597719
-0.524991794024653 0.0208663942453301 0.0652045887974369 0.012810205981853
-0.306093883306069 0.247575682773755 -0.113948139951141 0.072289755378075
-0.13195301797819 0.317789120785674 -0.0827196141844398 0.247797502988886
0.0181055795329783 0.376741084300593 0.018657546839044 0.337325754480791
0.0611831741592279 0.342732417747631 0.091780442082052 0.344998012302654
0.00115376821899824 0.341839168400957 0.0543179666410932 0.347618102082524
-0.177658677219073 0.281745059092413 -0.0413785200259727 0.338972108950586
-0.297454319047146 0.142983192888386 -0.178789142767347 0.257740293379536
-0.395686828215028 -0.0737634760236729 -0.209468498678288 0.08723833465414
-0.25756565280326 -0.326398323822992 -0.118874637266352 -0.0559738981787522
0.0791472851600062 -0.444043868972774 -0.0565625162919525 0.0234811612423096
0.299149155366371 -0.501099785001865 -0.265792389184641 0.257978981707932
0.0859197406264614 -0.355287393123419 -0.589991969193689 0.547441134893896
-0.0872611973923831 -0.329383601948629 -0.15656064457956 0.56750938434128
-0.242497588891893 -0.185465368008271 0.113919372522225 0.190665602371593
-0.253051848709582 0.0205637115919673 0.00482132182990005 0.0377441792052575
-0.149180616371265 0.106123598015184 -0.166831750330709 0.132680312595174
-0.0830295660729694 0.149976408153587 -0.114669025941332 0.344880026280174
-0.0197570765750929 0.19991308086047 0.0224812968619717 0.436606791531989
0.00145667814062427 0.181012917181373 0.0931466117199235 0.43306693974895
-0.0376343837715801 0.177183512248637 0.0421156901651942 0.423859372453426
-0.124358936099418 0.124108013568791 -0.087780052326213 0.378056129884352
-0.160283420819365 0.0272301056536801 -0.225858069897548 0.248291323239624
-0.157179613108144 -0.0656866724085549 -0.208503279698032 0.0581336133622844
-0.0941743310233333 -0.148349108917456 -0.107840925818723 -0.0383964874996899
0.0402644274040192 -0.209059519140323 -0.0444897145773431 0.101281839904715
0.140411694556698 -0.291797810342087 -0.329820091827959 0.374437401499783
0.0538907228742994 0.00702651904054712 0.216633423848075 -0.503211652612927
0.0250433666773495 -0.0277097611092516 -0.0370130616586316 -0.243819088645068
-0.0343684705509854 -0.026439391581184 0.0625866743838008 0.0247475144143843
-0.0602056003983507 0.0335619728379453 0.173468809894947 -0.0267644642968187
0.00577805065700443 0.060238356134492 0.211217223274005 -0.200681274693751
0.0393283623451311 0.0388040642127027 0.0841998451447098 -0.377094228963404
0.0567287615458504 0.00502347413331232 -0.0794755541256243 -0.429175628646329
0.0506894821985193 0.00142094651102166 -0.141789205091603 -0.422062018238279
0.0481331622077665 -0.0010555214131482 -0.108696122982758 -0.430638776811817
0.0326493022234157 0.013931116191988 0.0244942246624118 -0.372792145435411
0.0062272235652483 0.0331250949689674 0.130555028544148 -0.227121976550464
-0.0301588578757307 -0.00249772686039334 0.031748020678857 -0.100980687817811
0.0263629358905869 -0.0369250587109249 -0.0496792680648471 -0.199595427290829
0.0687888844532992 0.0392969674417816 0.0943562971809536 -0.489251239720005
0.0328104094932534 0.0956797914562316 0.54762909731729 -0.609427896464352
0.152864641277839 -0.224060704622753 0.212991650867829 -0.45780795170199
0.0216141725070775 -0.233835097419956 -0.0270859470733702 -0.229155750279731
-0.173306329794336 -0.165214707881361 0.0786046405143227 0.00330750743672342
-0.256863581932263 0.0342932118641005 0.169186309478829 -0.0370253279544833
-0.120299694665437 0.163085046205198 0.188691541837375 -0.189476384202641
-0.00551844159302421 0.18360154187915 0.0793785999517508 -0.34637977380537
0.0991234498886456 0.175230201413864 -0.0682713476355145 -0.383066395319208
0.119691427578941 0.167813210705951 -0.110213980346216 -0.378530265021516
0.101123191928896 0.185933642707871 -0.0835755841746569 -0.389774171741089
-0.0160023141374046 0.204956511775415 0.0462724110731569 -0.330221589686047
-0.137873673099895 0.172235273972697 0.134206665276508 -0.182890207420454
-0.290666551428595 0.0184040871839143 0.0189156203041757 -0.0772567807456293
-0.177453972355546 -0.209623688059449 -0.057571469049618 -0.218077521062827
0.0616203067987089 -0.244668617106063 0.0661671015454809 -0.497928709838743
0.17342029049361 -0.198696500488812 0.483576281055118 -0.597092235199409
0.230762232927811 -0.43607756328633 0.155686944413144 -0.35148819916238
-0.00125641702023524 -0.430965400565294 -0.0244621913299545 -0.170372038723544
-0.318590336895234 -0.287774121770698 0.106944407749847 -0.0106046100662612
-0.442309762634115 0.0455805948422348 0.1671961678404 -0.0560184731837501
-0.2349198458428 0.260131476567078 0.147180266358264 -0.172984318149352
-0.048682700416484 0.31207248989426 0.0605282229360639 -0.279450750528164
0.128445784305697 0.32231582841081 -0.0510830609378502 -0.283176187983022
0.172403428455704 0.310319382204669 -0.0632581916821207 -0.278504539616793
0.136580699381729 0.343422599931821 -0.0463693978712608 -0.287771832987066
-0.0642552923440468 0.364707756843456 0.0599894003158238 -0.230822892284426
-0.266001496354933 0.287216484932879 0.110778293175462 -0.100202694267523
-0.516447569703349 0.0390863925020189 -0.0146458463055204 -0.0359246621015829
-0.362623438748514 -0.355598245233371 -0.0798284931943774 -0.212893751047861
0.043205470510065 -0.496863295156874 0.0242114712860287 -0.452623518093461
0.288434260003009 -0.463196443790624 0.361093221425799 -0.498679189104786
0.270182746654102 -0.601236543281177 0.0522399611203232 -0.185040296599029
-0.052680375685417 -0.596520215200059 -0.0215837528065171 -0.058781796904151
-0.465146623397968 -0.375365123822464 0.14332473882029 -0.0128694411126776
-0.599217693114149 0.0789271953146766 0.157474625971298 -0.0763874452672122
-0.320240566989535 0.347681542532065 0.0855008608660993 -0.138436253987538
-0.0799592872438493 0.409780959732671 0.0316925677578056 -0.174409730567085
0.144344228180945 0.428682017995162 -0.0271022715295046 -0.141202213361166
0.198182008387545 0.405144541412437 -0.00750354022579602 -0.135382800994394
0.150348761568039 0.443883958684411 -0.000969334917719317 -0.138531222751645
-0.104619084951656 0.465105415702563 0.063696398037654 -0.0877155991343663
-0.354021952108123 0.359034902548297 0.0644370076595067 0.0109076970790872
-0.666534328677652 0.0570118685158353 -0.0599744599908606 0.0196754134951352
-0.495651537588364 -0.442944314004756 -0.103739643062637 -0.179363754175233
0.0182267041019283 -0.665199983240867 -0.01890934024226 -0.35137092734094
0.354352872443043 -0.645651502483925 0.201555239201118 -0.326016877812431
0.268551121935193 -0.688966510264205 -0.0797086852736496 0.0270604961382501
-0.112834552882033 -0.690149114423795 -0.0170548674455335 0.100311161990848
-0.56501463887627 -0.412639138718514 0.174076428233048 0.00404584805659968
-0.682489362259967 0.112521862705507 0.129629417973918 -0.0803693610902783
-0.357298725586663 0.396692810570647 0.0102682820606738 -0.0745911065151757
-0.0951328553934348 0.455090032247057 -5.97769341771816E-05 -0.0332652592953373
0.140605574415471 0.47501592147883 0.00203159774115746 0.0286466331294753
0.194984420965563 0.438686706631155 0.0503915190981083 0.0275197182207296
0.138667837480994 0.472981855609185 0.0441580549858075 0.0310950784208463
-0.130833982093164 0.484168128893487 0.0578104228817578 0.0730425030476055
-0.384832446175768 0.362339475726339 0.00363575694997532 0.129941673146797
-0.690847865525883 0.0553109062925599 -0.109743415227632 0.0754415447892573
-0.52717862346393 -0.453359133752215 -0.121134424535295 -0.127676426897622
0.00176288485452485 -0.706708744058145 -0.0473641874330464 -0.211161243907078
0.361398769617071 -0.712641580191238 0.0369190120412549 -0.107019525260821
0.222080286896482 -0.671110573992603 -0.221661327665671 0.254547814157005
-0.144103694450862 -0.670871583181182 -0.0171951924858029 0.279649384814675
-0.56188936771316 -0.38348778388664 0.181485892730762 0.040590409723037
-0.644809475934423 0.121743821217072 0.0824882975001622 -0.0598977774637483
-0.334267969235552 0.374474304170551 -0.0636638260761152 0.0126832004510854
-0.0952069875438703 0.423873235812256 -0.0278680360570398 0.122586124756238
0.11531344356141 0.446577388220654 0.0331943160629593 0.197738536481482
0.160907500269911 0.40621703518379 0.100128765837772 0.185901035433001
0.102947314134129 0.427064646663145 0.0802248762460386 0.191548819464746
-0.139722363195758 0.418598966304687 0.0396745048676648 0.218976048190332
-0.350285591602851 0.288093007968553 -0.0628649918416963 0.224499653263109
-0.582376850595807 0.0248230667948927 -0.151425148454182 0.109482765442823
-0.439367031378956 -0.390635320965995 -0.126985769391901 -0.0770693905787685
0.00497052251275092 -0.61387883378025 -0.0549534649786248 -0.0707543506090694
0.313827472761469 -0.656562708200191 -0.105925582864506 0.110334117928539
0.143354558334694 -0.543054457494717 -0.356467961881656 0.45604193756485
-0.14392981020423 -0.526156121346736 -0.0314468466604527 0.439210640110508
-0.442949791296302 -0.287394559267254 0.160823915134455 0.0905751717775638
-0.479251137258404 0.0965587601382905 0.0310870831771578 -0.0192002996307996
-0.249899592433491 0.273461571022828 -0.119970256578421 0.0977781110086782
-0.0809882633539474 0.316094418477058 -0.0492154947804536 0.260039468946223
0.0722109647411175 0.346389395511035 0.0610909598932164 0.337101652363957
0.101539220370951 0.31072555950506 0.134732524619451 0.317270831032362
0.049251437535495 0.320248569910134 0.0998640767645107 0.318464039741315
-0.128504409042872 0.291778793892914 0.0105635823405899 0.320956071202142
-0.263377889421538 0.17040247748181 -0.124461170096729 0.2705665045112
-0.38331230097493 -0.0151577834406204 -0.176098166340991 0.110773684897614
-0.275673183537307 -0.270937439582736 -0.12085073668807 -0.0418275009466002
0.0140060432998861 -0.423368384283498 -0.0450548712992943 0.0372659938696681
0.218423115491531 -0.500842360929534 -0.207625460582966 0.2864023966461
0.040026261121663 -0.324679115961829 -0.458813873850291 0.593122428267056
-0.116083815573433 -0.287438058812745 -0.0581472972894402 0.549081670112087
-0.246309919986004 -0.137040664660083 0.124743716774964 0.144924256031678
-0.230435254221074 0.0576225442524263 -0.00639715607436174 0.0248546858584853
-0.123026667566096 0.122839016845099 -0.148762180384123 0.156684133494898
-0.055172751388732 0.152570703202811 -0.0620164658741094 0.35061344290609
0.0137191243635415 0.187728577157302 0.0806208323816325 0.424503185192986
0.0263704048487703 0.168330841500987 0.149132938017523 0.399278819790951
-0.00765451142107111 0.171922256866006 0.102332836277827 0.394685286830178
-0.0983383176090312 0.136179136717179 -0.0246057750364948 0.368457664792034
-0.147731313813435 0.0473908650050303 -0.170021686041446 0.270374081993192
-0.158000577791749 -0.0393848016432478 -0.182689075039943 0.085768566833362
-0.105414858053715 -0.124146484004682 -0.107423248949863 -0.0215039227279226
0.00770765715347713 -0.199645006727654 -0.0250810907644231 0.104760604793393
0.0939152300596984 -0.284468514386098 -0.254370282044675 0.402113610360411
0.0508322734110293 0.0106156431090253 0.219404358031937 -0.483435194026654
0.0277782437509207 -0.0254177370153511 -0.0313216712993829 -0.233629853100063
-0.030666819656542 -0.0286886264218419 0.0604718984470741 0.0234765186166425
-0.0580972728173598 0.0308332596143162 0.167424832089597 -0.0247169440562691
0.00467311076485927 0.0580803104620175 0.206836085455771 -0.190990852425491
0.0376565198288004 0.0385802618923728 0.0876275132717048 -0.360450761431056
0.0538843151834496 0.0062294839487449 -0.0698915005001659 -0.413872910337625
0.0487477815294518 0.00228283277521195 -0.129769051176717 -0.411561715810419
0.044955500588346 -0.000463585821339836 -0.0963938692957707 -0.416206931953943
0.0298011503944504 0.0142494600173973 0.0303520258523877 -0.358029553794698
0.00576854784105777 0.0306308250687403 0.127978929426171 -0.215256102054438
-0.0295876853672637 -0.00403133818163005 0.0320367046080099 -0.0953766408191206
0.0258734034572205 -0.0367464041019094 -0.0445518904685898 -0.19345346632452
0.0677704730926361 0.0402839971957073 0.101227358195663 -0.471359462776081
0.0300955973529805 0.0938191770723212 0.541203127401811 -0.578471465630835
0.150836596197616 -0.210053206625775 0.215743971386266 -0.442114135467545
0.0290555818456898 -0.224249093825144 -0.020913738836003 -0.220292114300253
-0.162427563469437 -0.162035802957748 0.075862399557216 0.00233229757185864
-0.247417762808233 0.0302326359371747 0.162665397151651 -0.0348526387356403
-0.119038364731521 0.155964650749884 0.183940163251515 -0.180753209622608
-0.00825641084713369 0.177424050432937 0.0812269008171882 -0.331363679924495
0.0922418659047422 0.169858307864271 -0.0590639128080569 -0.36923415826289
0.112898184485028 0.162992961269318 -0.0996843206807539 -0.36943130783754
0.0937241959486758 0.180102116175372 -0.0725315212731866 -0.376341480905457
-0.0198919816616628 0.197970514917005 0.0515969437265732 -0.317506720161838
-0.135435898702774 0.163426770382645 0.131531522392218 -0.173474783563556
-0.280634113484967 0.0129021976383761 0.017849902351419 -0.0732432834147591
-0.168232331157036 -0.205843631581127 -0.0527379016682648 -0.212483463481115
0.0666495648253019 -0.233874389544688 0.0732457840655827 -0.481742943527007
0.171807944386816 -0.185234361866297 0.478749075427453 -0.569670823238138
0.228209114287446 -0.413142083331233 0.159232827040205 -0.341855967062208
0.0108561832795462 -0.41463615204622 -0.0188997229143747 -0.165719517178148
-0.300529437506674 -0.281363371478749 0.102992943963589 -0.0115224265034325
-0.426757796016216 0.0386771289635482 0.160605649308647 -0.0528235129569344
-0.231293380936255 0.248145244345199 0.142958590190371 -0.165206510835275
-0.0513163826158249 0.300699321075892 0.0616618176588601 -0.2676888873369
0.118848859929499 0.311916052542283 -0.0417073436498218 -0.274475089296851
0.161075975783591 0.299797785824746 -0.0559180551069954 -0.271175272810781
0.125934873460199 0.332088688416366 -0.0384714807994027 -0.2766674955169
-0.0686798036142686 0.351720591256357 0.0636799284740954 -0.22161096558426
-0.261153678200594 0.273611220744679 0.108109424472567 -0.0950215282938125
-0.49759677778096 0.0307742489122527 -0.0159058108338856 -0.034854382284844
-0.344993605179779 -0.348061088341581 -0.0740999145667919 -0.209258530512123
0.0542861280573481 -0.477018432387802 0.031159598070444 -0.438234096790536
0.286512589055302 -0.435553257541929 0.359119649341588 -0.475264270599806
0.269508576062115 -0.574141872744563 0.0565679170937019 -0.183455508116226
-0.0378644068383111 -0.576241392592509 -0.0186751267486425 -0.0587070267105719
-0.440304021278831 -0.3672167603503 0.138149253061205 -0.0127309534777815
-0.578269146976932 0.0701204962009426 0.152058764476635 -0.072112297229169
-0.313795391997517 0.332731698892986 0.0828986879766339 -0.13329482657633
-0.0839004573016379 0.395254050512559 0.0311783686967478 -0.167153198355439
0.132707543564367 0.414661431464797 -0.0202841683981008 -0.13699738377149
0.185236670723111 0.391183091688009 -0.00377325273480906 -0.13246185618354
0.138743854229675 0.428427274171935 0.00247664652390627 -0.132059805534805
-0.11028620430569 0.449139826789424 0.0652444843954841 -0.0834981966451055
-0.348626991463691 0.341821557903906 0.0626341080903116 0.0107966188286952
-0.641312513183889 0.0452215779072867 -0.0622410885278917 0.0178210279288931
-0.471380852620796 -0.433961144085146 -0.0985364032564055 -0.177843911792779
0.031258126221637 -0.639851658085398 -0.0124243234001749 -0.340388431922143
0.352444188544386 -0.611748438617691 0.202919406366184 -0.309260748711785
0.269550845838497 -0.65901424892114 -0.0748205399913141 0.0189644122104101
-0.0928750938996419 -0.668880622458882 -0.017237639905202 0.0943479726566804
-0.538348471026646 -0.40344360624278 0.167502437002735 0.00415882497556578
-0.659396397094404 0.102076197593976 0.125667289183737 -0.0765282198248826
-0.351296955318363 0.378575257824651 0.0101007427246991 -0.0728663019244962
-0.0995562612630063 0.437911955958571 -0.00171479071995301 -0.0324678698821587
0.128944517457047 0.457603843629828 0.00628940385335469 0.0268275969104127
0.181315682065724 0.423892069331201 0.0498210209384881 0.0265447154128891
0.126964405605571 0.454573290594843 0.0424855500517037 0.0318945215975751
-0.134518842385137 0.465862785185049 0.056371371355257 0.0716170375343458
-0.376467614959677 0.344107763722595 0.00262835902652756 0.124359151172391
-0.665109279868418 0.0441518125181264 -0.110943952913732 0.0696075791256365
-0.501536091641282 -0.444153248615534 -0.116158384245933 -0.128285981982537
0.0159453777737882 -0.679281187473631 -0.0427917126712089 -0.205686338953414
0.359641550042867 -0.675177043608675 0.0404781716926673 -0.0999866351816728
0.229092934035924 -0.644719923996254 -0.216636915424347 0.237911377663987
-0.125616995560534 -0.650531721507056 -0.0213835275436242 0.266624123211825
-0.536922905073628 -0.375500031327541 0.174409613032877 0.040013659836173
-0.626047476818591 0.112580448524888 0.0803767149765312 -0.0572853518483963
-0.330402705624801 0.358966149555989 -0.0628919604153251 0.00960825687336386
-0.0995129389964063 0.4080445076798 -0.0306496995568351 0.116580643758856
0.104807677443547 0.431169361275303 0.0337905382208533 0.190496124620907
0.150919401012769 0.390693617593329 0.0948169577120947 0.18112252375262
0.0930001412185142 0.410584444297382 0.0737752697279849 0.18643570259925
-0.140316353621466 0.402405238355068 0.0363564702077339 0.211438274233675
-0.342625343547175 0.275163335177575 -0.0627542574961691 0.214245242473334
-0.558872875863904 0.0160595208238866 -0.150958156644531 0.102376758130397
-0.417215775250511 -0.380261564982589 -0.122505286462854 -0.0796174145000579
0.01606572081471 -0.589387863543268 -0.053124555292213 -0.0701421691538605
0.310600448729351 -0.621881864366383 -0.101009161600853 0.107693475003981
0.150515947017421 -0.523086252903438 -0.351881407781877 0.431324342964198
-0.128993807459668 -0.512884928331953 -0.0375715304623686 0.420183745155266
-0.424908330146176 -0.280102744451347 0.153407759046136 0.0890547373091162
-0.46701237885845 0.0903730618521506 0.0305192181440387 -0.0184213017459501
-0.246819348248682 0.261251950201048 -0.118819472699358 0.0910919867442462
-0.0837844266133818 0.304760818351918 -0.0533314162973111 0.248669987204497
0.0651624435705958 0.333131294799102 0.0575711186532858 0.325002044184229
0.0940776210041331 0.298746123968866 0.125687904494129 0.308611775503453
0.044853348357141 0.307566254140151 0.0906106660565312 0.309434964699691
-0.127626479190343 0.279844325485916 0.00558134492569894 0.308615839398639
-0.256322050318217 0.161900404117835 -0.121433092373021 0.257645115447892
-0.366020450988932 -0.0190454937648746 -0.17383403574386 0.102382207513735
-0.261490012982022 -0.26148677187334 -0.116729546786224 -0.0440043314747856
0.0194478956567377 -0.406772211247315 -0.0459132651696152 0.0350317587300855
0.216113563104367 -0.473956897611763 -0.203022068863906 0.276204192947372
0.0467804409661787 -0.313590631191672 -0.455312536557439 0.56285407649464
-0.107196000360659 -0.281076765233628 -0.0681818213444946 0.528037859749789
-0.238187301190056 -0.133596354598284 0.117781635491317 0.142165801539845
-0.224775416131226 0.0549756751956817 -0.00611418064370085 0.0235511873502965
-0.121693928848172 0.117579923954778 -0.147128323838551 0.147760366527239
-0.0564992554899224 0.146877891468605 -0.0659499254242773 0.334788301505334
0.0115587815270524 0.180033605143592 0.0732728163747354 0.409297184923157
0.0244071922999176 0.161454607741214 0.137384234693455 0.389352089749903
-0.00806330993919111 0.16439446486383 0.0906520372618376 0.38165673895856
-0.0954692278885922 0.130147330288297 -0.0297521380851616 0.353332226150054
-0.143060567287128 0.0453891606589874 -0.166229131291168 0.256525543404927
-0.149422225204338 -0.0386542962192296 -0.177983388178936 0.0787045706582468
-0.0994467395765723 -0.118104241745086 -0.103932368776502 -0.0224396621089692
0.00945388804306324 -0.191363812237876 -0.0282042349607806 0.100245243506821
0.0932152985270766 -0.269965279583207 -0.251339341478256 0.385408351111571
0.0503379437373084 0.0152974908121139 0.235437740035223 -0.478855121762786
0.0311641903163258 -0.0241588166765001 -0.0211363727091842 -0.23271568185233
-0.0277492684006921 -0.0321394691925013 0.0605588907947624 0.024064487653861
-0.0589591518345323 0.0272388862837517 0.166400621869202 -0.0215065436243106
0.00229150825405655 0.0580804815510245 0.212529679776732 -0.185787261811148
0.0371132598792321 0.0400228228519839 0.0996569985733426 -0.357221238067761
0.0530294921891631 0.00880938251373462 -0.057181857695787 -0.41349670084314
0.0482125689280312 0.00403443790728641 -0.116522503246443 -0.417847676299619
0.0435145588293983 0.00182228913264967 -0.0813749165175217 -0.42033973479921
0.0284153615541483 0.0149472443166729 0.0433036166861175 -0.356407778772666
0.00492023388875126 0.0294835537771358 0.133679726973667 -0.209536108030753
-0.0300639739167345 -0.00539244620262845 0.0344771525072168 -0.0930921740719682
0.0266767027369844 -0.037091462428602 -0.0386893018468143 -0.194500754138426
0.0683845539622834 0.0432198162940571 0.11765319563178 -0.470659604324078
0.0274810859580756 0.0957672994493615 0.562713709610652 -0.560763028901629
0.156844087563643 -0.20113469864004 0.232857907676223 -0.439211695423186
0.0399033378504308 -0.222751499422257 -0.0120990525252498 -0.220717117133043
-0.155609691602667 -0.168014384054901 0.0762963325603739 0.00318061185858886
-0.248209086550209 0.021401240533798 0.162374835367227 -0.0309090140849649
-0.124849842651723 0.153213077441185 0.189445414558126 -0.175145465436812
-0.0134838988310068 0.178041329603607 0.0913191222989964 -0.32691819380099
0.0861397385238354 0.172900576604943 -0.0453806771961982 -0.369773376686727
0.108134114004358 0.165388491626861 -0.0885985056887449 -0.375722933410309
0.086677822845758 0.182459825823607 -0.0588200790507187 -0.377999335694032
-0.0276035450815982 0.197940196735042 0.0638758749890647 -0.314552533319457
-0.140921462265164 0.158311257539609 0.135976370782236 -0.167999318420757
-0.281349993412833 0.00346576111884595 0.0179828097733821 -0.071658415355955
-0.161839997858538 -0.212255981078869 -0.0473304304642326 -0.216052317859643
0.0774434984217445 -0.231350985589182 0.0905687017536456 -0.480150615955343
0.178277585954737 -0.177188469529496 0.500241455533263 -0.552282665287095
0.24143509169008 -0.400989744230075 0.172961805658038 -0.34187110265474
0.027756294124624 -0.412849436934213 -0.0118126409861064 -0.166566179428139
-0.288566650732901 -0.287530890802553 0.103332318532883 -0.0101343585705584
-0.427285302205451 0.0272064834397084 0.161734124626592 -0.0493185325818831
-0.239762604289705 0.242208838374167 0.14801819657276 -0.16044189661697
-0.0615597597486372 0.300563003891548 0.06912808516269 -0.264396114735473
0.108252063177792 0.314934436732163 -0.0304654476013867 -0.275643603507878
0.152080606724723 0.302437953467207 -0.0472285902018124 -0.275201243103656
0.114702601290917 0.334919461489587 -0.027358828946535 -0.276888181104764
-0.0806555363404282 0.350673412885731 0.0728278589817175 -0.219314906198743
-0.269749075613445 0.26570737777277 0.110972618172875 -0.0908901812066343
-0.500458371811573 0.0143289290084134 -0.0178641116441673 -0.0344662352544658
-0.334447700392645 -0.359061980614686 -0.0686012782752812 -0.214336599903521
0.0727245015500131 -0.475955823165325 0.0470056152993996 -0.43988635868849
0.301797975756028 -0.422802848903901 0.377948047523403 -0.463570258622639
0.287857685759659 -0.562611980615515 0.064743504131888 -0.187380879318252
-0.0163527978081812 -0.578540826967652 -0.0154642098461956 -0.0613219611623592
-0.427787483549 -0.376299691363239 0.138463922465212 -0.0108249087932737
-0.581053033663563 0.0560813310162102 0.154172596601308 -0.0683462426962868
-0.326497537014935 0.324112316632213 0.0868695967831438 -0.131138574790055
-0.0970026897638916 0.393056219486363 0.0348667650881845 -0.165381687790828
0.118815700827831 0.415876140300973 -0.0117811310312983 -0.137689365119378
0.173685754644757 0.39436073204197 0.0013023023833171 -0.133980346304818
0.124283575213595 0.431570016882356 0.00847598857811815 -0.130308408503647
-0.125153207057828 0.445995912670743 0.070217354558544 -0.0814242799691083
-0.358609755092698 0.331697517905372 0.0627084876940774 0.0133158175856339
-0.642563339285687 0.0255508009587322 -0.0666210054942792 0.0166299303316316
-0.457815577160526 -0.447555903225181 -0.0939828154085452 -0.184883094064656
0.0577429997604747 -0.637885223892707 -0.00209379176556844 -0.342946384546986
0.373175431245545 -0.593963704156736 0.216064801551968 -0.301441032288423
0.290831919999509 -0.64813598105781 -0.0742327042333814 0.0113584473250371
-0.0676742930177847 -0.674215297874937 -0.0203800032357808 0.0917954836414707
-0.524705560452125 -0.416477386307633 0.16762351147303 0.00746000920759179
-0.664678446491457 0.0872787656234711 0.128778939524852 -0.0732393495891332
-0.366252859447131 0.370351440034107 0.0118714439348405 -0.0732251128529881
-0.113645307768242 0.437151455651049 -0.00267729410634462 -0.0320945164771366
0.114729424643323 0.459365714867234 0.00949938912354403 0.0259925373816271
0.169771398443004 0.425860121041474 0.0496276524654036 0.0279890723811095
0.112151708154038 0.455679346704409 0.0421494305829573 0.0353014903553332
-0.148231228600854 0.462759782528976 0.0556842317635345 0.0727385836211723
-0.388635900935602 0.333606588778041 -0.000775285344452477 0.124333899190928
-0.664410758470494 0.0238094489445857 -0.11708104463595 0.0659847293867672
-0.486412015931253 -0.45868511955656 -0.113616648716972 -0.135906517107317
0.0424286339107374 -0.678134208504401 -0.0377382915978853 -0.208876552005839
0.380639805481343 -0.657880541500572 0.0465184441785655 -0.0963699345115973
0.2498026407042 -0.637330070082896 -0.225208574842094 0.226641086701537
-0.102451498366431 -0.65951781847109 -0.0313927733257535 0.264276888525219
-0.526307814613594 -0.390102982093982 0.173405297217159 0.0446908359277653
-0.631526868548647 0.09713031014624 0.0838911589148302 -0.054992694581225
-0.343428665267827 0.350105807246233 -0.0632191338846359 0.00695888716955673
-0.112608673914301 0.408118688733331 -0.0364573108263638 0.114983807208371
0.0921232335913188 0.432776743617874 0.0321908253307549 0.189931573821604
0.139647411818661 0.392242786774651 0.0898426559165634 0.184574698509776
0.0794767073483557 0.411572893790845 0.068058187958005 0.19168290561949
-0.153499784292164 0.399042061533655 0.031186024372396 0.211814609353295
-0.351301905153364 0.265537927405879 -0.0676953540102033 0.211634565373453
-0.55781083325155 -0.00100627857440893 -0.158516855407228 0.0973801824048481
-0.404604194299908 -0.390359612412646 -0.121767613264314 -0.0866142186542301
0.0384517155958754 -0.587803797727654 -0.0526044771910935 -0.0731162962698604
0.331208431690848 -0.605443457084744 -0.102671964565336 0.106924284470714
0.167747157458118 -0.519096116219304 -0.367870075836295 0.417413309483683
-0.110970176322403 -0.520148507751855 -0.0550240348646595 0.418670895649832
-0.417645130268297 -0.291652273137165 0.151403215427477 0.0939876740384255
-0.471889490220114 0.079236975542391 0.0326618159771834 -0.0173586260579438
-0.25699518997033 0.255687828021628 -0.122110248539707 0.0868159443282524
-0.0951785626228822 0.303737299041176 -0.0623203045627085 0.245830429371598
0.0552419051171992 0.334098950288526 0.0506377671399712 0.325203592053128
0.0861354154476055 0.300303303114603 0.116311444564841 0.313658037971792
0.0358817900537777 0.306668185694982 0.0790281970861751 0.313652163329484
-0.135777208932388 0.276020682783731 -0.00341223157086583 0.308015875489141
-0.260456620755734 0.156774577801359 -0.127458137782913 0.252817316016881
-0.363063485667685 -0.0292326178687647 -0.179907217870024 0.0963539180593222
-0.252580290932986 -0.266054681979119 -0.116395149071232 -0.0495295628478691
0.0338058283273707 -0.404266248844206 -0.0489288688823026 0.0319729641103663
0.232271932224538 -0.462214038145189 -0.210941563213923 0.272059221544964
0.0589206124499745 -0.315201002687021 -0.476452720059823 0.54739550376516
-0.0975852425066643 -0.287363294389875 -0.0889795465715423 0.52502187965773
-0.235791368810656 -0.13986433285997 0.114118570497062 0.146219022424695
-0.228489839916678 0.0512094737519398 -0.00533893789024413 0.0235963216459766
-0.126592318926894 0.114520969836355 -0.152415251239683 0.142166867975492
-0.0623822188441796 0.145809627698281 -0.0779946620901658 0.332095961905748
0.00643970438292294 0.179410312451236 0.0622974397074387 0.41091154841955
0.0204522775202919 0.161288628350135 0.12618772171225 0.39608634444337
-0.0112806640122831 0.162820581039036 0.0766863024414159 0.385803912663375
-0.0984077662550035 0.127128734099794 -0.0419189886557987 0.352687686670773
-0.143587147040167 0.0428456888192116 -0.172381368083927 0.25012095749121
-0.146943456515229 -0.0417243288410329 -0.181600074772815 0.0727406115931448
-0.0958304314226288 -0.118405902823776 -0.103363670578826 -0.0258155557924947
0.013780741882018 -0.19031441442723 -0.0332785257428696 0.0990170826336909
0.101517970623684 -0.264104464697163 -0.263827807873297 0.380849493560418
0.0520997521044088 0.0205028833553802 0.25692681647058 -0.496228299794751
0.0365292608771263 -0.0238994206356669 -0.0146273971028853 -0.241576232603987
-0.0271990045720204 -0.0363829054409907 0.0632655324371385 0.0251566261180595
-0.0618543433953969 0.0257255595039881 0.17119422801904 -0.0204830050292044
0.00100885472733931 0.0600611818847394 0.224368083664448 -0.189390499281741
0.0390016716268329 0.0425245588214858 0.110988645481505 -0.368862408916337
0.0542242353261883 0.0108790031404757 -0.050950278006688 -0.431464246227037
0.049286111853034 0.00571494873234756 -0.11374499378473 -0.43932783967096
0.0435967671168772 0.00325894430919405 -0.073945647256762 -0.43793251653915
0.0275376136897549 0.0164066188256197 0.0543777809044703 -0.368788030179642
0.00392076796149623 0.0289989729385193 0.143361142293245 -0.21285658407743
-0.0317033184040988 -0.00629605496156638 0.0378750342128592 -0.095199374134981
0.0280677917438583 -0.0389172708814446 -0.0365121207353514 -0.202707916677506
0.0717525725093369 0.046378223762462 0.135366070189456 -0.486438490706301
0.0264014696830907 0.100481412997277 0.598689553203785 -0.572892397345675
0.167667696586021 -0.201763970969567 0.253424326878605 -0.455271930916334
0.0493254566586668 -0.23061559221441 -0.00539856978278661 -0.229439287232028
-0.156458378451238 -0.178789040042798 0.0795751529616056 0.0030061312412127
-0.25882104600266 0.0176468369167602 0.168472848263693 -0.0300810876916536
-0.134015332142638 0.157344262062406 0.199890931211117 -0.178099801101869
-0.0174359766167848 0.186044329412436 0.102176383722161 -0.337019425547446
0.0852879411505422 0.181431082559981 -0.0384665654566408 -0.385627262054746
0.108957727396337 0.173214789383669 -0.0844389185934746 -0.395411358836116
0.0847352524665423 0.191527695473903 -0.0509485066398111 -0.394469512289218
-0.0334853778607276 0.20603072134993 0.0745782886338418 -0.326044507433228
-0.149976270525094 0.161146841904823 0.144872158356896 -0.170592140102932
-0.293250731114942 -0.00212005062505876 0.0188275036964897 -0.0727654348343276
-0.164998800384692 -0.224317178961443 -0.0453211524348318 -0.227387813948581
0.0894232717052558 -0.239085130114764 0.105986470706924 -0.4985785503893
0.189511886793289 -0.17840187615018 0.534124783013832 -0.564438622649034
0.258221077954022 -0.407399145223722 0.188321030383617 -0.357152078503588
0.0417119266154774 -0.429581016938491 -0.00677123543221352 -0.174084944324748
-0.29295544706096 -0.304405616770994 0.107889733927366 -0.0105696484743769
-0.444527018797714 0.0212128361637616 0.168117788120472 -0.0490646207711503
-0.255316946914714 0.24793208839983 0.15680914412866 -0.163952971342427
-0.0694374518243437 0.312462375720241 0.075950654084008 -0.272025367282741
0.105700382329998 0.328514634726001 -0.0233324376587862 -0.287000149596149
0.152738067447608 0.315797350195202 -0.0435662781252958 -0.290088771749638
0.111443495996996 0.349066473738823 -0.0213864634725706 -0.28767714685008
-0.0924663668102254 0.363606453474021 0.0823637601667585 -0.226559848811763
-0.286014826819066 0.271252211145063 0.117860976564873 -0.0909933734214928
-0.520852705565875 0.00402473207761666 -0.0207884755800179 -0.0340734039894317
-0.342193718932945 -0.380910572880819 -0.0682487439052365 -0.227270798302505
0.0903125783561537 -0.493448449864166 0.0567159052831862 -0.457356935479293
0.322364117259462 -0.430183158814498 0.405941347478869 -0.472844115495055
0.309680041789918 -0.573863653777038 0.0726031025875863 -0.199596950410514
-0.00239371756911281 -0.602057345959565 -0.0137306556120973 -0.0652047738649781
-0.435094747601857 -0.397949526335358 0.144241470588507 -0.0106812227150918
-0.605633225793581 0.050781442336246 0.16212848466551 -0.0691324120401167
-0.346596902453962 0.333165768168245 0.0925631833332707 -0.134394606292507
-0.108346467796251 0.409586273087068 0.0376921610383818 -0.170484430819551
0.116214514479403 0.433456097631231 -0.00534688408654347 -0.143866481048752
0.173650663571913 0.409715631258829 0.00480220346809109 -0.140420583132255
0.119870793157778 0.448928900213923 0.0133545214071444 -0.133635477009866
-0.138675842792983 0.462883064218441 0.076544138847664 -0.0839063737382173
-0.380135485387678 0.338608560913321 0.0652848425672631 0.0154777568944775
-0.669360308679154 0.0135503258253714 -0.0734712532871037 0.017589496347104
-0.46829081286793 -0.472718758713617 -0.0960762047673751 -0.198482543524002
0.0784247145258469 -0.662748471426325 0.0045010758936601 -0.358812767204595
0.400738214479996 -0.605148751895856 0.234122595801964 -0.307678258851379
0.316891098250841 -0.664727143297693 -0.0768095540945708 0.00496902450961644
-0.0548934659555147 -0.703440303600426 -0.0230684285584557 0.0936200529950211
-0.535997072374584 -0.440321485999825 0.174529027570008 0.00934759130942504
-0.69333517325199 0.0809478338974257 0.137293318666289 -0.0744032051868001
-0.389822978814233 0.381047411208826 0.0137159916623249 -0.0764128307293705
-0.12700243388964 0.45536840137057 -0.00404406948264147 -0.0333824064179846
0.110183970453916 0.478412365635183 0.0144754554095855 0.0260420846315614
0.169213674511174 0.442428905999194 0.0520740860362624 0.029235248752798
0.107115009882742 0.475051844704456 0.0455411698979187 0.0401156173304979
-0.164319637455255 0.478493219466602 0.058273250230208 0.0765461240675392
-0.409852409252185 0.339981426753242 -0.00222690166423835 0.129159375118924
-0.691852255174083 0.0109547435242692 -0.127112940057816 0.0688675133659252
-0.496935676167124 -0.483841359558869 -0.118090659529582 -0.148799436292732
0.0632337505591637 -0.702927806877964 -0.036370749975795 -0.220028747871884
0.411230650205674 -0.670085991162501 0.0528979756023149 -0.0972929615284904
0.273404621069375 -0.656242804204763 -0.239268964503232 0.226595504601942
-0.0919376093984384 -0.687808905936676 -0.0391549573376524 0.273117031707173
-0.539720742036901 -0.414178584137207 0.181183108239047 0.0489822488956357
-0.660090272659981 0.0937453804224529 0.0907064739073668 -0.0561048977855035
-0.365282418754754 0.360088665371129 -0.0660075402503058 0.00540698009326829
-0.126467691456093 0.424355741728567 -0.0420354527628409 0.118510888009334
0.0884793720038724 0.449202154289841 0.0341531095237874 0.196038699675504
0.138626806765343 0.408192831834552 0.0917774941158235 0.194347213734594
0.0757748261780041 0.42543662345939 0.0675310543683366 0.203019995852292
-0.167233131833016 0.412032737543083 0.0289889976978431 0.219829924970442
-0.369831691740104 0.27245666065276 -0.0735529966344077 0.218339752169043
-0.579403583116205 -0.0110358450523408 -0.170283051756651 0.0992270487242365
-0.411754994313832 -0.410491972055115 -0.127159870287144 -0.0965161616012447
0.0551717566187357 -0.607687249122728 -0.0550142458804053 -0.0794175457164792
0.357410088298309 -0.616944690369494 -0.107283637532686 0.111514226243493
0.187072539197906 -0.538708706033178 -0.392302350020638 0.424544447481771
-0.102626167333453 -0.544650846344117 -0.0680949019042571 0.434788032302101
-0.428988168000231 -0.309671381754052 0.157346885198778 0.100576974089229
-0.493684292532369 0.0777505041877735 0.03706098459504 -0.0189608189712307
-0.27373886885763 0.263052415504541 -0.12863088643311 0.08719009837101
-0.105640015899234 0.315664618328637 -0.0719969137167372 0.25294831934468
0.0519435675691513 0.346424813123916 0.0493964954626826 0.338386742054749
0.0855819384368343 0.311278182776158 0.115862763660391 0.330583847649031
0.0320982695527729 0.317189311858249 0.0762942374142483 0.330069117069336
-0.145687020858833 0.2848210121762 -0.00937715406125995 0.318953177936631
-0.273608417918975 0.159354444602261 -0.137459536245525 0.259527226745946
-0.376327218811987 -0.0366579978199833 -0.191749766432786 0.0975968165403958
-0.257350955653961 -0.277367415322412 -0.121885150893524 -0.0568856153742771
0.0447966102991607 -0.418928660562225 -0.0539379625785734 0.0310059310570246
0.25048405554025 -0.471120287780628 -0.223918363401427 0.281271050116249
0.0697125191362539 -0.328902223629081 -0.510447086197054 0.558616044258695
-0.0962276435228278 -0.303247220144442 -0.106286719136399 0.546779665825866
-0.244337707165094 -0.148401756579247 0.116829168178196 0.155915537560704
-0.239370688010195 0.0519948606615366 -0.0043425738034688 0.0233273105451561
-0.13556989977512 0.117718364234799 -0.161043987990262 0.144244308838356
-0.0693686033854313 0.151265168849391 -0.0895629088578615 0.341993507596177
0.0041409526637477 0.185362856485343 0.0582853305257609 0.427165955584266
0.0193156602320463 0.16664561251513 0.124659267984323 0.41651926759072
-0.013296103664936 0.16743481323956 0.0709210454100016 0.404277416781311
-0.103592953922689 0.130664162356902 -0.0505726782837647 0.364377344185956
-0.149090459252823 0.0436773503909008 -0.183215548497554 0.254709959612159
-0.149845471237214 -0.0445939896216883 -0.190827933618072 0.0718550730862228
-0.0967954921427903 -0.121700305301775 -0.108473014889525 -0.0299938797392985
0.0168104666107927 -0.195640243937179 -0.0381392637107752 0.100483408555428
0.110041223591478 -0.270411701944489 -0.282692011331316 0.393824385169279
0.057092460023347 0.0240798023507884 0.265057325394589 -0.53559541034716
0.0414933948061941 -0.0260833601074143 -0.0169071270977625 -0.255612674273784
-0.0291070863642586 -0.0403534471081211 0.0678486551696877 0.0244725508643722
-0.065678190037952 0.0262412386612828 0.179241035802175 -0.025439196727947
0.00147526992211058 0.063851652960817 0.234140891636712 -0.206218658367238
0.0428693030921304 0.0437500061217491 0.112550659928135 -0.393647582612499
0.0573282631405387 0.012252614970656 -0.0617975465298012 -0.454405681062954
0.052166145680659 0.00525402876630504 -0.132427737249003 -0.467065170000588
0.0449129076427756 0.00367711718358299 -0.0864102519071044 -0.464708797309584
0.0283510661149729 0.0174977175492419 0.0514246420033012 -0.391343380579259
0.00398919248307224 0.0288713907734882 0.147807858791323 -0.226977781961056
-0.0341409330627058 -0.00697929964160329 0.0378609164763063 -0.10113020447266
0.0289110783599669 -0.043258559673712 -0.0421541659012648 -0.214465101134996
0.0786044860820711 0.0474335498760569 0.138221554291851 -0.519844858527547
0.0295245917218544 0.107545270094991 0.626747810949099 -0.619426121115843
0.174257031280726 -0.213080197952362 0.260961384735023 -0.49378546047335
0.0520849535191127 -0.245244192132955 -0.00754065264666817 -0.244202967557448
-0.168406207820888 -0.187855759776649 0.0846752937179094 0.000466425751927003
-0.274635593178889 0.0241395368837772 0.176069333820558 -0.036504144152281
-0.139211198687464 0.169815335474453 0.208686158896421 -0.192775857584238
-0.0140655900756572 0.198258810665276 0.102339797259394 -0.359379345433464
0.0931599760055542 0.191001727789597 -0.0462447028577224 -0.408341960179133
0.118881017911544 0.181315571833597 -0.0980137141875392 -0.420455535106127
0.092742124451155 0.202323075213426 -0.0601448009286377 -0.418197708577391
-0.0337437996966159 0.220012090264859 0.0752775916572586 -0.347233946546528
-0.156970878070246 0.171991916857872 0.150653970960433 -0.182172492150984
-0.312290145955537 0.00270355461764468 0.0166799324608562 -0.0760968855666068
-0.179685419699938 -0.235825211435899 -0.0535709298637722 -0.242558215762399
0.0939793599330293 -0.256841866386357 0.104784822978149 -0.532430582851883
0.198920196133879 -0.190809411278718 0.558781064356023 -0.611017519110967
0.266842248493152 -0.43352253277495 0.193513790404993 -0.388786460774395
0.0391612876597513 -0.45671527275724 -0.00836273576986475 -0.186201172118106
-0.315479387674967 -0.315964362202599 0.114011877631746 -0.0153140048344569
-0.471508358612771 0.0336599760655531 0.177899600322665 -0.0565091712819492
-0.266815665554898 0.270649614703786 0.163079676372456 -0.176776211475704
-0.0668153879587091 0.334393358279757 0.075288740471331 -0.288413640112747
0.117699949934442 0.347187568262502 -0.0261805133280781 -0.304884599032514
0.169315521596606 0.330328512086437 -0.051925725947229 -0.309197192465784
0.12460560197673 0.367704609917368 -0.0253118173984328 -0.304586559993095
-0.0923131078651455 0.390239099370861 0.0852735770533546 -0.24288727142772
-0.298978519238892 0.292636378717179 0.123984322361183 -0.0978894698959751
-0.555077860039772 0.0150241634760968 -0.0259106090643495 -0.0336492371330621
-0.369705744545185 -0.396821605158335 -0.0795437371206163 -0.244277276344528
0.092463117047286 -0.525787138357419 0.052821442782498 -0.488869348943279
0.33628242024838 -0.458191336624154 0.424012584166012 -0.512152961914897
0.318270630191482 -0.612013509295642 0.0737134563149205 -0.218735262537229
-0.00958688075182083 -0.639083712662497 -0.0148812752319851 -0.0705874752192443
-0.468369930632736 -0.412024438644576 0.153378881676938 -0.0158510534399286
-0.640869045245534 0.0697544906506745 0.172018164722748 -0.0787238133427023
-0.362786364852172 0.362708915223714 0.0966101379848451 -0.144503325315989
-0.107089172160501 0.439449942802702 0.0363519397214602 -0.180298934518654
0.130196642661378 0.456623738516804 -0.00394001056133829 -0.154361312502768
0.194236708959581 0.429768578974322 0.00295755831713871 -0.150965774725712
0.134874234502181 0.472788574024328 0.0140191422191874 -0.140819818430361
-0.138604036765208 0.495342602039047 0.0814594337256677 -0.0913366699302597
-0.397902151743806 0.367470237931637 0.0711993120189282 0.0157157808726975
-0.7123040067553 0.0278809264181845 -0.080775179613939 0.0225386751696577
-0.50474829779941 -0.49189713761275 -0.108840179591074 -0.213651816333127
0.0762484099123645 -0.70585084537223 -0.00292477510234599 -0.382763675887951
0.415498492210384 -0.645492927107055 0.245659006436577 -0.329409303416538
0.324302987302231 -0.708927481357468 -0.0813397690573405 0.0021333253289529
-0.0688436271413537 -0.748161670971818 -0.0223473675465711 0.0986808220122099
-0.575807258691483 -0.454265198552753 0.186513977734206 0.00471204736994461
-0.73480468346429 0.105170352921657 0.14699594006586 -0.0839033400760328
-0.407192760914537 0.415738245179353 0.0142021613517282 -0.0817797043981148
-0.127263829302734 0.486866606579973 -0.00636005385908344 -0.0348319988828
0.126417041352631 0.504615617477012 0.0209636715091919 0.0249913651773192
0.190301646531601 0.463974437652962 0.0578631436256231 0.0297464143294564
0.121795406250662 0.500009811487866 0.0514156224915513 0.043762115763767
-0.165887515769303 0.51271813701887 0.0652645291722634 0.0793624669298333
-0.42791898736154 0.370749380701947 0.00159353904616035 0.137303226782997
-0.735388506791238 0.0251764394535911 -0.137837724522294 0.0784449709038042
-0.53555052957703 -0.49985338174966 -0.132305284413781 -0.160371401775486
0.0584318506463447 -0.748772707534964 -0.0450283299777609 -0.233993808514608
0.425836173379528 -0.713048657930671 0.0574694300268295 -0.101874698369391
0.278691787252503 -0.701318714607351 -0.2500126321968 0.242641594064744
-0.109631036049018 -0.735013242995225 -0.0372633239083498 0.291179186555712
-0.58168890203158 -0.426129771177979 0.194647759249149 0.0464327624346964
-0.700542267115552 0.118629202375401 0.0991861841909845 -0.0639268652429067
-0.381938787458957 0.392590526658372 -0.069281831105494 0.00555193390317047
-0.126063615510391 0.454615142720497 -0.0449418096573187 0.126639850315894
0.101428642355321 0.47333913834346 0.0444663166636573 0.205499201950596
0.156840643754962 0.427547717186336 0.103041025692371 0.205665112500254
0.0882944636694697 0.449650327914488 0.077312883005552 0.216439111051962
-0.169898926055459 0.441471984382159 0.0356833182342255 0.232415391620889
-0.385600046993983 0.297029764575924 -0.0730992566971637 0.232724555122022
-0.614543025287564 0.000350615677979789 -0.181972259322011 0.110625599598435
-0.444468856330638 -0.424076326660758 -0.140404934491224 -0.104326764360056
0.0513366804973187 -0.645791812778507 -0.0633942602972255 -0.0845895588137411
0.368801892173038 -0.656439650819692 -0.109772093033565 0.123078801887783
0.18929076280411 -0.575748471279711 -0.4109701767237 0.456078739933752
-0.120157509581327 -0.581321916473262 -0.0658354868534542 0.464103959910589
-0.463447733044676 -0.318243415340614 0.170453381000144 0.1030002673228
-0.524220083272125 0.0980710449943489 0.0421759425917951 -0.0225303307036222
-0.28715872488452 0.28771924282826 -0.135281401313547 0.0935659538104807
-0.107521834963141 0.33997928455771 -0.0746409381417206 0.269918854537792
0.0621374891319661 0.3650448159771 0.0628864086466426 0.356721399742028
0.0991570528014773 0.326541222054594 0.133155199502537 0.349999736463578
0.0417764138090994 0.334310725018847 0.0874427739516318 0.35241140504546
-0.148953465378843 0.304968500471577 -0.00377675294736037 0.338550968444295
-0.286163547689234 0.176202968652795 -0.140132825973606 0.276657414596645
-0.399235510687645 -0.0297277160940963 -0.204166188056896 0.108498588099132
-0.276820015108014 -0.285664350926231 -0.133884003945494 -0.0608524581920986
0.0426682830185139 -0.44245409267371 -0.0599921394530722 0.0319405023062069
0.257951495690856 -0.501768659524056 -0.23166497135761 0.306506110244024
0.0684754207273641 -0.352186031924109 -0.535467207840615 0.601838742234834
-0.107629505788567 -0.322739515056353 -0.104726013213845 0.584775683486303
-0.264703827429429 -0.151416208387144 0.129178920963521 0.162377387371764
-0.254163017168558 0.0639996388899386 -0.00120509724200058 0.0230459082307668
-0.143157856430423 0.129297371110371 -0.168640640538135 0.155202861205696
-0.0710825077045489 0.164297438697659 -0.0899520964838163 0.363874205259329
0.00885283870817365 0.195433014905629 0.0721183535934926 0.450574012450575
0.0257015841210182 0.17532262250084 0.143069359765521 0.441827851422214
-0.00933589612265062 0.176550482637152 0.082676933652706 0.430476296568875
-0.105995318296524 0.140039855392387 -0.0478140666179342 0.387939331528843
-0.155864752607827 0.0510393190514322 -0.188738366206968 0.272723594165523
-0.15838826771024 -0.0428825298240395 -0.202629739223912 0.0804899950109289
-0.10391812730806 -0.124094106217765 -0.117593178338267 -0.0307551182065723
0.0144424037790971 -0.205333049673294 -0.0417885203810029 0.105690396930631
0.112564388988837 -0.287063968116065 -0.292377789612443 0.426764538664524
0.0493443155156468 0.0257452459550636 0.362748207199229 -0.50528363427584
0.0462798666808347 -0.0197050294656709 0.0272268472814504 -0.269281193162724
-0.0203192376419026 -0.0490596414379379 0.0657469536442492 0.0334355086459553
-0.0703668497784091 0.010697355042702 0.184895393635778 0.00215411418634737
-0.0125387773570377 0.0587727830845669 0.276565827087531 -0.174700014624719
0.0337861601305194 0.0488954742293821 0.182002194097423 -0.392138933918045
0.0557391458664656 0.0216682991540303 0.0100429901037737 -0.485661565254201
0.0491582278991942 0.0143720955325204 -0.0628296526217715 -0.511443174191924
0.0450806658177216 0.0133762820499014 -0.0180818468076825 -0.503345555041214
0.0252584241125542 0.0211439845542371 0.115365791114935 -0.400130245595934
-0.000969758105780613 0.0273302152875992 0.188154067192203 -0.212341389397971
-0.033256247633708 -0.0153835670265935 0.0566466350599591 -0.0981941033200697
0.0396164120036308 -0.0422093938422406 -0.0105334671985273 -0.227756174329046
0.0792688752166851 0.0582885265707663 0.22512167042748 -0.515697259377737
0.0151573585580941 0.11357968834711 0.766464305971668 -0.538742167344702
0.212586561498221 -0.19246866763617 0.357940727695101 -0.472999103596952
0.0947067486891037 -0.240271758964894 0.0354827538856567 -0.26184080224
-0.134964821517139 -0.221500172124354 0.0782724079033127 0.00144052240660264
-0.280605509451148 -0.0240133329017579 0.170267024632018 -0.0157332192422862
-0.175679603090372 0.144264213388382 0.241779925740306 -0.157611292962107
-0.051499275705961 0.199138384786314 0.163053886951907 -0.353448384020252
0.0614174504919817 0.210613756439962 0.0162220731337204 -0.429128553103386
0.0841030783936438 0.208133681493581 -0.0357123251687029 -0.457432688671957
0.0578095108763425 0.225417433212631 -0.000657346484405363 -0.451557647756385
-0.0764321355587889 0.221581771811553 0.131511748821751 -0.356271254183384
-0.198447264485668 0.144863479337552 0.19078934701609 -0.170399863970268
-0.326856519428225 -0.0532114928264936 0.0451802856985535 -0.0818374798687032
-0.136703299835078 -0.284937570045041 -0.0153790068425898 -0.254256888838745
0.155548492375255 -0.256945919468037 0.192414296081668 -0.521188726790404
0.255516005840126 -0.170102357510968 0.678575405976171 -0.531257663183628
0.347140403199919 -0.396498872934955 0.277615384585757 -0.3854443857075
0.117608189114206 -0.454956843676798 0.0246433251358131 -0.20935101758577
-0.259593609870076 -0.377134946311587 0.102521614221111 -0.0187806106085712
-0.4816393290999 -0.0432853643037485 0.163528940079909 -0.0413203256032262
-0.323709488926243 0.226081529303367 0.185648649137096 -0.141666257202348
-0.13078965225646 0.332414910687509 0.120796887447699 -0.280784197332713
0.0609307139855455 0.37351074617585 0.0184254714139293 -0.313769367937723
0.107412662633713 0.372451102556902 -0.00368942211506751 -0.332936434925664
0.0607156505638357 0.402892881213642 0.0165920124227544 -0.327959671821691
-0.168632650637806 0.388630187785568 0.123739395031373 -0.250336376836017
-0.372832793982279 0.242571660911274 0.155752834453833 -0.0910728613145152
-0.582930076571519 -0.0814183666808777 0.00735157614663092 -0.0492337244644842
-0.30145848398972 -0.490942704981843 -0.0396724497609276 -0.256827443536168
0.206015553266716 -0.539695915157033 0.128781641028466 -0.472069098897289
0.45646748763793 -0.426512478669491 0.507827600434949 -0.438287063135361
0.433335463870962 -0.565157480114526 0.1308362642605 -0.237763125870018
0.0988542621633308 -0.650314300254011 -0.00230665298688234 -0.095820362598756
-0.397928093583115 -0.50037520280802 0.134268472796531 -0.0200437215304811
-0.660341572229621 -0.0334183374197445 0.15113171544478 -0.0676461791129102
-0.435093996178259 0.306465440273955 0.106515682926896 -0.11261369891407
-0.189730618259949 0.43430843648932 0.0607231465260339 -0.170956672882979
0.0560738862068343 0.489670274043805 0.016325453300005 -0.149737396102074
0.115229609136727 0.478021908237424 0.0284279714123181 -0.157570524677988
0.0537474299883119 0.512364611575775 0.0313006596227896 -0.150463028051032
-0.235857951864297 0.490850432086959 0.0951903739761434 -0.0947797036163356
-0.49011570788743 0.302937858330289 0.0880825291881361 0.0155357065331953
-0.750908474779306 -0.0944547448117999 -0.0512883798984795 -0.00333229220702304
-0.422236533741798 -0.616017456851029 -0.074240028212875 -0.22827044797959
0.222199572970482 -0.728708002738078 0.0523398787992065 -0.363176870389872
0.576041879210702 -0.607289197434327 0.280829593129235 -0.273094916573315
0.457495650474284 -0.66043067905288 -0.0640370448559403 -0.0407305110636265
0.0596178033714289 -0.770863824522764 -0.0390134174955873 0.0749690361192748
-0.501806852903088 -0.56453431924928 0.15928656692962 0.00382527421407031
-0.761731904676198 -0.00851272366873128 0.119922801142986 -0.0783576880204359
-0.490754415430766 0.354044203596228 0.00935552155688715 -0.057579765856258
-0.217029558522549 0.481789776908982 -0.00774804846723244 -0.0249750090082184
0.0434677151723519 0.536961974150253 0.0132681009308087 0.0436702738000934
0.106286993369921 0.514237462717487 0.0567339872808077 0.0402755591059609
0.0345216712756425 0.537550858217894 0.0419131789146691 0.0493389042992388
-0.26689463988416 0.504170084760813 0.0512378786073985 0.0803695054064835
-0.523204998975448 0.301577125314016 -0.0015652559323804 0.131349035066575
-0.775245188948605 -0.0992880679830579 -0.117534792671713 0.0445282270827199
-0.452566781514816 -0.631500531920908 -0.105933365456841 -0.176086594755936
0.210262309839061 -0.772089447107689 -0.0156224408622633 -0.215828755054779
0.598554817356007 -0.674374722153024 0.042525243096833 -0.0663712648591886
0.412549515777243 -0.653807493473882 -0.279083038929554 0.178577065080299
0.0190485293883415 -0.762764516233107 -0.0867945569661527 0.274242670749223
-0.512485797740739 -0.536458981956253 0.160420464626948 0.051088939315306
-0.727482973696087 0.00938550396468233 0.0687743627295145 -0.0633635436972526
-0.461465194532111 0.337604399940615 -0.0900003842404566 0.0189118253613001
-0.211640339672805 0.45221352666396 -0.0736097597861116 0.135864328394202
0.026792837342204 0.50253096430296 0.00950232129134586 0.235685255241953
0.0810114699171182 0.471248991848271 0.0758261114578704 0.232860958495639
0.00960396797784786 0.479049513555518 0.0428878190013101 0.235973089557696
-0.256656641309302 0.429619056663495 -0.00284360207081199 0.236930515489647
-0.464256915965643 0.232451903164734 -0.0955042774820942 0.220876341580102
-0.644957914926536 -0.104210680557864 -0.175098696757524 0.0748998932504535
-0.372039289939307 -0.530566579230717 -0.125376969494312 -0.1212295196865
0.181357202772865 -0.66376795473349 -0.0587486157416896 -0.0693432635782714
0.526152942792523 -0.621927804299199 -0.168653909056962 0.137472315454014
0.301440198772931 -0.538577209392857 -0.484449056459648 0.376472409683254
-0.0154563670756461 -0.609563862174355 -0.145574766005703 0.453510233260571
-0.413030301595112 -0.405891622301606 0.134602508631325 0.113008537859997
-0.547547020925204 0.0189692084584422 0.0150143166821553 -0.0255300582408601
-0.344206608750634 0.248787235914156 -0.168216217269726 0.0941128332500894
-0.169827186084783 0.33761151584232 -0.126073484645809 0.277885868563712
0.00312691437365345 0.384448547908579 0.0050392606596227 0.393526250588001
0.0414857689175873 0.356531257257854 0.082857329199304 0.38915970879295
-0.0174329060079 0.351339121107364 0.0332891981948259 0.38073606918489
-0.2096569185953 0.291443666529787 -0.059384671187736 0.344859874384512
-0.335935026457869 0.128803573704708 -0.175477805210703 0.260087279056148
-0.412887338009556 -0.0982593455276596 -0.20823738359815 0.0745158797547766
-0.227485418576386 -0.351885893755587 -0.12824934273831 -0.0776867926595627
0.129952059888257 -0.451063376195952 -0.07318695331349 0.0412145316072666
0.374078081183388 -0.476210769035935 -0.319174399037098 0.300688550810829
0.136806347104946 -0.330523202874154 -0.643998570534522 0.515143696678822
-0.0459278774722151 -0.344134005510389 -0.207946415448207 0.581651571565739
-0.239388099881586 -0.199952863796944 0.0927460534054013 0.179092659913347
-0.267073846368531 0.0275886076195914 -0.0201726915653405 0.0197251168514605
-0.167527308167141 0.112745714890372 -0.207739294446652 0.142798492654995
-0.100637386915973 0.162049059178574 -0.155975839359261 0.368918404222144
-0.0224687889260107 0.202357901525617 0.000484121582054805 0.489998978737505
-0.00335329589646717 0.186866903978363 0.0784348655554884 0.488173927420686
-0.0403505398136045 0.179227642395306 0.0171717791475069 0.463610665465021
-0.134692692709376 0.128404467712414 -0.110707165916093 0.392266485792063
-0.17362484111429 0.0247858308809438 -0.231485589168356 0.252124464935785
-0.15971390171897 -0.0708251944522774 -0.21482965464376 0.0506952573816615
-0.0823622250623199 -0.148084354855439 -0.11735994051055 -0.0477793818772027
0.0523585441230474 -0.20786454213005 -0.0642491242984552 0.109054257024713
0.175857330151077 -0.277387185730291 -0.392631065066767 0.40708161137939
0.0529057159560437 0.0242659638854873 0.322565131177193 -0.541008735524309
0.0487532308723023 -0.0240969285177417 0.00766944210143669 -0.27241503027902
-0.0231767124255001 -0.050050322243392 0.0709274706541604 0.0273391402422597
-0.0707960154062226 0.0143106322179104 0.184460711606435 -0.0125293929878606
-0.00894402745978494 0.059521238972613 0.262738863717869 -0.199592898133497
0.0385201400056964 0.0453780263617505 0.150782466833315 -0.410540692934323
0.0580171484227433 0.0179876934578799 -0.030143051798164 -0.488511578971815
0.0495785433640595 0.0110357281753031 -0.108824681377235 -0.509755849222024
0.0450592746827183 0.0101932543080889 -0.0591113478745275 -0.504905079182353
0.0255380067722931 0.0197040855538444 0.0856843349669357 -0.411717520999219
-0.000207038372871119 0.0264220769226682 0.171479309462115 -0.226305405636689
-0.0353797759721671 -0.0133894452654083 0.0476627991859482 -0.101807877780306
0.0354611958464651 -0.0467023808000539 -0.0294170709213237 -0.228159564848136
0.0852189274977181 0.0519703027744446 0.187044258392915 -0.536128030251386
0.024601590590909 0.113543970020071 0.726305403185478 -0.60505630780723
0.197835491090832 -0.206835559053322 0.31908827089985 -0.50891305961431
0.0786299039219655 -0.248554527211655 0.0160187463879981 -0.267077800727699
-0.151711319570502 -0.211403370979209 0.08009674975135 -0.0066634979699146
-0.284366883721519 0.000231785279980556 0.1686156655878 -0.0308086491367774
-0.164988433666201 0.16013459233492 0.229536263204887 -0.179416921492911
-0.0350622404465814 0.204581961852685 0.134926593563256 -0.368250508735117
0.0798800346269529 0.207124986875017 -0.0171415751187125 -0.433651603732974
0.102077496369488 0.201613255833298 -0.0763939043636576 -0.457732775660766
0.0758752882332724 0.223166022188668 -0.0369655079063184 -0.454507538122939
-0.0598794866450861 0.230573903143692 0.104990058901551 -0.369120127007363
-0.189309869896622 0.160903550232606 0.178719668354367 -0.185675177482725
-0.333941138916355 -0.026143403544628 0.0369336344379322 -0.0834029060263235
-0.161609743236187 -0.275504736074453 -0.0370909918740032 -0.256336306097394
0.137221597856135 -0.272279651409567 0.15166726821311 -0.539592728021326
0.242893700251227 -0.189807003062597 0.639336718001039 -0.590745322472339
0.315077962241381 -0.423332191762613 0.245603453928036 -0.413973128260895
0.0836932657782224 -0.466488499896953 0.00920640772762659 -0.213601419800611
-0.290506399710475 -0.355350113600478 0.102154681047678 -0.02965630967206
-0.486812423462288 -0.000907191582767941 0.15971545615014 -0.0575468886873897
-0.305219545020654 0.255861718004253 0.175755644417434 -0.15878633730617
-0.102249781479179 0.345125932691695 0.0981590416518817 -0.292155044130168
0.0920907789073084 0.370156366326158 -0.00470394663854389 -0.318722993221153
0.139376283999698 0.362969780231933 -0.0329004610414496 -0.335044328105571
0.0939430095766351 0.399823681772552 -0.00863700957334505 -0.330657137186822
-0.138197731311148 0.406647994193509 0.104902420343856 -0.26238958793414
-0.355731074165805 0.273532176028494 0.151033687861695 -0.104326274053026
-0.592840403680217 -0.0322423025320033 0.000924422888463441 -0.0475997160785158
-0.343344931236322 -0.466867226341672 -0.0641470456530718 -0.257403561515045
0.1670987890122 -0.559613540004827 0.0921453776092674 -0.48476517317333
0.422351242462437 -0.462243459206118 0.475718681864411 -0.480960797836514
0.387398842809913 -0.598362773743071 0.110816908897745 -0.254510303064852
0.0503501909217312 -0.659749432017148 -0.0086889038711236 -0.0979026441269332
-0.440660931047187 -0.465915545808788 0.133628795799889 -0.0339067875952989
-0.663571998523886 0.0271131660820458 0.145920644364138 -0.0839295837299691
-0.412620175511778 0.347421828424294 0.0991430388295416 -0.123491332878445
-0.15305507495799 0.454105479944704 0.0464569456678082 -0.176372890247462
0.0966067581258346 0.486531348363101 0.00761990030238211 -0.155096855120928
0.157679899038684 0.468616992831609 0.0154271329056796 -0.162303285181268
0.0959153418191363 0.510730690298175 0.0216389993171776 -0.153752198489109
-0.1982135069983 0.513018828285743 0.0884027295420268 -0.10471320769207
-0.469325384653774 0.344519873340702 0.091834608180101 0.00815262178612259
-0.761224983435282 -0.0308999571582447 -0.0551673404158147 0.00408607669324784
-0.472622193589109 -0.582004882396416 -0.0988867089893097 -0.227271149001293
0.167720810292193 -0.751485312428881 0.0211553462031225 -0.369411946556708
0.529084588041392 -0.652544384380004 0.261899643250952 -0.295439243092389
0.404189947659656 -0.696033845940753 -0.067768858285754 -0.0397116923263825
-0.000508534885562783 -0.778572035592266 -0.0318474365435277 0.0772245160310083
-0.551441379085271 -0.520345189770033 0.160523135279571 -0.0128504073474582
-0.763966120510732 0.0611081919507493 0.114813861655177 -0.0927464730751511
-0.462351151941667 0.399776095332709 0.00592823294836354 -0.0598777185497954
-0.176914179745273 0.505566947834351 -0.0111424438338594 -0.0237588763543539
0.0896557566158921 0.534423016323123 0.0208768555655305 0.0385337644287052
0.15237064431918 0.502841356221626 0.0615041844411253 0.0345820202265142
0.0803458188440283 0.537194481038663 0.0492368810606643 0.0467308289147224
-0.226206463326721 0.53058408331486 0.0584481129369047 0.0750596512113102
-0.501143410143507 0.346191426059959 0.011353515121994 0.130980638376715
-0.7871534483231 -0.0344564577066714 -0.118189856800834 0.0586714063865908
-0.503453758850176 -0.592179433780765 -0.127654019379306 -0.171563096794407
0.152075394307546 -0.794544556397329 -0.036386786542098 -0.215349092752864
0.545292264755072 -0.722433645220273 0.0389682471875922 -0.067799730993219
0.362034146264169 -0.688901139029082 -0.264912369568521 0.19891943410122
-0.0422243224857395 -0.769182139512071 -0.0647075510763459 0.281952717487216
-0.560299050528903 -0.491925291244213 0.16611407581359 0.0346791294303255
-0.729123277007747 0.0778998775317131 0.0660408260065083 -0.0735584738651104
-0.434366112790275 0.382290734455769 -0.0875786522413137 0.025320815637478
-0.173538761106933 0.47364010575365 -0.0644831214499681 0.14337423135567
0.0678537655009105 0.50184691077816 0.0323266246726366 0.232001603701662
0.12223903034407 0.462658498584577 0.0971131182899127 0.225891981654084
0.0497161603395002 0.479456517124763 0.0654274822962697 0.234863867861206
-0.222771909223963 0.454147270439549 0.0164957829653347 0.238066329066874
-0.44697164452302 0.273352682763021 -0.0759575653552435 0.228402750382723
-0.655297198052091 -0.0493202413291811 -0.172241941874333 0.09314080204223
-0.414359020809319 -0.497519346956194 -0.142689821843162 -0.114730898631666
0.132621925424277 -0.680302804796232 -0.0694640632271714 -0.0656962752334839
0.475174960626575 -0.662069531248118 -0.154625160959617 0.154505691992222
0.259519231507208 -0.566286048439994 -0.455048434255501 0.417134332057471
-0.0675772417113183 -0.61207326202816 -0.108888210689589 0.470192300499628
-0.450365099022867 -0.371356600003065 0.144315871475931 0.100216671030863
-0.54859138341995 0.0697214790480151 0.0151301631941426 -0.0309713902776352
-0.325290018717274 0.28204898537899 -0.160874024155615 0.107347967893986
-0.14097722062725 0.355801558373948 -0.105430462826046 0.290013667102856
0.0349946934667109 0.384913349864713 0.0403316741768272 0.391396184712878
0.0741566163047208 0.350931979624365 0.11813475515876 0.383934257737578
0.0129002108170718 0.352401948902642 0.0672827644263811 0.381355416215095
-0.185876775630468 0.310810418222866 -0.0322876823433576 0.351117758348151
-0.324949533545298 0.157554739119813 -0.15396532233564 0.274753435315346
-0.421555826860552 -0.0621885720121928 -0.205016621351755 0.09479885700611
-0.253822014625773 -0.330147348633322 -0.140847681369003 -0.0694746828735587
0.0948417345783389 -0.462634497771801 -0.0746833073427473 0.046629212898238
0.336548507221633 -0.504529099186979 -0.293777780121048 0.33175194634334
0.111823858568005 -0.344443714581925 -0.603553977871903 0.571233197898798
-0.0765271080616529 -0.344232278584475 -0.160220533248744 0.60350578265203
-0.259757310900491 -0.179132924207618 0.108530721749753 0.170472945529383
-0.26546395987938 0.0542381177652304 -0.0173672246115007 0.0193290181019452
-0.159231881540775 0.129031921008159 -0.19700123846469 0.160117083428051
-0.0872054790592298 0.173209083533859 -0.128697708205786 0.383480756066275
-0.00503396362690383 0.203938550266142 0.042262051465611 0.490427913064263
0.0146238550108955 0.185322576478225 0.121849652311793 0.482937843975327
-0.0233908556510441 0.181703728540981 0.0563481996732132 0.466117230445168
-0.123435152957146 0.14017974223829 -0.0802528247499396 0.40405761612767
-0.170581420711122 0.040186035788926 -0.2108096946889 0.271477610708038
-0.164174184768122 -0.0551390709237095 -0.212293665845068 0.0701923685304243
-0.09339530406561 -0.138772883913929 -0.125749968965631 -0.0381830624247114
0.0358336337146187 -0.211600813738827 -0.0596245303223499 0.113815581509065
0.15346576480667 -0.291182180447478 -0.358366760653356 0.445344287931086
0.0542492061156363 0.022458505041083 0.277279674212744 -0.546043333982945
0.0493027418650415 -0.0272677037972725 -0.00683564256868482 -0.265717454513278
-0.0247365326064553 -0.0495244635539541 0.0720220640464157 0.0211309220809846
-0.0689085102724861 0.0163179737430489 0.17625365905841 -0.0234510925541504
-0.00589231362077555 0.0582591475330559 0.241850542908103 -0.210250976607471
0.0401994581617752 0.0414330269409104 0.120969542809758 -0.407829422632286
0.0574220509151806 0.0146788433626009 -0.0575490387797542 -0.470413651364254
0.0487737090554046 0.00872866692612126 -0.138298762573457 -0.487065321022808
0.042894656103498 0.0083363283640353 -0.0899860480546791 -0.485309670207324
0.024993275617909 0.0184933531767458 0.059304719487346 -0.404628095352165
3.61863068515326E-05 0.0246127045674422 0.152422514843609 -0.227819102111152
-0.0352156227188987 -0.0115409106371428 0.038527720816146 -0.101211854325308
0.0307411047471436 -0.047386864350702 -0.0408973566536259 -0.219493417580537
0.0861370788016755 0.0450763484538182 0.150418610566587 -0.531446205139733
0.0310053986412036 0.108879636817592 0.663955288385367 -0.62954263926999
0.181285187884806 -0.209040144544187 0.276504682363651 -0.515746931819959
0.0650321167495091 -0.245743246504414 0.00127186857912198 -0.260946440931544
-0.158324831214922 -0.195587784653707 0.0776056717477089 -0.0132178055914046
-0.275116161560662 0.018289612373282 0.159587089831493 -0.0409772572319303
-0.150378611403317 0.165665974397715 0.211014941168512 -0.188520494010708
-0.0205032135067836 0.199497018029645 0.10892643684576 -0.365642525617668
0.0899920835272834 0.195612914392067 -0.0418008497653282 -0.420124308098058
0.111325759314922 0.188633789306064 -0.104258854287165 -0.439320616867917
0.0865554223008802 0.211962912499325 -0.0638134576179901 -0.438381417552587
-0.0452643156021933 0.228142525677375 0.0795672562001824 -0.365916937687951
-0.175200905847195 0.166778077854057 0.162228119382892 -0.190115862322629
-0.326035074540529 -0.00488845908666917 0.029435156026868 -0.0815947013359985
-0.172955632195553 -0.256123339200867 -0.0535804174645742 -0.24751071408809
0.11846953776591 -0.272952281613526 0.115826297774323 -0.532749942325389
0.22313271303432 -0.196453706916897 0.582632668290285 -0.608733964222298
0.279904984081875 -0.424437762932203 0.210123291606903 -0.420272325733132
0.055396717382526 -0.456522050886777 -0.00257909874732581 -0.209029531872883
-0.300422572321148 -0.323489129674252 0.0970950682662597 -0.0371346203137369
-0.470004723959231 0.0310722363192971 0.148820507012582 -0.0669558973679094
-0.279858792707391 0.268623120494143 0.160146870869245 -0.165367939450006
-0.0761808902114361 0.34050003052804 0.0768112460591282 -0.288831259436778
0.11242931939076 0.352738237852694 -0.0227049605608828 -0.31091408775977
0.158401576654915 0.340429053455822 -0.054410983883397 -0.324234653370272
0.114983299117472 0.382123334385688 -0.0274192299687772 -0.320691511180453
-0.110759869213879 0.403533702515435 0.0867448273224022 -0.26142434993006
-0.328974615578408 0.286724206238506 0.140280143014399 -0.110979703886512
-0.576697529698732 0.00426405609060135 -0.00470775023429757 -0.042932334853715
-0.358295739064218 -0.43025264855229 -0.0826463063805826 -0.24780496109358
0.132128440477452 -0.553830307313683 0.0588336104175993 -0.474170311193431
0.380197409366761 -0.468366145616904 0.432324616109516 -0.493678699619336
0.342877405554257 -0.598451797210134 0.0903748828724114 -0.257016933735309
0.0102916045634285 -0.641208337798436 -0.0133910064206937 -0.0960545293028403
-0.451992343802561 -0.420071784186277 0.126493378291551 -0.0435159496773496
-0.639358855589751 0.0715366754926614 0.135015687976082 -0.092972228546932
-0.377372176008659 0.364018666979529 0.0890104434286279 -0.126883801953393
-0.117991204460299 0.450172978645838 0.0334882250188257 -0.173638634918663
0.124402979079795 0.466266651037373 -0.000186758746227345 -0.154745665917579
0.182874072268248 0.440219954753633 0.00374501144236321 -0.159843469321483
0.124680316904875 0.488918239701832 0.0136320712423184 -0.151246663149443
-0.160459869942739 0.513387795836478 0.0797629940521831 -0.107500923324463
-0.435045740280425 0.361774827240581 0.0907034381989654 0.000943497492578656
-0.741159509690184 0.0199919404096319 -0.0547092729712414 0.0116682245102366
-0.49014187432283 -0.533511771788802 -0.115668623680806 -0.215846040335015
0.121264682000387 -0.739885904481979 -0.0028197093783204 -0.358443756812802
0.470645675523548 -0.658267128814206 0.23680614515878 -0.300837488182932
0.351277312187685 -0.696637896644336 -0.0679708534763815 -0.0374740530917261
-0.0469883048285296 -0.75433507812498 -0.0248995062980486 0.0749106138837992
-0.564139908470075 -0.465335804446913 0.153287421777405 -0.0244571279315088
-0.733868005965755 0.112286554403476 0.105221291485043 -0.099659169972092
-0.421064092561747 0.421506825255708 0.00333453537347133 -0.0600480272090937
-0.138584726380356 0.502052943158989 -0.0129085470563718 -0.0228549554665455
0.119539470444275 0.511404046941678 0.0250776311700277 0.0318500668515064
0.179380850498412 0.474379759107258 0.0617912725114003 0.0283382021827411
0.11166402467602 0.513994288750973 0.0526644347096722 0.0414953470741782
-0.187035477562373 0.529439700459903 0.0608993425980001 0.06891974558764
-0.465230877245947 0.366649403959459 0.0206340011551149 0.124401090094362
-0.763105297691027 0.0171882195177063 -0.1130707099337 0.068250409905205
-0.519859545606482 -0.540034532511285 -0.141426157047175 -0.161200036883341
0.103992855313562 -0.780304273058683 -0.0522278617085232 -0.205688889821327
0.482982576802486 -0.7263272779182 0.0366266448461591 -0.0653261916737731
0.309637698134507 -0.687941260945087 -0.243431957187083 0.206088690077277
-0.0877489678540008 -0.742382496162741 -0.0449904148311763 0.275706118294545
-0.572260690742301 -0.438375944483019 0.162239968771124 0.0212100679015596
-0.698782549576641 0.126191465230165 0.0596990393151013 -0.0782225296253457
-0.39563711210823 0.400628313569482 -0.0828284391650706 0.028034681199581
-0.137014163524474 0.471041325482237 -0.0550065293779669 0.142276103011163
0.0979755769686499 0.479506321033337 0.047791024409212 0.218186958731517
0.148661933860069 0.435610934301359 0.109239703006648 0.211684188381598
0.0784026801432985 0.459822540920645 0.080093037811806 0.22350085987415
-0.188376796745751 0.45563501838609 0.0293895222442467 0.229111951107736
-0.416870141472887 0.293758949773426 -0.0582539033298216 0.224069254798312
-0.63484077662966 -0.00482227703597303 -0.1640946743764 0.104693101183112
-0.426410404471855 -0.452527985965506 -0.152268586601786 -0.104529552452214
0.0909771466923186 -0.667938161926743 -0.074680070501871 -0.0589186979410304
0.419329358968316 -0.664403546379043 -0.137311581560833 0.161677360953686
0.218908138550594 -0.562887766330098 -0.413444816989025 0.429472825936985
-0.103317012567511 -0.591236943045851 -0.0765317854142847 0.461088505596972
-0.459132064278737 -0.326997598119288 0.145274756194215 0.0860123562449107
-0.523803415100033 0.107929532946788 0.0134373925487183 -0.034173321435213
-0.296767734593084 0.29569586717492 -0.148960256159076 0.112190432735099
-0.114073066248863 0.355098635842208 -0.0859126446164641 0.287109784098199
0.0589936282882777 0.369551947182158 0.06417083879461 0.372889147073379
0.0951878993881559 0.33120792531191 0.138959828526293 0.362701590227676
0.0360212429311406 0.33843507759639 0.0911562300347308 0.365834060031635
-0.160959411934431 0.313016357605605 -0.0119291640888824 0.343121559498793
-0.303957059865471 0.172970338925112 -0.131727001926078 0.274108048724931
-0.410211022689932 -0.0318346644363437 -0.194025065951159 0.107138988742378
-0.263247612127645 -0.301000983930624 -0.145356878837992 -0.0593598084708981
0.0664106441789264 -0.452750035878647 -0.0732685700931902 0.0500781373619681
0.294088667317158 -0.505142549903323 -0.261116534527575 0.34200896977725
0.0878720401146578 -0.341680309430641 -0.547657677169907 0.587569454456384
-0.0971941804005512 -0.329277415348597 -0.120906496727595 0.596369328508002
-0.26349282943605 -0.155157623638091 0.11491869402975 0.158284153811992
-0.251704723080225 0.0725474556712605 -0.0142661097194223 0.0176135686110857
-0.145831361923962 0.136467516132985 -0.180851169297034 0.165769817772239
-0.0733993912025276 0.174264590870144 -0.101771793457879 0.379631385296802
0.00816551166796956 0.197248334182558 0.0712277398544769 0.471193152375776
0.0264446379852934 0.175776152361005 0.148992006789408 0.45989830921761
-0.00973150704863245 0.175258373740929 0.0843422747485402 0.449362657992304
-0.11019750158953 0.142100391202008 -0.0545197323974235 0.397471254354916
-0.16090667643892 0.0504222901616644 -0.187668436982358 0.274341701550787
-0.159706180703054 -0.0414424446532872 -0.201804330947874 0.0826412875365265
-0.0969010000455098 -0.12621156147648 -0.12699127880516 -0.0290381349140808
0.0229479457496047 -0.205244865321852 -0.0545558055591824 0.113083389626877
0.13030868355735 -0.288618140892037 -0.317222778823482 0.456928441348673
0.0542316194596065 0.0218788174266935 0.250047093596728 -0.533882557269279
0.0498137324410959 -0.029099316927046 -0.0122499743489723 -0.256022476100242
-0.0237103688325381 -0.0490317445507993 0.0718457818703491 0.0170526329146382
-0.0672157913716119 0.0163095717081972 0.168307446987881 -0.026786199242778
-0.0056483517484101 0.0562858308073654 0.22595786895092 -0.209787852320717
0.0395607372091288 0.0387354945782184 0.106406720681619 -0.396702387627733
0.0561024019689674 0.0130240447094539 -0.0670100938939761 -0.452777333611127
0.0474695057126916 0.0081534114793381 -0.14724242676804 -0.465606398603431
0.0410827163147253 0.00844940910308464 -0.100087918099297 -0.465898358792796
0.0233097217193588 0.0179215789267432 0.0489174847705688 -0.392151981965342
-0.000538611579883603 0.0227226572040693 0.142350867880899 -0.2208032726777
-0.0345358214953245 -0.0111948032228692 0.0330251804707476 -0.097169110589209
0.0281973586288529 -0.0459970880592871 -0.0446150092276236 -0.211203123909456
0.0842236473702276 0.0417558719594655 0.134659325330342 -0.516473916656806
0.0319183463620459 0.104159910207633 0.622203174299511 -0.621212641281525
0.170230287563376 -0.201919822502977 0.248515677293488 -0.504901493925867
0.0600551017747316 -0.238273813283998 -0.00437770300961828 -0.252904623276475
-0.15512352934652 -0.184305130419589 0.0752015709686594 -0.0159878628419187
-0.264313873212732 0.0246156045258674 0.150910409154271 -0.0435611229481407
-0.14040882196329 0.164522085331421 0.197446534434585 -0.187586709230875
-0.0139227261796068 0.191957180831076 0.0955042917473515 -0.356250002610615
0.0917886248730433 0.186912855889117 -0.0493902669801035 -0.404694492281823
0.111921406299109 0.178396854123371 -0.112907737027191 -0.421304352923299
0.0888495825817581 0.203127908114459 -0.0725173694186316 -0.422292860416472
-0.0388166900651692 0.222661912875713 0.0683260150669314 -0.355374845039353
-0.166556581766309 0.164436210247332 0.151946447527221 -0.186581652681758
-0.314515074544286 0.00367393065427736 0.0241481518869675 -0.0771857530543162
-0.171414809087464 -0.241757865418884 -0.0596279638692586 -0.237885213164498
0.109152105717249 -0.267199844117937 0.100110392317176 -0.515336273054982
0.210798278569992 -0.191606695433152 0.544634439499293 -0.601481269435716
0.261142862258473 -0.411331598850953 0.18964658495187 -0.411812608576354
0.045844605594986 -0.440519713148789 -0.00733191142383171 -0.203509348967714
-0.294243130378652 -0.302183172214146 0.0920290123137981 -0.039542165529664
-0.450121236836164 0.0451019665901827 0.139721068495425 -0.0690230117344139
-0.261851950827502 0.267104450240769 0.150393800304673 -0.164475170884872
-0.0639945889334492 0.329088967425312 0.0667603813854196 -0.280664647650909
0.117461354327378 0.337173233593738 -0.0284752040787696 -0.302120918690888
0.162003469503805 0.322480357448774 -0.0617782314764258 -0.311681772347321
0.120832324992085 0.365974375593002 -0.0340918507703835 -0.309822916998496
-0.097176890863855 0.393441264676947 0.0770806947497841 -0.255473426071109
-0.312056107500664 0.283862668253496 0.133327080666206 -0.110657567483976
-0.555853826049818 0.0202168620559994 -0.00746028705908374 -0.0381896419523948
-0.352720902035171 -0.405702759921688 -0.0898745322898139 -0.238688515193245
0.116917522982229 -0.53953005320523 0.0458556948828412 -0.457510017821059
0.354635865589289 -0.455848929538317 0.404324225113042 -0.484603878221148
0.314620644432542 -0.579692553437122 0.0789814936596523 -0.251913378905299
-0.00286214975582541 -0.616202643510527 -0.0153264421421288 -0.0944878604121924
-0.442324149253044 -0.390225154972917 0.119550863630297 -0.0459821260789608
-0.608620902452054 0.0902992827175582 0.126071221680036 -0.094356215821955
-0.351810295063925 0.361834981103572 0.0832547402557305 -0.1260368970899
-0.101309943052007 0.435627250459185 0.0270970851083076 -0.168602510710014
0.132117229300449 0.443581550732599 -0.00308298904575656 -0.1528027706386
0.188644091847843 0.416028806899424 -0.00138535998720485 -0.155708905515731
0.133010686774196 0.467523681445098 0.0100598517285556 -0.147005938805192
-0.141761215013384 0.50100823163684 0.0737592796293687 -0.105809517891089
-0.410001646146925 0.360574721715595 0.087528033781459 -0.00336512022681785
-0.713412884962879 0.0376420515091885 -0.0544162718841441 0.0162035430137523
-0.481019004504944 -0.501260006081855 -0.122510216810099 -0.206886784114082
0.102138034581257 -0.718782969468764 -0.0126639576123575 -0.343162372246097
0.437532680292638 -0.637574648246943 0.224090638308639 -0.293713978551252
0.322201421807405 -0.675842367814796 -0.0667060814262991 -0.037549094409981
-0.0624747223481557 -0.723042766610009 -0.022626065092811 0.0708767361010488
-0.551705993053227 -0.429071207638778 0.145513614295031 -0.0283243766609625
-0.699274496283794 0.131403993388389 0.0981472124675454 -0.100760213212239
-0.394005454673002 0.418216550236611 0.00310843697565053 -0.0601596610989505
-0.119842543838931 0.486239168598054 -0.014089339948632 -0.0221648634493554
0.127962328021824 0.488908227650556 0.025719769347923 0.0248744704062712
0.185839297614555 0.44725537699895 0.0600168688318784 0.0244430321992681
0.122189166953481 0.491364063707331 0.0533916955541304 0.0374956333812345
-0.168363592723626 0.51745751685875 0.0602178962547209 0.0650672394328266
-0.439227954356552 0.366594289090035 0.022817586032213 0.116670370403553
-0.734952987953792 0.0375413321643027 -0.109222919979516 0.072490973130345
-0.508751398514477 -0.504962227371691 -0.147441739240907 -0.153329235437032
0.0842115067400609 -0.75550146205063 -0.0556937355201286 -0.194777465210086
0.446367949783716 -0.701110692362965 0.0367774364010557 -0.0615335696064828
0.282013460954635 -0.66674317529857 -0.228734675770747 0.201643918873756
-0.103062080087935 -0.713295706523938 -0.035948612790765 0.265516915011218
-0.561324708289413 -0.403366913610819 0.155834148484476 0.0155509189865016
-0.666955424694349 0.144348073401318 0.0554621013741641 -0.0796879243230586
-0.369879185076846 0.398762269995642 -0.0772815241864407 0.026875766009241
-0.119103835576572 0.457671213586492 -0.0505615172586007 0.138095740647974
0.10667189508956 0.45975206402822 0.0532414150281198 0.204343997827509
0.154967105635163 0.411608729425932 0.110808598680206 0.199790987316891
0.0886032062750405 0.439289505353685 0.0841684744662622 0.211866423215525
-0.171146529765942 0.44372837279392 0.0341776313549329 0.221109700556243
-0.392777509518468 0.293727545573312 -0.0509507041985731 0.215230537779035
-0.611786597284459 0.0128482006768865 -0.156736054432287 0.109075433859562
-0.416957523391633 -0.42491718887122 -0.156070014682607 -0.0968636429696356
0.0733638971409144 -0.644528689964447 -0.0756610267741736 -0.0542974171767496
0.388443975638076 -0.641455785819108 -0.124898919140629 0.161218879402388
0.196132688083082 -0.547664137946718 -0.384830099536173 0.421785073203378
-0.114013304536952 -0.567721135178117 -0.0629542078353761 0.446615008934764
-0.45153003473835 -0.302119690091909 0.141639983535591 0.0792819738706399
-0.498669333352755 0.120685069392476 0.0132687360811116 -0.0356068310680341
-0.277252489213344 0.294763874932385 -0.138737035675659 0.109796132295311
-0.0993972217862348 0.345229021868137 -0.0766228432506015 0.278762994873883
0.0663795059908289 0.353705959064336 0.0720198635157439 0.35479711790203
0.100882125719992 0.312443530264606 0.144825198527377 0.344779184445112
0.0441917153126597 0.323491253809918 0.0975997312983622 0.34940403772937
-0.146714294375174 0.306010697339927 -0.00308908247173485 0.331491680086669
-0.28755057990233 0.175624663755037 -0.119787317634247 0.265508592612944
-0.393515867055835 -0.0179744506100689 -0.185117767622814 0.111628790471048
-0.257103286196756 -0.282285649542783 -0.147121852637957 -0.053196518753131
0.0560064351770927 -0.436575263735105 -0.0727130697044371 0.0501180845961331
0.271139514015013 -0.487896860483952 -0.239621524987258 0.338490573214139
0.0763335928030005 -0.332356234314623 -0.512081093447737 0.578841434856298
-0.102809851279684 -0.315432855044838 -0.101728864231989 0.579791842168143
-0.258681817280545 -0.139981349149316 0.114162125347416 0.149878944294426
-0.238662400176299 0.0787487244167275 -0.0116117320881026 0.0150644071408907
-0.136317020700026 0.136267334447488 -0.168796594441681 0.162844564259006
-0.0656607483949055 0.171000638729021 -0.0898796492686742 0.368678374990233
0.0132140805382268 0.188627364956122 0.0812677750652344 0.450892156530752
0.0306441799540469 0.165600785686173 0.156761267280279 0.439303452845111
-0.00382831184765134 0.166667249869975 0.093306801939354 0.431409738749215
-0.101629285666391 0.139604128318219 -0.0427735776851447 0.385181921961052
-0.152222383266392 0.053054286575595 -0.173963525859139 0.267871170411796
-0.152860370063949 -0.0339180320568665 -0.192749047273665 0.0867958839510719
-0.0951460851675635 -0.117710051173114 -0.125270594757066 -0.0236783419099099
0.0173611625122767 -0.197070387384899 -0.0527556121013164 0.109923482116859
0.118917163058544 -0.279433095219387 -0.291570657586355 0.44928372259543
0.0555312950814585 0.0229160828102601 0.24138846474645 -0.525306700696444
0.0520106594397601 -0.0298453661054049 -0.0110091859318339 -0.252898870239574
-0.0229781119315201 -0.0513963757517555 0.0720533765488226 0.015053056494631
-0.0679066080532799 0.0146683279908477 0.164931238802861 -0.0260310709041401
-0.00629114784588794 0.0558001166573917 0.221302940212977 -0.207502880046702
0.0389686285816114 0.0374953428445732 0.103655938801319 -0.391854301768085
0.0551260126326326 0.0138807659858418 -0.0668965550969519 -0.445458722987862
0.0467926947425599 0.00932324691000462 -0.148447653694098 -0.458591105418432
0.0391940509071304 0.0102342990971524 -0.0999747812442511 -0.459131753389304
0.0221220208993209 0.0182786291869052 0.0479730490590572 -0.387321104531014
-0.00207063576081111 0.0213889564679239 0.139459943969737 -0.215722520200102
-0.034300285016745 -0.0123690336853913 0.0302430400204147 -0.0941331012409133
0.0282525928955945 -0.0445962538330026 -0.0445372854013393 -0.208449512073292
0.0839434264510011 0.0411653809840883 0.134692764466126 -0.511195406638719
0.0308229446681231 0.103164472284858 0.610010453838412 -0.610687529499265
0.168729696675928 -0.196699983885003 0.241356022596516 -0.498260401024049
0.0620036128084937 -0.234930375479348 -0.00458925189412954 -0.24972073904085
-0.151346736942577 -0.181449035382995 0.0745620255129623 -0.0168489268086054
-0.258929029338869 0.0250878734124993 0.146625434899381 -0.0429148760453344
-0.138065005501299 0.163453802429437 0.193364632102394 -0.185935453076384
-0.0138141300240673 0.188702782568763 0.0922201167841121 -0.351329492354886
0.0905883720652952 0.183998315547989 -0.0496677297637237 -0.401069921339819
0.111474900604573 0.175118464499508 -0.114315464573166 -0.415026923706972
0.0873188786563159 0.201518873036918 -0.0725182433860258 -0.41650058873028
-0.0387263507677631 0.221058928061245 0.067594498697546 -0.351265445169304
-0.165054823129937 0.161749987882482 0.149815130572215 -0.182840614665073
-0.309151075559734 0.00366267532707564 0.0211009084462222 -0.0738504604603837
-0.167057417148736 -0.237595838932793 -0.0615345619167793 -0.235431832352607
0.109101978046655 -0.2635538041126 0.10159951290432 -0.507314440725996
0.206460676765756 -0.185878057832254 0.536066296867046 -0.590100312005064
0.257862074257143 -0.401392244766424 0.183438341051511 -0.40680746964418
0.0475870181345712 -0.431694185239899 -0.00753491050291137 -0.202214600554263
-0.286823188075768 -0.29515947302536 0.0900220080835391 -0.0397936699786244
-0.43923565796396 0.0469251293409373 0.135672554708405 -0.0685432468459485
-0.255972505558371 0.264339345962739 0.147968260200189 -0.163186897007558
-0.0623480925133402 0.323365555649446 0.0643258986361278 -0.276732739412448
0.116554770335269 0.33084134563386 -0.0284885398934704 -0.300668688063194
0.160141155286049 0.314755932296153 -0.063271787013438 -0.307498706822806
0.120314531555822 0.360856190491005 -0.0347605956707664 -0.306012347294488
-0.0960567645384443 0.390140188169487 0.0753497711359724 -0.251802921799058
-0.308104874421058 0.279892146213243 0.130568159955915 -0.109845631457635
-0.548498788239572 0.021797047031704 -0.00893518546819651 -0.0346470982090082
-0.344893001770496 -0.397460577535325 -0.092524238973752 -0.235751298531784
0.116883811761022 -0.533495206189846 0.0453444784724011 -0.449532541046255
0.349552140229197 -0.443437918853302 0.398026023839108 -0.475771746005796
0.308893773595276 -0.568193887544165 0.0765164480372806 -0.250423951418441
-0.00126986448667955 -0.604832532985903 -0.0154915117891417 -0.0951739565224427
-0.433680722530604 -0.378748074930415 0.116449289620849 -0.0460838988599509
-0.596409656453978 0.0915845569248236 0.123153559203433 -0.0941028038968372
-0.344488908453504 0.3586061079861 0.0824403494270923 -0.126310901604731
-0.0985712831023932 0.428283114137626 0.0253884356488326 -0.16665531626794
0.130272800804897 0.43631092235676 -0.00333542038635627 -0.154338380045043
0.1851572649676 0.406120721875359 -0.00306670371519437 -0.153967586363313
0.13364590332199 0.460073613150729 0.00975337339920881 -0.146545998324227
-0.141204595968731 0.495307250374473 0.0726247660653831 -0.104448817243393
-0.40348419219674 0.356807037593288 0.0855289933024661 -0.00523346401552046
-0.701677719117924 0.0401774395498144 -0.0553772225932012 0.0195523546863802
-0.469491610876331 -0.490866247487948 -0.127579548910206 -0.20452612703699
0.104719780707314 -0.708035246007433 -0.0124838747125599 -0.336948755877187
0.430878517048819 -0.622575355952177 0.221149820457665 -0.287911512217415
0.317365135124181 -0.662104584294618 -0.0656600116727685 -0.0398305046359729
-0.0604765160960832 -0.710779554018013 -0.0225067910049132 0.0679485385325522
-0.539797530344057 -0.416729438867913 0.142836980623387 -0.0281334839219602
-0.683938528951928 0.135056322564373 0.0966722524853052 -0.101562821456658
-0.384550829319622 0.413705209865845 0.00467817519731141 -0.0617405601643923
-0.115832265072875 0.478557636697944 -0.0158770455572457 -0.0223090994709435
0.128614807189762 0.479555622022634 0.0255730706259861 0.0203044560447559
0.185096834234724 0.436658701941866 0.0582692014373635 0.0225572351735834
0.122368449736618 0.482138341693405 0.0527264808841141 0.035608429331862
-0.165722208337313 0.511663052057644 0.059168168793556 0.0645730963213848
-0.431375646674409 0.361319648875595 0.0221492110689823 0.11274767254166
-0.720454365801198 0.0416103879348714 -0.108079265367333 0.0754489680368848
-0.496383396124947 -0.495662455130184 -0.151845588594413 -0.151940063299009
0.0853823764285005 -0.743812107515404 -0.0555939594888602 -0.191613517304048
0.439927338176321 -0.682452325144132 0.0389633864988423 -0.0590169770987007
0.278779537792131 -0.65607841149819 -0.223345803504652 0.19613574124846
-0.100919791158107 -0.701647162880721 -0.0356358574013432 0.26109476962137
-0.550341408279818 -0.391307241708966 0.152892206808553 0.0148267094030974
-0.65121213147841 0.148990389143761 0.0557193338940752 -0.0815244016630987
-0.36149545657929 0.396551357631989 -0.0740828144106467 0.0242059243278618
-0.116436591771351 0.450313108740261 -0.0508980898920478 0.135557685425321
0.106467088044918 0.450229551783613 0.0523800580791141 0.197371196546811
0.154508245686139 0.40067721559324 0.109090794404572 0.196078185731311
0.0900307730067661 0.431038972406965 0.0837204406883497 0.207894292471622
-0.167613025487793 0.438598281911954 0.0334927592781727 0.218056807600149
-0.385264620378659 0.29093327016784 -0.0497086534100944 0.209251734013401
-0.600126012375099 0.016632534085371 -0.154212847259971 0.111208410162111
-0.405735149726651 -0.415715584089437 -0.159643132723436 -0.095642883508312
0.0758451340738556 -0.637302243059984 -0.0770180823442086 -0.0520717139992062
0.382883082181502 -0.626693151032757 -0.120063729135035 0.160850406109684
0.19275322377445 -0.537439016253292 -0.375681244843987 0.411458394434659
-0.113330676185703 -0.557797854262237 -0.0612624240091613 0.439638696476017
-0.443122736781024 -0.292125251526638 0.139049377763831 0.0778409649519612
-0.487379586297315 0.124457762241886 0.0145049068447067 -0.0379993440532026
-0.271163159914777 0.293050075648437 -0.135037743354755 0.105878266834871
-0.0966679671150185 0.341369189410954 -0.076784104065543 0.274100063164072
0.0671183314993936 0.346413721995821 0.0725110288136554 0.346620326544253
0.100603790334218 0.303456372001127 0.143818582593562 0.339307312927447
0.0454926578942904 0.315836832853609 0.0974858405441951 0.343798410116249
-0.144230047816103 0.301768870072512 -0.00269671713105456 0.328094625454456
-0.281450989121961 0.174289776095675 -0.117637630939157 0.26011926997099
-0.385305225853917 -0.0141442614235634 -0.182253220457745 0.112730450122656
-0.25024661615904 -0.275800288008089 -0.149109943111395 -0.0518393235614913
0.0564048107061565 -0.428280221082415 -0.0741584678474997 0.0495843774790026
0.266323164927646 -0.4768472103139 -0.232009918687297 0.335696013130587
0.0750009562310939 -0.327723830129669 -0.499514382041055 0.567510097485012
-0.102799559659744 -0.310308233084303 -0.100827595186331 0.570777287205337
-0.255487331870552 -0.135209465682985 0.112569297114546 0.148213033074819
-0.232098072918807 0.0802455780501751 -0.0095545522449181 0.0123818185014507
-0.134198337360716 0.135860705885589 -0.16487828634896 0.15832727698593
-0.0642289966034049 0.169572496627009 -0.0897333655360852 0.362660581819363
0.0141998943056219 0.184589674306686 0.0823131045991938 0.442670481972035
0.0307683369673855 0.159700421094815 0.156655754041755 0.431977916887538
-0.00224842394079083 0.16125331482246 0.0932560095148596 0.425379557059035
-0.0989752176064518 0.137330135668059 -0.0416277576802598 0.381010579523263
-0.147578525130607 0.053909298605845 -0.170710664134651 0.263780510840799
-0.14828022838063 -0.0314500317542082 -0.188610359226834 0.0878696449024713
-0.0927767822903365 -0.114035562703447 -0.125883285905806 -0.0217620195613416
0.0172759259137681 -0.193049749885185 -0.0549612671263896 0.107807336132161
0.116448396378686 -0.272327468857595 -0.2832280858931 0.445703837956661
0.0523396683617302 0.00304812517825979 0.00137768545715449 -0.586212519186509
0.0342917157053776 -0.0471158030809833 -0.12104835029887 -0.229062931599031
-0.0430397548050816 -0.041439114980267 0.0700023894966403 -0.0190550938156074
-0.0586879717006509 0.038949172485295 0.13818869836898 -0.0926890137349468
0.0116965025711226 0.053598492116118 0.112127618107471 -0.285177822102405
0.0479407489773742 0.0187427707776483 -0.077102360196031 -0.404555243503416
0.0568378186771088 -0.0102301283818472 -0.252559191439837 -0.381644114514075
0.0483686508612835 -0.00680978482174806 -0.338687103967158 -0.353545890315375
0.0415243096085177 -0.00723038041441458 -0.293927278456584 -0.375961653769538
0.0275464536104831 0.00783749141523817 -0.12652062465652 -0.37507269040966
0.00500398946032581 0.0198269344284847 0.0344033898356026 -0.255218923982464
-0.0372582165553604 0.00166189308794782 -0.0144917113379901 -0.0996844287463808
0.00884243140020438 -0.0561973396670502 -0.128805362083007 -0.169753587463777
0.0999084426822922 -0.00362486293939167 -0.0927179221836435 -0.52168685374244
0.0800179582546356 0.0779051450493349 0.298061556062482 -0.819019901856523
0.071012033524755 -0.243193464847743 0.00822809430655524 -0.568871463722507
-0.0381188224093919 -0.236493276796687 -0.118593997164236 -0.231063119484929
-0.210982190917719 -0.107278287750274 0.0505207738731063 -0.0445936113200679
-0.224376817811513 0.127223171345573 0.108056589370841 -0.0923975320222719
-0.0623244089304219 0.205508086842812 0.0989009577949567 -0.247190074979196
0.0633648707988659 0.179650141613904 -0.0671917568546052 -0.35793028778098
0.160216247979684 0.130339305185886 -0.21555264234201 -0.343849692950935
0.176443111048827 0.121215216421369 -0.289215837502285 -0.326647580197809
0.166801605036834 0.150719269536667 -0.253288644586101 -0.346251194123168
0.0565337120516576 0.223255991088649 -0.0987439709570134 -0.347682449971464
-0.0878459006721336 0.221473279637193 0.0493656513851023 -0.236969600554486
-0.281748872286403 0.136018362041814 -0.0239961681414932 -0.0938995484033009
-0.255565042712204 -0.155363667662024 -0.151332541290397 -0.195611074927895
-0.00942226508384508 -0.299448800085278 -0.107096860864782 -0.503772287127206
0.113214680578462 -0.272771540187001 0.250656222437457 -0.754080488044226
0.0737926816762347 -0.465997434453206 -0.0123830612740093 -0.469814335192108
-0.130894106226303 -0.409921874075646 -0.106583237910815 -0.186261550112842
-0.378403474258077 -0.154261769994589 0.0471815877349849 -0.066332205494176
-0.373343765238051 0.221780927054866 0.0815341236269144 -0.104096237261249
-0.125103407514899 0.346748338763024 0.0689549705062908 -0.200922847217641
0.0761594950195104 0.323255221315578 -0.057615600198008 -0.273475582300728
0.243797632260877 0.252815007381086 -0.149557816683613 -0.256556085679689
0.279416067011517 0.229758546471822 -0.195946913480001 -0.249058345993795
0.264855120037528 0.284378493385119 -0.171745517570161 -0.261467659337833
0.0765846536435993 0.404425393557262 -0.0533067702379089 -0.259273866803506
-0.171187547621359 0.393831359082598 0.0564527054433071 -0.168258302491966
-0.491033411690256 0.256825645003796 -0.0442064036957878 -0.0593532878283363
-0.490507718637722 -0.230577829599472 -0.177253946937277 -0.18885605146805
-0.1199978122588 -0.551684023070443 -0.119574702942529 -0.427474286540098
0.128397909362346 -0.578526614019431 0.186993669012296 -0.580333038462643
0.0585168618710679 -0.638763574960643 -0.0497349963151095 -0.28743659129815
-0.241467872289166 -0.547187605496397 -0.0718568288320467 -0.0850480350810338
-0.545515749013369 -0.172582292813375 0.0624986310090211 -0.0781072569593629
-0.49276611752521 0.327816456541756 0.055290727439766 -0.115881527927645
-0.164233250052939 0.46871878702822 0.0285385545889145 -0.135045274917911
0.0877611472587563 0.434728161280499 -0.0438996202855149 -0.153339342636121
0.300586533655239 0.34198352268437 -0.0602381363745532 -0.130554321207009
0.340446580758332 0.303340067705168 -0.0726539200863404 -0.134896801819859
0.318045449287864 0.37079682543053 -0.0618706454418896 -0.134088475463662
0.0801822823664879 0.521524365414781 0.00658909210439832 -0.121771032166491
-0.228743748196337 0.507537508900823 0.0563751874076716 -0.0578117594965826
-0.623490822915361 0.341631587963493 -0.068921714019252 0.0014682736782836
-0.646327150635356 -0.266931905909126 -0.19362885560013 -0.150675944957867
-0.207592467450783 -0.708639659796596 -0.11606941336022 -0.299979657620334
0.124734414841627 -0.779351495062976 0.115318059631566 -0.32493160969695
0.0325028084342701 -0.730515558700113 -0.093902867211861 -0.0377765283672253
-0.337266598130581 -0.621670841116868 -0.0109534198924097 0.0688142541376911
-0.658613599709101 -0.164354592241056 0.09047632404126 -0.0686026917838848
-0.552255018061601 0.403082585592441 0.0265896437253271 -0.107291933732318
-0.176712913429346 0.535859925256945 -0.0129416707275297 -0.0402470019147315
0.0950840263030212 0.4880556236143 -0.0174655855779656 -0.00240049236865198
0.316098129667822 0.382889061621292 0.0431012289674945 0.0186639871674409
0.350748280830434 0.328657057409904 0.0613182445481411 -0.000515419395412217
0.316853420831823 0.396251803357192 0.0574164787664127 0.0131865470812216
0.0636746379174981 0.547190567379269 0.0684353981631391 0.0383314326876329
-0.249378709298924 0.524703831600079 0.04855875765232 0.0755690340001948
-0.640561239483119 0.352193265571118 -0.0932331485499363 0.0743590081450846
-0.673649694345886 -0.258332446769716 -0.193106963701012 -0.0919081634324287
-0.240431524298115 -0.732323318662737 -0.0941279663032188 -0.147626386989854
0.103732191736293 -0.841254031658942 0.0467351846207789 -0.0358150510039693
0.00233391521840946 -0.710609531052169 -0.140641458671119 0.246115837924208
-0.369732211953417 -0.599463600140011 0.0608594242979002 0.252434557714001
-0.659422654877989 -0.136657164616552 0.1193466793078 -0.0323441289555024
-0.519716973474877 0.401887719060105 5.69005472609806E-05 -0.0727822514322266
-0.162484743068226 0.510612408511173 -0.0474696893784374 0.0711026843210318
0.0853741787689817 0.462513837743987 0.018450051672609 0.157044708850206
0.283494743486042 0.366246177401632 0.144460341826341 0.169204074957177
0.308258402357835 0.307179628992012 0.185256904869424 0.133840796921004
0.26492774198654 0.362204404283412 0.163119771506415 0.156323249631736
0.0323226580339178 0.48006516020791 0.115000481056923 0.189529087162111
-0.237721239862481 0.43828566992711 0.0283605692170115 0.196326694948979
-0.539650903249774 0.277248490315311 -0.114186685500131 0.132788988551845
-0.557057464472921 -0.219994512625493 -0.177434501821657 -0.0334333499679993
-0.204889043549921 -0.624921840979041 -0.0610990613422646 -0.0120186449192734
0.0742235200923577 -0.758166714646322 -0.00815001637546415 0.22948150942966
-0.0258259374065202 -0.571971586704877 -0.188620623779422 0.516330725266878
-0.323153128956269 -0.467684517202424 0.1186728369559 0.42919292788243
-0.520341565017878 -0.0895272594509243 0.140498103080347 0.0278512636756806
-0.383359958717899 0.312619717457329 -0.0144677060985714 -0.0222081832473783
-0.121606675721186 0.379224462603451 -0.0697663769913332 0.168021343088474
0.0576736618546403 0.354406599954118 0.0541277087370075 0.292696577984872
0.204736898293216 0.288283083650503 0.22470471118997 0.294870555571739
0.217179419638993 0.237912047677793 0.280811349777194 0.248901553520843
0.174711381691756 0.273877722749608 0.238211965528502 0.274150257186789
-0.00456424120834384 0.342578172762451 0.134206572513297 0.303964081964605
-0.188220546253941 0.284863466170358 -0.00508299766885744 0.275998915116351
-0.356531858033511 0.155804707683821 -0.129172102307703 0.158381230940929
-0.350163182438577 -0.152673012643074 -0.151787615205453 0.00754446827646903
-0.135073097589137 -0.421738806425476 -0.0265604908584968 0.0798946927554143
0.0331955704177138 -0.563320742056694 -0.044384766922476 0.429075337457612
-0.0477759346286474 -0.333112698621756 -0.231262354570927 0.718290122648355
-0.211773202028852 -0.247901880121404 0.148793015389014 0.567965376614318
-0.286503425863185 -0.021357151541112 0.155852884251488 0.0963377170007387
-0.17209548576013 0.168122859118398 -0.00750170190112249 0.0237134554666557
-0.0614837118837744 0.17920435026744 -0.0782119062655728 0.222130213128735
0.0167423139423226 0.181993926409824 0.0788720220736789 0.374432009444772
0.0892717405393748 0.162182735192024 0.271849637073033 0.375142658677428
0.0936950321998877 0.13185157020342 0.33457399405088 0.326403207786424
0.0645031184639688 0.149986673794761 0.272008036554419 0.349380695314483
-0.0321564790935013 0.170113661843271 0.127131575029756 0.367437851436408
-0.114144047050953 0.114608621193018 -0.0444199429109754 0.307416513055625
-0.148350645153329 0.0383762050329053 -0.135918357277451 0.151514722816734
-0.135358041112648 -0.0670477016220223 -0.120936053292007 0.0315985917164289
-0.0675001596910818 -0.184637359114928 0.0024790518786415 0.123569516436237
-0.0166551031254445 -0.3048368155318 -0.0558184278820218 0.540243773286398
0.0559500245106119 0.00152055544545376 -0.0160794395890027 -0.598138779893559
0.0355384576100382 -0.0517982083440442 -0.129959796518373 -0.23306784342216
-0.0466309146234771 -0.0438800193743945 0.0724780168446393 -0.0231418340186097
-0.0612642697799986 0.0413329582118685 0.139630350182464 -0.0994239657457908
0.012883686859502 0.0560244239441354 0.106131494860485 -0.297551984742802
0.0489614974868748 0.0182275056074329 -0.0920345390323164 -0.415189550177431
0.0588787055960857 -0.0118000394971551 -0.27257370696109 -0.385469684098228
0.0508762137831386 -0.00775982456612967 -0.359505277292529 -0.351679250490784
0.0436215084709859 -0.00711606211415741 -0.313260892190878 -0.377858321408764
0.0280238371771526 0.00805391983664247 -0.140687749812568 -0.382027608783372
0.00381929421072115 0.0206681925700691 0.0304550517737652 -0.261988095336689
-0.0393451807518549 0.00209946132619278 -0.0182700132536335 -0.0989151490320872
0.00897918767916769 -0.0587601383523301 -0.137573286925396 -0.171335765315321
0.103303193292541 -0.00672104917771795 -0.10775329599725 -0.535805270244213
0.084356933450774 0.0799070739703838 0.281457160826616 -0.848298598512714
0.0682731669436828 -0.250123643510498 -0.00992924328781235 -0.582440935791368
-0.0434970836008519 -0.243281839907102 -0.128884723673747 -0.234042968022068
-0.218454703459242 -0.105837318479319 0.0519985911756369 -0.0490889479901351
-0.226032387389955 0.137043596116732 0.108334665634729 -0.0983832257483018
-0.0572111662788615 0.213487563028963 0.0941038702810222 -0.258667800250234
0.0698035259636576 0.183354701319547 -0.0796711327664287 -0.366993032195714
0.168677030214102 0.129489534539222 -0.232371816662337 -0.348467027089716
0.185031784707378 0.119414663210454 -0.308262256265664 -0.326523139866739
0.176995789702708 0.151155673063866 -0.271592807924395 -0.350469708036208
0.0651495061616273 0.229676854348837 -0.111820134041037 -0.355727639116061
-0.0855479363102143 0.231272691264218 0.0443781678610973 -0.24416906423817
-0.286615218629498 0.148688554654721 -0.0273506190264963 -0.092638901573561
-0.26484545784524 -0.154267121442829 -0.164085519957107 -0.19584846816872
-0.0169432967234139 -0.308246365686082 -0.120923761152242 -0.517089659826632
0.110434814093897 -0.280140101516249 0.237485555047876 -0.780027676521275
0.0642857747660368 -0.476606012138213 -0.0270197672276778 -0.481273618185327
-0.140526814489451 -0.417633071790344 -0.115469066780792 -0.188341320616656
-0.390530099535189 -0.148735492242142 0.0482122875200653 -0.0708986341107565
-0.374849721510794 0.23813811831639 0.0809316292080054 -0.11078642985535
-0.117767455237093 0.360340319663273 0.0655317668989906 -0.21161676291069
0.0872070340716524 0.330722449392092 -0.0678887238938108 -0.279784111275035
0.25795526782209 0.253460088600018 -0.163155063242861 -0.260998393362654
0.292868594151148 0.226927270904149 -0.209993252304953 -0.249984390275876
0.282325814546612 0.284884277564649 -0.185705509311739 -0.263903257434498
0.0903362843103772 0.41693112484168 -0.0618512020113791 -0.264982715994202
-0.165104197619735 0.410507458077649 0.0526809283858252 -0.17492082488925
-0.496852623082951 0.278788435859069 -0.0463442691220079 -0.0558221746243204
-0.507356648306577 -0.226793555773425 -0.192172944403469 -0.187431486066968
-0.135286947686717 -0.56521584280991 -0.131019349278208 -0.438563852774352
0.120587108264626 -0.592559648385922 0.179184681067706 -0.599855512047865
0.0430144845915729 -0.653635029246958 -0.059472910411297 -0.295998224428021
-0.260078812723915 -0.554811513685093 -0.0768376858084679 -0.0855979594684563
-0.560812349644553 -0.161994874628919 0.063747954271537 -0.0829847572414932
-0.493102366916966 0.349483400667852 0.0536295829054525 -0.12196864293323
-0.154287312034231 0.487335689267303 0.0255382569283214 -0.143663258373173
0.101841218148622 0.444419512980058 -0.050342885478027 -0.156134753979053
0.317402283848476 0.343452533936177 -0.0685129460990624 -0.13439799651224
0.357457085423215 0.29859660022321 -0.0794861398086149 -0.135618964991949
0.340107215724419 0.371571091212207 -0.0682553544174062 -0.136418621751977
0.0967778995825447 0.537030117625911 0.00407992257832881 -0.125296554227258
-0.22142677741173 0.528406340432181 0.0541059942608026 -0.060991259489085
-0.628106365902226 0.367951662398955 -0.0696151177810753 0.00789751036323153
-0.669144877420448 -0.259227113277442 -0.208822772490737 -0.145981801380054
-0.231292586812419 -0.724386188735008 -0.125742222163581 -0.306152123594003
0.111821517836068 -0.800145510130469 0.111409095178032 -0.334772945175708
0.01380376709491 -0.747581495940479 -0.097758397162277 -0.0407333228622831
-0.359694533254666 -0.629787790564889 -0.0106014539908595 0.0697766164674554
-0.678056372860364 -0.149523829261878 0.0930712068187358 -0.0739223984821494
-0.550612642467515 0.428726597291417 0.0244144797520653 -0.11375406239032
-0.163241139570777 0.55585102247788 -0.0142059797103894 -0.0465802383227257
0.111169810222346 0.500138037372493 -0.0199447224242527 -0.00158156000960433
0.334916650807609 0.385169868454078 0.0416843027785663 0.0156179243163244
0.367697883162367 0.324993864336189 0.0626104442478788 -0.00237818049696288
0.338653766215064 0.396341912548812 0.0588333958929506 0.0117290956946701
0.0818207748216101 0.562866574251159 0.0728074029739677 0.038176967575379
-0.242106172443809 0.546286952758676 0.0490341611833225 0.075364824667142
-0.645701123850619 0.380744145543108 -0.0920790878022149 0.0825332896959866
-0.695493834348198 -0.249350232522986 -0.206650840373192 -0.0852686887984034
-0.264393658284769 -0.747988931761059 -0.10077241697704 -0.150216265366018
0.0900042040751949 -0.861776686844016 0.0504214715287995 -0.038169943284219
-0.016256116359855 -0.728560066726922 -0.137162785417093 0.250789235370954
-0.393849241772228 -0.606332111803719 0.0687593612263415 0.256496147775809
-0.677865916260371 -0.12117029708865 0.122991492871959 -0.0372043813458105
-0.517819646794469 0.428518948237649 -0.00209971637379914 -0.0787500241564152
-0.150575330644163 0.529287049378105 -0.0468817996303947 0.0684506361912218
0.10085724843634 0.474335929967765 0.0219204120934596 0.162041350020591
0.302638236567733 0.367833834276002 0.150326283205957 0.167574629361044
0.321959743891395 0.30260949478523 0.194073322125769 0.131931046407401
0.283610647657053 0.361769128697839 0.171841572445621 0.15604531236708
0.046267107526558 0.495606119063272 0.125408358420669 0.1921313581737
-0.231192779205507 0.458438643544586 0.0322098465300991 0.200137201914423
-0.54364410684713 0.301778885005638 -0.111311310823541 0.142415310424746
-0.573792274367882 -0.212646450356768 -0.189238733351146 -0.0255224879427024
-0.224128049289757 -0.636998945923725 -0.0640221628782517 -0.0102925312197035
0.0603889423018871 -0.77473838179347 0.00297102927200344 0.235541317319521
-0.041291030078669 -0.584346594897147 -0.17840224970066 0.527285624558364
-0.343107207769206 -0.471366478322671 0.133498650963067 0.437741987722171
-0.536871336548187 -0.0746797140458039 0.145975590352922 0.0240144542224379
-0.380867755443932 0.333464834011209 -0.0152919487078081 -0.0262543428384657
-0.112613391003721 0.394600845840028 -0.0674299858280372 0.169903849750167
0.0695540770874759 0.364032569949909 0.0620527825620663 0.30022840598541
0.218395190069734 0.289649466057157 0.238257351685837 0.295462890421279
0.227879391501536 0.234840007719939 0.296731695025444 0.247290939018272
0.186689631521382 0.27392436250974 0.252909040342742 0.275310524096272
0.00619286477367793 0.354186198978599 0.148235224383324 0.30968650252322
-0.184231431284037 0.298715081731841 0.00107652476845378 0.282473775320719
-0.35876792055091 0.171525016955303 -0.125777325130915 0.167901522299294
-0.362369754037744 -0.146900704084694 -0.159697467073511 0.0155787936429822
-0.147350481953166 -0.430383759015224 -0.0279172302850407 0.0835238492091036
0.021640705869554 -0.577095052414117 -0.0287133478194472 0.442206988315455
-0.058556997621216 -0.340878660445831 -0.217947106722831 0.73792935871954
-0.22452802822628 -0.248482142500132 0.168770023072171 0.57874326704482
-0.294198525537155 -0.0117666311060393 0.16310537099183 0.0949208853858661
-0.170325769909567 0.178059033566197 -0.0069873111936516 0.0209076311821439
-0.0579891052122045 0.186598429627676 -0.0747477050419844 0.227169274542285
0.0229414883414624 0.187967147095218 0.0896844788308904 0.38424974154392
0.0959759841851399 0.163660944852869 0.290370223254448 0.376838136121657
0.0974991379494522 0.130733642729533 0.354931988175737 0.32511861562714
0.0697518714838682 0.149297474547835 0.291056278275761 0.351531543929719
-0.02733531269661 0.175579126622989 0.141898422160856 0.375540935317667
-0.111801071985034 0.120834535759885 -0.0384713565392871 0.316796517343123
-0.148098351896011 0.0444272743201474 -0.133751616918843 0.160135183357696
-0.140349730551057 -0.0635664087890014 -0.124948980159383 0.0372033061451501
-0.0740289756045445 -0.186832184933911 0.00254942921041229 0.127431979596887
-0.0243255141639548 -0.313146496868802 -0.037974256439717 0.557781555530408
0.05844559697668 -0.00220561512937091 -0.0490729820405864 -0.602545929655514
0.0345822806795682 -0.0567194282739871 -0.144174804101372 -0.229115807555218
-0.0519249102957059 -0.0442895784103779 0.0732197081925924 -0.030003618173976
-0.0621410367926119 0.0443308539594214 0.136701189080334 -0.109840157051361
0.0164584070158365 0.0567592702265426 0.088698208178582 -0.309337357125097
0.050097719681444 0.015638052247263 -0.118079960544066 -0.418431301571169
0.0603097240359861 -0.0146161721734576 -0.298872332138676 -0.378489636796289
0.0526142861354881 -0.0096178019825992 -0.384055389337134 -0.336422062232306
0.0449169612551149 -0.00719260893914623 -0.340272939141227 -0.36681398176841
0.0285604822679859 0.00788989957909273 -0.164018619533798 -0.381116581347503
0.00304722654210761 0.0214152338532547 0.0193770588920222 -0.266385194266976
-0.0412445502421545 0.00383146139194375 -0.024687952032278 -0.0964748893878866
0.00735071571107199 -0.0618726641336096 -0.149075076514532 -0.16677916901212
0.104550303667598 -0.0117614675129395 -0.135450930923525 -0.540583520305369
0.0904283577577796 0.0782178654849987 0.238557193766978 -0.871491816696584
0.0573753079460828 -0.255284424734998 -0.0414277840111716 -0.58845358988289
-0.0547615561310733 -0.246296523482698 -0.143773161298992 -0.23048087021921
-0.226931753247161 -0.0970810923634907 0.0514666446422423 -0.0541879095251274
-0.221654612366665 0.150804426784703 0.104763297479651 -0.107264661597271
-0.0459911154071812 0.220923193916396 0.080040253953185 -0.270281576537856
0.0800875854221882 0.18317207895089 -0.102406917813616 -0.369375390076147
0.178903940300012 0.122576087761322 -0.256526057651924 -0.341860288137966
0.194720234580281 0.110402376992702 -0.332564118348037 -0.31268762319574
0.189698861643876 0.144013815858815 -0.296329392130754 -0.339147791986011
0.078864486169789 0.231888373267588 -0.132974000046604 -0.354873295381863
-0.076880501681646 0.240053314537869 0.0328280584281368 -0.25007036704382
-0.282968535524071 0.16676349009523 -0.0324709085200544 -0.0894253962295178
-0.275293125827265 -0.144577246668381 -0.17894728927736 -0.187655067391023
-0.0324394713075783 -0.312218258334352 -0.148437428202751 -0.521085516443556
0.0999411817365317 -0.286641800107738 0.198215500435954 -0.800585405898912
0.0418647181487732 -0.483520279027144 -0.0541076373079471 -0.486671161286447
-0.160524299026866 -0.416840107916299 -0.127414042176168 -0.185218161261906
-0.400415819375202 -0.129211889739272 0.0470952560578386 -0.0771381718099459
-0.364427583444237 0.261054803047202 0.0761958204386893 -0.118288334757256
-0.0986711934235161 0.372082881025949 0.0536503401888494 -0.222899576804557
0.105785936789928 0.332463994820308 -0.0855236091749009 -0.281067282483951
0.276345700300546 0.243291838883784 -0.182377852635283 -0.256906596837039
0.309021955239917 0.213954567641067 -0.227316388134002 -0.241369473290924
0.303771202896096 0.272852966881028 -0.204199292228364 -0.256746963357182
0.115642114103442 0.421217510853851 -0.0759504642708548 -0.266109242777579
-0.148457720794791 0.427297895935529 0.0427739573624665 -0.17969411894091
-0.488155849648236 0.309989234139054 -0.0492080879202186 -0.0504797687077606
-0.52493918548185 -0.206587768410574 -0.208423942177311 -0.176546105474085
-0.16648276899974 -0.568244556809406 -0.15686363030529 -0.440161273339232
0.0932515600994558 -0.601707874631915 0.150493935420016 -0.615360496633414
0.0107522619533209 -0.66149966614374 -0.0773704483541153 -0.299336393059261
-0.288592380323476 -0.550643829921614 -0.0836467848212367 -0.0835002778819861
-0.571941614619565 -0.132445281179241 0.0626713052368464 -0.0899478852475022
-0.475830971521824 0.380655525822435 0.0472441885395995 -0.129945001159669
-0.127548016357295 0.503391299051873 0.0170242195577242 -0.152985134512961
0.128163634820585 0.447394473259248 -0.0608129248255515 -0.155041042511943
0.341428321844052 0.33041480213821 -0.0794395071224871 -0.13359982249336
0.376099192639955 0.282115979186846 -0.0886486914039811 -0.132827672364535
0.366950270930982 0.355376775567616 -0.0780641059631457 -0.133854477264121
0.130868716350177 0.542812466661367 -0.00168074288073977 -0.127947790622445
-0.196923479386524 0.550043847280417 0.0492593425955385 -0.0648907750881796
-0.614588300191323 0.410287798083125 -0.0681376995937733 0.0141280051103442
-0.689697999332461 -0.229803801201373 -0.224413922115714 -0.13254223582776
-0.268532367580487 -0.724037726914567 -0.144739896005255 -0.306694435423439
0.074628318475126 -0.809235366424433 0.0985668331106709 -0.344357520322945
-0.025286852269664 -0.754722295410797 -0.102222063475983 -0.041137476768624
-0.394861323978254 -0.619799727784296 -0.0078505397749247 0.0705342122162295
-0.69005408538566 -0.11298209911623 0.0925911683975709 -0.0819540878190265
-0.53017464161002 0.464223760599685 0.0187946600063211 -0.120975981345084
-0.134085986677575 0.574439935855191 -0.0180546187443228 -0.0528346768412092
0.139825034997494 0.502984346383593 -0.0214880042759145 0.000495265311309262
0.361366779687339 0.3717816482722 0.0403370091346472 0.0131176215563041
0.387408053745305 0.307101582881442 0.0633176678447879 -0.00602678630661285
0.365309709894411 0.380906025263092 0.0594338182321299 0.00929446423563903
0.116101384139944 0.569607852078318 0.0767796977733815 0.0338051609853191
-0.216472983523966 0.567769802924462 0.0512195708067297 0.0740747356289488
-0.631698639431604 0.42316013973837 -0.0863196489853147 0.091245681777509
-0.716142991103658 -0.217844841068986 -0.219494633201355 -0.0701309576615793
-0.304696664621123 -0.744849403419422 -0.1113897151973 -0.1485891061612
0.0483737368485527 -0.872420566622738 0.0544399120364629 -0.0410433654570101
-0.0559982282170676 -0.733875421920037 -0.127666341194434 0.254036928653476
-0.429745981463704 -0.594850820355588 0.08189267471154 0.255606500431732
-0.689249633364647 -0.0833520281321882 0.124563065656317 -0.0455127927905286
-0.497966460689831 0.462573252015113 -0.00559464143361714 -0.0843928940161065
-0.121721387266573 0.545905322405615 -0.0451349418807361 0.0657092154242935
0.129325669303443 0.478239324637827 0.0289042690706953 0.164226104080828
0.325797403127999 0.356402675218963 0.159246175948053 0.161181376750045
0.34081156519834 0.28700412929159 0.205091512944839 0.122985370314955
0.308093278696882 0.348413170076825 0.182691568958509 0.149306229783076
0.0773565999227731 0.502493913360989 0.139139176309984 0.187469512888411
-0.207908959481381 0.477863650863701 0.0406886763558056 0.201087707775247
-0.530092112334854 0.338017895909657 -0.103109545122187 0.152669587904582
-0.591017289510295 -0.184640113419797 -0.197391847528123 -0.0112343471167662
-0.259622979977317 -0.635033339732766 -0.0677943264359542 -0.00735411219178559
0.0220857311607516 -0.783653133846613 0.0207693839913761 0.238115918956883
-0.0735857886609685 -0.589509108952717 -0.155317452803513 0.536603327268109
-0.371781407347747 -0.459540485561958 0.15852979390771 0.435348617192887
-0.544704107582328 -0.0451027667149676 0.150544262732444 0.0163207572880653
-0.365325569767795 0.35882314930514 -0.0166249517239144 -0.0304461499791335
-0.0914276656986767 0.407088841843617 -0.0604639871824905 0.170510031327526
0.0919167190418749 0.367120429531824 0.0776579440325405 0.303242856800081
0.23683035862259 0.281363985347264 0.256438507889526 0.286639691066444
0.240956286130212 0.223815518464216 0.315176484033955 0.233679239818421
0.204735126617063 0.264261675755631 0.272466188751934 0.265884711662344
0.0275980103475735 0.359483537999523 0.168993503068037 0.305972805048128
-0.16909657494314 0.31323616160225 0.0148343639659639 0.286608895334701
-0.350511484457898 0.194944013823339 -0.115974780805248 0.178170489720855
-0.373014512328155 -0.128847493275419 -0.164543601562098 0.0277972656445313
-0.171188069867814 -0.426736406752186 -0.0263549986802898 0.0865373529687792
-0.00844503548991603 -0.582934771871273 0.000780557793337022 0.449174484216074
-0.077886855793879 -0.342247031158131 -0.182859099770462 0.753030350768962
-0.241402339362002 -0.239836129338879 0.201509286504271 0.578453729484812
-0.29770725328385 0.00609111210519505 0.171355155731164 0.088096816876111
-0.16031476230837 0.190425675945878 -0.00584367791688852 0.0180510200806555
-0.048109090773083 0.193623284038398 -0.0650315721746996 0.231957365668717
0.0340972621545581 0.190626173029273 0.110626589525927 0.38744878668362
0.105425611309472 0.16012482834772 0.314359499215004 0.366241914157046
0.102994490536861 0.126066108994035 0.379886496152651 0.308862733762892
0.0778043530480681 0.144786308382954 0.316389789163691 0.340533955211171
-0.0168463389833881 0.179169496216745 0.167170173051628 0.373912290292305
-0.104522356184853 0.128459104423706 -0.0218070604846444 0.323736801493224
-0.14387834176608 0.0532629787945234 -0.124773334114278 0.170541303524128
-0.144709532326545 -0.0540832913149351 -0.126258713636109 0.046245084926799
-0.0842786205517085 -0.184772485912312 0.00685682393308482 0.130893178471603
-0.0413399713586242 -0.314882407643541 -0.00207900113107476 0.56562923820089
0.0584427715399693 -0.00611270226810749 -0.0834554719463615 -0.585646367047104
0.031802836247212 -0.0606458657514984 -0.155270749107882 -0.217073933534535
-0.0557249006810052 -0.0422486298644966 0.0716670208527104 -0.0365498166850233
-0.0617394379302253 0.0475311672241217 0.127997467167832 -0.117867712290559
0.0194406102029539 0.0551191223491594 0.0672692086449907 -0.311114792057902
0.0501575162616658 0.0131503432577659 -0.143762366534797 -0.407430909738962
0.0593799947618167 -0.0183893904256178 -0.317391834933389 -0.356894165796026
0.0528100839994337 -0.0124105074216185 -0.400558442117577 -0.30631777256297
0.0458469882815379 -0.00823894535984639 -0.358008438353808 -0.338744960678144
0.0274601952818192 0.00709692483316754 -0.183562947353083 -0.365546552408958
0.00232831134276534 0.0221324224493161 0.00584382371336084 -0.263062778817278
-0.0415722000249828 0.0061422199845711 -0.0299163819329635 -0.0900245541110497
0.00424089173923415 -0.0632141392532873 -0.156774227605424 -0.155417738611573
0.103454080503209 -0.0170096913769063 -0.163702238155285 -0.528489284673709
0.0949673358184041 0.0732294659130152 0.184100519793707 -0.868090394341091
0.0431762100780282 -0.252491733973939 -0.0759112254827946 -0.574061117219707
-0.0652986367162223 -0.241300008566462 -0.15444951686005 -0.218512141551211
-0.2287201008781 -0.0826465454230352 0.0496821609901119 -0.0599880760021791
-0.209584017314746 0.161079784326832 0.0967470563013526 -0.113703055752611
-0.0312840203301315 0.219939052542383 0.0602194739663353 -0.27461812731036
0.0892975744003098 0.176354868162901 -0.124667789503477 -0.359123333340249
0.185022239191323 0.110218408334646 -0.274918919517344 -0.322106314272027
0.198942217552519 0.0975129532528629 -0.346125840576569 -0.287467501268583
0.197058665061259 0.131163078643794 -0.313287655675535 -0.316183759658075
0.0922020679097689 0.226051878965941 -0.150942690928465 -0.342681972795505
-0.0633705884331675 0.243332111866186 0.0188641420490134 -0.247809298082777
-0.269611595839547 0.180744531110871 -0.036553035517774 -0.0825719474918265
-0.278646038823588 -0.129339012957524 -0.188394100588419 -0.172216152291923
-0.0481080962672486 -0.305640414131116 -0.176030934508432 -0.509219283317245
0.084845680219448 -0.284196224412951 0.150454194045172 -0.797535827210414
0.015129569820907 -0.473965503178367 -0.0827426757527745 -0.475721843688367
-0.179020820236103 -0.400724736968708 -0.136303668796706 -0.175119005595404
-0.398981582395523 -0.103636737993939 0.0443919563793426 -0.0820707727773964
-0.341199393896809 0.277828296524297 0.0672273126974466 -0.12388472471978
-0.0739369057940867 0.372373227148238 0.0373893253474118 -0.226947089147636
0.123703066483241 0.322507814552659 -0.102296723716736 -0.273033290827011
0.286820964001312 0.223659947585262 -0.196027462098538 -0.242841328923743
0.316821462050131 0.190841834225317 -0.239418515351975 -0.222991808900578
0.317015447164786 0.249917618225985 -0.216742838550338 -0.239899507230281
0.140093689819782 0.411421142806728 -0.0900173179313262 -0.258882554532533
-0.123094660196377 0.431529106936577 0.0309514111288781 -0.178941897621102
-0.463537131932635 0.335477773350247 -0.049436368659036 -0.0444658852056099
-0.528811052998233 -0.176535802711616 -0.21807870589324 -0.157511508940158
-0.194306184353791 -0.549783436452474 -0.178641156205045 -0.428008899820571
0.0623460878117459 -0.59270833112867 0.114752460187374 -0.613358481123628
-0.0272437139799208 -0.644833584886341 -0.0950301887112204 -0.292606244292088
-0.311449349778843 -0.525328991996402 -0.0869787869405262 -0.0774897948816018
-0.565567902703306 -0.0958663045042267 0.0591025921897384 -0.0954989156135832
-0.442556714672504 0.40243808195483 0.0384812240141837 -0.135261284023061
-0.0942476082242303 0.502813704525446 0.00516764499420801 -0.158627733736232
0.15262186539701 0.435865923018015 -0.0704364483295476 -0.149472907727675
0.356610034065834 0.305454552146971 -0.0882103427114566 -0.12720322930162
0.385874759103927 0.255500714114977 -0.095106668628597 -0.125720181404483
0.381796248766456 0.326853873271698 -0.0853153007992202 -0.125550599100231
0.162282898167926 0.529695149970508 -0.0084855697254217 -0.127448708554809
-0.163630236781978 0.554501968222899 0.0426492068643026 -0.0659454977706772
-0.580759673879616 0.441282663778795 -0.0637172243938087 0.0202424974486332
-0.690735205836142 -0.190185343256856 -0.232332968711167 -0.11228335400526
-0.304547796079496 -0.698559694319193 -0.160265100764673 -0.295781340243187
0.0339728681278208 -0.795180846098188 0.0795118891559583 -0.344878872580114
-0.0680142045470541 -0.735852578261866 -0.105577435267208 -0.0397188169060834
-0.421901757937876 -0.588674286990509 -0.00387408957992505 0.0697578532113528
-0.681087530312715 -0.0708544668801843 0.0893208151972783 -0.089257493621082
-0.491162358950152 0.487560712821694 0.0107428395878454 -0.125686965109928
-0.0961710499228927 0.572914894997073 -0.0238451351894592 -0.0591623087466796
0.168876012013399 0.489648555579236 -0.0225531920095572 0.00241199588942453
0.377616510834554 0.344703278889954 0.0387139963044466 0.00997622771221386
0.397480520117274 0.279431124132282 0.0626543837295108 -0.00982870172188322
0.382942262655993 0.351966973845578 0.0598016414720355 0.00678864494258524
0.149923122917597 0.557857375712701 0.0789393298169522 0.0281054348596583
-0.18056085324626 0.573582531812628 0.0522906465862743 0.0711182470742257
-0.594531468536262 0.452743229268376 -0.0773971282036349 0.0966864664304265
-0.71610229200197 -0.176643258664055 -0.224923620685514 -0.0503574020739624
-0.339207298058041 -0.717822499546984 -0.119808110331705 -0.140942948041068
0.00448040237792307 -0.853777444197234 0.0554619857879965 -0.0455870236972908
-0.0954905386324966 -0.715586206879056 -0.113173247499776 0.250956317444494
-0.455701471064484 -0.561341349452733 0.0957102092948407 0.246300028279665
-0.6785850359887 -0.0420921519499403 0.122769117696116 -0.054102973628677
-0.456314505778132 0.483892594221235 -0.0114930992596152 -0.0882062904070093
-0.0867977750761802 0.545869222847647 -0.0436653113997571 0.0594848809538414
0.157204390950165 0.466389043263443 0.0366962358982443 0.161693500272269
0.341902583322819 0.330759421431515 0.164630734106907 0.149525760869399
0.349231918997644 0.263075728130254 0.209918420481934 0.107630727482369
0.322881264771882 0.322452063437589 0.189333869054009 0.136804342638867
0.107210780596804 0.491987475729004 0.149313868866413 0.175548165462368
-0.176325994160885 0.483601393356081 0.0485656925422426 0.196822015460889
-0.500489758939383 0.364388320964683 -0.089440980725761 0.156801420023209
-0.591417384246134 -0.148262369805853 -0.198994835230983 0.005228795369015
-0.288233928942308 -0.608828341832141 -0.0698297710017629 -0.00382805398059783
-0.0188916364686558 -0.767658419834743 0.0392710493044608 0.230784753286584
-0.10774739447622 -0.575064759533319 -0.123415044448184 0.52901868656108
-0.392641776869254 -0.431833277953423 0.180979803608003 0.418872687212464
-0.53750586729101 -0.0119834647278865 0.151427066038189 0.00622402065555465
-0.334032027017304 0.375954564610088 -0.0188944384716321 -0.0339618469769386
-0.0653247696872169 0.408017371194077 -0.0519003167260666 0.165668092653361
0.112737250021821 0.358121288798887 0.0943832446068388 0.296676093855879
0.250131479494498 0.262864255207447 0.268956802193585 0.267026906626869
0.247645327905759 0.205485464098316 0.325451479637276 0.210442352273415
0.215217558544393 0.244601976457612 0.285073205698752 0.245720616960363
0.0498547505890141 0.353518430006209 0.186478213050835 0.290937410397858
-0.146074987916311 0.318346332604853 0.028679885074195 0.2820391068494
-0.329410498651358 0.212296222621854 -0.102084705546271 0.182388926002895
-0.372651474803902 -0.103948292865988 -0.163486098547709 0.0403617357155227
-0.190793084591879 -0.410770416893669 -0.0240220453692026 0.0877338596125595
-0.040588296428206 -0.570745212514749 0.0317661226715126 0.439295132851974
-0.0982150730407304 -0.331935398646794 -0.140178122255454 0.74308848726961
-0.252490915703611 -0.222070914084511 0.231849040035384 0.556666129136715
-0.290653869426584 0.0240456072241857 0.175177608873945 0.0775094407763476
-0.143556567935459 0.196817640728777 -0.00510807635846345 0.0142289316597831
-0.035360424135906 0.194357050865821 -0.0514498119624695 0.228314875358707
0.0455876970047314 0.186383579182736 0.131792335099429 0.377883551818802
0.112668629135147 0.151533306182326 0.331889512061341 0.34276651824578
0.106545572214243 0.117193405674976 0.393510949862112 0.281022034274024
0.0823062118762698 0.135816798614813 0.333974895706217 0.316279861222232
-0.00484560081742899 0.176458950234102 0.1875461942412 0.358120629110752
-0.0936792716180868 0.132452855289145 -0.00237977147784803 0.321172643442151
-0.13547037191505 0.0612167880606749 -0.110915196187935 0.174306862609864
-0.144784288683573 -0.0417924019052009 -0.122633357430193 0.0543455318796939
-0.0927592503393021 -0.176854353924478 0.0114919592762975 0.13027767622169
-0.0602814417496161 -0.306468478157752 0.0359367458031391 0.554828583498005
0.0569851201482289 -0.00829857997312356 -0.101349533042223 -0.559357064054973
0.0291196484362828 -0.062172033403429 -0.157359264931794 -0.202928682552675
-0.057146202530887 -0.0396580033351605 0.069288341608725 -0.0409875486228052
-0.0610628316350163 0.0488211715259076 0.119056057877104 -0.120236610433582
0.0204419188009709 0.05245561411748 0.0504981254401297 -0.303949057728854
0.0487026217102704 0.010938013374782 -0.157453521844087 -0.388016214454689
0.057281324726257 -0.0201527229328578 -0.322585219045388 -0.333460971993795
0.0520883156646505 -0.0141721600214173 -0.398653767142904 -0.280582945247017
0.0455893506094231 -0.00814132413418985 -0.358376805151249 -0.312836099176303
0.026623306950716 0.00716448568404816 -0.189730891296028 -0.346855195440133
0.00125362651369182 0.0221654776759472 -0.0016482684043411 -0.253974510313311
-0.0410636837202112 0.00745583711072061 -0.0315767965145079 -0.0823501838727422
0.00227512245874376 -0.0633446594474433 -0.1572720525939 -0.144049948636298
0.10077373438261 -0.0188286998290337 -0.176897876621655 -0.507802984745842
0.0960174273952144 0.0678306084876049 0.146032370907429 -0.839913392461338
0.0343908268066095 -0.242248020179095 -0.0942963293553717 -0.549306791894083
-0.0700210512959034 -0.232515935810985 -0.156516359866154 -0.203945622105964
-0.222008536844104 -0.0716739100424235 0.0469566208889779 -0.0639134914984227
-0.196921050976364 0.16247294370321 0.0880558988233067 -0.116189596465007
-0.022137127261343 0.213568427016556 0.044465022478346 -0.269870149907318
0.0933733068278901 0.168340602013293 -0.137543853601645 -0.34269215701936
0.182495509576035 0.0997799638172268 -0.279478773212911 -0.300918547898088
0.196848775568491 0.0862003655982346 -0.34518184110767 -0.262425240299401
0.197309667012428 0.119925126968719 -0.31446436311922 -0.291321012541723
0.0986555066548041 0.216955517402246 -0.158421295452756 -0.326076580470371
-0.0538896760516126 0.238656891635286 0.00960133777420635 -0.23947560856585
-0.253758840093055 0.185198198754949 -0.0371505651094624 -0.075808934054825
-0.27364630276177 -0.117795765370491 -0.189053057981534 -0.157723411982903
-0.0554376413909233 -0.292951676920432 -0.185818911035468 -0.487749489792711
0.0753089458425987 -0.273912685164485 0.117183372967639 -0.770041439293188
-0.00171481736449623 -0.452702858568112 -0.0979708147268371 -0.455929309157722
-0.18424749967566 -0.38267351228706 -0.137153842002011 -0.162841119236303
-0.384290620757961 -0.0857474375503204 0.0418203676963488 -0.0856329584873819
-0.317404148104788 0.279173245332054 0.0589551489519739 -0.125793407322003
-0.0561950013641159 0.3616134817317 0.0227682073280284 -0.225328079122456
0.131923048975784 0.308885444973628 -0.111159562727505 -0.260500304768504
0.285579405774191 0.203934271030569 -0.20067410933706 -0.227544442061715
0.312209015105948 0.172516811760392 -0.238428601678551 -0.205308791380542
0.316014228016379 0.228413814504676 -0.218279172681113 -0.22143255249077
0.152371983216958 0.393591917416128 -0.0965627768672948 -0.247475389137741
-0.104102055074854 0.422206894253581 0.022610955439715 -0.173311298104417
-0.431952880243409 0.339931123200653 -0.0478816894150645 -0.0390954003679721
-0.514747140542969 -0.153571482870612 -0.218193797162777 -0.140990289958621
-0.203484406217763 -0.52502743844405 -0.188455195653803 -0.408975994764113
0.0430196047862856 -0.568808700545563 0.0915882271409146 -0.594175229653485
-0.0464792012010615 -0.614820289075641 -0.103869498294631 -0.281508135193557
-0.316655539367424 -0.495673867923956 -0.0862242469567031 -0.0719163690196756
-0.543833056004039 -0.0715583353420461 0.0557815700147512 -0.0989685287020855
-0.407947162751741 0.401774818606144 0.0306984897078857 -0.135564779175781
-0.0708354377022597 0.487808523028799 -0.00627975980521118 -0.159746576726774
0.164571772834116 0.416096352946471 -0.0754956743741526 -0.141838876614063
0.353906817347273 0.280967488119944 -0.0913440732085531 -0.119460244618298
0.37966276762374 0.230578631295417 -0.0958609007253441 -0.117468882091057
0.380611768901869 0.298883145656331 -0.0865883696094534 -0.116387823671753
0.179292838046114 0.507380224913487 -0.0120605331380903 -0.124106697445598
-0.138565355558271 0.542215189709448 0.0373933414213628 -0.0635867412040054
-0.542940171675397 0.4463395670883 -0.0582018656408076 0.023406798573553
-0.672021670757027 -0.160139491764926 -0.230129798758042 -0.0948435581647144
-0.314554762884795 -0.663657001704582 -0.166168973058029 -0.281759651922098
0.00779787412155483 -0.762121888764614 0.0680184839262624 -0.335624114022381
-0.0889897062888238 -0.700254509730903 -0.105637875172946 -0.0392433003079659
-0.425501844870063 -0.552453242870775 -0.00115314102015472 0.0657925218099726
-0.652770338424633 -0.0431045890387158 0.0845307169800727 -0.0935734202847325
-0.451182730524914 0.487639982398894 0.00360222362760966 -0.126694898139357
-0.0698810284531924 0.556113987841843 -0.0310267203351825 -0.0641041043676172
0.181847706754944 0.470141960121426 -0.0232067062808163 0.00324582239479136
0.376455353209166 0.31929802518775 0.036568109852756 0.0080400261963447
0.391920187650945 0.254520822610261 0.0607426286371368 -0.0123471787869215
0.380230998909966 0.321434014172716 0.0582916967915529 0.00597395251583425
0.168442172597186 0.535601409408499 0.0778571141845299 0.022230309604717
-0.1544844234549 0.562642147620028 0.0509604625513695 0.0681160203138204
-0.553408344971691 0.460199855928093 -0.068175446743853 0.0963516552341885
-0.696251808683917 -0.145466283261161 -0.22089640857108 -0.0349396133658814
-0.348822553017206 -0.68077926849984 -0.122512945415998 -0.13299378758
-0.0218839224059804 -0.817074686511792 0.0564701914055512 -0.0476438942180254
-0.119075467373273 -0.680135625597088 -0.103863633935903 0.238971533346132
-0.457198699310302 -0.525403014373042 0.101024239099846 0.232712371487805
-0.651745002087187 -0.0144988246316348 0.118506192192148 -0.0603064969001044
-0.418599779487985 0.481988593067655 -0.0163297256842879 -0.0904822514270165
-0.0606213880719876 0.530279684604847 -0.0446890477366382 0.0518871925220123
0.1703682484399 0.445497000637091 0.041074070333959 0.155135157140102
0.342254934246863 0.306322077007341 0.16371864465321 0.137557389298278
0.343695679636672 0.240308265032235 0.207004487177856 0.0957088916087947
0.319934812715231 0.295800167020535 0.18934938473704 0.126290635078758
0.124419405244653 0.472378907613547 0.151477405455578 0.162991286579989
-0.151620293558431 0.473427805124289 0.0526959663861733 0.190390970693916
-0.465179889031671 0.37027569248196 -0.0784585114229067 0.15517245789272
-0.572876398730293 -0.12324078290677 -0.194808915639748 0.017615166464051
-0.29657708775498 -0.578388005328144 -0.0703047584550562 -0.00121225683764904
-0.0422115960013661 -0.734833724637867 0.0513200287252435 0.217496919805848
-0.12435095897288 -0.546362484739196 -0.104287292726738 0.506311837601453
-0.393523413285386 -0.404121946395992 0.189368660928756 0.396525142803771
-0.515610294712962 0.0098722251976018 0.147872632948294 -0.000702447097400121
-0.303551764439287 0.373137911469075 -0.0209119381152991 -0.0369625849055256
-0.0459735084975008 0.397479772052689 -0.0479111438536468 0.155534904871172
0.123593105342011 0.343400569781167 0.102270884337285 0.283631598173868
0.249926015360063 0.243942277272305 0.269577593478117 0.247910052278029
0.243565738683852 0.189065266072658 0.323114154534958 0.19002038043412
0.213950289548193 0.225742890885728 0.286531728052399 0.227087002972236
0.0626547389661535 0.338281329026723 0.191336292376678 0.273212806078911
-0.12851825480509 0.313212376093789 0.0378446139799894 0.273616299144931
-0.305946821840959 0.217695298329275 -0.0901351062123664 0.179158541186802
-0.361061443456407 -0.0853481087615588 -0.158343236234322 0.0483720401274867
-0.19732162073826 -0.388553737508732 -0.0225539501657724 0.0867700216482421
-0.0571207178344467 -0.545501361057054 0.0514175902520252 0.418528308635128
-0.107024534609868 -0.315283130654127 -0.112346689629659 0.714125996101734
-0.251902450619707 -0.205462613913093 0.243892697468697 0.527487156887745
-0.278227077340141 0.0351256563845951 0.172967100802229 0.068817302875981
-0.128546868710813 0.195017162549954 -0.0056928351897504 0.00988815791672962
-0.0261219764379117 0.19054235617471 -0.0441600714665329 0.21837560045372
0.0518162246123025 0.17902094264035 0.142252315779958 0.361139004912422
0.113175954787854 0.141745465925692 0.33433666336373 0.318283152618801
0.104437855340106 0.109185837577137 0.392130036896966 0.254939529304245
0.0816545377300811 0.125306779528395 0.336023930849362 0.292330080378001
0.00253720615211586 0.169280012222143 0.196778793236199 0.338668438505514
-0.0832993403783712 0.130367472836915 0.00993939404900391 0.3111357158882
-0.12500354509009 0.0640482920851045 -0.0993668755442355 0.172328430971601
-0.139147975550125 -0.0320510655139861 -0.11813989181277 0.0588305710810532
-0.0956164377736801 -0.16658103233193 0.0136423603550451 0.127171909762506
-0.0700917710724839 -0.291805040539265 0.05996716861077 0.530622017107746
0.052294070399165 -0.000340155670035164 -0.0656360162862069 -0.54468731888677
0.0326536919690044 -0.0585851569023964 -0.143854548611425 -0.201872158282471
-0.0553247351259538 -0.0439259610644417 0.0674731104838246 -0.0372503913165585
-0.0655170175667571 0.043878548979944 0.118009232316095 -0.109617561976841
0.0124333975072394 0.0531171534058949 0.0586290787974564 -0.289453479868931
0.0441416675245126 0.0144263414213557 -0.138454901052827 -0.378496213823998
0.0543748216855682 -0.0202460310704659 -0.301932992650355 -0.333121102787203
0.0527900622428817 -0.0127885347255985 -0.377888013728602 -0.278870678631486
0.0442093059162229 -0.00807357926756745 -0.338858159389562 -0.311957593492441
0.0235715623232897 0.00832172748726561 -0.174560368404716 -0.339834682673378
-0.00222469082032015 0.0220531419466651 0.00803703167831474 -0.244373632252425
-0.0423163755205862 0.00419994014156469 -0.0285848651730247 -0.0779450453816457
0.00217793888525854 -0.0662623244609066 -0.141791752302774 -0.146011920363953
0.0991725110137076 -0.0225184204120371 -0.145255515048555 -0.497113895228124
0.0890686709561805 0.0609632636895994 0.183726837342788 -0.786828012995361
0.0462395036005322 -0.229219405797043 -0.0710579745753983 -0.537520635014664
-0.0530538937935792 -0.22933135520334 -0.147584128423555 -0.199641957781295
-0.211696395024675 -0.0841830503311855 0.0459059738461426 -0.0541981230925234
-0.198951013548702 0.145789945308655 0.0885115664145734 -0.0996777116166424
-0.0349686399441622 0.205494080725326 0.0550663388918533 -0.252668006432344
0.0808890672071933 0.169033805361547 -0.116110878819476 -0.332571963907777
0.170625020762187 0.102217907570295 -0.256115130653293 -0.301953648713309
0.189951285092945 0.0930863120547228 -0.324201652724012 -0.260200609179442
0.187967779643547 0.122290813518901 -0.297314083844211 -0.285972659881059
0.0890147294782421 0.217175876872196 -0.14699353861988 -0.316061488686997
-0.0641765773922235 0.234312911028134 0.00925193275207262 -0.22782738185848
-0.252722755673543 0.169015538831757 -0.0469863650766851 -0.0729475968776827
-0.26440357633605 -0.130256248944981 -0.175258183929535 -0.168344717234425
-0.0427341233078151 -0.294871429560377 -0.149517968839085 -0.483888446855687
0.0788082845448848 -0.268976496298714 0.163413154150207 -0.725602586986287
0.0269672851348662 -0.435787974717794 -0.089457397002242 -0.451948680563795
-0.152896630944133 -0.381247398270791 -0.134821116573098 -0.156792248131107
-0.367506145426376 -0.107106610361184 0.0412200298017238 -0.0688124925531989
-0.317033357431323 0.250226389817673 0.0603504857335782 -0.103830689820593
-0.0749554780320532 0.345719218885392 0.0367784756365518 -0.20690286399514
0.112536243146751 0.307617088765295 -0.090317430957134 -0.251410500914072
0.26532087515085 0.209730291414344 -0.178224275850659 -0.227908935573175
0.29943609005898 0.184682810783581 -0.220866466879272 -0.20183058720571
0.300723433354356 0.232332886434465 -0.206738819625792 -0.214200670468567
0.138798910943629 0.393528952345106 -0.0920473056978752 -0.236729805455509
-0.119092002517885 0.414511551221321 0.0123316300309919 -0.162613507208608
-0.429976417609743 0.314189485124311 -0.0691482166582113 -0.0392823590860531
-0.498278550069766 -0.175660765872022 -0.208616791067753 -0.158657091728387
-0.179751433695365 -0.523812509552182 -0.14808366412699 -0.413797653660738
0.0567880805698187 -0.552441876018501 0.138930202748393 -0.561654683558152
-0.00517418583987018 -0.598842586299242 -0.112336899979209 -0.286193163500422
-0.274927331568741 -0.500102385587291 -0.0931197837253026 -0.0625302386231846
-0.520208028578296 -0.102753856244151 0.0554154535033885 -0.0743285665778391
-0.409190661309606 0.363856546865008 0.034824186757327 -0.109613766067329
-0.0955623553011059 0.465407655246835 0.00967930870824684 -0.14303363891302
0.140890102412707 0.413130504672684 -0.0566733265463505 -0.13575165236145
0.329625275177929 0.289504460702752 -0.0732206425500277 -0.120439695133415
0.362518813080018 0.245970205710452 -0.0840377085601675 -0.113031822762831
0.362038228405233 0.304772864206287 -0.0815528817961937 -0.107709467252961
0.161148099722784 0.506870563836688 -0.0149528127892887 -0.113246891120864
-0.15719336361018 0.530985126836062 0.0181247422080297 -0.0556547443477825
-0.539327936561851 0.412785937981287 -0.0887707470777963 0.0202452891215653
-0.651454528027156 -0.18727615159508 -0.225144380207649 -0.119238551748799
-0.281477157908425 -0.663420259058086 -0.129976982890045 -0.292839634975975
0.0283556488894953 -0.737462049632283 0.109397193796911 -0.321198098217903
-0.039153136475248 -0.686346300403003 -0.131320627635532 -0.0547277652316208
-0.376168953705167 -0.56498716575735 -0.0192176171737972 0.0770010208693552
-0.631604290821372 -0.0814109442841494 0.0838751916466243 -0.0620356721250129
-0.453202559909275 0.441747241392077 0.0102374854434835 -0.0990457494918115
-0.0947082107158206 0.534071223739265 -0.0150726616379349 -0.0510322397825087
0.157178602371191 0.464741757462054 -0.0103933360530142 0.00545358605535568
0.349924938499944 0.327669742303505 0.0476614426891234 0.00710314030741718
0.372123773878859 0.269830644345319 0.0648039143070436 -0.00823270321301568
0.361501423744911 0.328265371447464 0.0557139952028455 0.0139732370781511
0.152266465590383 0.533184811813659 0.0671822701993972 0.0309234864817511
-0.172087964485394 0.550230757037062 0.025595731885131 0.0725189390743075
-0.548787744320847 0.425812810233598 -0.101826860694653 0.0897867228282768
-0.673555098423834 -0.172322595527948 -0.2204320322344 -0.0607337545128912
-0.313086811694017 -0.680088128704541 -0.0956346406867807 -0.146492107439201
0.00117591897036595 -0.788403459507732 0.0833352396528901 -0.0494409829428639
-0.0655742802217293 -0.672110101709117 -0.144522286689044 0.214153463105589
-0.410641748207811 -0.541265040338253 0.0724505076552234 0.243224224995593
-0.632640942723417 -0.0541512778271266 0.115769032881798 -0.0276727295640669
-0.42336033898314 0.439822927602514 -0.00957906463419564 -0.0660678250918472
-0.0820711358240106 0.508877888316228 -0.0324589899809431 0.0581020055909297
0.146138689965768 0.44273499053593 0.0455060458206575 0.15358430865422
0.317354385382898 0.315887994359624 0.165702784529084 0.137005624813238
0.324761329218092 0.253280857428158 0.202924063734998 0.0993270559280669
0.303897986487995 0.301218760583002 0.179378162156106 0.132426271172028
0.110470048781019 0.469653673727129 0.135734924177004 0.166834174830605
-0.165035045631144 0.463391070575054 0.0265040630612772 0.188755772033533
-0.456733499838066 0.343067292324428 -0.10831577338935 0.144604124613248
-0.553902058520274 -0.142713958057109 -0.196558138970528 -0.00538309999673905
-0.267589592178222 -0.573570708218246 -0.0536566409590882 -0.0140085436625377
-0.0202768514159181 -0.707560981263973 0.0613089326662364 0.202625310731639
-0.0792865503274256 -0.543903847317928 -0.153226289381162 0.474741460151643
-0.356051986270148 -0.420054118297449 0.153722707610235 0.402910549768013
-0.501338785058521 -0.0232235458930891 0.142255653120039 0.0261210451875623
-0.307479146623579 0.341253655478376 -0.0163929439462651 -0.0211775201643119
-0.0609709746073875 0.381359528261746 -0.0421031189960552 0.154477335036068
0.107942688533464 0.338847280605541 0.096759162236149 0.278121156836158
0.232715709049879 0.252071289060773 0.261363190191134 0.247071533736386
0.229107961151233 0.199498688722483 0.311132833576116 0.191834088928102
0.200809890903058 0.228911606768014 0.271457244834294 0.230894429298667
0.0549348125079668 0.335477323905214 0.174596462557383 0.272596832436767
-0.13422379494795 0.305379263397506 0.0150917516776379 0.266375799213502
-0.299293377985878 0.202554029453751 -0.109245394940472 0.167144312956961
-0.34833675528135 -0.0943439638580571 -0.159826603518266 0.0314662589210735
-0.177794399993593 -0.384932306021027 -0.0175367317873347 0.0771014919195493
-0.0404047497848528 -0.522107345636127 0.0456078457307834 0.394900957698063
-0.076411584963654 -0.318390595996239 -0.163418153018516 0.678002926957156
-0.230380990330039 -0.220374983936539 0.204884489992055 0.527775141184604
-0.272269204609735 0.0154813384666162 0.164349806358311 0.0867630182414728
-0.129887372296013 0.179061956140392 -0.00365209436094324 0.0150870623486699
-0.0313416617707667 0.182051583149644 -0.0456586038947805 0.210318039297191
0.0446677392022384 0.175531874187362 0.127721566566754 0.35288926522419
0.106088456059008 0.146310947627364 0.316982235691702 0.318007591194428
0.0962805589563178 0.113613762559198 0.374103076288956 0.255418994338701
0.0751861998635886 0.126867532123125 0.31841001981319 0.293120464341183
0.000324406712913236 0.166323246168444 0.179868074458846 0.333454028626849
-0.0838012933558845 0.126575214353004 -0.00518108086844853 0.30045336238186
-0.119587907080944 0.0607592390342338 -0.107230261379565 0.160045433563331
-0.134568339695415 -0.0331526784485773 -0.119223947693705 0.0490832959999209
-0.0879051164360419 -0.162941850004564 0.00941791490795936 0.121872044467317
-0.0596081753603304 -0.278539148740309 0.0410328222835994 0.503076877209661
0.053094460320558 0.000776888195329505 -0.0585925767564665 -0.537275806521498
0.0335792680870309 -0.0603564805704368 -0.139279936577352 -0.200447537111038
-0.0559444941987493 -0.0453613788861893 0.0678816199678206 -0.0401736283449059
-0.0683943857529866 0.044747903789015 0.116813792080803 -0.110131104835482
0.010561652330519 0.0533365360692924 0.0558427447260786 -0.287560011853678
0.0428947174079258 0.0148099221294306 -0.138619453598808 -0.376191748401758
0.0540419943871992 -0.02013456281375 -0.299776270402102 -0.333886029575418
0.0537614241498592 -0.0123046847538182 -0.373246265502272 -0.278150271051261
0.046172914545898 -0.00729537500818552 -0.334870322509449 -0.309470047881023
0.0231456838923715 0.010840851067828 -0.169451312402205 -0.339161755007049
-0.00365633548802524 0.0239118156947125 0.0121021033965897 -0.242567041113735
-0.0438060352230961 0.00344959924433447 -0.0259451432062727 -0.0747441886387918
0.00260036416636535 -0.0673103869085494 -0.138299485159938 -0.14704179176715
0.101070292362418 -0.0208291920760753 -0.140152673820978 -0.497170123272499
0.0888741898123032 0.061542809395944 0.189393670454523 -0.774233355039533
0.0501372977609972 -0.223325139396572 -0.0641214323737498 -0.529985604807886
-0.0482862128018199 -0.229871329383566 -0.14296334708236 -0.198824617140259
-0.207663250095805 -0.0860447936808693 0.0469046938415546 -0.0580080625700475
-0.199934119288231 0.143498846210423 0.0864818263158897 -0.100543524114001
-0.0371408078783173 0.20351288188942 0.0517617936880703 -0.251092015007539
0.0784377872462607 0.16976235474724 -0.115696854937283 -0.330671375636252
0.168794282701966 0.102449754442854 -0.254536145619312 -0.301980119516666
0.18872526266925 0.0939055701511899 -0.320082531588716 -0.259987290271423
0.187456701562243 0.122325895674448 -0.292695109471777 -0.284831172559685
0.0877458470388119 0.218576867982406 -0.143405794479739 -0.315795875980156
-0.0674128437717676 0.233975039332107 0.0123484499954283 -0.225536666666013
-0.253251454998245 0.165420354776108 -0.0447110687519015 -0.0709727583013118
-0.261204679812751 -0.134509644567715 -0.172533240682676 -0.167685346800275
-0.0366311955968185 -0.293900859111952 -0.143375033629444 -0.485481005988804
0.084531493470461 -0.263433831009872 0.171865613277525 -0.714320569293072
0.0354324870752086 -0.425724260916917 -0.0851290026228465 -0.447380102267273
-0.145674585099007 -0.381536137215005 -0.130958154570006 -0.156104056520589
-0.35897408096886 -0.110160546720661 0.0422301356224443 -0.0739911941569538
-0.316434345321364 0.245496179443707 0.0580667260067519 -0.10532750993945
-0.0770336066865509 0.342547029661888 0.0316062246297414 -0.207325881972135
0.110101141889381 0.307237412389265 -0.0907456804028799 -0.250338477384765
0.262081112717741 0.21102229737183 -0.17684630747171 -0.227859367109396
0.295294990365021 0.18533200884927 -0.218026149003535 -0.202104161994434
0.296473880802277 0.233216561782799 -0.201634153666237 -0.213129745678873
0.135978008137084 0.393999374096731 -0.0891587883854028 -0.236661756296576
-0.122997905223226 0.412961782893525 0.0141835843164093 -0.159913773170945
-0.429560393591107 0.308912014968633 -0.0666276336027356 -0.0384492300009194
-0.49244794373916 -0.182261664202377 -0.205287988469418 -0.157261114330028
-0.168783257998522 -0.524676270232425 -0.14342177690987 -0.414593877061781
0.0679660418826477 -0.543583871490428 0.146571097644784 -0.553478893737202
0.00531466181904539 -0.584760727085402 -0.109709746197468 -0.287463980692621
-0.263705648424525 -0.499210930330712 -0.0915074975025976 -0.0637618060390584
-0.51011131593408 -0.106148255378799 0.0566055871827373 -0.0792661065308234
-0.405663240641421 0.354540852657139 0.032632190377022 -0.11237874336272
-0.0962666967984564 0.462352206312309 0.00400841035209378 -0.144789249883471
0.138758075927783 0.414365348286493 -0.0574541142834825 -0.134787145304167
0.324566802540772 0.290970027296322 -0.0728614330533814 -0.120469157666931
0.356992929745656 0.246977835920438 -0.0819946846588059 -0.114253357826175
0.35540079965794 0.305274368922898 -0.0779049033224903 -0.106632977089442
0.158753790299813 0.507471881794751 -0.014522591316189 -0.113754377060277
-0.161157253356335 0.527100224611441 0.0183811962052585 -0.052992385229608
-0.537468890415839 0.406267299898509 -0.0864883706956291 0.0195833135279701
-0.645014409719517 -0.196028860046454 -0.223255714723376 -0.116519388926366
-0.268251560374407 -0.662470387388934 -0.12640766718187 -0.293280282222094
0.0432149708294363 -0.725842618361531 0.11480452968195 -0.319095145759686
-0.0273641866100024 -0.671899746719133 -0.133417571091702 -0.0602656021765005
-0.363830001767661 -0.563106462421278 -0.0199225277937962 0.0752398180975081
-0.618592927784035 -0.0859338286251964 0.0853566911414562 -0.06722315082692
-0.451663012735366 0.432125789147969 0.00800382515220914 -0.102399977304378
-0.0977950772975249 0.528932057837127 -0.0216805182711793 -0.0552697055710575
0.153547791017158 0.465763578565047 -0.0123143385452588 0.00620720644853367
0.344443464985092 0.329486313911532 0.0463540902543802 0.00719013292061754
0.364768359582397 0.272350637793333 0.0647319010054847 -0.00966464454568021
0.353084173883763 0.327093381220105 0.0573469505149794 0.0150770789219774
0.14835746431585 0.531761705373879 0.0664871014288373 0.0302797579645293
-0.17523009019553 0.545822930953589 0.0242158482039784 0.0747744039383983
-0.545493888631781 0.418637248286265 -0.0998723495241894 0.0874692851135046
-0.66483785027839 -0.179177634229963 -0.219861798977078 -0.0578390017757699
-0.299521754858504 -0.677928104755943 -0.0945896035062805 -0.147031046676889
0.0172786625694826 -0.775951692591242 0.0864363292608433 -0.0510360001159766
-0.0551562688999058 -0.659433234028289 -0.149832255471788 0.204629269526965
-0.399562746974218 -0.541995366679966 0.0684563133105742 0.24077860498323
-0.622262717111208 -0.0598342316799768 0.11629134744997 -0.0310558073823688
-0.419406374075303 0.430081602331999 -0.0119617492193348 -0.0703050248961362
-0.0833745899695577 0.505092328385225 -0.0393187092042203 0.0522336394532789
0.144080264291968 0.442574522119391 0.0420410986986437 0.154175669799572
0.314582866407236 0.317947026540623 0.163447741356716 0.136761123950593
0.318298162890213 0.255375338730458 0.201673257243556 0.0977137281625415
0.294683163965281 0.300476926389716 0.1794915776797 0.133600783632507
0.108195974869462 0.467518844314505 0.133823310857089 0.166941974750744
-0.166839590908328 0.459078770230798 0.0238393463586347 0.189854534854259
-0.454239596218695 0.336341485305487 -0.106750885937674 0.142180044182219
-0.545995372849152 -0.145916252759708 -0.197010813364687 -0.00232330863468958
-0.256486055742611 -0.57310304080276 -0.0551058439037875 -0.0141585767920049
-0.00652144265346233 -0.695433922596565 0.0624911536239379 0.19768003486384
-0.0712286343460606 -0.534721988083575 -0.163654400464187 0.461654801305111
-0.347219772919949 -0.422113547810477 0.14679389956058 0.400580657644332
-0.494637297219145 -0.0277181323132742 0.142343303878203 0.0251502011726294
-0.30554441736758 0.334928168105069 -0.0182608239162333 -0.0255087934686458
-0.0617375578760553 0.378350305918782 -0.0481610225871838 0.14884049789339
0.106389607719371 0.338356583617272 0.0934450915224252 0.278471366221556
0.230177428361583 0.252518647662147 0.257852765528622 0.247122253000927
0.22350282648565 0.199570651712397 0.308393324220499 0.190317001473148
0.193917536260133 0.227380628471331 0.268982406748421 0.230729080523176
0.0530721381346205 0.33262837564387 0.17124837608698 0.272487408861845
-0.133872762323775 0.300392161600691 0.0123973493848742 0.266382226824887
-0.29402222786132 0.19818770381246 -0.109463334103854 0.163814357268914
-0.341595733250649 -0.0953517819787646 -0.161888095197949 0.033416424028863
-0.171694913129948 -0.383409642076541 -0.0199069167009665 0.0776909982923572
-0.0318859822910579 -0.513416895379789 0.0458023478920794 0.387424460793726
-0.0715829300022509 -0.31465277703064 -0.176347272187092 0.661705236944118
-0.226276356811244 -0.220801613272127 0.196598546865114 0.524252988287236
-0.269213906824147 0.0139081855967899 0.164014996293717 0.0876447791492753
-0.128128377991917 0.174955491208357 -0.00460089952253765 0.0120375221996532
-0.0309458272607403 0.181080624287695 -0.0499199994685018 0.204701375936693
0.044366325396462 0.175052726983774 0.124725243742633 0.352185509875819
0.104125303226982 0.146453032598461 0.313721355673351 0.318074121016859
0.0926317111768415 0.114368963116499 0.369661048944581 0.255003743882393
0.0699800559584004 0.125798232914089 0.315468257547316 0.292782970081171
-0.00142469660252445 0.162875423801723 0.176774085637737 0.332686021355309
-0.0816846058256416 0.123321820580982 -0.00660500202785589 0.299507692016438
-0.115599700541462 0.0589040122543463 -0.107133637788616 0.157661960509605
-0.130621389219165 -0.0312919640420718 -0.120797986598985 0.0500812270958403
-0.0863424886046933 -0.16221526300895 0.00675751834667713 0.123072934775432
-0.0561531651570407 -0.274048524191087 0.0380497161647411 0.494296987510659
0.0548877358516796 0.00105427255950029 -0.0537698938182109 -0.543766450648515
0.0348649867904595 -0.0635485149595074 -0.138763869108246 -0.204251303562143
-0.0582819553216904 -0.0478637015314356 0.0704546436617477 -0.0446124027141235
-0.072486825701001 0.04741868475281 0.118104600882556 -0.114070249556539
0.00918717063542907 0.0554028395617514 0.0548331555311867 -0.291625888073869
0.0423529274199304 0.0158524094741055 -0.144104369708209 -0.384657203402961
0.0548454257914551 -0.0199366480383154 -0.30688599082872 -0.34082817601974
0.0561560402521972 -0.0133815826933133 -0.379375604142045 -0.28443823163859
0.0489868954257558 -0.00732719070920445 -0.339653705022866 -0.315789777658698
0.0246158747170355 0.0125874712771221 -0.17164429108305 -0.347985429062898
-0.00518124242715976 0.0259061110210487 0.0158938680323467 -0.246945915991208
-0.0466149542836558 0.0035352268298072 -0.0251160845949574 -0.0730441581678594
0.00247807242671323 -0.0708610502597659 -0.13987272012033 -0.151257223449424
0.105865823650452 -0.0207422691211083 -0.139216171698674 -0.510478690480032
0.0909051695434555 0.0634834335923528 0.200112866482782 -0.782834327530412
0.0559616632206558 -0.223448419775398 -0.0594956307502239 -0.539422541783675
-0.045381209612848 -0.236419881063241 -0.142674833737139 -0.202720756225989
-0.209079404781225 -0.0897714853779032 0.0486738586501119 -0.0648328864149571
-0.205025143196679 0.146330158622201 0.0862020335481922 -0.104737047903703
-0.0395287220938833 0.208000113196424 0.0488321979037482 -0.25616560505686
0.0791006107588134 0.174461977195614 -0.120157650022682 -0.337742184287316
0.171536898402985 0.106303483901263 -0.261154891794092 -0.308571189685686
0.192707816682544 0.0960996205093389 -0.325413986250232 -0.265893342690202
0.191624219685415 0.126051221779578 -0.296342566331411 -0.290785174370679
0.090292616666168 0.225920414516689 -0.144321071951907 -0.324023681764336
-0.071414892586646 0.24062677441653 0.0153945460713833 -0.229103604249231
-0.26029793340321 0.168338472560897 -0.0434475433032009 -0.0707197457573196
-0.265838505254247 -0.141551631208149 -0.174618679401517 -0.172630020625783
-0.0311410426110226 -0.301209320250656 -0.143461184820363 -0.4996745165947
0.0911141425674869 -0.265949419728884 0.183039839890767 -0.72354921667294
0.0426808990604393 -0.427642089133325 -0.0828794484503003 -0.455843331131043
-0.142228155317362 -0.389792410687144 -0.130839041407446 -0.160898543639922
-0.359914098798079 -0.115345849842576 0.0438556665735354 -0.081718479059557
-0.322694349324704 0.247265917544237 0.0571270289993515 -0.110150017384894
-0.0804291390773824 0.348476501834828 0.0271835239429817 -0.212655909007027
0.111547194727239 0.316087091747533 -0.0937932166875549 -0.254474496375489
0.266183315175677 0.218262266681383 -0.181568740993618 -0.232665641266524
0.299336975045052 0.190354018563524 -0.221287960528267 -0.206764054125165
0.301122516070938 0.238804224542906 -0.202963995545026 -0.216895519772622
0.138492114500919 0.405531963519256 -0.090122196046414 -0.242960756288525
-0.129650022794332 0.422350704712805 0.0165766897349331 -0.161545073245669
-0.439769968718202 0.311852772880485 -0.0663017881030002 -0.0381581325312737
-0.50212875274906 -0.190931161582999 -0.207822647826011 -0.15972912258914
-0.164747169912368 -0.539139511627989 -0.14302542626391 -0.426072772907733
0.0793109936661651 -0.549918008099537 0.156214987696627 -0.562356883592367
0.0160000545154692 -0.588148613363412 -0.11181565764024 -0.295290754776052
-0.261933819924678 -0.513034973157204 -0.0923011834562639 -0.0664782226514974
-0.514128068798457 -0.111698923977971 0.0586872414706769 -0.0876434770441469
-0.414131521113364 0.357622160379844 0.0307520164809651 -0.118009296881043
-0.0995927248808951 0.469013332879027 -0.00147012344079193 -0.150160388836219
0.13947996567011 0.424875186893093 -0.0608452498766406 -0.136983850704731
0.330817399939165 0.299426230335947 -0.0752220610724636 -0.123017140891052
0.362015897952048 0.253946250256835 -0.0833339961242838 -0.118515414961932
0.359861532543468 0.311736258087841 -0.0771794055828623 -0.108574109206737
0.161772342889126 0.520153525285539 -0.0145325899751954 -0.116682924593952
-0.168744297378127 0.539772649967358 0.0196699681121604 -0.0516025272223358
-0.548821277968948 0.410936614784727 -0.087081690757795 0.0189754450300403
-0.654531799721045 -0.206160934374108 -0.227680258413221 -0.116845386309482
-0.263921890291799 -0.681782683092225 -0.128789675471159 -0.302515960459332
0.057200881333187 -0.735531028504829 0.122720957315195 -0.324196938161546
-0.0174227027457448 -0.676995719848509 -0.138737717143359 -0.06656322665977
-0.363657598929265 -0.576758048205087 -0.0208480764872189 0.0752217996639809
-0.624602994357855 -0.0926542520036855 0.0872608074991598 -0.0737870642559492
-0.458205586776828 0.436415407930028 0.00528886265021882 -0.109158410322008
-0.100691961848895 0.537778650850631 -0.0290903850385552 -0.0607657760366086
0.156367503204441 0.477957872593437 -0.0144266260026053 0.00741103456617756
0.351016094659943 0.340018436199621 0.0463060464034714 0.00735192834765303
0.369301185277623 0.278906123160613 0.06610089340347 -0.0114122269134687
0.356296489468222 0.33597964407091 0.0605973211452062 0.0157912356211589
0.150484531916297 0.544965426156951 0.06736556536683 0.0307641408603157
-0.183090610078086 0.556500689800303 0.0244882765126746 0.0791128085856908
-0.556540608615055 0.423458255755815 -0.101910595118533 0.0886231714595962
-0.675544106763967 -0.190566557906593 -0.225715870951558 -0.055594769633551
-0.298295365622808 -0.697605934638135 -0.0972927755239983 -0.15158705073631
0.0299586992606391 -0.784970783551683 0.092585802201481 -0.054000353801107
-0.0461068707168398 -0.666653911480013 -0.160028233575516 0.200824392421022
-0.401591575998351 -0.556737268844146 0.0666402036246464 0.244574094441254
-0.629060006470204 -0.0653947693416652 0.119489946256547 -0.0352660879718519
-0.428619947374939 0.435358452505206 -0.0143507129934682 -0.075853330130847
-0.0874625682134689 0.513964036492714 -0.0480248431951485 0.0485148053227074
0.148396755715168 0.454313865917356 0.0418922590603029 0.158200648553551
0.318847689397562 0.32589256391948 0.165734645473353 0.140022653961836
0.322203391752275 0.262737689827485 0.204483527212401 0.0980891186248544
0.297175333719554 0.308540647187403 0.184483135577559 0.137122281424379
0.109427072425523 0.479333716421969 0.136138596141163 0.171155363218333
-0.172567937979011 0.467184691833712 0.0241510590100754 0.196746695225431
-0.460957005362728 0.341832311503117 -0.109573510689334 0.143549749238754
-0.552721225469105 -0.153579677015054 -0.203612530009894 0.00122645752624434
-0.254512808574254 -0.587807224338042 -0.0581002885271004 -0.0137840674285005
0.00346345558156618 -0.703846412162318 0.0661514592990452 0.198251910119567
-0.0650573235451913 -0.542052520721639 -0.177324116226465 0.461755929590507
-0.349774758403701 -0.432173872204192 0.145111994335579 0.40825562145594
-0.500030967498674 -0.0300209962316277 0.145723124158802 0.0244207638810652
-0.310741783968336 0.337270847052372 -0.0208685712301829 -0.0293403785692733
-0.0628062565424275 0.384924501294712 -0.0556523439118162 0.146688480623268
0.108804447618347 0.348413928807888 0.094017390652935 0.285791806839588
0.233725403897707 0.259300001389777 0.263049566347555 0.25329440965508
0.224985840667624 0.204738738250726 0.312986058721004 0.1931205594206
0.194285421120156 0.233135829867807 0.275649354919409 0.236030315625073
0.0530688661631956 0.338659103528515 0.173805102743246 0.279225443434509
-0.137306499993318 0.304755414117893 0.0125740972298507 0.274715572378676
-0.296330860614115 0.200165496722878 -0.111459931439284 0.166429204600437
-0.344676636561125 -0.0974427749585749 -0.167474019605983 0.0375178076810049
-0.17156792085262 -0.392401731737863 -0.0224652760785052 0.08043799179659
-0.0266367895079718 -0.518923238822317 0.0486442392463006 0.390651127414346
-0.0697299916390514 -0.319700909073833 -0.188786280578375 0.666556459081745
-0.229181354935981 -0.227429270058895 0.194494132126217 0.535592836115452
-0.273887737161694 0.0128852210801529 0.168160028187561 0.0910257464768526
-0.130439892054652 0.17611803159411 -0.00589557148790323 0.00919642068009603
-0.0306772858695529 0.184311578873606 -0.0559453399454054 0.204866605868888
0.0463560666835694 0.179491839521389 0.125711019637092 0.360588861761653
0.106077150203321 0.149607816945162 0.319948566538481 0.325773447881472
0.0923310936476469 0.116958177855299 0.376568819494377 0.25849658574948
0.0677771430615529 0.128425868569572 0.321810041997604 0.297985285400034
-0.00253524120704807 0.164348876157539 0.180974966393987 0.340849377534831
-0.082144265430438 0.123043983156036 -0.00718751207519953 0.306429654545207
-0.113354552534705 0.0587465549861 -0.109165310711705 0.160390227282416
-0.129937275786544 -0.0302162813270756 -0.125792505217129 0.0535465692162783
-0.0876225107470777 -0.165689647779811 0.0048524041711011 0.127014740589362
-0.0557198216456883 -0.277158317269342 0.0405231801199611 0.500009264823516
0.0583156735489208 0.000285660665165381 -0.0603268376844073 -0.559625969349233
0.0361466790747391 -0.0689438704271978 -0.144827289590188 -0.208238967459712
-0.0624840303831246 -0.0502001842024498 0.0729832655356643 -0.0526094253099684
-0.0768511105221534 0.0526365803682917 0.118112765147462 -0.123453933024747
0.00903670474291112 0.0586841001565684 0.0477901944727713 -0.301683954107359
0.0429064763970483 0.0169440776808347 -0.161237558080865 -0.394293275844435
0.0563531558433187 -0.0213114962740582 -0.327048421089385 -0.346810713215403
0.0592238548501248 -0.0152784608061793 -0.399199467775733 -0.285934898374179
0.0531567191017543 -0.00874331068240962 -0.356729588552628 -0.319435052421846
0.0261807775210249 0.0147013162878509 -0.183587211627322 -0.359075391704656
-0.00605603881964084 0.0290435734341468 0.0142904242580461 -0.256804811972335
-0.0507851239245928 0.00494991470188913 -0.0252610090596391 -0.0725820971900847
0.00102836740393686 -0.0755099441294515 -0.147717200479998 -0.1562655247441
0.11201490841861 -0.0235532599740867 -0.155744152443625 -0.531220579460552
0.0957953203103266 0.0649272562850419 0.196573492404576 -0.807334513140504
0.0581338531591567 -0.229802346268047 -0.0693410846953676 -0.555476380483566
-0.049318848605656 -0.246289595203906 -0.148950961430317 -0.207491883647248
-0.216317746162781 -0.0904002434940549 0.0491516565733436 -0.0741509397497618
-0.211195601385427 0.157081424940885 0.0850015374386217 -0.113157046852922
-0.0383195685487763 0.217507448090853 0.0409053179487478 -0.2660216856562
0.0854932083646029 0.180994571337754 -0.134839243907932 -0.346277598790377
0.179604823752273 0.107746835134532 -0.279427210148534 -0.313980851677491
0.202104156429132 0.0960607950140835 -0.342306015458329 -0.267543795607598
0.203108993545485 0.126178160357866 -0.31205848067793 -0.294997961938334
0.0995522623766116 0.235144937245596 -0.156109734219188 -0.334579768522416
-0.0720318346376613 0.254063475139054 0.014091445638828 -0.237183038149725
-0.268149556932754 0.180157784052969 -0.045009795913223 -0.0711065893723872
-0.279010736462042 -0.144473901712449 -0.183771543563409 -0.176122182640402
-0.0345750492236965 -0.314559146113659 -0.158479861453922 -0.51963379270898
0.0935518167819632 -0.275623545972345 0.178605390046389 -0.748899665502861
0.0435714467182593 -0.438477387856276 -0.0928142375200153 -0.470274132661929
-0.150462419015878 -0.404571419061207 -0.136299587728925 -0.164593280658581
-0.370800331166265 -0.11411418825173 0.0433273912746127 -0.0921853422562384
-0.329426127002086 0.262692288317053 0.0537019221442417 -0.118218373805444
-0.0766549000963874 0.363083244868061 0.0189211200787906 -0.221455401157658
0.123025413103786 0.32699434015825 -0.106170125852372 -0.261161624034294
0.281777333608934 0.221963883550497 -0.19484540024178 -0.237236769793601
0.315014096593005 0.192291306679854 -0.233867028597834 -0.210250032716414
0.317958242202865 0.242066183425594 -0.213603337469568 -0.220606536175907
0.153920244717632 0.420278519644276 -0.0981783785078466 -0.250840924552332
-0.12953945571447 0.443010047684506 0.0160533688740136 -0.16658242211481
-0.450681601370938 0.33258888596298 -0.0689365668366696 -0.0388974711782871
-0.524088390620441 -0.193689669877399 -0.218923630788866 -0.16057558208874
-0.176051998725179 -0.558298520090023 -0.156938305242338 -0.443601662139128
0.0784366149504558 -0.568166112148868 0.154989262860929 -0.58530827641283
0.0140286490123902 -0.603341264651692 -0.1227298048423 -0.305763591857904
-0.276109763735134 -0.527946393924953 -0.0947379363020774 -0.068497575537458
-0.528644377643431 -0.109431869946342 0.0584597638927589 -0.0984005433855111
-0.421406795453965 0.377434612769558 0.0266676866276544 -0.126585928723767
-0.0954312714816608 0.488898360961774 -0.0121256537185448 -0.158410480141825
0.155349004958718 0.439692556253982 -0.0681873730213974 -0.140174999155229
0.349818439166968 0.305694219580064 -0.0815292960538238 -0.12615046115194
0.378993944583624 0.257493269918338 -0.0894145480164402 -0.121541220515606
0.379039790741554 0.316059924843193 -0.0798102321139072 -0.110660928977993
0.179694829330907 0.539735029409872 -0.0170677872556259 -0.122009910717859
-0.167463827705904 0.565690596372988 0.0212329033813672 -0.0520151172381991
-0.561151336106283 0.43714446987216 -0.0892738115687817 0.021440122167024
-0.682528069794949 -0.205888296461387 -0.238759165252248 -0.11384171429603
-0.281648870227728 -0.706095358654611 -0.140062861128442 -0.314689854591658
0.054279058391161 -0.758183900288199 0.12552385658245 -0.340684240695878
-0.0211210306320993 -0.695292399123461 -0.149682702091096 -0.0711438213276363
-0.384564428458937 -0.596403308637568 -0.0206642837213469 0.0776420225071937
-0.643241145902543 -0.0867352923470058 0.088841502453021 -0.0842506109359034
-0.465832558926534 0.458891770958185 0.000745403465701631 -0.116925525318829
-0.0931903590350059 0.560271191111926 -0.0395963373387583 -0.0657040413837323
0.174837809125341 0.493723704109371 -0.0163478121839477 0.00902132395872887
0.373143062624351 0.345941349817712 0.0477208982459391 0.00641765855762061
0.38815630998248 0.283408767360886 0.067273400895234 -0.0147362114950642
0.375503492977458 0.34274512413003 0.0654798164052125 0.0156699717259534
0.16838598319057 0.564376975484544 0.071071757919647 0.0306813527711126
-0.182259314379395 0.583417784253974 0.0287533636165612 0.0839969640508668
-0.567417467721494 0.4485883376623 -0.103987447625439 0.0932817920697204
-0.701659606522359 -0.187700272252658 -0.236883337779107 -0.0494188641809043
-0.315857208851597 -0.720853902623636 -0.105525139655696 -0.156995787434874
0.0249571678478482 -0.809274579658271 0.0988913606800879 -0.0605367840896433
-0.0519495931425144 -0.686063663121103 -0.169165169722453 0.205702585597471
-0.42319064540348 -0.573009960054868 0.0723535714110403 0.251782067341167
-0.649554900673421 -0.0559816856024366 0.122997971620148 -0.043288575891235
-0.434317321786077 0.457572045546936 -0.0192482092268814 -0.0827328112965406
-0.078943642730883 0.53497604474758 -0.0563052618995275 0.0472217217163883
0.166520057176742 0.469015230921134 0.045835315303264 0.164518700643315
0.340053595181044 0.333159457721681 0.17480880068357 0.142206229929014
0.338037156310035 0.266514776497772 0.212981279843727 0.0955311784843232
0.311584932014666 0.312167649178827 0.195407639302488 0.138823833601019
0.124287945549193 0.494296831931285 0.145175130550948 0.175371673402809
-0.171856671576687 0.487905691924282 0.0302717152808404 0.207399162993137
-0.466774129958886 0.361667202612619 -0.110842613462827 0.150057766773578
-0.572737091365339 -0.14954721627254 -0.212460574315484 0.00976775961388249
-0.272204837635464 -0.607142111701587 -0.0623286017282674 -0.0132414491916439
-0.00350552354566718 -0.723664845866211 0.0758638034762565 0.199710345687301
-0.0730395461916691 -0.556978423430718 -0.1848033963349 0.475362591613072
-0.370353458510947 -0.44628008592503 0.155812075376004 0.420794227386415
-0.517774928825074 -0.0226556949387487 0.152761743201502 0.0203087392126148
-0.315737593827786 0.35451159903244 -0.0244510468931598 -0.0338671982042601
-0.0568726455761545 0.399952603561188 -0.0618687172830197 0.149309074689121
0.123208057613488 0.359404616244351 0.102337829111076 0.29555987842675
0.249484354331995 0.264421298758764 0.278691201404054 0.257038174432238
0.235982333926419 0.209329789518384 0.328508981067718 0.191773166444255
0.20262510011528 0.237985040840679 0.291576020561145 0.239836055747654
0.0615314806836519 0.349266816997153 0.187902904291344 0.287085166173384
-0.136370966321701 0.317754989269212 0.0193840133730474 0.287068391453258
-0.299168867140887 0.211109384307875 -0.113162107641178 0.175002565516693
-0.356051953555009 -0.0943005341651726 -0.175857721441875 0.0463117659142644
-0.18316180749298 -0.403983861375157 -0.0236711070634274 0.0855714538381201
-0.03273605317778 -0.534324961785927 0.0605659734189347 0.399006666566443
-0.0765154564883964 -0.330304141086317 -0.194060454636279 0.687737369667488
-0.242044335785596 -0.233221737384543 0.209342095172788 0.552583823029283
-0.283236299042234 0.0188928325548457 0.177759299697773 0.0911352500640312
-0.130928897668145 0.183185758850383 -0.00759361661795897 0.0064887917908293
-0.0275811340549239 0.191223334517233 -0.0588932709197163 0.210041793995554
0.0531422487047862 0.185934458219082 0.137994684849381 0.372480468558496
0.113496169622087 0.152959046680332 0.339638733530737 0.331524423238217
0.0964402118043936 0.12037186998866 0.395404148248192 0.258717490470796
0.068963484979306 0.131757796633831 0.340729126272393 0.30231200135008
-0.000416364576121596 0.168649774361197 0.196123919657701 0.351009502582488
-0.0812431865175852 0.126709390724064 -0.000375511500325314 0.32003143351014
-0.112384562428091 0.0614871311091412 -0.10992584480263 0.168665453862808
-0.1327530692388 -0.0259693164481164 -0.131624881923737 0.0616098057357157
-0.0951181962058593 -0.168763652716568 0.00596668671673133 0.134033304718642
-0.0624275449497298 -0.284084837231515 0.0547461677808848 0.511901616002941
0.0619896899961508 -0.00260892224121354 -0.0861024945316755 -0.572750087414576
0.0343005783046662 -0.0757266860925558 -0.157688151147251 -0.207473678718042
-0.0683143590137891 -0.0501762176785617 0.0726650577597116 -0.0632189265614063
-0.0787857169422672 0.0612824239113824 0.112704244430964 -0.135600256931397
0.0109250766383782 0.0624891328608125 0.0310641507338757 -0.311575046822615
0.0440632218931574 0.0170306893667719 -0.190143148272484 -0.396711393117436
0.0567462248525089 -0.0237333055166894 -0.359012394743113 -0.33878752636793
0.0612526349197658 -0.0196829839313374 -0.425951616786417 -0.272016131684515
0.056321232944792 -0.0122752622665975 -0.384704349325401 -0.312105421059975
0.0289595101939528 0.0153986963338033 -0.207964604954016 -0.362173176188531
-0.00605851670305896 0.0326871439066052 0.00436214358702732 -0.26654638018423
-0.0534023132584342 0.00820693446272679 -0.0282198432560409 -0.0709945181639972
-0.00370381849853046 -0.0802290095667098 -0.160447845066997 -0.155713624100505
0.117537298528119 -0.0307678225863193 -0.188070541711012 -0.544120990647534
0.102668891473489 0.0626122865377972 0.165522597628505 -0.838430198226575
0.053207053156446 -0.237090384177777 -0.0945744727694098 -0.567460335657127
-0.060839330276721 -0.254181080109028 -0.161506627003148 -0.207732133996482
-0.226000809722926 -0.0849678396316744 0.0462057776272158 -0.0849841434196519
-0.210958870089293 0.173637324110889 0.078451140252413 -0.123618035124399
-0.0297355220697409 0.228161154532457 0.0244468900068713 -0.274863535275201
0.0973468123468108 0.184213290892501 -0.160083290364868 -0.348063717500424
0.192005497720903 0.103510203594677 -0.30662427695377 -0.308335149081095
0.213917632134364 0.0882648178111506 -0.367695537350965 -0.257689839870974
0.217600610651609 0.119084311587603 -0.335532544327049 -0.287485841348575
0.116794371985726 0.239878495291105 -0.178059090553056 -0.338638816211907
-0.062949093824361 0.268789373891422 0.00474353486564074 -0.246184560806897
-0.268853528023597 0.200189099279903 -0.0493489710537861 -0.069658826641107
-0.296124583904202 -0.138254857278593 -0.198379144053718 -0.173578292900084
-0.0476472413153693 -0.325428512591619 -0.189944044360685 -0.532349585899735
0.0870578212978409 -0.286988264566909 0.151166593651221 -0.778013888352157
0.0312923751060786 -0.449237906492186 -0.118432265077742 -0.480901344330389
-0.172790043786588 -0.412950672620157 -0.146899530999685 -0.163889282092006
-0.383554573485813 -0.102334475464245 0.0387054719178076 -0.104584518705674
-0.326031317249987 0.288125654809136 0.0458149967184338 -0.128025894707258
-0.0621026912947437 0.379795195655837 0.0022036628563361 -0.229140824905505
0.14442493111158 0.332988956873588 -0.125399633025262 -0.261551444155613
0.303246335111261 0.215640243162369 -0.214653040564978 -0.233893194499253
0.334292263242758 0.182353472560247 -0.251381344566335 -0.204760978057667
0.341110224074153 0.233195281862889 -0.229903404958603 -0.215350464897068
0.182658985051576 0.427864196064243 -0.114153232518509 -0.255326503665184
-0.113225846463669 0.468156506460698 0.0100255514053408 -0.172101194510963
-0.450135181625786 0.367552403709367 -0.0726552448805707 -0.0361004820358994
-0.551228793448297 -0.176881903302041 -0.234505208951786 -0.154781043674546
-0.203654516448836 -0.571444500639308 -0.185124795953722 -0.455176084337149
0.0609292503228155 -0.586899203908297 0.135878104766332 -0.609725482019574
-0.00626831364371948 -0.616720192174041 -0.143182857365947 -0.31105906137092
-0.307272606674031 -0.535965650435748 -0.100045444468514 -0.0672678329382882
-0.54413312841931 -0.0901864439775951 0.0539825084074764 -0.111860174080347
-0.415138456446355 0.409580715885799 0.0171988397056731 -0.135238907447834
-0.0733406630023287 0.508699536889822 -0.0281018404032463 -0.164492787616635
0.183954593847551 0.447101092929644 -0.0802942230663759 -0.139221940801949
0.378437020132833 0.299457517754113 -0.0915787011421114 -0.125568510077887
0.404294340124044 0.247304866381633 -0.0992903781521487 -0.121103183938927
0.408272941373019 0.308232074319834 -0.0860676193373975 -0.10971753890376
0.21528879322155 0.549405418779925 -0.0236675885862133 -0.125152064687778
-0.148053492365238 0.594753166840511 0.0214084283133301 -0.0530590712661832
-0.556491053290031 0.479442885863195 -0.0921587981378041 0.0260774951689026
-0.714919879407306 -0.182456220485183 -0.252930082107359 -0.103173214087597
-0.320858366356989 -0.717953291691544 -0.162025583424724 -0.320811391097961
0.0277036949369097 -0.781259095065582 0.116665403685443 -0.357799005650432
-0.0474284723522802 -0.710416337563162 -0.162825318682961 -0.0689195329715645
-0.422137709518158 -0.59894058364126 -0.0174250548011697 0.07961038114194
-0.661074016011621 -0.0597210481545534 0.0857188880289349 -0.0972029090244671
-0.457151662594481 0.495066508112623 -0.00952965351041142 -0.124641674076628
-0.0679780086432525 0.581880685312519 -0.0531204013428297 -0.0679931140052711
0.20852105425943 0.501925111770742 -0.0187809745538578 0.0116452590993903
0.404167537284185 0.339328898222801 0.048937292267867 0.00425043920295943
0.413500596725226 0.273895205025521 0.0667255559413565 -0.0193480759536452
0.402981922528532 0.333105777753867 0.0698146040239766 0.0135136568042855
0.205053348783322 0.575532319288022 0.0752458182958276 0.0283310665559428
-0.160409137412028 0.61364928526213 0.0356454445226141 0.0877198193431698
-0.560983578008592 0.491498354871256 -0.103449872950579 0.100753437366242
-0.733607646373631 -0.162034303987659 -0.247889538658702 -0.0346689939383013
-0.359282647603472 -0.733253469915745 -0.119188724047299 -0.157845333925771
-0.00403711420333425 -0.832742201370724 0.101976679238239 -0.071031691517607
-0.080705039883264 -0.699751895640139 -0.172491814004671 0.216469624720132
-0.463590018539247 -0.573871577916406 0.0859643436379648 0.256111049227646
-0.667707599456728 -0.0295233852168332 0.124287512016422 -0.0552488456835953
-0.424192036978537 0.491607694882167 -0.0280510427600935 -0.088260937187551
-0.0545634746301088 0.554740440523703 -0.0647049297479432 0.0482271746414326
0.197835666909985 0.476732119873528 0.0535881844390939 0.169183949337413
0.370409231260004 0.326484656842179 0.187599349355702 0.137372545170586
0.36153259054138 0.259035926082728 0.2232545607447 0.0866272989938428
0.334014959191199 0.307488468393383 0.211321710371339 0.13328978331692
0.153945477427735 0.50477220674275 0.159725317234331 0.174271146449744
-0.154402789174302 0.514796898421175 0.0430509699147016 0.21478013619595
-0.461165981709025 0.394493140951736 -0.107589231061721 0.160757204484633
-0.596712293099981 -0.127720036519847 -0.220739985740176 0.0264775216974112
-0.307809878915519 -0.616285419058089 -0.0673828139850681 -0.0103169950853178
-0.0307735268418899 -0.743108988956147 0.0909385369863572 0.196890899073964
-0.0977593566337049 -0.569051094814058 -0.176534425797355 0.494439418026612
-0.403248152620102 -0.444066713440905 0.178961054536495 0.42745036149191
-0.531825655676389 0.00281152243429345 0.158891866890618 0.0112883185214194
-0.305511475082605 0.379268481027434 -0.0293950888214862 -0.037643947558847
-0.0381945439662772 0.414095820747774 -0.0639515590225032 0.153352156161086
0.148361077747955 0.364646370358725 0.120122227716834 0.30078489863042
0.272711420072602 0.259285321889999 0.300923263838126 0.250360325570458
0.252923880551163 0.204277548600079 0.346798729003066 0.179466076883092
0.218023903505171 0.236037021326771 0.315463021002897 0.231434820780401
0.0811276871557088 0.356377274650688 0.209847284730968 0.287778828941415
-0.124888083420307 0.333853569761917 0.0364948365476437 0.297765516029993
-0.293379191270116 0.231314781761092 -0.1084588152139 0.186074427938906
-0.368175972613531 -0.0789696863157477 -0.180999124677667 0.0625718604238846
-0.208117441028838 -0.408013994205176 -0.0219905031145351 0.0906433894193739
-0.0571939868166069 -0.545361258021563 0.0843197044532461 0.402400547647855
-0.0943515099352422 -0.336148392986905 -0.178386784141664 0.714628675647935
-0.261039259769688 -0.23000893966804 0.240219329306257 0.562177999363595
-0.290310535863979 0.0348295000327328 0.189489515370518 0.0858754871343322
-0.124535523886522 0.193718453145679 -0.00891212587376532 0.00405391822560914
-0.0174211017608769 0.197228740067758 -0.0555786088637018 0.216370704504017
0.0664906574062537 0.188338489444059 0.161442556662385 0.378028913769078
0.126104069024726 0.150503353278822 0.368322440617684 0.323738645420296
0.104541620602892 0.119881147614855 0.420086349574117 0.245457988369077
0.0755647933312878 0.133471334374522 0.368928911236373 0.294213038126935
0.00650810623436629 0.172399136616311 0.222299871466747 0.352484411373269
-0.0766131409458448 0.132533923675073 0.0175446578127335 0.331516781350515
-0.108799677283384 0.0669198920613436 -0.105358549829573 0.180162088919882
-0.135157912592953 -0.0176860718570029 -0.135227649929386 0.0747400466122365
-0.107003267248225 -0.16807743554889 0.0116875775270381 0.139811036667414
-0.0771333137106339 -0.287899091153513 0.0834006975303205 0.519178432632544
0.0540693841827715 0.0310514776043873 0.178613365120051 -0.562199723193638
0.0667308793301282 -0.0530790773031156 -0.0530384799296759 -0.256603860868448
-0.042924899786666 -0.0787710679023574 0.095227786731549 -0.0280243456683238
-0.102880345939202 0.023222648561669 0.162515715055423 -0.0763766292992236
-0.0234980942450728 0.0648325570122038 0.163874424958028 -0.269700649081398
0.0278011090777276 0.0378536184908946 8.94664145983314E-05 -0.444194990593542
0.0572780821231717 0.00228127773297293 -0.17801173982306 -0.465192166692089
0.0637733266689449 0.00897329625782485 -0.268968933027256 -0.425990885860516
0.0556862785944476 0.0135297287737948 -0.216622256316559 -0.444338915135362
0.0171685313603973 0.0269518731047629 -0.0333709671100117 -0.414610311596693
-0.0220541849232576 0.0276938287165507 0.119780597423979 -0.239178374699347
-0.0543211762258203 -0.0166113755027075 0.00463278667688968 -0.0742048389914193
0.0304723865958235 -0.0788274433011318 -0.0737353578809328 -0.216281408673664
0.120065036788327 0.0144724095454826 0.0739240701402903 -0.582638372158221
0.0650988695123831 0.10051935404547 0.544346349190364 -0.674456460643842
0.151581853112123 -0.183988995545668 0.159582427971444 -0.562911573148619
0.058575980362551 -0.257659607833262 -0.0574654199302271 -0.252626126191431
-0.168660200122387 -0.179123155508888 0.0825166016925226 -0.0557690237248065
-0.267993060027593 0.0677014724450849 0.127258416951219 -0.0765982503934998
-0.13218203398528 0.196478081374361 0.148286984736936 -0.236974578697537
0.00517008296106986 0.212967176821835 0.00926125134431532 -0.389661105820543
0.127818853134222 0.177814141731608 -0.14327413700558 -0.414562376987987
0.157798312994241 0.176611629441205 -0.220033450867806 -0.388544524497067
0.145545844568374 0.202505813635751 -0.182247504550309 -0.399979579848607
0.00416487109463032 0.269851873819949 -0.0200781325124032 -0.378163819026402
-0.175892075718808 0.221597863728287 0.103649206627345 -0.218689406819789
-0.330293490118808 0.0652487573117379 -0.0240533183665965 -0.0841993314479945
-0.209239808962034 -0.262300240395984 -0.101773274360917 -0.255747680069362
0.098557652753845 -0.326269980018042 0.0750633114652195 -0.57560526883362
0.204624776658676 -0.222002143782715 0.509820267380552 -0.625902031311572
0.227671374561517 -0.384867312086812 0.0932457025720063 -0.494787827205549
0.0253789289387012 -0.451342362261804 -0.063201747316329 -0.201590351754344
-0.303276731855967 -0.262967907245776 0.0863944177487846 -0.0725650925740169
-0.41942160164459 0.120152816771627 0.102804202852807 -0.0912019378401378
-0.22773533751495 0.318446288936689 0.113718927197185 -0.204739714265822
-0.0154937784408951 0.369886285414599 0.00764493612032291 -0.298010228263974
0.182952375538072 0.328837191173183 -0.0898677812815733 -0.308190475764817
0.226915776665838 0.316626244000452 -0.137907805055048 -0.292093887744082
0.209992361149805 0.358035814893033 -0.117646419728834 -0.289335115251519
-0.01328130640913 0.47135366265369 -0.000273861416901193 -0.274786084403698
-0.308276509388948 0.383573885711322 0.0708165984617111 -0.147710517655699
-0.563766533563409 0.138237924872466 -0.0685493856261285 -0.0660986562776659
-0.424087020185168 -0.409261983023348 -0.145756734692254 -0.260175391587637
0.0650144390552899 -0.618238129010654 0.0520817085269233 -0.503659649651398
0.311759267466555 -0.503585559996767 0.421951605472777 -0.480168323766062
0.271406944942533 -0.555004446119047 -0.0114423898444802 -0.351848441306634
-0.0440374608495216 -0.62359002776129 -0.0621912230100747 -0.0879443889084544
-0.455719855786982 -0.321571357387956 0.106663108136901 -0.0680678609657608
-0.550734372193329 0.19034143716123 0.082960185460195 -0.108548235985886
-0.292587157075579 0.42931272461109 0.0631439879884725 -0.158936253729832
-0.0259932479602372 0.491472629911411 -0.00225446029805343 -0.168864833879741
0.217879475807033 0.438895957074857 -0.0245631006004643 -0.156837006773216
0.263122679215252 0.40662782038082 -0.0349142674503768 -0.152221549232354
0.23782873335071 0.455284454461676 -0.0325652170644322 -0.131883147563208
-0.0339464117328161 0.595038296487171 0.0250794237570761 -0.118213338184531
-0.394696281966244 0.485872878315821 0.0252308579569136 -0.0335662210009939
-0.706884552727338 0.195349740635217 -0.118092613793916 -0.0193095154098703
-0.568750219769829 -0.485912151201378 -0.188353607419097 -0.223880162412657
0.0226824419123985 -0.800514330379699 0.017098849699003 -0.370552800156328
0.368162263075536 -0.692401743328037 0.28895110060724 -0.262342682132575
0.278157790546242 -0.660882400149034 -0.141218727662638 -0.139263029306717
-0.121501299971378 -0.735494206506056 -0.0504983602963425 0.0864856592347956
-0.575232190366197 -0.345955547692641 0.132449439360063 -0.0371095008640184
-0.626105820078923 0.249175210270828 0.0573682414227814 -0.109107930184986
-0.31877192844346 0.496987588350354 0.0014831461255231 -0.0830333910020991
-0.026650151278563 0.54993593581364 -0.0117388638643594 -0.00526870866290562
0.226775299329596 0.4859967243012 0.0467508410951145 0.0224601072257067
0.259424701704261 0.436610105724552 0.0720787500834661 0.0105651657706722
0.22303910679224 0.476222981769125 0.0569942456140154 0.0451640526205143
-0.0532714786790104 0.614629093698166 0.0487145141250651 0.0620058482067393
-0.411553453472021 0.495898095368502 -0.0235043978573492 0.100988364106109
-0.714250134650455 0.205548131955099 -0.16173862710814 0.0434513822285069
-0.592995066504885 -0.473961896432811 -0.215982111174037 -0.157870003127174
-0.00555174833688403 -0.823900012968066 -0.0169214935283472 -0.202095266612756
0.36131964456934 -0.751682224900734 0.141236724720983 -0.0105714674153409
0.245905506725391 -0.668340386143134 -0.2789199249757 0.117160476627347
-0.171596827237515 -0.73293475016591 -0.0333168288354021 0.293620234902855
-0.59738712154274 -0.319350707125491 0.149552556679701 0.0203187819769271
-0.594318301485045 0.260853821257463 0.0253410438988842 -0.0846037609404302
-0.291358767019259 0.478071787226011 -0.0616809355089122 0.0158610875948354
-0.0230064566477313 0.521663445263464 -0.0160460503369008 0.169994749706898
0.201584708167364 0.459335034505705 0.115023067377141 0.203848905101021
0.218572790322419 0.399174810424302 0.167811691845457 0.172139101381037
0.172745696866833 0.42279979987127 0.134249533036955 0.212676202732399
-0.0687727930169619 0.526863620141478 0.0636693333441007 0.229035004257822
-0.36012349679952 0.407796759251822 -0.0681069820390239 0.218393404352504
-0.581311570953394 0.160010150664465 -0.18790113579616 0.0967747842886775
-0.48385850708942 -0.379519893646035 -0.219341623634218 -0.0858867441579065
-0.0112724675699164 -0.693756947393787 -0.0413922653530047 -0.0413654041499602
0.294955017501394 -0.682656953759797 0.00346254448120878 0.225050167636164
0.172827840753611 -0.561667499305169 -0.402806746829192 0.371585845367801
-0.173847388361021 -0.591168382057996 -0.0228557191725777 0.487808006203724
-0.488166708376131 -0.232895356401308 0.150038476622893 0.0932733470235576
-0.437429995673055 0.210232870918858 -0.00136839092192499 -0.0417653794695941
-0.213171302585829 0.357581186416269 -0.112081068523741 0.111299829636822
-0.0179947781192837 0.397164759418811 -0.0160703464908827 0.320573818411542
0.14323277617356 0.356733359897542 0.167648949601583 0.356905241632919
0.143278334739602 0.30073344702801 0.239412208197025 0.308853116130254
0.0977685553645456 0.306589781338191 0.187424894532162 0.344249450719008
-0.0733242910671116 0.36004028678777 0.0646314159418984 0.351551039389871
-0.255609271082564 0.254101633667596 -0.104497291621946 0.289081351175379
-0.358027901474411 0.0855494401552051 -0.192217503184524 0.119624409005983
-0.298241206404859 -0.232371657350978 -0.19921992772921 -0.0282283497576351
-0.0121312907450322 -0.459504245547044 -0.0515083270609379 0.0725676456263944
0.186288267432368 -0.515028490944248 -0.101635189236981 0.405401809278874
0.0723158655473863 -0.352451947427533 -0.496701012689006 0.57207792770949
-0.137939235287347 -0.335042510825444 -0.0262867431748994 0.631115750469794
-0.282046299843172 -0.0966726421523967 0.141724207916126 0.169893998339416
-0.194854968002491 0.119697770957998 -0.00484463539840918 0.000620930280480496
-0.0985674059342809 0.16938386953492 -0.141116478850589 0.170678748660315
-0.0161490383216392 0.198979384141944 -0.0173547826666036 0.410981662792171
0.0554248095644854 0.193061612443416 0.194082755293829 0.452997628143118
0.044008948155774 0.157034914853325 0.276214611954946 0.398943292498811
0.0117711234013916 0.152200862360198 0.209514344634671 0.421766209080263
-0.0640732843791031 0.159422367179449 0.0512778978148499 0.414067107079837
-0.123818156181441 0.0885472562144621 -0.130346636082493 0.310376421584578
-0.121946006016586 0.016687423161472 -0.17782996581198 0.116238114073888
-0.113834200551317 -0.0714306532848536 -0.161525677752196 0.0085577460356123
-0.0258272706589091 -0.19554192990329 -0.0495193884671802 0.133409515250354
0.0554202762997846 -0.292068691712687 -0.160692053952779 0.508395542273466
0.055607374211449 0.0273566110696235 0.147159228020627 -0.561566870682452
0.0639845392876808 -0.0588962292830097 -0.0649484527169602 -0.249402657612062
-0.0480578614387665 -0.0774471351471229 0.0929846358865436 -0.037992196441531
-0.102447835006553 0.0310806099932311 0.15251306595619 -0.0880479023204894
-0.0209018526395287 0.0667846150718314 0.143409044817194 -0.273774881139559
0.0279257133173492 0.0380240209680257 -0.029937390928629 -0.435844092338597
0.0566347776348421 0.00107627926266752 -0.204871541607185 -0.444859957617319
0.0642806821505188 0.00479447191620712 -0.288512388459158 -0.401639196963537
0.0569637517456668 0.00932988542397708 -0.23814764547129 -0.422157199689121
0.0191208219428403 0.0275631763252639 -0.0558176762374057 -0.406150340602378
-0.0219469720843883 0.0305646249086816 0.106800439517252 -0.241713242362746
-0.0563078367808772 -0.0132743592677372 0.00138838911832882 -0.0705106071294038
0.0250299311767724 -0.0819786794435101 -0.084816223912525 -0.210804752562023
0.121689593849044 0.00701011971444598 0.0375349709910354 -0.581049210006331
0.0697395748258312 0.0969678064072574 0.498971469221609 -0.686126727259805
0.141669578082876 -0.186297300967915 0.126901939519594 -0.560995628990767
0.0450294491021656 -0.258625667828333 -0.0692124981801222 -0.245504523783351
-0.174290105717803 -0.168932460011486 0.0783758552868021 -0.0658369573556599
-0.260106980748433 0.0843668474305333 0.117627058549379 -0.0864368565859512
-0.120092194315596 0.202454407795915 0.128261838055847 -0.241727795926929
0.01711518321156 0.21223909980097 -0.0169456785137233 -0.382337477913657
0.137075656196275 0.168782247167588 -0.167092589151279 -0.398072776334586
0.166395030210251 0.16431068012338 -0.238140243095836 -0.367032047222326
0.156429955865077 0.189628590447972 -0.20129223445018 -0.380681019029799
0.0211778539821561 0.267462106696274 -0.0418923686340956 -0.372131885998089
-0.163071660782689 0.231336811602006 0.0914532841045253 -0.221293183463521
-0.322271047354582 0.0828282277690084 -0.0289546885372437 -0.079834484005363
-0.22104711805432 -0.249365855318912 -0.114577830576451 -0.247687844853267
0.0819733736515032 -0.327735527086906 0.0412396979161549 -0.575003536602981
0.191432354086451 -0.226386259121423 0.468046116955141 -0.639562640237793
0.206391972261211 -0.386120425182506 0.064127809009206 -0.492824484984065
0.00312072400936439 -0.447144096641483 -0.0722238228304725 -0.195888289470807
-0.307743413891293 -0.244262514747605 0.0806131432429489 -0.083152741805897
-0.40420240113729 0.14356208898062 0.0923507901633404 -0.100010679302092
-0.206158961960289 0.328443990191687 0.0944590996154458 -0.209496764936988
0.00673636951500751 0.366117103152578 -0.0135268568962585 -0.292066627272139
0.200684832916171 0.313582072257129 -0.107735963206386 -0.296638672055593
0.243071845748448 0.298439216425138 -0.152255170185643 -0.277249679776873
0.228500751679535 0.339786763829372 -0.130441447428256 -0.276409609578519
0.0151402074677834 0.466036398575564 -0.0162092957209619 -0.271585336961591
-0.284495974075303 0.399424696447942 0.0623771070199374 -0.149243358769632
-0.547011083218023 0.168794960778431 -0.0723844662680074 -0.0600217604546621
-0.440855243569137 -0.381161621833209 -0.159176780711288 -0.247806174707719
0.0316562265145162 -0.614743772879004 0.0216882098323673 -0.502755934712147
0.284294718249285 -0.509103446177911 0.391254883825031 -0.493211095940612
0.24025825661532 -0.554937881329814 -0.0331743746765587 -0.34774055018017
-0.0746074127728778 -0.611381495687408 -0.0657418428774916 -0.0843407837592273
-0.458110013271664 -0.293092082067408 0.100761692093913 -0.0792356688779108
-0.527907499954156 0.22121181520728 0.071493680625564 -0.116358428007862
-0.26444456269051 0.441855667695787 0.045044432762991 -0.163001511064983
0.0043966285301573 0.485803932237654 -0.0160953856886767 -0.164244022251785
0.241138764122938 0.418171223185978 -0.0337138293659909 -0.151848835604129
0.282714922468882 0.385941739571729 -0.0434899273330885 -0.146810710259927
0.260410251941198 0.433650174298352 -0.0370531776039581 -0.126565309029679
0.00161714513285018 0.58960640450656 0.0174591722271365 -0.11814701400853
-0.362864500216925 0.50608968935604 0.0241464488667663 -0.0338727098355691
-0.684487519158009 0.232888563115367 -0.119619331884181 -0.0114027023127948
-0.586250186585856 -0.448842965215943 -0.199879901577988 -0.207308123450425
-0.0194850424975276 -0.792077498114026 -0.00687493778858524 -0.369041096195966
0.330424491666097 -0.69580612865341 0.273455751798975 -0.27417097326872
0.242587965092009 -0.65664782701857 -0.15112241524317 -0.13311225357746
-0.158900878457424 -0.718506267747988 -0.0455752327752162 0.0866582959858922
-0.580172214132042 -0.309815677236876 0.128262354699962 -0.0493066211873231
-0.59933156175502 0.282365050783611 0.0469693642278663 -0.115377574780728
-0.285225772311811 0.50793197466824 -0.0122231337952508 -0.0868810015242802
0.00837618776186916 0.544413532019774 -0.0151954660645172 -0.0032619821405266
0.252737575422947 0.464700172805778 0.0471612087150638 0.0197754163471451
0.281102898944638 0.413886984236874 0.0705383815504344 0.00636793422386655
0.245856196409583 0.455415490758093 0.061214308726156 0.0425892305105176
-0.0162978249697925 0.608077991199298 0.0515382603507832 0.0586747363913382
-0.3783565302305 0.516036928959043 -0.0156495790330488 0.102609676383889
-0.689286123595934 0.242317815085791 -0.159390709728353 0.0533331154500821
-0.61015411863112 -0.434653501091642 -0.224004302226022 -0.138395050650602
-0.0467519465634672 -0.815279243212714 -0.0315783082189259 -0.199654757781396
0.318525943214956 -0.752521337024682 0.141848439968192 -0.0207136596769635
0.209073568958089 -0.665477388118836 -0.273244122268592 0.125811236112373
-0.20689302879697 -0.714181545080499 -0.0174387486821245 0.291180386722721
-0.599505960485284 -0.282359989124683 0.14863077630966 0.0072103541019799
-0.568568113786554 0.290007715126151 0.0172052693817914 -0.0891760024069765
-0.260820579880185 0.48702733203993 -0.0690519271301704 0.0136795375523826
0.0107857513000419 0.5139780690565 -0.00838290564582241 0.169172012181683
0.228443674333678 0.438143533249538 0.125131974836367 0.194293258091589
0.237753699536895 0.379991177031924 0.173898244961611 0.159431891328721
0.191955011914171 0.405215815288928 0.147036158417036 0.203065472768717
-0.0380723394896078 0.523737413396168 0.0771129567689715 0.223178189399691
-0.333256556479991 0.424581532522372 -0.0531573309782778 0.221773295274473
-0.558787050617132 0.190897868015846 -0.181596402686128 0.106013589132529
-0.494740083807299 -0.346488952636031 -0.224549233037073 -0.0656943895864568
-0.0469951192717428 -0.684008553107338 -0.0457072947991864 -0.0395797534180044
0.258386796407309 -0.681912201561891 0.0196849277422059 0.216493655297946
0.141959992565365 -0.558619874713743 -0.384164618348857 0.381498878163387
-0.203718101577374 -0.574610669579003 0.00240052986175585 0.48212915879831
-0.48968091339129 -0.200770221289752 0.154375321141917 0.0820626861414217
-0.416909228980902 0.230699972164581 -0.00500750396180314 -0.044660609974738
-0.189267489929803 0.364266091211036 -0.112365355207705 0.110807296315789
0.00801230541004337 0.391162468379489 0.000886479256456696 0.317509862627492
0.16374485887842 0.34051974093154 0.186580330046973 0.341080538286466
0.157992053512621 0.287128248853607 0.251868603197265 0.289508104690479
0.111700990487637 0.296062989557828 0.206142798850036 0.329704739227993
-0.0521874054965197 0.358063441971846 0.0850207713151556 0.342743480671369
-0.236348338850073 0.264346414356033 -0.0851712023248226 0.293614161597861
-0.342164525704334 0.104025073954099 -0.183934797720527 0.129916828233358
-0.30377103983081 -0.208756044879249 -0.200953674567639 -0.0113521853411
-0.03632108775296 -0.450018337541405 -0.0483550415315407 0.0741402317764422
0.157278382744796 -0.513001491009666 -0.0733643196039927 0.398422169367129
0.0515966713712449 -0.349872056557928 -0.46487465468322 0.583861432755523
-0.154920983710077 -0.322428145576122 0.00692286190395468 0.623451461720998
-0.282116349531793 -0.0777667115437424 0.151108945265626 0.16040030381983
-0.183624122172614 0.12741746995694 -0.00470707352624265 -0.00183097749023698
-0.0862853366380689 0.171519205440525 -0.134996632424464 0.1718398819794
-0.0023066657525578 0.195851964930011 0.00646835713102864 0.406148258220779
0.0667613399912601 0.184916451955359 0.219281950373515 0.434447751872502
0.0515408413379885 0.151398996958245 0.293712863092482 0.374111698242173
0.0179045657520285 0.149536801428945 0.231136539519111 0.402715561272776
-0.0549069466575037 0.158919872338947 0.0764301773876048 0.405617359988683
-0.114488756840585 0.0924805837330096 -0.108459090305311 0.315595614574083
-0.114074715952342 0.02250474445296 -0.168697252135616 0.126080012463315
-0.113557550623149 -0.0596879048529378 -0.161495469947691 0.0225889447279451
-0.0370274567976656 -0.18924012365556 -0.0426157237729445 0.13479025063748
0.0380204129121005 -0.288119401928198 -0.124699763813837 0.50444595240592
0.0557275423821318 0.0243388031185781 0.123405562652397 -0.552055361463224
0.061054187691462 -0.0626356540229904 -0.07136030221267 -0.2393969548018
-0.0519021902615568 -0.0759139883605957 0.089893098631333 -0.0464644412106662
-0.100437398827779 0.036846415425848 0.142181484809951 -0.095528081821629
-0.0189980209656535 0.0686532981224313 0.126928463913772 -0.271555506784008
0.0282143014731734 0.0387708292573611 -0.0513600122285053 -0.421814766632331
0.0560649130627258 0.000727944379473634 -0.221444491640291 -0.424163943512929
0.064267157091261 0.00239831468964287 -0.294875512050069 -0.377960424110644
0.0568406255559079 0.00589735844037447 -0.248123134410511 -0.402639189580581
0.0204309626348906 0.0276305849007556 -0.0708551750127583 -0.394409016913123
-0.0217251488988727 0.033402057750371 0.09573649716766 -0.240049673153131
-0.0577768129793838 -0.0103893061807535 -0.00031823367680222 -0.0656644397169332
0.0197129833132943 -0.0830629866618418 -0.0914880441179305 -0.204664408790554
0.121555802491936 0.00165194110335925 0.0116186807194865 -0.569397218386036
0.0723321910727662 0.0927278753421879 0.462498134629149 -0.681245407411241
0.13425424379263 -0.183722613434206 0.101842913108754 -0.551018773976209
0.0359705304267441 -0.255775758703086 -0.0759557290870848 -0.236241072710756
-0.175489082091674 -0.160136957091854 0.0739147790108365 -0.0738075912192753
-0.250145862525349 0.0946579291933575 0.106951164927986 -0.092654870658216
-0.109886691880768 0.205088947108691 0.11061621145323 -0.24125526883788
0.0252968183137486 0.208609277377806 -0.0362957404842706 -0.369829836364441
0.141761132136976 0.159995016255048 -0.180349972022768 -0.378964490314003
0.169742162748641 0.153080315373672 -0.246730659765208 -0.346292903594876
0.161195698126927 0.177017517172635 -0.210015398666684 -0.361455573050117
0.0329971863177716 0.261905217418879 -0.0565355399442031 -0.361648803577902
-0.151284131878699 0.235964247832301 0.0808420848035021 -0.219224125415663
-0.312353299339263 0.0944156555659758 -0.0321199239651824 -0.0747542887621271
-0.226622551522528 -0.236555755158622 -0.122983913455775 -0.238378149259912
0.0704120147218224 -0.324186291662462 0.0139830611047347 -0.563520999515463
0.181285054324036 -0.22499109742565 0.43703095824448 -0.636124834470547
0.191507602488232 -0.377873379618981 0.042122635355634 -0.482624491671462
-0.0120109443419689 -0.436721153059865 -0.077915099736766 -0.187926266734871
-0.305983918478804 -0.228127786862093 0.0747871916135806 -0.0910614953116689
-0.387283305731863 0.156945405443301 0.0816637375592236 -0.104553107704322
-0.187916377584945 0.330079901270036 0.0767320799221173 -0.20898339607956
0.0224854525634932 0.358694421729498 -0.0288718939504936 -0.281928634656209
0.210922655772835 0.297434381133086 -0.118105273795709 -0.283057257641352
0.249871008615823 0.280801703589619 -0.159796726754006 -0.263462826654896
0.23713818826255 0.321417333501054 -0.135673393695501 -0.262109142739501
0.0354142259717207 0.455961820639648 -0.0279443663403252 -0.264154813671524
-0.263055040697529 0.404669976436035 0.055732080320139 -0.147843510075918
-0.527619803670108 0.187151523719049 -0.0748590232372702 -0.0541087547652925
-0.445985437837838 -0.357792829726662 -0.165810895226133 -0.234699059929627
0.0114378812846239 -0.60276809911324 -0.00216163877946281 -0.493292424102108
0.262598945353221 -0.501864398794917 0.365994794341748 -0.493192964763796
0.219606804058677 -0.541428852515893 -0.0484711597429571 -0.339660232114416
-0.0952073483612641 -0.595530464056639 -0.0680737221118972 -0.0806493617220859
-0.452661423757214 -0.269437467405244 0.0948033844370871 -0.0883849136874738
-0.504752957020683 0.236644496876296 0.0610529423302591 -0.119996390245955
-0.239973020541033 0.442265362364829 0.0289475860606798 -0.163120467056462
0.0250992424947285 0.474764518057671 -0.025693024639472 -0.157106017594921
0.255448393949918 0.39745261672637 -0.039528051259095 -0.145675626326788
0.292085434109822 0.363720713940723 -0.0482591084720208 -0.140307686706281
0.271512962784322 0.411015864053484 -0.038841448341223 -0.120384016136107
0.0273417947311674 0.576669951401447 0.011359000518117 -0.115744383092547
-0.334627345611871 0.512984090037711 0.0232021468251813 -0.0332275987650538
-0.656788956645195 0.253777663611191 -0.11966128734165 -0.00459547620412465
-0.589723365160412 -0.417446972874891 -0.204707744481277 -0.191894472441749
-0.046098950832725 -0.775059336950249 -0.0241026906156741 -0.361921275613697
0.301710549881898 -0.686065018160121 0.260081174879695 -0.278055372287319
0.218717698632346 -0.643226202594109 -0.157090476508295 -0.126790945796785
-0.179351490330481 -0.695664910383955 -0.0427050415824574 0.0859253944376222
-0.569879412715625 -0.280868445024936 0.122785186859391 -0.0589581086459625
-0.570128193919497 0.298099641384574 0.0377605274031475 -0.118744060156243
-0.258055213956423 0.509405673858411 -0.0257925201189986 -0.0868885681713819
0.0323702092377924 0.532032809884058 -0.01816795546378 -8.37251844694616E-05
0.268708313875558 0.440850719912049 0.0470310413109914 0.0178158252679376
0.291367517243076 0.39211763777233 0.068696451040692 0.00357344599506764
0.256796613981801 0.433050469570159 0.0639440407727047 0.040815788820508
0.00987084240725077 0.596031461383035 0.0526815107017488 0.0556323548915959
-0.349836094245056 0.522265622389767 -0.0103406148558668 0.101791494102705
-0.659805566389555 0.262999029557544 -0.155616178087145 0.0593638852118801
-0.609860921731415 -0.400118441082243 -0.225849256960199 -0.121632248399279
-0.0745452151006806 -0.796703957739225 -0.0422809224153974 -0.195090642598521
0.28915629002442 -0.740868199788534 0.140899919316336 -0.0293454040376659
0.184041948952973 -0.650642518767286 -0.267855730054881 0.129201089881543
-0.226878165004328 -0.68922469285755 -0.00823929615962492 0.28389867510745
-0.589816638852002 -0.253142220858315 0.145652155959032 -0.00216677989389707
-0.539675163717805 0.30587663500798 0.0109396001094111 -0.0915614808989796
-0.233560105602038 0.485757624411872 -0.0768546709983219 0.0128949084743115
0.0340199008476021 0.50204942976006 -0.00366724525136758 0.167802436100114
0.241651906020835 0.416160109749456 0.131068319966166 0.184256923402914
0.248406956262769 0.360627156508664 0.17473846727817 0.147808658615712
0.203684338100358 0.387894578270808 0.15365292195568 0.193454451826206
-0.0143087665867819 0.511880132330754 0.0847965595280186 0.214897435388214
-0.306706320953542 0.430034851337477 -0.0412657159522405 0.22007905030256
-0.532407035813356 0.208251359542512 -0.175720572833384 0.11225156516739
-0.493983967625602 -0.318904903621377 -0.224149234177386 -0.0498090549207944
-0.070834676895382 -0.665833316531261 -0.0493300682468659 -0.0376268922402078
0.230002236136639 -0.670075919509319 0.0314997819674778 0.205171278451698
0.119900101063582 -0.545494142078748 -0.366800972156547 0.382179073851184
-0.221132491205638 -0.552793398226625 0.018644765473673 0.471106886805019
-0.482683514617582 -0.17755528012171 0.154660909031925 0.0733742004762054
-0.396381069138457 0.241157777867292 -0.0077947443065333 -0.0470547855415171
-0.169060974540629 0.362777761793002 -0.114032032428308 0.109277842417427
0.0262795284114726 0.380639298297426 0.0122245788660506 0.310654298248683
0.174568600081516 0.322942371295797 0.196809838742577 0.324378605014422
0.165560758418838 0.272898095534864 0.255958247292676 0.269935474895204
0.118372528825272 0.284437912530717 0.216006034857571 0.313184437988253
-0.0365959930173771 0.350572820306685 0.0981246899821526 0.332631865388746
-0.218284965602674 0.267021115950889 -0.0692854323241693 0.292604114293345
-0.32422914032307 0.114020485984337 -0.175549623548167 0.136235899437551
-0.300887072861577 -0.189387359186368 -0.199444388194409 0.00344353286548003
-0.0534655639875638 -0.436179816101106 -0.0465423960238821 0.0741765974029429
0.135531325601158 -0.502482718374171 -0.0530483023973166 0.38477839576865
0.0379951931273325 -0.340646939865419 -0.43795654281447 0.582510843930114
-0.163917986626724 -0.30850658534163 0.0284503456041217 0.609064781549265
-0.275563155327579 -0.0632367252585307 0.155849022483205 0.151961858006684
-0.172555443131989 0.129777722635563 -0.00452223333118008 -0.0043135261135819
-0.0769787979086176 0.170024208543796 -0.131014245121528 0.170252334720614
0.00768647606827066 0.189784361139962 0.0221442085822517 0.397311222452463
0.0729576592984948 0.175255249443641 0.2319654396659 0.413128304175076
0.0556114327790778 0.145161937390632 0.299775302479287 0.351742627379241
0.0210983545309449 0.145282274128572 0.243237035688241 0.383152977852443
-0.0480142830236362 0.155784019123175 0.0932102536665792 0.39255359340053
-0.106127959813536 0.092679503215929 -0.0906200316698937 0.314064234577442
-0.105266270633474 0.0249879971444625 -0.159791703906073 0.132337912393198
-0.110008541216286 -0.050044256196408 -0.159397782277643 0.034172684388704
-0.0446059584270707 -0.181101306800599 -0.0376936207788502 0.133428184464684
0.025834281582379 -0.280857842497339 -0.100115104929016 0.489249135554976
0.0555066406033722 0.0228115559200464 0.106282756118271 -0.542133999846539
0.0586116393830658 -0.0655173335065653 -0.0747574712157906 -0.231137637955299
-0.0552434357060914 -0.0748461686681133 0.0869795681620831 -0.0531876139295095
-0.0991708017501818 0.0410927757333677 0.132732597573076 -0.099793527309278
-0.0176987052201813 0.0711422961465324 0.114141178400661 -0.269226159172739
0.0286850233421683 0.0401149257705537 -0.0650638940659937 -0.409810572809052
0.0560105061903734 0.000935620473838512 -0.231366175202152 -0.405222705454217
0.0639124248729764 0.000163646164658209 -0.299326369005531 -0.360051828285467
0.0564583086373386 0.00369273072314197 -0.251894732398511 -0.384383088852573
0.02184170300762 0.028060371604966 -0.080432330053052 -0.385128373496296
-0.0214243127673998 0.035692570511387 0.0898382721739941 -0.238199640882733
-0.0596357413378334 -0.00865590612440476 -0.000872728739910117 -0.0619999773590255
0.0158721402672822 -0.083906936230357 -0.096340360365868 -0.200768713792066
0.121423956545103 -0.00232491181936051 -0.00559055433706191 -0.559063081023167
0.0736455241880012 0.0898746272431649 0.436619522176597 -0.672990231060619
0.129589185592053 -0.180652065611047 0.0854036602199645 -0.540693769886481
0.0296281288201856 -0.253241374429109 -0.0801784060288523 -0.228833981493757
-0.175497610261895 -0.154619312090106 0.0697251388603117 -0.0807714895394594
-0.242535760943164 0.100615579958163 0.0977371404753524 -0.0967813075985768
-0.101601780145125 0.206254373011963 0.0975069712245321 -0.23895499287983
0.031057964821242 0.206384406458719 -0.0486490687361458 -0.359178127901972
0.14467809813586 0.153473810539525 -0.188418558465702 -0.364706854702653
0.172480556614067 0.145019130783466 -0.249855445342162 -0.331560388802395
0.163032219217035 0.168593463464136 -0.212511284107984 -0.347159708679624
0.0406625918863613 0.257973826471034 -0.066005666421841 -0.35301924469418
-0.142812287085363 0.239521919138787 0.0750370206523033 -0.217456527739147
-0.304894979114704 0.101174708611641 -0.0336696399490578 -0.0701747958686325
-0.229247117714357 -0.228867598254011 -0.127597646959601 -0.232428783719786
0.0634318650859131 -0.322179745795772 -0.00502788553484182 -0.554854592658677
0.174693181429464 -0.222967154965086 0.413635259654105 -0.63067891264138
0.183806252147339 -0.37030010127638 0.027850427076563 -0.473815691462921
-0.0226268548699898 -0.428233562789283 -0.0809205723273767 -0.181894723401083
-0.302066330678625 -0.218099315932897 0.069617171795469 -0.0984810287768723
-0.372686833002962 0.164558587309292 0.0721648689845455 -0.107939578845961
-0.174892998309205 0.331468897580013 0.0624732393035294 -0.207361356187693
0.0333205491129946 0.353157689951085 -0.0391984295736358 -0.273007933806411
0.21601915208104 0.285466402136232 -0.124231877182447 -0.272836863669759
0.254091562176295 0.267381052119584 -0.162547200198321 -0.251900305296931
0.241616137353471 0.307395233689064 -0.136712181215928 -0.252175290203175
0.0493651493490887 0.448286878839496 -0.0353717994146987 -0.258393652456681
-0.248453479600333 0.408070398861663 0.0513175153571561 -0.146093173519895
-0.513155643464571 0.198292651576714 -0.0766041263531268 -0.0490049601391139
-0.447072683076722 -0.340928173332988 -0.169416603295754 -0.225609339645631
-0.00170430368876402 -0.594900804736004 -0.0196551528181544 -0.485920028526291
0.24967014815625 -0.495123566702384 0.348742530142341 -0.491309119916853
0.209307212166057 -0.531006776673546 -0.0596544561893365 -0.332038598990438
-0.10438397964741 -0.581712874252286 -0.0697738718998707 -0.0770649791990248
-0.444322023206095 -0.255283748157682 0.089363761468488 -0.0955542273080068
-0.484985729884786 0.244979956101589 0.0520719149311281 -0.122710622021585
-0.2224426786173 0.442496159208624 0.0150714739865067 -0.16232568856571
0.0400725499084358 0.465863538709044 -0.0326777219837928 -0.149943760323884
0.262631464853243 0.381582675642493 -0.0430030166500495 -0.140723537290132
0.296769495530616 0.347406035539978 -0.0511352098675529 -0.135199949759742
0.277418578187701 0.395755013233793 -0.0381431085399356 -0.115650143847565
0.0428863491883539 0.56769924757136 0.00678633782419077 -0.113584367030976
-0.313748889692558 0.515272529860593 0.0225417636573086 -0.032375877737795
-0.636042352430869 0.266492741208515 -0.119919236077859 0.000612812561903975
-0.588759174694565 -0.395375204472331 -0.207526561005762 -0.181026855606514
-0.0598814617633527 -0.762701827723109 -0.0378986336235726 -0.355469929433564
0.28295269767041 -0.675801882725012 0.251131136401188 -0.281377038666753
0.205952289975983 -0.629282265489727 -0.162165154780938 -0.122999941091321
-0.191823114403608 -0.678636910089089 -0.0413080178440225 0.0859533331108099
-0.560027018343137 -0.263266500727885 0.11839883762142 -0.066531150557137
-0.547847072386902 0.307644113234177 0.0304539383194527 -0.120505339782248
-0.238605756539478 0.507221508828984 -0.0377569065967723 -0.0868495459245074
0.0488234037795355 0.520236480398888 -0.0207120447433575 0.00394401252755116
0.276723201858179 0.423425643424048 0.0479242091518939 0.0165425955098984
0.297951837249924 0.375153789736456 0.066364242486039 0.00253624969977549
0.264849390476197 0.41821870207274 0.0671131058276527 0.0384917795101345
0.025353601720687 0.585594954664195 0.0525070126790652 0.0540637865378814
-0.329235535365708 0.525637660286489 -0.00635834291930227 0.1016182062919
-0.637320297914323 0.274308658493859 -0.15404409575602 0.0648905642923893
-0.607573980873753 -0.379203811102169 -0.226866806783637 -0.109742505210741
-0.0905116388356535 -0.780158986739367 -0.0510479699605995 -0.191614056658776
0.268643741359657 -0.727939556924323 0.140950648299707 -0.0364387594058519
0.169404231114744 -0.636467489372931 -0.266258505101915 0.129640859007564
-0.240679927849264 -0.670833413406796 -0.00282736814228599 0.279661453753931
-0.579710005109366 -0.233827685758662 0.143915247350478 -0.00959175223666385
-0.518940969704954 0.313216096890709 0.00545077783071258 -0.0937846818800796
-0.214568659265057 0.483180479818657 -0.0849899724373982 0.0122660080679097
0.0503164935386559 0.490445571310859 -0.00128857405514148 0.167520686992152
0.250420854414818 0.398301212265208 0.134481725272657 0.176645742866792
0.25236327414954 0.345502063328222 0.174196178927486 0.13998058839499
0.209312747791547 0.374702859291828 0.159082437357913 0.185307174770867
-1.34253897938509E-05 0.50402318623291 0.089685146642187 0.209911761397257
-0.288141952548539 0.430812695335877 -0.0336681584423373 0.218842827889639
-0.513395911027561 0.216797459905956 -0.171096634316528 0.1179837881952
-0.490243971381381 -0.298139387030063 -0.223314079658385 -0.0370929014654282
-0.0846115366024278 -0.65109182222656 -0.0530325601480627 -0.0364135120818547
0.213643748980628 -0.657444274200194 0.0388640416132744 0.194132710349333
0.107590747906756 -0.534233521433523 -0.358063437440631 0.378182641145244
-0.231818163212523 -0.538291059311824 0.0282577607623067 0.462758910794715
-0.472934155366063 -0.162297299187987 0.155154198797448 0.0663522892248986
-0.380658444213191 0.246237563501418 -0.00998173016200527 -0.049421262762374
-0.154823167953851 0.360248101456919 -0.117736675444649 0.107648108662625
0.038586177304404 0.37023138228484 0.0190959117066892 0.306575342657471
0.181535530920163 0.308407769639261 0.203271548141878 0.311452595751147
0.169027067345758 0.262510716116382 0.256731337855788 0.257406551841955
0.123297572550496 0.275964368134326 0.222441981792783 0.301267347695574
-0.0269151044329235 0.344324275514557 0.10747104942037 0.324253795433686
-0.204524443595031 0.267194532975526 -0.0576890149630957 0.290666512933392
-0.309108345596079 0.118898936175744 -0.16952967552451 0.140728533296017
-0.295672968258344 -0.174591073790867 -0.197629805159871 0.014392283469351
-0.0621153104515467 -0.425672921611891 -0.0465561719864635 0.0736662579750152
0.122139541308574 -0.491178803286242 -0.038424335480526 0.372061448509193
0.0289262570058248 -0.332767807805335 -0.420097669460289 0.576725710931708
-0.169100570093805 -0.298570867568175 0.0419375888627267 0.598984570922438
-0.269334355863762 -0.0536720830847989 0.159126906185518 0.146282792474429
-0.164458556617554 0.130460598026226 -0.00407343025643922 -0.00751365258041632
-0.0695808148236457 0.168040556881882 -0.129826608992434 0.167966998583623
0.0137467876086199 0.183731006724218 0.0313580246415702 0.389981697641677
0.075965067629061 0.167632148939999 0.239442970157241 0.39729788463444
0.0574235112840395 0.141034960189212 0.302086924952236 0.335552536628648
0.0237306020190994 0.143208367993157 0.249506305313441 0.368337610783598
-0.0435443024592293 0.153501126647371 0.104817383439034 0.383523798920178
-0.0994674012668263 0.0913921929838615 -0.0777744653876136 0.31286530758169
-0.0972185634343686 0.0254175326499975 -0.152517491511232 0.13664395241294
-0.105707037885668 -0.0422260706050018 -0.157716951740283 0.0433653108785171
-0.0484735777541426 -0.174854596503918 -0.0353148913513032 0.131958576859745
0.0178190357337218 -0.273850332430492 -0.0809354530418618 0.475723461465252
0.0561405228950783 0.0221110987943324 0.0941058422674261 -0.535195639999767
0.0564805777087122 -0.0686350136154142 -0.0770066181953043 -0.225555464365834
-0.0585858410347271 -0.0732095356678009 0.0842561874571853 -0.0599641216089651
-0.098875129771535 0.0452125592535741 0.123991619520319 -0.104921584043535
-0.0157899682064368 0.0732227440090701 0.102990350567842 -0.2677803358955
0.0294885437050732 0.0423528121202219 -0.0773209950541515 -0.401477172118609
0.0568862900757721 0.000476717582033475 -0.240645545048075 -0.393754836103708
0.0646834731396379 -0.00118901962914383 -0.301243117112363 -0.346760578111557
0.0557928195355918 0.00198112430387347 -0.256998216841118 -0.372150448193323
0.0229675023858568 0.0284261550013874 -0.0898174408146687 -0.379017918768852
-0.0217343995938505 0.038625080256641 0.0847647253974505 -0.237342213954994
-0.0612196645939686 -0.00554322982279435 -0.00117038605573597 -0.0587001836178024
0.0121453499669003 -0.0851926131319619 -0.10103848577063 -0.198602867376038
0.12200103392547 -0.00622210132276583 -0.0217911074767545 -0.55078008579398
0.0760352493814857 0.0883038745624716 0.418664133009981 -0.668012779731015
0.127011034216304 -0.178328165554942 0.0700916344636537 -0.534887931366968
0.0248366241829463 -0.252213717550692 -0.0835010487003147 -0.222468684377027
-0.175869768326296 -0.149823905509697 0.0648777745752674 -0.0874517850140525
-0.23648576413839 0.106502003749982 0.0890693994130882 -0.0999605038846842
-0.0951152246942015 0.208989485656141 0.0848721014252961 -0.238061983607055
0.0368518207347848 0.205891908059629 -0.0600673586227549 -0.351020466706528
0.148853185600477 0.148615531092663 -0.197216386323493 -0.35225743417847
0.175245652149398 0.138755632432158 -0.253324110557824 -0.31985198590944
0.166164857202766 0.162121619863107 -0.216705499824985 -0.336803298672277
0.0481831534089366 0.255558250266729 -0.0755646147130934 -0.347389212390059
-0.135540632847074 0.243506372428828 0.0693188365878149 -0.216488094706394
-0.300612066153758 0.108517774225086 -0.0362648353575356 -0.0664030377631921
-0.233351110430158 -0.222011405855061 -0.133140157575009 -0.227991575596502
0.0571100670843803 -0.322429833392396 -0.0220920869540841 -0.548482741451023
0.170049548215921 -0.221462584114879 0.3971771604107 -0.629273364363566
0.179560666225533 -0.364249824197727 0.0133757145387735 -0.467085665667416
-0.0306108839164311 -0.423936294371431 -0.084458074401721 -0.176303049055448
-0.300309024088887 -0.209049476659783 0.0652443287384426 -0.105992855534805
-0.360760147919099 0.172191551913918 0.0635003229735958 -0.111344353329647
-0.163112961759969 0.332977968419805 0.0495620149574181 -0.20644756173546
0.0432152662295103 0.349184038377111 -0.0485183369167742 -0.26512824669245
0.222976217443046 0.277045179577838 -0.129674390968112 -0.265590440517918
0.258907401288174 0.257970590157854 -0.165002849474194 -0.244691890301741
0.247046185743028 0.298575273339042 -0.139049420938134 -0.245317659188775
0.0616370441089428 0.444145039972228 -0.0431369271733336 -0.254050884486535
-0.236009454500917 0.415779714440594 0.0474871030301679 -0.145455924789404
-0.501094586778646 0.210039455038946 -0.0790674859874435 -0.044398138233066
-0.449711499291471 -0.328687043757695 -0.174596357519615 -0.219569247543182
-0.0132372549969334 -0.590651729563929 -0.0337502871669707 -0.481250075114272
0.240285076961986 -0.489497963325464 0.336184651720137 -0.494962623850648
0.202529792001446 -0.522333248614569 -0.0711605685670014 -0.326978871440677
-0.115489515248711 -0.573538347914623 -0.0712682660629773 -0.0734070405880216
-0.440244638625414 -0.243979524443023 0.0849546463038939 -0.1036023235186
-0.468837663363174 0.252582492479408 0.0441402193241757 -0.125678839447198
-0.208097960541391 0.442845131112689 0.0016218680990971 -0.159992419883533
0.0545114404904497 0.460193441717881 -0.0388773727532205 -0.14388105371995
0.27163767239419 0.367297052321311 -0.044902324036456 -0.137811640013788
0.303609677086167 0.336417965309501 -0.0542458795389674 -0.131753555674715
0.284097102064111 0.384130487007563 -0.0371185351693335 -0.113176163059839
0.0601917831288629 0.560989963949882 0.00206720247289787 -0.111521708899311
-0.299392962580706 0.521372391928844 0.0214757808943855 -0.0317879214517882
-0.62102900956276 0.278675503397182 -0.121720077718343 0.00623982575257999
-0.591943245594427 -0.379293957560194 -0.2113856165697 -0.172354975266285
-0.0768638303993657 -0.7556608686369 -0.0503120203091183 -0.351452917101419
0.270024107294561 -0.667969717276468 0.244190228991549 -0.285856501454615
0.194204926526435 -0.620448004526523 -0.168460779079497 -0.118964619225861
-0.20299539065738 -0.66746370525377 -0.0405123600139357 0.0868832691908351
-0.553729039654927 -0.249995667535959 0.114617624819437 -0.0735183870274098
-0.530057623801892 0.315034794486637 0.0227340443304113 -0.124734828001895
-0.220549714700725 0.509347576062254 -0.04965448423893 -0.0853765102219538
0.0639642587998844 0.513948323247025 -0.0226913292970146 0.0078063755975776
0.284236946724075 0.408200231690386 0.0483588666883103 0.0158384252842918
0.30385949711424 0.36247714968115 0.0653348908030884 0.00100894132943179
0.271495747760032 0.405664600920995 0.0705758763270013 0.0370738508098476
0.0418994784268727 0.580683889183602 0.0525791328212956 0.0529002692205941
-0.311675595842041 0.529901482962422 -0.00318897212845113 0.102160774178039
-0.620705851352879 0.288043199084044 -0.153338437954964 0.070330197087852
-0.604752940752982 -0.360724876930836 -0.229686064590226 -0.0986192505693452
-0.105532229255153 -0.77069647918017 -0.05944814420238 -0.189009839298801
0.254266559906797 -0.723487883929851 0.139912419334462 -0.0435565502152174
0.160247949045841 -0.626853464507841 -0.266846437364523 0.13164483095964
-0.251369609780045 -0.659680123955668 0.00173188249994933 0.279007616008023
-0.572976958508926 -0.220587113914761 0.142251809683765 -0.0164628738886395
-0.502368474821823 0.322085356418177 0.000847424804250059 -0.0973891510559761
-0.199074290900332 0.484011637368175 -0.0944602195026834 0.0129237439176467
0.0642213697642734 0.481532167230209 0.0020949606529341 0.168128985700296
0.258585889154774 0.383378553793724 0.138483047769927 0.170880962498553
0.258332157343906 0.333404338020673 0.174555924403484 0.134868319515001
0.215420750366822 0.366731571704498 0.165147791429697 0.179437349136031
0.013384265357475 0.49920422459917 0.0944416884108891 0.206311654376303
-0.271493128110582 0.434799113278959 -0.0265227721084684 0.219101993583278
-0.496416985986578 0.224602613374906 -0.168679178016341 0.123088507941869
-0.487622617250729 -0.281604770011503 -0.223564241883158 -0.0259516147698066
-0.0956589748397515 -0.64389457573902 -0.0577558134003438 -0.0353392708595447
0.198828750887408 -0.650133075937331 0.0444919264440353 0.184057982807848
0.0997625877556843 -0.526639931443713 -0.350471651570179 0.379959035851783
-0.237777085527756 -0.526666273838386 0.0368743583503248 0.458576513266232
-0.467714378234828 -0.15126886786615 0.157259206840846 0.0604478080010527
-0.367385663432307 0.250353731285143 -0.0127124383800665 -0.0530525905372065
-0.143319735863969 0.360684576906572 -0.122616976960945 0.10758146025643
0.0490931477809895 0.364630786100861 0.0263857358842987 0.304615007872985
0.186462978735098 0.29773452249773 0.210145500765999 0.303195905449903
0.172845913065025 0.254581138277288 0.258594453424972 0.247538742272437
0.127397523398893 0.270258208985492 0.230202533409914 0.291374659142863
-0.0174713047245837 0.341047597397227 0.116648821047646 0.318440474007385
-0.193879367601131 0.269007911651407 -0.0475961387417537 0.29082099611838
-0.297896363381393 0.12259301068102 -0.165771696217171 0.145637493834121
-0.293238911477377 -0.162924072907051 -0.196491911833495 0.0256766404748445
-0.0707953817941727 -0.419179065734868 -0.0472479849961973 0.0743536591069885
0.112403245561692 -0.482838334257853 -0.0265798110970337 0.360215160273744
0.0233467735883291 -0.327917713509514 -0.411267378451294 0.575299674299724
-0.173996681243006 -0.291353322099093 0.0543678285722809 0.592802062886259
-0.264569863008871 -0.0473411486278359 0.163451059438145 0.140604693267328
-0.158631320107166 0.13175421543335 -0.00453210182070494 -0.0114997766101813
-0.0646289758983353 0.167008318174622 -0.130251011621297 0.167764812946951
0.0189473484983155 0.179645501177737 0.0403993641109014 0.385550478923905
0.0788103442661912 0.161563523798452 0.247734150093369 0.386640482168833
0.0597411684667513 0.137602826663879 0.304414191705137 0.321925612304278
0.0257604410905758 0.141434004269452 0.258199985332769 0.357026493755852
-0.0402985948645867 0.151839022672125 0.116968253721459 0.377240241973544
-0.0938783793430184 0.0900267261576997 -0.0663714793951173 0.312504999771057
-0.0911166587541295 0.0247071490967266 -0.147071469591444 0.141594797197677
-0.101254936428899 -0.0361161984289278 -0.156706411523626 0.0520998525552786
-0.0523271858999073 -0.16982303069403 -0.0337659231587528 0.131394955070499
0.0118113254160155 -0.2691594368442 -0.0673508291678256 0.462997175507867
0.0547538457347016 0.0386465021158453 0.187244580893486 -0.500680367497784
0.0700900602975629 -0.0560744623572511 -0.0315204093817837 -0.228853048907384
-0.0453973022445407 -0.0793350766111067 0.0951375436373856 -0.0488736192771161
-0.102774908339949 0.0295037944559252 0.13425511552371 -0.0835644437868545
-0.0288940502042473 0.0740986004737378 0.146729037294957 -0.243432915481892
0.0219354619734684 0.0528529749567455 -0.007206577178507 -0.404011976523765
0.0540301855521955 0.0137104932712844 -0.160219062950337 -0.430258033793765
0.0649332970114826 0.0120994162451973 -0.22272872934249 -0.391874782351397
0.0550600307595869 0.0146944723077698 -0.176132229658275 -0.408690468116778
0.0160080834097606 0.0338675261376507 -0.01184710498354 -0.38132159551219
-0.0300122613668518 0.0359498718756946 0.127846176910673 -0.21253260804744
-0.0604189978926034 -0.0177855906279658 0.00899330447261502 -0.0550777595266063
0.0273521117153737 -0.0836216900600906 -0.0632584862758735 -0.219250518005469
0.118175078443731 0.0158910856889994 0.0829677253643353 -0.550281170332644
0.0552800736540741 0.103209732758675 0.562338809658423 -0.571993263505613
0.162518751147695 -0.136543852421051 0.165308613442605 -0.507889705912514
0.072090731799791 -0.235474934166962 -0.0319881257297547 -0.227010019488396
-0.140310374665896 -0.173971977377323 0.0838777032853297 -0.0839463905536765
-0.240915552582607 0.0612114962677552 0.0978555221925742 -0.0877856683159699
-0.12911265052212 0.188352494277825 0.121929429002792 -0.219920414032685
-0.00185158955919616 0.210523931135609 -0.000687844216073132 -0.353631472419301
0.116765680344257 0.171591390786771 -0.127657540111312 -0.380990962536499
0.14656682597039 0.170190985409124 -0.182007319695973 -0.357563049846877
0.129188473247966 0.190199588678568 -0.143647136526018 -0.365980073159208
-0.00215694265146961 0.257397806435801 -0.00590834957569541 -0.344315563339596
-0.181313883713791 0.211560760733863 0.104333953443916 -0.188313167714717
-0.310993317157494 0.0430471355671115 -0.0320776366968452 -0.0653286933286527
-0.181346021266668 -0.270097744629552 -0.0966092031128322 -0.257755579290877
0.119568538011863 -0.30362121113105 0.0864237396536243 -0.550646064239644
0.212365336444672 -0.176188978373233 0.532004746338891 -0.54299003189428
0.2486516830914 -0.303762024943439 0.0993805972369923 -0.455369940257322
0.0500978469818873 -0.406564393952055 -0.0347768938730182 -0.182294021273242
-0.245072076965164 -0.252675977054628 0.0887795419910544 -0.104469366570454
-0.368342792508852 0.100137657863735 0.0731758770372497 -0.10665913408119
-0.215969355374935 0.292978961570396 0.0811751997226597 -0.197748935014769
-0.0211314714935227 0.34790055698453 -0.00754770716405334 -0.269468810538593
0.165050878999753 0.307271688754138 -0.0777044364976642 -0.280798362802071
0.206030153347933 0.302394383565608 -0.111142341411643 -0.26781454217147
0.180818593541799 0.336093106103968 -0.0870603602047983 -0.259883319410649
-0.0253838034557235 0.441627145865723 0.0054966624482559 -0.244361627363946
-0.311826692845458 0.358474861830454 0.0657963394390718 -0.117509485217828
-0.523603236526963 0.0967136949455149 -0.0850375279872784 -0.0482891704836663
-0.369155687172835 -0.420015268231297 -0.146029943356978 -0.259256569944703
0.107677285128929 -0.578731230758206 0.0623881461497312 -0.492015761146376
0.337140187016124 -0.422073158241286 0.44290924251331 -0.424293891885363
0.300923808834256 -0.451201323030064 -0.00904038237342443 -0.336447799028237
-0.00635859453178674 -0.563564489916218 -0.0348188449484436 -0.0819660158685395
-0.371161874781607 -0.311564721204495 0.109023977083876 -0.102354996727151
-0.481600486155449 0.155212966360136 0.0557801472831755 -0.127146938320138
-0.277501238010229 0.38929350518102 0.0250308444853158 -0.164607698962855
-0.0308224000393389 0.454349454732115 -0.022123570928019 -0.150613351104107
0.196130125786909 0.40248562096652 -0.0198466139387826 -0.138539260651374
0.234436654102454 0.386271770702893 -0.0264387110960203 -0.137754540188427
0.199605438453043 0.426773467038799 -0.0132144140961333 -0.112515404402157
-0.0482600692104304 0.553731126808309 0.0202150038631795 -0.0963535707606399
-0.392621397909449 0.448790428347937 0.0167460521999457 -0.00857600739912742
-0.648312749447877 0.138682796913281 -0.140784473649647 -0.00521546052743876
-0.494012797428881 -0.499492260469118 -0.196337925596028 -0.21866860610618
0.0817147597155243 -0.749511925263319 0.0237289839282324 -0.369838330766053
0.404346902006076 -0.58731020848052 0.306878771400254 -0.240107352539262
0.311364822584912 -0.547967498943978 -0.142551252759861 -0.153538407544916
-0.0768103514256495 -0.669587741533276 -0.0299275264303827 0.0779474937155802
-0.479316727031218 -0.338407211392171 0.135485670581947 -0.0706284682690079
-0.550590641767667 0.203235278914886 0.0353560891702291 -0.131842813308925
-0.302220214852885 0.445537480260475 -0.0388436773537655 -0.102747209868271
-0.0304870773129436 0.505348001090773 -0.0347251643763682 -0.000249820547177586
0.20255777732202 0.442674310173386 0.0424033354035256 0.0297935661885496
0.229187661049041 0.4123946868136 0.0623467492195951 0.0132048209967588
0.182683790174819 0.444897615039077 0.062243164496483 0.0528110004118187
-0.0701424116930835 0.568203892034441 0.0362489401155806 0.072639349199606
-0.406488106268105 0.45284152662272 -0.0335776424200872 0.116680065520209
-0.649201263171275 0.147036440631869 -0.184975468273814 0.0522680087835312
-0.512532430322742 -0.480703659523563 -0.229170593155995 -0.147559797113252
0.0561092096328651 -0.771409641579395 -0.0173177252848751 -0.209157372964315
0.398695094534525 -0.641785999832756 0.151392058591618 -0.0221418946674748
0.277676251657658 -0.5660409082313 -0.284599486216069 0.0707096841692871
-0.127865432657928 -0.673230415713476 -0.0233123209491172 0.270662541208216
-0.505841120035687 -0.313565693967474 0.15127431150364 -0.00951960899286058
-0.524664111906864 0.212867784520115 0.00974640388469594 -0.109537657310729
-0.275723353528629 0.425423077030613 -0.100481549346349 -0.0154057082265429
-0.0248959874717239 0.472517188622686 -0.039983249595485 0.160788129616314
0.181191906556781 0.413260805493489 0.101593177939923 0.198737618740424
0.19021193677068 0.374911022199981 0.141373820805143 0.16269871195666
0.135909620870139 0.394732109760912 0.12637404565379 0.208214473031107
-0.0820049997900285 0.48319107462693 0.0472244761109596 0.226492928689588
-0.348547483736027 0.36719123280217 -0.075716688885208 0.22379899607485
-0.514670628088704 0.113297208796602 -0.206101470084037 0.0982316038116493
-0.411932189018963 -0.376744643861194 -0.233897537277455 -0.0707468415933258
0.0384134973633954 -0.640540571265424 -0.0461294137846483 -0.0553725959786905
0.329987216592438 -0.584812102983615 0.00691063709686302 0.1838776760915
0.19692463751401 -0.485517800609101 -0.412583148399817 0.297319833915002
-0.142157861865325 -0.546001888662832 -0.0248983172601819 0.450481546602203
-0.418760732679787 -0.225584062797371 0.150127138283533 0.0721585292515147
-0.387526441575645 0.170132099314948 -0.00858443537454987 -0.0663332018457354
-0.200309337012856 0.314986065795614 -0.143738772846699 0.0743609177239903
-0.017788312836266 0.354670877859852 -0.0389258767389737 0.298922787099639
0.127916509551027 0.317167880486059 0.145209943126244 0.339516240123488
0.120947865085081 0.281210774070023 0.200692646974764 0.287835721680565
0.0681730734434836 0.284756003006787 0.167150011661005 0.328208248814547
-0.0817094807328292 0.325087560034877 0.0495095644321519 0.335494482906952
-0.239078644305775 0.219695433646317 -0.106681656044347 0.28370253374613
-0.303062222483388 0.0552682876733839 -0.200001158244934 0.116873432022255
-0.246275866324335 -0.21764798887792 -0.210745215485957 -0.0111351406638616
0.01713899420075 -0.418656722069996 -0.0589115602695068 0.0581557336048831
0.207102527503594 -0.442638893384711 -0.0998209007753063 0.344702785684621
0.0826707643773856 -0.314521844442513 -0.508922028961764 0.477692584521752
-0.12400856946514 -0.31185473500157 -0.0420912833613259 0.585771306787647
-0.246413210157809 -0.0911097543485515 0.138693260535372 0.158693754868266
-0.171768305888723 0.0944275837024729 -0.00435184661650621 -0.020850435848252
-0.090405040337474 0.144141982510403 -0.160763147326192 0.133566473120961
-0.0144701992748228 0.171583697516906 -0.0353837132050511 0.381381958453086
0.0481982961271063 0.166363014816416 0.16679142681965 0.426888058332678
0.0317053105080528 0.144760898250444 0.231163340543071 0.368722073886105
-0.00468062732866795 0.141064120351525 0.182080097723843 0.394312748160375
-0.0681839365561304 0.137041893080384 0.0396497702386885 0.388573898611477
-0.106608179755752 0.0657085262664236 -0.123299192371061 0.295357556791775
-0.0855857611782441 0.00442273461982985 -0.173027568409965 0.111900255984439
-0.0879651818781537 -0.0512787534565321 -0.16873365640176 0.0261367366041715
-0.016720916678765 -0.17239966343259 -0.0591118723171663 0.121276541571617
0.0665054394037684 -0.257899496531521 -0.162515054798217 0.441894095978287
0.0561606439561108 0.0373892466011727 0.170568505719029 -0.492334224488676
0.068578057152236 -0.0583681374357256 -0.0341577751127473 -0.221300585118921
-0.0465628898723802 -0.0769707599493101 0.0912728987628624 -0.0557171194629152
-0.101203472660437 0.0340104080718836 0.125888648564184 -0.0868516189375977
-0.0261175083478863 0.0759461726589244 0.134948813742637 -0.243078795576465
0.0238652358582301 0.0543674589180145 -0.0176221576057395 -0.394972026401813
0.0547078955698952 0.0130013555986832 -0.171677689262629 -0.415754621934114
0.065514292496703 0.0103243566669029 -0.225875393572942 -0.379563749366983
0.0547720130280627 0.0136588629166485 -0.17968631899414 -0.395469206654713
0.0171326356439683 0.0343610761439272 -0.0206377961287131 -0.373440011897515
-0.0292818932853207 0.0390497744430489 0.122176594735969 -0.211399329055824
-0.0617480061049122 -0.0143371380803705 0.00750421515186119 -0.0519641088467061
0.0234842751648759 -0.0841780838355619 -0.0688882110592325 -0.215545890183373
0.118266552749342 0.0117930019449551 0.0664867299423738 -0.541076396979117
0.0571145577796944 0.101064645987543 0.538901420853449 -0.567429001991571
0.159822704138512 -0.134044856017665 0.149751740820519 -0.497647588597346
0.0671394711827399 -0.232937261889666 -0.0352334112520877 -0.21946468293652
-0.139723370307538 -0.167895508911761 0.0788664590753564 -0.0899334419300336
-0.234088076206791 0.067654237114904 0.0889122437689033 -0.0907506589567607
-0.120365607224763 0.18992545322858 0.109152968120547 -0.217651562895556
0.0053602253271951 0.208952225479874 -0.0116586704028426 -0.344486012452376
0.119765530772502 0.165806395628045 -0.134511960596066 -0.36828173510197
0.149667387683636 0.162619163265947 -0.184583624224095 -0.345932167987611
0.132466456567362 0.183641457359074 -0.146976061411807 -0.354007572105312
0.00556208536968908 0.254568528226312 -0.0154162123292997 -0.336148368227858
-0.173187544790014 0.215677038308495 0.098472450847552 -0.186952165813407
-0.304591601650855 0.050963669024267 -0.0339792043046932 -0.0612407508522912
-0.185242448395548 -0.261761606035393 -0.10320294435977 -0.252407295010921
0.11348787485382 -0.301961511307964 0.0692304998925615 -0.54327735985954
0.205794828112074 -0.172832530465873 0.512138168380053 -0.539926583126638
0.241755945517318 -0.299053422541901 0.083445420234803 -0.44540768696214
0.041450830229795 -0.400033379942884 -0.0372964978183837 -0.176043323262033
-0.241352681268127 -0.244263176969323 0.0834061878256958 -0.112109168747884
-0.35633917811179 0.107773545124536 0.0645500070791743 -0.109062482314498
-0.203798784055723 0.294532064745007 0.0668171180582104 -0.195867703512942
-0.0108396345860076 0.344754302760723 -0.0163903776069297 -0.261028746914214
0.170161122732328 0.29780324097731 -0.0831958408628421 -0.272300353403109
0.210400242998622 0.290546640447268 -0.114955569399869 -0.259478940244674
0.185900412559921 0.326636390255815 -0.0877935829705985 -0.252493441204316
-0.0121312796244116 0.4367859212535 -0.00271384277005228 -0.238066761917482
-0.298302706380946 0.363152014880179 0.0616157419120891 -0.116408973906039
-0.510206174721819 0.110421475106331 -0.0874369765572912 -0.0425704980557123
-0.370822538912712 -0.404094996251034 -0.152439748523048 -0.251224759469906
0.0940713226823311 -0.570303226206668 0.0466241729090058 -0.484419210949107
0.324027196963045 -0.415120967768162 0.426571496529894 -0.425908532063879
0.291992668242307 -0.442863186890947 -0.0193837801866987 -0.328268290013086
-0.0172317391465111 -0.551809219848036 -0.0360655900345518 -0.0763963965147507
-0.366159659101308 -0.298731069469076 0.104006620585361 -0.110624816968181
-0.465702026283757 0.164130153257321 0.0471874382807293 -0.129859242740843
-0.262770620130012 0.388360108976727 0.0104998477674419 -0.161437418396767
-0.0177585813557902 0.446750319363161 -0.0273426312500027 -0.14393800455357
0.203628639149512 0.388299010606823 -0.0226522027818661 -0.134751585585169
0.240390179004097 0.37459192540966 -0.0289393924559648 -0.134098573926114
0.205906720940478 0.412672593504586 -0.0128061123796234 -0.109938488068598
-0.0315916412531636 0.54649391876952 0.0157064580859293 -0.093106900292588
-0.376110183326433 0.454240494635671 0.0163969171876081 -0.00753408609812666
-0.630859539584223 0.152634060017166 -0.141705802147435 0.00126664576873305
-0.494390014486234 -0.477667624527241 -0.20067586705373 -0.209026265588609
0.0664452631934585 -0.739258574631349 0.00923493134576945 -0.364701715227081
0.385849691595025 -0.577386807785144 0.295818067272434 -0.245538388316187
0.300141432558658 -0.53840121741741 -0.148173395352327 -0.147972086441415
-0.0882165353324591 -0.655740785986553 -0.0273201075773505 0.0797730541760976
-0.472458712474156 -0.323032173013013 0.131248805848909 -0.0792759496306181
-0.530680627009242 0.211956961749565 0.0275202054016504 -0.134312809418271
-0.283648590563105 0.444707261587546 -0.052276021657723 -0.0999899888040213
-0.0165823160001438 0.495750752850987 -0.0354088259869004 0.00352157066903544
0.20890894941674 0.427590925184409 0.043718287210277 0.0275210281687269
0.236042324389922 0.398067427532867 0.0603573035767169 0.0118583829473477
0.19040777597062 0.431696868527464 0.0650825677999115 0.0496541242755048
-0.0503589990514955 0.561113683618075 0.0366187428695508 0.0721099636569676
-0.387421402986018 0.457368348432758 -0.0288053922996779 0.116869540459485
-0.627688347820374 0.160688889840632 -0.183670112709248 0.058497169038231
-0.50992763457115 -0.459736888994777 -0.231114827498167 -0.13488560775972
0.0390185461630281 -0.756870907103453 -0.0270927346166294 -0.206661006900308
0.379938918964321 -0.629903960624201 0.14922394605803 -0.0306928644647802
0.264773360869958 -0.556448583083448 -0.283876997095701 0.0742369076268989
-0.139550551781222 -0.657438335469864 -0.0156059483068322 0.268492151387087
-0.498179288813977 -0.297207074491904 0.149937217283814 -0.0187205963245841
-0.506902568042116 0.220370670212656 0.00406709968572097 -0.112505306462083
-0.259841686219793 0.422647739806213 -0.109605147898382 -0.0129611340020066
-0.0116623454836099 0.463028135014918 -0.0359331129510974 0.16115330218591
0.188105738745749 0.399136013511043 0.106393481450346 0.191851700039474
0.195520100016009 0.361808740789462 0.141032368286977 0.157094100865043
0.142492022153352 0.384381390051306 0.131402035737235 0.199755643589888
-0.0655774928823923 0.476841320572915 0.0531745168454279 0.223183642792347
-0.33100321982158 0.369334991678686 -0.0666947452458805 0.222832595919077
-0.496135372953955 0.121789221289807 -0.20269395825338 0.104858088092298
-0.408919304349248 -0.357837527951495 -0.233047617490446 -0.0585768008272862
0.0239079857079531 -0.629889651859943 -0.0511286831301659 -0.0539191170662459
0.310705182396509 -0.573652823480259 0.0128021781354943 0.173360551968555
0.185656990768548 -0.477551692513986 -0.404145973698836 0.29810939830117
-0.152277811468724 -0.534237668998815 -0.014647188805838 0.446907756129681
-0.413592319059013 -0.212806954139734 0.151685901295734 0.0641016675311407
-0.375432205364434 0.175581267088251 -0.0115664028546341 -0.0697927601948004
-0.188575932826164 0.313429756316576 -0.148470025192028 0.0747557346921456
-0.00844044209577421 0.345701841220835 -0.0309031847169897 0.295350042611074
0.132204585751371 0.304829267607608 0.15321617402955 0.327969135864453
0.125543253560924 0.271782531384356 0.202050847843742 0.277782792526463
0.0736610788060236 0.277685360531689 0.175256629969163 0.316051284508852
-0.072120875267617 0.320339979238411 0.0578702236766771 0.3289572791553
-0.227239590700625 0.220391218903053 -0.0942690664445393 0.283110433611747
-0.28989894557348 0.0595929149270775 -0.194228351782412 0.123418744784836
-0.242239157721962 -0.204738144113214 -0.208816148385782 0.000438320258283032
0.00772164294638377 -0.407932932649902 -0.0604194195186517 0.0573501212757103
0.193466818261886 -0.434437566298558 -0.0885622610485649 0.332589081006491
0.075542984146584 -0.309454156950213 -0.495716101049234 0.476568838740029
-0.13018534258849 -0.304854127839989 -0.0269219811971115 0.577584310658114
-0.242672455411658 -0.0840708780657005 0.143650056524373 0.151250307497471
-0.16548297972766 0.0959064500458045 -0.00611722868148419 -0.0245764691522746
-0.0844378061260202 0.141581532113889 -0.160499424381624 0.132722130873908
-0.00864455716241841 0.165760896621621 -0.0262397438696004 0.374763066773311
0.0513167413759741 0.159807382431427 0.174612892621776 0.41134089515765
0.0343321319557224 0.14027415060375 0.233427950006216 0.35617942428488
-0.00200216487937784 0.138505809269011 0.189374596670654 0.382163055188038
-0.0633034690255779 0.135932536329793 0.0518937064174227 0.380053573681564
-0.101485725408055 0.0639672471327343 -0.109637024218267 0.294172415671404
-0.0799831647954236 0.00434612801701745 -0.166937159371042 0.117116813659596
-0.0831974237175492 -0.0439744571616988 -0.167032487746872 0.0354066962605728
-0.0211195321973108 -0.167078458065232 -0.0574234809146492 0.119218059277109
0.0581893263358824 -0.253217795094405 -0.146701602842307 0.427765397116447
0.0562368127454503 0.0369060981184178 0.163126109501068 -0.480162672320173
0.0680993839191809 -0.0597859694871039 -0.0346765809410545 -0.213965964147504
-0.0466057046804749 -0.075478123792922 0.0886363119651866 -0.0605054149291061
-0.0995513026494933 0.0370386492139238 0.119058443415327 -0.0884934563033485
-0.0245684865511589 0.0774842737209405 0.126250143305232 -0.240822505275667
0.0254623381530264 0.0558823392596311 -0.0269998448247482 -0.384509520899537
0.0554589576182498 0.01375214165331 -0.174849651252445 -0.40169507962407
0.0657496290723998 0.00907059001136153 -0.224712847780438 -0.368676212978758
0.0550548029036297 0.0133714702719243 -0.179883876192829 -0.385688474011949
0.0175687698951594 0.0351600062724819 -0.0249142196968541 -0.364121767132162
-0.0290156684014502 0.0416982279612625 0.117706914380011 -0.20951816963318
-0.062539017219717 -0.0125962235996959 0.00713269606623801 -0.0487085910593809
0.020441233462158 -0.0838783117664788 -0.0721230985981911 -0.21237440536363
0.11804859904426 0.00936183458761991 0.0576557513315186 -0.529332967367208
0.0575111360212462 0.100109513781093 0.523181506965723 -0.554873041386001
0.15868521625503 -0.130323600681936 0.140344929170101 -0.48439687571705
0.0651972173127396 -0.23000741652094 -0.0351329584165452 -0.211164959789779
-0.136565173967981 -0.163718073223176 0.0746290128767255 -0.0947723742785961
-0.227471527519335 0.0705824970286748 0.0812652785387786 -0.091748344330837
-0.115048101862151 0.189221372803078 0.0984675861148831 -0.214592017486535
0.0101955584626224 0.206842281951377 -0.0190953113745156 -0.33406952971856
0.121066547974819 0.161386080339303 -0.136340826090314 -0.358029574874565
0.149910696245839 0.157059128475947 -0.183790051622609 -0.33655414761348
0.133294571896046 0.178223476506387 -0.145593188221466 -0.34395265548417
0.0106048040593934 0.250573498919599 -0.0208720243748066 -0.32759991395976
-0.166858039314236 0.218068593540823 0.0945210290035141 -0.184305400141731
-0.297963732088456 0.0556647823862192 -0.0362965751898995 -0.0568848939798929
-0.18492694350996 -0.255773919093219 -0.106746150141189 -0.247460024768854
0.109436417287971 -0.298738132049688 0.059045992742834 -0.532931801849667
0.202336413996594 -0.16668846784045 0.496061258883128 -0.530503471717367
0.239672876387705 -0.290759640876813 0.075518483607391 -0.43320831719943
0.0387355406485092 -0.392172423624324 -0.0372869804959983 -0.168505327273279
-0.23568585618019 -0.237804475061919 0.0787249502481252 -0.117682417696184
-0.344535280986531 0.10927650477557 0.0569967605410841 -0.109314978227523
-0.194575950114381 0.2912451202021 0.0558077897529097 -0.191596976222307
-0.00501719894413476 0.337421426145719 -0.0214816740083902 -0.252499374744212
0.17180070927509 0.288083783513957 -0.0855693960567891 -0.264282539635964
0.211505763308253 0.282488264768356 -0.114742528534321 -0.252605881063742
0.188112656091913 0.316234432385563 -0.0870299487669628 -0.246961356857513
-0.00413349928732051 0.428408512116245 -0.00695133492881392 -0.231160408686173
-0.28709225353546 0.364128216463951 0.0594413185286999 -0.114411350904866
-0.497901680644147 0.116092776750679 -0.0893189045474033 -0.0381572435556104
-0.366695754653325 -0.393750181203633 -0.15424426154249 -0.244296468930647
0.0885740850784752 -0.562436861287182 0.0364134925042109 -0.474888215740681
0.315730980181855 -0.40193656331704 0.414538201773667 -0.420849452850357
0.287984006051309 -0.431702307647352 -0.0261512148221534 -0.317670638198228
-0.0201262248892843 -0.541707087073672 -0.0347436938960722 -0.0718729991912937
-0.357064100819228 -0.291301781766921 0.0988836371823224 -0.117099005638298
-0.449491278424931 0.165030424454142 0.0396451940495903 -0.130724518725158
-0.250126800637788 0.384218871757292 -0.000764178764123579 -0.157519089761207
-0.00851597847918624 0.43896018098268 -0.0302445776385623 -0.137465314476843
0.204803713166752 0.376246627288115 -0.0229840108618017 -0.131855697440537
0.241393869159835 0.362356262859252 -0.0293595126052836 -0.13084040158592
0.20833700455114 0.400052984777584 -0.0112443803037506 -0.108069764563082
-0.0214873798986605 0.537644527145379 0.0136963766124681 -0.0887438593187693
-0.361304573661793 0.452519566272918 0.0163832554347041 -0.0070686608366867
-0.615440085565332 0.158351231150206 -0.141848969402437 0.00689603852006682
-0.487260741386858 -0.463784899160828 -0.201993496154198 -0.19915800950479
0.0593769596961206 -0.723930325289766 0.00107582734791051 -0.358203195687679
0.376744984154571 -0.561980090101966 0.287664445887108 -0.24617516390723
0.296004961167266 -0.525933839478174 -0.151619056722082 -0.142015150266897
-0.0913324175186504 -0.641396398900822 -0.02481142875146 0.0814954729423913
-0.461408130343421 -0.312552628119761 0.126746025129607 -0.086662254402157
-0.515189892886017 0.213483703373616 0.0205192648849388 -0.135310885474863
-0.272168584266261 0.43901244542835 -0.0634432058386758 -0.0962117396714687
-0.00767974120149639 0.48372184807416 -0.0359028781612269 0.00590809208692498
0.210944197310375 0.413550339903979 0.044848862689201 0.0256197828756158
0.236866242933818 0.386826403981913 0.0591884728259552 0.0124948630211833
0.193123379303115 0.41995153430458 0.0671001426732112 0.0470923354058319
-0.0409536879509115 0.550643895551128 0.03696530807168 0.0728940571686522
-0.372634369977951 0.456133843678732 -0.0250999477935367 0.115970416854695
-0.609812827066191 0.165229986034026 -0.181536320991428 0.0629168445918093
-0.500345232028086 -0.444745865098953 -0.230733251663981 -0.125848369060951
0.0330361000981908 -0.742672350608273 -0.0339794672230837 -0.202255489621096
0.371126929515978 -0.61261482373688 0.145217916185709 -0.0365818106434492
0.258784974329161 -0.543277242589793 -0.282925402676791 0.0747246876519116
-0.144485245531218 -0.642211804766153 -0.0115894522096032 0.266499115112778
-0.488728175118507 -0.286151585400685 0.146683466088614 -0.0264439728048271
-0.491972048832069 0.220563899876199 -0.00148864698744647 -0.114198522163473
-0.248007868677267 0.417006205426505 -0.118233290674668 -0.0111475018207139
-0.00432402368480999 0.453364917265503 -0.0332063235457483 0.159825461328404
0.188455122420127 0.384601763642369 0.108965691105545 0.185275926607365
0.19641224962702 0.351731706435959 0.139933103541559 0.153431466791464
0.143666878348294 0.372836229720561 0.133266367886937 0.193464478146294
-0.0574540743500732 0.468234164283553 0.05600352579794 0.219600775453219
-0.319370582051015 0.366684630387702 -0.0601300043335666 0.22128479772284
-0.479222873782715 0.124511825498782 -0.199177463439138 0.108824046804217
-0.398772151146262 -0.344258335284144 -0.231699901166272 -0.0483475722424247
0.0193464412582705 -0.615225908183859 -0.0554112554350148 -0.0533602166004271
0.301063816253577 -0.556401486735047 0.0150779445832305 0.161836819230341
0.180467884846011 -0.466266645056031 -0.401072125865905 0.293841943391189
-0.156102255373672 -0.521702775090208 -0.00830836700693215 0.440006614245352
-0.406639795744362 -0.205081575001789 0.151081950085321 0.056473320473838
-0.363490306077874 0.176113961966581 -0.0146765104748515 -0.0724664786211628
-0.180346805480758 0.307916841929571 -0.153809155785984 0.0746126137856412
-0.00339330190987169 0.337904140806028 -0.0267207113163141 0.290437745034525
0.13268704157647 0.2951046725065 0.157304453269824 0.317809585544412
0.12607817144241 0.263838111242211 0.200188895913818 0.271617626750315
0.0746541238247792 0.27074988124345 0.175506238701623 0.306516930619434
-0.0656333821998479 0.314931446166793 0.0635236941271456 0.322643993879363
-0.218515940388941 0.218187616827343 -0.0854610210934479 0.279514592664285
-0.2781583409619 0.0597537690246569 -0.188698237542973 0.126597133420398
-0.234380901381262 -0.194766564049606 -0.206879201147012 0.00871566556329833
0.00351051489108247 -0.397686169455396 -0.0618791857116463 0.0555639921896416
0.186254927501231 -0.421647869716547 -0.0816257555663352 0.317454085367769
0.0717636076208517 -0.301749031215736 -0.48565593303318 0.466908084792794
-0.132405474806757 -0.297633589962477 -0.0192210365440625 0.566629514683875
-0.238737234585893 -0.0789859731284579 0.145129919600502 0.144162651110184
-0.160017909815979 0.0954981705271715 -0.00663843261707024 -0.027700841615719
-0.0807466436675533 0.138514610406348 -0.16265164686637 0.130773373044548
-0.00669387901249355 0.160600613717825 -0.0208342228445271 0.36693052802332
0.051088315636095 0.154453989199717 0.179976877799606 0.39977490832113
0.0347052050968425 0.136421477645218 0.232316854328593 0.346906835150039
-0.0015088802178353 0.135617020838432 0.192275067237794 0.370212450873539
-0.0603978991553127 0.133645555662495 0.059830993359049 0.370720803312573
-0.0969678553229007 0.061596148659951 -0.0996315605724743 0.291628401012885
-0.0732452960739635 0.00286571720373415 -0.16053660742958 0.119483283948517
-0.0771189843776642 -0.0386826921256488 -0.16464723308099 0.043029913369956
-0.0234882797437793 -0.160739813497695 -0.0575298736568454 0.116618231810218
0.0527178651194324 -0.246521909084126 -0.137429826664091 0.41376843962511
0.0571520573926709 0.0372424213051348 0.162386916241821 -0.470415825768077
0.0691439814860634 -0.0618759112801929 -0.0303355647751303 -0.208984976872976
-0.0458991482613793 -0.0756381284961628 0.0878548127538639 -0.0641485555189168
-0.0989164271961047 0.0381151846086341 0.114452583868876 -0.0895232945607042
-0.0236740645908046 0.0787236984587355 0.121397514832855 -0.238746553720396
0.0278863783258413 0.0582113569192578 -0.0303113096468154 -0.378085335657644
0.0571341554872135 0.0148215031328273 -0.1752258296409 -0.393582274207611
0.0669225037452553 0.00880030598778884 -0.221163342865471 -0.365147783237756
0.0562345270673303 0.0142846515984342 -0.174423427657246 -0.380906859634592
0.0182019776678147 0.0358887985565532 -0.0248320969491079 -0.358897458395178
-0.0296312226743091 0.0445539467466118 0.117399827097687 -0.206087918570786
-0.0643990246426167 -0.010589795863682 0.00698173424705346 -0.0458853256567946
0.0188610489611611 -0.0840695945329222 -0.0728893658700659 -0.212468049801833
0.118862460458712 0.00852856011739563 0.0563844118964384 -0.522041272816191
0.0575443448354971 0.101426841628982 0.520484222061703 -0.540847535434255
0.160833118347373 -0.126044685194973 0.138967311743725 -0.474108614127755
0.067242143900722 -0.228793311987955 -0.0322720868617102 -0.205944136428598
-0.132239732787579 -0.164109021118786 0.0722229572196255 -0.0996269332410465
-0.222906667796213 0.070350838858456 0.0764520141889368 -0.0918618083173095
-0.112435418770713 0.189083269223339 0.0921065387659195 -0.212038461780796
0.0123545322370754 0.20737676388738 -0.0217159208528742 -0.327741049032758
0.121675240498634 0.160355883729841 -0.138061945536109 -0.351437691847495
0.150451694500248 0.154812505299333 -0.181340062356632 -0.332071498566778
0.133325953030142 0.176377683859009 -0.141125668952475 -0.340424052773307
0.0116025551923069 0.249043383113496 -0.0207113111939832 -0.321699943300909
-0.164905857925943 0.219333001337374 0.0927831219052566 -0.18159741604677
-0.294244867114645 0.0559041898269465 -0.0376885515324628 -0.0539160849966224
-0.183123641237884 -0.254558313176835 -0.1076691570719 -0.24588424046158
0.111495994116574 -0.295037919577145 0.0560211915113229 -0.526120986842678
0.203628480972577 -0.159932192953153 0.493110005254806 -0.519487002681292
0.243057081199281 -0.283077466236368 0.0743200577946801 -0.423113063117443
0.0415510843593366 -0.388240769648382 -0.0342896508494059 -0.163547051106564
-0.227230264038118 -0.238174290920766 0.0747876078494905 -0.122587942476351
-0.337867369586218 0.106964855771112 0.0513153348644943 -0.10996154098555
-0.191388653551467 0.2888049363496 0.047854840826466 -0.186742991997871
-0.0022484593641914 0.336523674696763 -0.0227478808413763 -0.246425334653412
0.171522232928178 0.284959365542449 -0.0846733300028118 -0.259927861336653
0.211432386825723 0.278065139661945 -0.112851169888315 -0.249371699686773
0.187530564730829 0.312259780611517 -0.0827188727151629 -0.243828140965075
-0.00161523730956709 0.425444639339325 -0.0074547532390507 -0.225514919287999
-0.282202179254642 0.364569953816993 0.0575568437519603 -0.112339445229655
-0.489696771513827 0.116315192153336 -0.0911665178127618 -0.0336671653234173
-0.362359927368135 -0.390183731826736 -0.15645306866158 -0.240618643060616
0.0910069217796955 -0.555710867070241 0.0317224935901963 -0.469777383819767
0.318981099542535 -0.3895030108667 0.409383152161922 -0.416122112113219
0.292009619012577 -0.421247502093392 -0.0279139702894476 -0.311459414157349
-0.0171158883646696 -0.533475299509893 -0.0322766563453342 -0.0681985174708626
-0.347192191258723 -0.2893208511703 0.095272075581189 -0.123131560167411
-0.441388760212204 0.16229043697435 0.034380164159815 -0.131226686159746
-0.24509029729029 0.379388707572471 -0.00939243045019515 -0.152990062630787
-0.00773829886170325 0.434704611215159 -0.0309087270212519 -0.133291263949316
0.203348566795804 0.371586146177154 -0.0218200395127163 -0.130859691020626
0.239444761811191 0.357635787270462 -0.0288394002331432 -0.127811813547297
0.207612486095681 0.396255898432621 -0.00890377824222331 -0.106926762595662
-0.0187512049110962 0.531730558822356 0.0129524826846767 -0.0851313720304878
-0.356333019798384 0.451981611613616 0.0165377116563996 -0.00616466797317942
-0.604510071117784 0.156919816937701 -0.144273846949695 0.0108242536305519
-0.478898757430171 -0.460356554628637 -0.203375945025976 -0.195053742823039
0.0619923807696029 -0.716392626327855 -0.00403681713855577 -0.354798026253563
0.379381059111807 -0.544549810264475 0.286019991386584 -0.244970191125167
0.300542278574719 -0.513564817381816 -0.153724502843923 -0.13863239749481
-0.0882272092236138 -0.631724460938837 -0.022592805514952 0.0832278847209751
-0.451466916057238 -0.311631597937957 0.122852539039829 -0.0935882043772373
-0.505331573069148 0.207890826713219 0.0159487441968254 -0.137417823877972
-0.266947657526461 0.43270543031724 -0.0716159090829492 -0.0924310614141679
-0.00814788709086265 0.478484281209764 -0.0360468352649462 0.00830830401130316
0.208829740031767 0.407503505783761 0.046476336243368 0.0235035433922161
0.23557203873862 0.381377041418652 0.0585906342353408 0.0134998421939402
0.191122892429765 0.414919857221861 0.0683972400143477 0.0457013553062275
-0.038166465094552 0.545801167339531 0.0365494050424295 0.0750187687203713
-0.367789769027256 0.454538609229327 -0.0239234543065237 0.115898546859522
-0.599016677201412 0.161444087608793 -0.182925770333558 0.0671764756837554
-0.490470257418191 -0.440086143679424 -0.231295507651085 -0.120395649675599
0.0363706272868396 -0.733417767015529 -0.0383267018089599 -0.200173599612251
0.373390557272947 -0.597044084470829 0.143625646013896 -0.0411896048532414
0.264039398681371 -0.531785969237898 -0.285356593525443 0.0740225429143875
-0.142648550623291 -0.634393210500118 -0.0103452559993476 0.265981863653046
-0.478788055741978 -0.285135188059581 0.144083820083577 -0.0319348368277653
-0.482921715881297 0.21643902286526 -0.00458721899519773 -0.116716896350279
-0.245643627107653 0.411123532805101 -0.126286431482096 -0.00807998660562878
-0.00381693074666524 0.446316613179876 -0.0333686285937783 0.159186755275126
0.186282694564728 0.379128903942277 0.110396999731173 0.179538762586989
0.194241131975128 0.346610834972569 0.138576627532206 0.153221390260812
0.143467502152938 0.367526371497779 0.13391546677853 0.190165982265328
-0.0555648595673523 0.463698518611659 0.0564601055351328 0.219126208051775
-0.312910590561942 0.364588645704791 -0.0572454095308579 0.219773222988037
-0.470023185223159 0.122184037347287 -0.19814575529484 0.111651360375282
-0.388935299049136 -0.340618722732944 -0.231238424582944 -0.042329074911133
0.0216203387401615 -0.607483501565528 -0.0602308602965788 -0.0530513727483347
0.300630307359538 -0.542013890795996 0.0146089559652623 0.153300610355653
0.184284108241196 -0.45712864422541 -0.402200148117434 0.288009040332596
-0.156490959436706 -0.514847230968483 -0.00760558932330922 0.437628444305676
-0.399805974844661 -0.202129277091535 0.149545273314506 0.0511284266651547
-0.357250279477672 0.171696616635166 -0.0178011377802215 -0.0756078235972
-0.178580222196938 0.303655931465871 -0.160771881747927 0.0750508110073559
-0.00491652889821846 0.332172877433713 -0.026174169287626 0.287046300093591
0.130160472894638 0.289669118528864 0.158066936313929 0.311216221178455
0.124492449170537 0.259220918878328 0.197965152440329 0.270168005037605
0.073175616992569 0.266880046494611 0.176254531397371 0.301158637297108
-0.0643254011480186 0.311828808305852 0.0656496856932439 0.319535600710699
-0.214466400185389 0.214528081124552 -0.0807027368926323 0.277816601912016
-0.269668097130525 0.0557442410022967 -0.186990090568943 0.129255790435136
-0.225937958251952 -0.190053910125583 -0.20587982058545 0.0143578176754371
0.00402536568509232 -0.391012526473705 -0.0657324987219983 0.0542490881355907
0.185365983642335 -0.410991157956852 -0.080708235411426 0.305704508138471
0.0729749640854266 -0.296515655163159 -0.488911293773837 0.457745571782999
-0.132213017750268 -0.293224564027071 -0.0168396230805768 0.561733267715026
-0.235541994275016 -0.0767839335674577 0.14557621755237 0.140569560948354
-0.158022788920996 0.0936069837569895 -0.00805614579978074 -0.0315147078730847
-0.0801199797071914 0.135554476663788 -0.167549528353304 0.128685792165551
-0.00820609114796239 0.157322792607847 -0.0205163421712242 0.361969060910467
0.0486864377390125 0.150482690169471 0.179574989044859 0.39163216497125
0.0337980139111569 0.134103495969102 0.228488511401601 0.344374078946452
-0.00253155740720028 0.134150414142096 0.191134063860227 0.36539334073137
-0.0596646005713737 0.131054291008131 0.0617412434042561 0.365490221330741
-0.0949812564718948 0.0572660991155223 -0.093769472889157 0.288873764108814
-0.0689858494177368 -0.000345947840571397 -0.155839781448431 0.121226938315568
-0.0718564606599812 -0.0350572795779916 -0.163432746669062 0.0479658184141845
-0.023695760692655 -0.157026959811229 -0.060265361850609 0.114236268189896
0.0508666104780074 -0.242018998157091 -0.133760708857796 0.399878021409265
0.0589096069892064 0.0386817662857501 0.167106238316544 -0.467554417321945
0.0719742079078195 -0.0650779142921815 -0.0265558011009917 -0.208223541240231
-0.0452149923156707 -0.0790529718070096 0.0886600405293972 -0.0696205197648582
-0.099765396398169 0.0398660532982429 0.112247651610108 -0.0923345145255492
-0.0234188328194963 0.080742592318951 0.118392871714584 -0.241844539754758
0.0307449878707015 0.0606393083927508 -0.0324924262104262 -0.379002737620613
0.0599501331672745 0.0160370174218651 -0.177053107040002 -0.394557151426549
0.0687353967048688 0.00826031722604617 -0.220852341072888 -0.369594960211204
0.0583095414524566 0.0144648982652475 -0.173173061737994 -0.384656838078379
0.0187514450300198 0.0374397963815737 -0.0233427303647284 -0.360382237565386
-0.0298366098328476 0.0482391529351367 0.119352027667921 -0.206640315129133
-0.0661704608624757 -0.00955335295777776 0.0066839767727971 -0.0437063248562516
0.0185283702891522 -0.0857085339030754 -0.0747956368466842 -0.216210904604772
0.121764992325811 0.00750471748762321 0.0575156394462823 -0.526313413483742
0.0596181313218876 0.10411151331845 0.530304128487303 -0.535674906248302
0.166651376535002 -0.123617971050861 0.142329487138353 -0.470723005273722
0.0713471389147574 -0.231593399970186 -0.0284715487079209 -0.204228980832407
-0.129392737629492 -0.168232209241413 0.0714689590795109 -0.105292393922019
-0.224251880668578 0.0703170716057993 0.0730926246418005 -0.0942759841218032
-0.113335241383127 0.19157627255692 0.0884522348166397 -0.212669976315161
0.0148066974807521 0.211183564871851 -0.0238445166189213 -0.326648895263031
0.124260461227249 0.162241404570887 -0.13820197472756 -0.350955914505014
0.1525523891838 0.155620854982039 -0.181276476055263 -0.33527085888974
0.135704563063358 0.177500092203121 -0.138638358235732 -0.343619184569901
0.0122556853133588 0.252402287442335 -0.0202024102262582 -0.322053538870279
-0.166478435494554 0.224740468407124 0.0945766912380011 -0.181422459633676
-0.297576417725102 0.0564888079068451 -0.0395376986697061 -0.0508391697714059
-0.18358966301263 -0.258156373771115 -0.110189155189427 -0.24969842622428
0.116826009790505 -0.298214338843999 0.0560877372560584 -0.529898139702988
0.209663858430279 -0.154566300576762 0.500292823649594 -0.515748547348568
0.251636676656708 -0.279607275986814 0.0747534306641565 -0.421386473441865
0.0470331748829315 -0.389474577641852 -0.0308788151276217 -0.162093757558626
-0.224648261332362 -0.243184590630305 0.0735369411862642 -0.130286817989777
-0.338016435460774 0.10652255703032 0.0471941298499171 -0.112360819358685
-0.191251205553814 0.291693706002756 0.0417117754881944 -0.186357069769632
-0.00102213587194467 0.340456546775143 -0.024905011424029 -0.245436414965185
0.172662142305415 0.28719293667071 -0.0844578870388001 -0.261281184003805
0.213398171901283 0.280969321029079 -0.112402592486114 -0.251059025676499
0.190540645882992 0.313841015861134 -0.08010122503188 -0.247056674938209
-0.0010083404814209 0.430502868483783 -0.00726466986189913 -0.224395328119313
-0.285252737623918 0.370532297011727 0.0586715161351729 -0.112051645746341
-0.491714115871465 0.115329568052668 -0.0943457239906567 -0.0301430830657922
-0.36142162507126 -0.395405156516665 -0.15992534659928 -0.243520145436595
0.0984219420591427 -0.55986896517158 0.0305663916901376 -0.4733861793882
0.329733130434503 -0.38347131484097 0.415703143662756 -0.414332602944539
0.304153734637203 -0.418884475040559 -0.0290136721352653 -0.310348174891319
-0.0120213098877832 -0.536306295912086 -0.0291879550830393 -0.0660896197462966
-0.343854076369335 -0.296545685658425 0.0930408462565846 -0.130909091705379
-0.441469506164022 0.160579026897295 0.0301677712892112 -0.133892605837138
-0.249704550961996 0.381866247174098 -0.0173817878149595 -0.151321113256442
-0.00838829975577114 0.440135635027503 -0.0325799056752163 -0.131931237173368
0.204266796812582 0.374776917857861 -0.0203361516979857 -0.132491623258798
0.242366777863237 0.360639478915453 -0.0278893787784823 -0.127612309013332
0.207823597680166 0.399078109167597 -0.00588289302833655 -0.109212083554205
-0.019646391826887 0.537793748208656 0.0130057769284408 -0.082006966551394
-0.358760200841383 0.457151761728431 0.0170136426976522 -0.00440806793044465
-0.606963196411535 0.155567679014815 -0.147631349618909 0.0156088253482005
-0.478461982186577 -0.467823085407691 -0.207069995157329 -0.195012693981244
0.0697977644158586 -0.723240273225503 -0.00796025556425013 -0.355735192278478
0.39208519394427 -0.537342407596606 0.287442157250573 -0.247759671745805
0.313710552733903 -0.512363243701104 -0.157733587183567 -0.138598383434732
-0.0842542495937979 -0.636314246710612 -0.0206531690036069 0.0871099607424842
-0.447195042560623 -0.318239398639657 0.121950680823628 -0.100617388053098
-0.506464258561116 0.206344387836235 0.0126843363151248 -0.14033181281596
-0.271810032883023 0.436090154351696 -0.0809267632474905 -0.0905216256530062
-0.00751426300089392 0.483131256093616 -0.037587138197038 0.0104203344953692
0.20856961245388 0.409780992506487 0.0486067745722707 0.0212194486694878
0.236336075330374 0.38415744350281 0.0600453701546572 0.0149470487918974
0.192522899090728 0.418931315537878 0.0707009680456718 0.0452341367493655
-0.0392308854507833 0.551699963556018 0.0373884633990105 0.0792379471644074
-0.37032630690868 0.458392927946091 -0.0229088100141161 0.118047677739635
-0.600419027096553 0.159470643601693 -0.186568120037999 0.0721798596104747
-0.488882558753402 -0.446178040952412 -0.235140035160548 -0.118095430805874
0.0434328940452878 -0.740730531297302 -0.0450366181999197 -0.201730327404299
0.384374565860364 -0.588732837376044 0.144566333407148 -0.0456514361587459
0.275472480781889 -0.531181859960152 -0.292767826669405 0.0743413542646921
-0.139161200663827 -0.638738466317877 -0.00942984264834171 0.271517588072079
-0.477346263671374 -0.29068643810119 0.143726265029944 -0.0374571875103586
-0.485351492279103 0.215910736592889 -0.00794925331784749 -0.120832534987176
-0.248480905276915 0.41442223946285 -0.136819552934876 -0.00598035183657774
-0.00564527363800416 0.449114672078512 -0.0354188048061958 0.161392937783402
0.185794148575478 0.380601862863642 0.113107733673782 0.177445191993296
0.194747229098927 0.348891426103766 0.139891191162335 0.156307208214321
0.143196778401197 0.371139404044413 0.136027492807829 0.190501109783186
-0.0563874623549038 0.467872623020146 0.0579094910157565 0.223889795269675
-0.314859005378592 0.366495265736545 -0.0559574922226102 0.221905375662685
-0.468683343615138 0.118192118017428 -0.201197856068267 0.117031530829699
-0.38601098715237 -0.343430155180762 -0.234796624986464 -0.0389134865958251
0.0249465358687143 -0.610993858696416 -0.0662372521039964 -0.0536387811237544
0.309815331799212 -0.537024570465738 0.013099056339683 0.146996189491447
0.192142270168679 -0.456044732384793 -0.41232800815531 0.287129939583318
-0.154885292038354 -0.518785778458804 -0.0076931298334693 0.442367289486107
-0.399575732528023 -0.20555327022333 0.150776951256304 0.0483303699183699
-0.35818932803429 0.171575233691221 -0.019492706351989 -0.0794540101353608
-0.181085762635906 0.303956880096489 -0.169730768275718 0.076725481091789
-0.00644942499442016 0.334110789459721 -0.0280040565831855 0.288802661645689
0.128796284357002 0.290375849227643 0.160696933407531 0.309191875724135
0.123628150782029 0.260865568241133 0.199407973272956 0.273912422445643
0.0722886969723375 0.268891445726131 0.178219566502929 0.303170627559052
-0.0656055418119017 0.313687962402597 0.0674305095447378 0.323167736055479
-0.214752357946706 0.21401148320473 -0.0777116636307808 0.280334544517148
-0.26815274349896 0.0529893415439969 -0.187674316119136 0.132805893808462
-0.221330654037586 -0.190192652471252 -0.209103992497182 0.0198860099888547
0.00679852975675939 -0.392666271612689 -0.0712670450154881 0.0547028223356369
0.189596693033128 -0.408086335677238 -0.0825100280130408 0.299205246882818
0.0772952768009614 -0.296776222508314 -0.499464737763118 0.456220925404971
-0.134228800044544 -0.29515159929808 -0.0195850470487171 0.568197256409556
-0.236502791215422 -0.0766921675201452 0.148098453126782 0.141063723149933
-0.158746008332178 0.093007652267262 -0.00996571480337645 -0.0354544778206831
-0.0820132113679453 0.135512973287096 -0.174666012885347 0.129255486640547
-0.0106017406713014 0.157324083467259 -0.0233859035688168 0.362714199301541
0.0473706154431043 0.150279473162042 0.181354772022935 0.391338165653153
0.0323560585919879 0.134181813660185 0.229947893080043 0.348736602263899
-0.00420175083173778 0.134978429003038 0.192268255011169 0.369014110955877
-0.060688732622838 0.131842784504882 0.0646783314679271 0.368203757606781
-0.0945472441045395 0.0543302252711166 -0.0904147476171847 0.291061161541093
-0.065779657802104 -0.00369283067443995 -0.155946473446364 0.124328318499445
-0.067005868382035 -0.0323023299340029 -0.165932104879576 0.0538589942176887
-0.0246218603743919 -0.156185670909542 -0.0643752354227361 0.114162994659539
0.0495187060806633 -0.240910785958278 -0.135029426047072 0.393197081222777
0.0719763098463212 -0.00387519136889917 -0.14653357198457 -0.481934114675048
0.0181609653349252 -0.0977583330729855 -0.14535414834133 -0.157498498817256
-0.0856078622208571 -0.0411048429407682 0.0230507774715156 -0.115241557641609
-0.0584723310507697 0.0893765688457533 0.0295316661126948 -0.139627348823156
0.028891226104094 0.0802566890876257 -0.0552066673563822 -0.264037246269088
0.0631385537415479 0.0317833029997074 -0.259866455465104 -0.280809381148091
0.0588666986536914 -0.0216406591955097 -0.388579818743035 -0.208981904687259
0.0615227641480712 -0.0379439130857291 -0.40736747778823 -0.164907865370347
0.0564340566905751 -0.0261994927543973 -0.379998462063545 -0.206691556815466
0.0388360207236795 0.0200206579267515 -0.240997424058511 -0.282222403985092
0.0075419806701998 0.0596135147053058 -0.029229108690575 -0.241313990369739
-0.0625377597058628 0.0348493837436413 -0.019435737509581 -0.0375745061499157
-0.0442881250212039 -0.0866899063595313 -0.200633926124997 -0.126198842567456
0.103207927803521 -0.0799693550215246 -0.293101613231788 -0.458534515031821
0.126786264848234 0.0407338122239505 0.0935602063959439 -0.780915451820528
0.0726049020492995 -0.201504499572909 -0.180430560222233 -0.474144549815939
-0.0763269778328642 -0.231550269737051 -0.14912892158226 -0.157420465885276
-0.20581791863161 -0.0664695735322232 -0.020198644622248 -0.1326140999244
-0.140275584521145 0.183245026770355 -0.00559180047470695 -0.110538025979304
0.0215442452868008 0.22204750502717 -0.060245315845455 -0.216807197095043
0.140044554264004 0.162260535646674 -0.217971892288745 -0.240839416014727
0.198293568756532 0.0568498959387155 -0.32840244614949 -0.19942723385981
0.22110702490537 0.0309596666130199 -0.354949136516945 -0.161178136919063
0.221565843583095 0.0601097663748259 -0.328661054242089 -0.194056620209471
0.168449951885895 0.200402711095373 -0.21492733516581 -0.250975831364988
0.0058766320849787 0.29220846242909 -0.0318153171418524 -0.205485418708708
-0.214421738124669 0.232839861624337 -0.0597857663687799 -0.0134132902331784
-0.327597114759037 -0.105380199569139 -0.247208311492245 -0.129678398804281
-0.0968513505113209 -0.332876799031606 -0.288692550400161 -0.462626201124794
0.0896786533392544 -0.273314016650818 0.0879727965258881 -0.732048840557108
0.0566591067648845 -0.381291405567282 -0.216732182954637 -0.398245715713686
-0.185611586059416 -0.343070194716829 -0.130358063206204 -0.125186663251637
-0.32483418242684 -0.072496769146747 -0.0398266417625401 -0.151385363528458
-0.211257395842475 0.276692665087898 -0.0396210991579824 -0.1042762405754
0.0162353649495982 0.350820577592382 -0.07998801137867 -0.163284361500793
0.205150521274437 0.27692600975183 -0.167229217131254 -0.170560166496349
0.313517072113236 0.127477313710362 -0.225799693141629 -0.160541796870084
0.347298868943418 0.0953774083695823 -0.247223862957068 -0.134317107923463
0.351767702792148 0.138260421745845 -0.221706568976171 -0.151187914322901
0.269446541000311 0.355084007549599 -0.144562029409466 -0.178723311608176
-0.000467795652917289 0.487580039983334 -0.0151148629056833 -0.126770841872281
-0.342339819275442 0.40095847795945 -0.0901395966427682 0.0382073470108691
-0.567617840198657 -0.10768299920387 -0.280413617301823 -0.090960296293756
-0.27887566723801 -0.540767622912699 -0.266555337827414 -0.402018329276879
0.0446845725177288 -0.54139300666511 0.087314665197334 -0.585672554681103
0.0221783790035076 -0.526410621989074 -0.244292860033738 -0.246040925709704
-0.314961906404741 -0.426470662749198 -0.0757226578625369 -0.0498483911003889
-0.452043625933421 -0.0479848499917237 -0.0291101531340164 -0.16054805068549
-0.26440176483156 0.378291771839541 -0.0675249801049616 -0.106677866004944
0.0235107149634586 0.455222360003109 -0.105970295379208 -0.0957668057519043
0.257239909322199 0.361246869011832 -0.102243870393077 -0.0712008581847787
0.391483533648404 0.1779209424247 -0.0918360292113991 -0.0958473741683458
0.42134773185081 0.14265450995114 -0.102326351139238 -0.0868818586050809
0.420764672451739 0.198296269204278 -0.0765777314579811 -0.0850150702674207
0.32211122661184 0.454808675143658 -0.0395415133322387 -0.0744261554581695
-0.00559916382739059 0.607900020736581 0.0191023544301688 -0.014541324714872
-0.412442387639212 0.505085911451401 -0.103685246378895 0.109299022965739
-0.711288377688671 -0.0937908681887702 -0.284910376716105 -0.0201899327404711
-0.40557413018796 -0.655558496063473 -0.217520135252121 -0.281583300112946
-0.00209044088881047 -0.709940044967018 0.0904050080798155 -0.35974660519842
-0.023520108652417 -0.607873194961765 -0.251792957816459 -0.0278821764738927
-0.429737524689828 -0.464821242701921 0.0199179385425256 0.0680019125187258
-0.549640783661218 -0.0053997849365556 0.0104003177146768 -0.148640181460394
-0.289968847760306 0.453077900247063 -0.0866791402331413 -0.0974163841952992
0.0374620650849914 0.512594679109821 -0.119755022424284 -0.00603042623464243
0.283715070181406 0.397824881085673 -0.0183683134909149 0.0474260849082116
0.415135791813002 0.202975159615302 0.0606829906105168 -0.0139355178091102
0.431065763422991 0.166986221236829 0.0578559379313218 -0.0246913302061411
0.418583180180395 0.224154881674452 0.0820397637432288 -0.00694441675942107
0.315390326342258 0.478722476487178 0.0804160930813644 0.0421219271158157
-0.0149333696335283 0.614722586635633 0.0636330064962216 0.109421186009437
-0.403410442722931 0.503847421450695 -0.0989023186169424 0.17899941306765
-0.704718333683296 -0.0663949850895707 -0.257684779287711 0.0621100998155604
-0.438645057417224 -0.650570463229408 -0.147956562847675 -0.132265164174873
-0.0435624813859635 -0.743820701294819 0.101386710274468 -0.102972686777541
-0.0656895615633768 -0.601327641921659 -0.232760965225397 0.228925922578834
-0.474686104596541 -0.432374776551687 0.139454952544513 0.212118180288784
-0.557303501474484 0.0378051187165511 0.068628004999522 -0.108438050997205
-0.268368445795667 0.448269138361629 -0.0894014113686484 -0.0701583357399839
0.0412204000495119 0.482594751534337 -0.113617370618614 0.0947897213892658
0.265009660184598 0.368730588614376 0.0756960863264582 0.166653421697632
0.379762771553084 0.193377467779839 0.209968879729365 0.0719362027798658
0.375322047767644 0.163372426121168 0.209989754403522 0.0412158342063888
0.349027322370418 0.217857683836128 0.226771881052842 0.0709880070127287
0.248488889607791 0.421304089940222 0.18763094149088 0.146839740269729
-0.0283971106174211 0.503100487558624 0.101451609844395 0.213776333305033
-0.318246940318524 0.386855696008617 -0.0837566714694572 0.223787640557121
-0.546592693384745 -0.0463135007657757 -0.207275821677593 0.125840675189399
-0.36814122171249 -0.528114005804414 -0.0738541777256986 0.00234269395542512
-0.0758686836703638 -0.647949793027338 0.114399786480877 0.134471081997019
-0.094656354259773 -0.488544237576533 -0.194685330221496 0.479676925050936
-0.420046827406334 -0.325589360947587 0.247982246271413 0.353189369780865
-0.44447361454468 0.0642398412309615 0.133554894092435 -0.0428167456448485
-0.190935741151588 0.342516710667095 -0.0720951135645495 -0.035305147064642
0.031372640640623 0.354089744648852 -0.0907995760151206 0.178806546121857
0.193949910027248 0.274881770302014 0.157676273993351 0.261119117872079
0.277885625376368 0.154058594431046 0.328362589077551 0.150165471334477
0.261708045751496 0.137303179101434 0.330893447927853 0.0996899809450119
0.227785173751927 0.17811585066382 0.332327901969449 0.135094515365947
0.143741449495782 0.299169318826909 0.257679630489099 0.221607765262684
-0.0429425021803631 0.312547219447988 0.118403057652556 0.273835947362951
-0.190074408211998 0.206823002040065 -0.0645965633527209 0.227899730864995
-0.30620322444154 -0.019354284955167 -0.150743595685975 0.155959828498529
-0.244993198577617 -0.32856471885149 -0.0146249681213711 0.092034194727323
-0.0992026015080988 -0.457471595905356 0.130670337117296 0.311541178875125
-0.103553780380844 -0.287791554010373 -0.152420392849451 0.675270455408636
-0.274859305329703 -0.157650035523407 0.322620516443125 0.468286358936743
-0.233843326866898 0.0774019786305488 0.19874871376217 0.031566120167672
-0.0744096894200379 0.165897188456534 -0.033077530836643 -0.0156364070786864
0.0133691321283428 0.158530120655651 -0.0651169884589316 0.218224537611198
0.0858176810397233 0.133553807918598 0.204784563540948 0.313479125682815
0.127604174673781 0.0910451939240143 0.393583861716436 0.206478704814796
0.108595277077547 0.0907951916301657 0.402064698273187 0.140700125064616
0.0819760805626121 0.115742532163055 0.385779319091225 0.17908815359866
0.0329526602598474 0.146154352834583 0.283496043582518 0.259148950790149
-0.0444053990555975 0.104607905725049 0.11280552014814 0.289560305583481
-0.0555977362231929 0.0349522220327422 -0.0446008386925848 0.199077074330011
-0.0732931743086638 0.0172582291679289 -0.0960024569896654 0.155006925268809
-0.119822138610817 -0.109844705032105 0.0235071218965583 0.135878688982879
-0.11652644473387 -0.225493879176152 0.145117217980874 0.413812516114748
0.0775259872685297 -0.00738454386437204 -0.163454423731185 -0.488921950405586
0.0138838840393464 -0.105720515201962 -0.151255287313902 -0.158409871366395
-0.0924141283264232 -0.0418548898927998 0.015520450110565 -0.124873725603663
-0.0578129343828841 0.0957434166115201 0.0198624365870702 -0.143523586984063
0.0339930114103633 0.082362840108019 -0.0703342649801268 -0.267532909515896
0.069455870803685 0.0292288080514125 -0.277924093788353 -0.275492356462383
0.0618076318056633 -0.025752424253257 -0.406617663599341 -0.199009083248982
0.063162786258807 -0.0431237864340277 -0.426056423963603 -0.155863831682558
0.0588908160683554 -0.0306410681622315 -0.396667783709771 -0.202237079190848
0.0429327226997404 0.019999866766637 -0.255945021865175 -0.281589302752868
0.0127061590991158 0.0632532724296842 -0.0361605566539181 -0.247671759907824
-0.0631563330658658 0.0408047743287814 -0.0193076696219368 -0.034592644953383
-0.0505223005664088 -0.0882114872224083 -0.215058726908881 -0.122827491750482
0.104277227958401 -0.0894719509285267 -0.318563562324056 -0.461138002783771
0.13448189949378 0.0377116096036195 0.0800231378424253 -0.804113593722059
0.0737182247859397 -0.211166213144007 -0.197207693980194 -0.480289539172629
-0.0861348528067737 -0.238802012650338 -0.154246452518727 -0.157405981154167
-0.215844611770501 -0.0654326583249192 -0.0312662522259984 -0.140210803070459
-0.138392595828583 0.19338551847175 -0.0149757727726293 -0.112359823359138
0.0312184538712916 0.228640180222492 -0.0735165775035242 -0.215659940426161
0.153249947450336 0.161598413823521 -0.232102283928586 -0.236898561749887
0.208530119172361 0.0495740200373929 -0.342681804399958 -0.191375516876985
0.22996417112088 0.0216737956655553 -0.369659676326712 -0.153590968566895
0.231725957805068 0.0515106101886044 -0.344441607678744 -0.190522122200152
0.182933953975943 0.2006720522925 -0.227505059295607 -0.250066616468729
0.019413537260191 0.302185722319274 -0.0387062865833443 -0.20941986062851
-0.213101951156937 0.247379274651341 -0.0610495562414963 -0.00676762694296764
-0.342535043522694 -0.0989059921479688 -0.263016173613747 -0.123646674109767
-0.109760075958943 -0.343116100207225 -0.314907500955869 -0.464154663567442
0.0907099539973974 -0.285239252701277 0.0702113984631538 -0.755610197745754
0.052793345860722 -0.396779568049002 -0.232838068217941 -0.399098424125371
-0.20012804824603 -0.350322988992055 -0.133075797981192 -0.125442478866232
-0.337523746828393 -0.0702537909207741 -0.0538864916477235 -0.1582273625197
-0.208942863196242 0.289740428773522 -0.0494942614078636 -0.104285041808483
0.0303357742793606 0.360146193681545 -0.0923069615024438 -0.159258705894327
0.223687854964248 0.27787454541018 -0.176566336334174 -0.166554695061945
0.328348587536517 0.117448836455022 -0.237695071679529 -0.157288010357762
0.362826913593253 0.0836798640778991 -0.257430414733622 -0.130018289676019
0.367657533753316 0.129613299373215 -0.233149695863218 -0.15039412901674
0.291980154942093 0.357088756643847 -0.151099287229619 -0.177455091785062
0.0195586382988219 0.504904825556733 -0.0186608219065685 -0.128717131063238
-0.33787695141876 0.423789057319441 -0.0893546349899247 0.0486901967814505
-0.589695230637349 -0.0957619536483199 -0.294615300080536 -0.0817348097896426
-0.303767745901905 -0.550510539877212 -0.289708187132846 -0.400734253636538
0.0391144918526617 -0.560071601704552 0.0704995454581784 -0.604864295184939
0.0141074373904778 -0.545127835528076 -0.257608686918933 -0.241417123598771
-0.336429518015143 -0.430874462385921 -0.0733170136231441 -0.0502863646461153
-0.467001987739159 -0.0411819471966072 -0.0430307276169915 -0.16762117928576
-0.259594579698114 0.396138105906817 -0.0785529014434606 -0.10632445440967
0.0411751380549438 0.468799787224911 -0.116695630326209 -0.0877262607883359
0.280653130393746 0.363181838173965 -0.106605974973755 -0.0669137199748201
0.409675678679829 0.167315923825944 -0.098986862554055 -0.0972197895046754
0.438664576501067 0.129823423850306 -0.106123008837759 -0.0851147286352737
0.439380245526924 0.186581950880236 -0.0805531706383404 -0.0870932452182639
0.349830861822503 0.459616133010614 -0.0383859455430262 -0.0732317730888842
0.0187829499704829 0.626009320881703 0.0203811579184287 -0.0144177512882959
-0.407799713453896 0.531206724250137 -0.100444003643588 0.12308831048704
-0.735934383583086 -0.0768262027792517 -0.295757752768087 -0.00631981863343287
-0.43929035514283 -0.667265211721157 -0.236658683462054 -0.276440075854875
-0.0116243804163391 -0.73021001519483 0.080049423027751 -0.374212311066763
-0.0347679566208449 -0.629607697981755 -0.259504814997781 -0.0172425934128108
-0.454864255994888 -0.464267573266152 0.0295784420555183 0.0685224773183247
-0.564405464947572 0.008185437975915 -0.00152279271506541 -0.157010746327009
-0.282477017136819 0.472532074740548 -0.0970176363010711 -0.097728454153597
0.0560146878604021 0.52793623819859 -0.128169288042385 0.00592985110724819
0.307822753188817 0.400063444636193 -0.0162749649791669 0.0519482633824735
0.435053693194836 0.19362001130898 0.0600674044092838 -0.0199273182434877
0.45001224403724 0.155261229218039 0.0614948995540725 -0.0273249046382723
0.438289209756046 0.215276424257569 0.0855945786019579 -0.0112370483071853
0.34373807857356 0.483493874396948 0.0896946142508506 0.042179922720913
0.00810988304899604 0.634132313693697 0.0707790463808899 0.110810553600108
-0.396902119349428 0.528114325336116 -0.093515106079898 0.19442228841934
-0.725650302631645 -0.0523666655112838 -0.262216490975913 0.0789553514438211
-0.471341811053167 -0.657942251239646 -0.159103765672562 -0.124431577265961
-0.0557620438285724 -0.763941778001454 0.0955120836435362 -0.112022350240894
-0.080536159130661 -0.621488055966016 -0.233953732773685 0.246498750915302
-0.502118190057843 -0.430660660750019 0.156788359015138 0.212340548790881
-0.571415438753116 0.0527761689885453 0.0621014698863272 -0.116997387952411
-0.260502291703517 0.470472973698215 -0.0984741904506612 -0.0696264528812913
0.060444671095294 0.495582788661209 -0.118148079362522 0.109181685265652
0.286220361616206 0.370979904660462 0.083652670525063 0.171017072062769
0.395966872318037 0.184884055959105 0.215647080643782 0.0633378934922416
0.391952468369911 0.155451373385478 0.219394141341971 0.0351746062745803
0.365913408325276 0.21290787141828 0.23714945611101 0.0634889408183295
0.272709698803763 0.42525802778676 0.203730019450106 0.145694008561672
-0.00995488021533988 0.518396963612761 0.113951821734827 0.215878745143091
-0.314138066680281 0.403964997074935 -0.0750253194873992 0.238258263020396
-0.561614239251246 -0.0334481240154611 -0.207145441687137 0.144164708688993
-0.396592918367453 -0.531069476071896 -0.0787338359647045 0.0104796849716722
-0.0891133732498178 -0.660888997580304 0.115595143347907 0.130075053835638
-0.110113242904029 -0.503383158423361 -0.190274320069854 0.502760362431528
-0.442602646264461 -0.320788966351398 0.273962603535561 0.354383452439446
-0.452275155684853 0.0785226084911081 0.134169105244153 -0.0505865693826515
-0.18510959411781 0.358418335367179 -0.0781949626915499 -0.0347225889553273
0.0455818070887543 0.364858839367433 -0.0919750638940291 0.193508646060463
0.210077832589715 0.27756423606935 0.170381250147191 0.265301172534179
0.290289914154608 0.149060434077776 0.340221311323761 0.139307723576624
0.272245567189582 0.131910803077092 0.34563993991794 0.0908600940463374
0.240107745285055 0.176242089122635 0.348828588153318 0.126864954716424
0.159663922176327 0.30405129016039 0.277104622669824 0.217820485999686
-0.0336390798385497 0.321358021670099 0.13356783596143 0.275825118365007
-0.18820761098076 0.213757427045513 -0.0547783118080065 0.239270798607152
-0.310046700241466 -0.0126105715127788 -0.14622584753508 0.173467264676319
-0.262721027299023 -0.32880192620046 -0.0140818913178951 0.0999156134735962
-0.11165269673181 -0.462516546637188 0.13705195255235 0.310314943943551
-0.114761769926541 -0.294324180419358 -0.140821204103289 0.702295374547451
-0.288695630901606 -0.151321079782089 0.350104836025013 0.46915754050698
-0.235600066791014 0.0884193319634468 0.207306861432361 0.0240420872256219
-0.0701071384770707 0.173411386720896 -0.037299445778102 -0.016294220642282
0.0188940379646908 0.163134090336116 -0.0632683134040687 0.231502704089072
0.0918942642392143 0.135521153598304 0.219293917579996 0.316707981797042
0.133458494688286 0.0900918988482901 0.409407763963274 0.19468254598923
0.11283023603831 0.0910600109707655 0.419564655190241 0.130296031595729
0.0876575021162013 0.118287161847897 0.403439861147075 0.168479636865998
0.038275853173985 0.149488625161613 0.302969016425263 0.254374288273048
-0.0449329355566266 0.106825210663785 0.130025397674094 0.291220718268511
-0.0550624120178447 0.0324686278445761 -0.0359695026219773 0.20738689139925
-0.0680092415763396 0.0192274188283457 -0.0890674827393008 0.16952363418245
-0.126295267895854 -0.106159450456564 0.0271496493111538 0.14196646985845
-0.126673264114524 -0.223605065484224 0.155225544931658 0.413798545466368
0.0809157918238223 -0.0139299564467876 -0.186809655588071 -0.48256866107948
0.00631976582466688 -0.111998807711161 -0.157598276465784 -0.153195296672048
-0.0994304335171639 -0.0389569401165478 0.00339074786610412 -0.132155999823825
-0.0541153180522938 0.102210738452978 0.00683852818128205 -0.145337173939419
0.0402435784063652 0.0822845914140773 -0.0909262758241771 -0.262285806567651
0.0748546592815347 0.0242562783711466 -0.296502577863572 -0.258537098452868
0.0632129226112403 -0.0322055019897209 -0.420938426650867 -0.177872021400856
0.0618522788590291 -0.0494283401510926 -0.43926556699515 -0.133711741883571
0.0586207432591632 -0.0366753938280297 -0.413967053517669 -0.184033839395793
0.0466718585595791 0.0183568357491624 -0.273328826535269 -0.271169128842949
0.0197900101815888 0.0649814955183633 -0.0484733105808398 -0.249079222261483
-0.061544361569773 0.0468305755675536 -0.0192669303415236 -0.0306894235571799
-0.0577506740912671 -0.0872305604024132 -0.229873929946737 -0.111158012848388
0.100872225783095 -0.100015518498764 -0.350287373804144 -0.445663213539862
0.141065929435733 0.0293329211008092 0.0443360363124271 -0.816695246907138
0.0680423914105947 -0.220740260456239 -0.220325358792011 -0.471444171163982
-0.100827062493668 -0.241367522762034 -0.15980489496932 -0.152946241898849
-0.224961655214317 -0.0587851975942985 -0.0463253827318101 -0.143672511466554
-0.130042729317937 0.203869115546874 -0.026458127745703 -0.110570581557973
0.0458842381257498 0.230221552506093 -0.0902544213842337 -0.208836964240322
0.167347000653599 0.153873598175116 -0.247540087567199 -0.223428138973124
0.215308864884606 0.0362501891380657 -0.35682793024211 -0.173856628989358
0.234224954219761 0.00611826439599197 -0.381777603778684 -0.135967550586867
0.237264145959472 0.0369074602507144 -0.358951446896801 -0.175940445409088
0.199259973529713 0.193424626997146 -0.240694347489861 -0.239156452241971
0.0398758595745306 0.306194331536234 -0.0489189895541217 -0.208788626296784
-0.200829291734505 0.262898387373723 -0.0594307254169921 0.00145163176840335
-0.354221763180339 -0.0833483341290927 -0.27878258281251 -0.107898755215417
-0.128957112681959 -0.345233746123375 -0.346095497298809 -0.448240380270965
0.0837873028860062 -0.296025772622963 0.0353197165892349 -0.768345771003379
0.0394294012340308 -0.40805823401773 -0.252667545708124 -0.386908122262045
-0.221728778646201 -0.346958013971398 -0.134816143516453 -0.121442052889248
-0.346456904573718 -0.0568773561697246 -0.0717067512991639 -0.160114374246222
-0.195147861794515 0.303792862884233 -0.0612075882226389 -0.101027068221603
0.0517364958778539 0.363481363103767 -0.10559320633618 -0.149032842019156
0.246184739604751 0.267227620632068 -0.187481648598281 -0.155258113513246
0.340278180579739 0.0987194210340341 -0.249188133868003 -0.145965708111067
0.371374803753594 0.0617966471153425 -0.265476435962904 -0.117563574738579
0.378814024555604 0.107448801377429 -0.243771466736744 -0.140439670486814
0.319473764172157 0.345614004153561 -0.158211666839011 -0.169939644529571
0.0518681750591301 0.51063515271957 -0.0243200657703526 -0.12788893704551
-0.318470091368507 0.446780420711359 -0.0846908249301754 0.060952027672913
-0.602975027675791 -0.06710837001503 -0.306124914856483 -0.0628683720693906
-0.337325297871498 -0.545507401713706 -0.317513539684592 -0.383215610180021
0.0203606135919553 -0.57234859867847 0.0417990807825 -0.615121162545248
-0.00802460802544313 -0.558140471644313 -0.270571810634811 -0.226967934439682
-0.362322390512404 -0.419538983271588 -0.0708158351598429 -0.0499706635132789
-0.47593036060847 -0.0205203478459535 -0.0613195474203421 -0.169822461812775
-0.241069770293733 0.412539388073972 -0.0903796151018288 -0.101961345830833
0.069183400919817 0.473345071106497 -0.126783842683418 -0.0744115061786757
0.307265399872935 0.351504576470789 -0.110705484198841 -0.0590135291760721
0.4233641145396 0.14528434483719 -0.107204300563563 -0.094429918252338
0.45219210734475 0.105649021937969 -0.109572691297999 -0.0809483962402841
0.45415416211838 0.162657103546775 -0.085706465148736 -0.0847220283618338
0.384475029097112 0.443892144745038 -0.0373315073058721 -0.0706803664184814
0.0546904105578613 0.635565053042822 0.0212876292593449 -0.0146192155171558
-0.38449510361459 0.559456992854668 -0.0920664760406192 0.136040191936704
-0.751399426613383 -0.0409238021680629 -0.30029725284593 0.0155366677886517
-0.480327646444064 -0.65543548545715 -0.256239790450799 -0.261695951466079
-0.0391105496953275 -0.741364024316824 0.0596531547708705 -0.383470714945087
-0.0632726534615756 -0.6402076369534 -0.261261399202203 -0.000277063636324804
-0.485194297973956 -0.446867909076811 0.0401276784222602 0.0630500745318578
-0.572407274835846 0.0335191592417929 -0.0180491977419642 -0.160028223261085
-0.260871963607186 0.492627030554252 -0.108558608946428 -0.0931505448009894
0.0881960320969141 0.531443177706543 -0.13370207458085 0.0205345858483893
0.336208081844965 0.388020150973751 -0.0130455101516987 0.0558101960804213
0.45031101024449 0.170327286779654 0.0559029353644825 -0.0262701664991196
0.462787725240996 0.130339711924278 0.0629920055827174 -0.0308533932567103
0.453848769026823 0.191137418738788 0.0873703493812311 -0.0176223588482376
0.377547085613207 0.469730491836118 0.09912627563321 0.0383623841861977
0.0458791429319187 0.642126683946983 0.0790239297450743 0.109226943548847
-0.373885932827386 0.553623400188289 -0.0795847743712007 0.208508508904784
-0.736133121837711 -0.0152779187459839 -0.259538124209388 0.100907873008196
-0.511073728016371 -0.642989431345141 -0.170112776238161 -0.111154167873256
-0.0846051921052353 -0.771621850489442 0.0854881671959937 -0.119575275598684
-0.111798344180266 -0.628856556346045 -0.224306536146402 0.26486977508349
-0.530876147126034 -0.407534970060446 0.176874623808489 0.202520163795756
-0.575305591107555 0.0810979694669102 0.0516183182359487 -0.123882054952041
-0.236120063708022 0.487594207680274 -0.107317650819291 -0.0655779244621265
0.0898248444387366 0.500030552729954 -0.117498820501884 0.124741377897883
0.313106826214711 0.36159061545249 0.0945701739339312 0.170434960633971
0.409948202917388 0.164914937346391 0.216937412555512 0.0485599287377645
0.403766446903584 0.13421799287907 0.227022415317414 0.0230924397200225
0.379884604992573 0.193141542820236 0.245358852839238 0.0495447961627024
0.30195251675228 0.416510918457609 0.220566436841332 0.135275970727067
0.0172150940094556 0.524715514188409 0.129919436690449 0.211427586353698
-0.29699530400128 0.420837597132212 -0.0592769768254435 0.25078481411552
-0.565167975547479 -0.00703404500585226 -0.197693467582704 0.165107825791134
-0.429274337325184 -0.516569634571653 -0.0810011002853153 0.020982974436178
-0.1150812815012 -0.664065712804092 0.116653030198099 0.122863137112649
-0.136173676930401 -0.506803977910981 -0.167670408372539 0.521513383281481
-0.465883160962608 -0.298483655055017 0.299821597543858 0.338940415075977
-0.452014915675873 0.103303171883272 0.13096106193807 -0.0611640023795461
-0.165568475519192 0.37259591345376 -0.0835345130684676 -0.032264327781933
0.067573069390757 0.366573977844741 -0.0860373338898641 0.207522174343373
0.229405650778652 0.269903843717907 0.186041280837691 0.260671091339461
0.299818245138951 0.13416158523007 0.347271576338072 0.118748566489694
0.281294319853167 0.119796404592883 0.356788019974324 0.0725298749013888
0.250776030070902 0.166179994715954 0.361630009345559 0.107136406012645
0.178753134216783 0.298889886891017 0.298049436886764 0.203056319019049
-0.017886714159179 0.325544745149897 0.153528136727054 0.270414182892732
-0.178407524863349 0.22158155416819 -0.0386800762315088 0.247441170033016
-0.309720001469696 0.000296212615895072 -0.132784780049741 0.191810707848967
-0.280659442877858 -0.317036004283444 -0.0109668891622551 0.106518032066221
-0.131679877811188 -0.460879317912811 0.14705893262967 0.30238394709116
-0.131216963013577 -0.291990679311751 -0.110851986912048 0.718788166350502
-0.300622274753836 -0.13487710613415 0.382790375034329 0.452402322639328
-0.230728167662309 0.102012294693299 0.211911306684148 0.0103343669206825
-0.0590239864711894 0.179717583410897 -0.0400606070037057 -0.0161967216536518
0.0280174886219698 0.164593107863973 -0.0551931877335224 0.24221897764866
0.100661867773032 0.133240279903967 0.237895001488651 0.311001279365738
0.137804983527223 0.0844480444152608 0.421086461536784 0.172967903288694
0.117892404251705 0.0874256522397635 0.432543627796343 0.110009026259928
0.0941744477650764 0.115729347620261 0.420050137963086 0.146356863762466
0.0467213916213475 0.148772902527905 0.325545431504202 0.236607762628043
-0.0419664003277989 0.108384771162029 0.151188375962921 0.284252950998087
-0.0546424387405031 0.0313183197186763 -0.0203180504880956 0.212069913557089
-0.0624679132800134 0.0210254432017946 -0.0744264523445123 0.183812463019945
-0.133361903066055 -0.0966974660012356 0.0340431070268278 0.144446957916703
-0.138676731548708 -0.214840019123839 0.174593631082161 0.403623535413731
0.0817682477097346 -0.0204796208244062 -0.206199736088993 -0.462868348338979
-0.00303588509729639 -0.115126710166666 -0.159228436805592 -0.144077481781357
-0.104499050980541 -0.0347178120628199 -0.0102018207357781 -0.133922313635008
-0.047948083693298 0.106301654863348 -0.00693628019068998 -0.14136402944845
0.0451257474507162 0.0806532760816524 -0.108193402124486 -0.248417230105704
0.0777465347511909 0.0184765037874851 -0.308109095750924 -0.235408352932191
0.0626188466368582 -0.0373617336595993 -0.421973975954018 -0.147928713212516
0.0578771815554255 -0.0550546376416276 -0.441415984065732 -0.108552712897672
0.0568943600791366 -0.041712419580997 -0.419015877556137 -0.160111158076403
0.0493376664920084 0.0153669300653086 -0.283291322710914 -0.253198820346638
0.0261731758299584 0.0634818389616686 -0.0595663475045055 -0.242819526750435
-0.0583579119884265 0.0518871872601284 -0.016918324777477 -0.0262010116355137
-0.0644830592642325 -0.0830872272251103 -0.238031397849389 -0.0943970245430909
0.0940364037828093 -0.107550402517793 -0.369484502258473 -0.417792056337053
0.143579519329675 0.0201848762374535 0.00596274148609078 -0.808874519128314
0.0596060696924061 -0.225965196480354 -0.238111250537701 -0.449987600374161
-0.114148097868228 -0.236225061205056 -0.160732696483948 -0.143659782021063
-0.229504764635696 -0.0485468691171612 -0.0616250641153536 -0.141592705716833
-0.11789825264276 0.209411418727209 -0.0375408551803009 -0.104981744761259
0.0590916404539736 0.225815107363226 -0.10395782114914 -0.194541355934953
0.176942536416434 0.14145122688887 -0.25648044659558 -0.20288341830278
0.215384798461235 0.0207233893521149 -0.361468038973183 -0.150913000016837
0.231538753918104 -0.00987879896156735 -0.383613675081686 -0.11305201690272
0.236382118642292 0.0204773616992 -0.364558209454545 -0.155272993612257
0.210018484993786 0.179613848255914 -0.247153400024656 -0.223421923587983
0.060120790185996 0.301217670051879 -0.0579548272481445 -0.202728487696793
-0.184274223057477 0.272120261331899 -0.0553876508772834 0.00946676145314009
-0.356749029703993 -0.0641232989283997 -0.28564535531325 -0.0875028172248526
-0.146073772146318 -0.338364099792101 -0.366590651543662 -0.41806350528903
0.0739712337009833 -0.300273551399005 0.000612308731771147 -0.758620841194507
0.0221017583807094 -0.410074310004817 -0.264943592525482 -0.365283945079475
-0.237664370590522 -0.333706246793559 -0.133672116233406 -0.115537228637339
-0.349006162918786 -0.0425736240870636 -0.0875112498035187 -0.15543702987644
-0.176329815054162 0.310245324353976 -0.0717679845781418 -0.0933957235702152
0.0725649133406691 0.355604932177242 -0.116659367458131 -0.133895690118565
0.260521147665257 0.249235819216236 -0.1928177069049 -0.140273092200325
0.341059645784097 0.0760618157627042 -0.254774660324971 -0.12964971516172
0.371378099252587 0.0380643069365366 -0.267419046607231 -0.102762367292125
0.377392359073074 0.08196712000959 -0.24657084891294 -0.126262223007095
0.336506140366125 0.322669418931424 -0.160809274487125 -0.158583278091731
0.0834206448461147 0.501071861708668 -0.0294711431881305 -0.123550651666403
-0.289838909299514 0.458298861522912 -0.0759866232213052 0.0712833860744959
-0.601173810252221 -0.0361121577094612 -0.308385742393492 -0.0400681736131163
-0.362250215697192 -0.524049338009693 -0.335657246987405 -0.356087889004408
0.000144353403333526 -0.570190204139048 0.0102036730336621 -0.609634121884663
-0.0324764392371645 -0.555224917431448 -0.275466106405795 -0.207456132009953
-0.380324970906501 -0.397887256801104 -0.0661370067097738 -0.0491846725622994
-0.472348428658389 -0.00104512745340876 -0.0788737067135129 -0.165216640266603
-0.215920660806713 0.41907639131324 -0.100511843927219 -0.0942287569955521
0.0954501023023993 0.465067088415375 -0.133368824556738 -0.0579645288791531
0.325674598909505 0.329339073867525 -0.111310677610383 -0.0497766591226336
0.425066757837135 0.118565601550207 -0.113708005989721 -0.0879224842809985
0.451360694043269 0.0773262957187764 -0.110396731049765 -0.0752525393656372
0.454668687322404 0.13359924835377 -0.0872477955738672 -0.0796540961550707
0.407423270741447 0.417813003367006 -0.03488408979477 -0.0680844568368299
0.0924080846313081 0.624408214809135 0.022737897057434 -0.0139054256787511
-0.349125296416493 0.570442732383109 -0.0785347607816819 0.146803332788688
-0.745245612732011 -0.00348551305599765 -0.295444803256811 0.0380626133063987
-0.50666068404694 -0.624095259117546 -0.269697977698192 -0.23783365267876
-0.066464342990139 -0.734010323986896 0.0345960789347711 -0.38158560600555
-0.0929722845733407 -0.632989961000508 -0.255367767702464 0.0163104788378096
-0.501542755156124 -0.417491923514252 0.0487198861528408 0.0556741806890398
-0.563216149872853 0.0588199361181988 -0.0330078974856922 -0.158565903772244
-0.231073399554515 0.498492577155805 -0.117414662142477 -0.0853846373924001
0.118247121725865 0.521047699910899 -0.134495874499718 0.0364386884663233
0.357114806484626 0.364750318105988 -0.0090894366057625 0.0583273768896158
0.451802127072143 0.141589130962778 0.0500009811046108 -0.0300793450067582
0.463191852457657 0.101567974503914 0.0627304378957466 -0.035885636560101
0.45682622752608 0.163180018150641 0.0880869321021577 -0.0227391738408255
0.4024226104761 0.443519507684148 0.107079722779522 0.0312817568222196
0.081637090647675 0.632693900163695 0.0863594372142636 0.104282288442824
-0.339846063676556 0.563608891972543 -0.0622048994688289 0.216926692504238
-0.728619220451657 0.019328294795899 -0.247416762358717 0.122156598599255
-0.538645984969686 -0.609358312690968 -0.175267592892194 -0.0948440364521809
-0.112100270903534 -0.759735924123393 0.0728081678143621 -0.12297390401358
-0.140649584226638 -0.617520405992233 -0.206765070962743 0.27630915187088
-0.547133987436019 -0.374452119988647 0.19034419811234 0.184909228192099
-0.563528394942334 0.106827660686795 0.0385420768845516 -0.126353764823332
-0.207015486631237 0.493219797420836 -0.113873165877789 -0.059681672951956
0.116392356073371 0.489232819376284 -0.112143216211436 0.137701658007278
0.331427628683826 0.33936500489522 0.102930760172511 0.165578239035544
0.411272528876244 0.139423829435979 0.212299618010142 0.0348000070398358
0.404704273996084 0.110983924936621 0.227806829216683 0.00926902215076877
0.384218492238387 0.169271498216967 0.248217149113375 0.0345713868721366
0.322824607788738 0.395351111736069 0.231107220056763 0.11885403303854
0.0463792364670471 0.516846639876458 0.14229798772164 0.20131585155483
-0.270931318522094 0.427078946644843 -0.0397254240548272 0.256180320356886
-0.557059465143059 0.0191178644256043 -0.17967067977662 0.181607140441716
-0.449657513917349 -0.487662184423179 -0.0798169790524549 0.0302033493490123
-0.137985099604432 -0.649708692434998 0.114305967715812 0.113598949704956
-0.159958571174713 -0.494767297748138 -0.140168081865315 0.52607978808491
-0.475507713746609 -0.267532656053817 0.319333559286656 0.313137952791338
-0.438871760638986 0.125542592162901 0.124062785054605 -0.0694693836476495
-0.141896857115914 0.375958209581436 -0.0870128268783502 -0.0288513086336131
0.0869370163411365 0.358227472194662 -0.0768092462404771 0.216081100756798
0.241968794761138 0.255025665046262 0.198146893656759 0.250070004255158
0.301918321451927 0.116160169043438 0.344676109741198 0.0963832268642659
0.283426070545781 0.103503826243611 0.358713525959558 0.0508384831936378
0.255166497292663 0.151149277136069 0.364810361393111 0.0838236565420695
0.193322464760329 0.285758389371261 0.310393806730276 0.179740840011463
-0.000690985276439822 0.321585623088523 0.16962437956049 0.256023279415404
-0.165235051562477 0.223522732853654 -0.0199949935347944 0.249784387220636
-0.301622461140545 0.0132215557411875 -0.113220961977205 0.203446855251125
-0.292031291332212 -0.295758611949133 -0.00605335104274818 0.109802235772957
-0.147924060462911 -0.444461077848329 0.152244766044034 0.287111834514592
-0.146270527607678 -0.281124098134179 -0.0755166107200622 0.718299664301969
-0.304605122872518 -0.113601498253082 0.404617879101285 0.422898274134584
-0.218968342133481 0.113023579906531 0.211755152400146 -0.00464937577428281
-0.0466932575933391 0.178426360753702 -0.0418982404129405 -0.0159769626539095
0.0371911847363491 0.1609753613718 -0.0436163455324829 0.246960397493064
0.107071164327761 0.126564748446206 0.251444278633598 0.296474983924684
0.138929934267361 0.0765002156327654 0.421728640493397 0.145775055329625
0.120255070346468 0.0815774098316383 0.433577394954382 0.0842446815803818
0.0981437789734198 0.111320255942643 0.424976870682997 0.118824416537536
0.0536545536257508 0.144462629281465 0.337315166459487 0.210877854779363
-0.0383718640498066 0.108053387339598 0.169156577446639 0.268922624979379
-0.0533301401920045 0.029758323770831 -0.00406752124950078 0.209781791757184
-0.054706987239256 0.020623015233865 -0.0553353456626048 0.1903276995279
-0.135707195585349 -0.084311476427262 0.0407724921027756 0.143238007601534
-0.147149040978517 -0.199448847161338 0.184447745122384 0.384906999540142
0.0805884892661621 -0.0264024236235396 -0.211437863596724 -0.439537482793385
-0.0113699230160998 -0.115265176715755 -0.155167254699566 -0.136557125760211
-0.107800835994172 -0.0298574362934405 -0.0216343621467873 -0.133085643583399
-0.0428991724008325 0.108168367072002 -0.01741323562123 -0.134002073639677
0.0481747689577596 0.078534800108225 -0.118291576736164 -0.231106471217221
0.0780977433723908 0.0125776738294349 -0.308239440326414 -0.212217544077999
0.0607658435221723 -0.0414407292323541 -0.414281307368653 -0.126846043369291
0.0540619696610887 -0.058063287126711 -0.432785648896192 -0.087615074284362
0.0542978968133682 -0.0454826125555146 -0.414491053528429 -0.141274588171449
0.0504460792444488 0.0130040792703933 -0.282806199832202 -0.236439645550953
0.0303332231844016 0.0611230411613898 -0.0637878846077042 -0.234452762733862
-0.053385365149471 0.0553544910215293 -0.0142549311113639 -0.0228742270400342
-0.0685269132468362 -0.0791897705434471 -0.239786548269544 -0.0785386425426342
0.0866017676568561 -0.11116686649548 -0.375542258530978 -0.390135833046672
0.142642556098301 0.012133675143479 -0.0160693485828931 -0.784752075924419
0.0521490792165882 -0.225764410445114 -0.24026050623122 -0.424494573679082
-0.121997057829447 -0.228669426594899 -0.15598709359221 -0.137124346633767
-0.228909840072299 -0.04048260862004 -0.0730705398054266 -0.137024776741245
-0.107460016931586 0.209027863461363 -0.0459069866946421 -0.0967570053587091
0.0675354153975762 0.21828952387572 -0.111378706883039 -0.177845061425813
0.180063565163735 0.128416741322595 -0.255819366267531 -0.182864589862967
0.211066990000367 0.00918151984507669 -0.355584032398519 -0.131790030803081
0.223660673840097 -0.0210982434033781 -0.374970130112192 -0.0966043310486083
0.229243557944844 0.00877630115875949 -0.359257171675549 -0.138745728104275
0.213979025159618 0.165731668252031 -0.245513005247005 -0.208537325503276
0.0729777835183294 0.291307759867726 -0.0613367414131623 -0.194323799024952
-0.168837119866725 0.272422016124952 -0.0492891658155463 0.0159891797378251
-0.351683614282482 -0.0500108279389336 -0.284023855085447 -0.0700593919208075
-0.153931718455783 -0.327349071927588 -0.372980010633827 -0.389308292987307
0.0669621457671203 -0.298598021173945 -0.0227327215471178 -0.737484709158001
0.009952368411411 -0.403615129019613 -0.264581271194635 -0.34204983000077
-0.244043602726235 -0.318035783464357 -0.128968695297023 -0.112075698856771
-0.343989477283756 -0.0319604336033856 -0.0995007104240309 -0.148092266416177
-0.16094194401319 0.306536138310425 -0.0786644750539265 -0.0849910046062595
0.0859010170039279 0.342888681111247 -0.120779150543015 -0.116744622132802
0.265098881096671 0.230228574511735 -0.191839810106821 -0.125248990452564
0.333903371444675 0.0588382561067402 -0.253231941700591 -0.115763062047759
0.360506437462216 0.0198212141786363 -0.26146474120012 -0.0904957345898866
0.368761554883608 0.0641496817105225 -0.2430657864109 -0.114788776656063
0.34192533196551 0.299192969069304 -0.157196342890381 -0.148834036891959
0.10191593979835 0.485433275459745 -0.0311515828884921 -0.117738448316578
-0.266097236048125 0.455923136774081 -0.0665324711122323 0.0781025824289682
-0.588637661368959 -0.015491219336563 -0.30250282940785 -0.0218752480387377
-0.37141948771639 -0.500909999400722 -0.339753338419781 -0.329259034775962
-0.0129188614594424 -0.558666849681185 -0.0101184024676214 -0.59190496437981
-0.0485210645413705 -0.543375956221696 -0.26967008000902 -0.189253811499888
-0.383157666790939 -0.374223650182611 -0.0607351448740908 -0.0508736587593874
-0.461608228199882 0.0118426025839757 -0.0908635102205115 -0.157322340724972
-0.194559027889447 0.413341928654009 -0.105983210249844 -0.0859141966198716
0.112936247441431 0.448232531744779 -0.134166762853943 -0.042039351584157
0.332997074082704 0.305250363816277 -0.109093977342912 -0.0408637687809713
0.416277150097259 0.0968093140584063 -0.116544633557613 -0.080307558453685
0.440681547329026 0.0559369815014767 -0.107761424932023 -0.0700345389027378
0.447745283982041 0.112590181141818 -0.0850747262043156 -0.0761447493375061
0.413490877572702 0.391242876243424 -0.0307121534610315 -0.0662739798709628
0.117788689404691 0.604991618699356 0.0233385005499507 -0.0134244665725036
-0.316661186302161 0.565740492421611 -0.0645506328351155 0.152023865583015
-0.724641744795787 0.0217565374854057 -0.284234452406997 0.0553349341225848
-0.515654995536672 -0.592934619697278 -0.269720966698811 -0.215465031168472
-0.0801160380733062 -0.717139356933119 0.01848011077799 -0.370830052059682
-0.110052056370815 -0.61598957071887 -0.244710532076677 0.0261931020151993
-0.502470977857214 -0.386519000226832 0.0535408935390213 0.0463147315497764
-0.546992342107766 0.0727535432523825 -0.0453780057453652 -0.152417587473323
-0.205349132652779 0.490487992866949 -0.121903872093443 -0.0780856622366234
0.135700324732788 0.50238140163474 -0.132150328234553 0.050174423698231
0.363616382776408 0.339665052775479 -0.00590216041904169 0.0603660526985062
0.442493021611427 0.120068038155266 0.043416690586298 -0.0311449476729761
0.453531290841856 0.0804210213840006 0.0625114117603685 -0.0387970644560585
0.446972612604162 0.141254893948733 0.0883446822436027 -0.027011032152227
0.410476876237517 0.415518224752184 0.110859402143295 0.0234325285659317
0.104902083046266 0.613417856257492 0.0908596274778999 0.0986504327360881
-0.310860549020383 0.557091398327843 -0.0458934176620136 0.219730961975625
-0.708112102902453 0.0413859980536025 -0.231251155251661 0.134632962338297
-0.544738992049921 -0.576726169708215 -0.174322948442092 -0.0793340069837048
-0.126319266514193 -0.737432322681545 0.0622540364962422 -0.120986141072082
-0.155944990355304 -0.598274602201976 -0.191011598394918 0.275965237552703
-0.544921011493988 -0.343605623992503 0.194941888803083 0.166349884449217
-0.544665544323036 0.121236147889326 0.0279522213889231 -0.125423803481758
-0.180864975869696 0.484944659501921 -0.116660014881383 -0.0552712847177143
0.132748734472643 0.471039977704804 -0.107112550929792 0.14689427643986
0.337292550378733 0.316509627069031 0.106823906551393 0.159845944520823
0.402815119754576 0.119638352921737 0.203357436854568 0.0255678808814255
0.396132516187261 0.0912700017360684 0.223570245670867 -0.00117575049320762
0.37716399406657 0.152185410624054 0.245428658422256 0.0222043206093496
0.330299384270292 0.371967773358796 0.234922531801691 0.103112163022024
0.0657742873733042 0.500884003356698 0.14858401889516 0.189950066815591
-0.248682663769193 0.421127492604695 -0.022648251569021 0.254805971563468
-0.538933657919463 0.0327470374778706 -0.16106377085322 0.190528450174893
-0.45260353078676 -0.458563426829798 -0.0775842798930853 0.0382250326897212
-0.149515949957426 -0.628498453181805 0.107588653042783 0.105847481879585
-0.172416342391146 -0.475726640652986 -0.118925441961695 0.516015918799786
-0.470894955869227 -0.239379796804205 0.322269102221976 0.288002605188008
-0.420609355171757 0.134899164815449 0.115847407951163 -0.0741138509248259
-0.121712816007286 0.368029305378439 -0.0881110823777336 -0.0273993521545007
0.0982884895834692 0.344560215340358 -0.0690067095031699 0.219566727566708
0.247191653579873 0.238737957578985 0.201348320751797 0.238482674529634
0.295074594164405 0.102736019327697 0.333575797856067 0.0809543196338572
0.27802542998289 0.09076340765048 0.351338806537934 0.0349341847310514
0.252107142443555 0.138816539331355 0.360746932850389 0.0648536792657619
0.199679116779841 0.270291717511107 0.313357379728236 0.158195094603448
0.00954509262740189 0.312496183076999 0.177683696818667 0.241085380248534
-0.154020209648627 0.219247358201703 -0.00492564803346794 0.24537299466311
-0.288727983593311 0.0197947265366162 -0.0932207768031989 0.207984227513043
-0.292592011732269 -0.27500350668798 -0.00250246591844755 0.110604490806104
-0.152676152559596 -0.425214092791817 0.150480431992652 0.272142023307822
-0.152201976424655 -0.26688134381204 -0.0521937210640821 0.700921192238505
-0.299518438348394 -0.0958212717123191 0.409673025738439 0.391471908251012
-0.205946886256976 0.116677382308944 0.206462597141506 -0.0153235475619067
-0.0368266134424846 0.172957038936737 -0.0432643499207696 -0.0165768669394051
0.0424112513274368 0.154154554800764 -0.0356535979636516 0.245575671323016
0.10891652803548 0.11864852362865 0.253526423538886 0.281105518487178
0.135982389838856 0.0710869638101327 0.412117553270308 0.1276588826114
0.118835329429742 0.0764650349578479 0.426074421776335 0.0645311005556405
0.0996120843659423 0.105925998239696 0.419107627195859 0.0961625651487663
0.0572658255207402 0.138654084245528 0.338971435678837 0.186324783920052
-0.0359210248289779 0.106016401344815 0.17782609070519 0.251256080729148
-0.0516630664048485 0.0268023101610898 0.00753386330341798 0.203745338213237
-0.0474502253300339 0.0190215580432393 -0.0381274589670733 0.191617376869484
-0.132551313712976 -0.0729080165536736 0.0439315647251258 0.138862077430753
-0.147746339314931 -0.184131072280028 0.184980402479611 0.363370453050127
0.086484814664032 0.00943242997137667 -0.00869822816393908 -0.481285642919719
0.0372745236628702 -0.109583599317921 -0.0842170954148988 -0.185736510329519
-0.0875400506702716 -0.0742156748235798 0.0273611575899293 -0.126597780933008
-0.0852120212713341 0.0791619607943229 0.0384773823609952 -0.122643070750823
0.0105941939346153 0.0939534780710938 -0.0108923126718809 -0.251182973476122
0.0665908692435696 0.0428385334894178 -0.185743383452006 -0.312938209361996
0.0723327436401447 -0.0144194222186195 -0.316396675518316 -0.280056207523014
0.0713365800187224 -0.0330428916808175 -0.348492666323863 -0.253000129886415
0.0645070481540484 -0.0209319555653351 -0.309775651788817 -0.291460831036312
0.0399292421422899 0.0331632421760032 -0.154530860808068 -0.325809177082752
0.00380073515986938 0.0670812970575699 0.04188379228458 -0.23224512313676
-0.0698459425383998 0.0309490667909788 -0.00244108068256698 -0.0225375070592153
-0.0383950491784514 -0.0970083128746723 -0.184764490824558 -0.165264617678431
0.11030428678171 -0.0723410354916916 -0.179498465084797 -0.488405106570444
0.125314409957996 0.0498488365713208 0.306197488442502 -0.699980404886194
0.151405195989714 -0.18358925258431 -0.0620311054787675 -0.473138541215174
-0.00924626841308989 -0.255760947307203 -0.0900936436194117 -0.182149243393777
-0.189556827828084 -0.136136102700828 -0.0204763326062648 -0.141545967100591
-0.183373395012374 0.13839827832894 0.00212579308411268 -0.0945678451213991
-0.0308871828718477 0.22431884284388 -0.0189863241082429 -0.198207660212821
0.108707544687482 0.185876523859868 -0.144809289288237 -0.266094350644957
0.182879805506984 0.0910557328495487 -0.260817193137527 -0.263397568035631
0.208467780316192 0.0673456007375582 -0.293330468423697 -0.237527337320159
0.198839038676733 0.0962337472181697 -0.261856661634747 -0.263623116281107
0.12717747971542 0.232354044644734 -0.132910771977718 -0.281224294707922
-0.0462649910624387 0.289303866143698 0.0263826183767267 -0.19226449034326
-0.257062140989008 0.180080809802113 -0.0534323929202715 -0.000388528216600212
-0.308439089830679 -0.177162816474934 -0.230275943105289 -0.179201746894131
-0.0259479864497691 -0.3549948837135 -0.167126905210673 -0.501730693021513
0.173192419367074 -0.260535095099207 0.294151893348941 -0.657686201955675
0.194824488513203 -0.363650170915782 -0.136446548714578 -0.402499289931319
-0.0750329000456396 -0.384111252167539 -0.0821621141382388 -0.14423859170997
-0.294039070319473 -0.178851196836968 -0.0405705781306233 -0.154389850425277
-0.269929050614571 0.199422097815024 -0.0278879370640458 -0.0922285900151475
-0.0679741574334682 0.339611306479408 -0.046288257217265 -0.145678715463964
0.141423574909974 0.311032707263354 -0.105389838581216 -0.188299312274699
0.26956216890255 0.184192688175319 -0.174304626921473 -0.208068015612847
0.315244156723122 0.157631498758475 -0.194508703137526 -0.187608451140125
0.302763682814258 0.199834216772453 -0.167863629437703 -0.193550021302319
0.190339412682288 0.400245725602922 -0.0784468619313728 -0.189768429501812
-0.0927996705576201 0.475942214130264 0.0213696910559779 -0.110522404833229
-0.414844095008829 0.306764565206254 -0.0968606502561583 0.0486148634069882
-0.538052799830002 -0.235342047191174 -0.266307987904802 -0.146491040206583
-0.156147670531123 -0.591291144717594 -0.156059282258891 -0.444724718361436
0.199492318677316 -0.525829116967029 0.258151849554784 -0.520679666284481
0.204033670262183 -0.514959357886464 -0.217979162627953 -0.260214879094442
-0.172586647060357 -0.492265420053292 -0.0502619224047816 -0.0555022884905093
-0.414086058398353 -0.190126535930129 -0.0275465534774802 -0.151273216924645
-0.343437613317015 0.276089696451888 -0.0470108527622978 -0.101061487708776
-0.0866241176568317 0.440578096967728 -0.0838236986863735 -0.0843542819372758
0.169387754120881 0.403937123822111 -0.062535305917528 -0.0792510374382697
0.32606080819593 0.251949974112682 -0.0662127539711128 -0.122076515252013
0.371689860790102 0.223347104234062 -0.065312350531878 -0.108109499180765
0.352883701157981 0.274111778302883 -0.042800104529904 -0.0942905376877493
0.222361249274401 0.508745493605237 0.00138740640364057 -0.0632288538537482
-0.124653761456257 0.588635421356626 0.026698728643704 0.00473433266720315
-0.503509243611399 0.383815832039588 -0.126744222678754 0.117131940021209
-0.674325414315141 -0.254809943182147 -0.280752196700302 -0.0733402539824384
-0.249470887664721 -0.724226541785264 -0.137188284653577 -0.325279665089603
0.197265695482808 -0.691494070192905 0.200523438908041 -0.313948507847977
0.181832518484367 -0.608905276146842 -0.293176604360082 -0.0510685228486531
-0.270655193528854 -0.554673625149164 0.0102883189940711 0.0833139520436165
-0.515625366789592 -0.170924951089739 0.0163184925248025 -0.122228993321549
-0.384604498426806 0.338065478379517 -0.0581957637192964 -0.100792600322875
-0.0898398377381242 0.495829867060182 -0.117128523168571 -0.00146996872327427
0.18258827644334 0.445981135093618 -0.0100769740578118 0.0517186888938599
0.339238485397361 0.282816009467379 0.0558197578132675 -0.0131152780072419
0.37372105026548 0.250419360169378 0.0731929181262785 -0.0112787533551587
0.34406332033542 0.301754508575329 0.0912674111991687 0.0179919261000588
0.210437672174495 0.528072804543059 0.0910349907886328 0.0741961297521968
-0.137221815348598 0.589208578078997 0.0410859829216901 0.130671549978691
-0.493023293912266 0.376192006627187 -0.13617024243016 0.183564471649094
-0.662069850706237 -0.229345072043432 -0.262845286185161 0.0202704145875463
-0.277536017401799 -0.718813239639119 -0.106263294369485 -0.166796075034836
0.164402928612288 -0.723380854385352 0.136811973254405 -0.0763224675961778
0.130487294814777 -0.612215526776881 -0.345375334623463 0.197215637511896
-0.326324506753071 -0.532575080027895 0.0882956072185785 0.250765452111677
-0.530971553794562 -0.125841212234123 0.0761274753897871 -0.0671045519453816
-0.359754956680872 0.34415436218465 -0.0617808394414566 -0.0796689698674345
-0.0789083587128556 0.467056522378702 -0.135401747345961 0.0938133171612748
0.16706518042949 0.414316911403661 0.04707055420035 0.186090153882597
0.303094421802441 0.267124909060367 0.174164094050893 0.102301655840531
0.317222422516421 0.239569040067994 0.201082291016232 0.0865774511602903
0.276794800116711 0.284440457964517 0.211020887940817 0.12356181339388
0.154912224823135 0.456511255927673 0.169778768928331 0.192494902125061
-0.130084263735536 0.473306000798885 0.0561039024271218 0.232722326738425
-0.384088605443644 0.278912111718987 -0.127747344475844 0.223376788273826
-0.502188311527496 -0.172299289681007 -0.218796020268408 0.101758321193744
-0.236316444895954 -0.577346263738252 -0.070520303767692 -0.0182994720291806
0.10312833334295 -0.62525956677997 0.0795823480627346 0.141479803551406
0.0588574846697257 -0.506303456577176 -0.368781577887031 0.43907048827484
-0.307997203310984 -0.41067798534973 0.157441426824479 0.409107815242343
-0.426904502090992 -0.0585871299329963 0.138619364563579 0.00648214709640525
-0.258450885627668 0.265913149674208 -0.0517745667776787 -0.0498526754854281
-0.0567778246512732 0.341598021302384 -0.137581043553142 0.17293791028461
0.118857304495053 0.309223196582 0.0945151826843921 0.295363464175185
0.214890583509657 0.210374791390906 0.266130261252486 0.206055539179198
0.211483977797741 0.193141503111393 0.299691103344618 0.17081686413048
0.171852284788769 0.223518369672481 0.295877739196763 0.204986106447687
0.0768227890313514 0.316100400542252 0.217073646786265 0.27097139118736
-0.107706551056894 0.283303301068087 0.0618397250699472 0.285669031724756
-0.219921966254147 0.133492271854156 -0.104304569329078 0.220014242584744
-0.265159849558874 -0.0905203001315176 -0.162361297674279 0.147577497448297
-0.159428116591717 -0.35038140621902 -0.0389468537120631 0.0834756024997509
0.0206848403171609 -0.437489032806608 0.0406657281692951 0.301290766617641
-0.0181969646663937 -0.307967460700272 -0.365057511866985 0.625696181973483
-0.221305206503678 -0.211249175575418 0.198686687855788 0.527537128031603
-0.227643805304461 0.0161560148479481 0.199053759039665 0.0822460776830646
-0.103526764178444 0.132461400433456 -0.0234826943648099 -0.0318795992762777
-0.0267985502140961 0.149378529233409 -0.128511512447455 0.206938008241082
0.0458753619300071 0.147553901716116 0.115430909385738 0.356125139495603
0.0878760262769585 0.118016456879895 0.315562064391247 0.280721366477937
0.0744114139319464 0.118061193547738 0.35237200785567 0.229403816168604
0.0478774092677412 0.133750168483409 0.333772719003482 0.253110067524862
-0.000595172372429988 0.143144193361012 0.228638500353768 0.302554556658365
-0.0712897631357938 0.0785716406838607 0.058955587860702 0.292107585770893
-0.0540779622454867 0.000228152217702685 -0.0728509420506302 0.18548338092348
-0.0436488590361564 0.000623528066913129 -0.104530543616336 0.159809517650476
-0.0909520244133026 -0.10953881983916 -0.0159411766371487 0.136168253777991
-0.0635075384549901 -0.212423912414656 0.0239756302941552 0.390846289482291
0.087859154388137 0.00593787814131522 -0.00762921351101166 -0.473502017941471
0.0321097976548286 -0.11311811753336 -0.0804622533183552 -0.185269040412062
-0.093236047617848 -0.0743104809434468 0.0197293175883488 -0.130680430137629
-0.0848067015743776 0.0834665501018068 0.0305053940986042 -0.120860834424089
0.0131839255943389 0.0960237734291419 -0.0194137250001111 -0.244822459836563
0.0690677357579499 0.0408662515800394 -0.190943373293229 -0.303678425617752
0.0731605964773203 -0.0178533230481859 -0.319145906153314 -0.272339675526739
0.0704369608728758 -0.0363317038451666 -0.350515726310964 -0.246452553979518
0.0643575832671611 -0.0241071708647254 -0.314030764514542 -0.286073335157383
0.0415688980157474 0.0326095601600792 -0.156474117598282 -0.322724724945025
0.00688940944237886 0.0678473611274396 0.0408609276911646 -0.231882736276025
-0.0687566355444026 0.0341005326388729 -0.000434322345130374 -0.0188838450636865
-0.0420352851816647 -0.097065883488651 -0.190745210810736 -0.15746309199119
0.109149065715443 -0.0768046519912352 -0.184791028682393 -0.478512596333979
0.128072105096194 0.0458385329132533 0.302453052389912 -0.697647946308775
0.151666531353803 -0.186699950513829 -0.0615545737448243 -0.465811924697821
-0.0138622665076307 -0.25642399772367 -0.0860165751829428 -0.182023115312407
-0.194625950401842 -0.135203552567913 -0.028928595737512 -0.142929951194733
-0.180244807120522 0.142169389461404 -0.00542306088905133 -0.0918723816257283
-0.0257244442552073 0.225076542977532 -0.0270167619935053 -0.189650516074944
0.112997675249917 0.182392013624224 -0.14902323659404 -0.257973458242691
0.184230460107585 0.0854205100458982 -0.262614971919268 -0.255455020609893
0.208102425934884 0.0617931337088626 -0.295430650528921 -0.233103796332011
0.198579711313877 0.0908570671146922 -0.26296809370325 -0.259237028239454
0.1319035083524 0.229079498304755 -0.13222957745934 -0.278162174817385
-0.0382992954457502 0.29027236629875 0.0263027040791003 -0.190234326205334
-0.252430777488693 0.183671210645861 -0.0503825216402407 0.00631924462322734
-0.312332718976552 -0.174232465520979 -0.235069918005099 -0.170556971403124
-0.028528500601035 -0.356427265151948 -0.173809305467366 -0.491775418115148
0.175085377844576 -0.264769324880667 0.290131481352178 -0.654973972041666
0.191892563687197 -0.365626574372068 -0.134841271663785 -0.394347170091063
-0.0789221699569014 -0.383198655560266 -0.076857750376574 -0.144683400075631
-0.297437132026905 -0.177085828269469 -0.0501599526952299 -0.154738836693092
-0.26532007749604 0.201515078278421 -0.0353009193393412 -0.0896643228775385
-0.0607978069959034 0.340165710774916 -0.0530770984944257 -0.135740283568083
0.147797162785392 0.305867135557285 -0.1086945155597 -0.181040717974385
0.271334993090107 0.177413359647811 -0.178098689402297 -0.202714755218706
0.313956464346111 0.150092000157395 -0.193841246182113 -0.185718129615592
0.301838097830628 0.193623046391244 -0.167249104126275 -0.190957363781739
0.199397783895832 0.39556324906793 -0.0758057577192844 -0.187864366627298
-0.0833219825992267 0.475127327506151 0.0217946255201454 -0.107802489798056
-0.408537252789709 0.310696937739979 -0.0918792459420591 0.0576806924067442
-0.539654187497675 -0.229256232490296 -0.26944874688896 -0.137162809661809
-0.160133536769681 -0.587847451234796 -0.16224486352602 -0.436877451530744
0.20061018132525 -0.528881239816367 0.253188079900131 -0.518707729497077
0.199677242423187 -0.51547544273324 -0.215971458388949 -0.252785726296654
-0.175272112420518 -0.48711330086602 -0.0448611308466438 -0.0595878620366104
-0.415728661624106 -0.187589228346843 -0.0364531422136057 -0.151063935026124
-0.337280462572637 0.276252541027619 -0.0543204040864729 -0.0994174695478916
-0.0798336076232224 0.440755909657596 -0.0897413663990577 -0.0728314512420876
0.176081097753662 0.397906638461389 -0.0643856409126571 -0.0736638056769013
0.327324103491792 0.244697791023513 -0.0698422944716405 -0.118438922589876
0.372754411947406 0.214536423640788 -0.0636296662228732 -0.108423959877649
0.35304833650287 0.266578043874254 -0.0402608449927685 -0.0937815773556917
0.231719322539706 0.502926412543346 0.0057589551725872 -0.0637564620777903
-0.113410139219304 0.587936363147891 0.0290291578358092 0.00652118270064738
-0.496554524947378 0.386942665229327 -0.119162890871916 0.126176098892836
-0.676017512828982 -0.246674318508901 -0.278867376205871 -0.0617758792742664
-0.255358887097826 -0.720291915944361 -0.142268441602951 -0.315267290356795
0.19875964022977 -0.69429140413437 0.193901803335213 -0.312532433572224
0.175891363377694 -0.608970165761549 -0.289636486269521 -0.045710981470984
-0.272804483633164 -0.546812106065782 0.015880014199496 0.0771515915544563
-0.514501248238735 -0.167976410785432 0.00829810696867887 -0.122517328247455
-0.375817065084023 0.338784942630939 -0.06552276203361 -0.100241711526569
-0.0797308624958297 0.495794272205765 -0.121967153897678 0.00999820950839378
0.189318883928992 0.439919136599943 -0.0101172309301273 0.0562215691372865
0.33997644771734 0.277274887078745 0.0513414863306756 -0.0125175524257205
0.37328604883704 0.242991994254387 0.0759122482492444 -0.0145576986823066
0.342859109038251 0.295130636080269 0.0955448238416065 0.0146691336665045
0.219286086396914 0.522161555170192 0.0981395274269559 0.0716137918860645
-0.127175877480637 0.590082990819451 0.0450717492922898 0.131185781249865
-0.48502585039012 0.379286256509353 -0.127594318008787 0.193134628261638
-0.661419603043562 -0.222429895696919 -0.257357172449185 0.0317856126509594
-0.284847179484105 -0.713960588582296 -0.10920688761465 -0.157950236664087
0.164996008534063 -0.723698974588054 0.131110801954933 -0.076033663908764
0.122935623361183 -0.609678941150632 -0.341827779398442 0.200955701109038
-0.330293569028773 -0.523642701311426 0.0938143714324818 0.242662829119214
-0.529352916760633 -0.122990091080044 0.070348947090366 -0.0687654230746556
-0.352249156992472 0.343357121140012 -0.0670755820536537 -0.0817482740797462
-0.0708171824751241 0.466701565253776 -0.13888379598284 0.103823832183075
0.173383045915651 0.409826005548425 0.0486182722550782 0.188483446068077
0.303502480085716 0.262177487999893 0.169184945034437 0.100161819044492
0.316840939845712 0.234321591791206 0.204206709405047 0.0812805245777272
0.277825697605838 0.278858518736259 0.215756171638448 0.117732553794461
0.164081729049143 0.452114223273779 0.177664076225486 0.186895544752136
-0.121371900642444 0.4745693282382 0.0619300628752893 0.231106988538305
-0.378790348866546 0.278942612672078 -0.11791321813306 0.230169778394897
-0.500583731532644 -0.168045124481459 -0.210147938397021 0.111607150508513
-0.241032006884883 -0.569843658063884 -0.0730915609970496 -0.0126466428679971
0.103767333084403 -0.622183267268788 0.0740274911009953 0.138022272332866
0.05344798924861 -0.504799871973683 -0.365320399905516 0.439692557646058
-0.311208570216141 -0.401922391264392 0.163806387414886 0.400396230293919
-0.423020758259981 -0.0563038310505931 0.136109828158661 0.00301203341039608
-0.25270588765345 0.26443745947726 -0.0546905354604003 -0.0533461828529523
-0.051078143512862 0.339557224546163 -0.138580152517233 0.179427023336704
0.123225805951662 0.303454478049079 0.097022196383359 0.295912971660983
0.214130906211733 0.206912585972314 0.263399397932881 0.201172402233275
0.211493340541831 0.189251199888844 0.302207171204174 0.164961839182767
0.171553759233478 0.221055982620239 0.301034991098297 0.196818497073752
0.0823543800413543 0.313072767470711 0.224820009139242 0.261774444466505
-0.103651748917611 0.282274068838975 0.0695144811919935 0.282643456041101
-0.216465625370399 0.131425701157945 -0.095715990419319 0.224623709659812
-0.261115680622936 -0.0884970046589087 -0.152421657066961 0.15626386457475
-0.162487982249712 -0.343769903554524 -0.0405106641832855 0.0868456907780784
0.0224973509502424 -0.43246115206562 0.0361215229310127 0.295976636948972
-0.0224954062822758 -0.30386699629597 -0.362205899526784 0.624752168867702
-0.222380170985202 -0.203306481220383 0.205553500227352 0.519254143336302
-0.223215211646691 0.018398082810318 0.200587864511873 0.0763028314815279
-0.0990916466122735 0.130549113471452 -0.0246019918539152 -0.0363452180225598
-0.0251368494136216 0.148281640079253 -0.128906577904642 0.211423068441643
0.0475932989344824 0.145064523211799 0.118371489231902 0.355913741340248
0.0867921312152662 0.116681011959632 0.314026191019904 0.273623496468677
0.0741111295831269 0.117484613591646 0.354687562102541 0.222276369507981
0.048636219042314 0.133795072554304 0.338395195629273 0.244811729562384
0.000955414717135535 0.14161193822976 0.235127204337092 0.293162822991598
-0.0712817927562171 0.0773856768324446 0.0668093746402931 0.287031562571215
-0.0537678136280764 -0.00293783879389075 -0.0654323098293844 0.187172639782145
-0.0381491561192384 -0.000488654952259434 -0.0941668730334134 0.166131022252009
-0.0910252237624466 -0.10250394473048 -0.0167464095383061 0.136727738894506
-0.0650953802052722 -0.206170857148463 0.0231967937237705 0.383332349772772
0.0905295856139603 0.00125393481570267 -0.0137532526915306 -0.471163090790876
0.0261554556541283 -0.11817981025412 -0.0798707037357296 -0.187040273366747
-0.101310270959068 -0.0728815598127375 0.00964342830274261 -0.13535140422934
-0.083506028764238 0.0903074539778914 0.0212229918826029 -0.119451756696812
0.0187036286932263 0.0990414204132993 -0.0303487451532123 -0.239605132962184
0.0727464466782949 0.0378128537627689 -0.202705681045945 -0.295060158646136
0.0738040961781945 -0.0229442812837965 -0.326868028244586 -0.262744301116532
0.0697612783499192 -0.0405937962782578 -0.359053516541488 -0.238897974598481
0.0639038479177514 -0.0286006926625676 -0.322371182448257 -0.279431900394299
0.0443143557854306 0.0322624659289928 -0.163363466374013 -0.320881319006942
0.0116581181689991 0.0692852602593421 0.037275931875601 -0.235751051656854
-0.0678231743856998 0.0380636575121661 0.00237170827190128 -0.0151750306312765
-0.0478425204178776 -0.0973616920786968 -0.200718929609291 -0.148622535895319
0.107592322290834 -0.0837423321103165 -0.201195293592162 -0.471962551830701
0.13207646908388 0.0407425708783834 0.29318824392345 -0.707467933772352
0.15010639810248 -0.193672250440955 -0.0665881860219242 -0.462062987946819
-0.0227778813233495 -0.260157222928005 -0.0852165802709279 -0.183855399177674
-0.204116217703612 -0.132490204946711 -0.0400757289878762 -0.14534343887344
-0.177457790914629 0.149636492720802 -0.0140662626783076 -0.0895379599096644
-0.0169949955163611 0.229717944344331 -0.036044594566925 -0.181765196685207
0.122167840857983 0.178648769751837 -0.158086027373635 -0.249366511740059
0.187935530035881 0.0783095196908817 -0.271098696477885 -0.246819375705368
0.210472695824083 0.0533424434478069 -0.300914227135633 -0.227807915071029
0.20139418948305 0.0838038487851739 -0.270904037866719 -0.254732083330978
0.141794636860041 0.226615510613391 -0.13587432700773 -0.277223430732895
-0.0280865600468451 0.293971246589189 0.0234872979712115 -0.191403113168543
-0.248821593429722 0.192742059583329 -0.0465621262203421 0.0135259630840282
-0.321100046695924 -0.167803028569496 -0.24495031487474 -0.160383586006276
-0.0375812640595084 -0.361915973189067 -0.189115254452829 -0.484411725122567
0.174396066433682 -0.273830886175259 0.278579243857425 -0.663932196196786
0.186899244484087 -0.374391520923585 -0.138492526343951 -0.389284090328689
-0.0881862271450144 -0.384557585042925 -0.0757889757639343 -0.148168121142957
-0.306617548527948 -0.173460455811676 -0.0620192603174116 -0.155371907695371
-0.261327434482391 0.210336113424669 -0.0436556559529532 -0.0871314974063928
-0.0486482885207013 0.34604016321272 -0.0607097046452958 -0.125166671124197
0.159948660029799 0.301815800193125 -0.114591750438148 -0.173477713664427
0.277803357928335 0.170480459064339 -0.18542367228727 -0.196872642519079
0.31963190831967 0.138697768992752 -0.198403411098807 -0.183314260968625
0.307656396065165 0.184910523438396 -0.171078111285484 -0.189397675212166
0.213908095518629 0.392860746079445 -0.0765066228040489 -0.188018929522533
-0.0673449376828442 0.481528331964523 0.0218195889003195 -0.107801856905875
-0.402561124802928 0.322680139295739 -0.0862222793032088 0.0676429752487951
-0.551130238777576 -0.218522733932311 -0.275471037950592 -0.123992033290599
-0.174446884762493 -0.592799104275951 -0.175039800231309 -0.428764159940949
0.196375887411587 -0.540857131534146 0.243713675499005 -0.526657420429661
0.191163677835373 -0.524384601302906 -0.21817706189505 -0.247074521282732
-0.187285938960663 -0.486483498607246 -0.0416408824733188 -0.0634651203858733
-0.425480779370795 -0.181944643321482 -0.0479827168166427 -0.151102560605232
-0.331411988431398 0.284711848121408 -0.0638180078006463 -0.0984829272328912
-0.0653879606976292 0.446846409547888 -0.0965061472570247 -0.0599426562585075
0.191054243824527 0.393786154528188 -0.0665588747865982 -0.067069929005236
0.335133015342605 0.236583993427484 -0.0757868577880833 -0.114687287360159
0.380605083184226 0.202084608202554 -0.0652730315815313 -0.109626208044179
0.360034063775321 0.257371818673254 -0.0392289517096417 -0.0954119421239913
0.250857442445797 0.498854998510034 0.0100807322382607 -0.0655295554985366
-0.0956892381712799 0.594847293754887 0.0320394134536212 0.00766395556869589
-0.488905602356224 0.400937523923236 -0.110853474449988 0.138181674536463
-0.68822104304118 -0.234391323661411 -0.280552897774458 -0.0474493531125464
-0.274217027133477 -0.721639633580474 -0.152355887698508 -0.306977595335494
0.19021532452617 -0.706632387330487 0.186883070641755 -0.316437451872255
0.163462965134212 -0.61591609415374 -0.289763618855407 -0.0380599056458423
-0.286114406989939 -0.541824794479597 0.0220491467297405 0.0714305835323466
-0.522874644797886 -0.16085841070204 -0.00150665485917827 -0.124245376626716
-0.369529811054293 0.347763176885836 -0.0745026345268607 -0.100586862168908
-0.0667606148473401 0.499996793221445 -0.126931221348797 0.0239431041115023
0.203990942433367 0.434538780512915 -0.00833246523342037 0.0615149657390422
0.347702061700535 0.269534794102656 0.0488219243812596 -0.0120322422362494
0.382722828166844 0.231124465840539 0.0776366831412953 -0.0188202854801526
0.35113591514285 0.287727477984993 0.100340090691664 0.0100602481664863
0.237605816847773 0.519122087268024 0.10635440184594 0.0663770734408966
-0.108692802533827 0.59818253743577 0.0519030719205014 0.132676063832935
-0.479164770944123 0.391997310488418 -0.116390242328893 0.204395277113111
-0.6712628733595 -0.208920882116418 -0.253486449859424 0.0460452395011163
-0.30260467192143 -0.711025457567096 -0.116775568513089 -0.150291149800645
0.157242241705757 -0.734620641732664 0.126856371819265 -0.079568362836667
0.112021650838948 -0.615924137919031 -0.338917497173903 0.209578261478592
-0.3428474706305 -0.515384396346756 0.102427700920109 0.23623629639855
-0.534924231826853 -0.113436307785844 0.0650402462668521 -0.0718560719906646
-0.344868635143338 0.350286760863714 -0.0748115819160419 -0.0839263748751726
-0.0581832027959634 0.471219591950077 -0.140757447379409 0.117908865338071
0.186291150567705 0.405268518840792 0.0538235865145625 0.192871706519483
0.311038648847274 0.257130780426798 0.169653079715079 0.0974943146528553
0.32311057267612 0.225000711849218 0.209285802751706 0.074123691428866
0.284737914009644 0.274419765266202 0.224374315726571 0.109112041405406
0.179567725715019 0.450213166454793 0.189612417845006 0.179594812760962
-0.108994621071724 0.480216714197645 0.0730042420186205 0.232101738537584
-0.374070998199419 0.286904532204128 -0.105678458967242 0.240329663341208
-0.504638854780471 -0.158951673742083 -0.20095860362694 0.125254540195031
-0.255527934318424 -0.567411404786412 -0.0755489770981409 -0.0059656133127611
0.0958993919721754 -0.629304635328147 0.0717544425850643 0.136860601612378
0.0408423279694482 -0.506340216577119 -0.360837022576708 0.450539671184558
-0.3206961090133 -0.39144063093597 0.174722546712369 0.392283441903143
-0.425019070158476 -0.0482796774542033 0.13537715541712 -0.00272103027008968
-0.246130215801119 0.269450630497868 -0.059553173757438 -0.0571087986878504
-0.0423169529615317 0.342018531914363 -0.13881731355772 0.191625777631491
0.132073447243092 0.301415421771717 0.105323401793061 0.299374496816579
0.219143633153577 0.203537635177258 0.266843628873222 0.196570555538383
0.216739711316486 0.185004966753296 0.309840735143051 0.156114378610766
0.177646256704803 0.219319352007841 0.310617400794205 0.185959437816273
0.0929615379007747 0.312166508750227 0.237990979162018 0.253155368030145
-0.0966443585551363 0.28595809113312 0.0824792368663165 0.280960184759455
-0.215065332063322 0.134056872516289 -0.0837276122612941 0.231816587067372
-0.260497113578033 -0.0853049604634563 -0.140239978701825 0.167518734500957
-0.169644434430094 -0.338292500237737 -0.0408575002272328 0.0917408126025476
0.0173698254436725 -0.433435523136815 0.0367951935209245 0.294660933685182
-0.0313622815330018 -0.303222660195991 -0.355149125928138 0.635995781029322
-0.227741018015776 -0.194365371819005 0.217526865053908 0.514953761219698
-0.22136075338633 0.0232257958133967 0.20460003299023 0.0686638697270904
-0.0952516313307923 0.130032976116208 -0.0274032754971141 -0.0409874851276765
-0.0215948115709633 0.148071344085514 -0.127485026494237 0.219390825251036
0.0502271064400111 0.143756376508847 0.127460596725011 0.357518283506776
0.0889853906452527 0.116766627501023 0.31954506482698 0.26688743616485
0.076476346662369 0.11727962833419 0.363909405575613 0.21357254600957
0.0518127605573199 0.13530455569428 0.348299420946847 0.232462504841072
0.00480422804013113 0.141773722679199 0.248258812290201 0.282833936742685
-0.07190372559346 0.0785395746347569 0.0807458941698686 0.283444587417091
-0.0545880405301209 -0.00497290456974636 -0.0550550156925155 0.190989711045041
-0.0328575019402717 -0.00135112520241804 -0.0823744145861926 0.174288367390191
-0.0932425320931967 -0.0955214883519014 -0.0155459135353773 0.140136979044075
-0.0688566568667912 -0.200137597827838 0.024157851937306 0.380889755991053
0.0923424334557553 -0.00566818219025124 -0.0273082897470267 -0.466336649653624
0.0168201625082798 -0.121592380452674 -0.0828381044650036 -0.185764517840885
-0.109335738971778 -0.0665786183997857 -0.00322742895696412 -0.138878309601432
-0.0780946935885177 0.0980565863690056 0.0104417121959569 -0.116164400130992
0.0266443581548443 0.0997462775239578 -0.0454790734176167 -0.229672801923083
0.0764151945687355 0.0329619363113117 -0.216044788621188 -0.278684652104133
0.072647006530642 -0.0287541270834348 -0.337330021012043 -0.24332094942669
0.0672284188565025 -0.0457220511075626 -0.367677663226092 -0.22023418631168
0.0616000416893513 -0.0337424543579744 -0.334072168528363 -0.264298480805645
0.0480511086344306 0.0306546202991228 -0.175257705162612 -0.313172653258705
0.0177630650438342 0.0691890171992833 0.0287574434546574 -0.236713574406733
-0.0656560711869935 0.0429309950077101 0.00410240943366979 -0.011852108213439
-0.0554323300234759 -0.0950820378156547 -0.211210574217279 -0.13347245507451
0.102855353305377 -0.0919146178398903 -0.222648306772166 -0.453899387903018
0.13511407394701 0.0316562545653495 0.262816524371437 -0.717076618568684
0.143232764813626 -0.20155549791613 -0.0786635210904358 -0.453332380197535
-0.0358530434762024 -0.260088887969207 -0.0884196866886684 -0.182997976965247
-0.213831047833623 -0.123002128784461 -0.0533160076777273 -0.144133975781939
-0.168888694984338 0.160066251306903 -0.0232486239017023 -0.0851258473444309
-0.0028856709764488 0.230895570567132 -0.0472703998982706 -0.170436494372109
0.132259376333953 0.170251441813988 -0.168691736493036 -0.2350913579228
0.19120331530897 0.0665657784520068 -0.281811463050863 -0.229708305301774
0.211261306895495 0.0405646051918508 -0.310079269526139 -0.215003440967687
0.203428379343278 0.0722532579867588 -0.279800713190666 -0.241377342429198
0.154312674929846 0.218662010081431 -0.145359525016652 -0.270313167375253
-0.0103036983496227 0.294679037017911 0.0168505526269065 -0.190662503440145
-0.238727759600269 0.204125125257731 -0.0417288879656588 0.0202345365310943
-0.329923282793114 -0.153827670669082 -0.254005491665727 -0.141979187203933
-0.0541918440708543 -0.363122721189234 -0.210998552576769 -0.467447304031117
0.165454856116671 -0.284435273955418 0.252156407432378 -0.671099884791463
0.171745310197655 -0.382173580994762 -0.147715478832311 -0.378916459225567
-0.105685599695099 -0.378996065917277 -0.0761419268507261 -0.149147940408121
-0.316957654602095 -0.160241769471735 -0.07557874183442 -0.151967941610289
-0.24951830418064 0.220870040817963 -0.0543353051880661 -0.0817951208249536
-0.0302854132924589 0.34777434020373 -0.0681296919459796 -0.111062269094575
0.176827082395139 0.291014329827875 -0.12085456199505 -0.161592854310093
0.284565965326539 0.153826533487082 -0.194199583628753 -0.183728267440051
0.324040007729926 0.120824736765959 -0.205052555255238 -0.1752282551231
0.31324627343525 0.168062073961178 -0.176171991517853 -0.18170783753213
0.235071762595591 0.37924712026137 -0.0795474763189762 -0.185438801678461
-0.0411691078929348 0.485534315360475 0.0187484755292995 -0.106590645012366
-0.384658852612442 0.339544878452334 -0.0761517771103777 0.0774652527273375
-0.562297824489612 -0.192340251953801 -0.280892642051782 -0.104714923983197
-0.202247891493442 -0.586335701548929 -0.196685844827198 -0.412624872141484
0.177490548607085 -0.552728471703025 0.219840431906288 -0.532405858898606
0.169728296747657 -0.532153403075355 -0.223501972999222 -0.234927968726167
-0.206193971386072 -0.475250446773906 -0.0395155876572621 -0.0665732454496768
-0.434125639194534 -0.164951216249694 -0.0607632393152476 -0.148762252229457
-0.31560723549445 0.298076868209546 -0.0751411893550135 -0.0940904068148642
-0.0419031303555212 0.447415618476897 -0.100660372881305 -0.0437747505760849
0.210157935479582 0.381281086798082 -0.0676491450720706 -0.057572003520526
0.344433716028449 0.219401750118682 -0.0820795759778031 -0.107856012419169
0.386141677832752 0.181018805129399 -0.0690639433412305 -0.108582873379412
0.369401672165035 0.238963540209403 -0.0404463023676284 -0.0961644664045257
0.275219546490609 0.48321170037291 0.0124565651522812 -0.068515856616254
-0.0649319482160439 0.59902816704696 0.0354106398199817 0.00856593725133082
-0.468590794840175 0.42080157835362 -0.096089085314069 0.148893243149361
-0.697394135926314 -0.202479999628589 -0.27891273368946 -0.0278656335053681
-0.305705526615667 -0.709144222560155 -0.166823275294869 -0.291906631698764
0.165673637530312 -0.716435365451958 0.17144848323125 -0.321451926112653
0.138043440548591 -0.620248006401893 -0.2876372963344 -0.0245174916311185
-0.306303606917215 -0.526215168208663 0.0281966232444241 0.064787710452454
-0.53073107941649 -0.138389073486756 -0.0119145682247967 -0.123282455299933
-0.351368906599139 0.359530507876596 -0.0860404246173913 -0.0980110488626605
-0.0405000220485588 0.501555086008586 -0.127599645700947 0.0414369941838936
0.225090482868916 0.421413228445735 -0.00381605929468905 0.0676098807421478
0.357555640801166 0.250913637007176 0.045244369143986 -0.0117035361528518
0.389005412562411 0.210714717843537 0.0778494453622108 -0.0254656970469854
0.362433287177226 0.270407910676448 0.104026377741675 0.00138882445581526
0.264886128705101 0.504303944274235 0.114948354226923 0.0572237293036672
-0.0786088469980521 0.600347106917587 0.0623384231205726 0.13140495264305
-0.458557225450202 0.410673568811994 -0.0975119141868145 0.215647626811453
-0.678425814996094 -0.180526253251751 -0.243923757753237 0.0642127737713648
-0.332332041524385 -0.69597153542979 -0.124090016568969 -0.138628393507919
0.13037292314727 -0.742316481356985 0.118775493214138 -0.0830662385777011
0.08575991458804 -0.616593126393146 -0.32877272258639 0.223596930174336
-0.360955875207704 -0.496330209509823 0.113905982972045 0.225590784057954
-0.538808589797206 -0.0905413926503227 0.0578575441607065 -0.075295861946645
-0.325839108198763 0.361757157532161 -0.0841870849390042 -0.0835074866291245
-0.0353714178797231 0.470916629780207 -0.137661559201393 0.133462468355998
0.205603371563876 0.393067131510563 0.0640886555618162 0.194588377660258
0.319605405329338 0.242268147680918 0.170527015033677 0.0908698420489701
0.331463874642286 0.20888398095116 0.213237996534378 0.0617434184871201
0.295219968442842 0.26075509876398 0.23152374344825 0.0937861697040596
0.203060711086488 0.439093549517216 0.201876745234656 0.165464715731457
-0.0847679107007367 0.48240008939201 0.0875573544470793 0.227717258509243
-0.359858904312708 0.301670382807262 -0.0862918802372881 0.24925663178751
-0.508445535304631 -0.136607563951888 -0.186834246883996 0.140341864325586
-0.276497506007032 -0.551083586349838 -0.0777592941577898 0.00296613306582341
0.0739199321589386 -0.63099381592789 0.0719969115999382 0.13367665504688
0.0196089394971235 -0.503792699420173 -0.34246754276603 0.464195437616449
-0.334174793947442 -0.37268207016848 0.19099202932719 0.378813082765269
-0.42372933990851 -0.0299227184942159 0.133997520831279 -0.0103646405160344
-0.230933922252885 0.276145754655168 -0.066725435527958 -0.0591840970254179
-0.0259301881807462 0.343004400808981 -0.132117564842972 0.204631383530103
0.145101862247168 0.292317597279687 0.119507672757973 0.297931280453
0.226168663994806 0.193822415458861 0.271986543556002 0.184143110100983
0.222715561961305 0.175231262993385 0.316242759490687 0.139447700194693
0.186550527160805 0.211668486174937 0.320337979684513 0.166324661148691
0.108951748150229 0.305176691926514 0.253344075409599 0.236277720963788
-0.08323075350672 0.288245820159349 0.0997073513873466 0.274648811714232
-0.20780498116702 0.139695584968393 -0.0647312000792106 0.237535711611396
-0.259182552591666 -0.075372904009525 -0.122316718567784 0.177917929813144
-0.183192310406813 -0.324852696552204 -0.0387366917508858 0.0966369081441914
0.00243237313370482 -0.429362102117259 0.0422191822487388 0.290179131290397
-0.0450188833567571 -0.29659311711381 -0.331154369500057 0.650267716082601
-0.233571011305391 -0.179706315164234 0.239194458177555 0.499191794486942
-0.216812413570165 0.0318188337579122 0.20827530833515 0.0558553589748501
-0.0883413168862339 0.130418825356965 -0.0320808654122776 -0.0451159698023957
-0.0154164466028213 0.147428126975094 -0.120216494244436 0.228035950476231
0.0555881890913991 0.139980004147044 0.144006479817432 0.354114534082302
0.0922823698809818 0.113481832978415 0.328746112260699 0.252868529438419
0.0805096062813707 0.114755391320293 0.372520258987454 0.194898763152713
0.0580268146533983 0.133829308231674 0.358351554181212 0.211147094874544
0.0105543302369438 0.139138597360109 0.262666431292984 0.2658236921009
-0.0693986225787518 0.0799818804667621 0.0995875153275641 0.274611711875377
-0.0547512795233132 -0.00629586924136671 -0.0403410175750484 0.193303888723713
-0.0280724899542312 -0.00246636508421736 -0.0637533529822381 0.180533861961639
-0.094831441605343 -0.0856417251409827 -0.012028008276781 0.14185438002621
-0.0758832652467999 -0.19085416032092 0.0341881321449685 0.37576202074667
0.0907970427159315 -0.0133001186927086 -0.0404304537444841 -0.448237335253039
0.00624727499873559 -0.12077497210224 -0.0846811788272204 -0.180110964065041
-0.113735472665227 -0.0579736398070817 -0.0161192739433806 -0.136323548422117
-0.0694885589513795 0.102369073985209 0.000286617922070217 -0.110015325252856
0.0335855688987478 0.0964330193132337 -0.0568659627874108 -0.212943364586755
0.0777331071139157 0.0261849653242634 -0.221575806424316 -0.253430006656814
0.068959088053496 -0.0339101205839454 -0.336971138552084 -0.216369255587349
0.0622385966629531 -0.0491345373131148 -0.366592051333646 -0.196224934208134
0.0575814566909907 -0.0375986630378619 -0.33399037568177 -0.239715117673945
0.0503313888241214 0.02746007964876 -0.182126742649906 -0.296826890888669
0.0230069411529901 0.0667556602622442 0.0192623089935618 -0.231476442713766
-0.0606801702381744 0.0466945584178221 0.00709105686002423 -0.0082526558944157
-0.0613695385011991 -0.0897877056955124 -0.213348803560637 -0.112043858910286
0.0942236983006526 -0.0973881007266665 -0.235207744572945 -0.422844018219047
0.133577814073602 0.0221725405842699 0.227498169942774 -0.705745510926895
0.131664383862719 -0.20434425678522 -0.088925926142413 -0.434393542237704
-0.0495760110055007 -0.251947686889365 -0.0891445461716614 -0.177869197530939
-0.21703681083908 -0.108108980789723 -0.0654900299781722 -0.138279590239263
-0.154725473285765 0.165239010525792 -0.0314244253655923 -0.0772023622340036
0.0115714155804553 0.224312759034785 -0.0545801169343502 -0.153605399011853
0.138989197615497 0.156106585893493 -0.173078341576217 -0.214386742052705
0.187875442121397 0.0535507523099305 -0.281851050760111 -0.207104215195703
0.20578535772243 0.0271865719795062 -0.309474615389551 -0.193180053705193
0.198473147019157 0.0585535188755758 -0.280004032859162 -0.222253137916997
0.161437525821507 0.203292624091257 -0.150509020616697 -0.257293030445373
0.00748309590376237 0.285765184197352 0.0097079610765487 -0.184610286735872
-0.220409653998788 0.2101045639742 -0.0347699067447098 0.026437857337127
-0.329574448184234 -0.132612779536125 -0.254854895342069 -0.118766530456335
-0.0699213646781622 -0.351279095504052 -0.22467596019753 -0.436540092990761
0.150351924259616 -0.286420759564488 0.215928069956207 -0.660095585704687
0.151302937155783 -0.379212987832006 -0.153767528742757 -0.3591730751042
-0.119762687998373 -0.363546507693497 -0.0765772218634498 -0.145928598268793
-0.317822941300673 -0.139942398609943 -0.0866925019167671 -0.143588304471766
-0.23052797731702 0.226182296876093 -0.0625248231121169 -0.0734711332091894
-0.00945086233671038 0.338667491707932 -0.0722482108685896 -0.0934559422827998
0.187878531742044 0.270831169332205 -0.122345409134773 -0.144960252227808
0.282684277497651 0.133357137312809 -0.196000623184839 -0.165497324920873
0.318413863216089 0.100069390733194 -0.205970359486277 -0.16219375800103
0.309163171675296 0.147390794848009 -0.176606764816196 -0.170454398518128
0.248550465832773 0.354643150676866 -0.0821548057207211 -0.178284971600729
-0.0134307231523744 0.471180376377851 0.0162522490248782 -0.102797735516641
-0.354923957443311 0.348363289909784 -0.064015899534923 0.0838268057529925
-0.554209594867662 -0.161712683699298 -0.276997743681996 -0.0813889506767463
-0.221099603756555 -0.559716981238579 -0.209383455916687 -0.384091344773488
0.150229712643154 -0.54704632873302 0.191005635888522 -0.523791349423106
0.142831537430369 -0.52292768343786 -0.221664132578043 -0.216838601499421
-0.219636012863597 -0.452536589279325 -0.0379526588243576 -0.0679087134436428
-0.430008356400582 -0.140828926373888 -0.0727677499591657 -0.139866503819755
-0.289999928080463 0.300954358084236 -0.0840376136326854 -0.0857116928959036
-0.0161464463365698 0.435585156782903 -0.0998020957155261 -0.0258442511551757
0.223922333867812 0.357310500560204 -0.0648792499728667 -0.047484359202752
0.344178021508691 0.194605959978042 -0.084762620034662 -0.0979047102556975
0.380166421780246 0.15550266017788 -0.0716341131541067 -0.104318574991333
0.366223851868145 0.212930223829154 -0.0404232925226337 -0.094319345302311
0.292543713028063 0.453521139504513 0.0135520448256696 -0.0702595320242694
-0.0307059762534627 0.583361028223859 0.0380135563887714 0.00775539903099937
-0.434511833904653 0.429946264873495 -0.077641048925981 0.153608875265815
-0.685403035206104 -0.164589201796462 -0.268438501618109 -0.0072643044224874
-0.325654306185292 -0.675442258799334 -0.174950670216397 -0.270012008477124
0.134051001543748 -0.705855341812591 0.149988699062709 -0.31755991877904
0.108008081890783 -0.606237508592166 -0.277380192090423 -0.0110651248574232
-0.31595872526262 -0.494303605666115 0.0326134788478935 0.0563096522869477
-0.520162011536375 -0.111164032138082 -0.0224587291062833 -0.118649296192314
-0.322364534051732 0.362836987012281 -0.0956298047610409 -0.0912228734984389
-0.0143325039722825 0.486838824067203 -0.121484042872534 0.0576656243280872
0.239578071930586 0.395734389947287 0.00259922831020568 0.0708476720096037
0.358561041140112 0.226754232309553 0.0421126626606197 -0.0111693578476403
0.384458249783047 0.185455570506039 0.0742748538506831 -0.0311563947752814
0.362124925037735 0.244785936302612 0.10320892089855 -0.00785919720800795
0.283331697254964 0.474278657207894 0.118812558988086 0.0459028495104313
-0.0455678292031806 0.585906933976579 0.0702750621159296 0.124608306308762
-0.423414567198935 0.41800245754767 -0.0754224224778057 0.217635901954943
-0.665848504756331 -0.145538896317599 -0.226967138654966 0.0793542046931016
-0.351870550349836 -0.661016151032616 -0.127326609494237 -0.121424350787324
0.0988288256500666 -0.727069248374726 0.108206950785015 -0.0839386413548359
0.056476272336105 -0.59790754293335 -0.308458326568772 0.231579521707217
-0.368383071207868 -0.460675174892456 0.12238809291784 0.208743017438701
-0.525441190800639 -0.064137446243598 0.0494055932611196 -0.0761091913262216
-0.299192103116818 0.361526309191133 -0.0930566628382768 -0.0792225975252874
-0.00927255508645239 0.456792549754718 -0.127866894170436 0.145450739952766
0.217594144111127 0.368255150640139 0.0734600994403444 0.190666416308036
0.320881157146993 0.219513571826131 0.167511386734418 0.0818745788409285
0.329137956559809 0.186499165941087 0.20929053405382 0.0477805266462488
0.298283785725794 0.239895098950617 0.230023516923163 0.0748206201830201
0.218891958847156 0.413514329866159 0.208396803452086 0.145298477683781
-0.0580252087687106 0.471041153567083 0.0996119294020245 0.215502325575466
-0.333607655223415 0.305462324946736 -0.0626481138709945 0.248343021176923
-0.496084195679212 -0.111628039349999 -0.165315932172354 0.148592119104044
-0.291366629951928 -0.519101856663441 -0.0761630921460054 0.0122167358919091
0.0484454385811047 -0.615317104715155 0.071031414215449 0.128061638269174
-0.00237927718309558 -0.485478143091014 -0.313356301881628 0.465251599454837
-0.337354588361705 -0.341077386229575 0.202991319814577 0.356975316266411
-0.411397951382004 -0.0106893531404563 0.127982319550815 -0.0178615898194783
-0.209955737413022 0.275453068346089 -0.0737412826907807 -0.0584707429194156
-0.0082863530550011 0.332124690645871 -0.119863205845866 0.210775829238396
0.153895342526382 0.274724294098812 0.131162942307746 0.286186542533034
0.227965730502955 0.177695545910318 0.268959708894242 0.166948735314526
0.22170918985651 0.159277517107701 0.313291901612648 0.118613522041582
0.190234859106927 0.196880735501418 0.317964693096218 0.140887276976585
0.120242013459228 0.287965720590922 0.259581289380278 0.210143431109312
-0.0679087180457286 0.282298957169859 0.114538197536816 0.258384883298503
-0.195238284293085 0.142300513561299 -0.0442413658331194 0.235191554768202
-0.250735874827202 -0.0629399484337773 -0.100291497037043 0.181212687384245
-0.18747531071073 -0.302692498698878 -0.0355102066471652 0.0999990886210367
-0.0120931909774018 -0.413126689504838 0.0481893429092286 0.27890239745254
-0.0558160791517427 -0.281409971436475 -0.298432909225631 0.644571076187692
-0.232569376806024 -0.159426836787947 0.253448525317341 0.471656684698013
-0.206885411107236 0.0399496590475328 0.20560092409488 0.0414593280366576
-0.0798671370707003 0.126559031589748 -0.0380313928765004 -0.0477751760809715
-0.00900153105250139 0.143120536638858 -0.108034219134547 0.230498616715258
0.0587053108194531 0.132742748480808 0.157157902292004 0.338099363075569
0.0936443351084729 0.10736377911896 0.327961449355778 0.230034001294574
0.081875199959786 0.109454850453996 0.369699106433836 0.170176403477315
0.0622556134136276 0.12800822083017 0.356254878447013 0.181486016218188
0.015798500554676 0.132353043857816 0.268312585643145 0.237927660167869
-0.0652297697681443 0.0798731522544581 0.113849136295939 0.256197868314659
-0.0534723928315649 -0.00733909396759609 -0.0240184090990164 0.18859931470087
-0.0224985430310711 -0.0034010869965439 -0.043706302689121 0.179883574124388
-0.0926373904362349 -0.0729139074390402 -0.00806286982998201 0.140906688521521
-0.0795889673340212 -0.176446252152063 0.0438009522328608 0.360087258358951
0.0841813758255487 -0.0304681499921913 -0.0887929872341747 -0.415799288222769
-0.011872561957565 -0.11674736060157 -0.097989322355155 -0.161316428243312
-0.118330957803271 -0.0400777597324111 -0.0334486876645643 -0.12502511963801
-0.0525629041879726 0.10577101500411 -0.0136321805025623 -0.102538652483461
0.0455530217100571 0.0869486086537501 -0.0802616979618525 -0.191499747451697
0.0760578145387885 0.0151947100613186 -0.238312504865068 -0.213117921837387
0.0585291626486872 -0.0402707214082675 -0.345890323031175 -0.168669752492096
0.0519633418404412 -0.0542375263408898 -0.364773202916746 -0.143222888974352
0.0480889586217306 -0.0415418182567022 -0.340614604828369 -0.190801408869191
0.0520733929486212 0.0213806663970161 -0.204811553879771 -0.260698747199809
0.031257819622452 0.0615553797650173 -0.00363361302429275 -0.22245218918976
-0.0506166500246521 0.0513872652299861 0.00950366657085885 -0.00410012860726346
-0.0716202553247612 -0.072850177807863 -0.220206935753513 -0.075590898348493
0.0698165959849445 -0.0985414902874419 -0.269503203333037 -0.369944976233364
0.117747053125267 -0.00204440219225557 0.142607889716501 -0.69493348157983
0.100608060780165 -0.219457044739706 -0.13506081213279 -0.381942684496342
-0.0758070793997434 -0.23450129631294 -0.100241517132033 -0.154480408571818
-0.22093809110019 -0.0762654083297489 -0.076403258134402 -0.116165992066327
-0.12643055148254 0.172018575722743 -0.0365070018984229 -0.0675020494032369
0.0384419934751031 0.209133240289419 -0.0657953259704241 -0.138273730063264
0.147406837184583 0.130087948135825 -0.184661830412497 -0.186090348583734
0.178627033086679 0.0282786704304968 -0.288341133952986 -0.169433427509337
0.194529426689548 0.000919172428683593 -0.311597663837609 -0.147687493693597
0.1924178698238 0.0327796402449039 -0.284103652789954 -0.181066358089876
0.176258267952982 0.171428236311191 -0.163622000940868 -0.226554318375002
0.0417660780651756 0.266769485307634 -0.00126752150537453 -0.174436494487874
-0.180696017859205 0.220604209995355 -0.0230013052424273 0.0408997828349767
-0.325265470432425 -0.0804418838913413 -0.265997940709437 -0.0714442428228418
-0.108395853145696 -0.314471313355506 -0.273270748366385 -0.389834877571303
0.0973101306306917 -0.288076258365748 0.137912602353579 -0.659441818681742
0.099199487567051 -0.389213995374317 -0.188069061020748 -0.287794138190178
-0.150725475727533 -0.33255227892361 -0.0825730258787512 -0.122982858925128
-0.318372326738382 -0.0971921752553647 -0.0935938879933131 -0.116332252855609
-0.192855554642357 0.234692727790816 -0.0623331394752103 -0.0594051673318785
0.0304211563228125 0.31791601740811 -0.0705229596425695 -0.0829209406700452
0.205364771901335 0.232302821908488 -0.125865764790636 -0.130702420389486
0.276361282358771 0.0935288212763725 -0.199430411671366 -0.143239449308741
0.308301048307043 0.0557470417449963 -0.210381363692622 -0.130669032442478
0.305838674252999 0.10335615326753 -0.177781320995121 -0.14634381205105
0.273702915765341 0.300541624953992 -0.0852199753195482 -0.160196428846765
0.0451667763821373 0.44272109931408 0.019290594476526 -0.0952849220852005
-0.290665078264113 0.361216277021451 -0.0401631196805933 0.104590128333915
-0.538811182659209 -0.0788433656430899 -0.286069137301422 -0.0274053762540209
-0.271642503568265 -0.488662377016188 -0.262418701376999 -0.34720358105511
0.0686423615962684 -0.528904121821254 0.128769652903768 -0.533576472839018
0.0738984503422888 -0.525029684810976 -0.23507236942317 -0.133765745253077
-0.251660675737384 -0.404412246775114 -0.0343781164939838 -0.0519375035411403
-0.425283116480864 -0.0856731641592959 -0.0736787491013055 -0.114356196779068
-0.242896219542001 0.309301337775779 -0.0829902292995797 -0.0698003681979285
0.0323415022683192 0.409941595601717 -0.0859866458402313 -0.0172305507593825
0.249276918984254 0.309958817114201 -0.0583069454198743 -0.0475873891999641
0.341277520819027 0.144297634087747 -0.0833667393808976 -0.0919910342216672
0.373974958059408 0.102103276831408 -0.0771520120887062 -0.0933224622492868
0.367277811912218 0.158676759634974 -0.039340984287843 -0.0908846094581722
0.325284179073192 0.387587456350188 0.0207677948487694 -0.069972949435797
0.0410228388828595 0.546843107165295 0.0553610749322076 0.00790987037918923
-0.353321181274806 0.444723549757397 -0.0432825122600309 0.17554682407422
-0.658561926408432 -0.066297240937378 -0.270230136472269 0.0437442077959522
-0.377579632447657 -0.583678588471752 -0.226245764272417 -0.24537690211658
0.0372127245382405 -0.670743599758536 0.112521772021751 -0.340089218325342
0.030987891465381 -0.59917462109471 -0.261998443761982 0.0743954083820865
-0.346426728728078 -0.434557537654336 0.0493846777479506 0.0588162313447392
-0.504832654610277 -0.0487518083774152 -0.0180899432333913 -0.100949713261466
-0.265897180450285 0.370275529481527 -0.0931708370179457 -0.0768566779859363
0.0401940025949398 0.457449967848509 -0.0952602416661102 0.0621730024150438
0.26749286810279 0.346043357524279 0.0197136909752048 0.0548523089927207
0.358889161503411 0.17415500043589 0.0477558740866363 -0.0228714138752878
0.380524135082239 0.129614151719406 0.0679657702029006 -0.0410910481591251
0.366705299024485 0.188460669706384 0.106115322177323 -0.0246699147716131
0.318766827694719 0.405961572190494 0.133969547846269 0.026809769918166
0.0290720697412259 0.549708235697356 0.0990857341503701 0.114508075404538
-0.346271096569636 0.432043855254201 -0.0333697140337473 0.234120592808098
-0.63517125221815 -0.0527701472137159 -0.217688233655204 0.12016570891404
-0.396938174930199 -0.567171137407614 -0.165155953819699 -0.110305002587256
0.00509229856503638 -0.685149561483934 0.0960088684434308 -0.110760428823398
-0.0182852487432462 -0.581755712064618 -0.26252090979708 0.306289207385576
-0.390766264064365 -0.395436336330015 0.153022849551139 0.192756501119932
-0.503670085847444 -0.00411797785836519 0.0583246687272869 -0.0720892360047419
-0.245800647774493 0.365103250045425 -0.0905024926303525 -0.0688101694415253
0.0396816066661225 0.428779145041122 -0.0923712163420518 0.146875543905015
0.245283721406141 0.323828290377436 0.0997907945687077 0.160917751261924
0.324029475636852 0.172548862200405 0.176945161116546 0.0530751088663718
0.328621708455098 0.138660804239622 0.20373051711909 0.0175761488993517
0.307874314617628 0.191203397194345 0.233137138390382 0.0393398839473203
0.250761516434448 0.355462175276485 0.227262200144016 0.109033032178659
0.00241387653396876 0.443907513570764 0.133906757758468 0.194637037320892
-0.274356488777784 0.317458419710095 -0.0197598848354039 0.256997859418134
-0.473576965614697 -0.0435119732789597 -0.144625592592629 0.172593153028433
-0.323726096997133 -0.444651009423807 -0.0963637546697842 0.0133532388889768
-0.0263917383470804 -0.574497004120309 0.0814382759952077 0.0973780855873393
-0.0594446544161878 -0.462009678913145 -0.239270010611965 0.518284643380622
-0.348496336609214 -0.284972120220692 0.243409627229501 0.320621610711152
-0.388150952412853 0.0341150370286352 0.136599643258063 -0.0304743664499679
-0.172126163213692 0.275144952092812 -0.0728391065386879 -0.0527984549275351
0.0264652117441026 0.311597722720964 -0.0805076836986903 0.209872715970326
0.174340480457787 0.24202311874022 0.163094223265584 0.248740081066015
0.232359640651061 0.143731374757643 0.281603143576796 0.12554091189082
0.226023176044705 0.126368185429606 0.308884561685885 0.0723658270260185
0.201180744930963 0.163650096707805 0.320592072371215 0.0925555573972485
0.143508614621324 0.250227356116312 0.278952140590573 0.16332276339183
-0.0301836771098745 0.267556559453662 0.147973031673208 0.230650062812467
-0.163981523089066 0.149208973791402 -0.00660358631735957 0.234721497732848
-0.236885777275593 -0.0306989869209766 -0.0723147232116048 0.188865225277508
-0.201671553201752 -0.254980223955043 -0.0381121366426452 0.0952185164858707
-0.0551578348675337 -0.377226699935034 0.0731368213303645 0.249116200382391
-0.0865716638253937 -0.256590233637901 -0.203489357705932 0.669350297906993
-0.230119994691507 -0.121765315094389 0.301017557180368 0.419759314935282
-0.18800770951882 0.0576419005340804 0.209421230123016 0.0111635256605572
-0.0632651327277859 0.12364491528746 -0.0422181493125978 -0.04628869211456
0.00436230646495086 0.134171362531458 -0.0722121357081082 0.231014444137099
0.0688941430964172 0.118758744682077 0.191254989763822 0.301772697027657
0.10041736849995 0.0926973943429657 0.341265953013872 0.182273430609884
0.0894935550936746 0.0953031320873189 0.368022483022834 0.115950167127259
0.073215392252877 0.112095782907769 0.356088944356442 0.127923316313611
0.0276814847743919 0.118884731669337 0.284652576154516 0.187078497921743
-0.0543412735592523 0.0790209735206839 0.14031497164708 0.225754971838813
-0.0495150956620874 -0.00538829118245732 0.00365367560121723 0.181439106636262
-0.0156813167006818 -0.00445631015155787 -0.0128900192658887 0.175271403794441
-0.0875733028733332 -0.0531758702007103 0.0012518742180915 0.135890485805485
-0.0873747162975582 -0.149121788681773 0.0751693916520255 0.331773007946181
0.0798250540818729 -0.0313020522661472 -0.0722784372082271 -0.39865376674969
-0.0144304594771316 -0.111144999781699 -0.0889395702142641 -0.159824620339007
-0.115860193928203 -0.0369218413919929 -0.0370529533010716 -0.12056602987589
-0.0492832006148385 0.102812060457426 -0.0156296272904399 -0.0945746458326597
0.0451465272575382 0.0832431811746444 -0.0744499265049782 -0.176324883906118
0.0736212696048042 0.013519052170659 -0.223290101342737 -0.201023514139657
0.0560271940349428 -0.0392755860738012 -0.324942720306306 -0.163801863850126
0.0491123808878893 -0.0531098361565402 -0.345138238933607 -0.141070160840788
0.0452939250683762 -0.0398473884132329 -0.321977057292497 -0.187062479403867
0.0517011962007199 0.02103360499434 -0.190315111517819 -0.253172614584833
0.0317337705017992 0.0586913468730841 0.0017990493490597 -0.212877845349336
-0.0486796598380435 0.0504265804827575 0.0130890485703726 -0.00146495320112468
-0.0703894300579801 -0.0690670931061961 -0.209253361671923 -0.0679524994064945
0.0660713176225003 -0.0952300558321502 -0.248699391308457 -0.349796594721605
0.112936345176844 -0.00295071939066337 0.148823977921066 -0.659941471913532
0.0995754853054444 -0.210556119551467 -0.11567979182535 -0.366571831426979
-0.0714556046927413 -0.225086520119739 -0.0908733782325643 -0.154065101202624
-0.212188556646298 -0.0734489775930989 -0.0773815125003714 -0.110840136367974
-0.120645407566508 0.163085492589674 -0.0376720261530866 -0.06059595889166
0.037098696379171 0.19955978263179 -0.0594410049870526 -0.12556774952125
0.140095955077632 0.123846452662934 -0.171107834480655 -0.175758634140972
0.169199552548501 0.0278400353883655 -0.270960962488877 -0.162870282641502
0.184249409221903 0.0018462740444977 -0.295487551995685 -0.145475223504955
0.180973715144009 0.0334806665144358 -0.266517753125683 -0.17877331604574
0.167304343369203 0.165240425449089 -0.150676200453042 -0.220577188765126
0.0396505951892862 0.254297773718354 0.0035793578272782 -0.165633358526354
-0.173682318464463 0.208521626222169 -0.0165991285375928 0.0424820202537192
-0.311337833751163 -0.0790531609416346 -0.251281122029767 -0.0648042603676531
-0.0990982969812609 -0.303482325067497 -0.252878630749539 -0.369489433458851
0.0989238109437424 -0.276444066338978 0.145782524957428 -0.626074457197133
0.101802483781601 -0.371243512819273 -0.16963873261047 -0.277979504343932
-0.13933768000518 -0.319704005000994 -0.074754119010143 -0.124652540881998
-0.304714724089779 -0.0958891566821635 -0.0934892524732018 -0.110756993679425
-0.184019443354881 0.221274003053182 -0.064308948703314 -0.0535875630307026
0.0271160942030504 0.301785588909422 -0.0634109216327789 -0.070924721399991
0.193280422822054 0.221618189524653 -0.114605563721847 -0.122218488620303
0.261815493825396 0.0915169040546087 -0.186682102189279 -0.137449098542042
0.292009925953617 0.0555585514279633 -0.19882465515834 -0.128837886473846
0.288200311639389 0.101701863625675 -0.165797911311051 -0.144184943432255
0.258807308272406 0.288779896286432 -0.0764264403176662 -0.156870939819884
0.0397318359774964 0.420126709008005 0.0228156611988479 -0.089882772661166
-0.279902866806305 0.341358485041821 -0.0329326077399856 0.102100370391982
-0.513051401616847 -0.0810021478471917 -0.269628237555162 -0.0246411762216218
-0.250242643856699 -0.472696499163134 -0.245114385643855 -0.328925238137665
0.0756106844758457 -0.505670329953551 0.131818108389939 -0.507179339426848
0.0792969284007732 -0.499086956788968 -0.217909596765538 -0.131331127796641
-0.231606989781907 -0.38932270949222 -0.0294456745803051 -0.0572671535558269
-0.403937833063164 -0.0860693571324666 -0.0730964448258097 -0.108553921457413
-0.233210788292898 0.290298157107338 -0.0851510211542187 -0.0642198608658453
0.0286805952779047 0.388660554312646 -0.0788318464915883 -0.00856784188324249
0.234216015172795 0.296435947090557 -0.05154916746174 -0.0422454635751139
0.321949486962308 0.141194797125193 -0.0782776638495274 -0.0863912453510634
0.352639777862934 0.100045770114052 -0.0724045294090816 -0.0921472701290558
0.347410722242287 0.156567928793696 -0.0350232541878194 -0.0904311739382969
0.30747786078951 0.37061402432726 0.0233784088061936 -0.0710029240470116
0.0353447716243503 0.521992198122692 0.0558467508077064 0.00841662397665291
-0.341607340244871 0.418843066806684 -0.0349039888022315 0.168576123292573
-0.626259460853106 -0.0743216194144946 -0.253480275111768 0.0427125096527914
-0.352078136180765 -0.562219261554033 -0.211718383807778 -0.230813808908251
0.0490275037416643 -0.641302085612852 0.111511654675288 -0.319572674486636
0.0411411534622518 -0.569218295583964 -0.249784667691008 0.0657776941556832
-0.320456761729524 -0.418105768798676 0.0478791151972104 0.0507383716129383
-0.481016806017919 -0.0556290882132602 -0.02038190583709 -0.0962279887195788
-0.258602870812592 0.345353045442368 -0.0960028612284572 -0.0711157403833986
0.0335753711574906 0.435002510152305 -0.0894199398802751 0.0672501235841773
0.250965395820918 0.331927459600921 0.0220672236159516 0.0555867154963452
0.339421693336428 0.169831477742101 0.0447984985930906 -0.0193294250592297
0.35944346960702 0.127354101931193 0.0653290005380958 -0.0402987048819449
0.346033319635042 0.184845546101216 0.101758570036697 -0.0264832422927764
0.300111392885784 0.389259308649443 0.129671659859663 0.0216338622287894
0.0236072362423985 0.523356478057079 0.0962413414733229 0.109457982260035
-0.335286807960424 0.405688108871751 -0.0257383443110679 0.223710284564959
-0.603801524831403 -0.0596098043134835 -0.202094500600427 0.114163957027491
-0.368027641280791 -0.547816171715258 -0.154758754089916 -0.101672560936897
0.0185091324630492 -0.654452876767388 0.092035790091727 -0.103168006435096
-0.00521740576473753 -0.552778269013463 -0.256293733510172 0.287117454327224
-0.361695975341331 -0.382468916823802 0.14353140666564 0.180836625892659
-0.476632372587067 -0.0110528233662904 0.0529023934301513 -0.0685943625827394
-0.239267753555823 0.34301980136751 -0.0939637754303735 -0.0652470622459654
0.0332114295463604 0.407622952260107 -0.0875329939748321 0.146284687505739
0.228415867680761 0.309774055836646 0.0965874910869353 0.157424429047338
0.304618630816577 0.168521719763084 0.16591658438416 0.0548425953368702
0.309884537003444 0.136675121419077 0.193122483588906 0.0176887209987439
0.289130464750582 0.186722691766163 0.221295587581293 0.0364982304886951
0.235463732665984 0.339586443573389 0.216506738096602 0.100790499853676
-0.00188195943554393 0.422929551651507 0.129046432136247 0.184557483829334
-0.263500138681871 0.295656408392547 -0.0130599218041873 0.244504296285564
-0.446727424637478 -0.0504724402429251 -0.131968734947912 0.163891195643093
-0.298170632893589 -0.427665421514142 -0.0917790667573566 0.0167231710605286
-0.012485013083975 -0.547874239166735 0.0732001379627417 0.0949417814317088
-0.0473178867401967 -0.437987558915633 -0.239930818733684 0.490981897208794
-0.32323081247177 -0.27435288694112 0.226754749734102 0.30462108089629
-0.368382977366982 0.0270481484159139 0.129655774842528 -0.0284860153610986
-0.168321678255798 0.258101022025973 -0.0764136472536241 -0.0515964295635077
0.0216191810829441 0.296138388191816 -0.0794115314658419 0.204782575374719
0.161691622847638 0.232169291873017 0.154657983588468 0.241862390932025
0.219235505045866 0.140777268631212 0.263914698719157 0.125534092594027
0.21259467612106 0.124621850044844 0.293478887042658 0.0722781466702314
0.189096761404142 0.158425772222071 0.302979082041181 0.0883676325648599
0.132925446558779 0.238438698531097 0.264251441613874 0.15251084281246
-0.0329611232785297 0.253590112367918 0.140827905269794 0.217428488087642
-0.15812141665654 0.136466936312651 -0.00202529103415787 0.222451884098038
-0.221480177607751 -0.0354641433773907 -0.0632421414426865 0.17864704615295
-0.184090200923699 -0.243761585038151 -0.0386821184211387 0.0958229214535501
-0.0429776214485363 -0.358370167434668 0.061566829325422 0.238837711072161
-0.076600157183979 -0.242183362735562 -0.208587385237035 0.635864493411237
-0.213562179916967 -0.117384960355985 0.280393986604726 0.401267983538222
-0.178052756250926 0.0527196288345704 0.199762189561529 0.00946885052277975
-0.0638734953877351 0.114333067480538 -0.0465046466275063 -0.047962886067776
0.00196308896756909 0.126993463613735 -0.0730805460098643 0.223411928299255
0.0629007640867836 0.11338597701119 0.177969936981564 0.292508371563308
0.0935454038662549 0.0908446753921694 0.320536481826509 0.179199451048059
0.0837122983540724 0.0938364879467593 0.349091531756401 0.113416756376405
0.0680172330587712 0.108951646414172 0.335671582431642 0.12401450826416
0.0226302132753475 0.112875972664025 0.268568089116668 0.175955222177953
-0.0545291722383234 0.0739821671548824 0.133365606096171 0.210522083698478
-0.0486429364368852 -0.00980623714204079 0.00627637087323866 0.171290098168701
-0.0113620457231994 -0.00765613989037275 -0.0067459878640125 0.165803800731786
-0.0789099576911082 -0.0483741794138977 -0.00209096614702175 0.133473423678731
-0.0779845309748261 -0.139111198964074 0.0617561707775945 0.315220346009038
0.0788478394465436 -0.030429666534034 -0.0502599277009078 -0.394512654436326
-0.0133818304770365 -0.109946876906896 -0.0792829492420965 -0.164170945036918
-0.115871434831573 -0.0382355072994852 -0.0384590518360597 -0.119837242228431
-0.0496494682080128 0.100679969460997 -0.0157321600154066 -0.0904298603419501
0.044208729745601 0.0837730926273795 -0.0665973691491362 -0.169651427262143
0.0734535491214149 0.0137940613059629 -0.2092994169219 -0.200520318252373
0.0561540999497355 -0.0374197413099407 -0.309594995472822 -0.169612255532088
0.0494489238776226 -0.0515082833895052 -0.333269092083123 -0.151729427819027
0.0451951725657979 -0.0382615092093097 -0.307024972205504 -0.197133797574147
0.0524626452897383 0.0220315152837391 -0.176215719809478 -0.257282862009642
0.0312984146703175 0.0589400428792989 0.0110177141343721 -0.209434320599766
-0.0486496408725007 0.0492852808977203 0.0176064961880862 0.00185543608173632
-0.068806874981875 -0.0687082600415588 -0.20207567227888 -0.0679845972016142
0.066200144690689 -0.0936547178984516 -0.227384904831694 -0.348044995105657
0.110620871826736 -0.00109842048025318 0.174618388333181 -0.638569762428454
0.106216671031623 -0.204457280780269 -0.0955292603491821 -0.363848150241759
-0.0634043280180822 -0.222969948947236 -0.0811483577231509 -0.159555006303562
-0.207589041452364 -0.0774465186034336 -0.0778712246228185 -0.111029658760747
-0.122735769661387 0.156221017337351 -0.0394011103558285 -0.0569679356912129
0.0316874266771559 0.196541932824715 -0.0519555117873952 -0.117740929663801
0.134251384576081 0.124264669895317 -0.159121000169828 -0.174918906580841
0.165173541623926 0.0317064482491367 -0.257726640467139 -0.168295861628974
0.179083087832983 0.00681264563320841 -0.28325550857162 -0.15530699138846
0.175140471580575 0.0396481457955717 -0.253560630109417 -0.187307905773644
0.160175150155288 0.167547993278256 -0.1374354148187 -0.224721193729765
0.0324980505121332 0.250507100102883 0.0117380544354556 -0.161512339259951
-0.177131262201993 0.198529762747662 -0.012355144805699 0.0433246849908731
-0.303617713889177 -0.0890236825593407 -0.243484505935893 -0.0662670790254271
-0.086762757988973 -0.304220199079815 -0.231127037975796 -0.367414936649669
0.10905562681316 -0.26964722282937 0.168919008180988 -0.606240192800182
0.114973093759036 -0.360951656790488 -0.149956750040356 -0.279845720796212
-0.124157640713753 -0.319169369737687 -0.0659962057957791 -0.130889438549967
-0.295435973156817 -0.103250485651117 -0.0932756388988689 -0.110991220186419
-0.187228467181039 0.208710505925017 -0.0665454650203462 -0.0498368921180399
0.0185701166292027 0.295887041364616 -0.0572880511851244 -0.0634496790120961
0.182483553454973 0.222373446756155 -0.104676774839625 -0.121258932626459
0.25319833246487 0.0982942397710375 -0.17674694086014 -0.139637969319164
0.281705023208846 0.0640069122252734 -0.190367054706241 -0.135648213543258
0.277109594659454 0.110466522398114 -0.15617831499719 -0.15134954670424
0.2438462817782 0.291366728204563 -0.0661304856843053 -0.16070621594438
0.0271812631654105 0.413041131934508 0.0279301860342873 -0.0861511751814777
-0.286574780489986 0.323241856011542 -0.0286487166981963 0.101879603240538
-0.49887456476189 -0.0988389159887648 -0.261639355438655 -0.0290596457738712
-0.227525341691057 -0.475217719496949 -0.224405294950613 -0.327248885340658
0.0967922439850252 -0.496421688080418 0.150625564724292 -0.490126380037223
0.101130570213 -0.486420297754333 -0.205544988001462 -0.138408144095983
-0.209685012106925 -0.392082881733256 -0.025509694116261 -0.0635765312875961
-0.393016680712411 -0.10065341179613 -0.0735806334597632 -0.108169006239993
-0.239045562168282 0.274170050103393 -0.0875937069554205 -0.0611174029498795
0.0146313615692605 0.382015120737514 -0.0737762598191491 -0.00179204348676473
0.219037099196124 0.298475817720465 -0.044778498051375 -0.0411107126593143
0.310335186630845 0.149831134667848 -0.0730453116586015 -0.0862684639219391
0.340524017882321 0.111016211207617 -0.0675991174113018 -0.0941457757655312
0.333547863422195 0.166349142976513 -0.0305591502763474 -0.0942948470181936
0.288574029489268 0.373000466577207 0.0274308222227184 -0.073151196593416
0.0182729234205495 0.510892614867492 0.0574735187998705 0.0105483063769846
-0.349034329668794 0.394986506045526 -0.0326876300805132 0.165883503775411
-0.610143204648208 -0.0963494654072726 -0.245573124076993 0.0359502161659912
-0.321855563892587 -0.566622035482603 -0.196715197463512 -0.228822795165767
0.0755233989374907 -0.629357673607552 0.123886089979631 -0.308074366748493
0.0659366113471538 -0.55510926493021 -0.246032060068979 0.0542722128136881
-0.29475123465435 -0.421103372557323 0.0465190767867863 0.0447721300350294
-0.467759367419362 -0.0709880713261355 -0.0208269289791633 -0.0951139938453931
-0.266544230439609 0.326027692733426 -0.0992005727829452 -0.0703242075696758
0.0181040473714895 0.426602846945503 -0.0870640019494633 0.0717071148529998
0.23388625433404 0.332176828045655 0.0231664758250726 0.0581735736352426
0.326410794260779 0.178431557532625 0.0437133903824533 -0.0155824712324328
0.346672995011263 0.138755926479619 0.0650973861084174 -0.0381410547511527
0.331504742705947 0.195407871465382 0.101395101536563 -0.0263145453121002
0.280965150696439 0.390593470180315 0.128253338249258 0.0208721232923616
0.0059979696943542 0.512718511675725 0.0938349944077839 0.109652453956806
-0.34232952136793 0.382872087447899 -0.0247706042022332 0.218326593413828
-0.587371514119497 -0.0830856941493598 -0.196481137306956 0.106980037666728
-0.338909642570089 -0.552744925572139 -0.146870941298253 -0.0994339000024838
0.048197957055891 -0.64251264999728 0.092360797820665 -0.0968557724114122
0.0206269805412802 -0.538874084349018 -0.263177522309461 0.271569475850091
-0.335160067105698 -0.387348763049761 0.13492096569209 0.176776136301036
-0.466485893332466 -0.0291529072334688 0.0519794739907611 -0.065854593681591
-0.247934187250562 0.324263793766112 -0.0974539029687238 -0.0658025698805684
0.017775612487282 0.399589597586262 -0.0898733862414069 0.147699040646835
0.212094839204383 0.311181758908096 0.0918580292442641 0.160300545513889
0.292259828715157 0.177247316298683 0.158648680464198 0.0624626564203947
0.297281176598051 0.145772829956741 0.188946329538796 0.0232170871174312
0.276131415697491 0.194062585148015 0.215521597792589 0.0401649472124316
0.217935905732299 0.340079072768917 0.210369505381403 0.100815767315866
-0.0163139967754544 0.413643546207739 0.123108806214625 0.183969934770284
-0.270002955185565 0.276596557938796 -0.0129188224067778 0.238256659883083
-0.433190617711288 -0.0684827488482194 -0.128328917437223 0.156246907555105
-0.273185053698125 -0.431676233724267 -0.0901023529192876 0.0189084603725211
0.015354938000634 -0.536728159688963 0.0647681651968446 0.0970306459255319
-0.0253097167514302 -0.428188455461055 -0.256882086390332 0.472608405671155
-0.301206556351397 -0.280162045004805 0.211403235823981 0.30330942902526
-0.358814572460508 0.0119569393012202 0.126656782991757 -0.0264557004619881
-0.17506378297698 0.243086316381662 -0.080417304795814 -0.0537963322018975
0.00952054039008964 0.289093023350191 -0.0855150830332098 0.202968096047129
0.148752569051695 0.233497837353441 0.144852009264539 0.245766204444178
0.208770203962204 0.14751657634171 0.251997458766938 0.134527403998719
0.202984514196414 0.131526892595192 0.284349642290542 0.0804777932732295
0.179511150786613 0.163048129637293 0.292390932353282 0.0951703001898486
0.120420337736534 0.237199109903705 0.253522757683115 0.153514987632203
-0.0418082104110969 0.246470385216064 0.132510192508492 0.214148412349745
-0.159679654215978 0.12415760946296 -0.00350940941973966 0.215661390365672
-0.211842220600028 -0.0464572725564558 -0.0612059449388417 0.171885878191822
-0.167607745140625 -0.243674450141749 -0.0419453461569365 0.0968582146252294
-0.0244836840474153 -0.349918183341512 0.0474489449904989 0.237225852460665
-0.0623166834883873 -0.237755191332642 -0.233904559265882 0.61591638640129
-0.201002170718051 -0.120578144454081 0.258031578154759 0.401881739021644
-0.173887474006636 0.0445845918048104 0.195668927596933 0.0129989035435179
-0.0676831953876106 0.107451450184576 -0.0491632399736357 -0.0506860290505805
-0.00353280787987857 0.123940462071872 -0.0824909685053155 0.218829493482446
0.05554009155107 0.115025101807099 0.164555685112209 0.296535837841842
0.0879183561643413 0.0940675022833485 0.304790747748527 0.190425724142411
0.0781840158307821 0.0980795398589751 0.336807262289015 0.124517915404269
0.0626076457281319 0.10968352538385 0.322644378118821 0.131964541474523
0.0164283801138404 0.111152333759098 0.256478147433802 0.175589043939782
-0.0584801997682838 0.0700527934852471 0.125241094777644 0.204681521271615
-0.048425704633634 -0.0144721139978326 0.00464416217226402 0.164849451706022
-0.00679441649594321 -0.0119628707971922 -0.00518766137482866 0.160843306557793
-0.0707780868320775 -0.0478261611110715 -0.00855704599873655 0.134299215138709
-0.066801750527298 -0.135767568318666 0.0424058802633003 0.311108331095224
0.0807980497568129 -0.0306500676495452 -0.0287034992527259 -0.405259077219393
-0.0130723612183045 -0.111823261348124 -0.0723697168203011 -0.175081336463157
-0.119129963447007 -0.0407091826763469 -0.0413893606391657 -0.123606975228944
-0.0526441879286752 0.103179649278666 -0.0162993049177344 -0.0897205294738567
0.0442161078925523 0.0872420378683405 -0.0612432951353158 -0.168383750024321
0.074975489188751 0.0146745398008711 -0.204174614058552 -0.208225640588578
0.0588995706305793 -0.0377499985361733 -0.306879679259198 -0.183648621498321
0.051395981927788 -0.0517838390865396 -0.332522948386099 -0.16793524530715
0.0459712167392337 -0.0374905725680397 -0.304231560087873 -0.213910743226599
0.0551677916181407 0.0245113120623768 -0.168207648755646 -0.271738997717048
0.0319147430411437 0.0606043297267691 0.0216807264959982 -0.21335712889933
-0.0505463448964307 0.0502144538763685 0.0223724109935803 0.00548707643424525
-0.0704445389602349 -0.0713718093192399 -0.202204671780844 -0.0709488377166099
0.0689452327670202 -0.095758425706199 -0.214558048158823 -0.358922176691573
0.112328883303107 0.00111184796593716 0.206590223368199 -0.642373700958991
0.117300880834311 -0.205488406258181 -0.076913025239534 -0.375598960044529
-0.0573729885612808 -0.229700922216139 -0.0740929451469921 -0.17107015125735
-0.210718425187891 -0.0848624684540909 -0.0808552008914601 -0.115111062195096
-0.128550849031692 0.155405526091265 -0.0420394230082666 -0.0555806868493617
0.0276591099967766 0.200920414998974 -0.0467445256115748 -0.11475496925326
0.133235700060152 0.129698905285339 -0.152104145783851 -0.180668293078945
0.166867009158092 0.0374164552775644 -0.254148918837689 -0.179387458136722
0.180904377372772 0.0124549539007733 -0.28216062164596 -0.169976540532353
0.175492519306308 0.0469445456720746 -0.249660046386721 -0.203802195944235
0.158991747495255 0.175346099286723 -0.130040316346686 -0.237183487910817
0.0260718576659515 0.255826870902216 0.0213906641789826 -0.163668194880875
-0.185562822113736 0.19617806786298 -0.00803184711091233 0.0467531637064591
-0.307052255341988 -0.101272292988324 -0.244621376819657 -0.0711058490637925
-0.0789510964859943 -0.31584150723691 -0.218534476830119 -0.378682455273779
0.123586163531893 -0.27319178548641 0.199032755764089 -0.609939482250227
0.134607666280177 -0.365091095686617 -0.137822073948116 -0.293119123072331
-0.112936114572214 -0.329699306138494 -0.0599036221471594 -0.142792725729409
-0.297763693957563 -0.115611726690007 -0.0964077028089806 -0.115316215919414
-0.197361108641431 0.20591949585746 -0.0705573085936671 -0.0486701327895758
0.00965022037086739 0.30190873259299 -0.053367773236826 -0.0587357321260152
0.178237892492688 0.231564517078112 -0.0984631613419528 -0.124508600357615
0.253813977192106 0.108802338467486 -0.173467874760961 -0.147522296351338
0.283218586254076 0.074915476382793 -0.187679909237899 -0.147144261244479
0.276682177976409 0.124406165849724 -0.152368037533947 -0.164288310709667
0.237437353441922 0.304541226018771 -0.0596838511569256 -0.170435919214875
0.014086914534108 0.419798758095389 0.0357719379322826 -0.0859319750321947
-0.301265799759543 0.317465766850043 -0.0262911492141271 0.104555902167515
-0.504409717603307 -0.11977380955017 -0.262588152420415 -0.0344326473600185
-0.214092099055048 -0.495213437635361 -0.213680815753346 -0.337157436983041
0.121232582430227 -0.502821154649221 0.17631844821532 -0.494287225900725
0.125815849667907 -0.491718716248351 -0.200790128944094 -0.150127668776746
-0.19531332110205 -0.407568187406331 -0.0212527093892738 -0.0725057678309693
-0.396499458834743 -0.117637370657734 -0.0766386065015712 -0.112315574470207
-0.25351090644432 0.268223655485314 -0.0928914678185644 -0.060367035729697
0.00179403030499271 0.388397279756941 -0.0719231113183174 0.00361535916853347
0.212132742061866 0.310498812939861 -0.0400024278709021 -0.0413631260821083
0.309826763513704 0.163963491957977 -0.0708637785873526 -0.088757228599046
0.340524320691929 0.125515891958755 -0.0657537551092255 -0.100320995252107
0.330785185699357 0.181929503680221 -0.0265613534433537 -0.101487175344667
0.281166163132757 0.390056001209599 0.0326875361717051 -0.0779040642233039
0.00218650351162499 0.521446730840689 0.0622698697239729 0.0132747837334513
-0.370555109426114 0.388114539378077 -0.0303839152402161 0.169238160079038
-0.615862530320336 -0.123131074333664 -0.247501646477692 0.0314619711205954
-0.30488897586595 -0.592278173848988 -0.19034327336406 -0.234958193551743
0.107397417432054 -0.64034083061339 0.137617308085138 -0.310798434151125
0.0940010672854786 -0.561773531004299 -0.252018477630945 0.0445675271035121
-0.279215404774607 -0.440850289814838 0.0467129922073826 0.040268553301513
-0.471461999230284 -0.0907741627937584 -0.0218183128794183 -0.0974412379976949
-0.28371215646996 0.318586717833343 -0.106153474127181 -0.070681629751233
0.00384899992818851 0.43375323904972 -0.0880313408702434 0.0773678671654546
0.225268756241557 0.34739327258369 0.0248288673569518 0.0623494482898193
0.325362840691597 0.19496350791526 0.0444619356813807 -0.0114501288592356
0.345563501404381 0.154899151643498 0.0672069218519912 -0.038478696608828
0.3297957578659 0.212322612907066 0.104773131526612 -0.0273999715415062
0.272356750284525 0.406620457049489 0.131359240760724 0.0202851840182448
-0.0109170113339304 0.52221036214874 0.0946525372577793 0.114989407129498
-0.362799414373422 0.373943216748647 -0.0251453539501839 0.221687544012812
-0.592782454092822 -0.109055373837866 -0.198286880157096 0.102386633058331
-0.32002766521137 -0.575819877379736 -0.144542553934349 -0.101779224854362
0.0797040053444175 -0.652782942133688 0.0967010995791112 -0.0952593882643823
0.0472629511110733 -0.547091370096014 -0.279741012821261 0.265573894450886
-0.32024332695329 -0.407471748205595 0.130496577178556 0.179451032478114
-0.470995539555519 -0.0496979737018982 0.0522654818487725 -0.0669461846482997
-0.26397251291395 0.317504875454178 -0.10485261657781 -0.0687442091750555
0.00277207240253806 0.405908942435266 -0.0948380307084537 0.154406302368492
0.203661023381457 0.324996656852338 0.0904002406976662 0.17023153888515
0.29001104914648 0.192085365938072 0.157717615203948 0.0728680452417072
0.296570244526901 0.16080176007658 0.191417020278333 0.0295020290974569
0.27307166958767 0.209403820232343 0.218077118190397 0.0448521533632625
0.209842241467687 0.354086746382168 0.211300092106831 0.104338548859394
-0.0301576731942716 0.41975866123895 0.121571970868873 0.188659789691504
-0.285852458860701 0.268283374045698 -0.0150284913651628 0.241250902686864
-0.43663734213155 -0.0891778911138314 -0.129781186129057 0.154209367640347
-0.258847324791967 -0.449479179190977 -0.0926736614417278 0.0207862157043111
0.0414902002352789 -0.545693141878656 0.0590517827573915 0.1012169597945
-0.0037930033252934 -0.435950341046422 -0.284523223921173 0.473165133642004
-0.289750308030834 -0.294972511186611 0.203113992109744 0.31285247759052
-0.36223939261862 -0.00365961626271581 0.128868554213155 -0.024612583473919
-0.187008857160046 0.237611176143706 -0.0869550651013794 -0.0579863117517378
-0.00150363358740041 0.293165057794415 -0.0946529486673392 0.209011068374707
0.141240285403484 0.243322371764112 0.139983605100632 0.258148999398437
0.206254835409374 0.159459271935148 0.249200859588661 0.149884921442916
0.201114659889512 0.143351990398464 0.285582765401807 0.0916045507381711
0.176217020239956 0.174128673302863 0.293016409549519 0.104377997685724
0.113270354298312 0.245746532107276 0.252416722111658 0.159675711852049
-0.0523057884449963 0.248453179663778 0.130238786807269 0.218511684916963
-0.16879033734714 0.115847143607877 -0.00534093046212908 0.217373607501818
-0.210273281711136 -0.0588804280926493 -0.0612805978960819 0.171965556452983
-0.157060222399226 -0.253312974789132 -0.0471055009622662 0.101677231021207
-0.00602593581038747 -0.354959878644592 0.0345322638037782 0.242328665768179
-0.0504803632670196 -0.241967456653357 -0.267223747955667 0.619538481187429
-0.19522127055463 -0.12867826021569 0.24767062007206 0.415309020683776
-0.174465689902143 0.0373996602059891 0.19785974261792 0.0161225221640609
-0.0732269107563551 0.104740864076084 -0.0543598097257728 -0.0554727427412856
-0.0098477912660722 0.124814417395019 -0.0937480190852951 0.223377623789891
0.0502324269359992 0.120300290085476 0.157923282743324 0.310882505451053
0.0853299529248399 0.101210068757461 0.300284520609584 0.207462797567039
0.0757522226117406 0.105611530823468 0.337459762206191 0.138911754752037
0.0594435525583883 0.115134612811217 0.321899674813571 0.145155006879928
0.0100771202035298 0.113108620373186 0.252477035448901 0.182282843825717
-0.0642459864475233 0.0686207161694595 0.120954561743802 0.207029483967114
-0.0494610923287167 -0.0202609776628936 0.00337469099691045 0.164742787985437
-0.00197548228032307 -0.0156296313589286 -0.00469237899145137 0.161744710345681
-0.0652185500610234 -0.0481824110679617 -0.0153600025419687 0.140666714007034
-0.0594461931649849 -0.136294093087123 0.0260490121223416 0.31783732129248
0.0848636441286477 -0.0338718104287916 -0.0209667689320006 -0.428063902544638
-0.0157848565222173 -0.117646398952315 -0.0708861015885289 -0.190254293510926
-0.128181921526758 -0.0409440419147116 -0.048134426710585 -0.129913862957297
-0.0548857418145205 0.110106488402465 -0.0209041960711088 -0.0918818002430037
0.0485675650586633 0.092929685028587 -0.060986436590851 -0.171433770225408
0.0792243031475787 0.0140263053245288 -0.210410000364594 -0.21795022077695
0.0630098999357063 -0.0413089540318748 -0.318330801630481 -0.195938440720422
0.0541792251922681 -0.0550472132672574 -0.347697192738724 -0.182156076157221
0.0480918977691035 -0.0387914534494672 -0.317231672736327 -0.232140517753291
0.0605593047995706 0.0254237040865196 -0.172665901037237 -0.291217263816422
0.0361682457802333 0.0638741860383948 0.0285717690848855 -0.225831225359605
-0.0521036824824935 0.0547209328682235 0.0293538295566584 0.00793382087536568
-0.0758408624733765 -0.0737610298567098 -0.210317263444836 -0.0709453291634489
0.07106387599937 -0.101623714663143 -0.217301863663215 -0.375306461899927
0.118197385911144 0.000371017627549649 0.229789174395155 -0.673424480574431
0.127330377247392 -0.216714466709956 -0.069741058860743 -0.397977195804826
-0.0586225426315277 -0.242621721591089 -0.0730002165906302 -0.186771892548235
-0.222725367428848 -0.089749455657617 -0.0899982430556315 -0.121028389525457
-0.134774314304903 0.163395483045636 -0.0480223735232936 -0.0549105892693376
0.0296722592065616 0.211747706990237 -0.045497760295929 -0.114247960894062
0.13964340730222 0.135941193710446 -0.15482488264502 -0.188805478088264
0.175721057946764 0.0399899504658162 -0.262829732655875 -0.191887249210088
0.189187113185348 0.0144919971939039 -0.294440008754615 -0.184667092584819
0.183288495621545 0.0524633915653225 -0.259849830932903 -0.221208522600515
0.167691170277468 0.186402082448445 -0.131748296464385 -0.254581023906363
0.0277993492692017 0.268467295976406 0.0285047598086089 -0.172069063453479
-0.196408014066657 0.204124195512639 -0.00284834223516817 0.0518579108778592
-0.323934530344209 -0.109322448991488 -0.25382228196243 -0.0719842731329817
-0.0800170161352458 -0.336181884368685 -0.221859656725885 -0.397473078152719
0.136098654242578 -0.28849676033861 0.221036503461216 -0.639876314932305
0.149011444930291 -0.381929948995537 -0.136099686793829 -0.311641749545143
-0.113467349473776 -0.350044148689571 -0.059562762888706 -0.15768697917982
-0.312502502446469 -0.124775718821746 -0.106692894451363 -0.121529638941309
-0.208751487888443 0.21279046157567 -0.0792387659721648 -0.046430705454199
0.00886499024361435 0.317186751094645 -0.0506926010830832 -0.0548672751274306
0.184928723724665 0.245152621151136 -0.098289980699757 -0.129896739281344
0.265879258150911 0.116170353510685 -0.179613476258569 -0.15593175585005
0.295384769186454 0.0811541039748967 -0.196078781578987 -0.158892871492172
0.289378014001594 0.134889813648455 -0.157681202119502 -0.178644411205092
0.25050074083348 0.32313619696581 -0.0589370158738027 -0.18389525095388
0.012252775505978 0.441640202362153 0.0426825458396851 -0.0899019798468614
-0.319853446738156 0.328791061085471 -0.0209109791287872 0.111672691964077
-0.529617069125908 -0.134587594272996 -0.273128480921475 -0.0345006260473502
-0.218051287778091 -0.526890854029602 -0.217335966256738 -0.352657753843522
0.139146457552613 -0.529691499202464 0.192920857854515 -0.51776367591932
0.143602525774873 -0.516037013889223 -0.206696416353854 -0.163337922510658
-0.197169219756603 -0.43318673796508 -0.0204354316128218 -0.0851649005129736
-0.41399884927752 -0.129211493729016 -0.0847044807404653 -0.118298100450413
-0.269511217537104 0.276831315799208 -0.103074240130621 -0.0589782763301575
-0.000585342515089004 0.407687779833956 -0.0707920011254951 0.0120531255559558
0.220333503524224 0.328934991856082 -0.0373146811726637 -0.0417590546071413
0.325915999856116 0.175448674106283 -0.0729716580459189 -0.0923108153445987
0.3553362047782 0.135179638757482 -0.0684561887425691 -0.108731815214446
0.346001059051336 0.199428493590882 -0.0259247540038187 -0.111661210033509
0.292790614317887 0.414239703159506 0.0374960584905606 -0.0864429700428678
-0.00159805111189268 0.547459709768451 0.0695911331386159 0.0149260004891928
-0.392733181411558 0.400589306052109 -0.0256851544964652 0.177693639786542
-0.647613479143622 -0.138894057389236 -0.256906708630217 0.033386944861371
-0.310825418012574 -0.630104583239729 -0.193796535154175 -0.244987594799582
0.12662214613356 -0.674611596223446 0.148696282705995 -0.325476334744877
0.110308271979276 -0.589453779312153 -0.264694205708553 0.0427505104736601
-0.282271132130455 -0.469790105796453 0.0487731433083055 0.0350390514981252
-0.493746759617166 -0.103687773512549 -0.0262116737419761 -0.103140121497774
-0.301750636512685 0.329863301424447 -0.117640539823806 -0.0710456792097524
-0.00148439254184015 0.455682768741057 -0.0898851452936179 0.0885673231747471
0.232814245024118 0.367819514709276 0.0300651576658288 0.0688119608982085
0.340033285098749 0.208691590003265 0.0465994955582729 -0.00855322531547414
0.359839671958003 0.166662918658776 0.071059141629494 -0.0415418056036174
0.344051240573901 0.229598157004021 0.110903286605282 -0.0314974639579102
0.282569099066782 0.430317556277807 0.139408435954994 0.0181475016693957
-0.0171277856555981 0.549767976051615 0.102484164802272 0.121133445039039
-0.387020575378826 0.385210099719351 -0.0203871347090023 0.232273831522931
-0.621536429047465 -0.126295623775424 -0.204149760570021 0.10797208296423
-0.328933798399352 -0.612439519909009 -0.148938142282676 -0.103418055096643
0.100244588158109 -0.687390568638374 0.10026144139308 -0.0989912552849614
0.0617180603336047 -0.573808169662025 -0.30011532461124 0.275944371045079
-0.32667797237986 -0.432894775940459 0.135104727106388 0.184047413322723
-0.490685176674528 -0.0607594350891088 0.0523463714281564 -0.0716257500092008
-0.282368709686791 0.327806888578444 -0.116715482605976 -0.0706881349327015
-0.00228691088013492 0.426600767667243 -0.0992147445954283 0.16838266340184
0.20913450061521 0.346567067810404 0.0972106781738509 0.18298333891014
0.303753775517676 0.207012012778024 0.164450045358211 0.0820619669913285
0.308713458275038 0.17420904318347 0.200435323615047 0.0323618107043254
0.28467335789952 0.225215546919949 0.228795331584194 0.0462846141684394
0.21669034132374 0.37376874270732 0.222254779361975 0.106465216431017
-0.037412662347547 0.438705934491185 0.129011554752207 0.198131400825571
-0.304516273363568 0.274692732172965 -0.0112493871737655 0.251391570130129
-0.45459558931432 -0.104116845290004 -0.131615616770776 0.160717475975619
-0.263707053096995 -0.475667562250617 -0.0962071251674782 0.0267491452082915
0.056962137162196 -0.57171648294632 0.0573150958302957 0.107021784897852
0.00572165245282107 -0.455872864990631 -0.30770216259021 0.493789645279311
-0.29691403587737 -0.312876846088477 0.209013223186088 0.32741584967504
-0.3774479347203 -0.00979374520535155 0.134355940186464 -0.0274291095808343
-0.20074330836276 0.244470988887545 -0.0980744963638815 -0.0618494989621357
-0.00613900613230282 0.307638802903329 -0.10123718284957 0.22392243178315
0.143775352070755 0.259995331690904 0.147560731885372 0.27703987579559
0.215476889919777 0.172209251760541 0.258456647146952 0.164495147402851
0.210138679034427 0.155855209183207 0.299177192277775 0.0999230926820942
0.182611697490933 0.187004021030745 0.306168483988024 0.111317952481344
0.115066453174857 0.259246698710833 0.26302355701346 0.163801438079384
-0.0593482696150482 0.260254592939186 0.136638962740058 0.226325076638594
-0.17940662491522 0.115934121172849 -0.00170876174159911 0.22614223322007
-0.216770884763934 -0.0687260381297372 -0.0592882802036797 0.178917150149141
-0.157656626037228 -0.26701566910704 -0.051138261123614 0.111435669062841
0.00435654143514864 -0.371739226475768 0.027797171021526 0.255568236796908
-0.0464619547331674 -0.253389825813359 -0.29442422540491 0.650374956907255
-0.198553892504372 -0.136340273537126 0.254240474701195 0.439029189672348
-0.180605340783966 0.0360237466893034 0.207968494400984 0.0154192391152019
-0.0792566548221687 0.107086405186877 -0.0627834086618966 -0.061420747622139
-0.0131238256739516 0.130796626509816 -0.10288512523184 0.237700719419906
0.0502526726050986 0.128845647323186 0.162954885429236 0.333053403705096
0.0880991271170121 0.109588109056242 0.311961527063981 0.225686436578819
0.0793148414251534 0.113742999858271 0.352707176620693 0.150861029124944
0.0605689060987646 0.122546991802277 0.33518466732255 0.155022196752517
0.00663274016605367 0.119549454181949 0.262164838509781 0.189192587534066
-0.0711859597554808 0.0719459035036005 0.126278726507839 0.212302030135235
-0.0534618003742781 -0.0255468058582845 0.00710547828414593 0.17096511980574
0.0020100593883556 -0.0202458193876459 -0.000386889127673462 0.168555733428226
-0.0631648116168332 -0.0486203615625733 -0.0186131195814661 0.152819738816353
-0.0556671549768292 -0.141129390260146 0.0166918165579576 0.333385306694181
0.0875590665768899 -0.05000763947084 -0.0894287460529088 -0.445411124521375
-0.0347007481323634 -0.121105514795698 -0.101231752981567 -0.191598564578465
-0.143705541009084 -0.0204754794151258 -0.0708085526292455 -0.131028394042903
-0.0381870517838739 0.125175396542198 -0.0401529215160705 -0.0934544391545502
0.0687143434460963 0.0894663188587103 -0.0943105114533797 -0.167678970360308
0.0876494841999873 0.00159641597724187 -0.257291271170383 -0.192766847264027
0.0608717481068833 -0.0546740107148706 -0.371795719767053 -0.154332007735228
0.0491834492747992 -0.0687164731495599 -0.390399860274037 -0.138928539962682
0.0452860272759814 -0.0498138827255991 -0.369831820532297 -0.19982401469807
0.0719461649791706 0.0154766412338197 -0.225378248379513 -0.28286197281476
0.0513953302640663 0.0605432835950448 0.000204244534063599 -0.245369027558083
-0.044616937877252 0.0655650000640721 0.0399765113111927 0.00497583108844828
-0.0923373865984047 -0.0625203679474323 -0.229662088427836 -0.0345572294564981
0.0561792882280785 -0.115039914683715 -0.281470459881575 -0.359125571354139
0.117473211731267 -0.0174776498434609 0.152686173486192 -0.741266514624451
0.104237222743458 -0.252725303352197 -0.128954369351539 -0.391426630452202
-0.0961639823322939 -0.2485572710104 -0.0978235489732938 -0.184149977118307
-0.248446769194683 -0.0589962805970691 -0.106174247408812 -0.113224075203773
-0.116703347790193 0.19047057864936 -0.0575517038007629 -0.0514940511744467
0.0646351075524544 0.215614166343346 -0.0654009137722421 -0.116631428728442
0.16778729812945 0.121087554150869 -0.197039437963545 -0.178141627999536
0.189977357352428 0.0157295323083841 -0.314477564528422 -0.163665294916365
0.200233795061739 -0.0145318660350166 -0.335762932611211 -0.15074181230009
0.198732429114359 0.0251380348992949 -0.308198360487389 -0.198986650540955
0.205072628047579 0.167194158790779 -0.174166102174429 -0.253236925607877
0.071671351715488 0.273520963758193 0.0102472172931802 -0.191025419234832
-0.175425174798013 0.239440562139009 0.0173070412406219 0.0547673118379817
-0.352920262252191 -0.062489416599403 -0.274137207144839 -0.0248800783414502
-0.131402206012 -0.334935994767352 -0.295172105146468 -0.37690947665301
0.0963438007196318 -0.317170292640493 0.145690150280607 -0.707588219177938
0.101172622446588 -0.433884660333749 -0.176345704902409 -0.276622262786242
-0.168494267611865 -0.354942373569277 -0.0752170486599078 -0.154309177449815
-0.347088870804045 -0.0846720721551532 -0.117552565981037 -0.111533785239828
-0.188134722029908 0.250043450206865 -0.0850838538849505 -0.0387967864369941
0.0560098825177931 0.328032949030758 -0.0598644335752556 -0.0584033106397847
0.230899170592777 0.229315324669749 -0.130039200818162 -0.130723594367417
0.296184350396214 0.0850484281595267 -0.220704676436479 -0.143155445554317
0.321591194887546 0.0413159970479193 -0.230511821864011 -0.138948358619156
0.322169622678282 0.0976357499533889 -0.193973900704714 -0.170659201209874
0.309161846228664 0.298176238079608 -0.0852945719019893 -0.191717450234456
0.0815582210538435 0.455065945745789 0.0388473620807526 -0.108376522576022
-0.288669735490845 0.384789111270268 0.0118598927759266 0.119438605267217
-0.56978725014745 -0.0575224742578575 -0.285392549902934 0.0199883917695382
-0.300497855152705 -0.513773878142155 -0.290143397121747 -0.327447984437443
0.068005892595415 -0.567555810701832 0.130959511044529 -0.576447547917747
0.0733153017464844 -0.575766017063741 -0.218850485590179 -0.0981245692125687
-0.266703044810367 -0.432649283220354 -0.0176479131117457 -0.0824188119697154
-0.454640552305421 -0.076757223969498 -0.0885904861564834 -0.114659346505382
-0.244895260726963 0.323481889323486 -0.1115259652907 -0.0503504648572729
0.056379689731551 0.423034625146364 -0.0692227316503263 0.00973613267619543
0.279495184683706 0.312965066942622 -0.054015801255593 -0.0509907680443821
0.365533802702278 0.140345885362374 -0.0978576200839743 -0.0940822830920651
0.391715188016818 0.0908466931200548 -0.0903156381349452 -0.105105274292596
0.391332131146073 0.156420555414821 -0.0454010791800729 -0.120074597254191
0.367300877038065 0.386752868257282 0.0308367226250982 -0.105284612772527
0.0789017064539581 0.568464466984087 0.0831439215724303 -0.00384810869685509
-0.355417172674028 0.467911802042789 0.0186624528468598 0.188706703220141
-0.691401146419061 -0.0462857029579153 -0.254741780749903 0.0891128210921475
-0.412626163184778 -0.606290997515384 -0.2516702555591 -0.214248538021659
0.0356458907153663 -0.715287295001273 0.11127006972302 -0.365748307918689
0.0252076828717978 -0.64990999407356 -0.242533461508708 0.133531806547235
-0.361005323677259 -0.460794111206359 0.0782769795044615 0.0335134656398741
-0.533642575171767 -0.0392077446561584 -0.0196112693767936 -0.112750458174185
-0.271852772112643 0.382560299893338 -0.12785220789638 -0.0648041773782721
0.0599922796833181 0.474147328326499 -0.0763424672068071 0.0915359100067142
0.296701360289407 0.354497550242707 0.0344005037998144 0.0525598437584762
0.386283164874142 0.175087750866542 0.0441524854638779 -0.0253222209043395
0.401624136619662 0.12514978146337 0.0648568310816778 -0.0564345612911216
0.392753104389599 0.188860649103267 0.111197722939759 -0.0559646186308089
0.356828735286956 0.405994876805028 0.15350398478991 -0.0113196178151829
0.0635845923325345 0.571411237803405 0.13332101216866 0.101633450385663
-0.350467252570888 0.450012062392323 0.0328745050875245 0.243126480417314
-0.663269651099842 -0.0384798161124995 -0.186982554575005 0.157141696626243
-0.424079862364818 -0.587281158236545 -0.183075589599186 -0.0713368674408079
0.00739424732593864 -0.723829099331701 0.0891077035600554 -0.121036079683666
-0.0245346033292461 -0.626842146920268 -0.2411470617063 0.383966355092855
-0.403058297838515 -0.416194999398701 0.193358858869333 0.17682081671548
-0.525165650331539 0.0061439171710646 0.0688853020001478 -0.0961931306808281
-0.250751705134403 0.377055385976281 -0.129237452260691 -0.0658476179818437
0.0531197114005096 0.442895497538026 -0.0756659859709678 0.177219021902911
0.267197707479558 0.333995447096391 0.123938691605562 0.163913682105616
0.346945595344747 0.178255142199181 0.183777428996302 0.0532050185831296
0.348637549575447 0.141408534091792 0.211097178284391 0.00162537429133058
0.330363902716306 0.194868583157927 0.246293325670731 0.00901219881083748
0.276181434030929 0.357942309898116 0.251782349514231 0.0697223516219178
0.0239401949843351 0.461074727514504 0.17064588655912 0.178966493041518
-0.280405174444008 0.322729421941395 0.0417127483995094 0.262669156943206
-0.485480122283974 -0.0418646204218661 -0.103092551252182 0.196817844575825
-0.336405750385149 -0.45408445028763 -0.106210743398144 0.0547776655002944
-0.0178912721060978 -0.59913065891237 0.071201708023728 0.103417192151232
-0.0673301102120017 -0.493192199255355 -0.219783414225014 0.607383365382927
-0.355055282739457 -0.291480586115435 0.29141809177359 0.314350847373503
-0.397202246510482 0.0431361915142777 0.155392579211911 -0.0642756177942892
-0.17778303991926 0.279900436189854 -0.111739269285172 -0.058433845521849
0.0307833972202492 0.318742062737401 -0.0695313590902661 0.241986322074832
0.185853126906219 0.252756814373917 0.194777174111854 0.259869413525017
0.248855265046463 0.154598408244715 0.300322786048912 0.128985995303614
0.241378923753691 0.137287837039879 0.324571976182313 0.0581890748734342
0.218008688124824 0.170206767937849 0.337984344668454 0.0666338535023687
0.152682868629603 0.254569860440941 0.301898654705244 0.124890929922431
-0.0266703765593879 0.279297123605202 0.180500766463905 0.209495896319222
-0.173584046413704 0.139566327187919 0.042170175236353 0.23509611951121
-0.231998533091967 -0.042937863297471 -0.026921583464184 0.199476326021719
-0.196124192573096 -0.254054979127005 -0.0421469752932892 0.134374193056346
-0.0431416607014483 -0.383577561034199 0.060335291620464 0.264323808220584
-0.0921490738978039 -0.267941706730598 -0.189755422999402 0.756025941497077
-0.229168477504237 -0.116444293718132 0.348326075204652 0.421194320233976
-0.183814502087044 0.0633910389712812 0.229743054743833 -0.0290985311953516
-0.0692442927951773 0.12040645037253 -0.0802613283840396 -0.0597396455765321
-0.000557130116578566 0.135949061161866 -0.0709599680376263 0.263725503340928
0.0675117439316723 0.129152337811332 0.224332698875214 0.322332483830931
0.10692486279818 0.106584996068007 0.369419133274135 0.187880513404727
0.0989943427399567 0.113374789303922 0.389196489187426 0.104784556733198
0.0812221144634497 0.123152779019263 0.374035978162531 0.109905402439515
0.0196724588633298 0.125933920174591 0.301766282277613 0.153140381580852
-0.0680745736583962 0.0862681846575181 0.165219252077259 0.197115966060211
-0.0618247071048497 -0.0239830240965056 0.0373977272322734 0.175631988800457
0.00224015031488908 -0.0264634597630027 0.0318084265520594 0.174182975406968
-0.0661665811237775 -0.0407134485095511 0.00294855935584463 0.168934682245338
-0.0717962553997502 -0.136387697863437 0.059813462555056 0.349460354714888
0.0841508412124241 -0.0600629064256565 -0.119667594100693 -0.450740377210553
-0.0478481211377419 -0.118949791291318 -0.11764242912203 -0.195831740713601
-0.150111043081491 -0.00533319055304127 -0.0887427156375179 -0.125945860563886
-0.0260666371026728 0.132069772181258 -0.0518471908164906 -0.0868748121960911
0.0805937726768201 0.0854499317780252 -0.106774785918306 -0.157841088864445
0.0887369100839191 -0.00718370201117269 -0.274809809210067 -0.173760668288658
0.0568855650057714 -0.0625712719516835 -0.388605795274176 -0.129294076989091
0.0436884913419498 -0.0748649975841034 -0.408925839161226 -0.114481118198701
0.0413445458638107 -0.0539965482862674 -0.394199005255384 -0.177847821251769
0.0767516130276519 0.00847179448630355 -0.251348480752192 -0.275196938571594
0.0597691266911661 0.0561630635194181 -0.0157293690147047 -0.254273014947315
-0.0391239556076962 0.0708479482259832 0.0476552178096135 0.00148029613582978
-0.100891319622774 -0.0534807894847927 -0.232832204575127 -0.0112804290573729
0.044621227940111 -0.121934871445951 -0.309747294553626 -0.33987785398463
0.117366101015344 -0.0294981417450338 0.10241675211855 -0.769175181427966
0.0876789196920014 -0.2677980287609 -0.156332720738349 -0.393068208599124
-0.119483946432578 -0.245768902372249 -0.114173934730218 -0.188836839177549
-0.259439955818856 -0.0384927824066074 -0.123002384780782 -0.104592446680306
-0.101872422309865 0.203124762057609 -0.0655786228323004 -0.0414109639404861
0.0852014242391915 0.214673848549577 -0.0709176165085444 -0.108348063292782
0.180873581482042 0.109176638280522 -0.211507090651153 -0.164168487670093
0.193947023330155 -0.000636864373905071 -0.331074411492093 -0.143065690035987
0.202041210110215 -0.0306776805313583 -0.355287713547163 -0.130191740886514
0.205397366247618 0.0116195715781418 -0.330493265803601 -0.183085517514283
0.224151520429898 0.15265492136684 -0.196212232864337 -0.249855920996304
0.0966472820728482 0.271991904016434 0.00011614770740835 -0.197934655501266
-0.159043209410813 0.257235060987639 0.0297165849054457 0.0539686212909014
-0.365111523175555 -0.0349553960429994 -0.278497999241985 0.0002379773329982
-0.162182678156418 -0.332070728640805 -0.32464857805026 -0.358183225954715
0.0759610402683892 -0.334071712963022 0.0981057341806752 -0.735021394995677
0.0722042563175857 -0.451904706857631 -0.197329563159186 -0.272098827990282
-0.19949813521723 -0.350416283957548 -0.0892906219565131 -0.160395720684662
-0.360779524560737 -0.0583025779334702 -0.134391888931406 -0.101150739894985
-0.1719208981278 0.268847889047896 -0.0922057202911755 -0.0258043339702024
0.0846769116524444 0.330210219744254 -0.0589656967388214 -0.0497551944382311
0.254617937086491 0.215469254485933 -0.13845904616088 -0.122318700788446
0.307224055559987 0.0620340897061746 -0.233958009336288 -0.127915488429586
0.329478968421759 0.0181927416020646 -0.246099718810917 -0.127605379087566
0.336856910129163 0.0766548760805372 -0.211918788218304 -0.164156517360681
0.339891656737394 0.280094818514138 -0.101112677207959 -0.19450798763706
0.118939446239904 0.457081619268468 0.0369631543191868 -0.11517744696386
-0.264778931405276 0.412371402044988 0.0303763452673084 0.11976591645587
-0.58501249443681 -0.0154033747042197 -0.28562498122097 0.0456508813824442
-0.347700084272797 -0.501553543232219 -0.316426287631233 -0.307532326219204
0.0279727835045051 -0.587562649314038 0.0921250588304546 -0.599014309727155
0.0347996342234323 -0.595398856070631 -0.228430311481091 -0.0856495773157558
-0.303462311096097 -0.42384379476553 -0.026594926139238 -0.0914197466102079
-0.467660835016162 -0.0440202137012214 -0.104238306719514 -0.107431465106345
-0.225268956610251 0.347144099612392 -0.120866697706143 -0.0353006748630616
0.0906325942890274 0.428295377283939 -0.0624552371076287 0.0209610800893985
0.309581949177803 0.298488651090053 -0.0533488859542859 -0.0475532786040125
0.383438918700594 0.114159663490044 -0.10439277667177 -0.08716375774111
0.405418806162544 0.0639670182305061 -0.10033049082726 -0.103384767736994
0.410417348536286 0.131368395701238 -0.0563122723703779 -0.123830278751849
0.404920150995635 0.36517947540668 0.0234910992402522 -0.115318193821156
0.128593722067224 0.571888252276 0.0893303935080275 -0.0128040613425101
-0.327765666294438 0.501895578334051 0.0430626873032621 0.187711091867136
-0.707796735388471 0.00361411952538946 -0.246871336280758 0.113043749430978
-0.466055332732298 -0.588085279777924 -0.268512361196525 -0.19409269337061
-0.0136076633658976 -0.7344531352394 0.0835292331151521 -0.382889611351233
-0.0180728086887716 -0.66627853890035 -0.236119052652094 0.152822447846609
-0.401172149053439 -0.445365680012716 0.0799823215333898 0.0204122021708645
-0.545066826345125 -0.00318877014722445 -0.0344903823366255 -0.11190296300026
-0.250554772406593 0.407782848554035 -0.13968842180292 -0.0487761745569312
0.0981690056735949 0.477763697374426 -0.0643487514198792 0.104686176482168
0.33155352686781 0.339232218657287 0.0453825566063611 0.0510737905713062
0.408043344795012 0.149013691204159 0.0448561591347589 -0.0268520652660784
0.418286801937734 0.0987097422638448 0.0612735602539899 -0.0644125943528026
0.417089386908545 0.164834464164779 0.107402397896632 -0.0707429446280343
0.396749619226727 0.386038592828631 0.155441671547142 -0.0296895867315384
0.110672049729168 0.576594784626028 0.147458781497741 0.09111789542056
-0.325792334381535 0.482136111205693 0.0611644015116932 0.241124021388793
-0.67771965894442 0.00855238805563047 -0.171477025715828 0.173811855942193
-0.476062927011443 -0.566267362972347 -0.188645845964861 -0.0536405827591621
-0.0410648962194397 -0.741078850406848 0.0787324460726509 -0.130054493736299
-0.0684571119105992 -0.639015443551743 -0.217415247606762 0.410794771605938
-0.43717267491539 -0.395729289962831 0.208687983277366 0.158232366213753
-0.532393083461376 0.0431489093996631 0.0589377052598094 -0.10391488301216
-0.23037199715092 0.400151303626768 -0.142439201951265 -0.0518753170193513
0.0866600060634765 0.447297430562217 -0.0582871494698737 0.192378535458819
0.299460360853866 0.321314893913399 0.145011809665506 0.158885690023844
0.368628577406467 0.156537091006882 0.194103797023305 0.043466839649962
0.366310561294959 0.120094179964911 0.214893347894546 -0.0157895037043174
0.352734266835554 0.175097327708614 0.251197293213776 -0.0135069617492353
0.311340925677193 0.341848991256681 0.260634261021018 0.0452199532224806
0.0614854142762994 0.468088394749865 0.190830156664509 0.16595295723202
-0.26266974883959 0.345973877621749 0.0705238603900833 0.259563709818464
-0.495641649581232 -0.00956671928115845 -0.0826015601673185 0.206757653139876
-0.375007123064341 -0.438007903143167 -0.100838612945833 0.068953642548851
-0.0578749463911745 -0.611420360467543 0.0762598534117008 0.100763436656193
-0.101344654055713 -0.497512513899522 -0.181234686098176 0.637902371559623
-0.3795573973662 -0.272578909950874 0.318823297678514 0.293327564331813
-0.39887034726677 0.0698485033778897 0.150878472601164 -0.0807186889536263
-0.162887140528984 0.296734119503735 -0.125298039327326 -0.0482568365151667
0.0540417571202444 0.322759233119301 -0.0500486381288268 0.256857232360774
0.208633593129601 0.246091982257573 0.223452589877164 0.25192038734214
0.266830807283468 0.140399523354638 0.318306469050974 0.112445855259405
0.258020284611323 0.124021842395596 0.335120630338937 0.0341878370844761
0.236092755910442 0.15940765358393 0.347635371427703 0.0388222161837033
0.175004682237519 0.248171867817868 0.31475158056415 0.098121885790405
-0.00629654337086876 0.28777230006563 0.201227324486217 0.193951434952008
-0.169379788952768 0.152842266453318 0.066927814492852 0.23122485263722
-0.237008222032304 -0.0316469478680647 -0.00508074958345917 0.200872414000288
-0.213649615257558 -0.242860044576025 -0.0311070079795782 0.144578160953839
-0.0666225451303762 -0.386904194159805 0.0764279182493206 0.266385410393807
-0.109866834226737 -0.265269937113129 -0.141190851354471 0.78748319205753
-0.237319952506868 -0.102817005842006 0.384855854061952 0.401380459015032
-0.179002716105278 0.074981379266896 0.229111084577932 -0.0532160984983223
-0.0640245522947444 0.126601384675638 -0.0932351438678148 -0.0554906891999686
0.00729720341541638 0.138114274545885 -0.0533954645276895 0.278828610098256
0.0784735877398333 0.129332331937902 0.258054604700837 0.314321055810417
0.118269540421108 0.102852768513302 0.393131956756672 0.167500569372952
0.111831041921794 0.110172026037453 0.404536369558765 0.0775404328728064
0.0921146072078049 0.12086894984823 0.388968795152101 0.0825042221166806
0.0277826411359291 0.129130389014324 0.315207005824325 0.126891691331838
-0.0650362493774462 0.0949859566753568 0.182242307880704 0.181881947164047
-0.0685434261797631 -0.0220643556989741 0.0559067058016932 0.171339134842754
0.00267970936009495 -0.033354584939349 0.0523677393803525 0.171024453163683
-0.0644408903216924 -0.0363766562652335 0.0163670678856628 0.176225043137291
-0.0780170371470192 -0.131013129692434 0.0812420214075641 0.35275596039437
0.0758598380071598 -0.0664225906730509 -0.144490846116946 -0.43245048700556
-0.0580407992775008 -0.110361849884168 -0.12921881503902 -0.188960257346931
-0.147593500940708 0.00999581250977157 -0.100649726980071 -0.112891901347055
-0.0127130075869316 0.130688110014603 -0.0598719303802463 -0.074179419989772
0.08734102356804 0.0759946569945565 -0.110668053368331 -0.140021184572397
0.0851357253049096 -0.0149185724975512 -0.27587094954619 -0.146759965104921
0.0486392133065012 -0.0669972313451203 -0.384365822034522 -0.0996228686662316
0.0353824971356369 -0.076367846236528 -0.405910689559057 -0.0843811873448006
0.0366810313007548 -0.0551546352007961 -0.396530159968454 -0.14860267618646
0.0763056352647752 0.000651984869477974 -0.263635199860241 -0.253793499846571
0.0636289385764581 0.0482103990400602 -0.0302819236282581 -0.249553276084881
-0.0310901272359399 0.0723682612805908 0.0523509718506724 -0.0027429578279431
-0.103609027743698 -0.0412732477499882 -0.222621576406585 0.00979429569911714
0.0310956512679295 -0.121378417338026 -0.317659886655943 -0.305780030125422
0.110488401251294 -0.0383633096706592 0.0536695637685022 -0.753373898096265
0.0661729359590557 -0.268326161677105 -0.175487603323032 -0.374801622877902
-0.134715656711738 -0.229222354344935 -0.125825871315866 -0.183972809773872
-0.254743417836868 -0.0163608590222455 -0.132149082048698 -0.0887648389478895
-0.0828119430976949 0.204303478977057 -0.0691173950023721 -0.0291026060792003
0.100379352697931 0.201428148046745 -0.071186309367626 -0.0951674916284623
0.182420014456898 0.091844867884636 -0.213606350936107 -0.144311451411774
0.18694830280023 -0.0162638298958334 -0.329363078597582 -0.116530734519213
0.192423561005063 -0.0435729012756511 -0.354579042036402 -0.105199885903754
0.199982485358857 -0.00183043369050102 -0.335137294029248 -0.158927552730521
0.228718528427678 0.13131586642103 -0.207501734762107 -0.234135283061269
0.113989759128418 0.255444379345162 -0.00911234983303087 -0.194653666008645
-0.136239373365526 0.259346149180717 0.0400036661788732 0.0496850230014567
-0.357248384753821 -0.00690097332260519 -0.265462667912718 0.0238704592790272
-0.181531471899719 -0.311166071389929 -0.334468826288924 -0.322532400532194
0.0519046769681194 -0.332117171533011 0.048378971420748 -0.720179994654896
0.0380941667780589 -0.445124097263948 -0.20548306449512 -0.254197642619851
-0.217458448375792 -0.327308674204946 -0.100519991787711 -0.158007275380511
-0.353672185674239 -0.0311258079387589 -0.143019626054643 -0.0851666482594306
-0.147910984904734 0.271914709327441 -0.0928104860985866 -0.0105064822201162
0.107323405670914 0.314139214942088 -0.053310075590094 -0.0394548374563673
0.262668914094305 0.190587369697362 -0.138378816769165 -0.109332516868991
0.301864321705555 0.0379482142491939 -0.233610293268601 -0.108653143682876
0.319698888437986 -0.00472969813704395 -0.249523256891686 -0.109853032375113
0.332096124177684 0.0518082262509456 -0.21888718995116 -0.148923396216917
0.350582839080135 0.247071205157091 -0.110640369774496 -0.187143450826934
0.148641420985592 0.433564441893063 0.0324655950509581 -0.116957155599811
-0.228687113369635 0.415682074386495 0.0460349209597897 0.110650354064674
-0.568018632150216 0.0259558178685507 -0.267859339884926 0.0670842169275322
-0.370608184242892 -0.46354299609668 -0.322619857690409 -0.273469204658499
-0.00841795016165417 -0.576354222541895 0.0488647931509982 -0.587801160540976
-0.00500943246393035 -0.580602575766848 -0.224126633147422 -0.070954011243413
-0.322979406109891 -0.391779799097228 -0.0350481645839914 -0.095961461499768
-0.457033913047114 -0.0125148554353169 -0.113853733031827 -0.0939083712002465
-0.194246919954242 0.349871294844764 -0.121624716908557 -0.0187527959187272
0.119345380427523 0.408743375775263 -0.0515693065467011 0.0281050982327297
0.321898609251857 0.267939095496668 -0.0498487621274215 -0.0423158540698759
0.379739112103938 0.0832481974439676 -0.104800682795695 -0.0771950926001479
0.397866804240409 0.0347167596653413 -0.106093093548307 -0.0960689173970826
0.409557165282165 0.0997712506191751 -0.0656118010735777 -0.120736646756242
0.419960282417159 0.326426979376575 0.0144693305308659 -0.119694200997039
0.163532971851699 0.545789370128981 0.0901949688161379 -0.0203575308637966
-0.284885411790591 0.50630904218536 0.0622473141968175 0.174056136387314
-0.686453260286671 0.0508394214606122 -0.226155242048456 0.126661089219877
-0.489260210531981 -0.538592652916215 -0.269536948382581 -0.166987896124664
-0.0565121378262149 -0.715249267215841 0.052874498868798 -0.376534997022541
-0.0611123957017934 -0.646485323524218 -0.216648883936174 0.16319551397174
-0.415683482765247 -0.407015288066789 0.075439172244987 0.00566563930457048
-0.527030734132235 0.0318854601325698 -0.0457609206957536 -0.104493543593054
-0.216531558161911 0.410518021921845 -0.14283206605312 -0.0304329000706252
0.128201063846324 0.457475967388195 -0.0482311648393017 0.109993866838188
0.346375092260145 0.305957412905887 0.0536360131460618 0.0458652302083575
0.406357777648868 0.115408533290289 0.044890149654538 -0.0276822736374269
0.412907798176207 0.0680683875015015 0.0543340832232697 -0.0686123894071898
0.416433158468179 0.133164712237112 0.0973947981341857 -0.0803128272969226
0.41143645827578 0.347742307451393 0.148084174338216 -0.0460137909323782
0.149395207776708 0.551837104110447 0.152987300005621 0.0745729543654421
-0.284923991216554 0.487579318497856 0.0828611240783041 0.224381314920463
-0.655068335540928 0.0502752186666191 -0.147195125966373 0.178911041963438
-0.497273659541642 -0.516374837058093 -0.182455886440217 -0.0356035635290134
-0.0847371284818777 -0.71934063423458 0.0640783741904755 -0.131374776830524
-0.105657960620234 -0.614659643975143 -0.183200265474796 0.41256105311939
-0.446498512188133 -0.357497301503022 0.20926812097076 0.132785197731351
-0.511265214566845 0.0734956880133294 0.0452116791148459 -0.105529884664968
-0.19823327203552 0.401620639620939 -0.147000399449072 -0.0349450764236527
0.114967693704024 0.427669929415666 -0.0381269069921998 0.194497924870517
0.31293560533238 0.292554557419058 0.157854390979173 0.142672655135122
0.36884673005386 0.127063598366435 0.194848232325995 0.0312317895577669
0.36478695052497 0.0926810588824074 0.206917462740087 -0.0314173170707462
0.3552270266086 0.14734816549148 0.240518605041617 -0.0344695253413096
0.32564785445945 0.311519339632028 0.25402725974141 0.0196345276910992
0.0935116835218597 0.450196436917781 0.198355884669804 0.142518601250177
-0.235045853619609 0.351127802919723 0.0928033316803852 0.240589781713688
-0.479803622497341 0.0195181151410226 -0.0596062842492027 0.201842077008008
-0.388946394402193 -0.399313452957959 -0.0895745681185445 0.0772601047270136
-0.0906908784998653 -0.590142281378734 0.0767438124895171 0.0937250387490546
-0.128178357943031 -0.475110747410745 -0.134054647038238 0.632851632656644
-0.380729452678507 -0.241864061381043 0.326613748583214 0.258509470136228
-0.379219555087975 0.0909976389862287 0.136617356978932 -0.0912858003579995
-0.13984638830724 0.295472010788594 -0.130939994466398 -0.0350257274982798
0.0723098702662329 0.310926766662376 -0.0287703476612323 0.256855909261551
0.220257789900461 0.226766071672107 0.240242293122033 0.228889294864871
0.269823841381347 0.118806067959962 0.319367429901197 0.090687220759504
0.259936891310651 0.104859948661266 0.326838285099572 0.0101659979994595
0.240991786707527 0.14016564169649 0.338372382220986 0.0112610825305866
0.186223644681929 0.230046763757065 0.308589455365561 0.0677414993265429
0.01428630165109 0.280215318146645 0.208529623021483 0.169470191730856
-0.15687245940101 0.15773643474547 0.0858766551730004 0.213574388776038
-0.230255975774359 -0.0210397207636588 0.0149135938026903 0.190536655824737
-0.218234010134317 -0.220790754167854 -0.0175866961509331 0.146515673082949
-0.0842158533419669 -0.370454768012911 0.0879606635642186 0.254999945714065
-0.12052756862803 -0.249248224565584 -0.0834476333951532 0.7776574727094
-0.232371589016574 -0.0859322113308378 0.400917287610007 0.359715653498669
-0.165580356955712 0.0812783147949371 0.215297145868599 -0.0713448120442907
-0.0555941449897304 0.125453045971456 -0.101984348478817 -0.0465964551619146
0.0135878131266223 0.134294575902167 -0.0334327659162518 0.278334291219299
0.0851277714363651 0.121961619286071 0.276047211854754 0.289042333900497
0.124232502881135 0.0943631396470072 0.395168822370103 0.139855678875883
0.117832208921412 0.101546871710218 0.398268278192365 0.0489218590534841
0.0982677157245742 0.113646481637307 0.380200468809227 0.0520685125483442
0.0346788228770172 0.125089203867263 0.310229666944924 0.0974809226041727
-0.0575337552678629 0.0979242116603107 0.186475172359871 0.157520551424271
-0.0719157658863312 -0.0190926828012961 0.0690421694017294 0.157035054444441
0.00173890215320369 -0.0387454147188548 0.0683366884310118 0.156700902381527
-0.059284837223668 -0.0306372784605791 0.0292609646420852 0.173001354829842
-0.0783756145722435 -0.120490095524071 0.0979629205824987 0.338415291015433
0.06785373880177 -0.0672275531114115 -0.145178328880813 -0.408029834464807
-0.0597486267630283 -0.100497764609223 -0.130540856736143 -0.181637268494383
-0.140420257117016 0.0181754778294731 -0.104338899976578 -0.100615388756106
-0.0059762683234595 0.12471777904003 -0.0612553618344068 -0.0619033994244021
0.0874807490515791 0.0679083636422871 -0.105391740841093 -0.124399741839398
0.0795360262953765 -0.0177378821086588 -0.263213598209889 -0.128415627948375
0.0427689444029184 -0.066850420110808 -0.365629610289139 -0.083963807537957
0.03041279172612 -0.0740933819159873 -0.388002049290152 -0.072390225884701
0.033563237268442 -0.0538024867108595 -0.381158476146878 -0.132101264674064
0.0738609678452912 -0.00396409536221328 -0.257474513497829 -0.237298651216939
0.0631068905091286 0.041528410881435 -0.0338840434652642 -0.239608211534387
-0.0260099910570582 0.0699719338847707 0.0556568255504754 -0.00517716105251926
-0.100029008440299 -0.0321146435538287 -0.205642346647526 0.0199896370529406
0.023197546059029 -0.115400435761329 -0.303160700316059 -0.278243345741255
0.101565228197513 -0.0413560774407453 0.0327563110649363 -0.716391591527435
0.053672806551851 -0.257135701224148 -0.17248896781911 -0.353295030948705
-0.13414090577354 -0.212084801905568 -0.127342487407902 -0.177969801261049
-0.242277728467045 -0.00506767567993508 -0.132041792955079 -0.0768374844087212
-0.0709682083669727 0.195692608450856 -0.0675154936557428 -0.0187542859506585
0.104147706962545 0.186791456451403 -0.0652966522904159 -0.0843554612932787
0.176014421351227 0.0809804476794627 -0.204030148845346 -0.12909653960646
0.175303767330083 -0.0217930730103899 -0.314325919428288 -0.101934577136898
0.179593727809349 -0.0468591216855893 -0.339898513191668 -0.0929984585467525
0.189753482298283 -0.00717301040688463 -0.324207869722931 -0.144758414687336
0.222636082430808 0.116671689424523 -0.20433080022213 -0.220586112777304
0.117074978197959 0.236612371665028 -0.0106033218775063 -0.188007566176297
-0.121385139328861 0.248485325194871 0.0464910324548026 0.043665309397698
-0.338504666500239 0.00494967107570689 -0.245363838384063 0.033691502844531
-0.18142034063288 -0.290324559609409 -0.318400747981494 -0.29402859951758
0.0405396186639887 -0.319193355481887 0.0269418142218977 -0.686241060702052
0.0259340448240298 -0.424293154929738 -0.199875821052815 -0.238231414328787
-0.213634814449835 -0.303835100457725 -0.103301990631713 -0.155010659533344
-0.335916654481145 -0.019353226631372 -0.141096389564493 -0.0721550323889867
-0.131822062538605 0.260186491918387 -0.0900460483563171 -0.000796236858588861
0.112788684673767 0.294037805021043 -0.045870527973622 -0.0326742643586408
0.255488242807115 0.172660984136802 -0.130539226399689 -0.0997622630581157
0.285609925209472 0.0262270552361346 -0.223157085573394 -0.0973548931294507
0.301935673117882 -0.0125764317879397 -0.240549446458173 -0.0999071806225812
0.316910932755075 0.0411074050005552 -0.21351589765983 -0.139257387707165
0.34077964535611 0.22339330553733 -0.111171139277739 -0.180460249401679
0.154133260896216 0.405202416905555 0.0314642585825584 -0.114985800663922
-0.206059230010904 0.398427754654523 0.053223024193632 0.100936315027212
-0.536657207595901 0.0384309289278465 -0.246797806198914 0.0731584196451511
-0.360932372443177 -0.42846827069232 -0.308857422082238 -0.248313539641225
-0.0213722063130762 -0.549691312166191 0.0297469190150528 -0.560440587123956
-0.0201623089252701 -0.550293693952707 -0.212223739303949 -0.0631728425040345
-0.313633968377283 -0.363806896381849 -0.0402549764077855 -0.0986377591572105
-0.433290092110516 -0.00136144558261618 -0.114515148169148 -0.0818909079388837
-0.17703623189679 0.335791414470554 -0.117235190137261 -0.0068815545780589
0.125851287375163 0.384004112183755 -0.0411509128643735 0.0316095507161233
0.314832799042278 0.245867427957376 -0.0433779162837002 -0.0413355233104916
0.362331803541945 0.0667009699092665 -0.0994433258402388 -0.0709262778200314
0.37689919585926 0.022617709966293 -0.104249187194375 -0.0906650969434696
0.391300087220669 0.0854291801591029 -0.0674637057792889 -0.11739741077276
0.408695703861627 0.29598426866963 0.00953595145844316 -0.120060674386985
0.172261194571756 0.510912942206236 0.0892917982102014 -0.0249252966960261
-0.2589668475893 0.486900650786463 0.0714170744348025 0.159036336969589
-0.647970632495147 0.0626659158544758 -0.204609231063676 0.126478912299314
-0.476046920280943 -0.497829910027118 -0.255058957906771 -0.149312637812092
-0.0676131712308184 -0.678666355670153 0.0377426754323807 -0.358267201955937
-0.071767450642755 -0.610590550843518 -0.199270365020922 0.158110255894376
-0.401044075497283 -0.378018690313737 0.0668604776230168 -0.00488751971454233
-0.498051864840367 0.0403155956364193 -0.0511252110091872 -0.0960108761895472
-0.19608710766041 0.392381886115224 -0.138846398003526 -0.0188728887928519
0.134347893430769 0.430722127906117 -0.0371445466992608 0.108327144728902
0.338110678189035 0.281795109073131 0.0571879364549861 0.0397426410603011
0.387387560767304 0.0982658238882862 0.04451485689385 -0.0271905607308834
0.393594231367905 0.0548103804891024 0.0483033540438992 -0.0685577385149407
0.399284208952949 0.116177373442494 0.0882080938631618 -0.0829292196493362
0.401459675823111 0.3174080566665 0.13684904942867 -0.0532200969460629
0.158292959422912 0.517757285166565 0.150432676677873 0.0629677379294297
-0.258262149344677 0.467405490668789 0.091783969724153 0.204510207232552
-0.619747972332763 0.0596760212407876 -0.128576724084565 0.171076932505834
-0.481299423287345 -0.476605773179453 -0.169940234093593 -0.027136708434828
-0.0925235917962088 -0.682238852741815 0.0532788822386404 -0.125520841341422
-0.112686610067458 -0.577753305415253 -0.161559107394067 0.394374554596164
-0.428164185484933 -0.330493407211166 0.197578783273631 0.113325677374186
-0.479351723012264 0.0780872063937159 0.0356370048965083 -0.101335881479696
-0.179260318302516 0.382702401129668 -0.144683167465581 -0.0234883410597174
0.119766482029832 0.403652478984332 -0.0260108216061735 0.187916982860985
0.308296564072936 0.270433673635813 0.159672884178381 0.129351382797703
0.353754489600358 0.111106109425489 0.189273938260637 0.0257935443695205
0.348544260349659 0.0803766173550233 0.194164035691935 -0.0359655362141165
0.341590792844645 0.131499113596437 0.225239988874018 -0.0427408631186792
0.31769923904183 0.287279441361162 0.238417876434535 0.00579916084524041
0.102119967573069 0.424338614419611 0.19366670516237 0.125338278430543
-0.215767166642315 0.338019391872529 0.0999691430175722 0.21869981494916
-0.453693740048672 0.0255987224065832 -0.0452188605252259 0.188335005520299
-0.374038088190531 -0.367072922215965 -0.0800328323804119 0.0786410656931434
-0.0950122995106265 -0.560254475919758 0.0712042813106509 0.0881122738117391
-0.129453175629579 -0.445956829431749 -0.108632980611356 0.60283236946735
-0.361642499887109 -0.223326537313375 0.313309554439857 0.23110796312413
-0.354405638880237 0.0909419468474403 0.122618108320241 -0.0928661408805452
-0.12670053950258 0.281511643990726 -0.131091100271276 -0.0264270092028803
0.0752515318709515 0.292997977707413 -0.0185216924046439 0.247754573760131
0.216907602499122 0.210558446397315 0.238499372326641 0.209472465045414
0.26033169364079 0.107372513109927 0.308760308651328 0.0788228516493781
0.250868282921691 0.0939132330910783 0.310101698780222 0.000868330904467139
0.2328003074798 0.127808751708848 0.319461012202663 -0.000876442913270607
0.182546077415228 0.215372015873751 0.290368960371876 0.0512573797224969
0.0215617207748128 0.265901090751097 0.201016458295838 0.149684614675654
-0.147811331089579 0.151194957575097 0.0912756711794182 0.19445694919113
-0.218057091524494 -0.0188633667689818 0.0249949487241352 0.175096556798408
-0.20808842971622 -0.203452748621964 -0.010155238210133 0.141602845465896
-0.0826598375241646 -0.350122428147452 0.0849853804634935 0.240625430420986
-0.117784652377057 -0.232756504071681 -0.0605585114992639 0.740978923472183
-0.218574555029541 -0.0774952086771546 0.38604228620329 0.3296573044293
-0.152399829410685 0.0769222106635031 0.19711464200937 -0.0780465750631348
-0.0510249965876928 0.118365567944881 -0.104974098767474 -0.039877589570288
0.0151231601880163 0.128033447658581 -0.0254093694853311 0.269404714347604
0.0848637774523446 0.115473841169274 0.273460319914871 0.266260310969212
0.12153320426512 0.0869444225238275 0.382115772748584 0.124994846616257
0.117025174397815 0.0945085804420265 0.378350866135483 0.0367291469847062
0.0971880558938548 0.105951950333152 0.360993420968126 0.0389958533459415
0.034642842787636 0.12024078057917 0.292471791511781 0.0799197022730593
-0.0525508003258914 0.0962347264646161 0.178133621496282 0.138569935428992
-0.0716669200486049 -0.0166386596126916 0.0725924439778857 0.141390062810296
0.00132873355723007 -0.0421710082489568 0.0742208387428093 0.141588897277033
-0.0513142650302376 -0.0285205823819946 0.0334709475522661 0.166171181110179
-0.0714211418496584 -0.111828434798914 0.0971357408289803 0.319763804412129
0.0639984019441682 -0.0652675820075638 -0.130834077958578 -0.39797587437056
-0.0575664781593671 -0.0958628917939192 -0.128011218917992 -0.182712282639974
-0.135893287938283 0.0204381537978113 -0.103805806796672 -0.0943679800070317
-0.00445303100313914 0.120541555929832 -0.0596063259388959 -0.0543845079021499
0.0861395187801262 0.0645314571609277 -0.0965736409449254 -0.115647402723844
0.0760846330021745 -0.0168966634527056 -0.250412124024866 -0.123855932959693
0.0400445768487126 -0.065497727260044 -0.351172114680305 -0.0857616179748184
0.0289747110359911 -0.0718420480793436 -0.374488841982377 -0.0771054310014728
0.0326541190710767 -0.0512730179030737 -0.368237120782991 -0.134533680080875
0.0728496585919895 -0.00511651195477638 -0.247174940806475 -0.235455677846215
0.0614130074391862 0.0391678108810441 -0.0279264900471384 -0.234540379718512
-0.0248151143359857 0.0671788187320568 0.0593758736201262 -0.00628765628971623
-0.0958423180648978 -0.0298043325335345 -0.193328772937643 0.0199403256762942
0.0206176883079377 -0.110353690247537 -0.28109431524697 -0.269629008443008
0.0961371619888745 -0.0401536267878393 0.043086690302905 -0.691341191136675
0.0545966744323877 -0.248193496618803 -0.159114113594374 -0.345064840621169
-0.127418686713908 -0.205386540110617 -0.124962016065924 -0.179630413746422
-0.233401487677576 -0.00527609376845582 -0.129408113818687 -0.0715069548205563
-0.0690184038703267 0.187482447980021 -0.0663196365559252 -0.0125076165616539
0.101391675918032 0.17950334785689 -0.0571380620036849 -0.0777847673686431
0.169538718135613 0.0790915099892806 -0.192312487308514 -0.125573860504733
0.167275837598222 -0.0202326031521059 -0.301419955406051 -0.102804799759816
0.172917770354654 -0.0430336671581365 -0.328394085689073 -0.0966818296466189
0.184229020415143 -0.00385852383168325 -0.312948848280369 -0.147288836147212
0.214449082276123 0.114092847391261 -0.195665987522311 -0.220227773302131
0.109906752566308 0.227512643289831 -0.00490373224344457 -0.184665886595819
-0.120825093521366 0.237354463165813 0.0498298903196525 0.0405927466411274
-0.325795604119013 0.00114057313578103 -0.232494635696358 0.0326526914287461
-0.171574402446267 -0.282692795527233 -0.298232416818708 -0.285664959724346
0.0439089913497041 -0.309627955983222 0.0344116039578295 -0.660408470313571
0.0306688857676572 -0.407820398774543 -0.18516576576036 -0.235045848907915
-0.202757204620217 -0.295867275824353 -0.101909377643246 -0.158092862622823
-0.322798264038337 -0.0221576620627673 -0.138758624297484 -0.0680640961500907
-0.130599611419676 0.248311263660755 -0.0870192690133404 0.00548766739694612
0.108020065025141 0.283271241662544 -0.0381306233903255 -0.029045025712924
0.245742941716988 0.169294953675934 -0.121494020057278 -0.0983806986659225
0.27448610949463 0.0272243575337387 -0.212813411510114 -0.0975155157428566
0.29096094662167 -0.00835590869670703 -0.232491569521751 -0.102311775851736
0.305802148593439 0.0444846896702475 -0.206390560361177 -0.140921038356963
0.326433462123715 0.219490508725044 -0.106391058032873 -0.180573643166566
0.144753967876013 0.391265783162974 0.0362987151925535 -0.113642970563469
-0.205598982830422 0.380188127995059 0.0564649564948045 0.0945527843418813
-0.516757588043772 0.0293502526159226 -0.234238866174434 0.0688717880715052
-0.341315382393128 -0.419245735349774 -0.288533032773446 -0.241132688592203
-0.0107568566836701 -0.53264068210501 0.0350263944184583 -0.539528177387278
-0.0109828570070585 -0.529272114768801 -0.200473962094552 -0.0672002440947652
-0.296880328950868 -0.357056802445615 -0.0431675854965759 -0.102677573560977
-0.416025197159486 -0.00901068235958362 -0.114049578808627 -0.0774489696267114
-0.176287279524213 0.319574547124313 -0.11432551145683 -0.00080010793136861
0.118938183472567 0.371250940912504 -0.0339305263594786 0.0323769647639375
0.303259959020147 0.238681646859714 -0.0376866190342093 -0.0422464855852845
0.347630369365606 0.0692818718402159 -0.0932698884092063 -0.0704849211031049
0.364093659631066 0.0287474656851528 -0.100526186705138 -0.0910840949686545
0.375900020307735 0.0879730627164133 -0.0662516902630275 -0.118057831835098
0.391277955612615 0.290985925345998 0.00903883850073226 -0.12089303212596
0.16046261433421 0.492515783423499 0.0904634333934128 -0.0272153818794336
-0.258735533658479 0.463810111889935 0.0730038445063954 0.148824813460087
-0.624256494595692 0.047993613823285 -0.193270350628803 0.118351658794711
-0.449506657916306 -0.488930313995197 -0.239702748603106 -0.144929960481
-0.0524709451179348 -0.660388749433427 0.0388611391031431 -0.345417777371556
-0.0570042695191933 -0.586489893965346 -0.192318925642636 0.146668082710294
-0.378746434653845 -0.372665273319117 0.0587459663251899 -0.0107897429885528
-0.480135944135437 0.0281440477015346 -0.0523778889096388 -0.090624539480176
-0.197425582333569 0.372720355838559 -0.136328873907641 -0.0122843828204721
0.126030048660306 0.417468227343144 -0.0311516714480114 0.10634079813647
0.325507786393687 0.274988976199018 0.0592763308496891 0.0363947740451334
0.372155488359522 0.0998301533876023 0.0456532321266389 -0.0255397465082911
0.378868708819077 0.0591730213314573 0.0465065971890008 -0.0667228978602428
0.384203584018464 0.11834865987751 0.0839344021452141 -0.0832085676917301
0.383898345792484 0.311282384786708 0.130101022918614 -0.0552743932668941
0.147740123936878 0.499785358163585 0.147595041446588 0.0581687604743141
-0.25922844350765 0.445693010124213 0.0910726929589457 0.192054065276045
-0.596131080295345 0.0460980889386552 -0.120790832388588 0.159984813316787
-0.45275978172761 -0.467186694367183 -0.159440076944036 -0.0251058316387025
-0.0742974270435226 -0.66296830370491 0.0494337833831919 -0.119200703814443
-0.0966277607374911 -0.555681361733627 -0.159570320602685 0.376010206820191
-0.405537435456197 -0.327537161844943 0.184244872948392 0.105741319801314
-0.462081170743376 0.0635739465249569 0.0298959408099189 -0.0966593389619185
-0.181639209427319 0.364724837604102 -0.143565494526201 -0.0189447892918975
0.109858282408633 0.391571879860817 -0.023965906608683 0.183306781559811
0.29513138694575 0.264908752187243 0.156823080832517 0.12439332670215
0.340369751629333 0.1118854386896 0.184806564041118 0.0273827360898432
0.335794568126191 0.082770263455475 0.187181239779453 -0.0331418978594518
0.328190837777186 0.132776603389672 0.215756439180086 -0.041404879983138
0.302472305107833 0.281860744191733 0.226818139542815 0.00334249794123754
0.0938172152755691 0.408592953228683 0.186436961299813 0.119007128090727
-0.215700079004773 0.320800604580941 0.0981516569473549 0.20606425678944
-0.437155623198517 0.0140884550327441 -0.040285051976458 0.176652999880646
-0.350183691857305 -0.359957147658684 -0.075384150975093 0.0769271235652922
-0.0780440035184954 -0.542924260902149 0.0632112931397373 0.0866666537988812
-0.114857989149103 -0.428845449206444 -0.113823314096979 0.579182891653478
-0.342784527445184 -0.222927350456823 0.294569917173762 0.222271624984689
-0.340480939800364 0.0759749594673612 0.113904804232412 -0.0898775798575812
-0.129215597626424 0.267943522262494 -0.132010520167344 -0.0228715984150173
0.067476509345776 0.285242387116958 -0.0199474201871558 0.240852583090135
0.208347938225357 0.206920527545071 0.232132312201717 0.203294755343575
0.250572598996415 0.10783402448455 0.299637914929785 0.0820166803054908
0.242794701771983 0.0958036728277823 0.299128143395126 0.00570052709098583
0.223628695296816 0.127961506596401 0.306285352039633 0.00117349825242452
0.173090633114555 0.211170476653784 0.275624419554777 0.0483857198716381
0.0178901613668522 0.256511170655561 0.191955693780107 0.14191646161604
-0.147837314872258 0.142836143893132 0.0887992279094072 0.181802274388586
-0.209365666400396 -0.0264315044903216 0.0259607655054719 0.163631061806538
-0.192474319194281 -0.200099083979137 -0.00994134474669802 0.140051638935769
-0.068580171155944 -0.34045387457207 0.0745082595777786 0.234650174051225
-0.106886688451632 -0.224152897747358 -0.068827015506382 0.714464365598889
-0.206731489659526 -0.0801794292136375 0.365759487573498 0.317417899780608
-0.146408367843838 0.0674474163101039 0.185193077543437 -0.0766844752283553
-0.0536904955372356 0.111819969458809 -0.106522693853063 -0.0383802493399049
0.0108048358069003 0.124817443738796 -0.0281781230829914 0.261844417977697
0.0809133253573032 0.113597362894559 0.264533968355098 0.259997078779337
0.118137938791618 0.0870983201451934 0.369369371103383 0.127622464285437
0.1129886611207 0.0939028718971626 0.365483956424759 0.0425503229039087
0.0924469320556794 0.105970875119957 0.346042109153565 0.0420634411904832
0.0309853392932797 0.118871750701896 0.276987251390461 0.0777132564858093
-0.0526316358698225 0.0939022594823922 0.167909564378043 0.131125506230803
-0.0719540795493086 -0.0184607970738509 0.0713571928648811 0.132366069771718
0.000932915640107176 -0.0455117289319329 0.074001747940167 0.131741142543472
-0.0436201726535023 -0.0286650857327614 0.0319955461747758 0.164578524217995
-0.0618560293132219 -0.109001767836328 0.08532803497372 0.311830338635187
0.0713278764131672 -0.0556583102730789 -0.064698178885601 -0.409721527592448
-0.0410466827781043 -0.102159418572441 -0.0963967592425342 -0.206341833725365
-0.136582842087299 0.00198071410710934 -0.0893793359313361 -0.115124280369322
-0.02253528658928 0.117117866328127 -0.0559635091419247 -0.0606457402426745
0.0746703145298635 0.0762692542091701 -0.0788562544465505 -0.123722480572887
0.0776479906742105 -0.00239997230130728 -0.228018885268649 -0.156415048447449
0.0477985407034634 -0.0577285541815359 -0.336753334068536 -0.136005194793877
0.038093284985069 -0.0666455965306321 -0.35665843954338 -0.141584034026936
0.0373643548612934 -0.0427200119631485 -0.342511027271791 -0.198943305961121
0.0700423674753265 0.00553977514925415 -0.205103300050434 -0.278751918345026
0.0514926014500099 0.0452064182739205 0.0152963821173639 -0.242444856753878
-0.034895951725377 0.0608059205181548 0.0662924460947281 0.00253817311203093
-0.0906029845427201 -0.0382251632933917 -0.189588966649009 -0.00741862347668697
0.0321963401715473 -0.101326832996487 -0.226105846586169 -0.313333178161466
0.0904432066652794 -0.0259645006795272 0.170908517287062 -0.681619950901923
0.0904034744741909 -0.235929328710099 -0.0882167936809104 -0.354424902983859
-0.0906426365962153 -0.221937671878214 -0.0876533608453106 -0.203070925065887
-0.227174617024839 -0.0402334834456449 -0.112960761251027 -0.099664506624804
-0.0985800414268363 0.169903990515016 -0.0660725901003754 -0.0243146387731532
0.0690917815250408 0.19058492185955 -0.0471628220458629 -0.0868096688346844
0.153369876004409 0.10683425273022 -0.176195940087066 -0.151602768367599
0.16653571442179 0.00912828623219696 -0.286803690550457 -0.147406482506697
0.17574760400551 -0.0124962729067894 -0.308226285396612 -0.154128236315792
0.176450835578082 0.0297742118167906 -0.286293931912715 -0.204478499178827
0.188702037768349 0.146348531144567 -0.153352315077581 -0.259440970121508
0.0663606107154409 0.235947479329548 0.0339918824596295 -0.189926396590909
-0.160543861202705 0.208909394941849 0.0526111176788266 0.0455868136546678
-0.319390859172059 -0.0493364419816973 -0.228501591287815 0.000728413842871605
-0.121904713431253 -0.303815087772745 -0.245418784404869 -0.325284810837728
0.0909525189539258 -0.300368001194009 0.152325931530816 -0.649540856044846
0.0941002117997088 -0.395956307873941 -0.121160567070583 -0.245411597742819
-0.148338244944838 -0.324111045929846 -0.0630053138945799 -0.179143023480155
-0.312393240467303 -0.0744675988239662 -0.11822908767953 -0.100950106423782
-0.17050998606449 0.217767868103132 -0.0879002589617564 -0.0140535190789105
0.0561314906139412 0.292671409520591 -0.0367487371947642 -0.0419781302456479
0.213543400460432 0.206962789916055 -0.115032144421911 -0.116171297341792
0.264439726098906 0.0751275725090282 -0.202123264435403 -0.131329199886455
0.285949329248274 0.0426416751067771 -0.211837710818705 -0.142334441730904
0.286793176761497 0.0973465954127098 -0.181169538124626 -0.181472621600167
0.281268742122847 0.268268507357348 -0.0710224724642707 -0.207684166707545
0.0732403959997051 0.40108030954492 0.0655455098812015 -0.113720349957281
-0.26976970463979 0.333507800044221 0.052870396131609 0.0980619459741287
-0.509561573678852 -0.0571178129435298 -0.23394029621527 0.0382716487751383
-0.261079217509116 -0.468164168606594 -0.245139352167276 -0.27396725935344
0.0822703506821228 -0.527256805232091 0.12821293995901 -0.526687788819185
0.0727491402385133 -0.520212667558352 -0.151440040733145 -0.0789129025375323
-0.229813322887319 -0.400691041885028 -0.00821655286863526 -0.117698972751737
-0.40627531785926 -0.0786280728737048 -0.0893088143227739 -0.11210542113394
-0.22899816487502 0.27812055963638 -0.11472182613586 -0.0278603671210514
0.0497498559390894 0.381114005695259 -0.0432614071031366 0.014929596834952
0.257685109497097 0.285935815591905 -0.0441332967121656 -0.0498368509919303
0.331399853289196 0.129820639696705 -0.0874679480638489 -0.0881485489034163
0.352557083804312 0.0915901375262203 -0.0841195076395124 -0.108032570279006
0.349992500138008 0.151150838555251 -0.0457235222926977 -0.134970148952646
0.331787998843957 0.348902817953841 0.0344050964581956 -0.131014410161343
0.0721874858428368 0.504253493647345 0.105868398714346 -0.0189527220915899
-0.336681160293026 0.404647373110265 0.0606671623031143 0.153146228958047
-0.61557596863928 -0.0585563972956398 -0.201943451584065 0.0930884801395402
-0.350238033916874 -0.553878095124615 -0.21514622981185 -0.166104962004625
0.0684853900544782 -0.659813853265821 0.0925770770667061 -0.329086337911046
0.0337722219977505 -0.584551714528764 -0.170647392097069 0.133164982049509
-0.307891328636514 -0.43095384216611 0.0822285409472312 -0.013016984409244
-0.472805179835309 -0.055733480213905 -0.0272213673724771 -0.121013541942036
-0.261363430617466 0.325984552159908 -0.135332930856026 -0.0456323221964001
0.0457997826886467 0.427508365919333 -0.0530463861472394 0.0857503739660167
0.273439188358327 0.325266269115492 0.0375978407253728 0.0419439118896232
0.351923473365778 0.164853090381386 0.0439928159998654 -0.0237212932788202
0.363624216018449 0.125033855136133 0.0570171612575196 -0.0581646844943541
0.353188756748534 0.180579301299017 0.09726642391287 -0.0739502686819069
0.321804800098025 0.369400732115406 0.142587470118747 -0.0450756959565574
0.0587203102156632 0.50747427875941 0.14679039755302 0.0754347310049219
-0.334019051955456 0.387832602315163 0.0708302708750481 0.197970533876109
-0.58773623034423 -0.0581182551864204 -0.137716327737237 0.14444003658809
-0.355672615603574 -0.534713333459621 -0.158189000901677 -0.0335888659598605
0.050180378665453 -0.666547565167396 0.0619161651228287 -0.101319293269878
-0.00754829531140228 -0.560629129858667 -0.174383950626659 0.362491006303238
-0.341206652014732 -0.391926726630785 0.188382615804985 0.121719077870626
-0.461397745607783 -0.0186110553527446 0.0536092914455288 -0.117094453979773
-0.244958003228687 0.31960310164483 -0.143330616189613 -0.0538760160400204
0.0335828831422082 0.400356707056109 -0.0590314228825981 0.164326794739681
0.245117024210165 0.309221758767631 0.121969183732747 0.144377638464666
0.318552865916947 0.170835180712968 0.175421522511134 0.050271617023628
0.319124273454179 0.141660648822353 0.19010978654255 6.63669204413637E-06
0.297214478535681 0.185252706583013 0.22016343882182 -0.00958031971031497
0.24832249084638 0.326163515854637 0.226524336011361 0.0314062831628101
0.0239568576723946 0.410618456756823 0.172601620463709 0.142867688159134
-0.269849597866994 0.272352992857168 0.0727253600322029 0.213475427539316
-0.424892576770834 -0.0640652653582089 -0.0629057088809112 0.170359780696595
-0.272134016240135 -0.412413688629825 -0.09194430519623 0.0790184387600617
0.0286533429438419 -0.546987481828336 0.0382818753621682 0.105532832961458
-0.0435990952521315 -0.439239137307627 -0.167576664432644 0.565360410285269
-0.297481986185147 -0.276928563358958 0.275277043660454 0.255307040703833
-0.345025736035831 0.0144775517770826 0.13005113986202 -0.0930451093306385
-0.176488631915253 0.234426023047577 -0.132557361949394 -0.0530443371965881
0.0101130362151407 0.289291466620833 -0.0624344449534181 0.226018593103905
0.169028051109827 0.237308376400626 0.188792631080261 0.235517738225885
0.231582687489189 0.151458589124952 0.284306701722833 0.122292708997168
0.22528153720509 0.137660576562197 0.293984395497367 0.0579547972356752
0.198273058498377 0.162635961415774 0.302491019749659 0.0509483812482143
0.133774896930275 0.235761709989003 0.264673514332209 0.0874377317976898
-0.0247105978833887 0.250734949101832 0.169424282565605 0.166955049783984
-0.170865531867543 0.111058759740746 0.0644704761043805 0.19069290844656
-0.196455533627066 -0.0659144117312497 0.00292384540763098 0.164954441744096
-0.144730930071121 -0.228119386626464 -0.0364979267003666 0.146983907505643
0.0027953760492242 -0.346252914275619 0.0252194074858091 0.25294000546938
-0.06803189891591 -0.237322563470757 -0.157423493762992 0.69868574051133
-0.188295664855133 -0.114083471131461 0.324162737767111 0.364478468383559
-0.152589496017875 0.0383002486610852 0.192532341501941 -0.0603366802785181
-0.0745901182950138 0.0973473042032192 -0.106296737902742 -0.0580368937226566
-0.0154206040879746 0.123918680480256 -0.0720760661521193 0.252046231563843
0.0603841537545291 0.124786833537653 0.217248189989451 0.298335983263668
0.103503773938818 0.107509771276958 0.349459683618812 0.181523329560679
0.0985618876699467 0.113546998306652 0.353912791342099 0.106097500932204
0.0753018376771008 0.118106970085468 0.335108324895388 0.0996124536790681
0.0109157529889953 0.121867715470983 0.258568529778045 0.119749372694592
-0.0652577831007347 0.0821986673530581 0.142629810292915 0.153982964586731
-0.06852853941598 -0.0323969513857526 0.0517288359366681 0.139184358457805
0.0119289292710945 -0.0494946188808689 0.0528323409883189 0.138286152005813
-0.0300465105656781 -0.0354461519574145 0.00234475861454625 0.172796489485717
-0.031608275221545 -0.117878401464313 0.0242663430330084 0.329320990674961
0.0724268503369191 -0.0586340626735109 -0.059207833865857 -0.424092078371135
-0.0425994974483357 -0.105260407092788 -0.101691519444444 -0.217977774412916
-0.141338041294692 0.00544638786523714 -0.0956527343103567 -0.11697654826942
-0.0212433348902144 0.120809681567484 -0.0594414825270323 -0.0554804126632469
0.079310767639344 0.0774106534108402 -0.0758971895158908 -0.122200313703643
0.0805077156619268 -0.00265623799143705 -0.231190628336737 -0.159063588705924
0.0475283190937022 -0.0603182067889986 -0.345365504211319 -0.142396693773532
0.039198011915494 -0.0695143715256619 -0.368260513758745 -0.152458353250824
0.039076650819658 -0.0437118008984536 -0.354455494043656 -0.211330135441802
0.0740525629962135 0.00422676437537051 -0.210788228896609 -0.2942728697205
0.0534271544209191 0.0454134873252819 0.0199184825713792 -0.254048195224828
-0.0356318650362608 0.0627925913148405 0.07371775329304 0.00168032236492188
-0.0923731762875303 -0.0374063407371527 -0.190114419910631 -0.00494710583537265
0.0310933051320313 -0.10376712408151 -0.222839031376906 -0.324662424664958
0.0920390683967814 -0.027102160039702 0.186297774032333 -0.701194454425187
0.0961927901520547 -0.242795868050757 -0.0833371142441058 -0.369048389496011
-0.0915671263766569 -0.230103470087888 -0.0934929577482818 -0.215403121134745
-0.2339533497813 -0.041636245269263 -0.119184137252688 -0.101797584517304
-0.101558467501537 0.174601976936171 -0.0696443934380154 -0.0183558688070343
0.072687115741787 0.195415508409939 -0.0435816344567839 -0.0851696298967068
0.157955923342539 0.110848898024957 -0.178050838950649 -0.15586541146776
0.17064566892861 0.00975221359618054 -0.294296261867413 -0.15458305671985
0.180242009012427 -0.0115131605646863 -0.318696797520625 -0.165739080651545
0.182602405031261 0.0328604992660773 -0.295853787392759 -0.217435398825793
0.194482065745704 0.151351991103793 -0.157012323007974 -0.273607518682984
0.0663915422344708 0.242682875722088 0.0410237297764994 -0.199079180628073
-0.168115322489142 0.213642517168102 0.0603732433680513 0.046149014045128
-0.327441008074516 -0.0546929874247696 -0.230929587318954 0.00105947498798321
-0.122892304146773 -0.315886459771751 -0.242740676485414 -0.337254893624213
0.0984979296207497 -0.311074153945744 0.16464229162412 -0.667151264508861
0.102499328884891 -0.405846330486676 -0.119330100979362 -0.257188341539279
-0.148901549227412 -0.336021832972222 -0.0691332594391459 -0.192227077712952
-0.321634245552833 -0.0798300830840779 -0.124371544428235 -0.102449746801392
-0.177501130660358 0.222017119342523 -0.0921578730891328 -0.00764038191813335
0.0581359456944552 0.301976236501214 -0.0323369600948689 -0.039243169311711
0.219491002863874 0.215016378890401 -0.115542245760352 -0.121072432170551
0.272521079534933 0.0793515769707212 -0.20594124393318 -0.137966717301998
0.29447276268026 0.0467664101988392 -0.220160944722488 -0.151882837338139
0.295666243729898 0.104723896336186 -0.187951527852498 -0.192748099298006
0.289077858530138 0.280499560358248 -0.0726640163582364 -0.219890248198441
0.0711735686166721 0.412753226061688 0.073205950478546 -0.120394019048374
-0.284393355944235 0.340160174316152 0.0606272379335529 0.0985227240195263
-0.523732797862249 -0.0669765861716599 -0.238123796065348 0.0385822525887199
-0.262237710441681 -0.486568403905387 -0.246561716317652 -0.283331964805389
0.0941948083649282 -0.546274993998055 0.133322691698346 -0.537679960398733
0.0839337091687465 -0.533924913305539 -0.153277500920449 -0.0870041247728975
-0.230829367276266 -0.418105185879803 -0.0137065898764541 -0.128049965139123
-0.417702219977021 -0.0891559034854725 -0.0952333022003112 -0.112681515208596
-0.241629861257909 0.283305256312568 -0.119403422373448 -0.0209434356022082
0.0490007612460535 0.392405810951121 -0.0402722067317487 0.0182719846394659
0.26594300525879 0.296575147851052 -0.042689797811924 -0.0532006562229905
0.340218713121249 0.136213610345339 -0.0883167885663255 -0.0922026614472306
0.362204243930583 0.0977389056915568 -0.0878125157814969 -0.11511149797337
0.360340400570691 0.160470218986171 -0.0480098784204352 -0.144420599443409
0.341343048426516 0.364444271327373 0.0345907208432327 -0.140063250077523
0.0695903808281251 0.518122804340582 0.113525422547487 -0.0225818042373378
-0.353165449062205 0.413090957185136 0.0676222222182111 0.155017659157095
-0.633241960727063 -0.0732418935270131 -0.20495661876612 0.0932721839877169
-0.35025071672463 -0.578217166624419 -0.218650806683838 -0.170981526907907
0.0813826152663118 -0.684135758926798 0.0938712496282231 -0.336066175819983
0.0492203130592684 -0.598819143291617 -0.177437741057381 0.131714707082328
-0.31025629674459 -0.451084310098784 0.0776329390975659 -0.0186096912756576
-0.486996795203097 -0.0675812107318977 -0.0302959514814899 -0.122910610636745
-0.276918780121934 0.333019186779403 -0.14238944909229 -0.0408143511659186
0.0432128507483709 0.441240162739438 -0.0523253448797282 0.0916896189791466
0.281053006541794 0.337320455904065 0.0416693457337363 0.0410890218503733
0.362078818453541 0.173762878144635 0.0468988360202408 -0.0240942355166129
0.374169456899131 0.133609360703539 0.0585247224707212 -0.0608614405823074
0.361591824138269 0.191548996125555 0.0987235781676478 -0.0795814854993238
0.330640866986443 0.384345523113495 0.144980891747293 -0.050556471091884
0.0556349567659148 0.524070974896229 0.154702669083573 0.0747711883035463
-0.351215383418851 0.394250600511143 0.0766522724199903 0.200061790788674
-0.603297868349915 -0.0723799580953758 -0.139515554268251 0.144609432508734
-0.356141704210042 -0.557469721448418 -0.161356498192337 -0.0340193286522183
0.0632385857047994 -0.689775439237728 0.0583869898924876 -0.101649835045054
0.00631484574721188 -0.575335736332767 -0.184533104698332 0.368311946083159
-0.342541614775765 -0.410082367296703 0.187022502064816 0.121828194390559
-0.475594197646413 -0.0307487138851359 0.052038709133055 -0.119003307884561
-0.260520404732747 0.325135062884301 -0.152433046591932 -0.0504071338778036
0.0301805153741725 0.41447900247069 -0.0611626204628244 0.172491317898292
0.252472778474096 0.322405381267813 0.127744618260759 0.147360098725061
0.327865982512771 0.181209680822293 0.183036943195338 0.0544144930929503
0.32833709796753 0.150467474470083 0.195774963583862 0.00194923277430975
0.305853705355545 0.196224725370179 0.225653409472609 -0.0110870134967862
0.255182655081503 0.339739334231632 0.229830946760112 0.0290847875958443
0.0201453806125786 0.423661096000624 0.178638992835585 0.143699314941058
-0.28446253817909 0.276250569434483 0.0776375255014962 0.215297204888801
-0.437408713017609 -0.0765495210825755 -0.0627465522443174 0.170618912356746
-0.269819721091924 -0.430460585958236 -0.0951810313040123 0.0838616437661234
0.0411321511227411 -0.567781885874346 0.032235212487033 0.11124545272057
-0.0337849064398111 -0.451595408344905 -0.180540228140184 0.577522514135565
-0.299045093335644 -0.292682626786098 0.276643659547197 0.262374709973694
-0.353945652874765 0.0035001017494037 0.130829455326921 -0.094805883622202
-0.188393957136981 0.238152006821681 -0.14247743162474 -0.0509013050632688
0.00654514203026881 0.299699689460721 -0.0671551268603872 0.236292023605806
0.17369375706327 0.247474281630834 0.194807428713439 0.24278675793076
0.238744126734978 0.1607129236138 0.294970863282486 0.130173152790322
0.232612184843515 0.146181000749231 0.303498047548282 0.064385346069573
0.203725025436229 0.171681250423372 0.309736139145024 0.0532531158236171
0.13585947204376 0.246105283774983 0.268517948876457 0.0884348845489925
-0.0279408817047641 0.258861666179206 0.173122052278746 0.168688026152951
-0.180265331954815 0.111170041301067 0.0688096551828414 0.19133894350122
-0.201728705126695 -0.0757762885815421 0.00496612472624383 0.164266127481043
-0.140436798865904 -0.239092162068993 -0.0386995017534817 0.154303831911061
0.0119687774176096 -0.358590568993111 0.0179415097548876 0.262393150697059
-0.0628904563966293 -0.243792634857559 -0.171830864216285 0.716685785181891
-0.189792346036906 -0.121843202617746 0.326286525507894 0.378210026553728
-0.156647377887515 0.0325964372086048 0.195070197962153 -0.0615749887981468
-0.08096098649026 0.0987237999552259 -0.115965245673714 -0.0586447095359817
-0.019734963020368 0.12868442582234 -0.0790822996206484 0.264472488153142
0.0619626062891228 0.130760255727935 0.225027153441652 0.310356831860397
0.108360932214835 0.113888954697479 0.362290240409587 0.191662847057621
0.1025494378099 0.119304963338549 0.365581597323962 0.115590864801346
0.0777598457041437 0.124407788729312 0.34397399675387 0.106391956488545
0.0101109640790138 0.12924773291725 0.261415794832049 0.123867417046313
-0.0685100760815135 0.0857701800843286 0.143616310943135 0.154940567550181
-0.0735371218005775 -0.034891577939008 0.0547902835741226 0.138351019592094
0.0122843771061229 -0.0563020308266708 0.0568345202659309 0.137944233624687
-0.025975268715527 -0.0380267915373239 0.00231526237084291 0.182372206888047
-0.0269645482606007 -0.121728296315734 0.01812944953129 0.341278124108784
0.0712985128570523 -0.0644432309008342 -0.0699273910223422 -0.438433687882838
-0.0486897709659729 -0.107312618478676 -0.116734147991911 -0.226918329529006
-0.146099340866917 0.0145607548303936 -0.108627871715943 -0.116355016515076
-0.0154501325952846 0.125968180557279 -0.0644933524929682 -0.0489385545559157
0.0871716614799553 0.0756738379271703 -0.0773830443872697 -0.119409108427479
0.0840520521889059 -0.0055698907497337 -0.241728482878815 -0.153634455680851
0.0455013176105853 -0.0651190974789538 -0.361092964783262 -0.137263666434795
0.0371662550593512 -0.0747880404146875 -0.390494621337413 -0.150859019839951
0.0403767156312379 -0.0468996138579292 -0.377112372884931 -0.210892481234619
0.0779060844645817 -0.000577988065010415 -0.229755124699162 -0.302962008159239
0.0575456279883453 0.0440115841397252 0.014116360614337 -0.269022066182745
-0.034246380132287 0.0672041564475314 0.0819203476561683 -0.00158756386519862
-0.0963650622101819 -0.0343463496114864 -0.191821620178664 0.00397967041743498
0.0272241617817168 -0.108413828602238 -0.234288830302778 -0.330431290340816
0.093454875933376 -0.0316902410949976 0.174300046713622 -0.729447686573087
0.0931557630041837 -0.255815704480165 -0.0944247441262564 -0.382047659408093
-0.102704975822981 -0.236136201737609 -0.108740097967091 -0.225494593898297
-0.243772901180543 -0.0330857402520522 -0.130873718968655 -0.099557358496919
-0.0979175427796438 0.183922836066818 -0.0735760656371221 -0.0089110751316486
0.0836938764931566 0.198183512916639 -0.0415174073666405 -0.082830789549836
0.169288973602636 0.109202269669099 -0.187325891539141 -0.153651318553241
0.175678143799318 0.00373137606866405 -0.309225791523039 -0.151690725661
0.185698426756338 -0.0178814276459134 -0.339387155989188 -0.165555003726805
0.191036988612676 0.0288007991879706 -0.316591164094062 -0.220379876909582
0.208477791463574 0.149581157285693 -0.173533022011255 -0.284287624965748
0.0757078088168393 0.249206064851699 0.0395942741861105 -0.211680686650837
-0.168234478970516 0.227059955233611 0.0702018162726901 0.0445125523791757
-0.340412203087991 -0.0476280573018789 -0.236005703704936 0.0116231730439202
-0.136202737357731 -0.325371891291196 -0.257921884142434 -0.341844835495308
0.0942113843926455 -0.328817105103438 0.148939409385214 -0.692937714399796
0.0968725330241255 -0.42424697374375 -0.12868168867598 -0.266361579867303
-0.163180731727684 -0.346888935631117 -0.0839050381458534 -0.201249764583343
-0.335405600243162 -0.0730485333131278 -0.136236550836534 -0.0994982602682543
-0.177513681480568 0.235682538720798 -0.0971815042613259 0.00358618204571588
0.0723342374163579 0.309161639669756 -0.0297561863089297 -0.0356056834899754
0.237556057547971 0.214671590171853 -0.121504806846336 -0.12215936190161
0.283083155525434 0.0734554362339953 -0.217286627688608 -0.13709589927593
0.306249959782095 0.0397513874646962 -0.236102162001997 -0.154576641779116
0.31149231183415 0.100746150851374 -0.204628882270896 -0.199150333318709
0.310249451314462 0.280472378205188 -0.0841940230171092 -0.231480049765862
0.0850253337911382 0.425956763654364 0.0764519310507603 -0.131528714141944
-0.285389790656819 0.360783376438473 0.0721453388324729 0.098219366658601
-0.544796058266914 -0.0592121092907781 -0.242878720779432 0.0480313587407649
-0.283581137207085 -0.5014065357895 -0.260162487581977 -0.284487044638453
0.0850957776897348 -0.574038248207502 0.11972618539257 -0.558497118235533
0.0776771114794911 -0.554310708449317 -0.16031845152679 -0.0891927229298076
-0.248959255674052 -0.42948054816214 -0.0249200116897688 -0.137650304271022
-0.435942457905515 -0.0828211643128991 -0.105478336117708 -0.111328527479767
-0.2428217174421 0.300747464738739 -0.126407583182112 -0.00950247197661327
0.0642144627764779 0.404966236857617 -0.0363750646025417 0.0234679828471184
0.286967954912797 0.298475615743737 -0.0436502395543221 -0.055558562606452
0.357283003758813 0.13075067554339 -0.0935585512416547 -0.0929488821966658
0.378257081502236 0.0914563268356128 -0.097077193251107 -0.119293969423346
0.379199115680314 0.158518831074775 -0.0578151588505566 -0.152586017562885
0.366605637310429 0.368679857360765 0.0293151917477502 -0.151272436540279
0.0857584453523303 0.536356977461594 0.122143587257345 -0.0321653237381464
-0.357071781616487 0.438793379202806 0.0801275601406829 0.154123653149802
-0.660202722918311 -0.0627078119543244 -0.207570429001138 0.102079296537383
-0.376414575345821 -0.59455380836778 -0.23017492687455 -0.167568055677009
0.0697759697680158 -0.71502596349399 0.0836315496116156 -0.346609656511951
0.0417825110951926 -0.621116129146161 -0.179918323812663 0.137894054185731
-0.32994957182226 -0.462809414008322 0.0726950150088314 -0.0265138455485919
-0.508192198031322 -0.0627482531849451 -0.0386370644545648 -0.122785175193091
-0.280471863586946 0.352583615095489 -0.151684211457729 -0.029415825607944
0.0584655733284883 0.456182294934092 -0.048653808647533 0.101047270808574
0.304089772719706 0.340355344547495 0.0466396483155615 0.0394754540334819
0.381891303621934 0.169424173965148 0.0503480362745193 -0.0265785882557744
0.392734306273264 0.129419753980609 0.0575817504192095 -0.0668263374976601
0.383335654630004 0.189056344428984 0.0973086630667225 -0.0893738706123736
0.355844986056627 0.389658506022559 0.145490284640603 -0.0615222774162451
0.0722484294566398 0.540118731219694 0.165482425900429 0.0691413084596354
-0.355855898285632 0.418976942360111 0.0903895339757653 0.199745916790229
-0.629021460734746 -0.0649874823727263 -0.138729382175694 0.151013685819942
-0.379254139380948 -0.572221089461117 -0.16732378991607 -0.026118704342626
0.0517727307633877 -0.720921087737857 0.0517834851504233 -0.10260224189609
-0.00212028009970062 -0.595275724331873 -0.182890353199471 0.383596720182372
-0.363364555058776 -0.420827054995251 0.190775650811813 0.117111154367463
-0.494402352149957 -0.0272813385955528 0.0467802345926044 -0.122576389307069
-0.263521524847084 0.345372394249176 -0.164260317187571 -0.0402329820844301
0.0427283572807816 0.430456591327228 -0.057195384674916 0.184938214556695
0.273356068626484 0.326061380305139 0.13894014283249 0.145913958414081
0.347356629758479 0.178883386103836 0.193275401464483 0.0512499159831463
0.345764912926746 0.148898491980464 0.203386545317647 -0.00456990028155498
0.324566288497805 0.195947303897135 0.231249289519719 -0.020912053160637
0.275390863883882 0.34549756401369 0.235463521124098 0.0194970887353184
0.0334422224970679 0.438716592895672 0.191091084915658 0.139463567524403
-0.290324496755245 0.293289215649169 0.0909617471580794 0.214704992709869
-0.456489933436585 -0.0740651421368533 -0.0581955113710876 0.173749345944218
-0.286397964161011 -0.442824943363079 -0.0953317711139689 0.0948029367463072
0.0304932941761502 -0.592857916979896 0.0302838705893245 0.118271688883018
-0.0412341145840704 -0.465355208847833 -0.17325701270084 0.6026872010329
-0.314027987378913 -0.297816306125994 0.289563912225237 0.261174002677515
-0.368643135328309 0.006716414916928 0.129062925635098 -0.10141459523615
-0.192594478451574 0.252462617524108 -0.155338983824829 -0.0440420071761038
0.0134516308499539 0.31193870598022 -0.0640704665556053 0.252849780193653
0.188337017730339 0.251579923554468 0.211788115417224 0.244559150654237
0.254906478326863 0.159915394159625 0.312333239624383 0.127508187018723
0.246470303408817 0.146697037026548 0.319243580626992 0.0581318613633514
0.217094305460197 0.173284655772349 0.321499441102702 0.0445685933056304
0.150228883626042 0.253413442821471 0.277097645491943 0.080569261525092
-0.0209438022448455 0.269472852313303 0.183889153276867 0.165350406772726
-0.18722350514795 0.119660305583658 0.0803196714175942 0.189650739894837
-0.212155751663567 -0.0790838953871833 0.0118479431271826 0.164954496255713
-0.146556844363193 -0.246273691592644 -0.0353487814743201 0.166269235256322
0.00715984402454739 -0.37340268106953 0.0208041564286172 0.274241264130527
-0.0671529483717135 -0.249854942346908 -0.161322352500286 0.747490048520742
-0.196859274830244 -0.122615339726736 0.34610281630472 0.378589008355424
-0.16119020876341 0.0326292897306365 0.195971929111742 -0.0700736946053112
-0.0837864067282173 0.103831271322324 -0.129524755557281 -0.0539901184565155
-0.0194629687136582 0.13558367483758 -0.0771005351167124 0.282573547352161
0.0682625753188968 0.134357408816714 0.245256540867549 0.315295007302854
0.117712574972842 0.116134675812175 0.385310012731746 0.189903936990766
0.111391143370464 0.121987817486045 0.386274553952538 0.111494140923566
0.0849318530393545 0.128258347919954 0.359756751911745 0.0995493984208547
0.0140424673872344 0.136324600838971 0.27142189445219 0.118242268789765
-0.0698420566726221 0.0915135398854859 0.151552781010569 0.150904193944151
-0.0798903142350399 -0.0350197783710027 0.0633308403823148 0.135293034879246
0.0107319994385784 -0.0637630014801877 0.0656469328526282 0.135734839919968
-0.0221239565289522 -0.0405749390140299 0.00878397075093974 0.193352893848806
-0.0270035591130516 -0.125323988885065 0.0250466415249933 0.354185164990468
0.0657491954981955 -0.0706054207462302 -0.0924036504041412 -0.441741483696832
-0.0561974483124571 -0.105521682406611 -0.135512730463876 -0.225429968803787
-0.144415032868991 0.0268133358876337 -0.121219770297892 -0.10885293669483
-0.00603597458972735 0.127247392026038 -0.0681375938068841 -0.0378122078526782
0.0949055960929698 0.0684751140120015 -0.0785839385301298 -0.11221545003691
0.0856037714493394 -0.0107509520275627 -0.248676114340316 -0.137970973828172
0.0398101199755713 -0.0693405749669502 -0.37193089201243 -0.118032586317447
0.0315897463944046 -0.0785262630226859 -0.407268319693897 -0.133178722813491
0.0391250229046971 -0.0507380380377928 -0.395992432448543 -0.194854548172477
0.0797207614261772 -0.00771433334447916 -0.251448004912979 -0.296648841235608
0.0610795240042865 0.0397719753286988 0.00018524093024573 -0.276195017419895
-0.0294059283701675 0.0704436900223752 0.08853559767376 -0.00814726045084256
-0.097926993413704 -0.0271283309051037 -0.187049240627774 0.0175964770818937
0.0193829543742353 -0.109863878252632 -0.24799790000661 -0.320708404510218
0.0911339333744396 -0.0387691656153264 0.137775460372166 -0.744197399419109
0.0809480486684252 -0.264072140621588 -0.11363621743669 -0.382534583526956
-0.116948888188518 -0.23311601458768 -0.127547363761097 -0.224096513960133
-0.245750751408135 -0.0177739046784833 -0.142150536603899 -0.0910304261346581
-0.0864281518984255 0.19083419844881 -0.0742811502467197 0.00350339526570292
0.0983394771414459 0.192971854172102 -0.0406460159962979 -0.0771865043721979
0.179039968721393 0.0990957864417271 -0.194413843808924 -0.142346155490252
0.175876530194145 -0.00708580299405534 -0.320372676790925 -0.136211520809513
0.185704844694169 -0.0295452492886156 -0.356447452160772 -0.151174295803946
0.195839462222128 0.0178096996423286 -0.336463808646912 -0.208662232768063
0.22057466119169 0.137842479220581 -0.194463257357074 -0.281280627892424
0.0906088976116941 0.246452997689253 0.030439689244776 -0.221446772541845
-0.157552072236086 0.238682361938296 0.0789906634774881 0.0388575920548268
-0.346162613479047 -0.0315147625783828 -0.232387014762809 0.0279292895862703
-0.1554164263543 -0.322880033231589 -0.273043514691158 -0.329848431393127
0.0767104586839977 -0.33945090608574 0.114611567140106 -0.702916183461595
0.0791443639832935 -0.434274752411581 -0.141966175784094 -0.263499048822494
-0.183328443401249 -0.341640192112571 -0.10301892750682 -0.202850184946368
-0.342058742413097 -0.0553588394494111 -0.147185510197476 -0.0900472259230052
-0.165297229036074 0.247264075439104 -0.096662579029301 0.0180786901067429
0.0929508322787893 0.305544895402773 -0.025277668516845 -0.0311046970819098
0.253716183361908 0.201163433778538 -0.12639083994011 -0.115636218574022
0.289442960526462 0.0575852262895471 -0.226408874903754 -0.12637014146775
0.311467478173939 0.0240817696582875 -0.251162683051881 -0.146183003482048
0.321926625862988 0.0848504418734735 -0.222432518765946 -0.193602650048604
0.331652247728152 0.264231545207694 -0.101689900125276 -0.233264657851027
0.108476869283629 0.424895048059911 0.0737724181215686 -0.142362870610294
-0.269735566895725 0.379820084859328 0.0836728828547866 0.0918499141317283
-0.55363146469139 -0.0343204769603878 -0.240011505857852 0.0633371597811256
-0.311354655136574 -0.494959720906512 -0.276415255714193 -0.27084236970274
0.0558790939248124 -0.588532225655293 0.0894137516198858 -0.56406926343516
0.0556522770277751 -0.564867260637878 -0.166453630658468 -0.0850297776607717
-0.272848231385131 -0.4227231629328 -0.0401936156981502 -0.1414653302068
-0.444584860264944 -0.062626118622535 -0.115742198459921 -0.103651585127032
-0.229787007141165 0.317299837491428 -0.127980458456025 0.00666323282370603
0.0885765084586838 0.403932114071111 -0.029780719103505 0.0302112436846016
0.307970781736049 0.283557946860204 -0.0453348458163758 -0.0546805429120454
0.367662069917557 0.111189143317603 -0.0987602532656089 -0.0890720984671167
0.387968619192641 0.0734449759323403 -0.106793869408226 -0.118135223768634
0.393956291753856 0.13923778606767 -0.0709016959898028 -0.154114596662418
0.394356890885881 0.349345806685561 0.0174936043591869 -0.159234738499315
0.116051493288497 0.536440016496068 0.125006762739045 -0.0437687814708078
-0.337920815081925 0.46157869572292 0.0949207887873446 0.146632300373999
-0.672520021782856 -0.0332725249894259 -0.202273320872324 0.114212802874394
-0.408632878245764 -0.585074328505618 -0.23915157760717 -0.15183874508108
0.0356646074933978 -0.729072587613823 0.0612663690806885 -0.347890653815536
0.0165779374193368 -0.62938762273487 -0.175014114863864 0.145450845916792
-0.356042409978178 -0.453213267134904 0.0648416341234665 -0.0338553903516403
-0.518547261907196 -0.0412011069473516 -0.0490169763443279 -0.119372359272802
-0.265434893928641 0.370088546723419 -0.15645184161348 -0.0112189477646308
0.0836343802736734 0.457978918740489 -0.0393031240598257 0.109675475934301
0.328175118329572 0.324887103104065 0.0505456023306836 0.0348037127171077
0.396150831881964 0.149182476483934 0.0509362370199108 -0.0299400607016611
0.40423087592253 0.110891339700553 0.053546685880149 -0.0725737799077283
0.399390794942648 0.172111334565058 0.089360715804254 -0.0988020083878526
0.384114878482229 0.37273937533019 0.139999993756047 -0.0744214194663444
0.103449321570478 0.542549101303559 0.173938903685148 0.0546066557062991
-0.338703496700786 0.443006307694347 0.106006095832582 0.190078557568007
-0.641835250929718 -0.03802715190812 -0.131279059116744 0.158164350606104
-0.408539168146279 -0.562814597135193 -0.169068499507264 -0.0117287366690008
0.0153309846762394 -0.734203931240978 0.0416398959714022 -0.100358268457902
-0.0251452858169607 -0.60099151834332 -0.16662696144372 0.394037759034221
-0.386065811555682 -0.408672568890643 0.192339795692951 0.104467888697299
-0.502467572997069 -0.00670005373743685 0.0369389219094819 -0.124944918310208
-0.25236220947228 0.363454667007463 -0.170634843206589 -0.0226313685525034
0.0653177648401483 0.432721816198301 -0.0450896445813132 0.19667936844855
0.295247004315769 0.312179658496 0.14987349731014 0.138098567016456
0.361771233448159 0.16126666091514 0.200714542678408 0.0409431788255371
0.358383666520656 0.13307678526715 0.205880826741116 -0.0160316177298843
0.340298557730781 0.181960388298412 0.229637712623482 -0.0361860945986849
0.300137149507726 0.334239433124233 0.234261520821832 0.00235584767793349
0.0581015260663113 0.44056136966722 0.201282143078586 0.124649167374653
-0.280342762567285 0.313602006978194 0.106664235095155 0.204679099118117
-0.467501598938701 -0.0581279131234989 -0.0492906291147283 0.175633954463861
-0.307900050974673 -0.435586636369854 -0.0899179246307844 0.106501183218098
0.00416699152496545 -0.600726258407295 0.0320822110117003 0.122649313533346
-0.0576452314478225 -0.467344308457771 -0.147231015909846 0.614651724107371
-0.330442286115244 -0.287576287791477 0.301711749886807 0.245022234529298
-0.37266123645423 0.0196006551872288 0.121666187613613 -0.109303852874081
-0.183410258844695 0.265390571750033 -0.164108042401352 -0.0289881530911489
0.0292925150542412 0.316561534925402 -0.0507780706953075 0.266339432583627
0.205047676776323 0.24382946656939 0.229266014580885 0.233587803599829
0.268466286281105 0.148129086374538 0.326052489752798 0.112148518216573
0.259324549155619 0.136205496816148 0.327029706923213 0.0413492431591373
0.230087458273969 0.165120168629926 0.326394946804757 0.0249690540349285
0.167165043345684 0.249264746138676 0.2797007260286 0.0626480331885741
-0.00724713823426934 0.273246333688883 0.194466772054762 0.150880947093647
-0.186046018559493 0.130726517395612 0.093321808784323 0.179055615610313
-0.22087021388513 -0.0731437177388327 0.0223882026726025 0.161278823117486
-0.155672630952712 -0.243290190909168 -0.0249152547387161 0.175226298721242
-0.00895899174915342 -0.377995957981106 0.0314006083045062 0.278949146923068
-0.0757022357160216 -0.248689131341477 -0.127354853579045 0.759307458577905
-0.202818983211575 -0.11551890099007 0.369368595270786 0.359901099240259
-0.162571731270358 0.0358951414088645 0.190595016814368 -0.0824651159870274
-0.081694458374335 0.110187935216677 -0.140157027264996 -0.043183458260425
-0.0145294158931795 0.140019053206856 -0.0634097837869353 0.297387173539063
0.0768393240397421 0.132238966068049 0.267056302536572 0.304986611311467
0.128451672663307 0.111427651479576 0.402780651581537 0.172147022928071
0.121362192907229 0.118635200354122 0.399716714667721 0.0929398970897204
0.0939342378558454 0.126457184787514 0.368118304189287 0.0795810319875292
0.0225368209112834 0.138979673189167 0.276276227262991 0.102102644393649
-0.0662365922277952 0.0970590791937029 0.158204641829381 0.139592535908182
-0.0859176034051918 -0.0312610216316649 0.0738503558243241 0.126452928681825
0.0058371431002657 -0.0690492235818305 0.0752794103229323 0.127916070924924
-0.0199798041800262 -0.0418518660671113 0.0216692580546092 0.199331458839146
-0.0303508806951244 -0.125304631815861 0.0402839518332838 0.358156233906388
0.0587048265095394 -0.0734219216518658 -0.106308802045379 -0.42711700254149
-0.0610720305584208 -0.099731856820551 -0.147661189074269 -0.214597675153067
-0.136744985504556 0.0366306538978571 -0.128488094359883 -0.0971502699123501
0.00245890610668716 0.12308331050543 -0.0667429092931352 -0.0263700407460912
0.0967938855641519 0.0589223110870676 -0.0757516251842661 -0.102507246644509
0.0839164549072111 -0.0157717425882051 -0.24393715283128 -0.11912898562634
0.0329927643987851 -0.0689892590593607 -0.366797685317839 -0.0969080439579196
0.0251665168755001 -0.0790754855276773 -0.407338566616963 -0.112424263219388
0.036229510160876 -0.0531764815898287 -0.398413253345179 -0.17207900740236
0.0773812762599383 -0.0138034254316966 -0.262283563647816 -0.279336811453998
0.0617022163347523 0.0336703045404416 -0.0135924970651898 -0.273806895442524
-0.0235043657275625 0.0704171401309476 0.0908892897908896 -0.0146733689208059
-0.0956109797045921 -0.0202255418361585 -0.174399494004434 0.0272607856693627
0.0112649131041499 -0.106283333514859 -0.250658304714067 -0.300698214036339
0.0847888484286227 -0.0434049088877152 0.102583119194842 -0.726303360060758
0.0665965245331482 -0.262125235922081 -0.125791741304295 -0.369135404814143
-0.12535064181504 -0.220824784124469 -0.140838044651314 -0.214168139747025
-0.238739041452721 -0.00316539323442071 -0.146738091750245 -0.0782915289080993
-0.0731997652716786 0.188943602185812 -0.0703176816072475 0.0144807617604201
0.106801295714552 0.179277823915391 -0.0367853586074219 -0.0700401569827591
0.180425786206325 0.0859561435888632 -0.192286125376275 -0.127512231187072
0.16794390568545 -0.0152828643618963 -0.317405842123631 -0.116065754910144
0.17772318466632 -0.0381927419337025 -0.359481737608786 -0.13157700675526
0.193249038381962 0.00742875311672026 -0.342137337123573 -0.189471448950411
0.2224094281971 0.121357596894785 -0.205873148479352 -0.267937928758054
0.0998670871737081 0.234534513980034 0.0210431323583269 -0.22182277397756
-0.140850000229802 0.239724455468097 0.084747103169095 0.0312342046155232
-0.337836122948892 -0.0158405636081713 -0.220085015406726 0.0405036617688252
-0.166773653922184 -0.308604218467309 -0.279006745427761 -0.30621383593876
0.0590242205809552 -0.335958037292796 0.0802002920624423 -0.684778034256378
0.0585382401015939 -0.427751225698077 -0.149028084670624 -0.253316301318188
-0.19493006318596 -0.324787316575221 -0.115538120586099 -0.194788420181044
-0.335410894149097 -0.038154235041607 -0.150957325501685 -0.0776084416409391
-0.14772873277348 0.248311051805367 -0.0912428467848907 0.0301086750558244
0.106456662760329 0.290169035060367 -0.0202905929800136 -0.0262509942089922
0.257876006210546 0.180855766210321 -0.12615552037085 -0.105935626314376
0.282831880858031 0.0414232015868847 -0.22596235860608 -0.112366373467109
0.303195115105132 0.00876292890765121 -0.255805463317594 -0.132345322979009
0.318756631361137 0.0670569436766885 -0.230032174352557 -0.180000927355035
0.338533313361682 0.241276116628333 -0.114349159495476 -0.225969963243597
0.126574703825103 0.408233350118172 0.06765945002623 -0.148297297242452
-0.24636637181015 0.382620387916658 0.0912049787120701 0.081400510472617
-0.541923970915269 -0.0124644068370835 -0.227240441317965 0.0754050887025755
-0.323726664198901 -0.471677262260761 -0.277057684682981 -0.246519059123896
0.0284331392920659 -0.577118599488247 0.0589711013440516 -0.545236704998244
0.0335302149985919 -0.55258526900908 -0.165374029264768 -0.0777997315360018
-0.28489785144228 -0.400833368834918 -0.0531039510930423 -0.138592013653384
-0.436953491256396 -0.0430562349034934 -0.121187065017848 -0.0917683580344218
-0.2084309104193 0.31887154697389 -0.121728286745756 0.0217569212539789
0.107231987338956 0.386651111474233 -0.0215758343096745 0.0343182588696189
0.315149913012791 0.258191868645456 -0.0449720181948073 -0.0519330449861959
0.362373295447903 0.0913164347941867 -0.0996654829040523 -0.081917894550335
0.381137735131878 0.0524750837901534 -0.113314781115485 -0.111477915358294
0.391332460827293 0.117846265893762 -0.0806458671636653 -0.14897901460496
0.403046053937715 0.320975462190533 0.005677624570416 -0.159028200132651
0.139826592432346 0.517642710622054 0.122249179199445 -0.0551028738754941
-0.308599698670747 0.465457441397752 0.102615323121247 0.132474256326976
-0.658146649037462 -0.00673823869253551 -0.190480762708126 0.121869721120657
-0.421309972914144 -0.554939851052888 -0.236152593308997 -0.131604528554883
0.00355230686241339 -0.714497801927358 0.0405899281058759 -0.33258487936626
-0.00506732814072665 -0.614704716391617 -0.164825565151533 0.146396478319888
-0.365917032127847 -0.427991027512776 0.0543679402545361 -0.0387604576420369
-0.508383754044919 -0.0212780105048317 -0.056453173475507 -0.111705123511878
-0.242708717367909 0.374564979591234 -0.151737928461506 0.00574258102717052
0.104861917984433 0.441197712772627 -0.0277307518876475 0.113723435856076
0.335519527669298 0.299108321280269 0.0531323831302264 0.0298201523114347
0.391452050708473 0.125300353546404 0.0498578468460812 -0.0312560058640472
0.399564911455142 0.0899975326213538 0.0465670895716653 -0.0745913055937236
0.397798327315772 0.150394846759576 0.0783702024013069 -0.102737186255379
0.394510899717864 0.342417994149679 0.127943314073679 -0.0825153637838406
0.125066762765004 0.522860669047775 0.173357336906604 0.0385973093250771
-0.311254462137993 0.446363995806883 0.115330438145155 0.172864476217942
-0.630006196579656 -0.0139024696190915 -0.119405555762067 0.159523139598472
-0.419053644563665 -0.534626690716723 -0.162505686800417 0.00276106305004829
-0.0152669116371733 -0.716669082985686 0.032223156270731 -0.0909816547877468
-0.0441747030958373 -0.585472032680573 -0.146748816259636 0.388853896805047
-0.392928007528107 -0.383844541089791 0.185713947618724 0.0894275518894564
-0.49328790491311 0.0109916977773906 0.0277066464181221 -0.122066141376035
-0.229743322010318 0.365494425352791 -0.167786721973332 -0.0047656299536116
0.0848277177690807 0.418679129845558 -0.0309760160744763 0.199874031596827
0.302579780540733 0.289845179617686 0.153812947006284 0.125337134679368
0.36110867563917 0.13980612001825 0.199724513860796 0.030649336089207
0.357457506485022 0.114863339842162 0.199992624246918 -0.0260757858168648
0.339954917944151 0.162341508002308 0.218993185423449 -0.0478188455177179
0.310833394693894 0.309648512655466 0.22350214594886 -0.0113579767905247
0.0764243431495058 0.425370045919634 0.202831804349136 0.10644137815122
-0.259810570478866 0.317143778663559 0.115222162606152 0.186921779820756
-0.459746976777726 -0.0384056173720204 -0.0392615647443878 0.170870395418365
-0.314908093098336 -0.412993998784965 -0.0803731375021682 0.113885704211933
-0.0206879058701451 -0.586759503917217 0.0321834413570949 0.124098273633417
-0.0712480291616253 -0.453695367989534 -0.117716690559192 0.602865981628083
-0.331444458090522 -0.267054375922467 0.299838178850273 0.22125476877702
-0.363650425418658 0.0311391377927631 0.10995741801003 -0.112282611026388
-0.169075812339489 0.267289022539483 -0.16441509874587 -0.0131935502030757
0.0417060468418322 0.308644928882462 -0.0348869936497669 0.268560654939581
0.21051581498754 0.227296964522015 0.235532397013252 0.215435609707987
0.270153583443003 0.131614633826063 0.32638253624721 0.0943301129779909
0.261225941936574 0.122568646279817 0.3226531743562 0.0249712034171382
0.23352224770663 0.15131413205935 0.316393288926093 0.00804132147710624
0.176196941643165 0.234452363319047 0.270962654493011 0.0454375992774727
0.00602968383041221 0.266583569911137 0.194595117225911 0.132753479786777
-0.177266664723307 0.137116409808439 0.100868206964395 0.16332347073255
-0.220824832995574 -0.0665106327305707 0.0291978118060521 0.152871558405116
-0.158852202672319 -0.232394650221109 -0.0134289386847443 0.177220951486052
-0.0229782861025038 -0.368891926459094 0.0399249637110203 0.274316908975192
-0.0806287770000823 -0.239247642897949 -0.0932739042479983 0.744038306585792
-0.200947222074659 -0.104615593025617 0.371479117272042 0.329926508838947
-0.158891442271246 0.0379093701688687 0.177767614955784 -0.0906686896510204
-0.0757627778740345 0.11171426937174 -0.142986669352586 -0.0302780339969897
-0.00815192374486973 0.139285665664144 -0.0478054472120061 0.299663604311788
0.0803539417580272 0.125649098229589 0.275986508898411 0.283163773528699
0.132542302418486 0.102408837700547 0.403476505294288 0.148828200185922
0.126580674127537 0.110847068115938 0.397314011696064 0.0718318071562789
0.0981840701360402 0.119674574046427 0.361474359527163 0.0599189334954783
0.0297525229535226 0.136190949900066 0.268475021614211 0.0844628351917902
-0.0604900000740842 0.0984199217286695 0.156708922335357 0.124751502204107
-0.0886391195614104 -0.0258036683749463 0.0774652445968263 0.112742059527539
0.000418425100876215 -0.0707726048584749 0.0812702650092253 0.116357246316183
-0.0171694738930499 -0.0421347323397613 0.0329736207324985 0.197187853922108
-0.031066197620356 -0.121129453605643 0.05312004019946 0.347692663260005
0.0617272021418332 -0.0619283338976518 -0.0423916226210473 -0.409437308460941
-0.0447703738731754 -0.10094877593727 -0.11695220130454 -0.225441373009184
-0.129978952801239 0.0181644987597648 -0.1194047345317 -0.108199842288411
-0.0141260535199215 0.114989729128051 -0.0631051891818427 -0.0260271974876209
0.0840499364869873 0.0674037943163845 -0.0583245377834539 -0.0982744245714147
0.0843324484336392 -0.00464627006465935 -0.210573825971604 -0.133484684606971
0.0382679967320557 -0.0598235300693566 -0.335143637074371 -0.131273677891666
0.0315003959522415 -0.0729947939346678 -0.3786562162101 -0.157825202472705
0.0417715090444751 -0.0450563833602037 -0.366710593403525 -0.214630439285538
0.0760901707147197 -0.00353223713596178 -0.223549824921146 -0.303257643292025
0.0541793333099424 0.0412898755716983 0.0193502860220602 -0.271074538384269
-0.031680668932431 0.0643926304921127 0.0968061146242205 -0.0076124516410434
-0.0863323226779749 -0.0273126864610599 -0.162598070310061 0.00875688613962965
0.0214278610049504 -0.0963704234954104 -0.201285511188051 -0.316731468510112
0.0817227639661347 -0.0289460348787464 0.187817708932255 -0.691760580772395
0.0948876809357641 -0.236426318814595 -0.055677373354619 -0.363106339803344
-0.0879536651290852 -0.222139776629357 -0.108526866707618 -0.231094072058156
-0.219812643908746 -0.0343465026765053 -0.138783168096774 -0.099504802464286
-0.0940214212111615 0.16566562147309 -0.0727318487449226 0.00823859867441258
0.0750242642007039 0.182024742638496 -0.0299657277010493 -0.0663659724677185
0.161013333447886 0.102697436508928 -0.165487889079965 -0.132235386790675
0.160641162024772 0.00751585374461439 -0.289270016728064 -0.145606502927021
0.173638473218005 -0.0135785299874145 -0.330100677949188 -0.172709836163507
0.184353012246221 0.0338091382437549 -0.311335451532913 -0.228234907284326
0.197668710600781 0.143999245113903 -0.172607895910434 -0.292521949306224
0.0639296724750883 0.238499189888036 0.0489082085517761 -0.226228669293205
-0.16763120774237 0.210945473300908 0.0885235168841145 0.0298958564150759
-0.320267847199752 -0.0541802887465929 -0.202321437587642 0.0184614692198463
-0.123045875132178 -0.31373860702385 -0.218793378676648 -0.314344707322786
0.0933601690150628 -0.314866290898133 0.168546024943196 -0.639727873423508
0.112330879577684 -0.390542868710931 -0.0804565882608471 -0.262108091622808
-0.137484397284399 -0.32863372253023 -0.0850000059957467 -0.216629486849992
-0.306238460924844 -0.0806514449375385 -0.141454309901025 -0.105787346547341
-0.173595794756341 0.210215325689846 -0.0947024965697666 0.0184248963133145
0.0572738622689886 0.287487468894548 -0.0228935219408973 -0.0246567716907111
0.2210317499504 0.203046640602006 -0.109538427055476 -0.10225920335613
0.263311351856369 0.0748494994129754 -0.204609167373029 -0.1306411342574
0.288858002204394 0.0473243202418074 -0.230049507733513 -0.16114353024485
0.296598122677116 0.10766388736449 -0.20651678350519 -0.208220514779344
0.293093413261653 0.272765529797409 -0.0909374967967852 -0.246354957223386
0.0652842128429008 0.407498702190335 0.0869876990726876 -0.155538363672461
-0.286460309202745 0.334645568339065 0.0905215512259608 0.0742683915368711
-0.517060049390459 -0.0778434215683167 -0.208216442441835 0.0533892048298151
-0.252089446603984 -0.491109340760835 -0.21980985734934 -0.246726322862562
0.0956607778650445 -0.552675394708247 0.13671315131776 -0.496839691051176
0.106083421091329 -0.510565681211624 -0.109092883340656 -0.105536694679672
-0.209147121291982 -0.412520993136109 -0.0319283366406486 -0.162241044677687
-0.401059059935101 -0.100500599214289 -0.113582479355965 -0.121977844286996
-0.242865055997615 0.267975177162073 -0.125305135792739 0.00404524172304403
0.0427289537751107 0.379732229427622 -0.0351943211219218 0.030274281438069
0.263220499530401 0.283497263172249 -0.0420864988344863 -0.0399839779998898
0.333085918668748 0.132646458960844 -0.0891944958082475 -0.0883207642976154
0.358703755450239 0.101085325153746 -0.0952438983317954 -0.124205997087408
0.359608621284013 0.165455151640651 -0.0664259547875121 -0.16165838565545
0.344388218574051 0.356443945752456 0.0159274033548699 -0.171301011167094
0.0646458446103142 0.5128994051006 0.129166003659166 -0.0641767822167948
-0.359200676287371 0.405513403812836 0.0975390925791153 0.12192855789907
-0.630599850134564 -0.0872132886389072 -0.17500511862218 0.102732803709152
-0.336027908820435 -0.58656906861386 -0.188955708931768 -0.126881203761975
0.089851583997919 -0.691429861876715 0.0945803118445594 -0.28539558574287
0.0806544595425568 -0.573481708851235 -0.132943520210529 0.100345350094412
-0.28110946454263 -0.448938441646474 0.0577488375602807 -0.0606366206739877
-0.472107060127493 -0.0914532848748674 -0.0535165169823233 -0.137345113813069
-0.284085672734261 0.313006699121216 -0.154164920945748 -0.0156309677192753
0.0304090136246376 0.430839195395005 -0.0527731478855659 0.103409365123779
0.274814784270951 0.325084560284582 0.0390648867197678 0.0487288489814266
0.356436631883891 0.169995740701365 0.0462018056752409 -0.023494757982879
0.372766468467394 0.138831562945794 0.0546417126829821 -0.0691491019799642
0.361385197734088 0.196170573644197 0.0815175200201201 -0.0976695047686857
0.334349198462328 0.377381664819287 0.124201901384254 -0.0833955278607732
0.0514174078228176 0.517000542110378 0.167157122365148 0.0320104746776623
-0.360446750784704 0.386995643655309 0.10284735686425 0.162848184717509
-0.602737880738481 -0.0925698039296326 -0.113784253026913 0.14631474339277
-0.334033845586759 -0.566898736094126 -0.134154050800432 0.0121924832480457
0.0750011656892998 -0.696388330175527 0.0562937832859945 -0.0511509507611089
0.0404485154743691 -0.550297786436783 -0.147357265010141 0.326979345402647
-0.311041049915183 -0.412139220577037 0.16469210989429 0.0748915963948985
-0.462516726164322 -0.0613283324532386 0.0251798416602634 -0.136802563270757
-0.270951644026174 0.306168059390794 -0.169134044387414 -0.0282320668051943
0.0121214766427297 0.407487126979642 -0.06564202348169 0.183917127327892
0.24396950663519 0.311691792204442 0.123437313092859 0.148789757538751
0.327276378933596 0.176864524842411 0.181948561802752 0.0522814237069401
0.330161086006674 0.156659323437459 0.196382440912446 -0.00380403765285533
0.304263685046864 0.199304267004532 0.211142653596553 -0.0274239809905494
0.257917355683692 0.335035451097137 0.208886245827272 5.44336062546499E-05
0.0167101942655788 0.41607162564348 0.186285530632973 0.104792325376038
-0.293554780135878 0.269894017615419 0.0986627729241862 0.178495078482886
-0.436728851022238 -0.097427280660539 -0.0443122816132377 0.165222711118852
-0.247824000782538 -0.439031927443969 -0.0726698238643739 0.124763605047029
0.0535511527859262 -0.571748586879431 0.0273828729993257 0.153394535430086
-0.00278938161391047 -0.430860227220886 -0.154639792786715 0.532503730001473
-0.270543982813583 -0.294777935704916 0.255626875259139 0.217062181792939
-0.3455668550447 -0.0248290813750505 0.103357903900761 -0.112143459079658
-0.199317795802531 0.224061513227342 -0.162776828189108 -0.0331209200025824
-0.00979561878380783 0.298376945160551 -0.073704160437975 0.248593356861309
0.163497900350698 0.241395299189783 0.192146562052828 0.239286309169417
0.242100641031078 0.157901128046268 0.296046125451363 0.126400754754718
0.238163556786812 0.152018965864301 0.308420056381764 0.0621323928828491
0.203940105675531 0.17445030554107 0.300215656987452 0.0415967070051224
0.138703198491147 0.245717037144961 0.249091357161606 0.0647644984953396
-0.0302938302056567 0.254468769119792 0.173594269424523 0.137533168184046
-0.190252108853247 0.106511396575749 0.0836161423322436 0.159598034184713
-0.204762156184638 -0.0952356526394422 0.0169567326063218 0.152324339252666
-0.118511023138846 -0.246877687081334 -0.0233878201130461 0.185357474591627
0.0269048675151254 -0.361340567763445 0.011539485035344 0.290079189646542
-0.039806885341147 -0.232745032973475 -0.160239927467429 0.671932852317182
-0.171007128914006 -0.124882095447517 0.309584818117559 0.338633813410777
-0.153910791632747 0.0110865856664558 0.168224837298176 -0.0735801566612199
-0.089032796333152 0.092215140778962 -0.137303548794455 -0.0448566059496846
-0.0320902176779709 0.131888163031118 -0.0837223682057519 0.277625690508523
0.0538545923995957 0.1290353373994 0.225482787273186 0.303819628554242
0.114713407300236 0.112087831407321 0.365420876132036 0.186889030723826
0.110332670451091 0.123571940398134 0.373767577671683 0.117700149421915
0.0788019199226865 0.126421866823566 0.340826438200271 0.0995538698457946
0.0105181316233713 0.133948543568001 0.246095154233358 0.107535456997283
-0.0717811716518559 0.0858299684580142 0.136629133376285 0.132156380378455
-0.0846358174629632 -0.0380561148199215 0.0646133406842171 0.112824142349345
0.00759255790062274 -0.0727472238810933 0.0634698100864367 0.121409066102827
-0.00668519186003621 -0.0462802574042092 0.0125287676410904 0.201920100258098
-0.00990933565842272 -0.12259523615265 0.0114775321219782 0.352289762223955
0.0591935034746649 -0.0601260474962197 -0.0286965619512521 -0.403511352368598
-0.0440590856036097 -0.0994743774067626 -0.113836412178936 -0.22416615701324
-0.126169973451625 0.0172768915895031 -0.11933600129889 -0.104653097706363
-0.0143209739705996 0.112174990407682 -0.0604399463225009 -0.0212601300555387
0.0814553463629421 0.0652430390676245 -0.0495874330533111 -0.094937940241645
0.0831822316192598 -0.00447906541695298 -0.198422414666925 -0.131478801795542
0.0365513217098582 -0.057327825756837 -0.324643803278453 -0.134665716428521
0.0299054388405818 -0.0713637935895706 -0.372720605834114 -0.162861678190989
0.0425390550065724 -0.0448902243758217 -0.357202410952763 -0.21944804919038
0.0749869732575156 -0.00381692760894475 -0.215205896314333 -0.302490348519019
0.0530594255106907 0.0405268430729303 0.0237859651264285 -0.268888406381981
-0.0305989673393877 0.0628644702461312 0.0997033548107551 -0.00882354349589777
-0.0837494756746839 -0.0273744293303747 -0.153426257766138 0.00626872874323324
0.0205968850271958 -0.0928797475007822 -0.185842681164592 -0.314421307428861
0.078643728457713 -0.0271155508197905 0.200682274470725 -0.669751920725262
0.0972560518532325 -0.230679872690201 -0.0435129189053758 -0.356865219161653
-0.0825629759349469 -0.21893340103471 -0.10547667711382 -0.230209319024305
-0.21347608005677 -0.0370291631779246 -0.137889346028125 -0.0968513768224165
-0.0933856904716816 0.159202526657986 -0.0688966241459669 0.0128653436206632
0.0711909661098316 0.177514644718536 -0.0219773176654535 -0.0627996676594199
0.156697156445962 0.101756206514555 -0.155442281331026 -0.130236728383549
0.155116638752579 0.0111484249607636 -0.279608742272934 -0.147626266401379
0.167999535543844 -0.00928321218943205 -0.325041586902222 -0.177084842702622
0.179890231116281 0.0362332808253778 -0.303828644209627 -0.231552002824038
0.192051095848991 0.143523807585081 -0.166644350941751 -0.292156693445569
0.0583901267901955 0.2338089803175 0.0536450640424939 -0.2250225379657
-0.167493004765232 0.20192735906649 0.0913984938489363 0.0287275171309877
-0.312173136367178 -0.0613834639145379 -0.193060839361745 0.0161137685028486
-0.114186130764124 -0.311029384596554 -0.202268721168165 -0.310344491567962
0.098308762116887 -0.307048454451431 0.179765823086172 -0.615183534151383
0.119617182073184 -0.381106993154659 -0.0709030208280064 -0.259926061253625
-0.127386242602558 -0.32463551135052 -0.0838730888624717 -0.215737784652848
-0.296855219647182 -0.0859772941879483 -0.140195344195693 -0.103495781186905
-0.172722355515816 0.201526662536712 -0.0896020359598636 0.0222882959009152
0.0512186550628617 0.280583585202667 -0.016079412070488 -0.0219774845541357
0.212423781901141 0.200396395778998 -0.101770239182 -0.100518067681686
0.254176969591732 0.0796208207183577 -0.197669463333119 -0.131712985422846
0.281508413198076 0.053595962849031 -0.227209365419201 -0.163764607281293
0.288896989142293 0.11119628828469 -0.201727492574553 -0.210363076173147
0.282907881769049 0.271340558910065 -0.087227978499902 -0.245817976355914
0.0566735292220651 0.400681845474555 0.0894392496636704 -0.156487167580648
-0.288806102415717 0.319420539141224 0.092202721982865 0.0712688413532751
-0.50624750699506 -0.0889788811260446 -0.200594211572341 0.0507834832864043
-0.235934369003972 -0.488996033533174 -0.203852639019648 -0.242466717218239
0.106895107469867 -0.539067831526573 0.145649156413299 -0.475650806225919
0.119183561199677 -0.499120438950667 -0.103851281095156 -0.10741538511001
-0.195078904172729 -0.409358621111479 -0.0332860657868491 -0.162823842654767
-0.390591927539875 -0.109397475007466 -0.112725946999439 -0.120093161855887
-0.24190440946299 0.255523903115161 -0.119802831222049 0.00848323431646943
0.035156992282023 0.371967439624785 -0.0286488864715327 0.0326663161337772
0.251479132747054 0.280966272164928 -0.0377390363226895 -0.0398245469411494
0.322529814213424 0.136054976668556 -0.0850576330297842 -0.0883977050373781
0.349593028983203 0.108144643568259 -0.0941237412624152 -0.124711673869294
0.348917212873352 0.170697449273578 -0.0656452832857274 -0.16201071873293
0.332067516552294 0.3545647785239 0.0145332389870548 -0.17025290199066
0.0535295204003275 0.504880527351184 0.128695027431452 -0.0666966047042504
-0.361344553950211 0.388792968342026 0.0969190976223408 0.116360265056828
-0.616808782566293 -0.104197370800587 -0.170908905402547 0.0991908056723139
-0.313661136764563 -0.586571071529966 -0.177650380226746 -0.121750577497423
0.102664330458159 -0.674934747181558 0.0990370049208563 -0.269608239937148
0.096731736312751 -0.560444524654108 -0.132911900049547 0.0930412373411384
-0.26201021424425 -0.44758454683767 0.0515453730272548 -0.0612629625196434
-0.460706141503291 -0.103000290775237 -0.053476300631501 -0.134041770611166
-0.283744554624891 0.299401123401455 -0.147987992029868 -0.0116501116924815
0.0211155602051939 0.422294768098292 -0.0473530946044816 0.104527262115787
0.262306298866648 0.323484099535279 0.0385437134704312 0.0476215484574122
0.344774900531126 0.173204769250538 0.0462238428246512 -0.0222974483184897
0.363445516234997 0.144862080453816 0.0528746135031816 -0.0675401415764881
0.350999355902436 0.201567483463568 0.0788475867236115 -0.096051039042935
0.320558121130104 0.374398611379254 0.118875613367322 -0.0819111401357702
0.0398663406710704 0.507031914655396 0.163244641966972 0.0281185571772173
-0.361434273342319 0.370095634766316 0.0999162878554006 0.155774808620552
-0.590520914870396 -0.1083503146658 -0.11279939393426 0.14309026766088
-0.311784648997054 -0.567155218130061 -0.126688024262114 0.0162675837081341
0.0919473380409002 -0.680107214102679 0.055136069180061 -0.041256807079755
0.0577512839663233 -0.538001538578383 -0.153328590566908 0.315082987605404
-0.291312119332699 -0.410964182816801 0.154135499243307 0.0736372473176177
-0.453419083321617 -0.073609441799105 0.0244844997608564 -0.133506816441289
-0.272272663271808 0.293614159618964 -0.165031332163333 -0.0246267849078582
0.00453688196712193 0.401579764139725 -0.063776110929243 0.184816016632036
0.231517722813673 0.310035082678914 0.118911313621766 0.146975174998503
0.316236491837748 0.180726141329045 0.179431537886039 0.0551051084115745
0.321911615811659 0.162362815253816 0.192131832651689 6.96488544881155E-05
0.294954064761706 0.203162599860429 0.204975485987544 -0.0233764859591318
0.246257574817279 0.33151841848248 0.200005975826958 0.00137210570725907
0.00878957300249587 0.407858122811171 0.179120647840568 0.100101208825964
-0.294170303922724 0.257468852576463 0.0946284662590492 0.170978707224528
-0.429795608296413 -0.108967407914903 -0.0453444307897058 0.160982765412693
-0.228205753599351 -0.44038389138649 -0.0697716724616661 0.12770991236357
0.0685694409078137 -0.559791572604889 0.020931490168393 0.156778853459986
0.0138562239325716 -0.422044738964121 -0.165995828581931 0.515595861028721
-0.254957735648377 -0.296354254271838 0.240506999717684 0.215098422427267
-0.33843453659506 -0.0362868840217246 0.10012011372548 -0.108426738233683
-0.201045205987422 0.213607475305823 -0.160234563862981 -0.0308306582317968
-0.0171556552357628 0.294158368013764 -0.074073448642757 0.249152590355491
0.15465552852487 0.240869734918565 0.184259429004886 0.237259600579666
0.235068561485707 0.159375478387217 0.289855416857499 0.130250647448264
0.232173962324215 0.154977465008046 0.30241544851147 0.0669573959090296
0.196756663326954 0.176798954816114 0.292195790434699 0.0456875829700198
0.131414744722583 0.242964915864781 0.238509926115529 0.0656757348531518
-0.0343724697702215 0.249417266252946 0.165296867226886 0.132476723636489
-0.190118064892486 0.100492365621876 0.0799866223931225 0.151884237059274
-0.200383531784002 -0.100720359991335 0.0141605697070925 0.148571181104063
-0.106847487949172 -0.247674100269701 -0.0232063697735417 0.187418822773557
0.0385806408535672 -0.354090035937261 0.00237588974039914 0.287679631477626
-0.029737799138488 -0.229246751912019 -0.175974843406006 0.654494200193715
-0.161140398805624 -0.12658918757559 0.28958124419067 0.334577647826642
-0.151756626683261 0.00385243331270934 0.1620874089994 -0.0698874777324346
-0.0902095218637726 0.0870197743352744 -0.136890059406773 -0.0422037139802064
-0.0353274710304871 0.130682698090604 -0.08691093467225 0.2762841117205
0.0493223834900109 0.128930081257603 0.21623860010656 0.300484836843887
0.111197531331209 0.111948966550528 0.357389555304547 0.190661826811978
0.107374870263288 0.124281051677867 0.36722060953865 0.122750573578118
0.0752265306873521 0.125963340254819 0.330941370649556 0.104834993715996
0.00770373088657587 0.131906253345649 0.234783508256242 0.108617766762094
-0.0726855977761971 0.0837114116343801 0.127503127679568 0.127720823080574
-0.0838967163491127 -0.0385321840595719 0.0612274300123565 0.106582506205531
0.00740440559035812 -0.0742758242079723 0.0611959242817448 0.117299904148237
-0.00190652038596352 -0.0485167420503701 0.0117163828888106 0.202109339333768
-0.00374511841989748 -0.120477905291505 0.000559846663330152 0.345008498572509
0.0588715493667925 -0.0600626544761582 -0.0125050246149427 -0.41049165314726
-0.044053314961256 -0.101576237107793 -0.112617041160296 -0.232151939656909
-0.127358746225224 0.0158844953314573 -0.122880344089816 -0.105395102632917
-0.0152914943043717 0.112822220401818 -0.0594001466534071 -0.0176744602849227
0.0811601298299013 0.0670315790233902 -0.0421840232361912 -0.096130631595877
0.0859879396349596 -0.00365511587489857 -0.191761698612696 -0.136845099808234
0.0373714981152512 -0.0566648043185684 -0.324566345917723 -0.145439275533508
0.0300218124932875 -0.0719042167079423 -0.377398448149214 -0.175726389022489
0.044192229220909 -0.0459755462809713 -0.35959119378575 -0.234439451107861
0.0770963130149692 -0.00356227261029266 -0.213615554411737 -0.315918560723815
0.0534087058325775 0.041194581026738 0.0319309167984471 -0.276177087669774
-0.0318559481005435 0.0629961205162816 0.106398143323885 -0.00891057827539495
-0.0836004919927736 -0.0295046636478906 -0.149189475026787 0.00199879873908152
0.022428867680156 -0.0921104165467996 -0.1729447799767 -0.323672133005508
0.0783450112354248 -0.0254294449935275 0.228171413785446 -0.666275642954
0.105784058140629 -0.231853253207909 -0.029704186070354 -0.365450339627131
-0.0786563263084266 -0.223772556470953 -0.104521785031746 -0.238297123114052
-0.214612128332813 -0.0423252644634865 -0.1405638519707 -0.0993485126939672
-0.0971620893275268 0.157697076831319 -0.0676117178122788 0.0162836817140976
0.0680747565539596 0.180045077429719 -0.0141883975759648 -0.0625153094238748
0.15648267912937 0.106046374430596 -0.149006342789196 -0.134652170958359
0.155625661974579 0.0165463857888726 -0.27851254989659 -0.157362124587816
0.169772262653434 -0.00405163501381727 -0.330068140651577 -0.189192915899391
0.182313716205586 0.0411170858818486 -0.305597374887759 -0.245543634469628
0.191837099775343 0.149707745622838 -0.163233370794624 -0.304091985435595
0.0525224238751419 0.238781585073245 0.0615062819556039 -0.231515495665355
-0.176181434078543 0.199524904243785 0.0972490216823496 0.0284673245764548
-0.316133086337267 -0.0731800919057371 -0.191203717189427 0.0137311660432004
-0.106195586048888 -0.3209297424194 -0.190780640024518 -0.318799638597648
0.109680419858279 -0.30874943685742 0.206393138924518 -0.611415054285882
0.134883345852928 -0.384739662084002 -0.0610216549911629 -0.267851640803487
-0.119179478859601 -0.332827761725957 -0.0832778495513058 -0.224606962327873
-0.298448238581285 -0.0960076877287758 -0.143423864995501 -0.107176758378361
-0.179461900005805 0.197667185854885 -0.0886128213911433 0.0261183108754729
0.04535283828991 0.284551435590578 -0.00836697500582737 -0.0204158836852254
0.211187154531885 0.207908289859653 -0.0970040205654669 -0.104161973349668
0.254083142864718 0.0890039047386442 -0.195704421320563 -0.139570731431571
0.283551548225252 0.0640880953416815 -0.230544280322335 -0.173160584489201
0.290293252656569 0.121000560585408 -0.202589900457968 -0.220851122361485
0.280998877064344 0.282262222503513 -0.0848841994741737 -0.254509808955224
0.0469886563232125 0.408653179898222 0.0963658967293741 -0.161957821179654
-0.30306037293928 0.314822048518984 0.0962936469617736 0.070831477854233
-0.51221045376063 -0.109704066248448 -0.200902898491843 0.0490503540975407
-0.223402239185427 -0.507520356835362 -0.193281466980774 -0.247583634271043
0.12765814053693 -0.544344773645094 0.164453585454363 -0.468879757312394
0.140727829774384 -0.505218897517891 -0.100301204052541 -0.114613828475381
-0.183225672706297 -0.421851166210497 -0.0343936719453273 -0.168187158929261
-0.394457000199507 -0.124732638089594 -0.11417070978839 -0.123120619895875
-0.253263269079943 0.249556418962216 -0.11842735408815 0.0115175666863293
0.0256824901529618 0.378499286540933 -0.0222612153296857 0.0346939997686591
0.248284154656337 0.292211802114246 -0.0344924940715559 -0.0413790187467077
0.322040118863889 0.149305240609455 -0.0824292035376825 -0.0924813028175501
0.352862901379638 0.121927762940505 -0.0955751877936572 -0.130580091227542
0.350226802767865 0.184138834554786 -0.0652614312547377 -0.168589134336795
0.330450390966248 0.36864571050847 0.0153724002651988 -0.174927252274937
0.0410148317105292 0.514012492280582 0.132784352777468 -0.0704698951081514
-0.380233597449426 0.382484017553298 0.0988294783470746 0.116369856499365
-0.627397011055665 -0.127398647738795 -0.172844385891475 0.0991734821960274
-0.297877075066602 -0.609635557401541 -0.169761191134346 -0.12295227715603
0.130494243494646 -0.682111224379717 0.109911092442986 -0.260880754626288
0.122449517384338 -0.568054506644062 -0.138128575635411 0.0884373049282657
-0.248882171484542 -0.462863103898354 0.0483388202642023 -0.0637170060769293
-0.467766433943644 -0.122680321011693 -0.0539663613553916 -0.136366276621615
-0.298661639670819 0.293175841249126 -0.147640380191347 -0.0101827388581489
0.00986392814667513 0.429534536358652 -0.0449913894418422 0.108748984592361
0.257062692444536 0.334953254235061 0.0398772878897957 0.049062401727889
0.34487080581191 0.188190862432109 0.0496947053345562 -0.0214859475769038
0.366553723716439 0.16097216629148 0.0537930995841569 -0.0677462459130266
0.350968062495628 0.215937911705825 0.080183548994895 -0.0965926264559013
0.317837021656984 0.388775994781208 0.118535574269329 -0.0822051424568712
0.0267123169486184 0.515197832264074 0.164374410932029 0.0275893476097508
-0.378949185040229 0.363657119597769 0.0991648272253312 0.155835447787758
-0.601107650990582 -0.132087184623136 -0.115961642513353 0.143921909854114
-0.295936054723009 -0.591762352661326 -0.122227638222767 0.0193101457463186
0.117651726317396 -0.688552850018157 0.0575343989824768 -0.0324939747791635
0.0838816903802478 -0.546895904755654 -0.167494775200698 0.3133685605998
-0.279288805166423 -0.428173146222423 0.148073902252776 0.0765595331670733
-0.458886339049805 -0.0934991347383394 0.0242013276789548 -0.134685618438603
-0.28702721312767 0.287232494043483 -0.165817011874102 -0.0236521196462517
-0.00788292530452471 0.408785214341681 -0.0640811083206579 0.1910901483309
0.225190241402988 0.322640349006 0.118134537589125 0.151398378734239
0.315126227656553 0.194337856484358 0.182062422103438 0.0609192201228871
0.323868621379959 0.177391443228983 0.194752714928869 0.00444784655371959
0.294206135264319 0.217386655526407 0.206965037849924 -0.0197609514729251
0.24305103683753 0.34318781053549 0.19870894624498 0.00462096967612657
-0.00189026434308375 0.41527726472245 0.177876070480632 0.101466253289063
-0.307732045167749 0.251055032189125 0.0925447330079349 0.170756076601977
-0.433639556635024 -0.127310125343566 -0.0494741302549482 0.162925284382245
-0.216250230565552 -0.458757564350788 -0.0683751510929538 0.134541304770148
0.0900675074685384 -0.565928233271433 0.016522020298264 0.16538760984238
0.0330190790317003 -0.429666005670452 -0.189658221010873 0.516585551131367
-0.24488110617683 -0.31007262417007 0.231826507020167 0.222352909515858
-0.34397161303246 -0.0521286665177719 0.10039446593329 -0.107905624887111
-0.212811878815686 0.208710987358906 -0.163155802811709 -0.0312178235402637
-0.0270454867221839 0.299524636704919 -0.0795952630822246 0.256297975792557
0.149435456600843 0.250861982447199 0.180988608093896 0.246143535328975
0.234616417108501 0.169452881169434 0.292883462981298 0.140699406211532
0.233406187639615 0.166861944354138 0.306471618346632 0.0760627701779437
0.195433314253605 0.187276473881179 0.293885574955112 0.0544456475452905
0.126981254896665 0.250300361731286 0.235344807914257 0.0718229422988284
-0.0416031941884291 0.252302012101713 0.161104782869078 0.134059890490807
-0.197036645131724 0.0951572699507093 0.0767719965694827 0.1508740446591
-0.201984563329303 -0.111584623215418 0.0110557016022448 0.150584621111416
-0.0978638052549537 -0.258182055090013 -0.0243862787905656 0.195314691736462
0.0535959734454123 -0.358539828741683 -0.0081426496237539 0.295247597512475
-0.018318858181508 -0.233836431259272 -0.204133669196601 0.656104474799796
-0.156420332257739 -0.133925214472229 0.27982260995638 0.346019212122959
-0.154278639814307 -0.00406955166255924 0.162592223632319 -0.0668643869052443
-0.095592319949073 0.0845532238326361 -0.141665678422394 -0.0426403158043588
-0.040457752227243 0.132536344975586 -0.0944448849715474 0.285548823911688
0.0454211737530187 0.133774888297234 0.212170583907647 0.312438841435361
0.110277557479758 0.116968100861363 0.360253799244609 0.205979226469382
0.107958158953088 0.130072784032459 0.372260918580156 0.135068667118008
0.0732879561765565 0.132606978974849 0.332950495874571 0.11504577309054
0.0045267549021424 0.134810319125124 0.231349768651652 0.115666547070524
-0.0757339482018068 0.0838607837131469 0.123183265914472 0.12976247417251
-0.0853292342018012 -0.0408828219243142 0.0592808810796281 0.104719282105218
0.0081371349203512 -0.0778444157712189 0.0599099271886007 0.118553175833626
0.00314526158349273 -0.0524283652785887 0.0101942285136193 0.209372340465135
0.00367802979101537 -0.123150512469536 -0.0129312302826074 0.350367521521979
