TRXV5
3
4
4
9
string Extension=J
integer IsArchMeasurement=1
integer IsSpherical=1
string Generator=SPM
string GeneratorVersion=1.3.1 Dev
double ArchRadius=0.449999988079071
integer FrequencyAxisIndex=0
integer AzimuthAxisIndex=1
integer ElevationAxisIndex=2
Frequency
5 136 690000000 960000000 LIN
Azimuth
7 8 0 2.74889357189107 LIN
Elevation
7 15 -2.74889357189107 2.74889357189107 LIN
Polar H Real Part
13
Polar H Imaginary Part
14
Polar V Real Part
13
Polar V Imaginary Part
14
Polar H Magnitude (dB)
12 0xC0000002 0 1
Polar H Phase
7 0xC0000003 0 1
Polar V Magnitude (dB)
12 0xC0000002 2 3
Polar V Phase
7 0xC0000003 2 3
-0.0102310180664062 0.0522613525390625 0.0751800537109375 -0.00667572021484375
0.0386314392089844 0.0357246398925781 0.040679931640625 0.0175819396972656
0.03729248046875 -0.0102500915527344 0.0440101623535156 0.0265464782714844
0.016754150390625 -0.0270252227783203 0.0699806213378906 0.0113983154296875
-9.72747802734356E-05 -0.0278129577636719 0.074127197265625 -0.0199432373046875
-0.0167560577392578 -0.0291175842285156 0.059417724609375 -0.0490493774414063
-0.0184211730957031 -0.0228214263916016 0.0432014465332031 -0.0499801635742188
-0.0132865905761719 -0.0233287811279297 0.0304279327392578 -0.0330429077148437
-0.006011962890625 -0.0335521697998047 0.0165119171142578 -0.0116634368896484
0.01605224609375 -0.0283718109130859 -0.0030827522277832 -0.00307297706604004
0.0329914093017578 -0.0069122314453125 -0.0281295776367187 -0.0214786529541016
0.0294094085693359 0.0147743225097656 -0.0211105346679687 -0.0560455322265625
0.0058441162109375 0.0371780395507813 0.0310897827148438 -0.091949462890625
-0.0189018249511719 0.0447883605957031 0.0607223510742187 -0.0803604125976562
-0.0413703918457031 0.0375900268554687 0.0339508056640625 -0.050262451171875
-0.03167724609375 0.0620346069335937 0.0679473876953125 0.0147895812988281
0.0221595764160156 0.0568771362304688 0.0356101989746094 0.0380363464355469
0.0373039245605469 0.0124855041503906 0.0458297729492188 0.0429115295410156
0.0289802551269531 -0.00994873046875 0.0751571655273438 0.0266571044921875
0.0177898406982422 -0.0205326080322266 0.0807647705078125 -0.00638580322265625
0.00531196594238281 -0.0326423645019531 0.0693893432617188 -0.03985595703125
0.000329971313476565 -0.0310287475585938 0.0504302978515625 -0.0414237976074219
0.00376701354980469 -0.0287914276123047 0.0337352752685547 -0.0237312316894531
0.0121879577636719 -0.0374984741210938 0.0165834426879883 -0.000457763671875002
0.0332260131835938 -0.0256137847900391 -0.00732994079589843 0.00907707214355469
0.0442695617675781 0.00297927856445313 -0.037139892578125 -0.00909042358398437
0.0364761352539063 0.0294532775878906 -0.0363655090332031 -0.0460166931152344
0.0019989013671875 0.0529327392578125 0.00853729248046875 -0.088104248046875
-0.0326766967773438 0.0580635070800781 0.03680419921875 -0.0727081298828125
-0.057769775390625 0.0483818054199219 0.0109748840332031 -0.0381851196289063
-0.0515251159667969 0.0617561340332031 0.0501174926757813 0.0377044677734375
-0.00238800048828126 0.0704193115234375 0.0214385986328125 0.0623245239257813
0.0284500122070313 0.036773681640625 0.0421409606933594 0.0640869140625
0.036407470703125 0.0139961242675781 0.075531005859375 0.045135498046875
0.0349407196044922 -0.00645828247070313 0.0828781127929688 0.0093994140625
0.0291290283203125 -0.0292625427246094 0.0738449096679687 -0.0268478393554688
0.0202713012695312 -0.0353355407714844 0.0511054992675781 -0.028564453125
0.0196933746337891 -0.0297279357910156 0.0310630798339844 -0.0107097625732422
0.0273551940917969 -0.0370979309082031 0.0120811462402344 0.0130586624145508
0.0441093444824219 -0.0227699279785156 -0.0134353637695313 0.0225811004638672
0.0499610900878906 0.00654220581054687 -0.0460548400878906 0.00541305541992188
0.0408172607421875 0.0338401794433594 -0.0508804321289063 -0.0310783386230469
0.00535583496093749 0.0591583251953125 -0.0152130126953125 -0.0766448974609375
-0.0338630676269531 0.0650863647460938 0.00929260253906249 -0.0577621459960937
-0.062835693359375 0.0535545349121094 -0.0145816802978516 -0.0234432220458984
-0.0644073486328125 0.0511436462402344 0.0225868225097656 0.0584907531738281
-0.0277786254882813 0.071685791015625 -0.00359344482421875 0.0854034423828125
0.01055908203125 0.0560836791992188 0.0305099487304688 0.086456298828125
0.0349845886230469 0.0391960144042969 0.0686912536621094 0.0637359619140625
0.0455169677734375 0.0125045776367188 0.0758743286132813 0.02423095703125
0.0484199523925781 -0.0191116333007812 0.0689506530761719 -0.0112533569335938
0.0368728637695312 -0.0322761535644531 0.0436515808105469 -0.0130729675292969
0.0315418243408203 -0.0264339447021484 0.0230846405029297 0.00317955017089844
0.0373001098632813 -0.0314903259277344 0.00453567504882813 0.0269374847412109
0.0486335754394531 -0.0189971923828125 -0.0195503234863281 0.0354347229003906
0.0496406555175781 0.00806808471679688 -0.0508918762207031 0.0213470458984375
0.0412406921386719 0.0327301025390625 -0.0592155456542969 -0.0142707824707031
0.00912094116210937 0.0570220947265625 -0.0328178405761719 -0.05865478515625
-0.0291023254394531 0.0625381469726562 -0.0110893249511719 -0.0356025695800781
-0.06182861328125 0.0511054992675781 -0.038726806640625 -0.00412368774414061
-0.064727783203125 0.0318870544433594 -0.00885772705078126 0.070648193359375
-0.044921875 0.0571060180664063 -0.0340499877929688 0.0999679565429688
-0.00949478149414062 0.05999755859375 0.0114669799804687 0.10150146484375
0.0224456787109375 0.0535545349121094 0.0532760620117188 0.0753402709960938
0.0433311462402344 0.02838134765625 0.0612068176269531 0.0334358215332031
0.0565452575683594 -0.00368118286132813 0.055145263671875 0.0023651123046875
0.0477218627929687 -0.0226898193359375 0.0293731689453125 0.00143623352050781
0.0372352600097656 -0.0192375183105469 0.0103635787963867 0.0167322158813477
0.042755126953125 -0.022735595703125 -0.00445556640625 0.0388107299804688
0.0490989685058594 -0.011871337890625 -0.0262222290039062 0.0464401245117188
0.04541015625 0.0111961364746094 -0.0528831481933594 0.0329093933105469
0.0345134735107422 0.0314502716064453 -0.0600547790527344 -6.4849853515613E-05
0.00609588623046875 0.0492134094238281 -0.0401496887207031 -0.0384712219238281
-0.0271453857421875 0.050445556640625 -0.0239982604980469 -0.0124301910400391
-0.0563545227050781 0.0374870300292969 -0.0573768615722656 0.0131797790527344
-0.0491065979003906 0.00923919677734375 -0.03515625 0.0753402709960937
-0.0455436706542969 0.0316543579101562 -0.060302734375 0.102943420410156
-0.0231666564941406 0.0455741882324219 -0.0087127685546875 0.105911254882813
0.00477600097656249 0.0512771606445313 0.034576416015625 0.078369140625
0.0300102233886719 0.0359649658203125 0.0436019897460938 0.0357742309570313
0.0502433776855469 0.01092529296875 0.0364913940429688 0.010986328125
0.0473556518554687 -0.00925064086914062 0.0120611190795898 0.0133504867553711
0.0383987426757813 -0.00971603393554688 -0.00305366516113281 0.0280342102050781
0.042938232421875 -0.0124092102050781 -0.0147895812988281 0.0474472045898438
0.0456695556640625 -0.001373291015625 -0.0331268310546875 0.0518264770507813
0.0387420654296875 0.017333984375 -0.0535697937011719 0.0382881164550781
0.0239238739013672 0.0335884094238281 -0.0585098266601563 0.00701522827148438
-0.00475692749023437 0.0409469604492188 -0.0407676696777344 -0.0237693786621094
-0.0307197570800781 0.0320034027099609 -0.0307025909423828 0.00364494323730468
-0.0500717163085937 0.0152969360351563 -0.07183837890625 0.024871826171875
-0.0224514007568359 -0.0124588012695312 -0.0497207641601563 0.0714187622070313
-0.0297031402587891 0.00271415710449219 -0.0752334594726562 0.0968017578125
-0.0231266021728516 0.0187225341796875 -0.0221176147460938 0.102005004882813
-0.0111274719238281 0.0321636199951172 0.0208816528320313 0.0726699829101563
0.00898551940917969 0.030792236328125 0.0293560028076172 0.0315074920654297
0.0319957733154297 0.02099609375 0.0181045532226563 0.0128669738769531
0.0379676818847656 0.00581741333007812 -0.00473213195800781 0.0188121795654297
0.0329456329345703 0.00148200988769531 -0.0171718597412109 0.0350685119628906
0.0375404357910156 -0.000438690185546875 -0.0261573791503906 0.0522308349609375
0.0390625 0.00946807861328125 -0.0422592163085938 0.0534706115722656
0.0297298431396484 0.0238494873046875 -0.0571823120117187 0.0372047424316406
0.0120506286621094 0.0360336303710938 -0.0577926635742188 0.00766372680664064
-0.0188922882080078 0.0332317352294922 -0.0410537719726563 -0.0177230834960937
-0.0362930297851563 0.0112457275390625 -0.0357284545898438 0.00999069213867188
-0.041839599609375 -0.0114631652832031 -0.0821533203125 0.0271148681640625
0.00773811340332031 -0.0306053161621094 -0.0487060546875 0.0643730163574219
-0.00532913208007812 -0.0218753814697266 -0.0738677978515625 0.0884017944335937
-0.0134458541870117 -0.0104198455810547 -0.0233993530273437 0.0957107543945313
-0.0197868347167969 0.00412940979003906 0.0174102783203125 0.0648384094238281
-0.0110073089599609 0.0171298980712891 0.0238990783691406 0.0230369567871094
0.007781982421875 0.0258121490478516 0.00568914413452149 0.00810527801513672
0.0220947265625 0.0198707580566406 -0.0171642303466797 0.0175991058349609
0.0220470428466797 0.0134773254394531 -0.0288848876953125 0.0368919372558594
0.0269279479980469 0.0112895965576172 -0.0377731323242187 0.0533866882324219
0.0278606414794922 0.0186862945556641 -0.0529556274414063 0.0510482788085937
0.0179309844970703 0.0283489227294922 -0.0641670227050781 0.0329818725585938
-0.000213623046874998 0.0354156494140625 -0.0595550537109375 0.00276565551757813
-0.0310535430908203 0.0225467681884766 -0.0428009033203125 -0.0191459655761719
-0.038421630859375 -0.0109062194824219 -0.0412712097167969 0.00555038452148438
-0.0295143127441406 -0.0374717712402344 -0.0876541137695313 0.0188674926757813
-0.00215911865234375 0.0597648620605469 0.086212158203125 -0.011474609375
0.0496788024902344 0.033935546875 0.04913330078125 0.0140380859375
0.0414505004882813 -0.0185585021972656 0.0479507446289063 0.0221214294433594
0.0138225555419922 -0.0343151092529297 0.0733718872070313 0.0060577392578125
-0.00561904907226563 -0.0319042205810547 0.076568603515625 -0.0256195068359375
-0.0254955291748047 -0.0298519134521484 0.0594024658203125 -0.05548095703125
-0.0258388519287109 -0.0221805572509766 0.0441246032714844 -0.0568199157714844
-0.0197544097900391 -0.0229473114013672 0.0330810546875 -0.0374679565429688
-0.0148353576660156 -0.0360488891601563 0.0217342376708984 -0.0135993957519531
0.0117835998535156 -0.0354499816894531 0.000584125518798829 -0.00145745277404785
0.0353240966796875 -0.0151939392089844 -0.0293712615966797 -0.0161380767822266
0.0362472534179688 0.0102958679199219 -0.0280418395996094 -0.0540351867675781
0.01434326171875 0.0419158935546875 0.02301025390625 -0.0999374389648438
-0.0138130187988281 0.05645751953125 0.0600357055664063 -0.09234619140625
-0.0400924682617187 0.0510482788085938 0.0369529724121094 -0.054901123046875
-0.0263137817382813 0.0708465576171875 0.0807952880859375 0.0131683349609375
0.0311813354492188 0.0575408935546875 0.046722412109375 0.0368118286132813
0.0416450500488281 0.00698471069335937 0.0527534484863281 0.0403099060058594
0.0286540985107422 -0.0152034759521484 0.08074951171875 0.0223236083984375
0.0143299102783203 -0.0248889923095703 0.0857925415039062 -0.0125885009765625
-0.0013580322265625 -0.0353775024414063 0.0724411010742188 -0.0472183227539063
-0.00462722778320312 -0.0322322845458984 0.0540695190429687 -0.04888916015625
-0.000654220581054688 -0.0302009582519531 0.0385704040527344 -0.0289573669433594
0.00650787353515625 -0.0415191650390625 0.0235080718994141 -0.0015716552734375
0.0312957763671875 -0.0325527191162109 -0.00121879577636719 0.0122566223144531
0.0483741760253906 -0.00383758544921875 -0.03741455078125 -0.00185394287109375
0.0437889099121094 0.0272941589355469 -0.0423774719238281 -0.0408439636230469
0.00893402099609375 0.0590248107910156 -0.000389099121093752 -0.0924911499023438
-0.0299644470214844 0.0699882507324219 0.0345382690429688 -0.0800628662109375
-0.059112548828125 0.062408447265625 0.0131988525390625 -0.0392990112304687
-0.0511703491210938 0.070648193359375 0.0638885498046875 0.0407752990722656
0.0036468505859375 0.0746078491210938 0.03369140625 0.0654029846191406
0.0323772430419922 0.0350379943847656 0.0511054992675781 0.0631866455078125
0.0379142761230469 0.0114059448242188 0.0841522216796875 0.042327880859375
0.0348072052001953 -0.00978469848632813 0.0904617309570313 0.00351715087890625
0.0263729095458984 -0.0329799652099609 0.0792465209960938 -0.034271240234375
0.0180435180664063 -0.0381851196289063 0.0563278198242188 -0.0354423522949219
0.0180778503417969 -0.0325660705566406 0.0373344421386719 -0.015869140625
0.024566650390625 -0.0411376953125 0.0200328826904297 0.0125541687011719
0.0444488525390625 -0.0286178588867188 -0.00556564331054688 0.0272197723388672
0.0549278259277344 0.00232315063476563 -0.0437049865722656 0.0144767761230469
0.0480117797851563 0.0331649780273438 -0.0549964904785156 -0.0232810974121094
0.0107078552246094 0.0652236938476563 -0.0246353149414063 -0.0767440795898437
-0.033355712890625 0.0761642456054688 0.00680923461914062 -0.0604743957519531
-0.0668525695800781 0.0658073425292969 -0.0136070251464844 -0.0194797515869141
-0.0691947937011719 0.058319091796875 0.0345191955566406 0.0658035278320313
-0.0273208618164063 0.07733154296875 0.00875091552734374 0.0928192138671875
0.0126800537109375 0.0587615966796875 0.0412521362304687 0.0885848999023438
0.0383148193359375 0.0403213500976563 0.0788116455078125 0.0622177124023438
0.0485610961914063 0.0115394592285156 0.0844879150390625 0.0197525024414063
0.050018310546875 -0.0231475830078125 0.0754623413085938 -0.0178451538085938
0.0382118225097656 -0.0362396240234375 0.0490798950195313 -0.0184249877929688
0.0333938598632813 -0.0295047760009766 0.0296840667724609 -0.000381469726562502
0.0392036437988281 -0.0359077453613281 0.0137271881103516 0.0267906188964844
0.0518608093261719 -0.0235404968261719 -0.0108375549316406 0.0403366088867188
0.0546379089355469 0.00592041015625 -0.0470619201660156 0.0301284790039062
0.0470085144042969 0.0339546203613281 -0.0610580444335938 -0.00487518310546875
0.012725830078125 0.0623664855957031 -0.040374755859375 -0.0554046630859375
-0.0307846069335938 0.0713424682617188 -0.0132350921630859 -0.0336322784423828
-0.0669403076171875 0.0606880187988281 -0.0384521484375 0.00308227539062501
-0.0716552734375 0.035491943359375 0.000625610351562495 0.082366943359375
-0.0497970581054688 0.0623588562011719 -0.0235061645507813 0.111404418945313
-0.0103340148925781 0.0654487609863281 0.022796630859375 0.106590270996094
0.0257110595703125 0.0596122741699219 0.0631027221679688 0.0763626098632813
0.0488739013671875 0.0302925109863281 0.0698013305664063 0.0302162170410156
0.0620841979980469 -0.00685501098632813 0.0619316101074219 -0.002777099609375
0.0515937805175781 -0.0271682739257813 0.034423828125 -0.00197792053222656
0.0425033569335938 -0.0226936340332031 0.0168600082397461 0.0154142379760742
0.0472640991210938 -0.0267753601074219 0.00313949584960938 0.0393867492675781
0.0543022155761719 -0.014190673828125 -0.01739501953125 0.0510978698730469
0.0504341125488281 0.011444091796875 -0.0478782653808594 0.0413093566894531
0.0395965576171875 0.0351028442382813 -0.0606117248535156 0.00871276855468749
0.0068817138671875 0.05548095703125 -0.0448455810546875 -0.0332908630371094
-0.0306777954101562 0.0576019287109375 -0.0246486663818359 -0.00824356079101563
-0.0638275146484375 0.0442085266113281 -0.0589141845703125 0.0229682922363281
-0.0581703186035156 0.00784301757812499 -0.0303955078125 0.0878448486328125
-0.0543937683105469 0.0337638854980469 -0.0535202026367187 0.117584228515625
-0.0273246765136719 0.050445556640625 0.00208282470703125 0.114112854003906
0.00549697875976562 0.0585174560546875 0.0439224243164063 0.0794830322265625
0.0340614318847656 0.0406036376953125 0.0499305725097656 0.0340728759765625
0.0583305358886719 0.0111236572265625 0.0411949157714844 0.00740432739257813
0.0547866821289062 -0.0128555297851562 0.0162544250488281 0.0114459991455078
0.0452041625976563 -0.0122718811035156 0.000774383544921878 0.0287380218505859
0.049468994140625 -0.0153236389160156 -0.0080413818359375 0.04931640625
0.0535736083984375 -0.00322723388671875 -0.0261993408203125 0.0564842224121094
0.0450515747070313 0.0193824768066406 -0.0501480102539062 0.0455589294433594
0.0286407470703125 0.0387611389160156 -0.0573692321777344 0.0146369934082031
-0.00638198852539063 0.0478134155273438 -0.0437507629394531 -0.0187034606933594
-0.0378265380859375 0.0374298095703125 -0.031219482421875 0.0103225708007813
-0.0601730346679687 0.0181922912597656 -0.0749282836914063 0.0347366333007813
-0.0296783447265625 -0.01885986328125 -0.0492324829101562 0.084442138671875
-0.0390548706054688 0.000251770019531253 -0.0718307495117188 0.112312316894531
-0.0304279327392578 0.0211238861083984 -0.012664794921875 0.111228942871094
-0.0135536193847656 0.0387840270996094 0.0289077758789063 0.07476806640625
0.011474609375 0.0379676818847656 0.0332145690917969 0.0291576385498047
0.0403823852539062 0.0240821838378906 0.02044677734375 0.0103054046630859
0.0468177795410156 0.00420379638671875 -0.00386810302734374 0.0193939208984375
0.0403556823730469 -8.7738037109375E-05 -0.0149765014648437 0.0380287170410156
0.0456161499023438 -0.00250244140625 -0.0221977233886719 0.0559959411621094
0.0477714538574219 0.00890731811523437 -0.0372467041015625 0.0584030151367187
0.0364913940429688 0.0272903442382813 -0.0550193786621094 0.0437431335449219
0.0172653198242187 0.0428314208984375 -0.0566177368164063 0.0141525268554688
-0.0223274230957031 0.0408897399902344 -0.0431938171386719 -0.0118179321289063
-0.045654296875 0.0144500732421875 -0.0379638671875 0.016632080078125
-0.0536651611328125 -0.0122909545898438 -0.0877761840820313 0.0363922119140625
0.00217056274414063 -0.0408287048339844 -0.05126953125 0.0735626220703125
-0.0129108428955078 -0.0295886993408203 -0.0730056762695313 0.102073669433594
-0.0214633941650391 -0.0121479034423828 -0.0150070190429688 0.103309631347656
-0.0260162353515625 0.00933265686035157 0.0239639282226562 0.0652732849121094
-0.0122585296630859 0.0251426696777344 0.0253868103027344 0.0199184417724609
0.0149326324462891 0.0314369201660156 0.00432157516479492 0.00613498687744141
0.0316791534423828 0.019561767578125 -0.0194931030273437 0.0198631286621094
0.02935791015625 0.0128269195556641 -0.02862548828125 0.041412353515625
0.035552978515625 0.0100784301757813 -0.0360908508300781 0.0583992004394531
0.0362930297851563 0.0196571350097656 -0.0515022277832031 0.0569076538085937
0.0247955322265625 0.0322666168212891 -0.0636215209960938 0.0384941101074219
0.00342559814453125 0.0432510375976563 -0.0613288879394531 0.00878906250000001
-0.0351600646972656 0.0301551818847656 -0.0459785461425781 -0.0137443542480469
-0.0490303039550781 -0.0088348388671875 -0.045806884765625 0.0125007629394531
-0.0416793823242187 -0.0411491394042969 -0.0967254638671875 0.027069091796875
0.00886535644531251 0.0625381469726563 0.0941619873046875 -0.019012451171875
0.0587196350097656 0.0273857116699219 0.055145263671875 0.00656509399414063
0.0408935546875 -0.0271492004394531 0.0496406555175781 0.0166358947753906
0.0091552734375 -0.0396881103515625 0.0738067626953125 0.00159454345703125
-0.0129013061523438 -0.0332794189453125 0.0764007568359375 -0.031219482421875
-0.0333576202392578 -0.0269889831542969 0.0580482482910156 -0.0603179931640625
-0.03179931640625 -0.0183086395263672 0.0439567565917969 -0.0621986389160156
-0.02587890625 -0.0202350616455078 0.0346412658691406 -0.0422630310058594
-0.0240993499755859 -0.0349922180175781 0.0256938934326172 -0.0162124633789063
0.00494766235351562 -0.0399742126464844 0.00628852844238281 -0.00020408630371094
0.0347385406494141 -0.0235137939453125 -0.0282344818115234 -0.0101203918457031
0.0415725708007813 0.00372695922851562 -0.0321502685546875 -0.0486335754394531
0.0239982604980469 0.0433464050292969 0.0128555297851562 -0.102058410644531
-0.00479125976562501 0.0654373168945313 0.0548858642578125 -0.100502014160156
-0.0333747863769531 0.0624122619628906 0.0387802124023438 -0.0596046447753906
-0.0189361572265625 0.0765304565429688 0.0926513671875 0.00761413574218751
0.0409812927246094 0.0543785095214844 0.0558509826660156 0.0304679870605469
0.0428848266601563 -2.6702880859375E-05 0.0567169189453125 0.0343208312988281
0.0256385803222656 -0.020538330078125 0.0836563110351563 0.0170059204101563
0.00953865051269531 -0.02679443359375 0.0879898071289063 -0.0177688598632813
-0.00834274291992188 -0.0343589782714844 0.0722808837890625 -0.0535430908203125
-0.0100746154785156 -0.0311450958251953 0.0553932189941406 -0.0561637878417969
-0.005523681640625 -0.02923583984375 0.0420951843261719 -0.0350189208984375
-0.000320434570312504 -0.0422935485839844 0.0302810668945313 -0.00497817993164063
0.0267219543457031 -0.0377235412597656 0.00746250152587891 0.0134677886962891
0.0494728088378906 -0.0106964111328125 -0.0334568023681641 0.00478172302246093
0.0498619079589844 0.0217781066894531 -0.044769287109375 -0.0331535339355469
0.0171432495117188 0.0617904663085937 -0.0095367431640625 -0.0908660888671875
-0.0229568481445313 0.0803298950195313 0.0303268432617188 -0.0849075317382813
-0.055084228515625 0.0747833251953125 0.0161857604980469 -0.0390472412109375
-0.0479354858398438 0.077178955078125 0.078155517578125 0.038818359375
0.0098114013671875 0.0751953125 0.0462265014648438 0.0617828369140625
0.0345897674560547 0.0323390960693359 0.0580291748046875 0.0582504272460937
0.0386085510253906 0.00857162475585937 0.088958740234375 0.0366744995117188
0.0329647064208984 -0.0118846893310547 0.0947265625 -0.00353240966796875
0.0224647521972656 -0.0347423553466797 0.0812149047851563 -0.04180908203125
0.0150794982910156 -0.0394554138183594 0.05877685546875 -0.0427284240722656
0.0158023834228516 -0.0333461761474609 0.0424308776855469 -0.0219230651855469
0.0216026306152344 -0.0429115295410156 0.0285549163818359 0.00853919982910156
0.0426712036132813 -0.0337066650390625 0.00417327880859375 0.0278396606445313
0.0570297241210938 -0.00247955322265625 -0.0372962951660156 0.0217628479003906
0.0538978576660156 0.0307350158691406 -0.0549659729003906 -0.0140876770019531
0.0174903869628906 0.0683708190917969 -0.0316619873046875 -0.0722885131835937
-0.0290145874023438 0.0859298706054688 0.00449371337890625 -0.0607795715332031
-0.0659866333007812 0.0779876708984375 -0.0100412368774414 -0.0155696868896484
-0.0699882507324219 0.0644035339355469 0.0491790771484375 0.0687828063964844
-0.02459716796875 0.081878662109375 0.0226821899414063 0.0938262939453125
0.0151290893554688 0.0594978332519531 0.051025390625 0.0849533081054688
0.0410919189453125 0.0405387878417969 0.0859603881835938 0.0572280883789063
0.0504989624023438 0.00955581665039063 0.0897064208984375 0.0131912231445313
0.0497512817382813 -0.0260658264160156 0.078765869140625 -0.0257034301757813
0.0377960205078125 -0.0403518676757813 0.0529594421386719 -0.0254707336425781
0.0336017608642578 -0.0329647064208984 0.0348014831542969 -0.00500297546386719
0.0383377075195313 -0.0392799377441406 0.0222377777099609 0.023040771484375
0.0528182983398437 -0.027374267578125 -0.000377655029296872 0.0407752990722656
0.0587692260742187 0.0032196044921875 -0.0394325256347656 0.0364646911621094
0.0525398254394531 0.0336456298828125 -0.058746337890625 0.00406646728515625
0.0167732238769531 0.0663261413574219 -0.0442962646484375 -0.049041748046875
-0.0295486450195312 0.07977294921875 -0.01324462890625 -0.0314998626708984
-0.0689010620117188 0.0710678100585938 -0.0343589782714844 0.0101585388183594
-0.0781478881835937 0.0405960083007813 0.0126113891601562 0.0887222290039063
-0.0525054931640625 0.0686569213867187 -0.00954437255859375 0.117721557617188
-0.0102310180664063 0.0698814392089844 0.0345458984375 0.105613708496094
0.0294418334960938 0.0624275207519531 0.0721282958984375 0.0724716186523438
0.0528717041015625 0.0313606262207031 0.0754928588867188 0.025115966796875
0.0660972595214844 -0.0103683471679687 0.0658607482910156 -0.00960159301757813
0.0542564392089844 -0.0328140258789063 0.0382804870605469 -0.00659942626953125
0.0457344055175781 -0.0263557434082031 0.0222873687744141 0.0117244720458984
0.050048828125 -0.0306510925292969 0.0115890502929688 0.0366020202636719
0.0593223571777344 -0.0182380676269531 -0.00737762451171875 0.0508079528808594
0.0561180114746094 0.0110588073730469 -0.03955078125 0.0461883544921875
0.0443038940429688 0.0374259948730469 -0.0559654235839844 0.0168571472167969
0.00846481323242188 0.0598258972167969 -0.04595947265625 -0.0271072387695312
-0.0335311889648437 0.0646705627441406 -0.0228900909423828 -0.00319099426269531
-0.0697898864746094 0.0529670715332031 -0.0557022094726563 0.0319976806640625
-0.0664520263671875 0.00854110717773438 -0.0215682983398438 0.0978164672851563
-0.0619049072265625 0.0376663208007812 -0.0421295166015625 0.127403259277344
-0.0299758911132813 0.0568580627441406 0.013153076171875 0.115188598632813
0.00768661499023438 0.0657196044921875 0.0518112182617188 0.0770416259765625
0.0408248901367188 0.043975830078125 0.0539627075195313 0.0293312072753906
0.0656394958496094 0.00863265991210938 0.0436820983886719 0.00271987915039063
0.0601119995117187 -0.0181884765625 0.0181179046630859 0.00938034057617187
0.0501289367675781 -0.0166854858398438 0.00522804260253907 0.0277328491210938
0.0551872253417969 -0.0201072692871094 -0.001739501953125 0.0484542846679688
0.0601806640625 -0.00709152221679687 -0.0178718566894531 0.0570411682128906
0.0518455505371094 0.0197334289550781 -0.0423393249511719 0.0495796203613281
0.0346450805664063 0.0434150695800781 -0.0528602600097656 0.0214385986328125
-0.00561904907226562 0.0552291870117188 -0.0432357788085938 -0.0128135681152344
-0.0434150695800781 0.0442619323730469 -0.0285453796386719 0.0160655975341797
-0.068695068359375 0.0238380432128906 -0.07366943359375 0.0450363159179687
-0.0399856567382812 -0.0229759216308594 -0.04412841796875 0.0945968627929688
-0.0495491027832031 0.000713348388671877 -0.0628585815429687 0.123237609863281
-0.0369529724121094 0.026214599609375 -0.00128936767578126 0.113235473632812
-0.0141983032226563 0.0470199584960938 0.0355758666992187 0.0721588134765625
0.0168571472167969 0.0439071655273438 0.0358200073242187 0.0252761840820313
0.049224853515625 0.0247993469238281 0.0206413269042969 0.00775146484375
0.0551109313964844 -0.0005950927734375 -0.00238990783691406 0.0196666717529297
0.0471229553222656 -0.00457000732421875 -0.0117073059082031 0.0394248962402344
0.0527610778808594 -0.00783157348632813 -0.0171127319335937 0.057037353515625
0.0564079284667969 0.00539398193359375 -0.0312004089355469 0.0595321655273437
0.044281005859375 0.0281867980957031 -0.0493621826171875 0.0478706359863281
0.0235023498535156 0.0480804443359375 -0.0537452697753906 0.0194435119628906
-0.0219039916992187 0.0490226745605469 -0.0416641235351563 -0.00662612915039063
-0.0541000366210938 0.0217552185058594 -0.0367927551269531 0.0237503051757812
-0.0645751953125 -0.00863265991210937 -0.0893325805664063 0.046234130859375
-0.006072998046875 -0.0484580993652344 -0.0498199462890625 0.082183837890625
-0.0242061614990234 -0.0333251953125 -0.0657958984375 0.112510681152344
-0.0299854278564453 -0.0101833343505859 -0.00464630126953125 0.105712890625
-0.0299167633056641 0.0172443389892578 0.029998779296875 0.0619468688964844
-0.00900077819824218 0.0326652526855469 0.0257225036621094 0.0154685974121094
0.0234699249267578 0.0336856842041016 0.00226497650146485 0.00519895553588867
0.0404472351074219 0.0169143676757813 -0.0210094451904297 0.0229778289794922
0.0373344421386719 0.008758544921875 -0.0274887084960938 0.0453605651855469
0.0430450439453125 0.00589370727539063 -0.0330276489257813 0.0616607666015625
0.0455284118652344 0.0165939331054688 -0.0469818115234375 0.0598526000976562
0.0327587127685547 0.0332450866699219 -0.0607757568359375 0.04302978515625
0.01043701171875 0.0483245849609375 -0.0592842102050781 0.0136680603027344
-0.035369873046875 0.0394935607910156 -0.0455360412597656 -0.00785064697265626
-0.0581169128417969 -0.00316619873046876 -0.04730224609375 0.0195388793945313
-0.0536651611328125 -0.0401229858398437 -0.101951599121094 0.0353622436523438
0.0184783935546875 0.0624427795410156 0.100013732910156 -0.0271377563476562
0.0652580261230469 0.0192451477050781 0.0582504272460938 -0.00158309936523437
0.0385780334472656 -0.0344924926757812 0.049285888671875 0.01251220703125
0.00338363647460938 -0.0431785583496094 0.0728759765625 -0.001220703125
-0.0190563201904297 -0.0328330993652344 0.0750503540039063 -0.0336456298828125
-0.0402183532714844 -0.0221138000488281 0.0567779541015625 -0.0622482299804688
-0.0358200073242188 -0.012786865234375 0.0428657531738281 -0.0658721923828125
-0.0299186706542969 -0.0161609649658203 0.0351219177246094 -0.0471382141113281
-0.0310859680175781 -0.0313587188720703 0.0290622711181641 -0.0203227996826172
-0.00244522094726563 -0.0421714782714844 0.0116481781005859 -0.00136661529541016
0.0313491821289063 -0.0305213928222656 -0.0242748260498047 -0.00591087341308594
0.0437355041503906 -0.0034637451171875 -0.0326766967773438 -0.0426826477050781
0.0320510864257813 0.04107666015625 0.00589752197265625 -0.0999679565429688
0.00591278076171875 0.0696372985839844 0.0499267578125 -0.105194091796875
-0.0245513916015625 0.070526123046875 0.0406494140625 -0.0624313354492188
-0.0113906860351563 0.0782546997070313 0.101058959960938 0.000381469726562505
0.0464820861816406 0.0498123168945312 0.0620536804199219 0.0226211547851563
0.0413093566894531 -0.005523681640625 0.0577354431152344 0.0290603637695313
0.0210800170898438 -0.0226039886474609 0.0845870971679688 0.01397705078125
0.00441932678222656 -0.0268821716308594 0.088592529296875 -0.0231781005859375
-0.0130462646484375 -0.0311393737792969 0.072052001953125 -0.0581512451171875
-0.0132732391357422 -0.0283679962158203 0.0558433532714844 -0.0619125366210937
-0.00870323181152344 -0.0270328521728516 0.0440673828125 -0.0409164428710938
-0.00584793090820312 -0.03997802734375 0.0354042053222656 -0.0108871459960938
0.0218925476074219 -0.0404739379882813 0.0149765014648438 0.0117645263671875
0.0481491088867188 -0.0167350769042969 -0.0267314910888672 0.00948333740234375
0.0527534484863281 0.01666259765625 -0.0426139831542969 -0.0258064270019531
0.0252342224121094 0.061981201171875 -0.0151290893554688 -0.0869674682617188
-0.0149688720703125 0.0866012573242187 0.02801513671875 -0.0868911743164063
-0.0486907958984375 0.0842132568359375 0.0209732055664062 -0.0400810241699219
-0.0440902709960938 0.081512451171875 0.0890579223632813 0.0337142944335938
0.0142288208007812 0.0742874145507813 0.0549850463867188 0.055389404296875
0.0345897674560547 0.0295486450195312 0.06182861328125 0.0530242919921875
0.0370140075683594 0.007171630859375 0.0922622680664063 0.0324020385742188
0.0309867858886719 -0.0127506256103516 0.0960845947265625 -0.0084991455078125
0.0190582275390625 -0.0341205596923828 0.0823287963867188 -0.0481796264648438
0.0123252868652344 -0.0391273498535156 0.0603446960449219 -0.0502128601074219
0.0144462585449219 -0.0338306427001953 0.0456619262695313 -0.0287284851074219
0.0181503295898437 -0.0440597534179688 0.0347805023193359 0.00268745422363281
0.0402679443359375 -0.0362625122070313 0.0131092071533203 0.0247936248779297
0.0577545166015625 -0.00656509399414063 -0.029632568359375 0.0248146057128906
0.0575981140136719 0.0273933410644531 -0.0509986877441406 -0.00682067871093751
0.0233840942382813 0.0702552795410156 -0.0350379943847656 -0.0664176940917969
-0.023712158203125 0.0922012329101563 0.004241943359375 -0.0601692199707031
-0.0617752075195313 0.0873641967773437 -0.00448131561279297 -0.0140466690063477
-0.0713348388671875 0.0699996948242187 0.0618247985839844 0.0670204162597656
-0.0236053466796875 0.0842132568359375 0.0342483520507813 0.0903549194335937
0.0152015686035156 0.0608139038085938 0.0569915771484375 0.0794525146484375
0.0428237915039063 0.0409317016601563 0.0900192260742187 0.0524978637695312
0.0511245727539063 0.0084075927734375 0.0931167602539063 0.00714874267578125
0.0495758056640625 -0.0282173156738281 0.080657958984375 -0.0318374633789063
0.0373344421386719 -0.0425643920898438 0.055633544921875 -0.0318031311035156
0.0342884063720703 -0.0349750518798828 0.038604736328125 -0.0116195678710938
0.03814697265625 -0.0416030883789062 0.0285472869873047 0.0169963836669922
0.0535354614257812 -0.0301666259765625 0.00841522216796875 0.0375633239746094
0.061798095703125 0.0013275146484375 -0.0299911499023437 0.0381317138671875
0.0562553405761719 0.0325355529785156 -0.0523033142089844 0.0104904174804688
0.0201644897460938 0.0689506530761719 -0.0446014404296875 -0.0429534912109375
-0.0278091430664062 0.0867919921875 -0.0106849670410156 -0.0290794372558594
-0.0690078735351563 0.080078125 -0.0281944274902344 0.0141525268554688
-0.0837783813476562 0.0444259643554688 0.0245208740234375 0.091461181640625
-0.0553665161132812 0.0739974975585938 0.00240325927734374 0.117706298828125
-0.010498046875 0.0743560791015625 0.0419235229492188 0.101737976074219
0.03302001953125 0.0660247802734375 0.0768661499023438 0.0679931640625
0.0576591491699219 0.0313301086425781 0.0780258178710938 0.0199050903320313
0.0687675476074219 -0.0134658813476563 0.0669288635253906 -0.0156097412109375
0.0557708740234375 -0.0373916625976562 0.0409469604492188 -0.0115966796875
0.0479736328125 -0.0310020446777344 0.0252838134765625 0.00655555725097656
0.0523262023925781 -0.0352439880371094 0.0172157287597656 0.0320453643798828
0.062713623046875 -0.0224761962890625 0.000766754150390625 0.0474624633789063
0.0610427856445313 0.0097503662109375 -0.0311813354492188 0.0465049743652344
0.0503616333007813 0.0386848449707031 -0.0500144958496094 0.0211639404296875
0.0108070373535156 0.0651473999023437 -0.0433425903320313 -0.0215721130371094
-0.0353240966796875 0.0718307495117188 -0.0190792083740234 0.000204086303710944
-0.0728683471679688 0.0601577758789063 -0.0495567321777344 0.0372352600097656
-0.075714111328125 0.01123046875 -0.0122146606445313 0.103286743164062
-0.0684356689453125 0.0434303283691406 -0.0309829711914063 0.130485534667969
-0.0331687927246094 0.0623588562011719 0.0216522216796875 0.112503051757813
0.0113601684570312 0.0718154907226563 0.056884765625 0.0732955932617188
0.0458106994628906 0.0462837219238281 0.0569381713867188 0.0255241394042969
0.0720596313476563 0.005462646484375 0.0449409484863281 -0.0015411376953125
0.0645713806152344 -0.0243263244628906 0.0201053619384766 0.00721359252929687
0.0542793273925781 -0.0218582153320312 0.00824356079101563 0.0241966247558594
0.0597496032714844 -0.0255813598632813 0.0033721923828125 0.0446929931640625
0.0658454895019531 -0.0113029479980469 -0.0113792419433594 0.0538444519042969
0.0579605102539063 0.0195198059082031 -0.035400390625 0.0488662719726562
0.0410690307617187 0.0456581115722656 -0.0472526550292969 0.0241966247558594
-0.00440979003906251 0.0609169006347656 -0.0399551391601563 -0.00832748413085936
-0.0476531982421875 0.0519142150878906 -0.0246028900146484 0.0199794769287109
-0.0758743286132813 0.0316009521484375 -0.0690689086914063 0.0508651733398438
-0.0504837036132813 -0.0235939025878906 -0.0383453369140625 0.101509094238281
-0.0596427917480469 0.0031280517578125 -0.0544204711914063 0.129508972167969
-0.0418701171875 0.0314865112304688 0.00707244873046875 0.111900329589844
-0.0136032104492188 0.0554962158203125 0.0399360656738281 0.0686378479003906
0.0227279663085937 0.0479927062988281 0.0361480712890625 0.0220985412597656
0.0576057434082031 0.0225791931152344 0.0204391479492188 0.00582504272460938
0.06072998046875 -0.00711441040039063 -0.00204849243164062 0.020050048828125
0.0524368286132813 -0.0101165771484375 -0.00936126708984375 0.0389823913574219
0.0587234497070313 -0.0136489868164062 -0.0134086608886719 0.0558891296386719
0.0632591247558594 0.000591278076171875 -0.0264129638671875 0.0584602355957031
0.0518417358398438 0.0283088684082031 -0.0441131591796875 0.0477981567382813
0.0306358337402344 0.0517387390136719 -0.0496635437011719 0.0217971801757813
-0.0207481384277344 0.0568008422851563 -0.03839111328125 -0.00333786010742187
-0.0597457885742187 0.0297012329101563 -0.0330829620361328 0.028656005859375
-0.0736083984375 -0.002166748046875 -0.088287353515625 0.0537338256835937
-0.0172538757324219 -0.0526504516601563 -0.0481338500976563 0.0890350341796875
-0.0351982116699219 -0.03411865234375 -0.0600509643554687 0.118423461914063
-0.0375099182128906 -0.00662231445312501 0.0026397705078125 0.10394287109375
-0.0311470031738281 0.0245132446289062 0.0317764282226563 0.0572242736816406
-0.00479888916015625 0.0384292602539063 0.0230770111083984 0.0123176574707031
0.0328216552734375 0.034088134765625 -7.20024108886704E-05 0.0051121711730957
0.0466957092285156 0.0115165710449219 -0.0220947265625 0.0259761810302734
0.0424652099609375 0.00351333618164063 -0.0265884399414062 0.0480804443359375
0.0490036010742188 0.000659942626953125 -0.030731201171875 0.0633811950683594
0.0528564453125 0.011627197265625 -0.0441055297851563 0.0608634948730469
0.0402145385742188 0.03289794921875 -0.0569992065429687 0.0444755554199219
0.017608642578125 0.0520172119140625 -0.05633544921875 0.0160255432128906
-0.0336112976074219 0.0471229553222656 -0.0432357788085938 -0.00450134277343751
-0.0647201538085938 0.00471496582031249 -0.0459861755371094 0.0265579223632813
-0.0641021728515625 -0.0363426208496094 -0.104766845703125 0.0428390502929688
0.0257110595703125 0.060638427734375 0.104713439941406 -0.0348587036132812
0.0684356689453125 0.0117340087890625 0.0587043762207031 -0.00806808471679688
0.0358734130859375 -0.0397148132324219 0.0473403930664063 0.00990676879882812
-0.00217819213867187 -0.0445709228515625 0.0724945068359375 -0.00156402587890625
-0.0236301422119141 -0.0313682556152344 0.0754547119140625 -0.03460693359375
-0.0439300537109375 -0.0167198181152344 0.0574417114257812 -0.0635185241699219
-0.038482666015625 -0.00799942016601563 0.043609619140625 -0.0700531005859375
-0.0330181121826172 -0.0116043090820312 0.0358543395996094 -0.0517692565917969
-0.0365715026855469 -0.0266952514648438 0.0315589904785156 -0.0254859924316406
-0.00939178466796875 -0.0417861938476563 0.0169601440429688 -0.0045166015625
0.0278511047363281 -0.0353355407714844 -0.019012451171875 -0.00383377075195313
0.04376220703125 -0.00902175903320313 -0.030029296875 -0.0384788513183594
0.0392951965332031 0.0395774841308594 0.00257110595703125 -0.0974960327148437
0.01605224609375 0.0718307495117188 0.0477828979492188 -0.109413146972656
-0.016021728515625 0.0756072998046875 0.044647216796875 -0.0671653747558594
-0.0067291259765625 0.0796356201171875 0.109779357910156 -0.00597381591796874
0.049560546875 0.0452156066894531 0.0659904479980469 0.01531982421875
0.039703369140625 -0.00885772705078125 0.0567169189453125 0.0258560180664063
0.0177974700927734 -0.0239830017089844 0.0846481323242187 0.01251220703125
0.00109481811523437 -0.0258159637451172 0.0900955200195312 -0.02557373046875
-0.0168437957763672 -0.0279674530029297 0.0741958618164063 -0.0611648559570312
-0.0151538848876953 -0.0251293182373047 0.0572395324707031 -0.0671958923339844
-0.009918212890625 -0.0244598388671875 0.0460052490234375 -0.0479240417480469
-0.00952911376953124 -0.0379562377929687 0.0397300720214844 -0.0171012878417969
0.0183982849121094 -0.0414581298828125 0.0217018127441406 0.0074615478515625
0.047454833984375 -0.0209426879882813 -0.0189533233642578 0.0107784271240234
0.05487060546875 0.0129852294921875 -0.0386619567871094 -0.0215682983398438
0.0310935974121094 0.0621070861816406 -0.017120361328125 -0.0828628540039063
-0.0077972412109375 0.091094970703125 0.0273056030273437 -0.0897140502929688
-0.0432510375976563 0.0910491943359375 0.0256385803222656 -0.0422325134277344
-0.0430068969726563 0.0844039916992188 0.0990219116210938 0.0288314819335938
0.0166244506835938 0.0736846923828125 0.0606727600097656 0.0491867065429688
0.0339488983154297 0.0283012390136719 0.0623207092285156 0.0488204956054687
0.0365943908691406 0.00686264038085938 0.0932464599609375 0.029937744140625
0.0288429260253906 -0.0121421813964844 0.0984115600585938 -0.0112838745117188
0.0172863006591797 -0.0331649780273438 0.08331298828125 -0.0524215698242188
0.0120010375976562 -0.0384559631347656 0.0617561340332031 -0.0559043884277344
0.0143165588378906 -0.0328559875488281 0.0476951599121094 -0.0361747741699219
0.0171966552734375 -0.0433807373046875 0.0398330688476563 -0.00420761108398438
0.0394821166992188 -0.0378036499023438 0.02069091796875 0.0201072692871094
0.0594215393066406 -0.00959396362304688 -0.02093505859375 0.0252914428710938
0.0604972839355469 0.0248069763183594 -0.0450439453125 -0.00220108032226562
0.0276718139648437 0.0721054077148438 -0.0345954895019531 -0.0615692138671875
-0.0192718505859375 0.0981826782226563 0.00506973266601562 -0.0610694885253906
-0.0596160888671875 0.0955581665039063 0.00190353393554687 -0.0135421752929687
-0.0739822387695313 0.0753250122070312 0.0721817016601563 0.0648727416992188
-0.0233383178710937 0.0880661010742188 0.0414962768554688 0.0857772827148438
0.0145797729492188 0.0626335144042969 0.0595703125 0.07562255859375
0.0440673828125 0.0426406860351563 0.0917587280273437 0.0505828857421875
0.052947998046875 0.00879669189453125 0.0952301025390625 0.00321197509765625
0.0504913330078125 -0.0293617248535156 0.0821762084960938 -0.0378799438476563
0.0376091003417969 -0.0448265075683594 0.057281494140625 -0.0377388000488281
0.0357322692871094 -0.0370521545410156 0.0406875610351563 -0.0182723999023438
0.039642333984375 -0.0441436767578125 0.0329113006591797 0.0105381011962891
0.0555572509765625 -0.0328330993652344 0.0157527923583984 0.0322399139404297
0.0643768310546875 4.1961669921875E-05 -0.0222396850585938 0.0378494262695312
0.0608749389648438 0.0330924987792969 -0.0455551147460937 0.0137062072753906
0.0235824584960937 0.0722732543945313 -0.0422935485839844 -0.0390434265136719
-0.02734375 0.0939559936523438 -0.00851821899414063 -0.0287189483642578
-0.069610595703125 0.0872039794921875 -0.0218544006347656 0.0160789489746094
-0.0893478393554688 0.0510330200195312 0.0342864990234375 0.0918197631835938
-0.0589599609375 0.0796051025390625 0.0106201171875 0.116683959960937
-0.0111770629882813 0.0786972045898438 0.0457382202148437 0.0978164672851563
0.0356216430664062 0.0707626342773438 0.0795822143554687 0.0660018920898438
0.061798095703125 0.0320701599121094 0.080322265625 0.016754150390625
0.073089599609375 -0.0163803100585938 0.0688018798828125 -0.0198860168457031
0.05804443359375 -0.0414505004882813 0.0426750183105469 -0.0159835815429688
0.0517616271972656 -0.0341911315917969 0.0277175903320313 0.00138664245605469
0.0556716918945313 -0.03997802734375 0.0208148956298828 0.0265941619873047
0.0664863586425781 -0.0252227783203125 0.00629043579101563 0.0424995422363281
0.0662345886230469 0.00897979736328125 -0.0256576538085937 0.0442581176757813
0.0553665161132813 0.0400466918945313 -0.0430679321289062 0.0219459533691406
0.0122032165527344 0.0696792602539062 -0.0406761169433594 -0.0186386108398437
-0.0373001098632812 0.0792312622070313 -0.0147218704223633 0.00187397003173828
-0.0766372680664063 0.0675506591796875 -0.0443344116210938 0.0405807495117188
-0.085205078125 0.0148086547851562 -0.00493621826171876 0.106498718261719
-0.074859619140625 0.0502395629882812 -0.0233917236328125 0.132835388183594
-0.035797119140625 0.068817138671875 0.02703857421875 0.111000061035156
0.014129638671875 0.0783538818359375 0.05938720703125 0.0722579956054688
0.0523681640625 0.0492515563964844 0.0576324462890625 0.0226478576660156
0.0778656005859375 0.002349853515625 0.0461196899414063 -0.00490951538085938
0.0682334899902344 -0.0294914245605469 0.0215072631835938 0.00523948669433594
0.058380126953125 -0.027008056640625 0.0100173950195313 0.0215015411376953
0.0632362365722656 -0.0310745239257813 0.00467681884765625 0.041778564453125
0.0715179443359375 -0.0156707763671875 -0.00762939453125 0.0504722595214844
0.0646820068359375 0.0188331604003906 -0.0312423706054688 0.0468063354492187
0.0472488403320313 0.0483360290527344 -0.0423774719238281 0.0246353149414063
-0.0026702880859375 0.0682411193847656 -0.0363616943359375 -0.00709152221679688
-0.0519294738769531 0.0608711242675781 -0.0201625823974609 0.0223522186279297
-0.082489013671875 0.03826904296875 -0.0662117004394531 0.0558967590332031
-0.0609130859375 -0.0223350524902344 -0.0338897705078125 0.108131408691406
-0.0689353942871094 0.00914001464843751 -0.0484771728515625 0.132720947265625
-0.0473556518554688 0.0379371643066406 0.0116500854492187 0.109825134277344
-0.0116119384765625 0.0635528564453125 0.0408782958984375 0.0669670104980469
0.0284385681152344 0.0523910522460938 0.0343132019042969 0.020416259765625
0.0652999877929688 0.0201606750488281 0.0196304321289063 0.00465583801269531
0.065765380859375 -0.0130157470703125 -0.00154113769531249 0.0196342468261719
0.0563545227050781 -0.0157623291015625 -0.00794219970703124 0.0390205383300781
0.0630760192871094 -0.0194625854492188 -0.0124931335449219 0.0545005798339844
0.0690383911132812 -0.00450515747070312 -0.0241050720214844 0.0566024780273438
0.0584487915039062 0.0262031555175781 -0.0417709350585937 0.0466537475585938
0.03717041015625 0.0547447204589844 -0.0460433959960937 0.0213088989257813
-0.0193138122558594 0.0634346008300781 -0.0352363586425781 -0.00235748291015625
-0.0641555786132813 0.0384292602539062 -0.0294456481933594 0.0323848724365234
-0.0818328857421875 0.00382995605468749 -0.08734130859375 0.059173583984375
-0.0265655517578125 -0.0546607971191406 -0.0473709106445313 0.0940017700195313
-0.0446281433105469 -0.03167724609375 -0.0559539794921875 0.123039245605469
-0.0442428588867187 -0.00196838378906249 0.00773620605468751 0.10174560546875
-0.0320091247558594 0.0320205688476563 0.0320243835449219 0.0546646118164062
0.000812530517578127 0.0435981750488281 0.0199756622314453 0.0120315551757813
0.0406608581542969 0.032073974609375 -0.00254011154174804 0.00614404678344727
0.0519866943359375 0.00589370727539062 -0.0226898193359375 0.0285930633544922
0.0462989807128906 -0.0005950927734375 -0.0261497497558594 0.0510292053222656
0.0537185668945313 -0.0055999755859375 -0.0307540893554687 0.0655708312988281
0.0582618713378906 0.00643157958984375 -0.0436210632324219 0.0608024597167969
0.0470809936523438 0.03179931640625 -0.0564231872558594 0.0444412231445312
0.0243415832519531 0.0542030334472656 -0.0541267395019531 0.0159492492675781
-0.03228759765625 0.0541572570800781 -0.0399322509765625 -0.00272750854492187
-0.0699234008789062 0.0130996704101562 -0.0443229675292969 0.0327224731445312
-0.0737457275390625 -0.031341552734375 -0.10693359375 0.0494003295898437
0.0326271057128906 0.0590705871582031 0.110237121582031 -0.0427169799804688
0.0734100341796875 0.0051116943359375 0.060577392578125 -0.0152626037597656
0.0330429077148438 -0.0442771911621094 0.0467796325683594 0.00882339477539062
-0.00642395019531249 -0.0471458435058594 0.073638916015625 -0.0010528564453125
-0.0287628173828125 -0.0297050476074219 0.0785980224609375 -0.0355606079101563
-0.0489730834960938 -0.0109481811523437 0.0605850219726563 -0.0661048889160156
-0.0402870178222656 -0.00266265869140624 0.044921875 -0.0747604370117188
-0.0348339080810547 -0.00774574279785157 0.0378532409667969 -0.0568771362304688
-0.0415115356445312 -0.021697998046875 0.0350990295410156 -0.0310573577880859
-0.0150299072265625 -0.0412712097167969 0.0220489501953125 -0.00830650329589844
0.0234336853027344 -0.0396194458007813 -0.0141706466674805 -0.00417613983154297
0.0448951721191406 -0.0147438049316406 -0.0278892517089844 -0.03619384765625
0.04608154296875 0.0364265441894531 0.00107574462890624 -0.097259521484375
0.026031494140625 0.0741653442382812 0.0475387573242188 -0.114089965820313
-0.00807952880859375 0.0803298950195313 0.0486068725585938 -0.0735015869140625
-0.00214385986328126 0.0808334350585938 0.117416381835938 -0.0137786865234375
0.0531578063964844 0.0416336059570313 0.0686492919921875 0.00893783569335938
0.0376129150390625 -0.0117950439453125 0.0570755004882813 0.0244102478027344
0.0155448913574219 -0.0242176055908203 0.0876235961914063 0.0115890502929687
-0.00178909301757812 -0.0250301361083984 0.0936126708984375 -0.0281600952148437
-0.0191631317138672 -0.0242500305175781 0.0762481689453125 -0.0666122436523438
-0.0159454345703125 -0.0227279663085937 0.0590744018554688 -0.0744476318359375
-0.0108242034912109 -0.0221786499023437 0.047027587890625 -0.0548095703125
-0.0123519897460938 -0.0355224609375 0.042755126953125 -0.023895263671875
0.0145416259765625 -0.042877197265625 0.0276889801025391 0.00227546691894531
0.0459403991699219 -0.0247726440429688 -0.0129728317260742 0.010406494140625
0.0565872192382813 0.0083770751953125 -0.0345134735107422 -0.0194149017333984
0.0368194580078125 0.0625877380371094 -0.0181045532226562 -0.0814361572265625
0.000122070312499999 0.0969390869140625 0.0278854370117187 -0.0923690795898438
-0.0377349853515625 0.09857177734375 0.0308876037597656 -0.0467758178710937
-0.0418014526367187 0.08966064453125 0.109878540039063 0.0237884521484375
0.0183334350585938 0.0744094848632813 0.0661697387695313 0.0433883666992188
0.032318115234375 0.02862548828125 0.0636138916015625 0.046417236328125
0.0361061096191406 0.00804519653320313 0.0967254638671875 0.0291290283203125
0.0299663543701172 -0.0110759735107422 0.102569580078125 -0.0141677856445312
0.0170650482177734 -0.0319118499755859 0.087066650390625 -0.0586395263671875
0.0114631652832031 -0.0380630493164063 0.0644493103027344 -0.0642509460449219
0.0151805877685547 -0.0334796905517578 0.0495834350585938 -0.0435562133789063
0.0175628662109375 -0.0442962646484375 0.0438041687011719 -0.0116424560546875
0.0396232604980469 -0.0400657653808594 0.026824951171875 0.0146141052246094
0.0610885620117188 -0.0123023986816406 -0.0148220062255859 0.0248184204101563
0.0644683837890625 0.0241661071777344 -0.0397224426269531 -0.000373840332031253
0.0322799682617188 0.0745315551757813 -0.033599853515625 -0.0600547790527344
-0.01507568359375 0.105690002441406 0.00801467895507812 -0.0632705688476563
-0.0572433471679688 0.104301452636719 0.00824832916259765 -0.0154085159301758
-0.076995849609375 0.0818939208984375 0.0827407836914063 0.0622177124023438
-0.0244827270507813 0.0937957763671875 0.048431396484375 0.0821380615234375
0.0151290893554687 0.066497802734375 0.0614471435546875 0.0740890502929688
0.0461692810058594 0.04595947265625 0.0968475341796875 0.049346923828125
0.0561981201171875 0.00931167602539063 0.0998382568359375 0.00135040283203125
0.0517158508300781 -0.0301933288574219 0.0852203369140625 -0.044158935546875
0.0401878356933594 -0.0479393005371094 0.060089111328125 -0.0451087951660156
0.0381698608398437 -0.0396804809570312 0.0424118041992188 -0.0249900817871094
0.0421867370605469 -0.0475540161132813 0.0363616943359375 0.00385665893554687
0.0583572387695313 -0.0366249084472656 0.0211753845214844 0.0268363952636719
0.0694389343261719 -0.00164794921875 -0.0170669555664063 0.035736083984375
0.0659141540527344 0.0340538024902344 -0.0405044555664063 0.0136947631835937
0.0268173217773437 0.0772476196289063 -0.0401611328125 -0.0374794006347656
-0.02593994140625 0.102317810058594 -0.00471878051757813 -0.0292606353759766
-0.070404052734375 0.09765625 -0.0157318115234375 0.0161037445068359
-0.0972671508789062 0.0569305419921875 0.0439376831054687 0.0942535400390625
-0.0625534057617187 0.0878219604492188 0.016754150390625 0.1156005859375
-0.0133438110351563 0.0863037109375 0.0488815307617188 0.0975799560546875
0.0402450561523438 0.0762252807617188 0.08209228515625 0.0656585693359375
0.0673751831054688 0.0340156555175781 0.08392333984375 0.01385498046875
0.07757568359375 -0.0189971923828125 0.0705642700195313 -0.02520751953125
0.0618896484375 -0.0472640991210938 0.0449066162109375 -0.0206146240234375
0.0546722412109375 -0.038360595703125 0.0287017822265625 -0.00276565551757813
0.0587882995605469 -0.0450859069824219 0.022857666015625 0.0221061706542969
0.0711746215820312 -0.0304489135742187 0.0100326538085938 0.0380821228027344
0.0728607177734375 0.0071258544921875 -0.0207138061523437 0.0421295166015625
0.0629959106445313 0.0423507690429688 -0.0388679504394531 0.0219192504882813
0.0151824951171875 0.0767745971679688 -0.0373764038085938 -0.0193710327148437
-0.0382614135742187 0.0893630981445313 -0.0102682113647461 0.00104999542236328
-0.0810012817382813 0.077484130859375 -0.0402793884277344 0.0427131652832031
-0.0952606201171875 0.0208053588867188 0.00284576416015625 0.111717224121094
-0.082183837890625 0.058074951171875 -0.017822265625 0.136138916015625
-0.0390472412109375 0.0784530639648438 0.0297470092773437 0.110084533691406
0.0180816650390625 0.0865249633789063 0.0611343383789063 0.07177734375
0.058929443359375 0.0519180297851562 0.0597381591796875 0.0216102600097656
0.0855331420898438 -0.00141143798828125 0.0465240478515625 -0.00765609741210938
0.0724258422851563 -0.03607177734375 0.0236263275146484 0.00212860107421875
0.0627326965332031 -0.0329933166503906 0.0109729766845703 0.0193729400634766
0.0688552856445312 -0.0380401611328125 0.00584030151367188 0.0386810302734375
0.0771636962890625 -0.0211257934570312 -0.00599288940429687 0.0472526550292969
0.072540283203125 0.016876220703125 -0.0289421081542969 0.0447158813476563
0.05609130859375 0.0509414672851563 -0.0393142700195313 0.0233726501464844
-0.0002899169921875 0.0756683349609375 -0.0334148406982422 -0.0069293975830078
-0.0555419921875 0.0706253051757812 -0.0161037445068359 0.0234317779541016
-0.0883865356445313 0.0472869873046875 -0.0636787414550781 0.0599327087402344
-0.072723388671875 -0.0191192626953125 -0.03228759765625 0.114669799804687
-0.0784912109375 0.0148468017578125 -0.044586181640625 0.138290405273438
-0.0522079467773437 0.0451011657714844 0.0140609741210938 0.109779357910156
-0.00910186767578125 0.0714492797851562 0.0412063598632812 0.0666007995605469
0.0349998474121094 0.0569725036621094 0.0346221923828125 0.0206298828125
0.0737228393554688 0.0161666870117188 0.0184478759765625 0.00303268432617188
0.0707015991210937 -0.01995849609375 -0.00187492370605468 0.021087646484375
0.0607032775878906 -0.0209770202636719 -0.008331298828125 0.0400009155273438
0.0677986145019531 -0.0264320373535156 -0.0116119384765625 0.0554428100585938
0.076141357421875 -0.0100784301757813 -0.0244483947753906 0.0555648803710938
0.0667228698730469 0.0249862670898438 -0.0419387817382812 0.0448951721191406
0.0447921752929687 0.0569610595703125 -0.04376220703125 0.0202789306640625
-0.0165634155273438 0.0719070434570313 -0.03338623046875 -0.00263214111328124
-0.0697784423828125 0.0478897094726563 -0.0257701873779297 0.0347251892089844
-0.090606689453125 0.0115890502929687 -0.0875778198242188 0.0650482177734375
-0.0374832153320313 -0.05609130859375 -0.04852294921875 0.102043151855469
-0.0549659729003906 -0.0292854309082031 -0.0535888671875 0.127960205078125
-0.0496597290039063 0.00350570678710939 0.00942230224609376 0.101776123046875
-0.0313186645507813 0.0408706665039063 0.0303916931152344 0.05377197265625
0.00643157958984375 0.0478515625 0.017115592956543 0.0112762451171875
0.0475654602050781 0.0303993225097656 -0.00553464889526367 0.00756454467773438
0.057708740234375 -9.5367431640625E-05 -0.024658203125 0.0317592620849609
0.0502166748046875 -0.006683349609375 -0.0264663696289063 0.0534133911132813
0.0578880310058594 -0.0119895935058594 -0.0304450988769531 0.0682449340820313
0.0635871887207031 0.00067138671875 -0.0448684692382812 0.0613365173339844
0.0538673400878906 0.0296974182128906 -0.0580062866210938 0.0441665649414062
0.0311775207519531 0.0567855834960938 -0.0537147521972656 0.0157585144042969
-0.0302200317382813 0.0605278015136719 -0.0385780334472656 -0.00326919555664063
-0.0751266479492188 0.0219497680664062 -0.0429763793945313 0.0365447998046875
-0.0820083618164063 -0.0258255004882812 -0.111412048339844 0.0572891235351563
0.0396804809570313 0.0575332641601563 0.116195678710938 -0.0527801513671875
0.0759048461914063 -0.0029144287109375 0.0604057312011719 -0.02154541015625
0.0293312072753906 -0.0503997802734375 0.04681396484375 0.008544921875
-0.0126457214355469 -0.0479049682617188 0.0763168334960938 -0.00240325927734375
-0.0337581634521484 -0.0277328491210938 0.082427978515625 -0.03863525390625
-0.052825927734375 -0.00531768798828124 0.0629425048828125 -0.072540283203125
-0.0418510437011719 0.00301742553710937 0.0463027954101562 -0.0824050903320313
-0.0365447998046875 -0.0027313232421875 0.0377616882324219 -0.0644454956054688
-0.0462875366210938 -0.0166168212890625 0.0368309020996094 -0.0382347106933594
-0.0216484069824219 -0.0403251647949219 0.0260353088378906 -0.0133247375488281
0.0181427001953125 -0.0447120666503906 -0.00963497161865234 -0.0050811767578125
0.0446052551269531 -0.0218772888183594 -0.0253410339355469 -0.036163330078125
0.0535392761230469 0.0329246520996094 -0.000938415527343747 -0.098602294921875
0.0365219116210938 0.0745391845703125 0.0454864501953125 -0.121337890625
0.00122070312500001 0.08447265625 0.0513153076171875 -0.0822525024414063
0.00215911865234374 0.0836715698242187 0.126632690429687 -0.0236587524414062
0.0569915771484375 0.0387496948242188 0.0711517333984375 0.0012969970703125
0.0355949401855469 -0.0146980285644531 0.0592498779296875 0.0228652954101562
0.0125732421875 -0.0255355834960938 0.092010498046875 0.0110931396484375
-0.00417137145996094 -0.0230140686035156 0.0981063842773438 -0.032073974609375
-0.0214481353759766 -0.0205669403076172 0.0798263549804688 -0.0736770629882813
-0.0174312591552734 -0.0202827453613281 0.0592880249023437 -0.0842132568359375
-0.0117111206054687 -0.0205268859863281 0.047607421875 -0.0636863708496094
-0.0151691436767578 -0.0334548950195313 0.0455360412597656 -0.0333709716796875
0.0106773376464844 -0.0435028076171875 0.0332221984863281 -0.00393104553222657
0.0442428588867188 -0.02923583984375 -0.00684309005737305 0.00852060317993164
0.0588493347167969 0.00415802001953125 -0.030120849609375 -0.0178394317626953
0.0441932678222656 0.0620002746582031 -0.0187606811523438 -0.0815048217773438
0.00895690917968751 0.101272583007813 0.0273513793945313 -0.0984954833984375
-0.0311508178710937 0.106285095214844 0.0365333557128906 -0.0529632568359375
-0.0407333374023437 0.0963363647460938 0.120735168457031 0.0150985717773438
0.02117919921875 0.0778961181640625 0.0709686279296875 0.0373611450195313
0.0327816009521484 0.0299224853515625 0.0665626525878906 0.0456695556640625
0.0373268127441406 0.00870895385742188 0.102798461914063 0.0278244018554688
0.0306034088134766 -0.0109176635742188 0.108024597167969 -0.0204620361328125
0.0166015625 -0.0314598083496094 0.090057373046875 -0.0673980712890625
0.011810302734375 -0.0399627685546875 0.0652847290039063 -0.07415771484375
0.0156669616699219 -0.0355148315429688 0.0495643615722656 -0.0531044006347656
0.0159988403320313 -0.0457687377929688 0.0453987121582031 -0.0212898254394531
0.0391845703125 -0.0437469482421875 0.0326251983642578 0.00738525390625
0.0632171630859375 -0.0162239074707031 -0.00879096984863281 0.02191162109375
0.0691757202148438 0.0215492248535156 -0.0346717834472656 0.000368118286132812
0.0384597778320313 0.0777664184570313 -0.0334854125976563 -0.059295654296875
-0.00875091552734375 0.114387512207031 0.00865936279296874 -0.0670509338378906
-0.0540237426757813 0.115005493164063 0.0141811370849609 -0.0194129943847656
-0.080780029296875 0.0923385620117187 0.09515380859375 0.0584259033203125
-0.0240478515625 0.1016845703125 0.0551834106445312 0.0792160034179687
0.0160293579101563 0.0722732543945312 0.066009521484375 0.0727691650390625
0.0519638061523437 0.0484504699707031 0.1031494140625 0.0488128662109375
0.0608291625976562 0.00963973999023437 0.104789733886719 -0.00403594970703125
0.0544700622558594 -0.0338096618652344 0.0880508422851563 -0.0518264770507813
0.0407829284667969 -0.0523796081542969 0.0606651306152344 -0.0537223815917969
0.04010009765625 -0.0443992614746094 0.0424652099609375 -0.0331497192382813
0.0435676574707031 -0.0522575378417969 0.0375099182128906 -0.00435256958007813
0.0619125366210938 -0.0421638488769531 0.0250511169433594 0.0208797454833984
0.0756301879882813 -0.00484466552734375 -0.0115909576416016 0.0328407287597656
0.0729522705078125 0.0331039428710938 -0.0357704162597656 0.0144805908203125
0.0321426391601563 0.0832366943359375 -0.0390357971191406 -0.0371284484863281
-0.0229110717773437 0.11346435546875 -0.00113677978515625 -0.0318527221679687
-0.07098388671875 0.1099853515625 -0.0106077194213867 0.0158262252807617
-0.105415344238281 0.0680465698242188 0.0548858642578125 0.095123291015625
-0.0657882690429687 0.100250244140625 0.0255508422851562 0.117347717285156
-0.0118255615234375 0.0960922241210938 0.0527191162109375 0.0976409912109375
0.0471420288085938 0.0825271606445313 0.0886764526367188 0.0658035278320313
0.0748443603515625 0.034698486328125 0.087890625 0.0111618041992188
0.0825119018554687 -0.0247421264648437 0.0732650756835938 -0.0317840576171875
0.063751220703125 -0.0544815063476563 0.0453910827636719 -0.02777099609375
0.0585975646972656 -0.0461616516113281 0.0285091400146484 -0.00815010070800782
0.0628890991210938 -0.0529060363769531 0.0244235992431641 0.0168037414550781
0.076263427734375 -0.037261962890625 0.0125732421875 0.0326881408691406
0.0812911987304688 0.00453948974609375 -0.0174560546875 0.039825439453125
0.0710372924804687 0.0436553955078125 -0.0351200103759766 0.0213241577148438
0.019805908203125 0.0842361450195313 -0.0356597900390625 -0.0191001892089844
-0.0377960205078125 0.102897644042969 -0.00599527359008789 0.000607490539550788
-0.0850982666015625 0.0908432006835938 -0.0355377197265625 0.0459403991699219
-0.106010437011719 0.0300140380859375 0.0102081298828125 0.117988586425781
-0.0894546508789063 0.0708999633789063 -0.0114898681640625 0.140914916992188
-0.0405120849609375 0.0892333984375 0.0339584350585937 0.111259460449219
0.0246124267578125 0.0950393676757813 0.0654678344726563 0.07318115234375
0.0686492919921875 0.0542678833007813 0.0613441467285156 0.0206298828125
0.092498779296875 -0.00769805908203125 0.047332763671875 -0.0115890502929688
0.0761566162109375 -0.045013427734375 0.0233497619628906 -0.000709533691406253
0.066314697265625 -0.0407028198242187 0.0115699768066406 0.0176544189453125
0.0732192993164062 -0.047088623046875 0.00689315795898438 0.0370445251464844
0.0839004516601562 -0.0297927856445312 -0.00405502319335937 0.0449447631835938
0.081207275390625 0.0141372680664063 -0.0277595520019531 0.0434799194335938
0.0647926330566406 0.05255126953125 -0.037200927734375 0.0226936340332031
0.00400543212890624 0.0846786499023438 -0.0309524536132813 -0.0084381103515625
-0.056549072265625 0.08416748046875 -0.0116539001464844 0.0249500274658203
-0.094970703125 0.0596466064453125 -0.0603981018066406 0.0657463073730469
-0.0846481323242188 -0.0135498046875 -0.0263900756835938 0.123382568359375
-0.0877914428710938 0.02471923828125 -0.040252685546875 0.145980834960938
-0.056243896484375 0.0566177368164062 0.0172958374023438 0.11279296875
-0.00440216064453125 0.082489013671875 0.0439109802246094 0.0682945251464844
0.0449790954589844 0.0598716735839844 0.0345230102539063 0.019744873046875
0.0824737548828125 0.0110397338867188 0.0181369781494141 0.0032958984375
0.0749130249023438 -0.0289993286132813 -0.00189399719238281 0.0221576690673828
0.0640678405761719 -0.028961181640625 -0.00792694091796874 0.0413589477539063
0.0726699829101563 -0.03607177734375 -0.0115776062011719 0.0560264587402344
0.0829010009765625 -0.019317626953125 -0.0246429443359375 0.0559616088867188
0.0757675170898438 0.0219650268554688 -0.0419578552246094 0.0458946228027344
0.0551643371582031 0.058685302734375 -0.044158935546875 0.0200958251953125
-0.0124053955078125 0.080810546875 -0.0308818817138672 -0.0034027099609375
-0.07244873046875 0.0611114501953125 -0.022796630859375 0.0383644104003906
-0.0984344482421875 0.0227127075195313 -0.0885391235351563 0.073974609375
-0.0469932556152344 -0.0551490783691406 -0.047271728515625 0.113090515136719
-0.0647239685058594 -0.0246620178222656 -0.0515060424804688 0.13653564453125
-0.0564346313476563 0.0113258361816406 0.01129150390625 0.10357666015625
-0.0300254821777344 0.0498619079589844 0.0299339294433594 0.0541152954101563
0.0135536193847656 0.0519790649414063 0.0143604278564453 0.0117969512939453
0.0568504333496094 0.0259246826171875 -0.00803089141845703 0.00978279113769531
0.0618782043457031 -0.0073089599609375 -0.0251388549804687 0.0377388000488281
0.0531997680664063 -0.0134391784667969 -0.0260543823242188 0.0588150024414063
0.0608978271484375 -0.0194435119628906 -0.030426025390625 0.0729598999023438
0.0696067810058594 -0.0068511962890625 -0.04656982421875 0.0651206970214844
0.0612602233886719 0.0268516540527344 -0.0593490600585938 0.04620361328125
0.0399284362792969 0.0583992004394531 -0.0555038452148438 0.0156745910644531
-0.0263595581054688 0.0693626403808594 -0.0374908447265625 -0.00384902954101561
-0.0797195434570313 0.0322799682617188 -0.0405464172363281 0.0420455932617188
-0.0912094116210937 -0.0177841186523438 -0.115898132324219 0.0667190551757812
0.0486183166503906 0.05377197265625 0.119049072265625 -0.067626953125
0.07806396484375 -0.0130691528320313 0.0595245361328125 -0.0320549011230469
0.0245475769042969 -0.0562705993652344 0.0473251342773438 0.00710296630859375
-0.0195846557617188 -0.0483055114746094 0.0799560546875 -0.00555419921875
-0.0384902954101563 -0.0243797302246094 0.0866775512695312 -0.0447769165039062
-0.053985595703125 0.00321578979492188 0.0638198852539063 -0.080657958984375
-0.0422286987304688 0.0092620849609375 0.0431671142578125 -0.0923385620117188
-0.0375328063964844 0.00236892700195312 0.0352401733398438 -0.0739288330078125
-0.04888916015625 -0.010009765625 0.0362205505371094 -0.0468940734863281
-0.0286636352539062 -0.0381965637207031 0.0272178649902344 -0.0204429626464844
0.01153564453125 -0.0482749938964844 -0.00621366500854492 -0.0073843002319336
0.0428924560546875 -0.0279350280761719 -0.0238418579101563 -0.0368576049804688
0.0615997314453125 0.0264778137207031 -0.00408935546874999 -0.101249694824219
0.0484695434570313 0.0721359252929688 0.0407028198242188 -0.129997253417969
0.0135879516601563 0.0864715576171875 0.0519790649414063 -0.09442138671875
0.00919342041015625 0.0866165161132812 0.132827758789062 -0.0388259887695312
0.0597457885742188 0.0336341857910156 0.0717239379882813 -0.00848388671875
0.0348281860351563 -0.0171318054199219 0.0599746704101562 0.0198631286621094
0.00964164733886719 -0.0266914367675781 0.0972518920898438 0.006439208984375
-0.00714302062988281 -0.0208244323730469 0.102462768554688 -0.0402984619140625
-0.0238418579101563 -0.0168018341064453 0.0810775756835938 -0.0847625732421875
-0.0173845291137695 -0.017059326171875 0.056610107421875 -0.0963973999023437
-0.0118885040283203 -0.0195751190185547 0.044952392578125 -0.0757904052734375
-0.0180473327636719 -0.0314693450927734 0.0442848205566406 -0.042938232421875
0.00670623779296875 -0.0429496765136719 0.0352096557617188 -0.0126609802246094
0.0420112609863281 -0.0345039367675781 -0.00249910354614258 0.00498342514038086
0.0613136291503906 -0.00165176391601563 -0.0262928009033203 -0.0193576812744141
0.052001953125 0.0590934753417969 -0.0215377807617188 -0.0828628540039063
0.0199813842773437 0.105056762695313 0.0222015380859375 -0.104438781738281
-0.0210800170898438 0.113807678222656 0.0388298034667969 -0.0611305236816406
-0.036651611328125 0.106040954589844 0.130874633789062 0.00207519531250001
0.0265884399414062 0.0789871215820312 0.0755691528320313 0.0294036865234375
0.035186767578125 0.0300445556640625 0.0705108642578125 0.0415496826171875
0.0389518737792969 0.00861358642578125 0.109947204589844 0.0229568481445312
0.0320911407470703 -0.0115299224853516 0.11285400390625 -0.0284576416015625
0.0160865783691406 -0.0327548980712891 0.089691162109375 -0.0785751342773437
0.0114517211914063 -0.0420875549316406 0.0634002685546875 -0.0861358642578125
0.0167808532714844 -0.0386276245117188 0.047119140625 -0.0636444091796875
0.0147781372070313 -0.0491371154785156 0.0454139709472656 -0.0318527221679688
0.0386962890625 -0.0481376647949219 0.0357856750488281 -0.000614166259765628
0.0655708312988281 -0.021270751953125 -0.00373077392578125 0.0180301666259766
0.07470703125 0.0174331665039063 -0.030364990234375 0.000303268432617191
0.0471038818359375 0.0790252685546875 -0.0347366333007813 -0.0595588684082031
0.00167083740234375 0.12225341796875 0.0072021484375 -0.0723419189453125
-0.0472183227539063 0.126724243164063 0.0187034606933594 -0.0247344970703125
-0.0801849365234375 0.105583190917969 0.108871459960938 0.0501327514648438
-0.0195465087890625 0.1102294921875 0.06292724609375 0.0748443603515625
0.0191192626953125 0.0787277221679688 0.0703201293945313 0.0700302124023438
0.0588874816894531 0.0511550903320313 0.110809326171875 0.0445938110351563
0.0655021667480469 0.00826644897460937 0.110061645507813 -0.0118637084960938
0.0558547973632813 -0.0392990112304688 0.0888748168945313 -0.0632781982421875
0.0397567749023438 -0.0587234497070313 0.0596427917480469 -0.0646896362304688
0.04095458984375 -0.0501480102539062 0.0414657592773438 -0.0413627624511719
0.0427932739257812 -0.0584640502929687 0.0389060974121094 -0.0126914978027344
0.0629959106445313 -0.048248291015625 0.0287704467773438 0.0117835998535156
0.08087158203125 -0.0113372802734375 -0.00554656982421874 0.0288810729980469
0.081024169921875 0.02972412109375 -0.0312614440917969 0.0135612487792969
0.0397720336914063 0.087677001953125 -0.0389366149902344 -0.0371284484863281
-0.0133285522460938 0.124320983886719 -0.00100326538085938 -0.0351753234863281
-0.0668411254882813 0.123855590820312 -0.00465679168701172 0.0138473510742188
-0.108909606933594 0.0831985473632813 0.0689239501953125 0.0927581787109375
-0.0652008056640625 0.113906860351563 0.0353012084960938 0.117080688476563
-0.00832366943359376 0.106712341308594 0.0604400634765625 0.0972061157226562
0.0583877563476563 0.0875396728515625 0.0951309204101563 0.0626678466796875
0.0839385986328125 0.0333938598632813 0.0934219360351563 0.00661468505859375
0.086090087890625 -0.031768798828125 0.0737991333007813 -0.0398178100585938
0.0651512145996094 -0.0627403259277344 0.0445480346679688 -0.0352058410644531
0.0591621398925781 -0.0557594299316406 0.02935791015625 -0.0142555236816406
0.0638313293457031 -0.0632095336914063 0.0255947113037109 0.0114841461181641
0.0793533325195313 -0.0476226806640625 0.0133705139160156 0.0278491973876953
0.090118408203125 -0.00128173828125 -0.0140342712402344 0.0377273559570313
0.0805511474609375 0.0412826538085938 -0.0318984985351563 0.0204086303710938
0.0293655395507812 0.0915298461914062 -0.0347518920898437 -0.0197219848632813
-0.0322341918945312 0.115936279296875 -0.00284886360168457 -0.00190544128417968
-0.0841598510742188 0.10662841796875 -0.0300559997558594 0.04962158203125
-0.115165710449219 0.0446395874023437 0.0225372314453125 0.12152099609375
-0.093231201171875 0.0862808227539062 -0.000656127929687514 0.144790649414063
-0.037261962890625 0.103187561035156 0.0408706665039062 0.112083435058594
0.0360488891601563 0.102745056152344 0.0726699829101563 0.0707244873046875
0.08050537109375 0.0523300170898437 0.0642051696777344 0.0171661376953125
0.0998382568359375 -0.016510009765625 0.0466270446777344 -0.0157623291015625
0.0785140991210938 -0.0579605102539062 0.0227718353271484 -0.00228309631347657
0.0683708190917969 -0.050872802734375 0.011871337890625 0.0166454315185547
0.0753936767578125 -0.05938720703125 0.00833892822265626 0.0359268188476562
0.0883331298828125 -0.0419464111328125 -0.00240707397460937 0.0437965393066406
0.090606689453125 0.00688934326171875 -0.025177001953125 0.0427780151367188
0.0766143798828125 0.052459716796875 -0.0352592468261719 0.02093505859375
0.0116195678710937 0.0930557250976563 -0.0301990509033203 -0.00965690612792969
-0.0536880493164063 0.0991744995117187 -0.00640678405761719 0.0238418579101563
-0.097503662109375 0.0755767822265625 -0.0556640625 0.0728759765625
-0.0957489013671875 -0.00553894042968748 -0.01885986328125 0.132667541503906
-0.0954132080078125 0.038665771484375 -0.0324859619140625 0.154953002929688
-0.0559616088867187 0.069122314453125 0.0242691040039062 0.113853454589844
0.00455474853515625 0.0920486450195312 0.0475616455078125 0.0673942565917969
0.0563507080078125 0.0606460571289063 0.035064697265625 0.0198936462402344
0.0907745361328125 0.0010223388671875 0.0158796310424805 0.000455856323242188
0.0769195556640625 -0.0405349731445313 -0.000373840332031244 0.02398681640625
0.0660552978515625 -0.0387191772460938 -0.00747299194335937 0.0423927307128906
0.0750503540039063 -0.0475311279296875 -0.0100784301757813 0.0591773986816406
0.086700439453125 -0.031158447265625 -0.0240707397460937 0.0570030212402344
0.0848846435546875 0.0162506103515625 -0.0436172485351563 0.0465049743652344
0.06622314453125 0.0567817687988281 -0.044830322265625 0.0201377868652344
-0.00612640380859375 0.08966064453125 -0.0300636291503906 -0.00402641296386718
-0.0719146728515625 0.0756454467773438 -0.0175247192382813 0.0411605834960938
-0.104721069335938 0.0370407104492187 -0.0861282348632813 0.085296630859375
-0.0591773986816406 -0.0518531799316406 -0.0424957275390625 0.124191284179687
-0.0738906860351563 -0.01580810546875 -0.0447235107421875 0.145706176757813
-0.0602493286132813 0.0197372436523437 0.0174636840820313 0.104507446289063
-0.0242958068847656 0.0591583251953125 0.0311813354492188 0.0550994873046875
0.0229034423828125 0.0560646057128906 0.012669563293457 0.0148086547851563
0.06475830078125 0.0184974670410156 -0.0095529556274414 0.0124063491821289
0.0647926330566406 -0.0179977416992188 -0.0244102478027344 0.0438995361328125
0.0541572570800781 -0.0213050842285156 -0.0236625671386719 0.0659561157226563
0.0620651245117188 -0.030731201171875 -0.0289382934570312 0.078460693359375
0.0737762451171875 -0.016693115234375 -0.0458831787109375 0.0687751770019531
0.070404052734375 0.0212249755859375 -0.0602836608886719 0.050262451171875
0.0511207580566406 0.0586738586425781 -0.05621337890625 0.0176849365234375
-0.0202713012695313 0.0765914916992188 -0.0376625061035156 -0.00314712524414062
-0.0825881958007813 0.045257568359375 -0.0353279113769531 0.0477638244628906
-0.100181579589844 -0.00757598876953124 -0.117149353027344 0.08050537109375
0.0538787841796875 0.0486564636230469 0.114112854003906 -0.0829696655273437
0.0742034912109375 -0.0241775512695313 0.0535125732421875 -0.0391845703125
0.0185432434082031 -0.0595970153808594 0.0453529357910156 0.00441741943359375
-0.0263214111328125 -0.0468902587890625 0.0813064575195313 -0.0118942260742188
-0.0427780151367188 -0.01953125 0.08453369140625 -0.0552902221679688
-0.055908203125 0.0119743347167969 0.0634078979492187 -0.0882186889648437
-0.0400466918945313 0.0132904052734375 0.0352020263671875 -0.102577209472656
-0.0381240844726563 0.00849151611328125 0.0291671752929688 -0.0824737548828125
-0.0509071350097656 -0.00106811523437499 0.0321044921875 -0.0582313537597656
-0.0358657836914063 -0.0315017700195312 0.0267543792724609 -0.029571533203125
0.004669189453125 -0.0529327392578125 -0.0017852783203125 -0.0103025436401367
0.0380401611328125 -0.0348930358886719 -0.0212287902832031 -0.03729248046875
0.0663642883300781 0.0147323608398438 -0.0102081298828125 -0.0995712280273437
0.0603103637695312 0.0633926391601563 0.0315399169921875 -0.135650634765625
0.02630615234375 0.085723876953125 0.0483016967773438 -0.103256225585938
0.0204238891601563 0.0858993530273437 0.131080627441406 -0.0563888549804687
0.0617027282714844 0.0286407470703125 0.0708084106445313 -0.016815185546875
0.03033447265625 -0.0210094451904297 0.0601463317871094 0.0152549743652344
0.00611114501953125 -0.02423095703125 0.098846435546875 7.62939453124985E-05
-0.00811386108398438 -0.0186977386474609 0.101188659667969 -0.0507965087890625
-0.0223731994628906 -0.0111923217773437 0.0748672485351563 -0.0945053100585938
-0.0177001953125 -0.0163555145263672 0.0507431030273438 -0.108345031738281
-0.0140047073364258 -0.0167436599731445 0.034576416015625 -0.0828018188476563
-0.0188198089599609 -0.0282669067382812 0.0405197143554687 -0.0532379150390625
0.00107192993164063 -0.042510986328125 0.0362129211425781 -0.020477294921875
0.0390739440917969 -0.0395431518554688 0.00359869003295899 0.00052833557128906
0.06103515625 -0.00832366943359375 -0.0227165222167969 -0.0184345245361328
0.0578536987304688 0.0544586181640625 -0.024810791015625 -0.081298828125
0.032562255859375 0.104827880859375 0.0176620483398438 -0.108001708984375
-0.00898742675781251 0.118621826171875 0.0383529663085938 -0.0712509155273437
-0.02923583984375 0.112823486328125 0.134849548339844 -0.0135498046875
0.0335845947265625 0.0801544189453125 0.0767440795898438 0.0186996459960938
0.0344696044921875 0.0323905944824219 0.0696372985839844 0.0376091003417969
0.04254150390625 0.00847625732421875 0.114280700683594 0.0142745971679688
0.0322780609130859 -0.0134315490722656 0.113136291503906 -0.0396652221679688
0.0145606994628906 -0.0308303833007813 0.0848541259765625 -0.092437744140625
0.00973129272460938 -0.0422477722167969 0.057952880859375 -0.0976028442382813
0.0134315490722656 -0.0399551391601563 0.03900146484375 -0.0736770629882812
0.0133323669433594 -0.0482826232910156 0.0406837463378906 -0.0417861938476563
0.0364151000976563 -0.0512123107910156 0.0355758666992188 -0.0133132934570313
0.0658454895019531 -0.0274543762207031 0.00127315521240235 0.0117969512939453
0.080078125 0.00981903076171875 -0.0245780944824219 -0.00132942199707031
0.0559310913085938 0.0756607055664062 -0.0376358032226563 -0.0592727661132812
0.012359619140625 0.12652587890625 0.00435638427734376 -0.0766220092773438
-0.0336227416992187 0.135604858398438 0.0196933746337891 -0.0315113067626953
-0.0746688842773437 0.117950439453125 0.117469787597656 0.03814697265625
-0.0106201171875 0.115570068359375 0.0689659118652344 0.0656661987304688
0.0250701904296875 0.0797348022460938 0.0751571655273437 0.0653533935546875
0.0659370422363281 0.0506095886230469 0.113204956054688 0.0347213745117188
0.0709457397460938 0.00189971923828125 0.112335205078125 -0.0238189697265625
0.0570106506347656 -0.0445747375488281 0.0840682983398437 -0.0749893188476562
0.0369834899902344 -0.0668067932128906 0.0519180297851563 -0.0763092041015625
0.0400962829589844 -0.0572052001953125 0.0371856689453125 -0.0511016845703125
0.0422210693359375 -0.0662345886230469 0.0355300903320313 -0.0226478576660156
0.061737060546875 -0.0578384399414063 0.0290107727050781 0.00300025939941406
0.0832443237304688 -0.0201644897460938 -0.00271987915039062 0.0251979827880859
0.0899734497070313 0.0219039916992188 -0.0260334014892578 0.010284423828125
0.0518417358398438 0.0849380493164063 -0.0397262573242188 -0.0396080017089844
-0.00125122070312501 0.131675720214844 -0.000984191894531252 -0.0407295227050781
-0.0569839477539063 0.135665893554688 0.00132942199707031 0.0108623504638672
-0.10894775390625 0.0993881225585938 0.0824127197265625 0.0841903686523438
-0.0577163696289062 0.125251770019531 0.0422821044921875 0.113922119140625
0.00176239013671875 0.114334106445313 0.0664138793945313 0.0912933349609375
0.0671768188476563 0.086578369140625 0.102684020996094 0.0556411743164063
0.0908584594726563 0.0243072509765625 0.09002685546875 -0.0028076171875
0.0875778198242188 -0.0413589477539063 0.0683670043945313 -0.0468711853027344
0.0601348876953125 -0.0721817016601563 0.0430107116699219 -0.0420684814453125
0.0565261840820313 -0.0660972595214844 0.0260009765625 -0.0195388793945313
0.062347412109375 -0.0730667114257813 0.0215568542480469 0.00532150268554687
0.0825042724609375 -0.0563583374023437 0.0159645080566406 0.0225124359130859
0.0953521728515625 -0.0108871459960938 -0.01116943359375 0.0341415405273438
0.0903701782226563 0.0351715087890625 -0.0293083190917969 0.0187568664550781
0.0397796630859375 0.0932769775390625 -0.033233642578125 -0.0190143585205078
-0.02166748046875 0.12603759765625 -0.00158858299255371 -0.00297188758850097
-0.0759811401367188 0.117874145507812 -0.0229911804199219 0.0504684448242188
-0.121429443359375 0.0597305297851562 0.03564453125 0.120582580566406
-0.084808349609375 0.102882385253906 0.0116729736328125 0.145584106445313
-0.0313186645507813 0.114662170410156 0.0476837158203125 0.110466003417969
0.0514373779296875 0.106101989746094 0.0777435302734375 0.0685882568359375
0.0895156860351563 0.0482101440429688 0.0658912658691406 0.011138916015625
0.103927612304688 -0.0289459228515625 0.0442390441894531 -0.0218505859375
0.0760269165039063 -0.0693283081054688 0.0232181549072266 -0.00663185119628907
0.0660629272460938 -0.0628280639648438 0.0124397277832031 0.0149068832397461
0.0710983276367188 -0.0717239379882813 0.00874900817871094 0.0337333679199219
0.086883544921875 -0.0550765991210938 -0.00206375122070312 0.037445068359375
0.0993118286132813 -0.0037841796875 -0.0235595703125 0.0436325073242188
0.0875396728515625 0.0443954467773438 -0.0335559844970703 0.0217494964599609
0.0215301513671875 0.0957412719726562 -0.0330657958984375 -0.0104312896728516
-0.0454254150390625 0.110588073730469 -0.000946044921875005 0.0233345031738281
-0.0923385620117187 0.0907516479492188 -0.0483627319335938 0.0780105590820313
-0.101036071777344 0.0129165649414063 -0.00733184814453124 0.134780883789063
-0.0931015014648438 0.0550155639648438 -0.0180206298828125 0.155899047851563
-0.0549697875976562 0.0827255249023438 0.0303802490234375 0.113433837890625
0.0175552368164062 0.0971450805664062 0.0512161254882813 0.0655632019042969
0.0680465698242188 0.057861328125 0.0362701416015625 0.0171165466308594
0.094329833984375 -0.00994873046875 0.0148153305053711 0.000296592712402343
0.0766143798828125 -0.052398681640625 0.000539779663085942 0.0252323150634766
0.0643882751464844 -0.049468994140625 -0.00345611572265624 0.0443611145019531
0.0718994140625 -0.0619430541992188 -0.00551986694335937 0.0598106384277344
0.0865859985351562 -0.0444564819335937 -0.0235710144042969 0.0597190856933594
0.0917816162109375 0.0032806396484375 -0.0422401428222656 0.0476112365722656
0.0777969360351563 0.0516891479492188 -0.0431938171386719 0.0204315185546875
0.00577545166015624 0.0960922241210938 -0.0312614440917969 -0.00489044189453125
-0.0683517456054688 0.0897064208984375 -0.01129150390625 0.0415496826171875
-0.105049133300781 0.0533218383789063 -0.0776214599609375 0.0935211181640625
-0.0686264038085937 -0.0412635803222656 -0.0320510864257813 0.131568908691406
-0.0798110961914063 -0.00299835205078126 -0.0328369140625 0.15472412109375
-0.0615386962890625 0.0324554443359375 0.0238800048828125 0.105453491210937
-0.0196723937988281 0.0669937133789063 0.03460693359375 0.0523948669433594
0.0337333679199219 0.0503768920898438 0.0110435485839844 0.0110931396484375
0.07061767578125 0.00933074951171875 -0.0103902816772461 0.0162343978881836
0.0642471313476563 -0.026519775390625 -0.0194816589355469 0.0496635437011719
0.0528640747070313 -0.025299072265625 -0.0187149047851562 0.0695877075195313
0.0595169067382813 -0.0394058227539063 -0.0234603881835937 0.0834197998046875
0.072906494140625 -0.02545166015625 -0.045806884765625 0.0772171020507813
0.0752639770507813 0.012054443359375 -0.0614128112792969 0.0531845092773438
0.0596389770507813 0.0542488098144531 -0.0572013854980469 0.02008056640625
-0.0133895874023437 0.0823593139648438 -0.0392227172851563 -0.00304412841796875
-0.0786666870117188 0.058624267578125 -0.0294647216796875 0.051849365234375
-0.104301452636719 0.00752258300781248 -0.112007141113281 0.0940093994140625
0.0574073791503906 0.0402069091796875 0.106986999511719 -0.0930862426757813
0.0692863464355469 -0.032989501953125 0.0457534790039063 -0.0430335998535156
0.0104103088378906 -0.0605239868164063 0.0443992614746094 0.00394821166992187
-0.0334968566894531 -0.0431861877441406 0.08026123046875 -0.0141677856445313
-0.0450019836425781 -0.0132255554199219 0.0826950073242187 -0.0584335327148438
-0.0516014099121094 0.0189704895019531 0.0556259155273438 -0.094390869140625
-0.0364913940429688 0.0207328796386719 0.0281982421875 -0.1044921875
-0.0345840454101563 0.011962890625 0.021392822265625 -0.084716796875
-0.048309326171875 0.00543594360351563 0.0264892578125 -0.0611381530761719
-0.0374221801757813 -0.0267715454101563 0.0252342224121094 -0.0347118377685547
-0.00324630737304688 -0.0508842468261719 -0.00104331970214844 -0.0147380828857422
0.032989501953125 -0.0383224487304688 -0.0205154418945312 -0.0360298156738281
0.0668525695800781 0.00806045532226563 -0.0139846801757813 -0.0959091186523438
0.0660400390625 0.05535888671875 0.0221176147460938 -0.136871337890625
0.0348892211914062 0.0797042846679688 0.0408096313476562 -0.109603881835937
0.0228805541992188 0.0834121704101563 0.126777648925781 -0.0680923461914063
0.0618934631347656 0.0207290649414063 0.0640487670898438 -0.0248489379882813
0.0270824432373047 -0.020843505859375 0.0583152770996094 0.0147438049316406
0.00448989868164063 -0.0248222351074219 0.097930908203125 -0.00567626953125
-0.0100688934326172 -0.0167903900146484 0.098480224609375 -0.0563125610351563
-0.0224723815917969 -0.0056610107421875 0.0695571899414063 -0.101112365722656
-0.0168323516845703 -0.0128669738769531 0.039794921875 -0.111801147460938
-0.0124683380126953 -0.0160617828369141 0.0281600952148438 -0.0882034301757813
-0.0199699401855469 -0.0232753753662109 0.0339164733886719 -0.0606422424316406
-0.00124740600585937 -0.0406227111816406 0.0333976745605469 -0.030029296875
0.0334663391113281 -0.0393943786621094 0.00307989120483399 -0.00438880920410157
0.0578956604003906 -0.0128364562988281 -0.0206317901611328 -0.0198764801025391
0.0628890991210938 0.0471916198730469 -0.0265121459960937 -0.0772857666015625
0.0425567626953125 0.0974197387695313 0.0114669799804688 -0.111076354980469
0.00391387939453124 0.114906311035156 0.0345382690429688 -0.077239990234375
-0.022064208984375 0.114013671875 0.132041931152344 -0.0278396606445312
0.0369796752929688 0.0753707885742187 0.0739059448242188 0.00906372070312501
0.037506103515625 0.0301666259765625 0.0708084106445313 0.0324630737304688
0.0413360595703125 0.00608062744140625 0.111618041992187 0.0079803466796875
0.0319309234619141 -0.0138759613037109 0.109542846679688 -0.0469741821289063
0.0150680541992188 -0.0312061309814453 0.077362060546875 -0.097137451171875
0.00739288330078125 -0.044464111328125 0.045806884765625 -0.104103088378906
0.0128173828125 -0.0428237915039063 0.0306930541992187 -0.0785751342773438
0.00946044921875001 -0.0509529113769531 0.0346145629882813 -0.0492515563964844
0.0306549072265625 -0.0544891357421875 0.0341396331787109 -0.0191593170166016
0.0618133544921875 -0.033111572265625 0.00379037857055665 0.0063018798828125
0.0785293579101563 0.00382232666015625 -0.0219745635986328 -0.00374031066894531
0.0617599487304688 0.0716018676757813 -0.0356178283691406 -0.0552597045898437
0.02508544921875 0.123100280761719 0.00115203857421876 -0.0775375366210937
-0.0224990844726562 0.13702392578125 0.021240234375 -0.0362548828125
-0.0671539306640625 0.12554931640625 0.118583679199219 0.02239990234375
-0.00198364257812501 0.118461608886719 0.0709075927734375 0.0562515258789063
0.0308837890625 0.0832748413085938 0.074249267578125 0.0601119995117188
0.0704421997070313 0.0452041625976563 0.115798950195313 0.0274810791015625
0.0718994140625 -0.00148773193359375 0.107902526855469 -0.0307235717773438
0.0527915954589844 -0.0483207702636719 0.0768508911132813 -0.0796432495117187
0.0338363647460938 -0.0685768127441406 0.0458526611328125 -0.0810775756835937
0.03497314453125 -0.0630264282226562 0.0292549133300781 -0.0563011169433594
0.0369873046875 -0.0706329345703125 0.0305385589599609 -0.0286731719970703
0.0570793151855469 -0.0631179809570313 0.0265522003173828 -0.00396919250488282
0.0838165283203125 -0.0269088745117188 -0.00177383422851562 0.0181255340576172
0.0923004150390625 0.0157394409179688 -0.0227737426757812 0.0083160400390625
0.05767822265625 0.0850830078125 -0.0369949340820313 -0.0342483520507812
0.00978851318359375 0.133255004882813 0.000213623046874999 -0.041259765625
-0.0443878173828125 0.14068603515625 0.00539350509643554 0.0064983367919922
-0.100837707519531 0.1114501953125 0.0866317749023438 0.075653076171875
-0.0458145141601562 0.132843017578125 0.0503158569335938 0.102615356445313
0.00987243652343749 0.117546081542969 0.068115234375 0.0854873657226563
0.0789566040039063 0.0822219848632813 0.104057312011719 0.0482025146484375
0.0963134765625 0.01837158203125 0.0926666259765625 -0.0099029541015625
0.0840988159179687 -0.0508270263671875 0.063079833984375 -0.054229736328125
0.0535812377929687 -0.0804367065429687 0.0364303588867188 -0.04669189453125
0.052276611328125 -0.0719223022460938 0.0220355987548828 -0.0238151550292969
0.05352783203125 -0.0814208984375 0.0193328857421875 0.000143051147460933
0.07489013671875 -0.067718505859375 0.014042854309082 0.0155305862426758
0.0950164794921875 -0.0204010009765625 -0.0106792449951172 0.0291576385498047
0.095489501953125 0.0269699096679688 -0.0252685546875 0.0149955749511719
0.047515869140625 0.0927658081054688 -0.0341453552246094 -0.0202693939208984
-0.0111846923828125 0.130958557128906 0.00194549560546875 -0.00676536560058593
-0.0657730102539063 0.129318237304688 -0.0150413513183594 0.0456390380859375
-0.115531921386719 0.0731124877929688 0.0464019775390625 0.113594055175781
-0.0799713134765625 0.112564086914063 0.0196304321289063 0.138832092285156
-0.0205078125 0.120262145996094 0.0514450073242187 0.103599548339844
0.0609893798828125 0.102241516113281 0.0805587768554687 0.0615692138671875
0.0961837768554688 0.0396499633789063 0.0645866394042969 0.00729751586914063
0.0987777709960938 -0.0390548706054688 0.0412521362304688 -0.0241813659667969
0.068023681640625 -0.0768966674804688 0.022735595703125 -0.00894355773925782
0.059326171875 -0.0710372924804688 0.0098257064819336 0.0112085342407227
0.0649642944335938 -0.080963134765625 0.00793457031250001 0.0293750762939453
0.0839767456054688 -0.0649871826171875 -0.00270843505859375 0.0380439758300781
0.0998611450195312 -0.0135269165039062 -0.0237541198730469 0.0390548706054687
0.0932388305664063 0.037384033203125 -0.0313682556152344 0.0198421478271484
0.0334243774414063 0.09814453125 -0.0292167663574219 -0.0105953216552734
-0.0337295532226563 0.119743347167969 0.00242996215820312 0.0198650360107422
-0.0854263305664063 0.102920532226562 -0.0397567749023438 0.07928466796875
-0.104324340820313 0.02142333984375 0.00558471679687499 0.134910583496094
-0.091064453125 0.0659713745117188 -0.00726318359375 0.156448364257813
-0.0471420288085938 0.0915756225585937 0.0361480712890625 0.107101440429688
0.028228759765625 0.0969161987304688 0.0542678833007813 0.0628623962402344
0.0738983154296875 0.0500717163085937 0.0358161926269531 0.0168876647949219
0.0939559936523438 -0.0218505859375 0.0148763656616211 0.00250434875488281
0.0703125 -0.0619354248046875 0.00133514404296875 0.0250148773193359
0.0596580505371094 -0.0579948425292969 -0.000923156738281243 0.0449409484863281
0.065093994140625 -0.0692672729492188 -0.00409698486328124 0.0603218078613281
0.08111572265625 -0.0562515258789062 -0.0200538635253906 0.0586051940917969
0.0933609008789063 -0.0049896240234375 -0.0394248962402344 0.0491218566894531
0.0835113525390625 0.0431060791015625 -0.0425376892089844 0.0209236145019531
0.0159912109375 0.0969772338867188 -0.0299854278564453 -0.0062732696533203
-0.0556411743164063 0.09954833984375 -0.00545120239257813 0.0408973693847656
-0.0995254516601563 0.0648269653320312 -0.0692825317382813 0.0977630615234375
-0.0748367309570313 -0.0347442626953125 -0.0219573974609375 0.134048461914063
-0.0817489624023438 0.006927490234375 -0.0234375 0.153366088867187
-0.058837890625 0.0411911010742188 0.0269927978515625 0.09942626953125
-0.00810623168945313 0.0693473815917969 0.0335960388183594 0.0532150268554688
0.040313720703125 0.0498580932617188 0.0109272003173828 0.0177192687988281
0.07196044921875 -0.0002899169921875 -0.0101432800292969 0.0202579498291016
0.05859375 -0.0364608764648438 -0.0148277282714844 0.0520668029785156
0.0490875244140625 -0.0376548767089844 -0.0124435424804687 0.0714492797851562
0.0548553466796875 -0.0484771728515625 -0.0177001953125 0.085479736328125
0.0699729919433594 -0.0380325317382813 -0.0398712158203125 0.0772323608398438
0.0778427124023438 0.00287628173828125 -0.0589179992675781 0.0577583312988281
0.0661849975585938 0.046234130859375 -0.0552139282226563 0.0221290588378906
-0.00325012207031251 0.0844879150390625 -0.03582763671875 -0.00301742553710937
-0.0716094970703125 0.0684432983398437 -0.0231056213378906 0.0528144836425781
-0.100921630859375 0.0202865600585938 -0.102996826171875 0.102867126464844
0.0587081909179688 0.0345649719238281 0.100860595703125 -0.0970382690429688
0.0635948181152344 -0.0363082885742188 0.0409393310546875 -0.0438728332519531
0.00428390502929687 -0.0587120056152344 0.0420951843261719 0.00347137451171875
-0.0348625183105469 -0.0379486083984375 0.0784683227539063 -0.0149993896484375
-0.0449447631835938 -0.00878143310546874 0.0803680419921875 -0.0617218017578125
-0.0477828979492187 0.0236244201660156 0.0523605346679687 -0.0965576171875
-0.0333251953125 0.0227909088134766 0.0225143432617187 -0.105819702148437
-0.0313568115234375 0.0140762329101563 0.0158004760742187 -0.0863418579101562
-0.0451240539550781 0.0102806091308594 0.0203056335449219 -0.0634193420410156
-0.0387344360351563 -0.02130126953125 0.022857666015625 -0.0388145446777344
-0.0081024169921875 -0.0470657348632813 0.000270843505859376 -0.0189990997314453
0.0276756286621094 -0.0399551391601563 -0.0183753967285156 -0.0373497009277344
0.06427001953125 0.00186538696289063 -0.0137176513671875 -0.093994140625
0.0683403015136719 0.0463523864746094 0.017669677734375 -0.134033203125
0.0403671264648438 0.072479248046875 0.0353469848632813 -0.112098693847656
0.026275634765625 0.079437255859375 0.120376586914063 -0.0751876831054688
0.0589141845703125 0.0164031982421875 0.0580711364746094 -0.0279388427734375
0.0234050750732422 -0.0194988250732422 0.0555839538574219 0.0135002136230469
0.00189590454101563 -0.0216827392578125 0.09613037109375 -0.008636474609375
-0.0102930068969727 -0.0148086547851563 0.0951614379882813 -0.0602493286132813
-0.0204410552978516 -0.00394058227539063 0.0638046264648438 -0.103652954101563
-0.0151748657226562 -0.01123046875 0.0315322875976562 -0.113761901855469
-0.0112199783325195 -0.0151605606079102 0.0213241577148438 -0.0910186767578125
-0.0192909240722656 -0.0211830139160156 0.0270919799804688 -0.0644073486328125
-0.0032958984375 -0.03759765625 0.0306739807128906 -0.0365104675292969
0.0289993286132813 -0.0399246215820313 0.00527763366699219 -0.0099020004272461
0.054962158203125 -0.0155487060546875 -0.0170726776123047 -0.0221176147460938
0.0628547668457031 0.0413169860839844 -0.0250473022460937 -0.0745773315429688
0.047210693359375 0.091064453125 0.00800323486328126 -0.109992980957031
0.0106735229492188 0.111236572265625 0.0321731567382813 -0.0804367065429688
-0.0159225463867188 0.113639831542969 0.1275634765625 -0.0367279052734375
0.0376663208007812 0.072357177734375 0.0689468383789063 0.00380325317382813
0.03582763671875 0.0302009582519531 0.0676727294921875 0.0309410095214844
0.0411376953125 0.00554656982421875 0.110282897949219 0.0043487548828125
0.0321598052978516 -0.0137519836425781 0.1046142578125 -0.0507125854492188
0.0138835906982422 -0.0305671691894531 0.070892333984375 -0.0999603271484375
0.00683975219726563 -0.0444602966308594 0.03778076171875 -0.105972290039063
0.0103034973144531 -0.0434532165527344 0.0239944458007813 -0.08099365234375
0.00759506225585938 -0.0498428344726563 0.0278396606445313 -0.0530357360839844
0.0283355712890625 -0.0535507202148438 0.0303001403808594 -0.0260486602783203
0.0590019226074219 -0.0352401733398438 0.00398039817810059 0.000248908996582029
0.0767745971679688 -0.0001068115234375 -0.0184803009033203 -0.00752830505371094
0.0636253356933594 0.0671806335449219 -0.0338821411132813 -0.0532569885253906
0.0312728881835938 0.1192626953125 -0.000846862792968753 -0.078094482421875
-0.0141448974609375 0.134628295898438 0.0217323303222656 -0.0409889221191406
-0.0605239868164063 0.128364562988281 0.117172241210937 0.0140609741210938
0.00255584716796875 0.118400573730469 0.0680465698242188 0.0481109619140625
0.0340652465820313 0.0834426879882813 0.0729827880859375 0.0560150146484375
0.0729293823242188 0.042388916015625 0.113723754882813 0.0237350463867188
0.0721282958984375 -0.00547027587890625 0.103080749511719 -0.0339889526367188
0.0502738952636719 -0.049102783203125 0.0695724487304688 -0.082763671875
0.0296287536621094 -0.06976318359375 0.0389862060546875 -0.0831451416015625
0.0310249328613281 -0.0647087097167969 0.0231857299804688 -0.0576324462890625
0.0313644409179688 -0.0727767944335938 0.0246334075927734 -0.0315647125244141
0.0527076721191406 -0.0659446716308594 0.0236663818359375 -0.00949287414550782
0.0807418823242187 -0.03155517578125 -0.000606536865234371 0.0125770568847656
0.0911407470703125 0.0114974975585937 -0.0204448699951172 0.00454521179199219
0.0612030029296875 0.0820388793945313 -0.0359878540039063 -0.0341415405273437
0.016754150390625 0.132225036621094 -0.000789642333984374 -0.0430183410644531
-0.035369873046875 0.142242431640625 0.0075840950012207 0.00241947174072267
-0.0955429077148438 0.1173095703125 0.0887069702148438 0.0657196044921875
-0.0390701293945313 0.134880065917969 0.0522918701171875 0.0960540771484375
0.014617919921875 0.119491577148438 0.0665054321289063 0.0810012817382813
0.0829925537109375 0.0775222778320313 0.102195739746094 0.0443267822265625
0.098388671875 0.0129547119140625 0.0883331298828125 -0.0125732421875
0.0809707641601563 -0.0551071166992187 0.0578231811523438 -0.0555686950683594
0.0492401123046875 -0.0830078125 0.03253173828125 -0.0485305786132813
0.0465469360351563 -0.0759048461914063 0.0178966522216797 -0.0251064300537109
0.0489654541015625 -0.0850372314453125 0.0170574188232422 -0.0027761459350586
0.0697402954101563 -0.0729522705078125 0.0109548568725586 0.0119152069091797
0.094207763671875 -0.02789306640625 -0.0102157592773437 0.0249881744384766
0.0984344482421875 0.0206222534179687 -0.0240116119384766 0.0124492645263672
0.05316162109375 0.0907440185546875 -0.0326728820800781 -0.0212116241455078
-0.0020904541015625 0.132652282714844 0.003631591796875 -0.0104265213012695
-0.0571060180664062 0.132392883300781 -0.0108680725097656 0.0424423217773438
-0.110092163085938 0.08172607421875 0.0499267578125 0.107627868652344
-0.0726318359375 0.117813110351563 0.0254974365234375 0.132301330566406
-0.014373779296875 0.124298095703125 0.0518264770507812 0.0982513427734375
0.0676498413085938 0.0991592407226563 0.079620361328125 0.057769775390625
0.0998916625976563 0.0323028564453125 0.0628204345703125 0.00637435913085938
0.0956497192382813 -0.0465316772460938 0.0374221801757813 -0.0247917175292969
0.061981201171875 -0.0817337036132813 0.0193710327148438 -0.0107803344726563
0.0551376342773438 -0.07464599609375 0.00965976715087891 0.0102739334106445
0.0579452514648438 -0.085418701171875 0.00646209716796876 0.0285434722900391
0.078216552734375 -0.0708160400390625 -0.00387954711914062 0.0352249145507812
0.09844970703125 -0.0210800170898438 -0.0234222412109375 0.0368537902832031
0.0968170166015625 0.0304794311523438 -0.0305728912353516 0.0165519714355469
0.0387802124023438 0.0966796875 -0.0291061401367187 -0.0123214721679687
-0.0265731811523437 0.123039245605469 0.00455474853515625 0.0176677703857422
-0.0776824951171875 0.10784912109375 -0.0340118408203125 0.075714111328125
-0.102577209472656 0.0291748046875 0.01129150390625 0.131187438964844
-0.0870819091796875 0.0727157592773438 -0.00108337402343751 0.151016235351563
-0.0410614013671875 0.0962677001953125 0.0360565185546875 0.102287292480469
0.0358123779296875 0.095703125 0.0537910461425781 0.059417724609375
0.0784530639648438 0.043487548828125 0.0334892272949219 0.0169925689697266
0.0910568237304687 -0.028839111328125 0.0132513046264648 0.00201034545898437
0.06304931640625 -0.0664024353027344 0.00451469421386719 0.0249786376953125
0.053619384765625 -0.0626602172851563 0.000606536865234382 0.0446014404296875
0.0580978393554687 -0.074371337890625 -0.00416183471679688 0.0587806701660156
0.07659912109375 -0.0618133544921875 -0.0205307006835937 0.0576171875
0.0924148559570313 -0.013031005859375 -0.0392189025878906 0.0489959716796875
0.0866470336914062 0.037750244140625 -0.0415916442871094 0.0198631286621094
0.021514892578125 0.0948867797851563 -0.0297393798828125 -0.00750160217285156
-0.049530029296875 0.104438781738281 -0.00246810913085938 0.0376777648925781
-0.0929718017578125 0.0726699829101562 -0.0625152587890625 0.0979690551757812
-0.0780487060546875 -0.0264434814453125 -0.0162582397460937 0.13323974609375
-0.0805740356445313 0.0146484375 -0.0169830322265625 0.149490356445313
-0.0557937622070313 0.0475196838378906 0.027130126953125 0.096038818359375
-0.000579833984374999 0.07110595703125 0.0331192016601563 0.0516204833984375
0.0444183349609375 0.0448074340820313 0.00987434387207032 0.0194492340087891
0.0688133239746094 -0.00725555419921875 -0.00899696350097656 0.0229167938232422
0.054412841796875 -0.0413970947265625 -0.0111656188964844 0.052520751953125
0.0452919006347656 -0.0416221618652344 -0.00899505615234375 0.0714035034179688
0.0506362915039062 -0.0521049499511719 -0.0155181884765625 0.0846481323242188
0.0648727416992188 -0.0431404113769531 -0.0375289916992187 0.0780258178710938
0.07757568359375 -0.0037384033203125 -0.0559959411621094 0.0585060119628906
0.0681495666503906 0.0392341613769531 -0.0551490783691406 0.0214729309082031
0.00315093994140626 0.08343505859375 -0.0355758666992187 -0.00378799438476563
-0.064910888671875 0.073944091796875 -0.0174827575683594 0.0515365600585938
-0.097137451171875 0.027862548828125 -0.0955581665039063 0.105972290039062
0.0584907531738281 0.0311660766601563 0.097015380859375 -0.0991744995117188
0.0602188110351563 -0.0385589599609375 0.0369491577148438 -0.04376220703125
0.00205230712890625 -0.0572967529296875 0.0405197143554688 0.00523757934570312
-0.0364341735839844 -0.0358810424804688 0.0782928466796875 -0.0139389038085938
-0.0454444885253906 -0.00613021850585937 0.0804672241210938 -0.0627288818359375
-0.04498291015625 0.0258827209472656 0.0520553588867188 -0.0980682373046875
-0.0310611724853516 0.0235996246337891 0.0205535888671875 -0.106948852539063
-0.0296478271484375 0.0154666900634766 0.0131149291992188 -0.0877456665039063
-0.0422821044921875 0.013580322265625 0.0174980163574219 -0.0649337768554688
-0.0387191772460938 -0.0172653198242188 0.0204544067382813 -0.0428466796875
-0.0110893249511719 -0.0450820922851563 0.00108146667480469 -0.0217571258544922
0.02435302734375 -0.0402908325195313 -0.0156593322753906 -0.0396499633789063
0.0625457763671875 -0.00195693969726563 -0.011688232421875 -0.0927581787109375
0.0689163208007813 0.0418319702148438 0.0175399780273438 -0.133384704589844
0.0423126220703125 0.0684776306152344 0.0348587036132812 -0.113662719726563
0.0271377563476562 0.0780029296875 0.117698669433594 -0.078216552734375
0.0567550659179688 0.0148544311523438 0.0538406372070313 -0.0292510986328125
0.0218868255615234 -0.0184001922607422 0.0538063049316406 0.0140724182128906
0.00136375427246094 -0.0195846557617188 0.0962905883789062 -0.00797271728515625
-0.00988960266113281 -0.0128164291381836 0.0951461791992187 -0.061553955078125
-0.017974853515625 -0.00240516662597656 0.0628585815429688 -0.104736328125
-0.0139102935791016 -0.0107507705688477 0.0282516479492187 -0.114578247070313
-0.0104007720947266 -0.0151958465576172 0.0175018310546875 -0.09222412109375
-0.0177631378173828 -0.0200214385986328 0.0231513977050781 -0.066650390625
-0.00345993041992187 -0.0364151000976563 0.0283660888671875 -0.0409927368164063
0.02642822265625 -0.0400772094726562 0.00565052032470703 -0.0145635604858398
0.0537796020507813 -0.0163841247558594 -0.0141258239746094 -0.0250701904296875
0.0625495910644531 0.0385246276855469 -0.0226974487304688 -0.074615478515625
0.04876708984375 0.0873336791992187 0.00805664062500001 -0.109596252441406
0.0137481689453125 0.108329772949219 0.03277587890625 -0.0839462280273437
-0.0145111083984375 0.114089965820313 0.125831604003906 -0.0406951904296875
0.0373687744140625 0.0717086791992188 0.0652236938476563 0.00135421752929688
0.0354843139648438 0.0326728820800781 0.0655288696289063 0.0312576293945313
0.0416450500488281 0.00587081909179688 0.109107971191406 0.00421142578125
0.0327987670898438 -0.0140495300292969 0.103469848632813 -0.0525131225585938
0.0153446197509766 -0.0298805236816406 0.0683746337890625 -0.100593566894531
0.00679397583007813 -0.0440483093261719 0.0342025756835937 -0.107574462890625
0.0103416442871094 -0.0444908142089844 0.01983642578125 -0.0820236206054688
0.00785064697265624 -0.0502166748046875 0.0241889953613281 -0.0554771423339844
0.0277748107910156 -0.053192138671875 0.0274200439453125 -0.0302524566650391
0.0583534240722656 -0.036376953125 0.0035400390625 -0.00419974327087403
0.07635498046875 -0.00049591064453125 -0.0168075561523437 -0.0115509033203125
0.0646133422851563 0.0656318664550781 -0.0309486389160156 -0.0541763305664062
0.0343017578125 0.117050170898438 0.000358581542968754 -0.0789413452148437
-0.01092529296875 0.133468627929688 0.0230636596679687 -0.0449981689453125
-0.0579681396484375 0.130645751953125 0.11590576171875 0.00899505615234376
0.00392913818359375 0.11810302734375 0.0654754638671875 0.04437255859375
0.0362319946289062 0.0850143432617188 0.070037841796875 0.0546531677246094
0.0744857788085938 0.0411834716796875 0.112319946289063 0.0226058959960938
0.0729446411132813 -0.00632476806640625 0.102325439453125 -0.0346832275390625
0.0505027770996094 -0.0501327514648438 0.0667037963867188 -0.0833206176757813
0.0284805297851563 -0.0711135864257813 0.0351486206054687 -0.0847244262695313
0.0295066833496094 -0.0672683715820313 0.0184593200683594 -0.0589561462402344
0.0300674438476563 -0.07427978515625 0.0200710296630859 -0.0340347290039063
0.0518760681152344 -0.0675201416015625 0.0198802947998047 -0.0138359069824219
0.0806350708007813 -0.0347900390625 -0.00185060501098632 0.00821208953857422
0.0927734375 0.00909423828125 -0.0188865661621094 0.00031089782714844
0.0633544921875 0.0821151733398437 -0.0336532592773438 -0.0355644226074219
0.0200576782226562 0.132438659667969 0.000114440917968751 -0.0453071594238281
-0.032135009765625 0.142059326171875 0.00938320159912109 -0.00169754028320312
-0.0929489135742187 0.121742248535156 0.0886077880859375 0.0614242553710938
-0.0363922119140625 0.137435913085938 0.0507049560546875 0.0912551879882813
0.0174942016601563 0.12152099609375 0.063446044921875 0.0798492431640625
0.0855712890625 0.0772552490234375 0.101631164550781 0.0427627563476563
0.100151062011719 0.0100860595703125 0.0866470336914063 -0.0125732421875
0.079864501953125 -0.0568161010742188 0.0551109313964844 -0.0555572509765625
0.0473403930664063 -0.0848312377929688 0.0297012329101563 -0.0505409240722656
0.04443359375 -0.0782089233398438 0.0150814056396484 -0.0265960693359375
0.0467300415039063 -0.0879898071289063 0.0128898620605469 -0.00496196746826172
0.067657470703125 -0.075897216796875 0.00833892822265625 0.00849199295043945
0.0943756103515625 -0.0316085815429688 -0.0122566223144531 0.0213851928710937
0.100074768066406 0.017974853515625 -0.0235443115234375 0.00853538513183594
0.0560760498046875 0.09161376953125 -0.0307903289794922 -0.0221385955810547
0.00135803222656251 0.134864807128906 0.0048370361328125 -0.0129575729370117
-0.0532684326171875 0.134521484375 -0.00836181640625 0.0391769409179688
-0.109344482421875 0.0871658325195313 0.0507659912109375 0.104461669921875
-0.0703811645507813 0.121078491210937 0.0248565673828125 0.128280639648437
-0.011871337890625 0.127716064453125 0.0501327514648438 0.0968093872070313
0.072479248046875 0.0974044799804688 0.078704833984375 0.0563888549804688
0.101760864257813 0.02899169921875 0.0607643127441406 0.00693130493164063
0.0945205688476563 -0.0500640869140625 0.0351524353027344 -0.0244331359863281
0.0592193603515625 -0.0846405029296875 0.0182914733886719 -0.0108909606933594
0.0517807006835937 -0.0782852172851563 0.00885486602783203 0.00963973999023437
0.0547714233398438 -0.088531494140625 0.00433921813964844 0.0272541046142578
0.0755081176757812 -0.0757598876953125 -0.00607109069824218 0.0325851440429687
0.0997772216796875 -0.02557373046875 -0.0250320434570312 0.0345287322998047
0.0989456176757813 0.0267486572265625 -0.0314426422119141 0.0134468078613281
0.0422134399414062 0.0968704223632812 -0.0283164978027344 -0.0139713287353516
-0.0217361450195312 0.126472473144531 0.00599193572998047 0.0140514373779297
-0.0743026733398438 0.111564636230469 -0.0315170288085938 0.073394775390625
-0.103111267089844 0.034912109375 0.0128860473632812 0.129173278808594
-0.0847396850585937 0.0766983032226563 -0.000503540039062502 0.14794921875
-0.0380096435546875 0.0998306274414063 0.0341033935546875 0.101524353027344
0.0403213500976563 0.0951385498046875 0.0513420104980469 0.0593299865722656
0.0816421508789063 0.041015625 0.03204345703125 0.0185508728027344
0.0899658203125 -0.0329132080078125 0.0120096206665039 0.00413799285888672
0.0604095458984375 -0.0695915222167969 0.00408554077148438 0.0252609252929687
0.0515022277832031 -0.0656394958496094 0.000484466552734379 0.0440902709960937
0.0555801391601563 -0.0780105590820313 -0.0047454833984375 0.0582656860351562
0.0733642578125 -0.065185546875 -0.0217628479003906 0.0571098327636719
0.093292236328125 -0.01708984375 -0.0408058166503906 0.0471687316894531
0.08917236328125 0.0333099365234375 -0.04156494140625 0.0171127319335937
0.0253982543945312 0.0955352783203125 -0.0292892456054688 -0.00876617431640625
-0.0442886352539063 0.107902526855469 0.000160217285156246 0.0354347229003906
-0.09002685546875 0.0770263671875 -0.0592498779296875 0.0966796875
-0.0799560546875 -0.0221328735351563 -0.0152816772460938 0.132705688476563
-0.0802154541015625 0.0184402465820313 -0.0156402587890625 0.147354125976562
-0.0535545349121094 0.0516548156738281 0.0257339477539062 0.0938491821289062
0.0045928955078125 0.0716781616210938 0.0320091247558594 0.0527458190917969
0.0474395751953125 0.0416412353515625 0.00883293151855469 0.0213851928710938
0.067962646484375 -0.0122222900390625 -0.00944709777832031 0.0253734588623047
0.0510520935058594 -0.044281005859375 -0.00935745239257812 0.0534934997558594
0.0434684753417969 -0.0448226928710938 -0.00662994384765625 0.0715103149414063
0.0469284057617187 -0.0554885864257812 -0.0138320922851562 0.084747314453125
0.06195068359375 -0.0475425720214844 -0.0379791259765625 0.0773468017578125
0.0758743286132813 -0.0081787109375 -0.0567436218261719 0.0580825805664063
0.0697822570800781 0.0354423522949219 -0.0550460815429687 0.0191230773925781
0.0063323974609375 0.0829925537109375 -0.0351715087890625 -0.00572967529296874
-0.0607452392578125 0.07769775390625 -0.0138359069824219 0.0495185852050781
-0.094085693359375 0.0313034057617188 -0.091705322265625 0.106735229492188
0.0595855712890625 0.0300369262695312 0.0987091064453125 -0.102470397949219
0.0590324401855469 -0.0403823852539063 0.0349502563476563 -0.0437965393066406
0.00023269653320312 -0.0570449829101563 0.0409431457519531 0.00785446166992187
-0.0379447937011719 -0.0345420837402344 0.0812530517578125 -0.0130767822265625
-0.046142578125 -0.00383377075195313 0.0826492309570313 -0.065093994140625
-0.0435829162597656 0.0291328430175781 0.0538787841796875 -0.102279663085938
-0.0298137664794922 0.0253562927246094 0.0195236206054687 -0.111259460449219
-0.029083251953125 0.0168743133544922 0.0114212036132813 -0.0902557373046875
-0.0411262512207031 0.0156326293945312 0.0161209106445312 -0.0686302185058594
-0.0385971069335938 -0.0151939392089844 0.0192527770996094 -0.0468559265136719
-0.0139122009277344 -0.0442276000976563 0.00215339660644531 -0.0264415740966797
0.0228080749511719 -0.0411758422851563 -0.0129508972167969 -0.0422782897949219
0.062957763671875 -0.00461578369140625 -0.0086517333984375 -0.0946044921875
0.0706558227539062 0.039093017578125 0.0200119018554688 -0.136276245117187
0.04443359375 0.0674667358398438 0.0365219116210938 -0.11895751953125
0.0274581909179688 0.0783538818359375 0.119285583496094 -0.0822601318359375
0.0558929443359375 0.0152587890625 0.0512351989746094 -0.0297737121582031
0.0213260650634766 -0.0170173645019531 0.0539894104003906 0.0159339904785156
0.000967025756835938 -0.0187149047851563 0.0985107421875 -0.00699615478515625
-0.00957584381103515 -0.0115699768066406 0.096282958984375 -0.0647048950195313
-0.0163059234619141 -0.00139713287353516 0.06402587890625 -0.109588623046875
-0.0128183364868164 -0.0114784240722656 0.0266342163085938 -0.118515014648438
-0.00986385345458984 -0.0157747268676758 0.0150222778320313 -0.0953521728515625
-0.0164699554443359 -0.0189151763916016 0.0205917358398438 -0.07061767578125
-0.00322341918945313 -0.0358390808105469 0.0259590148925781 -0.0455055236816406
0.025848388671875 -0.038909912109375 0.00620460510253906 -0.0194568634033203
0.0533981323242188 -0.0174293518066406 -0.0118770599365234 -0.0291690826416016
0.0636024475097656 0.0380783081054688 -0.0194625854492187 -0.0759811401367188
0.0503768920898438 0.0865097045898438 0.01031494140625 -0.112808227539063
0.0154647827148438 0.10906982421875 0.0349807739257813 -0.088653564453125
-0.0140914916992187 0.117225646972656 0.127098083496094 -0.0442428588867188
0.0379791259765625 0.0733566284179688 0.06304931640625 -0.00022506713867187
0.0364112854003906 0.0349960327148438 0.0647010803222656 0.0333213806152344
0.0431900024414063 0.00718307495117188 0.110893249511719 0.0046844482421875
0.0339183807373047 -0.0136890411376953 0.10601806640625 -0.0542678833007813
0.0172328948974609 -0.0298976898193359 0.0690231323242188 -0.103401184082031
0.00787734985351563 -0.0460395812988281 0.031951904296875 -0.111045837402344
0.0104560852050781 -0.0461883544921875 0.0170974731445313 -0.0855636596679688
0.00846099853515625 -0.0517234802246094 0.020660400390625 -0.0588607788085938
0.0283699035644531 -0.054931640625 0.0250663757324219 -0.03546142578125
0.0588111877441406 -0.0376167297363281 0.00327301025390625 -0.00919437408447266
0.0789642333984375 -0.0012664794921875 -0.0148677825927734 -0.0157766342163086
0.066680908203125 0.0672378540039063 -0.0290985107421875 -0.0566062927246094
0.0362701416015625 0.120002746582031 0.0022735595703125 -0.082427978515625
-0.00965118408203125 0.136314392089844 0.0251922607421875 -0.0497627258300781
-0.0578384399414062 0.136383056640625 0.117721557617187 0.00617980957031251
0.0045318603515625 0.121803283691406 0.0631599426269531 0.043487548828125
0.0380859375 0.0897750854492187 0.0688591003417969 0.0574417114257813
0.0783233642578125 0.0427474975585937 0.113456726074219 0.0238723754882813
0.0761871337890625 -0.0071563720703125 0.10382080078125 -0.0361328125
0.0524101257324219 -0.0516014099121094 0.0663223266601563 -0.0845184326171875
0.0284194946289062 -0.0738906860351563 0.0332870483398437 -0.0877914428710938
0.02984619140625 -0.070404052734375 0.0166168212890625 -0.0615921020507813
0.0306396484375 -0.07806396484375 0.0174674987792969 -0.0361175537109375
0.0524063110351562 -0.07110595703125 0.0177688598632813 -0.0178451538085938
0.0833358764648438 -0.0369110107421875 -0.00385689735412597 0.00384306907653808
0.0961837768554687 0.008270263671875 -0.0187110900878906 -0.00435829162597656
0.0663375854492187 0.0849456787109375 -0.0327186584472656 -0.0380172729492187
0.0225143432617187 0.136543273925781 0.00141143798828125 -0.0484123229980469
-0.0313873291015625 0.14654541015625 0.0116367340087891 -0.00514984130859374
-0.094207763671875 0.128814697265625 0.090789794921875 0.0599136352539063
-0.035888671875 0.14239501953125 0.0496368408203125 0.0903091430664063
0.0200576782226563 0.128005981445313 0.0627899169921875 0.0821609497070313
0.0911331176757812 0.0783538818359375 0.102516174316406 0.0444259643554688
0.103988647460938 0.0094451904296875 0.0878219604492188 -0.0118026733398438
0.081878662109375 -0.0601730346679688 0.0541114807128906 -0.0556640625
0.0472335815429687 -0.0893783569335938 0.0288887023925781 -0.0528373718261719
0.0439987182617187 -0.08355712890625 0.0132484436035156 -0.028045654296875
0.0457839965820313 -0.092987060546875 0.0103273391723633 -0.00610923767089844
0.0683975219726563 -0.080352783203125 0.0057673454284668 0.00566101074218749
0.09796142578125 -0.0344696044921875 -0.0141716003417969 0.0189094543457031
0.104690551757813 0.0161285400390625 -0.0245800018310547 0.00500297546386719
0.0606307983398437 0.0950775146484375 -0.0302200317382812 -0.0254058837890625
0.00401306152343749 0.140228271484375 0.00582122802734375 -0.0161952972412109
-0.0533294677734375 0.13958740234375 -0.00681304931640625 0.0372657775878906
-0.112464904785156 0.0932159423828125 0.052093505859375 0.104598999023438
-0.0703659057617187 0.127449035644531 0.0242843627929687 0.1285400390625
-0.00903320312500001 0.134864807128906 0.0479812622070313 0.0984878540039063
0.07757568359375 0.0995941162109375 0.0789031982421875 0.05853271484375
0.1063232421875 0.0272293090820312 0.0617027282714844 0.00826644897460938
0.0960464477539063 -0.053375244140625 0.0348796844482422 -0.0233860015869141
0.058258056640625 -0.0883255004882813 0.0177803039550781 -0.0123462677001953
0.0507965087890625 -0.083038330078125 0.00786018371582032 0.00901985168457031
0.053741455078125 -0.0942459106445312 0.001922607421875 0.0272216796875
0.0751800537109375 -0.080902099609375 -0.00819969177246094 0.0320892333984375
0.102333068847656 -0.0295257568359375 -0.0284137725830078 0.0334568023681641
0.103385925292969 0.0242538452148438 -0.0323982238769531 0.0109004974365234
0.046630859375 0.10009765625 -0.0282497406005859 -0.0167236328125
-0.0187149047851563 0.132469177246094 0.00737667083740234 0.0118045806884766
-0.0744552612304688 0.116767883300781 -0.0293426513671875 0.0729141235351563
-0.106857299804688 0.04046630859375 0.013153076171875 0.131362915039062
-0.0859832763671875 0.0816421508789062 -0.000671386718750008 0.149093627929688
-0.0373458862304688 0.106758117675781 0.0322113037109375 0.103195190429687
0.0455474853515625 0.0966415405273438 0.0517616271972656 0.0605201721191406
0.08642578125 0.0390396118164062 0.0316791534423828 0.0206966400146484
0.0909881591796875 -0.0368881225585938 0.0110340118408203 0.00619220733642578
0.0592269897460938 -0.0739822387695313 0.00464057922363282 0.0254650115966797
0.0510025024414063 -0.070892333984375 0.000988006591796881 0.0452537536621094
0.0534591674804688 -0.0826416015625 -0.00677108764648438 0.0598220825195312
0.0727462768554688 -0.0715408325195313 -0.0239906311035156 0.0576972961425781
0.0955734252929687 -0.0218048095703125 -0.0441055297851562 0.0478324890136719
0.0933685302734375 0.031158447265625 -0.0442085266113281 0.0159492492675781
0.0287551879882813 0.0978775024414063 -0.0297641754150391 -0.0114822387695312
-0.0420989990234375 0.113876342773438 0.00159263610839843 0.0343666076660156
-0.0900726318359375 0.0811004638671875 -0.05877685546875 0.0986328125
-0.0833282470703125 -0.0187759399414063 -0.0156707763671875 0.136024475097656
-0.0820083618164063 0.0225830078125 -0.0168609619140625 0.147994995117188
-0.0531768798828125 0.056976318359375 0.02362060546875 0.095489501953125
0.00760650634765624 0.0728530883789063 0.0305862426757813 0.0544776916503906
0.0513839721679688 0.0404586791992188 0.00824546813964844 0.0242805480957031
0.0690460205078125 -0.0146675109863281 -0.00979995727539062 0.0284042358398438
0.0502853393554688 -0.0475654602050781 -0.00721359252929688 0.0555801391601563
0.0419044494628906 -0.0484352111816406 -0.00577545166015625 0.0730743408203125
0.0452995300292969 -0.05938720703125 -0.0145111083984375 0.0877227783203125
0.0612449645996094 -0.0516319274902344 -0.0397186279296875 0.0797348022460937
0.0784149169921875 -0.0118255615234375 -0.0599098205566406 0.0593414306640625
0.0728302001953125 0.0340499877929688 -0.0575904846191406 0.0188865661621094
0.00875091552734375 0.0845565795898437 -0.0354957580566406 -0.00806808471679686
-0.0590972900390625 0.0821380615234375 -0.0122871398925781 0.0486068725585938
-0.094024658203125 0.035736083984375 -0.0918197631835937 0.10888671875
0.0627212524414063 0.027984619140625 0.101097106933594 -0.109779357910156
0.058685302734375 -0.0437393188476563 0.0338325500488281 -0.0452003479003906
-0.00234222412109375 -0.0590553283691406 0.0424957275390625 0.00849151611328125
-0.0409774780273438 -0.0328102111816406 0.0859375 -0.0136566162109375
-0.0485801696777344 -0.00124359130859376 0.0861282348632813 -0.0704803466796875
-0.0427055358886719 0.032684326171875 0.0542755126953125 -0.111129760742188
-0.0291938781738281 0.0276927947998047 0.01727294921875 -0.117271423339844
-0.0289630889892578 0.0190277099609375 0.00787353515625001 -0.0961151123046875
-0.0403556823730469 0.0187110900878906 0.0135726928710937 -0.073272705078125
-0.0402717590332031 -0.0126228332519531 0.0171890258789063 -0.0525665283203125
-0.0169677734375 -0.0437240600585937 0.00229263305664063 -0.0307178497314453
0.02142333984375 -0.0434532165527344 -0.0118598937988281 -0.0472488403320312
0.06463623046875 -0.00852584838867188 -0.00781249999999999 -0.0991973876953125
0.0739669799804688 0.0369186401367188 0.0201873779296875 -0.142684936523438
0.0490264892578125 0.0668258666992188 0.0373687744140625 -0.126815795898438
0.0308990478515625 0.0813369750976562 0.122444152832031 -0.0887603759765625
0.0575523376464844 0.0144309997558594 0.0511932373046875 -0.0318641662597656
0.0216941833496094 -0.0170936584472656 0.0559310913085938 0.0180130004882813
0.00124549865722656 -0.0182170867919922 0.102584838867188 -0.0087890625
-0.00971412658691406 -0.0108203887939453 0.100387573242188 -0.0693359375
-0.0148525238037109 0.000318527221679688 0.0644607543945313 -0.117561340332031
-0.0124320983886719 -0.0110034942626953 0.0237884521484375 -0.1258544921875
-0.0100679397583008 -0.0162086486816406 0.0112686157226563 -0.101417541503906
-0.0162506103515625 -0.0193080902099609 0.0176773071289063 -0.0753250122070312
-0.0030975341796875 -0.0355873107910156 0.0246543884277344 -0.0512962341308594
0.0254440307617188 -0.0405006408691406 0.0054473876953125 -0.0241756439208984
0.0544471740722656 -0.0187721252441406 -0.0114860534667969 -0.0333805084228516
0.0667572021484375 0.0377998352050781 -0.0189056396484375 -0.0804367065429688
0.0547409057617188 0.0881576538085937 0.0100631713867188 -0.119041442871094
0.0188217163085938 0.112762451171875 0.0364456176757812 -0.096527099609375
-0.0114517211914063 0.123680114746094 0.130950927734375 -0.0505447387695312
0.0400238037109375 0.0770187377929688 0.0628128051757812 -0.00198745727539062
0.0393562316894531 0.0386161804199219 0.0667457580566406 0.0353775024414063
0.0463790893554688 0.007568359375 0.116142272949219 0.00414276123046875
0.0362663269042969 -0.0149002075195312 0.109481811523437 -0.058319091796875
0.0189990997314453 -0.0310382843017578 0.0697402954101563 -0.110939025878906
0.00732421875 -0.0485916137695313 0.0288772583007813 -0.117599487304688
0.0100784301757813 -0.0498123168945313 0.0130538940429687 -0.0912017822265625
0.00843429565429688 -0.054443359375 0.0169258117675781 -0.0632858276367188
0.0286331176757813 -0.0578956604003906 0.0224876403808594 -0.0413360595703125
0.0607070922851562 -0.0403709411621094 0.00222492218017579 -0.0135431289672852
0.0822067260742188 -0.00348663330078125 -0.0146846771240234 -0.0205707550048828
0.0712966918945312 0.0693130493164063 -0.0287055969238281 -0.06048583984375
0.0412750244140625 0.124626159667969 0.00172424316406251 -0.0878524780273437
-0.006561279296875 0.1427001953125 0.0270843505859375 -0.0558319091796875
-0.0581512451171875 0.146270751953125 0.121490478515625 0.00249481201171876
0.007781982421875 0.129081726074219 0.063995361328125 0.0426521301269531
0.04351806640625 0.0961685180664063 0.0712127685546875 0.0601043701171875
0.0838394165039063 0.0438079833984375 0.118858337402344 0.0231857299804688
0.080413818359375 -0.0095062255859375 0.107528686523438 -0.0390090942382813
0.0549659729003906 -0.0557098388671875 0.06719970703125 -0.0896148681640625
0.027801513671875 -0.0799789428710938 0.030609130859375 -0.0929031372070313
0.0283355712890625 -0.0762405395507813 0.0127830505371094 -0.0659599304199219
0.0296401977539062 -0.0840225219726563 0.0135269165039062 -0.0393753051757813
0.0528411865234375 -0.0774002075195313 0.0150356292724609 -0.0219993591308594
0.0869140625 -0.0425033569335938 -0.00587749481201171 0.000830650329589841
0.102157592773438 0.0055999755859375 -0.0202426910400391 -0.00769233703613281
0.072723388671875 0.0888748168945313 -0.0327911376953125 -0.0417709350585937
0.028564453125 0.144149780273438 0.00218582153320313 -0.0529403686523438
-0.0293121337890625 0.155715942382813 0.0133180618286133 -0.00948905944824218
-0.0961380004882813 0.139228820800781 0.095184326171875 0.0589218139648438
-0.034210205078125 0.152252197265625 0.0504531860351563 0.0916290283203125
0.0260391235351563 0.138053894042969 0.0642318725585938 0.085693359375
0.0991058349609375 0.0802459716796875 0.107589721679688 0.0449676513671875
0.110382080078125 0.00608062744140625 0.09136962890625 -0.013336181640625
0.0848541259765625 -0.0655975341796875 0.0548286437988281 -0.0581321716308594
0.0457229614257812 -0.0960922241210938 0.0270347595214844 -0.05584716796875
0.042938232421875 -0.0904464721679688 0.0112094879150391 -0.0307579040527344
0.0443267822265625 -0.100479125976563 0.00776338577270508 -0.00657081604003907
0.0691909790039063 -0.0883026123046875 0.00290274620056153 0.00378966331481933
0.102951049804687 -0.0418167114257812 -0.0172386169433594 0.0172157287597656
0.111740112304687 0.0133590698242187 -0.0269203186035156 0.00183105468750001
0.0671920776367188 0.100387573242187 -0.0320014953613281 -0.0281505584716797
0.0100250244140625 0.149093627929687 0.00704383850097656 -0.0196151733398437
-0.052001953125 0.14923095703125 -0.0043182373046875 0.0356407165527344
-0.115547180175781 0.104072570800781 0.0557327270507813 0.107101440429687
-0.07012939453125 0.137535095214844 0.0256576538085938 0.132072448730469
-0.0049285888671875 0.145538330078125 0.049896240234375 0.102577209472656
0.085784912109375 0.103317260742188 0.08221435546875 0.0598602294921875
0.114944458007812 0.0240707397460938 0.0646018981933594 0.00924301147460938
0.0986785888671875 -0.0600357055664063 0.0349407196044922 -0.0232410430908203
0.0573272705078125 -0.0967483520507812 0.0176334381103516 -0.0135154724121094
0.0498886108398437 -0.0908432006835938 0.00669193267822266 0.00911426544189453
0.0527267456054687 -0.102668762207031 0.000497817993164064 0.0290451049804687
0.0761566162109375 -0.0888671875 -0.0108318328857422 0.0324954986572266
0.106910705566406 -0.0365753173828125 -0.0309886932373047 0.0339794158935547
0.111038208007813 0.0217971801757813 -0.0357704162597656 0.00928115844726563
0.0534286499023437 0.106330871582031 -0.0297966003417969 -0.0192356109619141
-0.0140838623046875 0.141708374023438 0.00929355621337891 0.00960254669189454
-0.0739669799804687 0.126541137695313 -0.0284271240234375 0.0742568969726563
-0.111564636230469 0.0485153198242188 0.0154037475585937 0.136123657226563
-0.0875320434570312 0.0911636352539063 -9.15527343750218E-05 0.153671264648437
-0.035064697265625 0.116798400878906 0.0332489013671875 0.10662841796875
0.0527496337890625 0.100944519042969 0.0536651611328125 0.0633964538574219
0.0936737060546875 0.0364913940429687 0.0335960388183594 0.0234546661376953
0.0942001342773438 -0.0426483154296875 0.0116605758666992 0.0086517333984375
0.0583038330078125 -0.0809173583984375 0.00561141967773438 0.0266685485839844
0.0489883422851563 -0.0776519775390625 0.00161361694335938 0.0460777282714844
0.0521087646484375 -0.0903091430664063 -0.00683975219726562 0.0640640258789062
0.0735321044921875 -0.0784759521484375 -0.0260734558105469 0.0606689453125
0.100540161132812 -0.028106689453125 -0.0466079711914063 0.0501022338867187
0.099884033203125 0.028472900390625 -0.047698974609375 0.0153656005859375
0.0345916748046875 0.103294372558594 -0.0317363739013672 -0.01336669921875
-0.0389175415039063 0.121826171875 0.00359344482421875 0.0329952239990234
-0.0906219482421875 0.0900192260742188 -0.059356689453125 0.10284423828125
-0.088592529296875 -0.0150375366210937 -0.0143585205078125 0.14300537109375
-0.0846023559570313 0.0294342041015625 -0.016632080078125 0.15496826171875
-0.0525360107421875 0.0638656616210938 0.023284912109375 0.0991134643554687
0.0130691528320312 0.0763702392578125 0.0307998657226563 0.0575637817382813
0.056732177734375 0.0393943786621094 0.00889396667480469 0.0281028747558594
0.0707550048828125 -0.020233154296875 -0.00794219970703125 0.0324039459228516
0.049560546875 -0.0529594421386719 -0.00542449951171874 0.0579605102539063
0.041107177734375 -0.0539283752441406 -0.00319671630859374 0.0768203735351563
0.0440788269042969 -0.0651092529296875 -0.0136642456054687 0.0926361083984375
0.0609054565429688 -0.0577049255371094 -0.0407257080078125 0.08447265625
0.08148193359375 -0.0165557861328125 -0.0634956359863281 0.0633468627929687
0.0784378051757812 0.03118896484375 -0.0610084533691406 0.0191230773925781
0.0133132934570312 0.08941650390625 -0.0381393432617188 -0.00989532470703124
-0.05712890625 0.0885009765625 -0.010040283203125 0.0497322082519531
-0.0961227416992188 0.0416030883789062 -0.0934829711914063 0.1160888671875
0.0665664672851563 0.0243721008300781 0.100517272949219 -0.120597839355469
0.0572700500488281 -0.0487785339355469 0.031280517578125 -0.0478744506835938
-0.00598526000976562 -0.0612297058105469 0.0450477600097656 0.0091552734375
-0.0447273254394531 -0.0311470031738281 0.0899887084960938 -0.0172882080078125
-0.0504417419433594 0.00372314453125001 0.0867233276367188 -0.0782241821289063
-0.040557861328125 0.0378074645996094 0.0509872436523437 -0.121658325195313
-0.0274829864501953 0.0320091247558594 0.0111770629882812 -0.125053405761719
-0.0281028747558594 0.0223865509033203 0.00180053710937499 -0.101699829101563
-0.0389785766601563 0.0230064392089844 0.00836944580078124 -0.0788803100585938
-0.0419197082519531 -0.0085601806640625 0.0129356384277344 -0.0580482482910156
-0.0215110778808594 -0.042510986328125 0.000831604003906248 -0.0361595153808594
0.0186614990234375 -0.0462112426757813 -0.0121650695800781 -0.0513877868652344
0.0659255981445313 -0.0135116577148438 -0.0104217529296875 -0.103851318359375
0.07891845703125 0.031280517578125 0.0162811279296875 -0.151214599609375
0.0555381774902344 0.0654220581054688 0.0343780517578125 -0.137474060058594
0.036041259765625 0.0834579467773438 0.123275756835937 -0.101020812988281
0.0593795776367188 0.0126495361328125 0.0489349365234375 -0.0349884033203125
0.0219993591308594 -0.0169849395751953 0.0583076477050781 0.0181503295898438
0.000391006469726561 -0.0176811218261719 0.108192443847656 -0.012481689453125
-0.00981807708740235 -0.00911045074462891 0.101699829101562 -0.07769775390625
-0.0134944915771484 0.00168514251708984 0.0606231689453125 -0.128166198730469
-0.0127487182617188 -0.0109567642211914 0.016632080078125 -0.133682250976563
-0.0107040405273438 -0.0170812606811523 0.0037994384765625 -0.106773376464844
-0.0157852172851563 -0.0186367034912109 0.011810302734375 -0.0814056396484375
-0.00481414794921875 -0.0359344482421875 0.0195426940917969 -0.0583992004394531
0.0238914489746094 -0.0425071716308594 0.00395965576171875 -0.0297813415527344
0.0548782348632813 -0.0220527648925781 -0.0109786987304687 -0.0383796691894531
0.0716934204101563 0.0353775024414063 -0.0209503173828125 -0.0841751098632812
0.0616531372070313 0.0887222290039063 0.00640106201171875 -0.126533508300781
0.0259933471679688 0.116096496582031 0.0350723266601563 -0.106071472167969
-0.00545501708984374 0.13165283203125 0.134346008300781 -0.0609054565429687
0.045379638671875 0.0791549682617188 0.0627670288085937 -0.00485992431640624
0.0441741943359375 0.0405235290527344 0.0703887939453125 0.0360565185546875
0.0499610900878906 0.00643157958984375 0.121604919433594 0.00014495849609375
0.0382881164550781 -0.0172691345214844 0.111763000488281 -0.0668716430664063
0.0198497772216797 -0.0339756011962891 0.0663223266601562 -0.120010375976563
0.00556945800781251 -0.0525054931640625 0.0225143432617188 -0.125411987304688
0.00771331787109375 -0.0531959533691406 0.00569915771484376 -0.0963058471679688
0.00651168823242187 -0.0585403442382813 0.0111122131347656 -0.0684471130371094
0.0272369384765625 -0.062042236328125 0.0183067321777344 -0.0481948852539063
0.0616455078125 -0.0454597473144531 0.000366210937500002 -0.0184555053710938
0.0863418579101563 -0.00807952880859375 -0.0159435272216797 -0.0243263244628906
0.0786972045898438 0.0698394775390625 -0.0307426452636719 -0.0634536743164063
0.05010986328125 0.128471374511719 -0.00115966796875 -0.093536376953125
9.15527343749925E-05 0.149917602539063 0.0274772644042969 -0.0635604858398437
-0.0528411865234375 0.1585693359375 0.127311706542969 -0.00494384765624999
0.0151824951171875 0.13653564453125 0.065673828125 0.0403594970703125
0.0515365600585938 0.101112365722656 0.0751190185546875 0.0610198974609375
0.0920639038085938 0.0419769287109375 0.125480651855469 0.0197677612304688
0.0854034423828125 -0.0151443481445313 0.109794616699219 -0.045562744140625
0.0553970336914063 -0.0625343322753906 0.0653457641601563 -0.0973739624023438
0.0252151489257813 -0.08587646484375 0.0254287719726563 -0.0996170043945312
0.0244903564453125 -0.0823287963867188 0.00710296630859375 -0.0703125
0.0260467529296875 -0.0908279418945313 0.00825119018554688 -0.0424118041992188
0.0515365600585938 -0.0844192504882813 0.0105113983154297 -0.0264167785644531
0.0895156860351563 -0.0501327514648438 -0.00820589065551757 -0.00242996215820313
0.108810424804688 -0.0004119873046875 -0.0218009948730469 -0.0111942291259766
0.0826644897460938 0.090789794921875 -0.0350799560546875 -0.0450553894042969
0.0387115478515625 0.151275634765625 0.000530242919921872 -0.0578269958496094
-0.0225372314453125 0.165130615234375 0.0149335861206055 -0.0147743225097656
-0.0931396484375 0.154449462890625 0.101417541503906 0.0552291870117188
-0.0274200439453125 0.163482666015625 0.0546646118164063 0.09210205078125
0.036529541015625 0.145858764648438 0.069671630859375 0.0874557495117188
0.110328674316406 0.07916259765625 0.112808227539063 0.042724609375
0.117706298828125 -0.00103759765625 0.0947189331054688 -0.0178604125976563
0.0861282348632813 -0.0746002197265625 0.0544052124023438 -0.0625076293945313
0.042449951171875 -0.104881286621094 0.0239410400390625 -0.0602378845214844
0.0381317138671875 -0.0996932983398437 0.00713539123535156 -0.0335731506347656
0.0401687622070312 -0.110572814941406 0.00511741638183594 -0.00715875625610352
0.06634521484375 -0.0981292724609375 6.68764114379922E-05 0.00208163261413574
0.105987548828125 -0.0514678955078125 -0.0197925567626953 0.0164718627929687
0.12017822265625 0.00665283203125 -0.0290737152099609 0.000308990478515619
0.0782928466796875 0.103446960449219 -0.0339183807373047 -0.0305137634277344
0.0209503173828125 0.157318115234375 0.00665855407714844 -0.0232086181640625
-0.0459442138671875 0.160797119140625 -0.00222587585449219 0.034454345703125
-0.115592956542969 0.119285583496094 0.0627899169921875 0.108551025390625
-0.065185546875 0.150955200195313 0.0303878784179688 0.1356201171875
0.00506591796874999 0.156707763671875 0.0546417236328125 0.105598449707031
0.0986099243164062 0.103279113769531 0.0873184204101563 0.059600830078125
0.123146057128906 0.0171279907226563 0.0672378540039063 0.00815963745117188
0.100631713867187 -0.0697555541992188 0.035980224609375 -0.023681640625
0.053131103515625 -0.106216430664063 0.0169134140014648 -0.0152912139892578
0.045135498046875 -0.100105285644531 0.00610399246215821 0.00838756561279296
0.04779052734375 -0.112777709960938 0.000112533569335943 0.0312595367431641
0.07269287109375 -0.09967041015625 -0.0119132995605469 0.0340480804443359
0.110671997070313 -0.0470962524414063 -0.0330390930175781 0.0361709594726562
0.11956787109375 0.014801025390625 -0.0384597778320312 0.00977706909179688
0.0642242431640625 0.110054016113281 -0.0326423645019531 -0.0203647613525391
-0.0046539306640625 0.151901245117188 0.0103282928466797 0.0068340301513672
-0.0696182250976563 0.138801574707031 -0.0257720947265625 0.077392578125
-0.114639282226563 0.0606613159179688 0.02203369140625 0.14202880859375
-0.086395263671875 0.103858947753906 0.00488281250000001 0.160308837890625
-0.028045654296875 0.128372192382813 0.037506103515625 0.110321044921875
0.0631484985351563 0.103111267089844 0.057403564453125 0.0651130676269531
0.1019287109375 0.0308990478515625 0.0359649658203125 0.0249977111816406
0.095458984375 -0.0525131225585937 0.0137882232666016 0.0114545822143555
0.0548477172851563 -0.08917236328125 0.0074615478515625 0.0279884338378906
0.0447540283203125 -0.0859756469726563 0.0040283203125 0.0490226745605469
0.04754638671875 -0.0995101928710938 -0.00490951538085936 0.0681953430175781
0.070220947265625 -0.0885467529296875 -0.0258102416992188 0.0651283264160156
0.103790283203125 -0.0371856689453125 -0.0488204956054688 0.0547599792480469
0.107879638671875 0.0219650268554688 -0.0506439208984375 0.0175094604492187
0.0439453125 0.107612609863281 -0.0341720581054688 -0.0139656066894531
-0.0311126708984375 0.132308959960937 0.00690269470214844 0.0323410034179688
-0.0889739990234375 0.100624084472656 -0.0560989379882813 0.109474182128906
-0.0941162109375 -0.00725555419921875 -0.00938415527343751 0.151718139648437
-0.086883544921875 0.0378875732421875 -0.0117034912109375 0.162567138671875
-0.0502395629882812 0.0735626220703125 0.0266647338867187 0.102874755859375
0.0205764770507813 0.0791397094726563 0.0328292846679688 0.0606155395507813
0.0640449523925781 0.0359230041503906 0.0105438232421875 0.0320358276367188
0.0727462768554688 -0.0272064208984375 -0.0059967041015625 0.0377349853515625
0.0464286804199219 -0.0600471496582031 -0.000888824462890622 0.061431884765625
0.0383834838867188 -0.0602149963378906 0.00147247314453125 0.0806045532226563
0.0408172607421875 -0.0723953247070313 -0.0096282958984375 0.0989837646484375
0.0587806701660156 -0.0651054382324219 -0.0395431518554687 0.0917892456054688
0.0848236083984375 -0.0236968994140625 -0.0649261474609375 0.0703659057617187
0.0846786499023437 0.026519775390625 -0.0654449462890625 0.0221633911132813
0.0202178955078125 0.0937728881835938 -0.0401420593261719 -0.0102691650390625
-0.05291748046875 0.0970687866210938 -0.0062255859375 0.0507164001464844
-0.0961990356445313 0.0499725341796875 -0.0909576416015625 0.12628173828125
0.0695724487304688 0.0191383361816406 0.0947723388671875 -0.131660461425781
0.0531158447265625 -0.0534858703613281 0.0272254943847656 -0.0496788024902344
-0.0113410949707031 -0.0616035461425781 0.0467681884765625 0.00909805297851562
-0.0475044250488281 -0.0273551940917969 0.0925521850585938 -0.0224609375
-0.0511398315429687 0.00983047485351563 0.0833206176757813 -0.0865097045898438
-0.0363502502441406 0.0427513122558594 0.0421295166015625 -0.129936218261719
-0.0236759185791016 0.0350551605224609 0.00107574462890623 -0.129226684570313
-0.0260124206542969 0.0252666473388672 -0.0076141357421875 -0.104393005371094
-0.0359001159667969 0.0273628234863281 0.000396728515625001 -0.0826263427734375
-0.0426864624023438 -0.00364303588867187 0.00658035278320312 -0.0624198913574219
-0.0264320373535156 -0.0394744873046875 -0.001708984375 -0.0403366088867188
0.0140228271484375 -0.0481719970703125 -0.014556884765625 -0.0545501708984375
0.0645217895507813 -0.0202903747558594 -0.014617919921875 -0.105560302734375
0.0823211669921875 0.0252151489257812 0.008056640625 -0.156723022460938
0.0619926452636719 0.0612106323242188 0.026611328125 -0.146148681640625
0.0428314208984375 0.08245849609375 0.119331359863281 -0.113624572753906
0.061065673828125 0.00966644287109375 0.0459365844726563 -0.0383262634277344
0.0212688446044922 -0.0175857543945313 0.0601997375488281 0.0170478820800781
8.86917114257813E-05 -0.0172109603881836 0.110725402832031 -0.0194549560546875
-0.0100393295288086 -0.00747299194335938 0.0987396240234375 -0.0870590209960938
-0.0118560791015625 0.00349044799804688 0.0522003173828125 -0.136459350585937
-0.0132112503051758 -0.010009765625 0.00572204589843749 -0.138710021972656
-0.0117626190185547 -0.0160303115844727 -0.00644683837890626 -0.109992980957031
-0.0160808563232422 -0.0180168151855469 0.00286865234375 -0.0847549438476563
-0.00643157958984375 -0.0355300903320313 0.0123939514160156 -0.0639533996582031
0.02069091796875 -0.0433578491210938 0.000759124755859376 -0.0343208312988281
0.0542221069335938 -0.0265274047851563 -0.0135612487792969 -0.042388916015625
0.075042724609375 0.0308837890625 -0.0242538452148437 -0.0858917236328125
0.0692977905273438 0.0860595703125 2.28881835937557E-05 -0.131065368652344
0.0347747802734375 0.116561889648438 0.0300674438476562 -0.114906311035156
0.004150390625 0.135948181152344 0.132705688476563 -0.0734405517578125
0.0522384643554688 0.0784378051757813 0.061065673828125 -0.00848007202148437
0.049224853515625 0.0399513244628906 0.0733566284179688 0.03424072265625
0.0527725219726563 0.00395965576171875 0.124580383300781 -0.00722503662109375
0.0386466979980469 -0.020050048828125 0.109100341796875 -0.0761337280273438
0.0192451477050781 -0.0359573364257812 0.0590667724609375 -0.12799072265625
0.00197982788085938 -0.0545463562011719 0.0116424560546875 -0.129989624023438
0.00317764282226563 -0.0557670593261719 -0.00443267822265625 -0.0984954833984375
0.00312805175781251 -0.0611038208007812 0.00331878662109374 -0.0717849731445313
0.0239982604980469 -0.0660781860351562 0.0106620788574219 -0.0530014038085938
0.0600624084472656 -0.0510787963867187 -0.00299263000488281 -0.0224571228027344
0.087921142578125 -0.0139999389648438 -0.0181236267089844 -0.0277423858642578
0.0864410400390625 0.0662612915039063 -0.0339584350585938 -0.0648345947265625
0.0612411499023437 0.129051208496094 -0.005767822265625 -0.097442626953125
0.011322021484375 0.153823852539063 0.0247344970703125 -0.0706253051757812
-0.0416107177734375 0.167678833007813 0.129478454589844 -0.015716552734375
0.0252609252929687 0.139106750488281 0.0667228698730469 0.0374107360839844
0.06231689453125 0.102630615234375 0.0799331665039063 0.058929443359375
0.0987625122070312 0.0369186401367187 0.128822326660156 0.0130996704101563
0.0870742797851562 -0.0220489501953125 0.109039306640625 -0.0537643432617188
0.0534896850585938 -0.0676536560058594 0.0593490600585937 -0.1033935546875
0.0185623168945313 -0.090362548828125 0.0162200927734375 -0.104156494140625
0.0183334350585938 -0.087860107421875 -0.000854492187500004 -0.0718765258789063
0.01953125 -0.0960006713867188 0.00261688232421875 -0.0443992614746094
0.0452194213867188 -0.0915908813476562 0.00487899780273438 -0.0300731658935547
0.0883560180664063 -0.0584335327148438 -0.0108394622802734 -0.00497817993164063
0.112480163574219 -0.00896453857421875 -0.0239982604980469 -0.0135669708251953
0.0930709838867188 0.0882415771484375 -0.0384025573730469 -0.0453987121582031
0.0519561767578125 0.153472900390625 -0.00295639038085938 -0.0617523193359375
-0.01141357421875 0.172073364257813 0.0153694152832031 -0.0196437835693359
-0.08355712890625 0.1680908203125 0.106742858886719 0.0485076904296875
-0.0150299072265625 0.17132568359375 0.0586395263671875 0.0900421142578125
0.0511016845703125 0.149887084960938 0.074920654296875 0.0862655639648438
0.121078491210937 0.0731124877929687 0.117652893066406 0.037933349609375
0.120903015136719 -0.0116729736328125 0.0957412719726563 -0.0234603881835937
0.0831832885742188 -0.0835494995117188 0.0517578125 -0.0668106079101562
0.0335922241210937 -0.112014770507813 0.017822265625 -0.0635414123535156
0.0297927856445313 -0.105827331542969 0.00309371948242187 -0.0343437194824219
0.0313339233398438 -0.117378234863281 0.0021815299987793 -0.00719690322875977
0.05963134765625 -0.107353210449219 -0.00345611572265625 0.00104832649230956
0.104942321777344 -0.062713623046875 -0.0214653015136719 0.0168514251708984
0.124237060546875 -0.00325775146484375 -0.0313720703125 -0.000299453735351562
0.090667724609375 0.101913452148438 -0.0368728637695312 -0.0308341979980469
0.034576416015625 0.162002563476563 0.0054779052734375 -0.0268688201904297
-0.03515625 0.169937133789063 0.00133895874023437 0.0323696136474609
-0.109664916992188 0.134025573730469 0.0711288452148438 0.10589599609375
-0.05511474609375 0.161788940429688 0.0383682250976563 0.135765075683594
0.0199127197265625 0.163543701171875 0.0603790283203125 0.105247497558594
0.11041259765625 0.09918212890625 0.092041015625 0.0565948486328125
0.128883361816406 0.00659942626953125 0.0690727233886719 0.00439834594726562
0.0983657836914063 -0.0808029174804688 0.0355110168457031 -0.0247802734375
0.04425048828125 -0.113449096679688 0.0156116485595703 -0.0164794921875
0.036956787109375 -0.107345581054688 0.00549364089965821 0.00793313980102538
0.0377883911132813 -0.121025085449219 0.00108718872070313 0.0328922271728516
0.0653533935546875 -0.109580993652344 -0.0128364562988281 0.0352287292480469
0.109962463378906 -0.05902099609375 -0.0341262817382813 0.0386276245117187
0.124954223632813 0.00411224365234375 -0.0406303405761719 0.0110015869140625
0.0770339965820313 0.108833312988281 -0.0348739624023438 -0.0207881927490234
0.00877380371093751 0.15771484375 0.0119705200195312 0.00409221649169923
-0.0603485107421875 0.14898681640625 -0.019561767578125 0.078521728515625
-0.113174438476563 0.0741653442382813 0.03125 0.145095825195313
-0.0799942016601563 0.115211486816406 0.01361083984375 0.16339111328125
-0.0169296264648438 0.136817932128906 0.043426513671875 0.111244201660156
0.07611083984375 0.100715637207031 0.0613479614257813 0.0644149780273438
0.107795715332031 0.021759033203125 0.0388374328613281 0.0251007080078125
0.0939788818359375 -0.0625076293945313 0.0156106948852539 0.0131292343139648
0.0471954345703125 -0.097015380859375 0.00980758666992188 0.0275783538818359
0.0379867553710938 -0.0927505493164062 0.00725555419921875 0.0488510131835937
0.0391159057617187 -0.107376098632813 -0.000625610351562499 0.0716323852539063
0.0637969970703125 -0.0974960327148438 -0.0237388610839844 0.0686111450195313
0.103652954101562 -0.0486221313476562 -0.0475120544433594 0.0595970153808594
0.113250732421875 0.0128173828125 -0.0530815124511719 0.0196876525878906
0.0559768676757813 0.107856750488281 -0.0365715026855469 -0.0136299133300781
-0.0202407836914062 0.139495849609375 0.00980186462402343 0.0307502746582031
-0.0822525024414063 0.111335754394531 -0.0487442016601563 0.1148681640625
-0.0974044799804687 0.00206756591796875 0.000381469726562482 0.157333374023438
-0.085296630859375 0.0480422973632812 -0.00250244140625002 0.167831420898437
-0.0435333251953125 0.0817108154296875 0.0317001342773438 0.103790283203125
0.02978515625 0.08026123046875 0.0362091064453125 0.0615501403808594
0.0688400268554688 0.0294075012207031 0.0133991241455078 0.0349597930908203
0.0714111328125 -0.0351181030273438 -0.001129150390625 0.0410385131835938
0.0413551330566406 -0.0653800964355469 0.00360488891601563 0.0630722045898438
0.0329627990722656 -0.0658187866210938 0.008056640625 0.0815811157226563
0.0349960327148437 -0.07861328125 -0.00250244140625 0.103538513183594
0.0533905029296875 -0.0728530883789063 -0.0347900390625 0.097930908203125
0.0841064453125 -0.0332870483398438 -0.0626449584960938 0.076934814453125
0.08929443359375 0.019012451171875 -0.0666007995605469 0.0269546508789063
0.0293197631835937 0.0948410034179688 -0.0423126220703125 -0.00842666625976561
-0.0448989868164063 0.10540771484375 -0.000778198242187502 0.0497894287109375
-0.0935897827148438 0.059295654296875 -0.0834808349609375 0.135917663574219
0.0692977905273438 0.0136375427246094 0.0856781005859375 -0.138404846191406
0.0480270385742187 -0.05645751953125 0.0229148864746094 -0.0495986938476563
-0.0166511535644531 -0.0597763061523438 0.0465850830078125 0.00810623168945312
-0.0491142272949219 -0.0226593017578125 0.09210205078125 -0.0270309448242188
-0.0490455627441406 0.0147895812988281 0.0772018432617188 -0.091766357421875
-0.0309677124023438 0.0454483032226562 0.0324554443359375 -0.131668090820312
-0.0196189880371094 0.0376396179199219 -0.00823974609374999 -0.129684448242188
-0.0231914520263672 0.0273933410644531 -0.0161285400390625 -0.103401184082031
-0.032257080078125 0.0299224853515625 -0.0076141357421875 -0.0825729370117187
-0.0416412353515625 0.000782012939453124 -0.000289916992187504 -0.06378173828125
-0.0294647216796875 -0.0353813171386719 -0.00490951538085938 -0.0434799194335938
0.00925064086914062 -0.047821044921875 -0.0168228149414063 -0.056793212890625
0.0618743896484375 -0.0256271362304687 -0.0183944702148438 -0.105148315429688
0.0820846557617188 0.0185928344726563 -0.000335693359374992 -0.156997680664063
0.0650100708007813 0.0553703308105469 0.018341064453125 -0.14971923828125
0.047271728515625 0.0792236328125 0.1123046875 -0.12139892578125
0.0601043701171875 0.0059661865234375 0.0413780212402344 -0.0393257141113281
0.0203456878662109 -0.0178279876708984 0.060760498046875 0.0154342651367188
-0.000729560852050781 -0.0162124633789063 0.109825134277344 -0.024627685546875
-0.00991725921630859 -0.00559329986572266 0.0921554565429688 -0.0928802490234375
-0.00899219512939453 0.00442409515380859 0.04168701171875 -0.139732360839844
-0.0124406814575195 -0.00918006896972656 -0.00534820556640624 -0.138427734375
-0.0126447677612305 -0.0154800415039062 -0.0157318115234375 -0.108383178710938
-0.0159521102905273 -0.0172901153564453 -0.00551605224609375 -0.0848846435546875
-0.00841331481933594 -0.0343456268310547 0.0045013427734375 -0.0658645629882813
0.0175285339355469 -0.0432472229003906 -0.00278854370117187 -0.0378379821777344
0.0521774291992188 -0.0290489196777344 -0.0154876708984375 -0.0443458557128906
0.0758895874023438 0.0262985229492187 -0.0270004272460938 -0.0853805541992188
0.0739059448242188 0.0801773071289063 -0.00708007812499998 -0.131240844726563
0.0412750244140625 0.112960815429687 0.0235519409179688 -0.11920166015625
0.0128631591796875 0.136085510253906 0.126899719238281 -0.082000732421875
0.0563201904296875 0.0759506225585938 0.0575599670410156 -0.0113792419433594
0.0529975891113281 0.0378990173339844 0.073883056640625 0.0312423706054688
0.0536994934082031 0.0009765625 0.123886108398438 -0.0134735107421875
0.0380630493164063 -0.0216636657714844 0.103492736816406 -0.0817413330078125
0.0186805725097656 -0.0373039245605469 0.0496826171875 -0.1314697265625
-0.00104904174804687 -0.0546226501464844 0.001068115234375 -0.129814147949219
-0.000606536865234373 -0.0557937622070313 -0.013214111328125 -0.0971755981445313
-0.000659942626953121 -0.0622062683105469 -0.00465393066406249 -0.0711593627929688
0.01947021484375 -0.0679664611816406 0.00283050537109375 -0.05499267578125
0.05645751953125 -0.0547637939453125 -0.00711059570312499 -0.0253677368164063
0.0869140625 -0.0196380615234375 -0.0197944641113281 -0.0298423767089844
0.0905532836914063 0.0609130859375 -0.0361747741699219 -0.0636253356933594
0.0691986083984375 0.124923706054688 -0.01080322265625 -0.09832763671875
0.020660400390625 0.152511596679688 0.0210494995117188 -0.0759353637695312
-0.030303955078125 0.172088623046875 0.127067565917969 -0.0250701904296875
0.0351104736328125 0.138275146484375 0.0658683776855469 0.0334815979003906
0.0705490112304688 0.0996017456054687 0.0809860229492187 0.0561370849609375
0.102195739746094 0.0298233032226563 0.128608703613281 0.00704193115234375
0.0857925415039063 -0.027801513671875 0.105018615722656 -0.059295654296875
0.0505142211914063 -0.0717239379882813 0.0521392822265625 -0.106330871582031
0.0119552612304688 -0.0921554565429688 0.00793457031249999 -0.104087829589844
0.0109481811523438 -0.0890121459960937 -0.00815582275390624 -0.071075439453125
0.011474609375 -0.0987625122070313 -0.00262451171874999 -0.0435218811035156
0.0388107299804687 -0.0946731567382813 -0.00148963928222656 -0.0319232940673828
0.083953857421875 -0.0653839111328125 -0.0144014358520508 -0.00640583038330078
0.11212158203125 -0.016998291015625 -0.0260009765625 -0.0148487091064453
0.100051879882812 0.0826492309570313 -0.0397186279296875 -0.0448455810546875
0.0628204345703125 0.150955200195313 -0.00587081909179688 -0.0631294250488281
0.000808715820312518 0.172897338867187 0.0151214599609375 -0.0246124267578125
-0.0721435546875 0.175033569335938 0.108085632324219 0.0407867431640625
-0.00270080566406248 0.172607421875 0.0615692138671875 0.0855331420898438
0.062774658203125 0.14874267578125 0.0772323608398438 0.082489013671875
0.126800537109375 0.0648651123046875 0.118232727050781 0.0318145751953125
0.120185852050781 -0.021026611328125 0.093231201171875 -0.0285873413085937
0.0772857666015625 -0.0898361206054688 0.0478019714355469 -0.0685081481933594
0.0253448486328125 -0.114921569824219 0.0118980407714844 -0.063873291015625
0.0213470458984375 -0.107994079589844 -0.00173377990722656 -0.0336418151855469
0.021270751953125 -0.120582580566406 -0.000845432281494139 -0.00637054443359376
0.050567626953125 -0.112808227539063 -0.00732898712158203 0.000505924224853507
0.100860595703125 -0.07122802734375 -0.0235691070556641 0.0164756774902344
0.125076293945313 -0.0129928588867188 -0.0333461761474609 -0.000679016113281254
0.0990371704101563 0.0959091186523438 -0.0386123657226562 -0.0306663513183594
0.04742431640625 0.161514282226563 0.00412368774414063 -0.0292587280273437
-0.022674560546875 0.173553466796875 0.00380134582519531 0.0285663604736328
-0.0994873046875 0.143402099609375 0.0756149291992188 0.100929260253906
-0.0437469482421875 0.166015625 0.0433120727539063 0.132942199707031
0.032623291015625 0.164108276367188 0.0638580322265625 0.101524353027344
0.119781494140625 0.091339111328125 0.0936660766601563 0.0519638061523438
0.128730773925781 -0.0039215087890625 0.0695953369140625 0.00242996215820312
0.0919265747070313 -0.0880966186523438 0.0352745056152344 -0.0253448486328125
0.0355987548828125 -0.116668701171875 0.0134115219116211 -0.0171518325805664
0.0276412963867187 -0.11065673828125 0.00441694259643555 0.0076150894165039
0.0275955200195313 -0.124588012695313 0.0017547607421875 0.0338134765625
0.0557708740234375 -0.115196228027344 -0.0134506225585937 0.0356369018554687
0.105545043945313 -0.0686111450195313 -0.0339241027832031 0.0406417846679687
0.12518310546875 -0.00548553466796875 -0.0420494079589844 0.0115890502929688
0.08599853515625 0.104408264160156 -0.036712646484375 -0.0201950073242187
0.0218048095703125 0.158340454101562 0.0124120712280273 0.000902175903320322
-0.0492095947265625 0.154251098632813 -0.0141067504882813 0.0765151977539063
-0.107467651367187 0.0844802856445312 0.038970947265625 0.142730712890625
-0.0716629028320312 0.1212158203125 0.0211944580078125 0.161758422851563
-0.00517272949218749 0.140022277832031 0.0467605590820313 0.108177185058594
0.084503173828125 0.0954971313476563 0.0628776550292969 0.0621604919433594
0.109580993652344 0.01263427734375 0.0407333374023438 0.0252609252929688
0.0879364013671875 -0.0699386596679687 0.0185279846191406 0.0140953063964844
0.038299560546875 -0.100044250488281 0.0117168426513672 0.0274505615234375
0.0294342041015625 -0.0957794189453125 0.00943756103515625 0.0483665466308594
0.0290298461914062 -0.110832214355469 0.00360107421875 0.0714111328125
0.0544662475585937 -0.102790832519531 -0.0206298828125 0.0704803466796875
0.0996017456054688 -0.0577468872070313 -0.0456733703613281 0.0622024536132812
0.114402770996094 0.00376129150390625 -0.0523834228515625 0.0225334167480469
0.06451416015625 0.105415344238281 -0.03753662109375 -0.0132179260253906
-0.00804138183593749 0.141632080078125 0.0128021240234375 0.0277614593505859
-0.07305908203125 0.116714477539062 -0.0401840209960938 0.116249084472656
-0.0962066650390625 0.0113677978515625 0.008148193359375 0.158782958984375
-0.08074951171875 0.05535888671875 0.00479125976562499 0.16693115234375
-0.0354537963867187 0.087432861328125 0.0348358154296875 0.102165222167969
0.0373611450195313 0.0770645141601563 0.0377159118652344 0.0613975524902344
0.0706405639648438 0.02252197265625 0.0168609619140625 0.0365943908691406
0.0681800842285156 -0.04150390625 0.00381088256835938 0.0421218872070313
0.0342903137207031 -0.0683746337890625 0.00918960571289063 0.0621414184570312
0.0262832641601562 -0.0679092407226563 0.0134963989257813 0.0809097290039063
0.026824951171875 -0.0812454223632813 0.00531768798828124 0.103645324707031
0.0459747314453125 -0.0766754150390625 -0.0297393798828125 0.100341796875
0.081146240234375 -0.040252685546875 -0.0587539672851563 0.0816497802734375
0.0902633666992188 0.011505126953125 -0.0660476684570313 0.0310859680175781
0.0370101928710937 0.0927658081054688 -0.0435905456542969 -0.00817489624023437
-0.0354690551757813 0.108100891113281 0.00221252441406249 0.0476264953613281
-0.0878677368164063 0.065093994140625 -0.0735397338867188 0.139839172363281
0.0689888000488281 0.0104560852050781 0.08001708984375 -0.140144348144531
0.0437240600585938 -0.0572013854980469 0.0198249816894531 -0.0483551025390625
-0.0194931030273438 -0.0577392578125 0.0466537475585938 0.00827789306640625
-0.0501823425292969 -0.0189018249511719 0.0911026000976563 -0.0289764404296875
-0.0469017028808594 0.01800537109375 0.0732421875 -0.0923919677734375
-0.0267677307128906 0.0466957092285156 0.0264434814453125 -0.131477355957031
-0.01611328125 0.0372161865234375 -0.01385498046875 -0.127372741699219
-0.0209922790527344 0.0280876159667969 -0.0203399658203125 -0.101280212402344
-0.0287647247314453 0.0305309295654297 -0.0125808715820313 -0.0811843872070313
-0.0398674011230469 0.0037078857421875 -0.00521087646484376 -0.0629997253417969
-0.0306377410888672 -0.0313148498535156 -0.00716781616210938 -0.0456352233886719
0.0062713623046875 -0.0463371276855469 -0.0175437927246094 -0.0578994750976563
0.0587615966796875 -0.0280685424804688 -0.0186843872070313 -0.103813171386719
0.081085205078125 0.0136871337890625 -0.00407409667968749 -0.155410766601563
0.0655174255371094 0.0507164001464844 0.0135040283203125 -0.150543212890625
0.0493011474609375 0.0756988525390625 0.106246948242188 -0.124282836914063
0.0588417053222656 0.00424575805664063 0.0382575988769531 -0.038848876953125
0.0191936492919922 -0.0176124572753906 0.0601310729980469 0.0153007507324219
-0.00118350982666016 -0.0152416229248047 0.108283996582031 -0.0268096923828125
-0.00889110565185547 -0.00432682037353516 0.087066650390625 -0.0944061279296875
-0.00689172744750977 0.00488185882568359 0.0348434448242187 -0.139389038085938
-0.0113992691040039 -0.00827789306640625 -0.0115509033203125 -0.136482238769531
-0.0124120712280273 -0.014399528503418 -0.021331787109375 -0.105354309082031
-0.0160198211669922 -0.0168571472167969 -0.0112762451171875 -0.083251953125
-0.0084228515625 -0.0328712463378906 -0.00188446044921875 -0.06646728515625
0.0154800415039063 -0.04248046875 -0.00546646118164063 -0.0401077270507813
0.049835205078125 -0.0293693542480469 -0.0162124633789063 -0.0464973449707031
0.0750579833984375 0.0232391357421875 -0.0271072387695312 -0.0843658447265625
0.0749435424804688 0.0759353637695313 -0.0097808837890625 -0.130989074707031
0.044342041015625 0.109230041503906 0.0200042724609375 -0.121566772460938
0.01763916015625 0.1339111328125 0.122085571289063 -0.0861663818359375
0.0585708618164063 0.0732345581054688 0.0545768737792969 -0.0121612548828125
0.0540618896484375 0.0369453430175781 0.0730056762695313 0.0309829711914063
0.0539474487304688 -5.7220458984375E-05 0.121612548828125 -0.0158843994140625
0.0372505187988281 -0.0224838256835938 0.0982437133789063 -0.0837326049804688
0.0186920166015625 -0.0383415222167969 0.043304443359375 -0.131202697753906
-0.0031585693359375 -0.0539169311523438 -0.00569915771484375 -0.128067016601563
-0.00336837768554687 -0.0553436279296875 -0.0192489624023437 -0.0942916870117188
-0.00313186645507812 -0.0620002746582031 -0.01019287109375 -0.0694923400878906
0.0164146423339844 -0.0681190490722656 -0.00300979614257813 -0.0551528930664063
0.0534019470214844 -0.0555076599121094 -0.0101642608642578 -0.0275936126708984
0.0850601196289063 -0.0224685668945313 -0.0210399627685547 -0.0318374633789062
0.0920333862304688 0.0575714111328125 -0.0355873107910156 -0.0636062622070313
0.07318115234375 0.121322631835937 -0.01312255859375 -0.0981903076171875
0.0255584716796875 0.150070190429688 0.018524169921875 -0.0792617797851562
-0.023468017578125 0.17156982421875 0.123252868652344 -0.030120849609375
0.0391998291015625 0.135810852050781 0.0637588500976563 0.0313758850097656
0.074798583984375 0.0973968505859375 0.0801773071289063 0.0545120239257813
0.103446960449219 0.02642822265625 0.126754760742188 0.00390625
0.0839920043945312 -0.03106689453125 0.100936889648438 -0.0611114501953125
0.046875 -0.0733413696289063 0.047149658203125 -0.105979919433594
0.00734710693359374 -0.0911865234375 0.00232696533203126 -0.102287292480469
0.00649261474609376 -0.0882568359375 -0.0130081176757813 -0.0686073303222656
0.00640106201171874 -0.0984649658203125 -0.00716781616210938 -0.0418014526367188
0.03448486328125 -0.0968093872070313 -0.00682258605957031 -0.0317764282226563
0.0811996459960938 -0.0691680908203125 -0.0176544189453125 -0.00761413574218751
0.110893249511719 -0.0212554931640625 -0.0273895263671875 -0.0164165496826172
0.103530883789063 0.0787582397460938 -0.0394210815429687 -0.0454788208007813
0.0692901611328125 0.147781372070313 -0.00698471069335937 -0.063720703125
0.0066375732421875 0.171035766601563 0.0144424438476563 -0.0281543731689453
-0.0638580322265625 0.177383422851563 0.107574462890625 0.0360794067382813
0.00439453125 0.171432495117188 0.060943603515625 0.0824508666992188
0.0704345703125 0.145736694335937 0.0769577026367188 0.0799102783203125
0.129791259765625 0.0597686767578125 0.116249084472656 0.0292892456054688
0.1180419921875 -0.0258407592773437 0.0912017822265625 -0.0301589965820312
0.073089599609375 -0.0928878784179688 0.0446662902832031 -0.0682754516601563
0.019561767578125 -0.1136474609375 0.0090484619140625 -0.0637283325195313
0.0147933959960937 -0.107345581054688 -0.0051422119140625 -0.0321540832519531
0.0147476196289063 -0.120796203613281 -0.00293731689453125 -0.00511789321899415
0.044342041015625 -0.114227294921875 -0.0109262466430664 0.000450134277343744
0.096160888671875 -0.0758209228515625 -0.0260601043701172 0.0162906646728516
0.123703002929688 -0.0190505981445313 -0.0342769622802734 -0.00127220153808593
0.103446960449219 0.0930252075195313 -0.0387115478515625 -0.03082275390625
0.0547332763671875 0.158737182617187 0.00300025939941407 -0.0307292938232422
-0.0157318115234375 0.172317504882813 0.00516128540039062 0.0242424011230469
-0.0920867919921875 0.147705078125 0.077423095703125 0.0968170166015625
-0.0354766845703125 0.167312622070313 0.045135498046875 0.12884521484375
0.0416717529296875 0.16278076171875 0.0631790161132813 0.0988845825195313
0.123336791992188 0.0852584838867187 0.0921859741210938 0.0502090454101563
0.126777648925781 -0.00943756103515625 0.0686569213867188 0.00110244750976562
0.0866470336914063 -0.0921249389648438 0.0339527130126953 -0.0249214172363281
0.0288467407226562 -0.117202758789063 0.0115318298339844 -0.0173587799072266
0.0209884643554687 -0.11004638671875 0.00270843505859375 0.00783014297485351
0.0194854736328125 -0.125541687011719 0.00171661376953125 0.0343227386474609
0.04901123046875 -0.117134094238281 -0.0151023864746094 0.0362205505371094
0.101554870605469 -0.07366943359375 -0.0344619750976562 0.0410079956054687
0.124443054199219 -0.0125045776367187 -0.0422744750976562 0.012664794921875
0.091705322265625 0.100921630859375 -0.0371208190917969 -0.0204963684082031
0.0298919677734375 0.15704345703125 0.0123977661132813 -0.00197601318359374
-0.0424957275390625 0.15435791015625 -0.0110702514648437 0.0739822387695313
-0.102043151855469 0.0897750854492188 0.0416717529296875 0.140151977539063
-0.0642623901367188 0.124038696289063 0.023651123046875 0.158157348632813
0.00354766845703126 0.139633178710938 0.0462570190429688 0.105941772460938
0.0889968872070312 0.090301513671875 0.0630073547363281 0.061187744140625
0.10821533203125 0.00627899169921875 0.0407867431640625 0.0243415832519531
0.0839080810546875 -0.0739898681640625 0.0200614929199219 0.0140800476074219
0.0321044921875 -0.101211547851562 0.0124092102050781 0.0264892578125
0.023345947265625 -0.0961380004882812 0.0105667114257813 0.0471229553222656
0.0219955444335938 -0.111480712890625 0.00614166259765626 0.0719070434570313
0.0481948852539063 -0.104759216308594 -0.0198745727539062 0.0703811645507813
0.09527587890625 -0.062957763671875 -0.0443038940429688 0.0639572143554687
0.113136291503906 -0.00240325927734375 -0.0533714294433594 0.0235557556152344
0.070159912109375 0.101570129394531 -0.0382461547851562 -0.0129013061523437
-7.62939453125154E-05 0.141220092773438 0.0135993957519531 0.0244026184082031
-0.0667648315429687 0.1192626953125 -0.035125732421875 0.113784790039063
-0.0940704345703125 0.0176239013671875 0.01275634765625 0.157699584960938
-0.0766067504882812 0.059295654296875 0.00822448730468748 0.164794921875
-0.0292434692382813 0.088226318359375 0.0346908569335938 0.0998458862304688
0.042144775390625 0.0748214721679687 0.0374870300292969 0.0618400573730469
0.07086181640625 0.0182113647460938 0.0186004638671875 0.0376358032226563
0.063995361328125 -0.0453376770019531 0.00748062133789063 0.0430030822753906
0.0293235778808594 -0.0689735412597656 0.0117912292480469 0.061126708984375
0.0212593078613281 -0.067657470703125 0.0163116455078125 0.0791244506835938
0.0212249755859375 -0.081329345703125 0.00914001464843751 0.102264404296875
0.0402450561523438 -0.0783767700195312 -0.0254974365234375 0.100410461425781
0.0778732299804688 -0.0447998046875 -0.0559768676757812 0.0829925537109375
0.0895538330078125 0.00612640380859375 -0.0654411315917969 0.0322608947753906
0.0417022705078125 0.0903778076171875 -0.0434837341308594 -0.00833892822265624
-0.0283050537109375 0.108978271484375 0.00558090209960937 0.0445480346679688
-0.0830841064453125 0.0683670043945313 -0.0669937133789063 0.139244079589844
0.0677719116210938 0.00829696655273438 0.0781707763671875 -0.14251708984375
0.0418434143066406 -0.0574531555175781 0.0185279846191406 -0.0472564697265625
-0.0208625793457031 -0.0563545227050781 0.0473556518554688 0.00959396362304687
-0.0508918762207031 -0.0177497863769531 0.0919647216796875 -0.0292129516601563
-0.0453147888183594 0.0199050903320313 0.0723190307617188 -0.0926055908203125
-0.0234336853027344 0.0467109680175781 0.0233001708984375 -0.132110595703125
-0.0135383605957031 0.0377197265625 -0.01702880859375 -0.127288818359375
-0.0199470520019531 0.0291614532470703 -0.0231246948242188 -0.100143432617188
-0.0268573760986328 0.0306510925292969 -0.0155487060546875 -0.0808181762695313
-0.0387077331542969 0.00579071044921875 -0.0078582763671875 -0.0630760192871094
-0.0314350128173828 -0.0292396545410156 -0.00923919677734375 -0.0479049682617188
0.00460052490234375 -0.045928955078125 -0.01727294921875 -0.0607452392578125
0.0567207336425781 -0.0296974182128906 -0.0178070068359375 -0.104812622070313
0.0799026489257813 0.0109329223632812 -0.00416564941406251 -0.156463623046875
0.0658111572265625 0.0492973327636719 0.0121612548828125 -0.152969360351562
0.0504150390625 0.0755767822265625 0.103935241699219 -0.126914978027344
0.0581474304199219 0.00374603271484375 0.0364112854003906 -0.0386543273925781
0.0186500549316406 -0.0165061950683594 0.0604972839355469 0.0167732238769531
-0.00110435485839844 -0.0139007568359375 0.108718872070312 -0.027557373046875
-0.00777626037597656 -0.0030975341796875 0.0858688354492188 -0.09466552734375
-0.00487613677978516 0.00389480590820312 0.0318984985351562 -0.139053344726563
-0.0106983184814453 -0.00883102416992188 -0.015228271484375 -0.135887145996094
-0.0126886367797852 -0.0141124725341797 -0.0247344970703125 -0.104072570800781
-0.0147981643676758 -0.0170154571533203 -0.014984130859375 -0.0825576782226563
-0.00859451293945313 -0.0323543548583984 -0.00584030151367187 -0.0662879943847656
0.0150260925292969 -0.0413093566894531 -0.008544921875 -0.0433349609375
0.0489387512207031 -0.0298690795898438 -0.0163841247558594 -0.049407958984375
0.0752029418945313 0.0214767456054688 -0.0260009765625 -0.0854415893554688
0.0763168334960938 0.074249267578125 -0.0101318359375 -0.1322021484375
0.04534912109375 0.10845947265625 0.0186386108398438 -0.124969482421875
0.0191497802734375 0.1348876953125 0.120773315429688 -0.0892791748046875
0.058868408203125 0.0728073120117188 0.0524406433105469 -0.0123519897460937
0.0560340881347656 0.0369796752929687 0.0724945068359375 0.0322799682617188
0.0545158386230469 -0.00069427490234375 0.121925354003906 -0.016021728515625
0.0382919311523438 -0.0223541259765625 0.0978775024414062 -0.0838470458984375
0.0198898315429688 -0.0392189025878906 0.0405197143554688 -0.131385803222656
-0.00374984741210937 -0.0542793273925781 -0.00934600830078124 -0.127372741699219
-0.00403213500976562 -0.0555534362792969 -0.0221633911132813 -0.0926284790039062
-0.00436019897460937 -0.0630073547363281 -0.0136299133300781 -0.0688209533691406
0.0155525207519531 -0.0684700012207031 -0.00780868530273438 -0.0552825927734375
0.0526084899902344 -0.0565338134765625 -0.0131015777587891 -0.0297966003417969
0.0855941772460938 -0.0233154296875 -0.021768569946289 -0.0349235534667969
0.093658447265625 0.0567092895507813 -0.0351486206054688 -0.0648651123046875
0.0760955810546875 0.120475769042969 -0.0128402709960937 -0.0999069213867188
0.02740478515625 0.150497436523438 0.017486572265625 -0.08282470703125
-0.0200347900390625 0.172744750976562 0.12261962890625 -0.0322647094726562
0.041748046875 0.135887145996094 0.0618629455566406 0.0309066772460938
0.0778045654296875 0.0970077514648438 0.07867431640625 0.0556793212890625
0.104560852050781 0.0244979858398438 0.126335144042969 0.0043487548828125
0.083709716796875 -0.032989501953125 0.100166320800781 -0.0612335205078125
0.0471649169921875 -0.0752716064453125 0.0457992553710938 -0.1065673828125
0.0056610107421875 -0.0921096801757813 -0.00125885009765625 -0.102371215820313
0.00446319580078124 -0.0885009765625 -0.0159797668457031 -0.0674324035644531
0.00391387939453125 -0.0998764038085938 -0.00989151000976563 -0.0411224365234375
0.0316848754882812 -0.0980377197265625 -0.0113449096679687 -0.0312728881835938
0.0793228149414062 -0.071502685546875 -0.0206336975097656 -0.00925254821777344
0.11053466796875 -0.0241775512695313 -0.0287494659423828 -0.018768310546875
0.106788635253906 0.077850341796875 -0.0393218994140625 -0.0467376708984375
0.0731353759765625 0.1478271484375 -0.007415771484375 -0.0664253234863281
0.00823974609375001 0.172210693359375 0.0135307312011719 -0.0320091247558594
-0.06036376953125 0.180007934570313 0.1070556640625 0.0347824096679688
0.00706481933593752 0.172683715820313 0.0589370727539063 0.0819473266601563
0.0752105712890625 0.146255493164063 0.0751800537109375 0.0807876586914063
0.132171630859375 0.0573654174804688 0.115455627441406 0.0297775268554688
0.118278503417969 -0.0281524658203125 0.0901641845703125 -0.0294113159179688
0.071929931640625 -0.094818115234375 0.0442161560058594 -0.0684089660644531
0.0159072875976563 -0.114639282226562 0.00629043579101563 -0.0633430480957031
0.01165771484375 -0.108360290527344 -0.00726318359375 -0.0315380096435547
0.0102462768554688 -0.122062683105469 -0.00462245941162109 -0.00474691390991212
0.0411453247070313 -0.116493225097656 -0.0143823623657227 0.00117683410644531
0.094940185546875 -0.0798797607421875 -0.0284137725830078 0.0161705017089844
0.12420654296875 -0.0231246948242188 -0.035614013671875 -0.00210189819335937
0.10784912109375 0.0915145874023438 -0.03863525390625 -0.0315093994140625
0.0599517822265625 0.1590576171875 0.00312423706054688 -0.0340614318847656
-0.01336669921875 0.173324584960938 0.00518226623535156 0.0213947296142578
-0.08953857421875 0.151016235351563 0.0781097412109375 0.0958099365234375
-0.0321197509765625 0.169143676757813 0.0437240600585938 0.128242492675781
0.046234130859375 0.16290283203125 0.0619125366210937 0.100059509277344
0.126693725585938 0.0831146240234375 0.0921173095703125 0.0504074096679688
0.127037048339844 -0.0132675170898437 0.0689888000488281 0.00138473510742187
0.0850448608398438 -0.0950775146484375 0.0350513458251953 -0.0253448486328125
0.025238037109375 -0.118049621582031 0.0108165740966797 -0.016998291015625
0.01690673828125 -0.110755920410156 0.00191211700439453 0.00895404815673827
0.0155105590820312 -0.126693725585938 0.00150871276855469 0.0345249176025391
0.0449600219726563 -0.119407653808594 -0.0167198181152344 0.0369186401367187
0.0996322631835938 -0.0773696899414063 -0.0359077453613281 0.0416603088378906
0.125175476074219 -0.0157470703125 -0.0438232421875 0.0117378234863281
0.0956802368164062 0.0997390747070312 -0.0372352600097656 -0.0212135314941406
0.035186767578125 0.15802001953125 0.0125102996826172 -0.00443935394287108
-0.0391693115234375 0.156967163085938 -0.009979248046875 0.0710296630859375
-0.100608825683594 0.0941238403320312 0.042938232421875 0.139656066894531
-0.061676025390625 0.126876831054688 0.0238037109375 0.158172607421875
0.00796508789062501 0.141571044921875 0.0450820922851563 0.106216430664063
0.09295654296875 0.0889205932617188 0.061859130859375 0.0618515014648438
0.109046936035156 0.0038604736328125 0.0420646667480469 0.0251083374023438
0.08154296875 -0.077301025390625 0.0216007232666016 0.0139122009277344
0.0290069580078125 -0.102088928222656 0.0130729675292969 0.0268421173095703
0.019927978515625 -0.09686279296875 0.0104484558105469 0.04730224609375
0.0176544189453125 -0.112525939941406 0.00731658935546876 0.0718994140625
0.0446701049804688 -0.106681823730469 -0.0202560424804688 0.0717849731445313
0.0936813354492188 -0.0665130615234375 -0.0450859069824219 0.0646743774414062
0.11358642578125 -0.005706787109375 -0.0539665222167969 0.023651123046875
0.0737838745117188 0.100822448730469 -0.0386199951171875 -0.0138931274414062
0.00498962402343751 0.14251708984375 0.0143718719482422 0.0222339630126953
-0.0642471313476563 0.120399475097656 -0.033599853515625 0.112960815429688
-0.093658447265625 0.02142333984375 0.013153076171875 0.159591674804688
-0.0746841430664063 0.0618667602539063 0.00817871093750001 0.16510009765625
-0.0256271362304688 0.0898818969726563 0.03302001953125 0.100410461425781
0.045562744140625 0.0729293823242188 0.0373306274414063 0.0638198852539063
0.0711212158203125 0.0148391723632812 0.0193023681640625 0.0394477844238281
0.0615997314453125 -0.0476188659667969 0.00973892211914063 0.0435714721679688
0.0268592834472656 -0.0700454711914063 0.0130805969238281 0.0614013671875
0.0183258056640625 -0.06915283203125 0.0175399780273438 0.0785064697265625
0.0179901123046875 -0.082122802734375 0.011016845703125 0.102874755859375
0.0373611450195313 -0.0798416137695313 -0.0253677368164063 0.101715087890625
0.0765457153320313 -0.047637939453125 -0.0551681518554688 0.084564208984375
0.089019775390625 0.00365447998046875 -0.0660438537597656 0.0331497192382813
0.0449905395507812 0.0898895263671875 -0.0444450378417969 -0.00876998901367186
-0.0250930786132812 0.109542846679688 0.0057525634765625 0.0426063537597656
-0.0804519653320313 0.0694503784179688 -0.06451416015625 0.139633178710938
0.0694389343261719 0.00738525390625 0.0780181884765625 -0.148590087890625
0.0415382385253906 -0.0592079162597656 0.0184974670410156 -0.0484390258789063
-0.023284912109375 -0.0567169189453125 0.0492172241210938 0.0116958618164062
-0.0523757934570312 -0.0161705017089844 0.0950469970703125 -0.0300064086914063
-0.04522705078125 0.0222587585449219 0.0743865966796875 -0.0951766967773438
-0.0217819213867187 0.0476493835449219 0.021942138671875 -0.135276794433594
-0.0116081237792969 0.0382652282714844 -0.019927978515625 -0.131134033203125
-0.0191497802734375 0.0298614501953125 -0.0260086059570313 -0.102424621582031
-0.0260696411132813 0.0320396423339844 -0.0185012817382813 -0.0823822021484375
-0.0379104614257813 0.00758361816406251 -0.0105476379394531 -0.0644912719726563
-0.03271484375 -0.0281715393066406 -0.0109710693359375 -0.0513839721679688
0.00272750854492187 -0.0458946228027344 -0.0178260803222656 -0.0653152465820313
0.0566253662109375 -0.0314445495605469 -0.0169830322265625 -0.107872009277344
0.0812911987304688 0.009185791015625 -0.0036468505859375 -0.161758422851563
0.0675735473632813 0.0486793518066406 0.0128631591796875 -0.15899658203125
0.0519638061523437 0.0765151977539062 0.104934692382813 -0.13189697265625
0.0590896606445312 0.00266647338867187 0.0360183715820313 -0.0391273498535156
0.0196743011474609 -0.0167446136474609 0.0617828369140625 0.0178756713867188
-0.000284194946289064 -0.0133638381958008 0.11102294921875 -0.0283737182617188
-0.0068354606628418 -0.00265645980834961 0.087158203125 -0.0966567993164063
-0.00306177139282227 0.00312542915344238 0.0313568115234375 -0.142562866210938
-0.00961971282958984 -0.00954151153564453 -0.0178298950195312 -0.138519287109375
-0.012761116027832 -0.0147418975830078 -0.027618408203125 -0.105606079101563
-0.0150108337402344 -0.0177192687988281 -0.0180892944335938 -0.0840225219726563
-0.00880622863769531 -0.0321292877197266 -0.00935745239257812 -0.068511962890625
0.0150222778320313 -0.0420722961425781 -0.0110931396484375 -0.0462150573730469
0.0501251220703125 -0.030853271484375 -0.0166244506835937 -0.0540542602539063
0.0763626098632813 0.0210037231445313 -0.025238037109375 -0.0892791748046875
0.0787277221679688 0.0749969482421875 -0.0105133056640625 -0.136390686035156
0.0475540161132812 0.110847473144531 0.0195846557617188 -0.131614685058594
0.0212173461914063 0.138046264648437 0.122543334960938 -0.0938491821289062
0.0607986450195313 0.07421875 0.0521240234375 -0.0115470886230469
0.0580596923828125 0.03802490234375 0.0740966796875 0.0338134765625
0.056365966796875 -0.00160980224609375 0.125175476074219 -0.0164337158203125
0.0394325256347656 -0.0235137939453125 0.0988006591796875 -0.0859222412109375
0.0209884643554687 -0.0417518615722656 0.0395889282226562 -0.134666442871094
-0.00389480590820313 -0.0562667846679687 -0.0119552612304688 -0.13018798828125
-0.0052490234375 -0.0569190979003906 -0.0256729125976563 -0.093597412109375
-0.00527572631835938 -0.0645637512207031 -0.0170097351074219 -0.0692176818847656
0.0151824951171875 -0.0709457397460937 -0.0123977661132813 -0.0566329956054688
0.0540733337402344 -0.0587730407714844 -0.0167999267578125 -0.0325908660888672
0.0874710083007813 -0.0257110595703125 -0.0228996276855469 -0.0390625
0.0971908569335938 0.0576629638671875 -0.0342788696289062 -0.0684776306152344
0.0796585083007813 0.123077392578125 -0.0128402709960937 -0.104263305664062
0.0287017822265625 0.154632568359375 0.017608642578125 -0.0882034301757812
-0.0185089111328125 0.179122924804687 0.124732971191406 -0.0345687866210937
0.0442123413085938 0.139068603515625 0.0617446899414063 0.0321388244628906
0.083160400390625 0.0997238159179688 0.0797195434570313 0.0576324462890625
0.109329223632813 0.0244064331054688 0.129745483398437 0.004791259765625
0.086669921875 -0.0336074829101563 0.101600646972656 -0.06243896484375
0.0476226806640625 -0.0785293579101563 0.046142578125 -0.108863830566406
0.00455474853515626 -0.0953598022460938 -0.00362396240234375 -0.104324340820312
0.00187683105468749 -0.0907821655273438 -0.0188255310058594 -0.0672378540039063
0.00211334228515625 -0.102912902832031 -0.0127944946289063 -0.0418853759765625
0.030792236328125 -0.102005004882813 -0.0153751373291016 -0.0324497222900391
0.08038330078125 -0.0760955810546875 -0.0236091613769531 -0.010528564453125
0.114494323730469 -0.0271530151367188 -0.0303840637207031 -0.0206947326660156
0.112297058105469 0.0790252685546875 -0.04010009765625 -0.0500373840332031
0.0776214599609375 0.151290893554688 -0.0077362060546875 -0.070465087890625
0.0111083984375 0.177642822265625 0.0129203796386719 -0.0370025634765625
-0.0590362548828125 0.186721801757813 0.109306335449219 0.0339279174804688
0.0105743408203125 0.177398681640625 0.0592269897460937 0.0840530395507813
0.08062744140625 0.14971923828125 0.0758514404296875 0.0840072631835938
0.137428283691406 0.0556793212890625 0.11810302734375 0.0308456420898438
0.121391296386719 -0.0307846069335938 0.0923538208007813 -0.0298538208007813
0.0718307495117188 -0.100013732910156 0.0458106994628906 -0.0700111389160156
0.0143890380859375 -0.118133544921875 0.00530624389648438 -0.0644073486328125
0.00859069824218751 -0.110939025878906 -0.00864028930664063 -0.0303764343261719
0.00738525390625001 -0.126716613769531 -0.0069890022277832 -0.00406503677368165
0.0390243530273437 -0.120948791503906 -0.0185165405273437 0.00144577026367187
0.09625244140625 -0.08441162109375 -0.0310440063476562 0.0152873992919922
0.12823486328125 -0.0264816284179687 -0.0375442504882812 -0.00426864624023438
0.113090515136719 0.0927581787109375 -0.0394935607910156 -0.033721923828125
0.0660247802734375 0.16326904296875 0.00299453735351563 -0.0370025634765625
-0.0112457275390625 0.179489135742188 0.00482177734375 0.018850326538086
-0.089385986328125 0.158676147460938 0.0798187255859375 0.0983352661132813
-0.03125 0.174484252929688 0.043914794921875 0.130897521972656
0.051666259765625 0.167861938476563 0.061309814453125 0.10296630859375
0.132736206054688 0.08343505859375 0.093597412109375 0.0535964965820313
0.130683898925781 -0.016204833984375 0.070709228515625 0.00339508056640625
0.0854721069335938 -0.100090026855469 0.0359687805175781 -0.0257301330566406
0.0230865478515625 -0.122184753417969 0.0104293823242188 -0.0179843902587891
0.014678955078125 -0.114189147949219 0.00139713287353516 0.00965499877929687
0.0124130249023438 -0.130241394042969 0.0004730224609375 0.0359840393066406
0.042083740234375 -0.125007629394531 -0.0194549560546875 0.038482666015625
0.101181030273438 -0.082733154296875 -0.0384292602539063 0.0424156188964844
0.128799438476563 -0.0192337036132813 -0.0458946228027344 0.0119705200195312
0.101387023925781 0.100929260253906 -0.0391731262207031 -0.0231094360351563
0.040191650390625 0.162216186523438 0.0124197006225586 -0.00703811645507811
-0.038787841796875 0.1612548828125 -0.0100173950195312 0.0713272094726563
-0.101669311523437 0.100082397460938 0.045166015625 0.144882202148438
-0.0613555908203125 0.132080078125 0.022735595703125 0.162017822265625
0.0126953125 0.145751953125 0.0439987182617187 0.109657287597656
0.0989532470703125 0.0892257690429687 0.0628776550292969 0.06536865234375
0.111770629882813 0.00092315673828125 0.0436248779296875 0.0277137756347656
0.0816574096679688 -0.0816802978515625 0.0235633850097656 0.0144977569580078
0.0267562866210937 -0.105186462402344 0.0130119323730469 0.0273418426513672
0.0166778564453125 -0.09954833984375 0.0109176635742188 0.0485877990722656
0.01556396484375 -0.116104125976563 0.00753021240234376 0.0744400024414062
0.0420303344726563 -0.110679626464844 -0.0214309692382812 0.0741119384765625
0.0941696166992188 -0.07110595703125 -0.0471572875976563 0.0677642822265625
0.116806030273438 -0.0093231201171875 -0.0567779541015625 0.0240364074707031
0.0795059204101563 0.102371215820313 -0.0412788391113281 -0.015777587890625
0.00898742675781248 0.146331787109375 0.0142173767089844 0.0197677612304688
-0.0635833740234375 0.124687194824219 -0.0340957641601563 0.114509582519531
-0.0959625244140625 0.0251541137695312 0.01507568359375 0.165618896484375
-0.0754165649414062 0.0667724609375 0.00698852539062501 0.169677734375
-0.0220260620117187 0.0929641723632812 0.031341552734375 0.103553771972656
0.049591064453125 0.0734939575195313 0.0375938415527344 0.0674476623535156
0.0734329223632813 0.0135345458984375 0.0210838317871094 0.0413246154785156
0.062042236328125 -0.0508003234863281 0.0127029418945313 0.0444526672363281
0.0241851806640625 -0.0716400146484375 0.0148773193359375 0.0613555908203125
0.0158767700195312 -0.0709609985351563 0.0182113647460937 0.0799331665039063
0.0150833129882813 -0.0848770141601563 0.0124740600585937 0.104591369628906
0.0350341796875 -0.082244873046875 -0.0255203247070313 0.105743408203125
0.0766677856445313 -0.0506973266601563 -0.056915283203125 0.0872726440429688
0.09124755859375 0.0016326904296875 -0.0691375732421875 0.0339202880859375
0.0491790771484375 0.0906600952148438 -0.0456695556640625 -0.0102958679199219
-0.0216598510742188 0.113182067871094 0.00768280029296875 0.0407333374023438
-0.0813980102539063 0.0719146728515625 -0.06488037109375 0.144088745117187
0.07098388671875 0.004547119140625 0.077545166015625 -0.158477783203125
0.0405349731445312 -0.0631370544433594 0.0161170959472656 -0.0507621765136719
-0.0264244079589844 -0.0579109191894531 0.0514488220214844 0.0121040344238281
-0.0558013916015625 -0.0141105651855469 0.100021362304688 -0.0326995849609375
-0.0454940795898438 0.0250205993652344 0.075439453125 -0.101325988769531
-0.0194778442382813 0.0492324829101562 0.0188140869140625 -0.14129638671875
-0.00951385498046875 0.0398483276367188 -0.0238723754882812 -0.135650634765625
-0.0186672210693359 0.0323371887207031 -0.0310745239257812 -0.105209350585938
-0.0251941680908203 0.034515380859375 -0.0234451293945313 -0.0850906372070313
-0.0383186340332031 0.0101585388183594 -0.0146598815917969 -0.066925048828125
-0.0346584320068359 -0.0260887145996094 -0.0144996643066406 -0.0558395385742188
0.00130462646484374 -0.0482292175292969 -0.0194091796875 -0.0709762573242188
0.0566368103027344 -0.0346946716308594 -0.0178146362304687 -0.113777160644531
0.0835037231445313 0.00659942626953125 -0.0070648193359375 -0.168792724609375
0.0718765258789063 0.0482711791992188 0.0102081298828125 -0.168533325195313
0.0556259155273438 0.0781097412109375 0.106796264648438 -0.142745971679688
0.0610504150390625 0.00154876708984375 0.035491943359375 -0.0415077209472656
0.0189838409423828 -0.0167789459228516 0.0650672912597656 0.0193519592285156
-0.00144004821777344 -0.0135307312011719 0.1175537109375 -0.0311431884765625
-0.00607538223266602 -0.00231695175170898 0.0899505615234375 -0.102012634277344
-0.00176548957824707 0.00181031227111816 0.027923583984375 -0.149017333984375
-0.00972843170166016 -0.0103616714477539 -0.0235748291015625 -0.144058227539063
-0.0129976272583008 -0.0148839950561523 -0.03314208984375 -0.108657836914063
-0.0161018371582031 -0.0188236236572266 -0.0240020751953125 -0.0863800048828125
-0.00970268249511719 -0.0336685180664063 -0.0143051147460938 -0.07061767578125
0.0140495300292969 -0.0428657531738281 -0.0147323608398438 -0.0506744384765625
0.0500640869140625 -0.0322189331054688 -0.0192680358886719 -0.0595321655273438
0.0802230834960938 0.0205612182617188 -0.0271072387695313 -0.0944671630859375
0.0842361450195313 0.0753631591796875 -0.0117034912109375 -0.1435546875
0.0521011352539063 0.114616394042969 0.017669677734375 -0.14117431640625
0.0260009765625 0.143661499023438 0.125717163085938 -0.103004455566406
0.0656204223632812 0.075531005859375 0.05279541015625 -0.0138626098632812
0.0631866455078125 0.03955078125 0.0777435302734375 0.0354385375976563
0.0599403381347656 -0.00201797485351563 0.130752563476563 -0.019561767578125
0.0414314270019531 -0.0257797241210937 0.101119995117188 -0.09130859375
0.0214004516601563 -0.0446243286132813 0.037628173828125 -0.140945434570313
-0.00526046752929688 -0.0591392517089844 -0.0170364379882813 -0.13458251953125
-0.00732421875 -0.0593948364257812 -0.030426025390625 -0.0959625244140625
-0.00875473022460938 -0.0678825378417969 -0.022186279296875 -0.0716629028320313
0.0135116577148437 -0.0747756958007812 -0.0174102783203125 -0.0585441589355469
0.0543098449707031 -0.0629806518554688 -0.0217437744140625 -0.0349845886230469
0.0907745361328125 -0.0291748046875 -0.0247840881347656 -0.0433769226074219
0.1033935546875 0.0572738647460938 -0.0359954833984375 -0.0729827880859375
0.0880661010742188 0.126091003417969 -0.0150680541992188 -0.110206604003906
0.03375244140625 0.161514282226563 0.016265869140625 -0.0957870483398437
-0.014923095703125 0.188919067382813 0.129615783691406 -0.0406646728515625
0.050537109375 0.144393920898438 0.06298828125 0.0317039489746094
0.0913238525390625 0.102195739746094 0.0839385986328125 0.0613632202148438
0.115623474121094 0.02142333984375 0.13446044921875 0.0024871826171875
0.0908432006835938 -0.0384292602539063 0.105003356933594 -0.0656356811523438
0.0485610961914062 -0.0855484008789063 0.0448760986328125 -0.114242553710938
0.00147247314453126 -0.0989608764648438 -0.00756072998046876 -0.108070373535156
-0.000686645507812499 -0.0955657958984375 -0.0233116149902344 -0.0688018798828125
-0.00246429443359376 -0.108139038085938 -0.0166244506835938 -0.0421333312988281
0.0275726318359375 -0.107643127441406 -0.0213527679443359 -0.0331344604492188
0.0816421508789063 -0.0821609497070313 -0.0281715393066406 -0.0119152069091797
0.119636535644531 -0.0316314697265625 -0.0328369140625 -0.0243167877197266
0.120765686035156 0.079193115234375 -0.0415420532226563 -0.0531463623046875
0.088592529296875 0.15576171875 -0.00968170166015624 -0.0741424560546875
0.0153656005859375 0.186294555664063 0.0117835998535156 -0.0421218872070312
-0.054840087890625 0.198516845703125 0.115287780761719 0.032440185546875
0.0160369873046875 0.186233520507813 0.0614776611328125 0.0861053466796875
0.090911865234375 0.154327392578125 0.0790252685546875 0.0877151489257813
0.1470947265625 0.0543670654296875 0.124732971191406 0.0311965942382812
0.126708984375 -0.0359268188476563 0.095916748046875 -0.0324478149414063
0.0715789794921875 -0.107734680175781 0.0454254150390625 -0.0746231079101563
0.011474609375 -0.123260498046875 0.00262451171875 -0.0669746398925781
0.00537109375000001 -0.116233825683594 -0.0123519897460938 -0.0314006805419922
0.00128936767578126 -0.132659912109375 -0.00911140441894531 -0.00320529937744142
0.035736083984375 -0.12921142578125 -0.0221939086914062 0.00264549255371093
0.0980758666992188 -0.0935134887695313 -0.0345325469970703 0.0163955688476562
0.133651733398438 -0.0318222045898438 -0.0401229858398437 -0.00489425659179688
0.124069213867188 0.0938568115234375 -0.0422744750976562 -0.0370941162109375
0.075836181640625 0.168838500976563 0.002593994140625 -0.0413436889648437
-0.00755310058593751 0.188613891601563 0.00468730926513672 0.0172357559204102
-0.088043212890625 0.170364379882813 0.0856704711914063 0.101173400878906
-0.025634765625 0.184036254882813 0.047454833984375 0.136466979980469
0.0612335205078125 0.174453735351562 0.0644912719726562 0.107666015625
0.144180297851563 0.0806884765625 0.0974578857421875 0.0555877685546875
0.136177062988281 -0.02081298828125 0.0746307373046875 0.001953125
0.0861282348632813 -0.108596801757813 0.0385093688964844 -0.0266914367675781
0.01904296875 -0.127998352050781 0.0101547241210938 -0.0178699493408203
0.0101470947265625 -0.119636535644531 0.000307083129882812 0.0100021362304687
0.00711059570312499 -0.137229919433594 0.00204849243164063 0.0384407043457031
0.0380935668945313 -0.132240295410156 -0.0215950012207031 0.0415763854980469
0.102348327636719 -0.0917739868164063 -0.0405616760253906 0.046356201171875
0.135467529296875 -0.02581787109375 -0.0487289428710937 0.0126075744628906
0.11199951171875 0.102210998535156 -0.0412864685058594 -0.0250396728515625
0.05047607421875 0.168258666992188 0.0131435394287109 -0.0109415054321289
-0.03564453125 0.17120361328125 -0.0093231201171875 0.0726699829101563
-0.101959228515625 0.109138488769531 0.0502166748046875 0.1514892578125
-0.0596466064453125 0.14129638671875 0.02569580078125 0.169021606445313
0.019989013671875 0.152389526367188 0.0457534790039062 0.115898132324219
0.108505249023437 0.0888137817382812 0.0665435791015625 0.0684318542480469
0.116851806640625 -0.00250244140625 0.0467720031738281 0.0285568237304687
0.0808334350585938 -0.0885238647460938 0.0266571044921875 0.0153522491455078
0.0232086181640625 -0.111602783203125 0.0143928527832031 0.0274887084960937
0.0133056640625 -0.104789733886719 0.0123977661132812 0.0501937866210937
0.0105056762695313 -0.121711730957031 0.0101318359375 0.0768661499023437
0.0377655029296875 -0.118484497070313 -0.0225067138671875 0.0788803100585937
0.09588623046875 -0.0785903930664063 -0.04876708984375 0.07244873046875
0.122077941894531 -0.0144119262695312 -0.0588417053222656 0.0267066955566406
0.08819580078125 0.104835510253906 -0.0423431396484375 -0.017425537109375
0.0169677734375 0.1531982421875 0.0169410705566406 0.0177116394042969
-0.0630416870117187 0.132904052734375 -0.0320587158203125 0.119064331054688
-0.0978012084960938 0.0313491821289062 0.0179290771484375 0.174072265625
-0.0747604370117188 0.0730209350585937 0.0093994140625 0.17803955078125
-0.0196533203125 0.0991897583007813 0.0319747924804687 0.110633850097656
0.0560684204101563 0.0735626220703125 0.0412216186523437 0.0721664428710938
0.0762252807617188 0.0102615356445313 0.0242576599121094 0.0443115234375
0.0613861083984375 -0.0570106506347656 0.0154991149902344 0.0460319519042969
0.0220718383789062 -0.0760574340820313 0.0177497863769531 0.0638389587402344
0.0143890380859375 -0.0735626220703125 0.0210647583007813 0.0821304321289063
0.0122909545898437 -0.0886688232421875 0.01611328125 0.108383178710938
0.0327987670898437 -0.0877304077148438 -0.0245742797851562 0.110244750976563
0.0778121948242188 -0.0561294555664063 -0.0576324462890625 0.0936050415039063
0.095550537109375 -0.00241851806640625 -0.071197509765625 0.03704833984375
0.0556640625 0.0946884155273438 -0.0485877990722656 -0.0114097595214844
-0.0179290771484375 0.118942260742188 0.00821685791015625 0.0402183532714844
-0.0818634033203125 0.077880859375 -0.06353759765625 0.151901245117188
0.074371337890625 -4.57763671875E-05 0.0713653564453125 -0.170791625976563
0.0372314453125 -0.06829833984375 0.0140762329101563 -0.0542488098144531
-0.0316429138183594 -0.0572319030761719 0.0552825927734375 0.0115280151367187
-0.0579643249511719 -0.00957489013671875 0.1036376953125 -0.0390853881835937
-0.0449638366699219 0.0296745300292969 0.0743560791015625 -0.108299255371094
-0.0165061950683594 0.0519294738769531 0.01287841796875 -0.14764404296875
-0.00693893432617188 0.0407867431640625 -0.0338363647460938 -0.139747619628906
-0.0164089202880859 0.0349407196044922 -0.038665771484375 -0.107208251953125
-0.0230445861816406 0.0367546081542969 -0.0296401977539063 -0.0864181518554688
-0.0381355285644531 0.0134506225585938 -0.0197715759277344 -0.0691375732421875
-0.0371017456054688 -0.0235557556152344 -0.0197563171386719 -0.0592803955078125
-0.0019683837890625 -0.0492820739746094 -0.023956298828125 -0.0764846801757812
0.0555648803710937 -0.039764404296875 -0.021881103515625 -0.118797302246094
0.0857009887695313 0.001068115234375 -0.0146331787109375 -0.176681518554688
0.0771560668945313 0.0460739135742187 0.00209045410156251 -0.179611206054688
0.062255859375 0.077850341796875 0.102325439453125 -0.156600952148438
0.0633430480957031 -0.0018463134765625 0.0341072082519531 -0.0451202392578125
0.0190620422363281 -0.0177936553955078 0.0682106018066406 0.0185585021972656
-0.000936508178710937 -0.0130958557128906 0.121170043945313 -0.036865234375
-0.00528812408447266 -0.00104427337646484 0.0887374877929688 -0.110984802246094
-0.00069427490234375 0.00110721588134766 0.0211639404296875 -0.15618896484375
-0.00966358184814453 -0.0110921859741211 -0.033355712890625 -0.147415161132812
-0.0140848159790039 -0.0144853591918945 -0.0416641235351563 -0.110130310058594
-0.0176830291748047 -0.0185337066650391 -0.0308303833007813 -0.0875320434570313
-0.0108699798583984 -0.03387451171875 -0.0209732055664063 -0.0720977783203125
0.0134162902832031 -0.044219970703125 -0.020416259765625 -0.0535163879394531
0.0503311157226563 -0.0360603332519531 -0.0229682922363281 -0.064697265625
0.0840606689453125 0.016693115234375 -0.0296630859375 -0.0984573364257813
0.090576171875 0.073974609375 -0.0182342529296875 -0.150177001953125
0.0604400634765625 0.116836547851563 0.0105743408203125 -0.150344848632813
0.03460693359375 0.148590087890625 0.125205993652344 -0.115272521972656
0.0718841552734375 0.0748519897460938 0.0536079406738281 -0.0163993835449219
0.0687255859375 0.0376510620117188 0.0817184448242188 0.0355377197265625
0.0630455017089844 -0.00555801391601562 0.134780883789063 -0.0256881713867188
0.0433425903320313 -0.0288581848144531 0.102210998535156 -0.09918212890625
0.0211219787597656 -0.0503883361816406 0.0321807861328125 -0.147720336914063
-0.00820159912109374 -0.062164306640625 -0.0265655517578125 -0.138290405273438
-0.0107345581054688 -0.0613899230957031 -0.0387802124023437 -0.0972900390625
-0.0128326416015625 -0.07110595703125 -0.0284805297851562 -0.0720596313476563
0.00982666015625 -0.0785293579101563 -0.0242195129394531 -0.0594100952148438
0.0536537170410156 -0.0689659118652344 -0.0267562866210938 -0.0369148254394531
0.0937347412109375 -0.0355072021484375 -0.0290145874023437 -0.0468177795410156
0.111801147460938 0.0540847778320313 -0.039154052734375 -0.0762405395507812
0.0987625122070313 0.126022338867188 -0.0200424194335937 -0.1158447265625
0.0439300537109375 0.16656494140625 0.0124053955078125 -0.1041259765625
-0.00453186035156251 0.196304321289063 0.132682800292969 -0.0510482788085937
0.06097412109375 0.147232055664063 0.0665626525878906 0.0297813415527344
0.101860046386719 0.101844787597656 0.0897750854492188 0.0615921020507813
0.122901916503906 0.0166549682617188 0.140701293945313 -0.0020599365234375
0.0924453735351563 -0.0452728271484375 0.107124328613281 -0.0737991333007813
0.0457611083984375 -0.0927886962890625 0.0409698486328125 -0.121131896972656
-0.00359344482421875 -0.104034423828125 -0.0147552490234375 -0.110885620117188
-0.00652313232421875 -0.099700927734375 -0.0293350219726563 -0.0693740844726563
-0.00948333740234375 -0.113731384277344 -0.0218162536621094 -0.0418624877929688
0.0216522216796875 -0.114997863769531 -0.0260982513427734 -0.031494140625
0.0806427001953125 -0.0913009643554688 -0.0328636169433594 -0.0110549926757813
0.123481750488281 -0.0406265258789063 -0.0362892150878906 -0.0260353088378906
0.1314697265625 0.0752639770507813 -0.0453300476074219 -0.0559577941894531
0.1016845703125 0.15740966796875 -0.0129165649414062 -0.0802230834960937
0.0266876220703125 0.193939208984375 0.010040283203125 -0.0467872619628906
-0.046417236328125 0.210220336914063 0.121315002441406 0.0263595581054688
0.027618408203125 0.191940307617188 0.0668487548828125 0.0873794555664063
0.104644775390625 0.156082153320313 0.0850677490234375 0.08966064453125
0.157394409179688 0.0474700927734375 0.129844665527344 0.0280075073242188
0.130226135253906 -0.0450515747070313 0.09881591796875 -0.0377349853515625
0.0694351196289063 -0.1181640625 0.0439224243164063 -0.0793685913085938
0.00379943847656249 -0.130058288574219 -0.00243377685546874 -0.0693473815917969
-0.00146484375 -0.121665954589844 -0.0150508880615234 -0.0313282012939453
-0.00711059570312501 -0.138504028320313 -0.0104074478149414 -0.00237464904785157
0.027740478515625 -0.137367248535156 -0.0253200531005859 0.00528526306152343
0.0956573486328125 -0.104782104492187 -0.0375785827636719 0.0199165344238281
0.138252258300781 -0.0418777465820313 -0.0437126159667969 -0.00506210327148437
0.136886596679688 0.0898590087890625 -0.0454521179199219 -0.0388565063476562
0.09124755859375 0.171585083007813 0.000587463378906259 -0.04510498046875
0.00234985351562498 0.197845458984375 0.00542068481445313 0.0143976211547852
-0.08074951171875 0.183853149414062 0.0947341918945313 0.09979248046875
-0.015594482421875 0.193710327148438 0.0538711547851563 0.13995361328125
0.0761260986328125 0.177825927734375 0.0705718994140625 0.111717224121094
0.15509033203125 0.0750885009765625 0.104690551757813 0.0544204711914063
0.141510009765625 -0.0305328369140625 0.0777740478515625 -0.000518798828125002
0.0823745727539063 -0.119407653808594 0.0389938354492188 -0.0305709838867188
0.011566162109375 -0.134262084960938 0.00848770141601563 -0.0193367004394531
0.00284576416015626 -0.125381469726563 0.000304222106933595 0.0111923217773437
-0.00329589843749999 -0.1439208984375 0.00230789184570312 0.0400962829589844
0.03009033203125 -0.140655517578125 -0.0225486755371094 0.0455131530761719
0.100692749023437 -0.102912902832031 -0.0414466857910156 0.0508651733398437
0.139289855957031 -0.035675048828125 -0.0509719848632812 0.0138969421386719
0.12506103515625 0.100151062011719 -0.0449295043945312 -0.0270271301269531
0.0640411376953125 0.172134399414063 0.0133628845214844 -0.014033317565918
-0.027008056640625 0.180328369140625 -0.00650024414062501 0.0736541748046875
-0.0988845825195313 0.122367858886719 0.059326171875 0.155670166015625
-0.052642822265625 0.151443481445313 0.0339813232421875 0.175140380859375
0.0308837890625 0.158065795898438 0.0513992309570312 0.119956970214844
0.118919372558594 0.084869384765625 0.0714340209960938 0.070098876953125
0.1226806640625 -0.011383056640625 0.0512351989746094 0.0292434692382813
0.078338623046875 -0.0990982055664063 0.0294208526611328 0.0142898559570312
0.0164947509765625 -0.116371154785156 0.0167732238769531 0.0284080505371094
0.0073394775390625 -0.10955810546875 0.0148048400878906 0.0517082214355469
0.0011444091796875 -0.127822875976563 0.014190673828125 0.07977294921875
0.0309524536132813 -0.12548828125 -0.0203170776367187 0.084503173828125
0.0939712524414062 -0.089385986328125 -0.0474472045898437 0.077667236328125
0.126678466796875 -0.0230712890625 -0.0611915588378906 0.0298728942871094
0.0998077392578125 0.103065490722656 -0.0459518432617187 -0.0168533325195313
0.02789306640625 0.157241821289063 0.0179290771484375 0.0156116485595703
-0.057952880859375 0.1424560546875 -0.0278091430664063 0.124992370605469
-0.0989456176757813 0.0396499633789062 0.0279083251953125 0.183135986328125
-0.072967529296875 0.081085205078125 0.01727294921875 0.1865234375
-0.0131759643554688 0.10528564453125 0.0369186401367187 0.114845275878906
0.06427001953125 0.0718917846679687 0.04473876953125 0.075775146484375
0.0811691284179688 0.00594329833984375 0.0284805297851563 0.0464820861816406
0.05999755859375 -0.0633888244628906 0.0200271606445313 0.0479583740234375
0.0173568725585938 -0.0797958374023438 0.02215576171875 0.0656280517578125
0.0079193115234375 -0.0779190063476563 0.0267257690429688 0.084136962890625
0.00580596923828125 -0.0930938720703125 0.0222244262695313 0.112464904785156
0.026519775390625 -0.0934906005859375 -0.0201873779296875 0.116378784179688
0.0766830444335938 -0.0644683837890625 -0.0553512573242187 0.101264953613281
0.0993499755859375 -0.00909423828125 -0.0733184814453125 0.041900634765625
0.0653610229492188 0.0942611694335938 -0.0515518188476563 -0.0106468200683594
-0.00965881347656249 0.123825073242187 0.0118370056152344 0.0387229919433594
-0.0806961059570313 0.0852508544921875 -0.0583953857421875 0.160964965820313
0.074737548828125 -0.00557708740234375 0.058990478515625 -0.180572509765625
0.0318679809570313 -0.0717926025390625 0.00989532470703126 -0.055633544921875
-0.0356254577636719 -0.0542411804199219 0.0571174621582031 0.00959014892578125
-0.0578155517578125 -0.0046539306640625 0.104232788085938 -0.0455245971679688
-0.0421485900878906 0.0340843200683594 0.06927490234375 -0.114982604980469
-0.0125389099121094 0.0520362854003906 0.00282287597656248 -0.15032958984375
-0.0034942626953125 0.0411872863769531 -0.0436019897460938 -0.139907836914063
-0.012481689453125 0.0372123718261719 -0.0470428466796875 -0.10540771484375
-0.0201530456542969 0.0396270751953125 -0.0371017456054688 -0.085205078125
-0.0360679626464844 0.0163383483886719 -0.0260505676269531 -0.0684547424316406
-0.0376319885253906 -0.0191307067871094 -0.0257110595703125 -0.0617332458496094
-0.00647354125976563 -0.04913330078125 -0.0299606323242188 -0.0793075561523438
0.0521736145019531 -0.0442123413085937 -0.027984619140625 -0.121292114257812
0.0867996215820313 -0.00554656982421875 -0.0241851806640625 -0.180007934570313
0.0821914672851562 0.0409469604492187 -0.00897216796875001 -0.1846923828125
0.0674285888671875 0.0756301879882813 0.0923614501953125 -0.166839599609375
0.0623817443847656 -0.0056610107421875 0.0302848815917969 -0.0473213195800781
0.0185909271240234 -0.0192413330078125 0.071533203125 0.0165328979492188
-0.00139141082763672 -0.0113382339477539 0.121841430664063 -0.0445785522460938
-0.00427889823913574 0.000460147857666015 0.0839996337890625 -0.117828369140625
0.000566542148590088 -0.000368833541870117 0.011505126953125 -0.160232543945313
-0.00943851470947266 -0.0115203857421875 -0.0447540283203125 -0.147445678710938
-0.0146322250366211 -0.0137643814086914 -0.050811767578125 -0.108024597167969
-0.0193099975585938 -0.0180416107177734 -0.0381698608398437 -0.08587646484375
-0.0119895935058594 -0.0347709655761719 -0.0277328491210938 -0.07159423828125
0.0109062194824219 -0.0457382202148438 -0.0273704528808594 -0.0547142028808594
0.0482025146484375 -0.0401992797851563 -0.0285873413085938 -0.0683212280273438
0.0853729248046875 0.0113754272460938 -0.0344009399414062 -0.100364685058594
0.096954345703125 0.0691452026367188 -0.02764892578125 -0.153915405273438
0.069854736328125 0.113914489746094 0.00152587890625 -0.157577514648438
0.045928955078125 0.148193359375 0.117713928222656 -0.1270751953125
0.0779037475585938 0.0711593627929688 0.05145263671875 -0.0200271606445312
0.0726394653320313 0.0334243774414063 0.0854339599609375 0.033905029296875
0.0652847290039063 -0.00872039794921875 0.135635375976563 -0.0328521728515625
0.0429000854492188 -0.0324668884277344 0.098297119140625 -0.107444763183594
0.0189170837402344 -0.0536842346191406 0.0235595703125 -0.151962280273438
-0.0125846862792969 -0.0626983642578125 -0.036712646484375 -0.137680053710938
-0.0152359008789063 -0.0613594055175781 -0.046112060546875 -0.09423828125
-0.018310546875 -0.0712661743164062 -0.0350532531738281 -0.0698738098144531
0.00472259521484374 -0.0814590454101563 -0.0316238403320313 -0.057220458984375
0.0497207641601563 -0.073638916015625 -0.0322074890136719 -0.0366096496582031
0.093109130859375 -0.0423660278320313 -0.0335311889648438 -0.0492362976074219
0.117530822753906 0.0463104248046875 -0.0430450439453125 -0.077850341796875
0.108665466308594 0.121269226074219 -0.0263290405273437 -0.118179321289062
0.0565032958984375 0.167678833007813 0.00503540039062501 -0.109146118164062
0.00909423828124999 0.200088500976563 0.130546569824219 -0.0619964599609375
0.0723724365234375 0.144912719726563 0.0683059692382813 0.0266456604003906
0.11273193359375 0.0959548950195313 0.0924758911132813 0.0598297119140625
0.126625061035156 0.00716400146484375 0.143569946289062 -0.0097808837890625
0.090911865234375 -0.05401611328125 0.103668212890625 -0.0803375244140625
0.0407257080078125 -0.0983047485351563 0.0348434448242187 -0.124809265136719
-0.0102615356445313 -0.106132507324219 -0.02313232421875 -0.110954284667969
-0.0124588012695312 -0.100433349609375 -0.0346221923828125 -0.0684471130371094
-0.0191192626953125 -0.114875793457031 -0.0261764526367188 -0.0399894714355469
0.0132904052734375 -0.119232177734375 -0.0317859649658203 -0.0290374755859375
0.0759048461914062 -0.099884033203125 -0.0368270874023437 -0.0103492736816406
0.123321533203125 -0.0507965087890625 -0.0406379699707031 -0.0267753601074219
0.139350891113281 0.06744384765625 -0.0488510131835937 -0.056182861328125
0.116241455078125 0.152450561523438 -0.0170211791992187 -0.0814666748046875
0.0393218994140625 0.195770263671875 0.007293701171875 -0.052215576171875
-0.03338623046875 0.218521118164063 0.124557495117188 0.016632080078125
0.0410308837890625 0.192489624023438 0.0731658935546875 0.084503173828125
0.119338989257812 0.151077270507813 0.0905227661132813 0.088043212890625
0.165603637695313 0.0364990234375 0.134422302246094 0.02178955078125
0.12969970703125 -0.0557785034179687 0.0978317260742188 -0.0441055297851563
0.0616226196289062 -0.126731872558594 0.0396804809570313 -0.0831451416015625
-0.005767822265625 -0.132926940917969 -0.00798034667968751 -0.0677413940429688
-0.0106658935546875 -0.12445068359375 -0.0186080932617187 -0.029693603515625
-0.0186309814453125 -0.14019775390625 -0.0121078491210938 -0.000893592834472667
0.017852783203125 -0.142181396484375 -0.0284976959228516 0.00838279724121093
0.0906982421875 -0.113998413085938 -0.0403938293457031 0.0226097106933594
0.138725280761719 -0.0542984008789063 -0.0453376770019531 -0.00405120849609375
0.147705078125 0.081024169921875 -0.0493392944335938 -0.0391426086425781
0.106033325195313 0.166305541992188 -0.00242233276367187 -0.049652099609375
0.0157318115234375 0.203338623046875 0.00537204742431641 0.0110588073730469
-0.0670928955078125 0.192764282226563 0.102104187011719 0.096405029296875
-0.00178527832031248 0.199447631835938 0.062530517578125 0.138267517089844
0.0910186767578125 0.177001953125 0.0776901245117187 0.1102294921875
0.165176391601563 0.0656585693359375 0.108619689941406 0.049774169921875
0.142730712890625 -0.0421905517578125 0.08062744140625 -0.004150390625
0.0749893188476563 -0.128913879394531 0.0403594970703125 -0.0343971252441406
0.0011444091796875 -0.136665344238281 0.00710296630859375 -0.0191574096679688
-0.00674438476562501 -0.127182006835938 6.48498535156256E-05 0.0120935440063476
-0.015380859375 -0.145431518554688 0.00539779663085937 0.0415267944335937
0.0202789306640625 -0.144638061523438 -0.0220909118652344 0.0492820739746094
0.0944366455078125 -0.113853454589844 -0.041656494140625 0.0550460815429687
0.139839172363281 -0.0483627319335937 -0.05126953125 0.0159568786621094
0.137039184570313 0.0918121337890625 -0.0471229553222656 -0.025634765625
0.0789642333984375 0.170181274414062 0.0122413635253906 -0.0179023742675781
-0.01580810546875 0.186203002929688 -0.00217437744140626 0.0729446411132813
-0.09075927734375 0.133125305175781 0.07098388671875 0.156280517578125
-0.0418853759765625 0.158157348632813 0.0471954345703125 0.175567626953125
0.0435333251953125 0.158355712890625 0.0578231811523438 0.120635986328125
0.128433227539063 0.0756988525390625 0.0775527954101563 0.0692825317382813
0.124359130859375 -0.0211944580078125 0.0531272888183594 0.0272102355957031
0.0715866088867187 -0.108078002929687 0.0326271057128906 0.0132179260253906
0.00632476806640624 -0.120109558105469 0.0197696685791016 0.0273380279541016
-0.00222778320312499 -0.1123046875 0.017120361328125 0.0515480041503906
-0.00991058349609374 -0.129852294921875 0.0188369750976563 0.08050537109375
0.0206375122070313 -0.129722595214844 -0.0147323608398438 0.087615966796875
0.0889663696289062 -0.0993194580078125 -0.0446319580078125 0.0837020874023438
0.127998352050781 -0.033905029296875 -0.0606002807617188 0.0328941345214844
0.111114501953125 0.0970077514648437 -0.0492019653320312 -0.01690673828125
0.0404205322265625 0.157928466796875 0.0186138153076172 0.0121307373046875
-0.048553466796875 0.148712158203125 -0.0196914672851562 0.128128051757813
-0.0968399047851563 0.0484771728515625 0.040313720703125 0.186859130859375
-0.0675506591796875 0.0880050659179687 0.0283966064453125 0.190505981445313
-0.00419616699218751 0.108482360839844 0.0435562133789063 0.116096496582031
0.0713577270507813 0.0671463012695312 0.0501480102539063 0.076324462890625
0.0840988159179688 -0.001220703125 0.033355712890625 0.0461845397949219
0.0543403625488281 -0.0695610046386719 0.0248298645019531 0.0472030639648438
0.0110092163085938 -0.082427978515625 0.0277290344238281 0.0647544860839844
0.0015716552734375 -0.0789642333984375 0.0330963134765625 0.0843734741210938
-0.00223541259765626 -0.0941009521484375 0.0310287475585938 0.112838745117187
0.01983642578125 -0.0970001220703125 -0.0125808715820312 0.121627807617187
0.0724563598632813 -0.073089599609375 -0.0491409301757812 0.107093811035156
0.099945068359375 -0.0172958374023438 -0.0725631713867188 0.0468673706054687
0.0730209350585937 0.0899581909179688 -0.0543670654296875 -0.00978088378906249
0.0003814697265625 0.125587463378906 0.0140724182128906 0.0371170043945313
-0.076416015625 0.092498779296875 -0.047821044921875 0.16766357421875
0.0723953247070313 -0.0113143920898438 0.0497283935546875 -0.183212280273437
0.0248031616210937 -0.072509765625 0.00358963012695313 -0.0567970275878906
-0.0390243530273438 -0.0507469177246094 0.0581817626953125 0.00870132446289062
-0.0575103759765625 0.000957489013671868 0.102340698242188 -0.0488510131835938
-0.0369987487792969 0.0375747680664063 0.0618057250976562 -0.116935729980469
-0.00748062133789063 0.0521507263183594 -0.00445556640625001 -0.1494140625
-0.000659942626953121 0.0403900146484375 -0.053436279296875 -0.137214660644531
-0.00928497314453125 0.0372810363769531 -0.0520401000976562 -0.102470397949219
-0.0179901123046875 0.0395011901855469 -0.042327880859375 -0.08001708984375
-0.0329914093017578 0.016357421875 -0.0319862365722656 -0.066741943359375
-0.0382499694824219 -0.0156517028808594 -0.0312461853027344 -0.0605010986328125
-0.0115432739257812 -0.0468978881835938 -0.0330429077148438 -0.07757568359375
0.0470390319824219 -0.0475845336914063 -0.0306777954101562 -0.11920166015625
0.0842514038085938 -0.009552001953125 -0.0307769775390625 -0.178924560546875
0.0829696655273438 0.0354080200195312 -0.015716552734375 -0.185546875
0.069793701171875 0.0721817016601563 0.081512451171875 -0.173233032226563
0.0607528686523438 -0.0111122131347656 0.0265083312988281 -0.0490455627441406
0.0174140930175781 -0.0200386047363281 0.0701980590820313 0.0165786743164063
-0.000821113586425781 -0.0126228332519531 0.119697570800781 -0.0484085083007812
-0.00148642063140869 0.000798463821411133 0.0773696899414063 -0.120895385742188
0.00175929069519043 -0.00248599052429199 0.00167846679687499 -0.159927368164063
-0.0105323791503906 -0.00977420806884766 -0.052703857421875 -0.142135620117188
-0.0128974914550781 -0.0127382278442383 -0.0567474365234375 -0.104240417480469
-0.0211200714111328 -0.0151576995849609 -0.040771484375 -0.0823135375976563
-0.0147743225097656 -0.0327243804931641 -0.0340919494628906 -0.069305419921875
0.00931930541992187 -0.0441551208496094 -0.0300140380859375 -0.0538177490234375
0.0444679260253906 -0.04266357421875 -0.0295219421386719 -0.0676498413085938
0.0857467651367187 0.00439453125 -0.0364913940429687 -0.0999603271484375
0.0985794067382813 0.0606842041015625 -0.0325927734375 -0.153594970703125
0.0746612548828125 0.108871459960938 -0.00712585449218749 -0.15936279296875
0.0535125732421875 0.142486572265625 0.108566284179688 -0.134063720703125
0.08154296875 0.0652313232421875 0.0477371215820313 -0.0230979919433594
0.0757217407226562 0.0293807983398438 0.0858688354492187 0.0298080444335938
0.0646438598632813 -0.0137176513671875 0.135353088378906 -0.0373764038085938
0.0415916442871094 -0.0336875915527344 0.0926055908203125 -0.11163330078125
0.0160293579101563 -0.0565376281738281 0.0123748779296875 -0.151596069335938
-0.0148429870605469 -0.0639877319335938 -0.0450210571289062 -0.135414123535156
-0.0196609497070313 -0.0600814819335938 -0.0516815185546875 -0.0898284912109375
-0.0220489501953125 -0.0707321166992188 -0.0398063659667969 -0.0663909912109375
0.000572204589843742 -0.0817337036132813 -0.0364112854003906 -0.05419921875
0.0453948974609375 -0.0745391845703125 -0.0359268188476562 -0.03485107421875
0.0913772583007813 -0.0467147827148438 -0.0369415283203125 -0.0511665344238281
0.12017822265625 0.041748046875 -0.0462875366210938 -0.0774612426757813
0.113822937011719 0.112098693847656 -0.0322647094726562 -0.117973327636719
0.0633544921875 0.164169311523438 -0.00180816650390623 -0.112686157226562
0.018829345703125 0.199981689453125 0.124671936035156 -0.0703048706054687
0.0802459716796875 0.142364501953125 0.0667610168457031 0.02117919921875
0.114433288574219 0.0912628173828125 0.0938873291015625 0.0570297241210938
0.129119873046875 0.00069427490234375 0.14068603515625 -0.0143280029296875
0.089752197265625 -0.0577316284179687 0.0980987548828125 -0.0844955444335938
0.0335311889648438 -0.102157592773438 0.0273361206054688 -0.124778747558594
-0.0148086547851563 -0.106842041015625 -0.0323028564453125 -0.107902526855469
-0.0197601318359375 -0.099884033203125 -0.041473388671875 -0.0609016418457031
-0.0255355834960937 -0.114555358886719 -0.0289306640625 -0.0372238159179688
0.00400543212890625 -0.116905212402344 -0.0352897644042969 -0.0240592956542969
0.0701522827148438 -0.10516357421875 -0.0395355224609375 -0.00740051269531251
0.119468688964844 -0.0576705932617188 -0.0413284301757812 -0.0283203125
0.1455078125 0.061248779296875 -0.0510101318359375 -0.0563735961914063
0.122940063476563 0.145065307617188 -0.0218582153320312 -0.0830764770507812
0.0489654541015625 0.193511962890625 0.000579833984374999 -0.0534706115722656
-0.019317626953125 0.21826171875 0.124137878417969 0.00667572021484376
0.0533905029296875 0.192886352539063 0.0729598999023438 0.0782470703125
0.129608154296875 0.142333984375 0.094146728515625 0.0840835571289063
0.166244506835938 0.0261688232421875 0.134429931640625 0.0148468017578125
0.125030517578125 -0.06390380859375 0.09466552734375 -0.048370361328125
0.0526046752929688 -0.127944946289063 0.0336456298828125 -0.084381103515625
-0.0157852172851562 -0.132102966308594 -0.0126380920410156 -0.0670547485351563
-0.0170822143554687 -0.1219482421875 -0.0214328765869141 -0.0290203094482422
-0.0272674560546875 -0.139488220214844 -0.0166339874267578 -0.00106239318847657
0.00868225097656249 -0.141098022460938 -0.0288219451904297 0.00997161865234374
0.0834732055664062 -0.123069763183594 -0.0412940979003906 0.0266647338867187
0.135406494140625 -0.0664596557617187 -0.0480461120605469 -0.00400924682617188
0.154022216796875 0.071563720703125 -0.0490455627441406 -0.0409507751464844
0.1160888671875 0.159317016601562 -0.00252532958984375 -0.0477752685546875
0.02783203125 0.20257568359375 0.00583171844482422 0.00496578216552736
-0.0573883056640625 0.19842529296875 0.107780456542969 0.0873260498046875
0.0108642578125 0.198104858398437 0.07110595703125 0.134681701660156
0.101211547851563 0.171173095703125 0.0817794799804687 0.107673645019531
0.167404174804688 0.0534515380859375 0.109169006347656 0.0465545654296875
0.140960693359375 -0.0517425537109375 0.0783615112304688 -0.00787353515625
0.0655975341796875 -0.13250732421875 0.0375289916992188 -0.0337982177734375
-0.00823211669921876 -0.135818481445313 0.00731086730957031 -0.0194969177246094
-0.0118026733398437 -0.124801635742188 0.00101757049560547 0.0144338607788086
-0.025360107421875 -0.145965576171875 0.00642776489257813 0.0406227111816406
0.0066986083984375 -0.144058227539063 -0.0220413208007813 0.0526580810546875
0.086761474609375 -0.117744445800781 -0.0384559631347656 0.0568923950195312
0.135902404785156 -0.0558090209960938 -0.0536117553710938 0.0171966552734375
0.140701293945313 0.08367919921875 -0.0511131286621094 -0.0269088745117188
0.0904998779296875 0.163833618164063 0.00906181335449219 -0.0186901092529297
-0.00126647949218752 0.186569213867187 0.00140380859375001 0.0700035095214844
-0.0785980224609375 0.135787963867188 0.07952880859375 0.154403686523438
-0.02972412109375 0.158935546875 0.0513458251953125 0.177169799804688
0.0533905029296875 0.156845092773438 0.0630645751953125 0.118293762207031
0.1334228515625 0.0665817260742188 0.0810546875 0.0659713745117188
0.123283386230469 -0.0290298461914062 0.0557632446289063 0.0254287719726562
0.0614852905273438 -0.112136840820313 0.0337619781494141 0.0114383697509766
0.0015716552734375 -0.119873046875 0.0218410491943359 0.0266704559326172
-0.00930786132812499 -0.11065673828125 0.0220680236816406 0.0500450134277344
-0.0186309814453125 -0.128181457519531 0.0240478515625 0.0791168212890625
0.0130615234375 -0.129241943359375 -0.0100021362304688 0.0896377563476563
0.0821533203125 -0.10345458984375 -0.03973388671875 0.087158203125
0.125999450683594 -0.0430374145507813 -0.0590591430664063 0.0364456176757813
0.11798095703125 0.087646484375 -0.0508880615234375 -0.0153160095214844
0.051422119140625 0.153610229492188 0.0198879241943359 0.0098247528076172
-0.0401763916015625 0.150848388671875 -0.0114669799804687 0.126174926757813
-0.0900421142578125 0.0530471801757812 0.050506591796875 0.18548583984375
-0.0585403442382812 0.08990478515625 0.0361785888671875 0.185379028320313
0.00203704833984375 0.105987548828125 0.0468978881835938 0.116981506347656
0.0753555297851563 0.0590667724609375 0.0520553588867188 0.0750656127929687
0.0820693969726563 -0.00885772705078125 0.0368461608886719 0.0484504699707031
0.046966552734375 -0.0742645263671875 0.0262985229492188 0.0436325073242187
0.00531005859374999 -0.0821914672851563 0.0295982360839844 0.0606002807617188
-0.003082275390625 -0.0793914794921875 0.0366134643554688 0.0822906494140625
-0.00899505615234376 -0.0961380004882813 0.0372314453125 0.110847473144531
0.0107498168945313 -0.0983734130859375 -0.00821685791015625 0.1192626953125
0.0691070556640625 -0.0765457153320313 -0.0433731079101562 0.106697082519531
0.0979766845703125 -0.0217056274414063 -0.0704421997070313 0.0494461059570313
0.077392578125 0.0858001708984375 -0.0537910461425781 -0.00589752197265625
0.00821685791015624 0.123786926269531 0.0180206298828125 0.0337982177734375
-0.069488525390625 0.0955429077148438 -0.0381317138671875 0.170822143554688
0.0706024169921875 -0.0131301879882813 0.040374755859375 -0.181365966796875
0.0234603881835938 -0.0734176635742188 0.000251770019531254 -0.0530433654785156
-0.0391426086425781 -0.047760009765625 0.0578117370605469 0.0089874267578125
-0.0566902160644531 0.00225830078124999 0.101821899414063 -0.052093505859375
-0.0357246398925781 0.0376815795898438 0.059814453125 -0.117813110351563
-0.00596618652343749 0.0515975952148438 -0.00871276855468749 -0.146987915039063
0.00153350830078125 0.0389976501464844 -0.0559768676757813 -0.1317138671875
-0.0073394775390625 0.037811279296875 -0.0551681518554687 -0.098175048828125
-0.0137825012207031 0.0396614074707031 -0.0452499389648438 -0.0796279907226562
-0.0306224822998047 0.0192203521728516 -0.0324821472167969 -0.0645408630371094
-0.0381278991699219 -0.0134506225585938 -0.0341567993164063 -0.0607719421386719
-0.0113334655761719 -0.0445671081542969 -0.03826904296875 -0.0794143676757813
0.0450668334960938 -0.0476799011230469 -0.0322341918945313 -0.118804931640625
0.0816726684570313 -0.0128631591796875 -0.03497314453125 -0.17706298828125
0.083038330078125 0.0326919555664063 -0.02215576171875 -0.184616088867188
0.0719451904296875 0.0667800903320312 0.0746307373046875 -0.174652099609375
0.0583457946777344 -0.011474609375 0.02264404296875 -0.0489120483398438
0.0179538726806641 -0.0176906585693359 0.0713729858398438 0.0139923095703125
-0.00120735168457031 -0.0107030868530273 0.117301940917969 -0.0531387329101563
-0.000589966773986816 -0.000305652618408203 0.0748977661132812 -0.121185302734375
0.00105786323547363 -0.00244832038879395 -0.00314331054687501 -0.156600952148438
-0.00899982452392578 -0.0132427215576172 -0.0564346313476562 -0.138435363769531
-0.0135650634765625 -0.0116062164306641 -0.0582427978515625 -0.0998687744140625
-0.0187873840332031 -0.0154857635498047 -0.0470962524414062 -0.0788345336914063
-0.0140132904052734 -0.0324935913085938 -0.037567138671875 -0.0660018920898438
0.0081329345703125 -0.0446281433105469 -0.0353660583496094 -0.05340576171875
0.0444755554199219 -0.041473388671875 -0.03509521484375 -0.0707550048828125
0.082855224609375 0.004150390625 -0.0381546020507812 -0.100624084472656
0.098846435546875 0.05828857421875 -0.034393310546875 -0.15179443359375
0.0763397216796875 0.106109619140625 -0.010986328125 -0.158355712890625
0.05621337890625 0.141311645507813 0.10345458984375 -0.137435913085938
0.0810165405273438 0.0625228881835938 0.0458717346191406 -0.0245132446289063
0.0746917724609375 0.0291366577148438 0.0852890014648438 0.0302047729492188
0.0648460388183594 -0.0143280029296875 0.132850646972656 -0.0413436889648438
0.0424461364746094 -0.0352973937988281 0.0882034301757813 -0.111557006835938
0.0123443603515625 -0.0573387145996094 0.00938415527343751 -0.150421142578125
-0.016082763671875 -0.0630073547363281 -0.0490341186523438 -0.129501342773438
-0.0191535949707031 -0.0587844848632813 -0.054931640625 -0.0853805541992188
-0.0249519348144531 -0.0688400268554687 -0.0425796508789063 -0.0636711120605469
-0.00408172607421874 -0.0792694091796875 -0.0399932861328125 -0.0513191223144531
0.0430831909179688 -0.0767822265625 -0.0395317077636719 -0.0342025756835938
0.088409423828125 -0.0503082275390625 -0.0404014587402344 -0.0519142150878906
0.119377136230469 0.0366744995117188 -0.0462493896484375 -0.0780487060546875
0.116920471191406 0.108505249023438 -0.0337066650390625 -0.118453979492188
0.06817626953125 0.160507202148438 -0.00485992431640625 -0.113655090332031
0.0260467529296875 0.195892333984375 0.120262145996094 -0.0738677978515625
0.080413818359375 0.133918762207031 0.0642509460449219 0.0191230773925781
0.119636535644531 0.0867462158203125 0.0953750610351563 0.0560150146484375
0.127197265625 -0.0042266845703125 0.141159057617188 -0.017791748046875
0.0878143310546875 -0.0614013671875 0.0969924926757813 -0.08514404296875
0.0292282104492188 -0.102401733398438 0.0229568481445313 -0.125244140625
-0.0201492309570313 -0.104034423828125 -0.0319976806640625 -0.104438781738281
-0.0222320556640625 -0.0974655151367188 -0.0410003662109375 -0.0596427917480469
-0.0294265747070312 -0.10980224609375 -0.0302734375 -0.0341739654541016
-0.000885009765624991 -0.118095397949219 -0.0379981994628906 -0.0231857299804688
0.0660324096679688 -0.105499267578125 -0.0404853820800781 -0.00649261474609376
0.117912292480469 -0.0628433227539063 -0.0446205139160156 -0.0286674499511719
0.144210815429688 0.054290771484375 -0.0507583618164063 -0.0570564270019531
0.127677917480469 0.1387939453125 -0.022674560546875 -0.0836257934570312
0.0549163818359375 0.191131591796875 0.000335693359375006 -0.0562782287597656
-0.0107269287109375 0.216934204101563 0.12225341796875 0.00496673583984376
0.058013916015625 0.185226440429688 0.0747222900390625 0.0764999389648438
0.130683898925781 0.139434814453125 0.0941314697265625 0.0826034545898438
0.166915893554688 0.0205535888671875 0.133682250976563 0.0133209228515625
0.123268127441406 -0.0673751831054687 0.0935287475585938 -0.049041748046875
0.0469894409179688 -0.132003784179688 0.0343780517578125 -0.0849456787109375
-0.0180435180664062 -0.131874084472656 -0.013763427734375 -0.0670280456542969
-0.0230484008789063 -0.120010375976563 -0.0226478576660156 -0.024505615234375
-0.0331802368164063 -0.13702392578125 -0.0137367248535156 0.00118064880371093
0.000556945800781257 -0.14031982421875 -0.0306529998779297 0.0131397247314453
0.0768814086914062 -0.123008728027344 -0.0393409729003906 0.0270156860351562
0.131217956542969 -0.06903076171875 -0.0501251220703125 -0.00637817382812501
0.153289794921875 0.0647735595703125 -0.0514793395996094 -0.0383453369140625
0.119796752929688 0.154296875 -0.00576019287109374 -0.0519027709960937
0.03082275390625 0.19873046875 0.00283861160278321 0.00658035278320314
-0.0477447509765625 0.196212768554687 0.106658935546875 0.0821762084960938
0.017059326171875 0.193832397460938 0.0699691772460938 0.130477905273438
0.105972290039063 0.165176391601563 0.0813980102539063 0.10626220703125
0.168563842773438 0.0475921630859375 0.110404968261719 0.0431976318359375
0.135795593261719 -0.056182861328125 0.0778427124023438 -0.00878143310546875
0.05816650390625 -0.134757995605469 0.0373077392578125 -0.0364456176757813
-0.0125045776367188 -0.136146545410156 0.00384902954101562 -0.0193996429443359
-0.0198745727539062 -0.124893188476563 -0.00181865692138672 0.01397705078125
-0.030242919921875 -0.141464233398438 0.00628280639648438 0.0401802062988281
0.0014495849609375 -0.1424560546875 -0.0205459594726563 0.0523490905761719
0.0810546875 -0.122833251953125 -0.0378875732421875 0.0587844848632812
0.132789611816406 -0.062652587890625 -0.0523757934570312 0.0164756774902344
0.145233154296875 0.0761566162109375 -0.0494575500488281 -0.0269660949707031
0.095367431640625 0.157363891601563 0.0106010437011719 -0.0212459564208984
0.00189208984374998 0.18450927734375 0.00399017333984375 0.07080078125
-0.0741043090820312 0.139732360839844 0.0821533203125 0.146499633789063
-0.02435302734375 0.158782958984375 0.057220458984375 0.169601440429687
0.0588836669921875 0.153076171875 0.06475830078125 0.117904663085938
0.133155822753906 0.0608367919921875 0.080841064453125 0.0663833618164063
0.118698120117188 -0.0343780517578125 0.0560073852539063 0.0246658325195312
0.0573196411132812 -0.113227844238281 0.0351829528808594 0.00996780395507812
-0.00548553466796876 -0.117324829101563 0.0194110870361328 0.0246429443359375
-0.0130767822265625 -0.109184265136719 0.0212593078613281 0.0510673522949219
-0.0244598388671875 -0.126441955566406 0.0259933471679688 0.077423095703125
0.003753662109375 -0.128059387207031 -0.0114288330078125 0.0890731811523437
0.0769271850585938 -0.1077880859375 -0.0377349853515625 0.0863876342773438
0.121391296386719 -0.0471343994140625 -0.05889892578125 0.0345878601074219
0.120475769042969 0.0829544067382813 -0.0503921508789062 -0.0154342651367187
0.0564117431640625 0.14837646484375 0.0177936553955078 0.0072154998779297
-0.0342559814453125 0.152313232421875 -0.00913238525390626 0.125709533691406
-0.0869827270507813 0.05712890625 0.0552825927734375 0.181442260742187
-0.055450439453125 0.0934906005859375 0.0407867431640625 0.18505859375
0.00907135009765625 0.105621337890625 0.047760009765625 0.115234375
0.0773239135742188 0.056640625 0.0549163818359375 0.0752182006835938
0.0795211791992188 -0.0118637084960938 0.0382614135742188 0.0450363159179688
0.0429306030273438 -0.0737838745117188 0.0312652587890625 0.0433425903320312
0.000869750976562502 -0.0817413330078125 0.0333938598632813 0.0608673095703125
-0.00646972656249999 -0.0774002075195312 0.0375213623046875 0.0795745849609375
-0.011993408203125 -0.0926284790039063 0.0397491455078125 0.10760498046875
0.00820922851562501 -0.0957107543945313 -0.00431060791015626 0.121986389160156
0.0627365112304688 -0.0796051025390625 -0.0399551391601563 0.108421325683594
0.096038818359375 -0.0267333984375 -0.0697708129882813 0.0498542785644531
0.0814590454101563 0.0790328979492188 -0.0560035705566406 -0.00736236572265624
0.0137252807617188 0.120697021484375 0.0156974792480469 0.031982421875
-0.0647811889648437 0.0982513427734375 -0.0326385498046875 0.166702270507812
0.0691413879394531 -0.0136871337890625 0.0375518798828125 -0.182815551757812
0.0218276977539063 -0.0729293823242188 -0.00168991088867187 -0.0522727966308594
-0.0396232604980469 -0.0467300415039063 0.0582084655761719 0.0107994079589844
-0.0559043884277344 0.00431442260742188 0.102439880371094 -0.0531768798828125
-0.0335693359375 0.038177490234375 0.0603713989257812 -0.118820190429688
-0.00384521484375 0.0513648986816406 -0.010345458984375 -0.147018432617188
0.00304412841796875 0.0382347106933594 -0.0568771362304688 -0.132003784179687
-0.00466156005859375 0.0382766723632813 -0.0562057495117187 -0.09698486328125
-0.0121078491210938 0.0398445129394531 -0.0464019775390625 -0.07830810546875
-0.0297584533691406 0.0208587646484375 -0.033660888671875 -0.0637931823730469
-0.0367698669433594 -0.0111808776855469 -0.0367050170898438 -0.0606040954589844
-0.0125312805175781 -0.0435104370117187 -0.039031982421875 -0.0812225341796875
0.0430145263671875 -0.04736328125 -0.0314407348632813 -0.12164306640625
0.0805206298828125 -0.0134506225585938 -0.0337371826171875 -0.178115844726563
0.08355712890625 0.0312347412109375 -0.023193359375 -0.186843872070312
0.0712966918945313 0.067230224609375 0.071197509765625 -0.17620849609375
0.0584716796875 -0.0118255615234375 0.0205726623535156 -0.0482902526855469
0.0187187194824219 -0.0171070098876953 0.0718917846679687 0.0167694091796875
0.000458717346191407 -0.0101518630981445 0.11859130859375 -0.052764892578125
-1.68979167938232E-05 -0.000100404024124145 0.0743865966796875 -0.121818542480469
0.00147342681884766 -0.00289654731750488 -0.00309753417968752 -0.156600952148438
-0.00963592529296875 -0.0121879577636719 -0.05804443359375 -0.138404846191406
-0.0134344100952148 -0.0117006301879883 -0.060455322265625 -0.0980224609375
-0.018707275390625 -0.0163631439208984 -0.0490798950195313 -0.0785064697265625
-0.0137939453125 -0.0307979583740234 -0.0387916564941406 -0.0651512145996094
0.00772857666015625 -0.0433349609375 -0.0375747680664063 -0.0534248352050781
0.0435600280761719 -0.0422172546386719 -0.0376052856445313 -0.0721435546875
0.0819244384765625 0.00435638427734375 -0.0365371704101562 -0.102920532226563
0.0997238159179688 0.05877685546875 -0.0341796875 -0.153884887695313
0.0780410766601563 0.106208801269531 -0.0124969482421875 -0.161605834960938
0.0567474365234375 0.142745971679688 0.100105285644531 -0.139228820800781
0.0811920166015625 0.0616607666015625 0.0441055297851563 -0.0238761901855469
0.0770263671875 0.029205322265625 0.0857162475585938 0.032257080078125
0.0657386779785156 -0.0152168273925781 0.133689880371094 -0.0417022705078125
0.0419158935546875 -0.0369110107421875 0.0887298583984375 -0.111053466796875
0.0115394592285156 -0.0580978393554687 0.00933837890624999 -0.150314331054688
-0.0180282592773438 -0.0639877319335938 -0.0504074096679688 -0.129409790039063
-0.02008056640625 -0.0595779418945312 -0.0560684204101563 -0.0841598510742187
-0.0251388549804688 -0.0690765380859375 -0.0445632934570312 -0.0621604919433594
-0.004638671875 -0.0793914794921875 -0.0421142578125 -0.0500259399414062
0.0426559448242187 -0.0775985717773437 -0.041473388671875 -0.0341796875
0.0883331298828125 -0.0515594482421875 -0.04254150390625 -0.0544471740722656
0.119667053222656 0.0359725952148438 -0.0459747314453125 -0.0806427001953125
0.118553161621094 0.107315063476563 -0.0324935913085938 -0.120834350585938
0.070709228515625 0.161270141601563 -0.00612640380859374 -0.116287231445312
0.028106689453125 0.196670532226563 0.11865234375 -0.077362060546875
0.0828933715820313 0.13336181640625 0.0636482238769531 0.0193977355957031
0.120857238769531 0.0861358642578125 0.0950393676757813 0.0568771362304688
0.128120422363281 -0.00615692138671875 0.140945434570313 -0.0176849365234375
0.0875244140625 -0.0629043579101563 0.09661865234375 -0.0854568481445312
0.0269546508789062 -0.104904174804688 0.02288818359375 -0.125389099121094
-0.0222702026367188 -0.105606079101563 -0.0348892211914062 -0.103775024414063
-0.0244140625 -0.097564697265625 -0.0436744689941406 -0.0580635070800781
-0.0329742431640625 -0.110214233398438 -0.0330619812011719 -0.0332889556884766
-0.00238800048828125 -0.117630004882813 -0.0405769348144531 -0.0207786560058594
0.0636520385742188 -0.107185363769531 -0.0430412292480469 -0.00566482543945314
0.11669921875 -0.0649261474609375 -0.047943115234375 -0.0313911437988281
0.1461181640625 0.0522003173828125 -0.0518989562988281 -0.0599250793457031
0.129096984863281 0.136985778808594 -0.02301025390625 -0.0869369506835938
0.0564727783203125 0.1922607421875 -0.000583648681640617 -0.0585098266601562
-0.00926208496093751 0.217788696289063 0.120658874511719 0.00132751464843751
0.0596466064453125 0.183700561523438 0.0730361938476563 0.0750961303710938
0.133323669433594 0.137832641601563 0.0936126708984375 0.085235595703125
0.167739868164063 0.0175933837890625 0.13336181640625 0.0150527954101563
0.122428894042969 -0.0697784423828125 0.0933303833007813 -0.048004150390625
0.0436019897460938 -0.133720397949219 0.033355712890625 -0.0848922729492188
-0.020538330078125 -0.131637573242188 -0.0159759521484375 -0.0647201538085938
-0.0246353149414063 -0.121086120605469 -0.0251941680908203 -0.0234279632568359
-0.0367050170898437 -0.136337280273438 -0.0144443511962891 0.0025491714477539
-0.00218963623046874 -0.13983154296875 -0.0327186584472656 0.0157947540283203
0.0745391845703125 -0.125297546386719 -0.0413932800292969 0.0270919799804687
0.130615234375 -0.072235107421875 -0.0510787963867187 -0.00744628906249999
0.155731201171875 0.06268310546875 -0.0525398254394531 -0.0420036315917969
0.123458862304688 0.151702880859375 -0.00664138793945311 -0.0540885925292969
0.035552978515625 0.2003173828125 0.00383281707763672 0.00497674942016603
-0.0458221435546875 0.197998046875 0.107437133789063 0.0817184448242188
0.0194091796875 0.193038940429688 0.0692596435546875 0.129463195800781
0.109268188476563 0.165328979492188 0.0812149047851563 0.108474731445313
0.169891357421875 0.043670654296875 0.110931396484375 0.0457992553710938
0.135093688964844 -0.0588912963867188 0.0786285400390625 -0.00792694091796875
0.0545654296875 -0.136032104492188 0.0364418029785156 -0.0366706848144531
-0.016021728515625 -0.136276245117187 0.00431442260742188 -0.0188426971435547
-0.0219039916992188 -0.124839782714844 -0.00251102447509766 0.0145654678344726
-0.034912109375 -0.142227172851562 0.00621795654296875 0.0413856506347656
-0.00219726562500001 -0.143356323242188 -0.020904541015625 0.0547866821289063
0.0774459838867188 -0.126060485839844 -0.0379104614257813 0.0593833923339844
0.131874084472656 -0.0663909912109375 -0.0542793273925781 0.0153045654296875
0.146453857421875 0.0738372802734375 -0.0515098571777344 -0.0277976989746094
0.097808837890625 0.15545654296875 0.00916099548339844 -0.0237922668457031
0.00387573242187499 0.186660766601563 0.00313568115234376 0.0680885314941407
-0.0719680786132813 0.140487670898438 0.08294677734375 0.146316528320313
-0.022613525390625 0.158798217773437 0.0560455322265625 0.169952392578125
0.0627288818359375 0.152069091796875 0.0628280639648438 0.119384765625
0.135658264160156 0.0577468872070313 0.0806732177734375 0.0674819946289063
0.119216918945313 -0.036895751953125 0.056854248046875 0.0249481201171875
0.0540008544921875 -0.114532470703125 0.0351753234863281 0.00790786743164062
-0.00910186767578126 -0.117744445800781 0.0205020904541016 0.02685546875
-0.0156707763671875 -0.109596252441406 0.0192832946777344 0.0509033203125
-0.0281753540039062 -0.126060485839844 0.0254974365234375 0.0784759521484375
0.00128936767578125 -0.128311157226563 -0.01055908203125 0.0914382934570312
0.0740585327148438 -0.110321044921875 -0.0373611450195312 0.0873031616210937
0.121482849121094 -0.0508575439453125 -0.0601310729980469 0.0344200134277344
0.121871948242188 0.0808868408203125 -0.0524368286132812 -0.0167198181152344
0.0600433349609375 0.147476196289063 0.01812744140625 0.00461769104003907
-0.03240966796875 0.153457641601563 -0.00835418701171874 0.123954772949219
-0.0842666625976562 0.059844970703125 0.057037353515625 0.181869506835938
-0.0527801513671875 0.0931930541992188 0.041046142578125 0.186187744140625
0.0105361938476562 0.105796813964844 0.0479736328125 0.117469787597656
0.078887939453125 0.053863525390625 0.05535888671875 0.0772018432617188
0.0799789428710938 -0.0145187377929688 0.0393943786621094 0.0456314086914063
0.041015625 -0.0754928588867187 0.0322303771972656 0.0417442321777344
-0.001922607421875 -0.0805740356445313 0.0341339111328125 0.0612564086914062
-0.00831604003906251 -0.0764846801757813 0.038665771484375 0.0799636840820313
-0.0156097412109375 -0.09307861328125 0.0401763916015625 0.108970642089844
0.00511932373046875 -0.0955886840820313 -0.003326416015625 0.122703552246094
0.060791015625 -0.0821762084960938 -0.0401840209960938 0.110382080078125
0.0959243774414063 -0.0296554565429688 -0.069305419921875 0.0496292114257813
0.083343505859375 0.07769775390625 -0.0566978454589844 -0.00852966308593751
0.015594482421875 0.119491577148437 0.0156726837158203 0.0303573608398438
-0.0642623901367187 0.0988082885742188 -0.0294952392578125 0.166351318359375
0.0695686340332031 -0.0136260986328125 0.0354461669921875 -0.187637329101563
0.0208206176757813 -0.0738525390625 -0.00308990478515624 -0.0519752502441406
-0.0406494140625 -0.0469818115234375 0.0608711242675781 0.0128097534179687
-0.056488037109375 0.0063934326171875 0.104766845703125 -0.0543365478515625
-0.03302001953125 0.0395698547363281 0.0621490478515625 -0.122230529785156
-0.00268554687499999 0.0525283813476562 -0.0106201171875 -0.150115966796875
0.00461578369140625 0.0387039184570313 -0.0597381591796875 -0.13470458984375
-0.00347518920898437 0.0389900207519531 -0.0585403442382812 -0.098876953125
-0.0107650756835938 0.0415725708007813 -0.0483932495117188 -0.0792617797851563
-0.0287837982177734 0.0220432281494141 -0.0357131958007813 -0.0659904479980469
-0.0366249084472656 -0.0104713439941406 -0.0389442443847656 -0.0631256103515625
-0.0131912231445313 -0.0433349609375 -0.04132080078125 -0.0850906372070312
0.0427398681640625 -0.048492431640625 -0.0299606323242188 -0.12677001953125
0.08135986328125 -0.014434814453125 -0.03363037109375 -0.183197021484375
0.0860977172851563 0.0306854248046875 -0.02435302734375 -0.193511962890625
0.0725784301757813 0.06915283203125 0.06964111328125 -0.182083129882813
0.0587120056152344 -0.0120010375976563 0.018951416015625 -0.0478553771972656
0.0190315246582031 -0.0167427062988281 0.0742721557617188 0.0182571411132813
0.001068115234375 -0.00999736785888672 0.121185302734375 -0.0543365478515625
0.000756978988647461 -0.000511229038238525 0.0763702392578125 -0.125259399414063
0.00158905982971191 -0.00419902801513672 -0.00448608398437501 -0.160537719726563
-0.00956439971923828 -0.01458740234375 -0.06109619140625 -0.140975952148438
-0.0123615264892578 -0.0122861862182617 -0.0630416870117188 -0.0992355346679687
-0.0187854766845703 -0.0160350799560547 -0.0512619018554688 -0.078521728515625
-0.0144863128662109 -0.0312519073486328 -0.0412750244140625 -0.0658760070800781
0.007904052734375 -0.0437393188476563 -0.0410079956054687 -0.0552215576171875
0.0443153381347656 -0.0423698425292969 -0.0407791137695312 -0.0756454467773438
0.08367919921875 0.0045928955078125 -0.0367507934570312 -0.107566833496094
0.101486206054688 0.0590972900390625 -0.0340576171875 -0.159835815429688
0.0811843872070313 0.10882568359375 -0.0138702392578125 -0.168746948242188
0.0583038330078125 0.146194458007813 0.100021362304688 -0.144943237304688
0.0823822021484375 0.062744140625 0.0431671142578125 -0.0239181518554687
0.079864501953125 0.029815673828125 0.0883331298828125 0.0349884033203125
0.067626953125 -0.0168304443359375 0.136970520019531 -0.0418167114257813
0.0438728332519531 -0.0387077331542969 0.0911026000976562 -0.113456726074219
0.0112800598144531 -0.0602264404296875 0.00851440429687499 -0.153594970703125
-0.02008056640625 -0.0659904479980469 -0.053314208984375 -0.130905151367187
-0.0203704833984375 -0.0612068176269531 -0.0588912963867187 -0.0841522216796875
-0.0273284912109375 -0.0704269409179688 -0.0471954345703125 -0.0620689392089844
-0.00579833984375 -0.0807037353515625 -0.0455856323242188 -0.0493545532226563
0.0423049926757813 -0.08013916015625 -0.0448684692382812 -0.0351600646972656
0.0897064208984375 -0.05267333984375 -0.0464248657226562 -0.0580406188964844
0.12237548828125 0.03668212890625 -0.0467605590820313 -0.0852279663085938
0.12225341796875 0.109611511230469 -0.0333404541015625 -0.125686645507813
0.073883056640625 0.165435791015625 -0.00806427001953124 -0.121726989746094
0.030120849609375 0.201934814453125 0.11907958984375 -0.081024169921875
0.0851821899414063 0.136428833007813 0.0626220703125 0.0199661254882813
0.125244140625 0.08782958984375 0.096832275390625 0.0611343383789063
0.132049560546875 -0.00780487060546875 0.144302368164063 -0.0172271728515625
0.0891647338867187 -0.0659866333007813 0.0989990234375 -0.0870437622070312
0.0256729125976562 -0.108734130859375 0.0228805541992187 -0.128082275390625
-0.0250091552734375 -0.10870361328125 -0.0374603271484375 -0.10504150390625
-0.0260391235351563 -0.099822998046875 -0.04608154296875 -0.0572853088378906
-0.0361251831054688 -0.11328125 -0.03485107421875 -0.0329399108886719
-0.00453186035156251 -0.120506286621094 -0.0437660217285156 -0.0194664001464844
0.0628509521484375 -0.11212158203125 -0.0458564758300781 -0.00543594360351563
0.118553161621094 -0.0683746337890625 -0.051513671875 -0.0341300964355469
0.150604248046875 0.05291748046875 -0.0534095764160156 -0.0630149841308594
0.13427734375 0.139244079589844 -0.0231552124023438 -0.090789794921875
0.0596466064453125 0.197586059570312 -0.00205993652343749 -0.0616340637207031
-0.00814819335937501 0.223297119140625 0.122550964355469 -4.57763671874863E-05
0.061767578125 0.187118530273438 0.0726318359375 0.0756454467773438
0.138320922851563 0.141632080078125 0.0951461791992188 0.0891952514648438
0.172317504882813 0.01470947265625 0.136955261230469 0.016632080078125
0.124870300292969 -0.0737838745117188 0.0958328247070313 -0.0476531982421875
0.0417251586914062 -0.137710571289063 0.0337677001953125 -0.0868301391601563
-0.02398681640625 -0.135017395019531 -0.0172462463378906 -0.0658454895019531
-0.0281143188476563 -0.123374938964844 -0.0267486572265625 -0.0224285125732422
-0.040863037109375 -0.139617919921875 -0.0158166885375977 0.00406742095947265
-0.00541687011718751 -0.1431884765625 -0.0348682403564453 0.0177440643310547
0.07354736328125 -0.130348205566406 -0.0443992614746094 0.0286674499511719
0.132774353027344 -0.0763397216796875 -0.0558052062988281 -0.00845718383789062
0.160354614257812 0.063079833984375 -0.0550346374511719 -0.0442619323730469
0.128433227539063 0.154632568359375 -0.00693130493164061 -0.05828857421875
0.037811279296875 0.206085205078125 0.00250720977783203 0.00362801551818849
-0.0445098876953125 0.20269775390625 0.109329223632812 0.0824432373046875
0.020263671875 0.19708251953125 0.0690231323242187 0.131973266601562
0.113937377929688 0.168807983398438 0.0818328857421875 0.112617492675781
0.17529296875 0.0414886474609375 0.113258361816406 0.0484771728515625
0.137542724609375 -0.0622406005859375 0.0806427001953125 -0.0064544677734375
0.0522079467773438 -0.140541076660156 0.0376625061035156 -0.0379753112792969
-0.0189743041992188 -0.13922119140625 0.00339317321777344 -0.0187129974365234
-0.02435302734375 -0.127906799316406 -0.0039815902709961 0.0165538787841797
-0.0384674072265625 -0.145278930664063 0.00545883178710937 0.0432052612304687
-0.0053253173828125 -0.146774291992187 -0.0230903625488281 0.0581398010253906
0.0767288208007812 -0.131698608398438 -0.0396156311035156 0.0619277954101562
0.134185791015625 -0.0708694458007813 -0.0580978393554687 0.0152587890625
0.151809692382812 0.0731201171875 -0.0541572570800781 -0.0302352905273438
0.10308837890625 0.158950805664063 0.0087871551513672 -0.0265693664550781
0.00473022460937498 0.192367553710938 0.003265380859375 0.0678253173828125
-0.070953369140625 0.145492553710938 0.085113525390625 0.148666381835938
-0.020751953125 0.1624755859375 0.0563507080078125 0.174057006835938
0.066619873046875 0.155975341796875 0.0632400512695313 0.123519897460938
0.140167236328125 0.056396484375 0.0830612182617188 0.07073974609375
0.119857788085937 -0.0402297973632813 0.0589599609375 0.0274772644042969
0.0519561767578125 -0.118667602539063 0.0358085632324219 0.00807952880859374
-0.0119400024414062 -0.120353698730469 0.0211143493652344 0.0269756317138672
-0.0188522338867187 -0.112373352050781 0.0198287963867188 0.0533714294433594
-0.0317764282226562 -0.129585266113281 0.0261001586914062 0.080657958984375
-0.00192260742187501 -0.131698608398438 -0.0113449096679687 0.0951309204101562
0.0728073120117187 -0.115325927734375 -0.0381622314453125 0.0910186767578125
0.123214721679688 -0.0547103881835938 -0.063568115234375 0.0344696044921875
0.126853942871094 0.0809326171875 -0.0550727844238281 -0.0179672241210937
0.0639190673828125 0.149383544921875 0.017542839050293 0.00346374511718751
-0.03131103515625 0.157455444335938 -0.006561279296875 0.12628173828125
-0.0847396850585938 0.0611724853515625 0.0596466064453125 0.1856689453125
-0.053466796875 0.0952529907226563 0.0419769287109375 0.19097900390625
0.0126876831054687 0.108573913574219 0.0477676391601563 0.122428894042969
0.08154296875 0.0529937744140625 0.0567626953125 0.0805816650390625
0.0811767578125 -0.0164794921875 0.0407600402832031 0.0487480163574219
0.0392913818359375 -0.0772933959960938 0.0333633422851563 0.0428543090820313
-0.00421142578125 -0.0830764770507813 0.0349998474121094 0.0624961853027344
-0.0104751586914062 -0.0786666870117188 0.0394973754882813 0.0815200805664062
-0.0197219848632813 -0.0944366455078125 0.04150390625 0.111427307128906
0.002593994140625 -0.0978469848632813 -0.00335693359374999 0.126411437988281
0.0602951049804688 -0.084808349609375 -0.0399856567382812 0.113380432128906
0.0974655151367188 -0.0326614379882813 -0.0725860595703125 0.0507278442382812
0.0875396728515625 0.0783309936523438 -0.0599708557128906 -0.00982284545898436
0.0177001953125 0.121932983398438 0.0162086486816406 0.0293636322021484
-0.0646896362304687 0.101997375488281 -0.0290069580078125 0.169784545898437
0.0710296630859375 -0.01513671875 0.031463623046875 -0.195510864257813
0.0181732177734375 -0.07684326171875 -0.00597000122070312 -0.0523719787597656
-0.0425262451171875 -0.0470771789550781 0.0651664733886719 0.0140647888183594
-0.0571632385253906 0.00936889648437499 0.109146118164063 -0.058563232421875
-0.0323448181152344 0.0419120788574219 0.0625457763671875 -0.129249572753906
7.24792480468712E-05 0.0543479919433594 -0.0149383544921875 -0.155838012695313
0.00617218017578125 0.0391769409179688 -0.0658187866210937 -0.138511657714844
-0.00107192993164063 0.0404014587402344 -0.0630950927734375 -0.100776672363281
-0.00873184204101562 0.043182373046875 -0.052886962890625 -0.0806121826171875
-0.0282249450683594 0.024322509765625 -0.038665771484375 -0.066864013671875
-0.0379219055175781 -0.008575439453125 -0.0437545776367188 -0.0649261474609375
-0.0139007568359375 -0.0425071716308594 -0.045806884765625 -0.08941650390625
0.0420074462890625 -0.0503349304199219 -0.03204345703125 -0.1339111328125
0.08306884765625 -0.0168609619140625 -0.0388031005859375 -0.19305419921875
0.091033935546875 0.0293655395507813 -0.0301055908203125 -0.204193115234375
0.0759658813476563 0.0711669921875 0.066558837890625 -0.191131591796875
0.0593986511230469 -0.0139884948730469 0.0167999267578125 -0.0499687194824219
0.0203018188476563 -0.0175094604492188 0.0783157348632813 0.0207595825195313
0.0016937255859375 -0.00995731353759766 0.125877380371094 -0.0577850341796875
0.00155889987945557 -0.00108075141906738 0.0774993896484375 -0.131568908691406
0.00135040283203125 -0.00453376770019531 -0.0079193115234375 -0.166519165039063
-0.0107202529907227 -0.015049934387207 -0.0673065185546875 -0.14459228515625
-0.0129613876342773 -0.01251220703125 -0.0681228637695312 -0.100257873535156
-0.0190601348876953 -0.0165214538574219 -0.0558090209960938 -0.0800857543945313
-0.0152339935302734 -0.0323524475097656 -0.0457801818847656 -0.0670318603515625
0.00815200805664063 -0.0453758239746094 -0.045562744140625 -0.0567359924316406
0.0452308654785156 -0.04400634765625 -0.0455474853515625 -0.0794601440429688
0.0865554809570312 0.004119873046875 -0.0391616821289063 -0.114021301269531
0.106399536132813 0.0590057373046875 -0.0383148193359375 -0.168060302734375
0.0861053466796875 0.111442565917969 -0.018829345703125 -0.178131103515625
0.0638580322265625 0.151687622070313 0.098907470703125 -0.1541748046875
0.0861358642578125 0.063140869140625 0.0428848266601563 -0.0252456665039062
0.0847930908203125 0.0301361083984375 0.0927581787109375 0.0374221801757813
0.0704727172851563 -0.0191574096679687 0.141647338867188 -0.0457763671875
0.0451545715332031 -0.0416908264160156 0.0931625366210938 -0.119773864746094
0.0094451904296875 -0.0634269714355469 0.00561523437499999 -0.159942626953125
-0.022705078125 -0.0686302185058594 -0.0589752197265625 -0.134529113769531
-0.0231704711914063 -0.0630874633789063 -0.0643463134765625 -0.0847702026367188
-0.0301437377929687 -0.0724258422851563 -0.0521278381347656 -0.0624465942382813
-0.00877380371093751 -0.083465576171875 -0.0506057739257813 -0.0490760803222656
0.0421905517578125 -0.0850448608398438 -0.0501327514648438 -0.0355873107910156
0.0918807983398437 -0.0578231811523438 -0.0518608093261719 -0.0610389709472656
0.128379821777344 0.0357894897460938 -0.0498504638671875 -0.0902862548828125
0.129280090332031 0.111679077148438 -0.0366744995117188 -0.133514404296875
0.0802764892578125 0.171157836914062 -0.0122299194335937 -0.129447937011719
0.0355377197265625 0.210739135742188 0.120765686035156 -0.0879669189453125
0.0896148681640625 0.139289855957031 0.0634880065917969 0.0190620422363281
0.133232116699219 0.0889892578125 0.1015625 0.06427001953125
0.1373291015625 -0.0121078491210937 0.149871826171875 -0.019561767578125
0.0915451049804688 -0.0707473754882813 0.102272033691406 -0.0911636352539063
0.0230636596679688 -0.11334228515625 0.02117919921875 -0.133712768554688
-0.029754638671875 -0.113296508789063 -0.04229736328125 -0.107109069824219
-0.0299301147460938 -0.102912902832031 -0.0506515502929687 -0.0564804077148438
-0.0413665771484375 -0.1171875 -0.0377578735351563 -0.032501220703125
-0.00897216796875 -0.124465942382813 -0.0478477478027344 -0.0174331665039062
0.0623397827148437 -0.119285583496094 -0.0504913330078125 -0.00424957275390625
0.121871948242188 -0.0750961303710938 -0.0576553344726562 -0.0356826782226563
0.158004760742188 0.0516357421875 -0.0576858520507813 -0.0677490234375
0.143325805664063 0.141342163085938 -0.0262069702148437 -0.0971832275390625
0.067169189453125 0.2056884765625 -0.00448608398437499 -0.0662078857421875
-0.00285339355468748 0.233688354492188 0.124885559082031 -0.00390624999999999
0.0671234130859375 0.192459106445313 0.0751113891601563 0.077423095703125
0.148788452148438 0.144500732421875 0.0995330810546875 0.0938491821289063
0.179779052734375 0.0106658935546875 0.1422119140625 0.015594482421875
0.127777099609375 -0.0803756713867188 0.100364685058594 -0.0493927001953125
0.0379486083984375 -0.143707275390625 0.0333404541015625 -0.0916900634765625
-0.029876708984375 -0.140449523925781 -0.0207481384277344 -0.0674324035644531
-0.0332412719726563 -0.127487182617188 -0.0289649963378906 -0.0204963684082031
-0.0483245849609375 -0.143539428710938 -0.01739501953125 0.00565147399902343
-0.012176513671875 -0.148208618164063 -0.0373268127441406 0.0218505859375
0.0713043212890625 -0.139251708984375 -0.0464744567871094 0.0307121276855469
0.135627746582031 -0.0842208862304688 -0.0608787536621094 -0.00906753540039064
0.16949462890625 0.06134033203125 -0.0596694946289062 -0.0473556518554687
0.137908935546875 0.156646728515625 -0.009185791015625 -0.0629005432128906
0.0435638427734375 0.214523315429688 0.00154459476470948 0.00101602077484132
-0.040985107421875 0.213531494140625 0.114341735839844 0.0820541381835938
0.0265350341796875 0.20477294921875 0.072296142578125 0.136123657226563
0.124298095703125 0.173797607421875 0.085968017578125 0.118560791015625
0.183853149414063 0.037689208984375 0.119277954101563 0.0494308471679688
0.140495300292969 -0.0684280395507812 0.0845947265625 -0.00684356689453126
0.0487060546875 -0.147781372070313 0.0381965637207031 -0.0401344299316406
-0.0252838134765625 -0.144317626953125 0.00205039978027344 -0.0186805725097656
-0.0309677124023437 -0.131813049316406 -0.0046234130859375 0.0193080902099609
-0.047515869140625 -0.150192260742188 0.00582504272460938 0.0457878112792969
-0.011322021484375 -0.151870727539063 -0.0230369567871094 0.0625495910644531
0.0743865966796875 -0.1407470703125 -0.0408477783203125 0.0656700134277344
0.136650085449219 -0.079193115234375 -0.0635414123535156 0.0162887573242188
0.161209106445313 0.0719451904296875 -0.0587615966796875 -0.0310745239257812
0.112030029296875 0.16204833984375 0.00886726379394532 -0.0302772521972656
0.00973510742187501 0.20159912109375 0.00408554077148437 0.0693473815917969
-0.069915771484375 0.152114868164062 0.0909271240234375 0.15240478515625
-0.0182342529296875 0.169189453125 0.05975341796875 0.180068969726563
0.0742645263671875 0.1614990234375 0.0675888061523438 0.13006591796875
0.14776611328125 0.0537109375 0.0871353149414063 0.07354736328125
0.124595642089844 -0.0455169677734375 0.062835693359375 0.0290374755859375
0.048675537109375 -0.124519348144531 0.0383529663085938 0.00757598876953124
-0.0171356201171875 -0.124725341796875 0.0219230651855469 0.0280723571777344
-0.0231094360351563 -0.11553955078125 0.0212516784667969 0.0560836791992188
-0.039337158203125 -0.134170532226563 0.0288848876953125 0.0841064453125
-0.00713348388671875 -0.135993957519531 -0.00998687744140625 0.101020812988281
0.071197509765625 -0.123710632324219 -0.0373992919921875 0.0956954956054688
0.126136779785156 -0.06170654296875 -0.0677299499511719 0.0375213623046875
0.134780883789063 0.080322265625 -0.0600242614746094 -0.0190696716308594
0.0709991455078125 0.15301513671875 0.0184574127197266 0.0020885467529297
-0.0284881591796875 0.16583251953125 -0.00421905517578124 0.130264282226563
-0.0854110717773438 0.0670242309570313 0.065460205078125 0.193008422851563
-0.051666259765625 0.0999298095703125 0.045166015625 0.199172973632813
0.0165023803710938 0.112770080566406 0.0511932373046875 0.128273010253906
0.08624267578125 0.0507125854492188 0.0611801147460938 0.085357666015625
0.0833206176757813 -0.0198516845703125 0.0448226928710938 0.0510482788085938
0.03680419921875 -0.0814895629882812 0.0362586975097656 0.0437850952148437
-0.00740051269531251 -0.085418701171875 0.0381927490234375 0.0644493103027344
-0.013641357421875 -0.0823974609375 0.0430068969726562 0.0842208862304688
-0.0241928100585938 -0.0982742309570313 0.0466842651367188 0.114974975585937
-0.0018768310546875 -0.101432800292969 -0.0011749267578125 0.133018493652344
0.0594635009765625 -0.0910110473632812 -0.039886474609375 0.119300842285156
0.100418090820313 -0.0372695922851563 -0.0758819580078125 0.0540084838867187
0.0921249389648438 0.0783309936523437 -0.0640869140625 -0.0103912353515625
0.0222091674804688 0.125167846679688 0.0169906616210938 0.0288143157958984
-0.06463623046875 0.107612609863281 -0.02392578125 0.176910400390625
0.072021484375 -0.0175094604492188 0.0214996337890625 -0.203598022460937
0.0134658813476563 -0.0800857543945312 -0.0099639892578125 -0.0521316528320313
-0.0464591979980469 -0.0465888977050781 0.069549560546875 0.0140876770019531
-0.0575408935546875 0.0128593444824219 0.111846923828125 -0.065216064453125
-0.0300025939941406 0.0451011657714844 0.0595550537109375 -0.136894226074219
0.00331497192382813 0.0552787780761719 -0.0216064453125 -0.160232543945313
0.00882339477539063 0.0394172668457031 -0.07464599609375 -0.140510559082031
0.00238037109375 0.041351318359375 -0.069976806640625 -0.100730895996094
-0.00521087646484375 0.0452423095703125 -0.0586395263671875 -0.0808334350585938
-0.0273208618164062 0.0261707305908203 -0.0444068908691406 -0.0682182312011719
-0.0388870239257813 -0.00595474243164063 -0.0501861572265625 -0.0652503967285156
-0.0161476135253906 -0.0426025390625 -0.052093505859375 -0.0923004150390625
0.0400428771972656 -0.0524406433105469 -0.0375900268554688 -0.139762878417969
0.0841827392578125 -0.0209121704101563 -0.04730224609375 -0.199859619140625
0.0945663452148437 0.0256729125976562 -0.0411224365234375 -0.21209716796875
0.0813522338867188 0.072235107421875 0.0584259033203125 -0.200836181640625
0.0590667724609375 -0.0166168212890625 0.01385498046875 -0.0510101318359375
0.0208911895751953 -0.0188007354736328 0.0834426879882813 0.0202178955078125
0.00189399719238281 -0.0101642608642578 0.128852844238281 -0.0647430419921875
0.00202023983001709 -0.00125789642333984 0.0756759643554687 -0.139114379882813
0.00106716156005859 -0.00516414642333984 -0.0147552490234375 -0.171035766601563
-0.0116815567016602 -0.0162773132324219 -0.0768585205078125 -0.145858764648438
-0.0132570266723633 -0.0127992630004883 -0.0757598876953125 -0.0994415283203125
-0.0196666717529297 -0.01593017578125 -0.0628433227539063 -0.0788192749023437
-0.0165004730224609 -0.0316410064697266 -0.0511856079101563 -0.0667076110839844
0.00682830810546875 -0.0466690063476562 -0.0521736145019531 -0.0572280883789062
0.0452842712402344 -0.0471992492675781 -0.0529327392578125 -0.08233642578125
0.08935546875 0.00110626220703125 -0.0443801879882812 -0.119522094726563
0.112442016601563 0.0560989379882813 -0.046905517578125 -0.17431640625
0.0942611694335938 0.111495971679688 -0.028076171875 -0.185531616210938
0.07208251953125 0.155731201171875 0.0932159423828125 -0.164627075195313
0.089752197265625 0.0615081787109375 0.0408287048339844 -0.027740478515625
0.0898971557617188 0.0275726318359375 0.098541259765625 0.0372314453125
0.0725021362304688 -0.0230026245117188 0.145370483398437 -0.0518341064453125
0.0445327758789063 -0.0456733703613281 0.0923919677734375 -0.127120971679688
0.00587081909179688 -0.0665779113769531 -0.0010986328125 -0.164840698242188
-0.02789306640625 -0.0707473754882813 -0.0676345825195313 -0.135513305664063
-0.0269889831542969 -0.0640487670898438 -0.0706634521484375 -0.0831298828125
-0.0359115600585937 -0.0733108520507813 -0.0576210021972656 -0.0608367919921875
-0.0132522583007813 -0.0856857299804688 -0.055511474609375 -0.0469779968261719
0.0392303466796875 -0.08935546875 -0.0557289123535156 -0.0345649719238281
0.0923690795898438 -0.0637588500976563 -0.05908203125 -0.06231689453125
0.134788513183594 0.032562255859375 -0.0555267333984375 -0.0941162109375
0.138984680175781 0.1092529296875 -0.0432662963867187 -0.139259338378906
0.0901031494140625 0.17437744140625 -0.0191802978515625 -0.135200500488281
0.04498291015625 0.216751098632813 0.1180419921875 -0.09698486328125
0.0982131958007813 0.139350891113281 0.064208984375 0.0177764892578125
0.143020629882813 0.086822509765625 0.10809326171875 0.0650863647460938
0.141494750976563 -0.019195556640625 0.154312133789063 -0.024627685546875
0.090576171875 -0.0781631469726563 0.103614807128906 -0.09747314453125
0.0168304443359375 -0.118759155273437 0.0160293579101563 -0.138809204101563
-0.0373077392578125 -0.115997314453125 -0.0488204956054688 -0.107612609863281
-0.0368270874023437 -0.104965209960938 -0.0553932189941406 -0.0542945861816406
-0.0505599975585937 -0.118400573730469 -0.0426712036132813 -0.030059814453125
-0.0166549682617188 -0.127838134765625 -0.0510711669921875 -0.0139541625976563
0.057037353515625 -0.126510620117188 -0.0545387268066406 -0.00241851806640625
0.121856689453125 -0.0832672119140625 -0.0644302368164062 -0.0357704162597656
0.166259765625 0.046966552734375 -0.0626945495605468 -0.0693817138671875
0.154998779296875 0.139007568359375 -0.0312652587890625 -0.102554321289063
0.078216552734375 0.210800170898437 -0.008880615234375 -0.0707931518554687
0.007659912109375 0.241958618164063 0.127777099609375 -0.010589599609375
0.077301025390625 0.19482421875 0.0782012939453125 0.077178955078125
0.161666870117188 0.14349365234375 0.10626220703125 0.0962066650390625
0.186080932617188 0.001251220703125 0.14849853515625 0.0127716064453125
0.127944946289063 -0.0889739990234375 0.102752685546875 -0.0547866821289063
0.0305328369140625 -0.150482177734375 0.029693603515625 -0.0957565307617188
-0.0392303466796875 -0.142974853515625 -0.0249214172363281 -0.0670661926269532
-0.0409698486328125 -0.129203796386719 -0.0323886871337891 -0.017181396484375
-0.0588531494140625 -0.145355224609375 -0.0186538696289063 0.00803184509277343
-0.0209808349609375 -0.151901245117188 -0.0386810302734375 0.025909423828125
0.0652618408203125 -0.148818969726563 -0.0482177734375 0.0346908569335938
0.135108947753906 -0.09429931640625 -0.0664176940917969 -0.00679779052734376
0.179473876953125 0.0552825927734375 -0.0649261474609375 -0.0473785400390625
0.150299072265625 0.155029296875 -0.0124969482421875 -0.0668869018554687
0.0551910400390625 0.221160888671875 0.0011674165725708 -0.000269293785095201
-0.03271484375 0.223312377929687 0.119682312011719 0.0792694091796875
0.03564453125 0.209518432617188 0.078338623046875 0.13720703125
0.137786865234375 0.173980712890625 0.0928726196289063 0.121292114257813
0.191207885742188 0.0288238525390625 0.125389099121094 0.0483856201171875
0.141860961914063 -0.078369140625 0.089080810546875 -0.00859832763671875
0.041229248046875 -0.15435791015625 0.0385627746582031 -0.0431175231933594
-0.0347900390625 -0.147293090820313 0.00116539001464844 -0.0184669494628906
-0.0388412475585938 -0.133743286132813 -0.00395774841308594 0.0221004486083984
-0.0589599609375 -0.1519775390625 0.0079345703125 0.0485305786132812
-0.02093505859375 -0.156417846679688 -0.0220413208007812 0.0677947998046875
0.067901611328125 -0.149826049804688 -0.0399208068847656 0.0695533752441406
0.137115478515625 -0.08935546875 -0.067413330078125 0.0191230773925781
0.170394897460938 0.0656585693359375 -0.0643653869628906 -0.031158447265625
0.123733520507813 0.161514282226563 0.00585556030273439 -0.0334281921386719
0.0198516845703125 0.20965576171875 0.00724029541015625 0.0700263977050781
-0.0650177001953125 0.161392211914063 0.0997161865234375 0.153976440429688
-0.0106964111328125 0.17529296875 0.067840576171875 0.183334350585938
0.0847930908203125 0.163589477539063 0.0736923217773438 0.134025573730469
0.154617309570313 0.0465850830078125 0.0940780639648438 0.07489013671875
0.124870300292969 -0.0542449951171875 0.0676078796386719 0.0287551879882812
0.042144775390625 -0.130378723144531 0.0395774841308594 0.00651931762695312
-0.0250778198242187 -0.12786865234375 0.02386474609375 0.0288066864013672
-0.0311965942382812 -0.117507934570313 0.0242118835449219 0.0584144592285156
-0.0493927001953125 -0.136344909667969 0.0333328247070313 0.0858840942382813
-0.0164108276367188 -0.139907836914063 -0.00616455078125001 0.106643676757812
0.0654830932617188 -0.132377624511719 -0.0352325439453125 0.10064697265625
0.126487731933594 -0.0711135864257813 -0.0710525512695312 0.04156494140625
0.143661499023438 0.076019287109375 -0.0644035339355469 -0.0177536010742188
0.0810394287109375 0.15362548828125 0.0186614990234375 -0.00121498107910155
-0.022125244140625 0.173828125 0.00141143798828125 0.133903503417969
-0.0842971801757813 0.072845458984375 0.0754852294921875 0.196533203125
-0.0489044189453125 0.105926513671875 0.0545196533203125 0.205215454101563
0.02386474609375 0.116416931152344 0.0576858520507813 0.132453918457031
0.091156005859375 0.0468521118164063 0.0677566528320313 0.0870895385742188
0.0832672119140625 -0.02593994140625 0.0499000549316406 0.0516777038574219
0.0326690673828125 -0.0855026245117187 0.0401153564453125 0.04376220703125
-0.0131454467773438 -0.0872879028320313 0.0430717468261719 0.06488037109375
-0.0193405151367188 -0.0827102661132813 0.0484161376953125 0.0866012573242188
-0.032379150390625 -0.0993499755859375 0.0537338256835938 0.117050170898438
-0.00825500488281249 -0.104316711425781 0.00566864013671876 0.138603210449219
0.0547561645507812 -0.0974273681640625 -0.0360641479492187 0.125709533691406
0.101028442382813 -0.0448684692382813 -0.0789031982421875 0.0590286254882812
0.100318908691406 0.0754623413085938 -0.068359375 -0.00827407836914061
0.028656005859375 0.127052307128906 0.0189952850341797 0.0271968841552734
-0.0610809326171875 0.115234375 -0.01654052734375 0.182876586914063
0.0719451904296875 -0.0202865600585938 0.00991821289062502 -0.206985473632813
0.00827789306640626 -0.080841064453125 -0.01385498046875 -0.0511283874511719
-0.0488166809082031 -0.0450706481933594 0.0731277465820313 0.0127334594726562
-0.0559654235839844 0.01666259765625 0.111709594726563 -0.0709762573242188
-0.0272026062011719 0.0464286804199219 0.0538330078125 -0.141921997070313
0.00709152221679687 0.0545806884765625 -0.029449462890625 -0.161285400390625
0.0114288330078125 0.0389747619628906 -0.0832290649414063 -0.138397216796875
0.00582122802734375 0.0404510498046875 -0.0755538940429688 -0.0982894897460938
-0.0010986328125 0.0454483032226563 -0.0647735595703125 -0.0785446166992187
-0.0248813629150391 0.0283317565917969 -0.0491714477539063 -0.0671157836914063
-0.0382843017578125 -0.00357818603515625 -0.0558662414550781 -0.0635643005371094
-0.0180282592773438 -0.0420570373535156 -0.0583724975585937 -0.0923080444335938
0.0373077392578125 -0.0542831420898438 -0.0439910888671875 -0.142608642578125
0.0833206176757813 -0.0252227783203125 -0.0565948486328125 -0.201934814453125
0.0966339111328125 0.0212020874023437 -0.052032470703125 -0.214614868164063
0.0859222412109375 0.0703811645507813 0.0473785400390625 -0.206619262695313
0.0569992065429688 -0.0194816589355469 0.00949478149414063 -0.0516471862792969
0.0210380554199219 -0.0197677612304687 0.0870208740234375 0.0182876586914063
0.00266551971435547 -0.0103864669799805 0.128326416015625 -0.0717544555664063
0.00296282768249512 -0.00155878067016602 0.0703582763671875 -0.145919799804688
0.000632762908935546 -0.00619316101074219 -0.023468017578125 -0.172470092773438
-0.0133848190307617 -0.0165205001831055 -0.0858306884765625 -0.143585205078125
-0.0139007568359375 -0.0125522613525391 -0.0817718505859375 -0.0957794189453125
-0.020477294921875 -0.0155391693115234 -0.0685806274414063 -0.0759124755859375
-0.0180587768554688 -0.0312252044677734 -0.0570640563964844 -0.0644111633300781
0.0050811767578125 -0.0472526550292969 -0.0577125549316406 -0.0554389953613281
0.0445098876953125 -0.0495071411132813 -0.0589523315429687 -0.0826416015625
0.09088134765625 -0.00209808349609375 -0.0502700805664062 -0.122169494628906
0.115936279296875 0.0514984130859375 -0.055389404296875 -0.177444458007813
0.100631713867188 0.108924865722656 -0.0391693115234375 -0.188812255859375
0.0813751220703125 0.15545654296875 0.083892822265625 -0.171875
0.0919647216796875 0.0580062866210937 0.0376434326171875 -0.0292282104492187
0.09320068359375 0.0239486694335938 0.102706909179688 0.0354232788085937
0.0731124877929687 -0.027496337890625 0.146194458007813 -0.0582275390625
0.0428314208984375 -0.0490913391113281 0.0881576538085938 -0.133125305175781
0.00152206420898438 -0.0682945251464844 -0.00909423828124999 -0.167037963867188
-0.0331192016601562 -0.0709228515625 -0.0758514404296875 -0.133636474609375
-0.0298500061035156 -0.0638847351074219 -0.075775146484375 -0.0786514282226563
-0.0403594970703125 -0.0723114013671875 -0.0624351501464844 -0.0573005676269531
-0.0188217163085938 -0.0856475830078125 -0.0597000122070312 -0.0434226989746094
0.034149169921875 -0.0926284790039063 -0.0606231689453125 -0.0319175720214844
0.0907974243164063 -0.0687179565429688 -0.0654640197753906 -0.06170654296875
0.13861083984375 0.0270919799804687 -0.0604705810546875 -0.0963592529296875
0.146163940429687 0.10400390625 -0.0510101318359375 -0.142440795898438
0.10028076171875 0.172821044921875 -0.0269775390625 -0.1378173828125
0.0560150146484375 0.219268798828125 0.112495422363281 -0.104736328125
0.104461669921875 0.136497497558594 0.0634269714355469 0.0151748657226563
0.150604248046875 0.0811309814453125 0.113334655761719 0.0632247924804688
0.141937255859375 -0.027099609375 0.156661987304687 -0.0308990478515625
0.0876083374023438 -0.0838775634765625 0.10150146484375 -0.103500366210938
0.0101089477539062 -0.120864868164062 0.00891113281249999 -0.141647338867188
-0.045013427734375 -0.115570068359375 -0.055572509765625 -0.106452941894531
-0.0423583984375 -0.104240417480469 -0.0589485168457031 -0.0496025085449219
-0.0582427978515625 -0.116783142089844 -0.0453758239746094 -0.026763916015625
-0.0248489379882812 -0.127906799316406 -0.0539932250976562 -0.00995254516601564
0.0493316650390625 -0.132041931152344 -0.0573577880859375 0.00132369995117186
0.118492126464844 -0.0912704467773437 -0.0701065063476562 -0.0334663391113281
0.171859741210938 0.0392913818359375 -0.067626953125 -0.0700950622558594
0.163787841796875 0.13336181640625 -0.0376510620117187 -0.105224609375
0.089996337890625 0.211135864257813 -0.0140228271484375 -0.0726547241210938
0.0191192626953125 0.245941162109375 0.125968933105469 -0.0177078247070312
0.087005615234375 0.1942138671875 0.080535888671875 0.0745468139648438
0.171859741210938 0.138015747070313 0.112266540527344 0.0950393676757813
0.188400268554688 -0.0090179443359375 0.151473999023438 0.0070037841796875
0.124565124511719 -0.0973892211914063 0.102615356445313 -0.0591812133789063
0.0221099853515625 -0.1533203125 0.0263900756835937 -0.0983657836914063
-0.048370361328125 -0.142959594726563 -0.0292320251464844 -0.0654335021972656
-0.0485382080078125 -0.129020690917969 -0.0333614349365234 -0.0137233734130859
-0.0698394775390625 -0.143386840820313 -0.0198478698730469 0.0102176666259766
-0.03045654296875 -0.151718139648438 -0.038970947265625 0.0305442810058594
0.056365966796875 -0.154342651367188 -0.0486793518066406 0.0377883911132813
0.131515502929688 -0.103111267089844 -0.07049560546875 -0.00400543212890626
0.184722900390625 0.047515869140625 -0.0689620971679687 -0.0471916198730469
0.160751342773437 0.149627685546875 -0.0173377990722656 -0.0700035095214844
0.0666351318359375 0.223648071289063 -0.00012874603271484 -0.00124013423919676
-0.02191162109375 0.228439331054688 0.123641967773437 0.07415771484375
0.045989990234375 0.20953369140625 0.0840606689453125 0.136024475097656
0.14923095703125 0.170333862304688 0.099029541015625 0.120719909667969
0.19451904296875 0.017974853515625 0.129409790039062 0.0444488525390625
0.138877868652344 -0.0873260498046875 0.0908432006835938 -0.012237548828125
0.0321197509765625 -0.158126831054688 0.0369224548339844 -0.0461692810058594
-0.0441131591796875 -0.147232055664063 -0.000339508056640627 -0.0177993774414063
-0.0471878051757813 -0.13330078125 -0.00355339050292969 0.02490234375
-0.070953369140625 -0.14959716796875 0.00942230224609375 0.0494270324707031
-0.031646728515625 -0.156234741210938 -0.0193557739257813 0.0717086791992187
0.0579833984375 -0.15667724609375 -0.0382308959960937 0.0726089477539062
0.132843017578125 -0.0990753173828125 -0.0701828002929688 0.023345947265625
0.176651000976563 0.057525634765625 -0.0683250427246094 -0.0294113159179687
0.134613037109375 0.155960083007813 0.00365447998046876 -0.036651611328125
0.030792236328125 0.212570190429688 0.00958251953124999 0.0689735412597656
-0.0571136474609375 0.16717529296875 0.107070922851563 0.150634765625
-0.00227355957031251 0.177276611328125 0.075958251953125 0.1834716796875
0.0962677001953125 0.1627197265625 0.0797805786132813 0.134422302246094
0.158767700195313 0.037628173828125 0.098663330078125 0.072479248046875
0.122940063476563 -0.0619049072265625 0.0710601806640625 0.0267562866210937
0.034149169921875 -0.133399963378906 0.0413322448730469 0.00457763671874999
-0.0336456298828125 -0.128005981445313 0.0256252288818359 0.0284881591796875
-0.0386810302734375 -0.116874694824219 0.0276145935058594 0.0594711303710937
-0.059539794921875 -0.133964538574219 0.037994384765625 0.0858230590820312
-0.025665283203125 -0.140548706054688 -0.000579833984374992 0.109481811523437
0.0570144653320313 -0.138435363769531 -0.03131103515625 0.103858947753906
0.122901916503906 -0.0797195434570313 -0.0718154907226563 0.0464248657226563
0.149673461914063 0.06884765625 -0.0675392150878906 -0.0157318115234375
0.089813232421875 0.150787353515625 0.0182876586914063 -0.00402259826660155
-0.01312255859375 0.177902221679688 0.00778961181640625 0.134513854980469
-0.0807342529296875 0.0783233642578125 0.0852203369140625 0.19635009765625
-0.0437088012695313 0.108482360839844 0.0635833740234375 0.206161499023438
0.0315093994140625 0.116737365722656 0.0637359619140625 0.133232116699219
0.0947341918945313 0.0413970947265625 0.0734329223632813 0.08697509765625
0.0817413330078125 -0.0311279296875 0.0537300109863281 0.051116943359375
0.0271224975585938 -0.087554931640625 0.0429878234863281 0.0421104431152344
-0.0190887451171875 -0.0860824584960937 0.0470542907714844 0.0641555786132813
-0.0248947143554688 -0.0822830200195313 0.0524139404296875 0.0855255126953125
-0.0398635864257812 -0.0985641479492188 0.06097412109375 0.1156005859375
-0.0153961181640625 -0.10443115234375 0.0128097534179687 0.140495300292969
0.0487060546875 -0.102523803710938 -0.030303955078125 0.129432678222656
0.0987930297851563 -0.0516815185546875 -0.078125 0.0645828247070313
0.105316162109375 0.0712203979492188 -0.070892333984375 -0.00569915771484376
0.036224365234375 0.126663208007813 0.0211067199707031 0.0252227783203125
-0.0556488037109375 0.119766235351563 -0.006805419921875 0.184555053710938
0.0716629028320313 -0.021697998046875 0.00135803222656252 -0.207077026367188
0.00420379638671876 -0.0797653198242188 -0.0165367126464844 -0.0488662719726563
-0.0507240295410156 -0.0427474975585938 0.0752182006835938 0.0108795166015625
-0.0541877746582031 0.0180778503417969 0.110122680664063 -0.0747222900390625
-0.0246658325195312 0.046722412109375 0.0489959716796875 -0.144195556640625
0.00957870483398437 0.0535392761230469 -0.03460693359375 -0.16021728515625
0.0130882263183594 0.0378532409667969 -0.0880355834960938 -0.135810852050781
0.00828933715820313 0.0394859313964844 -0.078887939453125 -0.09649658203125
0.00209426879882812 0.0440788269042969 -0.0672378540039062 -0.07537841796875
-0.0234832763671875 0.0290699005126953 -0.0521774291992188 -0.06585693359375
-0.0368003845214844 -0.00121307373046876 -0.0589942932128906 -0.0618553161621094
-0.018798828125 -0.0407028198242187 -0.0620880126953125 -0.0920028686523437
0.0349884033203125 -0.055389404296875 -0.0475616455078125 -0.143646240234375
0.0815658569335938 -0.0279617309570313 -0.0623321533203125 -0.201156616210938
0.0971755981445312 0.0168075561523438 -0.0595550537109375 -0.213653564453125
0.0889205932617188 0.068389892578125 0.03790283203125 -0.208175659179688
0.0544929504394531 -0.0201606750488281 0.00568389892578125 -0.0511131286621094
0.0206508636474609 -0.0201492309570313 0.0897979736328125 0.0167770385742188
0.00318527221679687 -0.0107851028442383 0.127540588378906 -0.0751190185546875
0.00352644920349121 -0.00243854522705078 0.065155029296875 -0.147903442382813
0.000211715698242187 -0.00649261474609375 -0.0283966064453125 -0.171096801757813
-0.0144224166870117 -0.0159807205200195 -0.091583251953125 -0.140129089355469
-0.0134706497192383 -0.0129079818725586 -0.0846328735351563 -0.0922698974609375
-0.0204753875732422 -0.0152683258056641 -0.0719680786132813 -0.0731201171875
-0.0183296203613281 -0.0301685333251953 -0.059783935546875 -0.0619735717773438
0.00350570678710937 -0.046600341796875 -0.0610198974609375 -0.052886962890625
0.0431175231933594 -0.0509757995605469 -0.0633544921875 -0.08251953125
0.0904769897460938 -0.00400543212890625 -0.0537872314453125 -0.123275756835937
0.117042541503906 0.0472869873046875 -0.0601654052734375 -0.17840576171875
0.10430908203125 0.104942321777344 -0.04571533203125 -0.188812255859375
0.0862579345703125 0.154083251953125 0.075469970703125 -0.174545288085938
0.0922317504882812 0.0558013916015625 0.0341510772705078 -0.0299110412597656
0.094757080078125 0.0205917358398438 0.105056762695313 0.033966064453125
0.0720672607421875 -0.0304946899414063 0.145034790039063 -0.061981201171875
0.041748046875 -0.0504608154296875 0.084716796875 -0.135993957519531
-0.00127410888671876 -0.0684051513671875 -0.01458740234375 -0.1661376953125
-0.0365333557128906 -0.0694084167480469 -0.0810928344726563 -0.129745483398438
-0.0319061279296875 -0.06292724609375 -0.0777130126953125 -0.0743026733398437
-0.0427093505859375 -0.0707855224609375 -0.0653038024902344 -0.0540962219238281
-0.0217666625976563 -0.0845489501953125 -0.0623931884765625 -0.040130615234375
0.030548095703125 -0.0934829711914063 -0.0631942749023438 -0.0295295715332031
0.08856201171875 -0.0720367431640625 -0.0694007873535156 -0.0608711242675781
0.139846801757813 0.0235519409179688 -0.0633773803710937 -0.0971145629882813
0.149246215820313 0.098907470703125 -0.05560302734375 -0.144119262695313
0.105911254882812 0.170166015625 -0.0327835083007813 -0.138320922851563
0.0634307861328125 0.21844482421875 0.106491088867188 -0.10943603515625
0.10638427734375 0.13323974609375 0.0612831115722656 0.0130996704101563
0.153839111328125 0.076629638671875 0.115509033203125 0.061798095703125
0.140838623046875 -0.0325927734375 0.156082153320313 -0.0347442626953125
0.085113525390625 -0.0867538452148438 0.0989456176757813 -0.105567932128906
0.0039215087890625 -0.120803833007812 0.00451660156249999 -0.141250610351563
-0.0504913330078125 -0.113716125488281 -0.0599365234375 -0.103012084960938
-0.0462493896484375 -0.102828979492188 -0.0599708557128906 -0.0455513000488281
-0.0639419555664062 -0.113922119140625 -0.0474891662597656 -0.0241737365722656
-0.0300521850585938 -0.126152038574219 -0.0548934936523438 -0.00640869140625001
0.0439376831054688 -0.133201599121094 -0.0593948364257813 0.00329589843749999
0.115211486816406 -0.0951995849609375 -0.0735702514648437 -0.031951904296875
0.173934936523437 0.0335693359375 -0.0702476501464844 -0.0702476501464844
0.168914794921875 0.12750244140625 -0.0413360595703125 -0.107101440429688
0.0966949462890625 0.208847045898437 -0.0176010131835937 -0.073944091796875
0.026702880859375 0.245712280273438 0.122886657714844 -0.0220260620117187
0.091705322265625 0.190460205078125 0.0800323486328125 0.072265625
0.178176879882813 0.132171630859375 0.114524841308594 0.0932846069335938
0.1875 -0.0161285400390625 0.1512451171875 0.00408935546875
0.121047973632812 -0.10150146484375 0.102424621582031 -0.0616836547851563
0.01531982421875 -0.153457641601563 0.0230178833007813 -0.09912109375
-0.054840087890625 -0.14080810546875 -0.0322189331054687 -0.0633583068847656
-0.0534515380859375 -0.126274108886719 -0.0335979461669922 -0.0102634429931641
-0.0763931274414062 -0.13970947265625 -0.0202102661132813 0.01226806640625
-0.0373077392578125 -0.149932861328125 -0.0382728576660156 0.033172607421875
0.048675537109375 -0.1571044921875 -0.0488204956054688 0.0398826599121094
0.1268310546875 -0.108360290527344 -0.0736236572265625 -0.0015869140625
0.18743896484375 0.0409088134765625 -0.0721359252929687 -0.046661376953125
0.1661376953125 0.143218994140625 -0.0200119018554687 -0.0720062255859375
0.07427978515625 0.22198486328125 -0.00116276741027832 -0.00311732292175292
-0.014068603515625 0.229629516601563 0.12335205078125 0.069244384765625
0.0518035888671875 0.207992553710937 0.0858001708984375 0.133232116699219
0.15679931640625 0.1658935546875 0.102333068847656 0.119331359863281
0.194686889648438 0.0111083984375 0.130683898925781 0.042449951171875
0.13531494140625 -0.0919342041015625 0.0916519165039063 -0.0133438110351563
0.024658203125 -0.1578369140625 0.0352325439453125 -0.0469932556152344
-0.051116943359375 -0.14508056640625 -0.0016164779663086 -0.0170316696166992
-0.0525588989257812 -0.131210327148438 -0.002349853515625 0.0266628265380859
-0.078277587890625 -0.145095825195313 0.0110015869140625 0.0495452880859375
-0.0388031005859375 -0.154037475585938 -0.0168609619140625 0.0727462768554687
0.0507659912109375 -0.159271240234375 -0.036895751953125 0.0740127563476562
0.128379821777344 -0.104759216308594 -0.0714492797851562 0.0254745483398438
0.179550170898438 0.051239013671875 -0.0696868896484375 -0.0289230346679688
0.140060424804688 0.150741577148438 0.00177001953125001 -0.0391159057617187
0.0386505126953125 0.212142944335938 0.0107078552246094 0.0674324035644531
-0.051422119140625 0.169570922851563 0.109939575195313 0.146469116210938
0.003173828125 0.176803588867188 0.0794677734375 0.181304931640625
0.103240966796875 0.15869140625 0.0832748413085938 0.133010864257813
0.159225463867188 0.03118896484375 0.100921630859375 0.0710296630859375
0.119277954101563 -0.0666351318359375 0.0731430053710938 0.0258407592773437
0.0277328491210938 -0.134010314941406 0.0414314270019531 0.00324249267578124
-0.039154052734375 -0.125495910644531 0.0270195007324219 0.0283279418945312
-0.043731689453125 -0.11529541015625 0.029815673828125 0.0602912902832031
-0.066253662109375 -0.129730224609375 0.0406570434570313 0.085205078125
-0.0324630737304687 -0.137931823730469 0.00321960449218749 0.110504150390625
0.0493927001953125 -0.140960693359375 -0.0277099609375 0.104759216308594
0.119117736816406 -0.0845794677734375 -0.0716781616210938 0.0488967895507812
0.152297973632813 0.0628662109375 -0.0689048767089844 -0.0140724182128906
0.0959930419921875 0.14715576171875 0.0178489685058594 -0.00659561157226562
-0.00692749023437501 0.1787109375 0.011993408203125 0.132774353027344
-0.0777130126953125 0.0802078247070313 0.09136962890625 0.193878173828125
-0.039886474609375 0.11016845703125 0.070159912109375 0.204696655273438
0.0367660522460938 0.116256713867188 0.0665512084960938 0.133094787597656
0.0959014892578125 0.03729248046875 0.0756072998046875 0.0860061645507813
0.0798797607421875 -0.0343704223632813 0.0569190979003906 0.0501480102539063
0.0227737426757812 -0.0876312255859375 0.0453529357910156 0.0404853820800781
-0.0225982666015625 -0.085357666015625 0.0502357482910156 0.0625953674316406
-0.02825927734375 -0.0809173583984375 0.056060791015625 0.0850143432617188
-0.044891357421875 -0.0950546264648438 0.0644607543945312 0.113731384277344
-0.0206985473632812 -0.103218078613281 0.017852783203125 0.140960693359375
0.0432052612304688 -0.104568481445313 -0.0259628295898437 0.129875183105469
0.0959091186523438 -0.0554275512695313 -0.076751708984375 0.0671234130859375
0.10772705078125 0.065765380859375 -0.0722579956054688 -0.003875732421875
0.0401763916015625 0.124153137207031 0.0217857360839844 0.0226364135742188
-0.0506820678710937 0.121856689453125 -0.000305175781250013 0.182876586914063
0.072235107421875 -0.02178955078125 -0.00259399414062502 -0.206787109375
0.001983642578125 -0.0786514282226563 -0.0186996459960937 -0.0476799011230469
-0.0514678955078125 -0.0423431396484375 0.0776214599609375 0.0113296508789062
-0.05303955078125 0.0187034606933594 0.111068725585938 -0.0763931274414063
-0.0232963562011719 0.0469589233398438 0.0481719970703125 -0.145233154296875
0.0106620788574219 0.0528678894042969 -0.0352630615234375 -0.160873413085938
0.0138626098632813 0.0369987487792969 -0.090850830078125 -0.134628295898438
0.0100021362304687 0.0385093688964844 -0.08038330078125 -0.095977783203125
0.0038909912109375 0.0436859130859375 -0.0693817138671875 -0.0743255615234375
-0.0218734741210938 0.0294952392578125 -0.054046630859375 -0.0653953552246094
-0.0354270935058594 -0.000705718994140621 -0.0613365173339844 -0.061370849609375
-0.0186042785644531 -0.0402259826660156 -0.063934326171875 -0.0935745239257813
0.033721923828125 -0.0548934936523438 -0.048095703125 -0.146255493164063
0.0807571411132813 -0.0287551879882813 -0.0634307861328125 -0.20343017578125
0.09710693359375 0.0156784057617188 -0.0609588623046875 -0.215667724609375
0.0906753540039063 0.0690155029296875 0.033355712890625 -0.208663940429688
0.053314208984375 -0.0200576782226562 0.00318527221679687 -0.0503730773925781
0.0208778381347656 -0.0205307006835938 0.091400146484375 0.017059326171875
0.00345039367675781 -0.0108327865600586 0.128196716308594 -0.0767898559570313
0.00417852401733398 -0.00290679931640625 0.0647735595703125 -0.148956298828125
-0.000150680541992188 -0.00717020034790039 -0.0306854248046875 -0.172088623046875
-0.0149145126342773 -0.0166349411010742 -0.0934066772460938 -0.139236450195312
-0.012974739074707 -0.0136451721191406 -0.0853118896484375 -0.091064453125
-0.0199642181396484 -0.0156211853027344 -0.0730972290039063 -0.0715179443359375
-0.0186519622802734 -0.0296211242675781 -0.062042236328125 -0.0608291625976563
0.0035552978515625 -0.0473747253417969 -0.0631523132324219 -0.0526199340820313
0.042999267578125 -0.0513534545898437 -0.0656814575195313 -0.083770751953125
0.09051513671875 -0.00445556640625 -0.0539627075195312 -0.127029418945313
0.117485046386719 0.0465545654296875 -0.062225341796875 -0.180633544921875
0.105262756347656 0.1043701171875 -0.0477752685546875 -0.190475463867187
0.088653564453125 0.154632568359375 0.0718841552734375 -0.176025390625
0.091278076171875 0.0558242797851563 0.0315608978271484 -0.0292510986328125
0.0959091186523438 0.01983642578125 0.10723876953125 0.0350494384765625
0.0723800659179688 -0.0317306518554688 0.145980834960938 -0.0632781982421875
0.0417823791503906 -0.0514335632324219 0.0844955444335938 -0.137123107910156
-0.00302886962890625 -0.0685501098632813 -0.0162353515625 -0.166900634765625
-0.0386734008789062 -0.0699729919433594 -0.0833969116210938 -0.128608703613281
-0.0324516296386719 -0.0641975402832031 -0.0778732299804688 -0.0726547241210938
-0.0444107055664063 -0.0706100463867187 -0.0666389465332031 -0.0522079467773438
-0.0228958129882813 -0.0838165283203125 -0.0641708374023438 -0.0385169982910156
0.0292205810546875 -0.0943984985351563 -0.0660591125488281 -0.0288352966308594
0.0881271362304688 -0.0732421875 -0.0723648071289063 -0.0613937377929688
0.1414794921875 0.023101806640625 -0.0647964477539062 -0.100448608398438
0.151153564453125 0.09747314453125 -0.057708740234375 -0.146591186523438
0.107284545898437 0.170501708984375 -0.035003662109375 -0.140113830566406
0.06640625 0.219482421875 0.10272216796875 -0.111091613769531
0.106712341308594 0.133232116699219 0.0591354370117188 0.0137100219726563
0.156646728515625 0.0756072998046875 0.117103576660156 0.0631332397460938
0.140792846679688 -0.0348663330078125 0.156585693359375 -0.0345916748046875
0.0847854614257813 -0.0881118774414062 0.0997695922851563 -0.106941223144531
0.00235748291015624 -0.120826721191406 0.00289916992187499 -0.142318725585938
-0.0537796020507813 -0.113754272460937 -0.0617523193359375 -0.10205078125
-0.0474090576171875 -0.103607177734375 -0.0597190856933594 -0.0431900024414063
-0.0664138793945313 -0.11334228515625 -0.0480690002441406 -0.0223617553710938
-0.0323257446289063 -0.125473022460938 -0.0564842224121094 -0.00407028198242188
0.0408172607421875 -0.134597778320313 -0.0613899230957031 0.00491333007812498
0.11431884765625 -0.09765625 -0.0767593383789062 -0.0315933227539062
0.176361083984375 0.032562255859375 -0.0722808837890625 -0.0729522705078125
0.170684814453125 0.126083374023438 -0.0438613891601562 -0.1099853515625
0.099151611328125 0.21038818359375 -0.01885986328125 -0.0750961303710937
0.0299224853515625 0.247955322265625 0.120735168457031 -0.0241165161132812
0.091796875 0.190948486328125 0.0782012939453125 0.0723419189453125
0.181503295898438 0.13128662109375 0.1160888671875 0.0952987670898438
0.187667846679688 -0.01849365234375 0.152313232421875 0.00457763671875
0.120414733886719 -0.102378845214844 0.103729248046875 -0.06231689453125
0.012237548828125 -0.153091430664063 0.0217132568359375 -0.100387573242188
-0.05859375 -0.140289306640625 -0.0325851440429688 -0.0619277954101563
-0.0554962158203125 -0.126930236816406 -0.0330238342285156 -0.00770759582519533
-0.0806427001953125 -0.137855529785156 -0.0208740234375 0.0137653350830078
-0.0410614013671875 -0.149154663085938 -0.0389404296875 0.0351753234863281
0.045196533203125 -0.1580810546875 -0.0507164001464844 0.0410575866699219
0.125724792480469 -0.111106872558594 -0.0752716064453125 -0.000755310058593766
0.190109252929688 0.0389251708984375 -0.0734405517578125 -0.0483016967773437
0.168899536132813 0.141525268554688 -0.02264404296875 -0.0742950439453125
0.077056884765625 0.223678588867188 -0.00212526321411132 -0.0040309429168701
-0.0108489990234375 0.230789184570313 0.1224365234375 0.0676956176757813
0.0525665283203125 0.208236694335938 0.0846481323242188 0.133308410644531
0.161331176757813 0.164962768554688 0.102752685546875 0.121429443359375
0.194534301757813 0.0080108642578125 0.131156921386719 0.0433120727539063
0.134605407714844 -0.09375 0.0934677124023438 -0.0138626098632813
0.02203369140625 -0.15771484375 0.0347900390625 -0.047515869140625
-0.0541839599609375 -0.144241333007813 -0.00116825103759766 -0.0162010192871094
-0.0549163818359375 -0.130706787109375 -0.00151443481445313 0.0286579132080078
-0.0814361572265625 -0.14276123046875 0.0107650756835937 0.0502433776855469
-0.042755126953125 -0.153244018554688 -0.0157012939453125 0.0752029418945312
0.0460052490234375 -0.160736083984375 -0.0371932983398437 0.076019287109375
0.126678466796875 -0.106903076171875 -0.0723342895507813 0.0269012451171875
0.182586669921875 0.0493011474609375 -0.0714492797851562 -0.0293807983398438
0.143310546875 0.148956298828125 8.010864257813E-05 -0.040924072265625
0.0407562255859375 0.214324951171875 0.0108184814453125 0.06683349609375
-0.0489044189453125 0.1707763671875 0.110137939453125 0.146347045898438
0.00422668457031248 0.177490234375 0.0800323486328125 0.18206787109375
0.107833862304688 0.159439086914063 0.0837326049804688 0.134788513183594
0.159835815429688 0.0287322998046875 0.101730346679688 0.0725173950195313
0.118865966796875 -0.0676651000976562 0.0748825073242188 0.0261306762695312
0.0249710083007812 -0.133590698242188 0.0423088073730469 0.00280761718749999
-0.0418548583984375 -0.125038146972656 0.0278110504150391 0.0287380218505859
-0.0454483032226563 -0.114921569824219 0.0313453674316406 0.0615081787109375
-0.0696334838867188 -0.127769470214844 0.0414886474609375 0.0850601196289062
-0.03619384765625 -0.1365966796875 0.00479125976562499 0.111183166503906
0.045745849609375 -0.142181396484375 -0.0274200439453125 0.105781555175781
0.117591857910156 -0.0873565673828125 -0.0726089477539062 0.050384521484375
0.15447998046875 0.0605621337890625 -0.0709228515625 -0.0142669677734375
0.0983734130859375 0.145584106445313 0.017216682434082 -0.00864124298095702
-0.003753662109375 0.180908203125 0.0133895874023437 0.131973266601563
-0.0758514404296875 0.0817108154296875 0.09295654296875 0.194061279296875
-0.038604736328125 0.111335754394531 0.070953369140625 0.206222534179688
0.0398178100585938 0.115646362304688 0.0678482055664063 0.134437561035156
0.096221923828125 0.0353775024414062 0.0768661499023438 0.0874710083007813
0.0789718627929688 -0.0349502563476563 0.05926513671875 0.0505752563476562
0.0205841064453125 -0.0874176025390625 0.0466079711914063 0.0405387878417969
-0.0251083374023438 -0.0850067138671875 0.0517959594726562 0.0621261596679687
-0.0295333862304688 -0.080108642578125 0.0576095581054688 0.08526611328125
-0.0477752685546875 -0.0932998657226563 0.065643310546875 0.113578796386719
-0.0234298706054687 -0.102119445800781 0.020172119140625 0.141983032226563
0.040283203125 -0.105369567871094 -0.0250930786132812 0.130828857421875
0.0949783325195313 -0.0577545166015625 -0.0776138305664063 0.0684967041015625
0.109054565429687 0.0638351440429688 -0.0734786987304688 -0.00377655029296874
0.04205322265625 0.123565673828125 0.0222320556640625 0.0204181671142578
-0.048919677734375 0.123489379882813 0.00146484375 0.1824951171875
0.0752182006835938 -0.0217742919921875 -0.00283813476562498 -0.211517333984375
0.00150299072265624 -0.079498291015625 -0.021148681640625 -0.046600341796875
-0.0533638000488281 -0.0432624816894531 0.0815887451171875 0.0131072998046875
-0.0538444519042969 0.0186576843261719 0.115158081054688 -0.0787811279296875
-0.0234527587890625 0.0474433898925781 0.0493011474609375 -0.149368286132812
0.0108757019042969 0.0538215637207031 -0.0356292724609375 -0.165130615234375
0.0146064758300781 0.0379447937011719 -0.0931320190429688 -0.138397216796875
0.0103034973144531 0.0382537841796875 -0.0830459594726563 -0.0985031127929688
0.00544738769531249 0.0432701110839844 -0.07086181640625 -0.07659912109375
-0.0206756591796875 0.0304718017578125 -0.0558967590332031 -0.0676689147949219
-0.0359077453613281 -0.000492095947265623 -0.0634651184082031 -0.0635223388671875
-0.0189132690429687 -0.041412353515625 -0.066314697265625 -0.0979843139648437
0.0349807739257813 -0.0556488037109375 -0.048980712890625 -0.154006958007813
0.081878662109375 -0.029144287109375 -0.0645751953125 -0.211334228515625
0.09912109375 0.016021728515625 -0.0616912841796875 -0.22381591796875
0.09326171875 0.0715408325195313 0.033355712890625 -0.2138671875
0.0535087585449219 -0.0191497802734375 0.00109481811523438 -0.05010986328125
0.0213603973388672 -0.0209999084472656 0.0951309204101562 0.0191421508789063
0.00385284423828125 -0.0119228363037109 0.133224487304688 -0.0779800415039063
0.00488376617431641 -0.00318765640258789 0.0673370361328125 -0.153274536132813
-5.29289245605476E-05 -0.00725746154785156 -0.03076171875 -0.177108764648438
-0.0157184600830078 -0.0175132751464844 -0.095977783203125 -0.142959594726563
-0.0126008987426758 -0.0148725509643555 -0.08709716796875 -0.0927276611328125
-0.0200424194335938 -0.01629638671875 -0.0756149291992187 -0.0727615356445313
-0.0185203552246094 -0.0299167633056641 -0.064788818359375 -0.0613784790039062
0.00439071655273437 -0.0479164123535156 -0.0665321350097656 -0.0536766052246094
0.044647216796875 -0.0525360107421875 -0.0692214965820312 -0.0877838134765625
0.0940093994140625 -0.00345611572265625 -0.0554122924804688 -0.133438110351563
0.119583129882813 0.0481033325195313 -0.063629150390625 -0.188186645507813
0.107688903808594 0.108177185058594 -0.0486602783203125 -0.197891235351563
0.0913238525390625 0.160324096679688 0.0718994140625 -0.180419921875
0.092041015625 0.0588226318359375 0.0302257537841797 -0.0295391082763672
0.0992584228515625 0.02081298828125 0.11083984375 0.0382156372070313
0.074859619140625 -0.032379150390625 0.150833129882813 -0.0637664794921875
0.0438957214355469 -0.0531539916992188 0.0882720947265625 -0.140266418457031
-0.00365066528320313 -0.0699615478515625 -0.01629638671875 -0.171951293945313
-0.0407180786132813 -0.0716094970703125 -0.0859832763671875 -0.131423950195313
-0.0335693359375 -0.0663986206054688 -0.0794906616210937 -0.0735702514648438
-0.0457916259765625 -0.0725021362304688 -0.0685157775878906 -0.052398681640625
-0.0236663818359375 -0.0855712890625 -0.0669097900390625 -0.0382728576660156
0.029937744140625 -0.0965957641601563 -0.0688362121582031 -0.0291671752929687
0.0911712646484375 -0.0759963989257813 -0.0766143798828125 -0.064910888671875
0.146408081054688 0.0243988037109375 -0.0663375854492187 -0.106636047363281
0.154556274414063 0.100021362304688 -0.059844970703125 -0.1536865234375
0.1099853515625 0.176666259765625 -0.0355987548828125 -0.145751953125
0.067626953125 0.227615356445313 0.103622436523438 -0.113807678222656
0.106979370117188 0.138282775878906 0.0577507019042969 0.0147514343261719
0.1622314453125 0.0780181884765625 0.12078857421875 0.0673599243164063
0.145965576171875 -0.0355072021484375 0.161880493164063 -0.0341033935546875
0.0882110595703125 -0.0904693603515625 0.104843139648437 -0.108573913574219
0.00122833251953124 -0.123580932617188 0.0040740966796875 -0.146270751953125
-0.056060791015625 -0.116432189941406 -0.0637283325195313 -0.104286193847656
-0.0492095947265625 -0.107032775878906 -0.0603294372558594 -0.0430450439453125
-0.0691680908203125 -0.115615844726563 -0.0496978759765625 -0.0215072631835938
-0.0337982177734375 -0.127716064453125 -0.0582923889160156 -0.00302505493164063
0.0417556762695313 -0.138137817382813 -0.0643501281738281 0.00499343872070312
0.117568969726563 -0.10064697265625 -0.080535888671875 -0.0338211059570313
0.182891845703125 0.0336456298828125 -0.0750808715820313 -0.0776748657226563
0.176406860351563 0.129608154296875 -0.0457000732421875 -0.116180419921875
0.101654052734375 0.218399047851563 -0.0200576782226562 -0.0785446166992188
0.0296173095703125 0.25604248046875 0.121452331542969 -0.0244522094726562
0.0912933349609375 0.196945190429687 0.0772323608398438 0.07440185546875
0.187850952148438 0.136322021484375 0.118400573730469 0.100639343261719
0.192901611328125 -0.0186309814453125 0.15704345703125 0.006988525390625
0.12493896484375 -0.105117797851563 0.10882568359375 -0.0628662109375
0.0122222900390625 -0.156951904296875 0.0232391357421875 -0.102714538574219
-0.061431884765625 -0.1434326171875 -0.0339584350585938 -0.0635986328125
-0.0573654174804688 -0.130691528320313 -0.032958984375 -0.00633430480957033
-0.0833282470703125 -0.140380859375 -0.0223655700683594 0.0153293609619141
-0.043731689453125 -0.15185546875 -0.0404777526855469 0.0376815795898438
0.044708251953125 -0.162353515625 -0.0531539916992188 0.04327392578125
0.128990173339844 -0.1146240234375 -0.078887939453125 -0.00125122070312499
0.19708251953125 0.039947509765625 -0.0763473510742187 -0.0522994995117188
0.173599243164063 0.144882202148438 -0.0235748291015625 -0.0792694091796875
0.0794830322265625 0.231536865234375 -0.00283479690551757 -0.0045037269592285
-0.012176513671875 0.238235473632813 0.12335205078125 0.0701370239257813
0.0525665283203125 0.21441650390625 0.084869384765625 0.136909484863281
0.167800903320313 0.170379638671875 0.104461669921875 0.127166748046875
0.199752807617188 0.00830078125 0.135391235351563 0.0470352172851563
0.138290405273437 -0.0957717895507812 0.0977401733398438 -0.013214111328125
0.021514892578125 -0.160934448242187 0.0363655090332031 -0.0491142272949219
-0.057037353515625 -0.1475830078125 -0.00102806091308594 -0.0154752731323242
-0.0567245483398437 -0.135269165039062 -0.000173568725585944 0.0314731597900391
-0.08526611328125 -0.145492553710938 0.0112762451171875 0.0531539916992187
-0.0454559326171875 -0.155960083007813 -0.01751708984375 0.0779876708984375
0.045745849609375 -0.165084838867187 -0.0390777587890625 0.0782470703125
0.129570007324219 -0.110275268554688 -0.0759735107421875 0.0271453857421875
0.188583374023437 0.05035400390625 -0.0746383666992187 -0.0313262939453125
0.147445678710938 0.1524658203125 0.000347137451171888 -0.0444526672363281
0.042572021484375 0.221160888671875 0.0105781555175781 0.0676689147949219
-0.049957275390625 0.176010131835938 0.111373901367187 0.150741577148437
0.00354003906249998 0.183212280273437 0.080780029296875 0.18670654296875
0.11199951171875 0.1636962890625 0.0844879150390625 0.141448974609375
0.163726806640625 0.0287322998046875 0.105201721191406 0.0771408081054688
0.122039794921875 -0.0692825317382813 0.07904052734375 0.0284194946289062
0.0247879028320313 -0.136337280273438 0.0442619323730469 0.00252151489257812
-0.0445556640625 -0.127853393554688 0.0291690826416016 0.0300254821777344
-0.0473403930664063 -0.117866516113281 0.0323867797851563 0.0649337768554688
-0.0729217529296875 -0.129745483398438 0.0424880981445312 0.0884780883789062
-0.0390472412109375 -0.139198303222656 0.00442504882812501 0.115913391113281
0.0450439453125 -0.1461181640625 -0.0285873413085937 0.109222412109375
0.12030029296875 -0.0906906127929688 -0.07550048828125 0.0516510009765625
0.159515380859375 0.0621490478515625 -0.0733108520507812 -0.0160140991210937
0.101608276367187 0.148818969726563 0.0177421569824219 -0.0107021331787109
-0.00418090820312499 0.186050415039063 0.0132980346679687 0.134902954101563
-0.0778350830078125 0.0829238891601562 0.093841552734375 0.1995849609375
-0.0402984619140625 0.114219665527344 0.0716400146484375 0.212844848632813
0.042694091796875 0.119087219238281 0.0676956176757813 0.140350341796875
0.0991363525390625 0.0352630615234375 0.0794906616210938 0.0929641723632813
0.0806045532226563 -0.0359420776367188 0.0618972778320313 0.0537452697753906
0.0204620361328125 -0.0884475708007813 0.0487861633300781 0.0411491394042969
-0.0262908935546875 -0.0864486694335938 0.05413818359375 0.063751220703125
-0.030609130859375 -0.0824508666992188 0.0602493286132813 0.0885543823242188
-0.049652099609375 -0.0942459106445313 0.0670852661132812 0.117401123046875
-0.025543212890625 -0.103958129882813 0.0204925537109375 0.146469116210938
0.0402069091796875 -0.108589172363281 -0.0256576538085938 0.133529663085938
0.0967254638671875 -0.0594940185546875 -0.0802001953125 0.0705490112304688
0.112464904785156 0.0660247802734375 -0.0766372680664062 -0.00493621826171874
0.043243408203125 0.126502990722656 0.0224990844726563 0.0201663970947266
-0.0499267578125 0.126792907714844 0.00158691406250002 0.185882568359375
0.0798873901367188 -0.02484130859375 -0.006866455078125 -0.221343994140625
0.000442504882812508 -0.0823287963867188 -0.0237083435058594 -0.0471534729003906
-0.0571632385253906 -0.0447998046875 0.0875701904296875 0.0132675170898437
-0.0557060241699219 0.0200347900390625 0.121917724609375 -0.0840225219726563
-0.0233268737792969 0.0499382019042969 0.050689697265625 -0.157699584960938
0.0129280090332031 0.0567245483398438 -0.0384063720703125 -0.174148559570313
0.0158271789550781 0.0389862060546875 -0.100189208984375 -0.145217895507812
0.0125770568847656 0.0394515991210938 -0.0890426635742187 -0.103050231933594
0.00732421875 0.0446815490722656 -0.0761566162109375 -0.0802001953125
-0.0201530456542969 0.0322017669677734 -0.0608291625976562 -0.0702705383300781
-0.0371017456054688 0.000648498535156258 -0.067596435546875 -0.0665397644042969
-0.0207099914550781 -0.0429840087890625 -0.0718536376953125 -0.10430908203125
0.0356559753417969 -0.0582275390625 -0.0527801513671875 -0.164627075195312
0.0847854614257813 -0.0318222045898438 -0.0694580078125 -0.22412109375
0.105133056640625 0.0162277221679688 -0.067138671875 -0.237411499023438
0.100273132324219 0.074798583984375 0.0315093994140625 -0.224639892578125
0.0552787780761719 -0.0186500549316406 -0.00139617919921875 -0.0510177612304688
0.0225334167480469 -0.0219345092773438 0.102272033691406 0.0206527709960938
0.00475215911865234 -0.0127048492431641 0.140167236328125 -0.0839004516601563
0.00563955307006836 -0.00417375564575195 0.0699920654296875 -0.1617431640625
-0.000119686126708984 -0.00748109817504883 -0.0343170166015625 -0.186309814453125
-0.0173549652099609 -0.0182399749755859 -0.103897094726563 -0.14892578125
-0.0127973556518555 -0.0172624588012695 -0.0923538208007813 -0.09710693359375
-0.0204505920410156 -0.0179996490478516 -0.0802841186523438 -0.075164794921875
-0.0191154479980469 -0.0313377380371094 -0.0691680908203125 -0.0638427734375
0.004669189453125 -0.0504226684570312 -0.0719070434570313 -0.0563125610351563
0.0468254089355469 -0.0559577941894531 -0.0752029418945313 -0.0937957763671875
0.0990676879882813 -0.00417327880859375 -0.0598907470703125 -0.144180297851563
0.126243591308594 0.0489349365234375 -0.0692291259765625 -0.200302124023438
0.114212036132813 0.113410949707031 -0.05322265625 -0.21051025390625
0.097991943359375 0.168853759765625 0.0718231201171875 -0.190292358398437
0.0964889526367188 0.062652587890625 0.0284271240234375 -0.0301723480224609
0.105743408203125 0.0210113525390625 0.1182861328125 0.0408401489257812
0.0788803100585938 -0.035552978515625 0.159759521484375 -0.0680999755859375
0.0467910766601563 -0.0569496154785156 0.0928497314453125 -0.14910888671875
-0.0048675537109375 -0.0737228393554688 -0.01812744140625 -0.181381225585938
-0.0445327758789062 -0.0746612548828125 -0.0920791625976563 -0.13702392578125
-0.0355148315429687 -0.0705413818359375 -0.0838775634765625 -0.075653076171875
-0.049407958984375 -0.0757675170898438 -0.0728759765625 -0.0536880493164063
-0.0255508422851563 -0.0893783569335938 -0.07110595703125 -0.0387039184570313
0.0307159423828125 -0.102081298828125 -0.0745468139648438 -0.0296630859375
0.0954971313476563 -0.0809402465820313 -0.0830535888671875 -0.068450927734375
0.156570434570312 0.024383544921875 -0.0718917846679687 -0.115531921386719
0.164138793945313 0.1036376953125 -0.0650177001953125 -0.1650390625
0.117385864257812 0.186752319335938 -0.039154052734375 -0.155242919921875
0.073638916015625 0.240371704101563 0.106407165527344 -0.120323181152344
0.112335205078125 0.14581298828125 0.057525634765625 0.0160942077636719
0.17266845703125 0.081024169921875 0.12835693359375 0.072357177734375
0.15277099609375 -0.0394744873046875 0.171844482421875 -0.035736083984375
0.0929946899414063 -0.0966110229492188 0.110687255859375 -0.11669921875
-0.000640869140625002 -0.130218505859375 0.00303649902343748 -0.153854370117187
-0.0619735717773438 -0.122047424316406 -0.068878173828125 -0.107803344726563
-0.0535507202148437 -0.112861633300781 -0.0628929138183594 -0.0432281494140625
-0.074798583984375 -0.119972229003906 -0.0534286499023438 -0.0210952758789063
-0.0378189086914063 -0.133377075195313 -0.0620269775390625 -0.000705718994140639
0.041015625 -0.146591186523437 -0.0694236755371094 0.00670623779296873
0.123794555664063 -0.107688903808594 -0.0871124267578125 -0.0356597900390625
0.195175170898438 0.034332275390625 -0.0808868408203125 -0.084869384765625
0.187225341796875 0.134719848632813 -0.0505905151367187 -0.124679565429687
0.1094970703125 0.231063842773437 -0.0219345092773437 -0.0838470458984375
0.0341339111328125 0.270721435546875 0.125099182128906 -0.02655029296875
0.0970916748046875 0.207931518554688 0.0796966552734375 0.078125
0.201019287109375 0.141937255859375 0.125801086425781 0.107856750488281
0.2030029296875 -0.021453857421875 0.167282104492188 0.0081634521484375
0.131645202636719 -0.112030029296875 0.115798950195313 -0.0675888061523438
0.010101318359375 -0.16455078125 0.02349853515625 -0.1090087890625
-0.0687713623046875 -0.150054931640625 -0.0364494323730469 -0.0651130676269531
-0.0629348754882813 -0.1380615234375 -0.0337562561035156 -0.00426864624023438
-0.091064453125 -0.14617919921875 -0.0236110687255859 0.0177669525146484
-0.048583984375 -0.158981323242188 -0.0430488586425781 0.04205322265625
0.042938232421875 -0.171859741210938 -0.0565643310546875 0.0457763671875
0.134483337402344 -0.122909545898438 -0.0850906372070313 -0.00142669677734376
0.210418701171875 0.0396881103515625 -0.0821304321289062 -0.0565414428710938
0.185546875 0.14990234375 -0.02740478515625 -0.0855484008789063
0.0862274169921875 0.24554443359375 -0.00296401977539062 -0.006258487701416
-0.0103607177734375 0.252609252929688 0.128280639648438 0.07305908203125
0.0562896728515625 0.226837158203125 0.0880126953125 0.143936157226563
0.180572509765625 0.178115844726563 0.110801696777344 0.13641357421875
0.21038818359375 0.0059661865234375 0.143890380859375 0.0511016845703125
0.146438598632813 -0.102462768554688 0.105636596679688 -0.0144805908203125
0.020111083984375 -0.169219970703125 0.0375289916992188 -0.0526313781738281
-0.0635833740234375 -0.153900146484375 -0.000977516174316411 -0.0154752731323242
-0.061767578125 -0.142333984375 0.00170135498046874 0.0354576110839844
-0.0932464599609375 -0.15045166015625 0.0116004943847656 0.0570106506347656
-0.0513916015625 -0.162399291992187 -0.0177993774414063 0.0837936401367188
0.0439605712890625 -0.173904418945313 -0.0411911010742187 0.0831985473632812
0.13525390625 -0.119255065917969 -0.081390380859375 0.0293045043945312
0.201141357421875 0.0500335693359375 -0.0803375244140625 -0.0336227416992188
0.157684326171875 0.158050537109375 -0.00147628784179687 -0.04925537109375
0.047454833984375 0.233963012695313 0.0118331909179687 0.07061767578125
-0.0510406494140625 0.186569213867188 0.116897583007812 0.158447265625
0.00546264648437501 0.19342041015625 0.0843505859375 0.197174072265625
0.121490478515625 0.171234130859375 0.0890655517578125 0.150848388671875
0.172821044921875 0.0276031494140625 0.112548828125 0.083099365234375
0.128669738769531 -0.0740737915039063 0.0854873657226563 0.0291671752929688
0.0239105224609375 -0.142990112304688 0.0467720031738281 0.00209045410156249
-0.0493011474609375 -0.133316040039063 0.0312519073486328 0.0319309234619141
-0.0516510009765625 -0.1234130859375 0.036590576171875 0.0688896179199219
-0.0799789428710938 -0.134185791015625 0.0452194213867187 0.0933837890625
-0.044097900390625 -0.144775390625 0.00555419921875 0.122749328613281
0.0436553955078125 -0.154541015625 -0.0294418334960937 0.115020751953125
0.124542236328125 -0.0973739624023438 -0.0799102783203125 0.0553131103515625
0.170089721679688 0.0626373291015625 -0.0786285400390625 -0.0170364379882812
0.108444213867188 0.154815673828125 0.018585205078125 -0.0131206512451172
-0.0014801025390625 0.197998046875 0.0159912109375 0.141433715820313
-0.08099365234375 0.0890960693359375 0.098480224609375 0.2105712890625
-0.0408554077148438 0.121421813964844 0.0767822265625 0.22381591796875
0.0475692749023438 0.124229431152344 0.0721588134765625 0.149749755859375
0.105133056640625 0.0352020263671875 0.085906982421875 0.0997390747070313
0.0844955444335938 -0.03863525390625 0.0674934387207031 0.0565681457519531
0.0199203491210938 -0.09344482421875 0.0529518127441406 0.0428848266601562
-0.0296173095703125 -0.0908126831054687 0.0574111938476563 0.0666885375976563
-0.0335769653320312 -0.08642578125 0.0651626586914063 0.0937423706054687
-0.053955078125 -0.0975265502929688 0.0725326538085938 0.123313903808594
-0.0291824340820313 -0.107963562011719 0.0229949951171875 0.154327392578125
0.0399398803710937 -0.114768981933594 -0.0266876220703125 0.140945434570313
0.100479125976563 -0.0644912719726563 -0.0841140747070313 0.0755691528320313
0.119636535644531 0.0681533813476563 -0.0817794799804687 -0.00484466552734375
0.0471954345703125 0.132232666015625 0.0250968933105469 0.0191669464111328
-0.0506591796875 0.13433837890625 0.00399780273437499 0.19512939453125
0.0848541259765625 -0.0298309326171875 -0.0158843994140625 -0.2347412109375
-0.00330352783203125 -0.0863189697265625 -0.0283241271972656 -0.0466499328613281
-0.0636787414550781 -0.044189453125 0.0958175659179688 0.0110626220703125
-0.0582389831542969 0.0226783752441406 0.126502990722656 -0.094573974609375
-0.02294921875 0.0532684326171875 0.0480804443359375 -0.169570922851563
0.0169792175292969 0.059295654296875 -0.04681396484375 -0.184219360351563
0.01885986328125 0.0408668518066406 -0.112899780273438 -0.150680541992187
0.0154495239257813 0.0399398803710938 -0.098419189453125 -0.106941223144531
0.0112495422363281 0.0455780029296875 -0.0838775634765625 -0.0818939208984375
-0.0185794830322266 0.0350151062011719 -0.0675277709960937 -0.0728988647460938
-0.0387229919433594 0.00262069702148438 -0.0750350952148438 -0.069000244140625
-0.0238304138183594 -0.0447845458984375 -0.0820388793945312 -0.110076904296875
0.0350303649902344 -0.0631446838378906 -0.063140869140625 -0.1759033203125
0.0879669189453125 -0.0359649658203125 -0.0821533203125 -0.236984252929688
0.112518310546875 0.0131149291992188 -0.0801849365234375 -0.2523193359375
0.110450744628906 0.0756454467773438 0.02362060546875 -0.239303588867187
0.0571746826171875 -0.0209083557128906 -0.00554275512695312 -0.0521965026855469
0.0229034423828125 -0.0245513916015625 0.110374450683594 0.0188064575195313
0.00472927093505859 -0.0140209197998047 0.146240234375 -0.09429931640625
0.00645637512207031 -0.00529623031616211 0.0683441162109375 -0.1751708984375
-0.000401973724365235 -0.00788164138793945 -0.0430755615234375 -0.196945190429688
-0.0195198059082031 -0.0182838439941406 -0.116241455078125 -0.154403686523438
-0.0141754150390625 -0.0187282562255859 -0.101654052734375 -0.0996627807617188
-0.0221576690673828 -0.0196990966796875 -0.088958740234375 -0.0764999389648438
-0.0200710296630859 -0.0322818756103516 -0.0761871337890625 -0.0646209716796875
0.00360488891601563 -0.0532913208007812 -0.0796051025390625 -0.05718994140625
0.0476493835449219 -0.0607452392578125 -0.0856170654296875 -0.09930419921875
0.106376647949219 -0.0078277587890625 -0.0702362060546875 -0.154449462890625
0.135200500488281 0.047698974609375 -0.0825042724609375 -0.213790893554688
0.125778198242188 0.117332458496094 -0.06427001953125 -0.224197387695313
0.11151123046875 0.17706298828125 0.0680389404296875 -0.204635620117188
0.103118896484375 0.0650405883789063 0.0264682769775391 -0.0316562652587891
0.113975524902344 0.0183868408203125 0.128379821777344 0.0405044555664063
0.0825271606445312 -0.0413970947265625 0.16815185546875 -0.0772247314453125
0.0479087829589844 -0.0632820129394531 0.0943603515625 -0.162445068359375
-0.00833892822265626 -0.0775680541992188 -0.026153564453125 -0.191436767578125
-0.051727294921875 -0.0775985717773438 -0.103668212890625 -0.141098022460938
-0.041229248046875 -0.0746612548828125 -0.0909576416015625 -0.07672119140625
-0.0555419921875 -0.0788726806640625 -0.0802230834960937 -0.0533828735351563
-0.0301437377929688 -0.0933990478515625 -0.0774993896484375 -0.037322998046875
0.028594970703125 -0.109603881835938 -0.0822067260742188 -0.028411865234375
0.0989456176757812 -0.0896530151367187 -0.0933151245117188 -0.07171630859375
0.168594360351563 0.0202484130859375 -0.0827484130859375 -0.124038696289062
0.1783447265625 0.103439331054688 -0.076995849609375 -0.175888061523437
0.132095336914063 0.195877075195313 -0.047607421875 -0.166015625
0.08795166015625 0.253662109375 0.106132507324219 -0.13134765625
0.12359619140625 0.153778076171875 0.0594062805175781 0.0157699584960938
0.188568115234375 0.0801849365234375 0.139976501464844 0.0746078491210937
0.161285400390625 -0.04754638671875 0.182785034179688 -0.0428619384765625
0.0970001220703125 -0.107383728027344 0.115837097167969 -0.127937316894531
-0.00556945800781251 -0.138114929199219 -0.00328063964843749 -0.164688110351563
-0.0715789794921875 -0.126380920410156 -0.077056884765625 -0.110641479492188
-0.0613632202148437 -0.11932373046875 -0.0673484802246094 -0.0421714782714844
-0.0848464965820313 -0.124687194824219 -0.0576972961425781 -0.018310546875
-0.045867919921875 -0.139610290527344 -0.0667724609375 0.00341415405273438
0.037017822265625 -0.156829833984375 -0.0747451782226563 0.0110321044921875
0.127182006835938 -0.119941711425781 -0.0963592529296875 -0.0359878540039063
0.210769653320313 0.02880859375 -0.090728759765625 -0.0903396606445313
0.204437255859375 0.135482788085938 -0.0599594116210937 -0.133377075195313
0.125473022460938 0.2431640625 -0.0273818969726562 -0.0904541015625
0.046844482421875 0.2886962890625 0.129928588867188 -0.0323715209960937
0.109268188476562 0.219497680664063 0.0841217041015625 0.0811309814453125
0.22076416015625 0.143585205078125 0.137908935546875 0.11346435546875
0.215408325195313 -0.0311737060546875 0.178695678710938 0.004638671875
0.13763427734375 -0.125312805175781 0.122978210449219 -0.0757217407226563
0.00430297851562502 -0.175201416015625 0.0201873779296875 -0.117019653320313
-0.0794677734375 -0.156478881835938 -0.0416450500488281 -0.0665092468261719
-0.072479248046875 -0.144760131835938 -0.0344352722167969 -0.0016765594482422
-0.103530883789063 -0.15069580078125 -0.0245189666748047 0.0213279724121094
-0.0591583251953125 -0.1654052734375 -0.0443687438964844 0.0477180480957031
0.037841796875 -0.184326171875 -0.0594978332519531 0.0521507263183594
0.137794494628906 -0.136482238769531 -0.0928268432617187 0.00125885009765625
0.226516723632813 0.0336761474609375 -0.0913848876953125 -0.05950927734375
0.203842163085938 0.151473999023438 -0.0330886840820312 -0.0930404663085937
0.102462768554688 0.260101318359375 -0.00364065170288085 -0.00768709182739256
-0.00172424316406249 0.270339965820313 0.136642456054688 0.0732192993164063
0.067230224609375 0.240280151367188 0.095916748046875 0.149856567382813
0.200393676757813 0.182235717773438 0.122421264648438 0.144546508789063
0.224472045898438 -0.002044677734375 0.156173706054688 0.0513916015625
0.152603149414063 -0.114791870117188 0.113845825195313 -0.0190887451171875
0.01348876953125 -0.180267333984375 0.0379447937011719 -0.0575942993164063
-0.0751800537109375 -0.1612548828125 -0.00180244445800782 -0.0156230926513672
-0.072296142578125 -0.14794921875 0.0045013427734375 0.0390090942382812
-0.106048583984375 -0.155227661132813 0.0145492553710937 0.0620002746582031
-0.062591552734375 -0.168869018554688 -0.0163192749023438 0.0912704467773437
0.038360595703125 -0.186798095703125 -0.041595458984375 0.0906829833984375
0.13812255859375 -0.131965637207031 -0.0869674682617187 0.0342864990234375
0.217330932617188 0.045166015625 -0.0880661010742188 -0.0342254638671875
0.174407958984375 0.1612548828125 -0.00401687622070311 -0.0540199279785156
0.06005859375 0.249801635742188 0.0150604248046875 0.0735626220703125
-0.0468597412109375 0.201705932617188 0.128021240234375 0.164566040039063
0.0125885009765625 0.206649780273438 0.0953216552734375 0.206161499023437
0.137725830078125 0.178253173828125 0.10028076171875 0.160354614257813
0.184860229492188 0.0225982666015625 0.12384033203125 0.0865325927734375
0.134422302246094 -0.084259033203125 0.0938262939453125 0.0287322998046875
0.018798828125 -0.152374267578125 0.0493202209472656 -0.000202178955078134
-0.059783935546875 -0.139411926269531 0.0347023010253906 0.0328636169433594
-0.0605239868164062 -0.129478454589844 0.04241943359375 0.073974609375
-0.0915985107421875 -0.13787841796875 0.051666259765625 0.0987091064453125
-0.053558349609375 -0.150924682617188 0.0106201171875 0.131568908691406
0.0388336181640625 -0.16522216796875 -0.0278091430664062 0.123680114746094
0.128204345703125 -0.109222412109375 -0.0838394165039062 0.0619049072265625
0.184738159179688 0.05963134765625 -0.0843887329101562 -0.0163192749023438
0.122116088867188 0.160064697265625 0.0189704895019531 -0.0177440643310547
0.00659179687500001 0.211837768554688 0.0227508544921875 0.14825439453125
-0.0817108154296875 0.098175048828125 0.111312866210937 0.22088623046875
-0.0386505126953125 0.131393432617188 0.088775634765625 0.23602294921875
0.0574569702148438 0.130104064941406 0.0819091796875 0.159683227539063
0.112319946289062 0.0326004028320312 0.096588134765625 0.104827880859375
0.0886688232421875 -0.04449462890625 0.075775146484375 0.0580368041992188
0.0160140991210938 -0.0995712280273438 0.0573501586914063 0.0427055358886719
-0.0362167358398438 -0.0950698852539062 0.0647964477539063 0.0690879821777344
-0.0399627685546875 -0.0905990600585938 0.073944091796875 0.0985870361328125
-0.0622787475585937 -0.100547790527344 0.0820846557617188 0.128532409667969
-0.0368576049804688 -0.112258911132813 0.0298919677734375 0.1640625
0.036285400390625 -0.12298583984375 -0.023284912109375 0.15057373046875
0.103866577148438 -0.072784423828125 -0.0879974365234375 0.08258056640625
0.130828857421875 0.0678482055664063 -0.0873336791992187 -0.00311279296874998
0.0553817749023438 0.138801574707031 0.0278110504150391 0.0158939361572266
-0.048065185546875 0.145950317382813 0.012359619140625 0.206161499023438
0.0881271362304688 -0.038330078125 -0.033355712890625 -0.244308471679687
-0.00984191894531251 -0.0890655517578125 -0.0342941284179688 -0.0437507629394531
-0.0698699951171875 -0.0417060852050781 0.102249145507812 0.005645751953125
-0.059783935546875 0.0274085998535156 0.127357482910156 -0.106651306152344
-0.0198440551757813 0.0573883056640625 0.03924560546875 -0.180526733398437
0.022674560546875 0.0607261657714844 -0.060455322265625 -0.19091796875
0.0234794616699219 0.0408287048339844 -0.12872314453125 -0.150604248046875
0.0196647644042969 0.0395774841308594 -0.110504150390625 -0.105964660644531
0.0162506103515625 0.0453109741210938 -0.0944976806640625 -0.0804367065429687
-0.0153732299804688 0.0377273559570313 -0.0760498046875 -0.0727310180664063
-0.0387344360351563 0.00587844848632813 -0.0840988159179688 -0.0683212280273438
-0.0278167724609375 -0.0446891784667969 -0.0948410034179688 -0.112213134765625
0.0319252014160156 -0.0677604675292969 -0.078582763671875 -0.18292236328125
0.0890655517578125 -0.0429229736328125 -0.101882934570313 -0.245010375976563
0.119552612304688 0.0056610107421875 -0.1005859375 -0.26190185546875
0.121498107910156 0.0716400146484375 0.00706481933593751 -0.251953125
0.0577812194824219 -0.0240859985351563 -0.0121383666992187 -0.0520782470703125
0.0226020812988281 -0.0268058776855469 0.118736267089844 0.0137405395507813
0.003692626953125 -0.0159139633178711 0.148468017578125 -0.108078002929688
0.00684690475463867 -0.00753593444824219 0.0611419677734375 -0.187774658203125
-0.000394344329833985 -0.00842046737670898 -0.0570220947265625 -0.20404052734375
-0.0220203399658203 -0.0178279876708984 -0.132827758789063 -0.153793334960937
-0.0162143707275391 -0.0199337005615234 -0.113075256347656 -0.097442626953125
-0.0240116119384766 -0.0197200775146484 -0.098541259765625 -0.0744247436523437
-0.0220794677734375 -0.0325736999511719 -0.08489990234375 -0.0629196166992187
0.000457763671874996 -0.0559005737304687 -0.0881729125976563 -0.0549240112304688
0.0465087890625 -0.0670700073242188 -0.0984420776367188 -0.0992050170898438
0.111198425292969 -0.015228271484375 -0.0852813720703125 -0.160308837890625
0.144287109375 0.0408477783203125 -0.101165771484375 -0.220504760742187
0.140655517578125 0.115341186523438 -0.082611083984375 -0.233367919921875
0.130508422851563 0.179244995117188 0.0555572509765625 -0.219024658203125
0.111679077148437 0.0630111694335938 0.0230503082275391 -0.0330066680908203
0.121772766113281 0.0117645263671875 0.138900756835938 0.03594970703125
0.084136962890625 -0.0489883422851563 0.172927856445312 -0.091033935546875
0.047515869140625 -0.0710678100585938 0.0891876220703125 -0.177261352539062
-0.0140228271484375 -0.08135986328125 -0.039764404296875 -0.199539184570313
-0.0599212646484375 -0.0773544311523437 -0.118110656738281 -0.140174865722656
-0.0484771728515625 -0.0765838623046875 -0.0993881225585938 -0.0738296508789062
-0.0642547607421875 -0.0795822143554688 -0.0877304077148438 -0.0498046875
-0.0378875732421875 -0.0954666137695313 -0.0848464965820313 -0.0331039428710938
0.0221176147460938 -0.116500854492188 -0.0890655517578125 -0.0236663818359375
0.09832763671875 -0.100975036621094 -0.105010986328125 -0.0707778930664063
0.179595947265625 0.009796142578125 -0.0965728759765625 -0.127754211425781
0.193572998046875 0.0965576171875 -0.0942840576171875 -0.18145751953125
0.152359008789063 0.19866943359375 -0.0616455078125 -0.173065185546875
0.11029052734375 0.261825561523438 0.1004638671875 -0.144073486328125
0.138504028320313 0.15472412109375 0.0599517822265625 0.0140228271484375
0.204986572265625 0.0719451904296875 0.1531982421875 0.071868896484375
0.166061401367188 -0.06103515625 0.189865112304688 -0.05548095703125
0.09588623046875 -0.120208740234375 0.114166259765625 -0.1422119140625
-0.01641845703125 -0.143585205078125 -0.0145111083984375 -0.17254638671875
-0.0849838256835938 -0.127723693847656 -0.088043212890625 -0.109931945800781
-0.0735549926757813 -0.121574401855469 -0.0715789794921875 -0.0387191772460938
-0.0984115600585937 -0.12396240234375 -0.0619010925292969 -0.0140647888183594
-0.0582733154296875 -0.142486572265625 -0.0705108642578125 0.00907135009765625
0.027801513671875 -0.166519165039062 -0.0792312622070313 0.0173110961914062
0.126045227050781 -0.135223388671875 -0.10595703125 -0.0326156616210938
0.224227905273438 0.0155181884765625 -0.103607177734375 -0.0919952392578125
0.22344970703125 0.127029418945313 -0.073028564453125 -0.138679504394531
0.149444580078125 0.249374389648437 -0.0345687866210937 -0.0951614379882812
0.06939697265625 0.30126953125 0.132278442382813 -0.0418548583984375
0.128799438476563 0.225250244140625 0.0913162231445313 0.0808334350585938
0.244369506835938 0.136215209960938 0.153533935546875 0.112838745117188
0.224197387695312 -0.0472564697265625 0.188919067382813 -0.00506591796875
0.137359619140625 -0.14166259765625 0.125846862792969 -0.0882110595703125
-0.00830078125000001 -0.183303833007813 0.0127716064453125 -0.123832702636719
-0.09552001953125 -0.157485961914063 -0.0469093322753906 -0.0657501220703125
-0.086944580078125 -0.147659301757813 -0.0339946746826172 0.00188636779785155
-0.11968994140625 -0.149505615234375 -0.0237159729003906 0.0261478424072266
-0.0745086669921875 -0.168319702148438 -0.0437812805175781 0.0549812316894531
0.025909423828125 -0.195388793945313 -0.0599250793457031 0.0603790283203125
0.135787963867188 -0.153549194335938 -0.10003662109375 0.006927490234375
0.2418212890625 0.0191192626953125 -0.101509094238281 -0.0582275390625
0.22406005859375 0.1444091796875 -0.0423355102539062 -0.0978240966796875
0.125091552734375 0.268112182617188 -0.00463581085205077 -0.00960159301757811
0.016937255859375 0.285247802734375 0.14630126953125 0.069305419921875
0.08514404296875 0.249114990234375 0.10748291015625 0.15155029296875
0.224639892578125 0.179107666015625 0.138442993164063 0.146881103515625
0.235641479492188 -0.0175323486328125 0.168777465820313 0.045684814453125
0.154342651367188 -0.132095336914063 0.11993408203125 -0.0276031494140625
0.001556396484375 -0.189453125 0.03509521484375 -0.0632743835449219
-0.09130859375 -0.162506103515625 -0.00293350219726563 -0.0146198272705078
-0.0873565673828125 -0.151275634765625 0.00934982299804687 0.0421600341796875
-0.1231689453125 -0.153839111328125 0.0192909240722656 0.0655632019042969
-0.078216552734375 -0.170852661132813 -0.0105743408203125 0.0994491577148437
0.0256500244140625 -0.19830322265625 -0.0382614135742188 0.0988006591796875
0.134963989257813 -0.149200439453125 -0.0902786254882812 0.0414810180664063
0.232589721679687 0.0316314697265625 -0.0957260131835937 -0.0322723388671875
0.194183349609375 0.156341552734375 -0.00904846191406249 -0.0596389770507812
0.0810546875 0.260040283203125 0.021209716796875 0.0751190185546875
-0.0348052978515625 0.215438842773438 0.143325805664063 0.165512084960938
0.026519775390625 0.216934204101563 0.1114501953125 0.211013793945313
0.158493041992187 0.177688598632812 0.115692138671875 0.16461181640625
0.195388793945312 0.01055908203125 0.137794494628906 0.084320068359375
0.136917114257813 -0.0986099243164063 0.102165222167969 0.0240097045898437
0.008575439453125 -0.160491943359375 0.0512199401855469 -0.00337219238281251
-0.0741119384765625 -0.140838623046875 0.0396347045898437 0.0333137512207031
-0.0740890502929688 -0.131729125976562 0.0516738891601563 0.0757904052734375
-0.106407165527344 -0.136756896972656 0.06103515625 0.102005004882812
-0.068695068359375 -0.152313232421875 0.0193862915039062 0.13909912109375
0.0276336669921875 -0.175460815429687 -0.0214996337890625 0.1322021484375
0.126060485839844 -0.124122619628906 -0.0850830078125 0.0705718994140625
0.1988525390625 0.049224853515625 -0.091033935546875 -0.0123825073242188
0.139205932617188 0.158187866210938 0.01788330078125 -0.0221405029296875
0.0224609375 0.223129272460937 0.0331268310546875 0.152786254882813
-0.0790481567382812 0.108512878417969 0.129623413085938 0.226409912109375
-0.03070068359375 0.140701293945313 0.107284545898438 0.242538452148438
0.07098388671875 0.133506774902344 0.0971832275390625 0.164764404296875
0.120216369628906 0.0261459350585938 0.110397338867188 0.105644226074219
0.0912704467773437 -0.053131103515625 0.085418701171875 0.056610107421875
0.00977325439453125 -0.104583740234375 0.0637931823730469 0.0407218933105469
-0.0458602905273438 -0.0962371826171875 0.073089599609375 0.0686111450195313
-0.0495529174804688 -0.092529296875 0.085693359375 0.09912109375
-0.073028564453125 -0.100440979003906 0.0947418212890625 0.130973815917969
-0.0477294921875 -0.113990783691406 0.04266357421875 0.171661376953125
0.0286941528320313 -0.131210327148438 -0.0146942138671875 0.159378051757812
0.103958129882813 -0.0843887329101563 -0.0875473022460938 0.0927810668945312
0.143096923828125 0.0616302490234375 -0.0919647216796875 0.00104522705078123
0.06756591796875 0.141036987304688 0.0302486419677734 0.0126476287841797
-0.0396270751953125 0.156234741210938 0.0267791748046875 0.215103149414063
0.086761474609375 -0.0467605590820313 -0.052154541015625 -0.24578857421875
-0.0164642333984375 -0.0884475708007813 -0.0389633178710938 -0.0389213562011719
-0.0747756958007813 -0.0362625122070313 0.105979919433594 -0.00109100341796875
-0.058929443359375 0.0316543579101563 0.122810363769531 -0.11724853515625
-0.0160713195800781 0.0590744018554688 0.0276336669921875 -0.18499755859375
0.0288314819335938 0.0589866638183594 -0.0747528076171875 -0.190460205078125
0.0277862548828125 0.0393791198730469 -0.142791748046875 -0.143630981445312
0.0232429504394531 0.0371055603027344 -0.11993408203125 -0.100440979003906
0.019989013671875 0.0426597595214844 -0.102500915527344 -0.0755844116210937
-0.0108451843261719 0.0389900207519531 -0.0830764770507812 -0.068756103515625
-0.0382347106933594 0.00886535644531249 -0.09027099609375 -0.0642242431640625
-0.0311927795410156 -0.0432968139648438 -0.106529235839844 -0.108039855957031
0.0268402099609375 -0.0707550048828125 -0.0946502685546875 -0.18157958984375
0.08648681640625 -0.049285888671875 -0.121780395507812 -0.242324829101563
0.122833251953125 -0.00324249267578125 -0.121047973632813 -0.261474609375
0.129753112792969 0.0631790161132813 -0.0120391845703125 -0.256423950195313
0.0568809509277344 -0.0268173217773438 -0.0172576904296875 -0.0493240356445313
0.0209503173828125 -0.0279350280761719 0.123527526855469 0.00653839111328125
0.00247001647949219 -0.0167007446289063 0.144378662109375 -0.119338989257812
0.0066838264465332 -0.00860738754272461 0.0491180419921875 -0.194793701171875
-0.000356674194335937 -0.00941085815429688 -0.072601318359375 -0.203781127929688
-0.0238971710205078 -0.0160274505615234 -0.146469116210938 -0.145980834960937
-0.0178260803222656 -0.0201606750488281 -0.121696472167969 -0.0920867919921875
-0.0253562927246094 -0.0201892852783203 -0.105789184570313 -0.0683517456054688
-0.0234584808349609 -0.0320682525634766 -0.0918197631835938 -0.0575180053710937
-0.00270843505859375 -0.0560684204101562 -0.0944442749023437 -0.0498275756835937
0.0428390502929688 -0.070770263671875 -0.109481811523438 -0.0958633422851563
0.111892700195313 -0.02349853515625 -0.1004638671875 -0.159500122070313
0.1488037109375 0.032012939453125 -0.119354248046875 -0.218795776367188
0.15179443359375 0.10693359375 -0.101654052734375 -0.234085083007812
0.146377563476563 0.17254638671875 0.0392608642578125 -0.226318359375
0.118080139160156 0.0582122802734375 0.0181732177734375 -0.0330085754394531
0.125518798828125 0.0039520263671875 0.145401000976563 0.0286407470703125
0.0820083618164063 -0.0565872192382813 0.17095947265625 -0.104324340820313
0.0439071655273438 -0.0768966674804687 0.0789642333984375 -0.186248779296875
-0.0200653076171875 -0.0814056396484375 -0.0553436279296875 -0.199966430664063
-0.0670394897460937 -0.0733718872070312 -0.130607604980469 -0.132652282714844
-0.0557403564453125 -0.0753250122070313 -0.10552978515625 -0.0684051513671875
-0.0707931518554687 -0.0763015747070313 -0.0928497314453125 -0.0435104370117187
-0.0448074340820312 -0.0937957763671875 -0.0885772705078125 -0.0260543823242188
0.0140838623046875 -0.119667053222656 -0.0933609008789063 -0.0172348022460937
0.0932998657226563 -0.109542846679688 -0.114707946777344 -0.0656967163085938
0.1842041015625 -0.003082275390625 -0.110008239746094 -0.12603759765625
0.20379638671875 0.0843353271484375 -0.110107421875 -0.179779052734375
0.170272827148438 0.192138671875 -0.075408935546875 -0.174652099609375
0.132537841796875 0.259185791015625 0.0899810791015625 -0.154220581054687
0.151504516601563 0.15045166015625 0.0594558715820313 0.0121726989746094
0.215255737304688 0.058380126953125 0.162765502929688 0.0644073486328125
0.164962768554688 -0.0744171142578125 0.19189453125 -0.0685577392578125
0.0900802612304688 -0.130577087402344 0.106796264648437 -0.153823852539062
-0.0269927978515625 -0.145004272460937 -0.027252197265625 -0.173660278320313
-0.097747802734375 -0.122146606445313 -0.0971603393554687 -0.104652404785156
-0.0845260620117187 -0.119613647460937 -0.0740966796875 -0.033538818359375
-0.110610961914062 -0.118621826171875 -0.0637588500976563 -0.0087547302246094
-0.0701446533203125 -0.139320373535156 -0.0706863403320313 0.0161972045898437
0.0151824951171875 -0.1712646484375 -0.0805206298828125 0.0244216918945312
0.118804931640625 -0.14697265625 -0.112716674804687 -0.026458740234375
0.231246948242187 -0.001495361328125 -0.115005493164063 -0.0889129638671875
0.236343383789063 0.112533569335938 -0.0866165161132812 -0.138511657714844
0.171493530273438 0.2451171875 -0.0421066284179687 -0.09674072265625
0.093109130859375 0.302398681640625 0.129508972167969 -0.051971435546875
0.14630126953125 0.222152709960938 0.0948486328125 0.0764541625976563
0.260040283203125 0.1212158203125 0.165786743164063 0.107406616210938
0.224990844726563 -0.0643310546875 0.194900512695312 -0.018035888671875
0.130218505859375 -0.156219482421875 0.122406005859375 -0.0991973876953125
-0.022674560546875 -0.185470581054688 0.00350189208984373 -0.126487731933594
-0.110794067382813 -0.151687622070313 -0.0525283813476563 -0.0621299743652344
-0.100692749023437 -0.143966674804688 -0.0322647094726563 0.005218505859375
-0.133758544921875 -0.1417236328125 -0.0224971771240235 0.0299739837646484
-0.0891265869140625 -0.163177490234375 -0.0400199890136719 0.0614166259765625
0.0115966796875 -0.199813842773438 -0.057464599609375 0.0666351318359375
0.126419067382812 -0.166473388671875 -0.103599548339844 0.0136260986328125
0.248825073242188 0.00018310546875 -0.109451293945313 -0.0542373657226562
0.239028930664063 0.130096435546875 -0.0522842407226563 -0.0988922119140625
0.148468017578125 0.265411376953125 -0.00602531433105468 -0.0116128921508789
0.038787841796875 0.2901611328125 0.151199340820313 0.060546875
0.104354858398438 0.249053955078125 0.117431640625 0.147415161132813
0.24285888671875 0.166305541992188 0.15234375 0.142684936523438
0.238861083984375 -0.0352783203125 0.177276611328125 0.0358428955078125
0.148147583007813 -0.146987915039063 0.121002197265625 -0.0374374389648438
-0.012664794921875 -0.191650390625 0.0305252075195313 -0.0654869079589844
-0.10711669921875 -0.157073974609375 -0.00360774993896485 -0.0141897201538086
-0.101119995117187 -0.147369384765625 0.0147247314453125 0.0427322387695312
-0.1375732421875 -0.145584106445313 0.0247306823730469 0.0676155090332031
-0.093170166015625 -0.165802001953125 -0.00372314453125002 0.104080200195312
0.00909423828124998 -0.202804565429688 -0.032440185546875 0.103759765625
0.126129150390625 -0.1617431640625 -0.091064453125 0.0486221313476562
0.239654541015625 0.0131072998046875 -0.101669311523437 -0.027191162109375
0.208877563476563 0.143997192382813 -0.0150566101074219 -0.0621871948242187
0.1031494140625 0.260360717773438 0.0257034301757813 0.0736541748046875
-0.0195159912109375 0.222854614257812 0.154876708984375 0.1591796875
0.042694091796875 0.219696044921875 0.126205444335937 0.207138061523438
0.17633056640625 0.169143676757812 0.130538940429688 0.162689208984375
0.20001220703125 -0.0045318603515625 0.147125244140625 0.0778045654296875
0.132766723632813 -0.112030029296875 0.107124328613281 0.0163955688476562
-0.00439453125 -0.16265869140625 0.0515251159667969 -0.00644683837890626
-0.0872802734375 -0.136322021484375 0.0430145263671875 0.0319442749023437
-0.0858001708984375 -0.128524780273438 0.0601806640625 0.07440185546875
-0.118980407714844 -0.12908935546875 0.06976318359375 0.100517272949219
-0.08203125 -0.147247314453125 0.0306549072265625 0.141708374023438
0.0138397216796875 -0.180404663085938 -0.0135955810546875 0.136009216308594
0.118354797363281 -0.135826110839844 -0.0834274291992188 0.077789306640625
0.20703125 0.034454345703125 -0.0950546264648438 -0.00823974609375
0.153610229492188 0.150466918945313 0.0155982971191406 -0.0266208648681641
0.039886474609375 0.226776123046875 0.045135498046875 0.152114868164063
-0.0717010498046875 0.116371154785156 0.146575927734375 0.222244262695312
-0.0208587646484375 0.145782470703125 0.125335693359375 0.2398681640625
0.0826492309570313 0.130607604980469 0.110519409179688 0.163177490234375
0.123802185058594 0.0163192749023438 0.121391296386719 0.100723266601563
0.0892410278320313 -0.0620574951171875 0.0918426513671875 0.0516204833984375
0.0008087158203125 -0.106063842773438 0.0671615600585937 0.0373573303222656
-0.0560836791992188 -0.0926055908203125 0.0799407958984375 0.0647659301757813
-0.0579757690429688 -0.0893936157226563 0.0953216552734375 0.095428466796875
-0.0819091796875 -0.0952072143554688 0.106422424316406 0.12744140625
-0.0572509765625 -0.110305786132813 0.0559234619140625 0.172454833984375
0.0177154541015625 -0.136024475097656 -0.00437927246093748 0.162994384765625
0.0981674194335938 -0.0939559936523438 -0.083221435546875 0.10052490234375
0.150955200195313 0.052154541015625 -0.09527587890625 0.006561279296875
0.0795516967773438 0.137916564941406 0.0312557220458984 0.00752639770507813
-0.0283966064453125 0.163116455078125 0.0432586669921875 0.214630126953125
0.0835952758789063 -0.0525054931640625 -0.065948486328125 -0.241867065429688
-0.021087646484375 -0.0865478515625 -0.0410385131835937 -0.0340919494628906
-0.0762557983398438 -0.0307846069335937 0.107025146484375 -0.006256103515625
-0.0574951171875 0.0353469848632813 0.117904663085938 -0.123329162597656
-0.0126304626464844 0.0599555969238281 0.0191802978515625 -0.185775756835938
0.0326957702636719 0.0562057495117187 -0.0835723876953125 -0.187210083007813
0.0307197570800781 0.0373687744140625 -0.15045166015625 -0.13641357421875
0.0255146026611328 0.0343875885009766 -0.125419616699219 -0.0950164794921875
0.0226287841796875 0.03912353515625 -0.106170654296875 -0.0708236694335938
-0.00700759887695313 0.038177490234375 -0.0877151489257813 -0.064971923828125
-0.03607177734375 0.0109825134277344 -0.0948486328125 -0.0611648559570312
-0.0333786010742188 -0.0414924621582031 -0.113136291503906 -0.103660583496094
0.023101806640625 -0.0713729858398438 -0.104080200195313 -0.177520751953125
0.08306884765625 -0.0526885986328125 -0.132904052734375 -0.237213134765625
0.121902465820313 -0.0114593505859375 -0.134536743164063 -0.256820678710938
0.133308410644531 0.055999755859375 -0.0268096923828125 -0.254989624023437
0.0547256469726563 -0.0277595520019531 -0.0216751098632812 -0.0453147888183594
0.0201034545898437 -0.0284576416015625 0.124992370605469 0.000885009765624998
0.00166416168212891 -0.0166025161743164 0.139579772949219 -0.125717163085938
0.00623989105224609 -0.0100631713867188 0.0401611328125 -0.196975708007813
-0.00053119659423828 -0.0092630386352539 -0.08251953125 -0.200271606445313
-0.0239143371582031 -0.0151023864746094 -0.153793334960938 -0.137786865234375
-0.0192489624023437 -0.0206565856933594 -0.126426696777344 -0.0855484008789062
-0.0262718200683594 -0.0196056365966797 -0.109390258789063 -0.0625686645507813
-0.0234813690185547 -0.03070068359375 -0.0944290161132812 -0.0528488159179688
-0.0048980712890625 -0.0559310913085938 -0.0977935791015625 -0.0458602905273437
0.03936767578125 -0.073089599609375 -0.116172790527344 -0.091064453125
0.11029052734375 -0.02838134765625 -0.110275268554688 -0.155288696289062
0.149169921875 0.024993896484375 -0.131210327148438 -0.213363647460938
0.157821655273438 0.099090576171875 -0.113845825195312 -0.23138427734375
0.155746459960938 0.165206909179688 0.025299072265625 -0.227920532226563
0.120208740234375 0.0539779663085938 0.0141506195068359 -0.0313434600830078
0.126388549804688 -0.00237274169921875 0.148773193359375 0.023162841796875
0.0787887573242188 -0.060394287109375 0.16693115234375 -0.11126708984375
0.03973388671875 -0.0805130004882813 0.0700531005859375 -0.190353393554687
-0.0240402221679688 -0.0804824829101563 -0.0649566650390625 -0.196762084960938
-0.0712509155273438 -0.0695114135742187 -0.136749267578125 -0.125679016113281
-0.0602951049804688 -0.0736846923828125 -0.107467651367188 -0.0624237060546875
-0.0756149291992188 -0.0729293823242188 -0.0946884155273438 -0.0382080078125
-0.048797607421875 -0.0909957885742188 -0.0903778076171875 -0.0204544067382813
0.00841522216796876 -0.119766235351563 -0.0948257446289063 -0.0122833251953125
0.0878524780273438 -0.115043640136719 -0.120697021484375 -0.0605621337890625
0.1842041015625 -0.013031005859375 -0.118698120117188 -0.121681213378906
0.206375122070313 0.0736541748046875 -0.120574951171875 -0.176055908203125
0.181259155273438 0.183685302734375 -0.084930419921875 -0.17266845703125
0.146530151367188 0.253631591796875 0.0793609619140625 -0.158447265625
0.158721923828125 0.143890380859375 0.0560569763183594 0.0106468200683594
0.219573974609375 0.04766845703125 0.167465209960938 0.0592498779296875
0.1611328125 -0.0827789306640625 0.190032958984375 -0.077789306640625
0.0835952758789062 -0.13720703125 0.0999603271484375 -0.159255981445312
-0.0347900390625 -0.14288330078125 -0.0361328125 -0.171356201171875
-0.10504150390625 -0.115676879882813 -0.102012634277344 -0.0973434448242188
-0.091217041015625 -0.115409851074219 -0.07403564453125 -0.0292205810546875
-0.116554260253906 -0.1123046875 -0.0638999938964844 -0.00462722778320314
-0.0770187377929688 -0.134193420410156 -0.0700187683105469 0.021881103515625
0.00602722167968751 -0.1712646484375 -0.0797500610351563 0.0287094116210937
0.1112060546875 -0.153228759765625 -0.117057800292969 -0.020416259765625
0.231689453125 -0.0140533447265625 -0.121208190917969 -0.0843429565429687
0.24078369140625 0.100173950195312 -0.0953292846679687 -0.135566711425781
0.184677124023437 0.237274169921875 -0.0478668212890625 -0.096435546875
0.1094970703125 0.298370361328125 0.123794555664063 -0.05804443359375
0.156463623046875 0.217010498046875 0.09515380859375 0.0736160278320313
0.268585205078125 0.107940673828125 0.1732177734375 0.101852416992188
0.22149658203125 -0.0760345458984375 0.195068359375 -0.02618408203125
0.123443603515625 -0.164520263671875 0.118698120117188 -0.106185913085938
-0.0325775146484375 -0.182769775390625 -0.00396728515625001 -0.125595092773438
-0.119415283203125 -0.14422607421875 -0.0549125671386719 -0.0582847595214844
-0.108985900878906 -0.138435363769531 -0.0296459197998047 0.00741958618164062
-0.142333984375 -0.1331787109375 -0.0200252532958985 0.0322933197021484
-0.09771728515625 -0.156661987304688 -0.0365066528320313 0.0653533935546875
-0.000961303710937479 -0.200042724609375 -0.0547256469726563 0.0703506469726562
0.118072509765625 -0.173324584960938 -0.104888916015625 0.01861572265625
0.249618530273438 -0.0131988525390625 -0.115325927734375 -0.0504913330078125
0.243881225585937 0.117431640625 -0.0591888427734375 -0.0976333618164062
0.163650512695313 0.259323120117188 -0.0071125030517578 -0.0128946304321289
0.054168701171875 0.288726806640625 0.151565551757812 0.0542144775390625
0.11639404296875 0.245391845703125 0.120758056640625 0.142959594726563
0.2547607421875 0.1539306640625 0.161361694335938 0.137496948242188
0.23675537109375 -0.0474090576171875 0.180313110351563 0.02813720703125
0.140701293945313 -0.156524658203125 0.12017822265625 -0.0438079833984375
-0.0239715576171875 -0.189224243164062 0.0261192321777344 -0.066192626953125
-0.116043090820313 -0.148590087890625 -0.00369834899902344 -0.0122594833374024
-0.109466552734375 -0.141845703125 0.0196952819824219 0.042510986328125
-0.146392822265625 -0.136215209960937 0.0285606384277344 0.0674896240234375
-0.102035522460937 -0.157760620117188 0.00241088867187499 0.106056213378906
-0.00256347656249998 -0.2025146484375 -0.0276641845703125 0.106903076171875
0.116683959960937 -0.168777465820313 -0.0904312133789062 0.0531997680664062
0.241241455078125 -0.00018310546875 -0.10516357421875 -0.0237808227539062
0.215728759765625 0.13214111328125 -0.0198707580566406 -0.0629653930664062
0.1180419921875 0.255874633789063 0.0298233032226563 0.070404052734375
-0.00714111328124998 0.224029541015625 0.16107177734375 0.152420043945313
0.05364990234375 0.218597412109375 0.133590698242188 0.202056884765625
0.187118530273438 0.160003662109375 0.139602661132813 0.158050537109375
0.1993408203125 -0.014862060546875 0.152938842773438 0.0707244873046875
0.126548767089844 -0.12005615234375 0.109046936035156 0.0116729736328125
-0.0138702392578125 -0.160797119140625 0.0501785278320312 -0.00768661499023438
-0.0958480834960938 -0.129417419433594 0.0457077026367187 0.0305519104003906
-0.0940093994140625 -0.123214721679688 0.0662841796875 0.0720977783203125
-0.126602172851563 -0.12115478515625 0.075653076171875 0.0986557006835937
-0.08990478515625 -0.140556335449219 0.0390625 0.141525268554688
0.0025482177734375 -0.180099487304688 -0.00597381591796875 0.137786865234375
0.110595703125 -0.142196655273438 -0.080718994140625 0.0818557739257812
0.208709716796875 0.022552490234375 -0.0971450805664062 -0.00455474853515623
0.160400390625 0.141754150390625 0.0126171112060547 -0.0293769836425781
0.0530242919921875 0.224716186523438 0.0530853271484375 0.147857666015625
-0.0653839111328125 0.120254516601563 0.155349731445313 0.21649169921875
-0.0124359130859375 0.146957397460938 0.135711669921875 0.2333984375
0.0909500122070313 0.125572204589844 0.119293212890625 0.15850830078125
0.124061584472656 0.009307861328125 0.127731323242188 0.0954208374023438
0.0854415893554688 -0.0670547485351563 0.09564208984375 0.0471343994140625
-0.00514984130859375 -0.104888916015625 0.0685882568359375 0.0343818664550781
-0.0618743896484375 -0.0876083374023438 0.0844268798828125 0.0606765747070312
-0.0638961791992187 -0.085784912109375 0.102874755859375 0.0904159545898437
-0.0881500244140625 -0.0888442993164063 0.113075256347656 0.12371826171875
-0.0634536743164063 -0.105316162109375 0.065338134765625 0.171554565429687
0.00949859619140624 -0.1357421875 0.00416564941406251 0.164215087890625
0.092529296875 -0.099212646484375 -0.0796279907226563 0.104804992675781
0.153289794921875 0.0434112548828125 -0.0963897705078125 0.00979614257812502
0.0862045288085937 0.133880615234375 0.0302047729492188 0.00307846069335938
-0.0189208984375 0.16400146484375 0.0543670654296875 0.21063232421875
0.0807037353515625 -0.0557098388671875 -0.073455810546875 -0.23980712890625
-0.0237579345703125 -0.0848388671875 -0.041656494140625 -0.0298652648925781
-0.0774459838867188 -0.027587890625 0.108024597167969 -0.00849151611328125
-0.0567169189453125 0.03741455078125 0.116607666015625 -0.126312255859375
-0.010955810546875 0.0601043701171875 0.0162506103515625 -0.18621826171875
0.0351524353027344 0.0540618896484375 -0.0887451171875 -0.186477661132812
0.0328826904296875 0.0352439880371094 -0.1546630859375 -0.132843017578125
0.0261650085449219 0.0325031280517578 -0.129531860351563 -0.0927734375
0.0236358642578125 0.0362586975097656 -0.108749389648438 -0.0682220458984375
-0.00418853759765625 0.036895751953125 -0.0905075073242188 -0.0638961791992188
-0.0344161987304688 0.0125675201416016 -0.0975723266601563 -0.059844970703125
-0.0348739624023437 -0.0401802062988281 -0.117225646972656 -0.101692199707031
0.0205917358398437 -0.0712661743164062 -0.108642578125 -0.175323486328125
0.0817337036132813 -0.0538864135742188 -0.1385498046875 -0.234512329101562
0.121360778808594 -0.0156021118164063 -0.141403198242187 -0.255508422851563
0.134223937988281 0.0518417358398437 -0.0362396240234375 -0.254501342773438
0.0544967651367188 -0.0281486511230469 -0.0234260559082031 -0.0414237976074219
0.0192852020263672 -0.0281124114990234 0.126632690429687 -0.00127410888671875
0.000432968139648436 -0.0157613754272461 0.138381958007812 -0.129150390625
0.00565814971923828 -0.0106515884399414 0.0361785888671875 -0.197708129882813
-7.53402709960929E-05 -0.00972557067871094 -0.0876922607421875 -0.198440551757813
-0.0238285064697266 -0.0145263671875 -0.157577514648437 -0.133148193359375
-0.0205478668212891 -0.0212879180908203 -0.1285400390625 -0.082977294921875
-0.0273876190185547 -0.0204353332519531 -0.110992431640625 -0.059814453125
-0.0231132507324219 -0.0305423736572266 -0.09686279296875 -0.0502166748046875
-0.004852294921875 -0.0555648803710937 -0.100296020507813 -0.0438919067382812
0.0378952026367188 -0.0743408203125 -0.121078491210938 -0.0890274047851562
0.110023498535156 -0.0306625366210938 -0.115768432617187 -0.153701782226563
0.14959716796875 0.021392822265625 -0.137054443359375 -0.211181640625
0.160720825195313 0.094818115234375 -0.120941162109375 -0.230606079101563
0.160751342773438 0.160903930664063 0.016754150390625 -0.228515625
0.122032165527344 0.0525283813476562 0.0111980438232422 -0.02862548828125
0.127647399902344 -0.00565338134765625 0.151519775390625 0.020751953125
0.0775375366210938 -0.0622024536132813 0.165786743164063 -0.115798950195313
0.0375442504882813 -0.083160400390625 0.066375732421875 -0.192657470703125
-0.0268630981445313 -0.07916259765625 -0.0699615478515625 -0.195068359375
-0.0736923217773438 -0.0662689208984375 -0.140396118164063 -0.120948791503906
-0.0628204345703125 -0.0728988647460938 -0.108612060546875 -0.0599746704101563
-0.0777130126953125 -0.0714950561523438 -0.09527587890625 -0.0353546142578125
-0.05084228515625 -0.0896530151367188 -0.0908279418945313 -0.0175323486328125
0.005401611328125 -0.1202392578125 -0.0960693359375 -0.00988769531250002
0.0854949951171875 -0.117561340332031 -0.12530517578125 -0.0587844848632813
0.184616088867188 -0.0179595947265625 -0.124351501464844 -0.120353698730469
0.2071533203125 0.0687103271484375 -0.126449584960938 -0.174240112304688
0.1864013671875 0.179550170898438 -0.0907745361328125 -0.17333984375
0.15423583984375 0.25054931640625 0.072784423828125 -0.160446166992188
0.162200927734375 0.142486572265625 0.0536918640136719 0.0121269226074219
0.223556518554688 0.042144775390625 0.171768188476563 0.056671142578125
0.159683227539063 -0.0872344970703125 0.189682006835938 -0.081787109375
0.08099365234375 -0.141311645507813 0.09710693359375 -0.162628173828125
-0.038848876953125 -0.1412353515625 -0.04107666015625 -0.170211791992188
-0.108345031738281 -0.11114501953125 -0.1038818359375 -0.09442138671875
-0.0958480834960937 -0.113250732421875 -0.0726776123046875 -0.027801513671875
-0.120384216308594 -0.108261108398438 -0.063385009765625 -0.00159835815429688
-0.080291748046875 -0.130973815917969 -0.0694351196289062 0.024658203125
0.00100708007812501 -0.1712646484375 -0.0797195434570313 0.0315704345703125
0.107421875 -0.156982421875 -0.120559692382813 -0.0185546875
0.232498168945313 -0.0206756591796875 -0.126632690429688 -0.0827713012695312
0.243240356445313 0.0944061279296875 -0.100540161132813 -0.134605407714844
0.19244384765625 0.233810424804688 -0.0518569946289062 -0.0976486206054687
0.117767333984375 0.297332763671875 0.119766235351563 -0.0600433349609375
0.161880493164063 0.215103149414063 0.093719482421875 0.0733642578125
0.273452758789062 0.101211547851562 0.178543090820313 0.099700927734375
0.220855712890625 -0.082244873046875 0.196640014648437 -0.03076171875
0.119461059570313 -0.169662475585938 0.11688232421875 -0.109451293945313
-0.038055419921875 -0.180831909179688 -0.00688934326171874 -0.124313354492188
-0.124351501464844 -0.138748168945313 -0.0554618835449219 -0.0550918579101563
-0.114608764648437 -0.1361083984375 -0.0270633697509766 0.0084705352783203
-0.1466064453125 -0.127700805664062 -0.0187740325927735 0.0347118377685547
-0.101776123046875 -0.152023315429687 -0.0342521667480469 0.0686874389648437
-0.00709533691406248 -0.199203491210938 -0.053558349609375 0.0725479125976562
0.113372802734375 -0.177719116210938 -0.10736083984375 0.0216903686523437
0.250534057617188 -0.0207977294921875 -0.119407653808594 -0.0485305786132813
0.246551513671875 0.11114501953125 -0.0640792846679687 -0.0978851318359375
0.171981811523438 0.257064819335938 -0.0085468292236328 -0.0145034790039062
0.062835693359375 0.288818359375 0.150238037109375 0.0514068603515625
0.122238159179688 0.244644165039062 0.121658325195313 0.141616821289063
0.261627197265625 0.146835327148438 0.167160034179688 0.135833740234375
0.236099243164063 -0.0541839599609375 0.1827392578125 0.0237274169921875
0.1370849609375 -0.162353515625 0.11981201171875 -0.0469436645507813
-0.0297698974609375 -0.187454223632813 0.0242118835449219 -0.0651168823242188
-0.122085571289063 -0.143081665039063 -0.00218963623046876 -0.0110206604003906
-0.114791870117188 -0.138664245605469 0.0229759216308594 0.0425338745117187
-0.15020751953125 -0.1297607421875 0.0315742492675781 0.0687789916992187
-0.107147216796875 -0.153030395507813 0.00604248046875001 0.108360290527344
-0.00901794433593749 -0.202072143554688 -0.0251388549804688 0.10748291015625
0.112335205078125 -0.172622680664063 -0.0914077758789063 0.0558547973632812
0.241744995117188 -0.0076446533203125 -0.109146118164063 -0.0222244262695312
0.21820068359375 0.126388549804688 -0.0236968994140625 -0.0645980834960937
0.125823974609375 0.25439453125 0.0307960510253906 0.0686836242675781
-0.000656127929687518 0.225006103515625 0.162826538085938 0.149765014648438
0.0601959228515625 0.218841552734375 0.136001586914063 0.199417114257813
0.19384765625 0.154617309570313 0.144927978515625 0.155838012695313
0.19842529296875 -0.0206451416015625 0.155624389648438 0.0676116943359375
0.123733520507813 -0.125267028808594 0.110458374023438 0.00891876220703124
-0.0187835693359375 -0.159393310546875 0.0498161315917969 -0.00822067260742189
-0.101272583007812 -0.123947143554688 0.0473175048828125 0.0301246643066406
-0.0990524291992188 -0.119880676269531 0.07037353515625 0.0702285766601562
-0.131202697753906 -0.115470886230469 0.0797576904296875 0.0983657836914063
-0.0940628051757813 -0.136161804199219 0.0435943603515625 0.142974853515625
-0.00408935546875 -0.17974853515625 -0.00255584716796875 0.138656616210938
0.105880737304688 -0.14556884765625 -0.0800857543945312 0.0843887329101562
0.210311889648438 0.01641845703125 -0.0998458862304687 -0.00292968749999999
0.162887573242188 0.136947631835938 0.010457992553711 -0.0322990417480469
0.0610504150390625 0.224151611328125 0.0561676025390625 0.145065307617187
-0.06195068359375 0.123359680175781 0.160568237304688 0.214599609375
-0.0083465576171875 0.147872924804688 0.1397705078125 0.231521606445313
0.0967330932617188 0.122085571289063 0.123809814453125 0.15716552734375
0.123428344726563 0.005340576171875 0.132026672363281 0.0923233032226563
0.0832901000976563 -0.0706634521484375 0.098114013671875 0.0444412231445312
-0.00887298583984376 -0.103736877441406 0.0693435668945313 0.0337638854980469
-0.0656356811523438 -0.083740234375 0.08660888671875 0.05914306640625
-0.0674972534179688 -0.0833587646484375 0.106964111328125 0.0884475708007813
-0.0912551879882813 -0.0854263305664062 0.118011474609375 0.122695922851563
-0.066925048828125 -0.101455688476562 0.070648193359375 0.171035766601562
0.00406646728515624 -0.13616943359375 0.00764465332031251 0.164199829101563
0.0891342163085937 -0.1015625 -0.0782928466796875 0.107589721679687
0.155441284179688 0.038665771484375 -0.0982589721679687 0.0111236572265625
0.0891876220703125 0.131439208984375 0.0294609069824219 -0.000106811523437492
-0.0135040283203125 0.164794921875 0.0595245361328125 0.208572387695313
0.080841064453125 -0.0583114624023437 -0.079315185546875 -0.242660522460937
-0.0250701904296875 -0.085418701171875 -0.0430755615234375 -0.0272216796875
-0.0787200927734375 -0.0258102416992187 0.111923217773438 -0.00972747802734375
-0.0572128295898438 0.0396232604980469 0.118606567382812 -0.130821228027344
-0.0105056762695313 0.0614204406738281 0.0156707763671875 -0.19049072265625
0.0368270874023437 0.053131103515625 -0.0922698974609376 -0.1907958984375
0.0350551605224609 0.0339336395263672 -0.16058349609375 -0.13372802734375
0.0268001556396484 0.0312271118164063 -0.134658813476563 -0.0943450927734375
0.0244789123535156 0.0347385406494141 -0.113006591796875 -0.0695648193359375
-0.00247573852539063 0.0356178283691406 -0.0942230224609375 -0.064544677734375
-0.0333271026611328 0.0135364532470703 -0.102264404296875 -0.0610809326171875
-0.0360145568847656 -0.0401687622070313 -0.122535705566406 -0.103385925292969
0.0197677612304688 -0.07159423828125 -0.112625122070313 -0.177932739257813
0.08258056640625 -0.0554580688476562 -0.143661499023438 -0.239639282226563
0.122062683105469 -0.0183486938476563 -0.147705078125 -0.2611083984375
0.138046264648437 0.050628662109375 -0.04205322265625 -0.258636474609375
0.0554580688476563 -0.0281562805175781 -0.0257987976074219 -0.0388259887695312
0.0201854705810547 -0.0277214050292969 0.130989074707031 -0.00170135498046875
0.000415802001953124 -0.0160655975341797 0.141021728515625 -0.133956909179688
0.00581836700439453 -0.0113677978515625 0.0360107421875 -0.203094482421875
-0.000134468078613282 -0.0106706619262695 -0.091278076171875 -0.202239990234375
-0.0232639312744141 -0.0142936706542969 -0.163589477539063 -0.133941650390625
-0.0210113525390625 -0.0228252410888672 -0.132499694824219 -0.0846023559570313
-0.028350830078125 -0.0209751129150391 -0.114875793457031 -0.0604705810546875
-0.0223388671875 -0.0322532653808594 -0.100433349609375 -0.0503082275390625
-0.004547119140625 -0.0562667846679688 -0.104888916015625 -0.0440216064453125
0.0383758544921875 -0.07598876953125 -0.126724243164063 -0.0908584594726563
0.112541198730469 -0.03240966796875 -0.120513916015625 -0.155899047851563
0.151779174804688 0.0207977294921875 -0.143447875976563 -0.215682983398438
0.164505004882813 0.0949554443359375 -0.127105712890625 -0.236587524414063
0.1666259765625 0.162750244140625 0.0120086669921875 -0.232818603515625
0.125129699707031 0.0541000366210938 0.00868988037109376 -0.026092529296875
0.131881713867188 -0.0067901611328125 0.157669067382813 0.020172119140625
0.0782241821289063 -0.0642166137695313 0.169662475585938 -0.120223999023438
0.0372848510742187 -0.0871505737304688 0.067138671875 -0.197952270507813
-0.0285873413085938 -0.0804214477539063 -0.0736846923828125 -0.197845458984375
-0.0756759643554688 -0.0667037963867188 -0.144561767578125 -0.121231079101563
-0.0663299560546875 -0.0744247436523438 -0.111221313476563 -0.0612869262695313
-0.0814285278320313 -0.07177734375 -0.0983505249023438 -0.0345687866210938
-0.05157470703125 -0.090972900390625 -0.0931243896484375 -0.01617431640625
0.00476837158203124 -0.122581481933594 -0.0997390747070312 -0.00900268554687502
0.0862808227539063 -0.12152099609375 -0.13128662109375 -0.0587997436523437
0.1895751953125 -0.0205078125 -0.130142211914063 -0.122718811035156
0.212142944335938 0.068450927734375 -0.132568359375 -0.17822265625
0.193756103515625 0.182266235351563 -0.0963592529296875 -0.178329467773438
0.161788940429687 0.254745483398437 0.0693511962890625 -0.163909912109375
0.167098999023437 0.146163940429688 0.0524444580078125 0.0148963928222656
0.231185913085938 0.040618896484375 0.179641723632813 0.05743408203125
0.162277221679688 -0.0911865234375 0.194793701171875 -0.0861053466796875
0.0804443359375 -0.147628784179688 0.0981597900390625 -0.167449951171875
-0.0417633056640625 -0.142807006835938 -0.043609619140625 -0.171966552734375
-0.112236022949219 -0.110519409179688 -0.10687255859375 -0.0941085815429688
-0.100372314453125 -0.114959716796875 -0.0733795166015625 -0.027862548828125
-0.125617980957031 -0.108482360839844 -0.0642814636230469 -6.86645507812526E-05
-0.082794189453125 -0.131904602050781 -0.0696945190429688 0.0274505615234375
-0.00132751464843752 -0.174697875976563 -0.0819168090820313 0.0337371826171875
0.108200073242187 -0.162521362304688 -0.126594543457031 -0.0174789428710938
0.23834228515625 -0.0246429443359375 -0.133377075195312 -0.084228515625
0.248153686523437 0.0939483642578125 -0.106864929199219 -0.137985229492188
0.200485229492187 0.237991333007812 -0.0554733276367188 -0.101303100585937
0.12579345703125 0.303070068359375 0.118446350097656 -0.06201171875
0.167877197265625 0.220596313476563 0.09326171875 0.07623291015625
0.284332275390625 0.100128173828125 0.186325073242188 0.101211547851563
0.224227905273437 -0.086578369140625 0.202438354492188 -0.0334930419921875
0.120223999023438 -0.177780151367188 0.118934631347656 -0.113235473632813
-0.0414886474609375 -0.183013916015625 -0.00878906250000001 -0.125205993652344
-0.129837036132813 -0.137748718261719 -0.0569267272949219 -0.0544548034667969
-0.11968994140625 -0.13787841796875 -0.0252094268798828 0.008880615234375
-0.15203857421875 -0.127532958984375 -0.0172843933105469 0.0369987487792969
-0.105392456054688 -0.152114868164063 -0.0329742431640625 0.0716705322265625
-0.01141357421875 -0.203323364257813 -0.0543365478515625 0.0756378173828125
0.113937377929688 -0.183242797851563 -0.112174987792969 0.02386474609375
0.256851196289063 -0.0254364013671875 -0.125968933105469 -0.0486984252929688
0.253128051757813 0.110244750976563 -0.0683212280273438 -0.100837707519531
0.180038452148437 0.262130737304687 -0.00996494293212889 -0.0167903900146484
0.068572998046875 0.295928955078125 0.151336669921875 0.051849365234375
0.127609252929687 0.250518798828125 0.12286376953125 0.145217895507813
0.2720947265625 0.146240234375 0.174026489257813 0.138153076171875
0.240707397460938 -0.05877685546875 0.188430786132813 0.0224609375
0.137924194335938 -0.170150756835938 0.122817993164063 -0.0494613647460938
-0.0330963134765625 -0.189651489257813 0.0236015319824219 -0.0652961730957032
-0.127517700195313 -0.141647338867187 -0.0014944076538086 -0.00975990295410157
-0.121475219726563 -0.139869689941406 0.0261878967285156 0.0431365966796875
-0.15606689453125 -0.12884521484375 0.034515380859375 0.0720672607421875
-0.111663818359375 -0.152297973632813 0.0084686279296875 0.111640930175781
-0.014129638671875 -0.205291748046875 -0.024322509765625 0.110824584960937
0.111129760742188 -0.178695678710938 -0.0951461791992188 0.0585556030273437
0.24761962890625 -0.011474609375 -0.114509582519531 -0.0212020874023438
0.22406005859375 0.126632690429688 -0.027069091796875 -0.0672225952148437
0.133087158203125 0.259323120117187 0.0314407348632813 0.0684432983398438
0.00317382812500001 0.231735229492188 0.165817260742188 0.152816772460938
0.06402587890625 0.2242431640625 0.138565063476563 0.203582763671875
0.202880859375 0.15509033203125 0.150909423828125 0.158493041992188
0.202484130859375 -0.0248260498046875 0.160049438476563 0.0674285888671875
0.12420654296875 -0.131057739257813 0.11322021484375 0.00810241699218749
-0.0214385986328125 -0.160995483398438 0.050750732421875 -0.00749969482421876
-0.105903625488281 -0.122344970703125 0.0497817993164062 0.0310173034667969
-0.104141235351562 -0.120498657226563 0.0751571655273438 0.0712738037109375
-0.135696411132813 -0.114494323730469 0.0840606689453125 0.100914001464844
-0.0985946655273437 -0.135139465332031 0.04754638671875 0.147201538085938
-0.00900268554687501 -0.183486938476563 -0.00151062011718749 0.141983032226563
0.105331420898438 -0.150680541992188 -0.082855224609375 0.0876922607421875
0.215789794921875 0.01312255859375 -0.10540771484375 -0.00160980224609375
0.168411254882813 0.13763427734375 0.00814819335937501 -0.03533935546875
0.0660247802734375 0.22955322265625 0.0585174560546875 0.146240234375
-0.0610809326171875 0.126968383789063 0.16436767578125 0.219161987304687
-0.00616455078125 0.1519775390625 0.1436767578125 0.235427856445312
0.1019287109375 0.121971130371094 0.129104614257813 0.160659790039063
0.125518798828125 0.00284576416015625 0.135902404785156 0.0927352905273438
0.0830841064453125 -0.0746536254882812 0.101287841796875 0.0453033447265625
-0.0108413696289063 -0.104240417480469 0.0713729858398438 0.034576416015625
-0.06890869140625 -0.0826797485351562 0.0906448364257813 0.059722900390625
-0.0718154907226562 -0.0831527709960938 0.112297058105469 0.0890579223632813
-0.0949859619140625 -0.0845184326171875 0.123908996582031 0.124000549316406
-0.0694656372070313 -0.101272583007813 0.0755157470703125 0.175460815429687
0.000328063964843735 -0.138259887695313 0.0092620849609375 0.1676025390625
0.0888671875 -0.104804992675781 -0.0799331665039063 0.111305236816406
0.1600341796875 0.0368804931640625 -0.102882385253906 0.0120620727539063
0.093017578125 0.132621765136719 0.0277271270751953 -0.00322914123535155
-0.011383056640625 0.1680908203125 0.0636444091796875 0.210952758789063
0.0822296142578125 -0.0633697509765625 -0.090087890625 -0.250656127929688
-0.0277786254882813 -0.0878982543945313 -0.0445976257324219 -0.0244674682617188
-0.0824737548828125 -0.0235977172851563 0.117813110351563 -0.012115478515625
-0.0588607788085937 0.043548583984375 0.123184204101562 -0.139961242675781
-0.00932693481445313 0.0648422241210938 0.0138397216796875 -0.199691772460938
0.0402755737304688 0.0527153015136719 -0.0995025634765625 -0.198501586914063
0.0388221740722656 0.032684326171875 -0.172164916992188 -0.13623046875
0.029083251953125 0.0310878753662109 -0.145065307617188 -0.0966949462890625
0.0260276794433594 0.0340709686279297 -0.121543884277344 -0.0717010498046875
-0.00038909912109375 0.0351982116699219 -0.100578308105469 -0.066314697265625
-0.0324611663818359 0.0145626068115234 -0.110115051269531 -0.0622711181640625
-0.0385513305664063 -0.04034423828125 -0.132408142089844 -0.106704711914063
0.0189285278320312 -0.0744400024414063 -0.120162963867188 -0.184356689453125
0.0854263305664063 -0.0592880249023438 -0.15386962890625 -0.247955322265625
0.126747131347656 -0.022064208984375 -0.16021728515625 -0.271591186523438
0.144561767578125 0.04931640625 -0.052032470703125 -0.267898559570313
0.0573005676269531 -0.0287666320800781 -0.0285415649414062 -0.0366554260253906
0.0218868255615234 -0.0285167694091797 0.139190673828125 -0.00392913818359375
0.000590324401855469 -0.0158634185791016 0.146499633789062 -0.1427001953125
0.00523853302001953 -0.0128421783447266 0.0347747802734375 -0.213104248046875
-0.000186920166015624 -0.0111293792724609 -0.0994110107421875 -0.209304809570313
-0.0242786407470703 -0.0158805847167969 -0.174301147460938 -0.136199951171875
-0.0229587554931641 -0.0243568420410156 -0.141265869140625 -0.0860137939453125
-0.0305347442626953 -0.0231513977050781 -0.122528076171875 -0.0617828369140625
-0.0229721069335937 -0.0340023040771484 -0.106285095214844 -0.0505828857421875
-0.00460433959960937 -0.0583839416503906 -0.111808776855469 -0.0437545776367188
0.0389328002929688 -0.080291748046875 -0.136878967285156 -0.0926055908203125
0.116783142089844 -0.0352554321289063 -0.129104614257813 -0.16217041015625
0.158737182617188 0.0194244384765625 -0.15362548828125 -0.223876953125
0.173736572265625 0.0961761474609375 -0.139251708984375 -0.246719360351563
0.177886962890625 0.1658935546875 0.0038909912109375 -0.242660522460938
0.132354736328125 0.0566482543945313 0.00716972351074219 -0.0241031646728516
0.139007568359375 -0.0097503662109375 0.167800903320313 0.0186920166015625
0.0809249877929688 -0.0683517456054688 0.176773071289063 -0.129531860351563
0.0363922119140625 -0.092620849609375 0.0662689208984375 -0.208251953125
-0.0307540893554688 -0.0828475952148438 -0.080780029296875 -0.205001831054688
-0.0799560546875 -0.066802978515625 -0.153366088867188 -0.123199462890625
-0.0713882446289062 -0.0768890380859375 -0.117332458496094 -0.06219482421875
-0.0868759155273438 -0.07373046875 -0.103950500488281 -0.0344314575195313
-0.0546951293945313 -0.093994140625 -0.0976409912109375 -0.0146255493164063
0.00272369384765626 -0.128074645996094 -0.105628967285156 -0.007598876953125
0.0888290405273437 -0.129539489746094 -0.141632080078125 -0.05938720703125
0.197906494140625 -0.0247344970703125 -0.140045166015625 -0.126258850097656
0.22161865234375 0.06854248046875 -0.143447875976562 -0.185379028320313
0.206512451171875 0.188064575195313 -0.105453491210938 -0.186080932617187
0.17510986328125 0.263504028320312 0.065765380859375 -0.171478271484375
0.17816162109375 0.152099609375 0.0521583557128906 0.0173492431640625
0.244842529296875 0.037078857421875 0.1925048828125 0.0568695068359375
0.168807983398438 -0.0988006591796875 0.203414916992188 -0.0930633544921875
0.07958984375 -0.157882690429688 0.100021362304688 -0.177169799804688
-0.0470428466796875 -0.147323608398438 -0.048858642578125 -0.177947998046875
-0.119819641113281 -0.110755920410156 -0.113609313964844 -0.09515380859375
-0.109382629394531 -0.11834716796875 -0.0759048461914063 -0.0284194946289062
-0.13433837890625 -0.109519958496094 -0.0664901733398438 0.00244522094726562
-0.0889816284179688 -0.135139465332031 -0.0716171264648437 0.031463623046875
-0.00584411621093749 -0.18218994140625 -0.0864639282226563 0.0376663208007813
0.110214233398437 -0.172988891601563 -0.135574340820313 -0.015350341796875
0.250137329101563 -0.0304718017578125 -0.142974853515625 -0.08575439453125
0.261306762695313 0.093841552734375 -0.115585327148438 -0.14361572265625
0.2152099609375 0.246841430664063 -0.0622406005859375 -0.106460571289063
0.138946533203125 0.31640625 0.119918823242188 -0.0658645629882812
0.179290771484375 0.229721069335937 0.0957412719726563 0.0814590454101563
0.302581787109375 0.09783935546875 0.200485229492188 0.102264404296875
0.233749389648438 -0.09564208984375 0.211776733398438 -0.0386505126953125
0.120559692382813 -0.190277099609375 0.122955322265625 -0.121116638183594
-0.0474853515625 -0.189407348632813 -0.0114517211914063 -0.129493713378906
-0.138893127441406 -0.13861083984375 -0.0595436096191406 -0.054931640625
-0.12969970703125 -0.141311645507813 -0.0244827270507813 0.00901031494140624
-0.16290283203125 -0.128158569335938 -0.0164642333984375 0.0409622192382812
-0.113113403320313 -0.1544189453125 -0.03204345703125 0.0774307250976562
-0.0176544189453125 -0.211273193359375 -0.0557632446289063 0.0800933837890625
0.114288330078125 -0.195144653320313 -0.11956787109375 0.0275192260742187
0.269027709960938 -0.03216552734375 -0.135322570800781 -0.0482177734375
0.266387939453125 0.110763549804687 -0.0753707885742188 -0.1053466796875
0.195663452148438 0.273147583007812 -0.0127811431884766 -0.0179500579833984
0.07904052734375 0.30889892578125 0.156585693359375 0.0524444580078125
0.138397216796875 0.262069702148438 0.128265380859375 0.151596069335938
0.290191650390625 0.1456298828125 0.187652587890625 0.141098022460938
0.250534057617188 -0.067413330078125 0.197311401367188 0.0202484130859375
0.14019775390625 -0.182540893554688 0.127983093261719 -0.0543670654296875
-0.0386199951171875 -0.195968627929688 0.0237617492675781 -0.0667190551757813
-0.135833740234375 -0.14251708984375 -0.000350952148437508 -0.00977230072021485
-0.131546020507813 -0.14239501953125 0.0308647155761719 0.04437255859375
-0.167282104492187 -0.129470825195313 0.03875732421875 0.0757827758789062
-0.119216918945313 -0.154586791992188 0.012481689453125 0.118789672851562
-0.0211029052734375 -0.21343994140625 -0.02374267578125 0.11737060546875
0.11236572265625 -0.189773559570313 -0.100181579589844 0.063629150390625
0.259765625 -0.017791748046875 -0.122962951660156 -0.0200271606445312
0.236618041992188 0.12823486328125 -0.0314559936523437 -0.0715484619140625
0.146469116210938 0.269866943359375 0.0328826904296875 0.0695686340332031
0.00933837890624998 0.242813110351563 0.1751708984375 0.15869140625
0.0723876953125 0.23443603515625 0.1456298828125 0.211502075195313
0.218109130859375 0.15618896484375 0.162551879882813 0.162918090820313
0.210418701171875 -0.0311431884765625 0.169265747070313 0.0678863525390625
0.125778198242188 -0.141586303710938 0.119331359863281 0.00579071044921874
-0.026336669921875 -0.16583251953125 0.0533294677734375 -0.00670242309570314
-0.112922668457031 -0.122322082519531 0.0537796020507812 0.032379150390625
-0.112747192382812 -0.121742248535156 0.082733154296875 0.072113037109375
-0.1456298828125 -0.114456176757812 0.0923919677734375 0.105194091796875
-0.105865478515625 -0.136711120605469 0.0539093017578125 0.154251098632813
-0.0157012939453125 -0.189773559570312 0.00115966796875 0.1485595703125
0.10650634765625 -0.159957885742188 -0.0864028930664063 0.0938339233398437
0.226318359375 0.0084228515625 -0.11260986328125 0.000831604003906273
0.178390502929688 0.141220092773438 0.00568008422851564 -0.038238525390625
0.07476806640625 0.239303588867188 0.0631256103515625 0.151260375976563
-0.0599517822265625 0.135154724121094 0.17486572265625 0.2281494140625
-0.00166320800781251 0.15850830078125 0.152435302734375 0.244644165039062
0.111366271972656 0.124687194824219 0.13714599609375 0.164688110351563
0.130531311035156 -0.00098419189453125 0.1441650390625 0.0956268310546875
0.0846481323242188 -0.0807571411132813 0.108200073242188 0.0456008911132813
-0.0142135620117187 -0.107627868652344 0.0754776000976563 0.0358123779296875
-0.0744781494140625 -0.08148193359375 0.0970382690429688 0.06060791015625
-0.0778961181640625 -0.0838623046875 0.121658325195313 0.0899200439453125
-0.101715087890625 -0.0845565795898438 0.133834838867188 0.128952026367188
-0.0749359130859375 -0.102157592773437 0.0834503173828125 0.182662963867187
-0.00451660156250001 -0.144241333007813 0.012847900390625 0.175765991210938
0.0897903442382812 -0.112075805664062 -0.0821456909179688 0.11865234375
0.168426513671875 0.0343780517578125 -0.109794616699219 0.015228271484375
0.100105285644531 0.137458801269531 0.0278682708740234 -0.00530433654785155
-0.00790405273437499 0.175811767578125 0.0702056884765625 0.2181396484375
0.0827102661132813 -0.0710983276367188 -0.108001708984375 -0.25787353515625
-0.0335693359375 -0.0898895263671875 -0.0481109619140625 -0.0204124450683594
-0.0863265991210938 -0.0196380615234375 0.1246337890625 -0.0178909301757812
-0.0584526062011719 0.0494194030761719 0.124099731445312 -0.153411865234375
-0.00643157958984376 0.0694847106933594 0.00744628906250002 -0.211715698242188
0.0461769104003906 0.0528106689453125 -0.113754272460938 -0.205718994140625
0.0426177978515625 0.0306777954101563 -0.188385009765625 -0.134552001953125
0.0324211120605469 0.02972412109375 -0.159408569335938 -0.0952301025390625
0.0280647277832031 0.0327014923095703 -0.133377075195312 -0.070465087890625
0.00239944458007812 0.035552978515625 -0.110450744628906 -0.0660858154296875
-0.0317058563232422 0.0159168243408203 -0.120826721191406 -0.0610198974609375
-0.041778564453125 -0.0399360656738281 -0.145477294921875 -0.106521606445312
0.0161590576171875 -0.0782012939453125 -0.133987426757813 -0.190155029296875
0.08642578125 -0.065216064453125 -0.172927856445313 -0.255264282226563
0.1314697265625 -0.029266357421875 -0.181808471679688 -0.280502319335938
0.154449462890625 0.04461669921875 -0.0699310302734375 -0.276840209960938
0.0588836669921875 -0.0314064025878906 -0.0318813323974609 -0.0331993103027344
0.0232181549072266 -0.0301284790039063 0.1485595703125 -0.010528564453125
0.001190185546875 -0.0152359008789063 0.1484375 -0.157241821289063
0.00505352020263672 -0.0132827758789063 0.027557373046875 -0.225723266601563
0.000461578369140624 -0.012359619140625 -0.113235473632812 -0.21673583984375
-0.0249767303466797 -0.0161914825439453 -0.190231323242188 -0.135055541992187
-0.0257816314697266 -0.0259838104248047 -0.154251098632812 -0.0845184326171875
-0.0341300964355469 -0.024200439453125 -0.133712768554687 -0.0598526000976563
-0.0245819091796875 -0.0364837646484375 -0.115127563476563 -0.0488510131835938
-0.00592041015625 -0.0618782043457031 -0.121452331542969 -0.041473388671875
0.0381927490234375 -0.0864791870117188 -0.150833129882813 -0.091583251953125
0.12152099609375 -0.0411529541015625 -0.14349365234375 -0.16522216796875
0.166534423828125 0.01397705078125 -0.1727294921875 -0.229827880859375
0.186737060546875 0.0937957763671875 -0.1593017578125 -0.255599975585938
0.195892333984375 0.1666259765625 -0.00990295410156247 -0.253799438476562
0.142105102539063 0.05535888671875 0.00498580932617188 -0.0217914581298828
0.148788452148438 -0.0166778564453125 0.179779052734375 0.0110931396484375
0.0825347900390625 -0.0749969482421875 0.181442260742188 -0.144271850585938
0.0332412719726563 -0.0997467041015625 0.0609130859375 -0.223068237304688
-0.035675048828125 -0.0854263305664063 -0.0933990478515625 -0.212142944335938
-0.0865402221679687 -0.0662002563476563 -0.167221069335937 -0.121658325195313
-0.0796585083007813 -0.0779190063476563 -0.12701416015625 -0.0614700317382813
-0.0958099365234375 -0.073272705078125 -0.112007141113281 -0.0306167602539062
-0.0613021850585938 -0.0970840454101562 -0.103706359863281 -0.0104751586914063
-0.00209808349609376 -0.134689331054688 -0.112869262695313 -0.00238800048828127
0.0881195068359375 -0.14105224609375 -0.15478515625 -0.055908203125
0.208404541015625 -0.0347442626953125 -0.154510498046875 -0.126571655273437
0.236328125 0.062744140625 -0.16064453125 -0.189544677734375
0.2264404296875 0.18975830078125 -0.121475219726562 -0.193679809570313
0.197555541992188 0.269775390625 0.0582427978515625 -0.181442260742187
0.195236206054688 0.15435791015625 0.05389404296875 0.019744873046875
0.262359619140625 0.0268402099609375 0.208572387695313 0.04974365234375
0.173309326171875 -0.11114501953125 0.210601806640625 -0.107345581054688
0.07586669921875 -0.17144775390625 0.0973663330078125 -0.191726684570313
-0.0553436279296875 -0.152450561523438 -0.0590362548828125 -0.183914184570313
-0.130355834960937 -0.110076904296875 -0.122833251953125 -0.093963623046875
-0.120956420898437 -0.1192626953125 -0.0803604125976563 -0.0274276733398438
-0.147247314453125 -0.108047485351563 -0.0703506469726563 0.00604248046875
-0.0990676879882812 -0.137161254882813 -0.07391357421875 0.0374984741210937
-0.014984130859375 -0.191238403320313 -0.0899658203125 0.0442733764648438
0.108779907226563 -0.188446044921875 -0.146926879882813 -0.009735107421875
0.263687133789063 -0.044403076171875 -0.156341552734375 -0.0832061767578125
0.27923583984375 0.0882720947265625 -0.130584716796875 -0.146575927734375
0.239898681640625 0.251190185546875 -0.0720367431640625 -0.109786987304687
0.161651611328125 0.327056884765625 0.119308471679688 -0.072967529296875
0.200668334960938 0.236923217773438 0.101730346679688 0.0843353271484375
0.32623291015625 0.088226318359375 0.218521118164063 0.097259521484375
0.241851806640625 -0.111663818359375 0.222442626953125 -0.04986572265625
0.117156982421875 -0.208526611328125 0.124855041503906 -0.13275146484375
-0.0576934814453125 -0.195358276367187 -0.0172882080078125 -0.133644104003906
-0.151626586914063 -0.13629150390625 -0.0638961791992188 -0.0540847778320313
-0.144088745117188 -0.142135620117188 -0.0235919952392578 0.00989151000976562
-0.178466796875 -0.125900268554687 -0.0141677856445313 0.0446662902832031
-0.125900268554688 -0.156341552734375 -0.0294036865234375 0.084320068359375
-0.0298004150390625 -0.220748901367188 -0.05596923828125 0.0874404907226562
0.111434936523438 -0.2122802734375 -0.127693176269531 0.034637451171875
0.2835693359375 -0.047271728515625 -0.1466064453125 -0.0439605712890625
0.28564453125 0.105316162109375 -0.0866012573242187 -0.108177185058594
0.221176147460937 0.279983520507813 -0.0152530670166016 -0.0186195373535156
0.099761962890625 0.32220458984375 0.164443969726563 0.0504302978515625
0.158920288085938 0.270919799804688 0.138656616210938 0.156356811523438
0.3153076171875 0.1383056640625 0.205886840820313 0.138504028320313
0.259979248046875 -0.08306884765625 0.208953857421875 0.0126800537109375
0.137130737304688 -0.201156616210938 0.133018493652344 -0.0623626708984375
-0.049957275390625 -0.202926635742188 0.0221099853515625 -0.0692596435546875
-0.148956298828125 -0.140640258789063 -0.000430107116699227 -0.00944805145263673
-0.1455078125 -0.1429443359375 0.0371780395507812 0.0434913635253906
-0.183074951171875 -0.126235961914063 0.0469284057617187 0.0798797607421875
-0.132095336914063 -0.154678344726562 0.020660400390625 0.125862121582031
-0.0339508056640625 -0.222320556640625 -0.02093505859375 0.125038146972656
0.108734130859375 -0.205810546875 -0.105171203613281 0.0726547241210937
0.274093627929688 -0.031768798828125 -0.132728576660156 -0.0139312744140625
0.254974365234375 0.12445068359375 -0.0379486083984375 -0.0750732421875
0.16864013671875 0.279144287109375 0.0376739501953125 0.0713043212890625
0.022430419921875 0.256393432617188 0.188369750976562 0.160934448242188
0.0876617431640625 0.243682861328125 0.159835815429687 0.21820068359375
0.238662719726563 0.152786254882813 0.178970336914063 0.163681030273438
0.219451904296875 -0.043487548828125 0.181259155273438 0.0643157958984375
0.124282836914063 -0.156478881835938 0.126670837402344 0.00135803222656249
-0.0355377197265625 -0.172409057617187 0.0556106567382813 -0.00718688964843751
-0.124626159667969 -0.12030029296875 0.0589714050292969 0.031707763671875
-0.125457763671875 -0.121826171875 0.0923385620117187 0.0715255737304687
-0.159439086914063 -0.111495971679687 0.104255676269531 0.108070373535156
-0.117149353027344 -0.136466979980469 0.065643310546875 0.160919189453125
-0.0273895263671875 -0.1976318359375 0.006591796875 0.15679931640625
0.103683471679688 -0.1744384765625 -0.0882186889648437 0.104026794433594
0.23944091796875 -0.003021240234375 -0.120353698730469 0.00718688964843749
0.19415283203125 0.140304565429687 0.00292587280273439 -0.0420570373535156
0.0912628173828125 0.249160766601563 0.073211669921875 0.155609130859375
-0.05548095703125 0.144439697265625 0.193710327148438 0.234024047851563
0.00679016113281249 0.167434692382813 0.168930053710937 0.250991821289063
0.125205993652344 0.124526977539062 0.15203857421875 0.167556762695313
0.135185241699219 -0.0077972412109375 0.155654907226563 0.0946044921875
0.0838623046875 -0.089752197265625 0.117538452148438 0.0430755615234375
-0.0201416015625 -0.112762451171875 0.0810470581054688 0.0355987548828125
-0.0819091796875 -0.0801239013671875 0.106575012207031 0.0591354370117188
-0.0863189697265625 -0.0827484130859375 0.134368896484375 0.0882110595703125
-0.112197875976562 -0.082305908203125 0.150527954101563 0.129974365234375
-0.0839157104492188 -0.10205078125 0.0978851318359375 0.18963623046875
-0.013397216796875 -0.150253295898438 0.020843505859375 0.184097290039063
0.088836669921875 -0.122520446777344 -0.08251953125 0.128936767578125
0.179214477539063 0.027191162109375 -0.116668701171875 0.0223846435546875
0.111251831054688 0.140342712402344 0.027252197265625 -0.0093708038330078
0.000976562500000007 0.18560791015625 0.0841217041015625 0.224929809570313
0.0791168212890625 -0.079498291015625 -0.130233764648438 -0.25701904296875
-0.040008544921875 -0.0895614624023438 -0.0495147705078125 -0.0152244567871094
-0.0897903442382812 -0.0135726928710938 0.129585266113281 -0.0269622802734375
-0.056304931640625 0.0562095642089844 0.1197509765625 -0.1676025390625
-0.000686645507812507 0.0731277465820313 -0.00627136230468748 -0.220550537109375
0.0521354675292969 0.0506057739257812 -0.131729125976563 -0.206695556640625
0.0466537475585938 0.0260734558105469 -0.205673217773438 -0.1265869140625
0.0351982116699219 0.0273017883300781 -0.174102783203125 -0.0871734619140625
0.0309715270996094 0.0312690734863281 -0.145965576171875 -0.0638885498046875
0.00504875183105469 0.0346393585205078 -0.120834350585937 -0.0611343383789063
-0.0298652648925781 0.0186672210693359 -0.131126403808594 -0.0552291870117188
-0.0461158752441406 -0.0377731323242187 -0.159561157226563 -0.100509643554688
0.0110321044921875 -0.0811538696289063 -0.15081787109375 -0.190139770507812
0.08538818359375 -0.0723800659179688 -0.19683837890625 -0.254226684570313
0.133476257324219 -0.0396804809570313 -0.208847045898438 -0.280059814453125
0.162155151367187 0.036102294921875 -0.09344482421875 -0.279464721679688
0.0592765808105469 -0.0344581604003906 -0.035125732421875 -0.0287666320800781
0.0237541198730469 -0.0328292846679688 0.155487060546875 -0.0219268798828125
0.000584602355957032 -0.0152082443237305 0.14385986328125 -0.173065185546875
0.00493526458740234 -0.0133533477783203 0.014556884765625 -0.23699951171875
0.00040435791015625 -0.0128898620605469 -0.13177490234375 -0.21685791015625
-0.0270061492919922 -0.0165214538574219 -0.207046508789063 -0.12615966796875
-0.0282230377197266 -0.0258522033691406 -0.167312622070313 -0.077301025390625
-0.0374526977539062 -0.0225639343261719 -0.145065307617188 -0.0516815185546875
-0.0272941589355469 -0.0375289916992188 -0.123802185058594 -0.0423812866210938
-0.00888824462890625 -0.0638351440429688 -0.130241394042969 -0.0341567993164062
0.0340957641601562 -0.09234619140625 -0.165252685546875 -0.08447265625
0.124061584472656 -0.0506057739257812 -0.159988403320313 -0.163223266601562
0.173446655273438 0.004547119140625 -0.195571899414063 -0.227447509765625
0.201217651367188 0.085662841796875 -0.184539794921875 -0.254592895507813
0.214767456054688 0.1590576171875 -0.03045654296875 -0.258880615234375
0.1519775390625 0.05035400390625 0.00311470031738282 -0.0188331604003906
0.155670166015625 -0.0279998779296875 0.190155029296875 -0.000732421875000002
0.0815658569335938 -0.0833663940429688 0.179046630859375 -0.161605834960938
0.02740478515625 -0.105545043945313 0.0489349365234375 -0.235015869140625
-0.0418548583984375 -0.0854873657226563 -0.110809326171875 -0.2130126953125
-0.0933609008789063 -0.0627593994140625 -0.18182373046875 -0.113922119140625
-0.08868408203125 -0.0761260986328125 -0.136138916015625 -0.0552902221679687
-0.105293273925781 -0.0690078735351563 -0.119255065917969 -0.0241470336914063
-0.068878173828125 -0.0969314575195313 -0.109214782714844 -0.00274658203125002
-0.0106353759765625 -0.139816284179687 -0.118446350097656 0.00605010986328122
0.08282470703125 -0.153350830078125 -0.16815185546875 -0.04681396484375
0.21502685546875 -0.0496063232421875 -0.169906616210938 -0.121810913085937
0.248977661132813 0.050811767578125 -0.180816650390625 -0.186325073242187
0.249557495117188 0.182586669921875 -0.142135620117187 -0.193191528320313
0.2247314453125 0.266647338867188 0.044219970703125 -0.189712524414062
0.213943481445313 0.149749755859375 0.0549774169921875 0.0208168029785156
0.277572631835938 0.0084381103515625 0.221771240234375 0.0354461669921875
0.173065185546875 -0.127609252929688 0.212066650390625 -0.125457763671875
0.06585693359375 -0.184066772460938 0.088897705078125 -0.205337524414063
-0.067779541015625 -0.153350830078125 -0.073150634765625 -0.185806274414063
-0.141769409179688 -0.104141235351562 -0.133682250976563 -0.088165283203125
-0.135360717773438 -0.115547180175781 -0.0855178833007813 -0.0241470336914063
-0.16143798828125 -0.100234985351562 -0.071746826171875 0.0123291015625
-0.112022399902344 -0.135459899902344 -0.0734100341796875 0.0450210571289062
-0.0289306640625 -0.1962890625 -0.090972900390625 0.0524749755859375
0.10003662109375 -0.204010009765625 -0.156478881835938 0.000671386718750021
0.272186279296875 -0.0641937255859375 -0.16937255859375 -0.0757598876953125
0.295745849609375 0.07366943359375 -0.147232055664062 -0.144332885742188
0.268829345703125 0.246719360351563 -0.0844802856445313 -0.110183715820312
0.191864013671875 0.32855224609375 0.115341186523438 -0.0820159912109375
0.225845336914062 0.234603881835937 0.108833312988281 0.08404541015625
0.347442626953125 0.065826416015625 0.23443603515625 0.084136962890625
0.24407958984375 -0.132965087890625 0.22760009765625 -0.067138671875
0.105926513671875 -0.225311279296875 0.120452880859375 -0.146820068359375
-0.0732574462890625 -0.19805908203125 -0.026824951171875 -0.135238647460938
-0.166015625 -0.130416870117187 -0.0696830749511719 -0.0511436462402344
-0.160781860351562 -0.13720703125 -0.0221672058105469 0.0101470947265625
-0.19488525390625 -0.115966796875 -0.0103721618652344 0.0483551025390625
-0.140945434570313 -0.15191650390625 -0.0230712890625 0.0911026000976562
-0.0468292236328125 -0.225311279296875 -0.0526275634765625 0.0952987670898438
0.100250244140625 -0.228973388671875 -0.132865905761719 0.0458984375
0.2926025390625 -0.06903076171875 -0.156600952148438 -0.0344085693359375
0.303955078125 0.090911865234375 -0.0993423461914063 -0.107147216796875
0.250823974609375 0.277633666992188 -0.0180988311767578 -0.0190162658691406
0.126708984375 0.32794189453125 0.170791625976563 0.0429229736328125
0.184402465820313 0.272201538085938 0.15118408203125 0.155181884765625
0.339447021484375 0.120086669921875 0.224029541015625 0.128402709960938
0.263885498046875 -0.1041259765625 0.218551635742188 -0.000167846679687506
0.12628173828125 -0.219192504882813 0.134201049804688 -0.07354736328125
-0.0655059814453125 -0.206497192382813 0.0190048217773438 -0.0710906982421875
-0.162872314453125 -0.133148193359375 -0.000281333923339853 -0.00897693634033204
-0.162368774414063 -0.137161254882812 0.04327392578125 0.041778564453125
-0.19952392578125 -0.115951538085937 0.0570449829101562 0.0796661376953125
-0.147720336914062 -0.150100708007813 0.0315170288085938 0.13006591796875
-0.0526580810546875 -0.226654052734375 -0.0125961303710938 0.131629943847656
0.09735107421875 -0.22186279296875 -0.106399536132813 0.0835037231445312
0.28338623046875 -0.05255126953125 -0.139923095703125 -0.00428771972656253
0.27294921875 0.1121826171875 -0.0464248657226562 -0.0763778686523438
0.197265625 0.279312133789063 0.0433273315429688 0.0710678100585938
0.0427093505859375 0.26434326171875 0.204132080078125 0.155548095703125
0.10882568359375 0.247634887695312 0.177383422851563 0.216903686523438
0.260772705078125 0.138931274414062 0.195785522460938 0.156478881835937
0.223953247070313 -0.0602874755859375 0.192764282226563 0.0554046630859375
0.116363525390625 -0.171798706054688 0.132308959960938 -0.00708007812500001
-0.0489349365234375 -0.175567626953125 0.0578498840332031 -0.00938415527343751
-0.136199951171875 -0.114006042480469 0.0651092529296875 0.0292549133300781
-0.140090942382813 -0.117012023925781 0.103065490722656 0.0657501220703125
-0.17449951171875 -0.101150512695313 0.119346618652344 0.105239868164063
-0.130950927734375 -0.132347106933594 0.080596923828125 0.163864135742188
-0.0443572998046875 -0.2015380859375 0.0175628662109375 0.162353515625
0.0941925048828125 -0.188796997070312 -0.0860366821289062 0.114151000976562
0.249725341796875 -0.02008056640625 -0.126167297363281 0.0167694091796875
0.211593627929688 0.132492065429688 -0.00150299072265624 -0.0457267761230469
0.11376953125 0.253143310546875 0.0871734619140625 0.155319213867188
-0.0464935302734375 0.152816772460938 0.215423583984375 0.230850219726563
0.0191650390625 0.172210693359375 0.19012451171875 0.250747680664063
0.139434814453125 0.118263244628906 0.167617797851563 0.163986206054688
0.138702392578125 -0.0180892944335938 0.168746948242188 0.0878753662109375
0.0785675048828125 -0.0993804931640625 0.1253662109375 0.0367050170898438
-0.0287246704101563 -0.113792419433594 0.0872802734375 0.0330886840820312
-0.0894699096679688 -0.0751266479492187 0.115226745605469 0.0549545288085937
-0.0958709716796875 -0.0786666870117187 0.14788818359375 0.0808258056640625
-0.122383117675781 -0.0751724243164062 0.16827392578125 0.124038696289063
-0.0941162109375 -0.0984344482421875 0.116607666015625 0.190994262695313
-0.0269012451171875 -0.153167724609375 0.0336456298828125 0.189743041992188
0.0821380615234375 -0.134231567382812 -0.0777740478515625 0.140167236328125
0.189071655273438 0.0150909423828125 -0.120796203613281 0.031982421875
0.125648498535156 0.137847900390625 0.0257606506347656 -0.0139045715332031
0.0154571533203125 0.19342041015625 0.103286743164063 0.226043701171875
0.0732345581054688 -0.0856170654296875 -0.1500244140625 -0.247207641601563
-0.0460662841796875 -0.0864639282226562 -0.04937744140625 -0.00901412963867189
-0.0891342163085938 -0.00722503662109375 0.129959106445313 -0.0358200073242188
-0.0515899658203125 0.0613555908203125 0.109481811523437 -0.177581787109375
0.00669097900390624 0.0744247436523438 -0.02044677734375 -0.22235107421875
0.0575103759765625 0.0454902648925781 -0.147262573242188 -0.201248168945313
0.0483932495117188 0.0202293395996094 -0.216812133789062 -0.112869262695313
0.0369720458984375 0.0233840942382813 -0.1837158203125 -0.07427978515625
0.0327415466308594 0.0282611846923828 -0.1544189453125 -0.05267333984375
0.00780296325683594 0.0324764251708984 -0.127655029296875 -0.0537490844726563
-0.0270042419433594 0.0198974609375 -0.136924743652344 -0.0459365844726562
-0.0487327575683594 -0.033966064453125 -0.1693115234375 -0.0904083251953125
0.005584716796875 -0.0812530517578125 -0.165084838867188 -0.182876586914062
0.0809173583984375 -0.0782318115234375 -0.21527099609375 -0.243484497070312
0.131492614746094 -0.04937744140625 -0.229965209960938 -0.267913818359375
0.165603637695313 0.0247955322265625 -0.115432739257812 -0.271133422851562
0.0588226318359375 -0.0368995666503906 -0.0362396240234375 -0.0232048034667969
0.0234508514404297 -0.0346622467041016 0.156707763671875 -0.0328521728515625
0.00109004974365235 -0.0150623321533203 0.134246826171875 -0.1844482421875
0.00496006011962891 -0.0136489868164063 -0.00111389160156252 -0.239837646484375
0.00128746032714844 -0.0141887664794922 -0.147109985351563 -0.210693359375
-0.028076171875 -0.0158977508544922 -0.218292236328125 -0.112380981445313
-0.0314655303955078 -0.0252685546875 -0.176376342773438 -0.065521240234375
-0.0400886535644531 -0.0205154418945313 -0.151779174804688 -0.040435791015625
-0.0293083190917969 -0.03741455078125 -0.129142761230469 -0.0336990356445313
-0.0116157531738281 -0.0650711059570313 -0.134368896484375 -0.0247268676757813
0.0284042358398438 -0.0952835083007813 -0.174896240234375 -0.0731048583984375
0.122016906738281 -0.0581588745117187 -0.172683715820313 -0.15472412109375
0.175277709960938 -0.005767822265625 -0.213394165039063 -0.216094970703125
0.208740234375 0.0725250244140625 -0.20513916015625 -0.244247436523438
0.227645874023437 0.145889282226563 -0.0515594482421875 -0.25469970703125
0.15802001953125 0.0421295166015625 0.00131416320800782 -0.0154037475585937
0.156417846679687 -0.039947509765625 0.1925048828125 -0.01654052734375
0.077606201171875 -0.0892181396484375 0.169647216796875 -0.175323486328125
0.020050048828125 -0.108634948730469 0.033966064453125 -0.240325927734375
-0.047515869140625 -0.0832138061523438 -0.125457763671875 -0.206680297851563
-0.0983963012695312 -0.0567855834960938 -0.19134521484375 -0.101303100585938
-0.0962295532226563 -0.0712051391601562 -0.142623901367188 -0.04608154296875
-0.111618041992188 -0.0608978271484375 -0.122756958007813 -0.0144119262695312
-0.0759735107421875 -0.0929946899414063 -0.110694885253906 0.00526428222656248
-0.019195556640625 -0.140106201171875 -0.120498657226563 0.0154647827148437
0.07281494140625 -0.160858154296875 -0.175582885742188 -0.034393310546875
0.21441650390625 -0.0648193359375 -0.180160522460937 -0.111770629882813
0.254913330078125 0.0352935791015625 -0.197280883789062 -0.176025390625
0.26519775390625 0.167953491210938 -0.15887451171875 -0.184249877929687
0.246002197265625 0.253143310546875 0.028228759765625 -0.190643310546875
0.227798461914063 0.138519287109375 0.0555992126464844 0.0207939147949219
0.282257080078125 -0.0125732421875 0.225967407226563 0.0181427001953125
0.166702270507813 -0.140899658203125 0.2061767578125 -0.140579223632813
0.0522918701171875 -0.190719604492188 0.076324462890625 -0.212814331054687
-0.0779266357421875 -0.149200439453125 -0.085418701171875 -0.181015014648438
-0.149871826171875 -0.0941162109375 -0.141021728515625 -0.078704833984375
-0.146255493164063 -0.10760498046875 -0.0877685546875 -0.018646240234375
-0.171157836914063 -0.08807373046875 -0.0711441040039063 0.0182418823242187
-0.121498107910156 -0.128692626953125 -0.0705947875976563 0.0512847900390625
-0.04278564453125 -0.195220947265625 -0.0889053344726562 0.060394287109375
0.085662841796875 -0.214370727539063 -0.160873413085938 0.0135040283203125
0.272186279296875 -0.0839080810546875 -0.177383422851562 -0.0642852783203125
0.303192138671875 0.054931640625 -0.160263061523437 -0.135894775390625
0.2904052734375 0.230926513671875 -0.0940933227539062 -0.1051025390625
0.217376708984375 0.317626953125 0.107002258300781 -0.0873794555664063
0.245315551757813 0.222747802734375 0.113136291503906 0.08111572265625
0.356353759765625 0.0401611328125 0.242095947265625 0.0663299560546875
0.238082885742187 -0.15191650390625 0.225112915039063 -0.081817626953125
0.08917236328125 -0.23541259765625 0.11181640625 -0.155776977539063
-0.087554931640625 -0.194320678710938 -0.0354232788085938 -0.132904052734375
-0.175262451171875 -0.1185302734375 -0.0730133056640625 -0.0454864501953125
-0.173599243164063 -0.126449584960937 -0.0211658477783203 0.0109004974365234
-0.205596923828125 -0.10064697265625 -0.00487518310546877 0.0499610900878906
-0.152191162109375 -0.141387939453125 -0.0154495239257813 0.0943222045898437
-0.0648956298828125 -0.223068237304688 -0.0473175048828125 0.100296020507813
0.0841217041015625 -0.239028930664062 -0.133682250976563 0.0575942993164062
0.29193115234375 -0.09130859375 -0.161758422851562 -0.023193359375
0.3128662109375 0.07122802734375 -0.109458923339844 -0.102096557617188
0.275192260742188 0.2633056640625 -0.0206775665283203 -0.0180130004882812
0.15228271484375 0.321319580078125 0.171417236328125 0.0339202880859375
0.20635986328125 0.26300048828125 0.159957885742187 0.149444580078125
0.352630615234375 0.09405517578125 0.232711791992188 0.111709594726563
0.258453369140625 -0.123870849609375 0.21978759765625 -0.01483154296875
0.1104736328125 -0.23101806640625 0.130706787109375 -0.083465576171875
-0.0803070068359375 -0.202835083007813 0.015533447265625 -0.0703582763671875
-0.17254638671875 -0.120742797851563 5.10215759277237E-05 -0.00801372528076173
-0.174850463867188 -0.126022338867188 0.0479469299316406 0.0376014709472656
-0.21026611328125 -0.0992431640625 0.065643310546875 0.0759201049804688
-0.159423828125 -0.138839721679687 0.0428695678710938 0.130012512207031
-0.0710906982421875 -0.222671508789063 -0.00482940673828125 0.1339111328125
0.0814208984375 -0.231857299804688 -0.103515625 0.0931396484375
0.283721923828125 -0.075103759765625 -0.141708374023437 0.00668334960937499
0.283294677734375 0.0943603515625 -0.054443359375 -0.074798583984375
0.220321655273437 0.268875122070313 0.0478744506835938 0.0681266784667969
0.062347412109375 0.2630615234375 0.214340209960938 0.144561767578125
0.127639770507812 0.242843627929688 0.190963745117187 0.208953857421875
0.27337646484375 0.118423461914063 0.206405639648438 0.143280029296875
0.220108032226563 -0.0763092041015625 0.198089599609375 0.0432891845703125
0.103546142578125 -0.181838989257813 0.133644104003906 -0.0163421630859375
-0.062164306640625 -0.173049926757813 0.0584182739257812 -0.0112876892089844
-0.144744873046875 -0.102859497070312 0.0691986083984375 0.0257492065429687
-0.150039672851563 -0.106903076171875 0.110420227050781 0.0576934814453125
-0.18316650390625 -0.08795166015625 0.13037109375 0.0967330932617188
-0.1409912109375 -0.121841430664062 0.0953369140625 0.159957885742188
-0.060577392578125 -0.197723388671875 0.0282440185546875 0.162826538085938
0.079559326171875 -0.197601318359375 -0.0804443359375 0.121833801269531
0.251327514648438 -0.039764404296875 -0.126419067382812 0.0271835327148438
0.222808837890625 0.118804931640625 -0.00669097900390623 -0.0473976135253906
0.13433837890625 0.247634887695313 0.0984649658203125 0.148239135742188
-0.03436279296875 0.157455444335938 0.231307983398438 0.219619750976563
0.031982421875 0.17156982421875 0.20684814453125 0.2410888671875
0.149505615234375 0.106414794921875 0.177597045898438 0.154083251953125
0.137039184570313 -0.028106689453125 0.1759033203125 0.0773162841796875
0.070648193359375 -0.1060791015625 0.129539489746094 0.0283432006835937
-0.0377578735351563 -0.111839294433594 0.091400146484375 0.0294876098632812
-0.0949935913085937 -0.0672454833984375 0.121871948242188 0.0477371215820312
-0.103317260742188 -0.0715255737304688 0.156204223632813 0.0689544677734375
-0.129684448242188 -0.0653228759765625 0.181167602539063 0.11260986328125
-0.101959228515625 -0.0907974243164063 0.133148193359375 0.185211181640625
-0.0400848388671875 -0.150009155273438 0.04620361328125 0.189407348632813
0.0718536376953125 -0.141403198242188 -0.070159912109375 0.147048950195313
0.192337036132812 0.000518798828125 -0.120796203613281 0.0415267944335938
0.137054443359375 0.130302429199219 0.0233211517333984 -0.0180168151855469
0.030029296875 0.1934814453125 0.120040893554687 0.21881103515625
0.0671005249023438 -0.0883026123046875 -0.160018920898437 -0.235382080078125
-0.0492019653320313 -0.0831222534179687 -0.0470962524414063 -0.00512695312500001
-0.0875930786132813 -0.00276184082031251 0.128021240234375 -0.0417633056640625
-0.0467033386230469 0.0633888244628906 0.101516723632813 -0.181289672851563
0.0123138427734375 0.0735855102539063 -0.0293731689453125 -0.22021484375
0.0599212646484375 0.0402412414550781 -0.156265258789062 -0.195236206054687
0.0480117797851562 0.0154647827148437 -0.221923828125 -0.101486206054687
0.0371322631835937 0.0201683044433594 -0.187698364257813 -0.0640106201171875
0.0333080291748047 0.0253047943115234 -0.15771484375 -0.043548583984375
0.009735107421875 0.0298614501953125 -0.130828857421875 -0.0477752685546875
-0.0241737365722656 0.0197372436523438 -0.139434814453125 -0.0384368896484375
-0.0497817993164063 -0.030670166015625 -0.173294067382813 -0.081207275390625
0.0017242431640625 -0.0791015625 -0.171615600585937 -0.1756591796875
0.0766067504882813 -0.0806732177734375 -0.2244873046875 -0.231170654296875
0.127883911132813 -0.055206298828125 -0.240005493164062 -0.254730224609375
0.164276123046875 0.0170745849609375 -0.127182006835938 -0.260147094726563
0.0575790405273437 -0.0385513305664063 -0.0358467102050781 -0.0183639526367188
0.0227813720703125 -0.0362167358398438 0.153961181640625 -0.0404815673828125
0.00158405303955078 -0.0146322250366211 0.126083374023438 -0.18878173828125
0.00509929656982422 -0.0132293701171875 -0.00988769531249998 -0.237396240234375
0.00170135498046875 -0.0155811309814453 -0.155349731445313 -0.203475952148437
-0.0292129516601563 -0.0161609649658203 -0.222732543945313 -0.100601196289063
-0.0333232879638672 -0.0247783660888672 -0.1795654296875 -0.0560760498046875
-0.0411567687988281 -0.018585205078125 -0.154327392578125 -0.031707763671875
-0.0303764343261719 -0.0366172790527344 -0.130828857421875 -0.0277175903320313
-0.0131340026855469 -0.0644073486328125 -0.136421203613281 -0.018157958984375
0.0242385864257813 -0.0954666137695313 -0.179153442382813 -0.063446044921875
0.119789123535156 -0.0619583129882813 -0.178695678710937 -0.146743774414063
0.173690795898438 -0.0118560791015625 -0.222335815429688 -0.204238891601563
0.210708618164063 0.0625457763671875 -0.21533203125 -0.232192993164063
0.232528686523438 0.133819580078125 -0.0644378662109375 -0.246292114257812
0.160018920898438 0.036529541015625 0.000349044799804696 -0.0115957260131836
0.155242919921875 -0.048187255859375 0.189926147460938 -0.025634765625
0.074005126953125 -0.09246826171875 0.162002563476563 -0.180801391601563
0.0150222778320312 -0.108497619628906 0.0241241455078125 -0.239486694335938
-0.0500869750976563 -0.0811843872070312 -0.13372802734375 -0.199951171875
-0.10015869140625 -0.0522842407226562 -0.195510864257813 -0.091094970703125
-0.100296020507813 -0.0671844482421875 -0.144577026367188 -0.0389862060546875
-0.114341735839844 -0.054534912109375 -0.122970581054688 -0.0071563720703125
-0.0791854858398438 -0.0893402099609375 -0.109664916992188 0.0106735229492187
-0.0247039794921875 -0.13873291015625 -0.11968994140625 0.0212783813476563
0.0643157958984375 -0.163665771484375 -0.178695678710938 -0.0245819091796875
0.211746215820312 -0.0738372802734375 -0.185211181640625 -0.102828979492188
0.25421142578125 0.0252227783203125 -0.204498291015625 -0.165420532226563
0.2730712890625 0.155288696289063 -0.1663818359375 -0.175811767578125
0.256607055664063 0.23968505859375 0.016326904296875 -0.186370849609375
0.234710693359375 0.128555297851563 0.054779052734375 0.0217094421386719
0.28070068359375 -0.02813720703125 0.224456787109375 0.0065765380859375
0.159378051757813 -0.14776611328125 0.199325561523438 -0.148468017578125
0.04229736328125 -0.192367553710938 0.06707763671875 -0.214065551757812
-0.0836181640625 -0.144485473632812 -0.0916595458984375 -0.174957275390625
-0.152694702148438 -0.0859375 -0.143524169921875 -0.0702056884765625
-0.151641845703125 -0.100189208984375 -0.08831787109375 -0.0146408081054688
-0.173843383789063 -0.0777130126953125 -0.0689544677734375 0.0220909118652344
-0.1263427734375 -0.120773315429688 -0.0669441223144531 0.0548934936523438
-0.0519561767578125 -0.19158935546875 -0.086212158203125 0.0650482177734375
0.074432373046875 -0.217254638671875 -0.162384033203125 0.0222930908203125
0.267974853515625 -0.0966339111328125 -0.179641723632813 -0.0559539794921875
0.304931640625 0.041748046875 -0.167343139648438 -0.12744140625
0.301605224609375 0.21728515625 -0.0992965698242188 -0.0998077392578125
0.231842041015625 0.304290771484375 0.099029541015625 -0.0874252319335937
0.255828857421875 0.211334228515625 0.113197326660156 0.0790557861328125
0.357757568359375 0.020477294921875 0.241485595703125 0.0537261962890625
0.228378295898438 -0.161239624023437 0.220199584960938 -0.090728759765625
0.0760498046875 -0.2386474609375 0.10467529296875 -0.158981323242188
-0.09564208984375 -0.187271118164062 -0.0393447875976563 -0.128410339355469
-0.178848266601563 -0.10784912109375 -0.0743179321289063 -0.0405960083007813
-0.180206298828125 -0.117431640625 -0.0202884674072266 0.0106086730957031
-0.209075927734375 -0.0870361328125 -0.000782012939453142 0.0494194030761719
-0.157623291015625 -0.132431030273438 -0.0100631713867188 0.0948867797851562
-0.0755615234375 -0.216644287109375 -0.042816162109375 0.102836608886719
0.0709991455078125 -0.242324829101563 -0.132774353027344 0.06494140625
0.287994384765625 -0.1058349609375 -0.161361694335938 -0.016082763671875
0.314666748046875 0.0567626953125 -0.115005493164062 -0.0973892211914063
0.287933349609375 0.249542236328125 -0.022348403930664 -0.0172710418701172
0.166961669921875 0.311614990234375 0.168716430664063 0.02972412109375
0.218124389648438 0.252655029296875 0.162567138671875 0.144317626953125
0.355987548828125 0.07373046875 0.233444213867188 0.09979248046875
0.250320434570313 -0.134918212890625 0.217605590820313 -0.0234375
0.0971221923828125 -0.233978271484375 0.126594543457031 -0.08807373046875
-0.088897705078125 -0.196258544921875 0.0132369995117187 -0.0687904357910156
-0.176223754882813 -0.111007690429687 0.00126934051513671 -0.0074610710144043
-0.180938720703125 -0.116363525390625 0.0498542785644531 0.0336341857910156
-0.213272094726563 -0.0863800048828125 0.0706100463867187 0.0717544555664063
-0.164627075195312 -0.128616333007813 0.0504684448242187 0.127578735351563
-0.082244873046875 -0.214889526367188 0.000900268554687509 0.133460998535156
0.0679168701171875 -0.235198974609375 -0.100990295410156 0.0982131958007813
0.279739379882813 -0.0893402099609375 -0.140884399414062 0.0131683349609375
0.286407470703125 0.081024169921875 -0.0593185424804687 -0.0731201171875
0.233413696289063 0.257217407226563 0.0506629943847656 0.0640296936035156
0.0753326416015625 0.256484985351563 0.21624755859375 0.137115478515625
0.1392822265625 0.23541259765625 0.19586181640625 0.201004028320313
0.277587890625 0.10223388671875 0.208602905273438 0.133392333984375
0.213348388671875 -0.086517333984375 0.198226928710937 0.034942626953125
0.0917205810546875 -0.185150146484375 0.13165283203125 -0.0226364135742188
-0.069854736328125 -0.167205810546875 0.0588302612304688 -0.0113906860351563
-0.147369384765625 -0.094146728515625 0.0712509155273437 0.0226287841796875
-0.154678344726563 -0.09771728515625 0.112808227539063 0.05029296875
-0.186935424804688 -0.0755157470703125 0.137069702148438 0.0886154174804688
-0.145278930664062 -0.111831665039063 0.104156494140625 0.1552734375
-0.0707244873046875 -0.190338134765625 0.03472900390625 0.160385131835938
0.0679931640625 -0.200546264648438 -0.0756988525390625 0.125846862792969
0.248748779296875 -0.052520751953125 -0.12408447265625 0.0328445434570312
0.227523803710938 0.10845947265625 -0.0111618041992187 -0.0479888916015625
0.147537231445312 0.239852905273438 0.10430908203125 0.141159057617188
-0.0265655517578125 0.156631469726563 0.238113403320312 0.209320068359375
0.0398406982421875 0.167755126953125 0.213394165039063 0.232162475585938
0.153335571289063 0.0965728759765625 0.180328369140625 0.146011352539063
0.1334228515625 -0.0340728759765625 0.177581787109375 0.070587158203125
0.0630035400390625 -0.107879638671875 0.130653381347656 0.0220184326171875
-0.043243408203125 -0.1087646484375 0.0930404663085938 0.0268936157226562
-0.0965728759765625 -0.0612564086914062 0.125053405761719 0.041412353515625
-0.106307983398438 -0.0646591186523437 0.159652709960938 0.059234619140625
-0.132514953613281 -0.0564117431640625 0.187789916992188 0.100311279296875
-0.10504150390625 -0.0832061767578125 0.144149780273438 0.177093505859375
-0.0475921630859375 -0.144973754882813 0.0543060302734375 0.18597412109375
0.0626068115234375 -0.14404296875 -0.0631561279296875 0.149444580078125
0.19183349609375 -0.0103759765625 -0.117820739746094 0.0465850830078125
0.14312744140625 0.122711181640625 0.0197772979736328 -0.0208568572998047
0.040435791015625 0.19024658203125 0.1285400390625 0.20892333984375
0.0624923706054688 -0.0883026123046875 -0.164306640625 -0.229583740234375
-0.0501861572265625 -0.0810699462890625 -0.0462379455566406 -0.00273132324218751
-0.0860061645507812 -0.000770568847656234 0.127548217773438 -0.0437469482421875
-0.0436973571777344 0.0652656555175781 0.0992584228515625 -0.183441162109375
0.01611328125 0.0727920532226563 -0.0322265625 -0.219406127929688
0.0608482360839844 0.036376953125 -0.161941528320312 -0.192825317382813
0.0460968017578125 0.0122489929199219 -0.225173950195312 -0.0956573486328125
0.036102294921875 0.0180244445800781 -0.191360473632813 -0.058258056640625
0.0333385467529297 0.0238704681396484 -0.160552978515625 -0.038238525390625
0.0105819702148438 0.0278339385986328 -0.132919311523438 -0.0450210571289062
-0.0228939056396484 0.0189075469970703 -0.141265869140625 -0.0354461669921875
-0.049560546875 -0.0282325744628906 -0.175430297851562 -0.07769775390625
0.000488281249999995 -0.0777359008789062 -0.174972534179687 -0.173080444335938
0.0755615234375 -0.0812835693359375 -0.228302001953125 -0.225601196289063
0.125877380371094 -0.0577239990234375 -0.244430541992188 -0.250503540039063
0.1627197265625 0.014495849609375 -0.132980346679687 -0.253982543945313
0.0579948425292969 -0.0381851196289063 -0.035858154296875 -0.0154190063476563
0.0235061645507812 -0.0367851257324219 0.152984619140625 -0.043731689453125
0.00228404998779297 -0.0144166946411133 0.123580932617188 -0.19171142578125
0.00605678558349609 -0.0143623352050781 -0.0140228271484375 -0.2373046875
0.001434326171875 -0.017064094543457 -0.160385131835938 -0.200759887695313
-0.0306034088134766 -0.0168571472167969 -0.224899291992187 -0.0943450927734375
-0.0356597900390625 -0.0253181457519531 -0.182281494140625 -0.050994873046875
-0.0419578552246094 -0.0180320739746094 -0.156204223632812 -0.0261077880859375
-0.0310401916503906 -0.037017822265625 -0.132560729980469 -0.0239791870117187
-0.0130119323730469 -0.065032958984375 -0.137321472167969 -0.0152664184570312
0.0227508544921875 -0.09521484375 -0.181869506835938 -0.0589141845703125
0.118759155273438 -0.0634384155273438 -0.182525634765625 -0.143768310546875
0.173446655273438 -0.013702392578125 -0.22662353515625 -0.199111938476563
0.212265014648438 0.0586090087890625 -0.219512939453125 -0.228134155273438
0.233795166015625 0.128982543945313 -0.07159423828125 -0.240814208984375
0.162673950195313 0.034271240234375 -0.000204086303710927 -0.00841951370239258
0.155227661132813 -0.052093505859375 0.18865966796875 -0.03070068359375
0.072296142578125 -0.0935897827148438 0.159347534179688 -0.183700561523438
0.0128707885742188 -0.108619689941406 0.0208892822265625 -0.23919677734375
-0.0508041381835937 -0.0804595947265625 -0.137161254882812 -0.197036743164063
-0.102020263671875 -0.0504379272460937 -0.19757080078125 -0.085540771484375
-0.103515625 -0.0654296875 -0.146209716796875 -0.03515625
-0.115447998046875 -0.0514373779296875 -0.124488830566406 -0.00309753417968752
-0.0803909301757812 -0.0874404907226563 -0.11016845703125 0.0139083862304687
-0.0274200439453125 -0.138221740722656 -0.1202392578125 0.02471923828125
0.0611572265625 -0.165237426757813 -0.181533813476563 -0.0191650390625
0.212081909179688 -0.077972412109375 -0.187530517578125 -0.100051879882813
0.25592041015625 0.021942138671875 -0.208984375 -0.160385131835938
0.277175903320313 0.150619506835938 -0.1705322265625 -0.171798706054688
0.261032104492188 0.234115600585938 0.00991821289062504 -0.182113647460938
0.23883056640625 0.124862670898437 0.0538825988769531 0.0243911743164063
0.28082275390625 -0.036407470703125 0.222457885742188 0.001220703125
0.156356811523438 -0.151687622070313 0.197006225585938 -0.151779174804688
0.037750244140625 -0.193161010742188 0.0640869140625 -0.214736938476562
-0.0863189697265625 -0.14239501953125 -0.0943756103515625 -0.172378540039063
-0.155303955078125 -0.082275390625 -0.144775390625 -0.06622314453125
-0.156417846679688 -0.0966033935546875 -0.0892105102539063 -0.01361083984375
-0.175460815429687 -0.072265625 -0.0684776306152344 0.0242767333984375
-0.128677368164063 -0.117538452148438 -0.0655899047851563 0.0568199157714844
-0.055877685546875 -0.189361572265625 -0.0861740112304688 0.0669937133789062
0.069000244140625 -0.21942138671875 -0.164718627929688 0.0270538330078125
0.26763916015625 -0.102874755859375 -0.181304931640625 -0.053070068359375
0.305267333984375 0.036865234375 -0.171600341796875 -0.124038696289062
0.308563232421875 0.211822509765625 -0.101753234863281 -0.0976638793945313
0.237884521484375 0.298583984375 0.0946121215820313 -0.0850677490234375
0.2607421875 0.2073974609375 0.112533569335938 0.0804061889648438
0.35888671875 0.01068115234375 0.239410400390625 0.04730224609375
0.224716186523438 -0.166595458984375 0.218338012695313 -0.0946502685546875
0.069427490234375 -0.239913940429688 0.102508544921875 -0.16070556640625
-0.099517822265625 -0.185104370117188 -0.04022216796875 -0.1260986328125
-0.180801391601562 -0.103134155273438 -0.0741119384765625 -0.0380172729492188
-0.185028076171875 -0.11273193359375 -0.0200042724609375 0.0101413726806641
-0.211502075195313 -0.080322265625 0.00147628784179686 0.0491790771484375
-0.160354614257813 -0.12738037109375 -0.00699615478515626 0.0958023071289063
-0.079986572265625 -0.213714599609375 -0.0413131713867188 0.104759216308594
0.0641326904296875 -0.244644165039062 -0.134223937988281 0.0693740844726562
0.287109375 -0.1143798828125 -0.162704467773438 -0.013458251953125
0.31591796875 0.0509033203125 -0.119194030761719 -0.09490966796875
0.295501708984375 0.243499755859375 -0.022958755493164 -0.0172138214111328
0.173065185546875 0.307098388671875 0.1661376953125 0.0294189453125
0.22430419921875 0.249801635742188 0.163467407226563 0.144927978515625
0.356689453125 0.06292724609375 0.2327880859375 0.0948638916015625
0.246307373046875 -0.1405029296875 0.216766357421875 -0.0265655517578125
0.09039306640625 -0.236404418945313 0.125198364257813 -0.0904083251953125
-0.093536376953125 -0.193618774414062 0.0140800476074219 -0.0666313171386719
-0.1781005859375 -0.106109619140625 0.00220108032226562 -0.00623321533203126
-0.185317993164062 -0.111923217773438 0.0512237548828125 0.0308876037597656
-0.214981079101562 -0.0782318115234375 0.0739593505859375 0.069122314453125
-0.16656494140625 -0.122589111328125 0.0545120239257812 0.126487731933594
-0.0877838134765625 -0.2108154296875 0.00265502929687499 0.133720397949219
0.0605010986328125 -0.23626708984375 -0.100761413574219 0.101478576660156
0.278854370117187 -0.096954345703125 -0.140777587890625 0.015228271484375
0.28912353515625 0.07550048828125 -0.063232421875 -0.0722503662109375
0.241790771484375 0.252349853515625 0.0506095886230469 0.0614738464355469
0.081390380859375 0.254364013671875 0.215896606445313 0.1348876953125
0.143966674804688 0.232345581054687 0.19769287109375 0.200714111328125
0.280075073242188 0.0941619873046875 0.208114624023438 0.129638671875
0.2105712890625 -0.09100341796875 0.19818115234375 0.03228759765625
0.08648681640625 -0.186874389648438 0.131752014160156 -0.0242996215820313
-0.0737152099609375 -0.164794921875 0.0606880187988281 -0.0105819702148438
-0.148284912109375 -0.090057373046875 0.0736770629882812 0.02178955078125
-0.158432006835938 -0.094207763671875 0.115043640136719 0.045623779296875
-0.187820434570313 -0.06842041015625 0.140129089355469 0.0834197998046875
-0.146865844726562 -0.106338500976563 0.109237670898437 0.15191650390625
-0.0756988525390625 -0.186843872070313 0.0371551513671875 0.159698486328125
0.0611572265625 -0.201385498046875 -0.0748519897460938 0.127777099609375
0.247787475585937 -0.0605621337890625 -0.122962951660156 0.0344085693359375
0.230316162109375 0.102523803710938 -0.0140800476074219 -0.0498237609863281
0.154388427734375 0.235427856445313 0.106407165527344 0.13653564453125
-0.022979736328125 0.15655517578125 0.238998413085938 0.206619262695312
0.0438232421875 0.165969848632813 0.2158203125 0.22967529296875
0.155319213867187 0.0913238525390625 0.18096923828125 0.145065307617188
0.131172180175781 -0.0360946655273438 0.17840576171875 0.0684051513671875
0.060089111328125 -0.109275817871094 0.130218505859375 0.0194091796875
-0.0457382202148438 -0.106529235839844 0.0954818725585938 0.0267715454101562
-0.097259521484375 -0.0581436157226563 0.127510070800781 0.038055419921875
-0.107978820800781 -0.061492919921875 0.162826538085938 0.0540008544921875
-0.133872985839844 -0.0512466430664063 0.191360473632813 0.0940704345703125
-0.10638427734375 -0.078887939453125 0.149368286132813 0.173477172851563
-0.0515899658203125 -0.141586303710937 0.056121826171875 0.184967041015625
0.057525634765625 -0.145111083984375 -0.0612945556640625 0.151046752929688
0.191452026367188 -0.0167083740234375 -0.116912841796875 0.04931640625
0.146514892578125 0.119277954101562 0.0173873901367188 -0.0231971740722656
0.046051025390625 0.188522338867187 0.131790161132813 0.203643798828125
0.0615158081054688 -0.0887832641601563 -0.168991088867187 -0.230178833007813
-0.0515289306640625 -0.0824508666992188 -0.0464591979980469 -0.000411987304687498
-0.0867996215820313 -9.15527343749993E-05 0.13104248046875 -0.0452957153320312
-0.0428314208984375 0.067596435546875 0.09979248046875 -0.18896484375
0.01812744140625 0.0735855102539063 -0.033843994140625 -0.225067138671875
0.0617713928222656 0.0337104797363281 -0.168289184570312 -0.19622802734375
0.0454788208007812 0.0106544494628906 -0.232940673828125 -0.0948638916015625
0.036041259765625 0.0173149108886719 -0.19818115234375 -0.0563812255859375
0.03326416015625 0.0223236083984375 -0.165496826171875 -0.0355224609375
0.0109958648681641 0.0270786285400391 -0.138504028320313 -0.0449981689453125
-0.0221920013427734 0.0180778503417969 -0.1455078125 -0.035552978515625
-0.0498504638671875 -0.0273780822753906 -0.181228637695313 -0.0773162841796875
0.000877380371093742 -0.0774002075195313 -0.179367065429688 -0.176849365234375
0.07684326171875 -0.0826568603515625 -0.233123779296875 -0.22894287109375
0.126922607421875 -0.06048583984375 -0.250274658203125 -0.254074096679687
0.1650390625 0.014556884765625 -0.137924194335938 -0.254440307617188
0.0596733093261719 -0.0387611389160156 -0.0367050170898437 -0.012786865234375
0.0249595642089844 -0.0379829406738281 0.156143188476563 -0.0451507568359375
0.00387859344482422 -0.0143775939941406 0.125808715820313 -0.196533203125
0.00727176666259765 -0.0148067474365234 -0.014556884765625 -0.242828369140625
0.00145149230957031 -0.0194854736328125 -0.165664672851563 -0.2047119140625
-0.0327472686767578 -0.0173435211181641 -0.232162475585938 -0.0935211181640625
-0.0386161804199219 -0.0259284973144531 -0.189041137695313 -0.0488433837890625
-0.0438079833984375 -0.0189170837402344 -0.1612548828125 -0.0240020751953125
-0.0318756103515625 -0.039520263671875 -0.137062072753906 -0.0233154296875
-0.0130729675292969 -0.0681838989257813 -0.14129638671875 -0.01422119140625
0.0225601196289062 -0.0975418090820313 -0.188323974609375 -0.057281494140625
0.122611999511719 -0.0643463134765625 -0.186965942382813 -0.1461181640625
0.178070068359375 -0.0141754150390625 -0.232879638671875 -0.201126098632813
0.217147827148437 0.058624267578125 -0.225723266601562 -0.230819702148438
0.239059448242188 0.1307373046875 -0.075927734375 -0.240997314453125
0.166946411132813 0.0352935791015625 -0.000868797302246084 -0.0049595832824707
0.159133911132813 -0.056182861328125 0.190887451171875 -0.0325164794921875
0.0741195678710937 -0.0959930419921875 0.162399291992188 -0.188827514648438
0.011810302734375 -0.111732482910156 0.020660400390625 -0.244888305664063
-0.05267333984375 -0.0826263427734375 -0.141326904296875 -0.200637817382813
-0.105255126953125 -0.0503692626953125 -0.203536987304688 -0.084228515625
-0.108757019042969 -0.0657424926757813 -0.151626586914063 -0.0339813232421875
-0.119087219238281 -0.0510635375976563 -0.127532958984375 -0.000953674316406274
-0.08319091796875 -0.089263916015625 -0.1129150390625 0.0157394409179688
-0.0279083251953125 -0.1417236328125 -0.123939514160156 0.02685546875
0.061126708984375 -0.169387817382813 -0.188613891601563 -0.0167388916015625
0.2181396484375 -0.0815277099609375 -0.1932373046875 -0.101699829101562
0.261672973632813 0.0217132568359375 -0.215789794921875 -0.161529541015625
0.286346435546875 0.1517333984375 -0.17584228515625 -0.173828125
0.267440795898438 0.237625122070313 0.00671386718750002 -0.181716918945312
0.247039794921875 0.127914428710938 0.0533218383789063 0.0284194946289063
0.2877197265625 -0.041717529296875 0.22515869140625 -0.0010528564453125
0.159042358398438 -0.156158447265625 0.200164794921875 -0.156036376953125
0.03594970703125 -0.198379516601563 0.064910888671875 -0.219497680664063
-0.0894317626953125 -0.144912719726563 -0.0962982177734375 -0.175125122070313
-0.158676147460938 -0.0822296142578125 -0.148147583007813 -0.0654144287109375
-0.163238525390625 -0.0972442626953125 -0.0927276611328125 -0.0131454467773437
-0.180648803710938 -0.0705413818359375 -0.0699462890625 0.0254592895507812
-0.132125854492187 -0.11883544921875 -0.0661354064941406 0.0597572326660156
-0.0586090087890625 -0.19293212890625 -0.0887603759765625 0.0703506469726562
0.0677032470703125 -0.22564697265625 -0.171585083007813 0.0313568115234375
0.273971557617188 -0.109115600585938 -0.187088012695313 -0.053314208984375
0.31292724609375 0.03619384765625 -0.178009033203125 -0.12469482421875
0.319610595703125 0.213531494140625 -0.105636596679687 -0.0987701416015625
0.244964599609375 0.304107666015625 0.0932846069335938 -0.0833969116210937
0.270660400390625 0.211639404296875 0.113853454589844 0.0850677490234375
0.367431640625 0.00469970703125 0.242813110351563 0.04620361328125
0.227691650390625 -0.173446655273438 0.22259521484375 -0.096832275390625
0.0679473876953125 -0.247161865234375 0.10430908203125 -0.163894653320313
-0.102569580078125 -0.187637329101563 -0.0400238037109375 -0.127716064453125
-0.185806274414062 -0.102890014648438 -0.0754470825195313 -0.0372467041015625
-0.19244384765625 -0.113174438476563 -0.0203018188476563 0.0100612640380859
-0.216354370117188 -0.0782318115234375 0.00311660766601561 0.0498008728027344
-0.1640625 -0.127777099609375 -0.0052490234375 0.0987930297851562
-0.0843505859375 -0.216400146484375 -0.0423355102539063 0.107337951660156
0.0622711181640625 -0.250213623046875 -0.13946533203125 0.0735321044921875
0.293304443359375 -0.122100830078125 -0.167327880859375 -0.0127716064453125
0.324310302734375 0.049957275390625 -0.12469482421875 -0.0958633422851563
0.308349609375 0.2467041015625 -0.0242500305175781 -0.0184688568115234
0.17901611328125 0.312347412109375 0.167739868164063 0.0331268310546875
0.23291015625 0.25311279296875 0.164993286132813 0.150039672851563
0.365478515625 0.058319091796875 0.235397338867188 0.0954437255859375
0.250381469726563 -0.146011352539062 0.2215576171875 -0.0275726318359375
0.089599609375 -0.243118286132813 0.127510070800781 -0.0928268432617188
-0.0971832275390625 -0.19671630859375 0.0160560607910156 -0.0667991638183594
-0.182449340820313 -0.105743408203125 0.00344562530517577 -0.00563240051269532
-0.19281005859375 -0.112716674804688 0.0528373718261719 0.0300369262695312
-0.220733642578125 -0.076568603515625 0.0771560668945313 0.0684127807617188
-0.169830322265625 -0.122802734375 0.05859375 0.128875732421875
-0.0924530029296875 -0.212677001953125 0.00311279296875 0.136924743652344
0.0585174560546875 -0.241378784179688 -0.105186462402344 0.105766296386719
0.28509521484375 -0.105438232421875 -0.144790649414062 0.01611328125
0.297210693359375 0.07421875 -0.0672531127929687 -0.07464599609375
0.25225830078125 0.254486083984375 0.0516395568847656 0.0615310668945313
0.0840301513671875 0.259613037109375 0.219650268554688 0.139938354492188
0.150436401367188 0.236343383789063 0.20111083984375 0.2056884765625
0.286529541015625 0.09075927734375 0.2108154296875 0.132415771484375
0.213455200195313 -0.0945281982421875 0.202606201171875 0.032806396484375
0.0858917236328125 -0.19195556640625 0.134552001953125 -0.0249557495117188
-0.0770111083984375 -0.1673583984375 0.0642318725585938 -0.00967025756835939
-0.152359008789062 -0.0890350341796875 0.07745361328125 0.0212249755859375
-0.164459228515625 -0.09423828125 0.118980407714844 0.0442428588867187
-0.192153930664062 -0.0665740966796875 0.1456298828125 0.081695556640625
-0.150497436523438 -0.105712890625 0.115478515625 0.154205322265625
-0.079833984375 -0.1878662109375 0.0382537841796875 0.163055419921875
0.0586090087890625 -0.20574951171875 -0.0778961181640625 0.131904602050781
0.253219604492188 -0.066741943359375 -0.12646484375 0.0357208251953125
0.237335205078125 0.102371215820313 -0.0171051025390625 -0.052215576171875
0.16162109375 0.238067626953125 0.108940124511719 0.13739013671875
-0.02252197265625 0.158309936523438 0.244369506835937 0.211639404296875
0.046051025390625 0.168365478515625 0.220870971679688 0.235153198242187
0.159194946289063 0.08941650390625 0.18414306640625 0.148635864257813
0.132331848144531 -0.03778076171875 0.18310546875 0.069915771484375
0.0596771240234375 -0.112129211425781 0.1336669921875 0.0195465087890625
-0.0487289428710938 -0.10791015625 0.0997543334960938 0.0280303955078125
-0.099884033203125 -0.056915283203125 0.132904052734375 0.0364837646484375
-0.111335754394531 -0.0607070922851563 0.167510986328125 0.05078125
-0.136734008789063 -0.0482406616210937 0.19854736328125 0.09149169921875
-0.108596801757813 -0.0780715942382813 0.155853271484375 0.174774169921875
-0.0550384521484375 -0.142425537109375 0.058563232421875 0.188430786132813
0.0550384521484375 -0.147933959960938 -0.06353759765625 0.154708862304687
0.194915771484375 -0.0211944580078125 -0.119407653808594 0.0505752563476563
0.1513671875 0.119430541992188 0.0153598785400391 -0.0259990692138672
0.049896240234375 0.19091796875 0.134689331054688 0.203994750976563
0.0616836547851563 -0.0919723510742187 -0.180633544921875 -0.236099243164063
-0.0559310913085938 -0.0840377807617188 -0.0486717224121094 0.00195693969726563
-0.0903472900390625 0.00101470947265625 0.13690185546875 -0.04833984375
-0.04144287109375 0.07196044921875 0.1024169921875 -0.199371337890625
0.022125244140625 0.0752944946289062 -0.03729248046875 -0.236083984375
0.0639839172363281 0.0316886901855469 -0.181793212890625 -0.204055786132812
0.04608154296875 0.00963211059570313 -0.247650146484375 -0.0935211181640625
0.0370101928710937 0.0169715881347656 -0.211517333984375 -0.0529022216796875
0.0340042114257813 0.0221767425537109 -0.17572021484375 -0.0324554443359375
0.0116615295410156 0.0260639190673828 -0.147720336914063 -0.044097900390625
-0.0220985412597656 0.017486572265625 -0.154556274414063 -0.03521728515625
-0.051788330078125 -0.0267143249511719 -0.191604614257813 -0.076904296875
4.85135535600486E-18 -0.0792312622070313 -0.190765380859375 -0.182327270507813
0.0786972045898438 -0.0879745483398438 -0.24652099609375 -0.23516845703125
0.130378723144531 -0.0658416748046875 -0.266815185546875 -0.263290405273437
0.171737670898438 0.0144805908203125 -0.149383544921875 -0.260452270507813
0.0625228881835938 -0.0401115417480469 -0.0388298034667969 -0.0097808837890625
0.0262947082519531 -0.0412025451660156 0.162200927734375 -0.049285888671875
0.00518703460693359 -0.0148153305053711 0.128753662109375 -0.208465576171875
0.00807094573974609 -0.0163307189941406 -0.016845703125 -0.255706787109375
0.00050544738769531 -0.0224170684814453 -0.17816162109375 -0.213058471679688
-0.0359115600585938 -0.0182533264160156 -0.24664306640625 -0.0919952392578125
-0.0429534912109375 -0.0266876220703125 -0.201171875 -0.0460052490234375
-0.0470161437988281 -0.0192489624023437 -0.171112060546875 -0.0200958251953125
-0.0339164733886719 -0.0420074462890625 -0.146240234375 -0.0211181640625
-0.0139846801757813 -0.0722808837890625 -0.149688720703125 -0.0123443603515625
0.02313232421875 -0.102149963378906 -0.200363159179688 -0.0553436279296875
0.128959655761719 -0.0687637329101563 -0.198501586914063 -0.1507568359375
0.186325073242188 -0.016815185546875 -0.246780395507813 -0.206161499023437
0.228408813476563 0.0578460693359375 -0.240631103515625 -0.238449096679687
0.251632690429688 0.134201049804688 -0.085113525390625 -0.24658203125
0.177474975585938 0.034912109375 -0.00229334831237792 -0.00110697746276855
0.16595458984375 -0.063446044921875 0.197555541992188 -0.03662109375
0.07684326171875 -0.102020263671875 0.16748046875 -0.200668334960937
0.010589599609375 -0.118736267089844 0.01922607421875 -0.258087158203125
-0.0568084716796875 -0.0868453979492188 -0.15155029296875 -0.207855224609375
-0.112129211425781 -0.05072021484375 -0.215774536132812 -0.082183837890625
-0.117927551269531 -0.0670394897460938 -0.161361694335937 -0.0317840576171875
-0.127082824707031 -0.0507888793945313 -0.134666442871094 0.00274658203125
-0.0890960693359375 -0.0929794311523438 -0.119270324707031 0.0193634033203125
-0.0319671630859375 -0.149078369140625 -0.130264282226563 0.0303421020507812
0.0613555908203125 -0.17950439453125 -0.200881958007813 -0.011505126953125
0.229385375976563 -0.0901947021484375 -0.204971313476563 -0.103805541992188
0.275894165039063 0.0194549560546875 -0.229095458984375 -0.164825439453125
0.3038330078125 0.154052734375 -0.18798828125 -0.180099487304688
0.283477783203125 0.24462890625 0.00253295898437503 -0.186004638671875
0.26251220703125 0.130813598632813 0.0552635192871094 0.0332069396972656
0.301055908203125 -0.05108642578125 0.233306884765625 -0.0041046142578125
0.163604736328125 -0.167282104492188 0.207229614257813 -0.1668701171875
0.0328521728515625 -0.20947265625 0.066131591796875 -0.231918334960938
-0.0957489013671875 -0.150741577148438 -0.103302001953125 -0.181655883789063
-0.169754028320313 -0.0823822021484375 -0.155929565429688 -0.0637969970703125
-0.175949096679688 -0.098541259765625 -0.0986709594726563 -0.0122756958007813
-0.191543579101562 -0.0695953369140625 -0.0733108520507813 0.0280075073242187
-0.140571594238281 -0.121498107910156 -0.0684700012207032 0.0640449523925781
-0.06475830078125 -0.201278686523438 -0.09295654296875 0.07623291015625
0.0665435791015625 -0.238845825195313 -0.182479858398438 0.03851318359375
0.287078857421875 -0.121917724609375 -0.197830200195312 -0.0532379150390625
0.329864501953125 0.032440185546875 -0.18896484375 -0.126937866210938
0.341400146484375 0.217864990234375 -0.113075256347656 -0.102943420410156
0.2611083984375 0.3155517578125 0.0937118530273438 -0.0849990844726563
0.288482666015625 0.218353271484375 0.118545532226563 0.0908432006835938
0.385284423828125 -0.004852294921875 0.251220703125 0.04595947265625
0.235931396484375 -0.18585205078125 0.23187255859375 -0.105422973632813
0.0654296875 -0.261260986328125 0.10797119140625 -0.173828125
-0.111160278320313 -0.195419311523438 -0.0421981811523438 -0.132568359375
-0.196762084960937 -0.103515625 -0.0791702270507813 -0.0362396240234375
-0.207855224609375 -0.11419677734375 -0.0213947296142578 0.01025390625
-0.228408813476563 -0.07623291015625 0.00415420532226561 0.052032470703125
-0.173599243164063 -0.13031005859375 -0.00241851806640627 0.103363037109375
-0.0929718017578125 -0.224197387695313 -0.0439834594726563 0.11395263671875
0.0587310791015625 -0.263595581054688 -0.148483276367188 0.082000732421875
0.3067626953125 -0.13543701171875 -0.17724609375 -0.011444091796875
0.342041015625 0.046173095703125 -0.133750915527344 -0.0984573364257812
0.32928466796875 0.2528076171875 -0.0265350341796875 -0.0194873809814453
0.19183349609375 0.324127197265625 0.174530029296875 0.036285400390625
0.249832153320312 0.261260986328125 0.173355102539063 0.15789794921875
0.38507080078125 0.05224609375 0.244613647460938 0.097564697265625
0.2593994140625 -0.15753173828125 0.231674194335938 -0.031646728515625
0.0884246826171875 -0.257400512695313 0.132766723632813 -0.098724365234375
-0.104843139648438 -0.20428466796875 0.017791748046875 -0.0697517395019531
-0.193695068359375 -0.106353759765625 0.00541543960571288 -0.00563430786132813
-0.207138061523438 -0.11279296875 0.056365966796875 0.0283737182617187
-0.232406616210937 -0.07391357421875 0.0830154418945312 0.0679168701171875
-0.179183959960937 -0.123565673828125 0.0663909912109375 0.133697509765625
-0.100845336914063 -0.219879150390625 0.0037841796875 0.144439697265625
0.0548858642578125 -0.253738403320312 -0.111396789550781 0.114738464355469
0.297271728515625 -0.118255615234375 -0.15283203125 0.01873779296875
0.313079833984375 0.071868896484375 -0.073699951171875 -0.0773086547851563
0.271316528320313 0.261581420898438 0.0538749694824219 0.0615196228027344
0.092864990234375 0.269561767578125 0.230422973632813 0.146102905273438
0.162094116210938 0.24444580078125 0.211669921875 0.215164184570313
0.30224609375 0.08740234375 0.220962524414063 0.137298583984375
0.220718383789063 -0.102218627929688 0.213119506835938 0.0327301025390625
0.085174560546875 -0.204666137695313 0.140701293945313 -0.027984619140625
-0.0839385986328125 -0.173385620117188 0.0697669982910156 -0.0100440979003906
-0.160720825195313 -0.0894775390625 0.0832748413085937 0.0202102661132812
-0.176055908203125 -0.0938720703125 0.126266479492187 0.041412353515625
-0.203155517578125 -0.0640106201171875 0.15545654296875 0.0807952880859375
-0.15826416015625 -0.106552124023437 0.12567138671875 0.158462524414063
-0.0880279541015625 -0.1929931640625 0.0415496826171875 0.170425415039063
0.05560302734375 -0.2159423828125 -0.0814056396484375 0.141204833984375
0.26348876953125 -0.0774383544921875 -0.132179260253906 0.0387496948242188
0.251174926757813 0.102310180664063 -0.0210762023925781 -0.0561027526855469
0.175277709960938 0.245254516601563 0.114303588867188 0.139900207519531
-0.021240234375 0.166213989257812 0.258163452148438 0.219833374023437
0.051177978515625 0.175033569335938 0.234024047851562 0.244247436523437
0.167526245117188 0.0886077880859375 0.194351196289063 0.1552734375
0.13720703125 -0.0417556762695313 0.193801879882813 0.071533203125
0.059600830078125 -0.119384765625 0.140884399414063 0.0192108154296875
-0.053680419921875 -0.112228393554687 0.10748291015625 0.0289382934570312
-0.104904174804687 -0.056396484375 0.141754150390625 0.0348968505859375
-0.119285583496094 -0.0610809326171875 0.177413940429688 0.0476837158203125
-0.1439208984375 -0.0464324951171875 0.210556030273438 0.0895843505859375
-0.114830017089844 -0.0793228149414063 0.168243408203125 0.179046630859375
-0.0606689453125 -0.145797729492188 0.0633392333984375 0.196807861328125
0.05291748046875 -0.154953002929688 -0.06488037109375 0.163726806640625
0.203521728515625 -0.02911376953125 -0.125022888183594 0.0536727905273437
0.161392211914063 0.121047973632813 0.0138130187988281 -0.0295314788818359
0.055999755859375 0.197967529296875 0.142684936523438 0.20965576171875
0.0608673095703125 -0.096923828125 -0.200119018554688 -0.23870849609375
-0.0625 -0.0858001708984375 -0.0507965087890625 0.00643539428710936
-0.0952377319335938 0.00461578369140626 0.143112182617188 -0.055908203125
-0.0390472412109375 0.0777053833007813 0.099945068359375 -0.215194702148438
0.0275726318359375 0.0771102905273438 -0.04852294921875 -0.249603271484375
0.0669021606445313 0.0284767150878906 -0.202224731445312 -0.208114624023438
0.0473365783691406 0.00749969482421875 -0.266891479492188 -0.0860748291015625
0.0384902954101563 0.0161285400390625 -0.227462768554687 -0.043609619140625
0.0362472534179688 0.0208244323730469 -0.18951416015625 -0.0245208740234375
0.0132408142089844 0.0251255035400391 -0.160491943359375 -0.0407867431640625
-0.0218772888183594 0.0173091888427734 -0.166473388671875 -0.0301971435546875
-0.0547370910644531 -0.0256576538085938 -0.205825805664063 -0.0719146728515625
-0.00186920166015625 -0.0822906494140625 -0.20904541015625 -0.185409545898438
0.0799636840820313 -0.0957412719726562 -0.26885986328125 -0.238433837890625
0.132804870605469 -0.0747833251953125 -0.29150390625 -0.26751708984375
0.181625366210938 0.0107574462890625 -0.167877197265625 -0.2645263671875
0.0655288696289063 -0.0450820922851563 -0.0411529541015625 -0.00521469116210938
0.0262718200683594 -0.0460357666015625 0.168792724609375 -0.057861328125
0.00627040863037109 -0.0155878067016602 0.127853393554687 -0.225006103515625
0.00801277160644531 -0.0190868377685547 -0.02813720703125 -0.269912719726563
-0.00137519836425781 -0.0252170562744141 -0.1983642578125 -0.217849731445312
-0.0403900146484375 -0.0179595947265625 -0.265914916992188 -0.0838470458984375
-0.0491294860839844 -0.0266990661621094 -0.217636108398438 -0.0377960205078125
-0.0518684387207031 -0.0193214416503906 -0.182830810546875 -0.011444091796875
-0.0382003784179688 -0.044464111328125 -0.156814575195313 -0.0160369873046875
-0.0178985595703125 -0.0777664184570312 -0.160659790039063 -0.00581359863281254
0.0207138061523437 -0.109550476074219 -0.214935302734375 -0.0482177734375
0.135017395019531 -0.0778656005859375 -0.216339111328125 -0.151199340820313
0.196456909179688 -0.024871826171875 -0.267898559570313 -0.206771850585938
0.243209838867187 0.0513916015625 -0.264251708984375 -0.241928100585938
0.271331787109375 0.133132934570313 -0.100006103515625 -0.252349853515625
0.190643310546875 0.0295867919921875 -0.00293707847595214 0.00243568420410156
0.172500610351563 -0.0759429931640625 0.205307006835938 -0.045074462890625
0.077362060546875 -0.111183166503906 0.16851806640625 -0.218704223632813
0.00550842285156251 -0.126739501953125 0.0106353759765625 -0.273971557617188
-0.0644378662109375 -0.0899887084960937 -0.169143676757813 -0.213851928710937
-0.121528625488281 -0.0481414794921875 -0.231735229492188 -0.075897216796875
-0.131103515625 -0.0652618408203125 -0.17388916015625 -0.0246734619140625
-0.136703491210938 -0.0482177734375 -0.143600463867188 0.0104827880859375
-0.0978851318359375 -0.0954513549804688 -0.126144409179688 0.0262985229492187
-0.040069580078125 -0.15753173828125 -0.138412475585938 0.0379180908203125
0.0570526123046875 -0.192916870117188 -0.214889526367188 -0.00106811523437503
0.240066528320313 -0.105987548828125 -0.221832275390625 -0.101516723632813
0.292633056640625 0.0093994140625 -0.24920654296875 -0.163726806640625
0.3284912109375 0.149200439453125 -0.20697021484375 -0.182266235351563
0.309906005859375 0.247955322265625 -0.00651550292968748 -0.191696166992187
0.284637451171875 0.127166748046875 0.05828857421875 0.0379257202148438
0.316986083984375 -0.069915771484375 0.243331909179688 -0.0134124755859375
0.16595458984375 -0.183425903320313 0.212356567382813 -0.184188842773438
0.0249176025390625 -0.224441528320312 0.0616302490234375 -0.248397827148437
-0.1085205078125 -0.155242919921875 -0.115493774414063 -0.18780517578125
-0.1829833984375 -0.0781707763671875 -0.167755126953125 -0.0587615966796875
-0.193771362304688 -0.0948028564453125 -0.104965209960938 -0.00777435302734374
-0.20611572265625 -0.0643768310546875 -0.0770797729492188 0.0334014892578125
-0.153579711914062 -0.122573852539063 -0.069671630859375 0.0708084106445313
-0.077545166015625 -0.210525512695313 -0.096282958984375 0.0848236083984375
0.0588226318359375 -0.255874633789063 -0.194000244140625 0.0514373779296875
0.299713134765625 -0.1434326171875 -0.21356201171875 -0.049346923828125
0.35137939453125 0.020538330078125 -0.20611572265625 -0.126419067382812
0.371826171875 0.214263916015625 -0.124549865722656 -0.104110717773437
0.289581298828125 0.322296142578125 0.0940475463867188 -0.0881729125976562
0.3162841796875 0.217742919921875 0.127357482910156 0.0953292846679688
0.40679931640625 -0.02471923828125 0.26434326171875 0.03912353515625
0.240158081054688 -0.206314086914063 0.240081787109375 -0.120574951171875
0.056121826171875 -0.279525756835938 0.107742309570312 -0.188308715820313
-0.126571655273438 -0.201644897460937 -0.0485763549804688 -0.137863159179688
-0.212570190429688 -0.0993194580078125 -0.0842132568359375 -0.0335159301757813
-0.228424072265625 -0.109909057617187 -0.0228691101074219 0.0104579925537109
-0.24566650390625 -0.06866455078125 0.00629043579101561 0.0530433654785156
-0.188720703125 -0.129684448242188 0.00282287597656249 0.109519958496094
-0.10845947265625 -0.231719970703125 -0.0432891845703125 0.123138427734375
0.04949951171875 -0.28125 -0.155899047851563 0.0961761474609375
0.319366455078125 -0.15972900390625 -0.189254760742187 -0.00520324707031251
0.363250732421875 0.03399658203125 -0.146865844726563 -0.0995025634765625
0.361175537109375 0.25006103515625 -0.0301685333251953 -0.0204582214355469
0.21771240234375 0.33538818359375 0.1832275390625 0.0350799560546875
0.276763916015625 0.265640258789063 0.1881103515625 0.16302490234375
0.409088134765625 0.035675048828125 0.25958251953125 0.094085693359375
0.266769409179688 -0.177413940429688 0.243545532226563 -0.043121337890625
0.0803375244140625 -0.277008056640625 0.137588500976563 -0.109664916992188
-0.120498657226563 -0.2105712890625 0.0190200805664062 -0.073211669921875
-0.208343505859375 -0.102218627929687 0.00697422027587889 -0.00574779510498047
-0.22686767578125 -0.108474731445312 0.0613212585449219 0.0256233215332031
-0.249465942382813 -0.0657196044921875 0.0919952392578125 0.066741943359375
-0.194259643554688 -0.122116088867188 0.0764999389648437 0.138076782226562
-0.117019653320312 -0.226211547851563 0.00860595703124998 0.1531982421875
0.045257568359375 -0.270660400390625 -0.115226745605469 0.128372192382812
0.308837890625 -0.14178466796875 -0.161636352539062 0.0247344970703125
0.334136962890625 0.061614990234375 -0.0833816528320312 -0.0798110961914063
0.300384521484375 0.262664794921875 0.0581130981445313 0.0612373352050782
0.108444213867187 0.281112670898438 0.247299194335938 0.147705078125
0.18316650390625 0.2501220703125 0.230850219726563 0.220947265625
0.32269287109375 0.076507568359375 0.236801147460938 0.137313842773438
0.22955322265625 -0.117523193359375 0.227020263671875 0.0260009765625
0.079132080078125 -0.219818115234375 0.149002075195313 -0.034271240234375
-0.097137451171875 -0.179702758789062 0.0767745971679688 -0.0123443603515625
-0.17303466796875 -0.0855712890625 0.0898284912109375 0.0175704956054687
-0.192352294921875 -0.089996337890625 0.135543823242188 0.0356521606445312
-0.21710205078125 -0.056671142578125 0.168487548828125 0.075439453125
-0.171066284179688 -0.10479736328125 0.141586303710937 0.1607666015625
-0.10174560546875 -0.198089599609375 0.050079345703125 0.178665161132813
0.04833984375 -0.229721069335937 -0.08251953125 0.154312133789063
0.27374267578125 -0.097015380859375 -0.138961791992187 0.045806884765625
0.270187377929688 0.0950775146484375 -0.0273818969726562 -0.060150146484375
0.197189331054688 0.249114990234375 0.125595092773438 0.140213012695313
-0.0157318115234375 0.1763916015625 0.279830932617187 0.223358154296875
0.0622711181640625 0.181228637695313 0.254928588867188 0.249404907226563
0.181671142578125 0.084381103515625 0.209976196289063 0.158233642578125
0.143402099609375 -0.0489349365234375 0.20758056640625 0.067535400390625
0.0556869506835937 -0.129409790039063 0.150421142578125 0.015289306640625
-0.062408447265625 -0.1153564453125 0.11859130859375 0.02734375
-0.113052368164062 -0.0535888671875 0.153045654296875 0.028717041015625
-0.130203247070312 -0.0580673217773438 0.190032958984375 0.039306640625
-0.153961181640625 -0.04071044921875 0.227691650390625 0.0821685791015625
-0.123619079589844 -0.0772171020507813 0.188186645507813 0.18096923828125
-0.07049560546875 -0.148757934570313 0.0740966796875 0.205718994140625
0.0480499267578125 -0.164566040039063 -0.063812255859375 0.176727294921875
0.212661743164063 -0.04144287109375 -0.129890441894531 0.0615386962890625
0.1767578125 0.11846923828125 0.0106468200683594 -0.0348606109619141
0.0678863525390625 0.204132080078125 0.158157348632813 0.212570190429688
0.0574264526367188 -0.102935791015625 -0.223678588867188 -0.23394775390625
-0.0703201293945313 -0.0838775634765625 -0.0517005920410156 0.0128517150878906
-0.0991897583007813 0.0116348266601563 0.14617919921875 -0.0663299560546875
-0.03314208984375 0.082550048828125 0.0902099609375 -0.23138427734375
0.0347061157226562 0.07708740234375 -0.0661468505859375 -0.258346557617188
0.0701751708984375 0.0243492126464844 -0.226150512695313 -0.20361328125
0.0478706359863281 0.004302978515625 -0.286376953125 -0.068878173828125
0.0398979187011719 0.0137062072753906 -0.241363525390625 -0.0265045166015625
0.0379714965820312 0.0188446044921875 -0.199951171875 -0.00981140136718749
0.0149612426757813 0.0232582092285156 -0.172943115234375 -0.031890869140625
-0.0221290588378906 0.0183658599853516 -0.177230834960938 -0.0208587646484375
-0.0576553344726562 -0.0229301452636719 -0.218978881835938 -0.0615081787109375
-0.00556182861328126 -0.0843429565429688 -0.229034423828125 -0.180221557617187
0.0768356323242187 -0.104621887207031 -0.2938232421875 -0.23095703125
0.131736755371094 -0.0858306884765625 -0.319305419921875 -0.2606201171875
0.190872192382812 0.0012054443359375 -0.191360473632812 -0.26092529296875
0.0662574768066406 -0.0503578186035156 -0.0430946350097656 0.000869750976562489
0.0244064331054688 -0.0500411987304688 0.171844482421875 -0.0692901611328125
0.00696754455566406 -0.0177669525146484 0.118698120117188 -0.24322509765625
0.00711441040039062 -0.0218887329101563 -0.046112060546875 -0.2816162109375
-0.00444793701171875 -0.0272846221923828 -0.2225341796875 -0.214675903320312
-0.0440826416015625 -0.0160675048828125 -0.2833251953125 -0.0677490234375
-0.0545997619628906 -0.0241813659667969 -0.2305908203125 -0.0211639404296875
-0.0561981201171875 -0.0172080993652344 -0.192657470703125 0.00273132324218746
-0.0428199768066406 -0.0456962585449219 -0.16668701171875 -0.00579833984375
-0.0235443115234375 -0.0812835693359375 -0.169662475585938 0.00399780273437497
0.0149154663085937 -0.115570068359375 -0.228378295898438 -0.0344085693359375
0.138473510742188 -0.0895233154296875 -0.234954833984375 -0.143997192382812
0.203994750976562 -0.0380859375 -0.291748046875 -0.197540283203125
0.256240844726563 0.0382232666015625 -0.290374755859375 -0.235260009765625
0.29254150390625 0.12298583984375 -0.120803833007812 -0.251190185546875
0.202056884765625 0.0193634033203125 -0.0030837059020996 0.00804519653320313
0.174835205078125 -0.0920867919921875 0.210464477539063 -0.0584259033203125
0.0745315551757812 -0.121620178222656 0.161697387695313 -0.238555908203125
-0.00347900390624999 -0.133773803710938 -0.00515747070312497 -0.288604736328125
-0.0736541748046875 -0.0905532836914063 -0.189910888671875 -0.212005615234375
-0.131149291992187 -0.042510986328125 -0.246551513671875 -0.061004638671875
-0.144210815429688 -0.0582733154296875 -0.184799194335938 -0.011749267578125
-0.147552490234375 -0.0408172607421875 -0.150375366210938 0.021942138671875
-0.108467102050781 -0.0941238403320313 -0.130844116210938 0.0365142822265625
-0.0526123046875 -0.163314819335938 -0.143310546875 0.0486297607421875
0.046539306640625 -0.205596923828125 -0.22625732421875 0.0156097412109374
0.245132446289062 -0.127883911132813 -0.238571166992188 -0.092437744140625
0.306427001953125 -0.009002685546875 -0.269973754882813 -0.154800415039063
0.352386474609375 0.133392333984375 -0.227615356445312 -0.176498413085937
0.3404541015625 0.23931884765625 -0.019866943359375 -0.193618774414062
0.3072509765625 0.11376953125 0.0622444152832032 0.0404510498046875
0.32513427734375 -0.09613037109375 0.250442504882813 -0.0264739990234375
0.161285400390625 -0.202667236328125 0.208709716796875 -0.206146240234375
0.00970458984375002 -0.236541748046875 0.048919677734375 -0.264083862304687
-0.123931884765625 -0.155471801757812 -0.131912231445312 -0.188461303710938
-0.19622802734375 -0.0692138671875 -0.177947998046875 -0.0479736328125
-0.211685180664063 -0.0843505859375 -0.111480712890625 -1.52587890625229E-05
-0.220123291015625 -0.05230712890625 -0.0790176391601563 0.0407638549804688
-0.167922973632813 -0.117919921875 -0.0675430297851563 0.0795974731445312
-0.0955047607421875 -0.21441650390625 -0.0972366333007813 0.0955810546875
0.044403076171875 -0.271499633789063 -0.200958251953125 0.0701141357421875
0.30438232421875 -0.1727294921875 -0.22662353515625 -0.037841796875
0.368621826171875 -0.001556396484375 -0.224578857421875 -0.118408203125
0.40313720703125 0.19805908203125 -0.137733459472656 -0.101142883300781
0.324615478515625 0.31884765625 0.0917282104492188 -0.0924148559570312
0.346649169921875 0.20550537109375 0.137588500976563 0.096221923828125
0.422637939453125 -0.0550537109375 0.274566650390625 0.02581787109375
0.23699951171875 -0.231674194335938 0.242630004882813 -0.140838623046875
0.03851318359375 -0.29718017578125 0.101898193359375 -0.20465087890625
-0.145462036132812 -0.202194213867187 -0.057159423828125 -0.140838623046875
-0.227996826171875 -0.0885772705078125 -0.087310791015625 -0.0284194946289063
-0.248016357421875 -0.09771728515625 -0.0238151550292969 0.0123805999755859
-0.261581420898438 -0.0539398193359375 0.00970077514648436 0.0542640686035156
-0.204544067382813 -0.121688842773438 0.0110702514648437 0.113517761230469
-0.128646850585938 -0.233352661132812 -0.0384979248046875 0.132316589355469
0.03253173828125 -0.297271728515625 -0.158340454101563 0.113983154296875
0.322113037109375 -0.191925048828125 -0.199142456054687 0.00595092773437501
0.383148193359375 0.010528564453125 -0.161575317382812 -0.094390869140625
0.3948974609375 0.235198974609375 -0.0339336395263672 -0.0205631256103516
0.2481689453125 0.33673095703125 0.191970825195313 0.0291748046875
0.3074951171875 0.258209228515625 0.205047607421875 0.161834716796875
0.429229736328125 0.00665283203125 0.273391723632813 0.0838165283203125
0.2659912109375 -0.202774047851563 0.250198364257813 -0.059661865234375
0.062530517578125 -0.295166015625 0.138084411621094 -0.123184204101563
-0.139724731445313 -0.211898803710937 0.017913818359375 -0.077423095703125
-0.223602294921875 -0.09124755859375 0.0094785690307617 -0.00588607788085938
-0.2462158203125 -0.0954437255859376 0.0648612976074218 0.0211944580078125
-0.2645263671875 -0.0499572753906251 0.0998001098632812 0.061492919921875
-0.209335327148437 -0.1136474609375 0.0904998779296875 0.1376953125
-0.136917114257813 -0.226547241210938 0.0180816650390625 0.160293579101563
0.02789306640625 -0.284423828125 -0.114059448242188 0.145126342773437
0.31146240234375 -0.17169189453125 -0.167999267578125 0.0355987548828125
0.3525390625 0.040771484375 -0.0936126708984375 -0.0794143676757813
0.33160400390625 0.2518310546875 0.0631675720214844 0.05816650390625
0.1322021484375 0.28662109375 0.266372680664063 0.142715454101563
0.207733154296875 0.248504638671875 0.253189086914063 0.21783447265625
0.34112548828125 0.0555419921875 0.252609252929688 0.130477905273438
0.231597900390625 -0.137405395507813 0.237625122070313 0.013092041015625
0.0659027099609375 -0.235275268554688 0.154327392578125 -0.0451202392578125
-0.113922119140625 -0.179656982421875 0.0831756591796875 -0.0177078247070313
-0.185028076171875 -0.07672119140625 0.0976715087890625 0.0116500854492187
-0.208999633789063 -0.0783843994140625 0.143722534179688 0.0253753662109375
-0.230178833007813 -0.0418853759765625 0.181045532226562 0.0646514892578125
-0.184188842773437 -0.0968475341796875 0.160751342773437 0.156600952148437
-0.118927001953125 -0.197586059570313 0.06158447265625 0.184600830078125
0.0328216552734375 -0.241989135742188 -0.0775604248046875 0.167953491210937
0.278274536132813 -0.122024536132813 -0.143157958984375 0.05560302734375
0.287872314453125 0.079803466796875 -0.0349617004394531 -0.0628700256347656
0.222869873046875 0.245223999023438 0.1378173828125 0.136955261230469
-0.00439453124999999 0.185409545898438 0.304229736328125 0.21868896484375
0.0772247314453125 0.183547973632813 0.28033447265625 0.246170043945313
0.193862915039063 0.0730743408203125 0.228546142578125 0.153488159179688
0.1458740234375 -0.060791015625 0.22210693359375 0.0574188232421875
0.048004150390625 -0.138153076171875 0.159469604492188 0.00685119628906249
-0.0729446411132813 -0.114990234375 0.128692626953125 0.0206069946289062
-0.120071411132813 -0.046783447265625 0.163375854492188 0.0184478759765625
-0.140571594238281 -0.0494461059570313 0.200408935546875 0.0246124267578125
-0.162368774414062 -0.0300140380859375 0.243423461914062 0.06671142578125
-0.132858276367188 -0.071502685546875 0.20977783203125 0.172821044921875
-0.0836029052734375 -0.149093627929688 0.08905029296875 0.210052490234375
0.0377044677734375 -0.173233032226563 -0.0562896728515625 0.189254760742188
0.217727661132812 -0.0596160888671875 -0.132598876953125 0.07086181640625
0.191665649414063 0.1099853515625 0.00560379028320314 -0.0390625
0.0847930908203125 0.20654296875 0.176315307617188 0.210006713867187
0.0532989501953125 -0.106613159179688 -0.242233276367188 -0.220535278320313
-0.0778121948242188 -0.0802078247070312 -0.0507926940917969 0.0191116333007813
-0.0996017456054688 0.0188751220703125 0.145980834960938 -0.075958251953125
-0.0264816284179688 0.0851516723632812 0.077880859375 -0.241912841796875
0.041534423828125 0.0746917724609375 -0.085174560546875 -0.261505126953125
0.071502685546875 0.01910400390625 -0.24603271484375 -0.192886352539062
0.0475845336914063 0.00054168701171875 -0.29736328125 -0.048492431640625
0.04058837890625 0.0112686157226563 -0.24835205078125 -0.00636291503906251
0.0392723083496094 0.0152091979980469 -0.204864501953125 0.006561279296875
0.0159931182861328 0.0206203460693359 -0.1812744140625 -0.0200653076171875
-0.0215530395507813 0.0184955596923828 -0.183929443359375 -0.00865173339843747
-0.0595207214355469 -0.0181503295898438 -0.226943969726562 -0.048095703125
-0.0101318359375 -0.0847320556640625 -0.242767333984375 -0.1690673828125
0.0706939697265625 -0.112556457519531 -0.31231689453125 -0.2161865234375
0.127143859863281 -0.0953369140625 -0.341156005859375 -0.245330810546875
0.195831298828125 -0.0102996826171875 -0.21087646484375 -0.250579833984375
0.0647048950195313 -0.0551834106445313 -0.0425186157226562 0.00778579711914062
0.0213279724121094 -0.0531196594238281 0.17071533203125 -0.079620361328125
0.00787734985351563 -0.0194435119628906 0.1058349609375 -0.255203247070313
0.00606346130371094 -0.0241928100585938 -0.064422607421875 -0.285369873046875
-0.00761795043945312 -0.0284919738769531 -0.241790771484375 -0.204574584960938
-0.0477256774902344 -0.0131072998046875 -0.293731689453125 -0.0477294921875001
-0.0597000122070313 -0.0202980041503906 -0.23748779296875 -0.00216674804687499
-0.0597305297851563 -0.0133476257324219 -0.197509765625 0.0191192626953125
-0.04779052734375 -0.0454025268554688 -0.172378540039063 0.00567626953125003
-0.030029296875 -0.0833663940429688 -0.174560546875 0.0157928466796875
0.007720947265625 -0.118621826171875 -0.234817504882813 -0.0184783935546875
0.136665344238281 -0.101844787597656 -0.248184204101563 -0.132232666015625
0.205245971679688 -0.0523529052734375 -0.30914306640625 -0.182708740234375
0.263214111328125 0.0229339599609375 -0.31005859375 -0.22076416015625
0.30731201171875 0.10626220703125 -0.13836669921875 -0.243499755859375
0.20849609375 0.005462646484375 -0.00201702117919921 0.0131626129150391
0.171600341796875 -0.107177734375 0.21002197265625 -0.071136474609375
0.06884765625 -0.129173278808594 0.15008544921875 -0.2529296875
-0.0131072998046875 -0.136886596679688 -0.023651123046875 -0.29541015625
-0.0822982788085938 -0.0879058837890625 -0.208541870117187 -0.204544067382813
-0.136940002441406 -0.0336151123046875 -0.254409790039063 -0.04388427734375
-0.153457641601563 -0.0480804443359375 -0.1904296875 0.00276184082031253
-0.1536865234375 -0.03106689453125 -0.152938842773438 0.035186767578125
-0.117324829101563 -0.090057373046875 -0.132286071777344 0.047027587890625
-0.0648345947265625 -0.16412353515625 -0.144378662109375 0.0604095458984375
0.0329437255859375 -0.214035034179687 -0.230178833007813 0.0341949462890625
0.242355346679688 -0.14935302734375 -0.249374389648437 -0.0794219970703125
0.312225341796875 -0.029541015625 -0.28509521484375 -0.140411376953125
0.368316650390625 0.1126708984375 -0.242965698242187 -0.164779663085938
0.3638916015625 0.222381591796875 -0.0324554443359375 -0.190750122070313
0.3214111328125 0.09478759765625 0.0661087036132813 0.04217529296875
0.324737548828125 -0.122100830078125 0.251556396484375 -0.040557861328125
0.1513671875 -0.217697143554688 0.199020385742187 -0.223068237304687
-0.00801086425781249 -0.242523193359375 0.0336456298828125 -0.274444580078125
-0.137130737304688 -0.149703979492188 -0.146026611328125 -0.184219360351562
-0.204544067382813 -0.0568389892578125 -0.182540893554688 -0.0358428955078125
-0.225082397460938 -0.068359375 -0.114799499511719 0.00838470458984374
-0.228851318359375 -0.0357666015625 -0.078369140625 0.0482940673828125
-0.178604125976563 -0.108566284179688 -0.0636444091796875 0.0856170654296875
-0.112152099609375 -0.212860107421875 -0.0938873291015625 0.104896545410156
0.0263214111328125 -0.2808837890625 -0.20135498046875 0.088836669921875
0.298980712890625 -0.19964599609375 -0.234481811523437 -0.0247039794921875
0.37567138671875 -0.026336669921875 -0.237350463867187 -0.105819702148437
0.425384521484375 0.172454833984375 -0.147369384765625 -0.094085693359375
0.353118896484375 0.30462646484375 0.0870361328125 -0.094512939453125
0.36810302734375 0.18548583984375 0.145782470703125 0.0942840576171875
0.427032470703125 -0.088043212890625 0.279678344726563 0.0108642578125
0.22607421875 -0.251632690429688 0.237884521484375 -0.158584594726563
0.01702880859375 -0.3062744140625 0.0914459228515625 -0.215744018554688
-0.162567138671875 -0.1953125 -0.0657577514648438 -0.140205383300781
-0.237350463867188 -0.073974609375 -0.0886993408203125 -0.0222625732421875
-0.262435913085938 -0.079193115234375 -0.0239048004150391 0.0141048431396484
-0.270538330078125 -0.034210205078125 0.0123634338378906 0.0543441772460938
-0.216583251953125 -0.109878540039063 0.019805908203125 0.114356994628906
-0.146987915039062 -0.228927612304688 -0.0316314697265625 0.138999938964844
0.010986328125 -0.305633544921875 -0.155975341796875 0.130767822265625
0.314910888671875 -0.22100830078125 -0.203842163085937 0.017791748046875
0.390533447265625 -0.01580810546875 -0.171371459960937 -0.0864410400390625
0.41961669921875 0.21240234375 -0.037353515625 -0.0191459655761719
0.2772216796875 0.327392578125 0.196929931640625 0.0223541259765625
0.331298828125 0.241729736328125 0.218215942382813 0.156280517578125
0.436492919921875 -0.0250244140625 0.281890869140625 0.070953369140625
0.257431030273438 -0.223892211914062 0.250534057617187 -0.0762481689453125
0.042633056640625 -0.305450439453125 0.133872985839844 -0.135093688964844
-0.157791137695313 -0.205490112304688 0.016510009765625 -0.0805435180664063
-0.232803344726563 -0.07696533203125 0.011514663696289 -0.00624561309814454
-0.26031494140625 -0.07757568359375 0.067413330078125 0.0157585144042969
-0.273300170898438 -0.02960205078125 0.105751037597656 0.0542068481445313
-0.219818115234375 -0.100234985351562 0.103401184082031 0.132423400878906
-0.1541748046875 -0.219635009765625 0.027435302734375 0.163330078125
0.00772094726562501 -0.291259765625 -0.107833862304687 0.158889770507812
0.30419921875 -0.199127197265625 -0.170028686523437 0.0457763671875
0.3623046875 0.01605224609375 -0.102584838867187 -0.07586669921875
0.355743408203125 0.2318115234375 0.0665779113769532 0.0546112060546875
0.15545654296875 0.284820556640625 0.278564453125 0.131301879882813
0.228744506835938 0.23760986328125 0.271133422851563 0.209304809570313
0.351287841796875 0.02996826171875 0.264373779296875 0.118927001953125
0.225982666015625 -0.15557861328125 0.242385864257812 -0.00207519531250001
0.04974365234375 -0.243698120117188 0.156448364257813 -0.0559234619140625
-0.128875732421875 -0.17462158203125 0.0864105224609375 -0.023590087890625
-0.192825317382813 -0.064208984375 0.102706909179687 0.00418853759765625
-0.21954345703125 -0.0626983642578125 0.14764404296875 0.013458251953125
-0.2376708984375 -0.0244140625 0.18792724609375 0.050140380859375
-0.193008422851562 -0.0852508544921875 0.17578125 0.14654541015625
-0.134536743164063 -0.1917724609375 0.0741729736328125 0.185470581054687
0.016510009765625 -0.24755859375 -0.069061279296875 0.179443359375
0.273666381835938 -0.146530151367188 -0.143661499023437 0.0640411376953125
0.298065185546875 0.060211181640625 -0.0423088073730469 -0.0629234313964844
0.244125366210938 0.232711791992188 0.147628784179688 0.128646850585938
0.00903320312500001 0.189987182617187 0.322723388671875 0.2071533203125
0.0905303955078125 0.180252075195313 0.301422119140625 0.23370361328125
0.202178955078125 0.0585174560546875 0.241348266601563 0.143569946289063
0.1441650390625 -0.072174072265625 0.229629516601563 0.0445556640625
0.03790283203125 -0.14404296875 0.164306640625 -0.00326538085937501
-0.0830078125 -0.111190795898438 0.137069702148438 0.011688232421875
-0.123252868652344 -0.0386886596679688 0.169143676757813 0.0055084228515625
-0.146499633789063 -0.0380096435546875 0.205245971679688 0.0083465576171875
-0.168182373046875 -0.0169219970703125 0.25177001953125 0.04736328125
-0.138885498046875 -0.06298828125 0.226608276367188 0.160018920898438
-0.0945587158203125 -0.144210815429687 0.104522705078125 0.209930419921875
0.0261383056640625 -0.178176879882813 -0.0457611083984375 0.197265625
0.21630859375 -0.077728271484375 -0.131584167480469 0.0796737670898437
0.202407836914062 0.097381591796875 -0.000446319580078115 -0.0419845581054687
0.0994415283203125 0.203414916992188 0.190719604492188 0.2005615234375
0.0495834350585938 -0.109580993652344 -0.252685546875 -0.208648681640625
-0.082366943359375 -0.0756988525390625 -0.0489120483398438 0.0237274169921875
-0.0989837646484375 0.0245132446289062 0.144927978515625 -0.0821685791015625
-0.0207061767578125 0.0850067138671875 0.067291259765625 -0.2470703125
0.0453720092773438 0.0711288452148437 -0.098480224609375 -0.26055908203125
0.0711746215820313 0.01434326171875 -0.259231567382813 -0.182052612304688
0.0465316772460938 -0.00125885009765625 -0.30322265625 -0.030914306640625
0.0401649475097656 0.0086212158203125 -0.25146484375 0.0106353759765625
0.0392189025878906 0.0121841430664063 -0.205825805664063 0.0189056396484375
0.0152397155761719 0.0179634094238281 -0.187042236328125 -0.010650634765625
-0.0202693939208984 0.0185699462890625 -0.187469482421875 -0.000320434570312539
-0.0598411560058594 -0.0153617858886719 -0.230117797851563 -0.0378875732421875
-0.01251220703125 -0.0846328735351563 -0.251510620117188 -0.160354614257813
0.0645217895507813 -0.116676330566406 -0.3236083984375 -0.203765869140625
0.121788024902344 -0.100677490234375 -0.353851318359375 -0.2325439453125
0.197723388671875 -0.0192413330078125 -0.222488403320313 -0.238861083984375
0.0625534057617188 -0.0580101013183594 -0.040435791015625 0.013671875
0.0197639465332031 -0.0550575256347656 0.170059204101563 -0.0867919921875
0.00865554809570313 -0.0208873748779297 0.0947418212890625 -0.262542724609375
0.00418281555175781 -0.0250530242919922 -0.07916259765625 -0.287139892578125
-0.0106525421142578 -0.0289096832275391 -0.25531005859375 -0.193756103515625
-0.0497360229492188 -0.0109825134277344 -0.298828125 -0.030517578125
-0.0634498596191406 -0.0167045593261719 -0.23944091796875 0.014007568359375
-0.0619125366210937 -0.0111503601074219 -0.198028564453125 0.03173828125
-0.0521316528320313 -0.0453453063964844 -0.17498779296875 0.0155181884765625
-0.034881591796875 -0.0845260620117188 -0.177001953125 0.025054931640625
0.00301361083984376 -0.120628356933594 -0.237960815429688 -0.00575256347656247
0.133674621582031 -0.110626220703125 -0.255828857421875 -0.123336791992187
0.20355224609375 -0.0619964599609375 -0.318115234375 -0.169586181640625
0.265090942382813 0.010589599609375 -0.320526123046875 -0.20867919921875
0.3154296875 0.092620849609375 -0.148956298828125 -0.234176635742188
0.210968017578125 -0.0044708251953125 0.000320434570312512 0.0177974700927734
0.16790771484375 -0.1177978515625 0.207687377929687 -0.0782318115234375
0.0643768310546875 -0.134780883789062 0.138748168945312 -0.262298583984375
-0.0214385986328125 -0.138381958007812 -0.03790283203125 -0.29815673828125
-0.08782958984375 -0.0848388671875 -0.220123291015625 -0.1964111328125
-0.140251159667969 -0.0268630981445312 -0.257781982421875 -0.029693603515625
-0.159408569335938 -0.0385894775390625 -0.192062377929688 0.0155181884765625
-0.157852172851563 -0.0223236083984375 -0.152450561523438 0.0449981689453125
-0.1234130859375 -0.085662841796875 -0.131820678710938 0.05426025390625
-0.074432373046875 -0.16387939453125 -0.144546508789062 0.069610595703125
0.0232086181640625 -0.21795654296875 -0.230606079101563 0.0476531982421875
0.238006591796875 -0.164947509765625 -0.255020141601563 -0.06951904296875
0.3133544921875 -0.04473876953125 -0.29296875 -0.12744140625
0.376678466796875 0.09521484375 -0.251815795898438 -0.154953002929688
0.37945556640625 0.2061767578125 -0.041259765625 -0.186248779296875
0.329833984375 0.079193115234375 0.0695228576660156 0.0447311401367188
0.3203125 -0.141387939453125 0.250534057617188 -0.04949951171875
0.142547607421875 -0.227798461914063 0.19012451171875 -0.23333740234375
-0.021270751953125 -0.244796752929688 0.0211181640625 -0.27960205078125
-0.146026611328125 -0.144546508789062 -0.156173706054687 -0.179122924804688
-0.209091186523438 -0.0457000732421875 -0.184738159179688 -0.0259857177734375
-0.232742309570312 -0.0551300048828125 -0.115371704101563 0.0159912109375
-0.232818603515625 -0.0228118896484375 -0.0780181884765625 0.0537033081054687
-0.185394287109375 -0.1007080078125 -0.0595245361328125 0.0900115966796875
-0.124465942382812 -0.209609985351563 -0.0915145874023438 0.111335754394531
0.0113525390625 -0.285003662109375 -0.199005126953125 0.10321044921875
0.290557861328125 -0.21923828125 -0.23846435546875 -0.0147705078125
0.377410888671875 -0.04595947265625 -0.244125366210937 -0.0959320068359375
0.437896728515625 0.152618408203125 -0.152740478515625 -0.088226318359375
0.3720703125 0.28948974609375 0.083587646484375 -0.0950698852539062
0.381103515625 0.16888427734375 0.151535034179688 0.093017578125
0.424652099609375 -0.113433837890625 0.280105590820313 0.00180053710937499
0.215850830078125 -0.265396118164063 0.230911254882813 -0.169708251953125
3.0517578125025E-05 -0.31005859375 0.08331298828125 -0.223297119140625
-0.17413330078125 -0.188339233398437 -0.0715560913085938 -0.138229370117187
-0.243011474609375 -0.062469482421875 -0.0883712768554688 -0.0176544189453125
-0.271087646484375 -0.0629730224609375 -0.02423095703125 0.0153293609619141
-0.274917602539063 -0.017669677734375 0.0146713256835937 0.0542449951171875
-0.222457885742187 -0.09930419921875 0.0262069702148437 0.113700866699219
-0.160049438476563 -0.223037719726562 -0.026397705078125 0.143218994140625
-0.00518798828124998 -0.308685302734375 -0.151596069335938 0.143646240234375
0.305267333984375 -0.241607666015625 -0.2066650390625 0.0263671875
0.39288330078125 -0.035797119140625 -0.179214477539062 -0.079986572265625
0.43377685546875 0.19036865234375 -0.039031982421875 -0.0186576843261719
0.29742431640625 0.316497802734375 0.20050048828125 0.0182037353515625
0.345947265625 0.22576904296875 0.227493286132813 0.150924682617188
0.43798828125 -0.05072021484375 0.28515625 0.060516357421875
0.248565673828125 -0.239288330078125 0.247726440429688 -0.0883026123046875
0.02569580078125 -0.310394287109375 0.130035400390625 -0.143646240234375
-0.169052124023438 -0.198806762695312 0.015625 -0.083099365234375
-0.237014770507813 -0.065765380859375 0.0140953063964844 -0.00847053527832031
-0.268264770507813 -0.061187744140625 0.0680007934570312 0.011199951171875
-0.276092529296875 -0.013214111328125 0.107795715332031 0.0478134155273438
-0.225723266601563 -0.0888824462890625 0.111465454101562 0.126274108886719
-0.166610717773438 -0.212509155273437 0.0353240966796875 0.164413452148438
-0.00726318359374997 -0.293365478515625 -0.1016845703125 0.16876220703125
0.295379638671875 -0.218475341796875 -0.170501708984375 0.05364990234375
0.366241455078125 -0.002655029296875 -0.110015869140625 -0.0729293823242188
0.369781494140625 0.21466064453125 0.0687637329101563 0.050628662109375
0.172256469726562 0.2791748046875 0.28741455078125 0.12371826171875
0.242218017578125 0.227279663085938 0.282562255859375 0.201080322265625
0.353485107421875 0.00897216796875 0.270401000976563 0.11016845703125
0.219818115234375 -0.16851806640625 0.242721557617188 -0.01202392578125
0.0362548828125 -0.248809814453125 0.156234741210938 -0.0643157958984375
-0.138412475585937 -0.16790771484375 0.0904006958007812 -0.0291824340820313
-0.1949462890625 -0.05438232421875 0.106719970703125 -0.0027008056640625
-0.225189208984375 -0.04913330078125 0.147994995117187 0.003753662109375
-0.239547729492188 -0.00891113281250005 0.191207885742187 0.03955078125
-0.196807861328125 -0.0749969482421875 0.184722900390625 0.135482788085938
-0.143905639648437 -0.18505859375 0.0832672119140625 0.18487548828125
0.00325012207031251 -0.24822998046875 -0.0613250732421875 0.18682861328125
0.266448974609375 -0.163177490234375 -0.1434326171875 0.0703277587890625
0.303985595703125 0.04443359375 -0.0489234924316406 -0.0634117126464844
0.257080078125 0.22076416015625 0.152664184570313 0.121978759765625
0.0204620361328125 0.19085693359375 0.335845947265625 0.195892333984375
0.100006103515625 0.176101684570313 0.313262939453125 0.22265625
0.2052001953125 0.0460662841796875 0.250045776367188 0.135971069335938
0.141357421875 -0.080291748046875 0.232421875 0.0348052978515625
0.0299072265625 -0.14642333984375 0.167190551757812 -0.0114593505859375
-0.0895767211914063 -0.107109069824219 0.14190673828125 0.00340270996093749
-0.124778747558594 -0.0322341918945313 0.173477172851563 -0.0053253173828125
-0.150314331054688 -0.028900146484375 0.2060546875 -0.00506591796875
-0.168701171875 -0.00596618652343751 0.255661010742188 0.03173828125
-0.141830444335938 -0.0555877685546875 0.237960815429687 0.145721435546875
-0.1021728515625 -0.139411926269531 0.11468505859375 0.208053588867187
0.0174560546875 -0.179061889648438 -0.037567138671875 0.203369140625
0.211334228515625 -0.0901641845703125 -0.130050659179688 0.0850143432617188
0.208038330078125 0.0856475830078125 -0.00626373291015624 -0.0444793701171875
0.110458374023437 0.199417114257812 0.199554443359375 0.191802978515625
0.0472183227539063 -0.112709045410156 -0.26171875 -0.202285766601563
-0.0860671997070313 -0.0723648071289063 -0.047149658203125 0.0286979675292969
-0.0993270874023437 0.028900146484375 0.14678955078125 -0.086669921875
-0.0172195434570312 0.0853118896484375 0.0610198974609375 -0.253143310546875
0.0487251281738281 0.0695075988769531 -0.108963012695313 -0.264266967773438
0.0709228515625 0.011688232421875 -0.270889282226562 -0.17718505859375
0.0449981689453125 -0.00314712524414063 -0.3096923828125 -0.01776123046875
0.0402984619140625 0.0081634521484375 -0.253860473632812 0.0230102539062499
0.038848876953125 0.0102081298828125 -0.208389282226563 0.0280303955078125
0.0146713256835938 0.0157051086425781 -0.193161010742188 -0.0034637451171875
-0.0206127166748047 0.0178394317626953 -0.192398071289062 0.00665283203125003
-0.0597801208496094 -0.012664794921875 -0.23468017578125 -0.0321502685546875
-0.0142593383789063 -0.0861740112304688 -0.258880615234375 -0.157333374023438
0.060394287109375 -0.120132446289063 -0.33203125 -0.19659423828125
0.119537353515625 -0.10443115234375 -0.36346435546875 -0.2274169921875
0.200973510742188 -0.0258331298828125 -0.231231689453125 -0.232513427734375
0.0619735717773438 -0.0603065490722656 -0.0389175415039062 0.0186080932617187
0.0185127258300781 -0.0571365356445313 0.170684814453125 -0.0909271240234375
0.00887298583984375 -0.0233230590820313 0.0880584716796875 -0.26898193359375
0.0030670166015625 -0.0269069671630859 -0.089508056640625 -0.291168212890625
-0.0122184753417969 -0.0292434692382813 -0.267410278320313 -0.18914794921875
-0.0525779724121094 -0.0092620849609375 -0.30517578125 -0.018157958984375
-0.0668563842773438 -0.0130844116210937 -0.242645263671875 0.02593994140625
-0.0647010803222656 -0.00946044921874999 -0.200241088867188 0.0414886474609375
-0.0556106567382813 -0.0460929870605469 -0.18011474609375 0.0224761962890625
-0.038787841796875 -0.0866622924804688 -0.180465698242188 0.0321044921875
0.000213623046875007 -0.122856140136719 -0.241790771484375 0.00195312499999998
0.133689880371094 -0.117431640625 -0.262664794921875 -0.119277954101563
0.204071044921875 -0.0693511962890625 -0.32659912109375 -0.162261962890625
0.269058227539063 0.0035858154296875 -0.33038330078125 -0.203857421875
0.324737548828125 0.0836181640625 -0.1572265625 -0.229583740234375
0.214752197265625 -0.011260986328125 0.00328445434570314 0.0226821899414063
0.167312622070313 -0.127349853515625 0.210159301757813 -0.0837554931640625
0.0615692138671875 -0.140113830566406 0.132904052734375 -0.269912719726563
-0.0273666381835937 -0.140037536621094 -0.047882080078125 -0.304656982421875
-0.092193603515625 -0.0837783813476563 -0.230880737304688 -0.192291259765625
-0.144088745117188 -0.0220489501953125 -0.262359619140625 -0.0192718505859375
-0.165451049804688 -0.031494140625 -0.194595336914063 0.025787353515625
-0.1624755859375 -0.016571044921875 -0.15399169921875 0.0541839599609375
-0.12933349609375 -0.0842056274414063 -0.133033752441406 0.0600128173828125
-0.0822906494140625 -0.165756225585938 -0.14691162109375 0.0760955810546875
0.0157928466796875 -0.222702026367187 -0.233169555664063 0.0588226318359375
0.236785888671875 -0.177459716796875 -0.26190185546875 -0.0642547607421875
0.3167724609375 -0.0552978515625 -0.301361083984375 -0.12030029296875
0.38568115234375 0.085540771484375 -0.260635375976563 -0.150253295898438
0.3936767578125 0.19708251953125 -0.0456390380859375 -0.182342529296875
0.338623046875 0.06884765625 0.0738449096679688 0.0480804443359375
0.3201904296875 -0.15802001953125 0.252532958984375 -0.0543212890625
0.13800048828125 -0.237152099609375 0.185440063476563 -0.241958618164063
-0.03216552734375 -0.24822998046875 0.01275634765625 -0.287445068359375
-0.153289794921875 -0.141937255859375 -0.163909912109375 -0.177597045898438
-0.214157104492188 -0.0392303466796875 -0.18597412109375 -0.019378662109375
-0.240646362304688 -0.0450897216796875 -0.117340087890625 0.0219650268554688
-0.23785400390625 -0.0135650634765625 -0.076629638671875 0.0599899291992188
-0.192184448242188 -0.0965118408203125 -0.0580978393554688 0.09307861328125
-0.134475708007813 -0.209548950195312 -0.090240478515625 0.117080688476562
0.00143432617187501 -0.2908935546875 -0.19927978515625 0.1148681640625
0.287811279296875 -0.2352294921875 -0.244033813476563 -0.00845336914062503
0.3819580078125 -0.058868408203125 -0.252090454101562 -0.0902099609375
0.449462890625 0.139617919921875 -0.158447265625 -0.084808349609375
0.389129638671875 0.28240966796875 0.0835037231445313 -0.0940933227539062
0.393798828125 0.157745361328125 0.15826416015625 0.0941009521484375
0.4276123046875 -0.13262939453125 0.284027099609375 -0.00308227539062501
0.211822509765625 -0.27777099609375 0.2283935546875 -0.1785888671875
-0.01239013671875 -0.315155029296875 0.0783843994140625 -0.232162475585938
-0.182159423828125 -0.185516357421875 -0.0756683349609375 -0.139808654785156
-0.248260498046875 -0.054351806640625 -0.0876693725585938 -0.0152587890625
-0.2791748046875 -0.051483154296875 -0.0244293212890625 0.0166549682617187
-0.27947998046875 -0.00660705566406249 0.0159492492675781 0.0557746887207031
-0.228073120117187 -0.0928192138671875 0.0312118530273437 0.113288879394531
-0.171051025390625 -0.221435546875 -0.023468017578125 0.147842407226563
-0.01568603515625 -0.313568115234375 -0.148681640625 0.155105590820313
0.300201416015625 -0.2584228515625 -0.210357666015625 0.0326385498046875
0.398773193359375 -0.05035400390625 -0.186309814453125 -0.0756988525390625
0.44708251953125 0.1785888671875 -0.0410385131835937 -0.0176315307617187
0.315032958984375 0.311767578125 0.204238891601563 0.0166473388671875
0.359832763671875 0.21673583984375 0.236114501953125 0.150421142578125
0.441802978515625 -0.068817138671875 0.28985595703125 0.05621337890625
0.244613647460938 -0.251571655273438 0.24798583984375 -0.095245361328125
0.01318359375 -0.316497802734375 0.12884521484375 -0.150070190429688
-0.177947998046875 -0.195648193359375 0.0159454345703125 -0.0860061645507813
-0.242446899414063 -0.05804443359375 0.017251968383789 -0.0104503631591797
-0.275711059570313 -0.0497283935546875 0.0688972473144531 0.00830078125
-0.280715942382813 -0.000823974609374964 0.1109619140625 0.0452880859375
-0.23150634765625 -0.0828857421875 0.117950439453125 0.123023986816406
-0.176239013671875 -0.209274291992188 0.0401458740234375 0.167861938476563
-0.01806640625 -0.297576904296875 -0.0973052978515625 0.17852783203125
0.290924072265625 -0.235015869140625 -0.173538208007812 0.0579376220703125
0.371124267578125 -0.016387939453125 -0.116828918457031 -0.0714950561523437
0.383880615234375 0.204559326171875 0.06964111328125 0.0490341186523438
0.1864013671875 0.277374267578125 0.29632568359375 0.120880126953125
0.254180908203125 0.220748901367188 0.29241943359375 0.19842529296875
0.357635498046875 -0.00531005859375 0.27587890625 0.106582641601563
0.217041015625 -0.17822265625 0.245498657226563 -0.017608642578125
0.0264129638671875 -0.253372192382813 0.158462524414063 -0.07049560546875
-0.146820068359375 -0.165481567382813 0.094024658203125 -0.0339889526367188
-0.198760986328125 -0.0483856201171875 0.111160278320312 -0.00811767578125
-0.230361938476562 -0.03948974609375 0.150177001953125 -0.00286865234375
-0.241943359375 0.00131225585937502 0.194976806640625 0.0318756103515625
-0.20135498046875 -0.06939697265625 0.19317626953125 0.129623413085938
-0.152236938476563 -0.181427001953125 0.090179443359375 0.186294555664063
-0.00468444824218748 -0.251358032226563 -0.0566558837890625 0.194076538085937
0.262603759765625 -0.175918579101563 -0.144241333007813 0.0747833251953125
0.30877685546875 0.033721923828125 -0.0550956726074219 -0.063934326171875
0.268386840820313 0.214859008789062 0.156661987304688 0.118637084960938
0.028533935546875 0.193252563476563 0.34588623046875 0.19171142578125
0.106903076171875 0.174285888671875 0.3236083984375 0.217987060546875
0.207565307617188 0.03692626953125 0.2572021484375 0.132736206054688
0.139610290527344 -0.0853805541992188 0.237075805664062 0.030181884765625
0.0239410400390625 -0.1490478515625 0.171417236328125 -0.0162811279296875
-0.095184326171875 -0.104278564453125 0.147811889648438 -0.00230407714843751
-0.126045227050781 -0.0276565551757813 0.17779541015625 -0.0141448974609375
-0.1519775390625 -0.022125244140625 0.208206176757813 -0.013946533203125
-0.169754028320313 0.00189208984374997 0.260009765625 0.0210418701171875
-0.144851684570313 -0.0508575439453125 0.246475219726562 0.13787841796875
-0.107856750488281 -0.137046813964844 0.122955322265625 0.208709716796875
0.0113525390625 -0.180862426757813 -0.0320892333984375 0.2091064453125
0.209869384765625 -0.100723266601563 -0.131088256835937 0.0888214111328125
0.213653564453125 0.0783538818359375 -0.0114517211914062 -0.0457801818847656
0.118453979492188 0.198226928710938 0.206832885742187 0.188705444335938
0.046142578125 -0.11724853515625 -0.274978637695313 -0.20086669921875
-0.0903549194335938 -0.07086181640625 -0.0459022521972656 0.0327224731445312
-0.100677490234375 0.0334014892578125 0.1514892578125 -0.0928497314453125
-0.0145416259765625 0.0865631103515625 0.0573272705078125 -0.263504028320313
0.052734375 0.0698814392089844 -0.120651245117188 -0.272140502929688
0.0726165771484375 0.0095977783203125 -0.288177490234375 -0.17498779296875
0.0447731018066406 -0.00433731079101563 -0.32073974609375 -0.00503540039062503
0.0408439636230469 0.00728225708007813 -0.26104736328125 0.0361175537109375
0.0379638671875 0.00820159912109375 -0.215576171875 0.036895751953125
0.013371467590332 0.0146379470825195 -0.202926635742188 0.00375366210937502
-0.0211391448974609 0.0182819366455078 -0.201339721679688 0.013580322265625
-0.0604705810546875 -0.0112953186035156 -0.24444580078125 -0.026885986328125
-0.0161361694335938 -0.0886688232421875 -0.270370483398438 -0.157485961914062
0.0576629638671875 -0.125068664550781 -0.345733642578125 -0.193939208984375
0.120307922363281 -0.109443664550781 -0.379974365234375 -0.227203369140625
0.208053588867188 -0.0322418212890625 -0.244338989257812 -0.232223510742188
0.0626983642578125 -0.06353759765625 -0.0368461608886719 0.0234603881835937
0.0176544189453125 -0.0606002807617188 0.17620849609375 -0.098388671875
0.00897216796875 -0.0262870788574219 0.0850677490234375 -0.280426025390625
0.00226783752441406 -0.0280418395996094 -0.1024169921875 -0.300933837890625
-0.0147571563720703 -0.0304203033447266 -0.284332275390625 -0.188385009765625
-0.056304931640625 -0.00801849365234374 -0.315765380859375 -0.00653076171875004
-0.07110595703125 -0.0108489990234375 -0.249237060546875 0.0380859375
-0.0692558288574219 -0.00810623168945313 -0.205413818359375 0.05096435546875
-0.060699462890625 -0.0475654602050781 -0.188507080078125 0.030242919921875
-0.0439224243164063 -0.0899734497070312 -0.189224243164062 0.0390777587890625
-0.00269317626953126 -0.12744140625 -0.250473022460938 0.0101470947265625
0.13592529296875 -0.127174377441406 -0.274826049804688 -0.118240356445313
0.208358764648438 -0.0761871337890625 -0.340789794921875 -0.158447265625
0.27850341796875 -0.0020294189453125 -0.34637451171875 -0.204254150390625
0.33843994140625 0.077301025390625 -0.165939331054687 -0.229385375976563
0.222412109375 -0.0181732177734375 0.00706481933593751 0.0274314880371094
0.169097900390625 -0.138626098632813 0.2156982421875 -0.09027099609375
0.0609588623046875 -0.148239135742188 0.13018798828125 -0.282012939453125
-0.0336151123046875 -0.143951416015625 -0.05902099609375 -0.31640625
-0.09869384765625 -0.0844802856445313 -0.245956420898438 -0.192779541015625
-0.150299072265625 -0.01776123046875 -0.271011352539063 -0.00981140136718755
-0.174163818359375 -0.0251007080078125 -0.199981689453125 0.035552978515625
-0.170150756835938 -0.0112457275390625 -0.157028198242188 0.0628204345703125
-0.137237548828125 -0.0843276977539063 -0.13751220703125 0.0672988891601562
-0.0912628173828125 -0.171295166015625 -0.151702880859375 0.083831787109375
0.0109405517578125 -0.232101440429688 -0.239425659179687 0.0693511962890624
0.239654541015625 -0.193069458007813 -0.273651123046875 -0.0614471435546875
0.325714111328125 -0.065643310546875 -0.314483642578125 -0.1165771484375
0.401153564453125 0.078033447265625 -0.272232055664062 -0.150115966796875
0.413543701171875 0.192108154296875 -0.0499725341796875 -0.183563232421875
0.353515625 0.060760498046875 0.0808029174804688 0.0518951416015625
0.3255615234375 -0.175323486328125 0.2598876953125 -0.059783935546875
0.13671875 -0.250244140625 0.185516357421875 -0.253280639648438
-0.041534423828125 -0.25579833984375 0.00503540039062501 -0.3006591796875
-0.163055419921875 -0.142349243164063 -0.1744384765625 -0.179779052734375
-0.222625732421875 -0.0335540771484375 -0.19219970703125 -0.013885498046875
-0.252456665039063 -0.034912109375 -0.120841979980469 0.0285263061523437
-0.24737548828125 -0.004669189453125 -0.0773544311523438 0.0666351318359375
-0.201873779296875 -0.094451904296875 -0.0581130981445313 0.097625732421875
-0.146865844726563 -0.2138671875 -0.0916595458984375 0.125785827636719
-0.0072021484375 -0.301483154296875 -0.202743530273438 0.127639770507812
0.290191650390625 -0.255096435546875 -0.254302978515625 -0.00387573242187506
0.3934326171875 -0.071929931640625 -0.263885498046875 -0.08599853515625
0.469757080078125 0.13201904296875 -0.165725708007812 -0.08489990234375
0.411590576171875 0.28033447265625 0.085906982421875 -0.0956878662109375
0.411773681640625 0.150726318359375 0.168243408203125 0.0973663330078125
0.43658447265625 -0.153289794921875 0.292510986328125 -0.00695800781250001
0.211578369140625 -0.294464111328125 0.230819702148437 -0.1881103515625
-0.023681640625 -0.326934814453125 0.0749053955078125 -0.244155883789063
-0.193923950195313 -0.186859130859375 -0.08056640625 -0.1434326171875
-0.258224487304688 -0.0485687255859375 -0.0888290405273438 -0.0147171020507813
-0.292236328125 -0.040252685546875 -0.0242671966552735 0.0184898376464844
-0.28948974609375 0.00485229492187503 0.0188865661621094 0.0582389831542969
-0.23822021484375 -0.089691162109375 0.0354156494140625 0.115043640136719
-0.18408203125 -0.2237548828125 -0.02081298828125 0.1552734375
-0.0260009765625 -0.32489013671875 -0.149078369140625 0.16864013671875
0.30157470703125 -0.27899169921875 -0.219024658203125 0.0380096435546875
0.411163330078125 -0.064483642578125 -0.196914672851562 -0.0731964111328125
0.46917724609375 0.1715087890625 -0.0436210632324218 -0.0177841186523437
0.336181640625 0.313018798828125 0.213531494140625 0.01556396484375
0.37847900390625 0.212127685546875 0.24859619140625 0.152786254882813
0.4532470703125 -0.087615966796875 0.29998779296875 0.054290771484375
0.246444702148438 -0.267364501953125 0.253463745117188 -0.101913452148438
0.00228881835937503 -0.328582763671875 0.130416870117188 -0.160385131835938
-0.19012451171875 -0.19610595703125 0.0163955688476562 -0.090576171875
-0.251953125 -0.05322265625 0.0201740264892578 -0.0139408111572266
-0.287445068359375 -0.039642333984375 0.0718460083007812 0.00582122802734375
-0.289154052734375 0.0103759765624999 0.116065979003906 0.0428619384765625
-0.240509033203125 -0.0784912109375 0.126350402832031 0.12200927734375
-0.189071655273438 -0.210281372070313 0.0455474853515625 0.174758911132813
-0.027801513671875 -0.30670166015625 -0.09527587890625 0.190505981445312
0.29168701171875 -0.253204345703125 -0.180572509765625 0.0631256103515625
0.38385009765625 -0.02789306640625 -0.126075744628906 -0.0714874267578125
0.402801513671875 0.20086669921875 0.0722732543945313 0.0487823486328125
0.2027587890625 0.2816162109375 0.310455322265625 0.12152099609375
0.268295288085938 0.219619750976563 0.307281494140625 0.200164794921875
0.367706298828125 -0.018646240234375 0.287445068359375 0.106353759765625
0.218963623046875 -0.189971923828125 0.253570556640625 -0.022705078125
0.017852783203125 -0.26336669921875 0.1639404296875 -0.07781982421875
-0.156845092773438 -0.165878295898438 0.09967041015625 -0.0399246215820313
-0.206527709960937 -0.0440521240234375 0.116615295410156 -0.0149078369140625
-0.239334106445312 -0.03021240234375 0.155303955078125 -0.0087432861328125
-0.248443603515625 0.0114593505859375 0.202621459960937 0.0254364013671875
-0.208755493164063 -0.0655975341796875 0.203781127929687 0.125961303710938
-0.162750244140625 -0.181793212890625 0.09869384765625 0.19244384765625
-0.011871337890625 -0.258834838867188 -0.0522918701171875 0.204605102539062
0.264785766601563 -0.191848754882813 -0.1502685546875 0.079620361328125
0.320343017578125 0.024261474609375 -0.0627212524414062 -0.0654182434082031
0.284637451171875 0.214569091796875 0.163665771484375 0.118728637695313
0.036773681640625 0.19793701171875 0.36279296875 0.192230224609375
0.114913940429687 0.17510986328125 0.33929443359375 0.21954345703125
0.21392822265625 0.0298919677734375 0.2689208984375 0.132644653320313
0.141983032226563 -0.0927276611328125 0.246932983398438 0.0270233154296875
0.0188751220703125 -0.153976440429688 0.178955078125 -0.021881103515625
-0.101364135742188 -0.103248596191406 0.156890869140625 -0.00900268554687501
-0.129898071289063 -0.0250778198242187 0.185104370117187 -0.023101806640625
-0.157470703125 -0.015960693359375 0.2139892578125 -0.0228118896484375
-0.173141479492188 0.00851440429687501 0.268722534179688 0.01153564453125
-0.150604248046875 -0.0484466552734375 0.259307861328125 0.132843017578125
-0.114303588867188 -0.136466979980469 0.133438110351562 0.214889526367188
0.0069732666015625 -0.18597412109375 -0.0270538330078125 0.218734741210938
0.211349487304687 -0.110687255859375 -0.135223388671875 0.0939178466796875
0.222991943359375 0.0732879638671875 -0.0170364379882812 -0.0480499267578125
0.128128051757813 0.200302124023437 0.217086791992188 0.1900634765625
0.042999267578125 -0.125389099121094 -0.297027587890625 -0.197357177734375
-0.0967864990234375 -0.0678939819335938 -0.04571533203125 0.038604736328125
-0.102668762207031 0.0395736694335938 0.157272338867187 -0.104019165039063
-0.0114212036132813 0.089111328125 0.0497894287109375 -0.279220581054688
0.0594673156738281 0.0698623657226563 -0.1402587890625 -0.2822265625
0.0749130249023438 0.00659942626953125 -0.31268310546875 -0.17041015625
0.0455245971679688 -0.00646209716796875 -0.33758544921875 0.01312255859375
0.0419120788574219 0.00580978393554688 -0.270278930664063 0.0532684326171875
0.0382957458496094 0.0061798095703125 -0.224838256835938 0.0503997802734375
0.0122947692871094 0.0134048461914063 -0.21649169921875 0.0152130126953125
-0.0220508575439453 0.0184516906738281 -0.212631225585937 0.024444580078125
-0.0617446899414063 -0.00937271118164061 -0.25872802734375 -0.017791748046875
-0.0203323364257813 -0.0928573608398438 -0.290069580078125 -0.15643310546875
0.0527267456054688 -0.131515502929688 -0.36785888671875 -0.18890380859375
0.12115478515625 -0.119308471679688 -0.406585693359375 -0.227294921875
0.21649169921875 -0.042816162109375 -0.264236450195313 -0.230331420898438
0.06494140625 -0.0685272216796875 -0.0347347259521484 0.0289268493652344
0.0163307189941406 -0.0655555725097656 0.182876586914063 -0.10894775390625
0.00888442993164063 -0.0305385589599609 0.077972412109375 -0.29876708984375
0.000747680664062497 -0.0304031372070313 -0.12164306640625 -0.3134765625
-0.0177402496337891 -0.0321025848388672 -0.308349609375 -0.18475341796875
-0.0607337951660156 -0.00506973266601563 -0.330902099609375 0.010711669921875
-0.076568603515625 -0.00653839111328126 -0.258819580078125 0.0558013916015625
-0.0753402709960938 -0.00466918945312501 -0.214202880859375 0.0656585693359375
-0.0678558349609375 -0.0479545593261719 -0.19964599609375 0.042510986328125
-0.0516738891601562 -0.0941009521484375 -0.19866943359375 0.0513916015625
-0.00717163085937501 -0.134483337402344 -0.2630615234375 0.0228576660156249
0.137413024902344 -0.140327453613281 -0.292999267578125 -0.115234375
0.214614868164063 -0.0873260498046875 -0.36187744140625 -0.152069091796875
0.292205810546875 -0.01324462890625 -0.371002197265625 -0.203125
0.359375 0.06610107421875 -0.181671142578125 -0.230926513671875
0.233184814453125 -0.028656005859375 0.0115756988525391 0.0317802429199219
0.169448852539062 -0.154983520507813 0.224319458007813 -0.101486206054688
0.0579833984375 -0.160003662109375 0.126007080078125 -0.300628662109375
-0.0419769287109375 -0.149795532226562 -0.077423095703125 -0.331756591796875
-0.107452392578125 -0.0847702026367188 -0.267562866210938 -0.191818237304688
-0.159759521484375 -0.011322021484375 -0.284271240234375 0.00308227539062505
-0.185501098632813 -0.015625 -0.206817626953125 0.04974365234375
-0.180755615234375 -0.00306701660156248 -0.161972045898437 0.0756072998046875
-0.149383544921875 -0.0830078125 -0.143692016601563 0.0777435302734375
-0.105224609375 -0.17608642578125 -0.157928466796875 0.0967864990234375
0.00120544433593749 -0.245391845703125 -0.248703002929687 0.086029052734375
0.243270874023438 -0.215606689453125 -0.29083251953125 -0.054901123046875
0.33929443359375 -0.082061767578125 -0.333892822265625 -0.109222412109375
0.42596435546875 0.0653076171875 -0.29168701171875 -0.148468017578125
0.443389892578125 0.18359375 -0.0576171875 -0.187423706054688
0.3741455078125 0.046722412109375 0.0900650024414063 0.0543289184570313
0.331939697265625 -0.20184326171875 0.271453857421875 -0.0703582763671875
0.133285522460938 -0.26983642578125 0.184219360351563 -0.272384643554688
-0.0571136474609375 -0.266815185546875 -0.00924682617187497 -0.31805419921875
-0.177536010742188 -0.142974853515625 -0.191574096679688 -0.181640625
-0.235733032226563 -0.0246124267578125 -0.200393676757813 -0.00582885742187499
-0.267425537109375 -0.0217437744140625 -0.124488830566406 0.0377273559570313
-0.260391235351563 0.00910949707031256 -0.0776901245117188 0.0753936767578125
-0.216323852539063 -0.090545654296875 -0.0579910278320313 0.105438232421875
-0.165130615234375 -0.218490600585938 -0.0922622680664063 0.138397216796875
-0.02166748046875 -0.31707763671875 -0.206588745117188 0.146820068359375
0.29205322265625 -0.283447265625 -0.26922607421875 0.00482177734375
0.411041259765625 -0.0931396484375 -0.281494140625 -0.079437255859375
0.50067138671875 0.1190185546875 -0.178131103515625 -0.083770751953125
0.447662353515625 0.275726318359375 0.0883712768554688 -0.100479125976563
0.438995361328125 0.138336181640625 0.183486938476563 0.099029541015625
0.448944091796875 -0.18450927734375 0.306732177734375 -0.016021728515625
0.209075927734375 -0.318817138671875 0.234725952148438 -0.205184936523438
-0.041961669921875 -0.341796875 0.06689453125 -0.261810302734375
-0.212005615234375 -0.187835693359375 -0.089385986328125 -0.1485595703125
-0.273544311523438 -0.038818359375 -0.091949462890625 -0.01239013671875
-0.30859375 -0.024993896484375 -0.0248470306396485 0.0211372375488281
-0.302337646484375 0.02056884765625 0.0233497619628906 0.061737060546875
-0.254165649414063 -0.082855224609375 0.0418014526367188 0.118141174316406
-0.204421997070313 -0.2259521484375 -0.016204833984375 0.166351318359375
-0.0419921875 -0.340576171875 -0.147750854492187 0.186737060546875
0.30206298828125 -0.30865478515625 -0.2303466796875 0.0482330322265625
0.428985595703125 -0.08563232421875 -0.211959838867187 -0.0697174072265625
0.502593994140625 0.159423828125 -0.0472755432128906 -0.0179405212402344
0.369354248046875 0.31317138671875 0.2264404296875 0.01092529296875
0.405517578125 0.205322265625 0.269363403320313 0.153182983398438
0.468841552734375 -0.11541748046875 0.3172607421875 0.049102783203125
0.247711181640625 -0.29156494140625 0.261749267578125 -0.115402221679688
-0.01373291015625 -0.3448486328125 0.131179809570313 -0.176483154296875
-0.2091064453125 -0.197463989257813 0.0160064697265625 -0.0977020263671875
-0.266586303710938 -0.0444488525390625 0.0225639343261719 -0.0178031921386719
-0.303253173828125 -0.02374267578125 0.0759506225585937 0.00205230712890625
-0.302093505859375 0.0266723632812501 0.124237060546875 0.0401153564453125
-0.255203247070313 -0.0712890625 0.137504577636719 0.12042236328125
-0.208694458007812 -0.21197509765625 0.0555877685546875 0.183380126953125
-0.042816162109375 -0.32098388671875 -0.0901947021484375 0.20733642578125
0.29302978515625 -0.28143310546875 -0.189102172851563 0.0729064941406249
0.401275634765625 -0.0477294921875 -0.138504028320312 -0.0698699951171875
0.433380126953125 0.19317626953125 0.0771484375 0.0482330322265625
0.228057861328125 0.28521728515625 0.331634521484375 0.117218017578125
0.289642333984375 0.21832275390625 0.33148193359375 0.2000732421875
0.3817138671875 -0.03839111328125 0.306182861328125 0.103179931640625
0.221405029296875 -0.209747314453125 0.265579223632813 -0.03143310546875
0.00593566894531249 -0.276382446289063 0.170150756835937 -0.0903778076171875
-0.172134399414062 -0.166336059570313 0.106231689453125 -0.047943115234375
-0.218765258789062 -0.0366668701171874 0.123817443847656 -0.0248031616210938
-0.252960205078125 -0.0178985595703125 0.161712646484375 -0.0182952880859375
-0.258544921875 0.025543212890625 0.213180541992187 0.015899658203125
-0.221099853515625 -0.0592041015625 0.219650268554687 0.120590209960937
-0.178970336914063 -0.181747436523437 0.1126708984375 0.20001220703125
-0.023956298828125 -0.270645141601563 -0.0454254150390625 0.219635009765625
0.266876220703125 -0.214248657226562 -0.156936645507812 0.0880126953125
0.33660888671875 0.010223388671875 -0.0728912353515625 -0.0665283203125
0.30889892578125 0.212188720703125 0.175735473632813 0.118621826171875
0.0496368408203125 0.204544067382812 0.3902587890625 0.189422607421875
0.1273193359375 0.177383422851563 0.36456298828125 0.218109130859375
0.22308349609375 0.020721435546875 0.28753662109375 0.13055419921875
0.1444091796875 -0.102767944335938 0.260986328125 0.0198974609375
0.0114898681640625 -0.161956787109375 0.189300537109375 -0.031280517578125
-0.111915588378906 -0.102554321289063 0.1676025390625 -0.0187835693359375
-0.136505126953125 -0.020782470703125 0.194915771484375 -0.0365753173828125
-0.164505004882813 -0.00738525390625 0.222885131835938 -0.0363922119140625
-0.179458618164062 0.0195770263671875 0.281494140625 -0.00341796875
-0.159332275390625 -0.043914794921875 0.277557373046875 0.125640869140625
-0.125801086425781 -0.136962890625 0.150650024414063 0.2215576171875
-0.000381469726562486 -0.194137573242188 -0.0190277099609375 0.232345581054687
0.214874267578125 -0.126800537109375 -0.14056396484375 0.103164672851562
0.236495971679688 0.0656280517578125 -0.0239677429199219 -0.0502471923828125
0.144439697265625 0.20440673828125 0.235137939453125 0.190032958984375
-0.0875119929225816 0.0524668905448776 0.00398726566929383 -0.361230085406066
0.0133347028926399 0.11956261965202 -0.0391024802948592 -0.0270677323574324
0.0867375501747228 0.0763229360547003 0.193306371962519 0.0634392245237762
0.0858665288743853 -0.0310996903016992 0.263376408074075 -0.120245942748938
0.0232077521837133 -0.0716795713828571 0.168141977032015 -0.297254655629333
-0.0137618817835376 -0.0386594732979902 -0.00356930182722716 -0.360995302487293
-0.00924348163104702 -0.0377579824617193 -0.152629105188245 -0.313871060034867
-0.00536619925511551 -0.0409926985145584 -0.199993800668125 -0.231744488813343
-0.000179358016982406 -0.0351201058439529 -0.157628102559097 -0.188949333372258
0.015565192547271 -0.0217161416240346 -0.131530761538131 -0.182231274994414
0.040230545299404 0.00469983502945349 -0.137927984813474 -0.1937326480119
0.046293025973813 0.0600447136788875 -0.112090810248069 -0.259614647800616
-0.0300872437875471 0.100753736837491 -0.029825737538727 -0.331448903237983
-0.112172327670052 0.0534064506038631 -0.0259754358538156 -0.408098699907718
-0.134579231707118 -0.0250176484495701 -0.089524041311832 -0.44792465005739
-0.122348405337324 -0.132562540496566 0.026979547496399 -0.335584750622459
-0.0982816352129192 -0.012114226106495 -0.0450219355851075 0.00549675845744339
-0.0802644296761775 0.0442664394866031 0.225161714394436 0.125083130175838
-0.03706925259727 0.0432648479319469 0.326093080245391 -0.0831117023426981
-0.00508517861243007 0.0531161632094284 0.227080829360684 -0.306940863161981
0.0178314531553605 0.0601357900827848 0.0241625688375983 -0.375880934280797
0.0521338723646084 0.0574063852679398 -0.134114785221748 -0.320816048480105
0.0670561064267872 0.0541848300937775 -0.189241563258973 -0.229776797620429
0.0614354376300874 0.0697279776869302 -0.155833469453604 -0.179653229676322
0.0202972961146748 0.0834133954657078 -0.129632190287296 -0.153565792951337
-0.0227187280109953 0.10762791228809 -0.141758551150676 -0.157203312989908
-0.0990427273886303 0.0941667950753777 -0.14703204448302 -0.219494375287996
-0.181925257061746 0.0291591301963875 -0.0740010684105881 -0.295597327753843
-0.181309117644192 -0.100065233507423 -0.0757372183506345 -0.379597147337637
-0.144471332564353 -0.217563668077936 -0.106257391706792 -0.41597258564885
-0.124091684050111 -0.311217505384579 0.0497014797605386 -0.253549745863113
-0.186251920440562 -0.177395379838853 -0.0514084294546498 0.0758424513703615
-0.258247938914654 -0.0269270353109093 0.245674742536715 0.216661386453001
-0.191421862683579 0.0998064112581665 0.382256279280415 -0.0108306437042069
-0.0631563240000274 0.180750004905561 0.291566517431639 -0.27884702174931
0.0323358901638301 0.165221808072523 0.0643501949062513 -0.35102284984577
0.099463429162347 0.151056604667624 -0.0933587698731047 -0.289117036196936
0.132178839312083 0.140587748986936 -0.151366248508951 -0.192468832675008
0.125359543744048 0.158131089984589 -0.131754402235028 -0.1340812011946
0.044360231108336 0.170205503186182 -0.118307324523033 -0.0904141141105604
-0.0458609675025466 0.204586227212398 -0.14969609382336 -0.0911022964199837
-0.201379627710045 0.158121912757155 -0.188464965907573 -0.154980693364889
-0.311670917308647 0.0117347853099267 -0.125373280289092 -0.244384127329009
-0.258788395346198 -0.201309550538463 -0.113400673996435 -0.326348145003942
-0.158988261207996 -0.366555807368864 -0.113754017007674 -0.326575396541747
-0.0923566086299524 -0.449564625118742 0.0636630808162907 -0.116479601803405
-0.228615310608191 -0.345051226014044 -0.0623838057387563 0.176677976353126
-0.406110587293738 -0.135960052292898 0.235391556761403 0.324126801375689
-0.34965008390037 0.115664066455971 0.409135910587525 0.0933387836660597
-0.14381745087925 0.284022789815356 0.340228596761212 -0.205818934146863
0.0257692766959554 0.256269625447255 0.106647924071833 -0.281524855197189
0.125332062129848 0.228220240622461 -0.0387298910313272 -0.217681459148136
0.177960126047392 0.205506069962354 -0.0902421574798219 -0.124980635095051
0.180658718094855 0.218151582531037 -0.0861157984908854 -0.0618686071788117
0.0788600265695524 0.228109430231786 -0.0886432147726905 -0.00719250781453386
-0.0362374952191124 0.276134953437428 -0.143311052921981 -0.00758255001572015
-0.251039493467707 0.222146822997918 -0.212457227140859 -0.0752157943960126
-0.394673568018153 0.026766461913389 -0.161549817628144 -0.182100453494368
-0.316377691653462 -0.249879897650952 -0.118175351485389 -0.26063151642996
-0.16328417944706 -0.456110606042618 -0.101863613281014 -0.20236031676282
-0.0384761350893011 -0.512332200692658 0.063731212683083 0.0563440181478122
-0.207004737993153 -0.462390714946769 -0.0787451471322544 0.288213129833011
-0.470256218109675 -0.249392069030821 0.186078280915576 0.415535856792624
-0.455101151247855 0.0805381698806219 0.377421639969545 0.203441210886388
-0.219564019979865 0.326907050921904 0.344661185655847 -0.0944194304901455
0.00521605019548133 0.308732278485525 0.134934957346608 -0.174222291256931
0.127431430617802 0.271463475102171 0.0180965914110583 -0.117696505859803
0.19760406584595 0.240098185346899 -0.0192940240531819 -0.0400319648121018
0.209686732963578 0.246299879067558 -0.0236384449092566 0.0225153566890388
0.104763481457207 0.253274951835743 -0.0439062286921375 0.0813385134606248
-0.016619277123653 0.307666489536728 -0.124809153834591 0.0768710993862789
-0.260332891681455 0.252497430543792 -0.214102589438678 0.00254811159526516
-0.421708645667124 0.0352825143541387 -0.174507684644543 -0.122154234477061
-0.326648023671488 -0.268068448246034 -0.0939827060452839 -0.194727862630381
-0.139808479801263 -0.479888137319183 -0.0708956477965941 -0.0631447359369672
0.0188017240912106 -0.480070002355209 0.0511682119409721 0.230074141143428
-0.139255471175185 -0.483755707425169 -0.0919090443334762 0.384849035503618
-0.427161847800508 -0.315272435662196 0.110505303465009 0.45993661236479
-0.46343544310859 0.0192981550703026 0.29762213244009 0.284569839973984
-0.251619348683511 0.302017765173259 0.302946871519687 0.0219301487560921
-0.0151449504233277 0.30515461587126 0.142438888541794 -0.0513628953293353
0.111184026948717 0.268754975506115 0.0691040691687243 -0.00765909181617415
0.186606020343962 0.23825143354869 0.0534077372292541 0.0482905917428536
0.206274873598112 0.240163898323933 0.0434727436982463 0.107770934996103
0.10866112811335 0.246541178903832 0.00317106629269732 0.164640641230488
-0.0065524395645826 0.298400527295974 -0.102948923726057 0.153077222392001
-0.24596942535831 0.237919544523195 -0.204156746554581 0.0649592987633619
-0.397409883608752 0.0184725665690086 -0.172200423824481 -0.0756609952088694
-0.284119857652566 -0.270954703601861 -0.0532960621511814 -0.136788083581962
-0.0843629727624103 -0.446607768260005 -0.0361363707911229 0.0712861809701296
0.0622817745303545 -0.35709099462085 0.0378820297418101 0.368780298583626
-0.0559471794480644 -0.398235160995748 -0.0900560122201383 0.446888765866196
-0.307031806260558 -0.296755170129436 0.0437232268922513 0.450701973050573
-0.374452695696472 -0.0282673743968439 0.202788601203857 0.316220122906157
-0.222212849468626 0.224196809481739 0.233896531653839 0.113802292675209
-0.0236520098365744 0.248954584004351 0.134694566655343 0.0588926447249721
0.0838430825574966 0.22076565175909 0.109246375423315 0.0919292028057154
0.149723222642803 0.198610575259953 0.116541644034476 0.12649382816923
0.170531641197798 0.202650046256719 0.104239291318478 0.185097960278942
0.0906624384221594 0.213060951276126 0.040218552279173 0.237085527273496
-0.0102950222998315 0.25295634929518 -0.0936513371898321 0.21599400920794
-0.216619902748157 0.186007025389286 -0.199787976315605 0.108472021609809
-0.334230837904176 -0.0174021130649425 -0.170108648210602 -0.0456814964002616
-0.202752556220325 -0.258051447100552 -0.0180261756715639 -0.0865677480035635
-0.0082214497628244 -0.36061524766665 -0.0148536102530414 0.190212299810609
0.0877787035158249 -0.17159939574329 0.0364689390504756 0.446718249073143
0.0177864378996156 -0.23633069403975 -0.0615735087343525 0.465323039006584
-0.154603212928232 -0.202134465660787 0.0103276457725285 0.404195305801111
-0.221697412925574 -0.0457360707925743 0.133057305781196 0.305200132406536
-0.145756359142778 0.125250010093731 0.171725225582938 0.166298648445018
-0.0212437206195146 0.155527170132986 0.124050857855084 0.135262620591563
0.0476600130496023 0.138384058237832 0.13566444735825 0.162307407446011
0.0918965545422832 0.129685826717651 0.161871099076941 0.183580699534142
0.10986524849923 0.138099492242401 0.148056248528342 0.247054692920027
0.0568311611667287 0.154953082658272 0.0576177324050149 0.294102860135655
-0.0169393919353474 0.179888107755085 -0.103832686839497 0.265026945816052
-0.167579922686523 0.113976855655581 -0.208533416430853 0.131248242660979
-0.235569866133099 -0.0514722785674459 -0.176092599546263 -0.0342813964169281
-0.0986202990033404 -0.21626890611264 0.00165680648198389 -0.0462978665312309
0.0704223614432141 -0.229982458456367 -0.0163735163515528 0.282359632818681
-0.0852590545102846 0.060722535342126 -0.0262443810398569 -0.370415134439262
0.022428572013832 0.119425464489759 -0.0444400560707006 -0.0214083286425376
0.0948128609175707 0.0706810918746365 0.205653968641023 0.0516763687325261
0.0846479946896061 -0.037993215294389 0.262484353073805 -0.143406240188163
0.0155152059898067 -0.0745885213269763 0.148901843298344 -0.32192774420109
-0.0164222883369417 -0.0371775399045224 -0.0366656744678427 -0.373445976043549
-0.0112640872545686 -0.0379571040418402 -0.186990327887476 -0.307343073971381
-0.00837936896213757 -0.0419605677999132 -0.227235287713134 -0.217095771003266
-0.00181044657967319 -0.0352326623014755 -0.180830859885545 -0.181705063111234
0.0158453371118555 -0.0224691362903567 -0.154741221151942 -0.177329046078242
0.0419901286337992 0.00250868475605579 -0.159553052977332 -0.18857900622332
0.0507509566751942 0.0576809534659825 -0.136920024522528 -0.257699533457441
-0.0225700825447201 0.105969340784 -0.055986731106035 -0.34046561739926
-0.108414528137597 0.0629657505244633 -0.0561704400445793 -0.41535306084079
-0.139382424739175 -0.0151152668050809 -0.126890985601431 -0.458722205901157
-0.136420355437957 -0.127056908147418 -0.000226684921916424 -0.344822709915606
-0.102873899545431 -0.00591422443510845 -0.0462449985523253 0.0136504781883353
-0.0797975986032409 0.052888393787576 0.242763163798542 0.11307078415525
-0.0359921192401399 0.0493644736831355 0.330345915864999 -0.111119132558844
-0.00287178029081631 0.0556304506564107 0.20813759896233 -0.336450826285736
0.0238324741736472 0.06170400971744 -0.00787543700622108 -0.390087416116535
0.0597808786275745 0.0554748792809096 -0.167170074605131 -0.316734661482475
0.0758280147116906 0.0488622749540778 -0.217433548496236 -0.215928401974365
0.072239032798873 0.0668791701305015 -0.179019096411966 -0.171513266466746
0.028614177768617 0.085764012979831 -0.150388703267474 -0.147763980377835
-0.0134020219113615 0.114459632295981 -0.161919159612319 -0.151067961598593
-0.096426892321072 0.106086825858837 -0.169912864848274 -0.212446170299312
-0.185265912680298 0.0463349944967932 -0.0985722867427612 -0.299840034272606
-0.194013060179418 -0.0897192204794853 -0.106282099514811 -0.382925737027016
-0.16713755059081 -0.21333357763397 -0.141389165354658 -0.421856009835043
-0.153577007832153 -0.310939283936666 0.0298874682854093 -0.261049029056621
-0.206664465492906 -0.168039480021619 -0.0466318426555657 0.086606127474866
-0.269032043753399 -0.00463728012183784 0.270890328783912 0.205844953192261
-0.190670290739562 0.119231137263905 0.393690199525597 -0.0401535419968386
-0.0497889471776953 0.192292057566307 0.277164777138262 -0.314444914594409
0.0471101292637818 0.168486740843693 0.0367636973885659 -0.367383227913549
0.116522728177962 0.147509491186367 -0.121631189837274 -0.287473317817283
0.151043587256689 0.131957960434559 -0.173710617758042 -0.181705766424623
0.145706654787551 0.151802201335346 -0.149819557124167 -0.125564685588694
0.0608425103424719 0.172966929387724 -0.132781278289439 -0.0837070820684914
-0.0285670161860999 0.216089020731668 -0.165273110265576 -0.0818186552929522
-0.196200117084483 0.180973477445539 -0.207977510451855 -0.142170811701765
-0.320982004881188 0.040177119268117 -0.148315852193577 -0.244120462687863
-0.282429291791837 -0.18748028466755 -0.141718691081758 -0.326528602282721
-0.194568544376303 -0.366029323436542 -0.143263531754546 -0.329623812117434
-0.13342493049135 -0.455877135690692 0.0554955233823945 -0.121583565911334
-0.263832331232914 -0.336182079087969 -0.0498598118164478 0.191375426696276
-0.43032622429914 -0.102504389265271 0.268028179880409 0.316688577870658
-0.352699051879413 0.14796889640628 0.427903773047532 0.0650685156192195
-0.123722387634952 0.305260658411739 0.332927435883018 -0.242991124745511
0.0480309840210498 0.263307988985485 0.0862618094668942 -0.299431235522691
0.148996717701303 0.224234411745668 -0.0589752893799534 -0.21966956982519
0.204004423050033 0.194984649979902 -0.104618461373695 -0.118528160396476
0.206788606786762 0.208044635099762 -0.0957397475344277 -0.0547938126307096
0.100476908835968 0.229030826908707 -0.0941738676692595 0.000190141094585948
-0.0127436086101459 0.28808426877755 -0.151972392999874 0.0034672618520466
-0.241731798846366 0.251959654212542 -0.226093096173475 -0.057374226006733
-0.405366952912823 0.0629786061457607 -0.181609259567314 -0.177843327850527
-0.346443964600599 -0.232377160603997 -0.143975305501845 -0.259039504461318
-0.207164826978758 -0.4569492948099 -0.120711559471627 -0.201360303889031
-0.0841443628019629 -0.527352534610388 0.0685838087510817 0.0565707950553473
-0.251073461910885 -0.457958613814568 -0.0577523055703388 0.306891879035932
-0.505924057926385 -0.213445673406886 0.224319724700538 0.416401091330072
-0.464204494152153 0.120128476860744 0.40369694535214 0.181809909793719
-0.196531322483157 0.356999459463362 0.348491341240519 -0.129722670675676
0.0309500815793632 0.318045361772216 0.12607708581991 -0.190778724173291
0.155156951660073 0.268696279389553 0.00983010002720444 -0.12275290075941
0.226692839392863 0.228685561921226 -0.0232244923535628 -0.0386125801601836
0.23893314773314 0.233251124435203 -0.023077098174046 0.0262996585227834
0.12886886211252 0.252273406456342 -0.0388864300166471 0.0875155213115782
0.0102638881346734 0.318631998179458 -0.124604222036257 0.0899166965264487
-0.247382443802994 0.283406471546303 -0.220218672292486 0.0239607795333781
-0.430627629046588 0.0744272589401286 -0.190090464903697 -0.11498593912572
-0.359335988595686 -0.248543923132502 -0.114419148974059 -0.194517641376573
-0.186532131502926 -0.485202969214164 -0.0782182103739918 -0.0600458348445914
-0.0217503831570598 -0.496212785054225 0.07008390868311 0.235898165262603
-0.181936478886403 -0.485877618386877 -0.063855664053989 0.405765982719947
-0.465594157995618 -0.285720774345823 0.150124073997004 0.466441280539186
-0.477455057271879 0.0584961823269054 0.32741247558349 0.271326710907159
-0.231529334340436 0.333369534155774 0.3145058791355 -0.00401563990553226
0.0102282009730964 0.316602621756766 0.14450046378826 -0.0635465868523021
0.138257091307141 0.267964629299463 0.0726069444980263 -0.014253649538284
0.21483369546567 0.22696325634578 0.0593236742833934 0.0447812949531408
0.234594177575079 0.226687527323842 0.0548160525211657 0.107328816311437
0.132609618514085 0.245291660925459 0.0178082566558802 0.168936192928438
0.0189523820422311 0.306164600980855 -0.0959270723109485 0.167971843510448
-0.234381330251574 0.26581818757709 -0.206536934405615 0.0864065088640074
-0.407051590352559 0.0545967463993621 -0.185864235472321 -0.0670616446273879
-0.315415776493932 -0.254099270175512 -0.069034812609632 -0.138844451747168
-0.126322183778012 -0.453405855224617 -0.0322768860317059 0.0764861082596123
0.0313349660630448 -0.373484588869498 0.0670392333251075 0.380311582753193
-0.0896164762375671 -0.405099508342395 -0.0574233853226447 0.467159641828949
-0.339707207155827 -0.27725780713099 0.0790330562735994 0.461717284458718
-0.38868714739819 0.00147825637960713 0.232794506794852 0.311371839638089
-0.207696018566351 0.25096857784845 0.250820604096308 0.0974509354826889
-0.00242399645961936 0.258294116146025 0.14699799454971 0.0507493723744111
0.105458783432723 0.220024764186854 0.122862189037155 0.0842103026915496
0.172299595080678 0.190431650055242 0.132374541656378 0.118528731804638
0.194240898289968 0.191640473063902 0.124594414105713 0.180453888920275
0.11110361137461 0.211287409603172 0.0624951610030242 0.240384992820052
0.0118464785607473 0.25989084907816 -0.0803732375128407 0.232687500670078
-0.208358089797625 0.209135550061062 -0.198175345672673 0.129713076187489
-0.343819644871699 0.0119377796017246 -0.18068889263805 -0.0367935073502161
-0.2297824759169 -0.247477757332306 -0.0292896062502598 -0.0908947208813772
-0.0397299832179918 -0.372285023736197 -0.000327137087698849 0.197593468845174
0.0738334765402134 -0.184582220884545 0.070569751015556 0.458963618825634
0.000459640338194713 -0.243560607540684 -0.027032755486119 0.482734291895319
-0.175304284070114 -0.193323766666647 0.040723481551281 0.416388461935425
-0.232167030533036 -0.0288416023910996 0.160084097307812 0.305210480385691
-0.138168102241369 0.141843836376635 0.191891537890372 0.157183053033217
-0.00751996685926455 0.161218098172451 0.142865676369856 0.129117140940229
0.0606507210719621 0.137907821021839 0.158280646378184 0.154196133616301
0.106318738512154 0.123949996987258 0.184187754898752 0.171697198331341
0.123863913859521 0.130311640205498 0.175263298494178 0.240037120342928
0.0712960021674285 0.153932285467709 0.0854952167507698 0.297391127184394
-0.00173174288616415 0.184861157592951 -0.0855351387049814 0.283619539707354
-0.164036034089416 0.130509849508626 -0.205006175357181 0.153268128604446
-0.245313881752 -0.0315464731298492 -0.185930032098144 -0.0232575949089637
-0.119050769491426 -0.212735908525074 -0.00565219906106568 -0.0509867548466131
0.0521602531961108 -0.242978158250507 0.00600414140873884 0.292659345995275
-0.0809481147139595 0.0669010366730444 -0.055682287292644 -0.368058678632122
0.0309742390328225 0.116188525450021 -0.0469773856630025 -0.0144442215710303
0.10044850370754 0.0632121272084306 0.211569881274508 0.0391623981913025
0.0808468748189946 -0.0433166019018084 0.256291828663282 -0.164791700905154
0.00730276109479094 -0.0744773406939164 0.125181304363572 -0.33773475314089
-0.0185621924781129 -0.0352747823656229 -0.0685051292721291 -0.374324986738431
-0.0123534402829072 -0.036825744610672 -0.214049985448814 -0.290336936543375
-0.0111621919978407 -0.0418844831263631 -0.246589566425116 -0.19525266902869
-0.00251049824603666 -0.0346450780618559 -0.199943451716671 -0.168355945532984
0.015630842214816 -0.0224925627061117 -0.173909103351582 -0.166018511041968
0.0427798262372809 0.00111640418514831 -0.177941096825249 -0.17694425461158
0.0539252126302283 0.0544086728092307 -0.1572159503189 -0.249426512948181
-0.0148408035434993 0.109170671603928 -0.0779603190680173 -0.339528642160905
-0.103699505535322 0.0693403312419923 -0.0833927681788425 -0.411609712421654
-0.141142497366794 -0.00439876877983804 -0.158845720037038 -0.455118246266682
-0.147668171263965 -0.119280447014228 -0.0277105217274073 -0.344013990087005
-0.104520541262428 0.000643015824454534 -0.0457058800389344 0.0206713915295789
-0.0763849206959255 0.0600829445816763 0.25334137214382 0.0978227335238624
-0.0345235860512739 0.0530491722680371 0.325738786053876 -0.135044103733781
0.000439392159681477 0.0572849071074595 0.183817712161797 -0.35714008209446
0.0293376823984915 0.0617413381575559 -0.0405677359149194 -0.39375330787441
0.0656962933454676 0.0507852391066169 -0.194930098297371 -0.302012930361571
0.0816933060175865 0.0421763424128544 -0.235899176444137 -0.195080368314943
0.0798818423066287 0.0620865589195113 -0.195708270306671 -0.157604231800203
0.0368348583700771 0.085436102004175 -0.166836776625771 -0.137055686279661
-0.00384789719271584 0.118159376859495 -0.177120693129953 -0.139732024707426
-0.0909801036956311 0.115066459427928 -0.187185462752803 -0.199469361486094
-0.183748779527793 0.0623125170640995 -0.12061122760872 -0.296262892346522
-0.201152077732923 -0.0779442594158605 -0.132310140853699 -0.375770672919807
-0.18453620105384 -0.203004166494932 -0.172244685297255 -0.417260828198856
-0.179063064162692 -0.301729195629388 0.00993979818863307 -0.262377465258432
-0.221750636683565 -0.153470138935291 -0.0397815145370126 0.0945762857267333
-0.270294329684082 0.017919838425909 0.287986558848693 0.189799851396307
-0.185328740386607 0.135960374495899 0.395091289905954 -0.0687617991779675
-0.0357809323259973 0.199058467198938 0.254545465183339 -0.340770045552575
0.0608287133497131 0.1674515624947 0.00755546624881231 -0.373922228499309
0.129787648302279 0.1391417878068 -0.146540975729977 -0.276922839380795
0.164788240208717 0.119048918373136 -0.190368799229106 -0.163996820470357
0.162188889035167 0.13969601301434 -0.162934982800171 -0.112502174319408
0.0753174503994276 0.169999183641683 -0.143204224070847 -0.0732499757367919
-0.010067955231434 0.221143180568342 -0.175919765639928 -0.0691245934111504
-0.185006514939926 0.19951043269564 -0.220009395946488 -0.124706683204049
-0.320735389422941 0.0676831374929678 -0.168077846963123 -0.236816088599859
-0.299018407543432 -0.168591860658035 -0.166033837855931 -0.317687988505847
-0.224927805569559 -0.354476280773534 -0.168227214149126 -0.322867532710708
-0.170540320330099 -0.449279854228986 0.0455203475653939 -0.123405195863908
-0.290842443713005 -0.318585942527045 -0.0353122627801294 0.19942389125781
-0.440192021085899 -0.0673251732554218 0.292899601043293 0.301954004353732
-0.34655518768676 0.176691106227807 0.435002382215384 0.0360703317550063
-0.0995990260306028 0.318269558504965 0.31554772857263 -0.272969896262926
0.0692429628336226 0.262589813499007 0.0644621766739448 -0.308179341310443
0.169231318920553 0.21351923691047 -0.0771358826805034 -0.215186211791193
0.223972145037603 0.177259328927849 -0.116399961081159 -0.108421109751916
0.227832023995523 0.189898765343748 -0.101891516999583 -0.046450147781478
0.119340910706346 0.2236153382091 -0.0965170596105554 0.00783713187107232
0.0116810415082904 0.291358292779502 -0.156388154588864 0.0169178031171642
-0.22415267541315 0.275176820094754 -0.23218674702517 -0.0378593181829978
-0.402584042249135 0.0978920147033501 -0.197202881654809 -0.167857639810838
-0.366963280322053 -0.208591192596575 -0.164965259101448 -0.250424693202111
-0.246862594466712 -0.445737670393194 -0.137077150425986 -0.194175883426115
-0.126409079368021 -0.522483350487937 0.0723256406215427 0.0538272829438874
-0.286836409223164 -0.443653881042766 -0.0347272470025433 0.315012336097528
-0.523847595085176 -0.173261999030569 0.254622332288601 0.40359562486227
-0.461247640360477 0.15736015458431 0.419341179571139 0.155653222556383
-0.167899050432006 0.375546396024237 0.3401111800016 -0.158992289628048
0.0568196190324938 0.319321002412947 0.113138501968259 -0.201890312665591
0.178632942477574 0.258056864208396 0.00123573661729298 -0.123663731397319
0.249333089188027 0.208856734804849 -0.0265021570561675 -0.035974879118428
0.262342690904854 0.213247310431269 -0.0212742232089561 0.029114429930522
0.149847709478422 0.243583620495292 -0.0334862413560041 0.0915172907545579
0.0368998101528055 0.319218008561144 -0.121914009697925 0.102362548768817
-0.227200541225137 0.306596109792253 -0.220869619030103 0.0427900498855492
-0.427377538962637 0.111393591828699 -0.202954483463831 -0.103753356721199
-0.380921044832748 -0.22206006943986 -0.131951202876224 -0.18803575812431
-0.228010543589896 -0.475002121554455 -0.0835372139433788 -0.0543120714964291
-0.0642725553880595 -0.498381265175061 0.0865263476086772 0.234696617511948
-0.21844920093828 -0.475590133786686 -0.035320330488831 0.414393799836915
-0.490347019708568 -0.248417487805039 0.182888608979821 0.45976296674121
-0.478981350411287 0.0947990908781119 0.347402991799928 0.252698575948974
-0.204858233881446 0.354337785038228 0.316149712441851 -0.0303023280937613
0.0358936198123833 0.319214918122012 0.143377826225809 -0.0751618203081864
0.161106712165133 0.258582764816211 0.0744276935113162 -0.020611692015389
0.23716661753788 0.208459615304976 0.0636977338036153 0.0393860027045435
0.255656752966738 0.206176869181034 0.0645530913698093 0.103327667193487
0.152731651866992 0.236358717335202 0.0307622866333217 0.16827396867629
0.0444799795230086 0.305735547996469 -0.0857348447479887 0.17834060098141
-0.214950980135323 0.287325768682233 -0.201038090647154 0.104666221390905
-0.405279661097119 0.0895350387848672 -0.194494883537505 -0.0568641235567791
-0.337592045112466 -0.230216871407647 -0.0830042375994596 -0.136141940029721
-0.165154767738172 -0.448266872271848 -0.0264712107334077 0.0799751396707889
0.000185497849438519 -0.377860675865682 0.0942395342903165 0.379285760788421
-0.119627901026187 -0.400390940552244 -0.0245403811556524 0.475013953850647
-0.362254181879498 -0.249181605228134 0.112134200558187 0.460124928453055
-0.392130115244809 0.0311856631269195 0.255333272217365 0.299637289654153
-0.187045693627681 0.270497618633939 0.260900325605328 0.0781230747798244
0.0191426161893535 0.26074505911001 0.154038132586459 0.0394596889011415
0.123902323665137 0.213388561721733 0.13374518977779 0.0734987045020022
0.190075322431544 0.175839501024079 0.143628819234408 0.106345571752739
0.211531834466382 0.174584732150561 0.140945738216183 0.169763167587946
0.128076104540617 0.204216796638476 0.0834124628654764 0.236277499747955
0.0332285324648709 0.259460650319838 -0.0641169019395526 0.242160748953549
-0.194153756732777 0.227678363479145 -0.189412892411883 0.147046885044429
-0.344381221172005 0.0415819224627377 -0.18678816904155 -0.0262978151864736
-0.250673218540468 -0.229787708378164 -0.03952249874624 -0.0906843739207606
-0.0711431020457069 -0.371876012512138 0.0146872128798544 0.199708183662485
0.0572597553718568 -0.190231790079818 0.103648704872992 0.459463033075468
-0.0165279024849247 -0.244861362201954 0.0068923141075484 0.487201355765447
-0.189496958212523 -0.178580895941572 0.0704623631098591 0.417106526222458
-0.236286253255556 -0.0109073160813009 0.183270817397219 0.298192569674202
-0.125945136956673 0.153335094238792 0.206525632004922 0.143512137797365
0.00680428090390574 0.161353924152174 0.157280286301873 0.118832803562281
0.0725339909956229 0.133208722528703 0.173991165402888 0.140172146616766
0.116868346434137 0.115224885361878 0.200610756435779 0.155773919843683
0.135684348244861 0.119090037145793 0.196937679731606 0.224395828734461
0.084402006748854 0.149358400572468 0.110584909143062 0.291175134975168
0.0130830928551175 0.185757841139222 -0.0644445314368614 0.293230046152155
-0.155121131948825 0.143793217891353 -0.195834440267225 0.169944947035305
-0.24798557498181 -0.011197033648926 -0.191310937910224 -0.0121336724930543
-0.136139874496498 -0.202137506551575 -0.0127796658827554 -0.0527469719082074
0.0325685258046075 -0.248991839593701 0.0286273724869728 0.294925890071878
-0.0543798913057324 0.0927464194846207 -0.184068473981084 -0.327837706460862
0.0720555277662754 0.0971056293946637 -0.0542445820366929 0.00491579581108948
0.118009610416945 0.0180986803742824 0.208931466364449 -0.0312206866563126
0.0584965082763364 -0.0722739205275945 0.18590571292712 -0.241185275026099
-0.0211543683905035 -0.0723480270514124 0.000124168282634004 -0.362189600204282
-0.0296426515205085 -0.0306363280149955 -0.203148548223306 -0.324319710677877
-0.0271391215109313 -0.0330940969420838 -0.307186432308734 -0.184316803841177
-0.0269544209776913 -0.0348764857142988 -0.298277609765268 -0.0845189040563571
-0.0133781005501698 -0.0316578633131952 -0.24808541322945 -0.082269266338074
0.00798574735294388 -0.0252489430191581 -0.224598056788321 -0.0913756904354741
0.0403007452092719 -0.0141741276175271 -0.230366151383128 -0.099108093477633
0.0686504234010145 0.032468825261735 -0.233985680764 -0.178014943824362
0.0232912750460012 0.106481012804421 -0.18961860412463 -0.293797115240597
-0.0708355040882571 0.103206103276461 -0.213657676269136 -0.35692167299187
-0.132303019535294 0.0461965022880534 -0.294645654786373 -0.368906948701997
-0.189944586160009 -0.0592346780804448 -0.140065652938146 -0.312569183784447
-0.0999210108773844 0.0404526504095262 -0.0308436555094249 0.0347065903476116
-0.047503347748735 0.0838881403728065 0.272597404250204 -0.00179027079529349
-0.0105289934466295 0.0631563418311732 0.25773310513937 -0.246487357312423
0.0216594613496006 0.0509342057462678 0.0421885939234121 -0.403404572022717
0.0496556126458154 0.0417985316292179 -0.186833528062576 -0.351381985250725
0.080399108305418 0.0208591529044644 -0.297878681043563 -0.204788243566113
0.0894634040286696 0.00786207704014922 -0.291686608637064 -0.0855933573034203
0.0978948820720382 0.0269685554524062 -0.242087056957391 -0.0722156567945246
0.0662608433477871 0.0679761932751105 -0.208913726495688 -0.0683301037107869
0.0405083627041763 0.11127248128943 -0.218618269925808 -0.0658748882561306
-0.0438964350628959 0.141977067537032 -0.242206082716624 -0.123455465699132
-0.149990076166367 0.123581310493769 -0.212030711978607 -0.236482707356711
-0.215647191665125 0.00117447028067289 -0.249709333974453 -0.302407905746505
-0.24310331163525 -0.127332646951849 -0.30025208055946 -0.323159470140438
-0.290643846579926 -0.221419458513468 -0.0699248524020115 -0.244826591554276
-0.268514414204322 -0.0591688749243444 0.0109864149239072 0.100382018688308
-0.243828783879302 0.119226326763856 0.343428151009875 0.0613346211662819
-0.117897530544619 0.198907975687906 0.343686737371174 -0.217850074560866
0.0416331397180368 0.194550770622319 0.107643392848789 -0.415342012706118
0.117178967596412 0.12886633371603 -0.138525874442749 -0.351257756804191
0.174179815302824 0.0813235276474163 -0.246295839526732 -0.202835283779929
0.193852735684138 0.0479739226025406 -0.239689322204037 -0.0740681226990512
0.201956976033018 0.068166670007639 -0.196013014935826 -0.0419913378581114
0.132226287748597 0.133063446899316 -0.16547790725019 -0.0179460582725556
0.0722167097859861 0.209176414336996 -0.193588117396877 -0.00295466332722093
-0.100551627104417 0.254498930744728 -0.245102422259721 -0.0435927748566292
-0.274706234570092 0.178755234450126 -0.233836054379183 -0.163324965187473
-0.339930552252343 -0.0476444077025637 -0.262236979494635 -0.233326131765059
-0.334594556367902 -0.257195396988602 -0.267673483137922 -0.232288735182026
-0.338246108019573 -0.364066667060602 0.0178361930593649 -0.123681156007065
-0.396736894819442 -0.186885548734027 0.0614008275511279 0.197756067316112
-0.432799438436927 0.105289548005054 0.395560162451918 0.156481144355074
-0.250742667218135 0.300592560760109 0.420496977909332 -0.142964899844359
0.0277804839560709 0.328480846447198 0.184198715586535 -0.378479269967028
0.160449306361723 0.21492045161312 -0.0646213093686088 -0.3116157985512
0.239123844631091 0.138145403070711 -0.160436502173866 -0.174744904369432
0.2697927622227 0.079709249633294 -0.152826448011291 -0.05093237208377
0.280923422862047 0.0900497044556142 -0.115446481430534 -0.00260565645626781
0.191895870947082 0.165523791800377 -0.0945568132877988 0.0403539050364702
0.117691491859997 0.265809200235526 -0.145967789738541 0.069220997532842
-0.110053748754133 0.33894537987255 -0.226023828454092 0.0405690438355446
-0.339852154429317 0.236811587506298 -0.236485070724491 -0.0875473022126028
-0.417338992266398 -0.0590032143741444 -0.239892637663432 -0.169294886557204
-0.38841078019788 -0.335788982671302 -0.197560288778244 -0.120397588752081
-0.323183512118255 -0.450391069924147 0.106891317198473 0.0367794335344518
-0.4393095969608 -0.304062376055693 0.107607096996401 0.309455557577166
-0.549981534820342 0.0396906820919348 0.402567775467427 0.262889909383484
-0.364548703276501 0.328448828730326 0.450518200950571 -0.0286130503767002
-0.0130088928324231 0.408462492738585 0.246436506956579 -0.283864543965617
0.170328683039006 0.272871555814174 0.0205273491848684 -0.231529302297288
0.265196094805593 0.17749527107731 -0.0535337883083085 -0.122266480979486
0.304759639501358 0.100023944444413 -0.0440892011621774 -0.0184709134283024
0.320156388620104 0.0979857321986187 -0.0126936100699466 0.0376938875784559
0.227535135765485 0.173223961484668 -0.00612534104669254 0.0954941280499574
0.150674863978107 0.280637458206054 -0.083624522952503 0.135693314352031
-0.100908928736826 0.369478712570751 -0.187277841283438 0.110779712448827
-0.3567930649323 0.257507283452979 -0.219122805366973 -0.0269090641827627
-0.436382437762469 -0.0670608215881482 -0.189338322871825 -0.121552941837843
-0.380894691354927 -0.369924088832405 -0.102813454484669 -0.0082151391658204
-0.251559857980328 -0.449296038097176 0.182357123001122 0.202314261004131
-0.386482952816563 -0.361064505361898 0.142121137716954 0.406807709401072
-0.546794331067857 -0.0439809382789595 0.358461453819718 0.344655318281417
-0.405520610733928 0.278422841123741 0.421623220065324 0.087899629057858
-0.0545654778256588 0.403473501913914 0.272574467422727 -0.154653468279382
0.151598085070132 0.280503631848906 0.0954548591503068 -0.12567969904276
0.249056882459885 0.184174614724939 0.0540851656772586 -0.0551152206864143
0.294047112280698 0.105034199444131 0.0671051597946059 0.0151549204451657
0.312111679621181 0.0947609635182836 0.0936944305572692 0.0742584015019022
0.227113793135044 0.163833801769302 0.0824308399323124 0.14395025194402
0.151250254696936 0.265500824060579 -0.0223490434335122 0.193399148399226
-0.0969799444799181 0.346428821275836 -0.147727028910699 0.161396322533801
-0.343494379756279 0.229372545438488 -0.196229393196659 0.0156111397400568
-0.397665177217991 -0.090695199416131 -0.127043743300718 -0.0909495265483799
-0.312899500263831 -0.368510631953932 -0.00532424264562924 0.0953209828203724
-0.143067743796138 -0.359393741856208 0.235451557743238 0.335238935538845
-0.262439293898169 -0.328583457701084 0.165245988933596 0.462393696197359
-0.42819353348726 -0.0931813016152004 0.289653348599789 0.376827496770953
-0.349289415600177 0.184788253116573 0.353521662573958 0.171838722607591
-0.0693802428554781 0.319460332163525 0.263624270083794 -0.0315543453776298
0.114891118570751 0.23386635594077 0.150783513538435 -0.0223597024878372
0.197985023769152 0.156783711223771 0.146643711582723 0.00981284871163981
0.239348892313689 0.0926246257242936 0.166273645661145 0.0448241237012968
0.258437762779754 0.0828417408142234 0.189201411772204 0.106857902624749
0.193331325764185 0.142822631919719 0.155756206766971 0.187415551623891
0.1231460531248 0.226915465626537 0.0228601078610663 0.244878349981926
-0.0998791390368652 0.282252889388622 -0.122940748763952 0.197778551421489
-0.303756556759673 0.162270337331203 -0.180248554555587 0.0416938147252278
-0.31582337099118 -0.120967573977867 -0.0723108279715247 -0.0642265642546388
-0.198666494794935 -0.327584171227708 0.0731266027933988 0.188551991145036
-0.0154106534379742 -0.200326221699783 0.264930366583727 0.40342342024773
-0.10521808333722 -0.221444293825268 0.187644555270609 0.4619506758694
-0.240513434690886 -0.0932230232199723 0.227249157751018 0.359707432959002
-0.221342461357723 0.0840185392723001 0.284728928671123 0.205298601371328
-0.0564854084619656 0.188465622036512 0.240455657424416 0.0545132347734448
0.0679162651607363 0.146717390697416 0.186191157999583 0.0507993645562529
0.119186621382582 0.0999773055585899 0.212712973543089 0.0577114213054706
0.149758170467531 0.0641827457210089 0.238789421082007 0.0666627381956621
0.167534793979414 0.0595264099752608 0.261547694829211 0.135447123258146
0.132488919808125 0.106970788785465 0.203784957629494 0.229021417057828
0.0778873977324623 0.166131435846162 0.0431074241992021 0.292728542599994
-0.0936861416406138 0.189086329740581 -0.121736356098388 0.223585221776858
-0.232029152847093 0.077947783135024 -0.181796954240126 0.0569343415766858
-0.199153280302698 -0.137928956437135 -0.034817847349365 -0.0410024733075669
-0.057908521768815 -0.247734857683052 0.120191022708363 0.267475206873007
-0.0503795926230802 0.0941692138903292 -0.199738003404808 -0.319949440348988
0.0755820204260124 0.0929485248742733 -0.0536204150680046 0.0109287801871983
0.117887129544283 0.0118938054319855 0.211680155059125 -0.0383226284413497
0.0553062195069355 -0.0742974218196202 0.177970831512034 -0.25259290076204
-0.0252323729236508 -0.0688617073136008 -0.0170417205469164 -0.365248065566979
-0.0297090517065727 -0.0294624476260688 -0.222227745868347 -0.317581548345318
-0.028217659206784 -0.0324497521559422 -0.317093192593025 -0.168785756221735
-0.0287307540456284 -0.0339521215762738 -0.301717581175617 -0.0665479492345373
-0.0140386255966086 -0.0316603940153041 -0.256819225832321 -0.0678513810895817
0.00834731493730349 -0.0252975157629607 -0.233315794909146 -0.079258002520559
0.0404944443555042 -0.0147331349747902 -0.237296480855622 -0.088331540492041
0.0689275453060279 0.0299295144232536 -0.243026858657496 -0.168593484998868
0.0280072129274532 0.106185040139961 -0.202857679447368 -0.28996261705455
-0.0678137972832207 0.105235870905574 -0.226022085241156 -0.350304023178771
-0.13054024607791 0.0520178533574725 -0.311551832363933 -0.362212322639763
-0.194961292040592 -0.0513872642750494 -0.153761087581989 -0.305935964307716
-0.100400644128407 0.0445576211603425 -0.0280034565183015 0.0389042168014045
-0.0444999274065354 0.0863909781622364 0.276383935472565 -0.0112065216639124
-0.00849147469884096 0.0653271343184606 0.250376754969621 -0.260208429070825
0.0242918141832271 0.0527640427157238 0.0222906875746952 -0.409089199966044
0.0532898312575469 0.0401801406515485 -0.207932803948822 -0.34561273735807
0.0822343521954978 0.0167371084707781 -0.309450754916737 -0.188511112939429
0.0912175875715948 0.00186275191533405 -0.295644839134688 -0.0674496708249326
0.101865919053181 0.02001409989146 -0.249374603090357 -0.0574973595194046
0.071424580989611 0.0661552770174721 -0.21635215917121 -0.0560451785306281
0.0474411452798321 0.110999987432023 -0.224703635486457 -0.0550250433431565
-0.0386507872161053 0.146953886351003 -0.248620902302991 -0.112567653219226
-0.145018972672995 0.132513046223168 -0.223515599114598 -0.231731563552341
-0.218521996873227 0.00906052270362759 -0.261071877371347 -0.294276760291912
-0.250833764619445 -0.117273361502402 -0.315885911042739 -0.315680323131809
-0.304264892025749 -0.209839094318493 -0.0803090690976575 -0.240375888865474
-0.274655462516447 -0.0484738378400845 0.0172097564774769 0.102570224862578
-0.239107664936556 0.132172005508513 0.349908263070697 0.0484980249959388
-0.111028522771312 0.208677219582022 0.338546938214172 -0.233516561638108
0.0515374006303254 0.196147426547494 0.0881173137782549 -0.425307820733213
0.125685609129787 0.124842273902134 -0.157141366665975 -0.347620749286114
0.180023569065663 0.0729728386213387 -0.257308302781029 -0.18965264691895
0.198422380454274 0.0357658469872693 -0.243145081484182 -0.0589174453194029
0.207846774343109 0.0555697549831614 -0.200540757562809 -0.0292197656552917
0.140803473150146 0.128927011348423 -0.169926757604074 -0.00768702572338539
0.084125201580035 0.206901770874357 -0.197338989723444 0.00835390051808307
-0.090390914266712 0.26310501052651 -0.2483656409346 -0.0319788811354753
-0.268745245000165 0.194580843886224 -0.243030075025468 -0.156761318717165
-0.346292570585712 -0.0344688701946652 -0.272643039267347 -0.222933856309695
-0.351623641222965 -0.244514529816525 -0.280923145578788 -0.224135374012394
-0.358719717586967 -0.351383417584609 0.0131065253642459 -0.120965099357916
-0.408122682570346 -0.171611797424904 0.0717140948476433 0.198388520244566
-0.428955673466109 0.127702992910005 0.405884606823329 0.142460591764978
-0.239720933806922 0.317283509419369 0.418483767616704 -0.159380438457543
0.0452755035983373 0.331216689791744 0.167088790753289 -0.390193652098364
0.172628418138709 0.209842713545298 -0.0793717882845183 -0.31124461436571
0.248873711787656 0.126986820600243 -0.169388649445634 -0.165948183938045
0.276813659704201 0.0633445013651796 -0.154753410730121 -0.0399644324985181
0.288119090551067 0.0730998734122584 -0.116768423330192 0.00594208613221156
0.202705453891854 0.158140640887763 -0.094591704673312 0.0466456157459744
0.133003901143306 0.260940623810186 -0.145746044598314 0.0796969958757026
-0.0942594169657949 0.348295462813179 -0.22531119776277 0.0519031554652393
-0.330862760461098 0.257013853460013 -0.244261471792757 -0.0803392168185677
-0.425061258494737 -0.0413652886704864 -0.249255215869661 -0.158859739120066
-0.410623735387831 -0.320147343840874 -0.205045714028453 -0.11308571398068
-0.348020338953189 -0.437408463552801 0.109123885255485 0.0363057494413993
-0.457121123618409 -0.28880239615763 0.121824371353479 0.30964600138221
-0.550117630212868 0.0674866175307194 0.416562363821866 0.24899364957543
-0.353611845161028 0.350766697691236 0.454323347549256 -0.0449963492656331
0.00898286908652759 0.412159298501211 0.233609923133888 -0.297325785416324
0.186478351740433 0.266959597932092 0.0103977755127483 -0.234981209597977
0.275818332797962 0.165248988350692 -0.0589510695195049 -0.119404096720978
0.31320168573285 0.0815841070006098 -0.0450088213211385 -0.0155989686488277
0.327983827117412 0.0779552214551321 -0.0110001110904981 0.0394566504300845
0.237771623353421 0.163511701404593 -0.00147848187176184 0.0973816923802783
0.165860364185958 0.273913310970859 -0.0790204268198271 0.14457917079222
-0.0834556209740442 0.378401244058267 -0.183423974222785 0.121593058221257
-0.347127490975423 0.280134582319969 -0.225203013674631 -0.0180636532748583
-0.443631100970459 -0.0468284332330003 -0.197513353342659 -0.113012804747474
-0.405176140892806 -0.355974622685699 -0.103934734217866 -0.00367404811902507
-0.276271651764093 -0.44044212558104 0.191447387358995 0.20027411544811
-0.405241575062479 -0.347869774117929 0.158982255111443 0.404660885154803
-0.551082559015758 -0.0168803103280772 0.37563954022356 0.333548515918973
-0.397010247768155 0.301058503261775 0.430319265651635 0.0740759002664568
-0.0323799108159775 0.408876809526325 0.266108524531767 -0.169256009608013
0.167604924410547 0.27485362152856 0.0915350524396766 -0.131058396578031
0.261731611243809 0.173202833610595 0.052766802417377 -0.0592127031996546
0.302758631089487 0.0880538083906328 0.0685219733354254 0.0114081592314674
0.318573394065225 0.0752395895433284 0.098250346425448 0.0696252995540893
0.236761079102472 0.154884817749436 0.0903829122621112 0.139863931966191
0.166008314313148 0.258865418807348 -0.0129739921737619 0.198740390193115
-0.0817702548747214 0.354562944212468 -0.14253521124885 0.170820113037341
-0.333675700548084 0.248943201986285 -0.200244232730696 0.0233782819894702
-0.405101503379544 -0.0715402931291506 -0.134284668300542 -0.084939669783702
-0.335668207439632 -0.356069601216203 -0.000880349560490157 0.09596103207086
-0.163021204098295 -0.352477418323188 0.24979785347813 0.331499210337993
-0.277839498254703 -0.32039055449986 0.184436376837371 0.459286247346511
-0.432312276837055 -0.0726196163600203 0.30691322344147 0.369036857559634
-0.344112430780559 0.203583869037693 0.365174033458585 0.161278111607317
-0.0529438390386867 0.324293249757106 0.263844751622314 -0.0440389403452741
0.128325957334954 0.227775899503046 0.15267176609124 -0.0301079271267465
0.20784289314909 0.147653069507352 0.149263052766271 0.000941223109395396
0.247137651860332 0.0783914293654255 0.168638952339961 0.0354283130398814
0.263876890399605 0.0673691472702096 0.195799128070979 0.0954175582898688
0.202073164351246 0.134079838363011 0.167357781871571 0.180158212326034
0.135696457674356 0.220802090309263 0.0356371704436612 0.247481596287702
-0.0870441808889702 0.289994234578586 -0.11621007039952 0.206055455598884
-0.297026612523436 0.178761006897342 -0.18339960364208 0.0493936054965804
-0.323430341755382 -0.106483197279086 -0.0786095503924387 -0.060788656112734
-0.218061924876358 -0.320517269653262 0.0825562811118832 0.18682853186993
-0.0258539044215674 -0.198970744028767 0.282890789688729 0.399306218788193
-0.114316864650932 -0.219630962338118 0.206507948936795 0.458575771230801
-0.243449205201942 -0.0811005089411631 0.243933373624268 0.354031241721752
-0.218928580001626 0.0954877871559058 0.297628486290253 0.196631790392957
-0.045615613331654 0.191601654629029 0.246216794556205 0.04396871346796
0.0763376311348708 0.141593664700117 0.191867838013715 0.0416348841868798
0.125151647584503 0.0940326156260722 0.216933663249346 0.0446524996681391
0.154740237198037 0.0557002107445369 0.241711179136954 0.0526496273464325
0.170566361315508 0.050016422661003 0.269455702344479 0.119242002687316
0.139216897010244 0.100730292246507 0.216895570871357 0.218592422488828
0.0859977000980583 0.161663090057206 0.0586639008821781 0.294142603687575
-0.0867315689442884 0.195860994806114 -0.114344180234651 0.230753374760693
-0.228520821068929 0.0901512192371197 -0.183550593906877 0.0643830907838199
-0.205480328222526 -0.128279688295977 -0.0394485194185429 -0.0392690929263942
-0.0714320538057635 -0.245633713785242 0.133850743293156 0.263721152163518
-0.0471782055066407 0.0973229701974498 -0.217180762758048 -0.316761950575555
0.0793289592385468 0.0908121497293855 -0.0526286189218336 0.0173243369040968
0.118648770494885 0.00631664113133421 0.217951090710661 -0.0471296185207825
0.0523307094193247 -0.0772140610369705 0.171538932095867 -0.267895958931688
-0.0287297427394676 -0.0660675428029519 -0.0364741836644359 -0.375323294454136
-0.0317045883037784 -0.0290071210128088 -0.245532750073843 -0.314500814110119
-0.029741599841365 -0.0323726276806764 -0.33143587362661 -0.154507878690462
-0.031581305949166 -0.0330647325714546 -0.309312741910789 -0.0500174536579002
-0.0152304149429713 -0.0324099996147365 -0.26859564328276 -0.0533328690286049
0.00822502326184315 -0.026390090438574 -0.245885299429548 -0.0679217222192229
0.041990604971826 -0.0167195026625715 -0.248798437117136 -0.0791209524289225
0.0708116020238649 0.0285349406287774 -0.256225155364442 -0.161984849442851
0.0334027426630926 0.107026267321788 -0.219082675662729 -0.2908823195403
-0.0656089639482487 0.109599135568898 -0.242627738281072 -0.349973303495698
-0.129669846329226 0.05932916722364 -0.335667710712067 -0.361367546509688
-0.202894408465886 -0.0446300579296404 -0.169392592393965 -0.304176010819092
-0.10294326671647 0.0483233641324111 -0.0254910710105822 0.0446729339750917
-0.0429386336939124 0.0901746251748827 0.285015358610346 -0.022532563321091
-0.00640739946772594 0.0694672596944574 0.246064698909427 -0.277162619066376
0.0280267434580218 0.0549585972075575 0.00240537173967494 -0.421732042104096
0.0571226528761924 0.0388414911580608 -0.231142158560877 -0.344199529899039
0.086442499509001 0.0127254165353768 -0.323916237916609 -0.175333916148399
0.093972809721735 -0.00414311501333864 -0.302351551130719 -0.0511062779612472
0.105756904398832 0.0136225114177327 -0.259596242466121 -0.0432792465657796
0.0780352258649541 0.0649562895691832 -0.226966083214759 -0.0439503889594395
0.0554632005384227 0.111957512570146 -0.234367746187211 -0.0442953804241967
-0.0338906638558452 0.153455603735509 -0.259659891862968 -0.103539973923458
-0.142508895417161 0.143472552873082 -0.23915536392184 -0.229821528962192
-0.224461998337802 0.0178722373498769 -0.277417893340835 -0.290352213490165
-0.263198720967925 -0.109078733528887 -0.338822329278158 -0.310743397866691
-0.32276393429787 -0.200339033670332 -0.0906527431647068 -0.23872090631421
-0.284442771665526 -0.0389428359661834 0.023195804527403 0.106685077110153
-0.238115094500966 0.146742489250719 0.362006081806205 0.0361272072010026
-0.104826314877935 0.221340326665823 0.338770215094831 -0.251991088023256
0.0632299773513048 0.199358722071333 0.0682257685361785 -0.439758837379998
0.135863741545053 0.122276653407008 -0.179513570393216 -0.347765086592715
0.189316342597536 0.0657263555502889 -0.270678293662536 -0.1792287821246
0.205902098831612 0.0237134659311057 -0.249081838607852 -0.0441392303607686
0.216015526183711 0.0426501719191596 -0.20776166625623 -0.0166711801818584
0.151918955525634 0.125982726810109 -0.176157632287516 0.00281173438658189
0.0978211578422245 0.208127673194362 -0.202904125155802 0.0205886837651695
-0.0795356472293066 0.276951084527774 -0.255638160210718 -0.0199274726488968
-0.265245271199475 0.21406751998833 -0.258219207650891 -0.151691302499687
-0.358266125891945 -0.020071715270932 -0.287520584198992 -0.216300783963279
-0.373321007241024 -0.234625026213365 -0.297970580278406 -0.217658493756296
-0.386244023960414 -0.340902181987076 0.00937430004511218 -0.120165425817146
-0.426657345946414 -0.158397108991635 0.0825942950155373 0.201919811757855
-0.431727650186246 0.151257523570723 0.422023966363292 0.129885733399162
-0.232111336369774 0.33893819124147 0.423350520885639 -0.179206404612394
0.0638013893632524 0.336258688636252 0.150383497183608 -0.409192096414373
0.18811951635295 0.206295585233367 -0.0962588644185775 -0.31507200022197
0.262284022857479 0.117650613953489 -0.179847507963713 -0.160445543084663
0.287125776204091 0.0470089065244428 -0.158320945153614 -0.0313797738351034
0.298649408031972 0.0549831978192253 -0.119890342478863 0.0145743809960953
0.215872230549222 0.153004260050587 -0.0955847496603165 0.054840763505361
0.149785513410749 0.259537699411896 -0.146315145358617 0.0917840143796613
-0.0788509870103934 0.363717004043687 -0.22816279389584 0.0649991239815144
-0.32547247378184 0.281101959668228 -0.256710805280479 -0.0723854501218788
-0.438972003532788 -0.0224708615750892 -0.26100844108923 -0.15107014658462
-0.437885603418785 -0.308654511856269 -0.215789860660654 -0.107146807329267
-0.37723278526837 -0.430735286250091 0.114382426906551 0.0376573278667663
-0.481578037653526 -0.275954092695277 0.138146445434387 0.313272562200924
-0.559226452273605 0.0952211978665397 0.437263647025344 0.239090015529382
-0.346117249172113 0.377064619028446 0.464704954871995 -0.0631128275372744
0.0307571451155567 0.421746485449164 0.224123382278096 -0.316216722156538
0.205361279170562 0.264151468059282 0.000747995270810936 -0.240714203064125
0.292613079952134 0.155671563910999 -0.0648668892952358 -0.119286717590918
0.325505206070199 0.0640916029275144 -0.0462291784588353 -0.0120032426388547
0.338751141782112 0.0587848305407522 -0.0100239731313198 0.0422747693118358
0.251727907860295 0.156068476707492 0.00265916368037566 0.100283787486929
0.183317016890306 0.270490569333199 -0.0741837680217762 0.154713172626042
-0.0666211307753748 0.393528290971504 -0.182626587625955 0.13430201973752
-0.339223636703631 0.305135784177208 -0.234985338703232 -0.00938846504285568
-0.45645553784939 -0.0268339538961757 -0.207841753413162 -0.106005882766392
-0.434688872410382 -0.34482717991558 -0.106278016871396 0.000752364137327446
-0.305477003037425 -0.434474730442864 0.204221393297987 0.201690816812783
-0.431692909271982 -0.338958502096695 0.178570158294766 0.409021245211164
-0.560723905141143 0.0100859161188881 0.398342641893679 0.326249006688876
-0.393317585130473 0.329237089498017 0.446022179176142 0.0602590177689275
-0.012288687768246 0.41960188713761 0.263728090726544 -0.185474379409724
0.186376765192216 0.272279394075072 0.0897713775538635 -0.138906613846892
0.276946604287676 0.164978222765925 0.0516359529580943 -0.0632388535678955
0.314778603098084 0.0710807555697582 0.0704030660014646 0.00785128704245021
0.329233998247473 0.0574525781594345 0.103054950654878 0.0649123662470604
0.250143386903922 0.146242364012306 0.0995737816425251 0.139102725770834
0.183303750352294 0.254538714061661 -0.00332275011191188 0.206479912388987
-0.0665942361570001 0.36850551785254 -0.138441367070073 0.182593116944109
-0.327705236319203 0.274001227888933 -0.207723677374139 0.0328970914398699
-0.417915250550947 -0.0540109228610877 -0.143162326937763 -0.0791035761797542
-0.365133281489001 -0.34768413352891 0.00387306907600577 0.0981507303335241
-0.184724698677972 -0.350807887616835 0.270183776605954 0.333685627630204
-0.299206050033813 -0.316867750095555 0.206334235861842 0.465123607373978
-0.44407861266774 -0.0532652772213705 0.328564151331573 0.366718920835245
-0.343404441824776 0.225561187622205 0.383065725054755 0.151118484125193
-0.0364448332009276 0.33400019890483 0.268028742545022 -0.0578510126116825
0.142997291922049 0.225947340903484 0.157704373035885 -0.0377712120840908
0.220994639146352 0.14062478617185 0.153434805590968 -0.008086831447496
0.257300096429182 0.0652615210504534 0.172994687560396 0.026270934708738
0.271905711814187 0.0519300269990888 0.204172370466171 0.0861841244597747
0.213302024141367 0.126713104233486 0.180424058833056 0.175151396148889
0.149279909693312 0.218097430299763 0.0492830325041734 0.253426110808011
-0.0759387093107203 0.302255043595655 -0.109946131204983 0.2174006731343
-0.293412312389863 0.198336625531468 -0.189417966690452 0.0588654409566535
-0.334686111399555 -0.0920306562011695 -0.0845887926799652 -0.0574622014928884
-0.241443185431374 -0.317138095273753 0.093907340301379 0.187278578396536
-0.0359330973737333 -0.200105416488708 0.305667654548 0.400087709299437
-0.126664844131706 -0.219428289587269 0.229504733074543 0.461538418724673
-0.250343323533032 -0.0713088911508789 0.263551101899443 0.352519427734744
-0.219262085423932 0.10825645911113 0.316541353078674 0.189947884712191
-0.0365493873010461 0.197171434197045 0.255955156127344 0.0341802376021876
0.0852479793385274 0.140061087057649 0.20159000258838 0.0331758213016534
0.132684161000272 0.0891635926316547 0.22461798295974 0.0321748615191701
0.16188341520757 0.0478638265087893 0.247743687695216 0.0387853424913977
0.176393409962595 0.0405920411745073 0.280493595555772 0.105616224082756
0.147161543333753 0.0955063383728291 0.233517300140297 0.210171270975303
0.095975398324017 0.161228047023579 0.0757971127999083 0.298975645157724
-0.0798799381942524 0.205369951792105 -0.107355244555379 0.242517591126188
-0.227971128765706 0.10342182811503 -0.188854257422896 0.0746089461286868
-0.214807431290275 -0.120514329057271 -0.0441158918950633 -0.0378725870385442
-0.0868282530847787 -0.247831034085774 0.150254912374293 0.263109738484636
-0.0426452093883938 0.101918265408531 -0.243621738519212 -0.311494128545295
0.0860027706478296 0.087756524039447 -0.050722924198939 0.0239258462966723
0.119285577633107 -0.00162364323002407 0.226052181377227 -0.060774150313172
0.0487495948839556 -0.0814126334633662 0.161175641655842 -0.287388205609015
-0.0333226523596871 -0.0637873547433155 -0.0637397411309526 -0.385736801739932
-0.0340987240340341 -0.0279775599775714 -0.276700529010646 -0.307092448909828
-0.0326239962961484 -0.0321475880617525 -0.350244739370438 -0.134737567472777
-0.0349337259143762 -0.0315509245480715 -0.318210876476046 -0.0281821163707923
-0.0174668814008049 -0.0336645979071736 -0.281445820407463 -0.0322761416711746
0.00852067003194366 -0.0280832513893679 -0.260760022243184 -0.0507319880409952
0.04340619795178 -0.0190336539933498 -0.262344360733405 -0.0641103324087912
0.0740030050195694 0.0259366870234097 -0.273410653215623 -0.149689642166352
0.0399895137226876 0.107899029993578 -0.242611212654981 -0.288127284783232
-0.060671133665649 0.11639207094958 -0.267893185301851 -0.347850268643746
-0.128425638546951 0.0685311422318637 -0.368712626499288 -0.354930675185093
-0.213214036239913 -0.0338477056120411 -0.191982050947367 -0.300803752202842
-0.104399946755472 0.0564544500553517 -0.0214001275376378 0.0496103444159387
-0.0404303526704311 0.096191951218339 0.29575487059086 -0.0397111846636763
-0.00319709896476005 0.0744532698644275 0.237181656335215 -0.30060525562123
0.0334149081640076 0.0572329794029157 -0.0278764743172196 -0.435178415033656
0.0620790444564133 0.0363023727193163 -0.262629231064458 -0.33924294316144
0.0912792471723608 0.00601249345064019 -0.345004075821688 -0.156798590973345
0.0961552604514938 -0.0119745271062914 -0.31070350255768 -0.0289098706880182
0.109586754309607 0.0039595143767206 -0.272092892955789 -0.0217184984758028
0.0864973033419387 0.0615652920554121 -0.23919952933325 -0.0268565304390158
0.0664610935150618 0.112048368074678 -0.24538427388425 -0.0285444584724914
-0.0253163972839654 0.162480255528598 -0.273497647160936 -0.0892733100939246
-0.138330091558975 0.157356667462159 -0.260857512812862 -0.224623095997014
-0.231613580783304 0.0322907741557658 -0.300191830560747 -0.282990673904696
-0.278093697621544 -0.095636285090068 -0.369042580527928 -0.301953555391665
-0.346633974277869 -0.185882964436637 -0.105675453646748 -0.236470751905677
-0.297925304159752 -0.0224403541239642 0.0321747444961196 0.110867631210119
-0.236367417069288 0.1664521156333 0.376677483095858 0.0169471697142737
-0.0951259722452098 0.236872187174572 0.335544339950834 -0.279467847973715
0.079431271615972 0.201962284639543 0.0393664161884052 -0.457933283106458
0.148036921784061 0.117404537598179 -0.20740521830398 -0.346625753984774
0.200555781674304 0.0539573759217723 -0.289969508153212 -0.163889328944608
0.213487887780942 0.00726713663769987 -0.255746661599298 -0.0256753248811946
0.224671156158056 0.0257018832747711 -0.215993215671793 0.0016805289889076
0.166825979638107 0.120025881511494 -0.182823925423095 0.0180527354896321
0.115938404641958 0.207379918253405 -0.20865629700484 0.0371506320394286
-0.0641111776363267 0.292679595019977 -0.264633238674038 -0.00390659820298845
-0.259136104805337 0.239284887690488 -0.276814497714319 -0.140985615827632
-0.371898151168749 0.00322328247403076 -0.306757698136706 -0.204959419284889
-0.401276100508177 -0.216170694131214 -0.320977302870254 -0.206591224390618
-0.421886054012275 -0.325587333189296 0.0044387251170974 -0.119433253084982
-0.451708930367452 -0.137915045155794 0.0980490523338222 0.20499076984778
-0.433539937036532 0.183885384308267 0.444001435707196 0.108675318248913
-0.218597718226882 0.3670651433667 0.427750130693296 -0.208648034438337
0.0893483491798243 0.342908571246981 0.125902425924357 -0.429937846890327
0.208935984479826 0.200175135160722 -0.119140317137565 -0.318412859498827
0.279917223365725 0.103502535498505 -0.194384164732017 -0.151449060117824
0.29926351767441 0.0247748280125058 -0.162808682774 -0.0182639653059315
0.309927599195298 0.0326245382319739 -0.123002874537942 0.0262819117955732
0.233672538827997 0.143939861863768 -0.0953931490047632 0.0652735987059694
0.172803222727538 0.256995659635269 -0.145046087925276 0.10717014231606
-0.0577915595688779 0.383272278936371 -0.23101066945249 0.0830998062295221
-0.314695624891557 0.313737714761215 -0.271810262419167 -0.0591289925923493
-0.455106200917419 0.00612870112710452 -0.277470098460894 -0.138797883974108
-0.473253003824606 -0.288555828827507 -0.229165613136618 -0.096991268559431
-0.419066157911131 -0.417430123269704 0.12154526445034 0.0374500429191504
-0.515604518885001 -0.256054271239093 0.161395696776685 0.316292896194497
-0.565959605795063 0.134768784526743 0.46467308969737 0.219686311754209
-0.334401772049296 0.414301292487268 0.478547457814801 -0.0911590620922382
0.0622036600960994 0.431749747754831 0.207191262352211 -0.339835887717113
0.229978476812408 0.258272251935148 -0.0134814172618562 -0.247923346457922
0.314231451390345 0.139649298323877 -0.0737540673753842 -0.117996405652575
0.340656814699135 0.0395437748352234 -0.0473272440040129 -0.00814572774012107
0.351093286134363 0.0323552940776716 -0.0083161344203932 0.0454316757422501
0.271760367966083 0.144428254014263 0.00969657343636508 0.104355899912892
0.207414622311115 0.265244197449797 -0.0661749203331023 0.166226238705161
-0.0420509438381182 0.412830901162508 -0.179783675576398 0.151995781566572
-0.327772889567498 0.338985685263535 -0.247131804310659 0.0050504614679996
-0.473759259084163 0.00217699328588811 -0.220018968037837 -0.094906159704319
-0.4744181076232 -0.32506529357472 -0.109954631468836 0.00758570565864341
-0.34283670572052 -0.426663169868532 0.224007556911467 0.200991476428293
-0.465309843165138 -0.32436711473722 0.208314302567081 0.412658435814163
-0.574245971933011 0.0470056458833102 0.429285669385492 0.313179154450775
-0.384407779500462 0.365943229219061 0.466132894587225 0.0368451794812481
0.0174346284857582 0.431502987162714 0.259079652759776 -0.208641587094986
0.211096157857778 0.266961123541503 0.0855234920614469 -0.148392701130972
0.298266738490049 0.149497370177591 0.0500262732910803 -0.069304896844623
0.329292358220987 0.0471740785114137 0.0724347575943399 0.00359663471027994
0.341696085098685 0.0319293349346727 0.110167451487163 0.0598186586730924
0.268847500655559 0.134411221496213 0.11243881967703 0.135361539833545
0.204270368449744 0.248490550244839 0.010812774502596 0.214905365120943
-0.0429184497337841 0.386391419600994 -0.131620493999042 0.198690916565217
-0.316643193753727 0.305136559052333 -0.216305809525999 0.0465830277843078
-0.434988282139817 -0.0274317899784881 -0.152863758191692 -0.071312646081944
-0.401171981456869 -0.332336323885901 0.0104651238460798 0.100894042745062
-0.212735044203889 -0.347389436537427 0.299865244013517 0.331693722774414
-0.32877303511616 -0.309995005947069 0.240265448356755 0.4683799783307
-0.457877943174582 -0.0262175445431217 0.359515391767142 0.357214122381734
-0.340318405611249 0.256032042593731 0.407133140135596 0.134249257547417
-0.0130910029597611 0.344854009530166 0.272812945719326 -0.0767421815797839
0.162814161881933 0.220849583001278 0.162706673576646 -0.0490177138280966
0.237846259007976 0.128771764569736 0.157592024237607 -0.0204674702609345
0.269869791164216 0.045943169490545 0.177809573924227 0.0138866065518756
0.282683873206565 0.0321939407019868 0.214851765076967 0.073264989477217
0.228950683131896 0.11590813155841 0.198550446256774 0.16634870382859
0.167515998404858 0.212014745753713 0.0682477675753469 0.25917696741543
-0.0575069343936998 0.318304753157849 -0.0999579527530574 0.23185803406825
-0.286823405937318 0.225517362069049 -0.195012372963115 0.0729356711339537
-0.349847007161621 -0.0721280586544769 -0.0925845886529571 -0.0533293664911992
-0.272350409640008 -0.308377909461269 0.109567722143898 0.186195022209692
-0.0501302941577339 -0.201435375105266 0.339642510991811 0.397995571557143
-0.143951251575351 -0.220154708559772 0.262031775649144 0.465378565193617
-0.25973305038992 -0.0571964099145813 0.291530602048396 0.347910278905252
-0.218441518695166 0.124672045172176 0.339526121581929 0.176980450727925
-0.0228561023634064 0.204452329454808 0.266874386866193 0.017789394729649
0.0965344614006097 0.135173132639658 0.212200626845636 0.0208462044093843
0.142695906990573 0.0815466383246233 0.232954042061063 0.0154536845097342
0.169094368541459 0.0360205096019854 0.254936644312734 0.0212583583188711
0.183365121494705 0.02801125703993 0.293108009875004 0.0867745329616835
0.158384418366437 0.087933565084157 0.256020951588798 0.198387653386308
0.109008004347921 0.157623707115306 0.0979753772788897 0.303284071110428
-0.06885076303073 0.217913611843738 -0.0953728622264188 0.258116252641643
-0.224710421896792 0.121427287113606 -0.192640949826478 0.089571179244894
-0.227183625421586 -0.109459662434639 -0.048869369538349 -0.0364432697630368
-0.107549096863985 -0.247324701258586 0.172124886984797 0.260617462421148
-0.0356997219021346 0.104962622373172 -0.272344885615663 -0.296786928020127
0.0934346034199347 0.0813827834095847 -0.0475320980150582 0.029749331198465
0.119098134680097 -0.0109359022969246 0.228702069928205 -0.0793052200549073
0.042261830733709 -0.0857468456872219 0.14176783318883 -0.305532561140658
-0.0378306018642873 -0.0597893807055785 -0.0986304391181126 -0.387381116275589
-0.0370699475785756 -0.0256403856318714 -0.310381105026738 -0.288073711985347
-0.035221260433936 -0.0308220945694781 -0.367362952782459 -0.105557642468111
-0.0376457037207234 -0.028810141030446 -0.321904653405547 -0.000448794402705077
-0.0209245452522698 -0.0328414155971605 -0.289196757103963 -0.00461455869347549
0.00718300812922348 -0.0302805877368952 -0.271843450556154 -0.0262657732163638
0.0439282439638593 -0.023505917417732 -0.272524913999835 -0.0427033915239988
0.0765656444012242 0.0213204246229988 -0.288923262884893 -0.130854233401299
0.0488582365271965 0.105979241739105 -0.26981930379026 -0.277004933686487
-0.0517424493749021 0.122098101541043 -0.297092445749138 -0.335788383408892
-0.124121007543008 0.0786099063764412 -0.404843043380185 -0.33420089050335
-0.220686331818897 -0.0180222391124199 -0.218609257159586 -0.289080278918601
-0.104987913577804 0.0653752602134302 -0.0154116913473129 0.0548295458204331
-0.034442700071977 0.102154069489512 0.300699737781572 -0.0621750583301299
0.0027082528042584 0.0775495216752417 0.21883751038298 -0.32495855101142
0.0398514206865071 0.0565992722370612 -0.0661443368323592 -0.440646983504398
0.0665525195768788 0.0320261893410864 -0.298851901466365 -0.322459281958433
0.094463432365068 -0.00272209656197484 -0.362798017237996 -0.128658248422176
0.0969588611856781 -0.0214600389668365 -0.313804819537212 -0.000964499202348181
0.111884930400303 -0.00681218533367704 -0.278712076169441 0.0061807028317146
0.0949934390943178 0.0556781115293478 -0.247358214699133 -0.00377977648347919
0.0784351572518326 0.108561468625776 -0.253216899832144 -0.00689577896388577
-0.0122639033001077 0.169961391786635 -0.284306117546276 -0.0685570310484528
-0.127457851148043 0.173126816080647 -0.284160025069905 -0.210066912626671
-0.233744962260527 0.0515724176364153 -0.324955106477994 -0.265738951679414
-0.291110643110971 -0.0752138059168922 -0.400424755402273 -0.279145222774057
-0.370047352455077 -0.161326550651602 -0.124189906807239 -0.23006542041295
-0.307100491128865 0.000660241886484233 0.0427009588293371 0.112203887162495
-0.227113446696288 0.189106997542628 0.387097376986395 -0.0121024000333058
-0.0778585981700331 0.252185439703089 0.321359664653704 -0.310765098990782
0.0989261607887632 0.1999512143778 5.19816301523439E-05 -0.468653073744585
0.161588978255296 0.107953489042961 -0.241935084093107 -0.336061517950311
0.210846419353616 0.0367648128365284 -0.308403760164714 -0.141204427473794
0.217768974668578 -0.0130116657115107 -0.258269025879159 -0.00275847657836837
0.230137556938834 0.00393787291716247 -0.218901016274649 0.0246056825282161
0.181583048861029 0.108270137289014 -0.185285285548403 0.0370325086495279
0.137482579231073 0.201139788806123 -0.209696030498117 0.0570622894935216
-0.0404954321830657 0.305594985678268 -0.269362616656113 0.0188546198999885
-0.242535284287642 0.266658515636296 -0.295131996528999 -0.123293836152568
-0.379387558747077 0.0334707230190189 -0.326564204074684 -0.185665887507833
-0.427545633333788 -0.187345952895446 -0.344397390221091 -0.185984885405369
-0.457085288740832 -0.297159623886567 -0.00164720188613682 -0.117803366219672
-0.472851908320262 -0.105014217079487 0.11721236255114 0.20313492803247
-0.426180479560822 0.223001970082161 0.460898385165482 0.0777128909014323
-0.194713881220638 0.393908403990257 0.422458301278505 -0.243863577821959
0.121594155333008 0.341859334760407 0.0903541019760743 -0.44703631884562
0.230311772137167 0.186708943512878 -0.147936927085686 -0.314035464079985
0.296039293190459 0.0802634422793636 -0.209982894501191 -0.136671578038352
0.306185037118923 -0.00379079275893449 -0.164062226917494 -0.00323914400585354
0.316589172987066 0.00250305879276933 -0.12183555512083 0.0406098184363503
0.25265387494617 0.125957045256 -0.0916122967486054 0.0767644140540232
0.197701174753655 0.246094137754761 -0.138927244223223 0.124129820070734
-0.0255980454765388 0.39755299664416 -0.228676865435175 0.105231171244037
-0.293063290424688 0.346930240531369 -0.284565077150627 -0.0378595139794588
-0.464161919703782 0.043246130235607 -0.291889231495017 -0.11910329111832
-0.508807641645865 -0.253851028483273 -0.241424965387168 -0.081109869837372
-0.460985386590398 -0.388207760108474 0.130027671919237 0.0328496651685601
-0.546789143065431 -0.220266442150697 0.189273424792123 0.311182417740574
-0.562379708543817 0.183267383384052 0.489800051076335 0.188971793484154
-0.307492288980407 0.45076413808165 0.483351938703178 -0.127488408966226
0.101469104930254 0.434111837277588 0.181600368797983 -0.362093767466844
0.256424924927541 0.243551203557933 -0.0331954605214008 -0.251014461907806
0.334615036816555 0.115018172699718 -0.0843392075579253 -0.114007613141491
0.34813077449309 0.00698747565959342 -0.0469611057081458 -0.00342759056015726
0.358350316077252 -0.00143841193791767 -0.00384348187836618 0.0490125012528933
0.290087829324556 0.124238692372938 0.0181303119413873 0.105895966575436
0.233495570197507 0.251445599776704 -0.0532697709264522 0.178049259911831
-0.00723938284385234 0.425590247887899 -0.171264865019086 0.171138466340402
-0.304207713199503 0.374425360755983 -0.253868739386438 0.0254459035095632
-0.483288412646136 0.0419692760950518 -0.231506499494354 -0.0782658394203702
-0.511939799526484 -0.288519786999974 -0.111289628893734 0.0166449478380219
-0.384896929339358 -0.403843919314744 0.247372359845799 0.192121794851907
-0.500775935781162 -0.294359486267492 0.244364042212315 0.405848390098609
-0.577573722402444 0.0936863647323076 0.459704417583472 0.28661515237119
-0.36416736955894 0.406319507946637 0.480747353340817 0.00318209011260558
0.0563989106000231 0.436389939147893 0.244345611476592 -0.233035569498226
0.237715912875072 0.252895659762265 0.0773179632206682 -0.158262997018306
0.31910705687589 0.126166649170087 0.0454577128729817 -0.0758895768539213
0.338226810971003 0.0167886541996576 0.0734431988407598 -0.00254625791131839
0.348048002118373 -0.00121683135195801 0.115997713609987 0.0520753848901998
0.285857132333232 0.112662584417764 0.125798180140909 0.128016308163871
0.228189549415234 0.233685877826405 0.0297164106732481 0.219911792754319
-0.0112937411875716 0.398508881683524 -0.117963148790683 0.214905301828972
-0.29505454689131 0.33821460694273 -0.220367764729063 0.0665048360073183
-0.444304249872624 0.00902901031649384 -0.16102162586111 -0.0591790424429043
-0.438922948839756 -0.302289447509579 0.0187502168321614 0.101980897514458
-0.245261116451476 -0.3347362640563 0.332874162387297 0.320225071638239
-0.360270644334569 -0.290768246652467 0.280924767800598 0.460844291944741
-0.464960962164369 0.00950046459084402 0.390791453067207 0.338140330937604
-0.326189730661611 0.289382768731868 0.427261149389187 0.10614538518608
0.0168326270192386 0.350378174734365 0.270796210143359 -0.0995699054070822
0.184486598279914 0.208799701618224 0.165288227105055 -0.0637133527915895
0.254015500562659 0.109253574258026 0.158867320000795 -0.0353800565227421
0.27776780524098 0.0206334196300444 0.180930817484673 -0.00108258641404034
0.288205874573619 0.00492750721673871 0.222563798047268 0.0547104032993363
0.243440374635969 0.0985266273968537 0.21670449568051 0.150316553833119
0.187707697869807 0.20035106294046 0.090737900135247 0.258845714932461
-0.032681801914208 0.329803775293467 -0.0839786532604204 0.246800717429918
-0.27030923592236 0.253581255181803 -0.19649121099802 0.092052032176925
-0.361631944308703 -0.0439288869813724 -0.098793702914902 -0.0457623548787796
-0.30492464090776 -0.289516241076849 0.126518089985488 0.180592869097514
-0.0666839286479647 -0.199621431831551 0.378804186425662 0.383493062621984
-0.164289115629915 -0.21344953370892 0.301875149961066 0.455524205521429
-0.266733763091906 -0.0382878707559097 0.321676265345254 0.333424323704732
-0.213446333076169 0.145263126169049 0.360942911621847 0.154217585589786
-0.00559854980980878 0.207353388807347 0.274050439279329 -0.00365014095571964
0.108748452913103 0.126745362787091 0.221432679912303 0.00329794409131313
0.152047556863011 0.0700905783410854 0.238088801959174 -0.00566560929304458
0.174462688828854 0.0206663901305937 0.257846024733984 -0.00105515806207544
0.187162732746219 0.0115987053340025 0.302784331342731 0.0615228968618926
0.168599145881703 0.0748438458055716 0.276526190041719 0.177628380526894
0.123225701508195 0.150281772670117 0.125895692811728 0.300502387130374
-0.0522370488858979 0.228210939282872 -0.0781299249801355 0.271696845764254
-0.217034753068749 0.142374883351313 -0.191812883546261 0.107903468319479
-0.238865185687873 -0.0918633509697269 -0.0532642973665841 -0.0333904420292521
-0.130203329128885 -0.241018287596773 0.197872931931888 0.249702581890165
-0.0233192006436972 0.106971959494007 -0.321927332090839 -0.239249038538853
0.10456355785773 0.0612471666345724 -0.0428329078484183 0.0418945716554194
0.114331192623486 -0.037632937374396 0.210012055111221 -0.114789744458013
0.0236065900859599 -0.0981491773529227 0.0843284542271097 -0.320975414944782
-0.0539974584671831 -0.0566351059656079 -0.169004922614421 -0.361415490207576
-0.0520255422482141 -0.019981906981407 -0.357974650162514 -0.219811386027111
-0.0476147956102562 -0.0210349562559988 -0.374843425957573 -0.0318827905016037
-0.0446075978798552 -0.0172510828434534 -0.309379721260496 0.0573094171202508
-0.0287919641635384 -0.0248529279519379 -0.284885184200838 0.047883024874913
0.00182367477083836 -0.0281826086465978 -0.275402690839264 0.0223487627109479
0.038705053524791 -0.028344678050574 -0.276239628023001 0.00436817326623716
0.0788882369373621 0.0118736149711355 -0.305902526821382 -0.0852305609640733
0.0651235013091808 0.101633736945185 -0.311105567337347 -0.237295495654986
-0.0291937229723707 0.133403765426504 -0.343704513073448 -0.287628921714617
-0.10959746773872 0.10181866826391 -0.444636324675317 -0.270106159754934
-0.228367451742317 0.0260804825143081 -0.256583352629162 -0.246972106477202
-0.0894870658882219 0.0871034713939835 -0.00370813786824194 0.0511044633939667
-0.0105295198744335 0.103739185623483 0.27998042760351 -0.120725612574893
0.021219537339441 0.0689304811204976 0.150809177112796 -0.360452112752686
0.0446862733804917 0.0390619308647865 -0.152773002659715 -0.416700215730199
0.0598696339512469 0.0158071793389076 -0.353982290863721 -0.252823415270793
0.0884557823167132 -0.0213329049756825 -0.380573814990187 -0.0539267039350634
0.0868882052932655 -0.0361091296258444 -0.301391744707812 0.0583245467376317
0.105991194073877 -0.0270756493204498 -0.271760482311001 0.0581484270552887
0.105677185614796 0.0392373162927343 -0.248432481073947 0.0403902532244177
0.0987513196888897 0.0929910008765612 -0.252493718345473 0.0353421948384875
0.0209366537431832 0.176558350202471 -0.289717244925028 -0.0282015118333421
-0.0940365046072224 0.198678052705776 -0.311104321149175 -0.167434998117063
-0.21995014694627 0.0962925533583021 -0.359846146107087 -0.208694889733755
-0.30230025390432 -0.0207800304954333 -0.432342754406399 -0.208504853087255
-0.400586549407194 -0.0812350973025147 -0.14491615278349 -0.209100311813998
-0.298270512263837 0.0671903735050317 0.0694305141272526 0.0885552320435609
-0.177842891746497 0.228721252551922 0.371498661818522 -0.0983824482825109
-0.0195344060566508 0.25612604421035 0.248749604455082 -0.373930876366763
0.131695626200743 0.165120087049991 -0.100865105796716 -0.456174058042022
0.167478934419537 0.07001269235976 -0.304943921515862 -0.274570124561088
0.213559771295484 -0.00793252040486648 -0.334262106346129 -0.0768878434258359
0.205123799067042 -0.0512979481585351 -0.248248181981356 0.0488505496421269
0.225124790308498 -0.0406487086449356 -0.210008749284968 0.0671770237519753
0.203091724520975 0.0736099956453376 -0.181413842794578 0.0696930462290402
0.174164969007172 0.171823122371892 -0.200810465225323 0.091617684933894
0.0224138199198471 0.316668562928722 -0.262284293367995 0.0532765640869127
-0.187645895363361 0.311551423677974 -0.30478646976133 -0.0802623271704412
-0.36580895546049 0.105656851755838 -0.347068130970823 -0.123443240936653
-0.45838116053364 -0.107652978321983 -0.363776672009807 -0.117755099124589
-0.510236985106946 -0.194536209102084 0.00219788491213361 -0.123049491496049
-0.478488400924083 -0.000222824563321103 0.166134267567489 0.158425455450045
-0.361832543765979 0.301740139438536 0.462224994881195 -0.0341747876463641
-0.100852674948694 0.420357762501612 0.357632935588505 -0.337372410236908
0.183780072077803 0.297433171617841 -0.0144243751280183 -0.451519424954077
0.251668407890483 0.133129424132397 -0.211273583103532 -0.270512005390465
0.309220357757166 0.0168770139124763 -0.242469144004324 -0.0921970858453972
0.294563194757064 -0.0597136611174132 -0.157096779640038 0.0329359998739704
0.309247275770565 -0.0611769197549261 -0.112110366562689 0.0665405291560076
0.276292949912804 0.076535041511658 -0.0831779073302578 0.0931991053518589
0.242733867850527 0.202991888834719 -0.120909371680495 0.145378131960881
0.0564284831194666 0.403419863937631 -0.209176022205779 0.130119475649754
-0.21952238165646 0.398972778763597 -0.278592534874323 0.000923313536983193
-0.446350636739085 0.130463258013557 -0.301218161367248 -0.0606431773840362
-0.54717922961202 -0.159229283777584 -0.247224880579418 -0.0275175487617692
-0.528128748655461 -0.282367311611843 0.161849187506259 0.00126331099701709
-0.572249580783729 -0.0960647358011561 0.262648720587552 0.249332603130407
-0.503109813063143 0.291476471341529 0.514036044449394 0.0642522106733119
-0.197832145665761 0.501100825585335 0.438743480670072 -0.242137601884119
0.185384742992698 0.390043816145184 0.0869908194730767 -0.387781562332352
0.291001330726724 0.181883704339204 -0.088614212683825 -0.231191479453142
0.356221261718058 0.0413228261004588 -0.117474215461416 -0.0949000199736392
0.337941340482704 -0.0586916568543747 -0.0450644710212607 0.012274325708158
0.349901462221716 -0.0746484925315862 0.00429494303829008 0.0532426322140581
0.31272472509145 0.0651864346174128 0.0304490551716155 0.10352951108188
0.278438912966273 0.200702523695129 -0.0283247295833563 0.183843580386962
0.0809740192283497 0.426151166183823 -0.143573216117231 0.187144380004539
-0.222728215438991 0.42758269613972 -0.23857751233736 0.0597964348104372
-0.46433106762762 0.132907430346854 -0.234968202313768 -0.0293942608771762
-0.558299383056847 -0.19377957366722 -0.105595597711158 0.0502239777666218
-0.452333524096991 -0.312426860908427 0.303069019378496 0.137345101937612
-0.541712677755253 -0.177757758790463 0.336768431692465 0.335517546304208
-0.536148685023683 0.207980323753049 0.508213163182074 0.16572262528996
-0.260382601047648 0.471410289422689 0.464369278277317 -0.115232570778799
0.144595472134213 0.404097528605727 0.174826138617792 -0.274141224152945
0.277386394163753 0.193978278476175 0.0374033545678452 -0.163607888098948
0.345257840967528 0.0549390721257252 0.0170107449381643 -0.0837054260761535
0.331288989541049 -0.0487817143774602 0.0710754046746178 -0.00946672590507257
0.340613112261553 -0.0726211154749392 0.122024919761087 0.03417066578291
0.305950525084392 0.0530324448414628 0.140151532705221 0.105899593702654
0.269351752451598 0.183931039364554 0.0602279318157252 0.211805720347557
0.0714735045792403 0.399331158747711 -0.0838965027790378 0.222713302161135
-0.221242891825791 0.388999918999673 -0.199677486389511 0.0960055825528963
-0.432300497222597 0.0922986258227754 -0.165275743339987 -0.0223397891573449
-0.485933877118942 -0.220600703467 0.0331828711428966 0.111834003870683
-0.298167741397185 -0.272723893235905 0.403328655935417 0.250621391854705
-0.401053272616488 -0.203053917278544 0.378199643603674 0.389110522946981
-0.442016483184426 0.103789043167862 0.452268800674339 0.23542279813987
-0.248917544247183 0.350501458119738 0.435262283449153 0.00103585530593292
0.091052030532113 0.330387983906721 0.231060589564909 -0.151281064096719
0.219621579914511 0.161535867400667 0.142766171282852 -0.0899846348456709
0.277584104300572 0.0518051459694019 0.137948798542066 -0.0666768083710275
0.273607967451507 -0.0337240563757791 0.173688497361193 -0.0299309677833788
0.284503003548734 -0.0555554924606809 0.225638364689809 0.0176565778912228
0.260786723504831 0.0458060702406951 0.233165621152596 0.112217774608688
0.22338884006653 0.158511495385914 0.1278167707604 0.2382742606331
0.0373526831398573 0.333720892638435 -0.044831654789532 0.249830745786663
-0.213111337465008 0.29944601911411 -0.172461344316508 0.120032955234611
-0.360914925853474 0.0250737929525205 -0.103297140065598 -0.0205909077604106
-0.350996031785413 -0.232605310283598 0.149391521818872 0.168686531370661
-0.0947620215189041 -0.177653052577705 0.449733213894776 0.307027364124968
-0.193397729088391 -0.169134515648888 0.391369267621534 0.38716197459753
-0.258899576320865 0.0175683034355253 0.381317479738651 0.254274679983822
-0.170035042400007 0.186857771095664 0.382503072725787 0.068852429789616
0.0410737108677175 0.198130505841132 0.259638968716535 -0.0580945357414408
0.132977439780698 0.0965993774966242 0.213496477847596 -0.0376966979527549
0.167656735415522 0.0350288347518086 0.224735278595376 -0.0527537195512268
0.174705112339048 -0.0155023524042778 0.247555463093106 -0.0454093024434653
0.187747403445307 -0.0288167161353644 0.305123422533536 0.00909221488178852
0.182364231969401 0.03660288712689 0.297783054494655 0.128118565428116
0.151465179467465 0.121468276858274 0.170670266768845 0.27338378732315
-0.00185352800872866 0.236750737375901 -0.0343066200547054 0.275633663537882
-0.181499942423986 0.18003653894414 -0.166965144343645 0.136292131450806
-0.249711681090814 -0.0456827225585077 -0.0593891242439063 -0.0173489151145533
-0.169658054064814 -0.216414037733665 0.22791862071492 0.221249262107586
-0.0174236593684743 0.104840025520493 -0.329397643772659 -0.212177809998287
0.104030999389534 0.0533185781947147 -0.038697922493793 0.0437731277986197
0.107833542569586 -0.0417322869130409 0.201289047334641 -0.126876017892602
0.0163977925340454 -0.0962618731282815 0.0632700048123161 -0.319571806669957
-0.054278291446687 -0.0503407307472444 -0.189698859591358 -0.340522456751462
-0.0518744221683154 -0.0147303186525423 -0.367257415805525 -0.187927432377518
-0.0484436014766537 -0.0182604773969373 -0.367995129029178 -0.00444500141026789
-0.0446407517452543 -0.0135961920314061 -0.295944725503119 0.0763319783019176
-0.0300784505843064 -0.022302126592691 -0.273662295071891 0.0707087197419382
0.000671443590079199 -0.028180621564683 -0.268374235483036 0.0439134223598483
0.0366802536834606 -0.0309488457304642 -0.270124480824242 0.023565715101458
0.0773280036723362 0.0070062597957279 -0.302904589733846 -0.0654246698313926
0.0696752645163356 0.0954492811323105 -0.320626832512019 -0.21444704651578
-0.0202998155787724 0.129432795305966 -0.351370719866581 -0.26232950824512
-0.100358330467271 0.103682296241189 -0.453178591820866 -0.237230036437017
-0.222548547233381 0.0398699916156835 -0.264756055921985 -0.223663188881811
-0.0839565593019935 0.0917823207882994 3.17124702545833E-05 0.0507110519813558
-0.00486931011221509 0.103780108417914 0.267931534053997 -0.135892066688267
0.0247711943080554 0.0680783833638563 0.125930119227423 -0.362298934592969
0.0478953072931233 0.0366407678434699 -0.178827214865579 -0.395633104165419
0.0602974352841452 0.0127196340426873 -0.365373878595039 -0.220804775625624
0.0853727013291024 -0.0294806099577513 -0.374576318434861 -0.0241851989242426
0.0829315503304615 -0.0423537481871506 -0.286516391267331 0.0764136218076387
0.101007535456455 -0.0343518440538471 -0.259280075483814 0.0800935853725709
0.107586207992582 0.0303747564525095 -0.240725119336609 0.0598769790187967
0.103605389938804 0.0830809666061561 -0.244538410715356 0.0528936376654052
0.0326399767758646 0.172651567544838 -0.283857971063443 -0.0086984215427639
-0.0790213633109319 0.200573763391882 -0.315387529746895 -0.146013676433028
-0.209019090891605 0.106213882651828 -0.36333463478506 -0.183787157942076
-0.2968929654023 -0.00232369576053372 -0.437464824859111 -0.178335407512245
-0.397505007083544 -0.0528829445178055 -0.151370728451353 -0.194472322599009
-0.288799723042745 0.0850251901323079 0.0746830544532908 0.0830315650240722
-0.159994385362472 0.235015792113719 0.359118607710397 -0.117855908267633
-0.00275171548029109 0.254512396016973 0.222383072997645 -0.380395790096682
0.140603986546741 0.152704640263738 -0.130176464472162 -0.436054383418078
0.169603694085209 0.0578582958977829 -0.317304349884267 -0.24749247856981
0.209300406568159 -0.0248453546807023 -0.331249024853683 -0.049889575153735
0.1974453627284 -0.0663910653623012 -0.234177005047345 0.0640635665711968
0.215093926942642 -0.0574920170260017 -0.198649276177428 0.08327744951094
0.205088863097133 0.0569408816115895 -0.172566076831988 0.0830796931523574
0.18258090133715 0.155013027681208 -0.190230901047067 0.104838661534838
0.0442182703950321 0.310348795159188 -0.251780626093253 0.0701026674837175
-0.161305524072632 0.318036872391024 -0.305044818090079 -0.0600682140591524
-0.350705500667384 0.125636756385425 -0.34609957225986 -0.101312801520641
-0.45424149605961 -0.0742213538620184 -0.363208036759387 -0.092515253298203
-0.509532855430996 -0.15643910457108 -0.00174791439559144 -0.120326659688186
-0.469878339614135 0.0313924529550969 0.17290490702286 0.144926460899075
-0.334395399834157 0.317543113555268 0.451061876731498 -0.0604505859829091
-0.0711788706700555 0.42147947928725 0.33211653560833 -0.352215540913957
0.199186349787691 0.277702958152044 -0.0448017922047938 -0.437214926187911
0.256631281726077 0.112948934443833 -0.22512801293612 -0.250356121788313
0.304983892343238 -0.00903973493612208 -0.242255513464974 -0.0717931426815625
0.281957903862897 -0.0812603315643376 -0.147888922240506 0.0425611975471602
0.295271446563047 -0.0832469758002408 -0.10305167059433 0.0747720303236936
0.277336479757014 0.0553341351721006 -0.0744210017045002 0.0979744301074524
0.251502603780471 0.180788148206319 -0.108912786287124 0.152366273238049
0.0844146496834169 0.392206112695718 -0.195635897930453 0.142802701020904
-0.186412143561666 0.405401952214066 -0.274941148255804 0.0193478128026425
-0.427889390144767 0.15804626023936 -0.297465980392522 -0.0415366585906035
-0.54514271465604 -0.117550889860992 -0.242922171771974 -0.0109344599824806
-0.533109470951912 -0.23943560326422 0.161986822146992 -0.00793226913470843
-0.566636842593917 -0.0582262783318717 0.273087263002981 0.228321488912609
-0.469872383589456 0.315362184492875 0.507068078307451 0.0336586713094411
-0.161127821600381 0.507672074841739 0.418405740969084 -0.263969877019357
0.207320771839215 0.368517784825532 0.0585880393372373 -0.380812929281596
0.297523904952237 0.157910621690859 -0.101486886160491 -0.222193572995264
0.352813057185728 0.0127806686892873 -0.120795445295841 -0.0835733852547284
0.325570287704367 -0.082748228466468 -0.0405335319430054 0.0144661373871839
0.333356199868456 -0.0999412487767221 0.00896094470121317 0.0535951713752313
0.310736394040867 0.0406147821039263 0.037196158540713 0.0986458482693169
0.284816532787303 0.176289571313723 -0.0149150942424759 0.18460517689669
0.110282617873011 0.413405001503054 -0.127562813031165 0.193879931721148
-0.186678900581351 0.431820937314222 -0.231252539210157 0.0751113129852975
-0.443534419709143 0.162217951661352 -0.23098536138346 -0.0149239166180075
-0.557095956366553 -0.15046403664892 -0.0990843076393392 0.0545971950849568
-0.461393349938962 -0.274652963828126 0.308589550150881 0.117466719018445
-0.541888385400385 -0.139782824684681 0.351133446388508 0.308591155880205
-0.5087139878276 0.236543123934964 0.50585632490695 0.134075812917267
-0.225199029736205 0.482309994355779 0.450931819852109 -0.141222460650314
0.169172420821552 0.382964791747405 0.152035452772381 -0.276551090148774
0.284224564188426 0.169465942734774 0.0277774927396858 -0.164246355311485
0.341969003541735 0.0275088555997812 0.011525293631537 -0.083008923981337
0.319945797925177 -0.0735535295790838 0.0694228124255038 -0.0142986955355746
0.324025162482965 -0.0976259431010027 0.121144329900363 0.0263611604786195
0.303274952493447 0.030129956223275 0.14437998818151 0.0932299410001071
0.275060444496892 0.159278266737431 0.0733825762385418 0.203659483473816
0.0994337842061582 0.386295219873248 -0.0684211481804315 0.225154005169144
-0.187802834086322 0.39408555169646 -0.19061990401038 0.108380824376647
-0.414597876899637 0.120183121187522 -0.162231604478311 -0.0118599560314129
-0.491033200429811 -0.179405673505522 0.0407603877745029 0.107125439048659
-0.307330694154019 -0.246060900961783 0.412737366033643 0.221821612104668
-0.405625886474802 -0.17387000014967 0.39448792883595 0.358405703116315
-0.425452222718665 0.128884766896742 0.456095882773522 0.206638099586519
-0.22068813989556 0.362298366097413 0.427973373893055 -0.0264644855019619
0.110477052078228 0.315111471855306 0.215560322490643 -0.161353533189087
0.224499207467373 0.141729053194694 0.136418109804769 -0.100069969540897
0.275072402739551 0.0297446970441507 0.130569703006405 -0.0754332354360739
0.264632262743635 -0.0541912090964272 0.166483464664099 -0.0404263072420277
0.271260999525285 -0.0758174444679251 0.219772377884218 0.00155880936278221
0.258444472249424 0.0255427326436879 0.234045274138048 0.0909820495635936
0.227585081790573 0.138589959141343 0.141045215175117 0.225445059159646
0.061054782928806 0.32484353521113 -0.0278745402287938 0.248442847590221
-0.18552432830993 0.306073177652714 -0.162655323019084 0.130136100377223
-0.348636075448981 0.0487254761920087 -0.102749028192324 -0.0141877354712807
-0.35832135859624 -0.20198346463385 0.157789681623446 0.154914590472804
-0.102935350314547 -0.167743559917448 0.459301222458049 0.27588874299428
-0.200580457439211 -0.153552336066148 0.406621510195913 0.355018722432707
-0.25191682568921 0.0322138112385585 0.387638258457922 0.228899672275291
-0.154341581291639 0.194633767199872 0.380301475319019 0.044225163536122
0.0533520033340818 0.188874276387056 0.249958545766051 -0.0744477297484095
0.133442933973576 0.0836635056975313 0.209559556601939 -0.0536469859978916
0.165307248141454 0.0210542236489358 0.21589348517333 -0.0689700686935458
0.169251470592224 -0.0283746613054011 0.235559620576161 -0.0597381771532329
0.17900198762742 -0.0423283197319674 0.295328990915618 -0.0127519891611105
0.180676936033137 0.0223042732728816 0.298073809081627 0.101691272421951
0.155134799377456 0.107329965828387 0.18288256406004 0.255983790271842
0.0147718179513493 0.232574092500691 -0.0159194790034385 0.273545572354811
-0.163762962290809 0.185994292856375 -0.156129004429759 0.146035559595516
-0.244277301466278 -0.0277891260431051 -0.0602406295669161 -0.014538045690656
-0.179997689829327 -0.198483235653327 0.236896730565254 0.200662253755618
-0.0145560246753703 0.102787837711619 -0.330948892905073 -0.193082113676645
0.103100910101244 0.0483303259019852 -0.0364608702304256 0.045173449574554
0.10319033666969 -0.0428838403258734 0.194816393499238 -0.132947418466694
0.0126269855432868 -0.0940372988594204 0.0506929465798573 -0.316547210787825
-0.0531487152311882 -0.0455588949043417 -0.201187176981037 -0.325776569837254
-0.051402922886297 -0.0108993527350918 -0.370410663546143 -0.163420741270086
-0.0490177891489467 -0.0160789081899042 -0.35972062856793 0.014213972654787
-0.0433017682913163 -0.0116215060053566 -0.285319336941394 0.0875468170126126
-0.0297664245152981 -0.0206980032771209 -0.263518013244619 0.0836975087930762
7.00479901575134E-05 -0.0281637048949387 -0.262031810190852 0.0578163330618995
0.0349006267838974 -0.0334439296760716 -0.26440910193693 0.034695237059724
0.0760585626956155 0.0044234382976969 -0.300028519843118 -0.0551749786036543
0.0722002817035964 0.0904763804641347 -0.32445736740278 -0.20024355151021
-0.0151986484146314 0.124584914512756 -0.353890431424492 -0.245685539868417
-0.0947529103903636 0.103803102012308 -0.456164792186667 -0.218189408210948
-0.218214801091702 0.048497875919922 -0.267591456092541 -0.208395005382636
-0.0799122285998082 0.0941710515776376 0.0019696766385729 0.0502576067581273
-0.00120764347000157 0.104708021221101 0.260651058852339 -0.144470895209112
0.0276750656815992 0.0686262196411518 0.112464620603534 -0.361373059581267
0.0500752439384456 0.0343591215668961 -0.1922353330555 -0.378368890687731
0.0607597211778034 0.0108019964563089 -0.371249952665463 -0.198138808195764
0.0820301763838304 -0.0340754139725867 -0.367558460398965 -0.00421046009631266
0.079046954378101 -0.0465649716864386 -0.275213510012168 0.0868829870735744
0.097061290259351 -0.0385825396719927 -0.248149838512471 0.0931992447885825
0.108338247890662 0.0247558897703928 -0.234239281892525 0.0721743114965316
0.105711686486692 0.0763571407676219 -0.238590348656996 0.0636227765296584
0.0403514551551092 0.170246892745635 -0.278493811971056 0.000744203141056905
-0.0683025417432317 0.200712420387076 -0.317591778009873 -0.132871511864007
-0.20123890348204 0.110756276549197 -0.362942437702928 -0.168046366763087
-0.291614582430442 0.0076863678649489 -0.438015765317095 -0.15881341544941
-0.391685535292181 -0.0357071494657804 -0.154480621952574 -0.185232796195017
-0.281364838222278 0.0963800708713602 0.0762908813357378 0.0790749198041094
-0.147947037152601 0.239126918794785 0.350156653711051 -0.128891138618604
0.00866430742672243 0.254062215752958 0.206508204171468 -0.384016483833123
0.146003728422509 0.144415077792506 -0.146229617172505 -0.420432050557951
0.170845500993988 0.0507954924086737 -0.32413111078544 -0.227679659743557
0.204859403194999 -0.0367717079397618 -0.326248327220202 -0.0312329215501785
0.190818040286618 -0.0765471633408894 -0.223148356638552 0.0716710298553174
0.206647871347137 -0.0669214499623688 -0.187876346694142 0.0938410673678821
0.20551033246655 0.0465053950371036 -0.165690089700436 0.0918881881636711
0.187021052996429 0.143060016701465 -0.18271526445679 0.113292362533782
0.0587836162938881 0.304926844510713 -0.243817409580045 0.0788063995895105
-0.144525045267998 0.319723174929562 -0.302918591112599 -0.0483313907891239
-0.339138285492499 0.136933781361175 -0.343016981115049 -0.0879791110957047
-0.449668110411338 -0.0555293540883128 -0.360281353501803 -0.0784383013260697
-0.505353073935026 -0.132590392363704 -0.00307051213433637 -0.118442812731432
-0.461671830378985 0.0492170325707302 0.17552367346221 0.136211901274531
-0.316520413557826 0.325361087152982 0.441462502283218 -0.0729429036493005
-0.0526843812027808 0.421600501557049 0.317217701012744 -0.359914346629169
0.209615888563426 0.263528467740027 -0.0625694854237349 -0.424211714431921
0.25708834071163 0.100340519123938 -0.232090188008373 -0.236029500633915
0.29953897095788 -0.0257711478105516 -0.240211445895365 -0.0571465450977101
0.273369481212166 -0.0951614620553702 -0.139808220362967 0.0466717773554528
0.283093549517212 -0.0972600517102407 -0.0956346084498591 0.080517716432552
0.276507836117821 0.0408215070636877 -0.0684071899712008 0.100721923421401
0.255603147498982 0.164829532423372 -0.0996903428970764 0.156793098474603
0.103773156122732 0.383857473144816 -0.185579606169575 0.149182391123296
-0.165093754576089 0.406401903696979 -0.270357089703352 0.0295146591305554
-0.412673877193861 0.172981557934293 -0.292876520496858 -0.0306390659833974
-0.541450611874256 -0.0924494346851674 -0.238461777788078 -0.00172209076836813
-0.532170894052596 -0.212226321131622 0.162415606019398 -0.014536236664354
-0.561474583214278 -0.0340184675270838 0.277489097626517 0.214193588924969
-0.451121354068773 0.327613977017501 0.500653477126724 0.0178766184698547
-0.136947536025421 0.510854514914209 0.404886091399798 -0.276952149498267
0.220165917036405 0.351021682375471 0.0418402639832737 -0.37327647593627
0.299097511832918 0.14187399044335 -0.108009288273786 -0.213925906288681
0.346990210615167 -0.00648553903550757 -0.121946368845569 -0.0742711490028257
0.31511357525855 -0.0996101098103746 -0.0368260855565839 0.0147762380372759
0.318614416925405 -0.113956834342843 0.0132667531025286 0.0536815131413614
0.308068710440704 0.0247295259849344 0.0410005242925605 0.0952146876192707
0.287684532261723 0.159938448992809 -0.00547719606154374 0.183463553616583
0.12905900509185 0.402886339778202 -0.117557542491358 0.198377693107893
-0.162922757150217 0.432525291264877 -0.226377337492249 0.0838244206787136
-0.427158244314272 0.178113003182203 -0.227906009755201 -0.00676257814350125
-0.553119295883596 -0.122693076022447 -0.0944528015083587 0.0571415760485608
-0.462595094315423 -0.250399167274313 0.310909169001303 0.103463449453929
-0.539019608690917 -0.116103173893446 0.356203689710221 0.290307663762204
-0.491083986790774 0.252030432712852 0.502989992790114 0.116635382329869
-0.200209660480483 0.487589839441976 0.440828102133084 -0.156897842190048
0.182919338005555 0.367760698223916 0.137518896158394 -0.276051655606501
0.285708259022452 0.153610037557838 0.0218390166112403 -0.164364083052234
0.337085509662492 0.00786344133140554 0.00753353376795226 -0.081594130325021
0.309622169047543 -0.0893097433975635 0.0685601817896809 -0.0178522977976045
0.310654978672891 -0.111346665628695 0.119863626209097 0.0207468990821175
0.300030858113297 0.0140605397413251 0.144568183091117 0.0834696154562605
0.276212352385978 0.144658709277305 0.0807230351094798 0.198976150783106
0.11684240839805 0.377086060662438 -0.0569679939170163 0.22599144841175
-0.164976456406724 0.393924649082102 -0.184409135010607 0.115760799494392
-0.39975149972988 0.135973458472989 -0.161049922215268 -0.00634437670460901
-0.488176080654691 -0.153734201843364 0.0454167990518134 0.102768293535086
-0.310817310630008 -0.228757256229064 0.417065591356652 0.203363069868584
-0.407116294823874 -0.154721787065257 0.401763633097433 0.337164270742398
-0.412532288701234 0.142948480798346 0.45615919190174 0.189574770225292
-0.201742054625382 0.36848759061782 0.422686765743559 -0.0427645466704814
0.122696288432538 0.303407442499574 0.204871043857693 -0.16554537930652
0.223842728253571 0.128426270008089 0.132237599767739 -0.106540022854617
0.271644247809062 0.0138001880580226 0.124103100914642 -0.081131559997033
0.25689220235513 -0.0669278856660285 0.16077188752287 -0.0473771441703203
0.259274165159651 -0.0879407724913944 0.21442127263214 -0.00781533022481191
0.25442499027215 0.0120799242557293 0.232046650138446 0.0775718216122432
0.229082999786171 0.125957325708562 0.149186992216605 0.216674013851799
0.0759300035615503 0.31765494105009 -0.0171010224562172 0.246874404934488
-0.167019570895681 0.306883656938928 -0.156393537927238 0.13487561640227
-0.337738135019695 0.0621695565824394 -0.103040030817465 -0.0109986426467283
-0.360390866135267 -0.181098700044286 0.161893599222616 0.145678534297524
-0.106472536789274 -0.15941100206476 0.465112498075761 0.255324230790774
-0.203779385235458 -0.141935070019776 0.414158773450106 0.335384347073238
-0.246161571242992 0.0412946255489448 0.389296505369225 0.213127012616543
-0.1423635056363 0.199898364910939 0.376763176712707 0.027497826306115
0.0607851836256261 0.181408226426861 0.242987542273469 -0.082670542800072
0.131402700975319 0.0752313058278742 0.205489759010176 -0.0651106899588073
0.162643026712442 0.0128544174085673 0.20771282233917 -0.079843685901266
0.164037877357664 -0.0360200709442228 0.227219897288201 -0.0685713758992849
0.1721309650969 -0.0500697983171225 0.286441823567166 -0.0256663726217426
0.17781964652332 0.0126864275154282 0.294343887437928 0.0847959219090031
0.156073805461082 0.0985494840734904 0.191702903177453 0.243447266065205
0.0261902940285942 0.228215161814464 -0.00470697532003282 0.269563693444543
-0.152529839375325 0.188884924485057 -0.148560684045453 0.150049018242821
-0.238130567632489 -0.0165732956415977 -0.0606215869549668 -0.0127719887024187
-0.185038755839964 -0.185528813382224 0.24211572146607 0.185687815810008
-0.0139674887102912 0.102895014923158 -0.3354784383275 -0.1827643741722
0.103543509217214 0.0451191092408375 -0.0361799779370042 0.0478645684544047
0.102349939325493 -0.0427420988966067 0.192566101681124 -0.140692580009824
0.0100450320313255 -0.0944958384018573 0.0431600667506768 -0.318995092762862
-0.0526868219496462 -0.0432865166182729 -0.211381571664824 -0.31875853748451
-0.0503250198735805 -0.00844063960373249 -0.377908848287675 -0.14733805729729
-0.0499154135547191 -0.0140870655167648 -0.359271009414019 0.0274890530060385
-0.0432346056284471 -0.0107767425831316 -0.281214743262981 0.0965835786544969
-0.029740763356858 -0.019967816515058 -0.2588718230491 0.0950484739047188
-0.00073593068678413 -0.0285996426146082 -0.260957615819396 0.0704190123066111
0.0338868225264131 -0.0352651519107514 -0.263969733421583 0.0438599432649026
0.0752794869122845 0.00309479240421141 -0.300425298147564 -0.048926281213246
0.0747382364542105 0.0882489410660115 -0.332080626682675 -0.193580123891209
-0.013765538883206 0.121897842385613 -0.359497414718946 -0.237184886349068
-0.0927576896639305 0.104610939490628 -0.462421567081766 -0.209629117223543
-0.218113066765729 0.0545990078430461 -0.271628774387722 -0.200039815264207
-0.0779165660341766 0.0966126350629519 0.00248595921171267 0.051186006382524
0.00212427064448934 0.107271690306517 0.258507964812061 -0.151865207240394
0.0303483074399293 0.0698625365644363 0.10430476001765 -0.365825021619233
0.0528631868144844 0.0335826124370814 -0.203141426148397 -0.371556163397054
0.0624378210538658 0.00958489577623689 -0.379015352097505 -0.182201511082124
0.0800532524078173 -0.0390505698050047 -0.365992734284134 0.0106152062254072
0.0782607177750443 -0.0510017124320446 -0.270446377859281 0.0946845986037744
0.0964611111532055 -0.042615173281629 -0.242487164837818 0.10340852027985
0.11042660621134 0.0204250748280317 -0.231741387300415 0.0835431955873674
0.108773391964775 0.0717895821705022 -0.236939452928898 0.0721647423989173
0.0466603121392073 0.170327217416228 -0.278255634218302 0.00754165755508843
-0.0624960679503136 0.203293436901897 -0.323105438666197 -0.125592946102618
-0.199983922560972 0.113542676296133 -0.366610924660411 -0.159962047720941
-0.292244013429455 0.0151105642843303 -0.4423599351696 -0.149018670582077
-0.393902278133712 -0.0243229487494102 -0.156961422779584 -0.181095169136407
-0.280005136947548 0.105295877921955 0.0779605885783205 0.0774286411698953
-0.140819210851691 0.245767601166263 0.349842267983552 -0.13780659700862
0.0177508671064704 0.257564309707407 0.199453254243455 -0.392103006489162
0.151987833875561 0.139907709519747 -0.158095023142526 -0.413285479162174
0.173847078914579 0.0460960298638426 -0.332815940317083 -0.214466818279814
0.203217473318474 -0.0466631639075706 -0.325605143166378 -0.0176895396201352
0.188420187780048 -0.0856455465436233 -0.219004086488274 0.077360356804317
0.2025126709301 -0.0744928514963869 -0.1813567920751 0.102383446570166
0.208418938041804 0.0380527446490161 -0.163044180854033 0.0996008237808304
0.19250779420223 0.135748193626292 -0.178424919143032 0.121201324241823
0.0708610946002144 0.304829840699591 -0.240444692323452 0.0851712737740768
-0.133983032304853 0.324273158213523 -0.307005716839922 -0.0408857512105216
-0.336757387154146 0.144531676531582 -0.345810740284699 -0.078917287332234
-0.452766307417439 -0.04223482953282 -0.362599393809304 -0.0686134839094397
-0.509564062276147 -0.117189719818958 -0.00337604207792862 -0.11871199940919
-0.461380632952837 0.063217767363208 0.178741175583085 0.131770497731954
-0.306828297985523 0.335691054783348 0.44224335748916 -0.0833327805579265
-0.0378699499041849 0.428883359974081 0.311068854163687 -0.370888619425835
0.218180207268506 0.257076217104468 -0.0739703592232363 -0.419444584015078
0.262551502316699 0.0927107935661459 -0.240277397121514 -0.228316538878562
0.298510738386772 -0.0393288786358465 -0.240276538221003 -0.047017146014974
0.270141477604979 -0.107285396844048 -0.136455650318944 0.0489545533991711
0.276837200654554 -0.107132349484743 -0.0895598082647439 0.0850940286136928
0.278659572442227 0.0300037473504067 -0.0650214314247784 0.104232863608206
0.2613071483582 0.156079378630873 -0.0947181788351104 0.161974961449554
0.118411735939218 0.382197244757082 -0.180109304904529 0.15531412810963
-0.150592662966976 0.411663971455251 -0.272758637280426 0.035875987622103
-0.406940573427339 0.184751104972923 -0.294606973800367 -0.0240852530365232
-0.544996384323069 -0.0755535672416006 -0.237808025561589 0.00441438914495744
-0.536345160500532 -0.197320813805914 0.164487809223708 -0.0195848856873758
-0.564294993080883 -0.0177814486352403 0.28294189387269 0.207099887400578
-0.442244350166103 0.342226894808488 0.503760562560636 0.00727167252662014
-0.11981542933734 0.521353523540247 0.401238768115506 -0.290488584379248
0.231872674825578 0.344074719232761 0.0320176183380144 -0.371191639599819
0.303985386023532 0.132723339690756 -0.114262553467903 -0.211642068677258
0.347356737582492 -0.0221718527059533 -0.123241112881556 -0.0687535053266573
0.311450856277428 -0.113344593309531 -0.0345409900401381 0.0144557631261262
0.311877669008947 -0.125701217334474 0.0167000614334657 0.0539855396694315
0.309885718262238 0.0126381540872528 0.0431650740580469 0.0940188774641466
0.292638405246472 0.148982131468161 0.000368945010496645 0.185878616347491
0.144917490720773 0.400128596672744 -0.110111609167833 0.203016995235405
-0.148345428487351 0.438189323222428 -0.225583713136166 0.0912692261747874
-0.420415518118052 0.190426010229332 -0.228804882849938 -0.00174066861551946
-0.556852345827023 -0.104748989253376 -0.0916798414038502 0.0599424776696432
-0.46719490144663 -0.236417591750923 0.316341833340678 0.0951158939614948
-0.543958418862683 -0.100364816951393 0.364555333258343 0.280955736263321
-0.485329629775189 0.266848418203237 0.508085322336062 0.106863971803356
-0.184104262080334 0.498280826601167 0.440647854477327 -0.171530333498535
0.194716700935856 0.361434923480121 0.130690653040442 -0.276706782361392
0.289869956385248 0.144489905458243 0.0183126578389049 -0.167101818122606
0.337294614874279 -0.00604838537599574 0.00523196756325205 -0.081188202518721
0.306210937380556 -0.102351832736535 0.069092479936893 -0.0213204340051259
0.302832134785919 -0.122488789187673 0.121410266398257 0.0177480172127394
0.299886386750188 0.00280758144458668 0.145082624401725 0.0782331084843209
0.28059110299937 0.134868560292466 0.0879847916056682 0.198251024106314
0.132367385606076 0.374042500344893 -0.0496041828001719 0.229740289189555
-0.151449384006551 0.398506611075375 -0.182921166845596 0.1227715401142
-0.393214912519912 0.147159957588849 -0.162267801834354 -0.00289289597127447
-0.492548876637145 -0.13747438883061 0.049094990400109 0.101035904952168
-0.315699339914922 -0.220165564154473 0.424248846893804 0.193190855796656
-0.412680174249229 -0.143159587563938 0.411255425170448 0.32718362300533
-0.408457723224718 0.155002333535192 0.461454539565841 0.179810525194507
-0.189057579500649 0.377192046457845 0.423885233627563 -0.0565816295776666
0.132997579439735 0.297629556615786 0.20075805271755 -0.170261459346975
0.226639065769367 0.120768054080779 0.130846622369619 -0.113398913922138
0.272171976959742 0.00283646634538544 0.121168278662859 -0.0859757362246515
0.254180949276706 -0.0777197030687511 0.159622216148362 -0.0524575199738921
0.253623270822909 -0.0971232126060696 0.212946329064427 -0.014660188168523
0.254452316050401 0.00198450506333689 0.232105706946905 0.0683030837138927
0.232269672599307 0.117987268887623 0.155689201074646 0.212725646492935
0.0878072460085629 0.315602648141562 -0.00972699112635042 0.249843427680661
-0.156606078189257 0.311643172618761 -0.15406219686841 0.140648956289411
-0.332725764930402 0.0725473313966117 -0.104275612341053 -0.00945643763691524
-0.36541493874362 -0.168431306784355 0.16641520792707 0.140077110499901
-0.110964501633887 -0.156822609227647 0.47414677515729 0.244764492278302
-0.208513646026023 -0.136469805981612 0.421186217248681 0.324254569979984
-0.24455547137863 0.0480780576521589 0.394811359136362 0.206278375684559
-0.136021318254831 0.205643090987597 0.379473800737897 0.0151688839011591
0.0663941430079563 0.177933721714389 0.240883136042356 -0.0898246058969415
0.131039461913323 0.0710513771365011 0.206332628781867 -0.0749731681510668
0.16279457759856 0.00639165848254812 0.204477625762568 -0.0886545904915038
0.162887701409658 -0.0431621705016083 0.223429731789489 -0.0753886148371639
0.168624386347911 -0.0561918457315068 0.283602181807272 -0.0351701185843518
0.177887056144946 0.00580752761997767 0.293720620357636 0.0732174356852859
0.158709859536652 0.0926148442541633 0.198997563447612 0.238615744983157
0.0345526668733186 0.227810453783122 0.00314682303614369 0.271912416984789
-0.14474293842594 0.192522929376376 -0.145934529836223 0.154734325353988
-0.235886232836296 -0.00956408914079532 -0.0627256267542989 -0.0127235407384139
-0.190653218143101 -0.178215946904583 0.248099877790495 0.178125555542631
-0.012414939112216 0.105289040683318 -0.34892022772781 -0.173596068007309
0.105496534649353 0.0427473697436829 -0.0359358470112444 0.0527834969786793
0.104239129463399 -0.0462802042130919 0.19379007874947 -0.150646634184449
0.00711163593628708 -0.0957096613388955 0.0340452606794257 -0.328538537992312
-0.0538568233583656 -0.0411986440574299 -0.227909111832782 -0.317417411339238
-0.0497118980648546 -0.00548446778447399 -0.391928962177121 -0.131219257861038
-0.0517029059771042 -0.012115772059784 -0.364373616887778 0.0445719877137374
-0.0444277748619826 -0.00958893259161931 -0.282506944827302 0.109522618978289
-0.0302591307403247 -0.0189619765422485 -0.259060099875171 0.108974182048367
-0.00101922429212269 -0.0297878405548749 -0.264824878825396 0.0861162021080156
0.0332558859015641 -0.0379896414191799 -0.268641546262646 0.05409306583515
0.0774079236343708 0.00146364401664173 -0.310533715130721 -0.0424041027297447
0.0798348793355554 0.0875491387204309 -0.34933607284465 -0.188031268437298
-0.0125751655666943 0.121899013841037 -0.374203098756408 -0.230984062662719
-0.0926439871273369 0.108652907207633 -0.482717829759158 -0.201052044321752
-0.222428907857067 0.0636773412094644 -0.283144720547904 -0.195308962859808
-0.0773132279174293 0.102208427168423 0.00353311570270475 0.0544384184500636
0.00728373090906602 0.111668078733641 0.26151938248764 -0.163762386827786
0.0355727560111522 0.07311988005246 0.0963115962665069 -0.379390773354486
0.0569389233046611 0.0326621665518566 -0.220952387558611 -0.370118997367386
0.0664516294402391 0.007933845772843 -0.395885732521388 -0.16735084769275
0.0793891721010816 -0.0436069355124317 -0.371342078283265 0.027916767858804
0.0774091809894455 -0.057520917383598 -0.270386884768583 0.107095510201028
0.0969408779009572 -0.0480236853547044 -0.24083793247983 0.11762819520673
0.115766511475024 0.0156594429118459 -0.233401932601186 0.0982601234512276
0.114363550542534 0.0688038402414871 -0.239130504828573 0.0836931147907
0.0556222383218757 0.174665262300071 -0.284710711839662 0.0153240100003114
-0.0561892991067233 0.210054307998698 -0.338297695610878 -0.118652286951033
-0.203620908616164 0.12009830720194 -0.379627400444726 -0.151079995097881
-0.30023746095234 0.0244799516141772 -0.458234523371012 -0.139557202110337
-0.403281954682582 -0.0106392583410125 -0.165213248326866 -0.181304589931821
-0.283098781405477 0.118232869661145 0.0809867657716686 0.0778237904982767
-0.135771119950699 0.25840112609962 0.355258035690285 -0.151963072460517
0.0302134194070582 0.267513908365792 0.193097964452746 -0.410966195220824
0.162214875124204 0.137526679949802 -0.175913162721934 -0.414385913035556
0.18266302579341 0.0407287748503916 -0.349494012531893 -0.203814644385008
0.204780235933788 -0.0578691719790586 -0.330471321546464 -0.00184168336468941
0.188238996125761 -0.0987485863003323 -0.219694318336231 0.0862619674588354
0.203671239737392 -0.0847389492337798 -0.178250269198298 0.113649435561664
0.216862579270447 0.0294608593556805 -0.162221169389523 0.110990740706275
0.202865900711538 0.130977482642845 -0.17834885428569 0.13196325458236
0.0874904675896216 0.31131115643106 -0.242665083820782 0.0949558419200845
-0.124091463107665 0.337643971085735 -0.318646333039158 -0.0324854540702806
-0.34067622618674 0.158421248952279 -0.354884926164982 -0.070403978805853
-0.466427063028573 -0.0279249932723334 -0.373266810866431 -0.0595115501128401
-0.523481203815766 -0.102181704715376 -0.00631773116055219 -0.123551077238777
-0.471130469121161 0.0822924803422785 0.186256314042318 0.129275099851585
-0.302471149112809 0.355868333801081 0.453137950793765 -0.0975352688498406
-0.0203097685022826 0.44571652784197 0.308669459245014 -0.393682074838437
0.235162246727486 0.253875828135891 -0.0899958769074475 -0.423492116872347
0.274053481957097 0.0854039630746417 -0.253599544262247 -0.223332533980223
0.302833666881226 -0.0558160714243965 -0.245144302307178 -0.0353574578191952
0.270266071598601 -0.12560318128395 -0.135789947284428 0.0538835172317602
0.277013047102458 -0.121440315500202 -0.0846012579144606 0.0917164189984473
0.28717468399447 0.0180293606106781 -0.0630654353782241 0.111461441367184
0.273932523492251 0.148819838607939 -0.0897418836511816 0.171405536917253
0.139136699991307 0.388070860374816 -0.177794564807159 0.165934976021009
-0.137219737654642 0.429048117685506 -0.279570835144359 0.0465852928460153
-0.4109861903558 0.201551090960057 -0.302594977354174 -0.0157136018524404
-0.56185449582143 -0.056841754539643 -0.243044024643773 0.0119199825013651
-0.554778905962989 -0.183075054809837 0.169665361050948 -0.0269704614064677
-0.578731640553245 0.00110834446888574 0.295498654309684 0.202312539356274
-0.441846162199082 0.367132091641095 0.518678895267999 -0.00730076780859848
-0.100186745655196 0.542606960234098 0.403176048328868 -0.313558350113205
0.25166495526675 0.342754062147374 0.0198958320694366 -0.378511030173308
0.317577840831744 0.124313015399532 -0.123369454156472 -0.213210258498346
0.353327536086877 -0.03997036168451 -0.126036175620687 -0.0633304518187316
0.313215091999126 -0.13317168765043 -0.0337199702693808 0.0139350239843063
0.30929726708529 -0.14193693106516 0.0213141324586967 0.0549880225173365
0.31805181682301 -0.00134966885685625 0.0464021946863621 0.0951227907244966
0.305155274535161 0.140227221665351 0.00870540078982542 0.192089977790116
0.16789755246642 0.405245608621341 -0.103864362036119 0.213752058987048
-0.133461483539151 0.454006534167598 -0.230220418943425 0.100527274061471
-0.422269175871376 0.209934273924073 -0.234506862543071 0.00516707354382681
-0.576256524184686 -0.0856644700777625 -0.0905759000247881 0.0633687012413106
-0.484560428820933 -0.225901592240811 0.328198275960151 0.0860076771959863
-0.562030594936175 -0.083237992434827 0.38194048970989 0.274669011974591
-0.48617500863653 0.29235911900757 0.525726498908159 0.09480627236662
-0.166196118118958 0.521717018117751 0.447075191623247 -0.193516656180192
0.214198767005039 0.360494269923073 0.124965344631697 -0.286139621697442
0.301913980916983 0.137211812522516 0.0145965739507017 -0.173983830001477
0.344534059813808 -0.0228638066906158 0.00367792591329994 -0.0824798086459241
0.307956674097862 -0.121237523794827 0.0702051020836126 -0.0257807859414505
0.301707613047678 -0.138336068876837 0.125283442197257 0.0132729067813658
0.306881656926807 -0.0106395677242613 0.150222164596104 0.0736399501857969
0.291288456627957 0.12573902511062 0.0987589106083164 0.201184420535994
0.152964802802519 0.378841472157018 -0.040911926861757 0.238405142396977
-0.138230221339745 0.414020785855656 -0.184530536220466 0.1317975463864
-0.394906615830063 0.164357391524648 -0.167468498110579 0.00193078294237926
-0.510541256764282 -0.120149725888781 0.0550936109264613 0.100953181010183
-0.330679670427737 -0.213755064892384 0.442660034766377 0.183978719666055
-0.428116739312127 -0.130874279449141 0.431751427338255 0.320607454716701
-0.412435088685029 0.174132689772106 0.479878960319305 0.171761703731074
-0.177074773971192 0.396523906643825 0.433789314220111 -0.0751461115765607
0.147904366905397 0.297752540567234 0.200408980563076 -0.180006796569552
0.234628259738272 0.115529901113309 0.132059692800476 -0.124577560209671
0.27774815474902 -0.00981785782397241 0.120911391188834 -0.0933105263469678
0.25679600310236 -0.0928221646657704 0.160282337443665 -0.0613057942917343
0.252727748865248 -0.109591108959491 0.216843186939687 -0.0232734922462709
0.260008586071153 -0.00868404495733312 0.237413202095561 0.0594170669186359
0.241967228238978 0.110790203565302 0.168055094186603 0.21347910334452
0.105062451508556 0.320166935145077 -0.000274845074183614 0.256718891676433
-0.147224317400228 0.32485629468373 -0.153994815661516 0.148664083783932
-0.335298360882764 0.0850661524337874 -0.10942388256404 -0.00702602769451436
-0.38155862690075 -0.156022095069676 0.176972172556523 0.136336087349967
-0.11854279917118 -0.15713834152573 0.493796778180561 0.236948402308901
-0.218434381213135 -0.132556448252167 0.44339969091479 0.318101124162145
-0.248010457620349 0.0582042752313223 0.411419601708272 0.199540078893273
-0.129218002532777 0.215814436429742 0.389520280013163 0.000599228752380139
0.0745099703035414 0.178219421861362 0.244278945724063 -0.101276664544929
0.134711056782115 0.0681091499410367 0.210149067536299 -0.0882167914454484
0.166047140170136 -0.000167143994517949 0.204902013553817 -0.0993522574950629
0.164987471509192 -0.05188978436489 0.22451696468762 -0.0855142567213184
0.168486922669036 -0.0639259924047082 0.286135438900291 -0.0467076473900168
0.182015579640646 -0.00171863584618934 0.299673147504421 0.0618799732303103
0.165532175805881 0.0884999404055244 0.211870123433062 0.237226170903364
0.0456034361141658 0.232429853699589 0.0131764921280005 0.279069799699067
-0.140316427604953 0.202527290538738 -0.145637914385557 0.163682455214213
-0.239000363042688 -0.00256899386814024 -0.0662374296230943 -0.0124433674308741
-0.202399301364133 -0.173056626358253 0.260761570055135 0.172555652403045
-0.00228783375108079 0.112631382553427 -0.37991469702599 -0.145974515537295
0.110594283138208 0.0281264648007334 -0.0345830880650786 0.0686837062557874
0.0984040307241753 -0.0651206808817898 0.186535041534109 -0.166002761158693
-0.0099767452075377 -0.100791867213005 0.00774493336660702 -0.338507939406504
-0.0655573298256981 -0.0342385966197382 -0.266683908808289 -0.301080765788477
-0.0543046531807651 0.00527357749087322 -0.412763749114547 -0.0859592893178796
-0.0573169281971684 -0.00203042501749923 -0.361175757339565 0.0903054001335255
-0.0468514969146361 -0.00298213145030032 -0.275015236657021 0.14660663898025
-0.0330671259907968 -0.0157090183229612 -0.255883431016424 0.148063076060411
-0.00419448645010961 -0.0332952048561816 -0.266997659026179 0.126655107696644
0.0284221057099638 -0.046699477550125 -0.275610307086401 0.0898575494662247
0.0818036124922365 -0.0132220053186046 -0.335476784891506 -0.00970442076676809
0.0981486944643549 0.0729814622262092 -0.395709300631182 -0.160647327510973
0.00490774537355047 0.121449421425571 -0.414035812155142 -0.209373286429388
-0.0828908117233737 0.117636864499902 -0.516460320611365 -0.169095682165624
-0.218257920669793 0.100355514385253 -0.311172446441276 -0.191475908552166
-0.0632908208298871 0.115138718260261 0.00295734991197149 0.0531939838425708
0.0248005796102828 0.109051469948785 0.241559168218486 -0.196499125959215
0.0465421537323185 0.0641244454402321 0.0527179580614267 -0.3980233021923
0.0555683911132607 0.0230235559562543 -0.270645891681279 -0.347458775614327
0.0649294067240686 0.00373942904250898 -0.421435613978564 -0.118600975548691
0.0712719197576154 -0.0563567325048566 -0.37350536479675 0.083761517158286
0.0704788695270591 -0.0678107398615537 -0.261718764694674 0.142517925556756
0.0910846129896595 -0.0629280372486409 -0.234469419720716 0.154475158901469
0.121007178904426 -0.00336131471542361 -0.23500582586181 0.136021147712144
0.125051151742865 0.0493919035061757 -0.243770103287176 0.118025092770008
0.0857291905577963 0.166106418562882 -0.303806369794895 0.042358461955188
-0.0249654758072158 0.217255361296066 -0.371801932108532 -0.0970376260992929
-0.194629423606048 0.142714222229162 -0.40030236867247 -0.118354093328209
-0.312844472868464 0.0542746072448308 -0.47652390141805 -0.0948267568458162
-0.409710751214053 0.0517181344177588 -0.182951596241712 -0.200764657573337
-0.266705899588999 0.159459546250097 0.0836722782905428 0.0566141238599169
-0.0962733013899184 0.27762165736942 0.327609782248392 -0.206435742486015
0.0742591546410582 0.260810068612668 0.131608841369637 -0.444951029596778
0.175319190485033 0.112180054930594 -0.234891309906582 -0.390137007643112
0.185724530700192 0.0212208822039193 -0.380689491627628 -0.156324133353032
0.197259287173393 -0.0925020091556528 -0.340210377200563 0.0556366307827109
0.176819190996662 -0.123138491193141 -0.209195363720894 0.116469771609511
0.192331463258444 -0.116506540039801 -0.168652895140958 0.141469888146357
0.225189796247129 -0.00363333164873374 -0.16103255974672 0.141871616874925
0.221899010220168 0.100043676367755 -0.176052816935835 0.162489262541721
0.136768389203421 0.30096081531461 -0.253558398827468 0.119306607333604
-0.0786901456813123 0.356855351045442 -0.340568656413266 -0.0146327006064247
-0.333599084094871 0.200595823299037 -0.358557143447935 -0.0332804799087557
-0.49399390883255 0.0201607962667109 -0.371098470278183 -0.00944818942852377
-0.541438291457971 -0.0248234834508089 -0.00736894073234092 -0.165053040953086
-0.458921098455158 0.148061893067875 0.198716415316969 0.0860082670152243
-0.248982581000681 0.401453397909469 0.425247481075567 -0.177873465254652
0.0553386833897959 0.447335580586121 0.236483680954941 -0.448929542655427
0.266714143695838 0.218664060319116 -0.155456924801391 -0.403827234837513
0.283711346108464 0.0530578941738169 -0.288924342639822 -0.184758701376291
0.29772407749609 -0.106491831185921 -0.26258364138782 0.0160463386327968
0.256919428114204 -0.161186543232148 -0.126786060190262 0.0722637367529426
0.260165068507172 -0.163243324612787 -0.0744642131308935 0.106557427924417
0.295726358615662 -0.0255271675493767 -0.0577961273813194 0.12947218527817
0.295304754265987 0.109686332646965 -0.0793585403310338 0.194609380406391
0.200737753586172 0.371874796600968 -0.180090548456563 0.186781421654315
-0.0812059972058798 0.45202036103486 -0.291297032050314 0.0601286373060926
-0.399251664406126 0.255974853468979 -0.292265131377367 0.018730651734797
-0.598834637141513 0.00301863945245692 -0.222630824985517 0.0581386355411681
-0.580903457047625 -0.103572290201177 0.187136653577995 -0.0841764385846674
-0.576439496193103 0.0811194495929278 0.322065443431821 0.142354767344077
-0.385741268376911 0.43254787687939 0.501383754750536 -0.102408033192568
-0.00897212108165675 0.558789681872142 0.33544072314122 -0.386198031375924
0.296830068995863 0.303632456724291 -0.0427457967759042 -0.368331181830167
0.334290078124586 0.0852724184706582 -0.156746563379323 -0.188404624546107
0.352271724392341 -0.0997735354678445 -0.148066751174515 -0.0261125912618938
0.298668663745694 -0.175106112881245 -0.0273891604639332 0.0203868568608754
0.291067536682988 -0.188617475896678 0.0308087609519914 0.0541300373347584
0.322441526754344 -0.0469885814154298 0.0540854183711967 0.0998139349577407
0.324328657722624 0.0983205825182507 0.0259714770745124 0.205845902598562
0.230731623047946 0.385505798421488 -0.0968901895260198 0.228636070123082
-0.0739806579056351 0.478344110645941 -0.232716249649349 0.110763169728914
-0.41130987432243 0.265732990610682 -0.218416251941431 0.0337867644150113
-0.61661946402387 -0.0207300689916238 -0.0583483869575819 0.0990378608938207
-0.516580920725537 -0.157777460825496 0.363353278497911 0.0226477038137459
-0.570534274265651 -0.00713597593942292 0.423784186604989 0.208727981961068
-0.441892896436727 0.362214941427333 0.525596617431312 -0.00305685644846639
-0.0782819569294736 0.548090200417459 0.39520153261396 -0.271264908740442
0.264625535382472 0.327286443500904 0.0721731632752431 -0.289521346658525
0.320531318997163 0.0991009443370107 -0.0120438825599344 -0.166632894227763
0.347014131079681 -0.0814701556532468 -0.0206344372152123 -0.0633293027599122
0.295523304201231 -0.163283884439836 0.0732892950292424 -0.0335497107870384
0.282681174663055 -0.183215597903015 0.132983372745562 -0.0018955130743881
0.308735441878095 -0.0549720087187654 0.15896671366211 0.063913864087565
0.308036680966793 0.0868510522694732 0.120949262440924 0.203613388564274
0.210653922387861 0.36151854270283 -0.0259132405086569 0.248573450566366
-0.0852561658729105 0.437687508644489 -0.181114291255351 0.139600423738973
-0.388285575204929 0.216390697480112 -0.152071995046146 0.0235749198811973
-0.551555804421191 -0.06424167032089 0.0924824267062426 0.122915218640391
-0.358415404335573 -0.170836536380439 0.48856383215912 0.126285430762677
-0.441806507184852 -0.0751550692849885 0.481912914782346 0.257849410529046
-0.383823993042702 0.234489588845952 0.496290947203987 0.0887497698869886
-0.108182597009893 0.423802675427743 0.404434311377279 -0.147143087084834
0.191575910378857 0.27237531921372 0.165099882203871 -0.195065761343478
0.250992902066353 0.0848282230698321 0.114586039038689 -0.133416298088444
0.282061438555553 -0.0576985724525885 0.099020213719933 -0.0943995940362455
0.247761754564784 -0.128477849647023 0.160339271973246 -0.0804833254817806
0.238000438826905 -0.146433098306007 0.221962219975033 -0.0512262576316144
0.261080726848213 -0.0451748326288291 0.249511713064855 0.0373491391572315
0.255244944531099 0.0798659407614436 0.196899274508106 0.207010966163514
0.151064942561135 0.309629579111676 0.0216924917563011 0.264213342064503
-0.107252874156812 0.348212337136193 -0.144713388117699 0.157968072606656
-0.335831039563149 0.126859711811595 -0.0969480446820831 0.0100018840364247
-0.420582514343047 -0.114611090966743 0.214755090903981 0.145243657041839
-0.136951245389897 -0.145373027794871 0.541485201079467 0.192270494204297
-0.230414043848539 -0.105614689531797 0.494309266461439 0.26856540492637
-0.234975280718274 0.0935472957372019 0.438801628858613 0.1392036359637
-0.0892795283529607 0.234072782480479 0.380462366314293 -0.0571942835005831
0.101695056475639 0.162608773273107 0.225326121281599 -0.126155923703457
0.143744015521126 0.0494109052785299 0.201691902587527 -0.111323693582389
0.170066833555056 -0.0291763535454058 0.186567311168155 -0.1185275764074
0.160437577202342 -0.0753647561526056 0.221837861133137 -0.113970717262541
0.160258584754319 -0.0885542694929813 0.290948369182716 -0.0840548887049025
0.182206320387633 -0.0260794003799442 0.315601108950576 0.031315655289715
0.174995532489236 0.068350182281174 0.247138491451478 0.225416885532257
0.0766747152160255 0.229134597052539 0.0404384841271273 0.286813121264391
-0.117378650540197 0.221219985912115 -0.131804388646811 0.178073882148116
-0.247017874256737 0.0250186931971715 -0.0610009592598025 0.000883269532884293
-0.234583139977683 -0.152271869418677 0.295344311445358 0.169177503240969
0.00492087995417331 0.115367547786382 -0.397124505004331 -0.115855317249921
0.11314868078385 0.020303124681158 -0.0274006132088726 0.0768217023521539
0.0950003173384349 -0.0732535338396 0.177858143308147 -0.18626286346928
-0.0186111657154778 -0.100865601580777 -0.018995203136828 -0.345996371299053
-0.0670293435329126 -0.0290477837541966 -0.29723367681304 -0.281267940617907
-0.052411254904929 0.0102141063536262 -0.424375214391887 -0.0463417056030192
-0.0583719967973005 0.00349833628339434 -0.355417171209642 0.125506048461811
-0.0480605887030737 0.00075736295216439 -0.264367671630231 0.172943427918333
-0.0342999813332845 -0.0134278642245216 -0.243336979754976 0.17506799151549
-0.0066727748899903 -0.033872019239304 -0.257162607026054 0.155867987058356
0.0241295277149135 -0.0505559862860021 -0.27255323923783 0.114870267273771
0.0833564807097644 -0.0196580952860549 -0.344806168973958 0.0161379356456845
0.105894643084895 0.0642821400052193 -0.416681049660306 -0.128965201901171
0.00989380480464142 0.122930703891404 -0.434406328013586 -0.180266096300726
-0.0753403113761904 0.126576726752291 -0.542530243871582 -0.129385529052858
-0.215035339526562 0.122366720954579 -0.331404171422004 -0.168051515875693
-0.0561061003924395 0.122449754439597 0.00800113621518353 0.0580542708698524
0.0357623059173484 0.109879732123042 0.231497508556878 -0.221318363383205
0.0552915559380993 0.0623226646208926 0.0197278418314188 -0.411045282921342
0.0598939239852693 0.0187476174200588 -0.302820705446215 -0.327959437228691
0.068745999628552 -0.00293754963227723 -0.436022770302939 -0.0780824918219128
0.0656242038018674 -0.0642990863594838 -0.366903903483675 0.119189182928895
0.0634392188458208 -0.0771317775346374 -0.2512456978378 0.167926249153029
0.0861868426183088 -0.0732494417419192 -0.219643150619737 0.178977848566052
0.123277919186575 -0.0161687523990618 -0.224256981480596 0.162346330363779
0.131377390777842 0.0382028740315731 -0.237259318571512 0.142226095508706
0.104091847259931 0.162529046847809 -0.306900833072578 0.0672886271983342
-0.00636315028303587 0.222352421876545 -0.388417579184764 -0.0658406551872173
-0.190012378378175 0.162371209597209 -0.413702493805267 -0.0878766243189178
-0.314932459390183 0.0827401595595244 -0.493240625859913 -0.0564004545217474
-0.412212280540237 0.0887812871236563 -0.202587495016193 -0.189158315010011
-0.25844797392329 0.185280776196117 0.0895756150364907 0.0538056967418252
-0.0718815196854984 0.292436603397498 0.317923554539299 -0.238365214345374
0.10271347941028 0.260397149218422 0.0961917121516 -0.465877927105642
0.189766771287606 0.0984877178437979 -0.269885904748746 -0.374197325305656
0.193385068133093 0.00410379122020874 -0.398775479439464 -0.12235915449602
0.189342871206038 -0.113400381355754 -0.334715500891796 0.088276562192298
0.16612750527501 -0.145028978600045 -0.201202310180593 0.135991359052145
0.184233106697573 -0.137078431039003 -0.154992039063582 0.159119136963939
0.229392805388175 -0.0254391381216493 -0.147862244446917 0.161062460960373
0.234430768630669 0.0811823976299483 -0.162447950445274 0.181938691919637
0.169384061494115 0.294389204519636 -0.247580906194157 0.14177483399014
-0.0479106620545961 0.369899801037638 -0.350577312499838 0.0155981930522733
-0.324570392321806 0.231877265294447 -0.3657120911779 -0.00431519366058561
-0.503317328722309 0.064586384567435 -0.377659442143835 0.0206767862049677
-0.552900489581729 0.0217379687583775 -0.0218089217857785 -0.168458406724349
-0.453972740818317 0.191238450769866 0.207319132954924 0.0728569247251423
-0.216500125544525 0.431660757925827 0.4204927148268 -0.216223085382684
0.100916295188283 0.452640059794346 0.203043281472059 -0.478631646514505
0.290352549163224 0.197435920503571 -0.188513335872969 -0.394755977355898
0.296298397387849 0.0271121861955699 -0.308595066502829 -0.160619834636009
0.290330504086675 -0.137394889735373 -0.259154536828872 0.040278865352476
0.243076064324862 -0.191382636383356 -0.12228062047956 0.0836154259604851
0.248072146365132 -0.190185338932559 -0.0631168459925123 0.114757235649985
0.297196813536495 -0.0540399460720517 -0.0459991463528681 0.139130100038301
0.309483535753407 0.083893850627592 -0.061654682431721 0.206305077019736
0.24179282449849 0.360358005358669 -0.166179349072319 0.204288374634355
-0.0393060857014033 0.466021846038412 -0.295717330179606 0.0877857224157526
-0.385797955040531 0.294554462898944 -0.295373113892571 0.0432359449250157
-0.609620988322625 0.0579804486356491 -0.219987767871112 0.0757583918813913
-0.599478097264002 -0.0553593683118873 0.182346251503085 -0.102126185316927
-0.580308546774277 0.133496237441454 0.337380970432761 0.117989326473345
-0.353686595164373 0.475613648165466 0.503499554612692 -0.145635131326946
0.0461361608631732 0.570445665639058 0.308106570065185 -0.422253658148252
0.329389392506528 0.280373216857178 -0.071821729364377 -0.368308399668462
0.349464296669782 0.0559954491413263 -0.17503540593903 -0.178646581202543
0.34607302786202 -0.136503391852047 -0.148453541592011 -0.0131074354870697
0.2842748159785 -0.209035003192741 -0.0265859208341168 0.0206758276363662
0.27557419678912 -0.218334481238736 0.0382015145626804 0.0515873224638189
0.322964842680938 -0.0789915795100146 0.0636624957601725 0.0978650174500762
0.338017393307185 0.0704611231247542 0.0479268662778811 0.207548618453276
0.27404846017316 0.370029330724739 -0.0782440951365998 0.240906429055941
-0.0304126855580779 0.49223850395771 -0.231660758046057 0.133818773797758
-0.395082814418151 0.304047910782934 -0.220610198481836 0.051717380779582
-0.629147626012883 0.0356373054957253 -0.0493784490818243 0.10339249566124
-0.539186866512485 -0.117654601839721 0.37106545298764 -0.00641385998289265
-0.582519889987305 0.0418425963090801 0.44579571930087 0.176765713859508
-0.418123433314371 0.408542523304139 0.536354195539566 -0.0442224158353768
-0.0271797579830797 0.565265950558553 0.378282509288675 -0.311338872142388
0.297694422648056 0.307180630273412 0.0508811019731931 -0.297946026582997
0.335665180358866 0.0722527281483082 -0.026820254576873 -0.170789537078893
0.342845534328437 -0.117354003608781 -0.023110295971138 -0.0630851558141158
0.282212569729701 -0.196982657411254 0.0703558190694011 -0.041730393971173
0.268567815030744 -0.211120087751436 0.135022839810071 -0.0154140776289579
0.307896337298969 -0.0848039352860994 0.166156551868752 0.0520534543689887
0.320380292690627 0.0606551560884055 0.143921802782129 0.197126781369531
0.24980430147962 0.347056525513788 -0.00364292684696463 0.255725413146583
-0.0457639092292337 0.452498217351472 -0.175383276606788 0.159401051659806
-0.375439797336357 0.251875264299021 -0.154388556227634 0.0372929386240953
-0.567117807562268 -0.0135128557391256 0.106198765248882 0.114898107339708
-0.379442075751142 -0.142640314083056 0.507841358846314 0.0882309294354818
-0.456498676756082 -0.0385424098022189 0.508650285880474 0.222419881363322
-0.369020810162804 0.271601571484939 0.513035888179426 0.0506922147745707
-0.0686109288334363 0.440727792471671 0.396022272772793 -0.185691166794332
0.217169063060363 0.258202448934064 0.151495070688303 -0.210467243621034
0.262730323418027 0.0647315629820044 0.104689873661794 -0.149894922539923
0.279354816021213 -0.0863648575973326 0.0936142296921483 -0.105364031490052
0.237043718878208 -0.156173672539244 0.154490872707483 -0.0966244616834962
0.226633844163512 -0.170102028545161 0.219856230641826 -0.07241829085731
0.260179544319528 -0.0702186909814334 0.254075401839795 0.017158601947025
0.265532361532797 0.0583149782444017 0.218913191293966 0.193088908344463
0.184238446697464 0.300214340021351 0.0448555418033222 0.266758119087452
-0.0759499636549382 0.362129394547276 -0.136690178517494 0.174393868859514
-0.328962231649998 0.155750029318708 -0.10065733464398 0.0180230833369515
-0.437043427477814 -0.0762710490847685 0.231448360740585 0.127010263462567
-0.152272870209404 -0.136188835795537 0.567343464571361 0.153507295036399
-0.24367365221859 -0.0878748850463022 0.52188658160162 0.230169374500522
-0.229179153851626 0.115082133763037 0.457406762572268 0.107630301556584
-0.0683023002407739 0.245490128861525 0.379893145294381 -0.0914756677646154
0.116588282433793 0.154238285291718 0.219271999066483 -0.146885652507559
0.14886704789855 0.0383777592610155 0.193786627630201 -0.134294833768244
0.168683754444379 -0.0464059472450723 0.178985867484565 -0.138131184302339
0.155389563251572 -0.0926262965186121 0.212929632514213 -0.135658118068609
0.153513102410729 -0.103352558332398 0.285582912308083 -0.111250556713666
0.181856269329593 -0.0438084259659016 0.320284626456649 0.00405739938041004
0.182850937363475 0.0536988378953345 0.27129321114847 0.207635932425185
0.101156449315218 0.2246449687675 0.0665075439796351 0.289063410441617
-0.0980913468847646 0.234540112048073 -0.121520421459053 0.192964950103112
-0.247477850664806 0.0448973446010492 -0.0646420280844994 0.00537089296915334
-0.251342966451133 -0.130928823247527 0.315064568090742 0.144091387706758
0.013599875466521 0.115043049172469 -0.400836130991496 -0.0795618506754183
0.111427028019296 0.0114281017060914 -0.01703148617773 0.0813864945046061
0.0876785045730935 -0.0801796024600269 0.161419476138494 -0.200568202408274
-0.0260313644030255 -0.0965307022419579 -0.0486649584216398 -0.340542839863061
-0.0662450750918697 -0.0232852867597709 -0.316892191470323 -0.250172067008408
-0.0488284183008264 0.0142910096666148 -0.417753363092998 -0.004040001376599
-0.0568914888574764 0.00973042087338487 -0.334823017765957 0.157957973434399
-0.04798859997336 0.00517006050644719 -0.243515080395969 0.194974767163215
-0.0343430280639714 -0.0104515633389367 -0.221141066558578 0.195766991476917
-0.00959003551804485 -0.0333724047321732 -0.235561906925613 0.179567456578327
0.0186252230477927 -0.0520995582332786 -0.258837268843847 0.137248476929452
0.0812681558597925 -0.0261980866610714 -0.339913269933917 0.044792156195906
0.109012768554523 0.0525584001364458 -0.422545739130743 -0.0896638691137572
0.0161949189347374 0.121233380300148 -0.439877572491236 -0.142751229771553
-0.0636981512342409 0.131052831895047 -0.549198262768281 -0.0835265617271988
-0.201769188748705 0.141586941737147 -0.341110163903814 -0.137186860444542
-0.0460364793120845 0.126846947731876 0.0147103956355447 0.0597804726047978
0.0474000433135728 0.106243708944457 0.2111343550369 -0.240065334290816
0.0639877484218032 0.0573137651761576 -0.0160906506823406 -0.408977044715509
0.0625948608420559 0.0132179208761268 -0.325117425393934 -0.295216284033778
0.0690820469026514 -0.00977616126659318 -0.433843710598874 -0.0347563575112487
0.0574521155749145 -0.0702746216233225 -0.345555280792592 0.152414826872347
0.0540753750820493 -0.0833091690186601 -0.229818263639641 0.186953748561623
0.0779332826119543 -0.0815313163241163 -0.196473544218063 0.196967906289481
0.120018705576355 -0.0284906925918933 -0.202748034484295 0.182329121066932
0.132311153940047 0.025327781820602 -0.220447509851178 0.161549396536801
0.120480584869998 0.151589856800497 -0.297947315446391 0.0917679390963214
0.0138498738229594 0.21850953577767 -0.390091675793912 -0.0292370442573461
-0.177113719764299 0.177721183141962 -0.411962038960198 -0.0529498974881948
-0.304562003457057 0.110425105862662 -0.491794822754943 -0.0142665627114417
-0.399719386283307 0.124390049984216 -0.216437340794543 -0.16977785233599
-0.240036481677351 0.206118319020002 0.0927820217050915 0.0480625527484105
-0.0427109735012831 0.296442380125415 0.295437160422646 -0.26437729029415
0.129805115302207 0.248354262174575 0.053833607133762 -0.470450346659147
0.196513376736598 0.0799693541255379 -0.294976269607791 -0.344226991146871
0.193512875316697 -0.0154917323679775 -0.401090324241226 -0.0827211778138423
0.173551272044468 -0.130432931510358 -0.31629371546295 0.11693752120977
0.147555062958024 -0.160433063788014 -0.184100958358164 0.150873037224039
0.167218937817542 -0.153234114048934 -0.133982089464363 0.170502186345589
0.223198682254383 -0.0486303412537165 -0.128224697579259 0.174119081249561
0.23833342821642 0.0576884136114008 -0.142500292220216 0.194857508890161
0.198067913237929 0.274195963120834 -0.232421101078252 0.160975611484702
-0.0121416667960266 0.367752849627752 -0.346444178000679 0.0476898212923458
-0.302030417785597 0.258615983419756 -0.358640793650785 0.0255288142044842
-0.490698235379154 0.110922741642102 -0.369947963733114 0.0513062053779221
-0.542836523476204 0.0713756038492405 -0.0370491703006708 -0.164426389822456
-0.432438223060821 0.228625820297147 0.209748438756398 0.0566133409895854
-0.17359999531937 0.447123636875516 0.398186549580942 -0.249854693514073
0.145515315275979 0.4382298757281 0.157433130884243 -0.491843911447207
0.304821340236465 0.168109877265242 -0.217620940052873 -0.371363750245921
0.297064737066243 -0.00189065117459906 -0.317259241771094 -0.130068735366244
0.270334823789357 -0.164612918788405 -0.246159786722596 0.0626845822645043
0.217574441266207 -0.213877097663457 -0.111980277643393 0.0919261089593209
0.224765195783607 -0.211060638035374 -0.0486495016472142 0.117381087304376
0.287097561958335 -0.0825136287993166 -0.0299656959053305 0.143521662123193
0.313228219901625 0.0528566985314993 -0.0395961862638428 0.209399284687923
0.275136291309141 0.330774761005664 -0.145265833123508 0.215701085199892
0.00465332779181782 0.462658709719313 -0.285949074403232 0.115005706441421
-0.35628740423218 0.324233448919123 -0.286496864596829 0.0682743405202288
-0.595516853862177 0.116673987242993 -0.208826197899523 0.0918180362346756
-0.596751782681086 -0.00147198126256483 0.171146492409888 -0.116265715778745
-0.562127510496099 0.183154758952998 0.341503520169892 0.089843006076273
-0.305509247587664 0.50282840809342 0.485926222081624 -0.187293799497619
0.102558753590572 0.559697945609629 0.265920819981556 -0.44583141958695
0.350207246030095 0.245947220500974 -0.0999575217430024 -0.356519967560407
0.351029043324169 0.0218675563665502 -0.189100872339098 -0.162189753540496
0.325770592100923 -0.169540173706128 -0.142939718035311 -0.000309260367209387
0.256126284988011 -0.236013859009683 -0.0244187824786456 0.0216024083906151
0.249075743792887 -0.240776511777636 0.0431185486508351 0.0462520119470062
0.308847192486694 -0.109315454196381 0.0723045135258465 0.092340379749952
0.339161230693733 0.0375106946244542 0.0680661760434019 0.200223555168544
0.308074293727109 0.338160413967825 -0.0539641152908577 0.243718517375679
0.0178841012675498 0.487414811708507 -0.219732830763959 0.155395779336215
-0.363280787056746 0.335261474760315 -0.213148101808665 0.070997747441648
-0.616789846182654 0.0950619913127024 -0.0390647791403334 0.103973365687618
-0.542178074060041 -0.0678794323551248 0.365819723713231 -0.0379223307049985
-0.571628849167562 0.093706263490238 0.452820391218858 0.136382088103774
-0.373144693546481 0.442259936255405 0.527751402142911 -0.0894473623999328
0.0298175609910753 0.560170509838747 0.343824981405142 -0.34147038807581
0.320798409081139 0.273551088538978 0.027271383737702 -0.29700859970309
0.338672381035287 0.03945689448257 -0.0428776197474756 -0.169203824057323
0.323778786377102 -0.149285881136537 -0.0251205720170924 -0.0615327094768655
0.25639656093361 -0.22410257933885 0.0642358433283181 -0.0486235145984844
0.242976583296589 -0.233637320791573 0.131095240837363 -0.0286016308186945
0.293225385317492 -0.114306647589333 0.167630965167862 0.0372262889557006
0.320570082217723 0.0305203041355283 0.161631395261998 0.180678203845547
0.281912733686082 0.31794339120208 0.0199563970078105 0.252137810900764
-0.00100098742825696 0.448693117067345 -0.161561730036468 0.174667313898957
-0.346164147583875 0.280467310909587 -0.150119478425014 0.0497716704742447
-0.558595877411807 0.0429488136639698 0.115090312137614 0.10130414095196
-0.387051436468979 -0.107716206890413 0.509413094241239 0.0450630391301168
-0.45405033047407 0.00262935429839219 0.519805825894188 0.176015801371897
-0.337908559957432 0.301778033767597 0.511138438592175 0.00774788718714333
-0.025475401895987 0.441256227006893 0.373071577958012 -0.2180162496224
0.236515179106966 0.233457753859296 0.133478949533254 -0.219886834700017
0.265249238906994 0.0397031732356144 0.0883535519214716 -0.160847089504302
0.264104587876809 -0.112356622769643 0.0835037079910871 -0.113467017039427
0.216083330649793 -0.179083313196404 0.142122959694419 -0.110146428638244
0.205835189547475 -0.189278240830114 0.207723362080829 -0.092721225767016
0.24829018077941 -0.094541616252916 0.249457432347479 -0.00626996614997544
0.265446257607734 0.0329685776274378 0.235122799694947 0.169739068605322
0.212073684022881 0.277645783410189 0.0690802765944086 0.259166236155264
-0.0395747997891068 0.362767793427085 -0.121731134197073 0.185795025691954
-0.309245219179657 0.182429538233445 -0.0988131025690081 0.0267590470687208
-0.435567023841579 -0.031225525757825 0.239961653636857 0.101105555651196
-0.163117490102822 -0.120174548023639 0.575178000264997 0.103396053048254
-0.249193527366779 -0.0644961969221628 0.532099666923892 0.18310432614901
-0.214630894709737 0.132350651363358 0.46118673744664 0.069828188976823
-0.0437630173357293 0.247320439999799 0.365215496403484 -0.122977537508985
0.12741949552429 0.140170828158391 0.202785153377139 -0.162568999482305
0.149189401161835 0.025146760954383 0.178144798401689 -0.154085001695769
0.16039603396575 -0.0622731085614916 0.161269313193785 -0.152793188589587
0.142235266692895 -0.108004652926725 0.195853462005242 -0.152911636869235
0.141061750093801 -0.116477478980638 0.267811470895244 -0.135743002429327
0.174248734280262 -0.0608676042410928 0.312255487419364 -0.0242559243375688
0.184247935411548 0.0359870680582577 0.286728878953885 0.179233443066593
0.121551027468436 0.211250411049428 0.0906642138517683 0.279115915896491
-0.0738676700164977 0.238690113498907 -0.105558704612478 0.202836976503648
-0.239604541765151 0.0644381060186865 -0.0662437505818766 0.0105917747962517
-0.257129467366351 -0.103471361686634 0.322777402221151 0.110687250429151
0.0193503993050685 0.11155659658277 -0.391380382406116 -0.0500632279211459
0.106273609738046 0.00591756387272708 -0.00765104434937416 0.0817380709451723
0.07995414982745 -0.0826498290990715 0.144281666652748 -0.208380839407526
-0.0305502427699842 -0.0909316423615014 -0.0696750036346339 -0.328397726727233
-0.0630611422513488 -0.0185676834994579 -0.321007561938728 -0.219570239666771
-0.0445025451071084 0.0160643043579152 -0.39810818564936 0.0269406946914639
-0.0542996335063775 0.0140424214039118 -0.308970882294227 0.175037075044892
-0.0454822285379167 0.00801259512039325 -0.219778493265584 0.203821842349479
-0.0340767097239584 -0.00801186459093523 -0.195727992748476 0.205448105323449
-0.0112713168760217 -0.0315178741255097 -0.212511801868715 0.190311991830964
0.0133503184299283 -0.0514593402291928 -0.241387326916113 0.150634604867208
0.0773958084755045 -0.0308601081032599 -0.32758736570505 0.0652293956753651
0.1071822717636 0.0429244386253984 -0.412503006931453 -0.0574844807652992
0.0206056854242292 0.11826565490264 -0.430377138483183 -0.113412731411427
-0.0530152374133075 0.130606639031107 -0.537592605800659 -0.0471273351540853
-0.186146516838594 0.151341095693857 -0.338107015235744 -0.110429411982197
-0.0369758626480465 0.127296760668171 0.0204720223086128 0.0594513567088584
0.0543375295435217 0.100414987818524 0.189675222723855 -0.248339633697102
0.0680198022975824 0.0515167563486327 -0.041732355155338 -0.396150923281931
0.0631916413711774 0.00790980159597521 -0.330832108528696 -0.263082039834054
0.0678203002209728 -0.0160546533183111 -0.416488165950949 -0.0010990838810628
0.0492893622710801 -0.0711198732525922 -0.318089990274119 0.169093017664808
0.0441511842314624 -0.0848199881123008 -0.207526051770093 0.195180565980517
0.0684988790374951 -0.0846906471063698 -0.171674325784795 0.203917133377546
0.113701941842411 -0.0366579539890829 -0.179970574420951 0.191360432569841
0.129716143433526 0.0145347781196031 -0.201586873545079 0.170550744313597
0.128378296701596 0.137255280432907 -0.283440006555999 0.108040210574916
0.0271657178930465 0.209953005127558 -0.378867133904676 -0.000286879010129763
-0.162551850426776 0.185391790634624 -0.398303007123293 -0.0274098922217121
-0.286638732415743 0.127817290870963 -0.477023128413044 0.0150207584117901
-0.378081635988578 0.147288543221666 -0.219777336227606 -0.149857768067637
-0.219118500249811 0.216157761816057 0.0936883826573687 0.0433179022733392
-0.0190787404566232 0.290731372327239 0.269825825145643 -0.276031502466287
0.1468473442506 0.230608861209789 0.020825362794015 -0.460822989705856
0.196908133524328 0.0633395856994678 -0.304933595386188 -0.31279055011715
0.187170723094831 -0.0309375053190382 -0.390402992673903 -0.050200129747982
0.155844653265986 -0.138007801437155 -0.291745033703313 0.132841705819096
0.12662646656898 -0.166949380088759 -0.166466002810821 0.157090108796389
0.148910500379365 -0.160390095156936 -0.113834153024856 0.172936917549373
0.212170715178034 -0.0639439301434576 -0.108749933477499 0.178368131573119
0.233773525089354 0.0383937051647154 -0.12263608414795 0.197379100304367
0.213630871158783 0.250547883742198 -0.214877118085506 0.169368714250703
0.0136266674565057 0.355051928364921 -0.333021544896245 0.071204989181771
-0.276770628776707 0.270102182687247 -0.343107644665838 0.0458143713529563
-0.465147796204165 0.141759916929687 -0.354149900080879 0.0715782632415642
-0.520856758957941 0.104306444331139 -0.0457769489326585 -0.156238484492193
-0.403138868282241 0.250656582000143 0.206052143921213 0.0435768606478588
-0.13566285945005 0.444300529902878 0.370115782291605 -0.268675941710585
0.175510909928662 0.412959641462957 0.119066185438884 -0.487107272609217
0.306788990070266 0.140516262462634 -0.231071736761582 -0.345234776693853
0.288235981801686 -0.0246691581148676 -0.31452772860799 -0.103293094641788
0.246330526316963 -0.178603949773851 -0.227499869203749 0.0749791452481838
0.190378259126912 -0.224295363440585 -0.101924935123063 0.095197364085663
0.199733398781877 -0.219923817674107 -0.0365814368661009 0.115408110179048
0.270435299637759 -0.101618038223356 -0.0172843737400019 0.1415347197504
0.305487763783258 0.0288326495786116 -0.0221663256362641 0.204018537631362
0.293293155575272 0.298772110789825 -0.126584859237423 0.2170500552234
0.0377068198271431 0.44540672984019 -0.270158655958137 0.13221479731987
-0.322820714890311 0.337034475932799 -0.271347111932369 0.0829018687829493
-0.565309638051163 0.153802989716615 -0.195996899090797 0.0991624212614174
-0.577073489423637 0.0362316116831594 0.15722555158047 -0.12213847381284
-0.532348415788349 0.214255626319737 0.333320009440103 0.0671406959211738
-0.26009779945602 0.507813088466721 0.459994831458666 -0.213129465595163
0.142213783524068 0.53214001872959 0.22640954307901 -0.449550117690745
0.354858251524095 0.212309040557409 -0.116852537588667 -0.337322888513385
0.341788200984173 -0.00578646247330412 -0.194050594739055 -0.144354845904745
0.298047848529784 -0.187572766212498 -0.133578366773883 0.0067202766793838
0.22512222092487 -0.249494551119773 -0.0223539135953232 0.0217736247920302
0.220782881798671 -0.250112026984318 0.0454991086492122 0.0400143297290188
0.287853336684511 -0.128590788572598 0.077158314384908 0.0849899495812068
0.329545511393451 0.0117516124342173 0.0810364672111089 0.18789167986801
0.324792001753231 0.302644487087405 -0.0360685519832112 0.237848533219679
0.0517365152135025 0.466920694581819 -0.203903760289324 0.167961391335884
-0.328742701420228 0.348611193482585 -0.201207050835912 0.0813704681653028
-0.585473226413632 0.136859690030633 -0.03007625485916 0.0995309476244166
-0.52968517341425 -0.0283406510737573 0.352627680921693 -0.0587478152544529
-0.54731735426825 0.126910490949459 0.443513451210293 0.105613808089827
-0.32932473171048 0.452069147826936 0.504370849298158 -0.119840116752725
0.0714983997832694 0.5381454774445 0.308433062878199 -0.352604024303357
0.327526896332167 0.241625091360703 0.0101651776148575 -0.28853087428265
0.330348642687543 0.0134582538146507 -0.0543189797529268 -0.161873375779118
0.298017143889384 -0.16929349317001 -0.0263491162731484 -0.0597349397311187
0.226030494660021 -0.237107431015956 0.0576240603560054 -0.0524574954137146
0.214802538178386 -0.243011965869448 0.123967085445575 -0.0370253948252278
0.273136499424781 -0.131107863616129 0.163465523756769 0.0247860473563382
0.310981389754565 0.00661009332199725 0.169790726406609 0.162113037282675
0.297429323744126 0.283821440723453 0.036004797898737 0.241255661620188
0.03203347939454 0.432271068606903 -0.146527886875933 0.182649952856354
-0.315270333813759 0.293465436550608 -0.142614128516104 0.0577882471434724
-0.534016029584464 0.0820736750511471 0.117725516043906 0.0869031398360014
-0.382119277745102 -0.0775261411125835 0.496889799693017 0.0121917487889694
-0.440381715904629 0.0336692042375124 0.509953361099691 0.138030734231259
-0.305993407859995 0.313520625965388 0.496322208987738 -0.0240647583833306
0.00912162719034198 0.425771156714782 0.344522448559512 -0.234740724700354
0.242712520467691 0.207203801886991 0.115932165086972 -0.221223606858741
0.258242469463003 0.019756857026099 0.0720666087977459 -0.1639565104261
0.243501919335743 -0.127924655276418 0.0735739044937513 -0.117041266681064
0.191514126062529 -0.19064749477439 0.12809802597129 -0.115200297235916
0.183065816647707 -0.197202562409415 0.191962310578919 -0.103518254461674
0.230997117859369 -0.110014815970148 0.238046194638126 -0.0216272053151863
0.258346406242212 0.013320545237768 0.238921590564352 0.146886001202923
0.226910470262248 0.250270379024544 0.0844185769723914 0.24589367266655
-0.0113436524008061 0.350980376376273 -0.107761254266657 0.189777760253805
-0.286439212054276 0.1952545364353 -0.0960282472440976 0.0321638661021193
-0.419403486735902 0.00223241706292176 0.237063945948254 0.0795117543268943
-0.166629406917852 -0.10395176954375 0.56434284834837 0.0642726022144074
-0.244992309717149 -0.0455218093435466 0.524051895576639 0.142575576228377
-0.199668180261393 0.141783597608287 0.450783997787301 0.0395070135716293
-0.0244542922015535 0.240564328499407 0.342438771579057 -0.140807810841154
0.129922058707244 0.12529664483836 0.186206598575494 -0.17053583154361
0.144817427470849 0.0143576108695276 0.159165125227104 -0.163374849425904
0.14793437108693 -0.0709378443858653 0.144709600357761 -0.159857419693171
0.127510474479473 -0.115746350223464 0.177038107561764 -0.159175387539946
0.126621215410289 -0.123105275540932 0.246058948718209 -0.14926173875356
0.162423403233843 -0.0715352647598062 0.297155402838993 -0.0432694885590723
0.179842264212504 0.0220852432276709 0.288757395558696 0.152472559880354
0.134557480008574 0.194084812724334 0.106166645427004 0.263232082963146
-0.0537385450041997 0.23387520249617 -0.0903923910029511 0.204034493289053
-0.225948745723166 0.0773597783259192 -0.0656923790886956 0.0144344807681166
-0.253728953165043 -0.0801560047271617 0.317344725253561 0.0840793830638636
0.0227786926942284 0.109831284424584 -0.38215705581665 -0.0338111798556958
0.102080843808495 0.00375984087449138 -0.000721780852806802 0.0805489924129537
0.0752357008253075 -0.0827420668890933 0.131705926199727 -0.210722167579922
-0.0323965498019494 -0.087187366168074 -0.081355188283949 -0.31650039043774
-0.0599482203129667 -0.0166484730451679 -0.318876953074587 -0.19998830989123
-0.0406159980698146 0.0163539053960243 -0.381147362039211 0.0442092560600789
-0.0517266730042117 0.0166817517846391 -0.289345853655784 0.183806290791665
-0.0446912141147987 0.0104488302705684 -0.203277267493998 0.206831135460443
-0.033084420723255 -0.00653096384917449 -0.178457481164354 0.206622360080345
-0.012284015658257 -0.0303617024288061 -0.195917769059109 0.194194752289696
0.00991762429793669 -0.050285999265707 -0.228947803252612 0.15572861066949
0.0742777448599231 -0.0330668882447044 -0.317695696367584 0.0758144281917924
0.104109489236153 0.0367309101384612 -0.401090236595513 -0.0391047796009341
0.0215012960962875 0.116403655844495 -0.41841877086284 -0.0978464564501692
-0.0474118895248595 0.128490309189082 -0.525257699788355 -0.026906316531901
-0.175388220486842 0.156592145026543 -0.331851873275083 -0.094579041622343
-0.0317027842389822 0.126689056487813 0.0249669788017836 0.0580356886828016
0.0587793591675553 0.0958563671867501 0.175094061622151 -0.251318375088906
0.0709125286399677 0.04637968129608 -0.0576605021051383 -0.384165315471253
0.063807316624096 0.00416471257624626 -0.330716698248871 -0.243240089709144
0.0666686808332749 -0.0202874231584988 -0.400842085552127 0.0167328700056348
0.0435292543570001 -0.0709984978760765 -0.297827108322166 0.175693424677939
0.0366340163403723 -0.0848179205557913 -0.191753759024366 0.196620082696933
0.0625973128744169 -0.0857964449696582 -0.154240763756749 0.203945245349329
0.109102240891753 -0.0415546491981218 -0.163212658173079 0.193746691303246
0.125261438691429 0.00831270334009778 -0.188371523014961 0.17401471221171
0.132474341331476 0.126905255416289 -0.272863698198273 0.115160659280799
0.0343480116033496 0.201863023193192 -0.36805131216051 0.0152670166811681
-0.152581391299466 0.187508628166518 -0.385678839653688 -0.0148101509906116
-0.272796811034752 0.136714451765776 -0.462509122312459 0.0302907311691421
-0.361466732589003 0.159648214194954 -0.219411763136561 -0.137573162464925
-0.205117965654735 0.219737946851374 0.0939655881807287 0.0407738924483997
-0.00449672026193784 0.284580576789635 0.251823043172372 -0.281823045865003
0.155267078144767 0.216700625056682 0.00157013298739459 -0.449669733261145
0.19556578506469 0.0524468557187499 -0.306791144718307 -0.292568804460233
0.181920089802869 -0.0405547534574249 -0.379512313225578 -0.0322299950389165
0.143352545853858 -0.140962603537089 -0.272933613529862 0.138480868593927
0.111956892284027 -0.168657666156996 -0.15392556882169 0.158001729455398
0.136197562138526 -0.162214192137626 -0.0997296890499554 0.170501255024745
0.202587640101498 -0.0719774720288013 -0.0949120893584264 0.1779806252174
0.227919865174922 0.0265182979849779 -0.11050669106413 0.196278115339529
0.2213019503864 0.231313199786421 -0.203765609964768 0.172120365142486
0.0276370785227827 0.343542206093782 -0.320152781820562 0.0846261085414341
-0.259916946174755 0.274861481522658 -0.329566851410829 0.0545126450899148
-0.445400139642809 0.156984800135902 -0.341392454273271 0.0800608661220435
-0.501760451748027 0.123204327409662 -0.0506619091387176 -0.149567003399506
-0.383254035676939 0.258605748798516 0.200338010166367 0.0374259412406641
-0.111448769546126 0.438282219350157 0.35034107155243 -0.2777516544113
0.192782733680218 0.391513164337122 0.0949051911576683 -0.479606044597324
0.304612067328498 0.123270746623194 -0.234720448841013 -0.327793755616826
0.279712656319866 -0.0388585330873874 -0.308702612960676 -0.0874817836628924
0.228026978487449 -0.18435156459934 -0.213090533781887 0.0794478340880512
0.169641472544361 -0.228180079433876 -0.0940088836986326 0.0959854512370351
0.18126057675912 -0.222737758129343 -0.0285984796196411 0.111667770273644
0.25668503774727 -0.110695677180574 -0.0088754653997686 0.13863851957415
0.297580598966315 0.0143561729564008 -0.011790395200562 0.199328623673749
0.301483085115498 0.274593631743096 -0.114986297264663 0.214838179743392
0.0553383703920071 0.428689723768348 -0.258545368144363 0.141961269484883
-0.3017812487536 0.341067164230918 -0.259595110449222 0.088485456092095
-0.541692444855487 0.174001442149358 -0.185635115363115 0.100961806375755
-0.559418302050495 0.058339214782475 0.148539483070081 -0.1237375189416
-0.509349569282997 0.229846598752501 0.325835031027411 0.0548724954415366
-0.228623107869262 0.503189549385096 0.439043958365106 -0.224620330750619
0.164722175922031 0.510593519022997 0.2011783463264 -0.446534086045623
0.353883267680653 0.190265237618464 -0.123980889428483 -0.324678418839416
0.33129118742335 -0.0211888953495239 -0.19534403304176 -0.132153761678213
0.2775392898748 -0.19556878007369 -0.125756962670551 0.00916949177409797
0.202136089794602 -0.253490309093845 -0.0216477670123704 0.021315244168908
0.20054444363233 -0.253008029488625 0.0465284997297782 0.0357392034278466
0.272807355364825 -0.138020991592632 0.0791706621638869 0.0793226836009066
0.319861503982572 -0.00256533592701184 0.0872173311151135 0.177624166468431
0.331970772711057 0.275735252782487 -0.0265023040968119 0.232365710807021
0.0725140868705903 0.450316850239792 -0.192516982045856 0.17443219346307
-0.304447768034685 0.349755409843872 -0.192749793664117 0.0858204271395705
-0.56059270393143 0.159555956661479 -0.0260821252783146 0.0956275201576356
-0.515477482918438 -0.00730008005552748 0.341125609983662 -0.0696188639763682
-0.528293930433681 0.146092613030044 0.433180862678092 0.0867654567008862
-0.298991509283293 0.452940407090506 0.486300978968764 -0.136217236483783
0.0956527852356687 0.518160405401117 0.283649040240617 -0.354517382170794
0.327679120615625 0.219898734583758 0.00018628991012614 -0.281958807664108
0.32031896171739 -0.00240973460534261 -0.0612515721320186 -0.155850666996864
0.27812732188578 -0.176869025496796 -0.0256112765490805 -0.0595009978739368
0.203687454904664 -0.241860560835429 0.0525450604333091 -0.0530733223237212
0.195021964802697 -0.245297508559572 0.117331377199378 -0.0419790825614225
0.257052576662217 -0.140267882503502 0.159468475243724 0.0185985383561212
0.301162203166379 -0.00734223816655737 0.171804427765238 0.148915241479034
0.303349048550849 0.26005781302114 0.0442590351719831 0.231925671478876
0.0508940140213828 0.415492178447789 -0.13699849476691 0.186162782722892
-0.29355881113334 0.29670549657198 -0.136866452178292 0.0610929550304743
-0.511575050729691 0.104510718802905 0.11740538656353 0.0781858554628483
-0.37470303086972 -0.05830058100371 0.484929648010303 -0.00621212247112573
-0.427536936203411 0.0512068361299452 0.499848438667392 0.116855788519235
-0.282285832662845 0.316625395647717 0.481072016861939 -0.0419891033397853
0.0293405324881704 0.41137195367829 0.323200004948074 -0.24014793271218
0.242429239671281 0.1903271968123 0.105421655872498 -0.219893863392905
0.250234488078885 0.00804156201981468 0.0611166270161531 -0.163704129395064
0.228110897614173 -0.135102215840092 0.066918445024878 -0.118475895171086
0.17328325943766 -0.194361142069747 0.118645186463793 -0.116672627928939
0.16705306273487 -0.19998714685281 0.179865082720676 -0.10743899472185
0.216973601482913 -0.116426989750042 0.228382346030489 -0.0297208961303919
0.250567804574376 0.00182587823166486 0.237784374535067 0.13139028206613
0.232856293855257 0.230632011649581 0.091100798216664 0.234041879226899
0.00469904521667057 0.337900360123433 -0.0988756576800478 0.191635063108119
-0.269032293202573 0.200094636786584 -0.093324708514895 0.0352077779727983
-0.403838416114444 0.021822694642769 0.232932871294441 0.0662974766746273
-0.166261510782545 -0.0925905487771603 0.553464207926094 0.0421512878645178
-0.240459132689881 -0.0329447803977393 0.512970010188591 0.120687631501225
-0.187246365466156 0.145457331998214 0.440015820577163 0.023011798139807
-0.01271572931016 0.233259145033396 0.324950919502252 -0.148669184822971
0.129415684967958 0.116484766131894 0.175033138455608 -0.171906063967488
0.140284477025519 0.00895219930087569 0.144985201965986 -0.166678303843301
0.138045764467973 -0.0756790755328142 0.133425396034283 -0.161098213165881
0.115481379714971 -0.119099479495045 0.164266061133995 -0.160823281273616
0.116032464638477 -0.124401426085186 0.230396372734646 -0.15306741342992
0.152359463953021 -0.0773216968639652 0.283865983691293 -0.052702148480066
0.17508145736813 0.0135029190571042 0.28663517705405 0.13532376428498
0.140031502200448 0.180695458200644 0.113237940405532 0.2511971868831
-0.0407863423374127 0.226141200711891 -0.0818209433311174 0.203109219699498
-0.214883429349466 0.0829469951326227 -0.0657169433663096 0.0164628239396122
-0.245948574268945 -0.0657829287143167 0.310773834038083 0.0678002961276981
0.0419774269013208 0.0998770974640282 -0.394638105281073 0.0555171100370606
0.0976567169108941 -0.0165777185530135 0.0219248054351369 0.0854821222480788
0.0528616357567944 -0.0957375842444835 0.0937880383985645 -0.237507473355147
-0.0530406140499724 -0.0764136624118642 -0.141966851150894 -0.302801338008847
-0.0645950393718242 -0.00259090985658662 -0.358711068875805 -0.132702764979892
-0.0347285186212965 0.0276889720460038 -0.363648583688306 0.12103505376134
-0.0444172021258897 0.0309663757718826 -0.244462300994568 0.233129048504994
-0.0403599653557172 0.0207148061403972 -0.152952437494603 0.24321248016539
-0.0330575243826631 0.00166304116643444 -0.128992297837549 0.242467639256536
-0.0203826861348942 -0.0252921576131904 -0.148471377117226 0.238843984380815
-0.00445682998652104 -0.0470442996720046 -0.192071538640795 0.206592399334465
0.0587019707721554 -0.0499714406077091 -0.299709300955519 0.14934294026991
0.0998015942861319 0.00890153502619941 -0.408729200038325 0.0556733144212869
0.0421306761826228 0.103752493558504 -0.442999429989046 -0.00949748345987171
-0.02588843973943 0.1311233886218 -0.532511026192234 0.0785107939137316
-0.132405509647037 0.182832205299177 -0.369137288103971 -0.0232071405595592
-0.00176256733701915 0.128232012151869 0.0336394195494029 0.0566405540237691
0.0774597243086949 0.074816933701424 0.114889900240009 -0.27971246610714
0.074066919011517 0.0231385454624385 -0.139431873594806 -0.363194161210465
0.0560390001845657 -0.00861390822901544 -0.374137836693399 -0.166600151889026
0.0594317727010559 -0.0303486617555819 -0.383960383405433 0.101915829771285
0.0238679654398591 -0.0733577197313942 -0.244702772860126 0.231267307496536
0.0162212453793962 -0.0865108636279208 -0.1436828046326 0.23098124918682
0.0394986661559722 -0.0924491313610421 -0.106967066934279 0.234074740189048
0.0935690293559076 -0.0612635473469039 -0.118421862739085 0.232912482993948
0.116223885452551 -0.0152655852002906 -0.148439763081855 0.217296495568817
0.148171109573335 0.0898131792827396 -0.250632103017548 0.177912598441775
0.0688973585456323 0.179500385775904 -0.37008968052095 0.0981756383710687
-0.110801546680632 0.211914359430117 -0.385176581249791 0.0565043875545661
-0.241896254517586 0.189179769447214 -0.447623121844637 0.112436328156537
-0.305596011766793 0.223196963646751 -0.273688775047254 -0.0988717421747286
-0.145493809511271 0.252164638685345 0.0893968057336463 0.0210068177865531
0.059824354911888 0.264029620656411 0.170230337447725 -0.32070468663857
0.192531216149999 0.161465013594881 -0.103635989876692 -0.427859228713419
0.191616757439815 0.00808403607746068 -0.357377470578487 -0.21330700412186
0.163742614225977 -0.0738983073030131 -0.368379898029136 0.0548893541920351
0.0999350776608975 -0.162538726888328 -0.220654049046411 0.194637485096602
0.0693742663782867 -0.181678089272026 -0.114336842132982 0.185546760937414
0.0932859355062184 -0.18065479372538 -0.0618955936289711 0.190545721633446
0.176615782393074 -0.109802501712486 -0.0549858445500699 0.203437604541751
0.216569229968393 -0.018649761059587 -0.0657134233998966 0.223431690987776
0.255371097116028 0.171623785029857 -0.171978720937798 0.220074674504336
0.0938513179193262 0.314963552191568 -0.314358155010222 0.15581874492174
-0.194611718006901 0.320680537539339 -0.311370619471274 0.106981927373084
-0.400425157472274 0.249122450558334 -0.307688072218292 0.127612673730625
-0.443615065319174 0.216944130827334 -0.111169646648579 -0.155330056243799
-0.306024882479825 0.326716209803348 0.188200614070916 -0.010599042161942
-0.00580614564076023 0.431379008449325 0.25371835756016 -0.335884675025374
0.269271672872149 0.314812609596583 -0.0300269193388446 -0.468108660982461
0.310062856814222 0.0508427146840122 -0.292619800451762 -0.253864602759792
0.256994950438898 -0.0937943433325812 -0.309839312266439 -0.0099817583586926
0.168743232160734 -0.223147174206928 -0.170328932867337 0.129984429932433
0.111874395063999 -0.250494485621279 -0.0697137252475286 0.113083394313922
0.12404582294865 -0.247010216928607 -0.00622627688961372 0.117698676280732
0.220435907626356 -0.157678440199089 0.0210834785132705 0.146683054213152
0.279757302780532 -0.0433126818534156 0.0333803753743199 0.203756946800657
0.339534093112696 0.195643247572163 -0.075159478398931 0.244006915329329
0.13930301012728 0.389850776037783 -0.24313383008063 0.199987220819655
-0.218575193926098 0.392728236301113 -0.23460858190635 0.121126151131664
-0.488049586001969 0.288129314487479 -0.144741539299227 0.111426703758376
-0.510947794322101 0.16968652314614 0.0958476790663175 -0.178051223735243
-0.432009740774751 0.325211655212408 0.313212130664615 -0.0247674624013
-0.101527722683757 0.518778053849055 0.342978090588112 -0.307197387754393
0.272309551510818 0.429898341319336 0.072143434486496 -0.454274384970353
0.37138718907196 0.102513596830964 -0.183045077025927 -0.269356580071385
0.308556420926243 -0.0889442593926527 -0.207426609273003 -0.0744071960819398
0.212555596514938 -0.246049801760395 -0.0978716245843889 0.0475033503835113
0.13699161020016 -0.281461340284484 -0.0148049008887581 0.0258655239748802
0.136118669543091 -0.279793972917449 0.0502218508969056 0.0276333492986948
0.230371533645216 -0.185887167950548 0.0953951886086067 0.0690001712795447
0.298520853098382 -0.0642941549156644 0.126384411882331 0.161496886754786
0.370477284526204 0.191012019604956 0.0167267450236005 0.241417395135913
0.159470370451258 0.407364517125476 -0.17179068614047 0.218218853686916
-0.219252069340731 0.401896633377174 -0.169867518884053 0.103519054459798
-0.506653369715152 0.278913097055996 0.0145806201699623 0.0712663396277958
-0.482866820966848 0.0992587538983727 0.306389656519741 -0.166326187706675
-0.466748756683901 0.250412133628271 0.430437529523813 -0.0190908866645894
-0.179866293114519 0.486484715210369 0.409678702450883 -0.2339918713646
0.209791389879994 0.455073232845866 0.170254714530564 -0.384939214121199
0.352973710874273 0.134855569681462 -0.0538724525478759 -0.25270868188777
0.302005906811179 -0.0702919510357337 -0.0831735061912709 -0.126008700805481
0.21686935987668 -0.229870883890556 -0.0166968752040592 -0.0385428689635889
0.141602101951186 -0.271633473490029 0.0417220224905249 -0.0612761896440024
0.133047489179792 -0.272231318320268 0.102805233822863 -0.0631561240495166
0.215965740665702 -0.184948615610322 0.159980582489682 -0.00952735244762907
0.281377741095677 -0.0638564829051496 0.20432421929882 0.113305053266755
0.340259215364594 0.183557592034867 0.0882617131684691 0.224891341672507
0.133303462196109 0.377666773909849 -0.113226331609775 0.21749442552803
-0.219199399872007 0.348075943550962 -0.119712926006062 0.0700871767245326
-0.468498961995109 0.214295296438853 0.152369472587017 0.0282526041707733
-0.360494771939616 0.0226844008554274 0.474543340703459 -0.129405823128985
-0.390553382069311 0.13820667860594 0.509608600160416 -0.00285890577039224
-0.19337777032527 0.355950613449447 0.433488733384425 -0.144547616862102
0.123034049567242 0.371775014788333 0.239410299188102 -0.286961524856654
0.267400006265766 0.125406917441818 0.0615084765091355 -0.218077839278442
0.237437941633426 -0.0449740945178685 0.0323521769700508 -0.162069329956569
0.180882841870666 -0.180336564117734 0.0566017978158467 -0.116473244606218
0.122552133334933 -0.220633041858443 0.0911241789365018 -0.136884403129314
0.116437959863365 -0.223969534860885 0.150282028764926 -0.141807957435903
0.183276325052818 -0.155497661855121 0.21732118379579 -0.0729956154877114
0.236370412970243 -0.0460294357785616 0.264969982510959 0.0795301117892789
0.267935908089512 0.172210895155422 0.134888489320472 0.21494233770323
0.0738576325887675 0.315952943750392 -0.0704396607472074 0.212441581725953
-0.214717993747625 0.249640646652747 -0.0815382270661996 0.0399245033012006
-0.381311693516106 0.111660276894974 0.262198291490453 -0.000182803603191374
-0.17167799067673 -0.0505720045610398 0.564763668609263 -0.0874799199358665
-0.232654091011328 0.0177363455064679 0.532016169651903 0.00320703825652138
-0.141085421299625 0.174734283868378 0.422517034234622 -0.073386214742728
0.0429931245387828 0.215845946541781 0.272521694232704 -0.205914850273469
0.144187727429173 0.079403064108793 0.136975163581226 -0.194812205669686
0.132591795893531 -0.0214326043620161 0.110172573214302 -0.188487869583478
0.111294542367142 -0.104035050022295 0.105422761316384 -0.175348937686675
0.0847894158359425 -0.137947283371945 0.126107927687129 -0.19044269637885
0.0851294910592134 -0.143001240269898 0.189761194145336 -0.197474674551632
0.13120212576821 -0.104713217245405 0.267303087960182 -0.109798087685913
0.16904218568238 -0.0193080353228658 0.313104040028708 0.0716825745620016
0.169427662023407 0.144331323729837 0.163097278712309 0.22547953138341
0.00606912389599695 0.22112872202491 -0.0453872214448462 0.218551539501136
-0.188656799104692 0.125038181282773 -0.0573232230480217 0.0225369519992319
-0.245563937467521 -0.00733815897002161 0.335746780641219 -0.00651483501426298
0.0475134712401035 0.102145821668001 -0.398399631988248 0.0707072798802508
0.0988913064632424 -0.018042421719322 0.0270947173840698 0.0857132475597586
0.0510288231183686 -0.0998117939371058 0.0835051267521179 -0.244730798112402
-0.0566634358542041 -0.0757887522618562 -0.155321138280002 -0.301727285471919
-0.0648162975244699 -0.00105408217820844 -0.367699158151875 -0.120822249123237
-0.0329050646691333 0.027732432880946 -0.360207776337537 0.135816841856166
-0.0424767054384759 0.0334257518259996 -0.235564785383055 0.245319630641676
-0.0400323882287308 0.0228884784852932 -0.144924328692994 0.252334868947347
-0.0337716174531221 0.00345625988780784 -0.119161114224903 0.249824932240246
-0.0214170007968743 -0.0249850140924766 -0.139380058305395 0.248186547718207
-0.00642784171783011 -0.0470025290511885 -0.187419248665588 0.218072297641781
0.0575731538747455 -0.0535704915136751 -0.300265551511819 0.163962621437146
0.0998644273048979 0.00559372771177258 -0.410442903670801 0.0702402653061646
0.0451387747770012 0.105992101551324 -0.447927706853289 0.0019837746132739
-0.0214213245144407 0.133687396068515 -0.539752401868078 0.097220501089155
-0.126201680382269 0.192466808813639 -0.376215990267019 -0.0105708670181839
0.00349865121525861 0.131118588084584 0.0374736683771021 0.056811582485924
0.0836121418901112 0.0717893548379209 0.104267907323838 -0.288279509494724
0.0779848761446665 0.0189931734200735 -0.155446074374375 -0.363079797477949
0.0578064138975867 -0.0126146950648947 -0.38522444265587 -0.155595284514972
0.059423500914212 -0.0352456224289746 -0.381681105610637 0.118539038076362
0.0206486573059275 -0.0747038465060741 -0.236399371736618 0.241510344133216
0.0109358183252528 -0.0879788155611407 -0.135473087407661 0.239066512545373
0.0356918509379359 -0.0963266242395661 -0.0972629157225192 0.23948868268761
0.0923547031529004 -0.0671427385277255 -0.108237171073756 0.240315995830446
0.116900759843183 -0.0199432296261098 -0.141888964926867 0.226317305692168
0.155438903171003 0.0835109233322025 -0.249890302106325 0.191737508114238
0.0757783189148298 0.179511215716447 -0.370117781295256 0.113451736811125
-0.105632308024274 0.221546067495012 -0.38776871400728 0.0668543963825397
-0.237726343887241 0.201560715608528 -0.453496349954122 0.128873077031139
-0.300587838531082 0.239024669495345 -0.280932133535837 -0.0908948309532525
-0.137954081413523 0.262423199412809 0.0920589474777398 0.0193273670729547
0.07421104167604 0.265361699912356 0.158012786353099 -0.332125612075009
0.205431799381638 0.153823317216345 -0.123003058964799 -0.429708986165255
0.195346927693279 -0.00159744864248879 -0.370732684692595 -0.204470701768796
0.162953376765692 -0.0838205634871691 -0.369929537937066 0.0704015944829924
0.0934808891443865 -0.168348217906247 -0.214669166986385 0.202492386086449
0.0591189670878224 -0.186605226332125 -0.108085417304555 0.191193121364824
0.0858347173692369 -0.187258417933203 -0.053520057440243 0.193298694565226
0.174421295372336 -0.120062239835199 -0.0459555884572679 0.208119534752991
0.219108722935622 -0.0284991707056653 -0.0583194365273305 0.228648388244137
0.267271153102714 0.160192733477552 -0.168480384873443 0.230962341271111
0.107246340807924 0.315530801387124 -0.312552159909008 0.170432707933353
-0.185439369090343 0.333990477126801 -0.311647575472846 0.115744215064975
-0.396412240853752 0.269160384525228 -0.309716609273481 0.139149618044095
-0.441556097400222 0.236973740984059 -0.118257239310459 -0.153979123407051
-0.298362513399646 0.345351292269981 0.190671253430856 -0.015204135277052
0.013418213439636 0.438214867770867 0.242351726095567 -0.350055204957771
0.288396572821036 0.306040202021545 -0.0490790669408709 -0.473117244156014
0.316472131507315 0.0374799168647998 -0.306896288295841 -0.248860180973298
0.255399813342702 -0.107700289025527 -0.313918478889578 0.00345031308027011
0.15960022563431 -0.233045694690164 -0.166044360769032 0.134232104443543
0.0979404079678802 -0.257418802135153 -0.0662087119569644 0.116396732519006
0.112623753247615 -0.256112473004627 -0.00103290217752101 0.11727883185331
0.217142772051006 -0.169093960689694 0.0286529279702086 0.146993801740223
0.281468770362321 -0.056082919914783 0.0413035629290487 0.204138439528435
0.354005399058452 0.180182502508205 -0.0698703721827592 0.251188617114076
0.156540652790232 0.389028821783797 -0.239270702953775 0.21401707522561
-0.207025491447312 0.407305715626589 -0.234288078261337 0.129112313999678
-0.482051143801268 0.311567964382328 -0.144406768741496 0.116068343823937
-0.510147138717984 0.19265692447712 0.0910134764983008 -0.184238914698035
-0.424914649526443 0.348058643806008 0.315562099849947 -0.0349055163528324
-0.0810022995158565 0.529342668682869 0.335077393690302 -0.324088325643088
0.295871115939848 0.423464500957607 0.0537454935358174 -0.46221589477255
0.38049369812979 0.088251729223877 -0.196637838710136 -0.267618746261598
0.308987684617492 -0.104655727454751 -0.214522559784462 -0.0662912890521176
0.2026349044536 -0.2579950411758 -0.0968036879024117 0.047879435279817
0.121903481960852 -0.289618985169213 -0.0141387003932147 0.0264425338182747
0.122650933282302 -0.289681188102186 0.0511396132878793 0.0249438997098725
0.225024144014561 -0.198179317989182 0.099940140876638 0.0660759938431402
0.30008641170324 -0.0778550061781476 0.134109541038782 0.157901755371019
0.384099784944759 0.175630054634369 0.0247800042977978 0.244737452265513
0.179194831111276 0.403132750918996 -0.166757247642956 0.231169420005998
-0.20602141189703 0.416080276019024 -0.169985597144379 0.11021771943773
-0.500689418078949 0.30171479925618 0.0162528460887609 0.070164135120863
-0.484252275847212 0.120193219989796 0.304847285071413 -0.179406429019412
-0.464244883542065 0.273742038196097 0.434425944507014 -0.033013946418032
-0.158910394185562 0.50112494907612 0.403727371931668 -0.252627957321388
0.232426457111193 0.450760066888509 0.15682923410903 -0.39436961754246
0.363383576591191 0.12231234919435 -0.0638396266790638 -0.254968082934574
0.303120331508031 -0.0829371918323203 -0.0909814740222487 -0.123585053065881
0.207643239962655 -0.241349256265853 -0.0179297873331265 -0.0420040174687513
0.126871283842741 -0.28011863650198 0.039452695035246 -0.064257623942884
0.120263814856882 -0.2812586341157 0.100473835376565 -0.0678786808581522
0.209864984006149 -0.196310795258925 0.161409014336524 -0.01568631909339
0.281296961290189 -0.0771491481144048 0.210618735810599 0.105731111914121
0.352528269956175 0.167594493501046 0.0962384340204461 0.225592760266089
0.151189894601763 0.375910230895014 -0.106978520347079 0.227505281221892
-0.208567770132213 0.360341548987234 -0.120432228143305 0.0761131234173139
-0.464881645805979 0.236054404987294 0.154943915300856 0.0210060563183143
-0.36315007795602 0.038818065926291 0.477316085929074 -0.148674442825299
-0.390916022454308 0.15656823892244 0.51502286329759 -0.0208194459318372
-0.179603121650393 0.368437825153946 0.432970513440381 -0.161385668413617
0.14099815273306 0.370255639878021 0.231011223878321 -0.298115456429255
0.275658545503344 0.116580183106102 0.0537900520738798 -0.224295283136413
0.238757204717659 -0.0549188551108023 0.0241866487052441 -0.16489469555182
0.173143705320529 -0.188771100018408 0.0526720764475807 -0.121992592973083
0.111395909023237 -0.228531610838896 0.087213911953001 -0.142536882934184
0.105428907149831 -0.231474409615642 0.1449174871516 -0.148314849237316
0.178098914880604 -0.16487711174457 0.216199158120318 -0.0813564149958672
0.236891313990131 -0.0565211640937446 0.270638088390558 0.0701405379253898
0.278504797274181 0.159670450877989 0.144596443216272 0.213911489637168
0.088025379731204 0.314893372155538 -0.063753808408085 0.220552243307677
-0.208078026778079 0.259575843345767 -0.0833550536789005 0.0448109845272054
-0.378383619167897 0.129434298073676 0.266261301302238 -0.0113781976535289
-0.175276556174704 -0.0427148287280771 0.572081630347577 -0.109527118327003
-0.234268592837809 0.0290534118359814 0.538402534111669 -0.0156812062661839
-0.135290089000321 0.183060319103205 0.425177978937581 -0.0883909118010458
0.0518103054613023 0.216577528270694 0.268489602036297 -0.216162785930756
0.148441376820715 0.0755381821552627 0.133127426578613 -0.202111190006821
0.132921664133631 -0.0257351165403876 0.102740586002132 -0.195463941738799
0.107043152168208 -0.108758359171973 0.0993447057972112 -0.183141743538813
0.077231665776543 -0.142846669209769 0.12060211060728 -0.197034255312416
0.078374386946377 -0.148050994095869 0.182924612155749 -0.20579405494056
0.126635285507502 -0.11120621162963 0.264113136162896 -0.119358738520539
0.169688041066898 -0.0272205551096235 0.31941158817423 0.060319958244656
0.177390089530399 0.136510661261674 0.173315892665019 0.22291107467441
0.0150435098454618 0.221641943562342 -0.038404570591586 0.225344827451206
-0.186053014279877 0.132604562371972 -0.0595752575857983 0.0267956504519206
-0.247366826442021 0.00245476835660837 0.339450967449238 -0.0203594223576
0.0569634343696601 0.102112586547843 -0.401213272370164 0.0989716461860698
0.10023976392526 -0.0228507689243754 0.0341893933943002 0.0861342255598136
0.0456755587189261 -0.106188622868929 0.0664811094783061 -0.25428804092645
-0.0618263258416503 -0.0736024083864689 -0.177631081644403 -0.296040455889706
-0.0663132777012665 0.00218689386529902 -0.380894732734179 -0.0983030350157126
-0.0310234996037155 0.0283728365744261 -0.354039616323736 0.162003835997357
-0.0392401867401166 0.0364557026834244 -0.220376530996044 0.264658725697108
-0.0384896635109887 0.0267923866714492 -0.128966144712028 0.265696543163609
-0.0333141988786239 0.00460621490264106 -0.102472847961224 0.261586204624646
-0.023031703313447 -0.0247775116109789 -0.122382717062039 0.262158721810951
-0.00967184437705135 -0.0466173053899467 -0.176211742022524 0.234908482710781
0.0543497286746981 -0.0582679489834757 -0.294362575130949 0.189380653506549
0.0994025738260115 0.000199859008888987 -0.410893488474462 0.096454443337743
0.0531564214211996 0.107616341097578 -0.456128288344432 0.0256670481709785
-0.0123564581603579 0.13794558353061 -0.547050417079053 0.134131710839688
-0.114254062696214 0.205062054950544 -0.384620600575964 0.0136594300355573
0.0127214041193068 0.134679627351454 0.0427724324993672 0.0563679034854186
0.0920244967717639 0.0655079736166702 0.0844211010320031 -0.299638591835015
0.082263613733795 0.0127813178339891 -0.183115236870566 -0.359013407030075
0.0581677197279134 -0.0188307227302067 -0.402738734144795 -0.13365723820627
0.0581032556536204 -0.0420589419028908 -0.377484810456168 0.146418941858738
0.0165195152767512 -0.0775365795671509 -0.222575595282813 0.259999119738161
0.00340874402880851 -0.0892765352365532 -0.121148789650623 0.251413703289317
0.0282368394211324 -0.101355822437134 -0.081177928308247 0.248239445574472
0.0897127693610127 -0.0761548372498607 -0.0916464073715695 0.251471151395366
0.117915733363797 -0.028547614977305 -0.129375739317639 0.239876762836304
0.164732337163926 0.0724049107798603 -0.242879190730754 0.213269452163218
0.0885655933777467 0.178259380826314 -0.368652858091591 0.138997919148343
-0.0932368906457985 0.234351771684611 -0.390289270500989 0.0892621214606863
-0.226623993860318 0.222963919607168 -0.455261753208095 0.159331499916268
-0.287253569462661 0.264633800611689 -0.293017868388131 -0.0745670906260604
-0.12194642691719 0.276835531266132 0.0946186838960307 0.0152333211559029
0.0959934830928488 0.263419790293545 0.136663024760994 -0.346755512567484
0.220949857359969 0.140022970760825 -0.155340512405887 -0.427861219118258
0.199587850480578 -0.0161241469329521 -0.391242584812871 -0.183638026072673
0.159414856682881 -0.098768071060176 -0.369777743590331 0.0970160558708583
0.0819534099063899 -0.177339813740452 -0.20385262292938 0.217278364864811
0.0435266856773163 -0.192301952638893 -0.0966428627169555 0.200488339251275
0.0713788706321226 -0.197061052079007 -0.0414242147607125 0.197884575552772
0.168597349646452 -0.135391375136862 -0.0304993786352954 0.213960673352429
0.220560362512884 -0.0447220398218409 -0.0436361628459017 0.236810794716556
0.284447241118581 0.141022868555141 -0.157349722220548 0.248386144441545
0.131064144133994 0.313434865453901 -0.305847144229827 0.193896037785392
-0.16680008362581 0.353457658629196 -0.310479066277006 0.13550627229168
-0.382735017743219 0.302955814382276 -0.308005616793435 0.159400671372181
-0.430882135866418 0.272162850074505 -0.131537464357012 -0.148863627041615
-0.279278604323718 0.372000397312764 0.19184450945951 -0.0261499587157166
0.0475762581299916 0.443535131590725 0.220729850483698 -0.371481799900439
0.317296154578235 0.288888889625538 -0.0838614822412809 -0.476547254718585
0.325664136140637 0.0143252888530039 -0.33005316489745 -0.233048203309183
0.25225648065702 -0.128788180923178 -0.317996783698729 0.0259130863545991
0.144249960573713 -0.247201073066228 -0.159850046163734 0.144222032704248
0.0769725173763556 -0.266890094586236 -0.0593091979121873 0.12165936010385
0.0934766152221649 -0.267473609387385 0.00643408730717171 0.117799485540565
0.208784403046603 -0.187923248129377 0.0410364409649566 0.146117466780477
0.282805402256357 -0.0774707174174445 0.0554499923867431 0.204987022732703
0.374088411531701 0.154407966391492 -0.0550467778723809 0.263300845626698
0.188812276167593 0.384963476418783 -0.229330578928065 0.235731523005212
-0.182775261440741 0.429228702524932 -0.23116272428753 0.144600116898307
-0.466476424235195 0.351487239664626 -0.141024282353675 0.125684286690067
-0.50432631082944 0.230099471547878 0.0801711644080255 -0.193523053882786
-0.409104815770495 0.383582217113004 0.317211356956779 -0.0544205973860594
-0.0421049024404871 0.543579543555072 0.316930895077482 -0.350499627107003
0.333622621508663 0.407713502560199 0.0223597449747616 -0.47085147004268
0.394569253336905 0.0623005389074245 -0.21847697124945 -0.259396239623221
0.305858211722619 -0.12896433394558 -0.2219807493184 -0.0512973683589843
0.18531584811746 -0.275262332605671 -0.0951684081822652 0.0515066355082947
0.0986990482908636 -0.301913231783224 -0.0126744851695723 0.0269613587979413
0.100550480690624 -0.302338258862795 0.0533456441958285 0.0211932341877929
0.214392626990205 -0.217518506583045 0.106161760150163 0.059820942255615
0.299132406402802 -0.100725055807594 0.147321165550691 0.150611636497854
0.402997514300388 0.147276575314666 0.0398717158264681 0.249272282970284
0.210656305968918 0.397371809586074 -0.152701586987273 0.248842125066992
-0.180356615566791 0.437964223285999 -0.166556611444541 0.122726816790886
-0.484957025129835 0.343623001450417 0.0199554369319654 0.0677020912895637
-0.482908953462259 0.154863488191251 0.299079060522683 -0.20232599657918
-0.452978244596172 0.310692040943849 0.437698371200549 -0.0613463393616244
-0.125210291790446 0.52013379142548 0.392767206317458 -0.281736293346017
0.271237081269445 0.440661712850194 0.132321639502443 -0.408607215806533
0.379304604898821 0.0984369951814679 -0.0825706768007506 -0.25491395496051
0.301759333699974 -0.106031639045915 -0.101136012425298 -0.117942963442493
0.192046271348407 -0.259288318850597 -0.0223499562651541 -0.0440092041164787
0.104176934102291 -0.292132827224171 0.0355392976242761 -0.0683876475570156
0.0989223325495431 -0.292503368411667 0.0962753780342289 -0.0753741911481929
0.199307379121575 -0.213611858572037 0.162687671282039 -0.026714892669036
0.280794175448166 -0.0979448514761272 0.220419786803825 0.0928482014282121
0.370363509151827 0.141662696034654 0.111210251017182 0.224479940316247
0.180666565862694 0.369696534635347 -0.0933991124268801 0.242093897876692
-0.186507893693395 0.380301080221215 -0.118763950814112 0.0857824596276054
-0.451197019783072 0.272465801879954 0.157763292681338 0.0081666844215186
-0.365374111475735 0.0656952280577968 0.477595157364476 -0.182197516409609
-0.385248513086707 0.187633083982896 0.520593131253335 -0.0540429357896351
-0.15468002652508 0.387251792841991 0.429042379078022 -0.191226610186493
0.17017288061834 0.36539556692077 0.214117148711045 -0.313913638242791
0.288938167151796 0.0995230815455371 0.0405939757002926 -0.231463679733932
0.238564952159763 -0.0718585449941469 0.0135904613244326 -0.168213488248685
0.160697773482625 -0.202498666704224 0.0447011149707277 -0.130068104178616
0.0920898776920435 -0.239023261598921 0.0785536332994886 -0.150810963560042
0.0890236518401079 -0.241550275308801 0.135682719865375 -0.160096337154248
0.168271788973003 -0.179995297221043 0.212766681803192 -0.0956888666286021
0.236191273979792 -0.0734801301406317 0.279912660316301 0.0523891380980422
0.294377150461798 0.139495971711695 0.15993717391673 0.209397976226519
0.111068938968156 0.310649937823878 -0.0505395705489643 0.23233531481794
-0.193822526260609 0.277192196715961 -0.0831779860698561 0.0520813873803795
-0.372884762376391 0.158355822583238 0.269650344733031 -0.0322128082276795
-0.179078136509068 -0.0296571078659405 0.577566819319154 -0.148983014064124
-0.23468199678404 0.0478188558649688 0.544113642365918 -0.0496833761688789
-0.12322532760501 0.19594527339918 0.426160124719019 -0.116637679781796
0.0685487363579858 0.216225591078444 0.259045556390539 -0.23444605716262
0.156374411012481 0.0678004546829563 0.122471871683311 -0.214634972567245
0.133674809671552 -0.0340752825623438 0.090411500093686 -0.205009164399855
0.100167992772992 -0.116704084056462 0.0879133866143086 -0.193748558678674
0.0658525206548781 -0.150143398106331 0.109760339976199 -0.208067587446629
0.0672019358562452 -0.156051462026066 0.170301627557559 -0.220399827705798
0.119768740795592 -0.122089389971492 0.259366626865805 -0.137920241380749
0.169744986480588 -0.0386202591964236 0.328458550313387 0.0392558943777641
0.189571658649784 0.124217516219741 0.190190284967644 0.215486044313261
0.0301034505768388 0.221836369638051 -0.0247238816466039 0.23473184432284
-0.18026054494663 0.146412142024741 -0.0606404746327573 0.0326957550198597
-0.248551154948222 0.0201079159143859 0.344283183977912 -0.0458643114394907
0.0673730527597236 0.0971155213055311 -0.389517793155171 0.13360053967297
0.0987389510736009 -0.0297544220407947 0.0428386444013554 0.0837252649646707
0.0357608576771815 -0.110339472318535 0.0434390609290477 -0.255357197322972
-0.0674083707959924 -0.067655765615931 -0.201884949858703 -0.278601170471175
-0.0659086174919919 0.00687071785541317 -0.38466320390713 -0.0652865272693746
-0.0278896240207569 0.0290033690500702 -0.33394073166305 0.190738957011908
-0.0345580610355796 0.0387757057535376 -0.192746037209235 0.281595282653316
-0.0346858262510309 0.0298873944574455 -0.102823233117482 0.273947518553694
-0.0327429883077746 0.00689257426566535 -0.077251284638746 0.267160114888114
-0.0249333208183175 -0.022610661534022 -0.096552364119285 0.269125423593676
-0.0128959546130339 -0.0450974526780768 -0.15490164400234 0.249602261997581
0.0478233773955375 -0.0625276552302793 -0.274778989453653 0.215595320269139
0.0967510545632054 -0.00742002411792037 -0.397491508843609 0.130141481630505
0.0617229122112689 0.103960789204307 -0.449732567366014 0.0599167207103157
0.000588614509304159 0.137535665808622 -0.53242285439835 0.179445063430157
-0.0921272614497859 0.214047260435471 -0.381764749487032 0.0474528525551332
0.025396806502526 0.133393727188331 0.0472115048064418 0.0535434387280109
0.0979145517971036 0.0549420250600623 0.0562084176645155 -0.301507542796064
0.0842123486872465 0.00382655197846004 -0.212989581559647 -0.338923215404543
0.0559587508948762 -0.0248676977231327 -0.410184994359364 -0.0968698875326365
0.0532898508770402 -0.0489767854273986 -0.358379986263025 0.177756618358853
0.00918489546488711 -0.0781522040914288 -0.195859744064728 0.275155081825789
-0.00651503775228097 -0.0870340383859264 -0.0962546490314107 0.258514452744631
0.0174828534495082 -0.102923506695311 -0.0571958305591385 0.251642875906572
0.0816621382633879 -0.0850414010043596 -0.066424422643068 0.256353377307891
0.114840414362625 -0.0392522336192365 -0.107452315207253 0.250018092219717
0.169457186504858 0.055665908210665 -0.221328845962348 0.235177494286067
0.102872290278059 0.169770622500954 -0.351894001415644 0.168860415418817
-0.0709851048749319 0.242376913936404 -0.38022418824697 0.116452289927706
-0.203653678823498 0.240806768956716 -0.439768014688341 0.196544984984191
-0.259792907312011 0.287422568390583 -0.299412631771571 -0.0484492222489409
-0.0961717313310761 0.285613603597832 0.0948465677611251 0.00897899554456499
0.12085918034386 0.249663139613125 0.10301517199367 -0.352468003092277
0.233546629899139 0.116423053714643 -0.191605435997268 -0.408852953554117
0.196393972602889 -0.0352460857511841 -0.403894303527083 -0.147682190254906
0.148772445775796 -0.113556242545773 -0.355243072066533 0.130020717544882
0.0638421591620829 -0.182734009306773 -0.18206254787716 0.230594780616443
0.0227227091811213 -0.192606596625281 -0.0776314068395827 0.205955297710176
0.0506775280666136 -0.201187449027638 -0.0228729490448465 0.197899900531763
0.15460678967224 -0.150522938717552 -0.00980191551520347 0.213320059111126
0.214898128356654 -0.065134525280507 -0.0223790623568849 0.238345980813142
0.294491319130514 0.111153145873315 -0.13493247584196 0.263133919954722
0.158285796807111 0.299165734161974 -0.286030490847824 0.218995147313693
-0.133143210628273 0.367078451820552 -0.297857479430472 0.156929421710877
-0.349324689930995 0.333393514571536 -0.294186911014674 0.182840572132265
-0.401485903333575 0.307331837897524 -0.145424316935238 -0.135924909389666
-0.243170260375849 0.392798609920004 0.186806788579153 -0.0398554555075827
0.0888985732595248 0.433458688493048 0.183340308819546 -0.383796292250222
0.342250783172602 0.254985003203139 -0.125266667752239 -0.462432660829609
0.324363439303962 -0.0165237059601914 -0.34772933747707 -0.201783527698246
0.237309317358974 -0.152466813297055 -0.31131736200072 0.0554275585391739
0.119039019610562 -0.256892489490903 -0.145809082023755 0.152618824150841
0.0480843033581474 -0.268380604588337 -0.048382838376764 0.124057631313662
0.064829227000934 -0.272996413687883 0.0166387569086178 0.114620882813322
0.188336223736933 -0.206831207736316 0.0541820219277773 0.141132544303165
0.272485701275501 -0.103467443543534 0.0739836820321688 0.198147903118023
0.384641135695394 0.115258897701832 -0.0321703807215044 0.267527567866644
0.22091325004987 0.364280580611817 -0.205681021923021 0.254473032698068
-0.143135090250312 0.441387922686454 -0.218168944631113 0.162418315774776
-0.42786588512071 0.391184435337531 -0.130359512023534 0.133987514826064
-0.47857934949196 0.272927699809149 0.0611077169472378 -0.198581404763672
-0.369742465732702 0.417081823765223 0.307472955412658 -0.0790830256267176
0.0107889142209397 0.541131820956878 0.279730935782616 -0.372421011283556
0.369913251246159 0.372423507954034 -0.0195183811090806 -0.464992757041501
0.397142247906854 0.0246506872497223 -0.239647834753249 -0.237851682966897
0.291541240504745 -0.156596731206083 -0.222847217134454 -0.0297117325545333
0.157057149626021 -0.2877447713154 -0.0912194759457 0.0557914988733311
0.0657697014706306 -0.304643489194204 -0.0111560477449232 0.0263118493125697
0.0693577159658928 -0.306515786566856 0.0537573500073875 0.0157868694170608
0.192013942816176 -0.235376545286569 0.110050844121171 0.0498226185107989
0.286444625793663 -0.127076727002337 0.158855084783729 0.135853554156364
0.412382192273813 0.104541197360155 0.0611483685421025 0.24675967653824
0.245734605348502 0.373388087119885 -0.129508642490143 0.260690223945063
-0.139690093788322 0.448871996699601 -0.156086317423754 0.135463041734663
-0.444854775772213 0.384029895961212 0.0241468735559435 0.061758148919465
-0.463281237954079 0.197086340702662 0.278718983377155 -0.22624183951071
-0.418468820183502 0.348859752757117 0.424396980799366 -0.0971303220677026
-0.0736251094773337 0.525139570173822 0.361705551493611 -0.31011977568129
0.309367277546364 0.41027783314504 0.0953614091044809 -0.412356540504731
0.384236615729338 0.0628301469550099 -0.104413605445243 -0.245064297228178
0.289688015677571 -0.132309397095602 -0.109511918989392 -0.106620551942224
0.164565416908168 -0.271852304174168 -0.0268365250079165 -0.0449202627350933
0.0730851872235613 -0.295676300801303 0.0278561203928833 -0.0718169391639139
0.0686397576600855 -0.296981280156305 0.0877041189704512 -0.082728664573687
0.17698010010061 -0.229953298909932 0.15774089242546 -0.0401227280827809
0.268148026734514 -0.122592734844742 0.227170542262305 0.0716113294762014
0.379724395944282 0.104026867748962 0.129950671272868 0.214555214816342
0.211827054581499 0.348269134605637 -0.0705663239909759 0.250162561169579
-0.151223202458814 0.391884730862403 -0.111923872635135 0.095606816638885
-0.41787930454609 0.311173438337371 0.156464097087032 -0.0084233607926737
-0.354373391807668 0.0981030323397676 0.457869405306905 -0.222509318490673
-0.362989018365978 0.220660988480075 0.506900084505738 -0.0967451559129421
-0.115370742045948 0.397001926393479 0.406193175843764 -0.22363729807014
0.202409322828561 0.345893651302911 0.185848555806919 -0.327219677829858
0.295056646222573 0.0727698987380774 0.0205322727560858 -0.233136501867338
0.230313281538928 -0.091841827552176 -0.00131279848103598 -0.167803861118064
0.139401246476806 -0.213541476638555 0.030998264211537 -0.134878070535334
0.0666087778443226 -0.242494912694794 0.06389649361731 -0.157450864959626
0.063212827006936 -0.246136851214321 0.11931287522682 -0.168923673650916
0.149544979067226 -0.192597007636773 0.200902633302431 -0.113518576388416
0.226664069862149 -0.0938446469898644 0.280393269035641 0.0262111558273608
0.302620672589145 0.108850279015994 0.176462668616054 0.195334676885956
0.138073364417571 0.295608106117008 -0.0298734231462849 0.23630796622625
-0.167153362237947 0.290092193811645 -0.0791726446927991 0.0603969875131685
-0.351737196993003 0.189533413508922 0.262922845388575 -0.0582560317979024
-0.177892363399984 -0.0124929245636891 0.561155945044721 -0.196129344487351
-0.225932432225228 0.0685277213063152 0.532355271607374 -0.0945585795893411
-0.102632821788433 0.204670189163599 0.412343529949893 -0.149065121802148
0.086966251371006 0.208890965072794 0.237014573103128 -0.252256578367836
0.160789249112864 0.053849031027702 0.103207974266435 -0.223473387325969
0.130260296535374 -0.0449693899819089 0.0712528217239003 -0.210864819616183
0.0881975755308954 -0.123388570188454 0.0688606897610965 -0.201020730797566
0.048362090390954 -0.153962475627542 0.0908685299423334 -0.216195504925123
0.0512085731725118 -0.159559275909441 0.147844300941167 -0.231285784086068
0.10630390998931 -0.131122411077569 0.242927861158786 -0.157573345922396
0.164298713517456 -0.0535696370742008 0.327457047428669 0.00891697246358406
0.19821322096752 0.10336686021008 0.206715079376673 0.198578745383766
0.0499027975617485 0.214997815242136 -0.00416122121457862 0.236513312264837
-0.165326520135776 0.159606002998872 -0.058280043440774 0.0394033550871488
-0.242518582062241 0.0435738945998057 0.336613397656582 -0.0788129799796166
0.0745591078337115 0.0874917000911231 -0.362257167558983 0.158709910555136
0.0928483019042445 -0.0350856920289798 0.0489813946095743 0.078369329578594
0.0252169079917193 -0.108811821469123 0.0221770387271378 -0.245623627271996
-0.0692887524566856 -0.059876316967091 -0.213565165870062 -0.250469547070493
-0.0619503046088639 0.0118861109755907 -0.372061006650912 -0.0340177929533128
-0.0245536472480816 0.0278314759444746 -0.301605163863585 0.206250222717831
-0.0282745844488854 0.0389405242125488 -0.159619528608555 0.282514343942402
-0.0301912283451141 0.0314674656259819 -0.0753755377347186 0.26773780996481
-0.0305869061851577 0.00900322665191344 -0.0514917664535081 0.260329840921849
-0.0252946563945219 -0.0200352761156351 -0.0691167079026047 0.263790727717438
-0.0156296991941041 -0.0418649535315109 -0.127620403264999 0.250393198748701
0.040804579100643 -0.0623442035827176 -0.243218844692937 0.226051990194475
0.0903548118650836 -0.0126132982397705 -0.367526585077957 0.152558157813001
0.0670523700962789 0.0965553438960712 -0.424569637701464 0.086317526671584
0.0116466818806867 0.130068082133609 -0.496993207723888 0.214444687467753
-0.0688524816051361 0.21132961134171 -0.362688360315876 0.0753126476108782
0.0355594263138959 0.126206250652922 0.0508937776214917 0.0496166046089963
0.0982380735115339 0.0430604231288836 0.0298486149929283 -0.289711209741619
0.081285772670576 -0.00458770755627666 -0.229798748367841 -0.307746274841424
0.0511792722685841 -0.0292343838801777 -0.398806543145117 -0.061130481624682
0.0466477152825077 -0.0525345867523781 -0.32527508791222 0.196333238445624
0.00250448175020613 -0.0753426263437454 -0.164467319279206 0.275758954405723
-0.0138877089314016 -0.0814376838369381 -0.0718971295040384 0.253052968310044
0.00760171107226877 -0.0994259458766405 -0.0345916412614782 0.242688842513771
0.070718192330209 -0.0877917665989429 -0.0417675349745053 0.248468130018387
0.106306355173617 -0.0472070564072236 -0.0831771452008995 0.247502046426094
0.166168987446013 0.0377424458709656 -0.192494418289455 0.242457720680368
0.111124528613912 0.155031700028205 -0.32199187337219 0.186034923105651
-0.0484975542129926 0.237590113729846 -0.355261423919409 0.136679875045724
-0.172665630216317 0.245031776312341 -0.407162814347609 0.220212992747723
-0.223590013474988 0.293946521404154 -0.291849538498037 -0.0227528256759442
-0.0693591973312584 0.280568492001276 0.0917038232332997 0.00396567360567443
0.136963789488735 0.226691247278244 0.0707019922106755 -0.341271774126356
0.233950812689051 0.0907963977165228 -0.214171969680834 -0.374985979777758
0.184229221463099 -0.050447345357671 -0.397116614809183 -0.109704344392445
0.131992066274863 -0.121712331302099 -0.326612622479092 0.150846131106281
0.0469870326243097 -0.178709363246003 -0.155046113490734 0.231484319883683
0.00400523781704417 -0.182832078110201 -0.0589908346787818 0.200783265609951
0.0298081242471036 -0.194877079752476 -0.00600862436550335 0.188933241026244
0.134935579778524 -0.157450944595047 0.00853364288816249 0.203139003852235
0.199918141280683 -0.0795882731042586 -0.00265755323226739 0.229258475835297
0.289883805513456 0.0798464378573919 -0.107544822087104 0.263427391811677
0.174918589557578 0.272953686628179 -0.255577082473881 0.230424693242212
-0.0980853125109396 0.360605371609625 -0.273577865838918 0.169768704268881
-0.303780631717879 0.344669831908518 -0.269473483998507 0.195364678791942
-0.357200524715081 0.324343365914318 -0.151668266488826 -0.118361912409903
-0.201631461800913 0.394652208817559 0.174416554769567 -0.0496950905457772
0.122319329728961 0.403960867125323 0.145386348487764 -0.377251413621763
0.348998377825177 0.214205002870659 -0.154684228489578 -0.429919286425694
0.309008906586817 -0.0430038627432279 -0.347395647456251 -0.165062178061174
0.213445870599601 -0.165196438284992 -0.290575742678953 0.0776055934629368
0.0926287897313767 -0.253182589437567 -0.127895245550069 0.154372361042035
0.0215305681657486 -0.256811025251105 -0.0369253558810582 0.120788330996107
0.0372207563863847 -0.263762873712187 0.0243977664416689 0.106398714535554
0.163062384470657 -0.212439586630977 0.0629436888471841 0.128974670784966
0.252031082005939 -0.120740623866313 0.0851877135075727 0.183557413639552
0.375376414073367 0.0758229897894675 -0.00903747391459834 0.260466889520582
0.242358982093354 0.329020657274744 -0.176559479389701 0.258592444007021
-0.101980529523814 0.432476034474728 -0.197858217185111 0.169725139742182
-0.372451145042525 0.406654987697303 -0.116699840865171 0.134942358291481
-0.434144099917952 0.297516781370743 0.0417629775724663 -0.193602642380644
-0.320682645122508 0.425378670063992 0.284682708926682 -0.0952865504351043
0.0567732725924765 0.512599237546718 0.237900198068578 -0.372201580852968
0.382929221273125 0.322654432883931 -0.0530376850042206 -0.44017688686692
0.381125479045463 -0.00909625014738013 -0.247052794813511 -0.207393246539774
0.265646841516788 -0.173615696656913 -0.213390990211663 -0.00991790052769786
0.125923029766168 -0.285588437953607 -0.0833987970016941 0.0572780386691094
0.034894057952843 -0.293178703533833 -0.00923025836103643 0.0256170386357477
0.0388079105104728 -0.295300953105776 0.0517446780977279 0.0101053354368479
0.163572440031742 -0.240076380285815 0.109041559979363 0.0381834750473326
0.263116415720438 -0.144820274146526 0.161698247222094 0.116805695084305
0.401139804653742 0.0636819029855327 0.0787081143189913 0.232744108206269
0.263640930470237 0.334837940305991 -0.103554536556755 0.259993463186957
-0.097535579233704 0.439064466913486 -0.139788670793744 0.140137455950861
-0.390236803107167 0.399635519269479 0.0250553858637735 0.0543270294626595
-0.425316484747313 0.224591429403163 0.248173668125831 -0.236566213252548
-0.371365388293976 0.36444815212908 0.394135010822734 -0.121368468581052
-0.0262248064424719 0.503976806442998 0.320409581537244 -0.31998620295786
0.328040450954402 0.365153586450174 0.0607149416846267 -0.39832709999956
0.371709616001123 0.0289869084065738 -0.117548026973595 -0.225843453102594
0.266063177452845 -0.149590016894702 -0.111442837421258 -0.0926500644793053
0.134233194022506 -0.270986706278332 -0.0300869188827241 -0.0430200113145453
0.0425239469687416 -0.284351340029061 0.0202499082488733 -0.071645612992048
0.037882385951774 -0.286646931342661 0.0761814569205663 -0.086089446476657
0.14967640101293 -0.232371037685066 0.146843415807004 -0.0501172927589314
0.246084551686227 -0.137805783562643 0.220766860454009 0.0503837026950067
0.368582615634403 0.0662021847725256 0.141729804576155 0.196961707151676
0.231129099834613 0.312114584671888 -0.0480834108308495 0.246026603093934
-0.113177489676029 0.384114169225161 -0.100779611495189 0.10031147375811
-0.369185155265966 0.329642524259593 0.146392284559064 -0.0231996087138666
-0.328741990434949 0.121930858657871 0.420392833436139 -0.246096011704405
-0.327269294200267 0.237414821776291 0.472685415709486 -0.126961634798677
-0.0761958582470117 0.385316686421147 0.369671897226159 -0.241164569917591
0.222637848172649 0.312648655490453 0.153798312459192 -0.323547347516117
0.287333908061206 0.0452504538561909 0.0025813758123927 -0.223861629231989
0.212752585586768 -0.105610035644698 -0.0135005604434176 -0.159491805841076
0.115078004534509 -0.213180029114746 0.0177797065829 -0.133006143318051
0.0411234039437804 -0.234432582071085 0.0483134289374835 -0.15517805771401
0.0380597887633842 -0.237668320752533 0.0999381986393795 -0.169361105751058
0.125793688027625 -0.195207612557387 0.182898193643569 -0.121682608282477
0.20878780182146 -0.107250141481287 0.268339421784173 0.00272471282163688
0.295668625333625 0.0781514310321936 0.183769202937643 0.174437602550987
0.155159400970205 0.269101190612281 -0.00968495453064762 0.230036651833515
-0.137347194786587 0.288494284658531 -0.0719446954497345 0.0652619093330124
-0.315507848445361 0.2078507338272 0.244708002943584 -0.0790026715606057
-0.169022596272017 0.00261367309745426 0.522238648278909 -0.231089786342576
-0.207293742507848 0.0827224752010894 0.497690266258865 -0.126924081425817
-0.0799591055039606 0.201361662474521 0.382172247910996 -0.170585483782147
0.101329172263027 0.192378404244381 0.208419092238755 -0.256513096074331
0.158104658885931 0.0388205111431533 0.0833148803655983 -0.221252832310405
0.121364184563613 -0.05196149719707 0.0522976513424844 -0.207205122351772
0.074168507047617 -0.123709313999857 0.0494016978723463 -0.198604148179151
0.03146667757835 -0.148979774258076 0.069642218345746 -0.214052557936899
0.0338296751434557 -0.154918204276644 0.121854320631946 -0.230926890225617
0.089857094137726 -0.132126195693892 0.218907895676727 -0.167721032079744
0.152082938207942 -0.0635421757421703 0.311913446037071 -0.0175808269252015
0.195465909217489 0.0820963592745956 0.213011473135262 0.175136645050688
0.0636915855107139 0.198745630782505 0.0144209273180771 0.227998851513659
-0.145173834149318 0.164260709982432 -0.0534745850854116 0.0430445082290131
-0.223483876913304 0.0603760425284791 0.313440411862705 -0.104073626100118
0.0800662350901168 0.0757491150828823 -0.302376409606604 0.2190112188886
0.0821089565127088 -0.0462182606922454 0.0660603958449466 0.0650417823882462
0.00163094871016385 -0.104758181840909 -0.0187541070847192 -0.238450139480076
-0.0783782771357794 -0.0407210589780772 -0.246725106111244 -0.205486388959642
-0.0565465937572315 0.0270231884577001 -0.358732316020692 0.0340228879291386
-0.0159988549324117 0.0317377975829593 -0.247995598648649 0.243837992321966
-0.0172980808300187 0.0408280962595718 -0.105877018370703 0.294265707161894
-0.0213306277661491 0.0348747472081409 -0.02633875635785 0.262838562462037
-0.0254219437647242 0.0138219840247943 -0.00199238080371858 0.252769998209008
-0.0260891014756744 -0.0132481112129377 -0.0152845608179004 0.259662222007219
-0.0195577786263861 -0.0338301075803141 -0.073936269231548 0.257172380328161
0.0254393849079134 -0.060650887695438 -0.184499443622037 0.25348269835242
0.0774596084047386 -0.0210816718077435 -0.31298623233834 0.20614261973317
0.0709997985167254 0.0800045881991415 -0.381550652402267 0.151684348889325
0.0237527932285685 0.124346134095821 -0.42818316560121 0.277275928163593
-0.0361464706151341 0.208044735939599 -0.325856811904755 0.147212490060299
0.0532644553080187 0.108973611958608 0.058594715637609 0.044019227729535
0.0912761832130736 0.0201416602408079 -0.0159758423938374 -0.268736467602651
0.0654046199275214 -0.0159704946663637 -0.263180978894104 -0.245868996095366
0.0395449175201239 -0.0270238499466969 -0.379977657106115 0.0109051730924798
0.0372904322405772 -0.052211727251484 -0.26850226413399 0.236777137121082
-0.00722137616890042 -0.0680197765737699 -0.108907773281695 0.284344098607114
-0.0233983322512936 -0.0706879480635636 -0.0254226373336885 0.246836596201811
-0.00702805591649027 -0.092068075659945 0.0114912165626404 0.235427834198977
0.0528683698735498 -0.0918339860895858 0.00806241682290479 0.241452641957873
0.0932125754629834 -0.0554280455827025 -0.0336145532568087 0.246354342907793
0.157563295118278 0.0119593193617328 -0.13828716349749 0.26055035547503
0.119823065703584 0.129760977475957 -0.267363616743309 0.232510522018635
-0.0135836422402026 0.228588811094483 -0.309307087687991 0.183003077419387
-0.130510370554387 0.256851183698608 -0.345614545217381 0.26560489646131
-0.167127741387037 0.302784545690777 -0.286528585272048 0.0469973312794118
-0.0191823119713322 0.264814794398672 0.0827557769333011 -0.000112383649851258
0.152982070398884 0.179427203286274 0.0117358030385136 -0.309922555145187
0.217823879559537 0.0434140755544488 -0.254015781117009 -0.300168372228975
0.156904642388448 -0.067491020516289 -0.378138167550541 -0.0351555158721197
0.10564849624451 -0.129029670073072 -0.273270196807416 0.192340085419769
0.0164548220963904 -0.168905019500479 -0.10439370554584 0.236617200758575
-0.0216919603899454 -0.166488186100952 -0.0201336518142198 0.195543019087767
-0.0015368932507181 -0.183252923805262 0.0293170676278488 0.180824689105929
0.102108623852908 -0.167288438446795 0.0481129345041125 0.192366619393187
0.175351330856659 -0.098841864282586 0.037381993627583 0.214896180344463
0.279435914348296 0.0317078719438105 -0.0588222530905133 0.265108160914558
0.195276314836417 0.228853548154028 -0.197746869401677 0.264987332550389
-0.039600727075674 0.348816729388238 -0.229751867325694 0.19822593770531
-0.236890045755817 0.368296656038895 -0.223345976430162 0.219373304740974
-0.28403758585221 0.346307096366195 -0.180432105656067 -0.0662104830000272
-0.123775541214995 0.387404822804389 0.143134466913786 -0.0609167651704002
0.167474893897397 0.340204233184529 0.0703412563983572 -0.344078934495491
0.340812427569988 0.134531700658605 -0.204366758287111 -0.349452229512693
0.270023313596649 -0.0806749996505599 -0.333171029550099 -0.093267777934815
0.173783567611639 -0.182090519395139 -0.248338358692886 0.114268473163635
0.0456213297624809 -0.245292418818067 -0.0876097831469966 0.156715019849515
-0.0169435999905379 -0.236791475220066 -0.013181103332092 0.116910832804277
-0.00603562529022852 -0.248693630583558 0.0443840110810342 0.099801350125248
0.119398639581903 -0.222801467077477 0.0865225097600381 0.114611062262135
0.217990888055858 -0.144516612798742 0.111992600512036 0.156666070481957
0.360634292759812 0.0151248208131993 0.0310591493874256 0.24620235305082
0.264761738460643 0.269130806204039 -0.119756147319333 0.278816998644287
-0.0310069781134536 0.414914835749593 -0.160309421847527 0.183917186437731
-0.289878979726596 0.432445254356858 -0.0923147919860794 0.137852262356019
-0.356765541310987 0.327101240961723 -0.019062358510593 -0.172311075648733
-0.227087621567195 0.432004034634764 0.232941395201445 -0.123189846932243
0.12518800169232 0.446661492404771 0.151928676722948 -0.349439609792969
0.390783580187248 0.22378844137338 -0.112430247294187 -0.367984066401801
0.340379121235717 -0.0629833614704384 -0.241217706766844 -0.149362080894187
0.219438644295163 -0.197164652155962 -0.189124526087907 0.0183912832095467
0.0702669964358237 -0.280251022232768 -0.0594103844493305 0.0567647845263452
-0.0105221195665702 -0.272194195869727 -0.00218245208410669 0.0231434705733617
-0.011072452954554 -0.277823987031683 0.0538708511011793 0.00541586729563923
0.115980400619744 -0.248491096405791 0.114220878192808 0.0215750658619081
0.225723359673278 -0.168267310194508 0.170623082464464 0.0808282440138685
0.382624989415439 -6.22894749488494E-05 0.107896658078813 0.205344524386531
0.28768308653244 0.272315242131479 -0.0505879459076546 0.267846598935838
-0.025306275239235 0.420098346989486 -0.111255425667919 0.147506603628544
-0.304456555272797 0.426995200692845 0.0268010269450679 0.039622341568487
-0.355873679673979 0.256605175957345 0.164676809882046 -0.253736668565246
-0.280965685340766 0.381129987258018 0.327903231654036 -0.16867426744171
0.0513465880113151 0.450593445827498 0.232330875624667 -0.31703415613857
0.349828564665252 0.26877201607685 -0.00344936978001224 -0.347649251350672
0.338154376339092 -0.0295981230087251 -0.124208732886451 -0.1863234066649
0.222916170923714 -0.175833611431283 -0.107423241665419 -0.0753883253495886
0.0801594916663042 -0.268344312793426 -0.0253580039967042 -0.0470357627880941
-0.00265451164743228 -0.266515615895658 0.00954157749344062 -0.0726185033830794
-0.0104753554721345 -0.270352319295228 0.0596953307146108 -0.0888609592695638
0.103951139786267 -0.23974238653478 0.132562341099442 -0.0681284577913058
0.211035722768988 -0.15997899242606 0.213427404224294 0.00827035498201494
0.353485010205129 0.0072289259834146 0.160690101816984 0.160946523138127
0.251848660988243 0.256348002884292 -0.00159265412168808 0.245152071491552
-0.0478193555503259 0.372196468349714 -0.0804835094551749 0.1036189712572
-0.294399275050576 0.356169199029317 0.126596828238395 -0.0513041312781665
-0.279765791775744 0.147527803069037 0.328028555780016 -0.298938262316292
-0.260036343368678 0.258369417654794 0.402799049611104 -0.193161426667864
-0.0114328624877165 0.350033106965486 0.291818347542232 -0.261636517158556
0.248331710987896 0.239873452376016 0.0917064744592635 -0.300743525199927
0.264826916266733 -0.00351193925131294 -0.0176619857432747 -0.205115526028301
0.179683199879386 -0.128725378694098 -0.0299918967917848 -0.153408313967027
0.0699342452920826 -0.212842806952729 0.00416542678176151 -0.137369847380188
0.00239116561236959 -0.22079567018231 0.0213511505547095 -0.156248378163599
-0.00288182550934538 -0.225194767538806 0.0668775506555621 -0.171756140856391
0.0871771072306989 -0.201189997683708 0.152751484621654 -0.142669715165395
0.180983687880772 -0.127316793447719 0.24903512862508 -0.0453993257243905
0.288909394886258 0.0292133078603282 0.196395649572933 0.131347361159094
0.177185006944178 0.22581931897697 0.0316283560573715 0.222089159782767
-0.0836591943628631 0.286277633022725 -0.0590715351811715 0.0677074875584041
-0.259214882510172 0.23531491858519 0.209919199881863 -0.118265142047736
-0.14827367424486 0.0149628701941268 0.433496980790133 -0.309167310727719
-0.173407189522463 0.0974426806973682 0.432592495836041 -0.204471427779071
-0.0401475991937562 0.185245155039632 0.318864882864809 -0.211646210468939
0.121065542527906 0.150112575438367 0.151804338414724 -0.259833152033142
0.146041099035101 0.00894820794208546 0.0496685536983348 -0.21897115583886
0.102308413062832 -0.0655753573404285 0.0184955757234861 -0.207469689170472
0.0466096562681797 -0.124801294883025 0.019701167187971 -0.201579301590084
0.00612561378014089 -0.141360017752217 0.0310805086583117 -0.214182530924735
0.00589564000595465 -0.149040013018516 0.0760201231999341 -0.234228869997922
0.0630306475923297 -0.138039428007061 0.177654887194403 -0.191507606102192
0.134592770699516 -0.0799692917764025 0.286142816687702 -0.0725289720112296
0.195673994150279 0.048619154586017 0.22393065599481 0.126549572289107
0.0833730386081207 0.174411685521803 0.0527869859708203 0.213264289750969
-0.109603543501819 0.173238042165059 -0.0429958832001915 0.0460720047866317
-0.194495776271368 0.0840862408794589 0.271097579396386 -0.150664173181071
0.0787338468549739 0.0707300068109309 -0.287911138728372 0.211855910098341
0.0795916385445198 -0.0439240767013716 0.0666257458497484 0.0626037297951556
0.000450899409445781 -0.0999525719880618 -0.0171085777125114 -0.226750538692748
-0.0745795182958716 -0.0382777657530894 -0.236941748374569 -0.194777350456479
-0.0533497722849922 0.0253460733514937 -0.342046882603421 0.0339866043064141
-0.0154674929005177 0.0293264893060074 -0.23338267313394 0.232887314716178
-0.0160118754822433 0.0381504506542397 -0.0962778469010898 0.280050018462253
-0.0191631027775508 0.0336900225457993 -0.0234246504237293 0.249672570495412
-0.0233969504855545 0.0130244005439235 0.000366417007160571 0.241206618351916
-0.0247611159140826 -0.0123098487301163 -0.0126551610803659 0.246742149531794
-0.0190183231263515 -0.0318437162116279 -0.0688022791040288 0.246304094063521
0.0241621472393133 -0.0573843620984031 -0.175025502116855 0.240515741333148
0.0730000502489465 -0.0184420366525652 -0.296775542857916 0.195590821772326
0.0681635307158778 0.077088173337997 -0.365522563035304 0.142911301247445
0.0226847267500089 0.117971500354823 -0.410864595942142 0.265478779885928
-0.031301670543803 0.198035826370744 -0.311438663592469 0.144106574579447
0.0517706092439659 0.103598414098136 0.0577454398013212 0.043523233172447
0.0868435963873055 0.0182649126025626 -0.0150686547287449 -0.255013131761002
0.0627336274290101 -0.017002025232655 -0.252661857890581 -0.233432421266072
0.0382702373432805 -0.0265188056291488 -0.362442412539347 0.0118556285496994
0.0350225372724261 -0.0513744284777804 -0.252774543002175 0.225938326025207
-0.00772765667906013 -0.0649948391154324 -0.101093913326646 0.270395500209385
-0.0227822422375016 -0.0659109852567579 -0.0226196676356804 0.234919443215029
-0.00778462029029225 -0.0869853710506432 0.0120263518736506 0.223201160049618
0.0495109354933025 -0.0882610648958951 0.00884052305670662 0.229955750310731
0.0878768319814541 -0.0537444625237543 -0.0307942646607629 0.234677193026591
0.150432330690386 0.0104156464958973 -0.130140023264403 0.247946035127313
0.115077727169358 0.123583994398786 -0.254267590536865 0.221666029590417
-0.0123082026138599 0.219131672060367 -0.296313771306837 0.173204827366654
-0.12258051689262 0.244396680580277 -0.332842173785881 0.255720613395683
-0.155719172705515 0.289578091228995 -0.275268012731109 0.0480079081765226
-0.0176291569296136 0.253711877603755 0.0801791615506437 0.00238369253575961
0.147839373429368 0.16859239411102 0.0114542051608776 -0.29416642114293
0.208975367130592 0.0378592931527025 -0.24346431222552 -0.285594270102083
0.149666243494059 -0.0663484137755249 -0.360509493396599 -0.0314620792820889
0.0997281394859619 -0.125409349005862 -0.257608974546993 0.183189310613514
0.0138272935391286 -0.16128576149664 -0.0980277691810013 0.224593816018509
-0.0228368535398724 -0.156455168095625 -0.0189556017386193 0.185817002120942
-0.004310782292431 -0.173513090334506 0.0287720119261657 0.171216581224218
0.0951438102792699 -0.160431047802293 0.0470396981085423 0.181494532666888
0.166696607198496 -0.0959011083932045 0.0369373104870303 0.204903623590677
0.266490646397126 0.0275050144171913 -0.0532139068644168 0.253224147503272
0.188751615358716 0.21731678998867 -0.188519259109865 0.252867856112452
-0.0364525736377842 0.333871485801957 -0.220034894977707 0.187644329119877
-0.221921777935909 0.350777762451284 -0.214942834493594 0.2094742489319
-0.268825694798305 0.331753813852683 -0.174142553238512 -0.0595606964015023
-0.116134759377633 0.371791829667518 0.136727551277818 -0.0549242708612748
0.162936243650065 0.321327082940619 0.0674935964372825 -0.326031147521144
0.328366297603407 0.123246071476111 -0.195108022343434 -0.331628487029321
0.257960909605306 -0.0798480952633051 -0.317567345101167 -0.0889793964341313
0.164466754013571 -0.175984566751423 -0.234511147122913 0.109408769737281
0.0408545163191237 -0.233928744037107 -0.0836722386970571 0.147932655054103
-0.0195481270098465 -0.223122891500005 -0.0125846759910243 0.110574067349743
-0.00929436243856766 -0.234054000571732 0.0429256947802049 0.0938014086264949
0.111020756135205 -0.214304574688217 0.0832297485732989 0.107681526691183
0.206760920911751 -0.139656098687022 0.107461977376649 0.148813106232773
0.342761415505096 0.00981826418767065 0.0332174706798575 0.235436926129532
0.254365883665935 0.254721067826177 -0.112518241039137 0.267038422255184
-0.0277880223223871 0.397019765181167 -0.153762508362228 0.175276417140477
-0.271361528045986 0.411822496584301 -0.0908123503870257 0.13004281683386
-0.338041058650271 0.31459489923282 -0.0197856229880339 -0.162512387599368
-0.213671381731797 0.415103965144553 0.221061458548479 -0.113665444326085
0.123949474402965 0.423105651994249 0.145527529814538 -0.330130962922669
0.376412831465677 0.210039063211818 -0.107488062786319 -0.350277772814958
0.324908148151888 -0.0634106032566733 -0.229631410825809 -0.141757574850868
0.208644972508648 -0.190877138035023 -0.178973101126871 0.0175493712529169
0.064052261433456 -0.266927889964822 -0.0578954212255641 0.0513807121128346
-0.0135767472103019 -0.256165071389931 -0.00304752026888866 0.0206242623175913
-0.0144986740905705 -0.26139771459992 0.0511048599673176 0.00372180440146995
0.108617472157201 -0.237956048918257 0.108095837160811 0.0196017624384501
0.213943546687061 -0.162877667133715 0.163124672342757 0.0762572963848784
0.363316590040139 -0.00411352130312403 0.106137449079226 0.195460291487132
0.276094784313624 0.254974167632748 -0.0472744322505403 0.257813729142642
-0.0224681634017797 0.401478560365811 -0.106972793134331 0.140826162335167
-0.284870832516627 0.407432337838124 0.0227257948425634 0.0360204645468905
-0.336761612072047 0.246518166232167 0.15598700926156 -0.241949478443195
-0.265615353740398 0.366659734143523 0.312199121339623 -0.157734756934858
0.0528146003202095 0.427215708722037 0.222198847328671 -0.299519255905807
0.338192092603839 0.253498960897601 -0.00299212893973315 -0.330836474025797
0.322195039097753 -0.0311918946506909 -0.118331204612113 -0.178239251159404
0.21181256627741 -0.16984154473334 -0.102218793303456 -0.0728228746893618
0.0740032828127224 -0.255428922700788 -0.0257563100897175 -0.0464151760401012
-0.00670940908390018 -0.251407526570926 0.00779181734851858 -0.0706204283012377
-0.0130700618855207 -0.254004208706404 0.0565748559604498 -0.0850274734719903
0.0965474936126015 -0.229255735967524 0.125617490928354 -0.0652714949606211
0.199904164962735 -0.155238442618386 0.20322381885121 0.00683331337635717
0.336177702784942 0.0033007336680251 0.154948038346953 0.15366532301295
0.241880896671158 0.240608215542734 0.000657504722999175 0.235630526015376
-0.0440605298500352 0.354543639641522 -0.0778101640227247 0.10038447098396
-0.27584441376087 0.339446051518551 0.118505997359205 -0.0511283776107569
-0.264074585123228 0.142054931645076 0.312978053562319 -0.286307921661555
-0.246113559632432 0.246853276337164 0.383252792648495 -0.180175032246341
-0.00732459611490604 0.331562804104426 0.279267474056053 -0.247783876128551
0.240036171321045 0.225880829850812 0.0880683095214412 -0.286554920639629
0.253096365230814 -0.00526052437777428 -0.0166591680305803 -0.196851930932709
0.171271361947216 -0.124445574209016 -0.0287542879103115 -0.147476078640598
0.064876791253521 -0.202715695983421 0.00213976412214845 -0.132899103505672
-0.000156830509694389 -0.208019304680419 0.0188771342387997 -0.15067042621752
-0.00600466568339949 -0.212746816988613 0.0629645437378527 -0.164053967509024
0.080781397414122 -0.191953714353276 0.144691385701429 -0.13588822113657
0.17136020615825 -0.12289803003412 0.236439984152376 -0.0438537261308732
0.274103774778652 0.0255930361711629 0.18997579386316 0.124619625959124
0.170049636564292 0.212972954630087 0.0310585620448171 0.21385539611148
-0.0787378238462777 0.273169189519932 -0.056086235091269 0.0646678145312985
-0.243039292982023 0.223332314111882 0.197943488407316 -0.115665552420186
-0.139376309809755 0.0154923799575993 0.415025823082209 -0.296357112197324
-0.163525886343336 0.0931586032485931 0.410955696153042 -0.191793623478527
-0.0368054036490729 0.174589091396373 0.3050394350395 -0.200178318372269
0.117893995832245 0.141263117356155 0.145483826512527 -0.247166167247026
0.138915431657672 0.00762485237397847 0.0471161221166316 -0.209024062885783
0.0980662641919819 -0.0633755846312255 0.0166193153778507 -0.199609859109276
0.0428857598573438 -0.118648583741852 0.0160464459347423 -0.194587178914309
0.00352979781103736 -0.133807250070278 0.0276220200298751 -0.206147128985572
0.00348639810039968 -0.140948235520125 0.0713787175903091 -0.222587762508819
0.0581875906879987 -0.13119157708821 0.168876479743265 -0.182653382404067
0.127433389696677 -0.0770609334338043 0.272332206657787 -0.069435750047126
0.185991089469402 0.0450766960898472 0.215301484670423 0.120314247626914
0.0796928402609356 0.164404702173664 0.0516319861868961 0.204904666733667
-0.103618937825733 0.1652513052732 -0.0413076458479669 0.0440927691495503
-0.181731320643293 0.0806791664720422 0.255962290097289 -0.147613317223852
0.0786035225790947 0.0693243219021783 -0.287655484521377 0.20900498868551
0.0806332486789301 -0.0426163670511087 0.0674662092044138 0.0636879145115071
0.0011894745835873 -0.0985539084920511 -0.0128868818808474 -0.224257810181238
-0.0734913085395626 -0.0388002029244032 -0.232740534463802 -0.194937657751846
-0.0524835113339682 0.0240330976808266 -0.338782381368779 0.0290064579358881
-0.0164582390862651 0.0274713897992637 -0.23201552766815 0.225455499608106
-0.0160565800779852 0.0371138897838189 -0.0958283164907886 0.275124053394693
-0.0186449365339142 0.0332376341283875 -0.025312154365358 0.247189720129334
-0.0228275261249556 0.0127723423914712 -0.00193593647876056 0.238261718570156
-0.0239563764213327 -0.0125199693272914 -0.0148038740071391 0.244615606181747
-0.0181877231020244 -0.0309127456747567 -0.0717333623883415 0.242172582305477
0.0249220828844012 -0.0562702385836876 -0.176247756865251 0.23382844646454
0.072953511468917 -0.0158418915048694 -0.295713366626672 0.187146247812081
0.0669069988230823 0.0787481929973419 -0.364557102545795 0.1329895636557
0.0207220710519433 0.115784296644983 -0.412691182430934 0.259500111494074
-0.0310763391193255 0.193800079422967 -0.311671548723386 0.142547138839292
0.0511174169519083 0.104715833765007 0.0590923911182223 0.0454106048773241
0.085906452777477 0.0176260684416671 -0.0109130345569892 -0.251193202710335
0.0627162418708948 -0.0176517766359611 -0.247192251744119 -0.233521034471101
0.0389022018619225 -0.0267381266023279 -0.359726466834563 0.00745103297255819
0.034440141561254 -0.0518569574201423 -0.250659885554724 0.219397963678269
-0.00773066927101293 -0.0645434678788175 -0.100753051902384 0.264585886732431
-0.022124969392496 -0.0640600449680643 -0.0253586150659577 0.23196734229492
-0.00713225344127628 -0.0851819868929906 0.010249156631057 0.219939179409066
0.049704951955374 -0.0875718694661016 0.00717776350342778 0.227293806231592
0.0873582072373368 -0.0520150456478623 -0.0333221540170406 0.232205044224938
0.148944841304702 0.0109100748578057 -0.13067195585498 0.242687304069591
0.113615562582806 0.124287863331162 -0.253828928580102 0.215646331286634
-0.0151083574465286 0.218012822737473 -0.297578244902507 0.164941792355553
-0.124459478775937 0.239009122419813 -0.334808222934107 0.249452228630249
-0.155426415103 0.283645732134448 -0.275121656774533 0.0475731148451125
-0.0196170934314223 0.252206782230082 0.0804857224170357 0.00590964256170698
0.145454797731283 0.166234677976596 0.0164230648540348 -0.288344951680369
0.20774440185523 0.0376773635081423 -0.237647796465846 -0.284218074457796
0.149724312888177 -0.0656056224664286 -0.356647756554563 -0.0368650349559049
0.0990655316472079 -0.124703767347756 -0.254463193612676 0.177209151672116
0.0137380044587676 -0.159139029351419 -0.0987172331124104 0.219044762326049
-0.0222334023659439 -0.15295526713946 -0.0215086602942766 0.182926946954243
-0.00327158404959847 -0.169735291944044 0.027016711963838 0.167648152550401
0.0950880733013218 -0.1585626868822 0.044480817222686 0.179509919290899
0.164914464240707 -0.0938721556846358 0.0347042931476386 0.202161612669191
0.263004486736354 0.0278369130933608 -0.0544048972738359 0.249713083151838
0.186256249305146 0.216784164223087 -0.189755363469117 0.248011744204026
-0.0399936308891646 0.330659795886243 -0.221528976420191 0.181605722543024
-0.222631870279406 0.342198645032132 -0.218541940917353 0.204234969558134
-0.267815844534867 0.324143454186293 -0.172985678537155 -0.0587370283318738
-0.118704716555794 0.367436222397652 0.136944057545236 -0.0483962011770805
0.159023413689691 0.317562327584185 0.0722410721622595 -0.318819882107196
0.324840162730212 0.12223051139309 -0.188481651634705 -0.330954028894563
0.257130570903591 -0.0779218650748909 -0.313761930416545 -0.0918398908225109
0.164154112435057 -0.173457992712996 -0.231111058967151 0.104502187555829
0.0411809345164158 -0.229940020853393 -0.0856040710807481 0.14270576705664
-0.0188992764222314 -0.218647693245067 -0.0146553747045537 0.107890853760342
-0.00811200720288159 -0.228614498050912 0.0406836776600229 0.0916947959004725
0.11123801872313 -0.210986355055976 0.0808328906274629 0.106290121182502
0.204863912062187 -0.137257533817959 0.104693262884636 0.147372355158042
0.338524256730636 0.0108584162255096 0.0318678694893836 0.232768440634929
0.250678005514545 0.253150849105657 -0.115109726065244 0.263892165003595
-0.0325257844934848 0.393238261855344 -0.15496939078986 0.170520685029081
-0.270373286779776 0.402688157032408 -0.0942115834338328 0.127175253027576
-0.335620543515589 0.30699781275993 -0.0178276939963291 -0.158586344435548
-0.216480996020535 0.408460541441022 0.220791360826048 -0.104595284402487
0.119265121417102 0.417023782708925 0.149022083503442 -0.322337022970355
0.372164368612313 0.207791076099108 -0.101425936372777 -0.347816785398879
0.323069177084936 -0.0617625738271691 -0.225460678814725 -0.143671145807693
0.208096838762478 -0.187638526405436 -0.175400654533385 0.0135412215131508
0.0646901442039438 -0.262962697100499 -0.0594282041632324 0.0482314115153175
-0.0128075757112302 -0.251374962917895 -0.00407058206645961 0.0189573888008455
-0.0136503617739332 -0.25616061141247 0.0502171795727059 0.00347394972675993
0.10800756667087 -0.234655596907227 0.10657857602211 0.0199456155646262
0.212030988068204 -0.159920275534506 0.160529908955766 0.0769488677662839
0.358895408548561 -0.00192412656942915 0.10455923693174 0.19355858026674
0.271643082781425 0.253861268099193 -0.0500256098880416 0.256360692456625
-0.0278498502488628 0.395090185605928 -0.108636452347674 0.137907354766945
-0.28289501624086 0.398178893799949 0.0192987648831428 0.0344122188333359
-0.333468406352119 0.240725522958183 0.157738695266526 -0.235303262231289
-0.267480753801203 0.360510762695584 0.311481316268631 -0.147148892787748
0.0482632052898568 0.419614540339625 0.224775755184494 -0.291377956469275
0.334222339403279 0.251421104560448 0.0017339723822914 -0.327033476117015
0.320922408761136 -0.0292050788754857 -0.114952594146932 -0.17874068237364
0.211205760143741 -0.167541351096381 -0.0997281561763165 -0.0747695372162428
0.0738420858166553 -0.251261470880864 -0.0272956546636038 -0.0488738979489687
-0.00598251428440509 -0.247197149432512 0.00698993483297998 -0.0713773490055409
-0.0127777142184684 -0.248573135750856 0.0571005407778657 -0.084442718083802
0.0960530061409506 -0.224873006043167 0.125102105404665 -0.0630102712437855
0.198915759519653 -0.151249155156548 0.200506742349515 0.00825595507379494
0.331693131141038 0.00583887451567786 0.154552318586044 0.152561498333735
0.236269476354198 0.239242633765581 -0.00164439975919518 0.234799442088226
-0.0475042555954965 0.350049925494793 -0.0787108480657868 0.0984876726909204
-0.273306512255467 0.329624266005898 0.114781606659518 -0.0510053798698434
-0.260339921651583 0.137356293930835 0.313880966756075 -0.277906767659953
-0.24518495577951 0.241724307948657 0.380884552537589 -0.169270500209028
-0.00967065096152723 0.324710751050495 0.279908740594298 -0.239963146545802
0.236867991718432 0.223024442145279 0.0919293694746377 -0.281813044727069
0.250842709028935 -0.00308782014837094 -0.0133662552136416 -0.195511676461488
0.171000765180782 -0.121420619467044 -0.0268378558254935 -0.147982786614158
0.0650819536974835 -0.198858436485174 0.00116963904239664 -0.133910700751834
-0.000807612744765924 -0.204118922793416 0.0192405416328809 -0.150222152405112
-0.00555357555246093 -0.207894430174084 0.0645487374943427 -0.161673735026156
0.0805477131795881 -0.18881601505799 0.144617927955932 -0.131636118371226
0.170542741545195 -0.120219161048307 0.233844098858751 -0.0412226827586328
0.27070226894554 0.0267423693387139 0.187246037160759 0.125547472686449
0.165130483337922 0.210653047648965 0.0290590327375738 0.21301640786887
-0.0808567512569066 0.269231229812764 -0.0574121876047569 0.0638727471779285
-0.239463845550948 0.217167376054216 0.194768882692554 -0.114385645921086
-0.135969311520758 0.013663833428311 0.415107117602337 -0.289656939971622
-0.161932335262748 0.0891659412158456 0.409692957237692 -0.179869844164232
-0.0376557607862037 0.170157419426284 0.305669630770634 -0.193655353354247
0.116653684068947 0.140005795482749 0.148033290071127 -0.242806810282384
0.137897259873042 0.00863822475392183 0.0493293995231496 -0.207373461135537
0.0975877452132275 -0.0610746973398857 0.0171430817680489 -0.198317792646779
0.0430717781752565 -0.116500622513428 0.0166065456207574 -0.193993448627848
0.00345581166546637 -0.130845066665071 0.027692972573718 -0.206111636562529
0.00327642029122207 -0.137836245672361 0.0733669768705097 -0.218887745729913
0.0578823135187879 -0.128821701825869 0.168934599700982 -0.177508822466609
0.127049755289541 -0.0760083224788844 0.268158626082389 -0.0654930474625095
0.182998005920919 0.04554286994645 0.212344029028014 0.122627512781612
0.0757880090189621 0.162364403549832 0.0495007543036462 0.20509417459798
-0.104348440440055 0.162260509951316 -0.0427198354993438 0.0439553572545702
-0.178164543244387 0.0763251190412849 0.253094945017513 -0.145626626066927
0.0822484818728466 0.0687075413345787 -0.295977214074388 0.218081893520001
0.0838035675241182 -0.0440103089738567 0.0725255411645264 0.0664154674495435
0.000801878006050376 -0.10110077086869 -0.0114599168853228 -0.230190179477511
-0.0748824451979474 -0.0397552882113074 -0.238005431617689 -0.199681888189311
-0.0536135970026108 0.0236555248277897 -0.34816956521966 0.0286243856438143
-0.0175815006285374 0.0271723934610241 -0.236900002590989 0.229478501985652
-0.0158666426830427 0.0380014171694951 -0.0959593093705563 0.280233265994305
-0.0182638591251544 0.0348642852629442 -0.0250896882994876 0.254481162427235
-0.0228594248736644 0.0125480585455719 -0.00142230845793554 0.244222205127968
-0.0243307453434381 -0.0129363342923764 -0.013750974366356 0.250458524352285
-0.0188364213993742 -0.0310158177472332 -0.0738607515018063 0.249044647097519
0.026196036423751 -0.0578127968565025 -0.182710802615783 0.237881410056246
0.0748184674397622 -0.0146519259631136 -0.302549489829992 0.188634707583661
0.068303915813014 0.0830359934041223 -0.3761096301653 0.134073862702413
0.0209321750223451 0.118147018959657 -0.425858082769736 0.2671443110033
-0.0298974368083939 0.19732236476016 -0.320440760206908 0.148974248926907
0.0533404714355834 0.107340263878168 0.0624541309280874 0.0488346818962709
0.0873357737934787 0.0173751356231147 -0.00883772435127124 -0.257218511609236
0.0653687892830086 -0.0198526920720343 -0.253137768008584 -0.239632101529157
0.04069444378361 -0.028826386431897 -0.368611938055173 0.00694296675833119
0.0341815023543725 -0.0545271797730064 -0.25510096889418 0.222368101730409
-0.00811116112302821 -0.0659521103943355 -0.102302589130894 0.269656246930994
-0.0228774414348925 -0.0647171886186926 -0.025622702920594 0.238103343866683
-0.00752205764050876 -0.0870481413721695 0.0108646457313449 0.225180358283064
0.0505361063075935 -0.0900013292616476 0.0083286987107882 0.232417176166155
0.0896987147028989 -0.0540314631663943 -0.0348097457678785 0.238410309369084
0.153297198978294 0.0101387822558443 -0.134770936501017 0.247615918767417
0.117557686479595 0.128625951151372 -0.260811010255867 0.21884898675433
-0.0155972294646227 0.225384132303173 -0.306036994156657 0.167072566157189
-0.126760969701716 0.244879645750139 -0.347574288483474 0.257148369972856
-0.157202788873985 0.290655406638902 -0.283446548800474 0.0529890316048487
-0.0191888066516241 0.2605240009489 0.0845687097007629 0.00929796456940788
0.149532623213985 0.169255932822338 0.0189777869340368 -0.294876194834293
0.214419865246673 0.0361481879305206 -0.243851267017262 -0.292653672072159
0.154595351443159 -0.0690700016959197 -0.366585366608388 -0.0380165414778084
0.100905084865474 -0.129509893448269 -0.259712748504618 0.180133605009193
0.0130543507794401 -0.162906319965002 -0.10140930146563 0.222269109023195
-0.0242056856560177 -0.155081827580347 -0.0227720305801683 0.187319499952638
-0.00412855838089316 -0.172481440047448 0.0267541734177941 0.171048119825944
0.0969877449524257 -0.163389365760083 0.0465073308084121 0.183534991178664
0.168805540412786 -0.0974447102860383 0.0352340774321278 0.207553495564391
0.270163160277638 0.0264720103948563 -0.054639645497263 0.254745593639969
0.192376245194993 0.221745601195723 -0.194953256996626 0.25478435395421
-0.0418557867023873 0.341347597053944 -0.228258121161854 0.184318018044553
-0.227569752883525 0.350638670217457 -0.227366657972256 0.21003467777544
-0.271644663120956 0.332669064345206 -0.178751676457868 -0.0562585598496963
-0.121777442950724 0.379331155075214 0.141869324226491 -0.0460743171679677
0.164539664017033 0.323503312957835 0.076740842521949 -0.325752348630671
0.33584253893945 0.122451522478039 -0.193675189502612 -0.340257243397952
0.264670298579614 -0.0816480068445793 -0.321486404709344 -0.0958664965077775
0.167395059787958 -0.18071705089294 -0.235964358064097 0.105802481496558
0.040467870155969 -0.235496706077137 -0.0883629319596708 0.14435529638092
-0.0215364729912607 -0.222043830546836 -0.0156511169936377 0.110098704329183
-0.0094638447341388 -0.231866278050513 0.0413008661277797 0.0921685629323847
0.112596593880031 -0.217454391924401 0.0827713457609466 0.10827265785688
0.209498521303963 -0.142859303087838 0.106989532699082 0.150422773148396
0.347454781986078 0.00940028821788539 0.0344292199929336 0.237492034123695
0.259998412162356 0.2575312803472 -0.117914068454843 0.271854621282577
-0.0327888438167226 0.40351952833354 -0.160157966090747 0.173567032376557
-0.275722187697499 0.412166052207653 -0.0998540000131401 0.129637289425574
-0.341321080512286 0.314893813345719 -0.0181496684973962 -0.159726597482281
-0.221940194833747 0.421531467140794 0.22831101126828 -0.10285880167323
0.12328536769215 0.425079529433328 0.154736272959248 -0.327666668460163
0.385327830239319 0.210739897131657 -0.103578195303181 -0.357270155810012
0.332041409138396 -0.0647290902999555 -0.231734934718282 -0.149159019373518
0.213030318999852 -0.195190430230542 -0.17933266995719 0.0128843435068926
0.06464330531122 -0.268414515601149 -0.0624401854695859 0.0470980647541568
-0.0159888795367021 -0.255561436517382 -0.00531230235626047 0.0185781682922842
-0.0153613258629755 -0.259262388959331 0.0508584597180649 0.0015167646561604
0.108839023449062 -0.24168378284204 0.109536476817668 0.0204292049553326
0.215687666726507 -0.164748284801654 0.164411780201671 0.0786012928651761
0.367993934385321 -0.00447464460047135 0.110189499574001 0.198388087237361
0.279727586155886 0.2584429874158 -0.0495893116236403 0.264983006879233
-0.0285267803086683 0.406490330882688 -0.112116631003575 0.141372882028753
-0.289589420935811 0.406062056032681 0.016956516284013 0.0343316703647751
-0.340124290110104 0.246332658943316 0.162733617362514 -0.23935627706033
-0.273535702268696 0.370941061722643 0.320801879211229 -0.1456242045116
0.0501541381099648 0.428329180410568 0.232842117864452 -0.296087030568145
0.346489759264433 0.252884070888782 0.0027657426315707 -0.335322612225777
0.330364657818252 -0.0312954296889608 -0.117100632557177 -0.183932945730838
0.216736393681602 -0.173195776022685 -0.101364193179154 -0.0780587648184657
0.0739567446876661 -0.256640108000622 -0.0299039984745579 -0.0527008198025394
-0.00851686244629446 -0.250233706783674 0.00531265174749317 -0.0751356836091451
-0.0143902132244661 -0.251668183107591 0.0584156162394415 -0.0880461199791572
0.0971748794567953 -0.231520966724932 0.128457651242898 -0.0643372373027068
0.202358905737523 -0.156951815440442 0.205530897229849 0.00886654978575154
0.340874459460973 0.00365074172945661 0.160547196124064 0.156002095184442
0.244301193701434 0.241965102394418 -0.000556142424997643 0.242144805487973
-0.0487712254710546 0.357885259005525 -0.0814648263476166 0.101442760078243
-0.278414537568696 0.338090307610945 0.115738801357503 -0.0541626108478659
-0.26541155874322 0.140778620122682 0.324791853976408 -0.285631920501334
-0.251481324308955 0.247656175602568 0.392792240723668 -0.170002760877275
-0.0101298680038924 0.3303754491731 0.288714491198848 -0.243303881477956
0.245329989157929 0.22666077584518 0.0940101804383056 -0.288404938383148
0.25797695772057 -0.00444081183808255 -0.0130311965928247 -0.200202194068
0.176172811375853 -0.12616081202015 -0.0283488990932355 -0.15276411434753
0.0649190862113717 -0.203480720991897 -0.00121546413765401 -0.139579753703094
-0.00346844643948685 -0.207511939490995 0.0170916597951599 -0.156460430673903
-0.00725973225456246 -0.210654474232061 0.0657979547605158 -0.166838075249831
0.0806198523553529 -0.192920504626237 0.148809487208999 -0.133970238094386
0.173614378411721 -0.124462095977303 0.239514932146361 -0.041518362007902
0.277753194571631 0.0267625329056441 0.194201832445384 0.12840972121507
0.168599684097557 0.213916309540002 0.0312142086649138 0.220811249271416
-0.0821901493511426 0.275136932862469 -0.0591749243841551 0.0663299399586126
-0.243091191094431 0.221488247381857 0.197805703322629 -0.120047990144557
-0.137991764100006 0.0141469172448369 0.429314271629898 -0.297501896243675
-0.165196119458635 0.0912227770028382 0.423637063918112 -0.180852938900098
-0.0385185389348619 0.172222495315054 0.314887932958941 -0.196045375723943
0.121080878114862 0.141397547967832 0.15229938608742 -0.248207026037064
0.142468762013491 0.00980670697900457 0.0514089139954514 -0.212948507140967
0.101115128246006 -0.0630308173196698 0.0172542223032853 -0.205183939881906
0.0433172922509476 -0.119220804206547 0.0150157888504481 -0.200280112562665
0.00160930878274942 -0.132683393357026 0.0265267037938977 -0.213533046839386
0.00227453721143856 -0.140330802678908 0.0750916448026826 -0.224855858715743
0.057440336931497 -0.131383635099102 0.173937532486426 -0.181331060208606
0.129795052712872 -0.0786177145006728 0.273679664131981 -0.0672937698818684
0.187709371739759 0.0459153025013473 0.218517232196876 0.125834713586171
0.0776423281501464 0.165195866446048 0.0499987896846791 0.211836361368396
-0.106331116881426 0.165286389151372 -0.0446590379077442 0.0457336803709922
-0.179973595968944 0.0775638408879526 0.257403672216202 -0.153003490629038
0.089833198225903 0.0658017894139515 -0.299990578816341 0.242872752991131
0.0865359864665497 -0.0495365187288422 0.080944190616164 0.067237350367277
-0.00410668760778146 -0.105026666150565 -0.0185535024442072 -0.240024156771715
-0.079630987626242 -0.0390760051544234 -0.256474793658226 -0.199586952581336
-0.0549769454710571 0.0261996382466901 -0.36262105834064 0.0441547739539949
-0.018127177590938 0.0285386975329737 -0.237887650309293 0.247532528659864
-0.0148785532676767 0.0394662957952945 -0.0870310254581256 0.293956088560286
-0.0166992692412102 0.0370696634640075 -0.0153824953723261 0.267046631785154
-0.0226418536917324 0.0134877137288965 0.00853642820335644 0.256307078024648
-0.0250155298424958 -0.0126704304135345 -0.00439461218217399 0.261968593240513
-0.0199905842177884 -0.0307866992520655 -0.0679967854341534 0.263905329151942
0.0256147009337216 -0.0609837841375298 -0.183067325734482 0.254680310088396
0.0782139302569691 -0.0158953246044059 -0.309188819084301 0.204774378828043
0.0758954681411674 0.0868283104342242 -0.389987557344493 0.150036446775994
0.0263694054026312 0.122191962082783 -0.437561738530074 0.297133546553132
-0.022391349248603 0.205225677156942 -0.329923338642108 0.17331407749043
0.0611273940211168 0.110903500309523 0.0703479146417796 0.0508838295642958
0.0923696446647702 0.0149286765478049 -0.0162852398265143 -0.267889190216435
0.068723355891081 -0.0240317807404202 -0.274284509842526 -0.240528591026289
0.041758879987178 -0.0335647102108099 -0.384748612822324 0.020012617521305
0.0322887059623133 -0.0596517034858391 -0.257684151117782 0.240580216353862
-0.0111077057794842 -0.0684132355421536 -0.0954192614188729 0.283550123424013
-0.0262966796662406 -0.0653504395705747 -0.0177305836375704 0.250150109865401
-0.0109735296865874 -0.0906925899510511 0.0196255708883986 0.234778915810867
0.0491469509101617 -0.0968305319443276 0.0178052845126764 0.242255629524774
0.0918522554107621 -0.0592832764000268 -0.0275462553113155 0.249837271881097
0.160866703413474 0.0039445690522528 -0.131401923126599 0.263064264078295
0.129199605830393 0.129913444309057 -0.264519607417416 0.236884174842757
-0.00770554929422335 0.239018840368222 -0.315172988490677 0.18267548544658
-0.122764712464572 0.260447630227689 -0.354524838388281 0.283511022666787
-0.152106368773399 0.307401752841185 -0.294394182789727 0.0711709096307548
-0.00940622241220553 0.273731761643105 0.0918416516770281 0.00951039748267719
0.163929791587321 0.16945788638469 0.0110512467458048 -0.307918487425063
0.227270515861086 0.0259858212600284 -0.265623102169019 -0.296289424620946
0.159511944477382 -0.0799906658123848 -0.385311737397079 -0.0271003378787286
0.098924105298129 -0.141561626860727 -0.263491567999766 0.196060027260012
0.00657222435971486 -0.170042362672913 -0.097812189054863 0.234350871759337
-0.0318173020955203 -0.158863070763363 -0.016823218883775 0.196793317076956
-0.0114504257020514 -0.179045512711367 0.0343684296248679 0.177368906196299
0.0937557289890027 -0.175328417514435 0.0555610400488969 0.190559904095564
0.171402637936743 -0.10859731831761 0.0440473898321001 0.21539648900108
0.283431901782055 0.0156363369372777 -0.0465676567048238 0.267692376563377
0.2111580865858 0.222640771216242 -0.193527728935263 0.273012479025846
-0.0304662255331104 0.360745114128093 -0.233484799787759 0.199568793097567
-0.223218687358218 0.375318806738532 -0.232789962530798 0.228817929227337
-0.270609992411262 0.356007139999777 -0.188024550868183 -0.0484858832443306
-0.111816560992367 0.403208396977533 0.14907904906167 -0.0497706424852371
0.185705353817553 0.329881884395852 0.069674666961253 -0.340485976564338
0.357620822723915 0.111549446628726 -0.215513959940918 -0.347905591692843
0.274903157578547 -0.0988356718300276 -0.340361770874413 -0.0890771438729017
0.1671489352444 -0.197331509665825 -0.241874918208636 0.117494013533093
0.0319911688890185 -0.246670695474999 -0.0888005567259178 0.152974445704985
-0.0325176831386645 -0.228239318891475 -0.0136575318679598 0.115485173672783
-0.0198522316497747 -0.240099754209297 0.0456856851782753 0.093621293534686
0.108150241252888 -0.232484357966033 0.0910886186902001 0.110183249293761
0.211531586843004 -0.157121569510774 0.116908213520089 0.153695578802461
0.363802975338911 -0.0060027636718388 0.0462795697418825 0.245725695238362
0.283204157043406 0.258371032771161 -0.112578114423106 0.290375220361082
-0.0191583732113799 0.42350342555146 -0.162057983279094 0.187165312702997
-0.269946391320664 0.440161614597189 -0.102566035340858 0.138944815711491
-0.342779435066052 0.340071885353307 -0.0244180628095437 -0.163789695369993
-0.214759833547212 0.450694221637758 0.23657609145028 -0.112419137224653
0.147076397936805 0.437103442963412 0.151272436954194 -0.347387985507807
0.41298158265404 0.201687257044373 -0.121625642066879 -0.368944106171956
0.347537127590633 -0.0830755754063104 -0.247703276031425 -0.148194481725405
0.214235834548574 -0.214412093933107 -0.186217889718156 0.0181996059983605
0.0544493507317214 -0.282512529079197 -0.0662932780214194 0.0496734646180238
-0.0293768694914746 -0.263845850367264 -0.00704923640416114 0.0183579068711771
-0.0266096985315776 -0.268115529079066 0.0513863945468293 -0.00192057850317098
0.103139006824132 -0.256561519295859 0.114980839382407 0.0173919423977789
0.218706404146672 -0.181126059347452 0.17477450242885 0.0745149911646431
0.385233228423807 -0.0216842824572052 0.123397406926749 0.201912021047465
0.304335623445585 0.256948096392732 -0.041211019381756 0.28092295585712
-0.0142722258822007 0.426398616367877 -0.112843831876627 0.152061015142853
-0.283705961959133 0.434965042972665 0.0160187055803493 0.0338863250425427
-0.344761310641312 0.269672191980252 0.16338106635918 -0.255043078548194
-0.272030290577312 0.39896608958488 0.331935714959784 -0.161104927744208
0.0701291878458922 0.442605012338402 0.232643328158367 -0.316535946350636
0.373903331921877 0.248496454610574 -0.00960861165677266 -0.349413608802497
0.345057211992829 -0.0479140457990545 -0.12928666168412 -0.188371731394482
0.220299887289193 -0.192061540453415 -0.10893282272037 -0.0794791131401967
0.0657421616259547 -0.269958940256375 -0.0363577395397691 -0.0563555212024348
-0.0223181529319177 -0.259306510455951 0.000123747676970899 -0.0797913124179311
-0.0258279193775256 -0.260461143638355 0.0558220619101114 -0.0956037154657144
0.0911835561619772 -0.245606709534345 0.132176256411245 -0.0717464955127664
0.204047209993107 -0.171950855757194 0.214788718145842 0.000722258093307129
0.355769410264016 -0.0112892090534977 0.174699868077403 0.156040957015078
0.264431824960726 0.240562856674427 0.0106378109537438 0.256304194344542
-0.0384896540460936 0.376011782420258 -0.0818413453071157 0.109765902490663
-0.275524652206419 0.362847208631616 0.116503022811787 -0.06297711890152
-0.269884307193716 0.156884969739219 0.331585779429332 -0.310036492693047
-0.253078230827996 0.26897594729518 0.406287996727244 -0.18953409474288
0.00282642584429371 0.343773153855115 0.294503945601315 -0.263976661124391
0.267431319168452 0.223710841803111 0.0883450014258232 -0.304171932830407
0.269949959761232 -0.0162328555035594 -0.0199646842571954 -0.210111113561279
0.179469141239363 -0.140170766793316 -0.0347382191838344 -0.161041372080922
0.0593005043669104 -0.214429172950913 -0.008956285683434 -0.147837494435946
-0.0138464135643698 -0.214987779983529 0.00885297235232304 -0.165961140374898
-0.0172461105739802 -0.218151792636768 0.0606970625342971 -0.177744849646197
0.0758010714957854 -0.204047141658312 0.150845198352662 -0.144679486201658
0.175033712883234 -0.137144783086014 0.248404027016956 -0.052759432809388
0.291503303273074 0.0151258815259457 0.20851201593913 0.127205901658437
0.184073894771385 0.214711565100789 0.0429678443455871 0.231425159454115
-0.0760012604320593 0.290085336526449 -0.0602080736184032 0.0724262638503838
-0.243259397880743 0.239507705409294 0.200236479292418 -0.135624988645771
-0.141387286832583 0.0192247322450496 0.441243950532301 -0.329416798630436
-0.167627283540083 0.10086562419985 0.436581531251464 -0.202496113459131
-0.0338697966894707 0.179787079265249 0.322900092590955 -0.215133864742957
0.134608731562577 0.140283527221677 0.151140980873724 -0.263015347859606
0.149825883866266 0.00404813893639169 0.0465548408678355 -0.225366351813177
0.104402697119719 -0.0705957431526032 0.0102755602884408 -0.216060348291696
0.0393953011909982 -0.124983989626545 0.00546568481288673 -0.211542575766905
-0.00509815354566536 -0.137228275087897 0.0161311473802448 -0.225837060672061
-0.00437606050589722 -0.145709946385115 0.068854205348619 -0.238063949091821
0.0540042685572224 -0.138640992134969 0.175091069603313 -0.195308177081068
0.131859824836315 -0.0875955255444893 0.283545327373123 -0.0801646436112844
0.199078037603946 0.039635296135222 0.233713641145699 0.122944014705253
0.0860013874212988 0.167996109396528 0.0617635171824852 0.221661970053834
-0.104187721484283 0.176407216163332 -0.0457542435504069 0.0503773428655916
-0.182840743040768 0.0866705252238632 0.261038617639175 -0.172036127675411
0.0793218443888983 0.0858248831303938 -0.333835500882691 0.208939918963286
0.0958949932822766 -0.0377006792559424 0.0805988492822592 0.078727538104909
0.00838512655163618 -0.106476024697735 0.0158817436209194 -0.254775299683259
-0.0778013952387642 -0.04642172574183 -0.23937060405033 -0.24595262601828
-0.059975099880785 0.0240609793017722 -0.381628266469249 -0.00308203622229681
-0.022716978256362 0.0294735911140695 -0.278480365076151 0.221286996487552
-0.0201134313723545 0.038007362248771 -0.129823331636072 0.291925742271488
-0.0210759101304846 0.0364756630276048 -0.0532115443028269 0.273268930549118
-0.0247036900444314 0.00968868296944531 -0.0246410599821704 0.266946593315285
-0.0229171021955639 -0.015906857080174 -0.038241761987261 0.269412227355356
-0.0158197519078539 -0.0326974089838308 -0.104828113130485 0.26264536786659
0.0316075259169959 -0.0570783996190999 -0.224861331910111 0.236889422169041
0.0791630959018985 -0.000644112052199254 -0.345597607977129 0.164080244667778
0.0576048134458728 0.104045327465158 -0.422789780042774 0.0883760051571817
0.0019512473242602 0.136954315985471 -0.49706280711497 0.230241702289767
-0.056619707734112 0.207792442248465 -0.359731593929475 0.138953713362989
0.0458085711825106 0.119626364317078 0.0697914340313721 0.0657512277639633
0.0867473483381989 0.0270851772707562 0.0281045038216602 -0.27536082239274
0.0672223994168546 -0.0116341685920634 -0.243217997017089 -0.286690141187985
0.0462116159793957 -0.0205688054943267 -0.397307772348342 -0.034831686392228
0.0424808688790673 -0.0528992895243883 -0.296506678647771 0.209378392465393
-0.000926909571386489 -0.0696394687064451 -0.13548034471544 0.276438264889635
-0.013864557796414 -0.0686223827776049 -0.0532434953544905 0.255294467242169
0.00331736133202468 -0.0944483000702909 -0.0106033771698994 0.247103284385873
0.065873696719912 -0.0900670615270602 -0.0124506203803645 0.254786178766019
0.104795827302203 -0.0421998577964654 -0.0666169382549077 0.254486834479751
0.161872564517964 0.0297160487696611 -0.181234303311959 0.25271322665264
0.105224555053828 0.158879158080239 -0.304329352088545 0.20061338565144
-0.0532062151134897 0.246622330284325 -0.347489898282025 0.126179654732294
-0.178421613997536 0.256046350277542 -0.400988962922032 0.223173636347018
-0.203124217236054 0.289296447009199 -0.314935368224168 0.0436146802442527
-0.0490766594695012 0.273009300307771 0.0941281382441418 0.0334319294386711
0.133871830734803 0.192179743622378 0.0659977604375796 -0.301226662558408
0.21821519633803 0.05889047272992 -0.217545887676015 -0.335600220766155
0.171056429428752 -0.0507652052843064 -0.383774606407526 -0.08760400134529
0.122027222925324 -0.12670151945352 -0.294625702314467 0.160576027579262
0.0305043161046331 -0.170267754479574 -0.130184673932639 0.223720828918673
-0.00491704251970468 -0.16391429397556 -0.0458673366027584 0.200062699194598
0.0168563029958125 -0.183951588750576 0.0127195165052948 0.190447757112972
0.124134210826973 -0.164357347108025 0.0338883123535682 0.207663674617278
0.196540652137519 -0.0785441570797027 0.00875072421948098 0.229868871631428
0.287925100763336 0.0600242808892771 -0.102046240204558 0.272113327194852
0.172600769919105 0.268903124783709 -0.240065425274279 0.246759044240389
-0.0978497584767482 0.368575180172368 -0.265118785801931 0.150278319732968
-0.302303949801303 0.359665667674376 -0.258693521355045 0.183254606842385
-0.330807912701174 0.316448719410364 -0.194893592411599 -0.0614725036975579
-0.171951939472703 0.384757653634712 0.157639559908602 -0.0144083488865891
0.130003596122804 0.355129553443691 0.131231423487517 -0.316264299787434
0.335969802588912 0.160681834294215 -0.152039735183711 -0.372984577257233
0.289371209958538 -0.0527646278230633 -0.324072204180815 -0.148056581722778
0.199997607771995 -0.174364765953342 -0.25890384528939 0.0814612070385616
0.0677553902794535 -0.243869792145834 -0.107685486437328 0.138497815787768
0.00578341448410404 -0.235742919298468 -0.0310481367116258 0.115778775097305
0.0175481809428295 -0.24633062893477 0.03638921105134 0.105211025506017
0.147500691122109 -0.220892492379158 0.0808164198851898 0.131431643348825
0.247279045097789 -0.122623074079959 0.0914113729289982 0.176003979546621
0.374998903169744 0.0505786033185033 -0.00690207867127841 0.264132442993477
0.240779357051185 0.316917754134357 -0.159652588763174 0.274818162036502
-0.0950588038616022 0.436870960960693 -0.189657843314085 0.145145132608951
-0.364768613475613 0.417825900508694 -0.106632109911202 0.109709039634278
-0.401076006417203 0.284721002561243 -0.0156101052952617 -0.156064181531861
-0.284213162577465 0.415994248302001 0.253023189883964 -0.0654086394080523
0.0742614750976671 0.454683453600399 0.212686491594403 -0.303067483987418
0.378358731386163 0.254714920752555 -0.0509104468584989 -0.373074148146916
0.358451651952266 -0.0289001164821795 -0.215399431576085 -0.195548353682967
0.250400873247459 -0.186151588623728 -0.187214740614318 -0.0128212878398734
0.0964048526005846 -0.276732322916692 -0.0698119737106691 0.0342847267763291
0.0145062890800833 -0.272454141850734 -0.0121161737072054 0.0169797140313154
0.0151532068680428 -0.275602805868299 0.0560802139583284 0.00761463145925674
0.146309659295386 -0.246546165626978 0.119383515311053 0.0396060016571301
0.258792236984342 -0.146004209441974 0.160194531795977 0.104720520469296
0.399599859968729 0.0387756357128334 0.0781166067232744 0.231712661206392
0.262896314153497 0.319050649175324 -0.0850565967700162 0.27603620318087
-0.0919741140840612 0.438511009357785 -0.134493852923599 0.118407414557164
-0.374667057518427 0.408979276861299 0.0325909911499472 0.0198931708484184
-0.390263716088718 0.207849017170497 0.188396737091452 -0.22532523118422
-0.332835372716416 0.352746790797291 0.354132291516945 -0.104155084272842
-0.00208254559923049 0.44790341999829 0.287196704845583 -0.260544858875091
0.332668487560984 0.294561518513233 0.0589497106192048 -0.335090712750309
0.350917253699953 0.00488019082299571 -0.0867957527253242 -0.218211354084938
0.253581152185011 -0.163610664520938 -0.0942382977035008 -0.102508042844624
0.105236041646826 -0.263386702029131 -0.0241718048752352 -0.0706031296134731
0.0204200203128941 -0.266905148980004 0.0100175848785903 -0.0839825565887032
0.0155414814005814 -0.267595312118875 0.0729689349878477 -0.0891681931049031
0.132565563247596 -0.236960743475164 0.148382715800605 -0.0501491280354758
0.243447937530551 -0.139964857285876 0.211893349668775 0.0343025048495545
0.370141110852532 0.0443005432513452 0.138297730288613 0.191212188310592
0.224562745154722 0.296526325989489 -0.028634889845319 0.259002363556035
-0.105680586662483 0.381275808832784 -0.0965272640937502 0.0826026469119636
-0.351807818611798 0.332348681931003 0.149298758473264 -0.0607993343774647
-0.294539229409975 0.102872310341073 0.369274245606851 -0.26086472485952
-0.293568712232813 0.224396487485346 0.435060797317974 -0.126905011250646
-0.0536502064520653 0.336130998795206 0.336646584559562 -0.203488212649272
0.232486784206397 0.254825792055349 0.147269950486715 -0.277475545020077
0.270877921635921 0.0238570091291166 0.0242201646033025 -0.222951010884459
0.202877494636102 -0.116844021320951 -0.00855586862700189 -0.174890524982527
0.0906432503074366 -0.207427167828607 0.0152868669359729 -0.159875298170456
0.0201817896991937 -0.220705176967509 0.0299320351906229 -0.171007567567492
0.0172428078127227 -0.22353008940815 0.0885023587359766 -0.173718721950043
0.109739738702195 -0.197149059797059 0.177652719912879 -0.124476953644861
0.20697880701073 -0.109878916828525 0.253760663870352 -0.016636095857061
0.300480150120649 0.0615942471869449 0.179307255333329 0.16359128391608
0.146621148363015 0.255136816677165 0.0105002276079024 0.239215128473531
-0.128988931079622 0.285629799513617 -0.0676798781165984 0.0522930339345789
-0.294552693065099 0.206458437943976 0.241245857126409 -0.117303321386314
-0.143116418079932 -0.0163863049439323 0.488505300450751 -0.270129331382483
-0.183266651767623 0.0679752021162224 0.470528250686502 -0.141747294941115
-0.0628801134842392 0.166712480319883 0.357403020361044 -0.160465173774939
0.11066233044802 0.152086176827886 0.19916768646939 -0.235921415008957
0.145553931756174 0.023953996916878 0.0889459636777476 -0.226160067657894
0.115600854629133 -0.0577133996734709 0.0426592641404887 -0.223607674075066
0.0576915978079725 -0.120786522394615 0.037413212732769 -0.222441772597925
0.0162845568967851 -0.140782631464027 0.0452810533958084 -0.233168183322122
0.0183732651018475 -0.148502376020036 0.103496216047784 -0.23473132026724
0.0770026155611845 -0.133304968839078 0.208729208442682 -0.17377706827584
0.153285808627433 -0.0664058370957882 0.295152415689924 -0.0400936995168735
0.20054741526935 0.0736025000881328 0.210557410734721 0.16201675323422
0.0542858513516813 0.189942040512062 0.033087256836358 0.231782470628409
-0.138058614786374 0.163256046546317 -0.0496528457868222 0.0372371136445451
-0.202919789193842 0.0552807099418311 0.302911367208274 -0.13963334418606
0.085979872080968 0.0741941588979864 -0.306325772307756 0.241687237874151
0.0908296410432792 -0.0465562922922698 0.0892167851720815 0.069605988753089
-0.00225124233353619 -0.104460558913025 -0.00730099113388674 -0.253034495464383
-0.0809644865780037 -0.0384451682790988 -0.257725866147869 -0.219250204678021
-0.0563547981798286 0.0291441593168857 -0.375850307294483 0.0335401098354421
-0.0204095422323153 0.030823779044327 -0.253654244555718 0.243744010552526
-0.0160706204040168 0.0389894709352961 -0.0982912762505483 0.297717712476592
-0.0159261208158306 0.0378302668815178 -0.0244448920854885 0.274840785935137
-0.0234546068078286 0.0111109306452839 0.00343910442443474 0.266246387458034
-0.0232741919640216 -0.0138058787407445 -0.0109018339700051 0.268908344263069
-0.0181169231963573 -0.0301669447504329 -0.0779414505266996 0.2702631818034
0.0259743938813454 -0.0592958896742924 -0.19952060633809 0.254463768730088
0.0790765599895035 -0.00628505686157457 -0.326247095112294 0.191572449107111
0.0687191378882815 0.0983467480780481 -0.410588888868039 0.123883347145344
0.0154400643743138 0.133182844850259 -0.469144445636898 0.276276103199487
-0.035355113797788 0.208020990389708 -0.338712861933353 0.176059097268758
0.057327282390328 0.113421081415844 0.078257811900735 0.0601225845310385
0.0878223470948066 0.017966360729394 0.00361863627108746 -0.27330588849791
0.0655379079294897 -0.0204739524153806 -0.26629116172819 -0.258170355705885
0.0434733616723439 -0.0261877876220231 -0.394753167827939 0.00415932589446553
0.0343523065725696 -0.0570153511172607 -0.270492731450916 0.233255819422872
-0.00832944343326687 -0.0685215726851526 -0.105830497776773 0.284849422280648
-0.0200637465226176 -0.0649363300247458 -0.0274213107879037 0.257832096473611
-0.00634853850615723 -0.0933565494146217 0.0142454558425493 0.24490061218826
0.0564779081861815 -0.0963935272704723 0.0126129829739572 0.252173591006319
0.099344710196031 -0.0516976223116024 -0.0416632941001746 0.25797451559922
0.162515883299336 0.0128598569019403 -0.155553921509598 0.264755368935178
0.120047347859612 0.146625754056828 -0.280689118677718 0.224471967245141
-0.0284333835747578 0.250551965560729 -0.332199379006233 0.154257367096643
-0.150037870697224 0.267893219323908 -0.375002568457682 0.261437192153551
-0.172284458625347 0.302859502827607 -0.304619735732868 0.0773178760742911
-0.0214026878309213 0.274917085756552 0.0989687412044103 0.0259772846310341
0.151122542137701 0.175087286944088 0.0387263907419094 -0.30179465265006
0.221096713728957 0.0334967432847434 -0.246175217062369 -0.308217251775657
0.16438780977436 -0.0691207392784439 -0.387961204250715 -0.0502058109824829
0.105697377529743 -0.137645241178756 -0.273370656098348 0.18443064723599
0.0125120186522533 -0.170400213831961 -0.107374697692462 0.231577745059757
-0.021483868748645 -0.15940364434541 -0.0261689229368075 0.202049870118604
-0.00176226543242268 -0.182034507740563 0.0303050353066447 0.186326234735243
0.105516303308779 -0.174549308274779 0.0535681777215429 0.201144884436759
0.186436950743637 -0.0969556886785659 0.0295701391762913 0.225644418573162
0.289622142485733 0.0289802959608611 -0.0747139139239544 0.276226746767706
0.197252793872231 0.246636129494358 -0.211691546751058 0.266169476616622
-0.0601708621265359 0.374637229511352 -0.247740898472569 0.170122992936464
-0.262758833218126 0.382079929871397 -0.239704897846486 0.205979992501171
-0.294007972959614 0.341928285626124 -0.19683300567306 -0.0378812051675437
-0.131393719361303 0.398002596509326 0.155862221044631 -0.0264842422357378
0.16374110052147 0.334257560716825 0.101682768278905 -0.321662385782186
0.348500713065734 0.120723190106769 -0.184658546878079 -0.351928752882758
0.279943220440165 -0.0836800081729622 -0.333613179847259 -0.114371386003158
0.177594631582418 -0.193315814188364 -0.246917809797988 0.103658720997561
0.0413193248555905 -0.246457399908353 -0.0950602124867618 0.146411251503897
-0.0193294079153469 -0.230351362530387 -0.0213798270640619 0.118105910143493
-0.00776850156877379 -0.243691765380535 0.044499293881104 0.100432728195444
0.122738091740828 -0.232377489876655 0.0932322249449999 0.12097162833354
0.231605480869378 -0.144699027171487 0.105686637069456 0.165635317019104
0.374065810506854 0.00966509121869407 0.0190238238647645 0.260805508125386
0.267183058848455 0.285920008392369 -0.129232271333153 0.287961329816229
-0.052989341369672 0.440954103226218 -0.174094951214767 0.159805414598743
-0.314207434328899 0.444963519894936 -0.0972057006439511 0.116789401507472
-0.366159795014658 0.317895021916273 -0.0284827567258787 -0.150345022197046
-0.238548443685049 0.439417013093631 0.244398136358502 -0.0854296722777858
0.118120774177042 0.439028667900564 0.182743519219434 -0.315410019090234
0.399692009776594 0.209088755622225 -0.0838511331583893 -0.3606586409262
0.350312812132319 -0.0671870080409632 -0.231167998371275 -0.172572827262673
0.227173791920651 -0.210301352721365 -0.185650438337264 0.00366327105926266
0.0672397095927888 -0.281863370735468 -0.0676508060458784 0.0398714058471027
-0.0140767808334402 -0.266463611397433 -0.0123433082270107 0.0181503791418072
-0.012970449649105 -0.271204928803112 0.0532747547258877 0.00166605114581004
0.118957529258696 -0.256883378882892 0.12189044016265 0.0273912233730776
0.239929098826835 -0.169176805298604 0.166440714180389 0.0881574358140274
0.398980109534288 -0.00582554264489605 0.100323037971476 0.219039092314322
0.288979563853724 0.285332565093067 -0.0542023668173854 0.281428591223689
-0.0474456059978835 0.441511691353427 -0.121408777543902 0.128441696583269
-0.326953784382464 0.437281433659159 0.0312656103475374 0.015365812561212
-0.363591584722489 0.239751752465551 0.165118332779525 -0.23899842387517
-0.292811902051055 0.380795922749222 0.339937293787453 -0.133490176012078
0.0406361504982954 0.437920344726358 0.259075180318512 -0.280109642679156
0.358290799901416 0.253954055041007 0.0276399392924089 -0.332856337545592
0.346508214980577 -0.0326517450194274 -0.105615619578532 -0.207460674737995
0.232325175023743 -0.187459208892974 -0.102594099582634 -0.094278360752933
0.0773252110183075 -0.269606482389185 -0.033229745103415 -0.0680007375054309
-0.00825808993572455 -0.262392361252903 -0.00138418393199458 -0.0827794362476585
-0.0129932154484438 -0.263727059765326 0.060753122376415 -0.0948633783135196
0.106148315741391 -0.245939963578993 0.142276667581557 -0.0638169394325427
0.224933952094797 -0.16150859178122 0.210895374898539 0.0136422489601582
0.370007854589232 0.00375239773422368 0.155833343052975 0.173532394020337
0.248583887407667 0.268033565978645 0.000128552956583582 0.259634555970567
-0.0673115495165891 0.38668394306105 -0.0865397303507217 0.0895721185869436
-0.310088982430698 0.360659231984804 0.138169552398178 -0.0766472347686709
-0.279398489189571 0.127871354343432 0.339930242063853 -0.293262082813266
-0.265849004403844 0.248869139997439 0.417326496640694 -0.164297996730573
-0.0193819353969503 0.334814102635953 0.314080369350154 -0.228938839613848
0.254002832205932 0.223737411211161 0.121174451534582 -0.285083761194969
0.269836199880065 -0.00581854328037933 0.00398237388760927 -0.222037982160278
0.187991219176289 -0.137244399228255 -0.0251759846987013 -0.173956478900536
0.0685993001078718 -0.213330721703705 -0.00284156239794508 -0.160298620634556
-0.00352225299670501 -0.217220443636691 0.00952667221339365 -0.171275384977005
-0.00680300333994821 -0.221284476713977 0.0685432609299614 -0.179965689824202
0.0877867237597855 -0.20452812207538 0.163742118269225 -0.139924196533294
0.192928804339269 -0.127641621243423 0.248084720011679 -0.0401616049063202
0.301747037416489 0.0288741172132118 0.193335205576728 0.143584546218283
0.167249528749037 0.23532182272327 0.0361000158573013 0.236066020353754
-0.0994861137196809 0.294204833733993 -0.0615542513283343 0.0577665819534053
-0.267193085704994 0.230174411134569 0.22384442613026 -0.141292312396218
-0.141322367405568 -0.00324058440194292 0.457410287998654 -0.314430935543616
-0.172757053899633 0.0838807797564084 0.44908031341368 -0.184491308364469
-0.0458134033435278 0.169211469596189 0.338950613313445 -0.188910082751864
0.124414328943519 0.135867585603814 0.176001880618352 -0.249542463514408
0.146447216146818 0.00905533775473825 0.0676533001711517 -0.231187276741735
0.10823166420463 -0.0687835905518337 0.0203753374554082 -0.226776795342058
0.0449444368204164 -0.124288336024173 0.0129681321418008 -0.223764894593651
-9.58080626297046E-05 -0.138926999278953 0.0193762534874814 -0.233834952598042
0.00198289164605901 -0.146939748299792 0.0781030878933177 -0.242001053137147
0.0619034966029805 -0.138407149408821 0.190010126503659 -0.191672128808225
0.14388992276682 -0.0810661297075975 0.286277034471509 -0.067447013250854
0.204481721698514 0.0507434530658505 0.223779200972937 0.139936373106318
0.0695036202137758 0.180848128389034 0.0573302233754333 0.226739815999593
-0.119714612432245 0.173024983724065 -0.0455618860076142 0.042046233359315
-0.191795303941829 0.0726234845141749 0.280764467333698 -0.169431146407639
0.0860890971051232 0.0625515359608026 -0.270306803961626 0.253717807235433
0.0834978814479094 -0.0506654987395191 0.0923211750206026 0.0601453873570104
-0.00953725089306193 -0.0982864059097634 -0.0234363638089096 -0.240499805668316
-0.0799609932261393 -0.0311205234875458 -0.258719536904323 -0.189581825962456
-0.0511212709035671 0.031398801490663 -0.354659405435352 0.0585052134825063
-0.017967616813976 0.0305433569382096 -0.222681281981274 0.247629674289676
-0.0131272702697647 0.0376801228319435 -0.0696623376038364 0.287279555868944
-0.0110309851119812 0.0364424556966 -0.00195559391136477 0.26376679579332
-0.0216513063399684 0.0115923731733179 0.0237938246096309 0.253741272948258
-0.0224463794653686 -0.012042623630324 0.00868981317378271 0.256373230207976
-0.018504843068231 -0.0272562569615025 -0.0546897285360637 0.262010803779565
0.0203923748900058 -0.0578738851227446 -0.172778873730337 0.255220785869134
0.0756317759000259 -0.0107676209910729 -0.296509855115414 0.201464297927725
0.0741521473413306 0.089443325971499 -0.383921450936917 0.142923059315884
0.0237651989149167 0.123820066732035 -0.42758926760934 0.297620198585579
-0.0188085117464165 0.198377514941912 -0.305591807046411 0.194485966129685
0.0634276517781285 0.104613381541183 0.0815200436420728 0.0524932563527545
0.0847519907028395 0.0101724555699493 -0.014293220396662 -0.260408523387218
0.0604052323928521 -0.0259738268115449 -0.2688604384084 -0.225254349565426
0.0394206992963371 -0.0298742758145711 -0.374713797592796 0.0309577390257225
0.0273759345243678 -0.0570936788131988 -0.240099536158854 0.238950908718495
-0.0136210946871564 -0.0648255232306391 -0.0799179078360483 0.276894641953539
-0.0230607911816629 -0.0591381857470908 -0.00607673850701732 0.246792588764477
-0.0135559257849957 -0.0882876980294039 0.0316879069488333 0.232022319164621
0.0467429886135545 -0.096237165323463 0.0302005968888042 0.238268403384001
0.0907293294495231 -0.0564566976400331 -0.0212952736982751 0.249388165203511
0.154841960710034 -0.000782572254054434 -0.129238383676081 0.262886070736191
0.12583518964346 0.130527893986455 -0.250486923234438 0.23149226425625
-0.00709976324576444 0.241396203836594 -0.306732835487396 0.166979710722198
-0.123075907957531 0.263805228263788 -0.33950972630818 0.275526348381771
-0.141892386846452 0.297777824298457 -0.280232928260826 0.0989088007401103
0.000434128049845537 0.263255490504519 0.0988080452027035 0.0202617522859033
0.156607475994152 0.153520360127636 0.0179152619449486 -0.288941173145398
0.212912927723334 0.011695710734463 -0.253366467913859 -0.275108524410529
0.150236296504949 -0.0796986930834741 -0.371833415425508 -0.0198128962975383
0.0880689550976758 -0.139127375888294 -0.246128901021429 0.19382700309736
-0.00144281336148035 -0.162203936662594 -0.0848587498263519 0.227411413585507
-0.032571336762264 -0.148063012606658 -0.0096936950631537 0.194321154823413
-0.0168493218951862 -0.172179513748812 0.0415671206446867 0.175509043004386
0.087465280609598 -0.17405521500769 0.065143954932879 0.186613328835286
0.169411321161204 -0.106017929447845 0.0431099824003848 0.21403475515394
0.276779699207975 0.00358454678874791 -0.0513669360154365 0.266355094329016
0.206230412377195 0.218050603592265 -0.181502026837036 0.266131231980263
-0.0291293306101067 0.361796749815343 -0.224118321494891 0.177170730008812
-0.218333478681536 0.378848345855726 -0.215366740386768 0.212636994754738
-0.254488443418643 0.344072689834278 -0.186701924172792 -0.0188896193072087
-0.0946312376660674 0.388470721675143 0.14858467280621 -0.0332232052826356
0.180481811396013 0.303622168694616 0.0773427979805131 -0.310500845113966
0.340157262856537 0.0838516516937185 -0.197891619000231 -0.319112402367665
0.25916258974948 -0.10202841161419 -0.325300469476664 -0.0863201093530842
0.152190664911218 -0.198472799462385 -0.226637467183006 0.114385312386289
0.0198916153988056 -0.237053085761217 -0.0807741470380781 0.145141291015208
-0.0366609153692576 -0.214996642184096 -0.0121861366040305 0.113993224642014
-0.0268967423129387 -0.230054412717766 0.0481314833356806 0.093361014294566
0.0985172562971216 -0.230227596892679 0.0969141749700696 0.108206155160098
0.208706297223278 -0.154710196267199 0.111207534452884 0.150393468382365
0.355997601114577 -0.0211629484477371 0.0364370184472199 0.244774625558902
0.276808820849569 0.249471888229856 -0.100035396481315 0.281911774921071
-0.017515628155861 0.424141033402205 -0.155206794355272 0.162305212498787
-0.26272846476293 0.442616134714397 -0.0869080211849836 0.117583295646457
-0.325775541681159 0.326380214670414 -0.0356210761648796 -0.139046201271919
-0.193948778634033 0.433526965022154 0.226504331215957 -0.0948405070803963
0.144294454625195 0.404541752897739 0.154191193145817 -0.309918019161768
0.394600609399098 0.164509386236432 -0.102851422332768 -0.33538893785036
0.328140934090154 -0.0919327957176067 -0.231701629802013 -0.148180918081174
0.198511049031491 -0.217882370206046 -0.176616291487467 0.0145614313570405
0.0414321758572058 -0.272412955611563 -0.0634448887215606 0.0423391094670198
-0.0352781122865565 -0.248664524640829 -0.0114844709869104 0.0185589072572391
-0.0340062141210015 -0.255029020843842 0.0492192870947483 -0.000604578445898849
0.0930179312571295 -0.252333755583972 0.117628832600335 0.0170066058198072
0.21509869987694 -0.17818837894199 0.163195322215166 0.0726784032763323
0.377285798990606 -0.0373835985237928 0.110648184478224 0.199755931965869
0.293807231954882 0.248406602520782 -0.0289248862733951 0.271313488117707
-0.0129980090016595 0.423058610114409 -0.106094660044409 0.128839346872206
-0.275208437760207 0.436991246720062 0.0272545017383895 0.0103369756720344
-0.327311735131665 0.25247873040779 0.141424149215197 -0.237594336857589
-0.24965493670686 0.383143471721338 0.314386261780058 -0.147905862369056
0.0717317207277593 0.410040804507117 0.229544846436318 -0.280430673609353
0.35833964181721 0.209179306900377 0.00553885573981972 -0.316597520323684
0.326412143303004 -0.0593639290485551 -0.114218162721228 -0.18958632908413
0.204830605690069 -0.196504072428896 -0.104507662972898 -0.0843030147383977
0.0526213930187017 -0.26164839477715 -0.0386426684048831 -0.0623245446985885
-0.0296434198485349 -0.245549230717434 -0.00947501784442524 -0.0780656185135544
-0.0330467437368258 -0.248186570389748 0.0481236914032271 -0.0938333429855516
0.0817871637435746 -0.241306740321553 0.130363851968398 -0.0712116591105715
0.20097677584059 -0.169714636739799 0.19950847956753 -0.00173719872021401
0.351085037083019 -0.0261963824449804 0.160567080855869 0.152694791312282
0.254581087602872 0.233322981395076 0.0215639796714482 0.246315231626945
-0.0363715864503657 0.372414900973477 -0.0758819375458638 0.0905587382988642
-0.264642311061303 0.361501653773927 0.122811945276379 -0.085044160092359
-0.255864885837113 0.140372687749543 0.302201517746625 -0.303905574806701
-0.234340142640433 0.254898854380054 0.385007780063779 -0.182325025282245
0.00523830333673891 0.316919739657452 0.284670513628543 -0.237217763856526
0.257171867155565 0.188745325682856 0.0964926677536747 -0.277362186816931
0.255269483254577 -0.0262984312653802 -0.0104331820420699 -0.213068053200783
0.167454820609196 -0.145304851856206 -0.0368447381245849 -0.16533545131369
0.0481228515656747 -0.207485184502317 -0.0163025608979092 -0.153335095808304
-0.0214432577698944 -0.203213106122703 -0.00567829546062539 -0.162936620467681
-0.0240862856160176 -0.207806065667667 0.0493342823789073 -0.174775523865597
0.0675558678792975 -0.199481718607684 0.145487668953475 -0.145680961396454
0.173146354027268 -0.136249140315109 0.231561520369155 -0.0553947446658308
0.287626419011398 0.00275806267684703 0.194248589429477 0.123164625934183
0.174425055583923 0.210198777764627 0.0538571275072467 0.222350616529948
-0.073433157996497 0.285683775874406 -0.0545299601968799 0.0586672644057634
-0.233311426470273 0.235019991694345 0.197776699071382 -0.152363734522329
-0.133167955015978 0.00598668337939332 0.410128601025025 -0.332872216532015
-0.157256977097079 0.0905645430102439 0.41409000575803 -0.204106944872965
-0.0315058227696764 0.162417729625222 0.310002667137681 -0.201136466273293
0.127635299995171 0.116180770819846 0.151961322371901 -0.248144559377856
0.140050757996506 -0.00319460905567698 0.0497629355015784 -0.226206850740648
0.0975404682325668 -0.0737451176820165 0.00190344635883737 -0.219442500975237
0.0330785960237067 -0.120801987167222 -0.00546382309909847 -0.215155780357898
-0.0115331600881205 -0.129963248438647 -0.00211675866040449 -0.222319098573327
-0.0106919173417656 -0.138939536926565 0.0540307503811977 -0.234273554642573
0.0482877314365467 -0.13545734826527 0.166142271929915 -0.19640691641253
0.130067788450783 -0.0879683372949633 0.266345575447939 -0.0840756675519404
0.197603728209794 0.0320935720405564 0.22289825015577 0.116939746166361
0.0773356352230757 0.166644140455236 0.0718785772638527 0.211674858128069
-0.100971012794107 0.172020630121367 -0.0412078448478782 0.042785288774135
-0.173569016826789 0.0799622506677536 0.250218026738432 -0.183909357703391
0.0819069609578153 0.0545342890049518 -0.242371592243214 0.250773487004042
0.07675889890802 -0.0502060688261499 0.0928097053629356 0.0536635656629255
-0.0123222201755553 -0.0915796019239095 -0.0284488227935716 -0.227570688190683
-0.0761127838427845 -0.0269791290710578 -0.248854256507307 -0.17135309778017
-0.0474273850106597 0.031289454559339 -0.332780119378547 0.066032569895003
-0.0165668282294575 0.0292638542324042 -0.202222183482231 0.239918313456083
-0.0111114383791661 0.0351667884402452 -0.0543789390078941 0.272066589915486
-0.00848648554928299 0.033776031928702 0.00899582768144946 0.249664851991071
-0.0203294659071562 0.0109078579933644 0.0326113675768532 0.238973163085141
-0.0212789594746435 -0.011400671003348 0.0172895296786215 0.241956228896583
-0.018117565882133 -0.0244990844983644 -0.0433641348720747 0.249511327942963
0.0172234336840043 -0.0554008045441817 -0.155756550048604 0.246757190932399
0.0723095413981139 -0.0121746861293695 -0.274454529061946 0.196672719582163
0.0754213439350978 0.0830633407185312 -0.359628936957991 0.144941887401792
0.0251651299453476 0.114623171081087 -0.394267569719277 0.296619288657865
-0.0122875551025061 0.186208110505497 -0.278938227460248 0.197093653747142
0.0635842472226655 0.0969570595447632 0.0818338606398219 0.0479180639970138
0.0807639776675572 0.00628892483496145 -0.0198551333979012 -0.245085829986397
0.0561578514969677 -0.0288916131481037 -0.259544072725884 -0.204665044850558
0.0358436422281493 -0.0308789218821227 -0.35300570510353 0.0409054478030248
0.0226755528948333 -0.0549977895818163 -0.218384598461356 0.232440146556321
-0.0164220152895755 -0.0605283522289008 -0.0644199804770874 0.263052041018777
-0.023665434765202 -0.0552236411635256 0.00367634871967568 0.233824167224171
-0.0166111319007445 -0.0827373264043272 0.0392406824677204 0.218773139790021
0.0404194869530475 -0.0935045769386638 0.036495190358176 0.224523550722231
0.0840634906773731 -0.0566525085658836 -0.0121984563560194 0.237485621499951
0.145643655827093 -0.0075911967209071 -0.11409772439804 0.25141410228008
0.123719711913246 0.118010360733627 -0.22869998073991 0.224964243224498
0.00298377916814593 0.229774671324054 -0.285691855247507 0.164613849332245
-0.106661976627588 0.250750881160157 -0.312177837600359 0.272949049608707
-0.124205303335679 0.284701022028913 -0.257849185581988 0.105189035273331
0.010859219474253 0.24916097270795 0.0969332402946231 0.0183070947844505
0.153339066935085 0.137938867875208 0.0107618826049231 -0.272073974236627
0.201382447209811 -0.000286363343529293 -0.24712960348078 -0.250686475211161
0.138819898189149 -0.0826517485663376 -0.352937903999332 -0.00764326424849063
0.076719018860887 -0.135223730981773 -0.226081454496057 0.189673252529328
-0.0082710535367802 -0.152861812305794 -0.0727161057779295 0.217065289616746
-0.0362646175234667 -0.13716314021291 -0.00177701128169932 0.184570903017622
-0.0230802334740139 -0.161606137658633 0.0461710987518654 0.165288379417178
0.0755966811246636 -0.16803796430513 0.0684689741672831 0.174350705252721
0.156059004984077 -0.106713383865714 0.0476565904351784 0.201531156352557
0.260060171387501 -0.00759134915067636 -0.0393613993110245 0.252987537393359
0.202619583188127 0.197609134336061 -0.161604544266201 0.256787726252563
-0.0149486843028482 0.344050127367013 -0.207241937287198 0.171735665449128
-0.193455361370042 0.363371936717346 -0.197487899606538 0.20876607291259
-0.229535210428216 0.331937177935738 -0.174632831581381 -0.00981932256720911
-0.0748308914242959 0.370752262888683 0.142231246208134 -0.0330062390972077
0.181129432096082 0.278138732251825 0.0664217634767023 -0.294428213116726
0.323118626808535 0.0628022557738373 -0.194380844612999 -0.294611044513684
0.240439047619156 -0.109047811128533 -0.311190547151298 -0.0716152323443296
0.134883822418374 -0.192703908516224 -0.210461385828884 0.115194405174288
0.00824483000280562 -0.224624161831279 -0.0721333162522818 0.139665646936589
-0.0432836157739796 -0.198785822768345 -0.00707531185286492 0.109338665037597
-0.0345410381788237 -0.215133204447015 0.0483724391864806 0.0875615481022026
0.0843394551741775 -0.221236820093212 0.0954192886676923 0.0986263407097894
0.191441155923822 -0.154093539497144 0.109463070641994 0.140097829756226
0.334294591593914 -0.0353723582848422 0.0425679119754883 0.228784429072656
0.268867177785557 0.224771792801091 -0.0837358947983836 0.269565626074083
-0.000966012628507779 0.402921012374312 -0.142005223313528 0.155673479166477
-0.232533761036525 0.424445533920091 -0.0800934820699925 0.113770061926149
-0.296094350740668 0.31943095293958 -0.0360820609880722 -0.128842595096146
-0.16674360151578 0.417276073050234 0.213416322356438 -0.093865777373305
0.15092766538434 0.375013458888891 0.138765805807771 -0.295388841175631
0.378578908142867 0.137071545544188 -0.105346847978034 -0.312513896722767
0.30616366211679 -0.100884497867523 -0.224294597755912 -0.134093691922778
0.177734143365947 -0.213972124444617 -0.166627446317527 0.0184605470546859
0.0276426086892068 -0.258433557524234 -0.0597909515031986 0.042800089255505
-0.0434518071782695 -0.231421660227817 -0.0108574282335802 0.0193893292292804
-0.0426202175430999 -0.238044932458974 0.0457019670703714 -0.000368984364370183
0.0781396163130218 -0.241787702486858 0.11206127649855 0.0117158503401359
0.195431569683068 -0.17650570046812 0.15669285514658 0.0638223799603162
0.354971676200307 -0.0522019315023281 0.111136249386763 0.183887478741338
0.284612211067452 0.222860613896612 -0.0155133997682572 0.256929718523981
0.00153646335355042 0.402482452439265 -0.0971208670033265 0.12279175600457
-0.244086255893724 0.418077868706115 0.0236372305323364 0.00830547816563043
-0.300705342400352 0.248861734309745 0.126226129876461 -0.228662126861755
-0.22196507264867 0.369927924381324 0.29334506101756 -0.146732907955886
0.081130615952066 0.382356262411951 0.211313348367263 -0.270616735807965
0.345560814942711 0.180516621129574 -0.00236568432003068 -0.298107539419673
0.306083870954758 -0.0697724047276659 -0.113658904079388 -0.178294975645692
0.184822808669215 -0.1946443570001 -0.102208781853195 -0.0776688781109811
0.038811745744608 -0.248731796878682 -0.0403046437627445 -0.0580437834069473
-0.0383264068160808 -0.228150018591785 -0.0127270230556359 -0.0722986565549157
-0.0416155967079232 -0.231247068886377 0.0412238950123671 -0.0887554009270519
0.0676575537066772 -0.230323022753059 0.120460855912423 -0.0719560138767893
0.183182674761783 -0.167714736573684 0.188321620247097 -0.00672084619726309
0.33000386475884 -0.0402996509610571 0.156684370189587 0.138146808507072
0.247203569750733 0.210711883890812 0.0315395712044413 0.231450631798936
-0.0217379160558957 0.353338528632148 -0.0692782781903805 0.0861325906181034
-0.235312729503591 0.345852346098098 0.109500677711719 -0.0852219548825448
-0.236312724832878 0.140172958166174 0.274717034736712 -0.29697276472343
-0.21226073254777 0.247902376802972 0.35789786188528 -0.182761282637067
0.0161235645859986 0.29665545524862 0.263401188092939 -0.231456675829948
0.248530304387436 0.16584112029453 0.0845024600566403 -0.264307348613416
0.239520216521825 -0.035434277478931 -0.0167241242837168 -0.202427072446186
0.152146915270283 -0.143499336624036 -0.0415004634723849 -0.156995245582318
0.0371569450144609 -0.197591229285102 -0.0232336282469157 -0.145461653815222
-0.029121631862325 -0.188808181834641 -0.0128223260423757 -0.153349143039018
-0.031998948587024 -0.1940963862559 0.0397496889618579 -0.165678901111425
0.0559895110032667 -0.190443449654206 0.131915853914518 -0.142323655398124
0.157787884081895 -0.134777365468489 0.215799605596516 -0.0587622150939319
0.271713587038497 -0.00942483758603393 0.188405422336 0.108123517522541
0.170159070214927 0.192501953777222 0.0597500236395601 0.208045785268554
-0.0596674367169607 0.271961379990038 -0.0504312133363516 0.0567106273104359
-0.20992591841122 0.226335891338395 0.178216051237528 -0.15264159104352
-0.125285321582445 0.00985334960836192 0.376596457181909 -0.327786781286059
-0.144638912875584 0.0895939190455577 0.38416701701642 -0.204965213791257
-0.0249573198965423 0.152523852184801 0.288347160716833 -0.199226292518744
0.123404902857046 0.102848494503738 0.136785852578273 -0.23878386609537
0.131705506064882 -0.00834883325601837 0.0410851986919465 -0.21644462007267
0.0899003251732066 -0.0735860251941117 -0.00633486295591814 -0.208669945902179
0.026728072890782 -0.114743522668261 -0.0145128126926111 -0.204330150735951
-0.0162255510033885 -0.120644649407443 -0.0122027264910996 -0.209655885051706
-0.0167501215455507 -0.12975506273394 0.0425063019807799 -0.22239548511861
0.0400938582102958 -0.127962756941716 0.150656830731745 -0.191954480323403
0.118896645330492 -0.0882862078321598 0.248507115667743 -0.0869631614184749
0.187292852921333 0.021688025962724 0.214354447076467 0.102224808728115
0.077632768863556 0.155207678655991 0.0761569626305078 0.196781315984257
-0.0889094433852158 0.164591815116251 -0.0383430873377092 0.0414736993090382
-0.159556099581448 0.0784431090800142 0.225887730700069 -0.183567909598681
0.0779205773971919 0.0508972029718218 -0.228607426738032 0.246079960699793
0.0737305422183214 -0.0490535496044316 0.0925717419044636 0.0504407578738633
-0.012889018424098 -0.0875232697013268 -0.0283457700575184 -0.22051490376778
-0.0738373490406365 -0.0257243302478455 -0.239992995148775 -0.165069542864235
-0.0451428094489083 0.029604792178212 -0.320894076148887 0.0656088286455273
-0.0160032821274432 0.0278591203063169 -0.193092983545472 0.232441560557578
-0.0107084247660393 0.0342679052175351 -0.0488063173939111 0.261073333428623
-0.00721586857676966 0.0320220628157983 0.0127389833145003 0.240270303871567
-0.0196557971547717 0.0103659460948434 0.035838849331074 0.23077871900464
-0.0207632861489536 -0.0113196719371685 0.0182105075303728 0.234404310340454
-0.0175748583284707 -0.0229695260592353 -0.0397347482456827 0.241396084258404
0.0159474834886615 -0.0531675893723039 -0.149468711759532 0.238386052679038
0.0707510874251677 -0.0121006335071303 -0.263777623756443 0.18803967540109
0.0745061581985963 0.0794324836398327 -0.348830200711428 0.140008054571735
0.0239912595312114 0.109398567054621 -0.378462233316786 0.290836407385422
-0.0108925788409643 0.178615427128013 -0.264011603664759 0.19424521315309
0.0631851944872727 0.0934340760362369 0.0826691146940217 0.046183336541305
0.078004511225012 0.00535195975847039 -0.0183045851998174 -0.237285963385634
0.0535241269557974 -0.0303221821870713 -0.250394154488367 -0.196469778893462
0.0337927305790707 -0.0308794719968591 -0.341210361828758 0.0424470801644982
0.02049097203748 -0.0529303811532231 -0.208772398483449 0.224999131239188
-0.016928672398637 -0.057955536612209 -0.0592817932693586 0.252724211810955
-0.0232495598410043 -0.0525057295542588 0.00757133656210315 0.226253427267825
-0.0177253997092828 -0.0801195605630728 0.0412150683584772 0.212100169123813
0.0387002315822656 -0.0917018505516576 0.0380057322644377 0.217027223263774
0.0808546366200824 -0.0556784598390857 -0.0104446645148752 0.230089264660804
0.140250664499294 -0.00903724936567802 -0.108318464300761 0.243274591493703
0.121140693141408 0.112810672051796 -0.219176057445604 0.215901250353253
0.00593702322750482 0.222472608652354 -0.276623764354756 0.158330725077412
-0.10135735635635 0.241444251251418 -0.300232447987004 0.266700342398439
-0.11758186505795 0.275755004193329 -0.245228889903815 0.105279490821822
0.0136168949723778 0.24117448792277 0.0975290399565306 0.0184505572854377
0.149106812746042 0.130394330117175 0.0115711223159078 -0.263224278043426
0.193306500655086 -0.00515101906475232 -0.23792725319645 -0.24152585534365
0.132399977286475 -0.0830424078196221 -0.341104940676779 -0.00446254316101632
0.0710108655056785 -0.131165475246997 -0.21631650527606 0.184603180899223
-0.0114302434842096 -0.1473071277397 -0.0673806637062307 0.210359965652682
-0.037034987935557 -0.130602905646874 0.000802847221380631 0.178827146873556
-0.024994738001953 -0.155179012727465 0.04721473722181 0.16072655165652
0.0712142024484416 -0.16397682453479 0.0679003592370133 0.168538944672718
0.149361414304576 -0.104833806663959 0.047750503828471 0.196272347484265
0.249891840269341 -0.0121231113651088 -0.0362559032734322 0.243895288954686
0.196795855587207 0.188536253069116 -0.153211197600405 0.247649201426084
-0.010217228091472 0.333490581364742 -0.200893634672234 0.163941652162344
-0.183082837575682 0.350085393087601 -0.190483190534873 0.203754716380451
-0.218808357261042 0.322148766035755 -0.166353277017409 -0.00651127190275113
-0.0680356890451773 0.358901235348594 0.140971034332923 -0.0308630864648224
0.177538320025184 0.264878741549654 0.0652579758979175 -0.284576880851509
0.311473193090857 0.0524392172739242 -0.188085787661685 -0.282670279877452
0.230345818688302 -0.109573238093256 -0.301557503262621 -0.0683820506687986
0.126952962348163 -0.187469583961476 -0.202747265707171 0.111371509430615
0.00416072893729192 -0.216274725227046 -0.0686109505926023 0.135848853150051
-0.04479887811146 -0.189652008431377 -0.00545071413835961 0.10647641068336
-0.036963421332395 -0.206124676929148 0.0481155753941786 0.0857268169269609
0.0784658494139206 -0.2145097674317 0.0935232776213308 0.0944512425734699
0.181621363137454 -0.151190271061957 0.106795349762856 0.13589300276675
0.321073178790577 -0.0396834439162795 0.0434666414421062 0.21944087713075
0.260775422513993 0.213123523397905 -0.0777474344187197 0.260142451408621
0.00300460514332849 0.390554156319367 -0.136683908223767 0.148364503100167
-0.219140657446855 0.408376025325914 -0.0791378288359498 0.110135356472312
-0.284347065297134 0.310136097751793 -0.0346054333247274 -0.122665202376531
-0.157430840776374 0.404478927324485 0.207736073100069 -0.0898097112374558
0.148803843845715 0.358926422091879 0.135521394552175 -0.285594841590003
0.365350326857066 0.124130465330275 -0.101379820492187 -0.301124957233664
0.293785866925534 -0.102994235950308 -0.218120525792644 -0.128854350932277
0.168275728397886 -0.208578076954262 -0.16177641220211 0.0180969091188267
0.022480224138233 -0.250108546631072 -0.0582857412181165 0.0414232069202404
-0.0461684551597006 -0.219703160770584 -0.0104893769713863 0.01931887440995
-0.0448217675160246 -0.22912270212553 0.0442761686878237 0.000389800487169418
0.0723102229660645 -0.234885629570711 0.107774249364747 0.0100947518640877
0.186777981398432 -0.173175759960969 0.151280265633518 0.062850538914131
0.341114201125416 -0.0565938182883571 0.107968582357443 0.175156398711927
0.27566287736805 0.210700937217302 -0.0114244387462004 0.248224306301046
0.00455606822160941 0.388522457994067 -0.0940843833160341 0.117899228849612
-0.230197419733184 0.401412736758045 0.0196733204001566 0.00717565249047185
-0.287780577581132 0.2425522931339 0.121165063421073 -0.222313325579169
-0.211800365858594 0.359079546441837 0.283751931900138 -0.142624236773301
0.081982181485013 0.365364054271809 0.204513602806841 -0.261977496135086
0.333997004213734 0.166423363199449 -0.00224567983821841 -0.28821549187866
0.293968362819686 -0.0720243994929061 -0.111763051430201 -0.173029494759724
0.176087558623774 -0.189979945858071 -0.100763784144341 -0.0760346651082043
0.0336095652477296 -0.2408469986447 -0.0409109333636269 -0.0562670905517022
-0.0413141896206999 -0.217033043292159 -0.0140088013108332 -0.0690902405629248
-0.0442296454146438 -0.221306616836015 0.038522112009264 -0.085009075666729
0.0625037565321478 -0.223459915427328 0.115554280945903 -0.0712944372265394
0.174410017462458 -0.1636535522564 0.181498082585518 -0.00670007075848926
0.31764874820104 -0.0451277609755495 0.151298159193403 0.130786972617435
0.238798756240809 0.200967579831459 0.0345468846626895 0.223178695777435
-0.0174255044665883 0.341261743645133 -0.0673330559945541 0.0829187712612434
-0.222458219398358 0.333510476738205 0.102176647099473 -0.0854638927196391
-0.226577178111669 0.136617228550312 0.263548118420042 -0.289174046331295
-0.202155361676573 0.240806917384603 0.344806976455951 -0.178646871571174
0.0174534625856543 0.283898101493266 0.255035178983836 -0.223682090784354
0.240123959810286 0.153462088785163 0.0818594684285431 -0.254942264175919
0.230761243041788 -0.0383436015952301 -0.016862004861666 -0.196926222854922
0.145052142690842 -0.141032216603186 -0.0423886000990062 -0.152563549751683
0.033092928002985 -0.190867222316118 -0.0244512379867465 -0.140990655951869
-0.0316704459564286 -0.179256455916834 -0.016038283487654 -0.147141347904618
-0.0348054860684733 -0.185168362468736 0.0362491969814328 -0.159722371577333
0.0517376118450512 -0.183708237792751 0.12593657843367 -0.139189564343851
0.151060447546793 -0.132189670858902 0.207877085203031 -0.056835852148588
0.261844497797016 -0.0144397522884385 0.181642218337019 0.102769068054318
0.164581201548297 0.184230823683292 0.0612183034083786 0.200055736603196
-0.054853697252014 0.262948496153331 -0.0494012452976248 0.0545617615635342
-0.199360010134157 0.216738254616786 0.167600232970712 -0.150495652703562
-0.120768061265605 0.00983377091771033 0.360472473021612 -0.321789330272896
-0.138880181470252 0.0873295013491443 0.368833646293037 -0.200694043429676
-0.0233780176144463 0.14638394397679 0.277423343080384 -0.192193322423298
0.118408767625236 0.0953673562267158 0.131994678694348 -0.230607901459851
0.127085989958909 -0.0106039556139046 0.0389866168586514 -0.210684405935545
0.0859734593592083 -0.0725866398344088 -0.00968065873883471 -0.203245141987556
0.023740217110904 -0.111220775071062 -0.0180600169400069 -0.198526933825516
-0.0183861915191326 -0.113471610444538 -0.0159406088091187 -0.202268596062349
-0.0185938356636389 -0.123645391834679 0.0378078019994035 -0.214691590346529
0.0372132267632349 -0.123270752611854 0.142822877023988 -0.187590558507766
0.112965386276438 -0.0868157323994607 0.239201736096534 -0.0849715779811623
0.180637128774867 0.0181068431110379 0.207801708684253 0.0965911041115495
0.0754642755949088 0.149740267785092 0.0758321468586044 0.189386858176398
-0.0845096659257282 0.158646343202362 -0.0378859919813335 0.0404858311241144
-0.152282010207564 0.0739340455787943 0.212806178835036 -0.179904874899072
0.0947998867738486 0.0144752632601544 -0.0969012235566588 0.314841220204117
0.0457550119153746 -0.0746768608011759 0.106445946331719 0.00175883114030728
-0.0473985749087813 -0.0695856116612742 -0.122799495033147 -0.187060872162803
-0.0756339529345648 0.0118702866068076 -0.289635770516793 -0.0457589594232174
-0.0246356185518026 0.0470388527897506 -0.259509549065935 0.199710929943245
-3.95434177967967E-06 0.0319965052084559 -0.0719540799688394 0.291961231449477
0.00423769737765581 0.0355736663627429 0.0686657930498307 0.255275829972048
0.00763845368283357 0.0303608097064362 0.117712870828812 0.209439984551275
-0.0138645306418901 0.018237216266406 0.135032408640357 0.191410050702667
-0.0231263592947006 -0.00231956029184002 0.120064560585103 0.202242413023898
-0.0245428713279117 -0.0126614047846546 0.0695338652210596 0.232142301515705
-0.00989281178601734 -0.0503526292718318 -0.028881534510599 0.275873085963174
0.0572385932184721 -0.0393321978133446 -0.155716601764597 0.280603288899715
0.0989828085278314 0.0411873275130307 -0.260802744997929 0.274923416267871
0.068502664196979 0.0925225398315728 -0.226058905592067 0.422331928068351
0.0652394950187825 0.166243880514733 -0.148042303837057 0.28898640304956
0.0936190531851937 0.0564550238944149 0.0997729710951751 0.00331393568546439
0.0697154309074431 -0.0240298962945996 -0.115389175001483 -0.209802099345139
0.0332963263903985 -0.0448608248349739 -0.308473094572732 -0.073866976113572
0.0213414842868156 -0.0389675781737446 -0.289002779657637 0.184441291085991
-0.0016706451906841 -0.0558554508552526 -0.0904261583248129 0.289963999344829
-0.0398219060637263 -0.0439928650352239 0.0550988086115294 0.24966871910343
-0.0421899180066222 -0.0393659107977073 0.107448321126588 0.198182400715845
-0.0498197336383528 -0.0641875777968862 0.132943076188373 0.171009526239134
-0.00298197134506004 -0.100323420749942 0.131944217260419 0.178477977356959
0.0514988881648192 -0.0843408901069736 0.0933881092089776 0.214048875106332
0.120163800608879 -0.0646989296367479 0.0120733390307444 0.272609161872539
0.155586285605569 0.0536370302715859 -0.107019740121227 0.289907540657178
0.0984585091625968 0.201471160578073 -0.195606722363406 0.258029173201382
0.0130082185619591 0.270222882416051 -0.17187423702721 0.36030553665635
0.00581608493558938 0.296972647409596 -0.167400287433736 0.207683439341195
0.108645585553391 0.207703012988433 0.105488955022992 -0.0248039372996026
0.182220486959945 0.0589639450381643 -0.0924592649620968 -0.246941570736098
0.165289116329578 -0.0806028604888081 -0.311251174577988 -0.1231986010204
0.0866063163345167 -0.125783446030013 -0.310334193062582 0.138126847986497
0.0109755827738663 -0.146362293096617 -0.115669511418243 0.254224189962674
-0.0719730733569175 -0.125405571637826 0.0274875292860918 0.212926226379607
-0.0869882499411692 -0.104615265011202 0.0809462703627041 0.15901196446416
-0.0882019534355688 -0.129759342410688 0.115720082382776 0.122370437784777
-0.00441911632711911 -0.179880648531021 0.140030785384043 0.120105348582037
0.0932125360240059 -0.159367741794857 0.132451750070096 0.161565616567646
0.217362082112943 -0.115156355932141 0.0797915525844357 0.249207415264287
0.25705718445534 0.0910318915516307 -0.0361459899095806 0.29370418477819
0.132476171835849 0.309007844953182 -0.131059252233219 0.230838731657287
-0.0124872342344742 0.406190501113479 -0.104534956400508 0.251038906882624
-0.0685228405284979 0.379163242667297 -0.143800489152416 0.0778937588537688
0.0818772648102945 0.345690700681422 0.125921477407182 -0.0837551429833479
0.260109159751024 0.166953002151789 -0.0446649708244504 -0.287122352954534
0.291154632331498 -0.0782274269283684 -0.27850649443285 -0.185125030772488
0.160574394751121 -0.189209562544297 -0.301532722811229 0.0598606430021797
0.0361927926554521 -0.220648942552676 -0.135248371164061 0.181708201067058
-0.0873278269691744 -0.19344731725578 -0.00598368602601759 0.144440151105983
-0.118390315610832 -0.154064171236413 0.0424818187691656 0.0961677824701013
-0.120209625012681 -0.170678756325357 0.0843789115320159 0.0546915681341329
-0.0194077792524714 -0.22952423331569 0.131269187839031 0.0422097477252486
0.103578547989569 -0.216676151764253 0.161851183270577 0.0834378764239513
0.269373935864077 -0.17226262929979 0.144845648189939 0.196919044392153
0.326900825250384 0.0872841892162442 0.0369451236906721 0.275147292594061
0.168914689045225 0.355652515117995 -0.0830441428065795 0.191101128929188
-0.0174447301116514 0.476109940066773 -0.047026035423852 0.116534101710083
-0.135860713233362 0.393471864428236 -0.076222356669709 -0.0803833117082901
0.0183097713743849 0.422607528293484 0.160853397989289 -0.162801843863702
0.270687077182945 0.261002427001448 0.0206666489211283 -0.315281128113396
0.365691635730956 -0.0387948115798237 -0.203589361358231 -0.237737005297553
0.217698977353683 -0.209511490774129 -0.252323496142469 -0.0342723102352344
0.0636607325380141 -0.257196502387041 -0.138792288141532 0.0783577138250777
-0.0853241298595903 -0.231524842247641 -0.0386357266695797 0.0539405172016027
-0.132741893632083 -0.180971132261398 -8.18814182306815E-05 0.0203624875269682
-0.137790902643875 -0.186966153535878 0.0435776975689882 -0.0196629968392659
-0.033379103066973 -0.244841339247935 0.106757523779829 -0.0403228397333707
0.0985690439752572 -0.23859761236745 0.170940773713047 -0.00131903202823911
0.280535208574428 -0.197147154597042 0.186179139036761 0.130357219804988
0.340408266789384 0.0795497894874851 0.0914860119697612 0.236507541154874
0.170670038737207 0.352387177186402 -0.0570580133028243 0.146021002391594
-0.0281720839090218 0.473080747193381 -0.00143328151037949 -0.0191496075949327
-0.169333681803258 0.333929274016393 0.0204297771604458 -0.235927638582773
-0.0496814858153651 0.402403074954101 0.203737085950577 -0.241088747263514
0.212561142654491 0.294219604917887 0.0913729626058148 -0.318188739242796
0.354138702625841 0.010707550645605 -0.107431974821121 -0.266073146873459
0.229792582472125 -0.182618973218893 -0.175064879779785 -0.119708654092374
0.0774906645892775 -0.244445781381859 -0.125287204651436 -0.0315405230029112
-0.0709111040473546 -0.228086708668186 -0.066255205662489 -0.0416867804965331
-0.127182217909596 -0.179292940945339 -0.0427679508392685 -0.0568737536351025
-0.133292983026745 -0.18100021911881 0.00134703895813329 -0.0942091259895316
-0.037664183224459 -0.229954899055677 0.0783116418910596 -0.116146793103588
0.0908051042576085 -0.226362440004512 0.168013835239011 -0.0763646816371495
0.265088940533785 -0.176968114744714 0.20497067820483 0.0714521482808719
0.302657683150105 0.0858104628469294 0.121553973781974 0.193875426650012
0.130377821085666 0.318819405918211 -0.0450641189826493 0.102199252161586
-0.053464393494116 0.403445600058976 0.0370726465884642 -0.135699488358782
-0.157620255029478 0.212352624040471 0.117810383287778 -0.359835542062699
-0.0898648010636365 0.294118599682577 0.23971447418534 -0.300690553384471
0.121892211833637 0.245919140194496 0.147213338985426 -0.303115166581508
0.267244066731737 0.0375790541569634 -0.0218415637337748 -0.269288846959745
0.186172844492435 -0.12730862909571 -0.0997705719934933 -0.180135872864025
0.070443383778856 -0.186969233975248 -0.107156375417848 -0.124641900758197
-0.0500820821388591 -0.183524063657783 -0.0886471041563847 -0.123710333264442
-0.10281123215443 -0.148147746444281 -0.0791600660182715 -0.126028530713837
-0.10921278248169 -0.152363213255496 -0.0348274667873544 -0.159289267032071
-0.0306844312491258 -0.19006291229226 0.0558451503070593 -0.181299887545597
0.0819472327134791 -0.186212057287387 0.168232405793329 -0.133680116259398
0.228767359819963 -0.12541010253455 0.215526070590215 0.030945501312149
0.228581818808551 0.102501078688198 0.134970788109722 0.158282330542526
0.0618226331494517 0.262816104089348 -0.036015475557391 0.0681841542755568
-0.0844643808261245 0.285830314315671 0.0745857223658949 -0.219938497848838
-0.112521282504735 0.0545361426123319 0.18761945978969 -0.435522066306154
-0.0953890807541837 0.131029205102257 0.24620057997125 -0.333193624739333
0.0315926705630766 0.13884546735404 0.173749670690653 -0.285990780117435
0.13683100140222 0.0352790718606124 0.0284325416090582 -0.264923537283806
0.106248019929521 -0.0595575378058853 -0.0568898420598428 -0.211517218537853
0.0454947928284571 -0.100655105057368 -0.0985026867118645 -0.181942460653077
-0.0246621875948677 -0.108509061529188 -0.10683337909355 -0.175363498223549
-0.0630083457164316 -0.093696181330089 -0.103412472116349 -0.174201421877423
-0.068593381870566 -0.103043222574016 -0.0585107724567884 -0.208813262238812
-0.0181207752328896 -0.128245928567344 0.0491562939260855 -0.230814570550763
0.0668427264207169 -0.128784591056303 0.181971086913476 -0.173067773561653
0.170681082476715 -0.0616428002766962 0.232477065745158 0.0107299785239637
0.132211731600588 0.108873713917132 0.142756330719141 0.139701005981031
-0.00954003572964134 0.179538486096752 -0.0264689648689574 0.0486381579928023
-0.10585830600803 0.133391958681323 0.110654614293833 -0.260982607000811
0.0943440743010203 0.0117786936424791 -0.085221276060763 0.320076554926748
0.0444772066710258 -0.0765545693619703 0.109578570204968 -0.00329862684491787
-0.0495543109728911 -0.0686505910028696 -0.128624367788076 -0.187052154281656
-0.0765066439928135 0.0142838154483955 -0.294737394973224 -0.0402340660314585
-0.0238815644577007 0.0479479486400789 -0.258352793037421 0.210004263309102
-0.000192098344761848 0.0325891235472462 -0.0659539176505506 0.29765303461484
0.00544755469824553 0.0358094718273038 0.0766147389613888 0.254292561765595
0.00848789161292486 0.0296630848777927 0.127769301652624 0.207182071984232
-0.0137771093346764 0.0186937709955396 0.144705670642551 0.188726143957041
-0.0241299551651887 -0.0023026533632228 0.129029805643029 0.20182033630724
-0.0248090695668799 -0.0118111372402428 0.0770769753287508 0.232438458744662
-0.011487915064696 -0.0501784925240449 -0.0218051965175921 0.280183288706652
0.0572835574835993 -0.0424072271064382 -0.152192539549616 0.285952778274713
0.102190430795753 0.0379706247054921 -0.258404525881097 0.283947225247744
0.0705925133624791 0.0912973291812256 -0.215731703074537 0.435739030251754
0.0696561137857143 0.166068861720335 -0.137749601872993 0.295693191901328
0.0970388074949896 0.0544759537924622 0.104235519176513 -0.000887436255933076
0.0698173515102095 -0.026481807941281 -0.12168604176175 -0.210323073721394
0.0304187223595679 -0.0467360844959624 -0.314601672733517 -0.0681256555542135
0.0187377883177743 -0.0411493413843509 -0.28852501762755 0.195388012935333
-0.00370054689034782 -0.0565163799433902 -0.0837172007086224 0.295588619713508
-0.0418602679991854 -0.042413199901621 0.0631704630919396 0.249723438891703
-0.043785052643681 -0.0386497128134584 0.115800435480466 0.196436388929064
-0.0538563933478224 -0.0632438707270173 0.141584965586058 0.168634173572422
-0.00731107183930092 -0.10266452223652 0.140022488313253 0.176938758017938
0.0497514690181017 -0.0867803050758297 0.100524874577629 0.214914175765205
0.118859218177352 -0.0691091713823772 0.019534831242738 0.274705781317972
0.159040945411373 0.0487478908430322 -0.101737826555733 0.294101638526455
0.106675887740425 0.201001462523677 -0.193807928502997 0.265495601003543
0.0202887475284349 0.272033454755062 -0.164154598537551 0.370640620499842
0.0149757852515827 0.299218454700135 -0.160153662129479 0.214845243220935
0.116934850192361 0.207225780351877 0.109283130070281 -0.0287593533001707
0.185969255751023 0.0525478298368908 -0.098257830685007 -0.248483384389133
0.161095060192847 -0.0877426650632425 -0.317962928840694 -0.118130176382077
0.0812096173461913 -0.130189583080319 -0.311674390457414 0.14941531538719
0.00587239815956587 -0.149299503810469 -0.10978075322592 0.260258776268305
-0.0777763866087529 -0.123277808244018 0.0354514973123382 0.213664048105084
-0.0908546361667223 -0.1016491405586 0.0874997787056799 0.15727430989442
-0.0945178884197875 -0.126958071187432 0.123161098076843 0.119878543390549
-0.0115163152454696 -0.183298489069415 0.146092898484512 0.118514900011523
0.0896313258075794 -0.163781598996853 0.140404056257016 0.160886655679002
0.21451409843024 -0.124456639734977 0.0869745467125849 0.249019088592151
0.262520622138423 0.0838693111395711 -0.0279442182351843 0.295590011013855
0.144589693642978 0.30985398897534 -0.128469010943668 0.236408629476509
0.00092951229216668 0.408930952957262 -0.100599788611342 0.257738802846635
-0.0585286282121703 0.386221500562569 -0.140668671531795 0.0832396018828097
0.0946159950959912 0.347637523712664 0.127607049595517 -0.0880709318503674
0.266628421649184 0.15878595541361 -0.0515378913007148 -0.29049423741205
0.288409080281378 -0.0900798869196995 -0.286738202385299 -0.180972805626143
0.154066810118693 -0.198558356520243 -0.305900899874147 0.0706886298154316
0.0287089633297641 -0.225064263683686 -0.132308380430371 0.18651637973194
-0.0957426866820021 -0.191873741951162 -0.00200770986890991 0.145649743282355
-0.124195303379025 -0.14998133779868 0.0469093663890706 0.096352659034299
-0.127697094285677 -0.166905623815222 0.0891193975431278 0.0531641852851639
-0.0281316473512206 -0.232477735999071 0.134621914398425 0.039374023289457
0.0978125253669395 -0.222036964592966 0.16799927916416 0.0809754488675877
0.265645445012264 -0.184131654000011 0.151754273278858 0.19500254512777
0.332080424078951 0.0783688721360418 0.0467756954621086 0.275268989058787
0.182918937035609 0.355112531117942 -0.0813660978242819 0.19567444097562
-0.00451665486642609 0.478771507573968 -0.0462905880561702 0.119519451173649
-0.125202128955384 0.401928374818866 -0.0782779388852031 -0.0787124309660618
0.0323200479234571 0.426639513008018 0.16035710583126 -0.168031818046511
0.280462816843616 0.254386579680357 0.0142787236144677 -0.31970758694779
0.365342587310104 -0.0525531559036672 -0.211918660025901 -0.236771388526668
0.211130961365499 -0.22045841930976 -0.259514595388126 -0.0265492097087274
0.0556053777018406 -0.262975581299017 -0.13882790388235 0.0826144946750201
-0.0946344355030254 -0.230640982479673 -0.0384055331055109 0.055279311410088
-0.139134560645159 -0.17592639318363 -7.40627998215558E-05 0.0210662523133673
-0.145314573172649 -0.182099499012657 0.0446001041148147 -0.0213282826672702
-0.0426024447966444 -0.247163831545543 0.106952344382536 -0.0429829846927748
0.091190024358276 -0.24452196103593 0.174502446633512 -0.00464145657155612
0.274263463786306 -0.20918289261692 0.191088756949024 0.126240513261579
0.345821149282004 0.0696686145477107 0.101554989155978 0.23429174783383
0.185347388183289 0.351674557914443 -0.0556703284660916 0.149098537094264
-0.0163045417995618 0.475639446732847 -0.00479946966219116 -0.0181772931075197
-0.159201468408454 0.340809875664895 0.0141219780402336 -0.23813867121095
-0.0376637977695257 0.409540474911259 0.200414153750649 -0.248618585467678
0.222048679110336 0.28913047157503 0.0856700114824916 -0.324613844382108
0.355971184416014 -0.00160048609029991 -0.115042028353338 -0.266348735273431
0.225045773192591 -0.193629473573506 -0.183494178871366 -0.116376099450031
0.0699282055908415 -0.250757048856152 -0.128785176769 -0.0286754003789664
-0.0802693082823531 -0.228143323092625 -0.0696272929092812 -0.0402550001057036
-0.133168094642764 -0.173703793556196 -0.0458065185990615 -0.0563385315506438
-0.141479836003705 -0.175927213303117 -0.00132569614914846 -0.094393650164054
-0.0462519669027619 -0.230896932337159 0.0748589306671722 -0.119085623672678
0.0843405926100582 -0.231521125696067 0.169112294395615 -0.080552902252555
0.259599251969271 -0.189589251066986 0.208350533810323 0.0664562081553923
0.308267231324564 0.078032144910939 0.129928036627308 0.190563641913331
0.141799220158902 0.318053712439937 -0.0439377645318111 0.105288083435103
-0.0417663836489182 0.407109040575673 0.029808184506297 -0.137876394585061
-0.152103571237446 0.218909230564318 0.10918134260318 -0.36727760049663
-0.0829068041450339 0.300130412392485 0.232847432986422 -0.308474939701108
0.129374541551288 0.243425894947339 0.141835062245678 -0.310035208188225
0.267670357889813 0.0276338300970795 -0.0275656260681836 -0.272251802371779
0.183889889266059 -0.135258561511969 -0.10827644024535 -0.179766562313286
0.0640926948006163 -0.192284818338551 -0.113364253728823 -0.123891063370831
-0.0574343032885199 -0.183631747165746 -0.0961146585730924 -0.122728018993177
-0.107795146094954 -0.143489928100903 -0.0854242273298827 -0.123775032474371
-0.115667768730081 -0.147622004130778 -0.0411998288869064 -0.159525136779218
-0.0375564633136515 -0.19123034503656 0.0504193704421806 -0.184382843932935
0.0766104224258172 -0.190754897307062 0.167477452029903 -0.138875233268155
0.225578276606822 -0.135766368041649 0.218323173602386 0.0255118755924505
0.234562422682971 0.0968571650407387 0.141399123626781 0.155004046528054
0.07059312405506 0.262833653336617 -0.035776208406774 0.0704165407576505
-0.0777142818156186 0.289861884355217 0.0652591315836434 -0.224743277360625
-0.111490673634475 0.0574901779005336 0.176980851746077 -0.446105758053888
-0.0928669443379376 0.134500147288906 0.238852327496189 -0.341048463089876
0.0352605598914356 0.138361230411912 0.169228915149306 -0.292206809016698
0.137903757332897 0.0306188949359964 0.0217933215910719 -0.269371021467053
0.105583575871971 -0.0644341744759412 -0.0635155702397827 -0.214623863614128
0.0420826164810153 -0.103711104619995 -0.106578316712737 -0.181833572047379
-0.0286737852053053 -0.10867690398933 -0.116441401629641 -0.174415010888005
-0.0659696186565294 -0.0905664465658257 -0.112946032595693 -0.17173717132907
-0.0728097770558213 -0.100158489675777 -0.0667923222012328 -0.20922266083322
-0.0224723198652882 -0.128252534162079 0.0412227247604342 -0.234652615160618
0.0625019866774652 -0.132338463591615 0.179758710007239 -0.179602714927709
0.168720324639269 -0.0684957759193447 0.235084575896824 0.00517266255919305
0.137847442284077 0.107300280601622 0.148876578696655 0.136777907087487
-0.00543940852978621 0.180680306402003 -0.0264452273632307 0.0512836681953059
-0.1042094738665 0.136317739646328 0.100070697781136 -0.267444767637095
0.0934469074085556 0.00671052856577127 -0.064752308331448 0.322682397610083
0.0412864724349621 -0.0795583058842109 0.110856628328305 -0.0106971846224698
-0.05215137724992 -0.0662437046389144 -0.139285158877558 -0.181987278189711
-0.0767919769593933 0.0193379798232998 -0.29753284099443 -0.0268925853332953
-0.0222276019066622 0.0488862054552534 -0.247714628745727 0.225299599244276
0.000794862325944184 0.032455515308961 -0.0507305581500765 0.30212846823875
0.0069846421878752 0.0356271029576125 0.0899237177770228 0.248556629484508
0.00997498175950747 0.0286710786794052 0.140720476314734 0.19933629504191
-0.0137149048413101 0.0193434184476249 0.157347957033941 0.180570908163905
-0.0247436486897118 -0.00144037099074302 0.142274071721316 0.195732977698523
-0.0244476159425592 -0.00971998900721048 0.0891074024988006 0.229292345611879
-0.013777746747716 -0.0490678547120978 -0.00735776020898493 0.280145883617147
0.0547830194785763 -0.0455662062426334 -0.138812819949618 0.291536685262403
0.105427209915864 0.0319995134977874 -0.246764193134021 0.298053225605112
0.0736026876147699 0.0873226689103192 -0.191143459649748 0.449164455202093
0.0781067904131735 0.161777077547578 -0.117858409993954 0.302185662658154
0.101118358657216 0.0490876130343645 0.106704142934373 -0.00813032580651189
0.0690999559961082 -0.0314823672164459 -0.132608509469521 -0.205884623962535
0.0261006028504593 -0.0487312262580228 -0.318129689194743 -0.052882132589998
0.0149849761021049 -0.0429544259675875 -0.280001063711055 0.212955039244479
-0.00814869662921866 -0.0568834309299641 -0.0682952427554842 0.300510047600499
-0.0450116999291418 -0.0389763621813729 0.0766364234893676 0.244442233987091
-0.0457808087974741 -0.0359819831383042 0.128843529376537 0.189484390980879
-0.0580011972901325 -0.0594237455249764 0.153541000428989 0.160164808600628
-0.0145249736968981 -0.10301221825439 0.151331889409017 0.170105288613897
0.0453728035817125 -0.090198235518085 0.113610063120955 0.209903050469873
0.11450474597834 -0.0764355602088992 0.0331125011731065 0.272827283379189
0.161425693037631 0.0399218618717022 -0.0873434936102901 0.297042095570337
0.11878135060244 0.194888569593276 -0.182948599355707 0.276125813638757
0.0332538816764494 0.270148378994097 -0.142836734929894 0.381144832073249
0.0315907445656396 0.297894878168159 -0.145704620534137 0.22287981003544
0.129238292302984 0.200284413587794 0.110631225599336 -0.0357415791812445
0.188881682255971 0.0407640767197614 -0.11040653544642 -0.245315516477599
0.153207777646983 -0.0978975346877369 -0.324951914853068 -0.102964893264636
0.0718399314560537 -0.136122886022278 -0.306136141015567 0.168654723619737
-0.00378723814698645 -0.150002284999515 -0.0968290178553653 0.265986759443901
-0.0858292820151248 -0.117612887443252 0.0468417828966991 0.210957523596017
-0.0958079019345809 -0.0951137352257329 0.0971920638155121 0.15206331640106
-0.102709910923613 -0.120462165341902 0.131566415279268 0.112741761388958
-0.0231865123301487 -0.184083774340581 0.153463300892857 0.110505552963064
0.0797917844124125 -0.169302846397287 0.150687623834851 0.154592892632879
0.205949347275773 -0.13770452007415 0.100057204698822 0.244405274134935
0.266089508437379 0.0691355217118319 -0.0126448603686426 0.295868164860689
0.162769947108706 0.302129203247456 -0.118811186612591 0.243716131859586
0.021495306940502 0.407578935882567 -0.0867806759058291 0.264688845464513
-0.03629547039466 0.387843491815608 -0.134185237542561 0.0906999213511039
0.114617759407711 0.342333380269868 0.12560163331088 -0.0949452739827219
0.274883362165279 0.142305266247163 -0.0659428788391678 -0.289038226765723
0.279550024975025 -0.107973404948471 -0.295786135490551 -0.167340910727722
0.140827713080222 -0.208849378644757 -0.305024764397719 0.090003787834421
0.0148797165166182 -0.228050226242631 -0.122943892329559 0.194282938290265
-0.107810067088778 -0.185597229707456 0.0055848402302919 0.145330404903901
-0.132058331376769 -0.140978094154377 0.0523709165241761 0.0929197886103574
-0.138841527841702 -0.15763329536724 0.0933552655375964 0.0477363093730688
-0.0427872129036776 -0.232471467159772 0.137608067330426 0.0330198099923672
0.0847687640457565 -0.227384352825244 0.174495242825675 0.0740937059148396
0.252122565614684 -0.200645532539739 0.16124658342085 0.186790343698171
0.336101664597025 0.0602826562810848 0.0621729943458989 0.270476386137088
0.202889306386503 0.344814551738283 -0.0730821007816288 0.200577618992207
0.0218136542018889 0.476774354925731 -0.0415694105035933 0.12385498826476
-0.102184207988168 0.408711076895114 -0.081373658918081 -0.0747436013656212
0.0563268547643831 0.425559321531063 0.152856124021017 -0.175807672304095
0.292478607437767 0.236713808691116 -0.000660045384781265 -0.320396495373696
0.358329993677082 -0.0753989548074487 -0.223945082438623 -0.22685250094649
0.197841382930619 -0.233934434433739 -0.264385764085891 -0.0102710954673647
0.0392085073987829 -0.267200429105557 -0.13580052325526 0.090491786612071
-0.109311472363251 -0.224671754433341 -0.0364291399078791 0.057296773002256
-0.148046403886696 -0.165504553367159 0.000447626986106628 0.0208460801808439
-0.157320766835304 -0.171813075416546 0.0443894853832243 -0.0232868581965434
-0.0584264239288171 -0.245838196475807 0.104991447115095 -0.0480645743205858
0.0769280004329587 -0.249476681837219 0.176294194478011 -0.0126725754136423
0.261072378850136 -0.227069811465209 0.197546576225003 0.116339487199
0.349609561376784 0.0510082328481228 0.114687772917642 0.22735107727174
0.205444718299635 0.340556481806563 -0.0496936109537053 0.153170950351651
0.00929823528918707 0.474134306744117 -0.00929325247551455 -0.0173524011688868
-0.14035429980177 0.349145305183902 0.00228298191690902 -0.238876975127276
-0.015916690459981 0.412467715588469 0.187779792916659 -0.257801475592967
0.236440852525919 0.276206815192739 0.0698241281924698 -0.328472716501932
0.351895978154908 -0.0235583774628266 -0.128820341347861 -0.261556259803721
0.212741544395305 -0.207755993176461 -0.191681265464661 -0.104715885201849
0.0545712994386956 -0.255878178170491 -0.131596879526861 -0.0223467342333375
-0.0942805918109645 -0.223331402059932 -0.0742463925447001 -0.0365909480318557
-0.142385418573995 -0.164093297136728 -0.0504896730067278 -0.0527634362021878
-0.152128094236772 -0.165003190746919 -0.00624925053385968 -0.0942329846851548
-0.0602247859821558 -0.229283752500075 0.0681495178088296 -0.122492716926488
0.0704302039064687 -0.235950897659907 0.166579608021233 -0.0887456278740005
0.246156047084145 -0.206526437575516 0.210774084080646 0.0568803636936267
0.312864237806894 0.0610202277175038 0.141274516847541 0.18147933812471
0.160072233068574 0.310229496172217 -0.0402218393118172 0.109054424753888
-0.0220307184790069 0.408033863043084 0.0184805432202578 -0.138795765114044
-0.139412364502786 0.227078826750138 0.0889602034743739 -0.37224643242895
-0.0659905024169053 0.303670038421671 0.2154821195955 -0.319279795727038
0.141497901734021 0.235462318379016 0.127352309587601 -0.316014241482362
0.266941585737498 0.0123861470690807 -0.0415669478499217 -0.271443129207853
0.175327310388141 -0.14716117875798 -0.119093089104939 -0.174255042323373
0.052014889302839 -0.196987741464355 -0.121583407219258 -0.117987717944993
-0.0684223213691326 -0.180676839476328 -0.106100429530029 -0.117377945803542
-0.114575126407989 -0.135698520952741 -0.094095343141319 -0.117983699984323
-0.124227897403806 -0.138540547104166 -0.0505729148576967 -0.156866627742534
-0.0494540263854243 -0.188756203869706 0.0391943985292205 -0.186354347430478
0.0648550129583766 -0.194637143681527 0.161894965533762 -0.147235892177529
0.21555868068055 -0.14975042409109 0.219176124627056 0.0143187249071261
0.240542808287697 0.083782178381549 0.150066770824648 0.146008819118489
0.0842902296993647 0.258687579752141 -0.0333545381934231 0.0734252025865512
-0.0632834313574643 0.2919493970191 0.048224334600521 -0.227370845821009
-0.108311996416258 0.0631042849421942 0.153012703092957 -0.453705447219181
-0.0849690538813853 0.139064149612881 0.220610428580229 -0.350284580583764
0.0416772384992903 0.13622527641785 0.155730248383497 -0.30042204254716
0.136688817873878 0.0226105690123761 0.0086960579977814 -0.270500397585111
0.101883447983395 -0.0710901703376839 -0.0761880814819706 -0.21225809072395
0.0363590023174094 -0.10678042979683 -0.11842526479568 -0.177097229553359
-0.0347903922354533 -0.107237865215953 -0.130252687356384 -0.16796093900353
-0.0699483525062897 -0.0854726083235863 -0.124431334650911 -0.163931544674153
-0.0783386191015047 -0.0927975161281521 -0.0802343062113092 -0.204513823567557
-0.0301802010997244 -0.127101099715113 0.0277347565757715 -0.235624318205065
0.0541529502103412 -0.135208572379338 0.171609696419783 -0.188916278854034
0.164382244602955 -0.0786894764883132 0.23515245253033 -0.00692903444175461
0.143960926011863 0.0994278949746613 0.15681972676852 0.12893044413999
0.00423354102001343 0.180181589396902 -0.0251728331111598 0.0541275221355323
-0.0974997299954551 0.140786187430549 0.0807153672885803 -0.272659452012337
0.088700521850197 0.00157712728967202 -0.0416786002216212 0.316010620343267
0.035548986611741 -0.0797857186780987 0.109029637810017 -0.0184831539439965
-0.0536731052624113 -0.0614401967324668 -0.145607251747827 -0.170343204965984
-0.0738774285208011 0.0241975598057178 -0.293223862782805 -0.0107646094478398
-0.0196894687264049 0.0492006669618997 -0.228143074055475 0.23487509660082
0.00157230408191224 0.0315487074984029 -0.0319601934467188 0.299000403351109
0.00859751526841411 0.0348282460044661 0.101946892895374 0.235734192779052
0.0114895640839791 0.0263202921077132 0.150439830852975 0.184633618328498
-0.0120737799300014 0.0195078724593171 0.166494512002096 0.165449235780255
-0.0255642547664274 -0.000446974871013166 0.151386460268808 0.182115135619572
-0.0234263073882442 -0.00806524797239078 0.099218318124614 0.21890268420817
-0.0160870780458618 -0.0466713363581429 0.00835100422959061 0.273377695877429
0.0507769797717429 -0.0473917789922703 -0.120858288569302 0.289133111604358
0.105511436740469 0.0246629687996096 -0.225146282668174 0.302703648963194
0.0746222520789323 0.0806811564185411 -0.158145637935199 0.448835455771292
0.0850005245034001 0.152719527064347 -0.0950487211044899 0.299914523994998
0.101537216863446 0.0416269725452144 0.10597276263024 -0.0155199283008832
0.0654901879548742 -0.0357625086026399 -0.140682422169133 -0.193746020231151
0.0209134774059742 -0.0486834036405455 -0.31397428940382 -0.0345980383090606
0.0100469240775858 -0.0427711257410986 -0.261397551041379 0.225042296814486
-0.012971499145962 -0.055156371534696 -0.0498882827131393 0.298212653973875
-0.0462306152335944 -0.0345674991384826 0.0890325594488249 0.2329466457582
-0.0461557272721509 -0.0317303691817011 0.137762622881015 0.175903836357805
-0.0607758337350607 -0.0535178679167836 0.160862601925229 0.145961207312909
-0.021848290950193 -0.100233661142212 0.159254700244121 0.157289408385347
0.0394732612565219 -0.0903185110348338 0.123623179012012 0.1983234997166
0.10624230399278 -0.081599077481691 0.0473233047876426 0.264205149625083
0.15939859240208 0.0297912820508312 -0.0697403582992413 0.291782685476989
0.128489659911624 0.182547840215651 -0.164212787740551 0.278761254606994
0.0467204742128059 0.259929759815378 -0.116053944173822 0.380280746058137
0.0484276229764741 0.28740560362122 -0.126479288170738 0.224896348884266
0.138199422498446 0.187056427219538 0.108057943753798 -0.0417732544358973
0.185331823632807 0.0263776285942348 -0.12124341604356 -0.23359569887824
0.140560358815304 -0.104781048994442 -0.32266539369733 -0.0820939744765904
0.0594486112688061 -0.137558358346662 -0.289301700877383 0.185618021739229
-0.0141842749667481 -0.146700799376007 -0.0790878105271388 0.265496788122982
-0.0911332401578463 -0.108388630248273 0.0574624201944908 0.201285690837174
-0.098921650795881 -0.0860677957569167 0.104589265410742 0.141748218749554
-0.107868059051852 -0.109696350198328 0.136500769659917 0.101102885411385
-0.0360301117002715 -0.178459248233062 0.157191678565216 0.099199377449459
0.067443433651518 -0.169220399388316 0.157434186424826 0.141903700236708
0.191327421841333 -0.14698082517959 0.110646609865871 0.232409630140438
0.262825664058637 0.0512691271018693 0.00391791040716335 0.285945498076928
0.177119171887944 0.284328306406363 -0.104643850771695 0.24483382363006
0.0413886015980661 0.394242439805838 -0.0692383539302217 0.264008912318415
-0.0116297578611328 0.378301282512236 -0.123636322921278 0.0963472114410227
0.132135561316933 0.326504502160023 0.119592165261197 -0.0997643086985156
0.274507837780417 0.120336856047096 -0.0799022729444554 -0.278542223377664
0.262294172828935 -0.122783003442495 -0.298331322933533 -0.146563513279978
0.122289209131088 -0.213236346768021 -0.293008987718208 0.108849405024347
-0.000803969523386178 -0.224680956557414 -0.10924732926603 0.197179286461486
-0.11690135890076 -0.172796211832521 0.0136827538635686 0.140369667535983
-0.13661782538425 -0.127430648369981 0.056759893302383 0.0875392068277016
-0.145045485890421 -0.142492914258852 0.0953714970615244 0.0406117325796039
-0.0578811491968306 -0.223939744824168 0.136229125321145 0.0247006520213885
0.0682039457890789 -0.226907247925504 0.176281237085327 0.0618303517446605
0.231162239198478 -0.2121827272425 0.166881779800864 0.173524599703514
0.33004045417589 0.0383670533905406 0.0766050899193447 0.256968942871645
0.218063935029991 0.322890452181501 -0.0623254751152802 0.20040157409691
0.0465674903193289 0.460245080845593 -0.0355802432449945 0.125070393262559
-0.0743873932679065 0.400939712244357 -0.0819729788523851 -0.0669532107721756
0.0814143191342187 0.411397855295141 0.140441858090125 -0.178323292908365
0.297288574221882 0.211746607863649 -0.017454253145425 -0.311778019566753
0.340899617455607 -0.0959113022947027 -0.231286356084059 -0.208062370732525
0.17607112929653 -0.241716071752561 -0.258511954441902 0.00852005337176159
0.0203898319252369 -0.264194448396669 -0.127670248049024 0.0964091413872099
-0.120908796164431 -0.210823831539426 -0.033381629733911 0.0578059010140341
-0.153876013624425 -0.150465934720326 0.0005531457140279 0.0210346305120479
-0.162724251696277 -0.154938345059209 0.0429719141928568 -0.0256633077406583
-0.0735241492203562 -0.235728489344391 0.099870876499243 -0.0518970395552395
0.0591889314568735 -0.247979496590107 0.173635119481409 -0.0228007230955827
0.237086259190733 -0.23853697226893 0.197822028943631 0.103438127423389
0.343680002753829 0.0272332227857128 0.124889830381973 0.212070859206865
0.219457843978261 0.320015099740229 -0.0408893305144279 0.153053289394124
0.0360248321244936 0.458228222764202 -0.0127255981052043 -0.0145091132657875
-0.115134894370147 0.347667042160167 -0.0112375183130744 -0.231355069308998
0.0106005779069121 0.400980902346127 0.168679533783659 -0.25923149659614
0.245932545367471 0.252641040429955 0.0516353932365482 -0.322461558802909
0.338099180272275 -0.0446419275920316 -0.138795351026399 -0.246818840215784
0.193042611294754 -0.216964156195625 -0.194249533570289 -0.0890118342819
0.0363544143016014 -0.253837743849968 -0.130872807814501 -0.0138530463657712
-0.107110449653269 -0.210680111155085 -0.0766354763122595 -0.0310144035979832
-0.147417349897011 -0.149380913032185 -0.0539826508237741 -0.0474266528703546
-0.157658718823876 -0.14835488247414 -0.0117918711560065 -0.090796076111884
-0.0746804502641521 -0.21959477871143 0.059113236272721 -0.122096778761197
0.0534064456789971 -0.233567858418313 0.159482776161029 -0.0961638375689112
0.225243819795305 -0.217649821732928 0.207842168642741 0.0445603302680714
0.308043030371043 0.0398395522056134 0.148423524302826 0.166310686509221
0.173127087035109 0.292150055756908 -0.0339978449399254 0.109613799427113
0.00232409733588179 0.394576733920941 0.00554711389202976 -0.134559082730485
-0.121446082904524 0.227162914835642 0.064671921900328 -0.366998253270318
-0.0463166281549323 0.299448589020782 0.19207134811974 -0.319689852507035
0.150218439546337 0.220378006941778 0.108007459170067 -0.313838016279628
0.257703685149946 -0.00471148098936006 -0.0550070481950696 -0.260795036033973
0.161195138480491 -0.155125331421163 -0.127900469753805 -0.162056650533918
0.0380480958282798 -0.196372036053082 -0.127196595362771 -0.108542444032827
-0.0788847852169675 -0.171188702882286 -0.113543561687924 -0.107708329117277
-0.118630653705088 -0.123345558653774 -0.101195859987194 -0.10773073838034
-0.128938356628091 -0.124085156615919 -0.0589756175802519 -0.148892577825416
-0.0610477979127946 -0.180365559638447 0.0269900533142219 -0.182556442207306
0.0507071165078078 -0.193299549252833 0.150536753289475 -0.153049641819001
0.198456772409295 -0.16020615315786 0.214861891554213 0.00373002666949299
0.238852303374949 0.0673375200565165 0.155345502974777 0.132882791888262
0.0969722050979042 0.246930334896996 -0.0287616922541151 0.0741859731062679
-0.0449652677598141 0.285982303622977 0.0288325251297264 -0.222491986960732
-0.101189312508231 0.0668239719079945 0.1207473035849 -0.450410807461603
-0.0747197648293685 0.139392177588418 0.194328750479774 -0.351520228009651
0.0476889180428701 0.130140343433922 0.136884983067728 -0.298989281532767
0.132181979265008 0.0134920094406832 -0.00545264183642505 -0.263615143361731
0.094513108941779 -0.0769645107846876 -0.0872699998664137 -0.202658719769972
0.0281757989673503 -0.106758529049898 -0.127928850372808 -0.166757298107636
-0.0406696678929377 -0.101636667462626 -0.140540212459581 -0.155304900811193
-0.0719564752088971 -0.0775649756604879 -0.133775337162798 -0.150642349449786
-0.0807502734364853 -0.0833246394630466 -0.0914898755855646 -0.193413794940501
-0.0372115101224124 -0.120748268861674 0.0120868140855473 -0.23044528177938
0.0439707799225036 -0.134465749087324 0.157344816816246 -0.194309093215524
0.153575611966248 -0.0870256471950763 0.229029950731558 -0.018632825266652
0.147134565591682 0.0881841080603119 0.159621393170304 0.115774894313372
0.013395630389305 0.175061889681743 -0.0217614521836399 0.0545025271510219
-0.0866880728355348 0.141704438297393 0.0588342138575682 -0.268636632288668
0.0828721007191102 -0.00129840103022362 -0.0263480096630723 0.301404868148812
0.0310071714152147 -0.0778608563261409 0.105205337815022 -0.0228052176326273
-0.0535677771158312 -0.0570530205370716 -0.145045488398371 -0.158448854893926
-0.0695176807823737 0.0270354920738816 -0.280860907850528 -0.0013001460455733
-0.0178473512517698 0.0485703282487497 -0.20946711224577 0.233983307250035
0.00126768783070073 0.030684433339664 -0.0181955050110621 0.288285178569887
0.00968256770637892 0.0330775524644567 0.10644678675436 0.220642754489683
0.0112588429844546 0.0242359062881299 0.152489972085218 0.169432970616421
-0.0111736872891408 0.0189592445872577 0.167159778874389 0.150879228906241
-0.0251717198231021 0.000497152090076624 0.153010281386798 0.168641968771479
-0.0222052645079966 -0.0072073747088944 0.102841972126244 0.20560925589843
-0.0169125390625466 -0.0442017089446386 0.017605312128603 0.260512528160084
0.0466844072203482 -0.0466630728682328 -0.107608088935157 0.279195808059592
0.102435716673422 0.018910971346355 -0.206110927605946 0.297960316898156
0.0720896089635665 0.0745679916088854 -0.133030374441221 0.435417125955208
0.0860185534970675 0.141930029676723 -0.077002861459744 0.288633227978712
0.0988214766477613 0.0358782442946741 0.102654517608635 -0.0191681262717505
0.0609230829763872 -0.0377530192196646 -0.140749588441271 -0.181068483292642
0.0167583279073518 -0.046796963503457 -0.301554201081988 -0.0232303225100262
0.00634210335262623 -0.0414566423283353 -0.239576054948291 0.227395162032932
-0.0159992761131463 -0.0525058350814857 -0.0356462471755312 0.287350166566608
-0.0460809205006335 -0.0303541195289909 0.0937061543504825 0.218437290717559
-0.0455955656670521 -0.0289202645409394 0.139801376599172 0.162037087181321
-0.061052045280602 -0.0480197514897182 0.161615229681941 0.132415671552561
-0.0269670020125325 -0.0958624839810936 0.159604690500148 0.144157710491648
0.0345541614674348 -0.0881340132143887 0.126275128058413 0.185753114540089
0.0981226832504023 -0.081972894974334 0.054233565075209 0.249936574324468
0.153082850785145 0.0220832948820944 -0.0574061208926295 0.278622292612661
0.129934060425224 0.169238071324694 -0.14901756014202 0.27269223097547
0.0519974169486893 0.245937540452177 -0.0942139716704286 0.367130270407399
0.0571292904430964 0.270866468285415 -0.109876907035126 0.219048563828511
0.139750317922141 0.172912521234024 0.103937756510007 -0.0438562276974822
0.177106771550512 0.0169536009757078 -0.12353077462579 -0.219358309285124
0.128049358079715 -0.105556786110667 -0.311310435637929 -0.0673179255392384
0.0492441836748612 -0.134408045653068 -0.268359085255386 0.190860489008282
-0.0214671387591374 -0.140505328077408 -0.0646524394268225 0.257370663474427
-0.0917831726124005 -0.0988245281789821 0.0623426676030372 0.189310112972154
-0.0975221503653713 -0.0775465355129299 0.105850984650284 0.131279878038979
-0.10808701209153 -0.0993026353816398 0.135888448279003 0.0900315489532826
-0.0437832448618028 -0.169680925442331 0.155366477446929 0.0893318575323793
0.0584008730793212 -0.16522036255309 0.157653179821861 0.130510990212965
0.175570275030401 -0.148327637298725 0.113810598240743 0.218346494126134
0.253161976611871 0.0387276525631415 0.0129692773047252 0.269818003757929
0.180329510555708 0.264391152990328 -0.0926362444626803 0.238157920449299
0.0529254962482445 0.371757978692972 -0.0571185557187642 0.255578017115536
0.00458599874340853 0.359443520556114 -0.113191055605788 0.0967314021827279
0.139588120520593 0.30602418650095 0.112575752700999 -0.0980935176098766
0.2653557714609 0.102124944213334 -0.0855907285666691 -0.263397515616933
0.243057156065324 -0.127327643286563 -0.289592545579078 -0.128745141916858
0.105671323244075 -0.209005666651671 -0.275203037048973 0.118940237387177
-0.0120534802947796 -0.215653315465415 -0.0966286390595674 0.192741030412752
-0.119813450936466 -0.159046039509637 0.0174803105788087 0.133390776953939
-0.134991201300752 -0.11548492110971 0.0571409403613431 0.0821228489914739
-0.144541373833618 -0.128436780762974 0.0937396749363454 0.0340416996266207
-0.0665479906022419 -0.212340728793043 0.132641818277904 0.0192769880190055
0.0556735930843833 -0.2201938808095 0.172585692723839 0.0526960348194497
0.209758935986003 -0.212366294639942 0.165315711513712 0.160907518976368
0.316750732027057 0.0232999666189761 0.0812583397152597 0.240079822127328
0.22123427127552 0.299981109689016 -0.0536492137866976 0.194607856304396
0.0608723255833723 0.434971229021626 -0.0307372075347462 0.122103768390905
-0.0545442549310889 0.383637397535497 -0.0796958118315317 -0.0596719915692783
0.0941561384061673 0.390007174331531 0.128680161589317 -0.173702569079749
0.29126077328279 0.188681461183309 -0.0264023197406476 -0.296665446599274
0.318947818847144 -0.105002389974578 -0.227199124310792 -0.189866682838877
0.155858278343751 -0.239057977890877 -0.247099313280182 0.0217003551873338
0.00624208465461596 -0.255053277435386 -0.11876897279046 0.0977455405100624
-0.125097516274831 -0.195646457793732 -0.0315557530385418 0.0564506199053642
-0.152056290640294 -0.136359675494124 0.00081069082644724 0.0214805596438841
-0.161852519049502 -0.139009736645718 0.0402359111567292 -0.0264428188920865
-0.0819945019568669 -0.222469296260958 0.0939535175227083 -0.0527015710989292
0.0461815559405502 -0.239386811898171 0.166755041261809 -0.0276573781876306
0.2139822217002 -0.238409222097605 0.193307367594095 0.0931427961153568
0.328877142463519 0.0126498345003968 0.126818772190231 0.194917259310165
0.222257397951356 0.297076431201032 -0.0343799601394401 0.148608188679312
0.0502542477974807 0.432629071691535 -0.0155031242847112 -0.0110923837859046
-0.0952444531871225 0.334423164922625 -0.0191188753239 -0.219322255063242
0.0253133826466831 0.383449444235989 0.15209490445479 -0.250414725766582
0.242166926058291 0.231841674338174 0.0388898466899221 -0.308917474881955
0.317193442310922 -0.0560261681102127 -0.140293066525417 -0.229967072904759
0.173559895668776 -0.216586492333717 -0.189212773551949 -0.0751269163298565
0.0221492396138614 -0.24561737602666 -0.126305659145479 -0.00842371150310204
-0.111965560780411 -0.19665140368754 -0.0773142209997151 -0.0261691751888676
-0.145035890925323 -0.135342232537159 -0.0547138232506888 -0.0416788236180892
-0.155656507744941 -0.132778507211971 -0.0149937687066555 -0.0861657801708127
-0.0811097639421751 -0.206907017647143 0.0523130205840698 -0.117700542658322
0.0414542065361917 -0.22618048981359 0.149972412147399 -0.0977863345474106
0.20267744999246 -0.217344904111909 0.200675114452991 0.0362723284607569
0.295820248941048 0.025204700639093 0.147531802791331 0.151539773301599
0.176147476424732 0.272227404941489 -0.0290184863293275 0.106958396959037
0.0168839836251499 0.375869662654813 -0.00289567626001966 -0.12657697862924
-0.106611021959013 0.219845811507696 0.04836700871813 -0.350650336345801
-0.0329537084937564 0.287270134718582 0.171344457199458 -0.308965257451547
0.150635980738256 0.204227552984477 0.0939597065871264 -0.302848149639053
0.243516129193191 -0.0144540649709709 -0.0603178318712056 -0.246822495275411
0.145840776648271 -0.156181706535548 -0.128113836067927 -0.148710215897904
0.0269276873071694 -0.190271558343739 -0.127195134094599 -0.0993428752898507
-0.0829705912026445 -0.160015042068803 -0.11581894981296 -0.0973473334792702
-0.117259156463046 -0.111945861722205 -0.102976088585383 -0.0970364931010769
-0.126806032635327 -0.111427741193364 -0.0630913158662939 -0.139168358388232
-0.0661032127745358 -0.169322645006346 0.0189980911744438 -0.174290278842526
0.0405935833532195 -0.186707139122087 0.139758979427351 -0.151529068106641
0.180799950253878 -0.161980689026192 0.205065215710144 -0.00322153498771113
0.231043836615014 0.0540751042926557 0.153594383522941 0.119428325568689
0.101096062409352 0.231776301389136 -0.025387454727088 0.0733391098102299
-0.0326852885664401 0.272818058499171 0.0155320059738148 -0.211828323126339
-0.0933035750158951 0.0665009558708061 0.0994599923321096 -0.431896486830953
-0.0664977499590516 0.134717903343746 0.170904018691872 -0.338553725512717
0.0496642156016426 0.122157560411136 0.12285946096471 -0.289805191310781
0.124864583567564 0.00792481201966172 -0.0136364225098541 -0.250768948759793
0.0868078984222887 -0.0782583133987651 -0.0913609957180875 -0.191076964801201
0.0220650595459311 -0.103578367095976 -0.130498053201437 -0.155389332549577
-0.0427652979039317 -0.0949336715809995 -0.143926157855093 -0.142042005307483
-0.0702000864880096 -0.0702602505836595 -0.135514090686835 -0.135776057000385
-0.0794631184082953 -0.0747938743887625 -0.095801275433661 -0.179252254601174
-0.0408363042159387 -0.113694250345151 0.00250217323555348 -0.219568374775272
0.0357843085519126 -0.130048236393336 0.143499402514114 -0.192054326631286
0.142098648063899 -0.0895482039236355 0.218164541493345 -0.0252012632157569
0.14320096969173 0.0781310312783894 0.15667872891406 0.10456245738655
0.0186769294235982 0.165687398484201 -0.0197034356241892 0.0538740551737137
-0.0774956888829688 0.137303575806886 0.0418745901275617 -0.256669265644423
0.082950492926241 0.00329484980033104 -0.0368758933146449 0.283102533301587
0.0335097199628969 -0.0738954150874683 0.100823119108297 -0.0189840697226853
-0.0500905822043421 -0.057039326062789 -0.132616112742825 -0.155673334366384
-0.0660717651301701 0.0255922625164503 -0.270719246808657 -0.0103707367134022
-0.0164958376920132 0.0466832285942368 -0.205419111933344 0.218435336356345
0.00123788395690239 0.0296602557584009 -0.0254461707341196 0.27358230922199
0.00809915317896733 0.0344983963125203 0.0954503106672644 0.214401151181524
0.00988828773100605 0.0242791274689066 0.144810653893319 0.164580579341504
-0.0104180168060299 0.0193252466446093 0.158804349822302 0.14755995541772
-0.0238613498354896 0.000384190228420329 0.144143977521391 0.164999375604898
-0.0190121304044936 -0.0064619344503441 0.0913065879891478 0.199693358606788
-0.0135462562745271 -0.0383630387787905 0.00750144768362372 0.246439799253348
0.0444733660030455 -0.0393386084004853 -0.115069388023128 0.258863362698546
0.0946714672111928 0.0242311567262304 -0.211137668196418 0.277326685673862
0.0677493252022853 0.0783198215957298 -0.14781121014091 0.407567931211451
0.0774131228040544 0.142126845468152 -0.0789741280036537 0.270635130901681
0.0930232665739462 0.0383124746491233 0.101475346197921 -0.0182989045157634
0.0587206931733077 -0.0324359669303585 -0.126552226202846 -0.18171162468853
0.0177563034854237 -0.0404414396823062 -0.288797100094568 -0.0370283399259234
0.0105197752091339 -0.0373772859278685 -0.236328534756833 0.208862541245144
-0.0129162820213834 -0.0508839058873891 -0.0448196865322659 0.271589215342762
-0.0427450131963831 -0.0285617428813232 0.0814160652580714 0.211730308418809
-0.0433012658719996 -0.0297735261998924 0.130999619257624 0.156986069547389
-0.0578390694913765 -0.04714043735103 0.153521509540513 0.12907802092299
-0.0236949408550916 -0.0943287803452868 0.152734439532093 0.140152768155905
0.0384925529179707 -0.0848574897176394 0.118669231978044 0.181752515964704
0.0974759601479728 -0.0716060453790535 0.0471527182003487 0.240651467776274
0.145529247568966 0.0309634037875908 -0.066777028310148 0.264475268894874
0.117324351973283 0.170187313050179 -0.160372484930435 0.257856638107646
0.0452631586773016 0.24050753551157 -0.115319462327898 0.347576990040684
0.0419802485369752 0.266075979075651 -0.103055121561236 0.206028278805896
0.124865277876384 0.173260584003472 0.108195530588598 -0.0429096901594012
0.166947495312184 0.0265961686331076 -0.105151630423662 -0.221563049563367
0.124987453153365 -0.0913435559397912 -0.294658701909285 -0.0846227028216829
0.0550154005944435 -0.124719186143395 -0.264452359913325 0.169680714619531
-0.014850588812645 -0.136238896549225 -0.0741842311815014 0.240946874166464
-0.0840333184754952 -0.0963351914623953 0.0499481268589959 0.183059910988728
-0.0916818457832633 -0.0793048890637577 0.0983128335834631 0.127447226437873
-0.101384415767846 -0.0976712795294077 0.130545208990258 0.0870639591488506
-0.0386581574442823 -0.166721410713355 0.150733316171474 0.0866757137179364
0.0632592810933689 -0.15987154922367 0.153549689333142 0.128930233162903
0.173767623356496 -0.134953521699818 0.110525797020117 0.213155276980443
0.242628810071043 0.0499892737213819 0.00266340598052218 0.261939564344678
0.164259478560631 0.263276737854712 -0.107135215330406 0.228874508686096
0.0438581692815135 0.360360762527656 -0.0780322671623274 0.244593741833514
-0.0162554317727769 0.348828994752281 -0.097872673158739 0.0923556250518282
0.115898180301102 0.302506151655714 0.122548857880285 -0.0934408616182558
0.246537578211889 0.113957546296372 -0.0622429310111355 -0.263769214087624
0.233869627561649 -0.107723199534237 -0.268226191896748 -0.145995639116989
0.11168896081189 -0.193281507334119 -0.270111485202587 0.0976444680825833
-0.00356551553297361 -0.208118785139783 -0.103011692085531 0.177334448998874
-0.10893637167345 -0.156375163201626 0.00663785566128075 0.127479400531772
-0.126416512299216 -0.117685985887961 0.0511918275082967 0.0792467057944657
-0.13498708025952 -0.12713663416882 0.0907265835614098 0.0319816814391032
-0.0607104370668515 -0.209186614150017 0.130712799618951 0.0189526037272543
0.0627200163386085 -0.214036516719851 0.17246071914506 0.0547199391358061
0.208251067667961 -0.195417840211466 0.165289514872343 0.159057022708549
0.304996225779727 0.036138203750151 0.0710086177220424 0.238695956181186
0.202989769457414 0.299164404090314 -0.0687942758798674 0.19090815258705
0.0492258785355659 0.420116503951452 -0.0486330238869383 0.119724003422501
-0.0770707267708046 0.370359395786834 -0.0587487243884551 -0.0530025550873094
0.0661320041781977 0.380831424650796 0.144194225931499 -0.162857126743477
0.265399729395502 0.199913293529674 -0.000855389295401429 -0.293179222971961
0.302574334373906 -0.0818892726597274 -0.20263385624919 -0.203219488959461
0.159744980729463 -0.218690592241722 -0.239778266824552 0.0027053844319824
0.015320720988827 -0.24513790839969 -0.12187559946341 0.084711498259441
-0.113321451244215 -0.192181971881951 -0.0393464732908864 0.0530688547028891
-0.141886586706787 -0.138942950091073 -0.00220465824275491 0.0206092705098226
-0.151330426342312 -0.138281478983205 0.0402088175537209 -0.0277710334675107
-0.0753112192351816 -0.219868631486195 0.0953929680142709 -0.0508071259558124
0.0532580140869064 -0.234133761074144 0.16957969055411 -0.0235247606345528
0.213058114535644 -0.222380777049888 0.195664535865535 0.0952189620467774
0.318403787074119 0.0256012778952779 0.117284409560814 0.198471412774943
0.203467756157629 0.295387513131213 -0.0478260918754127 0.148406710505619
0.0376850226456302 0.41573113904864 -0.0275383359395598 -0.00617585276404029
-0.115463904362074 0.318824241465995 0.00492954364728901 -0.201975785156409
-0.000848307063235297 0.371768692356977 0.16871171359544 -0.232392759785509
0.215266408992546 0.23690307197114 0.0639365974414856 -0.299204922130521
0.299553960434823 -0.0364916895774742 -0.116981809289279 -0.237168125640864
0.174058361612157 -0.19729053000839 -0.180806690427947 -0.0874881323206139
0.029402424081476 -0.235865412741525 -0.126006719120358 -0.0163620375031198
-0.100582209656491 -0.193346728311867 -0.0807829293295012 -0.0280989185002359
-0.135564100936957 -0.137778277048054 -0.0548883472167174 -0.0409236617577407
-0.146312972558456 -0.132031941803948 -0.012056819940302 -0.0852168874961929
-0.0750449197474763 -0.203929758585976 0.0559140998990591 -0.114257762296059
0.0477973634967266 -0.221045042609345 0.154860128827205 -0.0908760092539209
0.201933051901655 -0.203096924843153 0.204369370883585 0.0417874576328836
0.286642541921829 0.0362351460500854 0.137837926027683 0.157402085056383
0.161447708815907 0.269611213820205 -0.0402282413973445 0.106959709726629
0.00645930386821712 0.357487795754588 -0.00935302048852941 -0.115960393331914
-0.121400052884827 0.207396075338707 0.0705386619306902 -0.325635612636171
-0.0518475691423534 0.274917289095831 0.186860969075953 -0.285003134139335
0.128946808236714 0.205064950981559 0.114300392070949 -0.286378770611287
0.227465296188766 -0.00051423598399995 -0.0397026310757422 -0.246376721371093
0.144599663329923 -0.140870713966523 -0.118703369652841 -0.154224254917324
0.0317126436407497 -0.181362736683793 -0.122899135765503 -0.102971233471255
-0.0747663565087104 -0.157812488464194 -0.115967817293793 -0.0971478702189283
-0.108425747319955 -0.114258256377642 -0.0994939707923904 -0.0943425527927831
-0.118993801173778 -0.111093335869983 -0.0574539005660677 -0.135314967973492
-0.0611987320595438 -0.167093549597074 0.0249678410043247 -0.168393305831064
0.0446609503817737 -0.18241876234654 0.144765736138697 -0.141773538372566
0.179529049501692 -0.151389447854826 0.208253019903053 0.00534604588691956
0.223339983624404 0.0611305017435915 0.142926719305844 0.126674926542468
0.0893603547364847 0.227461758415176 -0.0347333856998521 0.0726898623808587
-0.0375955430731716 0.257848768832722 0.013926783475829 -0.197996918378553
-0.0998763514207945 0.0595416477919608 0.117643089646863 -0.404366161556748
-0.0758435785619707 0.126102420857391 0.183399657875548 -0.311214790426657
0.0364875249913487 0.120549461325208 0.13749593642675 -0.269083379213511
0.113861876555232 0.0151360289295948 0.00242677912760266 -0.243881458145166
0.0839299290500324 -0.0694495204237966 -0.0822486122155687 -0.190399328520841
0.0235565571806252 -0.0975355924552312 -0.122555678012473 -0.154529253313076
-0.0384389715927017 -0.0944536347887031 -0.139992339954495 -0.139736312264351
-0.0645916564883015 -0.0714837051011284 -0.128959912793778 -0.131769005493145
-0.074304741946455 -0.07470018034005 -0.0884963497326598 -0.174294359811474
-0.0381393027395172 -0.11183824601885 0.00825856715794468 -0.210415046058239
0.0389709163490369 -0.126599453265604 0.147634434544085 -0.179312420988379
0.140485544701305 -0.0828747730159368 0.218298413259145 -0.0134896013684371
0.138223013293467 0.0817128351185709 0.14454428679401 0.110694125442937
0.0119434531252362 0.16139305606975 -0.0262454156120271 0.0519417792409951
-0.07781887909108 0.127070255288256 0.0449286405256764 -0.240764689135374
0.0798351566681703 0.00488822336817648 -0.0368323744255462 0.276224213958724
0.033487673889056 -0.07217421544393 0.101248024870817 -0.0196947665643535
-0.0485663851245214 -0.0568326775594063 -0.129475632564649 -0.155534913401885
-0.064672408865242 0.0254761588863177 -0.267974712967016 -0.0126270664324277
-0.0166556574161826 0.0468890947848662 -0.203179590521947 0.214035858050628
-2.06562185560942E-06 0.0312753670616573 -0.0264287723242997 0.269750604287059
0.00839816441256968 0.0345271287466217 0.0939337520049018 0.211201310497813
0.00939184666272411 0.0231631948268547 0.143593688679186 0.160913405823372
-0.0110293442767019 0.0192481541376468 0.158401260631762 0.145237520326979
-0.0247783015793136 8.84309529678136E-05 0.142230955718245 0.163591308440259
-0.0174272938235477 -0.00736895145580546 0.0883430345982139 0.197825467659409
-0.0126671722623268 -0.0375043156152085 0.00474848793096607 0.241497654690924
0.0440415188442303 -0.0379480192472291 -0.117850415077942 0.251812852032486
0.0926544970087865 0.0236183430317023 -0.211153044679882 0.2713004399767
0.0643537339977787 0.0787070610500262 -0.148645259803695 0.399059780637253
0.0744567796394976 0.139546215337832 -0.0782974176504063 0.264120154123687
0.0919229134101974 0.038657121435957 0.102202896054191 -0.0182005939394102
0.0570305616952962 -0.0329956361234726 -0.122899838936259 -0.18023231496732
0.0175834580738638 -0.0396260267466749 -0.284743756328465 -0.0393534744612066
0.00962769541054492 -0.0360585703873611 -0.232505880519881 0.204805636250458
-0.0139742100145172 -0.0492149853687019 -0.0452106939687063 0.267965537632859
-0.0413963437530981 -0.0274716192959199 0.0793858956463615 0.208798707406576
-0.0427583519754993 -0.0291443194139556 0.130043349607904 0.15462111774339
-0.0564488645146232 -0.045803663963444 0.152570787179443 0.126668907392104
-0.0241443186481834 -0.0926666646946628 0.150596776356197 0.140030101839081
0.0389442601202152 -0.0840990610798455 0.115665466361038 0.180013834341277
0.0958180571314524 -0.0703197004673436 0.0442160017764929 0.237499070149299
0.143015358878698 0.0316600620913921 -0.0704668348408286 0.257920801219282
0.114355192916324 0.167480190726561 -0.160859289575938 0.252099099998131
0.041408827504425 0.236710849627914 -0.114954633422037 0.339820346998947
0.0391763705438932 0.259608189314641 -0.10070157907978 0.201163750052984
0.122314745844425 0.171291792290055 0.109588052062516 -0.0411527396707247
0.162549057306052 0.0246873311562614 -0.101195932913012 -0.218474353032774
0.121571191681781 -0.0893199564664849 -0.289160967169474 -0.0858735599866794
0.0527262252122817 -0.121913728561093 -0.259380634004691 0.167193169134919
-0.0163667096550677 -0.133844263854902 -0.0737480149321349 0.237310409051644
-0.0823136635010767 -0.0942593324332661 0.0480881338299227 0.18034209784264
-0.0893246439850103 -0.0777219897810002 0.0968943021279185 0.125920302399648
-0.0997134089265584 -0.0949592309783436 0.128833951154188 0.0855824574866842
-0.0396857094431068 -0.164726050283371 0.149002176531542 0.0872018611835108
0.0630378818170049 -0.158093462308093 0.151082708379132 0.128696133871211
0.169600170160791 -0.131392175950644 0.107055234579957 0.211336140296314
0.23822301643772 0.0501011370819993 -0.00172976191006875 0.256207308551736
0.159969791080636 0.260041851963278 -0.108579438781203 0.225475926659326
0.0386629829048413 0.353663525806612 -0.0789984034125549 0.240219488800673
-0.0179544595989818 0.340404042168587 -0.0948697056417723 0.0907707934983992
0.113063591370478 0.298161966715702 0.123678471264965 -0.0902280086728236
0.239957836503319 0.111748046744232 -0.0575363141062978 -0.25984428789182
0.228140189480058 -0.104938398515252 -0.261743255046607 -0.145923088214939
0.107930306452711 -0.189724899914068 -0.264278830085574 0.0967944754025227
-0.00538030746765047 -0.205291203695575 -0.102323466610852 0.174008079419523
-0.107122280983225 -0.153810037299551 0.00511046484293405 0.126101656614517
-0.124053100152632 -0.115161423926946 0.0503106611844644 0.0796653078052292
-0.132565185814283 -0.123939250363103 0.0893633290730754 0.0314951261022275
-0.0607912012806123 -0.206511093007511 0.129811471281308 0.0193853044278003
0.0623054643383406 -0.211270596279496 0.170554058624154 0.0547732182430006
0.203380453426564 -0.192183221986539 0.160966466020189 0.158852493850185
0.299359998483483 0.0363870173739421 0.0662510267621585 0.233460547992157
0.198248719997626 0.295326933974408 -0.0700968774168759 0.18873354065259
0.0442256165932511 0.411293415172359 -0.0501209923392342 0.118462283362175
-0.076427714290724 0.360265416456882 -0.0555249381986211 -0.0518840968818398
0.0636390116589432 0.375920963734861 0.145229739756265 -0.156593456243381
0.258306911165918 0.195668866257751 0.00378012278282513 -0.287245394842274
0.296316805035526 -0.0805113555708653 -0.197245974987033 -0.202213636413497
0.155249963046821 -0.216323377534665 -0.234231544734246 0.00460194256852831
0.0130801204233735 -0.242646496079369 -0.120677583886506 0.0832423212976774
-0.112097355111525 -0.189020739458492 -0.040284141570471 0.0526303670861172
-0.138800158325711 -0.136189933651159 -0.00339805823835896 0.0217375251074459
-0.147677129344275 -0.134835683138588 0.0398003664218104 -0.0262690620736227
-0.0750989442426853 -0.216218236860316 0.0951204289715112 -0.0491136093567834
0.052712173466931 -0.23044088408797 0.168497975420128 -0.0224288743002418
0.207444752138718 -0.218718820282804 0.191868434197375 0.0968093836848765
0.312703894222281 0.0254607458483394 0.112897567701652 0.193955556848473
0.199612044890614 0.29218297521722 -0.0490551115679999 0.146563337950606
0.0334228755079262 0.407387726536436 -0.0295251853664081 -0.00430516626374796
-0.11524194335832 0.309947843514921 0.00743612296817818 -0.196581914287075
-0.00274168915738901 0.364725137498594 0.169288178490385 -0.224102588268676
0.209765293586457 0.233483770179886 0.0678372981549119 -0.292149403100335
0.293195499485593 -0.0342732935784982 -0.112301803438489 -0.23429254750128
0.169686828899714 -0.193862634963815 -0.176567107181002 -0.0851452522881399
0.0273910639240023 -0.232981396776748 -0.124550570048041 -0.0173498649184105
-0.0997694494053936 -0.190530035378849 -0.0821228512127859 -0.0269782349133077
-0.132535793018589 -0.134903779583827 -0.0549128330617739 -0.0374291189338185
-0.142295915665066 -0.129098377222993 -0.0118949017344497 -0.0824406120982828
-0.07501568745873 -0.200041160302903 0.056360800017714 -0.110816806344836
0.0469945499963579 -0.216916576635362 0.155255942058494 -0.0887055225042413
0.197946316617814 -0.20027797253035 0.201076479686658 0.0439845164581641
0.281446103994144 0.0364854374129337 0.133439629875743 0.15411418870867
0.156828086014141 0.266221760156103 -0.0413802449271533 0.105802718753815
0.00314394672403578 0.351007335458265 -0.0118011487043394 -0.112799221242459
-0.119846484811793 0.201057418090286 0.0730451436898742 -0.318388751572718
-0.0525689557184753 0.270415898042875 0.186851748102407 -0.275476286406755
0.124604597966058 0.201624632937789 0.117231428212084 -0.27940368484588
0.221349806459318 0.000476998031415815 -0.0358009423699073 -0.242325347128498
0.140826380388864 -0.139314104849607 -0.116635449260904 -0.151784545697852
0.0296713351851875 -0.178758939266373 -0.122301974726266 -0.102227264587881
-0.0739709216695974 -0.155263968537242 -0.116377259390192 -0.0951751739987853
-0.105493281627175 -0.111869596781531 -0.0990551399123177 -0.0901130339713284
-0.115364765742228 -0.10821921811886 -0.0566107779246596 -0.132024735871015
-0.0604656272599562 -0.163664897874338 0.0252611732337504 -0.164709188263176
0.0438770776659739 -0.179297491210889 0.145051305887297 -0.139096009617433
0.174772053641057 -0.148565975615194 0.205665029928039 0.00789315688067101
0.218852137655995 0.0603598817151264 0.139122917259311 0.124603620467057
0.0869412853784548 0.224234083349856 -0.0349750766909868 0.0717681742298296
-0.039255307678904 0.251923221375561 0.0112514648335554 -0.192347056397799
-0.0987334998651963 0.0560146417048314 0.117828670101989 -0.394159558740104
-0.0758848253509119 0.122711593874164 0.18262991308134 -0.30172471146096
0.0349620194789129 0.118171157515183 0.139605451364147 -0.263685633799857
0.110861253158447 0.0161891700653402 0.005781990293149 -0.238953498304578
0.0810608662967816 -0.0686429858713455 -0.0807719378494254 -0.187696833872154
0.0224816259021401 -0.0964046290342042 -0.122400805795597 -0.153581170767939
-0.0378269278972238 -0.0929704804275647 -0.140340309486051 -0.136532209689614
-0.0625636092404692 -0.0702429287664498 -0.128604398202051 -0.127276416657665
-0.0716327764639591 -0.0731264734238264 -0.0869663649075138 -0.169652399745617
-0.036893274047581 -0.109530958368836 0.0098012376428553 -0.207091971890867
0.0385792140772305 -0.124080908659363 0.147138509270949 -0.176104016931249
0.137498940663395 -0.0812067027799188 0.216156259051913 -0.0119151978894986
0.134839564123955 0.0809576565356712 0.141443916132139 0.109445587894158
0.00982976943824869 0.158483669650734 -0.0273415016874359 0.051524684431199
-0.0774869021543007 0.122665715548211 0.0416781469430713 -0.234847801143759
0.0796438689276867 0.00578879941179568 -0.0362828718560168 0.277768208376577
0.0344322399559171 -0.072651550362349 0.103717031205761 -0.0215087686656658
-0.0494260065778969 -0.05787084525821 -0.129936525144683 -0.159224593017541
-0.0647349816531364 0.0255652770188791 -0.272806278776107 -0.0148560493530315
-0.0169600842933452 0.0481547760738438 -0.205583893181445 0.21722786179471
0.000222840033205316 0.0327513385940737 -0.0257511136014474 0.274120460403569
0.00893558318789373 0.0352405100989837 0.0952745133509838 0.213164506537343
0.00946174943224182 0.0233251158911275 0.146731853898714 0.161015738982779
-0.0114881319066269 0.0194312809077873 0.162278881699182 0.145796968572805
-0.0252450056864207 0.000860125383289409 0.145303693603548 0.16671252398671
-0.0170641848341387 -0.00840488099230884 0.0886481569525692 0.201733121201539
-0.0123304676865073 -0.0378373870099218 0.00277985725173849 0.243646694027779
0.0452544877531628 -0.0376680205392819 -0.124058515716846 0.252535721053398
0.0939446269135127 0.0236410817320208 -0.215962454003504 0.272363458768937
0.0638538240186891 0.0809310528974159 -0.150527001392548 0.401631720389873
0.0736115381815928 0.140833705025956 -0.0771809954958429 0.266040448073938
0.0930476627334671 0.0390825358883923 0.105277667620451 -0.0189766924576914
0.0568841672237732 -0.0340805108007846 -0.122643137226743 -0.183939069069135
0.0169523938441161 -0.0398294756267434 -0.289414420724918 -0.0422247791782587
0.0086566454808763 -0.0358994378676755 -0.235017523106907 0.207284143238547
-0.0153336295342759 -0.0485800444845367 -0.0454034692400954 0.27211380216293
-0.0418295873223356 -0.0276248195472302 0.0803814619010091 0.210736984829358
-0.0433046514023338 -0.0295037469998257 0.133127359809315 0.154873044952248
-0.0575171698869766 -0.04515575988233 0.156269329466706 0.127151348029
-0.0265853564579881 -0.0941477711595906 0.15361744975284 0.142137291049413
0.0398626080540408 -0.0863940752450769 0.117277543963091 0.184047142406191
0.0967552291895952 -0.0714652560017038 0.0432540223512641 0.240056932941277
0.144148894977211 0.0324921945948451 -0.0753242000035654 0.25898319126401
0.115672261525941 0.169453308387943 -0.164968437724831 0.254649759476206
0.0399125448706307 0.240291881051473 -0.117617717133142 0.344149051726632
0.0382613247897645 0.260710574586504 -0.100448856988957 0.203080301908455
0.123600216406696 0.172984584452346 0.113109360624089 -0.0414541544878436
0.1626071559332 0.0239708119085196 -0.100098053994698 -0.221727926482072
0.121831223613253 -0.0904309925566753 -0.292336662720536 -0.0890080542930809
0.0514645624743437 -0.122904192027592 -0.26109966910076 0.170751609384154
-0.0185615176306851 -0.134886121560998 -0.0742100002820565 0.240761323330766
-0.0836493334251319 -0.0952816043357615 0.0481810774880446 0.181965808850776
-0.0903098792329258 -0.0778393413310843 0.0991919891846666 0.127122196012229
-0.100774292305863 -0.0948625036630596 0.131614770724424 0.0859945789140868
-0.0424158889703963 -0.16695380851926 0.152784234140317 0.0888153001944192
0.0641250705760528 -0.161273956469185 0.153480346586414 0.130343792715089
0.170066740509767 -0.134027827330484 0.106728742313331 0.214689296107582
0.240309241292794 0.0511282563524968 -0.0055514844297873 0.25748480300775
0.161315862153521 0.263042410514498 -0.112360730719657 0.227459195843268
0.0373145534435897 0.357084150696205 -0.0812204735645724 0.243482042566449
-0.0192369989050687 0.340916018445734 -0.0944254282697819 0.0922631643646151
0.11424376412794 0.301658254624635 0.128214100747885 -0.0891071808859207
0.240406431143815 0.11124975707017 -0.0552862530138886 -0.262104018011433
0.228827063993133 -0.105987217908609 -0.264175804285576 -0.149289733262387
0.106307300724151 -0.191949282798543 -0.265837341771838 0.0995027420986722
-0.00866079616237085 -0.207930854012787 -0.103378225116223 0.176769739030842
-0.109734883444545 -0.15423712042273 0.00460190401949746 0.128319079874608
-0.124418512534381 -0.115616608743405 0.0514786496444271 0.081221497552861
-0.13371510766999 -0.124319472172516 0.0910322015171774 0.031706720387118
-0.0642976604778088 -0.208417306050197 0.132638283441445 0.0206442767990024
0.0624489496301157 -0.213818476752426 0.174072577093806 0.0556723270993072
0.204006978046224 -0.196062948419699 0.162379236323985 0.163204872351371
0.302538896171649 0.0368866210607049 0.0639016472162876 0.234973143846552
0.199538446119786 0.300712562816042 -0.0726841939466615 0.190453779175452
0.0415286053457095 0.414527975595336 -0.052044406489136 0.121265586770331
-0.0795409348134539 0.360821640468419 -0.0548226640900348 -0.0512623243420302
0.0635132021872392 0.379649948801369 0.149559964042889 -0.155408668744968
0.258258753470402 0.196921223428082 0.00690873397380314 -0.289781898322394
0.297321681238967 -0.0810577522380464 -0.19695500908161 -0.204949555161346
0.153871588963817 -0.218873209772418 -0.235760667854381 0.00594508745154641
0.0100366750136558 -0.245583145032176 -0.122753820464143 0.0839312326880274
-0.115499988982861 -0.190783120065172 -0.0424407514198364 0.0538505524150227
-0.140105069012894 -0.136344665041147 -0.0023585561901534 0.0245358048358416
-0.149048082190265 -0.134742859100663 0.0400647296029706 -0.0265259547468287
-0.0778648919825142 -0.218212597954103 0.0978272196625055 -0.0487231636132419
0.0535688321195377 -0.233190145488357 0.171954232170028 -0.0225595418674138
0.207401136344484 -0.221917630799371 0.194164499242353 0.100042345199964
0.315851990378439 0.0250866771196069 0.111261681912585 0.195366380907773
0.201037150117274 0.294480235672837 -0.0515017529501213 0.148277065025712
0.0319919920255288 0.41089581174354 -0.0320365687134035 -0.00367720372820289
-0.117529385091122 0.309862328235678 0.00990975172608038 -0.197743767229075
-0.00349866611153433 0.370189412886956 0.174037475855765 -0.223111818528274
0.209673080467437 0.234734159480371 0.07195959415553 -0.294084582990967
0.294506594997441 -0.0347514461402253 -0.11095639621208 -0.237054873928646
0.168810056859741 -0.197052830161341 -0.177677045745824 -0.0843646310374471
0.0245732828526872 -0.236268160215249 -0.127168855656023 -0.0178507046851682
-0.103522281486038 -0.192253853442462 -0.0853375807157355 -0.026075938231498
-0.133878298070676 -0.135117744938063 -0.0557407240376273 -0.0353856626291671
-0.142857165441044 -0.128651841263706 -0.0122419459247272 -0.0823874601361489
-0.0775165285492273 -0.2017012358889 0.0583320349358417 -0.111723711043833
0.0475279129924944 -0.219896241169927 0.157752804407236 -0.0904275489284823
0.196386730931771 -0.203278137451483 0.204124849648508 0.0462430468071092
0.283605407414344 0.0355016305764418 0.134203874204914 0.155299429902852
0.158570530124004 0.269403546436052 -0.043126178062576 0.107251233525471
0.00139804715533359 0.351917043925949 -0.0149066519767717 -0.11209904225436
-0.122582404632606 0.200675190435161 0.0761796027289202 -0.319158459507067
-0.0540774163665752 0.273265454711304 0.191111283825502 -0.274266410333095
0.124477378206697 0.202976812029584 0.122300602915489 -0.281102921379887
0.221591412893397 0.001367705136902 -0.0337454499643546 -0.244853042147001
0.140388866086254 -0.140932414065015 -0.117773667114894 -0.152088576177831
0.0278701067284382 -0.181860479942583 -0.125203972078785 -0.103836427647541
-0.0763198964807172 -0.156735730778609 -0.121290676873547 -0.0941862675052846
-0.106609532623462 -0.112368903392167 -0.101324719015042 -0.0882432411003186
-0.115806624257275 -0.107703089099941 -0.0580145430280527 -0.131588626660854
-0.0624131573650928 -0.164753126260239 0.0264979127129048 -0.165987859162757
0.0442187377718897 -0.181668814374664 0.147499422356269 -0.140899187606645
0.174771826489475 -0.150524943921534 0.209233324284555 0.00934401250519681
0.220626987164284 0.060803544168353 0.139764785374681 0.125329502802316
0.0874944739921811 0.226338663578893 -0.0373356106289783 0.072973693072468
-0.0404373650349063 0.252824514443457 0.00786977075473598 -0.193142247532599
-0.100082206286136 0.0554921250168024 0.122567858682919 -0.397131758473942
-0.0777334363834976 0.123368670299905 0.186815241966379 -0.301105701256346
0.0342106951227859 0.119101498713197 0.14478527387951 -0.264872539573289
0.111149656969951 0.0170806632928014 0.00746084924362036 -0.241567120138515
0.0810395800505914 -0.0698566746233727 -0.0815711694247991 -0.18969684880104
0.0214625342034774 -0.0978693198269559 -0.126367986315451 -0.15555480164899
-0.0393886042530575 -0.0935988569682538 -0.145262038938227 -0.135530246174608
-0.062169257729307 -0.0709495025314273 -0.131651681385819 -0.125678017203738
-0.0710218230165691 -0.0730367913615628 -0.0885566830261115 -0.169817740177021
-0.0370765500584209 -0.109720209257631 0.00971944004474547 -0.208701151234471
0.0381233071281869 -0.125274418235118 0.149407666130783 -0.178109130931745
0.137861194447604 -0.0824598215797086 0.219822786649855 -0.00992842918394604
0.136653405980767 0.081864900211029 0.14264185203172 0.111126659411825
0.00938956471544244 0.160292317466502 -0.0294476352618913 0.052461534876576
-0.0786779963636576 0.122069035844071 0.0384566170635892 -0.235578755440807
0.0805881849275144 0.00535843437549736 -0.0302044827984937 0.284392304036101
0.0344401847964856 -0.0758997193939403 0.107584801636225 -0.0257329353142172
-0.0525938120321066 -0.0583847819503507 -0.137673510812482 -0.16203851819609
-0.0652639528129676 0.0281942474302328 -0.28296625779517 -0.0100072332777802
-0.0158849656336969 0.0504651528937035 -0.206478172027076 0.227823618214632
0.00140986807216529 0.0352429091574344 -0.0178991852581849 0.284109853424047
0.0107843303594378 0.0363101353930591 0.103864545328721 0.216497108385841
0.0103013235530985 0.0234630158986942 0.156651724937248 0.1593467768575
-0.0115975747789518 0.0204418703166402 0.172540950928179 0.144001301960872
-0.0264604511392072 0.00115462281073822 0.155347367648683 0.168844301657511
-0.0172430667943288 -0.00927871414358957 0.0951597522455153 0.206682247990287
-0.0135149117704776 -0.0385155830466775 0.00696923301706389 0.249495821334869
0.0457699167942091 -0.0391870680602401 -0.12549765391855 0.261538750891299
0.0973831852496271 0.021910505986291 -0.217826445439156 0.28459341169138
0.0661354853804119 0.0831810371969051 -0.144900255977863 0.416909782839941
0.077755759344886 0.142313426177719 -0.0722559290136552 0.273330622685748
0.0974985461115845 0.0375777292012367 0.109943835806194 -0.0227290969232515
0.0562001465613664 -0.0375537466795433 -0.129829767242759 -0.1874324766479
0.0158372122528594 -0.0420441353954532 -0.300409889277474 -0.0373434952586614
0.00760677530895453 -0.0364597879591955 -0.236075492691877 0.219881524065839
-0.0176996433505547 -0.0483413708188129 -0.0390477845653385 0.281867428502835
-0.0435698426815298 -0.0265090228349235 0.0880893475266566 0.21434558764108
-0.0451443569514915 -0.0289043380842478 0.14268832141019 0.154061186386524
-0.0607719719964487 -0.0451606679879479 0.165365170352656 0.125468328909569
-0.0308246922726533 -0.0963641283224731 0.163821984516152 0.143085714149056
0.0393719313883031 -0.0908664505510537 0.124445989772864 0.187483793687389
0.0970112075865951 -0.0761840729379187 0.0482344080873651 0.246481950383715
0.149126701438289 0.0302452610864391 -0.0751200742652003 0.266167924956437
0.122933172093529 0.171707306749508 -0.165959137697492 0.265025438807313
0.0444729660103948 0.246276216353801 -0.112233516786916 0.357074290284049
0.043539509426489 0.264784110609962 -0.0967121213803256 0.210517285780383
0.132362586852411 0.17501944791631 0.118020037273573 -0.0451396979531721
0.165532073236335 0.0197059173401551 -0.106192841233597 -0.226717675304418
0.121542664711595 -0.096663170261775 -0.303376896633328 -0.086310515398724
0.0486599736957401 -0.126786047553698 -0.263159030265006 0.182714218277852
-0.0243492684043474 -0.13727852951544 -0.0704101338728748 0.250487116748847
-0.0889525614880074 -0.0947584359126955 0.054503756588555 0.185964328469786
-0.0945174992330944 -0.0770132608126746 0.107322880405477 0.127521660261056
-0.106003803984619 -0.0943204643137285 0.138667586122201 0.0845234359517034
-0.0497134462046362 -0.170499062748309 0.160421143933488 0.0884848770533646
0.0624508859433151 -0.16852913742064 0.161517297314815 0.131699073792249
0.171163308125307 -0.142826905999771 0.113762086165866 0.219104799418516
0.248278480865376 0.046607327319436 -0.00272249932639024 0.264077111841492
0.172495464330465 0.267672096034519 -0.111921231537787 0.236836260433693
0.0442180884172805 0.366073699481185 -0.078407913131916 0.25229227884581
-0.0138109923936873 0.347868478799025 -0.0925354331772868 0.0971264979339314
0.125507981887684 0.307470142212209 0.132896628538953 -0.0934919260720441
0.247729334057749 0.107895602446826 -0.0605274759977049 -0.269213308320691
0.231168516697314 -0.114819727075253 -0.274615264492073 -0.149556530236787
0.1028025667863 -0.19925456542094 -0.269226040572489 0.110387518273354
-0.016697474121408 -0.21307270691718 -0.102046635656966 0.184793810056941
-0.118166351264875 -0.154950705593959 0.0074456280302258 0.131854487310764
-0.130595479363597 -0.114959050976954 0.056582139101637 0.0832683048772123
-0.140133329105331 -0.122821716297498 0.0947643552463957 0.030249361501178
-0.0736589299706053 -0.212681128673736 0.138998819815178 0.0186411370932562
0.0598186191346476 -0.223764035141057 0.180759840756278 0.0526168370123696
0.203077748581749 -0.20633557598359 0.171034964634059 0.165274894849153
0.311609743847215 0.030272031779114 0.0685389264238987 0.23943249493881
0.212657604398093 0.303817441149422 -0.0719158470870778 0.198098161301811
0.0503261357707881 0.42471403694661 -0.0525775630405923 0.126769021001694
-0.0756536545093303 0.369937104529469 -0.0546548295537004 -0.050366514390463
0.075200578010841 0.389716534693972 0.153290574659875 -0.160954165423623
0.268562139874706 0.195692048393858 0.00463876978411387 -0.297578340578041
0.302487515480313 -0.0906432665268293 -0.205873013062215 -0.207782561694941
0.15053630545968 -0.229189960332829 -0.240370650540921 0.013974413499345
0.000930910807192466 -0.253030044122114 -0.124618737186438 0.0895347116613034
-0.12556271074049 -0.192774539483322 -0.0434238756679618 0.056942531309304
-0.147653211979468 -0.136140467683601 -0.00112860498552391 0.0269809110947622
-0.15590235041444 -0.132840154342677 0.0411494319397758 -0.0278135657136904
-0.0875868824760031 -0.221626650005589 0.100462549517457 -0.0520792577752362
0.0485313035468286 -0.242726685752116 0.177146838796973 -0.0282161916994727
0.205041220240876 -0.234540414894576 0.202689592344119 0.100536722129316
0.324678009213505 0.0170578285556505 0.117644357005854 0.197986905025894
0.214696362317641 0.299643850526444 -0.0507050971940387 0.153904277361734
0.0401575936139348 0.420759445469059 -0.0358316579507445 -0.000987091125397142
-0.115124682105032 0.317967221565655 0.00774420771105823 -0.202078743214956
0.00516290353636795 0.38007158831774 0.175591453951152 -0.230208844763939
0.218195443000584 0.236265305150778 0.0706344405329034 -0.302988747837182
0.300545645274464 -0.042231539844344 -0.117641701316008 -0.241680871431512
0.166797567161058 -0.206979149458718 -0.18300760481746 -0.0805978891269217
0.0162537998243247 -0.243407392021569 -0.132555324032247 -0.0155362532499117
-0.11328176771469 -0.194475843422715 -0.0905567192379705 -0.0234087903630851
-0.140862880722383 -0.135062543583785 -0.0580327680967522 -0.0323726526448694
-0.149388103038582 -0.127329736093248 -0.0144075294662002 -0.0837108433923194
-0.086204559306006 -0.204535354226966 0.0581031043412071 -0.115795651429687
0.0434529066732449 -0.228364750417643 0.160894824195113 -0.0970760773894252
0.194125468504383 -0.214414985091249 0.212600776126438 0.0450864913687931
0.292353841121392 0.0286948811613396 0.140038062957931 0.156205366839115
0.169592256913228 0.273966115290409 -0.0432279047635242 0.111167406080983
0.00836300802213926 0.361387417756336 -0.0209290913503693 -0.112568544954648
-0.122511922189992 0.207038081827552 0.0736369155510403 -0.329632202892494
-0.0501992522893995 0.282058289087225 0.192066594117526 -0.282879641911057
0.130808397920363 0.206386062895601 0.122429552579854 -0.290938014585353
0.227212022984813 -0.00324941664413713 -0.0382821157193122 -0.250549545734371
0.139098666884798 -0.149112143393184 -0.122978608942086 -0.152238442386537
0.0221638728730531 -0.187441185516796 -0.133639681323867 -0.104191039562298
-0.0845968153947329 -0.158306881141442 -0.129665177223644 -0.0921991231939629
-0.111913526909852 -0.111967358975136 -0.106736872900972 -0.08486989243637
-0.120402820684376 -0.107131991336011 -0.0629617406644316 -0.132500272501147
-0.0684770787485767 -0.166553568797213 0.0235239484014586 -0.171099529167502
0.0410062404535047 -0.187546430893585 0.149119559863339 -0.149703554468291
0.174057786084783 -0.159531988494517 0.216010631080114 0.00683609105096604
0.228486623056072 0.0567158356970672 0.145976372687486 0.126067118199402
0.0948781710935635 0.231145749835472 -0.0378005356579212 0.0765586916287593
-0.0370201719636926 0.258571011526955 0.000318378491779744 -0.196022828856003
-0.102395937107342 0.05799983637842 0.11919850169785 -0.408962705507855
-0.0779533765927806 0.128549856315751 0.186161235567128 -0.309493145037294
0.0377632372479418 0.12147265159713 0.145502707102502 -0.275580422938586
0.113848643222138 0.0159572483533927 0.00507105389511532 -0.248479807749816
0.0801666024691302 -0.074003909596867 -0.0876237039103375 -0.191968387369256
0.0192809312387493 -0.100911407699518 -0.136215042344869 -0.157362720241897
-0.0437457913274701 -0.0947807272171795 -0.156008610776717 -0.134417810836232
-0.0653151737194522 -0.0713424783817971 -0.138989167152274 -0.122669473069547
-0.0735433100068607 -0.0730530428165608 -0.0956900356701305 -0.170238729419614
-0.0409027249302321 -0.110667756712607 0.00510720044583532 -0.214362133289903
0.0358027997110176 -0.128995328218629 0.150302142348262 -0.187337481948496
0.138680629021293 -0.0880508746415549 0.226707453646026 -0.0146159559676868
0.142138577724802 0.0801194159581503 0.148748597178138 0.111873157389136
0.0126339121887046 0.163894135357797 -0.0302424102717188 0.05526287093207
-0.0784330801077215 0.125084799321863 0.0298926818384656 -0.24019883211581
0.080992143893894 0.00297241027945142 -0.015604593689165 0.290790152608081
0.0316207873732814 -0.079800729299177 0.109278734794767 -0.032578328677918
-0.0574486035818566 -0.0564974532205343 -0.150538149286527 -0.159426807683146
-0.0645174501230546 0.0319141512388098 -0.292423162844053 0.00480480846753094
-0.0128352808254027 0.05278785943377 -0.198097969929306 0.243886253262409
0.00413753223699516 0.0372455280308682 -0.000900666509770391 0.291713443812308
0.0136644744567276 0.0372149036631838 0.118696750904343 0.214660742874574
0.0117694195152786 0.023456986201395 0.169541684989153 0.151596842371683
-0.0108978950073262 0.0217651130660733 0.187047946020961 0.135786980447806
-0.0279159359831627 0.00340582778435989 0.170287113740043 0.163780035440531
-0.0179592678221144 -0.00959594852569026 0.108489859595486 0.208305122479369
-0.0155793237042502 -0.0385287755977223 0.0182909647989137 0.254079401307386
0.0454056496905613 -0.041984690419921 -0.118573112799068 0.27344981766693
0.101261545574127 0.0171166219861813 -0.210115839046282 0.302028006598181
0.0715321142292486 0.0827857257647585 -0.124312357071251 0.432881105363315
0.0845839358534266 0.141953128844229 -0.0582868869565922 0.282473973255543
0.102403745380975 0.0327931193083314 0.112730741027785 -0.0295374108890219
0.0541315268089322 -0.0417175053717361 -0.142988255202153 -0.185528419484189
0.0136989283498839 -0.0442716040473524 -0.31056645701208 -0.0227607301025306
0.00575466395782705 -0.0369787768035118 -0.229206105195341 0.237081793976427
-0.0213551137869684 -0.0469117634410543 -0.0232066015420453 0.290450203611684
-0.0457565409483978 -0.024576025037248 0.102657893920046 0.213440177893514
-0.0476335933627894 -0.0263924407273733 0.155373989462027 0.147867449679162
-0.0649493375680215 -0.0416999481103113 0.177878510153095 0.117628503667676
-0.0389285148288011 -0.0958827715577737 0.177645341039178 0.138203468847327
0.0347413228602794 -0.096452182417254 0.13800627025822 0.186830198838259
0.0948065626596345 -0.0833469656304261 0.0614812858521569 0.249489556807195
0.154635065737383 0.0227410499155387 -0.0662730835861549 0.276218443024092
0.136140666153338 0.169420458569806 -0.15792212992061 0.279675616426024
0.0580827682127929 0.250298944652325 -0.0960075554048251 0.368793621507684
0.0564844259515525 0.266669953089344 -0.0862790544922436 0.219382302846095
0.145226869848473 0.170669608514258 0.12047468654196 -0.0521664124477345
0.168192364372898 0.0107587287555854 -0.120378492675478 -0.227226303204158
0.117889012131177 -0.105836730682797 -0.315422720976538 -0.0733941018596518
0.0420006247355 -0.131956764613128 -0.257319891358102 0.201476511194977
-0.0345202388723284 -0.138297956983062 -0.0572730819058882 0.260159140827043
-0.0972220639087702 -0.0906515700409075 0.0659840182411324 0.186563354919695
-0.101257775705326 -0.0728773999690741 0.118014600040831 0.123244853552603
-0.113532116240724 -0.0890240825369171 0.147095910128536 0.0769770818458827
-0.0628890003399986 -0.17106691409208 0.171465862056384 0.0814135414126542
0.0544142743514901 -0.176783359444916 0.172457373092453 0.126868104708042
0.165560035936137 -0.155531121156473 0.128247863432804 0.219690600865541
0.256260211226065 0.033736162089645 0.00838011735371532 0.269380559957113
0.190828095399053 0.264274759992684 -0.103790520267673 0.248143266048333
0.0634791950042043 0.371795666789707 -0.0678663904152261 0.262856149513952
0.00175375765505742 0.35554740205342 -0.087567680768552 0.104046550940705
0.145872107983436 0.307621850813731 0.133356963992717 -0.101764214395354
0.256377438878079 0.0959587273476577 -0.074148569093732 -0.272649612829039
0.227728320517545 -0.130775723175641 -0.28883091600009 -0.139132173912446
0.0924116387129696 -0.208927997094 -0.266584971314509 0.128801078036402
-0.0319263823867229 -0.216158020040277 -0.0934897041765309 0.194962336308746
-0.130778595532223 -0.150617306110912 0.0147179828943834 0.134522881353239
-0.140383594057846 -0.108853397007968 0.0635632349659073 0.0816480855242096
-0.149382110439709 -0.116440360445428 0.0995282073191023 0.0252946149982993
-0.0894375739541627 -0.212369356858593 0.144818049201853 0.0112101316376941
0.0473168318350282 -0.232429900651508 0.188862643106553 0.0449202474858224
0.193398602239361 -0.223108616797704 0.184680077472706 0.161614744044204
0.319836162290209 0.0131889913177855 0.080969629207769 0.240107060065267
0.235958787952733 0.299672963776734 -0.0655353973448003 0.205998838993587
0.0726295953586451 0.431391914702966 -0.0488599353297179 0.133451536804632
-0.0592930557962033 0.378982763966157 -0.0568495146588928 -0.0484520327973831
0.0984815009700672 0.395110690165139 0.150674264543711 -0.170613993709156
0.282153382553775 0.185089610606708 -0.00824881953010002 -0.304310740988582
0.302100496703247 -0.108616073947156 -0.221279511022887 -0.202328166046369
0.139312643065068 -0.242054748660625 -0.242302334782623 0.0298289160846875
-0.016292697618861 -0.258341611862461 -0.1226662902105 0.0986844050798434
-0.140977882627173 -0.188239864072813 -0.0423668115787144 0.0611688262377688
-0.158375521649916 -0.128951592244576 0.00177464818802532 0.0293699973428321
-0.166200280004539 -0.125179578023444 0.0407537003427406 -0.0307974351670771
-0.104066342521819 -0.220837186947257 0.101699137281892 -0.0586052201699926
0.0361149024680124 -0.252080603731712 0.180273471705333 -0.0387353004869184
0.192609361524918 -0.251756820117605 0.213838125362209 0.0937956296455016
0.332331793676445 -0.000973232462714333 0.12876276098839 0.195109703794219
0.235666840800431 0.295393103683897 -0.0453153080332183 0.159916715659051
0.061874565526709 0.427756265387666 -0.039183870957466 0.0030368711795805
-0.103106247089277 0.329281701182701 -6.7164146658392E-05 -0.207190533919855
0.0264492314164192 0.38872745938455 0.170150595199659 -0.241250009564208
0.235157967957782 0.229689706739225 0.0597463091056968 -0.313147064459558
0.303673238989126 -0.059242950825645 -0.130919258469113 -0.241545318833369
0.157191727788306 -0.22084573291928 -0.188473987916515 -0.0703487167841695
0.000225374861513218 -0.249235793444884 -0.137542877774724 -0.00764916514033922
-0.129492830616501 -0.1902295916394 -0.0959388550511857 -0.017729343936675
-0.151585908769057 -0.129035756380105 -0.0606432474579505 -0.0276459295391381
-0.159125671295667 -0.120365654693921 -0.0194879223700978 -0.0837257088850189
-0.100894236575899 -0.203059973123628 0.0538005965912087 -0.121980166551794
0.0303084247785844 -0.236413818174359 0.159787275814206 -0.108724928362597
0.183328734642501 -0.230541380986094 0.221764875213393 0.0357510756579552
0.30031367150823 0.0129612934961115 0.150375290934562 0.151768677125469
0.188067758176628 0.271155132766565 -0.0395266445017127 0.116771935898322
0.0264641605178778 0.367122650950736 -0.0306762288850918 -0.111407845733036
-0.11561123472117 0.216157296697539 0.0602820284015375 -0.340025388963859
-0.0357372634006472 0.291643890208769 0.183352274048946 -0.295982337092437
0.143523225923824 0.203504785958737 0.112477170894374 -0.302925664377639
0.231528986414451 -0.0155019507521038 -0.0503898437956272 -0.254168434991393
0.132432168427557 -0.159737361475412 -0.132219183330469 -0.14633157131445
0.00909692041187348 -0.192674639602077 -0.144418871673395 -0.0991025101282768
-0.0973769875924354 -0.155597528638042 -0.140557590553826 -0.0844667702903968
-0.120817862702675 -0.10730418712393 -0.11407004859812 -0.0779922952610441
-0.128333220408527 -0.101714260876014 -0.0720619877875215 -0.129998163361496
-0.0799113695603495 -0.164972230922439 0.0146432581720461 -0.175502014843317
0.0310993095878909 -0.194054597732271 0.144973013551225 -0.160923279131568
0.166814653668647 -0.173833779933278 0.223623538799236 -0.0036828489735096
0.235302906508017 0.0443672097255606 0.156452184631591 0.120436074258655
0.109502260931541 0.231330675064831 -0.0364557690967857 0.0808660394632285
-0.024828603425918 0.264505497988023 -0.0144622997155041 -0.197252773704666
-0.101836871727185 0.0639120840088405 0.100430059786775 -0.423994671959118
-0.0728161072743426 0.13554925525825 0.175711076756444 -0.322539296052425
0.0440082568986327 0.121761130275648 0.136188086627707 -0.288529836961333
0.116939628878618 0.0104407621745078 -0.00593350390470832 -0.253439796496774
0.0764888411042336 -0.0799852720550358 -0.0990532647563211 -0.189735616090162
0.0129646806893262 -0.103896383734889 -0.150248683251759 -0.153026234176121
-0.0514309556216995 -0.0929759836425522 -0.169524384696849 -0.125428457345907
-0.0709004691232909 -0.0693155227336133 -0.1493353011846 -0.113692402289823
-0.0784041768457821 -0.0696533656761973 -0.107230267511661 -0.166361892093509
-0.0475708531090841 -0.109881681659123 -0.00707597055149409 -0.218330301234668
0.0297315317022442 -0.133566253768485 0.144271268890199 -0.199708797292497
0.135695980396068 -0.0977932367844432 0.23238041110872 -0.0265767833267072
0.150171056071719 0.0741844079704984 0.158565908958912 0.105817903095866
0.0213681557233816 0.166907125331647 -0.0301725096065298 0.058918063755064
-0.0747591218036765 0.130841941587464 0.0144819168620782 -0.244002993833182
0.0731649288679756 0.0373694855724244 -0.139851550712617 0.255560430434853
0.0620030209800288 -0.0592882755691896 0.113539701483413 0.0192140699240771
-0.0281904621718512 -0.0724062911144987 -0.0679065583800425 -0.20639090364969
-0.0689561106343738 0.00390785399974402 -0.268272113179957 -0.118996501546216
-0.0294863918900801 0.0433469604464277 -0.281018540815996 0.136996687870216
-0.00906916623640642 0.0361761505871205 -0.125063010085294 0.262187137226608
-0.000286737063137758 0.0414642506849633 0.0164786000650285 0.24276252797343
0.00191294382340911 0.0269948903336314 0.0910732682617939 0.204651391281378
-0.0181697200383364 0.0146137174276957 0.113682735829073 0.198252837369265
-0.0253840705799815 -0.00854675459846922 0.0863043938866522 0.218515127718429
-0.0109703497793721 -0.0162185024391125 0.00840693598826909 0.234236540525762
0.00347832088057 -0.0371229408218791 -0.0935066292367874 0.232740016404817
0.0582809357033507 -0.014079808258894 -0.229318074085276 0.19301917460523
0.0818080041702362 0.0622113911163046 -0.328228135411161 0.181530145839064
0.0295606936041916 0.10695812081072 -0.314174623655202 0.330653157740641
0.0169788726218608 0.164318207969108 -0.17082611501556 0.22886758453615
0.0781751757470427 0.0738424164527111 0.115016766544076 0.0188348266732117
0.0656324347507926 -0.0115361967525929 -0.0513339335618044 -0.229757432172471
0.033285644326008 -0.031567429117454 -0.274912383652152 -0.155103234686145
0.0254651062830557 -0.0293489891190272 -0.309295245087836 0.116923563996852
0.00310902199599121 -0.0505625273963606 -0.146890915283861 0.253609805970049
-0.0301538926426428 -0.0391961065191608 0.00133613021140935 0.235126791590029
-0.0308920049711445 -0.0441460873617587 0.0798276599059151 0.195227844281863
-0.0407216176902942 -0.064318349085331 0.113407511357737 0.177773671656618
0.00459900164469421 -0.103292075315081 0.104954364157765 0.196668877772664
0.0738567955219817 -0.0741130197804906 0.0472606232384691 0.22720793308414
0.121509628959094 -0.0320775005878236 -0.0503437168654803 0.25033731565444
0.128658241161348 0.0909095907509248 -0.183432145764552 0.221417938719869
0.0484684238394987 0.214262377098696 -0.275712696170409 0.18368900670557
-0.0531930399520865 0.251317988412251 -0.262506039669103 0.286887513578791
-0.0637343164076119 0.264794084134038 -0.164709183655877 0.161669474992501
0.0578685454154651 0.21779931131852 0.133213832983937 -0.00166023116766434
0.145818331957165 0.0851679785245174 -0.0120663242205411 -0.261032980128558
0.151115928267689 -0.0424913418090216 -0.259383039685547 -0.205252180137981
0.0974239317327166 -0.0987917277377139 -0.323961800489161 0.0707159349940947
0.0280112524902279 -0.138793013496347 -0.167751197161985 0.211713804136542
-0.0496064769415306 -0.121587463544021 -0.0218013391837496 0.19629002338489
-0.0606029147722095 -0.109327946042778 0.0549260948878135 0.158639277316208
-0.0656359507698626 -0.126953831056747 0.102482270814367 0.129277328253971
0.0119209474712783 -0.181784450017941 0.123394534688159 0.143600084526486
0.124780407722642 -0.139350269090416 0.107333353560841 0.186914263676248
0.215435616676018 -0.068652645427697 0.0261634640118189 0.253532134216771
0.216169230008034 0.144840498901187 -0.11165242157822 0.250874469186888
0.0598752920828719 0.324073816487879 -0.2148249548715 0.179579736430447
-0.0993518797175801 0.362527585978643 -0.189365783338719 0.202546676727673
-0.152391260895441 0.320118012578619 -0.113851518618276 0.0568806334255771
0.000703515007997993 0.342886382526108 0.167962330847275 -0.0428826909030201
0.188465685409847 0.201370617167674 0.0508066520682576 -0.286127332380598
0.259372616514467 -0.0184367897384923 -0.205928113448077 -0.256854968208714
0.174385517584215 -0.146385387408546 -0.303591139109935 -0.000506245939964683
0.0616548986801227 -0.208706103691098 -0.174362011736101 0.137276905958721
-0.0568931255058799 -0.190556213449289 -0.0469438564145346 0.128136175585375
-0.0811380221362951 -0.159692943328154 0.0229378989077133 0.10076996526494
-0.0870595789971816 -0.166818356425569 0.0808415482752694 0.0627830356560541
0.00454036607683312 -0.230239224317599 0.129800354651925 0.0691345332198242
0.142753868362732 -0.19338690151602 0.158263165789952 0.118418014671521
0.26840142461614 -0.118760865441897 0.104585073278278 0.225868642250375
0.282991876672302 0.153039516266991 -0.0317985499875693 0.258835904473141
0.0854108332172163 0.374192325441345 -0.161990918378426 0.160043532699021
-0.11642222753908 0.419834077051625 -0.114260249601817 0.0947911741216701
-0.220353027712526 0.316689311085619 -0.0189749440894637 -0.0659075575169127
-0.08112884433718 0.402049467442907 0.215974194040802 -0.0983775723322641
0.172715925834105 0.293186373378882 0.125571849567099 -0.287666093863977
0.315965639236378 0.0326317883776824 -0.115848990737851 -0.287134720894131
0.22919928528038 -0.154655491561402 -0.239330541074591 -0.0824528704589704
0.0924277036853116 -0.240481885057039 -0.159840138791128 0.0381384941052649
-0.0512948720638515 -0.229579493592686 -0.0681858988817004 0.0385223844038054
-0.089914080582928 -0.185379101674751 -0.0118434674800501 0.0279073941652191
-0.0980566060615192 -0.182224088574266 0.0501935814042795 -0.0116701721451381
-0.00561508550711185 -0.243830282030973 0.118855514365697 -0.0116300935117627
0.138186264835199 -0.215897374994365 0.186230555400791 0.0394109216071496
0.279572428477222 -0.14630199248729 0.161959016631723 0.177135016061685
0.30107808638495 0.144461337080904 0.0327605534856041 0.239268982343742
0.0872251110181876 0.36986911472284 -0.123932898054577 0.126880454061903
-0.124483758816068 0.410584575573951 -0.0458748879187023 -0.0182505007046274
-0.240123831219943 0.254014801610908 0.100049457294852 -0.184920339210677
-0.14611301035077 0.366951288950051 0.265828159112011 -0.153062570245888
0.109454637576062 0.312996442772606 0.193415370157401 -0.264415198008762
0.295576397199266 0.077875499990939 -0.0153413984873079 -0.284038122146039
0.234951731765128 -0.129199831703821 -0.147508596597022 -0.150446747854687
0.102221314142848 -0.225881560724495 -0.127889736163892 -0.0657134264101943
-0.0403976529023786 -0.226747188918843 -0.0836260440644356 -0.0555024428084436
-0.0843268905437261 -0.182819720145282 -0.0449287207998 -0.0477260470026387
-0.094212029663942 -0.173443689163103 0.0184431893343165 -0.0831685526647187
-0.00942872067263791 -0.226217580571139 0.10118210752678 -0.0875516014744224
0.126465961239449 -0.204639120296845 0.197133271039365 -0.0325947526932513
0.261480780034335 -0.132189735647479 0.193117045167298 0.129011757666062
0.266035442516588 0.141649681342179 0.0713429133842597 0.209132011982086
0.0545537672740199 0.326332299473566 -0.0979324210781661 0.0891788025484363
-0.131443973434799 0.341657450216011 0.0153692140610012 -0.117050129079925
-0.203550778571285 0.146776268888427 0.210349102252196 -0.28006294883497
-0.161033677164536 0.251920932615725 0.299314681956285 -0.192600183680693
0.0380196204069634 0.248681816386186 0.237805931584352 -0.229581638635153
0.210850446352415 0.0860465486455108 0.0655900624203122 -0.257726838569783
0.185405356504715 -0.0848774297148768 -0.0611384688768752 -0.193942624066561
0.0867785708742741 -0.169753602407198 -0.0935393611243795 -0.151967574948193
-0.0268502312492698 -0.182385905485938 -0.0949886718523964 -0.134640972583476
-0.0651899585326088 -0.150117739353924 -0.0723028243426258 -0.11474979278828
-0.0746052265459549 -0.143952809462485 -0.0101915952024979 -0.146059446832673
-0.00603916660698278 -0.182632325933575 0.0881884592393171 -0.151645868631666
0.109003638749103 -0.1653184704564 0.204596062237697 -0.085543727838886
0.222390741330067 -0.0882883688440244 0.211245969270587 0.0946359928523837
0.194424918611733 0.143070419530511 0.0887913879168873 0.182809204870077
0.000645476742324933 0.255336078822016 -0.0779825238142599 0.0570499592870423
-0.135363145137172 0.226910398623293 0.0708217550333373 -0.185549253975549
-0.12661829279048 0.0155163279909709 0.279875631375848 -0.338168277925532
-0.129816691497566 0.0946450861330418 0.303121617727422 -0.21536922936046
-0.0170867253914564 0.130889132010946 0.25210371301498 -0.202276074212509
0.0971710750076941 0.061295440768499 0.10549358421993 -0.234587292048684
0.10050288294525 -0.0366432069869458 -0.0097271705762895 -0.216993421962523
0.0531331804449826 -0.0873456978358613 -0.0738641573260164 -0.203747669418995
-0.0101622456788171 -0.105900013585265 -0.103149223015703 -0.183356481395811
-0.0361162501841854 -0.0935197842329862 -0.0888769629607217 -0.160854713172966
-0.0424836458842269 -0.0954717842073118 -0.0268814748396156 -0.191521320362247
0.00128340866423333 -0.120011479549376 0.085635401146631 -0.198009186438654
0.0819127335014789 -0.110822124628437 0.218698652608043 -0.119859106034995
0.164199210022779 -0.0337016037583209 0.226061228316969 0.0791158913655368
0.104109963482302 0.132362443327836 0.0956922027938861 0.169546816947575
-0.0524706053512547 0.15963248732969 -0.0599042500811823 0.0391160208338474
-0.123566868717784 0.084244117957127 0.120545128992696 -0.214528403157924
0.0722826224159323 0.0344810507083701 -0.11986930376693 0.256388146029062
0.057091721476266 -0.0616910762875419 0.112554649744659 0.0116442102179426
-0.0314240776617231 -0.0679704812274412 -0.0788458057636259 -0.197090851743041
-0.0665878564597508 0.00742547127768302 -0.269758263182497 -0.0992038531119329
-0.0258206675938001 0.0443058009958689 -0.264784369382234 0.150224444486846
-0.00595255360129922 0.0371319532237445 -0.103496386177519 0.263013536581046
0.00353203848395277 0.0403675059068061 0.0319108214705015 0.234531478003885
0.00394520626037156 0.0258856953006119 0.102858506538015 0.191264453549937
-0.0168982068320884 0.0166222492916079 0.125282895212811 0.184993638818608
-0.0255588217361344 -0.00674214145507054 0.100116912298368 0.208171433159199
-0.011631510649076 -0.0151932546492562 0.0224224535269017 0.228870660941493
0.00153030284116735 -0.0357096451179307 -0.079540726251215 0.23161629990494
0.0565605404409688 -0.0171720087658486 -0.214615612921315 0.200107108547778
0.0839403873006682 0.0550466081877765 -0.309389743859129 0.195203310045957
0.0349479664360453 0.102782118826071 -0.285409534763762 0.34048591368156
0.0246196546344754 0.159275557463985 -0.150846743255155 0.232631982598811
0.0816042495324802 0.066233861556174 0.114834036863957 0.0123736637302255
0.0622491244980339 -0.0150519828041314 -0.0637191139575035 -0.220886502121588
0.0293585138969071 -0.0338266456018307 -0.277679784783116 -0.13369932693524
0.023168828976885 -0.0299294971926648 -0.292806612580698 0.133102766299448
-0.000690026533580596 -0.0482840420594281 -0.12557470173024 0.256495373916002
-0.031445886979467 -0.0353583955562776 0.0161328734769244 0.228093705591751
-0.0326940263835539 -0.0404028071521466 0.0908944838056167 0.18313987376922
-0.0437876809922375 -0.0594021933636818 0.123189879283629 0.165111415984548
-0.00320167876855128 -0.101186398147942 0.117006244253535 0.186651465026962
0.0678986131500638 -0.0779843564324925 0.0602808291333206 0.220105902679308
0.1156828266139 -0.0388773874629541 -0.0347337788942084 0.246195491708973
0.131276132317266 0.0813864429673151 -0.168221787348003 0.224307307391944
0.0612262074815454 0.205851746801186 -0.257434775640492 0.194720743469032
-0.0372337737598088 0.247494836005508 -0.237682520273683 0.293746076813947
-0.0486054122842763 0.260331740474574 -0.149154527751419 0.166375993329016
0.0709753127415437 0.208380038299695 0.131812498500098 -0.00778260988797254
0.145586661342291 0.0733857153162118 -0.0267490496744067 -0.253259374979193
0.142806353025946 -0.0521770890254187 -0.264463801292662 -0.184577119784234
0.0880396815943086 -0.102327701195771 -0.308844493915966 0.0894510143703191
0.016713850739503 -0.135910608144633 -0.14873708288228 0.2170661483174
-0.0570524929868505 -0.113755277644594 -0.00864527579451852 0.191430133707708
-0.0657612706668918 -0.101324144982255 0.0654315809551275 0.150239166205426
-0.0719491445535115 -0.118202429299412 0.109365070249789 0.1182244648651
-0.00136633186449716 -0.177950621728036 0.132002379368772 0.132961848960836
0.11264674034291 -0.145830189811613 0.116341643335064 0.176906090646963
0.204041338108041 -0.0809481954727608 0.0404056448570992 0.245180967707804
0.219289988416231 0.127882969699318 -0.096626608046136 0.248977557598445
0.0780592498454537 0.312934272021292 -0.200090506922006 0.187390755666781
-0.0765819174268733 0.358796959184396 -0.172892253234911 0.209026714578271
-0.130469409431771 0.319814950061157 -0.104866315318609 0.0628957734834232
0.0216096461775347 0.333880451204912 0.163955215609329 -0.0493380356970882
0.193659525667562 0.18386272937084 0.0335279808054859 -0.280014967537994
0.249581971688804 -0.0352832106596032 -0.214974981406927 -0.238160356777909
0.15965645897435 -0.153211105688802 -0.293265339703688 0.0191457833534766
0.044165838450079 -0.206342474879226 -0.159957845073959 0.14500117818961
-0.0690033340672802 -0.17986093390264 -0.0380214284126802 0.126897758537787
-0.0894458657606094 -0.147765000297594 0.0303848476103328 0.0955949410260595
-0.0956222717105229 -0.154852014685369 0.0828552256137205 0.055167606354307
-0.0118886446368503 -0.224377958438675 0.132253810372139 0.0599919180112745
0.125587070111393 -0.199196317706854 0.161881509589579 0.106463643841365
0.25109418248957 -0.133195406832012 0.116238731777656 0.214456094783271
0.285157209004734 0.131440094421379 -0.0175140786410721 0.251600325698919
0.106024930694467 0.359734350351912 -0.149590915119751 0.164926066010625
-0.0908274618243014 0.415471572698148 -0.107505899964891 0.100668599936514
-0.196367772483395 0.320339927609913 -0.0197089181462651 -0.0626524403644722
-0.0544690550068694 0.398512260362405 0.206614464534695 -0.105576324436462
0.184023584965245 0.273517142389136 0.107827640243269 -0.286211874250154
0.307505720610243 0.0105033604432991 -0.128009289704635 -0.273218221217826
0.211565666521765 -0.166255908556548 -0.234862750952181 -0.0633874282369783
0.0716334036024186 -0.239660505775525 -0.152752979540564 0.046976918358241
-0.0678938480901545 -0.218228269084351 -0.0657350625548828 0.0414475081023698
-0.0999283298488241 -0.172730744488473 -0.00834455523673535 0.0283707679231159
-0.107511202492629 -0.168587478820782 0.0489131849512259 -0.0143978819782252
-0.0234152133833349 -0.236736162889126 0.116500272881875 -0.018395364001792
0.120741933259252 -0.220786339600303 0.184373066612253 0.0269709153262054
0.259673352857236 -0.161113877013213 0.170539999108439 0.163878663792721
0.301808945524031 0.121291083971218 0.0451976104354562 0.229282646833008
0.108388042713729 0.355905757301906 -0.113950363477048 0.131267353978547
-0.0978590703452087 0.407282381506838 -0.0482001875751331 -0.013489456712521
-0.220075563437929 0.259327690410496 0.0881654118651668 -0.185234371394977
-0.119580667295176 0.367010697760402 0.250570532801358 -0.160367161076741
0.123809917160267 0.296480161056252 0.174696444995014 -0.26748837361083
0.290446574471594 0.05642477902795 -0.0294843951971338 -0.275075885496337
0.218980425597214 -0.141016035919341 -0.149215373442831 -0.135623416865267
0.0829331435135724 -0.225732181264366 -0.128347951571386 -0.056102581061661
-0.056693237776773 -0.216338994622908 -0.0872176495310299 -0.0480446895118658
-0.0945774952663398 -0.170540681777786 -0.0459147185820627 -0.0422843454055409
-0.103303679162491 -0.161478587399496 0.0122794346616147 -0.0817316781487184
-0.0254232562335591 -0.218073535297644 0.0943593678980885 -0.090819583482987
0.109595430031798 -0.207750817276804 0.190557790559919 -0.0438384117036877
0.24333371287002 -0.145856675234017 0.198260596286783 0.115339080325257
0.267795930163496 0.120618346213722 0.0817023936579137 0.196987540972873
0.0733931462830896 0.314859841368339 -0.0915742832073971 0.0930458442329582
-0.108689572471774 0.339445483011444 0.00399144911750064 -0.112790413848502
-0.190326949049905 0.154520907116848 0.188269353184413 -0.28389086098244
-0.141644553795991 0.255574747503119 0.281128936874893 -0.201241545416328
0.0502000564685349 0.239066655060125 0.220030716490887 -0.235674104729572
0.209260653873086 0.0707858808594438 0.050180211744913 -0.254096631139264
0.173660429472415 -0.0951045462013716 -0.067727181659409 -0.183705103326792
0.0722181876357719 -0.170391324319513 -0.10110207311173 -0.142227116837742
-0.0392991374710564 -0.173527995132769 -0.103268603815252 -0.124205022087021
-0.0735969334586807 -0.14031761867679 -0.0775004429636605 -0.104543967110156
-0.081719765577752 -0.133789670511921 -0.0186424834898025 -0.13977303411727
-0.0181002983408854 -0.176498366590176 0.0766770140286502 -0.152199452873763
0.0946817938792564 -0.168000346115481 0.194063057584663 -0.0963674464192402
0.209157117667092 -0.10025359753996 0.213231868377647 0.0809423894152244
0.19803670049407 0.126642406846216 0.0975589891006584 0.171034103831322
0.0156153608666939 0.248499118414216 -0.0736538166403163 0.0614720641832952
-0.118246187399332 0.22722226798113 0.0538761539191131 -0.182899167832864
-0.122118482730151 0.0219741187360755 0.252437526153759 -0.345356951808348
-0.120739993841647 0.0994245763052545 0.281807241510808 -0.223620190045747
-0.00980509470362038 0.128286284334135 0.235806221300214 -0.210629677276967
0.0976197987959781 0.0540113913948175 0.0913120361426548 -0.233977765909748
0.094225816411718 -0.0423962551049601 -0.0205671585145382 -0.210286524952158
0.0451222008950377 -0.088159343486153 -0.0855277634693407 -0.193976902721304
-0.0171087564866341 -0.101237270270162 -0.115047292594274 -0.170711626831745
-0.0407980724725828 -0.0880466358276222 -0.0970192142696328 -0.14735897166408
-0.0471488969584198 -0.0895324756933866 -0.0388952526711493 -0.182340022704336
-0.00691578630078062 -0.116443279057369 0.0702108914248507 -0.197922457862797
0.0721098998606551 -0.112916371084105 0.205690332116226 -0.130612950106663
0.156434788405818 -0.0434749869803515 0.225838483828769 0.0638288996260436
0.109531336627461 0.122066419529999 0.103919523815899 0.15762692182344
-0.0412323883691479 0.158509607658235 -0.0582690856995048 0.042127641973493
-0.11586793146061 0.0881412444943761 0.100220290597498 -0.213301690081691
0.0707751562191058 0.0326952016491979 -0.103647397068888 0.252002554032706
0.0526730541525493 -0.0618425036578123 0.111019195084092 0.00758090409755265
-0.0327127947851353 -0.0639813090628394 -0.0840193508865947 -0.185595233256524
-0.063994458471446 0.00977194940602989 -0.265030388343521 -0.0842678741816263
-0.0221521742404297 0.0441567633233952 -0.248495014421007 0.155960934614104
-0.00244891606435485 0.0366568217210629 -0.0862958923469924 0.258924953269047
0.00672723937646682 0.0388731844938378 0.0419821929441676 0.22337770411632
0.00575074653000468 0.0246151039169756 0.108468691587396 0.176717677533155
-0.0154835447180926 0.0177278899064873 0.131137558597456 0.171524043684281
-0.0255428862740437 -0.00484121344034476 0.107763344676187 0.196322460859547
-0.0111512988274138 -0.0145186499076452 0.0319429272993239 0.221818346221964
0.000452610186569906 -0.034813506853729 -0.0684730119103522 0.225296295646009
0.0546494713348748 -0.0182891045402454 -0.201644921106745 0.200634535841208
0.0843066297572029 0.0489058201515517 -0.289841575519526 0.200026610759359
0.0374685345303563 0.0980732503510629 -0.258881395414662 0.339134115405303
0.0289482238528044 0.153621201692338 -0.133837711242266 0.23041440375967
0.0825041470115855 0.0604773694547421 0.113398317622193 0.00770978756333446
0.0587028413178226 -0.0173133390104452 -0.0705314530702395 -0.209221022465873
0.0256675058399242 -0.0343893644184611 -0.274826194696938 -0.117399575265785
0.0208168932560898 -0.0298149395346305 -0.275405970471168 0.141046723503076
-0.00273700300270824 -0.0459626926916143 -0.107720980662182 0.253203766879939
-0.0313966901843882 -0.0321611474575079 0.0264668050878925 0.218300975613889
-0.0329913430197962 -0.0373403124705699 0.0966628071314597 0.170916840390428
-0.0450675151049622 -0.0538488955059125 0.127702985606689 0.152271603114202
-0.00936091086063046 -0.0971642231061014 0.123611045100772 0.175062613574
0.0621002065830806 -0.0791591809852962 0.068533480656708 0.211391412689715
0.109280457307646 -0.0428865513329094 -0.0239348020892889 0.23837707391911
0.130724592169742 0.0732294913085488 -0.155850501849706 0.221934332773165
0.0685194207553325 0.19561503345517 -0.240928439254471 0.198330319876754
-0.0256467518537148 0.239872909538226 -0.217230229927472 0.293406591697678
-0.0374795892154741 0.252606713806884 -0.134608851005356 0.166705854421171
0.0784462024956346 0.197814755775238 0.129746093174571 -0.0121153981933011
0.142523637651188 0.0639710433261736 -0.0354261171102859 -0.241326124402437
0.133333417495609 -0.0578698392403413 -0.263289941504299 -0.166874971861474
0.0794128217189959 -0.10240032974007 -0.291132508936552 0.100105600300897
0.0088619496961527 -0.130758221628789 -0.131733968187269 0.216120636316194
-0.060463540652302 -0.105234501362661 -8.92597455438567E-05 0.18460701510073
-0.067381154203102 -0.0934344081152072 0.070403546184163 0.140041432233489
-0.0756148200855835 -0.108840275399667 0.111747663667621 0.108618575507325
-0.0113584578750154 -0.170829166868686 0.135089712257598 0.1227711979101
0.101957250702335 -0.146612143812275 0.121207983084356 0.166781492486984
0.191752210915238 -0.0867370315511338 0.0496378911382382 0.235269149015233
0.218009526825295 0.11347749893793 -0.0855392136816601 0.24280614938799
0.0896280199687869 0.29863958325112 -0.185717856782858 0.188408954848267
-0.0588177952178107 0.347669959811791 -0.159186133470044 0.209213369895631
-0.114777812075803 0.312589920006043 -0.0967253977589399 0.065251279499601
0.0364368616060174 0.321350859030468 0.159263761679981 -0.0522079189520597
0.192730348583233 0.168269266487415 0.0223387657823385 -0.269569300322567
0.23663298485612 -0.0457556978568872 -0.21661796810869 -0.221064403739012
0.144993166000123 -0.155390092437085 -0.278570092528644 0.0319449071869796
0.0314763979109389 -0.200107175494345 -0.146550674372577 0.146947165219831
-0.0766955512711751 -0.168015235245754 -0.0318200913329772 0.12361674003078
-0.0926923768529386 -0.136582681612697 0.0345312485344827 0.0906122150070462
-0.0993268671858279 -0.142972632200765 0.0830462902528577 0.0492910823007729
-0.0236811373314542 -0.214535126651311 0.132303530050464 0.051814679982953
0.111813492347092 -0.199367674118907 0.161873227453783 0.0962997113839347
0.233517505721773 -0.140963280498664 0.122480140799136 0.202771705734586
0.281217122271981 0.112690433729371 -0.00860369512821406 0.240973496263262
0.118701505333036 0.342902038482944 -0.137821194194015 0.165444269020812
-0.07022156094419 0.402566999187471 -0.101272725331786 0.103119408224166
-0.177263667799581 0.316026452850895 -0.0199821007001864 -0.059792796177623
-0.0334046739842283 0.385326540184112 0.197231351742886 -0.106796594741026
0.186917026190495 0.255543799128355 0.0944219164693403 -0.279351061772342
0.29443335352906 -0.00412339080237785 -0.133650177903583 -0.257739700411253
0.194548193795192 -0.170168886676358 -0.225613085800757 -0.0497860278158539
0.0555389997987256 -0.23352361548204 -0.144445262782924 0.0517295343243602
-0.077011270006078 -0.204680090903594 -0.0624971207825405 0.0429183800345277
-0.104527328455244 -0.160440068055137 -0.0060970687119123 0.0285270673863302
-0.111580566735365 -0.155721968171124 0.0468606597760396 -0.0160542404496636
-0.034714651087462 -0.225975310223928 0.113744825069631 -0.0223462733350334
0.105555938805088 -0.219284673181656 0.180050838957105 0.017907209933491
0.240553615693031 -0.167144338383897 0.173499066629777 0.151031250249045
0.296447680286932 0.103000113686057 0.0513709900951635 0.216833764418636
0.120451656180115 0.338458619200734 -0.105723810395664 0.131101348825399
-0.0767062062047622 0.395702521381523 -0.0501096443138747 -0.00979437873146467
-0.202865792611759 0.259189206084079 0.0787399675249734 -0.182016085499192
-0.0982031957848258 0.359098093085854 0.236633983656318 -0.161503743816315
0.130519092654123 0.280092937444629 0.16051568858335 -0.263366742614567
0.280494678649267 0.0407806276613204 -0.0384286910685927 -0.264180577932036
0.202789826659936 -0.145988652676462 -0.14557017656471 -0.1231244733515
0.0672545726456467 -0.220637606534195 -0.126294679122626 -0.0489170829035726
-0.0668200346454604 -0.202930509735656 -0.0883974362440703 -0.041571400972517
-0.0992742551412312 -0.158178128027288 -0.0455400275695282 -0.0371240746206133
-0.106691405811789 -0.148345716779654 0.00837252939154659 -0.0789123588247328
-0.0358063646861398 -0.208084969563684 0.0883065040796917 -0.0908801430969898
0.0954560154385035 -0.205642367580579 0.182811864844591 -0.0503314354932032
0.224950702666865 -0.152501835904856 0.19842479721994 0.103147486413092
0.262448219979617 0.103817803403427 0.086365708339615 0.184607075917595
0.084591963063249 0.300543792858342 -0.0852547539156382 0.0939343496022346
-0.0904486049641107 0.330145668778369 -0.00372009496467816 -0.107070192561023
-0.177883419949801 0.154900485972623 0.170558349633461 -0.280816442531788
-0.124595942858672 0.252882869271059 0.263190354286049 -0.201178078201535
0.057862727672686 0.227684122405906 0.204917552939588 -0.234935128771952
0.203553811407275 0.0588113999112816 0.0402266303514639 -0.246782129079333
0.161675646296661 -0.0994575817455843 -0.0692634480940914 -0.173700762548968
0.0599942382511284 -0.16636014309622 -0.104272423428221 -0.13330783360454
-0.0476354144340073 -0.162756214033666 -0.107707292796763 -0.112999989015642
-0.0777813556874464 -0.130265474237297 -0.0786649334123606 -0.0944398091690605
-0.0848586642208376 -0.124294497650035 -0.0241045645798417 -0.132585164566131
-0.0265820370635846 -0.16778111599382 0.0676453910747283 -0.148865223251561
0.0828853454964789 -0.166967650021277 0.18332932184562 -0.101369783121175
0.19443436707886 -0.10706133162494 0.211172843738609 0.0691584068606038
0.195875731542404 0.112139522014121 0.100624311231494 0.159338536910542
0.0261064938531289 0.238710536802091 -0.0697880452484038 0.0624385285336962
-0.104951923698224 0.22215208339388 0.0408362443326046 -0.176366876199959
-0.116952936042714 0.0259015831427826 0.23002989659062 -0.34200198823705
-0.111710555814113 0.100877656073157 0.263311824570127 -0.223169375175028
-0.0046782280041516 0.123530439200707 0.221420740542374 -0.211115576453884
0.096537612351912 0.0476994730566128 0.0805789463928012 -0.229395374856858
0.0879384446732998 -0.045281710944048 -0.026069654084734 -0.201960935604277
0.0386461011022735 -0.0863464186024861 -0.0930254954323038 -0.183963539362657
-0.0215679911711327 -0.0950977694885754 -0.120896400327979 -0.157254004690217
-0.0434439055641566 -0.0824983489399225 -0.100217870595133 -0.134909892336096
-0.0495794786221788 -0.0836297265240239 -0.0444965101116359 -0.17263142613605
-0.0115563657299814 -0.111117042836001 0.0596181647393837 -0.192461454375647
0.0637113498088789 -0.111433021770702 0.193499335831989 -0.135198403175102
0.147415003199627 -0.0501520712849705 0.223247451873779 0.0528632776974597
0.110751476590984 0.112117271294096 0.106469512416214 0.147379330737301
-0.0339431914043538 0.153848671324415 -0.0557998160476534 0.0448578521862718
-0.108286136345201 0.0886248125604509 0.0842330903844998 -0.207033522386789
0.0697248825441947 0.0316697645585429 -0.0923013014647024 0.246182644788364
0.0500399386787348 -0.0618113737477418 0.110160867773581 0.00400292067257266
-0.0325383165307522 -0.0609921848170329 -0.0857721325747084 -0.17696457551454
-0.0619706921096757 0.0112173271330933 -0.259663855210101 -0.0740413197638447
-0.019149796721911 0.0437989285910731 -0.236381609075345 0.156945049282277
-8.82041100140571E-05 0.0355243685219384 -0.0735255362060772 0.253098993728854
0.00897695104407567 0.036809206024018 0.0482170977980573 0.214441625313283
0.00717600932518696 0.0230858100540328 0.110783668929411 0.165773553639782
-0.013777407175007 0.0182549252610691 0.134307664895982 0.160496566753713
-0.0251006979765756 -0.00380165908462182 0.112946696077249 0.187289311662147
-0.0111892542973667 -0.014237268244377 0.0380202701115769 0.214959481564414
-0.000312866663552765 -0.0337468608152584 -0.0620115118539994 0.219049619204794
0.0533799623107768 -0.0196334657252391 -0.1924984165058 0.198953963415019
0.083168743155977 0.0444896892261535 -0.275410693808217 0.20049005985318
0.0386273715517641 0.0936789564447906 -0.239589660993687 0.334641527993795
0.0318770340581569 0.148854653257329 -0.122012152853911 0.225824870027033
0.0831245557275775 0.0556763627904765 0.112579410247169 0.00506165051065263
0.0560172601037866 -0.0189854251962567 -0.0731504980819498 -0.198913147461348
0.0222473210118815 -0.0345317277982184 -0.269096895861779 -0.106143952996938
0.0191082185304758 -0.0292673299488875 -0.261021933425769 0.144714590193058
-0.00368709029336579 -0.0437569636197773 -0.0949230515021352 0.247972407721378
-0.0309752326155464 -0.0293850756903783 0.0324655184511642 0.210073730845885
-0.0320320893826131 -0.0349150804895131 0.0993775805923461 0.160027654232558
-0.0455433591920619 -0.0493112705847912 0.130150610371003 0.142264769317022
-0.0131366969720713 -0.0934239292332317 0.127236420851217 0.165421357811251
0.0574869647464132 -0.0797300222041549 0.0736237635609816 0.203763623191316
0.104707690731594 -0.0449270740609976 -0.0169030416337726 0.231138817161052
0.129485830473027 0.0662859346243102 -0.148083642616336 0.217551048876896
0.0727618369336565 0.18714914726628 -0.2279780386416 0.197494683121122
-0.0191663076435246 0.232171281687184 -0.201523903404692 0.289509316331275
-0.0303223518665866 0.245782277179954 -0.123238478322773 0.164489422681389
0.0832698093164986 0.188683920434715 0.128141081342668 -0.0143436683663335
0.138082214792568 0.0579130905545621 -0.0394121231256198 -0.231544493403199
0.1248790011548 -0.0602956587194634 -0.259505639577125 -0.154504595311602
0.0730482888883454 -0.101608852027842 -0.277179476342259 0.105837159885713
0.00315876400704779 -0.125728267942588 -0.119106169492537 0.213457871380016
-0.0622528284224974 -0.0985087559706753 0.00523239065857062 0.178600875095155
-0.0678241019318418 -0.0872439161365033 0.0729717496880997 0.131861952983159
-0.0762109066305106 -0.101415361270256 0.112446592962548 0.100278838125551
-0.0178589023718776 -0.164102090151824 0.137567257313677 0.114566756426695
0.0935149685623032 -0.146985200925664 0.123794907902073 0.159273030949747
0.181965275434019 -0.090571734027993 0.0544680845843287 0.226502238649314
0.214705381587547 0.102966548181536 -0.0792672468480844 0.235957055089337
0.0960220813096374 0.286249439751522 -0.175099683220147 0.187175613595018
-0.0471247814344555 0.337252575788732 -0.148653754234543 0.20785304363484
-0.104165439389331 0.304686548412192 -0.0895850539912959 0.0659075459256512
0.0468555972567431 0.309122800687583 0.156113978613572 -0.0527146295189899
0.189819614462084 0.156762118226306 0.0166192698406106 -0.260357877656208
0.225225803638988 -0.0526144763377873 -0.215871075414627 -0.208151731053124
0.134069008218348 -0.153942682648153 -0.26479701516651 0.0393593846195778
0.0221444299470198 -0.193331159714585 -0.135212239330211 0.146340642816433
-0.0805899811283403 -0.158155661217986 -0.0279090519383889 0.120691309788376
-0.0941151977444393 -0.12772540963466 0.0371880398133211 0.0859973489387335
-0.100605520727976 -0.133207754012656 0.0823441319670847 0.0443142875767016
-0.0319989768045341 -0.206497338966563 0.132400467867909 0.0461490600970921
0.101492812540142 -0.19767482303354 0.160580054065612 0.0888553326419149
0.22005509057124 -0.143772117534713 0.125912997228967 0.192609123987042
0.275582256730138 0.100129837570262 -0.004109504276393 0.232617023342854
0.125428584672829 0.328523143197186 -0.129726842586019 0.163405643825344
-0.056786620180606 0.391100684516937 -0.0964671855954775 0.103974105497024
-0.166413962675739 0.309568754959184 -0.0190816731168264 -0.0563091358671192
-0.018425315027362 0.374116761887932 0.191616502900298 -0.106659826829401
0.187281596074149 0.242198297061685 0.0860703189376548 -0.271357972233041
0.282726036967816 -0.0137854584531307 -0.135815520937268 -0.246412773114522
0.18142920550518 -0.170599025844198 -0.215264856219692 -0.0417716330986074
0.0440276885804 -0.226784174234169 -0.136870508738965 0.0537906014177103
-0.0828324604447838 -0.192705182517695 -0.0609562547037448 0.0442986689214127
-0.106382879191787 -0.149600389317616 -0.00389366769329681 0.0276309594782462
-0.112543738507937 -0.144860507144541 0.0446721042709645 -0.0171476786290698
-0.0428054190798702 -0.216151035902254 0.111497175287605 -0.0250504894053419
0.094440081084659 -0.217083745052691 0.176278658720197 0.0123177540112493
0.225066246191685 -0.170015680385358 0.173842504540026 0.141802078960268
0.289411192853217 0.0895913109354663 0.0537402516976533 0.206878298656619
0.12741909844246 0.324333210566703 -0.099006538094061 0.129654381312169
-0.0629976153463908 0.384671875930176 -0.0506130251772037 -0.00560147934095367
-0.189810921259201 0.254587826026236 0.0722426657331476 -0.177904559574678
-0.0835392838390746 0.350740311190769 0.227442664610877 -0.158929857220071
0.13288098406847 0.267730253736951 0.150601736756195 -0.258223017723633
0.27101413541446 0.0303850279680753 -0.0425557024383741 -0.254823708181966
0.189780510151053 -0.147874517731381 -0.13978595456229 -0.115058995884345
0.0555949028876403 -0.214313429457778 -0.123174478927466 -0.04494709717208
-0.0725088192623227 -0.191391895053115 -0.0884781989805438 -0.0363521542702993
-0.100780184658683 -0.147816564736527 -0.0440628502124693 -0.033473714924535
-0.107889849376763 -0.138317966751126 0.00587643928707396 -0.0762500532646822
-0.0418303607362132 -0.198993310327646 0.0840922544619756 -0.0903782824651031
0.0846355833142353 -0.20336465317426 0.176311022317366 -0.0542736490477238
0.210013281599653 -0.154572163321206 0.197648713603814 0.0948207040243526
0.257535915129812 0.0909605675835844 0.0872443122119518 0.175085869929999
0.0916014945366226 0.288301541681231 -0.0810721390349388 0.0934150292510594
-0.0773933307351345 0.320918398703003 -0.00940055547111886 -0.101313228853849
-0.168889256254774 0.154753775451998 0.157764124920299 -0.275890352850373
-0.113503072964365 0.247485758013503 0.251238412212267 -0.198213270527738
0.0607980253962135 0.218532711294389 0.194058212343969 -0.231789391942726
0.197724634563205 0.05044174247221 0.0336161063838055 -0.239457057182053
0.151970312123333 -0.101698509555006 -0.0688519430728868 -0.166403872675293
0.0506973802895692 -0.162158177348015 -0.105531166975086 -0.127041037726243
-0.0519645706752257 -0.153738739613762 -0.110257903702228 -0.104406611668836
-0.0795899544052533 -0.12239390130038 -0.0786173430365092 -0.0867578957140989
-0.0857674488833619 -0.116022501411202 -0.0272092711561272 -0.126499352444549
-0.0312660627053749 -0.161246997974185 0.0619120342407136 -0.14525583376427
0.0739335703981851 -0.164141993129993 0.176078776940973 -0.104115833234948
0.182335762099357 -0.109900436198309 0.209103786111758 0.060875334136224
0.192164669429444 0.101937742746672 0.101407360609362 0.149688350171067
0.032335414112671 0.230028042891834 -0.0671418510108577 0.0638117772962031
-0.0952418236463432 0.216937823686018 0.0314043280429607 -0.1690656826021
-0.112719804005617 0.0274127129815339 0.21223952433403 -0.336973591870557
-0.105420010457424 0.100747140406003 0.249472338302063 -0.219519761961673
-0.00227088221556479 0.119649616863905 0.210940468394332 -0.209803468964604
0.0940549455027354 0.0430550428567663 0.073327065010122 -0.222981724843555
0.0827801385705237 -0.0464409906265357 -0.0282856168170973 -0.195124400648626
0.0338258040221001 -0.0842811499884169 -0.0968138000119196 -0.176372796818973
-0.0244106843485799 -0.0905456228834483 -0.123706253370188 -0.14625828045028
-0.044583519538692 -0.0777423991364904 -0.100315371032966 -0.124417364132029
-0.0507141406708338 -0.078966289153941 -0.0480427015978702 -0.163639659891417
-0.0148511126071361 -0.106474591774848 0.0518041124543166 -0.187098944727465
0.0576366370122043 -0.110145476347086 0.183367015139072 -0.136423882430315
0.139398820890023 -0.053085180439821 0.219587377398663 0.0445551703982267
0.110602452562641 0.104727177067864 0.107143794358779 0.138666746283786
-0.0288140069875823 0.149473175729251 -0.0543442599517627 0.0460978260527187
-0.102853680606579 0.0874102537136251 0.0724848830224953 -0.200746001133807
0.0696310706614467 0.0311877616697947 -0.0834976644021405 0.241344701767719
0.0480601232793018 -0.0621890225430958 0.110203750647711 0.00091718225213436
-0.0329312532690606 -0.0587305004723189 -0.0873436771799258 -0.170139683869373
-0.0604695102305253 0.0127912045894513 -0.256026974663849 -0.065208535645248
-0.0169757926640159 0.043298760353402 -0.226962854149933 0.158858000534953
0.00189833681914269 0.0344674124354331 -0.0626577840515216 0.24787178822172
0.0101055791544771 0.0345148069300769 0.0547186133218363 0.206711011774027
0.00832126577597557 0.0214946824461989 0.113043382380185 0.156593030629374
-0.0124879564772901 0.018944293170992 0.137235767910894 0.151148338310414
-0.0253241207594275 -0.00246059659664967 0.117290923148044 0.179316358756154
-0.0107580434758072 -0.014398280992765 0.0422020357135356 0.210312285154936
-0.000998388057793469 -0.0329925339589588 -0.0569007496175092 0.214051485785228
0.0521096657386668 -0.0201005396187267 -0.185341307210772 0.19812468924508
0.0825665518624603 0.0403102620926437 -0.26354697468278 0.20079671281577
0.0395598292318993 0.0908922621198734 -0.223098569205216 0.33043444732335
0.0344243762580186 0.145044643003177 -0.112711240013387 0.222895276686571
0.0833925317527259 0.0508638385834765 0.113571353750042 0.00211502979435879
0.0543925983353455 -0.0203975354624125 -0.0743693546943853 -0.191571620134683
0.0191093616059255 -0.0344594227966705 -0.265632303752631 -0.0960123595221453
0.0180307694106953 -0.0293648392060014 -0.250913055809902 0.147443182164118
-0.0048950366944586 -0.0419444374207283 -0.0847402486094557 0.243405251412579
-0.0306304005407611 -0.0275733683611211 0.0380465878333567 0.203063608432183
-0.0316642554943751 -0.0333399124612338 0.101307313394951 0.152562667403596
-0.0454635926319737 -0.0454801513330492 0.131697072375423 0.133913966184563
-0.0167554676001996 -0.0904204194718036 0.131480783716806 0.157691257932494
0.0539235286058783 -0.0804202204920903 0.0775487806484344 0.197405290593501
0.100519663346827 -0.0469482407444598 -0.0115798089267915 0.225682110988919
0.128822439679614 0.0606521542345973 -0.142452058136792 0.215272536578488
0.0765008939552621 0.180598359822267 -0.217723658111202 0.196679174685152
-0.0133162205165275 0.226405651005904 -0.188772267686663 0.286046970401456
-0.0248843920349266 0.241088347597986 -0.114847981403666 0.162350358380492
0.0875734193222886 0.181028235390383 0.128731323999807 -0.0162768131364383
0.135199651656603 0.0521917659503728 -0.0418352820389094 -0.223818106310978
0.117853211824449 -0.0620091833357532 -0.256384711574915 -0.144615436035726
0.0675783027761668 -0.100589512515223 -0.265629469171392 0.109763540121386
-0.00081507633394001 -0.122065021547576 -0.109228267896142 0.210292563752796
-0.0637166764621319 -0.0933942743754834 0.00958663191328394 0.173467465103697
-0.0672735330172275 -0.0828797613188467 0.075526128044215 0.125148867969135
-0.0773446900724634 -0.0953866748412458 0.112958203382799 0.0940649179886682
-0.0238746938631274 -0.159245328651411 0.139777259167235 0.107247360766291
0.0871998433117773 -0.147775937284303 0.12614011108437 0.153176901639473
0.174167326203557 -0.093990809231675 0.0597180206776944 0.219512790096338
0.212372598572145 0.0944908311930458 -0.0740538200475396 0.232406509693716
0.102949221119944 0.276688889026371 -0.167151414928674 0.185563772882023
-0.0373385389430502 0.329402567053817 -0.139734766760125 0.207356358264784
-0.0958097291632667 0.299516315962523 -0.0836085923815875 0.065838993831345
0.0541257859870926 0.299513901076594 0.154065876764782 -0.0540471127408581
0.187290895204226 0.147488882846457 0.0123613567152572 -0.253328510771393
0.215143626766747 -0.0576498779742018 -0.214342546210649 -0.19811496565567
0.12508217937235 -0.154465147743545 -0.254642701369988 0.0447418670618441
0.0150143966679344 -0.188218655107199 -0.126973287974834 0.145250987697052
-0.0837525023480981 -0.149646973465204 -0.0244542818532586 0.119111725377014
-0.0946117342834958 -0.121452608159906 0.0392115358548802 0.0819189251128575
-0.101502240325761 -0.125328831697959 0.0820654860956583 0.040998990023167
-0.0384480986732755 -0.199309310667133 0.132679966709513 0.0411593840180175
0.0928781051539394 -0.196966178195226 0.160730160392553 0.0831658125739828
0.208839963431047 -0.146593195806914 0.129057331284989 0.184720547594786
0.271633041411482 0.0904170616666961 -0.000742711485680479 0.225842727700054
0.133084847346234 0.318060101130139 -0.124096231664997 0.161857781793282
-0.0451941549179827 0.381278594495262 -0.0927963736442135 0.104998390107664
-0.155747459123589 0.30571381448078 -0.018619420299967 -0.0546848177055883
-0.00791932796247974 0.365308542427264 0.187211439441283 -0.10657785370164
0.186442736606015 0.231497431094417 0.0800784866626516 -0.265683528579794
0.27316048539569 -0.0206748054930304 -0.136733283106049 -0.237749802375111
0.171028074197422 -0.171252029554074 -0.207351144444391 -0.035965894592448
0.0349855672234488 -0.221555017060409 -0.130596844780395 0.0543292218351707
-0.0873569123647113 -0.183092240872819 -0.0595293926201124 0.0458703922878622
-0.106825608345403 -0.141451636119421 -0.00204105376243787 0.0271339460716136
-0.113484584896737 -0.135965575424817 0.0430918201182594 -0.0178878312898466
-0.0491273471563248 -0.208892352324517 0.110786705854176 -0.0276518252341453
0.0851390775259213 -0.215652504431608 0.173866042235484 0.00698223006694095
0.211839352243146 -0.172660736973323 0.174345643516439 0.133841152995135
0.284546692117127 0.0785958255359909 0.0563365905367432 0.200346987820616
0.134245232491247 0.313215329286035 -0.094427031444194 0.128336529940697
-0.051974750619921 0.374371998943502 -0.051582356475368 -0.00177727957888359
-0.180054447276725 0.251433166076563 0.0672712278573358 -0.174201046818224
-0.0716121848049092 0.343279243934921 0.220682011198382 -0.159111938552483
0.134650597775177 0.258147512941761 0.143474985457249 -0.254716775865237
0.26328585819868 0.0229703254964851 -0.046679354254166 -0.247402760236332
0.179876004894732 -0.149273721793636 -0.135985531147551 -0.109799216366965
0.0468785589579901 -0.209185239900884 -0.121208929284508 -0.0419527300924766
-0.0767481366778762 -0.182188031015766 -0.0892387761928952 -0.0316454750121648
-0.102238257404147 -0.139328804848941 -0.0429609859649468 -0.0303681290959734
-0.109079572221197 -0.129822539133297 0.00417636728530918 -0.0737579393378887
-0.0475575580683072 -0.191472271844543 0.0815117408413547 -0.0909440250409269
0.075797465462535 -0.201086517109422 0.171455314715207 -0.0582858138808683
0.198217815870129 -0.157362493805574 0.196576870161423 0.0867792565014168
0.252695463999652 0.0816806554939243 0.0871628403900256 0.167931565398961
0.0970544725346077 0.278466979762449 -0.077025576405754 0.0935555972167539
-0.068158990016072 0.313080691561626 -0.0145131884481146 -0.0956968916699629
-0.161487983269269 0.15369271829142 0.146969996585932 -0.272255548908016
-0.103306366964822 0.244269568842698 0.242522850562802 -0.196490389935922
0.0634702141567553 0.212465468656754 0.186115675323615 -0.229249386929415
0.19299958985884 0.0430080086993918 0.0284815625597023 -0.234407165700401
0.1434252591359 -0.103484662163701 -0.0685426260128454 -0.161647560939895
0.0444160842962544 -0.158594804871015 -0.107601159749692 -0.122186048375085
-0.0551415369993434 -0.146908379681616 -0.112066702774991 -0.096702123829442
-0.0811069704873271 -0.116074518166356 -0.0779285285970308 -0.0802084030120789
-0.0867892083116512 -0.108917736762169 -0.0295987129745125 -0.1217739290768
-0.0346038462269004 -0.155366230046347 0.0577438997542244 -0.142979431481921
0.066702485796284 -0.162615967978151 0.169576139117262 -0.106526483367493
0.171752780553649 -0.11267402303438 0.20687399197485 0.054143884130795
0.189764412230896 0.0934211263636933 0.101295021650166 0.143056632833331
0.0372075982994062 0.222674518945075 -0.0646951975238966 0.064202609170643
-0.0876418355217431 0.211608461214763 0.0233444822351424 -0.162460919922208
-0.108987360710184 0.0289653100650873 0.197886881327463 -0.332443448093101
-0.0999606529319817 0.100633608641268 0.240208444394071 -0.216876037298554
-4.5088333934263E-05 0.117155539005651 0.201593111246846 -0.20941675449645
0.0927928500234181 0.0401942831507166 0.0674460651399453 -0.218832552963249
0.0782704254684527 -0.0477755714806396 -0.0304763638632424 -0.190618561887335
0.030259463692168 -0.0822085863932911 -0.100569117944521 -0.169976083220952
-0.0263217254506073 -0.0868786402937027 -0.126581897966876 -0.137173483153032
-0.045454372748382 -0.0744245951946947 -0.100228406826443 -0.11629235598337
-0.0516610866314734 -0.0746526000255847 -0.0502320819336895 -0.156431008295663
-0.0171775757858709 -0.103581810537451 0.0458551017796414 -0.182763066455262
0.0522728220169939 -0.108352860569967 0.175468210029747 -0.139391315672103
0.133041194405313 -0.0561264604702604 0.216623226867712 0.037311023897254
0.109954946785839 0.0986148538236599 0.106873796663151 0.131729055847157
-0.0249644564716813 0.146034805293868 -0.0531044231707291 0.047252675343235
-0.0990974048811896 0.0868309459357265 0.0622213889282906 -0.194360810748124
0.058382097581015 0.0404520058793803 -0.121204944107054 0.218981535602145
0.0552895165502016 -0.0496002584641908 0.110057130275265 0.0232700221890693
-0.0173990275625308 -0.0613305530476842 -0.0484307340915174 -0.177788577121583
-0.0552058588854542 -4.37633979618125E-05 -0.233440121338183 -0.10988324335103
-0.0212601762000989 0.033882466079532 -0.244683253227464 0.110578017867731
-0.00246286597450348 0.0305251004696582 -0.104922228317522 0.225539563784194
0.00547323893340769 0.0337383333881845 0.0141237925201024 0.210190925141672
0.004749691682823 0.0210610975196687 0.0780990960290624 0.168618657185863
-0.0147842850414915 0.0157847812148897 0.10425900100128 0.168987553637668
-0.0235417867969637 -0.00725979772328024 0.0786605219583295 0.192664885064092
-0.00739978433630153 -0.0168480653970285 0.00129557461897636 0.209512763959093
0.00805591448610178 -0.030803979702507 -0.09854649274697 0.19254535938882
0.0554021302973332 -0.00633851324146459 -0.217750596678309 0.154399584028325
0.0714429898845232 0.0564809167053891 -0.29585330742192 0.145940187434694
0.0195194580112156 0.0946632449249781 -0.286926884251381 0.278117511336302
0.00409141338126789 0.140038816037029 -0.147456256709443 0.195964640361285
0.0697389633300776 0.062172198900202 0.10923299902474 0.02489392111055
0.0572623477801121 -0.00933154875086296 -0.034352012471372 -0.193654461597477
0.026533334333334 -0.0298142190623688 -0.236297571991583 -0.139512646570877
0.0246377443564207 -0.0280750136641379 -0.266033351621349 0.097035426844671
0.00423655378191921 -0.0428230276548435 -0.123483317908472 0.218944571682426
-0.0230239702537118 -0.0314676747975046 -0.00122942449841982 0.203221501395447
-0.0235068933621572 -0.0388721301625053 0.0686886165618774 0.162651177444842
-0.0339835734552349 -0.0520696973310563 0.102980629760103 0.151498481174225
0.000648285704543092 -0.0890608440108426 0.097080113676408 0.173664376230553
0.0670119835989589 -0.0680648354954244 0.0393827168034381 0.201716987471354
0.105658373893339 -0.024003433245218 -0.0540924903942608 0.212123989623793
0.111920117864516 0.0878216615064098 -0.177186572399115 0.182561551580216
0.0378437560806165 0.190049382461457 -0.253084624032643 0.152342232400617
-0.0588990120416179 0.21355603332841 -0.244875605957159 0.243449405418883
-0.0693527303555345 0.219454833358765 -0.139080622186471 0.139102238282062
0.0519149405697077 0.185552254707377 0.122734359592201 0.00956385022488025
0.120392028595652 0.0742583253800022 0.000863921531375377 -0.215921803434374
0.122665045976078 -0.0380556583947017 -0.218676627292207 -0.182062934463216
0.0842412562923828 -0.0859768414130681 -0.272410841067839 0.0600031560604214
0.0220506136092634 -0.117276431864968 -0.139731295771889 0.183156635401331
-0.0432778556594735 -0.0988870789895916 -0.0226728995905806 0.169057731277278
-0.0496109920046961 -0.0932510429332343 0.0483723904126454 0.133234077874898
-0.0546907665723836 -0.104809370968293 0.0917277076470356 0.110390730372175
0.00596200600262075 -0.156094973154438 0.115115310645388 0.126429806168944
0.111867298572228 -0.125091723939201 0.0950665920481216 0.165752822775362
0.183787690065247 -0.0541268413104333 0.0188328524088211 0.218581137082094
0.18522322515459 0.137354734637426 -0.111786739537188 0.211657417842578
0.0438054699411757 0.287662861492659 -0.201537356523638 0.152690738696863
-0.102812663521108 0.306595968913524 -0.180466508717681 0.177372946076909
-0.146462795156821 0.261753383805297 -0.0937020624982429 0.051518182499763
0.000941900630058242 0.292234741828572 0.150480890065384 -0.0247291026013489
0.152590547137834 0.174721853433535 0.0554282723930267 -0.232855785750535
0.211059716868064 -0.0156572568299937 -0.167672705795993 -0.223725210953791
0.148050878081507 -0.125421272803094 -0.250754385049601 0.000976440485202463
0.0480688045524578 -0.177040979486592 -0.14437579068696 0.11823288843552
-0.0537389678048121 -0.155427184317853 -0.0456110267765566 0.108903208097956
-0.0678003318161818 -0.1339746291688 0.0224192516262328 0.085293495653149
-0.0723508616769051 -0.137429949243349 0.0720592366133927 0.052557941757503
-0.00114521202174341 -0.196419441979256 0.12158672489857 0.0615415346958616
0.126210209546963 -0.171069547695322 0.141931779192571 0.103566100032739
0.226117402847341 -0.0968839007504391 0.0936292006052281 0.197908853970277
0.243230890478195 0.14479840761412 -0.0377840554828605 0.219857239770144
0.0640056447058637 0.332441734490704 -0.155975744167323 0.139280019946324
-0.119452592595051 0.354031246746387 -0.113653118905748 0.0874477758058655
-0.203643811618196 0.256995119756032 -0.0106843239405783 -0.0529071114418158
-0.0677996833634689 0.343798883077972 0.188595060339325 -0.0704896236186418
0.135892755017501 0.254157091409302 0.120103063004117 -0.232701416800395
0.25842695963144 0.0298998314114802 -0.0868749843638209 -0.246627271153861
0.193313290259728 -0.131701281843196 -0.191573739960772 -0.0685520007786037
0.0723317232150063 -0.203297555595473 -0.132098108083836 0.0306888189830197
-0.0523410685234877 -0.187342127806547 -0.0658137674051484 0.0316644004465669
-0.0771089974965569 -0.155654385247647 -0.00615763443317927 0.0264396127818528
-0.08159924561791 -0.149533713793792 0.0454722497158577 -0.00981502681684331
-0.00961771277039727 -0.206814508183147 0.112697823830573 -0.00849848738885456
0.121547763022994 -0.190203995816554 0.168148682335957 0.0319445317143719
0.233545303548197 -0.120888756393216 0.148895513793175 0.156954507317576
0.257981871343796 0.135950287265648 0.0236850143940784 0.204689178827617
0.0667902409210257 0.327785990729191 -0.120830511870506 0.112324541409092
-0.124562949424444 0.346045400961475 -0.0516702094777125 -0.00857431500795379
-0.216005761723153 0.204159327569822 0.0923706446947144 -0.153301463832616
-0.124226696356509 0.314211646108764 0.230102089202766 -0.116386730390102
0.0819053519878755 0.271077197175391 0.17740045178956 -0.211841383674847
0.241810981144446 0.0694035273495665 0.000975142445036158 -0.239038363608666
0.19695144032739 -0.107991678979303 -0.110359244576317 -0.127202110238716
0.0822912515234885 -0.189820249324653 -0.106513798090904 -0.0603950539599625
-0.0424122935725796 -0.184759379863119 -0.0804506011281419 -0.048045098315721
-0.0729286400367554 -0.153152227909764 -0.03450868133998 -0.0354026073529728
-0.078200751860972 -0.142840387906862 0.0178544265958918 -0.0699895129529845
-0.011330992862877 -0.190116011805751 0.0969484341138843 -0.0739257612813447
0.110841514412033 -0.177899152354276 0.178258954619582 -0.0293000381638907
0.216211559192193 -0.109658405290869 0.178853230634727 0.116705346168986
0.225965396251154 0.131596260465269 0.0598901558996284 0.179696799752127
0.0385632031651921 0.286389959597159 -0.0971782919709116 0.0808747520987371
-0.127942484487664 0.28399426923856 0.00340072965428411 -0.093757791595848
-0.179671571378732 0.117040452736336 0.187826691949351 -0.233810502173261
-0.137684677961724 0.215876005414175 0.26091033383423 -0.149214892682805
0.0224329388310722 0.216141832278353 0.214464432687508 -0.182097924459307
0.172114895099103 0.0768944123554809 0.0700691790351248 -0.213357871168743
0.155087472759524 -0.0700244940940644 -0.036186522336563 -0.165585193305793
0.0704067043715205 -0.140764603786006 -0.08018940817056 -0.136070063855917
-0.0281939652978057 -0.147294888651754 -0.0907896092036975 -0.115111541905831
-0.0570394557888497 -0.126374277927718 -0.0584432943079085 -0.0894718371996554
-0.0608214201344014 -0.118569235898941 -0.00490909347399651 -0.122039325985732
-0.00565977741269749 -0.153397690469353 0.0839812430911104 -0.126496187232432
0.0939609300488187 -0.142602670398333 0.184605888010613 -0.0750580901079717
0.183231033409121 -0.0731444522636252 0.194989233563483 0.0882650335654804
0.16294968276701 0.12914189246157 0.0764836006613592 0.15861752237697
-0.00870054136768621 0.22049041597158 -0.0795686178164333 0.0541397793228816
-0.127450513140632 0.18394420056806 0.0543790897300016 -0.152167999946996
-0.106725379580324 0.0112271231880921 0.24819338165769 -0.283444888174018
-0.110012885965106 0.0818627564969213 0.266355564632178 -0.167532671151554
-0.0202286211069829 0.115297645738657 0.228683531700151 -0.16173916555782
0.0797511206077567 0.056387900070935 0.10422843542067 -0.193796192229199
0.0832370528461325 -0.0290233828029388 0.00525126004275218 -0.187756248581269
0.0437937500124893 -0.070662893187563 -0.0676160361976251 -0.181973000596511
-0.0104074018584333 -0.0855955463711101 -0.0976060214206377 -0.156201612303242
-0.0305320328451496 -0.0798912974652404 -0.0734041301035173 -0.127503189763552
-0.0342615021700887 -0.0793297559559578 -0.0178542689720837 -0.158629149528074
0.00243414963331285 -0.101212237026483 0.0795803426888826 -0.16578320076534
0.0696324082147874 -0.0935866435902049 0.196032220757064 -0.102924608271333
0.135340123799205 -0.0275609109768634 0.206387057586862 0.0759203875185736
0.0857893251189365 0.118079656274265 0.0816438784010442 0.149566712658903
-0.0535442435300401 0.134477276967433 -0.0648912330407337 0.0389514473668205
-0.113493406673292 0.062429262814474 0.0994934019984809 -0.176543404718703
0.0578034093893044 0.0390839658087148 -0.112283292188717 0.214664758992659
0.0530798411476694 -0.0505984890780266 0.11054307515979 0.0199162677858829
-0.017755908893418 -0.0593999123556976 -0.0495527848336609 -0.171390835196685
-0.0537232990529269 0.00147968834638195 -0.228868823336643 -0.100985025175878
-0.0193792295177514 0.0327062747640471 -0.235070692098644 0.111958630292842
-0.00139799296944943 0.0293514984475747 -0.0944521325456229 0.219760013150297
0.00650312858386191 0.0320331986808301 0.0202994675631548 0.202331819351773
0.00551158092283535 0.0193059930730301 0.0797886233700016 0.159984913076232
-0.0131510908763924 0.0154641546726478 0.107426128110296 0.15946645495743
-0.0228886487776718 -0.00591817556839001 0.0830492602695032 0.184548930167332
-0.00756912002973725 -0.0165333675069095 0.00584484595561061 0.203743118458554
0.0065114637318856 -0.0302154204906047 -0.0937202663860606 0.186844415599148
0.0542250745977983 -0.00715954093215538 -0.210402824330009 0.153044207656123
0.0707625064635581 0.0524493858462393 -0.282772665244954 0.145623081366295
0.0196098560930519 0.0906399663939323 -0.270527379197038 0.273326899116353
0.00678636288203752 0.136493202736257 -0.138131714051762 0.19209517120596
0.0693508531356702 0.0580334662827513 0.10951166840632 0.021964280553164
0.0547591076935672 -0.0105930977566358 -0.0346381323830169 -0.186339954401532
0.0238784295907965 -0.0296449776517817 -0.232023242355985 -0.129787977669185
0.023392009104298 -0.028554791888585 -0.254288212158554 0.098970992262864
0.0030127160510571 -0.0414271858875857 -0.112882439370209 0.212614823651357
-0.0223025463776371 -0.0299981841517291 0.00475836322203805 0.196250939581279
-0.0235454759174531 -0.0376502627494905 0.0701242991380497 0.155137726309228
-0.0339114244669033 -0.0486694997671393 0.10470927030735 0.143038944598132
-0.00283273383220585 -0.0860378461584302 0.100594674345681 0.165589375166229
0.0630312939291269 -0.0683491236775432 0.0435323262886317 0.195846233077614
0.100993398038814 -0.0267859378626534 -0.048923386290863 0.205512736953047
0.110525819047418 0.0822816426143526 -0.170907064530299 0.178766892775414
0.0412545470052617 0.182297769892498 -0.241498572461012 0.15097577022931
-0.0527418727990565 0.205864853326426 -0.231262214480824 0.240111524626862
-0.0634339725882586 0.21298791060807 -0.131515844151078 0.136446021476534
0.0548528366484559 0.177271410794334 0.122838669186831 0.00698406147694336
0.117068938647125 0.0687547272945551 -0.00135195905637417 -0.208075985982986
0.116257925984519 -0.0397528989157781 -0.215345093057729 -0.171507961646801
0.0787191486643228 -0.0856915163278348 -0.260812932049292 0.0630034978374849
0.0180711588976714 -0.1139019682298 -0.129837710780202 0.179538239950623
-0.0438856470203468 -0.0933759118756742 -0.0174809252220719 0.163558333195365
-0.0494943740729601 -0.0892866226595887 0.0506391985958669 0.127541096314963
-0.0552948514720256 -0.0990667917479343 0.0924572351882923 0.103885075863816
0.00088259991879724 -0.150484043650579 0.117155579212632 0.119054138496388
0.104713087688538 -0.125621811319297 0.0967300508110202 0.158949024137339
0.175621183658617 -0.0573073139479857 0.022501511799575 0.211168548947811
0.182936684524127 0.128053830654308 -0.106532722106553 0.206643164417913
0.0492376291406849 0.276762434958794 -0.193034517418612 0.15046364984116
-0.0937064683044054 0.296528319930271 -0.170864544071492 0.176186147248702
-0.138651707116286 0.255931195757323 -0.0883976340534566 0.0513021752864284
0.00911572975353354 0.282520068049686 0.148522410701108 -0.0255432320806419
0.149794867627148 0.165858267781619 0.0508706136912834 -0.225634795504574
0.202543617328026 -0.0201428788388935 -0.166177848014041 -0.213240192573989
0.138949717805674 -0.124841006964922 -0.239544959419715 0.00496864154126474
0.0410251712827333 -0.171925841907855 -0.136831125588583 0.115548140770485
-0.0561838092605765 -0.14771514548586 -0.0420163473138844 0.107276196704452
-0.0691279459081687 -0.127287010055614 0.0245101144397115 0.0820320715348753
-0.0731528825071856 -0.129571773894657 0.0710134642909514 0.0501013327683771
-0.0076031954800271 -0.189245700945672 0.121787006362234 0.0557783883819239
0.117974633721544 -0.170769809717369 0.140803710172205 0.0974647039418337
0.215455012084102 -0.10027737612777 0.0957348789229669 0.189986874007624
0.238467737375106 0.134322669455794 -0.0338154535901884 0.213271795319715
0.0703106823690355 0.320388810616554 -0.148628462719394 0.136464899991884
-0.108061483853027 0.343110047190929 -0.108642239191363 0.0887041731738246
-0.192915458058107 0.252642191092218 -0.00976322258500331 -0.0512478275686038
-0.0575013118377066 0.333844423986695 0.184258371293571 -0.0705637625316388
0.135785978748582 0.243629170156875 0.113511595201922 -0.226281967841772
0.24927911277458 0.0221892253641431 -0.0885948569819402 -0.236700422715266
0.182388317574398 -0.131203180097761 -0.183534266172823 -0.0630834015925427
0.0637729630604347 -0.197453720564987 -0.126972688068076 0.0305286259526695
-0.0555164027428517 -0.177710428268444 -0.0641089468921656 0.0334125000336501
-0.0783725985492693 -0.147931535134591 -0.00461745074697207 0.0254343899906518
-0.0820337217814356 -0.140882528256216 0.0440853682812823 -0.0104870543363174
-0.0155432353314391 -0.198722667166088 0.111717119370847 -0.0121777197610599
0.112524675929363 -0.188547977103531 0.164277936474626 0.0281799036755519
0.220853235275086 -0.12358220253639 0.148888858190793 0.148962273398323
0.252352106093134 0.124394248979618 0.0250972250764692 0.196919279908383
0.0720337186482825 0.315584774493931 -0.115292853286975 0.110336345982547
-0.113477785694366 0.335035861339114 -0.0516563347249953 -0.00556646066002896
-0.206204511457061 0.201396252731413 0.0877150006854208 -0.149890557465651
-0.11327657958355 0.306925101776184 0.223166233395877 -0.115249908160357
0.0842945325222254 0.261555070415319 0.168759879690218 -0.207154621105528
0.233978554643551 0.0620371481135016 -0.00221854427599611 -0.230839293038193
0.186545310732317 -0.109273450625388 -0.105777628037114 -0.121639909560907
0.0734638612563659 -0.184515558705848 -0.105353243224737 -0.0581268031639503
-0.0461421038547567 -0.175420958582448 -0.0814950094687872 -0.0441803763378562
-0.0748121411775204 -0.145318188945607 -0.0331378681453299 -0.033047821932627
-0.0788828046064279 -0.134144744036666 0.0157115786070509 -0.067809970481549
-0.0166163260889091 -0.182462380823396 0.0943696827646224 -0.073489488598239
0.10148749904605 -0.175322671950806 0.172716322043265 -0.0327049758445477
0.203945298764856 -0.112098804352143 0.176949592798929 0.109017367773294
0.221744959997822 0.12106251794808 0.0600486500204448 0.17124041111695
0.0432133394169327 0.275524527172934 -0.0935398300391826 0.0807731023761522
-0.117863150193208 0.275057400664535 -0.000478986929683519 -0.0884910844633293
-0.172346784413471 0.116449863345039 0.178151297946983 -0.228435983525928
-0.127782890091975 0.2121485637432 0.251064236482229 -0.147030397818753
0.025928560376378 0.209766173160828 0.205434869162938 -0.179159736323239
0.16752560909668 0.0706171951864337 0.0654366652792361 -0.207126791078323
0.147554991466965 -0.0713104336682466 -0.0356475048077442 -0.160219379681441
0.0635892840828442 -0.137291028018546 -0.0827814129718587 -0.131687504893127
-0.0309996348208039 -0.140248514661368 -0.0933823380141352 -0.10757106681023
-0.0582941418995655 -0.120249712953551 -0.057190279670579 -0.0847938044360812
-0.0617658921551829 -0.112035149270132 -0.00720713565450065 -0.116823267173634
-0.00958991301340845 -0.147556599964306 0.0787911973652795 -0.124370063169367
0.086280111460454 -0.140106828942475 0.177912962645003 -0.0770401462722093
0.173487105148424 -0.0751050682558779 0.192439669351785 0.0811507433305771
0.16013943102835 0.121279654039646 0.0763891504713016 0.150833415877004
-0.00404972285115916 0.213569484746187 -0.0771584071285344 0.0541679165922201
-0.119877046635063 0.17847989705963 0.0461282242064407 -0.145899723015947
-0.103513566061474 0.0118489632897126 0.235593810698793 -0.277261526293754
-0.105089488159845 0.0816993678809608 0.255131319489634 -0.16460888093683
-0.0173861485056094 0.113116644538201 0.218533057799451 -0.159806237371137
0.078054848947412 0.05217301825197 0.0996056672994453 -0.187943451400964
0.0792665188536618 -0.0290867546153911 0.00269269443293873 -0.182871671685344
0.0404643349344969 -0.0689613337655292 -0.0716559014973667 -0.175470789596271
-0.0122233858130817 -0.0815616558881989 -0.10071788748944 -0.147995015116558
-0.0320837751464861 -0.0766115852895482 -0.0733508134164168 -0.120175874780864
-0.0350226132623054 -0.0753196489226226 -0.0209714847904217 -0.152012824392422
-0.000282697933379515 -0.0978875331676062 0.0729384497338514 -0.161565752436292
0.0646883498693353 -0.091762453401774 0.18682946833919 -0.104837336727899
0.12849378819619 -0.0301447389876651 0.202368901651713 0.0688439257891753
0.0849129407246039 0.111474691645096 0.0815614529362237 0.141995747418749
-0.04944082034025 0.130936492063221 -0.0627982789614258 0.0394613842794167
-0.108855726112456 0.0618883933489248 0.0892078572323906 -0.170861309978603
0.0574695375192947 0.0382619675610669 -0.106703891583952 0.208669596604467
0.0504418787878408 -0.049993622038532 0.10986486698996 0.0179111617833958
-0.017775488008636 -0.0578920407906626 -0.047205510926942 -0.16606939511622
-0.0523363153750396 0.00163924708325095 -0.222736843705162 -0.0962690763835719
-0.0183125851209322 0.0311001880326492 -0.228580472360966 0.108526905477593
-0.000323805385340259 0.0275405181879325 -0.0884024921859792 0.211952704996324
0.00767610680741792 0.0298703431417146 0.0234903831101642 0.194089701530453
0.00566304047852937 0.0177281125064007 0.0793175018329693 0.153263880535768
-0.011366325951943 0.0151849926306386 0.10692637014202 0.151906755076773
-0.022352529457836 -0.00486552483074751 0.0834713359559363 0.177329948777113
-0.00758899136076107 -0.0157715363114137 0.00717709042096341 0.198509338004141
0.00638054399599778 -0.0290001771664059 -0.0909206847676453 0.181012186118966
0.0530487697937091 -0.00737579666699858 -0.20504110079657 0.148459355645147
0.0688030767649639 0.0493158395832343 -0.272233853458291 0.140264942301625
0.0187408474638188 0.0869290728645308 -0.258924024613286 0.264222811539483
0.00668147972888784 0.132812968163827 -0.130660831813127 0.18714872143625
0.0679559376535925 0.0546648812327818 0.109458754873772 0.0201763201357217
0.0523126784593081 -0.0116236332588113 -0.032564349366526 -0.179506253360027
0.0219010104300345 -0.0289940472363521 -0.225216467436051 -0.124395611812231
0.0218019239486896 -0.0282990838556682 -0.245145596404629 0.0961020487247633
0.00235826034253777 -0.0409921367596596 -0.106354959388189 0.206239800706674
-0.0217455421406281 -0.0284756541788964 0.0084201073979391 0.188860838396654
-0.023230649584394 -0.0372799521406193 0.0700436198098787 0.148624438910955
-0.0326110791014989 -0.046399698332768 0.104702611902867 0.136714858301762
-0.00450560347076442 -0.0824752939089352 0.101165843170217 0.158654156767153
0.0600606914463393 -0.0676558808226203 0.0443746295858427 0.190524019647584
0.0969209808348495 -0.0266722994404863 -0.0467031113535466 0.199272685765493
0.108170248039451 0.07819041331762 -0.166616550233926 0.173848716836088
0.0424507628647074 0.175891068733147 -0.232636406002438 0.146591629957621
-0.0510438934054249 0.198212080480638 -0.221882111472495 0.233349875324574
-0.0616527918854864 0.207235479262806 -0.125795373124422 0.132701378437428
0.0555557423422351 0.170034041302928 0.121436694445039 0.00559910860452956
0.112934756975781 0.06528897772094 -0.0009504192618366 -0.200530611294712
0.110550276753815 -0.0394924976192282 -0.209285172108424 -0.164985545608921
0.0744825219433259 -0.0839028013358639 -0.250689897479611 0.0616338844380964
0.0155633284356217 -0.110421354391723 -0.123241722397393 0.173088491512554
-0.0438744284080265 -0.0892921231671032 -0.0145928162542784 0.158491876368687
-0.0489974343811877 -0.085715966162158 0.0507853785960268 0.122129143466053
-0.0538820769300089 -0.094701793319686 0.0922641768741808 0.0994042038002187
-0.0023954791674119 -0.144412091065719 0.116937133944376 0.113169502682078
0.0990946111158779 -0.123353796908707 0.0954046502141083 0.15451782242873
0.16772957645635 -0.0579735704808109 0.0236655181751341 0.204374640781374
0.178396105709397 0.121816031289956 -0.1036303376383 0.199633214031866
0.0504814473866164 0.267188687121781 -0.186188226142488 0.146169029362744
-0.0892150666990234 0.284374170767387 -0.164394171347139 0.171396209064752
-0.133635365809685 0.248418830486929 -0.0844858820542152 0.049865210717055
0.0122024054908421 0.272717024465342 0.146604444724533 -0.0246925179897291
0.145508049289966 0.159359916642666 0.0508461405251983 -0.217951588388439
0.194124450256903 -0.0212163478451631 -0.161986115971138 -0.206218817526698
0.132357612457219 -0.122217665797646 -0.229665908593808 0.00575543168745924
0.0369186303796417 -0.166290849717376 -0.130946499797542 0.111419373374238
-0.0560641570840014 -0.140554339957505 -0.0397931833792534 0.10417293189584
-0.0684745217371513 -0.122432011831838 0.0253625546303188 0.0783336303206037
-0.0718458100302203 -0.123684199736897 0.070361998457471 0.0479769599784057
-0.0105133016023172 -0.181927347338402 0.121173394046019 0.0513048876463538
0.110637506838242 -0.168105543943145 0.1380052672253 0.0938836491554814
0.205051065569029 -0.0999327806958086 0.0953889568249397 0.182455884770855
0.232237292477869 0.126985234126584 -0.0336990950587151 0.204931842238024
0.0713059732631978 0.309208475728823 -0.143278372598467 0.132444857849519
-0.103341091089178 0.329313091483084 -0.105024293760481 0.0875730067141308
-0.186518616183359 0.245424154065864 -0.0087292721334589 -0.0501482972197217
-0.0511645504859374 0.324580451628125 0.18054462928714 -0.0678652609380865
0.133194866526431 0.234467044481292 0.110881671003786 -0.218658003786017
0.240242709441203 0.0197243527557484 -0.0854799316473703 -0.228620551745002
0.174573137973893 -0.129937631731828 -0.175312683988263 -0.0616323229473626
0.0585570510334872 -0.191710625121727 -0.123454766825663 0.0290518735657624
-0.0562956386291927 -0.169564417606581 -0.0631786231550701 0.0333809187678421
-0.0779492969821221 -0.141727674894309 -0.00373546988466557 0.0249143091819363
-0.0798395221245064 -0.133909601143157 0.0426195865336584 -0.00952393188290253
-0.0187754162019036 -0.190501140127079 0.110208438752276 -0.0136834527490663
0.105847484403358 -0.185156106160742 0.160310619672999 0.0254845786172906
0.209672393929553 -0.122180458182876 0.14652610367808 0.141959822454088
0.245337145340769 0.11777823631019 0.0236347605698142 0.189089648010924
0.0725831828932044 0.303977020117318 -0.112001605671677 0.106794214297749
-0.108675781831146 0.322029652022887 -0.0508732246868845 -0.0032510452479298
-0.199639321831345 0.195705129286076 0.0853091287990365 -0.145464208176867
-0.105130498275006 0.297991803031419 0.217352621552188 -0.110849853145827
0.0829044943166265 0.252893060621916 0.164226078413058 -0.199974520730336
0.225768287604591 0.0577538426476563 -0.00185705791657945 -0.223204193543098
0.178663262544316 -0.107655229597351 -0.100234801025301 -0.1184104288073
0.0680133294048687 -0.178730918745887 -0.104025816147132 -0.0568983457526507
-0.0472730851144034 -0.167244597280428 -0.0809207708530818 -0.0404075412729661
-0.0746116163448458 -0.138850089883848 -0.031711919919599 -0.0313337788122394
-0.077033092604201 -0.127825291937813 0.0146007132369136 -0.0647203524347417
-0.0187484489023479 -0.174824857201001 0.0912483184871163 -0.0727353581280901
0.0949023946546683 -0.171810254620319 0.167323623951997 -0.0333575942207616
0.193178720831998 -0.110745437929995 0.174491545875801 0.102999267134735
0.214505321129044 0.114148645465849 0.0578017413420268 0.164256474593533
0.0444088344554765 0.265841566302792 -0.0906521199173205 0.0781605686510096
-0.112723259119262 0.265115247655256 -0.00303020082122253 -0.0833044350648879
-0.166999996247603 0.113315495075831 0.171390197405482 -0.221296294841667
-0.121372407633644 0.206076474181951 0.243084155380162 -0.141417720728264
0.0268270435013731 0.202596646740944 0.198880535078258 -0.172957749525457
0.162210253491461 0.066728680578663 0.0640867662250753 -0.199769658860046
0.140907345593469 -0.0704593777927244 -0.0331068400722842 -0.156396051081169
0.0595420530590633 -0.132685137080782 -0.083576167414955 -0.12797925372131
-0.0318523402505681 -0.134065946796061 -0.0933435256696448 -0.102507058214715
-0.0585527631698533 -0.115022127871286 -0.0565428489523694 -0.0799204812544847
-0.0603214363439843 -0.106192096794924 -0.00854558822113365 -0.111732786253789
-0.0112352381242892 -0.141979217167067 0.0754981470253733 -0.121561990397451
0.0814428600514577 -0.136947992437034 0.170992522435911 -0.0767262892948496
0.164686094170451 -0.0749628100519157 0.18774016294936 0.0767192462441468
0.155725296188128 0.114587698597767 0.0732807953270931 0.144615671699069
-0.00184005569614361 0.206316893324194 -0.0746133749145022 0.0537080717917563
-0.115343598917204 0.172729779344208 0.0421042550656525 -0.139260896622261
-0.0998714108035384 0.0118367956087316 0.22710691872807 -0.268211160584607
-0.100466420066427 0.0799954271110217 0.246520377053778 -0.157853166868817
-0.01528773624926 0.110119349771047 0.211499469741146 -0.15473758733301
0.0763645834832933 0.0502477293205142 0.0966098788945609 -0.181991285199878
0.0760524377206068 -0.0296151495064071 0.00327163289667195 -0.178052494688446
0.0381058612347164 -0.0663366661371698 -0.0737670711602452 -0.169758656735117
-0.0125698096777366 -0.0781061720401427 -0.10150089787034 -0.14066112929822
-0.032143012252905 -0.0736067107269819 -0.0715352614420578 -0.115217030516386
-0.0341290070168881 -0.0721754837479168 -0.0219192717921578 -0.146002772299703
-0.00165130701247286 -0.0943603963135756 0.0689358408257083 -0.156490522939018
0.0607146008572834 -0.0890121127798176 0.179759266971309 -0.103296570948387
0.122701545676395 -0.0303940714794453 0.197873349689509 0.0647226752623309
0.0833508393873283 0.106529524841681 0.0785097264908006 0.135677597777038
-0.047762364528322 0.126725251508763 -0.0616816070204831 0.0397318047763705
-0.105735880624771 0.0603856199654845 0.0824865340787808 -0.163849127589288
0.0565583842047804 0.0389862898697175 -0.105471303541062 0.204333650482707
0.0493162036067229 -0.0496771119971925 0.110584848179731 0.0175483156801537
-0.0171474141865834 -0.0575912532118892 -0.0439199974439609 -0.163332026288614
-0.0514667154489732 0.00177627073661298 -0.217133686976293 -0.095139136191273
-0.0181039012240872 0.0300083088343912 -0.225300655304442 0.10565128100476
-0.000486940201143336 0.0260603656723712 -0.0870303842710171 0.205870130837103
0.00755766053041723 0.0285818452823915 0.0242028699339756 0.188149618696628
0.00519875460286255 0.015939442765514 0.0778906367774596 0.149347608746717
-0.0105679624593306 0.0138136518307703 0.105767375865032 0.147908555072851
-0.0219356845884574 -0.00418566254086714 0.0828941649548391 0.173913075003541
-0.00749228723694001 -0.0159197811890183 0.00646125224551944 0.195073369970937
0.00566947902578561 -0.0282389960555015 -0.0918902945691786 0.175447890655339
0.0526307227812278 -0.00718426412039688 -0.204078563907927 0.142746959425781
0.0674375885104773 0.0481551390249343 -0.267483962072932 0.133026260543149
0.0161310930290496 0.0851542305312285 -0.254678858498291 0.253830025679185
0.00626685168813542 0.130200652965625 -0.128723475449467 0.18246780360422
0.0664178249115045 0.0523558467566193 0.10965455616286 0.0200647888717793
0.0506826734093972 -0.011666321407988 -0.0292503564928623 -0.17604703149952
0.0201291838936382 -0.0282451344855738 -0.220155109943788 -0.123084068101945
0.0209718666823593 -0.0276871151863351 -0.240764427790198 0.0922082796880569
0.00216885119328108 -0.0402313473950673 -0.104107087294374 0.200374759477627
-0.0207508185348807 -0.0284416350357791 0.00891499472345856 0.183975570718878
-0.0223919895363404 -0.0367924683462933 0.0690688982207804 0.144990132126012
-0.0316150679533709 -0.0457469725579242 0.103751632520441 0.133778676214358
-0.00482153720697815 -0.0799558518327574 0.100847627099086 0.154705327725236
0.0583493674160761 -0.0671982010630303 0.0427234786141191 0.188411753301991
0.0938753210054277 -0.0261496159655121 -0.0473698842592124 0.194169374560497
0.105891024072803 0.0772216375415946 -0.166293429757455 0.167596212143095
0.0405169687315057 0.171324927558572 -0.228535825958925 0.139726736248696
-0.0532528721019613 0.19208178885853 -0.217027831353012 0.225722452328649
-0.0617202331785711 0.202408006708658 -0.123192634421473 0.128542078179778
0.0540193066747 0.166396044732085 0.122303370962196 0.00638426525549284
0.109141166931013 0.0641352176854319 0.00294312154063122 -0.195754993987649
0.106810611556513 -0.0382106317580514 -0.203255139899395 -0.163548392469186
0.0728011888272904 -0.0822242280657717 -0.245351289238938 0.057830910477984
0.0147858421038304 -0.108017842374996 -0.120871696543302 0.167568813224726
-0.0431074468431223 -0.0871314512982146 -0.014864451265836 0.154511688291639
-0.0478547532241506 -0.084101076152729 0.0504923970975508 0.119610726157065
-0.0526319897531278 -0.092502844146793 0.0909657494920167 0.0976984987758341
-0.00309655914503677 -0.140935370301009 0.116522554109894 0.109810791843343
0.0968979939736681 -0.122858891129627 0.0938388570209698 0.152755672043579
0.162779501941434 -0.056654748108603 0.0221619836005949 0.199517727278022
0.174057504117015 0.119735839400938 -0.105752695866498 0.193637326842985
0.0483949363224598 0.261370588245704 -0.183462630524709 0.13980160119262
-0.0911900250925428 0.276059114556482 -0.162383707148278 0.166932616155151
-0.133121067884393 0.242072495189112 -0.0817333589904463 0.0475652188869913
0.0109603781234104 0.265955969131392 0.146468565400548 -0.0223966414329756
0.140483035826768 0.1563121854794 0.0535323588425411 -0.211406905594548
0.188817777567349 -0.019824066136154 -0.156198853437774 -0.203065753909013
0.128677744211317 -0.119017078605168 -0.223053557485686 0.00187505904525203
0.0353195322371822 -0.162441095578842 -0.129251559569316 0.107585301216831
-0.0543962129721419 -0.136175374084085 -0.0396807924875708 0.101677710971545
-0.0668308323697229 -0.119672237110542 0.0256240023162853 0.0767132432285951
-0.0693075883560225 -0.120540258816518 0.069971076603382 0.047854416714517
-0.0108849857109088 -0.17706113486531 0.11998527139888 0.0494242039238016
0.108422887153705 -0.165177332000949 0.135814330051865 0.0928086368823004
0.199040802668294 -0.0975443318635978 0.0930125244111051 0.17840617449359
0.226692013166374 0.124370312653007 -0.0365996782100321 0.199742112233511
0.0681973023433507 0.303326807198241 -0.141964495182374 0.127258451283742
-0.104964919688028 0.319359947548238 -0.103967398517027 0.0863348702852342
-0.186038444450312 0.237245385760358 -0.00718226141127295 -0.0489277997202026
-0.0508319703106502 0.315428963681953 0.180270608718126 -0.0646462750922765
0.127930611970403 0.230892763459697 0.111846804610352 -0.21134232845905
0.233148082397563 0.0208445454490403 -0.0805218765344133 -0.224850533943977
0.169824309766578 -0.125884813122039 -0.16869759204179 -0.0633052163727631
0.0564620824028941 -0.186756427486858 -0.121726817486485 0.0265467887124791
-0.0547831981203194 -0.164114346768467 -0.0626795797961133 0.0331008796856972
-0.0764442283262567 -0.137989877946644 -0.0029517160283237 0.0239882510938265
-0.0781327103694598 -0.1302704899676 0.0424233645936121 -0.00829092642415512
-0.0186539715305002 -0.185148678714885 0.109939532228113 -0.0143898641343834
0.102545342459274 -0.181560560449057 0.157277670911767 0.0260323413611186
0.20261927332026 -0.119052621867718 0.144612250285051 0.139793582612898
0.239190977553436 0.115522401332862 0.0193698781774387 0.184418711691718
0.0703680589395173 0.297878420706315 -0.111085074833091 0.102871358384232
-0.109151773296248 0.311774719171081 -0.0507122057812277 -0.0020588307697673
-0.198084042451656 0.189856677523357 0.0857496941769058 -0.141881527487655
-0.103578821908883 0.290811892081117 0.215538174315523 -0.104778956300933
0.0797847029784504 0.248332618630148 0.164581026035393 -0.192332787421313
0.219678411801742 0.0574256913369143 0.00137129521645737 -0.218073554922663
0.174727119154538 -0.104403161155813 -0.0952982201883494 -0.11834909016206
0.0660446671983446 -0.174755245937963 -0.103170363753311 -0.0574687803899352
-0.0460062628296144 -0.162231562746235 -0.0810277270311342 -0.0386875556881359
-0.0730048121449988 -0.135414250308804 -0.0309525489748077 -0.0308246640079198
-0.074538310784198 -0.124226605558861 0.0151702212107474 -0.0622115789420003
-0.0185884750343896 -0.170392847057027 0.0913220768155214 -0.0714311170913712
0.0926178014315509 -0.168131533298961 0.163961440808899 -0.0323185382622749
0.187223019101497 -0.107667695257593 0.171634185482291 0.101293910250901
0.209028125174632 0.111982894385721 0.0534507099623076 0.159887548579797
0.0421473421009578 0.260515014926313 -0.0902714966503222 0.0758410425049296
-0.112737037490125 0.256612200851571 -0.00394611757633595 -0.0795276928160856
-0.165134449633576 0.108806491548972 0.170917521369504 -0.21515248729758
-0.118794083190423 0.200534312597112 0.240514647023605 -0.134228935102327
0.0255433391171106 0.199009574206874 0.197442521033998 -0.166303764915621
0.157541251756457 0.0660328824710555 0.0657172479046701 -0.194323787989894
0.137551686885477 -0.0683197183897529 -0.0290738280922995 -0.155212019051055
0.0591895901411885 -0.129493451682974 -0.0838637678802848 -0.12606649140059
-0.0308383906063061 -0.130017594287249 -0.0938601288522457 -0.0984371694316268
-0.0575338685730257 -0.111843207064804 -0.0540238349746409 -0.0784866954999687
-0.0580464419381914 -0.103312999077631 -0.00767600435986853 -0.108137598969293
-0.0107994296737528 -0.137510553272792 0.0752587926322042 -0.118114762520163
0.0787840146782217 -0.133317980816365 0.167682654136207 -0.0735762670540411
0.15902573522887 -0.0723122166094237 0.184710443764196 0.0751466366088556
0.151535586739036 0.112835465729235 0.0691128240486736 0.14106158366829
-0.00370129984724469 0.200993613729596 -0.0743872612535814 0.0523975897750098
-0.114764313578284 0.166302982435035 0.0397707115918255 -0.133496831938411
-0.0992951191706086 0.0100932151893112 0.224817340598542 -0.259754105028464
-0.0984654315413846 0.0775817506325271 0.243044046993569 -0.150640827065556
-0.0148238065041282 0.107560081924351 0.209365461502826 -0.148219969310597
0.0741376255335354 0.049683356457457 0.098430727156404 -0.17549909536199
0.0739244783917959 -0.0287229503804111 0.00653150425814949 -0.175750343416038
0.0384700222593023 -0.0650802091147962 -0.0737168103807572 -0.166536526294771
-0.0118215110354764 -0.0754522411492933 -0.10091546474326 -0.135619405038198
-0.0320048320858265 -0.071530295391925 -0.0693717896926831 -0.112292646657312
-0.0328732739566482 -0.0698845815137399 -0.0204555423564951 -0.141796388489651
-0.00111552659413745 -0.0919208938808003 0.0687371013504901 -0.152918899948033
0.0591449125427002 -0.086467715384205 0.176044531987087 -0.100460580275533
0.118565753237112 -0.0294940774861128 0.19337997565198 0.0633276433333688
0.0806995378648439 0.104382840703782 0.0738572789577032 0.132978880258074
-0.0477050846235883 0.123209471603556 -0.0615824342121597 0.0393008163861782
-0.104914791661836 0.057889662639034 0.0795574989278492 -0.158194740683217
0.0566354015970448 0.0402490967393839 -0.106727935751253 0.203425390597147
0.0491651383919215 -0.0499012512504546 0.11341266552317 0.0177020201136866
-0.0174725002092684 -0.0579139166903163 -0.0409463408023661 -0.163883906047252
-0.0518421802186885 0.00172935628613227 -0.216526404745241 -0.0974980386119821
-0.0184690007854433 0.029187306453834 -0.227297384600457 0.103274972917647
-0.00110145389971875 0.0255599303873145 -0.0879152849971089 0.204009497615828
0.00723004639475468 0.0281935932994426 0.0239116956895282 0.186060375531583
0.00502041314579437 0.0151123293609079 0.0776592316975832 0.14893369962823
-0.0106022628900425 0.0133155481600757 0.106944589222853 0.147080622802178
-0.0212862605508085 -0.00400198468315785 0.0828440137366697 0.173595493889078
-0.00724546297540135 -0.0165684152446033 0.00496010169477041 0.19645776109069
0.00545096541548676 -0.0281136219863476 -0.0952356527562061 0.173099372912867
0.053685297365583 -0.00686665229670983 -0.207894480456567 0.139057456136148
0.0669037298032368 0.0474329461343024 -0.268980718317854 0.128003393534007
0.0128016942034026 0.0855058386579334 -0.255725759331571 0.249124940276879
0.00501225102083026 0.130696114920056 -0.130568066871035 0.180970453247328
0.0658631919402368 0.0522331469021662 0.112595129929791 0.0204256282623938
0.0495364517891887 -0.0111537291586012 -0.0250519007559598 -0.176406419799668
0.0193271645352612 -0.0280567987008808 -0.218382376636124 -0.125528340957738
0.0201996080874415 -0.0276527883700938 -0.242695598113646 0.0892315676090045
0.00184302589735983 -0.0404961456632386 -0.105539483531436 0.198472564680929
-0.0204126235041215 -0.0279077662719465 0.00846431689984767 0.183120977626073
-0.0228599933722203 -0.0371887180541621 0.0687062042302827 0.14481655037568
-0.0313501314397173 -0.0459763554676922 0.103877693181793 0.133252472907664
-0.00429224029195447 -0.0798234050496331 0.10097172693717 0.154941197103623
0.0585775578602693 -0.0676416837785011 0.0425636692454579 0.189719374630465
0.0935596373704723 -0.0255658114931827 -0.05025298070459 0.191723831245951
0.106059843253251 0.0773852085064983 -0.171221566327517 0.165098429048689
0.0395424530125755 0.170826526381441 -0.229811321006384 0.135366489351264
-0.0574522386087132 0.190410156045391 -0.218510344197551 0.221546992275295
-0.0650565256850101 0.202377368203035 -0.123666221070034 0.127101276814264
0.0531401329316743 0.16584597428867 0.125669383067618 0.00774580432461407
0.107347218761334 0.0648441816096704 0.00747811188058517 -0.195266045198233
0.105410007739843 -0.0367995194783278 -0.201026660508488 -0.165987523971259
0.0724688500380573 -0.0818840664151041 -0.24550640339709 0.0537261002748238
0.014275166434008 -0.107883335995449 -0.122554840948928 0.165307007188119
-0.0424010140505591 -0.0861308731905111 -0.0148713373090843 0.153896722116641
-0.0476395383844215 -0.0843641543409857 0.0503261307784557 0.119375573726309
-0.052192648836665 -0.0919820095782074 0.0922963227370024 0.0979614243708096
-0.0024998549802835 -0.140070140157898 0.117288493686803 0.109837519572842
0.096477039369308 -0.123182638007237 0.0936895727410151 0.154966066860738
0.160866179747412 -0.0555671279969047 0.0194444854351556 0.198176658471234
0.173273449103172 0.120873086827537 -0.110422880075035 0.191922098724798
0.0465601902887061 0.261578954153685 -0.185442517673116 0.136901917115992
-0.0967822212468773 0.273030293463575 -0.163054414081224 0.165131209908237
-0.137247173827856 0.240731591870439 -0.0814709063419369 0.0458139062133693
0.00987956380579382 0.265075282019081 0.150348734411665 -0.0216776316126553
0.138076161614289 0.157813324869742 0.0585978151512358 -0.209979893992148
0.186634380369981 -0.018249390675208 -0.153134027141229 -0.204940704417047
0.129192444525711 -0.118021934569678 -0.221749564790566 -0.0025759423774311
0.0357563132634828 -0.161560477990828 -0.130230431268937 0.104935959589002
-0.0540752503060056 -0.135211415454374 -0.0404019195193058 0.101607617293718
-0.066876202371123 -0.119714222894636 0.0259289483686659 0.0763951376316809
-0.0687736163839016 -0.119985314511135 0.070945034542025 0.0483104823644456
-0.00999672119341526 -0.176190666566023 0.121447794364587 0.0485749356468349
0.107527133360563 -0.165852577646768 0.135951588768288 0.0953025349510008
0.197514701345326 -0.095808076146077 0.0923065083728438 0.179093006859571
0.226210221812261 0.126493702140372 -0.0420442381936716 0.198329852662788
0.0664213505231127 0.303313670410252 -0.144237637047025 0.124358986573751
-0.110209311233074 0.31555169251576 -0.104943032220182 0.0861394967701419
-0.190289497941751 0.236060966149005 -0.00579268793172489 -0.0494568815697481
-0.0533193478718424 0.313691001083653 0.183265202982139 -0.0619248203104913
0.124968710709129 0.232600048357912 0.117415748209739 -0.208699511690714
0.23153119352917 0.0229994546962089 -0.0770761639729193 -0.225839706912863
0.169952148935843 -0.124884964061868 -0.166207291358318 -0.067646631705815
0.0573059654530915 -0.186608356939031 -0.123819494866983 0.0239108051573689
-0.0543115835276885 -0.162697499185032 -0.0642757732956867 0.0335640098181699
-0.0758461105388998 -0.137147109829696 -0.00313772537133507 0.0236232382642148
-0.0766559389283589 -0.129585652597995 0.0437084168684387 -0.00652180922146547
-0.0177605327198288 -0.184337083967954 0.111167373994554 -0.0149628133362232
0.102267920400044 -0.182204432998145 0.157697198585236 0.0280382960623397
0.200729617828543 -0.117149141693773 0.143735528884394 0.139850191133868
0.237876056030218 0.117143758370768 0.0153386035193245 0.184100478214261
0.0680594686838143 0.299065210341929 -0.113049901906489 0.100740284057668
-0.114090512125462 0.308715416752105 -0.0512272321364595 -0.00118644194222665
-0.201717105589532 0.187022759290799 0.0882197669784962 -0.140605257757277
-0.105234874809231 0.288015123264042 0.218805469175114 -0.101789005055934
0.0770969679434443 0.248653092329873 0.169773697437731 -0.188902361777879
0.218381598993541 0.060209495128613 0.00595034763357792 -0.217971785350746
0.174206815397935 -0.102901733989514 -0.0915118319455752 -0.121956391809402
0.066840732865027 -0.173437794347825 -0.104632221055961 -0.0593213138936873
-0.0454252149040109 -0.16115870200008 -0.0824778947631092 -0.037735600983273
-0.0731711268311206 -0.134622569073628 -0.0303540532207998 -0.031231303599852
-0.0733062819795528 -0.12324734751763 0.0157146086481308 -0.061392688509617
-0.0172901296501128 -0.169467262379859 0.0933482135580923 -0.0719018004614534
0.0918704285389127 -0.168320992722546 0.164959017356437 -0.0301527351970905
0.185330378834822 -0.105184777332914 0.171697427900079 0.10184511833404
0.208031795548226 0.11295456842009 0.0496573418423479 0.159879337263442
0.0391794189398938 0.260476677161463 -0.0919534479991807 0.0741264627690031
-0.116664861476933 0.252398081675459 -0.00388710988907653 -0.077019945462128
-0.167156344950409 0.106536888934281 0.173982124008396 -0.212157114809416
-0.119921236327912 0.199125140882671 0.242855790435878 -0.130236637927392
0.0236502493859644 0.198504026217075 0.201299353467957 -0.162167631476367
0.157133396321935 0.0678660063653563 0.0704717008206299 -0.192233597588244
0.137431645991417 -0.0679704009897899 -0.0253129159237814 -0.157055909180014
0.0596322775996226 -0.128469553569902 -0.0846172350882575 -0.127032179838635
-0.0306364774098431 -0.128914415803165 -0.095308451074642 -0.0967930551069951
-0.0570908528757194 -0.110996709383459 -0.0534306231380766 -0.0780075815185498
-0.0569570750771805 -0.102957971867665 -0.00664385777530413 -0.107230722743264
-0.00992220985231799 -0.137427225769094 0.0772187831950322 -0.117874498621037
0.0787734677307564 -0.133284669931845 0.168276649881488 -0.0716860712842397
0.157020888874962 -0.0703782166563496 0.184708125544807 0.0760685618492299
0.150458956892602 0.113296205951066 0.0659402326901944 0.140605572623095
-0.00577692834956986 0.201007985758753 -0.075434117473178 0.0519546698735416
-0.116981184960983 0.163714681122316 0.0391624419349472 -0.13072691804971
-0.100190767919272 0.00923973207022882 0.228883593731798 -0.256141470248231
-0.0985458252250364 0.0762696704294816 0.245646487143101 -0.145329435839326
-0.0149799764230199 0.106692278957778 0.212699570787479 -0.144859893644756
0.0737317003311396 0.0501061309239093 0.102703102890937 -0.173549009112855
0.0736794401954377 -0.0278091482704995 0.00976258684106507 -0.177066553001904
0.0392369256347869 -0.0639545208915485 -0.0747884496398892 -0.166705709601386
-0.0111480451254019 -0.0754707416428768 -0.102914064873996 -0.134752844421278
-0.0317067711654172 -0.0706978745220702 -0.0682631394702705 -0.111717289415482
-0.0321613530018048 -0.0696057432811678 -0.0184291486958666 -0.140470555822275
-0.000318656903135539 -0.0922503210691549 0.0697050964028699 -0.151083352473568
0.0593517565729846 -0.0855764057098523 0.175911272164143 -0.0978828893333329
0.117632356081383 -0.0277811715984757 0.193023672991051 0.0642996776410697
0.0794620310383527 0.105145863538756 0.0715998270240182 0.133159180487872
-0.0498188663444838 0.122921661240525 -0.0627764164546426 0.0391209645283153
-0.104722515965749 0.0560515108507224 0.0787882486847389 -0.154976102664005
0.0713991455176532 0.00267849388632009 0.0403900040683708 0.225050889895628
0.0110943317257143 -0.0685810222726721 0.104326264702564 -0.0592183038819551
-0.049037068406601 -0.0379186497214149 -0.133695751156036 -0.111627145340288
-0.0417386873709491 0.0322305967474104 -0.238135736795519 0.0537764188375017
0.00235182043290804 0.0357636117975347 -0.122026543344809 0.222747510335065
0.0145450012297499 0.0208834756112994 0.0534077619466526 0.218286746419301
0.0232858626072923 0.0164359456876971 0.134584142499002 0.135065805492916
0.0130603105058478 0.00913564593704241 0.153820135407674 0.0719616046677619
0.00076717993076308 0.017421060302879 0.177171620623821 0.0518572558298276
-0.0191485289408966 0.00975716223984966 0.175266854194483 0.0907315039035498
-0.0148011499922482 -0.0079272073130282 0.125548191660788 0.157238650268731
-0.0113096793185379 -0.0248478907591494 0.026112796146031 0.2013075175253
0.040842713556026 -0.0367618237267316 -0.085136931784274 0.243739074593208
0.0834577126107973 0.00116584429131273 -0.140291387450124 0.275151083510055
0.0620667440124045 0.0690994759814189 -0.0591639937364961 0.363933162743331
0.0776365112297804 0.107862753951498 0.0131734314319884 0.223972443793835
0.0821009797263868 0.00349543280588906 0.109158730944178 -0.0543282800183314
0.0323585770036884 -0.0382159561269653 -0.124016848492786 -0.132663459743743
-0.00234376209456518 -0.0313603627617408 -0.256426955893815 0.0284812696266593
0.000337246282130479 -0.0339364175799931 -0.143676219211958 0.218079892243057
-0.022405717893796 -0.0337307634531638 0.0346177960081557 0.222760270767649
-0.032279328811925 -0.0109883298547803 0.119484709020377 0.142575407601722
-0.0416149330576067 -0.0165073244786362 0.14485097058031 0.0739197194670075
-0.0526564063120452 -0.0184067716808943 0.168720258530675 0.0413745471511892
-0.052829019820562 -0.0627713745709663 0.179549886697458 0.0640945481054035
0.00747144077071668 -0.0920739485942846 0.151051401280621 0.127979885635525
0.0637701639216546 -0.0769321118637348 0.0742770404171367 0.188011869005299
0.13965356589139 0.0017520185341736 -0.0395515808187549 0.240682310524761
0.13933065050731 0.121060092029931 -0.107713038954479 0.257614871629373
0.0682627583490665 0.201197938636313 -0.0473792820496099 0.313977975908741
0.0589562147874208 0.207027811899129 -0.00817631626340962 0.179534872023258
0.136213846192516 0.101358466780232 0.114749782069309 -0.0688096363131427
0.123272990866205 -0.00908708084242451 -0.102979880613417 -0.168652788637475
0.0617103868438181 -0.0872103929663901 -0.264637785316417 -0.0196662901879445
0.0113771811439103 -0.106892017413408 -0.167603135776008 0.189124357236072
-0.0518441853460078 -0.0952668403606149 0.000198542664489365 0.204721773846946
-0.0843023712821581 -0.044048103866382 0.081355943791091 0.134256425746162
-0.0906889372455001 -0.0393910998966327 0.114377348352042 0.0644800690481767
-0.0982855464781802 -0.0433792322257594 0.137287310508089 0.0207283521192267
-0.0886469188477536 -0.113621987038341 0.164754141001543 0.0163212167228148
0.00367685831223401 -0.162220675507265 0.170330496048695 0.0683336719578063
0.102069233929405 -0.144018058974289 0.135851116892123 0.150315727336293
0.224902663032253 -0.00499460467559922 0.0254359338418787 0.224611812327612
0.203985663550346 0.191522836941998 -0.0737257895757286 0.230529027205573
0.0878270162765811 0.295003529725716 -0.0391179497151683 0.228535485352943
0.0193089246965347 0.279701014142208 -0.0200345420608293 0.0929558084231509
0.156843461383875 0.205767809287526 0.119264970042885 -0.102646446355125
0.202613130327124 0.0487417043454902 -0.065030962747021 -0.210142989338198
0.137905915897394 -0.118162781663089 -0.245900782683002 -0.0839225335185014
0.0355459338140608 -0.169817501476613 -0.182133402825778 0.126612686026278
-0.0672359375060159 -0.151102081327098 -0.0431991972726517 0.159866118792293
-0.122999459421332 -0.0755758704657648 0.0266091923742221 0.108316213492724
-0.127209569629488 -0.055910256779202 0.0680217798986642 0.0455573386929073
-0.129344312198879 -0.056278295855155 0.0904234350719202 -0.00574157382715622
-0.117425698539261 -0.137803440951641 0.130576528633802 -0.0358129595455606
-0.0145282374951113 -0.205525999503846 0.167433965007135 -0.00575137639596948
0.106816140428983 -0.199911856471339 0.18317031354864 0.0893755270391108
0.274149251374269 -0.0345838741531106 0.0846568909291743 0.187580399399008
0.247540033981564 0.21475229818315 -0.0490876677938126 0.196059966297288
0.104280732568956 0.337726804605329 -0.0426596738580661 0.125415082006773
-0.0280316242749221 0.303180314091326 -0.0159532089314475 -0.0268732148697062
0.135526885252208 0.280482002358502 0.121839457716878 -0.152243455714439
0.235429094759039 0.11648273536403 -0.0130049747547918 -0.241667125903851
0.197407211879063 -0.111814340774812 -0.191695639760447 -0.148450272571839
0.0653950843575639 -0.19818747126481 -0.176247381168232 0.0384247601024331
-0.0643400302036371 -0.183873535743701 -0.0868401014232753 0.0892111803243975
-0.139838766037306 -0.096914659399419 -0.0356071972285854 0.0677279598522717
-0.145496046950085 -0.0643301019302402 0.0128102628285346 0.0197939014604539
-0.141991512860646 -0.0591190763990378 0.0341761841527904 -0.0342512358235324
-0.128831476660902 -0.140443646445255 0.0833582609753387 -0.0816769129568311
-0.0290636810053058 -0.214954322206978 0.143748831945516 -0.0733990570906238
0.0963461521559656 -0.21995901444744 0.201972744256895 0.0258665895489974
0.278759283660203 -0.0506816954508367 0.12133060445049 0.140276344641091
0.245804450577142 0.207740573623796 -0.0383842996243712 0.157440273900148
0.0974085257343163 0.331805945294543 -0.0526486928012546 0.0210178037717613
-0.0645234649520255 0.269199076124866 0.00214596120834105 -0.156035146140113
0.078561591510702 0.289439379255495 0.122879862215345 -0.20387970115561
0.206076169602228 0.156468402232464 0.0410077456916108 -0.254223934917365
0.208040651747128 -0.0755265550887819 -0.117345844376974 -0.1907574156671
0.0803042373233089 -0.183549192747162 -0.147615609604009 -0.0500887198811046
-0.0486052765858158 -0.179297076509216 -0.12255650127269 0.0110077533993669
-0.132094928050946 -0.0999875163788743 -0.0941722261776672 0.0225030211728636
-0.141402333606891 -0.0638416321621045 -0.0426406855236687 -0.00650420129537682
-0.135408522328817 -0.0558587241069842 -0.0214713641692463 -0.0600788644771743
-0.118947716500881 -0.128534795374856 0.0331924371174527 -0.117348123864784
-0.0291882619288244 -0.197078078756221 0.113789486423191 -0.124574869869587
0.0909356934853078 -0.200888669617337 0.201213980243792 -0.0225793076311603
0.250694732796229 -0.0351057675670885 0.135010347390208 0.0987803297940497
0.197129957898215 0.19347388793433 -0.0364131352395035 0.122016958291138
0.0603563249330478 0.286024610741884 -0.0597482549466024 -0.0697817331520291
-0.0808904074708263 0.182264937992199 0.0227452803733633 -0.267896254870102
0.0154238648217758 0.225717673483656 0.122404543318325 -0.242254287068758
0.134188783398924 0.145758867205746 0.0799350163046024 -0.249598552222698
0.163660726211316 -0.034970280201112 -0.0497458172758395 -0.206465178551348
0.0711704106308939 -0.134322633570776 -0.114449374039607 -0.117836057219485
-0.0283475468974164 -0.139216136009757 -0.146713021897565 -0.0542969722397174
-0.101332086052711 -0.0834757344394265 -0.140454799415612 -0.0181555001646343
-0.114687833920923 -0.054446178575013 -0.0908273536194549 -0.029930302621324
-0.110139508532064 -0.048950198425869 -0.0684097331146494 -0.0832861483793112
-0.0930937559454516 -0.106810704088006 -0.00771214925372245 -0.144331413142729
-0.0179971515182402 -0.159855295897693 0.0911411491138721 -0.16024017586084
0.0885501278029331 -0.154523703720767 0.195981959685926 -0.0522565866690873
0.200978987927856 0.00122751613121923 0.137181901489492 0.0733551038096055
0.121419643615729 0.17221133921445 -0.0358516896415771 0.0916699591281392
0.00468571188796631 0.210609151589283 -0.054274593264739 -0.139238665631491
-0.0791340996943736 0.0620002301889878 0.0342599338832896 -0.339154281649429
-0.0368051522444813 0.115035023593055 0.112142799676324 -0.260187297400834
0.0495927492839022 0.093340333669309 0.0939334284949175 -0.242838020579037
0.0863922597430456 -0.00342765512369289 -0.0143600909329856 -0.208027091819715
0.042483089392056 -0.0652991621913966 -0.0978677422877437 -0.152900432126248
-0.00635506740362998 -0.0747311788512789 -0.162994524922289 -0.0901057222191269
-0.0543060800864214 -0.0524254128564601 -0.168508828992614 -0.0440819690693065
-0.0694623826081738 -0.0377318031135093 -0.122839588494917 -0.0480566557413229
-0.0696352360452654 -0.0376087270651542 -0.0999129472228584 -0.102602991523844
-0.0577449101054414 -0.0752441386823103 -0.0340670219222333 -0.167118184856077
-0.00379811202946992 -0.109286683670897 0.0815810265007198 -0.186629057437828
0.0821346040802404 -0.0955848093707243 0.196199665817774 -0.0663140315359206
0.136148390739312 0.0388837225612934 0.137556963166325 0.0633961337457306
0.0356423585303715 0.135688886368493 -0.0307316298187628 0.0719865337972019
-0.0526137223719688 0.111789089323577 -0.0329380448500251 -0.180658623971009
0.0738045722905329 5.48418318417104E-05 0.0491624878120925 0.22990776996513
0.00936686837117051 -0.0705042815353143 0.106920644491323 -0.0668782060900931
-0.051334041340271 -0.0370691645800386 -0.139269916255304 -0.112385037266207
-0.0416811768890239 0.0348426747028898 -0.242648357049225 0.0622489531158927
0.00319420535663242 0.0369718415257772 -0.12001106221106 0.234627329506349
0.0156466996306289 0.0212205782680412 0.0614061096279833 0.221711745654231
0.024477323305558 0.0159434911289177 0.141472125692242 0.132300802096724
0.0131069010786966 0.00862641564869736 0.159182014636338 0.0678550119539876
0.00103466812507263 0.0173172151127655 0.184418270008291 0.0442828673955883
-0.0192984858707231 0.0102976237920702 0.184604039959146 0.0868198061775041
-0.0154739293917373 -0.00808124216366866 0.134444269236172 0.158626892768898
-0.0123839505460319 -0.0247238994977631 0.0295954354215607 0.206559093541815
0.0407854895110193 -0.039787452500142 -0.0827977304140154 0.254364582263038
0.0847039110224312 -0.0023364792438156 -0.137955882320448 0.28465593152116
0.0649709507249787 0.0716923672750304 -0.0518461766537855 0.372861566098805
0.0835367976505719 0.109121082697893 0.0212146506459624 0.229428441394412
0.0843079475971657 0.000772950622984187 0.112588680612917 -0.0618619192736176
0.0316127398960162 -0.0395575903046785 -0.12945332720294 -0.134220486840752
-0.00293879993006022 -0.0308789235930965 -0.262598877285338 0.0357436959340742
-0.00121850829373888 -0.0339089731859667 -0.142055716014498 0.229565951693777
-0.0240520290889649 -0.033282129994485 0.0419002874265451 0.227111671738327
-0.0334643633572298 -0.0100294503673926 0.12654856178515 0.140892609082082
-0.043445000343712 -0.0154547762057817 0.150918654178899 0.0696364994476545
-0.0544318601958059 -0.0169244724351417 0.174598052576873 0.0347886868318098
-0.0566610860091394 -0.0622329898667806 0.186970214351097 0.0588973356410197
0.00324372934869859 -0.0946534473114439 0.160501221355917 0.127832686008373
0.06265969403057 -0.0800186133230737 0.0786763507740594 0.191857642299068
0.143348150520833 -0.0029214373084381 -0.0369927989306861 0.250234938614768
0.145486014684805 0.12046597388942 -0.104635745170455 0.266167416509406
0.0739311139841883 0.207609874267152 -0.0405985213753349 0.321059848875655
0.0656769316005796 0.212709056667472 -0.0029574955584408 0.185036925180257
0.142184403254806 0.0997868032593038 0.118074206535731 -0.0762381159667133
0.126021785998239 -0.0122997543869859 -0.108313265970224 -0.171771746191388
0.0600754651729975 -0.0901599391684426 -0.272215633485741 -0.0129652018516046
0.00736212626568115 -0.110277050753197 -0.167553414976884 0.198872731082733
-0.057098516657043 -0.0959102739030738 0.00585307434036497 0.209976820824189
-0.087436915545634 -0.0416236965443163 0.0874299837379091 0.135051513547116
-0.0946674141336468 -0.03672827552608 0.119441294183116 0.0610426324315774
-0.102107418549273 -0.0405614691089838 0.143339663832859 0.0146391585138933
-0.0955689521127116 -0.113017677015238 0.170266673845364 0.0100278104641344
-0.00282213922084282 -0.167074074550419 0.179215036096194 0.0646724931681434
0.099552415180822 -0.149517791000449 0.142555986029411 0.150123185643257
0.230599841751926 -0.0119357930726154 0.0297942480398712 0.231700023076042
0.215137981894718 0.190841547484233 -0.0704931332707882 0.238044074020801
0.0952976074713308 0.301611146420945 -0.0336938925243962 0.235239039567473
0.026099126552079 0.288416968130524 -0.0175630363989496 0.0961157864971929
0.167376767505137 0.206195326852199 0.121644582413814 -0.110874159612283
0.209641742602188 0.0447259926427011 -0.069320186652397 -0.215769699610074
0.13746196631322 -0.124257476619005 -0.254921827994704 -0.07979256225065
0.0307852067101059 -0.17539636458497 -0.184668549247244 0.134468701605308
-0.0742836036006961 -0.152584579229502 -0.0404297138249978 0.164257649595687
-0.12797484092387 -0.0720768971353365 0.031010030414415 0.111592174269947
-0.132222824179565 -0.0523404713818661 0.0719087946341835 0.0433956019078976
-0.13391542499378 -0.0520257240467622 0.0945695005355111 -0.0106799980432798
-0.125450434773407 -0.137485941218702 0.133554620526745 -0.0435586030572301
-0.0228597522923498 -0.209850941630383 0.174008315982332 -0.0110292079214222
0.10220506239161 -0.206951652285643 0.189765666424719 0.0863858142323774
0.280246529803733 -0.0436774194699871 0.0900942979077921 0.19183371754642
0.261270254095411 0.212810358359112 -0.0467544902937267 0.201981334899783
0.112100865989869 0.345413300897875 -0.0392091230313471 0.130404660851469
-0.0209069326197542 0.315005441538621 -0.0168178946757029 -0.0282773555407575
0.146537421306083 0.283515260735285 0.122468382359362 -0.160911432415578
0.245285299828605 0.113978022230741 -0.0165519293280653 -0.249087482165164
0.199333204347154 -0.119674668577858 -0.200767109281543 -0.147922783323127
0.0595084441971834 -0.206028878462075 -0.180199078165043 0.0431343996905153
-0.0726472707190415 -0.186093591562813 -0.0881880192112354 0.0951096294656755
-0.146352545017682 -0.0930779908462422 -0.0332659547748383 0.0729324318678609
-0.150772464930193 -0.0601733892940629 0.0139965944057154 0.0195797056997899
-0.146556743351741 -0.0542403609502674 0.0357907802779252 -0.0374211668497691
-0.136330964414349 -0.13970158349588 0.0822806848902577 -0.0886470508103529
-0.0385868511700443 -0.219143436024851 0.147402051237759 -0.079454793911613
0.0910228059971798 -0.227654438212124 0.207765118216545 0.019713936352492
0.284345984244673 -0.0616819629211629 0.126179172657366 0.142183202393394
0.25923912602786 0.206791828403215 -0.0366315870130523 0.162695828591419
0.105915131129267 0.339036684780843 -0.0529585298237163 0.0241343130361633
-0.0604530588148421 0.280309609088192 -0.00133926106968873 -0.161513458421452
0.0882985858184082 0.294381134796695 0.122421245415197 -0.213123935445005
0.21618241570637 0.155673366680621 0.0386328940455278 -0.262196333087044
0.210653771280874 -0.0835258759278965 -0.1241763883662 -0.193799377754326
0.075979832248016 -0.191351179628265 -0.153262797173497 -0.050095441092186
-0.056397217583906 -0.182944816619481 -0.126357003808118 0.0160717800482273
-0.137600164744265 -0.0969845990577972 -0.0952454001945511 0.0285759486920123
-0.14701771989459 -0.0593854938852686 -0.0443553204363362 -0.00536006313080679
-0.139329396258068 -0.0523437941172667 -0.0229908497074582 -0.0618811908344079
-0.126506179260141 -0.127409017313229 0.0302232748695554 -0.122782353793078
-0.0369482049219792 -0.20069313831773 0.113976858011785 -0.131237151444206
0.0855832706846741 -0.207168698470665 0.206353965010936 -0.0299651414514989
0.255030379016843 -0.0444551221056077 0.139236061969961 0.0992284689653064
0.208702079980632 0.193481040348601 -0.0359048623544133 0.126061138510853
0.0667296785633531 0.292258348869035 -0.0623960946682334 -0.0683925269696339
-0.0793317999746765 0.190512829492432 0.0174138527473468 -0.276042569507233
0.021280069061584 0.231021403373951 0.120528664863742 -0.251376617468749
0.141716889870909 0.146196603829403 0.0775997344713042 -0.258786267161063
0.16667326761693 -0.041531118194315 -0.0547437000706223 -0.211803432707373
0.0679471939325044 -0.140453142016453 -0.12109179604722 -0.120617394392715
-0.0337561597487417 -0.142192722744311 -0.153892591144729 -0.050496140230812
-0.105852477289188 -0.0821987012456685 -0.144343685094756 -0.0113650991860276
-0.118941279327788 -0.0511106865457576 -0.093690570513789 -0.027634757656214
-0.11379899915622 -0.0466921561893422 -0.0719946561884407 -0.08367289000061
-0.0994209126379942 -0.106376043663132 -0.0121327487027385 -0.149349428605147
-0.0232020574755768 -0.163457794940792 0.0898063768582966 -0.16714827105027
0.0852724642114019 -0.160630666782499 0.200805333549755 -0.0605561130962981
0.206351510049657 -0.00468249388875614 0.140623648831557 0.0719755855047233
0.129779514983208 0.174013827205442 -0.0354978308547999 0.0956285559714927
0.008275249502578 0.215760086739195 -0.0589622140457357 -0.139495755815826
-0.0800535102220073 0.0669282551172729 0.0266410408252964 -0.349273668151868
-0.0351195535884622 0.119257650173298 0.109461107174303 -0.267956766417091
0.0538075566546306 0.0939751177957258 0.091705894033949 -0.251453572704726
0.0883967749981256 -0.00615838137499269 -0.0166872184283361 -0.214729812119339
0.0407160671369329 -0.0685104573006281 -0.10470934597175 -0.157364147168891
-0.00910716724256437 -0.0772570654788997 -0.171625876700758 -0.0865244839507417
-0.0571180461016715 -0.0515839751881447 -0.174184767883548 -0.036175166644611
-0.0724876480401791 -0.0359106331194689 -0.127276876586933 -0.0445587753078868
-0.0726882357872524 -0.0363739999414906 -0.105435903050265 -0.10175296586778
-0.0623946051642878 -0.0757915565753805 -0.0392787451353683 -0.169937232816158
-0.00677132239261222 -0.11091349699881 0.0792142017974886 -0.193574991108008
0.0804845444856716 -0.100048525447746 0.200104251790892 -0.0743453611385393
0.140551528490238 0.0354882259312734 0.14151108342297 0.0620518157271206
0.0397076357199063 0.13829304122934 -0.0298498565482948 0.07598220473004
-0.0518141679941428 0.115851215924776 -0.0386864404808211 -0.182342943534506
0.0752422118752144 -0.00374215208415695 0.0640336449614369 0.229274794119462
0.00498961792204521 -0.0720150318054636 0.106394347016832 -0.0769065562377383
-0.0544931462900621 -0.0346706037125299 -0.146341902430779 -0.108128427094895
-0.0401919323962413 0.0378014757659929 -0.242174407540518 0.0752966215599698
0.00525232624331607 0.0376501275260814 -0.108936863471012 0.24525211400519
0.0172447696746728 0.0210668194312003 0.073252500718082 0.221026313695085
0.0253916743768175 0.0140028023083967 0.149026011708995 0.12394115007946
0.0132741248382816 0.00823560644843844 0.16455902665054 0.0585237335345811
0.0019673273404582 0.0171079062896701 0.187982571234902 0.0328394065336728
-0.0187846695416801 0.0120164579364678 0.192621203148481 0.0776375022587898
-0.0164934962422704 -0.00721356120520124 0.144914298220929 0.153663076896811
-0.0134376504806533 -0.0237380765734066 0.0368427839618654 0.208966301520613
0.0389327892971602 -0.0431227417120808 -0.0735866234881704 0.264017750285764
0.0840654250476836 -0.00628395939285548 -0.127006282109836 0.292725139146682
0.0692453066610779 0.0710841199441651 -0.0369909909517205 0.378237157123968
0.0899373111821212 0.106616253102649 0.0347030708307966 0.230635209554106
0.0844741385221494 -0.00374534494871832 0.112410980616861 -0.0715096972197333
0.0299377579997274 -0.0413514708060953 -0.135538748527046 -0.130730572675066
-0.00530836325711832 -0.030350194153831 -0.263729091597395 0.050198601861465
-0.00325683328173395 -0.0336216499748518 -0.132080449218118 0.240225936714181
-0.026814626181353 -0.0313478761399976 0.0539063406524193 0.226920045158973
-0.0338014846672203 -0.00881887806999074 0.135257902810769 0.134208779066624
-0.0453900303477239 -0.0127399879017816 0.155865528712824 0.0605554183472255
-0.0558997079576994 -0.0134561732049088 0.178789646664647 0.0229660245518014
-0.0613458971407045 -0.0598878717972788 0.193381117284379 0.0479574233059835
-0.00233097551926685 -0.0958249933834708 0.170816364889202 0.120837541381554
0.0584080398231313 -0.0832983087606449 0.0875258535090047 0.190547327227981
0.144237022873697 -0.0106095344391685 -0.0264692890213391 0.257274183130753
0.152356468435873 0.11375558030451 -0.0940328140147597 0.272475656977547
0.0833657772310785 0.208431059221395 -0.0271569156328905 0.325520488687854
0.0769407467978215 0.212565701577536 0.00677164061509577 0.186751229750966
0.149146055278646 0.0926309249934376 0.116411260661676 -0.0862460384838196
0.127195332442905 -0.0184317719576484 -0.11496581454351 -0.170438640268277
0.0560770219852434 -0.0930906056586259 -0.276029111265479 0.00102843050871329
0.000908888077572393 -0.111145229985736 -0.159664579589446 0.209548789284187
-0.0636585302096884 -0.0927625344461092 0.0166630912067263 0.211998619307943
-0.0898513073272011 -0.0368785201235948 0.0963506245123082 0.131162995575814
-0.0980495310748605 -0.0310373530195448 0.124139591804427 0.0536260943871313
-0.104319855019741 -0.0344204772553513 0.146251363219176 0.00411736218047564
-0.102997999133023 -0.108643927912884 0.172633101045667 -0.00118919637047587
-0.0135997934534697 -0.167808745326816 0.186833439169852 0.0560049169840267
0.0919184601484364 -0.155755216532421 0.150207799953295 0.144233366264507
0.232337439589251 -0.024958930873947 0.0387821316885201 0.235526409416293
0.227319371041441 0.18152466099942 -0.0610427729157081 0.243630112380709
0.108719971873249 0.303094075182941 -0.0224464958462934 0.239493700996055
0.04084491550827 0.292538636827956 -0.0134091414612683 0.0973439307453603
0.1802886253849 0.199123469907186 0.118194257296597 -0.120128442862003
0.214374775550201 0.0356849205027513 -0.0776089322115574 -0.216303397601517
0.132381747895247 -0.132543942445228 -0.26197597180067 -0.0689438164423897
0.0204331944358257 -0.178852461922618 -0.180474239793317 0.144739914485058
-0.0848989310564716 -0.14933297332355 -0.0333716401511493 0.170011750479316
-0.131945759019672 -0.0646365698480393 0.0382181373662912 0.111755286127891
-0.13684562886656 -0.044393920037918 0.0743849469444088 0.0394930117485024
-0.137429693339851 -0.0443482521744861 0.0959536013966399 -0.0189465743014637
-0.134959803063978 -0.13104647757629 0.13171306221775 -0.053035110864133
-0.0358422770830444 -0.211017353496208 0.177555614844214 -0.0202921593794617
0.0913297415693323 -0.213109089660216 0.195681306566624 0.0761012830109681
0.280464536754613 -0.0599838781990883 0.0985171491651679 0.191563695715944
0.27577161089978 0.20163718400034 -0.0392143574617867 0.205961052225576
0.128311758218101 0.34604536001145 -0.0334717748949928 0.133233343458238
-0.00634186310859473 0.321737065162582 -0.018584016149358 -0.0283453029725928
0.163666648086178 0.278396008410767 0.116415831349387 -0.170130059973033
0.253749312379343 0.102909032593767 -0.024971885861531 -0.252674702973417
0.194983527260603 -0.130865164655206 -0.20988121668778 -0.140430669844056
0.0484305867693325 -0.211499074836138 -0.180397516976197 0.0516978771053561
-0.08517993448945 -0.184152774247223 -0.0854442108035807 0.101287385591015
-0.151828871937889 -0.0843800257495747 -0.0291700914586766 0.0775964161552379
-0.156170933412086 -0.0513851314450718 0.0146184064785387 0.0185115502566714
-0.150127245747086 -0.0459023878836546 0.0354926100539496 -0.0416979926431233
-0.14611968862796 -0.133251918796746 0.0774447647920697 -0.0960566037829674
-0.0520529780144644 -0.219469120586162 0.147011464331242 -0.0892656626358295
0.0784901384177552 -0.233038372881173 0.211059211450414 0.00753604782298603
0.284239334617716 -0.0772492684697366 0.133197762887465 0.138417321039222
0.273394772583266 0.194863726016893 -0.0312219266985728 0.166590292441018
0.120866367165355 0.338828645565495 -0.0517921479832689 0.0282563484153968
-0.0476980268037838 0.288046401064454 -0.00941450866068344 -0.164067100427634
0.10441597414855 0.292376508815946 0.11364911216774 -0.221114931664602
0.227177751567 0.146709104709435 0.0292089088787181 -0.268298288045346
0.20841993128369 -0.0952318109763286 -0.134857874362512 -0.190669261431324
0.0654289321067083 -0.197347314351896 -0.158472973476436 -0.0455262405676118
-0.0678317993628614 -0.181574576816903 -0.128635801370446 0.0235991744729902
-0.143799270743809 -0.0888179849578041 -0.0937323106101324 0.03651054898769
-0.150851444717294 -0.050690044843184 -0.0453075803110406 -0.00295175966602017
-0.14292168383945 -0.0448055578166206 -0.0252624443030408 -0.0622242363705511
-0.134722301625203 -0.121770628783209 0.0236408358112726 -0.127245687110849
-0.0490119991395358 -0.200239132417352 0.110309485249536 -0.139374929854195
0.0739886949022162 -0.212011909145791 0.207037623329595 -0.0423527580658775
0.255795203982485 -0.0585826153487098 0.144004262104989 0.0950928921165514
0.222057395147564 0.184389857991976 -0.0316288806363956 0.129640483003623
0.0792708498238288 0.292742443192223 -0.0658179885513613 -0.0642285664353582
-0.0713307966667916 0.198322198104857 0.00422029721711709 -0.280545081220508
0.033910890963293 0.232208167235435 0.109901475830279 -0.259486607885428
0.150606779809323 0.140318196331849 0.0689367618997322 -0.266397080625252
0.165365846465347 -0.0502473627895093 -0.0635040952735821 -0.213701938708222
0.0599563297733069 -0.1451309240539 -0.128660688206392 -0.118432292060744
-0.0427943530093353 -0.142584662356468 -0.160047600828164 -0.0420884065256146
-0.111303519991952 -0.0758111346212705 -0.145334766638943 -0.00025779591182917
-0.122728096481896 -0.0437700273388724 -0.096166726351054 -0.0226973742477237
-0.116543460522086 -0.0400858254951681 -0.0759376030701246 -0.0813947372734228
-0.106445667581896 -0.101357758035984 -0.0201957451153952 -0.150448506442373
-0.0333227010511852 -0.16258398594412 0.0839958854316858 -0.173988082029135
0.0769356427568579 -0.165024213974906 0.200266779384259 -0.0725055925050653
0.207796588553811 -0.0164637407486462 0.144398064548423 0.0677055587335374
0.139923055213488 0.169480061794927 -0.0317079022778756 0.0993861544870443
0.0173627790706168 0.218232655263987 -0.0661754114637457 -0.13576684735742
-0.0775976410511322 0.0725915420350265 0.0112992780499449 -0.354803015647443
-0.0289076810938978 0.122399955467527 0.0981107750072275 -0.274988756206297
0.0590676225676652 0.0912318063714267 0.0826232386886469 -0.259229212138873
0.0882362712719346 -0.0122105502655621 -0.0256106778814251 -0.21858185012186
0.0363723654876221 -0.0714489089141827 -0.114130400393867 -0.156135580152446
-0.0135568033357178 -0.0782192920530623 -0.179140834059614 -0.0766823260576221
-0.0601353198861563 -0.048868572549369 -0.177123587607546 -0.0247299828948115
-0.0751508217711334 -0.0312474842594784 -0.130275207229897 -0.0376559493443781
-0.0749604613507069 -0.0325382582217383 -0.111188533448858 -0.097631987806058
-0.0671782866735858 -0.072950571947136 -0.0484433118455345 -0.17043759661294
-0.0125094812037526 -0.111066607020336 0.0704776862302284 -0.200190210393555
0.0760491143331862 -0.103905802538107 0.198515592970469 -0.0860005091473268
0.143600851215929 0.0283988235434175 0.144996716649249 0.0563564847366099
0.046941019151 0.138393407210202 -0.0273850483775202 0.0791944605854293
-0.0474466205077172 0.1201654425487 -0.0479899930167863 -0.18036363639088
0.0743472319041413 -0.00797307231603614 0.0766448637930711 0.222239101037026
0.000144360224985655 -0.0707447632198746 0.101845370455214 -0.0855228972497174
-0.055655503939126 -0.0318251244356879 -0.149026469598061 -0.100509592628854
-0.0373490107714306 0.0400558759847224 -0.234755282077308 0.0869528409607052
0.0078457552849757 0.0374959124365789 -0.0929513424901656 0.249207216064106
0.0178284389445909 0.0197522102364506 0.0844969134876473 0.213243266622211
0.0254917565898472 0.0115221943529768 0.152838817926054 0.111805800356201
0.0130033864919441 0.00710561623277652 0.164950915504599 0.0468585800756818
0.00299239112737493 0.0164783747536421 0.187384627921221 0.0188527735051779
-0.0181244824259317 0.0126265987801623 0.195865162701654 0.0641241512048806
-0.0167484149992535 -0.00582728201008049 0.152033641771396 0.144098639034494
-0.0147317035788005 -0.0227028895757542 0.0446598948547809 0.206240252543527
0.0356899997622804 -0.0456526810037029 -0.0599023612166687 0.266343835655111
0.0811251008348732 -0.00978876085143585 -0.111811717290681 0.293795605736579
0.0726052201532774 0.0689164678828319 -0.0192958906898937 0.374058775765901
0.0947375738763863 0.101067938108065 0.0476828425339668 0.224670996404526
0.0832409520123267 -0.00839467840958786 0.108025916178858 -0.080292862726755
0.0271840909311761 -0.042173606984005 -0.139601143718577 -0.124134888799977
-0.00666564620436889 -0.0286564694162756 -0.256808502073725 0.0631577144899766
-0.00546379393882645 -0.0322929442712881 -0.116638813842679 0.246129813380778
-0.0282079436115845 -0.0294103428206157 0.0660214938483801 0.220617214860697
-0.0335071910949767 -0.00700996690010967 0.140423207768524 0.123185249911123
-0.0458893240319349 -0.00923072490199245 0.156490851839495 0.0493519497166695
-0.0554928580130213 -0.00992114244229654 0.177512653321114 0.00983855587725713
-0.063700874149087 -0.0549965076275682 0.194938554815332 0.0345352450818471
-0.00841829725923972 -0.0947311486633009 0.177016723639407 0.109787989978665
0.0529827564168244 -0.0847145276564584 0.0941601993019336 0.184894570286379
0.141695691713257 -0.0191096992689629 -0.0147120156842237 0.257719721653909
0.155780301770535 0.103956852833215 -0.0807633332086492 0.272848223196
0.0922189633736584 0.204249971463764 -0.0101783480291754 0.321894892725181
0.0875261889432756 0.207283238147019 0.0172910892848588 0.182937092533577
0.15201832230167 0.0832079306239791 0.111119368269497 -0.0942658389705736
0.124343557139122 -0.0241588195602692 -0.120478225879129 -0.164352668020134
0.0496595249804421 -0.0943077459870717 -0.272281770373207 0.0157135600282642
-0.00630373257867908 -0.10944286519267 -0.14647125412893 0.217224314584959
-0.0684433495289445 -0.0869532270408248 0.0278016220024369 0.208600848596087
-0.0893305500345548 -0.030830633929762 0.103141307289598 0.123685632548296
-0.0984395299226198 -0.024313970115195 0.12526698319426 0.0447927654947076
-0.104088827734063 -0.0272527948796198 0.144736533622284 -0.00722159947123998
-0.10879755092025 -0.100285606778544 0.171069044769757 -0.0125171177448732
-0.0240260125835309 -0.165173239298432 0.189817322887757 0.0445587756943186
0.0813371648838365 -0.157644764231693 0.154414985399715 0.134927618536843
0.227902749563909 -0.0380954958256631 0.0496396070622984 0.232930973472956
0.234140763547297 0.166686071794928 -0.0492558522606702 0.242522058660103
0.121414402555633 0.297031044882361 -0.0106307354315277 0.236322692563093
0.0563223674562223 0.288383853698893 -0.00745867352925015 0.0958830933139346
0.188872954894058 0.186137271757719 0.111249501654683 -0.127011589470841
0.213572326582801 0.0241673123823962 -0.0846197679084194 -0.211804679714837
0.123236798423825 -0.13726997337862 -0.261238585480323 -0.0541399585488529
0.00913168964537556 -0.177434316257288 -0.170802170195824 0.152301442581686
-0.0931609805901328 -0.142097618054738 -0.0246634624465382 0.170685913432541
-0.13260953230734 -0.0552787997922971 0.0452053915549348 0.109018666486883
-0.137343836197581 -0.035037139211659 0.0753249670995405 0.0332789521208308
-0.136630521393148 -0.0351113417385554 0.093462594009681 -0.0270184662802302
-0.14110094001048 -0.120969980676347 0.127227784596943 -0.06125353597378
-0.0491803107246225 -0.205721271089072 0.175982751598659 -0.0313830280018008
0.0772947251812302 -0.214399691804259 0.19529573723483 0.0643678723148222
0.273725436496011 -0.0753449005425603 0.105800654108288 0.185825955099697
0.283245702488124 0.183403756509201 -0.0290848994321092 0.205560208887283
0.14249929962302 0.33702733916614 -0.0255443418973499 0.133892803931957
0.0108866557197356 0.320856636585867 -0.0203303645253881 -0.027466313263679
0.176224616475062 0.265771429845151 0.106442722147114 -0.174410484816419
0.257121126884252 0.0884632567476846 -0.0349524776353961 -0.249688238044142
0.185002934159279 -0.14021638255438 -0.214311187283252 -0.12826310925507
0.0342947721185294 -0.211721464129432 -0.176284297980124 0.0586016128450591
-0.0956049685984424 -0.176381208521397 -0.0798854035454578 0.105276101201657
-0.152517620981904 -0.0735771901436787 -0.022852659045107 0.0797477973564956
-0.156254212395571 -0.0404168428228787 0.015263622224165 0.0175326620623887
-0.148589157701056 -0.0363929964832605 0.0330945323648221 -0.045284038720253
-0.151724150485489 -0.1214852218853 0.0703854149117534 -0.100526877151991
-0.0645824175481139 -0.21266867897309 0.142063955972615 -0.0971435305630443
0.0639127781207277 -0.232851521637201 0.207992575064947 -0.00472543897309206
0.27459959464998 -0.0928337816543889 0.137022352069627 0.132200394300099
0.280857802503427 0.177612085485446 -0.0243426897689942 0.166051505958202
0.134265963528564 0.33018214930797 -0.0495698282615655 0.0311025170754879
-0.0324457251964081 0.288417726352678 -0.0189273388766093 -0.162011118658767
0.119279429393787 0.282677079886345 0.101271752273315 -0.224350632169215
0.231805211433645 0.133061084987431 0.0178916021547462 -0.268217424330174
0.200254943712171 -0.105478310771722 -0.141624276707448 -0.182827577839353
0.0524014969783861 -0.198691265055581 -0.158943337982972 -0.0382417017098492
-0.0787111871385715 -0.175663839584176 -0.126922177839614 0.0315271624341665
-0.145485791222551 -0.0789504762518702 -0.0891695510527853 0.0435933546265418
-0.151015843813231 -0.0403298659802466 -0.0437454543332223 -0.000263276464439542
-0.141638733900202 -0.0344610994261213 -0.0274032271055165 -0.0623754671402438
-0.139649072023278 -0.111592058475622 0.0150147411284608 -0.12789749316159
-0.0607239552557582 -0.19460454857917 0.103464329173718 -0.144665351799581
0.0609501155585962 -0.211957473451047 0.201537648835244 -0.054525720792769
0.248999915273911 -0.0728072869892055 0.14492864743988 0.087644917796699
0.229019321500864 0.170524172106469 -0.0261624121403256 0.130267477782008
0.0919012205417429 0.286374455459767 -0.0680514634585591 -0.0587165913757127
-0.0599564657240927 0.200675045452647 -0.00983963165974039 -0.277957219108838
0.0461278199084261 0.2269066176997 0.0969013670526974 -0.259957590629604
0.156644864016675 0.130538521535877 0.0569853156778958 -0.267301653425865
0.159967068260371 -0.0591167190390489 -0.0721590009003261 -0.20919372883338
0.0498979221294423 -0.146133487255851 -0.133660298956138 -0.113421264655077
-0.05159720744841 -0.138348819920586 -0.160906418345057 -0.031022507327868
-0.112761967339578 -0.0679171237105208 -0.141947956233208 0.0105750511812492
-0.12304074357941 -0.0350460849644963 -0.0955689559721056 -0.0160181333131475
-0.115990492366812 -0.0321690536934812 -0.0790738585497717 -0.076661117667519
-0.110078841992488 -0.0935245905701085 -0.0288771032710129 -0.147978113217791
-0.0417054760849572 -0.158037604236389 0.0750054391075211 -0.176811236913291
0.0661734527180665 -0.165536484810947 0.193711087317384 -0.0829713326866432
0.203326317954426 -0.0280787271056286 0.144250053483095 0.0604138543793557
0.147245556120931 0.159760443786331 -0.0274036864664318 0.100810652460074
0.0269903340119608 0.215519108825813 -0.0715067533445559 -0.129144637952049
-0.072929890319717 0.0761394809371134 -0.00749872873225302 -0.351980278579758
-0.0218811064726617 0.121488276865937 0.0850248724677003 -0.274099453356368
0.0625261585055719 0.0867307422506294 0.0706201873070122 -0.260325654900589
0.0852007652947482 -0.0169353570110349 -0.0343181755391195 -0.216642317732111
0.0312727381744073 -0.0720395924070204 -0.12134352501226 -0.151364222978696
-0.0192792841805577 -0.076882052572688 -0.182309316940666 -0.0644562968480768
-0.0614671963399395 -0.0446115896266285 -0.174580189215429 -0.0114040565533863
-0.0758882185398591 -0.0257064115603855 -0.130385687172616 -0.0288932181273792
-0.0752596792435286 -0.0276832558890883 -0.114803943509125 -0.0905582064883331
-0.070173319732604 -0.0671869370726143 -0.0567991971118725 -0.165233293628438
-0.0188606854626967 -0.109036165695433 0.0608151722043717 -0.201549421253285
0.0688137594561428 -0.106263437648725 0.191704317801369 -0.0963556843814663
0.143225622164534 0.0197502213687992 0.144556472816115 0.0501267429697483
0.0535134314314674 0.135491170032911 -0.0233953325300669 0.0812875497603703
-0.0414968302976481 0.12144883467149 -0.0562630204409023 -0.172722420097455
0.0721239208052116 -0.0110139273460518 0.0844420501134956 0.211958970127345
-0.00245919113537694 -0.0685708382760368 0.0947456892824877 -0.0905505318961953
-0.05554808548866 -0.0288234394690583 -0.148663097794674 -0.0941435960825104
-0.0344430237400404 0.0408047547198844 -0.224838068115873 0.0924879526965495
0.00969781110562119 0.0365861042093186 -0.0807654024798228 0.247564488610519
0.0184819311512341 0.0184866933484295 0.0899732990455252 0.203497321801713
0.0248142570680596 0.00936407260751321 0.150940940691787 0.100730209007887
0.0125608561907548 0.00611161002926619 0.161682977354386 0.0380631553589118
0.00359591043056619 0.0153637816722101 0.18182012975201 0.0095008683727074
-0.016866902863149 0.012944702232426 0.194560186697099 0.0529222163490078
-0.0165316209651136 -0.005875994876043 0.15463925309566 0.134427628413979
-0.0149462452021653 -0.0211788241788227 0.0483539868456619 0.201167737781395
0.0326360343333895 -0.0465684860331408 -0.0495597954548771 0.263574733752717
0.0777880031328491 -0.0126055105618863 -0.100431948840272 0.287123992270788
0.0743428102350588 0.0661930865775101 -0.00665495926469321 0.362273990320068
0.0957850216789677 0.0959505733557067 0.055746232927559 0.215878448806626
0.0801612560879742 -0.0110529828632057 0.101152477401013 -0.0855391755334418
0.0247486874796082 -0.0417632861856343 -0.138904785084376 -0.118281473633956
-0.00790149089885075 -0.0266624011289253 -0.247129649807413 0.0711551461864377
-0.00664423240693955 -0.0305588693139656 -0.103781443515472 0.245189144976179
-0.0287130662559905 -0.0264373039152198 0.0726066801997919 0.211985989917791
-0.0329015283019068 -0.00594694061030147 0.14021922175164 0.111834342272516
-0.0449469116246289 -0.00709379466286806 0.153462437098943 0.0406492996032551
-0.0535952440114601 -0.00765285480556509 0.172029666952564 -0.000310772072286599
-0.0644081544465696 -0.0505249525586191 0.191150299899564 0.0242248928833069
-0.0128428812072027 -0.0920121341958211 0.177571376835891 0.0994279660997086
0.0481681292421347 -0.083851856595429 0.0952661669085374 0.17761504711494
0.136615442368878 -0.0244745539061899 -0.00588832384316878 0.252698252473988
0.155098575966573 0.0954021031890795 -0.070376360386389 0.265505003628308
0.0972919735053505 0.197716533113625 0.000781212592629587 0.312268281849904
0.0932877544761895 0.199513314187368 0.0235034223142995 0.176740163550883
0.150614218444838 0.0747128827752467 0.105076218579299 -0.0987292071421017
0.120514795537457 -0.0281506755942608 -0.121118419123499 -0.158171943280088
0.0439918235050295 -0.0923029495757163 -0.264037110675329 0.025098705789217
-0.0106273324679025 -0.105618125503189 -0.13378284870927 0.216924431425803
-0.070393392781246 -0.0809577717280902 0.0351059128120313 0.201963576021169
-0.087396146833021 -0.0268099264014572 0.105302306590128 0.114703332098389
-0.0964353718611048 -0.0188015105202875 0.122967660157537 0.0372840952500621
-0.100697443960053 -0.0221103084424511 0.139301137747953 -0.0160459432425246
-0.109802387432913 -0.0923134400978491 0.165845029828397 -0.0207100563660828
-0.0310639668863461 -0.159834898700122 0.187459140769346 0.0340403410073657
0.0722693062780358 -0.155830017062427 0.152472547171618 0.125750061635185
0.219714825725618 -0.0463731672861422 0.055517911535708 0.226812525827154
0.233354955479159 0.153430832034094 -0.0412965350694336 0.236562776655053
0.128542925333458 0.287491353684343 -0.00260652796422847 0.229559649683212
0.0654466935919375 0.279572319972988 -0.00454349062485102 0.0932938190957716
0.19071147712632 0.172484073178452 0.103865964303388 -0.128987781714742
0.209351906251709 0.0154464955055374 -0.0874672019386738 -0.206271945316708
0.114138679655894 -0.137754137511883 -0.255688949739901 -0.0433804347185644
0.00110158619869642 -0.172474476788407 -0.159736569620046 0.154241758457855
-0.0974110939661282 -0.133311240789191 -0.0173467502466411 0.166256942014553
-0.129851472313749 -0.04871583162621 0.049673661406405 0.103822424076221
-0.134182342851063 -0.0271377986826705 0.0740362458919462 0.0288028909694793
-0.131866355690177 -0.0278316346297732 0.089061267990992 -0.0329690235036058
-0.142245919912769 -0.110461626061536 0.120523494455003 -0.0658717450954147
-0.0570037630992723 -0.197831458639234 0.172474141859567 -0.0388544160293549
0.0659482195427643 -0.209784967848815 0.191244329009013 0.0542284494936228
0.262609060143474 -0.084902775158622 0.108037637449966 0.179442873593831
0.283028182912923 0.166359616060589 -0.0234352899399614 0.200861374507902
0.148860409779616 0.325436955891585 -0.0204823126943594 0.130565288202081
0.0231887499493778 0.312103862534741 -0.0211948933415996 -0.0269822654359497
0.182129108238061 0.250571609034142 0.097789406688819 -0.173688598926736
0.254043664263898 0.0765776507258867 -0.0394240624220603 -0.244545649538645
0.173430243948295 -0.142443138223415 -0.212386558340485 -0.11821805984542
0.0241060381060024 -0.206364848395602 -0.169223767353273 0.0626505198317412
-0.101287417217857 -0.167002916203484 -0.0736574779341405 0.106479465480532
-0.149788158929875 -0.0651191067151783 -0.0175380892123937 0.079293318537742
-0.152717103544926 -0.031096566411745 0.0155818016508448 0.016038060707479
-0.144500748126121 -0.0287791281113311 0.0293014356500464 -0.0476135551022762
-0.152267039598377 -0.111529940297811 0.0640384245166379 -0.101332202558148
-0.0724565607811469 -0.203617495514973 0.136005978969727 -0.101587341278464
0.05214690104436 -0.226984895147697 0.200496573399084 -0.0132025917154513
0.26349753199255 -0.101480588157224 0.136231317212499 0.125390115315756
0.279891252836481 0.161038549040459 -0.019742809374786 0.163521753192622
0.141218442690896 0.318479474640154 -0.04674807027814 0.0329463986252102
-0.0202534865318049 0.283345729300035 -0.0247336972320268 -0.157229968090548
0.126909718358381 0.269644890890596 0.0913472805293838 -0.220346475497597
0.230314235645324 0.120926452288357 0.0111215054794093 -0.263350567673557
0.189839109906618 -0.109584048582129 -0.143056167687932 -0.174012098859524
0.0418691101318427 -0.194674540886556 -0.156735994884666 -0.0331553185079486
-0.0855447336199952 -0.166689906496915 -0.12287698816392 0.0368851945683905
-0.143068702576052 -0.0699893914975876 -0.0827715740173361 0.047332202164875
-0.147679868610279 -0.0314008066281472 -0.0431545435308136 0.00203300176021324
-0.136979289055754 -0.0277939840028643 -0.0295661263810722 -0.0603187765543373
-0.140028508494159 -0.101690209496075 0.00867029873358942 -0.124976136026721
-0.0669376962435878 -0.185983694051061 0.0967181733311601 -0.145306750177945
0.0504227415807486 -0.206259241079757 0.192929785332626 -0.0620989558518129
0.237692926293007 -0.0807691266179945 0.142487567301738 0.0817542142381101
0.228089873420126 0.15675795731536 -0.0223675775154537 0.128247454328706
0.0981956046005936 0.276801040138377 -0.0676367322522775 -0.0531214477988573
-0.0505005604230334 0.197948965687133 -0.0202028899940814 -0.269263261107524
0.0528188443143602 0.217804560818224 0.0856555774936767 -0.254611162861249
0.156187019125976 0.120779318118473 0.0483705072424467 -0.262940501593129
0.15182661086409 -0.0636275890856531 -0.0767035253464985 -0.20288385641016
0.0411764075532508 -0.143610640233491 -0.135026991144511 -0.107092567242179
-0.0576186450463224 -0.132184732164172 -0.158978098458644 -0.0230682862628987
-0.111536267640089 -0.0610019777900358 -0.135566304809869 0.0176653003078095
-0.119990929470885 -0.028134193948476 -0.0930761193484853 -0.0113705955581176
-0.112948196947532 -0.0266146564597156 -0.0800516842351263 -0.0718565941559498
-0.110461316381177 -0.0858343284131589 -0.0341654312497821 -0.142538032107103
-0.0473022683440297 -0.151839614871404 0.0670396773020649 -0.175369420230366
0.0578363647596695 -0.161886796054714 0.184107652442623 -0.0894002715628359
0.19607903782929 -0.035404745562804 0.140996984880945 0.0552257175095847
0.149037102285441 0.150160466134119 -0.0242993885591389 0.100321710883173
0.0327972330228048 0.209067582696005 -0.073738740557279 -0.120522477331237
-0.0678672908003304 0.0771028733986071 -0.0187504663484048 -0.341746062432669
-0.0174950573383092 0.11892625114177 0.0740935015848354 -0.267183215227135
0.0633799409123919 0.0813408252406313 0.060824130712692 -0.256624958214567
0.0816543323908303 -0.0202795421895101 -0.0396831512686083 -0.210464589559189
0.0261161054639617 -0.0709510729874203 -0.125330039543454 -0.144582562360103
-0.0225473826617986 -0.074250138421999 -0.18063729715108 -0.0541635903892583
-0.0612987924273981 -0.0408908957521771 -0.168909636042243 -0.0023048812974669
-0.0745237626361101 -0.0208183545208937 -0.127014453123203 -0.0215033950924387
-0.0739012666893921 -0.0232561259506561 -0.114949603934641 -0.0833130394902422
-0.0706857338013773 -0.0626552275406289 -0.0615942394302205 -0.157539465210766
-0.0226830189348286 -0.104795533875657 0.051973569024979 -0.198554111133236
0.0624905983708815 -0.105220934309968 0.182480398392212 -0.101172996122199
0.139663566570552 0.0133012849720338 0.141065334664132 0.0450420519682445
0.0570355700165256 0.13012767170324 -0.0201097059765632 0.081024498629279
-0.0364342823403149 0.119492192674468 -0.0607182973449924 -0.163777076445029
0.0711970699162933 0.0229390553241718 -0.0119779407375223 0.21503286803196
0.0264884586900115 -0.0606924314504851 0.117349734257857 -0.0462888586679742
-0.0372747815522226 -0.0491279626185391 -0.0957151922165635 -0.143632364132624
-0.0459889373067498 0.0220681603472465 -0.238241412277534 -0.00447586161655745
-0.00465726936151611 0.0343611486394241 -0.170433367202968 0.188912292383775
0.00868272827598024 0.02295035647169 -0.0011021092223367 0.216596643535845
0.0176162734842486 0.0172418746899894 0.0938577921793209 0.147872037666971
0.00891780804809865 0.0108244276432311 0.128605334774122 0.0968186650415294
-0.00194460734230302 0.0140190010859916 0.157793106601907 0.0782779494935858
-0.0188051936511742 0.0043941318206986 0.154111063504454 0.123856618243876
-0.00988083871237171 -0.0123073324438717 0.0823745433842455 0.181639167400348
-0.00246548388187757 -0.0232057164301804 -0.0422534571503583 0.199458781955053
0.0494956876266334 -0.0277000811335852 -0.149354246002276 0.21384640701241
0.0752767863797569 0.0219744173543816 -0.202027299144705 0.21801615511523
0.0460987204787305 0.0934546029092416 -0.15948024108154 0.323443722348957
0.0449222916998797 0.130592670360983 -0.0283295436466575 0.202584792033638
0.0746038507033697 0.0243582734621737 0.12572979263208 -0.0431156623301499
0.0391080349546144 -0.027093007554571 -0.0771468737598963 -0.167305474253369
0.00502776583188743 -0.0256049870416473 -0.253399254439539 -0.0359814019045308
0.00854015049726989 -0.0308876108911772 -0.193382399309085 0.176902532246453
-0.0145774278637321 -0.0351382189970768 -0.0228095864205194 0.217349449010648
-0.0262294799198827 -0.018815210848468 0.0802434382364358 0.15477970626398
-0.0370995896796567 -0.0234268731889398 0.120786049346069 0.0952769555611801
-0.044071986987419 -0.0281482088433199 0.152793055540914 0.0647287004494533
-0.0383643169017161 -0.0702848850178636 0.163382519793626 0.0955848508848404
0.0244179287455439 -0.0888252001612856 0.118530823413655 0.158255787424729
0.0778259648360722 -0.0565999406220163 0.0120202511288441 0.197392100079073
0.136264463791186 0.0305999774281356 -0.107088510750351 0.224486195522852
0.105835696479901 0.146917103243262 -0.170981711039585 0.215879413239451
0.0184435448483131 0.222078832737722 -0.13826808504621 0.279295275951023
-0.00442178008746574 0.224203543989626 -0.030109936090413 0.153437566682958
0.100236431368005 0.129134359551453 0.139115384362647 -0.0558085263284967
0.118625448896516 0.0254589940267102 -0.0419265197422656 -0.202216891298948
0.0778927058929066 -0.0606870643768865 -0.252433685015745 -0.0885794129154324
0.0355458809909696 -0.0979902759738911 -0.21265824831574 0.138100050891624
-0.0298355151964078 -0.0996123516117891 -0.0553328458831666 0.193570495510755
-0.0652341777267582 -0.0578657918360598 0.0470635297347386 0.143991629000474
-0.0783347342551857 -0.0543156485294076 0.0945380078632141 0.0812727959725423
-0.080851603973799 -0.0595228306007078 0.130247778294073 0.0364738791341033
-0.0640692771425484 -0.124535460422662 0.158602032787573 0.0441019540462242
0.032586480723552 -0.157471554657141 0.154077769647262 0.10433194467562
0.126674005626166 -0.111936295112902 0.085225440476012 0.173789449060289
0.221381520744796 0.0404030246089593 -0.0420492313772185 0.227396050064674
0.155756282068081 0.226437821475969 -0.135468832094506 0.20612542696946
0.0124416366144827 0.314089179639849 -0.111244806188282 0.204337206255611
-0.0654479068759983 0.284965482615587 -0.0126199522147218 0.0677477323551342
0.0925548255111159 0.232355601580593 0.156643297964273 -0.0840617285518005
0.179279907238834 0.101194291404213 0.0114797197027139 -0.236326911649617
0.156600424075215 -0.0704757144327856 -0.219609821122264 -0.152201673125078
0.0734158656129102 -0.151260056039764 -0.214103500567909 0.0696101834743432
-0.0321949838854957 -0.15622861822509 -0.0897054718387085 0.140663360102522
-0.0937287374861777 -0.0933278708137375 0.00110733220551069 0.113255124186724
-0.108742448068859 -0.0759035324224743 0.0543258049978284 0.0546340967645982
-0.105725293392325 -0.0757467250065982 0.092115336941996 0.0014309262428941
-0.0860611721703401 -0.152990058862688 0.135829257644989 -0.0152576676606852
0.022883653181046 -0.200711204834627 0.169873013371839 0.0321760972120502
0.140423755622893 -0.164288272302932 0.149872039942376 0.124322182918499
0.27474324931497 0.0197519997228886 0.0248761791957449 0.20705097231516
0.195309275779497 0.256485312426771 -0.106221389006238 0.184553386584125
0.0159589808871962 0.355151065788508 -0.0894123896727479 0.109988950601543
-0.118815283222679 0.294568864801028 0.0249846655506065 -0.0417326116004997
0.0520204409343368 0.29658992210508 0.173286067943778 -0.123797199995518
0.192861347747539 0.173628622100996 0.075332129842132 -0.253156858947994
0.211208088149903 -0.0495853902660655 -0.148547671140689 -0.205558591608661
0.107450584449059 -0.171152250933964 -0.186787292786918 -0.0187499943672722
-0.0233312509756314 -0.187525405599791 -0.117441886361418 0.0638780997903515
-0.104712371491243 -0.116572377539181 -0.0489717904684206 0.0648587315548576
-0.123640642570103 -0.0872410604224781 0.00720182982721738 0.0205473768815174
-0.116157801407625 -0.0811413469935913 0.0450459532961235 -0.0353366002193073
-0.0948856943462846 -0.157557994221801 0.0985302072319132 -0.068763525817452
0.0110810325578764 -0.2124103631816 0.163586783785995 -0.0369824430424116
0.1336390881803 -0.184427486693362 0.186243748910213 0.0669614804275064
0.28077757295084 0.00341950575094736 0.0715821910003761 0.171218290729872
0.194061639797222 0.249751354958579 -0.0874462827898713 0.152579656332795
0.011092855948638 0.345105312857517 -0.0726139218585069 0.0115192721923469
-0.144478539915804 0.248931054915185 0.073167841640025 -0.154198515980424
-0.00481154311136855 0.28972684991921 0.187435720937995 -0.163747828475968
0.153475270278617 0.203104221487265 0.130809434983257 -0.24662210623643
0.210473648872635 -0.0149274857640963 -0.0607059174176682 -0.229415611464166
0.117795105542407 -0.152282170548179 -0.135038611336025 -0.100602693041252
-0.00885941780330838 -0.180976456237168 -0.132554388599266 -0.0178947454900263
-0.0967165708406086 -0.118244618784052 -0.0948083806941977 0.0108383158627374
-0.119315752858506 -0.0845967201748212 -0.0390931308397966 -0.0147534292171032
-0.110829597590007 -0.0773117692019259 -0.00284478479575849 -0.069407837120728
-0.0871359675251909 -0.143649291596877 0.0586511824416951 -0.111366576435449
0.00863526455939958 -0.193393266560544 0.146099197495371 -0.092476918968902
0.123942436039366 -0.166782369775197 0.199235457360816 0.0203903551291074
0.249746312134067 0.0128530285197086 0.09432758173141 0.134539911543502
0.150348416644906 0.226374717967175 -0.0771930499333312 0.119724072276307
-0.0135004717510422 0.28925985736877 -0.0541101057883561 -0.0744670534995798
-0.134667915821297 0.157906843638045 0.114293604316588 -0.24832082958289
-0.0475994656586002 0.213354453850478 0.192451891432032 -0.19214123652656
0.0867801943717004 0.171365121102609 0.162579823736512 -0.22572472196476
0.158700989664796 0.00947079240076256 0.0138290790032246 -0.225022484477722
0.0958880315382866 -0.107091084968366 -0.0830814290811044 -0.157602083217377
0.00238454035420317 -0.139144393328278 -0.138491446754533 -0.0852645781451393
-0.0729398164395301 -0.0978491462067849 -0.129901627360853 -0.0368565334425959
-0.0962454589230969 -0.071050730359998 -0.077882799278789 -0.0459030000943496
-0.090786709142897 -0.0671378372634037 -0.0420411622366204 -0.0979860528074722
-0.0675324987703673 -0.118422192535907 0.0271559466577153 -0.143384916327729
0.0135134830687365 -0.155312250586918 0.132110689361925 -0.129687017327283
0.113172297611247 -0.124276209691824 0.203093674573152 -0.00588074586599611
0.193809923728382 0.0382165314955954 0.101896393216696 0.109944246462787
0.0798126675824442 0.191809624176274 -0.0677254765558299 0.0898917969859585
-0.0483890972823554 0.202342431744205 -0.0276302016508311 -0.138384395795718
-0.0963778235809558 0.039814036737208 0.131689480699808 -0.307152202439664
-0.0663713507534566 0.0966569932910837 0.182898444308145 -0.20361513613118
0.0217328574261463 0.0977328476426088 0.167077561077224 -0.207394830113012
0.07774825605383 0.017348408913554 0.051909452603489 -0.214195310196981
0.0527199056680956 -0.0488525036522274 -0.0556255026056312 -0.18584536531469
0.0097988721384411 -0.0743158474874026 -0.142067391267887 -0.121831459299473
-0.0370865834087474 -0.0602730854213926 -0.150610580883083 -0.0672117687414318
-0.0587765870700683 -0.0467064496951639 -0.103486243149437 -0.0686276544712457
-0.0579732155612772 -0.0493374195421715 -0.0684157874822843 -0.120499272345824
-0.0409647690870092 -0.0825032566607288 0.0097899046796366 -0.167147219471003
0.0178643121847726 -0.1042626801353 0.127720170227088 -0.155475808512803
0.0962215769977804 -0.0719936655774533 0.205107424140459 -0.0162621051700548
0.124038887036858 0.0624598973281814 0.105751648749896 0.100041704788726
0.00390742848369785 0.140528336116251 -0.0565659616788318 0.0701404875794599
-0.0783623595555585 0.0939526554007832 0.00638211541300569 -0.173435876373006
0.0709026751357488 0.0216851216304227 -0.00707821035818546 0.212308319622415
0.025530365978272 -0.0608079810025265 0.11502691993853 -0.0509549459416313
-0.0378433847842456 -0.0480753001809941 -0.0978173684008214 -0.142697036748572
-0.0451702121585469 0.0231895473694091 -0.23572394341378 -0.00107725736439744
-0.00347939818906084 0.0348580835539595 -0.164973418195059 0.191891520953363
0.00922833999006523 0.0226543714167094 0.00398226123199294 0.213301815152067
0.0172300752971889 0.0158640974268263 0.0943807061730832 0.142362004478723
0.00904479644130572 0.00985545429685813 0.128621652736801 0.0917928300012512
-0.0014926649160274 0.0134381564818141 0.158193810218229 0.0728231986068918
-0.0179449230533765 0.00497688813497618 0.156971742775154 0.118683765231205
-0.0103099372179692 -0.0118876134739353 0.0851748281039364 0.179542782040037
-0.00218010310931624 -0.0226133231761896 -0.041374112309958 0.201875745461044
0.0483417637155392 -0.0290218377531917 -0.145513535001146 0.215648193315164
0.0746534966498596 0.0212856739600747 -0.198420677755722 0.216712550191828
0.0480668912030754 0.0936753195821776 -0.154201265488755 0.321957066767334
0.0470078314633083 0.12970517120586 -0.0248058006965735 0.200423892385972
0.0743818130398043 0.0223485770699139 0.123903774221413 -0.0476432751678933
0.0383673487935885 -0.0277313266123496 -0.0783338483260923 -0.16710774491936
0.00456922925859641 -0.0245960165884254 -0.250696153189082 -0.031223572267611
0.00790400090244289 -0.0306522532110943 -0.187975265494976 0.179424697529355
-0.0158103242578281 -0.0343275973983628 -0.017736929411022 0.215687931834914
-0.0265680382185362 -0.0184161096225765 0.0816286246755874 0.149972216444726
-0.0372138511862297 -0.0225421680055109 0.121063332153225 0.0913104991414717
-0.0435521931495591 -0.0269347278577159 0.152953430769112 0.0588238331052865
-0.0396903724807973 -0.0688737772008642 0.165551924102705 0.0898764588594757
0.022424875854946 -0.0886994513816253 0.120868082640667 0.154465557043445
0.0755570919000226 -0.0559986928255424 0.0121200536364295 0.197326531454476
0.1355935351232 0.0273868368074881 -0.104319836741052 0.225408322603303
0.106909420342641 0.144268502824332 -0.167294367916705 0.214718739180253
0.0211706597302352 0.222308827271824 -0.134095625962852 0.277987352560754
-0.000288083872596853 0.223790938068234 -0.0282644433407309 0.1515775955749
0.101824036715553 0.125605414107338 0.137410445977481 -0.0591178946307302
0.118551473405326 0.0225831177547376 -0.0424215704935682 -0.203257123643091
0.0756089374682162 -0.0613328685258946 -0.251509063797142 -0.0835656267767234
0.0327636371876188 -0.0983778381931087 -0.208149087351282 0.141229396766063
-0.0320640863278167 -0.0977331791037904 -0.0504781622499863 0.193373934576888
-0.0660802587953633 -0.0562153769665201 0.0500728478731881 0.140427088315039
-0.0785088817743433 -0.0512718498714141 0.0945669072458019 0.0775758459589318
-0.080236714866815 -0.0568477719030387 0.129495981080625 0.0314494569537226
-0.0662618530431855 -0.122348918202909 0.1593432336983 0.0393770912897243
0.0283962433723249 -0.157417350778822 0.156771899847513 0.0993988999114145
0.123219919558176 -0.112400836470947 0.0850465959760958 0.171727226264712
0.220182291342215 0.0357097359286539 -0.0394022624099036 0.227235803672455
0.158736709750549 0.222455592737891 -0.133076236390793 0.205263362211501
0.0161632819105123 0.314394334656894 -0.107913054410189 0.20418969632852
-0.0596501113532921 0.285788707551567 -0.01285599634545 0.0671416967665939
0.0970927976426343 0.227973741073991 0.154205021016126 -0.0867000122518275
0.180370714179441 0.0975120557052371 0.0114084080381428 -0.237816350731584
0.153999744811179 -0.0727895352921541 -0.219585738747922 -0.147744159606588
0.06906851961387 -0.15154846944352 -0.21070864432689 0.0723245265046761
-0.0363667714336641 -0.15347757626085 -0.0856267864422071 0.142005569864371
-0.094546998419172 -0.0912780415970369 0.00450590595703793 0.110851994229338
-0.108977820421278 -0.0723412208103691 0.0544783382802038 0.0521949596162139
-0.10463356385286 -0.0726427326783846 0.0906437589799468 -0.00265217499531937
-0.0890845364093932 -0.149223773225524 0.134459433101441 -0.0192857742106092
0.0175253869896995 -0.20040339052763 0.171578829716973 0.0273211209432155
0.136161256000055 -0.164768305689962 0.148472563347247 0.120609236311043
0.272731222397263 0.0134552834791032 0.0253572816249024 0.206978503127296
0.198638622691039 0.25084704915239 -0.10494692493803 0.184098700832446
0.0209348769478513 0.35529751284004 -0.0876050257549749 0.110549698841968
-0.112632656747997 0.296623913046195 0.0227351815214533 -0.0419816191812232
0.0573111822716014 0.292554300365737 0.170669207775864 -0.125948981328514
0.195022766318829 0.169252972519726 0.0739024696447335 -0.25458251920755
0.208340079054366 -0.0532216723135095 -0.149711683827853 -0.202069996555921
0.102180811986975 -0.171858578246567 -0.184355276222649 -0.0167582747278368
-0.0281392884485095 -0.185049852079831 -0.115304446400407 0.0663473017044677
-0.105532109931696 -0.113329841468759 -0.0464294921888242 0.0658111799885403
-0.123235076626018 -0.0821140829055708 0.00731710070853528 0.0201247781027666
-0.115238506514453 -0.077763356397474 0.0435757424749211 -0.0371603674375041
-0.0977759883962445 -0.153949989374708 0.0963508332923901 -0.0713977869287377
0.00558939171956992 -0.21090271104845 0.163482578002747 -0.0421935075913927
0.128722784639937 -0.184507984561321 0.184453593184373 0.0622537788464449
0.279197969442037 -0.00241890797098394 0.0712922832226116 0.170164129333912
0.198786780910149 0.244092669320392 -0.0866405682702878 0.153378500761757
0.0149967728168755 0.343817871694903 -0.0724805270062511 0.0135328888960846
-0.139298519164831 0.251052953193609 0.0694747033871155 -0.154098535535413
0.0010423350444289 0.286846267323939 0.183802225129012 -0.164783512020998
0.156254470174781 0.198976516475864 0.128797217943096 -0.24876190231683
0.208528766567414 -0.018387723912534 -0.0619941028047865 -0.227309158380701
0.112907787639102 -0.153564066906413 -0.135566152196184 -0.0994825344695319
-0.0139731215795931 -0.179248733413886 -0.132728847231393 -0.0152600233658086
-0.0981028999921238 -0.115204932315314 -0.09291996762848 0.0136944400765503
-0.119334312022986 -0.0801814528323904 -0.039409065688157 -0.0133081510888081
-0.109633316961979 -0.0735634716046169 -0.00439296083099793 -0.0693270977516217
-0.0897783491485947 -0.14078305558821 0.0561810188950422 -0.112336908515234
0.00433911816707036 -0.192158161662438 0.145625172933537 -0.0957236321505716
0.119007871952878 -0.166784637275285 0.197057777737779 0.0162143868861931
0.247286978292948 0.00725563378874683 0.0933855708747555 0.133851767308058
0.153164818906369 0.222633329933857 -0.0766532119692345 0.1202663324091
-0.00990869991321127 0.288677639940171 -0.0553144578218562 -0.0719463873288198
-0.130851030757943 0.159356878515871 0.109902168958501 -0.247393843699577
-0.044271512374457 0.21175053021997 0.189293400223129 -0.191399312743738
0.0897680937367734 0.168630553309128 0.160819915847929 -0.226791443293467
0.156385677242698 0.00677325874688922 0.0128749225851107 -0.224333971192664
0.0922505614551059 -0.107318699831845 -0.0847112226798206 -0.157268902559403
-0.00201971378229739 -0.137809689172105 -0.140241504209642 -0.0815454340438155
-0.0745053096656574 -0.0959471149365792 -0.128500502621543 -0.0322292823370399
-0.0971107888173506 -0.06629793166051 -0.0781995182962948 -0.0432680132666198
-0.0902824641066454 -0.0638852200026621 -0.0442674997952568 -0.0968487650820542
-0.0697247667503402 -0.11579361421312 0.0248485585375065 -0.142622358744534
0.0097993841084944 -0.153879428632579 0.130410363454299 -0.133136093025846
0.109876924319312 -0.124305719251431 0.200113572701333 -0.0109619898337608
0.192702874472853 0.0335420880407125 0.101064566768223 0.109219645572974
0.0827622657540199 0.18961070723002 -0.0675965643279165 0.0915534883798176
-0.0457099403514189 0.202559647694518 -0.0297740239401226 -0.135072236469501
-0.094564194610511 0.0415183882270168 0.126476111912809 -0.306502617604874
-0.064714818219617 0.097358951809778 0.179830855421471 -0.2027240097192
0.0224828626878874 0.0962168370749124 0.164509624303474 -0.209522154832787
0.0768368403233487 0.0157989565739402 0.0507383105680348 -0.21422421133877
0.0505996679548213 -0.0493149666741363 -0.0583786763802662 -0.185773010033462
0.00713322013925026 -0.0736325918256249 -0.144385903178915 -0.117195526115224
-0.0385937268574864 -0.0594390030423971 -0.150498756463165 -0.0622689761505945
-0.0584499825241744 -0.0444802479391022 -0.103716504554621 -0.0654535694973576
-0.0586201589944136 -0.0472172798539622 -0.0706978635435203 -0.117772073031294
-0.0432396021087117 -0.0805950672559817 0.0073749065378636 -0.1651561475523
0.015434046762206 -0.103303332209446 0.124481489304037 -0.157975261055853
0.0936142532895156 -0.0727684255686341 0.203310585393141 -0.0203067386656908
0.124076747179641 0.0589689679613402 0.10516349227412 0.0992124067532741
0.00651913289070035 0.140211281775415 -0.0555126617229666 0.0719936506266415
-0.0774080576368844 0.0950304799390027 0.00380310271465754 -0.171175864044265
0.0721305166232418 0.0198112887710666 -0.000170288538778721 0.212246279589046
0.0234279861376704 -0.0614173799626637 0.113044695732985 -0.0568818024154371
-0.0402418836544171 -0.0475999652580701 -0.102931710588926 -0.141661983779722
-0.0436446494371046 0.0250776802267372 -0.235778043160665 0.00528534752261021
-0.0020187791828775 0.0348064291110379 -0.158216290556151 0.198498434536997
0.0101187345480622 0.0218754216412692 0.0107925940925123 0.213302768056761
0.0172317544454852 0.0149902469017649 0.0969482612946262 0.138123094153921
0.00969476528432374 0.00918444349084095 0.131807020281072 0.0862275074850987
-0.000428284069046549 0.0130633962426308 0.160707328039967 0.0655969663283272
-0.0176509607757507 0.00579409655438753 0.162652776776595 0.111835943354366
-0.0110240535966444 -0.0119240013177197 0.0920462148619681 0.178077273186277
-0.00314392294716298 -0.0220289725575983 -0.0383199801546906 0.205851178596984
0.0463983389752801 -0.030805285501649 -0.140334706170808 0.221619573058308
0.0750474631779366 0.0192144574595794 -0.194724658222439 0.220666184007302
0.0518324405539779 0.0936444937718004 -0.146921431712829 0.326565914053489
0.0519658030112627 0.129352048339901 -0.018472107950802 0.201447512131198
0.0755248421196617 0.0193449041837244 0.121410894323083 -0.0530129040272913
0.0371694140111362 -0.0294562322291911 -0.082682575394512 -0.167442383273709
0.00334902188782408 -0.0246246826164469 -0.251957373410074 -0.0242804982139556
0.00656448253474819 -0.0310003113132132 -0.182357859291925 0.187038007692799
-0.0168006823846085 -0.0337612121321703 -0.0102552250459499 0.216647523989923
-0.0275249700710843 -0.0176873450714593 0.0859927503593849 0.145661929085113
-0.0379555318903401 -0.0209487296230156 0.12385982199981 0.0859637844936723
-0.043909847155422 -0.0256781462208367 0.154622594715988 0.0513104187937652
-0.0424353402843692 -0.0673084946417587 0.169809946045442 0.0823378330329795
0.018629253355108 -0.0902769765589321 0.127629338954612 0.15171162009729
0.0743915293343207 -0.0587478074015135 0.0154373333230561 0.199382520548148
0.136557891488872 0.0222289408879251 -0.0987426434402239 0.23111942993328
0.111235934054316 0.142079932172702 -0.163943265703079 0.217372372432952
0.0282327968969074 0.224420281377254 -0.127444919401964 0.283111076658801
0.00777943492921977 0.22607643938388 -0.0237268480215998 0.152660378210428
0.106310343094715 0.122265371685112 0.135782034365818 -0.0655874113093136
0.119834503056668 0.0186519706211539 -0.0467566036254841 -0.205095059785828
0.073484096509068 -0.0635876208369931 -0.253960417629184 -0.0772173531232024
0.0287671187597386 -0.0992980541540678 -0.202776206173858 0.148155846060362
-0.0367316183638619 -0.0958062494402381 -0.0432867780509513 0.195084496991371
-0.0676255604069442 -0.0542753314315091 0.0550394378388846 0.137582241301257
-0.0802075480860057 -0.0482547084428456 0.0973258342380217 0.073215676911236
-0.0818756912422584 -0.0540605062602414 0.130118352363889 0.024278542621038
-0.0708609003144566 -0.119644484566578 0.161637997242166 0.0315838297168015
0.0218851196093165 -0.158841597012881 0.162211716356897 0.094118106700918
0.119238144967969 -0.116223139600737 0.0878836923029757 0.170705775862535
0.221367957359514 0.0280301719469103 -0.0345007016608146 0.230986654524524
0.166114847760541 0.218822390574709 -0.129626942494201 0.208265076235517
0.0254290693357351 0.317975568877687 -0.102841479320245 0.20746306473417
-0.0498646665268845 0.289314741213275 -0.0122280932296674 0.0680251530646194
0.104519277356406 0.224727071482669 0.152054357572159 -0.0918558233433767
0.184877638737561 0.0916882938732062 0.00680566112807699 -0.241437678700389
0.151921741190206 -0.077278527951908 -0.223552443879513 -0.141738945530382
0.0631884359013344 -0.153898435432711 -0.208212641005984 0.0775590021014588
-0.0430439743666067 -0.151959142878545 -0.0812938817564411 0.145136746489399
-0.097467938536795 -0.0878130121534485 0.00898299989576996 0.110728298396844
-0.110942542900075 -0.0673975570927246 0.056532368688735 0.0502813903692017
-0.10614056430165 -0.0696585496307611 0.0900457531603302 -0.00836354465663731
-0.0952642189019054 -0.14549702780033 0.134304924160827 -0.0257112315277958
0.00900258044586883 -0.201940380800417 0.174349803596636 0.020143588583221
0.130756287900934 -0.168194398789703 0.150737060558985 0.116784730782457
0.273621359797299 0.00412305739002719 0.0296140455666905 0.208565213551041
0.207581226208628 0.245907477124824 -0.102189791721952 0.187049793701834
0.0313519652213153 0.35849973274054 -0.0847317754534364 0.113206613462211
-0.103231463998062 0.302136449801681 0.020598927762382 -0.0422087051699122
0.0667706655298261 0.290734513399619 0.167491571153469 -0.130340798165057
0.201492211056262 0.163638996618896 0.0692318550992989 -0.260216476109017
0.206575689799871 -0.0596844241044475 -0.154400616055393 -0.198565706668411
0.0963992060551342 -0.175993368903443 -0.185528411181766 -0.0128505714276346
-0.0358297863207589 -0.183385250303929 -0.113717457027729 0.0704487575237442
-0.109583152993619 -0.109578707321665 -0.0432711828260915 0.0676795837496868
-0.126052625424843 -0.0766219612698902 0.00777286709611351 0.0200543123028029
-0.116698865461159 -0.0740050481722475 0.0414777362416328 -0.040529058951759
-0.103816013302264 -0.149686321290145 0.0936489732756113 -0.0757922052638946
-0.00250716980999653 -0.211310254057421 0.16429309038926 -0.0495880096445105
0.122269264950768 -0.188028774142232 0.1852835933593 0.0562223402475925
0.279331464124705 -0.0130488130667488 0.0744320162074344 0.170716554777786
0.20675070277087 0.239084147141259 -0.0854068828801626 0.156638342593542
0.0247141259874837 0.347786247799786 -0.07242435911031 0.0155210590459026
-0.13120460276175 0.257076582591514 0.0645906104559274 -0.156490844939345
0.00924521978584924 0.286367798773772 0.180037349249378 -0.168707893802032
0.163912008054979 0.194592267920727 0.124701944587357 -0.254196710552434
0.208171083894449 -0.0251537214614749 -0.0671654723071957 -0.226408426388313
0.107446121494872 -0.157841971925035 -0.138077800642602 -0.097856762874427
-0.021620815256392 -0.178338650226587 -0.133878184696996 -0.0101125152005346
-0.101592565250362 -0.111914357552017 -0.0917236842500514 0.0181667374594654
-0.121531550105143 -0.0745682815166403 -0.0396530353895238 -0.0113838679054025
-0.111346418210441 -0.0703989844316804 -0.00717244413086902 -0.0704557230715774
-0.0952249562575386 -0.13708297633061 0.052818219629499 -0.115135743831707
-0.00342620558591277 -0.192720008784521 0.143887402293336 -0.102938114648942
0.113874213396242 -0.170244851634396 0.197008154868731 0.00926631289197279
0.247886516733958 -0.00225049667737525 0.0956767780727272 0.133643282534824
0.161273495994766 0.218777408926157 -0.0754739278340828 0.124771895450246
-0.00269578805005277 0.292127488960491 -0.0575291308426982 -0.0700016738613844
-0.125921945146572 0.164860762554863 0.103022395092764 -0.250459606344016
-0.0375551913932135 0.212650630190257 0.185695852945437 -0.194827474058303
0.0946987383241281 0.166402813475943 0.156139781212545 -0.233455795000754
0.156116822481559 0.00155914755091969 0.00742072410427724 -0.226372987603249
0.088731367583856 -0.110881234364812 -0.0899484913896207 -0.158219884129373
-0.00781961922033715 -0.137681406034247 -0.144122031344439 -0.076215202621363
-0.0777829057596612 -0.0928576997235883 -0.129546405513953 -0.0266758638610104
-0.0981895380320775 -0.0622328763467223 -0.0791191847866232 -0.0398197467181195
-0.0910761674005302 -0.0610022271605996 -0.0482100706369605 -0.0957762256909817
-0.0740532736050604 -0.113533918379144 0.0200296144448398 -0.144008475815878
0.00415227738026747 -0.154125144933853 0.127835159052687 -0.138888940284771
0.105441461524978 -0.127993340065582 0.199150722212595 -0.0173266964521817
0.194044443404931 0.0272227729363411 0.102855366265998 0.108024950258881
0.0890124861007111 0.188215020427245 -0.0659585035076442 0.0957470642849493
-0.0409417374247247 0.205356106710073 -0.033546223028007 -0.134263572534643
-0.093285279721205 0.0450474859114434 0.119283290774691 -0.310188498190864
-0.062048557462303 0.0999272989586543 0.175569635593269 -0.205169963715965
0.0251603501761507 0.095503416608021 0.161330477190929 -0.214432094522968
0.0759644388482921 0.013659172800908 0.0468178602223112 -0.217259051484402
0.0488131558031936 -0.0504078660623112 -0.0643346140196534 -0.186433616519947
0.00442248061638462 -0.0736130605675326 -0.149673908758743 -0.111911030796853
-0.04075772128049 -0.058111872629296 -0.152107484201942 -0.055692254210256
-0.0602863499881734 -0.0417236114700732 -0.105680408152949 -0.0615154902597173
-0.060054805703715 -0.0449693554036122 -0.07457298266184 -0.11521148028443
-0.0466519736001852 -0.0789425410577079 0.00256182783895625 -0.166093751176943
0.012012635162343 -0.104144228207778 0.121605232960894 -0.162668345935857
0.0915719153500039 -0.0760285818914234 0.202932902800946 -0.0267114518119506
0.125619519833597 0.0551164013252843 0.10617509152757 0.0980911710569559
0.01149751431516 0.14142046626035 -0.0550160696081181 0.0760306180593247
-0.0748651070506526 0.0981283198873235 -0.0020631617471675 -0.170845033844907
0.0729271880364265 0.0162160608351564 0.0112362018307685 0.210041663178547
0.0198423146736307 -0.0617231865988881 0.107711155953744 -0.0634106134347248
-0.0428969863305201 -0.0446119199080313 -0.108647986085139 -0.136546389204366
-0.0416891777966702 0.0272999590712349 -0.232631211706828 0.0150766684447316
0.00056989958603294 0.0345343685535537 -0.145640394385035 0.205552649617116
0.0112630262171428 0.0209683256633987 0.0217946424489619 0.210161785007234
0.017696021624486 0.0135991167065944 0.10182072947793 0.129436688294973
0.00944786394269463 0.0081441005446383 0.134889356559408 0.0770478896089272
0.000122481186015899 0.0125503567413694 0.162245276642687 0.0533836778809618
-0.0168212677706733 0.00646163065049749 0.168029101208545 0.10014140662342
-0.0116007162581695 -0.0115732993625256 0.101663972197506 0.17239196644451
-0.00363962415394457 -0.0210889620152025 -0.0290729149199068 0.208958656670348
0.0439014852218113 -0.0331949757770391 -0.127726590882673 0.227302245680479
0.074506761410813 0.0155286104506047 -0.183738331449954 0.226244744553843
0.0572614180717037 0.090706731573319 -0.130563324989626 0.330554056578737
0.0585629333191196 0.125342324575887 -0.00885522586423342 0.200331380733957
0.0753459945831257 0.0151434669134893 0.116010253239051 -0.0606463363180596
0.0355658903259395 -0.0315412204314382 -0.0904564856546814 -0.163767928553884
0.0023410457578528 -0.0239752444201741 -0.249869341640719 -0.0129555941002814
0.00474177352755096 -0.0309590117687907 -0.169804510718269 0.194453376460564
-0.0192320263909227 -0.0317859958429333 0.00202820155205631 0.213746371244544
-0.0286639967339298 -0.0164117545464683 0.0919998558440321 0.137052697067818
-0.03873800104639 -0.0189786400435002 0.126982047467635 0.0769176346178435
-0.0450577799089915 -0.023293255033721 0.155194921022251 0.0396267661317688
-0.0454730370204792 -0.063598370862915 0.17357122405535 0.070929570052122
0.0129922425037635 -0.0907565984507373 0.136399271697702 0.143111784661314
0.0705993382799066 -0.0614691586111878 0.0228382684853993 0.199783024910841
0.135505779016472 0.0150024711382421 -0.0870318574992715 0.234936522303047
0.117945816977216 0.135220700558411 -0.153891565431867 0.222182857048031
0.0396727147257884 0.222740735613891 -0.113764580924482 0.286121870163052
0.0197799576272187 0.224639467463712 -0.0172075119499781 0.153300204545549
0.111363471497659 0.114245959593693 0.130436560035699 -0.0726369983466893
0.119746193426952 0.0118546492199291 -0.0566698724044475 -0.203830522558516
0.0691333581958168 -0.0660487165674806 -0.254553641279093 -0.0640275392376412
0.0224590754741723 -0.0997467471037793 -0.19264272456614 0.157208028796574
-0.0415973629527155 -0.0925300620585084 -0.0323829555432639 0.194889791448551
-0.0701855979124076 -0.0503053048837041 0.0620788062658902 0.131593211375423
-0.0819289292553197 -0.0427696424527683 0.100325023321655 0.0660000718745225
-0.0827242110477091 -0.0487153615287084 0.129218083812333 0.0146045987764174
-0.0778427662772402 -0.114167706227111 0.162796003419486 0.0205184240271107
0.0122221233205594 -0.158435772100803 0.167457367964173 0.0836898190484428
0.112336347229624 -0.120738067716593 0.093833457088513 0.165702882237708
0.22048655809557 0.0153292841539738 -0.0244739981262411 0.232683792800936
0.175769210941333 0.208501868703154 -0.120843187141063 0.211674190573322
0.041344264810128 0.31586896519518 -0.0925130019534785 0.210866874670041
-0.0338890450385905 0.290112842238251 -0.00914003784987681 0.0688430059306607
0.114978567038792 0.216240149567341 0.145515716874192 -0.0991996705345752
0.188391277763326 0.0805972312524668 -0.00425131806900947 -0.243227424510626
0.145760690407623 -0.0843428148032671 -0.226913722759866 -0.13053432540279
0.0529278008232818 -0.156083781817233 -0.20166810793191 0.087019354969088
-0.0520411694756454 -0.146785446678654 -0.0723842191886228 0.147766992311306
-0.10113997138657 -0.0819412040326702 0.0157577216585552 0.10795125924633
-0.112966024179526 -0.0599546523647488 0.0586864504308069 0.046316185268998
-0.107930342143766 -0.0625400220566367 0.0876120721171818 -0.014820352666134
-0.102240448992598 -0.138847289023343 0.132097065160083 -0.0342085685053292
-0.00358564940992663 -0.200961869893854 0.175977205663529 0.00928287435925616
0.119651493421354 -0.172575685461044 0.153143012239638 0.108914599149985
0.271050309398893 -0.0114400421469974 0.0382427219814546 0.207093086254252
0.219162386700073 0.23335019748666 -0.0946578847066106 0.190520817146808
0.0487885411629409 0.356652496403521 -0.0795559417274131 0.11698283204681
-0.0863457854209769 0.305922099732956 0.0171786146935131 -0.0422279396200246
0.0804216759874767 0.283946406290111 0.159436813191745 -0.136484336038092
0.209285133953971 0.151016453937297 0.0577159115760733 -0.264522774619358
0.201165522938441 -0.0701107847584254 -0.161405485196712 -0.189995004941605
0.0844181815930841 -0.179861984713318 -0.184100678993148 -0.00507793928514664
-0.0470703473692926 -0.178426140311716 -0.108894499729619 0.0760552120673658
-0.114460971805954 -0.102810687674205 -0.0382025624127032 0.0693994262903859
-0.128472616812105 -0.0677551056714449 0.00981300937609067 0.0199436557313596
-0.118276861833701 -0.0672483932479637 0.0374843446984746 -0.0434295073806602
-0.111005551096435 -0.142017093664306 0.0894997399924487 -0.0814226341148477
-0.0155657382481733 -0.209605058392043 0.162063609558282 -0.0599308748021507
0.11037414201076 -0.192039841013642 0.184582542160192 0.0467067664763289
0.275030096145149 -0.0286903378443227 0.0808815545870338 0.167381772937881
0.218485082972352 0.226736082859245 -0.0791563056322094 0.160861701669799
0.0413219573111166 0.345894231880531 -0.071390640857712 0.0198554365916734
-0.116529420309775 0.262072245606425 0.0549931262113972 -0.157604268012801
0.0239425879679832 0.282763686499015 0.170884687568223 -0.17464696406363
0.172765425564649 0.184168884393367 0.112596350613947 -0.26049983053143
0.204446946834764 -0.0359007600418238 -0.0760685525928856 -0.222202351654879
0.0974053952467095 -0.162591099641961 -0.142289955080398 -0.0928322739661444
-0.0324063502194032 -0.174045352315774 -0.134052612807188 -0.00256369859263817
-0.107302091067946 -0.105142168142759 -0.0888252695469031 0.0234033789522031
-0.123537662508607 -0.0658596726801963 -0.0391853561101816 -0.00906934373239344
-0.112602265095077 -0.0641863045401553 -0.0121143177999835 -0.0698632615298647
-0.102494235779002 -0.129548830917226 0.0463291801755771 -0.117623658334561
-0.014600627410193 -0.190370883749309 0.138616968498669 -0.111286361373111
0.103032049583669 -0.17344989401028 0.194113596145062 -0.000104316449363023
0.244519103615599 -0.0161115840907712 0.0997981491047878 0.129916021791911
0.1717255354952 0.208631991427101 -0.0704313447303824 0.129229821060135
0.0119622080574215 0.291987157798595 -0.0608334822095967 -0.0656434419013584
-0.115624163547191 0.170294962164229 0.0894747758551981 -0.253269150689733
-0.0266546116425349 0.213030101836449 0.175547701881182 -0.200487801622007
0.103246602077278 0.16011792282714 0.145452166219042 -0.239706685923177
0.154296666103747 -0.00599527821984304 -0.00105661449864265 -0.225826548089759
0.0810890054529697 -0.11493329591736 -0.0979751642833703 -0.15443343006464
-0.0160073679573453 -0.135065890930109 -0.147746512753208 -0.0673933574504934
-0.082040644832591 -0.0870353583098786 -0.128676281544999 -0.0184252516420597
-0.0999605267823328 -0.0549805138222371 -0.0798494061301571 -0.0343441005406635
-0.0934675200035467 -0.0548935188271964 -0.0533574734961811 -0.0921050001140252
-0.0797860759815651 -0.107027024413563 0.0129650834070641 -0.144199616256249
-0.00478248315176433 -0.152704996047067 0.120089500092672 -0.146093809665875
0.0969745211788717 -0.13199890967557 0.195990641765675 -0.0275284205121803
0.192645978208408 0.0155070166478422 0.106252377707592 0.10419389499476
0.0984859551645058 0.182323525323428 -0.062206407360808 0.0997879838489578
-0.0296489444115004 0.207085522243076 -0.0405545004177183 -0.13030034070367
-0.0894268192355181 0.0502504006364493 0.103654758466089 -0.313406072922573
-0.0564142001613842 0.101521208676399 0.166614021700768 -0.210289817969609
0.0298825452822297 0.0935961894831396 0.150777481155511 -0.220422899118663
0.075498365460743 0.00984261511113361 0.0370453454660123 -0.219532394065402
0.0451818273178153 -0.0525401612977573 -0.0743126445896974 -0.184425310526673
-0.000174770466962246 -0.0729168103798834 -0.154780325093556 -0.101453648170418
-0.0438730058411759 -0.054958122484396 -0.152776237249281 -0.0450313434235878
-0.0617050694621869 -0.0365529769036553 -0.10730590775956 -0.0539221392239257
-0.0613353162474457 -0.040481620513657 -0.079560552595542 -0.109597235695368
-0.0510620404470744 -0.0749834082284658 -0.00594764160170038 -0.164422346575914
0.00655196655676281 -0.103138508024552 0.112081932259904 -0.169285733225655
0.0862125679332135 -0.0798494152288417 0.199280832735012 -0.0369308770465695
0.127112101803987 0.0472223195687535 0.109861211822255 0.0934906385805008
0.0193160808729028 0.140082192813864 -0.0507888855584433 0.0800479092206531
-0.0695501614063058 0.102568266471531 -0.0105138391547993 -0.167596365292997
0.0713079804468668 0.0116946084900852 0.0218289408155915 0.201264036971246
0.0153273295196969 -0.0605210721638959 0.0991164283892368 -0.067233251183637
-0.0442960289523636 -0.0414655393256586 -0.112059671801907 -0.126371096615782
-0.0384462450468949 0.0282893515294917 -0.223660570969151 0.0252316502061115
0.00293478070520329 0.0333289495324722 -0.127850538264285 0.205778434315928
0.0117961636176621 0.0195569839174294 0.0323176869061727 0.199736414394044
0.0170376531979374 0.0125049685140721 0.102799140269656 0.118159715878944
0.00958944549302489 0.00672345260107878 0.133045548048019 0.0653606465327737
0.000567338000952005 0.011460809895091 0.158553076964378 0.0407256451990216
-0.0155055683045705 0.00659095910591733 0.168188797442631 0.0851528443872796
-0.0115595790606843 -0.0101978036624156 0.107568388227602 0.161005181188208
-0.004126068991527 -0.0199205966418958 -0.0185104416765506 0.205753525708505
0.0397333562677574 -0.0344998118228285 -0.111749098682816 0.225586623565908
0.0730732980805224 0.011211396079441 -0.167430856363479 0.225117093468603
0.0606614224698838 0.0849715870904428 -0.110052088330136 0.325468764183024
0.0638538386409688 0.118615282963257 0.0021714096367588 0.194363778105266
0.0728545253212162 0.0105301474767512 0.107684674397401 -0.0647206085700326
0.0315236537879993 -0.0330364072884213 -0.0951644417860298 -0.154909333746365
0.000625631662792592 -0.0229711173397253 -0.240928293835999 -0.000643472773799244
0.00282728466275975 -0.0297798924845673 -0.151932829667576 0.196343419311477
-0.020037456679322 -0.0293013715757654 0.013884732015945 0.20488000558296
-0.0285611781978358 -0.0139036113722752 0.0950217168744932 0.125657645427451
-0.0387668028836251 -0.0157763212491552 0.126069567115212 0.0659593251567615
-0.043780133030568 -0.0197672470267174 0.150255325032332 0.0276873275589457
-0.0480037530587175 -0.0584956266350666 0.171134527602698 0.0559538538170355
0.00609895529458794 -0.0882220652976589 0.139793790072839 0.130253814562207
0.0650460754628161 -0.0624148051360782 0.030740008577714 0.193300112527223
0.130754642858008 0.00668702874110862 -0.0724418835467315 0.231532311832264
0.120098436026542 0.124200965157049 -0.139118565951554 0.219982874639049
0.0503788923125324 0.213944252572627 -0.0959753852525465 0.280302765256727
0.0326791774981353 0.215612901077293 -0.00879811124279741 0.149143032845516
0.112758576938847 0.103536298998601 0.120725464740488 -0.0766635185781278
0.115625284517322 0.00407906813211171 -0.0640509752745193 -0.196135092001119
0.0622557656870439 -0.0670031467229757 -0.246998938909214 -0.0494729652397709
0.015812891774891 -0.0970313694424803 -0.175896684634595 0.160179683134753
-0.0460418288912533 -0.085620569607824 -0.0201208712321995 0.188341429427406
-0.0704992113141372 -0.0436722720438464 0.0660683760662509 0.121778902962436
-0.080832697414273 -0.0360320368720465 0.0999115858466525 0.0572274728839658
-0.0816815933235806 -0.0424929492009476 0.123798176822472 0.00535315085987858
-0.0816623924515904 -0.104734075188335 0.157474096988454 0.00869410938269925
0.00124134681709165 -0.153409316143005 0.166417684842065 0.0700336941029523
0.100603441784826 -0.122068375282445 0.0971134324082333 0.157228948850025
0.212682560677474 0.00219234167802177 -0.0121446018522299 0.226636148255477
0.180411941576854 0.192045175614879 -0.107723253024705 0.209640671637599
0.0569600429612083 0.303976866999026 -0.0794488352495261 0.207477408334509
-0.0156793144242853 0.281994219521431 -0.00643932098482648 0.0680014675912333
0.12134294266576 0.201305252949084 0.134648261954732 -0.102429756769551
0.185695487872084 0.0668325158737392 -0.0152157428534854 -0.236200666127666
0.135357985768723 -0.0888252696511645 -0.223733989593291 -0.114222342813919
0.04166683785204 -0.153287373137394 -0.188825880086699 0.093105858913107
-0.0589226014368765 -0.137663451792566 -0.0616743912594304 0.145627964277236
-0.101857664927712 -0.0725405524231616 0.0212597307444494 0.101914421813407
-0.111815708685248 -0.050224460626035 0.0590891991163602 0.0406097057037123
-0.10638080101998 -0.054691299741355 0.0822197940015699 -0.0204582809790784
-0.106807496864002 -0.127058320770157 0.124972585961745 -0.0416210403188364
-0.0159985735702709 -0.193237812940564 0.171143897755615 -0.00250204191138971
0.105359315052483 -0.172400464113287 0.151830220727038 0.0977764255062768
0.259464682231314 -0.026678088861931 0.0459424450534912 0.199286941845629
0.224015075457591 0.21312745622391 -0.0834110470088463 0.188740356554864
0.0653032884903495 0.343508338636699 -0.07095762628754 0.11622645997626
-0.0657798274923079 0.299771178248137 0.0133608290378442 -0.0405786804584465
0.0921666170906784 0.267848565207236 0.14661218666892 -0.138934498271486
0.210137814779943 0.134012973657703 0.0434980054164393 -0.260386194718593
0.189934418685448 -0.0785195370724149 -0.163437161611839 -0.175409971001459
0.0705726858128055 -0.178049723803095 -0.177186091674971 0.00339694116829217
-0.055729201507247 -0.168190350886082 -0.10107596361846 0.0785970993279642
-0.115983384798631 -0.0914950942046342 -0.0329272208096643 0.0687567638662468
-0.126403183100488 -0.0570404053559745 0.0109864061310806 0.0182260050442741
-0.11663084511771 -0.0584529594949496 0.0325023228631438 -0.044614269026897
-0.115051378736152 -0.129100131658769 0.0808555754413477 -0.0844936733908728
-0.0281677552536049 -0.200790194754697 0.153900380108044 -0.0686276482339189
0.0955054751316464 -0.189599121392192 0.178945619304139 0.0357456014242088
0.262365005742689 -0.0438192270388505 0.084841398763384 0.159533070261562
0.222792462718199 0.206750617392185 -0.0702348379945463 0.160624431651632
0.0576872653072333 0.332990290002161 -0.0677989834424117 0.0236540645102259
-0.0979379281524813 0.258649103347333 0.0443657145796669 -0.15322451570316
0.0369378809580985 0.270304301715086 0.156536530407984 -0.175123863607011
0.176139815819571 0.167765219051749 0.0967795121603597 -0.258485287018006
0.194773360985733 -0.0456021909675478 -0.0817901484945747 -0.210609429997459
0.0834240827947234 -0.161694482454556 -0.142198687411565 -0.0841563134781963
-0.041801489467556 -0.164631159324188 -0.130101531691598 0.00456039655945021
-0.109213996017458 -0.0947978743975632 -0.0839629980943815 0.0278812950959687
-0.121696986827455 -0.055675516853686 -0.0373084260158599 -0.00622660193969759
-0.111024722683626 -0.0554505824652901 -0.0164095998511385 -0.0663546483390481
-0.105287797650422 -0.118292489728976 0.0382815843998496 -0.116287001018007
-0.0251474003449164 -0.18241382025732 0.128482462267317 -0.117459262698549
0.0896290215635801 -0.171721357129142 0.186024998877022 -0.0106289974593228
0.233112139495817 -0.0295783207969975 0.101590057337298 0.122411770906397
0.177073281569968 0.191596690485618 -0.0626297538824937 0.129349751119308
0.0265654763551181 0.282384390795068 -0.0616207946100259 -0.0595516704891742
-0.101679523837722 0.169941311754446 0.0726467572288794 -0.248294271031157
-0.0147284680074812 0.20543675141553 0.159553933317483 -0.20032117728347
0.107271817384241 0.148187353308419 0.129648285858691 -0.239388634111377
0.147779305957003 -0.0142815314461074 -0.0106515381228465 -0.217426770944051
0.0708192606550097 -0.115053056133528 -0.102786987730838 -0.146652167817928
-0.0238082920996544 -0.128356651987019 -0.146506052814853 -0.0563164077528575
-0.084300388989415 -0.0792707751949878 -0.124137336848639 -0.00949747087892731
-0.0984636106737311 -0.0460357645796977 -0.0776620431262985 -0.0287100561720801
-0.0921354257523075 -0.0478854142431692 -0.0566821312047713 -0.0852375255167123
-0.0831081889275587 -0.097905449011132 0.00527639527985707 -0.139949791242564
-0.0127112429072996 -0.14624826184987 0.108888285104982 -0.149077562721396
0.0861358006110295 -0.131152938574722 0.186510513002619 -0.037218060660357
0.18515084715098 0.00397970018719629 0.106877691687022 0.0970445266405485
0.105197010961278 0.17065005695153 -0.0550251160909904 0.100898869613308
-0.0186258087214034 0.202802098266372 -0.0459282285279881 -0.122956879567633
-0.0829558255056666 0.052294798421834 0.0843801580458721 -0.306141731778974
-0.0492915635007351 0.100489131936139 0.152039396841511 -0.20912258594973
0.0336153759796466 0.0882275311356798 0.135544912516705 -0.220172147706512
0.0727775431149755 0.00558845829951063 0.0270143693540724 -0.214306060169593
0.0403457653306186 -0.0531706249665234 -0.0819228763890339 -0.176027048211841
-0.00461977932250891 -0.0702821633957326 -0.155065881263529 -0.0892069656709474
-0.0453384435509329 -0.050049791857365 -0.148771951479268 -0.0337285508766287
-0.0602723284062805 -0.0306076188163266 -0.105682958761337 -0.0458054801695631
-0.0612145153676026 -0.0349273899994485 -0.0822324043679782 -0.100540353144695
-0.0535769307582581 -0.0684079992317647 -0.0142020572912172 -0.158057702737163
0.00088500216769402 -0.0995935914018129 0.0987484449631247 -0.169924428128548
0.0786794110331458 -0.0815397788031073 0.189523236422428 -0.0462709102786317
0.124357155513069 0.0382679899551266 0.109229763947515 0.0861481279763449
0.0269283401323833 0.133758577151501 -0.0444665238571104 0.0805562649741424
-0.0617387292450929 0.102588226438952 -0.0190046063672027 -0.15992434474341
0.0718082104546105 0.00256147709253841 0.0385487451190363 0.186030472892082
0.00852019120551042 -0.0584072661121299 0.0826819003611116 -0.0729333943018271
-0.0480787708503598 -0.0332188346392898 -0.119069381672585 -0.103885466871787
-0.0334491915971893 0.0309608360447259 -0.204706341649805 0.0522279603172409
0.00588387896462485 0.0300301999350194 -0.0931121632005154 0.208672174591358
0.0137433430661687 0.0167708814129291 0.0542472014914955 0.182486333416882
0.017865874528007 0.00967688053463718 0.109680487558124 0.099228545003298
0.00911660478939141 0.00522377528924399 0.131085007136297 0.0435699863099111
0.00210823230096367 0.00971487080295481 0.151658087371516 0.0177042611099071
-0.0140064820634722 0.00673283476945796 0.1677801895374 0.0570510624846149
-0.0121611171299945 -0.0100345362473563 0.119209407260181 0.139145184147735
-0.0037099815788683 -0.0188569026767056 0.00534894511272388 0.19847902806088
0.0337218258093872 -0.0375213020486321 -0.0783053776785884 0.223666379465946
0.0714217060193467 0.00335373243382575 -0.127952252483518 0.228123997623417
0.0716718320106877 0.0710721110085967 -0.0642446188598305 0.321517697705243
0.0791162668986083 0.106621348964384 0.0180172035491044 0.1730457537718
0.0696808395564409 0.00068948695919327 0.0895809739926732 -0.0740181842304135
0.0236818445436574 -0.0346734451359176 -0.11036709846336 -0.134069745100946
-0.00328768064398344 -0.0207777627814806 -0.226358930996477 0.0320649753184782
-0.00168745434515721 -0.0281731094780026 -0.117155860158958 0.204242192241272
-0.0211699898031805 -0.0248034881191612 0.0365520810216635 0.190795986365028
-0.0272323128364849 -0.0093864710458638 0.102834217634478 0.107760379078322
-0.0372143884647166 -0.0101222300358346 0.124132478555236 0.0443075281465757
-0.0432458342739744 -0.0143479779251933 0.141500933859464 0.00643286586793674
-0.0522268588906822 -0.0490183183525974 0.165732678853587 0.0285207579940475
-0.00591780836904349 -0.0834468202467063 0.144342605567104 0.104754452513405
0.0546343623456022 -0.0662173287469298 0.0507158015327926 0.178297418442598
0.123112248972089 -0.0114573397904285 -0.038604758161451 0.223785225238147
0.128076760980584 0.100079861924572 -0.0969196420469636 0.222693715284209
0.0781508632070337 0.190481613061957 -0.0559159201931101 0.28295305822373
0.0618326567042402 0.203759278907322 0.00317143360579536 0.124216928987986
0.117338869930968 0.0834208208168596 0.0993176937344154 -0.0898157914407693
0.106823489023337 -0.0107051952812735 -0.0892529760730273 -0.178564799054194
0.049231311562437 -0.0686082403595269 -0.240795205998126 -0.0131991867989613
0.00227937691067307 -0.0924258629308132 -0.147551969104281 0.175147274575432
-0.0525556613771939 -0.0737871961843816 0.00207137778384299 0.181921789316573
-0.0694912106955554 -0.0323220595864105 0.074664661611144 0.108378412318272
-0.0794053413226457 -0.0240217458539521 0.0993188465178427 0.0403881486970374
-0.0809458376479406 -0.030456216773997 0.113629852539905 -0.0107532127578356
-0.0894588337156102 -0.0866099872974683 0.145071363529623 -0.0137768842087295
-0.0194952465410337 -0.143583484739728 0.161293702803443 0.0445446760282983
0.079613618699756 -0.125358379128611 0.107882925485827 0.134531781828925
0.197617709383359 -0.0273963152573539 0.0187007304585316 0.210137257960698
0.191304953687944 0.153667205950938 -0.065179158425912 0.211531739047942
0.094864759968431 0.272965808708572 -0.0495720472543687 0.214182056343296
0.0225021103883612 0.273905884464665 -0.00104010632707067 0.0415663402611061
0.136478751165253 0.173775048645849 0.108954241753902 -0.118262858297686
0.180000563730328 0.0392402533213089 -0.0510748502641766 -0.226653621619833
0.115558836806692 -0.0968813865835148 -0.230081151985281 -0.0770170338292173
0.0194967311934154 -0.147676214070776 -0.170322888721756 0.114711932166926
-0.0707210601729116 -0.120551916479089 -0.0433669949695074 0.148903763066415
-0.102198467405739 -0.0548214628282244 0.029653098557354 0.0963268482543593
-0.109780682771305 -0.0337091227816284 0.0590367556993197 0.0299603935344015
-0.1057933418672 -0.0389583478633848 0.071122887785107 -0.0287990899084734
-0.115367383146036 -0.103467513997654 0.106703609729754 -0.0568886326582944
-0.0411889686761004 -0.177303305762596 0.155356521686222 -0.0246711105001538
0.0772422967732098 -0.172267941880858 0.150618585863895 0.0712478603544248
0.237031523532275 -0.0604435622757119 0.0703213726907627 0.17662574310186
0.232613954600238 0.168338765830662 -0.042120584089306 0.190290909248269
0.106000237754067 0.307493448584475 -0.0524721191257042 0.129425207658899
-0.0232939963458548 0.295831428955202 0.00850410462913213 -0.0642155951454616
0.115425610056408 0.239210929431614 0.117360044815311 -0.155755603898351
0.211000195421253 0.0990317715078 0.00173042135133214 -0.258933522000116
0.167572146493853 -0.0932876285254663 -0.183444229943551 -0.144389579944174
0.0446292225021657 -0.174407126489691 -0.172941499379874 0.0281781256438471
-0.0718554573498234 -0.149188556185517 -0.0900687131744497 0.0922495135879637
-0.11773132155341 -0.0712750920022953 -0.0256222058807519 0.0719267219574093
-0.123817815254504 -0.0375428840366068 0.0118680950186599 0.0159750392631622
-0.115118942701131 -0.0403666059787645 0.021473691196248 -0.0455060641212769
-0.122837877335337 -0.104415678414016 0.0602968818313153 -0.0902765734882577
-0.0530891408056687 -0.182649069677165 0.131115998095793 -0.0843041682010952
0.0650923179439783 -0.187454056911473 0.168579833658391 0.00886523831017668
0.237130626815503 -0.0768918936565025 0.101787371598534 0.133854675785249
0.231160623356912 0.162659585437236 -0.0328116654674116 0.16219418959567
0.0966593675539437 0.299551300619847 -0.0608757387881019 0.0406874825461643
-0.0601666727772802 0.259684747300794 0.0271568882766037 -0.171261303452332
0.0635836652414952 0.247923744756909 0.124077669173388 -0.19099204021497
0.183267173895863 0.134945359167118 0.0541410109199633 -0.265439393392401
0.175957447690091 -0.0629594223235691 -0.110304480089674 -0.190273595802064
0.0589390359704515 -0.160822091964299 -0.151264067224392 -0.0591281763363797
-0.058546988000096 -0.148339702932374 -0.126057477405742 0.0250591209126037
-0.111889693054555 -0.0742366605574956 -0.0788910073457261 0.0391485401411387
-0.11883248553323 -0.0358985000889455 -0.0358610498874592 -0.00109801543328198
-0.109699739101479 -0.0382209439991097 -0.0256865032417593 -0.0592878494016896
-0.112216934842568 -0.0952810363414915 0.0165346982012524 -0.114284565781481
-0.0477124289252048 -0.165046968747085 0.102466309177295 -0.126916275882851
0.0606527574022902 -0.170172914402036 0.170328112290791 -0.0359308536352718
0.210840864016908 -0.0600793673193195 0.112479616134049 0.0985878364422652
0.187233565453306 0.154503460178787 -0.0313775476168393 0.132880181970984
0.0602002662267546 0.25662548924302 -0.0654321142759424 -0.0400221446379131
-0.0756046655208013 0.174485334330981 0.0452987686383546 -0.257268391258831
0.00830147791208811 0.193054043183615 0.127454542043862 -0.212423123628894
0.116676910120197 0.124625931007087 0.0901989453860513 -0.249593419468773
0.135943236235002 -0.0293673797891435 -0.0423501334237972 -0.20748041166737
0.0528421595714796 -0.115620840319618 -0.120804548171679 -0.124044844016257
-0.0373101579296089 -0.116248392490654 -0.148063558435877 -0.031006301375461
-0.0875900789782201 -0.0626643853985517 -0.121322446487858 0.00904924876038769
-0.0964427193745821 -0.0303106765225444 -0.075867640116142 -0.0170248516552741
-0.0911863557200385 -0.0326083329070458 -0.0647956970609601 -0.0720651381605421
-0.0888062146542965 -0.0786709131000682 -0.0156401701042763 -0.131951415760031
-0.0316273133406369 -0.132899882669047 0.0807002973253034 -0.153827013655511
0.0619256441927565 -0.132687038992288 0.168622240439521 -0.0598475028025433
0.171010709958827 -0.0225270029850106 0.114142984945725 0.0761660333329575
0.11915794053238 0.14315498342537 -0.0305904125431474 0.107119293688526
0.0090531937573917 0.188988437455753 -0.058999815315735 -0.104056066174791
-0.0731977551556837 0.0591143462896603 0.0502202868195675 -0.303786425861629
-0.0349955963675914 0.0988340550822084 0.120951036019969 -0.215780872714787
0.0411129445964355 0.0768770162531068 0.101137435507789 -0.228136721927972
0.0680035656371446 -0.0029628733332117 -0.00437830059249963 -0.208099700201225
0.0314820618459578 -0.0547640385453224 -0.103319889567733 -0.156006861513088
-0.0127581590703928 -0.0645560970018774 -0.159050135458638 -0.0630060353531177
-0.0488719883236974 -0.0406242341413811 -0.147082364169915 -0.0115831275888187
-0.0591476927583244 -0.020093999626492 -0.103473557991141 -0.0291995378759211
-0.0613197148610734 -0.0246481021360948 -0.0900959317678585 -0.0836159195362166
-0.0578932700470696 -0.0549118616791147 -0.0346011444889839 -0.14659871572822
-0.0130032974057154 -0.0916013344454028 0.0704871883186552 -0.172268279447409
0.0606797801781465 -0.0853386081475059 0.171886505975061 -0.0694354165547242
0.118551304269515 0.0173456101530313 0.115917307235149 0.0674803107079568
0.042356705923654 0.119196151057408 -0.02650854953876 0.0872772997610571
-0.0444447509973006 0.10195235778029 -0.039685035856943 -0.144953148064474
0.0688910561944582 0.00344642818958687 0.0353568242804693 0.176299043533098
0.00841003234480603 -0.0546064546804897 0.0787691730751977 -0.0678458807105221
-0.0461031644095586 -0.0312861708114311 -0.111226275476907 -0.0992195077823101
-0.0320684448826906 0.0293099964802544 -0.194443304898877 0.0459989586666391
0.00571869715674453 0.0285239639426434 -0.0884088149297817 0.195979222657622
0.0130602467557597 0.0160703989888531 0.0496060228582909 0.172581028224406
0.0167852008289454 0.00944840221509587 0.100704503573343 0.0939738946522461
0.00821548066095975 0.00472471788245252 0.122248322037078 0.0409585968105789
0.00139127152139427 0.00840947749915076 0.141106180252498 0.0165788366835148
-0.0132480043689119 0.00599884548471959 0.157633372361814 0.0534183838619305
-0.0117893143817495 -0.00969522516863132 0.112160731862293 0.13223487219493
-0.00251672831685566 -0.0177776920614776 0.00411134354239775 0.189975807973145
0.0313336457596026 -0.0344200382086254 -0.0761744612444758 0.210561308122734
0.0672651541981907 0.0030173820685824 -0.125361874343553 0.212804776196526
0.067565757543429 0.0673485714360324 -0.0646141213331098 0.302902588612933
0.0746835679799263 0.101701141100675 0.0162499212567075 0.164336667190832
0.0656606110484659 0.000908535365048214 0.0846524634932784 -0.0686931161741826
0.0220017338545752 -0.0326111016148012 -0.10309613053547 -0.128240998651898
-0.00322037259453517 -0.0190185290949548 -0.213970778300955 0.0268873735275258
-0.00158651138236808 -0.0264145072511587 -0.111862747828612 0.191910973041056
-0.0202254332037086 -0.0230805473270304 0.0332798799155683 0.180194446306368
-0.0254031603668411 -0.00817642749745378 0.0947616227530555 0.101956443466053
-0.0354262976913592 -0.00963289050067252 0.116389684961481 0.0415789630498971
-0.0405274219260843 -0.014211906857364 0.131907793123033 0.00527953846558948
-0.0494078171637874 -0.0459985099311534 0.15568112178155 0.0261640164398074
-0.00623389162655281 -0.0790713296947584 0.136716768821004 0.099443462210218
0.0522812194637558 -0.0618265660448308 0.0461558493986696 0.171152800052801
0.115539755872335 -0.0102253180044177 -0.0391522978586497 0.211353946396654
0.119819147224454 0.0956520848206176 -0.0958247565654074 0.208740727565872
0.0727197240688409 0.18118263668503 -0.0559121780027549 0.266489247451511
0.0568784186257527 0.192924265424999 0.00240205991440418 0.119022178580909
0.109760969538046 0.0790916987824178 0.0940911862197081 -0.0825526776088977
0.100034262512659 -0.0100669094316296 -0.0830284807586056 -0.171098393830897
0.0467205178023925 -0.0634061915012468 -0.226425751837318 -0.0153104774901731
0.00216989958823859 -0.08690517570463 -0.140033475218778 0.164079047652906
-0.0489424777830861 -0.0693510805903553 0.000694001396508952 0.171580623588219
-0.0656403333639089 -0.0304410641005728 0.0692893000451794 0.101843347447334
-0.0746450659836175 -0.0221920064172944 0.0927121395246782 0.0375604076693846
-0.0758622324806819 -0.0298286827695077 0.105579604208353 -0.0105053038556546
-0.0841623714784411 -0.0815870841902491 0.135759031868856 -0.0138064905990443
-0.0193199185725926 -0.135254753860686 0.152373092974352 0.0418378545703326
0.0754285099285006 -0.11788854869743 0.100311288997235 0.13003145286847
0.186050386036742 -0.0247640637602984 0.0149675791277689 0.200378833758898
0.179930038258274 0.146799238857252 -0.0656422388313372 0.19879330398719
0.0874279722338044 0.258714038017731 -0.0495206700288388 0.202370140680812
0.0210609587105327 0.258872915391672 -0.0010612649267 0.0410559265962544
0.126796964997589 0.164386914786824 0.103906807221936 -0.109222812414985
0.169012429535579 0.0372311340600797 -0.0455775331718146 -0.216563886906636
0.109305832616049 -0.0904912783100923 -0.215634521073012 -0.0763855663132694
0.0186305938551984 -0.139212692519892 -0.161994682428526 0.106228323841736
-0.0666120913259743 -0.112780612319992 -0.0420451427858826 0.140470449511174
-0.0961958694869238 -0.0515699002453899 0.0270771912491426 0.0907379509438331
-0.103005258581088 -0.0314545109145416 0.0558429446816366 0.0280465638649299
-0.0991122600276876 -0.0372305381788627 0.0657224638643828 -0.0275799993338329
-0.108316124562402 -0.097654127458493 0.100704460593818 -0.0542689334114173
-0.0397380544147203 -0.167331249688011 0.147823925376068 -0.0241971189994574
0.0731117468440026 -0.162398732817252 0.141386931556006 0.0701009589879278
0.22328123516052 -0.0566839353544854 0.0638935559112774 0.169401642247156
0.220027874493846 0.159832719013836 -0.0433786273664193 0.180133183061985
0.0987759626031833 0.292330698418818 -0.050990865193507 0.122423242391813
-0.0235124850654477 0.279244206674863 0.00851014620041267 -0.0588477631000135
0.106376914869927 0.226415313641671 0.112681423282286 -0.144551854748966
0.198081757019468 0.093646241092969 0.00422848086154462 -0.245841920604947
0.158372301917886 -0.0868219448413681 -0.169568056734679 -0.140091096052982
0.0414415979807906 -0.164337243486283 -0.16401258469126 0.0239910047511992
-0.0675760308100529 -0.140651938092111 -0.0859210566374571 0.0866541066178531
-0.11107888656486 -0.0671042994762223 -0.0240076185353246 0.0680403624915527
-0.115822392085919 -0.0352927625266509 0.0109908118822588 0.0139681232732581
-0.108057728010378 -0.0393097847605984 0.0197399582456341 -0.0426616886893312
-0.116021979177926 -0.0982767515188815 0.056885068417492 -0.0859474004137365
-0.0508935165847 -0.172390107973196 0.124117260172693 -0.0814932953423528
0.0614827850462237 -0.176650944868807 0.158224279912416 0.0113649618770112
0.22260426950771 -0.0717791220720487 0.0940258675299893 0.129658346139517
0.217881759351145 0.154698406782572 -0.0339592890442935 0.154696712400719
0.0897974428107773 0.284967208218292 -0.0579812294943688 0.0385259077036868
-0.0586733437087302 0.244398563545593 0.0272411013931165 -0.160592456946996
0.0581176508507616 0.234780828588822 0.119494467048008 -0.177208487416495
0.17191165445245 0.128306294926017 0.0546541196412659 -0.25115437338308
0.166227065365671 -0.0584078569925115 -0.100686309853381 -0.182355379863885
0.0552708072833172 -0.151575197644379 -0.14372198847169 -0.0587557778961623
-0.0554381468427149 -0.138997726753756 -0.119657897968938 0.0237277966610545
-0.105609969043105 -0.0698438704274822 -0.0741414325296821 0.0379152046536588
-0.111240199953283 -0.034219548713716 -0.0334944831043147 -0.00155164435653407
-0.102974352647136 -0.036851888609593 -0.0245430396116284 -0.0562071819392187
-0.105152287283595 -0.0899105405822523 0.0162149859258072 -0.108777291670614
-0.0454738257955136 -0.156428239354286 0.0968185841040376 -0.120836546205603
0.0575894697030515 -0.159301954675678 0.160492127086378 -0.0318351756441172
0.198154562689124 -0.055949356171654 0.104965436603755 0.0964011139389119
0.176751979193905 0.146541249345064 -0.0311275099432805 0.126642396156242
0.0557424481483729 0.243910589009621 -0.0615374889332514 -0.037598059312277
-0.0724457525431542 0.163787033933033 0.0453831773901134 -0.241994189111069
0.00598656781022043 0.182644912479158 0.123082962205722 -0.197941064607007
0.109168147890204 0.118034203162777 0.0880986274608955 -0.235565074990381
0.127786219844205 -0.0266802363551601 -0.0358266781795796 -0.198302964118604
0.0499736576307153 -0.108491034638506 -0.115051785443817 -0.119693138066853
-0.0351960467221834 -0.109677098474687 -0.141101888260001 -0.0296793653299195
-0.0824866467308199 -0.0590939086716744 -0.11397441989579 0.00885551662981274
-0.089127629852321 -0.0285058439059677 -0.071054330749359 -0.0162775493436672
-0.0855784871667028 -0.0309649573583637 -0.0604565319670962 -0.0679574024511062
-0.0832389122881726 -0.0738083532068683 -0.0141598436078092 -0.124787393640043
-0.0295229293457196 -0.126175563010988 0.0771256742135956 -0.146395373125013
0.0584545544478964 -0.124035636977391 0.15905283559015 -0.0552037361937739
0.16005979886398 -0.0207036482918762 0.107189510202927 0.0749175233011205
0.111625919441675 0.135882135336028 -0.0295295062077316 0.102344194458323
0.00741926501106124 0.178673935479653 -0.0548989271055863 -0.0981329859036284
-0.0696836648080841 0.0550626251088074 0.0505200996128431 -0.28584223121384
-0.0334817003473626 0.0933257226002307 0.117898547094384 -0.202677160967176
0.0378444990786121 0.0723829935865709 0.0986090298766001 -0.215362437779926
0.0636710124467862 -0.00195330283758792 -0.00110910338591951 -0.198584024913423
0.0294306973764491 -0.0507151544812069 -0.0977792144435737 -0.149222062585661
-0.0120595493761904 -0.0606547014317473 -0.150040250507761 -0.0595912368056495
-0.0456758860823637 -0.0380931182178562 -0.137351246125165 -0.0108870229792992
-0.0546456670791736 -0.0189715943262484 -0.0970933797287136 -0.028368355441277
-0.0573982320441342 -0.0229408041786387 -0.0845501078039917 -0.0788955797715595
-0.0540493605355543 -0.0514971113001189 -0.0314825837243133 -0.139250413055831
-0.0118094186517146 -0.0861410757985513 0.0676150199969244 -0.163237475231542
0.0576686078793073 -0.0793607484697603 0.162545462592022 -0.0632567471992134
0.110911731468358 0.0174540753770823 0.10841042917276 0.0665769001305661
0.0397947927456118 0.112701535610242 -0.02574163877189 0.0826356215288881
-0.0418312728566659 0.0960953210361089 -0.0360588229038506 -0.13665409729505
0.0669394212467989 0.00510954992954389 0.0293155468458903 0.172500595733513
0.0100861635826975 -0.0528211912479385 0.0786880377254833 -0.061828917517717
-0.0438772433839381 -0.0311867347432351 -0.103891055464556 -0.100704218372546
-0.0316450036339187 0.0280633628478676 -0.191535834559614 0.0370959220830413
0.00514816828211929 0.027075297682243 -0.092206229378677 0.187571001935963
0.0119767996950161 0.0152241953590451 0.0418615792503398 0.168639220602764
0.0160117201428981 0.00955439903022437 0.0927101859959065 0.0949202563054184
0.00776605674790784 0.0045445843818151 0.116047467008152 0.0426194532222235
0.00101087924110829 0.00729294406686872 0.135249730838576 0.0201155224958324
-0.0127711367220689 0.00508607781631488 0.15104901623277 0.0546744760330861
-0.0105117411044453 -0.0102122555580404 0.10551101240142 0.132445098046054
-0.00124053783932714 -0.0171865691247943 -0.00282293073079327 0.186146783343444
0.0305620766763788 -0.0325292816611194 -0.0811414897824643 0.200354091153494
0.0648069565650886 0.00486178484611824 -0.130294070312408 0.201829477867555
0.0634462717308007 0.0677447256270715 -0.0733096308903316 0.291656633549887
0.0700451097203202 0.100249035974087 0.010981533438699 0.160655907881407
0.0632360716364294 0.00307006565692368 0.0844813395710558 -0.0624033776880907
0.0213774113851021 -0.0307643346850261 -0.0949263444399934 -0.12830431972215
-0.00271666892910614 -0.0182442927655577 -0.208044948172052 0.0173647637285832
-0.000523218999147731 -0.0258478351510618 -0.113895805707268 0.182438921792327
-0.0190239261435302 -0.023057547101517 0.0261460285504144 0.175166703957697
-0.024577129178353 -0.00888896087251686 0.0869493166749249 0.101035982192769
-0.0341426131078376 -0.0105357222543054 0.110705507760472 0.042858051857093
-0.0393466567737166 -0.0155287847731521 0.126621501219537 0.00845458316331401
-0.0465842497426678 -0.0463093081691197 0.150026468870124 0.0281815724067974
-0.00462650818449214 -0.0771979248271777 0.129979040585403 0.0997500555642704
0.0528627442552904 -0.0582690957452795 0.0383031933180605 0.170178627649324
0.112015208098827 -0.00640688997472433 -0.0452013694711656 0.203838219552203
0.113629710577873 0.0964145709302101 -0.102502888815156 0.199156416315944
0.0651031897973623 0.177986421923611 -0.0647591243458257 0.256504582261104
0.0502682553208363 0.189039021437706 -0.0013248798627127 0.117060068622289
0.103298564632172 0.0799694453360896 0.0935817939747819 -0.0759424544131552
0.0965261930130144 -0.00687287622577099 -0.0743684939786096 -0.16986754251107
0.0464938813618326 -0.0597478971307109 -0.218222229445602 -0.0238495654990831
0.00426675506362068 -0.0836061119531905 -0.141252058852035 0.153936822495948
-0.0461266829701527 -0.0680674219325617 -0.00460751649149303 0.165861497961136
-0.0624214585506111 -0.0306439859336792 0.0634009925307722 0.100296933908908
-0.071404416653488 -0.0238445340773503 0.088187124157603 0.0378548195594142
-0.072610069874084 -0.0317355736108955 0.10125261367342 -0.00774963238067197
-0.0798495522196238 -0.0816408841243084 0.132078770066808 -0.0106142019448525
-0.0163628663077538 -0.132053627817104 0.14740229923901 0.0436991163310583
0.0773052330372951 -0.111387608871999 0.0930289629403997 0.131828638503558
0.180652562401995 -0.0182198980966931 0.00712768327302417 0.195619457189041
0.170301513512723 0.14836770332698 -0.0722971347256893 0.19099036915365
0.0773635966630898 0.254987042142137 -0.0552884002349417 0.194401687954953
0.0125817772614625 0.25142228245411 -0.00199851306293255 0.0417682211994387
0.117455571779564 0.163581963752869 0.104247031833296 -0.100905035516609
0.162032106839362 0.0409971387522261 -0.0369689378045548 -0.212588477657061
0.107578078024241 -0.0842851585826638 -0.204831716538905 -0.0833490033254093
0.0212273711650041 -0.134196078543878 -0.160579019926411 0.0971074380679319
-0.0618497125209754 -0.11068198263467 -0.0452773827499279 0.134913634159399
-0.0917907227969335 -0.0522319819671174 0.0232037091549993 0.0883546004401702
-0.0982030557300206 -0.0330227672768557 0.0531238447127767 0.0275436674247251
-0.0945879601680531 -0.0406439127071208 0.0632122874803516 -0.0256680042564417
-0.102693456374545 -0.0979082283394173 0.0988428141637855 -0.0504200808484109
-0.0351824061109931 -0.163421786930691 0.14460740905892 -0.0207477041951052
0.0753585013669906 -0.15466480230808 0.13409590828606 0.0741820162039758
0.216708833795207 -0.0487336982285172 0.0556112695555241 0.168340210392859
0.209046667599413 0.161776867222896 -0.049576881438777 0.173969427895304
0.0873382207778799 0.288922978128206 -0.0539483145791395 0.117831506695691
-0.0311813923620432 0.27080214551002 0.0105388643679473 -0.0550542936404594
0.0963673350566643 0.223289796045948 0.113718283443437 -0.134353100933096
0.188341995945274 0.096527796676326 0.0131395045910001 -0.24055342802692
0.15593173672495 -0.0794935165117652 -0.159055114073268 -0.143779468656913
0.0436657076501503 -0.157659591668809 -0.160242468252326 0.0170704221380496
-0.0626399010716559 -0.13741744172681 -0.0856675577778737 0.0817807668297612
-0.105281029802214 -0.0674215079118211 -0.0246424958561504 0.0652961982293281
-0.110334355836204 -0.0370276391049617 0.0105962926667279 0.0133842082795889
-0.10329656778041 -0.0413472184495466 0.0198669065528602 -0.0411707435693021
-0.109728084053945 -0.0986055612844963 0.0575528874905091 -0.0824294122841576
-0.0457599673749164 -0.168810300156121 0.123759117579588 -0.0765254821340137
0.0644438554156863 -0.168998251873663 0.1529820336846 0.016884048055847
0.217018287586296 -0.0634349734514129 0.0859662677082222 0.131710467218128
0.208250430560491 0.15650844191179 -0.0388617405963456 0.150110048064658
0.078810065738198 0.280430251198874 -0.0576863650500126 0.0360118259484796
-0.0642781738765947 0.235551745630661 0.0323192501606098 -0.153766033060551
0.0489084391890589 0.229449175086485 0.122143123494753 -0.166233418424475
0.161817280046978 0.128821299453213 0.0616291443462163 -0.24266786112282
0.162787197944362 -0.0515591782937764 -0.0899377234320236 -0.182595894227196
0.0571257310942471 -0.145063457125232 -0.138198846766153 -0.0637966691972693
-0.050373769920343 -0.136177125835624 -0.11781030391706 0.0199042078244536
-0.100430873426215 -0.0699613500738183 -0.0722808507378209 0.0350323102306221
-0.105733623792568 -0.0356797111549328 -0.0323444480571501 -0.00321040460733755
-0.0984117100072859 -0.03875951268814 -0.0228293722705937 -0.0551275512661515
-0.0993279213436151 -0.0895375387469128 0.0184349789602187 -0.105475868054397
-0.0404448202225468 -0.152608527052282 0.0976858500132077 -0.115668454353393
0.0604488098507994 -0.152237269011329 0.155961499318137 -0.0252083758785785
0.192928556237629 -0.0485827853011334 0.0981398623235779 0.0992072220371741
0.16776195522401 0.147888327271687 -0.0351952267981689 0.123860844635147
0.0466964117642286 0.238986610565429 -0.0587042885600629 -0.0380423566840691
-0.0769259382847715 0.156904953671237 0.0530780651725953 -0.232016757604603
-0.000100432400581086 0.177432933321066 0.127204895034406 -0.186534981250986
0.101697180829631 0.117569928270186 0.0940164387143554 -0.226178836732496
0.124280503737101 -0.0217293937260329 -0.0271010219757176 -0.195137192229205
0.0507109536247452 -0.103516232289129 -0.109042012410739 -0.122100146792564
-0.0314459050095965 -0.107179876313846 -0.136120440120343 -0.0323488211361052
-0.0779253429078471 -0.0590982595965946 -0.109687050354869 0.00614168109690839
-0.0850087700698969 -0.0293517473560152 -0.0686605191506938 -0.017991847365984
-0.0823096676329695 -0.0323307973283178 -0.0568179834688982 -0.0680577502019825
-0.0783256406680212 -0.0739524604877724 -0.0101977961952229 -0.122241590377708
-0.0259217799470457 -0.123143554186081 0.0788103652322789 -0.141107849678708
0.0599047048596703 -0.11754842620721 0.156345500834951 -0.0485150273101383
0.15423576832979 -0.0147438502724939 0.100958626529988 0.0782979308129982
0.105061734490679 0.13524338059579 -0.0323682759537812 0.0991691318513585
0.00201799470102559 0.174333522422168 -0.050040824602845 -0.0959317776108962
-0.0696918690345025 0.0513111315863454 0.0595936636935147 -0.275535057786062
-0.034889116832444 0.089684277245626 0.121700859321552 -0.191274802770556
0.0340165693310818 0.0709604754822944 0.103682907654372 -0.206419510269787
0.0611896652590461 1.82918445220449E-05 0.00720159438162858 -0.194868985007068
0.0299202078482906 -0.0484077884757807 -0.0920629106460402 -0.149836423000961
-0.0100931746113523 -0.0596719137910036 -0.144720087540549 -0.0611312619582503
-0.0434534818582462 -0.0379967621523465 -0.132269639230229 -0.0134619417232321
-0.0518051214062123 -0.0194695482791682 -0.0931316958945003 -0.0304101598210048
-0.0548921782967444 -0.0236154289758943 -0.0790002899776352 -0.0785240256957741
-0.0510093343305528 -0.0510742969050097 -0.0262762097591223 -0.136523491080294
-0.00915831657481294 -0.084104166016775 0.070360677599489 -0.156706530634907
0.0572212487452737 -0.0749926961353975 0.159931709763589 -0.0559959451481468
0.106497739567525 0.0199947321346632 0.10278335095344 0.0697207340982234
0.0355003508080439 0.110539112812241 -0.0278267666550845 0.0802291752418423
-0.0439716626122207 0.0919370511887686 -0.031637335963509 -0.132869344210882
0.0679575420117591 0.00695328126237373 0.023442410002302 0.174999412103815
0.0127578811677104 -0.0528886572434509 0.0814357327710746 -0.0593384201349881
-0.0434795652373871 -0.032619278396642 -0.100818609942743 -0.105198563483694
-0.032181497900545 0.0273663061750933 -0.195201340453576 0.0292261714409644
0.00436875770916541 0.0270238174944591 -0.0987116756800813 0.185717442248806
0.011202765367691 0.0157850360869583 0.0365417478380437 0.171256467430064
0.0156055875521273 0.00948009390655982 0.0879819520298968 0.0987176365706667
0.00747475573721621 0.00452628242923427 0.114148287231626 0.0463091024736275
0.000527502996699562 0.00679246138987397 0.134587517755608 0.0234150179622558
-0.0133995519163263 0.00442872054711592 0.149993880021414 0.0588160167639851
-0.0108611561537787 -0.0102762870021015 0.102148293938695 0.13675556696741
-0.000266269603622886 -0.01770961850371 -0.00954900276618985 0.189444877658067
0.0314913111861541 -0.0314704008351153 -0.0898624868032833 0.198403098726393
0.0650656689346067 0.00654685834652246 -0.141765318214168 0.19710804009568
0.0623087832193767 0.0700123679602578 -0.0853879690946498 0.290862892102697
0.0686797391944869 0.102932448690678 0.00538207305278142 0.162771558086325
0.0636382580376457 0.00473907718222979 0.0871721238314329 -0.0582661189929211
0.0219969498328425 -0.0300376119156661 -0.0914176165596725 -0.133382626458091
-0.0021567531038627 -0.0170711884627231 -0.2106735939869 0.00848694282366482
0.000349901315397431 -0.0259829003069856 -0.120966827358011 0.179103181897618
-0.0182627961363567 -0.0240944432502199 0.0197492360526295 0.177017121697216
-0.0241714579619284 -0.00933334193815149 0.082837717047618 0.104325626690165
-0.0336940504518297 -0.011893506402399 0.108703890603118 0.0461325338359229
-0.0390016806384353 -0.0177768590252983 0.12572197287286 0.0117728558979497
-0.0460760899781649 -0.0482854748600869 0.149502083607862 0.0319631032411583
-0.00276980986304542 -0.0780486877545239 0.128128058336912 0.104306956944392
0.0553566803188324 -0.0570921672705929 0.0331791987999203 0.174472129203018
0.112511474704296 -0.00196917192318682 -0.0537418055811955 0.203691948211788
0.111140458608174 0.100636281300151 -0.113292921750095 0.19616142706727
0.0596799759291839 0.182072503706487 -0.0751471582918399 0.256358481228996
0.0451576536735463 0.191708447972069 -0.00508789929397705 0.119245866772433
0.101059882710473 0.0838085304240711 0.0974004300491074 -0.0711588974189445
0.0966748865802572 -0.00392781443077886 -0.0687397709365495 -0.174502020756991
0.0481355342158411 -0.0579505941013846 -0.219564522717672 -0.0334508768250446
0.00651687514866196 -0.0843437387095666 -0.147127770235788 0.150094123237336
-0.0443938039473369 -0.0696289084908948 -0.0104886587981136 0.167198328255372
-0.0616129736055152 -0.0330270942150571 0.0592515327494269 0.102845085487994
-0.0706146807413858 -0.0256973845084129 0.0870473945569558 0.0404292963708719
-0.071849498689656 -0.0350941945067502 0.100502305354981 -0.00527944568125961
-0.0781288369850806 -0.0840103785910911 0.131893013040008 -0.00811433845205962
-0.0136316865978385 -0.133112843728826 0.14728698611212 0.0476064615367671
0.0813854296710604 -0.109896943608758 0.0882264299537866 0.13740755356994
0.181619924317337 -0.0124633318673504 -0.00103200415686372 0.199022661116021
0.166848269512012 0.155064591104745 -0.0817710034990587 0.190669004524636
0.06974947163319 0.260851476566922 -0.0633569486899524 0.194603936561372
0.00456486629244401 0.25422277676178 -0.00343811185875277 0.0436968255412362
0.113032962157101 0.167947924824533 0.108695015776123 -0.0953090681773052
0.160956074971671 0.0464718103665848 -0.0289969950013181 -0.216405287747742
0.110759788768692 -0.0810200952666299 -0.20328708383627 -0.0933106835522775
0.0256060998237092 -0.134104311592214 -0.165804540637996 0.0909592869868161
-0.0591194243077354 -0.112997460129718 -0.049775769153188 0.134354432796145
-0.0906311301803081 -0.0550364612306613 0.0211881583337276 0.0890168402939949
-0.0973208074697484 -0.0357778571530063 0.0517496395614193 0.0292261717399617
-0.0938036131366497 -0.044181390184808 0.0633006995446469 -0.0242905647166689
-0.101236288545311 -0.101170576304687 0.100160049190524 -0.0492896503413806
-0.0321239702909176 -0.165210330124257 0.146579048163123 -0.0178582039856445
0.0803749280376876 -0.152877383582818 0.132005367183395 0.0813255271518852
0.219856103600575 -0.0417155785996359 0.0497832753774988 0.173662666620107
0.206238428410919 0.170405164706505 -0.058075700877198 0.174569416917869
0.0786951240790527 0.294909017340416 -0.0587246808486535 0.117191325445846
-0.040451646966313 0.270907776230802 0.0126920788817048 -0.0541706479773963
0.089057179104301 0.228428526918574 0.119403652188619 -0.127974017056689
0.185650637604791 0.103262145880078 0.0222402386344275 -0.243056451137948
0.158623596686252 -0.0751073522099914 -0.153473350270417 -0.15242928033616
0.0481055024310476 -0.157118431574462 -0.162752603010466 0.00943114374356483
-0.0591341462507776 -0.139840837090103 -0.0894210271890561 0.0801229149618937
-0.104063994198188 -0.0707680451382756 -0.0265921896107705 0.0652146479050297
-0.109484692761169 -0.0397898789438342 0.00947109066977518 0.0134404104507262
-0.102453706513266 -0.0455375221470059 0.0200335112130139 -0.040786536370131
-0.107684214146964 -0.102778890583557 0.059791171278595 -0.0824121621184249
-0.0423183408484362 -0.171116880106851 0.126663878257611 -0.0750447991133023
0.0697431417387524 -0.167170029366042 0.15297314036831 0.0233889007839276
0.219546165517849 -0.0572708001079401 0.0816897533357559 0.138298170381112
0.205174597472511 0.164558297318313 -0.0458619714129734 0.151655027119213
0.0708018788045121 0.286045818702851 -0.0599951964346308 0.0351059208049105
-0.0729260934570157 0.235462155145278 0.0383308862764561 -0.152285369569762
0.0413119372987237 0.233008249188974 0.128804912382549 -0.160873767034044
0.157963210589074 0.135148019617952 0.0715793509383 -0.243508703187309
0.164806287213081 -0.0466177522592514 -0.0825586470032965 -0.18996764352708
0.0613179171389803 -0.144057092573443 -0.138088514124322 -0.0706941490898069
-0.0468152734287728 -0.138017866935025 -0.119301228675055 0.0169442412604523
-0.0990597053335711 -0.0738873001836505 -0.0728188410685603 0.0334281397818518
-0.104227267847241 -0.0383520512900655 -0.032739094039984 -0.00420949047524611
-0.0975647332045253 -0.042203130198147 -0.0214750525145671 -0.0560039035710099
-0.0973582875489592 -0.0930380461971695 0.0212368681339724 -0.106571232060582
-0.0365279429753195 -0.155370032647145 0.101994866127664 -0.115224323810811
0.0646377414340755 -0.150260283583011 0.157788424116132 -0.0191420989320003
0.194976958405447 -0.0430612996195231 0.0952108942663768 0.106208431124916
0.164477405366595 0.154072196165549 -0.0406135262488284 0.125215888290711
0.0399119630742116 0.24274327058989 -0.0580778161240541 -0.039427320123569
-0.0822137415349972 0.15531901137269 0.0614285892049279 -0.231387791454835
-0.00581276831847755 0.178781525667698 0.134854713328333 -0.180235994568425
0.0980430049189505 0.121395219979764 0.103819412654135 -0.224559509020252
0.125460171673729 -0.0175237807883978 -0.0187941404544474 -0.200397300227035
0.0536901708518167 -0.102241539487426 -0.106659226549937 -0.128525766239653
-0.0290992130270871 -0.109366191522452 -0.136995361346724 -0.0363510087722211
-0.0769346963714467 -0.0613329162191208 -0.109353846916727 0.00307512695531186
-0.0835433282971296 -0.0316683099261474 -0.0684868027196219 -0.0202154798189254
-0.0805696331078434 -0.034992062426438 -0.0554960328639634 -0.0695191219209519
-0.0760303518882212 -0.0762579333639241 -0.00637511796386403 -0.123990434891065
-0.022122056329842 -0.125208228222319 0.0847328606907396 -0.140830971555033
0.0641614164362253 -0.115388302389756 0.159075943432975 -0.0425309815296922
0.154723193899646 -0.00992992982300368 0.0988158357329818 0.0850386809845463
0.101632492333194 0.139249673500327 -0.0365479554799997 0.0995470455930105
-0.00373939944424972 0.175793430485643 -0.0480032798423466 -0.0974785857500494
-0.0717093735065849 0.0490590336982356 0.0701699587304085 -0.275844576477858
-0.0378185963174058 0.0890489119006873 0.131301592198678 -0.186477171841692
0.0313586163713381 0.0726860959099106 0.1128239223945 -0.203989315813386
0.0612676429672586 0.00290562151826441 0.0154641296535082 -0.197940660108459
0.0307754510191094 -0.0474062162618594 -0.0887692565278214 -0.154976202410807
-0.00871587830769361 -0.0609015455038687 -0.143938608700989 -0.0660674631718916
-0.0418006701956975 -0.0389203783161766 -0.131998969810965 -0.0162815716781895
-0.0508637345079738 -0.0210306997650657 -0.0924360964159002 -0.0329998255363027
-0.0543595709912676 -0.0243220586100826 -0.0765368505687958 -0.0816300984498508
-0.0489398005785749 -0.0523359007704956 -0.0220743690643679 -0.138795381431473
-0.00662005546054061 -0.0852321473951487 0.0764527766031235 -0.156596648872909
0.0596105267919659 -0.0728825755240257 0.162876096599482 -0.050408886591451
0.105699858458494 0.0236795511079593 0.100608078131039 0.076129953370583
0.0327126532392047 0.112423726011523 -0.0309617335359313 0.0807729403916921
-0.0464881076359412 0.0907683243388153 -0.0273903603521597 -0.134779736695874
0.0719517668607955 0.00768609591279568 0.0230443890624939 0.182706338148739
0.013929577619753 -0.0549837490228352 0.0868710399671276 -0.058680073599083
-0.0449757957737442 -0.0341466125329715 -0.10300979390335 -0.11099128305881
-0.0333044426678801 0.0288084771263011 -0.204930859598629 0.027837012391577
0.00465117593454244 0.0274285309262264 -0.104116977133178 0.192696149085714
0.0112945712699366 0.0166285430878627 0.035696713121063 0.178400164623931
0.0166272316299926 0.0101229936740883 0.0888477248759772 0.104479794990766
0.00733845865617731 0.00463384965815178 0.117392491926114 0.0490498224891763
-0.000167782442130215 0.0061116550172584 0.138288860409865 0.0251791948468362
-0.0139205905278901 0.00400341649267229 0.154614174442749 0.0615891869026261
-0.0114844818066171 -0.0111471152718739 0.105082747810719 0.14370002415214
0.000489890871601854 -0.0186286623933252 -0.0127535379256014 0.199646203893528
0.033327556200039 -0.031661858526449 -0.0969541839005564 0.205338436468016
0.0669946819921242 0.00761864678058436 -0.151372309524419 0.202108637656271
0.0639681465204737 0.073875146067539 -0.0934268960013957 0.301170626890507
0.071020094510298 0.108221598822172 0.00511929824336088 0.171163826072994
0.0665147169905431 0.00520486901073065 0.0921268479952486 -0.0577550902516891
0.0230764749420361 -0.0309961262156658 -0.0926361508372206 -0.140579237435433
-0.00201494760814073 -0.0167890849272001 -0.220512033131605 0.005087382085204
0.000421263531714687 -0.0272032192823328 -0.127217689058671 0.184921967077624
-0.0191289150834206 -0.0245645842265668 0.0187864378010354 0.183878062258926
-0.0245805317397795 -0.0102473673086506 0.0832747338136473 0.10928812276322
-0.0348727777878464 -0.012584960983839 0.111547420007012 0.0484885950287979
-0.0407458638221335 -0.0195323961443247 0.129333863563618 0.0135286981773902
-0.0480559262631822 -0.0504617113769517 0.154135418412995 0.0327337137159612
-0.0032288991742561 -0.080470134994048 0.132840460092775 0.110208379651928
0.0582324442224335 -0.0588552682926145 0.0318999776658638 0.183945658319159
0.11630401829404 -0.00106970788441448 -0.059503170185577 0.212046141296066
0.114408656895034 0.105568184367057 -0.121912725399082 0.202327443113123
0.0604637858136411 0.190759747797955 -0.0817203400101777 0.265474545492962
0.0456247984010775 0.199780242850197 -0.00594395264024795 0.125723105224285
0.104202421256285 0.0875776207849322 0.103060943966707 -0.070416849696427
0.0994138130229988 -0.00298356110215294 -0.0683099350864252 -0.183440187065152
0.0506067017472444 -0.0586120694888914 -0.227845790161993 -0.039104784766384
0.00735416522862769 -0.0875676674087077 -0.154829258373357 0.153605104127193
-0.0456463765100803 -0.072060905063573 -0.0124915546893204 0.173422662141782
-0.0637154639142393 -0.0343730637555814 0.0596731900840538 0.106965629930818
-0.0727092474911564 -0.0272868096022014 0.0890686926276799 0.041776899847664
-0.0746977417871901 -0.0376500329934319 0.102903687519389 -0.00519381229059177
-0.0812423999451319 -0.087952563220451 0.136771519086372 -0.00918674610212245
-0.0139860858615705 -0.138254350546061 0.153210154879096 0.0492985654267688
0.0855537254572256 -0.11332933820094 0.0899967307897814 0.146132376994504
0.188916212661608 -0.0111400266918061 -0.00435743545880629 0.207879515555949
0.17249248388645 0.162635918498566 -0.0894957118529276 0.197017048972464
0.0699901696095606 0.272907047341295 -0.0687528194657581 0.201926804034274
0.00339418481482417 0.263590784481779 -0.00369946595500043 0.0471282111524792
0.115433055792098 0.175800205377849 0.115076657147554 -0.0955784188587603
0.166283616090321 0.0494389438811236 -0.0268544368613217 -0.227140987517094
0.115366315018496 -0.0827339438629359 -0.209407360481427 -0.101630562458799
0.0262993731797293 -0.139392798275782 -0.173594147933512 0.0915346690147149
-0.0614868526474183 -0.117583050818253 -0.0535868908633449 0.139636084350602
-0.093826225155915 -0.0576629288305002 0.0200859483495094 0.0926068352812931
-0.100088054665264 -0.0371599945037383 0.0532609507675869 0.0296970046390022
-0.0975225917355898 -0.0473117870779727 0.0647633884315669 -0.0247110251989696
-0.105068360943278 -0.105583845323693 0.103453664290869 -0.0516591419973432
-0.0334176457723071 -0.171777845862599 0.15269649348953 -0.0190734203927204
0.0847208903798031 -0.158529056800824 0.136069347720622 0.0876072164202155
0.227902041319396 -0.0418921860155038 0.0486844167294812 0.183529915118561
0.213588402477226 0.178727429335496 -0.0645559645898288 0.181858060153162
0.0792492056883406 0.30903585014817 -0.062467222812918 0.121858661154496
-0.0450087442353877 0.281934600826244 0.0138700657701461 -0.0538751463921655
0.0906224311426003 0.238518302580027 0.126790165358077 -0.129061079198127
0.191289837400295 0.108932012667174 0.0266586847885636 -0.253135851261321
0.165580086930459 -0.0758714489505143 -0.157042456283185 -0.163148967355343
0.050589773108967 -0.162739518479833 -0.170372803654543 0.00647143606646926
-0.0612927822522977 -0.145663931484017 -0.0941860392595906 0.0826578471167946
-0.108141137569221 -0.0738023096567954 -0.0278296219594469 0.0670373086688272
-0.112457503026354 -0.0417199986640547 0.00939646754174205 0.0138069877908827
-0.106578696332663 -0.0485985403021876 0.02023631911181 -0.0426791834781059
-0.112034931913435 -0.106830165046642 0.0616867318406144 -0.0862125723802485
-0.0442329755037665 -0.177793086733101 0.132481860927439 -0.0787827086702064
0.0735277000990721 -0.172459797761949 0.158461440572889 0.0269409135244363
0.227338012956224 -0.0576402228432121 0.0830009479402097 0.147594631079304
0.21298624850876 0.172381895514029 -0.0504744088807419 0.158798951615762
0.0711455628627528 0.299844964871352 -0.0624879372223111 0.036684430583954
-0.0785083609488814 0.244609559433617 0.0420339143283671 -0.157355079253434
0.0408363547333753 0.242746929982908 0.137526924379164 -0.162297271176616
0.162558795658301 0.141741337571902 0.0779739137639177 -0.253031909059295
0.171747245238745 -0.0463586059582468 -0.0826573112973471 -0.200765599494106
0.0642769068837811 -0.1488789250989 -0.144790577059775 -0.0767633019097208
-0.0486736682043446 -0.144108519212752 -0.124782637220544 0.0171215801350684
-0.102135642906939 -0.0763545796892907 -0.0753271717302176 0.0340227019941771
-0.106697315141236 -0.0401758811396279 -0.0340814771413288 -0.00466972206298453
-0.101137819738754 -0.0445254927712792 -0.0229740228780543 -0.0583750038471642
-0.100497180284028 -0.0977462296420546 0.0223698678004768 -0.111085904190094
-0.0385460111376544 -0.161840418466134 0.106982627410294 -0.121125683372338
0.0678535866828421 -0.154520174680917 0.16388851804694 -0.0176574893547157
0.201240309122422 -0.0430339883035489 0.0968376780240717 0.114023682332173
0.170690472907986 0.161402017946767 -0.0441585117448019 0.130969514081052
0.0400215604929846 0.253730886470163 -0.0603501274523925 -0.0404882644693816
-0.0875319445296028 0.161018198093696 0.067186609475942 -0.239485076018338
-0.00809331730900192 0.186218654646142 0.144061976952396 -0.183652453617038
0.0998405068723282 0.127336416905979 0.111411547187567 -0.233054345665831
0.130078486943862 -0.0160011886669636 -0.0161024444089451 -0.211406642183057
0.0561732568703484 -0.105793294069439 -0.111386728123129 -0.137014534750899
-0.0304148815271843 -0.113538207639486 -0.142088340398829 -0.0387673643158258
-0.0795357978039284 -0.0642488601089995 -0.113435816367551 0.00246400293859846
-0.0854328523503375 -0.0332876184069017 -0.0712453560450633 -0.0218162203289687
-0.0834093993291003 -0.0361873959619961 -0.0571986453908119 -0.0730545890229142
-0.0783020308457619 -0.079835740352747 -0.00586452880201524 -0.129132400676045
-0.0230854131649479 -0.129983409383105 0.0885663554999315 -0.147121052590488
0.0677653301823997 -0.11816248491381 0.165161527810967 -0.0423012984835333
0.160222496926327 -0.00897090181823749 0.101929246078193 0.091392753705431
0.104557353593171 0.145915857547459 -0.0393056352458969 0.104612589777151
-0.00549932319823238 0.182792618516681 -0.0488391464666877 -0.101588481910408
-0.0749266208033634 0.0510513380620124 0.0765011309913183 -0.286093577253495
-0.0397560516537211 0.0921219233939033 0.140379665251918 -0.190524159657082
0.0311116802819444 0.0749145668952294 0.120188122424969 -0.210468409905164
0.0635463869208182 0.00410658772241063 0.0196819000132979 -0.207799115558112
0.0324730253806653 -0.0482619318239413 -0.0922732483325872 -0.163585104995851
-0.00949105188315581 -0.0635774588236162 -0.149577621238802 -0.0700626694043252
-0.0436888288054282 -0.0404553740084382 -0.137022098206231 -0.0180094330597605
-0.0516391330828939 -0.0219222888300803 -0.0956942645079231 -0.0355985418307136
-0.0557918651470756 -0.0252458254253249 -0.0789278870461788 -0.0855168539420098
-0.0502554279061622 -0.0543874477823219 -0.02140784277243 -0.144615822238234
-0.00660512538277381 -0.0888148866731069 0.0810021308547301 -0.162739663760057
0.0628821263548242 -0.0746611006513417 0.169523431970731 -0.0506986806786301
0.108468185586215 0.0257116709812457 0.103928214103847 0.0820573264946081
0.0331723650982827 0.116806627024479 -0.0333951950519425 0.084669393047268
-0.0495756773140647 0.0931271215970675 -0.0269926091936361 -0.139565606479029
0.0759864981501983 -0.00548021788995713 0.049281870267163 0.193054876597599
0.0073217284183404 -0.0594585080239948 0.0837238514900829 -0.0722148454458465
-0.0504264040778432 -0.0275323123888984 -0.121221034624059 -0.100473036630318
-0.0290451570177138 0.0324285348573579 -0.208176501732055 0.0612490364348215
0.00620677916828119 0.0252946996784545 -0.0758292886099416 0.215020689406619
0.0130993611947424 0.0150702321833961 0.0641671769088615 0.179011680646602
0.018267246402686 0.00792638190911063 0.109151976767617 0.096316309175052
0.00719488018059869 0.00390005310984324 0.126889540612652 0.0333375644744704
-0.000302196945868499 0.00697748575685959 0.147682088953423 0.00557051896065487
-0.0146541763239737 0.0064996713937482 0.169130221415122 0.0400977057819352
-0.015182368429928 -0.00905833900721594 0.131433665883928 0.135724358120208
-0.00188419406477646 -0.0204723915402116 0.0157152925276839 0.212012252107615
0.0287506478430858 -0.0375335744035277 -0.0718296089124874 0.227225368494563
0.0694736035087202 -0.00343702327273322 -0.130090378650736 0.229263210654504
0.0784065740213647 0.0647928452185408 -0.0557765191465572 0.327475601392775
0.0921058314415328 0.10053052691186 0.0223121060016648 0.177210178944081
0.0708690150181594 -0.00302391993627165 0.0862674302315157 -0.0725949921838272
0.0208264935223845 -0.0346717905476497 -0.118799717118982 -0.131799604526379
-0.00264278220108831 -0.0189323047151999 -0.228508535120529 0.04226099478944
-0.00560533529363256 -0.0307647442239911 -0.101283930695241 0.21426958908303
-0.0248305010696347 -0.0235869059060349 0.0502017601299325 0.190019758075923
-0.0270691580800509 -0.00707959365639807 0.105059626865581 0.102268080533542
-0.0385040573483488 -0.00729755715434634 0.120691658884188 0.0330644829710175
-0.0448945846155696 -0.0135598553676711 0.134533525999475 -0.00585314765605337
-0.0575745625983853 -0.0432757666993039 0.163407671655546 0.0103126417730888
-0.017116947714162 -0.0812269340985799 0.154654756796636 0.095080952945761
0.0524591619500319 -0.0701396323740607 0.0585878141723328 0.190064413157423
0.118945299323139 -0.0189859417735228 -0.0326018333760538 0.227905354263511
0.132558184836286 0.0900963842049911 -0.0980367234354678 0.224556672269077
0.0913732614310699 0.185112082924232 -0.048425179717588 0.289976747592783
0.0821779295596091 0.202024862959843 -0.000240624437319852 0.123610566896713
0.121645908490737 0.0785453359817017 0.0911345332666886 -0.0888326225429548
0.104822105760814 -0.0161691440965843 -0.10513500607894 -0.179571686176429
0.0462406256826223 -0.0691146689412257 -0.245584408807561 -0.000409610265036736
-0.00690603298092352 -0.0934271903509375 -0.135124137917661 0.189155866021388
-0.0588878431387898 -0.0691352867630867 0.0168631812423365 0.185637682293485
-0.070698161633486 -0.026289606808643 0.0807169284165641 0.104165414890748
-0.0794583285653204 -0.0168406494173563 0.0969833809581337 0.0294186124612895
-0.0827738525043314 -0.0269254651323284 0.104847258134154 -0.0202802444868937
-0.0971085681649596 -0.0768398766964705 0.138243633693711 -0.0301964203551967
-0.0375233485485509 -0.137560623498276 0.166316233517762 0.0303957684464586
0.0721434506880975 -0.128826014145945 0.112455500362184 0.142643874692281
0.191134119583419 -0.0412236096657471 0.0232610360519009 0.216175838781163
0.200913931261371 0.139489961545868 -0.0626534245899283 0.213637534093444
0.113352303266074 0.267785098454245 -0.0433504712577742 0.222376412373582
0.047727285135955 0.278135015364419 -0.0118394824581329 0.0346364977593583
0.146068227660993 0.168980694529456 0.097956110026667 -0.118895459458954
0.182008992595824 0.0291803790872233 -0.0737491841224898 -0.232930235349026
0.110775332891278 -0.101909513181629 -0.240333426122549 -0.0671210725172681
0.00652729271379227 -0.149142772884396 -0.166405251510636 0.129885682781231
-0.081901007830912 -0.112910297522153 -0.0296730898148729 0.158663694103692
-0.1050858248375 -0.0460519138143291 0.0382206130628671 0.0964619171926696
-0.10781338701856 -0.0234733424473005 0.0587946166267257 0.0220543476960513
-0.106730148672624 -0.0331845446383904 0.0624988108121119 -0.035179285903278
-0.123872585105596 -0.0913661130608521 0.0977965688184607 -0.0689560755224957
-0.0614489359636847 -0.168745357719352 0.155044031326579 -0.0420481264115498
0.0641486791034522 -0.174314388433846 0.152219474449589 0.0744832783729835
0.225844405821921 -0.0783909658681626 0.0741991512916723 0.183153864117219
0.245015745132006 0.150310970264394 -0.0373665106159956 0.194620234543017
0.127507437220854 0.303679377030906 -0.047687771409281 0.137873248138541
0.00155062668799227 0.3052541346439 -0.00801387437123741 -0.0784855836970203
0.128898725399578 0.238635215100654 0.104527149696978 -0.159335299551255
0.216315463212907 0.0884675256825804 -0.0248253208677161 -0.271156428855633
0.164162395612383 -0.101486489963789 -0.197992129238176 -0.140050912888105
0.0289437401149162 -0.17655830551222 -0.17927104243615 0.0423019244893119
-0.0858476926903066 -0.14229144954912 -0.0812082551170168 0.108110336081586
-0.121436220129702 -0.0613037268998893 -0.0161935180668523 0.078040892993176
-0.121265915933287 -0.026589219181619 0.0114098645087268 0.0124349232275246
-0.116476137467622 -0.0340012864923534 0.0134964861678658 -0.0466123921271092
-0.129820445988046 -0.0924129024944929 0.0489925683499391 -0.0978559465464586
-0.0731349926905287 -0.173134268023637 0.125909638332377 -0.101329698778268
0.0503403352489181 -0.187163930775551 0.166030285826353 0.00839621419437197
0.222860006246119 -0.094618575647812 0.104712671630781 0.140469379137297
0.244235668892104 0.144400537837097 -0.0262917986025547 0.167873052997528
0.117941258306083 0.295967862362947 -0.059441749321233 0.0491711929852978
-0.0405768866446741 0.272804859388841 0.00857633272506883 -0.190869519989549
0.0773305367509241 0.25109680058127 0.112760537295014 -0.197901814641306
0.190786745349511 0.12755816119642 0.0294671900931573 -0.28096666043831
0.17439644936199 -0.0706427593535335 -0.127566101831725 -0.193370820943627
0.0462537301071403 -0.163766007593089 -0.167246628882848 -0.0492107921404659
-0.0717527526467889 -0.143004620062779 -0.124355128269913 0.044244280127763
-0.116489847470122 -0.0652494413437966 -0.0713156700553845 0.0518802500641784
-0.115465378820424 -0.0266298668923335 -0.0358951038044182 0.000270241715260253
-0.10967769075543 -0.0301062986378446 -0.032905413911394 -0.0568566112978927
-0.117002623748858 -0.0841518137090915 0.00577112370022913 -0.117566412156335
-0.0637993698215233 -0.157217443014828 0.0931767415892772 -0.141737141509825
0.0477552032710041 -0.167837565563173 0.165752608165909 -0.0398376253464522
0.197723063341927 -0.075097604979543 0.115881183849684 0.10408277941138
0.198584931022908 0.1382558203025 -0.023793553629515 0.139586322502324
0.0790357469858926 0.253738525321539 -0.0680053774030335 -0.0327156837300692
-0.0636534320390787 0.186794063710841 0.0272494757556938 -0.277153599569466
0.0191479078820646 0.198412749775633 0.119601186977313 -0.220532826309159
0.122538130721563 0.120900102535631 0.0712870193215925 -0.265397696855327
0.135814326082494 -0.0329682430704319 -0.0585971082432267 -0.216628213268472
0.0449600796939788 -0.117384628288049 -0.142192007137864 -0.119372905778623
-0.0479212326984505 -0.113528094709524 -0.153097806076946 -0.0123113425317701
-0.0906316755048085 -0.0553912295826258 -0.117516311450014 0.024886929826405
-0.0916123763055097 -0.022282318999299 -0.0758508205825673 -0.0119013890966936
-0.0898815518597784 -0.0248790930631166 -0.0708724658405805 -0.0667881235503201
-0.0906779430010181 -0.0695106025469801 -0.0264915860764105 -0.132880768015848
-0.0425787119729247 -0.127678976505856 0.0703244825308964 -0.166417331734608
0.0521686017217129 -0.130245054040432 0.164145520665585 -0.0663061022682304
0.160760574359803 -0.0330012818391875 0.118274702186178 0.0802084281842044
0.129054498502278 0.13248660067605 -0.0222554383807225 0.112942779654279
0.0211383166646983 0.187411179022444 -0.0653679253794517 -0.0967968893086888
-0.0679097712674075 0.0688310364714801 0.0357723742915523 -0.32042342729884
-0.0272410672145159 0.104322653762126 0.11803822546715 -0.225698210795254
0.0436767289603978 0.0763996134839792 0.0899399499316505 -0.242265888997389
0.0687931363503234 -0.00263059038760958 -0.0176018341920158 -0.2205042490486
0.0288813626191922 -0.0550628424159755 -0.126371154424793 -0.153106060342476
-0.0189526929075836 -0.0651508482421798 -0.166485935484805 -0.0460557040789752
-0.0505539284600106 -0.0363095187071917 -0.145989925097961 0.00608944241809494
-0.0550235784190064 -0.0157129700519592 -0.103579612014414 -0.0220182208991095
-0.0601624549712509 -0.0171922015559461 -0.0945939803600337 -0.0767370229638295
-0.0578757302939425 -0.0477025245345497 -0.0445060990656282 -0.147163515005838
-0.0190935121149106 -0.088757546468453 0.0600441503254223 -0.180770020259862
0.0533876759560483 -0.084403697187515 0.167922437409886 -0.0764675353022849
0.1145984211108 0.0100187717540436 0.119492864828317 0.0701595943391085
0.0508655980423485 0.113359635287795 -0.0192857491825217 0.0919278685465052
-0.0367559467725274 0.102464132468926 -0.0489910306944612 -0.140394043384118
0.0769756627883463 -0.0118807620997505 0.0654542266951898 0.1919850096457
0.00331474608884465 -0.060601923580297 0.0816488870580482 -0.0791129375289014
-0.0524943810654551 -0.0239092312614878 -0.128574893831246 -0.0940467496021329
-0.025868637275958 0.0350880055098784 -0.20727957345132 0.0769888834264885
0.00796744962028918 0.024569620962503 -0.0605545149441717 0.223045062125183
0.014005761823613 0.0144466375010192 0.0790376661007451 0.176749441129089
0.0193766215268506 0.00629512782585102 0.117258017643223 0.0903934002786899
0.00733009208691448 0.00336244723469403 0.129902237964256 0.0242105286277232
-0.000478498689838152 0.00676057929532481 0.147617797912151 -0.00575785811257709
-0.0145440882146388 0.00751534168719706 0.172781276561518 0.0268681596140887
-0.0158705283608369 -0.0077421302824576 0.142900246857188 0.126995930281207
-0.00238361935553744 -0.0207849433900703 0.0314439638208365 0.214471985233559
0.0256475691129612 -0.0397841882817218 -0.0573693739091425 0.233817273720946
0.0693326639667157 -0.00875481736011364 -0.117324313205519 0.240635686089584
0.0838347343759937 0.0592506989948418 -0.0338901355042103 0.335127079043434
0.101209780216189 0.0933003910938086 0.0371452865156881 0.178873092550092
0.070978691157209 -0.00922276669052701 0.0841143710561031 -0.0789199882714467
0.0180336791633204 -0.0360160195639848 -0.128690796083396 -0.12503548149083
-0.00335173277895972 -0.018080488657626 -0.228727720699728 0.0586957532967655
-0.00810745271083495 -0.0306202936830613 -0.085849297381202 0.223646024376268
-0.0265830222703956 -0.0210844322100621 0.0643029212030157 0.187719761983416
-0.0273264027389782 -0.00559587666184208 0.11254102115811 0.0960977425994047
-0.0391679801626838 -0.00475033481259916 0.122911641830949 0.0243166670708811
-0.0469690349152336 -0.010892786454193 0.134002135514295 -0.0157860011684713
-0.0622552723100584 -0.0393369700307071 0.16423930712525 -0.00304562596358435
-0.0239990237467183 -0.0796255105515551 0.162255962164742 0.0836704203042027
0.0471404217732963 -0.0745896297082906 0.0727351509806328 0.189604257494702
0.11800688775349 -0.0282766528108848 -0.0170720728168386 0.233801687801258
0.13989671169428 0.080199685070614 -0.084642221846352 0.234027635083638
0.106611100819793 0.179826879163264 -0.0285344355757945 0.296037769766064
0.0987310459416404 0.197172045012698 0.0101198243059466 0.127411417505115
0.128760062429661 0.0688196844857773 0.0887994926532388 -0.0941226173262713
0.104002149538904 -0.0243605604165038 -0.119016122813126 -0.174646527184836
0.0420176033061317 -0.0724706471076106 -0.24868262612956 0.0156161276722941
-0.014133193940663 -0.0935717796938907 -0.122455668693044 0.200278245691615
-0.0654967320637796 -0.064503084129452 0.0310195142305733 0.186251672909338
-0.0728192378290936 -0.0211876266938349 0.0883106356696479 0.0988394361918103
-0.0806359117257544 -0.0111825931896305 0.0989885968952367 0.0222990039295359
-0.0862388220261065 -0.0216601053662082 0.102391437314787 -0.0286462764594399
-0.104165869440601 -0.069071198763479 0.13611266073906 -0.041476533511109
-0.0495375243128712 -0.135066252519714 0.169350923044651 0.0157187714405354
0.0631969642845836 -0.135792825493986 0.12452490083007 0.137648600229047
0.188907658700706 -0.0564574603709469 0.0394738130486272 0.218147899224961
0.212078677049308 0.125170023456944 -0.0488457911310676 0.221678268598592
0.135048478624678 0.261568888650887 -0.0274741734046933 0.22873794812078
0.0694006707150923 0.276490909427688 -0.00771890075594028 0.0382033279880732
0.159884189410681 0.159217898007845 0.0928253986472093 -0.125167755001138
0.185476535270933 0.0158599517545955 -0.0905960718391027 -0.231024688254733
0.104397619579041 -0.110229284550766 -0.247939790416282 -0.0528536531463203
-0.00543282439659246 -0.150776635245898 -0.159126725848182 0.143217789963593
-0.0918703729399471 -0.107196807738415 -0.0179033451210861 0.162174690092664
-0.109175290114609 -0.0380348585741654 0.0451798208157209 0.0938820860329746
-0.110468038149301 -0.0150646630127567 0.0595181544546671 0.0177902335840224
-0.111065023839242 -0.0254829105977896 0.058151248755825 -0.0398342981179915
-0.132580332962407 -0.0817794827944957 0.0915494972396513 -0.0778173194022823
-0.0769365949654691 -0.164681341851593 0.152006017257829 -0.0557114504181579
0.0508977046553087 -0.180622606251213 0.159203070818854 0.0655643383108483
0.221293161377046 -0.0964474643520826 0.0886483998834224 0.181714554898666
0.259392491916095 0.131243707381743 -0.0246504464022121 0.200393471427124
0.152018145434546 0.297014613143644 -0.0376484925972186 0.143668400573045
0.0251362915257154 0.308288260511712 -0.0131397222141586 -0.0765860270477607
0.148299531191269 0.229945116304139 0.0958695584472705 -0.165705590520089
0.22386823415907 0.0725074813747625 -0.04434652136161 -0.272605832503539
0.158075359347799 -0.114474613710067 -0.210689261744619 -0.129622457171917
0.015132726411885 -0.180505222884131 -0.179278174861579 0.0555508703512586
-0.0984347091079734 -0.135926062025018 -0.0738155357178267 0.115005858733698
-0.127285365180738 -0.0519499882233618 -0.0106770444183502 0.0796992854090056
-0.123367506245654 -0.0174340290778123 0.0118698802666758 0.0117071414770087
-0.120212661700486 -0.0251032909197682 0.00874135778979265 -0.047612667074551
-0.13860810335425 -0.0824025942923617 0.0410880969203389 -0.102772187891305
-0.088834997857046 -0.168308860831343 0.117599245554877 -0.113992798095487
0.0362332081809366 -0.191133846906378 0.168556193487678 -0.00246422892523957
0.216262647713139 -0.112397625875942 0.117093804539537 0.137205754952581
0.25761309492393 0.125190385545144 -0.0144191155249984 0.173745633033316
0.14213551713494 0.290153097417502 -0.0561047838373783 0.0544940359916889
-0.0198585876245945 0.279136102215694 -0.00484698321256597 -0.192245256508562
0.0973451796223018 0.246747460171397 0.101728221035509 -0.20496432224139
0.200834482930748 0.114498264518182 0.0101153875687358 -0.286902462302382
0.170950537454291 -0.084106421551296 -0.143654192821426 -0.188510737755868
0.0338877718782384 -0.16853561099969 -0.17462638019751 -0.0390119120611942
-0.0851499836659586 -0.138029041036058 -0.122279930032291 0.0546601694022119
-0.12259004544032 -0.0555872302798021 -0.0678505424522758 0.0579797694418141
-0.117106509966635 -0.0169535588429081 -0.0362164494342583 0.00297028127791702
-0.113002319495181 -0.0220993172317579 -0.0384515537036956 -0.0539295593928659
-0.124557436378839 -0.0752034713600363 -0.00483553846397619 -0.118668599880072
-0.0779154266867114 -0.153446400434007 0.0825161960656169 -0.152539021976726
0.0351721068526919 -0.171764148683338 0.164548558226106 -0.0513946281676816
0.192826760724959 -0.0902884248793261 0.12536021669655 0.0986791287541891
0.211313411983175 0.123907588521703 -0.0135841490721952 0.144869569476821
0.0993388865253444 0.249907041196254 -0.0712552253580714 -0.0267232590662606
-0.04925850709522 0.193796147049086 0.00801126042911645 -0.281197477623661
0.0341875032372945 0.198675647920517 0.10722597701892 -0.229620321465795
0.131600012321453 0.113522761587959 0.053295038294504 -0.273490305098563
0.134593722817076 -0.043273744734317 -0.0747421541874273 -0.216890021089629
0.0363687759552819 -0.121779440746569 -0.155365371095001 -0.110140780398803
-0.0581385159018533 -0.110218721107628 -0.155950952933355 -0.000701061014788095
-0.0956034953646947 -0.048733523011317 -0.116304566525046 0.0345547013574865
-0.0931401276525143 -0.0159033668216278 -0.0781402131757557 -0.00589496984766012
-0.0920642852777182 -0.0178109846880281 -0.0765525184304679 -0.0616973011872501
-0.0969576049133248 -0.0632425133275935 -0.037141213285129 -0.132127717558728
-0.0539922179169811 -0.126308771876583 0.0571510312919569 -0.174157887698762
0.0434087428845829 -0.134796212981858 0.160729271918588 -0.0788137296796063
0.158912702927123 -0.0449197177945939 0.125690908156635 0.0745031321301006
0.140084319912142 0.123404215703083 -0.0136971417860568 0.1168867416427
0.0360961553575647 0.186792448211188 -0.0733265783004756 -0.0926182673967534
-0.0628139745111156 0.0745849727372058 0.0137973107318585 -0.325444511458281
-0.0193399261210739 0.10675597323832 0.104801270719941 -0.235469762928913
0.0492521889558225 0.0743394147040223 0.0738465111258829 -0.251435689282097
0.0691667243272685 -0.0075886285453981 -0.034509268276368 -0.223341664514206
0.0250456578646739 -0.0573349271901648 -0.140529006226913 -0.145673023777419
-0.0254315202236233 -0.0640591093952264 -0.172970784709566 -0.0338973808245555
-0.0533187795587034 -0.0323227143671684 -0.146491303098184 0.0174055243504651
-0.0558118638567875 -0.0114785715845392 -0.105901961912274 -0.0140962568522123
-0.0608797235380661 -0.0119104055872892 -0.102069576213056 -0.0701052593016883
-0.0620062674181277 -0.0432202646716922 -0.055996742428117 -0.144601874798221
-0.0262038637639313 -0.0883538044292506 0.046118624796413 -0.18831445410005
0.0477740770117064 -0.0892213395389025 0.164085791330444 -0.0888757366864888
0.115367549389304 0.00220862803178637 0.125920079578716 0.0632470345636372
0.0601597252636491 0.11025344798714 -0.0133017948645336 0.0953777285870798
-0.0299631220867 0.105255507189332 -0.0602880420289453 -0.137330291577363
0.0731397780295575 -0.0175629730971502 0.0779939635946778 0.181371177485595
-0.0012705416020787 -0.0590872196483705 0.0749769420048511 -0.0816237541311535
-0.0514405622752838 -0.0192021217471534 -0.129543223097784 -0.0833332114678694
-0.0216557283411871 0.0350519025415476 -0.195333904189661 0.0874563918252344
0.00927741259881848 0.0229458890671587 -0.0430593807316477 0.217736186646979
0.015072265412299 0.0131073314704915 0.0877070310505716 0.164497110461832
0.0188503096831912 0.00428576998626132 0.118619687677155 0.0807444663440798
0.0069507282866437 0.00191462984469406 0.125920156752213 0.0159167760850621
-0.000337693774302794 0.0065895991455232 0.140802318275282 -0.0152690251448421
-0.0141210266443257 0.00816002959529151 0.167386260494084 0.0138835987788801
-0.016118826065862 -0.00659449539288542 0.145630380252823 0.113170097355726
-0.00334956418388239 -0.0204713888081918 0.044684116114523 0.20572665828146
0.0221195790238631 -0.0394912836796358 -0.0412292664643966 0.228002992084846
0.0650553096009916 -0.0122840736364424 -0.100048711047573 0.238811197092589
0.0845025012329725 0.050645962569691 -0.0109181028501192 0.323405123190382
0.104419457267568 0.0817030353537909 0.0490390422055006 0.171100736170814
0.0669572114282452 -0.0141126210001828 0.078590626370735 -0.0803174717456376
0.0148244762722161 -0.0355998684678788 -0.13099658810316 -0.113983810414059
-0.00322278815570213 -0.0169703432569786 -0.217069238555909 0.0705748567976695
-0.0102737978297984 -0.0293551214883136 -0.0684900590915086 0.219839306015285
-0.0268280309871848 -0.0180798558403535 0.0745128109485807 0.176181943026052
-0.0260823732371994 -0.00372245282184684 0.113789073723515 0.0856340702149225
-0.0380657992369416 -0.00241400654104251 0.11843584328353 0.0162060481327613
-0.0470932443475112 -0.00691701988056624 0.126326208049927 -0.0236741125413007
-0.0627176241623594 -0.0328362129723764 0.156176490556631 -0.0139663578116265
-0.0289536523972282 -0.0745652396158037 0.161715646991158 0.0694558664132167
0.0414700981635516 -0.074921535789972 0.0827624990923113 0.179657030253665
0.11157895276489 -0.0345269158596651 -0.00175016330445367 0.225391150694294
0.13886853219864 0.0685743888969108 -0.0685199866604114 0.230221905074169
0.114193704922209 0.165564971033134 -0.00784730697724713 0.287234387642466
0.108793229972708 0.181818505493871 0.0203274050677405 0.123022935933963
0.128038344392415 0.0565701188436659 0.0816835493952534 -0.0954103564753785
0.0974760052891553 -0.030177279990102 -0.125266018096913 -0.162029448128615
0.0365086908019788 -0.0718276667566885 -0.239384886447455 0.0291736288677602
-0.0206956475534632 -0.089056093445466 -0.10494298874291 0.200410904518143
-0.0672880841716365 -0.0570386037106404 0.0423846619716591 0.176308869551396
-0.0710363694659713 -0.0153616576976126 0.0909121427330824 0.0898057960002741
-0.0777451907145007 -0.00522155199103572 0.0948996434026335 0.0154322268459876
-0.0850427919457371 -0.0143229084117089 0.0948381930277602 -0.0335597538919186
-0.105648472721118 -0.0586310173747564 0.126465972606838 -0.0495156188712176
-0.0577726156361397 -0.125464597969553 0.162614575172929 0.0028671309809643
0.0519480449382427 -0.134281696806226 0.129029829662642 0.125874937926268
0.177296264347854 -0.066610074939648 0.0522815494273471 0.208575225154643
0.212246832833373 0.105003630002207 -0.034773815726716 0.216744433284897
0.147181397197309 0.243617131480489 -0.0115108119815956 0.222118222911459
0.0861804251419503 0.260359425296969 -0.00359571702839215 0.0397365614422154
0.163888239110079 0.141133834950234 0.0842141290325607 -0.124816692735894
0.178449105855065 0.00315738673199458 -0.101760638449046 -0.21828108639553
0.0931844278766744 -0.11251408047365 -0.242548308520393 -0.0363321567059198
-0.016361931971824 -0.144297469957373 -0.144576696937372 0.14725765619971
-0.0961379106750864 -0.0956247302557357 -0.00649369613166373 0.157495476623872
-0.106998143560789 -0.0288350647495587 0.0496678979055452 0.0872486707070552
-0.105681849238396 -0.00736177916021357 0.0575220510822193 0.0135545417126728
-0.109042360715244 -0.0173399262129652 0.0515676091061413 -0.0416778643836431
-0.133067200158392 -0.0686069259425735 0.081056490463451 -0.0810604507754269
-0.0861225315539922 -0.150973379196572 0.14099788646721 -0.0655939035983906
0.0369751723580754 -0.176066156291198 0.15753123124707 0.05483815655689
0.205246413614787 -0.107631241650714 0.0972782110479172 0.171303051560018
0.257683417874942 0.108437243057393 -0.0122243361796355 0.196281461544242
0.166277180522919 0.276361159233267 -0.0262323274400987 0.140881420878282
0.0449523742355971 0.294244472311713 -0.0165310877060011 -0.0715053937264989
0.157330191898305 0.210661735533466 0.0851545622544894 -0.162995518463303
0.219705571429488 0.0557774582205202 -0.0596730362409516 -0.260458995973472
0.144022277211887 -0.120187322161687 -0.211804290624906 -0.112506599247535
0.00156764147186936 -0.173590002999061 -0.170338205420282 0.0647343687311844
-0.10516769295235 -0.122619407279544 -0.0638620208632663 0.116005485426228
-0.125620320616085 -0.040394069292156 -0.00462313433819199 0.0769450763797118
-0.118370584083735 -0.00823743877418706 0.0113819244956063 0.0107642671905426
-0.116988813366405 -0.0154838765363711 0.0035721922275613 -0.0457576165909612
-0.139409398116359 -0.0694336634127241 0.0312179211564956 -0.10106954211406
-0.0980340873074965 -0.154829073713368 0.103207827942365 -0.119171080856247
0.0224914108262166 -0.185745374216749 0.162245458242065 -0.0117509954896119
0.199067589393205 -0.122043553277598 0.122110995816377 0.126678593900368
0.256137258934367 0.10220210967399 -0.00355915704220468 0.169574070145361
0.156451779637494 0.269111595399616 -0.0496929358559857 0.0566091430411637
0.000661788763979956 0.268048078422033 -0.0167062432097413 -0.182410438231504
0.109522347151566 0.230370459822004 0.0864349848608054 -0.201691464132155
0.200270633235737 0.0972678167376841 -0.008637703711275 -0.276364635106356
0.158944274351724 -0.0916017428357278 -0.15080404312011 -0.17424133183488
0.0206402786405755 -0.163914311448385 -0.172459397116886 -0.0257391625609089
-0.0927338303806307 -0.125195596306919 -0.114675428844658 0.0613262022194576
-0.121064215712571 -0.0442696567240441 -0.0613315402972417 0.0596741130314782
-0.112760306809876 -0.00888370810550523 -0.035490637017306 0.00558599935398478
-0.109231564278344 -0.0128972500757554 -0.0414932900467888 -0.0490763667839936
-0.125144422167909 -0.0635281513258606 -0.0131428935133326 -0.114422643851939
-0.0860795916344512 -0.141560812751271 0.0672415385021594 -0.153601738318409
0.0224780258238404 -0.167380707831993 0.154962113961062 -0.0594129686402949
0.177970506442889 -0.0987130832894668 0.127610367970085 0.0894757152404569
0.21166832879848 0.10422262317947 -0.00392846303108766 0.14201656353753
0.112394187370835 0.233591532737374 -0.0696308850874913 -0.0206753120690202
-0.0341167269150606 0.189448021181653 -0.010131732247788 -0.269681674880906
0.0462025621022948 0.188632646520939 0.089684990403012 -0.22600781392421
0.133499954377445 0.10084158915196 0.0342508379053225 -0.266130849200716
0.126614801271906 -0.0499179178330231 -0.086033339401299 -0.205894047633629
0.026215202726446 -0.119191544113512 -0.158445337786216 -0.0964756759143965
-0.0650714523752502 -0.101258696941011 -0.150902039872769 0.0103861900328408
-0.0951644651844975 -0.0399227647666658 -0.108961545510753 0.0409478689060337
-0.0893519162427225 -0.00887321618433406 -0.0754036591127136 -0.000838503472057072
-0.0889569820946312 -0.010300441375109 -0.0779963852499639 -0.053516381427825
-0.0979131449778789 -0.0534814135495429 -0.0446663105422707 -0.124594599047253
-0.0608819846873815 -0.117262757828577 0.0421969485142164 -0.172991577482808
0.0325223722981272 -0.131486645930837 0.149301250950809 -0.0853403027476651
0.149153349897473 -0.052645594787684 0.126385056939612 0.0653349832563652
0.142987543963335 0.108040029928566 -0.00570062594002593 0.114649776217486
0.0468244149701883 0.176944477781094 -0.0766080870275589 -0.0841800535019095
-0.0547729968863207 0.0758760215233478 -0.00846571410816211 -0.313521970097333
-0.0110819818709202 0.103873194949447 0.0874460967049056 -0.23195768584538
0.0515414170268158 0.0684818276169296 0.055033754229822 -0.246325349136593
0.066767769665277 -0.0119322311347598 -0.0475743128810301 -0.213918449269359
0.0200583163816138 -0.0564344656797641 -0.146419579576482 -0.131837620913798
-0.0295107621606005 -0.0590377113044776 -0.169788486951916 -0.0210115884371409
-0.0533582009680141 -0.0272954091718775 -0.138964107834634 0.0269034550984715
-0.0535819499914533 -0.00776953137968115 -0.102586003033462 -0.00600682731353756
-0.0582200931580961 -0.00706425175489492 -0.102674380165329 -0.0603870045900642
-0.0621603998594452 -0.0374367990885712 -0.0638812762869041 -0.135678916200801
-0.0321618369422449 -0.082915095468793 0.0310090963221475 -0.184974459024289
0.0405981995808393 -0.0886563202223305 0.152022095698094 -0.096272607509328
0.110232825691366 -0.00473438010632059 0.125513098028438 0.0546571871079775
0.0648860975032103 0.101494853877495 -0.00614673830014411 0.0937747826733599
-0.0222906778366261 0.102693765377322 -0.0666846875875265 -0.127465842024926
0.0686249430489117 -0.0191687229242188 0.079316296054296 0.168638021598813
-0.00305197874918688 -0.0562252106528979 0.0705790005062962 -0.0796486368702494
-0.0485262566311613 -0.0172933023154499 -0.123279249213286 -0.076981091060888
-0.0188888356937917 0.0332865669356199 -0.18348060798948 0.0864325675227201
0.009461499251248 0.0207232426334071 -0.0356448455969151 0.204908761964205
0.0147633274343134 0.0126197673669362 0.0867431295239823 0.152082987476529
0.0179127763901209 0.00260335425236477 0.113648490082176 0.0740632219045001
0.00640203338598228 0.00198369709497266 0.118341305220152 0.0118860466944413
-0.000802252249719312 0.0066698652405135 0.131334878441556 -0.0174714743456357
-0.0132945422594803 0.00829838484912947 0.156495185639952 0.00835607249542117
-0.0144429937807492 -0.00537719759786225 0.139725236429682 0.103271510452496
-0.00332747603838575 -0.0200039895712283 0.0467441134586035 0.193684936991889
0.0192886240850531 -0.037012514072844 -0.0341836500989848 0.214261564152279
0.0602415725562524 -0.0119131967036823 -0.0914393930857191 0.225625350202125
0.081097814449449 0.0457063861816572 -0.00315156160585009 0.302680357190438
0.100068464443414 0.0728212245513582 0.0528083777216428 0.160073278371869
0.0622078235671187 -0.0158643694718044 0.0743634407022947 -0.0777783683485828
0.0127510336807647 -0.0334835005491847 -0.12552504798312 -0.105627239572486
-0.00283410364320111 -0.0160029276720506 -0.204242395658944 0.0705385916131988
-0.0100078002223015 -0.027496257463911 -0.0589505392804105 0.20730509580915
-0.0258270195501279 -0.0159013610621277 0.0746484621391446 0.163173440301515
-0.024682056548844 -0.00328380857783722 0.108780788674078 0.0786881030719799
-0.0359546502190006 -0.00111572502253327 0.111781111527075 0.0124393364355798
-0.0449048377138139 -0.00524679202610378 0.116938205075581 -0.0247801516868596
-0.0601392215924799 -0.0291260791882879 0.145558560081552 -0.0177135854964868
-0.0291732057953349 -0.0689678616103445 0.15285970098578 0.0611495194299298
0.0377281803925756 -0.0717672533146314 0.0829200516730538 0.168568562792129
0.103197313114753 -0.0348142723193606 0.00230328099521326 0.212183163938928
0.131300970024821 0.0608469340768742 -0.0613613627598047 0.218865019112369
0.111163517140513 0.153333180773755 -0.000543677272823473 0.269638432239711
0.107246361540739 0.166365905201242 0.0241699196349876 0.116582359734877
0.121162270082072 0.0497512346243637 0.0781976557766386 -0.0909128564235278
0.0904895509396457 -0.0298236270317186 -0.120455944564113 -0.151809734039933
0.0330817463053802 -0.0677537092007798 -0.225387661717418 0.0330965786138103
-0.0219396262173488 -0.082918081586956 -0.0947277042782195 0.190061535927374
-0.0648873010000598 -0.050809477707569 0.0442343799960781 0.164490934066559
-0.0668420616964537 -0.0131002089868835 0.086728543346037 0.0818334040313526
-0.0725474156645296 -0.00342415760579304 0.0888726151787643 0.0128821601198935
-0.0808338161695041 -0.0117973773351451 0.0870939368694411 -0.033009772777173
-0.101721733498262 -0.0518619748603934 0.115713658363895 -0.049877402957058
-0.0578366605440724 -0.115874961046303 0.151869901943472 -0.00254948269843109
0.0453384583876178 -0.127612226397396 0.12475351194786 0.117011749055269
0.164060146518732 -0.0661825040857565 0.0529609862611278 0.196200931732588
0.201687120306073 0.0930200328225236 -0.0295180141247489 0.205822098083232
0.144832245191061 0.225556867334449 -0.00429138613586137 0.209084275036394
0.0880628376726597 0.240468254358287 -0.000399246534392222 0.0382075321668359
0.157492251082842 0.127511469034821 0.079710766867826 -0.117635352901483
0.166563719103682 -0.000731581142536886 -0.0999987915542895 -0.203700312666686
0.0847905178884446 -0.108085144745246 -0.230370901688984 -0.0295046409529821
-0.0197220109057691 -0.134936282212276 -0.133479672543109 0.142096991094861
-0.0933720449242166 -0.0861967919740131 -0.00309104843967287 0.148130847250325
-0.100633401652337 -0.024082937190805 0.0481991067907521 0.0805431376900003
-0.0995622348644278 -0.00442542148769685 0.0535762974311227 0.0118838814777308
-0.103002629932792 -0.0126050442152358 0.0465777268912188 -0.0393439142024665
-0.12811822540142 -0.0606478289754091 0.0728268153878915 -0.0783697408692375
-0.0857818619716939 -0.139280621859443 0.129096974223277 -0.0670810213024069
0.0302172119055752 -0.16641991844295 0.150252107746754 0.0496357184973602
0.188325037739998 -0.105823678085614 0.0962734218108699 0.160170270300393
0.244844232556728 0.0942360802617884 -0.00710071498439688 0.185656740781147
0.163717163704864 0.255894143129791 -0.0198800205842359 0.133059833551797
0.0507154849328789 0.273707472617411 -0.0157835170278124 -0.0645032438925736
0.153085403025914 0.19332471051888 0.0785370872156204 -0.153401226216627
0.207754145010045 0.0475760578491163 -0.0617655989130373 -0.244637408414123
0.132548879311345 -0.115977311747927 -0.202694264444742 -0.10270428528432
-0.00419471895735628 -0.162979701579906 -0.160129685109906 0.0647666391836429
-0.103120760058901 -0.111131378059202 -0.0572362876420971 0.110710368737758
-0.118876852006387 -0.03397458931543 -0.0024959362282041 0.0719097619047258
-0.110066733721954 -0.00489936385373903 0.0103887840618115 0.00993146445777491
-0.109958301054834 -0.011466471084781 0.00153767464371944 -0.0419512955447558
-0.133246745861899 -0.0606027904629451 0.0256601934184212 -0.0961294873070913
-0.0973297532673945 -0.141057868848454 0.0921481702563759 -0.116111866684365
0.0158716912485031 -0.174856810966048 0.152905561114851 -0.0135254587923903
0.183047793701335 -0.119656735040729 0.118350790252772 0.118115028228122
0.242325153770301 0.0885743377476062 0.00113048380572963 0.161456713971437
0.153792667115258 0.249723072466883 -0.0441055902840014 0.0547540506145271
0.00758967779292616 0.251331497595308 -0.0188488493153167 -0.169153226676373
0.108508666774944 0.213390602492747 0.0787169751054742 -0.189226845142509
0.189559903338911 0.0874707717890736 -0.0140194366035951 -0.260001313348278
0.147140553234496 -0.090573088962953 -0.146330675139515 -0.161337509884125
0.0143920499733434 -0.154530173480496 -0.164615295012032 -0.0198822045992718
-0.09171086307739 -0.113970479804548 -0.106987573618031 0.0611491820771316
-0.114540837276297 -0.0383667489734929 -0.0559170291512129 0.0576781413724418
-0.104411522877072 -0.00540868600617712 -0.0333551618400279 0.00640240774041391
-0.102217593850369 -0.00930592217699817 -0.0408523722099237 -0.0439411972952256
-0.119914158389867 -0.0562491477292671 -0.0164941981155335 -0.10707013424758
-0.0859473586952371 -0.130105017112604 0.0570185037029962 -0.146960029550266
0.0163036836855326 -0.156795885112944 0.144873639294558 -0.0584414672406966
0.163280209767496 -0.0969965889321974 0.123098801706456 0.0823977005015103
0.200877381172922 0.0913340878965154 0.000693689341670809 0.134691650066948
0.110703307875636 0.216224130919034 -0.0650573669418879 -0.0176407723541642
-0.0265106167218904 0.17755897986315 -0.0158343384816868 -0.25212839447047
0.0483029478843097 0.175468728004611 0.0812869517280414 -0.213025561278897
0.127670420944528 0.0928805466912808 0.0269075987373378 -0.251264124292768
0.118732583698806 -0.0503278545417811 -0.085310102465559 -0.192850448081053
0.0210633523300104 -0.112695059058796 -0.153003863964862 -0.086538365556417
-0.0650125895869182 -0.0923502730548954 -0.142461735888352 0.0147004214280109
-0.0902711457653303 -0.0343170398092237 -0.101174658337909 0.0414217053794094
-0.0829397405157731 -0.00582927808461778 -0.0713024150715893 0.00156819552591137
-0.0824836862294013 -0.00720941640555255 -0.0750065514420769 -0.047465491067398
-0.0932491242117485 -0.0475266183351669 -0.0460105502675121 -0.116362848003175
-0.0610020408354388 -0.108185268026186 0.0334455506383979 -0.164766373261062
0.0272248581643935 -0.124437619839253 0.139472191794051 -0.0834887555426878
0.137607965907181 -0.0520515632386088 0.120942068784084 0.0598295752650845
0.136693541374092 0.0973363987042773 -0.00223370341723315 0.109075700978752
0.0477188543855881 0.165213698318487 -0.0737485435233756 -0.076803602498103
-0.0487539048753492 0.0718653754828062 -0.0152328457797179 -0.293773341637205
-0.00758618651217608 0.0968901728151303 0.0775171670704546 -0.219010841510794
0.0496418221616111 0.0632519675716613 0.0472085464856607 -0.232760031440171
0.0624844993707056 -0.0127210691753045 -0.048917743409017 -0.201605230035595
0.0176862845671144 -0.0538308088857387 -0.142623048031625 -0.120917301883646
-0.0303071389989285 -0.0538757916689886 -0.161345002729604 -0.0140029964008967
-0.051080565469123 -0.0238211832560833 -0.129974194677514 0.0291661490202866
-0.0500021730156584 -0.00555537457218206 -0.0968525885105804 -0.00328337967909596
-0.0535781876192689 -0.00403022599321538 -0.0980950592894728 -0.053956175337873
-0.0596037352806903 -0.0334124938058554 -0.0634796878851514 -0.126828733915358
-0.0328867618025329 -0.0769482315349002 0.0234270744661589 -0.175132868071176
0.0356795011858159 -0.0844397375437621 0.141172158896568 -0.0938579409608343
0.103659524050983 -0.00650091097417276 0.119607490999551 0.050006935564409
0.0633249779948993 0.0930248823945954 -0.00333551949330328 0.0892867561874008
-0.0189901813924731 0.0971242228975623 -0.0670110685585998 -0.118302925585383
0.0653183192145171 -0.0182666165828925 0.0755117546534721 0.163443386206182
-0.00302807527870473 -0.0538627845460311 0.0718050437565855 -0.0764596381055499
-0.0460402282645505 -0.0168231027841466 -0.117153405609665 -0.0771998956720343
-0.0182798987654016 0.0304436397355586 -0.179105931936126 0.0803141434265877
0.00880078532363313 0.0196024791175929 -0.0377454650284654 0.194845998556457
0.0143758751634597 0.0122975175755761 0.0811660824250447 0.146736734415879
0.0163711220363589 0.00224151499672337 0.108000470707376 0.0732831016335838
0.00568108787627153 0.00141584855848136 0.112839807186982 0.0141328132629733
-0.00172141465971632 0.00643647546295792 0.125872804066901 -0.014366845775914
-0.0131621767220935 0.00801410734263195 0.148910546651808 0.0100357906783119
-0.0133145103735643 -0.00560127010454652 0.132541907027621 0.101021664882766
-0.00293614938353325 -0.0196752298297458 0.0424127736970378 0.187174480902154
0.019026530247626 -0.0344626915692705 -0.0380441675655975 0.203750495935185
0.056864934595887 -0.00957302663142609 -0.0932069093027623 0.214581017278992
0.0767088210956197 0.0446346812914217 -0.00840442077928608 0.28901017399962
0.0944581737967297 0.0701220521822633 0.0501965774137618 0.154723648384414
0.0590939447799145 -0.01437531612004 0.0752197885757616 -0.0738146762020935
0.0125956057330576 -0.0315316628784908 -0.118792785097768 -0.105022200768637
-0.00182140250869301 -0.015338608671023 -0.197852067700305 0.0645651120419314
-0.00987715284567413 -0.0263700902689989 -0.0596224784801055 0.196884920289489
-0.0242452163370565 -0.0150517964985536 0.0691942754881802 0.157168861094103
-0.0232251835090712 -0.00389393902749121 0.102938151034746 0.0772850845835744
-0.0344250336080818 -0.00180039422253934 0.10652567064523 0.0143983505372498
-0.0432758156517683 -0.00501327120094168 0.11221307591261 -0.0209269527987396
-0.057343243884857 -0.0280259433020256 0.138238475460308 -0.0145888505063682
-0.0269638925653065 -0.0657489256927287 0.144759654459008 0.0603755136972119
0.0372420296606083 -0.068717777395009 0.0773311453583962 0.163870530451433
0.0987077373957718 -0.0308011968471774 -0.00215150627789944 0.203545250777967
0.123454447240652 0.0608530473367834 -0.0644582683987525 0.208662221652424
0.104275352742642 0.14900277509237 -0.00481152623443883 0.257861238848879
0.100455580053408 0.159347549812708 0.0234532662436824 0.112738339989561
0.114850220672603 0.0486610283282793 0.0790813816980325 -0.0853532278400363
0.0867159517486991 -0.0268775580732814 -0.112928414287772 -0.148576589002923
0.0331758947711524 -0.0648998568429336 -0.2176506626026 0.0272466176941675
-0.0203344851225261 -0.0796589804115381 -0.0940012838260619 0.179983487236119
-0.061706473139116 -0.0484077809453335 0.0401421359768475 0.157644569207309
-0.0634557778830293 -0.0133843212374299 0.081465841378865 0.0796062354189181
-0.069764546936714 -0.00483457541555077 0.0844696763254052 0.0139546180367371
-0.0775023352616732 -0.0119134146332595 0.0831725999420293 -0.0293520286367803
-0.0965521498164279 -0.0504191517254709 0.110714784044765 -0.0458761641916281
-0.054205877358926 -0.11060771328733 0.144018082371409 -0.000857378859581641
0.0453337044694113 -0.121820614202987 0.118150734942801 0.115765540109076
0.157058300038759 -0.0606482038983419 0.047260691182492 0.18920932394731
0.190691942811227 0.0919438916119969 -0.0326471689447925 0.197356223306055
0.134760903100029 0.21893095020231 -0.00640259410043565 0.199724400687447
0.0811644476129401 0.230077895824606 0.00127825277331006 0.0384135641907623
0.147369075148245 0.124018972616511 0.0810561791423579 -0.109526337003009
0.158730220123548 0.00227500185476579 -0.0919196628346588 -0.198124696462835
0.0832528360003963 -0.102332766593452 -0.220922150409047 -0.033200072069466
-0.0177998281034613 -0.12892664837316 -0.13075594843099 0.13289870512101
-0.0889022308359838 -0.082295797827232 -0.00458232866340827 0.140988442977706
-0.0958813289670057 -0.0240284919692996 0.0445551437307615 0.0770630907130133
-0.0941969709434907 -0.0058830226731607 0.0506253573145308 0.0124674573125718
-0.0985163561602419 -0.0130668798275644 0.0444364772146823 -0.0357819482595662
-0.122003814126176 -0.0584967521673354 0.0699366389965013 -0.0737117288530598
-0.0812191481225915 -0.132823115163469 0.122735799743555 -0.0625989476097971
0.0316927779354909 -0.158475650754514 0.143847014053135 0.0512976928772794
0.180882467536384 -0.0977954590333278 0.0893546532531616 0.156757015248348
0.231941825337483 0.0930180617943859 -0.0101134356090335 0.179387213027114
0.152947035410322 0.248372301852557 -0.0206411788355509 0.1268252367451
0.0437294627052128 0.261065249971076 -0.0121691238915874 -0.0601396504790516
0.143512293975871 0.186524770856861 0.080766779176478 -0.143170639191154
0.197213142878335 0.0492244279788397 -0.0543581703265087 -0.236139871844208
0.128839557990514 -0.109275077029848 -0.192395747533028 -0.103266553017715
-0.00179622072020241 -0.155786223541462 -0.155001968958202 0.0593241415921542
-0.0980953924792604 -0.105833223098574 -0.0564727984027227 0.104904761388008
-0.11265275056647 -0.0333227482102625 -0.00374871620091562 0.0686980669919437
-0.104316337811463 -0.0065706186515215 0.00918204982672718 0.0103006486591761
-0.104838604391001 -0.0113540851559863 0.00128224114060758 -0.0389898812581679
-0.127215981512145 -0.0589426348263201 0.0248133885194912 -0.0912365115752667
-0.0923986834180573 -0.13538370419918 0.0872540942850429 -0.11098173552292
0.0177033754700079 -0.16716024799535 0.147405057887037 -0.00940591550060316
0.175258804756847 -0.110603156170697 0.112099340235131 0.11702500891747
0.229485453391779 0.0872468587954595 -0.00111429734403493 0.155993055345792
0.143882096705438 0.241307933128286 -0.042632421810341 0.0512493512374283
0.00339687550008018 0.239043257107425 -0.0142057981229933 -0.160103630276139
0.101127576683959 0.205216819501712 0.0809966472523984 -0.177464399011615
0.1799912001634 0.0877290913585425 -0.0082914686581616 -0.249194873469347
0.142788091379553 -0.0847457941986921 -0.137385420298646 -0.158591708969936
0.0152137235893694 -0.147083904688347 -0.158384096833252 -0.0219412517207997
-0.0873962838676466 -0.108369347779183 -0.103565086358782 0.0578923198421368
-0.109141808528316 -0.0371835271248206 -0.0543111254751042 0.0545927911505291
-0.0989893500686637 -0.00697351155347423 -0.0323123773210552 0.00605306519220324
-0.0971139653680408 -0.00944135776469893 -0.0387766560965998 -0.041703452822335
-0.114243847364631 -0.054604802952275 -0.01411435820477 -0.102709145043925
-0.0814522628584892 -0.124280531634615 0.0543099999150045 -0.140689981574049
0.0182002852709092 -0.150143264985904 0.139887925527914 -0.0528908529159574
0.156440736457452 -0.0891663870863249 0.117289344014272 0.0831416597260339
0.19052956491102 0.0898240263988567 -0.00104505869702527 0.130115092207097
0.102812992313563 0.208905917014615 -0.0622040815671499 -0.0180277653508789
-0.0284781067798856 0.168742377417028 -0.00942808149163216 -0.239386103096325
0.0436881818010824 0.168104051307539 0.0830318400625646 -0.199918723157001
0.120982327054988 0.0911373487361867 0.0306579533235473 -0.238902793482964
0.113883373390168 -0.0467899956878877 -0.0783335875830425 -0.187570729983695
0.0219619948299463 -0.1078644705411 -0.145941275003199 -0.0854527395815893
-0.0620043880188745 -0.0876889721891155 -0.137238102217721 0.0128316846434373
-0.0861510922692515 -0.0334714129318768 -0.0972924772055308 0.0383564476667244
-0.0787281949255513 -0.00705645195369975 -0.0682970724565911 0.000745018407320328
-0.0778169626546288 -0.00747043890591133 -0.0713134791960941 -0.0457571163995674
-0.0885365732440789 -0.0466830178960888 -0.0429881925949787 -0.111629020554609
-0.0576943899300126 -0.103589114753447 0.0331182106954598 -0.157768999850342
0.0283758920012069 -0.118724099286403 0.134524498344301 -0.0770415835381818
0.132119327067733 -0.0470596727470923 0.115579081124049 0.0611692476256529
0.129010917623106 0.0945797759916007 -0.00317990647129736 0.105423900712788
0.0421185049836784 0.158657743463167 -0.0696887345966608 -0.0740503071485316
-0.0472689625599336 0.0671522268237405 -0.00881128432928788 -0.280230321313564
-0.00766728607330383 0.09245540290663 0.0791239732194159 -0.20731189581106
0.0463962303897658 0.0619187097275904 0.0497122802934917 -0.22111990917838
0.06015914071653 -0.0112636336415084 -0.0434891261701475 -0.194939517481221
0.0175301466539212 -0.0509682191919186 -0.135678877446272 -0.117128472201121
-0.0293997868358055 -0.0508140510924381 -0.155177172616833 -0.0145312624756477
-0.0486133871201466 -0.0234276868767857 -0.12503568683021 0.0265061632286507
-0.0466062059738358 -0.00631668122277754 -0.0933197274858744 -0.00470670195586503
-0.0501198839020936 -0.00493279402491352 -0.0933914061841095 -0.0520365541746168
-0.0559732660580459 -0.0319037082985373 -0.0592112839373012 -0.122143288081598
-0.0310450333518479 -0.0737961609438584 0.0243692617259809 -0.168036684030717
0.0353229454997929 -0.0802425818388655 0.137068646568436 -0.0867225438138026
0.0988791150818368 -0.0040367468869056 0.114392844286178 0.0511908964053225
0.0590682754542093 0.0897239302370445 -0.00410981566807811 0.0859189279044381
-0.0206569700324318 0.0925179415999435 -0.0619866159625224 -0.113674019673455
0.0658734275916931 -0.00882888434373177 0.051364667778094 0.176711956927048
0.0058835685541378 -0.0523958174395116 0.0871572421058556 -0.0638939157601506
-0.0411207595698805 -0.024104408560138 -0.100128021221559 -0.0972598333844309
-0.0226855200697167 0.0249134904509557 -0.186672214157361 0.0499129900004825
0.00323441445311017 0.0200707915510994 -0.0673391806270064 0.18427720803894
0.0124853380177343 0.0135935888323941 0.0561676114512355 0.156905210092733
0.0167575344856385 0.0047184527183388 0.0958066524402018 0.0889316986441163
0.00545991632432873 0.0020088760209207 0.108749457941502 0.0336737620515096
-0.00165010814591606 0.0050273873108561 0.126539372428222 0.00734410346004184
-0.0130138785103903 0.00432440735425912 0.144504764353338 0.0358823592490506
-0.00982287024872977 -0.00828444285528349 0.112316801921035 0.123500244002969
0.00375727247631403 -0.0193336687356868 0.00824644262979876 0.193288149631893
0.027659615802821 -0.0273441820936556 -0.0757606469794276 0.191553434518501
0.0584922761424077 0.00375072844192117 -0.133153727422234 0.191794866055589
0.07004129253896 0.0585282362004139 -0.0637499149547447 0.28397756098278
0.0813113326321662 0.0816243964451207 0.0210458548247838 0.163546498419357
0.0590973388325148 -0.0035714217076387 0.0875709978653442 -0.0587853990927597
0.0181150446751611 -0.0281108200481857 -0.0990665640943394 -0.121244170740153
0.00137312662707859 -0.0163190459862451 -0.203225286459677 0.032962087101445
-0.00630841880087188 -0.0273257696992914 -0.0883113503403686 0.184296810332371
-0.0206718627278395 -0.0191321356588764 0.0445423951969195 0.165212602901122
-0.0219372210958289 -0.00862530168498737 0.0904685784825105 0.0922753458900464
-0.0326875016188868 -0.00824290231744465 0.101484480442341 0.0325982356665703
-0.0405925485311063 -0.0131349100021575 0.113392934917181 -0.000478982083058417
-0.0506594738625155 -0.0378029121326491 0.136558091771027 0.0105532188592947
-0.013130234143015 -0.068839134065515 0.130247050821161 0.0853327006258958
0.0507674179190055 -0.0605995358599095 0.0466389283879133 0.177525513226034
0.104012334439237 -0.0100723642795953 -0.0406099342411604 0.197251612957565
0.110272468125159 0.0833964349837034 -0.10201507307219 0.189267522757364
0.0778811272118821 0.164907080699005 -0.0527087142133994 0.251889053707067
0.0739139684334447 0.169164390497031 -0.0055965150409825 0.1157239292182
0.102947113669656 0.0666277805344097 0.0891435707199935 -0.0681365986102802
0.0889922551408564 -0.0113356676175142 -0.0889567055563415 -0.16008457529336
0.0437208404575621 -0.0576173285147006 -0.216731970587808 -0.00414235300308386
-0.00692309618625035 -0.0803440465042454 -0.118128973832089 0.164050334619958
-0.0509588755839151 -0.0577189029949971 0.0175038847134102 0.16176475292993
-0.059851608404981 -0.0240671462174604 0.0698045986287061 0.091459793552773
-0.0667391046974922 -0.0169747815082142 0.0798669579443281 0.0280194613519339
-0.0723852937523786 -0.0252794884651379 0.0856920130234209 -0.0133765283942612
-0.0853689438105864 -0.065261170890832 0.11433272706868 -0.0241684447472129
-0.0323377616118392 -0.116904633495665 0.139057155799574 0.0257378050691872
0.0679881161586982 -0.111823855640659 0.0954573838138837 0.137774566674227
0.165560176453437 -0.0299997877753592 0.0104450426214512 0.192892973248571
0.169808055163073 0.124294665120476 -0.0686395987165171 0.182443024241526
0.094246119162518 0.23874235098571 -0.0425066868334642 0.193394596150579
0.0449403874111956 0.235123283978527 -0.0206907961458913 0.0353523678616163
0.122935761532408 0.145434599403256 0.0914628370618752 -0.0919814769688802
0.154562698619123 0.0291272568454797 -0.0649578116053833 -0.203061315407296
0.0990853882483829 -0.0844060224782627 -0.21130448807763 -0.0607883963087868
0.00459930588692301 -0.127528478039459 -0.146238586712115 0.115495495952725
-0.0730514175928122 -0.0948338300446079 -0.0215483476969674 0.138929063342639
-0.0896539749983387 -0.0399202532053038 0.0343107839038471 0.0838861132169582
-0.0904915642697385 -0.0222910446589031 0.0467257053099784 0.0212975777475499
-0.0925737293566689 -0.0306192602008941 0.0483390012105313 -0.0253291136922058
-0.108890882473459 -0.0778128590797331 0.0786996123098849 -0.0577903385609544
-0.0555920669340026 -0.142757407404782 0.127663000525333 -0.0392614997563936
0.0601906375104345 -0.150776123561468 0.131238236787052 0.0790529005884338
0.193955720835144 -0.0638418819807377 0.0570317798461814 0.16880652720776
0.209722826236495 0.132116647681635 -0.0426672802854989 0.16751046231229
0.106020801631406 0.270462287352239 -0.0424803980267844 0.118166346644787
0.0051041728008497 0.260554328204957 -0.0198520585006056 -0.0668804537611646
0.108359560425379 0.206078992026819 0.0936212890850847 -0.126713131953689
0.183818894593591 0.0815299927820741 -0.0250921112216417 -0.232855214511895
0.144589953860434 -0.0839748549351409 -0.175156576271816 -0.123229010383718
0.0247157776848354 -0.150866699739783 -0.159189611035443 0.0411373183050712
-0.0776363623970133 -0.118054062692242 -0.0663483037364632 0.0961639019085858
-0.104923629961397 -0.0518668817011985 -0.0117751874712963 0.0687327600555072
-0.100398860883342 -0.0252397016558396 0.00701979463653466 0.011787645775806
-0.0991071530769454 -0.0300332253530139 0.00736041239432384 -0.0360684984238356
-0.11452296614309 -0.0791329319105096 0.0381118340687583 -0.0825580007506313
-0.0668092578524537 -0.146972851846841 0.101511771898712 -0.0920536023313752
0.0476772593385335 -0.161038264223737 0.144674643090138 0.0197615948674702
0.190907671546472 -0.0777083425288292 0.0862682897458804 0.133942816270955
0.208878345500408 0.125747771417909 -0.028485661841737 0.146971179291883
0.0963728247602746 0.261772943096757 -0.0502749728010569 0.0393727127574313
-0.0323154493660457 0.233752711299239 -0.00397088861379583 -0.167889934604997
0.0639571399652104 0.216698305849462 0.0995816163935963 -0.16157854254339
0.161265045689879 0.116271668031816 0.0207401559454125 -0.240538100358211
0.153756322842528 -0.0572266452702168 -0.11428956974773 -0.169869584018328
0.0407862008568465 -0.140327061220739 -0.151068113576641 -0.0389055840451289
-0.0665990734270997 -0.118953394082248 -0.105643727390363 0.0422195899123709
-0.100801369334597 -0.0553140157892393 -0.0599570337687693 0.0471723463871769
-0.0949653708577836 -0.024516952239343 -0.0331417486552262 0.000336229252770332
-0.0916921447252433 -0.0255665296777694 -0.0315749539009319 -0.0455655578741109
-0.102001209928997 -0.0729632488978087 0.00204194051693536 -0.100665968383836
-0.0590278193869496 -0.134582097197595 0.0745316058877115 -0.127239571340797
0.044201487393118 -0.144513998919396 0.146638995594867 -0.0247054406844385
0.168864385130389 -0.0598379648256069 0.0986097305740825 0.102758318984825
0.169654700790761 0.119977187298651 -0.0235090023331852 0.123148950464152
0.0614846380937911 0.22282899690923 -0.0570283403316404 -0.032362207945074
-0.0520615484311579 0.160502784962701 0.0176664159151887 -0.244692863839211
0.0159615345340853 0.171412433970046 0.107367873922917 -0.186822722253758
0.102784188827445 0.109978200519798 0.0595120682174722 -0.227989303375484
0.11974561478161 -0.0248203695749763 -0.0521570694414391 -0.190754515114085
0.0399746387446987 -0.100571166361925 -0.130204187858045 -0.100502550364572
-0.0458198401523224 -0.0943459134018245 -0.133011234416727 -0.0066968231791486
-0.079797150139025 -0.0470653683604618 -0.100394274806981 0.0250851883976926
-0.0748049472655049 -0.0207825157277329 -0.0671758959366373 -0.0111750492868275
-0.0739884611503257 -0.0208384166163279 -0.0627885458501035 -0.055910093560503
-0.0786444815576641 -0.0602512767731425 -0.0240876829702321 -0.115346668060994
-0.0397000434265115 -0.110881577883437 0.0569795754107968 -0.148801670179747
0.0472580685431481 -0.112805520585724 0.145619506890666 -0.050312352931812
0.137395197400954 -0.0232950452273281 0.101509257777235 0.08057403140228
0.109297678747329 0.114680768146064 -0.0203421847550073 0.0990139326228567
0.0116180562618207 0.163280876174396 -0.0549089760182731 -0.0887617093523121
-0.0558425715773249 0.0584144268539556 0.0319698332769006 -0.282159994491692
-0.0219712974703321 0.0890682778184297 0.108678933659818 -0.194354539176285
0.0351123395201991 0.0692460858151177 0.0799235675312581 -0.20980135739657
0.0610609110797656 -0.000146678878846991 -0.0148135424946201 -0.19568171360795
0.0262447512321274 -0.0469513797407945 -0.115298514403273 -0.133365746885522
-0.019523306813445 -0.0526617207793029 -0.149082878499297 -0.0375085088171182
-0.0446912374743088 -0.0303553169891389 -0.126629194228248 0.00884383970066276
-0.0441224522060201 -0.014237769156669 -0.0911005474887715 -0.0206789804852963
-0.0475800507906525 -0.0132782900807985 -0.0825160097126502 -0.0655667356749785
-0.0494065997922467 -0.0405085510875116 -0.038765386092295 -0.129318192810489
-0.0193636107555668 -0.0779933382832139 0.050636788172598 -0.16079884613594
0.0476668202351252 -0.0737755784257794 0.14967272565809 -0.0599310138265357
0.0987301824205324 0.0121257806659216 0.102292821404483 0.0708842675786099
0.0424658610488532 0.097245761191428 -0.016995569436838 0.0812845859607384
-0.0389922253754144 0.0871126463894886 -0.0408765682100792 -0.1246663076452
0.0667717178380226 -0.00862100029257677 0.0532940522714868 0.181730728485385
0.00601632618675511 -0.053802484973496 0.0927117102162758 -0.0658541352118048
-0.0413158622633837 -0.0253195593060954 -0.101316732053735 -0.102577145114949
-0.023311479218916 0.0253420676620832 -0.193988606192865 0.0486721982418231
0.00299328197345989 0.0206326149614793 -0.0714076813200922 0.187310394128032
0.013451882342304 0.0141859894246542 0.0558179823204962 0.161913541796919
0.0162234628735961 0.00416227981409149 0.0975159708750051 0.0929078129017889
0.00570391971327609 0.00156158170494701 0.111171112983525 0.0365457717499048
-0.00214990308775874 0.00493899034365356 0.129913193963077 0.010199605716663
-0.0139387975948159 0.00454572023657486 0.147377982290546 0.0385534208047484
-0.00986285178607951 -0.00897240416989804 0.113949184943937 0.128817182549237
0.00396502837837863 -0.0202824322177167 0.00661088250719114 0.200375695770124
0.0285583794629887 -0.0265557308920064 -0.0821334068818542 0.194860282373287
0.0592700893322004 0.00605821855118857 -0.141190393453824 0.194597696967036
0.0705703439755489 0.0609183437809689 -0.0698383201514228 0.290136090281149
0.082016806664552 0.0839513303206319 0.0227333022442912 0.167618195159763
0.0598738605873433 -0.00313605199782839 0.0939562245974891 -0.0596791294917528
0.0187815464136836 -0.0286680175136885 -0.0991234940884577 -0.127438530462195
0.00158899676596305 -0.0172614825275324 -0.209959488544391 0.0316409411091437
-0.00703438195869768 -0.028049862908747 -0.0941837593311881 0.187180579593832
-0.0210185274936364 -0.0195643858654591 0.0441436709482019 0.169877003361877
-0.0224869266584095 -0.00852643678328015 0.0912830884107301 0.0962605681519034
-0.033542615745206 -0.00898768257922941 0.103728101440942 0.0350979450257754
-0.0419754978870056 -0.0141947522991047 0.116945776954796 0.001487424557854
-0.0516897664093414 -0.0384986983556332 0.139769393420944 0.0129587511731056
-0.0122272806355677 -0.0706348874050105 0.131468254108188 0.0891349271804471
0.0534512427341249 -0.0625427869669566 0.0455640930824048 0.183513035777627
0.10630474341422 -0.00839925458704427 -0.0453297726206601 0.202368331510663
0.111278696677765 0.0880723300519784 -0.108661742549568 0.192641168300873
0.0775476746985325 0.170822635826051 -0.0570052197939038 0.257678953555792
0.0733670595465892 0.17351561338967 -0.00368521545889484 0.119831192071889
0.103713621861952 0.0690582528386321 0.0961300137190677 -0.0685794123579899
0.0908402068722436 -0.0106747040444596 -0.0886828603341536 -0.166626874888171
0.0458779660854388 -0.0587730417622875 -0.223004659873803 -0.00735515835902003
-0.00739069581968032 -0.0828817100868472 -0.123666748261379 0.166488398295737
-0.0522135985153013 -0.0586871546693627 0.0169388463595088 0.16608303364353
-0.0609579664772887 -0.0255783671500461 0.0700091959441693 0.0946254459104918
-0.0681157581232758 -0.0181399160098732 0.0812980529238797 0.0304646110589439
-0.0741206968991449 -0.0265007484842619 0.0883503015872699 -0.0112114455579604
-0.0874168089332892 -0.0675983869343052 0.116877039409066 -0.0236488145791697
-0.0326184737834985 -0.119560707927819 0.140660492017747 0.0277331854015067
0.0712581246905627 -0.114212885371225 0.0963403339894474 0.144073450568566
0.169423946609402 -0.0280473534942902 0.00795834459601122 0.199248628964257
0.171838713215236 0.130667365260312 -0.0732907243853928 0.186512150890472
0.0939708617634653 0.246662714867631 -0.0460760772238435 0.196810942352485
0.0428397418650742 0.240491717682192 -0.0187053594825766 0.0370391492070338
0.123341734820019 0.15018281289275 0.0997029404292568 -0.0915496259279959
0.157707363012461 0.0324116240589752 -0.0636286935417871 -0.209737690697828
0.102890235108674 -0.0860817252847384 -0.217312183066979 -0.066226345846562
0.00546095460698559 -0.131161480017325 -0.152023280318438 0.11635010585556
-0.0741190185659239 -0.0963614721804409 -0.0237659450084621 0.14229299031398
-0.0911463049906854 -0.0416729775042586 0.0340216628543832 0.0860415472532943
-0.0918163942874724 -0.0241020359773859 0.047382597978902 0.0227115319327075
-0.0942379913617117 -0.0318039568070915 0.050040134121513 -0.0242978741774718
-0.111166890236923 -0.0799682394760063 0.0806825404071306 -0.0579806593644495
-0.056836661629309 -0.146442923498465 0.129443368543021 -0.038829400133541
0.062684066588256 -0.153841781714579 0.134649350138455 0.0839079453848413
0.199541217919896 -0.0618472003934528 0.0569918524078174 0.17548970884102
0.212754098808163 0.137631474077038 -0.0460504898182935 0.17261103964612
0.105815429305847 0.27927350254983 -0.0442222460298717 0.120006895722641
0.000929723675768664 0.265263315670015 -0.017650368615098 -0.0673002334064661
0.108296738882705 0.211534108835553 0.101768960809192 -0.12646447885501
0.187808161323947 0.0870691078015269 -0.0216469847180292 -0.240667149506768
0.149003689491117 -0.0845694299792858 -0.178475366808363 -0.129616832594955
0.0261982376725012 -0.154397985221637 -0.164782308334261 0.0401463155072471
-0.0795077492081258 -0.120814588610383 -0.0693049547403339 0.0987738643986956
-0.107122129383251 -0.0538675495227999 -0.0128641793813118 0.0700693615419201
-0.10205709131299 -0.0268240315982402 0.00707993651970703 0.0124616484923564
-0.100475125768985 -0.0309298944289279 0.00759392098782545 -0.0353357366102742
-0.117470482046337 -0.0814060945412872 0.039425701108713 -0.0839204246518137
-0.0681328818596919 -0.150500077576217 0.103140163579541 -0.0939446092740458
0.0495968450761715 -0.164709017961525 0.149834643453585 0.0230734995059712
0.195271448816686 -0.0760538439423464 0.0889833853778898 0.141451652389934
0.212278638025821 0.131054573583801 -0.030354939499829 0.150411439215012
0.0962782763370417 0.270192286015922 -0.0512166825144054 0.0387824614154065
-0.0363482555116211 0.237810537401911 -0.00045403444719609 -0.170416173935766
0.0629548133249013 0.222685961237561 0.107360139010587 -0.162107640358286
0.164246461954383 0.122532229866663 0.0258972309208745 -0.246763314230131
0.158456028352055 -0.0572515624316336 -0.114183129320199 -0.176278442036888
0.0419284433972229 -0.143389551710399 -0.154946123388834 -0.0415985975163769
-0.0685254867555795 -0.120932227275225 -0.109206905819991 0.0433915186486048
-0.103390337337348 -0.0566157477716011 -0.0620919426220529 0.0479978795748489
-0.0962498045762247 -0.0265434597730416 -0.0342346388705288 0.000318253390735815
-0.0930568458958929 -0.0272780876028598 -0.0317453075199684 -0.0455962476800089
-0.105162328547413 -0.0748484387765595 0.00229158122436808 -0.102693248367843
-0.0598648360737025 -0.13818113308664 0.0757552793330468 -0.130425056378314
0.0465601649785123 -0.147849555571335 0.151598896996613 -0.022608491321602
0.173261652042259 -0.0582228440586897 0.101341522031111 0.108926906313884
0.172036209184895 0.125052237218406 -0.0241592117587544 0.12593313755147
0.0611610995361774 0.229817235569964 -0.0583371291336784 -0.0342754209391552
-0.0559661266860501 0.162327081491157 0.0224519567271612 -0.249157076496623
0.0138567632188823 0.175418763613583 0.115108771521484 -0.187296712012401
0.103964227068989 0.114778828087548 0.0654894642230782 -0.232536093778921
0.123486508330749 -0.0251225291132455 -0.0503894477152205 -0.197328941075943
0.0420919566830602 -0.103172330323903 -0.132845730031059 -0.10516645904688
-0.0471367488306126 -0.0956067742591101 -0.136402188961737 -0.00706802705142532
-0.0812314980042318 -0.0484091643803555 -0.102981316128189 0.025079395971866
-0.0757571097183043 -0.0228248370377813 -0.0695294553324734 -0.0122378285704084
-0.0738782022576267 -0.0224175375727996 -0.0637106378258486 -0.057028359498046
-0.0805941738137138 -0.0620684767466585 -0.0246914005209104 -0.118999985740802
-0.040528653564518 -0.113383140753548 0.0585255704675856 -0.152168457615364
0.0496254144502053 -0.115186855525809 0.150543676177299 -0.0494079057101086
0.141580104163313 -0.0213637903168557 0.104405942116387 0.0869190228366985
0.109857841683676 0.118432231795526 -0.0204827674110275 0.101732268700107
0.00992907169875783 0.167854624562529 -0.0553990708624696 -0.0914527313541829
-0.0578967724321878 0.058405810642119 0.0372501306169832 -0.288296785859001
-0.0233110608212328 0.0897282238468908 0.115026672219805 -0.195679879714106
0.035296014237541 0.0718620266691445 0.0859944521971779 -0.213051313877852
0.0623729350027074 5.34259938213675E-05 -0.0119182392442368 -0.202058402702129
0.026743674885125 -0.0484038388642644 -0.116471499361304 -0.137867838655993
-0.020564079855217 -0.0534470986448793 -0.15288572896599 -0.0388565519992465
-0.0459616374615733 -0.0310899909528011 -0.130289014836034 0.00828736619303876
-0.0445030726450337 -0.0159923003327998 -0.0938132582004624 -0.0220227537350009
-0.0477324037135332 -0.0143058167518756 -0.0847828499825488 -0.0678352436458139
-0.0504671209498603 -0.0420320710483127 -0.0388607074614982 -0.132836327888587
-0.0194766541278798 -0.0795150935161225 0.0529808356558973 -0.164610001947649
0.0494015083275988 -0.075970873745701 0.155329379689454 -0.0603744360358997
0.101184316723233 0.0147487887559677 0.105100893848536 0.0760969469876771
0.041700151794012 0.100038670893254 -0.0185475869710487 0.0831056809037638
-0.0417269124532291 0.0892298564897527 -0.0414238647913831 -0.127388163999983
0.0683332758997261 -0.0109623579548667 0.0622088337022081 0.184296568564946
0.00493126107052403 -0.0556860718893884 0.0962105219226763 -0.0726303103856915
-0.04376557884009 -0.0251817990335441 -0.106274718427098 -0.104825706233645
-0.0237126209718153 0.0263074838602899 -0.199507267369835 0.0564017560812188
0.00337988501159491 0.0212820808112708 -0.070584281529907 0.196123422656139
0.0151566761747787 0.013836683263065 0.0621913242469849 0.164312167975682
0.0170416521270279 0.00370066270902494 0.103987164738095 0.0939670850127503
0.00559689248347768 0.00184612951850934 0.116854713199535 0.0346844084459242
-0.00293800215017827 0.00569410806468355 0.136045123633287 0.00612693863746156
-0.0141339348772755 0.00545143909666186 0.153224968184934 0.0353104290823312
-0.0100141466217492 -0.00905343539933725 0.121506313295412 0.131082589849651
0.00354852346348441 -0.0212601213966415 0.0113314920434612 0.206889413890035
0.0287683672684106 -0.0275875774753252 -0.0809219866722499 0.20205799951202
0.0612881551024742 0.00580467325852284 -0.143382381517486 0.204563325945615
0.0748545543882234 0.0613447063252818 -0.0641214877967115 0.300061600308919
0.0866448949108452 0.0834030659638082 0.0307156687328431 0.172387218912373
0.0613102032011447 -0.00514937212004843 0.0980758773103366 -0.0652109208520203
0.0181881037654436 -0.0304312278464413 -0.105308161791139 -0.130247591584388
0.000974229644141301 -0.0180143669623815 -0.217595782482294 0.0374146938694069
-0.00828543537773703 -0.0291390813335005 -0.0926756588893884 0.195879065423399
-0.0213943006208399 -0.0190814271085503 0.050407316406506 0.173081006041052
-0.0234696217770632 -0.00847705368181946 0.0974889077333751 0.0974203859137863
-0.0357754157594377 -0.00862379572906101 0.108980941797884 0.033831476624129
-0.0440704073343624 -0.0129114308224065 0.121239652069098 -0.00171104862577057
-0.0549869189860456 -0.037674704285646 0.144681045926784 0.00939885316174664
-0.0153650859965082 -0.072904870545619 0.13798914696982 0.0898334157325078
0.0534370280899952 -0.0663131486602543 0.0526489715415542 0.190131196973298
0.109361123136603 -0.0102647440859464 -0.0415027174957547 0.210036991648573
0.116542177540234 0.0888732164030628 -0.109176672413984 0.202080565003934
0.0848764260712071 0.174597382441242 -0.0514135213744614 0.265782403911723
0.0799675209821541 0.17550203446596 0.00197714207580701 0.123737591160433
0.108412660098387 0.0680824418397637 0.10177840011403 -0.0736284335108607
0.0932448343141784 -0.0127449908970644 -0.0952396601960938 -0.171912139044377
0.0452953211957763 -0.0617659462532774 -0.230943908226991 -0.00304035961232865
-0.010977485235256 -0.0849084941752065 -0.123647710627141 0.174571894083059
-0.055818511725519 -0.0581684304149037 0.0226395495139972 0.170195359138733
-0.0635814322968722 -0.0241781614181061 0.0746100592673973 0.0957817453689442
-0.0711652157705292 -0.0171278512698747 0.085810358434277 0.0297851716187279
-0.0784238091816595 -0.0252108332339753 0.0913384730656922 -0.0131521107321392
-0.0937447298140601 -0.0660864024660188 0.119765209836321 -0.0274911199932569
-0.0380633075092002 -0.122563010558237 0.144594684675178 0.0256444732586008
0.069321091189648 -0.119758611505754 0.103992287014445 0.148191236486965
0.174081668173973 -0.0323791047808947 0.0130063476394681 0.206421458480128
0.18047790235849 0.130660035379591 -0.0712064840220118 0.194647850005058
0.104639206453962 0.25305927664166 -0.0411596324992779 0.20380606846972
0.0502959610184134 0.245862156975008 -0.0152889826155193 0.0400125744530564
0.130821242035133 0.150804279541473 0.104590747797686 -0.0966962818529972
0.163491336127529 0.0296113686600945 -0.0698426958458388 -0.216636170056413
0.103390093976016 -0.0918844828788643 -0.226991317178987 -0.0639217686966253
0.000383795404678168 -0.134737503033995 -0.154569037936622 0.124041116598557
-0.0798327485933802 -0.0957502076317546 -0.0201156063376721 0.147516157447414
-0.0954283806676184 -0.0400333212848312 0.0370831702612878 0.087955673185202
-0.0954568101544714 -0.0225916713412021 0.0503765999326764 0.0225289645244839
-0.0982279269726929 -0.0298406064153362 0.0513841664773231 -0.0255148649416821
-0.11852374721167 -0.0782576190798727 0.081314009529108 -0.0616917777673445
-0.0635180746446196 -0.148668151141426 0.130936885031693 -0.0436159344955457
0.0596363378762683 -0.160725546317011 0.142190114601722 0.0848548492658415
0.203734423978831 -0.0683423662862235 0.0643619199348565 0.181628794804079
0.223130483114197 0.13699000003271 -0.0423816841170995 0.179045977316957
0.118192028354903 0.286645381285643 -0.0414631423287261 0.123798722950787
0.0073651565128755 0.272423154422647 -0.0175244649453608 -0.0675199168839066
0.11656698668914 0.214812191773125 0.105976198808578 -0.131627119585677
0.196549793317195 0.0852216103144133 -0.0276884992917278 -0.248756541047584
0.151563234505159 -0.091702733147136 -0.187590745099908 -0.130820004248995
0.02169586619952 -0.160753049500771 -0.169657878183906 0.0455230723294524
-0.0857162968620738 -0.120524334207764 -0.0681956761408022 0.103980531687953
-0.112322518680234 -0.0515641257376432 -0.0119060568899545 0.0724848050265842
-0.105158689703052 -0.0255081720756536 0.00733700900660022 0.0124155745514658
-0.104344865429409 -0.0294529274465018 0.00761456177744721 -0.0357387369039185
-0.124646871979987 -0.0798945501422301 0.0382795197643141 -0.0871114210253317
-0.0757215784504211 -0.152559273566191 0.101547535261583 -0.0996764613886296
0.0454396194838918 -0.171828164234554 0.15626161671955 0.0211108450104353
0.199955531957441 -0.082989744925733 0.0965633165841891 0.145578575704834
0.222752052848648 0.128989462983347 -0.0271424300833101 0.156692283764113
0.108873670074565 0.277421843393928 -0.0519822157135661 0.0407637542876752
-0.0314674570338957 0.244809889027466 -0.00271905804977667 -0.173961179327795
0.0708053903486411 0.227090396491013 0.110371781250885 -0.167953040309461
0.17316874824597 0.122555271314999 0.0214197571860665 -0.255685520371099
0.162006431285501 -0.0639073979785523 -0.122069436135913 -0.180351374261899
0.0388393475110247 -0.149322687430495 -0.161110689582581 -0.0388386128997091
-0.0747859546335621 -0.120882963176444 -0.110991877584127 0.0483625527232232
-0.108383656737453 -0.0544946367448549 -0.0625541034120997 0.0512249102724027
-0.0998262351747257 -0.0253755270255172 -0.0356014814956867 0.00136634848973293
-0.0961296518433902 -0.0261247741002755 -0.0338756868487958 -0.0454693916919587
-0.11121391556931 -0.0736643629595682 -0.00102565200600347 -0.106739522280623
-0.0673071686832516 -0.140228954935099 0.072964321729493 -0.137095260662573
0.0431951015770089 -0.154043469438989 0.156195010599822 -0.0264827277300601
0.176676584226681 -0.0639605739961179 0.108447569417943 0.111610356714805
0.181358580208967 0.124481006046191 -0.0211837904374176 0.13077163629461
0.0700376929342885 0.236697564206676 -0.0606777268583882 -0.034508159720353
-0.0536032815343754 0.167866704735857 0.0175840016164756 -0.256091586425181
0.0187732191635274 0.178919580026713 0.11668466444074 -0.193535164069177
0.11104764708346 0.116641743537307 0.063005965332796 -0.241446440542644
0.126871445430415 -0.0297428256526786 -0.0562415556252708 -0.203518869985118
0.03960985195275 -0.107565560761932 -0.139902584971049 -0.104838380708996
-0.051809210349001 -0.0951911100941413 -0.141296084116559 -0.00293637305956217
-0.0861774285062478 -0.0461459848530712 -0.106080671770526 0.0293984457221563
-0.0786262377753116 -0.0220759538531046 -0.0724297572733622 -0.0105244164633102
-0.0761462823120983 -0.0205136051234873 -0.0672849715888223 -0.0557466118960853
-0.0857482082186189 -0.061128119131328 -0.0281789889831218 -0.122022182641735
-0.0460658954118232 -0.115556335825483 0.0542486343660963 -0.158013841929528
0.0476787457328912 -0.120540389581626 0.15466799248171 -0.0546172981775483
0.145745346717504 -0.0254808418964682 0.111774995340348 0.0882413550568911
0.116886781499651 0.118951146792869 -0.0189303777130908 0.105459960019198
0.0152266012100364 0.173704631122328 -0.0603310217689265 -0.0928741438806186
-0.057611527814971 0.0605723166090227 0.0316437518389821 -0.297257098214856
-0.0208575000052003 0.0922116932187549 0.116084599524329 -0.202891691145699
0.0386178494683426 0.0740010878696053 0.0850414625795574 -0.222255788867588
0.0646639965536637 -0.00252635904940022 -0.0165704346106707 -0.209883723556137
0.0264713945081923 -0.0512739873934749 -0.12513719660736 -0.139834620219132
-0.0227560394024675 -0.0528049304159025 -0.159352079102317 -0.0348036787517714
-0.0488002472804732 -0.0293258414609497 -0.134657586014351 0.013837800775903
-0.0457891848062357 -0.0156927049424543 -0.0978866101795156 -0.0196945121060362
-0.0483813765258899 -0.0128154128777537 -0.0892285975759904 -0.0674290828053863
-0.0535805481458887 -0.0415536592629894 -0.0441476868136028 -0.136186620976655
-0.0232885143008934 -0.0813937218621201 0.0492017680406852 -0.170934360570874
0.0483802607455529 -0.0800783183674237 0.159137802401621 -0.0652601107455427
0.105269655801554 0.0132299195764835 0.11177062217522 0.0775353442056377
0.0458592392068897 0.102415264251039 -0.0165625123413976 0.0863610649282712
-0.0399239231500949 0.0933789558087986 -0.0476202475678275 -0.1302138248854
0.0682093448646242 -0.0152394284384903 0.0751411517866774 0.180509383879933
0.0019084791928412 -0.0562781578340864 0.0945360642101325 -0.0805712320532916
-0.045454532063597 -0.0229015209666141 -0.111516085062527 -0.101452372142431
-0.0226923870348955 0.0277389922428809 -0.199435554692204 0.068034532286874
0.00419779253369379 0.0208077784795653 -0.0605982184752324 0.201991309842629
0.0163950311567007 0.0123221916225314 0.0719394143234669 0.161102875941779
0.0171815975122849 0.002541750894136 0.111099081729683 0.0888864273249934
0.00441378964294872 0.00132677313896225 0.120415686994445 0.028803759190344
-0.00277708060335084 0.00577991081969638 0.13765079210204 -0.00234062967772397
-0.0144937240003529 0.00631049384275672 0.156340227378824 0.0272517633726404
-0.0104109745879198 -0.00925694759170441 0.130113678284236 0.126866000403938
0.00197306828872669 -0.021726459816848 0.022519545361495 0.2091141746215
0.0273363490034963 -0.0284446804952669 -0.0730785781296948 0.206810189825089
0.0616832057841308 0.00337078181688768 -0.13520888227133 0.212338094867163
0.0777986704703098 0.0577570696729859 -0.0496198823893614 0.303813175044941
0.0905661095367499 0.078461132577704 0.0432165432226005 0.170906598037676
0.0609432889657755 -0.00795122603949109 0.0980537895630993 -0.0733966273644717
0.0164330054731526 -0.0315011299200914 -0.111881227247078 -0.126876241090208
-4.9639966313219E-05 -0.0179905493008531 -0.217354982516267 0.0492472731319821
-0.0112191931897884 -0.0285976806761706 -0.0826047768711516 0.202999844109404
-0.0223509986624092 -0.0180395162174796 0.0603309088448676 0.170698659446963
-0.0243067124889971 -0.00735724027819743 0.103873915192941 0.0924210374239033
-0.0369582786448758 -0.00669569978277264 0.112142436526893 0.0279114505570295
-0.0459252922508654 -0.0107402580294144 0.122786962478341 -0.00857040450290517
-0.0581230018287002 -0.0335775565204546 0.145789826059286 0.0011032799497569
-0.0193009449142162 -0.0728155946436097 0.143435840588989 0.0835029264862813
0.0495144058682445 -0.069513789348562 0.0626145378140761 0.188843595306724
0.109299051577172 -0.0153784059830569 -0.0322678796589995 0.213484632153578
0.121480775267348 0.0844056297092944 -0.100625928851678 0.209137599825723
0.0950951142679669 0.171149261998791 -0.037219422750269 0.268459960196276
0.0888030315652429 0.171151044492396 0.0114529577962031 0.12429681274396
0.111581714544843 0.0630423744866231 0.102443503783606 -0.0807600267602373
0.092815825809668 -0.0176161237948493 -0.103881170320918 -0.168978230882381
0.0420408370038813 -0.0649885882627898 -0.234405427160031 0.00874580501583658
-0.0164968525675487 -0.0845628083767748 -0.115584969382765 0.183079513666396
-0.0597504850715805 -0.0546041842536473 0.031707027447991 0.169432428110222
-0.0648709241382837 -0.0201426233367263 0.0802406342341411 0.0923603472118114
-0.0726056036445594 -0.0137873666471354 0.0876816639424989 0.0255487808007522
-0.0806180031005174 -0.0211046552606467 0.0919919262868009 -0.0181333903390379
-0.0987515865184993 -0.060315063272939 0.118344706972547 -0.0340926468121995
-0.045227891966341 -0.121004447155945 0.145350791472566 0.0182123191661078
0.0626936776154452 -0.124403154181642 0.113370579576782 0.14357719106804
0.17290998963911 -0.0406431057382949 0.0251080216248591 0.207465286051065
0.188284063569941 0.122210248603975 -0.0626655670515244 0.199904021052569
0.119281497001273 0.249121310514764 -0.0302526480561318 0.20503195391138
0.0623263131063403 0.243233977779149 -0.0108177619455381 0.0417630011718165
0.138950430984532 0.144283005744028 0.104511660327318 -0.103027827153363
0.165602884110452 0.0216926004917561 -0.0805485787651775 -0.215136541916115
0.0988260647839973 -0.0981894081780293 -0.231262778070064 -0.0537304762156769
-0.00813683041418761 -0.135207458842536 -0.148396669375778 0.133379955445403
-0.0854411963226445 -0.0906640586567657 -0.0116150482322508 0.149177127224835
-0.0981114652598426 -0.0336486873295605 0.0418358632757898 0.0865880786047729
-0.0973953032116485 -0.0182191847890711 0.051714449108882 0.0202992127038654
-0.10083980542819 -0.0246466800824215 0.0511929476761111 -0.0274548526439727
-0.124519913258421 -0.0711474029840934 0.0783239719687352 -0.0662385147717887
-0.0728084661888356 -0.145984085311431 0.126881713018835 -0.0502953240337019
0.0502159745176231 -0.16446700017047 0.148699010055495 0.0781708992575136
0.201009676370068 -0.0785381393797641 0.0760229843305539 0.17970575354887
0.231320643936862 0.126488352977504 -0.0338738179424898 0.181997621367015
0.135974798150952 0.28171264749743 -0.0346156701817881 0.124540942281941
0.0205922796259563 0.273054823242419 -0.0186239506101903 -0.0656842800353094
0.128364197813867 0.208710754490335 0.103616731655942 -0.136711151343102
0.201994100725442 0.0762715101042645 -0.0400360390331462 -0.248891503528014
0.147366735069033 -0.100833449491192 -0.195732182002855 -0.122998155833149
0.0113215209973711 -0.162155120476604 -0.168110050840728 0.0546581786999554
-0.0940003267903787 -0.114270340923415 -0.0626125049510629 0.108264057360604
-0.115501006863079 -0.0441357539036284 -0.0082250244015387 0.073414582735476
-0.107622840770681 -0.0204399665097729 0.0079746572374055 0.0128665771125315
-0.10679770567522 -0.0242010683272914 0.00600868036634192 -0.034950574285023
-0.130612204378224 -0.0716803128360223 0.0331248650598811 -0.0891306100539373
-0.085437464982219 -0.148439751510977 0.0942655568972146 -0.105020491625924
0.035410146352185 -0.174378881505041 0.159023136779376 0.013702694194254
0.195858104721507 -0.093560954483248 0.107066182526686 0.141672753361218
0.230522086220717 0.117497312885062 -0.018754086245377 0.159336454747813
0.124972805499776 0.272883670813497 -0.0493078585657651 0.0421796836607399
-0.0199530235045691 0.247008584695608 -0.0101668077702953 -0.173809112135293
0.0825753577030212 0.222945446117696 0.105685743538508 -0.173376006020822
0.181460687318918 0.11467527439472 0.00984893095507164 -0.258315016478462
0.158810642487927 -0.0737366052665863 -0.131759586852519 -0.176289009792323
0.0291849464553187 -0.152684257695442 -0.164027624642411 -0.0313391241861952
-0.0824035779843011 -0.114892428744425 -0.108302138971607 0.0553710333319618
-0.112542756811467 -0.0476273208270686 -0.0603232331560286 0.0552326513580275
-0.101335344467469 -0.0210353465186198 -0.0361069098265134 0.00399677113990176
-0.0976500596446951 -0.0212281124434864 -0.0360765389169089 -0.0422301526105716
-0.116580545189938 -0.0663866862775074 -0.00686615714631022 -0.105939852666273
-0.0766572824192627 -0.136819558111497 0.0628450307320061 -0.140607883709773
0.033456735210134 -0.156893411692001 0.156327130731993 -0.0347568740543339
0.17492471550217 -0.0728531141177701 0.117648035028798 0.107200524347562
0.188772673106976 0.115324788594315 -0.0137147570756228 0.132133382678872
0.0843243081901271 0.233705124126671 -0.0629006892963443 -0.0322939561943813
-0.0455687804179029 0.17023483667237 0.00624467030155866 -0.256677199611816
0.0285990292432497 0.17758917728635 0.109855497731914 -0.198872731407767
0.118584261763382 0.111792171976469 0.0520499233886346 -0.245251249669042
0.124707954503318 -0.0371625839923982 -0.0659840446508265 -0.203550127016925
0.0327747412626259 -0.111409044990285 -0.146801614534726 -0.0988845347490619
-0.0580000832997205 -0.0915235293234898 -0.142257965949247 0.00544747519766223
-0.0892570744493749 -0.0405784213005923 -0.105333287806227 0.0363748379838244
-0.0798450621997158 -0.0187370411401134 -0.0742983228495206 -0.00581897348912536
-0.076939408653487 -0.0173656335259993 -0.0696974774776142 -0.0518901448952662
-0.0898388258228672 -0.0560988240517956 -0.0358230018162688 -0.120622334966511
-0.0539452903844363 -0.113029310348279 0.0446146972649298 -0.161583308740685
0.0405156550167787 -0.123365978647755 0.153865305646676 -0.0617721159408222
0.145360138636607 -0.0326942616581171 0.118763221763822 0.0840540688605801
0.123611199822574 0.11346510112485 -0.0127426063126882 0.106366173728465
0.0255370649221105 0.173507003498024 -0.0658687762517149 -0.0901207896398178
-0.0550947986580733 0.0631135399064701 0.0175295201495801 -0.299229541188635
-0.0162064543992514 0.0924390024638796 0.107617962126708 -0.208913782547752
0.043290423207538 0.0716792910717787 0.0744843723800063 -0.22761907058536
0.0643812332218262 -0.00644415906832901 -0.0268571574169388 -0.211269290442182
0.0231164819664875 -0.0530703058385927 -0.133277072893854 -0.134582776525871
-0.0262086383017328 -0.0505593941996537 -0.162375628176755 -0.0247815442552429
-0.05019222633196 -0.026244784842733 -0.134792626742317 0.0223792115633337
-0.0466748180623869 -0.0137696917508375 -0.100782957720819 -0.0143382155318732
-0.0482823101771684 -0.01080957177753 -0.0930308305372698 -0.0616267490345267
-0.0559827886513657 -0.0385100353441294 -0.0524132302099359 -0.133946828930486
-0.0281822751404694 -0.0799005191058574 0.0387582305468189 -0.174687167043753
0.0434700480757384 -0.0826426059195355 0.157008494348656 -0.0741999881261429
0.107143873116837 0.00755244871748415 0.117735730537128 0.0734118430474373
0.0514720420061696 0.0997975887348786 -0.0125627691332488 0.0872360792148958
-0.0347646016063302 0.0966336199051267 -0.0556599455008979 -0.12705420253528
0.0644759749782982 -0.018054086474798 0.0828619805443208 0.169442658952307
-0.00163357708542598 -0.0541232874488639 0.089379576747612 -0.0845110087822681
-0.0456533701931681 -0.0203073087617405 -0.112180504254471 -0.0948222430568579
-0.0208526270338927 0.0277671735810378 -0.190401553320638 0.0750222880371102
0.00455921221758334 0.0200434892200253 -0.0490118922921544 0.19899031213372
0.0166979581078799 0.0104890908631767 0.0770674133665878 0.151935243263871
0.0170815244469536 0.000991886990041303 0.11211680846776 0.0813582897948233
0.00391553460530171 0.000614916106627674 0.118847491664887 0.0215738802692148
-0.00293156074763556 0.00610594027378055 0.133600132753857 -0.00932737332746257
-0.0131447019305548 0.00709905801857819 0.153208084119057 0.0189286342852016
-0.0108375481077124 -0.00868255077231837 0.132561581962241 0.117801299094742
0.00122350259505208 -0.020354748767081 0.0315348931438404 0.202101829940063
0.0255831654063917 -0.0283166646881827 -0.0635083006060821 0.202931193831451
0.0597012736913462 0.00155074958163083 -0.123695589455144 0.212142105186256
0.0777989208197749 0.0525036767859387 -0.0344215620556959 0.294636498830728
0.0906794184341368 0.0711840997435546 0.0517920159396126 0.161748679194479
0.0577453235851774 -0.0106308067897422 0.0938285025668765 -0.0774288796425748
0.0141727817147675 -0.03067635725398 -0.113564151243807 -0.119553513372576
-0.000764713989724329 -0.0172433296509813 -0.208806141571991 0.0572643229795219
-0.0127540193013919 -0.0266341771010915 -0.0705570139029872 0.200926777497847
-0.0227655084999871 -0.0164611903852422 0.0666946745487237 0.161726142218372
-0.0233581857724676 -0.00598850724949611 0.105397712964084 0.0850304057243199
-0.0364272901813965 -0.00531224596376374 0.11031937044876 0.0219248841757837
-0.0455641128089987 -0.00801370195945711 0.119227463513779 -0.0143154944405951
-0.0586414961139808 -0.0294090895424628 0.141720487443493 -0.00577712377952318
-0.0235923882475537 -0.0694907329422689 0.143076865092039 0.0745422329543247
0.0443596199177899 -0.0694801879203505 0.069705203595291 0.181530739971086
0.105817437448977 -0.0188484973059943 -0.0225167016065888 0.206996450249987
0.121681200861004 0.0771684437334355 -0.0886453102690927 0.207367246881695
0.100718309937456 0.161792059439437 -0.0241480852496929 0.260365897765427
0.0929173328428321 0.160719767620972 0.0204862928981971 0.119110813810975
0.11016803637267 0.0553007394941179 0.09878881346948 -0.0844425266374655
0.0886486059868705 -0.0209723853270524 -0.107753331796783 -0.160158847209218
0.037470073891761 -0.0642733735357313 -0.226678900469338 0.0187535299775067
-0.0212069322767499 -0.080356886542699 -0.102716088520768 0.182533970186986
-0.060225154097899 -0.0497377041812721 0.0390703452187998 0.161703099804422
-0.0632646224840491 -0.0166063126577135 0.0824775888566147 0.0857345732167619
-0.0714688954052 -0.00981996644766434 0.0872333097308308 0.0210692627552622
-0.0792463704903246 -0.0162579081454633 0.0888476985383618 -0.0218667624273871
-0.0989348919608063 -0.0523021399626164 0.112744432958873 -0.0378664123373228
-0.051021606924965 -0.114937825026618 0.1410414608073 0.0116194509776369
0.0543320740743486 -0.123363509100728 0.117477423404625 0.134961046232158
0.166139892284903 -0.0469898727135029 0.0332610008896268 0.199802359357252
0.187104539907279 0.11106558756135 -0.0522442935088488 0.195660086267623
0.128779279386759 0.235541067794388 -0.0194360475005938 0.19763809278312
0.0700406477054877 0.231809416292369 -0.00556797981432032 0.0412873753849496
0.139974365124454 0.132778985887849 0.100353549291052 -0.104771409210469
0.160957617913385 0.0135437598701108 -0.0870633956764108 -0.205844685354247
0.090340446973446 -0.0996369589388465 -0.22704114695937 -0.0423786310265261
-0.0158428023413927 -0.130265082592052 -0.137530885827946 0.135479968015106
-0.0876810025865998 -0.081895300191551 -0.00425756681011486 0.145353433663542
-0.0958934921786072 -0.0273693647080119 0.044107194151263 0.081368084938051
-0.0956098432650012 -0.0130991953723605 0.0513394185754136 0.0176697947729807
-0.099155812770956 -0.0189853458870853 0.0490306307196539 -0.0282784835280425
-0.125618714931102 -0.0613269281514727 0.0722850089421001 -0.0672040673169882
-0.0789151751030725 -0.136898216470832 0.119294699738964 -0.0537713307005785
0.0395145737558059 -0.161578628805802 0.148416343987992 0.0699353382096543
0.191189285209495 -0.0842979627013732 0.083020040219205 0.170794618519032
0.229633061906345 0.111057242574045 -0.024526927020351 0.17737523842233
0.145792347018432 0.265697134147085 -0.0278538873729342 0.120054403813284
0.0308290764934034 0.262131692936696 -0.0184102847101447 -0.0614958856912363
0.132828559724064 0.19531374220262 0.0991298394731286 -0.136904878138693
0.199278878571676 0.0646540907674587 -0.0489105300309466 -0.239538127748324
0.136859543099586 -0.105179555009823 -0.195065491857649 -0.11141289465701
0.00179548243242276 -0.156758946373288 -0.160568309254797 0.0604309948513219
-0.0957724124062919 -0.10464429352204 -0.0549018755907308 0.107535414980942
-0.113279596054855 -0.0365524234637287 -0.00459252575061845 0.0715625661749407
-0.105220010794378 -0.0153440145533326 0.00828334585496111 0.0126102463276886
-0.104163688278448 -0.0183947581276956 0.00508759824537189 -0.0333560944179278
-0.131220231527874 -0.0615393073358587 0.0277583855464734 -0.0876547654260274
-0.0916919793797595 -0.139425890145212 0.0843497832835018 -0.104660900409481
0.0248911114263168 -0.169923831436624 0.156079706803674 0.00649822833536953
0.185222339723487 -0.0986392171934974 0.111777848761494 0.132890701615165
0.228566540992408 0.102991598093651 -0.010802353542075 0.153674415434063
0.13525153806522 0.257857405440322 -0.0463014650542937 0.0413072194547441
-0.00861912250087724 0.238836600669431 -0.0152704979613649 -0.166090891128987
0.0898514870910926 0.210902996452489 0.0979653211512828 -0.171767356881249
0.181162018536973 0.102964540690282 -0.0014456465257245 -0.25002989537314
0.149268717044674 -0.0789717880400625 -0.134943006319087 -0.166511121450995
0.0196744299078042 -0.14898610768507 -0.161153029824788 -0.0232373569565689
-0.0851858043006051 -0.105790280643534 -0.10197606013906 0.0587112679165245
-0.110179838651143 -0.0392248615058003 -0.0560459764402142 0.0564271510059391
-0.0992010764326822 -0.015704870126809 -0.0346372440401502 0.00596892116496517
-0.0944203559905793 -0.0164827674098404 -0.0366083200686478 -0.0388472524731166
-0.117306643522706 -0.058000861794829 -0.0117842242939963 -0.10156802605246
-0.081705073257608 -0.127675383637871 0.0529837010630863 -0.138589745106142
0.0240004285488053 -0.153209214128226 0.150523883440085 -0.0398422630408841
0.16647014363403 -0.0783429731014833 0.120783633557478 0.0990520501419052
0.187986002735809 0.102660751865706 -0.0079053496888064 0.127815073573641
0.0935988391355448 0.221866425736432 -0.0628522746325428 -0.0294004233808168
-0.0372705202484779 0.166112718159884 -0.00460643209414202 -0.24800090569404
0.0349633939564338 0.169022421002498 0.100177875320925 -0.196879710976201
0.120495429206432 0.102214697976821 0.0402191782701101 -0.239891113143454
0.118799155565412 -0.0427679680520351 -0.0725837905206308 -0.195384336720292
0.0254658590307782 -0.10898299396391 -0.146949553530252 -0.0900763851217074
-0.0603388762560654 -0.0841909440255344 -0.137399813808771 0.0128677539107704
-0.0876052136195592 -0.0337408173027487 -0.099713281736118 0.0409756722617023
-0.0780986079471031 -0.0148059474288597 -0.073261449520957 -0.000764135511493304
-0.0745296505215102 -0.0137618941489679 -0.070224070213048 -0.0461143151551479
-0.0902262844481564 -0.0487676640648149 -0.0409532914172836 -0.114257783179079
-0.0587655977179395 -0.10617883700916 0.0336581848812365 -0.157961476563392
0.0322166550338889 -0.12076438783889 0.14651415017187 -0.0674863379297839
0.139601217167777 -0.0381985039080014 0.120466521722802 0.0766070704156368
0.125093854585176 0.103818038187536 -0.00797511545458319 0.102813576403091
0.0334506324044365 0.166697402818857 -0.0689607142969532 -0.0851170960156973
-0.051159368632857 0.0627716029549631 0.00480948928293034 -0.29009919069586
-0.0120836095222804 0.0887363862190573 0.0959412567571416 -0.205061572316851
0.0459688807629446 0.0672400536538503 0.0631517425847878 -0.222834903398316
0.0616681642081698 -0.00948434968995548 -0.0346138581767111 -0.204858900972506
0.0186991627575108 -0.0520592548119397 -0.135848846617209 -0.124724082645447
-0.0279375000694869 -0.0461955856981975 -0.159020821309047 -0.0154233469813537
-0.0495278540113715 -0.0219887672970204 -0.129295881864077 0.0293364872406957
-0.0464013218690787 -0.0120693153845902 -0.0992245920890672 -0.00776558902198148
-0.0466474053826488 -0.00903352961567987 -0.0931700809216029 -0.0544195563115228
-0.0557293726029709 -0.0340943573910947 -0.0571474847174948 -0.126476524407243
-0.0317981708851735 -0.075584516914194 0.0283679102765638 -0.17032108888041
0.0370735557599939 -0.0821366244796283 0.148800571168613 -0.0788332429527598
0.104664049005059 0.00204104349768389 0.118438549969702 0.0665937462596084
0.0542042117987567 0.0945037020280605 -0.00926905353074828 0.0850905080192155
-0.0288568600894929 0.0950152707727967 -0.0612175856565783 -0.119753851503456
0.060908812196536 -0.00887222188538348 0.0631528959477495 0.168092130357168
0.00491593292173184 -0.0497226278933708 0.0966972260269332 -0.0731271899403163
-0.0398155171984509 -0.0247302725768712 -0.0931058943039462 -0.105808230288239
-0.0234442379847794 0.022156805379304 -0.185513211598765 0.0464382901871105
0.000206820063425186 0.0190817476904819 -0.0689311926244419 0.179696124858681
0.0129349838549806 0.0103242610453114 0.0550550429515992 0.151052420974135
0.0157001519323315 0.00221602369445256 0.0970304476271431 0.0889779260702329
0.00381792455656529 0.000853830635326759 0.111521039489593 0.0340624182149127
-0.00467458325345437 0.0046464974871637 0.129834880789528 0.00657132996253729
-0.0140687807019147 0.00469414671390281 0.144340822408394 0.0357447547288
-0.00951969784890014 -0.0114740646663775 0.113523444762883 0.129955347623775
0.00474033365392683 -0.0228635290614722 0.00648978787289739 0.200315319256982
0.0310890235471064 -0.0251451298681117 -0.0896689017078731 0.186925565450888
0.0586286348003115 0.00874795630568527 -0.148284259852611 0.189820769018746
0.0707508665001501 0.0579785788626741 -0.0743103924567238 0.280758760564433
0.0739441167888763 0.0762913673004993 0.0315662433159615 0.162051224888989
0.0536644174980722 -0.00172215174770273 0.100998664849827 -0.0620110921372422
0.0171199165185648 -0.0263818767015333 -0.0894858827974235 -0.126057167487866
0.000884446228451755 -0.0168402131781468 -0.198634300496978 0.0288862221959201
-0.00918379644683167 -0.0267183202210673 -0.087463244799489 0.177691630340852
-0.0204108005491825 -0.0197715158500092 0.0447664187097016 0.157954554247715
-0.0211424043105625 -0.00982745280297776 0.0899674790091223 0.0914834540761872
-0.0346203001683955 -0.00967810837805043 0.102792498383672 0.0346320822618494
-0.0433390549793364 -0.0134328401044845 0.116367143521608 0.00111211700615635
-0.0529760109318577 -0.0348999920223437 0.136671329971977 0.013288233377682
-0.0140304475711718 -0.0705322150618794 0.127514597526702 0.0936886283520833
0.0513545660406128 -0.0637264016581955 0.0446240386382354 0.186525093832333
0.106078073375458 -0.00722200684587287 -0.051871929115511 0.195853632849469
0.108155837999138 0.0878580725694804 -0.117519878699243 0.185412577270904
0.0791364673037404 0.165793904382535 -0.0629173253344121 0.244483721200018
0.0647267685248221 0.159706891649563 0.000936467881699937 0.121543024776294
0.0938678583509165 0.0658707026576645 0.105636152327785 -0.0635300482817366
0.0849403118926222 -0.00668989780770121 -0.0784501973519427 -0.1586409425457
0.0436408581491489 -0.0553125688627301 -0.208215645709886 -0.00816264017335241
-0.00929741106507824 -0.0784867916495941 -0.112844720423478 0.157540748310967
-0.0504139160408103 -0.0549437009965659 0.0196496991633997 0.152863526765813
-0.0577911268116553 -0.0238423821706015 0.0687812160661166 0.0897436060187602
-0.0673726591812881 -0.0187124045118958 0.0802497495598503 0.031291685506038
-0.0740054872182312 -0.0257793197530022 0.088694518929122 -0.00908862655448339
-0.089006823242898 -0.0611968058010877 0.114548070502861 -0.01968283850623
-0.035545220349956 -0.116297489634061 0.133381156779863 0.0345257211842656
0.0665179966090516 -0.114008402620768 0.0962346458262635 0.149309901106604
0.166087129950081 -0.0273613233567424 0.00130361372913838 0.196206526322693
0.16707131858713 0.127684487259314 -0.0830761257004336 0.177618684166638
0.0972924959257374 0.240063620735448 -0.0529447231353755 0.182289572403679
0.035080152348067 0.221700105848844 -0.0199000713806842 0.0479063350761989
0.110692664571753 0.140389570071703 0.10757583024557 -0.078202333296006
0.148393356002373 0.0352116464011006 -0.0535957515030857 -0.194021185951239
0.0980131468342994 -0.0802563995888337 -0.200880215872239 -0.0619400791466403
0.00331088847949976 -0.124430045431035 -0.138019593667611 0.111770203424993
-0.071424810812943 -0.0883936260964252 -0.0177251014468654 0.13115749620382
-0.0869216082371318 -0.0377487944688087 0.0335973642437418 0.081251976373908
-0.0894062595489019 -0.0250610313621067 0.0464776394629441 0.0237072623764627
-0.0923130123502627 -0.0305879561396742 0.0512238104641371 -0.0198147672120265
-0.112537390298305 -0.0727747525909112 0.0791587899298095 -0.0517045437383302
-0.0602721003967018 -0.140273562867417 0.120504006015252 -0.0290165480822162
0.0557516273354103 -0.151040785369174 0.135371237677962 0.091332715456462
0.193837080006503 -0.0610500817730999 0.0519673250112852 0.175642532108204
0.207313023732737 0.132664565651333 -0.0557196766012857 0.163647521027465
0.110527794212492 0.271977481308276 -0.0534347494021996 0.105570084671604
-0.00458390622694985 0.246046318751083 -0.023544367614415 -0.0501584110064146
0.0951790499753169 0.19752104911358 0.106080995040581 -0.106436799561083
0.177166883098405 0.0871314184013888 -0.0161424070930697 -0.217406513137824
0.142510917785394 -0.0783856916816398 -0.162847652753871 -0.120296715460657
0.0240512712402189 -0.147497835606311 -0.149301328399486 0.0394800436831959
-0.0765530298035037 -0.110099033282726 -0.0600605535077535 0.0902933761081579
-0.102324516333745 -0.0475488654173052 -0.0111175466267141 0.0667094558235202
-0.098934728659029 -0.0281601327732345 0.00570780342114279 0.0142218481046316
-0.0966073991985377 -0.0308522378492741 0.0105950564794326 -0.0292003810878533
-0.117846522139476 -0.0735898286357512 0.0391089537399864 -0.076254851162153
-0.0714334945538114 -0.143571282631547 0.0935401779359448 -0.0826188879106614
0.0419112069851616 -0.160115847287941 0.150588938282702 0.0301337844370982
0.190035159424549 -0.0755062245729654 0.0848195740696166 0.143295507531989
0.207189154758565 0.124203999579265 -0.0398513487454122 0.141920186559288
0.101444479878367 0.263136244146967 -0.0612428582247154 0.0263029063973455
-0.0395226789263005 0.219018017051648 -0.00937656678847856 -0.148950953963523
0.0532408113763244 0.206551496393914 0.107711804597115 -0.139443358265759
0.154766021129117 0.120750630941555 0.0272584915087331 -0.221482306798626
0.151103232159973 -0.0530168664776345 -0.102201032390916 -0.163679764235439
0.0399687891053982 -0.137282357977227 -0.141034105828696 -0.0372680600777659
-0.0651537541931227 -0.109642521642077 -0.0986779092565697 0.0399040761578946
-0.0994364838220519 -0.0498864234873209 -0.0578887144044519 0.0476701093051104
-0.0927905868706689 -0.0278763316114073 -0.0351945555293646 0.00269350383686299
-0.0872797634075257 -0.0276585265928297 -0.0285178568866669 -0.0397458470778855
-0.104604189047541 -0.0679848144485209 0.00291946851383785 -0.0942957606246224
-0.0638972561360263 -0.130608190681476 0.0669458562770322 -0.118624266648897
0.0389965722262052 -0.143477939766186 0.150658088188362 -0.0152897009548518
0.168302492877438 -0.0580279258649168 0.0984682056263986 0.11196084519823
0.168457790529769 0.119314163828261 -0.0317261805205645 0.117682659337922
0.065522272968368 0.224419389026084 -0.0669302176943429 -0.0432762728638247
-0.0562383414912351 0.148288825909654 0.0137906021964721 -0.227496189662476
0.00900900618444748 0.160332832839071 0.111969917396797 -0.165591943685595
0.0988341576387415 0.111313296498334 0.0628208405526112 -0.209348974100878
0.117144525746869 -0.0226964031277223 -0.0413152573940581 -0.18433538374453
0.0391787482532546 -0.0990738430395779 -0.122371932651333 -0.0983045357967232
-0.0440106363860877 -0.0861677308256061 -0.127688185504771 -0.00646767721396391
-0.0782643742235802 -0.0417857753604892 -0.0976784254648351 0.0286420851323132
-0.0736641802200951 -0.0247937619107188 -0.0701169750460382 -0.00863896025368418
-0.0686860081589022 -0.0220949575760365 -0.0607176618283165 -0.0500204686272261
-0.0793950775114887 -0.0564110728911326 -0.023970861506799 -0.11051197426197
-0.0438998198453306 -0.107197647615306 0.0507537896079643 -0.142361265202564
0.0427967500462181 -0.111469482813435 0.149334973341943 -0.0437572605373377
0.137889300773408 -0.022435364385831 0.102159892981917 0.0894562114254007
0.10787822597498 0.113186817762697 -0.0266443396344461 0.093365263791469
0.0133581993963029 0.164459851163425 -0.0631902681097904 -0.0958703129156066
-0.0555922147948501 0.0504200737396699 0.0309980105832481 -0.268976843178388
-0.0229386269036999 0.0790829033624004 0.109993344875315 -0.178634075589297
0.0341023753563372 0.0687300728116499 0.0827607784084928 -0.195859527363479
0.0589162496279831 0.000294395408676676 -0.00590414021747742 -0.192016812656468
0.0250313772156796 -0.0467316340108409 -0.110026382569543 -0.130751487892098
-0.0184306732527191 -0.0462442094959276 -0.144919842896084 -0.0332318261838982
-0.0439749679742358 -0.0260144133276458 -0.124764886747707 0.0140248770095708
-0.042636405245319 -0.0172384138928705 -0.0942598007345665 -0.0184118282724103
-0.0422036357777487 -0.0144145187081942 -0.0818377781867637 -0.0618536566518278
-0.0486473032621428 -0.0380882847961101 -0.0392679889212809 -0.125593676096881
-0.0222606136116423 -0.0741914813674124 0.0470386791515875 -0.156081924616208
0.0429468360226281 -0.0734522040234119 0.152487003660109 -0.0560697288539252
0.099614319450585 0.0120701740518294 0.103255037710352 0.0790351329213801
0.0407483023464648 0.0960673832192177 -0.0217763060782429 0.0772514258630188
-0.03835364602095 0.0881172319396323 -0.0470507480973078 -0.127017109516826
0.059036743233321 -0.00767804161538791 0.0592510505207293 0.162598497846476
0.00556628233271618 -0.0475585578321663 0.0971810674360172 -0.0710259252151131
-0.0382985751355905 -0.0244623675677581 -0.0877526787753344 -0.107052266025363
-0.0230080553506499 0.0217884733301584 -0.181457059148336 0.0412913255219365
-0.000368164812630806 0.0190056374332086 -0.0706984151805919 0.173710927041393
0.0120570070309972 0.00992681717607086 0.0501220995210533 0.147494529464515
0.0149711078516475 0.00158247989568262 0.0932397225808254 0.0883264861960377
0.00288826227964572 0.000658655151760871 0.108926257813673 0.035142646011304
-0.00498720165987033 0.00448276763372255 0.126513282290844 0.0081817617511437
-0.0137837694665627 0.00415760785078316 0.139990648803895 0.037912809476702
-0.00965237347788307 -0.0115017035215238 0.108744195723291 0.129746879720971
0.00480276513334456 -0.0219266795165398 0.00124734074309039 0.196603228543861
0.030865116405093 -0.0232526561138474 -0.0933314875278352 0.179487557411487
0.0573401824939536 0.010586927387667 -0.150504271862987 0.181323887966151
0.0667738202165774 0.0577932527932634 -0.0796628196596004 0.270173045300649
0.0695617475234649 0.0756586028604327 0.0289835829100317 0.156336852770665
0.0521923051825288 -0.000352538858420144 0.101667792405004 -0.0600699707249122
0.0166730339685267 -0.0245333971130905 -0.0830311011373704 -0.125814526253141
0.00138464300695096 -0.0159745837869763 -0.19412557655436 0.0234189111418325
-0.00910806242144832 -0.0262019421612532 -0.0886059476909727 0.171713128083626
-0.0191576866339876 -0.0194108711538573 0.0402215184838014 0.15383101637474
-0.020577295915669 -0.0109170829661155 0.0863109184148477 0.0908104067955031
-0.0339718010698427 -0.0101664402783267 0.100848156078099 0.0352045259775147
-0.0423369330151777 -0.0137867682342194 0.113913313642388 0.00314853352373554
-0.051029750923836 -0.0348026349909891 0.13326457116222 0.0152836816699079
-0.0130862522099742 -0.0688241846442432 0.122567686837095 0.0943884993480139
0.0507478607963723 -0.0610656729269854 0.0394542090889225 0.183437260395462
0.103952016092955 -0.00394845926629373 -0.0562495812600163 0.189128937250851
0.10405232428262 0.089000346240312 -0.120356521413516 0.177420688430601
0.0738140275659805 0.16270346044656 -0.0667968595312231 0.234537053226654
0.0585730388144557 0.156009400973653 0.000794895890873476 0.117281382461272
0.0886757035270406 0.065690146205376 0.107300237315583 -0.0603666718324622
0.0826919396319156 -0.00439031737014166 -0.0713983738388974 -0.15751881502712
0.0429529910562306 -0.0522479588010174 -0.203238119537224 -0.0134543921259565
-0.00807343186119154 -0.0757688610048335 -0.113267595098097 0.151194611052418
-0.0483584865599578 -0.0535743153120947 0.016243166379149 0.148939913744046
-0.0550283697172831 -0.0249655848735425 0.0647930467980776 0.0884583168931234
-0.0655761316196982 -0.0199328346109524 0.0784381550224602 0.0311221470179083
-0.0720958746345073 -0.025839193090133 0.0874357576530552 -0.00704371668101221
-0.0858395463845945 -0.0598995925169883 0.112087257552912 -0.0172832703214163
-0.033884892095004 -0.11309615365792 0.128835655575297 0.0373598753084302
0.0657323743732569 -0.109230979537132 0.0906536667398833 0.14824411234979
0.163079548925027 -0.0231093457163735 -0.00336682413485681 0.190435870047865
0.160620609898794 0.128658700050546 -0.0861349838622426 0.1705249081211
0.0906800604864728 0.23495988637192 -0.0557107655066104 0.17410858489765
0.0280554556465856 0.216212050208371 -0.0176989712259363 0.0457995543966226
0.103881053026846 0.138640795615981 0.109427510543329 -0.0740398208451778
0.143573638350794 0.0376300148778448 -0.0463306756029915 -0.190545953473094
0.0965687536799255 -0.0761472301410127 -0.19452258366197 -0.0656344855422297
0.00428331397221832 -0.120334683325175 -0.136936835595162 0.104417875509459
-0.0679793352149546 -0.0864933735214797 -0.0198580485651118 0.126660752093996
-0.0831077379538793 -0.0384309814388875 0.0306894400127833 0.0799712797166975
-0.087220668201615 -0.026667764655739 0.0450281216241879 0.0240465066008789
-0.0899168823368362 -0.0312759600852205 0.0510986014738112 -0.0178017584964725
-0.108909619398136 -0.0706819340578665 0.0783069095907163 -0.0483761479717242
-0.0579875116831413 -0.136814340284179 0.117443834918608 -0.0244159762065881
0.0566008971701742 -0.144786786813004 0.129835461423279 0.09250805900876
0.190447881894418 -0.0554905542986733 0.0465251761379442 0.172238009679979
0.199589225303188 0.134031622471909 -0.0590982109391743 0.156547524007088
0.102817401948362 0.265954062868775 -0.0548073423125918 0.0990170423805044
-0.0110287364254024 0.238106245696728 -0.0196659051517667 -0.0484730176535398
0.0878378713416537 0.193433938896446 0.108518757214689 -0.100616107938598
0.171204898558206 0.0889608341209476 -0.00977052445448012 -0.21186238370914
0.139991896203885 -0.0735563520590741 -0.155846471689802 -0.122067964511574
0.0245380625658839 -0.142969857062026 -0.146997852299753 0.0349067062353546
-0.0722378208277842 -0.107071036910635 -0.0601976844403311 0.0867604732872635
-0.0982671232790035 -0.0478756175539977 -0.0126850164836531 0.0647728644132578
-0.0953839364559589 -0.0301543027250653 0.00545971428939431 0.0141592710817983
-0.0930502782248061 -0.0318380023205263 0.0112400900344035 -0.0282310576589184
-0.113874036211135 -0.0715019380053285 0.0398064000582996 -0.0732935556450612
-0.0689361538949003 -0.139778936727296 0.0915045712320522 -0.0772408276528875
0.0426934760221737 -0.154097755261679 0.146092982728622 0.0336534124890894
0.186163809527825 -0.0699188477648515 0.0803087918151412 0.141160668164094
0.199793763405161 0.125253388272651 -0.0430016661377412 0.136817962671497
0.0951387659915886 0.257019501023393 -0.0610372861034803 0.0226985181386409
-0.043644116693096 0.211334496042085 -0.00362629624196025 -0.1451273285555
0.0471938513878365 0.20079823827274 0.110244048368992 -0.13248503581901
0.149236586368351 0.120559234128817 0.0323962263056126 -0.214010917647669
0.147755434873139 -0.0486212858404837 -0.0951652245489265 -0.163144992845339
0.039995449124507 -0.132472859079459 -0.136545826868774 -0.0404174454429213
-0.0614536707249465 -0.106777830838273 -0.0966902981118025 0.037255649843586
-0.0948164733679436 -0.0495186791913907 -0.0574096965977245 0.0458361903869735
-0.0901271692351885 -0.0297143106654991 -0.0344157902926142 0.00263981996100575
-0.0841892009521616 -0.0292188733736364 -0.0267542937061073 -0.0381081842152913
-0.101188161625781 -0.0665023538186362 0.0044192789803639 -0.0915816136694486
-0.0612399559003621 -0.127154286512404 0.0664871017435379 -0.113376230887923
0.039841616669365 -0.137738051298572 0.147563232757092 -0.0117082930599825
0.165373820156042 -0.0536023286752928 0.0946550509570418 0.110808553643283
0.161931440931577 0.118326923188207 -0.0344693349780441 0.112849901768778
0.0603781583548045 0.218466036371497 -0.0661429567993768 -0.0443932233077007
-0.0586877317576078 0.142299643125623 0.0188947429421192 -0.220401390819297
0.0045156521486466 0.155157888667463 0.113504334252432 -0.157143051812083
0.0938246356789916 0.110740585071815 0.0668692548157859 -0.201438617927172
0.114375905200474 -0.0199605844048836 -0.0353515023181657 -0.18225158141657
0.0391002423913809 -0.0953158193717352 -0.117332560013676 -0.0993978992236479
-0.0410159207121001 -0.0831959098894229 -0.123810731237984 -0.00777672540741137
-0.0745114644131916 -0.0413672372446319 -0.0957749071640036 0.0269320239420917
-0.0711375957562678 -0.0262475511806049 -0.0685586707417285 -0.00919478163854256
-0.0657447366769654 -0.0235235818928423 -0.0575563006590143 -0.0493806256002565
-0.0769100421405441 -0.0553708332244744 -0.0214505412991189 -0.107453460552993
-0.0423468667092874 -0.104307445544904 0.0511775260213236 -0.136042551802492
0.0427765207071953 -0.106767926727708 0.146553668475627 -0.0391456659133611
0.13500324503243 -0.0199207552232415 0.0984865511339286 0.0886635908778711
0.102677337932069 0.111797111926205 -0.0288299003277308 0.0901326366582513
0.0101661270119544 0.159084673015612 -0.0604469604299272 -0.0945422463990015
-0.0557574795967692 0.0473413303370625 0.0368534068852557 -0.259578422619136
-0.0249663885416413 0.0754293528172399 0.112437461225334 -0.16960827440674
0.0318688394827559 0.0673768814103665 0.0849803713775933 -0.187649970965223
0.0566927805392492 0.00133207011675246 -0.00126433805581766 -0.188115845166322
0.0242515646153623 -0.044328036168676 -0.104850275964448 -0.13058709957942
-0.0166646373118919 -0.0442921695013828 -0.140790483293856 -0.0346288959948493
-0.0421391377903642 -0.0251666023333901 -0.121391118145823 0.0129193863546243
-0.041248181517745 -0.0184724731730181 -0.0920937209833546 -0.0186414599070134
-0.0402875916412704 -0.0152391851071352 -0.0780655830871678 -0.060331150039635
-0.0464692424007904 -0.0372198665362576 -0.0354725994910544 -0.122359855885883
-0.0206056553622749 -0.0722603747059192 0.0477227485386405 -0.150297273792216
0.0429488827913088 -0.0702118421879945 0.150052298277883 -0.0507276217837646
0.0967100752221263 0.0128145581419506 0.0995532933338924 0.0795677308513088
0.0380552328668358 0.0941944445372491 -0.0245421764848256 0.0741009205617339
-0.0390617174251359 0.0848550795266593 -0.0441768474947529 -0.123486818648642
0.0589787305306982 -0.00570477261193417 0.056022389276487 0.164562798143125
0.00650728952336989 -0.0471284783459503 0.100824744520347 -0.0706118473472104
-0.0378177159759935 -0.0256292180250869 -0.0846938153852063 -0.112432397812331
-0.0237321096472166 0.0215227113262178 -0.18404391428225 0.0359864741791162
-0.00140074019278854 0.0191030752965414 -0.0760893372216422 0.174388106073795
0.0121964396778437 0.00972031928751717 0.0467070328896398 0.14998474947956
0.0144327804699966 0.000795669326008195 0.0925665197127828 0.0920226583625991
0.00155161254781792 0.000950031075918234 0.109920711616298 0.0372974934620279
-0.00537923252662474 0.00482596285423564 0.127402908881812 0.0109635656012859
-0.0145056774813741 0.00465696316336551 0.14045538524159 0.0411877806272021
-0.00903222778276451 -0.0115689129745441 0.106914356846968 0.135148055076791
0.0059018506849184 -0.0217475020300691 -0.00477833761064292 0.198642767122237
0.0319974178480733 -0.0217650843048027 -0.101937041801346 0.177364288156995
0.058410195867083 0.0130371771868052 -0.158632355039097 0.177889923373666
0.0656586419679453 0.0601258657174089 -0.0889403300349177 0.2691213745205
0.0672873063408031 0.0781291464969352 0.0258914608912652 0.156918318257407
0.0520962244682074 0.00165272262124217 0.106006726702101 -0.059127841793779
0.0176422050908431 -0.023920776824373 -0.0792630946513049 -0.131492526546994
0.00171357796227616 -0.0152994434143923 -0.196913710600386 0.0179445253607301
-0.00965384145593363 -0.0262945538803151 -0.0943065674052691 0.171179417592097
-0.0188557531380397 -0.0204317931880836 0.036628615123304 0.155787552827502
-0.0202835078636063 -0.0122503740950563 0.084466828444943 0.0940471976237603
-0.0343746544267926 -0.0114550189857761 0.101738719562418 0.03805002475954
-0.0431508164570863 -0.0147059556918832 0.115894449330605 0.00549296751384252
-0.0511845186611445 -0.0354130024735909 0.13467727734946 0.0185709819876316
-0.0123420670146111 -0.0694780922969391 0.121683182054827 0.100027007514772
0.0532633726832069 -0.0599439430167575 0.0342793824560535 0.187613599795936
0.105726067465658 -0.000832847627718578 -0.0644465612479866 0.188177059141555
0.103031320749565 0.0937675019157618 -0.128245287206129 0.174026542929052
0.0690639155889033 0.165889735718203 -0.0751979494914139 0.232671572832184
0.0538073709183745 0.158637207903704 -0.000453073628892638 0.117656895970064
0.0864779394780057 0.0692820871781459 0.112200645408722 -0.058613885667439
0.0839553998172371 -0.00185231552376182 -0.065976392981751 -0.162489159780176
0.045206405086417 -0.0514944252991518 -0.205046660686956 -0.0197579855494207
-0.00737134560009735 -0.0765290130788605 -0.119298988196318 0.148720992694047
-0.0479657765116398 -0.0549498994537422 0.0126470460110436 0.150128759938812
-0.0552966989225528 -0.0267283123719314 0.06269969736901 0.09175876956988
-0.0660571910738974 -0.0224053708782319 0.0789486542398139 0.0332294965593061
-0.0725255375461672 -0.0276967691461848 0.0889642288655847 -0.00467020671560295
-0.0859262985140694 -0.0618270477426462 0.113528232629618 -0.0141644900638556
-0.0324014579303121 -0.115201926118458 0.129003214456288 0.0428410221509978
0.0692454672787342 -0.107543167241212 0.0877670793724319 0.153237395825086
0.16580205575507 -0.0185747542446066 -0.0102854593123285 0.191843861300543
0.158512025008973 0.134979611008978 -0.0935205122702596 0.168621516613871
0.0841583409528588 0.239423258564105 -0.0618761239520121 0.172255849211938
0.0210763339254675 0.218796674652385 -0.0169594565293548 0.0457009085526904
0.0994379339528783 0.143223873066239 0.115715024167684 -0.0713916674422327
0.14420319174682 0.0424589789869823 -0.0396209535181349 -0.194120168219697
0.0993823979183536 -0.0737510587440439 -0.19433924787849 -0.0736077422779401
0.00649723853216658 -0.121257551090014 -0.142013685902586 0.101303519726562
-0.0668544159803853 -0.0880835821964745 -0.0231753457050973 0.127367572363036
-0.0830927799859798 -0.0413542745852292 0.0283680179599978 0.0818633907747285
-0.0880158690767556 -0.0294216399628322 0.0454638765466284 0.0252825148323527
-0.0899730975294438 -0.0344946693858154 0.0527911150350173 -0.016472322748384
-0.108667720369527 -0.0731591245500519 0.0808854063045467 -0.0470403089515235
-0.0566865966990493 -0.138766052296328 0.1184240336348 -0.0206790835820623
0.0609020739429613 -0.144494229402568 0.12852830450453 0.0976572849896756
0.194627161401504 -0.0512902159920453 0.0414067417711325 0.174941898469944
0.198475514702486 0.140699011889003 -0.0664987979266587 0.155479958968056
0.0968773816824309 0.270296283263596 -0.0591629289537837 0.0970563411054242
-0.0188789012611146 0.239589440508238 -0.0163874864073553 -0.0490599996648715
0.0812751542162148 0.197622948195896 0.115367312125155 -0.0973074898092225
0.17039461927635 0.0946649734298383 -0.0015234146625865 -0.213814447463647
0.142796024447136 -0.0699161608604211 -0.153769185281635 -0.129360660396159
0.0272802856960244 -0.142796644087521 -0.14989963628429 0.0298308011348879
-0.0702006339494819 -0.109084331480499 -0.0628381551420392 0.0851361565102407
-0.0966584837410441 -0.0513262561567929 -0.0150312943178181 0.0655158953518154
-0.0963112102415016 -0.033212449556213 0.00501982287709857 0.0146946375923549
-0.0932640883890517 -0.0345901015747556 0.0125373269670896 -0.0274237035784717
-0.113200948775877 -0.0737706112213613 0.0421965435319015 -0.0726858505590361
-0.0681812458965207 -0.14166087206859 0.0946040483692892 -0.0740896521628227
0.046899476618598 -0.153301434096336 0.146480510443157 0.0386335184711692
0.189912059496368 -0.0655343646480867 0.0760289808384663 0.144460270816016
0.199090930872561 0.131224141600886 -0.049548209489866 0.136028132155733
0.0883382009258308 0.260729150017927 -0.0636698342696734 0.0201876424338856
-0.0513851864261946 0.21212103169325 0.00239353219975317 -0.145379123200571
0.0404147159662824 0.203820794993013 0.117350342015587 -0.128357524329782
0.147672963334684 0.125581463386389 0.0406340279772773 -0.213790643643324
0.150140252963824 -0.0445813202807639 -0.0905707620483059 -0.168795937976601
0.0423178229716956 -0.131873223497228 -0.137591325527688 -0.0462646231411599
-0.0586368144915835 -0.108179608203789 -0.0990144334669365 0.0352503923456035
-0.094184317703402 -0.0518002893520368 -0.0596679473411528 0.0455158594029117
-0.0908970233293914 -0.0332595855513081 -0.0348878295192022 0.00231763789141764
-0.0843740727503696 -0.032029100876816 -0.0250193050181925 -0.0387691103758553
-0.100506780718049 -0.0682965952889274 0.00700809660335427 -0.0920450425918564
-0.0601307248266271 -0.128762050223081 0.0700013068503969 -0.111156370522292
0.0432348271036973 -0.137139185766241 0.149481855124525 -0.0072190212525026
0.168047692167131 -0.0495312099249131 0.0920913757956177 0.114272274125226
0.160701362027989 0.123607863926267 -0.0403166511634662 0.112878407270514
0.0549531690281964 0.22062732175774 -0.0668571496114161 -0.0471172417401971
-0.0647533724337173 0.142020622583487 0.0281412307336159 -0.220597988381163
-0.000966948840210793 0.156265874657342 0.121366248077945 -0.15393312069295
0.0919286939917108 0.113737627709306 0.074809681431454 -0.199834995498572
0.115657512283678 -0.0167693870352864 -0.0295337511532617 -0.186173814363957
0.0409615285455627 -0.0946411494265989 -0.115792271587166 -0.104904520950653
-0.0389239160025107 -0.0839592413216271 -0.12507238933498 -0.0110165109654559
-0.073956136309716 -0.0430682094763602 -0.0976636083326391 0.0259995020901676
-0.0716374153298938 -0.0282900382265434 -0.0695507522808081 -0.00992419673683113
-0.0650374664944345 -0.0259942038680451 -0.0560149597517446 -0.0510454552842672
-0.076107575700784 -0.0564328996993379 -0.0189410420797723 -0.108539522905132
-0.0404052170080074 -0.104996191582325 0.0551043609306447 -0.134595391993974
0.0458069871731237 -0.106024116383515 0.148980089315833 -0.0348700822049863
0.136820523256558 -0.0162468894528793 0.0970543306711792 0.0933120358632653
0.100840710011358 0.115619546520153 -0.0343466726973889 0.0901125257052461
0.0059043582952993 0.159878388215515 -0.0598261857077605 -0.0973973041347755
-0.0586041733864725 0.0462637954493795 0.0468840425496837 -0.260313377063291
-0.0279013580801916 0.0751304404001951 0.119528045574265 -0.16526356699507
0.0303847241264382 0.068177188834532 0.0933382817366788 -0.185725019354665
0.0572813242222393 0.00269344090111477 0.00559586001050907 -0.192000668552621
0.0251854662348946 -0.0437102852110078 -0.101649169273586 -0.135897536336555
-0.0152617425885684 -0.0447810727714829 -0.141768112099561 -0.0380313040959891
-0.0407984252172274 -0.0260480470294337 -0.122744357849307 0.0113378001397562
-0.0417908827625647 -0.0199162908192577 -0.093083901648124 -0.0203767863033351
-0.0391544000663056 -0.0171440881437623 -0.0771463170916293 -0.0625740219388213
-0.0460084993001681 -0.0382093074271843 -0.0329615576138587 -0.123807905451814
-0.0196068691010893 -0.0728631981921724 0.0524565331493963 -0.149593014297482
0.0442372188711313 -0.069412658690734 0.152833975390592 -0.0464328460370001
0.0966632412232852 0.0162729454473592 0.0981683746146003 0.0831960983205157
0.0358104181120278 0.0962456987228598 -0.0281778728146349 0.0743454099284615
-0.0417060518749322 0.0836782782265652 -0.0420163335140883 -0.124853222580879
