TRXV5
3
4
4
9
string Extension=J
integer IsArchMeasurement=1
integer IsSpherical=1
string Generator=SPM
string GeneratorVersion=1.3.1 Dev
double ArchRadius=0.449999988079071
integer FrequencyAxisIndex=0
integer AzimuthAxisIndex=1
integer ElevationAxisIndex=2
Frequency
5 136 690000000 960000000 LIN
Azimuth
7 8 0 2.74889357189107 LIN
Elevation
7 15 -2.74889357189107 2.74889357189107 LIN
Polar H Real Part
13
Polar H Imaginary Part
14
Polar V Real Part
13
Polar V Imaginary Part
14
Polar H Magnitude (dB)
12 0xC0000002 0 1
Polar H Phase
7 0xC0000003 0 1
Polar V Magnitude (dB)
12 0xC0000002 2 3
Polar V Phase
7 0xC0000003 2 3
0.129158020019531 -0.0435104370117187 0.339599609375 0.029052734375
0.0768356323242188 -0.11907958984375 0.181915283203125 -0.0673065185546875
-0.0589675903320313 -0.0920333862304688 -0.0760955810546875 -0.0369949340820313
-0.0895004272460938 -0.0115203857421875 -0.104629516601563 0.143753051757813
-0.0656547546386719 0.0255317687988281 0.0295867919921875 0.222930908203125
-0.0546340942382812 0.0506973266601562 0.194442749023438 0.223556518554688
-0.0245361328125 0.0549049377441406 0.309417724609375 0.14532470703125
-0.0378265380859375 0.0459213256835937 0.330535888671875 0.088470458984375
-0.0616035461425781 0.0385932922363281 0.2969970703125 0.1021728515625
-0.0722274780273437 0.00687408447265624 0.21661376953125 0.162094116210938
-0.0527496337890625 -0.0409431457519531 0.117401123046875 0.157394409179688
-0.0149993896484375 -0.0713348388671875 0.035736083984375 0.106338500976562
0.070343017578125 -0.06341552734375 0.0797348022460938 0.051116943359375
0.141876220703125 0.0066375732421875 0.300537109375 0.12249755859375
0.14459228515625 0.0806884765625 0.3328857421875 0.400787353515625
-0.045562744140625 -0.1617431640625 0.349273681640625 0.016845703125
-0.102218627929688 -0.169143676757813 0.189285278320313 -0.0775604248046875
-0.196578979492188 -0.0599212646484375 -0.043792724609375 -0.0451202392578125
-0.178009033203125 0.086090087890625 -0.0715866088867188 0.1187744140625
-0.079315185546875 0.1429443359375 0.0433197021484375 0.180038452148438
0.0173797607421875 0.169723510742188 0.195541381835938 0.185501098632813
0.0841827392578125 0.130126953125 0.293609619140625 0.106201171875
0.0588912963867188 0.112663269042969 0.31353759765625 0.052642822265625
0.0454483032226562 0.12060546875 0.29034423828125 0.070526123046875
0.0100860595703125 0.120361328125 0.223846435546875 0.140121459960938
-0.0370635986328125 0.0882720947265625 0.130615234375 0.135520935058594
-0.0668258666992188 0.0574722290039062 0.0626983642578125 0.0987319946289063
-0.0712051391601563 0.00249481201171876 0.128959655761719 0.0645675659179687
-0.0470809936523438 -0.0246620178222656 0.332000732421875 0.153076171875
-0.0461540222167969 -0.0163154602050781 0.353118896484375 0.431732177734375
-0.218551635742188 -0.248779296875 0.3123779296875 -0.026214599609375
-0.271224975585938 -0.17999267578125 0.165008544921875 -0.094970703125
-0.30535888671875 -0.00543212890624997 -0.0153121948242188 -0.0490951538085938
-0.234420776367188 0.178024291992187 -0.0320358276367188 0.0832138061523438
-0.07513427734375 0.241897583007813 0.053436279296875 0.116531372070313
0.089263916015625 0.260223388671875 0.172332763671875 0.120834350585938
0.180007934570313 0.183822631835938 0.23529052734375 0.0511322021484375
0.146652221679688 0.163558959960938 0.248687744140625 0.00732421875000001
0.148239135742188 0.188751220703125 0.238204956054687 0.0266876220703125
0.0882720947265625 0.224212646484375 0.195663452148438 0.094085693359375
-0.0229339599609375 0.213119506835937 0.126815795898438 0.0887832641601563
-0.121871948242188 0.184249877929688 0.0892562866210938 0.0736618041992188
-0.2166748046875 0.060150146484375 0.171737670898438 0.07635498046875
-0.23419189453125 -0.065643310546875 0.319366455078125 0.175445556640625
-0.229690551757812 -0.121200561523437 0.3173828125 0.419830322265625
-0.368377685546875 -0.2861328125 0.2281494140625 -0.0825042724609375
-0.41131591796875 -0.146240234375 0.111869812011719 -0.106666564941406
-0.371002197265625 0.0730285644531251 0.00777053833007811 -0.0469932556152344
-0.245101928710938 0.261123657226563 0.00897598266601561 0.0354042053222656
-0.046478271484375 0.30657958984375 0.0528106689453125 0.0369377136230469
0.1563720703125 0.309967041015625 0.122512817382813 0.0400009155273438
0.250076293945313 0.207061767578125 0.141189575195313 -0.00991821289062499
0.2117919921875 0.189697265625 0.14556884765625 -0.03814697265625
0.22625732421875 0.2298583984375 0.147750854492187 -0.024383544921875
0.150543212890625 0.29669189453125 0.1375732421875 0.0259170532226563
-0.011016845703125 0.31011962890625 0.105384826660156 0.0185012817382813
-0.1680908203125 0.285491943359375 0.107826232910156 0.03070068359375
-0.338226318359375 0.104248046875 0.198410034179687 0.076171875
-0.38702392578125 -0.106109619140625 0.264205932617188 0.1790771484375
-0.377288818359375 -0.209747314453125 0.230987548828125 0.363525390625
-0.470428466796875 -0.279510498046875 0.105087280273437 -0.138435363769531
-0.496826171875 -0.083038330078125 0.0344085693359375 -0.104156494140625
-0.384735107421875 0.150787353515625 0.0220985412597656 -0.0386848449707031
-0.215484619140625 0.314971923828125 0.0396995544433594 -0.0163917541503906
-0.00271606445312497 0.331634521484375 0.0355720520019531 -0.043487548828125
0.207855224609375 0.3101806640625 0.0506553649902344 -0.040374755859375
0.285736083984375 0.19854736328125 0.0249481201171875 -0.0640907287597656
0.243865966796875 0.186859130859375 0.0202789306640625 -0.0780868530273437
0.267990112304687 0.236679077148437 0.0314483642578125 -0.0757827758789062
0.185455322265625 0.321929931640625 0.0559120178222656 -0.0541343688964844
-0.00125122070312499 0.35455322265625 0.0685768127441406 -0.0648765563964843
-0.186920166015625 0.336151123046875 0.11566162109375 -0.0256500244140625
-0.40057373046875 0.125732421875 0.201614379882812 0.062957763671875
-0.4716796875 -0.129669189453125 0.171463012695312 0.162094116210938
-0.46240234375 -0.263397216796875 0.108078002929687 0.265426635742187
-0.50018310546875 -0.239776611328125 -0.0408782958984375 -0.1873779296875
-0.508056640625 -0.0215148925781249 -0.0545501708984375 -0.0889358520507813
-0.347930908203125 0.199249267578125 0.0245380401611328 -0.0265884399414062
-0.157684326171875 0.3216552734375 0.0512313842773437 -0.0666313171386719
0.039031982421875 0.308624267578125 0.00146484375 -0.112388610839844
0.226272583007813 0.26971435546875 -0.034759521484375 -0.104118347167969
0.278701782226562 0.160995483398437 -0.0956268310546875 -0.10345458984375
0.2381591796875 0.156021118164063 -0.108657836914063 -0.106964111328125
0.262802124023438 0.2064208984375 -0.08892822265625 -0.120193481445312
0.188812255859375 0.287200927734375 -0.0319290161132812 -0.133529663085937
0.010894775390625 0.328704833984375 0.025634765625 -0.144149780273437
-0.16827392578125 0.321258544921875 0.11065673828125 -0.080902099609375
-0.382354736328125 0.1226806640625 0.180068969726562 0.042572021484375
-0.46832275390625 -0.12713623046875 0.0583877563476562 0.127960205078125
-0.47564697265625 -0.265594482421875 -0.0297393798828125 0.146575927734375
-0.44891357421875 -0.178497314453125 -0.183883666992188 -0.2332763671875
-0.4398193359375 0.016387939453125 -0.14361572265625 -0.0764007568359375
-0.272293090820313 0.197402954101562 0.00911808013916014 -0.0153923034667969
-0.094573974609375 0.2747802734375 0.0438232421875 -0.104217529296875
0.0648651123046875 0.243133544921875 -0.0403289794921875 -0.158203125
0.206390380859375 0.193084716796875 -0.119461059570312 -0.145904541015625
0.229400634765625 0.10174560546875 -0.202163696289062 -0.122802734375
0.19537353515625 0.101394653320313 -0.219146728515625 -0.118499755859375
0.21380615234375 0.140579223632813 -0.192123413085938 -0.149002075195312
0.160018920898438 0.198226928710938 -0.10687255859375 -0.19439697265625
0.02569580078125 0.239669799804687 -0.011627197265625 -0.20068359375
-0.110946655273438 0.24383544921875 0.0995559692382812 -0.118988037109375
-0.285888671875 0.106781005859375 0.142349243164062 0.0242919921875
-0.379547119140625 -0.08941650390625 -0.053314208984375 0.0876846313476563
-0.4146728515625 -0.213531494140625 -0.158218383789063 0.03033447265625
-0.32403564453125 -0.0999145507812499 -0.3006591796875 -0.277435302734375
-0.3021240234375 0.0331726074218749 -0.219955444335938 -0.0773468017578125
-0.16741943359375 0.148590087890625 -0.0211257934570313 -0.00881195068359374
-0.034637451171875 0.18402099609375 0.0213165283203125 -0.125167846679688
0.06854248046875 0.146575927734375 -0.080230712890625 -0.178512573242188
0.149505615234375 0.0953216552734375 -0.18853759765625 -0.1617431640625
0.144271850585937 0.0319671630859375 -0.279037475585937 -0.122467041015625
0.121498107910156 0.0322418212890625 -0.2955322265625 -0.113983154296875
0.131912231445312 0.05096435546875 -0.260589599609375 -0.156463623046875
0.112289428710938 0.07720947265625 -0.155044555664063 -0.2239990234375
0.0468292236328125 0.113136291503906 -0.035858154296875 -0.222198486328125
-0.024383544921875 0.136650085449219 0.0857315063476563 -0.133171081542969
-0.140357971191406 0.0916671752929687 0.0988311767578125 0.0142364501953125
-0.238082885742187 -0.016998291015625 -0.13885498046875 0.05450439453125
-0.30078125 -0.1146240234375 -0.257354736328125 -0.0590972900390625
0.135810852050781 -0.0653839111328125 0.342742919921875 -0.011444091796875
0.0658416748046875 -0.143295288085938 0.176132202148438 -0.0942230224609375
-0.0776519775390625 -0.0948486328125 -0.08245849609375 -0.0334854125976563
-0.102195739746094 -0.000709533691406258 -0.095794677734375 0.153610229492188
-0.0706024169921875 0.0400619506835938 0.046478271484375 0.222396850585938
-0.0506515502929687 0.0703506469726563 0.2139892578125 0.208984375
-0.0169677734375 0.0702972412109375 0.323883056640625 0.11505126953125
-0.0325927734375 0.0620002746582031 0.339324951171875 0.054351806640625
-0.0599594116210938 0.05810546875 0.308502197265625 0.072235107421875
-0.0793685913085938 0.0232009887695312 0.234115600585938 0.141845703125
-0.0670852661132813 -0.0354766845703125 0.136703491210938 0.14837646484375
-0.0304718017578125 -0.07763671875 0.0503005981445313 0.109382629394531
0.0677261352539063 -0.08209228515625 0.0830764770507813 0.05462646484375
0.156845092773438 -0.0161285400390625 0.305389404296875 0.0997314453125
0.17047119140625 0.0642547607421875 0.3577880859375 0.377105712890625
-0.049896240234375 -0.167205810546875 0.35491943359375 -0.028167724609375
-0.116744995117188 -0.175735473632813 0.184295654296875 -0.106857299804688
-0.212173461914062 -0.050628662109375 -0.0493659973144531 -0.04766845703125
-0.181076049804688 0.104476928710937 -0.0634307861328125 0.123374938964844
-0.07293701171875 0.15802001953125 0.0573577880859375 0.174560546875
0.0322723388671875 0.179534912109375 0.211700439453125 0.165603637695313
0.09881591796875 0.13250732421875 0.30169677734375 0.074188232421875
0.0701217651367188 0.117645263671875 0.31817626953125 0.01611328125
0.056396484375 0.128372192382813 0.2991943359375 0.036468505859375
0.0144805908203125 0.127693176269531 0.241806030273438 0.114517211914063
-0.0383377075195312 0.0912399291992188 0.150466918945313 0.122512817382813
-0.0679359436035156 0.0566062927246094 0.079437255859375 0.0977401733398438
-0.0668449401855469 -0.00200653076171876 0.1378173828125 0.0624160766601562
-0.0350723266601563 -0.0291271209716797 0.34228515625 0.1273193359375
-0.0305862426757813 -0.0147857666015625 0.387664794921875 0.407684326171875
-0.231735229492188 -0.235565185546875 0.3189697265625 -0.069366455078125
-0.28582763671875 -0.16845703125 0.16009521484375 -0.123916625976563
-0.312713623046875 0.013946533203125 -0.0219650268554688 -0.0564460754394531
-0.226486206054687 0.201309204101563 -0.0260086059570313 0.0813369750976563
-0.0579986572265625 0.25360107421875 0.062957763671875 0.105880737304688
0.113616943359375 0.259780883789062 0.181243896484375 0.09796142578125
0.199172973632812 0.17401123046875 0.236312866210938 0.0213775634765625
0.163742065429688 0.157135009765625 0.247650146484375 -0.0254974365234375
0.166839599609375 0.182998657226563 0.24261474609375 -0.00634765624999999
0.106414794921875 0.22149658203125 0.211517333984375 0.06719970703125
-0.00968933105468748 0.216033935546875 0.145309448242188 0.07342529296875
-0.108795166015625 0.189849853515625 0.107513427734375 0.069580078125
-0.206344604492188 0.0700531005859375 0.185073852539063 0.06805419921875
-0.229339599609375 -0.0518341064453125 0.338348388671875 0.15093994140625
-0.228683471679688 -0.101974487304688 0.35699462890625 0.39971923828125
-0.388336181640625 -0.254852294921875 0.233657836914062 -0.119888305664063
-0.421356201171875 -0.115478515625 0.107261657714844 -0.131561279296875
-0.36798095703125 0.099456787109375 0.00178909301757811 -0.0587539672851562
-0.227264404296875 0.282684326171875 0.0109119415283203 0.0289573669433594
-0.02130126953125 0.3134765625 0.0555648803710938 0.0246162414550781
0.184600830078125 0.296234130859375 0.123687744140625 0.0187606811523438
0.27081298828125 0.18572998046875 0.135246276855469 -0.0321884155273437
0.23089599609375 0.173416137695313 0.139419555664063 -0.063995361328125
0.249984741210938 0.21221923828125 0.145828247070313 -0.05133056640625
0.178131103515625 0.285186767578125 0.147735595703125 0.00279235839843752
0.01409912109375 0.31231689453125 0.118659973144531 0.00267028808593752
-0.14276123046875 0.298583984375 0.124557495117187 0.022216796875
-0.324371337890625 0.127471923828125 0.215530395507813 0.063323974609375
-0.39044189453125 -0.0760803222656251 0.287811279296875 0.16156005859375
-0.389373779296875 -0.176361083984375 0.268707275390625 0.351715087890625
-0.493316650390625 -0.2337646484375 0.109268188476562 -0.163864135742188
-0.50103759765625 -0.0379943847656251 0.0329971313476562 -0.122047424316406
-0.37017822265625 0.183013916015625 0.0176429748535156 -0.0536041259765625
-0.186279296875 0.3333740234375 0.0364418029785156 -0.0273895263671875
0.0294189453125 0.329986572265625 0.0319175720214844 -0.0555648803710937
0.23529052734375 0.28704833984375 0.0440864562988281 -0.0569229125976562
0.304229736328125 0.16845703125 0.01409912109375 -0.07659912109375
0.2633056640625 0.163040161132812 0.00852203369140626 -0.091522216796875
0.292999267578125 0.21026611328125 0.0242996215820313 -0.0924072265625
0.219146728515625 0.300567626953125 0.0580520629882813 -0.0718154907226562
0.032928466796875 0.355621337890625 0.0732803344726563 -0.07989501953125
-0.15362548828125 0.35430908203125 0.127166748046875 -0.0374832153320312
-0.3851318359375 0.159515380859375 0.2197265625 0.0463104248046875
-0.48272705078125 -0.0894775390625 0.196441650390625 0.151718139648438
-0.4852294921875 -0.218170166015625 0.140182495117188 0.265365600585938
-0.5255126953125 -0.188018798828125 -0.03802490234375 -0.197799682617188
-0.508270263671875 0.0321655273437499 -0.052581787109375 -0.0971908569335937
-0.326812744140625 0.23260498046875 0.0219535827636719 -0.0421333312988281
-0.12347412109375 0.33685302734375 0.0447235107421875 -0.0794219970703125
0.07232666015625 0.301055908203125 -0.00710296630859375 -0.120674133300781
0.254196166992188 0.236862182617188 -0.0467987060546875 -0.113006591796875
0.29290771484375 0.12518310546875 -0.109992980957031 -0.102767944335937
0.253219604492188 0.12908935546875 -0.122329711914063 -0.105972290039062
0.28509521484375 0.174591064453125 -0.100921630859375 -0.124504089355469
0.220382690429688 0.26177978515625 -0.038116455078125 -0.142242431640625
0.045562744140625 0.32623291015625 0.0213165283203125 -0.155517578125
-0.132415771484375 0.338043212890625 0.114707946777344 -0.0938873291015625
-0.367706298828125 0.159454345703125 0.196624755859375 0.0251312255859375
-0.48236083984375 -0.08197021484375 0.0797805786132812 0.126976013183594
-0.503173828125 -0.216705322265625 -0.00827026367187504 0.158966064453125
-0.471954345703125 -0.1304931640625 -0.185256958007812 -0.227157592773438
-0.440185546875 0.06915283203125 -0.139884948730469 -0.0733642578125
-0.25079345703125 0.228347778320313 0.00811004638671873 -0.0284576416015625
-0.061676025390625 0.286529541015625 0.0342178344726562 -0.115020751953125
0.0952606201171875 0.2325439453125 -0.0547637939453125 -0.160995483398437
0.228973388671875 0.161041259765625 -0.13433837890625 -0.142974853515625
0.238204956054688 0.0678863525390625 -0.217620849609375 -0.1090087890625
0.205734252929688 0.0750579833984375 -0.2333984375 -0.103988647460938
0.229339599609375 0.10931396484375 -0.206756591796875 -0.140090942382813
0.183761596679688 0.174118041992188 -0.121002197265625 -0.19427490234375
0.0546722412109375 0.233993530273438 -0.02325439453125 -0.207412719726562
-0.0788421630859375 0.25592041015625 0.0974502563476562 -0.131118774414062
-0.269256591796875 0.137359619140625 0.155044555664062 0.00878906250000001
-0.391082763671875 -0.047149658203125 -0.036712646484375 0.0977096557617187
-0.444000244140625 -0.1666259765625 -0.14898681640625 0.05487060546875
-0.344940185546875 -0.0644226074218751 -0.30914306640625 -0.258087158203125
-0.30609130859375 0.072723388671875 -0.217330932617188 -0.0648040771484375
-0.153472900390625 0.17559814453125 -0.0214824676513672 -0.0179767608642578
-0.00901794433593751 0.193771362304688 0.00650787353515624 -0.133956909179688
0.0924758911132813 0.136909484863281 -0.098052978515625 -0.17437744140625
0.164703369140625 0.0691986083984375 -0.205520629882813 -0.148239135742187
0.147415161132813 0.0038299560546875 -0.293609619140625 -0.09735107421875
0.124885559082031 0.0108261108398438 -0.30877685546875 -0.088348388671875
0.137504577636719 0.0265274047851563 -0.275955200195313 -0.136947631835937
0.12335205078125 0.0542373657226563 -0.173370361328125 -0.216384887695313
0.0649948120117188 0.10211181640625 -0.051605224609375 -0.223739624023438
0.000328063964843757 0.138236999511719 0.0806427001953125 -0.1434326171875
-0.122627258300781 0.112197875976563 0.107398986816406 0.00406646728515626
-0.242904663085938 0.0157470703125 -0.127098083496094 0.0752944946289063
-0.32318115234375 -0.075408935546875 -0.259078979492188 -0.0235748291015625
0.1337890625 -0.0875244140625 0.3243408203125 -0.05059814453125
0.046356201171875 -0.160675048828125 0.158096313476563 -0.1162109375
-0.0960464477539062 -0.08990478515625 -0.0862503051757813 -0.028411865234375
-0.110054016113281 0.0128402709960938 -0.0836029052734375 0.157943725585938
-0.0699615478515625 0.0553092956542969 0.060089111328125 0.2132568359375
-0.0395050048828125 0.0862808227539063 0.223403930664063 0.187393188476563
-0.00373077392578125 0.0818405151367188 0.3211669921875 0.084625244140625
-0.0223617553710938 0.0738143920898438 0.3311767578125 0.023284912109375
-0.05035400390625 0.07562255859375 0.304443359375 0.04150390625
-0.0803146362304688 0.042083740234375 0.239166259765625 0.115325927734375
-0.0794525146484375 -0.0248641967773438 0.147979736328125 0.1317138671875
-0.0470504760742188 -0.0768356323242188 0.062835693359375 0.105499267578125
0.05718994140625 -0.0974273681640625 0.08544921875 0.0579452514648437
0.162094116210938 -0.04345703125 0.294586181640625 0.079864501953125
0.185791015625 0.0385589599609375 0.36474609375 0.341949462890625
-0.052642822265625 -0.16851806640625 0.337493896484375 -0.070098876953125
-0.129959106445312 -0.17608642578125 0.165664672851563 -0.130935668945313
-0.220245361328125 -0.0380859375 -0.0557098388671875 -0.0471649169921875
-0.176666259765625 0.119766235351562 -0.0552444458007813 0.122306823730469
-0.0618133544921875 0.16796875 0.066192626953125 0.162033081054688
0.0485992431640625 0.182418823242188 0.214767456054688 0.140670776367188
0.111053466796875 0.130195617675781 0.29400634765625 0.042724609375
0.0816497802734375 0.117637634277344 0.304412841796875 -0.017242431640625
0.0674819946289062 0.131607055664063 0.289886474609375 0.00289916992187501
0.0195159912109375 0.131546020507813 0.245132446289063 0.08428955078125
-0.03973388671875 0.093780517578125 0.162582397460938 0.102859497070312
-0.0695343017578125 0.0542869567871094 0.09423828125 0.0906982421875
-0.0622940063476563 -0.0102729797363281 0.142562866210938 0.0579986572265625
-0.0234031677246094 -0.0383682250976563 0.33831787109375 0.10137939453125
-0.0135936737060547 -0.0196876525878906 0.401123046875 0.368377685546875
-0.2327880859375 -0.216659545898438 0.303924560546875 -0.109649658203125
-0.289337158203125 -0.152679443359375 0.1422119140625 -0.147903442382813
-0.3089599609375 0.0308532714843749 -0.030303955078125 -0.0608558654785156
-0.210678100585938 0.21466064453125 -0.0218276977539063 0.0764236450195313
-0.0399169921875 0.2550048828125 0.0663070678710938 0.09222412109375
0.131927490234375 0.24822998046875 0.177642822265625 0.0739898681640625
0.209259033203125 0.158355712890625 0.223114013671875 -0.00506591796874999
0.173919677734375 0.145156860351563 0.230255126953125 -0.0550384521484375
0.177032470703125 0.1707763671875 0.23052978515625 -0.037200927734375
0.116958618164062 0.210601806640625 0.2137451171875 0.0364532470703125
1.52587890625095E-05 0.21014404296875 0.155136108398438 0.0521392822265625
-0.0954132080078125 0.186614990234375 0.120925903320313 0.0589447021484375
-0.190673828125 0.0727691650390625 0.193527221679687 0.0570220947265625
-0.213882446289063 -0.0423583984375 0.340667724609375 0.124542236328125
-0.21295166015625 -0.085235595703125 0.374542236328125 0.3634033203125
-0.384552001953125 -0.21844482421875 0.22265625 -0.15447998046875
-0.411590576171875 -0.0858459472656251 0.09344482421875 -0.152923583984375
-0.35107421875 0.118377685546875 -0.00814819335937503 -0.0669975280761719
-0.200103759765625 0.29052734375 0.00922012329101561 0.02117919921875
0.00189208984375 0.30560302734375 0.0526924133300781 0.0116386413574219
0.2005615234375 0.272079467773438 0.113845825195313 -0.00156402587890623
0.276718139648438 0.158859252929688 0.119361877441406 -0.0503158569335937
0.23858642578125 0.151947021484375 0.120559692382813 -0.083831787109375
0.259384155273438 0.186355590820313 0.132286071777344 -0.0748672485351563
0.194442749023438 0.261962890625 0.146728515625 -0.023345947265625
0.034820556640625 0.2999267578125 0.124320983886719 -0.0167083740234375
-0.1158447265625 0.29541015625 0.135963439941406 0.00904083251953127
-0.298980712890625 0.139251708984375 0.2239990234375 0.045806884765625
-0.374603271484375 -0.04876708984375 0.29736328125 0.136688232421875
-0.377777099609375 -0.13995361328125 0.29290771484375 0.324737548828125
-0.488494873046875 -0.183990478515625 0.104248046875 -0.1875
-0.47930908203125 0.00201416015624998 0.0251388549804687 -0.137664794921875
-0.341278076171875 0.201629638671875 0.00843811035156248 -0.0646858215332031
-0.15252685546875 0.33349609375 0.0304641723632812 -0.0372657775878906
0.05322265625 0.312835693359375 0.0238113403320312 -0.0656242370605468
0.247909545898438 0.252365112304688 0.0311203002929688 -0.0688133239746093
0.304595947265625 0.133209228515625 -0.000976562499999974 -0.08282470703125
0.266952514648438 0.134429931640625 -0.00707244873046874 -0.09942626953125
0.29962158203125 0.174835205078125 0.0101318359375 -0.104255676269531
0.237335205078125 0.270187377929688 0.0529632568359375 -0.0887298583984375
0.061920166015625 0.3380126953125 0.0721969604492188 -0.0947952270507813
-0.1180419921875 0.35260009765625 0.132431030273438 -0.0509567260742187
-0.356353759765625 0.17877197265625 0.227996826171875 0.0256500244140625
-0.46795654296875 -0.050750732421875 0.211990356445312 0.13311767578125
-0.48046875 -0.17041015625 0.165939331054688 0.249801635742188
-0.51824951171875 -0.131988525390625 -0.03570556640625 -0.207138061523438
-0.481689453125 0.0769958496093751 -0.0522842407226563 -0.105606079101562
-0.29168701171875 0.251007080078125 0.0143547058105469 -0.0550270080566406
-0.086212158203125 0.331878662109375 0.034423828125 -0.0882339477539062
0.096282958984375 0.277862548828125 -0.0186538696289062 -0.124664306640625
0.261337280273438 0.197586059570313 -0.0599822998046875 -0.115623474121094
0.2879638671875 0.08819580078125 -0.1209716796875 -0.0970230102539063
0.253662109375 0.0979766845703125 -0.133842468261719 -0.0998992919921875
0.288421630859375 0.136383056640625 -0.112625122070312 -0.122932434082031
0.235076904296875 0.227401733398438 -0.0468292236328125 -0.14813232421875
0.07421875 0.306732177734375 0.014129638671875 -0.16412353515625
-0.09375 0.335052490234375 0.114341735839844 -0.1060791015625
-0.3343505859375 0.180755615234375 0.202835083007812 0.00422668457031251
-0.46978759765625 -0.0367431640625 0.0989532470703125 0.117324829101562
-0.502655029296875 -0.1600341796875 0.0159149169921875 0.161056518554688
-0.46978759765625 -0.0781249999999999 -0.178466796875 -0.219985961914063
-0.41656494140625 0.11358642578125 -0.132148742675781 -0.073028564453125
-0.21844482421875 0.24700927734375 0.00361633300781249 -0.0404434204101562
-0.0264129638671875 0.280776977539063 0.0197982788085938 -0.120742797851562
0.117431640625 0.208419799804687 -0.0667572021484375 -0.156158447265625
0.232711791992187 0.12188720703125 -0.145187377929687 -0.134567260742188
0.229736328125 0.032989501953125 -0.223297119140625 -0.091278076171875
0.20135498046875 0.046905517578125 -0.238601684570313 -0.086578369140625
0.227340698242188 0.075592041015625 -0.215255737304687 -0.126052856445312
0.191970825195313 0.140396118164063 -0.130218505859375 -0.187789916992188
0.0770721435546875 0.2132568359375 -0.0350341796875 -0.207382202148437
-0.044708251953125 0.249191284179687 0.092071533203125 -0.14080810546875
-0.238449096679687 0.15692138671875 0.159423828125 -0.00807189941406249
-0.380126953125 -0.00430297851562495 -0.0169143676757813 0.0995330810546875
-0.444244384765625 -0.111572265625 -0.128128051757813 0.0727157592773438
-0.34765625 -0.023406982421875 -0.302703857421875 -0.23583984375
-0.291656494140625 0.1097412109375 -0.206649780273438 -0.0551910400390625
-0.129196166992188 0.191421508789062 -0.0238761901855469 -0.0262203216552734
0.0178680419921875 0.190689086914062 -0.00843048095703126 -0.134468078613281
0.109519958496094 0.117942810058594 -0.111343383789062 -0.162811279296875
0.16644287109375 0.0384674072265625 -0.211318969726562 -0.12872314453125
0.137672424316406 -0.0218048095703125 -0.292388916015625 -0.0691528320312501
0.117919921875 -0.0103988647460937 -0.30743408203125 -0.060699462890625
0.130615234375 0.000885009765625 -0.278335571289063 -0.112579345703125
0.122978210449219 0.0274810791015625 -0.183303833007812 -0.201431274414063
0.0764236450195313 0.08404541015625 -0.06427001953125 -0.217803955078125
0.023834228515625 0.128410339355469 0.072265625 -0.148651123046875
-0.097869873046875 0.122520446777344 0.110137939453125 -0.00730895996093749
-0.231582641601563 0.049591064453125 -0.107147216796875 0.0882949829101563
-0.324249267578125 -0.02996826171875 -0.242782592773438 0.00961303710937503
0.127334594726563 -0.104728698730469 0.2928466796875 -0.07275390625
0.02557373046875 -0.17169189453125 0.134696960449219 -0.126701354980469
-0.110748291015625 -0.0815963745117188 -0.0888214111328125 -0.0244140625
-0.114349365234375 0.0270004272460938 -0.0753631591796875 0.155990600585938
-0.065948486328125 0.0679855346679687 0.06390380859375 0.20196533203125
-0.025665283203125 0.0970916748046875 0.220062255859375 0.169342041015625
0.0108184814453125 0.0884475708007813 0.30731201171875 0.064910888671875
-0.00968933105468749 0.081329345703125 0.31298828125 0.002777099609375
-0.0366134643554687 0.0891647338867187 0.288909912109375 0.02105712890625
-0.0755081176757813 0.0587615966796875 0.232498168945313 0.09521484375
-0.087249755859375 -0.0123138427734375 0.151229858398438 0.115463256835938
-0.060577392578125 -0.0725479125976563 0.071258544921875 0.0996856689453125
0.0451431274414063 -0.10888671875 0.0877838134765625 0.061187744140625
0.159011840820313 -0.0673980712890625 0.276870727539063 0.072479248046875
0.191879272460938 0.0125732421875 0.350982666015625 0.31640625
-0.050140380859375 -0.1707763671875 0.3084716796875 -0.095550537109375
-0.13922119140625 -0.176788330078125 0.141998291015625 -0.14404296875
-0.224273681640625 -0.0289764404296875 -0.0611953735351563 -0.0457382202148437
-0.171737670898438 0.129531860351562 -0.050018310546875 0.118423461914063
-0.0538787841796875 0.17254638671875 0.06658935546875 0.149063110351563
0.059600830078125 0.181396484375 0.20648193359375 0.121292114257813
0.119773864746094 0.126991271972656 0.274185180664062 0.02386474609375
0.0896453857421875 0.117561340332031 0.280548095703125 -0.03717041015625
0.0749435424804688 0.133598327636719 0.270492553710938 -0.0194854736328125
0.0226593017578125 0.135635375976563 0.237136840820313 0.059722900390625
-0.0433502197265625 0.0955657958984375 0.164627075195313 0.0833587646484375
-0.07427978515625 0.0509414672851562 0.103179931640625 0.0815277099609375
-0.0604934692382813 -0.0219535827636719 0.144363403320313 0.0567626953125
-0.0134506225585938 -0.0528526306152344 0.324066162109375 0.088958740234375
0.00306510925292969 -0.0305442810058594 0.39251708984375 0.337921142578125
-0.22161865234375 -0.205047607421875 0.278213500976563 -0.135940551757812
-0.28399658203125 -0.144927978515625 0.119857788085937 -0.161483764648438
-0.30145263671875 0.038848876953125 -0.0390777587890625 -0.0624847412109375
-0.197647094726562 0.217315673828125 -0.0214347839355469 0.0700416564941406
-0.0294036865234375 0.250732421875 0.06170654296875 0.0796356201171875
0.138397216796875 0.236343383789063 0.16510009765625 0.056884765625
0.2113037109375 0.1456298828125 0.202041625976563 -0.020904541015625
0.17584228515625 0.136337280273438 0.205398559570312 -0.07135009765625
0.180221557617188 0.161468505859375 0.209503173828125 -0.057373046875
0.11907958984375 0.201370239257813 0.204299926757813 0.012298583984375
0.00297546386718749 0.201995849609375 0.156463623046875 0.032470703125
-0.088531494140625 0.177444458007812 0.129989624023438 0.0467071533203125
-0.176345825195313 0.063751220703125 0.19549560546875 0.049957275390625
-0.195220947265625 -0.0449676513671875 0.33087158203125 0.10675048828125
-0.189895629882813 -0.079742431640625 0.3748779296875 0.3321533203125
-0.365234375 -0.19403076171875 0.20367431640625 -0.178329467773438
-0.391143798828125 -0.0711975097656249 0.07562255859375 -0.166030883789063
-0.331298828125 0.12176513671875 -0.0186309814453125 -0.0718994140625
-0.18084716796875 0.28436279296875 0.00545310974121092 0.0137357711791992
0.011962890625 0.291259765625 0.0446853637695313 0.00127792358398439
0.201553344726562 0.25091552734375 0.0992202758789063 -0.0132064819335937
0.2696533203125 0.139862060546875 0.100410461425781 -0.0589599609375
0.234146118164063 0.135452270507813 0.0987014770507813 -0.0938491821289062
0.256134033203125 0.16729736328125 0.112579345703125 -0.0894699096679687
0.195755004882813 0.240707397460938 0.137664794921875 -0.0438308715820312
0.043365478515625 0.283233642578125 0.123275756835938 -0.0342254638671875
-0.099029541015625 0.281707763671875 0.142013549804688 -0.00424194335937498
-0.274749755859375 0.134490966796875 0.226699829101562 0.0331573486328125
-0.3504638671875 -0.03985595703125 0.295684814453125 0.11712646484375
-0.351654052734375 -0.1201171875 0.300384521484375 0.296478271484375
-0.461090087890625 -0.15093994140625 0.095947265625 -0.205947875976563
-0.44635009765625 0.0215759277343749 0.0153961181640625 -0.149551391601563
-0.312835693359375 0.20050048828125 -0.00330352783203127 -0.0724029541015625
-0.130218505859375 0.31964111328125 0.0221290588378906 -0.0439605712890625
0.061859130859375 0.290191650390625 0.01434326171875 -0.07110595703125
0.243118286132813 0.2232666015625 0.0167312622070313 -0.0750961303710937
0.29071044921875 0.109405517578125 -0.0155868530273437 -0.0842971801757813
0.257568359375 0.113739013671875 -0.0235595703125 -0.102066040039062
0.29229736328125 0.149169921875 -0.00434875488281249 -0.111000061035156
0.236297607421875 0.240325927734375 0.0448989868164063 -0.102333068847656
0.07293701171875 0.315032958984375 0.0692672729492188 -0.107421875
-0.0941162109375 0.334716796875 0.134666442871094 -0.0638885498046875
-0.324981689453125 0.177978515625 0.22900390625 0.00877380371093751
-0.44171142578125 -0.0299682617187501 0.216567993164062 0.115447998046875
-0.453338623046875 -0.1368408203125 0.18011474609375 0.23126220703125
-0.490875244140625 -0.0939941406249999 -0.0326690673828125 -0.216949462890625
-0.44219970703125 0.099639892578125 -0.0522003173828125 -0.116096496582031
-0.258499145507812 0.2486572265625 0.00455474853515624 -0.0642776489257813
-0.061798095703125 0.313751220703125 0.0237579345703125 -0.0917282104492187
0.103866577148438 0.250198364257813 -0.0275344848632813 -0.1246337890625
0.249252319335937 0.165557861328125 -0.0703506469726563 -0.114349365234375
0.268844604492188 0.0631103515625 -0.127967834472656 -0.0905227661132813
0.240951538085938 0.0760650634765625 -0.140792846679687 -0.093963623046875
0.275253295898438 0.10833740234375 -0.121208190917969 -0.120491027832031
0.231292724609375 0.195632934570313 -0.0538177490234375 -0.151947021484375
0.08648681640625 0.281280517578125 0.00877380371093752 -0.168441772460937
-0.066497802734375 0.3167724609375 0.112686157226562 -0.115570068359375
-0.30126953125 0.1837158203125 0.2022705078125 -0.012939453125
-0.443023681640625 -0.01031494140625 0.110084533691406 0.105026245117188
-0.478271484375 -0.119873046875 0.036224365234375 0.154525756835938
-0.448211669921875 -0.0394592285156251 -0.164382934570313 -0.22039794921875
-0.38165283203125 0.1383056640625 -0.12261962890625 -0.0788421630859375
-0.186248779296875 0.24761962890625 -0.00376510620117188 -0.0495719909667969
-0.001556396484375 0.263076782226562 0.00825500488281251 -0.122116088867188
0.12445068359375 0.1817626953125 -0.07373046875 -0.150436401367187
0.2210693359375 0.0912628173828125 -0.149139404296875 -0.125640869140625
0.2093505859375 0.010589599609375 -0.220672607421875 -0.078399658203125
0.1865234375 0.026702880859375 -0.236663818359375 -0.073760986328125
0.2119140625 0.0504913330078125 -0.215621948242188 -0.115203857421875
0.185195922851562 0.111175537109375 -0.13494873046875 -0.182891845703125
0.08660888671875 0.189468383789063 -0.0412445068359375 -0.204788208007813
-0.0213470458984375 0.230926513671875 0.0871429443359375 -0.145950317382812
-0.207794189453125 0.158935546875 0.15850830078125 -0.02264404296875
-0.354949951171875 0.0216064453125 0.000488281249999988 0.0947647094726563
-0.424285888671875 -0.0701904296874999 -0.103668212890625 0.0809860229492188
-0.336578369140625 0.00759887695312494 -0.2830810546875 -0.224639892578125
-0.269500732421875 0.132827758789062 -0.190460205078125 -0.0562896728515625
-0.105392456054688 0.197006225585937 -0.0287799835205078 -0.0336112976074219
0.0388641357421875 0.179168701171875 -0.019927978515625 -0.131507873535156
0.116470336914062 0.0971145629882813 -0.11541748046875 -0.150100708007813
0.156570434570313 0.013397216796875 -0.208465576171875 -0.113922119140625
0.119705200195313 -0.0395050048828125 -0.281768798828125 -0.051422119140625
0.104240417480469 -0.024078369140625 -0.2955322265625 -0.04241943359375
0.115463256835938 -0.0161590576171875 -0.271575927734375 -0.0960845947265625
0.113174438476562 0.0055999755859375 -0.183853149414063 -0.188705444335938
0.0799636840820313 0.0632171630859375 -0.0686492919921875 -0.209869384765625
0.0391082763671875 0.111846923828125 0.0662994384765625 -0.149368286132813
-0.0731353759765625 0.121429443359375 0.110145568847656 -0.0167617797851562
-0.21148681640625 0.0713958740234375 -0.0858612060546875 0.091888427734375
-0.308868408203125 0.00628662109375 -0.216018676757813 0.029266357421875
0.121505737304688 -0.118354797363281 0.26507568359375 -0.080535888671875
0.0078887939453125 -0.178115844726563 0.114646911621094 -0.129142761230469
-0.122657775878906 -0.0727386474609375 -0.0919342041015625 -0.0215911865234375
-0.117469787597656 0.04010009765625 -0.0738372802734375 0.153335571289063
-0.061767578125 0.0794448852539063 0.0616912841796875 0.195755004882813
-0.0130386352539063 0.105514526367187 0.212966918945313 0.162322998046875
0.024078369140625 0.0926437377929688 0.2916259765625 0.058807373046875
0.0025482177734375 0.0866470336914063 0.294921875 -0.00390624999999999
-0.0238113403320313 0.098602294921875 0.273788452148437 0.0127105712890625
-0.0697479248046875 0.07196044921875 0.2232666015625 0.084686279296875
-0.0926284790039063 -0.000122070312500011 0.149139404296875 0.105850219726563
-0.0718841552734375 -0.0672149658203125 0.0770187377929688 0.09576416015625
0.0335464477539062 -0.117866516113281 0.091033935546875 0.0682601928710937
0.15478515625 -0.0879974365234375 0.262481689453125 0.078460693359375
0.19427490234375 -0.00830078125 0.330230712890625 0.311676025390625
-0.045745849609375 -0.179840087890625 0.280685424804688 -0.107315063476563
-0.146148681640625 -0.183074951171875 0.120986938476562 -0.148361206054688
-0.22955322265625 -0.0237884521484375 -0.0671310424804688 -0.0454330444335938
-0.170501708984375 0.136077880859375 -0.0503387451171875 0.114128112792969
-0.0496063232421875 0.177871704101563 0.0617828369140625 0.141387939453125
0.06768798828125 0.18389892578125 0.19451904296875 0.113754272460938
0.126777648925781 0.127128601074219 0.255706787109375 0.018585205078125
0.0955429077148438 0.119392395019531 0.258316040039063 -0.0432586669921875
0.0831146240234375 0.138557434082031 0.251251220703125 -0.0281982421875
0.0232391357421875 0.141586303710938 0.225509643554687 0.0458221435546875
-0.0504150390625 0.100227355957031 0.163040161132813 0.069915771484375
-0.082550048828125 0.047882080078125 0.109085083007813 0.0740890502929688
-0.0630912780761719 -0.0359840393066406 0.147750854492188 0.0585174560546875
-0.00746917724609375 -0.071136474609375 0.309295654296875 0.0885009765625
0.0163230895996094 -0.0462646484375 0.374908447265625 0.3267822265625
-0.20654296875 -0.206558227539062 0.253509521484375 -0.151779174804688
-0.278976440429688 -0.149185180664062 0.100112915039063 -0.167816162109375
-0.299560546875 0.0379638671875 -0.0471839904785156 -0.0639610290527344
-0.194412231445313 0.216934204101563 -0.0254096984863281 0.064971923828125
-0.0272369384765625 0.248977661132813 0.0532073974609375 0.0713348388671875
0.140045166015625 0.2332763671875 0.14996337890625 0.0497894287109375
0.209304809570313 0.142288208007812 0.182357788085937 -0.02410888671875
0.175567626953125 0.134902954101563 0.183120727539063 -0.075897216796875
0.180068969726563 0.160995483398437 0.188400268554688 -0.0668182373046875
0.116241455078125 0.199813842773438 0.193023681640625 -0.00256347656249999
-0.002960205078125 0.19879150390625 0.154281616210938 0.0168304443359375
-0.092376708984375 0.167205810546875 0.135841369628906 0.0361557006835938
-0.170257568359375 0.04681396484375 0.198410034179687 0.04656982421875
-0.180145263671875 -0.0587921142578125 0.32403564453125 0.10321044921875
-0.16766357421875 -0.0876922607421875 0.364349365234375 0.31719970703125
-0.341949462890625 -0.189361572265625 0.18658447265625 -0.194412231445313
-0.37353515625 -0.0743713378906251 0.0590667724609375 -0.175140380859375
-0.3226318359375 0.114013671875 -0.028228759765625 -0.075653076171875
-0.175186157226563 0.275833129882812 -0.00138187408447267 0.00854825973510744
0.010528564453125 0.2823486328125 0.0353889465332031 -0.00540161132812498
0.194900512695313 0.2420654296875 0.08349609375 -0.0185699462890625
0.2601318359375 0.132186889648438 0.082366943359375 -0.0605850219726562
0.2275390625 0.130157470703125 0.0788497924804688 -0.0964431762695313
0.248489379882812 0.159881591796875 0.0944366455078125 -0.0970535278320312
0.188232421875 0.230667114257813 0.126113891601563 -0.0579757690429687
0.0394134521484375 0.271820068359375 0.121620178222656 -0.0488204956054687
-0.0968475341796875 0.26654052734375 0.147262573242188 -0.01556396484375
-0.26263427734375 0.119552612304687 0.228775024414062 0.0265655517578125
-0.329864501953125 -0.046234130859375 0.291900634765625 0.1092529296875
-0.325103759765625 -0.11883544921875 0.298126220703125 0.282012939453125
-0.432037353515625 -0.1397705078125 0.0891265869140625 -0.222427368164063
-0.41876220703125 0.0191650390625 0.00605773925781248 -0.161544799804688
-0.29681396484375 0.188690185546875 -0.0135040283203125 -0.077606201171875
-0.12188720703125 0.3033447265625 0.0137443542480469 -0.0484695434570312
0.0574493408203125 0.273956298828125 0.00579071044921876 -0.0750656127929687
0.228118896484375 0.209564208984375 0.00294494628906251 -0.0774612426757812
0.273727416992188 0.1009521484375 -0.0282745361328125 -0.084320068359375
0.245437622070313 0.106521606445313 -0.0376434326171875 -0.1024169921875
0.277023315429688 0.136520385742188 -0.0186386108398437 -0.115310668945312
0.226058959960938 0.22467041015625 0.0360794067382813 -0.113174438476562
0.071014404296875 0.298492431640625 0.0669708251953125 -0.1190185546875
-0.0865478515625 0.314971923828125 0.137176513671875 -0.074188232421875
-0.306854248046875 0.16485595703125 0.2294921875 -0.00077819824218749
-0.4178466796875 -0.02752685546875 0.217498779296875 0.10528564453125
-0.422943115234375 -0.1270751953125 0.18634033203125 0.219863891601563
-0.46026611328125 -0.0785827636718751 -0.0282440185546875 -0.232330322265625
-0.41015625 0.1011962890625 -0.0535430908203125 -0.12969970703125
-0.237945556640625 0.234771728515625 -0.00464630126953127 -0.0713043212890625
-0.05279541015625 0.292938232421875 0.01507568359375 -0.0938949584960938
0.09844970703125 0.230453491210938 -0.0335540771484375 -0.125587463378906
0.23162841796875 0.148468017578125 -0.07879638671875 -0.113410949707031
0.24798583984375 0.0539093017578125 -0.132980346679687 -0.0880508422851563
0.2242431640625 0.06707763671875 -0.1473388671875 -0.0921478271484375
0.258255004882813 0.0941925048828125 -0.128677368164063 -0.121353149414062
0.218902587890625 0.176712036132813 -0.058990478515625 -0.158523559570313
0.086273193359375 0.261276245117188 0.00630187988281249 -0.175323486328125
-0.057373046875 0.294525146484375 0.113426208496094 -0.124649047851562
-0.2801513671875 0.17449951171875 0.201812744140625 -0.02386474609375
-0.41656494140625 -0.00177001953124992 0.117324829101562 0.0936126708984375
-0.4488525390625 -0.1025390625 0.0509796142578125 0.146636962890625
-0.42401123046875 -0.0201416015624999 -0.14923095703125 -0.231155395507812
-0.3511962890625 0.145111083984375 -0.115653991699219 -0.0928268432617188
-0.163864135742188 0.23858642578125 -0.0118560791015625 -0.058013916015625
0.010589599609375 0.24505615234375 0.000358581542968749 -0.121513366699219
0.121871948242187 0.161788940429687 -0.07623291015625 -0.147216796875
0.20330810546875 0.0735015869140625 -0.150466918945312 -0.123062133789063
0.187850952148438 0.0007476806640625 -0.2176513671875 -0.073455810546875
0.169723510742188 0.018096923828125 -0.2337646484375 -0.0691680908203126
0.1939697265625 0.037322998046875 -0.215240478515625 -0.110946655273438
0.171615600585938 0.0923614501953125 -0.135848999023437 -0.18359375
0.0860595703125 0.168853759765625 -0.0426788330078125 -0.206161499023438
-0.00997924804687498 0.210693359375 0.08697509765625 -0.150970458984375
-0.18682861328125 0.150863647460938 0.156356811523438 -0.0322723388671875
-0.330841064453125 0.034210205078125 0.0129165649414062 0.0865249633789063
-0.398590087890625 -0.04669189453125 -0.0820770263671875 0.0802841186523438
-0.323760986328125 0.0264892578125 -0.260086059570313 -0.230316162109375
-0.248458862304687 0.1451416015625 -0.17718505859375 -0.0678558349609375
-0.087921142578125 0.196395874023437 -0.0348281860351563 -0.0412940979003906
0.0514068603515625 0.167572021484375 -0.0282745361328125 -0.127937316894531
0.117286682128906 0.0803604125976563 -0.11480712890625 -0.142181396484375
0.143661499023437 -0.0028839111328125 -0.203201293945313 -0.107513427734375
0.100997924804688 -0.0491180419921875 -0.271270751953125 -0.0448455810546875
0.089752197265625 -0.0323104858398437 -0.285552978515625 -0.03729248046875
0.0989227294921875 -0.0255966186523437 -0.26300048828125 -0.091461181640625
0.0979995727539063 -0.0094451904296875 -0.179718017578125 -0.185256958007813
0.0777206420898438 0.045654296875 -0.0679931640625 -0.206207275390625
0.0473403930664063 0.0939407348632812 0.0652618408203125 -0.150665283203125
-0.0549468994140625 0.115089416503906 0.109565734863281 -0.0232925415039062
-0.191299438476563 0.0848388671875 -0.0685348510742188 0.0886383056640625
-0.28961181640625 0.0290527343749999 -0.188827514648438 0.03594970703125
0.116355895996094 -0.1339111328125 0.2415771484375 -0.0808868408203125
-0.01055908203125 -0.18646240234375 0.097625732421875 -0.128585815429688
-0.135551452636719 -0.0654678344726562 -0.0964813232421875 -0.0188140869140625
-0.120880126953125 0.053955078125 -0.0756988525390625 0.155487060546875
-0.0572280883789063 0.0914993286132813 0.05810546875 0.1966552734375
0.000419616699218762 0.113365173339844 0.208602905273437 0.164505004882813
0.0402908325195313 0.09600830078125 0.28546142578125 0.060638427734375
0.0151824951171875 0.0913848876953125 0.2845458984375 -0.00256347656249999
-0.00833892822265624 0.106674194335938 0.264602661132813 0.0123138427734375
-0.06219482421875 0.0866622924804688 0.216659545898438 0.08221435546875
-0.0975265502929688 0.013458251953125 0.148635864257813 0.10003662109375
-0.0843582153320313 -0.06109619140625 0.0828399658203125 0.0934295654296875
0.0216293334960937 -0.126205444335938 0.0980911254882813 0.0757522583007812
0.149154663085938 -0.108535766601563 0.256332397460938 0.091278076171875
0.196441650390625 -0.0289764404296875 0.31463623046875 0.32354736328125
-0.04376220703125 -0.194686889648438 0.25830078125 -0.112808227539063
-0.158599853515625 -0.192474365234375 0.102920532226562 -0.150604248046875
-0.240631103515625 -0.0211181640625 -0.07415771484375 -0.04388427734375
-0.174758911132813 0.146194458007813 -0.0547103881835938 0.11260986328125
-0.04864501953125 0.187026977539063 0.0535430908203125 0.140121459960938
0.0777435302734375 0.191116333007813 0.185928344726562 0.114501953125
0.136390686035156 0.130538940429688 0.243423461914062 0.0207061767578125
0.104019165039063 0.12469482421875 0.244674682617188 -0.0422821044921875
0.09173583984375 0.14666748046875 0.23675537109375 -0.031219482421875
0.0250701904296875 0.15362548828125 0.2166748046875 0.0380401611328125
-0.0577468872070313 0.109413146972656 0.161239624023438 0.0599822998046875
-0.0944290161132812 0.0470962524414063 0.116226196289063 0.0675277709960938
-0.0709075927734375 -0.050506591796875 0.1551513671875 0.0633697509765625
-0.00537872314453124 -0.0942459106445313 0.305572509765625 0.097991943359375
0.0263671875 -0.0663108825683594 0.362884521484375 0.331298828125
-0.197052001953125 -0.219772338867188 0.23291015625 -0.16204833984375
-0.2835693359375 -0.161529541015625 0.0814056396484375 -0.173370361328125
-0.307403564453125 0.035308837890625 -0.0569992065429688 -0.0650634765625
-0.19927978515625 0.220748901367188 -0.0319252014160156 0.0626564025878906
-0.028472900390625 0.25360107421875 0.0430641174316406 0.0682830810546875
0.142593383789063 0.23834228515625 0.137939453125 0.0495452880859375
0.212844848632812 0.146133422851563 0.1666259765625 -0.02252197265625
0.178695678710938 0.139602661132813 0.165847778320313 -0.0761260986328125
0.182601928710938 0.166290283203125 0.171524047851563 -0.071014404296875
0.11492919921875 0.206497192382813 0.182037353515625 -0.014404296875
-0.01165771484375 0.202239990234375 0.15234375 0.00361633300781251
-0.1029052734375 0.161392211914062 0.143295288085938 0.027099609375
-0.174652099609375 0.030120849609375 0.2064208984375 0.047210693359375
-0.1741943359375 -0.0793914794921875 0.32196044921875 0.107818603515625
-0.153289794921875 -0.104598999023437 0.3594970703125 0.318115234375
-0.3243408203125 -0.1986083984375 0.170394897460937 -0.210586547851562
-0.36871337890625 -0.0881347656250001 0.042938232421875 -0.184524536132813
-0.325286865234375 0.105072021484375 -0.0399856567382813 -0.0781478881835938
-0.178924560546875 0.272018432617188 -0.0105714797973633 0.00579166412353517
0.00494384765625 0.28228759765625 0.0248184204101563 -0.0091571807861328
0.191299438476563 0.243621826171875 0.0696754455566406 -0.0191078186035156
0.256454467773438 0.135498046875 0.0666885375976563 -0.0591583251953125
0.2254638671875 0.132553100585937 0.0614776611328125 -0.0965805053710937
0.246292114257812 0.16217041015625 0.0763015747070313 -0.101089477539062
0.182479858398438 0.231948852539062 0.114959716796875 -0.0713272094726562
0.032318115234375 0.270355224609375 0.11846923828125 -0.0636825561523437
-0.104217529296875 0.2581787109375 0.1536865234375 -0.0277099609375
-0.262863159179688 0.103042602539063 0.236724853515625 0.022247314453125
-0.32049560546875 -0.0619201660156251 0.294677734375 0.10748291015625
-0.30535888671875 -0.130859375 0.298065185546875 0.277191162109375
-0.41131591796875 -0.1456298828125 0.080810546875 -0.243133544921875
-0.406982421875 0.00778198242187504 -0.00614929199218751 -0.175308227539063
-0.29559326171875 0.17486572265625 -0.0253219604492188 -0.0826263427734375
-0.125885009765625 0.294342041015625 0.00424957275390624 -0.05059814453125
0.0488128662109375 0.26922607421875 -0.00389099121093751 -0.0795669555664062
0.217041015625 0.208480834960938 -0.00915527343749999 -0.0780868530273437
0.262725830078125 0.101821899414063 -0.0421524047851562 -0.0821456909179688
0.237594604492188 0.107070922851563 -0.053009033203125 -0.101692199707031
0.268112182617188 0.135833740234375 -0.033660888671875 -0.119728088378906
0.217361450195312 0.220169067382812 0.0248947143554688 -0.125923156738281
0.065643310546875 0.29156494140625 0.0637054443359375 -0.132606506347656
-0.089080810546875 0.3050537109375 0.141769409179688 -0.0886077880859375
-0.30133056640625 0.14862060546875 0.236083984375 -0.00906372070312499
-0.405731201171875 -0.0371704101562501 0.223541259765625 0.098388671875
-0.402435302734375 -0.13116455078125 0.1934814453125 0.212432861328125
-0.440643310546875 -0.0762939453125001 -0.027313232421875 -0.255538940429688
-0.392364501953125 0.095062255859375 -0.05975341796875 -0.147003173828125
-0.230972290039062 0.222625732421875 -0.0172882080078125 -0.079254150390625
-0.0519256591796875 0.278732299804688 0.00606536865234375 -0.0973739624023437
0.0897064208984375 0.220413208007813 -0.040924072265625 -0.128822326660156
0.21722412109375 0.144119262695313 -0.0878372192382813 -0.1153564453125
0.232650756835938 0.054107666015625 -0.141738891601562 -0.0870513916015625
0.21405029296875 0.0668182373046875 -0.157638549804688 -0.091217041015625
0.244277954101563 0.0917510986328125 -0.140350341796875 -0.12353515625
0.206787109375 0.167068481445312 -0.0679931640625 -0.167999267578125
0.080291748046875 0.250076293945313 0.00279235839843751 -0.187210083007812
-0.05523681640625 0.28076171875 0.115089416503906 -0.135734558105469
-0.269699096679688 0.1607666015625 0.205474853515625 -0.0340728759765625
-0.402313232421875 -0.00405883789062494 0.124710083007812 0.0862045288085938
-0.427215576171875 -0.098876953125 0.064117431640625 0.140007019042969
-0.40802001953125 -0.011505126953125 -0.1412353515625 -0.254730224609375
-0.3319091796875 0.146881103515625 -0.11517333984375 -0.112312316894531
-0.151504516601562 0.229827880859375 -0.022064208984375 -0.0658760070800781
0.01556396484375 0.231277465820312 -0.00706481933593749 -0.122505187988281
0.11529541015625 0.147979736328125 -0.0803070068359375 -0.14874267578125
0.186798095703125 0.0645904541015625 -0.154266357421875 -0.12384033203125
0.16961669921875 -0.0013580322265625 -0.22015380859375 -0.073272705078125
0.156478881835938 0.0163421630859375 -0.237594604492187 -0.06866455078125
0.177215576171875 0.032318115234375 -0.220321655273438 -0.115158081054687
0.15679931640625 0.0818939208984375 -0.140823364257812 -0.1904296875
0.0803985595703125 0.153701782226563 -0.045166015625 -0.213714599609375
-0.0069427490234375 0.19476318359375 0.08697509765625 -0.15887451171875
-0.172348022460938 0.140426635742187 0.15899658203125 -0.0409088134765625
-0.3128662109375 0.03863525390625 0.0225906372070312 0.07904052734375
-0.377166748046875 -0.0360107421874999 -0.0634689331054688 0.0751419067382813
-0.315673828125 0.041107177734375 -0.245803833007812 -0.250625610351563
-0.234725952148437 0.154266357421875 -0.172607421875 -0.085205078125
-0.0742340087890625 0.19720458984375 -0.044281005859375 -0.0493431091308594
0.0623321533203125 0.157562255859375 -0.0345840454101562 -0.127372741699219
0.116226196289063 0.0656280517578125 -0.115005493164063 -0.139579772949219
0.130226135253906 -0.0137939453125 -0.200775146484375 -0.10650634765625
0.0838165283203125 -0.0528564453125 -0.266921997070313 -0.04473876953125
0.0764617919921875 -0.0361404418945313 -0.281524658203125 -0.036712646484375
0.0821685791015625 -0.02972412109375 -0.262069702148438 -0.093597412109375
0.083221435546875 -0.019927978515625 -0.179946899414063 -0.189208984375
0.0715713500976563 0.0304183959960937 -0.0671844482421875 -0.210845947265625
0.0526962280273438 0.0780029296875 0.0665740966796875 -0.155792236328125
-0.040191650390625 0.108116149902344 0.112434387207031 -0.0294952392578125
-0.173675537109375 0.094390869140625 -0.0556411743164063 0.0832290649414063
-0.27294921875 0.0471343994140625 -0.165679931640625 0.0366363525390625
0.10833740234375 -0.153610229492188 0.223052978515625 -0.080108642578125
-0.0340423583984375 -0.193801879882812 0.081634521484375 -0.126945495605469
-0.151596069335937 -0.0538177490234375 -0.104240417480469 -0.0139007568359375
-0.123252868652344 0.0733108520507812 -0.077667236328125 0.161331176757813
-0.0501632690429688 0.106651306152344 0.058258056640625 0.203475952148438
0.017822265625 0.121490478515625 0.212310791015625 0.170486450195313
0.057403564453125 0.0976486206054688 0.28741455078125 0.064697265625
0.031158447265625 0.0958938598632813 0.284210205078125 -0.00161743164062499
0.0102386474609375 0.114952087402344 0.261566162109375 0.0116119384765625
-0.0519866943359375 0.101486206054688 0.215576171875 0.07958984375
-0.102401733398438 0.03009033203125 0.150665283203125 0.0955352783203125
-0.0981292724609375 -0.052459716796875 0.0911178588867188 0.0903778076171875
0.00604248046874999 -0.136909484863281 0.1107177734375 0.0839385986328125
0.140838623046875 -0.133743286132812 0.26348876953125 0.107376098632812
0.198074340820313 -0.052520751953125 0.313262939453125 0.3406982421875
-0.0484161376953125 -0.216934204101563 0.237442016601563 -0.117477416992188
-0.179901123046875 -0.203689575195312 0.084564208984375 -0.151382446289063
-0.25726318359375 -0.0129241943359375 -0.08355712890625 -0.0413970947265625
-0.1785888671875 0.163253784179687 -0.059600830078125 0.116668701171875
-0.04364013671875 0.20166015625 0.04931640625 0.143783569335938
0.0926055908203125 0.200225830078125 0.183441162109375 0.119613647460938
0.152114868164063 0.13427734375 0.239471435546875 0.02508544921875
0.118309020996094 0.128913879394531 0.236297607421875 -0.040679931640625
0.10882568359375 0.155181884765625 0.228179931640625 -0.0323028564453125
0.0329437255859375 0.168121337890625 0.2098388671875 0.03155517578125
-0.0648040771484375 0.123565673828125 0.161773681640625 0.0510711669921875
-0.109512329101563 0.0528640747070313 0.125175476074219 0.0595855712890625
-0.0850906372070312 -0.0649871826171875 0.16864013671875 0.0659332275390625
-0.01092529296875 -0.120796203613281 0.314117431640625 0.1080322265625
0.0321578979492188 -0.0909194946289063 0.365386962890625 0.344268798828125
-0.197372436523438 -0.24163818359375 0.212600708007813 -0.173614501953125
-0.300567626953125 -0.174163818359375 0.0622406005859375 -0.178115844726562
-0.32257080078125 0.037811279296875 -0.0679931640625 -0.0642814636230469
-0.204559326171875 0.233306884765625 -0.0407829284667969 0.0644989013671875
-0.0281829833984375 0.266250610351563 0.0347747802734375 0.0699234008789063
0.15325927734375 0.24761962890625 0.130226135253906 0.0536422729492188
0.224090576171875 0.1492919921875 0.156875610351563 -0.0174713134765625
0.189926147460938 0.144744873046875 0.151779174804688 -0.0730743408203125
0.194793701171875 0.1734619140625 0.157791137695313 -0.0728912353515625
0.11865234375 0.218032836914063 0.1717529296875 -0.024169921875
-0.017791748046875 0.214324951171875 0.15093994140625 -0.0101776123046875
-0.115859985351563 0.1654052734375 0.1510009765625 0.0141754150390625
-0.186767578125 0.0155792236328125 0.221084594726562 0.044036865234375
-0.179031372070312 -0.102890014648438 0.3331298828125 0.111419677734375
-0.14556884765625 -0.126373291015625 0.365997314453125 0.32513427734375
-0.321319580078125 -0.217926025390625 0.152359008789063 -0.22882080078125
-0.37860107421875 -0.101318359375 0.0229034423828125 -0.193756103515625
-0.33819580078125 0.1021728515625 -0.053955078125 -0.0799560546875
-0.187789916992188 0.278335571289063 -0.0201816558837891 0.00458335876464845
0.002105712890625 0.291656494140625 0.012660026550293 -0.0100669860839844
0.195220947265625 0.251358032226563 0.057952880859375 -0.0161895751953125
0.26171875 0.140106201171875 0.0528984069824219 -0.0543327331542969
0.2310791015625 0.1378173828125 0.0434799194335938 -0.0935134887695312
0.251907348632813 0.168746948242188 0.058807373046875 -0.104095458984375
0.184371948242188 0.238601684570313 0.10211181640625 -0.0835342407226562
0.0259857177734375 0.278472900390625 0.114768981933594 -0.0809555053710937
-0.114059448242188 0.259490966796875 0.159622192382813 -0.0444793701171875
-0.272201538085937 0.08966064453125 0.250457763671875 0.013458251953125
-0.3231201171875 -0.0801086425781249 0.306243896484375 0.105133056640625
-0.297454833984375 -0.14764404296875 0.308929443359375 0.2781982421875
-0.403472900390625 -0.155975341796875 0.0657501220703125 -0.267913818359375
-0.40667724609375 -0.00390625000000004 -0.0245361328125 -0.19000244140625
-0.30194091796875 0.1678466796875 -0.041015625 -0.0864410400390625
-0.13238525390625 0.29345703125 -0.00672149658203125 -0.05303955078125
0.0417022705078125 0.27337646484375 -0.0160903930664063 -0.0828781127929687
0.214263916015625 0.213958740234375 -0.0233840942382812 -0.0776748657226562
0.261154174804687 0.107330322265625 -0.057373046875 -0.0789413452148438
0.237274169921875 0.111480712890625 -0.0700912475585937 -0.0988082885742187
0.267486572265625 0.140029907226563 -0.0525970458984375 -0.121826171875
0.214630126953125 0.222335815429687 0.00988006591796877 -0.137985229492188
0.061126708984375 0.29296875 0.056365966796875 -0.150146484375
-0.09515380859375 0.302520751953125 0.145477294921875 -0.10565185546875
-0.306854248046875 0.14007568359375 0.246017456054687 -0.02215576171875
-0.40679931640625 -0.0480957031250001 0.234283447265625 0.091033935546875
-0.394195556640625 -0.140411376953125 0.206512451171875 0.207244873046875
-0.430908203125 -0.07757568359375 -0.037200927734375 -0.285919189453125
-0.385009765625 0.089019775390625 -0.074188232421875 -0.166183471679688
-0.228790283203125 0.213943481445313 -0.0321426391601563 -0.0846176147460937
-0.0551605224609375 0.271499633789063 -0.0035247802734375 -0.100425720214844
0.0823516845703125 0.217376708984375 -0.05126953125 -0.133819580078125
0.206939697265625 0.1448974609375 -0.100746154785156 -0.116683959960937
0.223373413085938 0.0573577880859375 -0.154739379882813 -0.0858001708984375
0.20758056640625 0.0692291259765625 -0.172958374023438 -0.0898895263671875
0.236404418945313 0.0928802490234375 -0.156448364257813 -0.126052856445312
0.19927978515625 0.165863037109375 -0.082733154296875 -0.178573608398437
0.076019287109375 0.245513916015625 -0.00524902343750001 -0.20245361328125
-0.057464599609375 0.273849487304688 0.116165161132812 -0.152786254882812
-0.26861572265625 0.152679443359375 0.211029052734375 -0.048004150390625
-0.3968505859375 -0.00650024414062502 0.133491516113281 0.0763473510742187
-0.417266845703125 -0.0990295410156249 0.0797348022460937 0.132148742675781
-0.398681640625 -0.00421142578125001 -0.1444091796875 -0.28497314453125
-0.320343017578125 0.1492919921875 -0.124984741210938 -0.13299560546875
-0.14324951171875 0.226119995117187 -0.0352249145507813 -0.0727081298828125
0.0194549560546875 0.220626831054688 -0.0159683227539063 -0.125518798828125
0.109001159667969 0.138435363769531 -0.08636474609375 -0.151473999023437
0.174057006835938 0.05963134765625 -0.163558959960938 -0.126312255859375
0.155105590820313 -0.0004119873046875 -0.229095458984375 -0.073394775390625
0.146331787109375 0.0167236328125 -0.248519897460938 -0.067169189453125
0.164932250976563 0.032928466796875 -0.232345581054688 -0.116485595703125
0.143295288085938 0.0769500732421875 -0.153488159179688 -0.199676513671875
0.0741424560546875 0.144058227539063 -0.0512847900390625 -0.226287841796875
-0.00587463378906248 0.182449340820313 0.0859375 -0.173004150390625
-0.164215087890625 0.132217407226562 0.162200927734375 -0.0534515380859375
-0.30230712890625 0.04351806640625 0.0323562622070312 0.070709228515625
-0.36492919921875 -0.02691650390625 -0.0454254150390625 0.0682830810546875
-0.311553955078125 0.05877685546875 -0.245742797851563 -0.277984619140625
-0.221572875976563 0.166213989257812 -0.17889404296875 -0.106155395507813
-0.0604248046875 0.19927978515625 -0.05584716796875 -0.0549583435058594
0.072235107421875 0.1474609375 -0.0422134399414063 -0.126411437988281
0.115531921386719 0.0528717041015625 -0.118438720703125 -0.13970947265625
0.117416381835938 -0.023956298828125 -0.20556640625 -0.108306884765625
0.0658378601074219 -0.0544891357421875 -0.269577026367188 -0.045562744140625
0.0627288818359375 -0.0364837646484375 -0.286865234375 -0.03656005859375
0.0664520263671875 -0.0321006774902344 -0.269302368164063 -0.0955810546875
0.0665664672851563 -0.0273361206054688 -0.18817138671875 -0.196731567382813
0.06396484375 0.0165214538574219 -0.0709075927734375 -0.22015380859375
0.0540313720703125 0.0623397827148438 0.06756591796875 -0.165618896484375
-0.0265274047851562 0.099884033203125 0.115486145019531 -0.0378875732421875
-0.156158447265625 0.10247802734375 -0.0439071655273438 0.0768661499023437
-0.258331298828125 0.0629730224609375 -0.145645141601563 0.0322265625
0.0929412841796875 -0.1737060546875 0.203659057617188 -0.0777587890625
-0.0645599365234375 -0.197235107421875 0.0650482177734375 -0.122344970703125
-0.166091918945313 -0.03558349609375 -0.1114501953125 -0.00441741943359378
-0.120384216308594 0.0965957641601562 -0.0743560791015625 0.173080444335938
-0.0388717651367187 0.120864868164062 0.066131591796875 0.210922241210938
0.0406417846679688 0.125801086425781 0.224578857421875 0.172866821289063
0.0779571533203125 0.094390869140625 0.29583740234375 0.062042236328125
0.049957275390625 0.0950088500976563 0.286590576171875 -0.00592041015624999
0.0331649780273437 0.11749267578125 0.2618408203125 0.00747680664062501
-0.0354385375976563 0.116050720214844 0.215911865234375 0.0756683349609375
-0.102294921875 0.049713134765625 0.154953002929688 0.088775634765625
-0.111015319824219 -0.0383224487304688 0.101173400878906 0.0844573974609375
-0.0162353515625 -0.143905639648438 0.128379821777344 0.0865402221679688
0.122207641601563 -0.15899658203125 0.279006958007812 0.115646362304687
0.194061279296875 -0.081451416015625 0.32659912109375 0.35919189453125
-0.064483642578125 -0.239486694335938 0.214889526367188 -0.121261596679688
-0.21160888671875 -0.205780029296875 0.0646820068359375 -0.149887084960938
-0.273788452148438 0.00500488281249996 -0.0943679809570313 -0.0337448120117187
-0.176895141601563 0.187271118164063 -0.0623016357421875 0.125762939453125
-0.029571533203125 0.2177734375 0.04962158203125 0.14947509765625
0.11572265625 0.20538330078125 0.188125610351563 0.123062133789063
0.172897338867187 0.130889892578125 0.239639282226563 0.0268707275390625
0.139053344726563 0.128822326660156 0.230255126953125 -0.0411834716796875
0.13214111328125 0.15814208984375 0.21868896484375 -0.0350799560546875
0.0498046875 0.18255615234375 0.204055786132812 0.0233001708984375
-0.06524658203125 0.144119262695313 0.161361694335938 0.0389556884765625
-0.122802734375 0.0662765502929687 0.132942199707031 0.047515869140625
-0.107208251953125 -0.0752410888671875 0.1865234375 0.061920166015625
-0.0288238525390625 -0.146438598632812 0.3314208984375 0.109710693359375
0.0289382934570313 -0.119483947753906 0.382568359375 0.353118896484375
-0.211746215820313 -0.26190185546875 0.18701171875 -0.184951782226563
-0.32696533203125 -0.17730712890625 0.0362548828125 -0.178970336914063
-0.3414306640625 0.05120849609375 -0.0827102661132813 -0.0591201782226562
-0.205841064453125 0.2548828125 -0.0459823608398438 0.0710525512695313
-0.0189208984375 0.2825927734375 0.0278778076171875 0.0742721557617188
0.173675537109375 0.253021240234375 0.126068115234375 0.0574569702148438
0.241897583007813 0.147659301757813 0.149627685546875 -0.0129852294921875
0.20770263671875 0.14361572265625 0.138252258300781 -0.0699844360351562
0.214706420898438 0.176589965820313 0.1427001953125 -0.0738525390625
0.132965087890625 0.22894287109375 0.159393310546875 -0.0337982177734375
-0.0182952880859375 0.232345581054687 0.1456298828125 -0.0260467529296875
-0.126678466796875 0.177978515625 0.158111572265625 -0.00424194335937499
-0.20697021484375 0.00782775878906245 0.239242553710938 0.032745361328125
-0.194412231445313 -0.123275756835937 0.3514404296875 0.10595703125
-0.149444580078125 -0.150985717773438 0.385162353515625 0.32373046875
-0.329132080078125 -0.232391357421875 0.123245239257813 -0.246078491210938
-0.39874267578125 -0.10675048828125 -0.00460815429687504 -0.199005126953125
-0.353118896484375 0.11083984375 -0.0704727172851563 -0.0774917602539063
-0.1912841796875 0.293182373046875 -0.0311965942382813 0.00901603698730471
0.00653076171875002 0.305633544921875 0.0013270378112793 -0.00873374938964842
0.208847045898438 0.258697509765625 0.0469741821289063 -0.011932373046875
0.273773193359375 0.140274047851563 0.0394058227539063 -0.0466384887695312
0.244430541992188 0.139358520507812 0.0247650146484375 -0.0872802734375
0.265884399414063 0.170028686523438 0.0388946533203125 -0.103599548339844
0.19451904296875 0.245681762695313 0.0835800170898438 -0.0943756103515625
0.028594970703125 0.290252685546875 0.103858947753906 -0.0989608764648437
-0.120223999023438 0.26837158203125 0.16180419921875 -0.0672149658203125
-0.288543701171875 0.0857849121093751 0.264816284179688 -0.00506591796875
-0.337554931640625 -0.0933837890624999 0.321258544921875 0.094268798828125
-0.30206298828125 -0.16339111328125 0.329193115234375 0.27093505859375
-0.405181884765625 -0.163848876953125 0.037750244140625 -0.2918701171875
-0.414459228515625 -0.00720214843750008 -0.052154541015625 -0.201065063476563
-0.310638427734375 0.16943359375 -0.0594406127929688 -0.0874710083007812
-0.1361083984375 0.30133056640625 -0.0191535949707031 -0.0530052185058594
0.041473388671875 0.281951904296875 -0.03179931640625 -0.0829315185546875
0.220001220703125 0.22052001953125 -0.0383682250976562 -0.073577880859375
0.266799926757813 0.109817504882813 -0.0731658935546875 -0.071136474609375
0.244216918945313 0.113021850585938 -0.0898056030273437 -0.0902481079101563
0.27410888671875 0.141143798828125 -0.0754318237304688 -0.118324279785156
0.219375610351562 0.225555419921875 -0.01251220703125 -0.146621704101563
0.061920166015625 0.299774169921875 0.04119873046875 -0.167831420898437
-0.096588134765625 0.307464599609375 0.142608642578125 -0.129425048828125
-0.316070556640625 0.138916015625 0.25482177734375 -0.043731689453125
-0.412872314453125 -0.05145263671875 0.2470703125 0.076080322265625
-0.3953857421875 -0.14605712890625 0.223648071289063 0.194564819335938
-0.425567626953125 -0.074737548828125 -0.06201171875 -0.313201904296875
-0.380828857421875 0.08984375 -0.0984954833984375 -0.180389404296875
-0.230514526367188 0.212493896484375 -0.0505523681640625 -0.0870208740234375
-0.0540008544921875 0.269607543945313 -0.0159378051757813 -0.101470947265625
0.078887939453125 0.21722412109375 -0.0668792724609375 -0.135711669921875
0.203384399414063 0.147201538085938 -0.117561340332031 -0.113037109375
0.2177734375 0.0612945556640625 -0.17236328125 -0.0772247314453125
0.206207275390625 0.070587158203125 -0.192947387695313 -0.078948974609375
0.234588623046875 0.09442138671875 -0.177536010742187 -0.12042236328125
0.195755004882812 0.164764404296875 -0.106979370117187 -0.185379028320313
0.07525634765625 0.245086669921875 -0.0238189697265625 -0.218170166015625
-0.05743408203125 0.272796630859375 0.109771728515625 -0.174331665039062
-0.269454956054688 0.150833129882813 0.214141845703125 -0.069000244140625
-0.396728515625 -0.00326538085937498 0.143707275390625 0.0607147216796875
-0.412139892578125 -0.094970703125 0.0957489013671875 0.120323181152344
-0.394287109375 0.00976562500000005 -0.164581298828125 -0.313018798828125
-0.305389404296875 0.15777587890625 -0.143707275390625 -0.151351928710938
-0.13287353515625 0.221969604492188 -0.0540695190429688 -0.0759429931640625
0.023406982421875 0.209945678710937 -0.0281906127929688 -0.127243041992188
0.104995727539063 0.129341125488281 -0.0989990234375 -0.15283203125
0.16326904296875 0.05706787109375 -0.177597045898438 -0.1239013671875
0.142852783203125 0.0034332275390625 -0.24249267578125 -0.0654296875
0.137931823730469 0.0188827514648437 -0.264007568359375 -0.05792236328125
0.15460205078125 0.034515380859375 -0.251052856445313 -0.11138916015625
0.132614135742188 0.0735855102539062 -0.175155639648438 -0.20465087890625
0.06829833984375 0.135284423828125 -0.067108154296875 -0.238250732421875
-0.00535583496093752 0.171112060546875 0.0785064697265625 -0.191864013671875
-0.15673828125 0.125625610351562 0.163681030273438 -0.071990966796875
-0.291259765625 0.05035400390625 0.0410041809082031 0.0578804016113281
-0.35418701171875 -0.0147399902343751 -0.0287322998046875 0.0571784973144531
-0.3038330078125 0.0806884765625 -0.262237548828125 -0.30303955078125
-0.20318603515625 0.179443359375 -0.197509765625 -0.1236572265625
-0.0429229736328125 0.199966430664063 -0.071502685546875 -0.0577392578125
0.0836639404296875 0.133544921875 -0.051666259765625 -0.125167846679688
0.111442565917969 0.0381393432617188 -0.125648498535156 -0.138687133789063
0.101776123046875 -0.0324783325195313 -0.214065551757813 -0.107208251953125
0.0478668212890625 -0.0519866943359375 -0.277587890625 -0.0406951904296875
0.048828125 -0.0344734191894531 -0.2967529296875 -0.0296020507812499
0.0497245788574219 -0.0302848815917969 -0.279708862304688 -0.0924530029296874
0.0477523803710938 -0.030609130859375 -0.205337524414063 -0.20074462890625
0.0524864196777344 0.001953125 -0.082977294921875 -0.228118896484375
0.0525588989257813 0.0451889038085938 0.061920166015625 -0.179443359375
-0.013519287109375 0.0890350341796875 0.115737915039063 -0.0493698120117187
-0.134429931640625 0.108299255371094 -0.0332527160644531 0.0678215026855469
-0.238922119140625 0.0804443359375001 -0.125778198242188 0.0242996215820313
0.0660858154296875 -0.189620971679687 0.181427001953125 -0.0722198486328125
-0.097198486328125 -0.185760498046875 0.0480575561523437 -0.111717224121094
-0.1729736328125 -0.00997924804687497 -0.113731384277344 0.008087158203125
-0.107337951660156 0.117813110351563 -0.0660552978515625 0.184768676757813
-0.0177230834960938 0.131141662597656 0.077728271484375 0.213821411132813
0.0652618408203125 0.118415832519531 0.238876342773438 0.166427612304688
0.0985107421875 0.080963134765625 0.301483154296875 0.052093505859375
0.0698013305664063 0.0869216918945313 0.284881591796875 -0.01568603515625
0.0592193603515625 0.111099243164063 0.25921630859375 -0.000228881835937493
-0.0135498046875 0.123443603515625 0.215713500976563 0.067596435546875
-0.0940322875976563 0.0707550048828125 0.157669067382812 0.07861328125
-0.119461059570313 -0.0188522338867188 0.105964660644531 0.073394775390625
-0.0414886474609375 -0.143524169921875 0.14678955078125 0.0802459716796875
0.092132568359375 -0.179443359375 0.298126220703125 0.113067626953125
0.176071166992188 -0.109298706054688 0.349365234375 0.36480712890625
-0.089935302734375 -0.251449584960938 0.187301635742188 -0.1185302734375
-0.243667602539063 -0.192092895507812 0.04400634765625 -0.1412353515625
-0.28375244140625 0.0296630859375 -0.103462219238281 -0.0223388671875
-0.16241455078125 0.212692260742187 -0.058441162109375 0.13360595703125
-0.00979614257812499 0.22686767578125 0.051910400390625 0.154159545898438
0.143142700195313 0.199661254882813 0.195510864257813 0.122100830078125
0.191940307617188 0.118789672851563 0.241607666015625 0.025909423828125
0.157958984375 0.120895385742188 0.223922729492187 -0.0416717529296875
0.156143188476563 0.1527099609375 0.210464477539063 -0.0360565185546875
0.0724029541015625 0.187210083007813 0.193359375 0.0164642333984375
-0.0573272705078125 0.16375732421875 0.154449462890625 0.0242156982421875
-0.129592895507812 0.0862045288085938 0.136360168457031 0.0303115844726563
-0.131637573242188 -0.0756988525390625 0.199356079101562 0.0494384765625
-0.054962158203125 -0.164047241210937 0.346954345703125 0.10223388671875
0.0146942138671875 -0.145278930664063 0.404327392578125 0.345428466796875
-0.232955932617188 -0.270599365234375 0.151992797851562 -0.185775756835938
-0.3565673828125 -0.166107177734375 0.0100860595703125 -0.169692993164063
-0.3489990234375 0.074676513671875 -0.095001220703125 -0.0481796264648437
-0.192062377929688 0.27581787109375 -0.0501632690429688 0.0824508666992188
0.00213623046875001 0.294189453125 0.0229644775390625 0.0784149169921875
0.198211669921875 0.247421264648438 0.125762939453125 0.0602874755859375
0.261398315429688 0.137435913085938 0.143447875976563 -0.00512695312499999
0.225296020507813 0.135940551757813 0.126449584960938 -0.0629806518554687
0.235977172851563 0.167984008789063 0.124588012695313 -0.0725479125976562
0.152389526367188 0.232254028320313 0.142349243164063 -0.04119873046875
-0.0110321044921875 0.248672485351562 0.134452819824219 -0.0405807495117187
-0.130416870117188 0.193328857421875 0.1558837890625 -0.0236358642578125
-0.228424072265625 0.0102386474609375 0.247726440429688 0.0144500732421875
-0.219284057617188 -0.135818481445312 0.36328125 0.08837890625
-0.16168212890625 -0.169906616210938 0.404052734375 0.30938720703125
-0.345703125 -0.239227294921875 0.083343505859375 -0.25311279296875
-0.41839599609375 -0.09539794921875 -0.0334320068359375 -0.191497802734375
-0.361083984375 0.124481201171875 -0.0857315063476563 -0.0653305053710937
-0.184417724609375 0.312225341796875 -0.0398368835449219 0.014434814453125
0.02056884765625 0.314117431640625 -0.00996780395507812 -0.00036144256591795
0.22991943359375 0.252853393554688 0.0374946594238281 -0.00546264648437499
0.288543701171875 0.13177490234375 0.0256996154785156 -0.0355720520019531
0.25537109375 0.131103515625 0.00759124755859377 -0.0745010375976562
0.281585693359375 0.16363525390625 0.0152359008789063 -0.0938262939453125
0.210113525390625 0.244705200195312 0.059661865234375 -0.0998992919921875
0.03656005859375 0.29827880859375 0.0860443115234375 -0.114555358886719
-0.119705200195313 0.280746459960938 0.1513671875 -0.090850830078125
-0.299346923828125 0.0931091308593749 0.270553588867188 -0.02984619140625
-0.3544921875 -0.0938110351562501 0.332489013671875 0.071319580078125
-0.3089599609375 -0.17242431640625 0.34417724609375 0.251861572265625
-0.41094970703125 -0.160552978515625 -0.00155639648437505 -0.302734375
-0.423248291015625 -0.000305175781249979 -0.0851898193359375 -0.198959350585938
-0.316619873046875 0.176239013671875 -0.0775527954101563 -0.0771713256835938
-0.13250732421875 0.3077392578125 -0.0326957702636719 -0.0452041625976562
0.048126220703125 0.28668212890625 -0.0465927124023437 -0.0789413452148438
0.23138427734375 0.219085693359375 -0.050750732421875 -0.0648994445800781
0.270843505859375 0.1068115234375 -0.0865402221679687 -0.0542449951171875
0.250900268554688 0.109878540039062 -0.106483459472656 -0.07061767578125
0.282012939453125 0.134979248046875 -0.0966873168945313 -0.106948852539062
0.224899291992188 0.223175048828125 -0.037841796875 -0.147186279296875
0.068328857421875 0.300262451171875 0.017486572265625 -0.179214477539063
-0.09259033203125 0.31414794921875 0.12640380859375 -0.153289794921875
-0.319671630859375 0.143890380859375 0.253311157226563 -0.07086181640625
-0.421173095703125 -0.0467529296875 0.252655029296875 0.0536346435546875
-0.39862060546875 -0.146148681640625 0.2391357421875 0.172836303710938
-0.418609619140625 -0.0688781738281251 -0.099273681640625 -0.328887939453125
-0.373321533203125 0.094635009765625 -0.130416870117188 -0.184219360351562
-0.224517822265625 0.211044311523437 -0.0688323974609375 -0.0813140869140625
-0.0540313720703125 0.266799926757813 -0.0324554443359375 -0.09967041015625
0.0767669677734375 0.218734741210938 -0.084136962890625 -0.132278442382812
0.20416259765625 0.14862060546875 -0.132125854492188 -0.102882385253906
0.218017578125 0.0631561279296875 -0.185043334960938 -0.06170654296875
0.205230712890625 0.0714874267578125 -0.20703125 -0.0606689453125
0.232528686523438 0.091156005859375 -0.199539184570313 -0.104080200195312
0.194778442382813 0.163040161132813 -0.133163452148437 -0.182144165039063
0.0748443603515625 0.240921020507813 -0.0469970703125 -0.225448608398437
-0.053375244140625 0.268508911132813 0.090728759765625 -0.194198608398437
-0.2642822265625 0.152587890625 0.208419799804687 -0.0923309326171875
-0.39111328125 0.00491333007812499 0.147064208984375 0.0423126220703125
-0.406158447265625 -0.08843994140625 0.109336853027344 0.0972518920898437
-0.378814697265625 0.0247802734375 -0.193817138671875 -0.33050537109375
-0.28857421875 0.161590576171875 -0.173065185546875 -0.161087036132813
-0.116790771484375 0.216262817382812 -0.0730667114257813 -0.0747756958007812
0.027587890625 0.197738647460938 -0.0413360595703125 -0.121734619140625
0.0988006591796875 0.121864318847656 -0.113510131835937 -0.14678955078125
0.151229858398438 0.055023193359375 -0.191986083984375 -0.11492919921875
0.130195617675781 0.0095367431640625 -0.253585815429687 -0.050506591796875
0.1275634765625 0.0202407836914063 -0.275985717773438 -0.041748046875
0.146865844726563 0.0371551513671875 -0.26837158203125 -0.0960235595703125
0.121826171875 0.07421875 -0.19805908203125 -0.19708251953125
0.057281494140625 0.12774658203125 -0.09014892578125 -0.24114990234375
-0.00599670410156251 0.160171508789063 0.0636138916015625 -0.2039794921875
-0.147445678710937 0.11651611328125 0.15673828125 -0.0924835205078125
-0.2747802734375 0.0535430908203126 0.0439987182617187 0.0408554077148437
-0.3338623046875 -0.00503540039062507 -0.016021728515625 0.0395011901855469
-0.283111572265625 0.10369873046875 -0.28857421875 -0.31451416015625
-0.17706298828125 0.189849853515625 -0.220062255859375 -0.12890625
-0.0191192626953125 0.192901611328125 -0.0863265991210938 -0.052398681640625
0.090057373046875 0.113250732421875 -0.0648345947265625 -0.119163513183594
0.10394287109375 0.0224533081054688 -0.1331787109375 -0.130058288574219
0.0844268798828125 -0.0347442626953125 -0.223159790039063 -0.0969085693359375
0.0321159362792969 -0.0434341430664063 -0.283294677734375 -0.0303955078125001
0.0358161926269531 -0.0301704406738281 -0.30303955078125 -0.012847900390625
0.0357856750488281 -0.0243034362792969 -0.295013427734375 -0.07861328125
0.02587890625 -0.0301017761230469 -0.224822998046875 -0.194183349609375
0.0342178344726563 -0.00598526000976563 -0.101593017578125 -0.23199462890625
0.0452537536621094 0.0262184143066406 0.04888916015625 -0.191482543945313
-0.00325775146484375 0.07330322265625 0.113136291503906 -0.064666748046875
-0.108406066894531 0.109573364257813 -0.0234184265136719 0.0547218322753906
-0.211288452148438 0.0922698974609376 -0.107856750488281 0.0108642578125
0.0373077392578125 -0.192825317382813 0.162582397460938 -0.0569305419921875
-0.123153686523438 -0.16387939453125 0.0358352661132812 -0.0965728759765625
-0.17138671875 0.01416015625 -0.110084533691406 0.022308349609375
-0.0864944458007813 0.130767822265625 -0.05145263671875 0.187881469726563
0.00469207763671874 0.131195068359375 0.08892822265625 0.209762573242187
0.0856246948242188 0.104682922363281 0.246292114257813 0.154083251953125
0.10992431640625 0.0634002685546875 0.30303955078125 0.041595458984375
0.0834503173828125 0.0719375610351563 0.280487060546875 -0.0226593017578125
0.07733154296875 0.0970535278320313 0.253524780273438 -0.00430297851562499
0.0095977783203125 0.121574401855469 0.211349487304688 0.06109619140625
-0.076995849609375 0.08624267578125 0.152572631835937 0.0683441162109375
-0.11846923828125 0.000831604003906232 0.109756469726562 0.0614166259765625
-0.0639724731445313 -0.128166198730469 0.158218383789063 0.068756103515625
0.0607147216796875 -0.182098388671875 0.3101806640625 0.10662841796875
0.15191650390625 -0.127349853515625 0.364959716796875 0.357574462890625
-0.118408203125 -0.252471923828125 0.159500122070313 -0.10662841796875
-0.268936157226563 -0.168975830078125 0.0254058837890625 -0.122283935546875
-0.278915405273438 0.0569305419921875 -0.104385375976563 -0.00911712646484375
-0.141860961914062 0.224456787109375 -0.051605224609375 0.141708374023438
0.01239013671875 0.229217529296875 0.0572509765625 0.153106689453125
0.16455078125 0.18170166015625 0.1959228515625 0.113784790039063
0.205062866210937 0.098419189453125 0.237075805664063 0.0223236083984375
0.170379638671875 0.104812622070313 0.21466064453125 -0.0424652099609375
0.175872802734375 0.135284423828125 0.198715209960938 -0.036102294921875
0.0931854248046875 0.184051513671875 0.182373046875 0.01275634765625
-0.0422515869140625 0.17706298828125 0.145965576171875 0.0144195556640625
-0.129013061523438 0.101150512695313 0.132003784179687 0.0146560668945313
-0.152267456054688 -0.06494140625 0.20697021484375 0.0307464599609375
-0.0850372314453125 -0.170806884765625 0.35321044921875 0.085784912109375
-0.00663757324218751 -0.162017822265625 0.413482666015625 0.331146240234375
-0.25543212890625 -0.271270751953125 0.118377685546875 -0.173233032226563
-0.373443603515625 -0.143829345703125 -0.010833740234375 -0.1513671875
-0.347991943359375 0.0961914062500001 -0.101181030273438 -0.0335617065429687
-0.17388916015625 0.289703369140625 -0.0489730834960938 0.08624267578125
0.02166748046875 0.2952880859375 0.0218276977539063 0.083648681640625
0.217941284179687 0.23114013671875 0.121795654296875 0.0626296997070313
0.269607543945313 0.119598388671875 0.139251708984375 0.000205993652343757
0.2354736328125 0.12274169921875 0.116058349609375 -0.0529022216796875
0.25225830078125 0.153289794921875 0.110862731933594 -0.0636672973632812
0.16986083984375 0.225601196289063 0.123039245605469 -0.0414352416992187
0.00445556640624998 0.255081176757813 0.115005493164062 -0.0518112182617187
-0.127243041992187 0.205398559570313 0.144821166992188 -0.042999267578125
-0.241134643554688 0.0170135498046875 0.24835205078125 -0.009857177734375
-0.238983154296875 -0.1380615234375 0.367431640625 0.066650390625
-0.174209594726563 -0.181228637695312 0.40850830078125 0.287445068359375
-0.355987548828125 -0.238037109375 0.04669189453125 -0.2432861328125
-0.4268798828125 -0.0800476074218751 -0.0608978271484375 -0.175018310546875
-0.360565185546875 0.140960693359375 -0.0977401733398438 -0.0509262084960937
-0.170501708984375 0.3201904296875 -0.0428886413574219 0.0243759155273438
0.033233642578125 0.316436767578125 -0.0177497863769531 0.00514984130859377
0.242111206054688 0.2418212890625 0.0325279235839844 0.0034008026123047
0.291839599609375 0.121673583984375 0.0234336853027344 -0.0210437774658203
0.26422119140625 0.121322631835938 -3.43322753906026E-05 -0.0571861267089844
0.290374755859375 0.15045166015625 0.00286102294921876 -0.0800018310546875
0.221038818359375 0.237152099609375 0.038970947265625 -0.0922622680664062
0.046539306640625 0.3033447265625 0.0633544921875 -0.120452880859375
-0.114471435546875 0.286102294921875 0.1370849609375 -0.108345031738281
-0.30633544921875 0.095977783203125 0.263076782226563 -0.0565338134765625
-0.3653564453125 -0.091949462890625 0.33172607421875 0.048095703125
-0.3138427734375 -0.1751708984375 0.349334716796875 0.223846435546875
-0.407073974609375 -0.161407470703125 -0.04046630859375 -0.296234130859375
-0.419464111328125 0.00421142578124994 -0.11236572265625 -0.183944702148438
-0.314453125 0.181365966796875 -0.0926971435546875 -0.0641860961914063
-0.126495361328125 0.3116455078125 -0.0401268005371094 -0.0374641418457031
0.052642822265625 0.288818359375 -0.0584907531738281 -0.0664291381835937
0.234283447265625 0.21240234375 -0.0605049133300781 -0.0512161254882812
0.27294921875 0.102249145507812 -0.0938491821289062 -0.0357818603515625
0.252044677734375 0.103286743164062 -0.115730285644531 -0.0518341064453125
0.28424072265625 0.127777099609375 -0.110702514648438 -0.0863189697265625
0.230789184570313 0.215469360351563 -0.0627593994140625 -0.135711669921875
0.073394775390625 0.29937744140625 -0.00653076171874999 -0.180770874023438
-0.08673095703125 0.311920166015625 0.107437133789063 -0.165557861328125
-0.319000244140625 0.14471435546875 0.241836547851562 -0.0932159423828125
-0.420867919921875 -0.043487548828125 0.247665405273437 0.030731201171875
-0.390472412109375 -0.143524169921875 0.240570068359375 0.1461181640625
-0.406005859375 -0.063995361328125 -0.135223388671875 -0.325897216796875
-0.36041259765625 0.0928955078125 -0.158706665039063 -0.174667358398438
-0.2203369140625 0.20452880859375 -0.0869979858398438 -0.0687179565429687
-0.0543060302734375 0.260726928710938 -0.0439682006835937 -0.089813232421875
0.07318115234375 0.216354370117188 -0.0972213745117188 -0.119010925292969
0.199249267578125 0.14520263671875 -0.142913818359375 -0.088287353515625
0.21234130859375 0.0660552978515625 -0.190582275390625 -0.0408477783203125
0.20257568359375 0.0708770751953125 -0.212799072265625 -0.0386505126953125
0.229934692382813 0.09136962890625 -0.208999633789062 -0.0846405029296874
0.189559936523438 0.15838623046875 -0.154098510742188 -0.16680908203125
0.07232666015625 0.236663818359375 -0.071990966796875 -0.220474243164063
-0.0517730712890625 0.260574340820312 0.0703277587890625 -0.202651977539063
-0.260696411132813 0.145462036132812 0.193878173828125 -0.111297607421875
-0.382171630859375 0.00799560546875006 0.141036987304687 0.021759033203125
-0.389068603515625 -0.083953857421875 0.110992431640625 0.0745468139648438
-0.355621337890625 0.0331115722656249 -0.22564697265625 -0.32940673828125
-0.262893676757813 0.157119750976562 -0.19744873046875 -0.152511596679688
-0.108993530273438 0.203887939453125 -0.0859756469726562 -0.06170654296875
0.0252685546875 0.1826171875 -0.0528030395507812 -0.114715576171875
0.0867843627929688 0.114295959472656 -0.122756958007813 -0.138664245605469
0.138710021972656 0.0569686889648438 -0.199615478515625 -0.100372314453125
0.123367309570312 0.0178146362304688 -0.25634765625 -0.033721923828125
0.122734069824219 0.0269241333007812 -0.275192260742188 -0.01959228515625
0.137641906738281 0.0441818237304688 -0.2750244140625 -0.076507568359375
0.108123779296875 0.0755386352539062 -0.216384887695312 -0.181930541992187
0.048583984375 0.124336242675781 -0.110748291015625 -0.234588623046875
-0.0112152099609375 0.148269653320312 0.0429534912109375 -0.210769653320313
-0.142593383789063 0.10577392578125 0.140731811523438 -0.104171752929688
-0.256912231445312 0.051025390625 0.0424308776855469 0.0269432067871094
-0.310394287109375 -0.00109863281250005 -0.00840187072753908 0.0202865600585938
-0.258087158203125 0.114517211914062 -0.307830810546875 -0.316253662109375
-0.148880004882812 0.18505859375 -0.237472534179688 -0.127975463867188
-0.00511169433593749 0.178329467773438 -0.101066589355469 -0.0431594848632812
0.08734130859375 0.094024658203125 -0.0707550048828125 -0.110626220703125
0.0895843505859375 0.0122451782226563 -0.1400146484375 -0.121124267578125
0.0657997131347656 -0.0342292785644531 -0.226455688476563 -0.085235595703125
0.0188503265380859 -0.0320644378662109 -0.281082153320313 -0.0160064697265625
0.0264186859130859 -0.0190067291259766 -0.299652099609375 0.000427246093749943
0.0234203338623047 -0.0103359222412109 -0.2972412109375 -0.0650024414062501
0.00947189331054688 -0.018951416015625 -0.23614501953125 -0.183090209960937
0.0164852142333984 -0.00873947143554688 -0.1163330078125 -0.224334716796875
0.0325412750244141 0.0126018524169922 0.033660888671875 -0.194686889648437
0.00235366821289062 0.0539512634277344 0.102622985839844 -0.0775604248046875
-0.0850296020507813 0.097198486328125 -0.0218505859375 0.0421218872070313
-0.182830810546875 0.0927734375 -0.0963287353515625 -0.00637817382812499
0.013885498046875 -0.18670654296875 0.149185180664063 -0.0369873046875
-0.135650634765625 -0.140625 0.0317535400390625 -0.0782546997070313
-0.16253662109375 0.0330810546875 -0.104316711425781 0.0305252075195312
-0.0678634643554687 0.136489868164063 -0.041839599609375 0.186248779296875
0.01971435546875 0.125984191894531 0.0936737060546875 0.203948974609375
0.0971145629882813 0.0882644653320313 0.246429443359375 0.145339965820313
0.114547729492188 0.04730224609375 0.299652099609375 0.0362548828125
0.089630126953125 0.0575714111328125 0.272979736328125 -0.022613525390625
0.0874481201171875 0.0792465209960938 0.247650146484375 -0.00375366210937499
0.0274505615234375 0.1134033203125 0.205520629882812 0.061431884765625
-0.0604171752929687 0.093292236328125 0.145416259765625 0.0632476806640625
-0.111427307128906 0.0170822143554687 0.106124877929687 0.0521697998046875
-0.077239990234375 -0.113456726074219 0.163955688476563 0.0584259033203125
0.033905029296875 -0.176345825195313 0.3155517578125 0.099884033203125
0.127456665039063 -0.133567810058594 0.36798095703125 0.352874755859375
-0.137191772460938 -0.248062133789063 0.14056396484375 -0.0855941772460938
-0.2763671875 -0.14697265625 0.017425537109375 -0.101829528808594
-0.27178955078125 0.072662353515625 -0.101547241210938 0.00225830078125001
-0.12249755859375 0.228164672851563 -0.046173095703125 0.142288208007813
0.027587890625 0.222900390625 0.058074951171875 0.15313720703125
0.173507690429688 0.163009643554688 0.194931030273438 0.111587524414063
0.208450317382813 0.08306884765625 0.234039306640625 0.024322509765625
0.176162719726563 0.0908203125 0.207595825195313 -0.0340423583984375
0.18487548828125 0.119140625 0.191268920898437 -0.0286407470703125
0.107208251953125 0.177474975585938 0.170608520507813 0.0178680419921875
-0.02838134765625 0.183547973632813 0.132461547851562 0.0102081298828125
-0.125938415527344 0.113334655761719 0.123321533203125 0.00544738769531251
-0.166122436523438 -0.055419921875 0.207611083984375 0.0194244384765625
-0.107650756835937 -0.16888427734375 0.353363037109375 0.075927734375
-0.0251617431640625 -0.170562744140625 0.410064697265625 0.322174072265625
-0.267242431640625 -0.269622802734375 0.0951995849609375 -0.153091430664063
-0.37835693359375 -0.126434326171875 -0.0213623046875 -0.130035400390625
-0.340911865234375 0.1082763671875 -0.101753234863281 -0.0211868286132813
-0.15948486328125 0.29144287109375 -0.0464096069335938 0.0915451049804688
0.032379150390625 0.291107177734375 0.019012451171875 0.0886688232421875
0.226119995117188 0.216033935546875 0.119171142578125 0.0650634765625
0.271759033203125 0.106369018554688 0.137336730957031 0.00891113281250001
0.2398681640625 0.110504150390625 0.110542297363281 -0.0404891967773437
0.258377075195313 0.140396118164063 0.102684020996094 -0.0500259399414062
0.17962646484375 0.219711303710937 0.109382629394531 -0.0320053100585937
0.01373291015625 0.260040283203125 0.0991973876953125 -0.052886962890625
-0.125808715820312 0.2120361328125 0.130722045898438 -0.0533447265625
-0.252105712890625 0.021148681640625 0.242660522460937 -0.025604248046875
-0.254714965820312 -0.138778686523437 0.3621826171875 0.0535888671875
-0.184371948242187 -0.189865112304688 0.402557373046875 0.27215576171875
-0.358428955078125 -0.238922119140625 0.0217132568359375 -0.222015380859375
-0.42742919921875 -0.073638916015625 -0.07427978515625 -0.153396606445312
-0.358184814453125 0.145294189453125 -0.101242065429688 -0.03753662109375
-0.161041259765625 0.32147216796875 -0.0449447631835938 0.0330772399902344
0.041351318359375 0.31475830078125 -0.0230522155761719 0.0149879455566406
0.2467041015625 0.232254028320313 0.0299072265625 0.0114841461181641
0.294036865234375 0.113494873046875 0.0216007232666016 -0.00615882873535155
0.26495361328125 0.114974975585938 -0.00339126586914061 -0.0387535095214844
0.2933349609375 0.142578125 -0.00514984130859373 -0.0634002685546875
0.225250244140625 0.233154296875 0.022216796875 -0.0798568725585937
0.051116943359375 0.304473876953125 0.0439529418945313 -0.11773681640625
-0.113861083984375 0.287017822265625 0.119361877441406 -0.115440368652344
-0.3128662109375 0.0951843261718751 0.251007080078125 -0.0712738037109375
-0.372802734375 -0.0952758789062499 0.322784423828125 0.032989501953125
-0.314849853515625 -0.183502197265625 0.33984375 0.20440673828125
-0.4014892578125 -0.168182373046875 -0.0665283203125 -0.279190063476563
-0.417022705078125 0.00158691406249993 -0.129425048828125 -0.163742065429688
-0.31500244140625 0.17877197265625 -0.099090576171875 -0.0502090454101562
-0.125335693359375 0.3095703125 -0.0452003479003906 -0.0279159545898437
0.052978515625 0.288909912109375 -0.0648612976074219 -0.0553741455078125
0.234466552734375 0.208358764648437 -0.0640220642089844 -0.0388107299804687
0.272308349609375 0.100830078125 -0.0925216674804687 -0.019378662109375
0.251327514648438 0.102523803710938 -0.115531921386719 -0.0322799682617187
0.282501220703125 0.12603759765625 -0.116653442382812 -0.0686569213867188
0.227890014648438 0.212249755859375 -0.0766525268554687 -0.12091064453125
0.071746826171875 0.2989501953125 -0.0254974365234375 -0.174545288085937
-0.088714599609375 0.3074951171875 0.08795166015625 -0.17083740234375
-0.321563720703125 0.139984130859375 0.224960327148437 -0.107650756835938
-0.419952392578125 -0.0466003417968751 0.237045288085938 0.0162200927734375
-0.3831787109375 -0.15118408203125 0.232315063476563 0.127273559570313
-0.392791748046875 -0.07244873046875 -0.15911865234375 -0.31524658203125
-0.351593017578125 0.08148193359375 -0.177078247070312 -0.160720825195313
-0.222732543945313 0.193496704101563 -0.0946426391601563 -0.055999755859375
-0.0604248046875 0.254074096679687 -0.0497512817382813 -0.0788345336914063
0.0655059814453125 0.215911865234375 -0.102706909179687 -0.108322143554688
0.192794799804688 0.148681640625 -0.145034790039062 -0.0749969482421875
0.209915161132813 0.072113037109375 -0.189193725585937 -0.0254974365234375
0.200027465820312 0.07489013671875 -0.209686279296875 -0.0209197998046875
0.224853515625 0.096221923828125 -0.21197509765625 -0.06744384765625
0.18231201171875 0.160797119140625 -0.165557861328125 -0.150375366210938
0.0649566650390625 0.233795166015625 -0.0871124267578125 -0.211380004882812
-0.057220458984375 0.252273559570313 0.0520172119140625 -0.20306396484375
-0.258895874023438 0.135650634765625 0.1759033203125 -0.12103271484375
-0.371856689453125 -0.000823974609375038 0.130683898925781 0.00911712646484375
-0.371612548828125 -0.090240478515625 0.10662841796875 0.0540237426757812
-0.33306884765625 0.02496337890625 -0.245208740234375 -0.325164794921875
-0.2481689453125 0.14306640625 -0.213775634765625 -0.144989013671875
-0.107040405273438 0.186569213867188 -0.0952987670898438 -0.0502166748046875
0.014404296875 0.169921875 -0.0589828491210938 -0.105697631835937
0.0751876831054687 0.115203857421875 -0.126205444335938 -0.128379821777344
0.12762451171875 0.0638580322265625 -0.200515747070313 -0.0897369384765625
0.119102478027344 0.0300750732421875 -0.253250122070313 -0.0231628417968749
0.118949890136719 0.0363388061523438 -0.270965576171875 -0.00665283203125002
0.131019592285156 0.0526199340820313 -0.275070190429688 -0.06243896484375
0.0967788696289063 0.0841293334960938 -0.223464965820313 -0.16741943359375
0.035125732421875 0.12359619140625 -0.12139892578125 -0.225341796875
-0.0222625732421875 0.138938903808594 0.0275726318359375 -0.208938598632812
-0.142242431640625 0.0906524658203125 0.12615966796875 -0.1107177734375
-0.241867065429688 0.0393829345703125 0.0359573364257812 0.015533447265625
-0.288543701171875 -0.0101318359374999 -0.00816535949707033 -0.000688552856445314
-0.2325439453125 0.111663818359375 -0.320953369140625 -0.31427001953125
-0.129974365234375 0.172103881835938 -0.252090454101563 -0.1240234375
0.00205993652343751 0.160415649414063 -0.10693359375 -0.0317230224609375
0.0806732177734375 0.0781173706054688 -0.0742111206054687 -0.101654052734375
0.0754470825195313 0.00846099853515625 -0.136917114257813 -0.114677429199219
0.0511207580566406 -0.0252227783203125 -0.223846435546875 -0.0782623291015625
0.0134239196777344 -0.0163087844848633 -0.276962280273438 -0.01055908203125
0.0208110809326172 -0.00740432739257812 -0.292999267578125 0.00778198242187502
0.0178089141845703 0.0031280517578125 -0.29510498046875 -0.0570068359374999
-0.00192022323608398 -0.00556707382202148 -0.24066162109375 -0.171249389648437
0.000462055206298828 -0.0052032470703125 -0.124176025390625 -0.217697143554688
0.0180835723876953 0.00499725341796875 0.0229339599609375 -0.194046020507813
0.000679016113281253 0.0354537963867187 0.0916213989257813 -0.0821151733398438
-0.0702133178710937 0.0806655883789063 -0.0246162414550781 0.0293197631835938
-0.15716552734375 0.082733154296875 -0.088653564453125 -0.027374267578125
-0.00190734863281251 -0.179306030273438 0.143051147460938 -0.0134735107421875
-0.141708374023438 -0.122589111328125 0.0331878662109375 -0.0619354248046875
-0.154754638671875 0.0447540283203125 -0.0988235473632813 0.0348739624023437
-0.053466796875 0.1370849609375 -0.0367889404296875 0.18505859375
0.0305252075195313 0.120140075683594 0.0947113037109375 0.202911376953125
0.102317810058594 0.0735626220703125 0.2462158203125 0.144058227539063
0.116813659667969 0.034149169921875 0.29949951171875 0.038299560546875
0.0926361083984375 0.0459747314453125 0.272613525390625 -0.017913818359375
0.0930099487304687 0.064788818359375 0.246688842773438 0.002410888671875
0.0386810302734375 0.10504150390625 0.202285766601562 0.067840576171875
-0.0468215942382813 0.0951461791992187 0.138603210449219 0.0648651123046875
-0.104537963867188 0.0264511108398437 0.101966857910156 0.0478668212890625
-0.08441162109375 -0.099853515625 0.1680908203125 0.0521087646484375
0.0171661376953125 -0.167770385742188 0.322540283203125 0.0999755859375
0.110328674316406 -0.133613586425781 0.369659423828125 0.359405517578125
-0.150848388671875 -0.245315551757812 0.130851745605469 -0.0604095458984375
-0.281341552734375 -0.13433837890625 0.0172882080078125 -0.0841293334960938
-0.266433715820313 0.0818939208984375 -0.0974960327148438 0.008453369140625
-0.110549926757813 0.228378295898437 -0.0432281494140625 0.143081665039063
0.0361328125 0.219024658203125 0.057037353515625 0.1556396484375
0.177764892578125 0.15081787109375 0.193832397460938 0.113983154296875
0.210830688476562 0.073760986328125 0.235992431640625 0.031646728515625
0.180389404296875 0.0823822021484375 0.207809448242187 -0.0244293212890625
0.189712524414063 0.107986450195313 0.188995361328125 -0.0182037353515625
0.11712646484375 0.173507690429687 0.164886474609375 0.027069091796875
-0.019073486328125 0.189163208007813 0.123046875 0.0130157470703125
-0.124252319335938 0.122673034667969 0.115005493164062 0.000679016113281257
-0.177520751953125 -0.0473785400390625 0.207748413085938 0.011871337890625
-0.125381469726563 -0.16680908203125 0.35498046875 0.0750732421875
-0.0398101806640625 -0.178909301757812 0.404754638671875 0.32659912109375
-0.278335571289063 -0.274200439453125 0.0831146240234375 -0.128280639648438
-0.384521484375 -0.120086669921875 -0.0242538452148438 -0.111106872558594
-0.3406982421875 0.112548828125 -0.100662231445313 -0.0113067626953125
-0.152862548828125 0.292449951171875 -0.0451202392578125 0.09564208984375
0.03765869140625 0.2894287109375 0.0171279907226563 0.0945587158203125
0.228057861328125 0.20721435546875 0.11871337890625 0.0710220336914063
0.274032592773438 0.101882934570313 0.139495849609375 0.0197906494140625
0.242660522460938 0.106277465820313 0.112197875976563 -0.026580810546875
0.263031005859375 0.134445190429688 0.100234985351563 -0.0370025634765625
0.185546875 0.217926025390625 0.100791931152344 -0.0192184448242187
0.0177154541015625 0.266281127929687 0.0872955322265625 -0.0489883422851562
-0.12908935546875 0.219024658203125 0.120185852050781 -0.0570526123046875
-0.264541625976563 0.02374267578125 0.238479614257812 -0.0331878662109375
-0.270584106445313 -0.143280029296875 0.358428955078125 0.04986572265625
-0.195236206054688 -0.202590942382813 0.3953857421875 0.272979736328125
-0.364776611328125 -0.250396728515625 0.00830078124999998 -0.201751708984375
-0.433258056640625 -0.0753784179687499 -0.0796813964843751 -0.134086608886719
-0.363555908203125 0.145904541015625 -0.102867126464844 -0.0260238647460938
-0.161895751953125 0.322967529296875 -0.0455780029296875 0.0394554138183594
0.04205322265625 0.31768798828125 -0.0260334014892578 0.0236263275146485
0.247451782226563 0.230194091796875 0.0284538269042969 0.0203285217285156
0.296173095703125 0.115142822265625 0.0256195068359375 0.00657653808593751
0.267364501953125 0.11590576171875 -0.000188827514648422 -0.0243053436279297
0.29595947265625 0.1427001953125 -0.00698471069335935 -0.0492477416992187
0.226470947265625 0.234649658203125 0.0142326354980469 -0.0669631958007812
0.050811767578125 0.310455322265625 0.0314865112304687 -0.113349914550781
-0.11932373046875 0.290924072265625 0.106605529785156 -0.118118286132812
-0.325103759765625 0.092193603515625 0.2420654296875 -0.078704833984375
-0.3828125 -0.10272216796875 0.315277099609375 0.02777099609375
-0.31878662109375 -0.20037841796875 0.329376220703125 0.20050048828125
-0.401885986328125 -0.183868408203125 -0.0810546875 -0.264968872070313
-0.421417236328125 -0.00857543945312493 -0.13763427734375 -0.148590087890625
-0.324493408203125 0.172576904296875 -0.102592468261719 -0.0380096435546875
-0.132904052734375 0.310760498046875 -0.0472640991210938 -0.0194168090820312
0.04913330078125 0.294586181640625 -0.0682373046875 -0.0465545654296875
0.233139038085938 0.21185302734375 -0.0648078918457031 -0.02996826171875
0.274398803710938 0.107009887695313 -0.088958740234375 -0.00754547119140625
0.253707885742188 0.107376098632813 -0.111595153808594 -0.018890380859375
0.28350830078125 0.131683349609375 -0.118316650390625 -0.0552597045898437
0.226028442382812 0.218246459960938 -0.0837249755859375 -0.10791015625
0.066162109375 0.303497314453125 -0.0365142822265625 -0.168655395507812
-0.0987548828125 0.307373046875 0.0746002197265625 -0.170730590820312
-0.330810546875 0.133331298828125 0.2127685546875 -0.112991333007813
-0.424835205078125 -0.0584716796874999 0.227325439453125 0.009552001953125
-0.37969970703125 -0.16851806640625 0.2222900390625 0.117889404296875
-0.386016845703125 -0.09014892578125 -0.172821044921875 -0.307830810546875
-0.352874755859375 0.06475830078125 -0.188156127929688 -0.149978637695313
-0.23333740234375 0.181625366210937 -0.100082397460938 -0.0446319580078125
-0.072418212890625 0.252487182617188 -0.0527496337890625 -0.0708236694335937
0.0561370849609375 0.223495483398437 -0.104476928710938 -0.100418090820313
0.187774658203125 0.157119750976562 -0.145462036132813 -0.0677337646484375
0.212326049804688 0.0825958251953125 -0.18603515625 -0.0157012939453125
0.201095581054688 0.0836944580078125 -0.206268310546875 -0.01019287109375
0.224395751953125 0.105056762695312 -0.212982177734375 -0.056976318359375
0.17681884765625 0.170394897460937 -0.171112060546875 -0.13946533203125
0.054595947265625 0.239212036132812 -0.0957183837890625 -0.205429077148437
-0.0684051513671875 0.250045776367188 0.0405120849609375 -0.201797485351562
-0.266571044921875 0.123077392578125 0.164031982421875 -0.124465942382813
-0.37091064453125 -0.01519775390625 0.121055603027344 0.002838134765625
-0.362701416015625 -0.109039306640625 0.0988540649414062 0.0400466918945312
-0.3218994140625 0.011016845703125 -0.256256103515625 -0.32586669921875
-0.244766235351562 0.124420166015625 -0.227218627929688 -0.1405029296875
-0.11370849609375 0.172561645507813 -0.101119995117188 -0.0412216186523437
0.00114440917968751 0.164154052734375 -0.0605392456054687 -0.0987548828125
0.0628280639648438 0.119781494140625 -0.127456665039063 -0.123291015625
0.1207275390625 0.0753250122070312 -0.200469970703125 -0.0845794677734375
0.119461059570313 0.0428237915039063 -0.25048828125 -0.018341064453125
0.119010925292969 0.0467910766601563 -0.268234252929688 -0.00103759765624994
0.130058288574219 0.06597900390625 -0.2755126953125 -0.0563812255859375
0.0906219482421875 0.0961837768554688 -0.226974487304688 -0.15997314453125
0.0220489501953125 0.129486083984375 -0.127700805664062 -0.219818115234375
-0.035491943359375 0.135162353515625 0.01983642578125 -0.206939697265625
-0.14874267578125 0.076171875 0.1158447265625 -0.112205505371094
-0.236251831054688 0.021240234375 0.0275821685791015 0.00669097900390625
-0.274429321289063 -0.02752685546875 -0.0117206573486328 -0.0186691284179688
-0.217514038085937 0.103240966796875 -0.3284912109375 -0.321929931640625
-0.120254516601562 0.15673828125 -0.2633056640625 -0.123367309570312
0.00167846679687501 0.14569091796875 -0.111137390136719 -0.024078369140625
0.0687522888183594 0.0682792663574219 -0.0743942260742187 -0.0961380004882812
0.0624160766601562 0.0103645324707031 -0.134567260742188 -0.112808227539062
0.0412101745605469 -0.0140380859375 -0.222000122070313 -0.0779266357421875
0.0122594833374023 -0.00270938873291016 -0.275619506835937 -0.0116729736328125
0.019622802734375 0.00394439697265625 -0.290313720703125 0.00747680664062495
0.0164566040039063 0.0177211761474609 -0.296112060546875 -0.055877685546875
-0.00928497314453125 0.0083160400390625 -0.242874145507813 -0.168960571289062
-0.0141134262084961 0.00164222717285156 -0.12646484375 -0.216415405273438
0.00381040573120117 0.00227451324462891 0.0174560546875 -0.192642211914063
-0.00496292114257813 0.0206680297851563 0.084503173828125 -0.0844573974609375
-0.0634880065917969 0.0627899169921875 -0.02947998046875 0.0189056396484375
-0.142501831054688 0.067230224609375 -0.0873565673828125 -0.0486679077148437
-0.01348876953125 -0.173751831054688 0.146194458007813 0.010528564453125
-0.146392822265625 -0.108932495117188 0.0380020141601563 -0.0490379333496094
-0.148696899414062 0.054595947265625 -0.0953292846679688 0.0386581420898437
-0.0415267944335937 0.138984680175781 -0.0352935791015625 0.186386108398438
0.0399093627929688 0.116500854492187 0.096832275390625 0.2081298828125
0.107452392578125 0.0622482299804688 0.25213623046875 0.147369384765625
0.119194030761719 0.0240097045898438 0.30816650390625 0.04241943359375
0.0962677001953125 0.0368118286132813 0.279510498046875 -0.0126953125
0.0974502563476563 0.0535049438476562 0.254287719726563 0.00881958007812501
0.0484848022460938 0.09906005859375 0.20574951171875 0.0763702392578125
-0.0363693237304688 0.0977401733398438 0.137184143066406 0.0687179565429688
-0.0996856689453125 0.0346832275390625 0.0999984741210938 0.0466766357421875
-0.0901718139648438 -0.0899581909179688 0.175918579101563 0.048187255859375
0.0052032470703125 -0.162765502929688 0.33514404296875 0.103057861328125
0.0980911254882813 -0.134666442871094 0.3787841796875 0.375823974609375
-0.16607666015625 -0.24737548828125 0.130874633789063 -0.0366058349609375
-0.2911376953125 -0.12591552734375 0.0208969116210937 -0.0695533752441406
-0.2667236328125 0.088714599609375 -0.096038818359375 0.0134963989257813
-0.10455322265625 0.232131958007812 -0.0424652099609375 0.147232055664063
0.0433349609375 0.2198486328125 0.0577392578125 0.163528442382813
0.183868408203125 0.14459228515625 0.197586059570313 0.120574951171875
0.216827392578125 0.06719970703125 0.24560546875 0.0389556884765625
0.186676025390625 0.077117919921875 0.215911865234375 -0.0160369873046875
0.198211669921875 0.101943969726562 0.195159912109375 -0.00880432128906249
0.127182006835938 0.172592163085938 0.16680908203125 0.0391845703125
-0.011749267578125 0.197006225585938 0.118118286132813 0.0181121826171875
-0.125694274902344 0.132789611816406 0.110527038574219 -0.000236511230468742
-0.191268920898438 -0.0407562255859375 0.2119140625 0.007476806640625
-0.142669677734375 -0.16888427734375 0.365478515625 0.077667236328125
-0.0544281005859375 -0.189041137695313 0.41021728515625 0.342254638671875
-0.293365478515625 -0.282989501953125 0.0794754028320313 -0.107284545898438
-0.396759033203125 -0.11834716796875 -0.0226287841796875 -0.0960159301757813
-0.347991943359375 0.117828369140625 -0.100944519042969 -0.0042724609375
-0.152008056640625 0.29949951171875 -0.046295166015625 0.101119995117188
0.041961669921875 0.295318603515625 0.0164642333984375 0.10296630859375
0.234375 0.206466674804688 0.121116638183594 0.0786819458007813
0.283203125 0.100982666015625 0.148300170898438 0.0291900634765625
0.251312255859375 0.105087280273438 0.119102478027344 -0.0156707763671875
0.272354125976563 0.134185791015625 0.104095458984375 -0.0254974365234375
0.195449829101563 0.222549438476563 0.0994873046875 -0.00759887695312499
0.0220947265625 0.277511596679688 0.0804595947265625 -0.0446090698242187
-0.135208129882812 0.230880737304688 0.112663269042969 -0.0591888427734375
-0.28271484375 0.025543212890625 0.2398681640625 -0.0390167236328125
-0.291290283203125 -0.150177001953125 0.3638916015625 0.051605224609375
-0.209274291992188 -0.2191162109375 0.396026611328125 0.28271484375
-0.37847900390625 -0.266571044921875 0.00044250488281249 -0.18585205078125
-0.448974609375 -0.0808715820312499 -0.0823135375976563 -0.120368957519531
-0.378082275390625 0.148651123046875 -0.103973388671875 -0.01800537109375
-0.1671142578125 0.331634521484375 -0.0465164184570313 0.0458869934082031
0.04315185546875 0.32867431640625 -0.0278682708740234 0.0321216583251953
0.25335693359375 0.234329223632812 0.0290393829345703 0.0289897918701172
0.306915283203125 0.117950439453125 0.0323429107666016 0.0167694091796875
0.277389526367188 0.119171142578125 0.00486660003662111 -0.0126428604125976
0.3065185546875 0.147003173828125 -0.00712203979492186 -0.0378684997558594
0.234710693359375 0.243911743164063 0.00969314575195315 -0.055511474609375
0.051239013671875 0.32403564453125 0.0230712890625 -0.109664916992188
-0.129486083984375 0.30242919921875 0.0976028442382812 -0.121192932128906
-0.3460693359375 0.0915832519531251 0.24029541015625 -0.0849456787109375
-0.40350341796875 -0.1141357421875 0.315948486328125 0.025665283203125
-0.330657958984375 -0.220977783203125 0.3277587890625 0.2049560546875
-0.4134521484375 -0.203857421875 -0.0919952392578125 -0.256820678710938
-0.43792724609375 -0.0191650390625001 -0.145797729492188 -0.137237548828125
-0.343353271484375 0.171661376953125 -0.105514526367188 -0.0289993286132812
-0.14398193359375 0.319854736328125 -0.0488662719726563 -0.0128097534179687
0.04656982421875 0.308807373046875 -0.0708236694335938 -0.0390625
0.237518310546875 0.222503662109375 -0.0665969848632812 -0.0232582092285156
0.28558349609375 0.115875244140625 -0.0859451293945312 0.00165557861328124
0.262847900390625 0.115570068359375 -0.109687805175781 -0.00804901123046873
0.293731689453125 0.140625 -0.120559692382812 -0.04541015625
0.23150634765625 0.230331420898438 -0.0897903442382813 -0.0985946655273437
0.0626220703125 0.318206787109375 -0.0458831787109375 -0.166595458984375
-0.109832763671875 0.316619873046875 0.066131591796875 -0.173583984375
-0.349945068359375 0.127410888671875 0.208328247070312 -0.117355346679687
-0.44097900390625 -0.07147216796875 0.223770141601562 0.00759887695312499
-0.389617919921875 -0.191497802734375 0.21710205078125 0.114288330078125
-0.392333984375 -0.111572265625 -0.186004638671875 -0.307373046875
-0.365325927734375 0.0509033203125 -0.200576782226563 -0.1429443359375
-0.251617431640625 0.177413940429687 -0.104972839355469 -0.035400390625
-0.0872650146484375 0.259750366210938 -0.0544090270996094 -0.0654945373535156
0.0505523681640625 0.237030029296875 -0.108169555664063 -0.0965652465820312
0.190383911132812 0.171112060546875 -0.14874267578125 -0.06390380859375
0.221572875976563 0.094573974609375 -0.186126708984375 -0.00993347167968752
0.20867919921875 0.0943756103515625 -0.206527709960938 -0.00238037109374998
0.233261108398438 0.117828369140625 -0.217315673828125 -0.050384521484375
0.179214477539063 0.184539794921875 -0.178115844726563 -0.1331787109375
0.04669189453125 0.252273559570313 -0.104568481445312 -0.205184936523438
-0.0832366943359375 0.25592041015625 0.0322418212890625 -0.203948974609375
-0.28411865234375 0.114898681640625 0.15692138671875 -0.127517700195313
-0.3826904296875 -0.0305175781250001 0.114143371582031 -0.00142669677734375
-0.36737060546875 -0.130767822265625 0.0921859741210937 0.0306549072265625
-0.321044921875 -0.006134033203125 -0.270660400390625 -0.334320068359375
-0.2506103515625 0.108856201171875 -0.242828369140625 -0.137924194335938
-0.1273193359375 0.163299560546875 -0.10614013671875 -0.033294677734375
-0.0133514404296875 0.166427612304688 -0.0627365112304688 -0.0949325561523437
0.053924560546875 0.130256652832031 -0.129837036132813 -0.122787475585937
0.118789672851563 0.08978271484375 -0.204193115234375 -0.084228515625
0.12542724609375 0.0557937622070313 -0.25433349609375 -0.0160980224609375
0.124000549316406 0.0581893920898438 -0.271240234375 0.00224304199218755
0.1351318359375 0.079498291015625 -0.281829833984375 -0.053466796875
0.0890579223632813 0.111495971679688 -0.234573364257813 -0.157180786132812
0.0115966796875 0.140792846679688 -0.134078979492188 -0.222274780273437
-0.0504608154296875 0.137397766113281 0.01385498046875 -0.210006713867188
-0.160690307617188 0.0639190673828125 0.110816955566406 -0.114669799804687
-0.24090576171875 0.00485229492187498 0.0196914672851562 0.000955581665039063
-0.273147583007813 -0.046600341796875 -0.0173721313476563 -0.0359077453613281
-0.210723876953125 0.094940185546875 -0.342559814453125 -0.33563232421875
-0.1180419921875 0.143798828125 -0.279861450195313 -0.126617431640625
-0.00198364257812501 0.135879516601562 -0.115921020507813 -0.0186080932617188
0.0577354431152344 0.0642433166503906 -0.0745468139648438 -0.0935745239257813
0.0532646179199219 0.01385498046875 -0.134689331054687 -0.115707397460938
0.0355644226074219 -0.00257110595703125 -0.225479125976563 -0.080230712890625
0.0133981704711914 0.00849246978759766 -0.281219482421875 -0.013214111328125
0.0215835571289063 0.013885498046875 -0.29693603515625 0.00677490234375006
0.0182571411132813 0.0300483703613281 -0.3050537109375 -0.056732177734375
-0.0134143829345703 0.0225391387939453 -0.2509765625 -0.171798706054687
-0.0260543823242188 0.00978851318359375 -0.131179809570312 -0.220001220703125
-0.00932979583740234 0.00220775604248047 0.01397705078125 -0.196258544921875
-0.0132160186767578 0.00906181335449219 0.0803604125976563 -0.0864028930664063
-0.0617523193359375 0.0464134216308594 -0.0362739562988281 0.0108489990234375
-0.135704040527344 0.0524520874023438 -0.0913467407226563 -0.0704193115234375
-0.0261077880859375 -0.169097900390625 0.155517578125 0.03094482421875
-0.153945922851563 -0.0960693359375 0.0451622009277344 -0.0396041870117188
-0.144485473632813 0.06671142578125 -0.0933990478515625 0.0438308715820313
-0.029937744140625 0.142242431640625 -0.03118896484375 0.192520141601563
0.0502395629882813 0.113739013671875 0.105758666992187 0.215042114257813
0.11285400390625 0.0503082275390625 0.266189575195313 0.149505615234375
0.123680114746094 0.0121231079101563 0.325408935546875 0.03973388671875
0.101104736328125 0.0267333984375 0.29388427734375 -0.0146484375
0.103103637695313 0.0422821044921875 0.268035888671875 0.0098419189453125
0.0583419799804688 0.0931625366210938 0.21807861328125 0.0818328857421875
-0.0257720947265625 0.100120544433594 0.140960693359375 0.0738372802734375
-0.0963211059570313 0.042938232421875 0.101242065429688 0.046051025390625
-0.0967788696289062 -0.0801162719726563 0.18695068359375 0.0418701171875
-0.00772094726562501 -0.159530639648437 0.356597900390625 0.100921630859375
0.0879287719726563 -0.138374328613281 0.404449462890625 0.39599609375
-0.185836791992187 -0.2510986328125 0.13555908203125 -0.0169906616210938
-0.3062744140625 -0.11474609375 0.0259819030761719 -0.0588531494140625
-0.271377563476563 0.10186767578125 -0.09527587890625 0.0206451416015625
-0.0965576171875 0.2413330078125 -0.04046630859375 0.154708862304688
0.054534912109375 0.223846435546875 0.06317138671875 0.172531127929688
0.194686889648438 0.13763427734375 0.2088623046875 0.125839233398438
0.227645874023438 0.05804443359375 0.261703491210938 0.0402984619140625
0.198028564453125 0.069976806640625 0.229934692382812 -0.013519287109375
0.211288452148438 0.0939483642578125 0.206771850585938 -0.00445556640624999
0.142608642578125 0.172561645507813 0.1754150390625 0.0472564697265625
7.62939453125139E-05 0.207855224609375 0.117622375488281 0.02197265625
-0.126373291015625 0.14825439453125 0.108367919921875 -0.00243377685546874
-0.207870483398438 -0.031280517578125 0.220535278320313 -0.000991821289062502
-0.166015625 -0.1690673828125 0.3837890625 0.073944091796875
-0.0729217529296875 -0.199554443359375 0.432159423828125 0.358306884765625
-0.319061279296875 -0.291717529296875 0.0793304443359375 -0.090484619140625
-0.4188232421875 -0.110931396484375 -0.0212173461914063 -0.0845413208007813
-0.3619384765625 0.131561279296875 -0.100624084472656 0.00390625000000003
-0.14971923828125 0.313568115234375 -0.0446395874023437 0.109275817871094
0.052764892578125 0.307220458984375 0.0191421508789063 0.113594055175781
0.248092651367188 0.20635986328125 0.1285400390625 0.0862350463867188
0.299560546875 0.09576416015625 0.161880493164063 0.0348052978515625
0.267578125 0.101547241210937 0.131401062011719 -0.00936126708984374
0.291259765625 0.129913330078125 0.110748291015625 -0.0177154541015625
0.213470458984375 0.228195190429688 0.103561401367188 0.00234222412109376
0.032928466796875 0.294189453125 0.0763320922851563 -0.0421600341796875
-0.138412475585938 0.250564575195313 0.10821533203125 -0.0629653930664062
-0.3055419921875 0.0365905761718749 0.245452880859375 -0.0496063232421875
-0.321197509765625 -0.15338134765625 0.378509521484375 0.045379638671875
-0.233154296875 -0.234512329101562 0.412078857421875 0.29443359375
-0.407501220703125 -0.28094482421875 -0.00660705566406252 -0.1737060546875
-0.47528076171875 -0.078460693359375 -0.0863037109375 -0.109001159667969
-0.39892578125 0.1612548828125 -0.106101989746094 -0.00805664062499999
-0.17120361328125 0.349334716796875 -0.0463294982910156 0.05462646484375
0.051971435546875 0.346588134765625 -0.0283355712890625 0.0415573120117188
0.268341064453125 0.240768432617188 0.03125 0.0364913940429688
0.326690673828125 0.11737060546875 0.04058837890625 0.0250282287597656
0.296173095703125 0.1199951171875 0.0118389129638672 -0.00303173065185546
0.326690673828125 0.148101806640625 -0.0059528350830078 -0.0280570983886719
0.252838134765625 0.252471923828125 0.00870895385742189 -0.045928955078125
0.06005859375 0.344146728515625 0.0147857666015625 -0.108161926269531
-0.13519287109375 0.32373046875 0.0900497436523437 -0.126762390136719
-0.371551513671875 0.1011962890625 0.24176025390625 -0.095703125
-0.43560791015625 -0.11846923828125 0.32379150390625 0.02099609375
-0.357269287109375 -0.239349365234375 0.3358154296875 0.20928955078125
-0.440032958984375 -0.220001220703125 -0.10662841796875 -0.252304077148438
-0.4649658203125 -0.021026611328125 -0.15557861328125 -0.12677001953125
-0.36724853515625 0.183074951171875 -0.109123229980469 -0.0181655883789062
-0.15240478515625 0.33990478515625 -0.0502433776855469 -0.0061531066894531
0.0526123046875 0.329620361328125 -0.0750885009765625 -0.032745361328125
0.252685546875 0.234054565429688 -0.0687446594238281 -0.0157432556152344
0.305999755859375 0.120574951171875 -0.0831069946289062 0.0110321044921875
0.281890869140625 0.11920166015625 -0.107704162597656 0.00253295898437502
0.313995361328125 0.146636962890625 -0.124626159667969 -0.0347213745117187
0.247543334960937 0.242904663085937 -0.0969390869140625 -0.0897369384765625
0.067657470703125 0.339080810546875 -0.0576019287109375 -0.166366577148437
-0.117950439453125 0.336761474609375 0.0566864013671875 -0.17938232421875
-0.376007080078125 0.1346435546875 0.206130981445312 -0.1279296875
-0.47039794921875 -0.0777282714843751 0.224441528320313 0.0021820068359375
-0.41180419921875 -0.209716796875 0.218154907226562 0.11236572265625
-0.41192626953125 -0.126251220703125 -0.207977294921875 -0.31121826171875
-0.387725830078125 0.0445556640625 -0.215911865234375 -0.135040283203125
-0.273971557617187 0.183273315429688 -0.109886169433594 -0.0257568359375
-0.0988922119140625 0.275527954101563 -0.0572509765625 -0.0604934692382812
0.0527496337890625 0.25701904296875 -0.114585876464844 -0.0923843383789063
0.201995849609375 0.185882568359375 -0.155517578125 -0.0577392578125
0.2386474609375 0.102401733398438 -0.190139770507812 -0.00180053710937503
0.224639892578125 0.10113525390625 -0.210037231445313 0.00730895996093747
0.249435424804688 0.127120971679688 -0.227218627929688 -0.04052734375
0.19012451171875 0.198684692382812 -0.189727783203125 -0.127670288085938
0.0470428466796875 0.271163940429688 -0.117874145507813 -0.20697021484375
-0.092803955078125 0.271621704101563 0.02325439453125 -0.210739135742187
-0.30548095703125 0.116668701171875 0.153213500976562 -0.135452270507813
-0.404388427734375 -0.0409545898437501 0.10986328125 -0.00545501708984375
-0.38446044921875 -0.1502685546875 0.0867538452148437 0.0212478637695312
-0.330780029296875 -0.016357421875 -0.296051025390625 -0.34539794921875
-0.262893676757813 0.101058959960938 -0.264068603515625 -0.135177612304687
-0.141937255859375 0.163131713867188 -0.112037658691406 -0.0246658325195312
-0.025238037109375 0.175048828125 -0.0665969848632813 -0.0923385620117187
0.0509490966796875 0.14422607421875 -0.137283325195313 -0.122970581054688
0.12359619140625 0.104301452636719 -0.21453857421875 -0.081573486328125
0.137191772460938 0.0662841796875 -0.26422119140625 -0.00970458984375002
0.134101867675781 0.0672454833984375 -0.280258178710937 0.0104217529296875
0.146774291992188 0.09149169921875 -0.29547119140625 -0.046722412109375
0.0943374633789062 0.126754760742187 -0.24951171875 -0.15478515625
0.00656127929687498 0.156295776367188 -0.146591186523437 -0.225906372070313
-0.0623321533203125 0.145782470703125 0.00529479980468748 -0.21685791015625
-0.17730712890625 0.060272216796875 0.105331420898437 -0.120315551757812
-0.253875732421875 -0.00686645507812502 0.012582778930664 -0.00319194793701172
-0.280303955078125 -0.0622406005859375 -0.0268363952636719 -0.0505027770996094
-0.20892333984375 0.0904541015625 -0.36859130859375 -0.352203369140625
-0.118644714355469 0.137916564941406 -0.302886962890625 -0.125
-0.00569915771484375 0.129524230957031 -0.121971130371094 -0.0106964111328125
0.0490379333496094 0.0632286071777344 -0.07794189453125 -0.0917892456054687
0.0456619262695313 0.0203666687011719 -0.140853881835938 -0.118057250976563
0.0339832305908203 0.00890731811523437 -0.236129760742188 -0.080963134765625
0.0174541473388672 0.0199184417724609 -0.293914794921875 -0.0112304687500001
0.0248680114746094 0.0232295989990234 -0.308807373046875 0.0113525390625
0.0231132507324219 0.0416259765625 -0.320220947265625 -0.05279541015625
-0.0142669677734375 0.0367927551269531 -0.26800537109375 -0.172286987304687
-0.0350666046142578 0.0204906463623047 -0.143280029296875 -0.226654052734375
-0.0212669372558594 0.00418663024902344 0.00784301757812501 -0.204513549804688
-0.0223808288574219 -0.000514984130859377 0.075927734375 -0.0917892456054688
-0.0642967224121094 0.0340652465820313 -0.0440788269042969 0.00478363037109375
-0.132957458496094 0.0410003662109375 -0.101783752441406 -0.0910568237304687
-0.0413055419921875 -0.163177490234375 0.1700439453125 0.0464630126953125
-0.162216186523438 -0.07879638671875 0.0537071228027344 -0.0323944091796875
-0.1368408203125 0.0812225341796875 -0.0900802612304688 0.0507736206054688
-0.014129638671875 0.144912719726563 -0.0225067138671875 0.199386596679688
0.0626144409179688 0.108245849609375 0.122100830078125 0.218719482421875
0.117668151855469 0.0366058349609375 0.285491943359375 0.142669677734375
0.126335144042969 -0.00334930419921875 0.343292236328125 0.026214599609375
0.10418701171875 0.0132980346679688 0.309112548828125 -0.026641845703125
0.107963562011719 0.0284957885742188 0.283172607421875 0.000915527343750002
0.0694427490234375 0.0847396850585938 0.23480224609375 0.0800018310546875
-0.0129013061523437 0.102035522460938 0.14898681640625 0.0736541748046875
-0.0908355712890625 0.0524444580078125 0.103904724121094 0.0437469482421875
-0.103729248046875 -0.068206787109375 0.19873046875 0.028717041015625
-0.0228118896484375 -0.155288696289063 0.380645751953125 0.08782958984375
0.0733489990234375 -0.143524169921875 0.443206787109375 0.400543212890625
-0.21270751953125 -0.246017456054688 0.145599365234375 -0.000579833984375015
-0.32391357421875 -0.094573974609375 0.0319290161132812 -0.0500144958496094
-0.272415161132812 0.12261962890625 -0.0933609008789063 0.028839111328125
-0.0821533203125 0.251907348632813 -0.033416748046875 0.16290283203125
0.071624755859375 0.225677490234375 0.0746002197265625 0.179595947265625
0.207061767578125 0.125442504882812 0.225128173828125 0.124191284179687
0.239166259765625 0.04193115234375 0.279922485351563 0.0325927734375
0.21026611328125 0.05560302734375 0.245086669921875 -0.0201873779296875
0.22625732421875 0.080352783203125 0.219375610351563 -0.0070343017578125
0.162582397460937 0.167404174804687 0.18865966796875 0.049163818359375
0.0181427001953125 0.2171630859375 0.120704650878906 0.0235137939453125
-0.121795654296875 0.166534423828125 0.107177734375 -0.00650024414062499
-0.223358154296875 -0.0132293701171875 0.2288818359375 -0.0158538818359375
-0.19287109375 -0.16241455078125 0.404510498046875 0.058990478515625
-0.0986480712890625 -0.206710815429688 0.4669189453125 0.362030029296875
-0.35394287109375 -0.2891845703125 0.080657958984375 -0.0754776000976563
-0.44464111328125 -0.09033203125 -0.0189971923828125 -0.0732498168945313
-0.372161865234375 0.156494140625 -0.100028991699219 0.0142288208007813
-0.138702392578125 0.332427978515625 -0.040069580078125 0.118949890136719
0.073089599609375 0.31573486328125 0.0262298583984375 0.122955322265625
0.267776489257813 0.198974609375 0.139381408691406 0.0894241333007813
0.318450927734375 0.0799560546875 0.177459716796875 0.0333404541015625
0.286529541015625 0.0887451171875 0.143524169921875 -0.00955200195312499
0.312774658203125 0.116851806640625 0.119331359863281 -0.0149688720703125
0.239334106445313 0.224884033203125 0.110580444335938 0.00744628906250001
0.054046630859375 0.309234619140625 0.0726394653320313 -0.0406570434570312
-0.133468627929688 0.274246215820313 0.102325439453125 -0.0687332153320312
-0.3265380859375 0.05706787109375 0.24908447265625 -0.066070556640625
-0.35577392578125 -0.14324951171875 0.39398193359375 0.030029296875
-0.266448974609375 -0.241943359375 0.439117431640625 0.292327880859375
-0.446563720703125 -0.280120849609375 -0.0149078369140625 -0.161956787109375
-0.50457763671875 -0.0590209960937499 -0.0904006958007813 -0.095947265625
-0.4144287109375 0.188812255859375 -0.1064453125 0.00344085693359377
-0.163360595703125 0.375762939453125 -0.0440826416015625 0.0628929138183594
0.073028564453125 0.36126708984375 -0.0257148742675781 0.0507583618164063
0.291595458984375 0.239501953125 0.0366554260253906 0.04315185546875
0.350250244140625 0.105712890625 0.0518989562988281 0.0292701721191406
0.318389892578125 0.108856201171875 0.0206642150878906 0.00241470336914063
0.353179931640625 0.137603759765625 -0.00313949584960935 -0.0191211700439453
0.2806396484375 0.25262451171875 0.00827789306640627 -0.0370559692382812
0.08050537109375 0.3636474609375 0.00495910644531251 -0.106826782226562
-0.1295166015625 0.350189208984375 0.0795059204101562 -0.132530212402344
-0.3948974609375 0.1253662109375 0.239990234375 -0.11212158203125
-0.472686767578125 -0.10675048828125 0.33172607421875 0.00677490234374999
-0.39239501953125 -0.2447509765625 0.352081298828125 0.20538330078125
-0.475372314453125 -0.220550537109375 -0.125961303710938 -0.2432861328125
-0.49481201171875 -0.00555419921875008 -0.166702270507813 -0.1131591796875
-0.388092041015625 0.208251953125 -0.111526489257813 -0.00562286376953126
-0.15020751953125 0.366119384765625 -0.0511817932128906 0.00125503540039065
0.071258544921875 0.348907470703125 -0.0782623291015625 -0.0234375
0.27734375 0.237945556640625 -0.0708770751953125 -0.00632476806640624
0.330078125 0.1129150390625 -0.0791854858398437 0.0210494995117188
0.3043212890625 0.113677978515625 -0.10394287109375 0.0139007568359375
0.340057373046875 0.14154052734375 -0.128562927246094 -0.0215606689453125
0.27227783203125 0.246109008789063 -0.104171752929688 -0.0797500610351562
0.0858154296875 0.358856201171875 -0.0734405517578125 -0.163711547851562
-0.1143798828125 0.3621826171875 0.0427398681640625 -0.186325073242188
-0.398590087890625 0.156585693359375 0.200454711914063 -0.1422119140625
-0.505462646484375 -0.0674743652343751 0.226089477539063 -0.00794982910156251
-0.445648193359375 -0.215423583984375 0.222885131835938 0.105789184570313
-0.439208984375 -0.128143310546875 -0.23699951171875 -0.30718994140625
-0.410552978515625 0.053924560546875 -0.23480224609375 -0.121627807617188
-0.291748046875 0.200897216796875 -0.11358642578125 -0.0128936767578125
-0.1005859375 0.2977294921875 -0.0611305236816406 -0.0551033020019531
0.065338134765625 0.275177001953125 -0.123291015625 -0.0861740112304687
0.221176147460938 0.194229125976563 -0.164749145507813 -0.0477752685546875
0.260940551757812 0.101364135742187 -0.193283081054687 0.0108642578125
0.244216918945313 0.10003662109375 -0.213577270507812 0.0225677490234375
0.272537231445313 0.127578735351563 -0.237152099609375 -0.0246124267578125
0.209487915039063 0.207595825195313 -0.202850341796875 -0.115371704101562
0.05743408203125 0.290740966796875 -0.136474609375 -0.204345703125
-0.0933837890625 0.29180908203125 0.00746154785156248 -0.216720581054687
-0.325439453125 0.130218505859375 0.145172119140625 -0.1463623046875
-0.430877685546875 -0.0349426269531249 0.104835510253906 -0.0115509033203125
-0.409942626953125 -0.154754638671875 0.0812835693359375 0.011688232421875
-0.3443603515625 -0.017181396484375 -0.33343505859375 -0.345123291015625
-0.276153564453125 0.10400390625 -0.28741455078125 -0.122711181640625
-0.15447998046875 0.170013427734375 -0.117050170898438 -0.0131301879882812
-0.0307159423828125 0.186935424804688 -0.0720596313476562 -0.088592529296875
0.054595947265625 0.158187866210938 -0.148605346679688 -0.11920166015625
0.135025024414063 0.115608215332031 -0.227035522460938 -0.071685791015625
0.152847290039063 0.07135009765625 -0.273544311523438 0.00361633300781245
0.148269653320313 0.07080078125 -0.288299560546875 0.026641845703125
0.163619995117188 0.0966949462890625 -0.310211181640625 -0.02984619140625
0.106719970703125 0.138961791992188 -0.268569946289062 -0.144424438476563
0.00846862792968751 0.17364501953125 -0.166900634765625 -0.224853515625
-0.0686187744140625 0.158966064453125 -0.00932312011718753 -0.223678588867188
-0.193984985351563 0.063079833984375 0.0970687866210937 -0.127677917480469
-0.270416259765625 -0.00898742675781252 0.00430774688720701 -0.0059051513671875
-0.294158935546875 -0.068939208984375 -0.0400581359863281 -0.0634346008300781
-0.207229614257812 0.0908966064453125 -0.40728759765625 -0.355194091796875
-0.117881774902344 0.135429382324219 -0.328216552734375 -0.11395263671875
-0.008697509765625 0.126174926757813 -0.126823425292969 -2.28881835937568E-05
0.0421638488769531 0.0639152526855469 -0.0840072631835938 -0.0894927978515625
0.0422706604003906 0.0256690979003906 -0.1510009765625 -0.117507934570312
0.034576416015625 0.0197353363037109 -0.24908447265625 -0.074615478515625
0.0239315032958984 0.0296134948730469 -0.308197021484375 0.00137329101562503
0.0310707092285156 0.0304927825927734 -0.32147216796875 0.0264892578125001
0.0312423706054688 0.0514907836914063 -0.338134765625 -0.037994384765625
-0.0117073059082031 0.0514030456542969 -0.2899169921875 -0.164031982421875
-0.0422515869140625 0.0340385437011719 -0.162460327148438 -0.2286376953125
-0.0321559906005859 0.00882530212402344 -0.00529479980468749 -0.211441040039063
-0.0337677001953125 -0.00723266601562499 0.0689239501953125 -0.0970458984375
-0.0685691833496094 0.0244140625 -0.0532569885253906 0.0030670166015625
-0.132911682128906 0.034088134765625 -0.119041442871094 -0.106697082519531
-0.0556488037109375 -0.151809692382813 0.185745239257813 0.054656982421875
-0.163864135742188 -0.0569915771484375 0.0615806579589844 -0.028472900390625
-0.123527526855469 0.0934677124023437 -0.0834274291992188 0.0571136474609375
0.00311279296875001 0.141342163085938 -0.008941650390625 0.2025146484375
0.0736236572265625 0.097900390625 0.138824462890625 0.21307373046875
0.117965698242188 0.0203628540039063 0.30035400390625 0.124481201171875
0.123268127441406 -0.019927978515625 0.353302001953125 0.004425048828125
0.103736877441406 -0.001434326171875 0.31512451171875 -0.0460205078125
0.10882568359375 0.0120849609375 0.292144775390625 -0.014801025390625
0.0789337158203125 0.0725784301757813 0.248214721679687 0.0682373046875
0.00168609619140625 0.0995864868164062 0.155960083007812 0.0690765380859375
-0.0815505981445312 0.06170654296875 0.105438232421875 0.0384292602539063
-0.107208251953125 -0.0522079467773437 0.203643798828125 0.0105133056640625
-0.038726806640625 -0.145599365234375 0.396636962890625 0.062347412109375
0.05572509765625 -0.143783569335938 0.48028564453125 0.384857177734375
-0.23760986328125 -0.229141235351563 0.155487060546875 0.0100860595703125
-0.3323974609375 -0.065216064453125 0.0379104614257812 -0.0432853698730469
-0.263107299804688 0.1446533203125 -0.0875091552734375 0.0378570556640625
-0.0621490478515625 0.256607055664062 -0.0222320556640625 0.167922973632813
0.0909881591796875 0.218948364257812 0.0896759033203125 0.179412841796875
0.215972900390625 0.108154296875 0.238372802734375 0.114166259765625
0.243499755859375 0.01971435546875 0.291717529296875 0.015716552734375
0.216339111328125 0.0358734130859375 0.25323486328125 -0.0344696044921875
0.235687255859375 0.05853271484375 0.227035522460938 -0.0167388916015625
0.180831909179688 0.152801513671875 0.199127197265625 0.0435943603515625
0.03997802734375 0.218551635742188 0.122261047363281 0.0205612182617188
-0.108673095703125 0.182205200195313 0.103668212890625 -0.0109481811523437
-0.232070922851563 0.0100860595703125 0.229354858398437 -0.036041259765625
-0.216903686523437 -0.146255493164063 0.414398193359375 0.033111572265625
-0.125991821289062 -0.203460693359375 0.499359130859375 0.34521484375
-0.38568115234375 -0.269561767578125 0.0824508666992187 -0.0625762939453125
-0.458251953125 -0.05712890625 -0.0162124633789063 -0.0636367797851563
-0.366729736328125 0.186431884765625 -0.0948333740234375 0.0249557495117188
-0.11724853515625 0.345001220703125 -0.0309066772460938 0.124832153320313
0.098388671875 0.313812255859375 0.0369415283203125 0.127342224121094
0.284149169921875 0.18133544921875 0.150634765625 0.0866546630859375
0.3304443359375 0.0552978515625 0.1890869140625 0.0244293212890625
0.298553466796875 0.067138671875 0.152755737304688 -0.0157470703125
0.3291015625 0.09185791015625 0.125411987304688 -0.0156631469726562
0.262481689453125 0.210128784179688 0.117027282714844 0.00778961181640626
0.0809326171875 0.31365966796875 0.0676155090332031 -0.0398750305175781
-0.117431640625 0.29425048828125 0.0927734375 -0.0733413696289062
-0.33697509765625 0.086578369140625 0.24310302734375 -0.0866241455078125
-0.3829345703125 -0.1197509765625 0.398681640625 0.00582885742187499
-0.29974365234375 -0.2337646484375 0.462310791015625 0.2750244140625
-0.4786376953125 -0.259246826171875 -0.023040771484375 -0.14654541015625
-0.521820068359375 -0.0262145996093749 -0.0916671752929688 -0.0806961059570312
-0.41571044921875 0.222747802734375 -0.102005004882813 0.01629638671875
-0.143829345703125 0.3946533203125 -0.0385208129882813 0.0705642700195313
0.101470947265625 0.364898681640625 -0.0203132629394531 0.0592689514160156
0.31439208984375 0.224639892578125 0.0430564880371094 0.0481109619140625
0.36785888671875 0.08111572265625 0.0619163513183594 0.0295257568359375
0.33477783203125 0.087890625 0.0295047760009766 0.00540733337402344
0.37347412109375 0.11505126953125 0.000510215759277367 -0.010838508605957
0.306640625 0.239990234375 0.00998497009277346 -0.0299415588378906
0.109375 0.36968994140625 -0.00666809082031249 -0.101760864257812
-0.111358642578125 0.371856689453125 0.06488037109375 -0.135993957519531
-0.4036865234375 0.156219482421875 0.229583740234375 -0.1312255859375
-0.5006103515625 -0.0791015625 0.33160400390625 -0.013916015625
-0.42608642578125 -0.233642578125 0.365447998046875 0.188385009765625
-0.505645751953125 -0.202789306640625 -0.144500732421875 -0.226577758789063
-0.511505126953125 0.0234680175781249 -0.173202514648438 -0.0935821533203125
-0.389892578125 0.239044189453125 -0.108978271484375 0.00827026367187501
-0.133270263671875 0.388031005859375 -0.0495491027832031 0.00905990600585941
0.098358154296875 0.356414794921875 -0.0796966552734375 -0.0126953125
0.301666259765625 0.228607177734375 -0.0694351196289062 0.00482177734375003
0.3504638671875 0.093170166015625 -0.0715713500976562 0.0296173095703125
0.322052001953125 0.095611572265625 -0.0973663330078125 0.025146484375
0.36187744140625 0.1217041015625 -0.128715515136719 -0.00532531738281247
0.297454833984375 0.237457275390625 -0.107955932617187 -0.0651016235351562
0.111480712890625 0.36688232421875 -0.0889129638671875 -0.155166625976562
-0.0972900390625 0.381866455078125 0.02435302734375 -0.187164306640625
-0.4066162109375 0.183929443359375 0.186569213867187 -0.156173706054688
-0.52801513671875 -0.0408020019531249 0.220993041992187 -0.02154541015625
-0.474456787109375 -0.201416015625 0.22479248046875 0.0921478271484375
-0.459564208984375 -0.115234375 -0.265350341796875 -0.28912353515625
-0.425262451171875 0.0728759765624999 -0.24737548828125 -0.099273681640625
-0.29791259765625 0.22430419921875 -0.113128662109375 0.001007080078125
-0.09185791015625 0.31719970703125 -0.0638847351074219 -0.0471534729003906
0.0845947265625 0.284698486328125 -0.130088806152344 -0.0740585327148438
0.242782592773438 0.191024780273438 -0.168380737304687 -0.0320587158203125
0.279342651367188 0.0889739990234375 -0.190948486328125 0.0272216796875
0.261138916015625 0.088623046875 -0.209335327148438 0.040252685546875
0.293792724609375 0.11572265625 -0.240325927734375 -0.00280761718749999
0.23095703125 0.20452880859375 -0.213104248046875 -0.0963287353515624
0.07684326171875 0.300933837890625 -0.156021118164062 -0.193283081054688
-0.083984375 0.308197021484375 -0.0124969482421875 -0.216354370117187
-0.33544921875 0.150543212890625 0.130813598632812 -0.1546630859375
-0.450225830078125 -0.0166015624999999 0.09783935546875 -0.0173110961914062
-0.42999267578125 -0.14556884765625 0.0735321044921875 0.00215148925781249
-0.352569580078125 -0.00967407226562495 -0.368804931640625 -0.3292236328125
-0.28216552734375 0.112457275390625 -0.30426025390625 -0.099639892578125
-0.159698486328125 0.17974853515625 -0.118057250976563 0.000183105468749993
-0.029754638671875 0.197647094726562 -0.0777435302734375 -0.0813522338867187
0.064178466796875 0.166580200195313 -0.15838623046875 -0.108810424804687
0.148651123046875 0.118972778320312 -0.234771728515625 -0.055511474609375
0.16717529296875 0.068359375 -0.27496337890625 0.023284912109375
0.16107177734375 0.06732177734375 -0.289093017578125 0.048126220703125
0.180679321289063 0.093780517578125 -0.3173828125 -0.00466918945312496
0.1212158203125 0.143783569335938 -0.283172607421875 -0.123382568359375
0.01702880859375 0.186737060546875 -0.187896728515625 -0.214019775390625
-0.06817626953125 0.170745849609375 -0.0284576416015625 -0.22296142578125
-0.204376220703125 0.0718536376953125 0.0843582153320312 -0.132606506347656
-0.281524658203125 -0.00369262695312502 -0.00341081619262697 -0.00620746612548828
-0.3043212890625 -0.0661926269531249 -0.0547866821289063 -0.0713043212890625
-0.201004028320312 0.093597412109375 -0.445770263671875 -0.338775634765625
-0.115379333496094 0.133430480957031 -0.34735107421875 -0.090301513671875
-0.00991058349609374 0.122482299804688 -0.128013610839844 0.0127410888671875
0.03668212890625 0.0639495849609375 -0.0890426635742188 -0.0829391479492188
0.0395545959472656 0.0303497314453125 -0.16082763671875 -0.109848022460937
0.0379867553710938 0.0288047790527344 -0.259033203125 -0.0601959228515625
0.0319366455078125 0.0366020202636719 -0.3138427734375 0.0211181640625
0.0378532409667969 0.0354957580566406 -0.325286865234375 0.048858642578125
0.0415115356445313 0.0578346252441406 -0.3489990234375 -0.0140991210937501
-0.00472259521484375 0.0635147094726563 -0.30865478515625 -0.14385986328125
-0.0437507629394531 0.0486221313476563 -0.183135986328125 -0.2193603515625
-0.0407028198242188 0.0162506103515625 -0.022430419921875 -0.21282958984375
-0.0450057983398438 -0.0105934143066406 0.05914306640625 -0.10028076171875
-0.0738449096679688 0.0167083740234375 -0.0606193542480469 0.00348281860351564
-0.131698608398438 0.029388427734375 -0.137306213378906 -0.115554809570312
-0.062957763671875 -0.136741638183594 0.19793701171875 0.0590972900390625
-0.159439086914063 -0.037628173828125 0.0679054260253906 -0.0253715515136719
-0.107559204101563 0.0986328125 -0.0752716064453125 0.0602798461914063
0.0168838500976563 0.13201904296875 0.002685546875 0.198562622070313
0.0790786743164063 0.0849151611328125 0.149139404296875 0.201614379882813
0.112510681152344 0.006683349609375 0.303741455078125 0.10546875
0.115310668945313 -0.0333175659179688 0.35076904296875 -0.016845703125
0.097412109375 -0.0134735107421875 0.310699462890625 -0.062957763671875
0.104759216308594 -0.00199127197265625 0.290069580078125 -0.0302734375
0.0826873779296875 0.0590438842773437 0.252975463867188 0.054534912109375
0.0127487182617188 0.0927047729492187 0.157669067382813 0.0628814697265625
-0.0704803466796875 0.065948486328125 0.103805541992188 0.0332870483398438
-0.104690551757812 -0.037811279296875 0.20062255859375 -0.0060882568359375
-0.0486831665039062 -0.1317138671875 0.396697998046875 0.037506103515625
0.03887939453125 -0.139289855957031 0.500396728515625 0.357635498046875
-0.24932861328125 -0.207138061523438 0.163711547851562 0.018829345703125
-0.327117919921875 -0.03790283203125 0.0437049865722656 -0.0374908447265625
-0.246078491210938 0.157638549804687 -0.0795440673828125 0.0425567626953125
-0.043426513671875 0.251419067382813 -0.011474609375 0.167129516601563
0.1038818359375 0.205520629882813 0.0998077392578125 0.17364501953125
0.215499877929688 0.088470458984375 0.243728637695313 0.100296020507813
0.23809814453125 -0.0003814697265625 0.29302978515625 -0.000762939453125
0.212905883789063 0.0175628662109375 0.252273559570313 -0.0463714599609375
0.234756469726563 0.0365753173828125 0.228256225585938 -0.026031494140625
0.19000244140625 0.134841918945313 0.20440673828125 0.03497314453125
0.05859375 0.2125244140625 0.12078857421875 0.0178146362304688
-0.0931854248046875 0.189727783203125 0.0976333618164063 -0.014251708984375
-0.229507446289063 0.031036376953125 0.2210693359375 -0.0515289306640625
-0.22991943359375 -0.12451171875 0.411285400390625 0.010406494140625
-0.146469116210938 -0.191436767578125 0.513031005859375 0.318603515625
-0.400177001953125 -0.24310302734375 0.0852737426757812 -0.0494155883789063
-0.454254150390625 -0.0256042480468751 -0.0119361877441407 -0.0531005859375
-0.3515625 0.20660400390625 -0.0870285034179688 0.0317840576171875
-0.094329833984375 0.345062255859375 -0.0215225219726562 0.126441955566406
0.116943359375 0.3011474609375 0.0463485717773438 0.125709533691406
0.289886474609375 0.16046142578125 0.156967163085938 0.08038330078125
0.328887939453125 0.03076171875 0.194366455078125 0.0142669677734375
0.29827880859375 0.044708251953125 0.156600952148438 -0.02191162109375
0.33197021484375 0.067352294921875 0.128044128417969 -0.0171737670898437
0.275466918945313 0.19036865234375 0.122062683105469 0.00670623779296876
0.102630615234375 0.3074951171875 0.0627861022949219 -0.0376853942871093
-0.0975341796875 0.302032470703125 0.0817642211914063 -0.0735931396484375
-0.33380126953125 0.110321044921875 0.23046875 -0.100845336914063
-0.395111083984375 -0.09271240234375 0.3905029296875 -0.01519775390625
-0.319061279296875 -0.216339111328125 0.469024658203125 0.252685546875
-0.4940185546875 -0.23211669921875 -0.0263824462890625 -0.127792358398438
-0.5194091796875 0.00491333007812512 -0.088287353515625 -0.0666732788085938
-0.40252685546875 0.246368408203125 -0.0944671630859375 0.025360107421875
-0.120819091796875 0.3997802734375 -0.0316238403320313 0.0745773315429688
0.123443603515625 0.355560302734375 -0.0142021179199219 0.0638084411621094
0.325286865234375 0.2044677734375 0.0495529174804688 0.0506095886230469
0.369842529296875 0.05596923828125 0.071075439453125 0.0269699096679688
0.337371826171875 0.0650634765625 0.0366592407226563 0.0059967041015625
0.37969970703125 0.0892333984375 0.00484657287597659 -0.00427961349487304
0.320892333984375 0.2198486328125 0.0132331848144531 -0.0234642028808594
0.133148193359375 0.363433837890625 -0.014434814453125 -0.0943756103515625
-0.0907287597656251 0.37939453125 0.0503463745117187 -0.132827758789062
-0.3985595703125 0.181121826171875 0.213104248046875 -0.1416015625
-0.5108642578125 -0.050750732421875 0.321533203125 -0.030792236328125
-0.443389892578125 -0.212371826171875 0.366058349609375 0.17047119140625
-0.517333984375 -0.1785888671875 -0.15460205078125 -0.203811645507812
-0.510955810546875 0.0495910644531251 -0.1727294921875 -0.074371337890625
-0.381927490234375 0.262847900390625 -0.101905822753906 0.0187225341796875
-0.1148681640625 0.397186279296875 -0.0455513000488281 0.0157318115234375
0.119232177734375 0.3511962890625 -0.0769119262695313 -0.00321960449218748
0.314483642578125 0.212982177734375 -0.0641250610351562 0.0148811340332031
0.356353759765625 0.071807861328125 -0.0622940063476562 0.0351181030273437
0.3280029296875 0.075927734375 -0.0879974365234375 0.0324859619140625
0.37042236328125 0.0999755859375 -0.122589111328125 0.00891113281250003
0.312713623046875 0.22064208984375 -0.106483459472656 -0.0517349243164063
0.13226318359375 0.363525390625 -0.09881591796875 -0.142257690429687
-0.0797119140625 0.388580322265625 0.00752258300781248 -0.18060302734375
-0.401611328125 0.20733642578125 0.169021606445312 -0.162261962890625
-0.534912109375 -0.013397216796875 0.210693359375 -0.030517578125
-0.48736572265625 -0.18292236328125 0.218826293945312 0.0798797607421875
-0.466278076171875 -0.0991210937500001 -0.281494140625 -0.264129638671875
-0.42431640625 0.0913085937499999 -0.249618530273438 -0.076751708984375
-0.294921875 0.24127197265625 -0.107986450195313 0.0123367309570313
-0.0802001953125 0.326080322265625 -0.0637626647949219 -0.0390129089355469
0.100830078125 0.283935546875 -0.130683898925781 -0.0608673095703125
0.256195068359375 0.181777954101563 -0.165252685546875 -0.017578125
0.2882080078125 0.07366943359375 -0.181655883789062 0.038604736328125
0.268203735351563 0.074859619140625 -0.198883056640625 0.0528564453125
0.303070068359375 0.099609375 -0.234375 0.01708984375
0.244918823242188 0.194259643554687 -0.213546752929688 -0.0772247314453125
0.092987060546875 0.3033447265625 -0.166366577148438 -0.176834106445312
-0.071929931640625 0.31451416015625 -0.0283966064453125 -0.207901000976563
-0.333526611328125 0.16583251953125 0.114242553710937 -0.1566162109375
-0.454010009765625 0.0020751953124999 0.0887603759765625 -0.02008056640625
-0.437744140625 -0.1318359375 0.0628395080566406 -0.00467681884765626
-0.351654052734375 -0.00183105468749993 -0.38818359375 -0.301910400390625
-0.278945922851562 0.117752075195313 -0.309173583984375 -0.0762023925781251
-0.160354614257813 0.186431884765625 -0.114120483398438 0.0109939575195313
-0.027435302734375 0.204177856445313 -0.0793380737304687 -0.0728988647460937
0.0716094970703125 0.169097900390625 -0.161697387695313 -0.0954742431640625
0.159393310546875 0.1181640625 -0.234054565429688 -0.03826904296875
0.1763916015625 0.0621185302734375 -0.268814086914063 0.03955078125
0.168472290039063 0.0613555908203125 -0.2789306640625 0.064666748046875
0.19000244140625 0.0866546630859375 -0.312591552734375 0.017303466796875
0.133453369140625 0.143310546875 -0.28564453125 -0.10052490234375
0.026092529296875 0.193649291992187 -0.198883056640625 -0.196578979492188
-0.0648040771484375 0.17877197265625 -0.04412841796875 -0.21405029296875
-0.20947265625 0.0786590576171875 0.0710372924804687 -0.13140869140625
-0.286773681640625 0.00320434570312494 -0.0100135803222656 -0.00588417053222656
-0.306182861328125 -0.061737060546875 -0.0688629150390625 -0.0750198364257813
-0.19244384765625 0.09210205078125 -0.465301513671875 -0.312744140625
-0.110649108886719 0.128303527832031 -0.352325439453125 -0.0680847167968751
-0.0129165649414062 0.11749267578125 -0.124420166015625 0.02325439453125
0.0300712585449219 0.0651054382324219 -0.0904922485351563 -0.0754470825195313
0.0376510620117188 0.0350532531738281 -0.164932250976563 -0.099090576171875
0.0427703857421875 0.03533935546875 -0.2589111328125 -0.045166015625
0.0400009155273438 0.0398902893066406 -0.30938720703125 0.03759765625
0.0443649291992188 0.0382041931152344 -0.317596435546875 0.06658935546875
0.0500717163085938 0.05987548828125 -0.346832275390625 0.00912475585937504
0.00384521484375 0.0713882446289063 -0.314056396484375 -0.1207275390625
-0.0417556762695313 0.0600166320800781 -0.194778442382813 -0.203720092773438
-0.0460128784179688 0.0235977172851563 -0.0365447998046875 -0.206222534179688
-0.0548515319824219 -0.0110206604003906 0.0494308471679687 -0.0991897583007813
-0.0777664184570313 0.0107955932617188 -0.0658416748046875 0.00467300415039063
-0.128273010253906 0.0240631103515625 -0.152587890625 -0.117233276367188
-0.0652618408203125 -0.123458862304688 0.206283569335937 0.0659942626953125
-0.1502685546875 -0.02459716796875 0.073333740234375 -0.0219573974609375
-0.094573974609375 0.098388671875 -0.0678482055664062 0.0597419738769531
0.0240936279296875 0.121131896972656 0.0086212158203125 0.193008422851563
0.0797653198242188 0.0751113891601563 0.151077270507813 0.190933227539063
0.105300903320312 -0.001983642578125 0.2996826171875 0.09326171875
0.105705261230469 -0.0403671264648438 0.34368896484375 -0.02691650390625
0.0904617309570313 -0.0212478637695313 0.303375244140625 -0.069915771484375
0.0976638793945313 -0.0114212036132813 0.28558349609375 -0.03753662109375
0.0818557739257813 0.0477142333984375 0.251510620117187 0.0470733642578125
0.0191192626953125 0.08538818359375 0.156234741210938 0.0582122802734375
-0.0617294311523437 0.066558837890625 0.100669860839844 0.0311203002929688
-0.09893798828125 -0.02783203125 0.193862915039063 -0.014434814453125
-0.0529632568359375 -0.119514465332031 0.39044189453125 0.024566650390625
0.0278549194335937 -0.129783630371094 0.5023193359375 0.3421630859375
-0.250442504882813 -0.19061279296875 0.170761108398437 0.0283050537109375
-0.31689453125 -0.0226135253906249 0.0495529174804687 -0.0316238403320313
-0.231552124023438 0.16107177734375 -0.0718841552734375 0.04339599609375
-0.033233642578125 0.2418212890625 -0.00578308105468751 0.163742065429688
0.107284545898438 0.193084716796875 0.103408813476562 0.167022705078125
0.209884643554688 0.077972412109375 0.243545532226563 0.0923004150390625
0.229782104492188 -0.01177978515625 0.290008544921875 -0.0087890625
0.206146240234375 0.0062103271484375 0.249496459960937 -0.051300048828125
0.228988647460938 0.0230255126953125 0.226943969726563 -0.029388427734375
0.191192626953125 0.120681762695312 0.205169677734375 0.030517578125
0.0675811767578125 0.204391479492188 0.118698120117187 0.0184707641601563
-0.08294677734375 0.191116333007813 0.0926666259765625 -0.0132064819335937
-0.224212646484375 0.042633056640625 0.211563110351563 -0.05865478515625
-0.234649658203125 -0.109283447265625 0.40203857421875 -0.000396728515625007
-0.157455444335937 -0.1800537109375 0.511444091796875 0.30322265625
-0.401275634765625 -0.2259521484375 0.0904769897460937 -0.0356216430664063
-0.4439697265625 -0.009674072265625 -0.00535964965820315 -0.0452690124511719
-0.337432861328125 0.212921142578125 -0.0786361694335938 0.034820556640625
-0.08306884765625 0.33819580078125 -0.01544189453125 0.125541687011719
0.123809814453125 0.288848876953125 0.0506210327148438 0.124137878417969
0.287200927734375 0.147186279296875 0.159805297851563 0.0771331787109375
0.32025146484375 0.01654052734375 0.196197509765625 0.008758544921875
0.292510986328125 0.031402587890625 0.157516479492188 -0.0248870849609375
0.328155517578125 0.05078125 0.130325317382813 -0.0163116455078125
0.277481079101563 0.174362182617188 0.123703002929688 0.00617218017578126
0.1138916015625 0.299072265625 0.0597343444824219 -0.0336990356445312
-0.087158203125 0.302520751953125 0.074981689453125 -0.0701828002929687
-0.3287353515625 0.1234130859375 0.217727661132812 -0.105865478515625
-0.397796630859375 -0.0767517089843751 0.37835693359375 -0.023345947265625
-0.327972412109375 -0.205230712890625 0.463531494140625 0.240203857421875
-0.49468994140625 -0.216522216796875 -0.0236663818359375 -0.111007690429688
-0.51104736328125 0.0213623046875001 -0.0821456909179688 -0.0558929443359375
-0.391357421875 0.255615234375 -0.0863494873046875 0.028961181640625
-0.109039306640625 0.396484375 -0.02618408203125 0.0758819580078125
0.132415771484375 0.344024658203125 -0.00951385498046875 0.0665130615234375
0.325653076171875 0.191986083984375 0.0544548034667969 0.0520210266113281
0.36456298828125 0.041839599609375 0.0763015747070313 0.0251541137695313
0.334716796875 0.052703857421875 0.0419692993164063 0.00564193725585938
0.3773193359375 0.07354736328125 0.0104808807373047 0.00103473663330079
0.32440185546875 0.204864501953125 0.0167236328125 -0.019622802734375
0.143890380859375 0.356109619140625 -0.0181350708007812 -0.0862045288085937
-0.080078125 0.37896728515625 0.0413894653320312 -0.127113342285156
-0.393341064453125 0.192108154296875 0.198760986328125 -0.142654418945313
-0.511444091796875 -0.0342102050781251 0.308380126953125 -0.03521728515625
-0.448089599609375 -0.2012939453125 0.35772705078125 0.160308837890625
-0.51666259765625 -0.16888427734375 -0.153915405273437 -0.184127807617188
-0.504730224609375 0.0602416992187501 -0.167205810546875 -0.061370849609375
-0.37530517578125 0.272857666015625 -0.09503173828125 0.0237274169921875
-0.104705810546875 0.397979736328125 -0.0409202575683594 0.0198936462402344
0.12841796875 0.343292236328125 -0.0725784301757812 0.00284576416015628
0.31842041015625 0.201873779296875 -0.0580177307128906 0.0201797485351563
0.354736328125 0.05938720703125 -0.0540122985839843 0.0362968444824219
0.326629638671875 0.065093994140625 -0.0790863037109375 0.0351486206054687
0.37066650390625 0.0860595703125 -0.114669799804687 0.0167999267578125
0.316680908203125 0.209503173828125 -0.101593017578125 -0.0431594848632812
0.1424560546875 0.358978271484375 -0.101852416992188 -0.130691528320313
-0.070404052734375 0.3885498046875 -0.000747680664062522 -0.1712646484375
-0.398956298828125 0.2147216796875 0.154998779296875 -0.159393310546875
-0.534332275390625 -0.00241088867187498 0.198974609375 -0.032684326171875
-0.487884521484375 -0.1739501953125 0.209564208984375 0.0738525390625
-0.4638671875 -0.0937194824218749 -0.2833251953125 -0.243804931640625
-0.420501708984375 0.0952148437500001 -0.245513916015625 -0.062255859375
-0.2933349609375 0.24835205078125 -0.101715087890625 0.0176849365234375
-0.0748291015625 0.329376220703125 -0.0604095458984375 -0.0330581665039062
0.107635498046875 0.281494140625 -0.127395629882813 -0.05218505859375
0.261856079101563 0.176132202148438 -0.158676147460937 -0.0089111328125
0.2900390625 0.0648193359375 -0.172637939453125 0.04345703125
0.269699096679688 0.0675506591796875 -0.188629150390625 0.05804443359375
0.305694580078125 0.089996337890625 -0.2249755859375 0.0284881591796875
0.250946044921875 0.188247680664062 -0.207672119140625 -0.064605712890625
0.1002197265625 0.30218505859375 -0.16912841796875 -0.1630859375
-0.06683349609375 0.315185546875 -0.0371246337890625 -0.197280883789063
-0.333465576171875 0.17022705078125 0.102569580078125 -0.151779174804688
-0.453277587890625 0.0100402832031249 0.0802001953125 -0.0186843872070313
-0.43536376953125 -0.12890625 0.0530509948730468 -0.00795745849609376
-0.347076416015625 -0.00363159179687503 -0.390960693359375 -0.283660888671875
-0.278350830078125 0.11529541015625 -0.3060302734375 -0.062652587890625
-0.164352416992188 0.18804931640625 -0.109024047851563 0.01666259765625
-0.028656005859375 0.208160400390625 -0.077301025390625 -0.066741943359375
0.0745086669921875 0.170745849609375 -0.159561157226563 -0.0855865478515625
0.16448974609375 0.118011474609375 -0.228256225585937 -0.0289306640625
0.181243896484375 0.05902099609375 -0.259536743164063 0.046173095703125
0.171768188476563 0.0584564208984375 -0.268524169921875 0.0709991455078125
0.195343017578125 0.0820770263671875 -0.302978515625 0.029937744140625
0.139877319335938 0.14208984375 -0.2806396484375 -0.0859985351562499
0.0315399169921875 0.197860717773438 -0.2005615234375 -0.183517456054688
-0.0651092529296875 0.182418823242188 -0.050872802734375 -0.204299926757813
-0.213241577148438 0.0815277099609375 0.0627517700195312 -0.126518249511719
-0.288818359375 0.003509521484375 -0.0161199569702149 -0.00482654571533203
-0.3033447265625 -0.063690185546875 -0.0788116455078125 -0.0764389038085938
-0.184951782226563 0.085479736328125 -0.4686279296875 -0.29608154296875
-0.110107421875 0.120086669921875 -0.351287841796875 -0.054229736328125
-0.016998291015625 0.112762451171875 -0.118927001953125 0.02740478515625
0.0239791870117187 0.0672264099121094 -0.088958740234375 -0.070098876953125
0.03521728515625 0.0394439697265625 -0.163681030273438 -0.092041015625
0.0469207763671875 0.0407600402832031 -0.254302978515625 -0.0376129150390625
0.0460319519042969 0.0421066284179687 -0.302093505859375 0.04522705078125
0.049224853515625 0.0398521423339844 -0.30828857421875 0.07354736328125
0.057037353515625 0.0612144470214844 -0.338653564453125 0.021759033203125
0.0107574462890625 0.0773849487304688 -0.311920166015625 -0.105194091796875
-0.0388603210449219 0.0689659118652344 -0.197921752929687 -0.191482543945313
-0.0501251220703125 0.0294189453125 -0.0434112548828125 -0.1983642578125
-0.0638999938964844 -0.0115852355957031 0.0431137084960938 -0.0949859619140625
-0.0828628540039063 0.00531768798828123 -0.0704193115234375 0.00512695312499999
-0.12554931640625 0.016326904296875 -0.1630859375 -0.120285034179687
-0.0643997192382812 -0.114212036132813 0.216705322265625 0.0761871337890625
-0.143295288085938 -0.0178680419921875 0.0806503295898438 -0.0173797607421875
-0.087493896484375 0.09600830078125 -0.0634422302246094 0.0585060119628906
0.0274200439453125 0.113357543945313 0.0099639892578125 0.190460205078125
0.078948974609375 0.0684356689453125 0.150405883789063 0.188339233398438
0.100456237792969 -0.00614166259765625 0.297576904296875 0.090057373046875
0.0988006591796875 -0.0446929931640625 0.341766357421875 -0.029388427734375
0.0849761962890625 -0.025909423828125 0.302398681640625 -0.07012939453125
0.092742919921875 -0.0178070068359375 0.285430908203125 -0.037872314453125
0.0810012817382812 0.0404434204101562 0.25225830078125 0.0452880859375
0.0224075317382813 0.0790557861328125 0.155807495117188 0.0589599609375
-0.0562019348144531 0.0655555725097656 0.0986785888671875 0.0322265625
-0.0938186645507813 -0.0222625732421875 0.191162109375 -0.0188446044921875
-0.0535125732421875 -0.1104736328125 0.3892822265625 0.0220947265625
0.0213623046875 -0.12225341796875 0.5030517578125 0.34326171875
-0.250152587890625 -0.183120727539063 0.180007934570312 0.0405731201171875
-0.30963134765625 -0.01629638671875 0.0566978454589843 -0.0263633728027344
-0.225250244140625 0.159820556640625 -0.0671768188476563 0.0431022644042969
-0.0300750732421875 0.23553466796875 -0.0027923583984375 0.162567138671875
0.106689453125 0.187057495117188 0.104232788085938 0.165481567382812
0.206222534179688 0.072845458984375 0.243743896484375 0.0908660888671875
0.223983764648438 -0.0168304443359375 0.291107177734375 -0.011016845703125
0.202224731445312 0.001861572265625 0.250534057617187 -0.0514068603515625
0.225570678710938 0.016021728515625 0.228790283203125 -0.028167724609375
0.1922607421875 0.113540649414063 0.207473754882813 0.029937744140625
0.0721282958984375 0.200485229492187 0.117988586425781 0.02069091796875
-0.0780792236328125 0.192230224609375 0.0893096923828125 -0.0105209350585937
-0.22308349609375 0.04913330078125 0.206710815429688 -0.0605621337890625
-0.239273071289063 -0.101089477539063 0.398406982421875 -0.000671386718750006
-0.164947509765625 -0.175537109375 0.51104736328125 0.30621337890625
-0.402008056640625 -0.221954345703125 0.09881591796875 -0.022552490234375
-0.439483642578125 -0.00527954101562504 0.00138854980468747 -0.0394058227539063
-0.334564208984375 0.21453857421875 -0.0737991333007813 0.0347976684570313
-0.08135986328125 0.334716796875 -0.0123367309570313 0.125480651855469
0.12451171875 0.284576416015625 0.052978515625 0.124656677246094
0.2850341796875 0.143768310546875 0.1622314453125 0.0774993896484375
0.31719970703125 0.011871337890625 0.199569702148438 0.008087158203125
0.290130615234375 0.027435302734375 0.160675048828125 -0.0240631103515625
0.325927734375 0.044891357421875 0.134170532226563 -0.0137176513671875
0.280380249023438 0.1689453125 0.127647399902344 0.00735473632812501
0.119659423828125 0.297943115234375 0.0582275390625 -0.0291519165039062
-0.0841064453125 0.305633544921875 0.0699882507324219 -0.0656585693359375
-0.3304443359375 0.128692626953125 0.211563110351562 -0.10498046875
-0.4046630859375 -0.0686645507812499 0.37255859375 -0.023223876953125
-0.33538818359375 -0.202484130859375 0.45941162109375 0.243072509765625
-0.49627685546875 -0.215240478515625 -0.017852783203125 -0.0981903076171875
-0.50823974609375 0.0229187011718751 -0.076080322265625 -0.049346923828125
-0.389739990234375 0.25909423828125 -0.0814743041992188 0.0303726196289063
-0.10699462890625 0.396575927734375 -0.0226287841796875 0.07720947265625
0.134613037109375 0.34210205078125 -0.00629425048828123 0.0692291259765625
0.32720947265625 0.188690185546875 0.0591354370117188 0.0539512634277344
0.36322021484375 0.03704833984375 0.0805892944335938 0.0242996215820313
0.334136962890625 0.048858642578125 0.0474395751953125 0.00654220581054688
0.37811279296875 0.0677490234375 0.0160531997680664 0.0050344467163086
0.327606201171875 0.201446533203125 0.0212020874023438 -0.0168590545654297
0.14898681640625 0.356658935546875 -0.0188064575195312 -0.08050537109375
-0.079071044921875 0.383056640625 0.0373077392578125 -0.120323181152344
-0.397216796875 0.197479248046875 0.192138671875 -0.14080810546875
-0.5179443359375 -0.02960205078125 0.302581787109375 -0.032928466796875
-0.454071044921875 -0.202362060546875 0.352569580078125 0.161712646484375
-0.5198974609375 -0.171600341796875 -0.151153564453125 -0.173110961914063
-0.50640869140625 0.0604248046874999 -0.162551879882813 -0.0547027587890625
-0.3782958984375 0.277923583984375 -0.0897979736328125 0.0257034301757813
-0.104827880859375 0.401611328125 -0.0378608703613281 0.0220985412597657
0.131195068359375 0.34466552734375 -0.0691986083984375 0.00642013549804689
0.322113037109375 0.20159912109375 -0.052337646484375 0.0235137939453125
0.35614013671875 0.05517578125 -0.0484809875488281 0.0360794067382812
0.32861328125 0.063140869140625 -0.0736618041992187 0.0364608764648438
0.37286376953125 0.081573486328125 -0.108551025390625 0.0226058959960938
0.32135009765625 0.207244873046875 -0.0967941284179687 -0.0389175415039062
0.14630126953125 0.36138916015625 -0.102935791015625 -0.12445068359375
-0.071533203125 0.391754150390625 -0.00474548339843749 -0.16497802734375
-0.402923583984375 0.2178955078125 0.147750854492187 -0.155654907226562
-0.540924072265625 0.000488281250000025 0.1922607421875 -0.029052734375
-0.49090576171875 -0.17852783203125 0.201873779296875 0.074554443359375
-0.466339111328125 -0.100433349609375 -0.282958984375 -0.23529052734375
-0.425506591796875 0.092193603515625 -0.24334716796875 -0.057037353515625
-0.299530029296875 0.252716064453125 -0.0980377197265625 0.0201416015625
-0.077789306640625 0.3355712890625 -0.0576362609863281 -0.0302467346191406
0.110260009765625 0.28472900390625 -0.124275207519531 -0.0475692749023437
0.26666259765625 0.178207397460938 -0.153961181640625 -0.005401611328125
0.293609619140625 0.062957763671875 -0.167282104492188 0.04388427734375
0.272918701171875 0.0670013427734375 -0.183013916015625 0.0590057373046875
0.310394287109375 0.088348388671875 -0.219558715820312 0.0343170166015625
0.255706787109375 0.188705444335938 -0.20269775390625 -0.059906005859375
0.10333251953125 0.306304931640625 -0.169097900390625 -0.156600952148437
-0.069488525390625 0.318939208984375 -0.0395660400390625 -0.191513061523437
-0.34002685546875 0.171783447265625 0.0972900390625 -0.146728515625
-0.460235595703125 0.00817871093749996 0.074462890625 -0.0158462524414063
-0.43817138671875 -0.135345458984375 0.044036865234375 -0.00941085815429688
-0.3472900390625 -0.0131835937499999 -0.393096923828125 -0.278045654296875
-0.28350830078125 0.109100341796875 -0.307403564453125 -0.0577392578125
-0.171096801757812 0.190353393554688 -0.106521606445313 0.01849365234375
-0.033355712890625 0.214263916015625 -0.07525634765625 -0.0643997192382813
0.0749359130859375 0.175323486328125 -0.157684326171875 -0.083038330078125
0.16949462890625 0.122085571289063 -0.224151611328125 -0.0261993408203125
0.186477661132813 0.0590972900390625 -0.25604248046875 0.0463562011718751
0.175918579101563 0.0591583251953125 -0.2637939453125 0.0718231201171875
0.200759887695313 0.08197021484375 -0.298309326171875 0.0339355468750001
0.14501953125 0.145614624023438 -0.276947021484375 -0.0803375244140625
0.033721923828125 0.204116821289063 -0.20111083984375 -0.178024291992187
-0.0682830810546875 0.186477661132813 -0.0534515380859375 -0.199874877929688
-0.22174072265625 0.0815582275390625 0.0590591430664062 -0.122322082519531
-0.29473876953125 3.60938969885758E-17 -0.0211334228515625 -0.00315475463867187
-0.30426025390625 -0.072967529296875 -0.0882110595703125 -0.080474853515625
-0.183792114257813 0.0756683349609375 -0.4732666015625 -0.295989990234375
-0.113685607910156 0.112045288085938 -0.352386474609375 -0.0525207519531251
-0.02484130859375 0.110755920410156 -0.117256164550781 0.0286407470703125
0.0177688598632813 0.0722503662109375 -0.0868072509765625 -0.067962646484375
0.0341300964355469 0.0448799133300781 -0.161575317382813 -0.0900115966796875
0.0509147644042969 0.0462150573730469 -0.252777099609375 -0.03582763671875
0.0521163940429688 0.044830322265625 -0.300506591796875 0.0450744628906249
0.0537757873535156 0.0424690246582031 -0.3056640625 0.074249267578125
0.0623893737792969 0.0628318786621094 -0.3358154296875 0.0252990722656251
0.0173263549804688 0.0822906494140625 -0.309722900390625 -0.099609375
-0.037841796875 0.07720947265625 -0.198516845703125 -0.186859130859375
-0.05377197265625 0.0342674255371094 -0.0456695556640625 -0.19512939453125
-0.0720443725585938 -0.0120773315429688 0.0403366088867188 -0.092071533203125
-0.0890121459960937 -0.000106811523437486 -0.0750732421875 0.00436401367187501
-0.125114440917969 0.00614166259765627 -0.172897338867188 -0.127120971679688
-0.0634613037109375 -0.109771728515625 0.23370361328125 0.0882720947265625
-0.140373229980469 -0.01251220703125 0.0908966064453125 -0.0139312744140625
-0.0835342407226563 0.0961456298828125 -0.0618209838867188 0.0584678649902344
0.0289840698242188 0.109359741210938 0.0102386474609375 0.192352294921875
0.0791702270507813 0.0650405883789063 0.152313232421875 0.190475463867188
0.098663330078125 -0.00881195068359375 0.302215576171875 0.09185791015625
0.0962982177734375 -0.0481338500976563 0.349365234375 -0.029571533203125
0.0826263427734375 -0.0298080444335938 0.309722900390625 -0.07122802734375
0.0904769897460938 -0.0235519409179688 0.29351806640625 -0.037933349609375
0.081146240234375 0.0353240966796875 0.258956909179688 0.0464935302734375
0.0256881713867188 0.0757827758789063 0.159347534179688 0.0619049072265625
-0.0529212951660156 0.0656890869140625 0.099884033203125 0.035369873046875
-0.090545654296875 -0.0190658569335937 0.19305419921875 -0.02093505859375
-0.0542755126953125 -0.105682373046875 0.398223876953125 0.022979736328125
0.0176010131835938 -0.116622924804687 0.515594482421875 0.35638427734375
-0.255233764648438 -0.183837890625 0.195602416992187 0.05401611328125
-0.3116455078125 -0.012725830078125 0.0657386779785156 -0.0213127136230469
-0.227020263671875 0.162826538085938 -0.0644874572753906 0.0426673889160156
-0.0308685302734375 0.235183715820312 -0.0013580322265625 0.164825439453125
0.108184814453125 0.187545776367188 0.107803344726563 0.16925048828125
0.207733154296875 0.072845458984375 0.2498779296875 0.09320068359375
0.224929809570312 -0.01995849609375 0.29925537109375 -0.011566162109375
0.204147338867187 -0.0008544921875 0.259002685546875 -0.051910400390625
0.228363037109375 0.01116943359375 0.2371826171875 -0.026611328125
0.196487426757813 0.110458374023438 0.214874267578125 0.0310821533203125
0.0772552490234375 0.202774047851563 0.120552062988281 0.023681640625
-0.076934814453125 0.198150634765625 0.0902252197265625 -0.00746917724609374
-0.227691650390625 0.055267333984375 0.208251953125 -0.063446044921875
-0.2486572265625 -0.097137451171875 0.406463623046875 0.00131225585937499
-0.17547607421875 -0.175521850585938 0.522735595703125 0.319610595703125
-0.4112548828125 -0.22607421875 0.110038757324219 -0.00979614257812501
-0.446502685546875 -0.00308227539062497 0.0089759826660156 -0.0346279144287109
-0.340057373046875 0.21978759765625 -0.0711669921875 0.0349273681640625
-0.08282470703125 0.3408203125 -0.0113906860351562 0.128074645996094
0.1263427734375 0.288848876953125 0.0557098388671875 0.128997802734375
0.290924072265625 0.14495849609375 0.168563842773438 0.08026123046875
0.3212890625 0.008880615234375 0.207733154296875 0.006561279296875
0.29534912109375 0.0252685546875 0.169113159179688 -0.024505615234375
0.33380126953125 0.0418701171875 0.1409912109375 -0.010650634765625
0.288970947265625 0.169403076171875 0.1337890625 0.00952148437500001
0.12518310546875 0.304656982421875 0.0602302551269531 -0.0264816284179687
-0.08441162109375 0.316162109375 0.069610595703125 -0.0633087158203125
-0.340240478515625 0.1365966796875 0.212295532226562 -0.106216430664062
-0.42059326171875 -0.0663146972656249 0.37884521484375 -0.02008056640625
-0.348968505859375 -0.207061767578125 0.468658447265625 0.253936767578125
-0.508941650390625 -0.222900390625 -0.0110321044921875 -0.08856201171875
-0.52142333984375 0.02423095703125 -0.0717926025390625 -0.0451736450195313
-0.401763916015625 0.266754150390625 -0.0792694091796875 0.0313339233398438
-0.111114501953125 0.4078369140625 -0.0201568603515625 0.0806045532226563
0.13763427734375 0.3494873046875 -0.00441741943359373 0.0726547241210938
0.335845947265625 0.19287109375 0.0646553039550781 0.0563812255859375
0.37109375 0.035919189453125 0.0876312255859375 0.0244216918945313
0.341949462890625 0.048095703125 0.0532875061035156 0.00786590576171875
0.38861083984375 0.06683349609375 0.0212364196777344 0.0087127685546875
0.33929443359375 0.203826904296875 0.0257740020751953 -0.0145416259765625
0.155059814453125 0.366546630859375 -0.0197219848632812 -0.0778732299804687
-0.08172607421875 0.39532470703125 0.035308837890625 -0.118110656738281
-0.411590576171875 0.205047607421875 0.191864013671875 -0.140625
-0.53692626953125 -0.0265502929687501 0.304840087890625 -0.03094482421875
-0.469146728515625 -0.2120361328125 0.355865478515625 0.169158935546875
-0.533721923828125 -0.181854248046875 -0.150604248046875 -0.167266845703125
-0.521392822265625 0.0615539550781251 -0.16265869140625 -0.0504913330078125
-0.392333984375 0.288665771484375 -0.0885238647460938 0.0271759033203125
-0.108978271484375 0.416656494140625 -0.0357093811035156 0.0243415832519531
0.13555908203125 0.353729248046875 -0.0674285888671875 0.00954437255859378
0.333251953125 0.207855224609375 -0.0492706298828125 0.0256233215332031
0.36578369140625 0.054962158203125 -0.0442962646484375 0.0365028381347656
0.338470458984375 0.063690185546875 -0.0699501037597656 0.0373306274414063
0.3851318359375 0.082550048828125 -0.105972290039062 0.0272750854492187
0.333404541015625 0.21185302734375 -0.0946731567382812 -0.038299560546875
0.153106689453125 0.374053955078125 -0.105636596679687 -0.122802734375
-0.0758056640625 0.405487060546875 -0.0074615478515625 -0.16412353515625
-0.4202880859375 0.225860595703125 0.147491455078125 -0.15496826171875
-0.56170654296875 0.000213623046874895 0.192062377929687 -0.0258026123046875
-0.5068359375 -0.191497802734375 0.200149536132812 0.0780181884765625
-0.481170654296875 -0.112060546875 -0.288665771484375 -0.235076904296875
-0.440093994140625 0.0890502929687501 -0.248336791992188 -0.0548553466796875
-0.314239501953125 0.262847900390625 -0.098846435546875 0.0216598510742188
-0.082763671875 0.350494384765625 -0.0561714172363281 -0.0289421081542969
0.113494873046875 0.296051025390625 -0.124710083007812 -0.0464401245117188
0.277740478515625 0.185989379882813 -0.152908325195312 -0.00386047363281248
0.303497314453125 0.06463623046875 -0.168014526367187 0.0446319580078125
0.282928466796875 0.069122314453125 -0.182449340820312 0.0601348876953125
0.32171630859375 0.09027099609375 -0.219772338867187 0.0374755859375
0.267410278320313 0.1951904296875 -0.204193115234375 -0.05889892578125
0.10821533203125 0.319000244140625 -0.172409057617187 -0.155960083007813
-0.074798583984375 0.33184814453125 -0.0422821044921875 -0.191390991210937
-0.35662841796875 0.176910400390625 0.0971527099609375 -0.14453125
-0.47869873046875 0.00509643554687502 0.0712432861328125 -0.0134963989257813
-0.449371337890625 -0.1483154296875 0.0370559692382812 -0.0102806091308594
-0.35919189453125 -0.02557373046875 -0.405853271484375 -0.282440185546875
-0.296356201171875 0.104339599609375 -0.315216064453125 -0.056915283203125
-0.184112548828125 0.196563720703125 -0.109092712402344 0.0201873779296875
-0.038787841796875 0.227020263671875 -0.0749740600585938 -0.063568115234375
0.076934814453125 0.184890747070312 -0.159149169921875 -0.0828399658203125
0.179428100585938 0.129058837890625 -0.2265625 -0.0258636474609375
0.196075439453125 0.0612945556640625 -0.259735107421875 0.0465087890625
0.18499755859375 0.063018798828125 -0.268203735351563 0.0729827880859375
0.210159301757812 0.085296630859375 -0.302032470703125 0.038482666015625
0.154800415039063 0.151885986328125 -0.280593872070313 -0.0795745849609375
0.03619384765625 0.215286254882813 -0.205154418945313 -0.17816162109375
-0.0745086669921875 0.195968627929688 -0.056427001953125 -0.20001220703125
-0.235504150390625 0.0831146240234376 0.0582199096679687 -0.120346069335938
-0.30908203125 -0.00405883789062503 -0.0261325836181641 -0.00185775756835937
-0.312225341796875 -0.085601806640625 -0.0995635986328125 -0.0863037109375
-0.188766479492188 0.0665130615234375 -0.487060546875 -0.305419921875
-0.121452331542969 0.106941223144531 -0.36407470703125 -0.0535583496093751
-0.0325241088867187 0.113044738769531 -0.120368957519531 0.0304489135742187
0.0128173828125 0.0787353515625 -0.0866622924804688 -0.06982421875
0.0331001281738281 0.0503425598144531 -0.163604736328125 -0.0921630859375
0.0568923950195313 0.0523147583007813 -0.256576538085938 -0.0368804931640625
0.0590591430664062 0.0478897094726563 -0.307098388671875 0.04437255859375
0.0589370727539063 0.0458908081054688 -0.3111572265625 0.074249267578125
0.0689315795898438 0.0670738220214844 -0.34130859375 0.027587890625
0.0231399536132813 0.0881881713867188 -0.31378173828125 -0.0982666015625
-0.036376953125 0.0859527587890625 -0.203399658203125 -0.189407348632812
-0.058746337890625 0.0400238037109375 -0.04791259765625 -0.197021484375
-0.0818405151367188 -0.011993408203125 0.0397796630859375 -0.09130859375
-0.0977249145507812 -0.00421142578125001 -0.082061767578125 0.00316619873046876
-0.128890991210938 -0.00450134277343753 -0.187118530273437 -0.1368408203125
-0.0651702880859375 -0.105751037597656 0.257720947265625 0.097381591796875
-0.139854431152344 -0.00614166259765626 0.102516174316406 -0.0122604370117188
-0.0799942016601562 0.0996551513671875 -0.059356689453125 0.0601882934570313
0.0323715209960938 0.107002258300781 0.014312744140625 0.198654174804688
0.0823822021484375 0.0622787475585938 0.1602783203125 0.195449829101562
0.098846435546875 -0.01361083984375 0.316192626953125 0.089508056640625
0.093963623046875 -0.0536117553710937 0.364349365234375 -0.0372314453125
0.08111572265625 -0.0351715087890625 0.3226318359375 -0.078460693359375
0.08966064453125 -0.0302658081054688 0.30718994140625 -0.042633056640625
0.0837478637695313 0.0303192138671875 0.270950317382813 0.043487548828125
0.029632568359375 0.0744400024414063 0.167526245117187 0.0624847412109375
-0.0491828918457031 0.0683403015136719 0.104881286621094 0.0365371704101563
-0.089813232421875 -0.0156097412109375 0.198654174804688 -0.0277557373046875
-0.0591506958007813 -0.102340698242188 0.41558837890625 0.016815185546875
0.0126876831054687 -0.113487243652344 0.54644775390625 0.3665771484375
-0.268585205078125 -0.182952880859375 0.216201782226563 0.0644683837890625
-0.319244384765625 -0.00503540039062496 0.075408935546875 -0.0187301635742188
-0.2308349609375 0.17254638671875 -0.0626754760742188 0.0447769165039063
-0.0277862548828125 0.242034912109375 0.00251770019531248 0.170669555664063
0.114852905273438 0.19061279296875 0.115005493164063 0.173980712890625
0.215728759765625 0.069854736328125 0.263153076171875 0.0926666259765625
0.23016357421875 -0.0265960693359375 0.314544677734375 -0.017852783203125
0.210174560546875 -0.007965087890625 0.2720947265625 -0.057464599609375
0.236846923828125 0.003082275390625 0.250198364257813 -0.0298614501953125
0.207931518554687 0.1080322265625 0.226394653320313 0.0289764404296875
0.0874481201171875 0.208282470703125 0.126419067382813 0.025390625
-0.073638916015625 0.21014404296875 0.09332275390625 -0.00559997558593749
-0.235092163085937 0.065673828125 0.213394165039062 -0.0687713623046875
-0.264739990234375 -0.0897369384765625 0.423492431640625 -0.00341796875000001
-0.1917724609375 -0.175872802734375 0.552703857421875 0.329864501953125
-0.433868408203125 -0.228363037109375 0.123458862304687 -0.000396728515625014
-0.4620361328125 0.0078124999999999 0.0155792236328125 -0.0304336547851563
-0.349395751953125 0.236053466796875 -0.0700263977050782 0.0372657775878906
-0.081268310546875 0.3553466796875 -0.00638580322265625 0.132850646972656
0.13653564453125 0.297149658203125 0.061492919921875 0.134498596191406
0.306243896484375 0.145721435546875 0.180679321289063 0.0818939208984375
0.333038330078125 0.00189208984375 0.2205810546875 0.0029296875
0.308380126953125 0.018829345703125 0.179656982421875 -0.0267486572265625
0.348602294921875 0.03338623046875 0.152435302734375 -0.0109710693359375
0.30731201171875 0.167510986328125 0.142974853515625 0.00823974609375001
0.140472412109375 0.31536865234375 0.0615158081054688 -0.0247879028320312
-0.08135986328125 0.335113525390625 0.0700759887695313 -0.0615272521972656
-0.35577392578125 0.153839111328125 0.215087890625 -0.1131591796875
-0.44525146484375 -0.05645751953125 0.39166259765625 -0.02374267578125
-0.374542236328125 -0.210205078125 0.4932861328125 0.26251220703125
-0.538543701171875 -0.228240966796875 -0.00521087646484378 -0.0806121826171875
-0.543853759765625 0.035308837890625 -0.06982421875 -0.0396232604980469
-0.41339111328125 0.288970947265625 -0.0790786743164063 0.0339813232421875
-0.10833740234375 0.43011474609375 -0.016754150390625 0.084808349609375
0.14971923828125 0.3634033203125 0.000312805175781254 0.0779876708984375
0.35595703125 0.194976806640625 0.07257080078125 0.0590438842773438
0.388092041015625 0.029998779296875 0.0965499877929688 0.0224456787109375
0.358642578125 0.042572021484375 0.0608444213867188 0.00757980346679688
0.408447265625 0.05963134765625 0.0278911590576172 0.0121021270751953
0.361785888671875 0.204925537109375 0.0300865173339844 -0.0149860382080078
0.1739501953125 0.38287353515625 -0.0215835571289062 -0.0762252807617187
-0.079376220703125 0.419036865234375 0.032806396484375 -0.117507934570312
-0.432342529296875 0.2254638671875 0.192459106445312 -0.14666748046875
-0.56781005859375 -0.0152587890625001 0.313568115234375 -0.03216552734375
-0.4990234375 -0.2169189453125 0.37091064453125 0.17633056640625
-0.56494140625 -0.1876220703125 -0.155242919921875 -0.162826538085937
-0.5477294921875 0.0712280273437499 -0.167877197265625 -0.0453338623046875
-0.4071044921875 0.312469482421875 -0.0895919799804688 0.0308151245117188
-0.107757568359375 0.443511962890625 -0.0339908599853516 0.0266647338867188
0.14898681640625 0.3712158203125 -0.067108154296875 0.0136146545410156
0.3555908203125 0.212310791015625 -0.0466079711914062 0.0287628173828125
0.38525390625 0.05157470703125 -0.0427360534667968 0.0386123657226563
0.358428955078125 0.059967041015625 -0.067474365234375 0.0401573181152344
0.40655517578125 0.076904296875 -0.104034423828125 0.033111572265625
0.355682373046875 0.213836669921875 -0.0963973999023437 -0.0357437133789063
0.169952392578125 0.3912353515625 -0.111854553222656 -0.121742248535156
-0.072845458984375 0.430206298828125 -0.012176513671875 -0.164199829101562
-0.4417724609375 0.246002197265625 0.147781372070312 -0.159500122070312
-0.59246826171875 0.01214599609375 0.195510864257812 -0.026397705078125
-0.53448486328125 -0.196990966796875 0.203704833984375 0.0801544189453125
-0.509124755859375 -0.1175537109375 -0.304046630859375 -0.233367919921875
-0.466522216796875 0.097259521484375 -0.259002685546875 -0.0483245849609375
-0.328460693359375 0.28399658203125 -0.100852966308594 0.0262069702148438
-0.082672119140625 0.376251220703125 -0.0564956665039063 -0.0286216735839844
0.125579833984375 0.312042236328125 -0.127571105957031 -0.04437255859375
0.298797607421875 0.19140625 -0.155960083007812 0.000396728515625043
0.323699951171875 0.061859130859375 -0.171142578125 0.0484161376953125
0.3013916015625 0.068206787109375 -0.185791015625 0.0659027099609375
0.342864990234375 0.086944580078125 -0.22369384765625 0.04559326171875
0.287322998046875 0.19873046875 -0.210556030273437 -0.055450439453125
0.122314453125 0.33673095703125 -0.182952880859375 -0.156448364257812
-0.075958251953125 0.352752685546875 -0.0485992431640625 -0.193161010742187
-0.3780517578125 0.19256591796875 0.0960693359375 -0.14849853515625
-0.50653076171875 0.0117492675781249 0.0697593688964843 -0.0111122131347656
-0.476348876953125 -0.1572265625 0.0300369262695312 -0.0120697021484375
-0.37945556640625 -0.0292663574218749 -0.43218994140625 -0.28643798828125
-0.315887451171875 0.108428955078125 -0.333160400390625 -0.052154541015625
-0.196029663085938 0.211685180664062 -0.11199951171875 0.0248489379882813
-0.040435791015625 0.245376586914063 -0.077606201171875 -0.0642929077148437
0.083892822265625 0.197860717773438 -0.164901733398437 -0.08203125
0.195175170898438 0.1348876953125 -0.234664916992188 -0.0228424072265625
0.211166381835938 0.06219482421875 -0.269027709960938 0.0519561767578125
0.198394775390625 0.063934326171875 -0.274429321289063 0.0800323486328125
0.226821899414062 0.0853729248046875 -0.31048583984375 0.0472412109375001
0.169998168945313 0.158157348632813 -0.290740966796875 -0.07568359375
0.0445098876953125 0.230712890625 -0.21759033203125 -0.180023193359375
-0.0771484375 0.211456298828125 -0.063507080078125 -0.204391479492187
-0.253433227539063 0.0918121337890626 0.0578384399414062 -0.1220703125
-0.328277587890625 -0.00161743164062496 -0.0326118469238282 0.000492095947265624
-0.330291748046875 -0.0942687988281249 -0.114532470703125 -0.0918731689453125
-0.197372436523438 0.0641937255859375 -0.5186767578125 -0.31304931640625
-0.131156921386719 0.107475280761719 -0.384002685546875 -0.0499572753906251
-0.0383071899414063 0.119110107421875 -0.124481201171875 0.034759521484375
0.0111846923828125 0.087158203125 -0.0908203125 -0.0703659057617187
0.0349845886230469 0.0574836730957031 -0.170700073242188 -0.09320068359375
0.0642318725585938 0.0582847595214844 -0.268875122070312 -0.03521728515625
0.0683021545410156 0.0507011413574219 -0.32098388671875 0.050567626953125
0.0665626525878906 0.0496253967285156 -0.323486328125 0.0817260742187499
0.0787124633789063 0.0690383911132813 -0.354156494140625 0.0360107421875001
0.0318145751953125 0.0950469970703125 -0.327728271484375 -0.09490966796875
-0.0346603393554688 0.0964508056640625 -0.216217041015625 -0.189971923828125
-0.0643463134765625 0.0476799011230469 -0.0540618896484375 -0.203292846679688
-0.0923385620117188 -0.0105819702148438 0.0392684936523437 -0.0939254760742188
-0.108001708984375 -0.00673675537109373 -0.0907669067382813 0.00376129150390625
-0.136337280273437 -0.0125045776367188 -0.208541870117187 -0.14556884765625
-0.0683364868164062 -0.101570129394531 0.286651611328125 0.09661865234375
-0.138137817382813 0.00507354736328125 0.115928649902344 -0.0148468017578125
-0.0747909545898438 0.104141235351562 -0.0561256408691406 0.0625648498535156
0.03814697265625 0.103897094726563 0.0244598388671875 0.204193115234375
0.0868911743164063 0.0576019287109375 0.17510986328125 0.195526123046875
0.098907470703125 -0.0210113525390625 0.332275390625 0.078643798828125
0.0907516479492188 -0.0614395141601563 0.379241943359375 -0.05633544921875
0.078277587890625 -0.0426483154296875 0.334625244140625 -0.095458984375
0.0868072509765625 -0.0395355224609375 0.319671630859375 -0.057769775390625
0.0863723754882813 0.0220870971679687 0.286468505859375 0.032135009765625
0.0353851318359375 0.0721511840820312 0.178131103515625 0.0583343505859375
-0.0444717407226563 0.0725784301757813 0.11114501953125 0.0344619750976563
-0.0895919799804688 -0.00968933105468751 0.203109741210938 -0.0386810302734375
-0.0653152465820312 -0.0980987548828125 0.43450927734375 0.000488281249999994
0.0056610107421875 -0.11102294921875 0.5904541015625 0.3638916015625
-0.286468505859375 -0.17547607421875 0.241867065429687 0.067657470703125
-0.32720947265625 0.012786865234375 0.0870437622070312 -0.0182418823242188
-0.228195190429688 0.188522338867187 -0.0601654052734375 0.047607421875
-0.0185699462890625 0.249786376953125 0.0105743408203125 0.176284790039063
0.127532958984375 0.190567016601563 0.127716064453125 0.177139282226563
0.22625732421875 0.0616455078125 0.278564453125 0.0854339599609375
0.234451293945313 -0.0389862060546875 0.329620361328125 -0.03289794921875
0.216079711914063 -0.019683837890625 0.284088134765625 -0.071441650390625
0.243743896484375 -0.0115203857421875 0.263031005859375 -0.04022216796875
0.221878051757813 0.0975341796875 0.239395141601562 0.0201263427734375
0.103958129882813 0.21038818359375 0.133224487304688 0.02301025390625
-0.0640869140625 0.224960327148438 0.0967864990234375 -0.00677490234374999
-0.241806030273437 0.0840759277343751 0.216659545898437 -0.080535888671875
-0.282196044921875 -0.074737548828125 0.43963623046875 -0.020721435546875
-0.212570190429687 -0.1693115234375 0.5924072265625 0.32427978515625
-0.46319580078125 -0.216552734375 0.141555786132812 0.00593566894531249
-0.477996826171875 0.0298461914062501 0.022430419921875 -0.0258922576904297
-0.3515625 0.262176513671875 -0.0678367614746094 0.0417861938476563
-0.069183349609375 0.37322998046875 0.00105285644531249 0.138175964355469
0.155731201171875 0.3031005859375 0.0723876953125 0.138557434082031
0.325775146484375 0.135955810546875 0.193801879882813 0.07781982421875
0.34552001953125 -0.0135498046875 0.23370361328125 -0.0085296630859375
0.32183837890625 0.004913330078125 0.190765380859375 -0.0358428955078125
0.36517333984375 0.015777587890625 0.163284301757813 -0.0153045654296875
0.329681396484375 0.15655517578125 0.152374267578125 0.00155639648437501
0.1649169921875 0.323150634765625 0.0632400512695313 -0.0255813598632812
-0.068878173828125 0.35791015625 0.070953369140625 -0.0622482299804687
-0.36688232421875 0.181182861328125 0.215988159179687 -0.125244140625
-0.4716796875 -0.032135009765625 0.405517578125 -0.038787841796875
-0.405242919921875 -0.202606201171875 0.5257568359375 0.25604248046875
-0.5750732421875 -0.21624755859375 -3.07632454751072E-17 -0.0726547241210938
-0.56549072265625 0.0606079101562501 -0.0693473815917969 -0.0322151184082031
-0.418060302734375 0.324432373046875 -0.077423095703125 0.0404205322265625
-0.09271240234375 0.454925537109375 -0.0112075805664063 0.088348388671875
0.17413330078125 0.37396240234375 0.00596618652343751 0.0824737548828125
0.38287353515625 0.186737060546875 0.0818099975585938 0.0586395263671875
0.406341552734375 0.012237548828125 0.105255126953125 0.0180587768554688
0.377838134765625 0.028228759765625 0.0695953369140625 0.00506973266601563
0.43060302734375 0.039947509765625 0.03570556640625 0.0141716003417969
0.390899658203125 0.19256591796875 0.0336723327636719 -0.0164604187011719
0.20263671875 0.39404296875 -0.0264663696289062 -0.0753402709960937
-0.0626220703125 0.446685791015625 0.0286331176757812 -0.118881225585937
-0.445037841796875 0.259979248046875 0.191436767578125 -0.157638549804687
-0.59710693359375 0.01519775390625 0.32159423828125 -0.04266357421875
-0.534576416015625 -0.207427978515625 0.391204833984375 0.170379638671875
-0.603515625 -0.1748046875 -0.1634521484375 -0.153106689453125
-0.5704345703125 0.097900390625 -0.173141479492188 -0.033111572265625
-0.412933349609375 0.3487548828125 -0.0896072387695313 0.0378646850585938
-0.0916748046875 0.472442626953125 -0.0316677093505859 0.0305538177490235
0.1746826171875 0.38287353515625 -0.0657386779785156 0.0190010070800781
0.385711669921875 0.20556640625 -0.042938232421875 0.0338096618652344
0.40667724609375 0.033660888671875 -0.0379981994628906 0.0403594970703125
0.37872314453125 0.045867919921875 -0.0625648498535156 0.0450439453125
0.431854248046875 0.059234619140625 -0.101554870605469 0.0417327880859375
0.3861083984375 0.20452880859375 -0.098388671875 -0.0318984985351563
0.20025634765625 0.403900146484375 -0.121612548828125 -0.118415832519531
-0.05804443359375 0.4583740234375 -0.0204620361328125 -0.164535522460938
-0.455780029296875 0.280792236328125 0.143890380859375 -0.167831420898438
-0.6219482421875 0.04217529296875 0.198410034179688 -0.0305328369140625
-0.57257080078125 -0.1890869140625 0.211257934570312 0.0770111083984375
-0.54180908203125 -0.107696533203125 -0.32611083984375 -0.223541259765625
-0.48809814453125 0.121429443359375 -0.272720336914063 -0.0327148437499999
-0.3349609375 0.31695556640625 -0.10235595703125 0.0334625244140625
-0.068389892578125 0.40411376953125 -0.0583457946777344 -0.025787353515625
0.14727783203125 0.324188232421875 -0.131660461425781 -0.0384674072265625
0.327789306640625 0.187774658203125 -0.159011840820313 0.0087890625
0.34490966796875 0.049530029296875 -0.173751831054687 0.05706787109375
0.321685791015625 0.056549072265625 -0.18603515625 0.07666015625
0.367156982421875 0.074249267578125 -0.226058959960938 0.0595245361328125
0.31488037109375 0.19329833984375 -0.218841552734375 -0.046966552734375
0.14654541015625 0.351043701171875 -0.197921752929688 -0.15118408203125
-0.065185546875 0.377685546875 -0.060638427734375 -0.193222045898437
-0.392364501953125 0.22088623046875 0.0923309326171875 -0.154067993164063
-0.5323486328125 0.03729248046875 0.0673294067382812 -0.0110130310058594
-0.506103515625 -0.152069091796875 0.0235137939453125 -0.0131397247314453
-0.401824951171875 -0.0228881835937501 -0.464813232421875 -0.276947021484375
-0.33172607421875 0.12353515625 -0.353240966796875 -0.035247802734375
-0.201187133789063 0.23297119140625 -0.116409301757813 0.0326690673828125
-0.0321197509765625 0.265838623046875 -0.0813522338867188 -0.0625991821289062
0.097381591796875 0.208602905273438 -0.173171997070313 -0.0774078369140625
0.216720581054688 0.135772705078125 -0.243911743164063 -0.012725830078125
0.22918701171875 0.05548095703125 -0.2774658203125 0.0653076171875
0.214691162109375 0.0586700439453125 -0.27984619140625 0.0958251953125
0.245391845703125 0.0792999267578125 -0.31842041015625 0.064178466796875
0.190460205078125 0.157318115234375 -0.3040771484375 -0.063934326171875
0.060455322265625 0.243667602539062 -0.2344970703125 -0.174606323242187
-0.0743408203125 0.2288818359375 -0.0762786865234375 -0.20672607421875
-0.26727294921875 0.109542846679687 0.054290771484375 -0.126441955566406
-0.348602294921875 0.0115966796875 -0.0378456115722656 0.0041046142578125
-0.350921630859375 -0.09423828125 -0.133903503417969 -0.0929794311523437
-0.205413818359375 0.066802978515625 -0.559783935546875 -0.30517578125
-0.137733459472656 0.111862182617187 -0.40789794921875 -0.033477783203125
-0.0408782958984375 0.125747680664063 -0.129997253417969 0.0429153442382813
0.01171875 0.0962295532226563 -0.0963973999023438 -0.0688629150390625
0.0384407043457031 0.0632514953613281 -0.181167602539063 -0.0895538330078125
0.074676513671875 0.0609054565429687 -0.281524658203125 -0.024566650390625
0.079010009765625 0.0505218505859375 -0.334014892578125 0.0668029785156249
0.0767440795898438 0.0496063232421875 -0.332550048828125 0.09942626953125
0.0895767211914063 0.0700149536132813 -0.3663330078125 0.0551452636718751
0.04290771484375 0.099395751953125 -0.345001220703125 -0.0814819335937499
-0.0286102294921875 0.107002258300781 -0.234024047851563 -0.187088012695312
-0.0675468444824219 0.0568809509277344 -0.0677642822265625 -0.2066650390625
-0.104393005371094 -0.00572967529296877 0.0362548828125 -0.096710205078125
-0.118217468261719 -0.00507354736328123 -0.0985794067382813 0.00894927978515625
-0.14508056640625 -0.01641845703125 -0.2353515625 -0.14739990234375
-0.0711593627929687 -0.0945510864257813 0.313934326171875 0.085968017578125
-0.132644653320313 0.0166168212890625 0.127723693847656 -0.0211563110351562
-0.0660324096679687 0.108306884765625 -0.0505790710449219 0.06396484375
0.0433578491210938 0.0987548828125 0.037200927734375 0.205673217773438
0.0905685424804688 0.0494537353515625 0.189773559570313 0.188400268554688
0.0959625244140625 -0.0285873413085938 0.34246826171875 0.059478759765625
0.0849685668945313 -0.068145751953125 0.383697509765625 -0.08087158203125
0.0724563598632812 -0.049835205078125 0.3375244140625 -0.116485595703125
0.0813446044921875 -0.0486221313476562 0.325836181640625 -0.075897216796875
0.0870208740234375 0.012725830078125 0.294342041015625 0.016265869140625
0.0414505004882813 0.0678291320800781 0.18499755859375 0.050537109375
-0.0380325317382813 0.0746612548828125 0.115806579589844 0.0291824340820313
-0.088104248046875 -0.00251007080078126 0.203033447265625 -0.0532684326171875
-0.0706863403320313 -0.0899887084960937 0.44354248046875 -0.0242919921875
-0.00191497802734375 -0.105064392089844 0.62896728515625 0.338623046875
-0.300628662109375 -0.158660888671875 0.265289306640625 0.06292724609375
-0.327117919921875 0.03472900390625 0.0983657836914062 -0.0212326049804687
-0.21875 0.204437255859375 -0.0573806762695313 0.0516090393066406
-0.00521850585937498 0.252548217773438 0.022308349609375 0.178314208984375
0.140090942382813 0.185455322265625 0.14111328125 0.1728515625
0.234420776367187 0.047882080078125 0.290252685546875 0.07037353515625
0.234298706054688 -0.05462646484375 0.337066650390625 -0.05438232421875
0.217269897460937 -0.0344696044921875 0.289154052734375 -0.089080810546875
0.24578857421875 -0.0305633544921875 0.270370483398438 -0.055938720703125
0.233245849609375 0.080718994140625 0.246963500976563 0.00471496582031251
0.121429443359375 0.206512451171875 0.137504577636719 0.01702880859375
-0.049102783203125 0.23443603515625 0.099212646484375 -0.00846099853515624
-0.240020751953125 0.10369873046875 0.213531494140625 -0.094482421875
-0.29296875 -0.053253173828125 0.44769287109375 -0.043853759765625
-0.22967529296875 -0.15447998046875 0.6290283203125 0.30035400390625
-0.486968994140625 -0.193206787109375 0.157257080078125 0.00637817382812499
-0.481292724609375 0.062957763671875 0.0300273895263672 -0.0223979949951172
-0.34130859375 0.288238525390625 -0.063629150390625 0.0459480285644531
-0.046600341796875 0.38446044921875 0.010284423828125 0.139793395996094
0.17681884765625 0.300933837890625 0.0839080810546875 0.136528015136719
0.34423828125 0.118499755859375 0.20458984375 0.068328857421875
0.351715087890625 -0.03570556640625 0.241455078125 -0.02374267578125
0.3270263671875 -0.01629638671875 0.198043823242188 -0.0491943359375
0.373291015625 -0.010528564453125 0.17034912109375 -0.0233917236328125
0.34735107421875 0.133941650390625 0.157257080078125 -0.00588989257812499
0.19305419921875 0.319244384765625 0.0626945495605469 -0.02734375
-0.046112060546875 0.373870849609375 0.0690994262695313 -0.0618019104003906
-0.365203857421875 0.210906982421875 0.211517333984375 -0.137161254882813
-0.4864501953125 0.00302124023437499 0.40924072265625 -0.05963134765625
-0.43084716796875 -0.17987060546875 0.552093505859375 0.23333740234375
-0.6026611328125 -0.18719482421875 0.00755310058593746 -0.0649604797363281
-0.5733642578125 0.0984497070312499 -0.0643768310546875 -0.0226097106933594
-0.405487060546875 0.3587646484375 -0.0737457275390625 0.0454330444335938
-0.066497802734375 0.473419189453125 -0.00498962402343751 0.0918045043945313
0.2021484375 0.372222900390625 0.0145111083984375 0.0836944580078125
0.407501220703125 0.164886474609375 0.0908432006835938 0.0554580688476563
0.417327880859375 -0.013275146484375 0.112579345703125 0.0114364624023438
0.389404296875 0.00347900390625 0.076934814453125 -0.00115966796875
0.444122314453125 0.010467529296875 0.0431632995605469 0.013214111328125
0.41253662109375 0.168975830078125 0.0366096496582032 -0.0188026428222656
0.23590087890625 0.3917236328125 -0.031158447265625 -0.0717010498046875
-0.036468505859375 0.46484375 0.0236740112304687 -0.116851806640625
-0.441741943359375 0.297332763671875 0.182174682617187 -0.168182373046875
-0.61376953125 0.0551757812499999 0.322113037109375 -0.059295654296875
-0.5655517578125 -0.1800537109375 0.407806396484375 0.154510498046875
-0.631591796875 -0.146728515625 -0.1697998046875 -0.136260986328125
-0.578857421875 0.13397216796875 -0.173858642578125 -0.01654052734375
-0.40228271484375 0.383331298828125 -0.0866775512695313 0.046234130859375
-0.062835693359375 0.492584228515625 -0.0271377563476563 0.0332489013671875
0.204193115234375 0.383087158203125 -0.0627670288085938 0.0251502990722657
0.412689208984375 0.184967041015625 -0.03753662109375 0.0378799438476563
0.420928955078125 0.010162353515625 -0.0330314636230468 0.0413589477539062
0.393798828125 0.021728515625 -0.0553932189941406 0.0478401184082031
0.4481201171875 0.030731201171875 -0.0956954956054687 0.0501022338867187
0.410614013671875 0.18170166015625 -0.0984344482421875 -0.026519775390625
0.234710693359375 0.403594970703125 -0.131690979003906 -0.110282897949219
-0.0303955078125 0.477203369140625 -0.02972412109375 -0.160781860351562
-0.4522705078125 0.318023681640625 0.135574340820312 -0.175796508789063
-0.63677978515625 0.0839233398437498 0.198104858398438 -0.037139892578125
-0.60137939453125 -0.16278076171875 0.214981079101562 0.0690460205078125
-0.567138671875 -0.0841064453125001 -0.344390869140625 -0.2005615234375
-0.496002197265625 0.15216064453125 -0.279556274414063 -0.00982666015625005
-0.32733154296875 0.34783935546875 -0.100624084472656 0.0442352294921875
-0.04571533203125 0.42340087890625 -0.056854248046875 -0.0223159790039062
0.173126220703125 0.327056884765625 -0.134552001953125 -0.0287628173828125
0.353179931640625 0.1717529296875 -0.158477783203125 0.018646240234375
0.359954833984375 0.02801513671875 -0.170928955078125 0.0680389404296875
0.335357666015625 0.038543701171875 -0.18084716796875 0.087738037109375
0.384246826171875 0.051910400390625 -0.221466064453125 0.0769195556640625
0.337371826171875 0.176025390625 -0.222198486328125 -0.03363037109375
0.17620849609375 0.352569580078125 -0.209518432617188 -0.13909912109375
-0.044342041015625 0.39556884765625 -0.0734405517578125 -0.187637329101562
-0.393096923828125 0.2525634765625 0.084320068359375 -0.157089233398437
-0.544677734375 0.07122802734375 0.0649795532226562 -0.00922012329101562
-0.5313720703125 -0.133636474609375 0.0155982971191406 -0.0133810043334961
-0.417938232421875 -0.00753784179687498 -0.491455078125 -0.250091552734375
-0.33966064453125 0.142730712890625 -0.36505126953125 -0.00891113281249997
-0.196029663085937 0.25347900390625 -0.11590576171875 0.0444259643554688
-0.0175018310546875 0.280120849609375 -0.0856170654296875 -0.0593414306640625
0.114288330078125 0.21246337890625 -0.179641723632813 -0.068267822265625
0.235519409179687 0.1265869140625 -0.246856689453125 0.0010528564453125
0.24298095703125 0.0435638427734375 -0.279571533203125 0.0843048095703125
0.228271484375 0.0478973388671875 -0.277542114257813 0.11279296875
0.261520385742188 0.06536865234375 -0.31817626953125 0.086212158203125
0.20947265625 0.148941040039062 -0.310302734375 -0.0455322265625
0.0807342529296875 0.250350952148438 -0.249679565429688 -0.161148071289063
-0.0641937255859375 0.243667602539062 -0.0885772705078125 -0.20220947265625
-0.273056030273437 0.130874633789063 0.0460281372070312 -0.128753662109375
-0.35955810546875 0.0318603515624999 -0.0426979064941406 0.00907516479492188
-0.36895751953125 -0.084136962890625 -0.153244018554688 -0.0874481201171875
-0.20892333984375 0.07318115234375 -0.59368896484375 -0.27520751953125
-0.140853881835938 0.118087768554688 -0.423583984375 -0.00643920898437495
-0.0389785766601563 0.131500244140625 -0.12969970703125 0.0531845092773437
0.0159835815429687 0.103248596191406 -0.101417541503906 -0.0647964477539063
0.0433082580566406 0.0675773620605469 -0.188201904296875 -0.081024169921875
0.0845947265625 0.0604476928710938 -0.28826904296875 -0.00817871093749994
0.0888671875 0.0469741821289063 -0.33795166015625 0.0880126953125
0.0854263305664063 0.0460357666015625 -0.33477783203125 0.12091064453125
0.101356506347656 0.0660934448242188 -0.3695068359375 0.0783386230468749
0.0554428100585938 0.0991363525390625 -0.354522705078125 -0.06005859375
-0.0191192626953125 0.116966247558594 -0.250137329101562 -0.175140380859375
-0.0677490234375 0.0678634643554687 -0.083984375 -0.205078125
-0.112655639648437 0.00317382812500002 0.0301666259765625 -0.0993728637695313
-0.12603759765625 0.000251770019531259 -0.105880737304688 0.0148162841796875
-0.152786254882813 -0.0185546875 -0.261016845703125 -0.14080810546875
-0.0711441040039062 -0.086395263671875 0.331024169921875 0.072357177734375
-0.12579345703125 0.0226058959960937 0.135009765625 -0.0280685424804688
-0.0555419921875 0.108070373535156 -0.0459480285644531 0.0649948120117188
0.0470428466796875 0.0908432006835938 0.04742431640625 0.20013427734375
0.0912704467773438 0.0411376953125 0.199447631835938 0.178314208984375
0.0923309326171875 -0.0354843139648438 0.345184326171875 0.0411376953125
0.0763702392578125 -0.0711212158203125 0.37615966796875 -0.103118896484375
0.0669364929199219 -0.0541000366210938 0.33233642578125 -0.13543701171875
0.0739822387695312 -0.0548553466796875 0.32275390625 -0.0926513671875
0.0846939086914062 0.00691986083984375 0.2947998046875 -0.00103759765625
0.0448760986328125 0.0599021911621094 0.187850952148438 0.040863037109375
-0.030975341796875 0.0755081176757813 0.116142272949219 0.0244293212890625
-0.0822219848632812 0.00279235839843749 0.19671630859375 -0.0648193359375
-0.073272705078125 -0.0787506103515625 0.441986083984375 -0.04541015625
-0.0062713623046875 -0.0951385498046875 0.65106201171875 0.3055419921875
-0.305511474609375 -0.141082763671875 0.280715942382812 0.05230712890625
-0.317138671875 0.0525207519531249 0.104461669921875 -0.024871826171875
-0.203369140625 0.215179443359375 -0.0502510070800781 0.0524940490722656
0.00807189941406249 0.252410888671875 0.031982421875 0.177169799804688
0.148651123046875 0.176071166992188 0.1505126953125 0.165374755859375
0.237060546875 0.031585693359375 0.29541015625 0.053436279296875
0.2279052734375 -0.06805419921875 0.334686279296875 -0.0740966796875
0.212326049804688 -0.0472869873046875 0.286468505859375 -0.107818603515625
0.239669799804687 -0.0494232177734375 0.2708740234375 -0.068817138671875
0.23504638671875 0.0641021728515625 0.247390747070313 -0.007781982421875
0.133865356445313 0.196441650390625 0.134559631347656 0.0122604370117188
-0.031005859375 0.23724365234375 0.0985946655273438 -0.0121383666992187
-0.23291015625 0.120040893554688 0.2049560546875 -0.106246948242188
-0.295867919921875 -0.0324707031250001 0.442779541015625 -0.06475830078125
-0.238632202148437 -0.136215209960938 0.64764404296875 0.26953125
-0.495635986328125 -0.165679931640625 0.170516967773437 0.00575256347656249
-0.471221923828125 0.0864868164062501 0.0373115539550781 -0.023101806640625
-0.32257080078125 0.3021240234375 -0.0591239929199219 0.0468711853027344
-0.024444580078125 0.388275146484375 0.0207366943359375 0.138587951660156
0.196441650390625 0.28955078125 0.0927810668945313 0.13140869140625
0.347320556640625 0.09796142578125 0.207656860351563 0.0579071044921875
0.350372314453125 -0.05609130859375 0.241043090820313 -0.0393524169921875
0.326934814453125 -0.03741455078125 0.197555541992188 -0.0634307861328125
0.370941162109375 -0.034210205078125 0.174331665039063 -0.0316162109375
0.353668212890625 0.1094970703125 0.159027099609375 -0.0164947509765625
0.212554931640625 0.30560302734375 0.0619430541992188 -0.0278816223144531
-0.02386474609375 0.37664794921875 0.0666313171386719 -0.0622940063476562
-0.3514404296875 0.232025146484375 0.199417114257812 -0.14727783203125
-0.485565185546875 0.0339660644531249 0.404296875 -0.07379150390625
-0.44073486328125 -0.157135009765625 0.5634765625 0.2061767578125
-0.61187744140625 -0.15753173828125 0.0150375366210937 -0.057647705078125
-0.565185546875 0.126708984375 -0.0548057556152344 -0.0123786926269531
-0.388214111328125 0.379364013671875 -0.066253662109375 0.0496368408203125
-0.039031982421875 0.477783203125 0.00442504882812499 0.0916061401367188
0.22369384765625 0.363433837890625 0.0208206176757813 0.082550048828125
0.41796875 0.14276123046875 0.0947723388671875 0.0541610717773438
0.417572021484375 -0.03472900390625 0.114227294921875 0.003082275390625
0.390625 -0.017974853515625 0.081573486328125 -0.00865936279296875
0.445098876953125 -0.017822265625 0.0476188659667969 0.0109825134277344
0.42138671875 0.140594482421875 0.0356330871582032 -0.0192375183105469
0.261444091796875 0.3778076171875 -0.0332298278808593 -0.06866455078125
-0.00711059570312502 0.468994140625 0.0190505981445313 -0.111419677734375
-0.424713134765625 0.323699951171875 0.174072265625 -0.170822143554687
-0.6112060546875 0.0910034179687499 0.317535400390625 -0.0672607421875
-0.5762939453125 -0.15240478515625 0.411712646484375 0.135528564453125
-0.64532470703125 -0.1170654296875 -0.1656494140625 -0.117782592773438
-0.57220458984375 0.16400146484375 -0.167465209960938 -0.000732421875000024
-0.38214111328125 0.406036376953125 -0.0797805786132813 0.0527191162109375
-0.036346435546875 0.50079345703125 -0.0235824584960938 0.0343723297119141
0.228118896484375 0.37347412109375 -0.057708740234375 0.0281982421875
0.427490234375 0.161041259765625 -0.031158447265625 0.0393333435058594
0.42437744140625 -0.014434814453125 -0.0281410217285156 0.0426406860351562
0.39697265625 -0.0009765625 -0.0473098754882812 0.048187255859375
0.453765869140625 0.00341796875 -0.0852203369140625 0.0564651489257813
0.423919677734375 0.155914306640625 -0.096954345703125 -0.0205154418945312
0.260955810546875 0.39300537109375 -0.136367797851562 -0.0983734130859375
-0.004638671875 0.482940673828125 -0.035980224609375 -0.152877807617187
-0.437469482421875 0.346588134765625 0.12457275390625 -0.175735473632812
-0.63177490234375 0.1192626953125 0.192520141601562 -0.0427093505859375
-0.61444091796875 -0.1385498046875 0.214767456054687 0.057952880859375
-0.57666015625 -0.05804443359375 -0.3472900390625 -0.17413330078125
-0.493255615234375 0.17913818359375 -0.275604248046875 0.01025390625
-0.311431884765625 0.368133544921875 -0.0958328247070313 0.0506362915039063
-0.01904296875 0.4322509765625 -0.0582084655761719 -0.0168724060058593
0.196319580078125 0.322113037109375 -0.131782531738281 -0.0211868286132812
0.370758056640625 0.149749755859375 -0.151016235351562 0.0274810791015625
0.368255615234375 0.007232666015625 -0.16522216796875 0.076324462890625
0.342926025390625 0.01776123046875 -0.171875 0.094390869140625
0.38751220703125 0.028564453125 -0.213363647460937 0.0885009765625
0.35003662109375 0.153564453125 -0.220779418945312 -0.0210113525390625
0.200469970703125 0.344573974609375 -0.216079711914063 -0.123214721679687
-0.020355224609375 0.40093994140625 -0.0821075439453125 -0.178817749023437
-0.3843994140625 0.275726318359375 0.0761566162109375 -0.156951904296875
-0.541015625 0.1015625 0.0632743835449218 -0.00787353515624999
-0.5426025390625 -0.112823486328125 0.00848197937011716 -0.00941181182861329
-0.426361083984375 0.00772094726562495 -0.501739501953125 -0.218841552734375
-0.335723876953125 0.159942626953125 -0.36419677734375 0.0168151855468751
-0.187469482421875 0.266372680664063 -0.113311767578125 0.050994873046875
-0.00314331054687498 0.28643798828125 -0.08892822265625 -0.0535888671875
0.127716064453125 0.209396362304688 -0.179794311523437 -0.0574493408203125
0.247955322265625 0.113937377929688 -0.244674682617187 0.01751708984375
0.249710083007812 0.0254669189453125 -0.273193359375 0.0950927734375
0.235000610351562 0.03387451171875 -0.2685546875 0.12603759765625
0.267425537109375 0.04998779296875 -0.310821533203125 0.103851318359375
0.221466064453125 0.13507080078125 -0.310577392578125 -0.029144287109375
0.097259521484375 0.24920654296875 -0.2557373046875 -0.145645141601562
-0.052978515625 0.250457763671875 -0.0979156494140625 -0.193145751953125
-0.270248413085938 0.149887084960937 0.0405960083007812 -0.127090454101563
-0.361480712890625 0.051849365234375 -0.0443992614746094 0.0126075744628906
-0.37744140625 -0.0745849609375 -0.165084838867188 -0.0783233642578125
-0.207778930664063 0.0748748779296875 -0.61151123046875 -0.24383544921875
-0.140357971191406 0.122886657714844 -0.428558349609375 0.0204162597656251
-0.0356903076171875 0.134689331054688 -0.123756408691406 0.0628280639648438
0.0213088989257812 0.107452392578125 -0.104263305664063 -0.0593414306640625
0.0481338500976563 0.0712890625 -0.191497802734375 -0.070831298828125
0.0933990478515625 0.0543441772460938 -0.285980224609375 0.00433349609375002
0.0961532592773438 0.0380477905273438 -0.3345947265625 0.1051025390625
0.0922698974609375 0.0434799194335937 -0.327911376953125 0.136077880859375
0.10992431640625 0.0609970092773438 -0.361572265625 0.097930908203125
0.0637664794921875 0.0948028564453125 -0.356781005859375 -0.0385131835937499
-0.01025390625 0.119575500488281 -0.257461547851563 -0.15789794921875
-0.0655593872070312 0.0759506225585938 -0.0940093994140625 -0.19500732421875
-0.116714477539062 0.01171875 0.0260009765625 -0.0983734130859375
-0.1307373046875 0.00668334960937498 -0.107559204101563 0.0223312377929687
-0.15826416015625 -0.018463134765625 -0.277801513671875 -0.1234130859375
-0.0701141357421875 -0.0829696655273437 0.342559814453125 0.06121826171875
-0.116142272949219 0.02838134765625 0.139846801757812 -0.0334014892578125
-0.0494461059570313 0.105995178222656 -0.0432662963867187 0.0615158081054688
0.0483245849609375 0.0865020751953125 0.0536346435546875 0.197006225585938
0.088348388671875 0.0389328002929688 0.200408935546875 0.169448852539063
0.0854034423828125 -0.038330078125 0.341156005859375 0.030914306640625
0.0699234008789063 -0.0731201171875 0.3720703125 -0.113494873046875
0.0601615905761719 -0.0567855834960938 0.325653076171875 -0.14288330078125
0.0653305053710938 -0.0583724975585938 0.319091796875 -0.10272216796875
0.0821914672851562 -0.001251220703125 0.29376220703125 -0.009124755859375
0.0468559265136719 0.0561180114746094 0.186798095703125 0.0345001220703125
-0.025665283203125 0.0733108520507813 0.116813659667969 0.0200653076171875
-0.0792770385742188 0.00507354736328124 0.191680908203125 -0.0694427490234375
-0.0736236572265625 -0.0730056762695312 0.43890380859375 -0.05767822265625
-0.00759887695312499 -0.0881805419921875 0.657958984375 0.286865234375
-0.306732177734375 -0.127532958984375 0.294586181640625 0.045806884765625
-0.307586669921875 0.063018798828125 0.113349914550781 -0.0266876220703125
-0.19488525390625 0.214263916015625 -0.0461311340332031 0.0514640808105469
0.0149383544921875 0.24749755859375 0.0388641357421875 0.173324584960938
0.152099609375 0.169479370117188 0.153778076171875 0.157821655273438
0.232467651367187 0.023712158203125 0.293487548828125 0.045135498046875
0.223342895507813 -0.0738067626953125 0.330657958984375 -0.084686279296875
0.2073974609375 -0.055328369140625 0.2841796875 -0.11529541015625
0.233413696289063 -0.0564422607421875 0.269973754882813 -0.0784454345703125
0.235321044921875 0.0509796142578125 0.246719360351563 -0.016265869140625
0.143157958984375 0.18975830078125 0.136940002441406 0.00761413574218751
-0.020477294921875 0.237380981445312 0.100868225097656 -0.0128707885742187
-0.22509765625 0.12774658203125 0.200057983398438 -0.10791015625
-0.293792724609375 -0.015411376953125 0.440643310546875 -0.07330322265625
-0.242950439453125 -0.125106811523438 0.651611328125 0.251220703125
-0.4979248046875 -0.14984130859375 0.18341064453125 0.00448608398437499
-0.4622802734375 0.100677490234375 0.0471611022949218 -0.0186119079589844
-0.309539794921875 0.3104248046875 -0.0525321960449219 0.0497512817382813
-0.013916015625 0.3857421875 0.0256271362304688 0.137214660644531
0.201690673828125 0.2803955078125 0.0970687866210938 0.128196716308594
0.35040283203125 0.08209228515625 0.212554931640625 0.050628662109375
0.345458984375 -0.066070556640625 0.241287231445313 -0.046722412109375
0.32281494140625 -0.047149658203125 0.198638916015625 -0.0687408447265625
0.36541748046875 -0.05023193359375 0.177719116210938 -0.037353515625
0.35528564453125 0.093109130859375 0.157943725585938 -0.0223236083984375
0.225677490234375 0.297393798828125 0.0599136352539063 -0.0266761779785156
-0.00762939453124996 0.37860107421875 0.0678749084472656 -0.0601310729980468
-0.344024658203125 0.248077392578125 0.194046020507812 -0.1474609375
-0.482391357421875 0.053375244140625 0.39996337890625 -0.080718994140625
-0.446197509765625 -0.14080810546875 0.56597900390625 0.19097900390625
-0.61663818359375 -0.13812255859375 0.0245132446289062 -0.051300048828125
-0.554168701171875 0.1446533203125 -0.0483207702636719 -0.00827789306640624
-0.374176025390625 0.387054443359375 -0.0618324279785156 0.0511665344238281
-0.021881103515625 0.477569580078125 0.00807952880859376 0.0891799926757813
0.2354736328125 0.351715087890625 0.0263748168945313 0.0828323364257813
0.422119140625 0.1234130859375 0.101394653320313 0.0474166870117188
0.4161376953125 -0.050445556640625 0.118118286132813 -0.0030517578125
0.388641357421875 -0.032958984375 0.0844802856445313 -0.012115478515625
0.44281005859375 -0.03570556640625 0.055328369140625 0.0114364624023438
0.42376708984375 0.1224365234375 0.03668212890625 -0.0229644775390625
0.277557373046875 0.366851806640625 -0.0373344421386719 -0.0621414184570312
0.0101318359375 0.471954345703125 0.0203323364257813 -0.108253479003906
-0.417236328125 0.337646484375 0.165267944335938 -0.173751831054687
-0.60430908203125 0.1142578125 0.3125 -0.070831298828125
-0.5804443359375 -0.13629150390625 0.41143798828125 0.124603271484375
-0.64520263671875 -0.0978393554687501 -0.15972900390625 -0.108642578125
-0.56390380859375 0.1788330078125 -0.1583251953125 0.00965881347656251
-0.3687744140625 0.4161376953125 -0.075103759765625 0.0551528930664063
-0.016082763671875 0.50054931640625 -0.0210647583007813 0.0356521606445313
0.241485595703125 0.36474609375 -0.0539169311523437 0.0305976867675781
0.43524169921875 0.14251708984375 -0.0258522033691406 0.0402679443359375
0.424407958984375 -0.031005859375 -0.0234184265136718 0.0403099060058594
0.39727783203125 -0.01531982421875 -0.0433578491210937 0.0458183288574219
0.451171875 -0.012847900390625 -0.0796661376953125 0.0575408935546875
0.425628662109375 0.137451171875 -0.0952606201171875 -0.0182647705078125
0.2763671875 0.382171630859375 -0.137565612792969 -0.0897598266601562
0.012298583984375 0.483917236328125 -0.0371246337890625 -0.146774291992187
-0.427703857421875 0.358978271484375 0.119171142578125 -0.175201416015625
-0.6268310546875 0.14111328125 0.189407348632812 -0.0418548583984375
-0.61785888671875 -0.12298583984375 0.209716796875 0.0570831298828125
-0.578125 -0.0445556640624999 -0.34613037109375 -0.15887451171875
-0.487548828125 0.189056396484375 -0.26849365234375 0.0240020751953126
-0.30169677734375 0.37762451171875 -0.0916595458984375 0.0552291870117188
-0.00500488281250002 0.433685302734375 -0.0564002990722656 -0.0142135620117187
0.206573486328125 0.3148193359375 -0.128952026367188 -0.0182266235351562
0.3765869140625 0.13641357421875 -0.146682739257812 0.032440185546875
0.369049072265625 -0.005767822265625 -0.15869140625 0.080047607421875
0.345062255859375 0.00689697265625 -0.164459228515625 0.0968170166015625
0.39227294921875 0.013519287109375 -0.204071044921875 0.09515380859375
0.35528564453125 0.14013671875 -0.217864990234375 -0.015838623046875
0.214080810546875 0.33856201171875 -0.2186279296875 -0.111618041992188
-0.00845336914062502 0.406402587890625 -0.0815277099609375 -0.171096801757812
-0.376007080078125 0.290283203125 0.071563720703125 -0.154296875
-0.537933349609375 0.11724853515625 0.0598335266113281 -0.00655364990234374
-0.544647216796875 -0.10296630859375 0.000204086303710904 -0.010289192199707
-0.42474365234375 0.0153503417968751 -0.50604248046875 -0.19952392578125
-0.33551025390625 0.165985107421875 -0.3599853515625 0.032745361328125
-0.182525634765625 0.272796630859375 -0.10675048828125 0.0564193725585938
0.00872802734374999 0.290679931640625 -0.0870895385742188 -0.048736572265625
0.137664794921875 0.207626342773438 -0.1783447265625 -0.0512542724609374
0.257965087890625 0.103973388671875 -0.238372802734375 0.023651123046875
0.255355834960938 0.0163421630859375 -0.267044067382813 0.10504150390625
0.23992919921875 0.02447509765625 -0.26007080078125 0.13055419921875
0.273406982421875 0.0406341552734375 -0.30072021484375 0.11328125
0.2275390625 0.127120971679687 -0.305084228515625 -0.01678466796875
0.111068725585938 0.245773315429688 -0.259323120117188 -0.132247924804687
-0.041961669921875 0.25677490234375 -0.103729248046875 -0.182708740234375
-0.267486572265625 0.158096313476562 0.0369720458984375 -0.126220703125
-0.360015869140625 0.0597229003906249 -0.0457801818847656 0.0171585083007813
-0.382171630859375 -0.0703125 -0.175460815429688 -0.0719757080078125
-0.207901000976563 0.0764007568359376 -0.6177978515625 -0.2213134765625
-0.141403198242188 0.12200927734375 -0.426239013671875 0.036102294921875
-0.0360183715820312 0.13629150390625 -0.122222900390625 0.067230224609375
0.022430419921875 0.110153198242187 -0.103446960449219 -0.05499267578125
0.0520133972167969 0.0701026916503906 -0.189956665039062 -0.0649566650390625
0.100669860839844 0.0538101196289063 -0.284149169921875 0.01373291015625
0.101600646972656 0.0353546142578125 -0.32879638671875 0.11480712890625
0.0972061157226563 0.0390243530273438 -0.31787109375 0.14501953125
0.114463806152344 0.05706787109375 -0.3570556640625 0.110382080078125
0.0726394653320313 0.09405517578125 -0.349945068359375 -0.0277709960937501
-0.00240325927734376 0.123031616210937 -0.259597778320313 -0.145721435546875
-0.062255859375 0.0820388793945313 -0.09893798828125 -0.187713623046875
-0.119361877441406 0.0188751220703125 0.0222320556640625 -0.09759521484375
-0.132575988769531 0.00837707519531249 -0.110694885253906 0.0253372192382813
-0.162033081054688 -0.0212860107421875 -0.29058837890625 -0.114990234375
-0.06817626953125 -0.07989501953125 0.3548583984375 0.0556640625
-0.110000610351563 0.03131103515625 0.146926879882813 -0.0370330810546875
-0.0466384887695313 0.1053466796875 -0.04132080078125 0.060455322265625
0.0484771728515625 0.0841751098632813 0.057037353515625 0.196487426757812
0.0888442993164063 0.0348358154296875 0.2039794921875 0.167877197265625
0.0828018188476563 -0.0410842895507813 0.341796875 0.025177001953125
0.0673828125 -0.0752029418945313 0.3748779296875 -0.121337890625
0.0557746887207031 -0.0582656860351562 0.3271484375 -0.150482177734375
0.0606422424316406 -0.0611190795898437 0.321014404296875 -0.109100341796875
0.0789718627929688 -0.0066070556640625 0.29522705078125 -0.01397705078125
0.0489425659179688 0.052581787109375 0.18756103515625 0.0332794189453125
-0.022064208984375 0.072296142578125 0.119514465332031 0.0198822021484375
-0.0764007568359375 0.00611114501953125 0.191024780273438 -0.071563720703125
-0.0730743408203125 -0.066986083984375 0.442352294921875 -0.063873291015625
-0.007232666015625 -0.082672119140625 0.670166015625 0.27886962890625
-0.3084716796875 -0.122650146484375 0.3096923828125 0.043243408203125
-0.30340576171875 0.068511962890625 0.122566223144531 -0.02752685546875
-0.191131591796875 0.21728515625 -0.0441513061523438 0.0501441955566406
0.0186614990234375 0.2462158203125 0.0423431396484375 0.171981811523438
0.155105590820313 0.16552734375 0.157394409179688 0.15625
0.232986450195313 0.018280029296875 0.297027587890625 0.039886474609375
0.22369384765625 -0.0797576904296875 0.3336181640625 -0.092132568359375
0.205276489257813 -0.0599365234375 0.285858154296875 -0.121978759765625
0.230880737304688 -0.0635223388671875 0.274078369140625 -0.0814361572265625
0.2347412109375 0.0423736572265625 0.248504638671875 -0.0198211669921875
0.149673461914063 0.18560791015625 0.137519836425781 0.00842285156250001
-0.0142669677734375 0.240158081054688 0.103111267089844 -0.0140304565429687
-0.22406005859375 0.133514404296875 0.198348999023438 -0.109832763671875
-0.29669189453125 -0.00640869140624994 0.444244384765625 -0.0762939453125
-0.247299194335938 -0.11767578125 0.661865234375 0.24456787109375
-0.503143310546875 -0.142822265625 0.198410034179687 0.00454711914062499
-0.458709716796875 0.10760498046875 0.0566902160644531 -0.0186882019042969
-0.30755615234375 0.315948486328125 -0.0497207641601563 0.0485954284667969
-0.00671386718749996 0.387542724609375 0.0290985107421875 0.137054443359375
0.208236694335938 0.27783203125 0.0999374389648438 0.127029418945313
0.355224609375 0.073822021484375 0.216262817382813 0.0473175048828125
0.347564697265625 -0.0751953125 0.2451171875 -0.0529632568359375
0.32293701171875 -0.0556640625 0.201828002929688 -0.0758514404296875
0.366851806640625 -0.059051513671875 0.182708740234375 -0.040374755859375
0.359039306640625 0.082855224609375 0.15838623046875 -0.0251007080078125
0.236785888671875 0.29461669921875 0.059173583984375 -0.0251274108886719
0.00277709960937502 0.383056640625 0.0698471069335938 -0.0602455139160156
-0.343780517578125 0.2564697265625 0.191696166992187 -0.148056030273437
-0.485565185546875 0.066436767578125 0.402801513671875 -0.08233642578125
-0.453643798828125 -0.133636474609375 0.57220458984375 0.1878662109375
-0.62255859375 -0.13006591796875 0.0361328125 -0.0484580993652344
-0.553466796875 0.152862548828125 -0.0385589599609375 -0.00457000732421875
-0.371246337890625 0.395904541015625 -0.0584068298339844 0.0523834228515625
-0.011962890625 0.482025146484375 0.0104904174804688 0.0904159545898438
0.2440185546875 0.350128173828125 0.0279998779296875 0.0820541381835938
0.43084716796875 0.113433837890625 0.106544494628906 0.0463180541992188
0.420074462890625 -0.061126708984375 0.121681213378906 -0.006591796875
0.392333984375 -0.04193115234375 0.0876235961914063 -0.0178756713867188
0.4454345703125 -0.046112060546875 0.0612831115722657 0.00971221923828124
0.4296875 0.11175537109375 0.03814697265625 -0.0237808227539062
0.28973388671875 0.36492919921875 -0.0383415222167969 -0.0577888488769531
0.020111083984375 0.476898193359375 0.0212936401367188 -0.107040405273437
-0.416900634765625 0.34869384765625 0.163955688476562 -0.1729736328125
-0.6070556640625 0.12640380859375 0.314422607421875 -0.071075439453125
-0.59039306640625 -0.13348388671875 0.411834716796875 0.124114990234375
-0.65399169921875 -0.0903930664062499 -0.152023315429688 -0.103256225585938
-0.566162109375 0.18841552734375 -0.151229858398438 0.0151519775390625
-0.366607666015625 0.42767333984375 -0.071258544921875 0.0573348999023438
-0.00396728515625003 0.506866455078125 -0.01837158203125 0.0368804931640625
0.251251220703125 0.365081787109375 -0.0523452758789062 0.0310707092285156
0.44317626953125 0.131805419921875 -0.0213546752929687 0.0414390563964844
0.431976318359375 -0.041290283203125 -0.0195426940917969 0.0400123596191406
0.402191162109375 -0.023284912109375 -0.0387535095214843 0.0430183410644531
0.457061767578125 -0.025848388671875 -0.0732421875 0.0602951049804688
0.431884765625 0.127227783203125 -0.095703125 -0.017364501953125
0.289459228515625 0.37908935546875 -0.139579772949219 -0.08489990234375
0.02392578125 0.490997314453125 -0.0345916748046875 -0.14447021484375
-0.429229736328125 0.37078857421875 0.118255615234375 -0.175033569335937
-0.630126953125 0.15252685546875 0.189773559570312 -0.03948974609375
-0.62481689453125 -0.12030029296875 0.206878662109375 0.0579833984375
-0.58843994140625 -0.0393676757812499 -0.343841552734375 -0.151458740234375
-0.490875244140625 0.19720458984375 -0.2630615234375 0.032684326171875
-0.300506591796875 0.386688232421875 -0.0879592895507813 0.058380126953125
0.00543212890625001 0.44183349609375 -0.0547561645507813 -0.0130462646484375
0.2169189453125 0.31488037109375 -0.128150939941406 -0.016082763671875
0.389312744140625 0.1260986328125 -0.143661499023437 0.0342864990234375
0.37628173828125 -0.01605224609375 -0.1561279296875 0.0807037353515625
0.351348876953125 -0.001434326171875 -0.161697387695313 0.0968780517578125
0.399383544921875 0.003448486328125 -0.199798583984375 0.09832763671875
0.362152099609375 0.131500244140625 -0.217544555664062 -0.0115203857421874
0.227020263671875 0.338470458984375 -0.22027587890625 -0.106597900390625
-0.00201416015624997 0.41192626953125 -0.0808868408203125 -0.168228149414062
-0.377105712890625 0.30078125 0.07098388671875 -0.154769897460937
-0.541656494140625 0.1263427734375 0.0592803955078125 -0.00361633300781249
-0.554229736328125 -0.102752685546875 -0.00566816329956058 -0.00583887100219727
-0.432037353515625 0.01806640625 -0.509002685546875 -0.189300537109375
-0.34075927734375 0.171478271484375 -0.359954833984375 0.041778564453125
-0.18267822265625 0.27886962890625 -0.105674743652344 0.0613021850585938
0.014007568359375 0.29840087890625 -0.08709716796875 -0.0476455688476562
0.1448974609375 0.21002197265625 -0.178314208984375 -0.0492095947265625
0.267349243164063 0.09796142578125 -0.237411499023437 0.0255584716796875
0.261856079101563 0.0096435546875 -0.265975952148438 0.10888671875
0.246856689453125 0.0196380615234375 -0.2586669921875 0.133865356445313
0.28125 0.03350830078125 -0.29803466796875 0.117889404296875
0.235015869140625 0.121719360351563 -0.306304931640625 -0.0128784179687501
0.119918823242187 0.248519897460938 -0.261459350585938 -0.126022338867188
-0.037994384765625 0.263153076171875 -0.102828979492188 -0.180694580078125
-0.271072387695313 0.1669921875 0.0377273559570312 -0.124588012695312
-0.36480712890625 0.0653381347656251 -0.048736572265625 0.0207595825195312
-0.390411376953125 -0.07330322265625 -0.185256958007813 -0.066375732421875
-0.211929321289063 0.0743408203125 -0.627197265625 -0.211669921875
-0.145584106445313 0.124435424804688 -0.430023193359375 0.04656982421875
-0.0375747680664063 0.136993408203125 -0.122360229492188 0.0721359252929687
0.0240936279296875 0.114425659179687 -0.106361389160156 -0.0522003173828125
0.0546493530273438 0.0730819702148438 -0.191177368164063 -0.0630950927734375
0.105911254882813 0.0521392822265625 -0.283966064453125 0.0185241699218749
0.107170104980469 0.0318527221679688 -0.329559326171875 0.121429443359375
0.103660583496094 0.0366287231445313 -0.318084716796875 0.150665283203125
0.121223449707031 0.0556640625 -0.355712890625 0.1171875
0.0780792236328125 0.0925369262695313 -0.352142333984375 -0.0207519531249999
0.00466156005859376 0.126167297363281 -0.2626953125 -0.14007568359375
-0.0610809326171875 0.087738037109375 -0.100341796875 -0.184738159179688
-0.123161315917969 0.024078369140625 0.0219192504882812 -0.0967788696289063
-0.136650085449219 0.00847625732421877 -0.11431884765625 0.0290451049804687
-0.168930053710937 -0.026031494140625 -0.30413818359375 -0.110992431640625
-0.0682525634765625 -0.0793228149414062 0.374237060546875 0.049652099609375
-0.106643676757813 0.0339431762695313 0.156265258789062 -0.04180908203125
-0.043853759765625 0.107124328613281 -0.0414085388183594 0.0603828430175781
0.0497665405273437 0.0825576782226562 0.0618743896484375 0.199142456054688
0.0900650024414063 0.0333099365234375 0.21038818359375 0.168609619140625
0.0809783935546875 -0.0445785522460938 0.350067138671875 0.0203857421875
0.0654449462890625 -0.0784759521484375 0.3824462890625 -0.13189697265625
0.0520248413085937 -0.0604362487792969 0.33319091796875 -0.160491943359375
0.0553817749023438 -0.0641593933105469 0.330230712890625 -0.117401123046875
0.0772781372070313 -0.0111083984375 0.303192138671875 -0.019500732421875
0.0506973266601563 0.049713134765625 0.1934814453125 0.0316162109375
-0.0199966430664062 0.07208251953125 0.123359680175781 0.01849365234375
-0.0760345458984375 0.00736999511718749 0.192733764648438 -0.0764617919921875
-0.0740585327148438 -0.0627288818359375 0.455474853515625 -0.073211669921875
-0.0055999755859375 -0.0795135498046875 0.6959228515625 0.2735595703125
-0.317352294921875 -0.11956787109375 0.3302001953125 0.039459228515625
-0.304290771484375 0.0754699707031249 0.133575439453125 -0.0312881469726563
-0.191146850585938 0.224807739257813 -0.0434188842773438 0.0505256652832031
0.0230255126953125 0.250625610351563 0.047271728515625 0.174041748046875
0.161422729492188 0.166717529296875 0.163589477539063 0.157684326171875
0.2381591796875 0.0109100341796875 0.30511474609375 0.0360107421875
0.226821899414063 -0.087738037109375 0.341583251953125 -0.101837158203125
0.206756591796875 -0.067291259765625 0.2930908203125 -0.132720947265625
0.232513427734375 -0.0723419189453125 0.28350830078125 -0.0888671875
0.238937377929688 0.035125732421875 0.254470825195313 -0.0251312255859375
0.159622192382813 0.185562133789063 0.141159057617187 0.00805664062500001
-0.00717163085937501 0.246078491210938 0.106826782226562 -0.0152969360351562
-0.226593017578125 0.142654418945313 0.20086669921875 -0.11456298828125
-0.3033447265625 0.00396728515624998 0.456878662109375 -0.08306884765625
-0.25537109375 -0.113922119140625 0.6851806640625 0.24102783203125
-0.5191650390625 -0.13616943359375 0.215423583984375 0.00228881835937499
-0.465423583984375 0.119232177734375 0.0675811767578125 -0.0198898315429687
-0.310333251953125 0.328125 -0.0480842590332032 0.0487442016601563
0.00244140624999998 0.395721435546875 0.0336380004882812 0.139671325683594
0.219161987304688 0.280654907226563 0.104354858398438 0.128410339355469
0.365753173828125 0.064697265625 0.224411010742188 0.0449676513671875
0.35675048828125 -0.0863037109375 0.252578735351563 -0.060302734375
0.330169677734375 -0.065093994140625 0.20721435546875 -0.0850677490234375
0.37451171875 -0.071990966796875 0.191436767578125 -0.04541015625
0.368682861328125 0.07421875 0.162750244140625 -0.028717041015625
0.252410888671875 0.2967529296875 0.0596961975097656 -0.0237007141113281
0.013031005859375 0.3944091796875 0.0738906860351563 -0.0623245239257812
-0.348846435546875 0.272216796875 0.193832397460938 -0.152725219726562
-0.498321533203125 0.0799560546874999 0.4136962890625 -0.08831787109375
-0.469329833984375 -0.128875732421875 0.59112548828125 0.1851806640625
-0.6417236328125 -0.12347412109375 0.0475540161132812 -0.0479011535644531
-0.5631103515625 0.16571044921875 -0.0303134918212891 -0.00265312194824218
-0.37567138671875 0.413238525390625 -0.0554924011230469 0.0533828735351563
3.04282987451837E-17 0.4969482421875 0.0144424438476563 0.0915908813476563
0.2591552734375 0.354888916015625 0.0306167602539063 0.0845260620117188
0.44580078125 0.10345458984375 0.112899780273438 0.0450668334960938
0.4322509765625 -0.075469970703125 0.126823425292969 -0.0115127563476563
0.402069091796875 -0.053955078125 0.0914764404296875 -0.0238494873046875
0.457763671875 -0.05987548828125 0.0678863525390625 0.00817108154296874
0.442962646484375 0.102264404296875 0.0391960144042969 -0.0257644653320312
0.309814453125 0.367034912109375 -0.039886474609375 -0.0550575256347656
0.033477783203125 0.490509033203125 0.024078369140625 -0.108352661132812
-0.422454833984375 0.370574951171875 0.165069580078125 -0.178237915039062
-0.623046875 0.143798828125 0.322265625 -0.072509765625
-0.609375 -0.12957763671875 0.424224853515625 0.1241455078125
-0.6734619140625 -0.0848999023437501 -0.148345947265625 -0.100509643554688
-0.57763671875 0.202880859375 -0.146560668945313 0.01953125
-0.372344970703125 0.4461669921875 -0.0693511962890625 0.0596046447753906
0.00799560546875005 0.52386474609375 -0.0157585144042969 0.0382041931152344
0.26776123046875 0.3702392578125 -0.051849365234375 0.0325164794921875
0.4617919921875 0.120941162109375 -0.0172920227050781 0.0418930053710938
0.44464111328125 -0.05560302734375 -0.0169410705566406 0.0397987365722656
0.4150390625 -0.035064697265625 -0.0378494262695312 0.0401992797851563
0.471588134765625 -0.03863525390625 -0.0699310302734375 0.0620460510253906
0.446014404296875 0.119110107421875 -0.0975799560546875 -0.01654052734375
0.310821533203125 0.383392333984375 -0.14404296875 -0.0810546875
0.034881591796875 0.50634765625 -0.0346221923828125 -0.146957397460938
-0.43792724609375 0.39202880859375 0.119338989257812 -0.179031372070312
-0.6451416015625 0.16796875 0.195343017578125 -0.038330078125
-0.64874267578125 -0.11883544921875 0.20989990234375 0.0606231689453125
-0.605712890625 -0.0347290039062499 -0.34844970703125 -0.146881103515625
-0.504425048828125 0.20977783203125 -0.264205932617188 0.04058837890625
-0.304779052734375 0.40478515625 -0.0866622924804688 0.0622634887695313
0.01727294921875 0.45843505859375 -0.0548477172851562 -0.0122222900390625
0.2314453125 0.32110595703125 -0.130622863769531 -0.0140609741210937
0.40625 0.117034912109375 -0.143142700195313 0.0371246337890625
0.3892822265625 -0.02777099609375 -0.156723022460937 0.084930419921875
0.3641357421875 -0.0120849609375 -0.162094116210937 0.09771728515625
0.414154052734375 -0.007843017578125 -0.198272705078125 0.104248046875
0.375396728515625 0.1258544921875 -0.221771240234375 -0.00900268554687496
0.245391845703125 0.342987060546875 -0.2266845703125 -0.102005004882812
0.00827026367187497 0.42578125 -0.0819854736328125 -0.170272827148437
-0.3863525390625 0.3182373046875 0.0714874267578125 -0.158172607421875
-0.557891845703125 0.13812255859375 0.0602798461914062 -0.000782012939453117
-0.5772705078125 -0.1044921875 -0.0106258392333985 -0.00163841247558594
-0.447021484375 0.0221862792968751 -0.52423095703125 -0.182769775390625
-0.351593017578125 0.1802978515625 -0.366790771484375 0.052459716796875
-0.1865234375 0.290771484375 -0.10565185546875 0.0660934448242188
0.02227783203125 0.310638427734375 -0.0897216796875 -0.0454254150390625
0.155670166015625 0.215362548828125 -0.181915283203125 -0.0482940673828125
0.28118896484375 0.0921630859375 -0.240463256835937 0.030303955078125
0.273391723632813 0.001312255859375 -0.270156860351562 0.11676025390625
0.257522583007813 0.013336181640625 -0.263076782226563 0.139480590820313
0.2940673828125 0.025634765625 -0.301116943359375 0.12628173828125
0.246612548828125 0.119186401367188 -0.3126220703125 -0.00881958007812501
0.132537841796875 0.254486083984375 -0.268539428710938 -0.121627807617188
-0.0335235595703125 0.275375366210938 -0.105972290039062 -0.182144165039062
-0.277938842773438 0.178390502929687 0.0371170043945312 -0.128196716308594
-0.375762939453125 0.072723388671875 -0.05194091796875 0.0256195068359375
-0.407684326171875 -0.0762634277343749 -0.19781494140625 -0.060943603515625
-0.219436645507812 0.0754241943359375 -0.647216796875 -0.2047119140625
-0.152923583984375 0.127197265625 -0.441619873046875 0.05853271484375
-0.0407867431640625 0.141494750976563 -0.123344421386719 0.0774917602539063
0.0273895263671875 0.1209716796875 -0.108734130859375 -0.0513534545898438
0.0593338012695313 0.076507568359375 -0.1966552734375 -0.061370849609375
0.1146240234375 0.0503005981445313 -0.290008544921875 0.0220947265625
0.113685607910156 0.0288238525390625 -0.336700439453125 0.131561279296875
0.111618041992187 0.0345611572265625 -0.32464599609375 0.158660888671875
0.130729675292969 0.0515594482421875 -0.362701416015625 0.127288818359375
0.0860214233398438 0.0918121337890625 -0.358917236328125 -0.0146484375
0.011077880859375 0.130783081054687 -0.272125244140625 -0.13702392578125
-0.0604019165039063 0.0948410034179688 -0.104644775390625 -0.186431884765625
-0.128250122070313 0.029693603515625 0.02099609375 -0.0998077392578125
-0.143081665039063 0.01019287109375 -0.121749877929688 0.0336685180664063
-0.179153442382813 -0.0297088623046875 -0.32257080078125 -0.1055908203125
-0.0718231201171875 -0.078643798828125 0.3980712890625 0.037200927734375
-0.10394287109375 0.03900146484375 0.1669921875 -0.0512237548828125
-0.0404586791992187 0.110443115234375 -0.0409431457519531 0.0629196166992188
0.052093505859375 0.0820999145507813 0.072113037109375 0.203598022460938
0.093353271484375 0.0296249389648438 0.224105834960938 0.166717529296875
0.0802764892578125 -0.0492706298828125 0.36285400390625 0.00833129882812499
0.0626678466796875 -0.0845184326171875 0.391876220703125 -0.153076171875
0.0476264953613281 -0.0639610290527344 0.340362548828125 -0.1798095703125
0.0497474670410156 -0.0691299438476563 0.3399658203125 -0.135833740234375
0.076263427734375 -0.0170974731445313 0.3135986328125 -0.03106689453125
0.0546417236328125 0.04736328125 0.201522827148438 0.026275634765625
-0.01666259765625 0.0735702514648438 0.128791809082031 0.0141754150390625
-0.076873779296875 0.0106582641601563 0.196792602539062 -0.0855560302734375
-0.0773086547851562 -0.05828857421875 0.47344970703125 -0.092498779296875
-0.00563049316406249 -0.0771865844726563 0.7354736328125 0.25811767578125
-0.331939697265625 -0.11163330078125 0.3546142578125 0.028594970703125
-0.307769775390625 0.08795166015625 0.145904541015625 -0.03863525390625
-0.189697265625 0.238021850585937 -0.0424003601074219 0.0520095825195313
0.033294677734375 0.256927490234375 0.0556488037109375 0.177536010742188
0.174057006835938 0.164749145507813 0.175491333007813 0.15814208984375
0.246505737304688 -0.0007476806640625 0.317962646484375 0.026458740234375
0.231155395507813 -0.102188110351563 0.351531982421875 -0.12066650390625
0.209671020507813 -0.078826904296875 0.29913330078125 -0.150238037109375
0.235427856445313 -0.0855865478515625 0.294769287109375 -0.105377197265625
0.246627807617188 0.02392578125 0.262466430664062 -0.0359344482421875
0.175216674804688 0.1824951171875 0.14727783203125 0.00540161132812501
0.00349426269531253 0.254547119140625 0.11212158203125 -0.0203857421875
-0.230438232421875 0.1595458984375 0.20281982421875 -0.124053955078125
-0.314300537109375 0.0201416015625 0.475250244140625 -0.102203369140625
-0.26947021484375 -0.105636596679688 0.72265625 0.2249755859375
-0.542022705078125 -0.122955322265625 0.234283447265625 -0.00491333007812501
-0.4744873046875 0.138946533203125 0.0790023803710937 -0.0236968994140625
-0.31060791015625 0.3526611328125 -0.0470695495605469 0.0506668090820313
0.017852783203125 0.409820556640625 0.041046142578125 0.142196655273438
0.238723754882813 0.281143188476563 0.113288879394531 0.1304931640625
0.381866455078125 0.048919677734375 0.236434936523438 0.0372161865234375
0.36639404296875 -0.107635498046875 0.261123657226562 -0.075225830078125
0.339111328125 -0.08233642578125 0.211959838867188 -0.0990142822265625
0.38433837890625 -0.092041015625 0.201309204101563 -0.055938720703125
0.383270263671875 0.057891845703125 0.167755126953125 -0.0359954833984375
0.27813720703125 0.29437255859375 0.0616989135742188 -0.023956298828125
0.031341552734375 0.40887451171875 0.0762252807617187 -0.0678634643554687
-0.354034423828125 0.298583984375 0.194869995117187 -0.163955688476562
-0.514678955078125 0.105926513671875 0.430450439453125 -0.102691650390625
-0.49560546875 -0.117889404296875 0.62103271484375 0.1739501953125
-0.671630859375 -0.10809326171875 0.0589065551757812 -0.05072021484375
-0.5748291015625 0.19256591796875 -0.0224170684814453 -0.00145339965820311
-0.375701904296875 0.443115234375 -0.05419921875 0.05645751953125
0.0194702148437499 0.5142822265625 0.0194931030273437 0.0940475463867188
0.284210205078125 0.357574462890625 0.0353469848632813 0.0870285034179688
0.467315673828125 0.08416748046875 0.121963500976563 0.0425033569335938
0.447296142578125 -0.0992431640625 0.133712768554688 -0.0192108154296875
0.415618896484375 -0.074249267578125 0.0943374633789063 -0.0319061279296875
0.473358154296875 -0.085357666015625 0.075531005859375 0.00406646728515624
0.461639404296875 0.085174560546875 0.039703369140625 -0.0284576416015625
0.34185791015625 0.36737060546875 -0.0428047180175781 -0.0516433715820312
0.056182861328125 0.50958251953125 0.0234909057617188 -0.114997863769531
-0.428802490234375 0.4017333984375 0.164657592773437 -0.189361572265625
-0.64117431640625 0.17535400390625 0.3349609375 -0.08233642578125
-0.6429443359375 -0.11505126953125 0.44305419921875 0.117462158203125
-0.70367431640625 -0.0662231445312499 -0.148239135742188 -0.097564697265625
-0.593505859375 0.22979736328125 -0.143051147460938 0.0264129638671875
-0.37335205078125 0.47857666015625 -0.06671142578125 0.063629150390625
0.031646728515625 0.543792724609375 -0.0132217407226563 0.0399169921875
0.294525146484375 0.37445068359375 -0.052886962890625 0.0367393493652344
0.486053466796875 0.10223388671875 -0.0126304626464843 0.0430679321289063
0.4615478515625 -0.07965087890625 -0.0142631530761718 0.0392532348632812
0.430572509765625 -0.055755615234375 -0.0381736755371093 0.0391654968261719
0.491607666015625 -0.063323974609375 -0.0650482177734375 0.0657997131347656
0.467987060546875 0.10272216796875 -0.101699829101562 -0.01416015625
0.3426513671875 0.386077880859375 -0.151580810546875 -0.075164794921875
0.0599365234375 0.524322509765625 -0.0374755859375 -0.151382446289062
-0.44189453125 0.42718505859375 0.117874145507812 -0.188812255859375
-0.66473388671875 0.199462890625 0.202850341796875 -0.0432281494140625
-0.682373046875 -0.10479736328125 0.217697143554687 0.0596160888671875
-0.6339111328125 -0.0167236328125001 -0.360382080078125 -0.137847900390625
-0.51885986328125 0.235107421875 -0.267120361328125 0.0537872314453126
-0.306121826171875 0.43316650390625 -0.0852203369140625 0.0685501098632813
0.039764404296875 0.477203369140625 -0.0557594299316406 -0.00999069213867184
0.25628662109375 0.326141357421875 -0.135734558105469 -0.00955200195312498
0.429046630859375 0.10015869140625 -0.143295288085938 0.0423736572265625
0.406341552734375 -0.05029296875 -0.158599853515625 0.09197998046875
0.380218505859375 -0.029510498046875 -0.164947509765625 0.103317260742188
0.43505859375 -0.028594970703125 -0.198516845703125 0.11492919921875
0.396484375 0.113006591796875 -0.229583740234375 -0.00157165527343748
0.27276611328125 0.346588134765625 -0.237701416015625 -0.0948181152343749
0.027801513671875 0.4432373046875 -0.08905029296875 -0.174362182617187
-0.39178466796875 0.347991943359375 0.069580078125 -0.165817260742187
-0.5743408203125 0.16302490234375 0.0626792907714843 0.00163650512695313
-0.60882568359375 -0.0938720703124999 -0.0147132873535157 0.00263023376464843
-0.467071533203125 0.034210205078125 -0.547088623046875 -0.169158935546875
-0.363189697265625 0.198822021484375 -0.37603759765625 0.0715026855468749
-0.187957763671875 0.310546875 -0.104934692382813 0.073455810546875
0.038299560546875 0.325042724609375 -0.0935516357421875 -0.042633056640625
0.172698974609375 0.219833374023438 -0.190780639648438 -0.0433502197265625
0.299713134765625 0.080169677734375 -0.245956420898438 0.0394134521484375
0.2860107421875 -0.013397216796875 -0.275924682617188 0.1302490234375
0.27166748046875 -0.0001373291015625 -0.268264770507813 0.151458740234375
0.31170654296875 0.010650634765625 -0.30535888671875 0.14324951171875
0.263031005859375 0.111114501953125 -0.3233642578125 0.00222778320312494
0.153457641601563 0.258743286132813 -0.282684326171875 -0.1131591796875
-0.022491455078125 0.28961181640625 -0.113174438476562 -0.185073852539062
-0.284393310546875 0.198089599609375 0.0338516235351562 -0.134101867675781
-0.389495849609375 0.0875549316406251 -0.0551567077636719 0.0321846008300781
-0.432647705078125 -0.07110595703125 -0.21368408203125 -0.0518035888671875
-0.227676391601562 0.0808868408203125 -0.67889404296875 -0.18707275390625
-0.158721923828125 0.136764526367187 -0.456268310546875 0.08050537109375
-0.04095458984375 0.148696899414062 -0.123893737792969 0.086212158203125
0.0341415405273438 0.128028869628906 -0.1142578125 -0.047607421875
0.0661468505859375 0.0799407958984375 -0.205596923828125 -0.0580596923828125
0.124526977539062 0.0460968017578125 -0.299560546875 0.032440185546875
0.1217041015625 0.023193359375 -0.34564208984375 0.149169921875
0.120658874511719 0.0290374755859375 -0.330718994140625 0.176055908203125
0.14251708984375 0.0465240478515625 -0.36962890625 0.147003173828125
0.095947265625 0.0902557373046875 -0.37091064453125 -0.00170898437499999
0.0208206176757812 0.136955261230469 -0.285888671875 -0.13006591796875
-0.0582351684570312 0.104713439941406 -0.114761352539062 -0.188201904296875
-0.133460998535156 0.0371246337890625 0.0178985595703125 -0.104499816894531
-0.151504516601563 0.0147705078125 -0.128204345703125 0.0418167114257812
-0.19305419921875 -0.029937744140625 -0.345367431640625 -0.093841552734375
-0.076171875 -0.0743789672851563 0.418853759765625 0.011688232421875
-0.0984039306640625 0.046173095703125 0.17529296875 -0.0648193359375
-0.0320510864257813 0.113571166992188 -0.0387001037597656 0.0653915405273438
0.0567092895507813 0.078399658203125 0.0860137939453125 0.203231811523438
0.0958786010742188 0.0239105224609375 0.24005126953125 0.158279418945313
0.0767364501953125 -0.0561599731445313 0.371429443359375 -0.01348876953125
0.0557174682617188 -0.0917510986328125 0.393280029296875 -0.1824951171875
0.0413818359375 -0.0678482055664063 0.33795166015625 -0.205780029296875
0.0426177978515625 -0.0722198486328125 0.342376708984375 -0.1614990234375
0.0732345581054688 -0.0241775512695313 0.3192138671875 -0.050994873046875
0.05816650390625 0.0415077209472656 0.2083740234375 0.015106201171875
-0.0109786987304688 0.0745925903320313 0.133384704589844 0.00651550292968751
-0.0765151977539063 0.0157318115234375 0.196304321289063 -0.09912109375
-0.0803298950195312 -0.0512466430664062 0.48260498046875 -0.125701904296875
-0.00746154785156251 -0.0754470825195312 0.77197265625 0.21923828125
-0.345916748046875 -0.0942993164062499 0.3751220703125 0.00704956054687499
-0.303924560546875 0.107879638671875 0.155593872070313 -0.05035400390625
-0.1788330078125 0.255340576171875 -0.0400276184082031 0.0542869567871094
0.0489654541015625 0.259078979492187 0.0687255859375 0.178192138671875
0.187088012695312 0.156967163085938 0.188980102539063 0.152023315429688
0.250335693359375 -0.0184326171875 0.32916259765625 0.00775146484375
0.228530883789063 -0.12255859375 0.354400634765625 -0.147491455078125
0.206954956054688 -0.094512939453125 0.29718017578125 -0.174041748046875
0.233367919921875 -0.104736328125 0.298828125 -0.12762451171875
0.251724243164063 0.00604248046875 0.266937255859375 -0.05230712890625
0.192230224609375 0.173370361328125 0.1514892578125 -0.00184631347656249
0.02197265625 0.259979248046875 0.114639282226563 -0.028564453125
-0.227005004882813 0.179000854492187 0.200439453125 -0.1387939453125
-0.320556640625 0.0445861816406251 0.48394775390625 -0.1337890625
-0.28192138671875 -0.09014892578125 0.75677490234375 0.1878662109375
-0.5625 -0.09454345703125 0.251724243164062 -0.0191650390625
-0.472198486328125 0.1689453125 0.088409423828125 -0.0300674438476562
-0.29718017578125 0.380340576171875 -0.0440902709960938 0.0534095764160157
0.044677734375 0.416534423828125 0.051666259765625 0.142013549804688
0.262115478515625 0.2724609375 0.123512268066406 0.127799987792969
0.39300537109375 0.022125244140625 0.247161865234375 0.0228729248046875
0.367919921875 -0.138031005859375 0.265243530273437 -0.0956573486328125
0.340606689453125 -0.107757568359375 0.211105346679688 -0.117141723632812
0.387603759765625 -0.1229248046875 0.207000732421875 -0.0717315673828125
0.394317626953125 0.03277587890625 0.168655395507813 -0.0468597412109375
0.30645751953125 0.280548095703125 0.0631256103515625 -0.0255928039550781
0.0595703125 0.4173583984375 0.0757293701171875 -0.0751953125
-0.34796142578125 0.331573486328125 0.189697265625 -0.178787231445312
-0.5205078125 0.143798828125 0.438323974609375 -0.12896728515625
-0.51806640625 -0.0911865234374999 0.647216796875 0.1424560546875
-0.69580078125 -0.0721435546875002 0.0681533813476562 -0.0551414489746094
-0.57598876953125 0.2283935546875 -0.0139045715332032 -0.00121307373046873
-0.361083984375 0.478973388671875 -0.0504608154296875 0.0595169067382813
0.05377197265625 0.52593994140625 0.0280914306640625 0.0950088500976563
0.313751220703125 0.34783935546875 0.0418701171875 0.0883636474609375
0.48443603515625 0.0521240234375 0.130653381347656 0.034149169921875
0.452117919921875 -0.13519287109375 0.138137817382813 -0.0305709838867188
0.421142578125 -0.104217529296875 0.0938491821289063 -0.0424728393554688
0.481170654296875 -0.12158203125 0.0817031860351563 -0.00204467773437501
0.47967529296875 0.055145263671875 0.0381927490234375 -0.0312156677246094
0.377349853515625 0.3502197265625 -0.0454597473144531 -0.0476150512695312
0.090576171875 0.519378662109375 0.0190200805664062 -0.120803833007812
-0.41925048828125 0.442474365234375 0.157501220703125 -0.201736450195312
-0.6490478515625 0.220703125 0.34173583984375 -0.10186767578125
-0.66986083984375 -0.0839843749999999 0.461700439453125 0.0963134765625
-0.7291259765625 -0.0314941406249998 -0.149154663085938 -0.091339111328125
-0.59466552734375 0.270751953125 -0.138290405273438 0.0351715087890625
-0.357696533203125 0.5159912109375 -0.0633659362792969 0.0686759948730469
0.069366455078125 0.5560302734375 -0.0094146728515625 0.0422172546386719
0.327178955078125 0.36590576171875 -0.0508460998535156 0.0420875549316407
0.50469970703125 0.067962646484375 -0.00624847412109372 0.0427970886230469
0.46978759765625 -0.11529541015625 -0.00997161865234372 0.03887939453125
0.438323974609375 -0.087982177734375 -0.0374679565429687 0.0386314392089844
0.501251220703125 -0.102264404296875 -0.0581398010253906 0.0694923400878906
0.486541748046875 0.0728759765625 -0.1053466796875 -0.00808715820312498
0.38037109375 0.371063232421875 -0.158309936523437 -0.0643768310546874
0.09423828125 0.536376953125 -0.0463104248046875 -0.155166625976562
-0.430328369140625 0.467254638671875 0.109466552734375 -0.199050903320313
-0.671875 0.24432373046875 0.207656860351562 -0.0520782470703125
-0.7125244140625 -0.0739746093750001 0.22589111328125 0.05206298828125
-0.65545654296875 0.0158081054687499 -0.371337890625 -0.119293212890625
-0.52093505859375 0.27044677734375 -0.265777587890625 0.0718841552734375
-0.293182373046875 0.466094970703125 -0.0810089111328125 0.075042724609375
0.073028564453125 0.489501953125 -0.0552406311035156 -0.00665664672851561
0.286407470703125 0.319122314453125 -0.138534545898437 -0.000572204589843713
0.4482421875 0.069854736328125 -0.140945434570313 0.05023193359375
0.415557861328125 -0.080902099609375 -0.155426025390625 0.10272216796875
0.3900146484375 -0.056854248046875 -0.164413452148437 0.113357543945313
0.448028564453125 -0.0635986328125 -0.193222045898438 0.128982543945313
0.415313720703125 0.0880126953125 -0.236251831054687 0.0125579833984375
0.305999755859375 0.336456298828125 -0.247451782226562 -0.079376220703125
0.05743408203125 0.45538330078125 -0.0992279052734375 -0.174179077148437
-0.3846435546875 0.38372802734375 0.06121826171875 -0.173263549804687
-0.5826416015625 0.2027587890625 0.0650634765624999 0.00189208984375001
-0.63690185546875 -0.0656738281249999 -0.0176448822021485 0.00827407836914063
-0.480712890625 0.058074951171875 -0.56707763671875 -0.14080810546875
-0.36517333984375 0.22467041015625 -0.379425048828125 0.0973510742187499
-0.179901123046875 0.332855224609375 -0.101844787597656 0.08251953125
0.062103271484375 0.33355712890625 -0.0963973999023437 -0.0376358032226562
0.194320678710937 0.216140747070313 -0.197479248046875 -0.0319976806640625
0.315032958984375 0.059722900390625 -0.2470703125 0.05364990234375
0.295379638671875 -0.03460693359375 -0.274154663085938 0.150100708007813
0.281280517578125 -0.019378662109375 -0.266220092773438 0.16845703125
0.32415771484375 -0.013641357421875 -0.302337646484375 0.16522216796875
0.279632568359375 0.09521484375 -0.3310546875 0.022857666015625
0.178192138671875 0.255538940429688 -0.29473876953125 -0.0968017578125
-0.003509521484375 0.3011474609375 -0.126113891601563 -0.183242797851562
-0.28173828125 0.223297119140625 0.0261688232421875 -0.13946533203125
-0.397247314453125 0.113494873046875 -0.0556221008300782 0.0398025512695313
-0.455413818359375 -0.0518798828125001 -0.226211547851563 -0.03564453125
-0.232345581054688 0.0921478271484375 -0.70733642578125 -0.1505126953125
-0.159439086914062 0.147872924804688 -0.464202880859375 0.112518310546875
-0.03802490234375 0.154693603515625 -0.120498657226563 0.0967483520507813
0.0443572998046875 0.131240844726563 -0.118888854980469 -0.0408248901367187
0.0751190185546875 0.0796966552734375 -0.214218139648438 -0.04730224609375
0.133140563964844 0.0371627807617188 -0.304656982421875 0.050872802734375
0.128059387207031 0.0147018432617188 -0.345947265625 0.17510986328125
0.128623962402344 0.0204620361328125 -0.329010009765625 0.200042724609375
0.153106689453125 0.035400390625 -0.369354248046875 0.17474365234375
0.107658386230469 0.0854110717773438 -0.379913330078125 0.02197265625
0.0341567993164063 0.139450073242188 -0.299041748046875 -0.1142578125
-0.051544189453125 0.113258361816406 -0.127700805664062 -0.185745239257813
-0.136497497558594 0.0488052368164062 0.011260986328125 -0.108566284179688
-0.15789794921875 0.023651123046875 -0.132720947265625 0.0542678833007813
-0.206558227539062 -0.0230560302734375 -0.366607666015625 -0.0704040527343749
-0.079376220703125 -0.0685806274414063 0.427520751953125 -0.018280029296875
-0.0897979736328125 0.0509185791015625 0.17742919921875 -0.0793304443359375
-0.0222625732421875 0.113296508789063 -0.0345344543457031 0.0669593811035156
0.0598831176757812 0.0734024047851563 0.100479125976563 0.19561767578125
0.0963973999023438 0.0168380737304688 0.249267578125 0.141372680664063
0.0705718994140625 -0.0621719360351563 0.37030029296875 -0.038055419921875
0.046539306640625 -0.0961532592773437 0.381256103515625 -0.20977783203125
0.0343360900878906 -0.0700492858886719 0.325103759765625 -0.22747802734375
0.0334396362304688 -0.074005126953125 0.332550048828125 -0.186004638671875
0.0680999755859375 -0.0298309326171875 0.316497802734375 -0.072418212890625
0.0601692199707031 0.0351181030273438 0.209136962890625 0.002410888671875
-0.00566864013671875 0.0729904174804688 0.133750915527344 -0.00276947021484375
-0.0739059448242188 0.021209716796875 0.189361572265625 -0.111557006835938
-0.0810699462890625 -0.0419235229492188 0.476409912109375 -0.15997314453125
-0.00885772705078125 -0.071685791015625 0.78533935546875 0.16778564453125
-0.35076904296875 -0.0710449218749999 0.385498046875 -0.020355224609375
-0.290618896484375 0.125946044921875 0.16033935546875 -0.0632476806640625
-0.161849975585938 0.26519775390625 -0.0358772277832031 0.0558013916015625
0.065216064453125 0.254119873046875 0.0815887451171875 0.1717529296875
0.196029663085938 0.14361572265625 0.199005126953125 0.139495849609375
0.246139526367188 -0.0373992919921875 0.330535888671875 -0.01519775390625
0.217315673828125 -0.13995361328125 0.345733642578125 -0.173309326171875
0.198944091796875 -0.107986450195312 0.285369873046875 -0.194488525390625
0.223373413085938 -0.121826171875 0.292327880859375 -0.149749755859375
0.24871826171875 -0.0141143798828125 0.263412475585938 -0.070098876953125
0.20556640625 0.156509399414063 0.151992797851563 -0.00993347167968749
0.04052734375 0.257064819335938 0.112533569335938 -0.0369873046875
-0.215438842773438 0.19610595703125 0.191909790039063 -0.150482177734375
-0.3160400390625 0.0703125 0.479522705078125 -0.1658935546875
-0.2879638671875 -0.0699157714843751 0.76959228515625 0.138427734375
-0.56878662109375 -0.0604248046875 0.260818481445313 -0.0370025634765625
-0.456939697265625 0.196319580078125 0.0958328247070312 -0.0387115478515625
-0.273529052734375 0.39984130859375 -0.0394706726074219 0.0553054809570313
0.071807861328125 0.41064453125 0.062835693359375 0.138137817382813
0.27923583984375 0.254684448242188 0.132293701171875 0.120429992675781
0.393035888671875 -0.0087890625 0.250885009765625 0.0043487548828125
0.3565673828125 -0.166046142578125 0.2606201171875 -0.115524291992188
0.33245849609375 -0.131500244140625 0.202865600585938 -0.132904052734375
0.37689208984375 -0.1531982421875 0.205276489257813 -0.0884552001953125
0.39453125 0.00323486328125 0.165695190429688 -0.0570220947265625
0.32806396484375 0.256195068359375 0.0633735656738282 -0.0269775390625
0.08929443359375 0.413330078125 0.0712127685546875 -0.08154296875
-0.3272705078125 0.35784912109375 0.178558349609375 -0.189071655273437
-0.51177978515625 0.182647705078125 0.4334716796875 -0.156219482421875
-0.525787353515625 -0.0572204589843749 0.6588134765625 0.101806640625
-0.7020263671875 -0.0304565429687501 0.0752792358398437 -0.0606536865234375
-0.5589599609375 0.262908935546875 -0.00520277023315433 -0.0023679733276367
-0.3328857421875 0.50274658203125 -0.0445213317871094 0.0622940063476563
0.0907592773437501 0.5203857421875 0.035430908203125 0.0927658081054688
0.33819580078125 0.3270263671875 0.0480804443359375 0.0871353149414063
0.487030029296875 0.014617919921875 0.136703491210938 0.023284912109375
0.442291259765625 -0.170501708984375 0.138069152832031 -0.0427780151367188
0.41400146484375 -0.134552001953125 0.0892410278320313 -0.050079345703125
0.4730224609375 -0.161102294921875 0.0860443115234375 -0.0102996826171875
0.481964111328125 0.019195556640625 0.03546142578125 -0.0330543518066406
0.404052734375 0.32220458984375 -0.0465774536132812 -0.0418853759765625
0.12689208984375 0.51513671875 0.010955810546875 -0.123313903808594
-0.392913818359375 0.47393798828125 0.144943237304687 -0.209442138671875
-0.63482666015625 0.26568603515625 0.338897705078125 -0.121246337890625
-0.68060302734375 -0.0427856445312499 0.467529296875 0.069488525390625
-0.7333984375 0.0109863281249999 -0.14630126953125 -0.0823211669921875
-0.576904296875 0.30572509765625 -0.128768920898438 0.043487548828125
-0.32745361328125 0.543701171875 -0.0570297241210938 0.071990966796875
0.108673095703125 0.551727294921875 -0.00434494018554687 0.0424079895019532
0.35345458984375 0.343536376953125 -0.0474395751953125 0.0472488403320313
0.5096435546875 0.029388427734375 -7.24792480468477E-05 0.0409507751464844
0.462005615234375 -0.152496337890625 -0.00558090209960934 0.0364837646484375
0.432861328125 -0.118896484375 -0.0369758605957031 0.0389518737792969
0.49603271484375 -0.143402099609375 -0.0497817993164062 0.070709228515625
0.490966796875 0.036956787109375 -0.106330871582031 -0.000572204589843733
0.408966064453125 0.342254638671875 -0.159835815429687 -0.051116943359375
0.130157470703125 0.52984619140625 -0.0558319091796875 -0.153579711914062
-0.40350341796875 0.49755859375 0.0966644287109375 -0.204391479492187
-0.65869140625 0.29083251953125 0.206680297851563 -0.0623321533203125
-0.72430419921875 -0.031494140625 0.228195190429687 0.04052734375
-0.6588134765625 0.05340576171875 -0.37359619140625 -0.09625244140625
-0.50531005859375 0.30438232421875 -0.256301879882813 0.0891876220703125
-0.26849365234375 0.489654541015625 -0.0735855102539063 0.0812835693359375
0.108154296875 0.485626220703125 -0.0533905029296875 -0.00278091430664061
0.308868408203125 0.30047607421875 -0.137298583984375 0.0100479125976562
0.45281982421875 0.036041259765625 -0.135246276855469 0.0575027465820313
0.41156005859375 -0.114105224609375 -0.147369384765625 0.111038208007812
0.387481689453125 -0.086151123046875 -0.158828735351562 0.1219482421875
0.444671630859375 -0.100494384765625 -0.18109130859375 0.139968872070312
0.42205810546875 0.05731201171875 -0.234954833984375 0.0288543701171875
0.333404541015625 0.313232421875 -0.249679565429687 -0.0608367919921875
0.088714599609375 0.4517822265625 -0.110992431640625 -0.169296264648438
-0.362548828125 0.410064697265625 0.0496063232421875 -0.175628662109375
-0.5699462890625 0.23974609375 0.0664863586425781 0.00065994262695314
-0.64862060546875 -0.0292968750000001 -0.0186233520507813 0.0121917724609375
-0.481689453125 0.0844116210937499 -0.57403564453125 -0.10260009765625
-0.354461669921875 0.246826171875 -0.370849609375 0.12353515625
-0.163360595703125 0.347503662109375 -0.0946044921875 0.0898590087890625
0.086700439453125 0.331756591796875 -0.09698486328125 -0.031036376953125
0.210922241210937 0.204757690429688 -0.198776245117188 -0.01800537109375
0.32073974609375 0.03436279296875 -0.242446899414062 0.067718505859375
0.29522705078125 -0.058380126953125 -0.26397705078125 0.168487548828125
0.281829833984375 -0.040771484375 -0.256698608398438 0.185592651367188
0.32623291015625 -0.042724609375 -0.288238525390625 0.184600830078125
0.287994384765625 0.073150634765625 -0.329437255859375 0.0451965332031251
0.199111938476563 0.242080688476563 -0.298187255859375 -0.074676513671875
0.01824951171875 0.30255126953125 -0.138290405273438 -0.17596435546875
-0.269851684570312 0.24359130859375 0.0169143676757812 -0.139801025390625
-0.3922119140625 0.139007568359375 -0.0529823303222656 0.0469894409179688
-0.46533203125 -0.02606201171875 -0.230926513671875 -0.017669677734375
-0.2294921875 0.10260009765625 -0.7186279296875 -0.10369873046875
-0.155349731445313 0.15692138671875 -0.458038330078125 0.14453125
-0.033416748046875 0.158981323242188 -0.112190246582031 0.1063232421875
0.0539321899414063 0.129867553710938 -0.120147705078125 -0.0327682495117187
0.0818939208984375 0.0762939453125 -0.216598510742188 -0.0330963134765625
0.137245178222656 0.0263595581054688 -0.301300048828125 0.06988525390625
0.131813049316406 0.0048980712890625 -0.3348388671875 0.199188232421875
0.132354736328125 0.00995635986328125 -0.31768798828125 0.220947265625
0.158233642578125 0.02069091796875 -0.355133056640625 0.200042724609375
0.116714477539063 0.0762939453125 -0.3768310546875 0.047332763671875
0.0469894409179688 0.137176513671875 -0.304901123046875 -0.0922241210937501
-0.0424575805664063 0.118896484375 -0.139175415039063 -0.176712036132813
-0.134834289550781 0.0591888427734375 0.00299835205078123 -0.109222412109375
-0.158676147460938 0.0332794189453125 -0.131263732910156 0.0665206909179687
-0.2135009765625 -0.01312255859375 -0.375274658203125 -0.0425415039062499
-0.0791473388671875 -0.062255859375 0.42510986328125 -0.04022216796875
-0.0801162719726563 0.0511016845703125 0.176239013671875 -0.090789794921875
-0.0144729614257813 0.108757019042969 -0.0300750732421875 0.0668792724609375
0.0612945556640625 0.067962646484375 0.107513427734375 0.186203002929688
0.0941238403320313 0.0107574462890625 0.251083374023438 0.126495361328125
0.0642318725585938 -0.0650138854980469 0.360687255859375 -0.05499267578125
0.0372085571289062 -0.0970611572265625 0.363311767578125 -0.22576904296875
0.0273017883300781 -0.0687980651855469 0.3084716796875 -0.23919677734375
0.026824951171875 -0.072479248046875 0.317596435546875 -0.199005126953125
0.0616340637207031 -0.0333671569824219 0.306121826171875 -0.085723876953125
0.059661865234375 0.0286788940429687 0.205001831054687 -0.0074615478515625
-0.00135803222656251 0.0703353881835938 0.131698608398438 -0.00983428955078125
-0.0698699951171875 0.0249252319335938 0.18048095703125 -0.1185302734375
-0.078826904296875 -0.034393310546875 0.461669921875 -0.181854248046875
-0.00880050659179687 -0.0676002502441406 0.7783203125 0.12530517578125
-0.346710205078125 -0.053619384765625 0.385284423828125 -0.040313720703125
-0.273956298828125 0.13250732421875 0.163070678710937 -0.0749359130859375
-0.144210815429687 0.26617431640625 -0.0319709777832031 0.0552024841308594
0.074981689453125 0.243881225585937 0.089508056640625 0.162979125976563
0.198684692382812 0.130477905273438 0.201629638671875 0.127777099609375
0.237396240234375 -0.05096435546875 0.3238525390625 -0.03192138671875
0.203033447265625 -0.150039672851563 0.330902099609375 -0.189453125
0.187103271484375 -0.115570068359375 0.271148681640625 -0.205123901367188
0.209869384765625 -0.132415771484375 0.281082153320312 -0.162750244140625
0.2403564453125 -0.0279388427734375 0.254669189453125 -0.080474853515625
0.20953369140625 0.13970947265625 0.149337768554688 -0.0167694091796875
0.0531158447265625 0.249526977539062 0.108757019042969 -0.0421829223632812
-0.201522827148438 0.2059326171875 0.182327270507813 -0.15582275390625
-0.30426025390625 0.0873718261718751 0.465057373046875 -0.186248779296875
-0.28509521484375 -0.05401611328125 0.75994873046875 0.0992431640625
-0.5611572265625 -0.034515380859375 0.26312255859375 -0.0514068603515625
-0.433990478515625 0.209075927734375 0.100914001464844 -0.0467071533203125
-0.25048828125 0.40423583984375 -0.034881591796875 0.0548782348632813
0.089996337890625 0.398193359375 0.06915283203125 0.130958557128906
0.2857666015625 0.235687255859375 0.13592529296875 0.113273620605469
0.382537841796875 -0.031097412109375 0.248077392578125 -0.0089111328125
0.339324951171875 -0.184051513671875 0.25042724609375 -0.1292724609375
0.317413330078125 -0.145111083984375 0.191436767578125 -0.14007568359375
0.35888671875 -0.172637939453125 0.1993408203125 -0.0986175537109375
0.38494873046875 -0.01971435546875 0.160079956054688 -0.0629730224609375
0.335479736328125 0.230682373046875 0.0621185302734375 -0.0286521911621094
0.10858154296875 0.4000244140625 0.0654525756835937 -0.0841293334960937
-0.306610107421875 0.37066650390625 0.166412353515625 -0.192031860351562
-0.4921875 0.207305908203125 0.420501708984375 -0.17401123046875
-0.5213623046875 -0.03271484375 0.64990234375 0.07086181640625
-0.69183349609375 -0.00158691406250005 0.0803298950195312 -0.0648727416992188
-0.532470703125 0.281524658203125 0.00303316116333005 -0.00501060485839842
-0.3037109375 0.511993408203125 -0.0398521423339844 0.0619430541992188
0.113616943359375 0.50543212890625 0.0410232543945313 0.087646484375
0.347320556640625 0.3033447265625 0.0530471801757813 0.0849380493164063
0.475677490234375 -0.014556884765625 0.137855529785156 0.013580322265625
0.424530029296875 -0.19378662109375 0.134613037109375 -0.0514373779296875
0.398406982421875 -0.153564453125 0.0840301513671875 -0.0546646118164063
0.453399658203125 -0.18695068359375 0.086761474609375 -0.0171356201171875
0.470855712890625 -0.007415771484375 0.0332202911376953 -0.0325794219970703
0.41455078125 0.291748046875 -0.0453414916992187 -0.0370368957519531
0.1502685546875 0.49847412109375 0.00470733642578127 -0.121971130371094
-0.364776611328125 0.488861083984375 0.132080078125 -0.209991455078125
-0.61065673828125 0.29388427734375 0.329010009765625 -0.13348388671875
-0.674560546875 -0.0115356445312501 0.460693359375 0.0479736328125
-0.7216796875 0.0407714843750001 -0.138786315917969 -0.0758819580078125
-0.55157470703125 0.32391357421875 -0.116683959960938 0.047027587890625
-0.300994873046875 0.552459716796875 -0.0507278442382813 0.0729217529296875
0.134857177734375 0.535797119140625 -2.28881835937394E-05 0.04107666015625
0.3641357421875 0.320556640625 -0.042510986328125 0.0503501892089844
0.500244140625 -0.001739501953125 0.00536346435546878 0.0375595092773438
0.44580078125 -0.17779541015625 -0.00232696533203122 0.0336551666259765
0.41949462890625 -0.139678955078125 -0.0364456176757812 0.0389213562011719
0.477264404296875 -0.171722412109375 -0.0418014526367187 0.0690383911132812
0.48388671875 0.009368896484375 -0.103782653808594 0.00562286376953124
0.419403076171875 0.31158447265625 -0.156600952148437 -0.0407562255859374
0.15478515625 0.514068603515625 -0.062957763671875 -0.14849853515625
-0.3756103515625 0.512298583984375 0.085540771484375 -0.20245361328125
-0.63232421875 0.31732177734375 0.2030029296875 -0.068389892578125
-0.7178955078125 -0.0013427734375001 0.2244873046875 0.031341552734375
-0.6475830078125 0.0779418945312499 -0.364288330078125 -0.0775146484375
-0.48419189453125 0.319580078125 -0.242568969726563 0.0998687744140625
-0.2447509765625 0.4974365234375 -0.0667190551757813 0.0826187133789063
0.130645751953125 0.471099853515625 -0.0506744384765625 -0.000366210937499973
0.320220947265625 0.281341552734375 -0.133071899414062 0.0179519653320312
0.446533203125 0.00762939453125 -0.1270751953125 0.0604629516601563
0.398895263671875 -0.13653564453125 -0.138008117675781 0.114364624023438
0.3773193359375 -0.1051025390625 -0.151611328125 0.125869750976563
0.430755615234375 -0.127471923828125 -0.167160034179687 0.1434326171875
0.416748046875 0.031707763671875 -0.228469848632812 0.040435791015625
0.345062255859375 0.288299560546875 -0.244873046875 -0.0454254150390625
0.1092529296875 0.43988037109375 -0.116943359375 -0.1605224609375
-0.337677001953125 0.424163818359375 0.0405120849609375 -0.172988891601562
-0.550567626953125 0.26300048828125 0.0672073364257812 0.000534057617187516
-0.644287109375 -0.00299072265624995 -0.0195999145507813 0.0159473419189453
-0.474884033203125 0.100738525390625 -0.5640869140625 -0.0742187499999999
-0.3404541015625 0.25860595703125 -0.356292724609375 0.141326904296875
-0.14923095703125 0.354095458984375 -0.08673095703125 0.093109130859375
0.102508544921875 0.322998046875 -0.0947265625 -0.025726318359375
0.219253540039063 0.191818237304688 -0.19488525390625 -0.007354736328125
0.31683349609375 0.0146484375 -0.2332763671875 0.07635498046875
0.28851318359375 -0.0755615234375 -0.250274658203125 0.177703857421875
0.27630615234375 -0.0562744140625 -0.244644165039062 0.193954467773437
0.31854248046875 -0.063232421875 -0.270660400390625 0.193756103515625
0.286590576171875 0.05511474609375 -0.3194580078125 0.0606079101562499
0.209976196289062 0.225265502929687 -0.293792724609375 -0.058013916015625
0.034027099609375 0.296875 -0.143798828125 -0.16546630859375
-0.255172729492188 0.254013061523438 0.00980377197265625 -0.137008666992187
-0.379730224609375 0.1544189453125 -0.0494575500488281 0.0518035888671875
-0.464508056640625 -0.00741577148437498 -0.230545043945313 -0.00299072265624997
-0.223861694335938 0.107177734375 -0.70758056640625 -0.06768798828125
-0.149139404296875 0.1611328125 -0.443115234375 0.165985107421875
-0.030548095703125 0.160049438476563 -0.103271484375 0.10980224609375
0.0599746704101563 0.126594543457031 -0.118545532226563 -0.0268630981445312
0.0858993530273438 0.0735244750976563 -0.213272094726562 -0.0215911865234375
0.137229919433594 0.016876220703125 -0.291961669921875 0.08203125
0.131752014160156 -0.00287628173828125 -0.31927490234375 0.213043212890625
0.1322021484375 0.00191497802734375 -0.300872802734375 0.23223876953125
0.158172607421875 0.0085601806640625 -0.33612060546875 0.2135009765625
0.119972229003906 0.0666275024414063 -0.36492919921875 0.0651550292968749
0.0553207397460937 0.131858825683594 -0.30084228515625 -0.073760986328125
-0.0341644287109375 0.119865417480469 -0.144393920898437 -0.166030883789063
-0.130332946777344 0.0660781860351563 -0.00308227539062501 -0.105789184570313
-0.157028198242188 0.0391387939453125 -0.126235961914063 0.0751190185546875
-0.2164306640625 -0.00482177734374995 -0.37286376953125 -0.019989013671875
-0.0775146484375 -0.0588455200195313 0.42218017578125 -0.053253173828125
-0.0733489990234375 0.0485076904296875 0.176361083984375 -0.099456787109375
-0.00971221923828125 0.103569030761719 -0.02728271484375 0.0656356811523438
0.0601730346679688 0.0643234252929688 0.111480712890625 0.17864990234375
0.0920562744140625 0.00809478759765625 0.24908447265625 0.117965698242188
0.0593109130859375 -0.0661201477050781 0.35174560546875 -0.0626220703125
0.0307540893554688 -0.0960769653320313 0.35113525390625 -0.232635498046875
0.0233650207519531 -0.0669364929199219 0.2987060546875 -0.241302490234375
0.0217361450195313 -0.0709915161132813 0.30780029296875 -0.203704833984375
0.0562820434570312 -0.0350074768066406 0.298675537109375 -0.090545654296875
0.0587806701660156 0.024322509765625 0.200790405273438 -0.0115509033203125
0.00109481811523437 0.0674552917480469 0.129280090332031 -0.0128250122070312
-0.0662345886230469 0.0266380310058594 0.175186157226563 -0.121200561523438
-0.0742340087890625 -0.0295867919921875 0.450286865234375 -0.191650390625
-0.00699615478515626 -0.0647163391113281 0.76611328125 0.10595703125
-0.340576171875 -0.045074462890625 0.385528564453125 -0.053131103515625
-0.261306762695313 0.131637573242187 0.1650390625 -0.082977294921875
-0.135086059570313 0.262298583984375 -0.0291290283203125 0.0545654296875
0.07855224609375 0.236083984375 0.092864990234375 0.156463623046875
0.197479248046875 0.122909545898437 0.201004028320313 0.121047973632813
0.229339599609375 -0.05780029296875 0.317169189453125 -0.040374755859375
0.19189453125 -0.154678344726563 0.3216552734375 -0.196746826171875
0.179763793945313 -0.117172241210938 0.261520385742188 -0.208358764648438
0.199661254882812 -0.136322021484375 0.27374267578125 -0.1680908203125
0.232086181640625 -0.03485107421875 0.248046875 -0.083526611328125
0.209228515625 0.1282958984375 0.146652221679688 -0.0191650390625
0.058990478515625 0.2430419921875 0.106132507324219 -0.0441207885742187
-0.192398071289062 0.209396362304688 0.176010131835938 -0.15643310546875
-0.294189453125 0.0965881347656249 0.455291748046875 -0.1951904296875
-0.281021118164063 -0.0457763671875 0.74810791015625 0.08294677734375
-0.552734375 -0.0236511230468749 0.266357421875 -0.05938720703125
-0.417938232421875 0.210906982421875 0.106025695800781 -0.053436279296875
-0.235809326171875 0.402740478515625 -0.0319366455078125 0.0539283752441407
0.09735107421875 0.387359619140625 0.0723876953125 0.125198364257813
0.2860107421875 0.223480224609375 0.137008666992188 0.10919189453125
0.3707275390625 -0.043548583984375 0.244766235351563 -0.0166473388671875
0.3253173828125 -0.192718505859375 0.244186401367188 -0.136093139648438
0.307342529296875 -0.1507568359375 0.184799194335938 -0.1422119140625
0.34649658203125 -0.181854248046875 0.195632934570313 -0.103927612304688
0.374603271484375 -0.031890869140625 0.155303955078125 -0.0641632080078125
0.33587646484375 0.2144775390625 0.0614089965820313 -0.0277519226074219
0.1160888671875 0.39056396484375 0.0624618530273438 -0.0840835571289062
-0.29193115234375 0.375091552734375 0.16058349609375 -0.190597534179687
-0.47662353515625 0.2177734375 0.4124755859375 -0.1805419921875
-0.515289306640625 -0.022308349609375 0.63787841796875 0.0570068359375
-0.68115234375 0.0108032226562501 0.0861282348632812 -0.0690383911132812
-0.51556396484375 0.282501220703125 0.0109777450561523 -0.00940036773681639
-0.28961181640625 0.51202392578125 -0.0360031127929688 0.0612602233886719
0.124267578125 0.491912841796875 0.0438613891601563 0.0840377807617188
0.348846435546875 0.2900390625 0.0557327270507813 0.0832366943359375
0.46484375 -0.028961181640625 0.137916564941406 0.0075225830078125
0.41070556640625 -0.204254150390625 0.132453918457031 -0.0577774047851563
0.38775634765625 -0.160919189453125 0.0803451538085938 -0.0558319091796875
0.43902587890625 -0.198028564453125 0.0872421264648438 -0.0210800170898438
0.46044921875 -0.022613525390625 0.0323238372802735 -0.0314464569091797
0.41412353515625 0.2725830078125 -0.0437660217285156 -0.0341911315917969
0.158660888671875 0.486053466796875 0.0010833740234375 -0.119636535644531
-0.34979248046875 0.4927978515625 0.125869750976562 -0.207443237304687
-0.59136962890625 0.3055419921875 0.323394775390625 -0.136932373046875
-0.66571044921875 -0.000427246093750095 0.4520263671875 0.041351318359375
-0.712890625 0.0510864257812501 -0.130096435546875 -0.0741806030273437
-0.53485107421875 0.327056884765625 -0.106948852539063 0.0464401245117188
-0.28533935546875 0.553741455078125 -0.0467147827148438 0.0717620849609375
0.145416259765625 0.523712158203125 0.00251388549804689 0.0390396118164063
0.36627197265625 0.307830810546875 -0.0390663146972656 0.0519447326660156
0.490081787109375 -0.0177001953125 0.00846862792968753 0.0337467193603516
0.433807373046875 -0.1903076171875 -0.000186920166015599 0.0301284790039062
0.4100341796875 -0.148895263671875 -0.0355796813964844 0.0384864807128906
0.463653564453125 -0.186492919921875 -0.0373077392578125 0.0662994384765625
0.473602294921875 -0.0067138671875 -0.10113525390625 0.00971984863281252
0.422119140625 0.291412353515625 -0.152191162109375 -0.0353546142578125
0.1634521484375 0.502349853515625 -0.0654144287109375 -0.143798828125
-0.359710693359375 0.51568603515625 0.080078125 -0.198516845703125
-0.61358642578125 0.3277587890625 0.1998291015625 -0.07049560546875
-0.7119140625 0.0104370117187501 0.219253540039062 0.028167724609375
-0.63983154296875 0.0871582031249999 -0.35400390625 -0.07025146484375
-0.47076416015625 0.322235107421875 -0.23089599609375 0.103485107421875
-0.23223876953125 0.501861572265625 -0.0626220703125 0.082611083984375
0.14227294921875 0.46087646484375 -0.048004150390625 0.000236511230468772
0.322265625 0.26983642578125 -0.12847900390625 0.0225830078125
0.43896484375 -0.006805419921875 -0.120880126953125 0.0597076416015625
0.389556884765625 -0.148193359375 -0.131271362304687 0.11419677734375
0.369781494140625 -0.113922119140625 -0.146804809570312 0.127761840820312
0.418670654296875 -0.14111328125 -0.158355712890625 0.142730712890625
0.410247802734375 0.01776123046875 -0.221923828125 0.0460357666015625
0.34771728515625 0.270660400390625 -0.238876342773438 -0.037567138671875
0.11798095703125 0.430816650390625 -0.119125366210937 -0.154556274414063
-0.325775146484375 0.427276611328125 0.0361175537109375 -0.16937255859375
-0.53472900390625 0.27191162109375 0.0674018859863281 0.00140380859375002
-0.63897705078125 0.00805664062499994 -0.021047592163086 0.0181922912597656
-0.46795654296875 0.104736328125 -0.5521240234375 -0.0612182617187499
-0.332855224609375 0.2608642578125 -0.344482421875 0.148162841796875
-0.142913818359375 0.35675048828125 -0.08209228515625 0.093231201171875
0.10919189453125 0.31683349609375 -0.0926284790039063 -0.0228958129882812
0.221969604492187 0.185211181640625 -0.189788818359375 -0.00135803222656253
0.31219482421875 0.00408935546875 -0.224822998046875 0.0796661376953125
0.2825927734375 -0.084442138671875 -0.240737915039062 0.18084716796875
0.272354125976563 -0.0635833740234375 -0.237442016601563 0.195816040039062
0.3109130859375 -0.07489013671875 -0.259521484375 0.1944580078125
0.283447265625 0.0438232421875 -0.310272216796875 0.067352294921875
0.214813232421875 0.213912963867187 -0.28680419921875 -0.04803466796875
0.040771484375 0.291748046875 -0.145248413085938 -0.158157348632812
-0.246749877929687 0.257919311523438 0.00649261474609372 -0.133430480957031
-0.371246337890625 0.16064453125 -0.0469398498535156 0.0546340942382813
-0.462127685546875 -0.000488281250000037 -0.22808837890625 0.00506591796875003
-0.221633911132813 0.105499267578125 -0.69598388671875 -0.0507812500000001
-0.1470947265625 0.162185668945312 -0.4310302734375 0.17645263671875
-0.0311279296875 0.1617431640625 -0.0988082885742187 0.109550476074219
0.0622177124023438 0.124732971191406 -0.117134094238281 -0.0230331420898438
0.0869064331054688 0.0715713500976563 -0.209396362304687 -0.016510009765625
0.136016845703125 0.0129928588867188 -0.283782958984375 0.0875244140625
0.131629943847656 -0.00765228271484375 -0.307403564453125 0.218048095703125
0.132286071777344 -0.00310516357421875 -0.291839599609375 0.234771728515625
0.156387329101563 0.0016021728515625 -0.3226318359375 0.217742919921875
0.121078491210938 0.0606155395507812 -0.354522705078125 0.072479248046875
0.0600509643554688 0.127334594726563 -0.294189453125 -0.062896728515625
-0.02886962890625 0.120460510253906 -0.145370483398438 -0.158447265625
-0.127861022949219 0.0691757202148437 -0.00701141357421876 -0.102584838867188
-0.15545654296875 0.0423431396484375 -0.122772216796875 0.0797119140625
-0.217926025390625 -0.00212097167968754 -0.369171142578125 -0.00823974609375003
-0.0767135620117187 -0.0566329956054688 0.426727294921875 -0.0599365234375
-0.0691146850585938 0.0455245971679687 0.180526733398438 -0.107177734375
-0.00801849365234376 0.100090026855469 -0.0258865356445312 0.0644798278808594
0.0597114562988281 0.0626754760742188 0.114242553710938 0.1759033203125
0.0923309326171875 0.0057830810546875 0.249862670898437 0.115707397460937
0.0562667846679688 -0.0678558349609375 0.350189208984375 -0.065826416015625
0.026214599609375 -0.096221923828125 0.34930419921875 -0.237701416015625
0.0207099914550781 -0.0657691955566406 0.29913330078125 -0.2457275390625
0.0189132690429688 -0.0703506469726563 0.307830810546875 -0.206756591796875
0.0529975891113281 -0.0360107421875 0.2978515625 -0.092529296875
0.058197021484375 0.0211143493652344 0.200180053710938 -0.0128936767578125
0.00208282470703125 0.0661239624023438 0.129295349121094 -0.0137557983398437
-0.0640830993652344 0.0278434753417969 0.175140380859375 -0.122833251953125
-0.070953369140625 -0.0264892578125 0.4501953125 -0.19635009765625
-0.00452423095703126 -0.0628433227539063 0.768310546875 0.10089111328125
-0.340789794921875 -0.042755126953125 0.391693115234375 -0.058746337890625
-0.257171630859375 0.128646850585938 0.17010498046875 -0.091033935546875
-0.133270263671875 0.261962890625 -0.0270614624023438 0.0536880493164063
0.07965087890625 0.234085083007813 0.095703125 0.153594970703125
0.198455810546875 0.120925903320312 0.202468872070313 0.119796752929688
0.225692749023437 -0.0624542236328125 0.317474365234375 -0.043975830078125
0.187301635742188 -0.157623291015625 0.320220947265625 -0.2025146484375
0.177871704101563 -0.11932373046875 0.261367797851562 -0.21099853515625
0.196456909179687 -0.13958740234375 0.274444580078125 -0.1715087890625
0.22906494140625 -0.0382537841796875 0.248336791992188 -0.0842742919921875
0.210464477539063 0.122848510742188 0.146865844726563 -0.019439697265625
0.061676025390625 0.24237060546875 0.1058349609375 -0.0448455810546875
-0.190597534179688 0.214523315429688 0.176559448242187 -0.15789794921875
-0.290740966796875 0.10272216796875 0.45684814453125 -0.200592041015625
-0.28155517578125 -0.0443115234375 0.74822998046875 0.07958984375
-0.55450439453125 -0.0216674804687501 0.273910522460938 -0.0655670166015625
-0.414215087890625 0.207794189453125 0.113029479980469 -0.0602340698242187
-0.233551025390625 0.4049072265625 -0.0303840637207031 0.0530738830566407
0.1005859375 0.385772705078125 0.0752716064453125 0.122222900390625
0.288116455078125 0.22210693359375 0.139144897460938 0.109512329101563
0.369110107421875 -0.049407958984375 0.246231079101563 -0.021636962890625
0.321807861328125 -0.198150634765625 0.244338989257812 -0.14208984375
0.307464599609375 -0.15447998046875 0.184661865234375 -0.14471435546875
0.342437744140625 -0.1888427734375 0.197479248046875 -0.10760498046875
0.37255859375 -0.036376953125 0.155120849609375 -0.0637664794921875
0.338531494140625 0.207733154296875 0.0626716613769531 -0.0280609130859375
0.120361328125 0.391357421875 0.0616683959960938 -0.084136962890625
-0.291412353515625 0.383331298828125 0.160675048828125 -0.190963745117187
-0.4735107421875 0.223846435546875 0.41473388671875 -0.183990478515625
-0.517669677734375 -0.0206298828125001 0.638427734375 0.0565185546875
-0.6864013671875 0.0119018554687499 0.0931625366210937 -0.0736618041992188
-0.51470947265625 0.280120849609375 0.018280029296875 -0.0141067504882812
-0.28741455078125 0.517333984375 -0.0347633361816406 0.06036376953125
0.128143310546875 0.48956298828125 0.046478271484375 0.0818634033203125
0.352294921875 0.28912353515625 0.0577163696289063 0.0858383178710938
0.46319580078125 -0.037078857421875 0.140457153320313 0.00347137451171875
0.407196044921875 -0.2120361328125 0.132972717285156 -0.062255859375
0.388702392578125 -0.16656494140625 0.0807647705078125 -0.056915283203125
0.435089111328125 -0.207366943359375 0.0895233154296875 -0.0240707397460938
0.45831298828125 -0.0286865234375 0.0326957702636719 -0.0303249359130859
0.418914794921875 0.266021728515625 -0.0424652099609375 -0.0329475402832031
0.16412353515625 0.487579345703125 0.000175476074218773 -0.119316101074219
-0.34735107421875 0.501739501953125 0.126205444335937 -0.20635986328125
-0.59027099609375 0.31231689453125 0.325164794921875 -0.139251708984375
-0.67218017578125 -0.000366210937500057 0.451812744140625 0.03961181640625
-0.71875 0.0523681640625 -0.124168395996094 -0.0763092041015625
-0.5360107421875 0.326202392578125 -0.100234985351563 0.0440444946289063
-0.282470703125 0.562744140625 -0.04498291015625 0.071502685546875
0.150299072265625 0.52239990234375 0.00392532348632813 0.0386695861816407
0.3720703125 0.30804443359375 -0.0362167358398437 0.0550155639648438
0.4901123046875 -0.025970458984375 0.0117340087890625 0.0306301116943359
0.430877685546875 -0.1981201171875 0.00124168395996097 0.0269870758056641
0.4119873046875 -0.15411376953125 -0.0360946655273437 0.0386810302734375
0.45977783203125 -0.1962890625 -0.034454345703125 0.06402587890625
0.473236083984375 -0.01300048828125 -0.099822998046875 0.0108566284179687
0.427581787109375 0.285980224609375 -0.150619506835937 -0.0328826904296875
0.167327880859375 0.503326416015625 -0.0666351318359375 -0.14215087890625
-0.360321044921875 0.52490234375 0.080657958984375 -0.19720458984375
-0.61309814453125 0.33355712890625 0.202072143554687 -0.07000732421875
-0.7177734375 0.0113525390625002 0.218185424804687 0.030059814453125
-0.645751953125 0.0863647460937501 -0.34979248046875 -0.0705871582031249
-0.47265625 0.323150634765625 -0.225448608398438 0.103912353515625
-0.232391357421875 0.510498046875 -0.0616607666015625 0.0827102661132813
0.147125244140625 0.4619140625 -0.0477371215820312 0.00051879882812502
0.328125 0.270782470703125 -0.126205444335937 0.0258026123046875
0.4385986328125 -0.013092041015625 -0.117652893066406 0.0586624145507812
0.389007568359375 -0.155548095703125 -0.129608154296875 0.113571166992187
0.372314453125 -0.11962890625 -0.147720336914062 0.12841796875
0.4168701171875 -0.150909423828125 -0.155975341796875 0.14129638671875
0.409942626953125 0.012054443359375 -0.220687866210937 0.04766845703125
0.351715087890625 0.26611328125 -0.237503051757812 -0.0350646972656249
0.121429443359375 0.432525634765625 -0.120559692382813 -0.1524658203125
-0.324859619140625 0.43408203125 0.0351409912109375 -0.167587280273437
-0.534881591796875 0.277191162109375 0.0689201354980469 0.00276565551757814
-0.6451416015625 0.0099487304687501 -0.0226249694824219 0.0213966369628906
-0.473297119140625 0.10528564453125 -0.551361083984375 -0.058563232421875
-0.335784912109375 0.262603759765625 -0.3408203125 0.15234375
-0.144256591796875 0.364776611328125 -0.081390380859375 0.0941619873046875
0.114227294921875 0.31854248046875 -0.0925064086914062 -0.0220260620117187
0.225265502929687 0.186111450195312 -0.188491821289063 0.0016632080078125
0.313018798828125 -0.00067138671875 -0.222671508789062 0.079803466796875
0.284271240234375 -0.090057373046875 -0.238388061523437 0.182571411132812
0.275161743164063 -0.06805419921875 -0.236618041992187 0.198440551757813
0.310821533203125 -0.08135986328125 -0.2559814453125 0.195953369140625
0.28485107421875 0.038970947265625 -0.308319091796875 0.0700988769531251
0.2177734375 0.210968017578125 -0.285064697265625 -0.0447998046874999
0.043975830078125 0.293731689453125 -0.146377563476563 -0.156051635742187
-0.247055053710938 0.262298583984375 0.00534820556640624 -0.131584167480469
-0.37249755859375 0.16387939453125 -0.0463600158691407 0.0584945678710938
-0.47003173828125 0.000335693359374965 -0.231002807617188 0.00942993164062499
-0.224929809570313 0.103591918945312 -0.69537353515625 -0.0450439453125001
-0.150543212890625 0.163818359375 -0.430145263671875 0.18316650390625
-0.03375244140625 0.166397094726563 -0.0983352661132813 0.110877990722656
0.0643692016601563 0.126914978027344 -0.117210388183594 -0.02166748046875
0.0892410278320313 0.0739059448242188 -0.208663940429688 -0.0146636962890625
0.137908935546875 0.0117645263671875 -0.282073974609375 0.089141845703125
0.134521484375 -0.010498046875 -0.3057861328125 0.221923828125
0.135047912597656 -0.005859375 -0.2919921875 0.238433837890625
0.15789794921875 -0.0027008056640625 -0.320098876953125 0.21966552734375
0.123664855957031 0.0579452514648438 -0.3525390625 0.0748291015625
0.0636978149414063 0.127037048339844 -0.29266357421875 -0.059234619140625
-0.0275955200195313 0.122085571289063 -0.146835327148437 -0.155242919921875
-0.129386901855469 0.0709762573242188 -0.00859069824218752 -0.101356506347656
-0.15838623046875 0.043792724609375 -0.123275756835938 0.0847930908203125
-0.223419189453125 -0.00244140624999999 -0.3724365234375 -0.00329589843750003
-0.0779876708984375 -0.0556106567382812 0.4400634765625 -0.070220947265625
-0.0673637390136719 0.0435905456542969 0.185928344726563 -0.119155883789063
-0.00659942626953124 0.100051879882813 -0.0243110656738281 0.0658340454101563
0.0614471435546875 0.06201171875 0.120986938476563 0.175216674804688
0.094451904296875 0.0037384033203125 0.257598876953125 0.113693237304687
0.05389404296875 -0.0710372924804688 0.35687255859375 -0.0723876953125
0.0214462280273437 -0.0979232788085938 0.352935791015625 -0.250823974609375
0.0186195373535156 -0.0665740966796875 0.303375244140625 -0.2572021484375
0.0162734985351563 -0.0713882446289063 0.314422607421875 -0.216522216796875
0.0504379272460938 -0.0370292663574219 0.30438232421875 -0.0980224609375
0.0589942932128906 0.0183296203613281 0.204513549804688 -0.0155487060546875
0.00382232666015625 0.0659217834472656 0.132064819335938 -0.0169906616210937
-0.0628433227539063 0.0300445556640625 0.178512573242188 -0.130218505859375
-0.0696258544921875 -0.0241928100585938 0.459869384765625 -0.212921142578125
-0.00323486328124999 -0.0643234252929688 0.79071044921875 0.09344482421875
-0.35015869140625 -0.0391540527343749 0.40496826171875 -0.070098876953125
-0.260055541992188 0.129791259765625 0.177505493164062 -0.103317260742187
-0.132965087890625 0.268707275390625 -0.0263481140136719 0.0539474487304688
0.084716796875 0.237319946289063 0.101760864257813 0.153045654296875
0.205276489257812 0.120346069335937 0.210037231445313 0.120376586914063
0.227264404296875 -0.06884765625 0.324005126953125 -0.050445556640625
0.185836791992188 -0.165878295898438 0.323516845703125 -0.2154541015625
0.179656982421875 -0.124740600585938 0.266265869140625 -0.221160888671875
0.196151733398438 -0.147842407226563 0.281097412109375 -0.180526733398438
0.231170654296875 -0.0430450439453125 0.25384521484375 -0.088287353515625
0.217208862304688 0.119232177734375 0.150177001953125 -0.021026611328125
0.068603515625 0.24658203125 0.107833862304688 -0.0475997924804687
-0.190231323242187 0.225921630859375 0.1798095703125 -0.164382934570313
-0.29254150390625 0.11199951171875 0.46746826171875 -0.21392822265625
-0.28912353515625 -0.0413818359374999 0.76995849609375 0.07232666015625
-0.5712890625 -0.01446533203125 0.28533935546875 -0.075592041015625
-0.42181396484375 0.2115478515625 0.120292663574219 -0.06982421875
-0.234130859375 0.419281005859375 -0.0294647216796875 0.0536994934082032
0.108551025390625 0.392181396484375 0.0796051025390625 0.122032165527344
0.299896240234375 0.22381591796875 0.146652221679688 0.110702514648437
0.374298095703125 -0.0592041015625 0.253036499023438 -0.02777099609375
0.322967529296875 -0.210968017578125 0.247360229492188 -0.15313720703125
0.3123779296875 -0.164825439453125 0.187484741210938 -0.15167236328125
0.34466552734375 -0.20184326171875 0.203414916992188 -0.114242553710938
0.378387451171875 -0.044708251953125 0.159439086914063 -0.0656585693359375
0.3502197265625 0.204345703125 0.0641555786132813 -0.0287246704101562
0.130126953125 0.399322509765625 0.0624313354492188 -0.086151123046875
-0.29217529296875 0.40234375 0.163528442382812 -0.196990966796875
-0.47894287109375 0.239990234375 0.425323486328125 -0.195831298828125
-0.5345458984375 -0.01556396484375 0.655517578125 0.0513916015625
-0.70745849609375 0.0200195312500001 0.10089111328125 -0.0808181762695313
-0.523712158203125 0.288238525390625 0.0249576568603515 -0.0201377868652344
-0.2872314453125 0.537750244140625 -0.0340080261230469 0.0614051818847657
0.13946533203125 0.501251220703125 0.0495376586914063 0.0819091796875
0.36785888671875 0.291839599609375 0.063201904296875 0.08843994140625
0.4718017578125 -0.048553466796875 0.145950317382813 -0.0018310546875
0.412811279296875 -0.227569580078125 0.135749816894531 -0.0692062377929688
0.39691162109375 -0.178375244140625 0.0817642211914063 -0.0595169067382813
0.440338134765625 -0.224884033203125 0.09356689453125 -0.0287628173828125
0.468658447265625 -0.039764404296875 0.0347728729248047 -0.0302925109863281
0.434326171875 0.262115478515625 -0.0428276062011718 -0.0322456359863281
0.17437744140625 0.498565673828125 -0.00122070312499999 -0.120796203613281
-0.35052490234375 0.5252685546875 0.1282958984375 -0.211898803710937
-0.5985107421875 0.33099365234375 0.333892822265625 -0.146453857421875
-0.69482421875 0.00665283203124999 0.462554931640625 0.039398193359375
-0.74298095703125 0.0587158203125 -0.122795104980469 -0.0802383422851562
-0.546783447265625 0.33740234375 -0.0956573486328125 0.04254150390625
-0.2833251953125 0.58648681640625 -0.0450057983398438 0.074005126953125
0.1629638671875 0.533294677734375 0.00528335571289064 0.0389862060546875
0.388153076171875 0.31036376953125 -0.0333595275878906 0.059417724609375
0.499969482421875 -0.037353515625 0.0153675079345703 0.0275135040283203
0.438812255859375 -0.214630126953125 0.00241279602050784 0.0242252349853516
0.421783447265625 -0.16705322265625 -0.0367317199707031 0.0402793884277344
0.46636962890625 -0.2120361328125 -0.0323143005371093 0.0636024475097656
0.483856201171875 -0.023681640625 -0.100967407226562 0.0133743286132812
0.440765380859375 0.282470703125 -0.152938842773438 -0.0304107666015625
0.178558349609375 0.515716552734375 -0.06988525390625 -0.142868041992188
-0.3616943359375 0.547607421875 0.0800628662109375 -0.201690673828125
-0.62371826171875 0.352783203125 0.20819091796875 -0.0729217529296875
-0.74334716796875 0.0169067382812499 0.222579956054687 0.0316925048828125
-0.66729736328125 0.0928955078125 -0.355560302734375 -0.0700988769531251
-0.4847412109375 0.335968017578125 -0.224853515625 0.108474731445312
-0.232879638671875 0.533111572265625 -0.0623703002929688 0.0859603881835938
0.159210205078125 0.473724365234375 -0.0480155944824219 0.00191879272460941
0.34332275390625 0.27484130859375 -0.125221252441406 0.0304946899414063
0.449676513671875 -0.024505615234375 -0.116928100585937 0.0588455200195312
0.39654541015625 -0.170257568359375 -0.130470275878906 0.115997314453125
0.381561279296875 -0.13134765625 -0.15032958984375 0.134475708007813
0.42291259765625 -0.1658935546875 -0.156234741210937 0.145217895507812
0.419769287109375 0.00396728515625 -0.223922729492187 0.05242919921875
0.365509033203125 0.265228271484375 -0.240936279296875 -0.03155517578125
0.130950927734375 0.44342041015625 -0.124969482421875 -0.152725219726562
-0.32928466796875 0.452789306640625 0.0346221923828125 -0.170135498046875
-0.544403076171875 0.29217529296875 0.0722503662109375 0.00501251220703127
-0.66912841796875 0.0145263671875 -0.0249786376953125 0.0256252288818359
-0.489105224609375 0.10882568359375 -0.56231689453125 -0.0541992187499999
-0.345458984375 0.272979736328125 -0.344207763671875 0.16204833984375
-0.1448974609375 0.38177490234375 -0.0822525024414063 0.0989227294921875
0.12274169921875 0.3265380859375 -0.0954208374023437 -0.0196762084960937
0.236618041992187 0.190765380859375 -0.190277099609375 0.00651550292968749
0.32257080078125 -0.008087158203125 -0.223648071289063 0.08306884765625
0.29144287109375 -0.1007080078125 -0.240081787109375 0.189590454101563
0.28314208984375 -0.076507568359375 -0.241012573242188 0.207077026367188
0.316162109375 -0.092987060546875 -0.258636474609375 0.203170776367188
0.292816162109375 0.0328369140625 -0.313018798828125 0.075775146484375
0.22882080078125 0.211105346679687 -0.289398193359375 -0.04046630859375
0.04949951171875 0.30126953125 -0.15203857421875 -0.156707763671875
-0.250946044921875 0.275146484375 0.00301361083984373 -0.132392883300781
-0.380584716796875 0.17462158203125 -0.0458908081054688 0.0641746520996094
-0.486907958984375 0.00381469726562496 -0.239013671875 0.015838623046875
-0.232879638671875 0.105377197265625 -0.71221923828125 -0.037353515625
-0.155899047851563 0.170257568359375 -0.436187744140625 0.19696044921875
-0.0355072021484375 0.17572021484375 -0.10015869140625 0.116317749023438
0.068389892578125 0.131927490234375 -0.120529174804687 -0.0183029174804688
0.0944976806640625 0.076751708984375 -0.212173461914063 -0.0106201171875
0.143829345703125 0.0091705322265625 -0.285003662109375 0.0938720703125
0.140151977539063 -0.014678955078125 -0.308685302734375 0.233001708984375
0.140304565429688 -0.0097503662109375 -0.29583740234375 0.249114990234375
0.1627197265625 -0.0083770751953125 -0.32440185546875 0.229339599609375
0.128921508789063 0.0556640625 -0.35858154296875 0.081451416015625
0.0692901611328125 0.128517150878906 -0.297698974609375 -0.055572509765625
-0.0252532958984375 0.126724243164063 -0.15185546875 -0.155776977539063
-0.133575439453125 0.0761871337890625 -0.0112228393554688 -0.101387023925781
-0.164093017578125 0.047760009765625 -0.125762939453125 0.0928802490234375
-0.234146118164063 -0.000518798828125043 -0.383636474609375 0.00543212890625007
-0.080535888671875 -0.0525588989257813 0.45538330078125 -0.091400146484375
-0.0654335021972656 0.0443916320800781 0.188430786132812 -0.136123657226562
-0.00269317626953124 0.100318908691406 -0.0216598510742188 0.06689453125
0.0649528503417969 0.0605201721191406 0.131881713867188 0.172836303710938
0.0976791381835937 -0.001800537109375 0.26953125 0.107711791992188
0.0499954223632813 -0.0754013061523438 0.363922119140625 -0.0877685546875
0.0146560668945313 -0.100593566894531 0.353057861328125 -0.273834228515625
0.0150299072265625 -0.0684738159179688 0.305908203125 -0.277252197265625
0.0121307373046875 -0.0730514526367187 0.31939697265625 -0.236053466796875
0.0484390258789063 -0.0392723083496094 0.312530517578125 -0.11102294921875
0.0601348876953125 0.0141410827636719 0.210098266601563 -0.0219573974609375
0.00691986083984375 0.0668373107910156 0.136260986328125 -0.0227584838867187
-0.06072998046875 0.0344467163085938 0.179458618164063 -0.143142700195313
-0.0692405700683594 -0.0203323364257813 0.467926025390625 -0.24139404296875
-0.00330352783203125 -0.0655632019042969 0.821044921875 0.06915283203125
-0.363983154296875 -0.02703857421875 0.419342041015625 -0.090789794921875
-0.262191772460938 0.138427734375 0.182891845703125 -0.11993408203125
-0.126800537109375 0.280899047851563 -0.0247535705566406 0.0546150207519531
0.094573974609375 0.240158081054687 0.111007690429687 0.151412963867188
0.21746826171875 0.115707397460937 0.222518920898438 0.116943359375
0.229293823242188 -0.0812835693359375 0.33270263671875 -0.06536865234375
0.182083129882813 -0.17913818359375 0.324737548828125 -0.237274169921875
0.179290771484375 -0.1358642578125 0.267990112304688 -0.23907470703125
0.193984985351562 -0.1607666015625 0.285919189453125 -0.19879150390625
0.235092163085938 -0.0543212890625 0.260391235351563 -0.0997467041015625
0.22808837890625 0.112213134765625 0.15435791015625 -0.026031494140625
0.080535888671875 0.253250122070313 0.110176086425781 -0.052581787109375
-0.185409545898438 0.243545532226563 0.180694580078125 -0.17767333984375
-0.29443359375 0.128692626953125 0.47552490234375 -0.24212646484375
-0.3017578125 -0.0332641601562499 0.7991943359375 0.048828125
-0.59332275390625 0.00347900390624987 0.29718017578125 -0.091552734375
-0.427886962890625 0.22857666015625 0.127098083496094 -0.0835494995117187
-0.22772216796875 0.442047119140625 -0.028045654296875 0.0553169250488282
0.126068115234375 0.398956298828125 0.08795166015625 0.121421813964844
0.319305419921875 0.21929931640625 0.157745361328125 0.110305786132813
0.381134033203125 -0.07830810546875 0.26123046875 -0.0402069091796875
0.322479248046875 -0.232818603515625 0.249221801757813 -0.17059326171875
0.315948486328125 -0.182647705078125 0.1893310546875 -0.164321899414062
0.344512939453125 -0.2239990234375 0.208892822265625 -0.128128051757813
0.387359619140625 -0.061920166015625 0.16363525390625 -0.07281494140625
0.36981201171875 0.195404052734375 0.065460205078125 -0.0303688049316406
0.150360107421875 0.409210205078125 0.062255859375 -0.0902099609375
-0.2847900390625 0.43212890625 0.163909912109375 -0.208877563476563
-0.483245849609375 0.2681884765625 0.433380126953125 -0.219329833984375
-0.55767822265625 0.00296020507812503 0.67987060546875 0.03350830078125
-0.73626708984375 0.04364013671875 0.106964111328125 -0.0911407470703125
-0.53350830078125 0.311859130859375 0.0305233001708984 -0.027414321899414
-0.27801513671875 0.57073974609375 -0.0332984924316406 0.0644989013671875
0.16156005859375 0.511871337890625 0.0546875 0.0826263427734375
0.394134521484375 0.290130615234375 0.0727615356445313 0.090423583984375
0.482879638671875 -0.0718994140625 0.15240478515625 -0.010833740234375
0.414520263671875 -0.25384521484375 0.137077331542969 -0.0802383422851563
0.40447998046875 -0.20086669921875 0.082305908203125 -0.0649642944335938
0.4420166015625 -0.251983642578125 0.0981216430664063 -0.0355606079101563
0.480438232421875 -0.060028076171875 0.0359954833984375 -0.0318374633789063
0.457916259765625 0.25164794921875 -0.0448265075683593 -0.0305061340332031
0.199676513671875 0.510498046875 -0.00480651855468749 -0.122772216796875
-0.342041015625 0.56231689453125 0.12664794921875 -0.222732543945313
-0.603515625 0.3663330078125 0.342498779296875 -0.16400146484375
-0.72601318359375 0.02972412109375 0.4803466796875 0.0272216796875
-0.7730712890625 0.0853271484375 -0.125030517578125 -0.0820083618164063
-0.557342529296875 0.36431884765625 -0.0924148559570313 0.0433578491210938
-0.27313232421875 0.6229248046875 -0.0443801879882813 0.0791168212890625
0.189727783203125 0.545166015625 0.00770187377929689 0.0405464172363282
0.41619873046875 0.308990478515625 -0.0272979736328125 0.0642509460449219
0.513763427734375 -0.06207275390625 0.0190811157226563 0.0240840911865234
0.443267822265625 -0.243438720703125 0.0031089782714844 0.0221633911132812
0.4305419921875 -0.19146728515625 -0.0371284484863281 0.043243408203125
0.47021484375 -0.2412109375 -0.0292396545410156 0.0643539428710937
0.4964599609375 -0.04473876953125 -0.103042602539062 0.0179672241210937
0.4674072265625 0.2735595703125 -0.157928466796875 -0.0250244140625
0.204254150390625 0.5291748046875 -0.0771484375 -0.143600463867187
-0.355224609375 0.58538818359375 0.0774688720703125 -0.20953369140625
-0.62884521484375 0.38818359375 0.215347290039062 -0.081939697265625
-0.77490234375 0.0419921875000001 0.230575561523437 0.0278472900390625
-0.6949462890625 0.11669921875 -0.36614990234375 -0.06256103515625
-0.493499755859375 0.361572265625 -0.224441528320313 0.118728637695313
-0.2222900390625 0.56500244140625 -0.0614471435546875 0.0931854248046875
0.183441162109375 0.484588623046875 -0.0492362976074219 0.00521850585937503
0.369659423828125 0.27362060546875 -0.124076843261719 0.0379638671875
0.46435546875 -0.045806884765625 -0.115776062011719 0.0607833862304687
0.403350830078125 -0.195648193359375 -0.130538940429688 0.122650146484375
0.39105224609375 -0.15313720703125 -0.151351928710938 0.1448974609375
0.428863525390625 -0.191558837890625 -0.155166625976562 0.153823852539063
0.4322509765625 -0.0157470703125 -0.229156494140625 0.062469482421875
0.38909912109375 0.258270263671875 -0.248336791992187 -0.0230865478515625
0.1522216796875 0.4556884765625 -0.134185791015625 -0.151824951171875
-0.3240966796875 0.48553466796875 0.030609130859375 -0.1746826171875
-0.550567626953125 0.324249267578125 0.0766067504882812 0.00598907470703127
-0.69927978515625 0.03692626953125 -0.0265769958496094 0.0310688018798828
-0.509124755859375 0.1279296875 -0.58087158203125 -0.0386352539062501
-0.35150146484375 0.2935791015625 -0.346954345703125 0.179931640625
-0.13787841796875 0.406524658203125 -0.0820770263671875 0.107521057128906
0.140625 0.335357666015625 -0.0989227294921875 -0.0139617919921875
0.25567626953125 0.190826416015625 -0.193222045898437 0.0145416259765625
0.333984375 -0.022918701171875 -0.225509643554687 0.090179443359375
0.298980712890625 -0.1190185546875 -0.240310668945312 0.204452514648438
0.290985107421875 -0.09246826171875 -0.242965698242187 0.224395751953125
0.32177734375 -0.111663818359375 -0.259490966796875 0.217498779296875
0.304107666015625 0.020416259765625 -0.32080078125 0.0894775390625001
0.245559692382813 0.20892333984375 -0.298797607421875 -0.03106689453125
0.0628662109375 0.31182861328125 -0.161895751953125 -0.154159545898438
-0.25067138671875 0.2979736328125 -0.000778198242187522 -0.133842468261719
-0.38653564453125 0.19622802734375 -0.043304443359375 0.072479248046875
-0.510284423828125 0.0201416015625 -0.247894287109375 0.0279998779296875
-0.242828369140625 0.114288330078125 -0.7357177734375 -0.0145874023437499
-0.158599853515625 0.181915283203125 -0.443023681640625 0.22088623046875
-0.03314208984375 0.18792724609375 -0.100051879882812 0.126182556152344
0.0761489868164062 0.135856628417969 -0.125236511230469 -0.01171875
0.103630065917969 0.078369140625 -0.217880249023438 -0.00326538085937496
0.151321411132813 0.0030364990234375 -0.2890625 0.105621337890625
0.146865844726562 -0.0228271484375 -0.30963134765625 0.252899169921875
0.146865844726563 -0.0176544189453125 -0.298431396484375 0.26904296875
0.168304443359375 -0.0165557861328125 -0.32708740234375 0.248382568359375
0.136177062988281 0.0509796142578125 -0.366851806640625 0.0970153808593749
0.0786972045898438 0.1302490234375 -0.306396484375 -0.0460205078124999
-0.0209197998046875 0.133377075195313 -0.162567138671875 -0.154205322265625
-0.137176513671875 0.08587646484375 -0.015777587890625 -0.101348876953125
-0.169540405273438 0.0561981201171875 -0.125106811523438 0.105148315429688
-0.247344970703125 0.00662231445312503 -0.398773193359375 0.022735595703125
-0.0837478637695313 -0.0467605590820313 0.461181640625 -0.122344970703125
-0.0630226135253906 0.0452537536621094 0.184036254882813 -0.156295776367188
0.00331878662109375 0.0994491577148438 -0.0171432495117188 0.0677719116210938
0.0678901672363281 0.0567741394042969 0.1446533203125 0.164566040039063
0.0985260009765625 -0.009368896484375 0.2801513671875 0.0930938720703125
0.0439300537109375 -0.0786209106445313 0.364410400390625 -0.109710693359375
0.00538635253906251 -0.101211547851563 0.3436279296875 -0.30157470703125
0.00984573364257813 -0.0690383911132813 0.29608154296875 -0.30230712890625
0.00585174560546875 -0.0741653442382813 0.3134765625 -0.261871337890625
0.0453834533691406 -0.0421943664550781 0.313568115234375 -0.130889892578125
0.0602493286132813 0.00850677490234375 0.213775634765625 -0.0341644287109375
0.0113792419433594 0.066864013671875 0.137779235839844 -0.0312118530273437
-0.0565185546875 0.0386466979980469 0.17376708984375 -0.158966064453125
-0.0682601928710938 -0.0157394409179688 0.459625244140625 -0.277801513671875
-0.00513076782226562 -0.0656471252441406 0.84088134765625 0.01995849609375
-0.372344970703125 -0.00430297851562503 0.426300048828125 -0.1197509765625
-0.259170532226563 0.151596069335938 0.180984497070312 -0.1400146484375
-0.1124267578125 0.293365478515625 -0.0211410522460938 0.0564422607421875
0.109878540039063 0.238037109375 0.122238159179688 0.144378662109375
0.229080200195312 0.103561401367187 0.234405517578125 0.105560302734375
0.225006103515625 -0.09814453125 0.33416748046875 -0.087860107421875
0.169586181640625 -0.193405151367188 0.315765380859375 -0.26373291015625
0.17327880859375 -0.149215698242188 0.259552001953125 -0.261672973632813
0.184310913085938 -0.176651000976563 0.283233642578125 -0.222076416015625
0.233596801757813 -0.070648193359375 0.261581420898437 -0.116058349609375
0.238723754882813 0.0972747802734375 0.156173706054688 -0.0345001220703125
0.098419189453125 0.253204345703125 0.109962463378906 -0.0601654052734375
-0.171234130859375 0.26220703125 0.174835205078125 -0.193145751953125
-0.28839111328125 0.15045166015625 0.469970703125 -0.279083251953125
-0.31103515625 -0.015472412109375 0.81915283203125 0.00274658203125
-0.60821533203125 0.0393066406250001 0.302703857421875 -0.113922119140625
-0.424713134765625 0.253387451171875 0.127006530761719 -0.0996475219726562
-0.203765869140625 0.46697998046875 -0.0251846313476563 0.057891845703125
0.151947021484375 0.3988037109375 0.0971908569335938 0.116012573242188
0.34136962890625 0.204742431640625 0.1697998046875 0.103729248046875
0.380584716796875 -0.106109619140625 0.264022827148438 -0.0600738525390625
0.310455322265625 -0.259246826171875 0.243179321289063 -0.191787719726563
0.310638427734375 -0.206817626953125 0.184112548828125 -0.179641723632812
0.334320068359375 -0.252349853515625 0.207611083984375 -0.146072387695313
0.3887939453125 -0.08935546875 0.164016723632813 -0.0829925537109375
0.38818359375 0.1732177734375 0.0649261474609375 -0.0337562561035156
0.179901123046875 0.410247802734375 0.0590438842773438 -0.0949249267578125
-0.261383056640625 0.461456298828125 0.156600952148437 -0.223373413085938
-0.472381591796875 0.303436279296875 0.4312744140625 -0.25201416015625
-0.572509765625 0.03564453125 0.69598388671875 -0.00469970703125
-0.7557373046875 0.0878906250000001 0.1083984375 -0.102325439453125
-0.529571533203125 0.344451904296875 0.0336074829101562 -0.0368537902832031
-0.2493896484375 0.6026611328125 -0.0302200317382813 0.0688743591308594
0.19677734375 0.511199951171875 0.0618057250976563 0.0803756713867188
0.4232177734375 0.272857666015625 0.0834121704101563 0.0887985229492188
0.485137939453125 -0.1055908203125 0.155014038085938 -0.024749755859375
0.4041748046875 -0.288787841796875 0.133918762207031 -0.09356689453125
0.399627685546875 -0.232086181640625 0.0800552368164063 -0.0711669921875
0.432220458984375 -0.2879638671875 0.100471496582031 -0.0450668334960938
0.483489990234375 -0.093536376953125 0.0353736877441407 -0.032958984375
0.4825439453125 0.22589111328125 -0.0468025207519531 -0.0269546508789062
0.2362060546875 0.51165771484375 -0.0101165771484375 -0.124038696289062
-0.3135986328125 0.5975341796875 0.118499755859375 -0.234039306640625
-0.5899658203125 0.41015625 0.3419189453125 -0.18817138671875
-0.74554443359375 0.0723266601562501 0.492340087890625 0.001800537109375
-0.790283203125 0.13262939453125 -0.12841796875 -0.0794448852539062
-0.552459716796875 0.402313232421875 -0.0878219604492188 0.045135498046875
-0.24249267578125 0.65704345703125 -0.040740966796875 0.0854721069335938
0.226654052734375 0.546417236328125 0.0114021301269531 0.0422935485839844
0.44830322265625 0.291351318359375 -0.0196266174316406 0.0684051513671875
0.518218994140625 -0.098907470703125 0.0217323303222657 0.0173301696777344
0.435821533203125 -0.27880859375 0.00356101989746097 0.0194358825683594
0.42828369140625 -0.224884033203125 -0.0354270935058594 0.0469779968261719
0.461578369140625 -0.2781982421875 -0.0248451232910156 0.064788818359375
0.50299072265625 -0.078704833984375 -0.103240966796875 0.0253677368164062
0.494384765625 0.2474365234375 -0.161529541015625 -0.0152740478515625
0.242828369140625 0.529144287109375 -0.0862045288085937 -0.140342712402344
-0.32720947265625 0.62445068359375 0.0692901611328125 -0.215682983398437
-0.61407470703125 0.4346923828125 0.217361450195312 -0.0948333740234375
-0.79730224609375 0.0888671875000001 0.2366943359375 0.018524169921875
-0.7105712890625 0.16070556640625 -0.374969482421875 -0.0449523925781251
-0.487579345703125 0.3978271484375 -0.218643188476563 0.131088256835938
-0.1944580078125 0.5987548828125 -0.0574417114257813 0.101654052734375
0.217742919921875 0.484405517578125 -0.0479736328125 0.0111732482910157
0.397796630859375 0.259490966796875 -0.120002746582031 0.0474929809570313
0.469390869140625 -0.0802001953125 -0.113609313964844 0.0628890991210938
0.4000244140625 -0.229888916015625 -0.125823974609375 0.130661010742187
0.39068603515625 -0.183013916015625 -0.146514892578125 0.157928466796875
0.423309326171875 -0.22515869140625 -0.148406982421875 0.164016723632813
0.43963623046875 -0.045074462890625 -0.229904174804688 0.078033447265625
0.413726806640625 0.23828125 -0.253463745117188 -0.00822448730468743
0.18310546875 0.45843505859375 -0.144332885742188 -0.144882202148437
-0.304107666015625 0.517364501953125 0.0234527587890625 -0.1773681640625
-0.54034423828125 0.363128662109375 0.0819854736328125 0.00366973876953127
-0.7191162109375 0.0764160156249999 -0.0262680053710938 0.0363731384277344
-0.518798828125 0.157867431640625 -0.59259033203125 -0.00616455078125012
-0.3466796875 0.3206787109375 -0.340789794921875 0.20428466796875
-0.118255615234375 0.4298095703125 -0.0774307250976563 0.1181640625
0.165374755859375 0.335784912109375 -0.0998153686523437 -0.00508117675781248
0.276763916015625 0.181472778320313 -0.192916870117187 0.027313232421875
0.339691162109375 -0.04730224609375 -0.223007202148437 0.10076904296875
0.299041748046875 -0.14422607421875 -0.232955932617187 0.221694946289063
0.2930908203125 -0.11517333984375 -0.235366821289062 0.2451171875
0.3199462890625 -0.137054443359375 -0.251388549804688 0.236923217773438
0.31011962890625 -0.000244140625 -0.321441650390625 0.110748291015625
0.26507568359375 0.196563720703125 -0.3045654296875 -0.01361083984375
0.08355712890625 0.31658935546875 -0.1739501953125 -0.145553588867187
-0.23980712890625 0.320770263671875 -0.007232666015625 -0.133583068847656
-0.3817138671875 0.223663330078125 -0.0373153686523438 0.080169677734375
-0.526458740234375 0.05010986328125 -0.252655029296875 0.047027587890625
-0.245269775390625 0.129104614257813 -0.75390625 0.0283203125000001
-0.15521240234375 0.196304321289062 -0.438629150390625 0.25439453125
-0.0244903564453125 0.198150634765625 -0.0948257446289063 0.138298034667969
0.086700439453125 0.136367797851563 -0.126678466796875 -0.00119781494140624
0.112968444824219 0.0758132934570312 -0.220474243164063 0.00955200195312505
0.15570068359375 -0.0078277587890625 -0.2874755859375 0.121185302734375
0.1505126953125 -0.0358734130859375 -0.2999267578125 0.27642822265625
0.15032958984375 -0.0293426513671875 -0.288970947265625 0.29461669921875
0.170318603515625 -0.029937744140625 -0.31884765625 0.27294921875
0.142303466796875 0.0410614013671875 -0.36785888671875 0.1204833984375
0.0904617309570313 0.128105163574219 -0.3135986328125 -0.028717041015625
-0.0124053955078125 0.139106750488281 -0.174606323242188 -0.145599365234375
-0.136741638183594 0.09765625 -0.0214996337890625 -0.0982513427734375
-0.1707763671875 0.0697784423828125 -0.119369506835938 0.11968994140625
-0.257705688476563 0.0213470458984375 -0.40704345703125 0.0504150390624999
-0.0834197998046875 -0.039520263671875 0.4532470703125 -0.149810791015625
-0.0587882995605469 0.0452957153320313 0.171051025390625 -0.170822143554688
0.0093994140625 0.0960159301757813 -0.0129814147949219 0.0657005310058594
0.0702552795410156 0.0508003234863281 0.151275634765625 0.150680541992188
0.096588134765625 -0.0168075561523438 0.2823486328125 0.074859619140625
0.036407470703125 -0.0801544189453125 0.35418701171875 -0.12994384765625
-0.00418853759765626 -0.0975723266601563 0.319732666015625 -0.320831298828125
0.00410461425781249 -0.0671310424804688 0.275787353515625 -0.319610595703125
-0.000671386718749995 -0.0732040405273438 0.29620361328125 -0.2801513671875
0.0404586791992188 -0.0439643859863281 0.304779052734375 -0.148773193359375
0.0579643249511719 0.00289154052734375 0.20965576171875 -0.0457916259765625
0.0157127380371094 0.0642051696777344 0.135124206542969 -0.0396728515625
-0.0501136779785156 0.0404014587402344 0.159896850585938 -0.170608520507813
-0.0643730163574219 -0.0101356506347656 0.43634033203125 -0.30670166015625
-0.0072021484375 -0.0639152526855469 0.8350830078125 -0.0313720703125
-0.3687744140625 0.0208740234375 0.4193115234375 -0.146759033203125
-0.248123168945313 0.162353515625 0.170120239257812 -0.156524658203125
-0.093170166015625 0.29638671875 -0.0176048278808594 0.0560798645019531
0.12249755859375 0.22802734375 0.128898620605469 0.132682800292969
0.233734130859375 0.087432861328125 0.239852905273438 0.0898895263671875
0.213516235351563 -0.1123046875 0.324920654296875 -0.108184814453125
0.152755737304687 -0.2015380859375 0.29534912109375 -0.282989501953125
0.161239624023438 -0.157958984375 0.241607666015625 -0.276214599609375
0.167953491210938 -0.187179565429688 0.26898193359375 -0.24041748046875
0.22479248046875 -0.084716796875 0.254058837890625 -0.13055419921875
0.240219116210938 0.07855224609375 0.152923583984375 -0.0418243408203125
0.115234375 0.2445068359375 0.106925964355469 -0.0667724609375
-0.149017333984375 0.272140502929688 0.160690307617188 -0.204208374023437
-0.27154541015625 0.167510986328125 0.44732666015625 -0.308197021484375
-0.310302734375 0.00479125976562501 0.8111572265625 -0.04620361328125
-0.602294921875 0.07965087890625 0.298370361328125 -0.13397216796875
-0.406646728515625 0.2733154296875 0.121498107910156 -0.113563537597656
-0.173248291015625 0.47662353515625 -0.02166748046875 0.0589485168457032
0.1748046875 0.38446044921875 0.103248596191406 0.107559204101563
0.352783203125 0.180877685546875 0.177474975585938 0.09222412109375
0.3668212890625 -0.1314697265625 0.256637573242188 -0.0785980224609375
0.28704833984375 -0.278045654296875 0.22650146484375 -0.2073974609375
0.294403076171875 -0.225982666015625 0.171798706054688 -0.189788818359375
0.310821533203125 -0.271697998046875 0.198928833007813 -0.160675048828125
0.37744140625 -0.1142578125 0.1595458984375 -0.09100341796875
0.39422607421875 0.144866943359375 0.0627326965332032 -0.0357437133789063
0.204803466796875 0.397186279296875 0.0547561645507813 -0.0970840454101562
-0.226898193359375 0.476104736328125 0.142044067382812 -0.231353759765625
-0.444732666015625 0.328826904296875 0.411712646484375 -0.277801513671875
-0.57159423828125 0.0717163085937501 0.69036865234375 -0.04595947265625
-0.7484130859375 0.13641357421875 0.105949401855469 -0.1109619140625
-0.508270263671875 0.371673583984375 0.0334625244140625 -0.0450820922851562
-0.20880126953125 0.6158447265625 -0.0255050659179688 0.0721282958984375
0.226806640625 0.495025634765625 0.0673828125 0.0759124755859375
0.440521240234375 0.242767333984375 0.0919876098632813 0.0834197998046875
0.469207763671875 -0.140167236328125 0.151123046875 -0.03887939453125
0.378662109375 -0.3148193359375 0.125167846679688 -0.103652954101563
0.3814697265625 -0.25677490234375 0.0756454467773438 -0.0750579833984375
0.404510498046875 -0.314727783203125 0.0977020263671875 -0.0540695190429688
0.470245361328125 -0.1240234375 0.0346126556396485 -0.0343399047851563
0.49224853515625 0.19134521484375 -0.0476493835449218 -0.0220108032226562
0.267059326171875 0.496185302734375 -0.015472412109375 -0.121322631835937
-0.27191162109375 0.6170654296875 0.105682373046875 -0.238372802734375
-0.5545654296875 0.441925048828125 0.32867431640625 -0.20806884765625
-0.74169921875 0.1190185546875 0.488555908203125 -0.024688720703125
-0.78277587890625 0.18072509765625 -0.128379821777344 -0.0732421875
-0.528900146484375 0.430419921875 -0.081024169921875 0.044677734375
-0.1990966796875 0.6734619140625 -0.0343170166015625 0.090118408203125
0.259613037109375 0.530242919921875 0.0159950256347656 0.0419769287109375
0.4681396484375 0.260711669921875 -0.010406494140625 0.0696220397949219
0.505126953125 -0.135345458984375 0.0212478637695313 0.0110626220703125
0.410858154296875 -0.30914306640625 0.00358486175537112 0.0166950225830078
0.411224365234375 -0.251190185546875 -0.0329933166503906 0.0499725341796875
0.43487548828125 -0.30908203125 -0.0191879272460937 0.0629844665527344
0.489959716796875 -0.11163330078125 -0.100532531738281 0.032684326171875
0.50665283203125 0.2122802734375 -0.160507202148438 -0.0034332275390625
0.27423095703125 0.512847900390625 -0.0909652709960937 -0.131874084472656
-0.2840576171875 0.64202880859375 0.0584564208984375 -0.217254638671875
-0.5794677734375 0.4669189453125 0.211959838867187 -0.106903076171875
-0.7935791015625 0.1361083984375 0.235687255859375 0.00662231445312501
-0.7017822265625 0.20111083984375 -0.371612548828125 -0.023956298828125
-0.463592529296875 0.423980712890625 -0.206085205078125 0.140579223632813
-0.15655517578125 0.6123046875 -0.0506210327148437 0.108085632324219
0.248260498046875 0.4691162109375 -0.0440902709960937 0.0156135559082032
0.416290283203125 0.232940673828125 -0.111717224121094 0.053955078125
0.4583740234375 -0.11322021484375 -0.109657287597656 0.0642852783203125
0.37945556640625 -0.25799560546875 -0.117286682128906 0.135536193847656
0.3760986328125 -0.209259033203125 -0.13629150390625 0.167251586914062
0.401397705078125 -0.252838134765625 -0.136428833007812 0.169845581054687
0.430023193359375 -0.074127197265625 -0.222824096679687 0.09228515625
0.426025390625 0.208343505859375 -0.250885009765625 0.00891113281250004
0.21038818359375 0.44586181640625 -0.1502685546875 -0.132980346679687
-0.269012451171875 0.536651611328125 0.0154876708984375 -0.17529296875
-0.5098876953125 0.391510009765625 0.0850067138671875 -0.000503540039062476
-0.7161865234375 0.1217041015625 -0.0242385864257813 0.0410842895507813
-0.512176513671875 0.187652587890625 -0.58673095703125 0.0279541015625001
-0.32891845703125 0.34014892578125 -0.323028564453125 0.223602294921875
-0.091552734375 0.440765380859375 -0.0690765380859375 0.125892639160156
0.185577392578125 0.3253173828125 -0.0967025756835937 0.00384521484375002
0.2899169921875 0.16363525390625 -0.18572998046875 0.037933349609375
0.333221435546875 -0.071502685546875 -0.21600341796875 0.108642578125
0.28662109375 -0.166961669921875 -0.21728515625 0.232635498046875
0.283905029296875 -0.135498046875 -0.218856811523437 0.2587890625
0.306304931640625 -0.158355712890625 -0.234848022460938 0.249053955078125
0.305999755859375 -0.02252197265625 -0.311981201171875 0.1300048828125
0.276382446289063 0.176956176757813 -0.3013916015625 0.00579833984374995
0.103179931640625 0.31072998046875 -0.179794311523438 -0.132308959960937
-0.21917724609375 0.336517333984375 -0.0130233764648438 -0.129234313964844
-0.364044189453125 0.2437744140625 -0.0282211303710938 0.08416748046875
-0.525115966796875 0.0818786621093749 -0.248062133789063 0.065582275390625
-0.2408447265625 0.140457153320313 -0.74267578125 0.0728149414062501
-0.144912719726563 0.205947875976562 -0.416015625 0.280059814453125
-0.0134429931640625 0.203369140625 -0.0844879150390625 0.146804809570313
0.0955810546875 0.132164001464844 -0.122932434082031 0.0103073120117188
0.119384765625 0.06982421875 -0.2159423828125 0.02252197265625
0.154296875 -0.0192413330078125 -0.278167724609375 0.134109497070312
0.148635864257813 -0.0488433837890625 -0.27911376953125 0.29302978515625
0.148544311523438 -0.04046630859375 -0.26904296875 0.311798095703125
0.166610717773437 -0.0421295166015625 -0.299041748046875 0.290557861328125
0.143218994140625 0.0300140380859375 -0.35736083984375 0.142852783203125
0.0999603271484375 0.120399475097656 -0.310089111328125 -0.00921630859374993
-0.00262451171874999 0.140571594238281 -0.181381225585938 -0.131500244140625
-0.131942749023437 0.107986450195312 -0.025726318359375 -0.0935592651367188
-0.165725708007813 0.07989501953125 -0.107498168945313 0.129447937011719
-0.258560180664063 0.0380401611328125 -0.402069091796875 0.0787353515625
-0.079620361328125 -0.0327911376953125 0.43963623046875 -0.165557861328125
-0.0548896789550781 0.0440254211425781 0.158737182617188 -0.176742553710938
0.0126800537109375 0.0908279418945312 -0.0109939575195312 0.0635643005371094
0.0688400268554688 0.0452728271484375 0.151611328125 0.138763427734375
0.0923309326171875 -0.0220718383789063 0.27764892578125 0.06134033203125
0.030609130859375 -0.0791168212890625 0.3389892578125 -0.1390380859375
-0.00976562500000001 -0.0913162231445313 0.29864501953125 -0.326080322265625
-0.000205993652343752 -0.0636253356933594 0.258209228515625 -0.323028564453125
-0.00545120239257813 -0.0692634582519531 0.28070068359375 -0.287078857421875
0.0365867614746094 -0.0432777404785156 0.293609619140625 -0.156646728515625
0.0538597106933594 -0.00077056884765625 0.2032470703125 -0.0517578125
0.0182762145996094 0.0614814758300781 0.130401611328125 -0.0447006225585938
-0.0437202453613281 0.0403404235839844 0.14794921875 -0.173187255859375
-0.0599212646484375 -0.00639343261718751 0.408966064453125 -0.318145751953125
-0.00819015502929687 -0.0618476867675781 0.81146240234375 -0.06298828125
-0.35784912109375 0.036834716796875 0.407958984375 -0.160614013671875
-0.236724853515625 0.164703369140625 0.159317016601562 -0.163528442382813
-0.07940673828125 0.291900634765625 -0.0159225463867188 0.0549430847167969
0.127334594726563 0.216384887695312 0.12939453125 0.122802734375
0.23150634765625 0.0747222900390625 0.238006591796875 0.0782470703125
0.199859619140625 -0.118270874023438 0.310821533203125 -0.118377685546875
0.136886596679688 -0.200912475585938 0.274627685546875 -0.2882080078125
0.15032958984375 -0.159439086914063 0.225967407226563 -0.278594970703125
0.153030395507813 -0.18853759765625 0.2548828125 -0.247085571289063
0.21307373046875 -0.0919036865234375 0.244430541992188 -0.136154174804688
0.235336303710938 0.065521240234375 0.147613525390625 -0.0453338623046875
0.122543334960938 0.234527587890625 0.102806091308594 -0.069183349609375
-0.131439208984375 0.270980834960938 0.148300170898438 -0.2066650390625
-0.253997802734375 0.17327880859375 0.42230224609375 -0.319580078125
-0.303802490234375 0.0180664062500001 0.79010009765625 -0.07574462890625
-0.5845947265625 0.10345458984375 0.29052734375 -0.144744873046875
-0.38812255859375 0.278717041015625 0.114585876464844 -0.121498107910156
-0.15008544921875 0.47265625 -0.018768310546875 0.0596122741699219
0.18414306640625 0.367095947265625 0.105438232421875 0.0998153686523438
0.352447509765625 0.1610107421875 0.178634643554688 0.0821533203125
0.347015380859375 -0.14300537109375 0.244949340820313 -0.0879974365234375
0.2646484375 -0.28375244140625 0.211029052734375 -0.21282958984375
0.277099609375 -0.231414794921875 0.160980224609375 -0.192108154296875
0.287933349609375 -0.27813720703125 0.189239501953125 -0.167236328125
0.35943603515625 -0.1265869140625 0.153366088867188 -0.0944976806640625
0.388153076171875 0.1236572265625 0.0606575012207031 -0.0345649719238281
0.21661376953125 0.380584716796875 0.0515213012695313 -0.09661865234375
-0.199432373046875 0.4754638671875 0.130645751953125 -0.232513427734375
-0.417510986328125 0.337432861328125 0.38983154296875 -0.28857421875
-0.55810546875 0.0919189453125 0.67266845703125 -0.0677490234375
-0.72784423828125 0.1630859375 0.104240417480469 -0.114540100097656
-0.484832763671875 0.38018798828125 0.0327987670898437 -0.0508842468261719
-0.1802978515625 0.6129150390625 -0.0219955444335938 0.0733413696289063
0.240447998046875 0.474273681640625 0.0700149536132813 0.0705490112304688
0.4417724609375 0.219482421875 0.096649169921875 0.07672119140625
0.4481201171875 -0.1578369140625 0.143295288085938 -0.046844482421875
0.352569580078125 -0.327117919921875 0.116317749023438 -0.107818603515625
0.361846923828125 -0.266998291015625 0.070404052734375 -0.0756378173828125
0.3785400390625 -0.324310302734375 0.09478759765625 -0.0589828491210938
0.45025634765625 -0.141510009765625 0.0327262878417969 -0.0333938598632813
0.486083984375 0.16607666015625 -0.0468292236328125 -0.0171356201171875
0.281524658203125 0.47491455078125 -0.0177154541015625 -0.1170654296875
-0.2384033203125 0.61346435546875 0.0956878662109375 -0.237274169921875
-0.521087646484375 0.450439453125 0.313690185546875 -0.216033935546875
-0.724609375 0.146484375 0.475433349609375 -0.03961181640625
-0.7618408203125 0.2061767578125 -0.124267578125 -0.0698165893554687
-0.504241943359375 0.439544677734375 -0.0759124755859375 0.04180908203125
-0.16802978515625 0.669921875 -0.0294265747070313 0.0928421020507813
0.275054931640625 0.507659912109375 0.0201835632324219 0.0412788391113282
0.470794677734375 0.237152099609375 -0.00340270996093747 0.0675735473632813
0.48211669921875 -0.1541748046875 0.0181884765625 0.00514793395996093
0.383758544921875 -0.32354736328125 0.00240039825439456 0.0141944885253906
0.390289306640625 -0.262939453125 -0.0302162170410156 0.0509986877441406
0.40802001953125 -0.31982421875 -0.0162353515625 0.0598602294921875
0.469573974609375 -0.1298828125 -0.0964431762695312 0.037261962890625
0.500762939453125 0.185760498046875 -0.156661987304687 0.00436401367187503
0.287811279296875 0.492828369140625 -0.0919570922851562 -0.125022888183594
-0.250244140625 0.6412353515625 0.051788330078125 -0.214767456054687
-0.54339599609375 0.47442626953125 0.20513916015625 -0.112747192382812
-0.7750244140625 0.16522216796875 0.2308349609375 0.00051879882812501
-0.6846923828125 0.223388671875 -0.360687255859375 -0.011627197265625
-0.44403076171875 0.43212890625 -0.193603515625 0.14190673828125
-0.1279296875 0.61181640625 -0.0433502197265625 0.112060546875
0.261749267578125 0.4495849609375 -0.0393638610839844 0.0187263488769531
0.419677734375 0.211822509765625 -0.103164672851563 0.0566024780273438
0.43896484375 -0.132232666015625 -0.107528686523437 0.0617599487304687
0.35626220703125 -0.27203369140625 -0.110679626464844 0.134918212890625
0.3592529296875 -0.22076416015625 -0.127243041992188 0.169570922851562
0.37762451171875 -0.264404296875 -0.126449584960937 0.169662475585937
0.41357421875 -0.09124755859375 -0.213836669921875 0.0995941162109375
0.42413330078125 0.184783935546875 -0.243942260742187 0.0194854736328125
0.2236328125 0.430206298828125 -0.150177001953125 -0.123001098632812
-0.241302490234375 0.53643798828125 0.0119171142578125 -0.171554565429687
-0.481414794921875 0.399169921875 0.0854339599609375 -0.00311279296874998
-0.70050048828125 0.14569091796875 -0.0217895507812501 0.0435562133789063
-0.49774169921875 0.20318603515625 -0.57208251953125 0.0476684570312499
-0.31304931640625 0.346160888671875 -0.304962158203125 0.228363037109375
-0.072418212890625 0.44097900390625 -0.060150146484375 0.129959106445313
0.196075439453125 0.312652587890625 -0.090423583984375 0.00918579101562503
0.293853759765625 0.149658203125 -0.1771240234375 0.04376220703125
0.319549560546875 -0.08544921875 -0.209396362304687 0.109649658203125
0.271224975585937 -0.1787109375 -0.204513549804688 0.23529052734375
0.272232055664062 -0.145278930664063 -0.20501708984375 0.26202392578125
0.290679931640625 -0.16851806640625 -0.219802856445312 0.250762939453125
0.295562744140625 -0.03546142578125 -0.299346923828125 0.1397705078125
0.277267456054687 0.160568237304687 -0.293182373046875 0.017333984375
0.113494873046875 0.30157470703125 -0.17889404296875 -0.119888305664062
-0.201385498046875 0.339385986328125 -0.0140457153320313 -0.124351501464844
-0.3441162109375 0.251007080078125 -0.0212783813476563 0.0838241577148438
-0.516387939453125 0.10223388671875 -0.240310668945313 0.0760955810546875
-0.23492431640625 0.144851684570312 -0.722412109375 0.0981445312500001
-0.137863159179688 0.207778930664063 -0.39385986328125 0.290191650390625
-0.00630187988281252 0.20416259765625 -0.0744171142578125 0.149734497070313
0.0995407104492187 0.127731323242187 -0.116165161132812 0.0164794921875
0.121940612792969 0.0643539428710937 -0.208328247070313 0.0288543701171875
0.1492919921875 -0.0264892578125 -0.268280029296875 0.13848876953125
0.142486572265625 -0.057586669921875 -0.26220703125 0.295074462890625
0.143707275390625 -0.047119140625 -0.251434326171875 0.3157958984375
0.160202026367188 -0.0502777099609375 -0.281097412109375 0.295440673828125
0.140350341796875 0.0218963623046875 -0.3427734375 0.152618408203125
0.104530334472656 0.112602233886719 -0.301361083984375 0.00384521484375004
0.0036773681640625 0.138763427734375 -0.181594848632813 -0.118988037109375
-0.125953674316406 0.113357543945313 -0.0261306762695313 -0.088104248046875
-0.158737182617187 0.0849456787109375 -0.0966644287109375 0.132156372070313
-0.255264282226563 0.0480499267578125 -0.389556884765625 0.094482421875
-0.0752944946289063 -0.02984619140625 0.433197021484375 -0.16845703125
-0.0528602600097656 0.0419578552246094 0.1517333984375 -0.177047729492188
0.0129318237304688 0.0863800048828125 -0.0101203918457031 0.0617561340332031
0.0662040710449219 0.0425987243652344 0.148239135742188 0.132308959960938
0.0891189575195313 -0.0247344970703125 0.272659301757813 0.0563507080078125
0.02655029296875 -0.077301025390625 0.33056640625 -0.139404296875
-0.0121841430664063 -0.0857925415039062 0.287506103515625 -0.3236083984375
-0.00145721435546875 -0.0599708557128906 0.250732421875 -0.322265625
-0.008331298828125 -0.06646728515625 0.273040771484375 -0.28668212890625
0.0341911315917969 -0.0422172546386719 0.28753662109375 -0.156768798828125
0.0503349304199219 -0.00201416015625 0.199188232421875 -0.0523529052734375
0.0191841125488281 0.0592536926269531 0.127540588378906 -0.046478271484375
-0.03961181640625 0.0380744934082031 0.140335083007813 -0.17138671875
-0.0543899536132813 -0.00514602661132812 0.392181396484375 -0.31622314453125
-0.007476806640625 -0.0594863891601563 0.7939453125 -0.072509765625
-0.3475341796875 0.0417785644531249 0.403350830078125 -0.165313720703125
-0.230484008789063 0.16192626953125 0.153533935546875 -0.166091918945312
-0.07403564453125 0.286041259765625 -0.0153732299804687 0.0545005798339844
0.126541137695313 0.209075927734375 0.128189086914063 0.116950988769531
0.2286376953125 0.06878662109375 0.234664916992188 0.0730438232421875
0.19061279296875 -0.118942260742188 0.30242919921875 -0.119873046875
0.128173828125 -0.1971435546875 0.264923095703125 -0.28741455078125
0.145278930664063 -0.157424926757813 0.2198486328125 -0.27801513671875
0.144332885742188 -0.186111450195313 0.248977661132813 -0.247955322265625
0.205337524414062 -0.092987060546875 0.24005126953125 -0.13641357421875
0.229461669921875 0.05987548828125 0.144821166992188 -0.044097900390625
0.124481201171875 0.228805541992188 0.101318359375 -0.0695724487304687
-0.122299194335938 0.266036987304687 0.14202880859375 -0.20458984375
-0.24298095703125 0.171966552734375 0.4066162109375 -0.3182373046875
-0.298187255859375 0.02276611328125 0.7734375 -0.08251953125
-0.572509765625 0.1102294921875 0.287811279296875 -0.1485595703125
-0.379852294921875 0.27679443359375 0.111259460449219 -0.125495910644531
-0.141448974609375 0.466705322265625 -0.0177764892578125 0.060455322265625
0.184844970703125 0.35699462890625 0.1048583984375 0.0955352783203125
0.3502197265625 0.1522216796875 0.17877197265625 0.07769775390625
0.333221435546875 -0.147216796875 0.236572265625 -0.091339111328125
0.2501220703125 -0.2821044921875 0.202987670898438 -0.212081909179688
0.268386840820313 -0.231826782226563 0.1563720703125 -0.1907958984375
0.27471923828125 -0.27691650390625 0.18548583984375 -0.169326782226563
0.34716796875 -0.130462646484375 0.150466918945313 -0.0936431884765625
0.381439208984375 0.114105224609375 0.0593452453613282 -0.0324325561523437
0.219635009765625 0.372406005859375 0.0512619018554688 -0.0963363647460937
-0.18719482421875 0.46923828125 0.126129150390625 -0.231231689453125
-0.4019775390625 0.332794189453125 0.377288818359375 -0.28826904296875
-0.54986572265625 0.0994873046874999 0.65911865234375 -0.072998046875
-0.714111328125 0.1697998046875 0.105484008789062 -0.116744995117187
-0.475921630859375 0.376861572265625 0.0319633483886718 -0.0557708740234375
-0.16729736328125 0.60699462890625 -0.0196990966796875 0.0755615234375
0.241546630859375 0.462158203125 0.0717010498046875 0.0680618286132813
0.439483642578125 0.20904541015625 0.0991973876953125 0.0731430053710938
0.431427001953125 -0.163330078125 0.136787414550781 -0.0500640869140625
0.335235595703125 -0.3271484375 0.111030578613281 -0.108627319335938
0.35198974609375 -0.267730712890625 0.069000244140625 -0.074188232421875
0.36151123046875 -0.324432373046875 0.0930862426757813 -0.06219482421875
0.435791015625 -0.145233154296875 0.033376693725586 -0.0317840576171875
0.479736328125 0.154144287109375 -0.0455780029296875 -0.0135841369628906
0.284759521484375 0.4652099609375 -0.0164566040039062 -0.114646911621094
-0.22430419921875 0.60675048828125 0.09234619140625 -0.235443115234375
-0.501983642578125 0.4454345703125 0.305145263671875 -0.216705322265625
-0.71533203125 0.1539306640625 0.467132568359375 -0.044097900390625
-0.749755859375 0.21484375 -0.119590759277344 -0.0694961547851563
-0.494873046875 0.437713623046875 -0.0728836059570313 0.0376434326171875
-0.1531982421875 0.66619873046875 -0.0257339477539063 0.0961074829101563
0.277923583984375 0.49530029296875 0.0231132507324219 0.04046630859375
0.4700927734375 0.225341796875 0.00100708007812503 0.0649261474609375
0.4658203125 -0.16009521484375 0.0143117904663086 0.00199317932128905
0.367706298828125 -0.325531005859375 0.000638961791992211 0.0123739242553711
0.380828857421875 -0.266082763671875 -0.0292701721191406 0.05169677734375
0.392486572265625 -0.321441650390625 -0.0156402587890625 0.0565414428710937
0.4544677734375 -0.13482666015625 -0.0934906005859375 0.0391159057617188
0.493133544921875 0.174072265625 -0.153289794921875 0.00881958007812499
0.29071044921875 0.482757568359375 -0.0895538330078125 -0.121139526367187
-0.23846435546875 0.63360595703125 0.05035400390625 -0.212631225585938
-0.52752685546875 0.4691162109375 0.20074462890625 -0.113723754882812
-0.76708984375 0.173583984375 0.226715087890625 4.57763671875106E-05
-0.673828125 0.2308349609375 -0.352264404296875 -0.00958251953124996
-0.4359130859375 0.429656982421875 -0.187652587890625 0.138702392578125
-0.11602783203125 0.6090087890625 -0.0379867553710938 0.115127563476563
0.264312744140625 0.43963623046875 -0.0350399017333984 0.0198154449462891
0.42022705078125 0.202056884765625 -0.0969924926757812 0.0556106567382813
0.42437744140625 -0.136474609375 -0.108268737792969 0.0592498779296875
0.34161376953125 -0.275909423828125 -0.108634948730469 0.1334228515625
0.350799560546875 -0.224609375 -0.123641967773437 0.170639038085937
0.363983154296875 -0.26708984375 -0.123123168945312 0.166641235351562
0.400665283203125 -0.096588134765625 -0.208221435546875 0.101654052734375
0.41790771484375 0.173553466796875 -0.238479614257812 0.02392578125
0.226165771484375 0.4210205078125 -0.146820068359375 -0.11871337890625
-0.2305908203125 0.532135009765625 0.01263427734375 -0.169540405273438
-0.467193603515625 0.393402099609375 0.0859527587890625 -0.00457763671874998
-0.692626953125 0.154296875 -0.0216789245605469 0.0447311401367188
-0.492645263671875 0.20440673828125 -0.560028076171875 0.0519409179687499
-0.30804443359375 0.34478759765625 -0.2950439453125 0.227142333984375
-0.064453125 0.440277099609375 -0.0544204711914062 0.1326904296875
0.198486328125 0.30609130859375 -0.0846328735351562 0.0120010375976563
0.294189453125 0.143218994140625 -0.170928955078125 0.0441131591796875
0.309478759765625 -0.09033203125 -0.207321166992187 0.107421875
0.260269165039063 -0.184066772460938 -0.19891357421875 0.232284545898438
0.265701293945313 -0.1488037109375 -0.198776245117188 0.262298583984375
0.279495239257813 -0.171463012695313 -0.214126586914062 0.24951171875
0.28662109375 -0.0400390625 -0.2911376953125 0.141387939453125
0.275588989257812 0.15118408203125 -0.28607177734375 0.02197265625
0.116363525390625 0.29638671875 -0.175979614257813 -0.114761352539063
-0.194427490234375 0.337677001953125 -0.0124130249023438 -0.122756958007812
-0.334625244140625 0.247344970703125 -0.0169601440429688 0.0830078125
-0.510406494140625 0.1075439453125 -0.235916137695313 0.0798034667968749
-0.233978271484375 0.14385986328125 -0.70794677734375 0.10443115234375
-0.136428833007813 0.207061767578125 -0.382354736328125 0.290802001953125
-0.00323486328124998 0.205825805664063 -0.067779541015625 0.151611328125
0.100349426269531 0.1263427734375 -0.110481262207031 0.0192642211914062
0.122581481933594 0.0625228881835938 -0.202682495117188 0.0303192138671875
0.145126342773438 -0.0286407470703125 -0.264205932617188 0.136871337890625
0.137733459472656 -0.0622482299804688 -0.25421142578125 0.29412841796875
0.140167236328125 -0.0504837036132813 -0.244049072265625 0.315338134765625
0.155807495117188 -0.0528717041015625 -0.272979736328125 0.294342041015625
0.137138366699219 0.0183258056640625 -0.33355712890625 0.154632568359375
0.106193542480469 0.107170104980469 -0.2943115234375 0.00753784179687506
0.0065155029296875 0.137931823730469 -0.178573608398438 -0.113327026367187
-0.123550415039063 0.116157531738281 -0.0243911743164063 -0.0858306884765625
-0.155731201171875 0.0848846435546875 -0.09033203125 0.131553649902344
-0.253585815429688 0.05133056640625 -0.3822021484375 0.10009765625
-0.0718917846679688 -0.0292129516601563 0.43988037109375 -0.170501708984375
-0.0529212951660156 0.0398178100585937 0.152114868164062 -0.179244995117187
0.0116348266601563 0.0848007202148438 -0.0113372802734375 0.0617141723632813
0.064208984375 0.0423583984375 0.147506713867188 0.131637573242188
0.0875930786132813 -0.0265274047851563 0.273605346679687 0.056640625
0.024871826171875 -0.0769500732421875 0.331268310546875 -0.138153076171875
-0.01312255859375 -0.0826034545898438 0.288177490234375 -0.32623291015625
-0.00155639648437501 -0.0587310791015625 0.253997802734375 -0.324981689453125
-0.0101470947265625 -0.0652046203613281 0.277557373046875 -0.29083251953125
0.0332183837890625 -0.0419692993164063 0.290679931640625 -0.1573486328125
0.0482292175292969 -0.00147247314453125 0.199966430664062 -0.0521697998046875
0.019622802734375 0.0586929321289063 0.128166198730469 -0.047393798828125
-0.037139892578125 0.0358428955078125 0.139602661132813 -0.171234130859375
-0.051116943359375 -0.00526046752929687 0.391815185546875 -0.3167724609375
-0.00608062744140625 -0.0590438842773438 0.79742431640625 -0.069580078125
-0.3468017578125 0.0433654785156249 0.408203125 -0.1683349609375
-0.232406616210937 0.159805297851563 0.153167724609375 -0.1695556640625
-0.0753173828125 0.286407470703125 -0.0158653259277344 0.0562820434570313
0.124465942382813 0.209716796875 0.127899169921875 0.11602783203125
0.229461669921875 0.0663909912109375 0.237030029296875 0.073089599609375
0.187515258789063 -0.119049072265625 0.302032470703125 -0.119171142578125
0.12506103515625 -0.196121215820313 0.2652587890625 -0.28863525390625
0.144973754882813 -0.157333374023438 0.222869873046875 -0.279953002929688
0.141494750976563 -0.18585205078125 0.252365112304688 -0.252685546875
0.2037353515625 -0.0926055908203125 0.242691040039063 -0.135757446289063
0.228469848632813 0.0597076416015625 0.146087646484375 -0.043060302734375
0.125518798828125 0.229690551757812 0.102981567382813 -0.0713424682617187
-0.121612548828125 0.266342163085938 0.142257690429688 -0.205657958984375
-0.2412109375 0.170684814453125 0.406951904296875 -0.31884765625
-0.300811767578125 0.0243225097656251 0.77716064453125 -0.08050537109375
-0.574462890625 0.11181640625 0.29364013671875 -0.152679443359375
-0.38385009765625 0.274017333984375 0.110939025878906 -0.130180358886719
-0.141815185546875 0.469482421875 -0.01739501953125 0.0637626647949219
0.184234619140625 0.359130859375 0.106071472167969 0.0944747924804688
0.35345458984375 0.150665283203125 0.18145751953125 0.0770721435546875
0.330047607421875 -0.147979736328125 0.23553466796875 -0.091339111328125
0.245819091796875 -0.28277587890625 0.2025146484375 -0.214767456054688
0.270584106445313 -0.232940673828125 0.158966064453125 -0.192031860351563
0.272216796875 -0.278091430664063 0.187576293945313 -0.172988891601563
0.345245361328125 -0.12982177734375 0.152740478515625 -0.0922698974609375
0.38079833984375 0.11328125 0.0601882934570313 -0.0299606323242187
0.221435546875 0.375579833984375 0.0538406372070313 -0.0980987548828125
-0.187347412109375 0.470916748046875 0.12652587890625 -0.233001708984375
-0.400482177734375 0.331451416015625 0.379119873046875 -0.2879638671875
-0.554718017578125 0.10076904296875 0.66278076171875 -0.0712890625
-0.7193603515625 0.174072265625 0.109916687011719 -0.121025085449219
-0.4814453125 0.3775634765625 0.0318603515625 -0.0606880187988281
-0.1668701171875 0.6134033203125 -0.0178604125976563 0.0802764892578125
0.243438720703125 0.463836669921875 0.0737457275390625 0.0679168701171875
0.4459228515625 0.20709228515625 0.102401733398438 0.0723800659179688
0.42803955078125 -0.1627197265625 0.134292602539063 -0.0510177612304688
0.330047607421875 -0.329498291015625 0.109474182128906 -0.110435485839844
0.353515625 -0.270416259765625 0.0703887939453125 -0.0740280151367188
0.35894775390625 -0.3265380859375 0.0934677124023438 -0.064483642578125
0.43267822265625 -0.146759033203125 0.0344715118408203 -0.0304431915283203
0.479583740234375 0.1544189453125 -0.0448989868164062 -0.0105400085449219
0.28668212890625 0.470977783203125 -0.014678955078125 -0.116493225097656
-0.22674560546875 0.61181640625 0.0938873291015625 -0.238754272460937
-0.5042724609375 0.44232177734375 0.306304931640625 -0.217315673828125
-0.72393798828125 0.15576171875 0.469482421875 -0.0421142578125
-0.7593994140625 0.21575927734375 -0.116950988769531 -0.0730514526367187
-0.50213623046875 0.439971923828125 -0.0729522705078125 0.0335235595703125
-0.15386962890625 0.67486572265625 -0.02313232421875 0.10113525390625
0.281402587890625 0.49859619140625 0.0261611938476563 0.0402717590332032
0.477386474609375 0.223846435546875 0.00444030761718752 0.0639533996582031
0.461151123046875 -0.1617431640625 0.0109224319458008 0.000954627990722646
0.362396240234375 -0.32904052734375 -0.00127124786376951 0.0117740631103515
0.38421630859375 -0.270599365234375 -0.0295143127441406 0.0535545349121094
0.39080810546875 -0.3236083984375 -0.0166969299316406 0.0552406311035156
0.452850341796875 -0.135284423828125 -0.093780517578125 0.0403518676757812
0.496246337890625 0.17388916015625 -0.152587890625 0.0118865966796875
0.294403076171875 0.488006591796875 -0.0876846313476563 -0.122047424316406
-0.2403564453125 0.63836669921875 0.0516815185546875 -0.21685791015625
-0.530548095703125 0.46673583984375 0.20257568359375 -0.11431884765625
-0.77471923828125 0.1729736328125 0.22650146484375 0.00189208984375001
-0.683349609375 0.23040771484375 -0.352325439453125 -0.011505126953125
-0.44384765625 0.43310546875 -0.188491821289063 0.136871337890625
-0.11517333984375 0.61834716796875 -0.0347976684570313 0.120613098144531
0.268890380859375 0.44378662109375 -0.0316314697265625 0.020040512084961
0.426513671875 0.202178955078125 -0.09478759765625 0.0548324584960938
0.4229736328125 -0.13848876953125 -0.112800598144531 0.0573654174804687
0.33740234375 -0.280975341796875 -0.11175537109375 0.133163452148437
0.353271484375 -0.227569580078125 -0.1246337890625 0.173233032226562
0.3629150390625 -0.26898193359375 -0.125335693359375 0.166458129882812
0.398712158203125 -0.096893310546875 -0.209854125976562 0.102935791015625
0.420379638671875 0.172149658203125 -0.238494873046875 0.0260467529296875
0.228118896484375 0.426483154296875 -0.145309448242187 -0.119232177734375
-0.23321533203125 0.536895751953125 0.013824462890625 -0.17327880859375
-0.469818115234375 0.391754150390625 0.087615966796875 -0.00460052490234372
-0.7015380859375 0.15533447265625 -0.0227127075195313 0.0462837219238281
-0.501220703125 0.206329345703125 -0.562255859375 0.0511474609375
-0.314849853515625 0.348052978515625 -0.296966552734375 0.227203369140625
-0.0634765625 0.44873046875 -0.0504989624023438 0.137054443359375
0.2021484375 0.3096923828125 -0.0817413330078125 0.0121612548828125
0.299713134765625 0.14398193359375 -0.169586181640625 0.043121337890625
0.307708740234375 -0.09136962890625 -0.21185302734375 0.105972290039063
0.2569580078125 -0.188186645507813 -0.202255249023437 0.23291015625
0.267379760742188 -0.151473999023438 -0.200668334960937 0.265945434570312
0.27880859375 -0.173049926757813 -0.217193603515625 0.250595092773438
0.284820556640625 -0.040313720703125 -0.293548583984375 0.14251708984375
0.277481079101563 0.1497802734375 -0.285797119140625 0.023834228515625
0.1171875 0.300079345703125 -0.17523193359375 -0.114471435546875
-0.1968994140625 0.34149169921875 -0.0107574462890625 -0.125442504882812
-0.33746337890625 0.246124267578125 -0.0152969360351563 0.0828781127929688
-0.51654052734375 0.1080322265625 -0.238372802734375 0.081787109375
-0.2412109375 0.143341064453125 -0.71124267578125 0.10333251953125
-0.14007568359375 0.21051025390625 -0.3848876953125 0.293365478515625
-0.00238037109375 0.211257934570313 -0.0639190673828125 0.15374755859375
0.103439331054688 0.128128051757813 -0.107887268066406 0.0196533203125
0.125656127929688 0.0638961791992188 -0.20318603515625 0.029266357421875
0.14495849609375 -0.0287017822265625 -0.268539428710938 0.135101318359375
0.136642456054688 -0.0653228759765625 -0.25830078125 0.294464111328125
0.141021728515625 -0.0525054931640625 -0.2471923828125 0.318267822265625
0.155532836914063 -0.0537261962890625 -0.276702880859375 0.2962646484375
0.136154174804688 0.0172348022460938 -0.33642578125 0.1552734375
0.107437133789062 0.106208801269531 -0.294586181640625 0.00744628906249996
0.00725555419921873 0.139862060546875 -0.178680419921875 -0.111923217773437
-0.125404357910156 0.119194030761719 -0.0228424072265625 -0.0868072509765625
-0.157455444335938 0.0845489501953125 -0.0889739990234376 0.132591247558594
-0.258926391601563 0.0517272949218751 -0.385711669921875 0.1024169921875
-0.0706253051757812 -0.029083251953125 0.4544677734375 -0.181793212890625
-0.0538406372070312 0.03936767578125 0.154830932617188 -0.187026977539063
0.01123046875 0.0860671997070313 -0.0116767883300781 0.0644989013671875
0.0641860961914063 0.0428619384765625 0.151458740234375 0.132553100585938
0.0877227783203125 -0.0294876098632812 0.2816162109375 0.055816650390625
0.0225448608398437 -0.0786514282226563 0.34002685546875 -0.143524169921875
-0.0143051147460938 -0.0817489624023438 0.294189453125 -0.33868408203125
-0.00221633911132813 -0.0584373474121094 0.260955810546875 -0.340606689453125
-0.0121688842773437 -0.0658988952636719 0.287322998046875 -0.30499267578125
0.0331802368164063 -0.0425453186035156 0.30059814453125 -0.164581298828125
0.0477867126464844 -0.00193405151367187 0.205551147460938 -0.05413818359375
0.0206642150878906 0.0594062805175781 0.132026672363281 -0.0513687133789062
-0.0364875793457031 0.0347251892089844 0.142349243164063 -0.176925659179688
-0.0489387512207031 -0.00627517700195313 0.399322509765625 -0.329376220703125
-0.0054931640625 -0.0593490600585938 0.82147216796875 -0.0770263671875
-0.3548583984375 0.04779052734375 0.42327880859375 -0.180694580078125
-0.238998413085938 0.163406372070312 0.156021118164062 -0.17852783203125
-0.076629638671875 0.295684814453125 -0.0156288146972656 0.0603370666503906
0.127639770507813 0.214569091796875 0.131828308105469 0.116485595703125
0.235626220703125 0.0648193359375 0.244842529296875 0.0718841552734375
0.188186645507813 -0.123565673828125 0.309051513671875 -0.12359619140625
0.124343872070313 -0.200515747070313 0.2696533203125 -0.300323486328125
0.148040771484375 -0.162994384765625 0.22918701171875 -0.292083740234375
0.141937255859375 -0.191970825195313 0.260223388671875 -0.266220092773437
0.207199096679687 -0.09661865234375 0.252166748046875 -0.141357421875
0.23370361328125 0.0593719482421875 0.150741577148438 -0.0432586669921875
0.132583618164062 0.236618041992187 0.106300354003906 -0.0762557983398437
-0.121185302734375 0.273773193359375 0.144027709960938 -0.213729858398437
-0.244827270507813 0.1751708984375 0.41339111328125 -0.332061767578125
-0.3104248046875 0.0287170410156249 0.7999267578125 -0.08837890625
-0.59149169921875 0.12109375 0.305816650390625 -0.163818359375
-0.395660400390625 0.283721923828125 0.112785339355469 -0.138771057128906
-0.141387939453125 0.486053466796875 -0.0150070190429688 0.069488525390625
0.19085693359375 0.3675537109375 0.110511779785156 0.0944442749023438
0.365936279296875 0.149383544921875 0.189453125 0.07586669921875
0.333099365234375 -0.1544189453125 0.23956298828125 -0.0950927734375
0.245635986328125 -0.29180908203125 0.205169677734375 -0.224197387695313
0.276016235351563 -0.242950439453125 0.163406372070313 -0.199874877929688
0.27435302734375 -0.289031982421875 0.193252563476563 -0.183517456054688
0.3507080078125 -0.13543701171875 0.158798217773438 -0.095245361328125
0.391937255859375 0.11309814453125 0.062957763671875 -0.0290412902832031
0.232452392578125 0.387451171875 0.055816650390625 -0.10357666015625
-0.1888427734375 0.486053466796875 0.127593994140625 -0.24285888671875
-0.410675048828125 0.34002685546875 0.38604736328125 -0.300384521484375
-0.57452392578125 0.1099853515625 0.6817626953125 -0.0771484375
-0.74212646484375 0.18634033203125 0.116035461425781 -0.129646301269531
-0.4979248046875 0.391448974609375 0.0325393676757812 -0.0665435791015625
-0.16510009765625 0.63726806640625 -0.0137939453125 0.0877456665039063
0.25433349609375 0.47625732421875 0.0785293579101563 0.0677108764648438
0.463134765625 0.20709228515625 0.109031677246094 0.0711593627929688
0.434478759765625 -0.171600341796875 0.135185241699219 -0.0539703369140625
0.330810546875 -0.344268798828125 0.110305786132813 -0.115692138671875
0.3623046875 -0.284820556640625 0.0728836059570313 -0.0764007568359375
0.364410400390625 -0.34002685546875 0.09564208984375 -0.0701370239257813
0.441253662109375 -0.152313232421875 0.0364227294921875 -0.02996826171875
0.49432373046875 0.1522216796875 -0.0447196960449218 -0.00779724121093749
0.301025390625 0.48419189453125 -0.0145339965820312 -0.1214599609375
-0.228515625 0.632080078125 0.093658447265625 -0.249176025390625
-0.51751708984375 0.45562744140625 0.313262939453125 -0.226470947265625
-0.75 0.16650390625 0.481719970703125 -0.046051025390625
-0.7850341796875 0.23236083984375 -0.118087768554688 -0.0774002075195312
-0.520782470703125 0.457733154296875 -0.0754165649414063 0.0320587158203125
-0.15020751953125 0.7017822265625 -0.0173263549804688 0.109291076660156
0.295654296875 0.513214111328125 0.030029296875 0.0403556823730469
0.497833251953125 0.225616455078125 0.00818252563476566 0.0636367797851563
0.470245361328125 -0.170318603515625 0.00778484344482425 -0.000109195709228526
0.363800048828125 -0.34417724609375 -0.00347137451171873 0.0117053985595703
0.39251708984375 -0.28533935546875 -0.0295295715332031 0.0577125549316406
0.39666748046875 -0.33770751953125 -0.0175514221191406 0.055694580078125
0.46099853515625 -0.1429443359375 -0.0957717895507812 0.0440597534179687
0.51116943359375 0.171783447265625 -0.155014038085938 0.0161895751953125
0.30865478515625 0.5052490234375 -0.0897369384765625 -0.126800537109375
-0.24322509765625 0.662353515625 0.050750732421875 -0.226669311523437
-0.54461669921875 0.48046875 0.207534790039062 -0.119293212890625
-0.8033447265625 0.1859130859375 0.232406616210937 0.00169372558593751
-0.7095947265625 0.24609375 -0.36187744140625 -0.0114135742187499
-0.45953369140625 0.45263671875 -0.193008422851563 0.14031982421875
-0.110107421875 0.64501953125 -0.0287322998046875 0.128822326660156
0.282318115234375 0.45660400390625 -0.0292434692382812 0.0202732086181641
0.44671630859375 0.20233154296875 -0.0944747924804687 0.0555038452148438
0.429595947265625 -0.14739990234375 -0.119148254394531 0.0590133666992187
0.33868408203125 -0.295257568359375 -0.116264343261719 0.138450622558594
0.361572265625 -0.240936279296875 -0.127349853515625 0.182632446289062
0.368072509765625 -0.28070068359375 -0.130172729492187 0.173095703125
0.406158447265625 -0.1026611328125 -0.214691162109375 0.109771728515625
0.435333251953125 0.171875 -0.243911743164062 0.0312957763671875
0.240264892578125 0.441375732421875 -0.149581909179688 -0.12164306640625
-0.23681640625 0.558197021484375 0.0127105712890625 -0.181243896484375
-0.482666015625 0.403839111328125 0.0910110473632812 -0.00525665283203123
-0.72735595703125 0.166748046875 -0.0249862670898438 0.0505256652832031
-0.52178955078125 0.216583251953125 -0.5772705078125 0.0549926757812501
-0.32623291015625 0.3641357421875 -0.3040771484375 0.2352294921875
-0.05889892578125 0.468536376953125 -0.045135498046875 0.145095825195313
0.213653564453125 0.318145751953125 -0.08056640625 0.0128250122070313
0.314788818359375 0.145172119140625 -0.172958374023437 0.0447845458984375
0.314544677734375 -0.096343994140625 -0.221389770507812 0.109130859375
0.257843017578125 -0.199127197265625 -0.208053588867187 0.24310302734375
0.27423095703125 -0.161712646484375 -0.20556640625 0.279937744140625
0.28369140625 -0.1829833984375 -0.224014282226562 0.261856079101562
0.290191650390625 -0.043731689453125 -0.30169677734375 0.150634765625
0.287841796875 0.150390625 -0.29345703125 0.027618408203125
0.12420654296875 0.310516357421875 -0.180007934570313 -0.116409301757813
-0.2027587890625 0.35638427734375 -0.01190185546875 -0.131156921386719
-0.3472900390625 0.25372314453125 -0.0134124755859375 0.0861434936523438
-0.53668212890625 0.115997314453125 -0.246200561523437 0.0880889892578125
-0.252960205078125 0.149978637695312 -0.73260498046875 0.1119384765625
-0.145706176757813 0.220138549804687 -0.39288330078125 0.305419921875
0.000869750976562507 0.22161865234375 -0.060089111328125 0.160934448242188
0.109886169433594 0.131942749023438 -0.108451843261719 0.0214004516601562
0.132827758789063 0.0647201538085938 -0.208633422851563 0.0317687988281251
0.1490478515625 -0.030517578125 -0.278564453125 0.139617919921875
0.13800048828125 -0.071075439453125 -0.26470947265625 0.307220458984375
0.144821166992188 -0.05767822265625 -0.2528076171875 0.333343505859375
0.1593017578125 -0.0583343505859375 -0.284454345703125 0.30975341796875
0.139122009277344 0.0173263549804687 -0.34613037109375 0.1634521484375
0.112892150878906 0.106269836425781 -0.30126953125 0.0100097656250001
0.00932312011718749 0.145492553710938 -0.183975219726562 -0.112808227539063
-0.129638671875 0.127235412597656 -0.023284912109375 -0.0908660888671875
-0.162933349609375 0.0880889892578125 -0.0882797241210937 0.137367248535156
-0.269287109375 0.0559997558593749 -0.397064208984375 0.111053466796875
-0.0713043212890625 -0.0287246704101562 0.468231201171875 -0.207733154296875
-0.0544776916503906 0.041107177734375 0.154312133789062 -0.200775146484375
0.013214111328125 0.088134765625 -0.00934982299804687 0.0684394836425781
0.0656166076660156 0.0434722900390625 0.160720825195313 0.13079833984375
0.0875473022460938 -0.0347518920898438 0.29351806640625 0.04638671875
0.0180892944335938 -0.0818099975585938 0.348907470703125 -0.158050537109375
-0.0177536010742188 -0.0818099975585938 0.292572021484375 -0.3634033203125
-0.00432586669921875 -0.0593719482421875 0.259613037109375 -0.368011474609375
-0.0170783996582031 -0.0657501220703125 0.28985595703125 -0.332763671875
0.0317153930664063 -0.0450515747070313 0.309051513671875 -0.181549072265625
0.0479507446289062 -0.002227783203125 0.211471557617188 -0.0630645751953125
0.0240821838378906 0.0605659484863281 0.135162353515625 -0.059722900390625
-0.035247802734375 0.0346145629882813 0.14141845703125 -0.188720703125
-0.048126220703125 -0.00561904907226563 0.401153564453125 -0.354583740234375
-0.00605773925781249 -0.0600242614746094 0.85040283203125 -0.11102294921875
-0.36468505859375 0.061614990234375 0.435516357421875 -0.207122802734375
-0.244720458984375 0.175567626953125 0.155349731445312 -0.192626953125
-0.06927490234375 0.31036376953125 -0.0116806030273438 0.0659637451171875
0.13763427734375 0.219955444335938 0.140213012695313 0.114349365234375
0.245758056640625 0.057647705078125 0.257217407226563 0.0638427734375
0.18707275390625 -0.133468627929688 0.315704345703125 -0.137908935546875
0.120193481445312 -0.209518432617187 0.268829345703125 -0.323272705078125
0.148483276367188 -0.1744384765625 0.229217529296875 -0.31500244140625
0.137939453125 -0.203323364257813 0.26214599609375 -0.29095458984375
0.209579467773438 -0.10711669921875 0.259552001953125 -0.155624389648438
0.243728637695313 0.0540771484375 0.155197143554688 -0.048828125
0.14678955078125 0.241790771484375 0.107963562011719 -0.0848541259765625
-0.116607666015625 0.287811279296875 0.14129638671875 -0.227859497070313
-0.246429443359375 0.18817138671875 0.41717529296875 -0.3592529296875
-0.322418212890625 0.042266845703125 0.82769775390625 -0.11865234375
-0.6102294921875 0.14727783203125 0.313934326171875 -0.185791015625
-0.404632568359375 0.307525634765625 0.11187744140625 -0.15087890625
-0.129058837890625 0.51324462890625 -0.00890350341796875 0.07623291015625
0.210052490234375 0.37591552734375 0.118263244628906 0.0927734375
0.386383056640625 0.13934326171875 0.200088500976563 0.0701751708984375
0.335693359375 -0.1708984375 0.244400024414063 -0.106292724609375
0.2398681640625 -0.310211181640625 0.204315185546875 -0.2418212890625
0.278564453125 -0.26336669921875 0.16461181640625 -0.215118408203125
0.271240234375 -0.310211181640625 0.194290161132813 -0.201416015625
0.35675048828125 -0.152587890625 0.164520263671875 -0.103668212890625
0.40948486328125 0.102813720703125 0.0660743713378907 -0.0302314758300781
0.25750732421875 0.396575927734375 0.0548019409179688 -0.111640930175781
-0.17919921875 0.513824462890625 0.122451782226563 -0.258087158203125
-0.414276123046875 0.3653564453125 0.38861083984375 -0.325042724609375
-0.595947265625 0.13641357421875 0.70526123046875 -0.1038818359375
-0.7684326171875 0.22198486328125 0.118942260742187 -0.143524169921875
-0.50634765625 0.424285888671875 0.0311431884765625 -0.0737228393554687
-0.14794921875 0.6727294921875 -0.00509643554687501 0.0953674316406251
0.28179931640625 0.487152099609375 0.0858383178710938 0.0652999877929688
0.491912841796875 0.195404052734375 0.117149353027344 0.06787109375
0.4398193359375 -0.19317626953125 0.136154174804688 -0.060150146484375
0.325531005859375 -0.3670654296875 0.108451843261719 -0.124763488769531
0.36572265625 -0.311676025390625 0.0742263793945313 -0.08245849609375
0.36126708984375 -0.367950439453125 0.0965194702148438 -0.0792007446289063
0.450836181640625 -0.1737060546875 0.038482666015625 -0.0315437316894531
0.5177001953125 0.140899658203125 -0.0448150634765625 -0.00385665893554687
0.3341064453125 0.496429443359375 -0.0185317993164062 -0.128196716308594
-0.2176513671875 0.6693115234375 0.086212158203125 -0.264114379882812
-0.523529052734375 0.489288330078125 0.316436767578125 -0.246307373046875
-0.78009033203125 0.2021484375 0.498992919921875 -0.061126708984375
-0.8135986328125 0.27325439453125 -0.122955322265625 -0.0795822143554688
-0.530426025390625 0.496673583984375 -0.0774612426757813 0.0327911376953125
-0.127197265625 0.7410888671875 -0.00697326660156251 0.118186950683594
0.326904296875 0.523162841796875 0.0358314514160157 0.0384063720703125
0.53057861328125 0.213348388671875 0.0129966735839844 0.0638465881347657
0.47821044921875 -0.193603515625 0.00531911849975589 -0.000480651855468762
0.35772705078125 -0.3702392578125 -0.00540065765380857 0.0123739242553711
0.398193359375 -0.313873291015625 -0.0273323059082031 0.0625648498535156
0.396331787109375 -0.367950439453125 -0.0180778503417969 0.0581321716308594
0.4716796875 -0.1636962890625 -0.0972213745117187 0.0508956909179687
0.537200927734375 0.15875244140625 -0.159088134765625 0.025177001953125
0.342071533203125 0.51708984375 -0.09674072265625 -0.130088806152344
-0.23272705078125 0.7017822265625 0.042144775390625 -0.239715576171875
-0.552032470703125 0.515838623046875 0.210845947265625 -0.13104248046875
-0.8355712890625 0.22515869140625 0.240036010742187 -0.00437927246093749
-0.7349853515625 0.28338623046875 -0.375244140625 -0.000885009765625034
-0.46612548828125 0.489501953125 -0.196060180664063 0.150924682617188
-0.089111328125 0.67938232421875 -0.0175552368164063 0.137901306152344
0.31268310546875 0.46539306640625 -0.0256233215332031 0.020711898803711
0.47637939453125 0.19158935546875 -0.0941543579101562 0.0593338012695313
0.438140869140625 -0.1676025390625 -0.125144958496094 0.064727783203125
0.33544921875 -0.319427490234375 -0.117645263671875 0.1488037109375
0.367706298828125 -0.266998291015625 -0.12506103515625 0.197586059570312
0.36956787109375 -0.30731201171875 -0.131744384765625 0.18597412109375
0.4163818359375 -0.1195068359375 -0.219711303710937 0.123153686523437
0.457000732421875 0.16143798828125 -0.250625610351562 0.0434417724609375
0.268310546875 0.4527587890625 -0.158370971679688 -0.12213134765625
-0.22930908203125 0.5921630859375 0.004486083984375 -0.190567016601562
-0.48956298828125 0.43316650390625 0.094512939453125 -0.00854492187499997
-0.7572021484375 0.20013427734375 -0.026824951171875 0.0558509826660156
-0.5404052734375 0.246337890625 -0.59832763671875 0.07757568359375
-0.33013916015625 0.39312744140625 -0.30810546875 0.254608154296875
-0.04205322265625 0.49383544921875 -0.034393310546875 0.153060913085938
0.236297607421875 0.323211669921875 -0.080078125 0.0155487060546875
0.33660888671875 0.138397216796875 -0.176345825195312 0.0516204833984375
0.322113037109375 -0.111297607421875 -0.229660034179688 0.120941162109375
0.256378173828125 -0.216705322265625 -0.209487915039062 0.261520385742187
0.279098510742188 -0.180877685546875 -0.204132080078125 0.301910400390625
0.286407470703125 -0.201202392578125 -0.226043701171875 0.283111572265625
0.297821044921875 -0.054779052734375 -0.30914306640625 0.167633056640625
0.30389404296875 0.1435546875 -0.301666259765625 0.0403747558593751
0.14227294921875 0.320220947265625 -0.19061279296875 -0.114761352539062
-0.19970703125 0.381988525390625 -0.0188217163085938 -0.137893676757812
-0.353851318359375 0.273956298828125 -0.00958251953125001 0.0902862548828125
-0.559051513671875 0.14031982421875 -0.254684448242188 0.104049682617188
-0.263259887695313 0.16552734375 -0.75653076171875 0.14263916015625
-0.145980834960937 0.237335205078125 -0.39739990234375 0.331756591796875
0.010162353515625 0.233169555664062 -0.05133056640625 0.168258666992188
0.121223449707031 0.133674621582031 -0.108558654785156 0.0254974365234375
0.143539428710938 0.0629119873046875 -0.214996337890625 0.03961181640625
0.154190063476563 -0.03717041015625 -0.287139892578125 0.153472900390625
0.137596130371094 -0.079925537109375 -0.26702880859375 0.330352783203125
0.148681640625 -0.066802978515625 -0.251922607421875 0.359619140625
0.162445068359375 -0.067657470703125 -0.28631591796875 0.335662841796875
0.144256591796875 0.0127410888671875 -0.3546142578125 0.181488037109375
0.121757507324219 0.103721618652344 -0.3121337890625 0.020751953125
0.01678466796875 0.152725219726563 -0.194244384765625 -0.109359741210937
-0.131416320800781 0.140472412109375 -0.0285491943359375 -0.0942306518554687
-0.16766357421875 0.0970916748046875 -0.0849151611328125 0.1461181640625
-0.282379150390625 0.0692138671875 -0.410797119140625 0.1326904296875
-0.072357177734375 -0.026336669921875 0.468841552734375 -0.245849609375
-0.0540695190429688 0.0440483093261719 0.146499633789063 -0.21612548828125
0.0175399780273438 0.0892333984375 -0.004791259765625 0.071746826171875
0.0678977966308594 0.0422096252441406 0.170852661132813 0.123138427734375
0.0845565795898438 -0.0409622192382813 0.302337646484375 0.029144287109375
0.01129150390625 -0.0828704833984375 0.34918212890625 -0.1810302734375
-0.0223922729492188 -0.0807723999023438 0.277923583984375 -0.391845703125
-0.00802993774414063 -0.0593032836914063 0.244476318359375 -0.39654541015625
-0.0233001708984375 -0.0645484924316406 0.277862548828125 -0.364837646484375
0.0287551879882813 -0.0476341247558594 0.31024169921875 -0.20648193359375
0.047821044921875 -0.00429153442382813 0.213043212890625 -0.0757904052734375
0.028167724609375 0.0597114562988281 0.133583068847656 -0.0707244873046875
-0.0336933135986328 0.0343093872070312 0.133026123046875 -0.202835083007813
-0.0474662780761719 -0.00365447998046876 0.384765625 -0.38800048828125
-0.0080718994140625 -0.05987548828125 0.8626708984375 -0.1654052734375
-0.369384765625 0.084564208984375 0.4344482421875 -0.2427978515625
-0.242340087890625 0.193679809570312 0.147491455078125 -0.209671020507813
-0.05267333984375 0.323944091796875 -0.00406646728515626 0.0706863403320313
0.15264892578125 0.218276977539063 0.14984130859375 0.107086181640625
0.254364013671875 0.042388916015625 0.266815185546875 0.04840087890625
0.180007934570313 -0.146377563476563 0.31622314453125 -0.15802001953125
0.108169555664062 -0.21966552734375 0.25506591796875 -0.349090576171875
0.141326904296875 -0.1873779296875 0.2169189453125 -0.341094970703125
0.126052856445313 -0.215866088867188 0.2515869140625 -0.320159912109375
0.206558227539063 -0.120895385742188 0.259933471679688 -0.17559814453125
0.252059936523438 0.0416717529296875 0.157638549804688 -0.057342529296875
0.166839599609375 0.239486694335937 0.104660034179688 -0.0963821411132812
-0.102752685546875 0.300445556640625 0.128860473632813 -0.2430419921875
-0.2410888671875 0.205718994140625 0.404296875 -0.391265869140625
-0.330108642578125 0.06536865234375 0.84088134765625 -0.17181396484375
-0.61602783203125 0.18817138671875 0.31231689453125 -0.21429443359375
-0.399444580078125 0.33795166015625 0.105697631835937 -0.165191650390625
-0.09991455078125 0.53509521484375 0.00162506103515624 0.0815353393554688
0.236907958984375 0.374786376953125 0.1270751953125 0.0855484008789063
0.40399169921875 0.11773681640625 0.209396362304688 0.057281494140625
0.328857421875 -0.1939697265625 0.242431640625 -0.122283935546875
0.2230224609375 -0.329742431640625 0.193862915039063 -0.26092529296875
0.269622802734375 -0.28778076171875 0.157257080078125 -0.233551025390625
0.255218505859375 -0.33416748046875 0.18695068359375 -0.2230224609375
0.35504150390625 -0.176727294921875 0.164901733398438 -0.116119384765625
0.425811767578125 0.0810546875 0.0672569274902344 -0.0321388244628906
0.291412353515625 0.392486572265625 0.0488967895507813 -0.120765686035156
-0.1551513671875 0.53887939453125 0.107498168945313 -0.272552490234375
-0.4056396484375 0.39691162109375 0.377471923828125 -0.355438232421875
-0.60650634765625 0.17767333984375 0.7159423828125 -0.14813232421875
-0.77703857421875 0.2763671875 0.114974975585937 -0.159408569335938
-0.4984130859375 0.46710205078125 0.0269317626953125 -0.0812911987304687
-0.10760498046875 0.70330810546875 0.00910186767578125 0.100364685058594
0.31878662109375 0.4825439453125 0.0925750732421875 0.059051513671875
0.518585205078125 0.16680908203125 0.125175476074219 0.0601959228515625
0.43505859375 -0.22369384765625 0.133842468261719 -0.0695571899414063
0.305908203125 -0.392974853515625 0.102500915527344 -0.134986877441406
0.356903076171875 -0.3441162109375 0.0729446411132813 -0.0896987915039063
0.34466552734375 -0.400054931640625 0.0930099487304688 -0.088653564453125
0.449005126953125 -0.203887939453125 0.0395011901855469 -0.0338554382324219
0.538818359375 0.110931396484375 -0.0445823669433593 0.00148391723632814
0.3765869140625 0.491180419921875 -0.0264892578125 -0.132774353027344
-0.18426513671875 0.7037353515625 0.068817138671875 -0.277572631835937
-0.51123046875 0.529327392578125 0.30792236328125 -0.26971435546875
-0.79217529296875 0.2568359375 0.506744384765625 -0.0916748046875
-0.822265625 0.333251953125 -0.129364013671875 -0.0779876708984375
-0.517791748046875 0.5435791015625 -0.0776519775390625 0.0354461669921875
-0.0827636718750001 0.772216796875 0.00959014892578125 0.122894287109375
0.369232177734375 0.51776123046875 0.0408515930175781 0.0355110168457032
0.5604248046875 0.183868408203125 0.0189247131347657 0.062347412109375
0.47467041015625 -0.228240966796875 0.00195920467376712 -0.000574111938476576
0.33905029296875 -0.399810791015625 -0.00611877441406248 0.012674331665039
0.388916015625 -0.34808349609375 -0.0226821899414062 0.0672836303710937
0.38037109375 -0.402435302734375 -0.0159912109375 0.0612678527832031
0.47027587890625 -0.19439697265625 -0.0957717895507812 0.0597457885742187
0.56005859375 0.12939453125 -0.159072875976562 0.0375518798828125
0.385894775390625 0.512542724609375 -0.106575012207031 -0.129463195800781
-0.19732666015625 0.73858642578125 0.02520751953125 -0.248916625976562
-0.537841796875 0.557769775390625 0.208053588867187 -0.145858764648437
-0.85101318359375 0.28369140625 0.243682861328125 -0.0156097412109375
-0.74151611328125 0.33782958984375 -0.383697509765625 0.0189208984375001
-0.4544677734375 0.53289794921875 -0.19293212890625 0.164962768554688
-0.0453491210937501 0.70941162109375 -0.000427246093749992 0.1422119140625
0.3515625 0.458282470703125 -0.02276611328125 0.0209102630615235
0.504974365234375 0.165374755859375 -0.0913238525390625 0.064605712890625
0.437255859375 -0.19781494140625 -0.128654479980469 0.074066162109375
0.318634033203125 -0.34661865234375 -0.113128662109375 0.160308837890625
0.36029052734375 -0.299285888671875 -0.115188598632812 0.213409423828125
0.357086181640625 -0.341400146484375 -0.124252319335937 0.201828002929687
0.4171142578125 -0.14703369140625 -0.21844482421875 0.141159057617188
0.4776611328125 0.135009765625 -0.252044677734375 0.0611419677734375
0.306182861328125 0.451446533203125 -0.16986083984375 -0.117660522460938
-0.20245361328125 0.627685546875 -0.0103302001953125 -0.197189331054687
-0.480743408203125 0.470428466796875 0.0968704223632812 -0.0133743286132812
-0.770751953125 0.2532958984375 -0.025421142578125 0.0632209777832031
-0.544952392578125 0.28826904296875 -0.60736083984375 0.11376953125
-0.31927490234375 0.42608642578125 -0.300445556640625 0.279388427734375
-0.00991821289062504 0.51373291015625 -0.01947021484375 0.158126831054688
0.26385498046875 0.316741943359375 -0.0781631469726562 0.0195083618164063
0.3572998046875 0.118865966796875 -0.176605224609375 0.062103271484375
0.322296142578125 -0.133514404296875 -0.23162841796875 0.137298583984375
0.245468139648438 -0.2384033203125 -0.2010498046875 0.281890869140625
0.274932861328125 -0.204986572265625 -0.18988037109375 0.326416015625
0.279312133789063 -0.226333618164062 -0.215606689453125 0.3082275390625
0.300811767578125 -0.073760986328125 -0.307708740234375 0.192108154296875
0.31890869140625 0.126617431640625 -0.304779052734375 0.05999755859375
0.167938232421875 0.32244873046875 -0.201385498046875 -0.105728149414062
-0.182098388671875 0.408050537109375 -0.0301971435546875 -0.140777587890625
-0.34930419921875 0.29974365234375 -0.00341796875000003 0.0933380126953125
-0.57037353515625 0.17962646484375 -0.2559814453125 0.125930786132813
-0.264907836914063 0.186981201171875 -0.76934814453125 0.190185546875
-0.13702392578125 0.254745483398438 -0.3875732421875 0.36474609375
0.025848388671875 0.2406005859375 -0.0381927490234375 0.173248291015625
0.134254455566406 0.128662109375 -0.107040405273438 0.0321044921875
0.153961181640625 0.055419921875 -0.216812133789063 0.053192138671875
0.156219482421875 -0.047698974609375 -0.289215087890625 0.173797607421875
0.133598327636719 -0.091064453125 -0.255035400390625 0.3565673828125
0.148666381835938 -0.0797119140625 -0.23681640625 0.3892822265625
0.162277221679688 -0.08099365234375 -0.274200439453125 0.3680419921875
0.1480712890625 0.0037078857421875 -0.35382080078125 0.208984375
0.130973815917969 0.0965194702148438 -0.3175048828125 0.0397338867187501
0.028411865234375 0.15625 -0.204940795898438 -0.099609375
-0.126113891601563 0.155960083007813 -0.03607177734375 -0.0952224731445313
-0.167892456054688 0.109512329101563 -0.0758972167968751 0.155624389648438
-0.289459228515625 0.08868408203125 -0.41290283203125 0.164764404296875
-0.0720748901367188 -0.02252197265625 0.451446533203125 -0.2747802734375
-0.0517349243164062 0.046417236328125 0.1324462890625 -0.22589111328125
0.02252197265625 0.0875473022460938 0.00218200683593751 0.07281494140625
0.0694961547851563 0.0392646789550781 0.175643920898438 0.10968017578125
0.0787277221679688 -0.045623779296875 0.30035400390625 0.008758544921875
0.00365447998046875 -0.0811843872070312 0.338165283203125 -0.200439453125
-0.0273056030273438 -0.0763626098632813 0.250335693359375 -0.410186767578125
-0.011566162109375 -0.057525634765625 0.216461181640625 -0.416107177734375
-0.0289230346679688 -0.060394287109375 0.251434326171875 -0.386749267578125
0.024810791015625 -0.0490303039550781 0.297698974609375 -0.22735595703125
0.04681396484375 -0.00646209716796875 0.206817626953125 -0.0873260498046875
0.0314140319824219 0.0571441650390625 0.126808166503906 -0.08062744140625
-0.0323352813720703 0.0337810516357422 0.11822509765625 -0.211593627929688
-0.0457839965820313 -0.001800537109375 0.3568115234375 -0.40997314453125
-0.0101051330566406 -0.0580101013183594 0.8443603515625 -0.2186279296875
-0.361846923828125 0.108428955078125 0.41644287109375 -0.2728271484375
-0.23114013671875 0.2073974609375 0.133224487304687 -0.220413208007812
-0.030609130859375 0.326629638671875 0.0052947998046875 0.0718231201171875
0.165420532226563 0.209182739257813 0.154220581054688 0.0946044921875
0.253952026367187 0.0254974365234375 0.266525268554688 0.0298614501953125
0.166275024414063 -0.154556274414063 0.30462646484375 -0.17596435546875
0.0921630859375 -0.222915649414063 0.231292724609375 -0.365692138671875
0.128921508789063 -0.195770263671875 0.193878173828125 -0.357513427734375
0.108016967773437 -0.220962524414063 0.22760009765625 -0.340087890625
0.1954345703125 -0.132965087890625 0.250381469726563 -0.193069458007813
0.252731323242188 0.0255889892578125 0.154022216796875 -0.0651092529296875
0.183380126953125 0.228134155273438 0.0967330932617188 -0.104209899902344
-0.08404541015625 0.306060791015625 0.110946655273438 -0.25067138671875
-0.227447509765625 0.2183837890625 0.3740234375 -0.41424560546875
-0.324615478515625 0.087493896484375 0.8216552734375 -0.22467041015625
-0.60137939453125 0.22955322265625 0.296783447265625 -0.238128662109375
-0.3797607421875 0.36260986328125 0.0941009521484375 -0.174774169921875
-0.0628662109375 0.542144775390625 0.0141525268554687 0.0808639526367188
0.259613037109375 0.358917236328125 0.130668640136719 0.07415771484375
0.40948486328125 0.087982177734375 0.2110595703125 0.04193115234375
0.31097412109375 -0.212188720703125 0.232742309570313 -0.135696411132813
0.19793701171875 -0.33929443359375 0.175048828125 -0.274017333984375
0.2496337890625 -0.305389404296875 0.141448974609375 -0.244857788085938
0.228607177734375 -0.34869384765625 0.1702880859375 -0.238189697265625
0.340301513671875 -0.1976318359375 0.160003662109375 -0.1268310546875
0.428314208984375 0.0535888671875 0.0668182373046875 -0.0343017578125
0.318603515625 0.372955322265625 0.039764404296875 -0.125762939453125
-0.12109375 0.5484619140625 0.0857696533203125 -0.2784423828125
-0.37939453125 0.419219970703125 0.351104736328125 -0.3765869140625
-0.59552001953125 0.21881103515625 0.70001220703125 -0.1915283203125
-0.7569580078125 0.32867431640625 0.10455322265625 -0.170440673828125
-0.4697265625 0.497772216796875 0.0205764770507812 -0.086700439453125
-0.0569458007812501 0.70928955078125 0.0242462158203125 0.0980911254882813
0.3492431640625 0.461944580078125 0.096405029296875 0.0502166748046875
0.526580810546875 0.12799072265625 0.128387451171875 0.0498504638671875
0.414886474609375 -0.248199462890625 0.126266479492188 -0.076812744140625
0.27362060546875 -0.40899658203125 0.09228515625 -0.142349243164063
0.3333740234375 -0.3677978515625 0.0681686401367188 -0.0952301025390625
0.31256103515625 -0.420623779296875 0.0862350463867188 -0.0959091186523438
0.43206787109375 -0.23138427734375 0.0393028259277344 -0.0355186462402344
0.542572021484375 0.074859619140625 -0.0419044494628906 0.00555419921875
0.409942626953125 0.46697998046875 -0.03570556640625 -0.132598876953125
-0.13885498046875 0.716552734375 0.0471649169921875 -0.279067993164062
-0.476226806640625 0.5555419921875 0.288909912109375 -0.28741455078125
-0.77691650390625 0.310546875 0.494659423828125 -0.121368408203125
-0.80059814453125 0.38995361328125 -0.13311767578125 -0.0735015869140625
-0.48748779296875 0.57806396484375 -0.0761260986328125 0.0367584228515625
-0.0280761718750001 0.7794189453125 0.0262985229492187 0.119331359863281
0.40301513671875 0.49139404296875 0.04443359375 0.0301895141601563
0.571044921875 0.14141845703125 0.0237236022949219 0.0591964721679688
0.4544677734375 -0.25616455078125 -0.0017820596694946 -0.000391840934753434
0.307342529296875 -0.418243408203125 -0.00729465484619139 0.0126419067382812
0.36566162109375 -0.374267578125 -0.016143798828125 0.0688552856445312
0.34844970703125 -0.426727294921875 -0.0125198364257812 0.0629615783691406
0.454742431640625 -0.22296142578125 -0.090057373046875 0.0667724609375
0.56475830078125 0.0914306640625 -0.154098510742187 0.048858642578125
0.421478271484375 0.48626708984375 -0.115234375 -0.12396240234375
-0.15130615234375 0.7545166015625 0.00469970703124997 -0.24798583984375
-0.5029296875 0.58868408203125 0.197921752929687 -0.157318115234375
-0.833984375 0.34112548828125 0.240234375 -0.0273284912109375
-0.7208251953125 0.3902587890625 -0.37994384765625 0.0404052734375
-0.42236328125 0.56365966796875 -0.18206787109375 0.174484252929688
0.00427246093750005 0.712890625 0.0167083740234375 0.138572692871094
0.383087158203125 0.43359375 -0.0192241668701172 0.0200119018554688
0.5184326171875 0.12738037109375 -0.0849685668945313 0.0689468383789063
0.419952392578125 -0.224273681640625 -0.127166748046875 0.0819244384765625
0.29010009765625 -0.363861083984375 -0.103759765625 0.167739868164062
0.3394775390625 -0.32476806640625 -0.098419189453125 0.222305297851562
0.3297119140625 -0.363067626953125 -0.110702514648437 0.211807250976562
0.404632568359375 -0.17181396484375 -0.208206176757813 0.15655517578125
0.48297119140625 0.101837158203125 -0.244964599609375 0.0777587890625
0.337921142578125 0.4298095703125 -0.177291870117188 -0.106857299804687
-0.1610107421875 0.64154052734375 -0.0262451171875 -0.194305419921875
-0.4532470703125 0.497528076171875 0.0967025756835937 -0.0185089111328125
-0.75701904296875 0.30419921875 -0.0212516784667969 0.0682792663574219
-0.527740478515625 0.32440185546875 -0.59649658203125 0.15191650390625
-0.29119873046875 0.449249267578125 -0.2822265625 0.29693603515625
0.02471923828125 0.51507568359375 -0.0026397705078125 0.154296875
0.2857666015625 0.29833984375 -0.0740585327148437 0.0228042602539063
0.367218017578125 0.0921630859375 -0.169418334960937 0.07220458984375
0.31182861328125 -0.15447998046875 -0.226104736328125 0.150527954101562
0.225250244140625 -0.25152587890625 -0.18414306640625 0.296051025390625
0.260848999023437 -0.2242431640625 -0.16656494140625 0.340057373046875
0.261962890625 -0.243743896484375 -0.1934814453125 0.32574462890625
0.293304443359375 -0.09222412109375 -0.29443359375 0.21337890625
0.324493408203125 0.103057861328125 -0.2972412109375 0.07952880859375
0.19122314453125 0.31085205078125 -0.206222534179688 -0.0931091308593749
-0.1553955078125 0.42376708984375 -0.0408401489257813 -0.137641906738281
-0.33148193359375 0.319732666015625 0.00431823730468748 0.0938720703125
-0.561920166015625 0.21759033203125 -0.245956420898438 0.1458740234375
-0.255340576171875 0.204971313476562 -0.75164794921875 0.2384033203125
-0.121063232421875 0.26385498046875 -0.363037109375 0.388885498046875
0.04229736328125 0.239593505859375 -0.0240020751953125 0.1707763671875
0.142791748046875 0.11822509765625 -0.102066040039063 0.0378494262695313
0.159515380859375 0.043731689453125 -0.210540771484375 0.0660552978515625
0.153228759765625 -0.0577850341796875 -0.280441284179687 0.190277099609375
0.125343322753906 -0.0989456176757813 -0.232513427734375 0.37451171875
0.142562866210938 -0.0906219482421875 -0.20965576171875 0.4071044921875
0.156082153320313 -0.0924530029296875 -0.247894287109375 0.388885498046875
0.14678955078125 -0.0052947998046875 -0.339447021484375 0.23297119140625
0.136016845703125 0.08544921875 -0.31146240234375 0.058990478515625
0.040802001953125 0.15435791015625 -0.208877563476563 -0.084381103515625
-0.114456176757812 0.16754150390625 -0.043487548828125 -0.0913848876953125
-0.162628173828125 0.119522094726563 -0.0639801025390625 0.159652709960938
-0.28582763671875 0.108428955078125 -0.39837646484375 0.193389892578125
-0.0701675415039062 -0.0191879272460937 0.429962158203125 -0.2906494140625
-0.0488471984863281 0.0472335815429688 0.120513916015625 -0.229141235351563
0.0252761840820313 0.0848922729492188 0.00814819335937501 0.0709686279296875
0.0694465637207031 0.0380287170410156 0.174606323242188 0.0991668701171875
0.0735015869140625 -0.047088623046875 0.291351318359375 -0.003692626953125
-0.00104522705078125 -0.0769424438476563 0.324737548828125 -0.210296630859375
-0.0291366577148437 -0.0724334716796875 0.226959228515625 -0.412353515625
-0.0139083862304687 -0.0546875 0.191436767578125 -0.4202880859375
-0.0324249267578125 -0.0555496215820312 0.22698974609375 -0.394012451171875
0.0207290649414063 -0.0483741760253906 0.2843017578125 -0.237640380859375
0.0455474853515625 -0.00749969482421875 0.199447631835937 -0.092926025390625
0.03338623046875 0.0546836853027344 0.118659973144531 -0.0852584838867187
-0.0319309234619141 0.0321216583251953 0.105697631835938 -0.21307373046875
-0.0429840087890625 -0.000408172607421866 0.328125 -0.414642333984375
-0.0108184814453125 -0.0557098388671875 0.8125 -0.25006103515625
-0.347991943359375 0.12188720703125 0.3956298828125 -0.287384033203125
-0.219451904296875 0.213165283203125 0.120941162109375 -0.224151611328125
-0.014678955078125 0.32135009765625 0.0135650634765625 0.0686531066894531
0.170791625976562 0.199417114257812 0.15313720703125 0.084381103515625
0.247787475585938 0.012908935546875 0.259231567382813 0.0183868408203125
0.152999877929688 -0.155746459960938 0.292388916015625 -0.18316650390625
0.079498291015625 -0.219711303710937 0.209136962890625 -0.369781494140625
0.11785888671875 -0.198501586914062 0.172637939453125 -0.36224365234375
0.093536376953125 -0.2188720703125 0.206085205078125 -0.3472900390625
0.184677124023438 -0.137542724609375 0.239410400390625 -0.201828002929688
0.24786376953125 0.01409912109375 0.148666381835938 -0.068389892578125
0.190780639648438 0.215805053710938 0.0879745483398438 -0.107566833496094
-0.070770263671875 0.303741455078125 0.09539794921875 -0.249893188476563
-0.2130126953125 0.222930908203125 0.346343994140625 -0.420318603515625
-0.31396484375 0.101043701171875 0.7896728515625 -0.25067138671875
-0.577392578125 0.25225830078125 0.278854370117187 -0.24859619140625
-0.358306884765625 0.37261962890625 0.083709716796875 -0.178787231445312
-0.03570556640625 0.534698486328125 0.0244140625 0.0758132934570313
0.27099609375 0.340850830078125 0.130012512207031 0.0650100708007813
0.4031982421875 0.066375732421875 0.206832885742188 0.0315399169921875
0.29107666015625 -0.2188720703125 0.221817016601563 -0.1412353515625
0.17669677734375 -0.33819580078125 0.15814208984375 -0.278274536132813
0.23126220703125 -0.311004638671875 0.128021240234375 -0.249740600585938
0.20440673828125 -0.349151611328125 0.154739379882813 -0.243453979492188
0.322052001953125 -0.206512451171875 0.152816772460938 -0.132080078125
0.4205322265625 0.034027099609375 0.0649375915527344 -0.0344161987304688
0.330718994140625 0.351593017578125 0.031890869140625 -0.125877380371094
-0.0951538085937499 0.546295166015625 0.069488525390625 -0.274749755859375
-0.35546875 0.42498779296875 0.325927734375 -0.38177490234375
-0.5762939453125 0.243408203125 0.67236328125 -0.2152099609375
-0.7266845703125 0.3570556640625 0.0947113037109375 -0.175933837890625
-0.441558837890625 0.510284423828125 0.0152206420898437 -0.08978271484375
-0.021484375 0.69927978515625 0.035430908203125 0.091094970703125
0.363983154296875 0.436676025390625 0.0961151123046875 0.0423507690429688
0.52105712890625 0.09893798828125 0.127716064453125 0.0418930053710938
0.390167236328125 -0.261444091796875 0.118522644042969 -0.0784912109375
0.24713134765625 -0.408233642578125 0.0818634033203125 -0.145309448242188
0.3106689453125 -0.377105712890625 0.0635833740234375 -0.0980911254882813
0.283721923828125 -0.425018310546875 0.0796585083007813 -0.09881591796875
0.4112548828125 -0.2427978515625 0.0386848449707032 -0.0361862182617188
0.53314208984375 0.04998779296875 -0.0387802124023437 0.00949096679687501
0.42596435546875 0.4395751953125 -0.0422592163085937 -0.129905700683594
-0.10443115234375 0.7122802734375 0.0312652587890625 -0.2730712890625
-0.44659423828125 0.56427001953125 0.26995849609375 -0.291046142578125
-0.75103759765625 0.3404541015625 0.477691650390625 -0.13616943359375
-0.767333984375 0.41851806640625 -0.133659362792969 -0.0695114135742187
-0.45440673828125 0.58843994140625 -0.0746917724609375 0.0360946655273438
0.0119018554687499 0.76727294921875 0.03863525390625 0.110580444335938
0.4173583984375 0.461822509765625 0.04486083984375 0.0252952575683594
0.5667724609375 0.109619140625 0.0268936157226563 0.0553703308105469
0.42962646484375 -0.26983642578125 -0.00449705123901365 0.00110292434692381
0.278564453125 -0.42022705078125 -0.00857639312744139 0.0123252868652344
0.34124755859375 -0.3863525390625 -0.0111083984375 0.0673713684082031
0.318115234375 -0.432769775390625 -0.00897216796874998 0.0630760192871093
0.432525634765625 -0.2369384765625 -0.0839614868164062 0.07061767578125
0.555206298828125 0.06488037109375 -0.1466064453125 0.055877685546875
0.438812255859375 0.458740234375 -0.1185302734375 -0.117889404296875
-0.1146240234375 0.7493896484375 -0.00839233398437503 -0.240554809570312
-0.47222900390625 0.59613037109375 0.186920166015625 -0.160385131835937
-0.8055419921875 0.37164306640625 0.232925415039062 -0.03338623046875
-0.6905517578125 0.4166259765625 -0.369598388671875 0.05316162109375
-0.39154052734375 0.57342529296875 -0.172637939453125 0.1756591796875
0.03912353515625 0.70123291015625 0.0286102294921875 0.129936218261719
0.39410400390625 0.40740966796875 -0.0162429809570312 0.0184288024902344
0.514434814453125 0.098541259765625 -0.07818603515625 0.0691070556640625
0.399505615234375 -0.237579345703125 -0.125320434570312 0.0865097045898438
0.26483154296875 -0.36700439453125 -0.096710205078125 0.169113159179687
0.31817626953125 -0.3353271484375 -0.0850067138671875 0.223159790039062
0.302703857421875 -0.370758056640625 -0.097412109375 0.215118408203125
0.386260986328125 -0.184844970703125 -0.196197509765625 0.164108276367188
0.47576904296875 0.07733154296875 -0.23419189453125 0.0865631103515625
0.35223388671875 0.406951904296875 -0.177719116210937 -0.097869873046875
-0.12811279296875 0.6412353515625 -0.0372161865234375 -0.186477661132812
-0.42474365234375 0.505218505859375 0.0953369140625 -0.0210647583007812
-0.73248291015625 0.33355712890625 -0.0174713134765625 0.0716171264648438
-0.5057373046875 0.343536376953125 -0.57666015625 0.17132568359375
-0.26971435546875 0.454132080078125 -0.265106201171875 0.3021240234375
0.05096435546875 0.5062255859375 0.00726318359375002 0.146881103515625
0.2928466796875 0.2786865234375 -0.0693283081054687 0.0234718322753906
0.365875244140625 0.071136474609375 -0.160812377929687 0.07635498046875
0.297393798828125 -0.164337158203125 -0.219757080078125 0.157470703125
0.207290649414062 -0.254730224609375 -0.168731689453125 0.299774169921875
0.24481201171875 -0.23370361328125 -0.1461181640625 0.343292236328125
0.242782592773438 -0.251678466796875 -0.17315673828125 0.330780029296875
0.282318115234375 -0.102081298828125 -0.27880859375 0.223236083984375
0.320281982421875 0.08526611328125 -0.2867431640625 0.089752197265625
0.203521728515625 0.29522705078125 -0.20538330078125 -0.0823211669921875
-0.132965087890625 0.426239013671875 -0.0481414794921875 -0.130783081054687
-0.313720703125 0.32598876953125 0.0103378295898437 0.0919342041015625
-0.543792724609375 0.2398681640625 -0.232315063476563 0.155609130859375
-0.243621826171875 0.213027954101563 -0.72198486328125 0.2635498046875
-0.108200073242188 0.264450073242188 -0.339202880859375 0.395538330078125
0.052581787109375 0.233489990234375 -0.016204833984375 0.164306640625
0.145172119140625 0.108688354492187 -0.095703125 0.0402450561523438
0.160324096679688 0.0341339111328125 -0.201004028320312 0.0713653564453125
0.148086547851563 -0.0640106201171875 -0.270523071289063 0.197769165039063
0.11749267578125 -0.10235595703125 -0.21356201171875 0.379638671875
0.135879516601563 -0.096221923828125 -0.185333251953125 0.4114990234375
0.148178100585938 -0.0987548828125 -0.22259521484375 0.395599365234375
0.143341064453125 -0.0113525390625 -0.32244873046875 0.244171142578125
0.135581970214844 0.0763702392578125 -0.300689697265625 0.070098876953125
0.0482025146484375 0.148040771484375 -0.207565307617188 -0.07342529296875
-0.103439331054687 0.172744750976563 -0.0469818115234375 -0.0864944458007812
-0.15570068359375 0.123992919921875 -0.0533599853515625 0.158737182617188
-0.278427124023438 0.121002197265625 -0.37896728515625 0.20849609375
-0.0683212280273438 -0.0186996459960938 0.4158935546875 -0.29437255859375
-0.046783447265625 0.0473899841308594 0.114303588867187 -0.230255126953125
0.026611328125 0.0831680297851563 0.0124092102050781 0.0679779052734375
0.0693550109863281 0.0366783142089844 0.171371459960938 0.0932769775390625
0.0698776245117188 -0.0466728210449219 0.283935546875 -0.007415771484375
-0.00390625000000001 -0.0734329223632813 0.317535400390625 -0.212249755859375
-0.0306434631347656 -0.0691108703613281 0.21417236328125 -0.413787841796875
-0.014892578125 -0.0530052185058594 0.177825927734375 -0.419952392578125
-0.0338706970214844 -0.0508537292480469 0.21173095703125 -0.3963623046875
0.0183219909667969 -0.0472412109375 0.27655029296875 -0.2415771484375
0.044158935546875 -0.00798797607421875 0.194122314453125 -0.0931243896484375
0.0342559814453125 0.0532798767089844 0.113006591796875 -0.0865478515625
-0.0324897766113281 0.0308952331542969 0.0971221923828125 -0.212646484375
-0.0400772094726562 -0.000625610351562505 0.3114013671875 -0.41156005859375
-0.0101966857910156 -0.0540504455566406 0.7879638671875 -0.25592041015625
-0.337615966796875 0.12591552734375 0.38214111328125 -0.291015625
-0.21221923828125 0.21429443359375 0.11346435546875 -0.226776123046875
-0.00680541992187503 0.316650390625 0.0194358825683594 0.0643844604492188
0.172378540039063 0.193328857421875 0.149993896484375 0.07904052734375
0.2425537109375 0.007293701171875 0.25341796875 0.013946533203125
0.145401000976563 -0.1531982421875 0.2850341796875 -0.1849365234375
0.0728912353515625 -0.215408325195313 0.19635009765625 -0.36968994140625
0.1121826171875 -0.197433471679687 0.161163330078125 -0.36334228515625
0.08599853515625 -0.214126586914062 0.19415283203125 -0.348388671875
0.176803588867188 -0.138092041015625 0.233551025390625 -0.205886840820313
0.243637084960937 0.009246826171875 0.1461181640625 -0.067718505859375
0.193588256835938 0.208908081054688 0.0824432373046875 -0.108497619628906
-0.06390380859375 0.30126953125 0.0868988037109375 -0.246932983398437
-0.205123901367188 0.221755981445313 0.329132080078125 -0.41796875
-0.3067626953125 0.107452392578125 0.7657470703125 -0.25885009765625
-0.560150146484375 0.25982666015625 0.267852783203125 -0.252395629882813
-0.347137451171875 0.374420166015625 0.0771331787109375 -0.181533813476562
-0.021453857421875 0.525299072265625 0.0310401916503906 0.0697288513183594
0.273101806640625 0.329010009765625 0.127693176269531 0.0596694946289063
0.397308349609375 0.05523681640625 0.202911376953125 0.027679443359375
0.278823852539063 -0.217453002929688 0.21575927734375 -0.14129638671875
0.165252685546875 -0.333770751953125 0.147613525390625 -0.278488159179688
0.2215576171875 -0.31170654296875 0.12042236328125 -0.251022338867188
0.191070556640625 -0.345367431640625 0.1461181640625 -0.244979858398438
0.310302734375 -0.208648681640625 0.14935302734375 -0.134567260742187
0.413818359375 0.0252685546875 0.0658111572265625 -0.03302001953125
0.335113525390625 0.339599609375 0.0273208618164063 -0.125747680664062
-0.083770751953125 0.541534423828125 0.0609588623046875 -0.269683837890625
-0.34417724609375 0.42205810546875 0.31146240234375 -0.378570556640625
-0.5631103515625 0.25213623046875 0.6533203125 -0.2176513671875
-0.7049560546875 0.36651611328125 0.0876617431640624 -0.17742919921875
-0.426971435546875 0.51300048828125 0.0105056762695312 -0.0918807983398437
-0.00201416015625007 0.68939208984375 0.0425949096679688 0.083282470703125
0.365997314453125 0.42010498046875 0.095123291015625 0.038055419921875
0.513885498046875 0.083404541015625 0.126274108886719 0.037750244140625
0.375152587890625 -0.262298583984375 0.113845825195313 -0.0783843994140625
0.23040771484375 -0.404296875 0.0751190185546875 -0.145599365234375
0.29644775390625 -0.380340576171875 0.0606231689453125 -0.0998916625976563
0.26666259765625 -0.42169189453125 0.0760116577148438 -0.100624084472656
0.397552490234375 -0.247222900390625 0.0391273498535157 -0.0373878479003906
0.523284912109375 0.037567138671875 -0.0357780456542968 0.0119781494140625
0.42950439453125 0.422637939453125 -0.04510498046875 -0.128860473632812
-0.08984375 0.707275390625 0.023162841796875 -0.266036987304688
-0.43096923828125 0.5626220703125 0.259124755859375 -0.2896728515625
-0.7342529296875 0.35211181640625 0.4642333984375 -0.13824462890625
-0.7464599609375 0.42803955078125 -0.133476257324219 -0.06903076171875
-0.4368896484375 0.5919189453125 -0.0749588012695313 0.0345306396484375
0.03125 0.75408935546875 0.0462112426757813 0.102272033691406
0.42071533203125 0.44610595703125 0.0455970764160157 0.0216865539550782
0.56011962890625 0.091156005859375 0.0284271240234375 0.0517425537109375
0.413970947265625 -0.272430419921875 -0.00635004043579099 0.00323390960693358
0.2625732421875 -0.41632080078125 -0.010493278503418 0.0123414993286133
0.327392578125 -0.38922119140625 -0.00820922851562498 0.0659103393554687
0.300323486328125 -0.430511474609375 -0.00560760498046873 0.0624046325683594
0.419219970703125 -0.24072265625 -0.0795364379882812 0.071380615234375
0.54461669921875 0.051116943359375 -0.140609741210937 0.0583038330078125
0.44293212890625 0.440826416015625 -0.119529724121094 -0.11505126953125
-0.09771728515625 0.74493408203125 -0.0144500732421875 -0.233078002929687
-0.4561767578125 0.59326171875 0.18194580078125 -0.160400390625
-0.7882080078125 0.38629150390625 0.227981567382812 -0.0337982177734375
-0.67266845703125 0.42437744140625 -0.362884521484375 0.057403564453125
-0.37689208984375 0.57489013671875 -0.168594360351563 0.17510986328125
0.0582275390625 0.69049072265625 0.0347518920898438 0.121757507324219
0.397979736328125 0.392425537109375 -0.0139541625976562 0.0163602828979492
0.508270263671875 0.081329345703125 -0.0733413696289062 0.0667800903320313
0.38421630859375 -0.241943359375 -0.124435424804687 0.0897064208984375
0.25067138671875 -0.3651123046875 -0.09344482421875 0.169952392578125
0.306549072265625 -0.33935546875 -0.07659912109375 0.221923828125
0.287109375 -0.369110107421875 -0.0882415771484375 0.214752197265625
0.374847412109375 -0.188262939453125 -0.188003540039062 0.16693115234375
0.465545654296875 0.065185546875 -0.226409912109375 0.09063720703125
0.3565673828125 0.391754150390625 -0.175735473632813 -0.0936431884765625
-0.113037109375 0.6378173828125 -0.04107666015625 -0.179763793945313
-0.411773681640625 0.502899169921875 0.0952301025390625 -0.0224075317382812
-0.71600341796875 0.3458251953125 -0.0147857666015626 0.0732040405273438
-0.490997314453125 0.349365234375 -0.5631103515625 0.17645263671875
-0.25872802734375 0.453582763671875 -0.256072998046875 0.30145263671875
0.06243896484375 0.49853515625 0.0119781494140625 0.139884948730469
0.294036865234375 0.26739501953125 -0.0659294128417969 0.0225982666015625
0.362396240234375 0.05999755859375 -0.153656005859375 0.0749969482421875
0.2877197265625 -0.16766357421875 -0.2166748046875 0.161148071289063
0.197280883789063 -0.25372314453125 -0.160919189453125 0.300537109375
0.236297607421875 -0.237213134765625 -0.134185791015625 0.342529296875
0.231643676757813 -0.252944946289063 -0.15997314453125 0.332061767578125
0.273727416992188 -0.105072021484375 -0.269439697265625 0.227859497070313
0.3148193359375 0.076629638671875 -0.278167724609375 0.0930175781249999
0.2080078125 0.285858154296875 -0.20233154296875 -0.0768890380859375
-0.1201171875 0.425537109375 -0.0508499145507813 -0.125167846679687
-0.30462646484375 0.326202392578125 0.0141754150390625 0.0904006958007813
-0.533203125 0.24932861328125 -0.2227783203125 0.158798217773438
-0.238021850585938 0.215484619140625 -0.7037353515625 0.27154541015625
-0.102127075195313 0.262313842773438 -0.327117919921875 0.39752197265625
0.0565338134765625 0.229232788085938 -0.0129547119140625 0.158432006835938
0.144683837890625 0.103408813476563 -0.091461181640625 0.0397262573242188
0.158905029296875 0.0291900634765625 -0.194244384765625 0.071258544921875
0.144607543945313 -0.0661773681640625 -0.266891479492188 0.2003173828125
0.112892150878906 -0.102684020996094 -0.20318603515625 0.381134033203125
0.131332397460938 -0.0989608764648437 -0.17193603515625 0.4114990234375
0.1424560546875 -0.101287841796875 -0.207611083984375 0.3974609375
0.140121459960938 -0.014007568359375 -0.313079833984375 0.249237060546875
0.133338928222656 0.0709609985351563 -0.293792724609375 0.074493408203125
0.0519561767578125 0.143905639648438 -0.203826904296875 -0.0675048828125
-0.096038818359375 0.174530029296875 -0.0480499267578125 -0.0822525024414062
-0.151748657226563 0.12530517578125 -0.0471343994140625 0.156051635742188
-0.273544311523438 0.127182006835938 -0.36444091796875 0.21270751953125
-0.0683479309082031 -0.0181922912597656 0.414093017578125 -0.29840087890625
-0.0461540222167969 0.0470199584960938 0.111968994140625 -0.23486328125
0.0279998779296875 0.0823516845703125 0.015472412109375 0.065643310546875
0.069915771484375 0.0367774963378906 0.170394897460938 0.09112548828125
0.0682144165039063 -0.0469932556152344 0.282745361328125 -0.006927490234375
-0.00550079345703125 -0.072052001953125 0.3199462890625 -0.214874267578125
-0.030487060546875 -0.0676460266113281 0.20880126953125 -0.418609619140625
-0.0155830383300781 -0.0523452758789062 0.172119140625 -0.426605224609375
-0.03472900390625 -0.0487327575683594 0.206878662109375 -0.402130126953125
0.0167503356933594 -0.0475807189941406 0.276870727539063 -0.24786376953125
0.0445175170898438 -0.00836181640625 0.194549560546875 -0.0927276611328125
0.0354728698730469 0.0528068542480469 0.110137939453125 -0.0877227783203125
-0.0337162017822266 0.0299224853515625 0.092620849609375 -0.214691162109375
-0.0386009216308594 -0.00101470947265624 0.306304931640625 -0.41229248046875
-0.00926589965820313 -0.0539779663085938 0.78375244140625 -0.25775146484375
-0.33636474609375 0.128662109375 0.3798828125 -0.29559326171875
-0.211410522460938 0.216110229492188 0.11004638671875 -0.230972290039063
-0.00268554687499999 0.31683349609375 0.0236015319824219 0.0600395202636719
0.174530029296875 0.192596435546875 0.149826049804688 0.0766754150390625
0.241836547851563 0.0043182373046875 0.252792358398437 0.0138702392578125
0.142852783203125 -0.152435302734375 0.286407470703125 -0.18743896484375
0.0707244873046875 -0.214202880859375 0.19183349609375 -0.374725341796875
0.11065673828125 -0.199325561523437 0.15618896484375 -0.369293212890625
0.0831756591796875 -0.21295166015625 0.189300537109375 -0.354583740234375
0.174835205078125 -0.138702392578125 0.233734130859375 -0.210647583007812
0.243820190429688 0.007659912109375 0.148193359375 -0.067230224609375
0.196990966796875 0.207107543945313 0.0800399780273438 -0.111076354980469
-0.063232421875 0.302642822265625 0.08282470703125 -0.248260498046875
-0.203659057617187 0.222808837890625 0.325286865234375 -0.4183349609375
-0.30731201171875 0.1114501953125 0.76239013671875 -0.25958251953125
-0.558319091796875 0.264373779296875 0.264434814453125 -0.256546020507812
-0.346038818359375 0.37847900390625 0.073211669921875 -0.185821533203125
-0.01385498046875 0.52740478515625 0.0363349914550781 0.06439208984375
0.27685546875 0.326812744140625 0.127723693847656 0.056976318359375
0.397430419921875 0.05029296875 0.202835083007813 0.0263519287109375
0.274322509765625 -0.217422485351562 0.215682983398438 -0.142501831054688
0.160736083984375 -0.33203125 0.142822265625 -0.2825927734375
0.219482421875 -0.317047119140625 0.116683959960938 -0.254989624023438
0.186798095703125 -0.34600830078125 0.143264770507813 -0.249481201171875
0.30810546875 -0.210693359375 0.1502685546875 -0.138336181640625
0.41436767578125 0.02166748046875 0.0677528381347657 -0.0319671630859375
0.34149169921875 0.33782958984375 0.024871826171875 -0.128486633300781
-0.07989501953125 0.546356201171875 0.0569000244140625 -0.2691650390625
-0.3426513671875 0.424530029296875 0.30780029296875 -0.37921142578125
-0.56524658203125 0.2598876953125 0.65081787109375 -0.2186279296875
-0.702880859375 0.37481689453125 0.0852966308593749 -0.180343627929687
-0.42559814453125 0.518524169921875 0.00707244873046873 -0.0949325561523437
0.00628662109375004 0.689697265625 0.0479507446289063 0.0764694213867188
0.372039794921875 0.418426513671875 0.0952987670898438 0.0352554321289063
0.516021728515625 0.075958251953125 0.127357482910156 0.0365219116210938
0.370574951171875 -0.262908935546875 0.113151550292969 -0.0774993896484375
0.2264404296875 -0.40472412109375 0.0716400146484375 -0.14703369140625
0.295440673828125 -0.38653564453125 0.0599288940429688 -0.102500915527344
0.260589599609375 -0.4246826171875 0.0758895874023438 -0.103584289550781
0.3936767578125 -0.249664306640625 0.0406036376953125 -0.0384902954101563
0.52435302734375 0.0341796875 -0.0330219268798828 0.013763427734375
0.4368896484375 0.420257568359375 -0.0469512939453125 -0.130836486816406
-0.0827636718749999 0.71380615234375 0.020660400390625 -0.26422119140625
-0.43133544921875 0.56500244140625 0.25750732421875 -0.289703369140625
-0.735107421875 0.3626708984375 0.46392822265625 -0.136322021484375
-0.7425537109375 0.436767578125 -0.134658813476563 -0.0701141357421875
-0.43597412109375 0.60003662109375 -0.0778121948242188 0.0330352783203125
0.041748046875 0.7581787109375 0.0507049560546875 0.0953903198242188
0.425323486328125 0.442718505859375 0.0465965270996094 0.0190620422363282
0.56292724609375 0.082763671875 0.0306243896484375 0.0502548217773438
0.409454345703125 -0.275360107421875 -0.00794172286987302 0.00532388687133787
0.256744384765625 -0.417144775390625 -0.0119819641113281 0.012420654296875
0.325653076171875 -0.397308349609375 -0.00680541992187498 0.0657119750976562
0.2935791015625 -0.433563232421875 -0.00396347045898435 0.061614990234375
0.416595458984375 -0.2432861328125 -0.0779037475585937 0.0724258422851562
0.544586181640625 0.045379638671875 -0.137702941894531 0.0608673095703125
0.450836181640625 0.43756103515625 -0.120979309082031 -0.116355895996094
-0.087890625 0.751953125 -0.0168914794921875 -0.229721069335937
-0.45513916015625 0.59674072265625 0.182403564453125 -0.160690307617187
-0.789306640625 0.39691162109375 0.228302001953125 -0.0314788818359375
-0.66912841796875 0.43292236328125 -0.36279296875 0.057708740234375
-0.37457275390625 0.58172607421875 -0.169204711914063 0.176681518554688
0.0650634765625001 0.6925048828125 0.0382614135742188 0.115577697753906
0.4019775390625 0.3878173828125 -0.0130605697631836 0.0138721466064453
0.512176513671875 0.073699951171875 -0.0716476440429687 0.065032958984375
0.381256103515625 -0.243804931640625 -0.125526428222656 0.0926971435546875
0.246124267578125 -0.366363525390625 -0.0940093994140625 0.172897338867187
0.304107666015625 -0.346893310546875 -0.072662353515625 0.223785400390625
0.28240966796875 -0.374267578125 -0.0843505859375 0.217025756835937
0.37237548828125 -0.19110107421875 -0.185562133789062 0.16998291015625
0.46588134765625 0.0621337890625 -0.2239990234375 0.092376708984375
0.36328125 0.389190673828125 -0.176544189453125 -0.094085693359375
-0.10479736328125 0.64532470703125 -0.0426788330078125 -0.176712036132812
-0.410369873046875 0.507110595703125 0.0968475341796875 -0.0229721069335937
-0.71990966796875 0.35650634765625 -0.0122222900390625 0.0752410888671875
-0.491302490234375 0.3565673828125 -0.56256103515625 0.18048095703125
-0.2576904296875 0.458648681640625 -0.2548828125 0.305755615234375
0.06878662109375 0.500640869140625 0.0137481689453125 0.136146545410156
0.297332763671875 0.26513671875 -0.0648117065429687 0.0214996337890625
0.36566162109375 0.05499267578125 -0.15264892578125 0.073272705078125
0.286285400390625 -0.169921875 -0.2193603515625 0.164901733398438
0.194808959960938 -0.255874633789063 -0.15948486328125 0.305999755859375
0.235687255859375 -0.243392944335938 -0.1287841796875 0.347564697265625
0.229339599609375 -0.255355834960938 -0.15380859375 0.3350830078125
0.27301025390625 -0.107009887695313 -0.266754150390625 0.232650756835938
0.314453125 0.07354736328125 -0.27679443359375 0.0958709716796874
0.21246337890625 0.283599853515625 -0.202865600585938 -0.0762481689453125
-0.113983154296875 0.430755615234375 -0.0508575439453125 -0.123092651367187
-0.305511474609375 0.32855224609375 0.0171279907226562 0.0897064208984375
-0.5343017578125 0.2568359375 -0.219451904296875 0.161361694335938
-0.237838745117188 0.218185424804688 -0.70166015625 0.275390625
-0.10137939453125 0.264816284179688 -0.32427978515625 0.401092529296875
0.05810546875 0.231033325195312 -0.0131988525390625 0.157241821289063
0.144943237304688 0.101898193359375 -0.0896682739257812 0.0393524169921875
0.161270141601563 0.027069091796875 -0.192611694335937 0.0697479248046875
0.145065307617188 -0.0683135986328125 -0.269241333007813 0.204483032226563
0.1114501953125 -0.1041259765625 -0.199493408203125 0.3870849609375
0.131546020507813 -0.102218627929688 -0.16668701171875 0.417510986328125
0.14154052734375 -0.104248046875 -0.20098876953125 0.401824951171875
0.140449523925781 -0.0151443481445313 -0.31060791015625 0.25457763671875
0.133453369140625 0.0693283081054687 -0.29315185546875 0.0755920410156249
0.0537872314453125 0.143142700195312 -0.202957153320313 -0.0657196044921875
-0.0924835205078125 0.178085327148438 -0.0482864379882813 -0.08026123046875
-0.152877807617188 0.12774658203125 -0.043212890625 0.157012939453125
-0.274337768554688 0.1312255859375 -0.36102294921875 0.214874267578125
-0.0693359375 -0.0172233581542969 0.417816162109375 -0.31365966796875
-0.0461387634277344 0.0481224060058594 0.109344482421875 -0.246749877929688
0.03106689453125 0.0825119018554688 0.0180778503417969 0.0638084411621094
0.0727157592773438 0.0369186401367188 0.175003051757813 0.0894775390625
0.0671920776367187 -0.0490341186523437 0.289642333984375 -0.0098876953125
-0.007080078125 -0.0726852416992188 0.326812744140625 -0.227386474609375
-0.0323753356933594 -0.0672035217285156 0.203643798828125 -0.43499755859375
-0.0170860290527344 -0.0521316528320313 0.1661376953125 -0.44403076171875
-0.0368576049804687 -0.0464515686035156 0.202484130859375 -0.41949462890625
0.0152168273925781 -0.0480537414550781 0.280303955078125 -0.261993408203125
0.0454521179199219 -0.00910568237304688 0.199142456054688 -0.0966644287109375
0.0380096435546875 0.0534934997558594 0.109054565429687 -0.0919570922851563
-0.0356826782226562 0.0311927795410156 0.0878448486328125 -0.2218017578125
-0.0378265380859375 -0.00116348266601562 0.30389404296875 -0.424896240234375
-0.009368896484375 -0.0541496276855469 0.79638671875 -0.27069091796875
-0.34100341796875 0.13714599609375 0.38214111328125 -0.30963134765625
-0.212722778320313 0.22540283203125 0.10662841796875 -0.2421875
0.00564575195312502 0.324676513671875 0.0276832580566406 0.0562362670898438
0.182723999023438 0.193634033203125 0.152999877929688 0.0742950439453125
0.246734619140625 -0.0008392333984375 0.2593994140625 0.01165771484375
0.1414794921875 -0.15582275390625 0.293243408203125 -0.19659423828125
0.068603515625 -0.21826171875 0.186676025390625 -0.391204833984375
0.110260009765625 -0.207199096679688 0.1512451171875 -0.384918212890625
0.0801544189453125 -0.217636108398437 0.186431884765625 -0.37091064453125
0.175430297851563 -0.14459228515625 0.237396240234375 -0.2222900390625
0.249984741210938 0.003204345703125 0.152359008789063 -0.06927490234375
0.207366943359375 0.208831787109375 0.0778961181640625 -0.116401672363281
-0.060546875 0.313873291015625 0.0783233642578125 -0.2540283203125
-0.205642700195312 0.23046875 0.32421875 -0.431427001953125
-0.313385009765625 0.120819091796875 0.77587890625 -0.2733154296875
-0.56640625 0.27886962890625 0.266128540039062 -0.267852783203125
-0.34783935546875 0.394500732421875 0.0691070556640625 -0.1944580078125
-0.00256347656249998 0.539764404296875 0.0410690307617188 0.0589828491210938
0.28912353515625 0.329254150390625 0.130287170410156 0.0542678833007813
0.4058837890625 0.0423583984375 0.208999633789063 0.0241851806640625
0.27581787109375 -0.22467041015625 0.220611572265625 -0.149032592773438
0.158355712890625 -0.34051513671875 0.137908935546875 -0.294158935546875
0.220123291015625 -0.33160400390625 0.113967895507813 -0.26763916015625
0.184661865234375 -0.355438232421875 0.141952514648438 -0.260955810546875
0.311126708984375 -0.2196044921875 0.153274536132813 -0.146514892578125
0.4254150390625 0.015777587890625 0.0716400146484375 -0.0318756103515625
0.35772705078125 0.3387451171875 0.0215377807617188 -0.133758544921875
-0.07177734375 0.56524658203125 0.052703857421875 -0.273773193359375
-0.346832275390625 0.440643310546875 0.309112548828125 -0.391357421875
-0.5750732421875 0.277587890625 0.66314697265625 -0.22930908203125
-0.7115478515625 0.39337158203125 0.0836029052734375 -0.18701171875
-0.4278564453125 0.542083740234375 0.00289154052734372 -0.0997085571289062
0.02288818359375 0.707763671875 0.0533256530761719 0.0701751708984375
0.388580322265625 0.419342041015625 0.0980606079101563 0.0325775146484375
0.527923583984375 0.0675048828125 0.13201904296875 0.0341873168945313
0.37274169921875 -0.271331787109375 0.115501403808594 -0.0804519653320313
0.2236328125 -0.415924072265625 0.06756591796875 -0.153732299804688
0.295013427734375 -0.40533447265625 0.0598220825195313 -0.108741760253906
0.25848388671875 -0.43756103515625 0.076385498046875 -0.110107421875
0.397369384765625 -0.261199951171875 0.0430679321289063 -0.0417938232421875
0.537506103515625 0.025543212890625 -0.0301933288574218 0.0156574249267578
0.45855712890625 0.422210693359375 -0.0516128540039062 -0.135787963867187
-0.0704345703125 0.73712158203125 0.01629638671875 -0.267593383789063
-0.4361572265625 0.5860595703125 0.25921630859375 -0.298919677734375
-0.74755859375 0.387451171875 0.4735107421875 -0.142974853515625
-0.75396728515625 0.45965576171875 -0.139358520507813 -0.0709381103515625
-0.43829345703125 0.62518310546875 -0.0814971923828125 0.0343780517578125
0.0599365234375 0.7750244140625 0.0563278198242188 0.0904769897460938
0.44549560546875 0.4442138671875 0.0485038757324219 0.0167579650878906
0.57861328125 0.07171630859375 0.03363037109375 0.0484580993652344
0.41314697265625 -0.2860107421875 -0.00837182998657224 0.00718736648559568
0.25506591796875 -0.430816650390625 -0.0145473480224609 0.0129232406616211
0.325653076171875 -0.41729736328125 -0.00448226928710935 0.0667266845703125
0.29254150390625 -0.44818115234375 -0.000213623046874989 0.0619125366210937
0.42059326171875 -0.25457763671875 -0.07733154296875 0.075439453125
0.559173583984375 0.036865234375 -0.137229919433594 0.0652236938476563
0.47137451171875 0.44049072265625 -0.126670837402344 -0.119483947753906
-0.075927734375 0.77655029296875 -0.0210418701171875 -0.232147216796875
-0.4599609375 0.619140625 0.185104370117187 -0.166366577148437
-0.80419921875 0.423583984375 0.234893798828125 -0.033172607421875
-0.6788330078125 0.45574951171875 -0.369720458984375 0.063934326171875
-0.37603759765625 0.6055908203125 -0.1717529296875 0.184524536132813
0.08392333984375 0.70989990234375 0.042694091796875 0.1134033203125
0.419097900390625 0.389404296875 -0.0117444992065429 0.0129108428955078
0.5263671875 0.063690185546875 -0.0714340209960937 0.0644989013671875
0.38531494140625 -0.2542724609375 -0.129905700683594 0.0994338989257812
0.24420166015625 -0.3773193359375 -0.0937652587890625 0.180038452148438
0.306365966796875 -0.365386962890625 -0.0684814453125 0.231277465820312
0.281890869140625 -0.3883056640625 -0.0789794921875 0.223648071289062
0.37689208984375 -0.200439453125 -0.186660766601562 0.177871704101562
0.477874755859375 0.05474853515625 -0.225555419921875 0.098358154296875
0.380401611328125 0.391265869140625 -0.182708740234375 -0.095184326171875
-0.0916748046875 0.6671142578125 -0.045501708984375 -0.177505493164063
-0.415252685546875 0.52679443359375 0.101249694824219 -0.0247650146484375
-0.73095703125 0.37939453125 -0.00958251953125004 0.078765869140625
-0.498138427734375 0.373504638671875 -0.5714111328125 0.1922607421875
-0.2579345703125 0.4766845703125 -0.257232666015625 0.318817138671875
0.080474853515625 0.51544189453125 0.0167007446289062 0.135658264160156
0.309844970703125 0.26605224609375 -0.0636329650878906 0.0215568542480469
0.37750244140625 0.047454833984375 -0.154571533203125 0.073089599609375
0.29034423828125 -0.1778564453125 -0.225830078125 0.174468994140625
0.193923950195313 -0.264450073242188 -0.15771484375 0.318756103515625
0.23779296875 -0.256576538085938 -0.122802734375 0.360748291015625
0.230010986328125 -0.2669677734375 -0.147430419921875 0.347076416015625
0.2779541015625 -0.113052368164063 -0.268447875976563 0.244979858398437
0.3218994140625 0.069122314453125 -0.28082275390625 0.100692749023437
0.2235107421875 0.28533935546875 -0.208358764648438 -0.0758819580078125
-0.106597900390625 0.44598388671875 -0.0528335571289063 -0.122123718261719
-0.3094482421875 0.341156005859375 0.0218887329101562 0.0908279418945313
-0.544769287109375 0.274932861328125 -0.220077514648438 0.168350219726563
-0.2421875 0.22833251953125 -0.71356201171875 0.29107666015625
-0.100814819335937 0.273941040039063 -0.32696533203125 0.417388916015625
0.0631103515625 0.238372802734375 -0.011810302734375 0.161392211914063
0.1494140625 0.102264404296875 -0.0895843505859375 0.0406723022460937
0.168228149414063 0.0244903564453125 -0.196121215820313 0.071014404296875
0.14727783203125 -0.0725250244140625 -0.277572631835938 0.215301513671875
0.112548828125 -0.109184265136719 -0.197540283203125 0.40484619140625
0.133651733398438 -0.109748840332031 -0.1597900390625 0.43389892578125
0.143325805664063 -0.110275268554688 -0.1949462890625 0.41748046875
0.143157958984375 -0.0170440673828125 -0.313385009765625 0.268280029296875
0.136398315429688 0.0682525634765625 -0.298553466796875 0.0809326171874999
0.0581817626953125 0.144256591796875 -0.207839965820313 -0.063629150390625
-0.088043212890625 0.18597412109375 -0.0489349365234375 -0.0796051025390625
-0.154800415039063 0.133636474609375 -0.0386810302734375 0.160140991210938
-0.2803955078125 0.140792846679688 -0.36407470703125 0.2244873046875
-0.0712890625 -0.0144882202148437 0.4171142578125 -0.339569091796875
-0.0442771911621094 0.0501060485839844 0.099212646484375 -0.26019287109375
0.0358734130859375 0.081512451171875 0.022430419921875 0.0616569519042969
0.0767745971679688 0.0347671508789063 0.180984497070313 0.0844268798828125
0.0659065246582031 -0.0529632568359375 0.297576904296875 -0.01953125
-0.011505126953125 -0.0734024047851562 0.3289794921875 -0.248291015625
-0.035614013671875 -0.066650390625 0.189453125 -0.458770751953125
-0.0196800231933594 -0.0522956848144531 0.1480712890625 -0.467193603515625
-0.0397911071777344 -0.0439300537109375 0.187652587890625 -0.444000244140625
0.0124702453613281 -0.0501136779785156 0.2784423828125 -0.284210205078125
0.0459632873535156 -0.011993408203125 0.202224731445312 -0.104965209960937
0.0422821044921875 0.0524024963378906 0.106086730957031 -0.0988006591796875
-0.0370140075683594 0.0336189270019531 0.077880859375 -0.231170654296875
-0.0370559692382813 -0.000923156738281248 0.293792724609375 -0.4459228515625
-0.0105133056640625 -0.0554161071777344 0.80572509765625 -0.30609130859375
-0.34521484375 0.154937744140625 0.380218505859375 -0.33380126953125
-0.208999633789062 0.240219116210937 0.0966949462890625 -0.256271362304687
0.019622802734375 0.330963134765625 0.0319290161132812 0.0516433715820313
0.19580078125 0.191452026367188 0.158920288085938 0.0688629150390625
0.251983642578125 -0.0117950439453125 0.268157958984375 0.003082275390625
0.138656616210938 -0.16473388671875 0.295318603515625 -0.215789794921875
0.0615081787109375 -0.226181030273438 0.173492431640625 -0.412322998046875
0.104949951171875 -0.219696044921875 0.13702392578125 -0.406463623046875
0.073150634765625 -0.22552490234375 0.173797607421875 -0.39263916015625
0.173965454101563 -0.154953002929688 0.235855102539063 -0.242019653320313
0.257492065429688 -0.0066070556640625 0.156570434570313 -0.0760498046875
0.223922729492188 0.205581665039063 0.0728836059570313 -0.123435974121094
-0.04937744140625 0.32733154296875 0.0681304931640625 -0.262969970703125
-0.20263671875 0.244476318359375 0.315216064453125 -0.4521484375
-0.316375732421875 0.13909912109375 0.78668212890625 -0.30621337890625
-0.57037353515625 0.30999755859375 0.260711669921875 -0.286773681640625
-0.342071533203125 0.421661376953125 0.0592193603515625 -0.20538330078125
0.02069091796875 0.554290771484375 0.0462913513183594 0.0527229309082032
0.311187744140625 0.32568359375 0.135566711425781 0.04876708984375
0.418243408203125 0.02520751953125 0.21673583984375 0.0161895751953125
0.272628784179688 -0.240402221679688 0.222976684570313 -0.162811279296875
0.14788818359375 -0.35528564453125 0.12689208984375 -0.3092041015625
0.212677001953125 -0.353546142578125 0.1041259765625 -0.283599853515625
0.174072265625 -0.372283935546875 0.134185791015625 -0.279632568359375
0.309844970703125 -0.23760986328125 0.152969360351563 -0.1595458984375
0.43768310546875 -0.001434326171875 0.0760879516601563 -0.0351104736328125
0.38446044921875 0.334381103515625 0.0142822265625 -0.1412353515625
-0.0491333007812499 0.58709716796875 0.0421142578125 -0.281982421875
-0.339813232421875 0.46575927734375 0.302001953125 -0.411590576171875
-0.581298828125 0.31292724609375 0.67340087890625 -0.2545166015625
-0.7156982421875 0.4354248046875 0.0774383544921875 -0.197601318359375
-0.4171142578125 0.5755615234375 -0.00405883789062501 -0.105194091796875
0.0557861328125 0.72509765625 0.0590362548828125 0.0639419555664063
0.41632080078125 0.41522216796875 0.102149963378906 0.0270233154296875
0.547119140625 0.04278564453125 0.138587951660156 0.0287704467773438
0.37115478515625 -0.293243408203125 0.116935729980469 -0.086700439453125
0.21240234375 -0.435211181640625 0.0594635009765625 -0.161575317382813
0.288421630859375 -0.434783935546875 0.0564956665039063 -0.117019653320313
0.24725341796875 -0.45953369140625 0.0747833251953125 -0.119720458984375
0.39825439453125 -0.282470703125 0.0427398681640625 -0.0458946228027344
0.55438232421875 0.003326416015625 -0.0273399353027343 0.0172901153564453
0.492523193359375 0.414642333984375 -0.0608901977539062 -0.140457153320312
-0.03961181640625 0.7657470703125 0.0064849853515625 -0.274185180664062
-0.42620849609375 0.61895751953125 0.255859375 -0.31610107421875
-0.75634765625 0.43157958984375 0.4825439453125 -0.161865234375
-0.75506591796875 0.50286865234375 -0.147079467773438 -0.069091796875
-0.42498779296875 0.66363525390625 -0.0849075317382813 0.0375213623046875
0.0974121093749999 0.7960205078125 0.0623016357421875 0.0844802856445313
0.4766845703125 0.437225341796875 0.0520744323730469 0.012420654296875
0.5989990234375 0.04583740234375 0.0372047424316407 0.0465888977050781
0.412200927734375 -0.310150146484375 -0.00842761993408201 0.00890827178955076
0.244537353515625 -0.45208740234375 -0.0170164108276367 0.0147743225097656
0.319122314453125 -0.449615478515625 -0.000339508056640599 0.0671615600585937
0.281402587890625 -0.474456787109375 0.00397872924804689 0.0607795715332031
0.422332763671875 -0.277862548828125 -0.0749130249023437 0.0802536010742187
0.57550048828125 0.015625 -0.135101318359375 0.0724258422851562
0.504913330078125 0.432708740234375 -0.13677978515625 -0.121528625488281
-0.04229736328125 0.806640625 -0.0291595458984375 -0.23583984375
-0.45062255859375 0.6552734375 0.185791015625 -0.177810668945312
-0.812744140625 0.4703369140625 0.242019653320312 -0.0410919189453125
-0.6810302734375 0.49444580078125 -0.377349853515625 0.078643798828125
-0.364990234375 0.641845703125 -0.17071533203125 0.196212768554688
0.1171875 0.73089599609375 0.0491867065429688 0.10955810546875
0.447662353515625 0.38287353515625 -0.00925636291503903 0.0114011764526367
0.545440673828125 0.04034423828125 -0.0701828002929687 0.0663604736328125
0.386474609375 -0.27716064453125 -0.131294250488281 0.109291076660156
0.23529052734375 -0.39703369140625 -0.0903167724609375 0.191207885742187
0.30010986328125 -0.394927978515625 -0.0578155517578125 0.2415771484375
0.2733154296875 -0.41253662109375 -0.0684356689453125 0.231689453125
0.37939453125 -0.220458984375 -0.182861328125 0.191726684570313
0.493896484375 0.036712646484375 -0.226150512695312 0.10943603515625
0.41107177734375 0.38751220703125 -0.192657470703125 -0.0931549072265625
-0.064453125 0.6937255859375 -0.0518035888671875 -0.178466796875
-0.408599853515625 0.556884765625 0.105583190917969 -0.0296478271484375
-0.7396240234375 0.42327880859375 -0.0048751831054688 0.082000732421875
-0.499603271484375 0.402496337890625 -0.578369140625 0.2183837890625
-0.24664306640625 0.504364013671875 -0.25262451171875 0.339569091796875
0.10455322265625 0.528900146484375 0.022430419921875 0.136695861816406
0.328857421875 0.260833740234375 -0.0626335144042969 0.0231742858886719
0.392578125 0.0296630859375 -0.156005859375 0.079193115234375
0.292083740234375 -0.19500732421875 -0.227920532226563 0.191253662109375
0.1876220703125 -0.278671264648438 -0.14984130859375 0.337677001953125
0.234222412109375 -0.278427124023438 -0.107818603515625 0.37774658203125
0.22491455078125 -0.2860107421875 -0.132965087890625 0.36376953125
0.280227661132813 -0.126266479492188 -0.265029907226563 0.26361083984375
0.333099365234375 0.058258056640625 -0.283477783203125 0.114532470703125
0.2427978515625 0.284393310546875 -0.21710205078125 -0.0708770751953124
-0.087493896484375 0.466278076171875 -0.05718994140625 -0.122123718261719
-0.30682373046875 0.363433837890625 0.0300064086914062 0.0914688110351563
-0.550262451171875 0.308380126953125 -0.217315673828125 0.180877685546875
-0.242111206054687 0.243621826171875 -0.71990966796875 0.32568359375
-0.09429931640625 0.28668212890625 -0.317779541015625 0.445465087890625
0.0739288330078125 0.2452392578125 -0.006805419921875 0.16583251953125
0.157546997070312 0.0998382568359375 -0.0884857177734375 0.0446548461914062
0.175857543945313 0.016876220703125 -0.200836181640625 0.07781982421875
0.150192260742188 -0.0811920166015625 -0.280654907226562 0.235809326171875
0.110755920410156 -0.11627197265625 -0.18572998046875 0.42877197265625
0.132415771484375 -0.120460510253906 -0.142608642578125 0.45648193359375
0.142868041992188 -0.121749877929687 -0.178802490234375 0.439605712890625
0.147018432617188 -0.023162841796875 -0.309967041015625 0.291290283203125
0.14202880859375 0.06463623046875 -0.3035888671875 0.093780517578125
0.06646728515625 0.145675659179688 -0.215194702148438 -0.057220458984375
-0.0802459716796875 0.195526123046875 -0.0515289306640625 -0.0784454345703125
-0.154678344726563 0.144241333007813 -0.0301055908203125 0.164581298828125
-0.283172607421875 0.157989501953125 -0.363250732421875 0.243316650390625
-0.0713882446289062 -0.00966644287109375 0.40325927734375 -0.365814208984375
-0.0412864685058594 0.0519485473632813 0.0820159912109375 -0.271148681640625
0.040557861328125 0.077178955078125 0.0261993408203125 0.05694580078125
0.0798721313476563 0.0309219360351563 0.185348510742188 0.0733795166015625
0.061798095703125 -0.0572700500488281 0.301666259765625 -0.03564453125
-0.016845703125 -0.0718612670898438 0.32080078125 -0.27301025390625
-0.0391006469726563 -0.0648384094238281 0.1622314453125 -0.476806640625
-0.0222091674804688 -0.051422119140625 0.117340087890625 -0.4852294921875
-0.0425758361816406 -0.0396080017089844 0.160064697265625 -0.46343994140625
0.00852203369140625 -0.0506095886230469 0.264404296875 -0.30804443359375
0.045928955078125 -0.0151252746582031 0.201309204101563 -0.117172241210938
0.0472488403320313 0.0495681762695313 0.0997772216796875 -0.105667114257813
-0.0362052917480469 0.0372047424316406 0.0615692138671875 -0.237274169921875
-0.0353965759277344 0.000133514404296879 0.270111083984375 -0.465850830078125
-0.0121803283691406 -0.0542869567871094 0.79736328125 -0.35076904296875
-0.338623046875 0.176605224609375 0.3642578125 -0.3587646484375
-0.196304321289063 0.254928588867188 0.0785675048828124 -0.26678466796875
0.040802001953125 0.33099365234375 0.0355148315429688 0.0451736450195313
0.209320068359375 0.18121337890625 0.163238525390625 0.058837890625
0.252670288085938 -0.027252197265625 0.273162841796875 -0.01226806640625
0.129180908203125 -0.173110961914063 0.288818359375 -0.237518310546875
0.048919677734375 -0.231964111328125 0.146728515625 -0.42913818359375
0.0933837890625 -0.230300903320313 0.110565185546875 -0.42315673828125
0.060882568359375 -0.230987548828125 0.14971923828125 -0.4134521484375
0.1651611328125 -0.166702270507813 0.225128173828125 -0.263137817382813
0.260452270507813 -0.0223388671875 0.157791137695313 -0.0859527587890625
0.240692138671875 0.194107055664063 0.0635833740234375 -0.13043212890625
-0.0299072265625 0.336456298828125 0.0514068603515625 -0.268783569335938
-0.190628051757812 0.258819580078125 0.29345703125 -0.473785400390625
-0.31231689453125 0.160614013671875 0.77935791015625 -0.34906005859375
-0.557373046875 0.34814453125 0.246429443359375 -0.305023193359375
-0.3193359375 0.445526123046875 0.0435333251953125 -0.212875366210937
0.05694580078125 0.55804443359375 0.0500869750976563 0.0445365905761719
0.33343505859375 0.310546875 0.139442443847656 0.0389633178710938
0.423187255859375 -0.001495361328125 0.221649169921875 0.00341796875
0.260726928710938 -0.257034301757813 0.217254638671875 -0.17919921875
0.128936767578125 -0.3675537109375 0.105377197265625 -0.321868896484375
0.194091796875 -0.375091552734375 0.085540771484375 -0.296478271484375
0.15399169921875 -0.387451171875 0.1168212890625 -0.295257568359375
0.299285888671875 -0.25848388671875 0.145553588867188 -0.17327880859375
0.44390869140625 -0.02777099609375 0.0788040161132813 -0.0399093627929688
0.410797119140625 0.31494140625 0.00263977050781254 -0.145431518554687
-0.01275634765625 0.6015625 0.02569580078125 -0.285491943359375
-0.318695068359375 0.490325927734375 0.28277587890625 -0.4312744140625
-0.568603515625 0.35260009765625 0.66729736328125 -0.2928466796875
-0.69854736328125 0.4810791015625 0.0655517578124999 -0.20477294921875
-0.38812255859375 0.6094970703125 -0.0139694213867188 -0.107192993164062
0.10260009765625 0.7305908203125 0.0636825561523438 0.0543708801269532
0.44525146484375 0.394012451171875 0.104461669921875 0.0185089111328125
0.55462646484375 0.006805419921875 0.142990112304688 0.0193939208984375
0.35614013671875 -0.317626953125 0.113914489746094 -0.0949935913085938
0.18792724609375 -0.4503173828125 0.0473480224609375 -0.166656494140625
0.263885498046875 -0.461181640625 0.0492782592773438 -0.124000549316406
0.221832275390625 -0.483245849609375 0.0682144165039063 -0.130813598632813
0.386077880859375 -0.309478759765625 0.0423088073730469 -0.050628662109375
0.561676025390625 -0.028076171875 -0.0230350494384765 0.0189800262451172
0.525238037109375 0.3912353515625 -0.073272705078125 -0.141342163085937
0.00866699218749994 0.7794189453125 -0.00880432128906251 -0.275970458984375
-0.39727783203125 0.6512451171875 0.24237060546875 -0.332672119140625
-0.73980712890625 0.48382568359375 0.480133056640625 -0.18768310546875
-0.73687744140625 0.55426025390625 -0.15283203125 -0.0634002685546875
-0.3900146484375 0.69818115234375 -0.0861740112304688 0.0426025390625
0.1502685546875 0.80224609375 0.0683441162109375 0.0761795043945313
0.508087158203125 0.413726806640625 0.0544586181640625 0.00670623779296878
0.6080322265625 0.00628662109375 0.0414237976074219 0.0425872802734375
0.397979736328125 -0.33673095703125 -0.00787448883056638 0.0107069015502929
0.219512939453125 -0.469512939453125 -0.0184345245361328 0.0172748565673828
0.294036865234375 -0.48052978515625 0.00491714477539064 0.0664215087890625
0.255096435546875 -0.499420166015625 0.00902938842773439 0.0572624206542968
0.4110107421875 -0.30548095703125 -0.070098876953125 0.0855331420898437
0.5833740234375 -0.01776123046875 -0.130058288574219 0.0801315307617188
0.538604736328125 0.407623291015625 -0.148345947265625 -0.117462158203125
0.0116577148437499 0.82135009765625 -0.041748046875 -0.235397338867187
-0.4207763671875 0.68853759765625 0.18035888671875 -0.189788818359375
-0.79400634765625 0.5289306640625 0.244277954101562 -0.0540313720703125
-0.662353515625 0.54168701171875 -0.376739501953125 0.0996398925781251
-0.33111572265625 0.673828125 -0.162216186523438 0.210205078125
0.16632080078125 0.73614501953125 0.0565338134765625 0.1044921875
0.47589111328125 0.36090087890625 -0.00673198699951169 0.00898075103759768
0.556182861328125 0.003936767578125 -0.0665168762207031 0.069061279296875
0.374755859375 -0.30316162109375 -0.126663208007812 0.120735168457031
0.214019775390625 -0.415374755859375 -0.0809173583984375 0.201324462890625
0.279693603515625 -0.424407958984375 -0.041107177734375 0.24798583984375
0.250518798828125 -0.43621826171875 -0.0521697998046875 0.2364501953125
0.371124267578125 -0.245269775390625 -0.17236328125 0.207000732421875
0.499603271484375 0.008453369140625 -0.220428466796875 0.122604370117187
0.440826416015625 0.367156982421875 -0.202377319335937 -0.0853271484375
-0.0189819335937499 0.7081298828125 -0.0606231689453125 -0.176406860351562
-0.38336181640625 0.58599853515625 0.108238220214844 -0.0366439819335937
-0.7225341796875 0.4757080078125 0.00196075439453121 0.0826797485351563
-0.485137939453125 0.437255859375 -0.572998046875 0.25201416015625
-0.222381591796875 0.5260009765625 -0.23529052734375 0.359466552734375
0.1397705078125 0.53314208984375 0.031005859375 0.135269165039063
0.348785400390625 0.24468994140625 -0.0595054626464844 0.0247840881347656
0.4002685546875 0.004150390625 -0.153762817382812 0.0865325927734375
0.284637451171875 -0.21478271484375 -0.220840454101562 0.21014404296875
0.173553466796875 -0.293121337890625 -0.130157470703125 0.3543701171875
0.21929931640625 -0.300537109375 -0.08221435546875 0.390106201171875
0.209564208984375 -0.30645751953125 -0.1087646484375 0.375518798828125
0.276885986328125 -0.144027709960938 -0.25091552734375 0.28570556640625
0.340087890625 0.039031982421875 -0.279708862304688 0.131927490234375
0.262405395507813 0.272537231445313 -0.224639892578125 -0.0605621337890625
-0.057373046875 0.47760009765625 -0.062164306640625 -0.119293212890625
-0.290069580078125 0.3856201171875 0.0384521484375 0.089447021484375
-0.539093017578125 0.34521484375 -0.207351684570313 0.1939697265625
-0.233810424804688 0.260162353515625 -0.7078857421875 0.36700439453125
-0.079498291015625 0.296112060546875 -0.294769287109375 0.47119140625
0.090972900390625 0.247222900390625 0.002532958984375 0.168914794921875
0.165679931640625 0.0926666259765625 -0.0846176147460937 0.0484085083007813
0.180694580078125 0.0047760009765625 -0.199676513671875 0.0876007080078125
0.14825439453125 -0.0920257568359375 -0.273681640625 0.258956909179688
0.105094909667969 -0.1239013671875 -0.159210205078125 0.448394775390625
0.126373291015625 -0.132583618164063 -0.111480712890625 0.473846435546875
0.136940002441406 -0.133758544921875 -0.149566650390625 0.456939697265625
0.148513793945313 -0.0322418212890625 -0.29461669921875 0.316375732421875
0.146774291992188 0.056549072265625 -0.302978515625 0.111328125
0.076263427734375 0.143035888671875 -0.219955444335938 -0.045440673828125
-0.0667724609375 0.203277587890625 -0.0545501708984375 -0.0764389038085937
-0.149154663085938 0.155227661132813 -0.0180206298828125 0.166107177734375
-0.277694702148438 0.177139282226562 -0.351806640625 0.264434814453125
-0.068695068359375 -0.00458526611328124 0.378387451171875 -0.383209228515625
-0.0370635986328125 0.0515251159667969 0.0622711181640625 -0.273223876953125
0.0425033569335938 0.0716552734375 0.0274734497070313 0.0516090393066406
0.079986572265625 0.0257034301757813 0.18450927734375 0.0621185302734375
0.0565261840820313 -0.0593452453613281 0.296905517578125 -0.051422119140625
-0.0219230651855469 -0.0684700012207031 0.302459716796875 -0.29010009765625
-0.0419692993164063 -0.0616073608398438 0.128753662109375 -0.48187255859375
-0.0242424011230469 -0.0491409301757813 0.08209228515625 -0.48712158203125
-0.0426788330078125 -0.03466796875 0.12652587890625 -0.469512939453125
0.00437164306640625 -0.0497665405273438 0.24365234375 -0.32354736328125
0.0448036193847656 -0.0184288024902344 0.194671630859375 -0.126083374023438
0.0496864318847656 0.0443763732910156 0.090545654296875 -0.108818054199219
-0.0344314575195312 0.039276123046875 0.04437255859375 -0.235107421875
-0.0329742431640625 0.000261306762695312 0.237884521484375 -0.471832275390625
-0.0136566162109375 -0.0523872375488281 0.76629638671875 -0.3836669921875
-0.32159423828125 0.19415283203125 0.34014892578125 -0.373870849609375
-0.178787231445312 0.261215209960938 0.058319091796875 -0.268646240234375
0.0596923828125 0.322418212890625 0.03656005859375 0.0378990173339844
0.215728759765625 0.16644287109375 0.162216186523438 0.0474700927734375
0.245635986328125 -0.0419921875 0.26947021484375 -0.027099609375
0.116073608398438 -0.176345825195313 0.273361206054688 -0.252960205078125
0.03533935546875 -0.230087280273437 0.1162109375 -0.433990478515625
0.078826904296875 -0.234832763671875 0.0794677734375 -0.426300048828125
0.0476837158203125 -0.2303466796875 0.11962890625 -0.420318603515625
0.153213500976563 -0.173416137695313 0.206710815429687 -0.276107788085938
0.257217407226563 -0.03692626953125 0.154342651367188 -0.093536376953125
0.250259399414063 0.176422119140625 0.0530166625976563 -0.132148742675781
-0.00933837890624998 0.33502197265625 0.0341644287109375 -0.26605224609375
-0.173934936523438 0.264846801757813 0.2611083984375 -0.480255126953125
-0.29791259765625 0.17755126953125 0.74884033203125 -0.381591796875
-0.5296630859375 0.373870849609375 0.2255859375 -0.31396484375
-0.290283203125 0.458160400390625 0.0272216796875 -0.213119506835937
0.089996337890625 0.5452880859375 0.050506591796875 0.0355148315429688
0.3453369140625 0.286834716796875 0.138137817382813 0.028564453125
0.415313720703125 -0.0281982421875 0.2203369140625 -0.009521484375
0.241851806640625 -0.266372680664063 0.2064208984375 -0.190444946289063
0.10626220703125 -0.368408203125 0.082794189453125 -0.3245849609375
0.169281005859375 -0.385894775390625 0.06451416015625 -0.3004150390625
0.129241943359375 -0.391510009765625 0.095794677734375 -0.303314208984375
0.279098510742188 -0.27081298828125 0.134780883789063 -0.181640625
0.43743896484375 -0.0531005859375 0.0789642333984375 -0.0439605712890625
0.426300048828125 0.2864990234375 -0.00863647460937498 -0.144775390625
0.02569580078125 0.596923828125 0.00872802734374998 -0.281402587890625
-0.290008544921875 0.50140380859375 0.2564697265625 -0.43975830078125
-0.5404052734375 0.380645751953125 0.64227294921875 -0.32037353515625
-0.6617431640625 0.514404296875 0.0528411865234374 -0.206085205078125
-0.34820556640625 0.6236572265625 -0.023956298828125 -0.105255126953125
0.146728515625 0.71514892578125 0.0651893615722656 0.0445632934570313
0.4613037109375 0.3638916015625 0.103866577148438 0.00852203369140627
0.546112060546875 -0.026885986328125 0.143814086914063 0.009552001953125
0.3321533203125 -0.3314208984375 0.1082763671875 -0.100997924804688
0.162078857421875 -0.456024169921875 0.034942626953125 -0.166259765625
0.23297119140625 -0.476593017578125 0.0398025512695313 -0.128341674804688
0.19012451171875 -0.489013671875 0.0580825805664063 -0.137947082519531
0.362457275390625 -0.3265380859375 0.0389823913574219 -0.0537109375
0.553466796875 -0.060302734375 -0.0182781219482422 0.0193214416503906
0.5423583984375 0.35565185546875 -0.0839462280273437 -0.136970520019531
0.05657958984375 0.77105712890625 -0.022979736328125 -0.2701416015625
-0.36077880859375 0.66552734375 0.223114013671875 -0.3409423828125
-0.70123291015625 0.52093505859375 0.46478271484375 -0.209259033203125
-0.695556640625 0.58740234375 -0.15478515625 -0.05535888671875
-0.34515380859375 0.7135009765625 -0.0847015380859375 0.0471343994140626
0.19915771484375 0.78326416015625 0.071380615234375 0.0664215087890625
0.52508544921875 0.37945556640625 0.054534912109375 -0.000625610351562477
0.60125732421875 -0.03216552734375 0.04412841796875 0.0375900268554688
0.373992919921875 -0.354461669921875 -0.00671100616455076 0.0117015838623047
0.18988037109375 -0.47540283203125 -0.018707275390625 0.0205497741699219
0.260528564453125 -0.49810791015625 0.00894927978515627 0.0630912780761718
0.22076416015625 -0.508331298828125 0.0122756958007813 0.0514678955078125
0.38726806640625 -0.323822021484375 -0.0628738403320312 0.088409423828125
0.57672119140625 -0.0517578125 -0.121261596679687 0.0858917236328125
0.557159423828125 0.371124267578125 -0.156967163085937 -0.109832763671875
0.0622558593749999 0.8114013671875 -0.052032470703125 -0.229095458984375
-0.38006591796875 0.70281982421875 0.170318603515625 -0.197509765625
-0.75396728515625 0.56781005859375 0.239883422851562 -0.0662384033203125
-0.6260986328125 0.57257080078125 -0.366424560546875 0.11712646484375
-0.28863525390625 0.686767578125 -0.149307250976563 0.218002319335938
0.2113037109375 0.71875 0.0616989135742188 0.0966949462890625
0.49041748046875 0.329559326171875 -0.00488901138305661 0.00555944442749025
0.549346923828125 -0.031494140625 -0.0613555908203125 0.0692062377929688
0.352264404296875 -0.3204345703125 -0.119224548339844 0.128532409667969
0.1878662109375 -0.421417236328125 -0.0684661865234375 0.206802368164063
0.249176025390625 -0.44012451171875 -0.02435302734375 0.245330810546875
0.220550537109375 -0.4476318359375 -0.036041259765625 0.233154296875
0.352081298828125 -0.261749267578125 -0.156814575195312 0.214630126953125
0.495025634765625 -0.020050048828125 -0.208831787109375 0.133087158203125
0.456298828125 0.33673095703125 -0.207244873046875 -0.07489013671875
0.0258789062499999 0.70220947265625 -0.06732177734375 -0.170578002929687
-0.348876953125 0.60089111328125 0.108230590820312 -0.0438003540039062
-0.68731689453125 0.51202392578125 0.00802612304687496 0.0803604125976563
-0.456787109375 0.459381103515625 -0.55010986328125 0.276519775390625
-0.190521240234375 0.534027099609375 -0.21142578125 0.37060546875
0.172515869140625 0.520782470703125 0.0382843017578125 0.131065368652344
0.359130859375 0.22186279296875 -0.0549392700195312 0.0244674682617188
0.39617919921875 -0.022308349609375 -0.14794921875 0.09161376953125
0.269180297851563 -0.229034423828125 -0.2080078125 0.223556518554687
0.1552734375 -0.2979736328125 -0.10736083984375 0.36151123046875
0.197601318359375 -0.31439208984375 -0.054168701171875 0.3902587890625
0.187164306640625 -0.316650390625 -0.081878662109375 0.374847412109375
0.265396118164063 -0.15838623046875 -0.229644775390625 0.29754638671875
0.33770751953125 0.02008056640625 -0.2685546875 0.1448974609375
0.276458740234375 0.253707885742188 -0.225936889648437 -0.0484619140625
-0.025238037109375 0.475128173828125 -0.0652847290039063 -0.114814758300781
-0.267242431640625 0.39691162109375 0.046478271484375 0.0837326049804688
-0.513702392578125 0.372772216796875 -0.192657470703125 0.199859619140625
-0.2193603515625 0.2703857421875 -0.6781005859375 0.39923095703125
-0.062591552734375 0.298126220703125 -0.26226806640625 0.484283447265625
0.105712890625 0.242141723632813 0.0124664306640625 0.16693115234375
0.169113159179688 0.0831146240234375 -0.0784072875976562 0.0502777099609375
0.180221557617188 -0.007598876953125 -0.194198608398437 0.0960540771484375
0.142059326171875 -0.0996856689453125 -0.257965087890625 0.274993896484375
0.0976638793945313 -0.127113342285156 -0.1298828125 0.456939697265625
0.115875244140625 -0.140625 -0.0769653320312499 0.475067138671875
0.126022338867188 -0.142684936523438 -0.117462158203125 0.45880126953125
0.144821166992188 -0.03997802734375 -0.271087646484375 0.331573486328125
0.148239135742188 0.04815673828125 -0.293609619140625 0.12701416015625
0.083251953125 0.136680603027344 -0.219833374023438 -0.03289794921875
-0.0516815185546875 0.204544067382813 -0.0556869506835938 -0.07269287109375
-0.139144897460938 0.1612548828125 -0.00506591796875002 0.1619873046875
-0.264877319335938 0.192169189453125 -0.332244873046875 0.277374267578125
-0.0637969970703125 -0.00254058837890626 0.35504150390625 -0.3857421875
-0.0343055725097656 0.0497245788574219 0.0478363037109375 -0.2686767578125
0.0419960021972656 0.0664939880371094 0.0264396667480469 0.0471076965332031
0.079010009765625 0.022369384765625 0.180206298828125 0.0544891357421875
0.0513114929199219 -0.0595932006835937 0.290283203125 -0.060211181640625
-0.02508544921875 -0.0641746520996094 0.287139892578125 -0.29681396484375
-0.0432662963867187 -0.0584030151367188 0.105682373046875 -0.476318359375
-0.0244674682617188 -0.0472869873046875 0.05755615234375 -0.479766845703125
-0.0409698486328125 -0.0304069519042969 0.103851318359375 -0.46478271484375
0.00225067138671875 -0.0480232238769531 0.22515869140625 -0.327484130859375
0.0430679321289063 -0.0202560424804688 0.18792724609375 -0.130340576171875
0.0504913330078125 0.0403251647949219 0.082763671875 -0.108383178710938
-0.0320205688476563 0.0399131774902344 0.0321807861328125 -0.22821044921875
-0.0298042297363281 -0.000978469848632808 0.21514892578125 -0.46466064453125
-0.0133132934570313 -0.0505714416503906 0.7332763671875 -0.39239501953125
-0.304962158203125 0.20068359375 0.317474365234375 -0.373748779296875
-0.163925170898437 0.259719848632813 0.0427703857421875 -0.263427734375
0.0687255859375 0.3109130859375 0.0351047515869141 0.0322799682617188
0.215179443359375 0.154281616210938 0.157867431640625 0.039703369140625
0.236602783203125 -0.0504150390625 0.263839721679688 -0.0362701416015625
0.10626220703125 -0.17340087890625 0.259246826171875 -0.258834838867188
0.0263824462890625 -0.225997924804688 0.095001220703125 -0.42816162109375
0.06793212890625 -0.234603881835938 0.05731201171875 -0.42083740234375
0.0385894775390625 -0.226242065429688 0.098114013671875 -0.417266845703125
0.142364501953125 -0.173507690429688 0.19146728515625 -0.279220581054688
0.250396728515625 -0.0463409423828125 0.150680541992188 -0.0970001220703125
0.2523193359375 0.162094116210938 0.044830322265625 -0.130599975585938
0.00506591796875003 0.32867431640625 0.02239990234375 -0.257492065429688
-0.159133911132813 0.262283325195312 0.239105224609375 -0.473846435546875
-0.28265380859375 0.184112548828125 0.71856689453125 -0.3909912109375
-0.5006103515625 0.382781982421875 0.2086181640625 -0.31231689453125
-0.264556884765625 0.45574951171875 0.0149078369140625 -0.207687377929687
0.109893798828125 0.526123046875 0.0487022399902344 0.0281600952148438
0.3453369140625 0.266845703125 0.134292602539063 0.0207748413085938
0.4029541015625 -0.04388427734375 0.2166748046875 -0.01751708984375
0.224807739257813 -0.266204833984375 0.195419311523438 -0.194595336914063
0.090789794921875 -0.362762451171875 0.0655517578125 -0.31805419921875
0.149017333984375 -0.38623046875 0.047637939453125 -0.297332763671875
0.1112060546875 -0.3870849609375 0.078521728515625 -0.303619384765625
0.263214111328125 -0.273086547851562 0.12493896484375 -0.184005737304688
0.42620849609375 -0.0684814453125 0.0791473388671875 -0.046722412109375
0.428802490234375 0.2628173828125 -0.017669677734375 -0.141082763671875
0.04779052734375 0.58172607421875 -0.000457763671874976 -0.272720336914062
-0.265899658203125 0.4990234375 0.234832763671875 -0.435699462890625
-0.512237548828125 0.392333984375 0.61968994140625 -0.330078125
-0.6256103515625 0.52532958984375 0.0438079833984375 -0.202392578125
-0.315673828125 0.62200927734375 -0.0304412841796875 -0.100143432617187
0.17279052734375 0.69091796875 0.0636672973632813 0.03662109375
0.461029052734375 0.33734130859375 0.100799560546875 0.00151062011718752
0.529998779296875 -0.04864501953125 0.14227294921875 0.00335693359375
0.311492919921875 -0.333648681640625 0.102500915527344 -0.102729797363281
0.1396484375 -0.44891357421875 0.025848388671875 -0.161666870117188
0.20635986328125 -0.47955322265625 0.032318115234375 -0.128517150878906
0.165618896484375 -0.48565673828125 0.0485076904296875 -0.141082763671875
0.34136962890625 -0.330047607421875 0.0369491577148438 -0.0549468994140625
0.53936767578125 -0.078277587890625 -0.0141544342041015 0.0180301666259766
0.545745849609375 0.32568359375 -0.090972900390625 -0.131507873535156
0.0864868164062499 0.751708984375 -0.0306243896484375 -0.261032104492188
-0.32989501953125 0.66094970703125 0.208221435546875 -0.339385986328125
-0.666015625 0.533447265625 0.447601318359375 -0.216552734375
-0.65753173828125 0.59912109375 -0.1529541015625 -0.048370361328125
-0.3111572265625 0.70892333984375 -0.0833892822265625 0.0509262084960938
0.228271484375 0.7569580078125 0.0712432861328125 0.0584716796875001
0.52471923828125 0.349945068359375 0.0527801513671875 -0.00661849975585935
0.5830078125 -0.05657958984375 0.0454330444335938 0.0328788757324219
0.350982666015625 -0.356201171875 -0.00556182861328123 0.011728286743164
0.16790771484375 -0.469970703125 -0.0181732177734375 0.022867202758789
0.233154296875 -0.501708984375 0.0108909606933594 0.0594253540039062
0.1932373046875 -0.505828857421875 0.0123748779296875 0.0455474853515625
0.36492919921875 -0.329132080078125 -0.0567626953125 0.0882720947265625
0.561767578125 -0.07098388671875 -0.112442016601562 0.0869369506835937
0.560028076171875 0.341827392578125 -0.161026000976562 -0.102218627929688
0.0939941406249999 0.7911376953125 -0.0567626953125 -0.22039794921875
-0.34912109375 0.699951171875 0.162277221679688 -0.199050903320312
-0.71533203125 0.57965087890625 0.232940673828125 -0.0719757080078124
-0.59185791015625 0.5792236328125 -0.352813720703125 0.125640869140625
-0.25665283203125 0.68212890625 -0.138748168945313 0.219131469726563
0.2388916015625 0.6949462890625 0.0635528564453125 0.089508056640625
0.490814208984375 0.3040771484375 -0.00384449958801267 0.0015389919281006
0.53460693359375 -0.053497314453125 -0.0574836730957031 0.0675926208496094
0.33123779296875 -0.32391357421875 -0.111373901367187 0.131744384765625
0.168304443359375 -0.41680908203125 -0.0572357177734375 0.20733642578125
0.2237548828125 -0.442169189453125 -0.011993408203125 0.23919677734375
0.194976806640625 -0.445343017578125 -0.02655029296875 0.224578857421875
0.334136962890625 -0.26641845703125 -0.142501831054687 0.215316772460937
0.48291015625 -0.035797119140625 -0.198211669921875 0.136184692382813
0.457000732421875 0.311492919921875 -0.207672119140625 -0.065948486328125
0.054931640625 0.68206787109375 -0.0686187744140625 -0.164596557617187
-0.32025146484375 0.598388671875 0.107368469238281 -0.0487747192382812
-0.65081787109375 0.52410888671875 0.0115814208984375 0.076568603515625
-0.43255615234375 0.4647216796875 -0.526214599609375 0.287872314453125
-0.166046142578125 0.529754638671875 -0.192779541015625 0.370452880859375
0.191070556640625 0.504913330078125 0.0426712036132813 0.12554931640625
0.3577880859375 0.204986572265625 -0.0516014099121094 0.0222549438476563
0.386993408203125 -0.03875732421875 -0.142333984375 0.0921173095703125
0.254318237304688 -0.232208251953125 -0.195877075195312 0.228668212890625
0.142120361328125 -0.2960205078125 -0.08880615234375 0.36041259765625
0.1783447265625 -0.31640625 -0.035003662109375 0.382110595703125
0.167999267578125 -0.31695556640625 -0.064117431640625 0.36651611328125
0.253128051757813 -0.162445068359375 -0.210235595703125 0.300628662109375
0.33001708984375 0.0078125 -0.256134033203125 0.1507568359375
0.2791748046875 0.237396240234375 -0.223617553710937 -0.040435791015625
-0.00399780273437496 0.46484375 -0.0654144287109375 -0.110298156738281
-0.247802734375 0.396453857421875 0.0510940551757812 0.0771560668945313
-0.486724853515625 0.38336181640625 -0.180023193359375 0.198760986328125
-0.20770263671875 0.27252197265625 -0.645263671875 0.41009521484375
-0.05157470703125 0.29461669921875 -0.236846923828125 0.4827880859375
0.114822387695312 0.23443603515625 0.0192413330078125 0.162796020507813
0.167953491210938 0.0760498046875 -0.07275390625 0.0494613647460938
0.176254272460938 -0.01556396484375 -0.187713623046875 0.09832763671875
0.135910034179688 -0.103431701660156 -0.24359130859375 0.281829833984375
0.0922927856445312 -0.127830505371094 -0.1060791015625 0.453887939453125
0.107086181640625 -0.142578125 -0.053314208984375 0.468353271484375
0.115203857421875 -0.144302368164063 -0.093505859375 0.450592041015625
0.140098571777344 -0.0436248779296875 -0.24993896484375 0.33477783203125
0.145492553710938 0.0415191650390625 -0.282379150390625 0.134246826171875
0.0862655639648438 0.130126953125 -0.21502685546875 -0.0246734619140625
-0.040802001953125 0.201385498046875 -0.0541725158691406 -0.0698318481445313
-0.131011962890625 0.163040161132813 0.00282287597656249 0.15496826171875
-0.252487182617188 0.19769287109375 -0.314208984375 0.27734375
-0.0603675842285156 -0.00206375122070312 0.344696044921875 -0.38287353515625
-0.0338058471679687 0.0470085144042969 0.03997802734375 -0.264114379882813
0.0400428771972656 0.0644111633300781 0.0245208740234375 0.044708251953125
0.0779800415039063 0.0208740234375 0.176727294921875 0.050933837890625
0.0480918884277344 -0.0580673217773438 0.286407470703125 -0.063079833984375
-0.0261154174804688 -0.0606231689453125 0.27911376953125 -0.299102783203125
-0.0432052612304687 -0.0562171936035156 0.093048095703125 -0.471466064453125
-0.0250320434570313 -0.0463066101074219 0.0445251464843749 -0.473907470703125
-0.0391464233398438 -0.0286445617675781 0.0909423828125 -0.45904541015625
0.000823974609374998 -0.0471382141113281 0.215576171875 -0.3280029296875
0.0419998168945313 -0.0210647583007813 0.185775756835938 -0.13134765625
0.0508155822753906 0.0376091003417969 0.0793304443359375 -0.106674194335938
-0.0303535461425781 0.0402717590332031 0.0266876220703125 -0.221878051757813
-0.0283489227294922 -0.00304222106933593 0.205322265625 -0.455596923828125
-0.0120620727539062 -0.0493240356445313 0.71844482421875 -0.3896484375
-0.294189453125 0.199951171875 0.307403564453125 -0.3702392578125
-0.157028198242188 0.255264282226563 0.035675048828125 -0.257720947265625
0.072845458984375 0.3031005859375 0.0327301025390625 0.0286998748779297
0.21356201171875 0.149322509765625 0.15362548828125 0.0364227294921875
0.229644775390625 -0.0529327392578125 0.262344360351563 -0.0395355224609375
0.10089111328125 -0.169677734375 0.25262451171875 -0.260818481445313
0.022491455078125 -0.222198486328125 0.0831298828125 -0.422332763671875
0.0625762939453125 -0.234375 0.044158935546875 -0.415374755859375
0.035003662109375 -0.2236328125 0.08551025390625 -0.414398193359375
0.137435913085938 -0.171859741210938 0.183486938476563 -0.280120849609375
0.245773315429688 -0.05029296875 0.150161743164063 -0.0985260009765625
0.251419067382813 0.154495239257812 0.0398330688476563 -0.128402709960938
0.011474609375 0.324310302734375 0.0179443359375 -0.250762939453125
-0.153091430664063 0.259552001953125 0.230682373046875 -0.4666748046875
-0.274429321289063 0.18524169921875 0.70404052734375 -0.38848876953125
-0.484222412109375 0.38232421875 0.2000732421875 -0.3079833984375
-0.252899169921875 0.450042724609375 0.00846862792968747 -0.202713012695312
0.11749267578125 0.514312744140625 0.0460624694824219 0.02398681640625
0.343292236328125 0.25714111328125 0.1302490234375 0.0166244506835938
0.39373779296875 -0.050079345703125 0.214813232421875 -0.02093505859375
0.215652465820313 -0.262802124023438 0.190383911132813 -0.1961669921875
0.08380126953125 -0.357696533203125 0.05804443359375 -0.313262939453125
0.139617919921875 -0.386016845703125 0.03863525390625 -0.294342041015625
0.102386474609375 -0.38226318359375 0.06854248046875 -0.302825927734375
0.253494262695313 -0.270553588867188 0.120208740234375 -0.184890747070313
0.41925048828125 -0.074981689453125 0.0804977416992188 -0.0484237670898438
0.42742919921875 0.252685546875 -0.0228500366210937 -0.137802124023437
0.0572509765625 0.5718994140625 -0.00349426269531248 -0.265914916992187
-0.255035400390625 0.494049072265625 0.22698974609375 -0.4285888671875
-0.4981689453125 0.3924560546875 0.6060791015625 -0.327880859375
-0.6070556640625 0.5242919921875 0.040069580078125 -0.197647094726562
-0.2989501953125 0.61444091796875 -0.033447265625 -0.095855712890625
0.18353271484375 0.6748046875 0.0616722106933594 0.032196044921875
0.45831298828125 0.32537841796875 0.0971603393554688 -0.00265502929687498
0.518646240234375 -0.058197021484375 0.141860961914063 -0.000259399414062504
0.30047607421875 -0.33087158203125 0.100730895996094 -0.103157043457031
0.131072998046875 -0.443023681640625 0.022247314453125 -0.15771484375
0.19342041015625 -0.479095458984375 0.0271835327148438 -0.128265380859375
0.15374755859375 -0.479156494140625 0.0416259765625 -0.143112182617188
0.329833984375 -0.327239990234375 0.0368194580078125 -0.0556755065917969
0.5302734375 -0.085845947265625 -0.010232925415039 0.0169286727905273
0.542633056640625 0.312591552734375 -0.0961837768554687 -0.127967834472656
0.09918212890625 0.73919677734375 -0.031585693359375 -0.2548828125
-0.31549072265625 0.6539306640625 0.2027587890625 -0.33587646484375
-0.64678955078125 0.53265380859375 0.440093994140625 -0.217071533203125
-0.63836669921875 0.59771728515625 -0.15081787109375 -0.0449981689453124
-0.29254150390625 0.70306396484375 -0.0820083618164063 0.0540466308593751
0.24139404296875 0.74053955078125 0.0701942443847656 0.0533638000488282
0.52117919921875 0.336639404296875 0.0504684448242188 -0.0106124877929687
0.572509765625 -0.0687255859375 0.0464210510253907 0.0301017761230469
0.339935302734375 -0.3546142578125 -0.00493907928466795 0.0131616592407226
0.15826416015625 -0.46392822265625 -0.0158138275146484 0.0254535675048828
0.219207763671875 -0.501708984375 0.0112419128417969 0.0572166442871094
0.181121826171875 -0.500701904296875 0.0103416442871094 0.0410385131835937
0.354034423828125 -0.325836181640625 -0.0530624389648437 0.0873336791992187
0.552001953125 -0.07855224609375 -0.107078552246094 0.0859222412109375
0.55657958984375 0.32861328125 -0.164031982421875 -0.0981292724609375
0.10809326171875 0.7764892578125 -0.056427001953125 -0.2159423828125
-0.33465576171875 0.69293212890625 0.160110473632812 -0.199386596679687
-0.69525146484375 0.581787109375 0.228561401367187 -0.0735626220703125
-0.5750732421875 0.57855224609375 -0.344451904296875 0.12725830078125
-0.24041748046875 0.67474365234375 -0.132919311523438 0.220306396484375
0.25030517578125 0.67633056640625 0.0643234252929688 0.0844039916992188
0.4862060546875 0.291229248046875 -0.00420713424682614 -0.00223922729492186
0.52520751953125 -0.06365966796875 -0.0557136535644531 0.0653953552246094
0.32147216796875 -0.32293701171875 -0.107681274414063 0.133247375488281
0.16131591796875 -0.413055419921875 -0.05078125 0.208099365234375
0.21044921875 -0.4432373046875 -0.00604248046874997 0.234359741210937
0.18243408203125 -0.44293212890625 -0.0231170654296875 0.2186279296875
0.3243408203125 -0.26544189453125 -0.134963989257812 0.214523315429688
0.474853515625 -0.044158935546875 -0.191574096679687 0.136383056640625
0.45770263671875 0.300201416015625 -0.208892822265625 -0.0620574951171875
0.06689453125 0.66998291015625 -0.067657470703125 -0.16064453125
-0.3079833984375 0.593505859375 0.107429504394531 -0.051788330078125
-0.633056640625 0.5240478515625 0.0124282836914062 0.0738983154296875
-0.4208984375 0.4637451171875 -0.513092041015625 0.2869873046875
-0.156097412109375 0.524261474609375 -0.18194580078125 0.368621826171875
0.2003173828125 0.49365234375 0.0443801879882813 0.120864868164063
0.35498046875 0.197601318359375 -0.050323486328125 0.0188064575195313
0.38079833984375 -0.045623779296875 -0.138984680175781 0.0913314819335937
0.248077392578125 -0.232635498046875 -0.189682006835937 0.231185913085938
0.1365966796875 -0.29327392578125 -0.077239990234375 0.358489990234375
0.169647216796875 -0.317108154296875 -0.024566650390625 0.375335693359375
0.157806396484375 -0.31427001953125 -0.0562744140625 0.359527587890625
0.24603271484375 -0.16204833984375 -0.199493408203125 0.299102783203125
0.324859619140625 0.00238037109375 -0.249801635742188 0.152053833007812
0.2784423828125 0.229782104492188 -0.22259521484375 -0.0361175537109375
0.00573730468750003 0.45648193359375 -0.0638198852539062 -0.108116149902344
-0.239227294921875 0.393341064453125 0.0541915893554687 0.071075439453125
-0.4742431640625 0.383392333984375 -0.175338745117188 0.194488525390625
-0.202651977539062 0.27215576171875 -0.628662109375 0.40728759765625
-0.0469970703125 0.291534423828125 -0.224945068359375 0.478607177734375
0.119400024414063 0.229278564453125 0.0223236083984375 0.160140991210938
0.166290283203125 0.0724945068359375 -0.070098876953125 0.0462455749511719
0.174560546875 -0.0193023681640625 -0.186126708984375 0.0982208251953125
0.133750915527344 -0.1046142578125 -0.237152099609375 0.284912109375
0.0898284912109375 -0.126930236816406 -0.09326171875 0.451629638671875
0.102630615234375 -0.142959594726563 -0.0408935546875 0.46038818359375
0.109939575195313 -0.144515991210938 -0.08197021484375 0.444488525390625
0.137542724609375 -0.0453338623046875 -0.23809814453125 0.33380126953125
0.143692016601563 0.039215087890625 -0.276718139648438 0.136505126953125
0.086700439453125 0.127128601074219 -0.211990356445313 -0.0206451416015625
-0.0341949462890625 0.197830200195313 -0.0519828796386719 -0.0695075988769531
-0.127395629882813 0.162979125976563 0.00723266601562499 0.14813232421875
-0.245361328125 0.198486328125 -0.306915283203125 0.273223876953125
-0.0582771301269531 -0.00355529785156251 0.345123291015625 -0.383819580078125
-0.0348968505859375 0.0460624694824219 0.035064697265625 -0.263442993164063
0.0384559631347656 0.0639381408691406 0.0232353210449219 0.044647216796875
0.07855224609375 0.02056884765625 0.176116943359375 0.0510406494140625
0.0467987060546875 -0.0573005676269531 0.2891845703125 -0.065887451171875
-0.0271148681640625 -0.0581855773925781 0.279052734375 -0.30511474609375
-0.0437774658203125 -0.0551528930664062 0.08575439453125 -0.473175048828125
-0.0253219604492187 -0.0462646484375 0.036407470703125 -0.474090576171875
-0.0380096435546875 -0.0285873413085938 0.08447265625 -0.463226318359375
4.95910644531286E-05 -0.0469932556152344 0.212615966796875 -0.333587646484375
0.0417213439941406 -0.0224838256835938 0.187942504882813 -0.133056640625
0.0518226623535156 0.0360450744628906 0.0777435302734375 -0.107528686523438
-0.0292205810546875 0.0405845642089844 0.0243072509765625 -0.219863891601563
-0.0269584655761719 -0.00539016723632813 0.203582763671875 -0.45416259765625
-0.0106124877929688 -0.0493659973144531 0.72210693359375 -0.38568115234375
-0.291778564453125 0.2010498046875 0.307647705078125 -0.369537353515625
-0.156387329101563 0.255905151367188 0.0308074951171875 -0.256271362304688
0.075531005859375 0.302459716796875 0.0312919616699219 0.0272941589355469
0.215179443359375 0.148468017578125 0.153076171875 0.0347137451171875
0.228988647460938 -0.053924560546875 0.26507568359375 -0.04290771484375
0.09918212890625 -0.167861938476562 0.253082275390625 -0.266525268554687
0.02069091796875 -0.22174072265625 0.076446533203125 -0.4237060546875
0.059539794921875 -0.237075805664062 0.0374755859375 -0.4171142578125
0.0334014892578125 -0.224197387695313 0.07904052734375 -0.41864013671875
0.136062622070313 -0.172393798828125 0.181793212890625 -0.285247802734375
0.246429443359375 -0.0537567138671875 0.15325927734375 -0.101455688476563
0.254745483398438 0.152557373046875 0.036468505859375 -0.127899169921875
0.0155029296875 0.325653076171875 0.0167694091796875 -0.24896240234375
-0.15264892578125 0.25909423828125 0.22930908203125 -0.466278076171875
-0.273345947265625 0.18719482421875 0.7080078125 -0.38726806640625
-0.48406982421875 0.38531494140625 0.199737548828125 -0.3072509765625
-0.249725341796875 0.452423095703125 0.00456237792968748 -0.199691772460937
0.12384033203125 0.51361083984375 0.0452041625976563 0.0219955444335938
0.344879150390625 0.25640869140625 0.128883361816406 0.0144729614257813
0.39288330078125 -0.053192138671875 0.218109130859375 -0.024078369140625
0.214462280273438 -0.26116943359375 0.191131591796875 -0.19964599609375
0.08087158203125 -0.35882568359375 0.05377197265625 -0.313873291015625
0.134368896484375 -0.39263916015625 0.03265380859375 -0.296417236328125
0.099365234375 -0.384765625 0.0611572265625 -0.306060791015625
0.25225830078125 -0.271865844726563 0.120254516601563 -0.189239501953125
0.421173095703125 -0.0794677734375 0.08392333984375 -0.0507431030273438
0.431671142578125 0.249664306640625 -0.027099609375 -0.137168884277344
0.06396484375 0.57464599609375 -0.00399780273437501 -0.2642822265625
-0.254058837890625 0.49639892578125 0.229339599609375 -0.429901123046875
-0.497406005859375 0.394683837890625 0.60870361328125 -0.32794189453125
-0.6046142578125 0.52679443359375 0.0394897460937499 -0.196548461914062
-0.2940673828125 0.61639404296875 -0.0355758666992188 -0.0930557250976562
0.1939697265625 0.67315673828125 0.0605850219726563 0.028778076171875
0.461212158203125 0.323883056640625 0.0950241088867188 -0.00511932373046873
0.51885986328125 -0.063232421875 0.144073486328125 -0.0030517578125
0.2989501953125 -0.330169677734375 0.101181030273438 -0.1048583984375
0.1295166015625 -0.44561767578125 0.0213775634765625 -0.156951904296875
0.187652587890625 -0.486785888671875 0.0240478515625 -0.1295166015625
0.14990234375 -0.4830322265625 0.0362548828125 -0.145431518554688
0.32940673828125 -0.32861328125 0.0381584167480469 -0.0576553344726563
0.533355712890625 -0.0919189453125 -0.00701236724853513 0.0153436660766602
0.548492431640625 0.308746337890625 -0.101615905761719 -0.126251220703125
0.1080322265625 0.7392578125 -0.031494140625 -0.2542724609375
-0.3148193359375 0.657958984375 0.204345703125 -0.33734130859375
-0.6470947265625 0.5382080078125 0.442291259765625 -0.21771240234375
-0.637939453125 0.6043701171875 -0.150466918945313 -0.0438537597656249
-0.2882080078125 0.707275390625 -0.082061767578125 0.057220458984375
0.25177001953125 0.7392578125 0.0697174072265625 0.0501632690429688
0.524566650390625 0.335784912109375 0.0491790771484375 -0.0138282775878906
0.57257080078125 -0.07318115234375 0.0481224060058594 0.0284614562988281
0.337646484375 -0.3553466796875 -0.00417327880859373 0.0141029357910156
0.156707763671875 -0.466766357421875 -0.0143756866455078 0.0272369384765625
0.212860107421875 -0.509674072265625 0.0114517211914063 0.0566673278808593
0.17523193359375 -0.504608154296875 0.00747299194335939 0.0394287109375
0.353790283203125 -0.32672119140625 -0.0509262084960937 0.0870819091796875
0.554351806640625 -0.082977294921875 -0.104011535644531 0.0852737426757813
0.562103271484375 0.32672119140625 -0.169952392578125 -0.0959014892578125
0.11572265625 0.77862548828125 -0.0555267333984375 -0.215713500976562
-0.33319091796875 0.69488525390625 0.162689208984375 -0.202529907226562
-0.69476318359375 0.58721923828125 0.23004150390625 -0.07391357421875
-0.575439453125 0.5849609375 -0.343719482421875 0.12896728515625
-0.23638916015625 0.68023681640625 -0.130935668945313 0.223953247070313
0.26116943359375 0.6778564453125 0.0644989013671875 0.0822296142578125
0.490386962890625 0.291595458984375 -0.00580930709838864 -0.00551223754882811
0.526824951171875 -0.069427490234375 -0.0552291870117187 0.0649261474609375
0.321685791015625 -0.32373046875 -0.107040405273437 0.137359619140625
0.159942626953125 -0.415435791015625 -0.0459136962890625 0.21142578125
0.205841064453125 -0.44989013671875 -0.0029449462890625 0.2347412109375
0.1778564453125 -0.445465087890625 -0.0231170654296875 0.217910766601562
0.323760986328125 -0.266265869140625 -0.131698608398438 0.2154541015625
0.477569580078125 -0.04736328125 -0.189926147460938 0.137069702148437
0.4620361328125 0.29742431640625 -0.213455200195312 -0.059600830078125
0.07452392578125 0.672119140625 -0.066497802734375 -0.16131591796875
-0.30810546875 0.59686279296875 0.110862731933594 -0.0560302734375
-0.63348388671875 0.52972412109375 0.0123672485351562 0.0728378295898438
-0.422576904296875 0.4693603515625 -0.51080322265625 0.2882080078125
-0.151824951171875 0.5289306640625 -0.178558349609375 0.3720703125
0.208099365234375 0.492431640625 0.0465087890625 0.1201171875
0.35675048828125 0.19744873046875 -0.0511665344238281 0.0164756774902344
0.3826904296875 -0.050872802734375 -0.1400146484375 0.0923385620117188
0.248764038085938 -0.234710693359375 -0.189483642578125 0.23760986328125
0.136383056640625 -0.2960205078125 -0.07098388671875 0.362152099609375
0.166168212890625 -0.321868896484375 -0.01824951171875 0.37664794921875
0.154052734375 -0.31646728515625 -0.053070068359375 0.359283447265625
0.247390747070313 -0.162185668945313 -0.19610595703125 0.301544189453125
0.325958251953125 0.0009765625 -0.249343872070312 0.153549194335938
0.281890869140625 0.229400634765625 -0.225555419921875 -0.0327301025390624
0.011322021484375 0.456451416015625 -0.06195068359375 -0.109886169433594
-0.238861083984375 0.397369384765625 0.0567512512207031 0.0666618347167969
-0.475311279296875 0.38775634765625 -0.176223754882813 0.193130493164063
-0.20526123046875 0.276214599609375 -0.62774658203125 0.40765380859375
-0.0457763671875 0.2930908203125 -0.21954345703125 0.480499267578125
0.123428344726562 0.2298583984375 0.0242919921875 0.160171508789063
0.166976928710938 0.0731353759765625 -0.0707015991210937 0.0445632934570313
0.175567626953125 -0.022064208984375 -0.187820434570313 0.0998382568359375
0.134429931640625 -0.106681823730469 -0.236724853515625 0.29132080078125
0.0917129516601563 -0.1290283203125 -0.085540771484375 0.455841064453125
0.101409912109375 -0.145553588867188 -0.03265380859375 0.462188720703125
0.107192993164063 -0.14544677734375 -0.077178955078125 0.445709228515625
0.138580322265625 -0.0453948974609375 -0.234100341796875 0.336883544921875
0.14410400390625 0.0385284423828125 -0.277023315429687 0.139312744140625
0.0882492065429688 0.127326965332031 -0.212905883789063 -0.018157958984375
-0.031219482421875 0.198150634765625 -0.0511245727539063 -0.0711135864257812
-0.12762451171875 0.165512084960938 0.00958251953125 0.14434814453125
-0.24639892578125 0.201431274414062 -0.3084716796875 0.271240234375
-0.0574226379394531 -0.00477981567382812 0.3480224609375 -0.39556884765625
-0.0357818603515625 0.0473251342773438 0.0297698974609375 -0.267044067382813
0.0390815734863281 0.0652198791503906 0.0234947204589844 0.0443763732910156
0.0809707641601563 0.0193710327148438 0.179656982421875 0.0489654541015625
0.0460128784179687 -0.0574760437011719 0.29583740234375 -0.074951171875
-0.029052734375 -0.0566139221191406 0.28033447265625 -0.320587158203125
-0.0461997985839844 -0.0546112060546875 0.075439453125 -0.4853515625
-0.0268669128417969 -0.04730224609375 0.02386474609375 -0.484222412109375
-0.03863525390625 -0.0286026000976563 0.0751953125 -0.476165771484375
-0.00164413452148437 -0.0475006103515625 0.2103271484375 -0.346649169921875
0.0411758422851563 -0.02490234375 0.192184448242188 -0.140335083007813
0.0542526245117188 0.0345344543457031 0.0761032104492187 -0.110275268554687
-0.0287055969238281 0.0423545837402344 0.0199127197265625 -0.22174072265625
-0.0273551940917969 -0.00729751586914062 0.2001953125 -0.462005615234375
-0.0104255676269531 -0.0498542785644531 0.734619140625 -0.40301513671875
-0.29327392578125 0.207794189453125 0.30938720703125 -0.38006591796875
-0.15533447265625 0.262191772460938 0.0250091552734375 -0.25921630859375
0.08270263671875 0.30609130859375 0.0307788848876953 0.0259628295898438
0.222381591796875 0.14788818359375 0.1552734375 0.032806396484375
0.231048583984375 -0.0588531494140625 0.271408081054688 -0.0503387451171875
0.0985870361328125 -0.169677734375 0.253631591796875 -0.28009033203125
0.0171356201171875 -0.226043701171875 0.067962646484375 -0.43463134765625
0.0545501708984375 -0.245346069335938 0.025360107421875 -0.42596435546875
0.0302276611328125 -0.230270385742188 0.06842041015625 -0.430511474609375
0.13592529296875 -0.177520751953125 0.1802978515625 -0.297760009765625
0.251022338867188 -0.0607452392578125 0.15777587890625 -0.107513427734375
0.264266967773437 0.150192260742188 0.03240966796875 -0.13031005859375
0.022918701171875 0.3323974609375 0.0130767822265625 -0.251419067382812
-0.151931762695313 0.265701293945313 0.227081298828125 -0.47662353515625
-0.275588989257813 0.196258544921875 0.72161865234375 -0.400390625
-0.485992431640625 0.399658203125 0.200225830078125 -0.313690185546875
-0.246185302734375 0.46368408203125 1.52587890624762E-05 -0.200576782226562
0.1378173828125 0.51995849609375 0.04486083984375 0.0191993713378907
0.356597900390625 0.257232666015625 0.129592895507813 0.0108871459960938
0.398834228515625 -0.0615234375 0.22491455078125 -0.03070068359375
0.214981079101563 -0.267135620117188 0.192550659179688 -0.209564208984375
0.07635498046875 -0.366729736328125 0.04779052734375 -0.3211669921875
0.12701416015625 -0.406585693359375 0.0238037109375 -0.30316162109375
0.0941162109375 -0.395721435546875 0.05181884765625 -0.31524658203125
0.2540283203125 -0.28045654296875 0.119171142578125 -0.1981201171875
0.430023193359375 -0.090545654296875 0.0883865356445313 -0.0554122924804688
0.44775390625 0.24676513671875 -0.0338363647460937 -0.138023376464844
0.0785522460937501 0.58636474609375 -0.00666809082031249 -0.2674560546875
-0.252410888671875 0.509918212890625 0.228302001953125 -0.441162109375
-0.502532958984375 0.41339111328125 0.621826171875 -0.3404541015625
-0.60845947265625 0.54864501953125 0.03900146484375 -0.19915771484375
-0.287353515625 0.6334228515625 -0.0377960205078125 -0.090423583984375
0.213623046875 0.6800537109375 0.0609321594238281 0.026031494140625
0.4761962890625 0.323394775390625 0.0954360961914063 -0.00865173339843748
0.527191162109375 -0.0751953125 0.149826049804688 -0.00773620605468751
0.300445556640625 -0.338226318359375 0.102203369140625 -0.109794616699219
0.12396240234375 -0.455047607421875 0.0189056396484375 -0.160507202148438
0.179534912109375 -0.50439453125 0.019775390625 -0.133071899414063
0.142578125 -0.496978759765625 0.030059814453125 -0.1510009765625
0.3319091796875 -0.339111328125 0.0382461547851563 -0.0622406005859375
0.545074462890625 -0.105712890625 -0.00350666046142575 0.0135259628295898
0.56805419921875 0.30682373046875 -0.109580993652344 -0.124298095703125
0.1248779296875 0.75457763671875 -0.0347747802734375 -0.257781982421875
-0.31304931640625 0.676025390625 0.20526123046875 -0.348785400390625
-0.65252685546875 0.561279296875 0.45025634765625 -0.226531982421875
-0.64068603515625 0.62750244140625 -0.152908325195313 -0.0417022705078125
-0.28045654296875 0.726318359375 -0.0827255249023438 0.0632705688476563
0.2740478515625 0.7467041015625 0.0711288452148438 0.0475921630859375
0.540740966796875 0.3350830078125 0.047637939453125 -0.0169258117675781
0.581787109375 -0.08831787109375 0.05218505859375 0.0264396667480469
0.339996337890625 -0.3670654296875 -0.00286674499511717 0.015049934387207
0.15179443359375 -0.481048583984375 -0.0123310089111328 0.0291328430175781
0.20526123046875 -0.527252197265625 0.0121536254882813 0.0563697814941406
0.168121337890625 -0.519073486328125 0.00485610961914064 0.0387802124023437
0.357269287109375 -0.337677001953125 -0.0488357543945312 0.0886001586914062
0.56536865234375 -0.09600830078125 -0.10308837890625 0.0869674682617188
0.58251953125 0.32427978515625 -0.178253173828125 -0.0917816162109375
0.13525390625 0.79248046875 -0.0582427978515625 -0.2191162109375
-0.33123779296875 0.71533203125 0.16534423828125 -0.212066650390625
-0.7008056640625 0.61114501953125 0.23443603515625 -0.079193115234375
-0.578857421875 0.60992431640625 -0.34759521484375 0.1365966796875
-0.22833251953125 0.69793701171875 -0.128463745117188 0.233596801757813
0.28204345703125 0.68499755859375 0.0671463012695313 0.0807342529296875
0.505340576171875 0.291015625 -0.00734043121337888 -0.00792932510375975
0.536865234375 -0.0841064453125 -0.0535392761230468 0.06622314453125
0.323516845703125 -0.33551025390625 -0.105743408203125 0.144302368164062
0.15673828125 -0.4288330078125 -0.0394134521484375 0.216842651367187
0.198394775390625 -0.46697998046875 0.00265502929687503 0.238571166992187
0.17254638671875 -0.45745849609375 -0.0212554931640625 0.221771240234375
0.32806396484375 -0.274658203125 -0.12921142578125 0.222442626953125
0.486785888671875 -0.056304931640625 -0.1893310546875 0.142730712890625
0.478515625 0.296234130859375 -0.221603393554687 -0.05438232421875
0.09039306640625 0.68218994140625 -0.068115234375 -0.164566040039062
-0.3056640625 0.6146240234375 0.114387512207031 -0.0627975463867187
-0.64019775390625 0.5516357421875 0.0121307373046875 0.071685791015625
-0.425384521484375 0.489013671875 -0.51641845703125 0.30126953125
-0.14544677734375 0.542449951171875 -0.17462158203125 0.38421630859375
0.22412109375 0.498321533203125 0.049591064453125 0.121337890625
0.3681640625 0.197021484375 -0.0529060363769531 0.0155715942382813
0.389678955078125 -0.061065673828125 -0.141342163085937 0.0968780517578125
0.251953125 -0.244583129882813 -0.187942504882812 0.2498779296875
0.136260986328125 -0.306488037109375 -0.06103515625 0.372039794921875
0.161956787109375 -0.3348388671875 -0.00860595703124996 0.383941650390625
0.15045166015625 -0.32574462890625 -0.04736328125 0.36767578125
0.250930786132813 -0.1680908203125 -0.1929931640625 0.31207275390625
0.333038330078125 -0.005340576171875 -0.250961303710938 0.161148071289063
0.292205810546875 0.2301025390625 -0.231857299804687 -0.0275726318359374
0.022247314453125 0.4652099609375 -0.062652587890625 -0.113395690917969
-0.238525390625 0.410247802734375 0.0611038208007812 0.0624465942382813
-0.48077392578125 0.404296875 -0.18096923828125 0.19659423828125
-0.20745849609375 0.287384033203125 -0.633056640625 0.42279052734375
-0.04150390625 0.300048828125 -0.2137451171875 0.49444580078125
0.132293701171875 0.2318115234375 0.0280303955078125 0.163040161132813
0.171218872070313 0.0735931396484375 -0.0710296630859375 0.0452423095703125
0.17987060546875 -0.0271759033203125 -0.191864013671875 0.105987548828125
0.136360168457031 -0.112838745117187 -0.236785888671875 0.306884765625
0.0927886962890625 -0.134880065917969 -0.07275390625 0.46759033203125
0.10040283203125 -0.151443481445313 -0.019622802734375 0.47216796875
0.10589599609375 -0.150497436523438 -0.06695556640625 0.457061767578125
0.142166137695313 -0.0478057861328125 -0.23095703125 0.348876953125
0.147613525390625 0.0372772216796875 -0.281280517578125 0.14788818359375
0.0927276611328125 0.129379272460937 -0.216705322265625 -0.0135650634765625
-0.0265045166015625 0.203018188476563 -0.0519332885742188 -0.0741043090820312
-0.126998901367188 0.17218017578125 0.0132293701171875 0.142669677734375
-0.249847412109375 0.211196899414063 -0.314361572265625 0.279388427734375
-0.00886689776060385 0.100797316495868 0.546211831131049 0.0716722361019133
0.0665526454036013 0.0263628403038181 0.262484212287068 -0.118229892014396
0.028594931773877 -0.0751973516664359 -0.049885573178447 0.0467616808299857
-0.0576045904461853 -0.0856573499615378 0.0302313767658577 0.207406471782064
-0.103452663688148 0.0205019528553763 0.246931792366573 0.243115348261351
-0.0571120006609187 0.0859095693079183 0.430181237607046 0.106540368695507
-0.028786619362903 0.0992268138170759 0.501650701430404 -0.10088443908256
-0.014374207929533 0.084416149640541 0.48646339346465 -0.215555675966226
-0.0178935878732432 0.0810507526152577 0.485558639859305 -0.133792300147716
-0.0417497757930763 0.0563869652138102 0.405611513495091 0.0178281100576728
-0.0577267936640123 -0.00774302866327972 0.22763996693501 0.119740104680048
-0.0104115566921809 -0.0618327074793848 0.128815598339132 0.0165799652671801
0.0432262474928167 0.00358590344775688 0.190859586886942 -0.110922495933831
-0.00344358512395071 0.0505184564793956 0.505877254302164 -0.0522810937198449
-0.0674882617705495 0.056002130269588 0.750468160989043 0.340922385293022
0.294502772524083 0.177819003574418 0.504799023791805 -0.000991054248432935
0.319746034067808 -0.0152054879725361 0.233746178512115 -0.164666668967207
0.204430384127878 -0.254003196049008 -0.0881280115428252 0.0263397485810777
-0.0436133082768342 -0.299612845483158 -0.0188708577444559 0.196807341311476
-0.238974907912416 -0.117707698314371 0.205878310503245 0.263435426780182
-0.222548920572312 0.0543095049678145 0.389191015457893 0.127506000229067
-0.216339926246035 0.130681180281247 0.459814287604639 -0.0599833770533156
-0.213799928361496 0.150003434077154 0.445181512801651 -0.16922000064013
-0.232603654922437 0.136082230071049 0.449429138752382 -0.0983942735683365
-0.233411591153471 0.0273215020376558 0.344379180791711 0.0440656130896668
-0.226995121802775 -0.140400362481838 0.16206598124019 0.127377152254484
-0.0378094801263987 -0.316370272976657 0.0851410179929644 -0.0278342108582987
0.202323950089186 -0.240609982837927 0.18761886727758 -0.14925338579767
0.278145640437054 -0.0163982513140425 0.531350352946529 -0.0702905657374858
0.258520785617898 0.14150418235422 0.768775983971189 0.300998646020978
0.564597803158989 0.223639521772421 0.377805167246893 -0.100073186271962
0.545166675257239 -0.0760003801527075 0.145834750992222 -0.199408701353779
0.34980999423995 -0.426227515724006 -0.129229402214835 0.0244680492394338
-0.0414175243936108 -0.493240493938508 -0.0575393191237673 0.184008694567975
-0.361583042226304 -0.240444275892925 0.157001123052512 0.256221676744724
-0.364378124556829 0.0192519517851669 0.303024369764637 0.127789371373875
-0.37352693704743 0.145278988369593 0.349716381477764 -0.0141251864435578
-0.37999412962838 0.19313978997367 0.336103584243644 -0.0964900397171554
-0.410012425007182 0.170565062336052 0.343109381566211 -0.045091143496285
-0.390664296182289 -0.00757241033831905 0.225221047138048 0.0620099191186436
-0.368020849633619 -0.256141498909704 0.0626517107414796 0.10816719826074
-0.0640799332088283 -0.535347861682796 0.0248140295694061 -0.0859999620654055
0.335342183223991 -0.460699864001806 0.167483153069781 -0.187560220902542
0.525683489674567 -0.0873574664193416 0.502473413814059 -0.081251134773744
0.546585840933178 0.208319610263414 0.684419573028145 0.237286429223193
0.768911090097435 0.229631203835062 0.178070539292468 -0.203657463322352
0.712704911414111 -0.161805264855255 0.00146511024463178 -0.208950321975148
0.438345215496463 -0.585112861104242 -0.172168051795554 0.0426590037375495
-0.0634519647879733 -0.643452770168772 -0.0888770679060185 0.164882371057331
-0.460257778937189 -0.327758648044796 0.0909940372376528 0.219578207902998
-0.464642515555352 -0.0100042621799488 0.176002161993295 0.109247454088097
-0.47765340809791 0.139949825271966 0.18912162306629 0.0337401277323612
-0.48789499109217 0.207488343883836 0.176665834009519 -0.00855206286601367
-0.521470187736521 0.177274816552083 0.182140176843317 0.0166509046916341
-0.485034471569717 -0.0415897512360124 0.0648879048126672 0.0719297794500921
-0.452453158195433 -0.333361954349285 -0.0584562136274596 0.0679003556531534
-0.0821326949160041 -0.679842695027468 -0.047619987411158 -0.144920359997287
0.415163954113866 -0.614970684726439 0.129303606252624 -0.213127639802221
0.690692686550414 -0.146434749484164 0.409146812416018 -0.0771025397345179
0.74313511733897 0.247557929985358 0.511038456414804 0.155509926708196
0.872257067053681 0.191504178071941 -0.0740409416421799 -0.29267377887056
0.782572192591226 -0.245620887703491 -0.181328942644375 -0.184150257768919
0.455828118193282 -0.678219771969104 -0.209695462078307 0.0712587621925843
-0.0964977273349484 -0.708463104930431 -0.116303530101837 0.133726483278955
-0.502207872817732 -0.365054922672674 0.00363254143400302 0.156851482969285
-0.499074535470098 -0.0341133056250541 0.0160283193066425 0.0784757947192132
-0.514145392608448 0.116521863031166 -0.00326626595920163 0.0790102960234987
-0.520946562432729 0.191008687207192 -0.0105954421735849 0.0808586787579094
-0.550642711166729 0.15630809372786 -0.00709129124402492 0.078386470869675
-0.498957329739168 -0.0728597305516396 -0.109738215475494 0.0721580176012117
-0.454124540705797 -0.359400005825895 -0.181282618958184 0.0120916871945567
-0.0718600580451301 -0.705029405267827 -0.115966598905444 -0.192758643123543
0.437730333035966 -0.650017975613359 0.0817595118156727 -0.214063848290218
0.733480997104389 -0.1623054202378 0.271242138401962 -0.0503377686133654
0.815713931313825 0.25109011164773 0.272258773974287 0.0685226684594617
0.845599006857144 0.127224674765482 -0.341220080649071 -0.35259252291397
0.728458903465945 -0.287833919355519 -0.367185021286759 -0.131305447668575
0.398994517227546 -0.652981689561532 -0.230583716923535 0.0952548951981982
-0.105420037505877 -0.648705073678615 -0.136325328073409 0.0847018628810107
-0.456749689873999 -0.34063711554073 -0.0936156006814458 0.0742121492537423
-0.453900723330843 -0.0532252998456923 -0.152198428668969 0.040082548795071
-0.469538464848535 0.0729102920263732 -0.198949701792204 0.114433915228335
-0.474210620863903 0.143443947981313 -0.196081668377843 0.158020769452559
-0.493419857944454 0.105371635472336 -0.195493749961529 0.126631844726063
-0.427828112444655 -0.0983049725480787 -0.265104918883478 0.0575680513279987
-0.365779832191507 -0.328707927970369 -0.272250495031005 -0.0543522989272262
-0.0275962346212462 -0.599023960360141 -0.155742183929136 -0.221509483003302
0.39697452355327 -0.545259140505674 0.0432922819227733 -0.188767272801443
0.643139672507703 -0.130272264655118 0.11829759702854 -0.0100318410924079
0.750613056316261 0.224339931272632 0.016706440810995 -0.00906329745064636
0.682219425719267 0.0448116062922122 -0.577415198138465 -0.376551251593235
0.548560935007812 -0.269122977508296 -0.518339072998201 -0.0663015876532907
0.278007440679987 -0.497762102716117 -0.228018571283496 0.108763207243593
-0.0857664453689797 -0.465034248955642 -0.138473134404398 0.0308668800477257
-0.323011089994521 -0.253555308534104 -0.172374598308619 -0.0148846060926909
-0.328066536627964 -0.0629420484949952 -0.294742508262421 -0.00372932053399192
-0.347581379703766 0.0183109620814319 -0.364170007211985 0.131994266072817
-0.35401002108296 0.073174243045318 -0.352990427736826 0.20997715108004
-0.361291342727883 0.0371919621177747 -0.352668505083356 0.152280234609928
-0.291671980536769 -0.11274874164713 -0.374437449354659 0.0275275434209712
-0.218517621355609 -0.251286817398484 -0.310571223579931 -0.123357812473719
0.0314743424874562 -0.395863267608774 -0.153152423160332 -0.228277763248199
0.299358127724324 -0.343747772890555 0.0249820175587276 -0.14653793493826
0.45091643236984 -0.0670145166212953 -0.0146978892160205 0.0289309697273616
0.563145916667639 0.164364871572004 -0.21131907405725 -0.0685498795343572
0.414473916200717 -0.041695929477104 -0.7421749798164 -0.364701991735305
0.282278984547895 -0.211250866805491 -0.617638271242797 -0.00153277204117915
0.110190475979942 -0.263861840249961 -0.207440044201435 0.120114043871122
-0.0510864322929319 -0.208563688903207 -0.117705142660173 -0.0073749644350963
-0.137360900677731 -0.126374575731827 -0.209191673145722 -0.0905789735969749
-0.147302365760932 -0.0625706674779489 -0.381237516839309 -0.0468358242619975
-0.169526524049755 -0.0403754959060028 -0.471965113155973 0.128025099114193
-0.17966910370489 -0.00796047881140546 -0.457704232881161 0.228521400940494
-0.178666757675433 -0.0334233866445736 -0.455238168304274 0.152497963952665
-0.123735267963602 -0.106443520010151 -0.423416336083024 -0.0112528724801731
-0.0578448851643831 -0.141372956675918 -0.299372790421485 -0.181060555732355
0.0679131268092027 -0.160652171143846 -0.122117755233817 -0.214315677602332
0.156912007768115 -0.122242376091029 0.0225831674030113 -0.101025218574759
0.207595117734286 -0.0146444031316252 -0.108548777185701 0.0565202233804566
0.303860843966344 0.0752425345364739 -0.37897928530882 -0.104346054964972
-0.00576081447198527 0.102762006351239 0.555060211854088 0.0479046363861411
0.0692350810161965 0.0228183133435593 0.255532214772138 -0.132468133888082
0.0256159394177221 -0.0765018338450273 -0.0488340130015697 0.0486407678395762
-0.0622955350932919 -0.0831916004933855 0.0400155079225843 0.207786143948401
-0.101138199659071 0.0253770842634174 0.263280948249029 0.231255091134225
-0.0515845893345115 0.0880235930700269 0.442424619786061 0.0835198756711019
-0.0228891047843415 0.10168637002567 0.499434520711249 -0.13153448390403
-0.00964805546693587 0.0864204685391726 0.476351736203974 -0.24695277104382
-0.0132476305953562 0.0831493924431439 0.483865529765895 -0.165219206804227
-0.0374397534660085 0.0595719467380471 0.412374462702208 -0.00608613262051253
-0.0593166306477182 -0.00305361576851483 0.238384575182508 0.109929588763653
-0.0155292000305187 -0.060563071565049 0.128660188779383 0.00902276354637093
0.043666575983584 0.00122703860899435 0.183208648324945 -0.119720069780406
-0.00165752272974833 0.0523370035579874 0.504900017490046 -0.0754402359915061
-0.0667394959216377 0.0582770005346667 0.776484742610882 0.312875853002166
0.303960953774399 0.165106602993458 0.509028216115657 -0.0226765288532252
0.320701127353115 -0.0314491061113849 0.224257471318565 -0.175994912865225
0.191514100595257 -0.265488643173779 -0.0876269262746645 0.0294998737341192
-0.0585068758038538 -0.299249190018297 -0.010037505969093 0.198605967446263
-0.246124289562725 -0.106191026976554 0.224321000856082 0.25443875958486
-0.221117934744563 0.0645027392131819 0.401634717323163 0.107244206465145
-0.210887632281045 0.142778344141431 0.458396838601796 -0.0881116131793982
-0.207171577515138 0.165120551970527 0.436611384858343 -0.19861124630402
-0.227856410301683 0.151822027026944 0.448193546945384 -0.127788282160258
-0.233512372005413 0.0389477547007836 0.352438938445126 0.0231210651438032
-0.237645532203657 -0.128585170717459 0.173798268128112 0.120484257686079
-0.0565459303511933 -0.317535014283128 0.0817017487607053 -0.0328748946452133
0.191453550295588 -0.254368893245245 0.179725656222253 -0.156426054839165
0.280465775970788 -0.0295917577738617 0.531790436914113 -0.0934181965098397
0.268866235032612 0.129261602768882 0.792966982755287 0.272480556454416
0.580249793162639 0.197923785896466 0.376283100566524 -0.115499482387285
0.542454956132779 -0.10439236077132 0.134311553207749 -0.205257152069762
0.327346972652489 -0.446236075311933 -0.128469980801033 0.0300961415534606
-0.0653167946316663 -0.495550372818741 -0.0499025389851365 0.185919934182821
-0.376606165425898 -0.222464899908267 0.175277337006635 0.249911856364821
-0.366707703202335 0.0362452333365796 0.314563783814211 0.112222769491109
-0.369377537269856 0.165163311103296 0.352015927090286 -0.0348996488803934
-0.372535640013286 0.220089143394843 0.331850453175122 -0.118848877957391
-0.405018711302423 0.196500872880367 0.342288290554228 -0.0681998899049182
-0.393978335837265 0.0108837855528868 0.231867921470021 0.0486207395927142
-0.385753945771337 -0.23702749508231 0.0732366453304028 0.105822804519261
-0.0950749270358206 -0.538919687331179 0.0161336301774144 -0.0875691461491937
0.314265897416242 -0.485061846698684 0.15896069924157 -0.194894414015752
0.526672605623365 -0.112899469033124 0.502562820468095 -0.105397093498129
0.563579825234213 0.182495922224923 0.705060445347188 0.209038546582564
0.786894111240686 0.191552283146401 0.170211348457338 -0.210291737948443
0.707888218350751 -0.198400483752455 -0.0104169363113297 -0.207047942114879
0.40767813868732 -0.613289508392282 -0.170709197566487 0.0512306696459007
-0.0962295305500675 -0.647276433258795 -0.0822567563901639 0.168668671896907
-0.481314522418889 -0.305255324616756 0.108332213378278 0.216200470110742
-0.469347805649964 0.011105917551594 0.184448527235003 0.101382589978434
-0.476507584602056 0.167276560030848 0.193818569043646 0.023403913993955
-0.479600032542976 0.240813553757694 0.175906066577798 -0.0204708044512991
-0.519296293934131 0.209313425439767 0.18242724699286 0.00404078907060387
-0.492243311587896 -0.0196480196926841 0.0701879208347915 0.0679052384808969
-0.47470710758611 -0.312555932011872 -0.0526020698674977 0.0713334486131373
-0.119515375665286 -0.684640322208391 -0.0613045476269275 -0.143237859210519
0.387548372319639 -0.644529870794136 0.120524797243833 -0.219439147693985
0.690620441959942 -0.179804451806279 0.412014762462805 -0.0974604951963433
0.766773875676623 0.212803225858514 0.524632113176573 0.1322464965137
0.89030461581516 0.148359261442675 -0.0880741652971815 -0.288984038739783
0.775559547927722 -0.285028926638068 -0.192395140981473 -0.171992196694795
0.420079343837716 -0.71030015848043 -0.206801892300997 0.0831206121012155
-0.133838036833467 -0.711749231871899 -0.110485246886902 0.138444686469566
-0.528333138778101 -0.3393421348697 0.0172240840413487 0.157682704022515
-0.507549369934426 -0.0112218403047741 0.0207045069956875 0.0802067516219393
-0.514716724089468 0.143723018383355 0.00180607380643358 0.0808212687202115
-0.516086909545445 0.226778724759296 -0.00555441134243679 0.081680059235847
-0.545821042385294 0.189528751732047 -0.00498776098482349 0.0771058311875512
-0.508564530148115 -0.0505247773217835 -0.106836976629157 0.0779104029391393
-0.478113058089492 -0.338283663674558 -0.179071982583142 0.0212003173978583
-0.110300645688101 -0.710503791842585 -0.132338816933177 -0.18821849012031
0.407061558256343 -0.679823068836656 0.0735950577650086 -0.218929539486057
0.733603385897615 -0.200798800110154 0.275083628880862 -0.0657610925216057
0.839901189898085 0.211641642452789 0.277553025132841 0.0549080433124267
0.861275526710305 0.0843376238277966 -0.360296125222862 -0.337821732475482
0.71950861907512 -0.325435783123561 -0.376422058118409 -0.109244916200526
0.365511288527192 -0.681697204942621 -0.225908543884498 0.108719898720508
-0.137787323127987 -0.6519146258927 -0.133170262502909 0.0898003085459856
-0.480548896113032 -0.317108284895177 -0.086028298569637 0.078733770614597
-0.463644287671492 -0.0320731744447547 -0.152115803315893 0.0506507934175584
-0.471674792700763 0.0987443920129394 -0.19221980363403 0.128060026726665
-0.470773254145533 0.174613925254627 -0.187869218912472 0.170102299483887
-0.492095690622232 0.13367566882013 -0.19184007275557 0.137584091963513
-0.438332970117576 -0.0811412661668939 -0.265043050559743 0.0730828062194053
-0.387089213483043 -0.312146119038418 -0.276019165434306 -0.0413415830274244
-0.059103405259089 -0.606694897865526 -0.172911614089318 -0.214325116712273
0.371112833904551 -0.571385396728195 0.0366835112921507 -0.193018695877649
0.644552584642304 -0.162626928052691 0.123920334418772 -0.0197041058290064
0.771551745556183 0.188131619210017 0.0145611643226482 -0.012426147875822
0.692921842537569 0.011628872470748 -0.598612054039802 -0.351464817930941
0.539044292194639 -0.298953597833603 -0.525282143184301 -0.0363718406490565
0.252516070066773 -0.517460591615385 -0.223333275763598 0.121985472431383
-0.108206817874645 -0.46868855263038 -0.138080304306406 0.0359574077184958
-0.342345799962719 -0.237126261462525 -0.171913510613079 -0.00639412495325381
-0.336852696003853 -0.0481317577726043 -0.299623072884755 0.0139931878873134
-0.352560094629553 0.0364047678270795 -0.358545971080238 0.15628883454812
-0.354768741855302 0.0964370855442491 -0.342215242112366 0.232019324695456
-0.36333819123953 0.0572630739130964 -0.34782227097822 0.173639336845172
-0.301541115764757 -0.101675425432786 -0.377212326527179 0.0483896597571897
-0.233504037777903 -0.241655510852466 -0.319648513645447 -0.108302505128833
0.01152815096878 -0.404462036107618 -0.169114740458485 -0.220649070468885
0.283016637685905 -0.362953488186925 0.0204674859362948 -0.150414193994313
0.4515607698219 -0.0902230400263666 -0.00818452744175736 0.0258787467740001
0.580964353456953 0.137198114733531 -0.219086693628603 -0.0630879108589569
0.418111267408036 -0.0631264210700836 -0.763044665561458 -0.336199815401978
0.27429675419511 -0.224706492315216 -0.621355296437069 0.0317964016005788
0.0972176315314466 -0.27316228194561 -0.20262211059091 0.133438740421639
-0.0609144487110777 -0.209811664727053 -0.118203367817379 -0.00233650813571039
-0.147150925414468 -0.119430980648501 -0.215493132299199 -0.0809592810731306
-0.154057551229694 -0.0552251973764883 -0.39002416381211 -0.025719643598628
-0.175723008103992 -0.0311437157923043 -0.468204007931453 0.15867715362104
-0.183044143283872 0.00277591415907044 -0.446431981742107 0.25770011003064
-0.182570658265943 -0.0248354805017243 -0.449667049979678 0.180781916929421
-0.132047364508438 -0.102869204156414 -0.429514350615331 0.0124985807134316
-0.0655366210138642 -0.139988179408074 -0.312789776970745 -0.166951869535277
0.0610519319590255 -0.167748400394966 -0.134073288768532 -0.208174041547075
0.150913562666917 -0.132529635715071 0.0201031611192097 -0.105446406541795
0.208053068816028 -0.0252274266217647 -0.102611184828428 0.0585393824813389
0.312796611893187 0.0599731244999587 -0.390839483611522 -0.0907751092441328
-0.00231053947059806 0.103203072516847 0.552907221220784 0.0244290140580962
0.0692232108137716 0.0187629812020097 0.243634345113397 -0.142092643879306
0.0224725015589194 -0.0756785958591325 -0.0477034496097828 0.0496853883772539
-0.0653249865185327 -0.0790592192873719 0.04914461979846 0.204572104085068
-0.0979924449668373 0.0287604387808481 0.273352651568901 0.216099414830672
-0.0458408095401305 0.0887448829273959 0.444242347253132 0.0592754580994376
-0.0169058274168296 0.101196395725233 0.484469587167142 -0.156911276949682
-0.00436972034199517 0.0863992144454572 0.454162594775356 -0.270779817069307
-0.00901724116842812 0.0833399648281546 0.471466767054553 -0.191808310344819
-0.0324558226775873 0.0608871050837251 0.40965890898491 -0.0286315078828305
-0.0581274204060851 0.00147816243249073 0.243271550247813 0.0969165634883792
-0.0193818695346337 -0.0574889128888981 0.125587422002637 0.00300584117465841
0.0426852178000739 -0.00122885191511101 0.173697308039718 -0.123716987813338
0.000299130461725782 0.0528561609048368 0.493729541420538 -0.0923495768056713
-0.064592807353576 0.0592732006872908 0.784034338979372 0.27850553545932
0.307217685164794 0.149258556096397 0.50282938230298 -0.0417908632377362
0.314196674661497 -0.045995474104544 0.210419351959385 -0.181497178258893
0.175996802557025 -0.269012068540871 -0.0855521294836253 0.0325590965201428
-0.0705676546819534 -0.294136226219998 -0.00135349814742989 0.19615278290487
-0.247488248628389 -0.0936162170294758 0.237123868285062 0.240065148632138
-0.214729981643874 0.0723167147773211 0.40468717934934 0.0850260636747408
-0.202003416334254 0.151046339127529 0.447745883196589 -0.111781633986241
-0.19670920004246 0.176322952614733 0.418325079000911 -0.220631159053918
-0.218312498002767 0.162848214473589 0.436996446401451 -0.15270587118209
-0.228284885697289 0.0487924376763711 0.351281105707891 0.00243112766132955
-0.241835216770143 -0.114608039382075 0.181459494176961 0.111384220270954
-0.0730546931315312 -0.311872089194591 0.0755222861133693 -0.0353996248659918
0.177333304628277 -0.26228029704134 0.16925134515272 -0.159945357655255
0.277078672356566 -0.040977533882912 0.522055005026416 -0.111946746911611
0.272036208791861 0.11425217693211 0.799898524997788 0.238749746439275
0.582277400397551 0.169779125050398 0.368288154688104 -0.127899934002801
0.530482310079179 -0.127101574543991 0.121067668870864 -0.205914850374311
0.298657396291232 -0.456863032417206 -0.125604770815508 0.0358235501004227
-0.0866343848409747 -0.488881596157246 -0.041729089190098 0.18475016650254
-0.381729308098774 -0.202108295072664 0.189324210909326 0.237803385738024
-0.36110673463617 0.0510363379032841 0.318953435473319 0.0950067153057141
-0.358162774583932 0.18063212815481 0.345933494954289 -0.0540156983531384
-0.357325791869677 0.239880194446888 0.318876757417555 -0.135798699074876
-0.391089099704281 0.217463300899946 0.333567167864704 -0.0880521970323837
-0.390198050380597 0.027441633395991 0.232515872763996 0.0339735168571702
-0.393620859564286 -0.215226162680029 0.0806021915342075 0.10001777067022
-0.121681366262312 -0.531805069668987 0.00750508804494344 -0.0870069795034266
0.288077038124753 -0.494761171761753 0.148587452218321 -0.197076922606758
0.517410383230928 -0.134582311524064 0.494627090665932 -0.125205968682711
0.566943725342461 0.154994271411665 0.709017777485597 0.176934494068907
0.787348604631826 0.153781191075756 0.160670283199151 -0.21335909891317
0.688113846591896 -0.226263762396398 -0.020034420079514 -0.199735825302116
0.372353207126548 -0.624621112512287 -0.16592158134644 0.0581319027979677
-0.123984436241486 -0.639727431337877 -0.0750131104892757 0.168467197856225
-0.490856109626063 -0.27813166494518 0.122075472050437 0.207211500103179
-0.464709047953663 0.03086974565685 0.188952415759464 0.0912762786421641
-0.463980268960579 0.187081281582604 0.192503744849466 0.012212143417069
-0.464643422150934 0.26639336729439 0.171884851330584 -0.0302868752390358
-0.500861850596627 0.235279548267613 0.178828704354541 -0.00871221683021782
-0.488858417871863 0.000694144692607273 0.0728228937016792 0.062148041742018
-0.48461958118329 -0.284041587027569 -0.0450479974889975 0.0713959961338464
-0.151626317076949 -0.674193165326954 -0.0718862230345518 -0.137706967063141
0.354028060659485 -0.657845949301942 0.110340855152121 -0.220938940564696
0.676514263054121 -0.20685721924381 0.405171025646973 -0.115176605417179
0.772332367814243 0.174233390429067 0.523756660053487 0.108573070026518
0.888192716541675 0.106246550804109 -0.0972187956450324 -0.280450788020803
0.753280950294909 -0.314748981168257 -0.196838882297995 -0.157324931630505
0.37956983073747 -0.7208491379757 -0.199226134644799 0.0913700397053688
-0.162682786152076 -0.703663993715495 -0.104999097297642 0.139032322054787
-0.538548418606455 -0.307847586347655 0.0290164830132032 0.152685071889206
-0.503393816346052 0.0116674575298426 0.0249070965327021 0.0782843941840542
-0.504410516741626 0.167294288668693 0.00707560439438418 0.0790705385401949
-0.49915916696396 0.254460930319289 -0.00162998414809801 0.0796965277230725
-0.531649699335791 0.216378968040241 -0.00245035191011772 0.0749199323820137
-0.508021092591587 -0.0295130522123762 -0.102447845417457 0.0818238613942828
-0.488969844799472 -0.310083321869952 -0.174473921207646 0.0281923303809694
-0.145469716564306 -0.703127104481628 -0.14381849732127 -0.177520205945958
0.371161505945125 -0.693733303406942 0.0645618061931599 -0.219816679824993
0.717130150844304 -0.228778788463351 0.272522366198826 -0.0802641154351365
0.844915816611287 0.172340037886241 0.275508353341066 0.0413950931877299
0.856532430746996 0.043766663849619 -0.367923433762291 -0.31743831580863
0.696986547901226 -0.351570040783488 -0.374846682119829 -0.0868960523169823
0.327542965587974 -0.691855562575984 -0.217254880419526 0.117871352168302
-0.16435209426709 -0.643460119911625 -0.128904269351291 0.0919484925908994
-0.491447778906967 -0.287783031597842 -0.0781869975008422 0.0802498264126408
-0.463207481517769 -0.00990276984352932 -0.148605989532323 0.0588832787231285
-0.465572938895743 0.119875712346922 -0.18205680550935 0.137047155808282
-0.459130121759231 0.200371658066232 -0.175383741052269 0.177552246934162
-0.480946958331553 0.159047758729128 -0.183680587415562 0.145996260715812
-0.439479965693325 -0.061499862201884 -0.259514074246995 0.0850422064332972
-0.397012918355512 -0.290029633405935 -0.274508480315015 -0.0287239427751945
-0.0874488909823247 -0.601347237799524 -0.183857360259378 -0.20129421813436
0.340020915176195 -0.583174861768732 0.0301495858593126 -0.193650846563233
0.630516294837651 -0.189432336658058 0.125203362597763 -0.0290099536260058
0.776059666798806 0.149565415221671 0.0109748516963726 -0.0150980458089403
0.68856103109025 -0.0219694258715775 -0.606549151141099 -0.324045553003064
0.519703464382292 -0.315929894545854 -0.51769575256969 -0.00918989995017958
0.224310205394408 -0.524841912046597 -0.213808193075316 0.131440401281762
-0.127780591634862 -0.462656595914551 -0.135781860125262 0.0395819754054612
-0.35099037401189 -0.216790035179151 -0.168483094539814 0.000336917625703641
-0.337998279475049 -0.0324695514805204 -0.297306995660598 0.0304880660915172
-0.350833294039113 0.0527202496365962 -0.344356770580101 0.174661964135548
-0.347099978027317 0.115308492717781 -0.323783581070875 0.247644833028348
-0.356454254005718 0.0761524753677005 -0.335043260292121 0.190814141268823
-0.305438665202234 -0.0895823887365052 -0.372186927364471 0.0676001791074905
-0.241828282700859 -0.228951261868579 -0.322512058861265 -0.0932624231780263
-0.00791256767215552 -0.403811530909223 -0.179121777437969 -0.208554180075918
0.262255372276633 -0.373754827716588 0.0156770376745385 -0.151646418707094
0.443503389723933 -0.109039515571205 -0.00383429428529668 0.0211275361224577
0.583434802831085 0.109643897442683 -0.223692635531281 -0.0553524118036516
0.412535418821863 -0.0821059833893854 -0.768607517659111 -0.299302052546718
0.262166171123314 -0.232513240782016 -0.607658756143379 0.061110321176824
0.0840452403882519 -0.274517710869088 -0.19363549234884 0.141317718328987
-0.0687157724715176 -0.207599611160864 -0.117218183016083 0.00048550846373665
-0.152773101153631 -0.109634743624032 -0.216674167062521 -0.0714383601363957
-0.158027936549932 -0.0475244819238099 -0.389072116831531 -0.004168746692435
-0.178404042271547 -0.0224431888866103 -0.452943542283764 0.18354068851271
-0.182178551260661 0.0132444752827882 -0.424905388222364 0.279963810728146
-0.182887086498811 -0.0155267085299084 -0.435548286926876 0.204813570370149
-0.137429025970745 -0.0972924454991589 -0.42480227771787 0.035561287110988
-0.0710768164193323 -0.136342980448519 -0.318842744338664 -0.14962953956809
0.0528287371750964 -0.170963988428111 -0.14261986070505 -0.198127650973093
0.142151690812274 -0.138808485426513 0.0167465641717274 -0.107865415637918
0.204818365323861 -0.0342270511831989 -0.0965245344561772 0.0576033385145529
0.314970177135357 0.04535979633111 -0.394480871977572 -0.0757036690866103
0.0362024160089746 0.0947031183219796 0.523070548561902 -0.156380596615181
0.0717234680040071 -0.0100156536048052 0.176033721503909 -0.206197007500743
-0.00386063770715095 -0.0769449862585988 -0.024962908414645 0.0649861517798045
-0.0871928504889441 -0.0472412208178603 0.11910520616294 0.173701751814457
-0.0769710820000341 0.0591334268901437 0.326803886125112 0.106576952677918
-0.00670978864749553 0.0953125261894045 0.430661432119728 -0.0995861032227755
0.0226382118514646 0.0983405933110997 0.391835075061649 -0.317029785136666
0.0260940879305386 0.078505403682907 0.320171516278048 -0.404051705056507
0.0209996546263338 0.0797969715911221 0.36878908827378 -0.335816803126652
-0.00917474473778878 0.0656437636914667 0.37103389264169 -0.163541701176379
-0.0520427617916601 0.0224950932165775 0.25929714163637 0.00818991406182637
-0.0371736798520349 -0.0442702786428042 0.115625349191371 -0.0351021285274288
0.0381136451431331 -0.0156162881782092 0.119876683501355 -0.167512087323577
0.0127876029368587 0.0497493313611083 0.432000080712275 -0.236916432995776
-0.0481876529069644 0.0755175831042974 0.811818057295336 0.0234196704278277
0.345451374539956 0.0300464707027182 0.446221546550876 -0.193296800325929
0.277762914031335 -0.155680131930806 0.129304885366525 -0.220237637287893
0.0697669463512548 -0.310055475087801 -0.0566181364747826 0.0739917369001487
-0.170250304712262 -0.24511398021545 0.081028776355107 0.185301487955438
-0.255545074398543 -0.00291788091316347 0.308746553353979 0.135566920578633
-0.168849021283062 0.135490825927469 0.40527592116803 -0.0675719976871439
-0.13634474501054 0.208775654172443 0.378555462567985 -0.26633429226485
-0.119887281062324 0.224266157290186 0.303432938556072 -0.350773056487187
-0.145086506922214 0.222146955548774 0.348592216849157 -0.291237096840304
-0.196047257701201 0.116945894129464 0.329795314547996 -0.116565226199485
-0.259475915155434 -0.0245960548184881 0.21160001280639 0.0391695261085831
-0.170562264669408 -0.265357017040332 0.0592572447445547 -0.049461841945764
0.0784449179005388 -0.300890562329512 0.101370512004564 -0.195520023896731
0.240537208460869 -0.127842643225634 0.448040688675369 -0.269845299641649
0.28729148026949 0.0215869772344922 0.808553186647815 -0.0288703039425854
0.61203713876562 -0.0478150025550617 0.284986529448668 -0.220872688214253
0.452482357086187 -0.306704606910226 0.0373841021369313 -0.202086023757293
0.119751845370475 -0.527607375995409 -0.0845179106974049 0.100198449768839
-0.255164712013027 -0.420731692159482 0.0498192330592765 0.19039690278458
-0.416332876020483 -0.0562295705006637 0.270281712221911 0.143408493995147
-0.311814053736866 0.164217824467005 0.33155552755711 -0.0341292913439338
-0.275153372951787 0.290515759533553 0.309318828813707 -0.179597698251636
-0.247516637955874 0.33688443656164 0.241765880064646 -0.243979788189957
-0.286754803181174 0.329246840735594 0.274071076834898 -0.199437155624824
-0.354020979411743 0.14971692980334 0.233078691230484 -0.0506833520178745
-0.433551353465493 -0.0674826076775992 0.120080340954932 0.0614687793087398
-0.285831008469979 -0.453473196590791 -0.0177032805162771 -0.0704473210629334
0.105238644924359 -0.553668277929462 0.0660681293433639 -0.221022663474229
0.435528031906924 -0.294106161536471 0.414598944374428 -0.27620570458937
0.579450484845027 -0.033146996480877 0.701311803517959 -0.0647422616822266
0.799579032910554 -0.132277824801097 0.0589285893231364 -0.228366706780917
0.565819113539544 -0.454556910723791 -0.0923259248233705 -0.141110625674857
0.126413844755128 -0.706270676659702 -0.105183043044686 0.141664963243178
-0.343653885799942 -0.546587492751363 0.0216816674539467 0.185851214522848
-0.541498384448837 -0.089256478356146 0.202462152669412 0.133602770066155
-0.416715068059082 0.180189825781826 0.211681641263904 0.0032491337376106
-0.373749635981891 0.332761052341891 0.194288300617341 -0.06743130022845
-0.336701026736355 0.396203590288607 0.144056358635643 -0.0990912263676057
-0.383706275241715 0.383407819042774 0.158812706525265 -0.0749744303620943
-0.454608255861092 0.15814577218386 0.0959424389067146 0.0262396028666384
-0.53909990483229 -0.102082262508132 -0.00272519789679688 0.0754268964516871
-0.363013732545412 -0.579652512218027 -0.105500433633523 -0.0885785735948514
0.114155942460801 -0.724595604855402 0.0207788315289472 -0.228569851617985
0.559761694379249 -0.413362443740541 0.332355476760672 -0.242830861108997
0.78015091266522 -0.0777089918349258 0.505880622617086 -0.0786139090095461
0.877902885306963 -0.21221071433605 -0.205283804211758 -0.204487723569151
0.594721100585378 -0.559323311764791 -0.2409921617714 -0.0399514261605425
0.0998568067626322 -0.80040421107651 -0.119884621302412 0.186629733685253
-0.403626611274724 -0.592811162321563 -0.0115564855475686 0.167283827538994
-0.59943179371867 -0.102088178980084 0.099932293657356 0.111302646399321
-0.462399041103665 0.176884059646035 0.0562240524563449 0.0459588659782685
-0.420768665129597 0.328390400328765 0.0483898653918475 0.0589741653544028
-0.373526012450994 0.398887044616396 0.0245935358029997 0.0599045926271367
-0.417136192254871 0.376037993926753 0.0196344660114061 0.0614125190685251
-0.481306518563436 0.135664355002469 -0.0597484395551284 0.102392515139614
-0.553021766734754 -0.126712976385744 -0.13608562184508 0.0786888178748449
-0.364258695275339 -0.605964910635532 -0.183661560809821 -0.102834503226176
0.118595360990874 -0.761895313173119 -0.0217577020917415 -0.214410971531104
0.590859544320269 -0.447983451065736 0.217986880343643 -0.170959628397325
0.850524173039046 -0.105289029093515 0.253694838567399 -0.0688277006749876
0.82399466408857 -0.257866160742369 -0.467838811362774 -0.152147046813301
0.528753527277937 -0.570024096327004 -0.379776756671973 0.0808862338280929
0.0628624070781133 -0.756005942375195 -0.128957343393539 0.213419437028748
-0.385266727042048 -0.53787978096474 -0.0535266728053447 0.129856528468314
-0.550277007481676 -0.0983604207596636 -0.0253729450523919 0.0799739699548818
-0.433306121636928 0.143332086859147 -0.112350905745516 0.0883777055473838
-0.402154978703214 0.272615765465345 -0.105961669509886 0.180674494745247
-0.355692090200549 0.337122804583922 -0.0991206386090863 0.211494808589816
-0.390374475762398 0.306271521362541 -0.122190093882883 0.188392533181963
-0.429813862792375 0.0839127301634651 -0.205085519914113 0.158268257406921
-0.462256412710926 -0.138138563626755 -0.249473049596554 0.0611625169666967
-0.278574372424643 -0.531547333202856 -0.229408285029421 -0.114637655388731
0.125293365322034 -0.650603724823258 -0.0451379270831536 -0.182436751092343
0.524965957984485 -0.381162926862586 0.0980420845235854 -0.0782553936506639
0.778479987404706 -0.10449692758448 -0.00869831960097219 -0.0388297197622369
0.641179445565172 -0.258822510145116 -0.685425923403806 -0.0867046422223542
0.376328911233256 -0.474404104713224 -0.485984949285766 0.189480243768757
0.0247833573449914 -0.565446256896166 -0.129423522700466 0.216216318326069
-0.284829053592707 -0.384018440713354 -0.0878258599216391 0.0811688053315588
-0.398836405185987 -0.0801119677084375 -0.14176546391377 0.0400513783924536
-0.328276260365855 0.0831554968563674 -0.260768809390076 0.117843387007819
-0.317941880960463 0.171176619276347 -0.245422878597408 0.274959444497738
-0.28173501820662 0.222519530891374 -0.208949553944662 0.329500394985643
-0.304431069534124 0.188612844689788 -0.245010812989156 0.282578993282658
-0.313995467470647 0.0180351287877968 -0.316428938539337 0.181019830236903
-0.297971352314745 -0.133295269514903 -0.318979292042173 0.0202847264184526
-0.139535338954002 -0.37431661797949 -0.228626054870827 -0.126266058387941
0.120835846990311 -0.430136207025623 -0.0414712731654153 -0.143619726501767
0.376371995529351 -0.246123794613325 -0.00323041086438483 0.00999598402629561
0.586894725070042 -0.0826113030417794 -0.234886875458845 -0.000950124936840496
0.357814481603385 -0.217663463119857 -0.821416762800083 -0.0203026377628362
0.163463373543068 -0.303648465690974 -0.544126706903259 0.270245454461597
-0.01764823457865 -0.285023809042367 -0.120599871260493 0.20540391609842
-0.138890963482199 -0.168602580970678 -0.0981671779261228 0.0382506109191417
-0.180502765830678 -0.0484822803925955 -0.219286392406393 -0.00262897499154803
-0.166986705223532 0.00971976963166813 -0.361230435798061 0.124431718988064
-0.181494763134105 0.0421399035849096 -0.348370190284978 0.325586240949028
-0.164792614633857 0.0745798417939422 -0.290241056782619 0.397835166645248
-0.173891960927225 0.0467035289071821 -0.33212119421485 0.330962902462385
-0.159990939334016 -0.0440010684306072 -0.378264944165408 0.17078605619018
-0.110694621997763 -0.104111807762978 -0.339110607698647 -0.0310525682943884
-0.00767752897509317 -0.17753605619471 -0.193125433330096 -0.133288780734461
0.0857544484174049 -0.174004168161025 -0.0227170421699711 -0.107880122567217
0.179983905146912 -0.0989680264074429 -0.07404772452312 0.0762988872527702
0.314233098620027 -0.0585759007915645 -0.39580396999093 0.03997918156907
0.0372808850681311 0.0944072877361575 0.520133626868988 -0.160887894673364
0.0704646005676457 -0.0113458095012856 0.171183443948785 -0.204473734069932
-0.00336438331240404 -0.0765414781335994 -0.0238921905813283 0.0656022401208862
-0.0866301473618458 -0.0459614110502507 0.12314972892753 0.169721139084312
-0.0754883223978332 0.0594467768246773 0.328491593406151 0.0981153609394324
-0.00401615504330472 0.0931215877646861 0.427986547846001 -0.110390901394846
0.0249792347377038 0.0966324937947512 0.380274794544285 -0.322660209537106
0.0284964564439886 0.0770499743464756 0.305518743790385 -0.406446486217107
0.0238121672635126 0.0787132967721769 0.356870101166825 -0.343986315923867
-0.0066829862523965 0.064230868956993 0.364689928637201 -0.173317807424293
-0.0501316856401017 0.0239766775044874 0.259668813044051 0.00239669292191193
-0.0376165908040501 -0.0415737251081638 0.112983161615169 -0.0361339422554116
0.0365058900596305 -0.0159570774633597 0.117063076823655 -0.164955068137789
0.012669522000209 0.0492686118090996 0.426701761501809 -0.239113263551671
-0.0490244722460765 0.0749363302998876 0.80989179974392 0.0137611876800916
0.343660312694971 0.0243339969859789 0.442541568240289 -0.195700782625086
0.273168372841903 -0.158760879291665 0.124085339981732 -0.217624401522827
0.0644066512474251 -0.308310551884101 -0.0547363756117655 0.074645178698111
-0.172567347015744 -0.242009126492522 0.0840718042888877 0.181551281266754
-0.253248498063726 0.000936462536138209 0.311138877220334 0.126970096418885
-0.165181181950342 0.136677516678338 0.403387222790923 -0.0777332298824479
-0.131390944450232 0.209491171171577 0.368636540274045 -0.272902818447538
-0.113559692399241 0.226796899501426 0.290327436325674 -0.354777051526854
-0.137876937764693 0.224923578381656 0.33736155665891 -0.300103240507444
-0.19298765692379 0.118508402575857 0.325191281658257 -0.125512598123632
-0.257464471126141 -0.0184954472336114 0.212686991559641 0.0333873344139597
-0.175342085526381 -0.260256990322461 0.0564558904476221 -0.0480784365758733
0.0714488903555426 -0.301877618299155 0.0982723474877119 -0.193459088717402
0.237151870723722 -0.131608906151379 0.442430666093603 -0.271957076090146
0.285780955095642 0.0154843829103064 0.805198020807688 -0.0389001933753283
0.606280474704279 -0.0570768864018045 0.281582032999755 -0.222268238172792
0.444148875971152 -0.309933978086036 0.0344478842526607 -0.198382266259128
0.10858211817687 -0.5229520488842 -0.0808277945531283 0.100852143376081
-0.260637494280239 -0.416195277670199 0.0516220420819685 0.187451124601175
-0.412832602726906 -0.0494572463533402 0.273151265113659 0.135189938459592
-0.307811056543549 0.167864657249711 0.330179296679838 -0.0420870984033324
-0.268670747909971 0.293687196496925 0.301478610708124 -0.186687086755971
-0.237295787547699 0.342717729678252 0.231556633174059 -0.247737601682014
-0.276513665164246 0.334919496165042 0.265715374666256 -0.206832770715983
-0.350832484218755 0.153630709479449 0.230088675004019 -0.0574102233216505
-0.430593564757102 -0.0593411002619525 0.121282557130138 0.0566390541319769
-0.294773994505367 -0.447205699072764 -0.0203330463818155 -0.067379832951016
0.0954349243613155 -0.552690731890675 0.0644321464582597 -0.218896733769742
0.429278056126146 -0.299644336694774 0.409603961531571 -0.279307550493471
0.577673284913453 -0.0440771377824781 0.697651682920534 -0.0733003914654533
0.791519405534366 -0.144374724031754 0.056332327437094 -0.226923769806152
0.555031888629554 -0.458779421828398 -0.0920213850111767 -0.136408429271704
0.111429189766035 -0.704078831760045 -0.100572829507357 0.143181981457184
-0.352267857797713 -0.541005984456522 0.022747770333877 0.183486588615471
-0.539909567256183 -0.0793941967372292 0.205249310948098 0.124642701045074
-0.410617780974021 0.18703674986274 0.211188390254953 -0.00247424488192327
-0.368242405312456 0.338878822114596 0.189856521655857 -0.071600554820544
-0.324505879590466 0.404594449517309 0.138675200133026 -0.101952495921136
-0.371004523729653 0.390767426209183 0.153628833230474 -0.0797456750075155
-0.452068394971187 0.16385799572881 0.094486862468052 0.0231810825109978
-0.539399069067082 -0.0925689924045371 -0.00106664236172152 0.0735469732387055
-0.372591131568403 -0.572512633725041 -0.107680425083915 -0.0835428234089592
0.0995838795728869 -0.724284282930539 0.0191342590732129 -0.227487841530758
0.553262923668463 -0.419082627839616 0.327080671921017 -0.248099674838901
0.775282856705007 -0.0916757172476231 0.502183566091521 -0.0841920586955627
0.869121258121951 -0.225309939419426 -0.206170893234298 -0.200991503767644
0.584759918873704 -0.563703727588604 -0.237509141955234 -0.0346737955982669
0.0845389236665785 -0.796821415712316 -0.114432932033901 0.186938777168123
-0.412620132882644 -0.587883239795681 -0.0117911438117207 0.16596211444247
-0.59627099555875 -0.0893373889596088 0.103170878744719 0.104645869450957
-0.45842078718499 0.183903035962378 0.0568810476720256 0.0440066634579254
-0.41455406167702 0.336229372231691 0.0491345985943507 0.056435058171408
-0.361946620841769 0.407802341193029 0.0243419872895271 0.0581185348832905
-0.405960121582293 0.385541185760317 0.0194962336956015 0.0591938038988668
-0.479846729306865 0.142858013489603 -0.057606192815208 0.103032640950221
-0.55200063417212 -0.116103641657016 -0.134267806483709 0.07926935622671
-0.376102496088036 -0.600855875870891 -0.185605525724475 -0.0963463685744864
0.102464307178658 -0.761272376120901 -0.0236067388248891 -0.213903752805926
0.58412535848299 -0.453538614409033 0.213425981413664 -0.176678608310123
0.845573962137282 -0.11910103520769 0.249568233524946 -0.0712053143639571
0.81553130164835 -0.269259077243976 -0.467209652634936 -0.14703006372948
0.519302726099906 -0.57481919308526 -0.374823740343161 0.0862502022067309
0.0483299376792014 -0.751546592366184 -0.122797307268737 0.214154877831242
-0.39336284920848 -0.531706015576703 -0.053901721791744 0.129586531009678
-0.54994743884588 -0.0852006407692565 -0.0222590938572314 0.076387058156676
-0.42956474357141 0.151015691538056 -0.110625801666656 0.0905847333223451
-0.397182777815983 0.281553451543392 -0.101113238758289 0.180151235525217
-0.345496931331084 0.345728937674952 -0.0930840775140565 0.210977189299492
-0.380078116821703 0.314117112196437 -0.117950430360629 0.189630499336033
-0.42921090456638 0.0904360886081865 -0.201981714277678 0.162686564406541
-0.461006763969815 -0.129512357614389 -0.247293045768996 0.064420560337137
-0.288783213479719 -0.527564871609494 -0.230524170717672 -0.107546027856222
0.112512979632548 -0.650720997160734 -0.0468164593796709 -0.182164474268337
0.518136271855749 -0.38633472823168 0.0959834374560291 -0.0838080173786862
0.777142180191518 -0.116947489309408 -0.0113073465988354 -0.0387604608899782
0.63455223315137 -0.268769623292718 -0.68365730572502 -0.0793400314351607
0.36923404533182 -0.476711227020718 -0.477632299180686 0.194845677095364
0.0145812360939639 -0.562925805736308 -0.123878186388432 0.217150327920898
-0.291987218015154 -0.380718468603901 -0.0885997954448643 0.0829886033841736
-0.397801216953412 -0.0705353971217915 -0.140302720932748 0.0403184834608232
-0.326559899146996 0.0899208451446262 -0.258842741188956 0.12304513802989
-0.315983393629546 0.178854945443117 -0.237088718117808 0.277166087900996
-0.275669443332415 0.23038497993317 -0.198358545257828 0.330506799338415
-0.298121873930002 0.194571044099315 -0.237004722980951 0.286625759022747
-0.315200369239368 0.0226843523239934 -0.311624077071532 0.188714261024166
-0.298033427874927 -0.127570798959083 -0.318309963065586 0.0270197790253011
-0.148205027421122 -0.372615232718768 -0.229119265236341 -0.120113696581469
0.111263962786133 -0.430449333109135 -0.0439767326447403 -0.144652767435844
0.37230835696021 -0.248684044106266 -0.0040008763689571 0.00502860511592191
0.584802818456306 -0.0932589844229183 -0.236685051255031 0.00225851304547079
0.353986400769707 -0.222879727509903 -0.819073500742937 -0.0120873245767113
0.161591949645648 -0.302645421720358 -0.535211950800957 0.273759584431567
-0.0219966470791541 -0.283391619158969 -0.115355745004448 0.206778874993782
-0.14194698593492 -0.168049152348629 -0.099446555451186 0.0405924105688121
-0.180722467986094 -0.0429682448777011 -0.218742955220144 -0.000493991910557718
-0.166528845312611 0.0148434655252921 -0.358375698757753 0.131724106704312
-0.181997662588643 0.0481454825031363 -0.336866572582791 0.330869749499426
-0.163359468879166 0.0791061739327231 -0.274568116970259 0.39984360775142
-0.173634279097573 0.0506829502135991 -0.320278920630384 0.338233042099976
-0.162591482878322 -0.04047996642833 -0.372136800016384 0.180267623666236
-0.112116487444304 -0.102076123987645 -0.339534647540923 -0.0231832219054601
-0.0124482203953633 -0.178946518293831 -0.193357967313417 -0.128517920307162
0.0812816554715649 -0.174819530437372 -0.0252093568593975 -0.110226555430589
0.178392103915044 -0.100755778864693 -0.0736791265181558 0.0729136263178767
0.314004380291357 -0.0633816958585438 -0.397309289778858 0.0463488544910412
0.0392873819188522 0.0948020319812561 0.5254837216907 -0.168504712888963
0.0698448655487215 -0.0127215527751663 0.169568319288898 -0.205991892013603
-0.00392661232938123 -0.0776867177838584 -0.0235601024683509 0.0683257558359826
-0.0879369808503534 -0.0453455683876772 0.129070423473705 0.167914874120416
-0.0752911775671042 0.060097832181347 0.336106660678222 0.0908059090546258
-0.00234231581804442 0.09141031910402 0.432371284332115 -0.122563759679251
0.0278095450966408 0.0963325756401457 0.376847816953659 -0.334622043431433
0.0311935226129328 0.0768755384605327 0.297452750453741 -0.41502832750105
0.0276285950780111 0.0785756013422212 0.349564472235096 -0.360080925883647
-0.00401541229074536 0.0649404191421544 0.365181360054158 -0.185775346811667
-0.0487874125472444 0.0259124777279483 0.26405985515629 -0.00379894952270192
-0.0387622939413561 -0.0391578487758444 0.112110104015758 -0.0370951043348968
0.0360523567732188 -0.0163770048129103 0.115977958489082 -0.165611113882342
0.0117846800874951 0.0504001248965519 0.429606051261477 -0.246125556856281
-0.0508694317760683 0.0759663337638559 0.823314769814777 0.00164521857593037
0.347147774532474 0.0173576060114412 0.447180160881069 -0.204198674850291
0.273292688018203 -0.164644865819361 0.122759598941622 -0.218800028096882
0.0586720880214011 -0.311835115376106 -0.0530628732636102 0.0773136848454783
-0.179170333864978 -0.242791259640403 0.0880642051163102 0.179660207827863
-0.256275371184127 0.0055395751617564 0.319411182225975 0.119015251671237
-0.16450697930504 0.138596852958275 0.408148204604252 -0.0891770159828796
-0.12934488631498 0.214711391321756 0.365591332905429 -0.284720843202229
-0.107853157962605 0.233465105518494 0.28224297450935 -0.363021948162657
-0.132100897313253 0.231118605859667 0.331183969792059 -0.312855203652633
-0.193667333501541 0.123128915315002 0.32545227372566 -0.136850070820522
-0.258895872717296 -0.0136732229566873 0.21693142620405 0.0279270909742171
-0.182852969507918 -0.25967964333962 0.0556262876902726 -0.0478382257629575
0.0653187488573123 -0.307206918070919 0.0979077349377765 -0.194788599713982
0.237674872620508 -0.137362904722017 0.445473456173566 -0.279680723094092
0.288218473219805 0.00931191254626088 0.816731528607588 -0.0499370666175466
0.61288433492839 -0.0693762627131791 0.282437111451699 -0.227476748836047
0.444378959606747 -0.321165909102347 0.0327276619545378 -0.197602583929642
0.10003544403525 -0.529017503059291 -0.0780624107483019 0.103001594506508
-0.271590923149221 -0.417766473625467 0.0542654506993942 0.187052718220831
-0.41822215650411 -0.0412512395970566 0.281131695190169 0.127010056707376
-0.308275742269501 0.173992982189664 0.334263328350743 -0.0520288497739394
-0.26740589067566 0.303923057313004 0.299083601728665 -0.195079947066755
-0.230098092393989 0.354418226610187 0.225393825708934 -0.254721922999061
-0.269447481360328 0.346085480398045 0.260752815093727 -0.217022365013739
-0.353956054838411 0.161166478763575 0.230202838159662 -0.064608729231116
-0.436692444995595 -0.0517443183504198 0.124344605771617 0.0536455601960518
-0.309748068227895 -0.450077671746527 -0.0232090288865261 -0.0648687128697138
0.0836322533829139 -0.562495855474669 0.0636548660392702 -0.220343533323003
0.430364306853539 -0.309590181759312 0.410315487841931 -0.288991701320471
0.58595560670293 -0.0561696707553924 0.707051208702501 -0.085768556771807
0.796937607444367 -0.16170260201297 0.0540471626141626 -0.229461624625495
0.556133871987824 -0.472685528086993 -0.0933150490956823 -0.134777778454081
0.0993873466942447 -0.710862815423153 -0.0968653178230434 0.145394626310104
-0.367726123093658 -0.544027667253295 0.0237412800091756 0.184658205466694
-0.546975495768172 -0.0687037614354062 0.212102323499513 0.118612651631804
-0.414533635660358 0.19615003200256 0.214366952172979 -0.00794519691485867
-0.367403147332639 0.352076619058774 0.188905574531082 -0.0776053469292208
-0.315846991331666 0.421311546877505 0.135652997003043 -0.105986477490464
-0.36437597268995 0.404739004570775 0.150728400372954 -0.0868241597342944
-0.457811506629013 0.173445444059622 0.0948031121866865 0.0206377987792735
-0.545344738507879 -0.0835173562943508 0.000151756388696809 0.0725050878509756
-0.390529473089102 -0.574123898989678 -0.111125222320719 -0.0803195216296401
0.0862992656074459 -0.736127976016441 0.0176396934530367 -0.229870352216828
0.554587890063085 -0.435313448532235 0.326082039581506 -0.256219943508928
0.786317845816801 -0.109262940492428 0.50612106518053 -0.0942717014927957
0.874743314631516 -0.244295137740813 -0.211811576703484 -0.200059473062268
0.585548877743253 -0.578552235327341 -0.238697731617951 -0.0307597669593833
0.0680972728925581 -0.804649610532577 -0.109276541705363 0.190682732845686
-0.428561047542208 -0.590203668247087 -0.0121211825441132 0.168180252630277
-0.603786115406527 -0.0774417929556838 0.107391241940952 0.0998967691794573
-0.462331653070768 0.194536327698461 0.0576033512580107 0.0432580703279812
-0.415664921065314 0.35100892217174 0.0499606774540261 0.0551519098935613
-0.35627086022286 0.423686558833731 0.0248712016494986 0.0573530716146298
-0.400261133676192 0.399601287068679 0.0187739961923106 0.05855565702764
-0.4872752993599 0.151670115425633 -0.0580335307348933 0.105611238564849
-0.559142740900833 -0.10794305264671 -0.134966608169891 0.0813047772833621
-0.395450311952328 -0.603333866399579 -0.190011306633882 -0.0920262599903475
0.0885494597886724 -0.773729063344841 -0.0263460834550285 -0.216276987784293
0.586947651568595 -0.468485198494438 0.212373836662323 -0.184060837408076
0.855583156989251 -0.138325099047597 0.250376369182071 -0.0759108366323569
0.820242665825379 -0.289399003112057 -0.475868541287668 -0.142037869408739
0.521112530008472 -0.591378272565681 -0.375699124777462 0.0931040060775861
0.0330962407835357 -0.759822868480786 -0.117768077716809 0.217986716280137
-0.411200678018731 -0.534383222416888 -0.054517511067171 0.13336769640232
-0.558484446920833 -0.0743465487737824 -0.0213015514947874 0.0745582089317534
-0.43438673022145 0.162760724339107 -0.111258384308856 0.0940466966894176
-0.39991008401859 0.295330878268955 -0.0985255715266291 0.183711992344524
-0.341255675402124 0.361382750310081 -0.0890413778646391 0.2129946267493
-0.374602907076638 0.327044404408109 -0.116042505637311 0.194174232976931
-0.436052444902164 0.0994581662029129 -0.200955192221609 0.169888514573435
-0.468701381025363 -0.123409550821429 -0.2496214175209 0.0708432225721953
-0.305501277958282 -0.530166338731443 -0.234575397640943 -0.103010739329605
0.0991142863609707 -0.661099710284904 -0.0503066506884669 -0.18536710419468
0.52036522718244 -0.399571642524338 0.0942608834141319 -0.0901531321343054
0.78676238850798 -0.135058906929714 -0.0147563081569816 -0.0384669591772877
0.637436421322909 -0.28313941148259 -0.69400141211754 -0.072957150595913
0.372332551443123 -0.487812801540465 -0.479247975019441 0.203620208984462
0.00443178289498072 -0.570043737410253 -0.119989014365991 0.22100298274565
-0.303437437440001 -0.383456190634329 -0.089804747213167 0.0872596572697123
-0.403741854225334 -0.0617909007432048 -0.14225107388627 0.0412613313595843
-0.329895425200425 0.0995908730806296 -0.261759576499365 0.131526826205987
-0.318845758110645 0.190831868034708 -0.233061231100556 0.285044903137605
-0.273681259472978 0.242443416578862 -0.191212377591189 0.335745054825365
-0.29804652327247 0.205456119185246 -0.231838653990384 0.295417997882361
-0.321749678143832 0.0287742034353769 -0.310585051332099 0.1989736947067
-0.30440789250852 -0.123679069947582 -0.321465679590419 0.0336282067311013
-0.159349627111225 -0.376420169435141 -0.233420776002618 -0.116266676535923
0.102858500173775 -0.438727972792268 -0.0477654263901203 -0.148732178721508
0.374968850995483 -0.258055205873856 -0.00568657240028208 0.00117622284105251
0.592742910790722 -0.108054578091773 -0.243575141479925 0.00686000100890156
0.354765257700349 -0.231678849585997 -0.829391091634781 -0.0032500380587252
0.16157263629366 -0.30895898699395 -0.535294788622571 0.2853485324151
-0.0272692623114712 -0.287638662758878 -0.112355670026758 0.210885380882835
-0.148214280204449 -0.169461434456784 -0.100601419909299 0.0448632184736641
-0.183824075093344 -0.0390590841522648 -0.223774937471718 0.00357027598001735
-0.169062507854125 0.0199516722493788 -0.363322448358446 0.143076021096032
-0.185117892832935 0.0548560145130352 -0.332569012762512 0.342797664154796
-0.164324389437641 0.0858488090792847 -0.266068362112029 0.409601317834101
-0.175397174125919 0.056132255536608 -0.314010654747889 0.349171860674639
-0.167783865394105 -0.0371599979209733 -0.372435724978762 0.192833975074693
-0.115725409490271 -0.10194998929498 -0.344874608915777 -0.0150270758335395
-0.0177983101447628 -0.182523873594569 -0.1968560732965 -0.126740912984042
0.0775876816886785 -0.17881301147634 -0.0287893465735433 -0.113976207894371
0.179858181098404 -0.104339796157449 -0.0746022444456015 0.0708174075147536
0.31944111403023 -0.0720419717363643 -0.404322701445529 0.0531277329195404
0.0434270475875392 0.0950074666652127 0.533799839469843 -0.188675136077898
0.0699311618881072 -0.0164345826879575 0.165526568741528 -0.212653187438798
-0.00629691372294224 -0.0797744336151685 -0.0209237107096399 0.071579666168913
-0.0909892463971975 -0.0435394635107318 0.137641607043223 0.163923170391289
-0.0744675269527369 0.0630398508873858 0.347087933475182 0.0773722406553901
0.00081276188573382 0.0904899935574148 0.437887101901617 -0.14537007651648
0.0319161063626714 0.0964392077863078 0.369160445748652 -0.355762093118914
0.0355058786014524 0.0768453708945336 0.282794465185671 -0.433134927450536
0.0326209609916742 0.0776946420062472 0.338320207255355 -0.382414216615167
-0.00075371816447845 0.0652930162349178 0.363607968439424 -0.206505314287352
-0.0477353355722527 0.0277055703139302 0.270115563220563 -0.0150145934677568
-0.0405085693258658 -0.0366594767830607 0.112667651970133 -0.0411420054148852
0.0353557769319083 -0.0172810242780686 0.113544928213364 -0.17020427799835
0.0120036671883556 0.051285691943756 0.432366026616028 -0.262935838787381
-0.0518862140149162 0.0792164273229981 0.8415408385119 -0.0248593450827866
0.353855940078441 0.0052369912212674 0.450624946100535 -0.221095050303898
0.271845012317895 -0.178042982122418 0.118099469492451 -0.224467771922546
0.0490806565539514 -0.319532490338971 -0.0504978950716923 0.080016111083061
-0.191094118722307 -0.242352482167717 0.0948655333066321 0.178352805108052
-0.260526556632253 0.0141294036286576 0.330868940647997 0.105583701971205
-0.163343004593278 0.144969081620583 0.413048984923023 -0.109558909009391
-0.12416879594778 0.223967241661459 0.358343017621682 -0.304418510064308
-0.0994816887955851 0.243441555070678 0.269514715708093 -0.378609610093232
-0.123506470758705 0.240430915619713 0.321203684307891 -0.334814317277236
-0.193037635599794 0.131613826478445 0.324455516250655 -0.154356201966835
-0.264098144881576 -0.00410789391330186 0.223020397802079 0.0190880773788681
-0.196876487245323 -0.258216977148233 0.0541140000543198 -0.0495211122872331
0.053908429338904 -0.316133001323673 0.0952850315035046 -0.199035124480186
0.237178482866469 -0.148249315525145 0.446080939427203 -0.298169821633206
0.293350143107624 -0.00215353849827389 0.832324844242496 -0.0792610056983455
0.619910343824406 -0.0944326796573056 0.28095443206355 -0.238977035448065
0.441787833994082 -0.343022054970186 0.0282023210558659 -0.200861782614544
0.0825290946680046 -0.539551536996986 -0.0738882927345833 0.106840194785323
-0.292390329202789 -0.418035579566952 0.0597058000305427 0.187225800503587
-0.426803092711835 -0.027617350445805 0.292173005225502 0.115018197374643
-0.309306697406725 0.185985521907802 0.338808399415965 -0.0676156894192612
-0.262324056979027 0.321291476670413 0.295447297806073 -0.211494680777674
-0.218486057028227 0.373305903375964 0.216158657876104 -0.266296706816037
-0.258880616231638 0.364538178596454 0.252738498115074 -0.23391671279897
-0.358058094080532 0.176725138917528 0.230280577767783 -0.0764043726157464
-0.446771857795795 -0.0368464111677109 0.129463615734908 0.0487740438185503
-0.332680577359147 -0.44823066628618 -0.025785830537262 -0.0643733230717523
0.0614047695536775 -0.579372113878562 0.059961129283445 -0.225581040056145
0.429719866009088 -0.331879137036704 0.408575922949131 -0.307664464854877
0.593907165252509 -0.0812039084923824 0.717799906966977 -0.109708164253786
0.805299104866716 -0.195210355661394 0.0480636252551405 -0.233132482159025
0.551899300260966 -0.500597867542444 -0.0983740262223331 -0.132858409170106
0.0749506878776147 -0.72538154705286 -0.0908628756032215 0.150039142074834
-0.393497146775859 -0.5426815330508 0.0288113631962202 0.186718094378249
-0.558763235031391 -0.0494393828726459 0.221667225416302 0.108413856221979
-0.416643077019777 0.213582471631275 0.217347247184986 -0.0173726399816589
-0.364018879601052 0.374905181453836 0.188528567587916 -0.0867771995176996
-0.303488362039349 0.444985671088355 0.130600990871618 -0.113131447702399
-0.352191198269227 0.42812594344414 0.146319094574984 -0.0958227954155251
-0.46489231122324 0.19347949003485 0.0957783167593543 0.0170110279101605
-0.559360841194686 -0.0662387211361385 0.00266730586430796 0.0735997012630186
-0.423344754448008 -0.574115203590972 -0.115810245316288 -0.0770373206304074
0.0582176077480417 -0.756074368607604 0.0117456894558664 -0.234761038282683
0.553161855336819 -0.461725962306005 0.323231645350853 -0.272514616710452
0.79978582310718 -0.142573687285176 0.510861591315512 -0.112058744004271
0.881705185975524 -0.281704694491339 -0.223504033666137 -0.195328800939702
0.577617109218214 -0.610813571031281 -0.242748687729858 -0.0224275489272634
0.0401491438395584 -0.820290161361276 -0.102314656573938 0.196116588227745
-0.459853663896127 -0.590171550614624 -0.00848859107767484 0.172920249539157
-0.616687935695402 -0.054579790384423 0.114286515886925 0.0933108507985895
-0.464463595296703 0.215565097821613 0.0595441445861406 0.0413861892696369
-0.41281278593649 0.37720076900559 0.0523034926685576 0.0531055688149179
-0.34290910028208 0.449910543362712 0.0259314083282581 0.0571225250000426
-0.389212178143498 0.424715722635743 0.0192059329125978 0.0576514919229402
-0.495063621664911 0.17186513718218 -0.0565931016470952 0.10968765315476
-0.574264767452908 -0.0913191966792207 -0.135365852384027 0.0881468905122731
-0.428022185602632 -0.60280514859163 -0.196173413703989 -0.0857358333053713
0.0599477958445822 -0.794797810765738 -0.0338576280743344 -0.220687442498686
0.583767059392722 -0.4981547190339 0.208715863385211 -0.197070677523074
0.871375247382305 -0.17510958869174 0.250990864593571 -0.0855461424702257
0.824385713641759 -0.32605225027276 -0.491575560626432 -0.128653699120376
0.513826066499383 -0.620159244777964 -0.379044428709194 0.107014783616101
0.00528617592788532 -0.774768300859617 -0.110056202556059 0.225671842267755
-0.439748470143009 -0.534510154600787 -0.053029234137803 0.139638009792871
-0.569959261217172 -0.0534596863485986 -0.0185505213611068 0.0736089166260538
-0.438674273833218 0.181953823648353 -0.112090297036138 0.101810759872653
-0.399069863061659 0.320237377142301 -0.0929379000202673 0.18939096245526
-0.331249768502022 0.3849316591625 -0.0831653172825831 0.218674416658265
-0.36833294592195 0.350283898241705 -0.110024180825488 0.200781668074361
-0.445792163999305 0.11771680593416 -0.199245949204375 0.181918213019779
-0.482485073275828 -0.109324278378248 -0.252963326467824 0.0805925977917526
-0.334096921746575 -0.532618660522134 -0.242465846759649 -0.0959477527782364
0.0745966645737466 -0.679316276241217 -0.0575538213526519 -0.189601137272597
0.519058955300712 -0.425200024492267 0.0901910539163067 -0.0977140457626494
0.799412423895028 -0.169728358362575 -0.0189749353212587 -0.0386928632099998
0.640455690546456 -0.312597653307089 -0.711314804755579 -0.0504790629802273
0.365397704162722 -0.51149495650517 -0.48100859142271 0.222683390715394
-0.0156524555503069 -0.580698974489516 -0.112776134850232 0.228866320347571
-0.324761696526266 -0.383722884007904 -0.0907042558437002 0.0943401639747724
-0.413155967164452 -0.044864221234401 -0.143694534104896 0.045480070520854
-0.333808452498544 0.115572487956257 -0.26461095510466 0.146599594918498
-0.319965813428911 0.21101719167128 -0.225030316698932 0.299491351228936
-0.267313861757715 0.261452697288355 -0.18060406110431 0.347508158513224
-0.294572428811023 0.223010779733272 -0.222884082554763 0.309603382231293
-0.330373699170349 0.0419019425792128 -0.308900674945056 0.216907584615548
-0.314787699687836 -0.115778735981349 -0.327378235173203 0.0470135563466098
-0.179248150439855 -0.380429406302278 -0.242074434127437 -0.109594206992537
0.0865796976941196 -0.451705757812102 -0.0549543324777769 -0.152324693621657
0.376004589662342 -0.276631655845891 -0.00785630738260998 -0.00157950142044969
0.602365263647231 -0.134128699575593 -0.25116710364915 0.0163035183147327
0.354377935512988 -0.248575985379011 -0.846917444697823 0.0212717959105638
0.157735865994097 -0.321197239005737 -0.537918374431486 0.306425647162455
-0.0375582103745388 -0.291872765167891 -0.105649050008579 0.218527263553475
-0.156698848834386 -0.169925864819765 -0.101406474453103 0.0517125418790067
-0.187963779024885 -0.031078819469723 -0.228868585414915 0.0109404407534532
-0.172270775828209 0.028279111067371 -0.367675872142959 0.163595992418143
-0.187743598094928 0.0655989798570746 -0.32272783729186 0.359897888227403
-0.164132022433783 0.0968198223661291 -0.252292841279373 0.425256108635226
-0.177639577590385 0.0657561406746194 -0.302606607464587 0.369500648712209
-0.174739745167809 -0.0312151501750455 -0.370804125076464 0.213522237022968
-0.121317391379624 -0.100019934966781 -0.352394731410778 -0.00038563810368284
-0.0272788498245792 -0.187150041904419 -0.204689404315009 -0.121434165499085
0.0708387898226737 -0.185989643346946 -0.035989684109727 -0.117901776942984
0.181450078075123 -0.113230389677921 -0.0752117660932238 0.072233747846
0.32521950801911 -0.0873848081344064 -0.413667199971571 0.069882503195764
0.0488079300167251 0.0932134823042301 0.53024249444002 -0.217311696367234
0.0678770675447915 -0.0204743687621353 0.157754189887761 -0.219328383005331
-0.0101664312004971 -0.0803839167439051 -0.0159803731232336 0.0742033562243364
-0.0942663790339131 -0.0386168164470168 0.146588256482463 0.155124852123272
-0.0724493549627093 0.0662162451214778 0.353488296677737 0.0553099149417143
0.00448983122512083 0.0883110084494774 0.434009507209738 -0.175141098198996
0.037827067664955 0.0943435719869505 0.351225599791101 -0.379885399327442
0.0402045686373747 0.0739101112785078 0.25818278815455 -0.448888414335499
0.038589222505926 0.0749140951970783 0.315102056336777 -0.405307948940239
0.00406625530107447 0.0643308061304571 0.352657586944376 -0.23114810776823
-0.0456956906034074 0.0311353537599998 0.272295503097492 -0.0308738117340827
-0.0415852926158492 -0.0330073562443927 0.110180788581156 -0.0462117529207254
0.0338868124302653 -0.018404493970836 0.107730920754752 -0.174798071282822
0.0124755901265193 0.0529822758326821 0.423632910334869 -0.284125338993452
-0.0502116314105865 0.0831015784550729 0.848553829316363 -0.068474938242651
0.355177240273159 -0.0151266591890675 0.444171584717591 -0.243586439879169
0.262493768305422 -0.193151575503642 0.109192724770329 -0.228805708724121
0.0325630012943681 -0.32264791501292 -0.044717719238068 0.0832226695051951
-0.206190734656176 -0.233847323164869 0.103231899495204 0.172756814455552
-0.261282150895041 0.0277900456514122 0.339487419131473 0.0840278842787002
-0.158359429783549 0.152933307407815 0.411570513481447 -0.13747625970071
-0.112696991713434 0.233303760986014 0.341722651424558 -0.327616577812125
-0.08529500114517 0.251241429707435 0.246375777275551 -0.393344455990017
-0.108421303591103 0.248478304213208 0.299005106767194 -0.356842452004385
-0.188579607947226 0.143162886671538 0.31613538185784 -0.175715830517305
-0.266621787870634 0.00983554794562261 0.226654552232648 0.00635681204190877
-0.213754892675851 -0.2487979469674 0.0514356154087451 -0.0515790405964796
0.0352949921106413 -0.32157808400178 0.088501270957468 -0.204067763509055
0.231238835761788 -0.160149232236691 0.435448042950734 -0.322290670384298
0.293799213412581 -0.0185549871875694 0.836415575928944 -0.122467093647895
0.616560927180719 -0.127911267279999 0.273793405285098 -0.252441437750863
0.427878903743131 -0.366894456507068 0.0204173245896529 -0.201593532653791
0.0528225034108284 -0.547530520392469 -0.0667901021879344 0.110157260851014
-0.317563693772402 -0.407966725351191 0.067745234095141 0.184967554808561
-0.431723142501588 -0.00382783506747606 0.301345237486278 0.0948384077328354
-0.303222680385026 0.202572915193449 0.338029491747497 -0.0890534402219435
-0.247841011619567 0.341420523377773 0.28387568208008 -0.23034854896567
-0.197068536373078 0.38997987846815 0.199375138954174 -0.278287282009623
-0.23760609646742 0.380797069336392 0.236340871734629 -0.250942536203045
-0.353381816796544 0.198385076298187 0.225373126385376 -0.0910845864304873
-0.451962632720885 -0.0133598954997024 0.133903661526705 0.0410201913535509
-0.36362769791565 -0.435510465394498 -0.0298960496080948 -0.0621144338904754
0.0303239825221072 -0.586781825038705 0.0509717317600678 -0.230292699362253
0.417230776116639 -0.357559340100656 0.397212522993869 -0.329233400768253
0.593668129254574 -0.115623043039955 0.716749662629432 -0.1475291277211
0.798941637722232 -0.239024822375189 0.037691272985952 -0.234712419060214
0.530161970855675 -0.534640101849979 -0.104106803498016 -0.127389951212159
0.0374819626316453 -0.732760972661998 -0.0815089084138941 0.154106659824268
-0.426027613405961 -0.530589088845764 0.036047206443324 0.187684130236688
-0.565053897175747 -0.0181189124887151 0.229784892236266 0.0920680404614132
-0.410219854238353 0.236051812708539 0.217855791964222 -0.0303988939400273
-0.347171287698836 0.403076100821807 0.183950755105709 -0.0995725863070133
-0.27926415039453 0.468138481986919 0.121783885348382 -0.119516623549672
-0.327418332714933 0.451209717234294 0.138167035837875 -0.105968351963217
-0.461528032674824 0.221076455659019 0.0954341129194843 0.0113279492653679
-0.568195412540343 -0.0385582212188838 0.00615984326445249 0.0727839274502314
-0.461133012882851 -0.558439357719123 -0.121457775412794 -0.0705840973258403
0.0172425321809308 -0.766420056965243 0.00174932773304833 -0.238298894152877
0.536121251986617 -0.495953452814867 0.311783756011593 -0.291302372855978
0.798786249268752 -0.190309424511274 0.50887046110889 -0.138389190846996
0.869937461974386 -0.329564125576376 -0.234674464669411 -0.182457174599995
0.554458038878772 -0.646498650789275 -0.245156203838903 -0.00986573418678242
-0.0020783141064007 -0.826343203476781 -0.0909356461729806 0.200597980812258
-0.495966017687686 -0.574382885954106 -0.00252187491554191 0.176408716779031
-0.624821935125399 -0.0208435352518304 0.120385062474889 0.0837405758527908
-0.457093626726811 0.242383193842774 0.0607315056443475 0.0390690344238552
-0.397171959967306 0.407943445939134 0.0546336223438605 0.0492236768310014
-0.316842345758636 0.476993214903826 0.0267962070931358 0.0557309542122343
-0.365508383504924 0.450690743981307 0.0197085821714364 0.055994622687377
-0.493866570809014 0.201621556389896 -0.0526596968236571 0.115174999359765
-0.583403832187594 -0.0612308765262552 -0.131418995099568 0.0948780448376509
-0.468376483256899 -0.5889331962986 -0.203135828279301 -0.0763719438525322
0.0152930305163871 -0.80687877638491 -0.0451421894379529 -0.222101639325299
0.566034743667721 -0.533770386936498 0.198403575154916 -0.209810772732979
0.868766289214801 -0.226814909120388 0.245780633669123 -0.0989800227679981
0.811454903687798 -0.371544217152742 -0.502115361238353 -0.102811286454234
0.489325100168071 -0.654276659092421 -0.376879612235849 0.127595856806433
-0.0341987050906665 -0.780946110581741 -0.0975944763679667 0.230212437359983
-0.474376837519527 -0.520650776775871 -0.0480116657236815 0.146511839355468
-0.576183716935405 -0.0214108595953626 -0.0150944050013944 0.0713446606016264
-0.433206042606652 0.208786384864795 -0.109116133122828 0.110734225644995
-0.385174984125396 0.352139616843336 -0.0836916970936706 0.19474881003876
-0.31012445314503 0.410386563315644 -0.0726463574778323 0.223802600988679
-0.349998565217739 0.375464853289179 -0.100680268640765 0.208391332429218
-0.446359883833158 0.144379062135784 -0.191460297807376 0.196665544142252
-0.491199611915742 -0.0855778766439952 -0.250778897896087 0.0951118621628473
-0.370329554353039 -0.522227257919776 -0.2498598835853 -0.0837689395797983
0.0359196482457446 -0.688602329403378 -0.0689999598027664 -0.190089972832901
0.504355522951254 -0.45744960293584 0.0832762084836538 -0.104849967446483
0.796802348086223 -0.21817304531233 -0.023908972261845 -0.0377370469811303
0.627343237752417 -0.348510921318976 -0.722993581189627 -0.0146384134234142
0.346119340245935 -0.535243484022432 -0.473798593026492 0.247675556150973
-0.0473716607469072 -0.585812214198382 -0.100590043222733 0.234603843042522
-0.348992135663767 -0.373730020950131 -0.0866855094431599 0.102892295520595
-0.418961993150872 -0.0221129791276246 -0.143277508048882 0.0517624008403453
-0.331506763559486 0.13647160856365 -0.260140633263384 0.165383744111738
-0.312624253371245 0.234417146728817 -0.210057486910516 0.313170087974424
-0.254490446008807 0.281894609421763 -0.161985755096185 0.358133271735391
-0.282825216446979 0.243304190546618 -0.205387414983401 0.324264037293377
-0.333125857457125 0.0616673513666873 -0.299083019886311 0.238022482738803
-0.323682833007658 -0.100408494796064 -0.326759420370171 0.0662865498906769
-0.205466781435936 -0.376027435135 -0.249004620858063 -0.0985190564045948
0.0609241661092984 -0.460062831981319 -0.0653338607838333 -0.153352393376447
0.365767678490388 -0.299151680053984 -0.0105848108931031 -0.00354404819050741
0.601840555790518 -0.171321389491067 -0.255538020216494 0.029365951344347
0.344146741465534 -0.268642030679763 -0.854397676202003 0.0633730214450597
0.146142343610467 -0.331213727526178 -0.527564983539846 0.333538029308187
-0.0523492162549782 -0.292772586333565 -0.0949922836534331 0.225088135930701
-0.167907268436899 -0.165539051784658 -0.0989737130221026 0.0603182263452506
-0.190383990128106 -0.0195312517507789 -0.231136144733403 0.0236437041912491
-0.172598720313695 0.0407621042379124 -0.363607754618057 0.188651084545573
-0.187525807947074 0.0797973701924113 -0.304508194587343 0.381413244308067
-0.15986979825931 0.108769053468155 -0.229385470757643 0.438482206892488
-0.175059454028015 0.078500144408998 -0.279705289591471 0.387876636095982
-0.180328787793196 -0.0203696467156552 -0.360009365099127 0.237812650549869
-0.128523625660463 -0.0949870467806163 -0.354659915666782 0.0207271614748415
-0.0410320742818539 -0.188106853715197 -0.212097997719433 -0.111163817043759
0.0597793024305118 -0.190590975801172 -0.0447488539693629 -0.119498238406558
0.17927889197029 -0.124461817701621 -0.0748957377221667 0.0741967047354827
0.324225743870153 -0.109289543541534 -0.416411579296387 0.0922215740280153
0.0699033984473662 0.0702386686446233 0.474768206422982 -0.292320661875917
0.0596705561717565 -0.0378262586215723 0.120321874526464 -0.232180913502201
-0.023892543544159 -0.0757657202005907 0.00230746355443141 0.0758434396071964
-0.0935629196563247 -0.0180404187590599 0.170344729040743 0.122438574868881
-0.0517669495242385 0.0727250920478942 0.35099506068811 -0.00959962483020761
0.0241897932112191 0.0724852217726703 0.387493124694369 -0.243636055066419
0.0544690834442144 0.0776453828142263 0.276671227689209 -0.426690359802654
0.048037897248228 0.0576184969008329 0.177550254882692 -0.470098424034185
0.0481433798047475 0.0584290367717841 0.245895905348306 -0.439308947513551
0.0117713930926558 0.0569669568358234 0.313468019075411 -0.278319571554228
-0.0388310046228926 0.0346021923797591 0.262490895390209 -0.0686543289566028
-0.0453456022216937 -0.02536467737085 0.103450708147944 -0.0577465657974216
0.0262911927417678 -0.0224865114525977 0.084817763536504 -0.183879705257927
0.0129435085032278 0.0509036969703013 0.383632607646013 -0.335764436925895
-0.0424956686923077 0.0817644963209934 0.821829584287335 -0.168682816447124
0.343484443572468 -0.0877724784320084 0.385460257026644 -0.289116194873463
0.216019207105431 -0.239179365289681 0.0761464138699385 -0.222505658638519
-0.0252993509446514 -0.317343529187558 -0.012677227120091 0.0962337241489204
-0.238244259828084 -0.188336228422495 0.142763975014287 0.146567394831222
-0.240259421518302 0.0682727377660126 0.345686247584516 0.0108594091736691
-0.123714965307137 0.162412108021024 0.37049273174502 -0.20885942577725
-0.069340855278435 0.243872651363476 0.279568164953038 -0.383658568468197
-0.0447072745404405 0.248536326287842 0.171561307631824 -0.416873360182916
-0.0655616385879201 0.253906752326642 0.236449250920626 -0.391286164577968
-0.164767686223975 0.166744040462455 0.287019139024766 -0.22053835053892
-0.257025724908535 0.0490887669596349 0.22596232634395 -0.0283863406955898
-0.252320499731456 -0.209743137999935 0.0497793844938386 -0.0507375974138098
-0.0190421432235709 -0.317885172321947 0.0597132376102319 -0.203218869283621
0.19483708548551 -0.190935412234751 0.382705962894735 -0.376963783507473
0.281305807929089 -0.0688326405910479 0.796214646494813 -0.225865772479418
0.574290373784835 -0.242727108304272 0.217591755570712 -0.256914302947258
0.341851527498031 -0.436347088666781 -0.00132726603264326 -0.172024614315982
-0.0437935476888385 -0.537773309185453 -0.019170138616023 0.130887865775651
-0.380582798266034 -0.33622638828174 0.122150649855948 0.165319571373315
-0.40934533186367 0.0666821799793506 0.312697508043284 0.0207941543274906
-0.256135959081956 0.236929180770329 0.30724845132186 -0.154912713826452
-0.183062524801662 0.377752366312382 0.242042847675872 -0.286566691526412
-0.129974259530856 0.40265461642826 0.142412963305897 -0.300375337248576
-0.168440093990542 0.408051924511539 0.18906698600044 -0.280662896380916
-0.318048364666208 0.250089779146607 0.211220855255724 -0.125486822676328
-0.440717201819873 0.0575224752591587 0.14227597930816 0.0168906320246906
-0.43134601961303 -0.368433788993911 -0.0269168944964501 -0.04601419713401
-0.0660449902646484 -0.574912905972916 0.0174199322825258 -0.218187346621139
0.348082743039501 -0.410591573215322 0.337087567628666 -0.38275916110575
0.562877193062963 -0.206386764993564 0.671191289039639 -0.241367131135126
0.727553775498207 -0.379991896516844 -0.00753364027194558 -0.193008902936831
0.411984434884807 -0.613030815488187 -0.10558820248718 -0.0726257763933964
-0.0930343090408436 -0.7142706844268 -0.0165778762589423 0.177953039602292
-0.512201320843399 -0.434101518873277 0.101020357453354 0.17232050476637
-0.541850327638734 0.0756006450366334 0.24497169669556 0.0236332094256552
-0.355522243849291 0.29000883253377 0.20113450574982 -0.0812750151544611
-0.272005851198212 0.461025667685157 0.169123188556604 -0.146602633949008
-0.195799863023296 0.493455820888931 0.0906662676562691 -0.13777778259468
-0.243460431134292 0.494746367739552 0.113318527833803 -0.125918270540881
-0.420057122991635 0.291209638203378 0.0992004036021401 -0.00717703846100058
-0.557160280444594 0.0522067162692005 0.0240425534835609 0.0651626629918278
-0.549811041454088 -0.473512048089831 -0.115585400831448 -0.0396845049533508
-0.106218072665815 -0.746742722170382 -0.0345658708855678 -0.215092310818243
0.445264432262173 -0.564580887259549 0.252132033837153 -0.33758802750662
0.75456153554491 -0.308301300693621 0.462952336926952 -0.212872982146182
0.776191063543908 -0.475994354879993 -0.260628549383084 -0.096566097094725
0.417008584141159 -0.723308320909355 -0.220160020736349 0.065662272788038
-0.146870931877372 -0.800032687325666 -0.013282312523974 0.224808784027812
-0.587337222737729 -0.468570110533759 0.0661275996869812 0.166448857071558
-0.603175333140702 0.0850189662838227 0.137237031654419 0.0309934894175782
-0.403097195831249 0.306618884379088 0.0609037634818217 0.0114404167342248
-0.319129246862122 0.478986622890967 0.0690541202702152 0.0170442374916838
-0.231482670604108 0.511522242640483 0.0255444975139813 0.0442432586827545
-0.279473918053693 0.503190494476768 0.021150808313783 0.0485018445682125
-0.454135375954339 0.280541083244844 -0.0309524140831785 0.115423020669773
-0.577153792474705 0.0339198234810532 -0.107011854399594 0.105905874568404
-0.56262899115483 -0.500162351090785 -0.195450864206186 -0.0339253593771617
-0.111751518341496 -0.784659602714777 -0.0806991815495583 -0.193305908968782
0.470668745625103 -0.606149931662778 0.148330454981654 -0.242601598415813
0.819306128832986 -0.35170932804525 0.208199108233241 -0.143121316978398
0.712083627356317 -0.502838738068999 -0.505265814605022 0.0194011398040597
0.349864165126792 -0.714153976935406 -0.325731421068611 0.216663970728166
-0.168885672546551 -0.749718409415808 -0.0169604824002621 0.252962437781656
-0.556120381838666 -0.419933035073491 0.0146579426210248 0.144665871510744
-0.559839536134021 0.0776958801421549 0.00326821382167433 0.0444692986758476
-0.386945468141796 0.275781745370889 -0.0910438851449864 0.110263810974201
-0.319062151079149 0.423392145790057 -0.0408151063293076 0.183167537725252
-0.232424970470221 0.449258063740921 -0.042999811820598 0.220724705702639
-0.27646268150116 0.429337960432225 -0.0731060308970684 0.213356857056816
-0.414783346282888 0.218180466051529 -0.155296388387057 0.215762018583109
-0.490931132816266 -0.0022740993430062 -0.223986852920658 0.123923926549446
-0.455284916031046 -0.449340711804757 -0.244873433419508 -0.037361227225671
-0.0761356435889908 -0.673189155261704 -0.100957454068439 -0.161247415617507
0.424424303639081 -0.520800172566984 0.0501869226486967 -0.124461139130789
0.752004302260061 -0.331866551992534 -0.0474443751210041 -0.0495432261736062
0.533386799194923 -0.442387823050627 -0.699857615471268 0.12976551408368
0.233657461982852 -0.570274194933651 -0.405300635979322 0.340197913821543
-0.1466440681339 -0.556953806930233 -0.0290994212459164 0.252874531781503
-0.410668324638779 -0.300681905037979 -0.0396340660784105 0.110496124434863
-0.409527014557569 0.0519657177477454 -0.126600474840564 0.0541624135142069
-0.301362919843261 0.194000342702498 -0.226887162741517 0.193876883588331
-0.266671658683295 0.298182946342393 -0.145577236143197 0.323289661709222
-0.19867671583179 0.318492479909157 -0.105303164381015 0.363976971059641
-0.232626161572452 0.292228171908499 -0.156069337580886 0.342223819262139
-0.315835186006981 0.121042354250091 -0.255651127091461 0.273390433113903
-0.330050669959157 -0.043747759607851 -0.304889614315268 0.109149772665886
-0.267958143872246 -0.332135541163133 -0.250734451036612 -0.0545898615913296
-0.0161179506094224 -0.453652593491467 -0.0919212981651821 -0.13215469597325
0.313500152901096 -0.347438297656058 -0.024057074187075 -0.0100564292363975
0.567039634112335 -0.256054277639003 -0.260870409236503 0.0481169002046977
0.272207642715635 -0.310836509630383 -0.812998090632974 0.210008877208131
0.0800896075447524 -0.33520826824225 -0.449492089599355 0.419852699951391
-0.100832063692359 -0.273076326823239 -0.040612402259715 0.235997372180239
-0.196812924144968 -0.131608196030699 -0.0722802061601397 0.0730694446940842
-0.190562233394196 0.0161558082762448 -0.219386497456463 0.0528163903391219
-0.164771629868609 0.0769015322037712 -0.322138975973145 0.238602696686844
-0.171411450439291 0.123261012995825 -0.228655812894647 0.413991579908928
-0.134929147534558 0.137749631852731 -0.153719226837235 0.4535149466585
-0.156327922290325 0.113782759964835 -0.216926901988715 0.415627690858029
-0.177761142147637 0.0154612618448104 -0.316800960039346 0.283811494659901
-0.140234656743198 -0.0684295517196175 -0.340100142939142 0.0698691060450509
-0.0750986394078703 -0.174539036146841 -0.220222220705862 -0.0770243436838653
0.0265846803270033 -0.192889882783367 -0.0664052478070877 -0.107733985944991
0.158484822893292 -0.149698958815456 -0.0706628245524465 0.0779602573512956
0.305511241067815 -0.152952252451182 -0.403539635866457 0.13493829413518
0.0687391725136764 0.0652767245206121 0.451186473060226 -0.299513464114688
0.0538466589441271 -0.0372802115556505 0.111707450036694 -0.229161338924757
-0.0259177638777888 -0.0729243731868959 0.00615125848058472 0.0732471178122386
-0.0903447005336575 -0.0143895497022172 0.168098034264758 0.111542930996373
-0.0485116548603317 0.0719561907817718 0.337886166181858 -0.0251383322561528
0.0235835394302261 0.0684457306839764 0.3641158797121 -0.255259861079003
0.056107544658108 0.0722897319578694 0.248389563751875 -0.425471669803495
0.048713648814348 0.0529785766799647 0.153334227822612 -0.458341789091559
0.0482881510056641 0.0525568455245779 0.217125618744223 -0.434411012400008
0.013838342243694 0.0534700988085017 0.289806162639018 -0.283171988216221
-0.035902172889748 0.034764742251541 0.251953809569759 -0.077331592644054
-0.0435636959611437 -0.0224502195822465 0.0978913186516235 -0.0585679873188687
0.024196748445128 -0.0215961441004384 0.0784555651430007 -0.180650884947981
0.0140597885207649 0.0517555560572292 0.362050471551978 -0.337742791051142
-0.0399141095599936 0.0821174599586301 0.791759823701426 -0.189534352281462
0.327416489198035 -0.0964287828135435 0.367104987316412 -0.29188039614173
0.198220666668971 -0.237425968013345 0.069144424211018 -0.217816140432846
-0.0365091090583341 -0.305587398012228 -0.00804667093242926 0.0924834482923505
-0.237769464255433 -0.174877782781889 0.142107595546029 0.136843983215644
-0.229968765167683 0.0751149278569284 0.331923820649247 -0.00585402142415543
-0.115888150529067 0.161336694295721 0.349050064734069 -0.220769280122863
-0.0564543541141701 0.24072176714736 0.252834962812915 -0.383437972471844
-0.0324850573782018 0.243717630575362 0.150652044301602 -0.406189100279075
-0.0521897749809911 0.247194160098644 0.208320887799931 -0.387441973586639
-0.153809771544174 0.168132016575779 0.266101870292777 -0.225275185912303
-0.247151384318499 0.0563624911049983 0.217665391331767 -0.0369715480588901
-0.253227098979185 -0.193964431475377 0.0462089330666184 -0.0500277495691343
-0.031155154128515 -0.30588416171674 0.0537302513184121 -0.199810096656186
0.182059729345412 -0.189948212516727 0.361249058322647 -0.377859912477646
0.267328688180325 -0.0761643379118622 0.764573503117153 -0.242944920949447
0.543489270761277 -0.253332025863135 0.205107908023497 -0.254817358165437
0.313580566542131 -0.432569520688627 -0.00467843584220328 -0.164964085618431
-0.0615379759556083 -0.517935624380091 -0.0138604142229214 0.124921546008806
-0.381763944380637 -0.31435874240415 0.122357213179492 0.156074920656702
-0.393365273040917 0.0796016182606124 0.301651283636445 0.00407384816509792
-0.241625241734885 0.239045393032624 0.290588717089525 -0.164572743828688
-0.16158634298137 0.376548448706439 0.220073134079961 -0.288915848299524
-0.108201323964049 0.396097651260328 0.125169242913786 -0.292344651285098
-0.146077757147002 0.400514254485491 0.167080061725684 -0.277522066048973
-0.298789864385016 0.255437617104028 0.197976791205582 -0.129204817366496
-0.425771819550671 0.0708384895071874 0.138137952294285 0.00994874838246899
-0.436392872714533 -0.341196652695143 -0.0287729181858453 -0.0433178501402865
-0.0855392779672758 -0.554265231011711 0.0114090034147534 -0.21255625479197
0.323173988206142 -0.410403595548313 0.314739735241569 -0.381029331695304
0.535818784057704 -0.22048572821665 0.641270045562686 -0.255434932873844
0.688091836501742 -0.390860858810702 -0.0106389658962558 -0.184441956042655
0.377303280494488 -0.607601402797407 -0.102324441410631 -0.0661310179405629
-0.115224768455515 -0.688193201484499 -0.00980726134281651 0.171028021571888
-0.514275453407333 -0.405604347816581 0.10311410071769 0.165045838292628
-0.520961379614197 0.0923021687676608 0.235216565222361 0.00886278819849442
-0.336150989626683 0.295530208908498 0.190636471445524 -0.0868610686329948
-0.242733510146059 0.461805252193673 0.154374394562785 -0.150737662003334
-0.167955438234862 0.488164472014576 0.0814980952038111 -0.134162037957631
-0.21448786295357 0.489286636677377 0.100051691357287 -0.124724162280991
-0.398310196120645 0.300790486905653 0.094152964533587 -0.00890986054513054
-0.538792882705724 0.0713129754026322 0.0253653833288236 0.0609027358604619
-0.555273073014552 -0.440055583465447 -0.114897515712872 -0.0336284706754924
-0.130729091747924 -0.719501305678191 -0.0398843207664462 -0.208079837135349
0.412631802366486 -0.562353922334882 0.233917100928057 -0.33365539295954
0.718275108056742 -0.326061236644119 0.438998970535377 -0.220702696622836
0.733451067257837 -0.485777784625928 -0.253441903633876 -0.0824059546128671
0.376353989067629 -0.716214780910295 -0.209608027804307 0.0733043589251911
-0.170922279340248 -0.76921661905821 -0.00520249092064895 0.215944096629871
-0.592092862956607 -0.435137888467501 0.0706138053603089 0.161929536681566
-0.57952703275492 0.104478204795286 0.131989431972189 0.0209903962058075
-0.380992217984047 0.314554058491508 0.0592109851009133 0.0105456674585749
-0.288144461654493 0.48114946460694 0.0645459493727853 0.0120897364892639
-0.201059810559206 0.506256218791701 0.0253051028134993 0.0437277938426934
-0.248040749703914 0.497244794189841 0.0188121520264051 0.046791198488171
-0.431470681339314 0.290955638143672 -0.0260676344284832 0.115623205272771
-0.55913541162917 0.0529649403982792 -0.100363836830055 0.106308598334695
-0.568773235679331 -0.464853381214537 -0.192670513460569 -0.026373704196749
-0.13935014656732 -0.756027908108485 -0.0853175743336761 -0.185192445745177
0.437051756264233 -0.604750593640953 0.135608275084135 -0.239826093830528
0.779058030290383 -0.371633832872588 0.194378550320163 -0.144352270120365
0.668622759457892 -0.508138885689056 -0.487079516781783 0.0372491806107234
0.316928061940805 -0.704421921863732 -0.308358106673609 0.222489334399927
-0.189893067713319 -0.719488551332494 -0.00791175860206156 0.243265214856544
-0.560452221967643 -0.390437821328097 0.0207733089057377 0.142386453198064
-0.537175101287616 0.0965271621729623 0.00300630709119753 0.0400600505780973
-0.365842397260019 0.283166180481397 -0.0830616730767318 0.114861302995699
-0.2917507589278 0.429330183924353 -0.0350647936700717 0.177755503230586
-0.205342225300851 0.446668090152483 -0.0341722541900329 0.215318729829629
-0.247685499545076 0.427507305118082 -0.0639766666982017 0.2096298313476
-0.395352529796153 0.229886499442246 -0.141598854418442 0.217619544621839
-0.476182087629572 0.014466941898648 -0.213585709111863 0.127939702552013
-0.462784309683556 -0.417517764853512 -0.240018993549973 -0.0279985704441682
-0.09875768522084 -0.647997573486881 -0.105568788897236 -0.15380523380391
0.394059144546826 -0.522625607058603 0.0430852717180379 -0.121470046790235
0.712784989352731 -0.351914245920343 -0.0506887188236942 -0.044813038914482
0.501048184259254 -0.445288871730314 -0.673182186636502 0.150463225924217
0.210583496800915 -0.562832031471086 -0.382256774257562 0.344946172462556
-0.159917033980148 -0.536472355757468 -0.020081563532464 0.24480304206987
-0.414083985983072 -0.281313094249065 -0.0328778798403508 0.110935638235521
-0.393328234184467 0.0658891537467841 -0.121738985129687 0.0562792311909692
-0.284972147993358 0.200111686828441 -0.212272654208146 0.200399960770805
-0.246296006188842 0.304758613015749 -0.12925787933117 0.318206783741993
-0.178603357239649 0.319068309279103 -0.0894183195654914 0.354946899304157
-0.211630262336326 0.292669716361799 -0.137300644257807 0.336337831690525
-0.303107932821392 0.131215117955569 -0.235894424812548 0.276780559991626
-0.321641813807878 -0.0304036949080581 -0.290955652889567 0.117683081410014
-0.276547402387908 -0.31087428424092 -0.24540904100637 -0.0444999996352978
-0.0325850982868904 -0.437362817194271 -0.097028667347191 -0.125086059318265
0.29262155873015 -0.349731028272288 -0.0251403931625476 -0.00906781704891939
0.538431965313462 -0.269654760738075 -0.254015334321549 0.0569299713425534
0.255120861224543 -0.309417692452973 -0.780904345795767 0.231297291179739
0.0693507656449742 -0.329181427260288 -0.423893987033832 0.422826657910615
-0.106140932901554 -0.262798017261711 -0.0320520789892796 0.230476794537284
-0.198920240814593 -0.123232024576066 -0.0650460480693792 0.0748422316489047
-0.182484903853057 0.022644566535896 -0.211420940817363 0.0595482077876544
-0.155039524233453 0.0818300493816298 -0.302180670828821 0.24905645814225
-0.160999591569073 0.129936430329581 -0.203233499404132 0.410334532328036
-0.124496970069931 0.141527006117345 -0.131870674388361 0.443536441703028
-0.145464276366497 0.118135967542142 -0.190560050009863 0.409898990146062
-0.172769472183816 0.0240757164424965 -0.292201398262185 0.288477423036744
-0.139285085016316 -0.0616327386852366 -0.326422089239448 0.081636838163014
-0.0825815093067878 -0.165310821455808 -0.216487056063587 -0.0670899099541044
0.0180074805512297 -0.186924846388414 -0.072175289789462 -0.101956283537932
0.148161624499102 -0.152331139151687 -0.0672589503924358 0.0773556534488089
0.28950856634418 -0.161024839723674 -0.388356725279793 0.145807020109861
0.0664229888206079 0.0626959225351838 0.438930237791278 -0.295984925819767
0.0504698984406742 -0.0349676559744908 0.108836257173383 -0.225100366129154
-0.0266235976431449 -0.0707364625466911 0.00822083500690698 0.0714943492260547
-0.0869121927711901 -0.0138251618891735 0.163869296834722 0.105742536489189
-0.0467233075171815 0.0711489076187348 0.327056419791446 -0.0309345796456343
0.020697735696427 0.0655532862067712 0.348586599276101 -0.257511921713523
0.0565084603664054 0.0685658302225738 0.233779281709618 -0.418445254336905
0.0482449883043028 0.0507599090963287 0.144473069614527 -0.446714978026416
0.0470228190143145 0.0491958780744836 0.202284435955345 -0.424629481389845
0.0149440772771664 0.0510133990779638 0.27517943765441 -0.281215656330295
-0.0339107048524405 0.0345659236957107 0.244611556689225 -0.0792471206275906
-0.0409711767340445 -0.0210240004957169 0.0945374512564066 -0.0581670327513055
0.0237679250656265 -0.0197085781126262 0.0774218508850299 -0.177588652540624
0.0144026231959146 0.0530141143739599 0.351971279447802 -0.331666386346601
-0.0391284779643207 0.0813221480695047 0.772076692410322 -0.192015428126905
0.315333581360907 -0.0964375594401839 0.355649952538046 -0.285935132622752
0.188499066092081 -0.231293181564691 0.0678570144340923 -0.212828643725999
-0.0388750891120049 -0.296389978733127 -0.00634767682170104 0.0888583197026643
-0.234673308131009 -0.169008889642629 0.138376807238493 0.131953514063829
-0.222581718773236 0.0755151715828588 0.320284961627291 -0.0127125160132619
-0.114126902342583 0.158617792068385 0.33450770942327 -0.22295815207201
-0.0501180329702583 0.235829170496134 0.236450278157419 -0.378144353720442
-0.0263749748143475 0.239159137920778 0.14057353958541 -0.394766849117275
-0.0469922047966525 0.23951679753501 0.193115066336484 -0.377728359321542
-0.147574740792775 0.165948769953782 0.254666250777145 -0.223586368742575
-0.239913680721196 0.0594602490495084 0.211613845846915 -0.0399766739620777
-0.249898411901515 -0.185700830170758 0.0433763476932237 -0.0485476952267943
-0.0338816402177058 -0.296470289892318 0.0532388483212267 -0.195609143132728
0.176094459546521 -0.185254516461885 0.349699610149391 -0.371968199001668
0.257972275709905 -0.0760331626695872 0.743857414179612 -0.243043846603263
0.52389414832885 -0.250881496661477 0.200457578022193 -0.2468202338513
0.301018722217281 -0.423209289838723 -0.00349563608759184 -0.160217493707019
-0.0659467703738023 -0.502882369691069 -0.0115214703737955 0.120589043736583
-0.378031146414927 -0.304148949980241 0.119553871468757 0.152141676806599
-0.381343251468459 0.0816783773251779 0.289795150937466 -0.00392408865921793
-0.235084777674848 0.236560245295305 0.279331152846633 -0.16593029439275
-0.148607753138467 0.371793290705894 0.205781673565056 -0.285226615907438
-0.0970794530401696 0.390847350504926 0.117913832987206 -0.28372158233519
-0.134222378467008 0.391764588602346 0.155038409117139 -0.271164456999502
-0.289601699056459 0.254424003581593 0.189118009527415 -0.127623448447064
-0.414787651786177 0.0747911354899926 0.133774159749659 0.00723981925042603
-0.431833752001604 -0.32840179575017 -0.0299422877065391 -0.0410832821958184
-0.091012225464139 -0.537950427426239 0.0106715983363845 -0.208742300455666
0.312642162641201 -0.40102123087021 0.306647397101167 -0.374854774764033
0.517307294526886 -0.220421143475984 0.621701967703041 -0.252980539131672
0.663738093067684 -0.385020112689676 -0.00855246696313339 -0.177307317365864
0.360826014493544 -0.596454228300647 -0.0979572315188289 -0.0616588224488953
-0.119875374482317 -0.667688455858774 -0.00879979890058425 0.164872015809458
-0.510471204019773 -0.394131548971018 0.101778646239917 0.162476267399527
-0.504768262883783 0.0975450762469377 0.225758884097422 0.00203311680798493
-0.325063825339599 0.291650742359315 0.18385739788879 -0.0875351822886786
-0.227439088632981 0.456119007650287 0.143361370496159 -0.150304856524859
-0.15370418117775 0.481249746841195 0.0768921668760611 -0.129287884588913
-0.199451841364956 0.476972978248068 0.0916203774306906 -0.121495473375283
-0.385225007358808 0.299930492652748 0.0908477519400868 -0.00846812564341449
-0.525538075777524 0.0755619580938385 0.0249228382541056 0.0578556669157485
-0.550474101136702 -0.419917155851636 -0.114313412822516 -0.0316726677413932
-0.136031840296753 -0.699509329356806 -0.0406981050865448 -0.203109843821708
0.396540577241099 -0.552775133496625 0.227632914553378 -0.327035862780978
0.69428641731981 -0.325585882258212 0.425106067908724 -0.21670414931438
0.706201049426426 -0.475487094066995 -0.244120312034548 -0.0758074797171549
0.361781006054983 -0.702399358653061 -0.201544473253934 0.0746114751218766
-0.172999663712615 -0.748044378695713 -0.0040306635440019 0.209143108570489
-0.588202581722915 -0.421639385147487 0.0710543429882636 0.15961434734719
-0.562236970486039 0.108662896339071 0.125657987087295 0.0148479768928014
-0.367898206289244 0.312707590891341 0.0581395865379806 0.0102738325053901
-0.270873089701821 0.47773629607858 0.0584082587034111 0.00970063642377438
-0.186063725214237 0.499991909493509 0.0247241952663903 0.0447332310317204
-0.231473989879772 0.48645494627436 0.0156842904129924 0.0466066089246575
-0.416704193041136 0.291850946925746 -0.0234249655490747 0.114384748323187
-0.545331224034927 0.0586337294006819 -0.0973958552392268 0.103779463806965
-0.565117385590894 -0.443763409624803 -0.190086713763436 -0.0232456591137545
-0.143973667627584 -0.7333987892778 -0.0853680719451837 -0.180389732404405
0.419307160631819 -0.593550532432999 0.131099568083424 -0.234398982683818
0.753466584976401 -0.372011003213497 0.185532952258447 -0.14038532553438
0.644929335399058 -0.499136498814649 -0.471659743759531 0.0427865530112642
0.303168674342958 -0.692377068297432 -0.297036671392442 0.221895816341665
-0.191889674766652 -0.701053766692556 -0.00697953748495403 0.23610087644781
-0.557590715404 -0.378426904982941 0.022989299858367 0.14180718633103
-0.521150975433095 0.100179657477983 0.000840311244975116 0.0359700050551309
-0.35290743160857 0.282658542916667 -0.0787686942388801 0.115316748974147
-0.275489297315432 0.427106265620474 -0.0348431228686884 0.172938169517112
-0.190231027762123 0.442252542113579 -0.0309675443483008 0.211533588690367
-0.232636626194194 0.419709259193675 -0.0612535347245769 0.204509502672567
-0.38399159938899 0.231206254596362 -0.134172175196358 0.216157365008374
-0.466363677126739 0.0180327711750996 -0.206886968525749 0.127285108626305
-0.460568344163259 -0.399865230723549 -0.236493406764021 -0.0246626196792247
-0.102585685489272 -0.62930202053112 -0.106013507650886 -0.148324267814769
0.377953438268415 -0.5129761820511 0.0412074734588021 -0.118449918027047
0.690280774608365 -0.351314788668956 -0.0526196068395234 -0.0420342817263841
0.483726897073692 -0.436323028078916 -0.653915625828768 0.15224313857718
0.202800037579974 -0.553833063202853 -0.369358149281687 0.341877853298811
-0.1606687083468 -0.523547880661692 -0.0191381177941134 0.238636920293096
-0.413073825091659 -0.271560555828236 -0.0283933349908808 0.111131534202752
-0.381405567237079 0.0690004036150497 -0.119631514344043 0.0548107161752154
-0.274608814758379 0.200139682859219 -0.202258735747889 0.203281701840382
-0.234025800279271 0.305083323516857 -0.122891265604931 0.311463449185897
-0.167116938373664 0.316235835146946 -0.0831438047753908 0.346860911285201
-0.198965822364911 0.288047131237031 -0.129374678600806 0.328441119601877
-0.2943900616696 0.134107151689832 -0.223426785226429 0.274999957238225
-0.315386306398631 -0.0270342969127476 -0.282348966601746 0.11893245767986
-0.277986812588423 -0.298029847802405 -0.240654426062324 -0.0403133248616196
-0.0366593146938109 -0.425396235828079 -0.0990940320902687 -0.120378510180955
0.280637910881771 -0.344804981531931 -0.0257526519590094 -0.00843748487215832
0.520783733268385 -0.27108484588012 -0.249336709399359 0.0582207774522377
0.245278617722365 -0.303097740288946 -0.759039650580247 0.230163982198921
0.0673664269149123 -0.324206714727808 -0.410924322659296 0.418008062240805
-0.106169867962986 -0.256835380881068 -0.0302365045895301 0.225068708046734
-0.199366231323251 -0.119558644388375 -0.0604747417397259 0.0757616362269245
-0.176514807287434 0.023749956578939 -0.205896434173212 0.0608587436280234
-0.149139144337658 0.0821109599718551 -0.288819008637545 0.252291015285984
-0.154777821251396 0.132510827463453 -0.193138806382868 0.402621299196794
-0.118353309845008 0.141524303471823 -0.121935642565307 0.430703202531926
-0.138284978476018 0.118585059461099 -0.178047590934078 0.398727990743302
-0.168615965845926 0.0271306007434131 -0.277666297150359 0.286334783646188
-0.137296251246958 -0.0588757071224657 -0.316510052057668 0.085258045239916
-0.0845620155631887 -0.158435943467873 -0.212095088841519 -0.062730028512382
0.0141583847453034 -0.182076331445586 -0.0749104646969072 -0.0980074234535682
0.142114674390546 -0.152195980410501 -0.065792547077008 0.0760867988983025
0.280240216185178 -0.162732586623242 -0.379479875021704 0.14636244516681
0.0647735166396606 0.0619750969060497 0.437242901584533 -0.291390402720637
0.0492161389653299 -0.0318472052797455 0.109924639326087 -0.224444776628877
-0.0268258980473404 -0.0691393989011049 0.00877318615629374 0.0706303101220161
-0.0854274043307559 -0.0149174430589896 0.161530093995384 0.104315270589346
-0.04665724703819 0.0704677505761924 0.323083069582351 -0.0328629475160295
0.0185474460352348 0.0652876253302188 0.342741566054269 -0.260009428269359
0.0561146781973743 0.0666448202708425 0.228865617747914 -0.415906201841328
0.048179053739506 0.0511654735894573 0.143644110092293 -0.442232749575707
0.0458098271751888 0.0478977083413865 0.196737300829871 -0.420639863035255
0.0153445587130868 0.0496260693355692 0.270151205600818 -0.281082818821679
-0.032613058972489 0.0350569299178422 0.24297565716641 -0.0791501579575586
-0.0398911001256254 -0.0209267586453877 0.094450348813038 -0.0570531846538753
0.023740832578555 -0.0178954491655408 0.0799365901899351 -0.177547643785777
0.0150429458799709 0.0548990423051619 0.353218200670793 -0.328557315144143
-0.0402927407310391 0.0822449079939289 0.769600344228665 -0.185459042254095
0.311373679508299 -0.0943880333743917 0.3574447248642 -0.281331530759165
0.186469843706201 -0.226379728944233 0.0701181778144541 -0.211040604371664
-0.0382966634711766 -0.294372051413962 -0.00627984698504977 0.0876250650282653
-0.234214259424328 -0.170310929386446 0.135544972778823 0.131212117852956
-0.220986904524523 0.0743606330079676 0.314938292608413 -0.0162457351829433
-0.115091683050449 0.157916085319548 0.329182427485777 -0.225207719717524
-0.0473189249889712 0.234279852104394 0.230309589963905 -0.376266816412304
-0.0240142071717109 0.239082021121425 0.14076538858881 -0.390699017754719
-0.0468501704876855 0.237310587719158 0.188214481007003 -0.373537786299579
-0.146622897863991 0.165628960290061 0.249662305140434 -0.223533806216945
-0.238145490637513 0.058707961325206 0.209866730959542 -0.0405264098521742
-0.249027918346176 -0.185020217921039 0.0423537171300009 -0.0474392336839444
-0.0324187705831952 -0.294119046784108 0.0561019550297122 -0.196020665330518
0.176754122505674 -0.18157831529464 0.352326136610412 -0.367694720833942
0.255862246577441 -0.0745420925863108 0.742023877846901 -0.237226973670533
0.519652654932631 -0.245485447549757 0.203490697147814 -0.24280216849015
0.29788982168326 -0.416636679181336 -0.000371135778346447 -0.159426575278004
-0.0653359097833608 -0.499434724441385 -0.0122048251644229 0.118610704512219
-0.379260902151451 -0.304879354992753 0.118158732284702 0.151485263864996
-0.378327850366436 0.0808034198413386 0.28426723706511 -0.00721066250532355
-0.235955815344665 0.235549240549826 0.27568662245724 -0.167458117144234
-0.144929927964364 0.370859587444361 0.198252289541783 -0.283273226704825
-0.0934841889564372 0.391121335921147 0.11720408726875 -0.278473685795061
-0.132684405992317 0.387911865784496 0.14958012526825 -0.266802853502242
-0.289206173184318 0.253768676408722 0.186616976754727 -0.126716850733603
-0.412690114753406 0.0738321200524282 0.132268783120002 0.00623741677489534
-0.431788904922658 -0.325100703287105 -0.0313774807161331 -0.0403184068572988
-0.0884416936159448 -0.534386407062289 0.0134293877947322 -0.208333756636289
0.312938802501299 -0.3967728157691 0.309607321571694 -0.371962767079271
0.515195624930227 -0.216499553936131 0.620876692951679 -0.248205506071719
0.657264115974696 -0.378251447255483 -0.00344160372853655 -0.173405451785024
0.357944302518971 -0.589246746261027 -0.0940795792185398 -0.0610627278763652
-0.117588729505464 -0.665889331268464 -0.0100272286483842 0.163473410156791
-0.51140052082854 -0.393844473857552 0.101559405297018 0.163063006637853
-0.501550938957182 0.0951954638608378 0.220177595360739 -0.000981288466039111
-0.325644682584016 0.291649295278963 0.182487214642541 -0.088387984576905
-0.221874457632477 0.456401779969529 0.136521283087409 -0.1494744306844
-0.148156261312949 0.482399242246389 0.0771477875627238 -0.125242355499715
-0.196793355343016 0.472084481116061 0.0873674031085963 -0.117809977958193
-0.383976698916176 0.300655707668969 0.090538674810145 -0.0074071277065618
-0.52391743590487 0.0745523400713084 0.0229980059480504 0.0571225137849167
-0.552051848346611 -0.417065014391433 -0.115250094811525 -0.0305482149659674
-0.135347046224419 -0.695854480016508 -0.0389538952376937 -0.202408693964223
0.398079313716544 -0.547465435727707 0.230414113084999 -0.324719155367189
0.690060760866908 -0.322396593569296 0.422835953569769 -0.211658779827516
0.702586100239237 -0.468188400294399 -0.237644489870796 -0.0743862299447869
0.360769866540595 -0.697646461556046 -0.198062629488018 0.0748587736971642
-0.170685638701914 -0.745778582374724 -0.00583829117801958 0.20744459410177
-0.591461106081809 -0.422282585464122 0.0716077892155067 0.162368420789881
-0.55659368455166 0.107663677642113 0.120671198512342 0.0120597488222848
-0.36907968390521 0.312923761771116 0.0590229471605366 0.0116273143867139
-0.26549106388417 0.479867346226967 0.0527516185728939 0.00961315728615675
-0.179836272085745 0.501315454065047 0.0246842878402778 0.0467321681914657
-0.228553182949289 0.483503955060207 0.0127894763752627 0.0478806739153826
-0.416074818315955 0.292631558683097 -0.0220284408462577 0.115789437994317
-0.542364746810153 0.0570469081497304 -0.0987018396277318 0.102528903192879
-0.566880845699037 -0.441656438653951 -0.191474555938303 -0.0223464193370996
-0.142773392597984 -0.729620345581753 -0.0845192619385807 -0.178939487550569
0.42053303376543 -0.58852446411156 0.133036059322154 -0.232616501868007
0.748933909307473 -0.368000428911363 0.183254884701472 -0.137198196840283
0.642195712979699 -0.491369894253461 -0.465026118593614 0.0409243336990021
0.30551371546857 -0.689757628788138 -0.294147555777934 0.221275050089929
-0.188323443036302 -0.699770481932538 -0.00894754402873132 0.234909313080627
-0.56017410640689 -0.380395079653203 0.0241060101248221 0.144495890977564
-0.516852130403565 0.0993732300027566 -0.00198998768668557 0.0348680666208839
-0.351336184265646 0.282682339224378 -0.076128910356523 0.117095084763792
-0.26974463087014 0.429300868914163 -0.0383952954592786 0.171878736224628
-0.185871410233944 0.443897441775652 -0.0312530856871771 0.211591962479097
-0.229152967329482 0.416383057671775 -0.062586827255731 0.204997384294418
-0.382540398840512 0.233399641409921 -0.130710237369141 0.216505425999637
-0.464099098997418 0.0169935292544295 -0.207516114339195 0.126142843296895
-0.461573313217098 -0.397527576646196 -0.237046989546398 -0.0239102467766144
-0.10219077637181 -0.627114959321629 -0.106642502677902 -0.146840002765031
0.376927026642971 -0.508945471463459 0.0424108151430903 -0.117829223279162
0.686485983094484 -0.348055479341443 -0.0547448961768587 -0.0403305984707215
0.481591589931677 -0.430955999879123 -0.647529816459662 0.148337155420213
0.205107147140744 -0.553160085194421 -0.367820705223003 0.339385113574621
-0.158694853889314 -0.523472243290868 -0.0206417974825505 0.238125010011361
-0.416610509157436 -0.272878754587062 -0.0260012756707569 0.113575236566753
-0.378519982327317 0.0675571762471789 -0.120677845578459 0.0542612733092937
-0.272537269377765 0.199979102985694 -0.198648765507541 0.20564920091487
-0.230492121167061 0.307488125175806 -0.123932959821906 0.310160210903153
-0.1637324649046 0.317841494340486 -0.0818036059327657 0.344633920816686
-0.195246356240603 0.286491934909981 -0.128241192145558 0.325697518759095
-0.293357268847226 0.135622537350754 -0.218184443411003 0.274572640971618
-0.314517251356008 -0.0285140265650657 -0.281589641771403 0.117243688829563
-0.278682348129743 -0.294606557572671 -0.241025475038726 -0.0407156778986917
-0.0368142255011908 -0.422320409394946 -0.100262036552254 -0.117695237297048
0.27968628893262 -0.342692915391525 -0.0251661815990969 -0.00898003806891899
0.517144092705175 -0.269492772490183 -0.250917694582769 0.0588201209325303
0.246121309754837 -0.299916218035338 -0.754826454000279 0.224018445793486
0.0707272433901572 -0.324736142039515 -0.410331804436539 0.414948269598755
-0.103501169352388 -0.258487009313285 -0.0315388047945718 0.224897372412099
-0.20247935203247 -0.120280231032441 -0.0574767993833228 0.0770515106158564
-0.174854996014143 0.0234014251050846 -0.205312695029335 0.0613449140331365
-0.147318237291389 0.0819652766197773 -0.2851404920054 0.255344794074834
-0.152931342080501 0.134369511427586 -0.19099987661738 0.400936773102721
-0.116675863384811 0.142968619471743 -0.122168294358275 0.427826520346058
-0.136137051268993 0.118698729510753 -0.175385001052013 0.395313503281839
-0.168170758376873 0.0288659112631464 -0.272142912879565 0.286067907905982
-0.13778762457678 -0.0592755886814019 -0.314675969494394 0.0845797828818849
-0.0869346956959897 -0.155273285388196 -0.211659268691944 -0.0626488497784245
0.0136048581463946 -0.18134550305022 -0.0766566235082077 -0.0951186667976216
0.140714131953583 -0.152473417322723 -0.0657129623290462 0.0752463833951063
0.277666240474969 -0.162881686841577 -0.380594182833996 0.14509006621649
0.0651396460131668 0.0623315275414057 0.447401042955892 -0.296940225757518
0.049222944606884 -0.0304466652895377 0.111544381227765 -0.2298757532445
-0.0280868164410766 -0.0698032744335172 0.00986941818475722 0.0722397898126518
-0.0870352418465268 -0.0170308869318573 0.163783713279197 0.10481652205542
-0.0475568543539926 0.0715327269349492 0.325855184814962 -0.0370021478971029
0.0171711896890495 0.0674014631556785 0.34342347747817 -0.271128898082215
0.0578729054194584 0.0659971040162267 0.226650170492963 -0.426477867741301
0.0502519755669174 0.0514059093523421 0.142891597159662 -0.449762128086434
0.0457661359776452 0.0477790877775925 0.196997417791369 -0.429116422261145
0.0167677311287464 0.0493654286870337 0.269707585440422 -0.28858306829553
-0.0315920383424935 0.0354715391983381 0.247263798748214 -0.0820166293388375
-0.0396020291859425 -0.020787237780219 0.0958018832504432 -0.057978313824737
0.0247603593686719 -0.0164011411598588 0.0824502066361678 -0.183233269916992
0.0171223305785114 0.0574383018675533 0.360947828896948 -0.336482211249876
-0.0418900837290322 0.0848192943259222 0.787427548142417 -0.18880699298979
0.315263034002724 -0.095681105361443 0.36642478387483 -0.284775655061167
0.188810158429204 -0.22837819470572 0.071928478137274 -0.216317120462963
-0.0405031248803678 -0.298130697049558 -0.00607632746296158 0.0886892515273989
-0.241529290257079 -0.174185191204386 0.137988468207374 0.132947576184318
-0.22438117272791 0.0767839760317034 0.316956724517513 -0.0201299781882458
-0.11798264100606 0.162528592818917 0.330126947272997 -0.233693340560616
-0.0451318672187947 0.238633645997723 0.225809215364294 -0.383808277465053
-0.0207480967088287 0.245357875570114 0.141312155293752 -0.396208476130936
-0.0467054547500386 0.241145675356374 0.186758239034483 -0.379275291586266
-0.148522026710627 0.169221403422647 0.250453376725967 -0.228225576040774
-0.242015223366298 0.061076872133114 0.213339482128347 -0.0429725771198656
-0.256001236864392 -0.186436882527081 0.0427811088141456 -0.0482641659766019
-0.0342100595734568 -0.298543800684243 0.0587489815965968 -0.20158089117946
0.181252544102441 -0.184703323593335 0.36163694859517 -0.377442792655236
0.260232728098479 -0.076243764230335 0.757910270414301 -0.241962830743245
0.525964378866493 -0.249943363074093 0.211626728561626 -0.245139428324743
0.299900361004912 -0.423427218265519 0.00185020943464131 -0.162439599935554
-0.0678223225820156 -0.507771762748818 -0.012445172615829 0.121184230898979
-0.392511730206069 -0.310674649256365 0.121000463330222 0.155720745720799
-0.383981593582647 0.0832202917442337 0.284867359534168 -0.0110882596317326
-0.24115479429686 0.242264463847763 0.277274655316369 -0.173744348493425
-0.142121945208376 0.379370260136987 0.194109232944318 -0.288531735053052
-0.0879846636206048 0.402314774265715 0.118881485976754 -0.282543676444864
-0.132176216213465 0.394543362450271 0.147555660847603 -0.270365663727171
-0.293814605402514 0.261560609862323 0.187698945296102 -0.129975296624618
-0.420571095353461 0.0777804513913473 0.133775750185618 0.00490170811581539
-0.444621787821916 -0.329666387443087 -0.0334718650615387 -0.0395149780641044
-0.0927590967550659 -0.54502967152356 0.0154455642741094 -0.212989880650603
0.320022621547549 -0.405452588078495 0.31647060062907 -0.380719482159093
0.523931708768154 -0.223216056434535 0.632728298791939 -0.251064523288758
0.66773668328061 -0.384509179735376 0.00141387879165131 -0.175581372448535
0.363094364462939 -0.600161959136479 -0.0928486870500224 -0.062300310018873
-0.121883757550336 -0.677478613609677 -0.0103811704236625 0.166287233356982
-0.530295895978083 -0.401635421617311 0.105022201602111 0.167964137049233
-0.510318713675061 0.098777108951657 0.219901552101054 -0.0041110956610771
-0.332014378038894 0.300647701031997 0.184901993717785 -0.0911171923518666
-0.219179645018069 0.469647582720406 0.131904362105467 -0.151559357398506
-0.143378406805054 0.496425982882547 0.0790112852592972 -0.126040734185752
-0.197246569102237 0.483331368796562 0.0850452458359969 -0.11792479061012
-0.3918708783657 0.310332324027493 0.091795074928792 -0.00673110172327911
-0.534934132907461 0.078303833821835 0.0223024407733018 0.0579432213017764
-0.569042294705548 -0.423714125554628 -0.120426140691474 -0.0288612031644485
-0.139423904888412 -0.708873129650297 -0.038011683713691 -0.20703392879757
0.406220494684449 -0.557980922336011 0.23572542514973 -0.333110898293925
0.702987491530882 -0.331700093544191 0.430301716251348 -0.214757136847716
0.7125209270715 -0.476772148623413 -0.237541509379804 -0.0746741886031642
0.365378544021905 -0.711515613238978 -0.198178217066132 0.0773593278725868
-0.178568835320116 -0.761818436498462 -0.00584987407220532 0.212194334359843
-0.61321398229994 -0.428771496849492 0.0767517275057809 0.167227902993613
-0.56588073066899 0.112029169889379 0.119275923867807 0.0107864957990533
-0.375114968600464 0.321988680038677 0.0610119907458689 0.0127360289551637
-0.263315316466509 0.49431527571569 0.048430880385559 0.011120361131809
-0.175159457459986 0.517206684794221 0.0264489904285596 0.0489555845299251
-0.227132425982542 0.492750137955337 0.0107233206872036 0.0514175993243482
-0.425131267165223 0.302893304651671 -0.0205250672002065 0.119479221682545
-0.555294686833338 0.0578174823826247 -0.10265831367348 0.105245652565378
-0.584068696363969 -0.446775259745992 -0.198133182104846 -0.0209381847268646
-0.14905270294603 -0.744711094840622 -0.0854981681054244 -0.181565800607513
0.426915338485963 -0.600787997673004 0.1369278594359 -0.239329315251573
0.762508274013856 -0.378623962577623 0.185171610539212 -0.138600713457264
0.653777690594361 -0.499653517003907 -0.469807213421174 0.0420254777259358
0.310072672879833 -0.706286438302343 -0.297012420364796 0.227363349664586
-0.195504338776445 -0.71524527855529 -0.00882091265423193 0.241248878332762
-0.581779558846539 -0.385472131989158 0.0291463527637513 0.14991144275537
-0.526925471263233 0.103850340125295 -0.00457480582764829 0.0348347101561589
-0.358284196496274 0.290319333380759 -0.0746423801104646 0.123390688944845
-0.267889533048158 0.444389575396145 -0.0416651034513476 0.17725890784413
-0.182759820124547 0.458728079693055 -0.0289557033626539 0.21687114644122
-0.228360154974523 0.425127571584809 -0.0638932635579058 0.210619270871139
-0.390203015837796 0.241692986112367 -0.129621682510318 0.222521938992058
-0.474796162579331 0.0187324188914463 -0.212799428976688 0.130128637759722
-0.477303873643097 -0.400785715294424 -0.244678819168534 -0.0224966315689015
-0.106465473956154 -0.639470919791136 -0.109259125974927 -0.148497334517031
0.38279990613309 -0.51950489560357 0.0443012313958833 -0.121696006129716
0.696224433557474 -0.357371629985989 -0.0587608573152375 -0.0387126905954393
0.493193083049782 -0.437405712667894 -0.658012490863906 0.149495743603806
0.209294115218062 -0.566441233805541 -0.372598017227386 0.349050897262954
-0.163042828317723 -0.535172655649599 -0.0209534967736323 0.244205612101776
-0.432855288648532 -0.276938093635223 -0.0224242804914546 0.118256472520988
-0.384754858907445 0.0705988862418257 -0.123779492492305 0.0564945851913064
-0.277404795859829 0.206986589800266 -0.19776582942663 0.214588883728484
-0.229800245858917 0.319427881935631 -0.126500863794244 0.318009373835033
-0.161984037263872 0.328333724892683 -0.0808146396447458 0.351840758414795
-0.19677546087542 0.292158409732161 -0.128676758840126 0.333182722755251
-0.299371605560718 0.141876564312956 -0.217295802714927 0.2817473353321
-0.32250075314714 -0.0274389542813811 -0.287241235487486 0.121559501146004
-0.289434727383861 -0.297034500627576 -0.247644973619485 -0.039502318795208
-0.0400524051164851 -0.430456374156603 -0.103346006983989 -0.118184886497913
0.283292797975426 -0.350514157973532 -0.0250602461228515 -0.00965015274869192
0.525611619441223 -0.279243401246229 -0.258612781996726 0.0616406048072089
0.251991719786775 -0.306257106944678 -0.769044978142928 0.226063166735995
0.0727470716704631 -0.333904542335042 -0.416924215630303 0.426158789368473
-0.105706723474083 -0.266065307887797 -0.0324209835526374 0.231190942684104
-0.210186451188564 -0.121618354877079 -0.0546036370506207 0.0794542700034345
-0.178028186986194 0.0242252044883291 -0.208428290449225 0.0645204237521762
-0.14957324316966 0.0840264923067457 -0.286369186836993 0.266449178007589
-0.153482273253105 0.141804957846141 -0.19030859365191 0.410088861829976
-0.116761401551436 0.14868144336305 -0.121947203206886 0.435099852861652
-0.137269572658853 0.121935869781971 -0.17476143600675 0.403248282152525
-0.171563595798336 0.0319262254494579 -0.271586195065295 0.292876202099157
-0.141374013176362 -0.0593296695336293 -0.320155045852056 0.0884291050713295
-0.0915144281136208 -0.156960599926645 -0.217150910869567 -0.0624443758974121
0.0120623153509433 -0.185373744454623 -0.0800291151043379 -0.0949520946347893
0.141762763335406 -0.157208669663257 -0.0671147247747129 0.0762971995735447
0.282192790455902 -0.169425652692961 -0.390003699873295 0.149778187807031
0.0696635832559775 0.0463328381046179 0.437805053700664 -0.324288630115076
0.0428696241832297 -0.0378477386461421 0.099631009240361 -0.240639686355423
-0.0353111807194775 -0.0655935976686595 0.0223875229264565 0.0717640718780838
-0.0871957185194222 -0.00815143325895668 0.176259165924866 0.0871978607967915
-0.0367444423062861 0.0720203316783621 0.321895082236137 -0.0689868343269142
0.0215075213774631 0.059907240228123 0.319946924373612 -0.305977583287771
0.0664225241699144 0.0548083792150598 0.184040561949124 -0.454562183695376
0.0539312393000812 0.0444516480427658 0.105749473317415 -0.471583439466775
0.0515755414159119 0.0424919670432176 0.165400538491755 -0.463396976731963
0.0237605176819635 0.0499322668654973 0.255108149689248 -0.326426364166979
-0.02720000223027 0.0423613021190212 0.253827079818524 -0.109191405007132
-0.0408413555524556 -0.0146684032885926 0.0974411710973689 -0.0697960261638862
0.0284099849067321 -0.0152131120236561 0.071271671663124 -0.200343096658248
0.0271985602256498 0.0680893457780043 0.355917697071507 -0.387319051213444
-0.0360618201257712 0.10486704367815 0.819126548094046 -0.250022196841642
0.300723185315535 -0.139008067224212 0.367778011672094 -0.28891035260459
0.160011825360689 -0.250609366513481 0.072309452183734 -0.213801554589696
-0.0760615508097137 -0.29354654654605 0.0272435725506981 0.0913546892135553
-0.264766155963851 -0.146123801063361 0.169180541558028 0.108988835674978
-0.214043607890576 0.0958446003545809 0.313360235470351 -0.0625315871233595
-0.106385783111472 0.170248866764052 0.306305445803986 -0.273666431701929
-0.015721709071424 0.245425391406397 0.181899016950167 -0.424871438309752
0.00117778013722615 0.24784932258442 0.105094388511704 -0.415380507538727
-0.0198202590566596 0.249453375069293 0.159672725194382 -0.410645008330815
-0.132833514589087 0.19122534661967 0.243039880191281 -0.265742931456934
-0.238741968569819 0.090057330228408 0.223244732538847 -0.068725717598313
-0.283215401553144 -0.161208292886001 0.0523470243208827 -0.052955778775869
-0.0610125700556009 -0.299961233907103 0.05133461037591 -0.206340710389223
0.178155849791183 -0.199744578495136 0.336089505895375 -0.422957538061986
0.269604943780558 -0.0904998831850177 0.761998056936596 -0.30515742665372
0.494056992493811 -0.314615888435336 0.22156859292583 -0.223226238462207
0.250165389109599 -0.458122478684352 0.0166329035580453 -0.146850827867141
-0.12970246616306 -0.502983630438144 0.041471779547597 0.123279324048365
-0.435967227036231 -0.263803674978865 0.169062078651626 0.124488663514413
-0.374797080093589 0.1202341000434 0.279541983268494 -0.0620008040685635
-0.222342484797344 0.264708379819716 0.255855505804302 -0.214480373737729
-0.0961160873712412 0.403849358058598 0.153957534439602 -0.336664433613043
-0.0518062804498975 0.413817652164634 0.090489988816821 -0.296141101378103
-0.0887594594668433 0.414911877674837 0.128637393054962 -0.292263504643443
-0.272627743565128 0.301355950032368 0.187787896113552 -0.159575796267021
-0.419254083261328 0.124279648954557 0.146108646860983 -0.0145157113811593
-0.492672746552103 -0.286498366213981 -0.0193144571240661 -0.0359400786157721
-0.146618056478037 -0.548032973687249 0.0109583033860944 -0.204298225692841
0.302032712854913 -0.442340269056592 0.277633743126864 -0.418194677790638
0.535028767959955 -0.270271523583303 0.610824750798967 -0.309985348805909
0.619871135694995 -0.462294476013912 0.019532980436085 -0.128931289775637
0.294401163911261 -0.641813709306012 -0.0618765900525078 -0.0327607394894726
-0.204505502642044 -0.670602944686871 0.0629406822937571 0.167382432277798
-0.588823277702993 -0.338089730838397 0.165735538808077 0.129111473547375
-0.500522940604507 0.149700838973146 0.212602794304917 -0.0581154709025746
-0.309046491000666 0.334483800201368 0.166987776288474 -0.126105684657721
-0.163320936139548 0.508478777073233 0.10136348678843 -0.199243502583283
-0.097324749611803 0.516263937242481 0.0621451914929264 -0.132505843625951
-0.143844263342787 0.512504302563292 0.0771043989285233 -0.128079349853074
-0.367711557275289 0.361061057004989 0.100554806002083 -0.0240006863448339
-0.535500311411003 0.135351049238609 0.0347592429648504 0.0491490136861134
-0.63020921144251 -0.369001866084802 -0.104832656403118 -0.016447885161437
-0.211682815722404 -0.713652616309258 -0.0417070501923684 -0.185009920477923
0.378665147050799 -0.613872714408715 0.18449925921849 -0.356450955144585
0.714551544060733 -0.398856423486087 0.384855317148575 -0.257541832209277
0.655073344845788 -0.555660785502083 -0.213229662431253 -0.00822451011151355
0.28782584109602 -0.753745268506586 -0.153152093413832 0.11842722252239
-0.269791428195156 -0.749726528657419 0.07897174880743 0.210497799503607
-0.677398131267172 -0.354167771229877 0.142011322927538 0.124333513932428
-0.558161054006739 0.171868115072666 0.111611712399009 -0.0379313982368795
-0.350952858764848 0.362865960249405 0.0501594550192733 -0.0113633374507915
-0.203409833295122 0.541427332808828 0.0323019910374479 -0.0292063169016218
-0.127451377398505 0.541482744720517 0.0239862231305883 0.0511058266577118
-0.175181279316238 0.524822170608393 0.0145987677369624 0.0545861917306991
-0.40281522893057 0.356190124055433 -0.00579642762013404 0.118273546937087
-0.558128488154076 0.116077294175964 -0.0922418770929543 0.109467439957018
-0.648377715504954 -0.392933866378097 -0.186148759884403 -0.000229268150150504
-0.224994198009686 -0.750368026435221 -0.0890925764485823 -0.152374076409529
0.396535579421422 -0.661124384811921 0.0849171909728645 -0.248310251349689
0.772338141330614 -0.460104661504859 0.127214074719463 -0.162202844383902
0.596306095464786 -0.568860619693455 -0.444215917377434 0.120954410423126
0.23574748299142 -0.739448088107563 -0.243812827356927 0.276883888055934
-0.282212299344103 -0.702379580878677 0.073416966727781 0.238542200920324
-0.64106566428821 -0.313556513492871 0.089101543346719 0.110929479182598
-0.519523179297237 0.160448131706673 -0.0115891466533024 -0.000238174354433512
-0.335068554751803 0.33297518277097 -0.0756703217453824 0.113951287700992
-0.215920031771034 0.493103123508719 -0.0404031489847649 0.150530322338819
-0.139350600201748 0.482843718198189 -0.0177624906148275 0.22708068867922
-0.183329286610229 0.45623197065229 -0.0488957282382352 0.226578793669595
-0.374572964112022 0.288005385012216 -0.111011861225384 0.237219476704653
-0.482254629085952 0.0649648041297631 -0.206476992134711 0.147627572093659
-0.533057680692646 -0.357176787122617 -0.239192392084031 0.00229435111109568
-0.173723347589321 -0.646310024256041 -0.11425577807771 -0.118461964662955
0.353350676093371 -0.574248481591705 0.00132787880794919 -0.118786063796894
0.703767327654438 -0.436157384297365 -0.117285910431544 -0.0418400984381815
0.441173179008251 -0.486322460507437 -0.634972875178377 0.229550484229583
0.151284479279381 -0.5875200208043 -0.321732645261585 0.400477273211974
-0.228013067289216 -0.524174022265445 0.0466999253714302 0.243558092349014
-0.476190427417363 -0.222880790662431 0.022697998418335 0.0923267701610647
-0.38096753911859 0.114051764396306 -0.128094081627121 0.0419275941314443
-0.261352612248712 0.240931818437991 -0.189102147887043 0.223337153299669
-0.191667805559735 0.363058496289557 -0.107219178139879 0.309960346493695
-0.131055946909012 0.351747166516307 -0.0567601142006483 0.36859310740044
-0.166813064014792 0.318971375146067 -0.105405418458792 0.359001067279007
-0.291570394786383 0.176087056691359 -0.198398327256636 0.309079228819492
-0.331586629211895 0.00239903433071221 -0.287236059389568 0.148395266537808
-0.328637249363733 -0.272189345512938 -0.251278856951811 -0.0157739493125626
-0.084045048882975 -0.439101779971922 -0.111957349629975 -0.0952218988642441
0.26192352868239 -0.390717976104767 -0.0527663846776793 -0.00046101636920284
0.52783697255284 -0.343163924908385 -0.308695045170413 0.0782077205948515
0.21817609019264 -0.323477271826595 -0.754459981745841 0.294255602961872
0.0418515331614393 -0.336928163065118 -0.375717322625331 0.472574754604415
-0.137517208678673 -0.25736540311726 0.0103141115506608 0.233252633675376
-0.230166105380386 -0.0938465908764995 -0.0309238332885845 0.0701132674385933
-0.178276776908221 0.0473703028952237 -0.208973510715203 0.0720004942798726
-0.142200575258122 0.106709410326606 -0.268535306533796 0.290508270967431
-0.136471334462812 0.171548197822242 -0.157232156133662 0.420857184626131
-0.102070958853826 0.165690878267792 -0.0865836199454973 0.456311172546732
-0.125152370051713 0.140183800718031 -0.146026677778374 0.434646080054713
-0.172768580109209 0.0496428957199387 -0.254831304328707 0.328350315526429
-0.150642456135268 -0.0498207145496074 -0.325381691628191 0.119540202893623
-0.109683713978644 -0.150319424086893 -0.229550549901776 -0.0429248463506154
-0.006567511618471 -0.192593519343284 -0.0917929441456784 -0.0826830749986158
0.131681275278941 -0.178568766545189 -0.0764999062398269 0.0882830969852639
0.280900805339422 -0.209659927174352 -0.423182515859289 0.181767914682148
0.0715798581079511 0.0431844845586224 0.432400762688774 -0.353317415318323
0.0410941173246472 -0.0385758812917377 0.0880696953341369 -0.249904458618312
-0.0391686312556973 -0.0639996107264483 0.0281850523343272 0.0727981848471827
-0.0909261995536739 -0.00428880340535722 0.183692250509081 0.0800815792457873
-0.0337576629649028 0.0752231116242454 0.321085720846955 -0.0885853247170908
0.0245546681445777 0.060610819487271 0.302960546703344 -0.329536077266813
0.0698798076406315 0.0499362009995408 0.158491197137267 -0.470988071200525
0.057854718204071 0.0411992320896794 0.081671162467336 -0.484878610937315
0.054772517925419 0.0400565846428368 0.139035207072344 -0.478099071607848
0.0271059806073269 0.0481216477718 0.237171934187398 -0.345602095613165
-0.0244801623613673 0.0441250257213791 0.252707121514456 -0.125888234091495
-0.0417258912773552 -0.0120689085376441 0.0953240507837442 -0.0771173583884307
0.030431172349576 -0.016371187518861 0.0608713788389101 -0.209804535813689
0.0322923661108775 0.0682771778404086 0.342882821596809 -0.413586121329131
-0.031201766344459 0.109634188363647 0.821073894071127 -0.298603644047869
0.296546306392615 -0.15669785045262 0.362406189336984 -0.312857305474037
0.149022859863713 -0.260268508225723 0.0622800764673936 -0.221894482423551
-0.0946908773735771 -0.294747387717624 0.0341535898242542 0.0925021058051536
-0.280765705357776 -0.133641688100343 0.178370257179754 0.102454672843643
-0.21287047879429 0.108214282297665 0.310734191666562 -0.0812577759628407
-0.0998447967787582 0.180787863783766 0.292216517876677 -0.295578802778975
-0.000818582559381529 0.249541002939027 0.156654368333882 -0.438483378554402
0.019299984522358 0.251797710333374 0.0842466748449119 -0.427116133512179
-0.00514837274184008 0.254738789956593 0.135696336050917 -0.424343392207586
-0.124560605191637 0.202459855018066 0.2290391210856 -0.282520599157419
-0.237753050783609 0.104469878168626 0.223258362165591 -0.0825879033853169
-0.297950243915335 -0.147224188428406 0.049926355032027 -0.0562369741624548
-0.0778524656332723 -0.301775221710694 0.0428572869369391 -0.21524024624864
0.171676215758933 -0.21280764324896 0.321638281932915 -0.450273081591835
0.269245667802348 -0.106647905747422 0.76228693840795 -0.351985109505907
0.484696758292977 -0.344850858469452 0.219328055743607 -0.23908372512383
0.229990312071448 -0.475797039828835 0.0106253847933228 -0.150743012148783
-0.159780187703717 -0.504462877635139 0.0502265888480134 0.124268020176347
-0.463913362654549 -0.242062074724087 0.18017246047553 0.117704991093766
-0.373653595621209 0.141994866423567 0.276266299015346 -0.0780676438956516
-0.212744392794475 0.283813433818719 0.246051677472536 -0.232908429826225
-0.0713864859214755 0.416611682473911 0.133279921020714 -0.345696066511895
-0.0240577257907877 0.425785187940601 0.0759681950618973 -0.304661436368607
-0.0666434790143038 0.427605642218756 0.111857044048907 -0.300876531459878
-0.260112946979512 0.323842413703466 0.181173485341557 -0.171792165375631
-0.420960051447659 0.149715770204636 0.14752062654923 -0.0221795092330172
-0.521313861592687 -0.261094069844762 -0.021905312259463 -0.0345473170598336
-0.179467561804228 -0.551547096252374 0.00246702018291811 -0.210720444547163
0.286566914136992 -0.467779018772088 0.260984669787634 -0.442397300971972
0.530351920338938 -0.303945729593289 0.604899455558165 -0.343720116125646
0.607844769187169 -0.500838006673106 0.0183633818344986 -0.13281044866077
0.266126062781818 -0.667190265911201 -0.0621020206349074 -0.0310342576114474
-0.246983141682205 -0.671179012510081 0.074492763560171 0.167871154686313
-0.625571385398458 -0.307371676798688 0.178624534580815 0.121941494432334
-0.500891081035992 0.179276667327142 0.208762417885352 -0.0697754273915376
-0.296563150673979 0.360862593691628 0.16340114584524 -0.138054896647741
-0.131680705906275 0.526928566227856 0.0872929550616135 -0.201883205672263
-0.0628498636596916 0.53251963838243 0.0569178595780775 -0.137186111792148
-0.116418590606367 0.530528554133679 0.0696872377332468 -0.131196157255147
-0.355357169891944 0.390961741866057 0.100088305125367 -0.0288585234838758
-0.540137859621693 0.166762583975239 0.0362958158141442 0.049965146864261
-0.668208992988012 -0.338306460545985 -0.10876047394266 -0.00827095362020071
-0.254119756910188 -0.716504569721371 -0.0499183818719857 -0.189021295198623
0.353310349824707 -0.645890229363137 0.171107865872787 -0.375347103939563
0.704720309258551 -0.449892072814135 0.378702440481541 -0.281782978715245
0.639184689008788 -0.598696721953783 -0.21360945289171 0.0010847811045054
0.251677384681451 -0.781902243219363 -0.146134500592424 0.12850594341284
-0.320375662882525 -0.749515537115716 0.093039022576588 0.21139227637869
-0.716688320872112 -0.319884287982431 0.154676783148674 0.118249540626939
-0.557963933836228 0.203439868231935 0.107379895630267 -0.043534427314133
-0.336595241485127 0.392145077384924 0.0535546571512428 -0.0145986254407194
-0.17033211436634 0.564594927816177 0.0273809968433141 -0.0253359035619156
-0.092384760096287 0.5602117043799 0.0285117494921259 0.0515555021368167
-0.148289780018405 0.546057992276291 0.0173355498774567 0.0580370984782091
-0.389640048906371 0.388364276332369 0.00179221462360226 0.120997984472702
-0.565057992789368 0.148998739958985 -0.0891171049949842 0.119175676055375
-0.688094058194009 -0.361817046442985 -0.190669328161909 0.0129243253564079
-0.272139431735123 -0.752786025862996 -0.0963975601340464 -0.15243651864121
0.369245642723258 -0.693766523774067 0.0753504730790907 -0.260227988840366
0.760553135016883 -0.513445620571431 0.118910531699711 -0.169205473737114
0.577729150043364 -0.608162513073463 -0.443796244116169 0.143645458443954
0.198838310242385 -0.766785390583559 -0.230488063293581 0.294539149195448
-0.330060119608385 -0.702483678422589 0.0897006901281995 0.24100076813828
-0.677760787864239 -0.280731371753556 0.101106710272901 0.107836768825111
-0.519764847621968 0.191207683040404 -0.0140463024404293 0.00143554717598185
-0.323425015393021 0.360648928522685 -0.0655669204261078 0.121252634692644
-0.183688127429474 0.516907634449236 -0.0355848918064073 0.161274976638026
-0.108286156092511 0.50374641413198 -0.00390509753303355 0.232631788860958
-0.160273588878694 0.4759058752316 -0.035944863310553 0.235400362088585
-0.364697561567549 0.318118266867368 -0.0970198848610598 0.247199748934457
-0.489319083469173 0.0932370465934044 -0.203811892463918 0.163628204062879
-0.567415538664915 -0.331214455442209 -0.244363894223665 0.0173906104736902
-0.213980253565307 -0.648354267552271 -0.12119332489975 -0.115091148934474
0.330379570890558 -0.6033345153473 -0.00479474954618451 -0.124328158212962
0.690861092391547 -0.485331404287834 -0.124427420866788 -0.0334723387586683
0.424800793890934 -0.517028285406195 -0.634201853034458 0.263472727778038
0.124302080899464 -0.607807560717907 -0.304642040769739 0.42612205199008
-0.262582648916167 -0.525146524009413 0.0613858475626827 0.247408382966172
-0.502248598200252 -0.19801560135324 0.0326053249077375 0.0910653586941656
-0.381623699797574 0.136746253151752 -0.12838002645382 0.0502260605889822
-0.252431309880918 0.261833854617297 -0.17480378373272 0.239333562762976
-0.169405266502112 0.383149782723998 -0.0926949005696356 0.324743077951784
-0.108100879959279 0.36810258825531 -0.036419893072266 0.377534638996754
-0.149805557376244 0.335062745201857 -0.0850559677852892 0.371176582473103
-0.286901680042556 0.198516430671952 -0.181558662124852 0.324830030311206
-0.338881941613298 0.0208894476897816 -0.284608134156474 0.1692672232759
-0.35335061572742 -0.256335812236295 -0.257892978800117 0.000119485964709174
-0.11202368151168 -0.442025839898072 -0.118314448851055 -0.090716791993198
0.246404371143646 -0.411693676930481 -0.0530960026876737 -0.00108368987743087
0.516554547692823 -0.380284600870604 -0.312933781794491 0.0991569321074131
0.206190477020484 -0.341190631367202 -0.755433968760012 0.336950599285578
0.0251473490592792 -0.348501872378527 -0.357461348146275 0.50202976041874
-0.155239398881187 -0.257405558186839 0.0237525332484494 0.238519724183562
-0.242313345460072 -0.0814395437155812 -0.0239317479071813 0.0710612962335226
-0.178477043607958 0.0572698405913247 -0.207448687464303 0.0846016912257476
-0.138310401594267 0.116601676896545 -0.252358404311567 0.312354860246275
-0.125641815322296 0.184997816460192 -0.134550301249115 0.438807765785402
-0.0918527885350992 0.176876478837539 -0.0646844950587281 0.468641151913871
-0.11867415483624 0.150557545853565 -0.121649241707056 0.449597212416215
-0.172448530879366 0.0624480875096153 -0.23767145644066 0.346342211415183
-0.157310592632908 -0.0424100067025917 -0.325136987953717 0.142646119351651
-0.121891644993968 -0.144799139547562 -0.23612629539672 -0.0299907994006038
-0.0200394811646528 -0.195008005476339 -0.0976281294894994 -0.0778317134802143
0.123302883844082 -0.189016757289645 -0.0722145582853018 0.0919403547931291
0.271793302773862 -0.23173598997366 -0.423569268657839 0.209204599865873
0.0714475931177914 0.0383122421614184 0.411898527094131 -0.374270169695512
0.038364373383986 -0.0379236101608286 0.0717340919585798 -0.251750082010488
-0.0424798653164443 -0.0604483112997879 0.0344197653242045 0.0715620938177927
-0.0912473195715411 0.00169862560228854 0.186840288770154 0.0681697345565333
-0.0297056813296076 0.0761033056041354 0.309868894311202 -0.105986176755905
0.0266617870217866 0.0598214844855634 0.274430226445501 -0.34393351665174
0.0703758336330368 0.0431068762747035 0.124415645690411 -0.473894161929252
0.0596174327328653 0.0354766077687627 0.0499198303651725 -0.48290341505583
0.0559392299809763 0.0353685203861919 0.103834875717103 -0.479831330069839
0.0294930808195158 0.0434234556233402 0.211004968597986 -0.353948955199921
-0.0205752075572521 0.0444909236652384 0.241669005470382 -0.141897195873831
-0.0403318950755403 -0.00981099767210098 0.0882019160330236 -0.0821370403487428
0.0310706336050119 -0.0176494538613244 0.0472009799396638 -0.212119234211943
0.0364334838397757 0.0661275152190683 0.314789157144125 -0.428846503685548
-0.0246523251318681 0.110814585958771 0.795518461136594 -0.343510798530718
0.282298934333375 -0.17096708949718 0.346822639781328 -0.330847722303756
0.132055613611749 -0.263706706949948 0.0488001118290693 -0.22332855583993
-0.11097797541889 -0.284029174241531 0.0413564258381047 0.0902053511113364
-0.288963174024838 -0.114137802971462 0.183075990107418 0.0918229260342636
-0.204711457476442 0.119074893783839 0.298717143840887 -0.0973576558613893
-0.0885269034583484 0.187212772363225 0.267682999828294 -0.309868853467483
0.0150371964894861 0.245526546002714 0.125341015481332 -0.438437685187171
0.0378199195043482 0.247388661410266 0.0578646084325579 -0.425779790835242
0.0107791040217969 0.252227114986692 0.105918255857422 -0.424694249851791
-0.110920596416265 0.207414144596445 0.207688441971801 -0.291236398530893
-0.229217888179383 0.117870665952409 0.216133452764231 -0.0955615600143576
-0.304640289053646 -0.125731260618263 0.0456844207140642 -0.0585218129418121
-0.0940687992220987 -0.294605644043068 0.0297405769091701 -0.217772060865288
0.158786776904332 -0.220961309638359 0.292056156110647 -0.46447326903835
0.25893959553169 -0.122175372110165 0.733716129050002 -0.389303813384623
0.457997971138618 -0.368297173164374 0.208818549080381 -0.249439012930622
0.19982305651459 -0.480728326594092 0.00321212315497483 -0.150519689943047
-0.190139013344663 -0.487504847832302 0.0596838399505069 0.121291158364862
-0.477683705838581 -0.209680257438973 0.186030972903171 0.106237470842873
-0.362347075511554 0.161669283411258 0.264872955113434 -0.0913830936656722
-0.19360453243686 0.29624248652348 0.227516636945066 -0.245849134357544
-0.0426729267048711 0.415051143489511 0.107557000757684 -0.343350567129158
0.00865437017831167 0.422892647150818 0.0580732600037296 -0.305661825117312
-0.0375393451775883 0.42795834023769 0.0904386741248654 -0.301332349367964
-0.237508322024402 0.3371580684925 0.167104324159635 -0.179005025074053
-0.40909273187612 0.174271830336621 0.144297587862905 -0.0295264296285502
-0.534694637116731 -0.226278927151554 -0.0245486194818981 -0.0312145243831675
-0.210938651701266 -0.534954508761634 -0.00882999783813516 -0.212149639691406
0.257606581615474 -0.479532621596511 0.234371231704464 -0.455432691135229
0.503296180778962 -0.334576376233916 0.578290542148594 -0.375273694813963
0.56964126686126 -0.529536563194407 0.0155105128130258 -0.133449488881101
0.223972979385249 -0.674115685787596 -0.0604626159531766 -0.0282676081697755
-0.288215159361182 -0.648939633860471 0.0865926943666809 0.163155813091977
-0.643450970429043 -0.262441876537451 0.186120895083266 0.110504048061425
-0.484792670596172 0.205315969513572 0.199608519771873 -0.0794514869214714
-0.272235868857703 0.377632764475389 0.154400424337782 -0.147865710148654
-0.093393400833185 0.529375268107705 0.0712811908349627 -0.197969542139334
-0.0230037498815955 0.532473369606088 0.0492701435056964 -0.138235582129393
-0.082402418273937 0.532523045802532 0.0601370821389292 -0.130765268579078
-0.326574399583937 0.410999429397633 0.0971911630684255 -0.033870327899091
-0.527644021490329 0.200116095293046 0.0391666699741477 0.0491401969101233
-0.686296811832537 -0.290047931476015 -0.10844969351909 0.000414465944401264
-0.296253445001891 -0.694363036498486 -0.0588557473850329 -0.186871145135197
0.314667890215057 -0.65864775086889 0.149074354614128 -0.384880523974435
0.668988169628018 -0.48898308655572 0.357754755238892 -0.29839787691742
0.598608064594163 -0.629181413171979 -0.208538583396618 0.0117681133385411
0.204919906687863 -0.786581650970718 -0.134004896745284 0.133873788151845
-0.364741795208381 -0.724618914426831 0.107285140441609 0.205448880047033
-0.736855535651119 -0.270450471717733 0.163127810804106 0.107943672225788
-0.540339421455255 0.232320812134 0.101668352039069 -0.0473124413403085
-0.30991344396068 0.411259335727009 0.0549713077602654 -0.0190733721882166
-0.128819901275236 0.569230663787784 0.0240832120266664 -0.0191723580304082
-0.0475317291838243 0.562784490185991 0.0331348332348499 0.0491536714579656
-0.111035202923573 0.549663711883023 0.0208684947795752 0.0596338564660749
-0.361637974284495 0.412106853871215 0.00996796895244742 0.119777202157489
-0.553598056697186 0.184138099059479 -0.0818241567034988 0.125776129368015
-0.708540303303531 -0.311249940977439 -0.188716385076162 0.0271226256126873
-0.317072282643022 -0.729714075144883 -0.103127326860219 -0.147204918167424
0.324578344787001 -0.710297419663927 0.0589176763095867 -0.26562589311284
0.717842274658647 -0.555006902433378 0.106265823600025 -0.171553019939728
0.538327928473637 -0.636541241155919 -0.43029303464342 0.165874133432648
0.155488849515801 -0.77233327960684 -0.208011335937342 0.303869537179513
-0.373616777556406 -0.67743516841135 0.105384315251555 0.233854477153368
-0.693957437899102 -0.234239116033897 0.110197193285848 0.0995186510200406
-0.503069673974707 0.219074397644178 -0.0149478794821073 0.00396300961025539
-0.297737205227465 0.378839355516514 -0.0534763064528325 0.122902351094289
-0.145116845926046 0.523456477350506 -0.0261086462275402 0.167381265552601
-0.0686138483290995 0.506309069856256 0.0118083288573126 0.229745157928891
-0.126420620027445 0.482508823921282 -0.020159224715464 0.23660623802538
-0.340041109938095 0.339912826472427 -0.0796337732518014 0.250421432038244
-0.481252022128538 0.123281862212678 -0.192280288852102 0.177344564214328
-0.586101897519085 -0.289437342344638 -0.241513386350792 0.0357010418825291
-0.253839398067407 -0.627657401397566 -0.125107421561191 -0.1088129296884
0.29364344352568 -0.616870011131477 -0.0118309238308081 -0.126699340232758
0.65118321338276 -0.52485920146698 -0.127117255061749 -0.0228360021973138
0.391570847257904 -0.536680265800836 -0.613499330776452 0.294690660523497
0.0879792406229381 -0.612067810578079 -0.274641529814919 0.438561120600096
-0.294650447713633 -0.506134297517496 0.0767213134740805 0.242134450285736
-0.514534178178613 -0.162768416746378 0.04090307601267 0.0867339974482275
-0.36944815896127 0.157110152223577 -0.12378860638391 0.0585772778005239
-0.233262460745882 0.276160363020444 -0.152054043990594 0.24723535998705
-0.137707864506306 0.391310292329451 -0.0712530883683199 0.330805365405025
-0.0779618878422638 0.372796835216166 -0.0120126885617768 0.37521086542258
-0.12602400344169 0.342595821106402 -0.0593245952845829 0.372550024320426
-0.270863336930272 0.21660149351588 -0.156939627044596 0.330792372521828
-0.336849250958843 0.0420096050044361 -0.272235580062269 0.188066685485093
-0.367682023244033 -0.227772825300939 -0.255831198677454 0.0185797159102702
-0.141337271402877 -0.42983235786702 -0.121018600220928 -0.0831325605161374
0.219037405518968 -0.420867959452186 -0.0529605886782131 -0.000270772370129032
0.483774017470254 -0.408915828078899 -0.305873556624305 0.119895717937613
0.185356397615939 -0.349410924939439 -0.729361419542613 0.374928742643008
0.00536345991390141 -0.3485141633463 -0.323200972502488 0.518935549637756
-0.171118448773106 -0.248405008105285 0.0380982112257399 0.236028351547971
-0.246837087317002 -0.0652998384279647 -0.0167320134839142 0.0695142992562697
-0.172195750483817 0.0662833403007374 -0.19977212580735 0.0965762158102452
-0.129913695054025 0.123958363601477 -0.224836646438324 0.32543327408294
-0.108694382083276 0.192353385235988 -0.104958690332727 0.44310315683259
-0.076417975614117 0.182278312597784 -0.0330608838484133 0.46565281970621
-0.107262272728325 0.1577862973722 -0.0903367558692889 0.450334396863715
-0.165929344318165 0.0753306241146769 -0.211037264550908 0.355315072626739
-0.159766294130048 -0.0311160410052146 -0.311870386849809 0.163508652143281
-0.13125379922986 -0.133536779224094 -0.236007552003853 -0.0135360497098067
-0.0343851927647551 -0.19077736338813 -0.100680896034082 -0.0705383417604464
0.11035126902165 -0.194498795281317 -0.0663169394908182 0.0933711886917885
0.252262621451037 -0.247242289186475 -0.408014226177904 0.234398398724548
0.0687561779406764 0.034363165986138 0.389490593138803 -0.37959500108546
0.0354030887472518 -0.0360505350161465 0.0603088991460595 -0.245324644331635
-0.0434533339102858 -0.0556132346732712 0.0405856377213683 0.0680541988881007
-0.0898661933184064 0.00494676748519219 0.184349556927251 0.0589180152067899
-0.0268098134373963 0.0754077968733263 0.294180993020868 -0.114676308238279
0.0275140310281652 0.0577976586507763 0.249274558384819 -0.343965587293157
0.0682700755040362 0.0383335745021582 0.10044389675547 -0.461170068244177
0.0587571866300834 0.0313739229823765 0.0303007011223693 -0.468150824177563
0.0552948022061985 0.0311870189287316 0.0790924467664102 -0.465335794960195
0.0293754588001617 0.0393245436231661 0.188313711557807 -0.349540771778704
-0.0170177205539662 0.0431025688206839 0.229020569583541 -0.147585808530251
-0.0379948106321772 -0.00825069481859297 0.0817752390550764 -0.0835531606191709
0.031375812093546 -0.0186257504371242 0.0372661522801088 -0.20868095459847
0.0382678597545474 0.063812388283198 0.290072429180803 -0.427595944293699
-0.0197384631676527 0.109210691818514 0.759831322063252 -0.362030946778049
0.264660398531764 -0.175583598596446 0.327878186027214 -0.334121650215993
0.117831088811551 -0.25731429764755 0.0402967274700113 -0.217795644333526
-0.119592337367232 -0.269202517418885 0.0473593770334478 0.0862458594337781
-0.287065560997101 -0.0973592951265187 0.18259785520853 0.0814419712101241
-0.194849628039314 0.123526556652473 0.283290701624638 -0.104664124107124
-0.078654395928856 0.186252851806855 0.243967343897211 -0.311113454595191
0.0250638089044342 0.236156312880861 0.103145605566261 -0.424692886616653
0.0489456646011529 0.237108241958692 0.0398844102462464 -0.414026972168296
0.021855383213572 0.243926932527559 0.0829100001655566 -0.412269550591435
-0.0992354230660047 0.204766387535178 0.187789288661665 -0.288979626730473
-0.218019433212384 0.123646324831392 0.20539503293252 -0.101790398408649
-0.300989894498027 -0.108347675176271 0.0418120770386955 -0.0577622257612447
-0.101660994701825 -0.282583178857541 0.020926114690449 -0.214675643314337
0.146072841798295 -0.219855955863704 0.267721991472447 -0.462957528837138
0.244683774261679 -0.128639856022268 0.69810545794803 -0.405085596645747
0.428158853922722 -0.371303150246318 0.197971804725851 -0.251105297901983
0.175325483848486 -0.470957738632751 -0.000907465436387717 -0.146591111343694
-0.205051268300591 -0.464332354242642 0.0656113410510679 0.115442959912892
-0.474967697974575 -0.180679640548669 0.187040503538375 0.0958386705864468
-0.346633492766896 0.169562842735264 0.251327877303279 -0.0965377770425136
-0.175421882849962 0.297216006757751 0.209381704840687 -0.248324634656695
-0.0219293902368969 0.402958182289611 0.0894029648873319 -0.330799438514303
0.0309870828287627 0.407697063029693 0.0450864870561463 -0.296852338986052
-0.0175636888842583 0.417025166647958 0.0742807029263119 -0.292521763237595
-0.21706136330143 0.337309906069151 0.153972848902821 -0.178451846475107
-0.390639275632909 0.185848236172153 0.138630191174236 -0.0337843137653448
-0.530018029728687 -0.193515878880284 -0.0246726647955245 -0.0276806511853086
-0.224910181547557 -0.51246643878897 -0.0166177467942309 -0.208442801760508
0.2328608793581 -0.476265336457326 0.210535501918021 -0.450977976821821
0.474401577345531 -0.344819238168369 0.548348729906334 -0.383673127100475
0.532273100904012 -0.533013761994269 0.0146866951430081 -0.131616008517943
0.190862765861729 -0.659571073627343 -0.0574962864030775 -0.0265435507440738
-0.308713020475356 -0.61701262593563 0.09363560729858 0.156240625208347
-0.638717849305552 -0.226261897529254 0.187389269625728 0.100461122637473
-0.463328508670429 0.21788622305945 0.188881479144913 -0.0817725274648386
-0.247927918735498 0.379783095227077 0.143892766644774 -0.151053426073416
-0.0644538783044788 0.516223647409796 0.0611594513315124 -0.187893687011174
0.00782619880833998 0.515236122285082 0.043710280494642 -0.135452859088373
-0.0558712112929903 0.519472584993063 0.0520968505689113 -0.125796222043952
-0.299022907059253 0.413383574824719 0.0929961333340118 -0.0353052565058464
-0.506144007130512 0.216809000783063 0.0402559812459316 0.0487352842202716
-0.68199355525147 -0.25169872384189 -0.104812190398858 0.00744016604715325
-0.317321874958038 -0.662860435737901 -0.0630936083338988 -0.18254652943805
0.281487920337738 -0.653098837609966 0.129655192418714 -0.381867030175676
0.62606304710599 -0.501763172718809 0.335240145967495 -0.299169836436336
0.557575236728642 -0.630632831799579 -0.198596352888101 0.0172040862006778
0.169424600074306 -0.771580340829893 -0.122679149691792 0.133738444353807
-0.386090254872933 -0.686913785916152 0.114962183927228 0.196250182056097
-0.730691071766172 -0.228796356012893 0.165895150291993 0.0979777397062098
-0.517678195952552 0.246096338950855 0.0961927062497316 -0.0464745733169972
-0.283344829784946 0.414451661942108 0.0553931601533341 -0.0224448104719585
-0.0950169394235099 0.55705117942572 0.0230404920364362 -0.0129606096851758
-0.0167760361952303 0.546003508168271 0.0348406952824135 0.0466081065762364
-0.0827944859470446 0.53849887644274 0.0229955175008122 0.0590318589790436
-0.334299291865437 0.416147502710971 0.0148948831868284 0.116666205815399
-0.531149177634071 0.201419256186312 -0.0745511753467293 0.128672160985324
-0.703311236311648 -0.269973385144146 -0.181708221812595 0.0369373482491863
-0.338122477535306 -0.694231145102085 -0.103773803414191 -0.141998657157908
0.289837287035115 -0.702405562959694 0.0473519721016821 -0.263061724324129
0.670430454917547 -0.567805172409931 0.0965278695790632 -0.167075519388642
0.497765399437371 -0.635408122244191 -0.409260355593389 0.174762478155566
0.121673668530855 -0.754419999926369 -0.188237850989778 0.301695967883919
-0.3922699562585 -0.644531118314397 0.113965503389593 0.22494559201588
-0.688419747727385 -0.195025886416873 0.113612373836518 0.0913083377933479
-0.480389098031361 0.231605427370158 -0.0139571421909142 0.00742334739197594
-0.272592959377336 0.382983921190881 -0.0419115360779847 0.119214388817893
-0.112411236101406 0.514459794439107 -0.0175450180137053 0.169143026670981
-0.0382730696766418 0.493654842303538 0.0214695929746052 0.221542720877486
-0.100772298200705 0.474331506208204 -0.00880389678226119 0.230953135524811
-0.314926982505747 0.346418195959775 -0.0660068858760341 0.245042289459181
-0.466767901387226 0.140887688118399 -0.179121602636528 0.183825122703795
-0.583347111145835 -0.252000884713196 -0.233233699038494 0.0475751531515918
-0.273540178030095 -0.598369990552488 -0.124635183945055 -0.102958525431897
0.260481117602464 -0.610120019569036 -0.0175128436009109 -0.124981053754992
0.605433085742113 -0.535267858930783 -0.125801733317692 -0.0134771485947647
0.36128632909447 -0.535333629344649 -0.583979283897736 0.307397895360884
0.0636359587218003 -0.599758443084915 -0.248428908592409 0.434535271166169
-0.309732969321325 -0.483115226626125 0.0857512677591366 0.234161795953587
-0.509207000584571 -0.134812603916666 0.04558668863536 0.0813399436941301
-0.353070193841531 0.165793951668043 -0.116980586304619 0.0627015211464241
-0.21472710332668 0.279412359840361 -0.13297967122547 0.243979217310032
-0.112993053919277 0.386618337222573 -0.0544266256913269 0.327302274547062
-0.0538470906841342 0.365146630272675 0.00386481982373854 0.362574961651732
-0.10580358377596 0.33910978058937 -0.0411593401048257 0.362501299401102
-0.251953246879322 0.22320938138263 -0.137817823205185 0.326501680948925
-0.327025774729782 0.0551373909271127 -0.255841287547182 0.196100546128181
-0.367310784585509 -0.202012059865757 -0.247035469900089 0.0303697148669988
-0.156113371837462 -0.408907180306193 -0.120440771451968 -0.07751481530129
0.19620054916544 -0.417341000121893 -0.0518623487366025 -0.00156087785064285
0.448868245447453 -0.417144118506936 -0.293667233535588 0.130341675474785
0.167917113216085 -0.346536655133002 -0.697709547072208 0.388530169659263
-0.00652276662587935 -0.34166910654749 -0.293875100031909 0.51401885121319
-0.177573015053397 -0.236749199989509 0.0468558943765099 0.22890430540778
-0.244360517118817 -0.0519424891374716 -0.0116412308520763 0.0658085651810523
-0.164754032764069 0.0697624274653904 -0.18873590677872 0.101190713003525
-0.120339461751561 0.125845968042439 -0.199425520157847 0.323264726760943
-0.0939876056387067 0.192464775360681 -0.0831390257793914 0.434516817357973
-0.0632895944504115 0.181236899390512 -0.013154524917692 0.451785112249518
-0.096265717925009 0.159018057402183 -0.0667283861459551 0.437621091670115
-0.156683415823684 0.0813950946366844 -0.188949422888142 0.351343396450394
-0.15770536635491 -0.0226961497242669 -0.295631707376723 0.173751714243812
-0.133911827795073 -0.121063975206648 -0.228556272536234 -0.00124763481612939
-0.0436226382528859 -0.181587450816224 -0.100724579543735 -0.0644355027961018
0.0986120175434373 -0.192787684683541 -0.0605405073929148 0.089999623906999
0.231710866033677 -0.250369291649911 -0.38855991475353 0.245612505734194
0.0655532167330816 0.0332460631328984 0.377668113455466 -0.374332950614895
0.0342050636741652 -0.0327106392113381 0.0568335523233952 -0.23869006969235
-0.0426294711536234 -0.0522249662172865 0.0436542856111425 0.0656340734205891
-0.0877591584125738 0.00673430552851751 0.181052845578661 0.0539300684462886
-0.0252455769789112 0.0743695467093162 0.283565319153216 -0.114916562916551
0.0268356518675373 0.0574191549095136 0.233970129237394 -0.337593402444174
0.0652680314899913 0.0357334918871827 0.0899144454316573 -0.450064207841245
0.0577112558573396 0.0287234327470447 0.0240978914149249 -0.45630693810364
0.0533049126894692 0.0287999510316899 0.0692486468781089 -0.452018269295999
0.0279826006657553 0.0361163723551999 0.177094943118168 -0.340768190208373
-0.0154480992193009 0.0409914053793323 0.220429761083142 -0.148936221098164
-0.0353931891308682 -0.00848961313592018 0.0771095058943721 -0.0825374792250358
0.031858324573315 -0.0191648992237783 0.0338786241173799 -0.203879292811809
0.0382911751230801 0.0623938352474334 0.279337935288032 -0.419441051964247
-0.0179853333049464 0.106791680886958 0.740398372785944 -0.361265534823319
0.254705878537881 -0.173035920158408 0.320742369942617 -0.331002485268978
0.112388613517268 -0.248586870424296 0.0382766451487212 -0.212258601567477
-0.120237254867997 -0.258898893383128 0.0506888911577464 0.0827689434891236
-0.282682938093122 -0.0880259971020885 0.180294055270947 0.0765564682496316
-0.190150910905805 0.122552766518512 0.274003945121276 -0.103295835144985
-0.07377301111592 0.184460379883673 0.230519391036731 -0.306726564945629
0.0277406827956064 0.228260283796036 0.0942467693002012 -0.411721915410997
0.0531968908349076 0.229208077890759 0.0346098803119399 -0.402922072739622
0.0251248140094056 0.236863174555735 0.0741481846039389 -0.39864992414334
-0.0950639014415679 0.200350188707469 0.178391143122849 -0.281497252398529
-0.210510349327578 0.123839535186719 0.198685202628153 -0.102407139765355
-0.295838218153801 -0.100517933374934 0.0395782179980425 -0.0567656217094792
-0.10215164887272 -0.275023990810154 0.0182039475037077 -0.21215164485582
0.140375133930402 -0.215960044934899 0.257035047799265 -0.455054297272649
0.23501783855203 -0.12852157665363 0.677725869043823 -0.401452732327204
0.411641065180925 -0.366746661433775 0.19498341565441 -0.248710596343359
0.167112848614679 -0.457659689402639 -0.000551704263617472 -0.14358048857306
-0.209167685541141 -0.447670682001307 0.0698676649340828 0.111713089909714
-0.467665464627887 -0.166123258884396 0.18617554575195 0.0905608443410003
-0.337730138249618 0.169941448506378 0.243857222015733 -0.0946351771049216
-0.166405555087752 0.294601087701944 0.199369104128235 -0.246078856691804
-0.0133871389430749 0.391924298212976 0.084018810492063 -0.318630845493359
0.0407334952166115 0.395498163817783 0.0413894433885827 -0.289098894888754
-0.00900503758940271 0.406654816094445 0.0677775598856654 -0.282419879437094
-0.206902490184906 0.332219117498944 0.147498053706635 -0.174387055401137
-0.379634217497518 0.187239109031201 0.135108762219243 -0.0341172908936217
-0.522343530024926 -0.179343638687291 -0.0240427266289239 -0.0251391653503775
-0.227052328943132 -0.497474757404969 -0.0181440244409796 -0.206416483491551
0.222793909647277 -0.467691294673068 0.20006602761007 -0.444917729083266
0.455858342488859 -0.34162664872781 0.532827681527582 -0.377719100229545
0.511703865180336 -0.524827244394719 0.016434949707282 -0.129698779792407
0.179105489407597 -0.641880423715711 -0.05422338805165 -0.0266421652806128
-0.312169655694985 -0.595378000533604 0.0978205396560186 0.150544386725368
-0.631418538714176 -0.206443650602567 0.187737391247486 0.0951425666946454
-0.452375658531459 0.217977086338209 0.183843541752751 -0.078423298513674
-0.236276180932343 0.37651233571746 0.139136357732672 -0.151381698241269
-0.0520847177787469 0.503337558415407 0.0590614625647715 -0.177585773769665
0.0214680127113959 0.501121617614662 0.0415153301442039 -0.132299584287637
-0.0439916416462802 0.509172814293879 0.0494612179891148 -0.120118963532918
-0.28559353369912 0.408897534570639 0.0903558878649227 -0.0341065092328937
-0.491687169158957 0.218047169841711 0.0399794145174534 0.0484813351722016
-0.671433712995094 -0.230947897462316 -0.100856100995823 0.0106216323020517
-0.32058864150516 -0.642594827763135 -0.0631317204010773 -0.180995978426899
0.266970416344343 -0.639956906859143 0.122807416051517 -0.375347488176794
0.600299488733408 -0.497708693705682 0.324423350988022 -0.293051260343005
0.536463950466425 -0.622555755297298 -0.189987458862137 0.018021754219481
0.157000505418678 -0.754526481303173 -0.116234207540632 0.129899559996644
-0.38994279691746 -0.664761795235651 0.118765704827734 0.190245031485025
-0.719661834444348 -0.207493337178536 0.167171757383974 0.0931842329428261
-0.504617634718285 0.248020695033107 0.095208612686042 -0.0437614940766812
-0.26959825483625 0.410885159922189 0.0562542778877869 -0.0258451455108835
-0.0807138138372329 0.543446165344672 0.0246021323960858 -0.00665941812941855
-8.58060203667347E-05 0.531522219296193 0.0352140028714305 0.0449251514728937
-0.0682699489452585 0.527446997245492 0.0244822802207535 0.0592762374001263
-0.318179757506698 0.411090470751483 0.0166607430384649 0.114302113162853
-0.51743437370152 0.205978955596482 -0.0692953896434369 0.129233905812214
-0.692083211388386 -0.248191029270017 -0.175219090167918 0.0407423390140906
-0.341575409359747 -0.670860475320685 -0.102945854525981 -0.140441797587559
0.274827441804328 -0.686728827200154 0.0425846779544252 -0.260019472420111
0.641051598523492 -0.561955429059753 0.0916387128613212 -0.160433257256005
0.480331680279589 -0.62570557234347 -0.395743828667445 0.174189928265646
0.109666698565295 -0.74101018271956 -0.178996586687452 0.294886497703116
-0.393374162221584 -0.624514123166845 0.117295081583077 0.218934699543547
-0.679370991865989 -0.177437347613861 0.11614226251788 0.0876708609405229
-0.468221030147095 0.232420079922732 -0.0112429375939613 0.00960633225220444
-0.258041998310724 0.379397299377243 -0.0361652028184801 0.113677874977808
-0.0983933956723375 0.503568888085969 -0.0120984073265981 0.170562137840316
-0.0220742111090119 0.481780565355469 0.0240759925905995 0.214129646355233
-0.0886515532215748 0.46443842534104 -0.00421814719435408 0.226336777420572
-0.301589985786294 0.342523649938161 -0.060058329496417 0.240956106443873
-0.453004875963894 0.144822446447686 -0.171034187744128 0.184531108927218
-0.575603020628271 -0.232648459641288 -0.225479877564626 0.0519475423998148
-0.276923374489909 -0.577901245726835 -0.122363209464866 -0.101337524811263
0.246949144596365 -0.59700236573675 -0.0189380493108471 -0.124820172316144
0.578842794231207 -0.529908939027627 -0.12423205452638 -0.00806784766961564
0.3482864219768 -0.525734539551483 -0.567514680904192 0.305272283178193
0.0562650128536816 -0.588730499387719 -0.23628018962907 0.426280842288395
-0.31063475671675 -0.468752165736493 0.0886526839074196 0.228859281088577
-0.503073500700039 -0.121884656166274 0.0482810207054712 0.0779512177510174
-0.344275186989056 0.165126562076169 -0.111392483774887 0.0643362815142546
-0.203625218117663 0.27706942508517 -0.121720373209923 0.236595865418688
-0.0988384221296028 0.378139483619259 -0.0469304308532401 0.322936560122054
-0.0413848538727118 0.356975328343741 0.00894217282757309 0.352297553371895
-0.0958145830968364 0.332700497576981 -0.0333356348440334 0.352972911844717
-0.242040848440695 0.222648804838822 -0.128113405062041 0.319480803180556
-0.319972034913277 0.0605736133894847 -0.24499079003049 0.197996834261813
-0.363691738966302 -0.187035354925676 -0.239859482144242 0.0355606326805421
-0.160221413029345 -0.394896936955486 -0.118579672608905 -0.0756234855684696
0.186102564522589 -0.40960975581926 -0.0517239570668311 -0.00376728630105094
0.429380963339627 -0.413197994403358 -0.287206373120152 0.13325996013644
0.160613331890525 -0.339797346995282 -0.678191095565184 0.387038600937022
-0.00950686537812322 -0.336942370609277 -0.279769501462133 0.50543446150002
-0.178311013120696 -0.231129920331559 0.0493629670503194 0.223910684711451
-0.240807594315322 -0.0470767226781703 -0.00859807574484554 0.0640507873693185
-0.159492748506141 0.0689600054160261 -0.180544999552277 0.100671827268706
-0.114748774547146 0.12399827323123 -0.186021489534426 0.315817963796653
-0.0849418857754911 0.188944579547871 -0.0729621187486644 0.426173139884488
-0.0550769200249024 0.178039975655561 -0.00626658022929039 0.438204838114662
-0.0888098517095168 0.157527074826086 -0.0576750996280252 0.423570726585893
-0.150617545876824 0.0825603890234837 -0.17724770276638 0.343902584736603
-0.155720280996501 -0.0185719227892366 -0.283313210870817 0.175806862121611
-0.13325683636227 -0.112884336558997 -0.223130206835538 0.00330706954042575
-0.0463890296719088 -0.175033700678419 -0.0996469025597325 -0.0614497205409336
0.0926644575287362 -0.189832414932748 -0.0585896437368066 0.0853042884955693
0.219371364973674 -0.247083170867743 -0.377234202143366 0.245840930758338
0.0671409216339904 0.0194311041059435 0.316456102448941 -0.451531260215707
0.02587962451864 -0.0354665664933425 0.0162403524034441 -0.25112299463534
-0.0486678525458034 -0.0395325532852472 0.0601186582448873 0.0491411366371337
-0.0801188356971119 0.0235230494485012 0.188012085663105 0.0132957925085161
-0.00969162427527354 0.0717810173266457 0.255369333370238 -0.165302325071171
0.0319717124590491 0.0481756056642228 0.166550876672752 -0.372971626981766
0.0657829764536764 0.0174648655021807 0.00698282075467192 -0.450766020284646
0.0581373880953103 0.0151847084990485 -0.0595592951730216 -0.451666741479569
0.055542340728039 0.0142437686124633 -0.0169238164217208 -0.462884776655278
0.0349176707464452 0.0264535783069416 0.108659583687799 -0.376711952259946
-0.00423207717944665 0.039993949767249 0.189857634910282 -0.194813863028305
-0.0324298444591971 -0.00302966333526517 0.0597196136024075 -0.098947000231342
0.0309300516691486 -0.0269410235889149 -0.00765334776947926 -0.210954505778767
0.0575153486461425 0.0533122914692757 0.191332208877036 -0.480685706562469
0.013625876240474 0.108564264790115 0.673305056921507 -0.506474977358124
0.20990117605932 -0.207577423432919 0.283547108137084 -0.397292724328185
0.0590128536730897 -0.255510527471494 0.014032209967736 -0.224993575239245
-0.162209241486266 -0.219434121606235 0.0807198340380684 0.0507459159568623
-0.283947768515773 -0.02467485695723 0.192740584972146 0.0175953901730036
-0.15811423016686 0.150295702684926 0.238763308901088 -0.157534797787098
-0.0406500888698147 0.189271362696889 0.159684291502406 -0.34321577672892
0.071195027432186 0.207695459159544 0.00286251567547367 -0.41232476772695
0.0912274939871177 0.207892910451521 -0.041419937693431 -0.400834061796754
0.0667170929599741 0.218451145215598 -0.00161826564968891 -0.413831930422892
-0.0537271404805017 0.207851352535093 0.12123817670948 -0.322765725255469
-0.176062919535652 0.152907393831274 0.17715592798726 -0.146752753564277
-0.300785593439772 -0.0424654983248842 0.0332546679072582 -0.0700804871792517
-0.144905957251145 -0.245092574530429 -0.0114914871386357 -0.220124994716564
0.103172090825629 -0.238069398775802 0.165906414635828 -0.496750566888456
0.216030280158481 -0.171364119536789 0.600770832712003 -0.516483190797788
0.324172146972474 -0.417828165925477 0.188315185085044 -0.290890460337882
0.071318159924372 -0.466385024268302 -0.00248643862873758 -0.152836282858437
-0.283264954821107 -0.379957285323918 0.11353803619144 0.060704302895163
-0.475317594375586 -0.0590713462790479 0.202176861087954 0.0140235447140858
-0.291970440295795 0.224015938688569 0.200629768194159 -0.148499387030904
-0.108211730693183 0.311769924707411 0.132468333073551 -0.278746895549182
0.0670009587636673 0.371625931568968 -0.00251264033184709 -0.317499685333408
0.110199085055831 0.370613755231083 -0.0140337576857737 -0.291588834954035
0.0654737530584573 0.388259516967561 0.0150814986596555 -0.29790157496429
-0.138215305198996 0.356471980068799 0.112743879841929 -0.213045699494609
-0.326784563378394 0.243576517730428 0.127565535464276 -0.0677429504269424
-0.533971508412322 -0.0760591534552753 -0.0191054005245942 -0.029951780588125
-0.306371138531491 -0.435339564034493 -0.0353987708687801 -0.212134348543257
0.134235389399043 -0.49940412983258 0.114073609493388 -0.461826496914555
0.387791684513588 -0.423047269557813 0.455600983125085 -0.446746312545027
0.390272640175584 -0.585897206105945 0.041125810042805 -0.138441810616302
0.0474582561408385 -0.645228150940956 -0.0269929622635239 -0.0301250352573029
-0.410738319177358 -0.501648241986983 0.153572290561367 0.0810836296724427
-0.638361701771203 -0.0617060846993907 0.20396728123921 0.00371088942922894
-0.392893085589379 0.292798507277024 0.137914138815936 -0.124946661339831
-0.158220428187792 0.404036944691573 0.0843631774599413 -0.17634742086888
0.0556572320410543 0.48524405088626 -0.0104378690783865 -0.174494302294334
0.112017823951549 0.476427244338916 0.0144947748419316 -0.137173820303631
0.0521483131484419 0.493686098198212 0.0290267962766262 -0.134673160204943
-0.201210260325462 0.446511586006956 0.0833914996446441 -0.0639960240548243
-0.428867472940352 0.294545603771696 0.0489591775923346 0.033111618528368
-0.688611629283757 -0.0969438789360003 -0.0860074895664166 0.019606668346075
-0.422323478414515 -0.555986670220398 -0.068343564942329 -0.179525665772477
0.14151894051172 -0.676976677227252 0.0518802724298325 -0.36791408037567
0.496857182842343 -0.603876626321885 0.258613261206296 -0.308643021986325
0.395477634366299 -0.681095584101784 -0.136481910119596 0.0493193079936889
0.00622959820034665 -0.74932365189989 -0.0567544767062625 0.136710780384168
-0.500679561155192 -0.554188964547251 0.183157456358793 0.109431507888129
-0.724546602852621 -0.0448271369069785 0.180747039164698 -0.00164710838966275
-0.435529156098456 0.331861580293482 0.0519573912979476 -0.0747769052001077
-0.182528995408211 0.444932538409624 0.0232156586432977 -0.0376815096988507
0.0388409011073522 0.532606398130883 -0.0169822710261947 -0.00134633795032575
0.0974076948006967 0.510077206728017 0.0400639051295994 0.037726599801532
0.0304737655346527 0.517861902715465 0.038726070875716 0.0483643609202665
-0.233303287736152 0.456837328189762 0.0396168602200808 0.099275304183601
-0.457741148693843 0.287380338501231 -0.0442304127483732 0.1367615708548
-0.713457240453302 -0.108640979936315 -0.153174141515505 0.0649066208308474
-0.4504693456788 -0.578541512808744 -0.0994362701437201 -0.131497497965624
0.137057756970012 -0.725097094906355 -0.00440479813672195 -0.232097621744172
0.520096683267913 -0.67419611685351 0.0493476691306699 -0.12726607522576
0.341677986001907 -0.673448401779438 -0.319539111830106 0.245474405142649
-0.0338264467770928 -0.727687744807476 -0.090981273505697 0.313559310169357
-0.496640229486292 -0.514924058131469 0.183315810453724 0.140427414858585
-0.681672669746494 -0.0241823857659511 0.127958821717829 0.00671090765414159
-0.406863692410686 0.311207184177216 -0.0402448043956802 -0.000394126027623296
-0.177101724511185 0.414202853744961 -0.0393090447486912 0.116835079308336
0.0153354286252003 0.49807212638598 -0.0185491633069115 0.176574350642556
0.0677306488241704 0.465823352137026 0.0605213774904836 0.206883954184761
0.00196561743816176 0.461908530966097 0.0413434379674274 0.219518075947565
-0.229418104564157 0.388357962487076 -0.0119514855192409 0.242129296876191
-0.408825392549942 0.219717087851657 -0.133621308329063 0.214444404846186
-0.598014344448409 -0.116234178482446 -0.20259089961626 0.0890780115919129
-0.372689638296258 -0.499381323072951 -0.115923245676315 -0.0852482270142588
0.124482169460121 -0.630055731222615 -0.0396125154495919 -0.0888651392945011
0.461251790011335 -0.629890082522165 -0.137221395288052 0.0628782503763308
0.234224798941233 -0.557726172523751 -0.480866238700899 0.412104688475335
-0.0565878992996611 -0.574282860305271 -0.134280747822811 0.46119193416902
-0.387857895753465 -0.384816037843921 0.149883138804902 0.169575598384347
-0.503698917566353 -0.00971633447984766 0.0590289992395261 0.0256282274590258
-0.299561020121469 0.224832143827757 -0.121397918558349 0.0748973804346391
-0.142034764455922 0.305839260382783 -0.0941037414695061 0.254221623521933
-0.0112336728980921 0.381132019018609 -0.0164853318385471 0.328928244891398
0.027252632067406 0.350910736661241 0.0713055428825802 0.344123104113627
-0.0292758177743644 0.338636905577538 0.0365519268437004 0.352381711219219
-0.19420201156004 0.261202522237551 -0.0639722679535583 0.337698309602955
-0.29692878183667 0.115422167566227 -0.204412077705789 0.244353828400654
-0.386054689052277 -0.1118387679646 -0.224265518888605 0.0793918929560672
-0.227083367220925 -0.345445165685692 -0.115609474578812 -0.0560467910259987
0.0988875984676007 -0.434726723878569 -0.0494874430641331 0.0290337308334878
0.332842326381219 -0.486559836450003 -0.271345788624698 0.22472717201305
0.089794731486149 -0.34940818157214 -0.597397130036095 0.514019615963021
-0.0692989538898535 -0.32038354662281 -0.177229153059607 0.553199829871637
-0.214725548901503 -0.186093563465259 0.0994243353562584 0.193468489434308
-0.239922446257786 0.00652107798142965 0.00048747225947357 0.0442784915496927
-0.140412786316918 0.0976476091290878 -0.171207739076006 0.129137563833853
-0.0837149726916185 0.143181740130039 -0.134069351473822 0.344659398932959
-0.0377167634946984 0.200324129097099 -0.0107915088264238 0.430996941611917
-0.0177480310237855 0.182031966107467 0.0716340465306599 0.431724234141506
-0.0554241529459288 0.170609253963803 0.0249744602938583 0.42997365404815
-0.131651281107149 0.110090228445248 -0.107721813523071 0.374921957997337
-0.155348407128224 0.0115614603682151 -0.247045185693805 0.232717553345739
-0.150521424644179 -0.0837494456891244 -0.21816140095324 0.0486960525583399
-0.0786281557094932 -0.157418821233716 -0.105296609877182 -0.042081999930053
0.0502220016456513 -0.202511756141167 -0.0405999239326352 0.10678457653365
0.158534733560723 -0.28355768606614 -0.336749964562556 0.339718160256372
0.0668438163219276 0.0205121422553803 0.320364600143691 -0.467961866054333
0.0274655810465817 -0.0337172326997585 0.0149235680744926 -0.256718523319658
-0.0479881321268866 -0.0381488010398073 0.063769241378031 0.0461853386521855
-0.0809831355849476 0.0255312589091009 0.191070212004594 0.0095410624327594
-0.00855916184208254 0.0744127815269179 0.257469485686334 -0.171333474812401
0.0339347625118518 0.0504360071051181 0.162199944008442 -0.380873668114847
0.0655113577059987 0.0178290090372937 0.00060604125038005 -0.458605475881295
0.0590092238159639 0.0141529962932116 -0.0666200265383895 -0.460239855555859
0.056310569182459 0.0134317322408128 -0.0239426597149704 -0.468619820444253
0.0350300511415904 0.0259265808413295 0.105143458843711 -0.38347871487763
-0.00379405351048122 0.0402731482005794 0.189915778443286 -0.202032344161559
-0.0323083275830085 -0.00430767495586046 0.0577947491572759 -0.102099725866075
0.0326310381334059 -0.0290318460377943 -0.0104405970109036 -0.216204215807353
0.0598095633327468 0.0550901629015663 0.191376108075156 -0.492663561320218
0.0139987326595483 0.111410358385141 0.685134771423973 -0.525888418136794
0.210076516041748 -0.211723290563624 0.290016991168406 -0.410996420767018
0.0592944088199286 -0.257649402284893 0.0134254397220933 -0.229966780755877
-0.167607380153501 -0.219096744947028 0.0857821776209585 0.0465565863795966
-0.289958159676033 -0.0191654776510318 0.197996781829057 0.0133948497600538
-0.16022663814181 0.156049939142782 0.242231798758262 -0.163546439178987
-0.0382018159416636 0.194429815817131 0.156529777853555 -0.351468491230085
0.0756055030953127 0.209875166718741 -0.000884933756225377 -0.418061273707786
0.0970687406657371 0.208763704006402 -0.0447783181414493 -0.408969660262552
0.0713556346482027 0.222235727900191 -0.0058592442408466 -0.418897488027567
-0.0533144056583069 0.213295223223364 0.119918633074213 -0.328343366367059
-0.177617862646929 0.158858091245149 0.178352166129653 -0.152786872621421
-0.307583806852852 -0.0387938615025409 0.0324129756635956 -0.0731818451533761
-0.151158125840889 -0.249923230629032 -0.0144879700526616 -0.227129192758571
0.103933933511982 -0.244006392988926 0.164682200126234 -0.509090109285384
0.216188783141549 -0.175927122960385 0.612100832532033 -0.534332284940148
0.324873033458755 -0.427727479200508 0.193059399949121 -0.30144211415143
0.0681345811279886 -0.472937750892019 -0.00195454582089275 -0.15705313256374
-0.294299889748976 -0.380948165589121 0.119791592860629 0.0564266815570549
-0.485847528725509 -0.0496673188158696 0.208486110830101 0.00789153287725872
-0.29603948095026 0.233603596335158 0.205291259336246 -0.15387335046737
-0.105127205302676 0.321038877598767 0.129407632796678 -0.287190273146809
0.0751522459261357 0.376104838338612 -0.00412606871617962 -0.321035318937107
0.121000079984166 0.372669943568285 -0.0161875457976604 -0.296138918424095
0.0746458892393314 0.394991242997104 0.0134177097330956 -0.301062223409955
-0.136828907643294 0.367422335357509 0.112991577262181 -0.217180144930965
-0.330901809889777 0.254966417374199 0.130128371488807 -0.0709663246576293
-0.546178493846383 -0.068611357634748 -0.0190682715518611 -0.0310987713645344
-0.318907943895813 -0.441086477023847 -0.0392024414259928 -0.219233704603232
0.13127807609371 -0.512059400925926 0.11047877316386 -0.474037504364365
0.387433442518485 -0.435297970492758 0.462530703656776 -0.460596580805884
0.391929567664685 -0.600345280596702 0.0445645895819582 -0.144056208198653
0.0418803912211719 -0.656894387436635 -0.0258180557011932 -0.031918632161804
-0.427376869718071 -0.504009592007476 0.16182257308849 0.0771943912437146
-0.654176925767794 -0.0497203071708246 0.21149364741383 -0.00247646095945242
-0.398749013248906 0.306468080171967 0.142179431216973 -0.130793306554077
-0.154741937603022 0.415747800939784 0.0817637444518283 -0.183892701548264
0.0663881083532991 0.492243612462181 -0.00861055758510151 -0.174390586622386
0.125656395148789 0.480392003339491 0.0143174796634972 -0.139281632255285
0.0637138928287892 0.50251321841018 0.0292397181975466 -0.135746052415418
-0.200775812869346 0.459535448928118 0.085831302205469 -0.0645600805059356
-0.43554911911273 0.308502569011565 0.0524898134665827 0.034180093917257
-0.704943215803519 -0.0842027716659251 -0.0855401564926845 0.0202482926233873
-0.441112457421334 -0.561313240089333 -0.0728114401239187 -0.18707861384374
0.138973544346647 -0.694074679612482 0.0486613398466327 -0.378718626098714
0.497663300941264 -0.620640225058097 0.263424655122766 -0.317619061118918
0.397879962569149 -0.699194544145562 -0.135687202591052 0.0504202959958269
-0.00330095425185508 -0.764138897735596 -0.0542519552082924 0.1384228197315
-0.521998736878687 -0.557152882937455 0.193416300353664 0.106793927524693
-0.742874775479584 -0.0307785618019695 0.188666888368029 -0.00737077954253417
-0.445182288268466 0.346762779953818 0.056370984301799 -0.0789678484083164
-0.179569702306891 0.4578921964541 0.0226837876321148 -0.0429119118750524
0.0490228423722472 0.539902626606499 -0.0121726728585745 0.00258401512424997
0.113496159145684 0.515435119464643 0.0426638091050937 0.0388274004717989
0.0419075167396821 0.527952806277246 0.0414337227800461 0.0502333469309459
-0.232549090688754 0.471871188906349 0.0432913610662002 0.101668979269081
-0.46500701479944 0.30293729108057 -0.0404883684433977 0.141640727906455
-0.730578271178198 -0.0953907332809297 -0.152711509959455 0.068024966430231
-0.469588322247665 -0.585274954291738 -0.104346704347409 -0.13643052666775
0.132574725835044 -0.741952191089382 -0.0080914086849203 -0.240033629025094
0.518711454876352 -0.693009003554946 0.0495724545586067 -0.12754044367795
0.342077946996947 -0.691760936088552 -0.321799545769973 0.253099995218468
-0.044788483387396 -0.744819782668288 -0.0886229516625051 0.320932190372852
-0.519229211750867 -0.518928533300715 0.194098762228549 0.139645782434003
-0.699161727477637 -0.00998426756065072 0.134926528438441 0.00118437157800821
-0.413838257172755 0.324109599742198 -0.0379369339571214 -0.00304250232298091
-0.172890046237626 0.425378395471066 -0.0384130569231969 0.114720123869514
0.027130765679634 0.505025363933924 -0.0118105185934997 0.183759713318209
0.0811958047705459 0.469579549533395 0.0650997899782152 0.21162147954257
0.0102386286694101 0.471717000127011 0.0463774053947304 0.223830759734658
-0.228742981279646 0.400984374422614 -0.0073189991330186 0.248072392697176
-0.414812374901096 0.232479685170491 -0.131023558740351 0.222501667689573
-0.613294768496103 -0.103418023245537 -0.202632242323346 0.0939341859005282
-0.388457021932991 -0.501852757736441 -0.120334671254297 -0.0889461195436546
0.120505501055314 -0.644072078719388 -0.0435077300041032 -0.0931924306726944
0.458980755296816 -0.645831562084035 -0.139765975350809 0.0694695399549092
0.233299335431199 -0.569850013194058 -0.486381116690972 0.424210128051788
-0.0648133808164507 -0.587980888684892 -0.130346283810783 0.471642016740484
-0.406843975191372 -0.390255055728028 0.159023992341851 0.172024453528852
-0.517498318117409 0.000911230250896779 0.0645937225691777 0.0218658359220147
-0.305622119599359 0.234607662236155 -0.119946767476639 0.0752539217091837
-0.139959347074793 0.313264196638905 -0.0918575875185774 0.256231270551949
-0.0021259483735571 0.387147462044743 -0.00822213664188639 0.338893760497045
0.0375189225056806 0.355306434574819 0.0773464465521518 0.351407184082656
-0.0215226329803776 0.345200280849714 0.0415895556144372 0.357421906201359
-0.193969255360617 0.270597776851522 -0.0590924966932501 0.344569858934516
-0.302214676005569 0.123850039458786 -0.203104881153725 0.254137732219698
-0.395248252188426 -0.104112104541733 -0.224892887766419 0.0855548404090383
-0.237975808100588 -0.346862676175519 -0.120246389189023 -0.0572260951343075
0.0960954042522963 -0.445008236632685 -0.0527016780780624 0.026718209717719
0.329776884372893 -0.498013808661257 -0.275299557872525 0.23644319445738
0.0894086515341199 -0.356735084197017 -0.605286429387597 0.530775359288565
-0.0768114072546214 -0.329163112580219 -0.172538995118242 0.568255210057595
-0.225008467091365 -0.189973311563374 0.106095801817055 0.197374669324714
-0.246234402794155 0.0114061525649571 0.00362648312971466 0.0428731108088074
-0.144861460369587 0.100803649459935 -0.171335011308335 0.131473829623036
-0.0839031525335946 0.146414539070339 -0.129722800193844 0.349733666519626
-0.0326563694793316 0.203372743465408 -0.00183809764000824 0.441278572685785
-0.0123333405337426 0.185094250540808 0.0785762473967292 0.438771752849789
-0.0515831108518929 0.174897109771921 0.0303889855444976 0.436541467936898
-0.131575624213264 0.114829558350537 -0.104061495437839 0.383834737465049
-0.158447799354586 0.0158377504662951 -0.245677130752492 0.24235763201868
-0.154502653514628 -0.0796814887360859 -0.220479339094634 0.0538739505532658
-0.0835497646261137 -0.157469218205885 -0.108588149172444 -0.0416353312699584
0.047770017651909 -0.206880645961972 -0.0420381786730842 0.106425479301479
0.156839398613637 -0.290829679279985 -0.341757619231248 0.353258311248139
0.0675130061924172 0.0198034891512255 0.310973026713859 -0.495716582696437
0.0294984851480819 -0.0328453346100189 0.00588358200827402 -0.265135854741582
-0.0468107972488704 -0.0354436258808299 0.0682739904205874 0.0410564165399609
-0.0812206450001329 0.030016643563863 0.195748991821957 0.000622940563277374
-0.00511054128170639 0.0765969648597377 0.256714590317944 -0.186496805100579
0.0379713596959287 0.0515104927803835 0.148131012285972 -0.394345671616561
0.0669000973066369 0.0162221829874518 -0.0219175301443111 -0.469461537913453
0.0599816720702427 0.0122151359027032 -0.0876091284513957 -0.469728458886309
0.0579122851669007 0.0110702663228812 -0.0442314701943808 -0.476939378452686
0.0356068043164655 0.0249913345256807 0.0905399352401152 -0.395617561587177
-0.00219251395844355 0.0408594929803126 0.184164904476933 -0.216016763343662
-0.0334757660715932 -0.00497822480601166 0.0521917119461135 -0.106350211701386
0.0334073287733522 -0.0330298625924047 -0.0208100539810157 -0.221388693649263
0.0640349490733204 0.0549678561901575 0.178809113805098 -0.512320560536858
0.0179472488641975 0.114626884952803 0.682341468429721 -0.56944067447612
0.205096961965782 -0.223933562859248 0.281944727171595 -0.4371565506703
0.0525643345614823 -0.263091386719456 0.00538709215291747 -0.237240316049965
-0.179344472366203 -0.2146553734311 0.0914690826672039 0.0400101862005821
-0.298045459318158 -0.00535015359142281 0.203229882657456 0.00275759434234868
-0.157391948629979 0.168061371226026 0.241695037721734 -0.177828892030226
-0.0299601810975636 0.202176091426881 0.142710737638685 -0.365386405608053
0.0864593916713391 0.211452347280125 -0.0178323055541236 -0.426688589373408
0.109936548969195 0.207830299676576 -0.061987592478005 -0.417871874355639
0.0845811970199686 0.223540941646552 -0.0235025685123615 -0.426839938143665
-0.0465729171747307 0.221508038006088 0.10921481257692 -0.339892325224648
-0.175907398221156 0.171180485673052 0.176419886778767 -0.164786566459074
-0.316924102587942 -0.0257655039812653 0.0291985425696844 -0.076858337142927
-0.16545472842113 -0.250733249455466 -0.025107328958995 -0.235282870074875
0.0963249389381888 -0.253255870644409 0.150997985718144 -0.53081819972007
0.21122398297378 -0.188391940555202 0.608501567431906 -0.573043335189815
0.314812388426533 -0.449854579522878 0.190711167956122 -0.319689254174056
0.0520321215975085 -0.483540700863676 -0.00681556231786405 -0.162295621493213
-0.317926491925169 -0.374849728320125 0.127782398781905 0.0483279705430827
-0.500870392109222 -0.0255793828334245 0.215407411208015 -0.00509830156361609
-0.295139130730532 0.254372761156722 0.205068650209499 -0.168555089826369
-0.0920604460359516 0.334168580511415 0.117474489320788 -0.300991238339731
0.0942887351937132 0.380074179841829 -0.0139741973928498 -0.325863912163601
0.143687191248906 0.373598572346306 -0.0275152307310542 -0.303359457699458
0.0955988580612344 0.400526684209928 0.0019399397209667 -0.307006079591048
-0.124651442588654 0.383733493686765 0.107122834179683 -0.225639668474364
-0.329321442900528 0.277511189029569 0.13106193968523 -0.0783074348652767
-0.564906429951165 -0.0424459568096353 -0.0207765373156748 -0.0326840361292578
-0.347934554796889 -0.438508677279213 -0.0512586314580597 -0.226758934497146
0.114206972398779 -0.529442925714544 0.096759999456888 -0.493121288743239
0.374860887462276 -0.461863037483289 0.457926924770946 -0.491956733191347
0.375077763439816 -0.629889105340315 0.0446337898645628 -0.152955489565635
0.0155708598206143 -0.673158143943772 -0.0257491175972706 -0.0329930948738532
-0.46272761464197 -0.493410816088034 0.173341941145138 0.0673010209957279
-0.67378730259055 -0.0177003947074259 0.218692900922192 -0.0168323557116442
-0.397005770034605 0.334883197529096 0.142148960403537 -0.143101198492947
-0.138773015460407 0.435037914953237 0.0736056050110949 -0.194266616398964
0.0920841432932153 0.499997372392035 -0.0115886779603487 -0.175849257409301
0.155330982484486 0.482634708224554 0.0110167045114891 -0.143100342991524
0.0899167766245204 0.510400183425989 0.0265889342633367 -0.138487716644454
-0.186080819779323 0.482366671291612 0.0864872020489206 -0.0684273558156109
-0.43452368245005 0.339366959233068 0.0574338907306748 0.0330534023367281
-0.727526904035658 -0.0518096008354928 -0.0856174205911425 0.02244600404565
-0.478952957271461 -0.556841088110299 -0.0843738853162913 -0.192297985990199
0.114026303256921 -0.716631555437036 0.0346119606313685 -0.392852800439121
0.47635301683392 -0.655724249705495 0.259863301423689 -0.33388609848246
0.37747037638867 -0.731098769970329 -0.133146379974209 0.0544106031320573
-0.0360146856322774 -0.782980688854098 -0.0482650240793705 0.143112858222667
-0.562284569498093 -0.546541789603746 0.20724078718559 0.0971028592377325
-0.766186239960922 0.00741640749765207 0.195594448922597 -0.0217778794361327
-0.443650639147884 0.377193995382933 0.057746090684364 -0.0876988574984664
-0.161845531806829 0.477237202958951 0.0198550554346346 -0.0488299121571922
0.0775106747523232 0.548292048848545 -0.00661183491253026 0.00583626569798246
0.144864971888155 0.518207953230363 0.0474641463256586 0.038790965927715
0.0705766526018171 0.537094139909269 0.0464704576910603 0.0505722779487501
-0.217633878325372 0.495609640388485 0.0507536627682482 0.103522698710509
-0.465539523675853 0.333508665912022 -0.0322713574023818 0.148034126829267
-0.754037829393959 -0.0596795682930998 -0.151939105066682 0.0749653130755257
-0.509383754694941 -0.575455539080368 -0.113607364490987 -0.138977608273412
0.104336723220003 -0.766148908954595 -0.0197853167678276 -0.247894725076368
0.497285170793902 -0.733548464129713 0.0459085136763012 -0.129343792242918
0.32274701847873 -0.721464917531561 -0.317876030665807 0.271523811603288
-0.0803254621811698 -0.762504563983015 -0.0755568099640733 0.331580862733396
-0.560167801546549 -0.510037715553506 0.209549271264308 0.132500096271092
-0.720100797589989 0.0252851914959776 0.141093633637901 -0.00978817889917038
-0.413669437100572 0.354331651286792 -0.036457510171896 -0.00564712294419072
-0.158239997450931 0.444165122771837 -0.0352723358251818 0.114482502725639
0.0536897106745865 0.513026433864012 0.00166287824309121 0.191241279747208
0.109475506404483 0.473930580506711 0.0774750563776556 0.215056221804584
0.0361462484478509 0.481372246480203 0.0581518323619354 0.227626368353208
-0.21646323111777 0.422557353592707 0.00530473924752541 0.254662069365479
-0.415465948220024 0.258630826513497 -0.120871019475571 0.235122394251907
-0.63134217786038 -0.0736035560512532 -0.200930781076802 0.104225469443337
-0.421958229952392 -0.496635266782862 -0.129179380658985 -0.088022348490516
0.0957963931061457 -0.665093659624597 -0.0506422157325684 -0.0968588805267346
0.438463935505973 -0.680799901577626 -0.14071965179509 0.082091644683976
0.216818927211429 -0.593410251482138 -0.481418123388066 0.453260495868389
-0.0935340437747544 -0.601504341788272 -0.11281057562571 0.489677844004195
-0.439407165746173 -0.383262488378153 0.173989382926346 0.16811949623484
-0.533319944013762 0.0256207629837493 0.0692706390610961 0.0150419031855589
-0.306903054256144 0.255454648796345 -0.117918139957421 0.0791926641025578
-0.129861103387895 0.327561267306777 -0.08314985507154 0.262759901801003
0.0179733262585123 0.393911716602432 0.0108812988804631 0.349002259786285
0.058654275936298 0.358292356661461 0.0953658966296395 0.357998942523523
-0.00462600472507672 0.353608316198109 0.0591233515287721 0.363992490545144
-0.185840783255528 0.28741657629917 -0.0440016234603182 0.356177621089217
-0.304818059608516 0.142811894056656 -0.192456702465781 0.270974477595579
-0.40868806583722 -0.0841402965075606 -0.224587728827609 0.0973706615185363
-0.261414822745148 -0.341995662390641 -0.127292960086871 -0.0554010344140523
0.0793695275670935 -0.458247631594404 -0.0554043397133288 0.0264771352535363
0.31272482118588 -0.524248792934706 -0.273571114489357 0.259193306272648
0.0773714655240219 -0.369456266875232 -0.600857062991792 0.569060866735524
-0.0949446639918213 -0.33604566495701 -0.15507104933625 0.589972360559798
-0.244961847246027 -0.186512718131279 0.120297425740752 0.19822122988453
-0.25473102021613 0.0233861143682975 0.00703706483601076 0.0411618394533845
-0.146571999776892 0.109122057610406 -0.169555826906819 0.139631326589451
-0.0805450465799686 0.15294117569331 -0.117367732209768 0.360795500587556
-0.02207754746586 0.207936577842764 0.0194510122758689 0.452170560659754
-0.00209805389005427 0.188109491032948 0.0984491661703738 0.449026084111954
-0.0429622666963972 0.180490280585228 0.0494838933277195 0.443156842439437
-0.128651170429707 0.124597162931668 -0.0895084921566636 0.396543226413572
-0.16188934235974 0.0243430771377393 -0.238234689364024 0.260525298586951
-0.161239923594628 -0.0718852537638709 -0.22142660902684 0.0660064949359786
-0.0945344449210482 -0.154559925560959 -0.114593977928545 -0.0376495960003016
0.0389514590875564 -0.214039183722181 -0.041719166394276 0.108260613470497
0.14526116761763 -0.304491047458511 -0.337930761006513 0.38083320305409
0.0673405800822287 0.0173827820932209 0.281995516867129 -0.517075214522715
0.0307624550537897 -0.0325739175914427 -0.0114917358495623 -0.265777790224532
-0.0454783574782024 -0.0329065013859557 0.070464279897437 0.0343347266731379
-0.0782554849800621 0.0351352779391467 0.195162635240739 -0.0137590346568193
0.000619294357713421 0.076626589411645 0.245158630111919 -0.202581875658172
0.0419833624997803 0.0495902277476529 0.120864882373828 -0.401645066178054
0.0672706756467989 0.0126020852648948 -0.0523279698334943 -0.467184376665709
0.0598984524910723 0.00798160793963643 -0.117068415674374 -0.463286025587775
0.0575263387395959 0.00691126035932907 -0.0749280629983281 -0.473370564323397
0.0359219072983934 0.0219762527385361 0.0653326655991946 -0.398589412854477
0.00126255262208345 0.0408640751724298 0.167799351238922 -0.227797424410517
-0.0339081963951838 -0.0042967181705657 0.0425802206685431 -0.108219212475546
0.0321391951670054 -0.0371937096859546 -0.035647700563636 -0.22115655242842
0.0685424551665566 0.0522812968157336 0.149242314056157 -0.523435710176087
0.024814324146343 0.115134916793947 0.647204826906985 -0.614854418880847
0.189048919845942 -0.234165957533303 0.259443067118518 -0.458137643041303
0.0396858623099331 -0.26267465720285 -0.0092782662536631 -0.238744909011599
-0.189892818677705 -0.201000200186579 0.0944386529197984 0.03012646552075
-0.29672225975004 0.0160646212061567 0.202993531270878 -0.0129251520074959
-0.146482111582458 0.179376835123255 0.230571009752939 -0.194796500509042
-0.0152985828737462 0.204602351118613 0.116687125151005 -0.373428893109896
0.0998084418263613 0.205342275624269 -0.0444186771738251 -0.423958009631128
0.124584739591622 0.1988974942992 -0.0880158655831895 -0.4139672731816
0.0999320101954558 0.216123854285271 -0.0494898615530597 -0.42314944447357
-0.0320898685592539 0.224899136950521 0.0880163798029553 -0.344931158807508
-0.164162513843908 0.183149752435307 0.164182596090074 -0.176980237654382
-0.318851563962323 -0.00342881357309297 0.0217252812606505 -0.0795075834173009
-0.182251018530876 -0.240923213320089 -0.0424223909834413 -0.2357594387214
0.0814229014301955 -0.258720212760039 0.118559655383888 -0.540683855912735
0.197222486896889 -0.198820529248976 0.572975312759673 -0.614718142417938
0.283823846530074 -0.465104484549154 0.17469388052604 -0.336756783016413
0.024201834737048 -0.483534396142376 -0.0165425026157045 -0.163254308079839
-0.341150963668041 -0.349250069366585 0.132612507890745 0.0346962070478936
-0.502363860804526 0.0100525416182243 0.214727477734017 -0.0228809542249674
-0.277490394403734 0.275660202001334 0.19450628803407 -0.18418132371766
-0.069600800989374 0.340615304497095 0.0945827468831705 -0.308186137247765
0.119785801528701 0.372116763787159 -0.0326543132080172 -0.323527286008136
0.17057287935945 0.360447061475181 -0.0453638358201857 -0.302115667602269
0.12458416609277 0.391856793879705 -0.0165763070026363 -0.305715419991612
-0.0993358148394855 0.393053867669945 0.0944798762136961 -0.230590279810205
-0.311092436661037 0.301033464372676 0.126438703336019 -0.0876391928706246
-0.567307392972539 -0.000800469088925616 -0.0237711908899714 -0.0331421612957582
-0.377268275284663 -0.415119637097294 -0.0672979257408486 -0.226952135142976
0.0805239271830889 -0.535862895010505 0.066687930968053 -0.500646917169856
0.340000977716686 -0.481577296660296 0.428805808510305 -0.519986080577899
0.333901565243235 -0.651577730054155 0.0396970010307439 -0.159706869771966
-0.0253404690620792 -0.669243080939313 -0.0261340462520504 -0.0333138988204237
-0.497579941491533 -0.458443770007977 0.179944682003089 0.0505228776445777
-0.675391504845996 0.0309244788621703 0.21720323032893 -0.0363365591166072
-0.37646649232702 0.36385805289151 0.133113152606708 -0.155854917971359
-0.109250149024251 0.443543595665392 0.0582000758383686 -0.200473352185858
0.12583807273935 0.490954005563769 -0.0182571308000839 -0.173586576945948
0.188671633748767 0.466735868110971 0.00373906441378554 -0.143941694337958
0.127249698095219 0.502619536493443 0.0186240343171863 -0.138870266464707
-0.152650677039852 0.496412700105762 0.083664027595483 -0.0731232848474806
-0.413219700408754 0.370256659135086 0.0610565933274873 0.0291899376425768
-0.731600279528989 0.000774748464562825 -0.0839724155476209 0.025201725723157
-0.516688045143668 -0.524241592707153 -0.0990301841947397 -0.189286535610817
0.0682479802944234 -0.724367424693697 0.00782765238076808 -0.397214119646446
0.429665723346159 -0.68326944885447 0.240239335829353 -0.348213415523217
0.331317220829984 -0.753723294334727 -0.125773902373606 0.0594044656753571
-0.0871233053506718 -0.776104716742062 -0.0365745423090068 0.143853551647506
-0.602183214026462 -0.503706523093565 0.216751377997842 0.077819664506716
-0.765921317553383 0.0629930521455057 0.19480251806387 -0.0402858129689764
-0.420121362685181 0.411080457003576 0.0519465630221254 -0.095765659104638
-0.130655136587537 0.488248501552834 0.0138905860338637 -0.052677783510613
0.117317575826289 0.53899081133695 -0.000779319581484451 0.00825791868947551
0.180609075377449 0.503191667362074 0.0517274585636153 0.0356034360560939
0.109532558364212 0.529725310999564 0.0510130961287079 0.0478511147281169
-0.183368176311341 0.512185262558574 0.0597353295625164 0.100635406601552
-0.442941915682067 0.368548150008895 -0.0198701619938243 0.150075227221493
-0.756388268009503 -0.00389223101841814 -0.145369600543058 0.0816300203272717
-0.549728372046111 -0.539900047572999 -0.125208271100004 -0.134069890529215
0.0584237146169806 -0.772162977488507 -0.0377944871121803 -0.24963599428501
0.442963591063174 -0.761051163047044 0.0399144314404687 -0.1275683500482
0.277016782294281 -0.741718268130343 -0.297728392023846 0.288525723576437
-0.128436049414625 -0.755883155867627 -0.0515531489677561 0.335278835593318
-0.599925750679123 -0.469208374600642 0.221667726333626 0.114369137040925
-0.72092639864881 0.0782391588621011 0.141613065600677 -0.0248693501150467
-0.391476253105897 0.384982811340114 -0.0363973118193884 -0.00764401954679455
-0.129091849654742 0.45376931960126 -0.0300157367902883 0.113530982615148
0.0906061994591232 0.504502258304836 0.0197534987485632 0.192393148460137
0.145989220326092 0.462262411879512 0.0931766987437528 0.209449655614934
0.0715497688188607 0.476754603388493 0.0744801082034321 0.223788354393409
-0.187672001994032 0.438593214374126 0.0243393861420713 0.253970935367205
-0.399784164127135 0.289109932174711 -0.102374628288982 0.24302393247332
-0.634957975501164 -0.0259956536707891 -0.192689928461713 0.115108728129817
-0.45761403974456 -0.465514583048947 -0.136385079958429 -0.0813118057813116
0.0526637919969017 -0.669638955244926 -0.0596450279139335 -0.0956943758192615
0.386446606741763 -0.70588867217485 -0.133594610690458 0.0964258210977967
0.181556041772897 -0.606805307795923 -0.453274716732167 0.483258364745636
-0.13388303161296 -0.596994004775474 -0.0802647524138665 0.495733486416906
-0.470181377636066 -0.352164489538817 0.18827045720382 0.153728127783134
-0.536074636323848 0.064886025690099 0.071749256368792 0.0060257586524773
-0.291712653803244 0.277401916945544 -0.112860645584474 0.0828163852794929
-0.10875584453127 0.336106549721733 -0.0665006279977931 0.2638903343369
0.0459193470535141 0.38972678565309 0.038722229747574 0.349148868844133
0.085073365805526 0.350601915847893 0.119492616233183 0.352135403553843
0.0220644107641294 0.352497174426396 0.0825093824905765 0.35898442729576
-0.165516856463071 0.300661136081651 -0.0191633603129339 0.357899378283455
-0.295187147843671 0.164005868531112 -0.171696479740818 0.284371103359631
-0.412737644699667 -0.0522834555249256 -0.215050660208514 0.110109623743252
-0.28562878837404 -0.320524003071736 -0.131857931566606 -0.0472558532459812
0.0490796548074437 -0.46252824836386 -0.0573503815325404 0.0279156043356221
0.274701736603229 -0.540634747270009 -0.256018308030976 0.281317517187469
0.0570105303520263 -0.373481233871239 -0.5672079626716 0.606157239012641
-0.118215160008064 -0.332611968363321 -0.116210177539658 0.601227363953358
-0.261878871722371 -0.170484083440252 0.135236202881016 0.18978081189026
-0.255303896187339 0.0416955147967145 0.0109393985604383 0.0375040498866794
-0.141172865535277 0.120424990657591 -0.161208043214 0.147963159914587
-0.071161473718333 0.157733089450969 -0.0933036227680316 0.36571853990032
-0.00637871332934137 0.207111234826373 0.0522727942591658 0.450267307665927
0.0128302274623144 0.185728418197372 0.128190049753718 0.441840583362643
-0.0287012040178651 0.183167226758502 0.0774852352497612 0.438400982504975
-0.119571446476384 0.133259510050832 -0.0620750245488091 0.400494965730429
-0.160009362079798 0.0363391647515882 -0.217559626792969 0.277173242883867
-0.16447464965044 -0.0581071845550711 -0.214547310301803 0.080523082099293
-0.106007631246127 -0.144902190108739 -0.118529339185778 -0.029263446270762
0.0245609811871804 -0.216002431486017 -0.0383392213573349 0.10861511237032
0.122412881598782 -0.312772657895954 -0.31335794610198 0.406641509293055
0.0641322159064333 0.0157982768689884 0.245910614223234 -0.516992802576662
0.0314027527105001 -0.0315243143553875 -0.0266303975260198 -0.254616879873115
-0.0414973078959667 -0.0306493813502452 0.0696013292866372 0.0279439363729992
-0.0727029714658228 0.037805662946263 0.18705563925666 -0.025667044771082
0.00520101847693516 0.0730749192268993 0.223680459947119 -0.209340970131306
0.0444267481215735 0.0462048650070167 0.09321241472263 -0.392367719181443
0.0650582837898348 0.00941427586016571 -0.0779761395520491 -0.445582186356651
0.0580008504705291 0.00491750580813295 -0.138272163701067 -0.441370856467742
0.0552392827585104 0.00284131127676035 -0.0980787016071838 -0.448192815578858
0.0345410939319531 0.019213313904323 0.0403019364399877 -0.385598686241096
0.00409954155780675 0.0385674684981523 0.146772015178449 -0.228535570778583
-0.0333409006195358 -0.00381483331622219 0.0334845532382905 -0.104678464225845
0.0291477454298243 -0.038989479252992 -0.0474078066619826 -0.211507277073903
0.0695081111976292 0.0480217146214491 0.118697268848175 -0.512538068189738
0.0305000812852719 0.111181987104353 0.590614140524834 -0.629078430078288
0.167500967833594 -0.232481199919484 0.227522463765362 -0.459821518742634
0.0278254896736744 -0.252404176108521 -0.0222304122178983 -0.229281519030768
-0.190606756910781 -0.181576241729647 0.0924075300676488 0.0206885945110514
-0.283901689434827 0.033374864596136 0.193825168140461 -0.0261653555459389
-0.130226546337147 0.180920190828861 0.209670381587779 -0.201916728738438
-0.0026976262178414 0.198644008679434 0.0896679679790876 -0.365476283322943
0.107520833907445 0.191628863904583 -0.0661819794853818 -0.404818005036973
0.130811775229557 0.182381884144476 -0.106159917863658 -0.395422093036132
0.108515123362894 0.201122806781069 -0.0701755493802067 -0.402476071819148
-0.0183856744690905 0.219186658035355 0.0664765020518139 -0.335618726784982
-0.147654861255811 0.186451074432961 0.147756533402161 -0.179609761314646
-0.30705632557639 0.0149776482409415 0.0143033573436895 -0.0773984343141178
-0.189479166265379 -0.222569410928241 -0.0554115934739787 -0.226149164137316
0.0653368013676822 -0.252397865294826 0.0865048382965685 -0.529027514538176
0.177570636746385 -0.199295006994792 0.51820961897507 -0.624653733734391
0.247237817097204 -0.461983768086292 0.153672559633512 -0.338645914083919
0.000520920798146198 -0.464155382997334 -0.0236677607692931 -0.15811178695106
-0.346499211643927 -0.313455338321766 0.129788067305067 0.0211474632958476
-0.481893445888326 0.0414498426319882 0.203743100171334 -0.0373921459037037
-0.252017426435887 0.28224320814788 0.175995772346755 -0.190663265590932
-0.0474295973533845 0.331856350793128 0.0712479554315883 -0.301614889173933
0.136689026101416 0.349844777069668 -0.0474522231948281 -0.308556789627341
0.185362308137759 0.334375019233701 -0.0585644016546328 -0.290129229089793
0.142818550956246 0.368312763784105 -0.0321584945621302 -0.292187299750835
-0.0729193885364935 0.385812310904344 0.0795862398612884 -0.226786601279352
-0.282389263059492 0.309108189152163 0.1175070609376 -0.0918693839020459
-0.545200923039147 0.0333614285470239 -0.0273138682386712 -0.0325522834767276
-0.388879796505315 -0.379778634502294 -0.0797368732577285 -0.217354438700499
0.0506804048707741 -0.519141308464711 0.0370465663660166 -0.488352183185118
0.298536422424492 -0.478719217156577 0.386430991441777 -0.525233908091614
0.285247131518992 -0.64441444991933 0.0333850799198841 -0.160964036934729
-0.0586439145108208 -0.64162616192186 -0.0256647373617772 -0.0326599754468506
-0.503386614347609 -0.408458542550344 0.176263256527919 0.0330188780017479
-0.648124110989543 0.0735208745197614 0.206061836204628 -0.0515176530233371
-0.342082976006491 0.373275178638571 0.118519466104976 -0.160764036055272
-0.0802566120815714 0.433093593534261 0.0417586180515324 -0.196848623516125
0.149963920612208 0.461884887397069 -0.0229868680146898 -0.165098899482554
0.21202744944818 0.434321097179057 -0.00245706135381776 -0.140299097222107
0.152285968101509 0.473944276069863 0.0118454293488362 -0.133828423763161
-0.118027371084057 0.487913448849308 0.0784779017300831 -0.0748815788200043
-0.376431687294743 0.381834284775968 0.0623158487801553 0.0239876668007558
-0.701969244025202 0.0469815018823198 -0.0814514313978979 0.0265137910540647
-0.528525068050744 -0.473494695538823 -0.108157796221672 -0.180209087110625
0.0270650777506411 -0.699308706890249 -0.0138459333477081 -0.385388384093267
0.370795439008778 -0.676031258055927 0.214640444260293 -0.347887525181822
0.277585771458897 -0.743176613315149 -0.113921766889939 0.059540125469602
-0.122250861838953 -0.741554860133431 -0.0254335309535151 0.138214666448618
-0.61069294309041 -0.445199628730269 0.214786971503796 0.056962031203905
-0.734799679444638 0.110942440762386 0.184206532956804 -0.054617762099759
-0.381053387601824 0.423861426868764 0.0436449042052405 -0.0988243369142499
-0.0965840202015748 0.479202746891825 0.00721230490214946 -0.0532277857033265
0.14355032781208 0.508795833939065 0.0060038269741811 0.00772076643998898
0.206081387661565 0.469035341347322 0.0545348328315349 0.0305632764775894
0.136674370201299 0.501618590794246 0.0528847108923834 0.0441714957861302
-0.145497846453952 0.505129103020575 0.0651497968084564 0.0932255438842342
-0.406612031085273 0.381914449151337 -0.00798218911545967 0.145540688705437
-0.727004892184121 0.0433943613639763 -0.137205747748639 0.0846939769235209
-0.561864798668825 -0.486392487460917 -0.129846298257494 -0.124344948370424
0.0130236336463217 -0.744826522488933 -0.0524438499033109 -0.240601722632805
0.380161143793649 -0.751720201993965 0.0337989667458859 -0.121861160826964
0.22777660410441 -0.72743252998469 -0.268198121610467 0.291112099767311
-0.164212095297548 -0.721100204508846 -0.0295281578850495 0.323508256269662
-0.60841582065115 -0.412936572595301 0.221979381797532 0.0930843441308857
-0.691774030876255 0.120799832146788 0.134137362146371 -0.0358951250421131
-0.35594352349949 0.39655580460343 -0.0366744939629654 -0.00913139595115188
-0.0989213257184689 0.446627789754691 -0.0246448628548797 0.108727034799314
0.117124767167883 0.478353422113434 0.0362477803902309 0.184030065944629
0.168457319446668 0.431231882817286 0.102573635126013 0.196926457082817
0.098259424669493 0.450832463212103 0.0847324800648687 0.210700005776056
-0.154778756285153 0.43415110318317 0.0395767029558125 0.242999870013151
-0.368189198411733 0.303684953420904 -0.0807796415739633 0.240005529416175
-0.611142245097694 0.0152577153429001 -0.179298197954223 0.118907823470946
-0.468189548885431 -0.417016254319324 -0.137546769842321 -0.0726654537173422
0.0149955181714548 -0.646222640311402 -0.0663612909202759 -0.0904450351658178
0.329158577856975 -0.695186342260807 -0.120960391989408 0.103962342443045
0.144693360000373 -0.595076068751294 -0.409187659815797 0.487813692878588
-0.161747767409776 -0.568390926540913 -0.0478419739646837 0.481176777372278
-0.477631595925248 -0.308878621596913 0.192656324182803 0.134854178356803
-0.515439633941022 0.096279663392501 0.0692542070864703 -0.00125009157192963
-0.265750045308279 0.286308004986507 -0.105495974866678 0.0830568637941933
-0.0865795568081186 0.330146877547544 -0.0508625301803738 0.256059755222854
0.0682648439805579 0.369672376967743 0.0619704889916028 0.333854470663228
0.104257540407465 0.328636832184722 0.135617071846049 0.332649189929731
0.0434687272953332 0.335941646311136 0.0994190874220267 0.340491873883092
-0.140456522233577 0.299740470954098 0.00309525163910894 0.344372005023035
-0.274910825494426 0.176811331919018 -0.145169826311102 0.283604180676395
-0.397435615154388 -0.0232796474557157 -0.200642738013062 0.116406194503392
-0.29360117147921 -0.288323666483508 -0.131693305800307 -0.0390086055473127
0.0207836059318117 -0.447733208835691 -0.0572998917450818 0.0290346395092387
0.22914998915621 -0.53225276678712 -0.228985388348273 0.28969650086322
0.0372088414742256 -0.363767476894923 -0.515693711614903 0.612777541767982
-0.133726264282169 -0.314798840039453 -0.0782767625154822 0.584289093865209
-0.267403012910516 -0.147909656824321 0.142840177109497 0.174337963786859
-0.246541626224233 0.0577306191941794 0.0126135775683665 0.0331313111187979
-0.130924412510929 0.124830733101901 -0.148105245337285 0.150140519134148
-0.0607850471477249 0.156907695165454 -0.069747734050959 0.354865014835968
0.00716013515582918 0.198125742327121 0.0786147941531216 0.430497629357989
0.0243331570473302 0.175996410584738 0.148516722494763 0.420686283878063
-0.0151089694557997 0.177015472103366 0.0979775504869938 0.416464563591565
-0.105680873367316 0.135623126789626 -0.0369297736497633 0.388072902833319
-0.151993600500122 0.0459020713708063 -0.190248222307869 0.278954019978411
-0.159545150661644 -0.0440601418388364 -0.200826306460456 0.0889566092527156
-0.110689230396092 -0.130097949929039 -0.116322623667206 -0.0206826241537414
0.0107993729480668 -0.208868088123152 -0.0348351117054756 0.10518276857097
0.0976987478395171 -0.306675995971515 -0.278520082234307 0.412928951262313
0.0570544927751804 -0.000647288180813953 0.146390892401386 -0.525150236229786
0.0243330920330858 -0.0336730204489531 -0.0658695857367285 -0.236538428101985
-0.0381967126511659 -0.026317690568225 0.0682934560925509 0.0113443437634006
-0.0593446445123923 0.040173608659407 0.167187335997609 -0.0550001362106865
0.0110323857118663 0.0607486120412665 0.178131333657507 -0.229507296181335
0.0432531261347683 0.0366387487675766 0.031341642955743 -0.384012470646808
0.0568832467513837 0.00109181676300465 -0.137234344081868 -0.413061274588085
0.0510580314670043 -0.0024377115422489 -0.19368125781807 -0.399300232240497
0.0474934239082876 -0.00475019251682712 -0.161376306087212 -0.411916650092033
0.0327573981218623 0.0109734885148575 -0.0230554669762029 -0.37083901331468
0.00853232196547054 0.0320752369560293 0.100194818550272 -0.238337648776502
-0.032253309103607 -0.00162164695607908 0.0151442391508246 -0.101671583865326
0.0225495950148145 -0.0431741522416914 -0.0786928975419256 -0.192163325881296
0.0769946219633297 0.0300535767143891 0.0268220794728314 -0.500433739573674
0.0473188058397556 0.0920030990943076 0.464948798679567 -0.673034303283673
0.124827468817889 -0.241549265779405 0.14657038760939 -0.481017129893653
-0.00762264283033998 -0.236896067613561 -0.0554079997324716 -0.223287575343276
-0.194226221002797 -0.143506138685762 0.080641890038955 -0.0130940680226789
-0.253059019837697 0.0673425325791905 0.16013393058105 -0.066220827408134
-0.0998887119306422 0.179431552056682 0.155287680558808 -0.214657963900709
0.018622152342046 0.185113757447771 0.0288745805310992 -0.35134568166891
0.121587274493989 0.163062208905486 -0.119798228475992 -0.36772199860755
0.141124710158572 0.153284097172942 -0.158512118809704 -0.359311397025397
0.124396826075727 0.173867764718889 -0.131890716585822 -0.374120877875403
0.0092206483268554 0.206956917334289 0.00519733205447167 -0.331045735248589
-0.117169618169824 0.188063797094111 0.109751543380802 -0.194827269710148
-0.287372608677666 0.0529054416860714 0.00494769449805267 -0.0763676187512041
-0.202222840665736 -0.187631817995818 -0.0896746402825662 -0.210511105497988
0.0330832129267981 -0.250162424233689 -0.000482510962569042 -0.506808316259913
0.148265650722793 -0.216894116589439 0.402951460799195 -0.656040722760092
0.170770462701863 -0.460667717343219 0.102436070295641 -0.367123553884717
-0.0593317596122259 -0.427177652906991 -0.0443183109362923 -0.164249804076739
-0.354420707754619 -0.242170858224894 0.107186963516869 -0.0309792954740737
-0.432905305748319 0.104789946262698 0.15549981854241 -0.0856807231037771
-0.198173372381963 0.28998624842327 0.115803990186531 -0.193455079489221
-0.00612990210872824 0.317023471109556 0.0183434404049425 -0.282880724011415
0.171200842092599 0.304775481469693 -0.0890266083607696 -0.271482162584608
0.211363072732832 0.287473896462605 -0.0988556047416827 -0.265143146986294
0.179742255941243 0.32482363418633 -0.0813862464430641 -0.276108962205442
-0.0193346394062153 0.372288763959156 0.0316997064329718 -0.232849997331
-0.229786503772624 0.319640209340227 0.0968022390638377 -0.108470979473406
-0.510372080504482 0.100864745383986 -0.0238295984268833 -0.030586947608387
-0.404949715801139 -0.30850161889706 -0.111296196940539 -0.202875555791969
-0.0168222909517523 -0.497716762136223 -0.0350502145087189 -0.456695284263372
0.228052924666808 -0.49226196305285 0.293420794025779 -0.543003064797988
0.186648022306165 -0.628451342303111 0.0221416725639567 -0.190555477790246
-0.136135899134194 -0.582296209089102 -0.0264148328685215 -0.0539211344461392
-0.511618380216645 -0.307545543757068 0.144704897545036 -0.0374178946102907
-0.580443409896632 0.157999742409128 0.14317142285084 -0.104034286271379
-0.26899144764838 0.388797956199613 0.0596199129032727 -0.151679699651732
-0.0218942529171021 0.416040097320636 0.00305070141113338 -0.174460944361212
0.200589458496311 0.406814016663429 -0.0467040929943142 -0.133212677176752
0.248632186566702 0.377366254462321 -0.0242262917855795 -0.129955383438134
0.205070717343408 0.422499227485005 -0.0168738467483293 -0.134173718386527
-0.0463696322060768 0.476277499709559 0.0535637892404264 -0.0905063068639442
-0.309457293757478 0.400674359804643 0.0649515254945054 0.00906202131272637
-0.656641895509172 0.137007188525687 -0.0626440168215272 0.0308943381198511
-0.546935517979527 -0.37916256117247 -0.132640923230246 -0.167011251058606
-0.063954272100332 -0.660827368928011 -0.0647669214006645 -0.349972759469255
0.269929294726231 -0.682861303609779 0.159241189091691 -0.348252542774843
0.170678250303422 -0.716818856684173 -0.0796436629786063 0.0364515176928147
-0.206704811589177 -0.665673111426977 0.000255836576800956 0.103387648427932
-0.615045386562919 -0.327541873671171 0.177593967755029 -0.0248728516638591
-0.656852768450912 0.207643442835412 0.116191020849457 -0.105197127965493
-0.297556810918115 0.440491355456053 -0.00468278558035629 -0.0784969217675861
-0.0319463581803222 0.461223903136697 -0.00815840723100661 -0.0313285404459934
0.20469684443704 0.451044868889148 0.00511935681010268 0.0304535381574335
0.248889810732165 0.410087025729319 0.0539576328029642 0.0243091853789555
0.196511932011198 0.451338818348926 0.0492256250395824 0.0282616469606524
-0.0696528871675947 0.497406990378388 0.0680261397503538 0.0702189030815752
-0.338516277098062 0.405488120029303 0.0187910593447905 0.135802162374868
-0.679021271064715 0.138432786253565 -0.105158192535258 0.0935460988555159
-0.577072224853815 -0.38414753777373 -0.143831404556991 -0.111305935818893
-0.0854694899060209 -0.69905244202371 -0.0758746129157124 -0.207496555443364
0.268165918941648 -0.752246481142756 0.0232408821333895 -0.11113894497215
0.125231735329885 -0.693705312201671 -0.188516133060145 0.280330882519368
-0.240506479383525 -0.639476874178375 0.0248339723411634 0.280260887042565
-0.611167445878415 -0.29620828727528 0.190544557739852 0.010692476679193
-0.616637757346332 0.212090562977725 0.0735145453965143 -0.0769340275315925
-0.276907243045605 0.415109697996868 -0.0649819104602092 0.0173782289339506
-0.0344527163127837 0.430591800243489 -0.0143272663870973 0.125599582003619
0.174696275582075 0.425844042684475 0.0590910163287167 0.193509462278077
0.210598254983839 0.379699003500962 0.124796748225552 0.174720139654793
0.153128735922924 0.409767580008873 0.10583668793381 0.182999584440242
-0.0858430213559958 0.43178821997058 0.0689576619185462 0.216619026033875
-0.310648743121276 0.328893871071031 -0.034653306667583 0.23665957983904
-0.573231530134225 0.0971843246582629 -0.140324310084276 0.133044151706052
-0.482456492950287 -0.331511566958309 -0.142545943158272 -0.0584999128565078
-0.0727658171654132 -0.606216888498801 -0.0673525485843357 -0.0654528084218289
0.224948248200621 -0.690260350485005 -0.0905569656273478 0.122608455269218
0.0664372271944336 -0.556448337043307 -0.293156227228848 0.495611832133185
-0.216880663938031 -0.499833221785645 0.0307711912930805 0.438996012045345
-0.478176327856072 -0.219488120120957 0.176037830284388 0.0656795609308274
-0.458456143782121 0.165625612364498 0.0290435351722622 -0.0281681883988321
-0.20804170999395 0.304009673508824 -0.10821650396189 0.110120498680831
-0.0361083115399829 0.321295885785809 -0.0161296938790895 0.263691670870473
0.117520056328028 0.331248294930992 0.104859289411595 0.327403334245939
0.139871891496749 0.291967521764051 0.175407032504647 0.298462324015589
0.0891175250910558 0.308350548502156 0.14194248759646 0.304910967717293
-0.0903232908593547 0.303261284886988 0.0536555442154749 0.319763258256138
-0.237688621565909 0.200539398591641 -0.0879525517621962 0.28913340556071
-0.377979227210015 0.0326002282036032 -0.163781433396929 0.137044210688573
-0.305342011360444 -0.23094196354285 -0.130965788496728 -0.0227891231043039
-0.0399413797411581 -0.419511442550589 -0.0443577327310942 0.0419125885233654
0.148685270358715 -0.521137486587117 -0.167721692180358 0.310718865786921
-0.00537955839460946 -0.327151436464258 -0.378789621642034 0.643017475549167
-0.156707121798957 -0.268688374240445 0.017110606013359 0.55221213865377
-0.263917573615508 -0.0993836523727537 0.147527680886088 0.126152276153058
-0.21844101371089 0.0908695906841419 -6.48192573127442E-05 0.022385905315091
-0.103046759373398 0.137339264321528 -0.127826743376878 0.171657361121135
-0.0333339348249248 0.1560188747509 -0.016420365606155 0.35439995846362
0.0385646649383774 0.181591590342376 0.134964897644922 0.410249193106541
0.0476183995942983 0.160712335800525 0.201681801293751 0.378296366056533
0.0139592381087929 0.167471823684024 0.15478586512115 0.378699234868583
-0.0792389867546047 0.144570690595373 0.0252008132429094 0.370220340324499
-0.137389343098088 0.0633620478841647 -0.130998092810215 0.293305155677801
-0.156523455360193 -0.0176656358601774 -0.170659526256168 0.113590294380354
-0.11824500076755 -0.105119261937461 -0.113351491551368 -0.00370267282303177
-0.0203771478326596 -0.195151310150326 -0.0147646936691045 0.107300630936213
0.0519383780493049 -0.292122072242746 -0.197505145799828 0.430584454064809
0.0547775094389805 0.0034223236819445 0.150688249456685 -0.505800097108842
0.0271586786007276 -0.0319770074106113 -0.0580312053348623 -0.226842080968417
-0.0349059098388062 -0.0289684594263515 0.0666200369105698 0.0108122907319327
-0.057670432617147 0.036183398117972 0.160790778079759 -0.0530178327013292
0.00945177362747228 0.0587255771406627 0.174443272308461 -0.219608552105451
0.0418452731289599 0.0359884587401989 0.0355744997720591 -0.368364830120193
0.0546158050679405 0.00243222116646271 -0.124577024531961 -0.399432568052097
0.0489938073010179 -0.00127394303151117 -0.182253626825784 -0.390349703365587
0.044309070057924 -0.00366707800483696 -0.148315159605785 -0.400062027619571
0.0299530452149374 0.0111337383015214 -0.0159738886139211 -0.356498833395798
0.00778004853770602 0.0295248252047493 0.0986120785331817 -0.226480122597995
-0.0320837823445981 -0.00300615071030296 0.0156928423929864 -0.0954323895358805
0.0216326211559422 -0.0425424301802672 -0.0736092236342307 -0.186259280352735
0.0754327099245587 0.0311380948970157 0.0356492266192367 -0.483067836515044
0.0446845960476186 0.0903661280988656 0.458717218869543 -0.640791649049412
0.123293622598903 -0.226568080449964 0.149903713170409 -0.464946744404832
0.000985809563350615 -0.227610519771436 -0.0484596833191078 -0.214690840319598
-0.183141452674446 -0.142466950934307 0.0776057312177785 -0.0131536694002354
-0.24445578776766 0.0616129973706729 0.153674958708155 -0.0635065205087686
-0.099610234522831 0.171940671706421 0.152085974358025 -0.205488300878742
0.0154404563081863 0.17911430875525 0.0326022179444609 -0.336042348975972
0.114540975635789 0.15838926512807 -0.109292476962598 -0.355126918906952
0.133563489867528 0.148775643912598 -0.146695287229025 -0.350512045068554
0.115869431629134 0.168025177460667 -0.119843808991977 -0.361909012661734
0.00488924606361747 0.199975688891529 0.0114677868389454 -0.317164151893877
-0.115434255049595 0.179461229748183 0.107428210832528 -0.184645609559542
-0.277665829117471 0.0463807413862669 0.0040085518125397 -0.0722642538290025
-0.192034432416589 -0.184452272061153 -0.0838290150540203 -0.205313940642911
0.0385698820506752 -0.239698131540315 0.00854101543300162 -0.491252071248004
0.147172060062676 -0.203526717515975 0.400496804582697 -0.625193235894002
0.171581026732528 -0.437567479446901 0.10596234691703 -0.358367543515512
-0.0464641482175173 -0.410791924027422 -0.0384272849878659 -0.159868429759241
-0.334815420494147 -0.23662569795028 0.103209036730963 -0.0309211910752806
-0.41835029932836 0.096635683267475 0.14922285784099 -0.0817915239993433
-0.19514065098324 0.27735193471932 0.113062262534406 -0.184756994832881
-0.0102285126146286 0.305672100801852 0.0203565585241228 -0.270667258806266
0.160196095527564 0.294861464084039 -0.0795473458608748 -0.263132010586952
0.198966083698529 0.277280968284368 -0.090478264209517 -0.258739242038962
0.168059385527852 0.314211763326738 -0.0722615792264211 -0.26762620509
-0.0245089012578843 0.359111184296201 0.0361018736401415 -0.223733974075035
-0.226009579348527 0.304940914738991 0.0943138782650506 -0.10265324712039
-0.49156115123197 0.0916563549397041 -0.0250879351694667 -0.0290963780731293
-0.385674924160648 -0.302575300795478 -0.105781180007911 -0.199957021426169
-0.00468591061149943 -0.478405375406991 -0.0269166120546483 -0.443753281046023
0.227259393507087 -0.465785593256806 0.29319024622449 -0.517683274132
0.190291690754555 -0.601021253470454 0.0257654007539365 -0.189227369737223
-0.117679638540778 -0.562824666960837 -0.0232811639704285 -0.0544270648824648
-0.487743241824251 -0.29975548384204 0.138879614711171 -0.0372849388014903
-0.562579809311291 0.149523732465253 0.138527514816209 -0.100014450919141
-0.265490272409289 0.372674333521062 0.0576785194338602 -0.145663886259365
-0.0288242576828796 0.401629043875208 0.0042365308723072 -0.167269341998012
0.186896249201364 0.392089516842079 -0.0391642686003725 -0.130139477830913
0.235738879929837 0.36249222686436 -0.0207206800228999 -0.127488221420628
0.191228907672661 0.406763734209762 -0.0131816594746592 -0.128131676622867
-0.0524405023529644 0.458194795541264 0.054862453562716 -0.0863350471461165
-0.303733924694116 0.382177957028645 0.0627837104626838 0.00973772516999868
-0.632082701283472 0.122540834303153 -0.0650669818069637 0.0289163623373764
-0.521377474824453 -0.372121236317449 -0.126986778944953 -0.165632083250445
-0.0481139437995025 -0.637486395153135 -0.0581124452973525 -0.340795649627801
0.270936857963186 -0.647022573220104 0.162254890049079 -0.332184832226105
0.175105925776923 -0.685498216415339 -0.075795737027349 0.0280068732146967
-0.186285147235286 -0.646059704138015 -0.000718431725934493 0.0971720624237908
-0.587696627839392 -0.320387747777033 0.171335089070913 -0.0242996957620225
-0.636307191476504 0.195366659393557 0.112936084884729 -0.100316395576266
-0.293791551500043 0.423585102358044 -0.00580289490551081 -0.0769180468827813
-0.0371114928642764 0.44422386610514 -0.0097911894650464 -0.0303459900850628
0.189890091132715 0.434390124878732 0.00885123802309491 0.0282600238616546
0.234842267968807 0.393826970371136 0.0525211154285851 0.0234320981325192
0.182465339333801 0.433828662724265 0.0481881937349261 0.0299363213217626
-0.0731427329927853 0.478330331268892 0.0662869102390943 0.06877417220905
-0.332257969733077 0.38795068926128 0.0171867010633456 0.129658893388022
-0.653100592631399 0.124997888458214 -0.106811592015879 0.0879929780308135
-0.550979571273829 -0.377947518904698 -0.139380774997898 -0.112309420143065
-0.0688101783050406 -0.674908404211901 -0.0722270263336637 -0.201720756751648
0.268965376011242 -0.712360144654926 0.0274029379619091 -0.104610392836217
0.13566070856408 -0.665343090658884 -0.18641255790114 0.262610992448955
-0.219120149960674 -0.622202620438824 0.0192832967567769 0.26765836449342
-0.584572330979139 -0.291142577735101 0.182816087102963 0.0110316112568308
-0.598467592032948 0.200885978563718 0.07192303942101 -0.0741367083022918
-0.274043460813902 0.39855707655212 -0.0647943788664375 0.0150222369811205
-0.0405421718665722 0.416129215515469 -0.0176876727551301 0.119515259395463
0.163095797521486 0.410338062890792 0.0589399219368977 0.185529656982757
0.199222790150643 0.364607439020408 0.118509603508854 0.17027426300919
0.142965895255726 0.393567730082557 0.099376539543038 0.17864324608926
-0.0878452056038086 0.41542115354878 0.0647928424791621 0.208654009047593
-0.30293501118969 0.31442763359892 -0.0350160701970837 0.226251231657212
-0.550453501125294 0.0861326231783974 -0.141163270716145 0.125192372401076
-0.458850905594375 -0.322699286832152 -0.138482500095509 -0.0606769386691392
-0.0579055064182112 -0.583201392109824 -0.0661222916316055 -0.0654997134023664
0.225672710154697 -0.654075599141389 -0.0857893432014858 0.119068407828551
0.0749121777645097 -0.53736849744788 -0.292731974994918 0.470138708422381
-0.200975844602448 -0.487335840183051 0.0215842180786471 0.421963441046137
-0.459399533992918 -0.214997183131742 0.168951364497208 0.0644045621779089
-0.44550040440482 0.15864987212974 0.0290342010057472 -0.0274423492534876
-0.205715968907514 0.291968221154096 -0.107343147385043 0.103553400094563
-0.0406513871618854 0.310602419687892 -0.0206780955249289 0.252549331980227
0.108849000177636 0.318661895531059 0.100518841023787 0.315118709623838
0.131230158187063 0.280895428274691 0.164972028391624 0.291330783057201
0.0825870263019767 0.295934594933749 0.130921436334352 0.29578221952069
-0.0902040794191967 0.291401301650229 0.0471947357424318 0.30844438951399
-0.231222811422682 0.192041370133014 -0.0871886827056074 0.276427503481921
-0.36130364523444 0.0280441977106316 -0.161633333682448 0.128493251108933
-0.290022409454915 -0.222684333556405 -0.127002784925048 -0.0252569613785416
-0.0323513310632081 -0.402704553980223 -0.0454242628127495 0.0392322394035136
0.15035147258707 -0.494281246287474 -0.164292131340246 0.298776873085502
0.00273638479547952 -0.318126094874012 -0.377212760740406 0.612325305649045
-0.147757028894834 -0.262119342467658 0.0060094575886621 0.531904526942548
-0.255113368385474 -0.09659015088778 0.140903502211542 0.123924511770215
-0.212684697094153 0.0877912905637909 -0.000557711563618237 0.020621958855846
-0.102045174216451 0.132348702516463 -0.126913411506383 0.16280922610345
-0.0352288190108133 0.150341381392019 -0.0226899086182181 0.339160241013448
0.0350221218076521 0.17424809112273 0.125892874016016 0.396085201272303
0.0444962603881959 0.154071977791209 0.188955241447989 0.369834860153033
0.0124833219252648 0.160301875177394 0.141970136687368 0.367232863193509
-0.0767826638151241 0.138029126324125 0.0193147073302581 0.35565984901076
-0.132672906424615 0.0613649350509086 -0.128274168637274 0.279498648837592
-0.148361866530703 -0.0173211116642523 -0.166481025581032 0.106117269415912
-0.111855214383506 -0.100111094745482 -0.109951656646492 -0.00457119294306216
-0.0180105212486531 -0.187288813007578 -0.0180017590233869 0.102748257320167
0.0536968754685463 -0.278291702904112 -0.197169745229674 0.414679345301104
0.0549927736530446 0.00865389584099715 0.166738131191279 -0.503304387705348
0.031578187540972 -0.0311756824429549 -0.0488690105839089 -0.226532984249765
-0.03328977945466 -0.0331126029701432 0.0669268390905899 0.0108002224922104
-0.0592148116345646 0.0331848044162743 0.160772293620588 -0.0500778858792415
0.00654655808532006 0.0586005278388918 0.180152405504418 -0.215025433746823
0.0414955945466684 0.0374405228328977 0.0470361889029972 -0.366149712681428
0.0539242157625108 0.00519719781208748 -0.113131628292606 -0.400816550769641
0.0484983712232285 0.000581413121252877 -0.171243919305138 -0.397225040140077
0.0427410410410503 -0.00174427799160854 -0.134373218766118 -0.403388765312844
0.0281695283429596 0.0124669905907283 -0.00364287764756218 -0.355310985677041
0.00656486616359823 0.0283512543656538 0.104983028004347 -0.220914115932087
-0.0322194930537386 -0.00409715538954718 0.01875742792625 -0.0938071146339001
0.0229384280921617 -0.0427961648502015 -0.0685722271316184 -0.188012759449467
0.0765734427676455 0.0337246546709063 0.0524221285896144 -0.482607583639708
0.0425424155318334 0.0924847414810294 0.481634808894999 -0.625976451727583
0.130723025801017 -0.218736123661459 0.165622696942044 -0.464095218320451
0.0115727271403112 -0.228259370239385 -0.0388130459064761 -0.216026884434733
-0.177035945928793 -0.148523281515606 0.0788718342489968 -0.0133667934778334
-0.246022961868575 0.0537265097038836 0.153628753642734 -0.0601545879030493
-0.105207430114566 0.169142805741815 0.156581418085057 -0.20072298736562
0.0102962640989104 0.179931976601207 0.0425320983749255 -0.333444948304774
0.108685476124265 0.161858020249043 -0.0961593338736147 -0.357435405853531
0.128546109131235 0.151708351502062 -0.137259992512217 -0.357842413512724
0.109348725752021 0.171168598559087 -0.107127790186287 -0.364946504581164
-0.00246652815695191 0.200875210267077 0.0235432638812863 -0.31683999642617
-0.120963702076038 0.174819225693572 0.112423946672638 -0.180076655395312
-0.279712541450983 0.0379397487389961 0.00476586084744022 -0.0703510076956155
-0.186735311456066 -0.1909842595465 -0.0788995174966535 -0.209588312680467
0.0500191154061089 -0.238295128685504 0.0256304480996802 -0.491509067216495
0.154103641406087 -0.196071783272621 0.422322191942986 -0.612940975771094
0.184562509418614 -0.428589850522075 0.118739223786784 -0.359766480190818
-0.0294798893503937 -0.413418718805238 -0.0314706926494476 -0.161612503492825
-0.324280359532619 -0.245696753994989 0.103497411849337 -0.0300965786025614
-0.420493812125572 0.0855878015350604 0.149635906132662 -0.0785241139121267
-0.20501128007395 0.27261159336326 0.117419256374047 -0.181813419649987
-0.0199940996468788 0.306926822786274 0.027573968780749 -0.268070018328735
0.150221106328331 0.298734294861809 -0.0686741095704613 -0.265375882441529
0.190415986918659 0.281156324540923 -0.0824164461485712 -0.263877634738193
0.156836507290244 0.317312199505975 -0.0618302628946153 -0.267862703665173
-0.0363041837359386 0.359100648333576 0.0457348761828007 -0.222473357465342
-0.234689437023377 0.297938667625718 0.0973268336057165 -0.0987481708545214
-0.493939485832646 0.0765457853040907 -0.0274628615851124 -0.0285147916118087
-0.376730132907855 -0.314638029694815 -0.101477776325839 -0.205397735822545
0.013245117931787 -0.477880265984353 -0.0124551450942503 -0.446055958805818
0.243194210239412 -0.45291228522428 0.313928309514209 -0.507688336727624
0.207365010917705 -0.590437107327808 0.033261014214507 -0.194255360625843
-0.096842911758043 -0.56661719247104 -0.0206555983729435 -0.0571623095242946
-0.474550235549914 -0.311462975248643 0.139160363579116 -0.0353524113894714
-0.564813728168613 0.134666192999978 0.140693241301183 -0.0965859380424996
-0.276199320971783 0.366522296807258 0.0609407266699287 -0.143858624105892
-0.0405544181361412 0.401576970270813 0.00695102851785664 -0.165756254433655
0.173854853840611 0.396025678687223 -0.031095784937828 -0.131414243433801
0.223850833228938 0.367014681726124 -0.0155133330463808 -0.129597817454501
0.177176521802865 0.411601546082828 -0.0074063576325058 -0.126908134208653
-0.0659955670183699 0.458570845002371 0.0604602267612291 -0.0851290191717929
-0.315051489593594 0.374240609137856 0.0623285135021955 0.0118484621448784
-0.633435260858881 0.104407868034842 -0.0697949082288913 0.028480268977553
-0.509392266146225 -0.388081850049543 -0.124133532879041 -0.172445409461819
-0.0229406833290522 -0.637713226872239 -0.0476585956503758 -0.344666420436272
0.292045946575587 -0.632177519094246 0.175725325916526 -0.325791805589902
0.195350344387297 -0.677294229374153 -0.0759046130137395 0.0203306161507275
-0.163404664042958 -0.65204521643513 -0.0038658032474353 0.0945434432507781
-0.578070944622643 -0.333796283473513 0.171723350486113 -0.021337727417283
-0.641123326723154 0.181007012322444 0.115758123446064 -0.0984577180158265
-0.306247147163449 0.41627171832626 -0.00391937640034099 -0.0771879667148212
-0.0511738174791579 0.445401924666975 -0.0113111620078605 -0.0305947267366705
0.175750797780601 0.437797655949825 0.0127600990211264 0.026720059499478
0.223077628297215 0.397314703360196 0.0530162220145994 0.0242573990821885
0.169422905448539 0.436506902873337 0.0482712407951619 0.0323915997342852
-0.0880236458864221 0.476898394897214 0.0660433919514897 0.0700721805757208
-0.341425430431797 0.378842692181516 0.0148478853543497 0.129931052525556
-0.654910811069727 0.105650530464608 -0.113272181375403 0.0857841439008813
-0.538109254071702 -0.391438391344392 -0.137513993907698 -0.120376195554271
-0.0435010344894788 -0.675441193270056 -0.067369136682993 -0.205905560914932
0.291486663194451 -0.696433784313855 0.0346163557261746 -0.10176233419132
0.157317688648284 -0.660343151355398 -0.194066657571552 0.251604510932088
-0.199588136975645 -0.631008920183768 0.00974570270976348 0.266045982386457
-0.574296357380428 -0.304963052454429 0.182841097427853 0.0150406364708983
-0.603831885478753 0.18719855797834 0.0749296616827159 -0.07266554011056
-0.287251483672754 0.39280072261436 -0.0657534500020069 0.0119112142451933
-0.0532345950627416 0.416167008917354 -0.0237840118406756 0.118625593869637
0.151401240417875 0.413046462441146 0.0569104233100266 0.184671273067472
0.188110019503273 0.367585490179867 0.114334120360367 0.173767980024571
0.131655810205601 0.394963083851527 0.0941020815607438 0.183125936951665
-0.100569536194129 0.413041223348394 0.059796543290331 0.210560962084728
-0.311275088685406 0.306426144432448 -0.04033517787981 0.224523385725671
-0.550366109333971 0.0709717268354378 -0.148036274355853 0.12196486596078
-0.448509911273793 -0.333802456092453 -0.13880894217019 -0.0676201636678305
-0.0381962445879358 -0.5825867557596 -0.0661136071656545 -0.068513835880357
0.247138274238057 -0.638702805352592 -0.0867041656222477 0.117896982708335
0.0928866155560266 -0.534691367193647 -0.30761033353211 0.458204637989285
-0.184450186400394 -0.494926564847519 0.00673615126011853 0.420777567264685
-0.45425739105871 -0.225000744387211 0.167556641473888 0.0686110833950009
-0.450530559806922 0.149180319903662 0.0308520706389832 -0.0273514487953619
-0.21546653838232 0.288116757486388 -0.111263235995062 0.0993852154606211
-0.0509219852232817 0.31018564030632 -0.0307054621808127 0.250630187751253
0.100506822253168 0.319965213737215 0.0939285329358039 0.315838199274102
0.124141521886728 0.282166366391229 0.156859808439915 0.297423868997561
0.0745225626827884 0.295846576982787 0.120881281590406 0.302033334076448
-0.0980709895368839 0.288356172497989 0.0378264259914861 0.308493591594005
-0.236442008920207 0.186237161098325 -0.0939408732109309 0.271978130584534
-0.359417797322386 0.0174634840641561 -0.168454128938803 0.123586642254813
-0.28155648942548 -0.227687405750926 -0.127801128596638 -0.0307511182039772
-0.0185022006220645 -0.401168344827079 -0.0488929832939983 0.0370271834841116
0.165877334633676 -0.484229621554846 -0.171542308167839 0.295421821342578
0.0136944826319508 -0.320115725349601 -0.399915127487497 0.59858341153314
-0.13956020924544 -0.268973538248592 -0.0132068210332619 0.531534934728407
-0.253683247915797 -0.101827709297027 0.138255710790342 0.12928416417692
-0.216152015759087 0.0849405274015999 0.00026495900936277 0.0200523267560986
-0.106641375914765 0.130243049214024 -0.13265693360794 0.157494223896039
-0.0403157099177469 0.150424782975129 -0.0339047120086348 0.335830328067472
0.0308926466200476 0.173752559174232 0.116940662342017 0.398582909509566
0.041033206238892 0.153553028939452 0.177915797726159 0.375575419005711
0.00918529059505428 0.158919744915438 0.128770232089505 0.372924147388365
-0.0796759184184974 0.135431870220577 0.00767181437579866 0.354808716040821
-0.133343014419025 0.0590887175215014 -0.135079156567787 0.273616268748962
-0.14564774925558 -0.0208886881525551 -0.170746915430139 0.100753358446437
-0.108363574756994 -0.100251195669448 -0.110696727882888 -0.00776721446804688
-0.0137523603581579 -0.186416627434968 -0.0237556375548975 0.101658884229864
0.0611389672866959 -0.273498059612472 -0.208773425071781 0.41035382638473
0.0582607917817467 0.013534865757327 0.185114680414598 -0.523556188119307
0.0364052293121187 -0.0325502132928868 -0.0434314750663922 -0.235372239492171
-0.0331566991331314 -0.0378300935147679 0.0698988178178016 0.0105453768193203
-0.062500291601402 0.0313967674615045 0.164811686910865 -0.0506920350378588
0.00568728708520398 0.0614591837585954 0.190346131219598 -0.220478548425702
0.0432029637257218 0.0397802594489584 0.0569330446488493 -0.37781302053722
0.0555138430326868 0.00740569322679169 -0.109435859038221 -0.416467956023112
0.0497820549590297 0.00195664188753332 -0.171539622078553 -0.418471549873595
0.0434646310135195 4.51870386776179E-05 -0.130016966710287 -0.422433909162997
0.0275933308161375 0.0138531484324742 0.00593064366881873 -0.367788677788843
0.00553742167243966 0.0280898879780627 0.113280119526005 -0.225668241492257
-0.0345310779354449 -0.00567241505537336 0.0205075782534803 -0.0958584753131955
0.024370901589772 -0.045333936062586 -0.0683343070483281 -0.19681166334153
0.0809723417569935 0.0363896111345666 0.0648060212085336 -0.500650595530179
0.042210360581868 0.0977662462876867 0.513710245815982 -0.642249975911723
0.140168666389041 -0.220129226489849 0.18246778249979 -0.483755919023617
0.0202479998486694 -0.236283144415709 -0.0333551199071015 -0.225070411402076
-0.179082568209463 -0.158477787537442 0.0819565176147105 -0.014448243693599
-0.256493520614919 0.051403747426001 0.158722917185042 -0.061036668672741
-0.113091207325679 0.173974357746212 0.16593256411253 -0.205663819753497
0.00775460145312746 0.188129477826139 0.0505563561123166 -0.343867725000054
0.109350471191207 0.170307449005791 -0.0907196045115312 -0.371662263257018
0.130815941213293 0.159103662339206 -0.135816780487685 -0.376477953001265
0.109043087031595 0.179907203924894 -0.10242289005031 -0.38170504934552
-0.0075863780699416 0.209341020906086 0.0329584857491731 -0.328458755064632
-0.129212214999197 0.17838253160717 0.120445156365297 -0.183067236796687
-0.292162762321619 0.0336752248383855 0.00474190671977337 -0.0713902486843851
-0.190762855242578 -0.202273512560533 -0.0795304580530779 -0.220363055815323
0.0596001494566243 -0.246655051086999 0.0372715750432497 -0.510974388549964
0.165188970244572 -0.198303565348201 0.453689122367989 -0.629221480292864
0.200711447217944 -0.435925960318539 0.131127587210925 -0.376487145509308
-0.0177202401494489 -0.428923564075909 -0.0278536760884388 -0.169798430890194
-0.330953628170074 -0.260338503869169 0.108228714814089 -0.0322467104280192
-0.436579360500469 0.0825017946146583 0.15610431477015 -0.0800250513080595
-0.2186851997533 0.281379357138162 0.123944180449481 -0.185982423549893
-0.0257467371669055 0.318984941489081 0.032787743648951 -0.276334885775556
0.149627156310749 0.312618308464522 -0.0630567585248133 -0.277021780737692
0.192807134320726 0.293451298035258 -0.0808716744615021 -0.277624605809033
0.156356917805529 0.331887673579344 -0.0571236866136902 -0.278453003972279
-0.0454764397049063 0.373902604530664 0.0534441586980121 -0.230556920984291
-0.249472551349555 0.304692226158636 0.103026004540956 -0.0993608055334533
-0.515252201925972 0.0699935075611569 -0.0307518219439601 -0.0278991541091357
-0.384472947734913 -0.332865766617629 -0.103731316057782 -0.218468945245397
0.0284258028213133 -0.497671872348846 -0.00413158594210304 -0.464620157186233
0.26294342573494 -0.462711896209921 0.33949588981189 -0.519856655092143
0.227733898663769 -0.605681897176463 0.0387326814079325 -0.206977349086044
-0.0865395353495157 -0.591323812385323 -0.0195081734238008 -0.0613750007447754
-0.484978560209866 -0.33038924917324 0.14524073718619 -0.0364795276934954
-0.588876235393125 0.134311106809797 0.148083636345369 -0.0990465783059976
-0.294376921186176 0.376223323757076 0.0654159023504852 -0.148367040603331
-0.0479071728244575 0.418345668963315 0.00913349998073767 -0.170832726337616
0.173023966016257 0.413767959269461 -0.0258645678400625 -0.138310617346936
0.226693677075782 0.382030268594397 -0.0132244251392697 -0.136142419741446
0.175653189474477 0.428117649291616 -0.00311752227810864 -0.13040660383045
-0.0775476184888702 0.475789487392586 0.0661838089037536 -0.0875875339209932
-0.334798752271119 0.382702228926256 0.0659638863251073 0.0141192208201577
-0.661105512582987 0.0966515412915048 -0.0768284935302108 0.0308317346883268
-0.521830812618824 -0.40954637154573 -0.128593950267299 -0.185543654994429
-0.0062202521743487 -0.6638217910334 -0.0448643292164599 -0.359614380320488
0.317959906050763 -0.6451584803693 0.192133588995485 -0.334289580531279
0.217475911057307 -0.69879060973797 -0.0794460074356666 0.0144021506714029
-0.155444445229683 -0.682145824175314 -0.00566449463544378 0.0962227614048294
-0.589933080593373 -0.354216650601552 0.178809964234773 -0.0213515556037663
-0.669480967677721 0.181212021723694 0.123936644356124 -0.101436798414342
-0.32629612107235 0.429255756759231 -0.0030766092891412 -0.0806138918945158
-0.0621542546467331 0.463331321227389 -0.0128621907003027 -0.031391107536155
0.174810840398831 0.455812849162436 0.016777809884398 0.0263628219427365
0.226041164088004 0.413906355856967 0.0560863521573553 0.025643221209316
0.167000739994883 0.454881454017151 0.0510868718919032 0.0370770294583358
-0.101774657800815 0.493792385173749 0.0692759058441744 0.0734471303721554
-0.361564069520032 0.388479217289973 0.013929596602476 0.135357506931326
-0.680564489462169 0.09758282277506 -0.123320559104574 0.0893797872209748
-0.549965184095921 -0.414723562582178 -0.144335617306365 -0.131292753317532
-0.026802433512158 -0.702017893315772 -0.0682320988854069 -0.216691759911152
0.319243251799585 -0.711233345512682 0.0402857683360921 -0.103712010879001
0.17611171189525 -0.683213286657929 -0.20805306194211 0.254439543574729
-0.194055590728241 -0.662128796787728 0.00376871081915994 0.276239158841846
-0.590065089673171 -0.324107256620555 0.190734849944866 0.0174398518788929
-0.631989246495178 0.18868980970216 0.0821855223036352 -0.0755828126698705
-0.305960806278866 0.405226906602111 -0.0684545608308909 0.0111098319393001
-0.0653458809469258 0.433453042269336 -0.0292858090270042 0.122199104958683
0.150193213186475 0.428565513197548 0.0600686887699839 0.190975879231988
0.189632118723873 0.382356946889569 0.117090880105982 0.183536157686523
0.128361004645715 0.410643030368345 0.0952944877804572 0.195034243359964
-0.11138475737558 0.426945009519042 0.0589287153476072 0.21877965098442
-0.3281855926515 0.314859987381975 -0.044134351364831 0.231756866457026
-0.571794273176072 0.0634974696710325 -0.159860758596306 0.126070726366104
-0.456710738895102 -0.350545018422484 -0.145603695943811 -0.0765240012608694
-0.0241236729766227 -0.605196105634826 -0.0697916658298927 -0.0736473916028521
0.269477582866154 -0.653261004263436 -0.0904564496439219 0.123404948842402
0.107671312556778 -0.555208538883775 -0.3302533285684 0.467028406003265
-0.182444802215279 -0.520055727936174 -0.00371801917222824 0.437330655587374
-0.46816026189878 -0.240523020842284 0.174530172020865 0.0745659510043154
-0.471665303449971 0.151307377590582 0.0351740675926664 -0.0291947989662741
-0.229649425018339 0.297681353462587 -0.117005715436235 0.10037235002966
-0.059445143158588 0.323414798524126 -0.0388948347384519 0.258622810544279
0.0981871276014443 0.332268699622589 0.0949607191151304 0.32766109660952
0.125546577103117 0.292706251496327 0.159572644417342 0.312572195196621
0.0727404998821526 0.306699476011619 0.119646313252759 0.318091016591845
-0.106909694231653 0.29736201223245 0.0343706055012352 0.32006857264918
-0.247795463736868 0.191421631810366 -0.101154356782194 0.279614485077223
-0.371637210509831 0.0128301162265792 -0.179464476759578 0.126446355345765
-0.286432539973345 -0.238173834703475 -0.134927778827608 -0.0367857212395939
-0.0111965394900604 -0.414825564355014 -0.0536985488755857 0.0363244402048335
0.182642356135533 -0.49476672664698 -0.182664018402222 0.30691048537725
0.0213627463575624 -0.334183258258416 -0.430206853633112 0.615001480335104
-0.14014400489273 -0.284553482956493 -0.0288937686381092 0.553901759377725
-0.263165345625897 -0.108801803881953 0.142562910751064 0.13656877518936
-0.226596101404261 0.0876868564006077 0.00199018089809802 0.0201767899063429
-0.114434401994334 0.134700631027756 -0.141224958823854 0.160463443282017
-0.0463322171969623 0.156471926475796 -0.0433829007694365 0.347572774497933
0.0294432920379226 0.179669713724028 0.114537658181748 0.41479064600281
0.040761418129115 0.158872671650697 0.179332601668083 0.396949464762405
0.00839628943320533 0.163393468626231 0.125692127494089 0.391144578585414
-0.0840640976450085 0.138725322699757 0.00102370395354977 0.368130253849213
-0.137627068767206 0.0609467398977051 -0.1435100383134 0.28061881258684
-0.148831606775331 -0.0226662217843594 -0.179854055813068 0.102250901320841
-0.109364250030868 -0.10287491367104 -0.115815973229768 -0.0110661659994581
-0.0117473450131107 -0.19121297918021 -0.0289221477031041 0.104479518204158
0.0690578204878544 -0.280082454724191 -0.224151913089371 0.425048262346847
0.0635860302311954 0.0163667853949112 0.186946004891335 -0.561596575460022
0.0417019019956867 -0.0354798258740177 -0.0468874538457813 -0.248896827977153
-0.0354210519434088 -0.0422976149813215 0.0745767543839222 0.00856794107930444
-0.0668172372691093 0.032988717482496 0.171588309072639 -0.0575165985920465
0.00689023707714311 0.0646665748752538 0.196670005415106 -0.23782678515771
0.0472923644364017 0.0408088319567707 0.05411664230697 -0.402245457154926
0.0585607624019121 0.00796213355547468 -0.124548484732 -0.438028711476802
0.0525988593702986 0.00150782048130138 -0.191872933554032 -0.441152784570797
0.0445920035581145 0.000573182005028276 -0.144684599158783 -0.446339218159311
0.0284674096186662 0.0147717844734643 0.000275930284105605 -0.389965948609497
0.00519673886335704 0.028102340231879 0.115521794457999 -0.23862089683742
-0.0367011459735957 -0.00554562553450652 0.0194999986444557 -0.100508950055224
0.0240856218038885 -0.0497087494175984 -0.0764098543928288 -0.206291559220503
0.0879138308389388 0.0367176272473514 0.0620565565030374 -0.534020628882942
0.0463603889305326 0.103284957201449 0.53438801201714 -0.691412569832852
0.145887793257864 -0.231757011552776 0.183269735271275 -0.520190861853081
0.0209201616868511 -0.251386768548409 -0.0365268149275892 -0.238771609195306
-0.191610124288929 -0.166263531972535 0.087170902796955 -0.0182701392359492
-0.270505816210948 0.0593010414587143 0.164946795544976 -0.0683453507099429
-0.116727057504621 0.187368277509834 0.170889530864023 -0.221117563156646
0.0129272953940381 0.199736683421125 0.0472247539908303 -0.364897109049412
0.118330558143991 0.1791368089068 -0.101953488977222 -0.392256350893322
0.141586404638546 0.16519071782658 -0.153905324468346 -0.398895527048763
0.118008999801243 0.18937239032729 -0.113190411451014 -0.402274117884737
-0.00566374061362664 0.223781558089972 0.0302414478904422 -0.349005251051267
-0.134969350726216 0.190768322765147 0.124578910004118 -0.194041891110676
-0.309540917814642 0.0411346923007357 0.00110632237530404 -0.0739313478285888
-0.20716045493105 -0.210818443702154 -0.0896207075502864 -0.233614430993451
0.0618170353127084 -0.264326289830882 0.0306112612914995 -0.542985508492981
0.172252621736715 -0.211172964664515 0.470781984236528 -0.675875180869829
0.203604917998145 -0.461181283279992 0.131563817677599 -0.407420087771962
-0.0247272916417171 -0.454076830475375 -0.0310893525267542 -0.181364877172044
-0.353437365502428 -0.269090146262496 0.113702305218325 -0.038077168621843
-0.461220920195459 0.0985418563318949 0.163270248557471 -0.0897671485474275
-0.225860254877868 0.304129488945843 0.127842174435585 -0.199502556484552
-0.0205246317416705 0.339933656004534 0.0292482493612468 -0.292645501796258
0.164030196196058 0.327542288164294 -0.0687370415837151 -0.293417614797174
0.211186947978548 0.305336204020094 -0.0918109211802685 -0.294154922157172
0.17141091012023 0.348705296963043 -0.0639567914426462 -0.294311534657612
-0.0423184343912026 0.399045865969301 0.0549931902379817 -0.246334905331477
-0.260224158628082 0.327256787742851 0.109017022057042 -0.106004359262563
-0.546193135788064 0.0835383510297682 -0.0363693801186485 -0.0253915806772153
-0.415895253554511 -0.344392418569034 -0.1172131064998 -0.232355302005429
0.0246885545007755 -0.530082182396969 -0.0149025612906117 -0.494143272984107
0.27188375913377 -0.490919044439252 0.351497877517373 -0.559872235928442
0.2298294072663 -0.641980125043071 0.0364867724386302 -0.225794208922618
-0.100383235153269 -0.624746460569763 -0.0211616681264469 -0.0659782988116337
-0.518132057895908 -0.337259568681467 0.153134951547433 -0.0444781150293145
-0.620633482179049 0.157957652557748 0.155375502995493 -0.110699907936613
-0.304889018301648 0.407980596194376 0.0664806574036658 -0.158999781067169
-0.0438432953436803 0.446292689249885 0.00564954335060399 -0.180179849121837
0.191655292536391 0.434094095153146 -0.0262821454162642 -0.148541231556127
0.249021174278475 0.398957093386196 -0.0164518476839275 -0.145250571944768
0.19586369840277 0.450378172180687 -0.00339628977162721 -0.13727661842178
-0.074930976010504 0.507354001281926 0.0703528231917525 -0.0953327826492184
-0.346535793756834 0.414464554719045 0.0717353392424993 0.0142421375047025
-0.699038888676745 0.116605156627184 -0.0840021171943632 0.0379195367299868
-0.559474557543539 -0.422036816400694 -0.144516850700414 -0.197803780507337
-0.0139888453357362 -0.703700638468079 -0.0557078316540846 -0.382563819085493
0.326531021369425 -0.685116583927815 0.200477755043473 -0.356737729891284
0.215320002799666 -0.74033804967322 -0.0848138646788935 0.0116022942780373
-0.175852463698408 -0.72175899929284 -0.00409251585298521 0.101205595798676
-0.630847732841878 -0.360902515715285 0.189886693732447 -0.0286933749851874
-0.704488512052202 0.210833392801114 0.131109508321279 -0.112714133859539
-0.339707175356479 0.465902294723908 -0.00466173025391434 -0.086403532838013
-0.0551655831609964 0.4941672341036 -0.0160850777380783 -0.0323216251496086
0.195225782770276 0.478149453714157 0.0227907533359242 0.0244817982349034
0.248939874577591 0.42962608119831 0.061766230084723 0.0252489538419091
0.185658089930502 0.477216489177327 0.0580104763914004 0.0399174320988613
-0.0968751377958502 0.527285898739255 0.0760154087998824 0.0754576203195332
-0.376464685339652 0.420446122176218 0.0191652455631281 0.143650561416677
-0.720428655803611 0.117222184887108 -0.132969049251991 0.10177487529508
-0.59009302546798 -0.424548554007727 -0.160941014487059 -0.140467875304783
-0.0362857736641219 -0.743047733597532 -0.0787670766916809 -0.23010154932547
0.32426465675344 -0.755556639112584 0.0439597851636916 -0.10870932200141
0.173671700423513 -0.725425581524142 -0.216608679299189 0.270259885585912
-0.21754026060943 -0.700197171516906 0.00910866441235202 0.292300017242816
-0.633232477343735 -0.32957465462828 0.204575677470887 0.0125555881354728
-0.664934343245543 0.220295104276117 0.0880986955781038 -0.0850753911531277
-0.317747561054557 0.439673943384042 -0.0720458225050975 0.0113505035362146
-0.0597208578206939 0.462795541783085 -0.0306057344459813 0.130862781466533
0.167084270674811 0.450694918317756 0.0715493872030099 0.197871133903785
0.21003471498358 0.39835276702561 0.130208762376157 0.191821959418064
0.14474196970561 0.429229050707681 0.107173066072219 0.207243823697007
-0.109937350439659 0.455511035635303 0.0674311206132199 0.229311814507999
-0.340550675881918 0.341820459695793 -0.041368962355281 0.24636453861915
-0.603953578460653 0.0801826332246323 -0.170701961844196 0.139630232268204
-0.488470024544772 -0.359360561052829 -0.160640135235411 -0.0811023387491553
-0.0325203421393603 -0.640114249742995 -0.0795454189632013 -0.0782047425006145
0.27450218095603 -0.691512853573453 -0.0907634195503397 0.134534737555346
0.104691785628312 -0.591481626676451 -0.344042909686236 0.500073917246775
-0.203631539211038 -0.550613107647859 0.00389131810655877 0.465430173206269
-0.502411718315632 -0.242690315169409 0.188687777009171 0.0738033874686458
-0.497079321104112 0.174816007367229 0.0395406222068542 -0.0347343986772046
-0.238450707526583 0.323523968575962 -0.122921291565449 0.10668547705939
-0.0573455829870133 0.346769195904124 -0.0385870052270399 0.275398275647959
0.111739646831622 0.347775072819826 0.10981397346517 0.342654157687991
0.140439597942934 0.305492320280298 0.17779986830157 0.329757763151902
0.0835038668320266 0.320927227815725 0.134660553934657 0.336850725540111
-0.106468143451038 0.31756342248799 0.0421367330006605 0.337811980347157
-0.257419799137327 0.20788184946925 -0.100425170436688 0.297785621482778
-0.392131633498391 0.0225210006938149 -0.190334985027393 0.139859302811241
-0.30558652624818 -0.243124280219259 -0.146757168073886 -0.0379221667855907
-0.0173681238620345 -0.436840822201156 -0.0599778480737742 0.0383506487101007
0.184142059874402 -0.523544322437802 -0.185327180268725 0.331683281859001
0.0162353671001707 -0.357430585567873 -0.446503633048902 0.661655178535658
-0.154819666524582 -0.300767042206407 -0.0213412024059617 0.589608323043042
-0.282748424055797 -0.107460644370879 0.155403432251364 0.14172912685211
-0.23831983314086 0.102007160625836 0.00522023507944111 0.0185305518336216
-0.119412032487938 0.147696481218791 -0.146940788139679 0.172065008909341
-0.0463039411663613 0.168526723310758 -0.0420521288122847 0.368086643285805
0.0353771264794559 0.188040642212065 0.131121883931082 0.434183062049076
0.0480492195563943 0.165939956131836 0.201331493021758 0.418498696889575
0.0131292046830194 0.171261053926842 0.140317857663942 0.414076446004841
-0.0843811212136166 0.148121106471259 0.00744912033637956 0.38933895965214
-0.143154039644786 0.0686133658049024 -0.146072388973697 0.298032566634706
-0.155927834959641 -0.0199203926586958 -0.189128818506808 0.113287594813832
-0.116568770675829 -0.103026209254416 -0.124793678082463 -0.00963068259891278
-0.0168410111179374 -0.199955452252832 -0.0314650077167308 0.10953391345891
0.0679807033221121 -0.296269265711716 -0.229119180168442 0.458709752329385
0.0566948645209118 0.0194725675526903 0.285628142786269 -0.543501558219135
0.047610419804591 -0.0297093015814617 -0.00446537195986936 -0.266013285815345
-0.0273272809605766 -0.0524643479412951 0.0751886734990306 0.0176645175951088
-0.0733907196934508 0.0168888795596375 0.180306432227643 -0.0322619645976381
-0.00948095025779153 0.0612359513772467 0.241375561842556 -0.214299544004239
0.0385892077568154 0.0468315131593376 0.120993132146853 -0.409896550988782
0.057534807342399 0.0177720850016249 -0.0581565923006056 -0.476168141569551
0.0503901396397613 0.010918483831389 -0.13041669398137 -0.494414444876526
0.0456175424034324 0.00971335586447233 -0.0819980792905925 -0.491297604702187
0.0252439248261745 0.0188312773426306 0.0620979730798358 -0.404809251196609
-0.000198254014518335 0.0267458487284985 0.155141795188481 -0.228865369700177
-0.0369324186107629 -0.0140285100044606 0.0375457927614134 -0.100170577856167
0.0355600654664256 -0.0507481863726113 -0.0479644468553513 -0.224374536312021
0.090584578236566 0.047711781075575 0.14851390688938 -0.541999303770367
0.0328221679203354 0.112215641004778 0.67948630364823 -0.627909548525929
0.185277412571657 -0.216162149660681 0.281001414924863 -0.513516409107164
0.0634688667443359 -0.251482147097237 0.0026336033123073 -0.261034109116578
-0.162935275917038 -0.204396511313264 0.0818055530376835 -0.0168063846425239
-0.283394433564323 0.0129155696489841 0.162128476066474 -0.0490514788422065
-0.156154740393245 0.166945937661789 0.206864186281305 -0.191748234602839
-0.0248520474034032 0.205450973227034 0.105832373831695 -0.367202147607823
0.0893424708439725 0.202056052128687 -0.044931113518874 -0.420284598084616
0.110478280770298 0.196728862905666 -0.0968207230297536 -0.442396237760772
0.0865008007840307 0.217109447509062 -0.0598124749754071 -0.442419288139885
-0.0478845332605072 0.23024495894091 0.0841885001922431 -0.363406716982362
-0.179216103090736 0.168560357538599 0.164424121276821 -0.186858873781743
-0.329585654316063 -0.0118538998710661 0.0283197189808774 -0.0829539465628704
-0.17044615124631 -0.265294837656888 -0.0549963922974717 -0.251531445855089
0.121507287917518 -0.271492656964043 0.118527711102194 -0.543399129669783
0.230180130733861 -0.197622504731644 0.595004382761745 -0.610493088127181
0.28643344633033 -0.436191523889449 0.212206324906708 -0.415535169256116
0.0522291966923169 -0.463635291106629 -0.00154330182972632 -0.206899244826023
-0.307852317812329 -0.334903760536004 0.102716378701265 -0.0400895020222085
-0.480939710431571 0.0230446625123037 0.151616172900771 -0.0746175254684244
-0.287429946818681 0.26874728269606 0.15380039925103 -0.169202653388831
-0.0829834211873038 0.345485688750153 0.0738796615185602 -0.290706453586795
0.111678092179713 0.361459550425204 -0.026252202071571 -0.307426345171243
0.155726979944985 0.353207791496634 -0.0490654658717894 -0.323244508659159
0.112154097894352 0.39088922676984 -0.0265455309552426 -0.32130627644109
-0.116494042821025 0.405658312964149 0.0907247508363471 -0.257099657092771
-0.33708557446273 0.287766043031739 0.140483824737666 -0.102834971986205
-0.585304510305584 -0.00828858878179675 -0.00706455846056504 -0.0454420856728065
-0.358946628120603 -0.446306100952949 -0.0801525959465118 -0.251789294631935
0.135365344386662 -0.554993968163509 0.0625453080883057 -0.487967034007312
0.392949383618241 -0.475611293845004 0.441536972323341 -0.497635485195717
0.345796017252276 -0.611339353570818 0.0890075190260268 -0.252680090539946
0.00612618086241536 -0.648494488011264 -0.0120172685170584 -0.0926549524847821
-0.461304801196095 -0.434026495879088 0.134804793686669 -0.0453521644733509
-0.650901506569882 0.0597968742683133 0.13707560260344 -0.0981992389833782
-0.385881987887739 0.361922122000438 0.0810580492339838 -0.130401633985876
-0.124570233561063 0.453231130111526 0.029309029303298 -0.175090067908959
0.121647340202107 0.474279180543268 -0.0059146596411762 -0.145834506020893
0.176867653299082 0.456080290388628 0.00678880600211797 -0.155071477180729
0.118453981403009 0.49897195537528 0.0123432115706825 -0.148433860533653
-0.170794594614027 0.513827499133191 0.0830420253323077 -0.0997288606056762
-0.447316994825212 0.361287255234529 0.087770303040198 0.0124151174491531
-0.752303282334876 -0.000242348233002423 -0.0594231806837514 0.008288908399468
-0.49367039692164 -0.555056254896926 -0.11106093934508 -0.218237229029432
0.126967669014776 -0.742249646829241 0.00187505258314086 -0.371558697974929
0.485954958654936 -0.666091901157727 0.242482885393678 -0.306083822015622
0.353803693173801 -0.708669087961381 -0.0738255125906543 -0.0334557828310943
-0.0522269438171183 -0.759571893888678 -0.0235502162793698 0.0805890823527865
-0.573702871563093 -0.476706769435442 0.16384678787406 -0.0253142654006574
-0.744526003656325 0.100923448952083 0.106814598127598 -0.10376237327453
-0.427944652313355 0.419313990381089 -0.00620858316352867 -0.0620560416603546
-0.145384308107378 0.502695440399638 -0.0168478973659266 -0.0230633035419856
0.117663204820895 0.520627638681037 0.0169329572716958 0.0439342456263385
0.173777712572703 0.489506054680396 0.0611748994685601 0.0359792313389602
0.104042576925392 0.523316636848084 0.0484917771645466 0.0472496571742424
-0.197245756742783 0.531177127907536 0.0618547316307204 0.0781371080283301
-0.477419746477167 0.363579285121481 0.0141383492348441 0.137975347630321
-0.773561774927247 0.000645409997479144 -0.11877910801024 0.0651138918392115
-0.522184470810123 -0.561632187365677 -0.138290083092139 -0.160038337037336
0.109794967438959 -0.784030507235104 -0.0472774375178381 -0.216738843299427
0.498025502335836 -0.736062724864939 0.034097696588146 -0.0719650125783765
0.310176490192899 -0.697455302798342 -0.252540217007035 0.210581422967513
-0.0955159468455427 -0.74714753464281 -0.0424013945208538 0.282630230343454
-0.580936137285059 -0.445397838789798 0.172405842433598 0.0216291835852727
-0.706803937494868 0.118862966515574 0.0605823955335799 -0.0808619186556921
-0.400811555050518 0.397148782576635 -0.0908797836806268 0.0268033616830132
-0.141563956267006 0.470916414225688 -0.0581175007641812 0.142849968157582
0.0945884153387093 0.486259091848097 0.0400042273538025 0.231049563934253
0.142066289230621 0.449628041088146 0.106600094277488 0.221998660183626
0.0702974141871901 0.468173263005121 0.0746953300450191 0.230794043125662
-0.195944696373107 0.454270803576094 0.0298230546656243 0.239148853133375
-0.425147506226019 0.288433000319857 -0.065149654394582 0.237739647882758
-0.64538943057126 -0.0176944485707257 -0.168725473447719 0.103522511786309
-0.432553625558912 -0.470133577820246 -0.149159102791233 -0.101326518776248
0.0907639391503666 -0.671762557090657 -0.0728517013943563 -0.0650621606794583
0.433092521455844 -0.678654295454944 -0.146108720737415 0.154773074450843
0.216816000461553 -0.570221794668476 -0.425492532568523 0.431822122118842
-0.10530880488779 -0.593665887509608 -0.0767012339767377 0.46630749847071
-0.46425835082749 -0.334610319786534 0.154098813931943 0.0888731087728364
-0.529386854606976 0.102021153786797 0.0137498663924776 -0.0342827883457002
-0.298794430988803 0.293573004768971 -0.155152260897673 0.111086695914992
-0.117805117437115 0.352545624116941 -0.0886777430464832 0.288618632236051
0.0563994830774243 0.375058265409808 0.0573875778080249 0.386538069040866
0.08808540885933 0.341352625201209 0.134317693765012 0.373131556551892
0.0285432328741933 0.344697055102848 0.085279061096718 0.372619817177437
-0.166687605785674 0.311459503887883 -0.0114254676524567 0.351152109638675
-0.310317405351546 0.167935836226405 -0.138365981503395 0.28663616091885
-0.414013511318467 -0.0416251466131665 -0.199189272609049 0.107880302664445
-0.267081948423034 -0.312553185691512 -0.144366379202985 -0.0561126384531631
0.0660388856691362 -0.4555094285852 -0.0718292319326763 0.0477890840604443
0.301902774377107 -0.514678948664886 -0.271907964880863 0.335578009828484
0.087089536814797 -0.344948240770039 -0.563665753379449 0.586502782719485
-0.0974277982874216 -0.330119028642767 -0.12076780040503 0.600976752508335
-0.265256467011988 -0.15825732260261 0.123150476258419 0.162921261400586
-0.256108213792915 0.068259373935719 -0.0131710301327322 0.0179858436734352
-0.144942656711339 0.134177418451104 -0.184716787490151 0.164286468241978
-0.0745912120495836 0.171091457378658 -0.105515842047235 0.381041334875031
0.00631367220157193 0.198876096283233 0.0656294264239758 0.48046372066722
0.0212343407552056 0.1809109290954 0.141244157248043 0.469761133732796
-0.0157784111366984 0.177311792427849 0.0810128794427219 0.455708068283569
-0.113392560219048 0.140020044559931 -0.0538520851295823 0.404624599308932
-0.162839412569687 0.045830447523887 -0.190874972004912 0.283736317140674
-0.160050244448669 -0.0448909754172182 -0.206116508242318 0.0855590281477693
-0.0995978254329628 -0.128783298971699 -0.127994915849575 -0.0264725116697824
0.019130247197111 -0.207827118283943 -0.0532594626364749 0.115176779789245
0.130514855902209 -0.295321414008348 -0.328232863356994 0.451571957534064
0.0601243051565627 0.0168000050631285 0.238774143085695 -0.57140658662632
0.0494423041577187 -0.0348717213734937 -0.0243428731523239 -0.267124677946553
-0.0312145936852021 -0.0530650060019383 0.0789075676694434 0.0102256763317582
-0.0739647544929609 0.0213380196762409 0.176646772453647 -0.0471037613028927
-0.00504203500815042 0.0617762620790408 0.223017871580619 -0.235307600421693
0.0425134080122454 0.0432059298867127 0.0880279029933882 -0.421993504773702
0.0595806427661708 0.0142195332789436 -0.0969115941578276 -0.471705442696274
0.0509416215782052 0.00767625216830693 -0.173870732877129 -0.484851790514717
0.045344390958678 0.00682189588021431 -0.124539673415275 -0.486615017255266
0.0253057691771634 0.0176668737475743 0.0308301330627278 -0.411176677152435
0.000285545356050899 0.0255090589044047 0.137972767362127 -0.239049874858736
-0.0390476742869462 -0.012018516213297 0.0279359034441208 -0.102195971297693
0.030564888703 -0.0544700659062656 -0.066504808356995 -0.221294554572007
0.0956118395196502 0.0403009254354546 0.107026812978023 -0.55584696013413
0.042798359511482 0.11048894662808 0.628883900669127 -0.68762872539292
0.169516839607653 -0.228081458534936 0.238037241847003 -0.541281898977668
0.0472969153115099 -0.257449667029984 -0.0167555646587679 -0.263430695179946
-0.179129346569828 -0.191537527345227 0.0820319984140786 -0.0260449640985027
-0.283571172959563 0.0363778962339911 0.156428106917499 -0.0630420338081806
-0.143409045091426 0.181128357556741 0.190890430406367 -0.210536398493454
-0.00713885714035391 0.207970260626811 0.0769464591663354 -0.377222284251706
0.107006277349501 0.195943138150405 -0.077026934571317 -0.418768494392453
0.126943094148745 0.187827305708604 -0.13609514465339 -0.435617302358329
0.103980237540814 0.211488092030571 -0.0953850081284295 -0.440061589717545
-0.0301866824653934 0.235757110531698 0.0554708787900378 -0.372156481591859
-0.167864665365746 0.182767196907324 0.150340915664522 -0.199451660601089
-0.333351237025916 0.0154744479943677 0.019286316412725 -0.0828125117423608
-0.193021394014115 -0.251281273208927 -0.0779267527352766 -0.248748871466085
0.102972338036103 -0.284300951866993 0.0744694619842561 -0.555881848019347
0.214813261891053 -0.214692314640638 0.548996325861392 -0.663225411693541
0.252636541659734 -0.454664336759151 0.176770491141823 -0.438247057252633
0.0186241108516476 -0.469020944889178 -0.0171290225070541 -0.209638853099737
-0.334004334711294 -0.308392571417046 0.100298048713485 -0.0515373604010284
-0.479348180834414 0.0668724285667623 0.143707141374872 -0.0890528792383052
-0.266068284564094 0.294216020248052 0.140168016654002 -0.183299223560939
-0.0535867324425042 0.35380797621348 0.0501011482150595 -0.296750936426413
0.141615715907553 0.35303246124519 -0.0498379660543184 -0.308028098685006
0.185951237026278 0.339165524781245 -0.0775054446579812 -0.321670295240798
0.144707436562592 0.382822781877538 -0.0506368046146714 -0.320868391472966
-0.0848083440206035 0.418339826460801 0.0707299848705928 -0.266294444359639
-0.316360263995593 0.315747020421391 0.133331464769847 -0.114785866612687
-0.5886558837993 0.0428857348527339 -0.012304041483584 -0.0413547805659791
-0.394655967945446 -0.416467267076601 -0.106936175220181 -0.247752279547162
0.0944483150514515 -0.571203474843865 0.0224004589122734 -0.493845479107367
0.353357374071326 -0.505068337140312 0.402339030825312 -0.536221299437005
0.296568464655334 -0.637372407384691 0.066666834070884 -0.265439976172207
-0.0456047610485886 -0.650151616604948 -0.0185062327291374 -0.0929091096380149
-0.496439179194654 -0.393123364118176 0.13172605299127 -0.0596220305699854
-0.645579925128669 0.11904416103781 0.128426314753577 -0.113616236967968
-0.355974331750376 0.398889245113416 0.0707066621741311 -0.138519854208588
-0.0853974939987229 0.465547555717813 0.0145605447071917 -0.177095660726871
0.161899987615429 0.464452820707672 -0.0152452183045964 -0.149655173036893
0.21663995865165 0.440030954373794 -0.00642143859113073 -0.157589347017637
0.16046949612162 0.489849796708259 0.00218194383918261 -0.149664868918365
-0.128499743299316 0.532454199946652 0.075503164441344 -0.10822185702427
-0.419338494384873 0.399568825384187 0.090509609006365 0.00508849965130635
-0.75448796190233 0.0642908367523037 -0.060821684313832 0.0180764956641953
-0.538878256936155 -0.513340710893103 -0.136797339815046 -0.211761654916352
0.0699577809026322 -0.756970470637275 -0.031083642627386 -0.372928017586042
0.431475191092837 -0.704781834900191 0.219439770034961 -0.325663147154532
0.297240731713373 -0.7365112135565 -0.0773356154575013 -0.0311639756195593
-0.114327100651078 -0.758023553090146 -0.0163050286474337 0.0812869512709152
-0.612782140389126 -0.427170190521908 0.162139698965059 -0.0422575324321356
-0.735876781967852 0.171472061192547 0.0978439422881015 -0.117508446907765
-0.394175466607532 0.45885962520974 -0.0099959953989808 -0.0637396384904279
-0.100418641265855 0.517490261800267 -0.0203761152776455 -0.0210740647982447
0.160833021262898 0.511438255775284 0.024096496499716 0.0380225497498235
0.215732932707688 0.473187959703225 0.0653770006767146 0.0298136735989711
0.149237533230156 0.515948593070873 0.0559950754260946 0.0436450217631148
-0.155433800320197 0.550049230927278 0.0692139618585081 0.0730548220695476
-0.449253689409077 0.404171570641933 0.0276981895408355 0.136308495799757
-0.775196514247615 0.0668321471511414 -0.116160929360848 0.0804055723577062
-0.567125691105487 -0.515871754285197 -0.158697974015967 -0.152277446319226
0.0492377688023627 -0.796889406407295 -0.0692762539141687 -0.212839426095709
0.438860177179444 -0.774479310265575 0.0308622158617163 -0.0727656921724942
0.254352227450152 -0.724202693859621 -0.235964602413692 0.22869045246504
-0.157611812680709 -0.74113198759056 -0.0182104962858923 0.286153457480366
-0.619187227324207 -0.395152585162928 0.174946086661553 0.00411396028239799
-0.698069483073589 0.184519704047305 0.0549864866701962 -0.0903650433349122
-0.367186603092034 0.435205585758461 -0.0883436623115067 0.0324780468535842
-0.101802918674445 0.486361994695847 -0.048602267643528 0.148605382433489
0.13649590713783 0.478792542674483 0.0627975200516316 0.225096871526145
0.181527172295144 0.435094105032516 0.127074495323812 0.211739330598265
0.110468150891019 0.461562875867558 0.0976345584065619 0.226024915620592
-0.159268760646805 0.472422093196562 0.0494958107930778 0.237051589906497
-0.402793202759623 0.325609641158138 -0.044221452016113 0.242954779925736
-0.646147132762881 0.0360741201901901 -0.163992305942666 0.121791922478181
-0.467328216356237 -0.433042730127665 -0.165370174149431 -0.0910251019771555
0.0400483734277797 -0.681641914297475 -0.0826232491812045 -0.0597499815863576
0.376531091149287 -0.708469873177712 -0.130220591813195 0.169830814109977
0.172022467855235 -0.588165211374042 -0.390422354988276 0.465507468826657
-0.155477332829647 -0.588264995800877 -0.0383109773577088 0.474702336995087
-0.49456401302932 -0.293495027380898 0.16299102980057 0.0737507576082724
-0.521696999818104 0.150883916747089 0.0127952880192043 -0.0396318617972649
-0.27422478128065 0.32187235792241 -0.145624787805138 0.122266128132143
-0.087020202710344 0.364818288907358 -0.067710777659183 0.297840534903009
0.0876140563573885 0.369656125111021 0.0914797901416589 0.37883294139766
0.118808290569683 0.331148560052721 0.168193158678132 0.362392181486124
0.0581113773819497 0.341386857993274 0.118756104786802 0.367989162087656
-0.141610217149439 0.326380931820008 0.0171617627845674 0.353282390208739
-0.296024607600637 0.194850903289485 -0.113608205881564 0.297354660471595
-0.415832109097364 -0.005513784335083 -0.193000730670809 0.127643019169905
-0.289915242816919 -0.287720355099091 -0.155006206633053 -0.0453258001121264
0.0317397976459898 -0.461246071904269 -0.0732812015612053 0.0535631167723883
0.259011498382367 -0.536687877807997 -0.242102869995554 0.362337116454718
0.0593786909264675 -0.354892529898588 -0.515193983367194 0.635655352753001
-0.127299501628665 -0.325028107614803 -0.0725212588484993 0.615283627658525
-0.28071410178226 -0.134629857773405 0.137432813811407 0.152163926506614
-0.24900164075194 0.0943209521061206 -0.0102869667317408 0.0165121186368991
-0.13413517918325 0.148782902847553 -0.172343660922669 0.177865002769546
-0.0601021318839317 0.178958387684708 -0.0758662965240897 0.3910096693783
0.0229912372360402 0.197301801385011 0.106273549740597 0.474153541786665
0.0382723248422566 0.175972692837324 0.185737864543765 0.459127977759753
0.000212290969316957 0.176668625558555 0.119550279416117 0.452579413547723
-0.100511907562035 0.148945930445976 -0.0207404420136487 0.409980146364601
-0.157168935524296 0.0598656487342554 -0.166722389532329 0.299991942930404
-0.161512703589341 -0.0300156279003677 -0.200365315008795 0.104684009813563
-0.108496427998775 -0.117699638226919 -0.134029568411619 -0.0150563352705395
0.00299463718713559 -0.207193634997314 -0.0480062727559246 0.118408020725347
0.105863206727303 -0.304314775983699 -0.289877422354951 0.483150240970101
0.0610839499700709 0.0144043350737274 0.193517105932544 -0.569691564731799
0.04919241468218 -0.0384369012329061 -0.0377852807858699 -0.257265690967113
-0.0328109798895535 -0.0517511265724244 0.0787010123644193 0.00288148793150332
-0.0720439299391216 0.0238153402095749 0.166263209352249 -0.0563248515036546
-0.00239500329264828 0.0607356088925014 0.200166585988733 -0.242955137607827
0.0437328492128728 0.0387694587444128 0.0588629975269344 -0.414031300151355
0.0587778848880866 0.0107085484422693 -0.122042840995711 -0.449718618914234
0.0495175928611433 0.00567682031534866 -0.199108236208497 -0.457993649736479
0.0433220944881297 0.00510879753891432 -0.150084638317676 -0.463007261151931
0.0246269044020851 0.0164914807537436 0.00691758282214014 -0.400810910530139
9.76099900913165E-06 0.0240999581014973 0.119394900175742 -0.237239093364582
-0.0386584125668782 -0.0102216146601386 0.0191745719940592 -0.0987964049592991
0.0258763570054057 -0.0539600411555712 -0.0773928229845128 -0.210396272979784
0.0956450790893711 0.033208909243338 0.0713029668110196 -0.546528393702315
0.0479437870159345 0.105317574684185 0.566001900742354 -0.701701774056654
0.151888012425073 -0.22734796231293 0.193395519869682 -0.540548289188431
0.0336423351521313 -0.251938557455289 -0.0303970009973101 -0.254309592465628
-0.182280514122341 -0.174249904521138 0.078428515172483 -0.0323057517368864
-0.271833412751327 0.0529080158119691 0.14535281659406 -0.0713569580820601
-0.128257493150989 0.184572591165111 0.170588246575751 -0.216006021065178
0.00680568884920053 0.201209991387067 0.0502644100143748 -0.369343393761784
0.115749242085377 0.182946291024058 -0.0992334313642032 -0.401354447956589
0.1347406084504 0.173148642131753 -0.160339836959696 -0.413528319777108
0.113061514615736 0.199032561350308 -0.119580442116563 -0.419770616652846
-0.015448833997737 0.231981338372363 0.0327060965084522 -0.364799808161592
-0.152633439992066 0.187151742379342 0.133822872909895 -0.200884810063064
-0.321908136845877 0.0355160595106152 0.0121653732119008 -0.0787868996309055
-0.201214607974886 -0.230744469399284 -0.092715220151106 -0.23628872722799
0.0846138629812741 -0.282819874140687 0.0388573061195024 -0.542408892527001
0.194973946361883 -0.218089565501551 0.489495458961162 -0.673888543306794
0.218283692670412 -0.449752836380078 0.140750995068869 -0.437478728023035
-0.00735254403396408 -0.454174360526004 -0.0270376547277803 -0.202565536242038
-0.338218013031235 -0.276368890129291 0.0937712524038685 -0.0585002797834183
-0.45717204202895 0.0956686755420162 0.131296190144269 -0.096450084065716
-0.237869952113071 0.303073406163977 0.124277193588029 -0.186581132420056
-0.0286685791454954 0.345565531959145 0.0295747873476385 -0.290063888793539
0.158475713569003 0.332597747568463 -0.0656627531748417 -0.29723190115138
0.200765022332555 0.314208856239893 -0.096535811485443 -0.306568503113665
0.163523712425346 0.361924774679044 -0.0678442115981945 -0.308193427793461
-0.0567261693612288 0.411948313268891 0.0533384155465394 -0.263063510407769
-0.288573011322201 0.324369089842873 0.123448734118342 -0.119242137462174
-0.568286587014512 0.0780124242553663 -0.0162816153362727 -0.0358180936278191
-0.404560904390161 -0.378023740826843 -0.122008592136977 -0.233924409141993
0.0597160291074837 -0.557931159888839 -0.00902600833165114 -0.479859295100623
0.311785363920247 -0.504105876810666 0.356313906818481 -0.541423118638387
0.250103138821525 -0.629659922024854 0.0458556874927365 -0.264126099748645
-0.0789507878328815 -0.625103963703867 -0.0225463398507187 -0.0913932514732452
-0.5012081764791 -0.346124639869758 0.122419877115088 -0.0688067406750216
-0.612772310038439 0.160149956211739 0.114335784308485 -0.12010402114776
-0.317881175790709 0.409381022568302 0.0596233359106923 -0.139320324062848
-0.0523393163385344 0.454453218778497 0.00241180529607626 -0.172295873599606
0.185206305383351 0.43871521744691 -0.0226179424358805 -0.147461463145451
0.237809743219935 0.406920261800103 -0.0168150207684126 -0.153278488150341
0.184938600111432 0.463775265938068 -0.00512736824672464 -0.145497176279776
-0.0921428249730659 0.524091528351483 0.0659816446165833 -0.109359450642927
-0.38072839192583 0.411823779085103 0.0886803389713363 -0.00200960452132767
-0.724296986581239 0.110251052131127 -0.0597513474811479 0.0254402650415274
-0.547410541174201 -0.460742939195778 -0.15184721002175 -0.198384460387081
0.0266460107517267 -0.738870300284597 -0.0535665263626592 -0.356795159027095
0.375275866848145 -0.700029752242651 0.195540519689263 -0.32655929803313
0.244228657660902 -0.723934715963954 -0.0781760451075172 -0.0289498989880777
-0.155436411755761 -0.724658730060055 -0.00987793239813024 0.0774674936491273
-0.615389254454522 -0.370238685875337 0.152692346506309 -0.0534432417152112
-0.697327371581886 0.215147315807846 0.0865226277964562 -0.123008599502741
-0.350082742499704 0.470146388540124 -0.0136333503516237 -0.0633051959649139
-0.0650544635129852 0.505985886586529 -0.0220947053522193 -0.0187627554963712
0.186222776054521 0.482495798759095 0.0271683538969769 0.0309776604545717
0.237631238285398 0.439997190005764 0.0650745669896348 0.0232846885978413
0.175472564555663 0.488997057303747 0.0590354617951371 0.0377730393218995
-0.116226915965747 0.541734606046355 0.0712247795470408 0.0663297452092023
-0.409939515151474 0.419031979840106 0.0365895455417381 0.128369475012402
-0.744192857337027 0.113563293955365 -0.109917172216952 0.0889146388140229
-0.574999768783346 -0.46209572302748 -0.171071635197695 -0.138062650639285
0.00514659436936658 -0.775988525719711 -0.0826278283348298 -0.20075807796432
0.37730681349182 -0.768506207185023 0.0287031432720026 -0.0709795775833135
0.203110517563627 -0.711777225759026 -0.213920510669897 0.232730318743563
-0.196626408124253 -0.708247415785639 -0.000626133051516212 0.276696083595606
-0.621831646920594 -0.338831032388307 0.168472487095974 -0.00890954868588936
-0.659626664964235 0.227429525132435 0.0473058076735098 -0.0945421652129035
-0.32743902480879 0.446253480933945 -0.0825834724793775 0.0345482055181404
-0.0661276103525884 0.47679831507605 -0.0390265580515533 0.146992423458304
0.161621879544096 0.453196327625679 0.0752066749033036 0.209151658674718
0.203211922598908 0.404449641411843 0.136127303884464 0.195465889304495
0.138077021127378 0.438183820013835 0.110024282280146 0.212303193937736
-0.12495180492692 0.467452566107682 0.0619578350589744 0.22672789699858
-0.368062664323299 0.339763972214522 -0.0269139301746506 0.235560440366399
-0.620324205112823 0.0778764082613722 -0.152278987116925 0.132672545590053
-0.473914116382633 -0.387772417730384 -0.172818936904214 -0.0778868964244255
0.0022900641674183 -0.661505011565204 -0.0873050418697362 -0.0513900134743418
0.321212898784414 -0.700039613425588 -0.11174871730199 0.174528783110889
0.132049807240094 -0.579544584467131 -0.346812237946422 0.471914121152646
-0.186915051688765 -0.560177031017427 -0.00806095856583438 0.461820857923043
-0.494868406758914 -0.249318858684955 0.16129812827174 0.0598251333549813
-0.491688840301533 0.183435574817633 0.0107242299086478 -0.042630079617628
-0.242969079850727 0.330621193816575 -0.13304260187799 0.125300858381014
-0.0612296421240829 0.359838689774012 -0.0482794814692234 0.291513402259688
0.108426229822506 0.350602916162995 0.112186893039745 0.357503646410364
0.13625829727876 0.307969628073579 0.185959312450086 0.339724356721416
0.0780473177661438 0.323617715033344 0.138755106076032 0.34922982792363
-0.116111890273815 0.323680456501629 0.0372158502519547 0.342367042405094
-0.272792519241077 0.207362582438342 -0.0909861312063138 0.292512844897808
-0.399099960502373 0.0223809483620441 -0.179590304167388 0.138035162931406
-0.292814955153352 -0.257551922852508 -0.158250958653235 -0.0335918269370491
0.00574026577675053 -0.446074897053435 -0.0714045934500633 0.056486851616597
0.217701550897343 -0.528995224048282 -0.208740274022937 0.367495455516022
0.0354703372133592 -0.347136790310532 -0.457815192312389 0.643981729339532
-0.145015134169534 -0.307224234027334 -0.0323636664773764 0.601192685301795
-0.281126247698783 -0.110050920559937 0.14195903556744 0.137830235223365
-0.231891561360221 0.109175813105711 -0.00740864211485988 0.0133274907080288
-0.119435502563173 0.153066403520794 -0.15608884235138 0.181515098727469
-0.0461806807572599 0.178293747729746 -0.0517212256235261 0.382754804605113
0.0348951464120331 0.188270188510131 0.132043293439307 0.450792903513793
0.0490771673438466 0.165070155859429 0.208000893716371 0.431064985098
0.0126152606915296 0.16861748774611 0.144437382278038 0.429756837203886
-0.0876734282535953 0.149602233838573 0.00400313949692387 0.398627198034744
-0.146554582815961 0.0678236958609739 -0.142862444673855 0.299137919391492
-0.155288425286029 -0.0175521047225454 -0.187473728476956 0.115907452795521
-0.109233155321798 -0.105104997521323 -0.133742814785642 -0.00507633294796831
-0.00888811999981249 -0.198685841498849 -0.0433973649385144 0.117089459835049
0.0836383090286491 -0.298311076074885 -0.247276299907369 0.486678323182615
0.0610794117674025 0.0136519629542814 0.167028958164473 -0.551857847275012
0.0487896563763678 -0.0401239350130108 -0.0404848879247881 -0.247679861400901
-0.0326081287953473 -0.0516972373052044 0.0770388833024382 -0.00135056072447152
-0.0706400510910837 0.0235345735095296 0.157017549534429 -0.0581693245102607
-0.00243384371226443 0.0585197429434248 0.184191485768487 -0.238241466013399
0.0430063342824091 0.0356544087461937 0.0451888770067579 -0.400922741865232
0.0570748176838555 0.00964237716577361 -0.128668571107867 -0.431118551640051
0.048564319701674 0.00518152424752542 -0.205432628083277 -0.434972058479462
0.0412579356529279 0.00561688690715089 -0.157658275170418 -0.442130566456096
0.0235679917834837 0.0164328308672945 -0.00223871882956464 -0.386800997468899
-0.000879597199635937 0.0226408641617413 0.110213494364735 -0.228494250154407
-0.0379593516088432 -0.00960588672965016 0.0143177643405478 -0.0938384274621308
0.0235258519353476 -0.0524190284910356 -0.079714622404615 -0.20111340189512
0.0933208565746367 0.0295727462719148 0.0568414351681559 -0.528189073080552
0.0482542920506218 0.0998179221204619 0.526501586999966 -0.687409185745225
0.142822843028491 -0.219076161114296 0.168793464103849 -0.524050388456072
0.0293978261929474 -0.244694782057059 -0.0344829000047538 -0.246022574549209
-0.177869236525048 -0.163368319166326 0.0748727955471618 -0.034591456427077
-0.259930436293657 0.05851166034718 0.136016394985114 -0.0727498198582488
-0.118350739914916 0.182116807615882 0.15727742033914 -0.212388495777084
0.0117861340514779 0.193042374084139 0.0385845347744924 -0.357059999168388
0.115636101738879 0.173706022349455 -0.103714567628539 -0.385472391475005
0.133958415068394 0.162882794532107 -0.16635733855059 -0.393832474013363
0.113965624147566 0.190185136335114 -0.125174693284272 -0.401585638764448
-0.0100488323330485 0.225372395141128 0.0233206874376787 -0.352535644885564
-0.144009795504166 0.183311979011786 0.125032648183055 -0.196016999499378
-0.309269391898887 0.0416442232807744 0.00780232506530317 -0.0729853106315363
-0.197259859339693 -0.216413411871729 -0.0973342924322098 -0.226516430456768
0.0765396426619405 -0.275144617205273 0.026395732422547 -0.523214104556401
0.182441293595405 -0.210884218944243 0.455254718094506 -0.659367001489162
0.200527568010216 -0.433277906031575 0.121940011293332 -0.425420971994761
-0.0154209630266509 -0.435463507477584 -0.030921235032482 -0.196176752412084
-0.32915814729704 -0.255925656562852 0.0873140985912083 -0.0600950722761562
-0.435012256958247 0.105778164263499 0.121472136179501 -0.0969849287558456
-0.220086808633288 0.297965871617994 0.114276991949111 -0.183512094175006
-0.0173965377579102 0.331944933952859 0.0205242029678052 -0.27994152380097
0.161507142889669 0.315559037852259 -0.0695355947336872 -0.28788433702571
0.20107604876606 0.296506020943786 -0.101846152729568 -0.293285013567959
0.166557429407655 0.344319054068961 -0.0725335537969914 -0.295581966348841
-0.0456458630025198 0.399614399596896 0.0450879999741253 -0.254419508755916
-0.270744026823901 0.319628171583843 0.116207770659006 -0.11803538069912
-0.543176603159372 0.0901786052594179 -0.0184970142487762 -0.0303397115976607
-0.395843621061097 -0.352581638207803 -0.128758383796766 -0.223392844987209
0.0473200807141225 -0.540377728176852 -0.0179104714803237 -0.460515745435753
0.288328746962319 -0.488212623826688 0.333070843805613 -0.527070536448053
0.226237738573163 -0.605140967653734 0.0351142651853026 -0.25704557368659
-0.0887216906797423 -0.599211578308172 -0.0237257218305701 -0.0895795042208058
-0.48487464314446 -0.317117701684534 0.114655546058014 -0.0704510929455328
-0.58076186517252 0.171325081639665 0.105674574455067 -0.119546703282322
-0.292287099050465 0.403696069695328 0.0545803722070532 -0.137383618275055
-0.0377106457593131 0.438294032472173 -0.00324365984238925 -0.165444000731074
0.188532891606742 0.416026052585417 -0.0248053889962259 -0.145178501266954
0.238067987307036 0.383343793756332 -0.0214815642698738 -0.147425139504738
0.190883862858959 0.440909543342511 -0.00753749388576657 -0.141449785989277
-0.0763434604658117 0.508440438658587 0.0616097045150686 -0.10726203372446
-0.357523631783652 0.4065421124859 0.0856989149483244 -0.00558212962298427
-0.693954422986788 0.125441308715263 -0.058932097503559 0.0302213829805171
-0.534662596711004 -0.429982759856257 -0.156795217429912 -0.18702278840215
0.0109695409015287 -0.712738394520059 -0.0610179862372806 -0.34104086180362
0.344788192839646 -0.675283737048317 0.180730200701584 -0.318015227037369
0.21756473142075 -0.700164503217178 -0.0758992988130985 -0.0287583104668228
-0.165499002162498 -0.691156112491606 -0.00771664875332581 0.0726708507350397
-0.596023447512883 -0.337820977857916 0.144171586299146 -0.0567530418706037
-0.659364669099718 0.230101996507827 0.0788901648479759 -0.123289981359096
-0.322303048027129 0.463238330567461 -0.0136197416349618 -0.0627046229321059
-0.0479556648202534 0.488865917305837 -0.023395508132815 -0.0173377102626624
0.192021103585213 0.458006140675962 0.0269931722770575 0.0240855894505555
0.240930733168333 0.411806296138839 0.0622122058412253 0.0195651853213627
0.181198157193437 0.464402862629521 0.0587377007402719 0.0340061289271376
-0.0979325877327868 0.527409337826294 0.0698403658697338 0.06215696958395
-0.383927300296365 0.414331828127788 0.0381882089069882 0.120536518282359
-0.712653554899558 0.128385804604047 -0.104220091926248 0.0941870931878434
-0.559518956143265 -0.431276727727517 -0.174368178859825 -0.128037234199288
-0.0114587649575827 -0.746768708443657 -0.0860431891484963 -0.189253700879325
0.345431975706057 -0.739246427551243 0.0287708637513791 -0.0671672408524747
0.178869379949345 -0.688517425694482 -0.200236613188292 0.225956850002907
-0.205064481342791 -0.674844201951244 0.00628079397791037 0.264794410133998
-0.604927997344945 -0.305736263927577 0.160699824928244 -0.0138928315577045
-0.624625872101458 0.239881797983699 0.0426489141246578 -0.0952509370509206
-0.300815424335036 0.439576152168038 -0.0776957031029397 0.0327811575376547
-0.051074852446749 0.460677060064268 -0.0354002130136675 0.14238884613801
0.166986442901576 0.430492330765484 0.0778012685379946 0.195464095338171
0.205274677686197 0.379633084668168 0.13598650807449 0.183913337389857
0.143206341230008 0.415603716277746 0.112679682959092 0.200421506787829
-0.109210254036973 0.453746597887731 0.065043635888894 0.217871680929642
-0.345285968182544 0.336573599992551 -0.019670090699646 0.225426186097658
-0.592515403654928 0.0902205650175581 -0.144245001995734 0.135987416947292
-0.459437785852791 -0.358726018729966 -0.174432044075068 -0.0700306278077667
-0.0111199049567366 -0.635575660498657 -0.0875017399897405 -0.0466231920728827
0.292550635959342 -0.675511846883648 -0.100177889865913 0.172308281114044
0.11342029766374 -0.560288097204282 -0.320590693682176 0.459885567183112
-0.195019163482878 -0.533508261909484 0.00370967116119358 0.444571028524742
-0.481947119735886 -0.224653398968208 0.156344076214684 0.0525847134841146
-0.464170261425973 0.191170869440673 0.00989547130264679 -0.0441055984678173
-0.224952753655395 0.325508188453593 -0.123841667551299 0.122124312178317
-0.0485135341780811 0.348407609293725 -0.0408559363687319 0.281815931987125
0.113844207164823 0.333689131290541 0.116682820475891 0.338708050051405
0.138795068956595 0.289238628193461 0.187937363809295 0.321682390722096
0.0839985949728187 0.307495156506256 0.143391627413652 0.331913048478665
-0.103847186518794 0.315077728295589 0.0442198878474161 0.328950001545282
-0.255802206746741 0.206160258376747 -0.0799103693202505 0.281754751501266
-0.381189103110673 0.032556047172967 -0.169282243295841 0.141307694738563
-0.284453490137673 -0.237803211508656 -0.15785437913681 -0.0276656643424813
-0.0029905121130845 -0.429973980919258 -0.0715830605149642 0.0566914372144086
0.196265541699551 -0.50803371015566 -0.187885924958838 0.359529166427885
0.0263616442070765 -0.335997471765872 -0.423050359422806 0.627325027814441
-0.148446873322974 -0.291484388201205 -0.0167827154666528 0.580099473083674
-0.272910178686373 -0.0960747722427786 0.140124595838081 0.128893190826416
-0.217728248511132 0.113308616030326 -0.00511988152268798 0.0101941775073943
-0.110634691926136 0.150721766601783 -0.144174674964918 0.1767909961092
-0.03948922201948 0.173442329608117 -0.0416048364165449 0.369394909081169
0.0388727515662232 0.178646825936841 0.139340491249959 0.429260501530362
0.0510062296379006 0.153926579873324 0.21233457000759 0.409439919843436
0.017041288842294 0.159074226499278 0.15123207604656 0.411166369225925
-0.0798395457293783 0.145615918886617 0.0134662280318918 0.384362707351182
-0.1372325523029 0.0692170130732267 -0.129567864714579 0.28998773678468
-0.147068865174806 -0.0115735513008233 -0.177027988190158 0.1189209548701
-0.106262781257107 -0.0964024445030198 -0.130929894602474 0.000370774892512226
-0.0127945031588726 -0.189725808902824 -0.0423923773789279 0.113989163464183
0.0736813025459713 -0.28677419159132 -0.224269631222192 0.475137262399092
0.0622622973980686 0.0146646162313615 0.162956656457806 -0.541385122126855
0.050777988837986 -0.0416649257830333 -0.0390504634814731 -0.243942701572729
-0.0318090939883549 -0.053828247359124 0.0772633991797403 -0.00347232194468137
-0.0713834405238317 0.0220606006083321 0.153700439309238 -0.0572237800090536
-0.00333450665757484 0.0584192400101563 0.179312503185065 -0.235427987917843
0.0421659597562022 0.0347976647565286 0.0429741333834998 -0.394732444598712
0.0566594177992529 0.0103018814706609 -0.124410095833414 -0.423192070380638
0.0479192354369291 0.00621392273579998 -0.205313870378668 -0.426514178543111
0.0403558597081184 0.00765198281982941 -0.155766202528867 -0.434615098759462
0.022495035629636 0.0172769574367188 -0.0012878872481073 -0.381535278652985
-0.00213532336075151 0.0212648461735023 0.108910352499895 -0.222895692436156
-0.0380057117766834 -0.0103920746514722 0.0123223214753512 -0.090045813292151
0.0234712256509648 -0.0513679580659178 -0.0787910554809181 -0.198016311208771
0.0928658406626772 0.0292406971680057 0.0578409078262819 -0.520068918738068
0.0470854683199616 0.099134633673324 0.5134464282817 -0.674715339170139
0.14213008967476 -0.212910425762873 0.161736769237739 -0.51383613425086
0.0318468016594748 -0.241454593835971 -0.033912780608344 -0.242978065656966
-0.173108009566392 -0.161627193913407 0.0735076427441055 -0.035832126877002
-0.254769405116411 0.0584882696040885 0.131486627199503 -0.0715406093348733
-0.115978487314166 0.180054483049911 0.153394855490083 -0.209205734172701
0.0118865309770866 0.188736056735249 0.036886199224194 -0.351368079138741
0.113751165167395 0.170783194743194 -0.103371555972299 -0.380334046008236
0.132745434741878 0.159576888463148 -0.16695593704012 -0.387156699574766
0.112013837562606 0.187952943164282 -0.124215857018087 -0.395277454066207
-0.0102819500071205 0.223548942026489 0.0230432095404428 -0.346958468124287
-0.143343490528367 0.180479336318456 0.123440614607515 -0.19153513342542
-0.304207547617691 0.0418297979019162 0.00565048192042731 -0.0692185113864591
-0.19275063046826 -0.212414788150096 -0.0994036351349064 -0.22298001235311
0.0760389496892569 -0.270817377316455 0.0272587730908265 -0.513971347416357
0.179905852202978 -0.204242711410003 0.445971464228565 -0.646319757070165
0.198656474708445 -0.42248478729068 0.11715368040387 -0.419029134370258
-0.011222828465356 -0.427704998905019 -0.0310827358214848 -0.195361759373091
-0.321103010843447 -0.249458402059049 0.0858925319994314 -0.0601128915609442
-0.424191684589207 0.105984074873927 0.117382060874298 -0.0953932204646443
-0.214320014008796 0.295082217193399 0.111353073129223 -0.18140665058442
-0.0164426710661916 0.324951910853173 0.0187079705137836 -0.275002379676198
0.159228200453887 0.309453803947547 -0.0695235640997198 -0.28551020617294
0.199221943093443 0.288620136207891 -0.102535397607854 -0.28814677521289
0.165121160499113 0.338824324422282 -0.0724780776662298 -0.291489947174041
-0.0445674970173082 0.396591503475381 0.0440587310019516 -0.250462854213098
-0.267322351206682 0.314644775026483 0.11411990743112 -0.116330608485974
-0.533735536949063 0.0881991498683277 -0.0203289297282743 -0.02577157772936
-0.386091822540621 -0.345952506498738 -0.131287620234588 -0.219515689422668
0.047623755825402 -0.533719764306867 -0.017928482823895 -0.452131443558802
0.284106380381636 -0.474488159498771 0.326186174490829 -0.517421361493975
0.222358251885636 -0.591503399980801 0.0331414462889219 -0.254151864827486
-0.0838868154858748 -0.586082011817509 -0.0236257018535091 -0.089741720190651
-0.473180379608242 -0.308423999652878 0.112205352567244 -0.0698132044406469
-0.567322011371322 0.171742533174773 0.102022386673437 -0.119284711589238
-0.284309321339414 0.398253727252501 0.0534451523320054 -0.136548406627332
-0.0360197589769643 0.430401357074076 -0.00486309153918251 -0.162336096492124
0.187121726551075 0.408213082623887 -0.0257866030380835 -0.146323074999587
0.235547048898588 0.372188066112876 -0.0228317284802625 -0.145188070932505
0.18932129919083 0.432978149511833 -0.00752724113447073 -0.139752992957178
-0.0748557873751407 0.502432574660044 0.0603825130562773 -0.105349744767412
-0.351317644144457 0.4007210983314 0.083813655998444 -0.00695695035504005
-0.6809942909023 0.125328696644901 -0.0588918021770331 0.0346254645490795
-0.520917001662346 -0.421631872566383 -0.161574700976315 -0.183676214479791
0.0140039869597807 -0.702312695536892 -0.0601793644368116 -0.334802453565946
0.340119175662435 -0.655837246995306 0.179710865334123 -0.310049599136548
0.215129742697899 -0.684653101037406 -0.0750639141751088 -0.031204334640315
-0.159442676015778 -0.678589504650378 -0.00825640786983849 0.0699412890442641
-0.583989937709077 -0.326764772172557 0.141267831418026 -0.0564355639838241
-0.641334386762265 0.229814637872407 0.0768558755034275 -0.123118909416799
-0.313132012299977 0.457138932553982 -0.012472207502366 -0.0640203955500268
-0.0452812338659295 0.480164139432984 -0.0244549370571499 -0.0174719819780491
0.190690920077129 0.447973122157651 0.0256386921515227 0.0201626461166202
0.237022607684618 0.400632453852173 0.0609582180932627 0.0181364680861178
0.181597309889703 0.455665483379733 0.0583131713164547 0.0322534071420964
-0.0968173972248422 0.519555885934875 0.0690405991190401 0.0619559365445055
-0.375641557985264 0.407147554809509 0.0366654033025111 0.116622917580635
-0.697786267515031 0.129888504287145 -0.10285246816557 0.0973166038932318
-0.546033107706509 -0.422124365347466 -0.179271937021123 -0.125126800436913
-0.00696951652687141 -0.735692600306033 -0.0860696879003326 -0.185153125697831
0.340589516139849 -0.719323541353542 0.0307115214224275 -0.0650237765020573
0.176306192976114 -0.673377010410405 -0.194887661573285 0.21809749060034
-0.200695374677145 -0.661037910073445 0.00630119813406229 0.259003911649825
-0.591316639832009 -0.297573307609328 0.158091526810083 -0.0146344811590976
-0.607791287740342 0.239560730978152 0.0421811990614698 -0.0967660690673663
-0.293501053014066 0.433892762924448 -0.0752640448445358 0.0289808082564691
-0.0478865290151981 0.453738377694535 -0.0366902365590476 0.139660168193228
0.165137480772818 0.422058001775234 0.0759746432011742 0.18803663583609
0.203769123812345 0.368031448343464 0.133615568960069 0.179742803509369
0.143207596651326 0.408192739932737 0.111525852119145 0.195790934693991
-0.106716991058151 0.448122288746335 0.064421209467455 0.215036165065211
-0.3382099330542 0.332234670689852 -0.0194734817526045 0.21947543488578
-0.580046143433098 0.0917625268765026 -0.141075377156338 0.137946793476026
-0.448196060214586 -0.351571149680766 -0.178449743667067 -0.0670915398018491
-0.0086815300639676 -0.625848563556957 -0.0887206906279702 -0.0444480273818641
0.288028854768666 -0.656270750042187 -0.095150310183418 0.170562754875298
0.111809580506958 -0.550312189960243 -0.313314009834588 0.448069555324747
-0.191139022106986 -0.523217265326131 0.00477005640244365 0.436144807847026
-0.472984096752251 -0.217601999011073 0.154113063125859 0.0510874091708887
-0.451978895171603 0.19211365121542 0.0102401302255353 -0.0469153355190519
-0.219026132177556 0.322438307652311 -0.120880117870629 0.11682488612441
-0.0469422992864236 0.343116095396287 -0.0414467861120277 0.277213851272786
0.111845189340547 0.326120049575885 0.114674290992713 0.329392933035396
0.136539936786277 0.279049024464955 0.18584100677595 0.314338285965931
0.0841343973630119 0.299056166975547 0.142804532068276 0.326246707851113
-0.101459027207628 0.310467792923793 0.044015988352334 0.324849267871661
-0.249844081754845 0.203719423681213 -0.0780421922665981 0.275769684785836
-0.371597866250757 0.0350084813774869 -0.165695448455838 0.142735095608455
-0.275946928222042 -0.232305909525652 -0.160059365728119 -0.0252136949889728
-0.00206030850772588 -0.419878553403071 -0.0729091502410193 0.0561292404922017
0.193710757013762 -0.49560083716834 -0.180927293940059 0.355395485264137
0.0252975700496384 -0.331032303951669 -0.411173755560169 0.614980010786701
-0.146571686314375 -0.286482105557033 -0.0160775827062003 0.570463576569985
-0.268374998510539 -0.0916985299386074 0.138358488947982 0.12643145763772
-0.210728080407481 0.113318360918531 -0.0035627339656678 0.00679225420166969
-0.107614645289147 0.149772145558094 -0.140709762894151 0.170865067389418
-0.0381671531602203 0.171276369901066 -0.0414367169601574 0.363174850113312
0.038425053679967 0.174757593555968 0.136410409334208 0.420941059970774
0.0499279382265716 0.148268139391854 0.210718490954702 0.402785501734692
0.0175722661239489 0.153585809525298 0.150182257324846 0.404164774403205
-0.0775866285752506 0.142560880413774 0.0138067714484438 0.379723798012558
-0.13265461786482 0.068596287800508 -0.126248856109508 0.284530607182592
-0.141932840042651 -0.00957215311405565 -0.171747761077789 0.119360790311113
-0.102747277626741 -0.0929421265037771 -0.130847059929907 0.00248980924623108
-0.0115678595724256 -0.185008373016791 -0.0451284525629558 0.111740271806632
0.0729652135912608 -0.28037775374628 -0.215776362909717 0.46953027170813
0.0563415106561346 -0.00671525823631258 -0.0763246090413624 -0.565719582845179
0.0284901221387609 -0.0572247568465558 -0.14222192458711 -0.209734382151326
-0.0531183616047496 -0.0397260228992589 0.0658505622263221 -0.0378442782117001
-0.0592707735087809 0.0479571605054164 0.113962726266401 -0.115775297005447
0.015533401805501 0.0562403086230098 0.0611140691960583 -0.291660345812976
0.0498219832254962 0.01639360364955 -0.133237329487064 -0.380665405171182
0.056926985729716 -0.0141097990068405 -0.298850078218262 -0.334688143477223
0.0488140717328571 -0.0101433074902345 -0.375390092151955 -0.298973947168275
0.0410113817137634 -0.0098653528320406 -0.334246941913265 -0.32849278178584
0.0268116014694798 0.00666751891812808 -0.168966160651545 -0.347200960650386
0.00437805630193735 0.0204935329600449 0.00381570543922907 -0.247628141059736
-0.0405074430009355 0.00510048457258071 -0.0288120285369331 -0.0876758519769325
0.000992873565570552 -0.0609479841836581 -0.15542386277506 -0.144853933033882
0.102239950570964 -0.0196966956673765 -0.167665883779611 -0.496136642935575
0.0932593548530379 0.0663123441103965 0.183193853788344 -0.835387887013617
0.0408554736215998 -0.246401504687072 -0.0720140804737288 -0.549184015349582
-0.0671039677922378 -0.230062497656691 -0.142281208206855 -0.210794397250575
-0.223542231132787 -0.0806281162959748 0.0416194542591559 -0.0605332770447249
-0.205882936567267 0.155856905572439 0.0825546620203069 -0.111008621540034
-0.0350773700125016 0.213187967175006 0.0518748362860878 -0.250634644088697
0.08717849091363 0.16961305050859 -0.117099011685019 -0.333735875814791
0.175257033653373 0.108409511801918 -0.255535176926825 -0.301876904005627
0.190463908374245 0.0976825670399042 -0.323644074773727 -0.277003011389474
0.184300888805957 0.127269166806956 -0.290212111237567 -0.30466493238944
0.0840167816891222 0.212946108317493 -0.137081262154146 -0.324321679766822
-0.0593973149333025 0.229510278657865 0.0210689222010567 -0.231224807887936
-0.26064604860561 0.167981883585913 -0.038077124797698 -0.0799590064407308
-0.269103860693314 -0.121900077698907 -0.181800033081674 -0.167391469865539
-0.0431080949693324 -0.291933319104779 -0.177684489488337 -0.48059619106705
0.0786956879253046 -0.277974298517006 0.147369467450138 -0.767630040953418
0.0123033682880832 -0.460960363328696 -0.0812202833344859 -0.449866886680855
-0.179951872577548 -0.381354298955081 -0.12481853836499 -0.167398918114251
-0.391666776960586 -0.100918530767808 0.0357170323494908 -0.0817985786897374
-0.335908116405416 0.267807609070172 0.0548122252499118 -0.119787733555929
-0.0758349930538132 0.356821936445721 0.0292395949535131 -0.201536117904402
0.118689680704692 0.306280255205977 -0.0975506454010027 -0.252605427427751
0.273593415953035 0.215873439306465 -0.179565251988301 -0.225100300956965
0.304482151155295 0.189576965980433 -0.222034682196622 -0.213944981004521
0.296572340429621 0.24475515276066 -0.198474148555422 -0.230212213367699
0.125819998006897 0.387562513016833 -0.079784707712736 -0.242706592642001
-0.117725941283106 0.40929064380051 0.0377739721345726 -0.164591553741372
-0.447790849888652 0.311847768697056 -0.0536232095653118 -0.0422350655498139
-0.506337719611224 -0.165813515184662 -0.207363562869534 -0.158077919439403
-0.184748094798648 -0.523490120468425 -0.178998103322327 -0.405684637215782
0.0546897932858369 -0.57627672569714 0.106564465535785 -0.589431494019506
-0.0294011722014667 -0.625282480998598 -0.0938864825136683 -0.269761848980239
-0.308868330808611 -0.496190776340951 -0.0778738585678959 -0.0742804275753991
-0.553679121640212 -0.0910136497520365 0.0502083666937679 -0.0952550143753753
-0.434144024629319 0.386397884743948 0.0280959973871297 -0.128457625643781
-0.0951593170400293 0.478799141628748 -0.00133328604302006 -0.132855082050655
0.145680166100914 0.409719131606435 -0.0676445556441291 -0.137017092593433
0.338362181830329 0.292768951336861 -0.0759304999113217 -0.114176744486421
0.372692322300907 0.251444910379181 -0.085941288206198 -0.118549383216498
0.357644057590829 0.32144775475614 -0.0737424154370017 -0.119470878997486
0.143573291787053 0.500670648697187 -0.00293660714687715 -0.115651498171036
-0.160328771947061 0.524776157168513 0.0524872363763994 -0.0548714751636235
-0.566632585105057 0.408767307105244 -0.0697130124635647 0.021433462054535
-0.664568039421455 -0.178382709913559 -0.218185635944354 -0.117174927005655
-0.288473794157936 -0.663739427997781 -0.159916503607513 -0.280989983361558
0.0245003650251592 -0.771622709060769 0.0695371569180316 -0.332209305498296
-0.068550552246608 -0.710930315076489 -0.103462947690906 -0.0222688430156962
-0.413839815301235 -0.552092176037838 0.00289880097517204 0.0664221194388924
-0.661231284900047 -0.0651916262995522 0.0799614045098199 -0.0905648574226297
-0.478386121680259 0.468738165697254 0.00303568592008266 -0.117183098482021
-0.0957269378305824 0.545531545693295 -0.0280359950671309 -0.0369284691478151
0.15996935225559 0.459753960762565 -0.0220654978149486 0.00494519585862
0.358965024690789 0.32943176513623 0.0438627873835961 0.0165666852114021
0.384326121305127 0.274488716391803 0.0624862948089906 -0.00494023267966158
0.358995568178809 0.345477094516949 0.0618190178748265 0.00891817271187396
0.131462195716015 0.525097547024892 0.077573243939548 0.0333074269924812
-0.179504855848343 0.543081681143221 0.0629941900858024 0.0757157727908131
-0.579730444919038 0.421475222223563 -0.0836727134725902 0.0965767009747151
-0.686325374924806 -0.168839788220379 -0.208975403270849 -0.0574609243111463
-0.323974839461019 -0.68208888292377 -0.119372322662569 -0.134453327731449
-0.00505238539953649 -0.82771790671401 0.040470566661785 -0.0439722409671249
-0.0971308235369819 -0.687480770356722 -0.109023965049312 0.257615941684512
-0.446448868612015 -0.523655714488559 0.0984944044066181 0.235138869504914
-0.656958739067804 -0.0344971182832097 0.114851688744694 -0.0582961736526869
-0.442564430585254 0.463561767963012 -0.0152684624079717 -0.080048960378878
-0.0845768297096146 0.515874268975382 -0.0444387381564426 0.0738515435661369
0.147640730500201 0.436133747612415 0.0343208833460966 0.153474462812952
0.324348709828148 0.315059829137258 0.162313553037168 0.14838905482793
0.337340301426522 0.256511519470895 0.200862429020317 0.108610235931782
0.303034536949301 0.317914146835876 0.183747233729797 0.134176895638902
0.0919140784657526 0.462542327994633 0.142933804987433 0.173856877414424
-0.174030767424878 0.456532920757363 0.0587286755561379 0.19449343476209
-0.487779223922917 0.337270538978359 -0.0938076017241635 0.156145993710825
-0.56641884826989 -0.142686920778683 -0.184303266019143 -0.000731926721409754
-0.277219883307272 -0.578552493387632 -0.0693907328949413 -0.0035872717349968
-0.0269481724179777 -0.743659841935389 0.0210153877287393 0.221304321513553
-0.104727167433798 -0.550808827169598 -0.117886807465023 0.5228997979668
-0.379463085317865 -0.404605153199855 0.178036821764568 0.39968439677024
-0.517673547465692 -0.00800369666600617 0.145219943990023 -0.000648571739341765
-0.322622748093596 0.359078208179154 -0.0193069040554185 -0.0285810881876101
-0.0620346987080802 0.38330843662021 -0.050764243098233 0.16964480257156
0.104263665335131 0.333681055106071 0.0882948604277131 0.279117730059514
0.236386566898036 0.250288382132481 0.257757177757989 0.259361335945103
0.240622841214033 0.200506100435854 0.308114347843193 0.206945950829573
0.202573501349989 0.242276452965674 0.270606312451509 0.238704458873584
0.0386615501567789 0.331010291480754 0.175952464655777 0.281356038109516
-0.145459389647893 0.298679668061329 0.0369731958924075 0.275059620053315
-0.322365742752406 0.194640257347278 -0.103294969308776 0.18044684655248
-0.35597368858296 -0.101583404207532 -0.15122862746064 0.0367267053704493
-0.183690915790469 -0.389148498125307 -0.0235493457563774 0.0831100056887726
-0.0437878891402149 -0.549666202418336 0.0124875347414265 0.420498893647179
-0.095227376566374 -0.316545029619223 -0.133397129911547 0.726829179527116
-0.242770510093184 -0.207819520453638 0.224887755948685 0.531765161133724
-0.280524686261778 0.0237272003266916 0.171932949174526 0.0668478101517229
-0.13928021146178 0.187851649568131 -0.0037842453467218 0.0153079067532756
-0.0318549619080875 0.18021762565846 -0.0504776721711694 0.221280059183458
0.0405488931129802 0.17183363608383 0.122701897952777 0.354124370941031
0.107029849980646 0.142763242826283 0.313335453435797 0.330403631142962
0.105737792920485 0.113108978909165 0.370563393482382 0.274696131636393
0.0791503297136034 0.134614885316664 0.31418330612854 0.304653946907516
-0.0103354484933906 0.165124895761427 0.176961311394924 0.342163294188544
-0.0931472173438451 0.121556693633459 0.00435728666699558 0.307899607528939
-0.132240757371029 0.0546882183945627 -0.107978532995862 0.174390008312976
-0.135867547800236 -0.0425525768551661 -0.11569676318474 0.0558778906967493
-0.0911780797454125 -0.163987047632057 0.0122534587899479 0.12194618543678
-0.0602754255338701 -0.291541814867952 0.0191030316554443 0.531135729862645
0.0599029712760922 -0.00861507473807499 -0.0958215013628097 -0.574709927354279
0.0288827793044317 -0.0624044076744938 -0.151368903666197 -0.211774359599093
-0.0573362420770297 -0.0418637640030495 0.066969803784478 -0.0431272087662023
-0.0620691678432104 0.0511153513691882 0.113368221360431 -0.122389406734142
0.0173536934163397 0.0583725209888188 0.0532306229349654 -0.30199330673403
0.051069278289246 0.0151711675424239 -0.148434418899853 -0.387858374166376
0.058890391831305 -0.0155697095798697 -0.315154180138561 -0.337984112020212
0.0511282505599604 -0.0112113861323908 -0.394901054560642 -0.295349702489483
0.0428315155138026 -0.00905564659586924 -0.352049165243849 -0.326999743602054
0.0274797586192551 0.00722951264214196 -0.18348480375149 -0.351855165617339
0.00339860142242745 0.0218039941428487 0.000484810871998514 -0.253409731524139
-0.0433659499789993 0.00554103254169765 -0.0325488076459894 -0.0853262212056955
0.000314501483402365 -0.063626849110785 -0.164614453197358 -0.143899718002994
0.105268467251709 -0.0226168705929171 -0.183309649662284 -0.509331188568525
0.0976266902087971 0.0672895567684292 0.163396574345291 -0.859967058496656
0.0377810794683195 -0.252838550222042 -0.091253291538881 -0.560302867796033
-0.0727449177024686 -0.236162117450697 -0.152420586557797 -0.213043052135202
-0.230720092301144 -0.0775492962712546 0.0417105621583488 -0.0653770989599797
-0.207200952254928 0.1648337659993 0.081313546450679 -0.117079947286533
-0.029256974464432 0.219730989553016 0.0454589237232984 -0.260220967997176
0.0931790613957186 0.172304088446308 -0.130972957723963 -0.33984876613143
0.183553197167173 0.107028931096191 -0.271476801599054 -0.303359083534743
0.198667558169647 0.0946801626739407 -0.341160104779763 -0.27453842425634
0.194063153775504 0.126666199545408 -0.307615731790641 -0.304104990730062
0.0928971526611266 0.21866912323984 -0.149053790873159 -0.32916827421128
-0.0566909018561321 0.2383188613354 0.0163697103696073 -0.237439541480706
-0.26362649966073 0.18033771387013 -0.0410576239237689 -0.077444403017138
-0.277730748761891 -0.119765681824942 -0.194133994959097 -0.165181023176711
-0.0507979479248797 -0.29950592173661 -0.193516034884324 -0.491617162118673
0.0765236981382757 -0.283528415964544 0.131479492345672 -0.790348379869572
0.0015156969238907 -0.470681682201904 -0.0959750870777748 -0.459720272896859
-0.192430373182354 -0.387961854758064 -0.132540584208639 -0.169077263187473
-0.402110987485949 -0.0931357463543151 0.0356740116708554 -0.0867347000385423
-0.334395277955735 0.283943078625072 0.051602547252942 -0.12552374250766
-0.0659898896918867 0.369126994853299 0.0240514362236724 -0.211260281666111
0.129606157657265 0.311632473748158 -0.107496717766785 -0.256186886865505
0.287740973231828 0.214188403691715 -0.192396200665384 -0.227216473761762
0.316758587912504 0.18542326256071 -0.235292832927456 -0.212477715347759
0.313217624338015 0.24278362035242 -0.211463748202043 -0.230424588221459
0.140948885010219 0.397636094167781 -0.0876078982928245 -0.246816841186911
-0.111113594689106 0.424090016397069 0.0338130896116279 -0.16915921174845
-0.451903100839444 0.334929959455537 -0.0548450432909636 -0.0381280744954217
-0.522363424130584 -0.160060071008124 -0.221024204339451 -0.153288526149953
-0.201704856378983 -0.534123375462263 -0.192524910230631 -0.413313460744835
0.0454014901149757 -0.588247929661659 0.0960335393308264 -0.60743714654521
-0.0437105042826639 -0.63763817050728 -0.104534570978691 -0.27645800000664
-0.326184592008877 -0.502029511283898 -0.0825196211076186 -0.0752576402227833
-0.565210423931562 -0.0779890181493037 0.0504589692129991 -0.101121464636244
-0.430140224254027 0.407023404472033 0.0250092177977559 -0.13423568420414
-0.0820429583934235 0.495178536311044 -0.00563974339282344 -0.140438997926939
0.161355490679953 0.418167683313998 -0.0746803990032697 -0.137299833794279
0.356065774953926 0.29112995242921 -0.084043059565765 -0.116583041673845
0.387142125701787 0.24523052466394 -0.0925593224543256 -0.118901729115428
0.378660752301409 0.318838205927777 -0.0798979988122212 -0.120879845806291
0.162651961806931 0.511696250132007 -0.00507059763745145 -0.118371604710653
-0.150277191639837 0.545091015977789 0.050877925848066 -0.0582285095211414
-0.569525960715822 0.437785770197659 -0.0689085517645298 0.0281390183380937
-0.684518676037379 -0.169513979386627 -0.232274263518103 -0.109342341653481
-0.311831231289177 -0.675506110211575 -0.171545831365398 -0.28567081789009
0.0104172790147152 -0.78683135086272 0.0649778075813871 -0.342536131959969
-0.0882118331034879 -0.722591680678084 -0.107118572703147 -0.0243499495478451
-0.435616617794226 -0.555605241094196 0.00397097711590958 0.0672007464243373
-0.674584183477174 -0.0480584692823035 0.0812361823140439 -0.0962983711521518
-0.471371825606295 0.493364995138106 -0.00132882113190497 -0.123541369917857
-0.0795632299459333 0.562296069097733 -0.0307626248049048 -0.0419192245346663
0.176923782194027 0.468100314600454 -0.0246425790453474 0.00731215667249056
0.376604369021576 0.32701367638904 0.0426387168549657 0.0140532950567362
0.400261067340632 0.267774784672066 0.0634540382162535 -0.00732472764106526
0.380113884886415 0.343280505731119 0.063446656545254 0.00711502188503396
0.149765592144159 0.539960812591393 0.0823501832780899 0.032060870879477
-0.16875690316502 0.562807599679623 0.0640062890709541 0.0758802554422569
-0.580825972008558 0.450955756378907 -0.0798971354370421 0.104894475611561
-0.70639286204624 -0.157348881604392 -0.221583388932947 -0.0474525839215076
-0.347937445866261 -0.694178620877856 -0.127961534436039 -0.135101703076017
-0.0210416510527043 -0.843694885746584 0.043555854463808 -0.0462401416924098
-0.117091609670917 -0.699943513119782 -0.106831992977406 0.261339465346502
-0.468722614168092 -0.525399068329358 0.10664697434541 0.237802878973716
-0.670458959022323 -0.017791239152479 0.117418572444364 -0.064078410444071
-0.435357879608239 0.48857877992176 -0.0188819038273831 -0.0862801936161867
-0.0697454732157171 0.531986566779934 -0.0446666626271396 0.072144035196074
0.164597628891818 0.444969862754494 0.037451948871239 0.158059292633414
0.341097521070753 0.314103629214675 0.168571961970692 0.146666333068142
0.351301923776515 0.252067131173768 0.209298289253806 0.106081992074617
0.319014212720497 0.315045603392208 0.192993511601869 0.132507837926442
0.10813257450544 0.474261081830742 0.152776115004247 0.174487935662179
-0.165587073493784 0.474246248705083 0.0643064058215929 0.1981436648536
-0.487152664518993 0.360740734644528 -0.0892013358095249 0.165766270978112
-0.579921472258733 -0.13205744160334 -0.194050690505743 0.00953100601133531
-0.298657760343024 -0.586466685713901 -0.0733130852054503 -0.00171415427556333
-0.0429010715779413 -0.757420815653242 0.0326405669153793 0.226500043578496
-0.122937150071397 -0.560040030008165 -0.108712587033367 0.533375137562309
-0.399462588642287 -0.403827199848701 0.193466314231831 0.404593165990219
-0.529082477331791 0.00792628529778886 0.14986822772076 -0.00614394573958665
-0.31609678690805 0.376532692569964 -0.0213782841525567 -0.0334508407852174
-0.0515242167458485 0.396219971118779 -0.0491593553809692 0.171489031549923
0.117711051252894 0.341122952502398 0.0957277273128438 0.286480641750502
0.249208482993735 0.249174651559964 0.269808049222374 0.258117535400311
0.249613532455755 0.197104095388969 0.322865446871486 0.20350582250311
0.214404835373762 0.240487223145875 0.285363554378488 0.236402091647578
0.0496981045426712 0.340274799214366 0.190336957168087 0.284090652824655
-0.139383723491687 0.310032132929845 0.0443186585232305 0.280625077538062
-0.321528497580368 0.209682195682929 -0.0979569166883774 0.190151616993324
-0.36592189164048 -0.0941374938261726 -0.156636879569947 0.045901766693074
-0.197209123627843 -0.394197924773727 -0.0249100701846338 0.0865885912377267
-0.0563225160883006 -0.558848733978278 0.0296536640728268 0.430157109403249
-0.106862447162488 -0.323086985004336 -0.119652444633427 0.741531846090759
-0.255294547191181 -0.205896357196846 0.246660392644625 0.539455314545534
-0.285894027914242 0.0342515905680477 0.179208295609659 0.0631645119174496
-0.135448041126495 0.196557669791641 -0.0035389490021827 0.0118452592672872
-0.0268168481271717 0.18594354779526 -0.0471380635120559 0.225652903513019
0.0475902671544736 0.176342679834699 0.13349757636764 0.361838188655527
0.112969394583426 0.143012756290848 0.32987415882361 0.330596758379546
0.109007630311182 0.111273616857619 0.388959046942096 0.271061637119963
0.083833692482382 0.132914684764198 0.33270871106379 0.304606655404252
-0.00508294294876069 0.1693612158865 0.193181589990914 0.346652504960664
-0.0903538721555635 0.126914934729278 0.0122535300851384 0.315788399728534
-0.13057829986218 0.0599052960874224 -0.103255178221435 0.182155308993592
-0.139535185614117 -0.0379688144757356 -0.117399194646463 0.0629085166234543
-0.0970475144574916 -0.164670677803448 0.0128766996310487 0.126210005752791
-0.0693519947827303 -0.296765006883283 0.0378250446847245 0.543475578920304
0.0619366212179408 -0.0133876617892648 -0.128111644118062 -0.573603499149572
0.0271623482296644 -0.0679625422582093 -0.163346682117532 -0.206904883777882
-0.0628236185984968 -0.0414357548008231 0.0665858726927625 -0.0506644052973204
-0.0628089690971335 0.0554528276704631 0.107978283742935 -0.132222978127361
0.0211450742464819 0.0593157018352243 0.035054585064501 -0.309957732779648
0.0522762037642988 0.0132016202644968 -0.17427001685828 -0.386497872474304
0.0602415558948574 -0.0188715230468533 -0.339935359511222 -0.324801911278054
0.0532406706775009 -0.01367683880238 -0.417913257578306 -0.277295102379246
0.044611473598892 -0.0102190226193704 -0.375136412406192 -0.312556527478196
0.0278881577481456 0.00701562177590007 -0.20382942416154 -0.347164882284004
0.00240788028941225 0.0230672363438975 -0.0100021776107222 -0.256497763450048
-0.0453309248992322 0.00831550546727723 -0.037523830438533 -0.0814332299527583
-0.00192583484539837 -0.0661493635060783 -0.175375480521232 -0.136840965763872
0.106239007707227 -0.0286017270623605 -0.211859315041893 -0.508537240749357
0.103226408976748 0.0644977607809912 0.119688964627008 -0.875902474919628
0.0270874105211764 -0.256835055708317 -0.122988816753033 -0.560128965107592
-0.0840215502735355 -0.237726906193655 -0.165472636819972 -0.207472646923592
-0.237657098188003 -0.0678217920864746 0.0400304500160019 -0.0715327522223196
-0.201438549117398 0.178218675521809 0.0753158696545684 -0.124554012903174
-0.0170315725507899 0.224715197058311 0.0301120490274746 -0.268920479672018
0.10345077784362 0.170437923072871 -0.152957779916097 -0.337929131392247
0.193300949128454 0.0990630050640358 -0.293710192013711 -0.294123381743906
0.207125935331538 0.0849288916757731 -0.361268033811073 -0.258142984986508
0.205649480975475 0.118257018007361 -0.329137231583725 -0.290878340631274
0.107302532879039 0.218026059003503 -0.1685874655268 -0.326369560719793
-0.04653055440301 0.246325702589476 0.00577364735417198 -0.241099930619445
-0.257686956165975 0.198157926812836 -0.0449666916979237 -0.0726345781527975
-0.287224935389706 -0.109768457211954 -0.207618118005152 -0.155328798334644
-0.0667156252517035 -0.301788075459945 -0.220451180077728 -0.4903492779467
0.0655037245117806 -0.28855967544985 0.0907632984659522 -0.805419341949277
-0.0207624441350061 -0.473503114116403 -0.123326860294955 -0.458506265467191
-0.211151552941562 -0.384283140917407 -0.143982512410228 -0.164548777568556
-0.409995977957019 -0.0726813670079309 0.0328544558914956 -0.0931101840775904
-0.321185194988424 0.303984585384269 0.0450816844714661 -0.132059977695196
-0.0450242037967422 0.377158477887101 0.0106211555368209 -0.218292664206521
0.148027013474942 0.310479239455863 -0.124675291166417 -0.253943642391309
0.303550826962314 0.201081908902871 -0.210142502299177 -0.220347268277882
0.33086047712666 0.169693097779498 -0.250420719456216 -0.202033666322726
0.332384697697199 0.228707826594801 -0.227798524201914 -0.221739675718068
0.167250370744073 0.398185837752806 -0.101432822096621 -0.24688103135736
-0.0912880519354186 0.437691594158118 0.0249261788317287 -0.172596020990025
-0.440655821800663 0.363936031258582 -0.0560727968179623 -0.0317625458528905
-0.53588012886814 -0.137076097563383 -0.236417180792316 -0.139449878533018
-0.229797624702457 -0.532608540703821 -0.217976277428519 -0.411743813131071
0.0187519196546287 -0.593766422586787 0.0663574279234057 -0.618419992444226
-0.075471939003077 -0.638510310382099 -0.122827509532812 -0.275609246786202
-0.352643695600463 -0.492569394626491 -0.0878675639161465 -0.0713300140501506
-0.571497492391706 -0.0501680145765379 0.0471778280694681 -0.108241052318483
-0.409127783976969 0.434174372281753 0.0163928811811236 -0.14012233498852
-0.0541977995565031 0.504351266819204 -0.0157933160126343 -0.147645786891821
0.18537984308531 0.416022185407471 -0.0843891467129048 -0.135013061480316
0.376669642393871 0.275764925710784 -0.094153257091365 -0.11387988066054
0.402979068739685 0.225803121505416 -0.100316664281341 -0.114065784156182
0.401394533602204 0.301621790690727 -0.0876594509332106 -0.11755134680576
0.195053850853963 0.514053148912793 -0.0101744637400082 -0.120546656081436
-0.124236544888656 0.561252454663801 0.0469026386005804 -0.0611807484493927
-0.55192383469728 0.475131441019078 -0.0650803305314624 0.03508551864067
-0.701579565380925 -0.139944858839876 -0.245218406687989 -0.0930644760684107
-0.350704801346146 -0.669337062603127 -0.189716611115263 -0.282386313354621
-0.0253198237633312 -0.79222077219201 0.0516762659396768 -0.3502872797654
-0.126133952703857 -0.722550279225795 -0.111971291661846 -0.0239480823642033
-0.467037639691186 -0.541317145873783 0.0069600408488223 0.0673242370062631
-0.681674395352615 -0.0118139259321013 0.0785969403529065 -0.105146929710727
-0.446866428007597 0.524048076248027 -0.00923161737836714 -0.129774784095871
-0.0484765051965044 0.572336529604175 -0.0354603748761568 -0.047061333537524
0.204398137619545 0.467297046274963 -0.0258825418248624 0.0101901130025887
0.399395087504591 0.311564866455315 0.0409900263000558 0.0121356214622187
0.417078677893491 0.248326574833206 0.0643593439738492 -0.0105399128223944
0.403713984965088 0.325093361957163 0.064249926100194 0.00435953492423485
0.183633422479443 0.541258241286062 0.0868530185598398 0.0269988384547787
-0.142229157293962 0.58166659193342 0.0667112634345344 0.0734832783669687
-0.560339930616074 0.487147107914649 -0.0726824968338922 0.113412748677254
-0.722324205496498 -0.125077631732005 -0.231617336184264 -0.0302536386203454
-0.385676797326342 -0.685922444694283 -0.137751444291388 -0.131848615183795
-0.0598080483009543 -0.848901737253337 0.0461390563865868 -0.0496697427905399
-0.155327570938852 -0.699700176623187 -0.0957264718614386 0.263926494210703
-0.500744465200822 -0.508544744901901 0.120147391051107 0.233929313383834
-0.676689044484771 0.0198223152159656 0.117289075310248 -0.0737315099161952
-0.410818416889563 0.516749869028017 -0.024996661504697 -0.0913217049957525
-0.0395186881989045 0.543023668252946 -0.04411285260602 0.0695388980782181
0.192273104095977 0.442310710410112 0.0453323605542556 0.160562087443719
0.363194130485851 0.298803913999335 0.176103819866084 0.139055581325954
0.366655438977974 0.234243939629032 0.21913794580425 0.095192166130557
0.340294482646264 0.298777163128213 0.202990994944158 0.123496778449977
0.137325635406 0.477175879644667 0.167028887309195 0.168140917203709
-0.142387416147077 0.48896609612129 0.0735654513397728 0.198078716958081
-0.470348193310801 0.391684911755672 -0.0779999268741467 0.174833074584276
-0.59422764843532 -0.104962431709671 -0.19961110256031 0.0261191471240295
-0.329991607996604 -0.580184349886847 -0.0775589925653358 0.00255464810048394
-0.0792127931272484 -0.759951663859845 0.049683320405604 0.225791591437632
-0.155155269678128 -0.559972776752597 -0.0848472369097328 0.539064928419
-0.425100860222339 -0.389578520401156 0.216672410762952 0.39854343013556
-0.532592283667863 0.0371637221770265 0.153111092165786 -0.0153350511204621
-0.296738107005782 0.398870147464664 -0.0244502468028203 -0.0376119519263948
-0.0296934832273356 0.403971457577806 -0.0426006523483464 0.170679897976256
0.138511000537251 0.340728849419922 0.111768543815269 0.287159196484272
0.265392414353233 0.238792721245538 0.285878386236697 0.247156717142831
0.260051385173379 0.18441351318823 0.339877635083259 0.188078392571778
0.228828090508116 0.228484425811353 0.3040856511786 0.223909253078269
0.0704725073646858 0.342967147988191 0.210623681932997 0.277024001185555
-0.123379350618234 0.321765439434905 0.0587847835187377 0.28251242184942
-0.310475732771909 0.22958187949126 -0.0858593277391937 0.199241552575396
-0.372978786668509 -0.0762197820893247 -0.159563655219011 0.0592556587173424
-0.21816387271008 -0.387728774995221 -0.023774385159383 0.0900952254490969
-0.084307200294988 -0.560233620504538 0.057418052864359 0.432141073727131
-0.126945217516446 -0.321097287961348 -0.0830764837632947 0.750592566173479
-0.270146913856554 -0.195681677821733 0.276444983711094 0.531975168870655
-0.286182910739774 0.0516930355095037 0.185692122677697 0.0547245876366793
-0.123232088233043 0.206577696364329 -0.00351122078596836 0.00780798094318731
-0.016923974702025 0.190730422426068 -0.0381153438524018 0.228176586684428
0.0586827976134545 0.176769330255558 0.154069631029541 0.362197304852473
0.121448895889021 0.13822514839193 0.351709510416078 0.316271302031038
0.113290111720201 0.105966218789798 0.411844430108816 0.252808446326931
0.0898050186966179 0.127540583910879 0.35613145988013 0.289855148147341
0.00487754604511297 0.1712377087092 0.216731585824256 0.340691502902681
-0.0825748182965254 0.132759682157326 0.0302321263878064 0.319600977499055
-0.125173861744874 0.0671760050864531 -0.09224184899302 0.190320797814013
-0.142032547932439 -0.0287141439095482 -0.116860353685515 0.0718968209518282
-0.106467484561413 -0.161114822530972 0.0167233036682694 0.129197368433865
-0.0863673932070389 -0.296553693980329 0.073161962904642 0.545565710656229
0.0608885662853734 -0.0172923287722919 -0.157694861973418 -0.553160038687028
0.0231540334944777 -0.0711491184025716 -0.173139818967497 -0.194286243934316
-0.0669195621075766 -0.0382245925219142 0.0632041779977412 -0.057453582043261
-0.0613640894240482 0.0587483705259659 0.0974527011526325 -0.137876772438903
0.0242513802486551 0.0579244517318438 0.0133987752462138 -0.308083405892587
0.0522798908401043 0.0105436914302028 -0.197380674712144 -0.371982596429137
0.0589315893757262 -0.0223287146613009 -0.356085397284012 -0.303308839403109
0.0534469862481307 -0.0164833952049418 -0.42802482976483 -0.246287846542417
0.0455530831561338 -0.010978507647694 -0.388563985717068 -0.285049857736061
0.0276074532687456 0.00653461565632712 -0.220831269731129 -0.331133974045846
0.00226425314450347 0.0239883667378472 -0.022053192033451 -0.251830772253991
-0.0457007320900708 0.0107944289645307 -0.0408977855131906 -0.0736786529200176
-0.00521539973558119 -0.0676981183945503 -0.181383064317829 -0.123370101676503
0.103980557138177 -0.034088982604904 -0.236924096122903 -0.491192061027764
0.107416653668603 0.0590927871196714 0.0670087673884137 -0.865831865472276
0.0141844347453902 -0.252103345723485 -0.152694667376405 -0.539022188687715
-0.0939121413962527 -0.231781647591337 -0.174397772658721 -0.195287614594285
-0.237213610618869 -0.0540885703705493 0.0364920370733941 -0.0765779456515381
-0.188317537104053 0.187124573316147 0.0653741086375689 -0.129015306572937
-0.00271174563203368 0.222941681433416 0.0102529851889599 -0.268463524519355
0.112162318398976 0.163032996080376 -0.172509334558813 -0.324459882224157
0.196730078074416 0.0853125394165785 -0.308667962235109 -0.27228035857218
0.210038462851053 0.0716055508736532 -0.372008191258905 -0.230947001838172
0.210822912965014 0.104677423714021 -0.342004010607504 -0.265544790600413
0.119142479403242 0.210832487980795 -0.184555542636657 -0.312662161283601
-0.0327781102325147 0.247025153168926 -0.00707678285318748 -0.236930624463879
-0.243863628899844 0.210478649771469 -0.0472311926847363 -0.0655621558011264
-0.28859791982886 -0.0941960529021839 -0.214694811139982 -0.137662640640774
-0.0808869342355083 -0.293537056891139 -0.246567217253117 -0.473905087890677
0.0516543332113535 -0.285064214515617 0.0449367573933937 -0.794298539546776
-0.0443850768240871 -0.459988433324678 -0.149220155794607 -0.444034273760505
-0.227489586671452 -0.367372793631346 -0.150997879853552 -0.154125886481866
-0.403298048724174 -0.0490904752898822 0.0284835319967957 -0.0979880415985927
-0.296637646431194 0.317260879827009 0.0347414285123772 -0.135346319117351
-0.0215203947662356 0.373763678513566 -0.00595857975654152 -0.220061302883419
0.164279248783108 0.298735803153938 -0.139658428634725 -0.242521347411409
0.31121339797216 0.180765397199857 -0.221426186817077 -0.205030500349852
0.335770567910012 0.146839934775524 -0.258253647477967 -0.182757250455399
0.341732258599773 0.205369138488723 -0.237156381088579 -0.203746978564359
0.188742688245174 0.385166134946773 -0.113259928830983 -0.238192503317442
-0.066545713409879 0.438273846860035 0.0140783530042854 -0.170796678820908
-0.411373655206704 0.386242050027656 -0.0548935484726965 -0.0250347310911811
-0.53580581561256 -0.108620619039285 -0.242718374284877 -0.118541990649021
-0.25440277226458 -0.511837765848723 -0.238313081916177 -0.396831334872706
-0.00952941239624511 -0.582777152741833 0.0317696560619598 -0.611588683105699
-0.108249501449144 -0.618623166765412 -0.138578071448101 -0.266372341565492
-0.372089947223325 -0.466432766014395 -0.0909537421183367 -0.066213465492736
-0.560361328118136 -0.0158032120821379 0.041433994624473 -0.113467397367617
-0.374410868086756 0.447775053837277 0.00550685835365973 -0.143124902705596
-0.0227873186729373 0.499640131925814 -0.0278823312893083 -0.149963492211875
0.20813946862155 0.40156363222016 -0.0923344967128477 -0.127444395957024
0.386341429112688 0.248552521009365 -0.101291484559606 -0.106499331562165
0.408035466434902 0.197905698317396 -0.105213832927571 -0.105936828879019
0.413071955469215 0.270713627008027 -0.0934647505583342 -0.109160167684883
0.22428446528403 0.496567649075485 -0.0162877803719386 -0.119816180226828
-0.0910626973585857 0.561040548756719 0.0412440992240916 -0.061523756989431
-0.513989240743527 0.49948596587897 -0.0593523773208744 0.041643863585974
-0.696333508813469 -0.100345726316113 -0.250627537609961 -0.0714924890053794
-0.378751803904805 -0.640388481689667 -0.205016994568593 -0.269808904565128
-0.0648574570734968 -0.773895507107774 0.033578683502115 -0.346962131804949
-0.163398264610282 -0.698899812208211 -0.114645235727922 -0.0220121204400692
-0.485629702398686 -0.50713183275493 0.0107057474140383 0.064910524801823
-0.665589197919534 0.0272882684664791 0.0728392055742041 -0.111731779650926
-0.405279933730628 0.53855924336609 -0.0185723249989693 -0.13223115476644
-0.0129672811899475 0.566793673114106 -0.0426013525128412 -0.0513650607260348
0.230411941707578 0.449982770477831 -0.02545289281431 0.0125653819086047
0.411321656476427 0.283676476420471 0.039530115887398 0.00976924710497278
0.421179008533832 0.220099507381996 0.0630756476834003 -0.0146934157514753
0.416025702698717 0.294199242568857 0.0643391004308472 0.00149277511559516
0.215904210588261 0.523403386891897 0.088336704028489 0.0200853799835312
-0.106766368379067 0.581306379698622 0.0684213030910274 0.0705590133098791
-0.521912427509599 0.51218288782591 -0.0612090495340514 0.117919316575246
-0.716105501282331 -0.0843432629040171 -0.23290664003515 -0.00949508249463257
-0.416070820510596 -0.652908582591369 -0.145508508775558 -0.122505435946242
-0.101013452983291 -0.824011327029285 0.0470376551770452 -0.0539600556622087
-0.191023432556397 -0.675557082064366 -0.0830057624818947 0.258507550678679
-0.519705969433628 -0.47325115287802 0.131332402105577 0.222635178782157
-0.660666776591486 0.0599435134557151 0.112924774172306 -0.0824738035258077
-0.369047795461407 0.531627157608998 -0.0318996708648018 -0.093766309141522
-0.0064373366783842 0.535998728854207 -0.0438536938614608 0.0640353835425866
0.215785385741673 0.427224526015674 0.0531272630067209 0.157045508785856
0.373917198322131 0.274200361656259 0.179900859489605 0.12715531460368
0.372222329026844 0.208551244217616 0.221391940150728 0.0802139942383724
0.35134750877982 0.271492074253116 0.208340669682253 0.110927233968308
0.165589221213755 0.462991849934165 0.175848611150786 0.154695081222908
-0.110173801631498 0.490916248843815 0.0822395822017284 0.191596095517496
-0.436587615999396 0.412298563611664 -0.0636334244685795 0.177919378027833
-0.587495330590231 -0.070234394844188 -0.197767366760654 0.0427176522901809
-0.354024344836742 -0.550779139999467 -0.0792815351990154 0.00669456539398908
-0.115135962008918 -0.738294231507684 0.0659308436807385 0.215695590812222
-0.183650831980472 -0.539630004642546 -0.0561795271438401 0.52642803469626
-0.440635974154654 -0.35954382972001 0.236886104068204 0.379345424947988
-0.518704418075095 0.069080955208368 0.151106384144264 -0.0258421197068109
-0.266058993447878 0.408496872501884 -0.0281975003491816 -0.0408007630313439
-0.00396076920359539 0.400945852532324 -0.0361010653153268 0.165434805130287
0.157508099800773 0.328415796996263 0.126631618130569 0.277948134040829
0.274589420603666 0.219221955239914 0.295111173532471 0.227699133593022
0.263253919171263 0.165933400110641 0.345913758304815 0.164285827164501
0.236786817082089 0.209205377683173 0.313823587276053 0.202876611192018
0.0909096331945352 0.333124335727053 0.225421115108467 0.259813927936418
-0.101172108014072 0.323464160849944 0.0732912899284649 0.276098479369912
-0.287467374372493 0.243878829640695 -0.0701581815760512 0.200722445002938
-0.369152812886687 -0.0514712464291917 -0.155452405551543 0.0719070040829258
-0.233835958633485 -0.368297798761023 -0.0213796507801372 0.0920649893525095
-0.113400957581529 -0.543755206221156 0.0864676833156305 0.418319576346862
-0.143618030157301 -0.307879356124724 -0.0434367292652036 0.735580647757145
-0.277934782720055 -0.17682330062247 0.304503173489255 0.507759972301479
-0.276915898563173 0.0688836618551285 0.187336867517486 0.0428261221242131
-0.106970262216931 0.210196166554429 -0.00473709480115069 0.00372184123842759
-0.00508161950753248 0.189466322914503 -0.0263780073417112 0.223382445738931
0.0690616961160048 0.171175271742419 0.17267593886774 0.349497450536238
0.12687270960032 0.129059915025069 0.365152690692212 0.292391150525527
0.115028651419566 0.0979889235318975 0.420679297718437 0.223445191724143
0.0934086882735261 0.117777206519917 0.369376587877821 0.263957543546386
0.0156340506058053 0.166627668084845 0.235341574832911 0.322131648104715
-0.0717745579078971 0.134778597717587 0.0487703115532258 0.313430547988171
-0.115950202550854 0.073024497195757 -0.0777671616436469 0.192647572794366
-0.139371576726272 -0.0173779438651861 -0.111857787401847 0.0798853386881358
-0.113541094414701 -0.151794340098262 0.0211528249748363 0.128514716791794
-0.102893868606656 -0.285165289941319 0.108271707977526 0.530118065259325
0.0589872103340323 -0.0197130931064499 -0.17124923047108 -0.523026620175447
0.0199657283622872 -0.0726837695337175 -0.173025570449974 -0.180863967288256
-0.0680075130666766 -0.0353200067430788 0.0594539522085814 -0.0616078003788694
-0.0605009506341531 0.0604797474381233 0.0876203219117934 -0.138827466910249
0.025478765685828 0.0553462960695527 -0.00260166943186855 -0.297219934772639
0.0505891739885795 0.00876353741945687 -0.208479739387677 -0.350528184371918
0.0572137466867084 -0.0242108425034137 -0.35683363632838 -0.278106111654936
0.0523307945575352 -0.0185169180119393 -0.423548937588173 -0.219584093919511
0.0458920482522818 -0.0113236981548995 -0.385857879939584 -0.260556429954236
0.0269377502866439 0.00710344757354047 -0.223865986981634 -0.312208473060078
0.00147303688457176 0.0248597458063541 -0.0277017155984726 -0.241580010178593
-0.0452109863136017 0.0125315813901346 -0.0406332377045692 -0.0652334378732492
-0.00779754346310793 -0.0674076558647481 -0.179267956019933 -0.111775031772572
0.100832139950791 -0.0361617265718558 -0.249016141931079 -0.468545494631571
0.10741565502672 0.053482269585402 0.0324891621481762 -0.830558320367386
0.00651336299156119 -0.241368981314579 -0.166310788611693 -0.511675689569327
-0.096969743421334 -0.222464894311059 -0.174369546372705 -0.181215919693459
-0.2300793024938 -0.0434953770319715 0.0328232821097772 -0.0796107739071083
-0.175680181233988 0.188027622527675 0.0560335873078391 -0.129137923183212
0.00612345164892197 0.215380340393315 -0.00455011239699453 -0.261344647621109
0.114487687471948 0.154181169825534 -0.181643146632266 -0.305902625718912
0.193521574775412 0.0748407804229222 -0.309495094597659 -0.251905880820579
0.205719836632226 0.0604435920923405 -0.367736771443167 -0.208047896335911
0.209805026633779 0.0929133495386009 -0.340148658217913 -0.242898626140109
0.124348372301687 0.201391412589907 -0.188702789313712 -0.295438540598407
-0.0244494435249951 0.241474661359295 -0.0144864717128591 -0.228134565064629
-0.226956325854119 0.212154270495826 -0.0462540743384229 -0.0578257320245104
-0.281918285830763 -0.083269647560703 -0.212985083146986 -0.122878335545789
-0.0861669835524157 -0.280767557625265 -0.255030530671178 -0.452761916540674
0.0433348565882564 -0.273314678952244 0.0162172608247695 -0.762715236411466
-0.0563572340909117 -0.436693063018987 -0.159724574206525 -0.42066724849174
-0.22868232451668 -0.348368679688603 -0.149975564902563 -0.142815839110916
-0.38727171234058 -0.0336162730454192 0.0245489908110427 -0.100595224389222
-0.272783011017272 0.316112723355849 0.0254618506367462 -0.134936672270947
-0.00609765101413808 0.3610778493624 -0.019250414739335 -0.215017754830552
0.170596067952846 0.283488200765269 -0.146364394826717 -0.228447031680817
0.306068329337702 0.162330855271283 -0.222427516061106 -0.189785771625915
0.328437325161815 0.128941593760259 -0.255691489453211 -0.166159622590878
0.337987044170441 0.184166514724687 -0.236075168359049 -0.186412554191055
0.19895572868622 0.366986537433732 -0.117200931952042 -0.226934541186865
-0.0486542454883272 0.426919398629348 0.00787287400028719 -0.164156022406525
-0.380598669792018 0.386578340232523 -0.0514106828962663 -0.0193666502738698
-0.520697683443702 -0.088015956776286 -0.239742216306617 -0.100975709680713
-0.259816368304944 -0.484246266103822 -0.24613286578279 -0.377369078547816
-0.0250039468010364 -0.555616860695141 0.0129451457685978 -0.587867764535733
-0.123571372918714 -0.584458401086554 -0.144901308722577 -0.253076115025213
-0.371265516672723 -0.436651331779147 -0.0892684474514803 -0.0615988036111705
-0.535888478550422 0.00527019898760598 0.0369447610806817 -0.116428165110118
-0.340666706854842 0.444271490717325 -0.00291320501773742 -0.141785070131686
-0.00200482272051668 0.482879572224351 -0.0392630574780694 -0.148624398283875
0.2156232245568 0.381632406028854 -0.0958277886552061 -0.11902147071855
0.383354299924148 0.225909107312763 -0.10271582019003 -0.0985602694508853
0.399055013253281 0.175747742157507 -0.104611089989765 -0.0986897001015471
0.408527959510255 0.243904167112376 -0.093261025745778 -0.100468848129091
0.237316793649007 0.472897360005372 -0.0197007336494976 -0.11660296688559
-0.0671237690878149 0.546967184457578 0.0368537770028161 -0.0593268136116109
-0.4737278639623 0.501604970628003 -0.0526227011067795 0.0432912619508659
-0.673046052793906 -0.0748374991784807 -0.245383039215494 -0.0542690532223963
-0.384144580375795 -0.606491331758882 -0.209394851405648 -0.25399088996351
-0.0848978803515373 -0.735786100043634 0.0252803002029901 -0.335849518229978
-0.179769440501577 -0.660344517140584 -0.114871893050714 -0.0210692760836111
-0.483711016115721 -0.471940130467719 0.0127394604182165 0.060726263800352
-0.634046038936866 0.0511720474369015 0.0672133947520559 -0.115605731718905
-0.365996720959562 0.532103815593881 -0.026224805014903 -0.131480704548395
0.00951964450494789 0.549055567165203 -0.0502124991016347 -0.0539231804183996
0.239852551595795 0.428206486946473 -0.0257508351717362 0.013732148257581
0.405666107372677 0.25817860678884 0.0378268020679436 0.00784947437760249
0.412269551565322 0.196735231097944 0.0610868046607595 -0.0171042666489209
0.40944055213356 0.265286722072289 0.0640052804635857 -0.000199090746849801
0.229996695631413 0.498466923557296 0.0870456488718409 0.0143656730138508
-0.081721208357914 0.565034153140125 0.0674606502247989 0.0674670681831544
-0.480505979213646 0.51363180941932 -0.0515164228025276 0.116628271916242
-0.691040939829252 -0.0578390479861781 -0.227618355709221 0.00550672356044468
-0.419259311333708 -0.617423980204218 -0.147685134622023 -0.112749514607911
-0.120446717774125 -0.785087595672105 0.0472618714980469 -0.0561587686289738
-0.206945035586702 -0.638429005707362 -0.0751253201384141 0.245941599784127
-0.517616900217477 -0.437009261985284 0.13463553418057 0.207784666935462
-0.629037887191874 0.0819254740429982 0.106393195102279 -0.0879364899920894
-0.33250150183299 0.523664470725874 -0.03805122540341 -0.0944237688945672
0.0167894296556392 0.518090029811364 -0.0467242077483298 0.0572263722722913
0.225232190473471 0.405718865303343 0.0562136539586749 0.150556024833972
0.370155819086781 0.250260417709412 0.177792454397722 0.116053992378687
0.362466582950824 0.186752186128435 0.217732801897616 0.0679257799748208
0.346870513486158 0.2459720063565 0.20666497468376 0.0995224944466328
0.179495097355601 0.441158425434571 0.175834660913739 0.141280712887513
-0.0878311662721569 0.476620931169192 0.0849569372539096 0.183935531717887
-0.402757637269447 0.413405149503255 -0.0518519513925145 0.173930535200688
-0.567600616030683 -0.0460771077635862 -0.191195036652851 0.0540490907335843
-0.35869573360119 -0.520888847324333 -0.0787686163475182 0.0114487554374789
-0.133874663619681 -0.702613237991497 0.0757611336404817 0.201582100385451
-0.195500968985778 -0.508659448367138 -0.0400385233894715 0.501850299196538
-0.436287030966786 -0.330093496187004 0.241938175413752 0.355618840331308
-0.494638526123494 0.0852664437818117 0.146112715064069 -0.0331585257460603
-0.237016462533327 0.402186912580745 -0.0316865202965063 -0.0434170930914681
0.0127120572804367 0.387363032125782 -0.0337729245769365 0.155401028114938
0.165624753679635 0.312398558998812 0.132197154909029 0.264654787159604
0.272177032052272 0.201632149619655 0.293344278456102 0.208219423697638
0.257284083832931 0.150257265195254 0.341294604666455 0.144217354622605
0.23289739392771 0.191281239023517 0.312190814428144 0.183883707116399
0.101957670110458 0.317786374010353 0.228680542336904 0.241014622534843
-0.0840436917944771 0.315460223630598 0.0803624467210747 0.26435623613893
-0.26434651982734 0.245285596374347 -0.0578655498335789 0.195549390290722
-0.354492513609491 -0.0348569941156013 -0.149293971399456 0.0793058997692732
-0.237463693492301 -0.346630595420134 -0.019910757923773 0.0916510750027588
-0.126357743461203 -0.51582627812976 0.102221122860322 0.395154976868932
-0.150316769133967 -0.289696538824782 -0.0204106240817992 0.704172589272216
-0.27471982243131 -0.159396556674826 0.311341611081878 0.478530787559056
-0.262475845592769 0.0772422054592564 0.183160229169247 0.0343317426681316
-0.0921433153497847 0.205304070458648 -0.00578847275559759 -0.00020814199982783
0.00323974833324373 0.183702070432335 -0.0204881913310422 0.212892550218014
0.0740330966533341 0.163018936265413 0.17963237559007 0.332413801783581
0.126428789628017 0.119489009763767 0.364116026464886 0.266803987165889
0.111341441629902 0.090309549748331 0.416250126202188 0.197869842063357
0.0907210683832042 0.108644492660446 0.368116027504988 0.239568434250462
0.0213567354080384 0.158514650189757 0.240337602646607 0.301745195074523
-0.0626337682571241 0.131136584859837 0.0591626723728721 0.301557333720706
-0.105483741870106 0.0736130975150961 -0.0653079949148862 0.187847999379575
-0.13247782954238 -0.00877649572868575 -0.105945517109486 0.0828811088613358
-0.114454391964089 -0.141541223990044 0.0232811526919176 0.126055186308889
-0.1101971678273 -0.26886162197187 0.128134036267521 0.501927203462839
0.0558412916537184 -0.0107881012188232 -0.136225012147344 -0.512977542172913
0.0234207738699602 -0.0693996471415484 -0.16022869191336 -0.181255218752761
-0.067158056589888 -0.0400512436405854 0.0576539014468045 -0.0574022222912379
-0.065321344462656 0.0565028085734436 0.0881762139519504 -0.128475298165902
0.0177243391387637 0.057075132212804 0.00695497068809408 -0.284085902414039
0.0463789128856809 0.0133502764924146 -0.189077729379879 -0.342456809014434
0.0541032611124831 -0.0236857970624109 -0.338120458194774 -0.281206273017507
0.0532150895937471 -0.0169165922319032 -0.400487966122865 -0.22121921510393
0.0444488027211082 -0.0110352694632862 -0.366886385842866 -0.258449462802174
0.0238599321718223 0.00857594715183111 -0.206988426301216 -0.306686422416666
-0.00177189860268679 0.0250202613058757 -0.0172521860613438 -0.233047711960869
-0.0465831326198539 0.00952217475357215 -0.0370871324935836 -0.0619812392208058
-0.00794816669569571 -0.0700119663390901 -0.165119510868103 -0.115868094390325
0.0989516008157076 -0.0394754924625128 -0.214620681505239 -0.461380034089325
0.100103550789534 0.0473427690014791 0.0777699864794422 -0.784092064263225
0.0196944888356066 -0.229379965507526 -0.142095422881024 -0.504423926603493
-0.0800108734045186 -0.221668919673434 -0.165236608275493 -0.178361419817938
-0.221847849093253 -0.0573281855647782 0.0330443143234877 -0.0701044145731079
-0.179977593159867 0.171415577928345 0.0583182962482691 -0.113523555342749
-0.00817204676200612 0.209139590298235 0.00806520566797441 -0.245886115897334
0.102521368253347 0.157241652985874 -0.160232550134666 -0.299187312963869
0.181965289583035 0.0793839531156732 -0.287138824269523 -0.254672985353157
0.200209976620871 0.0682198110708967 -0.346622571841608 -0.20764207372124
0.200740623438134 0.09666632768857 -0.32210529733339 -0.239047680574342
0.114959122304637 0.20281423068029 -0.176869265376553 -0.287007678191925
-0.0340138387400704 0.238383716816233 -0.0134851429894231 -0.217096231617613
-0.228014784158386 0.196901499933909 -0.0552547357672142 -0.0538651838802274
-0.274321784873649 -0.0967597022589977 -0.201270763502138 -0.133838010805863
-0.0736701700725365 -0.283680414877255 -0.218133737793816 -0.452335758911858
0.0477976908591466 -0.269137789975154 0.0663823986045051 -0.726199335978752
-0.0280017256926508 -0.423637725017134 -0.151161088239351 -0.418374296140766
-0.198503080697932 -0.350885554197031 -0.146605741882039 -0.136873411790177
-0.371643445001398 -0.0564737234783187 0.0260550142172024 -0.0841939895371613
-0.27653479667823 0.287530296472602 0.0301311023555811 -0.114037498105126
-0.0253353124743659 0.348129277660771 -0.00334738986699717 -0.198964607914553
0.151601125725485 0.285085785322769 -0.124702749808455 -0.222756708757966
0.288235308214967 0.170884595696603 -0.201245454055293 -0.192770408940649
0.316796593885406 0.141665028257807 -0.237519103931332 -0.164033272124008
0.323171899764079 0.189763387059914 -0.223214077434336 -0.179932880197126
0.184611440068383 0.367556597660196 -0.111549840444718 -0.215950997852794
-0.0643883254010161 0.420289766318334 -0.000785851153940237 -0.15235801116833
-0.381202579074215 0.359971214302189 -0.0720415786032839 -0.0165280584373378
-0.507037419483995 -0.110697867120519 -0.232679938222249 -0.120212440580245
-0.235824449514561 -0.488609691187478 -0.207028343185517 -0.384653391600712
-0.010278012962607 -0.541357248770651 0.0625211765774342 -0.563075716545348
-0.0802027169698227 -0.574060614847156 -0.153950794393444 -0.257354802688344
-0.330880125272833 -0.446483854531021 -0.0944178035349043 -0.0513707449445748
-0.51869154697619 -0.0283231354826728 0.0400824548065623 -0.0922561877037421
-0.347339784260349 0.407056756523457 0.00476939804748004 -0.117477355907072
-0.0284311915462481 0.466458637185128 -0.0214209167299511 -0.134204096813499
0.19278513694128 0.381018550014797 -0.0770890699331268 -0.115632433099016
0.358975222106277 0.237380589005644 -0.0853571476579191 -0.10128940048926
0.384702593130293 0.192487368754086 -0.0926040909446725 -0.0961581346625517
0.389966041282473 0.251062684534366 -0.0870038169985741 -0.0927434092566689
0.221081289798792 0.472999620425208 -0.0208873746370518 -0.105602419795813
-0.0852337300954771 0.537137686654268 0.0194013355974346 -0.0485065085212693
-0.474772635036555 0.467075163695177 -0.0826502804903734 0.0444349599533142
-0.656000223625395 -0.102922570372647 -0.243640225897877 -0.0775377994067906
-0.352065084492783 -0.608961224440946 -0.175456720514956 -0.2682599953508
-0.0602919242062024 -0.71450411305681 0.0638539447540885 -0.32881360918451
-0.129200650812147 -0.652463817408004 -0.141506898238878 -0.0322345604828922
-0.439608606089822 -0.488273998038188 -0.00275786289595158 0.073900139837664
-0.618601071946134 0.00951897802337163 0.0709131617946604 -0.0850857428811449
-0.375004965936659 0.489205582337548 -0.0161776114869527 -0.105641301265616
-0.0171999184200227 0.527713330126504 -0.03260849595997 -0.0440003995389541
0.215468999518385 0.427873368770214 -0.0130928468752711 0.0139481396660501
0.381042224030315 0.270361208952711 0.0481276030037168 0.00608707425678068
0.395417860361434 0.213451455363496 0.0653080274961913 -0.0133384201590908
0.391179024779472 0.273378757983504 0.0620643192238566 0.0086951890372836
0.213197001014321 0.497416590188917 0.0780230834295175 0.023887380328831
-0.0994348307820919 0.55569707314144 0.0435760543133584 0.0744996643090624
-0.480251798391325 0.479541542209018 -0.0838218146149399 0.11423327644751
-0.67216064741267 -0.0858500525146643 -0.22960785010098 -0.0194070894016875
-0.385266222552919 -0.61759970964814 -0.122545429821695 -0.129534112157024
-0.0951212138620671 -0.760599697680768 0.0727935606233362 -0.0614789211502741
-0.155514979596577 -0.635563914122504 -0.118235750556802 0.227626820813403
-0.472592483937851 -0.459290737429304 0.108860361527615 0.222803878107526
-0.61509557233278 0.0405420690276501 0.109149497104637 -0.0562035165642867
-0.341938498276021 0.483278298087727 -0.028083589890117 -0.0730637664077951
-0.00805962265023578 0.500853441216609 -0.0338924183909155 0.0610957350907832
0.203340533737245 0.404679651509312 0.0599026067694636 0.148067511536881
0.348486373201525 0.262480539718689 0.179584880692437 0.114958907635145
0.346045664573705 0.202467029548692 0.213523999448281 0.0721436093985033
0.330442318468509 0.252892171325309 0.197702983473216 0.107587059508836
0.165859001427484 0.439024612593111 0.161773349362179 0.146934859810816
-0.101107007009601 0.468055283638437 0.0598764621354443 0.185520407389837
-0.399262233129595 0.386882515966151 -0.081241829053626 0.166959403855682
-0.550274294651713 -0.0675701655967925 -0.195691292214149 0.0323376471032157
-0.329250593628495 -0.518826696919899 -0.06498193107865 -0.00432660020497078
-0.109101581642083 -0.677386703193575 0.0833936452218105 0.185124824122633
-0.151669658850546 -0.512036232246262 -0.092251554802408 0.477998011558864
-0.40373333123338 -0.351224425586209 0.208053792798986 0.366997732797265
-0.484875222877366 0.0525487466379599 0.144696754608349 -0.00572432791113079
-0.243210164142731 0.371636140757272 -0.0248415768517584 -0.0288857883344437
-0.003500785306279 0.373043874132483 -0.0289784069180738 0.153209612148245
0.14950898724057 0.310145276134437 0.126141939867883 0.260066689018057
0.257087067978055 0.210961754236764 0.285553309291964 0.208982549950643
0.24499617587121 0.16132932856928 0.32985814564222 0.147335963583225
0.220478519296038 0.195563218655104 0.297865346821104 0.188525534687899
0.0935487470877459 0.315529856509345 0.211216175673156 0.242185218513133
-0.0908031166747642 0.308872539805425 0.0586695099312439 0.260219113828742
-0.259468505907342 0.229359190277637 -0.0780125997543708 0.186626406552375
-0.343156882091749 -0.0454389538062066 -0.153047362430615 0.0629225780667454
-0.218251847421446 -0.344296879854515 -0.0164012656900026 0.081136369943558
-0.107325018522571 -0.495444794661894 0.09367699909193 0.372463284957966
-0.120964079610059 -0.296726823115494 -0.0748945662165776 0.674242733881721
-0.255759449369414 -0.176488059599668 0.274562902930506 0.48226958451882
-0.258778580927518 0.0585462157464302 0.177813418150811 0.0524212509144116
-0.095769384930601 0.190779944123786 -0.00346625178328326 0.00412052180318535
-0.00278747434203335 0.176278098947577 -0.0239244472376369 0.204455995800475
0.0664176937969146 0.160247110906187 0.165108035671697 0.325240992466769
0.118571117113453 0.125125170882775 0.347677479381754 0.269852330347097
0.104052269898305 0.0958624928307345 0.396700486686012 0.199876249824483
0.0848291982919984 0.111029426285349 0.351151488898519 0.241510926032385
0.0186332016447487 0.155814462322925 0.223764305750416 0.298382071482155
-0.0625542009259435 0.126861748208016 0.0437902240950714 0.292049131175686
-0.100109147958577 0.0698777031452465 -0.0747230312471391 0.177399492782356
-0.127514887294212 -0.00945835798512132 -0.107950436942515 0.0741479810120958
-0.106057861133068 -0.138563512601248 0.0179537369264705 0.121132843209805
-0.0987566730459003 -0.257382164284048 0.104538465454205 0.47854948295783
0.0563228419140857 -0.0103421541977943 -0.127757847665788 -0.506099579866628
0.0243198248270329 -0.0716094875119803 -0.154987769547303 -0.18019204011413
-0.0682859346805418 -0.0410634036325643 0.0574081758495535 -0.0601432054110691
-0.067873573156198 0.0578436493353582 0.0862514641540285 -0.128389337575529
0.0159587091058154 0.0581357082683764 0.00521498072444143 -0.281113941358955
0.0451570099100046 0.0137520915779224 -0.18883757006823 -0.340021364705656
0.0541143557750877 -0.023265517696724 -0.334447582269138 -0.281344588545385
0.0545671591689735 -0.0166600231812298 -0.396512037559718 -0.220369328303045
0.0466370687411466 -0.0106018129902752 -0.361331364903844 -0.25954425655669
0.024195084677971 0.0107153094569681 -0.202262434844107 -0.306864283292222
-0.00305293066404386 0.0269308337383854 -0.0123623547581607 -0.231343332101105
-0.048042914260524 0.00943395674800744 -0.0349661804277834 -0.0581485936599268
-0.00831313730719105 -0.0715241059318936 -0.162393151523287 -0.116210706772062
0.101251123622628 -0.0384919879107817 -0.211049120967805 -0.462269164840031
0.100194740598022 0.0479024656822541 0.0856814404657141 -0.770200624307244
0.0250164630007724 -0.223836402595733 -0.135761720703741 -0.497148863842011
-0.0753159142306202 -0.222530333506657 -0.160394621813864 -0.178095773783798
-0.21743435805208 -0.0591135245747797 0.0330894545863476 -0.0747616506962216
-0.180252002187658 0.169475899252243 0.0556595499145151 -0.113821572297119
-0.00972428058249961 0.207852836149101 0.00485384515830929 -0.243017532698585
0.100442386158195 0.157977370278082 -0.159254611742744 -0.297085686436634
0.180564335608457 0.0802231231354456 -0.286175218954619 -0.253965425406536
0.19854995270581 0.0688874786052585 -0.341394569617072 -0.207240074346799
0.199727994655825 0.097075255561008 -0.316667670943259 -0.238310030843862
0.113830751125752 0.204233380576958 -0.172033582916465 -0.286793155545737
-0.037118363344243 0.238613512259182 -0.00943782280398936 -0.214268150270393
-0.228662360191074 0.193690134442337 -0.0522401938990125 -0.0515873525568601
-0.272023709060526 -0.100849214209801 -0.198424638466809 -0.133165902760436
-0.0673784243938576 -0.283297457251031 -0.212342261163477 -0.453703568475923
0.0539809616266016 -0.264439415184667 0.0754137642547497 -0.714889389197559
-0.0185551001486363 -0.414073660988867 -0.146316744436139 -0.414890185129694
-0.189947186450116 -0.35173566031396 -0.142901574410021 -0.137287854977379
-0.365345580175705 -0.0597493470513947 0.0264787765813228 -0.0898950361011197
-0.276209804012624 0.28243525361691 0.0272100026378088 -0.115357594250207
-0.0279898125548775 0.345283279721772 -0.00891857548223367 -0.198086430711199
0.148982665601156 0.2854380328387 -0.12420247680608 -0.220767466441032
0.28483213942209 0.17185329933154 -0.199811621257967 -0.19243817531317
0.313089374818307 0.142888852100775 -0.234010343071529 -0.164837026692648
0.319528143605315 0.189956347048711 -0.218176185115025 -0.178617881507631
0.183071360514513 0.367945754317753 -0.108533944947819 -0.216356128279937
-0.0682032008671931 0.41889834157423 0.00139106706966598 -0.149571146344039
-0.380753367680629 0.353402277533335 -0.0692448565937588 -0.015531444337056
-0.502306581309041 -0.116582029744993 -0.229507251656374 -0.118235975271674
-0.224644757662917 -0.48854522827225 -0.202485442170542 -0.386648216046694
0.00209679740243958 -0.532518690694394 0.070252608186105 -0.558298383889808
-0.067607325006406 -0.561889548479509 -0.151910278729864 -0.257292903308214
-0.32018043602347 -0.445839879107701 -0.0922813679019703 -0.0532022101227064
-0.506315715369079 -0.0334452863168008 0.0402659031593544 -0.0981820248881137
-0.345308227647342 0.397608957537114 0.00112666765856435 -0.119039324517034
-0.0294349485343698 0.460200159653627 -0.0281829166726387 -0.135043079266652
0.189371373821758 0.380937600919941 -0.07783330811883 -0.114321047940253
0.354300470576972 0.238086267653146 -0.0846452267517269 -0.101496183785737
0.378850163504122 0.192461838889509 -0.090530005713536 -0.0973970912643899
0.384133314707709 0.251579300058667 -0.0832021666866375 -0.0918554702801421
0.21624180144256 0.472331255891367 -0.019395666225649 -0.105884872877466
-0.0903151654381236 0.534435277657243 0.0206393806069442 -0.0459905325882319
-0.473144078108048 0.459968976058504 -0.0803439288109471 0.0441969975634688
-0.648830459143695 -0.111017395387927 -0.241236502253414 -0.0745825619116178
-0.339378411095194 -0.608638296307364 -0.172244641136363 -0.269316680633596
-0.0442469612727238 -0.703998257161384 0.0704602382235307 -0.325358050521875
-0.116537734633022 -0.640173266213696 -0.144112045332992 -0.0367083261942755
-0.426658732806095 -0.489048573115033 -0.00406780824679753 0.0717884722994591
-0.607171624729672 0.0040477039415083 0.0710687240268632 -0.0903058169233847
-0.37380121381617 0.478958502397929 -0.0198361626925725 -0.109132621514743
-0.0195015876523848 0.522435085582306 -0.0405957020586532 -0.0466546633948447
0.211397499537232 0.426460428786082 -0.0155458618102744 0.0151614600473084
0.375899797105326 0.272914016847282 0.046923468485331 0.0062583457887999
0.38886235168493 0.214764008652836 0.065348438485784 -0.0143732244616999
0.383391791888712 0.272741751242703 0.0640191306581015 0.00889486949015285
0.210031834267698 0.496838929251644 0.077182958380977 0.0233705411775336
-0.101442802878774 0.550691170377173 0.0427734269869501 0.0762397726479494
-0.476871725060233 0.471924027810507 -0.0822239588978711 0.112529193033868
-0.664353693536412 -0.0936948882357783 -0.228409753546551 -0.0157424528767126
-0.370290049026815 -0.619072821190138 -0.123400270305397 -0.129925024312886
-0.0791114111405389 -0.748419168480739 0.0757078462088861 -0.0630645353806142
-0.142802490362074 -0.625405448868516 -0.124959754502119 0.218123194086948
-0.461554396736731 -0.462028794740932 0.104749881946464 0.219634233601246
-0.604945542390263 0.0341231081081385 0.10866366097968 -0.0595263474664705
-0.340557919975032 0.473626700000969 -0.0315229099592516 -0.0764450198523658
-0.0104500069615068 0.49481410172839 -0.0421297797862324 0.0563444139212897
0.200081579888624 0.404523153417892 0.0571587223856848 0.14860381435102
0.343142126332441 0.264032015336823 0.176616019697666 0.115498876332592
0.339762609227794 0.204696982211759 0.211614528058169 0.0705823568543899
0.322711669741356 0.252960745052018 0.197669449611551 0.107513587201067
0.162853826710717 0.438080293984967 0.159547350981516 0.146471949957796
-0.103699392931554 0.463331614329789 0.0583846136403664 0.187098847660933
-0.394393410406972 0.378781412732794 -0.0799273953612828 0.165085385113708
-0.54152298782259 -0.0723687069862095 -0.196091260442371 0.0361240177818894
-0.318827817815459 -0.51850980557392 -0.0665152861850657 -0.00338173630327832
-0.0964995324280568 -0.666885039126067 0.0840688296647185 0.179994157340532
-0.142482433395432 -0.50339452666254 -0.103720429664542 0.466235239464321
-0.395186903941735 -0.353205923820114 0.201487834821111 0.36355534555211
-0.478613966093788 0.0488191568361842 0.143934972682514 -0.00715548408313785
-0.241888609499646 0.364989383147516 -0.0280013832949425 -0.0332652749436617
-0.00454940499896255 0.369693792862767 -0.0359778718985185 0.148108077066908
0.148121405506788 0.310097353219462 0.122511177006361 0.260517817812853
0.253027211982296 0.211423485728943 0.281954701486924 0.208635430673592
0.238975676484871 0.162580775231336 0.325870665822014 0.145938520538216
0.213651047848499 0.194489147592516 0.296129951612824 0.18915077548303
0.0912974125076323 0.312483708762089 0.208432259958786 0.241156650400709
-0.0910454772692007 0.303251147675539 0.0569366077730511 0.260070654254514
-0.254570357937902 0.223764880917614 -0.0768893375253305 0.184120703755711
-0.336349873743388 -0.0466786830494019 -0.154013233365327 0.0653847139504743
-0.212098737361536 -0.342848344690481 -0.0186637534446301 0.0825205404033195
-0.0991540813304032 -0.486729858664762 0.092764045422708 0.365005757891421
-0.116578759024023 -0.292828005545461 -0.0868328046569455 0.661355384667043
-0.251113508611087 -0.177676216484327 0.266674285646463 0.480205430332146
-0.256212528300359 0.0556265897628672 0.17771744381149 0.0524658598716444
-0.0948572044718104 0.186030977099232 -0.00556850142389888 0.000568852527099669
-0.00235212962382678 0.174482894966576 -0.0298021250119891 0.199458527969374
0.0658431416829759 0.159331427575285 0.160922315780295 0.325732075277792
0.116691423008251 0.124832691645535 0.343879445607787 0.269741276560781
0.100335096292874 0.0962541755657151 0.394047802698923 0.199632213861733
0.0793064765369367 0.11016851875489 0.347830664579482 0.240780039709714
0.0172056025821766 0.152811589246589 0.221395961938423 0.29672209723921
-0.0614552289175719 0.12310983839324 0.0430974242656954 0.291265164904283
-0.096125842669523 0.067016266872995 -0.0723812553324275 0.174853642733439
-0.123019264343209 -0.00836004989145254 -0.109512334245038 0.0756212651394273
-0.104740456625224 -0.137416929733471 0.0155443326346722 0.122615728840356
-0.0951969071358893 -0.25305701299943 0.102863444315894 0.469485317167228
0.0586721863167471 -0.0103060382420391 -0.124128049944596 -0.511723665428204
0.0252329846741997 -0.0754883692548346 -0.154497625712888 -0.184254986559358
-0.0712240545448167 -0.0433005607671681 0.0586834211292496 -0.0664007745990047
-0.0718452053011779 0.0615820563177038 0.0852460236303381 -0.13318754559707
0.0149573676454629 0.0604832746294499 0.00182828317110444 -0.283685302151394
0.0452964422049715 0.0154665974363977 -0.195383501011663 -0.34580271910171
0.0548517023368422 -0.0235999083044038 -0.342896065062873 -0.286792256324531
0.0572135644479396 -0.0178578983239554 -0.403954270351737 -0.225346325161334
0.0496706704588653 -0.010748629309276 -0.366939819042602 -0.264067768928648
0.0253987623787304 0.0131864227698419 -0.203952238476608 -0.314735733960925
-0.00376497079149667 0.0294108438963065 -0.00947421264931415 -0.236138260701164
-0.0509229911389354 0.0103208682096898 -0.0327475145854464 -0.0559864616260728
-0.00919532271188155 -0.0751281648298281 -0.164883801388066 -0.119377883832559
0.105695030494627 -0.0395524886500561 -0.214124229344318 -0.474835207505038
0.102908639327462 0.0492700429310919 0.0918625765060195 -0.779752412380523
0.0306898291072391 -0.224758646411349 -0.132900469605573 -0.503584831518252
-0.0734676529200509 -0.229412922576352 -0.160181914693233 -0.181772140156304
-0.219968478600913 -0.0629520686987217 0.0334286843431932 -0.0819670852111626
-0.184986779516994 0.172959000525827 0.0534750912044671 -0.117640851776593
-0.0112963557030259 0.213033224047116 0.000355186793938061 -0.246331987160672
0.101891591122587 0.161996983251235 -0.165419124406202 -0.301522674846736
0.183752022235763 0.0827258511635927 -0.292322821745366 -0.259443698826702
0.202828802399505 0.0706218582345618 -0.347006603303861 -0.211094016061759
0.204325299544917 0.0993564404015742 -0.320943640531206 -0.242746593494753
0.117083078766067 0.210330513130481 -0.174390394731681 -0.294367015334512
-0.0399629700252911 0.245564676856618 -0.00684752802788308 -0.217836638318306
-0.235127615463659 0.197386515498504 -0.0510402028172769 -0.0503052175916645
-0.277416860303443 -0.106767723569834 -0.20123117265959 -0.136058747314428
-0.0638566419401372 -0.291164003134151 -0.215913723089023 -0.464867966210063
0.0603724635917594 -0.267033438034281 0.0824487241245351 -0.725618782805641
-0.00982989682767376 -0.41624901063202 -0.145425178843637 -0.421780211233448
-0.187712854955983 -0.360381796253631 -0.142877687986506 -0.14132626852697
-0.366478492920181 -0.0633154617471017 0.0258291307402008 -0.0981215264431351
-0.281654442815777 0.285718488695995 0.0239331548980739 -0.11948920730273
-0.0305689580865019 0.351417859397507 -0.0141885472589689 -0.201108884183221
0.151822052979985 0.292711961887651 -0.128698037414829 -0.22393291634523
0.289193449319466 0.177899738160451 -0.20408789215864 -0.195979291451162
0.318296569346413 0.146493459130005 -0.237617032174294 -0.168747211879496
0.32567044852334 0.193973695016496 -0.219874241216217 -0.183247273217866
0.187333105663144 0.378041000986383 -0.109509359802897 -0.22230960344764
-0.0730844316324025 0.428902844218217 0.00454500697918432 -0.150585509758783
-0.39084962484629 0.359127779078754 -0.0681945017490689 -0.0149669337153283
-0.511032931937687 -0.124951907600102 -0.232974177070965 -0.118710223116535
-0.222203208427441 -0.50196756307499 -0.206334614439809 -0.396388726359703
0.0125975673689587 -0.540256003058147 0.0768200281870839 -0.565538617609836
-0.0585383783284063 -0.565741095463745 -0.155226667912847 -0.264589261646194
-0.319075013495657 -0.460037149712763 -0.0926321805845571 -0.0558904446280934
-0.51083594099954 -0.0394069520979208 0.0397855619402878 -0.106788198452971
-0.350508790972937 0.400753564600078 -0.0028131744213424 -0.124826355212341
-0.0316078611267722 0.467689145639881 -0.0352605037498019 -0.138993095106945
0.193255257071665 0.390784659614747 -0.0812316224296146 -0.11486184305878
0.360906232235732 0.246981305105081 -0.0869367885754331 -0.103718366378798
0.384993192625469 0.20016539620438 -0.0918841986794068 -0.100056623551334
0.388984340357559 0.257844990730206 -0.0820646985403546 -0.0939943664343836
0.22176092026975 0.484762966294006 -0.0192520778465194 -0.109088454367373
-0.0951229181538171 0.545279023729524 0.0228925888567877 -0.0446168404740988
-0.482432270448817 0.466293242157183 -0.0798198882064607 0.0453141504947188
-0.660624283966771 -0.121132607036605 -0.246167113704351 -0.0727839232124965
-0.337308748407836 -0.626138558297906 -0.176256939235154 -0.277174461575552
-0.03259031104852 -0.713583152640554 0.0768134554599265 -0.332601886020194
-0.106340379805414 -0.645313171677968 -0.150992539118971 -0.0423228414842979
-0.427228457626636 -0.503391303352969 -0.00457481775114467 0.0713304559512769
-0.612936944979486 -0.000674437510007227 0.0718277307146243 -0.0984192615884195
-0.3801584216577 0.484002261210692 -0.023933712318908 -0.114747328239073
-0.02201104809171 0.531150781355816 -0.0498427340738591 -0.0499999608563217
0.216831010160579 0.437884236695975 -0.0173925604149014 0.0171544167557288
0.383324579624609 0.280128659544926 0.0470438942228157 0.00649845380828279
0.393601283272211 0.222642853181689 0.0664444916662699 -0.0166071037284362
0.387627419214293 0.280455205175513 0.0671227546014266 0.00883390838058744
0.212994349529423 0.508083984425078 0.0794651526417135 0.0234295025711188
-0.108561959628769 0.562379981722175 0.0452319481231225 0.0806899083607214
-0.486143803736002 0.476933325179401 -0.0827703165812132 0.113953080480002
-0.675084670369519 -0.1011689712354 -0.23345779108757 -0.0123044976880266
-0.370473166717638 -0.635836169266529 -0.126572747081429 -0.133364357352733
-0.068548707527565 -0.758246604615979 0.0808225428468662 -0.0670236227221598
-0.135612958193454 -0.631442284736818 -0.135363644894139 0.21608130149785
-0.464626207589103 -0.474192121303401 0.103803315310622 0.223260532268132
-0.611810782365148 0.0296391304943228 0.110628880322506 -0.0657168294179203
-0.346247081276565 0.477794488909594 -0.0358887172212301 -0.0818188662611166
-0.0104210119396514 0.503470149971882 -0.0514571810439413 0.0544886655751056
0.205060533895918 0.414250444602229 0.0567498197829321 0.1539363957522
0.350070353048969 0.271031671159846 0.18024189638946 0.118574781798962
0.344305905608501 0.210251005671627 0.214862289756218 0.0705484337468414
0.324953497435186 0.258836503984944 0.202876532897709 0.109514612440164
0.164886002396449 0.446829021463245 0.162648126397047 0.149763217520709
-0.107477215108425 0.471380964224025 0.060001206367999 0.193436878894342
-0.400766042367881 0.383409197036496 -0.0802930420497887 0.167422673324482
-0.549077730983035 -0.0780563123348564 -0.200726343528082 0.0411780326953962
-0.316091798743996 -0.531883551202756 -0.0706307062297137 -0.0027617688458308
-0.086154416449915 -0.675305092252842 0.0872703736869162 0.179303037702248
-0.137985903520206 -0.51001642582868 -0.11554655094793 0.467723145537351
-0.398139165068404 -0.363322503037226 0.201914726012374 0.37128453657988
-0.485053738328214 0.0469058460038558 0.147789355325715 -0.0101027902079528
-0.246549756947782 0.366809811064938 -0.0317912851095408 -0.0376083903310634
-0.00455003828753623 0.375654170803244 -0.044381735944752 0.146876564293991
0.152282262499695 0.317409602748923 0.123625783458789 0.267048597772243
0.25746770916971 0.217663399923235 0.287075243018885 0.213885277488885
0.241039751656032 0.167701215273682 0.331644235152189 0.147012335986988
0.213268710651325 0.198976463193221 0.30277791719951 0.19267972271259
0.0916883033990002 0.317667531887984 0.212368629233552 0.247383083905864
-0.0931661052853436 0.307358588540032 0.0582139981332858 0.268141086602312
-0.255249648024784 0.22525145898846 -0.0782238757995033 0.187224380552396
-0.338898418311206 -0.048596275625392 -0.158445835132396 0.0709179239160149
-0.212444188138059 -0.350958742697236 -0.0212966235399792 0.0859220279603521
-0.0942399280061662 -0.492384637725284 0.0952614672103443 0.366314511070531
-0.115746309946626 -0.298170462424967 -0.101837299001034 0.665245709486728
-0.255501259829606 -0.18210229604719 0.26746950762335 0.489940501701598
-0.2601440436578 0.0563403420447864 0.18226673130871 0.0540421191164509
-0.0954148327752497 0.186636508774245 -0.00752135500731054 -0.00271126734598129
-0.00186210654947215 0.177188747808722 -0.0357797359405092 0.200117194959708
0.0684936560649457 0.16308507377595 0.163718999274823 0.333368157651206
0.119228964075622 0.128027504310275 0.349528503190166 0.277017280227155
0.100115051721961 0.0991005788630307 0.39986540337395 0.201682677922355
0.0771545173022373 0.112971236657703 0.355823857790193 0.245493804028908
0.0153763660150374 0.153739490735972 0.22625675018551 0.30366779060544
-0.0617960407229715 0.122240603454632 0.0443456964121837 0.297539537191345
-0.093902732999359 0.0661346335623179 -0.0738356051042259 0.177764256317554
-0.12181045125834 -0.00636683900541202 -0.113354247594991 0.079940913986547
-0.106401365920826 -0.139348921810202 0.0134774168468637 0.127664764152049
-0.0955449654578345 -0.255097449898614 0.105798934765041 0.473026509137329
0.0621129432220231 -0.0117027298507686 -0.132892896118843 -0.524404532163705
0.0251386173809892 -0.0814500564253002 -0.160614232908694 -0.188710280874221
-0.0765253956682326 -0.0444513748456028 0.0588011551994309 -0.0753531351493173
-0.0753151186074271 0.0682014868237821 0.0820317702079898 -0.141293209478678
0.0157612235798474 0.0645591936624728 -0.00696552479319008 -0.291227240418355
0.0465322666258836 0.016320805643765 -0.21255552009644 -0.351306708353506
0.0564409991500584 -0.0244870323140189 -0.363419690725801 -0.287971442888448
0.0599908120297038 -0.0204585658331842 -0.422092391955394 -0.222509192779139
0.0538442577633674 -0.0128834188549072 -0.384359104538025 -0.265680354936868
0.0280173924647796 0.015164840642106 -0.21656540582214 -0.323247600419866
-0.00424926758469631 0.0332518039476623 -0.0103610776193596 -0.24459985160625
-0.0546734800775729 0.0127502874637625 -0.0324440330903269 -0.054119367530891
-0.0122570004890263 -0.0794558239579212 -0.173107588732108 -0.121324245491303
0.11156260467933 -0.0442354227028593 -0.232899134301309 -0.48865453258433
0.108475213386454 0.0494219402368745 0.0859126246115173 -0.80243656432658
0.0319598253065691 -0.23072466860002 -0.143560452774085 -0.517682844616634
-0.0779277368505082 -0.239259602774882 -0.166206974399169 -0.186434404073363
-0.227538534032061 -0.0625469491338406 0.0310152667642832 -0.0919708317555921
-0.18960932729775 0.18477751222982 0.0489556577340958 -0.125366469820006
-0.0084275111055378 0.222233238157067 -0.00929683713338397 -0.252792827031405
0.109095427059092 0.16743684006219 -0.179812847631975 -0.30635242692156
0.192658956073343 0.0833983630875808 -0.309864251061048 -0.261707959233809
0.212603683360184 0.0682068206431961 -0.363451699890494 -0.212053520324202
0.215942742593133 0.0981776723218117 -0.335646527655646 -0.245146323767552
0.127572970430384 0.218215985932211 -0.185578316418703 -0.303007571341888
-0.0382365563440228 0.258127342477616 -0.00821498276958906 -0.224959249805672
-0.240644421089428 0.21050206248182 -0.0522922032637577 -0.0494719477222207
-0.290259442200274 -0.108215164807378 -0.211329742372432 -0.136988758973238
-0.0678561858469275 -0.303175754219592 -0.23336720255841 -0.481653862302275
0.0618018380018432 -0.27620966730264 0.0765640826576213 -0.747506616284503
-0.0112295964331893 -0.426736637577656 -0.157384497762746 -0.433704327747236
-0.198112363191183 -0.373114789812991 -0.148561248673822 -0.14470714368575
-0.375963644612105 -0.0624788445487345 0.0223747566312884 -0.109410629068483
-0.286148872200699 0.301211645523752 0.0181415724474083 -0.126491824558549
-0.0250530258454983 0.365159664212353 -0.0255705867864411 -0.206998742356254
0.163763550264977 0.302194146809206 -0.140484587087482 -0.226938709352656
0.30521319360919 0.179203977812967 -0.217537227078618 -0.19812816294877
0.333215319229987 0.145646325383934 -0.249039407085071 -0.170360438743507
0.342376859880884 0.19495771243277 -0.229737293995675 -0.184882462662129
0.204003471825722 0.390180393377866 -0.117260654167369 -0.229112190131328
-0.0692789009360675 0.449169973329597 0.00433868261120287 -0.15569132549103
-0.398542138269606 0.380493282130157 -0.0699737091659155 -0.0131376467469198
-0.533377529706904 -0.122918157892497 -0.243614822025859 -0.116877329840977
-0.235184405630762 -0.520308601784391 -0.223726351854668 -0.410754380411627
0.00989039295084199 -0.555346552788084 0.0739082917866583 -0.586427444029709
-0.0625548850971016 -0.578287769904952 -0.167207881170927 -0.272024588083644
-0.333192017376182 -0.473885190770747 -0.0961710790495365 -0.0579087641252037
-0.524125778923173 -0.0333269543403697 0.0370969284049873 -0.118795150103711
-0.356038801190265 0.420927239493557 -0.00949356167424367 -0.131685788437545
-0.0246524910913612 0.484478430557378 -0.0478196602473237 -0.143200229356535
0.210002872822122 0.40236578108417 -0.0884328007249 -0.115852338123502
0.379741521394508 0.249401961026494 -0.0933674391398831 -0.105270101002751
0.401753141679061 0.199460888186956 -0.0977918080705245 -0.10249680680134
0.407430547443486 0.259519661778293 -0.0846392595306618 -0.095894355726029
0.241791940730027 0.499187770423848 -0.0217245649053496 -0.113719054041517
-0.0929017461671869 0.570541993559635 0.0257083390399 -0.0450185222303691
-0.491420840251647 0.492116196397696 -0.0810502158756047 0.0485150742221781
-0.687497244674706 -0.116867569503101 -0.256773986027529 -0.0673671176827359
-0.356049712942084 -0.64771776550312 -0.189682192887256 -0.285993030472124
-0.0381344944773179 -0.733813699470231 0.0777472153101883 -0.346765099876479
-0.112054210045277 -0.661665810085846 -0.162294513838253 -0.0439998432977263
-0.448146731319849 -0.516324170879821 -0.00357057191892045 0.0724030737875035
-0.627952040432821 0.00747693162811691 0.0702199182160057 -0.109881981263732
-0.383389374354472 0.504812855559923 -0.0323044118530874 -0.121669779127289
-0.0113027548366953 0.549974660959022 -0.0612752315181246 -0.0526355310134124
0.235215258584316 0.450604545324264 -0.0195126205237843 0.020015702758652
0.404568206907951 0.284937431719106 0.0489537608772777 0.00596867783017553
0.411492135688434 0.222941430180141 0.0674386810339508 -0.0201076778124392
0.405596623522879 0.282639667140313 0.0724066442474142 0.0078459891089024
0.233112706695363 0.524474131006394 0.0833769925647333 0.0222438795946382
-0.103381247225774 0.586588171737008 0.0508508123946419 0.0850628701424054
-0.492770647201201 0.502944456590725 -0.0824443987663499 0.119919843997127
-0.699887328577994 -0.0944730790573266 -0.242639643823971 -0.00292241102464416
-0.391534342025517 -0.656402150666682 -0.135949749162029 -0.135990044009835
-0.0748316864840093 -0.780404169249451 0.0855529661366961 -0.0748242401175723
-0.144365798965318 -0.646873501529202 -0.144184177495839 0.221455805819974
-0.486679759608103 -0.485176353602547 0.110368305937454 0.228130694018919
-0.628039148391162 0.0418498896586836 0.11261216716349 -0.0753235394574602
-0.348952294995776 0.499646347425849 -0.0434590728288315 -0.0877674889316973
-0.000592302920640788 0.521105228157756 -0.0614171068264485 0.055172803968445
0.22445179263701 0.426648101982015 0.0610506654431811 0.159731553171823
0.3693207542998 0.274087470726866 0.189090603446223 0.119493748957002
0.358884466852055 0.210423336242725 0.222595138881011 0.0664839197780685
0.339935139658231 0.262817698738739 0.2148937843106 0.108759383364773
0.181447381741469 0.460167606596246 0.172994694320195 0.152066972719667
-0.102675729500476 0.490614338630383 0.068672461810804 0.201849360819116
-0.402896110668609 0.402613061909206 -0.0793446219153338 0.174837191820337
-0.566905316966307 -0.0724869389333391 -0.208682456664051 0.0525970398914607
-0.336120223237177 -0.546892165042403 -0.0754007085127223 -0.000341331918992999
-0.095639247453591 -0.691750464537594 0.0963443246133806 0.178799481583098
-0.147479532092927 -0.524480212368981 -0.121233977182288 0.480862098531284
-0.418687459595276 -0.370946247373483 0.213936023879172 0.380956620309237
-0.497697931863325 0.0560675085314601 0.152775741061277 -0.0163451145459411
-0.247184265613578 0.382533251043651 -0.0370320734953504 -0.041896798440598
0.00400063588089892 0.387678122878525 -0.0508545726897285 0.15065120404398
0.166397756468822 0.325233691794103 0.132839908786588 0.275964298247479
0.272848188980329 0.219518835991899 0.30291798891479 0.216235723712804
0.252039443583883 0.169426395635819 0.345440656598812 0.144937676038766
0.222444453697346 0.202844966583377 0.319476597677876 0.192963485792827
0.101358500085389 0.326074131078448 0.228034740157319 0.252473480010011
-0.090620732192695 0.318447691721062 0.0683913602933081 0.27800971841868
-0.25535465318746 0.236078890557989 -0.0761216895874304 0.195524043685029
-0.348055113140457 -0.043553148878027 -0.16437709458187 0.0825924542139251
-0.225695018581631 -0.35989943986133 -0.0229990116737668 0.0916070249240458
-0.102513508007619 -0.504231964582233 0.107675117175254 0.37223374479687
-0.123550710269602 -0.306282790260608 -0.103295327090408 0.685373070848564
-0.267642344546502 -0.184714558763176 0.282825632916959 0.503552919696628
-0.267223384920354 0.0642437491596717 0.191629124445987 0.0517264043173075
-0.0944154186053024 0.192826295525606 -0.010344091672546 -0.00609270428931168
0.00263930738489992 0.182347483231479 -0.0391683567714657 0.205058554962101
0.0755924239925448 0.167311221030604 0.175336662779125 0.343196917844071
0.12628161567287 0.128949760805571 0.370334576406654 0.279065368955823
0.104392382885714 0.101686251027468 0.418640272331933 0.199115966121159
0.0789630218938539 0.115891587888188 0.37319205704445 0.245168946467831
0.0183111498386804 0.157112877621729 0.2423764555996 0.30985070412346
-0.0610750059401717 0.125110356770436 0.0536502090255917 0.30852939099999
-0.0915840405230812 0.0679118666680238 -0.072058406682193 0.185653303652015
-0.122367350025072 -0.00224679728426364 -0.116825168937371 0.0896867390172563
-0.11301740165639 -0.140775579980911 0.0152031881643537 0.134348596248258
-0.102903939923341 -0.259590269621981 0.120032415407201 0.481993716010545
0.0651666424975434 -0.0157194214557552 -0.157280219172268 -0.532428291740983
0.021750521238054 -0.0883317530109105 -0.172031461755314 -0.186280397915985
-0.0828342494112166 -0.0431822737942378 0.0550079812364398 -0.0859568942850664
-0.0758876427132239 0.0778154531549067 0.0727776303428943 -0.151881518372591
0.0190667766670044 0.0680715518059014 -0.0254475722608097 -0.29568665958315
0.0481149562688498 0.0168192880050515 -0.240716540490678 -0.347404781689913
0.0570944342885735 -0.0271864659839097 -0.390864842163075 -0.275472636468539
0.0618108960414232 -0.0248129543999337 -0.445019700899348 -0.207048596264683
0.0567115950381973 -0.0171056704164428 -0.408745546514845 -0.252923628255001
0.0308191866007969 0.0155954587655446 -0.23970546280284 -0.323526163952623
-0.00339605906066634 0.036725857308382 -0.0203711027566982 -0.25270038026966
-0.0573974508041002 0.0170603863493032 -0.0338917314156093 -0.0514704014026877
-0.0180667866096961 -0.0839012616293874 -0.184686110477506 -0.116617540357189
0.114885108374607 -0.0528619225156723 -0.265970448746531 -0.4953573727803
0.11484241741958 0.0462155041869994 0.0518018840326693 -0.825707692164295
0.0268682436980066 -0.237666050200913 -0.169215050274697 -0.524985653940999
-0.0914978185419761 -0.245773237451767 -0.177653610445201 -0.185126387277309
-0.236682904696947 -0.0555100277481884 0.0246284786732117 -0.103185107525527
-0.185556313721871 0.201810783765484 0.0389409743310509 -0.132815521176545
0.00243595974061174 0.230739162265916 -0.0271829871284704 -0.25685123093297
0.121630165458463 0.169228197852732 -0.204288765661026 -0.302827398358723
0.20402166512785 0.0768315076715593 -0.334533746278518 -0.250784756881293
0.2234241511938 0.0592765442474945 -0.38398993508222 -0.198290451541881
0.228713313249651 0.0893695191011383 -0.356407511727544 -0.233732152439944
0.145379335669082 0.21995984524641 -0.206310833432581 -0.304713429415685
-0.0272868578218085 0.271480321493352 -0.0167696544778545 -0.231833565580304
-0.23871410460812 0.229372757663032 -0.0544546299437255 -0.0459247655545305
-0.306380607158235 -0.100057124896183 -0.224994323523406 -0.130068792327459
-0.0822972463525092 -0.312846593705535 -0.267989063585723 -0.487058791486717
0.0543629640612572 -0.286209223109276 0.0460030048168783 -0.771454548054676
-0.0238216185773014 -0.435680416890745 -0.182387909754843 -0.437954709836165
-0.21935445680485 -0.378518071814799 -0.15862127086831 -0.143879488851278
-0.386759720986436 -0.048719941085431 0.0139968575922978 -0.120822203253216
-0.278597704202855 0.324403368992668 0.00645522033535836 -0.133238457604437
-0.00735625061390987 0.378410632713779 -0.0427049458164646 -0.210617618574954
0.185637113596522 0.304841877672508 -0.159050923278051 -0.223990599400447
0.325073625957934 0.16976255016706 -0.234941116149718 -0.191023408351874
0.350889742300864 0.133345209325479 -0.264947375982764 -0.161662753464329
0.362373006495751 0.182222694680425 -0.243664326748793 -0.178100145037492
0.232758665908812 0.393257942212975 -0.132029066221696 -0.231568438914628
-0.0502498218526295 0.470731653047452 -0.000371030017696278 -0.160420925796444
-0.38982067950606 0.412906945168721 -0.0723873530725004 -0.00869353713506634
-0.556017449857847 -0.10399658202838 -0.257860332862144 -0.105765984266847
-0.266725423336091 -0.529744730049884 -0.254615598759542 -0.414056897393352
-0.00980220328516952 -0.570602579655887 0.0511239459417961 -0.606767937188439
-0.083619308514895 -0.587753582146449 -0.18766184299032 -0.272738518670481
-0.362472614856259 -0.473058299664425 -0.10124242739937 -0.05709138936625
-0.534548200514944 -0.0137236691264192 0.0283950994170227 -0.131247472485617
-0.344454870327527 0.449420833091594 -0.0226889829679084 -0.1378372997677
-0.000435827776702506 0.50116078892294 -0.0641391176973651 -0.144259755051698
0.238699890521194 0.404760647422463 -0.0993029177196225 -0.111857628787715
0.406065587556357 0.237649747819533 -0.102081739919406 -0.102438961262857
0.423638837173272 0.186415895030079 -0.106812610882611 -0.100744660124207
0.43283311642787 0.246101879094029 -0.0896947837764347 -0.0942245880078796
0.277444267568353 0.503752685429794 -0.0275464815483434 -0.116930407949142
-0.0681001307707808 0.59746992631853 0.0274679655070099 -0.0471890115538271
-0.480070165484791 0.530223423128335 -0.0803232408760778 0.0548074073973369
-0.713732212680903 -0.0886843982032682 -0.268008104734793 -0.0521800762469121
-0.394765566815311 -0.653073362141413 -0.213491244682196 -0.286483096036315
-0.0669667484465525 -0.752104776226726 0.0657376115158621 -0.363774155815646
-0.139817878660715 -0.670273903801972 -0.175162986544993 -0.0393556255327301
-0.484274592872292 -0.514434565279267 -0.000269271897479806 0.0730926010623796
-0.639108475336595 0.0360449852966794 0.0634908883351495 -0.123222822421886
-0.367871810740381 0.537893436613104 -0.0452754124793793 -0.126635400611756
0.0145002080159464 0.567198876786624 -0.0758902626951515 -0.0512466072288381
0.268594467718038 0.451871414988757 -0.020705988672979 0.0243059475643624
0.434981207701272 0.271078179284418 0.0503598358374286 0.00417923647428168
0.435360687091012 0.209491302254102 0.0671391614851838 -0.0241227379317086
0.43101444582909 0.271685981824248 0.0772242922582485 0.00354362993440159
0.269128345449064 0.530066063593854 0.0879088804349308 0.0181149146231573
-0.0775671888724795 0.611777601348065 0.0601597520386909 0.0863108883285805
-0.481179913315148 0.541753033609899 -0.0780580694884065 0.127685030072436
-0.723921826736427 -0.0663274091928201 -0.251237546963766 0.0156975557309319
-0.431432357690584 -0.659464855990061 -0.150732010302534 -0.133734819452374
-0.10416898866674 -0.794164951839256 0.0864120813256403 -0.0854553014464318
-0.172444899053657 -0.656127020005413 -0.146357357205091 0.232582329213878
-0.523813476707912 -0.478933389753801 0.124421182776938 0.22887800848821
-0.639202564330387 0.0721184224347886 0.109837016019238 -0.0879628938701304
-0.331507080545982 0.529016533093162 -0.0549915511464625 -0.0916890767218367
0.0246809917634176 0.536250000585016 -0.0706886107838225 0.058555103484932
0.255384099322162 0.427126614855507 0.0695990686083626 0.163454477816226
0.396443915793734 0.26353523643843 0.201391160103694 0.112959757743111
0.380001747831245 0.201260292362387 0.23176615982328 0.0564989110384802
0.359969004157679 0.25427129337581 0.228682079158132 0.100860771130131
0.210704213123865 0.464432161680827 0.188448388573673 0.147504849074665
-0.0840216641532863 0.510725179374228 0.0842141801864781 0.206132989857684
-0.391655375158744 0.433222060996824 -0.0730305639799728 0.18413944791984
-0.584670176461822 -0.0477413781497296 -0.212782302753002 0.071015819893961
-0.370408732527885 -0.549093714880131 -0.0803317280816796 0.00481665349800393
-0.124766247218475 -0.704546533832996 0.109695897342687 0.173627657039137
-0.173422714163458 -0.530088582218197 -0.1119112629718 0.49855769879075
-0.449046255224543 -0.362681534213295 0.237038303080333 0.381907280847812
-0.507186654405178 0.0831245675072884 0.156483260095185 -0.0272394662826381
-0.233385073479805 0.405428809429815 -0.0448665450752804 -0.0450727502046569
0.0236704598461874 0.39790598592308 -0.0542579912703101 0.156089554821657
0.191308431006427 0.326412414701133 0.150829832757036 0.279247322813134
0.294369344958663 0.211476772687877 0.324124450164774 0.206683269819352
0.266271474236674 0.162475708452563 0.36134554680146 0.12973486136917
0.236617825473145 0.198458808473119 0.340240279926301 0.18108435292709
0.120595749639235 0.329609269375851 0.249532644399312 0.248518584395518
-0.0771969521361234 0.331582408411166 0.0872654919713181 0.284354123747655
-0.247240938403716 0.252402543268601 -0.0680623091386459 0.205377424254996
-0.35649246632399 -0.0278615530658937 -0.166347569162728 0.0991305584344934
-0.247865483116421 -0.358464295646393 -0.0208014625719312 0.0973420661317352
-0.126287432071403 -0.510071660908844 0.129987435146847 0.370808717501333
-0.141764952142698 -0.308406809651383 -0.083918290228292 0.708909050354958
-0.285388790004184 -0.177787542585375 0.315517984325246 0.505979190997334
-0.27079188363727 0.0804804337535564 0.201167722696036 0.0427891178076584
-0.0870288494586981 0.200814317624436 -0.013913457537674 -0.00892838291151654
0.0121702710760348 0.185997300187319 -0.037041179996763 0.211036314281473
0.0880126492363374 0.167120341909108 0.198043648052296 0.345609289674909
0.13706558443362 0.125881832610995 0.395137327308415 0.268366108035187
0.111363696996118 0.100079247045423 0.439693013335558 0.182549693452092
0.0838939896387274 0.11620478319563 0.398106855738843 0.23300874647534
0.0247652622074547 0.159486445379683 0.268484225341429 0.306564805726218
-0.055832325702214 0.12921152104553 0.0741770874390285 0.315419658563722
-0.0872263794556914 0.0708007718622413 -0.0634449756533092 0.195393286104703
-0.121824384330818 0.00546773374569932 -0.116897344967071 0.103850634336198
-0.123512488781529 -0.136845141681054 0.0209712542346094 0.140082889056058
-0.11799315878714 -0.259585703582069 0.147829775387526 0.483042402791733
0.0636783704056575 0.0205469955772129 0.0945936475634057 -0.556469250549982
0.0602500157241786 -0.0708322766072086 -0.0747644033475541 -0.243377372137998
-0.0603457159989652 -0.0779256446737763 0.0881563480898717 -0.0566967560487132
-0.106458975296871 0.0410549288421187 0.131074160228262 -0.10772826229148
-0.0173765825341885 0.0746428934860883 0.105323295914867 -0.278597886854387
0.0328784747784875 0.040173139474129 -0.0686929767510839 -0.420474444708318
0.0601101517360083 -5.59033259750208E-05 -0.236801233761312 -0.4190137762113
0.0671033237156671 0.00423920241318421 -0.313405434471598 -0.372136288271993
0.057968990654637 0.00996432922615683 -0.260993800002293 -0.399731508275283
0.0193899048255229 0.0286836143466723 -0.0775636577782251 -0.392724923432862
-0.0215042364914861 0.0336146463299161 0.0917569925974515 -0.235822810288616
-0.0617429608427148 -0.00937260941299671 -0.008635503200912 -0.0579027935478569
0.0174662063542582 -0.0881350743481007 -0.113808507038102 -0.190641029900815
0.126860009375158 -0.00696730020036563 -0.0198997283788063 -0.573434464261147
0.0837271635558527 0.0911460551872895 0.436464961042504 -0.717003395413012
0.129185097420722 -0.196090415491649 0.0718054128482468 -0.553895432137939
0.0266961381925194 -0.262805254766071 -0.0810031816672294 -0.239443816978402
-0.191434465663404 -0.156402299940673 0.0696929870501113 -0.082267171259734
-0.257351088488134 0.104843164782586 0.0942952156240892 -0.102380506479851
-0.103532686633468 0.213373154978953 0.0929796356751498 -0.242888859607755
0.0346768536010242 0.210307548558702 -0.0507902319730073 -0.366474840243853
0.150519232793693 0.158730304416644 -0.193233823966749 -0.374044152822304
0.178999943628232 0.153173323632599 -0.260313116007067 -0.34173836138434
0.169085653533298 0.179008243840652 -0.222726109629673 -0.360086796111356
0.0388119552251298 0.26325871522257 -0.0594486867624448 -0.357934032566117
-0.14390739520139 0.239077188879687 0.0794030266171207 -0.213314018349181
-0.315301247650075 0.104615867870222 -0.0386718555336208 -0.0630969425202869
-0.236823533625448 -0.230602554303184 -0.147620042313363 -0.226487194000423
0.0603140065424827 -0.328289259592809 -0.016896262517635 -0.567845289937929
0.174961080342427 -0.23418412092776 0.410877984682701 -0.667409873758527
0.17276185206429 -0.39563439832259 0.0150768938082611 -0.480995574633579
-0.0315264753560559 -0.439720961715042 -0.0805533231849014 -0.188383158559574
-0.329479620686936 -0.215502091535259 0.0710789983974967 -0.0995164854828493
-0.391708279343715 0.174351862173679 0.0679160138124505 -0.113942006102966
-0.175945834070881 0.341820091618869 0.0633528676560354 -0.206969641331805
0.0358878098152565 0.360718948973858 -0.041205534403176 -0.277198227573128
0.222734687027037 0.295660276945646 -0.12715489601464 -0.277606328824443
0.264113289450231 0.277830452846623 -0.167145977956707 -0.258268630075837
0.250351903321222 0.321132616479467 -0.143741376731736 -0.260895444420432
0.0472963988120281 0.458850930603598 -0.024979646662648 -0.259862745002365
-0.250327369082862 0.411988840101359 0.0576845262608745 -0.139181857468753
-0.529672136446309 0.205503595040652 -0.0785444754943069 -0.0372632160004982
-0.461247512306064 -0.343886086499698 -0.190625886415276 -0.223581163836876
-0.0113243572077652 -0.603152916889988 -0.0301788776756479 -0.497234508479593
0.24138305708031 -0.518246416897595 0.343003148561206 -0.517450349196673
0.190756375387187 -0.562656663837929 -0.0694406423031334 -0.332661597295908
-0.121678042741495 -0.591501358196151 -0.0647168161566054 -0.0801139112601203
-0.479685294347475 -0.247185044743604 0.0918668390914958 -0.0994390591023028
-0.504177001902336 0.258225944115196 0.0469920330927757 -0.129442717574104
-0.222978038455668 0.454377175792415 0.0205836649065018 -0.157388919029306
0.0432063855536943 0.475216069222883 -0.0335703757020596 -0.15163722333026
0.26897205151759 0.393797269388964 -0.0443155195949748 -0.140287595087831
0.307629754196617 0.358847897392537 -0.0491399473191036 -0.136705177364828
0.287679548127894 0.409468912087468 -0.041315778228341 -0.120160916927456
0.0421961313918593 0.579124946059188 0.0195364804630809 -0.111655273463857
-0.317619339934405 0.51985003696302 0.0302698219019937 -0.0233388504248883
-0.658305218086393 0.274849805193329 -0.118675877795996 0.0161765494820132
-0.608303965889579 -0.399479861030068 -0.226538589460147 -0.182033716749272
-0.0736113432599068 -0.771680480453704 -0.048055591377193 -0.364058810277453
0.270181854426564 -0.705025945024878 0.244540988274064 -0.291052839161164
0.177294424339135 -0.664284901521791 -0.165271269087435 -0.113974339637388
-0.213940006375962 -0.683565297951387 -0.0291725241392098 0.0865293681011797
-0.597462338920758 -0.248214936608498 0.123943065727375 -0.0733755722574199
-0.562077475714746 0.327467598077153 0.0247013559026631 -0.128398605152946
-0.235082130537816 0.520183129713452 -0.0282085790315753 -0.0799668802640856
0.0508388140495087 0.528861388011286 -0.0205885403136706 0.00470827063347623
0.282582889925731 0.435693692336789 0.0478220391980125 0.021829379736436
0.308027124995957 0.386007790856337 0.0745917980447968 0.0055869654080217
0.276651379157142 0.430314867216586 0.0680333215458665 0.0388791692429877
0.02511171212046 0.597632793523778 0.0666309991131757 0.0589261241122767
-0.334531812093559 0.530517290709596 0.00211344445531237 0.111434139798713
-0.66182866828549 0.284405303521883 -0.149482686890602 0.0831835659894618
-0.627407248241096 -0.383037495741165 -0.242718800600623 -0.110850057331738
-0.104025040981944 -0.790958908564116 -0.0593655573266746 -0.194244632751539
0.25295664773681 -0.760243894972899 0.132279653749955 -0.0324724565987787
0.141565918739086 -0.670223853182645 -0.26159814266914 0.148167892850285
-0.267118661161812 -0.671983480009098 0.0178097329982451 0.283994503022113
-0.615140493134691 -0.21531523300076 0.152243405718152 -0.0203530584016972
-0.526518148549997 0.334935348269922 0.00108234762450499 -0.102013681394036
-0.20971004064217 0.495192069327268 -0.0729827577629316 0.0208738279199092
0.0515756428429867 0.500717684083908 -0.000951756392391886 0.170651710507258
0.25307345431648 0.412317921984458 0.136754339345394 0.186503344301209
0.261108225453735 0.352661542141889 0.188047770446337 0.147898494703396
0.218306027246505 0.384206973635659 0.165058877105778 0.189703342762934
-0.000576146256785384 0.513346607798514 0.102469423838067 0.217227693713413
-0.293638288169778 0.435677151677401 -0.0249354249995825 0.22922276522694
-0.53367988634985 0.224761285860321 -0.165002501563301 0.135652704381038
-0.507204673309507 -0.301420570404546 -0.233314891473913 -0.0381074124666607
-0.0973581370565237 -0.659080169112459 -0.0619389053912612 -0.0345214737020185
0.195538852585749 -0.68788257077179 0.0303682881828196 0.209609252706929
0.0850867240084233 -0.559197316115051 -0.344947738975827 0.405889348397052
-0.251610128591639 -0.536741938469914 0.0532747135832924 0.470288490066291
-0.499234368262473 -0.148433501580556 0.166280555530919 0.0535469139966437
-0.38365464586599 0.263635797063131 -0.0126166931107869 -0.0572518959297952
-0.150792763026481 0.36851446059723 -0.106114547911812 0.11503827619086
0.0379429811782851 0.378716757699066 0.0197412363769665 0.313024755671675
0.182440621430996 0.320444241518361 0.206538727105207 0.325319843389052
0.173248651748952 0.267643333253024 0.272800645795534 0.269015882503266
0.129332426897763 0.279747925290643 0.231533672680673 0.309706701862172
-0.0259472108619899 0.35112547643719 0.117534434897582 0.33169128847345
-0.210312269076318 0.270684088483199 -0.0506647010110306 0.299391951087325
-0.324552992453477 0.123931698823793 -0.162142667989962 0.156694085460932
-0.308937018993255 -0.178720317403539 -0.201325984956132 0.0136093073411973
-0.0696825472557815 -0.429663912516198 -0.0550478152942383 0.0789337246990342
0.10907496378162 -0.513334274055979 -0.0453428367029744 0.395307433739737
0.0153737534446721 -0.348440145139432 -0.40790035904585 0.609045214353647
-0.184000112123065 -0.29655487440575 0.0694143231820802 0.610189092735469
-0.283802720066318 -0.045533481793086 0.172431698961407 0.132847580843929
-0.163134730405729 0.142279231292338 -0.00403941955494167 -0.0151460050437893
-0.0668804528186143 0.171114198239517 -0.122641094882081 0.172611387671594
0.0120135356256582 0.188044097307693 0.0299439300062987 0.397416457304974
0.0759323026215454 0.173764540030086 0.242548991563139 0.413276078227017
0.0587562496010589 0.141146484740204 0.319612224793835 0.349691265551936
0.0268166024155391 0.140396966036515 0.261265521207765 0.377640448019567
-0.0424096606556866 0.154310410820707 0.112535726930569 0.391127564448352
-0.102728293389253 0.0929260900402733 -0.070239263426932 0.318507758454321
-0.103307174769819 0.0283740248569664 -0.145120573997618 0.149676198890948
-0.110935344663074 -0.0440812325041976 -0.156903778077184 0.0447867001064248
-0.0531035418718602 -0.173528856211397 -0.042311785678557 0.138009172396313
0.00595357933604646 -0.283239227594801 -0.086602764664809 0.502756725454586
0.0646947081270434 0.0158120481241404 0.0635916528941113 -0.549269964485345
0.05618924919002 -0.0767361351415669 -0.0854137040390133 -0.234569544237762
-0.065596857261537 -0.0752242968175989 0.0828203994795321 -0.0668906943869603
-0.104783284998247 0.0494063280791254 0.117588896712438 -0.116619801217772
-0.0133729785747653 0.0775242190520302 0.0840530096772675 -0.277631825306423
0.0340130738461624 0.0400182136798029 -0.0945830090870228 -0.405999589057477
0.0593589442427351 -0.00184534142761757 -0.259025680205909 -0.395782397392982
0.0677750188982789 7.71772384068319E-05 -0.328363804484424 -0.346161392593083
0.0591540603733595 0.00529295817360315 -0.278779520539514 -0.375937568707347
0.0217817860933468 0.0288678418012258 -0.0982682054578593 -0.381051706252613
-0.0205309418883481 0.0365025049819579 0.0797134264185861 -0.237163660060003
-0.0636947746844502 -0.00510124752936213 -0.0101098089203409 -0.0523781006381928
0.0108779535051272 -0.0900022948246722 -0.123471849316584 -0.181989616311212
0.126364032806444 -0.015389184563775 -0.0573347939372741 -0.561346305192743
0.087815297410939 0.0851433329935664 0.389216639126527 -0.720225053477705
0.119512976616966 -0.196553646769412 0.040774280670642 -0.545861905894947
0.0135356037393879 -0.262942854449211 -0.0917665076920385 -0.230692768727134
-0.195955583881569 -0.144686860934941 0.0625492764569595 -0.0916018834967667
-0.246213874934064 0.119918129424882 0.0819188980795627 -0.108653991454439
-0.0898619070750317 0.218261504217395 0.0724265724433713 -0.242173752455775
0.0466606516031609 0.207228719252855 -0.0747891955430365 -0.353598356741893
0.158307589214407 0.148031545472062 -0.213184568436469 -0.353538885507352
0.1862906634085 0.139777105862632 -0.273966410785261 -0.318285704866889
0.177537589730444 0.165066838214438 -0.237519883099582 -0.339181180767765
0.055577657512336 0.258418364205523 -0.078577739291837 -0.348933602358089
-0.129238040782396 0.246686305396626 0.0682979439929316 -0.213860030869337
-0.304126001922484 0.121578593088395 -0.0416080552750128 -0.056841203267654
-0.246273917772239 -0.215938207159799 -0.15877249996192 -0.214048320503984
0.0440012950910268 -0.328112322126106 -0.0529808281131758 -0.560120952594334
0.162309344537689 -0.236989329600645 0.368939545463845 -0.674342373146453
0.153714695635125 -0.394389305694391 -0.0133529106404135 -0.473442041388617
-0.0532485530822475 -0.432352596523939 -0.0887338098291467 -0.182124236188146
-0.330918975899513 -0.195287052738462 0.0618501392164322 -0.108981557324696
-0.372735866320597 0.194749651915793 0.054384296419507 -0.118747655732593
-0.153523932039251 0.347191491118945 0.0437465623890805 -0.206878065129515
0.0574393827603615 0.354268956012746 -0.0595865038186363 -0.267100243447648
0.237886502663781 0.2774857754135 -0.142449317243986 -0.263624467231096
0.27613703948994 0.257737498506227 -0.178738974075332 -0.242537042604305
0.265390311129117 0.299510841921399 -0.154206074819029 -0.246632093013356
0.0740337267588945 0.449409681924854 -0.0391874644499432 -0.254679284566947
-0.223075932317733 0.423359743211554 0.0506631793755596 -0.13969361602781
-0.507244913948192 0.232598389169219 -0.0800794820760961 -0.0295275589211836
-0.472977182200105 -0.313912846366494 -0.201176340251744 -0.207147713679184
-0.0421319851586632 -0.5947437017348 -0.0619003296619236 -0.488639289779669
0.21445396310431 -0.517601117758056 0.310315805154004 -0.525910582472374
0.16139155293134 -0.555526343451321 -0.0895212317244897 -0.324001680163697
-0.149215631390015 -0.575923351826735 -0.0682590802638043 -0.0763325429511085
-0.478194332655341 -0.218681748021029 0.0827428599566651 -0.110135797024355
-0.476416322669125 0.282564260963947 0.0330726505705514 -0.132855227826672
-0.192233267084108 0.460456601004861 0.00211521901294693 -0.156655505273738
0.0714195412139879 0.465511432550378 -0.0450121323163072 -0.144039886706142
0.288938899141301 0.370523084489444 -0.0519608361664943 -0.134247044569297
0.323870194029177 0.334358311609247 -0.0567153687942195 -0.13038312210051
0.306432517246076 0.385775362518905 -0.0442175481858198 -0.113869577731727
0.0778615266767262 0.566240913208082 0.0129468965283434 -0.111138534138872
-0.284491117665174 0.53315687392223 0.030712816966879 -0.0239690056582005
-0.630283054096423 0.307899053632915 -0.117076323373172 0.0244266789080925
-0.619842017998725 -0.360622042962569 -0.235123104140056 -0.161340423999382
-0.11248435315163 -0.756121771302581 -0.0711210899031792 -0.357206262420003
0.232011815768204 -0.701038734474213 0.228166010811477 -0.299776609153301
0.143983494552068 -0.655229142434985 -0.174113802225507 -0.104699544794744
-0.246095670443954 -0.660940584776976 -0.0242742692909748 0.084988822183477
-0.593617661662641 -0.212715456150811 0.116052586561913 -0.0854907521978627
-0.530997828694364 0.352634169042109 0.0113278539063367 -0.13156818433282
-0.200394682499855 0.523822448861677 -0.0425399099080941 -0.0789549664796454
0.0822808909723558 0.517734377869833 -0.0229994036115213 0.00869260165675987
0.305620209631952 0.411247057599919 0.0484537536952319 0.0195120677359527
0.323848679494142 0.361348825000496 0.0735223281083833 0.00143329116610928
0.294407790723071 0.406069007612455 0.0721414352594532 0.0353095272068498
0.0606725239617056 0.587234080680735 0.0693475683534002 0.0538029284161361
-0.298243914213952 0.543153675446358 0.010831050893726 0.111347972832511
-0.630434365381913 0.317141191380882 -0.143466351865301 0.0913582502546159
-0.63445516138985 -0.341676108130332 -0.246545276293971 -0.0889792893873159
-0.142260965820618 -0.771255839110301 -0.0740622181920851 -0.18845896379058
0.214112002106122 -0.753782772284307 0.131491414711645 -0.0429000897369532
0.106157894814762 -0.658280262477717 -0.255750518511977 0.155906492773443
-0.298923672470658 -0.647334604433096 0.0313766965230114 0.276984822118192
-0.611472265292429 -0.177515635183875 0.14752018199448 -0.0334882796773335
-0.495852617057509 0.356558146493056 -0.00911179978034563 -0.104115811808976
-0.179769125339579 0.497582537856678 -0.0814523117177845 0.0215384038311583
0.0815331210386044 0.488075709740458 0.0057411320769137 0.170465684775532
0.275405473277995 0.388260582650513 0.145531051143414 0.175148401387583
0.276476083106499 0.331084193979639 0.192218963759139 0.134639327682971
0.235145139706194 0.364119952443849 0.175470475546053 0.177283302142649
0.0300947622252936 0.50424461302404 0.11477656329652 0.207011074666269
-0.264132700681735 0.44587326674906 -0.00841247499591818 0.228203752334685
-0.506207321934259 0.251052038779366 -0.155350317392592 0.144188322951324
-0.512161721187242 -0.266309080756723 -0.233475299045928 -0.0172100482098472
-0.127804240495206 -0.643234500984048 -0.0663383007334241 -0.0307716951302679
0.160462223976554 -0.679727506636503 0.0445051304380768 0.19882183584131
0.0548635333505904 -0.549996279585331 -0.325732625472564 0.412404374599655
-0.276517147739816 -0.513181018792285 0.0778214754146133 0.458615205204663
-0.494976271331971 -0.114797061941356 0.167033585910067 0.0403478463468604
-0.359196707536671 0.279902385863674 -0.0186520685668951 -0.0594593421387489
-0.126558018608812 0.370192906430957 -0.107300565948283 0.116213447778398
0.0608549823988455 0.368757888795118 0.0353368030593257 0.307985829366517
0.198608335868941 0.301516565286725 0.222604016958773 0.307543675462615
0.185119307566496 0.252123475401695 0.283167523736171 0.247341399260007
0.140473723641504 0.267801830703251 0.24758174231758 0.289820158662219
-0.0063736664758135 0.345252597027706 0.137376084077798 0.31926977417517
-0.18997229584792 0.277673767805528 -0.0296508740143318 0.298244180722095
-0.305929334443692 0.137893076854757 -0.149919176615997 0.164878037080116
-0.308529252351203 -0.155731029331694 -0.199817517912702 0.0315015966480721
-0.0910851568524535 -0.416905922155594 -0.0516074634336201 0.081491003333907
0.0812236344056186 -0.504642852867681 -0.0194589453049075 0.384330868745473
-0.00432879129108117 -0.340960725596904 -0.375157875371646 0.616369167740523
-0.197981377001164 -0.280572815873782 0.101542252254748 0.596786151357747
-0.279292632365542 -0.0273593232019669 0.179030854415272 0.120645248424636
-0.150869891354792 0.147327083932098 -0.00602998755802712 -0.0179718054647971
-0.0554208974956064 0.170606405908029 -0.118241293681978 0.173658331564929
0.0245356303671787 0.182404824764906 0.051463686090287 0.389584495828197
0.084767710399614 0.164060509701071 0.263938535994392 0.390681700126036
0.0649149908991871 0.135093611472572 0.332625043717345 0.322715798114507
0.0315169405454368 0.136976628568194 0.280375007168404 0.354932513041001
-0.0345014132164139 0.151899743762832 0.135442167944707 0.377130927867216
-0.0945161590118286 0.0943894752882845 -0.047275348563025 0.318804647234797
-0.0942909903277021 0.031457788540677 -0.132912486392103 0.156864239868117
-0.10796882070114 -0.0331578070831532 -0.153557280891356 0.0585602301080333
-0.0629482761004884 -0.164543965090987 -0.0349806364285175 0.139628918371045
-0.00973590258376465 -0.27632148022381 -0.0536721078586511 0.490791790977382
0.0647994521191046 0.0129608400550108 0.0437484926630271 -0.534746262787143
0.0514750628301557 -0.0800101758202598 -0.0900675330265794 -0.224216724886909
-0.0697132204852234 -0.0720187720648287 0.0771268477593294 -0.0740768892919541
-0.101425877038009 0.0555829030621613 0.104897837257738 -0.12038466488788
-0.0105620264213062 0.0785346929704474 0.0683324051940558 -0.271529299808488
0.0349682218546409 0.0410310979575651 -0.112068288740728 -0.387460627681148
0.0591431011087737 -0.00235221949504143 -0.269354778501682 -0.371452660503233
0.0669403217974612 -0.00318887561200525 -0.330816298879201 -0.321346694735341
0.0585091975859409 0.00146016572891508 -0.283415945107496 -0.353722529428118
0.0232517128280616 0.0288374484800929 -0.110367890174202 -0.368033601847739
-0.0198922929385014 0.0390333015137748 0.0708834896340269 -0.23395366191164
-0.0642183153084318 -0.00160240628039377 -0.00947324742721531 -0.0471828685509945
0.00552243447984932 -0.0902603966786999 -0.128590108837761 -0.173289888649413
0.124887785726283 -0.0216033072359544 -0.0788586508898752 -0.544903958037617
0.0901567402864187 0.0804063769866172 0.353823542535839 -0.708023321646912
0.112392194258921 -0.193163235746461 0.0199687480946092 -0.531541900561041
0.00469667157669185 -0.2589409013154 -0.0961654550697388 -0.220890555099492
-0.195242647597 -0.135603098890248 0.0550886803279515 -0.098098884106206
-0.235149147444011 0.128809785606224 0.0694287880085364 -0.111394201882864
-0.0787488562680609 0.218376733834608 0.056599966236966 -0.236800149021616
0.0545678527545458 0.202218250749505 -0.0897646601706956 -0.337742843715602
0.162200474086141 0.138242566231584 -0.222588638712744 -0.332234465747904
0.187751786480583 0.127786095054207 -0.278396207092663 -0.296715263994378
0.180392751904481 0.152423072945745 -0.241331252564551 -0.318656547722969
0.0656542241823095 0.250324724682255 -0.0899533288814493 -0.33739767349974
-0.116260422717167 0.249028300299597 0.060333092185737 -0.210516014646665
-0.292453638961365 0.131778007608198 -0.0427419262206519 -0.05015050539039
-0.24954803128959 -0.203054573220752 -0.164433117766401 -0.202606983661755
0.0326943674569145 -0.323897806231285 -0.0774022861955661 -0.542443586312914
0.152025306517969 -0.234215830970175 0.336964885982248 -0.665812190532867
0.140566530956348 -0.383549734645142 -0.0313249012671017 -0.458176898607834
-0.0655354855411104 -0.421868937602157 -0.0933223911999573 -0.174391457588322
-0.3259048897182 -0.180105449264375 0.0534368217754685 -0.115774661609042
-0.353033332235537 0.206004734065591 0.0420635232389753 -0.120069764821671
-0.135433694065215 0.345804740192066 0.0273108529752926 -0.201512768993721
0.0712401941782287 0.344096881236694 -0.0716673072995444 -0.253549904091646
0.244333585727518 0.260382410759106 -0.149709002413036 -0.248062047914116
0.280865081852052 0.238078917230976 -0.182437615695645 -0.227183190948028
0.271065771089154 0.280161743581257 -0.156964188136236 -0.232414378188044
0.0928215045222707 0.435643529557953 -0.0486405939969498 -0.24618105244539
-0.201115838979669 0.425486116204359 0.0463029845386282 -0.137340114972572
-0.484198862887398 0.247468872293065 -0.0799394199637136 -0.0228644564818798
-0.472658623314279 -0.289821607537696 -0.205111809998254 -0.192184196555251
-0.0588710862503956 -0.580504227818582 -0.084269283905173 -0.475800293581452
0.195299865757617 -0.508234506869747 0.285657183576431 -0.520984352606528
0.145154585400962 -0.540307307024491 -0.102652068064596 -0.312101018339616
-0.164043980081405 -0.556436862744601 -0.0694837784888305 -0.072957970744441
-0.4678123331872 -0.196671222660031 0.0729021968667982 -0.117184539225312
-0.452000620827284 0.293258990214111 0.0207416611616837 -0.133190473280172
-0.169122282464717 0.456210476000944 -0.0133512918700958 -0.152571995924973
0.0888391929637522 0.450933850339838 -0.0524521983113919 -0.134626476327808
0.298079205700838 0.347766319828719 -0.0560690989955705 -0.127036650156094
0.329457396056569 0.312143838935734 -0.0595534159261948 -0.1241824319072
0.313304255304616 0.360832855725559 -0.0444614216813969 -0.108375410618486
0.0987885603441974 0.550677858894696 0.0082384169602241 -0.109378590990789
-0.256872872425693 0.53488367738417 0.0310680877820841 -0.0235071518004087
-0.599666490548733 0.32366657381903 -0.114109971599404 0.0310749961969964
-0.617232598753785 -0.328260613640027 -0.235939805156842 -0.144259794920388
-0.134521886617229 -0.736169358113965 -0.0886831535245427 -0.345090213763234
0.206762664990315 -0.685108116665281 0.213492679248916 -0.303584718304116
0.123975697487344 -0.635968068004688 -0.178487135028597 -0.0975527141054124
-0.261306231703892 -0.635024026031183 -0.021711300785904 0.0824605679233781
-0.579349073737336 -0.185645669137689 0.107831633528586 -0.0939819040517704
-0.499664933173017 0.363410322811691 0.000421422471600042 -0.131476139172371
-0.173973561028154 0.520310035793019 -0.0550013712139847 -0.0751501918999338
0.103340276081398 0.501625668348457 -0.024838938411152 0.012508314877134
0.314781326877073 0.386129817760851 0.0483138558772323 0.0176996653376559
0.329145595644922 0.337929890515707 0.0706064157122572 -0.00110422715192744
0.302235344526412 0.383477397066267 0.0746952489225384 0.0321123208404983
0.0841050015928035 0.568512951946488 0.0699974898228871 0.0495411475518136
-0.269119100102021 0.543612432509615 0.0176140406219673 0.108876016570144
-0.59830918540745 0.330280824957938 -0.13725144268229 0.0975421383846258
-0.629370646668767 -0.308729614307531 -0.24514663985531 -0.0712632310228256
-0.165164961997368 -0.747714718300296 -0.0835722456909553 -0.18107944344531
0.187225238796999 -0.738215990981917 0.128387829608101 -0.0509674164269722
0.0848913253229982 -0.639791450166309 -0.249757304640303 0.157881833510428
-0.314663583655472 -0.616338920529629 0.0402662386210542 0.268097237874656
-0.593828547903562 -0.15130526140174 0.141439759035143 -0.0429742902705258
-0.465084843273957 0.36518023564851 -0.0171662720386616 -0.104615326306899
-0.15373597384021 0.492270678797105 -0.089267766370691 0.0233172184836307
0.101832388295961 0.469885468253956 0.0105453404364077 0.168694154749602
0.283222606772174 0.363569819986955 0.149703673355538 0.165323093367317
0.282332497254345 0.311010814221656 0.191707358502755 0.122717147905118
0.241191406255769 0.345617858661459 0.180686910239437 0.166159493468904
0.0493816298284742 0.489823975464654 0.121245546195959 0.1970138200004
-0.23783296497984 0.444985473965627 0.0035083532336552 0.223973190043367
-0.479202562424009 0.261298024648436 -0.144924598443671 0.149762618596831
-0.504601374149988 -0.239469197053714 -0.229596525697505 -0.00100193275375013
-0.146763042787748 -0.621129271596599 -0.0698106730844618 -0.0262638815105901
0.134339456473592 -0.661306081305057 0.053041233968205 0.185641061083082
0.0358802277939818 -0.532504708530553 -0.308555771561158 0.409690215103146
-0.28843814969596 -0.488569745864393 0.0914247435056162 0.443452377398953
-0.481051360147034 -0.0930624603316441 0.16458647635463 0.0306380364860822
-0.337158297714298 0.285037050697936 -0.0229532898076052 -0.0606808839678565
-0.107846097912464 0.36452911237033 -0.109302371381072 0.116281963555864
0.0763108894646597 0.354556019410119 0.0446748489851087 0.300423248539952
0.206839321823946 0.283030605764246 0.230204126003036 0.289726846558459
0.189612952158974 0.237707787002822 0.283558401153466 0.228234792070253
0.145974904200523 0.255264068647803 0.253565099326725 0.271659020067664
0.00673192195576647 0.335195618496415 0.148632309300981 0.305314961808774
-0.172782592946444 0.276662360572935 -0.0132153664378648 0.293187416893181
-0.286729947570396 0.144172957528714 -0.139398469824037 0.169073535059537
-0.302145926529077 -0.137739358633888 -0.194125560852365 0.0460825464453753
-0.102970118248331 -0.401028074912166 -0.0508161327155873 0.0819794151611944
0.0607141387051557 -0.488995169937109 -0.00203142640887826 0.366721335831835
-0.0162981485128243 -0.328997908226852 -0.349437460577382 0.609329271969468
-0.20414505341233 -0.26481267602581 0.119039887967538 0.57792846538593
-0.269458285086366 -0.0139402499115647 0.181318627031984 0.110522915693783
-0.139274056004287 0.147386338346985 -0.00787789304137488 -0.0210605735728978
-0.0467806314125943 0.167220435167517 -0.114963408173692 0.171995443939318
0.0322845792760886 0.174523587027697 0.0635774628567145 0.378621898007879
0.0889926068045536 0.154259983110097 0.272208404831795 0.368297905078144
0.0669589600698902 0.129062104380162 0.33520706188609 0.300885329990376
0.0337637376132865 0.133445857577263 0.287641902054394 0.333909779898965
-0.0288782194758098 0.148109950347418 0.150095826745403 0.360602080939051
-0.0865800878316509 0.0930154958138423 -0.0304198227104506 0.313222108525976
-0.0854892769705961 0.0315943961282191 -0.121301336601585 0.160171575491215
-0.101595115911587 -0.025090770412467 -0.148442736049455 0.0696675093937663
-0.06742752915769 -0.155407634690467 -0.0306893538931113 0.13837348873975
-0.0200730536047182 -0.265692340812857 -0.0309663387805473 0.472776800434696
0.064737968786699 0.0110680257805996 0.0310917662622655 -0.520118116436307
0.0484203484783815 -0.0829062736409569 -0.0913922600815736 -0.216536867068685
-0.0726967736824836 -0.069942784651759 0.0718732616981951 -0.0798378088156483
-0.0990238710175818 0.0603651711270753 0.0934560690845842 -0.122496766091395
-0.00823215199009323 0.0804162164307625 0.0568456281061074 -0.26525432584776
0.0358093632094713 0.0418460919594653 -0.122797760370046 -0.37295630835986
0.0599123285643161 -0.00247216408102445 -0.273940855817637 -0.352840238812444
0.0669319541441534 -0.00526683879906278 -0.329865811422617 -0.303601616303446
0.0580310088293841 -0.000504190249091038 -0.284120591004302 -0.336298666378527
0.0248993622597777 0.02903115797699 -0.116583798820479 -0.356689715515684
-0.0188728537964764 0.0418216324441786 0.0659173679085531 -0.230981829522073
-0.0653598893765697 0.00145060179316846 -0.00878044039501681 -0.0426514232778901
0.00129076984917226 -0.09026841284117 -0.131753595290796 -0.166794904873748
0.123415578085519 -0.0261769454871556 -0.0948760968865932 -0.530486472282183
0.091399592877968 0.0770918551933573 0.331531431432508 -0.695276755536218
0.109369884039001 -0.189048916943661 0.00702361019381725 -0.517330255073344
-0.00111911327709853 -0.255517914017171 -0.0991262788100327 -0.213530852106091
-0.194137387551784 -0.129658611365341 0.0485094281650933 -0.104073899703088
-0.225755497328728 0.133781649808809 0.0587904806936013 -0.112050401065937
-0.0702915667630235 0.218641445511951 0.0436693318786921 -0.231226483023518
0.0604742912934672 0.198593687752424 -0.0997214460347307 -0.323887048867889
0.163699808810493 0.130613205847381 -0.227406805589712 -0.316489317109479
0.188329698097609 0.118794064861354 -0.277819653966569 -0.281175510978645
0.1813122191617 0.143030361553081 -0.241830917906278 -0.304324235622187
0.0729365290748862 0.245055909667865 -0.0973114015977814 -0.327692671192911
-0.107538229924384 0.250692685728095 0.0554623832278382 -0.20788863167977
-0.283820021122746 0.137509386409082 -0.0423017521725234 -0.0449282426239566
-0.250100989114226 -0.193769108276759 -0.167375401052354 -0.193729675589604
0.0268561656006044 -0.32022439765524 -0.0944668947173019 -0.529171729303818
0.146502002314826 -0.23064943519641 0.314407737848357 -0.653606915109505
0.134205265781394 -0.37403389632081 -0.0434503768009517 -0.445871212853795
-0.0730961188338146 -0.411041543978818 -0.0949285177820197 -0.168355656298717
-0.319978038467921 -0.170483678719695 0.0460378277157042 -0.12134046335022
-0.338088959958384 0.209879786757603 0.0310921220330995 -0.120024057670266
-0.121926114793659 0.344624127468395 0.0140021086940234 -0.196015483360897
0.0806984553350697 0.335855488922065 -0.0794625345401507 -0.241409853336035
0.248497652096953 0.246903191885973 -0.153002247968421 -0.237208631584303
0.281057288545147 0.225145888331038 -0.183326494386615 -0.216042951675664
0.27320112756524 0.265318092940719 -0.156587151781295 -0.222527134991814
0.104377634264596 0.42554146248305 -0.0542962593303401 -0.239766605432429
-0.185143989414128 0.425352567140487 0.0431687064037061 -0.13572996619482
-0.468876760951096 0.254999618469517 -0.0791332648078996 -0.0172260102049082
-0.47056875858587 -0.273594805907841 -0.20724392245613 -0.181212170291986
-0.0697352974384518 -0.569200497230244 -0.0985247876475725 -0.46384015431412
0.183770040994509 -0.4975237072064 0.269341974289112 -0.5150696586758
0.136033452409735 -0.526190453588097 -0.111162658199877 -0.301780687989204
-0.172182248331039 -0.5399663684363 -0.0700557951447583 -0.0696845741517804
-0.456980560834319 -0.184731933515668 0.0654250469540473 -0.1231550694832
-0.430641051860887 0.298464494320023 0.0103351266195655 -0.132823349901762
-0.151764899991684 0.452868197096914 -0.025994122364521 -0.147263193923892
0.101495836817394 0.439749257490807 -0.057122170597785 -0.12632954502824
0.302131386919048 0.330687658210005 -0.0575387983310942 -0.121368909226786
0.330417661028477 0.294717589051087 -0.0611626504996615 -0.119052504439925
0.317014418632568 0.345189804350786 -0.0428293569889549 -0.104883305050851
0.112471460126218 0.537525646281914 0.0050765749152647 -0.107006104724217
-0.236622928964623 0.532586889936224 0.0319425389755075 -0.0235777618543067
-0.57576171760198 0.332376646660374 -0.111960098871397 0.0369823549120952
-0.610923527788351 -0.306383885653693 -0.235895040644578 -0.131316024059144
-0.146659225008596 -0.719374257974087 -0.10058035558926 -0.335862770995367
0.192689735191421 -0.669986442638158 0.203623629266921 -0.303132052682725
0.113526665176293 -0.618110641058157 -0.182435312158233 -0.0918385123627047
-0.269532375684091 -0.615035993665919 -0.0205374610878914 0.0811864259622449
-0.56573556116532 -0.171110184817586 0.100567487581836 -0.100366835573202
-0.475741622179121 0.367292921316562 -0.00890256690653208 -0.131870977301167
-0.156090389322047 0.512456552322852 -0.066651584603254 -0.0719402483900415
0.117710423168668 0.486294521495936 -0.0261165510240242 0.0171020735503711
0.318812361910453 0.365447721673541 0.0482767524499764 0.0169946412524289
0.332812343024748 0.320496392041076 0.0692775658252753 -0.00264742794754061
0.30510033756426 0.366458566216704 0.0778941330089861 0.0295646036626452
0.0979895071137303 0.556832238740459 0.0701080709267145 0.0468861139802465
-0.248409174720986 0.541866636455942 0.0221351940282745 0.106976957601005
-0.572992578162094 0.338831321049533 -0.132608437091112 0.101465314888782
-0.622793711132993 -0.286350310244461 -0.242370368973908 -0.0580427359691465
-0.178377108472229 -0.729648183567855 -0.091560228855114 -0.174527466515264
0.169378828515606 -0.721235322092501 0.127057476185693 -0.057868929376357
0.0745817188524352 -0.621553295817264 -0.247343398519358 0.158725457465208
-0.319948774396246 -0.596168884220882 0.0440727185257368 0.261666782572874
-0.579758603169099 -0.135196888226655 0.136089247077305 -0.0498754811547321
-0.441869411063829 0.368691888476046 -0.0239254444670285 -0.105527137984651
-0.135696076535817 0.485411661318087 -0.0977876717367648 0.0250216724299833
0.113332214843506 0.45525944059766 0.0131134309503066 0.168484154049727
0.28964187994103 0.344758977514149 0.151694909947323 0.157562038870838
0.283923175059535 0.296386857360882 0.18968668485854 0.114724900999361
0.24442118284623 0.332623162898534 0.184212701384312 0.157085510287483
0.0619070639650208 0.478417405471055 0.125002971101472 0.189983430158799
-0.220335304383857 0.443396791756584 0.012420799569458 0.219845684209804
-0.456949168630063 0.265857272832206 -0.13852806500174 0.152989100971365
-0.497135976963981 -0.221360715029059 -0.225561454190594 0.0121073372546683
-0.157305337218641 -0.604672993398468 -0.073236625675751 -0.0226801778125896
0.117978298858235 -0.645145810440541 0.057843884327654 0.174228073212009
0.0266290076686772 -0.517271719720595 -0.300822082922315 0.404448118375508
-0.294469075663947 -0.472122632065269 0.0987608005726177 0.432773312215754
-0.468571749755159 -0.0793540796991666 0.16265249920076 0.0230597466706948
-0.319692969817006 0.286464275810244 -0.0267065499820808 -0.0623940224818925
-0.0948936115350709 0.358667895675123 -0.113435145892341 0.115578550371434
0.085051120209937 0.342115935949802 0.050428450970549 0.295615732150878
0.209506849011159 0.26761662124891 0.233469023079546 0.276205749087756
0.191076193493032 0.226746735622006 0.2816624042364 0.21552423711911
0.148379811232936 0.246959264690918 0.25872253808247 0.258243224801073
0.0153811930389048 0.327552896109848 0.155488143732326 0.294035021289287
-0.159723374493529 0.27363702582509 -0.0019393058899492 0.28793964063848
-0.271806230739528 0.144757969540483 -0.131222903951984 0.171142025694715
-0.294201220109551 -0.124529590530214 -0.189827014863416 0.0567573471192198
-0.109787198783444 -0.387731787381381 -0.0504409767770124 0.0826668479446967
0.0506561643431448 -0.475068410228037 0.00854816502426596 0.350848971100642
-0.0231135882908844 -0.31885398251115 -0.334533844089269 0.599356414298571
-0.205965502821416 -0.253549605367454 0.130533248455187 0.565791273721227
-0.260927840999804 -0.00668029914828412 0.182368931188813 0.102615958408613
-0.13119726589726 0.145993185373878 -0.00868037543033385 -0.0242256236099634
-0.0405033356138795 0.163074509877151 -0.115538993196668 0.16990879355743
0.0371685428296642 0.167898146673938 0.0712242161932843 0.369346054737883
0.0899641674520477 0.146053145377449 0.276732012151772 0.351826471246509
0.06844128432592 0.124672250187488 0.334315970860122 0.283674616589707
0.0350590114935107 0.130264923102619 0.291843238056611 0.317726747036199
-0.0256022525869588 0.144764512981736 0.159378991695195 0.347812550821109
-0.0808003758183803 0.0900501447985546 -0.0170372977146221 0.307986706236262
-0.07815667761073 0.0300048007671682 -0.112696272964119 0.161403174197079
-0.0955368504221763 -0.0179996157629814 -0.143835859804632 0.0786334259774871
-0.0696166079567678 -0.147476368078148 -0.0282549931732064 0.137191566767481
-0.0263930231109215 -0.256556492194381 -0.0168058689587771 0.455586622866831
0.0651420343165876 0.00974014886274854 0.0197866938409408 -0.510347206625235
0.0454824302268839 -0.0858537900582584 -0.0927654510078546 -0.210631441539296
-0.0765838340065591 -0.0675187186594596 0.0668422728634424 -0.0868105631871792
-0.0975422642093654 0.0648556037013564 0.0838144428812685 -0.123828850343404
-0.00521825805835062 0.0822944151743225 0.046459737910871 -0.260528350990156
0.0379404589384263 0.0438181707464766 -0.132955503600675 -0.360852995521924
0.0609922059716757 -0.00282484409979201 -0.280575075558707 -0.339530790692073
0.0673041511139938 -0.00735019050883541 -0.331535165138406 -0.292378289663969
0.0579818566644343 -0.00230148004001492 -0.286903964013743 -0.325413788559791
0.0266074358976937 0.0290863363446881 -0.122911066775459 -0.350983020394359
-0.0178816035407189 0.045164776582358 0.0622181343773632 -0.229478214840302
-0.0669121308929738 0.00480795666596931 -0.00740529271119847 -0.038508013718541
-0.00320073226961824 -0.0909488339196911 -0.135414213141179 -0.161181987773898
0.122697955897259 -0.0312199065985821 -0.109485915541657 -0.518378112799257
0.0925528375062071 0.074615595413361 0.3155467386965 -0.684568992654987
0.107930132848519 -0.186319232517557 -0.00530999668337074 -0.506656975198309
-0.00572554510317872 -0.254101872025709 -0.100596578596379 -0.206784022091768
-0.194303302989617 -0.125093133104528 0.0421843356822503 -0.109707552171248
-0.218704653298166 0.138663773550747 0.048403669292248 -0.112944614267164
-0.0628749954138635 0.21960297173658 0.0323037282545154 -0.225472487876062
0.0660104462853574 0.197009877796021 -0.107767771736187 -0.312361371684517
0.16659130846075 0.125347599155307 -0.233691424239992 -0.304174710394274
0.190077255503076 0.112072111396996 -0.278247833201529 -0.270141161031884
0.182672332941106 0.136200383876607 -0.242765568119548 -0.293991560294555
0.0796758208069452 0.241425776388547 -0.103865817784236 -0.321612736850762
-0.0995866167874589 0.253576876581755 0.0521153830595063 -0.206105484883026
-0.277333674579781 0.144057957699707 -0.0422914883811361 -0.0402413862534808
-0.252019270263657 -0.186723323842429 -0.171432472464481 -0.187168588138456
0.0208139527666476 -0.318657550017085 -0.108050691405293 -0.518275438376581
0.143078200090292 -0.228397149886052 0.299164027568561 -0.647330249017707
0.131058105159748 -0.366972820527927 -0.0542336656623083 -0.435808377556917
-0.0787250743885553 -0.404567304856742 -0.0962641474200739 -0.16341566139586
-0.317427366671808 -0.164521898729088 0.0387207093257565 -0.127180817740762
-0.325281326835392 0.215683056621402 0.0214463269957611 -0.119806304177357
-0.111679366615062 0.343717562612684 0.00230158103731435 -0.190825763894286
0.0893738560615278 0.329900945908905 -0.0854212992677898 -0.231345879163216
0.251513535562985 0.236491398252564 -0.155933185715309 -0.227574327207184
0.284408260535692 0.21471520761014 -0.184029807147343 -0.208645641987399
0.277364382996448 0.254716188922601 -0.155977395660992 -0.216132686797568
0.11382816465867 0.418755771684808 -0.0592981371565881 -0.235350638875795
-0.172494521675429 0.42728960116811 0.041503575364574 -0.134758117480417
-0.455416382000802 0.263322548135626 -0.0789288906437195 -0.011988743304522
-0.469525047321475 -0.26148229355846 -0.211024923314536 -0.172002579360088
-0.0783910001282389 -0.562386210963651 -0.113219997512867 -0.453737124670387
0.174961594818762 -0.489700222681294 0.258416454200219 -0.513676924817023
0.131016614663061 -0.516763328008734 -0.120507864479439 -0.29383057967851
-0.178038724416952 -0.529683436106599 -0.0714163293204158 -0.0669831278361264
-0.449801124491135 -0.176387540649642 0.0579257666781135 -0.129699672498015
-0.41311111232545 0.30338638009375 0.000774916997372297 -0.132746750159106
-0.138592185652876 0.449791384050859 -0.0389943552895778 -0.141938146828537
0.113277325962255 0.431026127175847 -0.0608335246608204 -0.118470023692737
0.307430366022193 0.315677589962909 -0.0586915379337802 -0.117341869662335
0.334539761228106 0.28387310518823 -0.0619816097932967 -0.115363207958389
0.320276695068446 0.331381551821795 -0.0408636253631217 -0.102615023862841
0.12616561237147 0.52936862812104 0.00233846379065961 -0.104837859603901
-0.221000329751935 0.533774222728165 0.0326699416492361 -0.0232192190728618
-0.559287937817585 0.340629653626334 -0.11049427345295 0.0419014363119967
-0.608744950680906 -0.290151749442899 -0.237519691250926 -0.120563201055547
-0.157438101459857 -0.708970178368177 -0.113115117197597 -0.328324206905462
0.181199515727963 -0.660331625733845 0.195262067786604 -0.306018552629242
0.106544829490568 -0.607534140784003 -0.18749534673115 -0.0867584974880019
-0.276127935215359 -0.602450052724727 -0.0192613972926635 0.0818363149050552
-0.555218831038896 -0.159916645279812 0.0944817503271124 -0.107238758449748
-0.457505316107356 0.370284605029912 -0.0170250504042834 -0.132015462174002
-0.139929497462046 0.508843743014716 -0.0785366781253018 -0.0670960770235561
0.128418274394798 0.47591523125284 -0.026550041556899 0.0221854373378833
0.323901972481908 0.349274150388649 0.0493430555412063 0.0158045598042395
0.335037213142206 0.307396900205684 0.0678008133630692 -0.00368392429362112
0.310311124315202 0.354321989847027 0.081241188709195 0.0264114382911189
0.110352767676284 0.547150588334213 0.0711354269122501 0.0452148938511373
-0.231317621684263 0.542329123936676 0.0268375000286023 0.105335908956363
-0.554962559773522 0.347090643377809 -0.129197638626038 0.106809857838342
-0.616237021028211 -0.270143479575407 -0.241198890264906 -0.0461353996922812
-0.189216887582994 -0.717006898695497 -0.0999949748654296 -0.168414151854414
0.158028489000577 -0.707116483786888 0.124992353465589 -0.0646194112685062
0.0669392427662382 -0.607810224830915 -0.248174357574427 0.160308961478615
-0.326436581733504 -0.582767414286704 0.0478400745139202 0.258274379575307
-0.568347100303124 -0.123030633025466 0.132357858348379 -0.0566920039150418
-0.425162024014925 0.372622696409961 -0.0306218871128872 -0.106869055836467
-0.121378765551736 0.480026362768014 -0.106260949185079 0.0280090406126908
0.124840612323501 0.445312067056853 0.0162380611572078 0.169459879809109
0.294471070630913 0.330047095755786 0.154497278181685 0.151310776191545
0.286733154022254 0.285647864923876 0.188332568212638 0.108932300662589
0.247136109625151 0.321142810292399 0.187889291690414 0.149592325507377
0.0729961982448037 0.471496181823712 0.129232768297429 0.184812955852454
-0.206200456058591 0.442240103050012 0.0201555481841885 0.217080468560148
-0.440772252982826 0.269377853719722 -0.133748295305701 0.157451835444495
-0.489698021208965 -0.206476068542685 -0.222547140296202 0.0237764109625118
-0.165804158326326 -0.590658860925704 -0.0767396133614374 -0.0201313709432175
0.108304921971424 -0.632103217687319 0.0618163436023126 0.162777155737074
0.020213257732436 -0.506441555841518 -0.296222758584715 0.402694736784189
-0.299658745813056 -0.458935844033108 0.106378447371344 0.426287534024159
-0.457894898116389 -0.0692412628560437 0.162539685792062 0.0156155251127731
-0.305645796983405 0.286326558299994 -0.0307510190792311 -0.0651955020354249
-0.0849641792776385 0.354472848338518 -0.118631145274435 0.117260050020556
0.0939456217182529 0.332551952705111 0.0558221807187272 0.293147332799844
0.212003337537642 0.255824526557722 0.238118195869368 0.265730383837123
0.192641219898376 0.218443053693705 0.281649133294877 0.205839212419114
0.151039146469729 0.240355173275514 0.264043253384908 0.246629198138502
0.0217775143310284 0.32251024356503 0.162834009510753 0.285962490272011
-0.150151490654705 0.271837872519782 0.00835461855139931 0.284762321256862
-0.26029135829614 0.145784117333466 -0.124660551281685 0.174878916044855
-0.28797812998009 -0.114838062957051 -0.18554376113706 0.0680820010950147
-0.114456492654056 -0.377851500599247 -0.0513533195007502 0.0838144312818074
0.0416964357645691 -0.464920472577678 0.0159026854444662 0.337766466803024
-0.0287590625341767 -0.311997222516575 -0.325010731343821 0.595333175440954
-0.208631409252172 -0.244869404037588 0.140382340647917 0.554018085361117
-0.254470948610016 -0.000519445367830966 0.185084622977008 0.0951751852607475
-0.125336224570131 0.144736874248758 -0.0111704396280178 -0.028163534081482
-0.0361991366101347 0.16055491735495 -0.116812387878923 0.169151580805601
0.040899222823601 0.162701582942581 0.0795850934851366 0.364152642205851
0.0915015691523661 0.139884896798899 0.282140183007586 0.338801608019447
0.0690554673797244 0.120934629366886 0.332316330817923 0.270810543588421
0.036458778100347 0.128897975112252 0.296688812770644 0.304829793438727
-0.0233150157186059 0.14264948433647 0.168624636587408 0.339026434083102
-0.0768627317010214 0.0870201738883988 -0.00621283646105464 0.304199818698316
-0.0719092334340911 0.027214416862442 -0.104570820693509 0.164456158674948
-0.0890247163989839 -0.0132821393078663 -0.140153056603616 0.087116259511177
-0.071557229957809 -0.141710812670358 -0.0272041075773792 0.136955246541842
-0.0312005402280133 -0.249893655229449 -0.00573899440099465 0.441320924593677
0.0662970975240266 0.0271496337477061 0.111510469843127 -0.489091258419935
0.0613537552218127 -0.0755097153569309 -0.0470794089715096 -0.217636854889168
-0.0622659633781768 -0.0766198484660763 0.081171450992621 -0.0791970915414942
-0.10407597052644 0.048800704083827 0.0965268187142217 -0.107457801238922
-0.0189842763006668 0.084394847173792 0.0890089743231947 -0.244090175524078
0.0303191692322229 0.0548368149069362 -0.0663214908669734 -0.373112173361792
0.059157594641321 0.0104413243035819 -0.209388087866433 -0.383873141541265
0.0695161088151507 0.00645220991762304 -0.259266515746108 -0.343348801882856
0.0580565834708649 0.0110674320268592 -0.211550849711582 -0.367794665296333
0.0196682084160845 0.035334801427254 -0.0478840466557711 -0.360363147518244
-0.0271492943546044 0.0431426263669233 0.106409507764407 -0.208035354815858
-0.0673709398610159 -0.00813697860915282 0.00011487954999674 -0.0353356250017301
0.0132270323234581 -0.0916460823585326 -0.104199173551113 -0.187215996424774
0.123316911627104 -0.00770087659865896 -0.00920482880099247 -0.531175402446974
0.0755215826150133 0.0926075932152863 0.463644100711191 -0.608660025848359
0.147090141668438 -0.149576992769952 0.0882889969018812 -0.491684999277122
0.0429524622383965 -0.24325152967134 -0.0500868422333791 -0.216125183943544
-0.161755946509398 -0.153660714262766 0.0623387540508129 -0.109574544890189
-0.229194774976552 0.0948441060987418 0.0586227294236225 -0.105366766395507
-0.0990058896208324 0.20292119269656 0.067456129342842 -0.215053328415556
0.0290447677295654 0.206046480558006 -0.05353196014235 -0.321623973499139
0.13794849773899 0.152410088536718 -0.168489002253356 -0.337777441018545
0.166596909195203 0.145854894341108 -0.213633673551346 -0.313153789710737
0.150178239464853 0.167889423047577 -0.175185974653726 -0.328772502144994
0.0302591672520984 0.249572201654013 -0.0358397933765401 -0.323849472470003
-0.147770296511554 0.228031316940029 0.0874135133599967 -0.180629862361936
-0.294755748479446 0.0808856856162032 -0.0415411088162252 -0.0387161912924057
-0.207731620232198 -0.238729027543629 -0.143246723145431 -0.221609847944832
0.0841331371075164 -0.306888294872306 -0.00575371104965852 -0.537354127041399
0.187886131637345 -0.187818942882344 0.437555076127924 -0.579084285970942
0.205625394469188 -0.315406208405259 0.0266603205070794 -0.43459033544885
-0.000438562290972838 -0.398098801419625 -0.0483405904219179 -0.174107601582892
-0.267592736441364 -0.21362998694789 0.0640602741931164 -0.13119145330973
-0.341307795456433 0.146331416520115 0.0316536681584527 -0.119737179687193
-0.16723105757586 0.311617419261211 0.0304849610142503 -0.188006648676597
0.0270743126984522 0.336396546174539 -0.0493802808414272 -0.240812699255501
0.19948096688194 0.272712612754118 -0.108740967021654 -0.24822338088836
0.237754506478324 0.262251959483094 -0.135309053419921 -0.236128060471237
0.21658883925668 0.300533361107412 -0.106623535753101 -0.235120341367286
0.0304259786303239 0.425755862332959 -0.0117048997283329 -0.229745523869749
-0.251386451080026 0.381425653846371 0.0612110334745853 -0.107350342042698
-0.48638293287996 0.156412488881005 -0.0888369050747896 -0.0140670858302852
-0.400212999527069 -0.356928223905869 -0.191106689104741 -0.214749244363299
0.0386731129025979 -0.563332982169653 -0.020940738708615 -0.476549042225842
0.274517195035584 -0.433828042362388 0.366625149343333 -0.458849546679076
0.23331546077071 -0.457442062697404 -0.0627084624608342 -0.31161553770711
-0.0733544790927088 -0.534022665885103 -0.036364210792767 -0.0786507505812451
-0.391625755224404 -0.248558367238301 0.0850950142696362 -0.133615888668925
-0.438436378119363 0.211537347931693 0.0129412075480849 -0.139506069994076
-0.211789374008572 0.405585432149625 -0.0188478491560582 -0.15053775644685
0.0305350976484166 0.435265721236535 -0.0472658309804598 -0.126505856408965
0.238661671963963 0.358194235305448 -0.0360102451764674 -0.120157361706199
0.273019860045179 0.340018372855943 -0.0368364641885643 -0.123565387002247
0.242868285235265 0.382089452426112 -0.0176686048952144 -0.103397781495757
0.0208965143647323 0.533535040550944 0.0211598170540575 -0.0907193261377793
-0.319987491833252 0.473898113617517 0.029639895774787 0.00180300631679006
-0.601436405702141 0.209889961015103 -0.132953136189106 0.0353059033312284
-0.526310922156015 -0.417080842884649 -0.231386207756536 -0.168160111220821
-0.00550785297332688 -0.718264459409718 -0.0445541361089047 -0.356464691304735
0.314381859744306 -0.596281099465036 0.260142835650802 -0.268727683521224
0.226543260541664 -0.550484437725359 -0.167134710444345 -0.124962053497218
-0.155295035016613 -0.619132212956296 -0.00918399234542785 0.0716317999733149
-0.493339469109866 -0.252988978018386 0.116751968105069 -0.107937173724722
-0.491099628804676 0.265067121058326 -0.00496424933545327 -0.143814956892561
-0.226187864601786 0.459284665412625 -0.0713070656894898 -0.0867118896268151
0.0362796783021408 0.479974940977834 -0.0412625733155438 0.0156970408016003
0.248483185107326 0.393410410916439 0.0441838682769934 0.0308766072298888
0.268279645884844 0.363907402253041 0.0661327443797706 0.00848521142135928
0.227653074138352 0.402476339075812 0.0745841797070972 0.0440884643400672
0.00293708811408259 0.547531045085361 0.0573141181762451 0.0676871695966554
-0.329775616060559 0.478624426456612 -0.000843603373146661 0.125163378099145
-0.595405634345204 0.215022241545582 -0.164327274927258 0.093933328409985
-0.537394083420487 -0.39714663868878 -0.249344412638068 -0.093307546925711
-0.032472368653632 -0.733629247130274 -0.0632783572752768 -0.195205678463014
0.303572893076934 -0.646149049479952 0.137826151537455 -0.0462432853149674
0.186124185910188 -0.564791186468814 -0.273006454019866 0.102930254269453
-0.211415175634182 -0.60979913370973 0.0240429935880907 0.253468774412399
-0.515862103541621 -0.220194489855321 0.145124604716651 -0.0510614980657456
-0.461255626879197 0.272101707533609 -0.0215750790710219 -0.122598481193122
-0.202584290767443 0.434321027644632 -0.116588743099153 -0.000461965181118234
0.0376251290728585 0.447245370001791 -0.0263099564807233 0.166619194511617
0.224480329170999 0.366535444139127 0.120771470013181 0.182191653172054
0.225303268367339 0.332124878128334 0.159177669914626 0.140437542477897
0.174200844531254 0.358156851097722 0.153977962052398 0.182319449500722
-0.0203641298688286 0.465596846935544 0.0869137832491681 0.210885801520294
-0.286248920673133 0.385135559933028 -0.0266965943524618 0.228539104416547
-0.469768128864531 0.16478104570718 -0.173897950791939 0.139026732346999
-0.426811668536347 -0.305217742461476 -0.240073962106368 -0.018260323643007
-0.0364083089580131 -0.604331753267088 -0.0705889644564998 -0.0428199672504264
0.239191446735837 -0.586027311920161 0.0262539162438656 0.16603764108907
0.118104411942081 -0.480371294309517 -0.364111115084182 0.329743092544259
-0.210479386064525 -0.489299832515708 0.0462550743064578 0.428011008752328
-0.423422768622152 -0.149107502865698 0.159607882478515 0.0290853947715099
-0.336024139388489 0.212674810093812 -0.0268006966891991 -0.0800896419033463
-0.144840466135514 0.318761075049089 -0.143537836992728 0.0850559183697968
0.0275587390210855 0.331659078645893 -0.00857985405918869 0.293809907191663
0.158467090900165 0.281110041728222 0.179469333841873 0.309173891855914
0.146384775532755 0.248918413941724 0.229299955365284 0.250733030287553
0.0960916055008056 0.260828140708053 0.208345760555952 0.289775170954137
-0.0401500022498739 0.313071029580755 0.100329265581746 0.311782619264977
-0.197346164853139 0.229873913815282 -0.0483395520738555 0.28589702101966
-0.270929387073597 0.0826680040877438 -0.162471765689012 0.15257448701347
-0.249479163749764 -0.169726971263897 -0.205704765772642 0.0350549253336243
-0.0318593524176509 -0.386533100657497 -0.0664126619008964 0.0682683754214973
0.137536411785766 -0.437316433855708 -0.0551001842784434 0.330518751659366
0.0301335390887315 -0.308479071133495 -0.430195877507812 0.511783547798934
-0.1638441691473 -0.271118753499574 0.0485581202863929 0.559528924765371
-0.243054875209612 -0.0445711684028427 0.165775880702062 0.117168905945988
-0.1421520201377 0.112118448988845 -0.00976499277500802 -0.037325877665061
-0.0633234698806633 0.141836970274423 -0.149117723053002 0.138355028428642
0.00847015197375593 0.158305477686089 0.0046604953280274 0.369692407652332
0.0629779561804997 0.148075221578689 0.208823677390561 0.387632578062294
0.0430896255612977 0.130282144995694 0.267531233562968 0.323240467042279
0.00753128023175481 0.131257770452388 0.227847263901296 0.349909149695138
-0.0504087555759482 0.131180712538672 0.096770530180229 0.359603720539975
-0.0897266162172496 0.0650646457381361 -0.0628348145628823 0.29524787331915
-0.0681194374669546 0.00881907569486159 -0.133821289988944 0.142223505091905
-0.0787228262715828 -0.0271306813506348 -0.15700385381573 0.0645122072897899
-0.0392103459664174 -0.147440985697482 -0.0542892382001674 0.128373158664256
0.0195118605376647 -0.246941071921208 -0.0980742864649263 0.429771100989683
0.0671448378574369 0.0252633893043864 0.10126934806718 -0.476372311944236
0.058512921765092 -0.0774971557664044 -0.0485406800938403 -0.21117763236265
-0.0645552848503547 -0.0737151283109677 0.0757355828115985 -0.0841750381802981
-0.101348080457779 0.0526934670760977 0.0871148751935297 -0.107823005202054
-0.0155308028231209 0.0854490523814496 0.0785084540252627 -0.239768706032842
0.03300291003632 0.0559806906559636 -0.0746996613453201 -0.361150771015938
0.06042520214137 0.00948659609742786 -0.215605036875979 -0.3681086455833
0.0696723090007025 0.00370974031900312 -0.259461406979964 -0.33153919508656
0.0577910102062393 0.0101196017962958 -0.212159756492458 -0.355713202474465
0.0215162023409088 0.0356888838595488 -0.0539376229724392 -0.350811222747237
-0.0259370865044625 0.0461911152587201 0.101760035479319 -0.206085313528156
-0.0684612361381796 -0.00480676985056879 0.000698932041949847 -0.0317346469154321
0.008812219403624 -0.0912001377395834 -0.10759531654219 -0.181482735345965
0.122047457903021 -0.0121277537310546 -0.022321244534409 -0.517851602648486
0.0767181601466174 0.0901141028540422 0.443731398206215 -0.599146987701598
0.145642131603194 -0.146545848127411 0.0754194681910398 -0.478142051465169
0.0382797311731704 -0.240373686638623 -0.0516294240270071 -0.208769854950957
-0.16042112211321 -0.147397751215653 0.0558598560450754 -0.114818798083366
-0.220639732998103 0.0999199380349297 0.0483799429113998 -0.105127449808146
-0.0904070558728325 0.203229508246721 0.0560510714341551 -0.209369920925664
0.0356411085657841 0.20292068844134 -0.0623116646219606 -0.310248305296839
0.140107593991146 0.145727277925764 -0.17378850131379 -0.325889069515277
0.167122131744527 0.13847063705107 -0.214603911937624 -0.30220451043503
0.151555493248259 0.160917744589116 -0.175766149283322 -0.317436379372966
0.0375975904049745 0.244851635952096 -0.0431562007423324 -0.315796749010091
-0.139544260841613 0.230202729909657 0.0835180170589022 -0.178379366499776
-0.286804886422693 0.088045664175195 -0.0412086934576514 -0.033178572992956
-0.209034051943329 -0.230936917383695 -0.147509839144542 -0.213413873906753
0.0782092503986306 -0.303692087262588 -0.0202564407313592 -0.523068576055883
0.182923253212744 -0.184242873749303 0.418577540863008 -0.569961475276145
0.201449313934855 -0.308652147537811 0.0147574244821924 -0.421384554154427
-0.00502841531631641 -0.389289446597036 -0.0496584385593572 -0.167887069336708
-0.263509797337929 -0.205435561062448 0.0562436442124431 -0.136794629035477
-0.328360509762384 0.149501797053909 0.0214193153847604 -0.119052600781684
-0.155287314646787 0.308413205385661 0.0183354092678996 -0.182263075703697
0.036359785427249 0.330094251604964 -0.0544727291241933 -0.230435671970867
0.202788850343965 0.261881657823448 -0.112407918580536 -0.238848376256151
0.239428442293896 0.251626648888507 -0.136921637314573 -0.227886955737078
0.220547087401081 0.288671944014971 -0.10570070785965 -0.228438991550505
0.0411310988260423 0.418613124615455 -0.0175908097208794 -0.22379117804278
-0.238295164732051 0.381805540658346 0.058813548923429 -0.105898523727589
-0.471983020240888 0.166863910276544 -0.0886201011093361 -0.00777121800368842
-0.398636697078128 -0.343202149586226 -0.194426412095577 -0.204181242514797
0.0276101117711566 -0.554057196388325 -0.0360644887143743 -0.466508404661128
0.263401372641506 -0.423747067524828 0.350089041902772 -0.454650578884856
0.226831994104987 -0.448174814021726 -0.071241328327735 -0.300332910522018
-0.0811635348105902 -0.520762583392938 -0.0358417420942465 -0.0741473818503058
-0.382693953638217 -0.237912130706506 0.0770453569437153 -0.140322505465702
-0.420736190067033 0.214508357930221 0.00270045444503504 -0.138518654199607
-0.197087822332179 0.401521654952895 -0.0311870009175875 -0.144326566946491
0.0416830823846991 0.425748022409234 -0.0506696090989358 -0.118845928928901
0.242150819636244 0.343507184552555 -0.0367778932897552 -0.116430492879036
0.275416623521876 0.325958815085048 -0.0387301627915332 -0.119609842711926
0.247286521916452 0.368669860599523 -0.0164686215934387 -0.101886133811128
0.03473591247644 0.523804555124308 0.0189721101986377 -0.0876120967925518
-0.30181630891093 0.474146295644362 0.0310885361567588 0.00189543774244637
-0.581377473408725 0.218101541125534 -0.130956944484247 0.0418401624086662
-0.523659389982113 -0.397580609335114 -0.232673765504953 -0.155082043038119
-0.016707424937556 -0.705050425052059 -0.0567926394890556 -0.346197977075879
0.302805159743867 -0.582949086739158 0.24896934396351 -0.270884991286299
0.219264245309592 -0.538467981071939 -0.171618990704782 -0.11734589062462
-0.164453349172627 -0.601330184634034 -0.00664883771765385 0.072570111241697
-0.483410016827822 -0.241338082261222 0.110072720470905 -0.115462751731045
-0.470761974257926 0.269177909410713 -0.0143580460803148 -0.143908582814829
-0.210706341948884 0.4545248253912 -0.0830285003903918 -0.0808521839238781
0.0480733949753751 0.4678623162757 -0.0409612847732516 0.020185979140433
0.251833757081082 0.377628948985086 0.0452909631234055 0.0291322766850168
0.271217250924675 0.348255954448029 0.064465127781215 0.00835427635225047
0.233524302622061 0.388125604386106 0.0776059022856794 0.0398213326340479
0.0164703715038833 0.537440372132641 0.0584105490429814 0.0658847640074841
-0.311904756756036 0.477144702453634 0.0041249906109012 0.123395369072202
-0.57451921971645 0.222372962079671 -0.159425880997959 0.100070251508143
-0.532329478404789 -0.376635250489911 -0.248396000294077 -0.0799637828500611
-0.0462133885672401 -0.717146721866838 -0.0719813957336704 -0.188715669338748
0.289298523968684 -0.630362171713957 0.13387086274877 -0.0533605718282527
0.176910331145417 -0.551867432275409 -0.271868372693686 0.105952592481608
-0.217703744055779 -0.593478100768424 0.0291930872384589 0.249473744814145
-0.504647422494328 -0.207508433472951 0.140410589294047 -0.0602513946446532
-0.442657817372234 0.275037523658982 -0.0294723984521514 -0.122916298233629
-0.186583825390695 0.428610802010277 -0.125344601812971 0.00407024340970503
0.0482629501611575 0.434608934983424 -0.0223083122046613 0.166804498214501
0.226945310006685 0.351885242352142 0.124144975643768 0.174697315365491
0.22670210978417 0.318606384938848 0.158365199284192 0.135005631852254
0.178235689639382 0.346757936932993 0.157794898587449 0.173299748715239
-0.00770756657803748 0.457826059536757 0.0914473026940077 0.205042897855278
-0.269614266562256 0.383806550693765 -0.0176141796349592 0.225334330435669
-0.451694681254912 0.170333149964303 -0.167183521231269 0.143543524711965
-0.418451301945278 -0.288526451343345 -0.236375668937794 -0.00502684798848613
-0.0461291034809427 -0.590005287776765 -0.075062532057957 -0.0394122568181183
0.225681884080582 -0.57052440744425 0.0286319809220643 0.154262163452586
0.11044442977465 -0.46837896014109 -0.357724152311487 0.327943195977867
-0.216082987823995 -0.474107766197537 0.0551040953824305 0.420237844658867
-0.414362105196766 -0.137813441928168 0.158252016396901 0.0200490675198509
-0.321892870758905 0.214615730024134 -0.0315514469699849 -0.0826429043878144
-0.134534193472911 0.312892187737602 -0.148645604215524 0.087305194720899
0.0355984899527999 0.322404319976928 -0.00140713446849564 0.288824301725163
0.160072081002627 0.268936993031067 0.185047919582893 0.296822700075179
0.147749698461911 0.239451756959993 0.229178769538549 0.241717423058466
0.0989825024533526 0.252917614421277 0.212197693785299 0.277496934806472
-0.0324825425190546 0.30775057757446 0.107924683663278 0.302729636938721
-0.186203897781105 0.227635643456557 -0.0365421709034064 0.281463038377739
-0.258096083468213 0.0838826347220507 -0.153634899577757 0.156254122421964
-0.241918387588955 -0.158775593830789 -0.200760520019883 0.0463360716268634
-0.0383666351960674 -0.375084467020008 -0.0673081920623274 0.0687448628531212
0.126983403870932 -0.425030525278521 -0.0468579820972613 0.315830211866159
0.0242692731385829 -0.300084539194318 -0.418083560220528 0.506528643168025
-0.166513509700604 -0.262701134544461 0.0613658082085592 0.545898474569508
-0.237398468974743 -0.0387851458392601 0.168069238881352 0.107579513589028
-0.135279890921455 0.110811886019927 -0.0125378652120982 -0.0413312133627845
-0.0585886822091607 0.138438189495319 -0.15081792956723 0.137914969882711
0.0112540355591292 0.152611957658069 0.0129627386519613 0.360386921410455
0.0637114138119266 0.14188392207632 0.214734878315111 0.373832237489957
0.0445508602112337 0.12593915192185 0.26671963558101 0.311683029092233
0.00863517713887902 0.128860585424878 0.23188607252961 0.33613372337581
-0.0467114978407569 0.129103808290409 0.105979636046006 0.348374462975185
-0.0853952089718679 0.0621514336401494 -0.0496147661093066 0.290378578140477
-0.0625203516150264 0.0063891957573785 -0.125134310740249 0.143919980391227
-0.0718513807057211 -0.0220057192383154 -0.152651654818543 0.0738242973206574
-0.0417977609586197 -0.141035680987763 -0.0531314066466707 0.127304348509928
0.0141036047449717 -0.239766046754469 -0.0863428499936046 0.413727305026158
0.0673890104878405 0.0246475951317548 0.0947592139599386 -0.461134044101133
0.0572727851708047 -0.0790639541134314 -0.0461521867746593 -0.204097163169181
-0.0640985184148302 -0.0717574306044852 0.0711097251111242 -0.0879334643254552
-0.0988238233985071 0.0553529577512385 0.0786668184675463 -0.106601200247889
-0.0133817071212432 0.0861175825078859 0.0704575609369094 -0.234091334821022
0.0356556255416555 0.0568415011547513 -0.0805678766601907 -0.348768373886081
0.0609481284523166 0.00949874364041117 -0.21547273859901 -0.353039868657445
0.0696930061225736 0.00227656238774373 -0.25592454595954 -0.321907820971308
0.0583223929907613 0.00961418107146427 -0.208277415460059 -0.345619560456074
0.0218639634058526 0.0362240542270653 -0.0563434959977912 -0.342189525049054
-0.0251739138255712 0.0484926856208189 0.0993066856043749 -0.202687585808079
-0.0687804674674684 -0.00172393171561942 0.00142522945306881 -0.02819585801485
0.0054346380196414 -0.0906739303820294 -0.110185397177065 -0.176491470975186
0.120920186663671 -0.0152096542574048 -0.0288166869025617 -0.502829879264972
0.0767627035832517 0.0886679279895715 0.431595476682082 -0.582298196423001
0.145545908609718 -0.14239769089707 0.0703688452973006 -0.462839791539704
0.0369728665353384 -0.237227696141119 -0.0498819892859472 -0.201851546571968
-0.156657209687949 -0.144261374413522 0.0497776945222246 -0.118824564327883
-0.213797395490039 0.101262554002565 0.0404180025479462 -0.102965503438761
-0.0850182247448627 0.201126289562878 0.0473875496577048 -0.203031189789265
0.0394877777559833 0.200238483639329 -0.0653188643412964 -0.299043610784744
0.140528736723979 0.140959793830172 -0.172836988732805 -0.312888418509009
0.166469334264114 0.132556850651514 -0.211720015393351 -0.293565371127055
0.151568451959629 0.155799102142898 -0.171872885084636 -0.308978753753465
0.0410529719277977 0.240184699740765 -0.0459486790506117 -0.307034980501246
-0.133356234317601 0.230612377414409 0.0816102803200127 -0.175593659317219
-0.280438188687018 0.0902900298936337 -0.0413755813095504 -0.028605971443429
-0.207583890838721 -0.225106957250409 -0.149671913621135 -0.20569876992913
0.0759776343615991 -0.299675027774991 -0.0284991717561196 -0.509945992824073
0.1808126538314 -0.177234455307444 0.407080102941063 -0.557875139931755
0.200709390693006 -0.299944651592228 0.00998931881512651 -0.407566318574452
-0.00763665961396227 -0.382788525058554 -0.0477190171935054 -0.161588604852497
-0.255681769750906 -0.1991364258864 0.0496871655850587 -0.141396632492674
-0.316376054266953 0.149959444798294 0.013560703848972 -0.116700544390169
-0.147296888239405 0.304344276853685 0.00912944376413189 -0.17479832408719
0.0409950599854964 0.3238506145353 -0.0570159064003142 -0.220828202091
0.201451736571179 0.253985130662996 -0.111726986890402 -0.230730564871649
0.238777157583787 0.24264490736766 -0.135224550863827 -0.221456664421277
0.218412349175663 0.278991476991122 -0.102397041647493 -0.223215643893662
0.0465091577406372 0.409170508795129 -0.0197854064280668 -0.216736020146859
-0.228497364141013 0.379921182670455 0.0576958456132832 -0.103777331452804
-0.457062428356722 0.168042933838931 -0.0881320055675771 -0.0027201587301648
-0.393069288685134 -0.33328021173616 -0.195010275410296 -0.195581410039732
0.0257761045960646 -0.543264852897251 -0.0447899612153268 -0.455044894761862
0.260174237605261 -0.410499586272077 0.340350990671343 -0.447592643564951
0.225824512978126 -0.436282700622353 -0.0756342801161161 -0.288960606272848
-0.0806515581668842 -0.508179484125674 -0.0337987687339393 -0.0705799841462534
-0.372459342540404 -0.23197496492899 0.0699062592913572 -0.14506423830026
-0.406101564473682 0.212250502556596 -0.00525485586301227 -0.136472278895598
-0.186518934953698 0.395088992401836 -0.0410998520524858 -0.136000973460901
0.0460997926062977 0.415524014778741 -0.0512122145774007 -0.112133626742082
0.241011007716152 0.333817164201952 -0.0357571733523359 -0.11343077637499
0.275359206622776 0.316336628568105 -0.0375565771101414 -0.115887705548601
0.246670981310723 0.356978411455431 -0.0137929920414707 -0.100914019226343
0.041511672739454 0.512344612185612 0.017664159450713 -0.0848848432858325
-0.288536630524528 0.471382989026756 0.0317439401042239 0.00175084564827735
-0.564122066730615 0.220334023129177 -0.128980731026195 0.0468358613446968
-0.511632041095416 -0.383789193894228 -0.231474755041461 -0.145606641507361
-0.0204805047633444 -0.690144010760786 -0.0651293584591937 -0.336660819717556
0.298005596022061 -0.564431265919659 0.241003016262088 -0.269276423778081
0.216946428868319 -0.523490293607445 -0.173398757074807 -0.110788007236712
-0.162118317596522 -0.587039318753437 -0.0042910758721133 0.0724523596527953
-0.469020859279242 -0.233723638582856 0.102682957210022 -0.12211959651709
-0.453795050404577 0.264931195930728 -0.022033603089158 -0.142537850375431
-0.19955821197573 0.445558121943987 -0.092190535266249 -0.0742122084645565
0.0526179035371998 0.456361751201969 -0.040195134461235 0.0230151382917144
0.249433453415669 0.364912432438345 0.0472869872090717 0.0265766156135446
0.270290042058801 0.33754370236168 0.0635588343444721 0.00805974935958684
0.233270378419327 0.375353435226503 0.0780739569165487 0.0364516270764613
0.0238882663361698 0.52654648237898 0.0586019985008837 0.0654470645511318
-0.298913854296868 0.472784205790855 0.00847989407229142 0.121383774668389
-0.554987438476993 0.222281579500763 -0.155934173011683 0.104047139534986
-0.519644864884485 -0.365955646519745 -0.24500364846528 -0.0698505538428037
-0.0472271385031396 -0.701330248765774 -0.0778559617595077 -0.182751280909942
0.283586761668722 -0.611415558552789 0.129307168883756 -0.058169251710087
0.174901571499514 -0.536215511064008 -0.270528722109684 0.106285338180867
-0.217547727780301 -0.577797956653493 0.0332954849932889 0.244956778027731
-0.491774143204874 -0.199318040419548 0.134810871731871 -0.0674838811431245
-0.426897178490116 0.271173877124867 -0.0351340861664553 -0.123249656119968
-0.177980203672224 0.420161452662592 -0.133112957706756 0.00860052883987124
0.0519894824285886 0.422319999834971 -0.0205258192704022 0.165191291233971
0.224643753832996 0.340125818422777 0.125892953869174 0.167765936114386
0.225185049996257 0.309282198113033 0.156380525436574 0.131927206952445
0.178245899729082 0.336290734940592 0.158125870604569 0.165456973468657
-0.00228028261218162 0.447846220069585 0.093229502250537 0.200077528665271
-0.258384691379842 0.378151834131024 -0.0113164681523332 0.220530861409904
-0.434906242669303 0.166908728553641 -0.161607744676761 0.146091842845916
-0.406839590239458 -0.27869109160394 -0.231622434100949 0.00413525258131806
-0.0476637354380793 -0.575341338647269 -0.0790738725572747 -0.0367328121842207
0.21928063664662 -0.550681567427007 0.0289264533653874 0.143376219787787
0.107873074012489 -0.454960453473817 -0.353951790701994 0.322520594643785
-0.216384886572036 -0.460611978860187 0.0601937088008488 0.410264764162007
-0.403785426833487 -0.132348918376006 0.155126994127672 0.0123078977213263
-0.309925816539843 0.210972538039509 -0.0362958779146315 -0.0841297784554962
-0.128414454078034 0.305454850378354 -0.153760530630266 0.0877833065042896
0.0380361667597881 0.311437329254647 0.00138660729652361 0.28416602716828
0.158619069838345 0.259322577025823 0.186289822070628 0.28659580802748
0.146527104946431 0.232028307534107 0.226142621807307 0.235221011293936
0.0981018984752103 0.2457974588293 0.21124068493415 0.267697864065647
-0.0284423856884927 0.300895618142334 0.111419807911472 0.294450769888069
-0.179378659217191 0.222525566245218 -0.0287394267367257 0.275483495499013
-0.247340524087079 0.0805291341155155 -0.147352751770741 0.157357278620745
-0.231917483781339 -0.15103588829829 -0.195858209552048 0.0539436101318722
-0.0386400630651299 -0.362548536740733 -0.0695761350468103 0.0684532980199774
0.122069076110549 -0.41183173038487 -0.043694719127245 0.300134225641909
0.0218568519124652 -0.291387779811439 -0.41138013796293 0.49532926870696
-0.167127484041082 -0.25428034998202 0.0652458223653132 0.535370652774848
-0.231517530384504 -0.0341796404024034 0.167588418570307 0.0995536428767405
-0.130177828940905 0.109083544969335 -0.0151528190558728 -0.0449215902732111
-0.0563789934089805 0.134310435646377 -0.153306383607609 0.136610105278471
0.0117794505578685 0.146775864909702 0.0146212868241053 0.352183689984267
0.0620496182959726 0.13652976756285 0.215770717983349 0.361015516280711
0.0437292502244534 0.122663195480288 0.262436356439081 0.303759983796897
0.0088066501317066 0.126169549798849 0.231065547004074 0.324418652766194
-0.0455037779951745 0.126272589699792 0.111048214498168 0.338444452089565
-0.082317115516654 0.058882814114294 -0.0404965772478342 0.284476674200852
-0.0570761522336968 0.00258842976109595 -0.118060766987977 0.14383247908566
-0.0640720798479771 -0.0178757645778725 -0.147904438626544 0.079672120119144
-0.0417820044286499 -0.135047213986246 -0.0535324991240307 0.125344827782968
0.0103311070980365 -0.232174496794603 -0.0797683633305575 0.397801521600399
0.0690362388515724 0.0240660973346307 0.0982776571076591 -0.44916453674919
0.0578005276774192 -0.0812625238867301 -0.0409010470058286 -0.200391477634502
-0.0634105507200418 -0.0722429206607578 0.0689764928609291 -0.0913626176007411
-0.097532709063313 0.0572962718705983 0.0731171378998944 -0.105835644543996
-0.0123184410716487 0.0872386764803684 0.0663965177231277 -0.230321115587967
0.0382366153744949 0.0585159161428323 -0.0807045911889714 -0.340371647886805
0.0626207674562066 0.0102652218846881 -0.213511816883161 -0.345311428318054
0.0706012514068579 0.00168046056710786 -0.250917418390532 -0.319631615918615
0.0595731056469171 0.00938028510924687 -0.202921958815413 -0.342599356181063
0.0227724519482 0.0369646535658684 -0.0538549722692404 -0.336615592766422
-0.024451662104805 0.0515397046153365 0.10046210686704 -0.200172394448397
-0.0695170384672609 0.000103659030796104 0.00245811935048765 -0.0246244182238284
0.00352411247135363 -0.0901916553277656 -0.110013148802313 -0.174603381824478
0.12099669820185 -0.0164896694204095 -0.0282567136732508 -0.495040215147972
0.077040011802669 0.0892490002251317 0.431219638631819 -0.568170436127662
0.148492561831224 -0.138584318511716 0.0719895433583092 -0.450837959614182
0.0386091180436201 -0.236352498750134 -0.0454327470852948 -0.198106178375344
-0.152126339689042 -0.144666309507196 0.0458789562623132 -0.122932041981699
-0.209933376707897 0.0999232449881317 0.0344911841152056 -0.101514340301511
-0.0827488345104579 0.199691372565962 0.0422262818543491 -0.197270155910301
0.0410807546425309 0.199227936065191 -0.0661066518502221 -0.291434178749989
0.139810520975144 0.13951289220928 -0.170591522698331 -0.306734702116912
0.16595316323416 0.129960497021407 -0.206883795608497 -0.291092114578575
0.151254685610518 0.153548616552743 -0.165922684617917 -0.307075518029464
0.0416012078679217 0.238079023409401 -0.0432636804128465 -0.302109126134226
-0.131112871335017 0.230749388017426 0.0820109694894089 -0.172377862218531
-0.276880213597144 0.0899750984216557 -0.0412886056858769 -0.0241468474205633
-0.205293906063858 -0.224257963536303 -0.14970149239494 -0.203029577953632
0.0785144044205202 -0.29771172007939 -0.0304931639987495 -0.501795198876474
0.183763129194975 -0.170025631588045 0.405258225996078 -0.545656483614967
0.206590183490566 -0.292634722736083 0.0120451197027619 -0.39663110414462
-0.00293111526889991 -0.377668584202091 -0.0431375045827627 -0.158307230834706
-0.247651455029196 -0.201323703909495 0.0445993520886355 -0.145904806567442
-0.310590215090879 0.14612886387168 0.00779239466148292 -0.114482997613776
-0.144962795661943 0.301295301369399 0.00289940049790728 -0.16735947751986
0.0417711355634903 0.321011934267303 -0.0571854983755409 -0.214222878502274
0.200198224100866 0.250443420581539 -0.109130774488878 -0.227031097478298
0.237223183175965 0.23861038892686 -0.131502976543922 -0.218750636102623
0.216246191567181 0.274776167478288 -0.0977366695847334 -0.221959906596795
0.0478177056489486 0.40524488125729 -0.0184745863590756 -0.212193656064701
-0.22450628296859 0.379084405507846 0.0585155883191928 -0.102320475445954
-0.45170945997445 0.16544625503688 -0.0875765221060871 0.00214287933339665
-0.38499745098206 -0.33179892797186 -0.19426317041414 -0.19042070676108
0.0305389918232404 -0.537270253092154 -0.0478737390689355 -0.446255108274404
0.265051385504045 -0.397269440290661 0.337883612067711 -0.440229882156933
0.233236571305616 -0.425870807468604 -0.0749365968845168 -0.280943681178456
-0.0744621071759502 -0.502109792782144 -0.0308613505176499 -0.068590712857764
-0.361310531602879 -0.232944359372325 0.064216182358863 -0.150440240022539
-0.397351494854007 0.206285460405383 -0.0114549345015068 -0.135080214543515
-0.185838426510019 0.389621783382135 -0.0485500953497487 -0.129248674344976
0.0463263830613088 0.41206851861801 -0.0517337805890934 -0.107009643433835
0.237547675751676 0.328094821853853 -0.0338478773315306 -0.112139623640521
0.271371183040209 0.31148576688419 -0.036058785524972 -0.11396506303234
0.243357254978782 0.35186059379218 -0.0103277598208308 -0.100992818906879
0.0422077023212139 0.506141648384073 0.0177661270409326 -0.0815068322029547
-0.285715161660679 0.468244201910507 0.0335197420943007 0.00228453890179689
-0.55474427248276 0.21497078581291 -0.128034788764958 0.0505798951483107
-0.501855523215448 -0.382428669404115 -0.230321303376148 -0.139696811678575
-0.0131968395161863 -0.683159539880553 -0.067524703462726 -0.33024147545277
0.302157032603554 -0.547739927695303 0.239349705139038 -0.267839702846695
0.225145612890005 -0.509813889354655 -0.174198268767355 -0.107103310004349
-0.15721900629502 -0.579271224734501 -0.00214541324924553 0.073209002476211
-0.457776515368893 -0.235984963424289 0.097016193676455 -0.127381992119128
-0.44635952989224 0.25804690882706 -0.0277030614955244 -0.142098249553382
-0.19900688696415 0.43907483048027 -0.10005247210924 -0.0684255162421667
0.0510451750419125 0.449941332004101 -0.0403346862905774 0.0260337289699418
0.244848072101511 0.359977719607802 0.0485682385060858 0.0248581761025546
0.266201859004574 0.332707192151957 0.0633726293399315 0.00926262535366543
0.228763148663067 0.370823652632025 0.0796404615471503 0.0350755761749254
0.0240483329291141 0.521007426242627 0.0593421604812274 0.0665314456572726
-0.293246296324411 0.468143590535169 0.0107727446099473 0.11935923909016
-0.545549221148019 0.216321959113644 -0.154166769870171 0.106989458258538
-0.506556470529453 -0.362622331605734 -0.243281606707334 -0.0640561049797355
-0.0405354173717604 -0.69411864217853 -0.082556101513164 -0.178318740552266
0.289801202045891 -0.592831341768606 0.126378494021758 -0.0622315301879106
0.182854716928332 -0.524755322920392 -0.272964275816107 0.104998934440553
-0.212223466952015 -0.570310908076466 0.0330594952234983 0.243946485871176
-0.480737284369657 -0.199858209068381 0.13080919086833 -0.0735384409609352
-0.419596150048104 0.263614808378237 -0.0401897247739586 -0.124343581965841
-0.177820826917742 0.412927320594118 -0.14123028967872 0.0123158808818033
0.049735873067709 0.417426698980719 -0.0210131116776668 0.165169693268142
0.219005944586459 0.334683527914249 0.126413814671321 0.163587094111689
0.222155172019199 0.304136803026208 0.154372614681552 0.131668997062879
0.174616014482617 0.332155430651831 0.158073040410789 0.162292490532783
-0.00164477688281974 0.442686397756394 0.0937199672529668 0.198696349469867
-0.254844582997239 0.373221838180605 -0.00848154223916252 0.217462059731461
-0.424747570429629 0.159790081367179 -0.159761679649728 0.14815285594622
-0.394865818389743 -0.27461017219493 -0.229643678320947 0.0101903538882064
-0.0421005919837199 -0.567100554061516 -0.0837873300055185 -0.0345209675444577
0.224665344833593 -0.53609190707856 0.0255626788509574 0.134527699393604
0.112745892856554 -0.44706156607435 -0.357152289059997 0.317422226947731
-0.212060018115997 -0.454082908644905 0.0587439710533081 0.405755200138076
-0.395236798664003 -0.131329879134623 0.151989480919691 0.00687269006080401
-0.305332701068191 0.206000639489323 -0.0395976138170199 -0.0866032130204804
-0.127550794032023 0.30030969691463 -0.161536447853501 0.0899765450948248
0.0348804278018581 0.307020622565169 -0.000282641679571182 0.281171038295736
0.153738814619697 0.254539658449918 0.184895874882718 0.279581232779544
0.143070838766304 0.228549359265028 0.22298210060409 0.233742271206341
0.0960667373052204 0.243010366268031 0.20933616348066 0.262263623994057
-0.0286502806030934 0.296801482956498 0.112496839214126 0.289879178948926
-0.176118845655189 0.218009604268644 -0.0245177436996548 0.271307861120032
-0.240174763314152 0.0750708678725224 -0.143640891593598 0.158169153656496
-0.221726597570205 -0.148454846152532 -0.193129004795401 0.0598035164435959
-0.0352653987988278 -0.356805410086916 -0.0736019192870565 0.0684187124585358
0.123494928890159 -0.400619822473514 -0.0458795593292651 0.288023970374101
0.024048264226885 -0.285188698734899 -0.4150598642078 0.484623933172786
-0.165478247244917 -0.250159707281169 0.0659661907605257 0.529580420666387
-0.22664842895478 -0.0325318060926603 0.166511665964965 0.0955271953697529
-0.128131061853996 0.105689314366241 -0.0180060494223729 -0.0488355481589579
-0.056737117593857 0.131163566593893 -0.158775326752631 0.134870352552512
0.00933126574974424 0.143378306600887 0.0123732374094969 0.346583633975123
0.059123288154941 0.133505375648355 0.211470255697931 0.352940592822803
0.0414372046039135 0.120693929806908 0.258932968645842 0.300613152410497
0.00734854473970779 0.125290135798595 0.228831918047966 0.320365726306444
-0.045849994187162 0.124063523701137 0.112327102676637 0.332999620733274
-0.0812618873666141 0.0543934683917752 -0.0356866195858419 0.279820041590375
-0.0538063335202511 -0.0018467479792746 -0.112776539615212 0.143490019487541
-0.0579483155606095 -0.01604082242657 -0.145289573774251 0.0846413443156762
-0.0408029821151678 -0.130363287185395 -0.0568497554088788 0.124578201869499
0.00948683738261825 -0.225715157289292 -0.0814551599548595 0.382923497089492
0.0709465029687151 0.0246887906048911 0.104959194668114 -0.44671424298341
0.058824857203382 -0.085429404249186 -0.0355117553470622 -0.201495601891489
-0.0643961292260964 -0.0750767214832563 0.06786144604734 -0.0970220124758985
-0.0986692422096317 0.0588076359950852 0.06981534906389 -0.10639379625305
-0.0114329652688272 0.0893300249530126 0.0637386765220479 -0.230274960043888
0.0415846618670823 0.060639373455195 -0.0814605421066281 -0.339303330118372
0.0656815864607395 0.0109202161301907 -0.212633184264121 -0.344356812960209
0.0728888205956532 0.00118918380490317 -0.248949481059785 -0.323211590080994
0.0617278109208097 0.00988892268577629 -0.199538762964702 -0.347476955639602
0.0242745215199746 0.0387114307893147 -0.0504838640344915 -0.33951482975468
-0.0244375636680254 0.0551861898080615 0.104607557632544 -0.200944659393908
-0.0714074648779214 0.00269198993887769 0.00369749775328888 -0.0215196597901111
0.00243966495623815 -0.0922833743375613 -0.112129546406625 -0.175723879151562
0.123680612102533 -0.018183011941352 -0.0274080851221175 -0.496383353937284
0.0791825220078094 0.09179986396321 0.44323411430602 -0.560954961771293
0.155516762198805 -0.136912737745066 0.0774149770799404 -0.447796713028876
0.0425007289629867 -0.240340499699453 -0.0408178766633135 -0.198476416493525
-0.150989061530175 -0.149936637455583 0.043476990102401 -0.128909024140344
-0.210263715978916 0.0996922326348081 0.0304080309656954 -0.100999748422505
-0.0829595392955447 0.20209246195485 0.0380517236178695 -0.195959024000301
0.0432892220442675 0.20201995304349 -0.066419465297322 -0.289021687780033
0.1425910019443 0.141448141311435 -0.170052450679266 -0.306784149769536
0.168356861852017 0.130507884554256 -0.205823580875219 -0.294575387827263
0.153441947742149 0.154643142690856 -0.162867151792028 -0.311704726812542
0.0417065923136331 0.240535504712717 -0.0411886806356958 -0.302566465846412
-0.131860040381565 0.235389053143755 0.0844988313633135 -0.172448243936155
-0.278682465462909 0.0902066237232804 -0.0413649904799735 -0.0203918894581053
-0.204934754208846 -0.228421994188821 -0.151968353219328 -0.203719281363681
0.0840409499505851 -0.301157013201401 -0.0303097795763482 -0.502115944213776
0.191673785040049 -0.165720551807764 0.415194442751397 -0.540792124576295
0.21690709771094 -0.289575001332044 0.0154887823296876 -0.393299627493115
0.00300363728058122 -0.382145238832579 -0.0391883520617649 -0.157781118309807
-0.244620605770031 -0.207713341344385 0.0404595830596278 -0.152496826614936
-0.311323817950166 0.144814356400833 0.00215228460795007 -0.114730789756619
-0.145934213439878 0.302903076258264 -0.00263044549474116 -0.164633905500403
0.0427908296694809 0.325057123784013 -0.0574176917692652 -0.211414894179895
0.201975691665732 0.253474258089067 -0.107998989325733 -0.227919803731671
0.238806358506488 0.241057348270363 -0.129935617898042 -0.22171777146911
0.217615718769813 0.276892020069766 -0.0944419171490492 -0.226191615522218
0.0473130535807094 0.408961215360602 -0.0160148029153762 -0.211966336815803
-0.227061327544259 0.38512304016786 0.0612245760576506 -0.101873419874561
-0.454006766891784 0.163620526097425 -0.0883945338359544 0.00733271023634361
-0.384696430713682 -0.338260824826887 -0.196832740131623 -0.191152644584901
0.0388750563698499 -0.542602290207167 -0.0497236665469452 -0.447652303617124
0.276777427775805 -0.391389299251728 0.34465135082393 -0.437389980393988
0.246779706058327 -0.423584089185036 -0.0746082209136156 -0.278583872645582
-0.067950295896364 -0.505062829633902 -0.026680114245293 -0.0671123041044214
-0.357169756918142 -0.24129625460411 0.0602148157659348 -0.157531379895549
-0.399145456841709 0.202811848510083 -0.0170992800630139 -0.135999976838634
-0.188028345927964 0.390701333852073 -0.0551719086487909 -0.125106223487202
0.0457949469388637 0.41554397770964 -0.0517198328736686 -0.104304246664042
0.237959539826279 0.33124480161222 -0.0320358640775987 -0.113660026152706
0.272524169464196 0.313023432013609 -0.0348627008300208 -0.114790180580824
0.244195127690166 0.354907647823095 -0.00716320928054091 -0.103615668058479
0.0409102119002229 0.511059392965455 0.0199131689900293 -0.0793664780230879
-0.287441160576937 0.47275075626806 0.0356532842832231 0.00254811048758763
-0.556068164727284 0.211787559250693 -0.130026694288904 0.055833620380752
-0.500204813482171 -0.39032798740381 -0.232965901340544 -0.137318464605928
-0.00476003992606164 -0.688221946589025 -0.0716992636087537 -0.3320766717841
0.318781256566928 -0.540234452364624 0.241699232441795 -0.269420623815049
0.239830481020274 -0.509570329375806 -0.177891089203309 -0.105678532461692
-0.150969133205051 -0.582839506892799 0.00035086649040027 0.0753779570532426
-0.455038857119305 -0.243692149106264 0.0935873060004476 -0.134651566148038
-0.448896885794799 0.254104598838261 -0.0332109738051595 -0.144293566301818
-0.20221299809907 0.441162871999421 -0.108550600133621 -0.0638470048394316
0.0492753465041798 0.454625290439431 -0.0411411544313284 0.0293942243052411
0.245434359576482 0.362229169398656 0.0504011528639024 0.0228338663557986
0.267279238284842 0.336252269319721 0.0653900001879886 0.0102305756050786
0.22858094679032 0.373725352355675 0.0825042882092496 0.033657873264447
0.0220316705949177 0.52554820893222 0.0606874142169485 0.068934244975221
-0.297023175057901 0.470766483834251 0.0120390916356712 0.119940042865761
-0.546513974240674 0.211140921372365 -0.156340370210461 0.112226912691092
-0.503449638481665 -0.370926945374961 -0.246073424075262 -0.0596902792722915
-0.0305185227208145 -0.699534822392472 -0.0884244904577677 -0.177256812583576
0.303131583569338 -0.585461662413771 0.125593392983547 -0.065833577723043
0.194941451262562 -0.523036507139637 -0.280346764239226 0.10671731003066
-0.207340773621766 -0.574504571839154 0.034582514155868 0.247109371504501
-0.478101100158719 -0.207413468731067 0.127865498788641 -0.0794738098884782
-0.421997911212588 0.260165952520396 -0.0458681213551805 -0.127238401939868
-0.182299065792589 0.413163760227475 -0.151213505099343 0.0165976115589108
0.0472460228686915 0.419743390868886 -0.0226716625683864 0.168068318087864
0.216905343954278 0.335591978192123 0.127343643197735 0.161750751706637
0.221691254959546 0.306329716128868 0.155906567489038 0.13460584762836
0.173982903236964 0.334535380986787 0.15918760024892 0.162878707240226
-0.00402674808860641 0.444851501700621 0.0955703930422711 0.201372833019823
-0.25680879467451 0.374107807684076 -0.00590565397306254 0.217906130723481
-0.426033481280489 0.155286611771581 -0.159988537714357 0.152261664570468
-0.389488914432373 -0.28118045481965 -0.232205184420317 0.0154458319013607
-0.0354402485646445 -0.571366740100451 -0.0900942506718994 -0.0325662361578045
0.23425799841276 -0.528747437905239 0.0226495317730134 0.128804596139651
0.121491904144352 -0.445239855294354 -0.368317524113567 0.314871752964058
-0.210487695361575 -0.456797263566168 0.0584873136199809 0.410223309120801
-0.394482112025909 -0.135128782294604 0.151303524454614 0.00265922180019971
-0.308011282429916 0.202858866273497 -0.0442267902739939 -0.090483205436689
-0.132448082792975 0.300503190956387 -0.171290783992765 0.0928814534121938
0.0319850463176048 0.308477832727821 -0.00357268883966242 0.284200978306427
0.151319231265552 0.256061804424452 0.186051962873776 0.278644114147722
0.141664218310352 0.230161664866013 0.22398820879692 0.237911825260736
0.0937704547260931 0.245289378955122 0.210980843498114 0.26310495320585
-0.0313461668741877 0.298458974656615 0.114071154275741 0.292210724246627
-0.178031564019747 0.216669416022162 -0.021739634460797 0.271408519288233
-0.238470932784272 0.0700148140433669 -0.142698290620512 0.161395952864282
-0.215176058734633 -0.149658383541468 -0.194935133908494 0.0659966724079548
-0.0306145854376233 -0.357542691411551 -0.0793635011608959 0.0705669276852249
0.129280344153325 -0.394225599399128 -0.0503850855025679 0.280492306411372
0.0289488551169333 -0.284571449286826 -0.427975461878684 0.483580473971654
-0.166080732425096 -0.250908818648185 0.0646024361725671 0.532421881340533
-0.225739165354578 -0.0325227456384224 0.167488675896872 0.0938968652219381
-0.12925974552108 0.10457882008351 -0.021190283414285 -0.0527196812542577
-0.0593505202871515 0.130290717472195 -0.167666206070914 0.135688016308495
0.00654986782993258 0.143423624583681 0.00746531950064409 0.350484687390804
0.0569214793702584 0.134242825685651 0.212093888411541 0.354132587257569
0.0394790431543764 0.121422895784985 0.258901158732331 0.304879292627533
0.00522384530412289 0.12602811205889 0.229701390272021 0.321781816530741
-0.0475233108077537 0.125018551771319 0.114827318463826 0.332460382497389
-0.0825373400614439 0.0506657905992967 -0.0328092914793952 0.279898828412972
-0.0515445214874155 -0.00599582803724099 -0.109823628527079 0.145023712389271
-0.0520038799602837 -0.0141743978817592 -0.145873764396546 0.0909487733710437
-0.0398891671443021 -0.128458881159652 -0.061083613023246 0.126022625619475
0.00860050600591377 -0.223675055636925 -0.0862978959308567 0.376030699609951
0.0740049505170653 -0.02367232804196 -0.181539636721601 -0.428915597070608
-0.00459516622903517 -0.106419839862629 -0.150534537819365 -0.148919808446471
-0.0994766948075658 -0.0261859144204911 -0.0125559964546952 -0.123398788443243
-0.0456101918921372 0.105150285339779 -0.0135328594605431 -0.122326101522569
0.0449170803075823 0.0798813122254963 -0.090454662848464 -0.219150222461394
0.072522482542771 0.0245275335126784 -0.271740325182802 -0.21894980924201
0.060813827832358 -0.030177576295671 -0.387196009383407 -0.14787141693254
0.0595210714764425 -0.0463582374698082 -0.402240581091899 -0.110380606746913
0.0560461174529246 -0.0329941601394044 -0.378555702830409 -0.161421974533246
0.0444901934464912 0.0171312633891871 -0.249769567945717 -0.249284837554154
0.0171810315914403 0.0621005694787997 -0.0360586082316261 -0.228957606974834
-0.0583527033706727 0.0481703519712326 -0.00641786543265789 -0.0175020332647057
-0.0621373916862582 -0.0804719632365682 -0.202955023368097 -0.0692478024059437
0.0860526353526431 -0.10195447367986 -0.340126564825631 -0.37986874357864
0.133520065094216 0.0171387400094777 0.00837922925236618 -0.742865225433935
0.0559398170912973 -0.206814517737148 -0.216394345889472 -0.416144035311958
-0.104390938558623 -0.221257193977417 -0.156398184785227 -0.146385838472242
-0.212857088328591 -0.0387299389984095 -0.057671707234495 -0.132301453081346
-0.112529350370197 0.200195029288911 -0.043173245917723 -0.0874231815614212
0.0522803862760671 0.213322355668631 -0.0875787539774508 -0.171591761186345
0.158771478926967 0.13796880628775 -0.226145244498998 -0.184841932614417
0.201423417061241 0.0282692909308183 -0.324784027201677 -0.144942508410074
0.218076671894943 0.000748103329425317 -0.348702829211974 -0.113963131724222
0.220246289179922 0.0303051787249585 -0.327485036849757 -0.155304632428857
0.185174092142165 0.172712687861211 -0.219204505514836 -0.224450112574237
0.0401669025188697 0.278700709885453 -0.0323673507413095 -0.194139180998863
-0.177544266239093 0.248610165177173 -0.040753097864427 0.0120343828302137
-0.326674593955436 -0.0646306611810071 -0.250099216397171 -0.0660324720965436
-0.125818378688732 -0.313629248962484 -0.339827380372317 -0.38498537693806
0.066890614433984 -0.272271011325805 0.00313901764077842 -0.700364899334005
0.022043301329714 -0.371333271247514 -0.245776152654362 -0.336658290897437
-0.214837635780834 -0.312357784398263 -0.136608604157619 -0.1171650030574
-0.322257525808254 -0.0332151509551594 -0.0803653204715662 -0.146871694063506
-0.168221693660172 0.29167151263102 -0.0755781722669084 -0.0751589835313066
0.0593420796680233 0.331296065033984 -0.0996541967845283 -0.117675335375651
0.230721504347956 0.238110483358978 -0.16996234794498 -0.124502920563813
0.315563768877552 0.0827103672168246 -0.222582000516061 -0.12010664574517
0.343703627259497 0.0478233098704613 -0.241866653328498 -0.100553765610791
0.350714905924003 0.0919208611109215 -0.22006536605528 -0.12734881965031
0.295455536596459 0.306701538627809 -0.143313515254619 -0.164331091084681
0.0549081198896102 0.461135199879434 -0.00647516080458685 -0.122715488447443
-0.280879855293011 0.416395675057756 -0.059881960859764 0.0635275219250182
-0.549493387782062 -0.0441377974538822 -0.275202074707751 -0.025096842434783
-0.317510350062761 -0.486754541131487 -0.31364043717484 -0.329408995506127
-0.00397588233809406 -0.516422506110524 0.0153691856851629 -0.559666208972474
-0.0265529082362309 -0.498294613215237 -0.259945271098962 -0.189286150349689
-0.341533243031963 -0.370569766951995 -0.0768838185854457 -0.052050988222296
-0.433864959841159 0.00234986888982044 -0.0718315353549279 -0.159167001483619
-0.207100163772111 0.388027222546307 -0.104516781285817 -0.0763382222955015
0.0768916544683422 0.428252491162558 -0.117543212438121 -0.0513334935124738
0.286727988076709 0.310512950359117 -0.0978476982905119 -0.0381061438274628
0.391519102629977 0.123508983519489 -0.0893569768660785 -0.0750870733671038
0.414978470736493 0.087334765374635 -0.0985319164048196 -0.07254418186985
0.420801607758484 0.140657245144858 -0.0740734297096863 -0.0808151442443983
0.35466521099621 0.396556062900197 -0.0325565215573348 -0.0784574671738297
0.0600244114224452 0.573353071988955 0.0390436384562929 -0.0228047184806256
-0.336036627906081 0.519107519912262 -0.0619509457187548 0.128014899731827
-0.680226382890276 -0.0162143741608382 -0.267186191982129 0.0423843453351544
-0.445391947763255 -0.580367431879718 -0.251962319075662 -0.219099570967095
-0.0642254423432754 -0.664872731916673 0.0410006378311274 -0.351311618713161
-0.0803283005356912 -0.565931016831732 -0.245276915619975 0.0151367024981693
-0.451357222858102 -0.387221807050537 0.0278053501716026 0.0477259148699049
-0.51184990644551 0.0584525485741777 -0.0318672339559542 -0.156151978043078
-0.218048972264618 0.456810684269669 -0.122443630231788 -0.0710528248853129
0.0940873235137514 0.475729421713138 -0.123444295225466 0.0325199135140039
0.312011582230656 0.339252204993888 -0.00744484030288648 0.0633541981594279
0.414700944376324 0.143983494070464 0.0629072674593784 -0.0148711006733098
0.423988155017573 0.110133340046075 0.0595918627170567 -0.0318589706679415
0.421060134277185 0.167382269736369 0.0839720476552085 -0.0237841713448309
0.34758524001086 0.418754338339784 0.0932574506309729 0.0179723132434818
0.0503687733849214 0.579404839423553 0.0929617021003668 0.0866404095261954
-0.327563092420563 0.511774359348455 -0.0479944514346572 0.189228910347706
-0.667122445187559 0.00266440805972042 -0.227510875547026 0.114040116657251
-0.472131005672198 -0.56829186335417 -0.166796009848942 -0.08545035745378
-0.107426524939481 -0.689258614024632 0.074742809095254 -0.109664650120919
-0.126423122768188 -0.549402317956367 -0.20205303095751 0.253935261555782
-0.490428934309677 -0.344238786579061 0.159134969496873 0.168057210293232
-0.510741137051744 0.103689960480115 0.031859183163754 -0.130292181652116
-0.192606654518449 0.447618289169674 -0.121599510351834 -0.0516133022495972
0.0940009495813516 0.442629824658687 -0.108967649355234 0.122337567439071
0.288003578929466 0.313873348158991 0.0911088642947315 0.165037759288256
0.377387405945911 0.139204637963212 0.21107659651876 0.0505769982756655
0.369453404376032 0.114902777349798 0.21002579005849 0.0136291779566845
0.350150649772975 0.169601127214699 0.227819944067418 0.0329948709817941
0.276983218151252 0.370599503240271 0.204005359774727 0.104170569855774
0.0222782487142148 0.473652481373946 0.137090683618614 0.177226630418383
-0.260184401412918 0.389570278016383 -0.0271694760062738 0.224171659991268
-0.509782059100961 0.00827010755127161 -0.168267653848283 0.165727508320464
-0.391268992499219 -0.45618650573945 -0.0794201855931434 0.0344950051174449
-0.133380363106988 -0.59311034456918 0.111470614773686 0.111091749371756
-0.145392443524623 -0.440599450627306 -0.142891653380449 0.481594999919963
-0.426911443394383 -0.24662674595497 0.281249899724729 0.289598287470699
-0.39592597672151 0.115959733348578 0.10808497754063 -0.0790706064509631
-0.132795340919051 0.337867597927697 -0.0967983825736081 -0.0292187303453039
0.068230496408337 0.321331951768949 -0.0814346984462187 0.192766163450046
0.209461487545331 0.23214232112456 0.175180074753003 0.243223900780676
0.274842106037378 0.114120819373656 0.329755332851561 0.110387063132275
0.257171203301304 0.102129382291311 0.329176347810052 0.0554821457966693
0.231348104145769 0.146447206455675 0.332664748081814 0.0831096379158634
0.162124491471348 0.265289538050625 0.275277491617738 0.166246289463252
-0.0120239450760604 0.291612483724072 0.156293712525355 0.230261267003795
-0.156552433822808 0.20173744159958 -0.00989461142135274 0.220203177500142
-0.274687030443232 0.00876478894301517 -0.108790623879197 0.182473302737784
-0.251390478181572 -0.276930058547633 -0.0106593433314212 0.111297316193411
-0.139976857066205 -0.407679994744688 0.14457447533755 0.274784085684273
-0.135783644452407 -0.250726262089745 -0.0794657099619176 0.657740893837865
-0.273588003798634 -0.104525888564414 0.366564602504177 0.389172992167568
-0.198832512319865 0.104638797387991 0.187031208281664 -0.0190462394159465
-0.0445193060239622 0.157620166069818 -0.0531184993054138 -0.02340102781167
0.0278600439766684 0.140793919179562 -0.0551518889606788 0.220641382168168
0.0908083032636772 0.112688578436358 0.219731686855929 0.285157099460511
0.125323059666406 0.0726415453441828 0.395880292759336 0.156957344773813
0.106192440955808 0.0765351352355406 0.399471685948319 0.0893139206536487
0.0844975853400131 0.103292119467378 0.385342078552233 0.119087080026131
0.0390043884702278 0.132476900737777 0.300195520095971 0.198551970227304
-0.0382114494309855 0.093534912637711 0.150782759094475 0.243692327293502
-0.0465124508901564 0.0228865826257132 0.00476136028994634 0.185733228110454
-0.0476757580141466 0.0207029934021257 -0.054476549907219 0.170083153291329
-0.11309883359411 -0.0779019817953778 0.0339662471675647 0.144182192953353
-0.136972456737279 -0.184329653366502 0.172581377509696 0.366047680651124
0.0780294046610053 -0.0282931892325947 -0.194180070341434 -0.434625074015308
-0.0114668508389274 -0.11277253951295 -0.156482318426424 -0.151192597819511
-0.106831040125827 -0.0246410285429929 -0.0229737676400854 -0.130384213977783
-0.0435325839479211 0.111383587583033 -0.0223692540517927 -0.122500909621905
0.0507577555453541 0.0817209909524507 -0.102553184195347 -0.218192709475467
0.0785800163032161 0.0208310306677649 -0.286268645304087 -0.212679909897426
0.0634292117665069 -0.0353483142063713 -0.400471028075126 -0.138797081000909
0.0604569346575918 -0.0523422379925891 -0.417233045778091 -0.100588117672578
0.0576708674178451 -0.0384742024797773 -0.394239326288589 -0.157513849622222
0.0485316489690418 0.016549563891384 -0.263210000722935 -0.250238200094959
0.0232864334112775 0.0644840440325362 -0.0423939708388639 -0.2361244444172
-0.0578006407579023 0.0546015050970968 -0.00304385407291924 -0.0152609145813047
-0.0691745929003704 -0.0806000277424633 -0.213216825574334 -0.0633698178556488
0.0849430280705207 -0.110678748955478 -0.363334695422519 -0.37766386139041
0.14108068826049 0.0117567433990544 -0.00780962176124855 -0.766307387822261
0.0562477167014001 -0.218246303451452 -0.229350063226687 -0.418791719811927
-0.116014242021474 -0.228784465099094 -0.162051578239797 -0.148368357812002
-0.223821229108294 -0.0368964835586391 -0.0716981522201036 -0.136892594602211
-0.109263109625986 0.209997847529729 -0.0522258979090018 -0.084271642485071
0.063018548548958 0.218225176909297 -0.0969684781756836 -0.167151089292244
0.171113193635078 0.136136127512868 -0.236429003925586 -0.17925143060652
0.209273312908318 0.0198836633905891 -0.337469593449236 -0.137454387731676
0.224988888851883 -0.00907103511099707 -0.362841155864843 -0.106381677939593
0.228826223802915 0.0213597798562499 -0.342187217633954 -0.151836843311806
0.198779597086417 0.172194643110059 -0.230804142069037 -0.22434420090094
0.0552233704579897 0.287031528264359 -0.037352307157238 -0.199455877019035
-0.173989756610625 0.262224726728686 -0.0375135561973739 0.017721900127419
-0.339770005275931 -0.057584964051444 -0.261119941433665 -0.056357590950623
-0.139780953132909 -0.322986154590197 -0.362040929629667 -0.380702333749883
0.0673420061601243 -0.284521463753486 -0.012751612993858 -0.718513928973091
0.0198685337459125 -0.387290062344257 -0.257435443739673 -0.335611562698942
-0.231218336956755 -0.318791284004047 -0.139927281203945 -0.119227900879726
-0.334559611312088 -0.0291068357757203 -0.0967972860561495 -0.150051751630106
-0.164986377179572 0.304361649063521 -0.0846792567366908 -0.0712958083050504
0.0735796268363436 0.340300981226236 -0.107892207132564 -0.110057886752732
0.247790251911537 0.236685880933064 -0.175733815433684 -0.11946254477649
0.328640035383881 0.0728951346683288 -0.232710582402898 -0.117314066647574
0.35579428089121 0.0357462984561512 -0.250634180049812 -0.0964908862108489
0.363690436404514 0.0815636618459156 -0.230366774988495 -0.126352291140919
0.3173417299342 0.307405728664455 -0.149753027567114 -0.164392195203958
0.0751377371517809 0.475147512062762 -0.00798943556389751 -0.126451141526528
-0.273621477967056 0.437196661581813 -0.0556408988944964 0.0722871836428515
-0.568668255281379 -0.0316688520505796 -0.284684891157385 -0.0116543747688878
-0.341163208215198 -0.495741937684058 -0.332784052735885 -0.323493953171565
-0.00757393033741489 -0.534251427922402 0.000446992450819916 -0.576536567336903
-0.0337319570451556 -0.517424185796494 -0.269588670847149 -0.183304235850774
-0.361782343072882 -0.374465235952604 -0.0757375484000907 -0.0540875916236267
-0.446119349422128 0.00984073222671836 -0.0889079786509568 -0.162608312934884
-0.201517912106864 0.402531436913349 -0.11545455303234 -0.0714786382977
0.0934640394734063 0.439475689929977 -0.123812684588613 -0.0402216715941824
0.306910403067546 0.310525104765782 -0.0989326803117907 -0.0334088335335953
0.407506146235739 0.112883353867217 -0.0947565498180813 -0.0762790549426867
0.43080825794203 0.0743463973329116 -0.101790293143505 -0.0719120375497081
0.438077072261446 0.128950793590404 -0.0788110920881144 -0.0832330722956766
0.381723600358511 0.397031734099166 -0.0316102549338966 -0.0800499260870177
0.0820535574906809 0.589446504307247 0.0410392350271798 -0.0257185286608638
-0.329480300198584 0.543625690350083 -0.0547912114865382 0.139033160296004
-0.699347547137304 -0.000534238198263804 -0.273275728013378 0.0581799582702236
-0.475686210142018 -0.588605274405172 -0.267807445248121 -0.210809647421018
-0.0723687796166563 -0.686352337427605 0.0288199567271901 -0.362664361464375
-0.0920216279681634 -0.585210172745468 -0.251163208134972 0.0273826584105873
-0.474191744466639 -0.386905631662747 0.0346187702283949 0.0446695603623792
-0.525563213309374 0.0695155925552219 -0.0468004177451509 -0.161996256286223
-0.212164795818263 0.475384184588417 -0.133040182122987 -0.0664296368489221
0.111347776297349 0.488700447581092 -0.12770427531791 0.0466105458570011
0.332404589246733 0.341505928176469 -0.0035553457948818 0.0683445533221789
0.431272417405536 0.133736838133477 0.0627861469860689 -0.0208077040443654
0.441450520424258 0.09848476187882 0.0624525789151309 -0.035735592685488
0.43833683280461 0.15634016521097 0.0859884073346654 -0.0297277617489539
0.372992586635583 0.421742625487269 0.100958582585075 0.0147475048527519
0.0719580629964103 0.595097362478104 0.100365924886832 0.0848636195077347
-0.323695054534205 0.535264388293481 -0.0382719301766396 0.20096095140796
-0.686003260549404 0.0196856824523362 -0.226871086353906 0.131843589606689
-0.501284098163251 -0.574769622926428 -0.175902162945005 -0.0751052583658238
-0.118172804447213 -0.708010481729635 0.067549826844569 -0.116659403627412
-0.139144497793704 -0.566456183980624 -0.201820218399006 0.271417496674713
-0.51381296976806 -0.34076575866147 0.174136898128981 0.165303195948191
-0.520150478068601 0.118558319306661 0.0220517793387254 -0.136433486095735
-0.18573393240109 0.466460545247607 -0.131243021459262 -0.0471200494658603
0.110880599290945 0.454117022451587 -0.111581709986848 0.139094462733409
0.308092528325626 0.314643745542255 0.100601018525037 0.169321325190199
0.390923192177667 0.131705528930024 0.216271297426352 0.0417656191494553
0.384499140405149 0.106632996943818 0.218754747911862 0.00612988740283961
0.366575186700697 0.163076956459749 0.236611385184571 0.0246398104234094
0.299139407796188 0.373375344429319 0.217432247536538 0.0993101665481893
0.0389023401224355 0.485339007579557 0.149512742039677 0.17573262823825
-0.256746758340041 0.40405418414661 -0.0163041101596854 0.234407886638643
-0.520597480406738 0.0179779717802726 -0.163084605338821 0.184138156799464
-0.414420120481188 -0.46031275495714 -0.0814861430280132 0.0453441671271867
-0.143158229716068 -0.6049083426554 0.110219508073856 0.108323050347937
-0.158360086541484 -0.452076906015818 -0.134944237927507 0.502329574672787
-0.445078095721841 -0.241233925029921 0.302265028600575 0.286049250877633
-0.402646616190618 0.129431665448004 0.104167148464776 -0.0868858598443983
-0.126532969254282 0.35012564840904 -0.104606973387162 -0.0261793786202155
0.0817992246602116 0.33064127996459 -0.0803093839248963 0.209111936615556
0.223138966597942 0.233676702658845 0.188189995774046 0.247600186129786
0.284929674010199 0.110004252640359 0.339692001902366 0.100638081737655
0.265942281301896 0.0985089986896995 0.342014531531446 0.0464803552449375
0.241309011109838 0.144325602233301 0.346691091620532 0.0724851366450876
0.17590042666423 0.269531889823528 0.292318193586212 0.160087244649295
-0.0050079252595202 0.298622716369898 0.170555202796985 0.228417497349041
-0.155512583054111 0.207603971950119 0.00171767890389644 0.226899893226288
-0.277480906182866 0.0129501371903917 -0.0991031023839749 0.198420801989628
-0.265519857408668 -0.276495818337864 -0.00832591865490261 0.120283946782756
-0.14819624882345 -0.41192132795565 0.148532615170303 0.273996363225945
-0.145683405762959 -0.253561081840536 -0.0669057373834181 0.680547726696399
-0.284361120360807 -0.0967908028334688 0.392045809159557 0.385959780254803
-0.198188328721204 0.113646368525395 0.190666673452202 -0.0284255690930173
-0.0400490107424885 0.162218574355416 -0.0595948778927385 -0.0225669294279061
0.0326862746042124 0.144746843732204 -0.0537475912204553 0.234860832282317
0.0957171271574271 0.1147171163937 0.234607759262924 0.289396037919165
0.129663396979814 0.0721527732175881 0.408329353618809 0.147755935184806
0.110332624375134 0.0772781639354793 0.414173236483916 0.078776578440675
0.0892632374496077 0.105850060546513 0.401816796679975 0.108080957796539
0.0433429191603511 0.135647824246163 0.317166227493938 0.191125452542674
-0.0396494130561136 0.0952133420148059 0.165113505500533 0.240275282151462
-0.04820532942785 0.0204453576381632 0.0145998596375952 0.188651109433299
-0.0422074766172516 0.0190804660077431 -0.0448435664570763 0.182393011138745
-0.1169812802294 -0.0734032700207473 0.0395507248199475 0.151083893852224
-0.144392948153327 -0.180811276642532 0.180830670324958 0.365545345727288
0.0795759609470818 -0.0361680788524512 -0.213594577655509 -0.428766369163647
-0.0212584535925523 -0.117073031565466 -0.163924297329033 -0.147518584692428
-0.113407990744935 -0.0194870712876585 -0.038078183508357 -0.133092808714875
-0.0374775039291746 0.117285757319115 -0.0343336389919154 -0.118733024225951
0.0573954722137713 0.0800230873128846 -0.117979037822252 -0.209205232217
0.083912681351936 0.0140300086685146 -0.299581369046228 -0.195893839334746
0.0638823110614308 -0.0418449708544665 -0.409241408493491 -0.115415317549073
0.0582240747751774 -0.0588318088205894 -0.42757757955613 -0.0804665462024105
0.0574907227620884 -0.0442173998590378 -0.408936551294456 -0.14005853708351
0.0523442921817082 0.0141259828268355 -0.278531539865917 -0.241230830805753
0.0306323883981326 0.0647242085481854 -0.0525237097654853 -0.238240886138768
-0.054852107641021 0.0608310002229 0.000989872436259598 -0.0128122768456484
-0.0769845773012214 -0.0771929098507944 -0.222276384025739 -0.0493106674295986
0.0784578746684002 -0.120295856215049 -0.388008370290385 -0.358220553173167
0.145401041515768 0.00247690191795611 -0.0382855644547815 -0.77362982737329
0.0497459875395673 -0.228928305691968 -0.248021310317763 -0.408913553033888
-0.131923089463765 -0.228802093067313 -0.16800388281029 -0.144435195576694
-0.23201454137937 -0.0272360872532109 -0.0884548138901597 -0.135390381629948
-0.0996168791963826 0.219821904314948 -0.0619880856402569 -0.0777725144008367
0.0769168195668733 0.218525810187028 -0.108800052840739 -0.15646041466911
0.183747612855777 0.126595414218715 -0.246858485962052 -0.166199314693065
0.214360374185134 0.00645893668729993 -0.346740260078997 -0.120678209917448
0.227456179785952 -0.0243629456378032 -0.371483995959998 -0.0888569717920104
0.23292469220403 0.00680848893388828 -0.355258139029708 -0.138299413233117
0.213702792083311 0.162892920410021 -0.242475921964497 -0.21643699263627
0.0747840184334796 0.288544353150386 -0.0456323472195849 -0.200991665367893
-0.162101364811248 0.276737336844216 -0.0318294637970908 0.0242546271227179
-0.350116665234857 -0.0415625229004307 -0.270107106579957 -0.0387435540932007
-0.158890565795402 -0.324744209832997 -0.388418039120327 -0.360403545656985
0.0605516718851158 -0.295585081709751 -0.0447628154215293 -0.726536671951335
0.00589342017419531 -0.398046412975132 -0.272689639656685 -0.323530620331829
-0.25071658757541 -0.314704073815306 -0.143645654645676 -0.116692580643861
-0.343604722314884 -0.0165467255773468 -0.115542834425613 -0.147065351907617
-0.15094575116775 0.316318331167959 -0.0935293456502902 -0.0625012398605195
0.0944402682419445 0.340838724377657 -0.115898191278593 -0.0970513397450999
0.267007584833459 0.225417184779231 -0.181704732009151 -0.109077611717694
0.336818088695948 0.052557765032493 -0.241649198776118 -0.106598907728383
0.361899356368272 0.0143983653475265 -0.258105366205866 -0.0851539262457525
0.372706479985346 0.0598607618633682 -0.240361045670208 -0.118117184786146
0.340251921347232 0.293739614570937 -0.155776752495717 -0.16032539278938
0.104034927638016 0.477754466485673 -0.0129557531456489 -0.128986875984257
-0.254102263447745 0.457169652041787 -0.047300186847023 0.0815751497978242
-0.579158571470484 -0.0036168380254936 -0.289508514615731 0.00821842841325199
-0.371627012816127 -0.489166957958399 -0.354986998639978 -0.301837463199054
-0.0251514586731449 -0.546088515543443 -0.0276954768883287 -0.582931754707052
-0.0537283327999577 -0.528476311394466 -0.27823930462859 -0.169009508728613
-0.384767410911427 -0.365586402680146 -0.0753111049593264 -0.0556630231036361
-0.453192281388183 0.0276860968629802 -0.108327529259453 -0.159969192117536
-0.183581899513922 0.417226074957583 -0.124468662638873 -0.0621544647962429
0.119761127410656 0.44092823781198 -0.129448178899767 -0.0255017133764348
0.330643335161364 0.29638214048682 -0.0990992124249652 -0.0264447518761889
0.418224797147525 0.090390963841214 -0.101008446803585 -0.0735740277958371
0.439791768142805 0.0497525159821958 -0.105105403241012 -0.0686515739448314
0.449582383735005 0.104795716488659 -0.0836258460325589 -0.0824277841594239
0.409836298121153 0.382395571058208 -0.0317712748377887 -0.0802012791947635
0.116989180066199 0.593462265069432 0.0423782475828578 -0.0286545029539429
-0.307187638094682 0.565747971397868 -0.0421078249838755 0.148689744740542
-0.710556683148732 0.0328776147678289 -0.270691777032716 0.0799398750281793
-0.511769657812564 -0.575317456450594 -0.282412571028368 -0.192999803932937
-0.0967076811218167 -0.69503090925666 0.00867388396610668 -0.368936154324571
-0.116388278917163 -0.593645398552238 -0.250098742651968 0.0436132762832738
-0.498241058041873 -0.36927557947597 0.0421814900640215 0.0379854989720477
-0.529080299349987 0.0918581990554816 -0.0648533924876493 -0.161213116557618
-0.188920977413679 0.489659444360465 -0.143039105092055 -0.0565224198997717
0.140522653300822 0.489512825879577 -0.128392302427991 0.0638744397659047
0.359266433150459 0.327998702427492 0.00245929342563011 0.07213896329224
0.444155308672743 0.111278588833628 0.0590592064734434 -0.0258016109313023
0.451550644447688 0.0745626996693401 0.063521908705685 -0.0405202844555977
0.450042399661313 0.134681301137989 0.0869322109183114 -0.0372694792797427
0.403635633601674 0.406906844571556 0.108031251845332 0.00797343411213585
0.106810434360285 0.598064538792538 0.107643845003802 0.0787791702963973
-0.29936437787057 0.55341799171815 -0.0222081207253348 0.210025751873777
-0.692856491555503 0.0497763257550208 -0.217579817671956 0.152138298921727
-0.536304102240838 -0.560095603125289 -0.181916827809965 -0.0580012188004452
-0.142398999010234 -0.714623089293163 0.0568589203070883 -0.120906210237249
-0.166628750345138 -0.571092111446491 -0.189436111831942 0.288836047955511
-0.537312493465675 -0.319386359829835 0.188685025866979 0.152518165672381
-0.519071900232386 0.141799316308998 0.0074559925250138 -0.140467397514955
-0.163524413874451 0.478862163292077 -0.13983918463858 -0.0389563711758445
0.137753260860373 0.455541187857814 -0.107284141991312 0.15631182776859
0.330385241797231 0.304607365628554 0.112898081001204 0.168862312890126
0.402660168815268 0.111533162800792 0.217626030925205 0.0284187380031542
0.393291797731152 0.0872978039196168 0.22352930550467 -0.00628680476069983
0.378915478208439 0.146494861431813 0.241867662404054 0.010570745246004
0.322274251640501 0.363101833394792 0.230137171191095 0.0861303834135613
0.0643492432950761 0.488364718802725 0.16288149784712 0.167101396300593
-0.240153035686619 0.419196185575971 0.00161582583275011 0.240803022249963
-0.524953359243454 0.0405631759712494 -0.148160709762838 0.201385957570811
-0.441077554826731 -0.445224306451277 -0.0802797403136924 0.0568975915934196
-0.162902285734881 -0.605603743848453 0.108251382055041 0.103245823262458
-0.181551673081988 -0.451309075090661 -0.115547288201299 0.520269282452777
-0.461694384552891 -0.219701575387204 0.323832147976568 0.267792925431241
-0.398597984859709 0.149279520824777 0.0967197672592078 -0.096127097751556
-0.108856276023815 0.360181352099737 -0.111838020279819 -0.0200847826770921
0.0996377511365637 0.330884773825228 -0.0733014358343396 0.224424348598074
0.238928203744899 0.226731351946936 0.204259893721052 0.244260893916868
0.293394134618558 0.096571245303667 0.345470180092785 0.0821649365208186
0.274228923448881 0.0867611052709946 0.350371623194718 0.0277015813492515
0.250623027476352 0.134507370191418 0.35554385851615 0.0530797495448784
0.192015944494752 0.26392021550142 0.307216824484569 0.142424373461997
0.00852051406154055 0.30180827711798 0.186456782458511 0.218052805777396
-0.148606797289264 0.212946957935744 0.0186274766442903 0.229982253029951
-0.276180165567642 0.0213769102611807 -0.0819354501350878 0.212233283681119
-0.281021126051842 -0.264113813499054 -0.00166429577502787 0.127508366754727
-0.164218389901322 -0.407093549735929 0.155215647662697 0.267043662527976
-0.159561523634144 -0.249896239397688 -0.0382607759943327 0.69668786917641
-0.292215010950456 -0.0807535188926214 0.418733714957157 0.367574767550842
-0.191617118189943 0.123755900472331 0.190450580305137 -0.0421399857055581
-0.0312497151542124 0.165114914882139 -0.064714618648872 -0.0202100697337813
0.0400610980982076 0.145292650150395 -0.0452241946018511 0.246672343457192
0.102753573680383 0.112363404555417 0.252541798664557 0.284014400443753
0.133067069245703 0.0676220920665848 0.419495568588172 0.125085417465493
0.114709382174495 0.0753388326477545 0.424080728509093 0.0568553847033378
0.0954904679385753 0.104254183254886 0.413043795683511 0.0849167244449595
0.049699376657364 0.135662458694065 0.333542266490305 0.171262492741608
-0.0387912495367147 0.0978345889023659 0.182468991295545 0.229709409279335
-0.0495950260064564 0.017831803928934 0.0287824359976129 0.187442472084146
-0.0363355208798769 0.0169202523944422 -0.0276388454037697 0.19216896687599
-0.119764485889002 -0.0651816575323238 0.0484677096473832 0.154028782621409
-0.152982585842731 -0.170490141803067 0.192441786214941 0.356643931140338
0.0783255172105543 -0.0432759880145531 -0.226596435836568 -0.410603406262809
-0.0321684988778435 -0.116835251836568 -0.16690939616951 -0.140099515431669
-0.117926837367664 -0.0129883778423758 -0.0527898917790174 -0.13126163406645
-0.03007099685656 0.121083618595721 -0.0448572507587791 -0.110240119747881
0.062676046961606 0.0766191634247873 -0.129303191376911 -0.192774480451009
0.0852831268578491 0.00645236609673705 -0.304973575899661 -0.173725576340757
0.0618232260627824 -0.0478615351886808 -0.408293110830048 -0.0914325648604321
0.0535458095851407 -0.0644585220624023 -0.42696961700945 -0.056945905139926
0.0539808540621572 -0.0499117364974785 -0.414003968083557 -0.118414680801493
0.0549649533532697 0.0101187631261452 -0.28723576692263 -0.225568302876308
0.0379116255107024 0.062091824147131 -0.0623002639082113 -0.235033255757779
-0.0496415814294121 0.0659462871480172 0.00574003700974195 -0.0113253381961053
-0.0829334101702213 -0.0716623969564673 -0.224908607361207 -0.0323543238029137
0.0694747664709611 -0.126260102719895 -0.399731119337496 -0.32830091430348
0.146162374240999 -0.00805482921697522 -0.0725273509009944 -0.763857362124573
0.0402730882926745 -0.234192933300549 -0.258284171086086 -0.389636868935213
-0.145673839121727 -0.222553127307764 -0.170132966335213 -0.137434738732526
-0.235028354307711 -0.0163481827516963 -0.10345584432999 -0.128560709296925
-0.0864506793300876 0.223297307322841 -0.0690040426657398 -0.0678762164502326
0.0897128752624607 0.211204336230446 -0.115980352711286 -0.14108907286123
0.190768897263496 0.111933098820472 -0.250837763726388 -0.147547165988749
0.212569290179253 -0.00895496129808167 -0.348566876016056 -0.100570759901356
0.222363655945526 -0.0390941934344338 -0.371000877640276 -0.0696724430883029
0.229584217310482 -0.00859775616626503 -0.359300905245777 -0.119093037178345
0.222441708393225 0.148584161409653 -0.248225538406604 -0.202971794954191
0.0927588453870752 0.28076863948541 -0.0533877761861556 -0.19747676893013
-0.144817320727052 0.282673426102265 -0.0244950669377186 0.0292757349037278
-0.351357093187131 -0.023118771344238 -0.27067672151271 -0.0186626724590851
-0.174998483907605 -0.316025186316118 -0.401120119021327 -0.329874975554218
0.0511266341994151 -0.300077039463624 -0.076520403929529 -0.716135675479509
-0.0105752367452953 -0.400670504543933 -0.278702709167702 -0.30212498487048
-0.265896032755943 -0.301377243523737 -0.144013588993568 -0.112167124837041
-0.34327410538309 -0.00236589899118909 -0.131475527885654 -0.137854302976117
-0.132314382687377 0.319410870829108 -0.100149585851772 -0.0512522079605298
0.113648256316989 0.33205754722516 -0.119597617416839 -0.0815431400708323
0.278502994466192 0.206306667226013 -0.18232473517601 -0.095245261019888
0.33632684156016 0.0319346654640327 -0.244840045883084 -0.0921304667706176
0.357372418993581 -0.00887715869601803 -0.25745982619612 -0.072681629181554
0.369055753695824 0.0368821522098146 -0.242967632742899 -0.106164793207213
0.354180715254833 0.270386605315783 -0.158947581718716 -0.152236505187586
0.132554309279948 0.467936033121711 -0.0176323436544455 -0.127398001351884
-0.22642624865785 0.465707592923137 -0.035924134787192 0.0873230641266911
-0.575328504539975 0.0236215266802946 -0.284197882749683 0.0303022924643451
-0.39188092087982 -0.468735928161957 -0.366512384364673 -0.272820200511704
-0.0422271165334536 -0.542012133994706 -0.0560262833470003 -0.574314860206967
-0.0759222234811272 -0.526090237309948 -0.277075032271911 -0.150359266392849
-0.399623903605153 -0.342935442444772 -0.0734875186507824 -0.055979814965421
-0.450029496753281 0.0462527310903115 -0.125779003664346 -0.150347510054008
-0.159642310788791 0.419704812137511 -0.129899544747872 -0.0494536962974971
0.142989428401462 0.429044519571408 -0.129038636629801 -0.00742991213762792
0.345139577866999 0.274943578114259 -0.09670087180617 -0.0181337647761161
0.416917975607619 0.0655128189296751 -0.106071005766773 -0.0677352421945873
0.438126446180069 0.0232937627743522 -0.105220766549589 -0.0647359635795962
0.447659353275606 0.0786373256835315 -0.0861932936130947 -0.0792675385205858
0.42920951304887 0.354460569282398 -0.0312935205387707 -0.0803604694234218
0.150190809304447 0.580660316059576 0.0422070984427654 -0.031718377367208
-0.274826957225148 0.572794782970152 -0.0267298998323533 0.153698777078556
-0.70317343407761 0.0655405067942526 -0.259262244833532 0.100133000140152
-0.535735537581796 -0.545048958031698 -0.287199971959136 -0.168130916647195
-0.118157861425353 -0.688525123547241 -0.0131713245748432 -0.362274573575745
-0.142393656256697 -0.585695305901349 -0.241359115001001 0.0586718368139678
-0.510403145010676 -0.341874993613128 0.0466276078919715 0.0292926835745187
-0.520305539992125 0.112614612912916 -0.0821639356827587 -0.15432654691301
-0.161090969881253 0.492317208285163 -0.148329828868504 -0.0447208170625435
0.165960225896112 0.477976506112485 -0.124519823068767 0.0800407370690864
0.374507191798216 0.303736496190974 0.00906703644148474 0.0740352605564013
0.44250201405011 0.085849725399696 0.0535957501037791 -0.0299298769761445
0.449148737261179 0.048307665402384 0.0628035437052758 -0.0452422842367797
0.450711540240211 0.108737341391412 0.0854928430489783 -0.0440301172229888
0.423611223271581 0.380847681348819 0.11157775799597 -0.00176421082615571
0.137617727915775 0.586750596143907 0.112284596482645 0.0703387342772769
-0.268003182014658 0.560779149735006 -0.00396540593483957 0.212343136767594
-0.682660795376957 0.0801796607559192 -0.199894063799501 0.169567552159856
-0.559226958219496 -0.528610554386264 -0.181694481626817 -0.0404567324476659
-0.165694441698707 -0.703564099384411 0.0442221127269561 -0.121807289984805
-0.190228268531221 -0.560366460996276 -0.171944877265239 0.297678837424243
-0.545353486829654 -0.288535395865801 0.196576677018316 0.134174543450643
-0.506588491206076 0.161234815901175 -0.00709776437313155 -0.139467499134475
-0.135761271287609 0.478652735107431 -0.144453981684853 -0.0294124472845929
0.161432041058903 0.443336312862692 -0.0982397777947999 0.169868727334881
0.343634680615241 0.283029827596861 0.121765888450543 0.163455014282322
0.401988321445432 0.0882428119364881 0.212557269248495 0.0153269541310401
0.392063987086112 0.0652274746126183 0.222662173397251 -0.0200210335701306
0.379947454743564 0.12397438189282 0.241277825436195 -0.00526948462804433
0.340444553772235 0.341474468120058 0.235342572641948 0.0687024796771684
0.0879822623379451 0.479802147707757 0.170899114203411 0.153900462302735
-0.218663650866297 0.421816115654994 0.0203045229043224 0.239545656127067
-0.515498979767037 0.0622622225498078 -0.126492826775971 0.213715972501217
-0.457051758492958 -0.418724467344533 -0.0752461233163455 0.067646027229086
-0.182792050348416 -0.59253581748837 0.104633682749639 0.097385423137115
-0.200411874047813 -0.437636518561507 -0.0873335092618085 0.522246165656941
-0.46604145377952 -0.190226640188006 0.335536023284652 0.241351953191022
-0.383688160033211 0.164775745502998 0.0860374864120706 -0.101379636985374
-0.0880986630694526 0.358361265810879 -0.114497001952182 -0.0138045674494462
0.115645321671453 0.322229816912387 -0.061951199950321 0.233595264634075
0.248730757506608 0.211947293094608 0.215905141319288 0.23336376174336
0.292702057328568 0.0807749405087702 0.342450237934164 0.0617489679919677
0.274681650981427 0.0727815381194704 0.349117060286577 0.00773948776970047
0.253767581688668 0.120916014894964 0.355849275590413 0.0304500985495983
0.204551944762988 0.251248876712125 0.314607479999824 0.119345701608213
0.0225746914879525 0.297820407535091 0.197891775904096 0.20168538681544
-0.138125115276188 0.213522679416728 0.0352323309343981 0.225880518844804
-0.268118115361725 0.0302192660392653 -0.0599190453083248 0.21945434458039
-0.288284060650658 -0.245125752227458 0.00605354413132129 0.130860141149955
-0.175724339187866 -0.392857495170779 0.157106443240386 0.25490480890137
-0.170147321692781 -0.237158295032152 -0.00701794041988147 0.692824262872715
-0.291419742507393 -0.061277892601477 0.433157780443124 0.335760580934567
-0.178894905098303 0.130151860823553 0.184491222981187 -0.0549216766440838
-0.0210324723271004 0.16260802098422 -0.0684912621435172 -0.0178875452539507
0.0469169294884667 0.141475398420187 -0.0340389616206682 0.252416375047125
0.107726542996728 0.106646954275581 0.26509782994241 0.271383060918667
0.134041376857558 0.061810570954546 0.417930396316392 0.102429554336516
0.116716130447225 0.070632179685646 0.422646592803029 0.0323390153206869
0.0992832394855142 0.100043379678585 0.413729032611922 0.0590739943600271
0.0554414106718256 0.132305106613582 0.339589587642216 0.145943084832273
-0.0364534162773012 0.0981832563896027 0.193829586816832 0.212222572157173
-0.0506800541741525 0.0158283927953784 0.0420672856483733 0.18139043684252
-0.0303565511942533 0.0137175372785143 -0.00667404761471658 0.194928951228827
-0.119159396713958 -0.055454672812089 0.0563558667609343 0.152414550533962
-0.156413846811925 -0.15550653936062 0.199368544643472 0.339823422403705
0.0743334665995684 -0.0490050160153933 -0.226701838721449 -0.390018016647911
-0.0404515898404525 -0.114512707385711 -0.164665496330848 -0.133811541899119
-0.119578966315507 -0.00715176617018186 -0.0636625827477488 -0.126454449738644
-0.0240440765917287 0.121789456623358 -0.0512632107000626 -0.0997449282049553
0.0659938463839576 0.0728505514224784 -0.132866644928501 -0.176090234331219
0.0849463382385456 0.000637577586806023 -0.300542900585163 -0.153582043086506
0.0590051237831411 -0.0521011794163709 -0.398640702465756 -0.0727717472150648
0.0486413111415096 -0.0675104865016087 -0.418061534062564 -0.0401854988352431
0.0507416649926626 -0.0535556365267511 -0.407963656248675 -0.100881502575115
0.0562551599622701 0.00684975715107915 -0.287040074817718 -0.211506057203674
0.0421320047723431 0.0587911127729364 -0.0665088096670873 -0.229546584028162
-0.0444152377232051 0.0680067914221168 0.0105424377816314 -0.00987201977748272
-0.0864519791347688 -0.0657440858762606 -0.220584470777913 -0.0183212437491311
0.0607973482253994 -0.127695416395069 -0.399853811246593 -0.299382125236251
0.143448182608507 -0.0162624313740296 -0.0885448708619914 -0.741411604506956
0.0324381228899196 -0.233989369995425 -0.256450556836527 -0.36881141562002
-0.15323433441028 -0.213580689668748 -0.167621179206381 -0.131607974374522
-0.234031655882414 -0.00782855423417031 -0.114128008200499 -0.120114385995636
-0.0750486500081109 0.221808788339268 -0.0729600206630495 -0.0573389103889775
0.0970561974746663 0.203299957101744 -0.117089285788738 -0.124818615676197
0.191475776897663 0.0994800357398851 -0.246425957925418 -0.130968830680039
0.206305456975786 -0.019786684198813 -0.340877904842843 -0.0839943255898108
0.213408636030866 -0.048760420704393 -0.362439490008669 -0.0555114578656324
0.221695562877098 -0.0195430903110215 -0.354487904831835 -0.104920155872215
0.22368418173081 0.135623639858973 -0.247305388228598 -0.190706008937128
0.103744546925839 0.269116556146964 -0.056652483887411 -0.192110194294704
-0.12994437616328 0.280740209244481 -0.0163022018054207 0.0321702528973159
-0.345113768556228 -0.0113078390645022 -0.263484253092335 -0.00267445852904652
-0.182279500154447 -0.304838896976184 -0.401302744296405 -0.297923181092004
0.0450462318511237 -0.299493615222394 -0.094921371060486 -0.69174436421427
-0.0224601529944142 -0.394991956524939 -0.273615868181872 -0.28374720812387
-0.270933219577557 -0.285437519314565 -0.140606578851927 -0.109213774755243
-0.338446452017303 0.00723337531693944 -0.141820435396092 -0.125894286085263
-0.116963233619736 0.315451199549621 -0.101933891550182 -0.0404338440923264
0.123612879643667 0.31880114565682 -0.118068450138076 -0.0653008802305082
0.280931264377881 0.18843889635314 -0.178274069900361 -0.0836089585927348
0.327295755141653 0.016528185213589 -0.241075027160961 -0.0807437250318969
0.345618811470217 -0.0245870042714308 -0.252379025437686 -0.0634087500957694
0.358279122530997 0.0196716420464165 -0.240304419979359 -0.0960475639018598
0.357699502332373 0.250522028998155 -0.156866842899905 -0.144832548146277
0.148857146364788 0.448777348029984 -0.0188748327977834 -0.124602302786691
-0.203839303743623 0.460576262867361 -0.0243110248997652 0.0899792829583048
-0.561980923301424 0.0420106991262649 -0.27266515781125 0.0460151507841732
-0.398893264638167 -0.44465227567662 -0.361504510235155 -0.246000577436726
-0.0520092074059958 -0.534215933536319 -0.0718689221313516 -0.555477811856454
-0.0886932001852018 -0.514342482993981 -0.269059098684078 -0.134886293331499
-0.400157104083275 -0.322416450561108 -0.0706692730816053 -0.0580240636140321
-0.439399186561426 0.0552706591705618 -0.137401825563756 -0.1383464276724
-0.139921396526315 0.412816618629215 -0.131764855129998 -0.0388049704904419
0.155772607708965 0.413645552557375 -0.124707499224794 0.0072157130901659
0.348235182192537 0.253593840787211 -0.0917248563914869 -0.0119036206868234
0.406740718464323 0.0463095909557735 -0.107271891960998 -0.0620446018498124
0.425940917374118 0.00478758605660225 -0.103390101118522 -0.0617490353968717
0.435421272750717 0.0588982393347332 -0.0857013649153295 -0.075948161141536
0.432249521141622 0.328149130652734 -0.0292222980317001 -0.080552762813967
0.169435639039727 0.560513748326948 0.0417207238895282 -0.0340377891723386
-0.247536626335538 0.565717338344692 -0.0123796654803326 0.15425784262704
-0.68399155504376 0.0861174127663296 -0.24268872774696 0.112259095707408
-0.539378317371958 -0.517699186683739 -0.282841416258664 -0.144949659259463
-0.129259973263411 -0.672743392075078 -0.026203506860641 -0.349274586848457
-0.154396243878496 -0.570994769398489 -0.229018963497744 0.0669818013761937
-0.508333144141255 -0.315769339643675 0.0476760831220923 0.0205798014226822
-0.504746026816156 0.122872987481831 -0.0943281758268071 -0.144434220274811
-0.138894425360403 0.48247378064686 -0.149957129980015 -0.0350366151418066
0.180240290469465 0.458250409481381 -0.117909054740855 0.0933253667100043
0.376278553072282 0.280231677709112 0.0146984545451111 0.0742614184106712
0.432225671423064 0.0675946208032045 0.0480067965371751 -0.0310169907844756
0.438354796978716 0.0291179252950376 0.0610617515083957 -0.0490949234728207
0.438939403181318 0.0895754640721179 0.0831590898871074 -0.0476554322953241
0.427351465324266 0.354371533151258 0.112765059804004 -0.00972857117371868
0.15573899376153 0.566781965093127 0.113882860918433 0.0628153994547187
-0.24245371032137 0.553093269402658 0.0112795025044748 0.209139019995651
-0.662811128247358 0.0971479242370689 -0.179864918052465 0.177193708861883
-0.561236205913874 -0.498951032543292 -0.175124427024501 -0.0249232257138823
-0.173435156898506 -0.68451751489699 0.0345188684763077 -0.117622144731618
-0.201146451291107 -0.540875119624347 -0.155734592334456 0.296994031374183
-0.538473675774831 -0.261320680448211 0.195519720373848 0.116749758028091
-0.487902863883647 0.16987863812725 -0.0192246562978615 -0.133861156712903
-0.114413716158163 0.468505002822233 -0.145463406028213 -0.0214547733098246
0.173827615106492 0.424899224704082 -0.0895604392694436 0.17920155285897
0.345771567856629 0.260896724310278 0.12698567800235 0.158214020850298
0.391502444118211 0.0729568303122541 0.203086659784103 0.00764109395336111
0.383455520799414 0.0499399525282829 0.217958221418482 -0.0295638177799088
0.372660741387612 0.108469696982813 0.236093800729099 -0.0166027484236144
0.345951191209098 0.319953460741044 0.235117218474918 0.0531908189207902
0.103995669382908 0.464578608513848 0.173686500889127 0.140471744999083
-0.198133288574532 0.41399797941584 0.0342792905108666 0.233276029501245
-0.498246260546342 0.0708136882188029 -0.105577349116938 0.216933708346284
-0.456028529938111 -0.391573535395144 -0.0692156006156221 0.0746763831101444
-0.188332345552158 -0.572975963159376 0.0974699403783233 0.0922778990437726
-0.207953414344627 -0.420334750752309 -0.0694698715124766 0.512057236118595
-0.458570492737056 -0.166785942660947 0.332993363443801 0.217651381972468
-0.366270712974725 0.169897888733567 0.0752474544601238 -0.101963277984261
-0.0721255853557333 0.348279402948435 -0.115390564105944 -0.00958687240637428
0.124237643357471 0.30879517665139 -0.0526150731582573 0.237745883757596
0.250260988487333 0.197107873026626 0.220073825861366 0.223258728192053
0.285396142650924 0.0698176177834628 0.330373677467816 0.0481089333062846
0.269157174918711 0.062348835006046 0.340612315374908 -0.00682815466712798
0.250484028130646 0.110465370249162 0.348349913935087 0.0135731039017432
0.2085442347841 0.237749906169074 0.312220973415305 0.0994551229572346
0.0304745977936315 0.288724299508455 0.201412997834553 0.18512683192532
-0.129756579840233 0.208622501641146 0.0472306214143065 0.217144618437462
-0.257898851189605 0.0328690838851105 -0.0394142531706583 0.218955735617041
-0.28531043089772 -0.228383308877611 0.011413613385524 0.132213938766442
-0.175915426585656 -0.374393109076888 0.152407176778035 0.243021777878922
-0.172978618122033 -0.223345846758023 0.0126903277042115 0.675139220198279
-0.283341005417291 -0.0462209995998473 0.43087406138575 0.305806756677015
-0.166601793411905 0.13106566552571 0.175349150056188 -0.0636730718388141
-0.0143409935257074 0.155910432902134 -0.070288931152007 -0.0161004884262301
0.050026161334211 0.135349366617819 -0.0254848838387099 0.252398146495426
0.108054533644028 0.100449036033746 0.267994861265701 0.258939325495746
0.130778574374812 0.0569309622697418 0.40741403020907 0.0859890074127288
0.11593114597929 0.0674894917446223 0.414133010100756 0.0166077838128467
0.0998869643590348 0.0958336163465439 0.404587025558871 0.040014499617553
0.0579016156954929 0.127213384453446 0.33550409825374 0.124543255165505
-0.0354111652939767 0.0971524392073063 0.197678854212828 0.193955969030898
-0.0513018252791976 0.0130382901586099 0.0502994965953531 0.171581318447018
-0.0252902876328261 0.00908074196779885 0.0106578301801107 0.191437031081503
-0.114462508559856 -0.0466483261794315 0.0610333141050732 0.148627068912635
-0.153692607595099 -0.141195462205409 0.196225318460159 0.321761974699602
0.0901750508000278 -0.0144904618561119 -0.0426831060742689 -0.445992232285687
0.00969193262797644 -0.120730454527615 -0.0948931482740165 -0.187777088326245
-0.108361587634641 -0.0568692590223905 -0.0138173749280271 -0.134560263452808
-0.0725947040330622 0.0998283137176532 -0.00479887117779228 -0.103306218597887
0.0292610960652387 0.0957117570658099 -0.0436975350341574 -0.207695900616724
0.0773980786425188 0.0340158196565956 -0.201652409541746 -0.258174924727554
0.0743880971889956 -0.025087920969865 -0.325268420277412 -0.226207106156878
0.0694247970297715 -0.0439659043244926 -0.354091034400292 -0.205179006973584
0.0643661425706735 -0.0294393940956515 -0.320956534430708 -0.254977729700215
0.0473669908305261 0.0291159522615933 -0.168778118724499 -0.307704712607153
0.0154872059167236 0.0686278692267333 0.0385986840833752 -0.230469983300006
-0.0650597407758258 0.0461078395458879 0.0169434493132312 -0.00131955759960347
-0.0593144295997858 -0.090511731973753 -0.190004647401216 -0.103416836179807
0.0923035355662764 -0.0949990730430086 -0.231882866761067 -0.419206544793894
0.13530264496902 0.0243749285441223 0.22555274632738 -0.690538349230107
0.136708235587131 -0.201475099557385 -0.0978793189378301 -0.428974512096906
-0.0446980750224186 -0.255001729562874 -0.1040172463445 -0.181640430656068
-0.208326856035305 -0.107609142993446 -0.0639671812668198 -0.141020911050254
-0.158971285605434 0.163430284416718 -0.0356518347408092 -0.0680777158720787
0.00240047614727275 0.221295841315383 -0.0430623366479546 -0.153655940992208
0.130748275139263 0.164948213853285 -0.156064046476813 -0.217030473581674
0.190169605926965 0.0632115410015433 -0.267106596888928 -0.215679101826112
0.209442944412443 0.0379685279640725 -0.299219252069541 -0.197428486516356
0.203197221944519 0.0685838318502705 -0.271025294718635 -0.234012121978679
0.147814481664511 0.208124299865485 -0.141404580576649 -0.26855341460214
-0.0100652905626005 0.281074875467044 0.0305924498186374 -0.190889566708922
-0.224566862529623 0.202464756853654 -0.0278032704857812 0.0275750972377036
-0.316675127944947 -0.138181337722427 -0.236218919855658 -0.10990499402402
-0.0598039830036979 -0.344595312943894 -0.227331522163594 -0.431729923777553
0.152670045924731 -0.270641177372635 0.214677873805985 -0.648507037178275
0.161610501567115 -0.371409506610921 -0.165260200608837 -0.351527532960731
-0.113953934731257 -0.369192017316208 -0.0946486506857624 -0.146313521569265
-0.306266891454446 -0.13982000584776 -0.0866985639825934 -0.150383771919368
-0.235570878934452 0.225301124193798 -0.0648449910275572 -0.0604971301151841
-0.023547735867339 0.333357958012912 -0.0627240363458533 -0.0993013967865173
0.171907739801061 0.278814450945623 -0.109221829308868 -0.147549774502737
0.280936771477385 0.144032594306024 -0.178074596321833 -0.173384749453876
0.318555263710056 0.113885116636806 -0.196892326204545 -0.16072344370951
0.309882121099593 0.158334617392848 -0.172868006581269 -0.178234304177243
0.223194790087112 0.361710130281354 -0.0790533089856309 -0.187728652430729
-0.039458533961585 0.459000382336832 0.0353940414425079 -0.113935534036092
-0.360075023286923 0.33267249565949 -0.0608788188025603 0.0770754497008111
-0.534768729426986 -0.173192937343871 -0.264351354240874 -0.0740095679229673
-0.199177460013985 -0.551564949877917 -0.211817809657114 -0.378700417153634
0.154404927707363 -0.518675501091717 0.189222010032848 -0.515574760035921
0.156724990333266 -0.508567372439018 -0.234396180045962 -0.208129156254649
-0.209334308613945 -0.457459195075538 -0.0558980171684897 -0.0664782769542922
-0.413911590305282 -0.14090166642769 -0.0750012840343248 -0.151562525346723
-0.297439839686307 0.297988921574017 -0.0875219211808547 -0.0689319577615066
-0.0340403757274687 0.427911723922207 -0.0933274251989579 -0.0369666080838816
0.204291004268434 0.363616049136828 -0.0581399027854827 -0.048338445619506
0.337258302322684 0.20460726919257 -0.0655673645859377 -0.102353878366668
0.377174378265561 0.172135591971383 -0.0645102358017485 -0.09944503844938
0.363388361868077 0.223633865480906 -0.0434048854387585 -0.0967938264628156
0.260999496850379 0.461165945509371 0.00780626563570196 -0.0776388412267896
-0.0629821522479144 0.567264820843034 0.0518171335323963 -0.00885641474610609
-0.440008971916738 0.409784590535558 -0.07868252426515 0.138885625992845
-0.658296943186996 -0.179856783961045 -0.26404004387877 -0.00349149687318571
-0.296888095081246 -0.66680551005734 -0.17810029218845 -0.265061974475808
0.138063288720929 -0.671439269372304 0.15199406145077 -0.315091593735455
0.121249734101451 -0.587528441689912 -0.288391784349091 -0.00376558080405966
-0.305702236504796 -0.496242776798008 0.0168726703973319 0.0576966891783936
-0.499319253768676 -0.110040047170209 -0.029683000999821 -0.135245021744084
-0.324709299322168 0.357045568949241 -0.100958796741119 -0.0729916629916482
-0.0328819580610955 0.476913820370315 -0.120136859339029 0.0423876017970138
0.217447626716254 0.40172637400367 0.00224913106846839 0.0711150237977227
0.350939952516148 0.233137888217213 0.0598732206012787 -0.0113058073963775
0.378858592566742 0.199980949538085 0.0760776893566366 -0.0220141017987271
0.354177870686356 0.251251918296491 0.0952935487897699 -0.00340120642462525
0.248314299959332 0.480555303575655 0.105556364652379 0.0425514173984703
-0.0762780428957395 0.56800014718279 0.0757911061613364 0.104920978055896
-0.431496811771737 0.39756491535533 -0.0791256230187982 0.196886379725375
-0.641517237015459 -0.161494509283144 -0.232045987447776 0.0794654707746438
-0.318406581126369 -0.657440613499554 -0.130719706657813 -0.116861719294051
0.102708514827164 -0.692990463540091 0.110112071325419 -0.085687342787885
0.0653171215919051 -0.581329758141538 -0.315844991452544 0.234644035895864
-0.356792124150026 -0.460235580558172 0.11108768528471 0.205979982763718
-0.502672907636037 -0.0597531814855791 0.0381910243513626 -0.0958559737844998
-0.29891562201727 0.355291639073143 -0.102213931914318 -0.0624106849632175
-0.0248923378708509 0.444367827291254 -0.133037492530799 0.129087893157986
0.196864123277516 0.37149666454699 0.0664373836705999 0.192321657005144
0.311726394158623 0.223011253460249 0.181403074889552 0.086686462272692
0.322134431205227 0.197201814162587 0.207014868936064 0.0584967779770123
0.288367640045257 0.242471165197573 0.218291115499161 0.0841855430156378
0.188165333477506 0.418025235070113 0.189247507275597 0.14663511814586
-0.0839261769225143 0.455664894537858 0.0975459354015342 0.196699282002877
-0.337155057358607 0.290504536568328 -0.0660778908067269 0.225456594497254
-0.478874862688326 -0.12401119434378 -0.178021606080801 0.146672773710853
-0.263838855369423 -0.521052896980498 -0.0782661585544193 0.01970510048894
0.0497584850174448 -0.589596127720068 0.0732381147875086 0.123869630608482
0.00361569109913024 -0.472097237631729 -0.315455348139226 0.461215899536455
-0.32657252513598 -0.343089240810377 0.196870787814915 0.349401721140628
-0.393073737556199 -0.00816904586145126 0.114067346503222 -0.0380971934870486
-0.209360963299652 0.269714121178377 -0.0854959225121091 -0.0463369850732232
-0.0200533569680986 0.320708714930843 -0.130981551097144 0.1962216377608
0.13847007970534 0.275660709752205 0.117414497292047 0.289621746765277
0.220043562834081 0.178010054732522 0.277204308588305 0.17627961366485
0.215706009947011 0.164764821833201 0.307305961026063 0.129616112727531
0.180877486286865 0.197811403824846 0.304408198878435 0.153655947565949
0.0970364054727228 0.290716728724305 0.239095564108548 0.21560188750799
-0.0822547752793956 0.269604702287375 0.104536204174543 0.242823050313406
-0.19531955605322 0.13235142393544 -0.0459464951306651 0.212824034563397
-0.241327827247755 -0.0693869495954763 -0.11695623060961 0.178464384493432
-0.167025823315193 -0.307380085546562 -0.0347030771602909 0.110735120763575
-0.0148815846076847 -0.401234258907776 0.0504457233504145 0.277009523685422
-0.0553748851024751 -0.276952378986892 -0.293193355251123 0.63136523313382
-0.226649502836241 -0.160266727230463 0.253864895642837 0.460737480597775
-0.198591518637916 0.0432084091325747 0.19006313164438 0.023237909645917
-0.0770578021395921 0.126923314921916 -0.0512625155844228 -0.0427551264914621
-0.013433272892029 0.136766694734326 -0.12307121621151 0.219552409560719
0.0517269372548748 0.131453957600435 0.137800517093762 0.343531440650491
0.0897641635019132 0.104649372191677 0.328833211053786 0.243384649150757
0.076575717846034 0.108775452963199 0.361045742605742 0.180661376738532
0.0529889442972174 0.126119381956499 0.342846519653466 0.197051299309054
0.00334902313517464 0.133933050502181 0.249507441032527 0.24416668270078
-0.0689277005558344 0.0714657312093671 0.0985273976601724 0.247221728201583
-0.0500434443275841 -0.0120293692125905 -0.0221080586667936 0.170921657318416
-0.0190725527091801 -0.00306983144031526 -0.0591295711150178 0.177382744511597
-0.0812606367434936 -0.0793955803033501 -0.00437063160885779 0.153541552615244
-0.0815662907032444 -0.175708387586142 0.0463039941777526 0.359499716938792
0.0901807201244702 -0.0192534499223738 -0.0403161543516858 -0.43884499703507
0.00367280608922429 -0.122306025501352 -0.0925159087473178 -0.189127753117083
-0.113544117520416 -0.0550117062065904 -0.0232721834392127 -0.135710421759555
-0.0702739129411987 0.104052723787191 -0.0114988824284615 -0.0985033730452305
0.0331955431110733 0.0969659606906136 -0.0486387330866441 -0.198106834182797
0.0794160844488281 0.0306920387744033 -0.203314782620344 -0.249005385721331
0.0744538123542878 -0.0291395910328554 -0.325341046009502 -0.217786834794508
0.0676936944720386 -0.0468466842053845 -0.355360040796394 -0.198286836772724
0.0634925243968567 -0.032882180240072 -0.323784166402702 -0.250964925937459
0.0494240503804545 0.0279945474641194 -0.170716785167758 -0.305629879544483
0.018938797979818 0.0685301439723179 0.0380498565138604 -0.232423687280423
-0.0635508742559279 0.0491816727475366 0.0218695000251429 0.000961812820754416
-0.0633674479048292 -0.0890968906370733 -0.191574530098267 -0.0948397085618894
0.0893813923490687 -0.0993873189378221 -0.234605767368749 -0.407154097530265
0.136832889952407 0.0193906757377715 0.22316015769985 -0.687320254996934
0.136134175700397 -0.205620213580152 -0.0938121468357239 -0.421496088183005
-0.0504876725165065 -0.255281447204509 -0.101161243728945 -0.18315101128768
-0.213305078686024 -0.105969653139655 -0.0732851366003141 -0.138911337805093
-0.155631634514505 0.166251742666626 -0.0412356660510157 -0.0619594157466466
0.00754524109809481 0.221732688346994 -0.0463934061300648 -0.143726854696339
0.134869486176059 0.15967485874723 -0.157346578793003 -0.209458929900095
0.189932948184809 0.0573371812302702 -0.267784553479137 -0.209116727981474
0.208547500451486 0.0319050827066485 -0.298676050512176 -0.193402845289619
0.201653242043311 0.0631195227801629 -0.272971072938515 -0.231501316609222
0.151939075412031 0.203994691272578 -0.141550636598237 -0.267559559880555
-0.00342715536532439 0.280906066699208 0.0306316696686475 -0.191227558086879
-0.219788376443639 0.205066771043762 -0.021349591998718 0.0318657482441775
-0.319955300551472 -0.134726910431598 -0.236867703368647 -0.0997602750106132
-0.0637890677873623 -0.346088871399986 -0.230045978417677 -0.419130996121478
0.154570337188992 -0.274823773725842 0.210857574413855 -0.644418543073329
0.1591963781316 -0.374531958483434 -0.161374894075621 -0.344463231078621
-0.118159003239294 -0.366919209808823 -0.0917352184856004 -0.148828558051182
-0.310025321974977 -0.138400930557166 -0.0974953316389478 -0.146964987087508
-0.231198240805022 0.226881209103519 -0.0702081270170519 -0.0543770444227975
-0.0164302269765662 0.332382004854942 -0.0644384573035729 -0.0887466591138173
0.177834644109088 0.273477955107125 -0.109314190993475 -0.140584859577961
0.280188673474777 0.137603622432969 -0.18004232400967 -0.168289215755649
0.317568124334537 0.106669364983443 -0.196551602380304 -0.159389047236608
0.308419024449134 0.151748072768357 -0.172785964701931 -0.177089627654366
0.229882658376062 0.357050475224325 -0.0777068997949757 -0.188848448278961
-0.0317893772964218 0.458336874002523 0.0365121736072902 -0.114873463813799
-0.354057542807023 0.334546140779132 -0.0528213858761443 0.0828844117603518
-0.535834343357804 -0.168460948316234 -0.262705542906568 -0.0631972336225324
-0.203303669831904 -0.550217315746135 -0.213433139212676 -0.366970193607945
0.157143862149866 -0.522858992921813 0.184440018328785 -0.512733192354487
0.152936067362267 -0.510408211745438 -0.2301645490057 -0.201848488388623
-0.211867972832448 -0.453440510514986 -0.0535090636383143 -0.0707610344180169
-0.416538750447994 -0.140538109860406 -0.0854477902067725 -0.147631178015839
-0.291079683474428 0.299010231103002 -0.0926476912220016 -0.0634748202966293
-0.026970856611503 0.42641043999317 -0.0955363899446794 -0.0249418410933498
0.209988042432314 0.357993387071092 -0.056817721305072 -0.0433126274343274
0.337916902827305 0.198342781560653 -0.0683270480253102 -0.0999978239555167
0.377451071684353 0.163204660136562 -0.0642889088355804 -0.100378109672834
0.362390029709879 0.216555766411047 -0.0416475298436276 -0.0980434937707642
0.268177521726597 0.455479421630047 0.0115949543455951 -0.0799400177125928
-0.0524308870765816 0.565834146577146 0.0536692201707752 -0.0100240209024858
-0.432703393562322 0.410328458900318 -0.0685336107568006 0.145539161191802
-0.659797169253233 -0.174729348963628 -0.258118546240926 0.00673456642565633
-0.302925154509378 -0.664289136622999 -0.179635451513708 -0.254729309437414
0.139543109072424 -0.674828693542425 0.148176014030904 -0.312139851787846
0.119142581499986 -0.587475727734049 -0.283806947204705 0.000596410177757861
-0.307145996403546 -0.490719546793688 0.0193347974357796 0.0504868618171464
-0.499891604049551 -0.109428703784752 -0.0402870425095558 -0.132842103253514
-0.3193308839172 0.356674244703875 -0.106889338901816 -0.0690517344981454
-0.0253800531279496 0.475472554851275 -0.121705951095642 0.0544151956238369
0.22202184650594 0.394989672078187 0.0051945532312462 0.0752374499006565
0.350131310686808 0.22707374688614 0.0563836316412586 -0.0114161418126468
0.379198797855907 0.192604763284507 0.0777229305593889 -0.0256084718799449
0.354634288249722 0.246160078734253 0.0971738428269479 -0.00757509706804038
0.256470235558412 0.475328379479068 0.110025824063109 0.0378059065356186
-0.0666456230324109 0.566466916714999 0.0790667695782032 0.102877343090476
-0.423429924860201 0.397756575472808 -0.0686067517307581 0.201858373981731
-0.641386025407716 -0.157672487757948 -0.222888771740831 0.0893751554801494
-0.322796305600766 -0.650640226745983 -0.130743127057014 -0.107104782280928
0.105131954317393 -0.694258747826376 0.103894203588466 -0.0835259579539944
0.0627658037404986 -0.578466110771263 -0.312002257109884 0.237483340734828
-0.357353349075955 -0.451742549712863 0.113942782858731 0.19779236965707
-0.500665689764238 -0.0586262203113906 0.0301698582557355 -0.0954843607055225
-0.292305055122051 0.352917995673522 -0.107950432062244 -0.061403050942054
-0.0196913657771281 0.442593650249354 -0.13323305846891 0.140759133050479
0.201411812750598 0.366832540834316 0.0700212841727074 0.195249326479609
0.311545298193456 0.218777217095953 0.178657480973571 0.0845644043392673
0.321734472361595 0.192192768833764 0.208885371591138 0.0528111932433668
0.289088120568213 0.238689415878302 0.220840480093987 0.0777094825191538
0.194199687860579 0.41375107234286 0.194452322652351 0.139350328475293
-0.0772663787549522 0.455113650601149 0.101552100614004 0.191947368796615
-0.333353174093795 0.290283606460627 -0.0560719267627813 0.227847857075553
-0.476298049223239 -0.122975375050501 -0.165684538060929 0.154651135932716
-0.264789443199788 -0.515309933856071 -0.0778699024971174 0.0268699543276557
0.0526345495367696 -0.588704930441947 0.0672710582933983 0.123263230938697
0.0017119088058152 -0.467667022144646 -0.313589554945595 0.4613055035883
-0.325097417428248 -0.334106341935695 0.1989581680544 0.339054028745421
-0.389219361238138 -0.00600587802490816 0.108394301241979 -0.0406571638994993
-0.204548102597735 0.26677126506343 -0.0897873147162831 -0.0476019869600334
-0.0164964254981832 0.319524489859928 -0.131311491215284 0.204844097896207
0.14158768376557 0.27121856028201 0.120904165980035 0.291878074491665
0.219652567260842 0.176081567491109 0.275189386513305 0.172617501543003
0.21583727709562 0.162458337421958 0.308571270763126 0.122593774956997
0.181359399349891 0.195445881858564 0.307142292630938 0.145088721723785
0.10135136640661 0.288408883054948 0.24368933050832 0.206395904579523
-0.0796357245249652 0.269153789907758 0.109315487151618 0.237630613295077
-0.194374809694421 0.129685473840247 -0.0373270925940818 0.213813958365539
-0.237766648849912 -0.0705791838015796 -0.103358698939276 0.184186849500572
-0.167277958519985 -0.301023226195932 -0.0338500167680461 0.115214001467672
-0.0122813444318409 -0.396068330702855 0.0450580862110964 0.273002360406151
-0.0561502078513453 -0.271638293404523 -0.290421166999799 0.631748409216751
-0.22508156292699 -0.153424213130781 0.25724933513975 0.450743005302332
-0.193192326639058 0.0432767720312298 0.187288039422225 0.0177029333113235
-0.0742977191100454 0.123224557364645 -0.0547025645815472 -0.0451875670262692
-0.0125776406964103 0.135102474922499 -0.122852029157922 0.225645319193152
0.0524311318289813 0.130049782429616 0.141933508856512 0.344284429342024
0.089074049016884 0.104501842870932 0.327325964441851 0.237476049341645
0.0766235442252194 0.109376801135079 0.363087970718107 0.174278289025848
0.0536641290296814 0.126858088895155 0.34457309718442 0.187867809021217
0.00465749418512841 0.133827501726013 0.253000640938949 0.234299536493235
-0.0706018004141443 0.0715164530073806 0.1041139579455 0.23927285486262
-0.0517631826585955 -0.0155725852777825 -0.0149061492984133 0.169392764022042
-0.014133190797376 -0.00669402227777376 -0.0469371091793428 0.180197204993585
-0.0789184270800525 -0.0740440111589033 -0.00291913709897141 0.155436895178722
-0.0805381088720073 -0.168706176093149 0.0418951404713744 0.353827475372869
0.0907199104776684 -0.0248889378008613 -0.0433953068441565 -0.439428784273655
-0.00449548694760937 -0.124697959283344 -0.0946467724941495 -0.191311016446187
-0.121118008380765 -0.0506841003860655 -0.034970208409766 -0.136581779617378
-0.0668132421725785 0.110397942661258 -0.0187244000966724 -0.0931829917676376
0.0396283916945572 0.0979260798152412 -0.0551072287884286 -0.190805623873559
0.0830191585020603 0.0268244788619441 -0.210836789930909 -0.240613939785182
0.0740926499349516 -0.03443726972445 -0.331084302899068 -0.208095590362089
0.06588112746058 -0.0516574463092476 -0.362633705599938 -0.191072886478528
0.0621017125752257 -0.0377977434530423 -0.334514372704161 -0.244425938359144
0.0520792701719156 0.0265930805445408 -0.178407152786864 -0.306015872311781
0.02398989903668 0.0693577115662078 0.0353063876975805 -0.237529349798878
-0.0613402765753056 0.0533144243874655 0.0271992296365591 0.00250872170699497
-0.0695809404514548 -0.0874642871398989 -0.195959508847616 -0.0850805108706564
0.0864340089736291 -0.104856866541922 -0.245197198150048 -0.397991346484784
0.13891615915933 0.0124247478021712 0.21369826489083 -0.696580693111036
0.133707148839745 -0.213773545087948 -0.0956668724998586 -0.419280371709761
-0.0596047657516661 -0.256545761229435 -0.102754234238528 -0.185574547499084
-0.222081853786438 -0.10038726545342 -0.0856988565906205 -0.136886686710356
-0.151003659508453 0.174205261087479 -0.0472150564051809 -0.0558529075124796
0.0169375395477536 0.224101536078413 -0.0508074539775633 -0.134396605436064
0.141991513821837 0.154987244477831 -0.162053996408039 -0.201846235871575
0.192580011808825 0.0497606751760974 -0.274281667777387 -0.201318616222905
0.209201343475316 0.0244799814152132 -0.305383791787964 -0.188821253669811
0.203212053134588 0.0561000696268615 -0.280273558440341 -0.226567176892387
0.160696320684749 0.201137385820417 -0.146302130741435 -0.268546143922601
0.00701136977411898 0.283062278722031 0.0282752163845452 -0.194772361509467
-0.214933320579714 0.212627637309502 -0.0137363151330088 0.0369985577902277
-0.328095347274187 -0.127483033477802 -0.240429522344865 -0.0879498955452288
-0.0727570882779341 -0.350425549135613 -0.241856530480496 -0.408234515025325
0.153751195894924 -0.285422260286449 0.202169030225119 -0.652114742180816
0.155189689318645 -0.38378979164792 -0.162011401193773 -0.340963769998393
-0.128721936413198 -0.368290893315469 -0.0923787497910779 -0.152434094652342
-0.319066178430637 -0.133304755884227 -0.110275832084303 -0.143304676951179
-0.226611215434707 0.234105720961838 -0.0763445643840397 -0.0476188138125354
-0.00498328032862498 0.335940299228563 -0.0670298899886613 -0.076388286903062
0.187794439104822 0.267831493526246 -0.111145341562169 -0.133910568997955
0.285990125506775 0.129892886665114 -0.185477206840325 -0.162312100985103
0.320524816135464 0.0956052914934545 -0.200884832258451 -0.157625433856268
0.312259040647894 0.142826020121146 -0.177147394622781 -0.175420072330762
0.243143480458064 0.352133011593528 -0.0793071867994777 -0.190800042326529
-0.01563878379389 0.462781074415182 0.0362639118313038 -0.117526065858159
-0.347526890299828 0.345008240316797 -0.0432978802529487 0.0895110650604891
-0.544688751715157 -0.157499127629641 -0.262743651717129 -0.0505176497097847
-0.218370127924364 -0.552166617875219 -0.223023352831916 -0.356245736710874
0.153494158596696 -0.535597266828129 0.175794293209637 -0.517358353190071
0.146386087722148 -0.520124623458259 -0.230023477230053 -0.196444496236034
-0.222091870531467 -0.452629334770085 -0.0530313173941324 -0.0758134257222726
-0.426378817863253 -0.134709680612226 -0.0983368076237107 -0.143328651183468
-0.285352800157178 0.306325032525254 -0.099964171825607 -0.0568163353899993
-0.0143829232407825 0.431035603746296 -0.0961241560903453 -0.0103686090717775
0.22268308452789 0.352931062823351 -0.0558694101056635 -0.0369640962783887
0.34332305546843 0.189315809084279 -0.0727641691714329 -0.0968300473792304
0.382090489212588 0.15206541801677 -0.0657416645242143 -0.102437846430941
0.368980958837851 0.208104727393927 -0.0427847337370746 -0.10046519566004
0.285467048465461 0.450441812679548 0.0131479590039158 -0.0849035994823298
-0.0370417014484367 0.571729735913432 0.0564394880160381 -0.0124243177628231
-0.426856354039884 0.42343626461242 -0.0567518573844694 0.151606055944054
-0.670465350531097 -0.163550517688576 -0.254123873549607 0.019701301105921
-0.317931651846045 -0.664380385795529 -0.186029416526073 -0.243304509963444
0.133973831246376 -0.688308859474659 0.140039994107564 -0.315816151588786
0.108500482761834 -0.596029239093188 -0.282661403182485 0.0091916353545477
-0.318673065567745 -0.486064646559748 0.0219528798377921 0.0449435327501538
-0.506920070083545 -0.102108710506286 -0.0510048043689011 -0.129704643513461
-0.310880034377981 0.363222270832033 -0.114391856738021 -0.0644393418701604
-0.0124797676147728 0.479210956841051 -0.121604777756534 0.0702853969841713
0.235482228814109 0.390003429538073 0.0100527644849227 0.0802347284105803
0.357522453897576 0.219948682065107 0.0545734521186401 -0.0110914578646271
0.385006396222632 0.182071015697918 0.0789491512632368 -0.0306870107691687
0.361719316456053 0.239082369732204 0.0999108436486427 -0.014273048212375
0.272027660022806 0.4705640234697 0.115875889133703 0.0306374380883119
-0.0502004187319696 0.57353457289589 0.0847075406877728 0.0996830040994174
-0.418967265359171 0.407857656066555 -0.0547198585420289 0.208378267876303
-0.649902635424678 -0.145734849628908 -0.213048381765697 0.101250655655066
-0.337562009001253 -0.651727155239627 -0.133042787195119 -0.0964809978770532
0.0983938255362443 -0.70539693824004 0.0985593214678869 -0.084644670291494
0.0528795183857757 -0.583738311072546 -0.308619617111426 0.247060513156047
-0.365887695790749 -0.445376872255525 0.118768094674584 0.190420452693997
-0.504943658844567 -0.0520524424562331 0.0208813518205087 -0.0954727258394854
-0.285175925910144 0.359200306346017 -0.115066166437021 -0.0588548147068182
-0.00919892116712831 0.445010970235199 -0.131988199214748 0.155643044128646
0.212828609475393 0.361916210452641 0.0777532841819788 0.199292783463733
0.318102544723531 0.213600695181065 0.179282805428703 0.0824331160954301
0.327716102541965 0.1841120001804 0.212540468782919 0.0453545877863725
0.29591701665746 0.234407358718182 0.2264017710547 0.0678833628852032
0.209325255355607 0.41030325893796 0.202744284951532 0.129607897007356
-0.0650574788632577 0.459636680473605 0.109714193760805 0.188311861169276
-0.329428754103853 0.297163518088003 -0.0422271082322336 0.233751491825187
-0.480646224163272 -0.115575813446814 -0.152136544642595 0.164553624366241
-0.275456208226442 -0.512048041762567 -0.0768361497941101 0.0353279512897651
0.0471803727099815 -0.597010389668893 0.064189848451346 0.124371850074321
-0.00822446504585825 -0.470531326395038 -0.30870749598203 0.473011697840148
-0.331190347421683 -0.326427157481026 0.206112120395164 0.331622485812167
-0.389587289804471 -0.000985853278136083 0.103393776847945 -0.0447243825538229
-0.198489689528311 0.270057588315671 -0.0966793823354218 -0.0471557651268159
-0.00880433920555336 0.320898347987191 -0.128051007407846 0.218658903534316
0.148639090662713 0.26869132080813 0.131893757015129 0.295216297475775
0.224219982167924 0.173651500227699 0.278915146865885 0.167570640387312
0.220241679261939 0.158578073923368 0.31442348785664 0.113901212787464
0.186231885051898 0.194546575788629 0.314305719401372 0.134546779576064
0.110357722965926 0.286943549223513 0.253117634996529 0.195506540548913
-0.0742610018787943 0.272429708801779 0.119334744375924 0.232723772691825
-0.193947422207175 0.132003228353987 -0.0253706834020806 0.216382957319895
-0.237946822240326 -0.0692577349594509 -0.0883884706214933 0.190737638359421
-0.172490520819749 -0.297306630283183 -0.0305712228916445 0.12178548592476
-0.0152965912472029 -0.396411145378177 0.0433663591910834 0.273974493422323
-0.0627585018892963 -0.268727187119114 -0.283973437757547 0.642566207627365
-0.226646062832639 -0.145575163584859 0.266286791378769 0.441537442729853
-0.190747880185879 0.0458126643490704 0.186556124852276 0.00981107836335372
-0.0721185798163131 0.121964582222491 -0.0606286389905495 -0.0476514184308516
-0.0106024446079381 0.135714411182722 -0.120450396747251 0.235941721100354
0.0546647470536638 0.129100448663096 0.152775059686686 0.346876694917287
0.0906930718415594 0.105156049962251 0.335410695143478 0.232063784487388
0.0793918782908821 0.11002839616047 0.370741987860472 0.164728037733512
0.0574533069691355 0.127979981959851 0.352627379459508 0.175109718984031
0.00746324481369182 0.134287846208803 0.262503401389046 0.223423100274299
-0.0721478073883876 0.0735399329347418 0.11379301902026 0.23318137071951
-0.0543399651302761 -0.0180250170887626 -0.00666367858006986 0.168660937283394
-0.0109068153194681 -0.0105251806322384 -0.0321862948243938 0.185001258235256
-0.0783521456666609 -0.0688491396355154 0.000605125602639003 0.158678864867469
-0.0821053589606568 -0.162887488922376 0.0424705156302958 0.353159307454111
0.0897494887171281 -0.0321719443198042 -0.0531937843631148 -0.43387407283827
-0.0152326740459799 -0.1254799062219 -0.0999404190110411 -0.190394269263117
-0.127415729717645 -0.0418973700387885 -0.048488202369658 -0.134567475295855
-0.0590316570639762 0.116831316064053 -0.0267107192064817 -0.0856793950934602
0.0478724814442176 0.0957711272126912 -0.0637217241259336 -0.179587410815848
0.0851415656015103 0.020389624760295 -0.21914292554208 -0.223988833334218
0.071969685219403 -0.0406843949280973 -0.337145977641017 -0.189598626372834
0.0621186392981903 -0.0562945616590547 -0.368192578038567 -0.174179441578236
0.0592852756919909 -0.0426006464975222 -0.34364185178454 -0.228866906828941
0.0550665949224996 0.0235449052643758 -0.189926238021186 -0.299145741280707
0.0306743146515868 0.0676946680145601 0.0258714051988057 -0.240504797222853
-0.0568340983836387 0.0576065577235657 0.0328341974452293 0.0025073678451693
-0.0762042132870988 -0.0829328701471289 -0.199456587271758 -0.0690965304430488
0.0786272095125726 -0.111975164112522 -0.260687592647272 -0.375639970293691
0.139922533223924 0.00259806867867592 0.188600520722094 -0.703610721937941
0.125588394520491 -0.221778043062705 -0.103655207536492 -0.412952555358464
-0.0736424174932657 -0.254428694523188 -0.107456732624622 -0.184603725717447
-0.230693228786821 -0.0885025530635614 -0.0995293479298668 -0.130247442031584
-0.140207796165278 0.182126692556702 -0.053534276330732 -0.047257451985556
0.0311074928689776 0.222671222392933 -0.0555203942758073 -0.121793544493592
0.151071479903056 0.145045825923506 -0.167978849327163 -0.188476621277501
0.193897639445493 0.0382407752235084 -0.280613764171883 -0.18517403851506
0.207634892332146 0.012327368321992 -0.311501290063012 -0.175084421646421
0.203142497730476 0.0446670015187356 -0.288834712052644 -0.213194235049059
0.171437709882287 0.192446618947278 -0.156221155959592 -0.263870954654102
0.023363505738313 0.280909674359153 0.021360724645095 -0.196975091059638
-0.202361227352983 0.222728290761977 -0.00535356982425705 0.0402055879394022
-0.335201564690462 -0.112280101950416 -0.242552197562849 -0.0700165538074939
-0.0888171014758787 -0.349414956127494 -0.255969099103442 -0.387601547118463
0.143681935704163 -0.296750787153063 0.176470385211192 -0.656647809353822
0.139728755445881 -0.392353253510547 -0.167719178037535 -0.331827130088754
-0.144434115507551 -0.361151458296412 -0.0964704671560511 -0.152569755531157
-0.328247198686336 -0.118361126726193 -0.123857580081599 -0.133767240976306
-0.213978554965854 0.243628324556375 -0.082279126322842 -0.0382117467106701
0.0137732804852928 0.334977560244668 -0.0680245114995508 -0.0624052547771173
0.202034281275044 0.25560136818418 -0.113506294935993 -0.123230625763802
0.290118253504428 0.113378494130481 -0.191302605113277 -0.151301681638963
0.322184079133319 0.077942665979374 -0.206432778677174 -0.150404204485179
0.315282061128734 0.126635044481261 -0.183525967487133 -0.169249327970002
0.261779075976706 0.337671017095892 -0.0856328809613085 -0.190155903601867
0.00865290174012272 0.461372882592242 0.0327420736175642 -0.119174674358427
-0.329437800333474 0.358459948661097 -0.0305698942136189 0.0948125907442411
-0.553399023353805 -0.132704424392685 -0.260217323666477 -0.031259266986303
-0.241082219983356 -0.545476429875526 -0.235421242860779 -0.336754678241338
0.133241921910187 -0.547014934539829 0.154899654710506 -0.519821844757014
0.125403746630452 -0.526572898942706 -0.231183565842678 -0.184548353094688
-0.240887060359226 -0.440801378627853 -0.0551871158238254 -0.0785930423108966
-0.43356000494658 -0.11705253740921 -0.112265517894412 -0.13536992276002
-0.269967423135739 0.317018748913283 -0.107360170978055 -0.047754939527991
0.00849879886338175 0.42986419022694 -0.0941043925398027 0.00613954352881577
0.240518271037893 0.33885401061496 -0.0531009851519721 -0.0294678126831887
0.350736248356997 0.171587362925379 -0.0772114863948852 -0.0904392467912791
0.386034511642222 0.132118055027768 -0.0697707465688382 -0.102270941837243
0.375635895250615 0.189724938647888 -0.0456022869207504 -0.101779413504933
0.307201750649938 0.434465428257911 0.012472752206101 -0.0894109694123862
-0.00685991576182852 0.571963275535368 0.0574966731809567 -0.0158061541492339
-0.405105451512559 0.440007280427833 -0.0398699497042915 0.157391563952811
-0.677950742369674 -0.133794054762449 -0.245471118446141 0.0375158818164854
-0.345320778691916 -0.652126592199011 -0.194400762085311 -0.225613424245546
0.110322361063534 -0.697589744249618 0.124661992951043 -0.31817229775704
0.0854638264925274 -0.60085870155301 -0.277461736558873 0.0214581493344198
-0.334821600325239 -0.470148116965964 0.0242541387935242 0.0385103822778217
-0.512910595902613 -0.0826710856594371 -0.0638727410722244 -0.123568096187349
-0.294048417157422 0.373049776430906 -0.122771033122073 -0.0562133852252411
0.0119206412190488 0.47752070453163 -0.115667225770466 0.0879088951721571
0.253933518979641 0.376302220556427 0.0178550545192474 0.0844614538281687
0.364922410558234 0.202174111994788 0.0524110157752624 -0.0107861003774648
0.391128109872991 0.162138942349301 0.0773264177990999 -0.0378807840639935
0.369706460900326 0.222440738267456 0.100883972351134 -0.0231741903286042
0.296479046739123 0.455056964090373 0.119957050894044 0.0203075661391746
-0.0221181210482047 0.572665355373706 0.0909643526696371 0.0937729288905381
-0.39798529415931 0.423713803334237 -0.0350774014285268 0.212006236816939
-0.654694203303566 -0.119070524533949 -0.198515240248841 0.115250203359539
-0.365823776371832 -0.636527890843546 -0.13446731382724 -0.082624414914118
0.0775496157375737 -0.713045608307691 0.0903577904042842 -0.0854330253062765
0.0294335721679785 -0.583574167438648 -0.295836696491949 0.259744504653025
-0.380480374728802 -0.426386758703754 0.124886156018488 0.179709227201529
-0.507084794681749 -0.0332494519962932 0.0106593270493892 -0.094489262615981
-0.267517642312836 0.367249707081469 -0.123579135677579 -0.0534348426019483
0.0112212599964243 0.443680783915766 -0.123344390753659 0.172203135332854
0.2289040742203 0.3488211935579 0.0907335972332697 0.19943684540706
0.325935892280871 0.199065985013169 0.180374720767036 0.0754048884527252
0.333691363268878 0.167292752793688 0.213718198653377 0.0321697662459859
0.304648101556182 0.221285065055785 0.229430895480565 0.052120972745962
0.229951901861987 0.397115386770412 0.210059900676725 0.11414813441566
-0.0435523764772537 0.461012445775743 0.120247378353254 0.180257305660653
-0.316068395420485 0.307996425091622 -0.0225364473904094 0.234613661053
-0.483377886952014 -0.0963881468741064 -0.133043351356421 0.174457963908766
-0.29551561283321 -0.498391785286605 -0.0737285291917329 0.0458231591101587
0.0274370843743867 -0.597623227827707 0.0637105731336633 0.123767985759555
-0.0256737988490068 -0.464989995716971 -0.288806242716573 0.485585040388931
-0.340835045950571 -0.307381757972897 0.218511647466239 0.317033343593839
-0.387543998983363 0.012968096013233 0.0971019384022658 -0.0487215732337067
-0.185768412947222 0.273437337592983 -0.104473697156742 -0.0448004954123025
0.00601375897669464 0.319284896855897 -0.118577210336126 0.231551036154412
0.159831226808172 0.26030056862102 0.147554407114464 0.291704382487166
0.229860914395926 0.163506294060718 0.283334301701496 0.155547388376145
0.225568674777601 0.148758437069127 0.31926532934534 0.0965620981735619
0.194074493332415 0.18658112024422 0.318536217352339 0.113610081425896
0.124623049538397 0.279782581491513 0.262096504585966 0.176276241669342
-0.0625693447062166 0.275058811693586 0.13180962876309 0.221721400555456
-0.188210977238431 0.137164083444925 -0.00826195889614663 0.215471608754799
-0.238037457853582 -0.0628208225572957 -0.0673908330065517 0.196115372304575
-0.181504749118465 -0.286100587786687 -0.0250328610499173 0.127124083702785
-0.0255782658190729 -0.392076162489538 0.0479705626804455 0.272226060281428
-0.073090686212039 -0.261525201149907 -0.260293315165222 0.654441684707777
-0.228026089761067 -0.131335105776498 0.281881838539738 0.424950280298829
-0.185278711274816 0.0513699150729785 0.184223316718314 -0.00178432401665062
-0.0670704386592504 0.120707522102805 -0.0681170352367296 -0.0482655076932904
-0.00587493793266771 0.135253727482362 -0.111298410411755 0.246576358837749
0.0591230867853194 0.126693231304283 0.170468750895892 0.342360450163266
0.0935968752559182 0.102723603781675 0.34228705398345 0.216813943766586
0.0838430633112952 0.107955074671013 0.376285844897258 0.147222904121149
0.0633409849979439 0.126522321302649 0.357186661212876 0.154601713025579
0.0132814295181169 0.132837097181883 0.272588818900623 0.2033438664896
-0.0706096797459507 0.0760164425664057 0.126785901108601 0.220705006037558
-0.0572160753691468 -0.0187379934362407 0.00649444408762278 0.165467739331881
-0.00741186356178018 -0.0147087758538317 -0.012783675929785 0.186416651677914
-0.0769111087348961 -0.0609594350142163 0.00670457713437492 0.160725316383629
-0.0840893172517877 -0.153308076209602 0.0495766361327819 0.349364726059917
0.085586590913643 -0.039748177796396 -0.0630192889701822 -0.418463387214342
-0.0255323486558701 -0.120774036966703 -0.103219990345832 -0.184578381987038
-0.128888697351495 -0.0311059030478618 -0.0609030388934797 -0.127597829571171
-0.048493373788305 0.118962205143254 -0.0324604612814155 -0.0760226362076591
0.0538668450234758 0.0905216321106494 -0.0687756366086543 -0.163455496947298
0.0848733543528303 0.0134230988498664 -0.220072786424245 -0.201860424102168
0.0669348358713271 -0.0452204036281901 -0.332543565066317 -0.166671133981031
0.0564719102617589 -0.0590347092401003 -0.364128260867433 -0.151727729699824
0.0537008283445172 -0.0458982930696628 -0.343781863996341 -0.205402894292671
0.0568237153042295 0.0196874319424607 -0.197795437936102 -0.28360984162426
0.0359254657438385 0.0637946816411964 0.0159100738583226 -0.237243177695253
-0.0508873283603732 0.0598476485196808 0.0372796329255462 0.00187969001538781
-0.0809528109603081 -0.0750701949662212 -0.195159239813091 -0.0520593390405272
0.0684567074054453 -0.114182528781215 -0.266140692693786 -0.345334162435643
0.135566492164778 -0.00744206218949702 0.155118158093093 -0.689222020075001
0.112084893711028 -0.224026034764416 -0.109950600675761 -0.395431551138543
-0.0863265287698781 -0.243268050130257 -0.110258910712075 -0.1787655572112
-0.230819306052695 -0.072430081021157 -0.109637531613549 -0.118986515062483
-0.12482552334204 0.18468159006781 -0.0564415953948765 -0.0375493344078279
0.0442162769653905 0.213362854510653 -0.0559433248110625 -0.106566581947257
0.154663150305059 0.130200551723572 -0.167825727732558 -0.170150710429867
0.188405114882099 0.0253509076607058 -0.278608069761452 -0.163783668896242
0.199779638892851 0.000461541818939081 -0.309644051941947 -0.156476191636622
0.196839656900077 0.032204973208363 -0.288471929508058 -0.194863984444256
0.176483394301526 0.176795575775224 -0.162042737789014 -0.251378939119964
0.0386373884212672 0.270669225410899 0.0134002019704142 -0.192933109992859
-0.185278487984178 0.225205823802938 0.00361193083091045 0.0410040466083356
-0.332772936489893 -0.0922081647394348 -0.235801827639661 -0.0503934809408872
-0.103072006512089 -0.33722553287518 -0.262451825770314 -0.356791088698079
0.128302911421855 -0.29883628919504 0.145830506936654 -0.641515701100708
0.119705269871466 -0.388424268482229 -0.168594363007701 -0.314157123669614
-0.157013315602941 -0.344665443419448 -0.0983778042420341 -0.149143075981108
-0.326716911125371 -0.0989844873762532 -0.133100232734665 -0.119973894804035
-0.193558813640528 0.246030603125905 -0.0844126374149997 -0.0275552842873281
0.0319222721009464 0.322561378701574 -0.0651807836361537 -0.0471633211465513
0.209483827678014 0.235418758610975 -0.111098594741992 -0.110053192833043
0.285244044281821 0.0933044368055176 -0.19165025482853 -0.13553664435234
0.31379355947472 0.0585196841208141 -0.207024348631282 -0.138485212362829
0.309320345219475 0.10706605790614 -0.184520924783013 -0.15843698626887
0.270673202327688 0.314284207582121 -0.0894970373172325 -0.184115831179288
0.0323717994865787 0.44540888752576 0.0288664262244688 -0.118518213730351
-0.30137268242611 0.362061758307621 -0.0163301992640528 0.0952173368870935
-0.542429051847334 -0.102102596531643 -0.249068670185386 -0.0130025154063114
-0.25798432045622 -0.520291745677266 -0.240030942782682 -0.306517096266556
0.109671998507801 -0.542040994309253 0.129630884523544 -0.509403870028859
0.101995052838105 -0.51835197235555 -0.226120237927888 -0.170134904789208
-0.250755642644966 -0.41620860033551 -0.0554467814410382 -0.0791768072725778
-0.428462695400727 -0.0934296982957787 -0.121710967489126 -0.121425775229275
-0.246202350750185 0.317986743865157 -0.109941901047795 -0.0365369298193799
0.0296488741028135 0.414655546556743 -0.0867064677595367 0.0210739981399264
0.248812199750306 0.314441642679552 -0.0478302731033269 -0.0220197257997696
0.348012637131133 0.148711495327652 -0.0783316566265069 -0.0821575652802713
0.377108047320853 0.107803796880739 -0.0729719806232282 -0.0987895911064855
0.370189945181963 0.165613863888324 -0.0479623512556984 -0.0999497353362235
0.318974422228424 0.403801065879626 0.0103884594901736 -0.0920192265540084
0.0224995840173612 0.553204638929392 0.0571947962052889 -0.0196931193198525
-0.372122237095988 0.443210045483416 -0.021694033758289 0.155591551120387
-0.663442901314037 -0.100041582559442 -0.229015566241048 0.0521431705166803
-0.364039274488097 -0.618716782442257 -0.19383109148498 -0.202010453660865
0.081925351103495 -0.685784205465383 0.107732089930585 -0.30857575836266
0.0589502585237405 -0.585347031833801 -0.26433012080253 0.0332016012561655
-0.34219848431614 -0.441541516425741 0.0251976946823257 0.0310734392296147
-0.502392003707623 -0.0592623517483066 -0.0739781066743406 -0.113135055982843
-0.267453315314519 0.37202321908761 -0.127346968138452 -0.0451122052127593
0.0334015831238059 0.461348275905195 -0.104577664441722 0.101556605551062
0.26431889757688 0.351158463046153 0.0259411765846818 0.0849512635777708
0.362777866599135 0.179866095199694 0.0495792768379999 -0.0110402070621113
0.38305848628609 0.137860481206104 0.0727874514454546 -0.0432083003872194
0.36762712192264 0.19878476236869 0.0967387987510292 -0.0312685439866577
0.310021368511667 0.424428370191452 0.118837284390372 0.00847471183881342
0.00601026382563114 0.556376866805113 0.0941007738498673 0.084617895343969
-0.368818702854999 0.42753954895089 -0.0148736161230209 0.207315962100916
-0.640090361930777 -0.0889998156935585 -0.177096714757047 0.123861484587743
-0.379154892013877 -0.601228110769995 -0.131891225386259 -0.0667258176265441
0.048979587393302 -0.698469877869294 0.0822885695882781 -0.0834601329300541
0.00679998719458543 -0.566241944117905 -0.275365024340637 0.265130711407243
-0.382866335275442 -0.396048449593192 0.127808874540815 0.164210956872692
-0.493485764612744 -0.0124229223138797 0.00114109740403955 -0.089132898494811
-0.243947808101861 0.363389876437597 -0.128713255815515 -0.0444549558570417
0.0329830294300387 0.429178334792505 -0.109205757892817 0.182527328119514
0.238620371238021 0.327087966931786 0.101860985263769 0.192824441201108
0.324445978830717 0.17936063105445 0.176615972096137 0.066692293097152
0.329572824707049 0.146856643531045 0.208344751258751 0.0187837840743214
0.305160619801295 0.200256568411702 0.224393801761522 0.0355127909206716
0.241917901796045 0.373257069353532 0.210722724847556 0.0952204017621861
-0.0200178965251894 0.449125514948371 0.12746368803117 0.165601471861251
-0.292241349090997 0.309752558769222 -0.00243480776760054 0.227849166912941
-0.4716434162261 -0.0762010524699356 -0.109039671907036 0.176459602312502
-0.304739356892945 -0.470333560470155 -0.0675055903467512 0.0543538805458602
0.00919605697143057 -0.583052066004079 0.0623351406330878 0.120660268980591
-0.0426284577970294 -0.445697341788498 -0.2600698634857 0.483203579884572
-0.339456687986533 -0.280362751383845 0.223443374764781 0.294198043445249
-0.375142816886975 0.0277709096131187 0.0877814946215963 -0.0515615784492188
-0.168239230652112 0.269671488175393 -0.109766485164841 -0.039910422283006
0.019976855717346 0.308423307838791 -0.10352568711961 0.238756953492311
0.166080169753875 0.244480697318136 0.159580122128403 0.279777298365032
0.22951265307236 0.149431435621148 0.279504730705034 0.139244123549648
0.224089073180594 0.134700172259693 0.312062335194096 0.0772746669938704
0.197239005313291 0.173018274222435 0.313327710925998 0.0910015878524405
0.133744313996702 0.263671950760011 0.263017272715551 0.15298714179169
-0.0489960925746671 0.268354492828201 0.139467688618186 0.204303536739548
-0.177935555415681 0.138800395068759 0.00860982753296943 0.2067826076083
-0.23050182246987 -0.0541701305779285 -0.0452523245576081 0.193303922929114
-0.183488564993167 -0.267338583614338 -0.0178236106838845 0.128684233660645
-0.0367464513723968 -0.3770516155672 0.0526725032035258 0.263482909152766
-0.0796376335386298 -0.246528540503959 -0.230098171355968 0.648650190563669
-0.223485094648938 -0.114764758205826 0.2893608800746 0.395861427910755
-0.175510724172229 0.055506685433026 0.175469226573586 -0.0120047763830726
-0.0611183783290023 0.116242130072982 -0.0744838867902669 -0.0464060854816323
-0.000315432405612673 0.131125588117243 -0.0981183837829989 0.249470025257712
0.0612221320917963 0.119997953627996 0.182734021728555 0.327695735433987
0.0946611188863817 0.0971751781851208 0.339770817707947 0.195470039175591
0.0861409769727905 0.102713921565874 0.369997213281074 0.123820697819251
0.0676689541695327 0.121725454260653 0.350750874929135 0.128451880956681
0.0176438178929414 0.127700506510327 0.271987669718067 0.178694039198264
-0.0680424511377504 0.0769342390034428 0.134354561975149 0.202104357964064
-0.0580084181247854 -0.0187407785590458 0.0184235487500031 0.156614174911203
-0.00481006410728438 -0.0185467267488726 0.00663654134509637 0.179221496419519
-0.0722486857533664 -0.0527815081621407 0.0139613594697683 0.157850892735428
-0.0836115812734732 -0.140780653854491 0.0564169067538668 0.336365119183493
0.0742733609344794 -0.0550853540014536 -0.105941934202842 -0.3847621300042
-0.042380507714691 -0.111286376584719 -0.117176597205787 -0.163167790172061
-0.128217753774358 -0.0111468191159681 -0.0737057509021357 -0.10935022372026
-0.0300110144154484 0.11819977783574 -0.0378059586706646 -0.0648318123080689
0.0640334850630694 0.0777131553062453 -0.082504248299315 -0.143897891829097
0.080793711113177 0.00174158929577351 -0.230004342493973 -0.165425864337621
0.0546497055246904 -0.050990475286297 -0.335606774344222 -0.122229705549554
0.0447274274022878 -0.0633327745245065 -0.358446019809059 -0.101508457802268
0.0434778550090051 -0.0486019821354836 -0.346197387570523 -0.15640948605893
0.0573555123558804 0.0131770297238395 -0.219273571709996 -0.247096134373337
0.0422744420216545 0.0561093469298075 -0.00784597150421594 -0.229625197973951
-0.0393503270603376 0.062044851737923 0.0420902502552902 6.42377411758671E-05
-0.0867281339420155 -0.0556502694536674 -0.191859631574268 -0.0209523836701934
0.0445536837792849 -0.109301621152501 -0.286056088906018 -0.29520355259154
0.114548642838799 -0.0287434953737015 0.0760847718948224 -0.673437655905863
0.0787440576187148 -0.23665998506958 -0.147643482937803 -0.342275822505978
-0.110393913015176 -0.221268035758207 -0.121074508186352 -0.153023701461862
-0.228959344682921 -0.0400506230015267 -0.113865770512828 -0.0921157808716272
-0.0962444859663128 0.186362077047924 -0.0519771691971155 -0.0251310902194838
0.0672895372837695 0.194084297041813 -0.058584069998399 -0.0954633553704405
0.159013915175226 0.104247446983859 -0.173857586602652 -0.14722643766557
0.175494084021871 0.00243124274997651 -0.281202436383807 -0.130574303365292
0.185543696695962 -0.0235477889872693 -0.307817961332255 -0.113581076717964
0.186599345505245 0.00872951380232617 -0.290840230263276 -0.156004072298544
0.186849241373818 0.144798424760073 -0.176060105711289 -0.220805158799161
0.0686573648101586 0.249057064262558 0.00086972574512622 -0.185918018356705
-0.145952016035355 0.229145749753243 0.0183264432109296 0.0473839532206305
-0.321965475784436 -0.0414258680892406 -0.235386454280412 -0.00905360735917222
-0.137738123566117 -0.296596996984522 -0.295922032583733 -0.309364694663986
0.075153472812453 -0.297311996498881 0.0742576146861191 -0.63571986793175
0.0662210570201204 -0.39613728171368 -0.193046848547616 -0.244993730914749
-0.185382442267246 -0.310618471564471 -0.103833591566678 -0.123103834909991
-0.322425467776167 -0.05570179128965 -0.132648631535714 -0.0874691194350352
-0.155775163130863 0.249830913834184 -0.0744495653021152 -0.0129332829639704
0.0677816175687149 0.297769946821128 -0.0562418660347062 -0.0414149809593753
0.221523738530333 0.197677349066765 -0.110641537570867 -0.101158279514307
0.274272078858272 0.0567849136924995 -0.192548481305724 -0.115350668556751
0.298817201823916 0.0187602169063294 -0.208939253065753 -0.108976199258032
0.301454353418292 0.0665730995990732 -0.185811674051928 -0.134600034988853
0.288613030868139 0.259936805063533 -0.0955199577385153 -0.166213837278821
0.0825199583017598 0.413692094252509 0.0276826865399144 -0.115140890552782
-0.239925594034079 0.368052010358747 0.00887741200278724 0.10514560326642
-0.520115717952464 -0.0266831755773509 -0.246354582270916 0.0328618940436683
-0.298469439938894 -0.447436465426279 -0.280203519873566 -0.268739659151902
0.0312359838599643 -0.520153566727624 0.0731670109792993 -0.512996436100174
0.0349634898088269 -0.5166502776833 -0.228915165506609 -0.0905201249230418
-0.278853381494613 -0.37000083151103 -0.0530072216303565 -0.0600276124685032
-0.417502508034907 -0.0417914397357658 -0.116766925512454 -0.0893908208984806
-0.200016908198643 0.31976728418059 -0.0992791336820559 -0.0196531941077546
0.0725980108204653 0.38500431983594 -0.0658246825660712 0.0240130247599022
0.267751820768329 0.268527935223485 -0.0385770372038017 -0.0277298759728051
0.337697508065361 0.102964559094495 -0.0772464898941427 -0.0786122044931763
0.36445557601558 0.0590924172371265 -0.0783191707828655 -0.088054857854568
0.364147079362198 0.114220500905256 -0.0492608282236571 -0.0954766534984455
0.345009256529676 0.337553382395361 0.0115312367144411 -0.0913933033621418
0.0854294869930798 0.514873439991366 0.0681590930469854 -0.0243353761468891
-0.296760059453607 0.44987383746345 0.0119189924588938 0.165525282788004
-0.629142144543676 -0.0112344538800524 -0.220162245423938 0.0940245909438368
-0.402396987725106 -0.527557182716082 -0.233483301924675 -0.176013386233612
-0.00754569497202943 -0.650268798769446 0.0710727199279521 -0.324733281359137
-0.0114583653643667 -0.5756492163684 -0.240082840990656 0.110883759804964
-0.365781485094023 -0.383509721669234 0.0377885043174191 0.0360488874391152
-0.482786755349347 -0.00194051586282201 -0.0665387659462194 -0.0879895250801171
-0.216928425793502 0.373055327069407 -0.115837088109809 -0.028304901278938
0.0813645670545022 0.428963962610893 -0.0719603218133647 0.101037401163212
0.285042442465286 0.301713179439224 0.0444943327397368 0.0638702180471923
0.357315510301412 0.130487462337838 0.0544518686873208 -0.025188284405414
0.374319961516208 0.0872712191130285 0.0643843414951276 -0.0526146719942955
0.367458104689985 0.144041898671427 0.0946995688835787 -0.0468892162888485
0.338175466612847 0.358067224681139 0.126183948715958 -0.00982007991346513
0.0704187405168602 0.516995320400707 0.114242304146496 0.0707004049558848
-0.294962458142641 0.433832331746319 0.0229622523474457 0.212840138164691
-0.606773122359731 -0.00498534358070157 -0.160519586142439 0.153581812386737
-0.415276026257714 -0.511347478828415 -0.158795826355993 -0.0554801907965588
-0.0376337724809961 -0.655426648763807 0.0706106069739048 -0.105872091408488
-0.0594802880901992 -0.5442679665271 -0.221918354173241 0.331138683572944
-0.396534282934615 -0.335833293449717 0.150556153593214 0.14892315413686
-0.467719421961071 0.0405492502983803 0.00823428399005513 -0.0785038039415422
-0.19589185821177 0.362799356419458 -0.119183524523355 -0.0288875281445137
0.0755178659879333 0.398537168579246 -0.0685377132183323 0.178891166157983
0.258590533475673 0.282953523847686 0.127139335366976 0.159544299534077
0.322926553032476 0.133929206433858 0.183419865073938 0.0367480069242466
0.324809605969828 0.101911530041893 0.199020681316898 -0.00938840145132658
0.308364913250947 0.154854255742962 0.220273956460312 0.00312081818574457
0.26691061167137 0.316153086046118 0.22018071687043 0.0604421471041006
0.0342915999814914 0.419304945310614 0.150525181341662 0.141984138518746
-0.23862920619751 0.317573780184356 0.0345195185057528 0.2256421985947
-0.44637127004879 -0.0155443466517104 -0.0859356468793025 0.18951913618976
-0.328708275733307 -0.399413394806811 -0.0786079641254598 0.0535280964428181
-0.0568520959702932 -0.541822023402878 0.0715418124178185 0.0943109093315727
-0.0921610540922944 -0.421181889635393 -0.186074198554041 0.526389257597338
-0.342061760451299 -0.229345368798126 0.253597283676284 0.258303453836521
-0.350637692086022 0.0633072891455612 0.0909467254329714 -0.0570402568056957
-0.135500346489298 0.265971708766391 -0.105779248407358 -0.0274252807959875
0.0490177978401742 0.287514402911729 -0.0603754312340201 0.234168879319926
0.182161277699223 0.213363439366302 0.190577461382315 0.238537382120321
0.231818597292541 0.117904509172139 0.288327823929089 0.0972683910057719
0.225859840932271 0.103238880809879 0.303059170970127 0.0338600727902388
0.205275215226194 0.139950566035816 0.30796647442129 0.0468647348540303
0.152844594349567 0.227100970295277 0.271575613911945 0.10871974666508
-0.0160461449556008 0.25440544531522 0.16111701980776 0.175325242439681
-0.150214870516588 0.143407879414465 0.037461075799802 0.19926064480615
-0.218233799226642 -0.0269168371104956 -0.0172948211385343 0.190535996578401
-0.193187285274354 -0.226557902512725 -0.0143871223988112 0.121694572089333
-0.071041541479105 -0.344134714495675 0.0751950333771627 0.236389510487806
-0.102230525651568 -0.220993269577332 -0.137901579624923 0.661113786778971
-0.215560623661727 -0.0833289705864962 0.322947462774908 0.342104564516322
-0.15815641475492 0.0682629043919365 0.170915756739611 -0.0348987528899857
-0.0491168430623691 0.112412842880868 -0.0788886551143559 -0.0374153773046503
0.01094713945559 0.122870023719452 -0.0602543477678013 0.248849314159681
0.0697534561186462 0.107664294810988 0.215628569838272 0.288152324761015
0.101109473386825 0.0832728039851536 0.3488565702494 0.148108175010534
0.0930480869323492 0.0889825926058149 0.362327053802296 0.0710004030730301
0.0778142194370805 0.106075050595411 0.344435289171676 0.0808447034179017
0.0285910389599971 0.115061809990739 0.277348201941549 0.131727148606956
-0.0575568847812264 0.0778932220333362 0.149740250072889 0.171783264994247
-0.0573740308681294 -0.0148196649152324 0.0369308775212612 0.144377883620079
-0.00326254192305998 -0.0223904638384553 0.0345474002829428 0.165215710285937
-0.0654278470244862 -0.0396456421405008 0.0282338315317887 0.15010149675963
-0.0852162710072863 -0.116524782743328 0.0833778891359283 0.310949808646985
0.069192605736129 -0.0547248469365747 -0.0876537638421639 -0.371700334864896
-0.0429281463052057 -0.105130828005982 -0.109214142517867 -0.161570402488114
-0.124059971478326 -0.0086930757426658 -0.074764486210167 -0.102966102059786
-0.0270572352565258 0.11331018837909 -0.036311092159978 -0.0575428632591646
0.062590489622211 0.0740733918229746 -0.07349236258129 -0.131986631408557
0.077608707288518 0.00018602711977234 -0.213700012284415 -0.158169180087749
0.0518631500523732 -0.0494927849607917 -0.315667677480968 -0.119660684224935
0.0419329241607703 -0.0604614447616932 -0.34055269806475 -0.102457123687282
0.040677475710407 -0.0465563961057694 -0.326953071378493 -0.155723434265523
0.0561942661785838 0.0120148583949417 -0.205281087917177 -0.241141289124965
0.0419396596498991 0.0531923218833892 -0.00343351549203373 -0.221490975166647
-0.0370672203248439 0.0598487666524587 0.0449086450352318 0.000121748046579256
-0.0837340452960008 -0.0517257844473364 -0.179665032100009 -0.0176119432720558
0.041129880374733 -0.105169880009329 -0.261663367882676 -0.279602111379368
0.108726679062852 -0.0289002622097605 0.0877141953956094 -0.639051208915123
0.0777152872561561 -0.22746596047486 -0.128859402797777 -0.331574621463574
-0.104481076672491 -0.211223755069766 -0.112487368083725 -0.152384198200161
-0.219391453671355 -0.0382144899581186 -0.11278018330351 -0.0852190612669146
-0.0914463676523843 0.176459472841727 -0.0507345710797823 -0.0202113175590017
0.0642401170194029 0.184429929943858 -0.0502270197386821 -0.0856331865331462
0.150906241740386 0.0988768781275231 -0.159489189914018 -0.140396483906273
0.166611229650662 0.00311659543284104 -0.263463530154698 -0.126410889063944
0.175179070993007 -0.0214715308354645 -0.291636662672603 -0.114024993399558
0.175779536703219 0.0108180474251598 -0.274516274632527 -0.154969695078335
0.176921345141101 0.138774484594533 -0.164309747946529 -0.216060349360116
0.0646470004751966 0.236639764198351 0.00482336093599572 -0.178395892396256
-0.141145775819523 0.216147309436325 0.0235878777289028 0.0448948876330941
-0.308021302332546 -0.0427690446431902 -0.219486487195242 -0.00753219244997841
-0.128273727431208 -0.287136230581352 -0.272755562822408 -0.292785447974742
0.0767752937539228 -0.285739475144299 0.0828795035898816 -0.60339133121523
0.0705806059884304 -0.378619499737688 -0.174480388396095 -0.239292655580467
-0.172586201435896 -0.298382893524912 -0.0971750772273566 -0.123963813465435
-0.308125925801039 -0.0560080283902391 -0.129761314705905 -0.0803956359393572
-0.149975261422198 0.234936164598405 -0.0732601452563158 -0.00741891035030559
0.0619053150964023 0.283446022736753 -0.0477877624646861 -0.0331312575245598
0.209089242253287 0.18870780336767 -0.0989436283435275 -0.096135664493232
0.25970555455593 0.0567297991415472 -0.17990662569149 -0.111038914923049
0.281730818951239 0.0201205086182815 -0.198700177438301 -0.108930889077302
0.284029839244872 0.0677029182461313 -0.175036921086648 -0.133672915091167
0.272459905834408 0.249583871681894 -0.0882966396296674 -0.163522216880065
0.0759427000388179 0.393928064747495 0.0288607196707348 -0.111261542120991
-0.233412184070367 0.346808988147414 0.0145668593159145 0.0999066962263545
-0.495831492739832 -0.0333893657247502 -0.230107655207571 0.031089554573784
-0.277740778965604 -0.4340943098059 -0.258203581799124 -0.256089148105862
0.0397351658975136 -0.498971599463361 0.0800122139970682 -0.486506345819031
0.0440521187507361 -0.493476653055312 -0.212175867431677 -0.092133145022294
-0.25924180965717 -0.356917663181548 -0.0495887547638854 -0.0639832077301081
-0.398815735119148 -0.0450079226483618 -0.115044670438167 -0.0817499283526706
-0.195538503896293 0.300414279055499 -0.0977685954597251 -0.0139074031257541
0.0665196346168561 0.366029457341118 -0.0568024345462095 0.028892877291283
0.25250735862195 0.257809373786413 -0.0312686196258708 -0.0263682978142918
0.321382077650948 0.102173818506503 -0.0715561200555065 -0.0751113511138722
0.344336028069615 0.0604172134902821 -0.0749553827170331 -0.0864979624000162
0.343403586135441 0.114064895527042 -0.0461609442669548 -0.0950924829657315
0.323737872093266 0.324987229833654 0.0123003273526038 -0.0915977596353749
0.076628501710545 0.489932234506552 0.0660997756587045 -0.0238417397037807
-0.28852746470802 0.42302727816089 0.017060841494333 0.156041324660806
-0.600014375354168 -0.0197313934332461 -0.204145065600462 0.0877115063400874
-0.376942885872366 -0.513471007469281 -0.215163267445298 -0.165747023953159
0.00549800512630763 -0.624392073782109 0.0753007032710761 -0.305811561196742
0.000777516539784825 -0.548924324841028 -0.228516149261005 0.10138775888739
-0.33814304269124 -0.372346318216737 0.0348129959308501 0.0298036390117011
-0.459950204208459 -0.0100081046207338 -0.0666483159930058 -0.0806761127083395
-0.212303255653327 0.349309307311379 -0.115357302255785 -0.0232332669118916
0.0726070924303459 0.408829447165516 -0.0638256812643821 0.103194810930628
0.267211708729678 0.290301013384308 0.0461745292285585 0.0626101254444967
0.339487431096216 0.129040492965665 0.0517650487474184 -0.0219568235605727
0.354122564710198 0.0890725601907311 0.0607573770950409 -0.0513103313927652
0.346873557852101 0.14377671456602 0.0898978933791771 -0.0464736450906719
0.317594039815832 0.344632123957298 0.120162194943238 -0.0132067412785323
0.0620670280417037 0.494008183027827 0.109095132781809 0.0663740821839677
-0.285764885579622 0.406662879325148 0.0277510128665727 0.199714949571262
-0.577027760495186 -0.0161223679933308 -0.14660074366042 0.143865223081716
-0.386564724906128 -0.497060601433672 -0.145973399397035 -0.0496036066294134
-0.0204289735460581 -0.628737451175038 0.0686248749146965 -0.0971545751200123
-0.0423854574146461 -0.520105884893109 -0.217748543459875 0.311890907264024
-0.367878613266618 -0.326482426087837 0.139673861916922 0.140111332053767
-0.44642928828597 0.030414548180013 0.00569986194087031 -0.0712974641138283
-0.192314170622808 0.33925729903675 -0.120285867273498 -0.0249642650171951
0.0664129037390282 0.379545788215885 -0.0638113484192881 0.176804757856487
0.242008462830547 0.271947429449343 0.123516179196381 0.155417446597428
0.30538851331435 0.13280564675429 0.172758862769779 0.0388112372895321
0.307536266644992 0.103221676245576 0.187783872634219 -0.00777043470793679
0.29149349932483 0.151790025361002 0.208982559389077 0.00259676391624111
0.250603509955942 0.302119085336901 0.207092839540611 0.0556241401276268
0.0263811906788455 0.399732553283755 0.141961994710861 0.133993582880947
-0.231753137726278 0.294800221755212 0.0367268553566929 0.212277287170926
-0.424866069270492 -0.0256701495169334 -0.0750997368344431 0.176818993286286
-0.303977580712067 -0.387006855845389 -0.0727414929621261 0.0542500947741809
-0.040037110390499 -0.517782955021257 0.0645504108128482 0.0933281818176801
-0.0764016978152493 -0.401681300256628 -0.188212228926904 0.49989516656199
-0.316722404366411 -0.223733628861496 0.23615953551311 0.246410428691058
-0.332735404128824 0.0539339169220341 0.0850363628107628 -0.0527040744473399
-0.134288833588258 0.248670843848513 -0.107224389456501 -0.0257141265581634
0.0416998961082759 0.273598374914854 -0.0594155866343624 0.229444079038145
0.168854111871822 0.205902994421459 0.181977976930484 0.232430911979601
0.218896923068925 0.116860073895372 0.271717557640816 0.0990011407779622
0.213604409834695 0.102759769409799 0.287443778078372 0.0357434644728988
0.193180308982463 0.137180715499786 0.29010324677797 0.0462261454979216
0.141619085129958 0.217372664521352 0.255582472890909 0.101632674647501
-0.0194050128931445 0.242088594301481 0.15137718144756 0.164572101688213
-0.146977973236683 0.131679084989903 0.0383637865356578 0.185480822949431
-0.205705631697533 -0.0330024615981336 -0.010772267977789 0.176910286368548
-0.176158994982416 -0.218900001248088 -0.0137774917273271 0.119477460313625
-0.0565086875902287 -0.328734823806462 0.0636386584303604 0.228800124478996
-0.0898129300930642 -0.20945648279879 -0.147330990106977 0.630883666331651
-0.198291387182795 -0.0812629076314369 0.300526094993365 0.328403254608911
-0.150015741764587 0.06060574085282 0.161029323183273 -0.0321609374771753
-0.0505191779625574 0.104418620813617 -0.0812933245129994 -0.0363968803910767
0.0072969093567026 0.117161555776702 -0.0602682642576704 0.241251553640752
0.0638902529940542 0.104545116200165 0.203719641120537 0.279481660084528
0.0951592121207837 0.0817515791245148 0.329784752469704 0.147101948375991
0.0877548063720942 0.0882091314194259 0.343390457279563 0.0731769095965574
0.0731792041489393 0.102990233645977 0.324029917486746 0.0788932640321429
0.0238563346434636 0.10973244343665 0.26009686344627 0.124799013726873
-0.0577136239992586 0.0737193017218326 0.139563900547425 0.15907799388435
-0.0566941124508438 -0.0175052406238807 0.035825547900603 0.133662120859007
-0.000815667379705988 -0.0255898713679448 0.0380499194755931 0.153732666692111
-0.0564829958916815 -0.0381291857644506 0.0246486589643401 0.146184632260479
-0.0739067398257538 -0.110156898173167 0.06942204687631 0.298874623522044
0.0675214905965921 -0.0528867686245606 -0.0652537213592888 -0.370792200818774
-0.0414534558967003 -0.102621251397184 -0.100277505914049 -0.167153258348388
-0.123039271083843 -0.00989187236468908 -0.0754956462319469 -0.101346440011822
-0.0274638521104938 0.111250710238234 -0.0346602331731174 -0.0531025895531935
0.0612013650257016 0.0740850651588021 -0.063594542255923 -0.127020888263827
0.0770157636206673 0.00070479671064621 -0.199799081868619 -0.159843293630888
0.0521438191955913 -0.0478275425385667 -0.301084812698012 -0.128795870016489
0.0417952894482402 -0.0593318988083032 -0.328824338684275 -0.114870140245458
0.0398546343629727 -0.0447217675056291 -0.315053369333464 -0.167204903660081
0.0567204857088025 0.0133664820530583 -0.193366938611651 -0.247830128171324
0.0417340261849214 0.0524412453528123 0.00569997613296926 -0.219605113010028
-0.0373228990136791 0.0584458835980435 0.0497458917092455 0.00140099098412997
-0.081898462445514 -0.0513714759674552 -0.171954736661784 -0.0191826116040625
0.0411790819719012 -0.102665469408458 -0.23999053104058 -0.279426431987713
0.106386347619306 -0.0264036996448881 0.116783188406372 -0.622805703232532
0.084497611589306 -0.222343010835093 -0.105505680630086 -0.333934566962166
-0.0962177045889551 -0.210650828843548 -0.103648200805931 -0.158331415998003
-0.21420963542789 -0.043669030042883 -0.112387145123603 -0.0845097188675617
-0.0935398286677178 0.169854970666726 -0.049995548878458 -0.0158933917501125
0.0585758167849329 0.181899859826038 -0.0413009338554998 -0.0809527269873953
0.144369363611149 0.100013971032956 -0.147107031576357 -0.141614482614398
0.162608501952339 0.00815669644433858 -0.250803075500394 -0.133740739216111
0.171143058350355 -0.0158992286489667 -0.281829677235943 -0.125064497533594
0.170455483993638 0.0177804330765706 -0.263524563976431 -0.164400234137573
0.169799918222636 0.142295840937436 -0.153259381880114 -0.221264772691118
0.0566898221868369 0.233555359204529 0.0124994919168647 -0.17630069595468
-0.14516362632973 0.206470306805129 0.0277010736167245 0.0452175576175213
-0.301142310909512 -0.052830127766168 -0.210652255777499 -0.0111879392894095
-0.115742146595835 -0.288406857456185 -0.248958989864542 -0.295020109404087
0.0879166046247134 -0.280741100105889 0.110397295581015 -0.587885713031394
0.0861716345560741 -0.37111258597021 -0.156369860833355 -0.24436135820121
-0.157843005035002 -0.299820673756435 -0.0896362471079809 -0.130541778583196
-0.300705452461832 -0.0655627598640576 -0.129031395254202 -0.0796936422921216
-0.154521725067989 0.223335528626712 -0.0732458720638985 -0.0043920457985897
0.0520018998969006 0.278334726273571 -0.0396435359312491 -0.0281168848595138
0.197853736236442 0.190949881109291 -0.0896794955742603 -0.0970228613796156
0.251545072763577 0.0644689589942558 -0.171216205387566 -0.115146891507492
0.274100646602205 0.0306115637129749 -0.19078071061856 -0.116186030393435
0.273875548876883 0.0784490126195611 -0.166600963136689 -0.141065857770338
0.258031987555524 0.254111076860603 -0.0803772373300156 -0.168117423200683
0.0608452830015722 0.387180846091004 0.0339108432683615 -0.108584034951938
-0.240269867248083 0.3290811183311 0.01794767532999 0.0975467609952401
-0.48416517410726 -0.0521971364845575 -0.221104417067744 0.0247999873553592
-0.255667368138733 -0.439499333327773 -0.237653653718717 -0.254564021447765
0.0620812236875591 -0.491953368897923 0.100935662352391 -0.473593662004397
0.0652735271637709 -0.484630799504569 -0.200637088990028 -0.101302223329747
-0.237069347323709 -0.362583191247792 -0.0466827596201051 -0.070253675584499
-0.388540212133028 -0.0597892842654896 -0.114202024613142 -0.080227964296809
-0.202103425453576 0.284577637140844 -0.0982566888567522 -0.0110327916185051
0.0518121890452986 0.359984123100606 -0.0505623247624255 0.0335545127860452
0.235697517075738 0.261399842123663 -0.0248634801301389 -0.0257616154213673
0.310183323098657 0.111213135765382 -0.0667918298808696 -0.0753612767608273
0.333727957687634 0.0721439096600863 -0.0711659139204838 -0.0895049758011566
0.331183256625192 0.127084142114268 -0.0421470855043101 -0.0985298614655048
0.306185354111435 0.331576801732895 0.0155369059431096 -0.0938428001125753
0.058163799649159 0.482554191081389 0.0671999771213914 -0.0219794490856426
-0.299164875700096 0.401345426680175 0.0185394124707651 0.151815524257132
-0.58712040319628 -0.0448000436384889 -0.19695943857147 0.078644737453778
-0.347441860428916 -0.52202344492684 -0.198752062684303 -0.165856130164952
0.0342513967480946 -0.614018130883668 0.0863597291949641 -0.297053839484092
0.0282743694619196 -0.539433019827235 -0.225976502315629 0.0882223771415878
-0.312967428464004 -0.380811565854686 0.0319899994776681 0.0247724431106662
-0.450550909248281 -0.0291724567712198 -0.0662832163183887 -0.0780563013139982
-0.221559576411661 0.332775122440866 -0.116821406954965 -0.0213577289317304
0.0556037548276053 0.403307840699899 -0.0606740641883378 0.105801365255602
0.251360308464034 0.294072190670406 0.0485183518968798 0.063980788765675
0.326882715070318 0.13978202093667 0.0509215086448451 -0.0187793691492981
0.342037861763024 0.100165600377057 0.0603047617335439 -0.0489152547147268
0.333448707905121 0.156162019913849 0.0887178551427886 -0.0458554898941436
0.29799099923978 0.347670055934842 0.116943958460902 -0.0129260662565496
0.0439820286916991 0.486836678422185 0.104946630632294 0.0671119360157832
-0.296985573179993 0.385873053558868 0.0269381649858278 0.193714070660727
-0.563656135319204 -0.0411375463120997 -0.141139334162511 0.133801637421656
-0.356003115954361 -0.506274398991407 -0.136814349942611 -0.0493238448993673
0.0110426649143498 -0.619696474773145 0.0703513335216689 -0.0907828009553144
-0.0164624378512699 -0.511326371903229 -0.226684675421254 0.297582308428274
-0.342024968871468 -0.335802120078792 0.130782964061323 0.139300854488536
-0.43778651526149 0.0101972096731316 0.00456706286661367 -0.0677946491860759
-0.203730459442088 0.323649888747799 -0.122433146278761 -0.0250591384238298
0.0500284360320118 0.373665333961406 -0.064172997810726 0.178555027254784
0.225171758236342 0.276141003106425 0.120039768314176 0.158542769358564
0.29397464620916 0.142586866787953 0.167078997794378 0.0467287467528737
0.296815551700864 0.114084258245418 0.183698943864968 -0.00199587634978566
0.27982594189267 0.161026228723128 0.202836079705608 0.00749259416054783
0.233393663212493 0.306584000920192 0.200193069825442 0.0572118652007911
0.0111167120881479 0.39305742404893 0.134009575388565 0.13403154392305
-0.239042610091784 0.27751872329322 0.0334508733383884 0.205481378449961
-0.413548533238422 -0.0453520177763196 -0.072316284762219 0.167044262831389
-0.279371116540565 -0.394068025152628 -0.0697616100861903 0.0553783813759755
-0.0132226065746319 -0.511425793210606 0.0569360616727467 0.0962305060150831
-0.0523852010630249 -0.39472144661011 -0.206464932240962 0.484406833484731
-0.295506689805025 -0.232772933661592 0.218471529966115 0.248032755299776
-0.326920138383756 0.0379381978808245 0.0824996835425451 -0.0476193970108377
-0.143164757935935 0.236094540191581 -0.111322671780617 -0.0267860971512737
0.0294600556596236 0.26925891486417 -0.0641593394845707 0.228198901648731
0.156315466719959 0.208700906823597 0.173279577593432 0.237016962274693
0.210547960343185 0.123708405013077 0.261247535171758 0.109219281996073
0.205488766265948 0.110638953528965 0.279070748720977 0.045618626242702
0.18438425839923 0.143131203132507 0.280305470629881 0.0545276062067734
0.129985094518423 0.219266543380816 0.244357510697457 0.10371620467319
-0.0288503241731083 0.236531090360782 0.14165228116799 0.16239642872218
-0.150564610045375 0.12021421758119 0.0353252143745753 0.179536760478784
-0.198637599791397 -0.044956550064186 -0.00957536125599039 0.169591089979738
-0.159590004687992 -0.222571971020355 -0.0160386934778542 0.120874147306211
-0.0357655874600786 -0.324262883538161 0.0493018877095941 0.228555583472328
-0.0748489642156812 -0.207272810907824 -0.172932084762676 0.615142725965082
-0.18669033991032 -0.0876236749451327 0.278822157887791 0.332889740427211
-0.147172732772453 0.0515230178853227 0.15621746798335 -0.0276199621208307
-0.0550826605071428 0.0984521540700282 -0.0849645880303517 -0.0377802597439501
0.000761833870049202 0.114885832927231 -0.0686976327813846 0.239198378525084
0.056737736314704 0.106259821049584 0.191233538663324 0.285005727984965
0.0897797153491837 0.0862624749707898 0.315870844794221 0.159614636160313
0.0833408924395571 0.0917105876049285 0.333038010498394 0.0854171163020697
0.0677880796461494 0.104463670662645 0.311451214632982 0.0890706238041604
0.0178942735296381 0.109249916862398 0.246836703774815 0.127236007088736
-0.0620800109443325 0.071278717000825 0.129055459955561 0.155831825684412
-0.0575125569872197 -0.0221676380054298 0.0327655640504121 0.12807165855837
0.00208095242507361 -0.0297424678408561 0.0379845009042297 0.147894089531663
-0.0490356290145748 -0.0387881857750097 0.0193115741508261 0.147601621435972
-0.0629934770868899 -0.109220684930595 0.0509258392694136 0.297158942580357
0.0686215986726371 -0.0531883889284022 -0.0447897099448717 -0.385082647278627
-0.0413295205071161 -0.104643527868334 -0.095303224283454 -0.178803150478443
-0.126565441970766 -0.0113444272669895 -0.0783544979249948 -0.10311968311116
-0.0294725727770358 0.113524527999376 -0.0341441883584222 -0.0508191377877592
0.0614574431737607 0.0771520036617743 -0.0564090065704862 -0.127089956350161
0.0787110381138598 0.00100293829739823 -0.194258581661077 -0.16882904803747
0.0543835271597532 -0.048614327899377 -0.2986171992428 -0.142874069559797
0.043420240976091 -0.0594093445690801 -0.330743215827735 -0.131304063514713
0.0412315187434745 -0.0439889979918777 -0.314596297373556 -0.184970924764867
0.0594441901314171 0.0150912125589545 -0.187276126689823 -0.262356905696503
0.0424440780900811 0.0543737088746823 0.0160170120933154 -0.226062574800118
-0.0386043005411344 0.0597596364674269 0.0561810349724105 0.00279026375905558
-0.083586028723393 -0.0532585358081888 -0.170600447838102 -0.0228852072833568
0.0435295832490658 -0.104348512560101 -0.226488234316075 -0.290056650461115
0.108189214141746 -0.0255577026318161 0.149392217525743 -0.630194953956628
0.0944936571681699 -0.225389608376693 -0.0890661186060499 -0.348580703159731
-0.0910689608303441 -0.217476916492597 -0.0989517121499487 -0.170270105820918
-0.217608573110448 -0.0492227635094295 -0.115440666373537 -0.0864128418147485
-0.0994931484936142 0.169351920889858 -0.0513487799032709 -0.0131328975936812
0.0546318129028053 0.186704554042666 -0.0339463154607294 -0.0782003881222873
0.1439602053755 0.105621741770487 -0.140319030590955 -0.149327523391364
0.164185323961895 0.0132620072619588 -0.248059314553787 -0.145710581849211
0.172847233254984 -0.00974656952066985 -0.282482460770835 -0.139401412059621
0.171390914508725 0.0254689142599271 -0.262443079617233 -0.182161679968325
0.169517448289412 0.150964647543669 -0.147649101223658 -0.235554019658289
0.0504089451724515 0.238252063271827 0.0213643776073265 -0.180633470444864
-0.154530018608998 0.204011807321522 0.0334140860212279 0.0466751697877608
-0.305181298411961 -0.0646220398247998 -0.209714503358717 -0.0163157725109672
-0.107893547060525 -0.300920242759153 -0.235002515106767 -0.305470154473704
0.101603243158221 -0.285541408304457 0.141395586238076 -0.595095251557732
0.103164005106077 -0.376037426582059 -0.143557805297957 -0.259300724312062
-0.147625461278648 -0.312723089724954 -0.0863438734300522 -0.141926107157889
-0.303819084852206 -0.0765876901335559 -0.132306563890959 -0.0819909186256385
-0.163708248619974 0.220544719248681 -0.0763412281484828 -0.00113117583180245
0.0436132428799043 0.284408715677191 -0.0330691541571294 -0.0242766704838541
0.194397340686181 0.200820183831482 -0.0822025349311586 -0.101869098839965
0.253268264350538 0.0750295096633317 -0.167527492678298 -0.124173502905127
0.27606051811286 0.0414399020334428 -0.191061193871897 -0.127892542318713
0.274468292212382 0.0917379323314845 -0.16501702274116 -0.154208325485873
0.253806571859178 0.268035871128393 -0.0751863703828934 -0.178154758450556
0.0498867049960351 0.396847511736391 0.0411746177729805 -0.110326793380732
-0.258244683080327 0.323704263709055 0.021652593293005 0.0985279013276604
-0.490981986155001 -0.0717169680029261 -0.220531866394607 0.0185589662785404
-0.242277376393714 -0.461450279145344 -0.225712338796962 -0.265681985119889
0.0866675042195612 -0.501516971909789 0.125717356764026 -0.47775061236432
0.0908171161731394 -0.493935493424413 -0.196645183698895 -0.113817281633406
-0.225053916230488 -0.380412792814418 -0.0448731143348318 -0.0793718865791098
-0.394007509489359 -0.076355758311093 -0.117544255480936 -0.0824008101632387
-0.218128324063203 0.280457056322482 -0.10240912543176 -0.00806659575566283
0.040224888979446 0.367933036826414 -0.0457538598038351 0.0381202325677369
0.230989954423858 0.274184767948269 -0.0191259141173407 -0.0273234386497995
0.311282738591962 0.125551620233794 -0.064430031765415 -0.0783946767265139
0.336020758893388 0.0861096661203024 -0.0697713844875109 -0.096332291536724
0.331462901682378 0.143589631494537 -0.0399362715138172 -0.105840322658901
0.301115664764147 0.348165739955044 0.0185602528712805 -0.0986907471972004
0.0418799758889592 0.49414491215894 0.0700061047417078 -0.0209182465097008
-0.320571143004431 0.39378327560557 0.0208798980200226 0.153176418273696
-0.597105878598902 -0.072158060139753 -0.196488100396561 0.0730280526296419
-0.332265748526624 -0.548843436761909 -0.190321247597461 -0.172469256925407
0.0655603369978437 -0.629100474354282 0.102791345460236 -0.298490336567793
0.0552070194542584 -0.550047684897556 -0.232725160998486 0.0796367406907515
-0.300756736943686 -0.403251815518635 0.030591626398275 0.0212872617585645
-0.457529977311313 -0.0492568369561185 -0.0682528940353101 -0.0787151334035081
-0.24103615259203 0.327836823223684 -0.122418965023046 -0.0196772659547226
0.0411382000929014 0.411017612762236 -0.0601179953882918 0.111940610687732
0.244230409239762 0.309759536889526 0.0514797350806449 0.0681608572672907
0.327327851937031 0.155338580559918 0.052631305747434 -0.0148739283541302
0.343399417667706 0.116114566587758 0.0622890575817081 -0.0496234461564836
0.333062531947601 0.172723713432407 0.0913919651981052 -0.0464762000355287
0.29052810154896 0.367402113643859 0.118754554270155 -0.0127264530460762
0.0264149038004874 0.496350253508183 0.105235645452538 0.0708925164055053
-0.318299435832832 0.377868654885084 0.0270730832636856 0.195445325186153
-0.573165928860799 -0.0683744481592962 -0.141880666402533 0.12916514333814
-0.342693322549922 -0.532996864812586 -0.13301314439161 -0.0510185568803704
0.041778990815265 -0.634648491260717 0.0753094572966926 -0.0883618122171011
0.00967926268907629 -0.523761575621395 -0.243896881731294 0.293204263613967
-0.329410644307118 -0.359451838413014 0.12556851820885 0.142089711232878
-0.444585580302757 -0.00996247008033615 0.00398064542658485 -0.0666453252822781
-0.222122174562303 0.318708255280794 -0.129422373161212 -0.0250931557241069
0.035254665438654 0.383385926578595 -0.0677023942937402 0.186010492845196
0.21866951234398 0.292308957570114 0.120932038446462 0.167244069744898
0.293661004269156 0.157891866699234 0.167156907616269 0.0568523632529668
0.297323175420421 0.129291510842208 0.186301735569691 0.0042275707477109
0.277955706810257 0.176972356077547 0.204852507096573 0.0131587551230635
0.225941102764146 0.320295767294862 0.199633409988666 0.0613574113186397
-0.00220999264485216 0.400594634714551 0.131278886399867 0.138258317646267
-0.256828995862678 0.270159141120416 0.0323812712876095 0.206494198325234
-0.418723776626394 -0.0655783206234043 -0.0726097993212832 0.164835382350806
-0.267121128482871 -0.415390763599894 -0.0700338682933557 0.0581582741823629
0.0140387656888841 -0.52342861497637 0.0513953432843033 0.102407616549586
-0.0308495956888501 -0.40561206787267 -0.23509471631044 0.48609616514229
-0.285820231661062 -0.250652923185486 0.210709988359775 0.258405449070014
-0.331553237777098 0.0218419300575871 0.0828681874701823 -0.0449609473560238
-0.157247255946119 0.232380646948891 -0.117847419927603 -0.0283093687443139
0.0183307158813743 0.275355751920353 -0.0717795953059008 0.235511935435297
0.150886998549344 0.221098803420849 0.171321371528095 0.249993767264387
0.210075837514932 0.136427544737961 0.260961365691075 0.124551330451888
0.205283574156312 0.122380472979549 0.281418996207463 0.0568382567945992
0.182202260050843 0.15429602454852 0.281452389180328 0.0643214578966088
0.12205729527235 0.22829864301683 0.242537252426706 0.110626003461905
-0.04033615837958 0.240030187469286 0.137065060334594 0.166449331049718
-0.159841862223491 0.113649717651957 0.0326305372304645 0.180277650717399
-0.19872856870565 -0.0576770347505078 -0.00972895290253103 0.16775141691444
-0.149791377565011 -0.233761108248723 -0.0191791091584717 0.126206554785179
-0.0168203751083022 -0.331595589286499 0.0365498593704674 0.237276033565436
-0.0633064394921463 -0.212813502004106 -0.205679835312843 0.622671867073036
-0.180842300560682 -0.0972258530298833 0.268652164488731 0.348357969453295
-0.149354917713883 0.0446033586605389 0.157973300750039 -0.0240858276015114
-0.0624892872297673 0.0961480417872763 -0.0911787885174318 -0.0411721457651439
-0.00512266791659584 0.116873867246903 -0.0798897778702663 0.245867801228076
0.0523515877348687 0.112048027205424 0.186682856282158 0.301149713826719
0.0885786479490035 0.0937330456416308 0.314277562489579 0.17818745336005
0.082387971204179 0.0991374184197571 0.33475841604492 0.0998742622664595
0.0656465997481008 0.110383538337848 0.310590739244776 0.102353404231858
0.0122794278289087 0.112477252730855 0.242849565656743 0.134965421106127
-0.0682369187424988 0.0713765539065695 0.123736238328162 0.157356099015692
-0.0602623691006426 -0.0276772389558083 0.0302607889213643 0.127268855006516
0.00520812591240094 -0.0347488963687499 0.0391718120627188 0.147870778729054
-0.0435507899501206 -0.0415153911412939 0.0148365282216789 0.154463365020735
-0.0539108661237353 -0.111611951157991 0.0344408177576139 0.305705702099884
0.071040938241691 -0.0571900678625066 -0.0359729999629813 -0.409693693461438
-0.0449551549002734 -0.108605199228649 -0.0976861119241376 -0.193942369352756
-0.134479884747069 -0.00982460493712387 -0.0865036942593523 -0.107041750245741
-0.029199761085579 0.120205927588854 -0.0371542902101069 -0.0494008865652124
0.0658667039805901 0.0810464065119835 -0.05370155957273 -0.12980401181282
0.0830980696647302 6.67382612135232E-06 -0.198052138627467 -0.17913731007438
0.0574917735732873 -0.0524193929675793 -0.309524387475728 -0.15463919494998
0.0454075089372885 -0.063061021620463 -0.345958869748994 -0.14437819709847
0.0426223922634665 -0.0454916866767404 -0.329627191071496 -0.202099602490456
0.0645117423382097 0.0148683731854721 -0.195519928423016 -0.281710182163493
0.0466921760191365 0.0559121654548023 0.0216431995588464 -0.24061138335888
-0.0389178414174277 0.0636260178001965 0.0650816148121471 0.0026130969714436
-0.0888755975537706 -0.0543376670294683 -0.175473185368936 -0.0222794061961559
0.0437886359777351 -0.110169253292189 -0.227290540646238 -0.306110080497988
0.112524137710294 -0.0268459698134622 0.171309325266511 -0.660485764199117
0.102893712068729 -0.238248687118526 -0.0825496452561053 -0.37263346943953
-0.0947972831183343 -0.229752351020756 -0.101046596892223 -0.18611991661291
-0.229585189237893 -0.0522986148860723 -0.125078212714702 -0.0892824554380668
-0.104184446862463 0.176506646817336 -0.0548382976560879 -0.00857061016070786
0.0571330580210551 0.196291809325999 -0.028951735366615 -0.0782804650946504
0.149826357725191 0.11104910932464 -0.141150448350687 -0.1579760871799
0.17221894075317 0.0150027026955961 -0.256518639748517 -0.158040193079077
0.180447967649954 -0.00818213560933836 -0.295179055127686 -0.153194061105374
0.17900383633649 0.0301765469338133 -0.273639255400194 -0.198527127225792
0.177972688615584 0.160644244666778 -0.153240479740375 -0.254070731256974
0.0520016128415102 0.251014187209676 0.0274147948549681 -0.191528652021941
-0.164493258650182 0.212481399438653 0.0418085534686073 0.0479395651049572
-0.321370789569076 -0.071618846159887 -0.215940706852272 -0.0174339134771628
-0.111291629184259 -0.319948857094076 -0.236977098647378 -0.323152592079059
0.112401977314279 -0.302429299760476 0.163527819440447 -0.62451205537725
0.116213467603501 -0.397666364174338 -0.142183490325212 -0.279146668723834
-0.151302727965464 -0.332476690993452 -0.0879870369365037 -0.157224543576892
-0.319395568166874 -0.0839341239721474 -0.142666619920289 -0.0839534712328553
-0.174859619462756 0.229089968521484 -0.0816567205688961 0.00407861926444392
0.0439513254015423 0.300015113959348 -0.0270605596916006 -0.0217235117294652
0.202278470268719 0.213119716208038 -0.0805121556179379 -0.108570591585574
0.265267460245289 0.0817145569552968 -0.173415474594528 -0.132900921442429
0.288338075223942 0.047655591211955 -0.200244153789326 -0.139937555335856
0.286729371814774 0.102104821124505 -0.172607938897864 -0.168078564793443
0.266458746413481 0.287910280824341 -0.0773911913018837 -0.192528427268292
0.0469905770932611 0.4158768945459 0.0464050251836808 -0.117123236100266
-0.275469805950424 0.336740224670292 0.0298477924584685 0.102259145055618
-0.517468434426923 -0.0854549061869653 -0.227299132843188 0.0180792636410889
-0.250005084183023 -0.493218755813473 -0.227587713495336 -0.278318347495719
0.101633008337126 -0.53113713501394 0.142271091068889 -0.502489787758703
0.105261135012818 -0.520613003739597 -0.201308412196714 -0.125357746367776
-0.230229095570373 -0.407158950458551 -0.0465043007587889 -0.0904138908239508
-0.413477247310058 -0.0886569771272263 -0.126867099752913 -0.0841353014403626
-0.23255648242026 0.290477776100537 -0.110403001226541 -0.00273008633003632
0.0368150565331543 0.387803024874076 -0.0409017631512881 0.0449845400273373
0.240549180477879 0.291935205523238 -0.0145547676832458 -0.0291222438644884
0.325806242432062 0.136218545565332 -0.0658973461434028 -0.0825422543675039
0.350860865802753 0.0956969270585031 -0.0727850381472546 -0.104325615204369
0.346526353059184 0.15828114136641 -0.0423357219940843 -0.115691374476027
0.312369158206577 0.370446512635247 0.0204063429746643 -0.108108617428607
0.0387240459599634 0.520481529670293 0.0756783773475778 -0.0227008392872796
-0.343275520075777 0.407480851735891 0.0282277306379415 0.157898350330772
-0.626732159306855 -0.0869085364597107 -0.201380551880531 0.0737526531237888
-0.342181525770542 -0.587959925186351 -0.191975103249293 -0.180559385511766
0.0846939546724059 -0.664551840037802 0.111762705975491 -0.31254544885019
0.0709412929363775 -0.581318106470394 -0.244523677432844 0.0790047962479247
-0.306614675227189 -0.431842101621119 0.0306473618926327 0.0163555385871717
-0.480038469748794 -0.0607777412685555 -0.0747634633275531 -0.08011999081858
-0.26014693361668 0.33836217847038 -0.131985524677016 -0.0158216602337106
0.0376337892908835 0.433042140255931 -0.0576785008845719 0.122979244718028
0.252767622522034 0.33197830851131 0.0588940946959245 0.0725018762483376
0.342988297562683 0.169464966774957 0.0558517083502002 -0.012734405760138
0.358741574274746 0.128263191334742 0.0650251638193201 -0.0522601489100101
0.347540839814557 0.189548849603099 0.095461337255134 -0.0511445916936313
0.302669625522555 0.389752157900099 0.124383931220992 -0.016189830432665
0.0224711611932014 0.524565298352526 0.110284743220023 0.0743791811338443
-0.341327796935197 0.390473994735941 0.0321579864768352 0.201572933918124
-0.602404785583406 -0.0841961542015447 -0.143685134855163 0.131979236756215
-0.351075368269798 -0.568569043960928 -0.133529786114797 -0.0518336505547448
0.0584416469580444 -0.671074980239696 0.0793129774780709 -0.0911426841494507
0.024487209174562 -0.552494363797243 -0.261769010256537 0.305800446239041
-0.33640742875631 -0.386452667312678 0.127874971864642 0.146671848727948
-0.466495909577744 -0.0198114791375027 0.00198163503937383 -0.0680769476006945
-0.240812879203957 0.329689431435462 -0.140585809330424 -0.0228929594396517
0.031037756007463 0.403387273972795 -0.0687946432039107 0.200404701665061
0.226665402976272 0.311715035340842 0.13067483850741 0.178765647776725
0.307684844789688 0.172541270796435 0.175369704812219 0.0649030055533859
0.31085195868514 0.141199996753885 0.194939909510799 0.00613572512010573
0.290403829230376 0.192484348057846 0.213792251794865 0.0140486606423571
0.232937476725819 0.341061438741685 0.207164212239828 0.0627363822262858
-0.00918849749009822 0.421519947009369 0.136084411528336 0.144653762720793
-0.275436212227649 0.277405091087464 0.036717765095985 0.212688184110565
-0.438438642738785 -0.0802962470214188 -0.0715898278186136 0.168867365691479
-0.272912690047943 -0.442303361041407 -0.0704505443303453 0.0640645330202999
0.029550224990693 -0.553985187847266 0.0499790720386455 0.11000680124972
-0.0213808748035198 -0.428024422387016 -0.25740528081618 0.510384674838203
-0.290705459253302 -0.270252839013014 0.215718621438685 0.272276615715455
-0.34722357816303 0.0152176701154782 0.0853002561399319 -0.046771298348357
-0.171146610549506 0.239764393824122 -0.130272408335102 -0.0281669650674777
0.0135143345894175 0.289822825813787 -0.0768757364356399 0.253187264273455
0.154129116754688 0.237184714825023 0.181372019735856 0.268032481755035
0.219623516723391 0.149148472675681 0.272017365198094 0.138537113006532
0.21466715289799 0.133896528984164 0.294557103658854 0.0633473321527866
0.190142128556654 0.16659641176291 0.293849620011261 0.0697019673048519
0.124600381811476 0.242781742529238 0.25081122239914 0.115605195350226
-0.0464074249570168 0.253241701113665 0.140054288031252 0.173096321562771
-0.172701297095817 0.114426831834445 0.035016872995343 0.185098671206105
-0.206737555244401 -0.0687554618207262 -0.00551977236864334 0.172464360350769
-0.150378341189993 -0.249514495620564 -0.0194607095440235 0.136400843230634
-0.00687192837224538 -0.349256632388009 0.031339071872232 0.252533047694575
-0.0587211119904221 -0.224805101395773 -0.229548813472428 0.656388348885526
-0.183883846144319 -0.105710730844632 0.273568194913144 0.368887727363991
-0.155409529665405 0.041000634862764 0.163773251153464 -0.0247773596267526
-0.0693036344815164 0.0985419364407629 -0.101807980935891 -0.0435154649567548
-0.00859411847297361 0.122952982676077 -0.0883459571747994 0.262565344088072
0.0526206509529874 0.121273713914857 0.196479023309461 0.322367742142418
0.0922279054911712 0.102035582854655 0.327947981927062 0.195283535110201
0.0872500719238623 0.10786970124399 0.35013634327608 0.109879617439411
0.0680587421598707 0.118235751866386 0.324225693228216 0.11161805121886
0.00937278163550358 0.120114188122283 0.250054187578496 0.141002841960801
-0.0749857423019109 0.0750748632366534 0.12554319705963 0.162126490254411
-0.0657335966082034 -0.032377500069638 0.0317631081345275 0.130434882910022
0.0079099933183742 -0.0411366328304472 0.045683624847782 0.151861165809522
-0.0397966111390408 -0.0442719305375126 0.0141726234677605 0.165954152203038
-0.0496119065605492 -0.117145621978211 0.0260198306386686 0.324235186718155
0.0682182253292443 -0.0716360432462352 -0.101679046623762 -0.427351683745231
-0.0634145222752071 -0.106116162173353 -0.130024195858739 -0.192542953326725
-0.143348280891659 0.0136237784950721 -0.105901544578557 -0.0996521826738166
-0.0111736571040846 0.130339776646408 -0.0471663170652874 -0.0459542440046542
0.0841836119731893 0.0740441599011458 -0.0771451342294898 -0.127582921842156
0.0882769594631262 -0.0140956521365536 -0.238027961411349 -0.156412840188767
0.0535027977586248 -0.0656035696304648 -0.354534460522361 -0.113662748931586
0.0386834534118802 -0.075193595860869 -0.383663944479244 -0.10140777204115
0.0379557182992262 -0.0561686885385193 -0.379149263210123 -0.166525001898428
0.0734373985999107 0.00379962592724775 -0.248789689439945 -0.270586362623289
0.0612891674416077 0.0506563874722452 -0.0116494329887447 -0.26239749495827
-0.0300471539578821 0.0720280407124239 0.0766337829657217 -0.00990540221842441
-0.10119680806235 -0.0398596254737616 -0.183051972971992 0.00743025866680497
0.0270883933060517 -0.117734875906178 -0.279589538991948 -0.286614946784342
0.106461200569761 -0.0439241101148657 0.0923801235335236 -0.72403748520184
0.0731505189766634 -0.272046298803196 -0.135629969757389 -0.366232596558844
-0.131458671410454 -0.229331595894975 -0.128064559704379 -0.180170117840464
-0.248861460664778 -0.0186973761536902 -0.137241282278901 -0.0742343880298269
-0.0829946475790309 0.19893027602297 -0.0549494785321077 -0.00297172575766557
0.0894721980320308 0.195513879755672 -0.0415668050142958 -0.0839403123365658
0.174240631438596 0.0933933046589343 -0.178411797740218 -0.149986837389057
0.182786796534644 -0.00979350207308042 -0.301853868596025 -0.129701494870982
0.188182790799346 -0.0363350207187486 -0.33373361969675 -0.118811992609585
0.191696955808205 0.00398449843997329 -0.32093904696243 -0.172379377076936
0.212017922157817 0.139448771562746 -0.197872264581035 -0.249659770365499
0.0944649913490314 0.252154411577938 0.00329487886825324 -0.213319856861923
-0.142344020624791 0.242836228711304 0.0630811710423271 0.039785621226457
-0.345191589324637 -0.02459383385515 -0.222362480947304 0.0227615155530284
-0.161742870318336 -0.315151280692705 -0.296169423585169 -0.298242127537981
0.069347623204774 -0.329587908577943 0.0866433950145441 -0.685453916439657
0.0623213486321086 -0.446958759478996 -0.174456141545906 -0.244539898311357
-0.204988439441435 -0.332077571441736 -0.105619840516272 -0.149354149937348
-0.348368401610095 -0.0414260119858254 -0.14804973772775 -0.0661739397048456
-0.15168756228764 0.26124526396566 -0.07694050204208 0.0137922017801067
0.0881582514928806 0.306365049519337 -0.0288099686990977 -0.029971279024113
0.243969937083926 0.194714601589555 -0.108620134645239 -0.112475722149219
0.290543635905877 0.0488200700587929 -0.211539861620898 -0.119283583419516
0.309047136620999 0.0081790488897554 -0.232534286130253 -0.118291378354167
0.315671920594577 0.0643012461345665 -0.209551082877141 -0.156403543518506
0.320940728847947 0.26055143299335 -0.108657670354817 -0.197854754093148
0.113177894342536 0.426331269818036 0.0353738647403018 -0.138537959365226
-0.241164580765869 0.385278445952841 0.0624001884087518 0.0972186163891509
-0.549794450528404 -0.0104083553149141 -0.225985122217619 0.0637595732192016
-0.328763626386718 -0.474794508426062 -0.284921317716598 -0.250532563404531
0.0284263004234245 -0.568064301150738 0.0812767363531002 -0.554704193733537
0.0304348569998054 -0.57830318506875 -0.204836868672152 -0.0632710700803188
-0.29881399003125 -0.401874320786515 -0.0475133931731001 -0.0838738309034298
-0.44891534617725 -0.0328632198615653 -0.125956125062645 -0.0718572457822095
-0.205395850760427 0.334114163345453 -0.10607551550373 0.00763740534620951
0.091488421053966 0.399186586179686 -0.0322861427339463 0.038014258048679
0.294323065540765 0.274014236503939 -0.0277142307963885 -0.0427953390388815
0.361972338716449 0.0997817639478137 -0.0892883962459424 -0.0856785428863565
0.381680494619416 0.0514268131768081 -0.0952425552933205 -0.100334603833871
0.386102817297904 0.115476484070524 -0.0640435402598866 -0.121347544541229
0.381107543067226 0.34033563206183 0.00679392551396063 -0.124306467138647
0.116935676256255 0.535016458940926 0.0806593097666895 -0.0442645606119709
-0.303504320985095 0.469073915612714 0.0702011958298838 0.154954529029879
-0.664630694229424 0.00316221859023044 -0.189244320243255 0.118726473685952
-0.436840634493671 -0.560241231536608 -0.235232788161438 -0.148493577475405
-0.00793232661777737 -0.703392653688472 0.0750992084551546 -0.34885731111077
-0.0164814478093821 -0.63781967681451 -0.212433704982708 0.165153722590208
-0.383692279856928 -0.419238441571358 0.0546024604773298 0.0171677101247655
-0.516160284012522 0.00263970519521349 -0.0672063712868937 -0.0796109342338295
-0.228385648538143 0.387585845502741 -0.131392273244395 -0.00387195486517043
0.0942744791091031 0.447715466413479 -0.0367833554010474 0.121214154654033
0.312808611039152 0.312913548353547 0.0651901803232952 0.051639913098159
0.384919854511496 0.132326819230215 0.0519410192400141 -0.0311856343707563
0.394244118656495 0.08705123874189 0.0566264795531601 -0.065930550518163
0.391457298141787 0.147979214240627 0.0900235936976869 -0.0725549596909826
0.370124162208777 0.361919705014722 0.129302592893333 -0.0434937922614526
0.0996872341947736 0.541362906628234 0.12987627329704 0.051872842739133
-0.306119980594118 0.450384292922271 0.080605109497381 0.199670655927286
-0.638502445304553 0.0015907140339173 -0.119618684560302 0.168668243028606
-0.443033923655715 -0.543178420101857 -0.155221963253665 -0.0214380151341957
-0.0329172030159358 -0.705924830774298 0.0693678128041411 -0.109490514874956
-0.0611597798126863 -0.601985376064398 -0.195442596315356 0.406199411406492
-0.409271434247231 -0.367430603330993 0.178027996167562 0.138720519420402
-0.495313011010121 0.0424792813320167 0.0144432698107699 -0.0822404091956911
-0.210285247145121 0.373917291435933 -0.14465809887587 -0.0097169349429479
0.0827625078097522 0.415924227444878 -0.0371551345255099 0.206295000728569
0.281764481051914 0.298052037955273 0.158313411466092 0.154645808629278
0.347124132680531 0.142127296065745 0.193551543420599 0.0335973110072958
0.346399406077078 0.107513373527746 0.201309151781616 -0.0232786907905163
0.332259552769512 0.160305228806392 0.225467738932738 -0.020946873458855
0.291448844498466 0.3217402078865 0.227750778431731 0.0282439126485815
0.0516852277189143 0.440617754141966 0.166691722965332 0.123982029376577
-0.252562235029526 0.321938369328353 0.0822046134800465 0.212477597027535
-0.467669250993816 -0.0210523600302161 -0.0394991538870627 0.191688500814467
-0.343354621494094 -0.423082716553906 -0.0690279200150649 0.0885971112765483
-0.0448989827992669 -0.579081751641234 0.0657209562067774 0.108596996951
-0.0897429730458677 -0.461199597665145 -0.163166566061846 0.614780377435855
-0.344618732450714 -0.249825118142584 0.285868056646583 0.25579630327018
-0.364299672665711 0.062507884296192 0.0990309233438363 -0.073506557685468
-0.149753798080221 0.271231713979599 -0.139145815274372 -0.0144766375525931
0.0484065270798076 0.299606658947002 -0.0372456632018078 0.268952631122304
0.192990243434942 0.229497635595892 0.230227680510367 0.244616239702423
0.2508254093894 0.129150680809068 0.310885776419047 0.0984693155530311
0.24469621835237 0.11415467978447 0.314967983471125 0.0218406688057197
0.223419345403719 0.149620168391441 0.318147251753527 0.0278786863161463
0.162374300262879 0.236524623130531 0.279026690560127 0.0788410099689722
-0.0144441975364796 0.271704034112283 0.172675696878624 0.154125917591396
-0.167884034505766 0.137948421875491 0.0709652529062164 0.185102098845461
-0.224588411912571 -0.0450476627732165 0.0276288585927724 0.180497416478953
-0.186805088416542 -0.239694424541417 -0.00231595101432029 0.152630161846857
-0.0513062856451853 -0.362917188337309 0.0643918110872373 0.263705667238437
-0.0994119566906672 -0.237100711425137 -0.123854734075204 0.748628890626496
-0.208804018543188 -0.089162753844694 0.353173141250935 0.34683985458329
-0.1577612731739 0.0637912743354958 0.17335441584166 -0.0609128932046572
-0.0609128094280245 0.110220470183877 -0.11658075006946 -0.0304025993780738
0.00232879319870145 0.128560835201187 -0.0486721415936474 0.289257876969078
0.0693218238713113 0.122352786688288 0.258145747918546 0.305923573518142
0.111473678450609 0.0982735104280622 0.383224931519467 0.152272418255081
0.107000246662769 0.104821117392604 0.381589340665929 0.0630403298291376
0.0883116204096495 0.117419380670318 0.357034946214673 0.0690891292214613
0.0242726091641773 0.126636993478849 0.280939727431401 0.107997923524158
-0.0706501158477049 0.0919753189198911 0.153684280945018 0.146552865292052
-0.0770499950891024 -0.0274187915825017 0.0552571191558746 0.129364692150854
0.00244932503993411 -0.049730574939168 0.0750601127783593 0.147122623989312
-0.0427302696388459 -0.0420495314943678 0.0402858135486829 0.175326771328156
-0.0611083818310382 -0.114309590693235 0.0680934928775161 0.341063178843236
0.0613316070752927 -0.0799968805961932 -0.132129827216963 -0.434642689767779
-0.0746737043282342 -0.100224291171358 -0.150322567857279 -0.193303424039186
-0.145151401647811 0.0290792439787131 -0.120759866590658 -0.0897915380249641
0.00199160289513287 0.133934034612041 -0.0518676181829165 -0.0378062412568722
0.0944536812522876 0.0672105120598549 -0.0840643707526978 -0.121724756193147
0.0874063024908153 -0.0228913038940438 -0.252065217619181 -0.141698148778476
0.0470551698170161 -0.0725385946380484 -0.369687837409545 -0.0913492854050324
0.0321858215685155 -0.0805465058863898 -0.400551965106034 -0.0773134507819414
0.0338681953793528 -0.0591147831133017 -0.402604402456763 -0.143414908348889
0.0766862215792415 -0.00406455945235105 -0.276209761070535 -0.261084964658656
0.0680116663473857 0.0446571497121647 -0.0307583249156021 -0.271756687014286
-0.02279846394497 0.0763396235540512 0.0834369108373432 -0.0198535737466213
-0.107597985920382 -0.0290067074056795 -0.180942344108769 0.0232541310335225
0.0149855309331919 -0.1210257262695 -0.298875471202664 -0.270372048024452
0.103156715448072 -0.0543398666255601 0.0447523063552738 -0.749186080416856
0.0527214765411736 -0.285666619747968 -0.161774724985267 -0.369975930803753
-0.153415989830261 -0.222849778727064 -0.146261135003779 -0.181399963983983
-0.255660499471149 0.00259103414163628 -0.148938884120623 -0.0597157661456119
-0.0673351997271589 0.208327674763694 -0.0553688762749179 0.00742932885388952
0.108632030515315 0.191983164271359 -0.0422734499461923 -0.0808722359171692
0.185210619581266 0.0810013416731518 -0.190100971315709 -0.140681669885021
0.18425760967487 -0.0252417323105573 -0.316779991372604 -0.11051544477796
0.187886159102752 -0.0509642586605395 -0.350817261988359 -0.0988673355466956
0.196301633080888 -0.00863983398785649 -0.343009150637234 -0.15502019405522
0.228817889468832 0.124832777178766 -0.222748327148871 -0.24398058579892
0.116882218328876 0.249301079408346 -0.00991234437150143 -0.222300775898498
-0.126028402586871 0.257052070151587 0.0742619983569443 0.0316416210168049
-0.355279069198511 0.00315198886989802 -0.220632797160306 0.0414445704600943
-0.19137920470506 -0.309201521292656 -0.316250321453674 -0.280812442149202
0.0466611648079564 -0.345430858171852 0.0427109546033185 -0.712458346312094
0.0298081472707599 -0.464128291499309 -0.192592396642871 -0.242813030848968
-0.235237718586608 -0.323818538713863 -0.121768472653868 -0.152124703058598
-0.358750793297182 -0.0142579209951321 -0.160005261402352 -0.0513565753265576
-0.134405236420287 0.277509854152801 -0.075982322721594 0.0266411831267556
0.114346984222999 0.305636020545114 -0.0238969910816967 -0.0269190966913888
0.264470468825325 0.180117409627692 -0.115565132023955 -0.109036302161269
0.299164873292799 0.0268934210992289 -0.222990164975287 -0.106938726435082
0.314686545340566 -0.0139357279839528 -0.247630928950936 -0.106015520602154
0.327167283576456 0.0434100342412676 -0.228350590972254 -0.147975556708721
0.348132728374494 0.23967368820568 -0.128006567025046 -0.198297872403487
0.14881315661353 0.425669181606469 0.0281246393564312 -0.147091397923778
-0.219883568513934 0.409923718364092 0.0779947733228373 0.0889715245440943
-0.562800206484815 0.0308593669498795 -0.220523689113851 0.081582012435177
-0.372039278180958 -0.461362922621164 -0.301893465602163 -0.233144623475353
-0.0105754812601911 -0.585681029719744 0.0435613740899454 -0.57447684765739
-0.0112715517910036 -0.597140830451424 -0.211150136472695 -0.0533069062296012
-0.335423580402446 -0.3908005206815 -0.0575365238316877 -0.0895433900633994
-0.46125344765863 -0.000616120040333151 -0.136864619912137 -0.0583093072081168
-0.186557196858408 0.353993472945253 -0.106836487361266 0.0240614936948569
0.124616522697248 0.401058673297574 -0.0205277047442755 0.0433828817636576
0.322549049716183 0.258534895779325 -0.02658634405121 -0.044389518552686
0.376795208065501 0.0737239194047312 -0.0954037774638962 -0.0802761366863291
0.392958223772316 0.0248392881807739 -0.106134922606166 -0.0970408907737046
0.403394899205124 0.0900695229970618 -0.076889973247647 -0.122413448301796
0.416176215796007 0.319653295335944 -0.00401832649273379 -0.131763825785188
0.162939309217421 0.537662856665371 0.0805455802130956 -0.0536424383425243
-0.27745730754315 0.499930776440097 0.0903774805592544 0.146042699782906
-0.679544436430967 0.0514012829231517 -0.17760533439656 0.133292125870896
-0.488519693866089 -0.542360977742339 -0.244669804252027 -0.132849470478656
-0.0556252361179409 -0.723683438196082 0.0501091058514521 -0.362732136273429
-0.0613897922444178 -0.654807672671593 -0.202839116002056 0.182263857582967
-0.421572537412732 -0.403938957959283 0.0530653320282251 0.00693326198873187
-0.526493250369478 0.0389834077244007 -0.0771495474234201 -0.0720776562107236
-0.20645794421231 0.412084786899657 -0.135467570422446 0.0131748441143868
0.131564890310019 0.451447910622061 -0.0197063087917991 0.129027405313345
0.345964587182999 0.298069317881826 0.0765276109824764 0.0447291723100482
0.403784242000806 0.107550637134689 0.0537664009584777 -0.0345242267212571
0.410338993077576 0.0586991974605621 0.0517682088126965 -0.073385575323084
0.412623558699901 0.12437065367808 0.0845964883117692 -0.084313269880543
0.407895082207087 0.342408860800323 0.12667568526406 -0.0581083258880908
0.144077593816143 0.546091322665137 0.13723747658393 0.0414312002554903
-0.281850539499884 0.480951185586066 0.102464266001587 0.190876105380739
-0.654174274768689 0.0460615755350908 -0.102704765290659 0.176613249010502
-0.493621114041022 -0.523079116209729 -0.153112630828634 -0.00823303807139393
-0.0795498589941572 -0.724821652148503 0.0611251737102374 -0.116972621657494
-0.103430883302383 -0.612771589115489 -0.168419086642867 0.429732987800943
-0.44205509409225 -0.350764533660545 0.188977008575509 0.12377587541446
-0.502472460398145 0.0763201175766274 0.00568542433864445 -0.0826726739442104
-0.190150122291546 0.396714387526432 -0.151038674192094 0.00775680057673328
0.115301686357922 0.42055034749044 -0.0152261792992156 0.21742259689764
0.311635618618072 0.28573322130374 0.179998438436381 0.143666013104254
0.36727308146718 0.119145609489847 0.203327708963085 0.0216462036060661
0.363606688283445 0.085587948211252 0.202723191817121 -0.0399656957403566
0.352666018320675 0.141189939513797 0.226591450642361 -0.0401486249682515
0.322356494697517 0.308685083966622 0.231553753697056 0.00695983579129545
0.0861735368880856 0.447714724903869 0.178534481211797 0.110951524870229
-0.237874234902399 0.345913080270114 0.103601039017822 0.204374134323184
-0.480654885905311 0.00892128328901035 -0.0196976387892676 0.191888015461461
-0.381006480130877 -0.408705497896253 -0.059187921450165 0.0971142649496352
-0.0837519312198995 -0.592567783014999 0.0730849743478368 0.108125968410357
-0.12214162163401 -0.465732430928681 -0.120213891198459 0.643147010525857
-0.366750528545754 -0.234518102729995 0.307968462148179 0.23741626644332
-0.365424412972994 0.085573432971025 0.0923683965354802 -0.0817310809440031
-0.137134608646069 0.286529423825528 -0.147122892776016 0.00113402947587107
0.070024499309855 0.304019526736189 -0.013197634703994 0.281906516410894
0.216357132976571 0.223605255416614 0.260191843742446 0.231837845784278
0.26797071910778 0.115553252316202 0.328401262909373 0.0793622175978543
0.260274782111883 0.0997883667974044 0.322214444902548 -0.000547725005285125
0.240577963908952 0.137546565451478 0.32509819286012 0.00322693139503262
0.183231413121117 0.23136776395188 0.286626916523475 0.0558758367430695
0.00665626984311521 0.280264883481363 0.18570999142947 0.141251307287491
-0.165133520605299 0.152736050997747 0.0888809589428796 0.177491670183997
-0.232342965680677 -0.0343843439464294 0.047247524273859 0.175310399959911
-0.205405799589521 -0.232868680086603 0.0127202276091289 0.158402100036954
-0.0731415493172723 -0.368814213122887 0.0819699089753192 0.266762482612473
-0.114480377677316 -0.23576168249185 -0.0733645581459906 0.780946142106783
-0.215312166189155 -0.0794984941283693 0.384592263803932 0.32747822826434
-0.154701266573406 0.0726221524793545 0.169026187261924 -0.0765033170427155
-0.0576990675297178 0.116428333141675 -0.127932932379572 -0.0191097716097691
0.00992462524728184 0.132010106832324 -0.0266556047524081 0.303724915962524
0.0808947073863239 0.122772357561671 0.292688852097438 0.294429914335282
0.123221323502443 0.0944354238152245 0.404486561169211 0.130722595912637
0.119411568836263 0.100778206474889 0.393040209449531 0.037511408580814
0.099862977251448 0.114769306247797 0.367605032759055 0.0438166291049524
0.0329497946719803 0.130176699034234 0.289457445066159 0.0861325323198437
-0.0662056865732006 0.102013697998527 0.164063563485915 0.133899212354314
-0.0849234482602948 -0.0226608896858482 0.0671470906573272 0.122944038994295
-0.00142559951356241 -0.0566286706697742 0.0922431964274513 0.137910949015894
-0.042070564073194 -0.041849226384575 0.0569539957157083 0.178202892131215
-0.0650735179506318 -0.112899541260282 0.0905705725691285 0.346579452066604
0.0515543106712285 -0.0822883354506106 -0.155378944922771 -0.419617254326991
-0.0812862291341032 -0.0894089994562272 -0.16293519726784 -0.183441077277543
-0.138692741498086 0.0426654786697615 -0.127357212730877 -0.0736546461847201
0.0141617685598803 0.129393056807197 -0.0523998277874897 -0.027283731317038
0.0985023627084043 0.0573362007529592 -0.0848959048167825 -0.110462643845061
0.0821910363147775 -0.0297194006636433 -0.252141736186743 -0.119957925820034
0.038787917815555 -0.0752203818586175 -0.363661191531131 -0.0650955810908886
0.0242498138812455 -0.0802026532868533 -0.396032479729799 -0.0505604009431423
0.0289018807351487 -0.0597117166931124 -0.403732575471984 -0.114245833129305
0.0753149443658482 -0.0116293667175236 -0.288884819011915 -0.237662808219201
0.0704732666895585 0.0365613705034611 -0.0483508111540382 -0.266210050758596
-0.0156753542561168 0.0750665517675505 0.0844916446984814 -0.0292257438739001
-0.1063251416085 -0.0172268626835671 -0.168846860413999 0.0355683122341431
0.00331665631510266 -0.117282244928713 -0.301086235537381 -0.241887126583425
0.0939460606448915 -0.0609470773795011 -0.00367209619477304 -0.735218434539874
0.0303320895710231 -0.282148115842457 -0.179361477673747 -0.354874483336642
-0.165621721165496 -0.204493676200748 -0.157892179944078 -0.172891779716289
-0.247601590610032 0.0227509207361658 -0.15167387720447 -0.043389564320117
-0.04902701388363 0.205682628578957 -0.0517951423907542 0.0162606579760858
0.120406121396955 0.177922590244893 -0.0409066965425326 -0.0746023102867152
0.184492118955938 0.0646349349588109 -0.19199349553352 -0.125170908266286
0.175694591189442 -0.03818064150613 -0.314382886557233 -0.0884497206245693
0.177940718893806 -0.0616770432709351 -0.349603267385904 -0.075117379418894
0.190315120042621 -0.0211152661501866 -0.346946732267159 -0.129644161442588
0.231988767784458 0.104523393946436 -0.234647683707579 -0.2256608432946
0.131599093964293 0.232353980733497 -0.0238005375135843 -0.219075247965973
-0.105332419238417 0.257907662002589 0.0799349790402455 0.0203936925124654
-0.344211304266551 0.0280393482374899 -0.20564493617993 0.0552146522471841
-0.207845707349121 -0.287026502837604 -0.319252107338802 -0.251854242483939
0.0214984085828634 -0.342474865346557 -0.00562564144019746 -0.696825924830212
-0.00285976847461292 -0.455261870197064 -0.201158876592741 -0.229166443089286
-0.25213869474366 -0.299523786276914 -0.132345046886194 -0.146782485855695
-0.349035463402458 0.0111247624950731 -0.160471609718504 -0.0331822628029454
-0.111536339184291 0.277522296042827 -0.0701516585729597 0.0375325606127014
0.134820330657649 0.288705280539691 -0.0172576021973862 -0.0242257650430827
0.270014171429801 0.156651497050098 -0.116435328907476 -0.10027847886605
0.291506234946045 0.0047830969222091 -0.222613493750235 -0.090934928237779
0.30449380308069 -0.0340982099896567 -0.249972614799975 -0.0891598988443478
0.322800188202435 0.0221077535901821 -0.235103350401677 -0.131981219316168
0.356923016100483 0.209472820600348 -0.139924710048929 -0.187985740949598
0.174781582087401 0.403395750059651 0.0193170850661444 -0.148152529371221
-0.188837795918502 0.411088345000095 0.0879242654128961 0.0754681215698552
-0.54458995993013 0.0663537003199534 -0.203306845774764 0.0932652057135892
-0.3938758171616 -0.424216522213781 -0.301165822372838 -0.205984834285722
-0.0471019646619545 -0.573471282494622 0.00451073660907186 -0.564793787361238
-0.0506997951501312 -0.581805024467736 -0.206260255597071 -0.0426641793461095
-0.352491032091224 -0.35984267518824 -0.0665781502581768 -0.0903694444022938
-0.449415333417773 0.0298063428909417 -0.138558406927189 -0.0417060070103191
-0.157340389661239 0.355719937118851 -0.0997345350717266 0.0366254855905577
0.150576479263226 0.382129955693173 -0.00896392328965634 0.0432834093786683
0.333877256718638 0.228843558937341 -0.0247991365115935 -0.04499262573743
0.371488298269744 0.045182664321883 -0.0964850767518944 -0.0727604600568135
0.383054264704859 -0.00151159539028465 -0.111715148741286 -0.0897697177510026
0.399684808880844 0.0624054482868976 -0.0859524902163259 -0.11690411149601
0.427416965005464 0.28194547491779 -0.0152650085698525 -0.131619253518433
0.196785505281331 0.511368675388876 0.0757684189502603 -0.0603030895085358
-0.239492715734635 0.502335721068755 0.102007906378003 0.129508566100896
-0.657731773751899 0.0911756603673815 -0.158292598841397 0.138116204776981
-0.512160379394856 -0.495520953769687 -0.239275700093018 -0.11266831707755
-0.100114605867532 -0.704255304801037 0.0248252058589519 -0.356462290543665
-0.102242640939033 -0.63577555672887 -0.183344706541187 0.187365460135089
-0.436206765941282 -0.369615789912284 0.0476660849661026 -0.00287125238297777
-0.509838619208945 0.0708772504484175 -0.0817118155571417 -0.0603192731293066
-0.176741449374674 0.412613908456345 -0.129848620146902 0.0292275477460582
0.157954822545469 0.43137162329811 -0.00173981999050047 0.12754826599862
0.357938495902391 0.267134160710744 0.0827671058785316 0.0350524548159634
0.400088886073254 0.0763296187906094 0.0520339173312865 -0.0369002449041866
0.402999392259147 0.0308774775066348 0.0440429637583697 -0.0765116564619568
0.410775080554299 0.094518620425849 0.0741612461335506 -0.0903811108412985
0.422450853167718 0.305719156957858 0.116714417804978 -0.069178898393488
0.18009088453417 0.521630367310445 0.136299200717764 0.0290097851404525
-0.244800450486961 0.485603953851149 0.116407622104369 0.170926045850806
-0.632505465440998 0.08541610019243 -0.0819041986502481 0.172484814203705
-0.513919460627058 -0.477813033169248 -0.143276278257518 0.00265494238870451
-0.124192140569485 -0.703730986656338 0.0501077934598039 -0.11651864909078
-0.139283364849984 -0.593379158803166 -0.133907799580324 0.429430557587772
-0.450415954776897 -0.316811212175227 0.187097240990596 0.103310469677826
-0.483700970009167 0.103903005448446 -0.00226400275232436 -0.0782163315627524
-0.16199896815066 0.396685746310966 -0.147453600283437 0.0242267091890992
0.14028817129528 0.402171179201606 0.00734069894502649 0.213740886956898
0.32372163711739 0.259710820550311 0.19108941554929 0.124780764754188
0.365628527472243 0.0925437463479515 0.201979669705923 0.00858110270049664
0.360415927730684 0.0597424078317448 0.194072732450106 -0.0534847683610939
0.354431749403112 0.114591995123419 0.215117213761938 -0.0567269060696807
0.336567010383595 0.278080487595436 0.221929927503472 -0.0124878726259389
0.115748173551809 0.430240954193942 0.180233962791045 0.0945658112689523
-0.211664986443763 0.351845665175604 0.117573780367133 0.183980816668165
-0.466643951280011 0.0374511112441149 -0.0015548546115949 0.18119752222414
-0.394261468174791 -0.372483180388305 -0.0456306633452131 0.0990996346615482
-0.11497819607418 -0.574456377787934 0.0756269037315997 0.102140537622113
-0.146102635714268 -0.447053987239924 -0.0736156208386069 0.634789379911287
-0.368459093510685 -0.208637897360003 0.311497937326109 0.207475805709948
-0.348965580468865 0.103577168479927 0.0808652809384139 -0.0855288344526775
-0.116914121422605 0.286437522689357 -0.145597363552349 0.016250893835177
0.086362865451872 0.292701992492445 0.0105471860875123 0.27825004975112
0.227441148766987 0.205035469382886 0.274522390748809 0.206461948081614
0.270489886683481 0.0960349694371222 0.328460568548862 0.0569103412952659
0.262049750801435 0.0815508259998888 0.313046929610877 -0.0215094369356414
0.245171649781019 0.118709975766364 0.314347399565711 -0.0193235893746183
0.194374347112077 0.214261252760405 0.277809359986882 0.0319328696056126
0.0256629227819648 0.274137130873257 0.187873157780611 0.121698586199997
-0.153840107653169 0.158498008540453 0.100751184071366 0.16021280793405
-0.228811619765103 -0.0233146070852491 0.0613669788810854 0.160017500284588
-0.211996429094562 -0.213571179031283 0.0265227218897908 0.154103335630854
-0.0899292059642867 -0.356449511117071 0.0945550717815302 0.257055176311766
-0.12333989437602 -0.222884030132467 -0.0195835675174624 0.767059194076466
-0.211326861465425 -0.0667289535620464 0.393029384028227 0.292236802729692
-0.144614386942327 0.0765032887561275 0.155304895317298 -0.0874276322508347
-0.0508351925478186 0.1162955365681 -0.130848990538278 -0.00551366025509627
0.0166251084436365 0.129306519287709 -0.00400856231930244 0.301699885503809
0.0881197399758136 0.116666189089875 0.310399084705014 0.266631487872163
0.128440030731052 0.0849487753494986 0.405735666622557 0.102187228325113
0.125855888989281 0.0915174372518649 0.386517221505944 0.0112922064479293
0.106085198539694 0.106688641869337 0.359177388053158 0.0177035930145297
0.0401643546377701 0.126520041214162 0.282314854081561 0.0622187898761207
-0.0579908677092682 0.106785957810578 0.163512509251345 0.116030563962034
-0.0873569453273012 -0.0168519045013723 0.0731051216671001 0.110452879285234
-0.00575698067361265 -0.060735154476945 0.102163591155819 0.120954006553545
-0.0396001384103468 -0.0401649694039929 0.0694580772122405 0.170959095778693
-0.0650853622506319 -0.106603738618094 0.107840613211928 0.334166989965461
0.0439804444767531 -0.080126212791554 -0.157222831035169 -0.399426240300266
-0.0804149935569441 -0.0791874873968235 -0.164345723818299 -0.174623308389922
-0.130013032678082 0.0485301439416606 -0.125951307602528 -0.0617042686475433
0.0197460689633874 0.121271157358606 -0.0492660973370001 -0.0191686265156754
0.0970198515492547 0.0500310518655168 -0.0792123482147796 -0.100640644193451
0.0751868251442003 -0.0315577197221047 -0.241097006645706 -0.106255438654812
0.03202003429999 -0.0737473512751961 -0.346900145811464 -0.054345410651103
0.0193596093440267 -0.0771830811527931 -0.378441623976134 -0.0388484112184964
0.0258255639201265 -0.0567052242375415 -0.388535480102495 -0.0988501149555935
0.0718704594351386 -0.015305244252005 -0.283643657226574 -0.220659550118155
0.0685378829103711 0.0303173780836387 -0.0539605414255114 -0.255887000151985
-0.0112448181064059 0.0710987862785239 0.083287741907345 -0.0344716365231402
-0.10087146521067 -0.00981377674428403 -0.154565417266695 0.0399214956810178
-0.00232688460344735 -0.109667250975142 -0.283721315776412 -0.222898854538628
0.0847165001766249 -0.0612781020506803 -0.0202247632499924 -0.698541154472843
0.0182299760494607 -0.269811113445749 -0.177972073136843 -0.337376226156593
-0.162816534365006 -0.186348745683243 -0.159941431810516 -0.1657829507738
-0.233564347198206 0.0316254987563906 -0.146670984042529 -0.0320732839631873
-0.039725305324066 0.195633751250476 -0.0463196631063435 0.0220099012850981
0.121335720186004 0.163917462286662 -0.0352550856622306 -0.0691061952136579
0.177209767199284 0.0555050613628266 -0.183801208917752 -0.114772927087054
0.163174599911491 -0.0419599706475066 -0.300622568718451 -0.0770829263013751
0.166274545219593 -0.0633779536819503 -0.336009977576805 -0.0646163095756484
0.180853451899994 -0.0245159530130063 -0.335436492942182 -0.116674560485661
0.224206819450459 0.0915993922624563 -0.232005865634412 -0.211396521757963
0.131831287260054 0.214693748415487 -0.027548355886274 -0.210477982615545
-0.0934361375007741 0.245955489959917 0.0814299866154707 0.0126774100651439
-0.326047626562664 0.0369284353444446 -0.188740233414365 0.0580606885960092
-0.206610916659338 -0.267045345465672 -0.302008062296138 -0.230805576677625
0.010834293503571 -0.328759326109763 -0.0208318972727222 -0.663704657647502
-0.0163831920822416 -0.432314188556751 -0.195055402293673 -0.216712958150665
-0.247149016917489 -0.276883860789501 -0.135087612814363 -0.142038599103501
-0.330442340171552 0.0211773414441516 -0.154701994319726 -0.0222867186689566
-0.0982777974415238 0.265519842062668 -0.0628163993575553 0.042842569850369
0.137454330640088 0.269939874818404 -0.0103269804163174 -0.0223359491300169
0.261602483472679 0.140342933006126 -0.11107203465436 -0.0951068991307452
0.275399593941238 -0.00409281044357176 -0.213009437615894 -0.0816449522257826
0.287758242366343 -0.0400885223317703 -0.242494399460131 -0.0804282735542953
0.307800463535962 0.0131324064786217 -0.229454349880553 -0.121336463550404
0.346047247089191 0.188852980113851 -0.13994955506875 -0.178939651846403
0.178920763388311 0.377207112284748 0.0155128210456637 -0.144211169096746
-0.169401423260774 0.395037267834571 0.0900484370504509 0.0633505110426197
-0.517024049383221 0.077294883469386 -0.184943709087657 0.0920608005067125
-0.384661766123361 -0.39399105327683 -0.284680048853803 -0.189107077281662
-0.0584954311121179 -0.548075265979823 -0.00996344875528153 -0.537062357099231
-0.0642476209057389 -0.552592308626639 -0.194853927736025 -0.0399557543837202
-0.344230635135416 -0.333179333918128 -0.0709195773952984 -0.0896777251674725
-0.424974203496542 0.0389730977224121 -0.133645402299981 -0.0312867766741311
-0.141191802739824 0.341065860279078 -0.0919618764552748 0.0434705143641452
0.15372842763164 0.358938197560774 0.000613956621731487 0.0405874569775369
0.325280441139178 0.208529526395402 -0.0214933383725879 -0.0458351823550756
0.353585070323224 0.0324970825614356 -0.0917897356077447 -0.067383378378405
0.364329718896434 -0.0102886194634139 -0.110404894256655 -0.0839511507606098
0.382813702405647 0.050108747340722 -0.0867430828659186 -0.11151896118388
0.415570664069522 0.256792283087916 -0.0202950551779475 -0.128671653906963
0.202636403638399 0.479358345113355 0.0716404556757491 -0.0611261173210466
-0.217610464616832 0.483431410476804 0.104777458188172 0.112319223694218
-0.622891542563507 0.101634427891668 -0.140719799243019 0.131579641041803
-0.497786574198241 -0.459457100533042 -0.223861721502305 -0.101247110086999
-0.11098795108269 -0.672079807976475 0.0123493127092548 -0.340742395593238
-0.113738834892929 -0.602849012182245 -0.166673482048743 0.180043692098102
-0.423183809715946 -0.34279810361952 0.039788823557022 -0.0088249415700379
-0.481853407128522 0.0773151767657164 -0.0813864426690406 -0.0511199267107426
-0.158839944715222 0.395616674876595 -0.121190400110747 0.0370127424070614
0.161982287755287 0.406859831795118 0.00926694058918105 0.120641392567883
0.350427106944662 0.244968840878299 0.0841865311581505 0.0261733321355591
0.382564834957628 0.0612113811876138 0.0505350157764148 -0.0375937371941319
0.38456017138567 0.0189255289405294 0.0379027303286219 -0.0750516845838705
0.394446397407914 0.0801340986540389 0.0660781155119523 -0.0901204891462749
0.410980261424368 0.279960234752262 0.105971589339164 -0.0724349198158678
0.186489746791174 0.490981307839801 0.131372265955649 0.0220006340233646
-0.223234292558438 0.466473198568937 0.117758290810614 0.152163495217432
-0.599688163211517 0.0934667497546511 -0.0682137197713517 0.160398100579365
-0.498153677936891 -0.440488235445788 -0.130923049628293 0.00547662743992738
-0.130942776154727 -0.670439599702262 0.0423216325558443 -0.110992576985282
-0.145725403725268 -0.560103200416737 -0.11419983153769 0.409753064887284
-0.435143642558049 -0.293442889127468 0.176147811310141 0.0885208273957713
-0.456457721148248 0.106091747278406 -0.00710274540258982 -0.0717038816687064
-0.14672895538628 0.380738380440906 -0.140208986782436 0.033160834330316
0.143214871175862 0.381421753080192 0.0191687990865969 0.203678065664469
0.317856013154507 0.239026717233323 0.189958742799408 0.108765248845956
0.352161725356188 0.078131526979785 0.195668619603495 0.00240974175978969
0.345678981692745 0.0483484465755324 0.181579748480418 -0.0560577146104029
0.340847125156425 0.100720803441579 0.201245884624281 -0.0616740168609102
0.327516944225968 0.255822903755233 0.206875908589262 -0.0207250175970405
0.124804122408736 0.405504988561409 0.173039656723908 0.0819453676399264
-0.194710097219629 0.33916287405406 0.118255912139556 0.164386376366034
-0.443344695301317 0.042318660235608 0.00744221386002553 0.165074335283884
-0.382291857983298 -0.34493647679147 -0.0360634522531202 0.094623713220175
-0.119264598096496 -0.548121161581884 0.072366522323383 0.0970182178670157
-0.147591584131309 -0.422773738886616 -0.0530747153762283 0.605244065540182
-0.353663830381742 -0.194203953974132 0.297600472487418 0.187166423772993
-0.328644138403956 0.100975013495 0.0711269525390497 -0.0826273384297945
-0.106570988305636 0.274415800908318 -0.141340561343338 0.0246563203341318
0.0886416544686175 0.277943224010839 0.0215986867754106 0.266304206559608
0.223815332756059 0.190722338518425 0.271632350101172 0.185524323060261
0.261233176393649 0.0849379099979669 0.316354051487643 0.0460492843011981
0.253417483745298 0.0713515329868697 0.297148371346558 -0.0289060583844362
0.236722903910959 0.107776912468325 0.29614123859249 -0.0282154433195394
0.191427159792299 0.199644962135456 0.260368684305034 0.0211103466166672
0.0333008159892038 0.260758979318408 0.178893571239095 0.108247424520372
-0.145908902813634 0.154626083997833 0.100159704593642 0.143602383726032
-0.219717212587364 -0.020846395672675 0.066028759351171 0.142741379725436
-0.203450487733892 -0.199295628101687 0.0324853313813984 0.145566484312092
-0.0890592504357757 -0.339698415099565 0.0942463900561575 0.24459690767365
-0.119447672564414 -0.209223831616842 0.00135962655559339 0.731295573308001
-0.20017544067575 -0.061786389026159 0.377595240358884 0.264841395411528
-0.135026747548336 0.0719683773561882 0.140758227202628 -0.0874413572025808
-0.0479526063864033 0.11149021636937 -0.128475108913745 0.00163149658656156
0.017243502428848 0.124078837061551 0.00682581742112559 0.290600743838845
0.088821848817216 0.110340537328245 0.306871073843087 0.243469134247875
0.126983731889783 0.0785496191667853 0.392737060314973 0.0880721680459868
0.124012243601411 0.0846303449394665 0.368204000511977 0.0022664081682702
0.105323418829355 0.0991875279585048 0.340248275101954 0.00826631449405991
0.042186727076471 0.121924665286969 0.26529693757046 0.0505761745896506
-0.0520913637768715 0.105189310367792 0.154539891808868 0.103641636002185
-0.0871910718383274 -0.0127661444093055 0.0726851095193677 0.0974903831856223
-0.00897885397530418 -0.0619668887847351 0.102815586101505 0.104789799808533
-0.0346965162045708 -0.0394599770298778 0.0719673552218296 0.161088815009431
-0.0591508718897148 -0.100499939210515 0.108608246232275 0.31821231985142
0.0410073438178498 -0.0770070431079084 -0.146143222670953 -0.391761246718809
-0.0767540831808938 -0.0747648868783329 -0.16133367402653 -0.17332425410667
-0.125054600434152 0.0484399551765721 -0.122727210032241 -0.0558238595437325
0.0194428145645154 0.116934352256211 -0.0460454738444324 -0.0143257540986368
0.0944542070788889 0.0467358680426254 -0.0706722483496711 -0.0958835536566651
0.0725271166003972 -0.0304002719095206 -0.230207439605727 -0.104061141900129
0.0296074245152405 -0.071899880488581 -0.334891002027143 -0.0577409069215115
0.0183433920981587 -0.0746664398272895 -0.368232202481671 -0.0449995322656122
0.0259159892310384 -0.0549298529786502 -0.376678455131947 -0.102278222928008
0.0707498845541603 -0.0158118836927696 -0.273780593117484 -0.218614480704571
0.0657672206751315 0.0275448181479449 -0.0493370507724841 -0.251581776063404
-0.0107543932391839 0.068272081673755 0.0840421433646663 -0.0367005812722709
-0.0962321423937757 -0.00817496087061726 -0.144381764079189 0.0368462179959026
-0.00362123829092625 -0.104090229023857 -0.263735685280116 -0.220927461764592
0.079658721141937 -0.0585219171786101 -0.00784013364183246 -0.678042428682516
0.0197341317813702 -0.260187236299075 -0.16632448965507 -0.333458019078287
-0.154857852070281 -0.181066289111085 -0.157643794649517 -0.166253595416519
-0.224936267272279 0.029539878912951 -0.141993402831297 -0.0282839674592977
-0.0395244906558633 0.187522022068612 -0.0436250999033563 0.0259528360645956
0.117426938336362 0.157885211013014 -0.0282509838695247 -0.0664637440000239
0.170570700114452 0.055117861803817 -0.174481975235225 -0.113195795438276
0.156709066627179 -0.0397067684307753 -0.289798679193011 -0.0800028989080031
0.160240456861146 -0.0588216851079485 -0.326727852461784 -0.0692272894622687
0.175488765138126 -0.0207354666380936 -0.326200920534272 -0.118948484421203
0.216780212599534 0.090353708744438 -0.224293336740227 -0.210507548295877
0.124761155628012 0.207550916802558 -0.023281969876432 -0.207556401010505
-0.0944745554256342 0.236417245911592 0.0820458951133066 0.00831146176479049
-0.314140135788709 0.0323863216922479 -0.178525432206349 0.0536035083825632
-0.196246872729393 -0.260385317972579 -0.282192999151489 -0.23008959393895
0.0139134934623047 -0.320026193716961 -0.0110912917451686 -0.642551558149181
-0.011109613110208 -0.418564368816665 -0.183903526997833 -0.217270725496819
-0.235170241522286 -0.269952923212785 -0.134752630927286 -0.143463305695636
-0.318890208609143 0.0165791567199753 -0.149957707187743 -0.0184370801288439
-0.0983353941334252 0.253978535255858 -0.0592098773216193 0.0449200224588389
0.131888193878887 0.261771046392814 -0.0042368156751026 -0.0227644921466066
0.252403492248561 0.137915636018893 -0.103988583731308 -0.0950157702155239
0.265330877189396 -0.00105193052357815 -0.204849299259901 -0.0828665412379038
0.278680417505042 -0.034482368550125 -0.235598436653518 -0.0829752252065137
0.298535617734711 0.0175489183769308 -0.223048020534657 -0.12261964345724
0.333920619618735 0.186052611902718 -0.13568116736322 -0.177781892719002
0.166898598258969 0.364309463476812 0.0187291493362565 -0.141534322895434
-0.171793081615678 0.379050081239579 0.0896278132925453 0.056048737625515
-0.498896278793503 0.0657529582242358 -0.175145938291861 0.0841380856475074
-0.366599687472846 -0.38519172876227 -0.266224811544119 -0.187252212254827
-0.0486616566226502 -0.534028159502638 -0.00478842813352015 -0.519804566596917
-0.0545725456985099 -0.533653924456012 -0.185671963614369 -0.0457201638597506
-0.3278229247342 -0.326848304721355 -0.0736155616052346 -0.0930446473616197
-0.410844284827385 0.0303144898285702 -0.129962290976744 -0.0266248253480798
-0.143554881046935 0.327153497469706 -0.0874011270645905 0.0462562945286707
0.146791712638791 0.349571071406006 0.0058149332603755 0.0382608610628131
0.314290224841633 0.205470892564771 -0.0175015814425918 -0.0483245877375078
0.340762300223506 0.0357302575943835 -0.0872414416567137 -0.0680652755369054
0.351989490723402 -0.00461478368882954 -0.108227181695917 -0.0841351809058954
0.370912826197541 0.0536595163580519 -0.0853988530142449 -0.111371151975197
0.400958289599294 0.252482043691091 -0.0212919022739294 -0.128061066397799
0.190451749120349 0.465258735840172 0.0715290382169913 -0.0607860381680653
-0.220020984892322 0.464155222373747 0.102799156699606 0.10305501350424
-0.604029635598001 0.0875041103792277 -0.133204656357997 0.120774678157945
-0.47197382412184 -0.45148739157228 -0.209242541071816 -0.101465398461778
-0.0954217040434912 -0.65553025178135 0.0132591089922465 -0.328651744181217
-0.0993477370973466 -0.582025096977864 -0.161950704209363 0.167231829131689
-0.40285128508526 -0.339733846664058 0.0322329499156915 -0.0134046166436552
-0.467229048763734 0.0652102369084527 -0.0791992033064164 -0.0461685952956278
-0.162082722415033 0.37946174715751 -0.116541875226059 0.0400132273914017
0.15403714762094 0.39578893837301 0.0130132186794171 0.115597118768134
0.338836293311146 0.2408339369354 0.0843012410839718 0.0217844380306418
0.369669573369871 0.0646472036433471 0.0515879374473307 -0.0368232519303766
0.372022402386493 0.024779776833239 0.036436501291225 -0.0736076537168927
0.381098751565456 0.083272047606003 0.0629642382344182 -0.0886341429749316
0.39629433915081 0.275497851200136 0.0999907547643503 -0.0714265979258747
0.175038090614302 0.476011615212535 0.127722339711737 0.0207536819929696
-0.224842642678355 0.446893616927118 0.113724520464957 0.141114435792518
-0.580737111497172 0.0779721752452316 -0.0650562709728234 0.147494278606757
-0.473248087794332 -0.434284351722075 -0.122001343809962 0.00230568665183577
-0.113094836830143 -0.654699591215195 0.0393634239201558 -0.106152038656575
-0.13112411915072 -0.542157993307257 -0.114179976338691 0.39136318339926
-0.414499694176778 -0.293548426120736 0.163194829420896 0.0840920356373921
-0.443110553460684 0.0910215662636864 -0.00856959715550641 -0.0664329334104735
-0.15111867433404 0.365194235290837 -0.136433710657221 0.0359043511581507
0.133983134955363 0.371084186489352 0.0208337633128819 0.197405233498931
0.307483334425229 0.235246264925337 0.186306067985645 0.102817564184157
0.34062088253821 0.0804895424446849 0.191366025607513 0.00402025187268874
0.333931823455036 0.0521878180082509 0.175671555069758 -0.0520350393615657
0.329097508499347 0.102815820180996 0.193776523449134 -0.0590670681898091
0.315295711974836 0.253125951611134 0.196042111958976 -0.0205231549255624
0.116438959955639 0.392657885965033 0.16590086519085 0.079158136491154
-0.195685009064366 0.325083430695435 0.113443183377582 0.153815655397837
-0.429114575511618 0.0307898707613585 0.00774967278147385 0.151430896079478
-0.362984507859921 -0.339391258633402 -0.0329116407345014 0.0906848377987121
-0.103013108191197 -0.535274876403876 0.0654630821240895 0.0961794659286865
-0.132257547956337 -0.410308649613539 -0.0587226346425013 0.583088777400169
-0.336467657537303 -0.196253485776558 0.280174841260622 0.181995019505526
-0.319347340648479 0.0885526685304583 0.0657352183307735 -0.0776060975583269
-0.110553773783835 0.263218829808381 -0.139581873004279 0.0272015086822547
0.0812122910873592 0.272210258542301 0.0212672734433989 0.259197396696006
0.216139213790826 0.18854749475726 0.264281088636045 0.179178344632056
0.25303707650046 0.0862385223738037 0.308956841124643 0.049178646881486
0.245298882551776 0.0730441556816254 0.287283128107935 -0.0234611121710793
0.229503504858461 0.108220493759523 0.285586534710578 -0.0237100058589508
0.183190177003324 0.196935572756581 0.247545290033265 0.0212986050584652
0.0297678159874183 0.252819392374263 0.169756248372189 0.104762948368091
-0.146322508140209 0.147386272906023 0.0959497161441926 0.134592792947778
-0.212707164018302 -0.0275154378326875 0.0634607498929877 0.131093266234584
-0.190523636668871 -0.197131031003739 0.0320603435925614 0.142097878392976
-0.0768583189977056 -0.332962052945909 0.0850667426213285 0.239382443960526
-0.109169535963636 -0.204193662205689 -0.00776937355510919 0.70706460258266
-0.19058822622904 -0.0665174016339302 0.356447796282539 0.26073959358546
-0.131414871007439 0.0628786397947247 0.131993760294377 -0.0825295022766703
-0.0509282046578329 0.106384307812375 -0.128784198868799 0.00444474854766166
0.0133406364137267 0.122288647317261 0.00448241773454146 0.284409611854817
0.0859024515406068 0.109791935478036 0.298497801868861 0.237481347290579
0.12336379414232 0.0782578824154971 0.381423974593834 0.0902425019102114
0.121052291545404 0.0832344955700302 0.356487742586275 0.00822948338569198
0.102006903298926 0.0987337984293289 0.328073962391184 0.0130712398731722
0.0393423631129734 0.120473229167515 0.251516011799021 0.0516857277707061
-0.0509076800022039 0.102694156308567 0.144389423660592 0.0998101634422476
-0.087232183593374 -0.0134617309002505 0.0682997108994535 0.0905892525178334
-0.00998716321592071 -0.0645723073203134 0.0995562984371622 0.0953750226607188
-0.0299719113745257 -0.0408571334507248 0.0694653135692351 0.158344170358833
-0.0506632441510405 -0.100924685967651 0.0988245488919646 0.311339380286031
0.0503463216147982 -0.0691973510629079 -0.0820150836778506 -0.409213303910851
-0.0617259658112967 -0.0846599875466233 -0.133855079171005 -0.202192544838793
-0.129087554308495 0.0309953309187099 -0.113950360351665 -0.0787912995478011
0.00125583971125479 0.116790707761071 -0.0459804151362182 -0.0193800642752497
0.0855959789195185 0.0601929570745056 -0.0559677787130845 -0.102829565559469
0.0759012591813941 -0.0169519197064766 -0.211941642960168 -0.135730664572387
0.0379038751863723 -0.0654505258772811 -0.325852192623159 -0.106813524719311
0.0275652693953947 -0.0701734053597057 -0.356749185254432 -0.109459617524625
0.0308484932228338 -0.0467405006670528 -0.359756735509126 -0.167786266404655
0.0696679129861841 -0.00554225428570732 -0.237263882793284 -0.267884314512379
0.0575050937270263 0.0350339553177023 -0.005778599908147 -0.263624405931048
-0.0222255286475099 0.0629802777142882 0.0944569998786406 -0.0270897994982964
-0.092285611843178 -0.018066260786758 -0.143832947220693 0.0145134146462591
0.00909045736453748 -0.0985955625133548 -0.21732610101151 -0.26405453949745
0.0768659118206171 -0.045202098858817 0.115295952157 -0.681631486440535
0.0573858567376001 -0.252929522211161 -0.0980013215582379 -0.348034654262469
-0.121512580245156 -0.202513057025364 -0.124452507884599 -0.195607795515437
-0.224309069480374 -0.00581047352764122 -0.132201210722511 -0.0578926860961262
-0.0697754694327297 0.175017405819863 -0.0482813383280126 0.0160497501675229
0.0880166014711962 0.172650474937836 -0.0203524628528931 -0.0733459430446886
0.158748318865022 0.0834984731353204 -0.161567976003721 -0.138002761579554
0.159105168936838 -0.0112144263106854 -0.280602831240831 -0.123831218344225
0.165723029006737 -0.0297474101870515 -0.312635983312534 -0.12662941871901
0.171774887013752 0.0122586047641489 -0.305733894542996 -0.177996215259144
0.194944933494839 0.12430031757392 -0.185933961328683 -0.253398357018884
0.0835145775407577 0.220191720503699 0.0169688861300453 -0.216331829860164
-0.135959566200461 0.212396138779882 0.0880363682795425 0.0159444618884287
-0.312904331520715 -0.0171817403723963 -0.177937195453448 0.0270290249051408
-0.150579177076049 -0.286902577426622 -0.236437467229925 -0.269754479316805
0.0620582797932307 -0.315499077918796 0.103312929243787 -0.643638909670745
0.0515437840674772 -0.41374018069347 -0.120606466183199 -0.232417002495098
-0.185097797515307 -0.30419405067782 -0.0990997195238868 -0.170286062288746
-0.315431467584118 -0.0354845805017949 -0.136340024080298 -0.0538004416988047
-0.141190202790879 0.229620366866172 -0.0654213947751739 0.0283932942121328
0.0824306650955095 0.277068598946411 -0.00410945961712199 -0.0321597336379644
0.22588572092853 0.178118220554779 -0.0996084821600306 -0.111217515660209
0.261535662094097 0.0450578402965166 -0.197648450445453 -0.116784466418104
0.278816028486977 0.0147116233031039 -0.219854931906229 -0.124127106992931
0.285170491983335 0.070458231731841 -0.202389995044654 -0.164656175016509
0.293817579232333 0.237866053554315 -0.102792378419184 -0.208629755421761
0.0986007008040297 0.381667629154908 0.0502780569400089 -0.144845684878344
-0.23790999851848 0.337890305144947 0.0898647880037115 0.0629056517258512
-0.498526747253275 -0.018436980456182 -0.178709939275684 0.0592620801322843
-0.291401757998979 -0.441069224460947 -0.230929607374058 -0.219758919990352
0.0425466491519262 -0.538976881672693 0.08409966495275 -0.515475729515103
0.0260716752096268 -0.533952031040964 -0.138594671566074 -0.0607575550690229
-0.267324160118087 -0.377878098604882 -0.0412728335502028 -0.11308200693905
-0.409113680193071 -0.038243330053514 -0.113024921012709 -0.0646819862424379
-0.199187338968866 0.292475491621802 -0.092815899337054 0.0216845936532163
0.0806745362637866 0.366107536110347 -0.00582817703916314 0.025266591429343
0.275819914195948 0.254411967380611 -0.024066034323585 -0.0532004555623317
0.331490305236135 0.0954592679585308 -0.0833779539131045 -0.0846001655318788
0.348043375641879 0.0569705728027694 -0.0930343081314713 -0.102565071951001
0.351024013888004 0.117837439710926 -0.067360926986493 -0.130488299457404
0.349768316127721 0.314150708064441 0.00347244549614896 -0.141110482313656
0.104171539155037 0.483556533703906 0.090081718762372 -0.0555046942325194
-0.301457858305589 0.413582260961815 0.0956026987303304 0.110831803210438
-0.605768409612413 -0.0169755616290345 -0.143064837324344 0.101903882504854
-0.383440636580529 -0.525487193386116 -0.191651529066012 -0.12074780576349
0.0229439789201961 -0.666234360631596 0.0669470570244855 -0.319753551211677
-0.00920576110717237 -0.589626884796614 -0.142286676894188 0.154725743362543
-0.339541325826998 -0.403369761321293 0.0553456384408499 -0.0188319646120223
-0.470673038710346 -0.0172529157312689 -0.0600698649023663 -0.0799857840873018
-0.227776678323148 0.341257313805129 -0.122465179636151 0.00848092873304928
0.077813095080473 0.413761201889308 -0.0118018586885932 0.100783440798461
0.29490303539915 0.293973918467857 0.0644064196791578 0.0315286411791445
0.356421448730661 0.128845225641168 0.0503620901145279 -0.033865741073845
0.36291491453021 0.0903127127109633 0.0478651112855717 -0.0659836297520259
0.357935942613293 0.146730920202792 0.0769352028182553 -0.0829264073741483
0.340526323442925 0.335116615398724 0.114163398697174 -0.0644704457872061
0.0918140937245739 0.490480328285347 0.13091784180132 0.0356621076467402
-0.30239049885014 0.397227768627758 0.0992728219760084 0.149680085070891
-0.580787244178283 -0.0240842423792286 -0.080927187894377 0.138871205963905
-0.383796298731576 -0.509289979129132 -0.123805429652237 -0.00201955362176936
0.00919680800678405 -0.668260305749819 0.0504390666431908 -0.0901392673912267
-0.0446354757400856 -0.555196785744714 -0.130778284034179 0.382102256641314
-0.358528497077624 -0.361057975173755 0.169942326794667 0.097333540548794
-0.450714774956041 0.012223578496193 0.0103826946185268 -0.089869798790792
-0.216573047257235 0.327419422471712 -0.143166409641644 0.00206197727727356
0.061020853388794 0.38838676347346 -0.0158766072553676 0.183888736717491
0.265040606133472 0.283101980288442 0.1544445509566 0.127439032341833
0.325700834576881 0.139803060152658 0.185724072040557 0.0280611193852317
0.323068649140921 0.110042240898341 0.182698542187085 -0.0206511898123111
0.305411074432735 0.1559423591778 0.201686762094615 -0.0298093131527722
0.266269008940766 0.299889821312817 0.20001734851443 0.00532972829168619
0.0482100006664625 0.401121457371087 0.156541477226796 0.102179805216132
-0.252012143061116 0.282208026397079 0.0939980969132183 0.164130067433715
-0.423588561954481 -0.0453623667928309 -0.0124913157449422 0.151600603983552
-0.289190486529483 -0.397085773179502 -0.0509110020300923 0.0973831868505126
0.000679137414330142 -0.549122901025154 0.0406336986817959 0.116353185640398
-0.0663633729806414 -0.426352226343572 -0.113610483394983 0.577115483843661
-0.298678923785129 -0.252775268911748 0.26721047013208 0.21474228287048
-0.328458533865803 0.0287370008984133 0.0811504357082477 -0.084587576882498
-0.158618840696603 0.235915297641571 -0.145315487485657 -0.00294424759352065
0.0270718658566792 0.282049765932447 -0.0234659268376174 0.250411828487165
0.18209555677701 0.221440329146091 0.225155020628189 0.215926842738728
0.239226942480585 0.129570562179146 0.299114987702988 0.0910401540141338
0.232570363936941 0.115388452142832 0.288560237251737 0.0277121123865206
0.208084153946895 0.143951632905202 0.287501067707663 0.0225718043549119
0.147310618347557 0.223872419040266 0.241786878062051 0.058609716841054
-0.0118585047495244 0.251179992226503 0.152606713191658 0.128827400872975
-0.171379085070962 0.117765964756192 0.0766021921252189 0.144523485520252
-0.202520520117612 -0.0673843124604263 0.0438146493108173 0.137011415560155
-0.145889146731046 -0.228220238677483 0.00475659485243769 0.154345559840529
-0.00737822586736297 -0.343162401502985 0.0364803041136326 0.261523871493411
-0.0742759885872782 -0.220437406551767 -0.0971891728599519 0.704046559382878
-0.176458584359743 -0.0994425642281024 0.321192957321968 0.309020415879927
-0.139590251947199 0.0355147666304174 0.14067245420394 -0.0703620524521913
-0.0714305652639252 0.0940933259082734 -0.131879873051022 -0.0161357582631893
-0.0122235164525998 0.123851760200453 -0.0399858079406874 0.279634078225919
0.0664924997437888 0.121913766303879 0.256702113603493 0.281543298348489
0.112198272091715 0.0990374365404132 0.367649752318334 0.144711547173324
0.108904452611866 0.103694589630579 0.351380649414265 0.0714682497523557
0.0862302494197632 0.11215833786706 0.323655695666734 0.0691351742419594
0.0200649590148959 0.126141476083489 0.239155426048045 0.0925412581243306
-0.0652101121426296 0.0921020127870658 0.124138555566053 0.122253972176089
-0.0845444710823212 -0.0287636055405844 0.0541525851341337 0.0988207321711164
0.00215175126047937 -0.0695720905622704 0.0826537620853776 0.106004451905638
-0.0165696723117932 -0.0477981842234087 0.0413745988871895 0.171178453885985
-0.0224736331543604 -0.109518547790759 0.0386883261393855 0.334609224294749
0.0502088963490083 -0.0718380616332659 -0.0789961885614162 -0.427211546632341
-0.0632457546050284 -0.0862373554060323 -0.14150335605777 -0.212484051147082
-0.13236946171473 0.034925932229278 -0.119808681612017 -0.0787393076103111
0.003066523097757 0.119265945382853 -0.046276210635387 -0.0148792428693049
0.0901258905104497 0.0603603982606621 -0.0519761053729865 -0.103712083617772
0.0779035290930759 -0.0173432080079824 -0.215663313676447 -0.139247014472266
0.0374000448366591 -0.0681871793105783 -0.33526636452065 -0.113497675516466
0.0284190893213904 -0.0733153009481355 -0.371102569292207 -0.119551383058691
0.0331879585705938 -0.0486013643500807 -0.373066698504018 -0.177960617078521
0.0729175813171346 -0.00744150658760395 -0.245733338720195 -0.281442224270114
0.0586124545112263 0.0348448875274659 -0.00374615491692494 -0.276005789599544
-0.0225227651615906 0.0660200605149611 0.101095779402294 -0.0307025887179287
-0.0938956029675641 -0.0171658533320142 -0.143442472355887 0.0139637168761989
0.00821292006865926 -0.100417600616059 -0.214283300257367 -0.276944363690253
0.0779333538213185 -0.0463265631371231 0.12945162480473 -0.702066750556696
0.0607317219802045 -0.260281260109645 -0.0966853897987331 -0.365111310130891
-0.124004127649078 -0.209387809008885 -0.13299957372371 -0.20696611560199
-0.230837137751303 -0.00561184717557847 -0.137130388940159 -0.0577213629815946
-0.0721800018277394 0.180124806076234 -0.0483635674529758 0.0214177103771305
0.0923982626041104 0.17712804513647 -0.0155048729108205 -0.0740618699188564
0.163869160670118 0.0866154319724046 -0.164890125367231 -0.143982385327372
0.163039853593197 -0.0111682167207115 -0.289078077249606 -0.131381066140383
0.170811594249439 -0.0297783496362589 -0.325619867827136 -0.136341374425661
0.17875244997146 0.0149647485089605 -0.317678463749798 -0.18886356155663
0.201616672117668 0.128551998344463 -0.192861810650801 -0.266649315927938
0.0843098589751231 0.22686588220855 0.0205929744937707 -0.227339359847709
-0.14292248627787 0.218709368352381 0.094568095344405 0.0135433069370291
-0.321946035642356 -0.0220381087123223 -0.179598044214718 0.0265243815369728
-0.152979150104923 -0.299053489977924 -0.235382697333822 -0.28229702999168
0.0671750392252728 -0.32796512462688 0.110856183524533 -0.663053181291175
0.0577310972448485 -0.425303389571535 -0.121231885317783 -0.246713671448818
-0.188026217173878 -0.31700672966193 -0.107866957314484 -0.18144017477985
-0.323953204435131 -0.0391901107646033 -0.141186493898623 -0.0531294899788579
-0.147607798303339 0.235692160662525 -0.0658816446685398 0.0346040051261119
0.0860096840966386 0.285818718165332 0.000357640129764291 -0.0324676601982547
0.234367476863582 0.18515322757767 -0.100593051814369 -0.117887435441508
0.268796444158234 0.0482409395299739 -0.203460881668078 -0.123257775805931
0.287939007987889 0.0178627199495478 -0.229212148601124 -0.132381051053387
0.296603876202627 0.0765817348897062 -0.210394830600185 -0.175849240932279
0.304342690942176 0.248040022850889 -0.107230707032681 -0.219867181153676
0.0984262329423216 0.394722421659357 0.0547226780189491 -0.152352674485185
-0.251565460217126 0.347944346946494 0.0959392355022767 0.0601414074927881
-0.515529922150601 -0.0272901574730241 -0.181891850681693 0.0583505252702492
-0.296621477643053 -0.461869000506818 -0.231536512801533 -0.229821976702538
0.0502870061383195 -0.560592467205211 0.0900708805676951 -0.531016230770922
0.0360736829104434 -0.548737386744036 -0.142414887444319 -0.0691976111506868
-0.271587804285672 -0.395361703645514 -0.0486793876377865 -0.121470915695925
-0.421602484652507 -0.0455026000198135 -0.117310278098016 -0.0629963898195215
-0.209625277473367 0.301384792928497 -0.0945154663802564 0.0271686124974757
0.0831932330128067 0.378655088345698 -0.000895772607324279 0.0262700403813126
0.285598176374333 0.264422368052891 -0.023096857592212 -0.0591875108040017
0.341885049734692 0.100626999356635 -0.0853240400934995 -0.08943310872094
0.359270173711947 0.0634892722203955 -0.097128293562512 -0.109344992733887
0.362762889820591 0.125354845837867 -0.0709620374585536 -0.138709700993958
0.361281540336387 0.328531722052065 0.00187917948101162 -0.148998636562017
0.102993885285319 0.499047268945178 0.0961620833309904 -0.0593019018347222
-0.317383295631162 0.425319126048469 0.10050983182019 0.109224774704942
-0.625514757454334 -0.0283737522147871 -0.146924935095867 0.0997596840349406
-0.387976115075536 -0.550481110896351 -0.192908596117122 -0.127061162015117
0.0332777787095934 -0.694856114692609 0.0684295533722202 -0.325343658078398
-0.000566290571193405 -0.605963024389336 -0.147963683449587 0.153236805107863
-0.345044916443174 -0.424179734219223 0.049758782143965 -0.0228224861467653
-0.487343802875361 -0.0259690085580645 -0.0623127916389977 -0.0785004816086947
-0.242126091683079 0.349162003363017 -0.126597183229187 0.0146371820921175
0.077888024292217 0.428928835409734 -0.00873086158258398 0.104564427396027
0.304459622255827 0.306163978171604 0.0678657458165918 0.0280836679339986
0.368565440544878 0.136565132371499 0.0536022987566322 -0.0359365887683705
0.375523121964179 0.0972818906968428 0.0490316052389997 -0.0687312100434552
0.369274335767864 0.15737232013474 0.0775050749854328 -0.0879225965791021
0.351419067808044 0.351045613396977 0.114868846162388 -0.0681024191654122
0.0903337315641287 0.507610723784163 0.136910062349994 0.0354265764905527
-0.321326526114694 0.407072107053671 0.103419281725487 0.149793327504197
-0.600394534290855 -0.0340976432866908 -0.0828636084180931 0.135924863833838
-0.387665328784293 -0.53231909077485 -0.12556236901443 -0.00319833164476703
0.0185474961417903 -0.696477057342023 0.0490991433289098 -0.0900418057777486
-0.0356769352657135 -0.573936562618244 -0.138928319946664 0.389962546626793
-0.364914328911384 -0.379676868313717 0.16808505977857 0.0992126009683517
-0.466811764136868 0.00119746370985591 0.00985058858157255 -0.0891870294013665
-0.229983389049777 0.336995784155426 -0.148630761159942 0.00701706283308536
0.0606012216816886 0.403794986640948 -0.0160555107040262 0.190663674860029
0.274629734399386 0.294686959320573 0.160772332610923 0.128241941456216
0.336742010068703 0.148256821206677 0.193725094163885 0.029962753285178
0.333394888331822 0.118093504349189 0.1882034345797 -0.0193700846411138
0.315195467488084 0.165714205032749 0.207147465702036 -0.0309862165873579
0.275027230317227 0.312627977235313 0.203003747047261 0.00467807142301573
0.0469520371570577 0.414459032393503 0.161125713708594 0.104540901712188
-0.266409449348075 0.289856645002242 0.0969507555228821 0.164533788617625
-0.440182999518763 -0.05636975619843 -0.0122905941271922 0.149250303701812
-0.289682701539712 -0.41697547038257 -0.0523603698533301 0.100805808101585
0.00953627565093132 -0.571195821433124 0.0370534048556355 0.1229803687718
-0.0578244814984795 -0.439852431278924 -0.122955086292921 0.593166353676477
-0.303093867624199 -0.26892441817777 0.267879547603003 0.222618647944092
-0.341332598115141 0.0203754591577153 0.0817653332150867 -0.0839462857534065
-0.170906318306486 0.242478448995976 -0.153314284845825 0.00123612663443574
0.0246835126425902 0.294336523499149 -0.0249652561187475 0.26113489287707
0.189045524558304 0.230939060310301 0.234503370609127 0.222139945222997
0.248433311508611 0.137472143968331 0.310436227845647 0.0964039415703372
0.240529371506583 0.122231674236957 0.299538458762335 0.0327974189956152
0.215038491504369 0.15167425329037 0.295525980331219 0.024979479742984
0.15195177572766 0.234825379935405 0.245672964489159 0.0603282909431949
-0.0142435292915626 0.25976752715586 0.155032613673546 0.13275393105216
-0.181755838167554 0.120427948180503 0.0784499857390058 0.143916049937498
-0.209342234145867 -0.0762252462672653 0.0449073458941601 0.13473338653484
-0.144606574169913 -0.239564677332025 0.00467066438849468 0.160136192691599
-0.000487840407485799 -0.358513470990789 0.0319867722922545 0.272759050671876
-0.0699513443024446 -0.228296822641673 -0.107111553450862 0.725737122353307
-0.179222244858955 -0.107983669309112 0.326757769769693 0.322574486600946
-0.145056236499302 0.0303423414502612 0.14268411893499 -0.0697962340951419
-0.0782420714454688 0.0963028849810603 -0.14024331640324 -0.0142944409962997
-0.0158250851370769 0.129880473232603 -0.043339820808689 0.29282948539631
0.0696757061966151 0.128055322552392 0.26651743169359 0.291319303577165
0.117255559285671 0.105156848049065 0.38231322843952 0.153233447946942
0.113057445571572 0.108635775267108 0.365800488167429 0.0789045449400001
0.0892992285768251 0.117954420496066 0.334072963653727 0.0741207344209314
0.0194708127766009 0.132826288015056 0.24265792767482 0.0972924095189803
-0.0686455328869732 0.0960780198815279 0.123934481715154 0.125659449194606
-0.0903118013305931 -0.0299951148207259 0.0552055989827068 0.0975279539862071
0.000842441971656334 -0.075765791933782 0.0859145051142893 0.103702317163261
-0.0131457127960653 -0.0514710360228053 0.0422824467703124 0.179188168994127
-0.0179202480119055 -0.115555650002729 0.0351434869443139 0.348347227573852
0.0476979656661345 -0.0766492627497038 -0.0947737535825185 -0.443953043640747
-0.068809248284957 -0.0867506420414953 -0.159866844496697 -0.21727506620916
-0.13455074538724 0.0442192041937542 -0.129759103405832 -0.0744804348991238
0.00932310665682953 0.122832933483143 -0.0465346316155854 -0.00783613804571782
0.0972697961151816 0.0574741705912231 -0.0517325385712816 -0.103768716393073
0.0807018790289392 -0.0207010382881119 -0.226309747683206 -0.135921235954481
0.0339488591142158 -0.072620536529017 -0.352804536776112 -0.108382767840844
0.0256391183982011 -0.0778773588702555 -0.394270830312525 -0.115659256365743
0.0332957639688778 -0.0518364510226501 -0.397493356818641 -0.174469621112407
0.0763187792034023 -0.0127407194159436 -0.267765931174443 -0.28685761004037
0.0623767989239786 0.0323836393821298 -0.0145417590094504 -0.291003514349075
-0.0202355518487388 0.0693399819626112 0.106935169191333 -0.0378646346083241
-0.0963403134414878 -0.0125965156954843 -0.143085292542495 0.0198891910809297
0.00410886811836291 -0.102821186599197 -0.223992482476077 -0.283525271339947
0.0778695004904226 -0.0507548595429703 0.113525639480238 -0.733975056872588
0.0550481628517745 -0.272251013048767 -0.111710641584235 -0.380783504568965
-0.135462987544085 -0.213400333024597 -0.150812365486652 -0.213009509842951
-0.238284928188648 0.00410190386293088 -0.146135329891588 -0.0524438529752155
-0.0673114053917534 0.187968105696251 -0.0470419862477664 0.0296643010102307
0.103812033673083 0.179086659455999 -0.0126649126892839 -0.0754889667625818
0.174458930326164 0.0835213206213226 -0.174506663909499 -0.143668311096281
0.166879381322006 -0.017247352461166 -0.306148413433836 -0.12774164387761
0.175908214755308 -0.03647452792051 -0.346727552794103 -0.134488027270563
0.187775023003552 0.00985219170071182 -0.340347175518114 -0.189158262318309
0.215829066980626 0.126077335454648 -0.21327048524451 -0.27431418925272
0.0935499003303832 0.232888382249903 0.0154622722223946 -0.240434525411607
-0.141967333303149 0.232060410843509 0.102229196395269 0.00662503093607639
-0.334352941940439 -0.0144400998479231 -0.182271837215058 0.0328920142591929
-0.167842180820819 -0.307028411434219 -0.246841839892572 -0.286835853245008
0.0589522811971244 -0.345652084815129 0.0949380569649631 -0.689584635206309
0.0485406439029063 -0.4432128107378 -0.133169584447319 -0.256636221652146
-0.205936131660703 -0.324131148361984 -0.124081015497118 -0.187706203297188
-0.337991014341103 -0.0307528317520099 -0.149706830542404 -0.0473479950789804
-0.144971172736864 0.249063069591058 -0.0647274115259591 0.0441768698615364
0.100815489868911 0.292552225910806 0.00490839973135622 -0.0330307084535069
0.25162043193196 0.183510589555311 -0.108065160183331 -0.121090121089946
0.280025002190896 0.0411880000678442 -0.215074768749949 -0.121903046225344
0.299632409125566 0.0103788009603639 -0.246661712093104 -0.133646781010091
0.311221153605818 0.0712851194073503 -0.229193842860154 -0.178293548047726
0.327609692199293 0.248321348430169 -0.122546173877693 -0.22910045196227
0.114201330230428 0.407181916922256 0.0541138983395681 -0.164052810007635
-0.2521580253061 0.369962862038699 0.105139416902893 0.0549612252863563
-0.536784198925546 -0.0166069310048266 -0.18466584650785 0.063481532516492
-0.320497314468605 -0.473828895463781 -0.243187498083059 -0.232593942248882
0.0356986557448769 -0.588915432452256 0.0755135682410713 -0.551146314829631
0.0241883091227157 -0.571348571618465 -0.149713545554907 -0.0725498871279849
-0.293281501197903 -0.403344325685375 -0.0626122099988823 -0.127945865882828
-0.439919565606835 -0.0372367790366073 -0.124244101581139 -0.0589315399440946
-0.210292725954273 0.319646830139449 -0.0959580467740109 0.0384189443436239
0.0994636445098871 0.390265325961648 0.00392005037422056 0.027830903196418
0.306954983311133 0.263720158076168 -0.0251860027599724 -0.0635768395177982
0.358529193505375 0.0932993915563441 -0.0912091660438776 -0.0909786042414265
0.375223299847617 0.0553088702538614 -0.107516124261067 -0.112271106139204
0.382977263897184 0.121195588999008 -0.0819156801355748 -0.145070683995489
0.389092902837397 0.331175110636532 -0.00635826987462603 -0.158105842110835
0.124160605080807 0.516215555711287 0.0999525482636971 -0.0679281439353835
-0.319588969929759 0.452545630732288 0.110048839064893 0.104614529572549
-0.652716835905044 -0.0156158143438464 -0.147440097806211 0.10398601102459
-0.416618017358551 -0.563982632468526 -0.201751888277095 -0.125460395377286
0.0144173859253191 -0.727423226183484 0.0568544055357292 -0.336354925078135
-0.0114303209308078 -0.629875648400174 -0.149698310274855 0.159402846439591
-0.370613556298206 -0.433146577373081 0.0430855564826731 -0.0287122479324672
-0.509235529828144 -0.0165778698008087 -0.0677932964116436 -0.0764853770804232
-0.24409477165193 0.372973589481945 -0.130059303186188 0.025789548827196
0.0960870047422098 0.44368809504012 -0.00208220123235269 0.110046148073949
0.329201875719179 0.305767160770764 0.0722796347053522 0.0232632442958333
0.388283640588032 0.129285813964453 0.0554497460203455 -0.0392220611778309
0.393248541922723 0.0914636978264162 0.0476449159148687 -0.0743300746618534
0.391473802231292 0.1534208434985 0.0748569327886405 -0.0960475025693491
0.381359244559819 0.353602851377365 0.114166168866265 -0.0780751453420063
0.1097625605492 0.525521048434335 0.14448432897339 0.0298685165413807
-0.323030937041153 0.435366290328093 0.113094387867676 0.145986081692102
-0.628948983170334 -0.0243831470001805 -0.0822567111898785 0.138221530084349
-0.415889872005766 -0.546966568500376 -0.128535428593314 0.00214966415180445
0.000414139393066174 -0.730162757939559 0.0432014149356675 -0.0902835376685544
-0.0467999247915591 -0.594275115347553 -0.134367918404384 0.405074233395428
-0.389562698160409 -0.387913259718 0.171007420638963 0.0959865688317448
-0.48819986398065 0.00932300206009154 0.00673979548735598 -0.0896728303070583
-0.233118918871417 0.358947102252431 -0.155541863552044 0.0188742766435438
0.0742597712573616 0.419905030901499 -0.00743526365574777 0.202114716979833
0.296317919427983 0.297595107319553 0.173156747968059 0.124367425113844
0.357539773795673 0.144298491377006 0.204024291572431 0.02452890728559
0.351534550934636 0.113801196141002 0.195862994214192 -0.0265307809744976
0.334304092528247 0.163781618146844 0.211883708448554 -0.0410241788110628
0.299041515307579 0.318930132202643 0.207078852516987 -0.00414923717901495
0.0627589671616043 0.429736876173089 0.171061267081233 0.100707511064303
-0.27089480613333 0.309092168490075 0.106030844550352 0.161295801586182
-0.460421422411215 -0.0505410817312146 -0.00935501924688453 0.14886931376952
-0.311850949735053 -0.428266352916019 -0.0497328828772566 0.108081566370275
-0.00596133622621388 -0.598689242201246 0.0381602129983237 0.131227979078938
-0.06876518235191 -0.45663662519473 -0.112868919582375 0.618218132068121
-0.321891343089864 -0.274775160164828 0.280390738025086 0.221277524507667
-0.356651532046435 0.0250932725792858 0.0805407788916261 -0.0872881310501748
-0.174134536314836 0.258270857840974 -0.162191902575516 0.0125455936606763
0.0337907462482975 0.307400734322625 -0.0168798983247418 0.275814065547594
0.205291373517807 0.234332213749461 0.252706343257555 0.22012481951948
0.265203436497998 0.136245972043819 0.328603307030272 0.0907146403491202
0.255730427694157 0.121423499116358 0.313743708427745 0.0254523751197471
0.228716654781728 0.152177623686223 0.307063815854331 0.0156231842123856
0.167284099889332 0.241002723794669 0.253037241119449 0.0536838197727427
-0.006246277463087 0.271462661875857 0.163295809151929 0.130161216381851
-0.187664856553268 0.131949301082567 0.0862199981016889 0.140688536278099
-0.223340977323632 -0.077914004271643 0.0504931852007134 0.131925964816475
-0.153885573399223 -0.248051593250685 0.0104899448456657 0.168857727581148
-0.00816046048274845 -0.375432553813505 0.0384429787116125 0.285592927037491
-0.0754482298462488 -0.236399268882093 -0.0932414342683578 0.756247531771393
-0.187964843820669 -0.109821448350839 0.34574852630543 0.323991077317419
-0.151472459264728 0.0309406873342101 0.142566273397619 -0.0754775535791537
-0.0814776874558909 0.103345017611588 -0.150508767229942 -0.00538646379122689
-0.0137710952767367 0.137729488262258 -0.036965151602122 0.310705907031263
0.0774478714524132 0.131123932447367 0.288903016664217 0.292460869621653
0.128128710856733 0.106727581640742 0.40537797482388 0.147536399040144
0.12234889436822 0.110718547241002 0.38576506588974 0.0725067049701223
0.0972705810848828 0.120498258474543 0.349859069322987 0.0671983409155001
0.0260090902921186 0.139805438293246 0.25133190902825 0.0931229195065789
-0.0678122796184817 0.103978611583569 0.12961414692826 0.124189869579812
-0.0978478288609685 -0.0276207615298068 0.0603658597961897 0.0945287805693791
-0.00414210288847259 -0.0823032588460763 0.0926817400091088 0.098541900915453
-0.0116756962510922 -0.0556996330360261 0.0507211961835625 0.187348028863246
-0.0189242583278404 -0.121550001701222 0.044611520957181 0.363335334606551
0.041551800082143 -0.0799866318681718 -0.119588007963304 -0.444650050893724
-0.0740613881553304 -0.0826973665187094 -0.179643907036053 -0.211310401851107
-0.129989726366396 0.0556313317906472 -0.138440263576934 -0.0645964795687076
0.0185627733941435 0.122130821122154 -0.0447078638318308 -0.000675044334987415
0.102869254533699 0.0494533661640044 -0.0519672776982035 -0.101165475428667
0.0810926297807908 -0.0258958601345784 -0.233385241868904 -0.12256285015847
0.0270434470522069 -0.0753576339955167 -0.362912933833049 -0.0887484604290614
0.019957603064917 -0.080667798687808 -0.410276239260685 -0.095705148277928
0.0317694128394109 -0.0552019248554573 -0.416269606643918 -0.154635520716107
0.07631792398215 -0.0194493710362107 -0.291750761420422 -0.276026782862651
0.0646659991880679 0.0274032060043215 -0.0331670611429038 -0.29758934847908
-0.015178548456607 0.0711187358112594 0.109686717786203 -0.048554639170228
-0.0962158788649305 -0.00609232070664983 -0.137862909954298 0.0281551011318381
-0.00344250923306805 -0.102736898143829 -0.235438837041836 -0.27704223122648
0.0731839663867526 -0.0561851711674951 0.0758538720983143 -0.745175233743122
0.0394717916069151 -0.278415021114449 -0.132793371410929 -0.380963576319894
-0.148326366227557 -0.207583597796139 -0.170063671135693 -0.207240050258626
-0.23890635529983 0.0192993802083178 -0.152299912446539 -0.0416364033760791
-0.0556248041343355 0.193079389890621 -0.0429779062453918 0.037736181961417
0.116995205729847 0.171924392163041 -0.0121124324312066 -0.0753394443057455
0.182233880800905 0.0726738018310705 -0.182792312660133 -0.134276578713615
0.166001064165022 -0.0275459593613387 -0.317000004763666 -0.112122553496521
0.174967302359902 -0.0472680692161806 -0.364018861375595 -0.118601756839408
0.190982889468447 -0.00159879498646498 -0.359837877420945 -0.173720716526142
0.2270088477562 0.11311049372822 -0.235335217861784 -0.267776917059675
0.108036839751064 0.229075138996039 0.00131614788129395 -0.24845481770505
-0.130562564578409 0.243012048290961 0.107322769476466 -0.00417229685736662
-0.338542125412462 0.00267094258877685 -0.178271321224342 0.042881880510975
-0.186684606098555 -0.302298022596534 -0.26084879383046 -0.2785586736323
0.0393016304931967 -0.355096675598498 0.0577724035642791 -0.700636803972446
0.0260992086531278 -0.450249426131029 -0.149481502520786 -0.255496383166517
-0.225832208535122 -0.315993359447433 -0.142964136255537 -0.183978265179659
-0.342466070566236 -0.0121354474901556 -0.154608696740979 -0.0364808101911914
-0.131337372320408 0.259437542437026 -0.0597540115713083 0.0544204189560823
0.121256948892287 0.287340555587633 0.0081452312613721 -0.033828907601887
0.266297616856893 0.16870045328899 -0.114837336832893 -0.116259360920609
0.284681889539956 0.0255608845666403 -0.225336449453054 -0.112341015132402
0.302958790300424 -0.00642577377877267 -0.261725764220062 -0.122616648195303
0.321009563006124 0.053918830385469 -0.246540442849288 -0.169494991245431
0.348224805858085 0.231557389208602 -0.140861605988048 -0.227040391401203
0.138144700034889 0.405980350619509 0.0461685778141016 -0.17323154848914
-0.235030912849049 0.388789216371344 0.111532363159368 0.0444780098866587
-0.545286427409035 0.00925790141344712 -0.180950557307779 0.073316910224186
-0.349358511064738 -0.465654133395794 -0.255764066365221 -0.22128112660209
0.00242223890403564 -0.600064197300167 0.0428355351860813 -0.557433353024261
-0.00338152638737847 -0.580550470295242 -0.155701142404183 -0.0688338848211596
-0.318362110058211 -0.394349159850546 -0.0778254569723338 -0.126355577976227
-0.448913697784771 -0.0146242653136907 -0.129157114606228 -0.0486393467154486
-0.194465483520341 0.335608573888421 -0.091895190427438 0.0509323223779212
0.126723948072512 0.387178632882963 0.0109296248265325 0.0284575491740435
0.328575375167209 0.245926369423654 -0.0291847916512697 -0.0650619286801639
0.368495251165092 0.0737050346937962 -0.0972838284909982 -0.0875272875606303
0.383329545386072 0.0351725463931664 -0.118639169941209 -0.108890445282432
0.396840716260566 0.10180326923782 -0.0952009490056127 -0.144153910228402
0.415244621351153 0.310875020111005 -0.0193509417906881 -0.161965734929648
0.155008700825093 0.515649304432725 0.0985534620671335 -0.0777460837573528
-0.300583921052014 0.476419012781886 0.118916466275034 0.0932167462904531
-0.66323149048561 0.0147867309321017 -0.143666176283443 0.110541258328347
-0.451810543487027 -0.552312214642493 -0.20782247036212 -0.11483224134007
-0.0250494010109206 -0.740146944046983 0.0347153007220404 -0.336539870981733
-0.0407401762820415 -0.636959534188619 -0.144360136317331 0.164536875592014
-0.397274765910684 -0.421287452592567 0.034564936802748 -0.0321074596127195
-0.518981674672871 0.0079391061175246 -0.0727291857922434 -0.0700892605839368
-0.227439689470749 0.392117155853192 -0.127842282410936 0.0413130012784272
0.123960637388313 0.443383226780001 0.00882911345266726 0.11289874309103
0.352731862827545 0.287839200669212 0.0744206642707119 0.0158348662793657
0.400887301367804 0.107421324760753 0.0544157556125587 -0.0435765399607435
0.405131504761663 0.0694766466477372 0.0423582327783026 -0.078821512107984
0.405923222335443 0.133947519594939 0.0668117680172974 -0.103636435226714
0.407966316653928 0.336151835810442 0.106171967002695 -0.0873960573132029
0.140443935452018 0.524993377445857 0.14972027770764 0.0182699272098423
-0.304556117449981 0.457535320554597 0.122671156467593 0.134720419368767
-0.638481695358689 0.00582277814104819 -0.0769696479076133 0.139828517370441
-0.448773188601934 -0.53477320177093 -0.127635310861766 0.0114838654116341
-0.0399071956568659 -0.740792005315129 0.0354431157005046 -0.0868558226103915
-0.0727095155538109 -0.60082116968808 -0.114952920931282 0.413575543421204
-0.414727832188789 -0.376172585031565 0.172063808559239 0.086383147398445
-0.497751527411246 0.0316117930992826 0.00153022341840081 -0.0882608392290937
-0.21846501980566 0.377219887179648 -0.155752060708361 0.0359823984056635
0.101182537800436 0.421786986898559 0.00715936652837866 0.207906808852864
0.318946933716557 0.281975778795771 0.182837731490542 0.111506292059472
0.370754465786077 0.124680464382054 0.209718359176216 0.0129214566557741
0.36379937642219 0.0966152193093269 0.196770046788575 -0.0382009517362932
0.348517239741659 0.148200094852964 0.209557585155745 -0.0548315518675941
0.323590450196292 0.304569433285542 0.205301533787436 -0.0171512639836851
0.0882922723471998 0.431045227598381 0.178536125798059 0.0891454318758945
-0.258601739114897 0.329860420235556 0.116017337676539 0.150606001788746
-0.472098852897887 -0.0303273025098781 -0.00310948169812227 0.145642605886572
-0.335161529683269 -0.4190570615021 -0.042860617040239 0.115148496234066
-0.0376028796467592 -0.607582848749557 0.0422279507877558 0.135495841837343
-0.0873367071773416 -0.458839656349352 -0.0830449563191353 0.627448084099216
-0.338644484371655 -0.262892947101714 0.290863687088187 0.207568451435258
-0.362912318819688 0.0391309569355792 0.0755486309681348 -0.090636889757462
-0.164276523053459 0.272447507072429 -0.164529716885593 0.0286375589975076
0.0515685003241625 0.311734530563575 0.00130775049073941 0.286087203375797
0.223106772017136 0.224827979727626 0.269086003821058 0.204688269349939
0.278634773589148 0.122606536821803 0.340488299592436 0.0723047616951346
0.267089281569209 0.109140395122501 0.321270529699106 0.00804154073250742
0.241789564437793 0.141763723581655 0.309906560155812 -0.00290313702076538
0.185912839044435 0.234814402710762 0.255193680772722 0.0390676902295473
0.00989111774891282 0.275650370534518 0.17149158942089 0.121272786542207
-0.185555446319162 0.145179995016722 0.094187781724841 0.131552079849194
-0.23318139772458 -0.0697604207851619 0.0563160650998484 0.124029655692541
-0.166738791765438 -0.245743903706079 0.0214537166255246 0.172870611130082
-0.0267668863344535 -0.381868761177235 0.051841624695576 0.290808517515346
-0.0840441772330267 -0.236158058114783 -0.0554039782731671 0.767851812329886
-0.19566387241436 -0.103798330021219 0.365092035876294 0.307056051799016
-0.154272091809716 0.034520216404606 0.138272420259047 -0.082367288907451
-0.0787038747385237 0.110996114115358 -0.155090234860713 0.00908720034912057
-0.00739661863929268 0.142766012435756 -0.0178590780854206 0.322652304473026
0.0865894410086261 0.12803920185332 0.311615679891495 0.276696028227728
0.13869418416309 0.100690196737262 0.422328504129912 0.125708041718271
0.132399948234551 0.106136291659841 0.398359472352877 0.0523794513224909
0.106750909426224 0.117399982169202 0.357422353548957 0.0480060202990536
0.036078278966348 0.141898141463972 0.255943344827095 0.0795437450754527
-0.0624678029432754 0.110173945935729 0.13468573890876 0.116669330446586
-0.102990791667726 -0.0207120458702671 0.0647576523237969 0.0862979332740984
-0.0119298927500812 -0.0854605717382895 0.0980390286323584 0.0882700374858187
-0.0124458805074988 -0.0583798496012431 0.063724501541341 0.189226011064605
-0.0220247471521579 -0.123469648156385 0.0638040498195612 0.366337545001582
0.0343393671315453 -0.079593169603654 -0.137238829207919 -0.429923938050177
-0.076071547777448 -0.0762168803292236 -0.190157131252914 -0.195802906301598
-0.120161821693311 0.0624968359291069 -0.140984851605776 -0.051771089061226
0.0256902328893809 0.115708586975008 -0.040566469319585 0.00635040996454101
0.103069278435409 0.0395306639781032 -0.050429931057134 -0.0963987998282205
0.0780154740169956 -0.0304038449837542 -0.230213599074337 -0.105201712419977
0.0206213163538898 -0.0733149715624642 -0.358037897306315 -0.0681273566773351
0.013627024713918 -0.0799599302123716 -0.409222457388304 -0.073607406436545
0.0284833553405916 -0.0565618313552843 -0.416640674759984 -0.129600440804949
0.0725006534099942 -0.0250974279633447 -0.301793093185597 -0.254804472675196
0.0646620129079158 0.0224813473932699 -0.0493774024988815 -0.29147852618388
-0.00961123226381277 0.0693105261675508 0.106353575031349 -0.0565932220476756
-0.0914633524240614 -0.000593612643495281 -0.127591836013918 0.0325942055804702
-0.00960474126458931 -0.0984086623708626 -0.237136851649797 -0.261616858510621
0.0663236079074882 -0.0582467454814054 0.0394182445259961 -0.727310394541669
0.0248649592627661 -0.272452907730176 -0.147493130627098 -0.367778687808384
-0.155627376994129 -0.194751717270405 -0.182190210469124 -0.191839660351767
-0.228226175913689 0.0316937660728771 -0.152244599659146 -0.0301310914843829
-0.0431662949006271 0.188957472961219 -0.0357853372863057 0.0434031954492225
0.123513327976809 0.157666290791154 -0.0105975300546395 -0.0727737842671797
0.181603785249741 0.0599968292296966 -0.182734555327538 -0.120464854833975
0.157628154286451 -0.0343968911348589 -0.313878977922754 -0.0932690093726802
0.166806035053187 -0.0544572495066468 -0.366720635967111 -0.0978988855982508
0.187134692546707 -0.0109821986073589 -0.362837342943399 -0.150827948846775
0.227853166579101 0.0967747472621525 -0.246057015263498 -0.25043054239793
0.11658572716718 0.217398040906316 -0.012022006721814 -0.246147007342831
-0.114909132152061 0.242334818034675 0.106695874199708 -0.0133916548393061
-0.329306521583637 0.0179265226622964 -0.167986918721533 0.0502031012040605
-0.19711723492853 -0.286330194570677 -0.262561236611109 -0.259261819362283
0.0192518557663729 -0.348470851326367 0.023354468196991 -0.678228103632263
0.00438695743595472 -0.4405235570655 -0.157484427211234 -0.244818521601907
-0.236109819509762 -0.295388355030706 -0.155253366921579 -0.172596931909821
-0.333170255519841 0.00515753720348488 -0.15356630371034 -0.024678240426044
-0.113523971550598 0.258545027553637 -0.051230846307323 0.0606024915958964
0.133491142630291 0.271233785146418 0.0113878233757659 -0.0334469074423357
0.269456348840263 0.147552778343993 -0.116826249555281 -0.108376594361081
0.276679395240272 0.00987027521860633 -0.22517736486826 -0.098319652991968
0.293814195896289 -0.0208265254697798 -0.265302228605411 -0.107580347635397
0.31679344381277 0.0373890525257131 -0.253894181058332 -0.153242434718618
0.352714595338321 0.205367358043361 -0.152939394884299 -0.215428674792705
0.155350437243543 0.387633016017533 0.0370925463154967 -0.175723417337963
-0.210932062822799 0.389907280664565 0.112298474675983 0.0322725976795083
-0.531484974829053 0.0326502207909069 -0.171094654674 0.07946681266666
-0.362359351473014 -0.439402313410313 -0.255243713599848 -0.20362511000133
-0.026078004460023 -0.586883673510224 0.0153641325883384 -0.537425007481332
-0.0271444097875689 -0.565897483464014 -0.156601325268972 -0.0635102344351875
-0.330295850784312 -0.36883596867003 -0.0882731577624714 -0.120344984082316
-0.440074025312119 0.00477458906396083 -0.127748751853855 -0.0384471067269118
-0.173550643602479 0.336669423758422 -0.0818751394342554 0.0600484703768818
0.14429630340692 0.369698839814733 0.0171797509154871 0.0277619994841305
0.334755275985769 0.219784597059236 -0.031765159192186 -0.063390677590882
0.361350337660378 0.0529391156620634 -0.099096163767337 -0.0807729607708916
0.375083732695589 0.0162222626552507 -0.124897790641868 -0.101721298681647
0.392130393212572 0.0793785855377691 -0.104418951263062 -0.136629516636471
0.422101792916393 0.279602292289151 -0.0311331721588846 -0.158459659879223
0.176689929742435 0.495499180106113 0.0935240065381599 -0.0855470035439586
-0.269852898745386 0.479981541212844 0.120798369603339 0.0789686405575648
-0.649030873978128 0.0430069848758261 -0.134929365691157 0.113074158575145
-0.464794959497042 -0.520813657929926 -0.204494092289714 -0.0996159607572996
-0.0603578214741548 -0.722696978580186 0.015748930542152 -0.321559534663545
-0.0643054370486318 -0.620104995128978 -0.13496740479445 0.163655788041911
-0.408195859911859 -0.392916948308448 0.0258072084336253 -0.0339279111715593
-0.507600054554172 0.0299468826216908 -0.0745642189926763 -0.0619995258621258
-0.203839886392327 0.393243497052229 -0.118366340710176 0.0534065092726854
0.14481626302032 0.426114505549831 0.0188250715746361 0.111606352812818
0.359369953478609 0.261843160501652 0.0734424387955491 0.00867970022111817
0.394596183744076 0.0849416323877743 0.0517283193836683 -0.0457286935825653
0.398233414426174 0.0496217234304354 0.0355244813213444 -0.0803728122226564
0.403620832958668 0.110992707719975 0.0561211848924248 -0.105253190507458
0.418412924810942 0.30464615204968 0.0952495170798881 -0.0915880248763738
0.16404493822856 0.505276590837468 0.146942637149911 0.0065605146430728
-0.276467230573263 0.462273880868157 0.125359619314671 0.119484527877374
-0.625574661429603 0.0315566920861619 -0.0697746014801314 0.137372621543385
-0.460683130522535 -0.503094024462041 -0.1205104690616 0.0200108063755528
-0.0745445256825599 -0.721653375024577 0.0276283187028406 -0.0787819608094223
-0.0931618968281114 -0.582485025119232 -0.0955864179556217 0.404389864461148
-0.421788790321367 -0.349551263883572 0.165925780817035 0.0752097624792003
-0.487136976029061 0.0505239987780642 -0.00326340228711206 -0.0837022973147827
-0.196467035969854 0.379901652417902 -0.147231905780196 0.0490193442977635
0.119283093106797 0.407749630156501 0.0223648117359624 0.206406885684062
0.32454747852733 0.257024618339252 0.183775625338039 0.0964916273196151
0.368256062312438 0.101752452604744 0.205656176678444 0.000900077353095569
0.360362432961611 0.0776084296937819 0.18948878135316 -0.0471732039283084
0.34874839311119 0.127670845352683 0.198146097696255 -0.0645366044787435
0.33290388980636 0.279429541621596 0.195266720022194 -0.0281239232763781
0.107506230423423 0.415591958931715 0.178637114169047 0.0746625148557553
-0.236986820388513 0.335175905159063 0.118393999808322 0.134580630506561
-0.465414728623503 -0.00929699823547448 0.00152571207064834 0.138552329154829
-0.345027147078907 -0.397027897852689 -0.0334669570801832 0.117389491823621
-0.0632705783608865 -0.591430660366927 0.0453887048302056 0.135281696515964
-0.10237552336497 -0.444271703778037 -0.0532213144929923 0.614043298442855
-0.341739358818125 -0.242370561115757 0.288186135755595 0.186417292088094
-0.35586438720625 0.0518204094173577 0.0678199907187158 -0.0906338773515091
-0.148778316521411 0.275194860820847 -0.158330957936011 0.0425024853322427
0.0656044771269271 0.303168030707308 0.0193077308713932 0.282538141011341
0.229432389742978 0.206569485128884 0.27357871259285 0.182244570270665
0.279829526852628 0.103978245053881 0.336725274800704 0.0526144540516223
0.267681829523634 0.0944228449383797 0.315168888197706 -0.00866355854182349
0.243769477840318 0.127636071027265 0.300442942883926 -0.0181891468984576
0.195056379522083 0.219459173887968 0.246681706416831 0.0251600310808916
0.0236915393666943 0.268727592951003 0.171242785790643 0.106636970988791
-0.174678371387644 0.151731010612446 0.096130782440305 0.117713037313693
-0.234340754148679 -0.0593413742439978 0.0589472080048597 0.114497361016883
-0.171690538350828 -0.23401379997456 0.0321211783017182 0.170163887579327
-0.0416710569903134 -0.3722966665274 0.0627177387378811 0.283857515444169
-0.0896447487875629 -0.227160981158534 -0.0211409352733762 0.750398407611543
-0.194722032740159 -0.0933601986620441 0.366429435006435 0.28100380372246
-0.151619602114698 0.0373277398978976 0.128180513737334 -0.0855170664653311
-0.0731493170400338 0.11315612315763 -0.152417486791306 0.0216193670006426
-0.000331694861410841 0.143238590562013 0.00195796743982757 0.320755071120952
0.0914199546401061 0.121186473644928 0.319258525594542 0.252126469132921
0.14203968534754 0.0901980530884852 0.420517496853615 0.100619467376143
0.136848464810368 0.097008490954399 0.394190994204919 0.0314976987877797
0.110454785166999 0.109970460830471 0.350507615822879 0.0287670596120204
0.0437997484090046 0.137356197025905 0.25042850977564 0.0656125331230936
-0.0545528813010412 0.111977258768234 0.133925623961277 0.105649926046407
-0.103346564938494 -0.012913523944888 0.065467540129095 0.0764528742556618
-0.01881493913572 -0.0853838861614415 0.098366418219515 0.0758000983092186
-0.01249322712976 -0.0593038401900735 0.0740739924587536 0.18334977971691
-0.0250701783684149 -0.120514672213696 0.0788797743929005 0.354633384243558
0.039867822577972 -0.0698311420610628 -0.074668694717116 -0.417932569547649
-0.061321966297233 -0.0808718306291293 -0.161086872419277 -0.209987845623259
-0.117443993996098 0.043124199148961 -0.135095912751318 -0.0652653331805558
0.00832197344917898 0.110773492921592 -0.040291590295544 0.00569746515371498
0.0914353508018207 0.0498270426264932 -0.0355656437142826 -0.0916743720950324
0.0801395027297851 -0.0186960385108469 -0.199702508698291 -0.120565768158207
0.026883189724598 -0.0655143533194703 -0.332159788603251 -0.103703699795936
0.0203683371241704 -0.0747729238663533 -0.385791605610118 -0.119917145945255
0.0350827086270186 -0.0487235228438834 -0.388604797464362 -0.175058493951073
0.0728127057778714 -0.0145706527333714 -0.26459518350073 -0.281616577271347
0.0575883306831072 0.0304094964931653 -0.016263736883873 -0.291870669730684
-0.0185183902125731 0.0655588929349768 0.113477752758568 -0.0487685531096436
-0.0850446218740306 -0.00897694214858815 -0.119141593502202 0.0163247945229595
0.0009807778761458 -0.0906623692518011 -0.193503182679429 -0.279444028374572
0.0656468437381298 -0.0437599961421574 0.125012553190294 -0.701418326243469
0.0563464517645535 -0.251417508339271 -0.0800332522558853 -0.366412042927422
-0.118445950580312 -0.200554845483149 -0.151784919777126 -0.213342569226153
-0.21413582628443 -0.000130535171748018 -0.148741879385184 -0.0531127232687412
-0.0667255235405076 0.169514639952542 -0.0420414728063279 0.0377685561210983
0.0937238295211955 0.164817915275818 -0.00492710773649972 -0.0669567741540024
0.166007445713949 0.079032418569131 -0.15729731393985 -0.125147531237914
0.15342542845522 -0.0117287584187669 -0.289233717244155 -0.121986861948513
0.164729465842278 -0.0307654916617914 -0.341180305812252 -0.139016511147273
0.181406914063624 0.014725578306215 -0.338215213000501 -0.192568970851623
0.205990493537667 0.121014778838092 -0.215160260633692 -0.27729955825253
0.0826865455917656 0.224664633857017 0.0176543361692599 -0.251915659644598
-0.142963781961952 0.218343030985079 0.111383861751002 -0.0122895167944178
-0.316532705410556 -0.0206086993410575 -0.153278222607882 0.0302032655763273
-0.155810503887424 -0.296593863113635 -0.209284295789796 -0.271268521487081
0.0556534362606853 -0.331396301929807 0.112980823151706 -0.643409480688335
0.06139777177382 -0.409940795285683 -0.0935468434768963 -0.260244239330039
-0.178857349254549 -0.306738034575171 -0.127176010986235 -0.197912360362874
-0.309854476312915 -0.0392674719269179 -0.150416202844789 -0.0554736846030961
-0.142831795458428 0.224413834423673 -0.0604309210544288 0.049287588894271
0.0865000618310676 0.272842517245344 0.00615159582867231 -0.0294383135150523
0.235669782359424 0.172893145351228 -0.100464792095098 -0.103748143270491
0.260999118139179 0.0449173177338432 -0.206357685449515 -0.116210621884697
0.284361747450393 0.0174704809610583 -0.243929026275577 -0.137185893491184
0.299361918616545 0.077618615264485 -0.232380482354857 -0.183054543777684
0.312409019040439 0.240679006665331 -0.130358709494813 -0.23820656316277
0.0982494672016243 0.393504389809181 0.0573933006541185 -0.185064676646368
-0.254983978632762 0.348333575461234 0.11345472562115 0.0279261550453764
-0.512886371987736 -0.0328591668744735 -0.155675683122334 0.0600019887752259
-0.294241410583674 -0.465559653446773 -0.201579429918403 -0.207027568692183
0.0405121318096482 -0.569992915349646 0.0930178133856476 -0.497361246131975
0.048605645030175 -0.529971113928166 -0.105702134748173 -0.0959676048144937
-0.256524168676876 -0.387308786558685 -0.0705323949171041 -0.148230768558045
-0.409762754861337 -0.0541047969956161 -0.127137839343124 -0.0706695380885312
-0.210632065665269 0.289319757597564 -0.0915785926842754 0.04306013569744
0.0800236105855549 0.369192856511652 0.000439359236239719 0.0269900878866239
0.286158666896025 0.250825226464218 -0.0284483660890865 -0.0507139143740153
0.336538144798743 0.0946580482985489 -0.0895659566859714 -0.0863393928377423
0.359113625374979 0.0640569565456318 -0.108695498892349 -0.115562565988481
0.366555196622963 0.127967174635528 -0.0915911988551116 -0.150619523552862
0.370196846995337 0.318566070940575 -0.0213215337315561 -0.17154988061143
0.104030348017417 0.498288978242498 0.102307143513556 -0.0957722981491051
-0.323747722419163 0.426085117563347 0.116146743953942 0.0712846607300336
-0.627978490979992 -0.0376467412700499 -0.122502520671231 0.096839177061337
-0.384008192598549 -0.557128639140106 -0.160462036979406 -0.0967358337325407
0.0265596928010676 -0.706708132157652 0.0717056761182938 -0.279028833712486
0.0217432685632444 -0.587111496090976 -0.107866611041988 0.115730813865445
-0.32620894438405 -0.421053014201171 0.0268916261421195 -0.0585484821794355
-0.478687467591441 -0.0433106236681656 -0.076297143345017 -0.0914808393474394
-0.248628018228433 0.338626791891465 -0.12699969191856 0.0309455169283941
0.0715282997756374 0.423553128582567 -0.0089295448251137 0.105908996997355
0.303674394139566 0.292000587323468 0.0608510733470365 0.0303390915905463
0.367227005837786 0.128460251959483 0.0492428966536103 -0.0365633367670662
0.377523092508131 0.0997584665889504 0.0437767036364107 -0.075379239413394
0.371634501286185 0.158966318588608 0.0602608298985549 -0.101603939663741
0.361781518122666 0.342090626522672 0.0929126935344373 -0.0926784508629149
0.0909026153321792 0.503890431578472 0.142825111209566 -0.00016847415004433
-0.32619264674104 0.409128823875371 0.115104013773061 0.111178644999351
-0.607903775020492 -0.0468765993635683 -0.064749587690071 0.127753013897832
-0.381348449015886 -0.54149648485977 -0.094287767210954 0.0298338878769294
0.0139409138601326 -0.710011141024264 0.054931721754925 -0.0418887901733268
-0.00936499572087278 -0.555281990777847 -0.101081674919616 0.344859396952994
-0.344988234883511 -0.383230114974753 0.145336457042342 0.0606086595949178
-0.463831639851935 -0.0208018451291555 -0.00770703513473918 -0.102505269051951
-0.241660790049168 0.328051142522347 -0.154141769998566 0.0246809628520362
0.0497138223025208 0.402729639116454 -0.0167648100949589 0.195267206810046
0.270207297676137 0.284277485121444 0.155767881519094 0.123979200257987
0.339163025677709 0.141121815649842 0.191222377730656 0.0248956538148829
0.339186139468126 0.12087990286766 0.188875096858988 -0.0253034005905896
0.317610578903736 0.167251082604248 0.19382685074561 -0.0447786611749214
0.283371600296682 0.307913238143875 0.182916845689678 -0.0181476754954022
0.0490494899387022 0.411524466304041 0.164648788776096 0.0739058987795882
-0.27301684955004 0.291028771186332 0.104464879022544 0.12957944246955
-0.44750179437169 -0.0674499609232469 -0.00256798453907009 0.13629902483712
-0.281932968961181 -0.42545798658215 -0.026628129136301 0.130078561136379
0.0099045919606546 -0.58308882392228 0.0422480351250067 0.164920248079103
-0.0356266346262063 -0.428802757027331 -0.0938837523957727 0.548473615996995
-0.285247331903388 -0.273997874881632 0.24818352320755 0.185856400138933
-0.341653563808939 -0.00342967877321043 0.0623164519105018 -0.0942742369652397
-0.181751267588685 0.235475949409268 -0.16148883971759 0.0193409072321812
0.0142967659981566 0.297921135929287 -0.0243129014925153 0.267193949710914
0.18472502223113 0.224987087933272 0.2312565037799 0.211751672054835
0.254471991520904 0.131584281978387 0.311366234539512 0.0879144597635357
0.248240695745256 0.124595261284649 0.305174205549358 0.0280079623344439
0.217023309462806 0.152606561882137 0.288278614247747 0.0143878416148367
0.159745265037219 0.232828590275721 0.228554115654629 0.0437950735281384
-0.0115764336238052 0.259228047408145 0.153467926882787 0.110823051150656
-0.18919941680827 0.123823731071226 0.0828108035667447 0.116061047957374
-0.219829318046782 -0.0878748199999894 0.0481549187141218 0.11798079372265
-0.134127728873987 -0.249873958602884 0.0226785756730899 0.182542857079414
0.00577983978977454 -0.368380103816467 0.0361569922239063 0.302207329958732
-0.0518274474082353 -0.223360277170129 -0.0909474973843681 0.686717862064611
-0.16768785501751 -0.114197848183014 0.308806173498363 0.292257757009814
-0.149442582097165 0.0119716017508747 0.122757590271962 -0.0720930679859209
-0.0862190387938841 0.095109588066594 -0.14999026668992 0.00402452093111596
-0.023506816881327 0.136539170250011 -0.0384536451629269 0.302329277360256
0.0656767861265627 0.125485396962 0.270626355219403 0.277219829312672
0.126031385909273 0.101305074460748 0.387758005312619 0.142124041021366
0.121792994710415 0.110651449620985 0.376096077787983 0.0769007134969594
0.0917452345127184 0.117946243340598 0.333347172931478 0.0672093054398927
0.0250862557262643 0.136624586516371 0.230571123664445 0.0875542249012091
-0.0667426248064463 0.0998656673216654 0.117562378729509 0.113029266978145
-0.0999230352083673 -0.0250526167280295 0.0560707087220967 0.0776087548741846
-0.011250360090184 -0.0878799708151425 0.0840977127597226 0.0846420692103081
-0.0022961888913021 -0.063010198921461 0.0539564262637507 0.191615676643273
-0.00607354147984767 -0.124184954085301 0.0378441423746451 0.362319355234796
0.0380625850163812 -0.0673201345226578 -0.0632597288054121 -0.411092618802365
-0.05936013291994 -0.0799251969466654 -0.157518068510863 -0.206859638014111
-0.113443372407773 0.0410865072838918 -0.133838283686865 -0.0620655660954586
0.00802429813154192 0.107254519133299 -0.0365746849168064 0.00823629617122655
0.0887980169909496 0.0486384434304263 -0.0286334827019128 -0.0908604303998286
0.0788094714620709 -0.0185469488441479 -0.188653589444284 -0.120075381179675
0.0260914187844372 -0.0617071589585396 -0.32182039326069 -0.10735434899447
0.019276815654684 -0.0731196554193571 -0.380420084724822 -0.124225726825171
0.0350125439195934 -0.0488043704992191 -0.380828347361976 -0.178400944603705
0.0716054820134725 -0.0144800415435279 -0.257972036618897 -0.280726933803064
0.0559262888861423 0.0296444710058568 -0.0123340131274664 -0.288192736143538
-0.0181604134601191 0.0636579311849424 0.114168755256038 -0.049862297318133
-0.0817697206020351 -0.00985682115792508 -0.111894653034489 0.0119609957939402
0.00150829942219106 -0.0867744207172319 -0.178436317108561 -0.280319070160361
0.0633256985366036 -0.0411003891804722 0.137998237716331 -0.680490309044089
0.0587497630395742 -0.244843207747945 -0.069482429526109 -0.361613162920348
-0.112241069012337 -0.197611102433311 -0.148905523809067 -0.210891136284922
-0.208057299188483 -0.00351892731834044 -0.146845083501514 -0.051859790333052
-0.0662419779647236 0.162660643559773 -0.0383478575623846 0.0395383337937326
0.0892987630649949 0.160597343911708 0.00124048571822309 -0.0661535517801382
0.161224308783081 0.0784874854887498 -0.14883524133048 -0.12452568537927
0.148222481690829 -0.00721765829515579 -0.281202034778832 -0.124468475236185
0.16056022854741 -0.0263324627393334 -0.337216247431314 -0.141953806439265
0.177788011506245 0.017055647343474 -0.331291241902918 -0.194732282568931
0.200778540705698 0.120405899727724 -0.209154919430945 -0.276662864423613
0.0770588620246011 0.220996558682596 0.0202117291299932 -0.250887620958381
-0.14388395986936 0.210432698470915 0.111579185390781 -0.0139333405060133
-0.309386516278192 -0.0276946826371634 -0.146684184498618 0.0261554125132012
-0.147106871625087 -0.293274493490723 -0.194799586846678 -0.270183123093137
0.0598683236001126 -0.323199705212054 0.124590524710113 -0.62071304471608
0.0685811942571409 -0.400709854462387 -0.0857529584650465 -0.257901204470072
-0.169777059611535 -0.302604643169174 -0.125605489230548 -0.19613221806679
-0.300939057269318 -0.0443514945539279 -0.147869666707846 -0.0542660473239096
-0.14305146228025 0.215645105051973 -0.0550281763596868 0.0507075772700159
0.0804498605659581 0.267076965525836 0.0116833724562639 -0.0286039370106045
0.227781980162519 0.171142518021047 -0.0945501570874369 -0.103080625376452
0.253512954509065 0.0496362641990029 -0.200125832672498 -0.117913155992336
0.277523186874783 0.0238297379970837 -0.241039203343155 -0.139279170561672
0.291785475032614 0.081133784423839 -0.228265147376708 -0.184636285724131
0.303501781918579 0.238959134895661 -0.126766843363036 -0.236110850463319
0.0887306488022962 0.386785997543493 0.0596485296676055 -0.185157788412833
-0.256720735247277 0.335554976594578 0.112745805193687 0.0252192810077842
-0.504995351366316 -0.0442179460259516 -0.151159290710458 0.0563010081299229
-0.2789472808127 -0.465143836096561 -0.188259563304924 -0.205635517499216
0.0513963132826993 -0.556822627687616 0.102733477439988 -0.47629396772347
0.0606999685967117 -0.518778357159566 -0.101751389817246 -0.098614544416756
-0.243930181160896 -0.384222652857743 -0.0711253519637751 -0.146899946377254
-0.401020438119993 -0.0623951706005768 -0.124291888756211 -0.0701441658488826
-0.210577570349368 0.27845913643255 -0.0858216367296815 0.0441966351943621
0.0736957712694809 0.361470158864219 0.00597101377781526 0.0275105857462359
0.275468537397428 0.247449730754517 -0.0261486619894765 -0.0504519724600838
0.326174908698487 0.0992883906232511 -0.0859216720212373 -0.0863216631424112
0.350808959098261 0.0710077037899588 -0.107604883714244 -0.115727134437333
0.357375896197565 0.133119626685226 -0.0902911095654006 -0.150396962504081
0.359235637281511 0.317157045669541 -0.0218258813511701 -0.169235195679753
0.0944636227876701 0.488941172707003 0.101486112102031 -0.0964682206384102
-0.325766504261754 0.411458375090859 0.113452968690545 0.0667615800494044
-0.617575928292264 -0.0527072166783787 -0.120776565113538 0.0929069041061435
-0.364140521868633 -0.558338526126291 -0.149434245780439 -0.0941886468447841
0.0401149024825776 -0.69098825446949 0.0760863249336801 -0.264100268703085
0.0376482788773536 -0.575958128867893 -0.109085879565558 0.108060196990793
-0.30908855745832 -0.419548907160902 0.0218684163054848 -0.0574563533065375
-0.470597439765778 -0.0531281148666178 -0.074162724490153 -0.0890215878634938
-0.250100680131755 0.32593556873214 -0.120705792994472 0.0327881987375048
0.0637547511528978 0.415411621409309 -0.00538232398759384 0.105759423079906
0.291230747496139 0.290870571994246 0.0593261670922954 0.0289915510207197
0.355247645449428 0.132881239273308 0.0496976593816644 -0.0353345140555597
0.369702400578643 0.107152386987951 0.0417435114790355 -0.0738289014917148
0.363730422682381 0.162908228281109 0.0579093717446004 -0.0991561394325863
0.350420669569368 0.339363441809383 0.0887931007162446 -0.090187450981216
0.0824850933366405 0.49614058421707 0.139120375525262 -0.00189544662890865
-0.327059165277065 0.39444181582596 0.110399900672044 0.105758559399256
-0.597714086466337 -0.0604800916233176 -0.0665378088888094 0.123870066493923
-0.36041713981936 -0.542795500997498 -0.088137605547448 0.0314630743038051
0.0282659897863665 -0.6956213768593 0.0552303331734379 -0.0323196871855307
0.00871880847114138 -0.545482004802826 -0.10841408492347 0.332670341751899
-0.326636119408759 -0.383495363732389 0.135455636164887 0.0611001138176188
-0.45641179664431 -0.0327155784940249 -0.00707449955346527 -0.099686975267861
-0.242912386463998 0.31470743470273 -0.148769192367553 0.0260561698254881
0.0430423460949594 0.396318780150494 -0.0145994959778884 0.193340110070647
0.260248486174752 0.283122055825468 0.150075415612299 0.121837134785779
0.32930466011545 0.144922913141133 0.187745951382277 0.0268036042772965
0.330652809185038 0.126711265652184 0.184866661998097 -0.0218411032256079
0.309925769277012 0.17043344295653 0.188208996296778 -0.0408952101578269
0.274270934210225 0.304652659389655 0.175115750353037 -0.0145971934279314
0.0430121308402142 0.40259430418252 0.158301783416358 0.0714068476296057
-0.272795682446665 0.280066450859478 0.0989860894456965 0.124562758742318
-0.440688891933277 -0.0782620681093584 -0.00656605060825114 0.13267541723733
-0.265069758237942 -0.425358328589365 -0.0245493638704774 0.13116419168832
0.023248411517017 -0.571812910743461 0.0378370546867805 0.167649729674202
-0.019365999187123 -0.420881291340747 -0.105833559862089 0.533347412033801
-0.271837108191915 -0.275719197112341 0.233028514415423 0.184900955622086
-0.337446182164437 -0.0130781709081446 0.0606832190470344 -0.0907779572152128
-0.183157203486796 0.2275811791791 -0.157796284940261 0.0202490167015726
0.00871191028093632 0.294385656465935 -0.0242646669993803 0.265319656087417
0.17677923764387 0.224000380026932 0.223709059351882 0.20895878001886
0.247352892860885 0.133570424007472 0.305488630713038 0.0903824169812196
0.242971972819671 0.128292892834152 0.300041385660643 0.0327535694871078
0.210926142980074 0.154532653147054 0.280559663941131 0.0182867372328085
0.153498919609654 0.229995066089477 0.21984908509798 0.0471889401556802
-0.0145374312468314 0.25335317582726 0.146405031903963 0.108323803227956
-0.188563303228852 0.118272205045173 0.0771702868882826 0.111020836340424
-0.216661789267546 -0.0922629270110946 0.0435194899543992 0.114934662456146
-0.124666340519251 -0.250515161778753 0.0220874294268657 0.182692206636161
0.0158445855821478 -0.36237322805878 0.0287145561465182 0.300047509473252
-0.0416026988641799 -0.22080714118284 -0.107070770201531 0.668091937072758
-0.160009464684428 -0.115602073389062 0.292509049487765 0.291209708785031
-0.148277616632719 0.0063409808620681 0.119042259674297 -0.0678266909418158
-0.0872247497361344 0.0918498598901817 -0.147955719827842 0.00516887898620399
-0.0260824272321007 0.135374334925896 -0.0402711506497527 0.299977048517731
0.0621881385070404 0.125359158418001 0.260694368230489 0.273783062875563
0.122591334940315 0.100195848634036 0.378715186521911 0.145074949389135
0.119375372560842 0.111339345454826 0.370334117903128 0.0817903707640677
0.0883159590290648 0.11829075836073 0.325364285220639 0.0718850330469183
0.023063710873936 0.134175806520105 0.221353549252687 0.0900583728680919
-0.0669127383117711 0.0978404710330929 0.110035248194667 0.111230058009276
-0.0980708503324031 -0.0253533194553282 0.0512780974362823 0.0731995708671399
-0.0115250827509922 -0.0873316809069004 0.0801059808491247 0.0814060966944251
0.00125911635535064 -0.0644900207799514 0.0520164356116863 0.19148671876675
-0.000498249688683462 -0.123422025903669 0.029305772297587 0.355645992766647
0.0379181424568789 -0.0664586016778067 -0.0502813468025332 -0.420396564410854
-0.0592460523580405 -0.0818818933406367 -0.156760980478326 -0.213444474090077
-0.114222315414335 0.0400514542280984 -0.136592266431115 -0.0628880202899706
0.00621096265450831 0.107801948966332 -0.034678477749983 0.0102160034613188
0.0887758042205385 0.04999659999353 -0.0215425563157444 -0.0932641998680073
0.0809578587528197 -0.018058101376016 -0.183803944403668 -0.125967645883298
0.02688502684528 -0.0606626743849619 -0.323292093710343 -0.117455402024118
0.0193306348043018 -0.0727885856614148 -0.387128718889851 -0.135726139309553
0.0365265964993527 -0.0499760005848017 -0.383798206972551 -0.19158800186638
0.0736050032746891 -0.0146158265813187 -0.256216051583999 -0.2915262785268
0.0561951722223087 0.0305321653131533 -0.00631232556174866 -0.29542467616794
-0.0198533704637527 0.0634963582257942 0.119658787394185 -0.0505937486845675
-0.0816548739552438 -0.0121464607397683 -0.108436634693888 0.00731469174897186
0.00331610189187166 -0.08620186906591 -0.167942434437851 -0.291969569126717
0.0628895713044864 -0.0391946951610761 0.1625317773439 -0.680743657887435
0.0658386606870542 -0.246716642243722 -0.0589224133264522 -0.36996901125333
-0.108674023894602 -0.202728078509634 -0.149095672383291 -0.217444982986365
-0.209316611194955 -0.00920140437467586 -0.149768610208687 -0.054077061195757
-0.0703509000780646 0.161567466886742 -0.0365748202244297 0.0418535872228416
0.0865277119680917 0.162990365870679 0.0077077209304158 -0.0676260786080615
0.162055094378872 0.0820493188369806 -0.144195707426167 -0.129745571694956
0.149316510005719 -0.001863974363718 -0.281579615070837 -0.133816784848007
0.162581307275121 -0.0207973881398042 -0.342201691075978 -0.15276133629307
0.179932751554167 0.0210129892579187 -0.334167005915551 -0.207825160836784
0.201085084666241 0.126037012849961 -0.207896040638652 -0.286362233066534
0.0729325733926951 0.225964145703318 0.0266189340878066 -0.256935259999948
-0.152171420401652 0.209190842940934 0.116587871275174 -0.0151986888089608
-0.313640494747004 -0.0387039977291642 -0.145308389641568 0.0228940324337911
-0.140853036581395 -0.303275298670778 -0.182784966808401 -0.280674735813336
0.0696097722421695 -0.326491759264322 0.146249943702532 -0.619231429099092
0.0815434214572935 -0.404257731085345 -0.0785551962670668 -0.26658655742958
-0.163031600636151 -0.311462101756292 -0.126447917978743 -0.202540239575371
-0.303511522268484 -0.0540150485694611 -0.150061973448234 -0.0567623324826461
-0.149208098145493 0.212770131443356 -0.0533795772621455 0.0523735596088948
0.0755366237632323 0.27138752570172 0.0184365119740469 -0.0288184489373849
0.227079235710643 0.177982168608405 -0.0915350417371604 -0.106789317461962
0.254112139531804 0.0592025951846355 -0.199512268018197 -0.125755522186772
0.28101750717488 0.0341457463489192 -0.245334153014622 -0.148167396189654
0.294793524366932 0.0906559166471563 -0.230116555059 -0.194777156740029
0.303209164856783 0.247662623478189 -0.125626765167038 -0.243949198394389
0.0800217130655468 0.394889968848899 0.0640779008367008 -0.18970551857231
-0.271294194575175 0.33203255667722 0.114960312303743 0.0247960160262229
-0.511999407430864 -0.0625057727904774 -0.151366609577669 0.0540379213172132
-0.269374254774397 -0.482329349061194 -0.177587859831556 -0.211966589645747
0.0690066792529521 -0.56472475362959 0.121766602474376 -0.4707124429872
0.0783714774042792 -0.526248275723452 -0.100039371992129 -0.10558098747949
-0.234590864567634 -0.396219657519944 -0.0730218356831169 -0.151976503086603
-0.405786391067378 -0.0759949700230336 -0.126166897094918 -0.0723293517907353
-0.220982806840707 0.274590147030694 -0.0837863603994107 0.0454008730561364
0.0663413095900998 0.36825926366781 0.0120358271240075 0.0281119158483892
0.274528426936949 0.257869999004598 -0.02390005224542 -0.0528486747651742
0.327672435031031 0.110941664929071 -0.0843703883514492 -0.0904128207225242
0.354110430973523 0.0841517458659418 -0.110006128131409 -0.11994457800407
0.360381921259468 0.145220193413784 -0.0905800085700622 -0.155926886795314
0.35850930106777 0.330092513561623 -0.0213951479799519 -0.173705132985821
0.0849552434156148 0.500151919757594 0.10402505536701 -0.100428529826869
-0.342434381736331 0.40664072095223 0.113660640865572 0.0661764593913086
-0.628662032461436 -0.0738599018303542 -0.123302975892783 0.0924498354020006
-0.351496467381551 -0.579995335393369 -0.142209220716262 -0.0971632755100055
0.0630784496834285 -0.701322444072561 0.0887745813443251 -0.258108660484761
0.0595544769161957 -0.585113925188892 -0.115036620066218 0.103796072994973
-0.29913176176523 -0.434721457778131 0.0187295279481195 -0.0586733821984948
-0.477980995668517 -0.070515349979022 -0.0738727987776596 -0.091118294282248
-0.263539526105349 0.321644968712958 -0.119102685576942 0.0332021303474007
0.0536125564493355 0.423900467110756 -0.00202021906964307 0.10822206346465
0.287624861533878 0.302059438795424 0.0601739263976007 0.0292489248876168
0.357149473572394 0.145555490309038 0.0519614928130196 -0.0354968987677773
0.373094416123686 0.120590261725745 0.0421799243123597 -0.0737989615561283
0.364855085377865 0.177704429881866 0.0587630839006326 -0.100240905836347
0.349420864914068 0.352089755128923 0.0881859955199292 -0.0899490337570938
0.0711900053467954 0.50575843035904 0.139719859818893 -0.00262020735996817
-0.346650041585028 0.39045922116991 0.108946375098624 0.105498228748215
-0.608192004315444 -0.0810140442019142 -0.0702788341506405 0.124875018428587
-0.349169297185659 -0.567021952206391 -0.083708419124452 0.0332591501103158
0.0522360627155547 -0.70547941701488 0.0581196342619701 -0.0236609773091765
0.0299351285922773 -0.555893006229558 -0.122639563856999 0.332678921785632
-0.317896793904011 -0.401199199701973 0.130772148997017 0.0647134444415853
-0.465226474462291 -0.0498372495781723 -0.00625786089022148 -0.100842826163203
-0.257393873157738 0.312885166894395 -0.148243197011506 0.0261088648405209
0.0330663723613384 0.405637337092429 -0.0140383884400837 0.19859271411791
0.255151129940735 0.294813253186338 0.148927852242634 0.126201879380061
0.331063080275128 0.15627856760574 0.190882359592638 0.0320810510345353
0.334578349636311 0.139271140604229 0.188020709397161 -0.0172776496271794
0.309825893938403 0.183378110747077 0.189899067035614 -0.0363517052670971
0.272066853006177 0.314384532676357 0.174365135876238 -0.0105088344222459
0.033844425706703 0.409840174435403 0.156683075902037 0.0734184035846808
-0.285862956317852 0.276773846632647 0.0954140073399104 0.124146297077083
-0.447300348202798 -0.09362564706034 -0.0105583031614957 0.134510177253593
-0.255848735003175 -0.444326640031068 -0.0225580841016538 0.136355596670021
0.0425711826014184 -0.579557455023979 0.0341226401877556 0.176412885727813
-0.00301380464526578 -0.430246318906471 -0.127049962783014 0.535280846433452
-0.264461790236609 -0.287680648842639 0.22670362963006 0.194238877436765
-0.343612383122689 -0.0268082807363764 0.0622045983613147 -0.0897963348808666
-0.193931822794731 0.224022305222656 -0.159075915397802 0.0205612927422749
0.000256857695871558 0.300484029633209 -0.0277933113956859 0.272193491172907
0.173330110477388 0.233458873820127 0.220764054927022 0.21707895023076
0.247408118604289 0.142338123309649 0.30891061282296 0.0996157996472992
0.245841132202171 0.139433968574775 0.304844103166489 0.0413954617214905
0.210402225118354 0.164389741621971 0.283268125442787 0.0269696156844196
0.150246449177884 0.236786522163796 0.217818186473934 0.0529621221833745
-0.020520090748478 0.257836525331274 0.143476771916314 0.11117362326375
-0.194307438096873 0.115601095198397 0.0734795898621481 0.110496897248235
-0.219926362898524 -0.101575452672809 0.0398780654355922 0.116139640854046
-0.11727438154451 -0.261408799199815 0.0215844786241108 0.189559194743864
0.0287854892368322 -0.367396519200014 0.0202723135565013 0.307672310743902
-0.0324830986882673 -0.227013465716031 -0.130747838843743 0.674372307430496
-0.156374127086081 -0.122887874294251 0.28267056896227 0.302202541154618
-0.151689596716742 -0.000331022036527308 0.120337680659762 -0.0651989950357264
-0.0930203040291462 0.0898600134361232 -0.151417235380568 0.00523540747547975
-0.0298921832405852 0.139249051705177 -0.0463081735601005 0.307565964582296
0.0591420626995879 0.130253244766489 0.257536870184729 0.28388611898323
0.122283728205797 0.104809508577055 0.383561169648323 0.15768041440216
0.119931776692691 0.11674219240277 0.37640126990161 0.0931919531218625
0.0871595177582385 0.123577835951423 0.327875868924651 0.0827195156895387
0.0203563484204154 0.137208605743225 0.218840928417524 0.0973842593999519
-0.0693718188889821 0.097823559087271 0.105451447404827 0.114354338320564
-0.0990659559225709 -0.0273736595375156 0.0482416250797387 0.0720863643049171
-0.0110934884786585 -0.0900213973721928 0.0775743770485821 0.0826287423455031
0.00442798309529665 -0.0685672841701707 0.051192402076064 0.197342041460729
0.00552967777257756 -0.126765165134172 0.0187017981860181 0.361510484843568
